number,value,datetime_start,datetime_complete,duration,params_alpha-eval,params_alpha-train,params_batch-size,params_eps-eval,params_eps-train,params_lambda-actions-eval,params_lambda-actions-train,params_lambda-frames-eval,params_lambda-frames-train,params_learning-rate,params_n-epochs,params_n-frames,params_radius-gw,params_rho,params_std-feats,params_ub-actions,params_ub-frames,params_weight-decay,state
1365,0.44051027297973633,2025-04-12 01:00:48.784760,2025-04-12 01:02:31.881927,0 days 00:01:43.097167,0.061181580208854794,0.4557580815417837,2,0.153412843356727,0.037883742060646375,0.08806840337191321,0.005748474662956748,0.07620796959187093,0.02975131335109047,0.014217757562821589,26,32,0.08329984577016745,0.15970694136939106,True,False,False,2.0101896016904596e-05,COMPLETE
1366,0.493517816066742,2025-04-12 01:02:32.322002,2025-04-12 01:04:15.503658,0 days 00:01:43.181656,0.030848134281265684,0.18373758550799307,2,0.13190773354235033,0.019294369605374305,0.09383583176683397,0.0927752228655921,0.0725496802848497,0.0390702277913136,0.019778260088490214,26,37,0.08998615730026131,0.17896872926261503,True,False,False,2.774116576414096e-05,COMPLETE
1367,0.3720252692699433,2025-04-12 01:04:15.970006,2025-04-12 01:06:00.220397,0 days 00:01:44.250391,0.06772913902702793,0.12806102506915545,2,0.1383393290578258,0.026373136364398406,0.08951316685826913,0.007481196613011436,0.06999737884800494,0.03634009282804808,0.016218076290871835,26,34,0.0877301004261053,0.16937944987382925,True,False,False,3.587322531848476e-05,COMPLETE
1368,0.32423081398010256,2025-04-12 01:06:00.668882,2025-04-12 01:07:33.162272,0 days 00:01:32.493390,0.04507811515784796,0.06886199327903708,2,0.12033286911327895,0.045154903097143,0.0882149547436163,0.010183297719900439,0.07482836438033497,0.03219800397057654,0.010619630610579526,27,37,0.07964038152545437,0.15323531936767334,True,False,True,2.310394175524869e-05,COMPLETE
1369,0.4949408531188965,2025-04-12 01:07:33.617199,2025-04-12 01:09:22.807414,0 days 00:01:49.190215,0.01611207521413774,0.17218524325135184,2,0.14842125145612892,0.03281255954852043,0.09263454731185541,0.004769319693108814,0.07598649085581621,0.040783422245149095,0.019806848771011094,28,32,0.08521402404377429,0.18434108491128304,True,False,False,1.7290986047973757e-05,COMPLETE
1370,0.48118957281112673,2025-04-12 01:09:23.260007,2025-04-12 01:11:05.824507,0 days 00:01:42.564500,0.0791922749766516,0.1511845387006399,2,0.1514565924664821,0.0398937678403514,0.09066767312725837,0.010856323437596436,0.07694644162472458,0.03684046806262955,0.013367050090936337,26,37,0.092595136674265,0.17091634708112521,True,False,False,2.977251791511298e-05,COMPLETE
1371,0.48888347148895267,2025-04-12 01:11:06.268948,2025-04-12 01:12:52.779874,0 days 00:01:46.510926,0.06373741412414478,0.1804231985557171,2,0.14586513096802356,0.04572918665570054,0.0874643951773759,0.0064006620337510815,0.07239244586185882,0.03490795517917688,0.016099141433228686,27,30,0.0866614478613843,0.14773556592655215,True,False,False,2.026530096120951e-05,COMPLETE
1372,0.37816784381866453,2025-04-12 01:12:53.224557,2025-04-12 01:14:35.373796,0 days 00:01:42.149239,0.9364130738509058,0.09189949116211284,2,0.15231011761977992,0.04601891004383217,0.08758548812868924,0.00914989859274793,0.07738114404126127,0.03869379491016868,0.018700489268182515,26,38,0.08893297180594593,0.02215253756125038,True,False,False,5.643539671385854e-06,COMPLETE
1373,0.3785879611968994,2025-04-12 01:14:35.844325,2025-04-12 01:16:21.447513,0 days 00:01:45.603188,0.02847087147414333,0.19595320730099347,2,0.13758139410500209,0.03731123788497406,0.0915250285324395,0.07021170025102388,0.07483274022787184,0.0328768251956056,0.020423504494065596,27,34,0.0831824962525712,0.1789597585091368,True,False,False,1.667691238302422e-06,COMPLETE
1374,0.433487468957901,2025-04-12 01:16:21.897705,2025-04-12 01:18:06.943735,0 days 00:01:45.046030,0.053939098883034456,0.12592433405596667,2,0.12587498982910306,0.028825000270720345,0.09414650670198012,0.0035688112961150343,0.07667732575872016,0.03067321927685675,0.021395835778698025,27,27,0.09123872200741281,0.16060923311835607,True,False,False,3.672402885076776e-05,COMPLETE
1375,0.46006480455398563,2025-04-12 01:18:07.392413,2025-04-12 01:19:50.761164,0 days 00:01:43.368751,0.0790942563004751,0.15106908381799347,2,0.15827490787172782,0.013827292209011997,0.08604854510200283,0.011411531675292769,0.0776202473055591,0.03631075657377986,0.01234188733941419,26,36,0.08438459181366545,0.17353600297721927,True,False,False,2.4476607587665704e-05,COMPLETE
1376,0.3973471760749817,2025-04-12 01:19:51.211707,2025-04-12 01:21:44.373288,0 days 00:01:53.161581,0.01552861214422862,0.17939451444007531,2,0.15516676934395518,0.04535379569057823,0.08680910864802961,0.006841813464729191,0.07416369698413915,0.03455286609888484,3.710694373697913e-05,28,22,0.08794665656289719,0.18279571869340897,True,False,False,9.653332424637319e-06,COMPLETE
1377,0.09307204186916351,2025-04-12 01:21:44.821473,2025-04-12 01:23:13.898524,0 days 00:01:29.077051,0.06872809119935083,0.16667648580052635,2,0.14951003533901572,0.03739887958728086,0.08919178279983163,0.008535207779790454,0.07554492945596336,0.027494796837989048,0.016420410314918206,26,38,0.08125925825353583,0.1647755141866291,True,True,False,1.38515595715942e-05,COMPLETE
1378,0.4748153328895569,2025-04-12 01:23:14.345855,2025-04-12 01:25:03.606397,0 days 00:01:49.260542,0.01025584415814801,0.10808570871268881,2,0.15255524271719337,0.04784221860953411,0.08946819528839987,0.011558252642430263,0.07094048868921546,0.03912302342496025,0.0206814890807505,28,32,0.09667459460261514,0.18599356452791008,True,False,False,1.9170567647114576e-05,COMPLETE
1379,0.428083223104477,2025-04-12 01:25:04.076217,2025-04-12 01:26:50.483552,0 days 00:01:46.407335,0.04325999078914372,0.3760213204648396,2,0.1434570400330937,0.04119992853666803,0.09412864050510715,0.009247507084720158,0.07846025899593896,0.040998155726836044,0.009929056497885539,27,39,0.08640683775774945,0.23351162749091064,True,False,False,2.3697010877997674e-05,COMPLETE
1380,0.41343778967857364,2025-04-12 01:26:50.936172,2025-04-12 01:27:29.597466,0 days 00:00:38.661294,0.08028321004761041,0.19549803847103256,8,0.16406247266910268,0.0331638896133554,0.09122026795255592,0.011882976070607962,0.07322949415839869,0.033481042581044916,0.01696899620290059,27,35,0.09011778222635772,0.17864619891131878,False,False,False,2.9562161504673404e-05,COMPLETE
1381,0.43997837305068976,2025-04-12 01:27:30.046242,2025-04-12 01:29:13.676067,0 days 00:01:43.629825,0.09134612009959196,0.1421241296209052,2,0.10963687923223457,0.04687274789687902,0.0855187286768875,0.005890873272669667,0.07780825193230818,0.04344369583910555,0.014343464104528763,26,38,0.0941889721349095,0.1692460068769158,True,False,False,1.5684283329125868e-07,COMPLETE
1382,0.4814462661743164,2025-04-12 01:29:14.130461,2025-04-12 01:31:00.010172,0 days 00:01:45.879711,0.06038622981961766,0.19352962055002282,2,0.16076454868201712,0.022727950806862296,0.09053544993467694,0.012847188470250116,0.07544360797247088,0.028979308103126614,0.022688964262175662,27,29,0.08341321918353148,0.18512913558129868,True,False,False,1.6298277530261998e-05,COMPLETE
1383,0.48542883396148684,2025-04-12 01:31:00.459819,2025-04-12 01:32:44.490893,0 days 00:01:44.031074,0.03501990049633849,0.15916399244640472,2,0.1355632126597511,0.04173113163206335,0.0877205992028198,0.0031731992640960834,0.06986642795777251,0.04492356946676643,0.011209536428766907,26,34,0.08587533844142553,0.17872668959404323,True,False,False,7.210615189792437e-06,COMPLETE
1384,0.4961274266242981,2025-04-12 01:32:44.940251,2025-04-12 01:34:36.942233,0 days 00:01:52.001982,0.07256917997122131,0.17601039616770142,2,0.15764751846561165,0.028695664792332785,0.09513718377145014,0.009666414942253074,0.07762984218103429,0.04261498560097317,0.017859506859074822,29,39,0.08875851689159496,0.15502607278087582,True,False,False,3.506849574049806e-05,COMPLETE
1385,0.4470490396022797,2025-04-12 01:34:37.411809,2025-04-12 01:36:26.471974,0 days 00:01:49.060165,0.10035430217547389,0.11871268859899682,2,0.14343031028392061,0.035659054980348166,0.08586936473649712,0.007555194419208158,0.07299875236064286,0.03678730557774986,0.022049813016292052,28,31,0.09060831908555875,0.17272759158251771,True,False,False,1.1955180136627475e-05,COMPLETE
1386,0.3199524641036987,2025-04-12 01:36:26.921891,2025-04-12 01:38:16.931425,0 days 00:01:50.009534,0.04882086785459043,0.20175566995489325,2,0.1516662378836595,0.0482419183809921,0.08944381624055499,0.011150835678669693,0.07808623526649736,0.031931421810520166,0.014036537940932483,27,103,0.07905655993246279,0.16395725650186257,True,False,False,2.7249595374172092e-05,COMPLETE
1387,0.35456674695014956,2025-04-12 01:38:17.385567,2025-04-12 01:39:47.699058,0 days 00:01:30.313491,0.10457085242976262,0.1347767312991998,2,0.10295665424454994,0.039566104489097524,0.09234301805778379,0.012262407185910746,0.07663486544640913,0.0351413422453725,0.021358420725768504,26,35,0.08192811140347113,0.18675742282336663,True,False,True,1.88516221284005e-05,COMPLETE
1388,0.4678528189659119,2025-04-12 01:39:48.153879,2025-04-12 01:41:38.203397,0 days 00:01:50.049518,0.07987196266429186,0.1621248968252693,2,0.12524564303701452,0.0478957834717216,0.08614354689068474,0.0053569367416335814,0.07821363222961843,0.03771229225915905,0.017528831261045406,28,40,0.08737982784783394,0.17523815889208558,True,False,False,1.4701319179926388e-05,COMPLETE
1389,0.40680516958236695,2025-04-12 01:41:38.652706,2025-04-12 01:43:22.465402,0 days 00:01:43.812696,0.05465521152358932,0.1785684382944082,2,0.15849137957917697,0.04266397893039844,0.09168002437441897,0.009816011247606383,0.07233274977047584,0.030952071532852038,0.001939077532724267,26,25,0.07431323970279093,0.2379411130610562,True,False,False,3.842991176237399e-05,COMPLETE
1390,0.4202799558639526,2025-04-12 01:43:22.937640,2025-04-12 01:45:05.651644,0 days 00:01:42.714004,0.8214938032267897,0.5874807752611106,2,0.16111581843907602,0.03313473916888503,0.08779877862787941,0.013230451716938154,0.07505603803827429,0.03617279454223159,0.013419647344304297,26,36,0.04417112206920562,0.1820477732065467,True,False,False,2.333562122710617e-05,COMPLETE
1391,0.4313528716564179,2025-04-12 01:45:06.109183,2025-04-12 01:46:53.128286,0 days 00:01:47.019103,0.10752005897131249,0.1983824087123287,2,0.16802669725066285,0.04785150381347333,0.09383689834397393,0.00872987124627205,0.07537801454582649,0.027597050066469894,0.001199718547776079,27,30,0.08544703072094939,0.1682547034839016,True,False,False,9.645641670265294e-06,COMPLETE
1392,0.48209499120712285,2025-04-12 01:46:53.584069,2025-04-12 01:48:43.898495,0 days 00:01:50.314426,0.03182042184851147,0.14830975562129237,2,0.15121110840026242,0.039432312169466584,0.09584181628387865,0.00693314572819553,0.07887249596593227,0.0414215318406054,0.021047490947667977,28,40,0.09241752038782353,0.1637896406176138,True,False,False,4.9707394563038626e-06,COMPLETE
1393,0.3514171361923218,2025-04-12 01:48:44.352550,2025-04-12 01:50:27.353596,0 days 00:01:43.001046,0.08744086707556024,0.20304008142061353,2,0.1625230916672114,0.2824071228221211,0.09062639284829273,0.013488023926984116,0.007449164232504718,0.034548669114348604,0.0159997475576291,26,38,0.0845083505156127,0.15889576093944432,True,False,False,2.9658516022198848e-05,COMPLETE
1394,0.4326584100723267,2025-04-12 01:50:27.804849,2025-04-12 01:52:14.030278,0 days 00:01:46.225429,0.11666734374253154,0.16857938145427537,2,0.11835452396020524,0.05007709168665837,0.08539256385289967,0.01202967567319451,0.06939815495876109,0.04601111601353607,0.021915674576571856,27,34,0.07097252514717521,0.18612037542499404,True,False,False,1.7987300377278158e-05,COMPLETE
1395,0.47396866083145145,2025-04-12 01:52:14.481187,2025-04-12 01:53:53.907330,0 days 00:01:39.426143,0.06947577924659569,0.12184135867703197,2,0.16821935813363903,0.029585799422415293,0.08706332806121665,0.0024259049835065345,0.07657951545463255,0.03283075632170692,0.017606128964180505,25,40,0.08842009929615928,0.17570807697379873,True,False,False,2.2430836032313376e-05,COMPLETE
1396,0.09307204186916351,2025-04-12 01:53:54.383469,2025-04-12 01:55:25.958143,0 days 00:01:31.574674,0.10113051022037405,0.18414582110442435,2,0.1568717891804463,0.042443819159655685,0.08852455865876836,0.010584238117129675,0.07910938382251868,0.029973498468708254,0.01473123460543844,27,32,0.09568302747585944,0.17844651204361114,True,True,False,3.9206416359476e-05,COMPLETE
1397,0.36462700366973877,2025-04-12 01:55:26.414774,2025-04-12 01:57:10.382903,0 days 00:01:43.968129,0.08706872946278912,0.15376999190242172,2,0.13152030676701254,0.2162268155355914,0.09313661697862553,0.014945978921877939,0.07321751141257668,0.034826196595823145,0.011164793469731102,26,67,0.08316415270670514,0.228908592598382,True,False,False,1.1913759328258847e-05,COMPLETE
1398,0.47436844110488896,2025-04-12 01:57:10.843608,2025-04-12 01:58:51.574675,0 days 00:01:40.731067,0.1296405852492933,0.20747472717463553,2,0.14750732602431038,0.03452189648563378,0.08958465411393973,0.005232178658115363,0.07910603378317109,0.03757153984870602,0.021988908083768247,25,36,0.0901802795223489,0.248590929723648,True,False,False,1.5605512354873165e-05,COMPLETE
1399,0.2682863771915436,2025-04-12 01:58:52.032842,2025-04-12 02:00:42.121407,0 days 00:01:50.088565,0.04504296734336921,0.13723497812378455,2,0.16350759508261833,0.024908179919134313,0.08527092377455842,0.008312454080377651,0.07432726664621372,0.03320824265878583,0.022626915822847826,28,41,0.08743548388544904,0.14769031320653653,False,False,False,7.963924878775623e-06,COMPLETE
1400,0.45666338801383977,2025-04-12 02:00:42.578161,2025-04-12 02:02:23.609134,0 days 00:01:41.030973,0.012932977875381557,0.18405941629442435,2,0.1693213214908722,0.04989348824203513,0.09083262755702932,0.01415867264911632,0.07673047750711251,0.02917610350493386,0.000539252944077562,25,37,0.08088640445602957,0.1707114131218028,True,False,False,2.9195613849907558e-05,COMPLETE
1401,0.4600144982337952,2025-04-12 02:02:24.084141,2025-04-12 02:03:02.337158,0 days 00:00:38.253017,0.0636848612362737,0.05773905171273258,8,0.11250822312603909,0.044791425708822115,0.09497205858057191,0.01747169958481712,0.0719905588827407,0.03794467324531692,0.017649191813534262,26,33,0.08612242072924413,0.1541094259076271,True,False,False,3.7224475372368336e-05,COMPLETE
1402,0.42841187119483953,2025-04-12 02:03:02.793607,2025-04-12 02:04:43.318403,0 days 00:01:40.524796,0.1377026674833436,0.5126474147126548,2,0.13852825496630075,0.018824701095206547,0.08483050078300446,0.011165913225029288,0.07603140631080654,0.039118044843870145,0.01470682131709244,25,41,0.08881518254681427,0.18258382345347446,True,False,False,2.035306115834525e-05,COMPLETE
1403,0.35491658449172975,2025-04-12 02:04:43.777205,2025-04-12 02:06:38.570823,0 days 00:01:54.793618,0.10715134872713135,0.21627400141838074,2,0.15662187625137147,0.24365162557588133,0.08729356373531733,0.043789079699154965,0.07910750047493889,0.035906543183758494,0.0008467255267487254,29,27,0.09185594467599012,0.18818258542766836,True,False,False,2.5568269013383502e-05,COMPLETE
1404,0.4615124583244324,2025-04-12 02:06:39.029025,2025-04-12 02:08:25.758219,0 days 00:01:46.729194,0.08300615527647272,0.08388311280702171,2,0.1684136725361935,0.038326644645119104,0.0917576263142727,0.013095159907177122,0.07703544925346087,0.030920560416098114,0.019016149924840447,27,38,0.08366933502155337,0.16874846450519415,True,False,False,1.3961268128180344e-05,COMPLETE
1405,0.32848777174949645,2025-04-12 02:08:26.218401,2025-04-12 02:09:54.687127,0 days 00:01:28.468726,0.14582564964552383,0.1555958516146193,2,0.1647032686143197,0.04903619566055784,0.08872328619797652,0.019001841727726402,0.07459837718554609,0.025627773436491662,0.022860766090767187,26,35,0.0861735064693725,0.16092086568678615,True,False,True,2.00829269289921e-05,COMPLETE
1406,0.47665386199951176,2025-04-12 02:09:55.143896,2025-04-12 02:11:34.925710,0 days 00:01:39.781814,0.030201763868339594,0.18729564104094953,2,0.1428255706973198,0.011417147221577852,0.08430899552156482,0.016104484382616323,0.07976828045137471,0.04252725974920417,0.011777907796843939,25,30,0.09394957244176946,0.17624928673517853,True,False,False,3.143417876116575e-05,COMPLETE
1407,0.46575635075569155,2025-04-12 02:11:35.402636,2025-04-12 02:13:24.859710,0 days 00:01:49.457074,0.1212852410550185,0.10931153027057194,2,0.1718123879447461,0.04325814768171178,0.09620091086387483,0.00815840624878963,0.04786056657112052,0.033619310610626896,0.023004259479342093,28,42,0.08198643458281708,0.18797606919776538,True,False,False,1.0694718748885017e-05,COMPLETE
1408,0.4195503830909729,2025-04-12 02:13:25.321216,2025-04-12 02:15:08.442451,0 days 00:01:43.121235,0.01077324988229738,0.16735259515893885,2,0.1524094375309577,0.05156330748951058,0.08638327349912543,0.010412653780068778,0.0783774634063113,0.0394812288441128,0.017582497335864002,26,39,0.0894145813038329,0.1818840169886512,True,False,False,2.56662815770602e-05,COMPLETE
1409,0.4578465104103089,2025-04-12 02:15:08.898882,2025-04-12 02:16:55.874812,0 days 00:01:46.975930,0.05123799624042402,0.13333210663004477,2,0.0615390359018082,0.034436843098170015,0.09297490304624485,0.01455308652487218,0.08060596337880845,0.03551711972695912,0.024052816164198392,27,36,0.08484909243541097,0.08407101338194232,True,False,False,2.7707070542030194e-06,COMPLETE
1410,0.4856133103370667,2025-04-12 02:16:56.333973,2025-04-12 02:18:36.257157,0 days 00:01:39.923184,0.0943919504401024,0.21743161057989518,2,0.1625259170834617,0.041341484570884934,0.08926458294352829,0.004358724775560894,0.07152104778884164,0.0376760160477829,0.014616130690848819,25,32,0.08747541512794985,0.17050319179291876,True,False,False,3.9439890306429586e-05,COMPLETE
1411,0.4639909327030182,2025-04-12 02:18:36.714156,2025-04-12 02:20:20.458700,0 days 00:01:43.744544,0.06621762551128549,0.20002235409401767,2,0.17251638136942637,0.02838330799373853,0.03197358516452892,0.01725031488152346,0.07534670056928605,0.03202445104152492,0.008979008139056928,26,42,0.09178326863389073,0.24126805099387957,True,False,False,1.5904044878025347e-05,COMPLETE
1412,0.5053297758102417,2025-04-12 02:20:20.938346,2025-04-12 02:22:01.596817,0 days 00:01:40.658471,0.11378094510527877,0.1661235179887488,2,0.15781351987659875,0.05034515578261613,0.08410398355920112,0.03817502202906306,0.07368580265696588,0.03318228354744504,0.024542968225648398,25,38,0.07939140930853143,0.16533968778490213,True,False,False,1.9307258825711497e-05,COMPLETE
1413,0.4844441175460816,2025-04-12 02:22:02.056258,2025-04-12 02:23:43.448190,0 days 00:01:41.391932,0.10845019310220659,0.13301089572908514,2,0.1533758387759189,0.05405033656902194,0.08346875112868517,0.0064434227848540115,0.07008190192826341,0.03199932218719374,0.018196737171671022,25,33,0.07659934147360475,0.15688243463683496,True,False,False,1.8376749176984028e-05,COMPLETE
1414,0.3017238140106201,2025-04-12 02:23:43.910284,2025-04-12 02:25:23.450810,0 days 00:01:39.540526,0.11757763250461464,0.10084684022577661,2,0.15738705746220505,0.052415677584773494,0.08454757418963853,0.008695345346497888,0.07401340552769675,0.03339440438803335,0.020314969528672996,25,43,0.07830640336732697,0.16088407548905637,True,False,False,7.553711513884914e-07,COMPLETE
1415,0.26229445934295653,2025-04-12 02:25:23.908109,2025-04-12 02:26:51.505861,0 days 00:01:27.597752,0.09249334586800989,0.14737358993000405,2,0.15228872098876622,0.1689711793219253,0.08321037976882745,0.011967808452926488,0.07432144722533027,0.035529786160020754,0.019172869114202542,25,62,0.0790956855624249,0.16468012347645916,True,True,False,2.3125054348726613e-05,COMPLETE
1416,0.49799331426620486,2025-04-12 02:26:51.965397,2025-04-12 02:28:32.587046,0 days 00:01:40.621649,0.11480564306459554,0.12002738153965625,2,0.15553615894519301,0.05195057976826153,0.08634051245414381,0.010369778477946364,0.07303416943202007,0.02873765184774585,0.022704140658628334,25,39,0.07657132682628764,0.15270743540141454,True,False,False,1.655288182076735e-05,COMPLETE
1417,0.44826212525367737,2025-04-12 02:28:33.066262,2025-04-12 02:30:13.195943,0 days 00:01:40.129681,0.07866315048815972,0.15969812311586107,2,0.14665688790223405,0.04860525557136339,0.08406483876708679,0.045912809330905004,0.07137651239352998,0.03083345106699726,0.016971014348569066,25,29,0.07963742925957781,0.16283325412194788,True,False,False,1.9930202992049308e-05,COMPLETE
1418,0.4091080725193024,2025-04-12 02:30:13.664622,2025-04-12 02:31:57.774301,0 days 00:01:44.109679,0.09891144106374528,0.1641067501657091,2,0.1458561526867006,0.05340675964934357,0.0860602029050069,0.03926147726389434,0.06970293290443945,0.03312889977763817,0.012634371915527631,26,5,0.07997831146597588,0.17038488008909303,True,False,False,2.466148049447527e-05,COMPLETE
1419,0.25947174429893494,2025-04-12 02:31:58.239735,2025-04-12 02:33:38.073329,0 days 00:01:39.833594,0.125112708056983,0.14429015195827183,2,0.1635623810274471,0.04300140184566795,0.08382406735311757,0.038249589873505,0.07141676100552484,0.027751279873696022,0.025306999069478208,25,36,0.0764685819252901,0.16034617001605245,False,False,False,2.11462721743719e-05,COMPLETE
1420,0.39444367885589604,2025-04-12 02:33:38.536019,2025-04-12 02:35:26.013326,0 days 00:01:47.477307,0.07935484631544032,0.7893054700040656,2,0.159957554894241,0.2546774465785811,0.0878059306469394,0.043113546259400115,0.07306283267254231,0.035744412123152526,0.0001006216107243302,27,46,0.08020090854099624,0.16683267785063458,True,False,False,3.0676877375535243e-05,COMPLETE
1421,0.47490400075912476,2025-04-12 02:35:26.494861,2025-04-12 02:36:07.763143,0 days 00:00:41.268282,0.10621774558074257,0.12692273006993124,8,0.15890788163902386,0.04726677472474486,0.08364569335386252,0.04485874378521269,0.07533251178355507,0.03355067989075759,0.024124603331902805,29,41,0.07824009487785075,0.15882086122018313,True,False,False,1.4221725467855795e-05,COMPLETE
