number,value,datetime_start,datetime_complete,duration,params_alpha-eval,params_alpha-train,params_batch-size,params_eps-eval,params_eps-train,params_lambda-actions-eval,params_lambda-actions-train,params_lambda-frames-eval,params_lambda-frames-train,params_learning-rate,params_n-epochs,params_n-frames,params_radius-gw,params_rho,params_std-feats,params_ub-actions,params_ub-frames,params_weight-decay,state
569,0.46289452314376833,2025-04-11 08:26:10.590705,2025-04-11 08:26:35.727813,0 days 00:00:25.137108,0.13507763136709144,0.22992801852915806,16,0.173989484123526,0.0373842163572593,0.07631666683718417,0.016155369138166106,0.08459326808959063,0.08588351113173895,0.08434891184046757,18,38,0.08190359539967035,0.18813265989222888,True,False,False,1.7623151204077017e-05,COMPLETE
570,0.43027458786964423,2025-04-11 08:26:35.909370,2025-04-11 08:27:01.789464,0 days 00:00:25.880094,0.11069720558643073,0.3147710712574241,16,0.17044832669000165,0.03805408469030403,0.024089628046778038,0.008306324530117364,0.08091638368104058,0.09004524296387639,0.031816146960156125,19,41,0.08611359219110687,0.17434951161788337,True,False,False,1.3015146368952615e-05,COMPLETE
571,0.4593344807624817,2025-04-11 08:27:01.967846,2025-04-11 08:27:26.495606,0 days 00:00:24.527760,0.06794407972574092,0.18076454163593986,16,0.18774071231820522,0.03983045838983432,0.07076591125367279,0.011899913652809634,0.08243394927911896,0.09442798214194668,0.025065746670906736,17,44,0.08462245257466486,0.19432107686998637,True,False,False,2.0297932709541995e-05,COMPLETE
572,0.09307204186916351,2025-04-11 08:27:26.687995,2025-04-11 08:27:47.275027,0 days 00:00:20.587032,0.09343961035961146,0.1587120243295623,16,0.1817088731681793,0.03193654506742464,0.073740626893831,0.01564710467318488,0.07574729870163241,0.09720724813849485,0.0191121985464833,15,37,0.08244440052845775,0.17079652598073736,True,True,False,1.95370291282868e-05,COMPLETE
573,0.39443151950836186,2025-04-11 08:27:47.455776,2025-04-11 08:28:11.466180,0 days 00:00:24.010404,0.16500879338128033,0.19863325874115784,16,0.18885085558990997,0.04171545129954697,0.0010482203423841296,0.011973334283063844,0.08579178075177761,0.08823824979881321,0.09053788571383567,16,41,0.03814611087620135,0.18238587984246352,True,False,False,1.4671052228671678e-05,COMPLETE
574,0.4557878196239472,2025-04-11 08:28:11.658467,2025-04-11 08:28:36.228200,0 days 00:00:24.569733,0.12985359313490688,0.24864326536979967,16,0.17090770589120435,0.044795017169697596,0.07680320925903517,0.010226154066654954,0.07960666933687237,0.09199137651243963,0.07161829851670486,17,43,0.0866903022254148,0.19068668518419288,True,False,False,2.2558639837225337e-05,COMPLETE
575,0.2480018198490143,2025-04-11 08:28:36.411790,2025-04-11 08:28:58.892250,0 days 00:00:22.480460,0.07841077879327632,0.1626810571051883,16,0.17850382478940752,0.026967626829347363,0.07060135106565779,0.01316508654784708,0.0843472375707334,0.09494291241048666,0.0992564460461416,14,37,0.07894848597662492,0.17725705498493816,False,False,False,1.6319046629561643e-05,COMPLETE
576,0.45519852042198183,2025-04-11 08:28:59.086400,2025-04-11 08:29:23.197315,0 days 00:00:24.110915,0.11732773517837738,0.21780581060135132,16,0.18410763521164453,0.0341054787425244,0.07449229714725085,0.006933203794937641,0.0781189003980881,0.0901665808289612,0.038376517215075075,15,44,0.08684542118993906,0.19766811852252594,True,False,False,2.403389636021756e-05,COMPLETE
577,0.482496178150177,2025-04-11 08:29:23.380663,2025-04-11 08:30:34.808108,0 days 00:01:11.427445,0.09567481369699983,0.1858538484838695,2,0.1929594947044473,0.04955375549373736,0.0726596898788041,0.01738890665457441,0.08196492668574878,0.08593127955648361,0.021612832871198705,16,40,0.08403969787137273,0.17295928725799856,True,False,False,2.025826816677822e-05,COMPLETE
578,0.4693102896213532,2025-04-11 08:30:35.005421,2025-04-11 08:31:52.658910,0 days 00:01:17.653489,0.06081358821623124,0.23540326595966574,2,0.17306962548484103,0.04074463162229646,0.07965366563128574,0.015052101169286198,0.08028930603345664,0.0961137561746767,0.07076923628214259,18,45,0.08083853992852046,0.18296782134785272,True,False,False,1.2415518635673025e-05,COMPLETE
579,0.4441403210163117,2025-04-11 08:31:52.848164,2025-04-11 08:32:58.301705,0 days 00:01:05.453541,0.14285743753276922,0.20669374144086225,2,0.18134204130994647,0.11110786684526536,0.0760299648652795,0.009290917488623446,0.07611678419224688,0.09164224043602112,0.027255941469239247,14,37,0.08442849831218381,0.191494976722053,True,False,False,2.4664582936440387e-05,COMPLETE
580,0.46380437612533576,2025-04-11 08:32:58.499342,2025-04-11 08:34:06.114092,0 days 00:01:07.614750,0.16896221205258946,0.17047553930766104,2,0.16808791721639374,0.050511233685331745,0.07123787479901543,0.01221309159108705,0.0866015648882169,0.08795295899381417,0.004097636176204298,15,41,0.08267066321632928,0.2023497425657027,True,False,False,1.6659148729853856e-05,COMPLETE
581,0.464924681186676,2025-04-11 08:34:06.299097,2025-04-11 08:35:23.748027,0 days 00:01:17.448930,0.2045654983355075,0.1517603231358339,2,0.18864785855934957,0.04362267107684148,0.07455494449903206,0.007181450687110815,0.08345841202672653,0.09282892151081729,0.0359653730434577,17,86,0.05677278115906863,0.18723009052445216,True,False,False,2.6703323709226804e-05,COMPLETE
582,0.4645091891288758,2025-04-11 08:35:23.946037,2025-04-11 08:36:29.706779,0 days 00:01:05.760742,0.12198691742945962,0.18792467027750304,2,0.17578777573607476,0.06172413288248919,0.07749773445761746,0.01668065177806158,0.07850028171493502,0.09373638489688244,0.029725196338023296,14,46,0.08748056451546152,0.16651213946798055,True,False,False,2.7502439602054836e-06,COMPLETE
583,0.48741714954376225,2025-04-11 08:36:29.934564,2025-04-11 08:37:47.242117,0 days 00:01:17.307553,0.07993870400851122,0.15088744399764148,2,0.1923701662368582,0.03741753428080488,0.07998640342897757,0.024501114437195895,0.08083618933654152,0.08982434543056105,0.02224822192837817,18,38,0.0853539561645219,0.17807832065275167,True,False,False,1.0661456478235807e-05,COMPLETE
584,0.46620312333107,2025-04-11 08:37:47.428613,2025-04-11 08:38:59.527830,0 days 00:01:12.099217,0.10711701386027003,0.2632278338104229,2,0.17996939859927605,0.05246506817234463,0.07187556560600042,0.013980318739291347,0.07493659623019584,0.09831771473253416,0.042685412492040095,16,48,0.0249639593534245,0.197441586017881,True,False,False,2.001538476543371e-05,COMPLETE
585,0.4713100790977478,2025-04-11 08:38:59.724342,2025-04-11 08:40:08.683605,0 days 00:01:08.959263,0.06594949530873753,0.20663941927330595,2,0.1688461758029184,0.04767091226022546,0.07337284217426873,0.018260692882295287,0.0853072895238376,0.09621278443357985,0.054267550768426494,15,41,0.08230448530758327,0.2380275541617026,True,False,False,2.3904645194148816e-05,COMPLETE
586,0.46064551472663884,2025-04-11 08:40:08.870365,2025-04-11 08:41:17.519314,0 days 00:01:08.648949,0.1483191507165994,0.3577149286028063,2,0.1835271900886121,0.060991711385792416,0.0703787597237329,0.011438568105234281,0.08264926392097434,0.08609785847015942,0.018873402546018308,15,44,0.08771832553171555,0.17560613578049755,True,False,False,1.6267559504972987e-05,COMPLETE
587,0.43466106653213504,2025-04-11 08:41:17.717636,2025-04-11 08:42:23.404431,0 days 00:01:05.686795,0.047576843694980275,0.17199228637877625,2,0.19653584506270685,0.054187207314952385,0.07618201655217731,0.009705046643648263,0.0794589943906221,0.09999279199601556,2.832904542243231e-05,14,37,0.02249513123538941,0.16783886895483296,True,False,False,2.9342638558410197e-05,COMPLETE
588,0.39596996903419496,2025-04-11 08:42:23.592677,2025-04-11 08:42:48.586216,0 days 00:00:24.993539,0.13264670787585492,0.23165192141509147,16,0.17633513049885002,0.06755454829334254,0.0744653291986422,0.01599423006253136,0.0768481493870149,0.014631127083723772,0.034351625272717845,17,41,0.07595301790437996,0.18437045818915293,True,False,False,2.7392798616134972e-05,COMPLETE
589,0.45173174738883975,2025-04-11 08:42:48.786123,2025-04-11 08:43:54.312940,0 days 00:01:05.526817,0.09605110585898906,0.14814801717699005,2,0.1904464204196673,0.07909634026388963,0.07933629458515082,0.026004733515958466,0.08420499334887852,0.08875493694567985,0.026225436349654276,14,46,0.08057090242352949,0.19280602343524103,True,False,False,5.415604348516449e-05,COMPLETE
590,0.45103260874748236,2025-04-11 08:43:54.501435,2025-04-11 08:45:06.302673,0 days 00:01:11.801238,0.07398049828567352,0.19710256410142393,2,0.1851311928212359,0.04544523285601316,0.07069954563137268,0.0064881174053462165,0.08156025417819884,0.09127082967239394,0.0003677990992199771,16,43,0.07837190795128993,0.20118761838222513,True,False,False,1.2739779074733052e-05,COMPLETE
591,0.09307204186916351,2025-04-11 08:45:06.503339,2025-04-11 08:46:05.445321,0 days 00:00:58.941982,0.2642849463611746,0.18323388828909756,2,0.17042501664055001,0.0584641746257154,0.07764835657132292,0.014209503337936724,0.08645600851554347,0.094815051834745,0.03263711509431671,15,36,0.08775326390749938,0.22397152246254498,True,True,False,2.248472817396709e-05,COMPLETE
592,0.4744323372840882,2025-04-11 08:46:05.635420,2025-04-11 08:47:21.136923,0 days 00:01:15.501503,0.1807955071511791,0.24723279775201254,2,0.1782211017936459,0.019216139609320778,0.07339800220606833,0.008972494134140478,0.07817269350212651,0.09263932969113073,0.04061439045660823,17,49,0.08468315662978168,0.1711527058937719,True,False,False,3.114682821606907e-05,COMPLETE
593,0.46894196271896366,2025-04-11 08:47:21.337826,2025-04-11 08:48:26.420239,0 days 00:01:05.082413,0.23923738065087222,0.21955313792499276,2,0.16667704166558314,0.030250181205035403,0.08102996848492973,0.012653651926821857,0.07490630279171985,0.08498092250080463,0.01930216932951489,14,39,0.0862082233359589,0.18761155965881884,True,False,False,3.9360201693357143e-07,COMPLETE
594,0.46497823596000676,2025-04-11 08:48:26.609291,2025-04-11 08:49:35.017858,0 days 00:01:08.408567,0.11294327889208688,0.13603946756114027,2,0.18623026637428858,0.09351302254217846,0.07566818654677111,0.017138684682086854,0.08255084245400018,0.08734197057397058,0.02243332492593923,15,42,0.0826240284496999,0.16099702658996012,True,False,False,9.832969001602065e-06,COMPLETE
595,0.27327330112457277,2025-04-11 08:49:35.219874,2025-04-11 08:50:37.834011,0 days 00:01:02.614137,0.05429434238391438,0.1632344414105691,2,0.1907079552298933,0.05208419669378135,0.07230061140877046,0.025621226320780423,0.0792218620814215,0.09668089764665026,0.028114745897241864,13,102,0.08854625779775506,0.18039556469931303,False,False,False,1.9336129857199598e-05,COMPLETE
596,0.45662524700164797,2025-04-11 08:50:38.022424,2025-04-11 08:51:49.416947,0 days 00:01:11.394523,0.13580799638125762,0.20944211230240498,2,0.2922260878292886,0.039735288811534666,0.07077613172231471,0.011033297278460542,0.08066367175623854,0.09027531089148896,0.046248105266601267,16,45,0.08418853937655926,0.19591886952956178,True,False,False,5.8616809772631974e-05,COMPLETE
597,0.4483669757843018,2025-04-11 08:51:49.620943,2025-04-11 08:53:07.598648,0 days 00:01:17.977705,0.1636494765145411,0.2877529558500717,2,0.17396589723483935,0.18558682184522252,0.07821955233588,0.018442233488822346,0.08488846590049236,0.09376349536574362,0.03498970438198023,18,39,0.08073718817327974,0.21592247821223082,True,False,False,4.075079124260192e-05,COMPLETE
598,0.44293299317359924,2025-04-11 08:53:07.787695,2025-04-11 08:54:28.446883,0 days 00:01:20.659188,0.09498918123716024,0.19138155675247406,2,0.19590232638836996,0.0631792003227176,0.09606399232054462,0.02310217440447256,0.07641088925497855,0.09126334575006861,9.656854969971289e-05,19,36,0.08673383989639034,0.20418627840461515,True,False,False,5.739849818662416e-06,COMPLETE
599,0.40435338020324707,2025-04-11 08:54:28.638767,2025-04-11 08:55:53.076283,0 days 00:01:24.437516,0.08147152857188367,0.16046893390462058,2,0.18398600199905701,0.04774327298091184,0.08320142670255386,0.013888479710873727,0.08783888518535041,0.08851922587929865,0.06477795550161285,20,48,0.08559347034858965,0.17412182726201866,True,False,False,2.8288805840289975e-05,COMPLETE
600,0.4062725603580475,2025-04-11 08:55:53.277454,2025-04-11 08:56:58.727823,0 days 00:01:05.450369,0.03917479231838858,0.17720992397922478,2,0.18106766636434712,0.06806276755774866,0.07557077298864082,0.0077597641994717505,0.08386385943361761,0.09521791483960439,0.019213215074076747,14,40,0.00680615075999106,0.18297034000845547,True,False,False,1.3628642406405275e-05,COMPLETE
601,0.5003219008445741,2025-04-11 08:56:58.917962,2025-04-11 08:58:13.394482,0 days 00:01:14.476520,0.11587653198651737,0.2318543854579814,2,0.17425563514098552,0.055888944845692436,0.0723607167364963,0.01586506124695119,0.0811153295560966,0.08549532829167072,0.025025000533110513,17,43,0.08869479017372475,0.16776514089537323,True,False,False,5.065551823925204e-05,COMPLETE
602,0.3569598913192749,2025-04-11 08:58:13.597498,2025-04-11 08:59:17.824878,0 days 00:01:04.227380,0.12021575613152004,0.2287490529720545,2,0.16675304035670024,0.05377522773363483,0.07003708388954517,0.010601712912078256,0.08194453150617562,0.08682176768547598,0.023761444200892236,13,129,0.01907589579282629,0.16507122354285525,True,False,False,5.4088985685128456e-05,COMPLETE
603,0.483963680267334,2025-04-11 08:59:18.015745,2025-04-11 08:59:41.902591,0 days 00:00:23.886846,0.1518999633705635,0.13801404309007073,16,0.17188466027037702,0.04271218110053883,0.07262296811536144,0.021245478906267865,0.08575674975324074,0.08539910157186537,0.017403687480911405,16,36,0.0886749002925037,0.16882863554144742,True,False,False,5.9255419085282313e-05,COMPLETE
604,0.5028295278549194,2025-04-11 08:59:42.106069,2025-04-11 09:00:47.726811,0 days 00:01:05.620742,0.11878180521811299,0.20227395274746332,2,0.16555022471687703,0.04936674573515379,0.07046810914715695,0.015490298722324665,0.08326133575806037,0.08510604632099548,0.025413433215433164,14,43,0.08858655066540431,0.1597385623132364,True,False,False,4.818347875400443e-05,COMPLETE
605,0.4849773168563843,2025-04-11 09:00:47.918029,2025-04-11 09:01:53.781137,0 days 00:01:05.863108,0.13192936229629046,0.21321015943868007,2,0.16502484835568543,0.034762157176745155,0.07266280232450867,0.01582754115889988,0.08302794885709441,0.08606136260960175,0.02411496856350589,14,43,0.08819671209634233,0.16395528203409646,True,False,False,4.238646766777583e-05,COMPLETE
606,0.43607684373855593,2025-04-11 09:01:53.985539,2025-04-11 09:03:02.706649,0 days 00:01:08.721110,0.11242082691538435,0.22337860368025408,2,0.1742317919519782,0.14892463318153296,0.07057743380304589,0.018837472891119023,0.08490254981389793,0.08641817571649703,0.0275139357327208,15,46,0.08744098423688618,0.15809021587130986,True,False,False,4.719918979244211e-05,COMPLETE
607,0.47122119665145873,2025-04-11 09:03:02.901913,2025-04-11 09:04:07.746175,0 days 00:01:04.844262,0.14729517219883392,0.19923335747507973,2,0.16849060087774123,0.04581299955616316,0.07390757488415683,0.013829466180688183,0.08141008997970828,0.08432753097167903,0.021797435115835755,14,43,0.08921371041103876,0.16904169419063467,True,False,False,4.983292352792128e-05,COMPLETE
608,0.4447209835052491,2025-04-11 09:04:07.951826,2025-04-11 09:05:16.372056,0 days 00:01:08.420230,0.12340730683818182,0.19804937446067447,2,0.17614798587681355,0.04911548398414378,0.0723657255653974,0.0168453257835276,0.0801529909796081,0.0889882221041991,0.028802016869753557,15,48,0.0857863000315915,0.17968723417549234,True,False,False,3.682597600419228e-05,COMPLETE
609,0.3967032372951508,2025-04-11 09:05:16.563955,2025-04-11 09:06:22.718969,0 days 00:01:06.155014,0.5772995513231138,0.2444733372210656,2,0.17009376170514826,0.26322518124809247,0.0703569574730642,0.015251516588552205,0.0027868791729756884,0.08454953837076798,0.023275889811086966,14,41,0.09082585663391139,0.17321691770018832,True,False,False,5.931363990135946e-05,COMPLETE
610,0.09307204186916351,2025-04-11 09:06:22.924303,2025-04-11 09:07:21.433408,0 days 00:00:58.509105,0.10325984527185737,0.2349369943604529,2,0.1786776757063138,0.03885353951909254,0.08853970325603827,0.012494063778757107,0.08787170286432483,0.08738024510375149,0.018806809378825725,15,40,0.08793827453127862,0.1601746799611281,True,True,False,3.630238602313508e-05,COMPLETE
611,0.49672802686691286,2025-04-11 09:07:21.628339,2025-04-11 09:08:26.418875,0 days 00:01:04.790536,0.16763845938270838,0.18058799120824506,2,0.16386067275567895,0.05030547457157693,0.0742680888237394,0.018267512716578456,0.08370112316757602,0.08910887563568093,0.027798374718099584,14,44,0.08589490305705241,0.1759473957757391,True,False,False,6.580533817554225e-05,COMPLETE
612,0.45422899723052984,2025-04-11 09:08:26.636236,2025-04-11 09:09:31.515203,0 days 00:01:04.878967,0.17936395646219716,0.18618860247614502,2,0.16457570676460836,0.04190090113985943,0.0746478810658644,0.018610916878791798,0.0862000874253419,0.08911621765231285,0.02636122032006647,14,50,0.04439907678707638,0.16779990696629615,True,False,False,4.754188636203787e-05,COMPLETE
613,0.46812597513198856,2025-04-11 09:09:31.710492,2025-04-11 09:10:40.668154,0 days 00:01:08.957662,0.2097152267346163,0.17907315512478683,2,0.1616586138012798,0.050245199659379514,0.07706157685036716,0.019369518101061314,0.08356197862497453,0.09051573266024852,0.030876292844520023,15,45,0.0718203093002513,0.1622613045110993,True,False,False,3.8465255939472434e-05,COMPLETE
614,0.3945162951946259,2025-04-11 09:10:40.877665,2025-04-11 09:11:43.347721,0 days 00:01:02.470056,0.17139468927716467,0.21430526327110094,2,0.16515304235241096,0.04429812026861172,0.006638144582053369,0.017708583019038895,0.08303518191618467,0.08717004842551142,0.02230528113213711,13,51,0.09225995961911637,0.1735616913389678,False,False,False,5.981707913130768e-05,COMPLETE
615,0.3932804882526398,2025-04-11 09:11:43.542616,2025-04-11 09:12:55.227522,0 days 00:01:11.684906,0.15618783526664357,0.17059945489080217,2,0.17015655446859787,0.03699433518826979,0.0806055407322809,0.01613665558907735,0.08516019505511957,0.0603303952328903,0.02658210810177466,16,47,0.035715818355805354,0.15681974033733675,True,False,False,1.12805518991159e-06,COMPLETE
616,0.3998561918735504,2025-04-11 09:12:55.437452,2025-04-11 09:14:14.703515,0 days 00:01:19.266063,0.1371730426271665,0.20322537150741726,2,0.16600452030935617,0.024823633440043895,0.07451932088300604,0.014329460059007659,0.08169550954199727,0.0890013285733999,0.03156812353936602,18,63,0.08956699340088509,0.16860362744963853,True,False,False,4.746386336058188e-05,COMPLETE
617,0.37332379817962646,2025-04-11 09:14:14.897932,2025-04-11 09:15:29.825956,0 days 00:01:14.928024,0.15788625829179515,0.15458391957731465,2,0.17423292510548136,0.05234085542809512,0.07799192665050415,0.02017089605252808,0.08643022877592466,0.09179522897867641,0.01906589544048007,17,44,0.08689196487807638,0.17600797565073822,True,False,False,7.73419563697435e-06,COMPLETE
618,0.4785359859466553,2025-04-11 09:15:30.034774,2025-04-11 09:16:35.574262,0 days 00:01:05.539488,0.18751688643666625,0.18826634403351725,2,0.1982686592075469,0.046824487626305165,0.07323073475098414,0.01744631732735933,0.0837707861360312,0.08788728291660428,0.02384574510571629,14,42,0.09444911015055656,0.18381932540890783,True,False,False,6.664299027275102e-05,COMPLETE
619,0.46847674846649173,2025-04-11 09:16:35.768616,2025-04-11 09:17:37.531432,0 days 00:01:01.762816,0.13641597407511186,0.2576081534900268,2,0.1614795382138563,0.033466437571988035,0.08119529036821897,0.015819108290412075,0.08907036787007162,0.08502079915301604,0.03775326673581401,13,48,0.08575103241750937,0.18965967794259622,True,False,False,3.205713008197578e-05,COMPLETE
620,0.473954439163208,2025-04-11 09:17:37.739167,2025-04-11 09:18:46.647981,0 days 00:01:08.908814,0.12013627704431315,0.22078167281200847,2,0.188381087671726,0.055122589742011466,0.0767531346327848,0.012614682589811464,0.08214521733774048,0.09040826468468038,0.02912571129068744,15,45,0.028297920920758873,0.16428853127374102,True,False,False,4.2724015137418865e-05,COMPLETE
621,0.40135163664817813,2025-04-11 09:18:46.843685,2025-04-11 09:20:01.030465,0 days 00:01:14.186780,0.09895075731757735,0.17258437246636477,2,0.1704207934786461,0.04922332581478001,0.07521092550736311,0.021042214227560457,0.08044778031833097,0.0918609503001773,0.01726951162592651,17,39,0.08875074868497325,0.17867649022978488,True,False,False,3.0345518700010527e-05,COMPLETE
622,0.4961460709571839,2025-04-11 09:20:01.239724,2025-04-11 09:20:25.617160,0 days 00:00:24.377436,0.14572664245702177,0.2744914522445421,16,0.17928743556956803,0.04351405614735176,0.07226989212079324,0.01783455860177169,0.08711051594013482,0.08466312733215368,0.040977256461165436,16,43,0.09135515900823049,0.17294991770522794,True,False,False,6.886735963772271e-05,COMPLETE
623,0.44015110731124885,2025-04-11 09:20:25.814330,2025-04-11 09:20:49.806120,0 days 00:00:23.991790,0.19647215160693016,0.1256987648163937,16,0.17781462940619208,0.05504850659545796,0.06976575186670675,0.018253711170557917,0.08434670899183844,0.08457857268525483,0.05222087151865302,16,38,0.09319570322687121,0.16989845955706812,True,False,False,6.860965916085449e-05,COMPLETE
624,0.38969179391860964,2025-04-11 09:20:50.016055,2025-04-11 09:21:13.745408,0 days 00:00:23.729353,0.16558035081846445,0.2610935709678905,16,0.28323295084478906,0.04625673206369395,0.07231242409995692,0.016570797242191442,0.07958515084597993,0.0860905278300208,0.03957291316429196,15,42,0.08449424800312744,0.15842166773421926,True,False,False,6.371529947899697e-07,COMPLETE
625,0.4706372857093811,2025-04-11 09:21:13.943396,2025-04-11 09:21:38.091806,0 days 00:00:24.148410,0.1429369235590925,0.3055672274388512,16,0.16658852526750517,0.05672950650886092,0.07220725801701797,0.019107005604174256,0.08188004465485282,0.08440356529062998,0.05607398044162162,16,36,0.09141065109791105,0.1711261829365374,True,False,False,7.18187325435045e-05,COMPLETE
