number,value,datetime_start,datetime_complete,duration,params_alpha-eval,params_alpha-train,params_batch-size,params_eps-eval,params_eps-train,params_lambda-actions-eval,params_lambda-actions-train,params_lambda-frames-eval,params_lambda-frames-train,params_learning-rate,params_n-epochs,params_n-frames,params_radius-gw,params_rho,params_std-feats,params_ub-actions,params_ub-frames,params_weight-decay,state
1082,0.3409167766571045,2025-04-11 17:38:33.232615,2025-04-11 17:39:57.498532,0 days 00:01:24.265917,0.2299239478127648,0.1316802754169299,2,0.20225359917859642,0.04496917139829015,0.07478305893781377,0.02214880120525606,0.0966658584204588,0.061517243825274986,0.05468718865538235,24,39,0.08706658678570986,0.17049189395893377,True,False,True,2.8065028064510612e-05,COMPLETE
1083,0.46164706945419315,2025-04-11 17:39:57.852802,2025-04-11 17:41:38.756953,0 days 00:01:40.904151,0.1612681229347546,0.17307157465848017,2,0.17080490392586803,0.03686861212072156,0.09032395793226816,0.015407701375946933,0.09322790714871489,0.07438888945720507,0.03811152703322628,25,46,0.09270039289822174,0.2012761067495657,True,False,False,2.3712694735779104e-05,COMPLETE
1084,0.46866561174392707,2025-04-11 17:41:39.116184,2025-04-11 17:43:13.302241,0 days 00:01:34.186057,0.27065860219883625,0.23687318451238393,2,0.19233582707038158,0.05028683233093028,0.07278226337044089,0.025173312842297756,0.09029461938386357,0.07068801541080383,0.028078637621765448,23,50,0.08434837587089683,0.21930064683975228,True,False,False,8.100078575150117e-05,COMPLETE
1085,0.48164263963699344,2025-04-11 17:43:13.661182,2025-04-11 17:44:46.797847,0 days 00:01:33.136665,0.1190352615839319,0.18857989249231297,2,0.1644247098073084,0.02644500715042976,0.07059393164626634,0.018774024628075286,0.09984879857078256,0.06675713594654403,0.022063877355918877,23,35,0.08996713114971304,0.1825340642598325,True,False,False,0.00011095731565240515,COMPLETE
1086,0.4597163736820221,2025-04-11 17:44:47.141977,2025-04-11 17:45:14.133846,0 days 00:00:26.991869,0.1494258793097904,0.2266685442524114,16,0.1856642573343571,0.03954343352011967,0.07485703400617442,0.06660327835132795,0.09169324447430813,0.07376996986701054,0.032935066565940856,22,43,0.08696500896810698,0.1873952624795796,True,False,False,1.9645972204519474e-05,COMPLETE
1087,0.43077383637428285,2025-04-11 17:45:14.489658,2025-04-11 17:46:51.827799,0 days 00:01:37.338141,0.6479946031268855,0.21067334349719385,2,0.17475402608495855,0.12294893472681066,0.09331883246682612,0.01388217936184832,0.09512536796669739,0.05679489783570702,0.049093150426566715,24,55,0.08275656222505993,0.1746164340923498,True,False,False,2.8365433579077535e-05,COMPLETE
1088,0.4705719113349915,2025-04-11 17:46:52.186139,2025-04-11 17:48:36.317430,0 days 00:01:44.131291,0.17506480507114264,0.15981045926469134,2,0.19376338826932452,0.05336235248415598,0.07302281065712678,0.017012281730794783,0.09733817817098189,0.07005001406233417,0.040024862716413014,26,39,0.04681529497851209,0.16663706268854386,True,False,False,6.734488804788272e-05,COMPLETE
1089,0.48446618318557744,2025-04-11 17:48:36.673847,2025-04-11 17:50:07.984204,0 days 00:01:31.310357,0.1931001632383255,0.18810284169091968,2,0.17955517516401504,0.04611272394671398,0.09933721526944321,0.0205311712244625,0.09224074248533548,0.05454492667433521,0.020369146860574935,22,41,0.09695848755693545,0.19497751040580533,True,False,False,6.956789574955599e-06,COMPLETE
1090,0.48346610069274903,2025-04-11 17:50:08.340107,2025-04-11 17:51:49.353070,0 days 00:01:41.012963,0.13863656074799846,0.25966690582145774,2,0.1688688294522105,0.04413676844626824,0.0760099434568202,0.015475295906128783,0.09027186918228997,0.07218789813319046,0.029240166750051092,25,47,0.08983106112450817,0.15642414459297793,True,False,False,1.3061932344468198e-05,COMPLETE
1091,0.09307204186916351,2025-04-11 17:51:49.708269,2025-04-11 17:52:13.117582,0 days 00:00:23.409313,0.11235868319092879,0.21484371061518076,16,0.18841582464404608,0.037188299973913784,0.07131885462700312,0.012695682201845238,0.0341612076216372,0.06367977399300022,0.01713598473303738,22,37,0.08583280155344615,0.18086215829181326,True,True,False,0.00013221720735754548,COMPLETE
1092,0.4772477984428406,2025-04-11 17:52:13.476017,2025-04-11 17:53:50.251251,0 days 00:01:36.775234,0.2455475637048115,0.24398549626188523,2,0.19761799773705635,0.053517842104040265,0.0674151453283564,0.018557982949979235,0.0949669689806403,0.09791856963524337,0.055481862726352776,24,33,0.08795973760869397,0.2129905863972682,True,False,False,9.087334155627616e-06,COMPLETE
1093,0.4705649614334107,2025-04-11 17:53:50.608681,2025-04-11 17:55:15.443177,0 days 00:01:24.834496,0.15982304381478185,0.17263975755393893,2,0.20498447869610315,0.029998643647989535,0.0742006722783693,0.022433380047539357,0.09838118628190548,0.003213925083924476,0.025280754634209316,20,44,0.09191914042120944,0.1626989842148767,True,False,False,3.3263522153753154e-05,COMPLETE
1094,0.3460297048091889,2025-04-11 17:55:15.803251,2025-04-11 17:56:49.790067,0 days 00:01:33.986816,0.21715903374921364,0.14046058741064046,2,0.15442582006043595,0.04605482721529206,0.09202019809387604,0.01641550559708677,0.08986971167685018,0.0011566175498813353,0.03576279475086093,23,42,0.08340495255279196,0.19151864079199696,False,False,False,4.068564772145621e-08,COMPLETE
1095,0.4208496987819672,2025-04-11 17:56:50.166449,2025-04-11 17:58:26.662171,0 days 00:01:36.495722,0.12302761225538539,0.2026727603224518,2,0.17831394247755036,0.021629871553155128,0.07618856566353106,0.014389869711345017,0.0889849556020028,0.06841222887359076,0.04561596023320059,24,29,0.0855295325738673,0.20629104294254452,True,False,False,8.723331754008709e-05,COMPLETE
1096,0.4535588681697846,2025-04-11 17:58:27.023293,2025-04-11 17:58:53.156431,0 days 00:00:26.133138,0.09806358264655128,0.18992894599413568,16,0.16106832807732646,0.05385689182223606,0.09570119760778163,0.024004655299007395,0.07773557315526151,0.06130962921247347,0.030258414007156613,20,37,0.09368068916895611,0.23435692676782066,True,False,False,2.3009957771035702e-05,COMPLETE
1097,0.3636765241622925,2025-04-11 17:58:53.502827,2025-04-11 18:00:28.309858,0 days 00:01:34.807031,0.1864385791745981,0.16010020213255846,2,0.18349145424154542,0.04183019565901397,0.07159201807834258,0.018476832560660517,0.09992093320254578,0.064962650848567,1.4610070939012295e-05,23,50,0.09018095956273542,0.17286061320776017,True,False,False,6.672379337628136e-05,COMPLETE
1098,0.47246942520141605,2025-04-11 18:00:28.670197,2025-04-11 18:02:13.555756,0 days 00:01:44.885559,0.139655511177444,0.2175384650430357,2,0.06821754284446278,0.04839401034444235,0.06906281370916502,0.020825300429235062,0.09514483553843753,0.0725006534416184,0.06922704226933722,26,46,0.08836649634473298,0.19979505522327587,True,False,False,1.616681126337012e-05,COMPLETE
1099,0.4701731681823731,2025-04-11 18:02:13.917606,2025-04-11 18:03:53.739788,0 days 00:01:39.822182,0.16892535736566675,0.27757612970629525,2,0.16822941543855538,0.03767316495816721,0.07359877678744264,0.01217847698372369,0.09156209893843262,0.051517012425403394,0.04146565230591601,25,40,0.08474087898937518,0.1787027542761299,True,False,False,2.8302509481275752e-05,COMPLETE
1100,0.47453898191452026,2025-04-11 18:03:54.098391,2025-04-11 18:05:24.511599,0 days 00:01:30.413208,0.15483907244332518,0.23959891563809285,2,0.19737687389073025,0.05465687743487143,0.0751498604005978,0.016071758601441343,0.09347908946860288,0.06772406231181453,0.057257374894636864,22,43,0.08721998483302593,0.18711891169305056,True,False,False,0.00010226867442268974,COMPLETE
1101,0.40612171888351445,2025-04-11 18:05:24.870805,2025-04-11 18:05:47.708359,0 days 00:00:22.837554,0.20089558077000086,0.17825138659865972,16,0.17425700950388648,0.03224460037397775,0.015356362591116952,0.019002045453153687,0.09665216324327153,0.07615781264467715,0.023997248300893236,24,7,0.05030460474090544,0.16869700902858553,True,False,True,3.317465986907952e-05,COMPLETE
1102,0.4471525430679321,2025-04-11 18:05:48.068888,2025-04-11 18:07:25.577978,0 days 00:01:37.509090,0.12191813312918635,0.22540601830322748,2,0.1872003853292274,0.0491988190840496,0.072688162543173,0.014460915157812462,0.08881494300155636,0.012866227186962821,0.03585548551010176,24,33,0.09113160273708411,0.1762121323229227,True,False,False,1.8494267642684168e-05,COMPLETE
1103,0.44702516198158265,2025-04-11 18:07:25.939753,2025-04-11 18:09:00.464834,0 days 00:01:34.525081,0.10362381356021573,0.40889720096930154,2,0.18126363157391276,0.0437711457178025,0.011891106312540513,0.016989818151807324,0.0775657434813013,0.05840398011536812,0.016617294268773355,23,48,0.08920219664770587,0.18400515086660177,True,False,False,6.45940036363445e-05,COMPLETE
1104,0.4667367041110993,2025-04-11 18:09:00.828572,2025-04-11 18:10:21.728646,0 days 00:01:20.900074,0.03649027178830298,0.12680531075576357,2,0.21291649626338396,0.05475700590002117,0.07679630040139514,0.021482038492475496,0.09258533081740691,0.07551495886404787,0.020681354726778508,19,39,0.08303388955318225,0.16256712378984453,True,False,False,2.425461362468023e-05,COMPLETE
1105,0.4798968315124512,2025-04-11 18:10:22.092787,2025-04-11 18:12:01.973681,0 days 00:01:39.880894,0.14357952036394483,0.20098124188393124,2,0.1933277972506375,0.03808132318621729,0.07067231013430274,0.01979858565509355,0.09779316331691845,0.09568020545431578,0.04447472713415898,25,45,0.08557197941477354,0.19477505043975601,True,False,False,1.1377811824927716e-05,COMPLETE
1106,0.4165973961353302,2025-04-11 18:12:02.335780,2025-04-11 18:12:26.482937,0 days 00:00:24.147157,0.1740427766063671,0.16119379006562223,16,0.16459144441779439,0.049196872721141045,0.0900413151210077,0.012889111000648008,0.023140702108736175,0.06902336893082715,0.03160962061102985,16,36,0.09398133516293831,0.15340807700668574,True,False,False,7.517152823798295e-05,COMPLETE
1107,0.4983575940132141,2025-04-11 18:12:26.848833,2025-04-11 18:13:58.060507,0 days 00:01:31.211674,0.08882325203914823,0.24999576771305257,2,0.17395850006742786,0.05640847016289098,0.0745534597797656,0.024901049560341545,0.07878131344601481,0.07098880474327134,0.026605407735948067,22,42,0.08769732042133238,0.16945402703208307,True,False,False,5.472413793632877e-05,COMPLETE
1108,0.368589597940445,2025-04-11 18:13:58.428218,2025-04-11 18:15:28.918729,0 days 00:01:30.490511,0.06742229674387706,0.29001801728358906,2,0.17093127590212048,0.21100647805501113,0.07674738152212461,0.026056658476524122,0.07605404223981793,0.07108854564139488,0.020118057530810387,22,41,0.09159212891294463,0.17974123516032645,True,False,False,3.69782038194776e-05,COMPLETE
1109,0.45756320953369145,2025-04-11 18:15:29.285738,2025-04-11 18:17:02.814023,0 days 00:01:33.528285,0.08488300934421422,0.26513061022671813,2,0.14775244304634844,0.05854724756628625,0.07692401389005897,0.023001566908752963,0.07797583908716602,0.07300691476615176,0.0254201764469786,23,38,0.08925189286319248,0.18911512426156157,True,False,False,5.1278336088189627e-05,COMPLETE
1110,0.45345148444175726,2025-04-11 18:17:03.161592,2025-04-11 18:18:33.914678,0 days 00:01:30.753086,0.05283830053026957,0.29985369769402453,2,0.15970652590174758,0.05697585569920868,0.09821701309056967,0.023777476627854253,0.07888998460836052,0.07111625623212187,0.017071911763851363,22,34,0.09066335769721026,0.20479683754830458,True,False,False,3.348126954939681e-05,COMPLETE
1111,0.09307204186916351,2025-04-11 18:18:34.277851,2025-04-11 18:19:55.836635,0 days 00:01:21.558784,0.04916382428529036,0.28987690881354405,2,0.20077286741659098,0.06097185475178275,0.07477913000027664,0.024952929948507792,0.07608098229665443,0.06895901733280808,0.022122570736123375,23,39,0.08820699936802118,0.17159265195602832,True,True,False,2.7890114303673005e-05,COMPLETE
1112,0.48370549678802494,2025-04-11 18:19:56.200996,2025-04-11 18:21:27.212332,0 days 00:01:31.011336,0.08716151127924315,0.2568204783667978,2,0.18686650513635747,0.05349500681037036,0.07514723644010317,0.02638155570228008,0.0808583494482378,0.07395781051319307,0.025809735708032754,22,42,0.09264314026597899,0.18363189405684338,True,False,False,4.2522403181654455e-05,COMPLETE
1113,0.3497427463531494,2025-04-11 18:21:27.576333,2025-04-11 18:23:00.718235,0 days 00:01:33.141902,0.028054819187545363,0.2598464439565268,2,0.17812745884351924,0.06308244775311034,0.0772138372415309,0.02562096785283861,0.07812765836630331,0.07056034422868994,5.086572638304769e-05,23,36,0.09552367336253817,0.198215019232641,False,False,False,5.315040617280281e-05,COMPLETE
1114,0.45263981223106386,2025-04-11 18:23:01.080083,2025-04-11 18:24:30.991737,0 days 00:01:29.911654,0.0901465911597491,0.3227920983321748,2,0.1918382325940693,0.05276022847213923,0.09555875408393331,0.024697724797546665,0.0794067365822356,0.0688313560675395,0.020118554423348027,22,41,0.0872080338196727,0.17733167851225226,True,False,False,2.123381040598401e-05,COMPLETE
1115,0.4592525482177735,2025-04-11 18:24:31.357599,2025-04-11 18:26:06.592109,0 days 00:01:35.234510,0.06678282386544858,0.2446215576439833,2,0.16574580164432728,0.058490740203019,0.07255384863355654,0.026004871639399234,0.07660062162334708,0.06578370167318436,0.08256287293439947,23,32,0.09004555048421603,0.2133235169443649,True,False,False,1.3414782647971007e-05,COMPLETE
1116,0.4610096395015717,2025-04-11 18:26:06.961260,2025-04-11 18:27:38.747774,0 days 00:01:31.786514,0.09777264463103347,0.2721375260611949,2,0.18268639659317107,0.05595810988050876,0.09215221671360442,0.02248743551485715,0.08021692474477984,0.07639822297667286,0.02582780526333226,22,27,0.08874297138850763,0.16664489862154433,True,False,False,3.437378755238159e-05,COMPLETE
1117,0.4189976453781128,2025-04-11 18:27:39.112400,2025-04-11 18:29:12.667606,0 days 00:01:33.555206,0.052438527048058445,0.24620419614005318,2,0.17128527913034797,0.06714898512888176,0.09944497949503903,0.024203153720939338,0.08017780494113641,0.07425215713074926,0.016054940397660075,23,37,0.09195850007361554,0.2209499836409455,True,False,False,7.71933190332059e-08,COMPLETE
1118,0.4598475575447083,2025-04-11 18:29:13.047956,2025-04-11 18:30:45.880031,0 days 00:01:32.832075,0.08021472753418588,0.2724193195920028,2,0.20637061645913174,0.04956654463486317,0.06982463763964321,0.021432796947111938,0.0789743938267879,0.07193502878325606,0.028907038555121313,23,43,0.08744677242785254,0.17284871210020444,True,False,False,5.52971467127523e-05,COMPLETE
1119,0.46683776974678043,2025-04-11 18:30:46.247889,2025-04-11 18:32:20.252963,0 days 00:01:34.005074,0.21105892881599997,0.23453547985004933,2,0.1560604942359883,0.05649250503957366,0.07751272102873964,0.023036733743937707,0.08194188653436402,0.06636444786832596,0.06736726035377734,23,40,0.08632022689548799,0.18997691382354645,True,False,False,1.6191645432361946e-05,COMPLETE
1120,0.46147768497467045,2025-04-11 18:32:20.621859,2025-04-11 18:33:45.333496,0 days 00:01:24.711637,0.1101174550994798,0.4741487728122675,2,0.17662534901900975,0.06393278735178003,0.07500954505046656,0.02135010093114959,0.08175473741486446,0.07007427487977887,0.0212723482074787,24,44,0.09003380131377062,0.16192962776957148,True,False,True,2.7498403111636726e-05,COMPLETE
1121,0.4645683467388153,2025-04-11 18:33:45.704654,2025-04-11 18:35:22.452655,0 days 00:01:36.748001,0.49363422282762265,0.25619736071385146,2,0.19624201706100292,0.04905050920450935,0.07365362917930551,0.025609819239668704,0.07698844124348382,0.07293681814626372,0.03192957790196177,24,35,0.09355620587555587,0.18212601500757816,True,False,False,3.9589252700754083e-05,COMPLETE
1122,0.48716032505035406,2025-04-11 18:35:22.822957,2025-04-11 18:36:53.344148,0 days 00:01:30.521191,0.06431170391848244,0.24124740622624039,2,0.18860806888157425,0.055675162892172114,0.07845300099506233,0.020215160977526687,0.07859511208609433,0.07159868073969995,0.05103744248492709,22,39,0.08837451676259311,0.20281627308810687,True,False,False,8.022150091072661e-06,COMPLETE
1123,0.4382694005966187,2025-04-11 18:36:53.715023,2025-04-11 18:38:25.265913,0 days 00:01:31.550890,0.10141821655205023,0.2284575357233925,2,0.1824195973161412,0.0463792128577716,0.07147883332290213,0.023414529140204213,0.018093197439352074,0.06931986289073348,0.026906131008764905,22,43,0.08651442578351241,0.19468786482813538,True,False,False,1.2178667756422963e-07,COMPLETE
1124,0.48683965206146246,2025-04-11 18:38:25.638529,2025-04-11 18:39:37.704640,0 days 00:01:12.066111,0.187606635604015,0.28100011320215756,2,0.13919702236471124,0.0603998885825632,0.09993895053666507,0.010553695248408749,0.08805071030135937,0.06786863987997357,0.03808454486832671,16,38,0.05242709700195481,0.20969229389497354,True,False,False,4.426340155183909e-05,COMPLETE
1125,0.4498873829841614,2025-04-11 18:39:38.076135,2025-04-11 18:41:11.973007,0 days 00:01:33.896872,0.22570794236681951,0.22810120040281018,2,0.16870291373449287,0.05158237684882227,0.0884191594691896,0.019260473993069537,0.04293073643413863,0.005563973430198028,0.0179987864195482,23,31,0.09069630768693396,0.1754285899652065,True,False,False,2.1348458748525105e-05,COMPLETE
1126,0.4778218626976013,2025-04-11 18:41:12.326571,2025-04-11 18:42:48.802266,0 days 00:01:36.475695,0.11524866744336044,0.21872097484468972,2,0.20019484635247775,0.04563936344891093,0.0940712794793345,0.021977988668567195,0.08755924689789427,0.07547979338543903,0.057716285003517574,24,41,0.08865737899043435,0.1675427364495691,True,False,False,3.203182020684664e-05,COMPLETE
1127,0.46689461469650273,2025-04-11 18:42:49.167572,2025-04-11 18:44:23.458160,0 days 00:01:34.290588,0.0436262610271538,0.2581255412899616,2,0.19064353307985044,0.06799199977720602,0.06869881793033766,0.056020633083934325,0.0753382819447141,0.07244116315892826,0.026064000570624583,23,45,0.08505024123380653,0.18717873616457947,True,False,False,4.8846663325227055e-05,COMPLETE
1128,0.4826589703559876,2025-04-11 18:44:23.826115,2025-04-11 18:45:54.502091,0 days 00:01:30.675976,0.09330917005429018,0.14224695713242597,2,0.17702569463657036,0.05319881676420855,0.07631720271273361,0.017939680105654443,0.08173677250819913,0.06366079965320913,0.022226461492472527,22,34,0.09259441463662159,0.1574993115087458,True,False,False,6.0621656237601106e-05,COMPLETE
1129,0.09307204186916351,2025-04-11 18:45:54.868387,2025-04-11 18:47:18.331552,0 days 00:01:23.463165,0.25933018643349576,0.21077679424399715,2,0.1624540739147058,0.05804237338967358,0.0734891249989289,0.009152017765910523,0.08979100162747279,0.06655319968475183,0.03338184663687727,24,41,0.09503847887614182,0.17745924612805658,True,True,False,1.7793540633143102e-05,COMPLETE
1130,0.4541150271892548,2025-04-11 18:47:18.700882,2025-04-11 18:47:58.286161,0 days 00:00:39.585279,0.0782043374344726,0.24745257884526484,2,0.18412407479121645,0.042326168536509466,0.07855618527502743,0.024060721431508548,0.08026473257656408,0.09761279920536081,0.04485276137172368,6,37,0.08242241573681451,0.18351743214959507,True,False,False,2.7117058726370888e-05,COMPLETE
1131,0.47442125082015996,2025-04-11 18:47:58.654943,2025-04-11 18:49:10.823602,0 days 00:01:12.168659,0.529150707750585,0.1876882262813467,2,0.15146007819461513,0.06287425076233995,0.07506129423301479,0.020563068358685644,0.08334177930985048,0.008987925222427378,0.029205808013409742,16,44,0.09076835761852313,0.19139258063979564,True,False,False,5.821092203986481e-05,COMPLETE
1132,0.3988530099391937,2025-04-11 18:49:11.192636,2025-04-11 18:50:28.457802,0 days 00:01:17.265166,0.16260693237281282,0.22219820798601067,2,0.1938041345737979,0.04972268461481126,0.06693774990991005,0.011954176058551725,0.07793662949731597,0.0942315068137761,0.07524575535067839,18,39,0.08686028627752114,0.19917473411936787,False,False,False,1.0709195926587346e-05,COMPLETE
1133,0.3352014839649201,2025-04-11 18:50:28.823535,2025-04-11 18:51:41.499630,0 days 00:01:12.676095,0.12837386338321494,0.12380429674166425,2,0.17207259380708403,0.04683665378325226,0.09677693728973813,0.015135084183619089,0.08741636051235674,0.07056285396417795,0.036943059932515586,16,65,0.08432083451712033,0.1690959384614398,True,False,False,3.8562510588016794e-05,COMPLETE
1134,0.44800636172294617,2025-04-11 18:51:41.869537,2025-04-11 18:53:15.315650,0 days 00:01:33.446113,0.20413278895989384,0.31132688783425655,2,0.1856975362532899,0.05519912591057849,0.07184782518543414,0.017051188557465246,0.09057030197012439,0.07652901825569114,0.05283991844685148,23,46,0.048487434496022,0.17339804504684772,True,False,False,1.3767890993295293e-05,COMPLETE
1135,0.45232425928115844,2025-04-11 18:53:15.688549,2025-04-11 18:54:23.911373,0 days 00:01:08.222824,0.14833541653922452,0.20198687008800748,2,0.17844577391108316,0.07322020783988124,0.07401435873643317,0.02587366898699403,0.0795839967003767,0.06755884498696278,0.02324969273425624,15,30,0.08892817688634798,0.2178691454817481,True,False,False,7.913410278045885e-05,COMPLETE
1136,0.4452044844627381,2025-04-11 18:54:24.280668,2025-04-11 18:55:50.880681,0 days 00:01:26.600013,0.0280737832280175,0.4361266489729006,2,0.2060036265042199,0.044368749231950354,0.07734258463495156,0.01372674855085862,0.08309117316061047,0.09863109105712803,0.018082952897116793,21,35,0.08734526966784863,0.16256140135820302,True,False,False,2.2688205220439323e-05,COMPLETE
1137,0.46112409830093387,2025-04-11 18:55:51.252533,2025-04-11 18:57:28.172639,0 days 00:01:36.920106,0.11315411500121465,0.16948423748701236,2,0.1642235395742689,0.06317424955270964,0.07107062252212973,0.018927764757358197,0.08533147107833053,0.07431509292738837,0.041914710985015806,24,42,0.09194033153224994,0.20675219543329887,True,False,False,3.418682489601722e-05,COMPLETE
1138,0.4281284093856812,2025-04-11 18:57:28.545787,2025-04-11 18:59:00.545291,0 days 00:01:31.999504,0.18166415762397628,0.9251207600618265,2,0.19755405052281316,0.04945344642017578,0.07914174541478171,0.02226582858895767,0.08162394729339145,0.06304006742680411,0.0614529196574866,22,45,0.08566651730450058,0.18094712221604559,True,False,False,4.707636008515424e-05,COMPLETE
