number,value,datetime_start,datetime_complete,duration,params_alpha-eval,params_alpha-train,params_batch-size,params_eps-eval,params_eps-train,params_lambda-actions-eval,params_lambda-actions-train,params_lambda-frames-eval,params_lambda-frames-train,params_learning-rate,params_n-epochs,params_n-frames,params_radius-gw,params_rho,params_std-feats,params_ub-actions,params_ub-frames,params_weight-decay,state
1643,0.4911978244781494,2025-04-18 19:37:37.369025,2025-04-18 19:38:12.290602,0 days 00:00:34.921577,0.09021112046469383,0.2176185961142671,8,0.16564550054708319,0.049817253744989944,0.060987869169163836,0.022523697541443524,0.007926380022713592,0.07159323707411967,0.017572116549008657,21,40,0.03390048256087352,0.1494955904336147,True,False,False,0.00030954033076674464,COMPLETE
1644,0.2951236963272095,2025-04-18 19:38:12.816738,2025-04-18 19:38:46.313049,0 days 00:00:33.496311,0.06766438894193666,0.1847100714778974,8,0.18115888705850197,0.05881934833261479,0.057636044245904794,0.026914586706802225,0.005862906749906654,0.06818118936647359,0.020960537938328774,20,44,0.03099939847395503,0.1558042512373204,False,False,False,0.0008246010305371098,COMPLETE
1645,0.4692071318626404,2025-04-18 19:38:46.861188,2025-04-18 19:39:22.677402,0 days 00:00:35.816214,0.06443033180992297,0.15731996454631397,8,0.1759243649622551,0.06310769668348455,0.06347161659904531,0.025033202277468334,0.0010530909933329307,0.07170546964892356,0.01266357680743975,22,36,0.02846507845513861,0.14301038227347868,True,False,False,0.00035130447998482097,COMPLETE
1646,0.46262274384498603,2025-04-18 19:39:23.203842,2025-04-18 19:39:57.751009,0 days 00:00:34.547167,0.11897036349063413,0.20226499644584262,8,0.15189342753670562,0.06032712548367896,0.06522047729184967,0.017019847749553674,0.004442134974527165,0.06461834969112598,0.016935786967297542,20,39,0.03231816118853003,0.1597068101882205,True,False,False,0.0006490107635073297,COMPLETE
1647,0.4930234789848328,2025-04-18 19:39:58.283021,2025-04-18 19:40:33.227625,0 days 00:00:34.944604,0.08566497839558965,0.2388041624327585,8,0.15829621284435338,0.06732878674365476,0.06350933250834082,0.027371838012654588,0.008367150102142168,0.06951741515783864,0.014292262653028904,21,43,0.03451410929935344,0.1513769377307331,True,False,False,0.0002647572119824035,COMPLETE
1648,0.357512629032135,2025-04-18 19:40:33.773044,2025-04-18 19:41:10.596266,0 days 00:00:36.823222,0.8455565996160145,0.11621655100293385,8,0.16882373782042795,0.07108257140578655,0.061549093305232415,0.02028723275305486,0.006190706328241836,0.07157461109155963,0.0009245704069482574,22,55,0.030138327805629556,0.14526518786167922,True,False,False,0.0004428500280332335,COMPLETE
1649,0.473298442363739,2025-04-18 19:41:11.123948,2025-04-18 19:41:45.711540,0 days 00:00:34.587592,0.5116229986508782,0.17370695784881934,8,0.2573939320723181,0.06326248951763919,0.06482258663352343,0.024786539454240832,0.007995948739325506,0.004419232193368018,0.008646764005664333,20,36,0.026829077171356557,0.14842960392829763,True,False,False,0.00027246040889723885,COMPLETE
1650,0.48642996549606327,2025-04-18 19:41:46.258546,2025-04-18 19:42:21.715008,0 days 00:00:35.456462,0.052395711922449933,0.21862225822984246,8,0.19862881743708877,0.06957385381450741,0.059030799284153355,0.023006685953458714,0.003896831396452027,0.021212243671814863,0.019865497053832334,21,41,0.03444766959606455,0.1636069549999094,True,False,False,0.00030810992800808426,COMPLETE
1651,0.49271682500839237,2025-04-18 19:42:22.243694,2025-04-18 19:42:57.759009,0 days 00:00:35.515315,0.10945398440775703,0.14045565919455105,8,0.16390969182158308,0.05445738490718921,0.06573276317645749,0.027539757130373474,0.005652744663031971,0.06629990470120309,0.02107546162491658,21,46,0.03219523375052547,0.15763055680566596,True,False,False,0.0003618944039485806,COMPLETE
1652,0.4557695984840393,2025-04-18 19:42:58.280973,2025-04-18 19:43:32.787692,0 days 00:00:34.506719,0.076669128603083,0.1947814570390186,8,0.15665094192882026,0.05002912118752649,0.05687540217941843,0.018808174656592576,0.002526538013178945,0.06917573286200601,0.01058969672354912,20,34,0.028663189375616304,0.14547096256310724,True,False,False,0.00036194952001998907,COMPLETE
1653,0.477011114358902,2025-04-18 19:43:33.332772,2025-04-18 19:44:09.009488,0 days 00:00:35.676716,0.04780295839244958,0.17195759894952542,8,0.17091617353188354,0.07120275690376632,0.06191001952422677,0.02567311307091002,0.008526650981424024,0.0656742813423492,0.015614989670941512,22,38,0.030858877319167408,0.1416035644690339,True,False,False,0.0002389082855952273,COMPLETE
1654,0.4903984546661377,2025-04-18 19:44:09.537032,2025-04-18 19:44:44.043298,0 days 00:00:34.506266,0.0973753971546791,0.19880899134174687,8,0.1442457960034756,0.06615661169177003,0.06594231628468117,0.021631748215383766,0.006724668463257675,0.07154408501920788,0.007628524152553673,20,50,0.03440681736502567,0.15360337530919457,True,False,False,0.000675238187045843,COMPLETE
1655,0.48259532451629644,2025-04-18 19:44:44.593061,2025-04-18 19:45:19.863334,0 days 00:00:35.270273,0.06415633887701985,0.15642857326087908,8,0.14982968775439104,0.05513308846873456,0.06289269202313921,0.027539918490636407,0.004161848971919796,0.06980862705747685,0.022464734694153613,21,41,0.032772198138416,0.14128438144124728,True,False,False,0.0005018310103501676,COMPLETE
1656,0.47280129790306097,2025-04-18 19:45:20.392595,2025-04-18 19:45:52.702057,0 days 00:00:32.309462,0.010046240791349192,0.12092916408349072,8,0.16063056809701992,0.05943319251151164,0.06017438059740032,0.023416283254329564,0.008360979145984122,0.0679374855406736,0.00023412317338902193,23,37,0.029422938757378465,0.16250959713161273,True,False,True,0.0005244407936816813,COMPLETE
1657,0.45414952039718626,2025-04-18 19:45:53.228256,2025-04-18 19:46:29.143473,0 days 00:00:35.915217,0.04587382887879307,0.23598938087021173,8,0.16396466037213334,0.06348290233903182,0.06414134517108305,0.025693974294125378,0.0010174788095868494,0.06251714317048768,0.0006801555592822141,22,34,0.025627003090523813,0.1527292636419959,True,False,False,0.00032105914039362506,COMPLETE
1658,0.4803089618682862,2025-04-18 19:46:29.692118,2025-04-18 19:47:03.765295,0 days 00:00:34.073177,0.1233043827429604,0.22061356712901503,8,0.15396670143656455,0.06822023552333989,0.06577828887819803,0.02235054079021092,0.00621337019804592,0.024279582676249675,0.01605378042502067,20,40,0.03487738053633387,0.15060171547410794,True,False,False,0.00030139059117095037,COMPLETE
1659,0.5022931694984436,2025-04-18 19:47:04.293668,2025-04-18 19:47:39.633039,0 days 00:00:35.339371,0.07961638014163391,0.1813291112768958,8,0.18586943806176226,0.06296923028739904,0.06126289185272653,0.02459636699118539,0.004028632674461057,0.07253203610208003,0.018250804204412174,21,44,0.031503055592578016,0.14336314365454358,True,False,False,0.0002458973860594338,COMPLETE
1660,0.09307204186916351,2025-04-18 19:47:40.181607,2025-04-18 19:48:10.211405,0 days 00:00:30.029798,0.08499814772815484,0.1472133682187656,8,0.1943386096276452,0.05277010218800878,0.05700671278140471,0.023500577741520638,0.002301747881063968,0.07222208638346206,0.018087524464561,21,51,0.02665056975246604,0.1377104528886271,False,True,False,0.0002402100782652221,COMPLETE
1661,0.4799287796020508,2025-04-18 19:48:10.743371,2025-04-18 19:48:47.346889,0 days 00:00:36.603518,0.10158269982452194,0.16640073329369137,8,0.17638656528563204,0.056197873997669054,0.06124926926650422,0.02095626034162445,0.0031623765463962067,0.07276841007638961,0.01783765317216213,22,49,0.028538741126510433,0.13634907509631672,True,False,False,0.00025342998043341783,COMPLETE
1662,0.4884932160377503,2025-04-18 19:48:47.876658,2025-04-18 19:49:23.374640,0 days 00:00:35.497982,0.08078239284964196,0.16393525046112345,8,0.18525693494597895,0.06219078438325576,0.059089219073359234,0.024501318501367598,0.0025766956543114283,0.0731010082211601,0.011740217351514391,21,49,0.030645465359734864,0.14173578908278367,True,False,False,0.00028204162856373645,COMPLETE
1663,0.4884609460830689,2025-04-18 19:49:23.920894,2025-04-18 19:49:59.437838,0 days 00:00:35.516944,0.11054212244179468,0.17868581821656906,8,0.17847436771225683,0.04555128503821494,0.06281766146284248,0.024875425474117842,0.001041770426148161,0.0708173469979092,0.01347558575280087,21,46,0.030765040832064477,0.14593595474790746,True,False,False,0.00024657896515370247,COMPLETE
1664,0.4586461663246155,2025-04-18 19:49:59.976659,2025-04-18 19:50:36.803939,0 days 00:00:36.827280,0.06588605477166629,0.13507295547944617,8,0.18431261509684618,0.056887170703695374,0.06568033409583818,0.02160378205033593,0.004005208494559013,0.06967029090610102,0.014348226207529218,23,45,0.02909100928472776,0.13621318084622555,True,False,False,0.0003617362684091181,COMPLETE
1665,0.48138371706008914,2025-04-18 19:50:37.353288,2025-04-18 19:51:13.821706,0 days 00:00:36.468418,0.08290653089939921,0.15325684181663318,8,0.190804472358742,0.0655231327322009,0.05867476841186087,0.026806844867703104,0.004495735218217735,0.07277436578614811,0.01647189262553238,22,46,0.024241752229610912,0.15628478967509404,True,False,False,0.00022385390030619362,COMPLETE
1666,0.474180418252945,2025-04-18 19:51:14.349672,2025-04-18 19:51:49.123114,0 days 00:00:34.773442,0.09307922334483137,0.18204028957727922,8,0.20035368324678124,0.16106891704804283,0.04161247868586522,0.023035380979399025,0.004462625504697745,0.07087950593364155,0.01729672873942865,20,47,0.027793616067414335,0.16701057615365414,True,False,False,0.0004216328726015039,COMPLETE
1667,0.49448895454406744,2025-04-18 19:51:49.676646,2025-04-18 19:52:24.848214,0 days 00:00:35.171568,0.11712643252110018,0.1299100042096003,8,0.1889620908281268,0.058779422213033505,0.0640264009759601,0.020045627005593106,0.0026530372874546764,0.07352642185166705,0.02202605134008036,21,43,0.03233658280435094,0.1481483217575049,True,False,False,0.00027781927107139233,COMPLETE
1668,0.3447475373744965,2025-04-18 19:52:25.383273,2025-04-18 19:53:00.476340,0 days 00:00:35.093067,0.06292604131957254,0.17948809847119454,8,0.20656635860549172,0.2986865742577652,0.06650468545723814,0.025372713118484106,0.005112175604546411,0.06826465186976192,0.012987991946067897,21,43,0.031111178575464662,0.14332583140153202,True,False,False,0.00041824825896042875,COMPLETE
1669,0.47541879415512084,2025-04-18 19:53:01.008347,2025-04-18 19:53:37.121093,0 days 00:00:36.112746,0.05778213062017686,0.15201375535700057,8,0.1914427744895097,0.0661759626571452,0.06252064410146747,0.02712730284681216,0.004290256875158497,0.07231686450173287,0.01891917452485059,22,43,0.03426735976592531,0.14219973932821747,True,False,False,0.0004951543192876954,COMPLETE
1670,0.48653812408447267,2025-04-18 19:53:37.676798,2025-04-18 19:54:12.128475,0 days 00:00:34.451677,0.09648540372135805,0.18953891868907913,8,0.1741505929990137,0.06479753541189232,0.039856156870748304,0.0239399191752845,0.006115644657991075,0.07039779013287575,0.01494556207641569,20,47,0.027285814433916717,0.15009262048632668,True,False,False,0.0002648358464486296,COMPLETE
1671,0.34745566844940184,2025-04-18 19:54:12.658747,2025-04-18 19:54:48.186300,0 days 00:00:35.527553,0.07655221923517667,0.16493021532023497,8,0.19225368055054043,0.0603328934853503,0.05989853486910339,0.01956147853400582,0.002317106777478835,0.06740652865450575,0.019313117569496722,21,52,0.032638960539559905,0.13443786789525,True,False,False,0.0002278799941993753,COMPLETE
1672,0.4633004724979401,2025-04-18 19:54:48.742570,2025-04-18 19:55:23.094428,0 days 00:00:34.351858,0.11496903801035543,0.11115824648210706,8,0.18373524516342024,0.04798899362919345,0.05665698912192367,0.02535226738988512,0.005608112778174329,0.07289204316476887,0.00984683556836452,20,44,0.02987049781340841,0.1583119356967029,True,False,False,0.00032226120562910674,COMPLETE
1673,0.48818544149398807,2025-04-18 19:55:23.627722,2025-04-18 19:55:59.469179,0 days 00:00:35.841457,0.04083116801230257,0.1370050650886172,8,0.18572303759982078,0.053159376699895726,0.06632964778950509,0.022273776639697665,0.001093182366706157,0.06920857104995776,0.015342978593294079,22,41,0.025600819701376884,0.16462108561144131,True,False,False,0.00036529137505318313,COMPLETE
1674,0.4859018445014954,2025-04-18 19:56:00.002267,2025-04-18 19:56:34.894346,0 days 00:00:34.892079,0.061740641365380926,0.18638355058915604,8,0.20056526007768352,0.0702510273959875,0.06105011009710105,0.027355462170815886,0.004169485723730183,0.071275542551102,0.02261387611064425,21,39,0.035184165520227094,0.14185110855144262,True,False,False,0.00033856890715037703,COMPLETE
1675,0.4824446439743042,2025-04-18 19:56:35.444285,2025-04-18 19:57:09.711664,0 days 00:00:34.267379,0.07896121489529774,0.16832511720093196,8,0.19060762860404512,0.0672775826397723,0.0640276672475243,0.017598503019266954,0.00616382165434289,0.06589436336877776,0.009925918896581811,20,43,0.032249690599671435,0.15369518941492763,True,False,False,0.00022088332870071303,COMPLETE
1676,0.4635252594947815,2025-04-18 19:57:10.246902,2025-04-18 19:57:46.176332,0 days 00:00:35.929430,0.04350355029054361,0.19981818778006788,8,0.1963480989392993,0.05243627075051274,0.06621992233949896,0.027586753138043273,0.00376684055748213,0.03582034583524936,0.01403103882781915,21,47,0.028874438955707054,0.14784266518906866,True,False,False,0.000527910083508896,COMPLETE
1677,0.49083633422851564,2025-04-18 19:57:46.731329,2025-04-18 19:58:22.868934,0 days 00:00:36.137605,0.12427035600983745,0.14722702599987397,8,0.18323693491912965,0.062369624359431504,0.06274245924747093,0.024473857794474002,0.0067500188188934366,0.07400605505251223,0.012129247848308064,22,41,0.030758281833549683,0.1405744952644413,True,False,False,0.00023909511072700736,COMPLETE
1678,0.4770237505435944,2025-04-18 19:58:23.410179,2025-04-18 19:58:57.139117,0 days 00:00:33.728938,0.08447539529224182,0.1974639332002571,8,0.1972340372839643,0.07117909424439121,0.06049179557628057,0.02169377376149734,0.0032912892247018554,0.06869239672960875,0.018569551189047327,20,37,0.03374892827298986,0.13600517728216935,True,False,False,0.00028146345786415384,COMPLETE
1679,0.09307204186916351,2025-04-18 19:58:57.692348,2025-04-18 19:59:27.844659,0 days 00:00:30.152311,0.060576537198553895,0.11560911029467995,8,0.17723701472701583,0.062062561460711575,0.0643520696721574,0.02764545242630751,0.00561910434451748,0.0716988219626569,0.02104578048798882,21,39,0.035458725734840615,0.15612148485554306,False,True,False,0.0002129922768866818,COMPLETE
1680,0.49086641073226933,2025-04-18 19:59:28.382265,2025-04-18 20:00:03.775203,0 days 00:00:35.392938,0.09756508924270252,0.1790305512540903,8,0.1693259958342266,0.07033337412340424,0.05555013010604295,0.025704342884237147,0.007521663624057636,0.00792087657251131,0.01678863233712078,21,44,0.031671844933997814,0.16664821084789794,True,False,False,0.000383589483910935,COMPLETE
1681,0.4035735666751862,2025-04-18 20:00:04.306189,2025-04-18 20:00:39.194694,0 days 00:00:34.888505,0.04072059952578299,0.1572925214176195,8,0.1636498988577916,0.04175869850594556,0.0583847907563644,0.02309532129738036,0.0027118143990852214,0.06516722487780707,0.01180598868577476,21,36,0.02749147143799517,0.14628072892863697,True,False,False,0.0006509494116130137,COMPLETE
1682,0.43123549222946167,2025-04-18 20:00:39.745356,2025-04-18 20:01:13.966546,0 days 00:00:34.221190,0.10213366883356018,0.20332681916652973,8,0.18634540923250834,0.058277266013805465,0.06735947573673094,0.020207956066185258,0.00558154410995514,0.07382808261790776,0.02184804117586806,20,34,0.03362299372662207,0.16088615245576388,True,False,False,0.0002754206313846033,COMPLETE
1683,0.4991310596466065,2025-04-18 20:01:14.500568,2025-04-18 20:01:49.183826,0 days 00:00:34.683258,0.02684781909720138,0.1287027300393984,8,0.19090698098218292,0.06929324404323159,0.06485516484493536,0.025867182341150794,0.008002146800259702,0.06161373712834097,0.016579189423969,20,53,0.03000521738930611,0.12894449749820355,True,False,False,0.00046210552592481025,COMPLETE
1684,0.35818433165550234,2025-04-18 20:01:49.741347,2025-04-18 20:02:25.666615,0 days 00:00:35.925268,0.061177240817821554,0.16973548091229426,8,0.18018516103653698,0.24157092854015963,0.06643046125534409,0.027946570672977244,0.002478556887798405,0.07013392341684661,0.012538404854555282,22,41,0.03308230194634652,0.22257334633145376,True,False,False,0.00019717962842345573,COMPLETE
1685,0.38469764590263367,2025-04-18 20:02:26.202578,2025-04-18 20:03:06.036082,0 days 00:00:39.833504,0.12873843781773286,0.14260288998824203,8,0.16952280349440277,0.07250351858298534,0.061855398655510097,0.023871204357182152,0.004112251700243977,0.041589382809625874,0.02332816817801517,22,105,0.0351148958181085,0.15127539034369192,True,False,False,0.0004321675975629409,COMPLETE
1686,0.48911293745040896,2025-04-18 20:03:06.602680,2025-04-18 20:03:42.466823,0 days 00:00:35.864143,0.0771388672966435,0.1928803327580882,8,0.17517623923631415,0.05412341762099079,0.0641703463598432,0.021968734775864508,0.0077796930972850765,0.06737140136597031,0.014310061732743413,21,45,0.029114940860035982,0.13422858532944282,True,False,False,0.0002239949158138013,COMPLETE
1687,0.4387678921222687,2025-04-18 20:03:43.013099,2025-04-18 20:04:17.684171,0 days 00:00:34.671072,0.042087888665563594,0.17769633036073812,8,0.1566514430024106,0.0628166110736593,0.06691037235647197,0.018762500733155017,0.00591214234692424,0.0741857070750778,0.021109725902128677,20,49,0.03173011336049229,0.1433939003163289,True,False,False,0.000251880568545009,COMPLETE
1688,0.4268388271331787,2025-04-18 20:04:18.221365,2025-04-18 20:04:54.078316,0 days 00:00:35.856951,0.09948814979636114,0.7115719809672489,8,0.17141976330320838,0.07090579604119863,0.06255383410806391,0.025466351624877835,0.008046054389735519,0.0708824813556824,0.011130298489908317,22,38,0.03525454185217155,0.1498008327626537,True,False,False,0.0005847279101872625,COMPLETE
1689,0.48829474449157717,2025-04-18 20:04:54.634398,2025-04-18 20:05:29.354110,0 days 00:00:34.719712,0.03207656709048862,0.2103292249058198,8,0.18815155109134968,0.05747171397349249,0.060694108326828825,0.02770225159556168,0.00439647488851065,0.0696586091642545,0.017615817694119257,21,34,0.030893327069940597,0.15806867679108505,True,False,False,0.00017981907263908096,COMPLETE
1690,0.4051309883594513,2025-04-18 20:05:29.906421,2025-04-18 20:07:05.107966,0 days 00:01:35.201545,0.06333480357332766,0.12056955904171623,2,0.16273712437734292,0.06546266222017341,0.058557656704866554,0.02355296825357703,0.0011627156432563025,0.06755527354655634,0.023713089522827743,23,42,0.03305453491346831,0.14370134014143207,True,False,False,0.00031277620204302566,COMPLETE
1691,0.491165566444397,2025-04-18 20:07:05.667789,2025-04-18 20:07:40.736972,0 days 00:00:35.069183,0.08166017966415613,0.15475923363209487,8,0.18111413529581663,0.07230883044601441,0.0672680529926406,0.025506986995258177,0.005732996705927978,0.07244420915165374,0.014173192713015299,21,40,0.027035505918789005,0.16651990952625237,True,False,False,0.0003954183160819137,COMPLETE
1692,0.377548360824585,2025-04-18 20:07:41.278426,2025-04-18 20:08:16.952602,0 days 00:00:35.674176,0.04639599938659547,0.1864330796491832,8,0.19809500235391003,0.062311149452484144,0.06497137789424262,0.015985030441402353,0.00815301606392205,0.06868203758369995,2.644303417493709e-05,20,71,0.03578416761656141,0.13817573314964413,True,False,False,0.00030287745972055184,COMPLETE
1693,0.470744925737381,2025-04-18 20:08:17.488442,2025-04-18 20:08:52.321248,0 days 00:00:34.832806,0.010474785002687958,0.21112341418962707,8,0.1574498208914684,0.07418532664774383,0.021469145059715936,0.028099888710288155,0.002658900659499435,0.07451928357795248,0.018014859889253273,21,38,0.029276770205049627,0.1535034836363909,True,False,False,0.00017382063363214953,COMPLETE
1694,0.4590302467346191,2025-04-18 20:08:52.880727,2025-04-18 20:09:26.697557,0 days 00:00:33.816830,0.10867674405509012,0.16516126283830543,8,0.16673973629347474,0.07100290724360453,0.06333756009374597,0.021993092030423014,0.006090653129146697,0.06583408978481367,0.00948463734300874,20,34,0.09382795365765895,0.14977401823050823,True,False,False,0.0004920533899809755,COMPLETE
1695,0.4915163516998291,2025-04-18 20:09:27.234780,2025-04-18 20:10:02.332613,0 days 00:00:35.097833,0.06237875826905076,0.1141789496766967,8,0.14932709425092136,0.052409211744816844,0.06007065965739059,0.026214931849632684,0.008486823680559101,0.02887889310503861,0.013261135601199,21,44,0.08351522125403428,0.12979681393441558,True,False,False,0.0003547938658294233,COMPLETE
1696,0.4259709000587464,2025-04-18 20:10:02.893486,2025-04-18 20:10:37.344371,0 days 00:00:34.450885,0.028764579424216213,0.1397192376136546,8,0.1738433142614266,0.06873135234662095,0.057064378249357964,0.023863652338186048,0.00471551607292435,0.06368201466845297,0.019228256655524592,20,38,0.02533363283237691,0.15785980841729075,True,False,False,0.0002218941139563583,COMPLETE
1697,0.4011221647262574,2025-04-18 20:10:37.887931,2025-04-18 20:11:12.778087,0 days 00:00:34.890156,0.12082071398835575,0.19609098296633284,8,0.15967906355825454,0.06463470469794054,0.06829205589882797,0.02060393162717111,0.03999192597176085,0.07256287413086661,0.015353397294040906,22,5,0.032924154288968735,0.13995057289910284,True,False,False,0.00028181611762641783,COMPLETE
1698,0.4591437160968781,2025-04-18 20:11:13.339679,2025-04-18 20:11:47.782163,0 days 00:00:34.442484,0.07824701527712424,0.1721859620175374,8,0.20546020132797108,0.07433478959044887,0.06571957429149679,0.02808523454821369,0.007018140590629602,0.018552265334588185,0.021266727023084613,20,36,0.030908370259015768,0.1479288390008901,True,False,False,0.0006688062621112941,COMPLETE
