number,value,datetime_start,datetime_complete,duration,params_alpha-eval,params_alpha-train,params_batch-size,params_eps-eval,params_eps-train,params_lambda-actions-eval,params_lambda-actions-train,params_lambda-frames-eval,params_lambda-frames-train,params_learning-rate,params_n-epochs,params_n-frames,params_radius-gw,params_rho,params_std-feats,params_ub-actions,params_ub-frames,params_weight-decay,state
1196,0.4368147969245911,2025-04-11 20:26:39.268972,2025-04-11 20:27:56.734859,0 days 00:01:17.465887,0.10488950272570495,0.09086447053458531,2,0.15312293897487922,0.05147904734085212,0.0823458909895594,0.006862416413362811,0.07585959293512444,0.09667609892095502,0.0006856741312505875,22,30,0.090698883451675,0.23141184439576826,True,False,True,9.378203941706957e-06,COMPLETE
1197,0.4390145421028137,2025-04-11 20:27:57.133557,2025-04-11 20:29:31.614817,0 days 00:01:34.481260,0.0665384034615128,0.12757440632754072,2,0.20181943771845567,0.034676008038034126,0.08029071976728686,0.004061256109628063,0.08082109534736594,0.07350440924043761,0.05353050432946545,23,33,0.09008931884244949,0.2117376927000798,True,False,False,1.3919805136753436e-05,COMPLETE
1198,0.45150183439254765,2025-04-11 20:29:32.007741,2025-04-11 20:31:06.135275,0 days 00:01:34.127534,0.10803971075839644,0.1096148943758333,2,0.14389881368262525,0.062407056018695124,0.07790306418961136,0.0010291850738295364,0.07701316648806067,0.09100740684542317,0.03691391006426222,23,36,0.09210457159179898,0.20828651236042792,True,False,False,1.069614206930743e-05,COMPLETE
1199,0.3951674342155457,2025-04-11 20:31:06.531552,2025-04-11 20:32:43.214178,0 days 00:01:36.682626,0.04839651390619165,0.10705713926252694,2,0.19025676799633617,0.04385655254034039,0.07610556745503229,0.008325027122290222,0.08042776782323402,0.09409000991070142,0.04847037483603558,24,24,0.09477170758396815,0.21626131776687543,True,False,False,7.464786125221617e-06,COMPLETE
1200,0.4646504998207093,2025-04-11 20:32:43.608256,2025-04-11 20:34:17.184850,0 days 00:01:33.576594,0.08438253632398415,0.11760520310073196,2,0.19714327640399895,0.07095746387796484,0.08125081953548965,0.008902280394630976,0.07938263745902206,0.060656002337903976,0.06415054809699154,23,33,0.089813439475338,0.22036273680456064,True,False,False,1.258946165370818e-05,COMPLETE
1201,0.4549363493919373,2025-04-11 20:34:17.584121,2025-04-11 20:35:48.811130,0 days 00:01:31.227009,0.06267955401560138,0.13746927920024377,2,0.17861909336949094,0.049842660915226086,0.08584123968478165,0.0051195787986713075,0.08199248306245795,0.003158612003160627,0.04100412108596201,22,29,0.08884714215251922,0.21389581369040858,True,False,False,1.4621830227455294e-05,COMPLETE
1202,0.47320519685745244,2025-04-11 20:35:49.206050,2025-04-11 20:37:25.999867,0 days 00:01:36.793817,0.11250027305467145,0.12176457837970506,2,0.21162847164516557,0.05748046570269464,0.07893555617368368,0.009219827923881896,0.07741386260731463,0.09145319370130237,0.07904453876283116,24,35,0.09262400058271658,0.212513160091611,True,False,False,9.183786123392033e-06,COMPLETE
1203,0.37771453261375426,2025-04-11 20:37:26.395848,2025-04-11 20:38:57.065120,0 days 00:01:30.669272,0.08218457716631822,0.11700879827069939,2,0.18646547706471725,0.16422662550593245,0.07670330275526646,0.005955615472048771,0.08203951202387028,0.06716051050272219,0.038387709935651854,22,31,0.09069091324408966,0.20613912420136596,True,False,False,6.712491882381162e-06,COMPLETE
1204,0.4204328715801239,2025-04-11 20:38:57.462990,2025-04-11 20:40:31.043494,0 days 00:01:33.580504,0.09261196846307915,0.1445210922296874,2,0.1616863410564104,0.13970866082106823,0.08331967353297572,0.007089685212312647,0.07886681022940686,0.09416873555695987,0.03399577911687849,23,36,0.08894885347941213,0.22405626042335455,True,False,False,1.1643221526668291e-05,COMPLETE
1205,0.4506974577903748,2025-04-11 20:40:31.439521,2025-04-11 20:42:09.437034,0 days 00:01:37.997513,0.11604828854688033,0.12960593039384488,2,0.16991846385410775,0.03992036200649385,0.07691333124917066,0.0034534569788739235,0.08391819366999821,0.06493644634642923,0.04615102988019615,24,37,0.04776360831215093,0.21443337604766383,True,False,False,1.758890651862052e-05,COMPLETE
1206,0.09307204186916351,2025-04-11 20:42:09.834564,2025-04-11 20:43:28.033557,0 days 00:01:18.198993,0.044660489928690865,0.09717366104064765,2,0.17669326773263497,0.028218027830928635,0.08066249563090812,0.009305267782214438,0.08137299490954172,0.06962884920117281,0.0580128814634695,22,34,0.08742268814749818,0.22688692473585953,True,True,False,4.98718785238266e-06,COMPLETE
1207,0.4826311230659485,2025-04-11 20:43:28.431888,2025-04-11 20:45:05.207361,0 days 00:01:36.775473,0.06361381381174816,0.15864716904625442,2,0.155944538289171,0.05344291220013183,0.07902479853527289,0.011104763612322271,0.08568118467937083,0.04501519520096024,0.034648591159786996,24,38,0.09594975452096018,0.2004233057363305,True,False,False,1.4988854108733898e-05,COMPLETE
1208,0.4444526314735413,2025-04-11 20:45:05.604830,2025-04-11 20:46:39.373440,0 days 00:01:33.768610,0.09772308563583802,0.1337374935009749,2,0.19322021203788065,0.04548246554446208,0.07508793969735716,0.007020363993972253,0.0739503138413578,0.02782389127588071,0.04457809368455916,23,32,0.05000083632062401,0.21768036341993788,True,False,False,1.9184440348211804e-05,COMPLETE
1209,0.21531004905700685,2025-04-11 20:46:39.771843,2025-04-11 20:48:03.529874,0 days 00:01:23.758031,0.1183884431121561,0.0743989748998252,2,0.18033141944139824,0.06332211873530552,0.08229964479214545,0.01059686087276101,0.08047037833897239,0.07622679605162212,0.06754126830297724,20,38,0.09071431989623921,0.20724178842358001,False,False,False,1.25231600061541e-05,COMPLETE
1210,0.46457670331001283,2025-04-11 20:48:03.928331,2025-04-11 20:49:37.946845,0 days 00:01:34.018514,0.02945663176398078,0.15766950613734557,2,0.1846521293938028,0.05215519629728299,0.08796446938666057,0.008744647317470348,0.08945620806713231,0.09957002001739068,0.03144178976004041,23,35,0.08860811001158683,0.20210906468844234,True,False,False,1.6740179148710517e-05,COMPLETE
1211,0.438846778869629,2025-04-11 20:49:38.348458,2025-04-11 20:51:17.490828,0 days 00:01:39.142370,0.08393137481263155,0.648476684281996,2,0.2006829179638587,0.03578703607940396,0.07396394063972167,0.006118580766139921,0.07815627071170063,0.07190552011694386,0.041218836889565125,25,39,0.09350369153033056,0.23652493058984647,True,False,False,1.0118183373661376e-05,COMPLETE
1212,0.4713686764240265,2025-04-11 20:51:17.894768,2025-04-11 20:52:55.192552,0 days 00:01:37.297784,0.47911137459220277,0.1664618503410556,2,0.1672018705155152,0.05889816988285188,0.07661785236287215,0.0031988575572862625,0.08303813499232436,0.09630547620219454,0.027881244509557188,24,29,0.08783093709436358,0.20793352689202782,True,False,False,1.946612698694902e-05,COMPLETE
1213,0.4747259378433228,2025-04-11 20:52:55.592562,2025-04-11 20:54:22.693148,0 days 00:01:27.100586,0.10553304621353415,0.1442633981188636,2,0.1739534053298779,0.045567765086543185,0.07889984363409494,0.0050095915409002064,0.07601113270260969,0.09009274407104131,0.05496953796577161,21,34,0.09140001469876892,0.2222584002102349,True,False,False,2.608862319168862e-05,COMPLETE
1214,0.3752866268157959,2025-04-11 20:54:23.096163,2025-04-11 20:55:47.086206,0 days 00:01:23.990043,0.05971242846197117,0.11730123019576094,2,0.18942065534145017,0.18621511546481664,0.07347761586726431,0.010020074673022149,0.08627411585268306,0.09241859260241145,0.0003615455434285551,20,40,0.044623102568630515,0.21171664480535005,True,False,False,7.70132921350237e-06,COMPLETE
1215,0.3938682496547699,2025-04-11 20:55:47.487029,2025-04-11 20:57:17.015094,0 days 00:01:29.528065,0.12234363454631433,0.08423804977300264,2,0.19341938435041703,0.06696918067933733,0.07575646241776055,0.0395965362331861,0.09061815902854649,0.07490301907342019,0.08329333735681667,22,37,0.08943513408774556,0.20181767015245478,True,False,False,1.391099468131145e-05,COMPLETE
1216,0.48915871381759646,2025-04-11 20:57:17.421487,2025-04-11 20:58:53.653586,0 days 00:01:36.232099,0.07190080774541097,0.1971205738154505,2,0.18260978769963285,0.0509418688177822,0.08045754831832115,0.012240220095086036,0.0816420913472938,0.0688091484249522,0.0354103958814769,24,41,0.08615549413953832,0.24481410488527208,True,False,False,9.663645268791366e-06,COMPLETE
1217,0.348186731338501,2025-04-11 20:58:54.055457,2025-04-11 21:00:08.839759,0 days 00:01:14.784302,0.09942047373973625,0.1672917044931473,2,0.1646606146427333,0.0766128615146833,0.08533012307574138,0.007888483303027691,0.013473234571548837,0.004346524672618444,0.02236915052750355,21,32,0.09321092298758682,0.20188085725800187,True,False,True,1.9475889945654553e-05,COMPLETE
1218,0.4934634804725647,2025-04-11 21:00:09.244477,2025-04-11 21:01:43.506782,0 days 00:01:34.262305,0.04452060875332306,0.1967514836704538,2,0.17251459232242786,0.038519751703682284,0.07740592182642606,0.011324516125741702,0.087603167545269,0.09067606586730931,0.04946367239492653,23,39,0.053481873475545866,0.21630432702118849,True,False,False,6.123279961514505e-06,COMPLETE
1219,0.47205748558044436,2025-04-11 21:01:43.913414,2025-04-11 21:03:24.031602,0 days 00:01:40.118188,0.12128922888210045,0.20932312741235062,2,0.20683542204457564,0.05704271705424686,0.0829102811436529,0.012879165391588437,0.0842380674581566,0.09384757222108911,0.03122362536049845,25,35,0.08677116605232821,0.20998582151309336,True,False,False,2.1929368323406117e-05,COMPLETE
1220,0.4875197887420654,2025-04-11 21:03:24.436350,2025-04-11 21:04:57.614250,0 days 00:01:33.177900,0.27880509759435973,0.14335093411003674,2,0.19867114016074697,0.046114795447528376,0.07520518787477483,0.026856225186541814,0.07952602066624145,0.024975619129447978,0.041717310149627346,23,42,0.0824923453652364,0.23407961371131708,True,False,False,1.3585968284034817e-05,COMPLETE
1221,0.4230294942855835,2025-04-11 21:04:58.016650,2025-04-11 21:06:40.930396,0 days 00:01:42.913746,0.08954510310241864,0.18082456402649313,2,0.18759788840408168,0.041862875034069054,0.07255792289175562,0.006349162587223147,0.08281970397383528,0.05016224307134539,0.014918282440352142,26,25,0.09005820142288197,0.26706337354929544,True,False,False,2.7431346861308256e-05,COMPLETE
1222,0.4828283190727234,2025-04-11 21:06:41.333765,2025-04-11 21:08:12.080245,0 days 00:01:30.746480,0.12451660453895969,0.20914051979095566,2,0.17814228230084414,0.05418267775695326,0.0783158121095645,0.009878411510678755,0.07845153022901655,0.08792661145575027,0.02593389181082429,22,37,0.08394502203723284,0.1974420026609532,True,False,False,1.1349708936187535e-05,COMPLETE
1223,0.47613797187805174,2025-04-11 21:08:12.479549,2025-04-11 21:09:49.918290,0 days 00:01:37.438741,0.07389572546460582,0.1568418871493666,2,0.15502260347565028,0.05961989803210105,0.08080501975864203,0.01320956888534516,0.08521137761530181,0.0711494750101562,0.05770186624444281,24,40,0.08812541788295691,0.2181019121116473,True,False,False,1.8214885468491704e-05,COMPLETE
1224,0.48395905494689945,2025-04-11 21:09:50.319751,2025-04-11 21:11:11.870656,0 days 00:01:21.550905,0.10330115848333725,0.18095879752140195,2,0.1832139057844115,0.04929774884646572,0.07401785716227974,0.024875416324009608,0.0890964576304415,0.06724964213875176,0.01947553078741172,19,31,0.08526814466563382,0.20503392863175465,True,False,False,2.967278921264285e-05,COMPLETE
1225,0.09307204186916351,2025-04-11 21:11:12.273666,2025-04-11 21:12:38.049275,0 days 00:01:25.775609,0.011627014660463474,0.2152333066341994,2,0.19413279644966114,0.03183685807177176,0.07707244992965072,0.014173096417451413,0.08077975690929011,0.09590417000677234,0.04878371719750119,25,44,0.09147700089404603,0.1958648814361875,True,True,False,2.2184929634218695e-05,COMPLETE
1226,0.45746196508407594,2025-04-11 21:12:38.448770,2025-04-11 21:14:12.786051,0 days 00:01:34.337281,0.045437161426327574,0.13225555504345016,2,0.17078057416741257,0.019991429755234873,0.08467205075035904,0.008469796101264956,0.09165859126900643,0.0010604014580338898,0.03776265548426407,23,35,0.0886092883830154,0.20993935556965765,True,False,False,1.5731440408873808e-05,COMPLETE
1227,0.4718377232551575,2025-04-11 21:14:13.186899,2025-04-11 21:15:50.012453,0 days 00:01:36.825554,0.07788033359805081,0.17520107434284138,2,0.1603344968389367,0.0687638187209816,0.03825918375660092,0.01195393700157729,0.08715056705549967,0.09815836466832024,0.02299342364072716,24,42,0.09501239127599788,0.2303165023114237,True,False,False,5.487021217418032e-06,COMPLETE
1228,0.2764581799507141,2025-04-11 21:15:50.413403,2025-04-11 21:17:19.714960,0 days 00:01:29.301557,0.12162360323829982,0.12179368840156464,2,0.17696605163887805,0.06173478149334177,0.07254999833151897,0.05333055099605888,0.07642621666866452,0.03151485897852105,0.07301354186372576,22,38,0.0866613216889767,0.21880579529689,False,False,False,2.2973369843979296e-06,COMPLETE
1229,0.48230885267257695,2025-04-11 21:17:20.115043,2025-04-11 21:18:47.636079,0 days 00:01:27.521036,0.10266097260644658,0.1556690307934835,2,0.1883350733595021,0.04168776512097333,0.07942740762622516,0.0035102564595698776,0.08263240979979358,0.061876355607325385,0.030299667478070173,21,40,0.0836730838166137,0.2246105002912399,True,False,False,8.681302242272104e-06,COMPLETE
1230,0.34221546649932866,2025-04-11 21:18:48.037705,2025-04-11 21:20:24.404253,0 days 00:01:36.366548,0.06022166029485331,0.7014481573134983,2,0.20078587548845966,0.052802390745383156,0.07581283755565117,0.014879906587472696,0.025536972951829856,0.09019231350741355,0.038113082813663816,23,99,0.08113609551443379,0.1947277636819508,True,False,False,3.2836100142821426e-05,COMPLETE
1231,0.44338483810424806,2025-04-11 21:20:24.803578,2025-04-11 21:22:03.385491,0 days 00:01:38.581913,0.12399366848406107,0.196963704058015,2,0.16407176841191928,0.046471806590487746,0.08201898693715555,0.007427647734723578,0.08468019281088793,0.05521566749093797,0.018096252138727568,24,45,0.09011508680397518,0.20621397092373253,True,False,False,3.634297318142277e-07,COMPLETE
1232,0.4587174534797669,2025-04-11 21:22:03.791138,2025-04-11 21:23:47.297926,0 days 00:01:43.506788,0.08413993115567282,0.2107129107919904,2,0.18341084507810343,0.03721526654268921,0.07009673126007337,0.023498633059270992,0.0804393056718328,0.0925369402298109,0.09834386662824239,26,36,0.09251958431471033,0.20161327021784822,True,False,False,2.3346468640462147e-05,COMPLETE
1233,0.4131528496742249,2025-04-11 21:23:47.701394,2025-04-11 21:25:26.896145,0 days 00:01:39.194751,0.13112895688614362,0.7369515183484145,2,0.21531030962332798,0.057961526603125924,0.08763190004397116,0.045749350796045085,0.07826771492346854,0.0727975230034267,0.027030517727527924,25,27,0.08755819752347778,0.24046317965934094,True,False,False,1.5265885474918605e-05,COMPLETE
1234,0.2805707037448883,2025-04-11 21:25:27.317320,2025-04-11 21:26:40.157482,0 days 00:01:12.840162,0.03144629406996097,0.10208289468821376,2,0.17369313858968471,0.04957206270843035,0.07362582491992672,0.010521332033409495,0.09014830736617226,0.06965102661108881,0.04782961174375154,20,43,0.08516386205655177,0.19309828460088208,True,False,True,1.1100906546362679e-05,COMPLETE
1235,0.44182977676391605,2025-04-11 21:26:40.567542,2025-04-11 21:28:12.568921,0 days 00:01:32.001379,0.09693258945908413,0.18302566241212612,2,0.19409800277227313,0.0640560080337882,0.07760611225161777,0.014398231640921163,0.0927852790588794,0.06464733938948945,0.03564705828622195,22,32,0.0015681744545475024,0.2258170706032371,True,False,False,2.834527419532104e-05,COMPLETE
1236,0.46386556029319764,2025-04-11 21:28:12.976207,2025-04-11 21:29:47.216180,0 days 00:01:34.239973,0.05479901083054836,0.2241593465802221,2,0.1515320375320142,0.043039429983152445,0.07132536265353494,0.005247667434140468,0.08789081719012892,0.08811314159388546,0.06234596727686659,23,39,0.08974018524747594,0.2122957280839616,True,False,False,4.0795120315236025e-06,COMPLETE
1237,0.43240895867347723,2025-04-11 21:29:47.625740,2025-04-11 21:31:25.062706,0 days 00:01:37.436966,0.294709861993775,0.15962307729706302,2,0.18881457357397954,0.02597895268441245,0.07535229814987386,0.011761805065222534,0.07397788702889974,0.0946444914579606,0.0015988116300819305,24,46,0.07968896704448825,0.19749752628013706,True,False,False,3.44497106067827e-05,COMPLETE
1238,0.47711421251297,2025-04-11 21:31:25.470890,2025-04-11 21:32:59.700131,0 days 00:01:34.229241,0.10969524503030105,0.13560319424670542,2,0.18046577192717878,0.05501639116355,0.07908303318760349,0.025926530411252327,0.0827559536015991,0.07672168376693135,0.022433787560586168,23,42,0.08646317483779431,0.2022064801577237,True,False,False,7.471806356138693e-06,COMPLETE
1239,0.48939657211303716,2025-04-11 21:33:00.106827,2025-04-11 21:34:39.390677,0 days 00:01:39.283850,0.0745437971986358,0.18819976654840473,2,0.1688226057178152,0.033028846109452774,0.08117924173920629,0.014282026375142415,0.08603324122737761,0.09149156234972619,0.03081918148133809,25,35,0.09714696458520876,0.21782215061940532,True,False,False,2.019820601182561e-05,COMPLETE
1240,0.49722511768341066,2025-04-11 21:34:39.798648,2025-04-11 21:36:16.986601,0 days 00:01:37.187953,0.13325375182876972,0.1681696706750127,2,0.1405746407041638,0.048049979615221054,0.08383554102634021,0.009751102937174443,0.08025834908989264,0.021688643497352007,0.043072739658867765,24,38,0.08301290613585383,0.1902881458971986,True,False,False,1.4387937195083407e-05,COMPLETE
1241,0.4153216004371644,2025-04-11 21:36:17.393897,2025-04-11 21:37:53.676420,0 days 00:01:36.282523,0.0938833170699434,0.1446371060428237,2,0.20607091507463685,0.04080641518460966,0.08550054100099652,0.010524000800474524,0.07717321220557358,0.02003851685350652,0.03519050842069041,24,29,0.08181582146918337,0.19327679736980127,True,False,False,1.2081261330983337e-05,COMPLETE
1242,0.4390521049499512,2025-04-11 21:37:54.084719,2025-04-11 21:39:32.686624,0 days 00:01:38.601905,0.2563250046529755,0.113547607622314,2,0.13402232381126253,0.038155479047854005,0.08519133264126932,0.012783199619308998,0.07952989051216176,0.018201846982696127,0.042012060919781505,24,33,0.08000848128857689,0.1967901311026817,True,False,False,1.4240371867098352e-05,COMPLETE
1243,0.49011687040328983,2025-04-11 21:39:33.098291,2025-04-11 21:41:12.651873,0 days 00:01:39.553582,0.13025222754833982,0.15157017670539794,2,0.1282387409504504,0.04566355226480137,0.08704503743505712,0.009360362415617114,0.07824693335075415,0.028320092678747362,0.03036744477109633,25,34,0.07896245308371258,0.1944742514449748,True,False,False,9.176623390137281e-06,COMPLETE
1244,0.09307204186916351,2025-04-11 21:41:13.077660,2025-04-11 21:42:37.170965,0 days 00:01:24.093305,0.0626540191966266,0.16666472965903506,2,0.14896528813047047,0.03345424460036852,0.08625683799281555,0.010927227539150514,0.0752297609755551,0.03565584170783627,0.026978947526062322,24,37,0.08106202426811973,0.19076432121230358,True,True,False,1.2342084618940684e-05,COMPLETE
1245,0.48664836883544926,2025-04-11 21:42:37.580597,2025-04-11 21:44:14.718703,0 days 00:01:37.138106,0.03354015058910932,0.14542980303691702,2,0.19766212392352664,0.04360489914163721,0.08438372188651254,0.012477878357521066,0.08073312437363594,0.0118327915043436,0.034606395522965086,24,37,0.0820595746851658,0.20024769073687523,True,False,False,1.5256210650358582e-05,COMPLETE
1246,0.42415351271629337,2025-04-11 21:44:15.125125,2025-04-11 21:45:54.535441,0 days 00:01:39.410316,0.5489116490411003,0.12376675459747577,2,0.12094665897276133,0.04815003028495001,0.08814770409158702,0.015750557581272792,0.08013104941668327,0.015013412007278524,0.04261012306254553,25,32,0.08323566395223644,0.19180341779241897,True,False,False,1.2159961601195221e-05,COMPLETE
1247,0.508533525466919,2025-04-11 21:45:54.947027,2025-04-11 21:47:28.309374,0 days 00:01:33.362347,0.11328418913176508,0.16580042370972053,2,0.13094037494043684,0.037536665777632996,0.08375760237884673,0.012686331968520868,0.07632016690249464,0.023577249288214128,0.02533414129668011,23,35,0.08270154294161451,0.1894295905076695,True,False,False,1.6617518591477856e-05,COMPLETE
1248,0.4293030142784119,2025-04-11 21:47:28.721123,2025-04-11 21:49:02.334581,0 days 00:01:33.613458,0.09879049329068362,0.08972625782802948,2,0.11803017308741241,0.021648698316415013,0.08897479799068651,0.014443077695363762,0.07359502874663323,0.04805363382866232,0.02238175173688186,23,26,0.07918390522444468,0.2082844533829857,True,False,False,1.7713223392222653e-05,COMPLETE
1249,0.30308760404586793,2025-04-11 21:49:02.740714,2025-04-11 21:50:35.076710,0 days 00:01:32.335996,0.0832936305578579,0.14014570145025937,2,0.11244851432465691,0.030450258631101904,0.08227562623487836,0.01563392057503157,0.07779523717768676,0.034411834463542346,0.015068823647663517,23,31,0.08168268631883176,0.20378227142277472,False,False,False,1.9339370673133246e-05,COMPLETE
1250,0.4889960050582886,2025-04-11 21:50:35.483301,2025-04-11 21:52:05.937395,0 days 00:01:30.454094,0.073527370026715,0.17088702646611179,2,0.19126648816126382,0.028747377897094813,0.08373641035377266,0.013361778134938407,0.0789308389505483,0.040716504844553136,0.020032471486144662,22,31,0.08348341716714587,0.2557574814559345,True,False,False,1.6871225664029992e-05,COMPLETE
1251,0.5050604581832886,2025-04-11 21:52:06.344068,2025-04-11 21:53:40.518138,0 days 00:01:34.174070,0.11324107636886113,0.22887234922307234,2,0.08679175111297464,0.011490008173614081,0.08555045948313814,0.015211434812669667,0.08182473113140516,0.03193637455436935,0.017844103400437326,23,34,0.08423606092144123,0.18818595415627995,True,False,False,2.1601278803143992e-05,COMPLETE
1252,0.4523033440113068,2025-04-11 21:53:40.926717,2025-04-11 21:55:10.496511,0 days 00:01:29.569794,0.11392040484318865,0.23708017785780602,2,0.10584841870815874,0.011708063966317902,0.08807106990567516,0.014956933036680303,0.0738345283392107,0.02145994146294853,0.015201440251973092,22,28,0.08050435824526322,0.18833113125115772,True,False,False,2.0520696464708534e-05,COMPLETE
