number,value,datetime_start,datetime_complete,duration,params_alpha-eval,params_alpha-train,params_batch-size,params_eps-eval,params_eps-train,params_lambda-actions-eval,params_lambda-actions-train,params_lambda-frames-eval,params_lambda-frames-train,params_learning-rate,params_n-epochs,params_n-frames,params_radius-gw,params_rho,params_std-feats,params_ub-actions,params_ub-frames,params_weight-decay,state
1755,0.09627480208873748,2025-04-18 20:48:50.626067,2025-04-18 20:49:19.717200,0 days 00:00:29.091133,0.06623543777881458,0.15947163254160263,8,0.25071290755425063,0.084215852367496,0.07350492367480772,0.028818259102843732,0.007027014571211356,0.07581426029479356,0.022625737465962525,19,38,0.03012971622730408,0.21736540477567712,True,True,True,7.304311621191776e-07,COMPLETE
1756,0.3602878987789154,2025-04-18 20:49:20.296880,2025-04-18 20:49:50.770116,0 days 00:00:30.473236,0.02785705173523032,0.17553762342357068,8,0.1663259176587194,0.061394849669416565,0.05896355241840544,0.024366759236127,0.00951091504378149,0.07293389742980837,0.03580548390971864,20,43,0.03255993359550781,0.1576880173152655,True,False,True,0.0007323739194621389,COMPLETE
1757,0.09707749783992768,2025-04-18 20:49:51.331635,2025-04-18 20:50:23.344313,0 days 00:00:32.012678,0.11649771981067122,0.10695452285459812,8,0.14262800317085905,0.2648061001423853,0.07042706363654276,0.02649724386048118,0.005421719164783458,0.06159612276435046,0.015171776512415329,22,36,0.0349065266338629,0.14384827784004792,True,False,True,4.8531423442039374e-05,COMPLETE
1758,0.4681789219379425,2025-04-18 20:50:23.929023,2025-04-18 20:50:59.402774,0 days 00:00:35.473751,0.04460609264966717,0.2042171240576107,8,0.1944891713661566,0.09104021062143988,0.06465731172489235,0.028724182191639826,0.0025999033772451554,0.06829232242054503,0.02979637290071639,21,52,0.03105607046709312,0.15023087640995553,True,False,False,5.121469505754292e-05,COMPLETE
1759,0.2918909668922424,2025-04-18 20:50:59.964661,2025-04-18 20:51:30.947028,0 days 00:00:30.982367,0.08474516280041204,0.14652814494852026,8,0.158694671403814,0.052375487859194096,0.06853105898876127,0.020185150184411773,0.007174783324990785,0.07145160385848427,0.017870894255343005,20,47,0.028481673984558625,0.13684480875409372,True,False,True,8.084192610000862e-05,COMPLETE
1760,0.45388138294219976,2025-04-18 20:51:31.534720,2025-04-18 20:52:02.908085,0 days 00:00:31.373365,0.02717222656021264,0.4112348534443224,8,0.15254281030287414,0.09525228698936648,0.0724334537896615,0.02346686435280095,0.009648796085590002,0.06346725960555176,0.023412642945049213,21,40,0.03664544602033779,0.15416806429937568,True,False,True,1.7358865115163179e-06,COMPLETE
1761,0.4845710039138794,2025-04-18 20:52:03.466649,2025-04-18 20:52:34.986568,0 days 00:00:31.519919,0.061813142163304385,0.22377651118763672,8,0.17265509739898044,0.10146185840957792,0.06210934170910826,0.02557256644438017,0.004436942239504801,0.03701489883779933,0.011530774525235765,22,32,0.03355693443902853,0.14659376685079464,True,False,True,0.0001332374166356627,COMPLETE
1762,0.10213525444269181,2025-04-18 20:52:35.570236,2025-04-18 20:53:05.234613,0 days 00:00:29.664377,0.9736265704123654,0.24379548662858067,8,0.18156493651127062,0.08634714824571768,0.06513869284824665,0.02736586463586493,0.0011593708933456414,0.07699065861641256,0.03454063436226336,19,35,0.025584388077984473,0.21367424370698251,True,False,True,0.0001924572268623906,COMPLETE
1763,0.37220386862754823,2025-04-18 20:53:05.799377,2025-04-18 20:53:43.282200,0 days 00:00:37.482823,0.13619907534064626,0.1789580187716033,8,0.16418219041042473,0.06852822178119905,0.053642959604877825,0.0226183697082861,0.008108535414777266,0.040744272369242704,0.028365839354809925,21,85,0.029867125205174604,0.20591476631199376,True,False,False,6.449217757304571e-05,COMPLETE
1764,0.3874897718429566,2025-04-18 20:53:43.864458,2025-04-18 20:54:14.263647,0 days 00:00:30.399189,0.10137543868769963,0.12402552265534665,8,0.15023380855522497,0.07559193372214366,0.05635709888127983,0.025087493949182638,0.0055080986144124934,0.02708002484652413,0.0161330673213086,20,38,0.03221253819497183,0.1610823870739389,True,False,True,0.0002806520754433134,COMPLETE
1765,0.3639815509319305,2025-04-18 20:54:14.828062,2025-04-18 20:55:51.289856,0 days 00:01:36.461794,0.07572051122764334,0.20469476943592665,2,0.17033529446476542,0.08087632062106247,0.07824826930693544,0.017463764768627352,0.0074752987140036566,0.06990721885483996,0.01941620554155176,28,43,0.022988767600600174,0.12687282843540515,True,False,True,0.0003841001622126666,COMPLETE
1766,0.4970138788223267,2025-04-18 20:55:51.874256,2025-04-18 20:56:23.108043,0 days 00:00:31.233787,0.047059912976368266,0.15201054671673425,8,0.16222477594757512,0.09649008525652668,0.05996155071353985,0.028930992414241352,0.003987022522677073,0.06683250570761995,0.03538691311588837,21,40,0.034920245615410295,0.13987055123363396,True,False,True,0.00024079063705191014,COMPLETE
1767,0.3399313807487488,2025-04-18 20:56:23.672062,2025-04-18 20:56:57.317978,0 days 00:00:33.645916,0.027952652855180837,0.1906574049930031,8,0.1550556616242259,0.08990760258029018,0.0676280466388654,0.026904964986397193,0.009650224961974221,0.016465040777983726,0.012641319683345859,24,46,0.03678211784814526,0.16875179181541664,True,False,True,0.000462897764338759,COMPLETE
1768,0.4438559532165528,2025-04-18 20:56:57.909165,2025-04-18 20:57:31.845951,0 days 00:00:33.936786,0.011663527171325936,0.23024393174726246,8,0.18778460408016634,0.10324729475983088,0.07038258690449152,0.021002326772544863,0.0010182106047025928,0.07435371187628623,0.008340097783520612,20,34,0.032361803342919264,0.15051315759014064,True,False,False,0.0005671708130004903,COMPLETE
1769,0.3805921852588654,2025-04-18 20:57:32.413596,2025-04-18 20:58:04.491157,0 days 00:00:32.077561,0.01062129971756285,0.1746860492317626,8,0.2056426118990305,0.06092306126757545,0.07517826333246919,0.02350780977113793,0.005712929677782499,0.07603151390841506,0.022314225825279633,22,38,0.027441559174343266,0.13009007251585358,True,False,True,0.00011931072070776789,COMPLETE
1770,0.46429352164268495,2025-04-18 20:58:05.079447,2025-04-18 20:58:36.539718,0 days 00:00:31.460271,0.11379352170404942,0.2065554370529998,8,0.07912181221157481,0.0840298211986332,0.07279365084140674,0.028939880040150592,0.007984193533839142,0.0783310604456663,0.014785688589847489,21,42,0.030408971595389425,0.03598447377084864,True,False,True,7.323763085088693e-05,COMPLETE
1771,0.4694033980369568,2025-04-18 20:58:37.106065,2025-04-18 20:59:06.551025,0 days 00:00:29.444960,0.08754492267835132,0.10425884049954998,8,0.15805186449987388,0.09243776964034925,0.063288031592061,0.02513631277057528,0.0031067739743940222,0.06998030294408701,0.01025518315519703,19,32,0.03429961056368621,0.1421740864359284,True,False,True,0.00032757583477874643,COMPLETE
1772,0.42944968342781065,2025-04-18 20:59:07.139394,2025-04-18 20:59:37.697921,0 days 00:00:30.558527,0.05862210937090308,0.13391769527951772,8,0.18242069570615718,0.04833659745441066,0.06664015473337388,0.014692515493826958,0.009118270331296686,0.07312107356364057,0.02993785356432973,20,37,0.036390397787640624,0.15529181328400998,True,False,True,5.5999714552198387e-05,COMPLETE
1773,0.09524693638086319,2025-04-18 20:59:38.268436,2025-04-18 21:00:10.370018,0 days 00:00:32.101582,0.0769069082474328,0.16105378422658234,8,0.2927504935061125,0.07400963427459815,0.06947110282500303,0.026988716630678644,0.0058214503193635345,0.06828180838524289,0.017876304803620197,22,49,0.028765535722617537,0.20572243996890932,True,True,False,0.00014508744610028238,COMPLETE
1774,0.2476403057575226,2025-04-18 21:00:10.958230,2025-04-18 21:00:41.729936,0 days 00:00:30.771706,0.04510391556616332,0.24903261301913587,8,0.14605114676114456,0.10212824395809629,0.07172321197889524,0.018452775799081722,0.0035011062093414313,0.05909728016971948,0.014712118384228055,21,44,0.031473545201977746,0.1354749526171164,False,False,True,0.00021476176648431154,COMPLETE
1775,0.4857484698295593,2025-04-18 21:00:42.296328,2025-04-18 21:01:12.779059,0 days 00:00:30.482731,0.12731507843782425,0.1888752814892041,8,0.16928190022658454,0.08955964565482155,0.06153142591422988,0.022981697479241704,0.007984659659361026,0.07133169919684956,0.03600888202524945,19,40,0.03399709195886854,0.1477513938983692,True,False,True,0.00018448157128928748,COMPLETE
1776,0.46417905092239387,2025-04-18 21:01:13.344731,2025-04-18 21:01:46.382752,0 days 00:00:33.038021,0.10658525389664748,0.2248714392708188,8,0.16407432024772378,0.09638736282850593,0.0660269790577523,0.020822284893093027,0.009686823647253354,0.07916638141003915,6.922591692402274e-05,23,36,0.0325251935969745,0.1618455113493718,True,False,True,0.0002771147612835254,COMPLETE
1777,0.4188410162925721,2025-04-18 21:01:46.966585,2025-04-18 21:02:18.031235,0 days 00:00:31.064650,0.04272716291132514,0.20461303709703418,8,0.1560567452244032,0.06872988465118571,0.07781118518288403,0.029458519010084862,0.0055314836449367605,0.06669601048406032,0.02399196804533717,21,33,0.029886360728647605,0.14318801209038487,True,False,True,8.661341814183475e-05,COMPLETE
1778,0.4568152248859406,2025-04-18 21:02:18.623042,2025-04-18 21:03:43.802488,0 days 00:01:25.179446,0.06487380434959852,0.12536920599013707,2,0.1755111634755582,0.07816241860301454,0.07509648656575178,0.024891611943455516,0.00731084570965953,0.07563029222157411,0.021055394891240933,20,42,0.036856126487641847,0.21121521494845963,True,False,False,0.00042399690056916964,COMPLETE
1779,0.4178735673427582,2025-04-18 21:03:44.379771,2025-04-18 21:04:16.385718,0 days 00:00:32.005947,0.09301648254048434,0.16493488543975876,8,0.19475966138670345,0.10461443697915496,0.05802624001558937,0.02641711274684943,0.0028968731908014063,0.02973663415985437,0.027256166044218183,22,40,0.02658576272397373,0.1552032236300139,True,False,True,4.5601725961638615e-05,COMPLETE
1780,0.28140161037445066,2025-04-18 21:04:16.951075,2025-04-18 21:04:44.864546,0 days 00:00:27.913471,0.025144235192841077,0.14455133783846905,8,0.1683367346119178,0.08443601810286053,0.06875740827405283,0.028783411029192085,0.004618499232941404,0.06500661467126984,0.04008377276107201,16,45,0.03543947138837216,0.02442984062511258,True,False,True,0.0007230665258148227,COMPLETE
1781,0.49335355758666993,2025-04-18 21:04:45.447818,2025-04-18 21:05:16.245137,0 days 00:00:30.797319,0.13261006588710467,0.18711591152939422,8,0.1994251048379819,0.0965486249207461,0.06351678210818387,0.022056032642893904,0.009345805020399518,0.07307845225581444,0.01155026477585257,21,35,0.03119518158388074,0.24181219411580182,True,False,True,0.00011304791229756295,COMPLETE
1782,0.34997740387916565,2025-04-18 21:05:16.812984,2025-04-18 21:05:47.606769,0 days 00:00:30.793785,0.06354302974075403,0.22622139999400226,8,0.16195714155530044,0.056371554811032315,0.07136805644453528,0.027200035178832373,0.006460503660415312,0.06873541317547681,0.014005467397374906,20,39,0.03382154922980191,0.14783758617108086,True,False,True,0.00017789154395016758,COMPLETE
1783,0.46308476328849796,2025-04-18 21:05:48.188584,2025-04-18 21:06:21.906488,0 days 00:00:33.717904,0.04016851290102169,0.2072660534350123,8,0.15152566656319946,0.08929754134796516,0.06040169428473973,0.024551559624545194,0.009556738644146048,0.07039038195838254,0.01746565810709794,19,37,0.028885835976135248,0.22497205104563292,True,False,False,0.00034333834357450267,COMPLETE
1784,0.474983036518097,2025-04-18 21:06:22.475213,2025-04-18 21:06:53.939619,0 days 00:00:31.464406,0.08743335849227632,0.2512306749484272,8,0.14072555677294687,0.08121194955692138,0.06476374328657983,0.029143229620257755,0.002666355941696624,0.07420002717064754,0.03373898298559164,21,32,0.03269163744972323,0.13705247137152543,True,False,True,0.00026328260785434535,COMPLETE
1785,0.45585680007934576,2025-04-18 21:06:54.521997,2025-04-18 21:07:25.189885,0 days 00:00:30.667888,0.10842061154813482,0.17587593137117152,8,0.17912659792576738,0.06694096670033874,0.07322863691079835,0.019081850123752256,0.007601915020581999,0.08171893714196668,0.020392268251613388,20,42,0.03684555012173729,0.20422235296683067,True,False,True,0.0005501014207731109,COMPLETE
1786,0.4708369612693787,2025-04-18 21:07:25.782341,2025-04-18 21:07:57.324849,0 days 00:00:31.542508,0.07190249680651839,0.15373067987523628,8,0.14935142648554325,0.10426305277866978,0.06732453581735037,0.02263571294901745,0.004522380859691209,0.07641542081812995,0.027608975150331082,21,46,0.034988424527267484,0.16740403950929136,True,False,True,7.430291942421323e-05,COMPLETE
1787,0.4232569754123688,2025-04-18 21:07:57.896972,2025-04-18 21:08:28.889026,0 days 00:00:30.992054,0.011160304513778089,0.1091539403703635,8,0.0001987290585619729,0.09726583325429995,0.0762865566190553,0.026130973489352533,0.006083442398708141,0.07223238171657048,0.03956532963420515,20,35,0.030793094383200457,0.15071016716515126,True,False,True,3.8271051925262904e-08,COMPLETE
1788,0.46824133992195127,2025-04-18 21:08:29.455374,2025-04-18 21:09:05.450599,0 days 00:00:35.995225,0.048199652970872975,0.1922918602670398,8,0.16211806958272265,0.07605685503526594,0.06220739015246936,0.024620108987574815,0.010515817397158582,0.07935982633860744,0.016975862188174467,22,39,0.026794253376470987,0.12169073866236568,True,False,False,0.0003392754982388968,COMPLETE
1789,0.4557006418704987,2025-04-18 21:09:06.040789,2025-04-18 21:09:37.921976,0 days 00:00:31.881187,0.030248339857335167,0.21663514660949992,8,0.1572589228162648,0.09112022209405685,0.05227706142151632,0.02755267089433859,0.00752482292818759,0.06770362056085431,0.01355322189347582,21,50,0.03273356719580584,0.13205759921911292,True,False,True,5.3800203252040524e-05,COMPLETE
1790,0.3445543050765991,2025-04-18 21:09:38.486030,2025-04-18 21:10:49.519855,0 days 00:01:11.033825,0.060241421992173055,0.1719075160624955,2,0.16721195755455875,0.06296555719672961,0.04350684546024386,0.020709859111060068,0.002679393718730362,0.07088591745290185,0.0250598959542727,19,42,0.029320424338846775,0.15852928993885115,True,False,True,0.00016652913133874192,COMPLETE
1791,0.5004017233848572,2025-04-18 21:10:50.112618,2025-04-18 21:11:22.162464,0 days 00:00:32.049846,0.08729981339779752,0.12337541644699976,8,0.18665641679211856,0.08645490544006827,0.07044353539325808,0.011835020942501428,0.0045379651616046495,0.06907136742997991,0.03216045328530038,22,37,0.03703070511062283,0.14076715540212179,True,False,True,0.00014541885613333127,COMPLETE
1792,0.09307204186916351,2025-04-18 21:11:22.734286,2025-04-18 21:11:58.037537,0 days 00:00:35.303251,0.10474722323033203,0.23565513529619206,8,0.27492944140335407,0.1001968070772349,0.07421567892487821,0.02310800298918903,0.00975726794584865,0.08319027202872538,0.039440943717418284,29,31,0.03449575821966705,0.1527303964541979,False,True,True,0.0009986107159051013,COMPLETE
1793,0.46227360367774967,2025-04-18 21:11:58.631938,2025-04-18 21:12:30.454073,0 days 00:00:31.822135,0.03239041508510973,0.14847029784987423,8,0.1770884628599263,0.0711617361117704,0.06616146950666169,0.0290145758514118,0.005743420012130714,0.06449541966297437,0.01823063239413971,21,44,0.024995733572514243,0.145849265366515,True,False,True,0.00022567874260553565,COMPLETE
1794,0.43647913336753846,2025-04-18 21:12:31.030001,2025-04-18 21:13:05.606110,0 days 00:00:34.576109,0.5323023581252555,0.20369886195663175,8,0.15574240220307228,0.0937262871320515,0.06871793344703268,0.026119921670296687,0.007553335819488415,0.07307608849398634,0.010130985755909214,20,39,0.031118133338989926,0.21492799345249347,True,False,False,9.724954905455229e-05,COMPLETE
1795,0.4863387107849121,2025-04-18 21:13:06.200185,2025-04-18 21:13:36.092220,0 days 00:00:29.892035,0.07637825162296039,0.1847142370327581,8,0.17163765544534945,0.08169510687824014,0.05499592684579083,0.029280373288405104,0.0010108276725358401,0.07468495677931423,0.02210670503107839,19,35,0.03328130112979907,0.1624025787301531,True,False,True,0.00041370832430555354,COMPLETE
1796,0.09960583746433259,2025-04-18 21:13:36.670618,2025-04-18 21:14:07.371263,0 days 00:00:30.700645,0.05783166544292648,0.10396182182468477,8,0.1605470198474764,0.10170870279479079,0.07162402785458,0.01623518664769013,0.03064066341596578,0.0772914664686602,0.004305982032297416,21,32,0.028338026435985136,0.20525645449319443,True,False,True,4.822998285386825e-05,COMPLETE
1797,0.45497990250587467,2025-04-18 21:14:07.961488,2025-04-18 21:14:40.253835,0 days 00:00:32.292347,0.13280792214724088,0.16859106560760906,8,0.14364525843379244,0.08741065469408649,0.059969519436241556,0.024520949806447583,0.01009235523899158,0.06723937290890218,0.014571865197273727,22,47,0.03532243453494414,0.14155510822568756,True,False,True,6.279287786828237e-05,COMPLETE
1798,0.43290128111839293,2025-04-18 21:14:40.854046,2025-04-18 21:15:11.307710,0 days 00:00:30.453664,0.04057237175589716,0.2533700142556469,8,0.004868831512002011,0.05693694632829081,0.06274636411123516,0.02672335123783008,0.00349494518028949,0.07117380965120566,0.04228572396801545,20,41,0.031056099985065325,0.1546019723861683,True,False,True,2.013673380925017e-06,COMPLETE
1799,0.47719612121582033,2025-04-18 21:15:11.884401,2025-04-18 21:15:46.615272,0 days 00:00:34.730871,0.08385922600790537,0.1370631223086237,8,0.1660761765119754,0.07447922310286254,0.0398051755755702,0.02102311937888723,0.006037626547575188,0.06585761013620876,0.030501739410528826,21,37,0.03712775671374689,0.14711519513510662,True,False,False,0.0002920867931300124,COMPLETE
1800,0.4587964177131653,2025-04-18 21:15:47.218537,2025-04-18 21:16:17.791153,0 days 00:00:30.572616,0.028527001817206188,0.23171147568252518,8,0.14783185998127518,0.09425967834663694,0.0650507189465734,0.027708820499959538,0.008241959947302414,0.022437916108284033,0.012472101001349467,20,44,0.032899887424478476,0.1314863376917535,True,False,True,0.000480420374214313,COMPLETE
1801,0.24219824671745302,2025-04-18 21:16:18.373385,2025-04-18 21:16:52.684857,0 days 00:00:34.311472,0.6106866492954331,0.20494721575255795,8,0.18336266518832903,0.10420322681291684,0.0740266016376775,0.02290769868002487,0.00411293406357928,0.0782728260936592,0.0369989791173946,25,40,0.0293638532998283,0.20897929574514784,True,False,True,0.00026600595278915284,COMPLETE
1802,0.47174889445304874,2025-04-18 21:16:53.290089,2025-04-18 21:17:23.976766,0 days 00:00:30.686677,0.010572931437212663,0.1573174200823789,8,0.15387524595006458,0.0835521709801994,0.056939091552239085,0.019213874295030447,0.010326176746668404,0.06950918502839441,0.020044873011753284,21,34,0.03496711491292146,0.16686801418939395,True,False,True,0.0001361584665441652,COMPLETE
1803,0.472363543510437,2025-04-18 21:17:24.553549,2025-04-18 21:18:43.143711,0 days 00:01:18.590162,0.05643490879541215,0.18146648127321002,2,0.00012799890780924514,0.06376446083988235,0.04710726937799092,0.029726521468710798,0.007269104585742296,0.074270855698992,0.015164625474433658,22,38,0.03144241667817929,0.13776310222739171,True,False,True,0.00021624591720158733,COMPLETE
1804,0.4834656000137329,2025-04-18 21:18:43.719689,2025-04-18 21:19:18.973284,0 days 00:00:35.253595,0.10641025534135043,0.21764250599971763,8,0.1721188656379477,0.09864207621321423,0.06831806838267125,0.02511017325835543,0.043547656015416436,0.07626901531036664,0.02397548710339607,21,43,0.0369404873491893,0.1162078270514699,True,False,False,0.00011048561101642403,COMPLETE
1805,0.43159831762313844,2025-04-18 21:19:19.566603,2025-04-18 21:19:52.550021,0 days 00:00:32.983418,0.12189585071866908,0.11927753134538528,8,0.16252280330265176,0.07874386387559491,0.07057198360337154,0.021993684138076716,0.00555924594426523,0.0807021384809685,0.04115350555658021,23,35,0.026758817731479978,0.2205705650377286,True,False,True,8.808709610083673e-05,COMPLETE
1806,0.4793217301368714,2025-04-18 21:19:53.133722,2025-04-18 21:20:22.887812,0 days 00:00:29.754090,0.07046749760933085,0.19511754986379237,8,0.19086137510084014,0.09053100631779197,0.07260522224367846,0.027385039150626136,0.0025113760302632286,0.04549608575489588,0.01147386108820051,19,31,0.03324205898865075,0.20349684688037625,True,False,True,4.296900634142872e-05,COMPLETE
1807,0.5049704670906068,2025-04-18 21:20:23.481007,2025-04-18 21:20:54.381005,0 days 00:00:30.899998,0.045140920505901884,0.14302837866499934,8,0.0069701886135639934,0.10557508700732843,0.06344692373832071,0.024401962350058072,0.00848964561537157,0.03512541280729289,0.027666969698757735,20,40,0.02884233823120633,0.158014655263604,True,False,True,0.00020999515713951495,COMPLETE
1808,0.2915540337562561,2025-04-18 21:20:54.985926,2025-04-18 21:21:26.203949,0 days 00:00:31.218023,0.0475024943751055,0.12811166873284122,8,0.0063449538417065686,0.09571116086979203,0.06578427121962713,0.023369829977170128,0.010822466936768211,0.03129938663242664,0.02091434164678636,20,47,0.02052510069785237,0.1706255153514614,True,False,True,6.888004023727556e-08,COMPLETE
1809,0.3471626341342926,2025-04-18 21:21:26.782726,2025-04-18 21:22:00.200502,0 days 00:00:33.417776,0.026975275062448945,0.10850779385241213,8,0.0035931096400657293,0.10458439606070441,0.07681736452867251,0.02076060807468586,0.010471179768739538,0.02534161812351895,0.024162102198090053,19,54,0.022560567797123853,0.1658637265653997,True,False,False,0.00017588442544520628,COMPLETE
1810,0.24433684349060059,2025-04-18 21:22:00.804233,2025-04-18 21:22:32.081315,0 days 00:00:31.277082,0.050029731307051614,0.13333698658166793,8,0.004864256408268056,0.09115919542178039,0.05873263319282826,0.022954571021883315,0.00914290963833601,0.03556160831686937,0.01780603684659569,20,49,0.024932142446743064,0.16184554865326437,True,False,True,0.00019603100354049875,COMPLETE
1811,0.331846559047699,2025-04-18 21:22:32.660377,2025-04-18 21:23:02.783557,0 days 00:00:30.123180,0.042202034485496975,0.13721959928173796,8,0.0059165704692494825,0.09862166211628198,0.0509272826350125,0.024077191812104073,0.00787663972252732,0.039488083185201105,0.00062317659008718,20,46,0.02664488793657356,0.1604846757813068,False,False,True,0.00022163304600814773,COMPLETE
