number,value,datetime_start,datetime_complete,duration,params_alpha-eval,params_alpha-train,params_batch-size,params_eps-eval,params_eps-train,params_lambda-actions-eval,params_lambda-actions-train,params_lambda-frames-eval,params_lambda-frames-train,params_learning-rate,params_n-epochs,params_n-frames,params_radius-gw,params_rho,params_std-feats,params_ub-actions,params_ub-frames,params_weight-decay,state
852,0.4336656749248505,2025-04-18 13:55:31.218787,2025-04-18 13:55:52.458369,0 days 00:00:21.239582,0.6903218670336746,0.03528303335930662,16,0.036019980756841284,0.10845499720448235,0.010969941923023398,0.020192885742532828,0.006277129530517956,0.09603456306671887,0.06313469192587716,13,41,0.041938093793666864,0.19913927583004115,True,False,True,2.830124207868098e-05,COMPLETE
853,0.2544074892997742,2025-04-18 13:55:52.731579,2025-04-18 13:56:12.434959,0 days 00:00:19.703380,0.2800051242046213,0.23155761096919522,16,0.01693197065047182,0.1283084167699365,0.0708055642252217,0.02888065596794201,0.0029291722750188157,0.08027235393056244,0.04829623096972064,9,34,0.03887930334768495,0.18391112990294747,True,False,True,8.010040918263076e-06,COMPLETE
854,0.48091386556625365,2025-04-18 13:56:12.713203,2025-04-18 13:56:33.708203,0 days 00:00:20.995000,0.12939183443359323,0.1712625414210362,16,0.050344269802905,0.10452977273093461,0.06485638195001724,0.02186928705571353,0.010070055627882199,0.07336892692550552,0.03331614994838569,12,38,0.045889598264185254,0.2034017090014871,True,False,True,2.082254892347692e-05,COMPLETE
855,0.36455091238021853,2025-04-18 13:56:33.968810,2025-04-18 13:57:01.334132,0 days 00:00:27.365322,0.09623142481735564,0.7209806808829313,16,0.0386287607456955,0.11938759588741048,0.07395212073434368,0.025461935614182415,0.005235228737623467,0.07278783109246743,0.06060964129667633,12,143,0.04066701646076786,0.15476152201157944,True,False,True,1.3480308785625995e-05,COMPLETE
856,0.45929013490676884,2025-04-18 13:57:01.608145,2025-04-18 13:57:22.630281,0 days 00:00:21.022136,0.14831153529216304,0.2592418669485553,16,0.010766556205834516,0.11282953341404535,0.06715059151158444,0.034512344381843606,0.007154080310148978,0.019584569614605245,0.04202013981695591,13,29,0.03656418939189564,0.1783030609054227,True,False,True,3.496295942904592e-05,COMPLETE
857,0.4788748621940613,2025-04-18 13:57:22.905775,2025-04-18 13:57:42.110994,0 days 00:00:19.205219,0.23081467482110038,0.20931121045475284,16,0.04453326886289015,0.10281083007873715,0.06905873911965674,0.016428635427545475,0.002711915137752311,0.09411598788124369,0.053035440381816845,9,33,0.043691354424155816,0.22653692927059982,True,False,True,5.017389937675588e-05,COMPLETE
858,0.47247623801231386,2025-04-18 13:57:42.371436,2025-04-18 13:58:06.041003,0 days 00:00:23.669567,0.5872959346771113,0.15099392150415308,16,0.05629431832956952,0.10917197910331392,0.08308260726085316,0.036917452486748804,0.008951918563795614,0.09995212443427319,0.08121848540147414,19,40,0.03837761579560837,0.19441537064340136,True,False,True,4.936146272350469e-06,COMPLETE
859,0.09307204186916351,2025-04-18 13:58:06.313524,2025-04-18 13:58:25.464549,0 days 00:00:19.151025,0.32737769670242667,0.07843261876002011,16,0.02299053020762101,0.14904286715807613,0.06188994994114528,0.028060268570846023,0.004732649549526096,0.09744515100069184,0.0381821208014549,10,36,0.040703502267113945,0.2084317190909257,False,True,True,3.661797004970326e-06,COMPLETE
860,0.4304242789745331,2025-04-18 13:58:25.737210,2025-04-18 13:58:47.620208,0 days 00:00:21.882998,0.25953526862461485,0.1915186852120334,16,0.03424035407954251,0.12313486624252554,0.055329162403265186,0.026459806393336772,0.00689546839616803,0.08948075397895762,0.029294863169286263,14,43,0.035072030563563845,0.1707031107567697,True,False,True,1.0732770714765301e-05,COMPLETE
861,0.3166443109512329,2025-04-18 13:58:47.899744,2025-04-18 13:59:08.675472,0 days 00:00:20.775728,0.13045394707615426,0.2314004429669829,16,0.01588611096978191,0.08242846893649884,0.0717012965780442,0.029747352942397418,0.010981483329471343,0.09528611255573455,0.0688597799875572,11,50,0.047179036647210425,0.02075583617429899,True,False,True,1.6170178953360552e-05,COMPLETE
862,0.43972245454788206,2025-04-18 13:59:08.940523,2025-04-18 13:59:29.130790,0 days 00:00:20.190267,0.10934657875232949,0.04832252551796731,16,0.06471679186619486,0.05244429576975857,0.06459705196866214,0.03353647402985847,0.038934392705952864,0.08139802723647571,0.04643034559666168,12,32,0.04252656995803398,0.1882774745730972,True,False,True,2.570862406350806e-05,COMPLETE
863,0.465657788515091,2025-04-18 13:59:29.407232,2025-04-18 13:59:50.558990,0 days 00:00:21.151758,0.38313597164666335,0.20528978963498826,16,0.11358235652449014,0.11561449635744483,0.05991412949772186,0.023844509480439455,0.003615690995750959,0.08700411433628713,0.057397161277797426,13,37,0.03800301850213461,0.18036141134262684,True,False,True,2.0210371711767447e-05,COMPLETE
864,0.4109909474849701,2025-04-18 13:59:50.837584,2025-04-18 14:00:10.580951,0 days 00:00:19.743367,0.15404340677932343,0.2480257245302694,16,0.004911895999703576,0.10112402436994475,0.06907938923045578,0.03571066258706565,0.009145203387575856,0.08485182781039916,0.03530338259455389,11,23,0.04566780327984817,0.1639666572959668,True,False,True,6.797892558719661e-06,COMPLETE
865,0.4364829957485199,2025-04-18 14:00:10.848031,2025-04-18 14:00:29.989744,0 days 00:00:19.141713,0.22033594791081762,0.17826945605426162,16,0.12129849161782773,0.09098894148957651,0.06349886721657957,0.02884501221448011,0.0023135869988085435,0.09347060311516638,0.04511001398448645,8,40,0.039494081647630776,0.19565219624328817,True,False,True,9.352384857208078e-06,COMPLETE
866,0.483820366859436,2025-04-18 14:00:30.266269,2025-04-18 14:00:50.981696,0 days 00:00:20.715427,0.18058358961430054,0.22158597994301596,16,0.03769303237108536,0.10957244502447973,0.07437169271193265,0.037144614427041645,0.0010405399762782879,0.06690996589246612,0.05419232310562757,12,34,0.036820930335807495,0.14612001086427473,True,False,True,1.469752142591741e-05,COMPLETE
867,0.4093087136745453,2025-04-18 14:00:51.261356,2025-04-18 14:01:11.423168,0 days 00:00:20.161812,0.12263252181242158,0.2930344629179893,16,0.04777610691554354,0.09529818282077893,0.06647759354528318,0.032689716265884704,0.005314318694267685,0.09612957556268809,0.06729054430675428,10,44,0.0417135267463317,0.1865220862717783,True,False,True,2.994622674039938e-05,COMPLETE
868,0.3814750909805298,2025-04-18 14:01:11.686812,2025-04-18 14:01:32.410614,0 days 00:00:20.723802,0.08764865294585339,0.10071142581430675,16,0.028791929413777347,0.13238241229207368,0.07839825951306104,0.026766485885034483,0.011663416666775981,0.09030642765843293,0.04126763828896254,13,28,0.034751318414739066,0.17354037725584984,True,False,True,2.2892075327651408e-05,COMPLETE
869,0.35447736978530886,2025-04-18 14:01:32.690264,2025-04-18 14:01:53.454424,0 days 00:00:20.764160,0.2885047206814238,0.140313974023557,16,0.04188735576635429,0.07579463247814489,0.05785283601592467,0.030012292883129194,0.007613794377651769,0.05602750221687731,0.030845264937309984,11,46,0.04388436220995527,0.20182585530896086,True,False,True,1.7842531911613974e-05,COMPLETE
870,0.47646949291229246,2025-04-18 14:01:53.729139,2025-04-18 14:02:14.596291,0 days 00:00:20.867152,0.24234633513517234,0.07578539559271702,16,0.023574928090971607,0.10597797553832514,0.07053949998903619,0.023825679111687727,0.004863859204004421,0.09322408239039937,0.07510645886591406,12,37,0.03932572593349721,0.1901615100756689,True,False,True,1.2343351388415576e-05,COMPLETE
871,0.4224596619606018,2025-04-18 14:02:14.876960,2025-04-18 14:02:35.990222,0 days 00:00:21.113262,0.14011572419785448,0.2691098227558487,16,0.03314766077732715,0.06640837452030877,0.0681880974922334,0.0214895290843452,0.009970036916880252,0.06842661707553388,0.05663370150986439,14,31,0.03680847635606157,0.21789602099204985,True,False,True,2.6544196585832518e-05,COMPLETE
872,0.45665218830108645,2025-04-18 14:02:36.257559,2025-04-18 14:02:56.364681,0 days 00:00:20.107122,0.19317542396040382,0.19671819201918106,16,0.052836830411622855,0.11360020931141253,0.07271522441418243,0.018342334737058145,0.007700338076415023,0.09761113126569014,0.03844688613825257,10,42,0.04156483273024514,0.1600944733126291,True,False,True,1.520785097111881e-05,COMPLETE
873,0.49545991420745855,2025-04-18 14:02:56.641606,2025-04-18 14:03:16.948128,0 days 00:00:20.306522,0.1651853516662857,0.12231061331263839,16,0.012013506999449974,0.0991772305860099,0.061600211488410155,0.03398597340984943,0.011618899153812345,0.08787460053435574,0.04850866114262825,11,35,0.044970071453732594,0.18148601864264982,True,False,True,4.214074694123299e-05,COMPLETE
874,0.4747710347175598,2025-04-18 14:03:17.229324,2025-04-18 14:03:37.236179,0 days 00:00:20.006855,0.16931130686902884,0.1302955471376702,16,0.04154418931954068,0.08407048481107773,0.05997336603650481,0.035280526723729944,0.009043834087259554,0.08593791313905244,0.06607371938074756,11,29,0.04832557177390855,0.17643496910256778,True,False,True,7.252803534863653e-05,COMPLETE
875,0.4523274719715119,2025-04-18 14:03:37.517345,2025-04-18 14:03:57.751491,0 days 00:00:20.234146,0.20353324554315388,0.11339435184432128,16,0.022805535362496392,0.09088395245059173,0.0613289603178688,0.033660737308220445,0.011182171680174815,0.0833822977936186,0.08570994902248347,11,34,0.04652065306325944,0.18287233173670828,True,False,True,5.975930795225787e-05,COMPLETE
876,0.41162790060043336,2025-04-18 14:03:58.016764,2025-04-18 14:04:17.720333,0 days 00:00:19.703569,0.21601431692622258,0.11790500578483301,16,0.03589640524120762,0.09705512955055506,0.058963454705770586,0.03638370155346598,0.006589290646281965,0.0873491639389579,0.05100525405696901,10,32,0.04529631050294922,0.16916997538751916,True,False,True,9.647057603298083e-05,COMPLETE
877,0.4302040338516236,2025-04-18 14:04:18.002081,2025-04-18 14:04:37.778979,0 days 00:00:19.776898,0.3150639816766043,0.1195942960799441,16,0.018032698597141263,0.10061771889704609,0.06251511809987723,0.03140665585507368,0.0027548411328780402,0.08826552291615145,0.05926369481408481,11,26,0.04713833964649098,0.18064191499579316,True,False,True,4.4148357969349934e-05,COMPLETE
878,0.1649002104997635,2025-04-18 14:04:38.062471,2025-04-18 14:04:57.487150,0 days 00:00:19.424679,0.1799104175123014,0.1328478775203814,16,0.00014071907507037622,0.08719142240845608,0.05678375400555792,0.0342790232160731,0.010428231994084849,0.087876194291126,0.0495660038376195,10,35,0.04448346759744034,0.1860379069746379,False,True,True,4.9621555028989855e-05,COMPLETE
879,0.3787035167217255,2025-04-18 14:04:57.756225,2025-04-18 14:05:18.879571,0 days 00:00:21.123346,0.25751760088195463,0.09275493647693336,16,0.047057343467900165,0.0781449700524637,0.06173939511507718,0.03740762708113218,0.0010028863857326847,0.08511527766409652,0.07176570987560667,11,56,0.044762238550291836,0.17557336369323204,True,False,True,5.997254390315118e-06,COMPLETE
880,0.4734666526317597,2025-04-18 14:05:19.158221,2025-04-18 14:05:39.373548,0 days 00:00:20.215327,0.7360170549776164,0.14920414810705288,16,0.029078171908625865,0.09388307289275827,0.06223937349427848,0.03308629990860571,0.006251429134117085,0.08904542937851606,0.04898664705227532,10,39,0.04970467841382615,0.1900369558623132,True,False,True,8.57926669640552e-06,COMPLETE
881,0.471579122543335,2025-04-18 14:05:39.658087,2025-04-18 14:05:59.896645,0 days 00:00:20.238558,0.07158155644712201,0.1572135852499518,16,0.008002814557971997,0.10065103700579993,0.06440761367397771,0.03159152603447841,0.004278346211045974,0.08590008323231314,0.06173615751898799,11,31,0.047512715308761715,0.167053148248826,True,False,True,4.0053864529688436e-05,COMPLETE
882,0.43979582786560056,2025-04-18 14:06:00.180763,2025-04-18 14:06:19.367630,0 days 00:00:19.186867,0.6378794026208545,0.11528569791672566,16,0.055991983408839235,0.08873022292191593,0.06057500365526501,0.03551070665154223,0.008319061302571446,0.0894750744438836,0.08087336717973134,9,34,0.04320438191856194,0.1797589916913993,True,False,True,1.0383274790639325e-05,COMPLETE
883,0.48099391460418706,2025-04-18 14:06:19.643402,2025-04-18 14:06:40.034469,0 days 00:00:20.391067,0.23208745135963818,0.09401520616060056,16,0.03813801078199357,0.09750323343570927,0.0640244249633839,0.038878605417577664,0.012442269604598892,0.04556108779160262,0.033798397245428456,11,40,0.04552891706757853,0.19675293513066364,True,False,True,4.42752690572945e-06,COMPLETE
884,0.4763563632965088,2025-04-18 14:06:40.316101,2025-04-18 14:07:00.707231,0 days 00:00:20.391130,0.11515523494467624,0.13712982404210056,16,0.07316989813002961,0.1040985843845669,0.0893769427034973,0.029674796946996807,0.004267275476051872,0.08246331069107152,0.04177052266108941,12,36,0.04331608328696972,0.18398997752495602,True,False,True,1.2772090621472846e-05,COMPLETE
885,0.47623752355575566,2025-04-18 14:07:00.993568,2025-04-18 14:07:21.324931,0 days 00:00:20.331363,0.1962113059775396,0.07904044854009423,16,0.03083787543536398,0.08437227280614727,0.05390487636203162,0.03256807620508667,0.009490448288945817,0.09080261825627142,0.053231823906319996,11,29,0.047882761249840186,0.17296377929704412,True,False,True,2.0816508099536622e-05,COMPLETE
886,0.23520550727844242,2025-04-18 14:07:21.601502,2025-04-18 14:07:41.493724,0 days 00:00:19.892222,0.16325231765104292,0.10383154405962457,16,0.04995309343534258,0.12674456411208646,0.05771484659298176,0.027692845573945763,0.006247498544642552,0.08725319697693464,0.02887556446460158,10,38,0.042438738315338675,0.19361268410452048,True,False,True,7.609201269791484e-06,COMPLETE
887,0.3774571597576142,2025-04-18 14:07:41.778006,2025-04-18 14:08:02.328947,0 days 00:00:20.550941,0.2965883941545472,0.15936040969026313,16,0.01805768909514264,0.11829830660206431,0.06475469582978094,0.03564781820656988,0.011897811576923852,0.08415182312136638,0.06287801565711708,11,42,0.025922187085880236,0.18642055805464683,True,False,True,5.741897104103915e-05,COMPLETE
888,0.4722565293312073,2025-04-18 14:08:02.614493,2025-04-18 14:08:25.534757,0 days 00:00:22.920264,0.13577149191874133,0.06727727609219526,16,0.044182342284024324,0.0702078467646717,0.05967145110584068,0.03051326304599465,0.0028148797480734857,0.09105965658081723,0.04299587613731061,18,33,0.044145328719556884,0.17612447213476426,True,False,True,1.647129227589974e-05,COMPLETE
889,0.3872001528739929,2025-04-18 14:08:25.824655,2025-04-18 14:08:44.548535,0 days 00:00:18.723880,0.1749392624676941,0.1334068299585494,16,0.13603558588668496,0.09454896094929313,0.0656939148531413,0.03807324327899553,0.008542854105638674,0.08879034196009333,0.03657529922465578,9,15,0.03386996961599465,0.1539093636813132,True,False,True,1.1142360095534667e-05,COMPLETE
890,0.4612906932830811,2025-04-18 14:08:44.821296,2025-04-18 14:09:04.962366,0 days 00:00:20.141070,0.0977992627464984,0.1731969384698885,16,0.025295193183233255,0.10993431236233558,0.04879599944624871,0.025276585013660414,0.006003654859443988,0.09161659560139014,0.08108066403128766,12,25,0.04117255958281513,0.18153660143602202,True,False,True,3.883146199595137e-05,COMPLETE
891,0.42995073795318606,2025-04-18 14:09:05.246993,2025-04-18 14:09:25.351969,0 days 00:00:20.104976,0.2737545571795997,0.1041214211850217,16,0.012552414816864367,0.10277933022397376,0.06229984337366907,0.01250835568005148,0.010843459609031514,0.08874505890494915,0.048847875209050796,10,46,0.02966729239863307,0.1898226087015272,True,False,True,2.3186443093503747e-05,COMPLETE
892,0.35604578256607056,2025-04-18 14:09:25.638495,2025-04-18 14:09:47.459090,0 days 00:00:21.820595,0.15058099259018567,0.15202254694510386,16,0.03763447257999708,0.2318447380234035,0.05527341299377942,0.033797226562857406,0.0027697659037973304,0.03845285506031222,0.0630737438365592,11,70,0.03566061678540978,0.16496670457706444,True,False,True,1.8312486225062007e-05,COMPLETE
893,0.2582185208797455,2025-04-18 14:09:47.751704,2025-04-18 14:10:08.227416,0 days 00:00:20.475712,0.11870003141793599,0.08550219900688992,16,0.062455785086865265,0.12258015615549686,0.06329669219253418,0.031684362752085964,0.007413223469732486,0.08007320573974275,0.0009608356320938978,12,36,0.04574401573754043,0.19850153624253045,True,False,True,1.3847208350328565e-05,COMPLETE
894,0.35359878540039064,2025-04-18 14:10:08.502602,2025-04-18 14:10:29.162063,0 days 00:00:20.659461,0.20953885105154862,0.05356260269178242,16,0.032934814853575696,0.11430695320860512,0.08084722606994224,0.03456326699187795,0.004299282991412145,0.09078666563116823,0.027002849197072628,12,32,0.031713176214856496,0.1476170563735957,True,False,True,3.3492023403044636e-05,COMPLETE
895,0.29451171159744266,2025-04-18 14:10:29.445460,2025-04-18 14:10:49.594826,0 days 00:00:20.149366,0.3487681017576815,0.1687894623234056,16,0.04160359150055985,0.09677679631632909,0.08364843211363811,0.027594446730551066,0.012160198228028676,0.08644850115104695,0.05165690675741991,11,39,0.037980565679159965,0.17204477434046786,True,False,True,1.1599543070349673e-06,COMPLETE
896,0.17765961885452272,2025-04-18 14:10:49.884047,2025-04-18 14:11:09.315118,0 days 00:00:19.431071,0.23937038169906938,0.18538034917999227,16,0.006203743604488775,0.07952340162305954,0.058524399953250844,0.02954328567260054,0.009316926057835016,0.07352196595324043,0.03348364495268151,10,52,0.049038576006339735,0.19274011415873854,False,True,True,5.840803495080294e-06,COMPLETE
897,0.35405299067497253,2025-04-18 14:11:09.604668,2025-04-18 14:11:29.525287,0 days 00:00:19.920619,0.1392507525567237,0.12461717600955867,16,0.025878715168717602,0.14018333220531018,0.06577505502689106,0.026065937949153354,0.0027900186542960956,0.05767865462762401,0.07456426341042757,11,28,0.04105441067863097,0.1844118071764964,True,False,True,2.937851223292929e-06,COMPLETE
898,0.3791094720363617,2025-04-18 14:11:29.800451,2025-04-18 14:11:48.770021,0 days 00:00:18.969570,0.08663558639960599,0.0707757370229833,16,0.050364267271492534,0.10674535838251735,0.060919094903007,0.03681348646737844,0.00518118211519943,0.0922991030667615,0.04088858239115062,8,42,0.0177667771648835,0.1784085437686986,True,False,True,9.265612880938915e-06,COMPLETE
899,0.47519924044609074,2025-04-18 14:11:49.055218,2025-04-18 14:12:09.632232,0 days 00:00:20.577014,0.18938418845837207,0.09193696615135044,16,0.018326299112783787,0.08978366984525245,0.066587988475938,0.03206599314283475,0.007343203579572781,0.09003695885182425,0.05717989174125937,12,36,0.04340918074972056,0.20561608901436093,True,False,True,1.973698691399244e-05,COMPLETE
900,0.47672606706619264,2025-04-18 14:12:09.920678,2025-04-18 14:12:29.831892,0 days 00:00:19.911214,0.1641076858078876,0.14870251054543243,16,0.03454791954139484,0.11755515142131212,0.06463682193077577,0.03907556559864249,0.010509149686305974,0.0929407766631406,0.046248871296931185,10,30,0.034812638780727864,0.1600095478814562,True,False,True,2.703047787406874e-05,COMPLETE
901,0.4767690896987915,2025-04-18 14:12:30.123556,2025-04-18 14:12:49.470151,0 days 00:00:19.346595,0.25963986050470833,0.17160632619086458,16,0.0456911823950715,0.10195491366574401,0.06782798645409001,0.028632717463744153,0.012950905066265781,0.07170092890900386,0.03688350087936825,9,34,0.04612640052011485,0.18930413247861208,True,False,True,1.4605326460611507e-05,COMPLETE
902,0.49692211151123045,2025-04-18 14:12:49.745108,2025-04-18 14:13:10.257794,0 days 00:00:20.512686,0.10898367857753254,0.1909591573515355,16,0.012023250388976763,0.11164029295015367,0.06273225057496289,0.022316092353151948,0.004769485456114783,0.0841784608486531,0.06453821446716652,11,40,0.03966606228355479,0.19755865414317664,True,False,True,7.4242618591444446e-06,COMPLETE
903,0.3966945290565491,2025-04-18 14:13:10.549164,2025-04-18 14:13:35.461182,0 days 00:00:24.912018,0.0654523636422496,0.14005827144722593,16,0.007017285805016746,0.10917107781329762,0.06753512202694442,0.020151349432343535,0.004027336967185823,0.08366517958091797,0.08169595979307061,12,107,0.036827458785878855,0.20328686787496006,True,False,True,7.434464881894521e-06,COMPLETE
904,0.28158864974975584,2025-04-18 14:13:35.752300,2025-04-18 14:13:56.587651,0 days 00:00:20.835351,0.8463258033237291,0.06331494478281936,16,0.012846589043762239,0.08278559090708473,0.0633943996520252,0.01895845140002593,0.0012024648861801153,0.08366007519376568,0.06779987939975539,11,48,0.03294649642102525,0.19983465160051742,True,False,True,5.576680282902113e-06,COMPLETE
905,0.4418972790241242,2025-04-18 14:13:56.881181,2025-04-18 14:14:17.062540,0 days 00:00:20.181359,0.436937195649206,0.11255124922338935,16,0.011916076917445777,0.07371679759160919,0.06549278607924454,0.023081203165153448,0.005796925360934421,0.0823086245321709,0.08791627993936146,10,44,0.04188450817207737,0.19895437608717007,True,False,True,5.9998114307179e-06,COMPLETE
906,0.3445234000682831,2025-04-18 14:14:17.338583,2025-04-18 14:14:38.188118,0 days 00:00:20.849535,0.11735390898854495,0.16472057531972722,16,0.008492907218023042,0.181772488733465,0.06562355646079858,0.0215973871059816,0.0045588282955279025,0.08386327990914587,0.07035221653742461,12,40,0.0393302048888652,0.19472143723659127,True,False,True,7.444382629807875e-06,COMPLETE
907,0.4312920093536377,2025-04-18 14:14:38.477344,2025-04-18 14:14:58.952056,0 days 00:00:20.474712,0.11365929773846109,0.1943305951195541,16,0.016827147662800437,0.09332612232716354,0.06336280507426416,0.021531839625692762,0.0069049715320821095,0.08138126493744265,0.06267453100691121,11,42,0.030444865331808995,0.20724858424188247,True,False,True,4.776545287881573e-06,COMPLETE
908,0.29130539894104,2025-04-18 14:14:59.245095,2025-04-18 14:15:25.997367,0 days 00:00:26.752272,0.08923556756860301,0.17688003378394138,16,0.0002496612766073056,0.12466398246534346,0.06777487774898011,0.01608265844797246,0.002609442978507363,0.08599571565515766,0.0778404445383471,12,129,0.03782125785331502,0.1937641076669002,True,False,True,9.040219268103975e-06,COMPLETE
