number,value,datetime_start,datetime_complete,duration,params_alpha-eval,params_alpha-train,params_batch-size,params_eps-eval,params_eps-train,params_lambda-actions-eval,params_lambda-actions-train,params_lambda-frames-eval,params_lambda-frames-train,params_learning-rate,params_n-epochs,params_n-frames,params_radius-gw,params_rho,params_std-feats,params_ub-actions,params_ub-frames,params_weight-decay,state
227,0.4436256170272827,2025-04-18 03:07:08.443173,2025-04-18 03:07:29.126263,0 days 00:00:20.683090,0.054088537200884815,0.07463565161700263,16,0.021526650222070065,0.08005586140760922,0.06691901511432607,0.017904637111673265,0.00544322464012146,0.08975178997971209,0.0594588801488961,11,44,0.02858961143249279,0.1985755897853017,True,False,True,1.3610835910197811e-05,COMPLETE
228,0.360868364572525,2025-04-18 03:07:29.200735,2025-04-18 03:07:50.069224,0 days 00:00:20.868489,0.010132913884193982,0.13848889525453384,16,0.011485307488038193,0.07073896545569042,0.07483690036174823,0.021882701148214376,0.0034926339507440883,0.08304525871499878,0.07424942615167268,12,37,0.025744217508854077,0.19038069041503386,True,False,True,7.532292723846627e-06,COMPLETE
229,0.3534817695617676,2025-04-18 03:07:50.144081,2025-04-18 03:08:11.148863,0 days 00:00:21.004782,0.0369579601590688,0.12368892050822371,16,0.03442640362986996,0.07802205291814575,0.06511068834024931,0.0197237161136117,0.0017695581701718146,0.0917277172543699,2.1696225839301094e-05,12,41,0.029903509846421365,0.2139203005271572,True,False,True,1.6471215952494455e-05,COMPLETE
230,0.45560303330421453,2025-04-18 03:08:11.223259,2025-04-18 03:08:31.488484,0 days 00:00:20.265225,0.0831088013932393,0.09508191614132533,16,0.17971729109962203,0.06601311806306102,0.07013228320799764,0.022938852769957895,0.006221236886623379,0.08857765231882374,0.08357000001436515,11,34,0.03153481663921507,0.19280676422088688,True,False,True,1.1542159943800526e-05,COMPLETE
231,0.30782634019851685,2025-04-18 03:08:31.561207,2025-04-18 03:08:53.222710,0 days 00:00:21.661503,0.059954027278502395,0.17426832193302833,16,0.01668574319894916,0.08655834764678555,0.04667887857172713,0.027286806953601712,0.0012273791094454581,0.09377411061011669,0.060627670757146146,13,46,0.0338679800687603,0.19892378572564634,True,False,True,8.649964060112187e-06,COMPLETE
232,0.45888172388076787,2025-04-18 03:08:53.296925,2025-04-18 03:09:14.555907,0 days 00:00:21.258982,0.011780345819345065,0.09592042348760252,16,0.20370291106330682,0.09397605244666055,0.0675002626955691,0.017686580978073678,0.003935738468197939,0.0403650332481119,0.09919628246997253,13,39,0.027292311842672334,0.20888639175557316,True,False,True,1.9187694964827843e-05,COMPLETE
233,0.3801353216171265,2025-04-18 03:09:14.639432,2025-04-18 03:09:36.098698,0 days 00:00:21.459266,0.04386804351544411,0.14199117030074138,16,0.027239002808556224,0.08113777204786822,0.06316528110372777,0.023762853645041222,0.0010431073421016722,0.09057672359214035,0.07008847194851363,12,42,0.03216429499694071,0.22352035770190642,True,False,True,1.3741178258186562e-05,COMPLETE
234,0.5036276936531068,2025-04-18 03:09:36.173748,2025-04-18 03:09:57.825179,0 days 00:00:21.651431,0.02956887258323498,0.08323640957059533,16,0.005508853251215044,0.07691370996134839,0.07161106394401401,0.026732410674751163,0.008550391255019251,0.09315367180470921,0.052177820687118376,13,37,0.036604329994540344,0.2028089257662672,True,False,True,1.0099329694923473e-05,COMPLETE
235,0.4869189143180847,2025-04-18 03:09:57.899317,2025-04-18 03:10:19.254186,0 days 00:00:21.354869,0.027005327275983385,0.03910050386625093,16,0.2427309366819021,0.07591206214718973,0.07197299806164964,0.02629770826159847,0.009461067926502512,0.09324604974774983,0.053160526128391235,13,36,0.03549059653349663,0.2041585688735407,True,False,True,6.8521700331624425e-06,COMPLETE
236,0.4988982677459717,2025-04-18 03:10:19.328928,2025-04-18 03:10:40.900762,0 days 00:00:21.571834,0.0308714068926429,0.07997251281161054,16,0.01082007256728325,0.07732851373746874,0.06679582499228658,0.02532627548238224,0.009249359784554288,0.09354534101394585,0.05053953482818838,13,36,0.0362550626010714,0.2018846675104491,True,False,True,5.64025066719395e-06,COMPLETE
237,0.4549095809459687,2025-04-18 03:10:40.976069,2025-04-18 03:11:02.187696,0 days 00:00:21.211627,0.024975602546446436,0.033688653994945805,16,0.00739160787336067,0.07645610790993705,0.06817381153708811,0.015029453636365629,0.011232966522426547,0.09521090091064557,0.052924313389888046,13,36,0.03673344240096136,0.2039518342040206,True,False,True,5.060520053739937e-06,COMPLETE
238,0.4833158612251282,2025-04-18 03:11:02.263305,2025-04-18 03:11:22.935390,0 days 00:00:20.672085,0.10774381129710787,0.05573729882789446,16,0.2323461976996251,0.08289387653150619,0.07452537342992079,0.02643959336627701,0.009432728522657084,0.0934461581625729,0.06862974661714619,12,37,0.03607784359372694,0.21220896094708466,True,False,True,3.84746937268564e-06,COMPLETE
239,0.24524930119514465,2025-04-18 03:11:23.021078,2025-04-18 03:11:43.886641,0 days 00:00:20.865563,0.11063754557428762,0.08000624840769724,16,0.28877502692657453,0.08353793475460376,0.07325824443191081,0.026519178690898995,0.009820317375633096,0.09303698993765402,0.05857323955971793,12,35,0.03946579546754491,0.21211066567361278,True,False,True,6.7115409204691845e-06,COMPLETE
240,0.10169692039489747,2025-04-18 03:11:43.962123,2025-04-18 03:12:03.518280,0 days 00:00:19.556157,0.0862732046521549,0.013669646946990466,16,0.2371519975762154,0.06795809694402974,0.07622931783109836,0.028002914843325413,0.013968399255685958,0.09385180935990524,0.00011539865296477633,10,33,0.036683833417634204,0.21842192113404202,True,False,True,3.4866766570789095e-06,COMPLETE
241,0.418291437625885,2025-04-18 03:12:03.596895,2025-04-18 03:12:25.016866,0 days 00:00:21.419971,0.062324361647360355,0.049822678089521975,16,0.25010367502746633,0.07567585599037889,0.06982539977659526,0.025702614973141833,0.006811339156354336,0.09649835013999318,0.06852116047027075,13,38,0.03488280803649258,0.20181713581270994,True,False,True,2.8157335245677633e-06,COMPLETE
242,0.4803152322769165,2025-04-18 03:12:25.094463,2025-04-18 03:12:46.032094,0 days 00:00:20.937631,0.053465586755681194,0.056487379140690165,16,0.23620796931688534,0.08597916055661148,0.07805536283890742,0.025155143821486994,0.010741402374601933,0.09745638957435034,0.046959488012275674,12,39,0.030533994183888764,0.1937268500728589,True,False,True,9.499632035678848e-06,COMPLETE
243,0.4575461328029633,2025-04-18 03:12:46.109478,2025-04-18 03:13:06.835147,0 days 00:00:20.725669,0.022785966594033452,0.057482346014337986,16,0.2540033630426652,0.0826658454507771,0.07470323127874076,0.024255781416608092,0.011147645220279296,0.09561645561224116,0.04842351008019783,12,39,0.029872790087176557,0.18994913125108157,True,False,True,9.610006458117808e-06,COMPLETE
244,0.21537362337112426,2025-04-18 03:13:06.912304,2025-04-18 03:13:27.711964,0 days 00:00:20.799660,0.041958930061737024,0.08576319656405743,16,0.23068347985510645,0.08841262549506738,0.06613282342169771,0.028685798514727565,0.009156653714718417,0.09298562038619423,0.0004273207770330363,12,36,0.021493038732561524,0.19428962348788503,True,False,True,7.145462731908055e-06,COMPLETE
245,0.45430532097816473,2025-04-18 03:13:27.799632,2025-04-18 03:13:47.825802,0 days 00:00:20.026170,0.012732435167135698,0.057844008265361964,16,0.23274799964735535,0.07528548312388778,0.07740744045915321,0.025141967899068803,0.00569733189262108,0.08705080687858073,0.04392540113290651,11,33,0.03550794124557233,0.2066139860636753,True,False,True,5.465305828500668e-06,COMPLETE
246,0.3049081444740296,2025-04-18 03:13:47.904254,2025-04-18 03:14:09.386539,0 days 00:00:21.482285,0.05101060059277551,0.11326761104271635,16,0.24265545549389048,0.06451474687121159,0.07209815066818455,0.027234892298744418,0.008211569699772544,0.0939657086774085,0.05625284120518651,13,37,0.03083124038772761,0.1960008161248456,True,False,True,1.121123485878256e-05,COMPLETE
247,0.39352777004241946,2025-04-18 03:14:09.464576,2025-04-18 03:14:30.235047,0 days 00:00:20.770471,0.07500103770476854,0.03755864787317693,16,0.2209075955266434,0.07878296859159031,0.060466006620081426,0.022257009408531016,0.010926275196365763,0.09119185439901714,0.07598103994431046,12,41,0.03254917621597338,0.20034932717376905,True,False,True,8.524246505292691e-06,COMPLETE
248,0.44578065872192385,2025-04-18 03:14:30.314213,2025-04-18 03:14:51.986786,0 days 00:00:21.672573,0.029639980476181774,0.22089906770891238,16,0.24245112547067807,0.08809271493197413,0.062410829420966686,0.025903174176214155,0.0048220712883494995,0.09788541563903155,0.06061700182380096,13,45,0.03633835448485631,0.216812324154547,True,False,True,1.0574509145852033e-05,COMPLETE
249,0.3239336729049683,2025-04-18 03:14:52.065572,2025-04-18 03:15:13.063671,0 days 00:00:20.998099,0.09023801475213278,0.06627223406615243,16,0.26639341300653463,0.06837099333824916,0.06524570629709768,0.027823328511070892,0.00743575720791587,0.09560484181931549,0.04970630456780272,12,35,0.03823777858479888,0.21146713137023365,True,False,True,3.996703466576581e-06,COMPLETE
250,0.4549427390098572,2025-04-18 03:15:13.141862,2025-04-18 03:15:33.641447,0 days 00:00:20.499585,0.13389412891095998,0.023962521837137957,16,0.005565723071971143,0.08086082653581793,0.07361993994579133,0.024949990444954433,0.013305086866705082,0.08962881776980082,0.08075016297571802,11,39,0.033554936281507276,0.1941302433267813,True,False,True,6.4316467904309205e-06,COMPLETE
251,0.4556099355220795,2025-04-18 03:15:33.731617,2025-04-18 03:15:55.475211,0 days 00:00:21.743594,0.054622856982555805,0.08924432477577211,16,0.22265211498101617,0.09622248040068294,0.06906743065570592,0.019498592571636733,0.009800175743947353,0.0927609490054308,0.04384298023377276,14,43,0.02730138615309082,0.20428119641730116,True,False,True,1.3486508972731804e-05,COMPLETE
252,0.38966432213783264,2025-04-18 03:15:55.555144,2025-04-18 03:16:17.079860,0 days 00:00:21.524716,0.028432847555277523,0.11605248556009863,16,0.021058079587754096,0.089208258410198,0.07803773100261832,0.02951468357099905,0.005529230142499214,0.09784661074313307,0.06103931658017511,13,32,0.029926746176145796,0.1799902576162798,True,True,True,5.004235928264451e-06,COMPLETE
253,0.2713085114955902,2025-04-18 03:16:17.160500,2025-04-18 03:16:38.076159,0 days 00:00:20.915659,0.04862499269182831,0.0646647672109301,16,0.008522982331858234,0.0729937652554107,0.059523199573737154,0.023482012475501673,0.0039106144455004245,0.08636025877979352,0.06824355258331728,14,37,0.03406142338169127,0.20786552257776103,False,False,True,9.920832798366428e-06,COMPLETE
254,0.4614093065261841,2025-04-18 03:16:38.156303,2025-04-18 03:16:59.022352,0 days 00:00:20.866049,0.011934332797290254,0.08447534746739217,16,0.018975818901379452,0.10732402363512797,0.07075654035656932,0.028229237007847637,0.011868983049775532,0.09484338580092772,0.05173501588068359,12,41,0.03960611851404018,0.19714164460641892,True,False,True,2.5948117296874306e-06,COMPLETE
255,0.44309628605842594,2025-04-18 03:16:59.103000,2025-04-18 03:17:20.043713,0 days 00:00:20.940713,0.10071589688706686,0.04564005011210494,16,0.19519904109515596,0.0845792153077556,0.0645102903901166,0.030824716772316067,0.007495450144043979,0.09136202570050204,0.08423461286885184,13,35,0.03723764972712329,0.18950695315240623,True,False,True,7.68146917970273e-06,COMPLETE
256,0.4803186058998108,2025-04-18 03:17:20.126861,2025-04-18 03:17:40.638589,0 days 00:00:20.511728,0.0663178994668159,0.26212484152566684,16,0.0002598398455843868,0.09988908605763883,0.06651325827997769,0.02244894596898225,0.0034484378666041504,0.09983052619926044,0.0413625488811352,11,39,0.0317917208784673,0.20073792906455146,True,False,True,1.3792246461918529e-05,COMPLETE
257,0.4535571694374085,2025-04-18 03:17:40.728945,2025-04-18 03:18:01.007167,0 days 00:00:20.278222,0.07367867559421509,0.2229720488792153,16,0.0007839503319603258,0.09947753454906878,0.06673612009130021,0.020672864775183077,0.003860702253648959,0.09915654424050123,0.0398604357644179,10,40,0.028593452883550252,0.20287011999725982,True,False,True,1.5021783312854901e-05,COMPLETE
258,0.46140137314796453,2025-04-18 03:18:01.088614,2025-04-18 03:18:21.176027,0 days 00:00:20.087413,0.04053705766447353,0.37460845896736455,16,0.007532177361528963,0.0931307657111382,0.061851264350106606,0.022822586220834596,0.006123518749534121,0.09726513467641121,0.045398700848886885,11,31,0.03243683186778433,0.2179872976957817,True,False,True,1.1750457486621719e-05,COMPLETE
259,0.3895978569984436,2025-04-18 03:18:21.259293,2025-04-18 03:18:42.544443,0 days 00:00:21.285150,0.06371238647471375,0.09472677782561752,16,0.014482596422448805,0.10700302681535899,0.06824858074495287,0.026357057603510457,0.002931084511229106,0.09586142667080585,0.05545158616221995,12,44,0.01705252519502007,0.19456099696277987,True,False,True,6.574196965181271e-06,COMPLETE
260,0.47978152036666877,2025-04-18 03:18:42.627303,2025-04-18 03:19:03.129733,0 days 00:00:20.502430,0.010400295962745994,0.26867374392886073,16,0.0048955724855965594,0.09857536154832408,0.07450953288847857,0.015932559609703772,0.0011146171154588706,0.0994354253394182,0.06898903528442611,11,37,0.030835628102403242,0.23422665219356226,True,False,True,5.030259287277208e-06,COMPLETE
261,0.4686198174953461,2025-04-18 03:19:03.211797,2025-04-18 03:19:23.215201,0 days 00:00:20.003404,0.038405550479669356,0.27413216868024204,16,0.0021335248112583395,0.10165754959979606,0.0748763378121022,0.015241675589786952,0.009318771668271518,0.09987621936955794,0.036390354615401674,10,34,0.03162987619675269,0.24120362848652255,True,False,True,3.986174103393221e-06,COMPLETE
262,0.4625433146953583,2025-04-18 03:19:23.298579,2025-04-18 03:19:43.352782,0 days 00:00:20.054203,0.03606331449735624,0.2634389525553632,16,0.00037086250838511657,0.10142134459103669,0.07235574915645693,0.01654347529959943,0.010190537040528476,0.0993174345994518,0.03567616566575288,11,33,0.034691712870924284,0.23123195345345446,True,False,True,5.20633894948202e-06,COMPLETE
263,0.4132082879543305,2025-04-18 03:19:43.448819,2025-04-18 03:20:02.997007,0 days 00:00:19.548188,0.030513827920647003,0.27082745071437603,16,0.006037024027539447,0.10021205561200716,0.0760835155498158,0.008260731447971847,0.009011885450621296,0.09975340046853645,0.039741666364146354,9,31,0.011526612891655658,0.23722503359471322,True,False,True,3.839341787008902e-06,COMPLETE
264,0.41855337619781496,2025-04-18 03:20:03.080595,2025-04-18 03:20:22.807190,0 days 00:00:19.726595,0.05303752819824302,0.2431272255821423,16,0.004807919999408371,0.1203862046713262,0.0638877418450428,0.015000468544576293,0.01369918384918211,0.09769195205195975,0.0007449753258949268,10,34,0.040699122695132026,0.23113252326471806,True,False,True,4.621966893404805e-06,COMPLETE
265,0.45106956362724304,2025-04-18 03:20:22.891397,2025-04-18 03:20:42.868014,0 days 00:00:19.976617,0.08522370031892074,0.21149326863803078,16,0.012758548375877277,0.10687102344207845,0.05866200011494675,0.013584282710159667,0.007087877357105283,0.09672458554333878,0.04616095200560285,10,36,0.03598204836741644,0.2612825153623613,True,False,True,3.311443464920218e-06,COMPLETE
266,0.3651545405387879,2025-04-18 03:20:42.953535,2025-04-18 03:21:03.764933,0 days 00:00:20.811398,0.027733581401390893,0.17906032238994551,16,0.009474632850630818,0.09607112224550929,0.07970586604057707,0.036310778844886246,0.005710930245884826,0.09987448710487051,0.09883386563763995,11,47,0.03209402806226255,0.24663679278748862,True,False,True,8.093765700204754e-06,COMPLETE
267,0.28074186444282534,2025-04-18 03:21:03.849355,2025-04-18 03:21:27.375591,0 days 00:00:23.526236,0.054453187912434656,0.27925478390697533,16,0.0011861996110707129,0.11315817934229017,0.07047782359482108,0.01670538062191819,0.012176422914496374,0.0979234884282262,3.5369072860073734e-05,9,120,0.02547354319510995,0.2487030067262263,True,False,True,6.2899933512957695e-06,COMPLETE
268,0.4587289154529572,2025-04-18 03:21:27.470066,2025-04-18 03:21:47.392639,0 days 00:00:19.922573,0.01053873103006079,0.40143742481331646,16,0.01146576397576031,0.09153252211844495,0.06611110518867869,0.03271858689982883,0.008999651388576425,0.09551334148468657,0.05119626811367384,11,29,0.03784598384800358,0.25171259912240146,True,False,True,4.0325513566013835e-06,COMPLETE
269,0.4436116993427277,2025-04-18 03:21:47.478482,2025-04-18 03:22:09.397088,0 days 00:00:21.918606,0.11727649936260393,0.2554365902274305,16,0.00034029171440355666,0.10262261901386138,0.06146007220768972,0.03881717695364526,0.07785027335961486,0.09753725082867924,0.0015509326975830804,14,43,0.03486717759907199,0.1810216072833933,True,False,True,1.7204811441156994e-05,COMPLETE
270,0.46261853575706485,2025-04-18 03:22:09.481897,2025-04-18 03:22:29.360633,0 days 00:00:19.878736,0.041845736083777084,0.30663797005604915,16,0.2460144483781685,0.09665862672258911,0.07227501768440783,0.012615372951310034,0.004623965504382942,0.09984575025905534,0.03559618000588345,10,36,0.031716251912285436,0.2808123543225831,True,False,True,8.463462677616756e-06,COMPLETE
271,0.2750019371509552,2025-04-18 03:22:29.447221,2025-04-18 03:22:50.705652,0 days 00:00:21.258431,0.07946995584262445,0.38474105425645655,16,0.01697982317124736,0.0885534816202008,0.07446206296595635,0.034462430793819054,0.08246620541468139,0.09400064246699906,0.08302112835743959,13,41,0.028708629261113942,0.1878773520028627,True,False,True,2.7411846686881334e-05,COMPLETE
272,0.46643642187118534,2025-04-18 03:22:50.790294,2025-04-18 03:23:12.029935,0 days 00:00:21.239641,0.033534574737275745,0.14706368124564423,16,0.23646754143446835,0.10953084738435537,0.06287520163305892,0.011112907567858828,0.007800995741543123,0.09605938988203505,0.055924693353286814,13,38,0.03366823781114153,0.22404575317163827,True,False,True,5.5819347980528575e-06,COMPLETE
273,0.46932310461997984,2025-04-18 03:23:12.126759,2025-04-18 03:23:32.590267,0 days 00:00:20.463508,0.0649260358413697,0.12396580113282546,16,0.23884770685945803,0.11868251020886192,0.0603243530898777,0.005560434248432895,0.010655270720338719,0.09628081607798883,0.0579887699551918,12,32,0.03356358918973932,0.23863878346174905,True,False,True,5.095378416858298e-06,COMPLETE
274,0.11099592000246049,2025-04-18 03:23:32.676939,2025-04-18 03:23:52.138226,0 days 00:00:19.461287,0.029281446962791058,0.1451673751517941,16,0.2363262468266793,0.12173869630035153,0.060258229797850796,0.01063325938314029,0.01091509788800985,0.0963399102332447,0.05266521369336033,12,31,0.034418251625537556,0.24038356996488405,False,True,True,5.318103377041787e-06,COMPLETE
275,0.1174070417881012,2025-04-18 03:23:52.225675,2025-04-18 03:24:11.821152,0 days 00:00:19.595477,0.049795914318258375,0.12927401115198492,16,0.25363151299160125,0.11645598214612453,0.06283152643652663,0.01575188006520101,0.015144422366200887,0.0983317691369016,0.07499376934919846,11,27,0.030923201431497183,0.23534022584807324,True,False,True,2.369342311524137e-06,COMPLETE
276,0.10127687007188797,2025-04-18 03:24:11.909842,2025-04-18 03:24:32.356759,0 days 00:00:20.446917,0.09419074216422146,0.15496548874175742,16,0.23931702344078942,0.11151301409924191,0.05678659131765981,0.012484342836789179,0.010032199740445997,0.09626815013594604,0.058569596126677545,12,32,0.027015127639707023,0.22319510548107002,True,False,True,4.772987254272973e-06,COMPLETE
277,0.4775289177894593,2025-04-18 03:24:32.443188,2025-04-18 03:24:53.148952,0 days 00:00:20.705764,0.011519988832332517,0.34277483850795487,16,0.2445792642395905,0.12803195980198334,0.06393724906391043,0.039513673218735834,0.012237374421288883,0.09479336551157952,0.08601106397843636,12,34,0.03345879529936903,0.24098681222467558,True,False,True,3.166802290638514e-06,COMPLETE
278,0.47635511159896854,2025-04-18 03:24:53.247411,2025-04-18 03:25:12.559474,0 days 00:00:19.312063,0.02231748498006573,0.3315836097413748,16,0.22455808593830937,0.1266920981143199,0.06489472404527695,0.0393491751511127,0.011507695292404706,0.09475559979002506,0.08476336148930881,9,34,0.06588674431057032,0.24853047726666505,True,False,True,2.725619459562913e-06,COMPLETE
279,0.10043381452560426,2025-04-18 03:25:12.647612,2025-04-18 03:25:31.810416,0 days 00:00:19.162804,0.021657857751710113,0.35648969140392484,16,0.2257639988626963,0.13608490566388526,0.06469336664540228,0.03943041494279637,0.013002108877211937,0.09396493664350837,0.0856457165495747,9,29,0.06496982228957036,0.25663828496267815,True,False,True,2.985405070677647e-06,COMPLETE
280,0.447399777173996,2025-04-18 03:25:31.899526,2025-04-18 03:25:50.722109,0 days 00:00:18.822583,0.011268864621933907,0.337654379693357,16,0.2604442860509441,0.12806845698758929,0.05984901634254031,0.005894790972542464,0.014694408959137354,0.09472519171127826,0.09818433832275691,8,34,0.06594509202169463,0.24291826063115582,True,False,True,2.741137891079423e-06,COMPLETE
281,0.45315168499946595,2025-04-18 03:25:50.810009,2025-04-18 03:26:10.123345,0 days 00:00:19.313336,0.05852646162481899,0.29452592842893943,16,0.24876397547231405,0.13282587464440276,0.055424287250281035,0.0010149350621765085,0.011998826706507848,0.09755085538878316,0.0749591263514509,8,33,0.06250721602117645,0.24370322537952954,True,False,True,3.4904945576289575e-06,COMPLETE
282,0.09023945182561875,2025-04-18 03:26:10.211802,2025-04-18 03:26:29.869422,0 days 00:00:19.657620,0.011238982868515088,0.3712901588123971,16,0.24389044654982783,0.12571223292724787,0.06585098666948266,0.005928326981290219,0.010128479908114022,0.09978165370588002,0.0855671168017912,10,29,0.06659236552473737,0.2329286182815287,True,False,True,1.7459113257993136e-06,COMPLETE
