number,value,datetime_start,datetime_complete,duration,params_alpha-eval,params_alpha-train,params_batch-size,params_eps-eval,params_eps-train,params_lambda-actions-eval,params_lambda-actions-train,params_lambda-frames-eval,params_lambda-frames-train,params_learning-rate,params_n-epochs,params_n-frames,params_radius-gw,params_rho,params_std-feats,params_ub-actions,params_ub-frames,params_weight-decay,state
795,0.36185145378112793,2025-04-18 13:35:07.833196,2025-04-18 13:35:26.955607,0 days 00:00:19.122411,0.11928495275812137,0.06290186102417974,16,0.027093514877855416,0.07989830621862454,0.0834562046996357,0.02641369861151665,0.012508279020794334,0.06890271985654445,0.04726474276014171,8,45,0.03835293816778581,0.17671680310236532,True,False,True,2.4302694684319277e-05,COMPLETE
796,0.2851940870285034,2025-04-18 13:35:27.198085,2025-04-18 13:35:46.198737,0 days 00:00:19.000652,0.13423132366621943,0.05161587211571339,16,0.003924526461950385,0.0695710007338984,0.07004057151729215,0.02762939384235497,0.009902915682805599,0.07394964665221321,0.03017445816058773,8,39,0.04309930711377552,0.1762273848024862,True,False,True,1.9901594708097815e-05,COMPLETE
797,0.33736364245414735,2025-04-18 13:35:46.453585,2025-04-18 13:36:05.436854,0 days 00:00:18.983269,0.24269652867132402,0.07659108717440548,16,0.03519329903020099,0.08201671798536382,0.06543828396615149,0.022854750028149767,0.01636633623584304,0.07246375521516114,6.379997131087364e-05,8,41,0.03985152172220913,0.18301916401870116,True,False,True,2.9999779283394767e-05,COMPLETE
798,0.44378326535224916,2025-04-18 13:36:05.692580,2025-04-18 13:36:25.309667,0 days 00:00:19.617087,0.14328625033734727,0.05578761393633093,16,0.0209672020400902,0.0850773881178264,0.06713724398552841,0.06839693684302098,0.010137552487750218,0.07609682586531774,0.03829971497289315,9,44,0.045440955699088154,0.1861672728519232,True,False,True,4.6466767356950516e-05,COMPLETE
799,0.2731117367744446,2025-04-18 13:36:25.554567,2025-04-18 13:36:45.579718,0 days 00:00:20.025151,0.10977072254800205,0.02932250259337702,16,0.030025600074365145,0.06495839465839615,0.07296748275363163,0.02801134051418841,0.013913666644567219,0.07476806081417628,0.05073797321853822,9,52,0.03536785472236552,0.1635406563154434,True,False,True,1.987568450289057e-05,COMPLETE
800,0.3458260238170624,2025-04-18 13:36:45.835179,2025-04-18 13:37:06.303663,0 days 00:00:20.468484,0.16910687323286594,0.06546241291054603,16,0.009054040913333339,0.07849264869088335,0.04945584439197659,0.024997255731596536,0.008437903152332858,0.07581929212539407,0.04275426896868384,9,63,0.03702404628849198,0.18160983516902307,True,False,True,2.7096883072200182e-05,COMPLETE
801,0.3537535905838013,2025-04-18 13:37:06.561045,2025-04-18 13:37:29.958469,0 days 00:00:23.397424,0.12356631298183825,0.24365115698393203,8,0.0159126399592538,0.07538774251587413,0.06925050742164494,0.02884527558329063,0.012036637376242628,0.0688591844054738,0.014944990822019251,10,38,0.04172195675792142,0.17059937070225764,True,False,True,1.621305004736951e-05,COMPLETE
802,0.26196101903915403,2025-04-18 13:37:30.205490,2025-04-18 13:37:49.288859,0 days 00:00:19.083369,0.6137077242026088,0.26376298999256076,16,0.0249820770948765,0.08960982170753104,0.051399284987150615,0.021946305517104716,0.00903508579254447,0.07680967469411881,0.03506637803462961,9,40,0.0333234282208691,0.18680760090263296,False,False,True,2.3802486566538755e-05,COMPLETE
803,0.42383210062980653,2025-04-18 13:37:49.547426,2025-04-18 13:38:13.470884,0 days 00:00:23.923458,0.4222675925250923,0.04279684641381434,16,0.03432639955864862,0.084030908913808,0.0775517722872725,0.05809373575377231,0.015792721733479752,0.07180546677581266,0.052843463313597974,19,44,0.005716281633451878,0.1767802917622505,True,False,True,3.916295349515049e-05,COMPLETE
804,0.09307204186916351,2025-04-18 13:38:13.738079,2025-04-18 13:38:32.042306,0 days 00:00:18.304227,0.25700446872754634,0.08238121680792568,16,0.07115067220682285,0.1314688348583997,0.06529110630887519,0.07712916502990474,0.007418021360515618,0.09700195977895085,0.009391506099375595,7,38,0.0302634393536366,0.1577782437058008,True,True,True,1.9302981530839827e-05,COMPLETE
805,0.2694662392139435,2025-04-18 13:38:32.289301,2025-04-18 13:38:56.104821,0 days 00:00:23.815520,0.14615991046451515,0.2243923035684727,16,0.05543851315232646,0.09220085402347869,0.08711728174200482,0.06483418694515561,0.011460570776695052,0.09479729502835867,0.03124705424473412,10,114,0.038656370445515786,0.1884203753964232,True,False,True,3.479494570553772e-05,COMPLETE
806,0.3560964226722717,2025-04-18 13:38:56.362425,2025-04-18 13:39:16.411534,0 days 00:00:20.049109,0.3658314980021291,0.10294236058905637,16,0.04223454209636729,0.1121367249874611,0.07468747387621952,0.02675808704527714,0.013727501895302457,0.06626597100277523,0.04562983086461508,10,36,0.04581758552382374,0.18188145030941563,True,False,True,4.2109535906534304e-06,COMPLETE
807,0.47857965230941774,2025-04-18 13:39:16.671285,2025-04-18 13:39:42.235539,0 days 00:00:25.564254,0.38701538919960166,0.2424965382536926,8,0.0007746013709674614,0.12150938966284484,0.07149622942652739,0.029521410375156522,0.018287051632222922,0.09842784389395225,0.0565693616095992,13,41,0.03611793375805529,0.23716217020915809,True,False,True,1.514442030765786e-05,COMPLETE
808,0.4412139654159546,2025-04-18 13:39:42.482587,2025-04-18 13:40:01.650349,0 days 00:00:19.167762,0.19339686939709458,0.20904931174103492,16,0.04756182126673159,0.09769308822971398,0.08037142273353957,0.03112097358081897,0.009444254996729646,0.054319843137429866,0.00038282812682749153,9,33,0.04334746999586989,0.17144798113439177,True,False,True,2.573355072638775e-05,COMPLETE
809,0.4584447145462036,2025-04-18 13:40:01.910114,2025-04-18 13:40:22.801898,0 days 00:00:20.891784,0.16320805184936554,0.07531796655392,16,0.02476516628854207,0.10751504054243345,0.05477846431117314,0.02476567215514838,0.015254165532127014,0.07722768157606083,0.040225293154186714,12,43,0.040789252724684824,0.21896501877786112,True,False,True,1.8917743172433266e-05,COMPLETE
810,0.4793336510658264,2025-04-18 13:40:23.063916,2025-04-18 13:40:44.043624,0 days 00:00:20.979708,0.22258528505429653,0.2283099165977042,16,0.038526435173223295,0.11674170718090024,0.005075062199517318,0.026180084051799713,0.007197926311947984,0.07907697117825552,0.025614732560470144,13,36,0.03848682397954594,0.16496382058537853,True,False,True,3.0290870598511678e-05,COMPLETE
811,0.4726510286331177,2025-04-18 13:40:44.291814,2025-04-18 13:41:04.051231,0 days 00:00:19.759417,0.09954663452369764,0.279441863308138,16,0.031278416000582544,0.08766147425110667,0.06793842283506454,0.06328112397338351,0.012029349446432842,0.09344414447857834,0.05517910315895276,10,30,0.03445401107873307,0.19284465439862838,True,False,True,5.235292653927114e-05,COMPLETE
812,0.4105560123920441,2025-04-18 13:41:04.311215,2025-04-18 13:41:25.138584,0 days 00:00:20.827369,0.14165013401372975,0.20403596132604804,16,0.019483631823747613,0.07601907770745042,0.06987534117814345,0.027998697885020834,0.009447081879822407,0.07235189081855282,0.03500602884408341,11,48,0.031509094848227615,0.1822717636334461,True,False,True,1.724942733370707e-05,COMPLETE
813,0.4886696577072144,2025-04-18 13:41:25.402326,2025-04-18 13:41:50.416477,0 days 00:00:25.014151,0.18343329404212244,0.2454503145299035,8,0.009570116743905753,0.09816861870421481,0.05675274799416472,0.020651897557155803,0.00640767142931856,0.09673912240370126,0.047171556620116156,12,39,0.03681869220015015,0.1914114148226241,True,False,True,2.2817165798625194e-05,COMPLETE
814,0.4734423756599427,2025-04-18 13:41:50.668183,2025-04-18 13:42:11.438400,0 days 00:00:20.770217,0.11771273853694487,0.2237915546965288,16,0.03700792219347737,0.10909388627959316,0.06441023813344737,0.03002898927306716,0.011060374310858597,0.09244540443695567,0.03085740151344904,13,33,0.03989991920973419,0.17639227713878222,True,False,True,1.4729154977418405e-05,COMPLETE
815,0.35806176662445066,2025-04-18 13:42:11.701063,2025-04-18 13:42:32.362473,0 days 00:00:20.661410,0.1578379557889327,0.02658220537666084,16,0.0138137601225742,0.14264193616715934,0.06688515055242572,0.06949601197437195,0.014407353667380409,0.05099634376184765,0.021919464139075303,12,37,0.04284195607893866,0.18617621346440089,True,False,True,3.2149227978703203e-05,COMPLETE
816,0.4655134975910187,2025-04-18 13:42:32.628173,2025-04-18 13:42:51.884837,0 days 00:00:19.256664,0.23673156876268212,0.20117769071069774,16,0.045250815765851514,0.12830727337831233,0.07158367552935348,0.028400717616873024,0.007502258492852288,0.09456155320660362,0.040240980079782385,8,43,0.046425367051979145,0.2298854557176852,True,False,True,5.374296816925137e-06,COMPLETE
817,0.4606927871704102,2025-04-18 13:42:52.142363,2025-04-18 13:43:12.274224,0 days 00:00:20.131861,0.08377632106446364,0.11925255067941565,16,0.027407540199670802,0.10333600935139231,0.07537559403659617,0.03250663218955141,0.016929401326485308,0.09848713928216048,0.06078602948117843,10,40,0.03306246839499793,0.19828776835075895,True,False,True,2.223120612105233e-05,COMPLETE
818,0.4857189059257508,2025-04-18 13:43:12.535740,2025-04-18 13:43:32.490124,0 days 00:00:19.954384,0.2653979393684782,0.2647592882208306,16,0.052697437688586896,0.11335051183332835,0.0820712983508375,0.05496132440608544,0.005112383457518169,0.0959801859142174,0.04955117171071722,11,28,0.040789385438113765,0.15909669681026564,True,False,True,1.2529003779701627e-05,COMPLETE
819,0.3628075420856476,2025-04-18 13:43:32.756517,2025-04-18 13:43:51.211613,0 days 00:00:18.455096,0.1287650243135885,0.05349271437009024,16,0.032390310192649756,0.09347142323572026,0.06527318381799666,0.023908735867923712,0.012777521774731264,0.03260042287515567,0.0695010117405206,11,8,0.02464868583554975,0.1699684912131091,True,False,True,1.8063080226507356e-05,COMPLETE
820,0.33652125597000127,2025-04-18 13:43:51.462546,2025-04-18 13:44:15.019565,0 days 00:00:23.557019,0.18295385195895864,0.0980829769782328,8,0.04089062526657597,0.11946705134724464,0.06942994097455464,0.030932482167814947,0.008591300240391786,0.06237143440490641,0.019372847712022644,10,35,0.044255147139396024,0.17918547990713418,True,False,True,3.803000962539275e-05,COMPLETE
821,0.3103858709335327,2025-04-18 13:44:15.286356,2025-04-18 13:44:35.621138,0 days 00:00:20.334782,0.3112950356894517,0.18486647749873145,16,0.020186133910103272,0.10639871825939175,0.0727928754688085,0.03274316854374616,0.010594935076030345,0.09249551272560862,0.03643723566774686,12,32,0.03773902668670969,0.1919382292743378,False,True,True,9.393799483965009e-06,COMPLETE
822,0.44907793998718265,2025-04-18 13:44:35.888757,2025-04-18 13:44:57.549331,0 days 00:00:21.660574,0.3337419534288162,0.22001838265601414,16,0.06140771415693218,0.06044833349625808,0.06710959526450141,0.026715668353163614,0.004365380230782723,0.09418287724684321,0.027600098534114693,13,46,0.03570245459636723,0.18552860413311503,True,False,True,2.7799706198854897e-05,COMPLETE
823,0.2667734205722809,2025-04-18 13:44:57.799787,2025-04-18 13:45:19.426262,0 days 00:00:21.626475,0.20863844452917904,0.2418053534205721,16,0.034854363712818436,0.0681060005977495,0.07776388319542114,0.02954308768845689,0.013037305054678516,0.09994458290166232,2.890789856019927e-05,9,86,0.0423888942127233,0.15572247163130642,True,False,True,1.4973904207428633e-05,COMPLETE
824,0.46971901655197146,2025-04-18 13:45:19.689316,2025-04-18 13:45:40.099930,0 days 00:00:20.410614,0.16111333040785292,0.19718689554892496,16,0.014302019631166457,0.08531413793078631,0.05400234811186541,0.023469227857497155,0.006190387813510522,0.09136463241957098,0.04386850137355801,11,37,0.0400089804921383,0.17333743510662808,True,False,True,2.0319331265163978e-05,COMPLETE
825,0.4532545864582062,2025-04-18 13:45:40.370830,2025-04-18 13:46:01.274188,0 days 00:00:20.903358,0.10688365318377821,0.06753756400877388,16,0.025947977922099297,0.10092968725016961,0.08447619589087504,0.028070250227346622,0.0010314531235011012,0.07097808900932417,0.0571794805664183,12,41,0.02881688067145302,0.1981482403689806,True,False,True,1.1431836135029008e-05,COMPLETE
826,0.48454749584198,2025-04-18 13:46:01.527285,2025-04-18 13:46:26.931121,0 days 00:00:25.403836,0.137481454317278,0.2194865758042295,8,0.045432659366432766,0.11262633892231629,0.06439783348345315,0.06341590428628209,0.015823223113188335,0.09606861414344009,0.051323831474255455,13,34,0.03430165696007146,0.15322681989606532,True,False,True,3.4381492728720803e-06,COMPLETE
827,0.44199975132942204,2025-04-18 13:46:27.194731,2025-04-18 13:46:47.166232,0 days 00:00:19.971501,0.17028849224666132,0.26191448374200343,16,0.039720450184307934,0.0934860830862482,0.06871609821042082,0.034900467594398445,0.008677212886591639,0.09280821179269721,0.03996408925429638,11,29,0.03821570334242178,0.1892122238436205,True,False,True,6.386740196251887e-06,COMPLETE
828,0.42609282135963444,2025-04-18 13:46:47.432542,2025-04-18 13:47:07.358009,0 days 00:00:19.925467,0.2451170008020377,0.17969370596973303,16,0.03156139058277845,0.1261086788264016,0.07393266300236762,0.03330799986790542,0.0037004382034167577,0.09030483419046946,0.07032828376495047,10,37,0.04403181177606901,0.18370115945386728,True,False,True,2.3772882330167786e-05,COMPLETE
829,0.20798794329166415,2025-04-18 13:47:07.612429,2025-04-18 13:47:27.933254,0 days 00:00:20.320825,0.1951824103593029,0.8881421753298266,16,0.07892061362236727,0.10677556762726279,0.07070751050510606,0.03049168098922548,0.010700761032829088,0.09730350795624734,0.030539398916889414,12,32,0.03697882477113361,0.22094466471489801,True,False,True,2.0088562346120862e-07,COMPLETE
830,0.4929574489593506,2025-04-18 13:47:28.198207,2025-04-18 13:47:48.960332,0 days 00:00:20.762125,0.09383916573473894,0.2965708663814471,16,0.05587727787855926,0.08005864612742172,0.07913549725079659,0.02538827199663979,0.0060142942632821494,0.0947026570500389,0.05920388344312624,12,40,0.04164435040338091,0.20550455838937645,True,False,True,1.3868134137507225e-05,COMPLETE
831,0.4795138537883759,2025-04-18 13:47:49.230457,2025-04-18 13:48:15.950507,0 days 00:00:26.720050,0.21792631757214184,0.08320231174239512,16,0.0002065012681140635,0.09885989207785852,0.06644050167483435,0.03153527611088874,0.01343018520929102,0.09165178002254722,0.03637266924859943,25,42,0.0321511249878725,0.16365244171930196,True,False,True,7.809678764892755e-05,COMPLETE
832,0.48740406036376954,2025-04-18 13:48:16.206967,2025-04-18 13:48:40.200310,0 days 00:00:23.993343,0.14863362961453697,0.20452803158470886,8,0.00944120223483827,0.08868260840219352,0.05723061208961229,0.027582623908830338,0.007990215361864877,0.087557859887887,0.049534880185990136,11,35,0.046584973560946374,0.17901249104539935,True,False,True,2.871784148511634e-05,COMPLETE
833,0.49456932544708254,2025-04-18 13:48:40.468771,2025-04-18 13:49:02.005450,0 days 00:00:21.536679,0.11678156386771017,0.23855053628176737,16,0.04851739366944599,0.11541874688486248,0.06304014792981609,0.01969699031783254,0.004402766832413415,0.06774702372657443,0.04120463319623034,13,39,0.03958114430103022,0.19202478505671208,True,False,True,1.9643665562152257e-05,COMPLETE
834,0.4578271746635437,2025-04-18 13:49:02.274285,2025-04-18 13:49:23.846080,0 days 00:00:21.571795,0.13109228097786577,0.2709402720916707,16,0.05236236501332525,0.12059818099443273,0.0586637194538157,0.01781221852096197,0.003913836710755856,0.06618932254677318,0.04316953006185053,13,45,0.0402807822679363,0.1766070782652146,True,False,True,9.844432975837484e-06,COMPLETE
835,0.4368000328540802,2025-04-18 13:49:24.101948,2025-04-18 13:49:45.114947,0 days 00:00:21.012999,0.08900095345805455,0.12203933972555177,16,0.05920045268035809,0.12529566183125487,0.06093994672834896,0.019646392737789148,0.002873583105710991,0.07015937402934602,0.059519524120658106,14,27,0.03942753726026963,0.1665435446266711,True,False,True,2.462535031424236e-06,COMPLETE
836,0.4637982428073883,2025-04-18 13:49:45.381170,2025-04-18 13:50:06.053628,0 days 00:00:20.672458,0.10129895053329245,0.2501031920491167,16,0.052602804200289836,0.11797923832013534,0.06207172443433801,0.01929745199502695,0.005845179162195018,0.07415169862258614,0.04837372252224312,13,30,0.04173485058921362,0.18629742220229267,True,False,True,1.687724882920924e-05,COMPLETE
837,0.3508174479007721,2025-04-18 13:50:06.324047,2025-04-18 13:50:27.379708,0 days 00:00:21.055661,0.10563804056782776,0.2266681303158426,16,0.04789124928405035,0.13586761386876803,0.06418160468339497,0.020608435162175958,0.004865767802544287,0.07479713130917522,0.06938824454282273,13,37,0.044409733133499336,0.2102977981917093,True,False,True,5.1041041505400323e-08,COMPLETE
838,0.433422464132309,2025-04-18 13:50:27.636854,2025-04-18 13:50:49.123641,0 days 00:00:21.486787,0.11855667774262736,0.047639895889669666,16,0.06327401513340962,0.1162383637668387,0.06212630048011229,0.019898941440450506,0.003054190935499355,0.06941196132654645,0.0444084571999854,13,49,0.042495527896091706,0.19629356458943997,True,False,True,4.3895265269386175e-06,COMPLETE
839,0.4851469874382019,2025-04-18 13:50:49.390342,2025-04-18 13:51:10.029100,0 days 00:00:20.638758,0.11675311884597833,0.1926780824227119,16,0.18060090359711248,0.12366719052527375,0.05606634608044664,0.016864107173449723,0.0010184012838481463,0.06451719868793222,0.05497956037564738,13,32,0.038932552844345075,0.15116215371268826,True,False,True,1.226129245397315e-05,COMPLETE
840,0.43714367747306826,2025-04-18 13:51:10.298115,2025-04-18 13:51:31.615315,0 days 00:00:21.317200,0.09347520680679858,0.10874755995683426,16,0.04655298751271387,0.1305041712999705,0.06329950720908742,0.023043232679106428,0.006449368132366306,0.07633332376623936,0.040673151866038454,13,43,0.03979510154013522,0.17333957328363142,True,True,True,1.8761628015056695e-05,COMPLETE
841,0.34198395609855653,2025-04-18 13:51:31.888288,2025-04-18 13:51:52.391746,0 days 00:00:20.503458,0.06660680685990808,0.2496794760986219,16,0.051154321879240225,0.11232093588000312,0.059371966678819124,0.07469471134308359,0.005482457226795533,0.06725532881481434,0.00028652874440237614,14,35,0.042016195470249984,0.18265081954689447,False,False,True,4.123755426746407e-05,COMPLETE
842,0.396143251657486,2025-04-18 13:51:52.652377,2025-04-18 13:52:13.601836,0 days 00:00:20.949459,0.12115270064358995,0.011990680945370008,16,0.06823874092031959,0.11570793846324685,0.075807595844567,0.021161838192509518,0.0027097480959709,0.0744435748804625,0.06347503795937137,13,39,0.03785101126740437,0.2021327905273772,True,False,True,7.492429990686926e-06,COMPLETE
843,0.353983747959137,2025-04-18 13:52:13.871448,2025-04-18 13:52:34.172369,0 days 00:00:20.300921,0.07816540565307105,0.20984398055029008,16,0.043579877339508764,0.16584761172509477,0.08149161361104133,0.01478142414814472,0.004346542220599398,0.09844536276871765,0.07464825285863036,12,35,0.044953575497549476,0.19084969974336385,True,False,True,2.49224090077462e-05,COMPLETE
844,0.4773781716823578,2025-04-18 13:52:34.446371,2025-04-18 13:52:55.588201,0 days 00:00:21.141830,0.2672882030222609,0.16869693711778438,16,0.05850263791834208,0.10928123099127451,0.07264299397268399,0.021949284747792997,0.007839901475919932,0.07044220520984083,0.054797759368425084,13,39,0.04093393517237205,0.18141683425592858,True,False,True,1.3943194613025255e-05,COMPLETE
845,0.44071715474128725,2025-04-18 13:52:55.849719,2025-04-18 13:53:17.021809,0 days 00:00:21.172090,0.13493998608526053,0.06621345156812727,16,0.040501294231048125,0.12176295123408566,0.05793525446473483,0.022175003107693842,0.006890749530909325,0.08506801049048816,0.0359115871778179,14,30,0.043163737504994075,0.16921090929579383,True,False,True,9.553364034982881e-06,COMPLETE
846,0.29783807992935185,2025-04-18 13:53:17.293579,2025-04-18 13:53:38.008914,0 days 00:00:20.715335,0.30276655292404053,0.23913598563716454,16,0.05072638037188808,0.1159790720536394,0.06294730209745864,0.01845890381619833,0.0010147754280396873,0.07161160385494827,1.9174930885874968e-05,12,43,0.03668222022623982,0.2147467539530726,True,False,True,1.664970061785812e-05,COMPLETE
847,0.2560998380184174,2025-04-18 13:53:38.289521,2025-04-18 13:54:00.849334,0 days 00:00:22.559813,0.25072970262113903,0.1355349249133795,16,0.04690162456475652,0.11062123594593012,0.052336841738044405,0.024156302301316494,0.0047449919856698,0.06038269750903813,0.04612789394975119,12,74,0.046906205165948976,0.19333739808835337,True,False,True,5.8464354385180645e-06,COMPLETE
848,0.47432890534400945,2025-04-18 13:54:01.109236,2025-04-18 13:54:26.407250,0 days 00:00:25.298014,0.11184762326823203,0.2800090926634288,16,0.04041062253443469,0.10549746198548751,0.060200797462903986,0.025466558263634677,0.0029926340824572638,0.07828135308039927,0.05218356678899065,23,32,0.03820523773522303,0.16025041560887454,True,False,True,3.4305773613825965e-05,COMPLETE
849,0.44100983738899235,2025-04-18 13:54:26.679481,2025-04-18 13:54:47.584000,0 days 00:00:20.904519,0.35348522559538215,0.18840495469212376,16,0.057294085410429615,0.11987453251038696,0.08603293523674822,0.023491966479608616,0.008091369031574624,0.0769036208533374,0.03528980947098413,13,26,0.04000648299662375,0.18835501105049166,True,False,True,2.312754197013852e-05,COMPLETE
850,0.4714363276958466,2025-04-18 13:54:47.862009,2025-04-18 13:55:09.234181,0 days 00:00:21.372172,0.14663168753150246,0.09516590733885558,16,0.04462297015085831,0.11344846840335816,0.079685786818154,0.035464884295711784,0.009256494936221998,0.07748739015327934,0.07539058529772016,12,46,0.04408906920780673,0.17626692940914404,True,False,True,1.1941203194441238e-05,COMPLETE
851,0.38116027116775514,2025-04-18 13:55:09.492911,2025-04-18 13:55:30.945916,0 days 00:00:21.453005,0.0760885442499352,0.21387814485886505,16,0.0049916104987603,0.07329256730458505,0.07675266096524737,0.026279013375213097,0.004120033140052212,0.0787176766685581,0.042229568223940486,14,37,0.03584261811351651,0.14844584033206887,True,False,True,1.7551839049753164e-05,COMPLETE
