number,value,datetime_start,datetime_complete,duration,params_alpha-eval,params_alpha-train,params_batch-size,params_eps-eval,params_eps-train,params_lambda-actions-eval,params_lambda-actions-train,params_lambda-frames-eval,params_lambda-frames-train,params_learning-rate,params_n-epochs,params_n-frames,params_radius-gw,params_rho,params_std-feats,params_ub-actions,params_ub-frames,params_weight-decay,state
170,0.478379487991333,2025-04-11 02:38:44.651517,2025-04-11 02:39:08.578993,0 days 00:00:23.927476,0.38832502795811275,0.14994296204678315,8,0.16075998729121804,0.050033705275626617,0.05500148475051368,0.08044908356255755,0.06559226599789698,0.06962639365133808,0.00991639020947472,8,41,0.09377023607636083,0.0968237267204405,True,False,False,0.00036364106149146757,COMPLETE
171,0.4605152249336243,2025-04-11 02:39:08.634466,2025-04-11 02:39:32.457732,0 days 00:00:23.823266,0.3817181217002648,0.16597486698275182,8,0.12619275573350455,0.051840276671771476,0.05565794360607432,0.07897416898434315,0.06505014767831624,0.07035537751931674,0.01021649088328658,8,41,0.09391632479000436,0.10046996156628568,True,False,False,0.0003636146863888516,COMPLETE
172,0.4353193521499634,2025-04-11 02:39:32.521775,2025-04-11 02:39:56.777734,0 days 00:00:24.255959,0.36571892295058706,0.16614514045686618,8,0.10748980623710251,0.03266197125617796,0.05579566068503114,0.07965094486590713,0.06357760821939283,0.06975319758436267,0.009951543863376797,8,41,0.09313764763707924,0.09309618015145708,True,False,False,0.00040218894153918184,COMPLETE
173,0.4774490594863892,2025-04-11 02:39:56.835307,2025-04-11 02:40:21.259621,0 days 00:00:24.424314,0.33602292214761,0.1493484283211881,8,0.12369004147574578,0.0464889080295718,0.0526337643241764,0.07583332738080643,0.06514844663180575,0.06706090942544853,0.007883394167230266,9,39,0.09417879561482494,0.08867180731301595,True,False,False,0.00025252912179695466,COMPLETE
174,0.46204633712768556,2025-04-11 02:40:21.315782,2025-04-11 02:40:46.471823,0 days 00:00:25.156041,0.30383051204009504,0.19049087761539343,8,0.12614197548769857,0.04648284615070663,0.053055134725726705,0.0768702522701601,0.06630227563179163,0.06737757227623108,0.007951334798138799,9,46,0.09637490821917097,0.09345885549010134,True,False,False,0.0002538527940569571,COMPLETE
175,0.437713897228241,2025-04-11 02:40:46.528944,2025-04-11 02:41:11.174307,0 days 00:00:24.645363,0.3137229864286393,0.1969412741688989,8,0.12360809949975791,0.044702414790254955,0.06223950102915021,0.07638848793808528,0.07103441336750255,0.06686563536257879,0.008410019794357484,9,46,0.09585582642120416,0.08678237829716641,True,False,False,0.000245407439423114,COMPLETE
176,0.45806890726089483,2025-04-11 02:41:11.232201,2025-04-11 02:41:36.690038,0 days 00:00:25.457837,0.33742314530805195,0.15243194340281885,8,0.12523784837372118,0.049320825470364114,0.05250423205807405,0.07925640561232239,0.06721537464315777,0.0757376610633275,0.007117880903895318,10,42,0.08916171132745909,0.10209947630580621,True,False,False,0.00033383541527734283,COMPLETE
177,0.45050616264343263,2025-04-11 02:41:36.748012,2025-04-11 02:42:01.844121,0 days 00:00:25.096109,0.3120545780875888,0.18073840431535074,8,0.1121031179976827,0.049805459935516445,0.05286206558835084,0.07459583287721669,0.06539466997401501,0.06828233123836708,0.007345969170315507,9,45,0.0878027721568266,0.10322854686957812,True,False,False,0.000358390482583467,COMPLETE
178,0.4218119263648987,2025-04-11 02:42:01.902155,2025-04-11 02:42:27.429481,0 days 00:00:25.527326,0.34089518623441273,0.16087918470809678,8,0.14201330490756983,0.03116640310850697,0.05443373883367899,0.07856404074081046,0.06832340149367794,0.07503350092458726,0.011707610191446368,10,41,0.08955212366364636,0.09778774954295807,True,False,False,0.0004261254727081994,COMPLETE
179,0.3524880111217499,2025-04-11 02:42:27.487557,2025-04-11 02:42:49.321916,0 days 00:00:21.834359,0.278061463956629,0.22634287374330583,8,0.12515489238276686,0.04250363690314497,0.056164881061261954,0.07966506762957667,0.06565774790046361,0.07155112427736092,0.015046707270136368,8,47,0.09673212494349219,0.07850215609628554,True,False,True,0.0002862716100394047,COMPLETE
180,0.4512967884540558,2025-04-11 02:42:49.379836,2025-04-11 02:43:14.777715,0 days 00:00:25.397879,0.3810527757249268,0.14520356076048185,8,0.11920012511888212,0.048529267529043685,0.05948708030781387,0.07589479273173248,0.06756345204885862,0.06782153072847509,0.0067815320290484545,10,43,0.08954735638018903,0.11858979298246451,True,False,False,0.00035482967851341746,COMPLETE
181,0.44630715847015384,2025-04-11 02:43:14.845198,2025-04-11 02:43:37.566053,0 days 00:00:22.720855,0.2929510212632922,0.14267371494569236,8,0.12682842666763125,0.056933296828150966,0.05102806812888534,0.07859440403671719,0.07064365912798723,0.07262368366869748,0.009871944977213576,7,39,0.09237604809384216,0.08337125596654076,True,False,False,0.0002000430565361405,COMPLETE
182,0.4702537178993226,2025-04-11 02:43:37.624812,2025-04-11 02:44:02.306938,0 days 00:00:24.682126,0.4197343778837564,0.19644254868463487,8,0.13253382373323827,0.04170706077520723,0.05207254786745704,0.0828093032634066,0.06484657425093163,0.07601854599773136,0.008060032186990126,9,42,0.09458505068507249,0.12399877032373476,True,False,False,0.00024518766157996346,COMPLETE
183,0.46144695281982423,2025-04-11 02:44:02.367202,2025-04-11 02:44:27.142444,0 days 00:00:24.775242,0.4145851698197979,0.19026368312382405,8,0.13212308246781806,0.03730269603941748,0.052595054600042386,0.08280207152843139,0.06454514856072988,0.07697653431372954,0.008222705572489124,9,42,0.09442677564713269,0.10622609746906207,True,False,False,0.00026103943722600005,COMPLETE
184,0.41736180782318116,2025-04-11 02:44:27.202087,2025-04-11 02:44:50.316003,0 days 00:00:23.113916,0.42168889673383075,0.20850855933537987,8,0.14336222737486548,0.03646937614866305,0.051866608065240065,0.0830936165495753,0.06363823892026764,0.08160575375372905,0.00908247432468583,7,42,0.09521165894899583,0.10250849210882436,True,False,False,0.0005184870472614292,COMPLETE
185,0.4681117057800293,2025-04-11 02:44:50.376426,2025-04-11 02:45:16.988758,0 days 00:00:26.612332,0.34891804729575965,0.18695246318175757,8,0.12915556085226676,0.03932399069962114,0.05202559147434428,0.07980943923169193,0.07350898590838627,0.08398947910880804,0.012787785029439397,11,39,0.09401699540840057,0.10402648252860508,True,False,False,0.0002454540905326558,COMPLETE
186,0.3162200689315796,2025-04-11 02:45:17.051512,2025-04-11 02:45:40.553368,0 days 00:00:23.501856,0.34591886832638274,0.18397537851447815,8,0.12956383091579207,0.028510615897606853,0.057642423223927715,0.08332636006887144,0.0735022682776045,0.08945461230781686,0.012004958983377095,11,40,0.09954081105129431,0.12379884884291054,True,True,False,0.00025144309157937766,COMPLETE
187,0.43619245886802677,2025-04-11 02:45:40.614803,2025-04-11 02:46:04.504569,0 days 00:00:23.889766,0.2432481158727225,0.23568931553356187,8,0.13595960978539148,0.03829691552873288,0.052624112657194286,0.07960083202863612,0.07641189890702786,0.07757578026111311,0.016625918339854245,8,50,0.09492420781522566,0.11101895954849017,True,False,False,0.00025581049879433513,COMPLETE
188,0.47289136648178104,2025-04-11 02:46:04.565152,2025-04-11 02:46:30.249206,0 days 00:00:25.684054,0.43255019974666103,0.20001198730393913,8,0.11348253699381325,0.042785158435630945,0.05081732798038106,0.08048056482006029,0.06298184689444099,0.09506654369941658,0.008427599916831376,10,42,0.09374936238867221,0.10387952273905765,True,False,False,0.0003688548786952326,COMPLETE
189,0.2859200179576874,2025-04-11 02:46:30.310274,2025-04-11 02:46:57.419152,0 days 00:00:27.108878,0.41567218725675564,0.19605712990307456,8,0.10751228868912466,0.024826560910560486,0.051060058019451265,0.08397112451698781,0.06192861311018871,0.09914009713346184,0.008311752544444221,12,39,0.09725696412521116,0.13702117792086568,False,False,False,0.0004277916781861701,COMPLETE
190,0.4641220092773438,2025-04-11 02:46:57.489868,2025-04-11 02:47:22.179774,0 days 00:00:24.689906,0.449917825338971,0.21476535692759738,8,0.11424082058903642,0.041344121336577395,0.05398299278270858,0.08090322269951716,0.06437117227990678,0.0943973669886991,0.01134989315112876,9,44,0.09343532354759243,0.11622473425181448,True,False,False,0.00021494028273205107,COMPLETE
191,0.45616862177848816,2025-04-11 02:47:22.241387,2025-04-11 02:47:47.016569,0 days 00:00:24.775182,0.450492922004718,0.24761914374942828,8,0.09560241086266862,0.041183625201305876,0.05500471084838679,0.08102839567198494,0.06460710065846283,0.09394946290474288,0.010150495969593006,9,44,0.0937330458290646,0.12205697651420042,True,False,False,0.00020938577263977773,COMPLETE
192,0.4734080314636231,2025-04-11 02:47:47.078888,2025-04-11 02:48:12.922272,0 days 00:00:25.843384,0.4349033282939972,0.20837822310450144,8,0.11537284119137013,0.04180805334148904,0.0509993272553949,0.07739569889719021,0.060468509165190865,0.08519804062725035,0.013558835473303605,10,39,0.09297769858831754,0.11618556766592666,True,False,False,0.0002584712780902792,COMPLETE
193,0.46334240436553953,2025-04-11 02:48:12.985638,2025-04-11 02:48:38.491040,0 days 00:00:25.505402,0.4307497045965287,0.22367501385514676,8,0.11660910525661433,0.034578640749854776,0.05414020845789728,0.0775140169821549,0.0599748490087567,0.09296093991462724,0.014433334689406496,10,43,0.09330188622760412,0.1153006981096258,True,False,False,0.00028338845017006104,COMPLETE
194,0.4501784980297089,2025-04-11 02:48:38.554168,2025-04-11 02:49:04.146638,0 days 00:00:25.592470,0.43787833367729717,0.21611306343274309,8,0.11548749117179391,0.034549504541189054,0.05336568763229932,0.07718255712604469,0.05998045775926003,0.09482324458828272,0.02256544122045684,10,48,0.09188162499522318,0.10875681567625461,True,False,False,0.0002605017762577214,COMPLETE
195,0.45119462013244627,2025-04-11 02:49:04.210052,2025-04-11 02:49:30.625779,0 days 00:00:26.415727,0.40780278137210263,0.27757523279453145,8,0.11172712778341283,0.01590701330426804,0.0511111213635896,0.08722388673580009,0.06258478927732956,0.08015005397965051,0.013201345386322182,11,45,0.0969365702288174,0.11626382380267483,True,False,False,0.00014863477334772782,COMPLETE
196,0.46945264339447024,2025-04-11 02:49:30.691550,2025-04-11 02:49:56.504604,0 days 00:00:25.813054,0.43498477118047874,0.24635566012652474,8,0.1176111298610172,0.041561626181750085,0.057713197504796025,0.08229849016848108,0.06063600181668536,0.0855809052767761,0.018932616343079148,10,39,0.09348492314578088,0.11499298454687316,True,False,False,0.00017348508582070804,COMPLETE
197,0.37712847590446474,2025-04-11 02:49:56.569080,2025-04-11 02:50:19.548108,0 days 00:00:22.979028,0.4346683944468835,0.23658656846946036,8,0.09696231694551577,0.028331912259026162,0.05832750158341841,0.08522349371351112,0.06028232521682608,0.08556820002845415,0.018396344649452587,10,39,0.09142257492608702,0.1243914814274291,True,False,True,0.0001701192728211414,COMPLETE
198,0.4410658597946167,2025-04-11 02:50:19.620568,2025-04-11 02:50:45.948281,0 days 00:00:26.327713,0.46267266283194836,0.25986248497358294,8,0.1500229810309558,0.043032461478740305,0.057149459970376085,0.08120800531066506,0.060265229522932263,0.08584829584027448,0.014815211320069117,11,35,0.09794964236771113,0.11341930255978086,True,False,False,0.0001255007206251532,COMPLETE
199,0.44719037413597107,2025-04-11 02:50:46.012388,2025-04-11 02:51:11.756443,0 days 00:00:25.744055,0.3961363483982753,0.2111547020987375,8,0.10547560789519961,0.02225021429518939,0.05049764073589818,0.07488305568516933,0.057382031489131284,0.09126007510491925,0.026409098149466334,10,38,0.09299769765201896,0.1292068085957334,True,False,False,0.00031630798529841316,COMPLETE
200,0.45130957961082463,2025-04-11 02:51:11.823180,2025-04-11 02:51:39.549556,0 days 00:00:27.726376,0.5111575398084461,0.2229525117101615,8,0.11925083198471355,0.03215458065736822,0.061888180873364354,0.07703922122128745,0.06273683014944283,0.09654787479859189,0.012090440826276362,12,53,0.0957112771511313,0.15183212318635175,True,False,False,0.0005392680926196659,COMPLETE
201,0.470522689819336,2025-04-11 02:51:39.619213,2025-04-11 02:52:04.284943,0 days 00:00:24.665730,0.4349702389036936,0.18618838109507116,8,0.13346704178232266,0.03950372151159594,0.054462770225754735,0.08146367984257653,0.06936984823142595,0.0843188624302049,0.01724146776003704,9,43,0.0938041829939887,0.10844600165192764,True,False,False,0.00022392583131719687,COMPLETE
202,0.45231165885925295,2025-04-11 02:52:04.349819,2025-04-11 02:52:29.070890,0 days 00:00:24.721071,0.4437139681045988,0.20412573742759532,8,0.10142920688823907,0.04275275095573894,0.054603571788334165,0.08083443691917436,0.06924676392063203,0.08433055572510718,0.016771216987245343,9,44,0.09158132371686412,0.11489883042472553,True,False,False,0.00021646110906526614,COMPLETE
203,0.4096350073814392,2025-04-11 02:52:29.139249,2025-04-11 02:52:52.975746,0 days 00:00:23.836497,0.4256027268906915,0.1823418712635549,8,0.11681678470367605,0.1590356256235816,0.05562189546739142,0.083283176833963,0.07247702220380159,0.08770077339665365,0.01432251154179244,8,34,0.0934929133830118,0.07157836666714033,True,False,False,0.00017436436132611815,COMPLETE
204,0.43160600662231446,2025-04-11 02:52:53.043507,2025-04-11 02:53:19.350867,0 days 00:00:26.307360,0.36099923867509887,0.24783423264736537,8,0.13721412279881476,0.045079447160311065,0.05019811074179779,0.07789848803892048,0.06708464128156795,0.09114695434109263,0.01856603544569636,11,38,0.08724857567525691,0.13436367127832505,True,False,False,0.000274210474335499,COMPLETE
205,0.4575215578079224,2025-04-11 02:53:19.426032,2025-04-11 02:53:45.173434,0 days 00:00:25.747402,0.47200855084113186,0.2018894509600421,8,0.14268502146053308,0.038628810444145574,0.046766860893074656,0.08008281347937686,0.0615257720039071,0.09598729765695901,0.01102692833505929,10,43,0.09953058807260098,0.08878838582058289,True,False,False,0.00042380174923225617,COMPLETE
206,0.4561120688915253,2025-04-11 02:53:45.242284,2025-04-11 02:54:06.501871,0 days 00:00:21.259587,0.49318737509000377,0.22302218423780146,16,0.14993796597199605,0.029903816040117964,0.053410809221976226,0.07336582134833555,0.06346896154053953,0.08822090767615803,0.0235642783406851,9,48,0.09612135167497232,0.10731177183812426,True,False,False,0.00020586775403894805,COMPLETE
207,0.43065009713172914,2025-04-11 02:54:06.568355,2025-04-11 02:54:29.704311,0 days 00:00:23.135956,0.4521290849713807,0.2912217096731599,8,0.11288725129385048,0.047048957047508735,0.057170678079397456,0.0756020716937391,0.05793753848730273,0.09102587894034134,0.006078257117269898,10,40,0.09059236636409049,0.09660465053440825,True,False,True,0.000140553092313003,COMPLETE
208,0.45860807299613954,2025-04-11 02:54:29.772817,2025-04-11 02:54:52.629856,0 days 00:00:22.857039,0.38562623916203115,0.17923959607098272,8,0.12144224818294727,0.040116139653315404,0.06704155926803668,0.0856126379639176,0.06693509634352149,0.0929677343570434,0.012969269664954505,7,33,0.09448233716747516,0.1207085805476713,True,False,False,0.00029142823279347806,COMPLETE
209,0.47333537936210635,2025-04-11 02:54:52.697364,2025-04-11 02:55:17.055894,0 days 00:00:24.358530,0.4162821265804264,0.18363731807136638,8,0.15713799229652708,0.05479967450074426,0.06014972569647933,0.08240414072224515,0.06028130612331261,0.06573399617648994,0.009241041996389933,9,36,0.09252476624502083,0.11310536100438519,True,False,False,0.00016862897632477383,COMPLETE
210,0.4701929092407227,2025-04-11 02:55:17.122796,2025-04-11 02:55:43.332985,0 days 00:00:26.210189,0.43434718578107584,0.16926443188049484,8,0.15740029733568314,0.05553495330787534,0.05868531631912793,0.04007321356055653,0.059657850959064895,0.08527513739678143,0.009748388652261545,11,36,0.09063941773053137,0.1296837353084813,True,False,False,0.00012293715210251702,COMPLETE
211,0.4716517806053162,2025-04-11 02:55:43.400167,2025-04-11 02:56:09.425214,0 days 00:00:26.025047,0.4318361522179667,0.16866734161053268,8,0.1519116519163742,0.05259831118253652,0.05989333537274197,0.03727438574082893,0.060143805919052745,0.08419349173948049,0.00957333234846411,11,36,0.09040183363541711,0.12857015154513257,True,False,False,0.00010810792922103229,COMPLETE
212,0.4791691660881043,2025-04-11 02:56:09.495163,2025-04-11 02:56:37.375469,0 days 00:00:27.880306,0.43231716652563346,0.17051365160453683,8,0.1548438877708826,0.05128497089321465,0.06538328847467645,0.03902955093419982,0.05984148165135062,0.08409769054350727,0.010516243760979465,13,38,0.08925144750381012,0.1302340542216368,True,False,False,0.0001161628937542178,COMPLETE
213,0.4838109850883484,2025-04-11 02:56:37.453244,2025-04-11 02:57:05.489738,0 days 00:00:28.036494,0.4080841755498758,0.170545892568296,8,0.1668355542002165,0.0525572148246071,0.06479875163451142,0.08849948535402478,0.05660096642879937,0.08405283470173458,0.00988052228753789,13,33,0.0884797519300182,0.12891742261601963,True,False,False,0.00011666552431080885,COMPLETE
214,0.4725530803203583,2025-04-11 02:57:05.558785,2025-04-11 02:57:31.842863,0 days 00:00:26.284078,0.4083900242792838,0.16380638072422038,8,0.1576405676651377,0.05083125690608009,0.06571294237492223,0.04721275240228435,0.058014583385273565,0.08446471001857257,0.009796514372417789,11,32,0.08822588224856923,0.14251432552303997,True,False,False,0.00010871515430274412,COMPLETE
215,0.4726488828659058,2025-04-11 02:57:31.911066,2025-04-11 02:57:59.846847,0 days 00:00:27.935781,0.40535921144521947,0.16759174780337724,8,0.15601729067797881,0.0527836594520614,0.0659217482519367,0.0383040944296049,0.05634175869423069,0.08417809592034575,0.009853177954955609,13,33,0.08748779171558159,0.1438139450896802,True,False,False,0.00012101733154233666,COMPLETE
216,0.46640486121177677,2025-04-11 02:57:59.916867,2025-04-11 02:58:27.738968,0 days 00:00:27.822101,0.4155653243852545,0.16943386092581608,8,0.15744794633110726,0.05093365573691016,0.06668397952740211,0.03647487365782475,0.05637633882570675,0.08386230080477841,0.00995755916879596,13,33,0.08736330784464713,0.14554890162505157,True,False,False,9.955685806947025e-05,COMPLETE
217,0.4847712874412537,2025-04-11 02:58:27.810238,2025-04-11 02:58:55.761766,0 days 00:00:27.951528,0.4209941260888961,0.16944772849403072,8,0.1578635087265084,0.05355460100849444,0.06635908880199619,0.04274716099139615,0.05577548728861429,0.0823472086013804,0.010000371418584241,13,32,0.08804576659206674,0.14476305724107466,True,False,False,0.00010305211941881712,COMPLETE
218,0.19519451260566711,2025-04-11 02:58:55.831175,2025-04-11 02:59:19.603344,0 days 00:00:23.772169,0.36684994956361483,0.16794115876511162,8,0.1537140393809738,0.05198975400560735,0.07399428681895817,0.040581042361716356,0.06137112725423037,0.08174323153016905,0.008914985631539927,12,31,0.08663733264562112,0.1295403049811674,True,True,False,0.0001144774367054483,COMPLETE
219,0.4775548577308655,2025-04-11 02:59:19.673415,2025-04-11 02:59:47.574787,0 days 00:00:27.901372,0.42752611145303715,0.14506788061392276,8,0.14778311240188027,0.0595494543434268,0.06440766926409366,0.04343177662114685,0.059633443220828676,0.08468680467653864,0.00984412211240239,13,32,0.08823149683089296,0.13779158647064466,True,False,False,0.00011012345612539309,COMPLETE
220,0.44538375735282904,2025-04-11 02:59:47.655459,2025-04-11 03:00:16.384206,0 days 00:00:28.728747,0.43661627165026407,0.14361012645860935,8,0.16473897309985802,0.059294859103708075,0.06517049806342066,0.042747951198354166,0.055718826062899865,0.08582361295667987,0.009887918578042795,14,27,0.08872714875745,0.1396795076341363,True,False,False,8.615321956875035e-05,COMPLETE
221,0.46156297922134404,2025-04-11 03:00:16.456273,2025-04-11 03:00:44.464547,0 days 00:00:28.008274,0.41054513012448846,0.17806786147012985,8,0.14669850277798346,0.0487572181475632,0.06838140487878963,0.037736148340440236,0.05963827423803727,0.08363411450163664,0.011782468722580187,13,33,0.08664854160077447,0.13313306684774892,True,False,False,0.00012717273138125796,COMPLETE
222,0.47899994850158695,2025-04-11 03:00:44.535641,2025-04-11 03:01:12.326880,0 days 00:00:27.791239,0.3917215524458157,0.15153666737062482,8,0.15930116770018263,0.054333776369368106,0.06978557647645382,0.04495983706204454,0.06192523710028458,0.08204345647055977,0.009259609619231036,13,31,0.09093752143159071,0.12716948644578435,True,False,False,0.00010349831909930312,COMPLETE
223,0.45966143608093263,2025-04-11 03:01:12.397501,2025-04-11 03:01:40.098986,0 days 00:00:27.701485,0.398501773895685,0.14816469796922713,8,0.15831469195250572,0.05948621048408317,0.07110804915567015,0.04610805918697317,0.062289215124056864,0.08112814462550387,0.009585263259353913,13,30,0.09067677206544009,0.12654003003556494,True,False,False,0.00010709351114795651,COMPLETE
224,0.4705732107162476,2025-04-11 03:01:40.170847,2025-04-11 03:02:07.938101,0 days 00:00:27.767254,0.46771700331076854,0.15882824524460099,8,0.15045663541796803,0.050505534173102544,0.06483060143496788,0.03780250150334046,0.05978319953064271,0.08754740869343719,0.00794858178507073,13,32,0.08405163665790243,0.14086064786595134,True,False,False,0.0001011684451088689,COMPLETE
225,0.4502941191196442,2025-04-11 03:02:08.010236,2025-04-11 03:02:36.195163,0 days 00:00:28.184927,0.45952620330167504,0.16197475670475853,8,0.15310873617571832,0.057241488605270154,0.06472627867273531,0.04359235848556215,0.05702147481962611,0.08800962827779601,0.007910939089415607,13,31,0.08297575354710722,0.14077953728603307,True,False,False,9.086686799152137e-05,COMPLETE
226,0.38012136220932013,2025-04-11 03:02:36.268219,2025-04-11 03:03:04.483526,0 days 00:00:28.215307,0.4288347970714473,0.14195908191299128,8,0.1649108817287082,0.2913870192666326,0.07000418742459862,0.03399139402299093,0.05896110886079417,0.08644521351199277,0.008469492245298815,14,29,0.0846314595271004,0.14769234428075098,False,False,False,0.00012855604133739848,COMPLETE
