number,value,datetime_start,datetime_complete,duration,params_alpha-eval,params_alpha-train,params_batch-size,params_eps-eval,params_eps-train,params_lambda-actions-eval,params_lambda-actions-train,params_lambda-frames-eval,params_lambda-frames-train,params_learning-rate,params_n-epochs,params_n-frames,params_radius-gw,params_rho,params_std-feats,params_ub-actions,params_ub-frames,params_weight-decay,state
911,0.46966621875762943,2025-04-11 13:32:49.796412,2025-04-11 13:34:10.980280,0 days 00:01:21.183868,0.173365653208848,0.22403425790604126,2,0.18189360608094496,0.058465279337375366,0.07495687697069388,0.017728892472597884,0.09088495133646891,0.060405574880754376,0.04410377826646013,19,39,0.05496430908487789,0.1996718319520162,True,False,False,5.7709711860241224e-05,COMPLETE
912,0.45442888140678406,2025-04-11 13:34:11.280393,2025-04-11 13:35:28.908131,0 days 00:01:17.627738,0.1973433026075581,0.19099326064246405,2,0.20751815904475496,0.04369759291028347,0.08350048265292097,0.015052418112929214,0.08280222896442904,0.08708520586268725,0.052261232630167014,18,43,0.08472940594429562,0.21466548751781386,True,False,False,4.208764343011855e-05,COMPLETE
913,0.46830736398696904,2025-04-11 13:35:29.213583,2025-04-11 13:36:50.482796,0 days 00:01:21.269213,0.2001505245205285,0.2366206190348066,2,0.1922537198792587,0.07301137992744063,0.07885474873379715,0.019571368318523956,0.08508585972580672,0.03056555000880048,0.031691564722853394,19,51,0.08716238637489017,0.21275354878302682,True,False,False,3.1724859763206236e-05,COMPLETE
914,0.43100709915161134,2025-04-11 13:36:50.786983,2025-04-11 13:38:15.390904,0 days 00:01:24.603921,0.10893961872699492,0.21313172528403168,2,0.18322827865062846,0.05258551232114496,0.07502338817502589,0.01745631443593831,0.09248958492105358,0.08163295421110137,0.06227635409045227,20,46,0.09003504971541168,0.20641896523972506,True,False,False,4.867468706952451e-05,COMPLETE
915,0.456529700756073,2025-04-11 13:38:15.680949,2025-04-11 13:39:34.358462,0 days 00:01:18.677513,0.06906533237245377,0.28848143367942075,2,0.17982336054248096,0.04808548817905352,0.08079917962584046,0.022735633323005336,0.08754690754496276,0.026296532882327337,0.02532867908071314,18,40,0.08417724921677504,0.19385843308034237,True,False,False,2.6095198549255023e-05,COMPLETE
916,0.4151213884353638,2025-04-11 13:39:34.659167,2025-04-11 13:40:59.963036,0 days 00:01:25.303869,0.19265242559608595,0.18767585082032082,2,0.18728335460719056,0.03875375667227109,0.07730825772357797,0.014194718686049507,0.0826196700665169,0.04991001136341241,0.03653037845784899,20,56,0.0925213041458044,0.19935943934929248,True,False,False,5.915749646785631e-05,COMPLETE
917,0.460585105419159,2025-04-11 13:41:00.268727,2025-04-11 13:42:22.142801,0 days 00:01:21.874074,0.09673822944091748,0.20069247652511027,2,0.2011154908642661,0.060744545472799,0.07429371965729333,0.016117950651205717,0.08922648683213925,0.06210821762992606,0.0005790549331080867,19,43,0.08648817578499614,0.18714960627073682,True,False,False,4.1397135151000705e-05,COMPLETE
918,0.09307204186916351,2025-04-11 13:42:22.451568,2025-04-11 13:43:29.565102,0 days 00:01:07.113534,0.1220447460594683,0.25486789944135274,2,0.176485004354409,0.053236869329701085,0.07811804770901454,0.018872662352882635,0.08508700194650326,0.08881114859013145,0.04646258247591282,18,48,0.08878760466667739,0.214509187692067,True,True,False,3.473866969567891e-05,COMPLETE
919,0.4703009366989136,2025-04-11 13:43:29.855070,2025-04-11 13:44:38.034690,0 days 00:01:08.179620,0.21711598315528396,0.2319833061703269,2,0.19580151286535008,0.06503425845874192,0.08178420501685561,0.020591266067052406,0.08314983154197784,0.08534240738511785,0.027213303693887997,15,38,0.08363165338671437,0.2261337073857467,True,False,False,6.396641190413998e-05,COMPLETE
920,0.40458235740661624,2025-04-11 13:44:38.338727,2025-04-11 13:45:46.457975,0 days 00:01:08.119248,0.1782071678623655,0.7617515785771205,2,0.1863550751657663,0.04511388783400592,0.07317804431976503,0.01380273854713772,0.0811339859176781,0.09168402681541019,0.003656712759122779,15,43,0.08635155592880434,0.1817671038858838,True,False,False,4.893179790651865e-05,COMPLETE
921,0.33377258777618407,2025-04-11 13:45:46.763877,2025-04-11 13:47:15.123087,0 days 00:01:28.359210,0.1354142253473288,0.17976936973281715,2,0.17890244663128538,0.056879912937626544,0.07596274008063822,0.016273293416008135,0.08678459801896374,0.08315469014201472,0.0405063653258411,21,40,0.09085054862489957,0.16622772981269984,False,False,False,2.501396874477412e-05,COMPLETE
922,0.423638790845871,2025-04-11 13:47:15.437353,2025-04-11 13:48:35.002631,0 days 00:01:19.565278,0.11156520935474401,0.2087244472354012,2,0.17446387085432183,0.03983578615131308,0.07931696438921125,0.017217316910614983,0.09031827464615635,0.09008963869502085,0.05407626759096701,18,46,0.08767414960773492,0.21866127982450123,True,False,False,6.944147812362897e-05,COMPLETE
923,0.44086485505104067,2025-04-11 13:48:35.293914,2025-04-11 13:50:00.207421,0 days 00:01:24.913507,0.08989640938462369,0.2701689762446276,2,0.1920049354097667,0.030466192675186396,0.08425991386788474,0.013341874973697371,0.09295104017085648,0.0870130597672451,0.032333650552203504,20,53,0.08539627510225546,0.20512170072790098,True,False,False,3.8931601380669056e-05,COMPLETE
924,0.4446057081222534,2025-04-11 13:50:00.511455,2025-04-11 13:51:22.962031,0 days 00:01:22.450576,0.16268838814812028,0.24078117992930764,2,0.20004883761721015,0.05144667849199347,0.07616637834232756,0.022159635721988806,0.08262655767523017,0.08464413545948729,0.02349439880658855,19,74,0.08352843380447902,0.1923229557147146,True,False,False,5.780539376350517e-05,COMPLETE
925,0.4943647861480713,2025-04-11 13:51:23.269905,2025-04-11 13:52:54.722080,0 days 00:01:31.452175,0.074238968891787,0.21836362724257563,2,0.1824064951108731,0.06036972493126854,0.0735909748216251,0.01831385077331754,0.08537569934902851,0.07945432461090454,0.062207467792551194,22,42,0.08888890507287983,0.17598993087724726,True,False,False,3.1840932938840256e-05,COMPLETE
926,0.4298025190830231,2025-04-11 13:52:55.028963,2025-04-11 13:54:29.787298,0 days 00:01:34.758335,0.07086332122816291,0.1795607159551487,2,0.18755391521306353,0.07353065663617646,0.07260358806948496,0.020715519623496402,0.08612782921320045,0.07919927542022945,0.06347100140317746,23,50,0.0945621278385394,0.17279072303009707,True,False,False,4.8344875279618685e-05,COMPLETE
927,0.4589548766613007,2025-04-11 13:54:30.081929,2025-04-11 13:56:00.915284,0 days 00:01:30.833355,0.18522657860496067,0.203155154338575,2,0.182810559567824,0.06591476449314643,0.09391052825685776,0.022650506232298313,0.08748522844741352,0.07939285113315105,0.06053914464459431,22,37,0.09152210710265177,0.1755827312147045,True,False,False,2.6702839108166552e-05,COMPLETE
928,0.43510607481002805,2025-04-11 13:56:01.220781,2025-04-11 13:57:32.177939,0 days 00:01:30.957158,0.08204356817488122,0.19127968151404118,2,0.19331493572339395,0.07614607992065288,0.08303681133228497,0.018781568635361193,0.08407303329254158,0.0784939703802289,0.07136749945822735,22,45,0.0897617687427992,0.1765281614363774,True,False,False,7.073440156968635e-05,COMPLETE
929,0.42989563941955566,2025-04-11 13:57:32.479079,2025-04-11 13:58:50.885737,0 days 00:01:18.406658,0.053596198902461964,0.21726538272575824,2,0.182812949978165,0.06842590999952859,0.0807637842367551,0.01857462193411279,0.08533190032580008,0.08042296308383849,0.06541461657977404,22,41,0.09283464632774013,0.1692063814589181,True,False,True,1.3469870540518567e-06,COMPLETE
930,0.2713847100734711,2025-04-11 13:58:51.195202,2025-04-11 14:00:28.197423,0 days 00:01:37.002221,0.08995298015699843,0.1706337442068979,2,0.1912681413302954,0.060094923890142586,0.07326812745680986,0.020732527760648097,0.08926548055915,0.08168083769330166,0.07474863219649062,23,110,0.08976521685283491,0.16270573325356352,True,False,False,3.374155864646555e-05,COMPLETE
931,0.46513934135437013,2025-04-11 14:00:28.491400,2025-04-11 14:01:59.310883,0 days 00:01:30.819483,0.0665282166351703,0.2031569670321359,2,0.17693537615024826,0.06277936285766594,0.07430097483806536,0.023263935586856042,0.08776016933694343,0.08068456819594194,0.04836080165056664,22,44,0.08830278484212856,0.16971139952542047,True,False,False,8.483240427442067e-05,COMPLETE
932,0.4343183159828186,2025-04-11 14:01:59.622415,2025-04-11 14:03:27.137902,0 days 00:01:27.515487,0.05952081922542661,0.1779614261970635,2,0.18386950134136495,0.06773722103767325,0.07775583593270086,0.003311779763533383,0.08367880816352768,0.0825657620136476,2.0147264909609482e-05,21,48,0.09144201402535294,0.18222941875745235,True,False,False,4.381788017430018e-05,COMPLETE
933,0.4733330368995667,2025-04-11 14:03:27.444720,2025-04-11 14:04:54.617107,0 days 00:01:27.172387,0.19297293286178868,0.22572947201660373,2,0.18668130423822177,0.05917471096935949,0.07163795858421634,0.019215569661291128,0.0845734449795066,0.0816243465251574,0.055726009261540706,21,38,0.08807483915557698,0.1767959100205889,True,False,False,2.4776159533551793e-05,COMPLETE
934,0.4790302276611328,2025-04-11 14:04:54.927614,2025-04-11 14:06:25.656356,0 days 00:01:30.728742,0.24857736750626108,0.2492171522625977,2,0.1974799650636126,0.05654756959020495,0.07572777193512713,0.017109262907074166,0.08701408234899412,0.07802393422320424,0.02848704037272445,22,42,0.08997185708478923,0.16530870344885992,True,False,False,5.765732455177282e-05,COMPLETE
935,0.44321740269660953,2025-04-11 14:06:25.966242,2025-04-11 14:07:57.807887,0 days 00:01:31.841645,0.16057336571434733,0.1906043066237274,2,0.17468677217287223,0.06440356570734498,0.07963150224278986,0.02467480311591257,0.09040921201957251,0.0011113378252536853,0.0009298421885771937,22,46,0.08707281698440253,0.18110281102352985,True,False,False,0.00012987433750063793,COMPLETE
936,0.47510491609573363,2025-04-11 14:07:58.103829,2025-04-11 14:09:31.492440,0 days 00:01:33.388611,0.07696545176390093,0.2136011514012609,2,0.1793242580072744,0.07434278158712668,0.08403550376532451,0.02107874496111699,0.0853604758400332,0.08375879777648051,0.06355354119433368,23,40,0.09324579679511025,0.17225625835518305,True,False,False,3.6649298379914466e-05,COMPLETE
937,0.09307204186916351,2025-04-11 14:09:31.811322,2025-04-11 14:10:30.328218,0 days 00:00:58.516896,0.14039758128069404,0.1601861075292132,2,0.18954298947729173,0.05468166086407982,0.07303861824608097,0.005649473653572138,0.08148099308227137,0.0805674882464572,0.0816794052708429,15,37,0.08846187886650013,0.16236389304775148,True,True,False,0.00010133441956386514,COMPLETE
938,0.44384025335311894,2025-04-11 14:10:30.639964,2025-04-11 14:11:22.583042,0 days 00:00:51.943078,0.22077198653651336,0.2772583882104364,2,0.172234282062335,0.05948135181827169,0.08146157861027419,0.016145779168445864,0.09410747105653038,0.05402639395483676,0.023409547512781997,10,50,0.03571251183514697,0.17496381482781181,True,False,False,2.4657588420415293e-06,COMPLETE
939,0.40158268213272097,2025-04-11 14:11:22.894570,2025-04-11 14:12:49.307390,0 days 00:01:26.412820,0.8033703085154716,0.23013210905338838,2,0.18075497643199512,0.1803134284196308,0.07784678559396148,0.018381583121727045,0.08243132049710217,0.08378073252126614,0.05332151958101132,21,44,0.090898844493471,0.1685744094934634,True,False,False,5.3191909450346906e-05,COMPLETE
940,0.4525572121143341,2025-04-11 14:12:49.605709,2025-04-11 14:14:20.394605,0 days 00:01:30.788896,0.05130976300945804,0.1964793156760833,2,0.19263971099047483,0.06856092723898218,0.059141048397941855,0.015005896069908703,0.08849997679885598,0.07934278479097166,0.03706550615691716,22,41,0.08589037709640467,0.18105681105306912,True,False,False,6.769225123708616e-05,COMPLETE
941,0.36675874590873725,2025-04-11 14:14:20.704500,2025-04-11 14:15:32.471271,0 days 00:01:11.766771,0.11506598385530203,0.17560492062449323,2,0.17272927644016647,0.05416404446470729,0.07154752026778445,0.02402332355419807,0.08606594230160103,0.0822935444646016,0.030459068370035477,16,48,0.08776396228807497,0.16838195679392642,False,False,False,4.683393520148785e-05,COMPLETE
942,0.45615146756172187,2025-04-11 14:15:32.780668,2025-04-11 14:16:42.148830,0 days 00:01:09.368162,0.1658378765451189,0.24176769064276132,2,0.18465820224038731,0.06270857116018136,0.09710278958639798,0.016956660264307772,0.08156388608505784,0.08533612100712962,0.04152990454397024,15,36,0.08614642759769425,0.18440626169861252,True,False,False,7.94579689996389e-05,COMPLETE
943,0.5007941722869873,2025-04-11 14:16:42.461399,2025-04-11 14:18:17.176722,0 days 00:01:34.715323,0.09928138517575737,0.21107117721400787,2,0.1779602664064757,0.05084108870316638,0.0756414884880965,0.0129207798614644,0.09061256907427094,0.08446213689803184,0.024778446746158516,23,44,0.08958719769839638,0.15970702422754568,True,False,False,3.1998706081187924e-05,COMPLETE
944,0.48361495733261106,2025-04-11 14:18:17.491036,2025-04-11 14:19:47.965558,0 days 00:01:30.474522,0.5849530265794374,0.21759427261651237,2,0.18047910653183308,0.04823865942622111,0.07568772924655802,0.0110378345966451,0.09211683038059336,0.08181766959369988,0.024799433909112444,22,46,0.0852567807587336,0.15935000283600403,True,False,False,2.8907076852775167e-05,COMPLETE
945,0.48185516595840455,2025-04-11 14:19:48.266811,2025-04-11 14:21:26.217269,0 days 00:01:37.950458,0.07808726671231175,0.2100226473413602,2,0.1882290420355087,0.049151349212033,0.07682559671812023,0.012745384290040051,0.09124158968140138,0.07940354774363206,0.027929016329122997,24,52,0.0891054580991928,0.17627647074949357,True,False,False,2.1987682708226325e-05,COMPLETE
946,0.46216989755630494,2025-04-11 14:21:26.529226,2025-04-11 14:23:01.160143,0 days 00:01:34.630917,0.0916366727899931,0.25380797911320857,2,0.1776181846378953,0.044359097118153085,0.07892139961586339,0.012940439090339277,0.09300814283635901,0.08422375112512147,0.022459720209569746,23,44,0.09427501754628058,0.15893529829490669,True,False,False,3.1340913390802786e-05,COMPLETE
947,0.4154290974140168,2025-04-11 14:23:01.472947,2025-04-11 14:24:23.037821,0 days 00:01:21.564874,0.10049104576317444,0.22539178327155956,2,0.18504516675134888,0.05302869265301495,0.074441789024051,0.014282176385376115,0.08992793623735745,0.08245010318878829,0.03139390452863637,23,48,0.09149093363287963,0.17852950684999502,True,False,True,2.3864559631576683e-05,COMPLETE
948,0.4426674365997315,2025-04-11 14:24:23.351961,2025-04-11 14:24:52.480205,0 days 00:00:29.128244,0.06125211387373676,0.19592337899038445,16,0.1961728712458822,0.09952050379214558,0.07628069420540096,0.008723947720913946,0.08983829232471875,0.08577096158274403,0.02697040903312345,25,44,0.08743519589543342,0.18732140712405926,True,False,False,3.364889282943585e-05,COMPLETE
949,0.46559309363365176,2025-04-11 14:24:52.780305,2025-04-11 14:26:29.724221,0 days 00:01:36.943916,0.6253365195914918,0.23624355964184404,2,0.17892684895938782,0.058630961068930815,0.0789737252815724,0.011728041242372195,0.09436703796815375,0.03893943725648205,0.03746872751683342,24,46,0.0855165449727526,0.16575430446134728,True,False,False,2.8364033756225657e-05,COMPLETE
950,0.4182539701461792,2025-04-11 14:26:30.035760,2025-04-11 14:28:01.052271,0 days 00:01:31.016511,0.9597336562042107,0.20830770503858448,2,0.1888924526092646,0.03469616053440368,0.07421483213359821,0.014838287109220586,0.09108854170439241,0.08362352174878346,0.023857994550916854,22,50,0.09001977818160918,0.1721603503324468,True,False,False,3.980425158724268e-05,COMPLETE
951,0.4732807040214539,2025-04-11 14:28:01.367803,2025-04-11 14:29:34.359956,0 days 00:01:32.992153,0.10963094265073778,0.26444823139438617,2,0.17464382210270216,0.042463402083588675,0.08163587662949144,0.010443418814046774,0.08863741252991547,0.0032769703953594645,0.04882895575404267,23,42,0.08758491542810383,0.18187065476320183,True,False,False,2.3284185206903653e-05,COMPLETE
952,0.4799855709075928,2025-04-11 14:29:34.680175,2025-04-11 14:31:02.870104,0 days 00:01:28.189929,0.5441673061215065,0.18548730861227553,2,0.18295994540230814,0.051937470536893716,0.07710505371948749,0.01344130629092381,0.09342938739421182,0.08095608717485217,0.03230080244543186,21,43,0.08431622843183413,0.1721196611706586,True,False,False,3.87593706344309e-05,COMPLETE
953,0.40958462357521064,2025-04-11 14:31:03.184473,2025-04-11 14:31:31.523725,0 days 00:00:28.339252,0.07233487329243359,0.5538635246818694,16,0.19984095137402755,0.061237221586808194,0.07988826849320238,0.01591907202349466,0.08735137403729014,0.03555944314692456,0.07065717738250706,24,47,0.09276357658211459,0.16348081912745902,True,False,False,2.9765274397116764e-05,COMPLETE
954,0.4486677706241608,2025-04-11 14:31:31.822831,2025-04-11 14:33:05.071687,0 days 00:01:33.248856,0.490797526990641,0.3174706074107699,2,0.19375403763662044,0.07250073198558186,0.08290896015541024,0.09992307706880135,0.09176893505359714,0.08634013326369808,0.04127687689036488,23,40,0.08919780646773617,0.18638395280638895,True,False,False,1.8949273505534834e-05,COMPLETE
955,0.46784030795097353,2025-04-11 14:33:05.387230,2025-04-11 14:34:39.960360,0 days 00:01:34.573130,0.09311049748266752,0.21862872561529367,2,0.17143895954472965,0.056204187083367774,0.07477785793531602,0.017732573424517308,0.08831332933649814,0.07850145369990501,0.02189414738583941,23,53,0.049172838256362456,0.17740267070477417,True,False,False,3.8776204516605666e-05,COMPLETE
956,0.09307204186916351,2025-04-11 14:34:40.276842,2025-04-11 14:36:00.988098,0 days 00:01:20.711256,0.12407119702187767,0.19504734937228094,2,0.17845116427109028,0.04730017384599781,0.09534661317409726,0.010325488828728583,0.08609502529464877,0.08679061561986211,0.03608659718586329,23,45,0.08648750280735534,0.1683162753406149,True,True,False,4.4876079648394354e-05,COMPLETE
957,0.3765263736248016,2025-04-11 14:36:01.310060,2025-04-11 14:36:29.237788,0 days 00:00:27.927728,0.13032176098431347,0.24790946795281488,16,0.1844439464295627,0.06439137258817342,0.07307374303103199,0.0640737030896631,0.09011567674119049,0.08393358602787795,0.028957123932405366,24,42,0.08350609445204255,0.1566679286602344,True,False,False,2.5560315759888488e-05,COMPLETE
958,0.415312272310257,2025-04-11 14:36:29.559480,2025-04-11 14:38:01.557804,0 days 00:01:31.998324,0.04586986927028565,0.17214922753917694,2,0.18898736880431766,0.03898418678450064,0.03363289382545112,0.00698379251540348,0.09434198571332178,0.08801166075247713,0.057052105431260214,22,49,0.09621083732200152,0.1748261794716344,True,False,False,3.334533838131498e-05,COMPLETE
959,0.4117932140827179,2025-04-11 14:38:01.862622,2025-04-11 14:39:34.941568,0 days 00:01:33.078946,0.10344069401316028,0.2966101573088546,2,0.17513985516463537,0.050141287912978214,0.07738294224070796,0.01241148602852605,0.0843002577956164,0.08089390583528078,0.04586698668324714,23,40,0.09116306970426902,0.160041459219024,False,False,False,5.2772594846216317e-08,COMPLETE
960,0.43827055692672734,2025-04-11 14:39:35.258867,2025-04-11 14:41:14.332587,0 days 00:01:39.073720,0.14230748544185215,0.22895021690857026,2,0.17005204934124094,0.05427214690083179,0.08437686415109685,0.01992517041333791,0.08639767995937356,0.08563496150842105,0.03235615497814661,24,58,0.08813789959585616,0.1813087356139191,True,False,False,5.119203390720158e-05,COMPLETE
961,0.46945013999938967,2025-04-11 14:41:14.652706,2025-04-11 14:41:38.496439,0 days 00:00:23.843733,0.07647836122384868,0.20563138303083486,16,0.18081501557455043,0.04303931260533933,0.07605276556575355,0.01554465340599719,0.08919729631746241,0.08311027844881451,0.025634751822837698,14,46,0.03148111267136115,0.16615811142338455,True,False,False,4.264761309304786e-05,COMPLETE
962,0.3110677540302277,2025-04-11 14:41:38.812809,2025-04-11 14:42:45.738998,0 days 00:01:06.926189,0.12204235572548865,0.19883178109331673,2,0.19412933861479878,0.06840549756683288,0.08041651458184379,0.01400130128902924,0.08362040910703984,0.09756147308910458,0.021009966899494494,14,100,0.020817311090626987,0.18905965713481881,True,False,False,2.1065852103880046e-05,COMPLETE
963,0.45154154300689703,2025-04-11 14:42:46.060405,2025-04-11 14:43:51.598712,0 days 00:01:05.538307,0.10563833550832728,0.17776950944660194,2,0.18739210814040652,0.05870925672192967,0.0735071212626195,0.016785922692903462,0.09170695342217224,0.005971776689888857,0.0510311933923069,14,43,0.08568933862478036,0.17218988237335203,True,False,False,3.066320444179774e-05,COMPLETE
964,0.46095589995384223,2025-04-11 14:43:51.903438,2025-04-11 14:45:00.480650,0 days 00:01:08.577212,0.14537094909461087,0.23944891596645895,2,0.1764329951599462,0.04721715961713856,0.09310420744567169,0.004762705623937153,0.03608722639302227,0.08809074497227803,0.03844668453801166,15,48,0.08438088855114356,0.2180659947482537,True,False,False,5.118736243199799e-05,COMPLETE
965,0.46856288909912114,2025-04-11 14:45:00.798399,2025-04-11 14:46:06.285188,0 days 00:01:05.486789,0.08469761602930097,0.2668309506042947,2,0.20048795980748002,0.03390602688728176,0.07790249357887515,0.01888437316894691,0.08836748047355904,0.07803590096578736,0.06192949714615019,14,39,0.08978519462999218,0.1786147586866378,True,False,False,1.4559845200136815e-05,COMPLETE
966,0.4525082588195801,2025-04-11 14:46:06.609408,2025-04-11 14:46:30.505502,0 days 00:00:23.896094,0.1288092121732019,0.21875695659442077,16,0.16881256459759528,0.06314897762668495,0.02685721553133493,0.009150147437146264,0.08508252489325943,0.08421958277939738,0.02865977314340654,15,45,0.08719615691272531,0.16428982432935468,True,False,False,3.67160715244785e-05,COMPLETE
967,0.38527545928955076,2025-04-11 14:46:30.826438,2025-04-11 14:47:28.200316,0 days 00:00:57.373878,0.15442004685252578,0.18618335256995044,2,0.18266399587321694,0.055902366855970546,0.071665643164506,0.014430975970399057,0.08222916089634394,0.08111864638887525,0.04250059306101098,14,52,0.09274377780601152,0.18804578726414997,True,False,True,6.9483450743892945e-06,COMPLETE
