number,value,datetime_start,datetime_complete,duration,params_alpha-eval,params_alpha-train,params_batch-size,params_eps-eval,params_eps-train,params_lambda-actions-eval,params_lambda-actions-train,params_lambda-frames-eval,params_lambda-frames-train,params_learning-rate,params_n-epochs,params_n-frames,params_radius-gw,params_rho,params_std-feats,params_ub-actions,params_ub-frames,params_weight-decay,state
1023,0.41499146819114685,2025-04-18 14:56:16.232322,2025-04-18 14:56:37.029385,0 days 00:00:20.797063,0.1582318677365986,0.243135224481699,16,0.027044309132136027,0.08669182743890184,0.057152854750051246,0.03012358266207732,0.014222265018741218,0.08397034031962437,0.07404513691467061,12,41,0.04269107078061087,0.22269079098078853,True,False,True,5.5978124036015825e-05,COMPLETE
1024,0.4899191498756409,2025-04-18 14:56:37.358562,2025-04-18 14:56:58.363473,0 days 00:00:21.004911,0.1723889200628777,0.11722756329409234,16,0.01673186953295657,0.09606287161918808,0.06042179570679222,0.03315592436780663,0.010957196322512595,0.08269911268152456,0.059249257946014725,12,45,0.04798485377048449,0.21998651642073494,True,False,True,3.483055413688956e-05,COMPLETE
1025,0.4817135095596314,2025-04-18 14:56:58.693158,2025-04-18 14:57:19.912086,0 days 00:00:21.218928,0.10393405113122942,0.2210770315147026,16,0.033121550230650706,0.10495259766223723,0.06281740093655076,0.027484110688542313,0.013065122129946096,0.08030321563167721,0.04309749139495274,13,40,0.03273370901058565,0.21092431111371351,True,False,True,2.4918191183669828e-05,COMPLETE
1026,0.4748174846172333,2025-04-18 14:57:20.223482,2025-04-18 14:57:41.116442,0 days 00:00:20.892960,0.13083544683037585,0.1797335150180889,16,0.009082543876076864,0.07790594200332657,0.06439042673330786,0.022704594352829816,0.007418598942910436,0.08575431758047107,0.02361507436935926,12,43,0.037091557257448365,0.21711849875899644,True,False,True,3.5987916054165635e-05,COMPLETE
1027,0.44608216881752016,2025-04-18 14:57:41.441255,2025-04-18 14:58:02.343603,0 days 00:00:20.902348,0.7844325098092884,0.26506861327233544,16,0.038757680747853185,0.1038497092563382,0.06454529840572892,0.030843233111009075,0.009645784530066386,0.0816002756895316,0.08483078776292866,8,50,0.03960223303245237,0.21216475573019486,True,False,False,2.3449299231845352e-05,COMPLETE
1028,0.2582879841327667,2025-04-18 14:58:02.673391,2025-04-18 14:58:23.902113,0 days 00:00:21.228722,0.16501883590946476,0.20043187593076997,16,0.026698022900951777,0.07104102611246173,0.0891060432063643,0.03362588165848515,0.01709453636347281,0.08559283420011213,0.0653417016826404,13,39,0.04169489460440397,0.19703038466419528,True,False,True,4.868413154868613e-05,COMPLETE
1029,0.2664372742176056,2025-04-18 14:58:24.232029,2025-04-18 14:58:49.424037,0 days 00:00:25.192008,0.1474470050805517,0.0968480256958146,8,0.048636805742029485,0.09275450366536804,0.061996961220371655,0.026316861933481768,0.011498726914188429,0.08449796341295414,0.03588729388380352,13,41,0.044456986316852784,0.22309045786516493,False,True,True,3.0647170522366e-06,COMPLETE
1030,0.41726577281951904,2025-04-18 14:58:49.753797,2025-04-18 14:59:10.966006,0 days 00:00:21.212209,0.11950732815476603,0.23074985405805926,16,0.01255703099615374,0.09915005215092963,0.059005713362443125,0.029206177590980945,0.00845581396176574,0.07778982800026761,0.02871198648865396,12,45,0.03527361473817383,0.20782919798067653,True,False,True,2.6525447511967815e-05,COMPLETE
1031,0.4675070405006409,2025-04-18 14:59:11.297197,2025-04-18 14:59:32.795448,0 days 00:00:21.498251,0.09300587279283865,0.05955512487528393,16,0.019162879254908782,0.10669762607364,0.06419667676512228,0.02065570211807354,0.008125173917436217,0.08160925461986103,0.0494013004319645,14,37,0.046628696888886864,0.20622314540214218,True,False,True,3.942647187568523e-05,COMPLETE
1032,0.4145368158817292,2025-04-18 14:59:33.126350,2025-04-18 15:00:24.697818,0 days 00:00:51.571468,0.13813843215554214,0.15227957199891323,2,0.03168629708633368,0.08143657548010552,0.06597711500937767,0.023784212833339133,0.013637695205663805,0.08384531362285874,0.04212428113755368,12,40,0.038341116253739385,0.20187347050287394,True,False,True,2.0357757769720112e-05,COMPLETE
1033,0.46988389492034915,2025-04-18 15:00:25.015106,2025-04-18 15:00:46.447892,0 days 00:00:21.432786,0.18894310796782518,0.18321194413287722,16,0.04528908102809621,0.08872410849551289,0.060637098982344734,0.031479848394146207,0.010594385867145383,0.08715612597204331,0.058543667553415134,13,43,0.031004679723202366,0.21328432794136043,True,False,True,2.1817625926908392e-05,COMPLETE
1034,0.4825390934944153,2025-04-18 15:00:46.776899,2025-04-18 15:01:07.680575,0 days 00:00:20.903676,0.37242635353417775,0.2500499277982869,16,0.03768457500155924,0.1078068017111012,0.06225084104946899,0.028056624868595895,0.0071252582741222256,0.08776715028927924,0.05080704657859508,12,47,0.04034201204717058,0.20385712431264094,True,False,True,3.0234748592068866e-05,COMPLETE
1035,0.3399619519710541,2025-04-18 15:01:08.009556,2025-04-18 15:01:27.475618,0 days 00:00:19.466062,0.10810271378208086,0.21020087624385095,16,0.023440633742220295,0.09908313747460291,0.055034846668352067,0.034384770785849145,0.012151542697518142,0.07867993968051706,0.06750748472746937,9,36,0.04331994356357484,0.14048967304673013,True,False,True,1.0047775916446298e-07,COMPLETE
1036,0.35571135878562926,2025-04-18 15:01:27.807611,2025-04-18 15:01:48.131909,0 days 00:00:20.324298,0.16373170342627363,0.08000293365398092,16,0.005367154251957709,0.14146177710384347,0.06647070388142409,0.029498591348018483,0.015584989622456287,0.033853115980552274,0.033433509238641045,11,39,0.037180527218436836,0.21086598237150475,True,False,True,5.267244028061941e-06,COMPLETE
1037,0.4579473972320557,2025-04-18 15:01:48.465663,2025-04-18 15:02:10.159158,0 days 00:00:21.693495,0.5323882675414571,0.1253990256037535,16,0.042555901969201254,0.09483800181861246,0.058334445029629436,0.025704966148857974,0.009069414437326673,0.0857455304549554,0.01928417787072432,14,38,0.034807037859749895,0.19398279486435105,True,False,True,2.7594375871865933e-05,COMPLETE
1038,0.47370280623435973,2025-04-18 15:02:10.493387,2025-04-18 15:02:31.076074,0 days 00:00:20.582687,0.12537712975503287,0.2297835468970683,16,0.051581521653042375,0.10407911660338175,0.06437984179203747,0.03323611746821528,0.006404050017454031,0.0728311605218045,0.08460879595557864,11,42,0.041482794067817325,0.14837755409858092,True,False,True,8.062378952677885e-05,COMPLETE
1039,0.46762377023696905,2025-04-18 15:02:31.411900,2025-04-18 15:02:56.959946,0 days 00:00:25.548046,0.14954337633130793,0.16995492918944066,8,0.02985523895448116,0.11033812994654131,0.0862224971925672,0.031179979206742568,0.022983106036208317,0.08786852909521957,0.04221492380936135,13,36,0.049554383339012166,0.21960668562892258,True,False,True,1.869287714572589e-05,COMPLETE
1040,0.47487452030181887,2025-04-18 15:02:57.278471,2025-04-18 15:03:19.092741,0 days 00:00:21.814270,0.08096782409436636,0.2015708154367144,16,0.01595415024593723,0.0853579621273034,0.06063155612444777,0.017050535580839424,0.00839765331874092,0.08354030088273738,0.05557665975802081,15,33,0.03389183743029719,0.20052498222236464,True,False,True,4.048596715746983e-06,COMPLETE
1041,0.43639424443244934,2025-04-18 15:03:19.423243,2025-04-18 15:03:40.325453,0 days 00:00:20.902210,0.17992357704778228,0.03947040366136597,16,0.03404132654151019,0.11643366113677771,0.06314676777541306,0.07984765270068961,0.010755543581698949,0.08114880354141382,0.038003694916187984,12,40,0.0385979163664722,0.19110204480550183,True,False,True,6.703466679427198e-06,COMPLETE
1042,0.2776438653469086,2025-04-18 15:03:40.655991,2025-04-18 15:04:02.235361,0 days 00:00:21.579370,0.11052214824078509,0.6949113969679589,16,0.02284752316784163,0.10351913828008923,0.06742134393138009,0.02712624177053877,0.013915706765996943,0.07543985314320142,0.07378940982869854,12,53,0.04419560078673315,0.18722155469140186,True,False,True,3.243931609190688e-05,COMPLETE
1043,0.4432833552360535,2025-04-18 15:04:02.567171,2025-04-18 15:04:22.947359,0 days 00:00:20.380188,0.1384191694846976,0.14586619205063242,16,0.0111082053371836,0.09273622524389265,0.06565427507636093,0.0223682819297055,0.09396819131254006,0.0894370835694559,0.04695370009500025,10,44,0.029134774514494043,0.1949707280446772,True,False,True,2.3286613834867132e-05,COMPLETE
1044,0.4647716999053955,2025-04-18 15:04:23.282011,2025-04-18 15:04:43.537931,0 days 00:00:20.255920,0.0553823335566455,0.10239287380162311,16,0.04043561282970877,0.11148365161384016,0.05616432270275718,0.03557792762453909,0.005587404863269068,0.08556522260054221,0.02806612521031882,11,37,0.04620045591108522,0.20406792131321325,True,False,True,1.7710295044199065e-05,COMPLETE
1045,0.42064414024353025,2025-04-18 15:04:43.873937,2025-04-18 15:05:06.816394,0 days 00:00:22.942457,0.15875825347225941,0.2538140125849944,16,0.05177318616524726,0.09874549595048027,0.08428125621616551,0.024470827564546903,0.012462848177381297,0.09019429907329393,0.06074465291279064,13,30,0.04024048043276717,0.1984945165071015,True,False,False,6.589558419473498e-05,COMPLETE
1046,0.43776264786720276,2025-04-18 15:05:07.152516,2025-04-18 15:05:28.334507,0 days 00:00:21.181991,0.19312717068692115,0.19101878370191272,16,0.033927759995999104,0.07447576349330126,0.062186793475799966,0.028415392942399243,0.007782757787313643,0.08799810508404655,0.0479341080929099,12,48,0.0917569829934129,0.18973672409186218,True,False,True,8.147077343699999e-06,COMPLETE
1047,0.4755619466304779,2025-04-18 15:05:28.676134,2025-04-18 15:05:51.036908,0 days 00:00:22.360774,0.16950792968160727,0.22014008872636842,8,0.0006398327789977516,0.10794109214673527,0.06852060586351981,0.032951133031796524,0.010655184535095077,0.06971434490142726,0.03633178689749067,9,34,0.03704015936560629,0.21284467567855528,True,False,True,3.934148272386096e-05,COMPLETE
1048,0.30887292623519896,2025-04-18 15:05:51.360565,2025-04-18 15:06:10.997397,0 days 00:00:19.636832,0.03192722098533114,0.059413231465193984,16,0.04432093932772344,0.1172045646474219,0.06040601959239467,0.030806286863450383,0.018374842923859977,0.08263894890427582,0.06725273696435649,11,41,0.04232327461496742,0.18490671425354469,False,False,True,2.1012686520660952e-05,COMPLETE
1049,0.46190863847732544,2025-04-18 15:06:11.332289,2025-04-18 15:06:31.297190,0 days 00:00:19.964901,0.1240594191619536,0.23843841510657574,16,0.026837801896438324,0.0797755037103312,0.06379992246089261,0.01992823709286833,0.006064513213183019,0.06546404327341343,0.05551462806450568,10,38,0.03260541567178058,0.22517316935320214,True,False,True,3.067143007024752e-05,COMPLETE
1050,0.09307204186916351,2025-04-18 15:06:31.632408,2025-04-18 15:06:52.455182,0 days 00:00:20.822774,0.09194506955402812,0.084976568044012,16,0.1100437901596805,0.09079372371267344,0.06623147833347974,0.026049632745726886,0.008993344093029178,0.09138924997119613,0.02325155488473812,13,45,0.03576469556024052,0.20631211358318086,True,True,True,5.79271206346414e-06,COMPLETE
1051,0.4984101057052613,2025-04-18 15:06:52.789336,2025-04-18 15:07:13.497436,0 days 00:00:20.708100,0.07154455651867332,0.31419751547410213,16,0.019718301418679682,0.1013839092741236,0.06805120633676291,0.028426836608151262,0.015383259243791598,0.07926906535623339,0.08591819412230281,12,33,0.039002393840033574,0.15221409106709258,True,False,True,2.5628546657970863e-05,COMPLETE
1052,0.4175105690956116,2025-04-18 15:07:13.833200,2025-04-18 15:07:34.669504,0 days 00:00:20.836304,0.05948752593982462,0.3087521312254966,16,0.01303683943545255,0.09765520773998564,0.06554465712580529,0.028449675213146758,0.01709263576457689,0.07669240516561304,0.08903681212671707,12,36,0.03823945789305641,0.1474215926420502,True,False,True,2.544964393201962e-05,COMPLETE
1053,0.3241449058055878,2025-04-18 15:07:35.005278,2025-04-18 15:08:01.805774,0 days 00:00:26.800496,0.03162699441055919,0.270318775708309,16,0.018118438940749902,0.09151258237291664,0.06353884792545218,0.026833666900835926,0.015780038433269552,0.07698096494127175,0.09338317196311818,18,82,0.03622201052643619,0.15082411604129728,True,False,True,4.749924284970546e-05,COMPLETE
1054,0.36443055868148805,2025-04-18 15:08:02.144439,2025-04-18 15:08:53.693738,0 days 00:00:51.549299,0.0488391790721138,0.308388094037512,2,0.007261871403385196,0.09645881560358932,0.05373604493810024,0.02954443126264421,0.014933690935246203,0.07955482373099325,0.08250465006287079,12,42,0.03889946028067213,0.14316427673548932,True,False,True,3.121326058278737e-05,COMPLETE
1055,0.3243485987186432,2025-04-18 15:08:54.034831,2025-04-18 15:09:16.813606,0 days 00:00:22.778775,0.06816866790924159,0.4701947525385799,16,0.011402611033894172,0.08478650232006064,0.05817907588084554,0.024259562542783875,0.005597191752914931,0.07798250387392569,0.09698891364838938,13,66,0.03694381350820055,0.15457333631100548,True,False,True,3.740031060262326e-05,COMPLETE
1056,0.37653830647468567,2025-04-18 15:09:17.140892,2025-04-18 15:09:41.708088,0 days 00:00:24.567196,0.06969298413472733,0.2855944042488059,8,0.018959249365109926,0.10237751374524165,0.061595738709585846,0.027880558658538796,0.006887961477279127,0.08024808508787443,0.08131590661216578,12,28,0.03415746992315803,0.15073390053250157,True,False,True,2.4283736878912887e-05,COMPLETE
1057,0.27916941642761234,2025-04-18 15:09:42.048492,2025-04-18 15:10:02.864981,0 days 00:00:20.816489,0.025540233112515912,0.2572233453887187,16,0.019502566355425,0.08780531336598431,0.08255871921186687,0.031382777832536374,0.021314204969667218,0.08349855789761805,0.0755684081693297,12,39,0.03974757417541667,0.134481865876794,True,False,True,1.8112426666889725e-05,COMPLETE
1058,0.3613529741764069,2025-04-18 15:10:03.199770,2025-04-18 15:10:23.706110,0 days 00:00:20.506340,0.04886292955442749,0.31467470329844754,16,0.008906665551084637,0.2922488126687901,0.06762808850161112,0.025634034748560557,0.01920619481267941,0.07813193697560562,0.030158579880266878,12,32,0.03739050278437212,0.1552235358008966,True,False,True,2.7025182868650272e-05,COMPLETE
1059,0.34997730851173403,2025-04-18 15:10:24.044392,2025-04-18 15:10:45.362421,0 days 00:00:21.318029,0.08649382521913784,0.2931687534258206,16,0.014943095761506592,0.22094521922095195,0.0642197736063095,0.029679721654096092,0.004777844193959423,0.08127375304293878,0.039924575123098244,13,35,0.035158244915116606,0.14384051137091167,True,False,True,2.1155930367276834e-05,COMPLETE
1060,0.43418541550636297,2025-04-18 15:10:45.700687,2025-04-18 15:11:07.811899,0 days 00:00:22.111212,0.0741190676483075,0.2624540062354006,16,0.02288457478523641,0.0971434098269714,0.05962846501634332,0.027729282361042978,0.015868900266041902,0.07932575178081049,0.09936056090854686,14,41,0.03121827101303902,0.15692606399063583,True,False,True,4.260483777840605e-05,COMPLETE
1061,0.40318613052368163,2025-04-18 15:11:08.158973,2025-04-18 15:11:28.727728,0 days 00:00:20.568755,0.05709882350401869,0.23907043882363604,16,0.0062706362317423055,0.09953267801930706,0.06649278086421259,0.03260775853521103,0.01731560850745196,0.07394986477548297,0.03154581402998362,12,24,0.03999031829787092,0.15040636189299697,True,False,True,3.0740027999730613e-05,COMPLETE
1062,0.5052468180656433,2025-04-18 15:11:29.072817,2025-04-18 15:11:49.422756,0 days 00:00:20.349939,0.03991849810062957,0.2778909290590157,16,0.01574561072620628,0.09306402055661156,0.062367661390145664,0.030085867631630354,0.013776476870734423,0.07630272613045871,0.07346316444553802,11,38,0.03845349696164441,0.1433891827943987,True,False,True,1.7452585274134667e-05,COMPLETE
1063,0.3555359482765198,2025-04-18 15:11:49.767489,2025-04-18 15:12:10.266527,0 days 00:00:20.499038,0.03432710804613896,0.2745108334469502,16,0.01105679583831424,0.08158960825104544,0.06149493263796076,0.034354916941073954,0.018882827191886643,0.07975018841191622,0.04681985447651266,11,44,0.03257942694293294,0.13774317274082296,True,False,True,1.9181904761604956e-05,COMPLETE
1064,0.38837409615516666,2025-04-18 15:12:10.610386,2025-04-18 15:12:33.967340,0 days 00:00:23.356954,0.05598126296132759,0.2770912574205757,16,0.015442569636186874,0.0888433063102327,0.057172539207265324,0.03060139365407078,0.014513498722567773,0.07640554589333418,0.07416499372271372,13,40,0.03863885111679378,0.14579765240028486,True,False,False,1.591194317557544e-05,COMPLETE
1065,0.4638960897922516,2025-04-18 15:12:34.295288,2025-04-18 15:12:58.473242,0 days 00:00:24.177954,0.04630919302117376,0.3053005873264272,8,0.004377502679319786,0.08542946997155008,0.06034807247289142,0.021584355939185392,0.013908232474940678,0.07973894684702111,0.007228658979483618,11,38,0.04078813102925392,0.14106244484860334,True,False,True,2.3505795626669063e-05,COMPLETE
1066,0.4202058851718903,2025-04-18 15:12:58.815289,2025-04-18 15:13:20.313533,0 days 00:00:21.498244,0.022094390756529532,0.2775335881511908,16,0.0002533091136905606,0.09307249398275386,0.06262327808225783,0.026551646027607026,0.017355715021150523,0.07772210737672003,0.06151781621428344,12,46,0.03614241235518825,0.1334142276301719,True,False,True,1.7414586142656367e-05,COMPLETE
1067,0.45015988945961005,2025-04-18 15:13:20.651578,2025-04-18 15:13:48.231144,0 days 00:00:27.579566,0.02691574675250888,0.27399220834352683,16,0.015215605700925389,0.07888204542085304,0.0592984194943308,0.03289063345209456,0.013649313588953474,0.07512489721536245,0.03732446019722174,27,43,0.03453634003843466,0.1377663354625441,True,False,True,2.334137270315006e-05,COMPLETE
1068,0.3240532994270325,2025-04-18 15:13:48.572624,2025-04-18 15:14:08.596637,0 days 00:00:20.024013,0.014805142747846594,0.2786768771803327,16,0.007960609769443907,0.15183153657128062,0.062282578863933125,0.023408080693086097,0.015469338163607432,0.08105153340877791,0.026172987568005603,12,39,0.04110886418270846,0.14821722287643252,False,True,True,1.5019418458387446e-05,COMPLETE
1069,0.2987785339355469,2025-04-18 15:14:08.938328,2025-04-18 15:14:29.310167,0 days 00:00:20.371839,0.03139105442889103,0.31794441016123093,16,0.020101789684640346,0.08985917883195715,0.059139573063596546,0.028872581928970593,0.011938139783813008,0.08052098388494146,0.05078077255278387,11,42,0.037924394288486284,0.13206716872760432,True,False,True,1.6860479022320116e-05,COMPLETE
1070,0.36556736230850223,2025-04-18 15:14:29.653715,2025-04-18 15:14:50.793271,0 days 00:00:21.139556,0.06774141343740729,0.30054685335087816,16,0.011448866492794686,0.09335105545386985,0.06376986820800855,0.03557418940068765,0.012232930933998892,0.07847664325303855,0.04166958004496623,13,37,0.02685447231410202,0.14084976135746038,True,False,True,2.0306298927115698e-05,COMPLETE
1071,0.10068377703428269,2025-04-18 15:14:51.137766,2025-04-18 15:15:11.889908,0 days 00:00:20.752142,0.07466197832154692,0.32310482094835935,16,0.28609584200481575,0.07285313226101253,0.06147840728118362,0.03125692108557067,0.01628202301885137,0.07647679130571691,0.08254740336875287,11,48,0.009380251199404645,0.14246224779108654,True,False,True,3.0205216978877234e-05,COMPLETE
1072,0.35545836091041566,2025-04-18 15:15:12.236716,2025-04-18 15:15:29.975607,0 days 00:00:17.738891,0.04551906090528171,0.2634302941819543,16,0.016898185878985904,0.087159223656008,0.06380769246328816,0.026147246314769775,0.010871475442560927,0.08449249509971006,0.05714708740953564,5,40,0.03360354851130479,0.1511118041790858,True,False,True,3.6052606793916464e-05,COMPLETE
1073,0.4689215421676636,2025-04-18 15:15:30.324275,2025-04-18 15:15:51.777746,0 days 00:00:21.453471,0.023313511770154317,0.29086229594314494,16,0.02150072932625338,0.07940267529672139,0.05760823753818525,0.034281758082049335,0.014190201695001731,0.08156913286630112,0.06583054559008202,13,36,0.03940499945460153,0.15591825225708225,True,False,True,2.154542452662828e-05,COMPLETE
1074,0.44061459302902223,2025-04-18 15:15:52.107692,2025-04-18 15:16:18.657180,0 days 00:00:26.549488,0.04144267573430551,0.2620123504084082,8,0.01089593855730112,0.09645778130405168,0.06093930942200968,0.02940180859094067,0.020539559322823503,0.08215756879267251,0.09830667305221201,14,44,0.03614436383213309,0.14480850575856422,True,False,True,2.638724720137051e-05,COMPLETE
1075,0.5092003226280213,2025-04-18 15:16:18.999160,2025-04-18 15:16:39.712591,0 days 00:00:20.713431,0.011759674647678815,0.2505170838848864,16,0.016302778937128146,0.10145126741805799,0.06285989739077641,0.01850039599445367,0.01019189427045812,0.08238980263896815,0.046601723704662416,12,38,0.04154028348602238,0.1470612206318682,True,False,True,1.402737695270584e-05,COMPLETE
1076,0.34039374589920046,2025-04-18 15:16:40.054135,2025-04-18 15:17:29.440054,0 days 00:00:49.385919,0.07457568837619995,0.25515228055116373,2,0.015671311475372006,0.09296518601293627,0.05991115914231195,0.015028385014441856,0.012482871086576227,0.0825004814907278,0.05338078217829891,11,35,0.042607465230844487,0.13645346110186057,True,False,True,1.3085051340399145e-05,COMPLETE
1077,0.44258114695549017,2025-04-18 15:17:29.779302,2025-04-18 15:17:50.458808,0 days 00:00:20.679506,0.032284564392960804,0.2909956064935136,16,0.01686208711212475,0.08781987271871404,0.05567437373127796,0.016973546656701484,0.011127568142687118,0.0835396158040049,0.07107293136368927,12,37,0.04223403519254522,0.12888708239773386,True,False,True,1.3746958207300308e-05,COMPLETE
1078,0.44690526127815244,2025-04-18 15:17:50.801583,2025-04-18 15:18:11.732826,0 days 00:00:20.931243,0.029397699272209477,0.33451457965184156,16,0.007828732008455342,0.09628485881209962,0.06492584874691014,0.031512254014227595,0.01382307800973086,0.08218381752363653,0.05628278068675643,12,41,0.04405293991545992,0.14890470166864211,True,False,True,1.4790945094735872e-05,COMPLETE
