number,value,datetime_start,datetime_complete,duration,params_alpha-eval,params_alpha-train,params_batch-size,params_eps-eval,params_eps-train,params_lambda-actions-eval,params_lambda-actions-train,params_lambda-frames-eval,params_lambda-frames-train,params_learning-rate,params_n-epochs,params_n-frames,params_radius-gw,params_rho,params_std-feats,params_ub-actions,params_ub-frames,params_weight-decay,state
1868,0.11640851944684982,2025-04-18 21:54:31.482910,2025-04-18 21:55:00.975976,0 days 00:00:29.493066,0.09197823790167078,0.08792868215544486,8,0.13148672695866384,0.09307543085653135,0.06064741155577123,0.027441567944131173,0.004235886093571745,0.06800197666243285,0.04947051077755809,20,37,0.02232457415210544,0.21074214535954025,False,True,True,0.0003353253051105388,COMPLETE
1869,0.44040064215660096,2025-04-18 21:55:01.579318,2025-04-18 21:55:31.550431,0 days 00:00:29.971113,0.11449546335356853,0.10983192993140163,8,0.007209585575560458,0.10902515889587341,0.06195001846050742,0.02563060575489992,0.005154171971302462,0.06775737011984831,0.02638690744682298,19,41,0.025115184826002626,0.2028669124151623,True,False,True,0.0004662073951885559,COMPLETE
1870,0.3737816035747528,2025-04-18 21:55:32.171443,2025-04-18 21:56:03.637055,0 days 00:00:31.465612,0.08901532684899371,0.12449948810384091,8,0.0842647173555228,0.058285222966013184,0.05445030570460147,0.030019607816571505,0.002677005448484754,0.0632154846828551,0.03394125693401394,21,46,0.03227650498598101,0.19724596850409437,True,False,True,0.0007117337081996648,COMPLETE
1871,0.4686756610870361,2025-04-18 21:56:04.233428,2025-04-18 21:56:39.048661,0 days 00:00:34.815233,0.08718599082606665,0.08031711304579069,8,0.12749837289844387,0.09683416942071711,0.05626652805060738,0.021603380494552377,0.0012995879985383241,0.031083962067121933,0.02350193006295024,20,38,0.034991769859724915,0.11801952764964012,True,False,False,8.914898906344427e-05,COMPLETE
1872,0.3144047796726227,2025-04-18 21:56:39.665039,2025-04-18 21:57:56.585966,0 days 00:01:16.920927,0.10883713114129857,0.13049808735820512,2,0.01685843551684977,0.10371969080205058,0.06181972565312985,0.024227414972956683,0.00542725812499403,0.06574651057456148,0.052955907558994375,21,34,0.02764423001509428,0.1601462508629391,True,False,True,0.0003835466763010282,COMPLETE
1873,0.451629513502121,2025-04-18 21:57:57.182024,2025-04-18 21:58:29.599654,0 days 00:00:32.417630,0.14490626594380124,0.10694047977030319,8,0.005619862812252276,0.09324838142658953,0.05914709806914163,0.05271676610112215,0.003455283441585229,0.07893625937579063,0.04301540195766016,22,42,0.029840144694127067,0.1464932769132284,True,False,True,0.000574250141062288,COMPLETE
1874,0.3820877552032471,2025-04-18 21:58:30.213553,2025-04-18 21:59:00.128775,0 days 00:00:29.915222,0.07454469577332057,0.11576688796873963,8,0.12101724930104918,0.06159703385334581,0.06219033139972956,0.02679686298119378,0.0325605255897813,0.06651632459147958,0.021505499351506786,19,31,0.021351320633230524,0.15426363561729328,True,False,True,4.7103814728776603e-05,COMPLETE
1875,0.4735054135322571,2025-04-18 21:59:00.750535,2025-04-18 21:59:31.838862,0 days 00:00:31.088327,0.12266547207519934,0.13503349090658961,8,0.01314584960723985,0.09751163407470034,0.058472451340792785,0.016258246300723346,0.005532013805343204,0.08207930272349703,0.05960404713779772,20,49,0.03328523028595015,0.1693317185806878,True,False,True,0.0002757005550680184,COMPLETE
1876,0.477784812450409,2025-04-18 21:59:32.440604,2025-04-18 22:00:09.183572,0 days 00:00:36.742968,0.08470476350260711,0.084963510025804,8,0.18680526081348026,0.10621092769037879,0.060460674810101186,0.019350132914845903,0.0037634541373331794,0.05657199439731389,0.037840700765422196,23,39,0.03116502829756046,0.14118692951039072,True,False,False,0.00019992566379423385,COMPLETE
1877,0.10259422957897187,2025-04-18 22:00:09.806609,2025-04-18 22:00:48.020825,0 days 00:00:38.214216,0.09712822094803482,0.9379224806717029,8,0.08315996912524523,0.0666081533217212,0.05088616496117622,0.02962698200614936,0.006034762099649184,0.06825946518031521,0.029450264537377615,21,146,0.0743557045411662,0.13151297376603716,True,False,True,1.0160342032218597e-05,COMPLETE
1878,0.2773673593997955,2025-04-18 22:00:48.621749,2025-04-18 22:01:19.185514,0 days 00:00:30.563765,0.11122969526563636,0.14802941507165787,8,0.10972181395876397,0.05235394221022742,0.06245177287310932,0.027652065577105037,0.002802417036369148,0.06460821120520205,0.02006625587446151,20,36,0.03580432067788376,0.09917752959090888,True,False,True,0.00012272935705325027,COMPLETE
1879,0.41465506553649906,2025-04-18 22:01:19.808403,2025-04-18 22:01:52.085976,0 days 00:00:32.277573,0.07532460071750255,0.13780574086602998,8,0.00017517523600918405,0.09130069585269003,0.05684927803434786,0.022922084898187815,0.09193086749114188,0.028658215457584787,0.050543676102266795,22,44,0.026254174099811855,0.05907770037402439,True,False,True,6.197324563911191e-05,COMPLETE
1880,0.42663060426712035,2025-04-18 22:01:52.687931,2025-04-18 22:02:22.501684,0 days 00:00:29.813753,0.03839373340601074,0.1208075484054353,8,0.0902086320702627,0.0486423324477922,0.0631414964549223,0.025537986142190675,0.006769667299947557,0.0779192109731345,0.0012931019650390745,19,41,0.03235255605521444,0.15159262701585602,True,False,True,0.00034210170634567974,COMPLETE
1881,0.39677705168724064,2025-04-18 22:02:23.125240,2025-04-18 22:02:58.106419,0 days 00:00:34.981179,0.06280869248325437,0.09929095613111957,8,0.017380209188557542,0.1111364989603699,0.0533177895760635,0.021521746838898695,0.0052493056947546385,0.02056897190779463,0.04072292637307461,21,33,0.02907405812938793,0.19736795345309283,True,False,False,7.941323992739455e-05,COMPLETE
1882,0.45093970298767094,2025-04-18 22:02:58.702443,2025-04-18 22:03:29.288919,0 days 00:00:30.586476,0.14374918430197564,0.07883073366696824,8,0.005932352525991528,0.10312441500399788,0.059921801792168876,0.028166494831359693,0.001052092376780246,0.06872085781086888,0.056733461438783196,20,36,0.03432949750484049,0.1233844732973387,True,False,True,0.0002564832227013387,COMPLETE
1883,0.4740896284580231,2025-04-18 22:03:29.909925,2025-04-18 22:04:01.622079,0 days 00:00:31.712154,0.028301094704144138,0.13137455684094754,8,0.00011416609750060564,0.09530961527985217,0.07834423272189468,0.02485887926662629,0.008940406116698378,0.08037093735033506,0.024426003176360712,21,40,0.031115159076800646,0.21519060977446847,True,False,True,1.0058510800378235e-05,COMPLETE
1884,0.340450519323349,2025-04-18 22:04:02.221704,2025-04-18 22:04:34.286447,0 days 00:00:32.064743,0.0996870521107044,0.14779657694603884,8,0.010910294384926229,0.17606905151934255,0.06310049761244377,0.029960831064667265,0.001143665233159819,0.06605521783768206,0.030905624305662047,22,45,0.03686843940240688,0.14392434587236128,True,False,True,0.00015128938674250896,COMPLETE
1885,0.42805340886116033,2025-04-18 22:04:34.908978,2025-04-18 22:05:34.966769,0 days 00:01:00.057791,0.07310721368264209,0.10176980019119428,2,0.01867956713971083,0.07025426789572838,0.061723552665742414,0.023751626203007623,0.003799628800201762,0.0627005201723445,0.01812277511650941,15,38,0.03374420187228718,0.2050244060019566,True,False,True,0.00022075699404185085,COMPLETE
1886,0.34683093428611755,2025-04-18 22:05:35.568482,2025-04-18 22:06:06.834245,0 days 00:00:31.265763,0.1259481896537531,0.12601349856482444,8,0.00962893084039538,0.1002637138020355,0.0581090282655809,0.02691873846146028,0.011476649773666131,0.06873278711666819,0.035261752875914674,20,48,0.019562097921229444,0.16506741315380632,True,True,False,0.00045285145777186815,COMPLETE
1887,0.3466228842735291,2025-04-18 22:06:07.458822,2025-04-18 22:06:36.825720,0 days 00:00:29.366898,0.052519668443789774,0.150690763605184,8,0.014301647802903026,0.08756085678254039,0.02695202572666559,0.020433629739925085,0.007177967966484997,0.07702245569043167,0.06402204166158458,19,32,0.02773237279031244,0.13650831935612237,False,False,True,0.00029825603113254055,COMPLETE
1888,0.28735801577568054,2025-04-18 22:06:37.431448,2025-04-18 22:07:09.020929,0 days 00:00:31.589481,0.010160055574614656,0.37352260224055855,8,0.004757270686523289,0.09179096178865506,0.0609859863433324,0.025650090532392242,0.005512453345473003,0.06795392168796509,0.04947487638849766,21,42,0.03085877500709349,0.15855143423189477,True,False,True,4.778159661363194e-05,COMPLETE
1889,0.4848745942115784,2025-04-18 22:07:09.619380,2025-04-18 22:07:41.632055,0 days 00:00:32.012675,0.08092934673834364,0.1574348961221108,8,0.18955448251003415,0.09879377527167722,0.06371617495812477,0.01809872067771113,0.009998527507493884,0.0818136489191379,0.027056537187915484,22,37,0.035104936662469,0.14961664481603257,True,False,True,0.0001571719242040917,COMPLETE
1890,0.38141101598739624,2025-04-18 22:07:42.251210,2025-04-18 22:08:13.493573,0 days 00:00:31.242363,0.10184910293097772,0.12560664538916771,8,0.12050394772891146,0.06351004766965236,0.07476338150278482,0.022870957531446013,0.008216342594999097,0.06979995429385505,0.01908631472381912,20,54,0.024626897403868676,0.2208443611145898,True,False,True,1.1152529445051226e-05,COMPLETE
1891,0.46563119888305665,2025-04-18 22:08:14.115990,2025-04-18 22:08:48.140351,0 days 00:00:34.024361,0.04510238676204214,0.08206064401919225,8,0.13957422922064025,0.10923723448727216,0.05963770613846839,0.02876797941025306,0.0011102718157909568,0.07511175368752974,0.0444222431520282,20,35,0.029174555453115033,0.043929575158042786,True,False,False,0.000101451383554478,COMPLETE
1892,0.3411205470561981,2025-04-18 22:08:48.743744,2025-04-18 22:09:20.147402,0 days 00:00:31.403658,0.026557637245066074,0.10211430554512832,8,0.018473897030751835,0.08414032019254016,0.056669848031769575,0.026024750147608987,0.0039036387496605273,0.03604104845860519,0.05668885032774048,21,40,0.03249619413944861,0.08386001686245884,True,False,True,0.00018742109151751598,COMPLETE
1893,0.4787607073783875,2025-04-18 22:09:20.769090,2025-04-18 22:09:51.081952,0 days 00:00:30.312862,0.06458980094973231,0.161077171944707,8,0.17727061634061084,0.1040427156228883,0.05228821418087098,0.030070765403863057,0.006081960999889308,0.07846400704704393,0.06343837072517158,19,44,0.034807183593733027,0.19824346969731885,True,False,True,7.091117613293258e-05,COMPLETE
1894,0.4824175596237183,2025-04-18 22:09:51.683888,2025-04-18 22:10:22.968463,0 days 00:00:31.284575,0.12613276597512169,0.07228759591386913,8,0.011200310984329068,0.07731917468077554,0.07773005389137429,0.027747887764946026,0.011959532850267214,0.06669733320369721,0.0222726544600706,21,39,0.03698420903378218,0.1719971136556946,True,False,True,0.0004123523673259447,COMPLETE
1895,0.4673487007617951,2025-04-18 22:10:23.590017,2025-04-18 22:10:53.461502,0 days 00:00:29.871485,0.04616472949757093,0.2588007056576661,8,0.005735226002169933,0.09366378749325652,0.06280561413675366,0.02386972007827901,0.008813829342675442,0.060653067345532566,0.034087803929060204,19,31,0.03264573136532205,0.14589045908097978,True,False,True,4.216845900891331e-05,COMPLETE
1896,0.4680743634700775,2025-04-18 22:10:54.087617,2025-04-18 22:11:27.789185,0 days 00:00:33.701568,0.07662404855444784,0.13745401233306057,8,0.018458081413320636,0.05758176849756411,0.07396757020976162,0.0201292272055623,0.004011904636881775,0.02505132713369293,0.04360865968940724,20,34,0.02989239535249325,0.15293224641272166,True,False,False,0.00012624861156784978,COMPLETE
1897,0.26036843061447146,2025-04-18 22:11:28.390186,2025-04-18 22:12:00.508191,0 days 00:00:32.118005,0.10803318501269774,0.16101431312842923,8,0.20675708774922646,0.08737452986605007,0.0640937170497138,0.021992110167883112,0.006972284001063952,0.05820965284844404,0.01589491556230262,22,43,0.026650644312954185,0.13973215676222284,True,False,True,0.00031859502397838424,COMPLETE
1898,0.46269817948341374,2025-04-18 22:12:01.136962,2025-04-18 22:12:32.710269,0 days 00:00:31.573307,0.027240667883562185,0.10205560781202,8,0.12047977882786035,0.09569574644247356,0.014498029527804004,0.024678708168838118,0.0011068115774734693,0.08308893144591531,0.02525143864891919,21,46,0.036387511302096456,0.1288227610703851,True,False,True,0.0005176738826980865,COMPLETE
1899,0.2647491693496704,2025-04-18 22:12:33.316070,2025-04-18 22:13:55.551809,0 days 00:01:22.235739,0.9026277310441202,0.43104709297829236,2,0.14547858310152953,0.06710474808886042,0.06122325107330476,0.029766409774101416,0.0054533115474503305,0.0457363145274503,0.0656983090536074,23,37,0.033893604535614165,0.2677440285889313,True,False,True,1.4546848841343932e-06,COMPLETE
1900,0.472869873046875,2025-04-18 22:13:56.171921,2025-04-18 22:14:26.320452,0 days 00:00:30.148531,0.05982482385858824,0.11780679671557512,8,0.0938290999497427,0.07235217771833624,0.07585802499486675,0.013377885887450836,0.009866471046393155,0.06427291028852429,0.006380429022000008,19,41,0.02824794830580054,0.21083634236096646,True,False,True,0.00023729263532888177,COMPLETE
1901,0.4954877614974976,2025-04-18 22:14:26.949998,2025-04-18 22:14:58.502994,0 days 00:00:31.552996,0.09530822938413094,0.1680031097841802,8,0.11774828613542146,0.10406560296463922,0.07268802953887699,0.02747601848319293,0.0074157765847937766,0.07048355222572167,0.051910462159107384,21,35,0.03173325865674187,0.16047313051601045,True,False,True,1.0921695231328109e-05,COMPLETE
1902,0.4475223302841187,2025-04-18 22:14:59.110063,2025-04-18 22:15:28.730779,0 days 00:00:29.620716,0.010322193233735288,0.14397845783487737,8,0.010409497768813648,0.08155780160214995,0.05532780302521273,0.025403525345933157,0.0031401113373384446,0.07462496623971265,0.0030487103894375703,15,39,0.030889782953794114,0.2027357150146186,True,False,False,5.391800234340791e-05,COMPLETE
1903,0.3158918559551239,2025-04-18 22:15:29.356838,2025-04-18 22:16:00.639556,0 days 00:00:31.282718,0.14332015497068873,0.2443408958432655,8,0.015602778638229297,0.10946071462289879,0.058751127577151674,0.022540920961362416,0.011888508608488143,0.08072886373263763,0.019097392396250416,20,43,0.02317903113232915,0.15527048144703037,True,False,True,9.125066967617081e-05,COMPLETE
1904,0.2652879059314728,2025-04-18 22:16:01.240366,2025-04-18 22:16:33.324649,0 days 00:00:32.084283,0.6426314447606039,0.1769974721305433,8,0.07127848386722453,0.14905045950607396,0.0636320428934735,0.030463017844542695,0.009146608843124392,0.07644609617552857,0.03995958694320031,22,31,0.03531322438455684,0.1455292519187753,True,False,True,0.0001983944671956092,COMPLETE
1905,0.32378767132759095,2025-04-18 22:16:33.951817,2025-04-18 22:17:04.995372,0 days 00:00:31.043555,0.07857197165484914,0.21443976543942717,8,0.1817088088532779,0.0983009078588992,0.07370923365809205,0.027935824492438165,0.0048527816522057,0.07005682953005657,0.027757592581707638,20,47,0.03287715299671488,0.19830483910325122,True,True,True,0.0006909410783356143,COMPLETE
1906,0.1666557937860489,2025-04-18 22:17:05.629284,2025-04-18 22:17:36.540094,0 days 00:00:30.910810,0.8166758618174731,0.1493321291338262,8,0.08532606329106092,0.08698958926907678,0.06157319774107026,0.017986286068040754,0.006872043560855253,0.06621780359810539,0.03401068445556475,21,37,0.029207199345246945,0.13682652142894328,False,False,True,0.0003758847130087075,COMPLETE
1907,0.4382137715816498,2025-04-18 22:17:37.145796,2025-04-18 22:18:12.482657,0 days 00:00:35.336861,0.7555600887757843,0.23209488084931462,8,0.1958092865274529,0.07763500027515945,0.04924970667510759,0.026214498123611624,0.0034606371709104957,0.07213601215021903,0.014728564687602355,21,41,0.03731391798348182,0.1493139096747101,True,False,False,9.766581283705214e-06,COMPLETE
1908,0.4139303505420685,2025-04-18 22:18:13.117247,2025-04-18 22:18:42.895645,0 days 00:00:29.778398,0.04109573754346259,0.07063583301343132,8,0.09527657323937508,0.09191523199967266,0.06501144653208278,0.023697488656500076,0.01096138779534464,0.03356138117463924,0.06789000722627941,19,33,0.02668477396024113,0.1632388772129094,True,False,True,0.00032564684188398366,COMPLETE
1909,0.4355247914791107,2025-04-18 22:18:43.501579,2025-04-18 22:19:14.013139,0 days 00:00:30.511560,0.05767838892700178,0.12188597483049758,8,0.0965650918382266,0.06031340993166566,0.059776073212396634,0.021264961348721682,0.045111063165506844,0.06887819676252421,0.04706499958260168,20,39,0.033363475431871965,0.17184046502947634,True,False,True,5.6534180913333235e-05,COMPLETE
1910,0.360017466545105,2025-04-18 22:19:14.638492,2025-04-18 22:19:47.415110,0 days 00:00:32.776618,0.12217730862940132,0.17853394913561238,8,0.004390512142639883,0.10124040423364766,0.07157613040190344,0.029929484045540484,0.0010231689475888642,0.07901720107563269,0.021243040979296808,22,44,0.030910155910872858,0.20711320112078815,True,False,True,3.8314010158634244e-07,COMPLETE
1911,0.37777237892150883,2025-04-18 22:19:48.044963,2025-04-18 22:20:19.780856,0 days 00:00:31.735893,0.028715048597059614,0.15896101086483397,8,0.02101635230423176,0.11122410592658825,0.0760096012323848,0.01959089689354971,0.005481321629571163,0.073814498660501,0.05728455526271505,21,50,0.0355227661039285,0.14029796938960756,True,False,True,0.00013231776255474948,COMPLETE
1912,0.44567357897758486,2025-04-18 22:20:20.394474,2025-04-18 22:21:44.814718,0 days 00:01:24.420244,0.0886445216848385,0.13712413079490138,2,0.012877426945741729,0.0902398973364017,0.06362290321227801,0.026487948105476097,0.008129791935818802,0.063492583316373,0.017022588837514934,20,34,0.029869175039122748,0.19656808944028076,True,False,False,0.00023808579015508039,COMPLETE
1913,0.4550093948841095,2025-04-18 22:21:45.448258,2025-04-18 22:22:16.821791,0 days 00:00:31.373533,0.04353585695661321,0.1093560516893828,8,0.005806925814633752,0.07009612620881878,0.0742670657692609,0.024160063296455404,0.009656386819428027,0.08387812719411211,0.04264212445755179,21,36,0.03347512851003462,0.15476414435006214,True,False,True,0.0001783631883984593,COMPLETE
1914,0.4465691983699799,2025-04-18 22:22:17.435963,2025-04-18 22:22:47.474473,0 days 00:00:30.038510,0.07734431448476176,0.1910846842100875,8,0.1707826632811903,0.04598385871171662,0.06202460845432314,0.028671121466593293,0.0031432252958826052,0.07685954012017565,0.024975403318572037,19,41,0.05918416163257858,0.13014798388208998,True,False,True,1.2179495496425968e-05,COMPLETE
1915,0.32798232436180114,2025-04-18 22:22:48.107047,2025-04-18 22:23:19.984322,0 days 00:00:31.877275,0.10690594062168543,0.2602065858028586,8,0.17461675709691848,0.08270293360277249,0.07197418936834421,0.01603432607958538,0.007317757327193756,0.07168983246007388,0.07084067562266905,22,38,0.03690367450101749,0.14395032647748715,True,False,True,1.3127595753928672e-08,COMPLETE
1916,0.4102963447570801,2025-04-18 22:23:20.597912,2025-04-18 22:23:51.267594,0 days 00:00:30.669682,0.14680035777689274,0.08253607557783266,8,0.019579771026392523,0.09696211356813933,0.053739587496962865,0.025219868516513175,0.005398239820321034,0.040094334692314784,0.029431035778174595,20,30,0.028385761052988102,0.14938776994305858,True,False,True,4.2269830661210875e-05,COMPLETE
1917,0.37496147155761717,2025-04-18 22:23:51.911928,2025-04-18 22:24:25.179307,0 days 00:00:33.267379,0.06321913856311494,0.21170856529949017,8,0.011778198318929456,0.10472958245171068,0.04139951232919604,0.021939519874020104,0.011436048311580203,0.06679705409940873,0.05468794004359379,19,45,0.031640648059491315,0.15846625932411917,True,False,False,1.2679376323877811e-05,COMPLETE
1918,0.42849464416503913,2025-04-18 22:24:25.790878,2025-04-18 22:24:56.503389,0 days 00:00:30.712511,0.5625911875676146,0.23982064212668525,8,0.00031522274981089175,0.07622474755358431,0.05794164133774186,0.02766314079048992,0.0030967422886801705,0.06855882454816314,0.0007554302479993758,20,42,0.024794189661745816,0.21807591984113556,True,False,True,0.0002718628838246165,COMPLETE
1919,0.44239920377731323,2025-04-18 22:24:57.139400,2025-04-18 22:25:28.829712,0 days 00:00:31.690312,0.0108647515067694,0.16594585970592438,8,0.1463752918299252,0.09211151329013384,0.06448113948058394,0.030086208145101673,0.00672136014284214,0.07377638328911686,0.036967485076256225,21,36,0.03437900949471951,0.2117022868369868,True,False,True,7.779572457647927e-05,COMPLETE
1920,0.48817617893218995,2025-04-18 22:25:29.446996,2025-04-18 22:26:00.699011,0 days 00:00:31.252015,0.030150785035954877,0.189877148762596,8,0.009429580605729574,0.06536111187836086,0.07198015205209068,0.0234261297535337,0.009043048673846438,0.0700973511001194,0.01245002189428521,21,38,0.037326861003701056,0.16544905027178025,True,False,True,0.0005263717340146008,COMPLETE
1921,0.24226338267326356,2025-04-18 22:26:01.343231,2025-04-18 22:26:35.866281,0 days 00:00:34.523050,0.0920708703002824,0.1340054387350076,8,0.018979102455277355,0.0984085354485156,0.07848996461414072,0.02631116199515906,0.005184398222496766,0.07574061735226621,0.02075159560584491,23,68,0.032281437049533374,0.19669141882195268,True,False,True,0.00011574869067537912,COMPLETE
1922,0.4160231947898865,2025-04-18 22:26:36.476730,2025-04-18 22:27:12.479286,0 days 00:00:36.002556,0.05573343825561056,0.08998837464171952,8,0.0052605288616289995,0.0854832245223613,0.055883593795047246,0.096208139277951,0.011695064269234225,0.0800013493562181,0.017849863364228585,22,47,0.02773649774223847,0.13662752998898187,True,False,False,8.467954109402872e-06,COMPLETE
1923,0.324940174818039,2025-04-18 22:27:13.110074,2025-04-18 22:27:44.866572,0 days 00:00:31.756498,0.11698682763828751,0.20796919901481054,8,0.015211766273613786,0.054198861002743945,0.06076515786140328,0.027886349035887725,0.008151973634219161,0.04253378254879917,0.008809873953536357,20,58,0.029850181454799535,0.20502339067886644,True,False,True,1.270439578753908e-05,COMPLETE
