number,value,datetime_start,datetime_complete,duration,params_alpha-eval,params_alpha-train,params_batch-size,params_eps-eval,params_eps-train,params_lambda-actions-eval,params_lambda-actions-train,params_lambda-frames-eval,params_lambda-frames-train,params_learning-rate,params_n-epochs,params_n-frames,params_radius-gw,params_rho,params_std-feats,params_ub-actions,params_ub-frames,params_weight-decay,state
909,0.4786512732505799,2025-04-18 14:15:26.275146,2025-04-18 14:15:46.255439,0 days 00:00:19.980293,0.09530609050488299,0.09634728729893124,16,0.020720589213888314,0.10137804889837271,0.06905075700930739,0.02312162423730374,0.005443677606141321,0.07947733796590804,0.059548137167979964,10,37,0.035782568459324926,0.2097657937828428,True,False,True,4.418443933809777e-06,COMPLETE
910,0.27252204418182374,2025-04-18 14:15:46.544667,2025-04-18 14:16:06.880677,0 days 00:00:20.336010,0.13200155848618514,0.043901693076110714,16,0.01034905213416728,0.11705271937878764,0.06600809637606869,0.08828890825628723,0.0027874899341005844,0.08573569573963229,0.001881523550144973,11,31,0.04411552067873017,0.18652904554432706,True,False,True,7.291782251386942e-06,COMPLETE
911,0.37878416776657103,2025-04-18 14:16:07.170054,2025-04-18 14:16:28.366735,0 days 00:00:21.196681,0.06598413535428828,0.2172281295942151,16,0.005935766940713021,0.10690166542455988,0.04654161413125386,0.0199575196534148,0.0011111175503413203,0.0816385894965597,0.05492464232383828,12,46,0.0278149201779558,0.19919845269873465,True,False,True,1.0029617599406487e-05,COMPLETE
912,0.33682891726493835,2025-04-18 14:16:28.662130,2025-04-18 14:16:47.962131,0 days 00:00:19.300001,0.11161362467331801,0.1919651507204599,16,0.014563478407796907,0.13347266219252338,0.06300544691770747,0.02477232646588324,0.0076392179648185725,0.07804689026987247,0.08564511598477785,9,34,0.04110617026189406,0.19028370819807416,True,False,True,7.519226323759316e-06,COMPLETE
913,0.3686256408691406,2025-04-18 14:16:48.257569,2025-04-18 14:17:07.384182,0 days 00:00:19.126613,0.41770459371055846,0.1497565487829232,16,0.020626582980205838,0.09866606615048988,0.08538655852598379,0.02371259157652704,0.0010147254188297514,0.08501443587348731,0.06926624408926599,10,26,0.03400450618609124,0.1817159481499352,True,False,True,1.002360563442971e-05,COMPLETE
914,0.4641187846660614,2025-04-18 14:17:07.663224,2025-04-18 14:17:28.338563,0 days 00:00:20.675339,0.0789864115252435,0.0812653180783917,16,0.02611305128960848,0.11213429350600314,0.06729793027048972,0.08180855795164019,0.0046948041972617845,0.08635248766471858,0.05576526617000577,11,39,0.04641121539835257,0.19349254012912442,True,False,True,6.153608009468379e-06,COMPLETE
915,0.43449879288673404,2025-04-18 14:17:28.634689,2025-04-18 14:17:49.278485,0 days 00:00:20.643796,0.1499667741842135,0.20842145607419363,16,0.01837009244413303,0.09079206330657096,0.06410889952548386,0.02516103012042718,0.008027183262365971,0.08746982803208307,0.0024700980658511973,12,36,0.03914040624553148,0.20192559543054978,True,False,True,3.7643109782287704e-06,COMPLETE
916,0.3350970923900604,2025-04-18 14:17:49.573330,2025-04-18 14:18:10.064924,0 days 00:00:20.491594,0.10691510460821513,0.10772676037540352,16,0.006147405685955757,0.10561593147230412,0.08201553240424475,0.0270844721431114,0.004681496458653109,0.08822400842255423,0.06837485367522564,13,44,0.04197285528997133,0.185278702510108,False,False,True,5.094099336376345e-06,COMPLETE
917,0.44620375037193305,2025-04-18 14:18:10.361133,2025-04-18 14:18:30.890486,0 days 00:00:20.529353,0.12577774107536394,0.12813331631963884,16,0.025460620163968238,0.08642170757150995,0.06928372575429673,0.017826511029991016,0.0064833437554461856,0.08420931947492087,0.048967931503343866,12,32,0.037455108645970785,0.17712316368783396,True,False,True,1.1701816905933236e-05,COMPLETE
918,0.09307204186916351,2025-04-18 14:18:31.172295,2025-04-18 14:18:50.748649,0 days 00:00:19.576354,0.14427331988989295,0.22907629337740565,16,0.012909200482067883,0.12114801991524501,0.08010374758177458,0.0527425838280024,0.003919392100808675,0.07544319602889304,0.08748213433383817,11,22,0.043280559338368496,0.20629229736367932,True,True,True,9.233048199496951e-06,COMPLETE
919,0.3186921238899231,2025-04-18 14:18:51.041031,2025-04-18 14:19:11.428487,0 days 00:00:20.387456,0.17570890586363397,0.03358200461906118,16,0.023523499793618348,0.0625880214710898,0.06185246644773771,0.02182865946749962,0.009059380997258943,0.08881029144771188,0.059064204266119524,11,41,0.0322115836285445,0.1961409304296952,True,False,True,6.615328634940741e-06,COMPLETE
920,0.3450305223464966,2025-04-18 14:19:11.723472,2025-04-18 14:19:35.309772,0 days 00:00:23.586300,0.09896661223751753,0.17589141280116002,16,0.016628935716470238,0.09729343099517558,0.07039733964514731,0.025115641537562537,0.0027542441031582613,0.08015454906293197,0.0002016040996135483,20,28,0.03568016691293309,0.18885538271363028,True,False,True,1.2003871650063795e-05,COMPLETE
921,0.46367977857589726,2025-04-18 14:19:35.605886,2025-04-18 14:19:56.630416,0 days 00:00:21.024530,0.05123489325212029,0.05859838131609391,16,0.0055356918305431106,0.11179474571198725,0.049984761959084245,0.02700352660081877,0.00624423433098623,0.09008458131964335,0.04702941219201362,13,38,0.04895070967386749,0.17071829964501173,True,False,True,7.896563487662198e-06,COMPLETE
922,0.2665106952190399,2025-04-18 14:19:56.911106,2025-04-18 14:20:16.843305,0 days 00:00:19.932199,0.1972660136793005,0.19966037876731813,16,0.032530940409292226,0.07671382521602108,0.0656676693149012,0.022662350875893474,0.008217126613698618,0.08257233716990935,0.07063264757133156,10,34,0.04004131101569842,0.18051042630347622,True,False,True,1.297908804321294e-05,COMPLETE
923,0.47711913585662846,2025-04-18 14:20:17.135126,2025-04-18 14:20:38.065555,0 days 00:00:20.930429,0.15804400542414113,0.16014835380409181,16,0.028758907645976446,0.10160495966916708,0.06729961712786513,0.01987070401116762,0.0031987894462046514,0.08999947464732895,0.054607278280606894,12,40,0.045129087797921144,0.1857238003824294,True,False,True,8.355294219417097e-07,COMPLETE
924,0.31497836709022525,2025-04-18 14:20:38.362609,2025-04-18 14:21:05.213905,0 days 00:00:26.851296,0.9718959743040936,0.21946752765412014,16,0.013621130902872982,0.11704632715032494,0.06429360136771223,0.028732137623359442,0.005314628741938572,0.08646316477830558,0.0478952109399879,17,91,0.03892678352311083,0.2127625263432064,True,False,True,3.5020002434054393e-06,COMPLETE
925,0.411450058221817,2025-04-18 14:21:05.511912,2025-04-18 14:21:25.948047,0 days 00:00:20.436135,0.13376041468917327,0.12432126166387061,16,0.023038737514474467,0.12663667216099098,0.0612221449262226,0.031023754817820638,0.00955538155567655,0.09166216070306535,0.06598161046497639,11,30,0.043196448883145916,0.19272297942729902,True,False,True,5.098585018933158e-06,COMPLETE
926,0.3537907898426056,2025-04-18 14:21:26.229715,2025-04-18 14:21:45.477360,0 days 00:00:19.247645,0.2181721347249369,0.23687163446789494,16,0.09861203610719058,0.10757296407492323,0.07015470736454335,0.02626594821101809,0.006615700942980533,0.08811662254077506,0.09923442265432553,9,36,0.0475089287764848,0.20039354203914175,True,False,True,1.0231880140805172e-05,COMPLETE
927,0.34708839654922485,2025-04-18 14:21:45.769928,2025-04-18 14:22:06.904106,0 days 00:00:21.134178,0.08165134692394888,0.18432425545059292,16,0.0001995619895061914,0.09088311367557053,0.07718358132556945,0.024344375513384496,0.042769488500796884,0.0850801724511991,0.04505740731798822,12,48,0.033576086099290935,0.17362033194055607,True,False,True,1.584144479662595e-05,COMPLETE
928,0.4825514674186707,2025-04-18 14:22:07.203209,2025-04-18 14:22:32.773299,0 days 00:00:25.570090,0.40388008479562976,0.07108638107264273,16,0.029518284110306613,0.09575487193407621,0.06234202604130784,0.02955060147286934,0.0029549956498755893,0.0780771585302886,0.0580965677158953,22,43,0.03717081171703135,0.1816489549794182,True,False,True,8.024105910534274e-06,COMPLETE
929,0.4632249534130097,2025-04-18 14:22:33.072333,2025-04-18 14:22:53.427823,0 days 00:00:20.355490,0.17696483545586628,0.20889855296942633,16,0.009358820636258236,0.08277372133816845,0.06809725348277292,0.02798060268117035,0.004234334416262012,0.09219707827277075,0.07235896978569845,11,34,0.04159172899643421,0.19564789186097487,True,False,True,1.176576560539614e-05,COMPLETE
930,0.46438962221145635,2025-04-18 14:22:53.710850,2025-04-18 14:23:14.359605,0 days 00:00:20.648755,0.11268005277640547,0.08329859316682164,16,0.03655554269241217,0.11296985433052845,0.06531819805516008,0.020888142674675435,0.0079308174501123,0.08901742188262501,0.04153958188430653,12,38,0.03586195886092175,0.29769143896517936,True,False,True,1.700971232613223e-05,COMPLETE
931,0.46290439367294317,2025-04-18 14:23:14.655979,2025-04-18 14:23:33.412524,0 days 00:00:18.756545,0.139108344331911,0.14736359305456914,16,0.020665514700678993,0.10418617800039463,0.06350451366787567,0.031398699477336985,0.009841974568045043,0.09322112352611317,0.052087330389176886,8,32,0.040257634720891305,0.2048359729636701,True,False,True,1.3603153205454789e-05,COMPLETE
932,0.4527149856090546,2025-04-18 14:23:33.710623,2025-04-18 14:23:54.643037,0 days 00:00:20.932414,0.16279877857483088,0.1808804403824305,16,0.08342012131947234,0.07027076312725473,0.071055498616404,0.02621416029560617,0.005980501245560904,0.09060599035307132,0.06154889741488769,13,41,0.044814036332917445,0.18981577121809856,True,False,True,6.023810980673815e-06,COMPLETE
933,0.35980573892593387,2025-04-18 14:23:54.940783,2025-04-18 14:24:15.370507,0 days 00:00:20.429724,0.2126377155427474,0.8215113396246645,16,0.03036311675369164,0.11803014404763568,0.07847139450114589,0.023546877904488863,0.001076319314832127,0.06973883685083057,0.07696373192041062,10,45,0.030617798808874993,0.177812517247902,True,False,True,1.745390757657011e-06,COMPLETE
934,0.19521018862724304,2025-04-18 14:24:15.671150,2025-04-18 14:24:36.725050,0 days 00:00:21.053900,0.1928017329034618,0.22976530646375734,16,0.015047647274704253,0.10138000799033282,0.06730215489570292,0.030098188340225995,0.010763890494535175,0.08726072205993897,1.5175275030962893e-05,14,37,0.03759889301203355,0.18548309087998696,False,True,True,9.270131981104852e-06,COMPLETE
935,0.45435956120491033,2025-04-18 14:24:37.014484,2025-04-18 14:24:57.087087,0 days 00:00:20.072603,0.12710506951427225,0.20865999777517039,16,0.03722905917362255,0.11262949723614968,0.0833784340821561,0.03370336536014755,0.004065858126909402,0.09367907619072598,0.04259843438956796,11,27,0.042022794480767615,0.16722172161661095,True,False,True,1.847484678822463e-05,COMPLETE
936,0.4526757836341858,2025-04-18 14:24:57.382805,2025-04-18 14:25:17.000389,0 days 00:00:19.617584,0.15526107881363024,0.16108028306056427,16,0.023909267305039027,0.09510043381821819,0.07589211075203547,0.02818261501385939,0.006701002010630163,0.08190463045584374,0.05128027618056117,10,30,0.034882486790051376,0.19769010412596705,True,False,True,1.535727865812878e-05,COMPLETE
937,0.4303569853305817,2025-04-18 14:25:17.301217,2025-04-18 14:25:38.340494,0 days 00:00:21.039277,0.05205432184737328,0.10072979204547317,16,0.01111246392022669,0.10656245939843689,0.06893706347248078,0.03250480220630147,0.002603531392096286,0.09147293297254586,0.06225661996435761,13,35,0.05006891041579129,0.17745595442870543,True,False,True,2.1306521324675675e-05,COMPLETE
938,0.35692777633666994,2025-04-18 14:25:38.645185,2025-04-18 14:25:59.439354,0 days 00:00:20.794169,0.10045738559451245,0.050435416301578835,16,0.030862420170933498,0.12266330378619304,0.06617487651004052,0.03026792446221311,0.0011222728971802204,0.08909470541509297,0.038860336962426786,12,40,0.03914422211483577,0.18983539479512201,True,False,True,4.076904788628948e-06,COMPLETE
939,0.3994500517845154,2025-04-18 14:25:59.728729,2025-04-18 14:26:20.917003,0 days 00:00:21.188274,0.14070867473838192,0.24185997610429327,16,0.04223546660670009,0.08822033625863852,0.060306041829138776,0.022487630438625807,0.0084275642996282,0.04135309519875159,0.08359819763856388,12,51,0.04732986506227207,0.18286097556021658,True,False,True,1.1569991600826317e-05,COMPLETE
940,0.46472499966621406,2025-04-18 14:26:21.216616,2025-04-18 14:26:41.240557,0 days 00:00:20.023941,0.07731764116913861,0.19057434920559518,16,0.005868742115566364,0.07961288103436817,0.08738472462299064,0.02534499514442012,0.005142994295029322,0.06342533188212807,0.048962570085481986,11,33,0.0329864647026851,0.2094063977104612,True,False,True,6.273152230395859e-06,COMPLETE
941,0.47278708815574644,2025-04-18 14:26:41.541308,2025-04-18 14:27:02.968824,0 days 00:00:21.427516,0.17664302497434262,0.21792457737024556,16,0.019617487003974716,0.11035455107730913,0.08085074152150995,0.01862733960549418,0.011267079262882593,0.08498343691812707,0.03141748846521193,13,43,0.045402431569122846,0.17189300469525992,True,False,True,8.26557024636293e-06,COMPLETE
942,0.4445719361305237,2025-04-18 14:27:03.270057,2025-04-18 14:27:23.438838,0 days 00:00:20.168781,0.11073358937350139,0.19573518113696434,16,0.03683807096831815,0.10037302298942856,0.06319578169648638,0.02725909273114647,0.007534134152968067,0.07623730541000164,0.059649749359892236,10,38,0.04312212625777686,0.2023738236035421,True,False,True,4.518598678832501e-05,COMPLETE
943,0.3539533853530884,2025-04-18 14:27:23.745810,2025-04-18 14:27:44.184553,0 days 00:00:20.438743,0.22642352391940915,0.129877976879019,16,0.02555873344857315,0.11863931560884959,0.07182840256398682,0.033501486354965124,0.0037878617133771317,0.09426430862961162,0.0001349002928273654,11,34,0.04037974674066544,0.19361630756760428,True,False,True,3.070482874244487e-05,COMPLETE
944,0.3672958374023438,2025-04-18 14:27:44.474035,2025-04-18 14:28:04.870900,0 days 00:00:20.396865,0.20558461669586425,0.244225215374587,16,0.016317428430294063,0.10543503015772178,0.06485519009050894,0.02938234595517377,0.04822496017201336,0.09108942935324496,0.04348666861036217,12,25,0.03779657419517327,0.18382615239929642,True,False,True,2.024831270267731e-05,COMPLETE
945,0.382870489358902,2025-04-18 14:28:05.168655,2025-04-18 14:28:26.001617,0 days 00:00:20.832962,0.12496278085989984,0.034023625084245994,16,0.04144311561599065,0.13130308041786057,0.06949339246583687,0.03154753353212924,0.00952213170735916,0.08001250869491067,0.07380317855764135,13,30,0.0357685489406239,0.1753864795610356,True,False,True,1.5110693250126075e-05,COMPLETE
946,0.43710676431655887,2025-04-18 14:28:26.303599,2025-04-18 14:28:45.734071,0 days 00:00:19.430472,0.15459610969121607,0.08077742256706953,16,0.032851581867782954,0.09134814356676939,0.06137317598997419,0.03507726768085478,0.005183445194406833,0.09276232285349133,0.0013829070289296753,9,37,0.04068420691971588,0.190098941586073,True,False,True,2.764177238198054e-06,COMPLETE
947,0.21134449243545533,2025-04-18 14:28:46.038188,2025-04-18 14:29:09.625960,0 days 00:00:23.587772,0.09454360219582114,0.17616790630915813,16,0.004487905373264326,0.09659556955371104,0.07481209234637773,0.024288149913913006,0.0027852358440370417,0.08654780292957347,0.03660053422875847,11,97,0.043334096345032644,0.16739746270888423,True,False,True,1.4649824464176683e-08,COMPLETE
948,0.09418241083621978,2025-04-18 14:29:09.921716,2025-04-18 14:29:28.541285,0 days 00:00:18.619569,0.1906168297766056,0.2639394821441947,16,0.27031450596520695,0.11360646330933992,0.05177435290894091,0.01567628614423177,0.011757679449164893,0.08846799310273494,0.05271210944307515,10,12,0.031672395247355004,0.19525020423864692,True,False,True,4.782987246236064e-06,COMPLETE
949,0.4426784098148346,2025-04-18 14:29:28.843775,2025-04-18 14:29:47.724480,0 days 00:00:18.880705,0.17340620557028505,0.10583875802009726,16,0.028042595299357646,0.10792366365291522,0.06678007888430128,0.028987241617958383,0.007364128235124778,0.04814920230894072,0.06377222518533333,7,46,0.03811810310319555,0.17989148477675468,True,False,True,2.4375379729669952e-05,COMPLETE
950,0.46883493661880493,2025-04-18 14:29:48.025907,2025-04-18 14:30:08.423487,0 days 00:00:20.397580,0.13697020799428106,0.217358094921409,16,0.054941929246229336,0.08454113788658638,0.06426197125156935,0.02686130354221162,0.009313177099335726,0.07219653149001172,0.04402465667833846,11,41,0.03436711289178085,0.18579685414989672,True,False,True,1.0862506441094177e-05,COMPLETE
951,0.3542500138282776,2025-04-18 14:30:08.727744,2025-04-18 14:30:29.683943,0 days 00:00:20.956199,0.23585582503073071,0.1591319925928261,16,0.010838712752334181,0.10040066850386746,0.07082202652903424,0.033209843898871376,0.005869551399643148,0.09392195301471512,0.08715838404654877,12,32,0.02821858057963013,0.20241533635116174,True,False,True,1.4438902673483955e-05,COMPLETE
952,0.3791910886764526,2025-04-18 14:30:29.990470,2025-04-18 14:30:50.897037,0 days 00:00:20.906567,0.11855944227457654,0.06128195235700178,16,0.039547435406954594,0.12582726437435401,0.062119839318105934,0.02127263383259652,0.0010650201540704795,0.09132136238909794,0.03188459559394036,13,36,0.046753690502375225,0.17123913065163202,True,False,True,1.7812640078240178e-05,COMPLETE
953,0.16805372834205629,2025-04-18 14:30:51.189090,2025-04-18 14:31:11.893824,0 days 00:00:20.704734,0.06100463825755573,0.2340209430571546,16,0.019676947166770452,0.07520000962026897,0.07281893276992783,0.031112787213750923,0.0040218952381413835,0.08354795149471186,0.05214866349470789,14,39,0.041351500350107005,0.18896336799349678,False,True,True,0.00014886100834943082,COMPLETE
954,0.45854024291038514,2025-04-18 14:31:12.197512,2025-04-18 14:31:35.925890,0 days 00:00:23.728378,0.15765882273533385,0.14009564648117898,8,0.03253533548769482,0.11692446170488006,0.06856756627336093,0.02505385999575756,0.012836624871048603,0.06818614115363222,0.026054184904246967,11,28,0.04516471613220779,0.2089809071003711,True,False,True,2.5389736297744858e-05,COMPLETE
955,0.48223719596862796,2025-04-18 14:31:36.228178,2025-04-18 14:31:57.245351,0 days 00:00:21.017173,0.08332960646903517,0.1990847123350878,16,0.04539229162246866,0.10419275261465,0.07863743021895767,0.028528975353650263,0.0028490509314225343,0.08982627075200438,0.040964440290792825,12,44,0.03620327127135518,0.17916649767729342,True,False,True,3.5147039457230175e-05,COMPLETE
956,0.3508673369884491,2025-04-18 14:31:57.553119,2025-04-18 14:32:17.351553,0 days 00:00:19.798434,0.20128620710033368,0.21121852055187526,16,0.023230982158062727,0.11289977381561886,0.08479864117489223,0.034627296349042894,0.010356569667818926,0.09453358330930112,8.23300099472024e-05,10,35,0.02188353717030378,0.21471977933923736,True,False,True,7.1946455349263626e-06,COMPLETE
957,0.4739635109901429,2025-04-18 14:32:17.662915,2025-04-18 14:32:37.008989,0 days 00:00:19.346074,0.10739103026406562,0.17648271282169153,16,0.0672212860897905,0.094549151234334,0.06570342962857512,0.02669353745498067,0.03126037059504084,0.09245450727210457,0.07354464769413094,9,41,0.03939951797124701,0.19813428732531047,True,False,True,9.493412735727247e-06,COMPLETE
958,0.32786936759948737,2025-04-18 14:32:37.307500,2025-04-18 14:32:57.382910,0 days 00:00:20.075410,0.1463889716503491,0.11950889129876249,16,0.037584744554041205,0.0873829754201866,0.06749151289873791,0.019112308992432325,0.00773393019550228,0.0870604790099843,0.0005106073896727057,11,32,0.042858409342205146,0.1636022483463005,True,False,True,6.485196184712196e-05,COMPLETE
959,0.48025556802749636,2025-04-18 14:32:57.686219,2025-04-18 14:33:18.355027,0 days 00:00:20.668808,0.1790870291597023,0.30959642994528125,16,0.014540887863067443,0.12131246217249952,0.06035032093317132,0.030353134683200587,0.001077871130381867,0.07457159476780786,0.05766259881221057,12,37,0.038014133481422616,0.18496167047178116,True,False,True,1.262619917618707e-05,COMPLETE
960,0.47054358124732976,2025-04-18 14:33:18.662427,2025-04-18 14:33:39.813892,0 days 00:00:21.151465,0.22112986533680637,0.08782375501984235,16,0.031843338229115024,0.10872562494241751,0.08169950410273562,0.03232763235202711,0.006152717397433118,0.09058171710785462,0.03679405221770098,12,48,0.051696092592949244,0.17410042717992838,True,False,True,1.9938102148299775e-05,COMPLETE
961,0.4876692891120911,2025-04-18 14:33:40.124024,2025-04-18 14:34:07.091453,0 days 00:00:26.967429,0.13294179184110722,0.25453405615066826,16,0.049844778654396314,0.09710465936768133,0.06316262146972142,0.022115895794759304,0.004685339695220617,0.09477469051748712,0.047250467442996984,26,39,0.032717070384393115,0.19440591327710474,True,False,True,3.139732563868047e-05,COMPLETE
962,0.37790477871894834,2025-04-18 14:34:07.403668,2025-04-18 14:34:32.348876,0 days 00:00:24.945208,0.1640525333484605,0.2240821456839663,8,0.16171722720169004,0.1031680524731665,0.07628972166598603,0.036395065032343896,0.01187320215338052,0.09258644032115028,0.0642835594139208,13,34,0.03018376450148219,0.2047921016627283,True,False,True,2.0194533647229674e-08,COMPLETE
963,0.30510329604148867,2025-04-18 14:34:32.643508,2025-04-18 14:34:52.022854,0 days 00:00:19.379346,0.09517409559709568,0.18749045720901047,16,0.060569343852543964,0.13652746437134516,0.07383658744509547,0.024033142482086937,0.008987067117111036,0.08854571703388674,0.05144082829848894,10,30,0.04435228735618753,0.18897921009878832,True,False,True,1.640919648558257e-05,COMPLETE
964,0.43853282928466797,2025-04-18 14:34:52.332726,2025-04-18 14:35:13.157807,0 days 00:00:20.825081,0.1216950709953133,0.16140617369385485,16,0.00018390926686299817,0.08035758486127036,0.07014663558901117,0.027892390752847215,0.0010130830387177787,0.09077381819376383,0.031405398865301415,11,43,0.04045151606762332,0.1794113047677363,True,False,True,2.1737854079269228e-05,COMPLETE
965,0.33567593693733216,2025-04-18 14:35:13.464739,2025-04-18 14:35:33.536415,0 days 00:00:20.071676,0.14317823379787128,0.02395783017515729,16,0.042504954596932897,0.10937163369807379,0.06446349397354409,0.034909190750237705,0.0036352463054969103,0.08600968644220101,0.04200502905041636,12,24,0.023746581886992434,0.19684714296938546,True,False,True,5.318494302798449e-06,COMPLETE
