number,value,datetime_start,datetime_complete,duration,params_alpha-eval,params_alpha-train,params_batch-size,params_eps-eval,params_eps-train,params_lambda-actions-eval,params_lambda-actions-train,params_lambda-frames-eval,params_lambda-frames-train,params_learning-rate,params_n-epochs,params_n-frames,params_radius-gw,params_rho,params_std-feats,params_ub-actions,params_ub-frames,params_weight-decay,state
1478,0.48650803565979006,2025-04-12 04:09:28.405530,2025-04-12 04:11:11.676881,0 days 00:01:43.271351,0.08627303315856516,0.17013528463505034,2,0.17439945349699554,0.018064674154856075,0.0655592140282337,0.042400585556171246,0.08155552401769453,0.040339746516461994,0.021861606006490723,26,40,0.08883684187617709,0.1560555209586876,True,False,False,1.666837184251527e-05,COMPLETE
1479,0.4923680663108826,2025-04-12 04:11:12.158530,2025-04-12 04:12:57.133462,0 days 00:01:44.974932,0.06705052484839125,0.1449827056921886,2,0.16835308428300153,0.039670248670159544,0.09339821930805314,0.003806795559773546,0.08034885745185115,0.038106550812541974,0.02052264949002099,26,37,0.08918742258137667,0.1466227011893642,True,False,False,1.3619368099627874e-05,COMPLETE
1480,0.4762221097946167,2025-04-12 04:12:57.613067,2025-04-12 04:14:41.481783,0 days 00:01:43.868716,0.07812255650308464,0.17286110843515454,2,0.1756663960747862,0.03413650836532182,0.07908869859584039,0.03127039556752932,0.0833182976075114,0.03942654869841832,0.02392745569401591,26,42,0.08860693413830271,0.1528653063272159,True,False,False,1.9166905510946433e-05,COMPLETE
1481,0.33251047134399414,2025-04-12 04:14:41.987428,2025-04-12 04:16:13.654504,0 days 00:01:31.667076,0.055209016369802855,0.15511942882163185,2,0.16720496658878398,0.0463561833259216,0.09350351385909457,0.005735262263458314,0.08107994521432613,0.040828634902911616,0.019078190000295953,27,33,0.08774017695725884,0.15850462263770576,True,False,True,1.5643282518934597e-05,COMPLETE
1482,0.4770473718643189,2025-04-12 04:16:14.140075,2025-04-12 04:18:00.163254,0 days 00:01:46.023179,0.09074068677970867,0.1812693848092939,2,0.1776674365243379,0.02645610060126135,0.06925471196159491,0.03856228602173811,0.08187507511638178,0.04103587600972212,0.026598995262648154,27,39,0.09022955913844147,0.16063588595923128,True,False,False,9.998974881407585e-06,COMPLETE
1483,0.48898910284042363,2025-04-12 04:18:00.647815,2025-04-12 04:19:44.384622,0 days 00:01:43.736807,0.07077531450986181,0.13254814675254198,2,0.16816332353002486,0.04072204001447625,0.08162213899038603,0.0354231160193725,0.07860382690065539,0.03813604513489614,0.017678798057568872,26,35,0.08767237607184868,0.14861827832873997,True,False,False,2.0411452452036342e-05,COMPLETE
1484,0.38478629589080815,2025-04-12 04:19:44.863084,2025-04-12 04:21:28.223142,0 days 00:01:43.360058,0.04555122329430354,0.1641189412356907,2,0.10272574028503692,0.03507773576023118,0.08474150537365605,0.027992382990366885,0.07906583719906429,0.042813940012894444,0.015145671200557266,26,10,0.09013093650724652,0.16377894046435157,True,False,False,2.2529198350109792e-05,COMPLETE
1485,0.49901686906814574,2025-04-12 04:21:28.725540,2025-04-12 04:23:12.905038,0 days 00:01:44.179498,0.09413696749594715,0.18162572352252637,2,0.1771825387133833,0.04507943633081848,0.08770610093114442,0.036390581345337666,0.08329904725344993,0.03852661790494092,0.025321758902154348,26,42,0.08592153498668309,0.23388807589191943,True,False,False,1.1647320260717582e-05,COMPLETE
1486,0.3959159374237061,2025-04-12 04:23:13.393554,2025-04-12 04:24:52.285406,0 days 00:01:38.891852,0.07983543541156646,0.14433380906677842,2,0.17174004107240848,0.022664698684016146,0.07182790572577022,0.027883541460937626,0.08038094953415514,0.03639066204362454,0.020860833177543593,25,24,0.08822733111444794,0.21797218411800034,True,False,False,1.6915397990461178e-05,COMPLETE
1487,0.35575154423713684,2025-04-12 04:24:52.767587,2025-04-12 04:26:39.702999,0 days 00:01:46.935412,0.03193456313210678,0.11243825275583272,2,0.16398314373302245,0.2301220430950653,0.07894956958720317,0.032282179521239976,0.08468299401257538,0.03570726849123945,1.553121227411401e-05,27,38,0.08591774340214293,0.1545167279107711,True,False,False,2.4202570054011885e-05,COMPLETE
1488,0.516316831111908,2025-04-12 04:26:40.185204,2025-04-12 04:28:29.531919,0 days 00:01:49.346715,0.1080278516810525,0.1876714965089155,2,0.0750937175316232,0.04819011756084971,0.06735394358753465,0.04855259868071736,0.0772380257203325,0.03921304164986866,0.030267302590316764,28,30,0.0904540928523634,0.14463234139088862,True,False,False,1.4547743979843196e-05,COMPLETE
1489,0.44585322141647343,2025-04-12 04:28:30.034748,2025-04-12 04:30:17.468577,0 days 00:01:47.433829,0.0684631819027003,0.19257695306340217,2,0.10070714829961179,0.05485518118451923,0.06800226270739608,0.04660285738713957,0.07795832357933309,0.0035716580717528087,0.031876009478020995,27,24,0.09249782242707173,0.15504805575349523,True,False,False,9.441491870847161e-06,COMPLETE
1490,0.4276497721672058,2025-04-12 04:30:17.955101,2025-04-12 04:32:08.497007,0 days 00:01:50.541906,0.10002813039127775,0.19238622481071171,2,0.09484732236638627,0.05154054419949529,0.06995326436371295,0.04482151310066326,0.07990872385430862,0.045443237279304556,0.03225135127258746,28,22,0.09075925378824998,0.13952500554433508,True,False,False,1.1575281103980195e-05,COMPLETE
1491,0.41592888236045844,2025-04-12 04:32:08.986100,2025-04-12 04:34:04.630335,0 days 00:01:55.644235,0.04965029196142497,0.19088854771587965,2,0.06010423001489613,0.06163657653173755,0.06510506089730393,0.05584836247021817,0.0774237589048143,0.04313330016844556,0.02918123027004089,29,20,0.09343010100384745,0.1410045851948187,True,False,False,1.2799963968853134e-05,COMPLETE
1492,0.09307204186916351,2025-04-12 04:34:05.115865,2025-04-12 04:35:42.208381,0 days 00:01:37.092516,0.010230073994877548,0.16089296555013977,2,0.07519974864665546,0.055682058111326836,0.06921121406685025,0.0356102019141461,0.0792653224466288,0.04002239767984199,0.032479388559314454,29,26,0.09159843233452862,0.13987978417446334,True,True,False,1.023453497663678e-05,COMPLETE
1493,0.46889383792877204,2025-04-12 04:35:42.713632,2025-04-12 04:37:33.194040,0 days 00:01:50.480408,0.07783379950563457,0.20761671832235704,2,0.17963475308931623,0.04799102356209635,0.06679223585400605,0.05136101106827479,0.08118651246410635,0.041440174037838715,0.02856602846069704,28,29,0.0946254315503308,0.15255411838947006,True,False,False,1.3669370516284706e-05,COMPLETE
1494,0.44526467323303226,2025-04-12 04:37:33.685954,2025-04-12 04:39:20.614215,0 days 00:01:46.928261,0.10242729078201562,0.3551909847587439,2,0.07335713066511722,0.05100548833778401,0.07163772054248264,0.04197463846537503,0.07773306016474217,0.04328975560336042,0.03596664744907058,27,29,0.09113689280943896,0.12892791077550933,True,False,False,1.5192818248600754e-05,COMPLETE
1495,0.3061868488788605,2025-04-12 04:39:21.098268,2025-04-12 04:41:11.471983,0 days 00:01:50.373715,0.028004520456012212,0.1335187942292565,2,0.06215515521167883,0.0588346250098432,0.06897694954946697,0.03658961002344424,0.08240955621846749,0.03989635702537356,0.027173145806842627,28,27,0.08969313016925122,0.14328550084252004,False,False,False,1.060846998698256e-05,COMPLETE
1496,0.4356521785259247,2025-04-12 04:41:11.979294,2025-04-12 04:43:01.940668,0 days 00:01:49.961374,0.06502290234470981,0.1741075344891336,2,0.07722279106468122,0.0473222110268412,0.07054392378289738,0.05832374959955264,0.07946803296735033,0.04182176159290323,0.034151840882127915,28,45,0.09056469033390876,0.14187048402343103,True,False,False,1.3002316179995353e-05,COMPLETE
1497,0.4157308876514435,2025-04-12 04:43:02.430442,2025-04-12 04:44:56.199903,0 days 00:01:53.769461,0.10342156875285637,0.8494292796896074,2,0.14039752036259956,0.06440986831283192,0.06671694536944787,0.039754620194921944,0.07606458801815706,0.047261031247448376,0.02457340080083985,29,43,0.09342465203974627,0.148109054857195,True,False,False,1.5710209313520137e-05,COMPLETE
1498,0.398882269859314,2025-04-12 04:44:56.687972,2025-04-12 04:46:45.832198,0 days 00:01:49.144226,0.08572834954063113,0.15130192804104398,2,0.08139337618132929,0.05548319396700497,0.06714332603101791,0.0479112668139472,0.08043707153477526,0.038439359303623646,0.02762557310222762,28,30,0.0894332343592413,0.14384780241386916,True,False,False,9.121111043059247e-06,COMPLETE
1499,0.46013076901435856,2025-04-12 04:46:46.319821,2025-04-12 04:48:32.867944,0 days 00:01:46.548123,0.053452570675603814,0.20561248167625637,2,0.0670935591749119,0.044533930696118086,0.0701289980766673,0.050952044603896095,0.08252551606841364,0.03796001719235275,0.032816275728517516,27,46,0.09138259130718909,0.1447387968235958,True,False,False,1.7690154364912537e-05,COMPLETE
1500,0.35799018740653993,2025-04-12 04:48:33.376385,2025-04-12 04:50:07.530235,0 days 00:01:34.153850,0.08697315794129346,0.18836641001263826,2,0.06627753587478552,0.052772700008616884,0.06804758388508314,0.04963044862649424,0.07774077322075455,0.039035596010365235,0.024941777672784066,28,40,0.09302074624147126,0.14561742314920295,True,False,True,1.22631941126148e-05,COMPLETE
1501,0.4709344029426575,2025-04-12 04:50:08.024574,2025-04-12 04:52:01.319795,0 days 00:01:53.295221,0.11377893359415371,0.1574567120569017,2,0.08571591951955393,0.04853366578052113,0.06382957751014652,0.060885150286871,0.08368329441145092,0.04149663598140503,0.035295244793704765,29,42,0.09869275649982498,0.14563454402430012,True,False,False,1.6957651108473744e-05,COMPLETE
1502,0.3201856017112732,2025-04-12 04:52:01.813023,2025-04-12 04:53:55.139896,0 days 00:01:53.326873,0.03586703867153128,0.09268020163930511,2,0.08084206311570463,0.04368858729104711,0.07223696528777078,0.03659681964425362,0.07653348414028521,0.03982575601011689,0.026227955507262257,28,94,0.09640684535299385,0.1449754889262648,True,False,False,2.389470959437431e-05,COMPLETE
1503,0.4972841024398804,2025-04-12 04:53:55.626460,2025-04-12 04:55:45.234779,0 days 00:01:49.608319,0.06530270893800398,0.12692098968718563,2,0.07715437509662847,0.05924178138866059,0.07275215803968611,0.04139949322504747,0.0811143084320361,0.043121205205907606,0.023011107293368197,28,36,0.08884930336088903,0.14908878044580512,True,False,False,3.1047500185581135e-05,COMPLETE
1504,0.4165839791297913,2025-04-12 04:55:45.745851,2025-04-12 04:57:35.703328,0 days 00:01:49.957477,0.11387319621562818,0.20811892660047476,2,0.0679269262785216,0.053825839018673854,0.07099270853431028,0.052828307362118125,0.07884800934918262,0.03696370841741661,0.030439751031125086,28,31,0.09192377588311418,0.13842076210747536,True,False,False,8.585198076392356e-06,COMPLETE
1505,0.42973500490188604,2025-04-12 04:57:36.198869,2025-04-12 04:59:31.843497,0 days 00:01:55.644628,0.09179342467641044,0.16994314988814524,2,0.08558332154007697,0.06629707497296664,0.07104967842703476,0.04380956493794944,0.08357925932240516,0.044174113001127314,0.036686095104543875,29,26,0.08847256207045541,0.15595804838917585,True,False,False,1.4131144487671016e-05,COMPLETE
1506,0.46888144612312316,2025-04-12 04:59:32.335498,2025-04-12 05:00:12.980560,0 days 00:00:40.645062,0.07679887529080413,0.18277148303557605,8,0.07919357741241788,0.048898831892880704,0.03491893837305499,0.05389387680263076,0.08545887458039182,0.041633818071862005,0.021903710962717742,28,44,0.08998456021318665,0.15065046189260908,True,False,False,1.9344101589943126e-05,COMPLETE
1507,0.41026393771171576,2025-04-12 05:00:13.489074,2025-04-12 05:02:06.577767,0 days 00:01:53.088693,0.10541949044637659,0.06738908620975616,2,0.07542654211952278,0.04209048779319749,0.07364086480306278,0.04245753264720695,0.07611694839931624,0.03864160549010976,0.028271277162642102,29,18,0.08775194364858364,0.15261881872337962,True,False,False,2.6259901085718113e-05,COMPLETE
1508,0.45893414020538337,2025-04-12 05:02:07.069846,2025-04-12 05:03:55.886583,0 days 00:01:48.816737,0.04972725237720789,0.14764067040454076,2,0.07277206025955311,0.06118239661720881,0.0714531224471632,0.033657465294725165,0.08157217352172655,0.08756136792916878,0.037175236069364986,28,39,0.09499638018371144,0.16139184031238024,True,False,False,1.1187352928553637e-05,COMPLETE
1509,0.4792763471603394,2025-04-12 05:03:56.379411,2025-04-12 05:05:32.605605,0 days 00:01:36.226194,0.11879020428690235,0.19778890118929524,2,0.0715857554648039,0.05133626971942613,0.06849159851067767,0.04090101425867508,0.07880121885663902,0.03679109447315189,0.02385015358663839,24,34,0.08977957365539342,0.24002069845500684,True,False,False,1.8486746183781033e-05,COMPLETE
1510,0.09307204186916351,2025-04-12 05:05:33.097115,2025-04-12 05:06:13.314439,0 days 00:00:40.217324,0.07094875836111333,0.2188076691847451,2,0.0770661550142169,0.044047258778471016,0.07362444355459845,0.044768245851363415,0.08602889499317373,0.049739538293188,0.03157961409169267,8,40,0.0920483816944739,0.223824914542904,True,True,False,3.16692663316648e-05,COMPLETE
1511,0.4768103361129761,2025-04-12 05:06:13.825305,2025-04-12 05:08:01.367424,0 days 00:01:47.542119,0.03394857345934357,0.1688831379291454,2,0.07195833067021731,0.05724562683053942,0.0730420616891455,0.0025074501058675145,0.08017114179076824,0.0012047424605805923,0.020834823176462326,27,47,0.08747891533032746,0.13554839788531373,True,False,False,1.412277782975986e-05,COMPLETE
1512,0.45137161612510684,2025-04-12 05:08:01.859945,2025-04-12 05:09:38.689876,0 days 00:01:36.829931,0.08806195216213084,0.10661050414201698,2,0.08917491730227452,0.049182834751744856,0.0775613673738185,0.03324913888846523,0.0827890693727958,0.04107565284337542,0.038549223259770754,24,36,0.08551201067108609,0.15690748976807897,True,False,False,2.1636190953368654e-05,COMPLETE
1513,0.2693280637264252,2025-04-12 05:09:39.184025,2025-04-12 05:11:17.870000,0 days 00:01:38.685975,0.10969562644509329,0.12832423900992898,2,0.060757897178969726,0.04213973072287699,0.06928231896555155,0.048590367727883534,0.07706685565649869,0.006410343205804326,0.025975832885999604,25,43,0.08815218917225327,0.13027502315331868,False,False,False,2.576115122433187e-05,COMPLETE
1514,0.47384940385818486,2025-04-12 05:11:18.383453,2025-04-12 05:13:07.924542,0 days 00:01:49.541089,0.05315619445372193,0.1908296230749063,2,0.05215540103754661,0.05519857651293711,0.07388560972069318,0.03052637015458707,0.07818319963974786,0.0873893279214891,0.03104647912244514,28,30,0.08531680077071296,0.15869695032101724,True,False,False,3.327392225125134e-05,COMPLETE
1515,0.4775865435600281,2025-04-12 05:13:08.419000,2025-04-12 05:14:48.287709,0 days 00:01:39.868709,0.5704209994285844,0.14690059047309764,2,0.06933386848501318,0.04743185803397744,0.07663927223173732,0.036184030295766875,0.08605863378039041,0.08651727163051105,0.020631876016060598,25,38,0.09045984857558716,0.21870548787324817,True,False,False,1.667756955210543e-05,COMPLETE
1516,0.46164916157722474,2025-04-12 05:14:48.783154,2025-04-12 05:16:27.018515,0 days 00:01:38.235361,0.0949501875889903,0.22007298962975627,2,0.06421139097719593,0.0645711648408757,0.0675007502446273,0.03926026621938675,0.08119853856273768,0.04437057934231288,0.038449859072553084,24,33,0.0869202397832355,0.23076389938177433,True,False,False,8.601156056733562e-06,COMPLETE
1517,0.49158285856246947,2025-04-12 05:16:27.535947,2025-04-12 05:18:22.101970,0 days 00:01:54.566023,0.07273305874750194,0.17005695600254545,2,0.08468631406166344,0.0430359348619463,0.07179410349660623,0.03756364901656926,0.044235721113981524,0.007567816672396564,0.026324002582473558,29,41,0.09284617456339121,0.13646858963423097,True,False,False,2.0367301377316325e-05,COMPLETE
1518,0.44689505696296694,2025-04-12 05:18:22.596986,2025-04-12 05:20:09.402139,0 days 00:01:46.805153,0.12429356486148124,0.20179580448741932,2,0.12995232774753881,0.12419256336684126,0.07489005371853844,0.0642568839028922,0.08400066118596342,0.038616474919796424,0.01925758940234046,27,45,0.08907124395247666,0.1197578061452776,True,False,False,3.6660107543999223e-05,COMPLETE
1519,0.47730103731155393,2025-04-12 05:20:09.894670,2025-04-12 05:21:45.137086,0 days 00:01:35.242416,0.032254034759297626,0.15291560282898323,2,0.11877679232591506,0.05833645657964803,0.07879420650897256,0.032582888504230315,0.07571793178090956,0.08873021969352965,0.023118975378186437,28,37,0.08439559670169175,0.1514076857614984,True,False,True,1.1244150887757244e-05,COMPLETE
1520,0.4790131449699402,2025-04-12 05:21:45.633021,2025-04-12 05:23:26.743013,0 days 00:01:41.109992,0.01051814634968479,0.18404378685655323,2,0.14409389521970342,0.038719811375046445,0.0802140650052207,0.03774437096268248,0.07852711497608894,0.0526030719756717,0.03247558623977413,25,48,0.08705871250918197,0.16585564854556137,True,False,False,2.7028419196288358e-05,COMPLETE
1521,0.49406613111495973,2025-04-12 05:23:27.257356,2025-04-12 05:25:07.522669,0 days 00:01:40.265313,0.11281966564938735,0.2158016622283189,2,0.13734187694766345,0.05130550010220047,0.07209709868654592,0.04364783513956385,0.08045107233538266,0.037466166671895826,0.026934869524970487,25,41,0.09062250324748997,0.16258450583220668,True,False,False,1.4607647894954864e-05,COMPLETE
1522,0.3351053833961487,2025-04-12 05:25:08.018431,2025-04-12 05:26:44.749523,0 days 00:01:36.731092,0.08771163894549863,0.13285884316313934,2,0.05599360328339098,0.04782224579710447,0.07576371474021897,0.055753050619220354,0.0826509272802318,0.04657473554260176,0.03997574273181366,24,33,0.08493428004125812,0.1501304137866117,True,False,False,2.2592612417877454e-05,COMPLETE
1523,0.2718146562576294,2025-04-12 05:26:45.245609,2025-04-12 05:28:36.766269,0 days 00:01:51.520660,0.055343795892256645,0.16517327905203696,2,0.1772359144878017,0.039960511420799934,0.06957563979080117,0.03479146458488169,0.0750779455949312,0.04010682936816981,0.01839816346895453,27,147,0.08885658349382954,0.22701236349189113,True,False,False,3.6681709973915274e-05,COMPLETE
1524,0.47446970939636235,2025-04-12 05:28:37.280340,2025-04-12 05:30:15.247785,0 days 00:01:37.967445,0.12736945290942553,0.10930642444672427,2,0.15260889250063095,0.05656673368324178,0.07751611375277198,0.048482777157340534,0.08670160196540531,0.03666318564040029,0.023039656651532268,24,45,0.09460060282076561,0.24500500100252964,True,False,False,1.876749411446921e-05,COMPLETE
1525,0.49827985763549804,2025-04-12 05:30:15.757169,2025-04-12 05:31:52.993499,0 days 00:01:37.236330,0.07369291197794917,0.1915074100568795,2,0.17836022104924734,0.05173635231877651,0.047036590516152096,0.029521425964161394,0.08442704931717473,0.08631666342287093,0.02832158579189328,24,37,0.0919516344552716,0.2166038059120553,True,False,False,2.840559794302292e-05,COMPLETE
1526,0.09307204186916351,2025-04-12 05:31:53.491737,2025-04-12 05:33:38.043671,0 days 00:01:44.551934,0.09967026674914964,0.17716453310956587,2,0.17258335878438724,0.005269664253374019,0.07352181525966993,0.026064051708839242,0.07956353507185535,0.034788932183004266,0.03374959011051305,27,27,0.08647468571444272,0.15839656443486247,True,False,False,1.3011871494670923e-05,COMPLETE
1527,0.45197947621345524,2025-04-12 05:33:38.539606,2025-04-12 05:34:16.535867,0 days 00:00:37.996261,0.041435540520274684,0.21735555855477548,8,0.08804460148275337,0.06990614629894866,0.08148962057755814,0.04550024882703564,0.07748155016458205,0.004286528124244333,0.03969755514539179,25,41,0.08381986175180019,0.16459042283646708,True,False,False,1.7405756444139715e-05,COMPLETE
1528,0.4964682817459107,2025-04-12 05:34:17.047626,2025-04-12 05:36:06.692569,0 days 00:01:49.644943,0.13637437198424757,0.1375449267578284,2,0.156742202561954,0.06149273259395938,0.07763835896641127,0.027216631605661647,0.08168563857227179,0.08942211488356522,0.0216402718492482,28,31,0.08827488807820894,0.2228790768011043,True,False,False,4.129290781600137e-05,COMPLETE
1529,0.09307204186916351,2025-04-12 05:36:07.191366,2025-04-12 05:37:33.579709,0 days 00:01:26.388343,0.09097590755638961,0.15589175491304877,2,0.1792215323455794,0.04592041866110895,0.06284381828746312,0.023048132275840454,0.0759884798417675,0.039413374471147844,0.017967578302610362,25,36,0.08615201745476767,0.15005204506115538,True,True,False,2.2903635289112936e-05,COMPLETE
1530,0.4840152621269226,2025-04-12 05:37:34.078537,2025-04-12 05:39:12.164894,0 days 00:01:38.086357,0.06192068570702028,0.19695180164603365,2,0.09258948039533017,0.03789759588616265,0.06512028448964054,0.029044496451701818,0.08510963532584237,0.08860989467416691,0.03022599144005954,24,50,0.050286992206492076,0.16419586217911772,True,False,False,1.0170425579882949e-05,COMPLETE
1531,0.41996325254440314,2025-04-12 05:39:12.685512,2025-04-12 05:40:55.700048,0 days 00:01:43.014536,0.11301490602200423,0.23252727704405532,2,0.13243810549552032,0.05378055486994206,0.07445740587458473,0.02459858957769981,0.07967896399480345,0.04206285859761156,0.024195709881979666,26,43,0.08994712210317696,0.1909956676105306,False,False,False,2.9858478807594638e-05,COMPLETE
1532,0.4544955372810364,2025-04-12 05:40:56.198439,2025-04-12 05:42:14.859848,0 days 00:01:18.661409,0.1335255391441972,0.4367823903600382,2,0.11134718827907701,0.04573431748230732,0.08242964184459846,0.006629110210381045,0.088013193761347,0.0027370573346612906,0.041674391222551246,18,39,0.08348366028272866,0.16866906821648756,True,False,False,1.3909481389117245e-05,COMPLETE
1533,0.456401652097702,2025-04-12 05:42:15.370674,2025-04-12 05:44:02.135065,0 days 00:01:46.764391,0.02811743861372787,0.12137340606956663,2,0.06889385096873038,0.03860276507465769,0.08025932796150916,0.0089989775292688,0.08283541919940118,0.036697459727267345,0.01906762932143418,27,34,0.0878919631127705,0.1589281947177882,True,False,False,2.143639434689571e-05,COMPLETE
1534,0.443707549571991,2025-04-12 05:44:02.656005,2025-04-12 05:45:56.361402,0 days 00:01:53.705397,0.09681934711391141,0.1746421423469216,2,0.1502138908875,0.0625150167504266,0.07163252987049301,0.007299325830764997,0.07732677990488808,0.08662264035576227,0.03239906613103167,29,46,0.09233228186448063,0.2508386732802139,True,False,False,3.604348992715385e-05,COMPLETE
