number,value,datetime_start,datetime_complete,duration,params_alpha-eval,params_alpha-train,params_batch-size,params_eps-eval,params_eps-train,params_lambda-actions-eval,params_lambda-actions-train,params_lambda-frames-eval,params_lambda-frames-train,params_learning-rate,params_n-epochs,params_n-frames,params_radius-gw,params_rho,params_std-feats,params_ub-actions,params_ub-frames,params_weight-decay,state
512,0.3974879026412964,2025-04-11 07:20:28.358881,2025-04-11 07:21:34.945646,0 days 00:01:06.586765,0.11817064469352263,0.25493851660252653,2,0.17721244922908053,0.07614119427749517,0.07581797390438283,0.023506833603581405,0.0915248777709798,0.09584695401787842,0.040313950022110995,14,77,0.07759175588149024,0.20575681205588667,True,False,False,2.4611942938690422e-05,COMPLETE
513,0.09307204186916351,2025-04-11 07:21:35.121711,2025-04-11 07:22:30.867056,0 days 00:00:55.745345,0.1528795274688092,0.24287677258015097,2,0.19605040446797395,0.060741660901090753,0.07282752715604245,0.0159356279914058,0.09320722044955448,0.09090352397869407,0.028557643319456875,14,43,0.08335223622198709,0.2254434185943506,True,True,False,3.2428652748058244e-05,COMPLETE
514,0.46747065782547004,2025-04-11 07:22:31.029547,2025-04-11 07:23:48.936257,0 days 00:01:17.906710,0.09655135409117785,0.23828118724460245,2,0.17635966730666372,0.053781623946933005,0.07360125497394772,0.02174038682570628,0.08478584724632926,0.09986308548642894,0.03292931325388613,18,50,0.08525624163787388,0.21902413544201602,True,False,False,1.4544870907555533e-05,COMPLETE
515,0.46832784414291384,2025-04-11 07:23:49.113189,2025-04-11 07:24:54.324206,0 days 00:01:05.211017,0.06315981005441003,0.20960489977200217,2,0.18320612510970197,0.06922184927784045,0.07570363396728766,0.013642096791292333,0.08702717991822405,0.09339433179367172,0.04041725884930613,14,39,0.08027825588964388,0.22220034909866107,True,False,False,3.902036085854661e-06,COMPLETE
516,0.46155529618263247,2025-04-11 07:24:54.489058,2025-04-11 07:26:03.175285,0 days 00:01:08.686227,0.037025488870597575,0.22685162040101906,2,0.19103381927405413,0.0636387214701006,0.07137453689092015,0.019636076500822688,0.0797776031475272,0.08813883587433247,0.028702662082878968,15,44,0.08300905666221864,0.20187995822699753,True,False,False,4.873589424794241e-06,COMPLETE
517,0.3036269307136536,2025-04-11 07:26:03.341462,2025-04-11 07:27:14.364253,0 days 00:01:11.022791,0.12756182729028825,0.17156265664867612,2,0.17595773925459698,0.05108334992333208,0.07661752331347661,0.02446251510398228,0.08358353554911097,0.09105581017671822,0.05218766307004641,16,42,0.08567834061000879,0.22219381208998595,False,False,False,1.0971890212524725e-05,COMPLETE
518,0.4853455662727356,2025-04-11 07:27:14.541457,2025-04-11 07:28:29.845327,0 days 00:01:15.303870,0.08738876683002489,0.18589169990109447,2,0.18534779489955938,0.05801963906670618,0.071469863816258,0.01380773456329014,0.08637077286364561,0.096579562688663,0.031225806559114312,17,47,0.0854181074396936,0.23230511454760502,True,False,False,2.2659817224939546e-05,COMPLETE
519,0.479308819770813,2025-04-11 07:28:30.013187,2025-04-11 07:29:34.642927,0 days 00:01:04.629740,0.16755756556137563,0.16416039133750146,2,0.19824714061231713,0.07505546107648696,0.07326767621685662,0.016912663737184447,0.0776705309060309,0.09294860015564135,0.024671588911301664,14,38,0.08184925290447727,0.21063753507628252,True,False,False,7.719314372260153e-06,COMPLETE
520,0.46967966556549073,2025-04-11 07:29:34.820568,2025-04-11 07:30:43.468337,0 days 00:01:08.647769,0.06710729954311336,0.20849111028850664,2,0.19065351544602738,0.0639815733318308,0.07449719700168166,0.026158796579509373,0.09569624248279028,0.09984622960008477,0.03459040906836369,15,41,0.08408555180899109,0.22256124576074388,True,False,False,3.1739268778658884e-05,COMPLETE
521,0.4311542332172394,2025-04-11 07:30:43.634672,2025-04-11 07:31:58.874283,0 days 00:01:15.239611,0.025862003460358052,0.5884756742032953,2,0.17142493229238853,0.051113110407471886,0.07108408165833834,0.018592168412628854,0.08439616726484604,0.09740507891695907,0.05411365437540149,17,44,0.04820423249508447,0.2029257279321692,True,False,False,2.635074737180443e-05,COMPLETE
522,0.4714983940124512,2025-04-11 07:31:59.040094,2025-04-11 07:33:04.527746,0 days 00:01:05.487652,0.010497881168479488,0.30312784119092506,2,0.1779554837829008,0.057083597442866604,0.07738181830421034,0.012137461461702359,0.08009240658123161,0.08754573537761066,0.02467908775865901,14,39,0.08579550504684658,0.1946827806818557,True,False,False,1.7526939753385405e-05,COMPLETE
523,0.4446162045001984,2025-04-11 07:33:04.703979,2025-04-11 07:34:13.088983,0 days 00:01:08.385004,0.04425001601189544,0.26898034543088867,2,0.18224770703566054,0.07060173110041618,0.08073827418441357,0.021166865861830784,0.08936580245047096,0.09425382959458577,0.03675934984776604,15,48,0.08627520779034942,0.16889664952430697,True,False,False,1.9150076251875025e-06,COMPLETE
524,0.49378627538681036,2025-04-11 07:34:13.258476,2025-04-11 07:35:33.992843,0 days 00:01:20.734367,0.11083870322494604,0.22649662059383469,2,0.21564588320466926,0.04738036095645106,0.07453616598021916,0.01542361539716227,0.0762275961481435,0.09060699392091345,0.042919323510854854,19,42,0.08132623926336943,0.19739333541042325,True,False,False,3.321526457262155e-05,COMPLETE
525,0.3615737438201904,2025-04-11 07:35:34.177607,2025-04-11 07:36:51.746826,0 days 00:01:17.569219,0.11407048086534388,0.23626515183491875,2,0.1951703850612721,0.21156279193570204,0.07464889094781164,0.016118392237505413,0.07631559671079756,0.08920423377875286,0.059073447609639756,18,45,0.07692988168852194,0.20177725864736656,True,False,False,3.329307880660728e-05,COMPLETE
526,0.4884736776351929,2025-04-11 07:36:51.914197,2025-04-11 07:38:06.956882,0 days 00:01:15.042685,0.14837248192139138,0.2243721000930446,2,0.2176499543670629,0.04735842955930087,0.08505361543703246,0.013863317142438115,0.07770210213719628,0.09071739804393479,0.04746785119656368,17,52,0.08117821495490134,0.2093862114755032,True,False,False,4.285728476528502e-05,COMPLETE
527,0.46339322328567506,2025-04-11 07:38:07.126241,2025-04-11 07:39:23.171333,0 days 00:01:16.045092,0.1788173106805508,0.28105539161310045,2,0.21610926348143775,0.045525328324086095,0.08825090664793007,0.013171204527297354,0.07894110525481013,0.09018789345630007,0.04965024603906667,17,56,0.08151905046264726,0.2072950576422456,True,False,False,4.18066339197473e-05,COMPLETE
528,0.46233220100402833,2025-04-11 07:39:23.349053,2025-04-11 07:40:41.669239,0 days 00:01:18.320186,0.14620213259063242,0.24389552569771603,2,0.2258109839661252,0.046432713841746326,0.08514819890947767,0.014948419276802927,0.08203459436485841,0.09129967127829704,0.04754423478070762,18,50,0.07946920433185269,0.21278592280021352,True,False,False,3.477132948562349e-05,COMPLETE
529,0.4555386543273926,2025-04-11 07:40:41.837745,2025-04-11 07:41:57.020869,0 days 00:01:15.183124,0.15157979594601254,0.22681928974732923,2,0.21957481503641704,0.04036192704542814,0.08554992722226136,0.014920573738015953,0.0767783624826244,0.08755856416911029,0.0626182513655037,17,53,0.07867908274714162,0.20676801343877724,True,False,False,2.637196818327597e-05,COMPLETE
530,0.45853949189186094,2025-04-11 07:41:57.199905,2025-04-11 07:43:15.348696,0 days 00:01:18.148791,0.1914012440160582,0.250627942703462,2,0.21232389075569302,0.04850250772604511,0.08675305512265993,0.010973338247402868,0.0874347297840895,0.09265495438324622,0.07202716837195443,18,53,0.07941245718849385,0.21822111382207013,True,False,False,4.212402410797301e-05,COMPLETE
531,0.35801600813865664,2025-04-11 07:43:15.518793,2025-04-11 07:44:40.923788,0 days 00:01:25.404995,0.13561516155860573,0.26116264641615217,2,0.21166970242191732,0.2413464816032968,0.08361874947520306,0.01814375331172999,0.07907418334180427,0.08972082907987793,0.04199629344392822,20,49,0.0821705079670876,0.19834535844221782,True,False,False,1.9995447784196642e-05,COMPLETE
532,0.3728044629096985,2025-04-11 07:44:41.106233,2025-04-11 07:45:57.762732,0 days 00:01:16.656499,0.1141345465034248,0.4150211752273195,2,0.21056846546677452,0.04330735622852815,0.08165077981783976,0.012199652679892885,0.08291172227783575,0.09505054088309305,0.043026170449539464,17,82,0.08021658571399921,0.20945966210052452,True,False,False,4.5181424242127234e-05,COMPLETE
533,0.4827586054801941,2025-04-11 07:45:57.930968,2025-04-11 07:47:09.824560,0 days 00:01:11.893592,0.08681797819160986,0.21466127878792846,2,0.20341876564708622,0.10250974136580174,0.0787297076556985,0.016736249610444842,0.07501499112334557,0.09287863624858617,0.07837167141787434,16,46,0.07758890986353391,0.19916328925095322,True,False,False,3.145178555097111e-05,COMPLETE
534,0.47828743457794193,2025-04-11 07:47:09.996923,2025-04-11 07:48:28.193804,0 days 00:01:18.196881,0.1306214843954339,0.22318891609589964,2,0.216193901818734,0.05005344976174076,0.07593512125139278,0.01502126043687689,0.08453453464238768,0.09147288069142501,0.033896317496766054,18,48,0.08293758244177443,0.192736429238011,True,False,False,2.4229978566726746e-05,COMPLETE
535,0.09307204186916351,2025-04-11 07:48:28.377221,2025-04-11 07:49:30.457061,0 days 00:01:02.079840,0.1574955459096658,0.19971367693441533,2,0.19940569553573778,0.0321046428306967,0.09051188707919189,0.010456357433889521,0.0802613209605796,0.08785746761942877,0.03948438678700739,16,43,0.08034334486991855,0.21790325809672959,True,True,False,3.6176482399640986e-05,COMPLETE
536,0.37266517877578736,2025-04-11 07:49:30.628342,2025-04-11 07:50:51.279903,0 days 00:01:20.651561,0.10095111989149527,0.2319123790345538,2,0.22040815194318752,0.04789752138856705,0.07411878170462932,0.019860148603470653,0.0757242544470094,0.08983731727682309,0.052878986795459444,19,46,0.07375329350180221,0.22545928727102493,False,False,False,4.7404246208333705e-05,COMPLETE
537,0.4083139777183533,2025-04-11 07:50:51.461468,2025-04-11 07:52:07.078619,0 days 00:01:15.617151,0.08027949419457608,0.4842042504134141,2,0.2028937180357233,0.054303816296602275,0.08367799549682878,0.01367994170882643,0.08209313282146688,0.09585126706059466,0.029758380937893323,17,69,0.08360514854659294,0.2030506472847626,True,False,False,2.8299106852928078e-05,COMPLETE
538,0.4544193506240845,2025-04-11 07:52:07.251892,2025-04-11 07:53:28.477431,0 days 00:01:21.225539,0.12313930608146764,0.19194024081827785,2,0.2185537891823188,0.04051532296058724,0.07760602299894132,0.01749446429900534,0.085609276334073,0.09191684687693152,0.05858920476598877,19,50,0.08122115073953547,0.1903286706401684,True,False,False,1.4358076698016352e-05,COMPLETE
539,0.47871223688125614,2025-04-11 07:53:28.649733,2025-04-11 07:54:36.758461,0 days 00:01:08.108728,0.1665197810974841,0.2587362913192604,2,0.20514471856133973,0.05308418626196498,0.07908247205930756,0.011640390325119137,0.07827880234767419,0.09466167556711354,0.044274417602957084,15,42,0.08403404592467519,0.21037799848810612,True,False,False,4.336672461518107e-05,COMPLETE
540,0.466932487487793,2025-04-11 07:54:36.938882,2025-04-11 07:55:58.484451,0 days 00:01:21.545569,0.06067550333602417,0.2174614531449981,2,0.1874913259660611,0.12295087533219032,0.07314577366006163,0.015008824535683819,0.0904550798024829,0.08927029924777095,0.026696873324830745,19,51,0.07708727117376463,0.18830203555651354,True,False,False,3.3380805284747775e-05,COMPLETE
541,0.46947400569915776,2025-04-11 07:55:58.655045,2025-04-11 07:57:10.459082,0 days 00:01:11.804037,0.09001415944169608,0.18675506351160823,2,0.1917732360672795,0.04869969457521961,0.07647304788211846,0.019364445771240923,0.08129121704017565,0.09758075169569033,0.0353996454520931,16,45,0.08182848114683887,0.19649405098854417,True,False,False,2.5010956493551998e-05,COMPLETE
542,0.46770772337913513,2025-04-11 07:57:10.642882,2025-04-11 07:58:19.220084,0 days 00:01:08.577202,0.10779095652211515,0.20360081694762117,2,0.22506754664747172,0.056916842074850225,0.08061628408195415,0.013021620882158885,0.083629039899882,0.09310823434003711,0.025762919226276056,15,41,0.08386800703196245,0.20352222008467982,True,False,False,5.212461438100243e-05,COMPLETE
543,0.4833577871322632,2025-04-11 07:58:19.394417,2025-04-11 07:59:33.218882,0 days 00:01:13.824465,0.14394030492470344,0.23968507597507954,2,0.18600166432178272,0.03699947554835947,0.07161934459499826,0.01053900012670235,0.07765128418391183,0.08731080968565764,0.04035617854571106,17,43,0.08525294761331045,0.19313544170361768,True,False,False,3.857781298198607e-05,COMPLETE
544,0.31990384459495547,2025-04-11 07:59:33.403966,2025-04-11 07:59:57.719123,0 days 00:00:24.315157,0.04680443832321579,0.21785622703068902,16,0.18247684868300704,0.044510056894077846,0.08722653593922015,0.017172374540629646,0.08841401952630717,0.09053962145041172,0.03160603008378172,14,72,0.07889021246210963,0.21464049270644378,True,False,False,2.203129282150466e-05,COMPLETE
545,0.4766646504402161,2025-04-11 07:59:57.891364,2025-04-11 08:01:09.629540,0 days 00:01:11.738176,0.07520590562056603,0.18114533598957988,2,0.21047743538197144,0.05376940642769632,0.08258779727067424,0.022972843140164075,0.08717985129689178,0.09625715241595233,0.023792930065970604,16,47,0.07618612487673343,0.18778922118870467,True,False,False,5.159763776681537e-05,COMPLETE
546,0.4806882977485657,2025-04-11 08:01:09.801994,2025-04-11 08:02:31.064627,0 days 00:01:21.262633,0.19452866248329687,0.2004997515282017,2,0.17851024972948185,0.060993842127877944,0.07526269995655266,0.020943278735851525,0.07510421201677671,0.09257986603741217,0.04591602480901093,19,40,0.030098140513216035,0.19821151138702905,True,False,False,2.9215940689854764e-05,COMPLETE
547,0.4984732508659363,2025-04-11 08:02:31.248889,2025-04-11 08:03:37.277896,0 days 00:01:06.029007,0.1297353315861784,0.17138876483755852,2,0.19470023090296049,0.05127137651839985,0.0850873327891768,0.015051054526720377,0.08002162337692978,0.09432039521096881,0.035844232790475036,14,44,0.08256587746981764,0.20769448375771493,True,False,False,1.7536187662868568e-05,COMPLETE
548,0.4241483092308045,2025-04-11 08:03:37.451884,2025-04-11 08:04:46.820636,0 days 00:01:09.368752,0.23429945662842044,0.17486889772877917,2,0.20527642761590012,0.04253726234184921,0.08885820214744164,0.015035572789417372,0.07955059672885285,0.09431898497419372,0.0006222010457197601,15,52,0.08205455298101953,0.2203757514414387,True,False,False,1.6923081958507937e-05,COMPLETE
549,0.4695776641368866,2025-04-11 08:04:47.008818,2025-04-11 08:05:52.326279,0 days 00:01:05.317461,0.1300390343804064,0.16797133815774806,2,0.1968477607143316,0.03380643882584883,0.08581560372721397,0.017740554782697874,0.0811112035139221,0.09784334806708853,0.03607091612116684,14,45,0.08012406472277633,0.2070998534863698,True,False,False,1.5265191211343844e-05,COMPLETE
550,0.4751954853534699,2025-04-11 08:05:52.500794,2025-04-11 08:07:02.025645,0 days 00:01:09.524851,0.11214319444646212,0.1992442012827321,2,0.19452751280912728,0.04877931087069834,0.08485132070833548,0.013347291588459834,0.010037605512063952,0.09161010299564527,0.053102096557802785,15,39,0.08283506222363758,0.21349815153375185,True,False,False,2.041065862567792e-05,COMPLETE
551,0.43039501905441285,2025-04-11 08:07:02.211659,2025-04-11 08:08:08.312646,0 days 00:01:06.100987,0.15114716785498405,0.23530431676746066,2,0.1910476218767718,0.05104620699689298,0.09308062285973386,0.016530030975117,0.0848970827766856,0.09488308357931241,0.029950660288431602,14,60,0.08301041489786495,0.20459434937462515,True,False,False,2.5216021960330882e-08,COMPLETE
552,0.09307204186916351,2025-04-11 08:08:08.487391,2025-04-11 08:09:11.102381,0 days 00:01:02.614990,0.17138772510500053,0.18104077197541718,2,0.2001775751026607,0.04062840599396661,0.08449953840284882,0.009693302026143574,0.08294315216868511,0.09643659505092803,0.038833654838039695,16,47,0.014875707035097142,0.19789549746136798,True,True,False,1.7425222873856378e-07,COMPLETE
553,0.39308434724807745,2025-04-11 08:09:11.291721,2025-04-11 08:10:30.059199,0 days 00:01:18.767478,0.10030987022822498,0.28368810728043165,2,0.20867291184930883,0.054844489786748066,0.08698569629139699,0.012081511164350838,0.07891191151645656,0.09359184715090214,0.03049998373147304,18,12,0.08075053579091374,0.20904715794787482,True,False,False,2.160646692251065e-05,COMPLETE
554,0.4945518851280213,2025-04-11 08:10:30.236265,2025-04-11 08:11:35.357510,0 days 00:01:05.121245,0.13186437105801252,0.21453088536107517,2,0.1906054022367214,0.047310490910713085,0.08220275347406128,0.014818416490398886,0.0809461920470751,0.08903336141928371,0.04809791101511719,14,42,0.08456627230737944,0.20265212883109887,True,False,False,1.3322328791299324e-05,COMPLETE
555,0.31687252521514897,2025-04-11 08:11:35.535319,2025-04-11 08:12:40.766490,0 days 00:01:05.231171,0.1532953763324785,0.22989908689228444,2,0.18709979050234174,0.03195745805848335,0.08463985886124253,0.014761718873571363,0.07974113876779695,0.08772733717193594,0.06246235140036981,14,50,0.08531171260949066,0.21777300618338227,False,False,False,1.226813101295289e-05,COMPLETE
556,0.4824932336807251,2025-04-11 08:12:40.953951,2025-04-11 08:13:46.448922,0 days 00:01:05.494971,0.1342890043990393,0.25029582101918046,2,0.2160453909383495,0.04448829338112477,0.08259938793242477,0.012954869553591151,0.08183981756054544,0.08933224901932528,0.06560738481198745,14,44,0.0858095946075008,0.2111553872905049,True,False,False,1.2940256615731506e-05,COMPLETE
557,0.4312788784503937,2025-04-11 08:13:46.626253,2025-04-11 08:14:52.430884,0 days 00:01:05.804631,0.1190429465995125,0.16435273115777405,2,0.18803751780250394,0.045470011502815245,0.07811950610711003,0.01138796658458659,0.07757478823567476,0.08696799526095718,0.04696421120150143,14,56,0.08410514657570872,0.22708201551577242,True,False,False,8.572055247513147e-06,COMPLETE
558,0.48907978534698493,2025-04-11 08:14:52.619002,2025-04-11 08:16:07.975606,0 days 00:01:15.356604,0.13392935428723352,0.2076811502253631,2,0.18343696281098043,0.03617475152391679,0.08017166435521818,0.01611210850695316,0.080810169824493,0.09061317149003215,0.023173755304366172,17,42,0.0861583257205494,0.19294031930651223,True,False,False,1.9192978126837618e-05,COMPLETE
559,0.44386668205261237,2025-04-11 08:16:08.154478,2025-04-11 08:17:23.523624,0 days 00:01:15.369146,0.13951516127354882,0.21859239186453716,2,0.18126086997262555,0.0270280739542577,0.08251219216621769,0.014143897968136535,0.08018297962448039,0.08920372447811137,0.02610474092891735,17,47,0.08638965347055873,0.2031670413945448,True,False,False,9.799106581773825e-06,COMPLETE
560,0.4538694560527802,2025-04-11 08:17:23.716244,2025-04-11 08:18:42.036706,0 days 00:01:18.320462,0.18701433247583915,0.2610540767940465,2,0.1731122471906625,0.1350125430720584,0.08678531572450655,0.009492534607357989,0.07695583720070025,0.08711926156277347,0.04483620956621057,18,42,0.0828162793376903,0.18588308452229543,True,False,False,1.4911534446809174e-05,COMPLETE
561,0.48366641998291016,2025-04-11 08:18:42.216516,2025-04-11 08:19:57.317385,0 days 00:01:15.100869,0.15959248914614912,0.2171912095664851,2,0.18237721011354294,0.03562640949200792,0.08140126442318112,0.015166017081105395,0.08088535851100122,0.09050319162637818,0.0231088918996217,17,45,0.08616615051708038,0.19149472174121854,True,False,False,1.0821635297137144e-05,COMPLETE
562,0.48615684509277346,2025-04-11 08:19:57.495010,2025-04-11 08:21:12.984208,0 days 00:01:15.489198,0.1274180847399377,0.24382111829288516,2,0.17598297019031892,0.021499794099374255,0.07979632047644462,0.008506725135777611,0.07869424928291258,0.09991978670141449,0.033551575953872204,17,48,0.08388424871747749,0.18608162192721023,True,False,False,1.7697703403355236e-05,COMPLETE
563,0.4629905998706818,2025-04-11 08:21:13.173267,2025-04-11 08:22:31.131530,0 days 00:01:17.958263,0.10503029564291991,0.20173496348629205,2,0.18510953854477014,0.029080033723057966,0.08373212259941806,0.013205410449694793,0.0823800115334179,0.08878345677098849,0.05433934756246909,18,42,0.08630064729668793,0.20894866258768793,True,False,False,1.3116186170031603e-05,COMPLETE
564,0.4930831789970398,2025-04-11 08:22:31.310623,2025-04-11 08:22:55.764399,0 days 00:00:24.453776,0.12541713125781112,0.22234154762081196,16,0.17233545908129422,0.0383187566201545,0.07376864942561873,0.010645018843407045,0.0802821284590489,0.0870617272913822,0.0781926930550616,17,38,0.08138684191950281,0.17763857740083921,True,False,False,1.75905988874316e-05,COMPLETE
565,0.4626703202724457,2025-04-11 08:22:55.954876,2025-04-11 08:24:07.365274,0 days 00:01:11.410398,0.09257713642559062,0.2710235712384289,2,0.17701880511880982,0.023128024000689744,0.01347663562776756,0.010861012215195205,0.08133264704511464,0.08633264583649242,0.024988910136364617,16,38,0.0838156016934843,0.17840068837357642,True,False,False,6.888060613164775e-06,COMPLETE
566,0.4612110495567322,2025-04-11 08:24:07.545112,2025-04-11 08:24:31.555815,0 days 00:00:24.010703,0.12160138860500819,0.1929363493005974,16,0.17030723604567258,0.036273826288358346,0.07499251849855176,0.008048584743463578,0.08323771371324065,0.08667966932335501,0.02947944529079359,16,38,0.026579867010810845,0.18051796464909733,True,False,False,1.5372588603632077e-05,COMPLETE
567,0.48221256732940676,2025-04-11 08:24:31.748042,2025-04-11 08:25:46.129305,0 days 00:01:14.381263,0.10823542282121372,0.1634717778234871,2,0.17335668266251267,0.029783637399147838,0.07249345769854286,0.011240828329069205,0.07948473510848561,0.08818608995309843,0.021841368509271864,17,38,0.0869433087751945,0.17602542994410095,True,False,False,1.8233704183188458e-05,COMPLETE
568,0.47071657180786136,2025-04-11 08:25:46.310440,2025-04-11 08:26:10.395199,0 days 00:00:24.084759,0.08668228796156885,0.21209676441781622,16,0.18010494096573204,0.015348552350683844,0.0735997491782264,0.009554533894158519,0.02246419747330066,0.0983221801721491,0.08151526319802639,16,42,0.08453056180163773,0.18397278630646352,True,False,False,1.0746691876680803e-05,COMPLETE
