number,value,datetime_start,datetime_complete,duration,params_alpha-eval,params_alpha-train,params_batch-size,params_eps-eval,params_eps-train,params_lambda-actions-eval,params_lambda-actions-train,params_lambda-frames-eval,params_lambda-frames-train,params_learning-rate,params_n-epochs,params_n-frames,params_radius-gw,params_rho,params_std-feats,params_ub-actions,params_ub-frames,params_weight-decay,state
681,0.472472733259201,2025-04-18 12:49:31.048934,2025-04-18 12:49:51.347486,0 days 00:00:20.298552,0.18093982703548242,0.26373401028249416,16,0.07183244097846707,0.10540999115778847,0.07433435419836966,0.029192171739709075,0.00827644304929147,0.09264442039321388,0.0234962103998437,11,45,0.04183594745321544,0.1891444182193119,True,False,True,1.933079067289165e-05,COMPLETE
682,0.4603954434394837,2025-04-18 12:49:51.565413,2025-04-18 12:50:11.281698,0 days 00:00:19.716285,0.20178045458257898,0.19571356554853997,16,0.057545098496487,0.09024555075580551,0.07097086947732456,0.0334609272607485,0.011962565571445576,0.09817769753379141,0.029588721835567926,10,37,0.07968705415229099,0.16803315187520748,True,False,True,8.799150202111125e-06,COMPLETE
683,0.3581208467483521,2025-04-18 12:50:11.490713,2025-04-18 12:50:31.744030,0 days 00:00:20.253317,0.2330241592361747,0.15633515965620276,16,0.020328403801117834,0.1445804431348428,0.06797230969732733,0.031199685880056914,0.014981563436565273,0.09447361134330061,0.011217083146309696,11,42,0.0341987321235818,0.18350413666170326,True,False,True,1.3733574666614932e-05,COMPLETE
684,0.45768391489982607,2025-04-18 12:50:31.964765,2025-04-18 12:50:50.994919,0 days 00:00:19.030154,0.05759258832045907,0.29600984904147865,16,0.0516615370228261,0.09665928484567403,0.07238598179896494,0.027967314974951155,0.009331250042144516,0.04739511946655058,0.05669685475416823,9,38,0.0363417347087957,0.1968463602309328,True,False,True,2.2933023047183952e-05,COMPLETE
685,0.26492978930473327,2025-04-18 12:50:51.222934,2025-04-18 12:51:10.574612,0 days 00:00:19.351678,0.23442497669796636,0.17666758333611707,16,0.005630293136970785,0.08362055245692888,0.0653367464664057,0.034886596312156584,0.0069042788132726695,0.0959860381564741,0.04625554832335593,11,36,0.040614202346573786,0.1773741341818698,False,False,True,1.060518749787783e-05,COMPLETE
686,0.09307204186916351,2025-04-18 12:51:10.783518,2025-04-18 12:51:30.142883,0 days 00:00:19.359365,0.22019925450998276,0.242685533674118,16,0.06571730911035159,0.10528733834812253,0.06935642487364478,0.029954687521362263,0.00496810897427571,0.09285529032660116,0.032975513292685395,10,40,0.04337633148356511,0.1849304670854748,True,True,True,1.7122504074109625e-05,COMPLETE
687,0.35372051000595095,2025-04-18 12:51:30.364979,2025-04-18 12:51:58.847652,0 days 00:00:28.482673,0.1710885239254985,0.7977242283474006,16,0.00019010299184921836,0.11004894618266989,0.06696423272375186,0.026514348141668167,0.002542020196455332,0.0919238861943746,0.06529012827785738,29,47,0.03872559070446117,0.16772732310877142,True,False,True,4.550043452452755e-07,COMPLETE
688,0.5066045522689819,2025-04-18 12:51:59.057595,2025-04-18 12:52:22.922534,0 days 00:00:23.864939,0.1278369639093521,0.22585792538083388,8,0.029550756524607324,0.10203199172060108,0.06296080831604868,0.03189797662078556,0.013286785731895505,0.028673247433718983,0.038943818626927626,11,43,0.03276422110561375,0.19148985306229735,True,False,True,2.8047153839728473e-05,COMPLETE
689,0.41796938180923465,2025-04-18 12:52:23.145341,2025-04-18 12:52:50.014965,0 days 00:00:26.869624,0.12641450117737665,0.24598994228586313,8,0.030281472603750463,0.09066379985168586,0.06131058813787316,0.030557607674648987,0.014385886713953066,0.09767220672392722,0.0001008192558797535,11,50,0.03192364962188265,0.1987250519784445,True,False,False,4.817913693397265e-05,COMPLETE
690,0.3415751576423645,2025-04-18 12:52:50.225088,2025-04-18 12:53:13.731011,0 days 00:00:23.505923,0.1075566658625711,0.22672056998512002,8,0.023837613634448966,0.09659932690753992,0.06312523472234514,0.028390107324425807,0.013088975733053067,0.0031942182641587387,0.0273301183671077,10,45,0.03244478163015045,0.19130110636019781,True,False,True,3.585102028499181e-05,COMPLETE
691,0.4244702637195587,2025-04-18 12:53:13.951754,2025-04-18 12:53:38.890164,0 days 00:00:24.938410,0.14583931302801356,0.27331651456974193,8,0.02838089763976684,0.10174501267283757,0.05898825456375966,0.031708514186085265,0.012342120209557208,0.09073799288492927,0.00014767361289015962,12,44,0.03397462941911965,0.1943799734401078,True,False,True,5.437889747797721e-05,COMPLETE
692,0.4571946859359741,2025-04-18 12:53:39.099962,2025-04-18 12:54:05.013921,0 days 00:00:25.913959,0.12351980137653407,0.25789359587017935,8,0.014610251781501968,0.08487604260134791,0.06410143197164003,0.025932610495777837,0.01505692330000191,0.08730458105613868,0.03604026905515881,13,49,0.03126175027276707,0.18745694205597493,True,False,True,3.079105245005753e-05,COMPLETE
693,0.2558665215969086,2025-04-18 12:54:05.236305,2025-04-18 12:54:54.674739,0 days 00:00:49.438434,0.15178170407364366,0.22826368097346908,2,0.03357828974893619,0.09548096226893349,0.06232570080429399,0.0327117425774353,0.010513891442726884,0.0396213861072407,0.07373542277934342,11,43,0.034989968394655104,0.20367557131298164,True,False,True,2.844275258421106e-05,COMPLETE
694,0.4056697070598603,2025-04-18 12:54:54.898086,2025-04-18 12:55:19.328213,0 days 00:00:24.430127,0.09424774176110107,0.21033842775867062,8,0.02461932852109456,0.10155036122547965,0.06559248037168726,0.02792424441493068,0.013161954838180133,0.09615967346226297,0.05343458607344557,11,47,0.03302626457710857,0.19361622404272605,True,False,True,3.43339867177356e-05,COMPLETE
695,0.2513465940952301,2025-04-18 12:55:19.540339,2025-04-18 12:55:42.682708,0 days 00:00:23.142369,0.11556605981786708,0.1192192141603916,8,0.035597006112200784,0.0915797943153812,0.060704379309031345,0.029708347096613977,0.010599946604082443,0.014386050486515898,0.031300866022389205,10,42,0.030479147016256945,0.18362627471258133,True,False,True,2.4654821963193213e-05,COMPLETE
696,0.3648833274841309,2025-04-18 12:55:42.904457,2025-04-18 12:56:07.464849,0 days 00:00:24.560392,0.14175683223752505,0.7599793824008045,8,0.01899093999509892,0.07944374883318461,0.06401386400522278,0.03369923248818466,0.016005087498740384,0.02062581779066721,0.03984164831757904,12,41,0.03734308495877436,0.20933965345396466,True,False,True,3.9563541416663185e-05,COMPLETE
697,0.43110333085060126,2025-04-18 12:56:07.677153,2025-04-18 12:56:33.204434,0 days 00:00:25.527281,0.08081123008138302,0.3049300798965839,8,0.013973734432920324,0.10562692269627844,0.05878990767216144,0.024909697603516388,0.008906803475342319,0.05271870558643239,0.07640839261500028,13,45,0.03543861186957594,0.2005262053093079,True,False,True,2.6163251401738515e-05,COMPLETE
698,0.49328294992446897,2025-04-18 12:56:33.429181,2025-04-18 12:56:57.314498,0 days 00:00:23.885317,0.16716203432769172,0.23101860572779298,8,0.02982884877478388,0.09886721704763328,0.06625363425972734,0.03157479616438242,0.014031199803165348,0.09216864433055666,0.023407817394501425,11,39,0.03362010317576125,0.19293210516062928,True,False,True,2.0983393256447635e-05,COMPLETE
699,0.4372802376747132,2025-04-18 12:56:57.527942,2025-04-18 12:57:23.615094,0 days 00:00:26.087152,0.1464591194725968,0.2548369408339211,8,0.03086262487554478,0.09771737192666143,0.06310973599810846,0.029459977658517225,0.01858380959528855,0.05996171284572715,0.030216860913872094,11,38,0.03024051541515692,0.18936461350031372,True,False,False,3.494830571509402e-05,COMPLETE
700,0.360326635837555,2025-04-18 12:57:23.838533,2025-04-18 12:57:46.910582,0 days 00:00:23.072049,0.169466743548017,0.2833145995709724,8,0.03733071733738623,0.1905993544531107,0.06600976542172568,0.03208985620108797,0.014888704176209258,0.09031957158316671,0.018299419765583816,10,34,0.03239266348027058,0.18016652285304832,True,False,True,2.10417328857076e-05,COMPLETE
701,0.3641146421432495,2025-04-18 12:57:47.137234,2025-04-18 12:58:11.119918,0 days 00:00:23.982684,0.1742669397443403,0.2364386560421588,8,0.029226834016575904,0.08736742110966915,0.06132919497408594,0.030812971401949052,0.013397720759694675,0.04149343088590016,0.02235807099714238,11,39,0.02833210442099741,0.19197783543143415,True,False,True,2.772715088228644e-05,COMPLETE
702,0.21096999645233155,2025-04-18 12:58:11.335130,2025-04-18 12:58:37.699521,0 days 00:00:26.364391,0.15728069569730405,0.2254802771701822,8,0.039133926643894916,0.10729934780829756,0.0651531648563387,0.027722089514561385,0.016967800936667287,0.01602519906478618,0.02335878030861204,10,133,0.032732666993761074,0.17945285447333834,True,False,True,2.1874116592748224e-05,COMPLETE
703,0.47074496150016787,2025-04-18 12:58:37.925002,2025-04-18 12:59:01.818312,0 days 00:00:23.893310,0.18820269400778683,0.26496508895084114,8,0.03289826865380044,0.06765247723893177,0.0598106647520072,0.030860474230998382,0.013931710891885767,0.09182268648811698,0.02684677609897191,11,35,0.03460404852324788,0.18585540851951385,True,False,True,2.780523135995e-05,COMPLETE
704,0.29504160881042485,2025-04-18 12:59:02.034123,2025-04-18 12:59:26.221656,0 days 00:00:24.187533,0.1309399263736482,0.2396307214361565,8,0.024950549058578242,0.09370517161903406,0.06269221670544284,0.02875078142029867,0.012156357357877762,0.024376119664638197,0.026714678384278344,11,40,0.002102691472917695,0.19501997304446742,True,False,True,4.1605650200089664e-05,COMPLETE
705,0.3587249517440796,2025-04-18 12:59:26.448497,2025-04-18 12:59:49.696195,0 days 00:00:23.247698,0.16646525024617245,0.20993267944843513,8,0.02859685383776704,0.10288041370896607,0.06751078878164467,0.026223887015562882,0.010831907381319795,0.03433744846307843,0.03685351309137452,10,37,0.030723037503407866,0.18843589711211903,False,True,True,6.146156715879519e-05,COMPLETE
706,0.4541175067424775,2025-04-18 12:59:49.911510,2025-04-18 13:00:14.022985,0 days 00:00:24.111475,0.12314871430292802,0.2501384309625351,8,0.04197045054328723,0.11006132842423286,0.06467487514934092,0.03246043852857495,0.014933008193372505,0.08872470457090972,0.019337179038702447,11,33,0.09653278447382888,0.17239683690056437,True,False,True,2.0696740652995918e-05,COMPLETE
707,0.38190035820007323,2025-04-18 13:00:14.248921,2025-04-18 13:00:38.979344,0 days 00:00:24.730423,0.18429009312944142,0.22546959668605732,8,0.036066246777059996,0.07344346116257383,0.05781337737259265,0.030255615176542423,0.017912359050271977,0.037875331824486505,0.032400307864819414,12,41,0.03394357788464259,0.18549238152585695,True,False,True,2.7354418504813913e-05,COMPLETE
708,0.4855298638343811,2025-04-18 13:00:39.207090,2025-04-18 13:01:02.372524,0 days 00:00:23.165434,0.10337806097536739,0.20665956953363415,8,0.039872594789381946,0.09888764664186724,0.06768376616001022,0.033007917244029794,0.011796925414689973,0.011024619423366112,0.02524724623313958,10,37,0.03528624069076387,0.196054325774892,True,False,True,1.9408440153209647e-05,COMPLETE
709,0.36545078754425053,2025-04-18 13:01:02.590593,2025-04-18 13:01:26.469041,0 days 00:00:23.878448,0.15228901171787462,0.23017414961033816,8,0.027283502323952876,0.08194395117223027,0.06175542104253194,0.02475071373927738,0.016362837200168494,0.01778451429671051,0.03611493404996551,11,31,0.03655074576695926,0.1795656609810205,True,False,True,8.250019895829788e-06,COMPLETE
710,0.47389690279960633,2025-04-18 13:01:26.700290,2025-04-18 13:01:51.235635,0 days 00:00:24.535345,0.1945834513946586,0.2798309750783837,8,0.0218607479787361,0.09030583733091822,0.06947155558152747,0.027793044581986958,0.01420363377076916,0.09163919552610088,0.044777135809137995,12,33,0.03227195695488312,0.1917073506712109,True,False,True,3.399333323181111e-05,COMPLETE
711,0.36745994687080386,2025-04-18 13:01:51.452927,2025-04-18 13:02:18.181041,0 days 00:00:26.728114,0.13611244543094292,0.260547586639272,8,0.03326645555110771,0.1050541836460694,0.06376308530603385,0.03445852200813366,0.011581351854156558,0.07139320238065634,0.031759006053436865,11,22,0.03949488122048117,0.17730082723377033,True,False,False,2.2622689216091514e-05,COMPLETE
712,0.4495091259479523,2025-04-18 13:02:18.414320,2025-04-18 13:02:43.506413,0 days 00:00:25.092093,0.16291394432683343,0.09747033161719394,8,0.041278103388035135,0.11084979310379525,0.06019631155267268,0.029847630992337466,0.009598009853831626,0.06505710097149846,0.039490148160258,11,43,0.04215504857243979,0.1846451188401391,True,False,True,1.2860915219627549e-05,COMPLETE
713,0.3192943215370178,2025-04-18 13:02:43.738176,2025-04-18 13:03:07.143452,0 days 00:00:23.405276,0.10969220671917028,0.20076129793579314,8,0.03314540933180757,0.0995584174228713,0.06674384132529906,0.031485247081721894,0.01372262509244205,0.044918574379079666,0.04678470370434652,9,35,0.026928792592512876,0.20003398237769837,True,False,True,1.6545520744027013e-05,COMPLETE
714,0.36178259253501893,2025-04-18 13:03:07.384489,2025-04-18 13:03:32.717458,0 days 00:00:25.332969,0.17806674006352685,0.21891637236888467,8,0.023481615462793863,0.08715864988895021,0.0649941684108121,0.03398320910643046,0.019257851458118758,0.08973698066022202,0.029487710430140597,12,39,0.03737742898219708,0.1741945093761081,True,False,True,1.963832362200882e-05,COMPLETE
715,0.47810628414154055,2025-04-18 13:03:32.956065,2025-04-18 13:03:57.763891,0 days 00:00:24.807826,0.13647614027675314,0.2466968070205992,8,0.03952130933889253,0.09440247538130854,0.08538244425453204,0.02338918861636363,0.01630850599370096,0.09286805675677806,0.059971597417397056,12,29,0.040782768109163335,0.18956343190987615,True,False,True,4.1135643924921925e-06,COMPLETE
716,0.4925573825836182,2025-04-18 13:03:57.982634,2025-04-18 13:04:45.864548,0 days 00:00:47.881914,0.2088523216457352,0.19010137040797823,2,0.02784862906669698,0.10518189441924025,0.07044206897623528,0.026383412913549002,0.008101804859683173,0.08790239567145647,0.022289162093390155,10,37,0.029562096271989365,0.18125158067064906,True,False,True,2.9176179252899528e-05,COMPLETE
717,0.47642544507980344,2025-04-18 13:04:46.104452,2025-04-18 13:05:10.469847,0 days 00:00:24.365395,0.15995401091867428,0.23456417512098596,8,0.044266094776974935,0.11180093773311589,0.062096018537893455,0.02843824913896333,0.024187430453332152,0.028036747360044988,0.0369646151033793,11,41,0.034270136064327585,0.19604536682086357,True,False,True,1.1797085473547086e-05,COMPLETE
718,0.44935320615768437,2025-04-18 13:05:10.696517,2025-04-18 13:05:34.653729,0 days 00:00:23.957212,0.12756873499240204,0.21334817778165444,8,0.019522804618052298,0.1007208046840232,0.05895366527411208,0.03175381780613609,0.012375502096404105,0.02305106761045185,0.046886295559145134,10,34,0.03812424031140485,0.20399838292848668,True,False,True,4.2692849814008155e-05,COMPLETE
719,0.46480323076248176,2025-04-18 13:05:34.893085,2025-04-18 13:05:59.939736,0 days 00:00:25.046651,0.19728307652235266,0.19175680301040893,8,0.20430167234994911,0.07818446399720305,0.06857411606209601,0.03467600852249026,0.010374503192346621,0.09366428784326496,0.08067621177026132,12,31,0.03613231315560212,0.1856611041883831,True,False,True,8.277052212063609e-06,COMPLETE
720,0.4373577654361725,2025-04-18 13:06:00.166317,2025-04-18 13:06:50.388468,0 days 00:00:50.222151,0.11279707616420247,0.30851655086731555,2,0.034144735756932436,0.10727718023628308,0.0654878129488059,0.029397949759313306,0.007906670646706764,0.09065119626346349,0.06383197901904845,11,44,0.04357752791616683,0.19228996661925907,True,False,True,1.447143608686204e-05,COMPLETE
721,0.39172391295433046,2025-04-18 13:06:50.628040,2025-04-18 13:07:11.863074,0 days 00:00:21.235034,0.3696060675637017,0.2687806755194723,16,0.04623596317318632,0.09429927907212818,0.0631052771123134,0.03275806626013371,0.015370606274544662,0.09220554434463149,0.03224440814511394,12,39,0.03170983275297441,0.17333923870654297,True,False,True,2.2189679198482562e-05,COMPLETE
722,0.46086627244949346,2025-04-18 13:07:12.100796,2025-04-18 13:07:34.573232,0 days 00:00:22.472436,0.1473179064881717,0.17590582305354058,16,0.037301564710474334,0.11294962390343424,0.06710982445492021,0.025611089105216835,0.009729136067648556,0.08727340488302937,0.09902587028646463,11,36,0.041525291467399715,0.20777070331125105,True,False,False,1.0084438165646956e-05,COMPLETE
723,0.44672049283981324,2025-04-18 13:07:34.806866,2025-04-18 13:08:00.471941,0 days 00:00:25.665075,0.08834677874530465,0.22183907254241245,16,0.028021366645782163,0.10143094335686345,0.06044912991872526,0.03536311298586162,0.011859516189192596,0.09432143787024504,0.05259775365765898,24,26,0.039180336486265684,0.19749974873745482,True,False,True,1.7903346336496443e-05,COMPLETE
724,0.3403797209262848,2025-04-18 13:08:00.716038,2025-04-18 13:08:25.036261,0 days 00:00:24.320223,0.17971269396566164,0.2498736319430742,8,0.021732504235270934,0.08607029751486601,0.07041785275573269,0.030720168695229644,0.007661065377074644,0.08909763113545086,0.04167816897692757,10,33,0.033636999999630525,0.18181332815814868,True,True,True,2.4948638550417585e-05,COMPLETE
725,0.36159343719482423,2025-04-18 13:08:25.270643,2025-04-18 13:08:47.017958,0 days 00:00:21.747315,0.09595931900615957,0.0932791968642754,16,0.03419853650326958,0.11893650309892477,0.0574179290446681,0.028507813514805153,0.013538247787316986,0.04921160759174725,0.027310930214913407,12,47,0.03564540616229364,0.18869532673439204,True,False,True,3.2040059178157003e-06,COMPLETE
726,0.10574411749839782,2025-04-18 13:08:47.254653,2025-04-18 13:09:07.331824,0 days 00:00:20.077171,0.40625988916437333,0.925192749672513,16,0.1506317925160988,0.09372481407224814,0.06384219918592325,0.033204335724229296,0.00940930985548136,0.0913132999180504,0.07137254817562713,11,41,0.04002522414896961,0.1742931569133748,True,False,True,1.4855976534028628e-05,COMPLETE
727,0.4131408512592316,2025-04-18 13:09:07.566047,2025-04-18 13:09:51.118251,0 days 00:00:43.552204,0.20775707654064837,0.2000907579684159,2,0.042622889814650636,0.10701007586446615,0.06842432458068351,0.023632684712109102,0.019405600162072347,0.09342643191955406,0.05262451366376378,9,38,0.04436395351273661,0.2174641180572614,True,False,True,3.517732378067684e-05,COMPLETE
728,0.2799041032791138,2025-04-18 13:09:51.340248,2025-04-18 13:10:11.009955,0 days 00:00:19.669707,0.15698571599489794,0.2384428086128234,16,0.05023613242705674,0.11401287400313039,0.06637689305557765,0.03543632775260936,0.006880496860223385,0.09471141118123028,0.036058463474525675,11,35,0.03809139866079466,0.2019964567357121,False,False,True,1.214603327871368e-05,COMPLETE
729,0.45355122685432436,2025-04-18 13:10:11.247400,2025-04-18 13:10:31.939824,0 days 00:00:20.692424,0.13655456999896579,0.12448884239051604,16,0.028827273502557323,0.0971815498274326,0.06116368690966615,0.026186641711545732,0.017075855265906062,0.09029498260047415,0.0424497187156132,12,29,0.08935804184814133,0.1927187049071971,True,False,True,1.9062610608460117e-05,COMPLETE
730,0.37729026675224303,2025-04-18 13:10:32.160691,2025-04-18 13:10:53.513992,0 days 00:00:21.353301,0.21385305071766447,0.2067115110113168,16,0.03854621524427448,0.1020289418095225,0.08412394222385737,0.03152620879792431,0.011568521189322148,0.0632820965925841,0.06022529176704865,12,54,0.042111493762254724,0.18262573089412965,True,False,True,7.709819690971791e-06,COMPLETE
731,0.4742873787879944,2025-04-18 13:10:53.750111,2025-04-18 13:11:15.005387,0 days 00:00:21.255276,0.18052455720035276,0.17513295868851245,16,0.016967236053663515,0.08237952332915285,0.07652268310321887,0.027336449543185513,0.015400240237693848,0.09198872800167589,0.08158434598925204,13,42,0.031487168211156505,0.17612732127412287,True,False,True,3.0138249427802765e-05,COMPLETE
732,0.4891561150550843,2025-04-18 13:11:15.251491,2025-04-18 13:11:39.545944,0 days 00:00:24.294453,0.12159343389392985,0.22050641835452242,8,0.0307760590415855,0.10938737847544114,0.07158226175685672,0.037066875068494126,0.006181048387044493,0.08647431208364079,0.04697055619782458,11,38,0.036549722620036695,0.16906469618562942,True,False,True,2.5353892644190277e-05,COMPLETE
733,0.425644063949585,2025-04-18 13:11:39.770770,2025-04-18 13:12:01.214977,0 days 00:00:21.444207,0.07228437908310315,0.1413231037778795,16,0.022680592955665477,0.0729871853365481,0.06318118498869045,0.09233912259215588,0.009445549190013768,0.0950000080044865,0.017145439810293654,10,31,0.033969088592143176,0.18807922031760713,True,False,False,1.5169774254860148e-05,COMPLETE
734,0.45601710081100466,2025-04-18 13:12:01.452183,2025-04-18 13:12:22.261633,0 days 00:00:20.809450,0.10496108384118998,0.27408641571492637,16,0.12625887552474405,0.10444336697739502,0.06564833245717641,0.029721005187513617,0.013879017588076243,0.09276374289323752,0.03215216671094346,12,44,0.040597177484641665,0.19857903778656646,True,False,True,9.886851059371353e-06,COMPLETE
735,0.47372289896011355,2025-04-18 13:12:22.484080,2025-04-18 13:12:43.861380,0 days 00:00:21.377300,0.14914169920821393,0.1814401850072828,16,0.04753491390578629,0.09102419859949804,0.08788042361832707,0.03408452501130042,0.021105763533939798,0.08878294583469261,0.06300357895402413,14,34,0.04398855328770908,0.1504791417471978,True,False,True,5.071866440848658e-05,COMPLETE
736,0.3717947483062744,2025-04-18 13:12:44.095654,2025-04-18 13:13:03.118064,0 days 00:00:19.022410,0.22804950850597483,0.11003797539785212,16,0.03803524281738521,0.11707520133793443,0.05848781540675889,0.03178675013082694,0.007343470068313398,0.09012709561915289,0.022346789151424667,10,24,0.03846252228004321,0.20894088289465604,True,False,True,2.2397138242437004e-05,COMPLETE
737,0.4861052036285401,2025-04-18 13:13:03.356710,2025-04-18 13:13:23.591505,0 days 00:00:20.234795,0.1691961013407497,0.2397198818468937,16,0.043265735410242964,0.0974685162818353,0.06946972844649842,0.03800500878889341,0.011122553982056157,0.09593957678374306,0.03937845444252814,11,40,0.029259583987561635,0.1643012131606574,True,False,True,1.2535854572448615e-05,COMPLETE
