number,value,datetime_start,datetime_complete,duration,params_alpha-eval,params_alpha-train,params_batch-size,params_eps-eval,params_eps-train,params_lambda-actions-eval,params_lambda-actions-train,params_lambda-frames-eval,params_lambda-frames-train,params_learning-rate,params_n-epochs,params_n-frames,params_radius-gw,params_rho,params_std-feats,params_ub-actions,params_ub-frames,params_weight-decay,state
113,0.45968555212020873,2025-04-11 01:42:33.606649,2025-04-11 01:43:13.013482,0 days 00:00:39.406833,0.739846947564322,0.10733675505856521,8,0.20841158327271717,0.06225547735550996,0.04945353915536777,0.07040660770636308,0.03562771617385278,0.05141904019430381,0.0035860572053313623,27,36,0.07036258913921627,0.227477291740689,True,False,False,0.00020635251742411067,COMPLETE
114,0.3711190104484558,2025-04-11 01:43:13.051484,2025-04-11 01:43:57.224521,0 days 00:00:44.173037,0.7402280755018474,0.11371895238753216,8,0.20897001905588108,0.06399914634899136,0.049173515836476896,0.06720079620766474,0.03715604100734372,0.047550306641629556,0.003968089006119086,27,120,0.0689166277104879,0.21530405590826554,True,False,False,0.00022996442102834577,COMPLETE
115,0.44938655495643615,2025-04-11 01:43:57.262862,2025-04-11 01:44:37.315934,0 days 00:00:40.053072,0.6560271794831294,0.09483188118233218,8,0.22081982220166513,0.05649407492902365,0.0573440252377428,0.08478870054629478,0.04130996008317946,0.05317762004886173,0.0024230967296503176,27,43,0.07403700819958314,0.27160195559723416,True,False,False,0.00015220276721297513,COMPLETE
116,0.19812261760234834,2025-04-11 01:44:37.353594,2025-04-11 01:45:13.782253,0 days 00:00:36.428659,0.6421527376520786,0.09788738424536239,8,0.21289270687181033,0.0737300194630174,0.05764565223617054,0.08635648426516179,0.03562652504357541,0.05217773485254038,0.0028990473629622493,28,55,0.06701781390067833,0.190656974294371,True,False,True,0.00011902670890139875,COMPLETE
117,0.43475863337516785,2025-04-11 01:45:13.821123,2025-04-11 01:45:53.381292,0 days 00:00:39.560169,0.6729302507402715,0.13851163621293228,8,0.19482227342128178,0.05602928779969174,0.04816957926550027,0.07890348436878356,0.04181472777635567,0.0621707944471284,0.0013131039785271518,27,43,0.07468697371165142,0.2712616905949105,True,False,False,0.0001413371884459697,COMPLETE
118,0.3736404180526734,2025-04-11 01:45:53.420573,2025-04-11 01:47:40.030925,0 days 00:01:46.610352,0.7628759025995582,0.07108796924025448,2,0.22155353791203042,0.06865049608250498,0.043887885069278265,0.07581415941452038,0.03304383742589207,0.050050142290504765,0.0018240150650348395,26,83,0.07634883470145894,0.15996849178814676,True,False,False,0.00010621664072069307,COMPLETE
119,0.4207235157489777,2025-04-11 01:47:40.071323,2025-04-11 01:48:21.372218,0 days 00:00:41.300895,0.7313319540210921,0.08943761205596411,8,0.20689495470048283,0.04160306174541639,0.0933321283385826,0.08345486706520949,0.043835093369623004,0.053560926771791854,0.002157647845752651,29,49,0.05433287629921049,0.27845632812904864,True,False,False,0.00021138181712006686,COMPLETE
120,0.45189829468727116,2025-04-11 01:48:21.414131,2025-04-11 01:49:00.296204,0 days 00:00:38.882073,0.6187801536418867,0.1163607026103319,8,0.22941603741323394,0.05220525423612714,0.041590216602266444,0.07245207937711969,0.050637688370854264,0.0562130958378277,0.003588893335073484,26,30,0.0825534713268703,0.2063243544491551,True,False,False,0.0003130326487330714,COMPLETE
121,0.4517148196697235,2025-04-11 01:49:00.336673,2025-04-11 01:49:38.952087,0 days 00:00:38.615414,0.6555279907083968,0.11763462482752937,8,0.2311586022319319,0.05370000657630315,0.04070071834538557,0.07304560529539773,0.05248902753566556,0.056172219160991826,0.0026279616812757835,26,30,0.08845442163320408,0.2004722469550139,True,False,False,0.00015558109117270487,COMPLETE
122,0.4382293462753296,2025-04-11 01:49:38.992880,2025-04-11 01:50:18.919202,0 days 00:00:39.926322,0.6938021818115818,0.1207077026767478,8,0.2295482699474333,0.05463131895133081,0.04107387182905031,0.07323492425088683,0.0524553659828726,0.05708799400131039,0.0034855409854046117,28,29,0.08612798102866687,0.20205255227457855,True,False,False,0.00015474647124755914,COMPLETE
123,0.4299989640712738,2025-04-11 01:50:18.969703,2025-04-11 01:50:57.499669,0 days 00:00:38.529966,0.6244474554403183,0.13153500118091152,8,0.21835934342572327,0.07553429380958052,0.039707856450347,0.07601914216888567,0.05027839234974571,0.06041347929873232,0.0024867977982774674,26,31,0.09472702671570551,0.17879013095501212,True,False,False,0.00030399929627487014,COMPLETE
124,0.40529553294181825,2025-04-11 01:50:57.540728,2025-04-11 01:51:37.512053,0 days 00:00:39.971325,0.6520517352524451,0.06532413760071085,8,0.22853552062643173,0.06523732397784146,0.04635620239435964,0.08538573685042508,0.047739769233797504,0.05483266024275645,0.002885358737372848,27,19,0.08993131879641192,0.19604685783918727,True,False,False,0.00017777329565309363,COMPLETE
125,0.42385074496269226,2025-04-11 01:51:37.553929,2025-04-11 01:52:18.470654,0 days 00:00:40.916725,0.6110940758706417,0.10705471298674431,8,0.22249915021324423,0.09253145574907543,0.05005906432180793,0.07340419454978932,0.04107270811591017,0.06485004418928118,0.0021291447298682677,29,36,0.08093688386411685,0.20787288494134798,True,False,False,9.692596424090543e-05,COMPLETE
126,0.1967287540435791,2025-04-11 01:52:18.513052,2025-04-11 01:52:43.909896,0 days 00:00:25.396844,0.6855004132581538,0.15128451725970382,16,0.23743104744071966,0.05926224630777807,0.05615340438808011,0.0783450487383704,0.05395158292156453,0.051136765040421694,0.004190621824399967,27,25,0.0836173660991913,0.21385765756759872,True,True,False,7.106721971064324e-05,COMPLETE
127,0.42771768569946295,2025-04-11 01:52:43.952329,2025-04-11 01:54:23.815638,0 days 00:01:39.863309,0.7457948988537453,0.1894521078744011,2,0.20411971235833684,0.08106471204589343,0.042612080041847335,0.06870858215736246,0.04619613659780637,0.057570303573278324,0.0011791433007414043,25,33,0.08981785907058222,0.2424932218458002,True,False,False,0.0002817236263009066,COMPLETE
128,0.22678254246711732,2025-04-11 01:54:23.857612,2025-04-11 01:55:01.524571,0 days 00:00:37.666959,0.653955556031845,0.011357468119543093,8,0.08049378336198149,0.051510370034195944,0.04394066285137498,0.06585575810946705,0.05107095033411152,0.055953186866610743,0.04002569241237988,26,22,0.056971294719549884,0.22203974054544962,False,False,False,0.00036709252766463753,COMPLETE
129,0.4035569548606873,2025-04-11 01:55:01.568549,2025-04-11 01:55:41.084697,0 days 00:00:39.516148,0.7217213012972558,0.7746514232267858,8,0.23283711537521495,0.0693268488485611,0.05315778255852446,0.014877593231849534,0.042509489716409096,0.05254114417077865,0.0007972464611355287,27,41,0.08723701815394763,0.26361748215959,True,False,False,3.5484724877072e-05,COMPLETE
130,0.4281428873538971,2025-04-11 01:55:41.128511,2025-04-11 01:56:13.874523,0 days 00:00:32.746012,0.7771897927139461,0.08697772171717208,8,0.21407655347540425,0.0418627810111402,0.05894401538226663,0.0893195119684533,0.044038076572005015,0.04911869341518417,0.0014087841904610716,19,29,0.05142959168007196,0.2363519798208514,True,False,False,2.1029449080621096e-07,COMPLETE
131,0.429202002286911,2025-04-11 01:56:13.917758,2025-04-11 01:56:53.714369,0 days 00:00:39.796611,0.7579643674128688,0.11908868737656388,8,0.22796910653233382,0.05266286575213207,0.03817170259043393,0.07135439754867876,0.05204786762331931,0.058509638673807325,0.003428810116182119,28,28,0.08441859296608119,0.20329582976529728,True,False,False,0.00014238679293669047,COMPLETE
132,0.4562696993350983,2025-04-11 01:56:53.757410,2025-04-11 01:57:36.106907,0 days 00:00:42.349497,0.6983860527138374,0.1243587642294706,8,0.22338566918745703,0.05549443996084721,0.04050558207885925,0.0738030497033141,0.04907046857310826,0.06927570355462025,0.0036707017345540484,30,36,0.07956923289317776,0.19896443180133747,True,False,False,0.00017679053314371583,COMPLETE
133,0.472126305103302,2025-04-11 01:57:36.150478,2025-04-11 01:58:17.722560,0 days 00:00:41.572082,0.6972267802740322,0.05630452600141215,8,0.20920766505357716,0.05971560393026315,0.04780407176868756,0.07455050244732186,0.04550082685317028,0.07481673772216109,0.004439990949485797,30,36,0.0796332023193792,0.17225916976183622,True,False,False,0.00020267174532283643,COMPLETE
134,0.4553955733776093,2025-04-11 01:58:17.768138,2025-04-11 01:58:58.696035,0 days 00:00:40.927897,0.6991308120457516,0.030280936750160095,8,0.21009609962975645,0.06080472387799698,0.0480853127730243,0.08204586173102561,0.04512474583220354,0.07295296569476194,0.00262029731602434,29,37,0.09168557067622538,0.1900628847712637,True,False,False,0.0002010700490500011,COMPLETE
135,0.4630813121795655,2025-04-11 01:58:58.741193,2025-04-11 01:59:40.390136,0 days 00:00:41.648943,0.696768088945702,0.05337885596718875,8,0.1985238839710821,0.058344833097079746,0.045679099949410606,0.08218128117795233,0.048621925950912845,0.07358943399356663,0.004805137016504054,30,36,0.09165504719489928,0.18838591303473762,True,False,False,6.652518000398583e-05,COMPLETE
136,0.4522202491760254,2025-04-11 01:59:40.434836,2025-04-11 02:00:22.519650,0 days 00:00:42.084814,0.6928948894355994,0.024867657589492012,8,0.19926170780701274,0.07520166833999595,0.04818553180589233,0.08111356223879437,0.04874590981773958,0.07030443798073664,0.002800536598591716,30,37,0.09382927499472352,0.17518763109209268,True,False,False,6.9665603070931e-05,COMPLETE
137,0.44263363480567935,2025-04-11 02:00:22.564761,2025-04-11 02:02:01.685839,0 days 00:01:39.121078,0.48180923855060553,0.035007601939591404,2,0.18842820121762585,0.0835176696072171,0.04177054451495249,0.08147568546484826,0.055436855583156426,0.07412658750957792,0.0044401273144839114,30,36,0.09805879539076616,0.16974789851750877,True,False,True,6.706880837871193e-05,COMPLETE
138,0.437765771150589,2025-04-11 02:02:01.739546,2025-04-11 02:03:42.305045,0 days 00:01:40.565499,0.4874959392494308,0.03121721821555265,2,0.18584873718078548,0.07518271700562497,0.04700569390819129,0.08202484809908688,0.05466009112987045,0.07217987437967785,0.0025293145887208034,30,34,0.09841548170729086,0.1778367066406687,True,False,True,7.303405723149223e-05,COMPLETE
139,0.10137568563222886,2025-04-11 02:03:42.350289,2025-04-11 02:05:23.159768,0 days 00:01:40.809479,0.48159410857655965,0.05229752101723254,2,0.19557851008947214,0.09079970944567178,0.045157355854580146,0.0843767914447173,0.05706777153011129,0.07664056468123892,0.004671120631241974,30,38,0.09329783583202547,0.1666299403465251,True,False,True,0.0001067104834363501,COMPLETE
140,0.4653100907802582,2025-04-11 02:05:23.206373,2025-04-11 02:07:03.950056,0 days 00:01:40.743683,0.3981411096740599,0.02763413370703438,2,0.17163645842092246,0.08224601386012244,0.04255759136203723,0.08737775169099189,0.050204654288090816,0.06923137150137319,0.007914149058214257,30,36,0.09592267306362122,0.18985889158593966,True,False,True,4.4744850526768844e-05,COMPLETE
141,0.4804853200912476,2025-04-11 02:07:03.995879,2025-04-11 02:08:43.837756,0 days 00:01:39.841877,0.44047676576621764,0.02154986568134159,2,0.17037426134044634,0.08504113739569055,0.041524881823295653,0.08826554473739007,0.04905673013857327,0.06978916333401265,0.007240394680171153,30,36,0.09498129698329073,0.18740082489550458,True,False,True,4.7897596685172896e-05,COMPLETE
142,0.39667416214942935,2025-04-11 02:08:43.884691,2025-04-11 02:10:20.817566,0 days 00:01:36.932875,0.33933189631120403,0.015205681485082313,2,0.20028798457465483,0.07122370983727631,0.04758833782847875,0.08757165170082662,0.0493425116049609,0.06902891716591125,0.007924728545916464,29,32,0.09535646042458391,0.19034424167162967,True,False,True,2.3185108545832024e-05,COMPLETE
143,0.09494939148426056,2025-04-11 02:10:20.864419,2025-04-11 02:11:57.952173,0 days 00:01:37.087754,0.39816552503368696,0.055311904384116345,2,0.14705980106785427,0.24823328423629462,0.04024732334948062,0.0889085694891903,0.047752036433045264,0.0795942996879963,0.005569569105811982,29,36,0.09096016424968785,0.1858146066260612,True,False,True,2.848858282977736e-05,COMPLETE
144,0.43238540887832644,2025-04-11 02:11:57.999678,2025-04-11 02:13:36.863668,0 days 00:01:38.863990,0.41335595947639403,0.02495603785750197,2,0.1667051958575541,0.06688902783699634,0.043527026549011756,0.07936084281490101,0.05070435905057064,0.07103087288497224,0.010729319921870725,30,31,0.09220086601631348,0.14763935185275945,True,False,True,5.360763114855653e-05,COMPLETE
145,0.42215579748153687,2025-04-11 02:13:36.911201,2025-04-11 02:15:15.359131,0 days 00:01:38.447930,0.6938761286446563,0.07198229477352037,2,0.15552376678969293,0.08070986977361749,0.05142632080618722,0.0846483292711067,0.049007730981671854,0.06797824844993783,0.0031991320298680316,30,27,0.09975989399947982,0.19372921315241098,True,False,True,4.103181328649592e-05,COMPLETE
146,0.4356130719184875,2025-04-11 02:15:15.406988,2025-04-11 02:16:52.205159,0 days 00:01:36.798171,0.44787662891546215,0.010656735829794386,2,0.1765382917028554,0.07598663570821228,0.04606459564269301,0.09094240659149326,0.05355039117623584,0.07636721511639032,0.007128411483937816,29,38,0.08929575514342765,0.18319750458023415,True,False,True,0.00015472463332851224,COMPLETE
147,0.3643813967704773,2025-04-11 02:16:52.253372,2025-04-11 02:18:31.240417,0 days 00:01:38.987045,0.6609965283354516,0.05789813669628499,2,0.17086226175375477,0.06143265075221954,0.04187916273216039,0.09726680743604381,0.04707496449925367,0.06615260549305482,0.00272920488957631,30,24,0.0961842887066435,0.158747344578516,True,False,True,0.00010016980504717,COMPLETE
148,0.09307204186916351,2025-04-11 02:18:31.288227,2025-04-11 02:20:06.882057,0 days 00:01:35.593830,0.6348570285052015,0.08471560748124995,2,0.18254856649525658,0.12671429615117905,0.04869600783666238,0.08277113094852348,0.05096513436450943,0.08272096122541327,0.005814634547267524,28,40,0.0879180383267553,0.175535845118519,True,True,True,1.5652842461301402e-05,COMPLETE
149,0.4335893571376801,2025-04-11 02:20:06.930470,2025-04-11 02:22:00.753417,0 days 00:01:53.822947,0.6783259339142323,0.04234965762377654,2,0.13141828578077663,0.10405109294062595,0.04382773045132024,0.08752436512147074,0.05879659567523843,0.07308324914225894,0.008905314467890753,29,34,0.08595426800421034,0.1653399526386527,True,False,False,4.640873436594114e-05,COMPLETE
150,0.4137057721614838,2025-04-11 02:22:00.803671,2025-04-11 02:22:43.341050,0 days 00:00:42.537379,0.3776212582014702,0.09520700338836166,8,0.20555784231949573,0.11274418116263679,0.039372166929398905,0.07747120094259292,0.06174192639529103,0.07077264191058336,0.0019897602057783567,30,45,0.09369329161517218,0.19793151366099024,True,False,False,8.611816714120869e-05,COMPLETE
151,0.38014984726905826,2025-04-11 02:22:43.399415,2025-04-11 02:24:23.503520,0 days 00:01:40.104105,0.5259587140700339,0.027039875925013238,2,0.1891668357733134,0.08537253673759371,0.04148080708781946,0.0808140454500235,0.05425801775796164,0.07339769269850893,0.0043781381663719095,30,36,0.09831443090533781,0.17126974246481616,True,False,True,6.104024104574163e-05,COMPLETE
152,0.41782060265541077,2025-04-11 02:24:23.553216,2025-04-11 02:26:00.839786,0 days 00:01:37.286570,0.45736307601383785,0.03735338224454123,2,0.19009315534250235,0.09506956664030024,0.045598071026854065,0.08146394477367061,0.056088577701668155,0.07393860610708335,0.0036395271656900234,29,30,0.09676560150812791,0.18897823849160314,True,False,True,6.516294641609478e-05,COMPLETE
153,0.3463023960590363,2025-04-11 02:26:00.889528,2025-04-11 02:27:40.543632,0 days 00:01:39.654104,0.47105195524598753,0.37974646395387324,2,0.19782167182916982,0.08305082871893171,0.04212982535906343,0.02823302504236586,0.049683103385047854,0.07624970659143127,0.0047924339355130624,30,37,0.08139866422203995,0.17044691823718894,True,False,True,3.264984889042145e-05,COMPLETE
154,0.4813650846481323,2025-04-11 02:27:40.593062,2025-04-11 02:29:14.227633,0 days 00:01:33.634571,0.4343466930554591,0.07112246450040519,2,0.158084182334345,0.07202852597029,0.047917179592338204,0.07540595568361039,0.0524667062683015,0.07907325673446551,0.006796153307462369,28,35,0.09117903585737422,0.1818023673680245,True,False,True,0.00012742011042562743,COMPLETE
155,0.2974524021148682,2025-04-11 02:29:14.277709,2025-04-11 02:30:48.924488,0 days 00:01:34.646779,0.703184307611032,0.0761196070558341,2,0.15356825609828825,0.07151443560133444,0.05190351226424149,0.07517360914532577,0.052007413826283155,0.07943305239998616,0.006226233293077949,28,33,0.0915451409966798,0.1785867004668184,False,False,True,0.00012291488669333576,COMPLETE
156,0.4316268563270569,2025-04-11 02:30:48.975082,2025-04-11 02:31:24.685859,0 days 00:00:35.710777,0.36371000752760474,0.0629818827377811,8,0.15699155886757937,0.05798265667936037,0.047849080170759575,0.07920796217502521,0.046728229519882696,0.06927387991733606,0.022523276950113753,28,40,0.09503563148233488,0.1838028536000849,True,False,True,0.0001761440844121429,COMPLETE
157,0.42922202944755555,2025-04-11 02:31:24.737105,2025-04-11 02:31:54.164130,0 days 00:00:29.427025,0.5887859253046605,0.10068487883817853,16,0.17161060473146694,0.06776100033871375,0.05057996407200235,0.08556340087228387,0.0447266242088121,0.0626553315467788,0.01592310360077139,29,30,0.07903572025782217,0.19392682674748504,True,False,False,0.00012624234020469969,COMPLETE
158,0.4054370522499085,2025-04-11 02:31:54.216741,2025-04-11 02:32:35.438861,0 days 00:00:41.222120,0.4286632780840164,0.0796537917253984,8,0.21341888320964886,0.06468927362703876,0.0454368813059572,0.07418102424330592,0.04795169007765225,0.06627337161084762,0.003174003907989392,29,44,0.08767029799735675,0.19999222019911486,True,False,False,8.410234062426714e-05,COMPLETE
159,0.4314883470535279,2025-04-11 02:32:35.490824,2025-04-11 02:34:27.111674,0 days 00:01:51.620850,0.6758535057283913,0.05800062792259012,2,0.1473715567216705,0.07830767787147896,0.03966580679197945,0.09332779076458239,0.04930771091395686,0.07828593482915235,0.008921725174018447,28,26,0.09159817125085881,0.2081050349183368,True,False,False,0.0001893817035580063,COMPLETE
160,0.4644455015659332,2025-04-11 02:34:27.162809,2025-04-11 02:34:53.357295,0 days 00:00:26.194486,0.7079152371815965,0.11456196141346818,8,0.20431558768809086,0.054799310942771434,0.049216174939484034,0.076253218761521,0.05752239711344399,0.0641243455326344,0.0065654561606203815,11,40,0.08919493504586276,0.15422956754545672,True,False,False,0.0002445007256539635,COMPLETE
161,0.46601320505142213,2025-04-11 02:34:53.409539,2025-04-11 02:35:20.044275,0 days 00:00:26.634736,0.7014103878632806,0.10122186155124951,8,0.1633828125740622,0.0547662080124714,0.04875265720000463,0.07691533078658887,0.058463015505058356,0.07086755854203389,0.013284252704876438,11,40,0.08960881863796435,0.18398358756633199,True,False,False,0.0002283783274043754,COMPLETE
162,0.4687992930412293,2025-04-11 02:35:20.106010,2025-04-11 02:35:46.329972,0 days 00:00:26.223962,0.6960900001731171,0.10698032523565021,8,0.14030158741664928,0.05103007501611369,0.04839076415547457,0.07688644635353156,0.060223141205467165,0.0683296396694767,0.013019890492080593,11,41,0.08981331526347502,0.12468198591432242,True,False,False,0.00023089914719992666,COMPLETE
163,0.4504167020320892,2025-04-11 02:35:46.382910,2025-04-11 02:36:13.343986,0 days 00:00:26.961076,0.6923170999061143,0.09887560957724001,8,0.13731226769351274,0.04270936747008463,0.04914015078600553,0.0770406909192522,0.061519736853701504,0.06782747504762432,0.011648220607666421,12,35,0.08544430210319708,0.14066817161772854,True,False,False,0.00024499802722856626,COMPLETE
164,0.4496116995811462,2025-04-11 02:36:13.397155,2025-04-11 02:36:39.646246,0 days 00:00:26.249091,0.696696869879154,0.10237894833606007,8,0.14080389978664318,0.03746803795359868,0.04911085315541455,0.07710938724550716,0.05874002117920581,0.0639795904780105,0.01308872295404242,11,39,0.08518877671831633,0.11218566243859482,True,False,False,0.00021425499918120561,COMPLETE
165,0.4468772888183594,2025-04-11 02:36:39.700317,2025-04-11 02:37:05.862431,0 days 00:00:26.162114,0.7000236097490526,0.1138365977909136,8,0.1330857722407043,0.036630611561295184,0.048816223427223616,0.07766853087105946,0.05841708087788265,0.06438217666672232,0.013812362744678912,11,33,0.08521097985855217,0.13018220568101416,True,False,False,0.00024477931312989407,COMPLETE
166,0.47716292142868044,2025-04-11 02:37:05.917363,2025-04-11 02:37:30.399421,0 days 00:00:24.482058,0.41002671897305937,0.15514744330672758,8,0.14215929775865796,0.04447215719965234,0.05342122731854151,0.07569978896560466,0.06152192483034664,0.0683776819694123,0.012292506966156384,9,38,0.08883640155307063,0.11330389069306,True,False,False,0.00025026120369015263,COMPLETE
167,0.47633721828460696,2025-04-11 02:37:30.456387,2025-04-11 02:37:54.865331,0 days 00:00:24.408944,0.4198419285853669,0.15982307316051628,8,0.14213656407378691,0.04722519196450356,0.05138496233959738,0.0756372298901924,0.06442126207827355,0.07023510033085467,0.010267744183370394,9,35,0.08896923375537143,0.12370720152280153,True,False,False,0.00030449336044577807,COMPLETE
168,0.4554140985012055,2025-04-11 02:37:54.920127,2025-04-11 02:38:19.613415,0 days 00:00:24.693288,0.39244907544888885,0.16382305663726374,8,0.16134186941290968,0.04816002576080586,0.05453429214676808,0.07613291306886608,0.06542358313571048,0.07101822404728417,0.006853305768583384,9,46,0.08968883780192573,0.09482778519641225,True,False,False,0.0003156679085475061,COMPLETE
169,0.4499405562877655,2025-04-11 02:38:19.668619,2025-04-11 02:38:44.594348,0 days 00:00:24.925729,0.40219884108689863,0.15630596721427578,8,0.16174875848317077,0.0458912260287805,0.05358841556882622,0.07530133524980592,0.06855223264041801,0.07158030130097283,0.019601900118362686,9,47,0.09081037393358797,0.1191444677048643,True,False,False,0.00029891700961271633,COMPLETE
