number,value,datetime_start,datetime_complete,duration,params_alpha-eval,params_alpha-train,params_batch-size,params_eps-eval,params_eps-train,params_lambda-actions-eval,params_lambda-actions-train,params_lambda-frames-eval,params_lambda-frames-train,params_learning-rate,params_n-epochs,params_n-frames,params_radius-gw,params_rho,params_std-feats,params_ub-actions,params_ub-frames,params_weight-decay,state
170,0.43013465404510504,2025-04-18 02:26:28.068374,2025-04-18 02:27:43.492655,0 days 00:01:15.424281,0.47372261477143424,0.35617772166006956,2,0.038483937508033826,0.1170167398598493,0.07100743868076019,0.03450230046533592,0.0037085224821744693,0.09437493641613777,0.05685290581840455,17,29,0.06385537364071797,0.13941084859119143,True,False,False,1.3414454821039274e-05,COMPLETE
171,0.43814323544502265,2025-04-18 02:27:43.546927,2025-04-18 02:28:52.508294,0 days 00:01:08.961367,0.4920015699206336,0.4301635723219055,2,0.01079292402292409,0.12812118545242335,0.05910442715437211,0.037176079266237894,0.0070802651387928675,0.09903513547678397,0.06504377926911967,15,32,0.07250832285217987,0.12268654622902912,True,False,False,9.286617234745577e-05,COMPLETE
172,0.47519208192825324,2025-04-18 02:28:52.572741,2025-04-18 02:30:04.682704,0 days 00:01:12.109963,0.013506607562242812,0.3907704463771561,2,0.022630434683628874,0.1206179171481888,0.055680890970994185,0.04062336686189466,0.02510105621927998,0.09525400740408287,0.0752893591684598,16,36,0.06479083279912119,0.13402513169022537,True,False,False,1.6425973316504297e-05,COMPLETE
173,0.4305761337280274,2025-04-18 02:30:04.738431,2025-04-18 02:31:16.331783,0 days 00:01:11.593352,0.1727337758892392,0.3795917127884788,2,0.024816991809607208,0.13578746926721125,0.05276200832592075,0.04062704265393985,0.021738326745015347,0.09521507817731663,0.07943400536016632,16,35,0.06576983866004654,0.133823496121154,True,False,False,1.7298758352129705e-05,COMPLETE
174,0.2857426285743713,2025-04-18 02:31:16.387278,2025-04-18 02:32:31.817431,0 days 00:01:15.430153,0.018835147011513297,0.36633664453358905,2,0.01997235912189449,0.12190549949961155,0.056228570199594874,0.036065856020003104,0.024858029025623764,0.09048174328134649,0.07071772487204332,16,133,0.06118677806655155,0.14560176299141395,True,False,False,4.179632728638108e-05,COMPLETE
175,0.4928434848785401,2025-04-18 02:32:31.873335,2025-04-18 02:33:37.951058,0 days 00:01:06.077723,0.0935134153137346,0.4064369785705353,2,0.03589540542737796,0.10953556423375471,0.06124254000862463,0.04244698323833089,0.017194472948532425,0.09312992991493417,0.09998830576599842,14,27,0.06231216850311043,0.1368263263011318,True,False,False,1.5504248950383365e-05,COMPLETE
176,0.44542002081871035,2025-04-18 02:33:38.006833,2025-04-18 02:34:46.483668,0 days 00:01:08.476835,0.10620920026975976,0.41461008359288715,2,0.02972585897953023,0.10480690974603282,0.06500730501962648,0.040691615286320204,0.017292349356485742,0.09333348709011671,0.09818968862133845,15,31,0.05854665231727442,0.1358072183389431,True,False,False,1.202967892324456e-05,COMPLETE
177,0.4363132953643799,2025-04-18 02:34:46.540825,2025-04-18 02:36:01.174763,0 days 00:01:14.633938,0.1252360678295799,0.3315181150411939,2,0.03555499549975672,0.12132180348115466,0.06161936161662741,0.0425534866833013,0.02120752953130471,0.09746653748341585,0.07881276293983448,17,37,0.061382526755941386,0.15266265873121798,True,False,False,5.561514148950587e-06,COMPLETE
178,0.09307204186916351,2025-04-18 02:36:01.231255,2025-04-18 02:37:02.544592,0 days 00:01:01.313337,0.09816415242707771,0.3912841923208771,2,0.044031867050511,0.09739474225624509,0.06196068313666617,0.03847279636178991,0.012686662071250899,0.09666820208825454,0.047417105736046704,16,23,0.06701149899628485,0.12907231153492646,False,True,False,9.76145646785372e-06,COMPLETE
179,0.36606197357177733,2025-04-18 02:37:02.602045,2025-04-18 02:38:06.442209,0 days 00:01:03.840164,0.43716963804833253,0.41498717594222956,2,0.035974575585598426,0.11047352585524291,0.05378867266614197,0.04376841710494001,0.014914604583060688,0.09216437900793752,0.08330194285797367,13,28,0.02885134414063835,0.13945709082308128,True,False,False,5.936295949693047e-05,COMPLETE
180,0.4633714139461518,2025-04-18 02:38:06.499565,2025-04-18 02:39:11.468192,0 days 00:01:04.968627,0.06289026862638022,0.43436715433907125,2,0.012129641619083236,0.10247979445438875,0.0953097430419876,0.03794054571328179,0.0034639248751625992,0.0993174627049537,0.06737779844243047,14,39,0.06384487454507023,0.14539789126129327,True,False,False,1.7553273804323408e-05,COMPLETE
181,0.4728931546211243,2025-04-18 02:39:11.535771,2025-04-18 02:40:17.248130,0 days 00:01:05.712359,0.02223356548277448,0.43090576668750535,2,0.011505602572599194,0.08629683059262107,0.060174242789834805,0.038155327891382367,0.006480541565584134,0.09992990908153024,0.0662289232676304,14,39,0.0644618708352788,0.14576655173399106,True,False,False,1.687469274938165e-05,COMPLETE
182,0.4467103064060211,2025-04-18 02:40:17.307090,2025-04-18 02:41:26.283181,0 days 00:01:08.976091,0.06257195734200038,0.44456463226852233,2,0.007550755353503602,0.10119324726944734,0.05634367892588778,0.037152229543339035,0.006110161588952924,0.09956133396297913,0.06731746752048474,15,33,0.06293646423935818,0.16542851340932183,True,False,False,1.5749363776401232e-05,COMPLETE
183,0.4028828024864197,2025-04-18 02:41:26.342266,2025-04-18 02:43:10.720785,0 days 00:01:44.378519,0.02286996200873782,0.36030229085383764,2,0.026254711182509667,0.09115728630930581,0.06695929956542485,0.03360930126512743,0.003389859219650765,0.09763612390347516,0.05556221587112012,26,36,0.06851106352216063,0.14674827452974548,True,False,False,1.5374945379983212e-05,COMPLETE
184,0.4743521571159363,2025-04-18 02:43:10.779901,2025-04-18 02:44:16.891308,0 days 00:01:06.111407,0.05301737131520758,0.4229615045374208,2,0.011458469558223746,0.11587315614740334,0.05908291768539778,0.03891252405238993,0.008078104224987013,0.0936885368375835,0.07172351549740398,14,39,0.06451744164691574,0.15767887600721475,True,False,False,1.7781989002547865e-05,COMPLETE
185,0.09307204186916351,2025-04-18 02:44:16.950931,2025-04-18 02:45:21.994389,0 days 00:01:05.043458,0.048809854409041384,0.4175752775868895,2,0.0008480815719791868,0.11879611345834465,0.05946167453835906,0.03935521469545837,0.008401239864678996,0.09956461859453751,0.09997934818210429,14,39,0.06366278595637413,0.15614213390384624,True,False,False,1.976547441449116e-05,COMPLETE
186,0.429478532075882,2025-04-18 02:45:22.054981,2025-04-18 02:46:24.161715,0 days 00:01:02.106734,0.07001971878107623,0.30857293169797917,2,0.012048962902072814,0.12466843686370191,0.06522755799977666,0.03572551192792088,0.017044213574205342,0.09278691901279118,0.05880346386965728,13,35,0.07037835734627897,0.1716640555152833,True,False,False,1.8425355052299766e-05,COMPLETE
187,0.4783123254776001,2025-04-18 02:46:24.222943,2025-04-18 02:47:16.551836,0 days 00:00:52.328893,0.03380895248684701,0.39673478404787954,2,0.012733711470565866,0.11469132181363724,0.06006169506760014,0.038000915494703,0.011468736803589823,0.09039316329084092,0.08395439986595157,12,40,0.06512152255191142,0.16365158663913126,True,False,True,8.43220129749988e-06,COMPLETE
188,0.33924249410629276,2025-04-18 02:47:16.612684,2025-04-18 02:48:08.320642,0 days 00:00:51.707958,0.010048524942435579,0.3884002518449219,2,0.010381890052533229,0.14207028050193937,0.05173206043313675,0.04080192390917446,0.012403629824110245,0.09025546460095052,0.08539914058897458,12,41,0.0669420900313461,0.1631044645397861,True,False,True,7.836273089840833e-06,COMPLETE
189,0.3612103521823883,2025-04-18 02:48:08.381826,2025-04-18 02:48:57.631200,0 days 00:00:49.249374,0.034560127808088786,0.4459631921380348,2,0.006299745083135566,0.13292141058201348,0.06348319539152804,0.03542595557963397,0.016513258493749374,0.08707739555540481,0.06939929650000755,11,38,0.06641054416290489,0.14970153450734058,True,False,True,9.305091905137527e-06,COMPLETE
190,0.46939982175827033,2025-04-18 02:48:57.701437,2025-04-18 02:49:53.039165,0 days 00:00:55.337728,0.037485675357587296,0.3778140839717179,2,0.023382464476575993,0.10859142920563881,0.062927985358074,0.03324277050162212,0.027171443487192692,0.09672360442649978,0.0830605557943304,13,42,0.06501127414685663,0.1658364024973278,True,False,True,6.61492898394631e-06,COMPLETE
191,0.4543957114219666,2025-04-18 02:49:53.100339,2025-04-18 02:50:48.586880,0 days 00:00:55.486541,0.051023174095129714,0.34547141695887174,2,0.025631275959916346,0.11130645395145365,0.057543443315889564,0.032833675485996486,0.026965147995775936,0.0968235773195257,0.0902134743715445,13,43,0.0648077365668804,0.15978564531363285,True,False,True,6.691834269507726e-06,COMPLETE
192,0.44466209411621094,2025-04-18 02:50:48.648620,2025-04-18 02:51:43.428573,0 days 00:00:54.779953,0.048908492853881075,0.3542783696411525,2,0.026971435127130503,0.11515951969432611,0.05962116109739987,0.032882474924273715,0.03041644522159541,0.09746890199379941,0.09865296513179084,13,43,0.06543981318143725,0.17362957713341304,True,False,True,7.117585906282381e-06,COMPLETE
193,0.45484715700149536,2025-04-18 02:51:43.489858,2025-04-18 02:52:35.412214,0 days 00:00:51.922356,0.08171604180202052,0.28313327327997484,2,0.023083655407957177,0.11153781923238401,0.057568627392796945,0.030358461141252766,0.026400250544825487,0.08487695842690693,0.08399314579029125,12,40,0.06754156059188146,0.16754726270371434,True,False,True,5.770993567677931e-06,COMPLETE
194,0.4318912208080292,2025-04-18 02:52:35.473882,2025-04-18 02:53:27.957754,0 days 00:00:52.483872,0.08713984900991358,0.19914262326629037,2,0.020562739579381165,0.10298795487867406,0.06346134896766382,0.030581177199687143,0.027076391449186207,0.08542033121130828,0.07016121357441539,12,39,0.06790748821771513,0.16349485678293743,True,False,True,1.1168445547902077e-05,COMPLETE
195,0.44691419601440435,2025-04-18 02:53:28.019967,2025-04-18 02:54:19.428726,0 days 00:00:51.408759,0.031094245902454205,0.4042044668674276,2,0.033314745324251764,0.12721850947542554,0.05831359210456325,0.037267304507102784,0.009043416093320962,0.09134791840942247,0.044247177071037314,12,40,0.07064734651781411,0.17304703740297467,True,False,True,1.2957452976129689e-05,COMPLETE
196,0.44282382130622866,2025-04-18 02:54:19.491258,2025-04-18 02:55:17.061540,0 days 00:00:57.570282,0.13536089086115247,0.38061722411744836,2,0.04833342801589134,0.10343868137913732,0.06768558353892629,0.03469409345990804,0.024944477415468447,0.0832664591799748,0.06709207702083016,14,36,0.06219531629585067,0.16884665886420314,True,False,True,3.326884028222398e-06,COMPLETE
197,0.425866836309433,2025-04-18 02:55:17.124261,2025-04-18 02:56:08.900767,0 days 00:00:51.776506,0.06773996739650193,0.46722746517091984,2,0.04070934022578359,0.11587904255202065,0.060916485162204034,0.0273685834106872,0.011716976970108137,0.09993259834522786,0.052341024795419716,12,44,0.06843450454382495,0.1521911545038419,True,False,True,4.6287910950354424e-06,COMPLETE
198,0.42702084183692934,2025-04-18 02:56:08.973781,2025-04-18 02:57:06.631764,0 days 00:00:57.657983,0.09099098614096013,0.3116056668491367,2,0.022899168959528777,0.08527518836916441,0.05384706252774704,0.03746919196582552,0.023403378047420983,0.09248842358956763,0.08302606976421685,14,38,0.03155191308898142,0.17698326701276632,True,False,True,1.0258133739458668e-05,COMPLETE
199,0.4838451862335206,2025-04-18 02:57:06.696628,2025-04-18 02:57:27.636957,0 days 00:00:20.940329,0.03289357684330799,0.20678393714596296,16,0.016310081558397298,0.09998569321031832,0.06311653941083772,0.031807782921028135,0.002567488209262012,0.08936982232119517,0.06358010579063386,13,33,0.059508122599603856,0.1812255750663063,True,False,True,5.438759676530212e-06,COMPLETE
200,0.468199223279953,2025-04-18 02:57:27.701952,2025-04-18 02:57:48.289574,0 days 00:00:20.587622,0.031213149274027907,0.3796415682259168,16,0.005462763080305015,0.09172043755081807,0.06338194102092379,0.031031368966040192,0.0025712075888200507,0.08942670265141031,0.045291985561472854,11,42,0.06531241202528174,0.18504694742143443,True,False,True,5.612572173498057e-06,COMPLETE
201,0.3820256531238556,2025-04-18 02:57:48.354160,2025-04-18 02:58:08.436026,0 days 00:00:20.081866,0.03916574813515788,0.24314792284274123,16,0.005798555557490107,0.0916666517082563,0.06269564879843896,0.03168477444867645,0.0010449154324947167,0.09004938597431711,0.04187687582980621,10,41,0.0650981061871479,0.18651237481760208,True,False,True,6.285704873380765e-06,COMPLETE
202,0.2550207734107971,2025-04-18 02:58:08.500979,2025-04-18 02:58:29.341189,0 days 00:00:20.840210,0.023252548154381755,0.10868451244645826,16,0.01284776756771043,0.07276137302734162,0.06450689014552351,0.02900608728688611,0.0022270616613792437,0.08564310891311187,0.07550410332862426,11,45,0.06312016586856052,0.19725924386393806,True,False,True,5.693240952704805e-06,COMPLETE
203,0.401059365272522,2025-04-18 02:58:29.405847,2025-04-18 02:58:49.911530,0 days 00:00:20.505683,0.07151025556807879,0.15328864025338926,16,0.0005096676206028244,0.07951093589649581,0.05718014687081082,0.0309560514369598,0.0034221216601495854,0.09581442239728546,0.0557463880061121,11,36,0.06709835833598848,0.16787118071002763,True,False,True,4.291855710156268e-06,COMPLETE
204,0.4927173495292664,2025-04-18 02:58:49.976398,2025-04-18 02:59:11.552146,0 days 00:00:21.575748,0.05275804164103372,0.20135844784532517,16,0.011485637088175663,0.10024331554481393,0.06050223848774683,0.03424071926909995,0.006716761967072863,0.0931434997662248,0.049274479412234236,13,41,0.0334451805031888,0.17832021111211768,True,False,True,1.4163102330534408e-05,COMPLETE
205,0.44158869981765747,2025-04-18 02:59:11.626798,2025-04-18 02:59:32.723839,0 days 00:00:21.097041,0.052040916178340765,0.20360242116145402,16,0.014857221875624611,0.09949670190398278,0.06096984132095193,0.03364736119780323,0.0063447559095003835,0.09294868508680834,0.03732208774744016,13,33,0.033730265463696577,0.179376933003903,True,False,True,2.1526885373120783e-06,COMPLETE
206,0.4921062111854554,2025-04-18 02:59:32.789744,2025-04-18 02:59:54.298412,0 days 00:00:21.508668,0.015427767001068595,0.1666278322800006,16,0.00953875466826732,0.09962064719165038,0.066921636733357,0.03639473093413213,0.003330065227912522,0.09826932119928478,0.05358414657355783,13,42,0.03733330393829758,0.20261179580267358,True,False,True,1.5205852716377097e-05,COMPLETE
207,0.44535596966743474,2025-04-18 02:59:54.365015,2025-04-18 03:00:15.657477,0 days 00:00:21.292462,0.029276340995492138,0.16326146206396241,16,0.006394265568413653,0.0885741892790315,0.06721280342641993,0.03477152501406691,0.004485439882038648,0.098395859562007,0.04794160733727084,13,42,0.03648744272433113,0.20799882120013355,True,False,True,1.4740999587311448e-05,COMPLETE
208,0.46491643786430364,2025-04-18 03:00:15.723312,2025-04-18 03:00:37.649102,0 days 00:00:21.925790,0.04101214529834053,0.18684889361731075,16,0.008352081731374951,0.09709910206731791,0.06859281583966247,0.02559477686434368,0.008018818032358864,0.08931205364275152,0.04466480620229396,13,45,0.037851528259936505,0.1914557956870976,True,False,True,2.152983392732271e-05,COMPLETE
209,0.18933767676353455,2025-04-18 03:00:37.715452,2025-04-18 03:00:58.343287,0 days 00:00:20.627835,0.05523199390986755,0.16548860843613553,16,0.006973167688111223,0.09787900744984422,0.06876956444874312,0.024526989471164714,0.0024879503124037756,0.0895122049226412,0.04371651249482046,13,45,0.03515639250400903,0.1979601477189691,False,True,True,2.096055731091159e-05,COMPLETE
210,0.3333054006099701,2025-04-18 03:00:58.410082,2025-04-18 03:01:19.687690,0 days 00:00:21.277608,0.014963946949420253,0.23423646791227368,16,0.011164963910130091,0.06106314609796036,0.07288505574766223,0.029098059614739324,0.006464023318263055,0.09783891278066925,0.035107110472056405,12,47,0.037528002326235814,0.1882557224775193,True,False,True,1.2559181852900763e-05,COMPLETE
211,0.4633055984973907,2025-04-18 03:01:19.754874,2025-04-18 03:01:41.266819,0 days 00:00:21.511945,0.03678646158687359,0.13900444803273632,16,0.014372287632165668,0.09363703590366194,0.07128081938971148,0.022161990174094627,0.008253371540551124,0.09147926874754977,0.051438723838434716,13,42,0.03357497228630593,0.18489316446504953,True,False,True,2.2402474906038536e-05,COMPLETE
212,0.3374493002891541,2025-04-18 03:01:41.334643,2025-04-18 03:02:05.876743,0 days 00:00:24.542100,0.010270870308816484,0.11210577132969993,16,0.0035470361740747216,0.09200707558608212,0.0711746774725029,0.022088013581177644,0.007861792380953664,0.09161550269137086,0.05701476701840012,11,110,0.03060817456101666,0.18521697647096347,True,False,True,2.346846692890426e-05,COMPLETE
213,0.22462378740310668,2025-04-18 03:02:05.955192,2025-04-18 03:02:31.331915,0 days 00:00:25.376723,0.03687663578576085,0.13282088678656695,16,0.009546029259208192,0.10424710589899665,0.06555668033425935,0.020073545580604993,0.0038792472541885428,0.08883669657279578,0.0028292167239608954,13,103,0.03336915566759405,0.20252764482247923,True,False,True,1.6507140862918846e-05,COMPLETE
214,0.45548772215843203,2025-04-18 03:02:31.399968,2025-04-18 03:02:52.876785,0 days 00:00:21.476817,0.042977298053877455,0.19115408010568363,16,0.0008455499477970432,0.09958070967872061,0.06333225604894634,0.03199245721045896,0.004833570264511643,0.09126876870769263,0.039863785181034,13,43,0.038453989630398706,0.18334125493853817,True,False,True,8.88904551139267e-06,COMPLETE
215,0.39143636822700506,2025-04-18 03:02:52.946105,2025-04-18 03:03:13.730031,0 days 00:00:20.783926,0.10449010385046809,0.18798668472015384,16,0.01521711833560047,0.09322635838163625,0.07223555483055859,0.025702237633177596,0.007541632834793429,0.0016646798985852015,0.05111300340749357,12,40,0.03519718617553995,0.17908603772377724,True,False,True,1.8895861034387047e-05,COMPLETE
216,0.46386836171150214,2025-04-18 03:03:13.799318,2025-04-18 03:03:35.461070,0 days 00:00:21.661752,0.06744066725146006,0.06266709362603465,16,0.02864827463606723,0.07764808928451931,0.07446145780617378,0.026647703472366613,0.0012609429669591093,0.0931423501181836,0.06346739002986264,13,38,0.031162111991181008,0.194313941595365,True,False,True,1.1132822352633182e-05,COMPLETE
217,0.4658644258975983,2025-04-18 03:03:35.530183,2025-04-18 03:03:56.895716,0 days 00:00:21.365533,0.07086959254116695,0.10670132432576891,16,0.031212891051170772,0.07506760631949375,0.0750311808859701,0.026868711418799356,0.0012741836297171802,0.09294301737048043,0.06447493161985547,13,37,0.032531293667519404,0.20338497486288487,True,False,True,1.3048627934336177e-05,COMPLETE
218,0.4360182821750641,2025-04-18 03:03:56.965220,2025-04-18 03:04:17.821621,0 days 00:00:20.856401,0.07655826656533868,0.0412130117263443,16,0.03254905441464924,0.07919542614213218,0.07604782389455006,0.02338892644849538,0.004774233010355121,0.09308136583846645,0.06662372000175125,12,38,0.027442624485136867,0.19155651845282554,True,False,True,1.1544801833346819e-05,COMPLETE
219,0.421500188112259,2025-04-18 03:04:17.890120,2025-04-18 03:04:39.498255,0 days 00:00:21.608135,0.060356792569859125,0.05521442114407528,16,0.029237635236246413,0.07043942279827459,0.07339986338380047,0.027026831594748606,0.0014199374100827015,0.09643311805590145,0.0654674787721847,13,42,0.031726615643256496,0.20956502368435642,True,False,True,1.4444625407127847e-05,COMPLETE
220,0.4617946028709412,2025-04-18 03:04:39.577926,2025-04-18 03:05:00.893805,0 days 00:00:21.315879,0.03523619649329476,0.07273535633159589,16,0.02205480769659171,0.08650188678889817,0.06871265414079346,0.02578056965492707,0.002420549392375724,0.08685754637116448,0.07426044076375665,13,38,0.03307527228855757,0.2058173741398896,True,False,True,9.810534896599387e-06,COMPLETE
221,0.4795198559761048,2025-04-18 03:05:00.965058,2025-04-18 03:05:22.055250,0 days 00:00:21.090192,0.03574715351189568,0.09431986919210683,16,0.02323495889667656,0.07954695807500389,0.06969841395210769,0.02575155192245189,0.0032826277921606892,0.08709251212256656,0.0731473154781358,13,38,0.03411952358132436,0.20332553292340028,True,False,True,9.649808890214437e-06,COMPLETE
222,0.47979627847671513,2025-04-18 03:05:22.126526,2025-04-18 03:05:43.768321,0 days 00:00:21.641795,0.0334253881829757,0.09814813282688792,16,0.021973447681894426,0.08410920108690773,0.06886348940554551,0.025398153079620095,0.0026301294797943767,0.08678940117755597,0.07491432553114039,13,38,0.029564807972166027,0.20337979175383505,True,False,True,9.746556344533227e-06,COMPLETE
223,0.3717327356338501,2025-04-18 03:05:43.839196,2025-04-18 03:06:05.305187,0 days 00:00:21.465991,0.033881851180204724,0.07339843440405071,16,0.026342448576838134,0.08382379019733444,0.06927550094866199,0.024762575115600448,0.002853396712278914,0.08771457808898764,0.07762999361414762,13,37,0.024334766041853688,0.22284306525188724,True,False,True,8.155981662320314e-06,COMPLETE
224,0.463850212097168,2025-04-18 03:06:05.377602,2025-04-18 03:06:26.216429,0 days 00:00:20.838827,0.011671924446660365,0.08813241800948371,16,0.02118403557521712,0.07756611723041809,0.0683905237924442,0.019984310405961284,0.0012684705544800266,0.08934102266132568,0.06969865622165822,12,39,0.02986080052037687,0.20432124332760335,True,False,True,1.0489254530323598e-05,COMPLETE
225,0.4861249208450318,2025-04-18 03:06:26.288909,2025-04-18 03:06:47.254830,0 days 00:00:20.965921,0.06513960646565109,0.09848355923595788,16,0.01256749744486654,0.07802395542004636,0.0706042356599055,0.019782139971661488,0.0011623198175375682,0.09001997055205023,0.059062118720951386,12,41,0.02928798833003165,0.20106009199742125,True,False,True,1.1006439761949191e-05,COMPLETE
226,0.4392179727554322,2025-04-18 03:06:47.327879,2025-04-18 03:07:08.362302,0 days 00:00:21.034423,0.07020408872678602,0.10065181350747661,16,0.013259080271224043,0.07412339043446636,0.0709628678739102,0.02026844495806123,0.0016786172992951708,0.09009917825861209,0.06262551258506412,12,41,0.029606493896360858,0.20290459964169122,True,False,True,1.0624544125752704e-05,COMPLETE
