number,value,datetime_start,datetime_complete,duration,params_alpha-eval,params_alpha-train,params_batch-size,params_eps-eval,params_eps-train,params_lambda-actions-eval,params_lambda-actions-train,params_lambda-frames-eval,params_lambda-frames-train,params_learning-rate,params_n-epochs,params_n-frames,params_radius-gw,params_rho,params_std-feats,params_ub-actions,params_ub-frames,params_weight-decay,state
683,0.44808608889579776,2025-04-11 09:44:26.627342,2025-04-11 09:44:51.942849,0 days 00:00:25.315507,0.18366184627274687,0.3977256794766864,16,0.1642980772083301,0.040876241300165955,0.07176137827396994,0.018364705208738563,0.09916674959124518,0.0178694796399067,0.03253168489543674,19,36,0.08686905529041243,0.16740544420351644,True,False,False,5.6097428709015846e-05,COMPLETE
684,0.449839723110199,2025-04-11 09:44:52.157989,2025-04-11 09:45:19.116921,0 days 00:00:26.958932,0.22731690384820333,0.18349337927881051,16,0.15961738021299002,0.04390303822163913,0.08775818550778723,0.016803047850050483,0.09434634962189943,0.08350792671541969,0.08432336792692094,21,47,0.07356498923225752,0.15928080236498762,True,False,False,9.212635298645503e-05,COMPLETE
685,0.4631732404232025,2025-04-11 09:45:19.347707,2025-04-11 09:45:46.938534,0 days 00:00:27.590827,0.10693950216810083,0.21422524482721256,16,0.17652112026464992,0.04605559389199995,0.06959503870941684,0.01960336392149172,0.0975265660295515,0.013394785031102372,0.04776410462273363,22,55,0.08363988693040783,0.178337351615024,True,False,False,6.861274512324647e-05,COMPLETE
686,0.42245690822601323,2025-04-11 09:45:47.156748,2025-04-11 09:46:14.161187,0 days 00:00:27.004439,0.1306597571626817,0.2326760079948082,16,0.1695259065405575,0.025757597330156045,0.07355975429754241,0.013266149213328977,0.0970725254788609,0.008926708812028953,0.03844648217605038,22,42,0.08144041833211854,0.18689519034432645,True,False,False,1.5916921869049401e-06,COMPLETE
687,0.465903103351593,2025-04-11 09:46:14.388631,2025-04-11 09:46:40.737802,0 days 00:00:26.349171,0.14691924725418323,0.1973551604346363,16,0.19230639365151048,0.03041031508747723,0.08356827607017149,0.015616682884382633,0.09569297826369014,0.08672967933148996,0.030680659459186216,21,35,0.0856514070884023,0.16322274018469718,True,False,False,5.35745547140986e-05,COMPLETE
688,0.11260513663291932,2025-04-11 09:46:40.968147,2025-04-11 09:47:06.624720,0 days 00:00:25.656573,0.11505583217646974,0.3060318833407397,16,0.23360889719831252,0.21933696200006375,0.07551903749277065,0.011421284119743273,0.07913920733834333,0.08834546222134602,0.09804684468946917,23,59,0.07932126557476224,0.17401570557934162,True,True,False,8.006403609238629e-05,COMPLETE
689,0.4407314777374268,2025-04-11 09:47:06.843932,2025-04-11 09:47:33.850054,0 days 00:00:27.006122,0.18119007310016844,0.17297372068119538,16,0.1495046208070041,0.03875826202318855,0.06863766328260704,0.02074851315629029,0.09973621916823032,0.08357773707717614,0.062420089734848694,23,38,0.08794740121564716,0.15675283424940345,True,False,False,5.001131636626725e-05,COMPLETE
690,0.42004798054695136,2025-04-11 09:47:34.083486,2025-04-11 09:47:58.644691,0 days 00:00:24.561205,0.09481285671850027,0.25119929720411044,16,0.17832289565123832,0.0504161956815481,0.09488034079776496,0.014807587794340122,0.0978102633409492,0.08518569206261296,0.0016741710876970765,16,45,0.08384886819127677,0.1706410223391267,True,False,False,9.7122637072818e-05,COMPLETE
691,0.39442139863967896,2025-04-11 09:47:58.861661,2025-04-11 09:48:24.069038,0 days 00:00:25.207377,0.15850717756943958,0.21301363948523452,16,0.1619909532217806,0.05458456003213002,0.08910454462944271,0.017453200227894112,0.08141825843067284,0.0895526051273601,0.054234580099214585,20,51,0.08545042821411052,0.17995281494624377,False,False,False,6.490546597093842e-05,COMPLETE
692,0.45800836086273194,2025-04-11 09:48:24.299297,2025-04-11 09:48:47.918056,0 days 00:00:23.618759,0.1288978598738133,0.270787031466781,16,0.20355305201319504,0.046947682894786014,0.0703152675220854,0.012425774977920055,0.08296272468458683,0.027967369577027043,0.02905574226267259,15,41,0.08117500872704449,0.16334574255691858,True,False,False,4.4560111654782696e-05,COMPLETE
693,0.45018808841705327,2025-04-11 09:48:48.138604,2025-04-11 09:49:12.503083,0 days 00:00:24.364479,0.2082720764376987,0.1843789008027151,16,0.17064574587683615,0.041019560158815735,0.07235590184397435,0.021969451271687965,0.09581552027968977,0.08760135779151791,0.06639818394565676,16,47,0.07716032973819652,0.18287676285144325,True,False,False,5.9994881093083444e-05,COMPLETE
694,0.460886949300766,2025-04-11 09:49:12.735174,2025-04-11 09:49:36.439951,0 days 00:00:23.704777,0.14105611324737366,0.240658151216441,16,0.18826596513393512,0.054823799465330225,0.0829544712383727,0.018632696253194334,0.0787002560081723,0.01629579726789579,0.0434421638140583,15,44,0.08760005965821603,0.15211394552860769,True,False,False,4.009539715110298e-05,COMPLETE
695,0.49087392091751103,2025-04-11 09:49:36.659940,2025-04-11 09:49:59.363575,0 days 00:00:22.703635,0.11017313021222723,0.16859032746924518,16,0.15537947706145913,0.04810031390328093,0.07500879110693444,0.010228394455754937,0.07775915957052316,0.006062244937968246,0.036306262607066764,13,38,0.08321024949395465,0.17217521345429815,True,False,False,7.927228384647857e-05,COMPLETE
696,0.4776834607124329,2025-04-11 09:49:59.597580,2025-04-11 09:50:24.194157,0 days 00:00:24.596577,0.18288031974107657,0.20071747018443795,16,0.1820973012221424,0.05404579666300748,0.08590862512696841,0.014192222554677806,0.0803575645454447,0.0827347886245956,0.028314860717593305,16,49,0.05153446870665922,0.18635657539537262,True,False,False,5.130129851035803e-05,COMPLETE
697,0.45021851658821105,2025-04-11 09:50:24.428514,2025-04-11 09:50:48.104789,0 days 00:00:23.676275,0.24191048984032332,0.22627794294245665,16,0.17442597011328004,0.037328574514190443,0.07142988261691599,0.01669969401430909,0.08299558437768932,0.046211511618069016,0.07552332173590853,15,41,0.08604971672439163,0.16694644423246902,True,False,False,9.854209734997732e-05,COMPLETE
698,0.46059289574623113,2025-04-11 09:50:48.326261,2025-04-11 09:51:11.177202,0 days 00:00:22.850941,0.08852202338208325,0.19313406820297013,16,0.19722395850869007,0.04687061135546501,0.09136785326387661,0.014496170176281485,0.09951926131546909,0.08557699293815554,0.05222965023714182,14,35,0.0888269351163823,0.17677348568817403,True,False,False,7.354892844274194e-05,COMPLETE
699,0.121845680475235,2025-04-11 09:51:11.412788,2025-04-11 09:51:32.470405,0 days 00:00:21.057617,0.16635919523621945,0.16476082734523506,16,0.16512166333162065,0.1963401980604892,0.07343825610681504,0.019512646485635235,0.0937583737628736,0.0888880041933779,0.0336212152682619,13,45,0.08132368349090108,0.15718850366409295,True,False,True,3.662154864185722e-05,COMPLETE
700,0.4253420948982239,2025-04-11 09:51:32.696319,2025-04-11 09:51:58.427783,0 days 00:00:25.731464,0.12592730868950724,0.903376576869518,16,0.1842024226364749,0.056045122543959984,0.07623418306284137,0.02373837895952751,0.08058368231319607,0.09022339049306426,0.04506876042748884,19,40,0.08416825503421542,0.16603090227013864,True,False,False,5.783223802339909e-05,COMPLETE
701,0.43697408437728885,2025-04-11 09:51:58.661632,2025-04-11 09:52:22.548134,0 days 00:00:23.886502,0.1454188270360886,0.25811537845128374,16,0.16909680261278334,0.060477449837023425,0.06777275323028874,0.01248718145533387,0.08452441003508601,0.08330394341349247,0.039990069729930015,15,43,0.0549852320834862,0.17257371964325646,True,False,False,3.42397560543615e-06,COMPLETE
702,0.4577971935272217,2025-04-11 09:52:22.770229,2025-04-11 09:52:47.774119,0 days 00:00:25.003890,0.1984523215740263,0.2200369856108099,16,0.17611669346335973,0.030141793422111554,0.0707079597973594,0.01660151338328387,0.07748736240115425,0.08728578854996037,0.02660978696649691,16,53,0.0789176262567808,0.17812668503831713,True,False,False,4.457993295083476e-05,COMPLETE
703,0.4642452657222748,2025-04-11 09:52:48.008848,2025-04-11 09:53:53.473594,0 days 00:01:05.464746,0.11363459949179394,0.1787035170573,2,0.19171974710311643,0.04435868977562163,0.07400412939239728,0.010345264933019675,0.08258125671622975,0.08489330862875545,0.06726022635284233,14,37,0.08666875707678989,0.18795960826117486,True,False,False,7.568528152262717e-05,COMPLETE
704,0.45455244779586795,2025-04-11 09:53:53.708715,2025-04-11 09:55:21.685538,0 days 00:01:27.976823,0.1636928631245204,0.7352624722725025,2,0.1605282045760986,0.05105010484537665,0.0875310224921595,0.015505117245656367,0.09126435778667641,0.08998147427163383,0.03316684809574682,21,47,0.0625347986016309,0.16164280583708127,True,False,False,3.339286525880011e-05,COMPLETE
705,0.47678303718566895,2025-04-11 09:55:21.909476,2025-04-11 09:55:47.626133,0 days 00:00:25.716657,0.09719308146044287,0.23960655109354806,16,0.17900972496284184,0.04065065073253872,0.07694829273365228,0.008987310768158624,0.09584770777131245,0.08671015169355947,0.04853191367554322,20,39,0.08246189843508946,0.18172135606032097,True,False,False,9.877049716880693e-05,COMPLETE
706,0.41763959527015687,2025-04-11 09:55:47.862057,2025-04-11 09:56:57.438102,0 days 00:01:09.576045,0.13767156418124005,0.6892813937642676,2,0.16844937451226355,0.06276523130290522,0.08291405389583006,0.020868695929057816,0.08072400170479568,0.05491422696364757,0.08384449972305318,15,50,0.08500810457278125,0.16948438948761016,True,False,False,5.562761847002774e-05,COMPLETE
707,0.09307204186916351,2025-04-11 09:56:57.663860,2025-04-11 09:58:04.902330,0 days 00:01:07.238470,0.21743871275707072,0.20410921627496464,2,0.18695390480877006,0.050469959789460214,0.07200262638545649,0.01761320236368832,0.09985316251055054,0.08264690431648564,0.057480162326142704,18,43,0.08769277106120332,0.15359748855205968,True,True,False,6.82444509751082e-05,COMPLETE
708,0.4729768455028534,2025-04-11 09:58:05.139134,2025-04-11 09:58:29.689287,0 days 00:00:24.550153,0.18010807568348366,0.16559441299038438,16,0.153116025550056,0.056951996424934245,0.06899019471012058,0.013560118967691244,0.08559454453577946,0.08896603074321079,0.024893432694275505,17,34,0.07526892866290542,0.17347664706984167,True,False,False,4.142315568957731e-05,COMPLETE
709,0.48123321533203123,2025-04-11 09:58:29.915378,2025-04-11 09:59:32.296060,0 days 00:01:02.380682,0.11973861060594843,0.2760450646086758,2,0.17378101685544514,0.04524474786805901,0.07433500933897477,0.01178676939511631,0.07828399984167464,0.08562931194158747,0.037712686972945886,13,46,0.08933530854729031,0.18771812047268358,True,False,False,1.1547259150403353e-05,COMPLETE
710,0.25553289651870725,2025-04-11 09:59:32.531807,2025-04-11 10:00:37.772967,0 days 00:01:05.241160,0.08596062455944459,0.22586130484476186,2,0.1946647653864098,0.03347511169288034,0.08544874960315761,0.018544126199090318,0.08264346931145972,0.09042223566587415,0.02818483986608627,14,76,0.08301169171064246,0.1606814689340988,False,False,False,0.00011091946994393259,COMPLETE
711,0.3183151423931122,2025-04-11 10:00:38.009936,2025-04-11 10:02:22.649777,0 days 00:01:44.639841,0.1538761348485027,0.19216178610044723,2,0.16286604688589107,0.056146670471611405,0.07220284954887685,0.015167675156089995,0.07950629109909485,0.087580224583536,0.04252660085964654,25,136,0.08543120077505918,0.1782902449354909,True,False,False,7.145158838549513e-06,COMPLETE
712,0.39113488793373113,2025-04-11 10:02:22.873622,2025-04-11 10:02:46.849976,0 days 00:00:23.976354,0.1072310216742332,0.1210829730337117,16,0.20202093457028644,0.04876402685209538,0.06801769949824144,0.01670696938263025,0.09265748486713668,0.08418082050962729,0.03386800115295791,15,41,0.07967690077119666,0.1669187417590285,True,False,False,8.17270077850886e-05,COMPLETE
713,0.46014894843101506,2025-04-11 10:02:47.089749,2025-04-11 10:03:58.439707,0 days 00:01:11.349958,0.1455790797519071,0.5285024802085285,2,0.18182116841160567,0.03935361567109083,0.08939644265822533,0.02341305931044792,0.08482145711671037,0.09052891982929691,0.06579351146601527,16,38,0.08734917056846998,0.18268255701187766,True,False,False,4.625367553630079e-05,COMPLETE
714,0.4788396835327149,2025-04-11 10:03:58.666995,2025-04-11 10:05:00.984310,0 days 00:01:02.317315,0.13376356423237395,0.15606540796483698,2,0.17109757820429103,0.06322221845061497,0.07004430728578055,0.01341280457710722,0.07634979334279385,0.08245017489524828,0.025990684162703732,13,44,0.08218704400825035,0.17205985128597912,True,False,False,3.272628282083483e-05,COMPLETE
715,0.4626695454120636,2025-04-11 10:05:01.223420,2025-04-11 10:05:24.873954,0 days 00:00:23.650534,0.17149479009396013,0.24290647086540898,16,0.18681048266022718,0.052111868352053295,0.07622954046084117,0.021272762405794822,0.08060917849960306,0.08677195018440201,0.05619211789797787,15,35,0.08943206894853195,0.1502888815877202,True,False,False,6.070619273029505e-05,COMPLETE
716,0.44296714663505554,2025-04-11 10:05:25.100450,2025-04-11 10:06:30.143803,0 days 00:01:05.043353,0.0832943008531397,0.210244708040498,2,0.14694280635816717,0.05989733004963461,0.07310625317982569,0.008482754921635107,0.03143172741537896,0.09147261097487194,0.031078406563216674,14,48,0.08484705381411493,0.1628569185366907,True,False,False,5.173063635527086e-05,COMPLETE
717,0.42236399054527285,2025-04-11 10:06:30.382802,2025-04-11 10:07:46.155459,0 days 00:01:15.772657,0.1063013357264608,0.17682784498700221,2,0.15725492612065858,0.042942071504073635,0.09240555186264975,0.010940174033675545,0.08338174899856647,0.08917482911604437,0.00023535217960763492,17,42,0.07089117415801889,0.17725563669523065,True,False,False,9.141504271188847e-05,COMPLETE
718,0.48327040672302246,2025-04-11 10:07:46.397164,2025-04-11 10:08:09.476169,0 days 00:00:23.079005,0.18915146942766875,0.25585553333050715,16,0.04148599644499609,0.034579267957127735,0.09679381967215629,0.019150518640891994,0.08705087394004399,0.08625179118536873,0.022246620845816113,14,39,0.047491621300838935,0.1888692412378512,True,False,False,6.845405275851745e-05,COMPLETE
719,0.3644909203052521,2025-04-11 10:08:09.703238,2025-04-11 10:09:11.530856,0 days 00:01:01.827618,0.2740203458745005,0.21828798536752847,2,0.1780178928958352,0.04970431356924244,0.07861491524031693,0.015411906743344389,0.08201407007911947,0.0881572422395551,0.04736375963572976,16,45,0.08083457425473937,0.1558919483650113,True,False,True,3.6304659107121966e-05,COMPLETE
720,0.454638683795929,2025-04-11 10:09:11.773653,2025-04-11 10:10:20.360547,0 days 00:01:08.586894,0.1297983516513463,0.19086452091940706,2,0.16590018690978592,0.05683691871730589,0.07536813851284871,0.012404896818282263,0.08944132271455857,0.08498097267615783,0.07582057580665184,15,52,0.08626137992296762,0.16814563246486372,True,False,False,1.585910738298317e-05,COMPLETE
721,0.4432075202465057,2025-04-11 10:10:20.588875,2025-04-11 10:11:22.778994,0 days 00:01:02.190119,0.16196818513129174,0.15070891444822365,2,0.20768395363772868,0.04493537163298671,0.07097515536590897,0.0167860467351588,0.09588223277620785,0.09187486379242907,0.03726771231004552,13,49,0.07747553902536128,0.19575371673577535,True,False,False,2.7487692334827834e-05,COMPLETE
722,0.47053325176239014,2025-04-11 10:11:23.018973,2025-04-11 10:11:49.586433,0 days 00:00:26.567460,0.19892734431526024,0.23446266164080856,16,0.1738054795417457,0.06277585286800523,0.08455158138152484,0.014016423227467531,0.07985563764176488,0.0823900273155052,0.04063324049580885,22,35,0.09063642338653874,0.1744145578550262,True,False,False,4.545858284388465e-05,COMPLETE
723,0.3950182378292084,2025-04-11 10:11:49.812202,2025-04-11 10:12:54.736709,0 days 00:01:04.924507,0.07864261521778387,0.12307372621573351,2,0.19264086119865478,0.05406625599723986,0.07394530436263204,0.019128487747663264,0.0770960323065525,0.08442134468840473,0.027394084323014142,14,41,0.08353544646285169,0.18496325465936797,True,False,False,0.00010387790644005429,COMPLETE
724,0.43310806751251224,2025-04-11 10:12:54.977824,2025-04-11 10:14:09.419480,0 days 00:01:14.441656,0.11639355052404446,0.1988056152432456,2,0.18479863475857333,0.025140496885604848,0.08222353321169296,0.017582670259794226,0.08418784943664885,0.08858423216124661,0.05545524239730665,17,46,0.08755692253655963,0.16229238944734364,True,False,False,5.8319328137422726e-05,COMPLETE
725,0.45992706418037416,2025-04-11 10:14:09.661801,2025-04-11 10:14:33.285787,0 days 00:00:23.623986,0.14592581232388022,0.21941104278886397,16,0.16663352638570203,0.038708074817396784,0.06943916962859671,0.01078503492549174,0.0816689936056589,0.09272969105637242,0.0926589086981981,15,37,0.08565935334874299,0.16848103300645126,True,False,False,8.265725331323003e-05,COMPLETE
726,0.09307204186916351,2025-04-11 10:14:33.514944,2025-04-11 10:15:43.183333,0 days 00:01:09.668389,0.22376942856951215,0.28432855189898215,2,0.15996288129414166,0.04911069814371369,0.07225876480714204,0.014798183014277398,0.09329123145931509,0.08575099379191291,0.022181687786482242,19,43,0.0835384104162611,0.1796057660948695,True,True,False,6.823882415483583e-05,COMPLETE
727,0.4725522637367249,2025-04-11 10:15:43.422606,2025-04-11 10:16:46.111195,0 days 00:01:02.688589,0.2557691674520305,0.18077335284643303,2,0.17915757996951306,0.05909182344287792,0.08785506138822795,0.012944696205548337,0.08625734828098577,0.057985724092965304,0.048303858474501964,13,40,0.09266300686348898,0.15857763360000116,True,False,False,3.861640525692385e-05,COMPLETE
728,0.4257464826107025,2025-04-11 10:16:46.339281,2025-04-11 10:17:11.765375,0 days 00:00:25.426094,0.09529714869463633,0.16132414184520377,16,0.19907964780091003,0.01019971250397577,0.0769520014161087,0.008424407258837852,0.07905265029526488,0.090491229895025,0.037241584807169714,18,46,0.07976226043824812,0.1721634741901972,True,False,False,1.3309928706430565e-05,COMPLETE
729,0.44350133538246156,2025-04-11 10:17:12.006157,2025-04-11 10:18:22.344547,0 days 00:01:10.338390,0.17234811356733232,0.2613504561552957,2,0.17206086640892604,0.0437405333142109,0.09935498908195955,0.021312628439115626,0.0882851121219149,0.022844052129034727,0.030375754677635834,16,34,0.0888100913810502,0.15137800566173895,False,False,False,5.128204694652536e-05,COMPLETE
730,0.30289936661720274,2025-04-11 10:18:22.590425,2025-04-11 10:19:32.834406,0 days 00:01:10.243981,0.16059975710742594,0.1362227695451002,2,0.18899115863512994,0.055288466254433205,0.0941914183695689,0.016745183719603124,0.09775384436824332,0.08164929900449494,0.07368528093015073,15,89,0.08718281731111464,0.19486925769114316,True,False,False,2.5337638553851158e-05,COMPLETE
731,0.4881667852401734,2025-04-11 10:19:33.061009,2025-04-11 10:19:56.149052,0 days 00:00:23.088043,0.12632770683757852,0.20650257581780265,16,0.18101670397860303,0.06267325600871106,0.07076767759070701,0.015418913816313688,0.08357623282963068,0.08793843169949224,0.09788204180418161,14,38,0.0827510506763423,0.18937225149507,True,False,False,3.2665836206152654e-05,COMPLETE
732,0.4052240371704102,2025-04-11 10:19:56.392723,2025-04-11 10:21:01.915424,0 days 00:01:05.522701,0.14525828881337438,0.815267906934201,2,0.15392891953067409,0.049002853418503536,0.07453203998271779,0.0245347592536637,0.09115530727230953,0.06265736859231791,0.021562988210071594,14,49,0.081474671735876,0.18167337677211154,True,False,False,7.800076547741558e-05,COMPLETE
733,0.4722486972808838,2025-04-11 10:21:02.145410,2025-04-11 10:22:10.650099,0 days 00:01:08.504689,0.10731477670446689,0.2394934394001617,2,0.016074750280321126,0.03503690017793001,0.06820892564029207,0.019262187145382793,0.08122247398829992,0.01652359501384106,0.03163466811431516,15,55,0.08490758621247464,0.16305561575205144,True,False,False,0.00010514174862016445,COMPLETE
734,0.4266611933708191,2025-04-11 10:22:10.896562,2025-04-11 10:22:35.522601,0 days 00:00:24.626039,0.07488150675306576,0.17569698474403678,16,0.16484380712289698,0.053146617012924516,0.07920981422273157,0.011982239532475167,0.07612973071217352,0.01224642250711764,0.062130442391416456,16,43,0.09551197529940782,0.17228108928552224,True,False,False,6.040774808805907e-05,COMPLETE
735,0.33743617534637455,2025-04-11 10:22:35.769917,2025-04-11 10:24:02.846319,0 days 00:01:27.076402,0.1279142027722859,0.11682226790857614,2,0.17454157027967493,0.042347706127680476,0.08552938027613712,0.014149985367984959,0.07872868951146786,0.09193918969391658,0.04196830108270994,21,41,0.08882350959335819,0.17667443765930826,True,False,False,4.622556543336491e-05,COMPLETE
736,0.4749484658241272,2025-04-11 10:24:03.078022,2025-04-11 10:25:06.441394,0 days 00:01:03.363372,0.18193640519528162,0.2187134009645077,2,0.16942158406242971,0.06366645281550092,0.07231855983512656,0.0175012471599513,0.08499661124024223,0.08451616030410396,0.025289879320117593,13,45,0.09074643147389241,0.16630349563839322,True,False,False,8.663955987340944e-06,COMPLETE
737,0.47369636297225953,2025-04-11 10:25:06.688865,2025-04-11 10:26:11.325471,0 days 00:01:04.636606,0.20608704781685175,0.14948773085996306,2,0.1838255347510594,0.04645121264601904,0.07590794723551453,0.01026875568469794,0.09544037061219708,0.08962749777430859,0.0031228977307121253,17,37,0.07876626936634737,0.1568624590328714,True,False,True,2.1276592196496564e-05,COMPLETE
738,0.42841493487358095,2025-04-11 10:26:11.556530,2025-04-11 10:26:31.232495,0 days 00:00:19.675965,0.09699842953983619,0.19170460211997029,16,0.15765936538559372,0.05788825952881549,0.08227343793897418,0.020956149425927086,0.08216033322612541,0.08693985739068777,0.04968851875912464,6,51,0.076328288727224,0.20668041062358794,True,False,False,4.077206064374661e-05,COMPLETE
739,0.44430977106094366,2025-04-11 10:26:31.475770,2025-04-11 10:27:37.194514,0 days 00:01:05.718744,0.1415087198878367,0.2485570557203592,2,0.1909767337982461,0.0512069151832228,0.06770846864586065,0.01576330132709565,0.09755253007037219,0.04971489659833636,0.00016144029750288943,14,43,0.08477780591363675,0.20055386952454987,True,False,False,1.585606342399213e-05,COMPLETE
