number,value,datetime_start,datetime_complete,duration,params_alpha-eval,params_alpha-train,params_batch-size,params_eps-eval,params_eps-train,params_lambda-actions-eval,params_lambda-actions-train,params_lambda-frames-eval,params_lambda-frames-train,params_learning-rate,params_n-epochs,params_n-frames,params_radius-gw,params_rho,params_std-feats,params_ub-actions,params_ub-frames,params_weight-decay,state
1706,0.44825199842453006,2025-04-12 10:08:23.971644,2025-04-12 10:09:57.039386,0 days 00:01:33.067742,0.12932789902709815,0.11893919116873679,2,0.17891968736634475,0.039401564222335164,0.07977838992864034,0.07306028424176285,0.0824708189981821,0.03421276678691947,0.06365627953475024,23,34,0.07958745771175249,0.21942400700053036,True,False,False,3.906642055330113e-05,COMPLETE
1707,0.3440725088119507,2025-04-12 10:09:57.591844,2025-04-12 10:11:37.386238,0 days 00:01:39.794394,0.06913521267883674,0.23760879102063653,2,0.17313447410980548,0.04493334792047019,0.08419689179249963,0.012366279009204804,0.08840816190569194,0.0405121555313402,0.017513848651042038,24,97,0.08619211994241117,0.18171131451222247,True,False,False,1.776058913487755e-05,COMPLETE
1708,0.2717887282371521,2025-04-12 10:11:37.964657,2025-04-12 10:13:05.728157,0 days 00:01:27.763500,0.7362770480437972,0.17119234654937093,2,0.15625664207959272,0.05195367850738574,0.07540040670148535,0.007799614495915919,0.07275092188249799,0.03815630343139867,0.022302990022267693,25,41,0.046862436885298654,0.19811929193967018,True,False,True,2.5712267152588148e-05,COMPLETE
1709,0.40363602638244633,2025-04-12 10:13:06.289533,2025-04-12 10:15:01.554784,0 days 00:01:55.265251,0.11167404456452258,0.08574725712289682,2,0.18921778526448357,0.03407382328636311,0.08165115241379436,0.016707067523333494,0.09075188593734684,0.03373355120133596,0.029545488447758315,30,25,0.08316969868169774,0.1915966503276251,True,False,False,1.4729606078189888e-05,COMPLETE
1710,0.40590485930442816,2025-04-12 10:15:02.135719,2025-04-12 10:16:55.926882,0 days 00:01:53.791163,0.09020057811331642,0.2084990509008511,2,0.16577432882924256,0.18040807827872865,0.04568772922331173,0.010938849932607127,0.08451462987380069,0.03027276961815224,0.0393450065694233,29,38,0.09234631154062131,0.22886251211298633,True,False,False,2.2131030404040012e-05,COMPLETE
1711,0.46317834258079527,2025-04-12 10:16:56.484411,2025-04-12 10:18:29.846448,0 days 00:01:33.362037,0.15732660084175962,0.14679127871725878,2,0.18348143455519067,0.054573032121935955,0.08840287604071702,0.019678150813353543,0.08019647241046761,0.012558270150322527,0.05015130376594808,23,32,0.08509898224075467,0.17882550251098772,True,False,False,3.159139264077662e-05,COMPLETE
1712,0.436359977722168,2025-04-12 10:18:30.420454,2025-04-12 10:20:07.271311,0 days 00:01:36.850857,0.06021533431537148,0.3851376164276509,2,0.10295402085597452,0.0408268934936594,0.0788784781943629,0.014103825500504583,0.03591848220351943,0.035203040510442,0.01624870929495568,24,42,0.08795137071474628,0.18630392341512256,True,False,False,1.279244372572188e-05,COMPLETE
1713,0.4683626770973206,2025-04-12 10:20:07.832541,2025-04-12 10:21:44.407235,0 days 00:01:36.574694,0.12738758632119287,0.2643613766227422,2,0.17078235753783996,0.04684615989278861,0.07701340003003795,0.006191982039923143,0.07538527730418293,0.04812511609631523,0.02610405067870342,24,37,0.09029756039642878,0.2078354070506209,True,False,False,1.9211872682026364e-05,COMPLETE
1714,0.44321180582046515,2025-04-12 10:21:44.985627,2025-04-12 10:23:26.447053,0 days 00:01:41.461426,0.04366737686555011,0.19226043210869917,2,0.13306599611459635,0.05237378267072751,0.025111862806502714,0.017930672870130122,0.078313541810295,0.00645232086659449,0.03298841196737559,25,28,0.08226768819365972,0.19795976217985892,True,False,False,2.8503265339428568e-05,COMPLETE
1715,0.4774417042732239,2025-04-12 10:23:27.006497,2025-04-12 10:25:17.251762,0 days 00:01:50.245265,0.092561951531071,0.12679508030893027,2,0.1506780736458946,0.036737281224401286,0.0740696408822736,0.0033239481603428776,0.052508678032116285,0.05964276528906626,0.021959548853150667,28,35,0.08670603334556422,0.2523292562840386,True,False,False,3.915723796702572e-05,COMPLETE
1716,0.4319757163524628,2025-04-12 10:25:17.831601,2025-04-12 10:25:54.096316,0 days 00:00:36.264715,0.1852359394280618,0.16933609811236525,8,0.17757569549965319,0.04343314874102706,0.08617232322595618,0.009393750144203895,0.07420740840872463,0.002683344838623619,0.01422836832995655,23,40,0.08857735812277566,0.21282371739313166,True,False,False,8.579282476152958e-06,COMPLETE
1717,0.4749299168586731,2025-04-12 10:25:54.655589,2025-04-12 10:27:25.844822,0 days 00:01:31.189233,0.1097232698368403,0.10572152854328337,2,0.16129995793926366,0.05743097248709665,0.0834010092622867,0.021240984822630066,0.08262678861407696,0.0010638811669228991,0.019284912085475763,22,33,0.09358496333617072,0.1854158912890016,True,False,False,1.6475089710210124e-05,COMPLETE
1718,0.09307204186916351,2025-04-12 10:27:26.395164,2025-04-12 10:28:57.332927,0 days 00:01:30.937763,0.14701953811090812,0.611256144573847,2,0.09018760679811483,0.04942174869903278,0.08010202531546413,0.015556522237398965,0.0765285902822238,0.037113741403753786,0.04320312847086564,27,42,0.08402679008467381,0.194859820510385,True,True,False,2.4485537934714314e-05,COMPLETE
1719,0.4716239094734192,2025-04-12 10:28:57.928069,2025-04-12 10:30:33.010714,0 days 00:01:35.082645,0.027391208072418953,0.15459423012431966,2,0.2200818319362962,0.031158957764425052,0.07656528649588876,0.01224593572551098,0.08735913333492654,0.03218852472825509,0.03380985964159921,23,38,0.09091798754322221,0.17971484620048953,True,False,False,4.0642104151738044e-05,COMPLETE
1720,0.4899589776992798,2025-04-12 10:30:33.573787,2025-04-12 10:32:10.540463,0 days 00:01:36.966676,0.06519533312545138,0.2141549030092703,2,0.18085137245174387,0.04490060715147641,0.07403946036495408,0.0062062141595792195,0.08077965781420339,0.03941912065338003,0.026900945000085327,24,35,0.09551308578450556,0.18937559425439263,True,False,False,2.0849193787303465e-05,COMPLETE
1721,0.42164741754531865,2025-04-12 10:32:11.123633,2025-04-12 10:33:12.809400,0 days 00:01:01.685767,0.133298330943573,0.24468717337340798,2,0.14269776177283555,0.03972813368131913,0.08516517097851543,0.02389765071038364,0.0852129782618341,0.016352273283465342,0.011780061565215487,13,42,0.07927617912469413,0.21928459140015935,False,False,False,3.174494718248934e-05,COMPLETE
1722,0.43126940727233887,2025-04-12 10:33:13.372011,2025-04-12 10:34:54.765599,0 days 00:01:41.393588,0.08651132805811769,0.29837027252336745,2,0.12245087502857258,0.05485005589065674,0.08163003444223375,0.00755994270165889,0.07117861741403511,0.09361650679389515,0.04898337945141457,25,30,0.0856837507861242,0.2043278446068228,True,False,False,1.2135704483391048e-05,COMPLETE
1723,0.38487276434898376,2025-04-12 10:34:55.345603,2025-04-12 10:36:31.050102,0 days 00:01:35.704499,0.1681872205910429,0.18759059665165773,2,0.1137266707756951,0.026850088314176363,0.07886505212274178,0.009959399350377715,0.07934295155012422,0.05209986065028179,0.061648274641351884,23,65,0.08964485211165457,0.1770959563194168,True,False,False,1.7032880613184087e-05,COMPLETE
1724,0.4640318870544434,2025-04-12 10:36:31.611853,2025-04-12 10:38:08.370166,0 days 00:01:36.758313,0.10595157364261787,0.1493372891409866,2,0.08306993145755519,0.05845719986600763,0.07475072638679921,0.017588004849058092,0.0763031382821188,0.041979125895850254,0.01800461650397006,24,38,0.08728314619307365,0.22353870725519134,True,False,False,2.520258683148181e-05,COMPLETE
1725,0.46095440387725833,2025-04-12 10:38:08.950840,2025-04-12 10:39:49.611690,0 days 00:01:40.660850,0.07714263890565079,0.13200566532270172,2,0.16829317635333949,0.04900686201754291,0.08721061160875122,0.014291110533647929,0.08346429377992007,0.024735724260166184,0.03701389118284127,25,32,0.051609314645367985,0.194483202343218,True,False,False,3.24993874934995e-05,COMPLETE
1726,0.5080054759979249,2025-04-12 10:39:50.173135,2025-04-12 10:41:36.735606,0 days 00:01:46.562471,0.5415985441506269,0.17053018450022667,2,0.1577343458428817,0.03517998784380628,0.07689210600536205,0.01995077738395372,0.07367034419077848,0.028433044317546438,0.023253431529063697,27,35,0.08214684553273867,0.18569878535869638,True,False,False,1.0459832164083733e-05,COMPLETE
1727,0.29773359298706054,2025-04-12 10:41:37.324520,2025-04-12 10:42:55.505831,0 days 00:01:18.181311,0.15239126705399442,0.20168991406894965,2,0.15987451618224355,0.01542893008306984,0.07752274443426047,0.021721887512146782,0.07017855200896367,0.026762480475144103,0.028743365415516402,22,28,0.08005161140719205,0.191504930551935,True,False,True,6.962122032267404e-06,COMPLETE
1728,0.4354201197624207,2025-04-12 10:42:56.068122,2025-04-12 10:44:44.494267,0 days 00:01:48.426145,0.58822991882669,0.23056472575800202,2,0.1645139540968778,0.029197981903183023,0.07704150610639984,0.022479176772122047,0.07323272371592998,0.030330876904748772,0.02546269746071543,28,25,0.07847605565013652,0.19866484948205004,True,False,False,7.287003034547874e-06,COMPLETE
1729,0.4971325516700745,2025-04-12 10:44:45.056513,2025-04-12 10:46:18.795681,0 days 00:01:33.739168,0.18846111488918516,0.19242824130689917,2,0.15851592930304054,0.027231632926196334,0.0786585726873853,0.0200375725296515,0.06956356455495342,0.02870558393141865,0.030965935389961355,23,31,0.07828794044731163,0.19059824938047643,True,False,False,9.496629143344915e-06,COMPLETE
1730,0.4927419304847718,2025-04-12 10:46:19.380814,2025-04-12 10:48:01.894145,0 days 00:01:42.513331,0.5578582764379542,0.21795387206045702,2,0.16644495325619313,0.01948693360154017,0.07559425940068557,0.020126372634084812,0.08899655108052901,0.02924781321349482,0.025282460172587645,26,34,0.08064114689588375,0.1975967332644871,True,False,False,8.078590096452716e-06,COMPLETE
1731,0.4917611479759217,2025-04-12 10:48:02.459797,2025-04-12 10:49:40.031570,0 days 00:01:37.571773,0.5201539392763546,0.1837098165518423,2,0.17242418935866846,0.022046940507981568,0.07678168828591754,0.025260908127934873,0.06855965469983313,0.02974798726428801,0.03477386278819985,24,27,0.08153620096488008,0.18601156173323782,True,False,False,5.0308119886911535e-06,COMPLETE
1732,0.487425696849823,2025-04-12 10:49:40.613603,2025-04-12 10:51:10.624462,0 days 00:01:30.010859,0.13962770538892053,0.20699822738136592,2,0.1601178607036393,0.03231545163509443,0.0789625254790076,0.022749339278262205,0.09134888846113441,0.03217454428552261,0.029643298311708467,22,32,0.07812466605253637,0.1924739909959911,True,False,False,6.325915287035733e-06,COMPLETE
1733,0.47975302934646613,2025-04-12 10:51:11.182792,2025-04-12 10:53:03.245454,0 days 00:01:52.062662,0.5406257059626742,0.17299661501831148,2,0.16604952271474976,0.026387831081156714,0.07490126515549983,0.01980625141942217,0.03840912453309475,0.029505675183561543,0.023575247239562745,29,35,0.08285331297965386,0.18596312632562334,True,False,False,8.189507148667732e-06,COMPLETE
1734,0.4408474266529084,2025-04-12 10:53:03.829110,2025-04-12 10:54:30.402301,0 days 00:01:26.573191,0.5464883677444342,0.26452009060446224,2,0.1715901410955357,0.0322866833251326,0.07662810262140304,0.02108645204085251,0.07253362139351766,0.023264990498877328,0.039202994038124044,21,29,0.09186254090444877,0.19720065125499392,True,False,False,9.373566587191039e-08,COMPLETE
1735,0.43382567763328556,2025-04-12 10:54:30.966832,2025-04-12 10:56:11.431941,0 days 00:01:40.465109,0.5144174288681309,0.24061231138586175,2,0.1768145261363434,0.021879973679277614,0.07374461594944706,0.018865871615468738,0.08642648845120977,0.027040182073380103,0.02896825186560902,25,35,0.0818331552457562,0.18806834965608563,True,False,False,9.373455848172506e-06,COMPLETE
1736,0.4646298348903656,2025-04-12 10:56:12.014938,2025-04-12 10:57:14.551934,0 days 00:01:02.536996,0.5341383932811438,0.1723716185450057,2,0.15874120385638152,0.035949505872299274,0.07874508349988449,0.01793164962582787,0.08180276159378295,0.025199448789862196,0.022626626299668863,13,39,0.07690893521168786,0.20382746782287983,True,False,False,9.673931270242478e-06,COMPLETE
1737,0.09396475702524185,2025-04-12 10:57:15.114617,2025-04-12 10:57:47.401949,0 days 00:00:32.287332,0.5610497581396336,0.22153113084993414,8,0.1905028861613744,0.03542229254554619,0.08027357733125083,0.023757702748422618,0.06623803213640775,0.0278214718253683,0.04443765264444225,24,31,0.0977241993711938,0.04710540484016326,True,True,False,5.936416225617243e-07,COMPLETE
1738,0.37380399107933043,2025-04-12 10:57:47.982021,2025-04-12 10:59:25.704780,0 days 00:01:37.722759,0.5446777157361626,0.19946004029141243,2,0.16601025520214682,0.03547543207350741,0.07578283989574727,0.019525184953448613,0.08475292430223642,0.02714265309681585,0.03392702752145884,23,106,0.09386696442218478,0.19224698709437366,True,False,False,1.0853935998088443e-05,COMPLETE
1739,0.4562778234481812,2025-04-12 10:59:26.267363,2025-04-12 11:01:12.445606,0 days 00:01:46.178243,0.16115092616807541,0.18181905619008037,2,0.15686300890649124,0.014072289837614691,0.07339707392430923,0.01850160848041174,0.07161697153562348,0.025840822469500736,0.02209167737280391,27,43,0.06274483304287384,0.1387061808682539,True,False,False,9.735389683385331e-06,COMPLETE
1740,0.4365443050861359,2025-04-12 11:01:13.027312,2025-04-12 11:02:48.744772,0 days 00:01:35.717460,0.4821340902788882,0.21510026927201864,2,0.17225630403853015,0.027393430557976432,0.08089188310513674,0.02191822258864009,0.07865111373056581,0.027995209587809627,0.002137813516475215,24,34,0.09226291640141013,0.2023663026608658,False,False,False,1.3041093023003538e-05,COMPLETE
1741,0.4176617980003357,2025-04-12 11:02:49.313186,2025-04-12 11:04:29.233856,0 days 00:01:39.920670,0.5723264812573481,0.7046425651749977,2,0.18464153317225382,0.03946311075323329,0.07734497280557824,0.02562020610890581,0.07369817577463755,0.02976120360447693,0.026897252047571596,25,40,0.08974464487407612,0.21016237197163212,True,False,False,5.913410175453266e-06,COMPLETE
1742,0.4993929505348206,2025-04-12 11:04:29.818367,2025-04-12 11:06:11.697908,0 days 00:01:41.879541,0.5082970823000703,0.1659651852758211,2,0.1622472128486823,0.032662427043014336,0.07506398391906005,0.021287841322399286,0.08065740407917911,0.03006561577534115,0.038818098628096244,26,37,0.05903364726661674,0.1844560024643808,True,False,False,1.2464565412419402e-05,COMPLETE
1743,0.4040289342403412,2025-04-12 11:06:12.264219,2025-04-12 11:07:45.844402,0 days 00:01:33.580183,0.5873760194951344,0.24562580909758958,2,0.16925951006833018,0.04124858896367529,0.0731101460234447,0.017088117541106687,0.0878354017225531,0.03262239918942703,0.0549908527852341,23,22,0.08067433935933169,0.19398887851884708,True,False,False,7.708121582215614e-06,COMPLETE
1744,0.09307204186916351,2025-04-12 11:07:46.436108,2025-04-12 11:09:16.061243,0 days 00:01:29.625135,0.5585347607342742,0.19500487247592216,2,0.17645343927778365,0.007201413284252049,0.07988365723158233,0.01935028549076955,0.08354249462201473,0.03166826962396998,0.03162683135728082,22,29,0.08378176506083693,0.18647510105514364,True,False,False,1.0911597471046166e-05,COMPLETE
1745,0.46630603075027466,2025-04-12 11:09:16.628856,2025-04-12 11:11:05.644225,0 days 00:01:49.015369,0.5418374596215348,0.13959258804543315,2,0.18057034152969192,0.038022887425868346,0.07779289242406352,0.016360328202535093,0.0765038091267464,0.024943371755703245,0.023308868896959142,28,33,0.08878211130408069,0.19976007605876456,True,False,False,1.1254667822702889e-05,COMPLETE
1746,0.2574920356273651,2025-04-12 11:11:06.233747,2025-04-12 11:12:06.010548,0 days 00:00:59.776801,0.5721589649075621,0.22536630715404932,2,0.1542352239929066,0.019798364626089027,0.07631682150332716,0.024487360258489157,0.07820330868462597,0.03163302882603382,0.04492336640095496,14,138,0.08584588640896054,0.18173313421320256,True,False,True,1.332531203376685e-05,COMPLETE
1747,0.32075434923171997,2025-04-12 11:12:06.581609,2025-04-12 11:13:10.344979,0 days 00:01:03.763370,0.12237233284165236,0.16340364359298523,2,0.19082909157131966,0.061924293115760004,0.07406347614289517,0.0228596396802422,0.08168983444550135,0.023349587892408312,0.027535647193258378,13,11,0.0826835171060463,0.1901982515813506,True,False,False,8.203941872805214e-06,COMPLETE
1748,0.44393182396888736,2025-04-12 11:13:10.937095,2025-04-12 11:14:51.471452,0 days 00:01:40.534357,0.5406162338563513,0.2785651772520676,2,0.06495609823779963,0.029080946332313493,0.08215475117448363,0.021077429481619257,0.0678919037038185,0.028747476762305473,0.00434905697997211,25,44,0.09484542878549415,0.24270076418364664,True,False,False,1.1222930277308969e-05,COMPLETE
1749,0.47421408891677863,2025-04-12 11:14:52.043015,2025-04-12 11:16:37.605227,0 days 00:01:45.562212,0.5042829062334698,0.19693454074777647,2,0.16389136492209724,0.04494907684224276,0.07889124762223536,0.01705593961463323,0.09109445955357323,0.03159884265885842,0.03652661405096691,27,36,0.09089950481277258,0.2151951933496613,True,False,False,4.710538083346707e-06,COMPLETE
1750,0.4344139397144318,2025-04-12 11:16:38.195719,2025-04-12 11:18:16.989911,0 days 00:01:38.794192,0.5409754815840043,0.18111294871054137,2,0.1731007942931745,0.05167683367365384,0.07303280157834488,0.05467565599284,0.08528161426023385,0.030899096975451103,0.020243205356973305,24,86,0.04519277185550305,0.23276222439543215,True,False,False,1.2417860678719763e-05,COMPLETE
1751,0.4763290524482727,2025-04-12 11:18:17.556418,2025-04-12 11:19:50.972576,0 days 00:01:33.416158,0.5134165692559298,0.15236403919828398,2,0.1832776185757747,0.038635508882521444,0.056162061026998,0.020128836624439362,0.0738199375750603,0.03153958439808961,0.032138117197331374,23,40,0.0886222807002931,0.2875141418653924,True,False,False,1.0132761968081478e-05,COMPLETE
1752,0.4259677946567536,2025-04-12 11:19:51.541216,2025-04-12 11:21:27.883680,0 days 00:01:36.342464,0.6222226114231475,0.6583211306121057,2,0.16878229037069797,0.024035638674285056,0.08177180152065633,0.018002845478539732,0.07532684195734954,0.027024450818445827,0.06745365749686327,24,31,0.084972471519748,0.20648627594507507,True,False,False,6.750070424816002e-06,COMPLETE
1753,0.47676347494125365,2025-04-12 11:21:28.471989,2025-04-12 11:23:02.326153,0 days 00:01:33.854164,0.5507142868746145,0.0711468020042254,2,0.1879914323243187,0.06454332788735787,0.07561239320032367,0.01596018223570754,0.08915990389534827,0.02208482540896627,0.025565725398000644,23,38,0.09256344168562981,0.18365985709690752,True,False,False,1.4432579318995385e-05,COMPLETE
1754,0.4243153095245361,2025-04-12 11:23:02.895582,2025-04-12 11:24:51.035999,0 days 00:01:48.140417,0.19750589145592531,0.105448567396289,2,0.15740536930202872,0.04595755842905392,0.07208467764394443,0.018844243633852543,0.079665397878095,0.0319594746846883,0.05209029902050701,27,42,0.0871944237819044,0.1963762946438106,True,False,False,1.4837396279496763e-05,COMPLETE
1755,0.09307204186916351,2025-04-12 11:24:51.626512,2025-04-12 11:26:20.843787,0 days 00:01:29.217275,0.5233145538841479,0.2156962632983716,2,0.17761644060342133,0.0566064169639572,0.0800160320327417,0.02734543126088115,0.07197929882284435,0.033954933585242965,0.02179440264612893,26,35,0.07924850014671286,0.1905672603295098,True,True,False,1.4968467220146308e-05,COMPLETE
1756,0.48981420993804936,2025-04-12 11:26:21.454803,2025-04-12 11:27:27.575943,0 days 00:01:06.121140,0.13821219188129139,0.24082346858369347,2,0.1744582921019916,0.0393716172843665,0.07772138339856995,0.02328082366809826,0.0831597392259212,0.029500604949217354,0.03603966684179958,14,40,0.08154927663364343,0.1831288620260554,True,False,False,7.859971670152564e-06,COMPLETE
1757,0.09307204186916351,2025-04-12 11:27:28.156111,2025-04-12 11:28:04.983504,0 days 00:00:36.827393,0.524535265984253,0.17312747777730042,8,0.16383503692776832,0.00013435471193196102,0.07541197921737369,0.021185792128243147,0.07773901835922932,0.028790207247843057,0.042022888700066235,25,32,0.09060622187182757,0.20185345415946573,True,False,False,9.661637338212767e-06,COMPLETE
1758,0.3606770634651184,2025-04-12 11:28:05.554773,2025-04-12 11:29:30.609880,0 days 00:01:25.055107,0.5586903229693079,0.13140194278458805,2,0.18839614647762984,0.05086883824692943,0.07143592834958927,0.018133315345593693,0.08611971042107529,0.033114945864516,0.029177404812293136,20,44,0.08714012381959564,0.22503108512598666,False,False,False,1.641738308581935e-05,COMPLETE
1759,0.43799237608909614,2025-04-12 11:29:31.201498,2025-04-12 11:31:01.535953,0 days 00:01:30.334455,0.521534055857079,0.20350394266470154,2,0.15433039192159603,0.033179908900260804,0.0828690308059388,0.016414058279510715,0.0814598419432298,0.03331927380191115,0.021018824021686734,22,27,0.06628847308076288,0.18735404073980322,True,False,False,1.1871883555421183e-05,COMPLETE
1760,0.45481003522872926,2025-04-12 11:31:02.107287,2025-04-12 11:32:53.466429,0 days 00:01:51.359142,0.4941836333327852,0.2575064528663853,2,0.16450446226965693,0.06884380399481665,0.07793880993398292,0.01949839164994268,0.0754215670788413,0.06119974878832728,0.02650766162032819,28,37,0.08469452493832001,0.1935362611524353,True,False,False,1.3836532133378595e-05,COMPLETE
1761,0.45902333855628974,2025-04-12 11:32:54.063618,2025-04-12 11:34:33.364462,0 days 00:01:39.300844,0.47902369947511836,0.15607651114562954,2,0.21435323082091953,0.05881880971045873,0.07449363948157388,0.01533868550360294,0.04261503834096142,0.0309676627923491,0.04843280686462408,24,57,0.09552880294535276,0.2101187796012656,True,False,False,1.7588369325705708e-05,COMPLETE
1762,0.49667167663574224,2025-04-12 11:34:33.941403,2025-04-12 11:36:08.056086,0 days 00:01:34.114683,0.5305070918496776,0.18754345327669558,2,0.1806831618117734,0.04366994355239733,0.06406442082572777,0.02432195710890856,0.07991504765014563,0.02098260522103585,0.03316604030027569,23,35,0.08312518455363695,0.14452003833082888,True,False,False,1.426559991311986e-05,COMPLETE
