number,value,datetime_start,datetime_complete,duration,params_alpha-eval,params_alpha-train,params_batch-size,params_eps-eval,params_eps-train,params_lambda-actions-eval,params_lambda-actions-train,params_lambda-frames-eval,params_lambda-frames-train,params_learning-rate,params_n-epochs,params_n-frames,params_radius-gw,params_rho,params_std-feats,params_ub-actions,params_ub-frames,params_weight-decay,state
1135,0.42742599844932555,2025-04-18 15:39:52.891745,2025-04-18 15:40:16.599133,0 days 00:00:23.707388,0.012101524009072162,0.021497130376313803,8,0.00015352844510807973,0.10210557788314704,0.06125238796706622,0.02648962763562246,0.008165048155376619,0.040146131603278644,0.04315416145639646,10,35,0.029972527243821972,0.13656465052170472,True,False,True,6.249144265911156e-05,COMPLETE
1136,0.3688210427761078,2025-04-18 15:40:16.962682,2025-04-18 15:40:42.374975,0 days 00:00:25.412293,0.45571325898359233,0.21047593741048076,16,0.012454621282742061,0.10913058583534402,0.06574935904349512,0.040332461603864035,0.012282953675041338,0.0942309994542859,0.020867920063529815,25,26,0.04228400952719214,0.1413504087895968,True,False,True,1.885904760073863e-05,COMPLETE
1137,0.4268225014209748,2025-04-18 15:40:42.738043,2025-04-18 15:41:04.663863,0 days 00:00:21.925820,0.010520309815847041,0.27130999979421827,16,0.02045430107347342,0.1117472004237958,0.06982358735460394,0.0344395315717153,0.006015865374163624,0.002987603417786193,0.06957031207699933,13,45,0.026380671323081556,0.15236723763882398,True,False,True,2.5803187993890837e-05,COMPLETE
1138,0.3766297101974488,2025-04-18 15:41:05.030658,2025-04-18 15:41:26.134679,0 days 00:00:21.104021,0.5026569708275047,0.23587035539595846,16,0.02772652274566371,0.08583118376153001,0.06411868742397257,0.036892271276955504,0.04097972255020578,0.0776764789734933,0.03425797011857254,12,41,0.04686366621508349,0.147745596732175,True,False,True,8.433706476465718e-06,COMPLETE
1139,0.4661300599575043,2025-04-18 15:41:26.503846,2025-04-18 15:41:47.718192,0 days 00:00:21.214346,0.031875417857349334,0.08986230916560334,16,0.014495701091543658,0.06340701126477437,0.06286847421275647,0.01544144643606845,0.010224270612190379,0.09042467241664845,0.02593738218492384,14,30,0.035554865679132505,0.15876296931348988,True,False,True,1.1450761428266266e-05,COMPLETE
1140,0.39260163307189944,2025-04-18 15:41:48.081495,2025-04-18 15:42:09.856360,0 days 00:00:21.774865,0.09923096101695811,0.21231381545849784,16,0.01045712563927138,0.07897432581703898,0.05989242092371271,0.02120171200307695,0.015822928064347,0.09797848598165045,2.3908124746298885e-05,11,34,0.03880864825651538,0.16557456022088396,True,False,False,3.5216494578569786e-05,COMPLETE
1141,0.5354324460029602,2025-04-18 15:42:10.222050,2025-04-18 15:42:31.867626,0 days 00:00:21.645576,0.06833290996548298,0.1082392380970413,16,0.029516207445011704,0.10018994475189548,0.06655280103899054,0.031020674441373776,0.007416126666251943,0.08662567276114713,0.05686953299659485,13,38,0.03240467894893633,0.13759761745568283,True,False,True,2.2443262037285457e-05,COMPLETE
1142,0.45634649395942695,2025-04-18 15:42:32.236520,2025-04-18 15:42:53.632224,0 days 00:00:21.395704,0.07200771684543016,0.04526157217686119,16,0.03149435339146083,0.10443612879347633,0.06846620596302368,0.028330283065042997,0.006194472134291867,0.0362781595568681,0.0710720061032583,13,44,0.030153680516674178,0.12510311171003713,True,False,True,2.037022689441149e-05,COMPLETE
1143,0.09307204186916351,2025-04-18 15:42:53.984563,2025-04-18 15:43:51.214721,0 days 00:00:57.230158,0.06019800421338635,0.0690318229590899,2,0.030758330249042835,0.11148678397499147,0.06717495708335262,0.030512738754299985,0.005657635588544634,0.012164683916274621,0.06100828837610105,14,42,0.03283950892179493,0.13230340791256717,False,True,True,1.7947981229862048e-05,COMPLETE
1144,0.387570595741272,2025-04-18 15:43:51.576137,2025-04-18 15:44:16.182474,0 days 00:00:24.606337,0.07407297880221245,0.6612347909872505,16,0.03340080468897893,0.09330010020388982,0.06962357783478462,0.026120741694778054,0.007931274384764144,0.07948651094794298,0.08685942326669091,13,85,0.03107185555361877,0.1322686901948214,True,False,True,2.263149595647401e-05,COMPLETE
1145,0.4590027809143067,2025-04-18 15:44:16.542544,2025-04-18 15:44:45.193264,0 days 00:00:28.650720,0.039503720228442694,0.048016757078000905,8,0.028636797787591504,0.10158842847595177,0.07074860799180617,0.02882502259619171,0.004437563338946339,0.0864518287623411,0.07572847073299427,17,39,0.027919680707703218,0.13745505202205108,True,False,True,1.4015679546737107e-05,COMPLETE
1146,0.2949686706066132,2025-04-18 15:44:45.560049,2025-04-18 15:45:07.694460,0 days 00:00:22.134411,0.056467992562479405,0.23373498038244644,16,0.024283313979575345,0.10804119232503136,0.06789464913918127,0.02443260847248048,0.00722751357940795,0.09611620585191419,0.06051794191789992,14,47,0.03157477404724467,0.1402997618424711,True,False,True,1.6053184828644808e-05,COMPLETE
1147,0.454207730293274,2025-04-18 15:45:08.061984,2025-04-18 15:45:30.016957,0 days 00:00:21.954973,0.08139894177372958,0.0872624647541739,16,0.032257835056352685,0.11384926616887517,0.0665600399706799,0.03109437264519294,0.0569073346799319,0.09289140657606176,0.05469868393544435,15,38,0.032604075461421134,0.13675595602288967,True,False,True,2.4812080098526918e-05,COMPLETE
1148,0.4709950506687165,2025-04-18 15:45:30.383484,2025-04-18 15:45:51.770710,0 days 00:00:21.387226,0.050154311663701906,0.2778110938204428,16,0.02760002099188415,0.09008253172138603,0.07085608163426664,0.0280295949020203,0.004105021106761588,0.08572680988904224,0.09964400559172841,13,41,0.029538513178770653,0.14262619701509965,True,False,True,1.8726479386276294e-05,COMPLETE
1149,0.42254900336265566,2025-04-18 15:45:52.134657,2025-04-18 15:46:13.467538,0 days 00:00:21.332881,0.08282107225382508,0.2552927487027163,16,0.12883133258718504,0.09744192355837185,0.06584980742986618,0.02631586786994234,0.005845231817644552,0.08010343004694935,0.06912241776409207,13,38,0.033764436389405,0.11717164283416717,True,False,True,1.2739255495008227e-05,COMPLETE
1150,0.3276153683662415,2025-04-18 15:46:13.831262,2025-04-18 15:46:35.773459,0 days 00:00:21.942197,0.0606681108706403,0.036100833689366285,16,0.0236465833920622,0.06847450109893997,0.06810798848901646,0.03022138646134343,0.008441870298936905,0.07592175166939565,0.0007934535445800124,14,44,0.03310861818279053,0.12406947809496453,True,False,True,2.3134597524592402e-05,COMPLETE
1151,0.3057552307844162,2025-04-18 15:46:36.140743,2025-04-18 15:46:58.026879,0 days 00:00:21.886136,0.9105117906011033,0.21078992148297,16,0.03369059950561194,0.10514107106659633,0.06949162423170033,0.023398153092809536,0.00478904474536419,0.09448424077792596,0.04537833113452335,15,41,0.031072128906687507,0.1320691678364225,True,False,True,1.6368140227593084e-05,COMPLETE
1152,0.4757153987884522,2025-04-18 15:46:58.391326,2025-04-18 15:47:19.798659,0 days 00:00:21.407333,0.04118336644132887,0.07315271759339607,16,0.029447357753287492,0.08441765877988823,0.06586735141443611,0.03184460594468315,0.006330966789770203,0.08975661513161716,0.056773467255526476,13,37,0.03612542212745891,0.1443146101493553,True,False,True,9.571569982469186e-06,COMPLETE
1153,0.4917018055915833,2025-04-18 15:47:20.165611,2025-04-18 15:47:45.770726,0 days 00:00:25.605115,0.09183325943206078,0.1026040658499224,8,0.18174854482519523,0.11419564349974648,0.08657086142454212,0.018754394486829588,0.008275604495829687,0.09589151905203386,0.08104381324144744,13,40,0.029146061629595592,0.12907460473383126,True,False,True,1.9299188080826862e-05,COMPLETE
1154,0.48378388881683354,2025-04-18 15:47:46.138819,2025-04-18 15:48:07.490905,0 days 00:00:21.352086,0.07182948112837863,0.49663092836333267,16,0.021560824517706988,0.09514434740592821,0.06584128920084116,0.02753965356717669,0.009154249462950643,0.09202406450141122,0.03708934380699643,14,33,0.03374943284225393,0.1366823855146837,True,False,True,1.2718359128842293e-05,COMPLETE
1155,0.3636737883090973,2025-04-18 15:48:07.857850,2025-04-18 15:48:29.600393,0 days 00:00:21.742543,0.03157195149437211,0.8445801699117651,16,0.03427042606255063,0.07521080619524557,0.0808638872277338,0.02979422428688057,0.00456315193030451,0.08189115873162296,0.06588996079306916,13,50,0.02663519205493662,0.1487087067648533,True,False,True,2.768639055153296e-05,COMPLETE
1156,0.29668955802917485,2025-04-18 15:48:29.967148,2025-04-18 15:48:51.380956,0 days 00:00:21.413808,0.011594618511939853,0.4538001288810466,16,0.03646866817866313,0.10264595902116123,0.07201092694419048,0.025361552360544923,0.007035182823002809,0.0984404523613063,0.04867103538442717,13,44,0.03237319555313207,0.14299909279558293,True,False,True,2.159991312723321e-05,COMPLETE
1157,0.3337113678455353,2025-04-18 15:48:51.747357,2025-04-18 15:49:12.116472,0 days 00:00:20.369115,0.36932062033911534,0.2332098032100642,16,0.025365178339493803,0.08971050522870501,0.08408179628931861,0.03208975488406786,0.009811962610921824,0.08679049014077778,0.055735857618756525,13,17,0.03495232754305771,0.15285493804876998,True,False,True,1.417044498054221e-05,COMPLETE
1158,0.42360274791717534,2025-04-18 15:49:12.487768,2025-04-18 15:49:33.118920,0 days 00:00:20.631152,0.09470532263754029,0.20315711209436238,16,0.020032673473690032,0.10727431552677852,0.0682237032772223,0.029184819704567797,0.004028368344227509,0.09333754314962897,0.03932866014620766,12,37,0.031218795593121417,0.1389767288647787,True,False,True,1.0692868900567565e-05,COMPLETE
1159,0.4444667398929596,2025-04-18 15:49:33.489095,2025-04-18 15:49:57.127276,0 days 00:00:23.638181,0.05993434041457306,0.2952542243260512,16,0.030905038989981398,0.09862494175915121,0.06423691960173028,0.022821867609561584,0.007340188198912757,0.08921716324404928,0.07528877374135452,14,42,0.03500099362067632,0.14995819837526717,True,False,False,1.6905571535134725e-05,COMPLETE
1160,0.4819180846214295,2025-04-18 15:49:57.496534,2025-04-18 15:50:18.158251,0 days 00:00:20.661717,0.043192858670931006,0.2473543679203916,16,0.026258322377751386,0.1122510856068639,0.07002823098470923,0.02702862639686476,0.005402754975031763,0.0852843865747019,0.02815608312277501,12,35,0.03766818330125822,0.14419190289219572,True,False,True,8.156512221674767e-06,COMPLETE
1161,0.40580912232398986,2025-04-18 15:50:18.527144,2025-04-18 15:50:44.256676,0 days 00:00:25.729532,0.09575214497979834,0.22331850838055214,8,0.019294934274229646,0.08088017276444884,0.05205146846338063,0.030507772741760666,0.010115771553660953,0.07806482087586042,0.04634941078748524,13,39,0.03677900554417618,0.03994648098240797,True,False,True,2.3708598730295215e-05,COMPLETE
1162,0.42543486356735233,2025-04-18 15:50:44.628812,2025-04-18 15:51:05.046669,0 days 00:00:20.417857,0.07029777106698948,0.011016945525055014,16,0.03678275463682337,0.09356646032027226,0.07889334696975281,0.020856228279113057,0.0036451723900562515,0.09526443208691364,0.06145150930404664,12,28,0.0346428735118883,0.13012982597377493,True,True,True,2.8442569739970246e-05,COMPLETE
1163,0.2325569808483124,2025-04-18 15:51:05.416078,2025-04-18 15:51:56.225206,0 days 00:00:50.809128,0.10398444889218174,0.0616705155517545,2,0.029399492814036837,0.1011048838074804,0.06583452592772208,0.024729754790816703,0.007570406487330724,0.090748668049606,0.08532345115297992,12,46,0.031557690152171344,0.14162463403281955,False,False,True,1.584858445225428e-05,COMPLETE
1164,0.3540305554866791,2025-04-18 15:51:56.602577,2025-04-18 15:52:17.649558,0 days 00:00:21.046981,0.03507391543937001,0.27098140190061265,16,0.022178823426852602,0.11618227159776434,0.06809169633477594,0.03279862883335657,0.009818136194745012,0.09230852581176757,0.0526703259982794,13,32,0.028930979054229717,0.15336458681586307,True,False,True,1.9369299454963444e-05,COMPLETE
1165,0.2790638983249665,2025-04-18 15:52:18.021702,2025-04-18 15:52:44.975836,0 days 00:00:26.954134,0.07994062700438567,0.34059825560498136,16,0.1572053582594877,0.10764106352609602,0.06703492090619353,0.028064808513847787,0.005758702316317976,0.037225957881756866,0.03947105968071471,14,115,0.03645452759077564,0.1360349113738854,True,False,True,1.216206484172529e-05,COMPLETE
1166,0.48551717996597293,2025-04-18 15:52:45.346705,2025-04-18 15:53:06.445235,0 days 00:00:21.098530,0.39020140652848057,0.19491930066951293,16,0.03834150998576598,0.08640405524589156,0.07154146727972809,0.02624979617777371,0.0034064667745262716,0.0880502568405653,0.06798831040476666,13,37,0.03825944040362546,0.12593493896228336,True,False,True,2.4089537970259044e-05,COMPLETE
1167,0.3760499775409699,2025-04-18 15:53:06.819042,2025-04-18 15:53:28.151402,0 days 00:00:21.332360,0.02854902046382137,0.24775723875253777,16,0.03075059119322671,0.0974894621647735,0.06461923436032148,0.03007410798863819,0.00823601641147988,0.05047343910793782,0.03205393633240156,12,41,0.034155832471361385,0.1469886841048863,True,False,True,9.566058949746913e-06,COMPLETE
1168,0.2618951261043549,2025-04-18 15:53:28.527287,2025-04-18 15:53:49.106970,0 days 00:00:20.579683,0.054766837702808685,0.22473719444244755,16,0.0160227019093515,0.1354554668863036,0.0635506129268297,0.01792920165166425,0.012330336282357815,0.09719768182155131,0.046302899285500264,12,34,0.039884153254875626,0.15650578765462184,True,False,True,1.4572328608585945e-05,COMPLETE
1169,0.36240707635879515,2025-04-18 15:53:49.480893,2025-04-18 15:54:10.027310,0 days 00:00:20.546417,0.09552220619058747,0.10390319539927236,16,0.02348827794514305,0.10533385445354612,0.0831396317894838,0.03137966714762356,0.023922306872762405,0.09346245880923516,0.000326062529502163,12,30,0.03703462220310293,0.13385586573222033,True,False,True,2.9435233232927704e-05,COMPLETE
1170,0.42430147528648376,2025-04-18 15:54:10.401820,2025-04-18 15:54:31.416812,0 days 00:00:21.014992,0.011447821938891267,0.32056565538959503,16,0.11718744173761703,0.07346403311560822,0.06965415856341292,0.033608111370166074,0.006253765201901269,0.08993802719288156,0.05617594081454262,13,38,0.03329555313095513,0.1446288077690904,True,False,True,1.9572559442148936e-05,COMPLETE
1171,0.37172881960868837,2025-04-18 15:54:31.793048,2025-04-18 15:54:58.977970,0 days 00:00:27.184922,0.07449665206937017,0.07545171382040561,8,0.03671221303732834,0.11467265101312309,0.06722704726299975,0.028481746523168126,0.010268763764905275,0.08407966037123756,0.07511576308492672,12,102,0.027737665530022902,0.1628173658829943,True,False,True,1.1216301263296947e-05,COMPLETE
1172,0.28338555693626405,2025-04-18 15:54:59.354131,2025-04-18 15:55:20.974452,0 days 00:00:21.620321,0.04143466958435521,0.20429219068176263,16,0.019261242211709773,0.09254977828199165,0.053409016514175664,0.023797923362355325,0.003310284522711938,0.08112772120444013,0.04081972262742524,13,46,0.03529005817857263,0.1497152509912476,True,False,True,7.442688610021067e-06,COMPLETE
1173,0.35238363146781926,2025-04-18 15:55:21.361382,2025-04-18 15:55:42.039497,0 days 00:00:20.678115,0.054805262886008635,0.23336580304731377,16,0.028301419192248135,0.10177320668566385,0.06391069450262764,0.03803178209328083,0.020244177805619087,0.09473150536361821,0.06406018059480802,14,23,0.040040078434047,0.14013950612484988,True,False,True,1.6425483813240094e-05,COMPLETE
1174,0.4903420805931092,2025-04-18 15:55:42.415230,2025-04-18 15:56:03.335873,0 days 00:00:20.920643,0.43628782299379665,0.2561858653035697,16,0.014598441632544527,0.11152571243951301,0.07804075773852878,0.025978382853086103,0.007527634259821437,0.09197900766018488,0.08470761774622772,12,42,0.03822424917657358,0.15644615032095674,True,False,True,2.2255170079153258e-05,COMPLETE
1175,0.4008887469768524,2025-04-18 15:56:03.711754,2025-04-18 15:56:25.999627,0 days 00:00:22.287873,0.0112280612787449,0.04768346575121642,16,0.10524129869104137,0.081651260310687,0.07234701443146015,0.09557422958305913,0.013801768514794893,0.08697658259422265,0.05025493387098596,16,33,0.03231804595029724,0.14859030300476744,True,False,True,3.1927869854775436e-05,COMPLETE
1176,0.3467708468437195,2025-04-18 15:56:26.378464,2025-04-18 15:56:47.938856,0 days 00:00:21.560392,0.11275504132641634,0.20926399530244136,16,0.037944590218241876,0.11993701924806123,0.06562378396473931,0.035490738901158406,0.0054174295385890844,0.007479362634103381,0.023969090321830533,14,37,0.030306050239885415,0.1378767668756056,True,False,True,1.373176181158567e-05,COMPLETE
1177,0.48464100360870366,2025-04-18 15:56:48.317279,2025-04-18 15:57:11.247781,0 days 00:00:22.930502,0.333502191662627,0.08661657574728858,16,0.006550989545251989,0.08893136762489556,0.07025682192449621,0.032979961270521815,0.011262492615006713,0.0751910414523379,0.034686531937560244,13,35,0.04060666838301549,0.12307699016741538,True,False,False,1.8987131063088486e-05,COMPLETE
1178,0.30534446835517887,2025-04-18 15:57:11.629471,2025-04-18 15:57:32.390605,0 days 00:00:20.761134,0.1040247736386847,0.2740751634262348,16,0.03246319785785577,0.10635169651189447,0.0816651082226893,0.040621391364244655,0.009273113243981963,0.07979927578503332,0.0608062801523918,12,40,0.03615680754182216,0.15411139978439603,True,False,True,9.15126503061948e-06,COMPLETE
1179,0.46985844373703006,2025-04-18 15:57:32.767892,2025-04-18 15:57:56.705334,0 days 00:00:23.937442,0.08294033684461771,0.1889176442420789,8,0.02322894156312419,0.09583256134412972,0.0013442823802145287,0.021012998451201245,0.004008431937130376,0.09594894598121935,0.044959630889064135,11,28,0.03843905348278402,0.1623737122374639,True,False,True,2.5515786374124314e-05,COMPLETE
1180,0.41454097032547,2025-04-18 15:57:57.084135,2025-04-18 15:58:18.429833,0 days 00:00:21.345698,0.0323964730088738,0.2183944891832409,16,0.04041217134368922,0.10299101186162125,0.07645821736050655,0.029124423876909163,0.018269688107569335,0.04625112871383173,0.030203023157739168,10,72,0.03403102296550079,0.14443084899383865,True,False,True,1.5879240167128848e-05,COMPLETE
1181,0.3794271051883698,2025-04-18 15:58:18.810499,2025-04-18 15:58:39.316470,0 days 00:00:20.505971,0.2670431349960585,0.24481410535881729,16,0.016594968022964646,0.14418539616015186,0.06344331966988395,0.027410466449651453,0.014900776246520087,0.08978811600138621,0.09990029754596558,13,32,0.042012677689108546,0.13146481497310916,False,True,True,1.1814426998410968e-05,COMPLETE
1182,0.4787004172801972,2025-04-18 15:58:39.696169,2025-04-18 15:59:00.529187,0 days 00:00:20.833018,0.10260634531494357,0.11221895762335474,16,0.026110959704542525,0.11112025681729673,0.0799508254210813,0.031034661469668604,0.00829008892728221,0.09829098832577847,0.07229637989806594,11,43,0.036684136546497194,0.20203178837226513,True,False,True,2.0851974679356868e-05,COMPLETE
1183,0.4802172899246216,2025-04-18 15:59:00.909563,2025-04-18 15:59:21.685386,0 days 00:00:20.775823,0.06350006203875029,0.03197778716437159,16,0.03257851048930227,0.09646930028599833,0.06871898131482822,0.02450783446699971,0.012324858730821993,0.08276887055791371,0.05334381315396574,12,37,0.0397834900741675,0.1402511061375681,True,False,True,3.082549807275384e-05,COMPLETE
1184,0.4255022168159485,2025-04-18 15:59:22.046791,2025-04-18 15:59:43.452245,0 days 00:00:21.405454,0.03758425264905997,0.2288876446231542,16,0.16948301632455337,0.07797899837814662,0.06682549429354126,0.035673187857411186,0.006059832575849177,0.09392039137839636,0.0381052367427191,13,39,0.04152109046721876,0.15739180464596125,True,False,True,7.542586333833035e-06,COMPLETE
1185,0.3138624489307404,2025-04-18 15:59:43.823657,2025-04-18 16:00:36.187318,0 days 00:00:52.363661,0.08786787978137162,0.7337744518558106,2,0.005587273019667892,0.08804120785987121,0.05508779455894082,0.038778609740753624,0.0027535503286911043,0.08791388554773512,0.0443229649849609,12,35,0.024766512526746335,0.14812406974431844,True,False,True,1.3799430176628297e-05,COMPLETE
1186,0.420271372795105,2025-04-18 16:00:36.565682,2025-04-18 16:00:57.687179,0 days 00:00:21.121497,0.35499287216290165,0.25641577756835043,16,0.01440569452945452,0.11792506075570247,0.09100536113305756,0.032212892805302706,0.010592431276653748,0.0912275348408699,0.06186072631227256,11,48,0.034655555355708995,0.20624485867688944,True,False,True,2.4852449925508158e-05,COMPLETE
1187,0.4914631247520447,2025-04-18 16:00:58.060864,2025-04-18 16:01:18.753574,0 days 00:00:20.692710,0.05857029789722376,0.28658726745940244,16,0.040187799495523424,0.10754370992851894,0.04992694090803463,0.04215942373364924,0.00507690716911887,0.0999758543509653,0.052542904693962764,12,30,0.03803453137137794,0.16375903433859829,True,False,True,1.7263891124712453e-05,COMPLETE
1188,0.36096394062042236,2025-04-18 16:01:19.149307,2025-04-18 16:01:44.639895,0 days 00:00:25.490588,0.28670302681465104,0.19432128499785803,8,0.02063242568515732,0.1005305368665405,0.06233848980446302,0.029322250558043016,0.007082133484691316,0.0857253431479627,0.07593339131371639,14,26,0.03184393716892279,0.13953627349019013,True,False,True,9.989273413073446e-06,COMPLETE
1189,0.3192431211471558,2025-04-18 16:01:45.005816,2025-04-18 16:02:05.337846,0 days 00:00:20.332030,0.11323367620909658,0.07254604129700297,16,0.027991202330656748,0.06952863242097958,0.0648914456794125,0.022119257822582075,0.008854204358960067,0.09651713408765113,0.03570655280011702,10,45,0.03603546104377608,0.15096389623460416,True,False,True,2.0256075490302486e-05,COMPLETE
1190,0.5036736369132996,2025-04-18 16:02:05.714538,2025-04-18 16:02:26.491250,0 days 00:00:20.776712,0.22444006954877144,0.21565088988466857,16,0.008960794120469774,0.09248973272784393,0.07236181619242292,0.026964941811640407,0.0028813833112569555,0.0776964899228611,0.0625730728358353,12,40,0.04009456758058651,0.20082045319460456,True,False,True,1.2149722388256598e-05,COMPLETE
