number,value,datetime_start,datetime_complete,duration,params_alpha-eval,params_alpha-train,params_batch-size,params_eps-eval,params_eps-train,params_lambda-actions-eval,params_lambda-actions-train,params_lambda-frames-eval,params_lambda-frames-train,params_learning-rate,params_n-epochs,params_n-frames,params_radius-gw,params_rho,params_std-feats,params_ub-actions,params_ub-frames,params_weight-decay,state
1649,0.4084929347038269,2025-04-12 08:42:00.071379,2025-04-12 08:43:39.917861,0 days 00:01:39.846482,0.13813008750109795,0.11466449300548927,2,0.1675465042649148,0.016522617001494273,0.0725610004433485,0.006992004583569112,0.07493630033112446,0.08357520869219028,0.03762968828217811,25,39,0.08737622941530487,0.18657745191980918,True,False,False,3.077631739633337e-05,COMPLETE
1650,0.34936168789863586,2025-04-12 08:43:40.453103,2025-04-12 08:45:12.969820,0 days 00:01:32.516717,0.07692040721083274,0.22573420350107462,2,0.07168407254616037,0.052305202280585425,0.06613125042408892,0.003844841538641889,0.07039161005432581,0.08645115964667274,0.008783266436803668,22,79,0.08938620482550957,0.20510256950407119,True,False,False,6.863623396520066e-06,COMPLETE
1651,0.40592799186706546,2025-04-12 08:45:13.530558,2025-04-12 08:46:37.282768,0 days 00:01:23.752210,0.11824556352936788,0.16113531925936633,2,0.1748051066749458,0.04280619603838604,0.08112238608279604,0.011089214119960663,0.07785883224564956,0.09318641035021058,0.06004001815191559,24,33,0.08021893125102825,0.053816027196710706,True,False,True,3.802600924036232e-05,COMPLETE
1652,0.45341520309448247,2025-04-12 08:46:37.820001,2025-04-12 08:48:27.009175,0 days 00:01:49.189174,0.1483624143453468,0.2639196902592517,2,0.157168514934172,0.06021035915745791,0.07074315235406432,0.005246391843649903,0.07655358997818096,0.036670709430217135,0.015690199161487024,28,40,0.08738772057076165,0.176729299323434,True,False,False,1.4022452815045214e-05,COMPLETE
1653,0.4209873676300049,2025-04-12 08:48:27.544732,2025-04-12 08:50:01.420698,0 days 00:01:33.875966,0.09566659630892817,0.14381533714764785,2,0.16350854634869622,0.036288540661958205,0.07573241713160163,0.0229218415858958,0.0878072847566545,0.08986742608077501,0.028594609740845524,23,28,0.0912501132599984,0.18256937765292733,True,False,False,2.2261051657029636e-05,COMPLETE
1654,0.442160028219223,2025-04-12 08:50:01.979764,2025-04-12 08:50:30.742744,0 days 00:00:28.762980,0.12519391487848083,0.22985105238893372,8,0.1229702483378165,0.06843966275585389,0.07830842035788685,0.06511002498379312,0.07362780884002225,0.03477054992670834,0.020967303327524243,14,36,0.08559045509121807,0.2465176383918394,True,False,False,1.6940203727048453e-05,COMPLETE
1655,0.4091775953769684,2025-04-12 08:50:31.285850,2025-04-12 08:51:56.955499,0 days 00:01:25.669649,0.17001056884142676,0.010250246964648074,2,0.1704303430309008,0.047218989459736585,0.08354675227544024,0.020870297517147286,0.08499743821629434,0.08817838362628952,0.0242247564413781,20,32,0.016778168142176808,0.22101121785376307,True,False,False,2.5131379931785953e-05,COMPLETE
1656,0.39819133281707764,2025-04-12 08:51:57.520539,2025-04-12 08:53:33.288921,0 days 00:01:35.768382,0.07856882599635746,0.11718154683881768,2,0.17645958292063768,0.027290864860084293,0.07380312350567869,0.0146800887584984,0.09046233269533431,0.031029885053782513,0.03403642367699842,24,25,0.0946579116150383,0.1948915896640369,True,False,False,9.400279122230113e-06,COMPLETE
1657,0.4810071468353272,2025-04-12 08:53:33.837153,2025-04-12 08:55:08.286701,0 days 00:01:34.449548,0.10452892211645974,0.16623348565040869,2,0.1498219479239367,0.0565658352065498,0.08639920245019908,0.018150566189405536,0.0787032791705933,0.08151296667030938,0.017629953746269737,23,40,0.0897912196915564,0.18661584987123123,True,False,False,4.9742372079363514e-05,COMPLETE
1658,0.3284110426902771,2025-04-12 08:55:08.825283,2025-04-12 08:56:52.785141,0 days 00:01:43.959858,0.5949661942134942,0.24491078958085796,2,0.17994537298561514,0.04113453678663812,0.07652246052007815,0.009276498078883411,0.07292235967206319,0.0764267327339494,0.04470877187806025,25,115,0.08440197143958858,0.1998575885257777,True,False,False,3.365180420818753e-05,COMPLETE
1659,0.40577381253242495,2025-04-12 08:56:53.344128,2025-04-12 08:58:30.717289,0 days 00:01:37.373161,0.15319095955543197,0.21232250275383538,2,0.02091773169694973,0.2020511381878611,0.0804647457932451,0.01224601795821861,0.06909778824679548,0.09209492656652937,0.029197798059584883,24,36,0.08762278280821253,0.1429488990114512,True,False,False,1.9032202556428885e-05,COMPLETE
1660,0.48231904506683354,2025-04-12 08:58:31.258817,2025-04-12 09:00:05.392976,0 days 00:01:34.134159,0.1325960823700761,0.09651430857423945,2,0.10710122231508526,0.05058090480924933,0.0536402688341243,0.015982612313671853,0.07594680990870843,0.045243418094959006,0.011669820382884612,23,37,0.08243164774630243,0.22813818772567807,True,False,False,2.588465929106875e-05,COMPLETE
1661,0.09307204186916351,2025-04-12 09:00:05.957925,2025-04-12 09:01:23.056261,0 days 00:01:17.098336,0.01030187211290598,0.14580432161983742,2,0.1136227075239902,0.04513204315328844,0.06824997620434163,0.0067388903929525,0.0886799306689712,0.009089838070818052,0.0225333621070396,22,40,0.05382266392661369,0.2134898594461821,True,True,False,1.4387323191620999e-05,COMPLETE
1662,0.47766473293304446,2025-04-12 09:01:23.605934,2025-04-12 09:02:26.455352,0 days 00:01:02.849418,0.0958914596214794,0.20113013471632984,2,0.1652355598284513,0.06242866795368923,0.07307609044243916,0.019810609643693085,0.08480384315857098,0.08596498018253691,0.05281964021769462,13,30,0.09262384080067636,0.1783938941943351,True,False,False,3.958988401185097e-05,COMPLETE
1663,0.09307204186916351,2025-04-12 09:02:26.998557,2025-04-12 09:04:14.868429,0 days 00:01:47.869872,0.659420097930947,0.4771993477432829,2,0.08629497260751645,0.007766595993322531,0.021779796969447752,0.0022757231249388027,0.07816570925462958,0.0288168449753132,0.03924031762052492,28,34,0.08964947784047864,0.19097111429875893,True,False,False,2.136750981373468e-05,COMPLETE
1664,0.42808306813240055,2025-04-12 09:04:15.428151,2025-04-12 09:05:42.845120,0 days 00:01:27.416969,0.06935905908237666,0.41667255784421164,2,0.1594270120344777,0.07281648385538528,0.0794696258139984,0.00132428166334726,0.07195715297851571,0.0029892507376216115,0.014925040313166608,21,40,0.08615992258329122,0.20809056436050613,False,False,False,1.2459150202368466e-05,COMPLETE
1665,0.40868102312088017,2025-04-12 09:05:43.390154,2025-04-12 09:07:23.831706,0 days 00:01:40.441552,0.11613231921805789,0.9742223984094632,2,0.16953612549316507,0.03246495697139147,0.08238130788890256,0.011349365111722992,0.0749726241044165,0.03824175263094266,0.01912448466842388,25,37,0.08824457901558376,0.17581183021464342,True,False,False,2.7230519532833582e-05,COMPLETE
1666,0.45184732079505924,2025-04-12 09:07:24.395607,2025-04-12 09:09:00.688331,0 days 00:01:36.292724,0.028356900809618498,0.12879275240936072,2,0.02856185782978387,0.05414751298510117,0.0710804038290239,0.014174791031996002,0.08644916500716421,0.09072267215975513,0.03183565506421938,24,32,0.0831182864238371,0.18459025872105347,True,False,False,4.904738304034375e-05,COMPLETE
1667,0.47977818250656135,2025-04-12 09:09:01.232889,2025-04-12 09:10:06.262915,0 days 00:01:05.030026,0.14836654213547457,0.1643062506944502,2,0.1544312051439629,0.037569996043141964,0.0744098758239226,0.023699934112569685,0.07890194654480717,0.03471830968353688,0.024490645224013955,14,35,0.07984823639381089,0.23412991334107885,True,False,False,1.7797459874665305e-05,COMPLETE
1668,0.44913241863250736,2025-04-12 09:10:06.829664,2025-04-12 09:11:40.472134,0 days 00:01:33.642470,0.08497147509750191,0.21883952321807623,2,0.13944246477100047,0.04795797852775313,0.08479720631546057,0.009597318382779562,0.07681559798566376,0.0836767512316643,0.037889011825974796,23,41,0.09120570779769716,0.19952957170110558,True,False,False,3.219016890047566e-05,COMPLETE
1669,0.4027613937854767,2025-04-12 09:11:41.025856,2025-04-12 09:13:17.434926,0 days 00:01:36.409070,0.10664802240188752,0.07369239103605574,2,0.17769452128343477,0.04102487930500105,0.07787114241135652,0.017345434023388062,0.08415522185348273,0.08715056635592922,0.026570541391799807,24,27,0.0854659387215756,0.19314010249020208,True,False,False,8.091908692127518e-06,COMPLETE
1670,0.2057481348514557,2025-04-12 09:13:17.977986,2025-04-12 09:14:45.687318,0 days 00:01:27.709332,0.12648394600322427,0.1856466458833076,2,0.14395412224532952,0.1342669207888696,0.07562416326866638,0.004310959069591712,0.0747993096200481,0.033376345990797925,0.019243625307577627,25,38,0.0942877986143725,0.21802078302315767,True,False,True,1.9201007939143584e-06,COMPLETE
1671,0.4336574733257294,2025-04-12 09:14:46.251341,2025-04-12 09:16:34.642788,0 days 00:01:48.391447,0.06470654808038337,0.16880366395036156,2,0.16318676595583337,0.024816142971699033,0.07068473923689118,0.0071969551924983026,0.07923534557555034,0.08998789240750575,0.04482634869859941,28,31,0.08898927135657755,0.1731381424603939,True,False,False,2.3712207043638733e-05,COMPLETE
1672,0.3585175216197968,2025-04-12 09:16:35.185869,2025-04-12 09:18:08.193525,0 days 00:01:33.007656,0.17497324896532634,0.27034069735946065,2,0.17255101907873613,0.06319392349824679,0.08620157466179859,0.013392368383935656,0.08793149889578133,0.09340495447886026,0.05826219091937256,22,20,0.08685641911754036,0.18189059468821692,True,False,False,4.120635478694379e-05,COMPLETE
1673,0.33131779432296754,2025-04-12 09:18:08.761663,2025-04-12 09:18:45.630881,0 days 00:00:36.869218,0.09103859026738265,0.1324791129170109,8,0.1277825169373574,0.055578226563308825,0.07259780830580667,0.02123999974095224,0.07100259025339807,0.03715283593248558,0.015635476378152557,23,41,0.010372367060583143,0.07775713167622084,True,False,False,1.6230846821885115e-05,COMPLETE
1674,0.4219183385372162,2025-04-12 09:18:46.178052,2025-04-12 09:19:52.397021,0 days 00:01:06.218969,0.048081877930783015,0.5671051358536465,2,0.18525688940778248,0.04965619365879167,0.08207174538659573,0.010510294233891573,0.0909979112802074,0.07932958604171152,0.010068900574932968,14,35,0.0838450271961163,0.22472729255507515,True,False,False,1.1360070726261234e-05,COMPLETE
1675,0.5061142086982727,2025-04-12 09:19:52.937280,2025-04-12 09:21:29.705581,0 days 00:01:36.768301,0.15551158184759123,0.2458691334856799,2,0.17733230745131492,0.044467045613558236,0.0771315642489929,0.016165924643034322,0.08263952057402738,0.03155940529685056,0.03117398082440714,24,38,0.0920863538518826,0.18990325196147936,True,False,False,3.152044426445568e-05,COMPLETE
1676,0.4867934465408325,2025-04-12 09:21:30.270055,2025-04-12 09:23:08.155465,0 days 00:01:37.885410,0.19508224717749795,0.28460163080193596,2,0.18514470734231803,0.033030531425494815,0.07867132732684658,0.019035416428817543,0.08609385081386568,0.02720266151426939,0.04638234710101045,24,35,0.09576285225524966,0.2617962192406436,True,False,False,2.7548430853236638e-05,COMPLETE
1677,0.46866635084152225,2025-04-12 09:23:08.700222,2025-04-12 09:24:45.498399,0 days 00:01:36.798177,0.1821006034703193,0.2553143474326786,2,0.06653831509185329,0.037421407818568106,0.07973594664472543,0.01703352475363136,0.08399266121949886,0.032675555991254907,0.0343597924446246,24,33,0.09787020838937617,0.19712828450288586,True,False,False,2.120024729158965e-05,COMPLETE
1678,0.4359146416187286,2025-04-12 09:24:46.073350,2025-04-12 09:26:22.405962,0 days 00:01:36.332612,0.18648025428928747,0.3081111113670248,2,0.18100228714719496,0.032487578767631,0.07988964224777236,0.008131441667956613,0.08827240103813865,0.029627063697767513,0.04138167152288448,24,30,0.09478016339734344,0.1913700797096726,True,False,False,2.9876091486534545e-05,COMPLETE
1679,0.4880124926567078,2025-04-12 09:26:22.952660,2025-04-12 09:27:59.559763,0 days 00:01:36.607103,0.16221529718860658,0.11216999515685841,2,0.0402392998232783,0.040959024037965946,0.07808979659086897,0.005490956980790217,0.0858648210908748,0.027824992198008464,0.0360815616368297,24,36,0.09310660226461395,0.1944041722039791,True,False,False,2.1405768211880823e-05,COMPLETE
1680,0.09307204186916351,2025-04-12 09:28:00.128670,2025-04-12 09:29:25.325232,0 days 00:01:25.196562,0.16828347569777832,0.2809107717866049,2,0.1783289238060662,0.0382489593541022,0.08123256537828562,0.014907958440728106,0.08313946021851674,0.031109554280910924,0.05033090011594482,25,33,0.09755259722070703,0.19058192395096438,True,True,False,3.031520335875201e-05,COMPLETE
1681,0.4957056164741516,2025-04-12 09:29:25.870286,2025-04-12 09:31:02.962414,0 days 00:01:37.092128,0.17086957555797083,0.25114910878552005,2,0.13385788355974812,0.029247880170166704,0.07680757575690672,0.022220875126672503,0.08489433649402127,0.030256459698261955,0.031371152367712644,24,37,0.0934510860398483,0.2030987951076899,True,False,False,2.5710784764002957e-05,COMPLETE
1682,0.4696520209312439,2025-04-12 09:31:03.504592,2025-04-12 09:32:44.793344,0 days 00:01:41.288752,0.15231666905356211,0.1505078560793783,2,0.15063707668050016,0.043139340225970074,0.07872170254575421,0.019710312442381417,0.07256703265123077,0.03141596322056321,0.037960915327002444,25,30,0.09241081684131018,0.19908516892365286,True,False,False,1.8572124063262326e-05,COMPLETE
1683,0.26321278810501103,2025-04-12 09:32:45.360681,2025-04-12 09:34:17.902395,0 days 00:01:32.541714,0.18322215084233878,0.1438383133938889,2,0.18509836185851963,0.04289314765739591,0.07717393725857263,0.011062362620455981,0.09021781203192492,0.033055408650301314,0.03281981855086742,23,38,0.09345244881372308,0.18716274837622512,False,False,False,3.4268139475487804e-05,COMPLETE
1684,0.49113202095031744,2025-04-12 09:34:18.459020,2025-04-12 09:35:55.162011,0 days 00:01:36.702991,0.15850112231879776,0.23416263246580005,2,0.15677853550753537,0.03690617131141781,0.08093102196444278,0.012957666555630704,0.08733676354145326,0.029812571911065133,0.060955538016950035,24,33,0.09157874649763566,0.188476888892326,True,False,False,2.4179536304952308e-05,COMPLETE
1685,0.46497544050216677,2025-04-12 09:35:55.733535,2025-04-12 09:37:33.255779,0 days 00:01:37.522244,0.14978739267511387,0.17711313237866988,2,0.17823563427893524,0.021791800672243247,0.07660555863614757,0.008764131832576872,0.08255056050728585,0.031854024855040776,6.119390451163361e-05,24,37,0.09458305977038206,0.20371564906813858,True,False,False,1.560435842688625e-05,COMPLETE
1686,0.41474544405937197,2025-04-12 09:37:33.802073,2025-04-12 09:39:13.311748,0 days 00:01:39.509675,0.17967893473241783,0.09043705963151283,2,0.16845871485567232,0.04566066853137868,0.08304905338419805,0.016638975888734916,0.06590600047735141,0.03457133444044552,0.04630119234298432,25,27,0.09529456964172456,0.1964378265886037,True,False,False,2.147979519807317e-05,COMPLETE
1687,0.4767060995101929,2025-04-12 09:39:13.881333,2025-04-12 09:40:48.197611,0 days 00:01:34.316278,0.13872331378034872,0.1983415336793386,2,0.1741349723983483,0.02943412999719477,0.08000402318048881,0.003978622512834893,0.07668556014530142,0.02824852345724088,0.04013094616511684,23,34,0.09677352660511825,0.18953372311721473,True,False,False,3.277298970976444e-05,COMPLETE
1688,0.46787438392639163,2025-04-12 09:40:48.755945,2025-04-12 09:42:25.386728,0 days 00:01:36.630783,0.15881940532678882,0.12435961711931587,2,0.1869225166227331,0.03776726335000136,0.07832241519698756,0.018625389586091633,0.08458030691876947,0.03181349181719787,0.030572448366944525,24,39,0.09164318905902681,0.19405111871719002,True,False,False,1.3979445039773654e-05,COMPLETE
1689,0.3315427720546723,2025-04-12 09:42:25.935773,2025-04-12 09:43:46.393054,0 days 00:01:20.457281,0.13850440873900136,0.15603605681337868,2,0.07555343735582909,0.04378604518602691,0.08430454979239008,0.023735151189745844,0.08107972084192085,0.025439007919921472,0.028269519775679347,23,32,0.09184155011778618,0.18477227481241718,True,False,True,2.5574582426406406e-05,COMPLETE
1690,0.4797714352607727,2025-04-12 09:43:46.973405,2025-04-12 09:45:28.375198,0 days 00:01:41.401793,0.1655566129214834,0.17402909253910112,2,0.15995690038360733,0.04752239765619912,0.07588039183229782,0.060205059658084745,0.0743374563097845,0.03394771985285069,0.052251896655285256,25,36,0.09543777213776558,0.20061451275404882,True,False,False,1.8898130442336556e-05,COMPLETE
1691,0.40761152505874637,2025-04-12 09:45:28.925308,2025-04-12 09:47:04.839936,0 days 00:01:35.914628,0.13896292189435697,0.21391234030649758,2,0.14604090681660795,0.03329485464904584,0.08214392320230603,0.014763171310282472,0.08653663791745381,0.029275358134471907,0.03795458108754323,24,23,0.0809631012096123,0.18783336727333244,True,False,False,3.0060845464748552e-05,COMPLETE
1692,0.48451129198074344,2025-04-12 09:47:05.412427,2025-04-12 09:48:38.384147,0 days 00:01:32.971720,0.027666086626947202,0.1958703619483737,2,0.1654880045898417,0.038993680955746596,0.08612123659638513,0.007565565353828036,0.08253059549145611,0.03593570775588373,0.012071131217317146,23,39,0.09082020058405858,0.2078195128216742,True,False,False,1.7237747862496606e-05,COMPLETE
1693,0.4600295543670655,2025-04-12 09:48:38.937057,2025-04-12 09:50:19.584566,0 days 00:01:40.647509,0.1852925958643537,0.2473472859931582,2,0.1866230925677017,0.047435653459915704,0.07782576749262009,0.012006308169585055,0.07966546631545697,0.03273207621146415,0.027723220261024216,25,30,0.0933496198421835,0.1946397004641111,True,False,False,9.487559979186426e-06,COMPLETE
1694,0.4622529804706574,2025-04-12 09:50:20.156522,2025-04-12 09:50:57.132349,0 days 00:00:36.975827,0.13785688123176337,0.2713050903746167,8,0.17850570761859363,0.027257187413816348,0.07991840829516197,0.006309189914568322,0.069149969814721,0.0343901120511171,0.03344074783456178,24,35,0.09003715008990869,0.1834891315515598,True,False,False,2.6069371316480673e-05,COMPLETE
1695,0.450518947839737,2025-04-12 09:50:57.678479,2025-04-12 09:52:38.079265,0 days 00:01:40.400786,0.05812077898926939,0.14362039935812737,2,0.15415457465890298,0.042579118007976695,0.07600654735030431,0.020710162498085473,0.08952478037941805,0.03019417407204856,0.0006687432787161829,25,40,0.08218894465580648,0.20975176188002936,True,False,False,1.3554696388702046e-05,COMPLETE
1696,0.49940559864044193,2025-04-12 09:52:38.656505,2025-04-12 09:54:12.604717,0 days 00:01:33.948212,0.11824414362290901,0.11059602230629903,2,0.17072296573954746,0.05010207765282143,0.08750798255267347,0.016127307478864802,0.07306624561310054,0.03177286859438359,0.02364073233289948,23,37,0.08987997974428576,0.18916301647938671,True,False,False,3.6320156905802016e-05,COMPLETE
1697,0.4340132236480713,2025-04-12 09:54:13.157846,2025-04-12 09:55:50.268193,0 days 00:01:37.110347,0.49497177785583846,0.16563463846970314,2,0.057089985521812076,0.010639932157048802,0.08295297457989652,0.010082360258194034,0.07753859605777905,0.02652739947032386,0.044909620847961615,24,28,0.0932882807663275,0.1326402425533634,True,False,False,2.3432474878649833e-05,COMPLETE
1698,0.4506106734275818,2025-04-12 09:55:50.845543,2025-04-12 09:57:24.541490,0 days 00:01:33.695947,0.1567529621551629,0.22614813235412534,2,0.18179795022399903,0.035416971025346584,0.07490986670083286,0.01295467540255361,0.07518596008062269,0.03605482698161636,4.764368118116689e-05,23,33,0.09640725933145787,0.1829087299549843,True,False,False,1.954786203015941e-05,COMPLETE
1699,0.09307204186916351,2025-04-12 09:57:25.096607,2025-04-12 09:58:49.209079,0 days 00:01:24.112472,0.04359654665725887,0.18465737720321515,2,0.16331825711596612,0.017130540199510935,0.08047238703695787,0.018335036104881224,0.08385260470563818,0.033957116158388805,0.0549898683379002,24,41,0.08458172337759999,0.20116095516712823,True,True,False,1.1852867265514738e-05,COMPLETE
1700,0.4349677860736847,2025-04-12 09:58:49.764590,2025-04-12 10:00:29.175879,0 days 00:01:39.411289,0.12428035040783345,0.05206758428704065,2,0.17391739765931355,0.04917202058693079,0.07784359163474913,0.004848802691457344,0.08095174736109412,0.038627037924731086,0.02894460413496363,25,38,0.08098824290619215,0.19401114229115426,True,False,False,3.530361593042864e-05,COMPLETE
1701,0.47597424983978276,2025-04-12 10:00:29.746710,2025-04-12 10:02:03.284616,0 days 00:01:33.537906,0.07710470099111832,0.13607490994568688,2,0.14195389637710423,0.041786852675536154,0.0844777588196247,0.009092058415828328,0.011892778854682838,0.03635843525285319,0.013591358901803498,23,32,0.0877206197557215,0.214711613452618,True,False,False,1.6097380901785314e-05,COMPLETE
1702,0.4462729871273041,2025-04-12 10:02:03.835294,2025-04-12 10:03:39.864932,0 days 00:01:36.029638,0.17358261436291156,0.20312869313146797,2,0.18737172672049499,0.032477746745541575,0.08708625683614779,0.014622648899173252,0.0766536097291713,0.028591511755384366,0.02030031342460168,24,35,0.09134886380571157,0.18260187675361922,False,False,False,2.182919186202603e-05,COMPLETE
1703,0.4773247838020325,2025-04-12 10:03:40.441347,2025-04-12 10:05:21.104992,0 days 00:01:40.663645,0.10211933239989512,0.15781279391726977,2,0.16771776868195254,0.05270266977572575,0.07522436349975838,0.024988483274312214,0.07069509346807347,0.03263884077193442,0.041314281910565014,25,40,0.08953609917666132,0.204648061369322,True,False,False,2.9247814044110816e-05,COMPLETE
1704,0.4270171344280243,2025-04-12 10:05:21.661420,2025-04-12 10:06:52.642656,0 days 00:01:30.981236,0.029318256623791276,0.22500771450205123,2,0.15018658281822908,0.04687231257893882,0.08194968265584852,0.001171619409574564,0.08635800200133335,0.03593955422627997,0.03400540134633742,22,37,0.013115699069396157,0.23820594658800792,True,False,False,1.0188818008116431e-05,COMPLETE
1705,0.45219585895538333,2025-04-12 10:06:53.224539,2025-04-12 10:08:23.408887,0 days 00:01:30.184348,0.1482124118028938,0.1851976189350574,2,0.16021334352006628,0.025378327690753273,0.07755504626972405,0.022192459656083956,0.07864089536477348,0.03107510147050032,0.02477851209996967,22,30,0.04986959258704593,0.18948124516806264,True,False,False,6.516397645695302e-06,COMPLETE
