number,value,datetime_start,datetime_complete,duration,params_alpha-eval,params_alpha-train,params_batch-size,params_eps-eval,params_eps-train,params_lambda-actions-eval,params_lambda-actions-train,params_lambda-frames-eval,params_lambda-frames-train,params_learning-rate,params_n-epochs,params_n-frames,params_radius-gw,params_rho,params_std-feats,params_ub-actions,params_ub-frames,params_weight-decay,state
341,0.38832449316978457,2025-04-11 04:16:26.175901,2025-04-11 04:17:21.830986,0 days 00:00:55.655085,0.32928815037681075,0.12182386247116943,2,0.16908019701184285,0.059826555259688066,0.06946286232114945,0.027291133191917095,0.07306975922779665,0.0798434307342808,0.019224110337494403,11,41,0.09265805506695085,0.14078590914159875,True,False,False,8.813566615400465e-05,COMPLETE
342,0.45908542275428776,2025-04-11 04:17:21.938680,2025-04-11 04:18:12.861864,0 days 00:00:50.923184,0.36523396756421905,0.1809119670780023,2,0.15262142107302526,0.05077683143110091,0.06494594604932052,0.002180791374351459,0.07093962893033628,0.08491914673343164,0.022328575464829237,12,37,0.08953673457006066,0.1612725319477802,True,False,True,0.0001341811185748625,COMPLETE
343,0.47208533287048343,2025-04-11 04:18:12.969911,2025-04-11 04:19:14.649354,0 days 00:01:01.679443,0.29376513878275545,0.10303296606114554,2,0.1602108253754462,0.06993988260634443,0.07245666069941607,0.026170272769060553,0.08226823478556147,0.07737104606270208,0.01637815544794091,13,44,0.08527682718919224,0.16510653973897155,True,False,False,0.00010748635649661267,COMPLETE
344,0.4841834425926209,2025-04-11 04:19:14.757905,2025-04-11 04:20:14.054057,0 days 00:00:59.296152,0.35581467245995113,0.1419631818237788,2,0.17167624694811312,0.06144322685914287,0.0683165097439445,0.006594986280571715,0.06698451964381416,0.0813471375314037,0.011995286237567742,12,33,0.08747133476953536,0.15074591259447082,True,False,False,5.150459537135412e-05,COMPLETE
345,0.443541568517685,2025-04-11 04:20:14.174388,2025-04-11 04:21:19.674733,0 days 00:01:05.500345,0.3468611497121014,0.39549638631991196,2,0.1690685490732468,0.04772025584558292,0.06562052300539827,0.03308344524878594,0.06696345215400087,0.08925383704454636,0.011247805889802186,14,32,0.08190782221416544,0.1760003863708473,True,False,False,0.0001751662555539574,COMPLETE
346,0.4157942712306977,2025-04-11 04:21:19.783122,2025-04-11 04:22:23.217829,0 days 00:01:03.434707,0.3780048284724785,0.1604549834854258,2,0.16236029534034965,0.05579067275792851,0.06720120527461995,0.036993785725165707,0.06497106139955833,0.0828840534760676,0.008854457383791165,13,26,0.014785679006782314,0.1578016909652164,True,False,False,7.738991734560539e-05,COMPLETE
347,0.4846737861633301,2025-04-11 04:22:23.326549,2025-04-11 04:23:22.715231,0 days 00:00:59.388682,0.3606150128538174,0.14191498755235205,2,0.14949449225361017,0.06541482450452112,0.0686229801173127,0.003501156352864923,0.06768632749620668,0.08643813864899111,0.012947695608140478,12,31,0.08770170238753096,0.13101312689193398,True,False,False,4.6521668267439606e-05,COMPLETE
348,0.4714911878108978,2025-04-11 04:23:22.824855,2025-04-11 04:24:18.937178,0 days 00:00:56.112323,0.3572784948583048,0.14218714370067603,2,0.14359108221818034,0.07429685204830408,0.06413416243574789,0.02921368369498506,0.06787119440104025,0.09259485281138376,0.013085323893655005,11,29,0.08507606292306298,0.13218113045206004,True,False,False,3.166076977461312e-05,COMPLETE
349,0.4776963233947754,2025-04-11 04:24:19.065895,2025-04-11 04:25:17.870096,0 days 00:00:58.804201,0.33147941322600155,0.17668282513963873,2,0.14989818357188267,0.06495698129922219,0.06746219626854165,0.031187533473599642,0.06762093160360175,0.08621232040653419,0.013019496955831296,12,34,0.08716775064163225,0.14176870639178935,True,False,False,1.8850272302746074e-05,COMPLETE
350,0.47160235047340393,2025-04-11 04:25:17.981473,2025-04-11 04:26:08.931947,0 days 00:00:50.950474,0.35559327097525817,0.13718698623041067,2,0.1556254811208745,0.0822467280273097,0.06916466623445712,0.0022193254830011567,0.06618801788532899,0.08827926247627634,0.011047231359855811,12,34,0.08793167399089843,0.18614243282281737,True,False,True,4.2403166143955385e-05,COMPLETE
351,0.40762671232223513,2025-04-11 04:26:09.042062,2025-04-11 04:27:05.611361,0 days 00:00:56.569299,0.3175956393411777,0.18889376601282298,2,0.1738002994674849,0.07134152597220891,0.06565407335334407,0.0283511217824796,0.06855748661672158,0.0904093710377375,0.01440879069515497,11,30,0.025280342800176037,0.14930278959846494,True,False,False,4.9504192454163235e-05,COMPLETE
352,0.4454344749450684,2025-04-11 04:27:05.725856,2025-04-11 04:28:04.085217,0 days 00:00:58.359361,0.3956261243479062,0.05921972822150855,2,0.14059743691798057,0.06360018234948465,0.06822776248188336,0.004688485465708375,0.06493068439658053,0.08555975292173006,0.010498933956826382,12,36,0.08355604127573989,0.16945517541019328,True,False,False,1.1845664365545527e-07,COMPLETE
353,0.3964541912078858,2025-04-11 04:28:04.206901,2025-04-11 04:29:00.841779,0 days 00:00:56.634878,0.3731771403499576,0.11259016366217017,2,0.14981310766499956,0.058660801262121254,0.07493066454453431,0.004369529745147443,0.05299527523941342,0.08704223521643507,0.01268996844222003,11,22,0.08653025407868138,0.16189778062063875,True,False,False,6.37095178428124e-05,COMPLETE
354,0.09307204186916351,2025-04-11 04:29:00.952907,2025-04-11 04:29:53.502866,0 days 00:00:52.549959,0.07940695944843193,0.16516510082225053,2,0.0009148178489546133,0.06855762323334967,0.06392439530170886,0.033459658242371654,0.0734900582456289,0.08420196230541181,3.8506297895369193e-05,12,90,0.08907654669145922,0.15553580889933508,True,True,False,4.8390465705495735e-05,COMPLETE
355,0.47489079236984255,2025-04-11 04:29:53.614146,2025-04-11 04:30:55.801992,0 days 00:01:02.187846,0.336769221176884,0.13758304807020255,2,0.16635230927268652,0.07436703986361279,0.07091325257081542,0.005110562935793105,0.0695811378757401,0.0792826981801058,0.00847872947736208,13,40,0.08061261918435189,0.13619253618515584,True,False,False,3.8644304469682096e-05,COMPLETE
356,0.25603588819503786,2025-04-11 04:30:55.915165,2025-04-11 04:32:05.101769,0 days 00:01:09.186604,0.3487353100441429,0.08940954549676818,2,0.15694126127453065,0.06029577726663752,0.06599712350032766,0.003256190870282483,0.0712012695934684,0.08080868995756058,0.015246748447254035,15,113,0.0853379035944434,0.14625759524107534,False,False,False,6.801998980308528e-05,COMPLETE
357,0.48499648571014403,2025-04-11 04:32:05.224243,2025-04-11 04:33:05.251125,0 days 00:01:00.026882,0.3974210242273869,0.1547286305331409,2,0.17372788868194047,0.050306598381407636,0.06857532205943952,0.009012152705396057,0.08107956851793291,0.0758339419766674,0.010505137509741922,12,33,0.0882447344069885,0.17942798503147533,True,False,False,0.00013155425135495528,COMPLETE
358,0.4063451111316681,2025-04-11 04:33:05.364384,2025-04-11 04:34:01.427386,0 days 00:00:56.063002,0.3740140563348381,0.11289261666559447,2,0.18675199705129583,0.06593145299608584,0.06886928923639965,0.0069548377087969805,0.08802427765040863,0.07428512793265883,0.012395838665123643,11,25,0.08286646775078635,0.18387011205646972,True,False,False,6.872255256260962e-08,COMPLETE
359,0.46621846556663515,2025-04-11 04:34:01.540434,2025-04-11 04:34:53.102226,0 days 00:00:51.561792,0.3962849799329361,0.1485104667080317,2,0.1775514067226955,0.08032449166981565,0.07321205051575605,0.009514917182582506,0.08038849761974977,0.07632029860708672,0.007658259993568388,12,32,0.08757040070810834,0.1923068774528809,True,False,True,0.0001573833138262002,COMPLETE
360,0.38801810145378113,2025-04-11 04:34:53.226622,2025-04-11 04:35:53.196670,0 days 00:00:59.970048,0.3108390165438123,0.129037045597666,2,0.1700237501801112,0.048325196922283216,0.07112758379153646,0.005651521522834898,0.07686229054329383,0.07780935462603332,0.00958459548242601,12,28,0.0864069609217528,0.17449538333529022,True,False,False,2.7652987539576493e-05,COMPLETE
361,0.44072713851928713,2025-04-11 04:35:53.310212,2025-04-11 04:36:49.226082,0 days 00:00:55.915870,0.3603776699327594,0.0866186339699208,2,0.1802427613792878,0.09672395659567072,0.06822408702549644,0.007233160459292426,0.08203152523740968,0.07547330203839782,0.01736912247464816,11,34,0.08862780301309563,0.17899751706084954,True,False,False,8.381471714899039e-05,COMPLETE
362,0.4678608536720276,2025-04-11 04:36:49.341509,2025-04-11 04:37:48.914339,0 days 00:00:59.572830,0.33424275964363276,0.15254143165098807,2,0.1725034424291074,0.0571225018838235,0.07009485337760574,0.011632470265525646,0.08353239044424432,0.07891281398202205,0.014772000337612726,12,30,0.08464429140772284,0.16792673495160423,True,False,False,0.00013368653532311116,COMPLETE
363,0.4854694247245789,2025-04-11 04:37:49.028857,2025-04-11 04:38:51.360110,0 days 00:01:02.331253,0.0427448424563089,0.10722741223271764,2,0.16399971929276683,0.07163103943384438,0.07285504979980806,0.012169326421061997,0.07280639179066516,0.0737844272230646,0.011273828016050017,13,33,0.09021235631763423,0.18025272367246753,True,False,False,9.404016917544527e-05,COMPLETE
364,0.44949600100517273,2025-04-11 04:38:51.487834,2025-04-11 04:39:56.664428,0 days 00:01:05.176594,0.026911060373503222,0.06526774212203079,2,0.1767119857395297,0.07350192978574388,0.07420198467176824,0.009651796045758526,0.07895480946009983,0.07438424437115845,0.009816491883673307,14,32,0.08975396205988798,0.18105539141545687,True,False,False,0.0001742517336825683,COMPLETE
365,0.4192943155765534,2025-04-11 04:39:56.779338,2025-04-11 04:40:59.331546,0 days 00:01:02.552208,0.041764156869595934,0.5978832114439898,2,0.16525113758302215,0.07889396066772457,0.07625492211133947,0.015099247051502293,0.07348822123977407,0.0761511181469499,0.006296190554604933,13,28,0.08739852495001778,0.18508040602433423,True,False,False,0.00010399491957705087,COMPLETE
366,0.45536913275718693,2025-04-11 04:40:59.448785,2025-04-11 04:42:01.870868,0 days 00:01:02.422083,0.08952635706483876,0.10336058585172755,2,0.1610251061824776,0.08537950348546613,0.06685567416469636,0.012119602268121903,0.08081150527900513,0.07450372328250275,0.0077346465454396825,13,35,0.08576031027238784,0.19033435019559053,True,False,False,8.896968331600772e-05,COMPLETE
367,0.45816707611083984,2025-04-11 04:42:01.985862,2025-04-11 04:42:57.919503,0 days 00:00:55.933641,0.06167215215361601,0.11548081451326832,2,0.17050927328306573,0.0694495395532159,0.06940514948650182,0.006266898781631215,0.06932542040500833,0.07292156288708486,0.011562053863426064,14,25,0.08886071094311562,0.178121821934362,True,False,True,0.00012902273288800008,COMPLETE
368,0.4656386077404022,2025-04-11 04:42:58.043805,2025-04-11 04:44:00.028323,0 days 00:01:01.984518,0.04810128964410555,0.07867561570864327,2,0.18861028366700036,0.04535807766941395,0.06338788209995475,0.008254503542310648,0.07848277890282095,0.07696214810971326,0.005316213747554047,13,31,0.08334702777494613,0.17011014215786335,True,False,False,0.0001848542789785945,COMPLETE
369,0.46387502551078796,2025-04-11 04:44:00.145347,2025-04-11 04:44:58.939128,0 days 00:00:58.793781,0.013179883244470777,0.09734825902697125,2,0.14998249954880724,0.05369979874819404,0.07236757190275901,0.012997769823653053,0.06742480608386908,0.07260680180612433,0.025103587110674404,12,34,0.09092191278555374,0.17334772977804042,True,False,False,0.0001350989252004077,COMPLETE
370,0.4637351393699646,2025-04-11 04:44:59.055457,2025-04-11 04:45:55.638842,0 days 00:00:56.583385,0.3951971615730496,0.1299884092125293,2,0.16804946255773665,0.06081042958877937,0.06834553130566487,0.030597636261968143,0.07594096779456978,0.0784699397209411,0.013991457992437336,11,29,0.09272921720564353,0.1616367424223024,True,False,False,5.108481206722182e-05,COMPLETE
371,0.475342607498169,2025-04-11 04:45:55.766743,2025-04-11 04:46:55.147623,0 days 00:00:59.380880,0.37607301738015597,0.15945919208277248,2,0.15976455739734438,0.07062947894360612,0.06627835503012568,0.010831451611208603,0.07090785847692352,0.0795389370739848,0.008706243743953512,12,36,0.08762067183893503,0.1642067478646136,True,False,False,0.00010821118896671998,COMPLETE
372,0.418298602104187,2025-04-11 04:46:55.263238,2025-04-11 04:47:16.509082,0 days 00:00:21.245844,0.3574325303447009,0.19020763120153447,16,0.18374047014878608,0.06291574681391127,0.0993922564048939,0.0010328048215268895,0.07457781166792724,0.07667401381917648,0.018950053278266748,13,5,0.09011514929708994,0.1938916239741178,True,False,False,5.768594097826122e-05,COMPLETE
373,0.41135993003845217,2025-04-11 04:47:16.627800,2025-04-11 04:48:13.095252,0 days 00:00:56.467452,0.14526750349813441,0.11593201495885222,2,0.1744539297184877,0.12964124277844907,0.07091563207731028,0.05303390548398208,0.06895136088559967,0.08083238198880283,0.010382297627528545,14,33,0.08537353290552942,0.18188028807405265,True,True,False,8.542855464858743e-05,COMPLETE
374,0.4548121213912964,2025-04-11 04:48:13.212080,2025-04-11 04:49:15.191760,0 days 00:01:01.979680,0.5022014323983808,0.14212093052350583,2,0.14607340801394766,0.05353491738223097,0.06448549264952678,0.00945616678885653,0.08375480314641683,0.0834157284422257,0.012505341731826883,13,31,0.08833248478857951,0.17375227837853624,True,False,False,1.7980513594993778e-08,COMPLETE
375,0.43505781292915346,2025-04-11 04:49:15.320138,2025-04-11 04:50:04.343604,0 days 00:00:49.023466,0.10296848101793953,0.1647146206303827,2,0.15551463256334405,0.058586109832474566,0.07381725439128696,0.027985926249745004,0.051406231514135106,0.07846969266917514,0.007022804066385297,11,37,0.09051936829204013,0.03046826578800603,True,False,True,0.00014245666993934692,COMPLETE
376,0.35002520084381106,2025-04-11 04:50:04.461646,2025-04-11 04:51:03.690977,0 days 00:00:59.229331,0.4055291098332009,0.10413125165425309,2,0.16545314691355487,0.09048825262098054,0.06765257769008526,0.003678882220394684,0.06626774353070206,0.08131716768989822,0.01644046612061455,12,27,0.09331229458323922,0.1562155473896688,False,False,False,7.227993956301317e-05,COMPLETE
377,0.44719967842102054,2025-04-11 04:51:03.810955,2025-04-11 04:52:02.585542,0 days 00:00:58.774587,0.38168125774668016,0.32104038023812315,2,0.1393413526107394,0.07684674069103542,0.0617337780019218,0.03220124026994869,0.014882830194119928,0.07322299795281505,0.009359949243433778,12,34,0.08700382833973731,0.16589861690386978,True,False,False,0.00010319755783444565,COMPLETE
378,0.47718634605407717,2025-04-11 04:52:02.703971,2025-04-11 04:53:04.637902,0 days 00:01:01.933931,0.03465012565509306,0.1334707587324613,2,0.1768743090058227,0.048664465188087334,0.06986252355509472,0.08910674221151757,0.07316557111559169,0.07582412299482859,0.014241442723385964,13,40,0.08373096993639834,0.14649194207153668,True,False,False,3.565329929257336e-05,COMPLETE
379,0.480325973033905,2025-04-11 04:53:04.766985,2025-04-11 04:54:06.679916,0 days 00:01:01.912931,0.3468366490633728,0.08227032984500948,2,0.1598534764319036,0.06768144481204154,0.06635313856150826,0.026590967895307793,0.07000211226708732,0.085418963428571,0.010894261672190438,13,36,0.08940805681433321,0.15867491115609272,True,False,False,0.0001178823856542939,COMPLETE
380,0.468453323841095,2025-04-11 04:54:06.798939,2025-04-11 04:55:06.040861,0 days 00:00:59.241922,0.3453459230103737,0.07964331079852485,2,0.16302396776089925,0.06818058560433757,0.06608907365362725,0.029243939940803022,0.06983210519376062,0.08841278117645929,0.020854612776656643,12,43,0.09289730157227775,0.1718704434524609,True,False,False,6.534981939912059e-05,COMPLETE
381,0.4668044447898865,2025-04-11 04:55:06.163627,2025-04-11 04:56:11.054087,0 days 00:01:04.890460,0.3289178502934183,0.05185261042997086,2,0.17269085416901564,0.07613073319802445,0.06408905335611444,0.09851446357416531,0.06782490346475609,0.08668619236328882,0.01132559171419216,14,38,0.0906446678837505,0.18815758389972592,True,False,False,8.6952325330989e-05,COMPLETE
382,0.24211851358413697,2025-04-11 04:56:11.185560,2025-04-11 04:57:09.075705,0 days 00:00:57.890145,0.3597643658572946,0.06082527756542318,2,0.16869431350113906,0.06538946637545563,0.06745129484459887,0.027027731428490166,0.07222456668403988,0.09087305586027512,0.016157065859714045,11,136,0.08921566411907979,0.14112883013840438,True,False,False,0.00011296066356229644,COMPLETE
383,0.45345864295959476,2025-04-11 04:57:09.196243,2025-04-11 04:57:31.264920,0 days 00:00:22.068677,0.38479694046207236,0.04451084586096442,16,0.18117637458199007,0.07086127358412861,0.06270676038785465,0.030088246507628424,0.06505696003532366,0.08528790080154465,0.013447104930605231,12,36,0.09511204190149852,0.16137857018280624,True,False,False,1.0445619551326807e-05,COMPLETE
384,0.4005871117115021,2025-04-11 04:57:31.385363,2025-04-11 04:58:25.106146,0 days 00:00:53.720783,0.3176927585674229,0.0845511187516641,2,0.15976058028344342,0.08211904810111081,0.06587931514891297,0.03421408860803965,0.07141827769099109,0.08338805327754463,0.011281966393051885,13,19,0.09177114454321475,0.152953850248336,True,False,True,5.3467025793808775e-05,COMPLETE
385,0.44703353047370914,2025-04-11 04:58:25.241385,2025-04-11 04:59:20.769417,0 days 00:00:55.528032,0.368600610191418,0.09991213525821797,2,0.1478185061909462,0.06303510982312019,0.06855801002129612,0.013350033202035485,0.06815498538568866,0.08504261274901705,0.007681782444891116,11,41,0.042356539837702545,0.18103058021281476,True,False,False,0.00019244333829246627,COMPLETE
386,0.4596477031707764,2025-04-11 04:59:20.891823,2025-04-11 05:00:22.808230,0 days 00:01:01.916407,0.40251927586216485,0.19468742286225657,2,0.164122605979046,0.07140526899431421,0.06979953022115468,0.03133712584260094,0.06958923569938004,0.08802366143489349,0.010426122277648829,13,35,0.08936347522564608,0.16894268282878763,True,False,False,9.203785245140619e-05,COMPLETE
387,0.3824237763881684,2025-04-11 05:00:22.929999,2025-04-11 05:01:27.579641,0 days 00:01:04.649642,0.34529895703096575,0.1163130801266551,2,0.1529590393099576,0.05270054183036078,0.06483014773303426,0.02629716887598689,0.06704445054094861,0.007848783706804995,0.01729553794944572,14,39,0.09735968879929784,0.14914981547344724,True,False,False,6.961770584885145e-05,COMPLETE
388,0.4595785856246949,2025-04-11 05:01:27.701765,2025-04-11 05:02:27.491605,0 days 00:00:59.789840,0.31792563897107706,0.15551674316320702,2,0.17213109003183685,0.06558911800348047,0.068660743370326,0.00619849724309985,0.07033755344018514,0.08242424163899367,0.012954578252510111,12,30,0.08569544912611736,0.15981806006605043,True,False,False,0.00015431889238023906,COMPLETE
389,0.4701753735542298,2025-04-11 05:02:27.624536,2025-04-11 05:03:27.328823,0 days 00:00:59.704287,0.454766343135819,0.072585105852,2,0.16114290107358553,0.04373847043318827,0.06625368183135161,0.028979531002336963,0.06659939543549265,0.07790232686583203,0.00911286418581607,12,33,0.09212781366744865,0.17653586057011272,True,False,False,0.00011381970996580624,COMPLETE
390,0.46653977036476135,2025-04-11 05:03:27.452350,2025-04-11 05:04:36.157615,0 days 00:01:08.705265,0.3779001544358542,0.17816242857400383,2,0.19173381947101895,0.07610729883257958,0.06740805664590079,0.09494285531040775,0.06478361041001571,0.08528286942395043,0.015154064914798305,15,37,0.08161517890433581,0.1409967307531096,True,False,False,4.314161923725348e-05,COMPLETE
391,0.4868605136871338,2025-04-11 05:04:36.281209,2025-04-11 05:05:38.018607,0 days 00:01:01.737398,0.33740795775719085,0.09650414849238205,2,0.17766546458458432,0.05699390571258153,0.0720598328892012,0.03189859413210581,0.07247650957092137,0.07973257998035345,0.011664013779294524,13,43,0.08811797570224844,0.1643554213095065,True,False,False,8.504028162663843e-05,COMPLETE
392,0.38355157375335697,2025-04-11 05:05:38.157244,2025-04-11 05:06:32.211408,0 days 00:00:54.054164,0.35006186791041904,0.08369473208110127,2,0.1839740717080021,0.062146466597102185,0.0721786500247638,0.03214193353972479,0.07362912519268536,0.07959516121718259,0.01964787781599934,13,46,0.08627186632567337,0.169039656257874,True,False,True,5.670800016573927e-05,COMPLETE
393,0.09307204186916351,2025-04-11 05:06:32.337993,2025-04-11 05:07:25.616435,0 days 00:00:53.278442,0.3253290539419517,0.09472067036916479,2,0.1792927539056988,0.059170860982525594,0.07141532138598275,0.03562492950980266,0.07471943996713093,0.07534852176242675,0.012979889315000591,13,43,0.08805652766541158,0.16361890847072624,True,True,False,8.181152864674158e-05,COMPLETE
394,0.48882056474685676,2025-04-11 05:07:25.739547,2025-04-11 05:08:31.092083,0 days 00:01:05.352536,0.3093389675107658,0.039380627836271505,2,0.17829603622972212,0.06877649704737264,0.07103188076500683,0.027557131675704883,0.0725938916661719,0.07749886569359123,0.005796535583165348,14,41,0.08430912467737471,0.17695501357108714,True,False,False,6.627857123935465e-05,COMPLETE
395,0.4344073474407196,2025-04-11 05:08:31.216734,2025-04-11 05:09:36.512463,0 days 00:01:05.295729,0.28730813706098113,0.06569748568478687,2,0.18731708242410477,0.08708113703110505,0.075823070005811,0.030041593915317,0.07198882545512743,0.07725110053736486,0.00518118602131929,14,43,0.07978004909412863,0.17891746315098478,False,False,False,4.476416854660075e-05,COMPLETE
396,0.42377257943153385,2025-04-11 05:09:36.647059,2025-04-11 05:10:45.259878,0 days 00:01:08.612819,0.3055435122290374,0.02561173384678532,2,0.18028671339394117,0.1171161116037849,0.0721205137692982,0.03386161262431838,0.07633718104464049,0.07367459052208776,0.0066007989582742045,15,41,0.0830959003361824,0.18812588448808068,True,False,False,6.28754597537637e-05,COMPLETE
397,0.31630097627639775,2025-04-11 05:10:45.385616,2025-04-11 05:11:50.499022,0 days 00:01:05.113406,0.3087325674957377,0.026840568274619697,2,0.1732713779372461,0.08131329980470646,0.07035100203530881,0.027993386872087446,0.07418948125388371,0.0793285975783249,0.006164534032434029,14,48,0.08471332849760074,0.05241056773583108,True,False,False,6.086512047459507e-06,COMPLETE
