number,value,datetime_start,datetime_complete,duration,params_alpha-eval,params_alpha-train,params_batch-size,params_eps-eval,params_eps-train,params_lambda-actions-eval,params_lambda-actions-train,params_lambda-frames-eval,params_lambda-frames-train,params_learning-rate,params_n-epochs,params_n-frames,params_radius-gw,params_rho,params_std-feats,params_ub-actions,params_ub-frames,params_weight-decay,state
1253,0.4155737280845643,2025-04-11 21:55:10.905843,2025-04-11 21:56:40.227360,0 days 00:01:29.321517,0.11785797062178939,0.6261814722082688,2,0.027606601858834748,0.025681079026576587,0.08967958892814798,0.01328082143256872,0.07625661757553445,0.026048957670575613,0.018778801455601766,22,29,0.0822923348283448,0.18842777453867715,True,False,False,1.730138750762873e-05,COMPLETE
1254,0.48525274991989137,2025-04-11 21:56:40.635993,2025-04-11 21:58:10.688066,0 days 00:01:30.052073,0.13499008636435966,0.2438772104821043,2,0.1232126538204186,0.013940265992758674,0.08554438552216949,0.01548676945265764,0.07558969318055615,0.03093169325130173,0.015878478089083804,22,33,0.0796942970132182,0.18520304442525673,True,False,False,2.2468165942913994e-05,COMPLETE
1255,0.16639546453952792,2025-04-11 21:58:11.117933,2025-04-11 21:59:36.346464,0 days 00:01:25.228531,0.11154959714693642,0.23610592945071335,2,0.02471371902871669,0.006524477550163887,0.08613166511688845,0.012701366150798114,0.07380500734029373,0.03771255037143025,0.01697352675526366,23,141,0.08429268588398159,0.1987118637464736,True,False,True,2.2358453825989916e-05,COMPLETE
1256,0.09307204186916351,2025-04-11 21:59:36.767624,2025-04-11 22:01:09.573424,0 days 00:01:32.805800,0.10985761815111819,0.2479912005113462,2,0.08997396361913397,0.00024504698705837824,0.08688760861474933,0.015748752775371216,0.0759736212272303,0.02214696054546,0.014134824488350541,23,29,0.07832274687551977,0.21358557127878255,True,False,False,2.3505071131761884e-05,COMPLETE
1257,0.4065406203269959,2025-04-11 22:01:09.988914,2025-04-11 22:02:41.404759,0 days 00:01:31.415845,0.1355742688031732,0.22072829989813839,2,0.09796854498632294,0.01439667485816926,0.08390695818781826,0.013779796359997364,0.08224051766846609,0.0340122853766409,0.00014831330418296925,22,23,0.0829063310536996,0.18856818376869872,True,False,False,1.6213336371400296e-05,COMPLETE
1258,0.09307204186916351,2025-04-11 22:02:41.820214,2025-04-11 22:04:15.381920,0 days 00:01:33.561706,0.4627057115785189,0.2673525145036966,2,0.07071801899095895,0.004991323102933348,0.08673523495168975,0.012389750244201619,0.08262920777473619,0.02394045521101321,0.012846948394231,23,34,0.08426390175643658,0.22211926419456912,True,False,False,1.7153764363418466e-05,COMPLETE
1259,0.47577077150344854,2025-04-11 22:04:15.795819,2025-04-11 22:05:49.487588,0 days 00:01:33.691769,0.44521454936378446,0.22843375877798122,2,0.06575509627523421,0.008533056725773737,0.08873903675748489,0.015526668601160323,0.04587123684663168,0.03210413362078069,0.018802191277593545,23,31,0.08406377306161164,0.19717944243023816,True,False,False,1.2834011722770855e-05,COMPLETE
1260,0.45394933223724365,2025-04-11 22:05:49.906044,2025-04-11 22:07:20.986622,0 days 00:01:31.080578,0.0990572538830419,0.25569591934865005,2,0.17868081096970764,0.02753795564351057,0.08344420175304315,0.011467547370628002,0.08399434999504601,0.02643603471476259,0.021622230948201288,22,34,0.08126919797936502,0.20364034054126115,True,False,False,1.9321356180602048e-05,COMPLETE
1261,0.4612371027469635,2025-04-11 22:07:21.401536,2025-04-11 22:08:54.182053,0 days 00:01:32.780517,0.1187603643257592,0.21366409564531524,2,0.1246432862603622,0.01642018787741719,0.08499306422835459,0.09564165650155673,0.07712501004992572,0.024485969300743815,0.017225254898471355,23,34,0.08085531699216583,0.2086949945373691,True,False,False,9.475767377064783e-06,COMPLETE
1262,0.47663615345954896,2025-04-11 22:08:54.599435,2025-04-11 22:10:25.240148,0 days 00:01:30.640713,0.13956603455977684,0.22861415312838293,2,0.042210062060268234,0.006618922534320772,0.08945256272111456,0.014049818685716559,0.08153352399243043,0.01723212076045407,0.02346881176636583,22,37,0.08427374784841475,0.23235238149084345,True,False,False,2.4614385074293434e-05,COMPLETE
1263,0.44260520935058595,2025-04-11 22:10:25.659546,2025-04-11 22:11:58.443125,0 days 00:01:32.783579,0.5138925530454792,0.2079795429263119,2,0.09035101286233187,0.025811371838159132,0.08224724810304551,0.0156185270472325,0.07797563073452919,0.014023816415108817,0.013291762989523502,23,26,0.08498150123388341,0.18942614807543157,True,False,False,1.583190077004659e-05,COMPLETE
1264,0.09307204186916351,2025-04-11 22:11:58.858489,2025-04-11 22:13:19.053465,0 days 00:01:20.194976,0.09653356095142805,0.2870003025363252,2,0.03363272214685116,0.008899931517881848,0.08529518930083653,0.017277886596198447,0.08375387295700137,0.02705039469386999,0.021548762563959635,23,35,0.0851170400476665,0.1837968539995662,True,True,False,1.2959218930872548e-05,COMPLETE
1265,0.453174501657486,2025-04-11 22:13:19.470206,2025-04-11 22:14:50.144527,0 days 00:01:30.674321,0.22877611635167652,0.2536725387221287,2,0.10988206688572397,0.03306359130651444,0.08242701309652832,0.011892405369159757,0.07519156352986105,0.02035571644489558,0.01764074901639198,22,31,0.08215424669828002,0.1964214808754646,True,False,False,2.6512969838296487e-05,COMPLETE
1266,0.4375730097293854,2025-04-11 22:14:50.560538,2025-04-11 22:16:24.323149,0 days 00:01:33.762611,0.12284609812492087,0.20610275648225904,2,0.12747575043635384,0.012694910654693164,0.08711323976380735,0.013923152888651591,0.08167656308452212,0.029441777442025887,0.024261594245195604,23,39,0.08265838295976317,0.2156516721289543,False,False,False,2.098534724459189e-05,COMPLETE
1267,0.47118754386901857,2025-04-11 22:16:24.740493,2025-04-11 22:17:55.295805,0 days 00:01:30.555312,0.14050697938484463,0.23188654226822653,2,0.2031113273279706,0.023115159741384575,0.08467308810126628,0.016387640767116764,0.0848665761654588,0.03947992980184647,0.018890585005223653,22,40,0.08562818682003213,0.22830432949766766,True,False,False,1.853606262145618e-05,COMPLETE
1268,0.4459742665290833,2025-04-11 22:17:55.709883,2025-04-11 22:19:29.165124,0 days 00:01:33.455241,0.09621676803261481,0.12927753821558402,2,0.09181290523244096,0.010560279499873941,0.08285009264299882,0.013143645233305997,0.010522794667023584,0.022982769744509836,0.02654812340093803,23,35,0.07765709131319372,0.18580173029869168,True,False,False,1.0423969280578097e-05,COMPLETE
1269,0.4460249602794647,2025-04-11 22:19:29.580280,2025-04-11 22:21:02.984810,0 days 00:01:33.404530,0.11281581542317826,0.10452447265198304,2,0.06554795030822831,0.03664031649925183,0.08344333329726322,0.01668875388198518,0.07942147017507435,0.02583545855252149,0.020488567442248955,23,38,0.051527921772320184,0.20263968012156125,True,False,False,1.449150942468935e-05,COMPLETE
1270,0.38944237232208256,2025-04-11 22:21:03.395169,2025-04-11 22:22:33.529783,0 days 00:01:30.134614,0.08644917020886869,0.07193631216922455,2,0.1001864762422402,0.020371859078462184,0.08727064230871881,0.011846572839763467,0.08207087594697476,0.02797798577053511,0.023859411937459742,22,41,0.08007983657012145,0.2216923927297163,True,False,False,2.3134400148913755e-05,COMPLETE
1271,0.4497117042541504,2025-04-11 22:22:33.963495,2025-04-11 22:24:02.722829,0 days 00:01:28.759334,0.14711039697263734,0.2140734346315422,2,0.0818823071705087,0.09788255728197082,0.090544192030489,0.014706574968312713,0.07724118178722536,0.007575385141527623,0.014084303527505457,21,28,0.08278868001442785,0.061538688746070824,True,False,False,2.6920617016728116e-05,COMPLETE
1272,0.3115354418754578,2025-04-11 22:24:03.143668,2025-04-11 22:25:23.508447,0 days 00:01:20.364779,0.21714701004702922,0.24015867229322854,2,0.11196445004076831,0.0032932463076172577,0.08157832096448678,0.017028512829698028,0.08363642567191076,0.016233902241347267,0.02529982989061503,23,34,0.08564808590740967,0.19352790865414712,True,False,True,1.4084208808228996e-05,COMPLETE
1273,0.48232489824295044,2025-04-11 22:25:23.928675,2025-04-11 22:26:58.020773,0 days 00:01:34.092098,0.11320700158862748,0.19977333498447322,2,0.07169824250697494,0.03266057688132758,0.0845551817694516,0.010905588737428876,0.07947813564182793,0.023748484346416,0.015845024093052246,23,39,0.08349196482089906,0.15110867167175537,True,False,False,1.1027537773115758e-05,COMPLETE
1274,0.44552987813949585,2025-04-11 22:26:58.445376,2025-04-11 22:28:25.528526,0 days 00:01:27.083150,0.1257672187970756,0.34329393743287856,2,0.051792105631267564,0.014182140221281631,0.08132405383740693,0.01475880369220249,0.07308520326802316,0.033064125906086796,0.019849048818012586,21,31,0.08587237880284113,0.20945757629189354,True,False,False,7.47651043718049e-06,COMPLETE
1275,0.48166235685348513,2025-04-11 22:28:25.948661,2025-04-11 22:29:56.922747,0 days 00:01:30.974086,0.2402393143828213,0.26110872670153434,2,0.1393035988573491,0.019129086177521154,0.08328685599756136,0.017907602004634687,0.08150667269289492,0.0032131777110629657,0.028015122377515703,22,36,0.08477746501233446,0.032790091705217614,True,False,False,1.8864541800789218e-05,COMPLETE
1276,0.4859752893447876,2025-04-11 22:29:57.339648,2025-04-11 22:31:30.544018,0 days 00:01:33.204370,0.15059461489825543,0.22301360289044592,2,0.04411576434552708,0.029614952018856215,0.08525178826202211,0.013217456632951687,0.09438713804006245,0.030086856966638688,0.02294532743730625,23,42,0.08025759630692864,0.1842282131679599,True,False,False,2.8499630301366018e-05,COMPLETE
1277,0.4746716976165772,2025-04-11 22:31:30.958641,2025-04-11 22:33:01.909104,0 days 00:01:30.950463,0.09141788648340621,0.1957916545958262,2,0.13507553925591662,0.03753595009196641,0.08917188924402483,0.015312709706581792,0.084998297193846,0.01160208244294892,0.016724020805724226,22,45,0.0822333411489122,0.1892464422237386,True,False,False,1.6448376611670048e-05,COMPLETE
1278,0.4626556217670441,2025-04-11 22:33:02.327958,2025-04-11 22:34:35.559987,0 days 00:01:33.232029,0.10725362457989815,0.11713651734878001,2,0.08277702755348305,0.024735040526364757,0.08071505052317635,0.010507770653848322,0.08118551897216687,0.023176868208136987,0.02704523726170953,23,37,0.08646371501414052,0.199483286553501,True,False,False,2.4589696618355395e-05,COMPLETE
1279,0.45213286280632026,2025-04-11 22:34:35.980682,2025-04-11 22:36:09.594179,0 days 00:01:33.613497,0.13646534083743267,0.15758485516119874,2,0.054470485381793984,0.020900470263222424,0.08096929392376688,0.01746164494714707,0.07669174454007935,0.04283855024351531,0.02270474625000726,23,32,0.0864442022418186,0.21369211879086616,True,False,False,1.0201349904889766e-05,COMPLETE
1280,0.35142095685005187,2025-04-11 22:36:10.011047,2025-04-11 22:37:48.914108,0 days 00:01:38.903061,0.07523131831145892,0.23849940707076167,2,0.20928039169347568,0.03942314380447385,0.08681511870441264,0.012996069474807456,0.08373399220100615,0.0366290531765941,0.019352509550697002,24,77,0.08420827355301887,0.18262623632300773,True,False,False,1.927920576156279e-05,COMPLETE
1281,0.46472012996673584,2025-04-11 22:37:49.327774,2025-04-11 22:39:20.079921,0 days 00:01:30.752147,0.15290914782055437,0.17841062941467345,2,0.10706603449119342,0.03676228384122618,0.08321469187555935,0.018790984444624133,0.07867925904152138,0.019760721248769934,0.013312176969551308,22,40,0.08716774249369608,0.2373438689584171,True,False,False,1.3322925973409105e-05,COMPLETE
1282,0.09307204186916351,2025-04-11 22:39:20.499531,2025-04-11 22:40:40.533481,0 days 00:01:20.033950,0.05454103775004622,0.21688329795715933,2,0.08770981859802988,0.0421229301034584,0.0801446249259303,0.016020968368985953,0.09330277413238472,0.030544985318243636,0.027620117387233502,23,43,0.06595959898691195,0.1949837862730129,True,True,False,2.74717765134556e-05,COMPLETE
1283,0.4748407363891602,2025-04-11 22:40:40.951201,2025-04-11 22:42:07.949168,0 days 00:01:26.997967,0.6180822427338123,0.13461089136987983,2,0.08176188871486903,0.04186004635695394,0.09082169047086106,0.011471040968902595,0.07492331106594234,0.009876252250001698,0.030311150921093728,21,46,0.08177112785502491,0.19026978854362098,True,False,False,5.728322007057638e-06,COMPLETE
1284,0.44254062175750736,2025-04-11 22:42:08.406603,2025-04-11 22:43:43.720908,0 days 00:01:35.314305,0.6767528623371587,0.19724663095684677,2,0.09612340009392768,0.017208913270700784,0.0846643760566416,0.009796458254862165,0.08027164814747301,0.0328222721565084,0.024619397936340468,24,38,0.08410751746379451,0.2026595122623917,False,False,False,2.181747711535182e-05,COMPLETE
1285,0.48684127330780036,2025-04-11 22:43:44.144045,2025-04-11 22:45:29.969294,0 days 00:01:45.825249,0.1244450683637246,0.1634363901407899,2,0.12195120255746356,0.03437678224003413,0.07955601184368616,0.014266967585905408,0.08652221722250734,0.004968039276495577,0.017946064566272794,27,34,0.07552282137319676,0.20668862752055478,True,False,False,1.4720392857714487e-05,COMPLETE
1286,0.45841166377067566,2025-04-11 22:45:30.391417,2025-04-11 22:47:14.730964,0 days 00:01:44.339547,0.20637304610229004,0.26192306594256665,2,0.03382613354012992,0.04501303416384549,0.08209222790915391,0.016092652015481178,0.0826037363262347,0.014386466650781624,0.030143107053611166,26,40,0.08710709234411847,0.2255868995076545,True,False,False,2.757460828438553e-06,COMPLETE
1287,0.4487910091876984,2025-04-11 22:47:15.155579,2025-04-11 22:48:48.694143,0 days 00:01:33.538564,0.09553755145373383,0.17708303401718117,2,0.1304235234623329,0.030653930382944443,0.08574716468624294,0.017357649911192402,0.08480116891451933,0.09792817373212323,0.025387020414029775,23,42,0.07891809965668005,0.18540119268827776,True,False,False,3.1041568424204634e-05,COMPLETE
1288,0.4607198297977448,2025-04-11 22:48:49.118979,2025-04-11 22:50:20.017453,0 days 00:01:30.898474,0.08205202143882026,0.22925424268221334,2,0.17654095473874487,0.04909014804688464,0.07842661416211583,0.019385966537111984,0.07839648998423884,0.09316479110332912,0.018923837693385962,22,29,0.08528951886654565,0.21566310998576552,True,False,False,8.589020174805503e-06,COMPLETE
1289,0.48413748741149903,2025-04-11 22:50:20.444027,2025-04-11 22:51:54.914161,0 days 00:01:34.470134,0.11443760068500272,0.14754211683135085,2,0.11709899360165713,0.0394281508927289,0.08835969705759689,0.013636703026321771,0.08159633931896045,0.09001219706090484,0.021659070557529973,23,36,0.07262045453899559,0.19554647173782264,True,False,False,2.0763890044528585e-05,COMPLETE
1290,0.4675284028053284,2025-04-11 22:51:55.335451,2025-04-11 22:53:32.623001,0 days 00:01:37.287550,0.15109588792954126,0.2058047575836187,2,0.2889170912072875,0.050205867864835683,0.08253639161022623,0.009702169141702244,0.020785951731894427,0.019135815351070826,0.030356738326630557,24,46,0.08321850360341021,0.18237769077672877,True,False,False,1.1656006229900222e-05,COMPLETE
1291,0.46543911695480344,2025-04-11 22:53:33.051662,2025-04-11 22:54:51.046456,0 days 00:01:17.994794,0.13201380454055037,0.27973820051885456,2,0.09804837719862003,0.11552916390864237,0.023888068723374276,0.011668105714479992,0.0941519022895151,0.02902406228837868,0.01597180038182384,22,39,0.08703183512845264,0.24321257041039315,True,False,True,2.8436920651688227e-05,COMPLETE
1292,0.3939879715442658,2025-04-11 22:54:51.467347,2025-04-11 22:56:28.615086,0 days 00:01:37.147739,0.17405549501556386,0.18834579730366796,2,0.008578816430409503,0.043316562338938214,0.08078117285931168,0.015538917813245371,0.0849892431722807,0.07219481334758063,0.03193819293516385,24,44,0.08521364531616918,0.21951521000482813,True,False,False,1.847911684194291e-05,COMPLETE
1293,0.41575912833213813,2025-04-11 22:56:29.039435,2025-04-11 22:58:03.552534,0 days 00:01:34.513099,0.010423359058126774,0.2468944967242647,2,0.18273717849801155,0.10673277866479536,0.057682217001349054,0.018601450074628694,0.029919658748824685,0.07439367918776447,0.021995116859980162,23,32,0.05621417758104898,0.18873441889061762,True,False,False,0.0008277708130039059,COMPLETE
1294,0.09307204186916351,2025-04-11 22:58:03.976941,2025-04-11 22:59:43.571139,0 days 00:01:39.594198,0.10270607008658077,0.12705362422641098,2,0.19672456760335558,0.005414315764826645,0.0765210710133332,0.013165900754623226,0.08026977732638702,0.09477506133641875,0.027588220494785817,24,118,0.08040675193798258,0.1977162856180988,True,False,False,1.6275282824894312e-05,COMPLETE
1295,0.3949093997478485,2025-04-11 22:59:43.994772,2025-04-11 23:01:11.968303,0 days 00:01:27.973531,0.0452551748909954,0.09557790896021626,2,0.18497383250070845,0.03501316439414595,0.07977793636172234,0.020393917724755146,0.0827182372441906,0.02498834822718132,0.01372921891520861,21,48,0.08770438763884078,0.15304167248569941,True,False,False,2.5299419416344435e-05,COMPLETE
1296,0.4860665917396546,2025-04-11 23:01:12.408401,2025-04-11 23:02:42.886235,0 days 00:01:30.477834,0.06071363854391789,0.2202148597871812,2,0.07536873421568796,0.05082498860802325,0.08420457678141331,0.06311433407644304,0.0763734135753987,0.0925816450842713,0.03368050083893276,22,36,0.08331499531959291,0.20900817555474943,True,False,False,7.354291032379925e-06,COMPLETE
1297,0.4852830529212952,2025-04-11 23:02:43.316715,2025-04-11 23:04:17.549222,0 days 00:01:34.232507,0.1964160596618804,0.16179783182078425,2,0.17484942757533561,0.04517476033093096,0.0030550070254257017,0.00838026377136863,0.08641258241747951,0.09684309175401674,0.024752296560609413,23,41,0.0857154847520531,0.23300453605934832,True,False,False,3.529023218671727e-06,COMPLETE
1298,0.4804154396057129,2025-04-11 23:04:17.976620,2025-04-11 23:05:48.878606,0 days 00:01:30.901986,0.08284522459203991,0.19756401215139135,2,0.07851234223064599,0.028029408392441633,0.08743960789325267,0.01687642460026733,0.09054167567170354,0.0010249001576186213,0.01908530628052584,22,43,0.08182008843346741,0.18053079755783308,True,False,False,3.337515740846576e-05,COMPLETE
1299,0.48847639560699463,2025-04-11 23:05:49.306396,2025-04-11 23:07:24.324117,0 days 00:01:35.017721,0.12856717922062344,0.1729171628488058,2,0.16027856110938954,0.03769481794468892,0.07517877087326173,0.015034469543208789,0.09259630976701815,0.07099001046054436,0.03021428717438342,23,38,0.08790358306196573,0.19109974379828243,True,False,False,1.0935343107779053e-05,COMPLETE
1300,0.09307204186916351,2025-04-11 23:07:24.751142,2025-04-11 23:08:48.497810,0 days 00:01:23.746668,0.15681232435336384,0.23751206354300095,2,0.05805526426963377,0.053414779319036654,0.07810441791308136,0.011878798778450349,0.09548022051545552,0.08878990576422886,0.0217264556460866,24,34,0.08415870325859327,0.20456245716666668,True,True,False,4.9215830875927416e-06,COMPLETE
1301,0.09307204186916351,2025-04-11 23:08:48.926368,2025-04-11 23:10:21.999920,0 days 00:01:33.073552,0.11214882460399707,0.20971273125409606,2,0.1923585952797053,0.0011126716967341244,0.08280310044918439,0.01860341465176503,0.07831792236026837,0.09107221060181547,0.02624777062647372,23,45,0.08813956615785393,0.18076469076922613,True,False,False,1.4061252145130136e-05,COMPLETE
1302,0.4432071328163147,2025-04-11 23:10:22.420005,2025-04-11 23:12:00.662726,0 days 00:01:38.242721,0.21945636997916276,0.14709817846800993,2,0.1711203470232255,0.04273924220951804,0.09094198596778706,0.020820441489389302,0.08390935999027502,0.09545290031761887,0.015527110563504053,24,49,0.0858076674003676,0.18599433000813806,True,False,False,2.232343411524167e-05,COMPLETE
1303,0.3902996003627778,2025-04-11 23:12:01.089315,2025-04-11 23:13:30.870746,0 days 00:01:29.781431,0.09705839839166285,0.1877127718988861,2,0.18681500786790933,0.04859137455782684,0.07936096653961411,0.0144425384250571,0.08077109863521838,0.01609167157027122,0.03513975345181686,22,41,0.07771912663501315,0.22627007125364695,False,False,False,2.937803909378167e-05,COMPLETE
1304,0.4301177680492401,2025-04-11 23:13:31.299613,2025-04-11 23:15:11.559377,0 days 00:01:40.259764,0.2619280131836035,0.2569610586628834,2,0.19710308131324225,0.05474144774927692,0.044133102600960594,0.01677096457814943,0.08701825816832313,0.06847268423806936,0.034270846348985404,25,27,0.08236525753681186,0.19874743721301846,True,False,False,1.744684400557148e-05,COMPLETE
1305,0.48413928747177126,2025-04-11 23:15:11.982918,2025-04-11 23:16:39.529037,0 days 00:01:27.546119,0.06624414437256643,0.2184807843645636,2,0.17976017522426485,0.040625621773421036,0.07625473858130888,0.009440574961409518,0.08312919877408556,0.021009060941449227,0.020183425707145243,21,37,0.06849304183925496,0.19202477262277712,True,False,False,8.917969609536383e-06,COMPLETE
1306,0.38554183244705204,2025-04-11 23:16:39.970610,2025-04-11 23:18:13.565379,0 days 00:01:33.594769,0.13713322910563347,0.11073575208365302,2,0.20501425698460485,0.15624427892910242,0.07368226308489297,0.01239788467546694,0.07878358008098289,0.044519057404591014,0.027030399570475216,23,32,0.0478612119251046,0.2105025055112823,True,False,False,3.489661744205592e-05,COMPLETE
1307,0.5054245352745056,2025-04-11 23:18:13.996256,2025-04-11 23:19:57.403197,0 days 00:01:43.406941,0.17462236415796095,0.17053298344877502,2,0.16636208773140437,0.03267974310309647,0.08530723162407941,0.018054834665587684,0.07459160404009305,0.03784365619056299,0.017443032812168996,26,40,0.08832161045188289,0.21958751293923057,True,False,False,2.3285484829641913e-05,COMPLETE
1308,0.48444857597351076,2025-04-11 23:19:57.833352,2025-04-11 23:21:41.259539,0 days 00:01:43.426187,0.1707260954172876,0.14496583847201716,2,0.15691974246401647,0.026008322972710322,0.08615778435609855,0.02085378511031566,0.0736064996825598,0.034484351054729856,0.021752927139647632,26,45,0.0892091501850552,0.23379449958226659,True,False,False,1.9768570444179785e-05,COMPLETE
