number,value,datetime_start,datetime_complete,duration,params_alpha-eval,params_alpha-train,params_batch-size,params_eps-eval,params_eps-train,params_lambda-actions-eval,params_lambda-actions-train,params_lambda-frames-eval,params_lambda-frames-train,params_learning-rate,params_n-epochs,params_n-frames,params_radius-gw,params_rho,params_std-feats,params_ub-actions,params_ub-frames,params_weight-decay,state
283,0.43598459959030156,2025-04-18 03:26:29.958394,2025-04-18 03:26:49.550948,0 days 00:00:19.592554,0.045669851233336285,0.31683177654655736,16,0.23382508530027432,0.12130856681317012,0.0612929620028306,0.036587744050421464,0.014146387766326755,0.09256841927375331,0.07119689359403765,9,25,0.08656538328244795,0.23993162830898612,True,False,True,4.2379595180466146e-06,COMPLETE
284,0.08771752864122391,2025-04-18 03:26:49.649536,2025-04-18 03:27:09.448531,0 days 00:00:19.798995,0.9919281440372161,0.39561760804409773,16,0.25691945569060104,0.14952930567454756,0.06361784843056734,0.0037162245409485557,0.011907769236082803,0.09482843761229022,0.06932029428126188,11,35,0.023262421292322564,0.25206328468809996,True,False,True,6.683184304932808e-06,COMPLETE
285,0.45440534949302674,2025-04-18 03:27:09.540461,2025-04-18 03:27:29.526601,0 days 00:00:19.986140,0.06538215952000541,0.3691156147535624,16,0.22855799265092425,0.11818169360662872,0.06718773851481852,0.03962682664451598,0.008951455030360076,0.09160797122957699,0.0922491903216352,11,31,0.0634761709015422,0.21219085874264748,True,False,True,1.07012938293255e-06,COMPLETE
286,0.43096125721931455,2025-04-18 03:27:29.617451,2025-04-18 03:27:50.130658,0 days 00:00:20.513207,0.03182945229454363,0.3424688451958751,16,0.24136882455423014,0.11478223351130334,0.058715420656345114,0.03600147711450039,0.006319866611725339,0.09742105894917284,0.06396508386375369,12,35,0.06905962424744377,0.1770343208621829,True,False,True,3.6341801745937563e-06,COMPLETE
287,0.48357003927230835,2025-04-18 03:27:50.222076,2025-04-18 03:28:11.264316,0 days 00:00:21.042240,0.010139517607188626,0.2886929999748357,16,0.014980024633980807,0.12462890962297515,0.06435775038841288,0.037641516260208514,0.003732125947079619,0.09504633937555115,0.08182016361397723,12,39,0.028804773003532232,0.2548231797632164,True,False,True,7.680373909251118e-06,COMPLETE
288,0.10099219232797624,2025-04-18 03:28:11.365105,2025-04-18 03:28:31.395423,0 days 00:00:20.030318,0.02582617202999922,0.3225227188245866,16,0.2665415258141847,0.126501728044752,0.02299492227020839,0.03884354649050568,0.005163215784713085,0.09534645534671587,0.09715012317517248,12,33,0.02840030010360659,0.25643419674224543,True,False,True,8.828210054986684e-06,COMPLETE
289,0.17185549139976503,2025-04-18 03:28:31.488400,2025-04-18 03:28:54.036479,0 days 00:00:22.548079,0.010367531950681958,0.2882886036906824,16,0.21528979090759467,0.12241704482122577,0.07013534001823289,0.040814549744054275,0.0163580245780212,0.09776453924029752,1.1670374227152625e-05,12,75,0.032100519390714115,0.25765557980494647,True,False,True,2.0643151727612847e-06,COMPLETE
290,0.46766302585601804,2025-04-18 03:28:54.127433,2025-04-18 03:29:15.031349,0 days 00:00:20.903916,0.04894061079985789,0.24772412514419778,16,0.01635319952430438,0.13471006610583267,0.06573034117186698,0.03783180988661307,0.007325045458487968,0.09975714624019975,0.07373123355769151,12,38,0.03004579159803009,0.2622292522198674,True,False,True,7.544996049756338e-06,COMPLETE
291,0.09122035652399063,2025-04-18 03:29:15.122663,2025-04-18 03:29:35.567321,0 days 00:00:20.444658,0.07702450727906933,0.29329569976903314,16,0.24924251404467626,0.14366317201146678,0.07848548310246549,0.034953333472511554,0.010507057724395022,0.0943677812100815,0.08340618797071969,12,36,0.026267774691202818,0.2688886748255622,True,False,True,1.5278258182380187e-05,COMPLETE
292,0.3255791962146759,2025-04-18 03:29:35.659698,2025-04-18 03:29:56.041753,0 days 00:00:20.382055,0.10227244352018817,0.23225783601749872,16,0.022152853661744618,0.1080993978346532,0.060160188998381124,0.018519859927632294,0.012636374652099661,0.09663262827715591,0.06049946065929928,13,28,0.028592025411735313,0.24681816447847305,False,False,True,8.972968077949795e-06,COMPLETE
293,0.09307204186916351,2025-04-18 03:29:56.143490,2025-04-18 03:30:17.467768,0 days 00:00:21.324278,0.04512817027805797,0.2626805631106034,16,0.23121096521190015,0.11655504119829534,0.05507520653943128,0.036694294463209154,0.008663403231119306,0.09190892759687126,0.08120334977124344,14,39,0.030316054278796137,0.1629465123490092,True,True,True,4.339717788789534e-06,COMPLETE
294,0.3495296835899353,2025-04-18 03:30:17.560505,2025-04-18 03:30:38.560672,0 days 00:00:21.000167,0.010616247023169805,0.033112840865978814,16,0.013738269339749622,0.15704541833300395,0.06156885840069637,0.04022177655009477,0.003774583190163601,0.09390211161485665,0.00026138034219346445,13,31,0.03662989481560215,0.23839446381417365,True,False,True,2.940614991174183e-06,COMPLETE
295,0.35264745354652405,2025-04-18 03:30:38.653109,2025-04-18 03:30:59.427789,0 days 00:00:20.774680,0.9492863441088483,0.4121200097806055,16,0.007263278945422027,0.13065933073195232,0.06678076992995848,0.03787671832065033,0.0056764337694643514,0.09843126210385975,0.07075141016449504,12,34,0.03420288732256575,0.157776898486518,True,False,True,1.2466647890655099e-05,COMPLETE
296,0.44664613604545594,2025-04-18 03:30:59.520501,2025-04-18 03:31:19.972173,0 days 00:00:20.451672,0.14992188270021642,0.11872267854512075,16,0.021187757696141937,0.10428770005967461,0.06399257305312708,0.03937847389874288,0.010986891229901662,0.09994792642515538,0.09779062102635118,11,39,0.031029889545173477,0.22947442463466733,True,False,True,6.926485223265398e-06,COMPLETE
297,0.465526407957077,2025-04-18 03:31:20.065560,2025-04-18 03:31:41.516225,0 days 00:00:21.450665,0.06631803309569347,0.29806201058287285,16,0.012778014998430362,0.12441603324074423,0.06952052547281631,0.08868071662904017,0.007405696190734005,0.09595472339541514,0.057112681007087676,13,36,0.035573271879042474,0.13896120181256105,True,False,True,1.7721183031591106e-05,COMPLETE
298,0.4695097029209137,2025-04-18 03:31:41.619695,2025-04-18 03:32:01.645126,0 days 00:00:20.025431,0.03276096684989692,0.3267445887122828,16,0.02503536799314024,0.1145512452074321,0.07219370661009061,0.009053655810847272,0.00351720105804703,0.09223442762786138,0.09993067226157729,10,41,0.03282329041073668,0.24338484148663495,True,False,True,1.0605872468763257e-05,COMPLETE
299,0.39298062324523925,2025-04-18 03:32:01.740109,2025-04-18 03:32:23.509031,0 days 00:00:21.768922,0.028132993553604376,0.3518592574881047,16,0.025929366420901538,0.1187612319762533,0.05783334649059766,0.03395382209645678,0.003168120182564644,0.09121161107267668,0.09985323829143225,14,41,0.0615120091007451,0.20958114656522225,True,False,True,8.260065138433914e-08,COMPLETE
300,0.38922639489173894,2025-04-18 03:32:23.604137,2025-04-18 03:32:43.365039,0 days 00:00:19.760902,0.06175066953579689,0.3226655609245679,16,0.01772764740514657,0.1127236667973142,0.0726827624085875,0.041920456667578265,0.0045417865347519215,0.09288459134877625,0.08181766342435674,9,43,0.03373293537156051,0.1991647709625262,True,False,True,9.518656890193905e-06,COMPLETE
301,0.11090317964553834,2025-04-18 03:32:43.459613,2025-04-18 03:33:04.217317,0 days 00:00:20.757704,0.07754805548808245,0.3395998689533073,16,0.1639534946534785,0.17288649459513328,0.06509248887687598,0.035599379690036764,0.003397136763746357,0.09057600331891616,0.07782191684695683,12,40,0.027626577140439094,0.2469278812629546,True,False,True,1.3424486690805228e-05,COMPLETE
302,0.3516515135765076,2025-04-18 03:33:04.311985,2025-04-18 03:33:26.100927,0 days 00:00:21.788942,0.010297533838725483,0.9994494070219512,16,0.024340293096545056,0.1227858877498911,0.07103420502837914,0.009659524925514588,0.006335833948009223,0.09428968544974205,0.06673818737720401,13,49,0.03618146805851321,0.21795117501462075,True,False,True,1.0877543259499756e-05,COMPLETE
303,0.45608515739440925,2025-04-18 03:33:26.205813,2025-04-18 03:33:46.666063,0 days 00:00:20.460250,0.05067568900559652,0.07327099652073626,16,0.2407968585658807,0.10907429202159595,0.06800255655194393,0.021983520485042967,0.014589159287198256,0.09218437317180429,0.08380578986166067,11,37,0.03890353463365626,0.1550532848388801,True,False,True,6.998293316317917e-06,COMPLETE
304,0.4587862193584442,2025-04-18 03:33:46.762953,2025-04-18 03:34:08.053521,0 days 00:00:21.290568,0.029803930814036532,0.09871313414805119,16,0.016936126182245718,0.11674450814335315,0.06180840916992616,0.004225630898071825,0.0010706367794268267,0.08825488715841846,0.06424473326954361,12,46,0.03317788858644325,0.25058991658263263,True,False,True,1.4026543907794833e-05,COMPLETE
305,0.09275579154491426,2025-04-18 03:34:08.149693,2025-04-18 03:34:29.785027,0 days 00:00:21.635334,0.08489424053102104,0.011617968232028528,16,0.2244735493124258,0.12976235953987192,0.06915805512302096,0.008288888572891558,0.00496788131407485,0.0957353972660805,0.05344720333798705,14,41,0.025432970099601434,0.20743200025733258,True,False,True,1.9544738803219856e-05,COMPLETE
306,0.4424730479717255,2025-04-18 03:34:29.880454,2025-04-18 03:34:51.389892,0 days 00:00:21.509438,0.8819806656433666,0.3233519167229242,16,0.029205669630133803,0.08530722766467021,0.058976824437381725,0.007529444619985504,0.003105162296716866,0.09364183103461039,0.0838806253683636,13,38,0.06340156963011843,0.1725594016497345,True,False,True,9.358410086539873e-06,COMPLETE
307,0.3848807096481323,2025-04-18 03:34:51.495260,2025-04-18 03:35:12.432767,0 days 00:00:20.937507,0.04897506207649045,0.0483719032672108,16,0.011519142110171363,0.13780051681910443,0.06419471292330824,0.03273170087981119,0.006993877135527299,0.09083018143351393,0.09878633649200631,12,44,0.030411632794853434,0.2696822801565084,True,False,True,5.9087507031102994e-06,COMPLETE
308,0.3084803342819214,2025-04-18 03:35:12.529539,2025-04-18 03:35:33.496681,0 days 00:00:20.967142,0.030871072155140566,0.40059026913612333,16,0.023675385752081557,0.11261250375854592,0.06657740169631818,0.03730945842728016,0.00964131402296203,0.0966351553343301,0.07026910836984206,13,28,0.004471583163835072,0.2021953214079586,True,False,True,1.5911148115338564e-05,COMPLETE
309,0.35658866763114927,2025-04-18 03:35:33.595732,2025-04-18 03:35:53.876073,0 days 00:00:20.280341,0.1004086846823075,0.3575267741327576,16,0.018056677118876707,0.10620161752733359,0.07686127463175765,0.003872695619045595,0.013086413993339041,0.09449279082284746,0.060078242430121095,11,31,0.028959551364886413,0.1311948327531647,True,False,True,1.1217465436252574e-05,COMPLETE
310,0.441873973608017,2025-04-18 03:35:53.974011,2025-04-18 03:36:15.608196,0 days 00:00:21.634185,0.06308183625672875,0.07471776316504594,16,0.009289197478475635,0.12006352274276193,0.0724245501947767,0.039754503792542285,0.005055926653574177,0.0975787976216609,0.04815708020165224,14,36,0.07051533040984041,0.14995500853176633,True,False,True,7.891559996012182e-06,COMPLETE
311,0.4440446138381958,2025-04-18 03:36:15.705918,2025-04-18 03:36:36.465464,0 days 00:00:20.759546,0.21178673229448935,0.20905523307399154,16,0.21755395329550192,0.08148818217752171,0.06272625301380967,0.029396307672146155,0.016802009705766563,0.08630855040861231,0.07415797148988812,12,39,0.06759681685868758,0.21392632784717128,True,False,True,2.2611166549510573e-05,COMPLETE
312,0.09307204186916351,2025-04-18 03:36:36.573357,2025-04-18 03:37:00.359775,0 days 00:00:23.786418,0.027425005917754777,0.38936186451797933,16,0.03353649417871246,0.12714940209501938,0.07063949614785907,0.03469382213198154,0.008118743536669096,0.09272829794052723,0.0841350981911373,13,89,0.03552145352117051,0.23504864908560028,True,True,True,1.1928899393768745e-05,COMPLETE
313,0.3391730546951294,2025-04-18 03:37:00.458158,2025-04-18 03:37:21.142722,0 days 00:00:20.684564,0.04617797328078335,0.12134978648421389,16,0.24707740456912186,0.10308213215547692,0.06783260558815069,0.023771222313953094,0.0029358404149383258,0.09524701027633209,0.06052976118281134,14,42,0.060270712567632695,0.19669513036391045,False,False,True,4.944136689643674e-06,COMPLETE
314,0.46631292700767524,2025-04-18 03:37:21.241292,2025-04-18 03:37:40.949984,0 days 00:00:19.708692,0.11643291060076416,0.0567225596771577,16,0.20870201604419777,0.11362540864207628,0.05746550189819651,0.04271213509954979,0.011137710760544855,0.08855246953205369,0.09876020411531801,10,33,0.03234860977323748,0.16834778696272007,True,False,True,9.068166862776834e-06,COMPLETE
315,0.4321092545986176,2025-04-18 03:37:41.048453,2025-04-18 03:38:01.998092,0 days 00:00:20.949639,0.026500580972018954,0.4174567181662194,16,0.021317102656023185,0.08723879880076302,0.06513058575931978,0.0210158028226705,0.006257448279247745,0.09237715298890793,0.05205544436243956,12,36,0.04020404308537102,0.22561038451082066,True,False,True,1.6001524742056013e-06,COMPLETE
316,0.4698089718818665,2025-04-18 03:38:02.108867,2025-04-18 03:38:22.720654,0 days 00:00:20.611787,0.010615508914118051,0.36889395718277107,16,0.23629468358346375,0.09450132434228779,0.06028421971272481,0.03676263350795699,0.003378288048306005,0.09740182883630284,0.0724011204610932,13,24,0.06491246636640838,0.13663931874983687,True,False,True,1.5360877837724236e-05,COMPLETE
317,0.45406221151351933,2025-04-18 03:38:22.821033,2025-04-18 03:38:43.427042,0 days 00:00:20.606009,0.010004761252177231,0.3730489065494997,16,0.23343299756012553,0.09260167235421991,0.06243162824076449,0.03747459067644081,0.0031212892058426465,0.09800351664252917,0.07225395265543541,13,23,0.06552669752759605,0.13464422102502674,True,False,True,1.5474831763303277e-05,COMPLETE
318,0.46123297214508063,2025-04-18 03:38:43.528081,2025-04-18 03:39:05.506627,0 days 00:00:21.978546,0.03515955191682982,0.3376817785054148,16,0.005703935099038318,0.0968702642971432,0.07352883417201196,0.03612641076601126,0.00374542511753652,0.09023721084428964,0.08031232936811365,14,45,0.06679955029670197,0.14275513781336696,True,False,True,2.45485708446331e-05,COMPLETE
319,0.46522151231765746,2025-04-18 03:39:05.606772,2025-04-18 03:39:26.411415,0 days 00:00:20.804643,0.010355832729980415,0.3527362436320608,16,0.013846829829493524,0.08286870495768381,0.06631251508552814,0.03363846410410907,0.005291339572029982,0.09382498841634496,0.09971273917528403,13,26,0.06248375590973686,0.12824493919659885,True,False,True,1.6562483013263522e-05,COMPLETE
320,0.4495257675647736,2025-04-18 03:39:26.523768,2025-04-18 03:39:47.053610,0 days 00:00:20.529842,0.047361509979841475,0.3053253004498073,16,0.027992115423764403,0.09792983543367571,0.07027796409316803,0.04019557026202641,0.0010489965288294875,0.09787800323423089,0.06911816102357872,13,22,0.0638191921329298,0.1622469338993556,True,False,True,1.295493784409443e-05,COMPLETE
321,0.32014393210411074,2025-04-18 03:39:47.154052,2025-04-18 03:40:09.002589,0 days 00:00:21.848537,0.026922599664244727,0.385866585431376,16,0.2779575604475669,0.08639959366503226,0.051034902410749504,0.032251501636849166,0.007699289336350257,0.09604534723845023,0.04446602566050602,14,41,0.07224333293922731,0.13784396601341437,True,False,True,1.0314833559824978e-05,COMPLETE
322,0.48279119729995734,2025-04-18 03:40:09.104174,2025-04-18 03:40:29.485161,0 days 00:00:20.380987,0.049615087220075765,0.365921139642012,16,0.01122340168297647,0.09146451589294917,0.05506528607962874,0.03808913708478952,0.0029863908146290884,0.09083135693311155,0.08003968604535483,11,39,0.06969229868671685,0.19904745811246627,True,False,True,1.9765489187279136e-05,COMPLETE
323,0.4873052954673767,2025-04-18 03:40:29.586712,2025-04-18 03:40:49.933537,0 days 00:00:20.346825,0.07549943526638322,0.03640458739974382,16,0.009216795201438583,0.0923024059411256,0.053138691016517435,0.0381997442314921,0.0038596965733279356,0.08703860176855713,0.06468136696898863,11,38,0.06927150673749725,0.19853956933465974,True,False,True,2.906808072244549e-05,COMPLETE
324,0.4396253883838654,2025-04-18 03:40:50.035381,2025-04-18 03:41:08.700169,0 days 00:00:18.664788,0.08776082281925893,0.025343253604189847,16,0.010138282926294599,0.09086163877867161,0.05509051303280082,0.038043509018558415,0.005060204609953307,0.08201687899433208,0.05004866517483499,7,37,0.06955539403311312,0.20659740952263939,True,False,True,2.6998062057054822e-05,COMPLETE
325,0.4173716962337494,2025-04-18 03:41:08.811680,2025-04-18 03:41:29.285951,0 days 00:00:20.474271,0.07078753384571147,0.030549060349571867,16,0.00636169355838982,0.091469432378033,0.05247561675193642,0.04054816107067604,0.0022508217566391286,0.08732038279520182,0.06094834239738348,11,29,0.07188907336857359,0.19937786549822897,True,False,True,3.082434961833956e-05,COMPLETE
326,0.3569175243377686,2025-04-18 03:41:29.387224,2025-04-18 03:41:49.287536,0 days 00:00:19.900312,0.05562247364241407,0.038501240449470876,16,0.0018929475122902682,0.08162452268130338,0.053515015336611176,0.03825410804989671,0.0010097040847961646,0.08582028939284679,0.06364324785952973,11,19,0.07406965442929117,0.1902264195577118,True,False,True,2.1031303297858544e-05,COMPLETE
327,0.4125044047832489,2025-04-18 03:41:49.390091,2025-04-18 03:42:16.745665,0 days 00:00:27.355574,0.09381594987172966,0.05535306325057565,16,0.010907846675131469,0.09528355716757217,0.055899420009913096,0.04255784236864666,0.0063979946975171315,0.0885706791000492,0.04170781421198465,30,24,0.06894327893219752,0.202653286512183,True,False,True,1.9740154331909076e-05,COMPLETE
328,0.4538194596767426,2025-04-18 03:42:16.847275,2025-04-18 03:42:37.399067,0 days 00:00:20.551792,0.06066237037391263,0.078746812943015,16,0.015872549568967796,0.08561478139607748,0.012707962274135523,0.03905451418891066,0.004055260328446468,0.09056314509491699,0.05332277126215966,12,34,0.07537894437281172,0.21224888638247572,True,False,True,2.428875148278423e-05,COMPLETE
329,0.46899553537368777,2025-04-18 03:42:37.511814,2025-04-18 03:42:56.256902,0 days 00:00:18.745088,0.01066863014964409,0.42522734371590537,16,0.22933580801030673,0.07227954325282672,0.05674259536958536,0.03549352168162144,0.008821089566020832,0.09029517964639458,0.0710749434465826,7,38,0.07021203069867818,0.19810465554936602,True,False,True,1.6631740644913246e-05,COMPLETE
330,0.42150192260742186,2025-04-18 03:42:56.360267,2025-04-18 03:43:17.007173,0 days 00:00:20.646906,0.08026103307778464,0.010366346829081548,16,0.005389715993201233,0.09980665739062292,0.050724410329983434,0.03666377765193899,0.005871448514590353,0.08311351859479259,0.06779351644291375,11,35,0.0681103783245327,0.19344617394018737,True,False,True,2.036217644041218e-05,COMPLETE
331,0.4105177998542786,2025-04-18 03:43:17.111113,2025-04-18 03:43:38.209973,0 days 00:00:21.098860,0.12508519977728993,0.4022410429499247,16,0.012882046296887693,0.07807730807195692,0.054268669332414914,0.040644771031868566,0.0028851951848375087,0.08527120835677825,0.050389213704739234,12,39,0.06689498622233273,0.18690385810838872,True,False,True,1.3965248175792045e-05,COMPLETE
332,0.09307204186916351,2025-04-18 03:43:38.312946,2025-04-18 03:43:58.013231,0 days 00:00:19.700285,0.045464030783737924,0.23415709419814823,16,0.017643301718618477,0.0906792141086073,0.0478724053606555,0.04346555639283321,0.007819822288706941,0.08831877973431851,0.0769438125138695,11,30,0.065633841871035,0.20676607310561307,True,True,True,3.0050344994925265e-05,COMPLETE
333,0.08830101042985916,2025-04-18 03:43:58.127025,2025-04-18 03:44:17.222984,0 days 00:00:19.095959,0.02702041049579677,0.9594546399205163,16,0.1736249124849606,0.08342350984393362,0.05863055364267727,0.03870220448044002,0.0048688769692177055,0.0941639105008083,0.058276568391829896,12,15,0.062303055276233706,0.1973700861887334,False,False,True,1.7093930236284063e-05,COMPLETE
334,0.42576484680175786,2025-04-18 03:44:17.327565,2025-04-18 03:44:35.895098,0 days 00:00:18.567533,0.05100579198470699,0.09499101486365115,16,0.006603381153590927,0.10269181371776026,0.0016245814031316114,0.03647132328802742,0.0028711182569592627,0.09169020960151972,0.04230507690577616,6,33,0.07016461239595695,0.18346131168826274,True,False,True,1.330298452581462e-05,COMPLETE
335,0.35307266712188723,2025-04-18 03:44:35.998425,2025-04-18 03:44:56.149699,0 days 00:00:20.151274,0.06892614744607246,0.04966556062157296,16,0.0011659049152383683,0.2659006846939381,0.0809521010958502,0.04134218131198057,0.012557772808837235,0.09450215061065133,0.08253068972614357,14,10,0.06864193711387129,0.2135627827145074,True,False,True,7.768083506779405e-06,COMPLETE
336,0.29595167040824893,2025-04-18 03:44:56.257741,2025-04-18 03:45:17.655628,0 days 00:00:21.397887,0.010593847540428109,0.36752088199490773,16,0.010938350298208036,0.09543469879825799,0.06030511233653302,0.024766796878618744,0.0011121002515732988,0.09848695926670507,0.004620173295659452,13,38,0.0244356503012447,0.20101354377121197,True,False,True,1.8617606608598417e-05,COMPLETE
337,0.44589933156967165,2025-04-18 03:45:17.773098,2025-04-18 03:45:37.922447,0 days 00:00:20.149349,0.041140438774062066,0.2583869188182314,16,0.018727632864498755,0.06873394479818166,0.06817962153056367,0.037900771467938056,0.007177964581436684,0.09998299334412357,0.06205758925692995,12,27,0.06469430212935733,0.19194283308039753,True,False,True,1.195802150404483e-05,COMPLETE
338,0.3827421963214874,2025-04-18 03:45:38.028225,2025-04-18 03:45:59.117931,0 days 00:00:21.089706,0.09856243830771082,0.20405634717048188,16,0.009470611378518132,0.09034725937662805,0.05727650048556975,0.01891460725909262,0.009310393011283875,0.08696178681013733,0.049196387068420014,13,36,0.03751022053890283,0.14752021142042307,True,False,True,2.6928013242427495e-06,COMPLETE
339,0.3392622232437134,2025-04-18 03:45:59.229363,2025-04-18 03:46:19.786477,0 days 00:00:20.557114,0.028429080844631853,0.17712287642685745,16,0.15307268282728365,0.07499210223694334,0.052623597761848814,0.034990021082693945,0.015172543474920393,0.09015317892328996,0.07708013213572937,12,32,0.026522114898412073,0.1341565938074704,True,False,True,2.4527502332570343e-05,COMPLETE
