number,value,datetime_start,datetime_complete,duration,params_alpha-eval,params_alpha-train,params_batch-size,params_eps-eval,params_eps-train,params_lambda-actions-eval,params_lambda-actions-train,params_lambda-frames-eval,params_lambda-frames-train,params_learning-rate,params_n-epochs,params_n-frames,params_radius-gw,params_rho,params_std-feats,params_ub-actions,params_ub-frames,params_weight-decay,state
1303,0.49899771213531496,2025-04-18 16:46:15.491894,2025-04-18 16:46:39.625739,0 days 00:00:24.133845,0.2845876543315794,0.08131614102346069,8,0.007655732921071022,0.102334873825553,0.04941314308892144,0.03170697114100225,0.005654280483141039,0.06318735105328946,0.057450587926940196,11,31,0.04239201716651799,0.1927825266576722,True,False,True,2.878085594954327e-05,COMPLETE
1304,0.4200768113136292,2025-04-18 16:46:40.042082,2025-04-18 16:47:04.373894,0 days 00:00:24.331812,0.279206574340333,0.11121972305919696,8,0.005750171880222895,0.10391417573795525,0.056049962564705465,0.03055313844091423,0.008905520779244065,0.05355905071515755,0.08447678232665505,11,27,0.04034645933404319,0.20531660077432495,True,False,True,3.6838629507485224e-05,COMPLETE
1305,0.400212174654007,2025-04-18 16:47:04.794225,2025-04-18 16:47:28.808434,0 days 00:00:24.014209,0.2955649162616188,0.13633239163087482,8,0.0002470259918706079,0.10459388473424057,0.047943633383413856,0.03188127425515148,0.010783671084061504,0.06781390402293049,0.06445157261073411,11,25,0.0382532446444308,0.19616997434644248,True,False,True,3.278637311794452e-05,COMPLETE
1306,0.35543684959411626,2025-04-18 16:47:29.226208,2025-04-18 16:47:53.190689,0 days 00:00:23.964481,0.2855216054248694,0.09008975993407278,8,0.0074180035802554395,0.1055300799819655,0.047204170563886226,0.03243855395893421,0.006933634783150317,0.0564612684788301,0.07305596860110802,11,23,0.041908270944305374,0.1887101699079457,True,False,True,4.973416684700771e-05,COMPLETE
1307,0.3564670324325562,2025-04-18 16:47:53.607277,2025-04-18 16:48:17.532533,0 days 00:00:23.925256,0.2861002988163895,0.10590728129229476,8,0.012230580774525159,0.09992188802103692,0.053901018896049924,0.03311288528404814,0.009479833912448136,0.06580607599561818,0.0019803905285619224,11,30,0.03668715358342214,0.19918604594665798,True,False,True,4.3594128295538306e-05,COMPLETE
1308,0.3908101856708527,2025-04-18 16:48:17.946939,2025-04-18 16:48:42.333783,0 days 00:00:24.386844,0.2866721521692915,0.11877744763093244,8,0.0104353659035566,0.10628965876799432,0.044320856770495236,0.03143005966484648,0.011478134215682164,0.06230521903973885,0.057481827060475374,11,24,0.03886024256204867,0.18341615999292296,True,False,True,2.944326252957952e-05,COMPLETE
1309,0.4223527312278748,2025-04-18 16:48:42.766161,2025-04-18 16:49:06.490958,0 days 00:00:23.724797,0.2633098101447416,0.16157258867183627,8,0.005434624375121093,0.09919509687584989,0.05211500167437396,0.03199962997612604,0.006603681167292373,0.05574640540455942,0.08705204450250928,11,27,0.04264417297532413,0.2091543544116341,True,False,True,2.8192113799235826e-05,COMPLETE
1310,0.4665957808494568,2025-04-18 16:49:06.913618,2025-04-18 16:49:27.800558,0 days 00:00:20.886940,0.2630769117172715,0.2547009872718713,8,0.00460185045633664,0.10521611228059279,0.05299427137784647,0.030239798120031493,0.008529384250489446,0.07411123444234298,0.046260622530881826,7,28,0.040672461895872834,0.1268717030316766,True,False,True,4.76334565062528e-05,COMPLETE
1311,0.34488691091537477,2025-04-18 16:49:28.220659,2025-04-18 16:49:51.998106,0 days 00:00:23.777447,0.28830947681762564,0.4727885332415884,8,0.010007395762914642,0.09724304234752483,0.05046001261220274,0.032112790251865954,0.005714835394508471,0.057147693153698026,0.05701914275101865,11,15,0.035124524037530865,0.11531904430075393,True,False,True,3.478809929011046e-05,COMPLETE
1312,0.1793186992406845,2025-04-18 16:49:52.420271,2025-04-18 16:50:17.569680,0 days 00:00:25.149409,0.2658722815731801,0.20726892325758153,8,0.000310185741247063,0.039356244876820254,0.05156731817490702,0.01315482692211331,0.010300860779064818,0.06338925202022744,0.073700802524089,10,30,0.03314587367960742,0.19348403033890962,True,False,False,2.5888902514676034e-05,COMPLETE
1313,0.44954981803894045,2025-04-18 16:50:17.989690,2025-04-18 16:50:42.027473,0 days 00:00:24.037783,0.25619057973341824,0.13990128893299944,8,0.007816918613332252,0.10289417964358188,0.04937055152433931,0.019289515144989246,0.007955662951074832,0.07161819141204098,0.09902618169355447,11,32,0.03752672667392704,0.1379078420910927,True,False,True,2.5207680432075848e-05,COMPLETE
1314,0.40545548796653746,2025-04-18 16:50:42.446938,2025-04-18 16:51:32.400689,0 days 00:00:49.953751,0.23395291847513022,0.08564582807017629,2,0.014346631563525707,0.09527480557137866,0.04956501261018573,0.029261951208731277,0.0062216672260091916,0.048165965132865585,0.03504142560013264,11,30,0.02866588633613848,0.18865118720775104,True,False,True,4.035697632931257e-05,COMPLETE
1315,0.287177586555481,2025-04-18 16:51:32.820130,2025-04-18 16:51:57.352407,0 days 00:00:24.532277,0.328783269958421,0.23824355807599762,8,0.0002053187454929932,0.10750684761691813,0.04468734655528225,0.032023896671693544,0.0118738505619671,0.0634306645002328,0.05183294501217951,11,27,0.001375604847459154,0.20205182813858819,True,True,True,2.2864036793063642e-05,COMPLETE
1316,0.2423999547958374,2025-04-18 16:51:57.770955,2025-04-18 16:52:21.112933,0 days 00:00:23.341978,0.2553585389938872,0.2190047556992551,8,0.010284160645506746,0.10064081332056522,0.05223001543813419,0.028643176797833653,0.009484047183135698,0.04986850794550211,0.06481699376487504,10,32,0.039490443978344655,0.21734448850860555,False,False,True,3.1505841666749924e-05,COMPLETE
1317,0.3400955140590668,2025-04-18 16:52:21.527700,2025-04-18 16:52:44.810774,0 days 00:00:23.283074,0.315545136885149,0.17331847116521526,8,0.015998496299074495,0.10858303551421927,0.046365475694619115,0.02269416426153701,0.004319190046471392,0.058790465771464226,0.04494406224398511,11,20,0.03644464492334343,0.10252023352704939,True,False,True,2.418645556159008e-05,COMPLETE
1318,0.44755792021751406,2025-04-18 16:52:45.228019,2025-04-18 16:53:10.339488,0 days 00:00:25.111469,0.30074709377248926,0.2673673998221859,8,0.00862190296502654,0.09290868208873122,0.07074125129928621,0.030561479889747358,0.007815414535039188,0.06048588572435004,4.764103042941355e-05,12,32,0.0423349098750876,0.18419401213137476,True,False,True,3.0165231735106307e-05,COMPLETE
1319,0.4039672076702118,2025-04-18 16:53:10.776434,2025-04-18 16:53:35.530282,0 days 00:00:24.753848,0.25654831925772037,0.19062150781445794,8,0.015005723312319304,0.09772803201941312,0.06762529844207274,0.02702611676949967,0.031974999862544436,0.05453945045987939,0.04065987274950293,12,28,0.033274134608648566,0.19370845421870828,True,False,True,1.9733664357849735e-05,COMPLETE
1320,0.4430525839328766,2025-04-18 16:53:35.953950,2025-04-18 16:54:11.417632,0 days 00:00:35.463682,0.29596679984871344,0.08511433623427885,8,0.009262441224949276,0.10365919480763112,0.04438374959514804,0.015438328456278946,0.01186252966179251,0.05929864912539028,0.07172622947009581,27,34,0.040948560570436075,0.20756212027164356,True,False,True,2.2455744938788028e-05,COMPLETE
1321,0.33574303388595583,2025-04-18 16:54:11.841058,2025-04-18 16:54:46.531614,0 days 00:00:34.690556,0.30388780850180197,0.10277468297839021,8,0.005652822730069064,0.23518139656851728,0.049407571549491554,0.02035815774630683,0.005152567616912318,0.07285543871364923,0.05894668659688579,17,145,0.03871454425254862,0.1982019695191999,True,False,True,3.488729225894779e-05,COMPLETE
1322,0.33685734272003176,2025-04-18 16:54:46.958553,2025-04-18 16:55:10.943938,0 days 00:00:23.985385,0.2746373906941337,0.35562572010550064,8,0.016918388367032758,0.08951403718629883,0.05174337782600185,0.033008802496112384,0.009106729679788067,0.06500904244703727,0.03361098536533867,11,24,0.03528574686612268,0.14199644898364014,True,False,True,1.9637436423893394e-05,COMPLETE
1323,0.3996606171131134,2025-04-18 16:55:11.366713,2025-04-18 16:55:34.627127,0 days 00:00:23.260414,0.2401976744295401,0.5026692052880362,8,0.00039632550969086536,0.05919414147347826,0.06663574363971499,0.0297018692902258,0.006712734775751943,0.07161368282499626,0.08348055091423409,10,30,0.02632206369048355,0.1318146058882958,True,False,True,2.7023279789151214e-05,COMPLETE
1324,0.5030490636825562,2025-04-18 16:55:35.046240,2025-04-18 16:55:59.819877,0 days 00:00:24.773637,0.22744850146344828,0.2277148319875064,8,0.01948572680752575,0.10769110095295675,0.05113532093325806,0.02509992958655143,0.004682178211100394,0.05120638917207096,0.048341899506781784,12,34,0.031017430664104215,0.1914176466346136,True,False,True,1.8337967381081373e-05,COMPLETE
1325,0.3530290424823761,2025-04-18 16:56:00.241860,2025-04-18 16:56:25.433960,0 days 00:00:25.192100,0.23496508928813847,0.2772083305441313,8,0.01846440355882923,0.10705920446995125,0.05113204055619521,0.0242417771743323,0.004243041233731614,0.05387773223268424,0.03903841830733607,12,34,0.027306697245790497,0.21492113296234636,True,False,True,2.532447745172593e-05,COMPLETE
1326,0.35942697525024414,2025-04-18 16:56:25.853535,2025-04-18 16:56:50.285644,0 days 00:00:24.432109,0.22983937658824552,0.2442698377360603,8,0.014463881946799659,0.07139418718632923,0.05469201473663486,0.021177079333198467,0.012618822452739955,0.047612557171044304,0.03162691318297063,11,35,0.03071296157080779,0.19867625954779966,True,False,True,2.103475512550711e-05,COMPLETE
1327,0.4656188607215882,2025-04-18 16:56:50.722952,2025-04-18 16:57:15.702590,0 days 00:00:24.979638,0.2173623054714951,0.2878799996777677,8,0.018437806976119093,0.1088290671069498,0.05142811244585273,0.022753419213611684,0.010253984048262433,0.05216281235893278,0.04321477132294344,12,36,0.029124476658640597,0.204534962925117,True,False,True,4.0284315630660235e-05,COMPLETE
1328,0.46269643306732183,2025-04-18 16:57:16.131840,2025-04-18 16:57:40.887929,0 days 00:00:24.756089,0.24320949825069532,0.5331479017902213,8,0.011688785627615312,0.07819111257692773,0.05129964309103902,0.01814832576825885,0.0072070583844560275,0.05549958237527365,0.04016182042515596,12,37,0.030273975505086724,0.19332303531021808,True,False,True,3.1067571405498776e-05,COMPLETE
1329,0.40900939106941225,2025-04-18 16:57:41.313101,2025-04-18 16:58:05.461359,0 days 00:00:24.148258,0.2469740929705099,0.22865755040831043,8,0.020528306506106975,0.09549065850763232,0.04724935862608614,0.02520488376829047,0.00519184826022165,0.07874194677257025,0.02782400986025802,11,34,0.027796048098116602,0.18568315564926588,True,False,True,1.8806284606104115e-05,COMPLETE
1330,0.39879551529884344,2025-04-18 16:58:05.886649,2025-04-18 16:58:40.181568,0 days 00:00:34.294919,0.23196533850342987,0.06932157380139606,8,0.012067901107577371,0.1012352850099939,0.047966692294131134,0.022410085657762115,0.027392220288132853,0.05001376192781156,0.048103333753477036,24,41,0.02425362791836251,0.22675080709609213,True,False,True,2.3660711298564432e-05,COMPLETE
1331,0.403883957862854,2025-04-18 16:58:40.605928,2025-04-18 16:59:05.991259,0 days 00:00:25.385331,0.25449253730734545,0.11670563010398322,8,0.007327422770282052,0.08834594996494358,0.04865633679255314,0.02481585288954221,0.008010671650991293,0.054424525254861134,0.03467701083292711,10,33,0.028882136249301263,0.21090107684968346,True,False,False,1.8944478971390043e-05,COMPLETE
1332,0.3315871596336365,2025-04-18 16:59:06.415569,2025-04-18 16:59:33.761476,0 days 00:00:27.345907,0.2710513154728758,0.2564086722292246,8,0.021320868998117085,0.09304468394532399,0.04692790835064541,0.020446518335134698,0.003299223037421457,0.05169829844000274,0.0005195689183344277,11,125,0.03141388578549711,0.20079407876599634,True,False,True,2.7939382960135606e-05,COMPLETE
1333,0.43430651426315314,2025-04-18 16:59:34.189679,2025-04-18 16:59:59.077855,0 days 00:00:24.888176,0.21750530771981177,0.31570865586243185,8,0.015021566359243918,0.11074778240032603,0.048272928200668044,0.02312414403746521,0.010439131980058252,0.07567585305995966,0.04691882761172382,12,38,0.032830061763357565,0.13487188098710795,True,False,True,4.940525059542141e-05,COMPLETE
1334,0.48868577480316167,2025-04-18 16:59:59.501709,2025-04-18 17:00:24.386094,0 days 00:00:24.884385,0.3129565755880323,0.20852326493604323,8,0.006090031284668149,0.10057779044148352,0.050666243058018874,0.018695341109534178,0.0062567390442450745,0.04662974549516625,0.037026783936473795,12,37,0.030713887230865683,0.1908823532996177,True,False,True,2.2769619226508524e-05,COMPLETE
1335,0.17545234560966494,2025-04-18 17:00:24.829570,2025-04-18 17:00:48.670423,0 days 00:00:23.840853,0.21641399064737857,0.15247492020448383,8,0.00026060052424138234,0.0806385121444796,0.047752268450744484,0.025758276026529293,0.041534708511449456,0.04743950454005956,0.05163903864002538,11,43,0.02585590425839763,0.1812338894129844,False,True,True,1.6998261513757788e-05,COMPLETE
1336,0.46406116485595705,2025-04-18 17:00:49.102484,2025-04-18 17:01:12.506959,0 days 00:00:23.404475,0.27708362359102495,0.24093396215476579,8,0.019496529660053816,0.10690506515296726,0.048868619158431784,0.02322413964865168,0.012537054438448509,0.06128412289407419,0.04204436117434133,10,33,0.03167946604668711,0.14101550900486537,True,False,True,3.121365338519588e-05,COMPLETE
1337,0.434894734621048,2025-04-18 17:01:12.939452,2025-04-18 17:01:37.895024,0 days 00:00:24.955572,0.2595495489122229,0.19800775793270042,8,0.012452519486353281,0.08661504727811781,0.04566153830203784,0.02659704391160122,0.0010317807674026529,0.04964721297675459,0.05386748976477722,12,40,0.029876553652518158,0.2049347137044699,True,False,True,1.8237221012155556e-05,COMPLETE
1338,0.5025372028350831,2025-04-18 17:01:38.320289,2025-04-18 17:02:02.370156,0 days 00:00:24.049867,0.2382743864433368,0.12840546605001885,8,0.019443678506214482,0.09945827186260439,0.04569728756687501,0.024412603110576258,0.009043485419476107,0.04718834741388893,0.03485086785712447,11,35,0.03271198247842765,0.12542218752661907,True,False,True,3.563370231449626e-05,COMPLETE
1339,0.2716827690601349,2025-04-18 17:02:02.795512,2025-04-18 17:02:25.997882,0 days 00:00:23.202370,0.24413166484372406,0.13207336808063028,8,0.02429932528260708,0.09482571688892683,0.04889992459803676,0.021285077659288415,0.012665005562857313,0.05475196652816881,0.021785256019571594,10,31,0.028031046612859274,0.10863046764688696,True,False,True,5.446421770395811e-05,COMPLETE
1340,0.4113533198833466,2025-04-18 17:02:26.421538,2025-04-18 17:02:49.196654,0 days 00:00:22.775116,0.22201725816205395,0.12053228186248306,8,0.019374734212452293,0.09111252992391956,0.04535927166481372,0.020408599060599237,0.0880942913208275,0.04917889185047173,0.03053136114035529,10,29,0.03082985472825527,0.12165637834394699,True,False,True,5.691665052076611e-05,COMPLETE
1341,0.4639622747898102,2025-04-18 17:02:49.621523,2025-04-18 17:03:13.982358,0 days 00:00:24.360835,0.24660918195013026,0.13480791891062555,8,0.024188101876314854,0.09908940700216864,0.04420814016031422,0.022011253774589193,0.010919207078131772,0.04519785750644591,0.02598011290657569,11,34,0.029894686060750564,0.1192491568075593,True,False,True,4.7292980503634685e-05,COMPLETE
1342,0.4184937000274659,2025-04-18 17:03:14.426366,2025-04-18 17:03:38.261964,0 days 00:00:23.835598,0.21426568218713182,0.12041097665954152,8,0.14199670966109834,0.08542000472307706,0.047970767085805804,0.016665354457625063,0.07812921088312053,0.048788166277789674,0.026514154792419746,11,32,0.028991428271933666,0.11057048749633208,True,False,True,3.898744009399664e-05,COMPLETE
1343,0.3531719326972962,2025-04-18 17:03:38.693612,2025-04-18 17:04:02.109581,0 days 00:00:23.415969,0.23810447069302804,0.10281303155904936,8,0.0061269728324692616,0.09549161344092874,0.04284471020856808,0.023512278128576557,0.009759453394685272,0.050101165901998174,0.017977553460863258,10,35,0.0321735664453134,0.11705900996100649,True,False,True,3.6883028359304345e-05,COMPLETE
1344,0.44883878827095036,2025-04-18 17:04:02.543387,2025-04-18 17:04:26.565233,0 days 00:00:24.021846,0.20932334510897607,0.13709850301433607,8,0.021923814328237465,0.07495193118655867,0.04728288859935165,0.0242199874029164,0.012784196850272461,0.05040977862107018,0.03044515278143126,11,38,0.032019911517310956,0.12429414566461008,True,False,True,4.6554816504543714e-05,COMPLETE
1345,0.2525665879249573,2025-04-18 17:04:27.000541,2025-04-18 17:04:51.328073,0 days 00:00:24.327532,0.25914504494793594,0.1442428295484643,8,0.016373414266128313,0.08986438294939951,0.04173505829276274,0.010053953056366603,0.009337492613980538,0.051184483043072874,0.030707196666091258,11,45,0.032610802919468204,0.12588193726433652,True,False,True,4.014108660121108e-05,COMPLETE
1346,0.4119828820228577,2025-04-18 17:04:51.755294,2025-04-18 17:05:15.191134,0 days 00:00:23.435840,0.23329615230528664,0.08940199266237278,8,0.011167774701896307,0.1012728622734915,0.047460103847667245,0.019523762591136844,0.010733069977030902,0.05343196809069292,0.02266822814839023,10,31,0.026035405638345603,0.1310187093486693,True,False,True,6.795648173949435e-05,COMPLETE
1347,0.35772441029548646,2025-04-18 17:05:15.621246,2025-04-18 17:05:40.042040,0 days 00:00:24.420794,0.22426425160932906,0.11715816700301424,8,0.02587339947478408,0.09626935325119476,0.04281271094125431,0.021331997466589717,0.01186094960553321,0.05259800759903719,0.03411299786307478,11,40,0.028119304356157695,0.11276158902196128,True,False,True,3.143325631905859e-05,COMPLETE
1348,0.49676520824432374,2025-04-18 17:05:40.471648,2025-04-18 17:06:04.508735,0 days 00:00:24.037087,0.2658016176739677,0.10573816223269791,8,0.019300853968640667,0.08434832611242445,0.048099352107778895,0.02429442616942417,0.008396683591585793,0.04645633060549049,0.0130793564685634,11,35,0.032002135909419145,0.13177679901319833,True,False,True,4.1136585147006086e-05,COMPLETE
1349,0.42151043415069583,2025-04-18 17:06:04.939853,2025-04-18 17:06:29.404642,0 days 00:00:24.464789,0.2863147652313645,0.1304292079460486,8,0.006132858046809195,0.0665012311201777,0.0410842717620746,0.01861812262636223,0.009164098942491497,0.05327086893447221,0.035361267469615834,11,29,0.03342271971693541,0.12483416564032508,True,False,True,3.3371236326048455e-05,COMPLETE
1350,0.4577126264572144,2025-04-18 17:06:29.852677,2025-04-18 17:06:55.360636,0 days 00:00:25.507959,0.25186706460841174,0.09282656691692757,8,0.02688083259861688,0.09146711658643103,0.04406466754796245,0.022265502451773476,0.012753429805657832,0.05763711295607496,0.03666454908412909,10,42,0.029556969781016955,0.12457024799492021,True,False,False,3.0101168714785132e-05,COMPLETE
1351,0.35648629665374754,2025-04-18 17:06:55.796179,2025-04-18 17:07:19.760368,0 days 00:00:23.964189,0.30738826969523536,0.09884767692342766,8,0.011996142686140444,0.10095268700510893,0.04592513371589141,0.0252640617828245,0.013688866575239812,0.04791121694302074,0.023284217930153325,11,37,0.033805404934690815,0.13081297104749673,True,False,True,5.5222355874443515e-05,COMPLETE
1352,0.44963689446449284,2025-04-18 17:07:20.193717,2025-04-18 17:07:43.599516,0 days 00:00:23.405799,0.2087756766870677,0.14391778723507573,8,0.006021664811209148,0.07815440344198407,0.039791206195803466,0.022667046742987047,0.010774083055881229,0.042284357022178407,0.02676932369191006,10,32,0.03353909428130708,0.11966775650981464,True,False,True,3.4733202420198856e-05,COMPLETE
1353,0.45109586715698247,2025-04-18 17:07:44.036028,2025-04-18 17:08:08.264959,0 days 00:00:24.228931,0.2701645529754758,0.11527872842843134,8,0.020577971144675862,0.09529645514429297,0.04306835407702678,0.025727543315408073,0.008346539025587154,0.041714211473425925,0.040378360973812165,11,39,0.030938003009938986,0.11499616992739403,True,False,True,3.9761791038540654e-05,COMPLETE
1354,0.35964014530181887,2025-04-18 17:08:08.696199,2025-04-18 17:08:32.663649,0 days 00:00:23.967450,0.23206777340602797,0.15449526921231127,8,0.01569056044242835,0.08770455528169066,0.050095234366534874,0.024191551076937278,0.014508877015254605,0.05172940071410865,0.03136031919242737,11,27,0.03435502389602432,0.1356180132745062,True,False,True,2.6411161523447166e-05,COMPLETE
1355,0.26904850602149966,2025-04-18 17:08:33.094621,2025-04-18 17:08:58.487443,0 days 00:00:25.392822,0.24226522177118762,0.07731952089585495,8,0.023828216664710515,0.10279165666789133,0.06768043515352509,0.020435481745819,0.010757424219344962,0.038862345120721876,0.041600633329776655,12,35,0.02937913469498834,0.1398563338526804,True,True,True,9.081537004647493e-07,COMPLETE
1356,0.24209416508674622,2025-04-18 17:08:58.936610,2025-04-18 17:09:23.129682,0 days 00:00:24.193072,0.2783585104420049,0.12920111450845395,8,0.010613868006885503,0.08355732933061749,0.04670321189878226,0.017298179444210034,0.007806860228474548,0.06744146629738182,0.03607607886538603,11,44,0.03211292904231086,0.12888854238306252,False,False,True,2.5883503529531343e-05,COMPLETE
1357,0.3248418629169464,2025-04-18 17:09:23.567943,2025-04-18 17:09:48.284609,0 days 00:00:24.716666,0.21115780301925408,0.07017056558413864,8,0.21794159788054535,0.09612642626535615,0.0465545166766012,0.02599694910713364,0.00988902342504566,0.04455381037501946,0.046671740798131356,12,37,0.03445796857996392,0.12169790959059001,True,False,True,4.654876000801441e-05,COMPLETE
1358,0.39980549812316896,2025-04-18 17:09:48.722616,2025-04-18 17:10:12.506988,0 days 00:00:23.784372,0.24684813197624472,0.10289052991278044,8,0.016079618061072283,0.10461904097897953,0.04466313368598718,0.02335346886023147,0.006839125109154347,0.05765120725987965,0.026845218589945496,10,48,0.025148861946432302,0.05610774049053069,True,False,True,2.4732869252939532e-05,COMPLETE
