number,value,datetime_start,datetime_complete,duration,params_alpha-eval,params_alpha-train,params_batch-size,params_eps-eval,params_eps-train,params_lambda-actions-eval,params_lambda-actions-train,params_lambda-frames-eval,params_lambda-frames-train,params_learning-rate,params_n-epochs,params_n-frames,params_radius-gw,params_rho,params_std-feats,params_ub-actions,params_ub-frames,params_weight-decay,state
797,0.45511320829391483,2025-04-11 11:22:38.433567,2025-04-11 11:23:47.291134,0 days 00:01:08.857567,0.12661597776192943,0.1554688530294528,2,0.18759377081900264,0.04574528020939579,0.07395493023391793,0.016251905217150003,0.08654489849910466,0.0889156091691938,0.015268446336958846,15,53,0.08676269615338006,0.18183376027106588,True,False,False,1.903429706956615e-05,COMPLETE
798,0.45845332741737366,2025-04-11 11:23:47.555549,2025-04-11 11:24:49.930618,0 days 00:01:02.375069,0.07217820452612629,0.22992721865318336,2,0.1812020429027703,0.0648331261545253,0.07974009259378625,0.017778457434452145,0.09556516013778106,0.09227362626617569,0.046753256855378796,13,48,0.07494669463519416,0.20121829834123542,True,False,False,4.087735007325547e-05,COMPLETE
799,0.4791823744773865,2025-04-11 11:24:50.196369,2025-04-11 11:25:14.018149,0 days 00:00:23.821780,0.1518409745784814,0.18613068771670682,16,0.1591895692438609,0.038567060309826116,0.09662847601362193,0.012179740967902293,0.08048780790801231,0.0102284291427441,0.03737256487693023,15,35,0.08387872712617866,0.16257558169527686,True,False,False,6.82849979162051e-05,COMPLETE
800,0.3095275342464447,2025-04-11 11:25:14.271249,2025-04-11 11:26:29.201938,0 days 00:01:14.930689,0.18758709329188503,0.2473321175094311,2,0.1737192711729465,0.05139094961542449,0.07069113631901315,0.015146943244979897,0.02655667376696879,0.08331893396477795,0.028117886908637705,16,123,0.07800933595124103,0.17294906893453638,True,False,False,9.294525130264922e-05,COMPLETE
801,0.4507109224796295,2025-04-11 11:26:29.465902,2025-04-11 11:27:48.815300,0 days 00:01:19.349398,0.11074576744540197,0.2857947345710977,2,0.1655006109130505,0.04504120806954113,0.07633561212537383,0.02149124400550711,0.08304142211285216,0.08764161586770372,0.02120523212965618,18,45,0.09087603625505046,0.21451008004241984,True,False,False,3.319904884705142e-05,COMPLETE
802,0.4378422558307648,2025-04-11 11:27:49.085727,2025-04-11 11:28:54.724000,0 days 00:01:05.638273,0.1377135223236253,0.21532102721141566,2,0.1997230678940015,0.0655994540201034,0.09005550123950488,0.01962707770584145,0.08754732359358292,0.09316900659031487,0.07816864499197007,14,42,0.04556890656200628,0.14754504626349818,True,False,False,5.8231031425806705e-05,COMPLETE
803,0.09307204186916351,2025-04-11 11:28:54.978232,2025-04-11 11:29:15.571622,0 days 00:00:20.593390,0.20504341200745502,0.15245761477068223,16,0.19005128558293588,0.05772304687918246,0.08254440098688967,0.01354893013557754,0.07620825862253161,0.08628618998573052,0.05216818010065343,15,38,0.08051226828822537,0.18956235069105076,True,True,False,7.692375603758938e-05,COMPLETE
804,0.3536813914775848,2025-04-11 11:29:15.839215,2025-04-11 11:30:32.347179,0 days 00:01:16.507964,0.09001340567529496,0.1840070017987214,2,0.18372379935728655,0.17446664919845328,0.0728382965208427,0.00713451922398783,0.08428152773641809,0.018004960816780047,0.034053266712514275,17,8,0.0885090792266325,0.18009637828785877,True,False,False,4.564743057345004e-05,COMPLETE
805,0.3542370140552521,2025-04-11 11:30:32.600959,2025-04-11 11:31:37.187762,0 days 00:01:04.586803,0.16632124231900391,0.20220902983873595,2,0.1767496416110971,0.05121958215313248,0.08487323270057633,0.008936250930188632,0.07992343290566538,0.09035615207121607,0.04419685830991788,14,47,0.08519488411936198,0.16805294042296579,False,False,False,9.557674025689002e-06,COMPLETE
806,0.41169481277465825,2025-04-11 11:31:37.452038,2025-04-11 11:32:00.493725,0 days 00:00:23.041687,0.1374677401084351,0.13454035133868306,16,0.15822686367584365,0.026961611430755258,0.07512335175729899,0.015998853013116793,0.08217189559452472,0.00111173883173398,0.025064117415267158,13,50,0.08286483373614578,0.1780469095202673,True,False,False,2.949291212892227e-05,COMPLETE
807,0.44817011356353764,2025-04-11 11:32:00.760315,2025-04-11 11:33:12.958299,0 days 00:01:12.197984,0.10513457573635088,0.22639265152802907,2,0.16843414465790094,0.03885506810988566,0.0931664562324707,0.017900264260784168,0.0778250764573899,0.08410777069056814,0.017412288893173554,16,59,0.09367062269845608,0.16047953933756423,True,False,False,0.00011514933043426347,COMPLETE
808,0.46904376745224,2025-04-11 11:33:13.212267,2025-04-11 11:34:18.151629,0 days 00:01:04.939362,0.12356698315283156,0.25438948387323074,2,0.19369757221797718,0.05566933579716905,0.07006095466376444,0.012197520171373988,0.08997745396128945,0.00649171583909376,0.05861248456902293,14,40,0.09992632492322376,0.1978295282573667,True,False,False,1.7225374618840016e-05,COMPLETE
809,0.47975888252258303,2025-04-11 11:34:18.417437,2025-04-11 11:34:42.084374,0 days 00:00:23.666937,0.03567050403003224,0.17445190290002777,16,0.18523593877284544,0.044011121139342295,0.07227052727645195,0.014920174872590137,0.0849015239268531,0.08874087617750598,0.029027439776316624,15,44,0.08691126189650478,0.18462874179853284,True,False,False,3.723980650930706e-05,COMPLETE
810,0.47856380939483645,2025-04-11 11:34:42.355230,2025-04-11 11:35:44.391216,0 days 00:01:02.035986,0.1579950679402846,0.19788294416504584,2,0.17208656080869666,0.032583215376797384,0.0876677528451106,0.010907068463872217,0.08168900914062807,0.09572838510814717,0.038344668802932295,13,35,0.08500660993478049,0.17361145897468513,True,False,False,5.6224618795201544e-05,COMPLETE
811,0.4868860006332397,2025-04-11 11:35:44.646952,2025-04-11 11:36:59.484034,0 days 00:01:14.837082,0.1819180771717585,0.1611314171093153,2,0.1535174584286107,0.0658868811624075,0.07713064480976096,0.018328605086436904,0.08544813627003306,0.08217545417269398,0.08386270983678926,17,42,0.08176670379973024,0.1677768730663936,True,False,False,6.312763653480627e-06,COMPLETE
812,0.467255437374115,2025-04-11 11:36:59.751148,2025-04-11 11:38:11.920172,0 days 00:01:12.169024,0.0702044830128449,0.2332625836867207,2,0.21142671177253175,0.05088436930411422,0.0686229148158181,0.02060187049394355,0.09649425341030629,0.05279798635870789,0.020850228684981632,16,55,0.09069310422870092,0.1562566705758665,True,False,False,2.202585036632749e-05,COMPLETE
813,0.43544073104858405,2025-04-11 11:38:12.190587,2025-04-11 11:38:33.368291,0 days 00:00:21.177704,0.21591462435473258,0.21479101667516848,16,0.17871428276871404,0.059776069153235245,0.07433740730979976,0.02454864526966473,0.07892613234898992,0.09278172620479266,0.0007696493665242389,15,38,0.07675578333986229,0.20863931626097132,True,False,True,7.634518156469214e-05,COMPLETE
814,0.44257450103759766,2025-04-11 11:38:33.624813,2025-04-11 11:39:39.119538,0 days 00:01:05.494725,0.08590506652411681,0.2642954160464475,2,0.1633779428200729,0.04830729577764637,0.0803799595233236,0.013681556829047016,0.07489422333293755,0.08647990249548339,0.06754955973971041,14,46,0.08727841208432743,0.19076578724783236,True,False,False,1.2706051536989708e-05,COMPLETE
815,0.4211758017539978,2025-04-11 11:39:39.388149,2025-04-11 11:41:07.916938,0 days 00:01:28.528789,0.14197727311382347,0.13272067737380155,2,0.2035813605857492,0.042213880153070205,0.0721231551949573,0.01637458744109406,0.09355261764999878,0.09001629897370574,0.015773576717076167,21,52,0.08367293353518165,0.1756639979953816,True,False,False,4.188152703499378e-05,COMPLETE
816,0.4789204001426697,2025-04-11 11:41:08.188855,2025-04-11 11:41:31.607642,0 days 00:00:23.418787,0.10663219826436873,0.18138972654997926,16,0.27233513616705124,0.0560359977860418,0.08250752448955201,0.01017036086121276,0.08769800298651688,0.08466634748153558,0.03617081206226002,15,33,0.08909773896227499,0.16367028141317908,True,False,False,9.597138611985655e-05,COMPLETE
817,0.48552286624908453,2025-04-11 11:41:31.866941,2025-04-11 11:42:37.704963,0 days 00:01:05.838022,0.12007089525779227,0.1980789852753844,2,0.18890887684027394,0.061946125802191776,0.07569105570901069,0.014889191072571795,0.08081175910403565,0.08777940630521167,0.030920925174752104,14,44,0.07910093711739481,0.1425177199895506,True,False,False,2.9381139975392648e-05,COMPLETE
818,0.49004759788513186,2025-04-11 11:42:37.977326,2025-04-11 11:44:02.786764,0 days 00:01:24.809438,0.1667523028840726,0.23610781114175297,2,0.1722319891481036,0.022024056346125157,0.07005230479679668,0.017996602548230142,0.08348942504943167,0.09356439419000287,0.055571044410746874,20,40,0.0857674745166134,0.18492205738697495,True,False,False,6.222215950223945e-05,COMPLETE
819,0.4402941524982453,2025-04-11 11:44:03.059574,2025-04-11 11:44:26.166725,0 days 00:00:23.107151,0.04040653522016466,0.14924008827569643,16,0.17926747112652575,0.11833238614715734,0.08575063756845508,0.012651419466285025,0.014960511488103914,0.004987428707459414,0.023446482198205176,13,49,0.09230323880892045,0.17059534721314107,True,False,False,4.7899072930769134e-05,COMPLETE
820,0.47058856487274175,2025-04-11 11:44:26.424960,2025-04-11 11:45:37.923598,0 days 00:01:11.498638,0.14065858737467185,0.21643961025192926,2,0.16487314892791508,0.048276313778499017,0.07806822513899903,0.021094807249453888,0.07719340257357579,0.09074245537301151,0.04683595272650444,16,36,0.08118951449479526,0.20579346274960217,True,False,False,7.03498495984439e-05,COMPLETE
821,0.09307204186916351,2025-04-11 11:45:38.194034,2025-04-11 11:46:40.156142,0 days 00:01:01.962108,0.18958534585125789,0.09761386024846815,2,0.19656042525189252,0.03705115075960414,0.073766107770447,0.023040139502546096,0.09112236126485866,0.09647946908674301,0.02676783910593308,15,149,0.08342966184528676,0.22009422052900665,True,True,False,3.680447679833888e-05,COMPLETE
822,0.4830181479454041,2025-04-11 11:46:40.429721,2025-04-11 11:47:59.786414,0 days 00:01:19.356693,0.08896895751386075,0.1703828266663947,2,0.18413538583720757,0.0527181328409586,0.0709273893671871,0.006161573105111049,0.07988143242400389,0.08172285912977104,0.01846062467016425,18,42,0.07267032723682715,0.19432191743273813,True,False,False,2.5281973601159458e-05,COMPLETE
823,0.4741896390914917,2025-04-11 11:48:00.063848,2025-04-11 11:48:23.365223,0 days 00:00:23.301375,0.06264255662769698,0.2520027749727542,16,0.17451643838784972,0.06885877717288003,0.08882384502913718,0.016633349258791057,0.09789944911406516,0.043241552888548786,0.043268770341121594,14,47,0.08872436939560623,0.1787398926506975,True,False,False,5.3113549842299625e-05,COMPLETE
824,0.21495577692985537,2025-04-11 11:48:23.625797,2025-04-11 11:49:52.576981,0 days 00:01:28.951184,0.1586809440737133,0.11652889855912142,2,0.1582519233770245,0.0573124008626947,0.06700696816354935,0.01969639942571911,0.08247316180977743,0.08564229700975712,0.06992799577695631,22,39,0.08600297281584426,0.15684112742787482,False,False,False,8.60212865621822e-05,COMPLETE
825,0.43675645589828493,2025-04-11 11:49:52.848006,2025-04-11 11:51:01.506388,0 days 00:01:08.658382,0.12220776861210766,0.19398325869843427,2,0.16764413267863465,0.04329347849467382,0.08009062342053826,0.008520164502269088,0.09499530426724503,0.08811660088557247,0.09803194498987805,15,45,0.0803568052999874,0.15140243927296726,True,False,False,2.009532188950085e-05,COMPLETE
826,0.45144138932228095,2025-04-11 11:51:01.782301,2025-04-11 11:51:24.966026,0 days 00:00:23.183725,0.10036849205909341,0.22134454089116004,16,0.17963684556979154,0.0490720866957919,0.09162061894246237,0.014428861406073296,0.08654942984466651,0.09146864714688671,0.04080136931512808,14,42,0.09039713568297691,0.1664510525405317,True,False,False,0.00010951272797008283,COMPLETE
827,0.4888063669204712,2025-04-11 11:51:25.227365,2025-04-11 11:52:36.581567,0 days 00:01:11.354202,0.1421136607804253,0.2765100276657797,2,0.18967818147735693,0.03304689119160459,0.09507393434728093,0.01171967578728776,0.07885839931595957,0.0851495964338307,0.0339545406051098,16,37,0.08410224927014145,0.1841816226461007,True,False,False,6.160971924828892e-05,COMPLETE
828,0.4829385995864868,2025-04-11 11:52:36.855493,2025-04-11 11:53:52.366536,0 days 00:01:15.511043,0.17330912382630728,0.14589108469943607,2,0.29794481232006,0.06166592793474535,0.07274917060878233,0.01583510664382343,0.08149879990154489,0.0944833251190369,0.02092593930959316,17,50,0.08695612506240868,0.1740756137685189,True,False,False,1.4797129990545974e-05,COMPLETE
829,0.2888215839862823,2025-04-11 11:53:52.643976,2025-04-11 11:54:17.090246,0 days 00:00:24.446270,0.11445990969038461,0.17462345378889174,16,0.1705561376777116,0.05434826928624715,0.08304070729691612,0.018393537115681563,0.08465070925945434,0.08889709591359762,0.0014133046934042852,13,86,0.08166350933334689,0.2020647821766733,True,False,False,3.6074724256499745e-05,COMPLETE
830,0.5007001519203187,2025-04-11 11:54:17.352249,2025-04-11 11:55:22.354187,0 days 00:01:05.001938,0.208336397148326,0.24323940928360488,2,0.14669757009297102,0.041787931862603885,0.07567128790194107,0.026246246026663256,0.07628215601229002,0.08656965726559654,0.014681449049126447,14,33,0.04981431720582682,0.16348870534325236,True,False,False,4.971193780786636e-05,COMPLETE
831,0.4690119385719299,2025-04-11 11:55:22.632460,2025-04-11 11:56:24.538071,0 days 00:01:01.905611,0.18549686918446018,0.2720648858789937,2,0.1449359921466138,0.026064149656421166,0.07503244586916752,0.025545334085459403,0.07459435820327562,0.08288309452276983,0.014930694568660368,13,33,0.0570051597795753,0.14871217248086244,True,False,False,4.789177751070747e-05,COMPLETE
832,0.4577378273010254,2025-04-11 11:56:24.816805,2025-04-11 11:57:19.172236,0 days 00:00:54.355431,0.049668960138458396,0.38638988126506635,2,0.13631025561048712,0.03676773584931797,0.07731699170313378,0.026782133138103275,0.07542714647314955,0.08594158857765948,0.014084349537544236,13,32,0.049740672261914295,0.16185204386587715,True,False,True,2.9290752081318337e-05,COMPLETE
833,0.4826883673667908,2025-04-11 11:57:19.433402,2025-04-11 11:58:24.666507,0 days 00:01:05.233105,0.15440480277533308,0.2561989707992498,2,0.14811138667073387,0.04255549068873893,0.07713141818194984,0.02613021524845292,0.07604920846233752,0.08742142192755693,0.019360742621165942,14,32,0.09360067686428561,0.15577406787084025,True,False,False,3.980965048043783e-05,COMPLETE
834,0.4491844415664673,2025-04-11 11:58:24.941824,2025-04-11 11:59:30.299323,0 days 00:01:05.357499,0.13127706586064744,0.30651912761788414,2,0.1472724071702678,0.030434020364663243,0.07513660848024757,0.029585392269042495,0.07779816592833952,0.08671069407147829,0.01647844313420108,14,35,0.060428985739803986,0.16116327093699745,True,False,False,4.294274322016846e-05,COMPLETE
835,0.4294342458248139,2025-04-11 11:59:30.577046,2025-04-11 12:00:32.761517,0 days 00:01:02.184471,0.6039102908731767,0.6071006983568472,2,0.1435247000111985,0.038548812624715996,0.07853982687642375,0.02340350552908255,0.0769584089453137,0.08376769088009353,0.014830103743067714,13,30,0.051070671668899496,0.15057435486947765,True,False,False,3.33384232415548e-05,COMPLETE
836,0.48567870855331424,2025-04-11 12:00:33.027783,2025-04-11 12:01:38.727541,0 days 00:01:05.699758,0.08681721010187304,0.2444168645684076,2,0.13875070465961037,0.044696841745133054,0.07329624096428836,0.027040852110796487,0.0793459008202771,0.08960066738536002,0.014948386994850326,14,35,0.04257334159686005,0.16468379639013056,True,False,False,4.8456441842685565e-05,COMPLETE
837,0.44932666420936584,2025-04-11 12:01:39.001642,2025-04-11 12:02:40.542317,0 days 00:01:01.540675,0.19750869942973448,0.13178125343239247,2,0.19559794059013524,0.03461798239129367,0.07610876856236085,0.02863788556388183,0.07547696312867291,0.0833156575911237,0.01796380728569218,13,37,0.03836089089720657,0.1433257786139264,True,False,False,2.5088033521510364e-05,COMPLETE
838,0.2830277264118195,2025-04-11 12:02:40.822341,2025-04-11 12:03:48.944671,0 days 00:01:08.122330,0.15814735474283917,0.15893530125491587,2,0.14004295136839215,0.04190409707162123,0.09853430561173497,0.027438592351318104,0.08015481528623206,0.08123256237539139,0.024664960073850734,14,144,0.046291246874945347,0.19216411666270414,True,False,False,5.008563555261523e-05,COMPLETE
839,0.45898683667182927,2025-04-11 12:03:49.210400,2025-04-11 12:04:54.422576,0 days 00:01:05.212176,0.5554502724065686,0.29490491272318786,2,0.1845510077000503,0.04899350037193733,0.07427786569107028,0.0238767841580473,0.08923164015887247,0.09076203286024583,0.021796411040894574,14,32,0.03923753771468188,0.15616302450066294,True,False,False,1.9657225654378628e-05,COMPLETE
840,0.44786023497581484,2025-04-11 12:04:54.707682,2025-04-11 12:06:15.964601,0 days 00:01:21.256919,0.07411888799472152,0.20411948412104572,2,0.13460809605743096,0.05602319691847367,0.07856478335274772,0.02463175667262562,0.07753660500066067,0.08804219739495404,0.0003025342284153891,19,39,0.03401833751710616,0.16861316805875465,True,False,False,3.5676208365116924e-05,COMPLETE
841,0.09307204186916351,2025-04-11 12:06:16.244029,2025-04-11 12:07:22.900649,0 days 00:01:06.656620,0.030813111819801717,0.1845618222743143,2,0.19093919055422456,0.06703763712528003,0.06966718283995826,0.02633955552251308,0.07454543025693469,0.08510254696404018,0.0306672277111057,18,19,0.0887217470189113,0.19657768893006666,True,True,False,2.7746148756581212e-05,COMPLETE
842,0.44614219665527344,2025-04-11 12:07:23.184286,2025-04-11 12:08:29.128910,0 days 00:01:05.944624,0.10397700446814831,0.21305479010767472,2,0.17827075699695288,0.04456783695990208,0.07599776118129967,0.022122973780789902,0.08268501339372038,0.09160395099954072,0.013662493638180744,14,35,0.061865494244654796,0.21104758782113106,True,False,False,6.106116933082602e-05,COMPLETE
843,0.3598792135715485,2025-04-11 12:08:29.398080,2025-04-11 12:09:30.893983,0 days 00:01:01.495903,0.1269236263482099,0.23313295645701165,2,0.20219702673975185,0.25273640837124767,0.07141983159270901,0.028987325836091805,0.08743930109870095,0.0887233873600123,0.017498977499725066,13,38,0.04810092586071529,0.2245695282892829,True,False,False,5.4309732308151515e-05,COMPLETE
844,0.40839327573776246,2025-04-11 12:09:31.171453,2025-04-11 12:10:44.447156,0 days 00:01:13.275703,0.14144422320492503,0.12110869924271941,2,0.025074510438274356,0.12763221624264143,0.07403061473867778,0.010904060059938546,0.07392028947785487,0.08632024375101256,0.02612476703618761,17,40,0.090783065429488,0.17804821738693152,False,False,False,4.155576893493218e-05,COMPLETE
845,0.46465392112731935,2025-04-11 12:10:44.728502,2025-04-11 12:11:52.779675,0 days 00:01:08.051173,0.16403564433152898,0.162601698326317,2,0.1857377341858079,0.06103250208553231,0.07222791350781026,0.008452000242654514,0.08080200061562334,0.09353877081559107,3.70351484271701e-05,15,33,0.08788687449493976,0.16227708888894796,True,False,False,1.5829526508557165e-05,COMPLETE
846,0.46221981644630433,2025-04-11 12:11:53.048235,2025-04-11 12:12:54.570393,0 days 00:01:01.522158,0.0985071035006696,0.10179912363031718,2,0.15304062078951897,0.05186344343728824,0.07687208665679998,0.025284121591915162,0.07871380266175487,0.08449123814691933,0.020613383114908717,13,41,0.0868275370427351,0.18666199845529657,True,False,False,2.2468564275628365e-05,COMPLETE
847,0.3633823037147522,2025-04-11 12:12:54.851318,2025-04-11 12:14:00.953038,0 days 00:01:06.101720,0.17736515924258273,0.19609374420692008,2,0.17515629476157002,0.20464815634297173,0.06841572985765587,0.012848962832167497,0.08568839503530869,0.08970651547122296,0.033643968728816684,14,29,0.05913627080125129,0.17010487319163506,True,False,False,6.380016287589542e-05,COMPLETE
848,0.44949194788932806,2025-04-11 12:14:01.235688,2025-04-11 12:14:37.728607,0 days 00:00:36.492919,0.059263231922384585,0.25936815093266236,2,0.21415287169189967,0.040630937450755404,0.07863259378949948,0.02195134050051867,0.08329753344412816,0.08275354803405396,0.025824637392284692,5,37,0.0851704072659305,0.21448327685156032,True,False,False,3.2680739666874596e-05,COMPLETE
849,0.39698246717453,2025-04-11 12:14:37.996176,2025-04-11 12:15:42.972391,0 days 00:01:04.976215,0.1203761377578739,0.1412393299597753,2,0.18258004222320873,0.034974064366484155,0.0729650529101544,0.027729393402002315,0.08141212533237338,0.08721127785593011,0.0303203816671992,14,43,0.037112215725001424,0.19988277515903244,True,False,False,4.663653070693344e-05,COMPLETE
850,0.4143367111682892,2025-04-11 12:15:43.253659,2025-04-11 12:16:57.890145,0 days 00:01:14.636486,0.9994780681826122,0.21911692578690506,2,0.19311085909727174,0.047300719664079054,0.07110212216891988,0.009312277485750333,0.07687332243176208,0.09244327901377737,0.016433284250401702,17,35,0.09590461065865072,0.17671964506529542,True,False,False,1.198951688099158e-05,COMPLETE
851,0.44337076544761655,2025-04-11 12:16:58.175346,2025-04-11 12:17:57.616579,0 days 00:00:59.441233,0.14421830310705314,0.18115581245104537,2,0.17741815636957886,0.10621254592096334,0.08038231030696005,0.006116513766383301,0.0849973741373275,0.09657068609968382,0.004758229206516653,15,40,0.06510558325896289,0.1585910598904775,True,False,True,7.137308967614854e-05,COMPLETE
852,0.46375702023506166,2025-04-11 12:17:57.888403,2025-04-11 12:19:00.007578,0 days 00:01:02.119175,0.2046181426182822,0.2438697915224937,2,0.1863162767755881,0.0555633622769897,0.07491791735460634,0.014057764136260299,0.08857063209647129,0.08620753290414955,0.038573568279237636,13,44,0.05212765570919124,0.165235381032386,True,False,False,3.72376205035013e-05,COMPLETE
853,0.4616208016872406,2025-04-11 12:19:00.288557,2025-04-11 12:20:11.772601,0 days 00:01:11.484044,0.07760044831564762,0.20619776179886398,2,0.2571496644125142,0.06270791920966942,0.06941186348309264,0.019787113112662055,0.07961520822923601,0.08084585625322782,0.013525106347982081,16,38,0.08943421064835863,0.1819850778974508,True,False,False,5.512410071579425e-05,COMPLETE
