number,value,datetime_start,datetime_complete,duration,params_alpha-eval,params_alpha-train,params_batch-size,params_eps-eval,params_eps-train,params_lambda-actions-eval,params_lambda-actions-train,params_lambda-frames-eval,params_lambda-frames-train,params_learning-rate,params_n-epochs,params_n-frames,params_radius-gw,params_rho,params_std-feats,params_ub-actions,params_ub-frames,params_weight-decay,state
1763,0.3656456649303437,2025-04-12 11:36:08.651314,2025-04-12 11:37:50.492040,0 days 00:01:41.840726,0.5730317592261694,0.12420245879156361,2,0.16899612973142586,0.04842939412435417,0.07990286626317766,0.0174241566779599,0.08792022567125957,0.09153350853704753,0.0193156160931807,25,40,0.024372424703853656,0.17960611855305358,True,False,False,1.7887696170637285e-05,COMPLETE
1764,0.45013063549995425,2025-04-12 11:37:51.062294,2025-04-12 11:39:35.106002,0 days 00:01:44.043708,0.2862791094421065,0.2286726221365876,2,0.1921038105104886,0.03269409557923878,0.08343848775098683,0.021197838381040918,0.08398388349434412,0.03326804507915652,0.03974882498157716,26,44,0.08934054318985414,0.1978529592695392,True,False,False,1.0847268844696755e-05,COMPLETE
1765,0.3830953121185303,2025-04-12 11:39:35.701307,2025-04-12 11:41:00.296073,0 days 00:01:24.594766,0.604839865827871,0.096822400574861,2,0.07098411098990035,0.05404182185652806,0.07219005098058946,0.026151782493682926,0.0766919169961123,0.0264067011884423,0.026011412522255063,24,30,0.04918776371996212,0.21862863335206537,True,False,True,5.64337131996492e-06,COMPLETE
1766,0.4808815717697144,2025-04-12 11:41:00.874036,2025-04-12 11:42:30.989995,0 days 00:01:30.115959,0.12116194866050212,0.17159940760830333,2,0.1757706457949143,0.041122774980280954,0.07619245442187134,0.013932818803287582,0.06146217385762656,0.034235691031491176,0.022069850052973364,22,38,0.09281125087262386,0.18098454622290291,True,False,False,8.46390114610921e-06,COMPLETE
1767,0.48369437456130987,2025-04-12 11:42:31.585384,2025-04-12 11:43:36.931104,0 days 00:01:05.345720,0.5576777871098518,0.2006548536646665,2,0.19716237132543318,0.06105353344427107,0.08111890137631501,0.01612471361234786,0.07177250440999927,0.02810664921781287,0.03138799238670248,14,33,0.08621005452935461,0.1887476269028269,True,False,False,1.9987643104255593e-05,COMPLETE
1768,0.472515082359314,2025-04-12 11:43:37.509187,2025-04-12 11:45:26.583117,0 days 00:01:49.073930,0.16542231935919247,0.14530635361326083,2,0.08057314782275768,0.04828822983094297,0.06701914075875101,0.047678673083054346,0.0825749315852185,0.07674364438164369,0.04680462338443056,28,42,0.08761764894394959,0.22980849090409516,True,False,False,3.534119755555605e-06,COMPLETE
1769,0.45495926141738896,2025-04-12 11:45:27.182774,2025-04-12 11:46:55.417623,0 days 00:01:28.234849,0.5052234954599429,0.3210697199425018,2,0.16166431405059903,0.023452267643931733,0.06993999136028976,0.019397233628675323,0.0742149619592111,0.0050644692798806346,0.05880280561815612,21,36,0.09121836660493969,0.2036842073673945,True,False,False,1.359822008023361e-05,COMPLETE
1770,0.47246266603469855,2025-04-12 11:46:55.996929,2025-04-12 11:48:32.786467,0 days 00:01:36.789538,0.3087101528853168,0.17831420411454377,2,0.18633931561455752,0.03630484325344883,0.07405589904122968,0.05670637680106919,0.07902273278565067,0.055500369512294874,0.019747325874616552,24,46,0.08189649154731243,0.1932005523044785,True,False,False,1.929464778030811e-05,COMPLETE
1771,0.4390431046485901,2025-04-12 11:48:33.382730,2025-04-12 11:50:27.996454,0 days 00:01:54.613724,0.5745216374293661,0.21626320711799385,2,0.15280374665895563,0.052199083681395704,0.0773538264400306,0.014816484131379242,0.0866829614480963,0.09426737731802463,0.026087671669731815,29,69,0.08481401380877565,0.1853911033751686,True,False,False,1.0258759021663891e-05,COMPLETE
1772,0.41167392730712893,2025-04-12 11:50:28.565847,2025-04-12 11:52:01.863213,0 days 00:01:33.297366,0.17668782568290967,0.15762299424276205,2,0.1693814732502456,0.04353773270984396,0.07967844644676345,0.01822418286177465,0.09034668427121151,0.05811634701771043,0.0375661620880553,23,26,0.09984356399059201,0.21204748080170996,True,False,False,1.5006512935673677e-05,COMPLETE
1773,0.4930782914161682,2025-04-12 11:52:02.458858,2025-04-12 11:53:45.620850,0 days 00:01:43.161992,0.1382000415366877,0.11513469819719033,2,0.09560765656765477,0.030158390516786624,0.08313735445156314,0.02268377186962091,0.07767514158198187,0.034911315299180366,0.0175480462225617,26,39,0.09379363760176863,0.1782108112988592,True,False,False,2.0380528967337605e-05,COMPLETE
1774,0.16016984879970553,2025-04-12 11:53:46.218377,2025-04-12 11:55:11.716236,0 days 00:01:25.497859,0.11634052054992232,0.2540056976777811,2,0.18086006758728387,0.21278362629084574,0.07269168057196679,0.0032707218083204105,0.0810893708698732,0.03141916877265534,0.023282459665442536,25,35,0.05594772419938632,0.19747380957735727,True,True,False,1.638579115579063e-05,COMPLETE
1775,0.4198239207267761,2025-04-12 11:55:12.294193,2025-04-12 11:56:14.529778,0 days 00:01:02.235585,0.14868897520744528,0.13714683459647375,2,0.054330755384763854,0.1612608079292952,0.07651199546957616,0.02040333613058506,0.0704450743510919,0.029470985712756845,0.03039272781087751,13,41,0.09029738698987473,0.2370447026807886,True,False,False,2.2220044457031732e-05,COMPLETE
1776,0.474267041683197,2025-04-12 11:56:15.111419,2025-04-12 11:58:01.111402,0 days 00:01:45.999983,0.11633112666296874,0.19303655696915667,2,0.1601579990544749,0.056587008524743375,0.08100734924624714,0.016090279724799355,0.0836245218537621,0.07492721020021602,0.04194132356695717,27,32,0.0882910131728264,0.22186883303377808,True,False,False,6.783116850384104e-06,COMPLETE
1777,0.41919527649879457,2025-04-12 11:58:01.708335,2025-04-12 11:59:38.810519,0 days 00:01:37.102184,0.17531027032454627,0.232196422230044,2,0.17527706355727815,0.06606043534625389,0.07022884026510885,0.09001950544303917,0.07451373315405502,0.09096710528249441,0.035246744542659025,24,29,0.08364139597012446,0.1883825414234703,False,False,False,1.0482770634124603e-05,COMPLETE
1778,0.4616267323493958,2025-04-12 11:59:39.390710,2025-04-12 12:00:03.263159,0 days 00:00:23.872449,0.13560503786299802,0.20949255233909875,8,0.18238819496463524,0.04631933673844142,0.07418058599874375,0.013842213703638188,0.08575766855688201,0.01850029155319184,0.06862086657296905,8,44,0.07990383060413586,0.10646835031686284,True,False,False,1.1960091702489807e-05,COMPLETE
1779,0.43978208303451544,2025-04-12 12:00:03.862930,2025-04-12 12:01:38.019423,0 days 00:01:34.156493,0.10547303091492621,0.3624476933582814,2,0.17032065952745487,0.03842837545637985,0.07921369793074247,0.02335839916762983,0.0769226632194052,0.02469888686823289,0.016212715649280455,23,38,0.08715754336867142,0.18154275903283784,True,False,False,1.6659092501369897e-05,COMPLETE
1780,0.46938603520393374,2025-04-12 12:01:38.593619,2025-04-12 12:03:19.195772,0 days 00:01:40.602153,0.1577001368987473,0.1636793924639027,2,0.1554655586747707,0.051855894716081735,0.08462062113926244,0.0174823307580126,0.07965232463789026,0.09262913608731875,0.051351661428568125,25,34,0.09628579830132564,0.20499680394460654,True,False,False,2.3464914256719384e-05,COMPLETE
1781,0.4703701496124268,2025-04-12 12:03:19.797285,2025-04-12 12:04:26.128407,0 days 00:01:06.331122,0.19363381365684032,0.18352388961777794,2,0.20229785507471426,0.07836030153253347,0.07802065446828581,0.02184566201052028,0.08934167758676287,0.031700520767093274,2.1837334474162533e-05,14,41,0.08548093674154389,0.14511116045920064,True,False,False,8.516103719632076e-06,COMPLETE
1782,0.47793943881988527,2025-04-12 12:04:26.710147,2025-04-12 12:05:56.760496,0 days 00:01:30.050349,0.1192667409731431,0.13249772360288495,2,0.1869443491257397,0.05983113614521429,0.0715944919549534,0.003925743521186232,0.07236335601709269,0.033497100443793955,0.028707126353570568,22,37,0.08912568251159862,0.19406308624059546,True,False,False,1.3616386556053564e-05,COMPLETE
1783,0.32447320222854614,2025-04-12 12:05:57.360338,2025-04-12 12:07:21.275890,0 days 00:01:23.915552,0.13913593180209577,0.1538499467661525,2,0.16481551226960853,0.042414926864932714,0.07562996085631739,0.001105358298253604,0.08196744046412309,0.0011594965749519754,0.021353705788638083,24,32,0.0912460271124286,0.13573436334911124,True,False,True,4.6200322924976254e-05,COMPLETE
1784,0.449519294500351,2025-04-12 12:07:21.851565,2025-04-12 12:08:55.476571,0 days 00:01:33.625006,0.10069229220716816,0.2730285110015409,2,0.1951611401145501,0.07192911892500725,0.082848457680442,0.015519022641271894,0.07492120735132603,0.007554574054295067,0.024899177088557226,23,45,0.08302200353227544,0.1845746239110814,True,False,False,1.855231792588965e-05,COMPLETE
1785,0.43977681398391727,2025-04-12 12:08:56.075392,2025-04-12 12:10:39.869488,0 days 00:01:43.794096,0.15578303012187728,0.09205410261301994,2,0.17262432343859177,0.034460875030389,0.07393631874164092,0.019173816119799868,0.09164294925652668,0.08962518093230457,0.03346046042776171,26,42,0.08597055534997906,0.17886792471275034,True,False,False,2.1072560141546144e-05,COMPLETE
1786,0.48718974590301517,2025-04-12 12:10:40.479060,2025-04-12 12:12:29.230723,0 days 00:01:48.751663,0.12305556338250535,0.19105467605250948,2,0.1789792193179987,0.04767121090768518,0.08101249733893305,0.024764626512717255,0.0785497716196675,0.03393357173999607,0.01830079240216345,28,36,0.09368629499858484,0.21754943703337037,True,False,False,2.486258161875869e-05,COMPLETE
1787,0.4881533741950989,2025-04-12 12:12:29.827895,2025-04-12 12:14:09.879712,0 days 00:01:40.051817,0.10380095374676757,0.22901857175113738,2,0.1530751261211502,0.054428958496888016,0.07662181549925752,0.013979097718940129,0.08479287972856103,0.030624910264493863,0.04530408330523302,25,39,0.08898001588998197,0.18771008038448914,True,False,False,5.3976106067097494e-05,COMPLETE
1788,0.40000184774398806,2025-04-12 12:14:10.462928,2025-04-12 12:15:48.373231,0 days 00:01:37.910303,0.16955483563753615,0.2105052145746949,2,0.15995348600210735,0.16819000256038197,0.01109456757439825,0.017922061203345895,0.07657817386348494,0.08871106735509085,0.01473801629280006,24,30,0.05277721845345813,0.14875727950984688,True,False,False,1.489911912938933e-05,COMPLETE
1789,0.4547482550144196,2025-04-12 12:15:48.978115,2025-04-12 12:17:35.745210,0 days 00:01:46.767095,0.13974200147753127,0.11801230433063231,2,0.2809268770991003,0.040524375809932844,0.08520478404190292,0.01268247242489978,0.087633121425238,0.027201978514172335,0.038164592236404865,27,49,0.08147976011094724,0.19819597308287834,True,False,False,4.0392235476790995e-06,COMPLETE
1790,0.41000342369079595,2025-04-12 12:17:36.331062,2025-04-12 12:19:08.764621,0 days 00:01:32.433559,0.09298361496068963,0.16951145032613604,2,0.18949398407022267,0.02651507209602329,0.06756150719243534,0.020991202760404337,0.08030799048399168,0.06329642617550636,0.058887039808334186,23,24,0.09221422750928858,0.20925828813526917,True,False,False,3.787064562929383e-08,COMPLETE
1791,0.4527487695217133,2025-04-12 12:19:09.371595,2025-04-12 12:20:46.072490,0 days 00:01:36.700895,0.12848797012443608,0.2897641040590936,2,0.16698487601059606,0.06307052726227905,0.07815966022553433,0.005132063978534848,0.07320739920917169,0.03486160491131717,0.02904555922955867,24,35,0.08720508320862688,0.1780329583244647,True,False,False,1.1834598751244563e-05,COMPLETE
1792,0.4840516448020935,2025-04-12 12:20:46.656043,2025-04-12 12:22:39.024589,0 days 00:01:52.368546,0.011450816364201588,0.24188481855522997,2,0.07722398143895357,0.014847469189618889,0.07248771084727292,0.016091261523541275,0.08261659377683676,0.004665453639001659,0.02075468216646195,29,39,0.08397705871167385,0.19158778190847592,True,False,False,1.788201765432823e-05,COMPLETE
1793,0.09307204186916351,2025-04-12 12:22:39.625403,2025-04-12 12:23:36.187860,0 days 00:00:56.562457,0.5391167278278348,0.1425621522040646,2,0.1757575678759306,0.04829337444454271,0.06979397971033051,0.020192947083677942,0.08521742671491704,0.09283136604492453,0.0258250415245479,14,46,0.09007871799632976,0.22676786714859082,True,True,False,4.080562132838152e-05,COMPLETE
1794,0.47271653413772585,2025-04-12 12:23:36.795278,2025-04-12 12:25:20.700802,0 days 00:01:43.905524,0.10705132381812231,0.17906864080642926,2,0.18225280064971114,0.03802484611000318,0.08182755413163104,0.02728897428382188,0.07834577494962071,0.09422259539746865,0.03203520625574563,26,33,0.07655502098756803,0.2001666543896791,True,False,False,2.792346388622457e-05,COMPLETE
1795,0.4885399580001831,2025-04-12 12:25:21.286807,2025-04-12 12:26:52.076557,0 days 00:01:30.789750,0.46278814935396473,0.2002520328538703,2,0.1990769850124839,0.058069063853055984,0.07544968205927291,0.012997592605458309,0.07038265758360736,0.030792188059536568,0.0417380676153855,22,41,0.08570010349965819,0.18403873300822537,True,False,False,8.826973559921031e-06,COMPLETE
1796,0.5033716201782227,2025-04-12 12:26:52.688933,2025-04-12 12:28:21.660939,0 days 00:01:28.972006,0.15302235255295651,0.16062955545026872,2,0.16006813879069687,0.03226742647241742,0.06050622252855732,0.015294650495478592,0.07555942557268293,0.09096620207675708,0.022467568036881304,21,43,0.08870076034294307,0.21412275215462695,True,False,False,2.2691131558046622e-05,COMPLETE
1797,0.35206895470619204,2025-04-12 12:28:22.251699,2025-04-12 12:29:52.843888,0 days 00:01:30.592189,0.12562628825715647,0.1937107361597991,2,0.1529457704638568,0.026643453309222728,0.06287631300212236,0.003099380972123645,0.07435196205122459,0.09202337195292784,0.0254901968729259,22,50,0.08632529499678063,0.2359508444139508,False,False,False,4.395298046024424e-05,COMPLETE
1798,0.46894248723983767,2025-04-12 12:29:53.430618,2025-04-12 12:31:21.361234,0 days 00:01:27.930616,0.14687899746558483,0.21948960653266372,2,0.15799410267597047,0.019082687065218155,0.05442923786755398,0.01194822518691512,0.07466310974219532,0.09400996102186683,0.035998776452296384,21,47,0.08732888576872175,0.24136313153711497,True,False,False,2.92523027894628e-05,COMPLETE
1799,0.46467592716217043,2025-04-12 12:31:21.965255,2025-04-12 12:32:52.306442,0 days 00:01:30.341187,0.11369012435194145,0.17488306410473314,2,0.15998201509514517,0.020737387051235033,0.058734113783211105,0.05175992705977995,0.07257323174500417,0.08987328431968325,0.030177743026233512,22,47,0.08454935402627811,0.2309740983684184,True,False,False,3.832087446357746e-05,COMPLETE
1800,0.38997410535812377,2025-04-12 12:32:52.891679,2025-04-12 12:33:27.351571,0 days 00:00:34.459892,0.09190057771763392,0.20528742167819658,8,0.15334144968632551,0.022619585793257728,0.06407143520696729,0.00620417764289323,0.07629497295205517,0.09201880044911386,0.051243339685645144,20,52,0.08838981466785821,0.24491647977499967,True,False,False,2.4057092484258133e-05,COMPLETE
1801,0.33822842836380007,2025-04-12 12:33:27.958655,2025-04-12 12:34:56.274550,0 days 00:01:28.315895,0.13014862268200098,0.16672168108900776,2,0.2998622959484908,0.007900588888019653,0.062197553545124525,0.015131169945446572,0.03355230566364721,0.09080593720772313,0.0234487985604788,21,44,0.08325539753619904,0.22891957535077131,True,False,False,6.004593016398509e-06,COMPLETE
1802,0.4782258987426758,2025-04-12 12:34:56.858474,2025-04-12 12:36:21.601210,0 days 00:01:24.742736,0.15212911269269455,0.18812674899888418,2,0.14938917340050895,0.02831611802875375,0.05751073017050566,0.018522460361730476,0.07660351070523058,0.09160045606594623,0.017619420966937326,20,44,0.0860976128655789,0.2236228976578392,True,False,False,1.8473727597781942e-05,COMPLETE
1803,0.37419645786285405,2025-04-12 12:36:22.206505,2025-04-12 12:37:36.374411,0 days 00:01:14.167906,0.5878624710970769,0.2591911575317019,2,0.16320974844787461,0.1463224760882507,0.06230262377629491,0.0226012238154561,0.07605852719608026,0.09444212496651756,0.04307239264397006,20,49,0.08796361924662088,0.230537304218798,True,False,True,3.259037567213459e-05,COMPLETE
1804,0.4479178607463837,2025-04-12 12:37:36.959884,2025-04-12 12:39:00.951679,0 days 00:01:23.991795,0.10624329876562262,0.23772414380530457,2,0.15730852989014335,0.01327224964244037,0.065035314727215,0.011383237279230674,0.07412546902676359,0.089887086614927,0.03020693767449138,20,46,0.08083297747902304,0.23697217003060414,True,False,False,5.300498217572431e-05,COMPLETE
1805,0.4342128336429596,2025-04-12 12:39:01.557155,2025-04-12 12:40:29.059362,0 days 00:01:27.502207,0.09011094644504747,0.16185715089234956,2,0.16590294905237907,0.024138153768893535,0.0691628049704231,0.00787338089383558,0.07244777345102678,0.09101421855887305,0.06459662263782152,21,44,0.08454591960309654,0.22021905843684236,True,False,False,2.4687479367779693e-05,COMPLETE
1806,0.44984489679336553,2025-04-12 12:40:29.646870,2025-04-12 12:41:57.213347,0 days 00:01:27.566477,0.1392675007989079,0.2197570236439022,2,0.14931428396485316,0.02858313422264759,0.06870096735889361,0.0141850261502463,0.07745930804246545,0.08879011932893012,0.036376492010275784,21,27,0.08624541185806016,0.224885719329843,True,False,False,1.381535174789177e-05,COMPLETE
1807,0.41436187028884885,2025-04-12 12:41:57.819283,2025-04-12 12:43:25.820327,0 days 00:01:28.001044,0.9600313786234039,0.19361548435826348,2,0.16035654676618932,0.031101295729495798,0.05621959075567523,0.0050561901831022655,0.06754102121698148,0.09397665911676402,0.00034873958997543025,21,43,0.08871544083727924,0.17635213113469703,True,False,False,3.2745053140564715e-05,COMPLETE
1808,0.4853127598762513,2025-04-12 12:43:26.432899,2025-04-12 12:44:54.142496,0 days 00:01:27.709597,0.08299145019648793,0.1770126765146616,2,0.15572150130555926,0.03390115450757224,0.05995875598960209,0.016788668476248755,0.075467681199728,0.0878821409831083,0.019640140219123473,21,42,0.08209566058819721,0.17434511661038393,True,False,False,1.6465119431928867e-05,COMPLETE
1809,0.45095861554145816,2025-04-12 12:44:54.733545,2025-04-12 12:46:26.120699,0 days 00:01:31.387154,0.8540343488866022,0.20403461233552492,2,0.16524051569331982,0.03021280752750808,0.06379019157254556,0.06273384994249401,0.07037214185429513,0.09272132276861703,0.024244936032085256,22,47,0.0787038813210339,0.2507379610401851,True,False,False,2.070297241022269e-05,COMPLETE
1810,0.3328557074069977,2025-04-12 12:46:26.731748,2025-04-12 12:47:52.513489,0 days 00:01:25.781741,0.11791613809059442,0.15378445079656544,2,0.1619260953382589,0.016924897486540094,0.06762520993168833,0.049925598082365005,0.07779457125113702,0.09014931473489554,0.01501097869236546,20,76,0.08554579836478064,0.22341504076667607,True,False,False,1.1534615706867804e-05,COMPLETE
1811,0.47607681751251224,2025-04-12 12:47:53.103916,2025-04-12 12:49:27.005563,0 days 00:01:33.901647,0.12864037544547027,0.22274776116504486,2,0.1494690902197162,0.024437337063560837,0.06572180828190172,0.026051242243076443,0.07286142166352007,0.0882934696358283,0.05008238476832011,23,30,0.08786275855293561,0.14974794855916712,True,False,False,3.763042819509484e-05,COMPLETE
1812,0.4626268208026886,2025-04-12 12:49:27.625419,2025-04-12 12:50:20.819989,0 days 00:00:53.194570,0.10413821108313276,0.24771628880120986,2,0.16804059912689043,0.03419900217866238,0.05172354504395804,0.013453936065859835,0.0747267531333822,0.09486567416208568,0.027686638545753265,10,37,0.08376403402537352,0.1776170043306294,True,False,False,2.587336831745353e-05,COMPLETE
1813,0.09307204186916351,2025-04-12 12:50:21.411735,2025-04-12 12:51:39.365457,0 days 00:01:17.953722,0.15706181065221023,0.17780021527057463,2,0.16819527410161586,0.0354442546892867,0.06692041016453056,0.020015185958097696,0.07845851853907652,0.0902764322996704,0.04115550523319061,22,41,0.0889659849073707,0.23032925257900178,True,True,False,5.386654616059356e-05,COMPLETE
1814,0.457480788230896,2025-04-12 12:51:39.984388,2025-04-12 12:53:07.843839,0 days 00:01:27.859451,0.4353051275071384,0.1603509389928747,2,0.1562360451175333,0.030633615821161794,0.06165738085652015,0.010523755960454162,0.07129367368884462,0.0953396459366247,0.03462821387647064,21,51,0.08626539150674334,0.21612323916432336,True,False,False,2.363907266904806e-06,COMPLETE
1815,0.353336375951767,2025-04-12 12:53:08.435790,2025-04-12 12:54:41.688805,0 days 00:01:33.253015,0.07885313290934515,0.19832847517910596,2,0.16097282305682,0.03811283318185565,0.0485736203002268,0.017403635314628463,0.07973528003455403,0.08860709022846622,0.02161088812905461,23,33,0.08206329479616631,0.1761078543685956,False,False,False,8.742698977519826e-06,COMPLETE
1816,0.43849449753761294,2025-04-12 12:54:42.312146,2025-04-12 12:56:06.767862,0 days 00:01:24.455716,0.14100813474162038,0.5023395048414743,2,0.17071501776351805,0.06971552898369002,0.06569157336078903,0.024036222281083548,0.07607115798885952,0.0919095622454715,0.027040372241742997,20,37,0.08963092781180697,0.13924012722907056,True,False,False,2.0756632338379977e-05,COMPLETE
1817,0.46171218156814575,2025-04-12 12:56:07.364093,2025-04-12 12:57:37.508662,0 days 00:01:30.144569,0.1124106995212644,0.21190422663926498,2,0.14978087087102462,0.022258272858321562,0.07049322795423288,0.007714944958229403,0.07304677864875204,0.09145443272471554,0.013390915124924341,22,45,0.0843754793186743,0.1822991062966768,True,False,False,1.4683060464215565e-05,COMPLETE
1818,0.419926118850708,2025-04-12 12:57:38.104565,2025-04-12 12:58:39.960782,0 days 00:01:01.856217,0.0969593604118357,0.7498377796928639,2,0.16360309600863573,0.04517531843985878,0.06505868514089488,0.012424759631849181,0.0770405615328609,0.08793835039129017,0.017951835659063727,13,29,0.08726973172694379,0.1735319067300641,True,False,False,2.9068307467404788e-05,COMPLETE
1819,0.4965803146362305,2025-04-12 12:58:40.571870,2025-04-12 12:59:16.696802,0 days 00:00:36.124932,0.12843248651129294,0.13566559477902196,8,0.17372692973350576,0.053642147236413126,0.06883724205137025,0.0053259725172967185,0.07990460612586109,0.0930720794572463,0.033115977188951325,23,39,0.08475653673767657,0.18415185567640435,True,False,False,4.2280538040873467e-05,COMPLETE
