number,value,datetime_start,datetime_complete,duration,params_alpha-eval,params_alpha-train,params_batch-size,params_eps-eval,params_eps-train,params_lambda-actions-eval,params_lambda-actions-train,params_lambda-frames-eval,params_lambda-frames-train,params_learning-rate,params_n-epochs,params_n-frames,params_radius-gw,params_rho,params_std-feats,params_ub-actions,params_ub-frames,params_weight-decay,state
626,0.38365057706832884,2025-04-11 09:21:38.303898,2025-04-11 09:22:02.365082,0 days 00:00:24.061184,0.15917830847583797,0.14828625430512385,16,0.174441405864806,0.04254532563832662,0.06979489074158714,0.014196622170518525,0.08825999876079155,0.08888774188177542,0.042565247832176405,15,43,0.08684554415355991,0.16233022522254287,True,False,False,5.586786486629039e-05,COMPLETE
627,0.457080090045929,2025-04-11 09:22:02.565727,2025-04-11 09:22:25.661086,0 days 00:00:23.095359,0.12477061408494762,0.2769997188408139,16,0.18159962944678687,0.05294255544114417,0.09068811012015131,0.021517903009291593,0.08421734442291359,0.08714720670632721,0.019688665768464612,14,39,0.0977086183594919,0.1746258768090764,True,False,False,6.987997978559542e-05,COMPLETE
628,0.49406013488769535,2025-04-11 09:22:25.872378,2025-04-11 09:22:49.200684,0 days 00:00:23.328306,0.1819405779754702,0.24319008548495388,16,0.17385099228060155,0.058458898329204506,0.08614086533420665,0.015624346340544567,0.09247703907572047,0.0846028711440741,0.07360599962119292,14,45,0.08383015250907358,0.16745907135605134,True,False,False,4.674693668480292e-05,COMPLETE
629,0.236974835395813,2025-04-11 09:22:49.399402,2025-04-11 09:23:13.065463,0 days 00:00:23.666061,0.17837813841310218,0.27785740468347947,16,0.16005996789579993,0.05785074866636482,0.08782622024227651,0.01456182755408354,0.0883745302498016,0.0839419943200414,0.08244618371284386,14,54,0.011952742206392013,0.16563018515116265,True,False,False,5.119531372128674e-05,COMPLETE
630,0.09307204186916351,2025-04-11 09:23:13.276948,2025-04-11 09:23:34.029076,0 days 00:00:20.752128,0.21686970437010525,0.2424245790935859,16,0.1704499214910255,0.05934904534505296,0.08966252416883873,0.018040341336955368,0.0927209815815613,0.08507806490993675,0.051180479186730556,14,45,0.08337435128067001,0.1581389212287662,True,True,False,5.920820650296012e-05,COMPLETE
631,0.46573560237884526,2025-04-11 09:23:34.230468,2025-04-11 09:23:57.450748,0 days 00:00:23.220280,0.19120848569744947,0.2690396521676168,16,0.05917880478779913,0.0516664430567922,0.08700770515254727,0.020402424178838394,0.09160747821108092,0.08381813999446819,0.08123016967608138,13,47,0.08147063740305227,0.16595287425401614,True,False,False,4.756429973078318e-05,COMPLETE
632,0.3363137006759644,2025-04-11 09:23:57.664345,2025-04-11 09:24:23.321186,0 days 00:00:25.656841,0.17386759119931156,0.3340620066784278,16,0.16498736985771756,0.05965109601594577,0.08545181072151779,0.011872007931217005,0.09149377868728578,0.08598309850788838,0.09623996902723593,13,115,0.031504196391160394,0.17361642011092443,True,False,False,7.415348499831245e-05,COMPLETE
633,0.3479308485984802,2025-04-11 09:24:23.524433,2025-04-11 09:24:45.841764,0 days 00:00:22.317331,0.15823789421358386,0.24131839842358405,16,0.17377116963416897,0.051088943210168165,0.08595519121684819,0.014579133985520545,0.09880552659884226,0.08714053552655396,0.06281648611270739,14,45,0.08374716852975879,0.1691264396901767,False,False,False,5.5705259558476155e-05,COMPLETE
634,0.4625912129878998,2025-04-11 09:24:46.055650,2025-04-11 09:25:09.880795,0 days 00:00:23.825145,0.14494243644411808,0.13168229313736862,16,0.17052686002111503,0.05993832539064296,0.07141820532252165,0.01708003890385045,0.08943746301060919,0.08366860216381422,0.07154532783018852,15,40,0.09426701460640707,0.1538598390698372,True,False,False,4.165149287829528e-05,COMPLETE
635,0.41130278110504154,2025-04-11 09:25:10.084729,2025-04-11 09:25:33.104717,0 days 00:00:23.019988,0.11492644645821713,0.28986146849431466,16,0.17716091009897714,0.05446576586029087,0.07354781489645493,0.010848587751905659,0.09073437943251936,0.08859461053117507,0.07371908198795643,14,35,0.04053922804746275,0.1634741785883246,True,False,False,7.39800282439307e-05,COMPLETE
636,0.31147924065589905,2025-04-11 09:25:33.317428,2025-04-11 09:25:56.499963,0 days 00:00:23.182535,0.2044725637599507,0.23302563905942686,16,0.16125380808625728,0.047875693606765996,0.06926447866097005,0.01366000481792096,0.08674398147676397,0.08577867601589641,0.0004560032624979721,13,50,0.09143302577654859,0.17708373370826333,True,False,False,4.549020659835965e-05,COMPLETE
637,0.4765986442565918,2025-04-11 09:25:56.703420,2025-04-11 09:26:23.491678,0 days 00:00:26.788258,0.1456716873971706,0.2561305669209391,16,0.1661642376170463,0.0613162442131257,0.09172367072636492,0.019380984949740405,0.09236099957220623,0.08717589076702544,0.06293268704792851,21,43,0.0849437669453794,0.1610696655851276,True,False,False,6.166358392338326e-05,COMPLETE
638,0.33470826745033266,2025-04-11 09:26:23.704317,2025-04-11 09:26:49.682242,0 days 00:00:25.977925,0.10718536001110554,0.14380997310020513,16,0.17716247370047214,0.05548617714933446,0.08843646586306175,0.009566701915066502,0.0956580568890551,0.08420639675375617,0.056378249127492785,14,106,0.07878308187894653,0.1692780777472311,True,False,False,3.902845323843034e-05,COMPLETE
639,0.459120500087738,2025-04-11 09:26:49.884466,2025-04-11 09:27:13.602587,0 days 00:00:23.718121,0.23201433326190343,0.5663209377294686,16,0.17092458317227863,0.04725950603983299,0.0716955444200256,0.012196059697086497,0.07796417026926915,0.08898811824785638,0.09703681040597995,15,38,0.08797188856381423,0.15422419417480043,True,False,False,5.3954915809445984e-05,COMPLETE
640,0.49598697423934934,2025-04-11 09:27:13.817986,2025-04-11 09:27:37.676820,0 days 00:00:23.858834,0.16869404592905268,0.22692182290890323,16,0.1810873440703731,0.05229899751197015,0.09517964543379054,0.01655450995090164,0.09455494032063806,0.005859022115741207,0.04597252192367057,15,47,0.081290728167887,0.17213822281082267,True,False,False,8.192261959110873e-05,COMPLETE
641,0.49893026351928715,2025-04-11 09:27:37.877846,2025-04-11 09:28:02.314773,0 days 00:00:24.436927,0.18093157206076657,0.2347660200674978,16,0.16210356824187316,0.05060285660533822,0.09150245802031826,0.017419547313212016,0.09342879876811878,0.025122986946967504,0.07116849296896134,15,48,0.07477506852013267,0.17070731620514787,True,False,False,8.01335884243133e-05,COMPLETE
642,0.452219307422638,2025-04-11 09:28:02.530907,2025-04-11 09:28:26.455044,0 days 00:00:23.924137,0.17564336582665968,0.2557870977819161,16,0.16209656980566023,0.04384892155918285,0.09249343216756306,0.01625147845702609,0.09615571942167529,0.02140931369057883,0.0794063842979042,15,51,0.07566680175118425,0.17219246938546498,True,False,False,8.307043545653822e-05,COMPLETE
643,0.4923262119293213,2025-04-11 09:28:26.660281,2025-04-11 09:28:50.674541,0 days 00:00:24.014260,0.22411435574085423,0.23055473792741066,16,0.1593526988313173,0.04930376530626441,0.0869059735501803,0.01730084504813558,0.09719752069475883,0.016514964230108765,0.07204871054271367,15,48,0.07733606077345741,0.17206116763847085,True,False,False,8.054931107545765e-05,COMPLETE
644,0.47545325756073004,2025-04-11 09:28:50.887923,2025-04-11 09:29:15.045192,0 days 00:00:24.157269,0.2197358829317599,0.2738397923249643,16,0.15792092669629465,0.04679634638258355,0.09563547004872044,0.0181507355734233,0.09734116264662208,0.01740852883748667,0.06012464425606311,15,54,0.0788702257912734,0.17172588905751335,True,False,False,8.08336672407662e-05,COMPLETE
645,0.4565504252910614,2025-04-11 09:29:15.249385,2025-04-11 09:29:39.308516,0 days 00:00:24.059131,0.19939123118851332,0.2470852097924831,16,0.15691935400720758,0.04181968970194426,0.0947709001654656,0.016147252012898627,0.09509537352743347,0.0020734439964016985,0.07232050998541402,15,52,0.07576884265390355,0.16704564661859375,True,False,False,8.585832421368101e-05,COMPLETE
646,0.4665642976760865,2025-04-11 09:29:39.524538,2025-04-11 09:30:03.380248,0 days 00:00:23.855710,0.21741188425426947,0.23348708988805833,16,0.1585196627118894,0.051744875969631315,0.09452837831974954,0.01778652345001768,0.09709615478103198,0.011826763594481041,0.05735974171282955,15,49,0.07227087390179723,0.17525855627361564,True,False,False,7.854857889471598e-05,COMPLETE
647,0.45174843668937686,2025-04-11 09:30:03.601220,2025-04-11 09:30:27.417890,0 days 00:00:23.816670,0.18933439379355985,0.25512656399358513,16,0.1607580547584318,0.04842865437371094,0.09370321834654759,0.015452154006072276,0.09776742883398906,0.007101220265274924,0.07988049624530373,14,57,0.0772771496792002,0.17719503265933018,True,False,False,6.821110009057996e-05,COMPLETE
648,0.4902261376380921,2025-04-11 09:30:27.622708,2025-04-11 09:30:51.699368,0 days 00:00:24.076660,0.2364809195356815,0.23464949919450173,16,0.16483519208361902,0.04137152868662843,0.09926883158447199,0.019304981691231196,0.09366195443815807,0.014999066466037958,0.06225162217090628,15,48,0.0748616098465007,0.16685904567497825,True,False,False,8.669808889844578e-05,COMPLETE
649,0.4775118708610535,2025-04-11 09:30:51.918690,2025-04-11 09:31:15.336170,0 days 00:00:23.417480,0.185204107957864,0.2887465604727939,16,0.2399060954097594,0.05441952020623618,0.09103628596430414,0.017208872833555128,0.09583987810581965,0.012292712370963948,0.08573671287595296,14,52,0.077685375274524,0.17225677346261623,True,False,False,5.594035525674574e-05,COMPLETE
650,0.09307204186916351,2025-04-11 09:31:15.541305,2025-04-11 09:31:37.261257,0 days 00:00:21.719952,0.17237471894763087,0.26774645962293625,16,0.08591232559995157,0.046522883631959625,0.09059022068977546,0.014740895002352072,0.09964900303417677,0.003933603137702378,0.09977094544012728,15,49,0.07364743092147338,0.16343942962138372,True,True,False,6.548148001144982e-05,COMPLETE
651,0.47915551662445066,2025-04-11 09:31:37.486904,2025-04-11 09:32:00.522835,0 days 00:00:23.035931,0.20505325655271836,0.22463297458753398,16,0.16590136934582664,0.05156692991289772,0.09633027396276563,0.017647528944332646,0.0942807279912339,0.0065567901705319105,0.06507331022438087,13,47,0.07748593408789094,0.17995912288137422,True,False,False,8.124835718205561e-05,COMPLETE
652,0.43234536647796634,2025-04-11 09:32:00.730087,2025-04-11 09:32:24.167752,0 days 00:00:23.437665,0.24881642764188883,0.2443730580384245,16,0.15814705765890608,0.05682849797181939,0.0893179684631005,0.01980363759917869,0.09407158469881705,0.021584129742928802,0.07551202003644661,14,45,0.08059984729756582,0.1718789280453619,True,False,False,2.79762456721615e-07,COMPLETE
653,0.3427339494228363,2025-04-11 09:32:24.386188,2025-04-11 09:32:47.339561,0 days 00:00:22.953373,0.1729206156786329,0.2315638969811891,16,0.1631744323110266,0.043108481443073776,0.09381981974817429,0.014708204078573543,0.09863860985984813,0.027283275548584313,0.04830506802130668,15,47,0.07965991109522849,0.16582538760468488,False,False,False,5.945805253720589e-05,COMPLETE
654,0.4142687559127808,2025-04-11 09:32:47.545768,2025-04-11 09:33:11.321113,0 days 00:00:23.775345,0.16106094281046854,0.43603581078554904,16,0.16841850878691553,0.05096511957256849,0.0907060628498211,0.01605623999923487,0.09711781730944466,0.01891037158739662,0.07151690478175492,14,51,0.08019340987653345,0.18028257048563748,True,False,False,4.7789658613358905e-05,COMPLETE
655,0.43690091371536255,2025-04-11 09:33:11.544922,2025-04-11 09:33:36.284298,0 days 00:00:24.739376,0.19064646015702552,0.2193946153983899,16,0.154219128537198,0.05774494851931101,0.09736088897557538,0.013592898817066094,0.0945423116369401,0.004121035492571203,0.06781939789280098,16,54,0.05957299354308207,0.17626375834477337,True,False,False,8.259441305707535e-05,COMPLETE
656,0.48315891027450564,2025-04-11 09:33:36.491035,2025-04-11 09:33:59.403856,0 days 00:00:22.912821,0.15997186390937423,0.2553475171101959,16,0.16751884135951678,0.045921814855449196,0.09761573615113354,0.018285585966135037,0.09307394086999436,0.004214913996997602,0.052060201358645405,13,47,0.08153378081993702,0.16967039508098963,True,False,False,6.263688363429361e-05,COMPLETE
657,0.4815217256546021,2025-04-11 09:33:59.627293,2025-04-11 09:34:23.594490,0 days 00:00:23.967197,0.21402618243873595,0.2294149994304467,16,0.1718184491191047,0.04114409360247788,0.08944663265609051,0.013275861452137402,0.09677838360819326,0.015403189761873163,0.04150884078017181,15,44,0.07887334708061906,0.16160439515000047,True,False,False,9.343751096525481e-05,COMPLETE
658,0.4807751536369324,2025-04-11 09:34:23.801296,2025-04-11 09:34:46.966051,0 days 00:00:23.164755,0.18661585303429715,0.2706039472971336,16,0.16016651965014223,0.05015288527935953,0.09689833216511029,0.01617523712689505,0.09244741599159827,0.023970686063054844,0.05257766745871731,14,43,0.08184109954854389,0.17575115014281326,True,False,False,3.900913428773094e-05,COMPLETE
659,0.37551591396331785,2025-04-11 09:34:47.185536,2025-04-11 09:35:11.241014,0 days 00:00:24.055478,0.14151039147982977,0.21868719438078413,16,0.16406586329060804,0.057336090144342655,0.09159523607969694,0.02026863966213908,0.0943199318808652,0.013434914121482565,1.4531299750889166e-05,16,41,0.08225657803267526,0.23065706932304467,True,False,False,6.577103235252873e-05,COMPLETE
660,0.45982023477554324,2025-04-11 09:35:11.449117,2025-04-11 09:35:35.164916,0 days 00:00:23.715799,0.16191146983423016,0.295250608568311,16,0.1739499332406137,0.03762146068643524,0.09267309981750567,0.017540079617518693,0.0948721240450813,0.029983601301727676,0.05050161832686796,14,46,0.07697533178496446,0.1815960887558033,True,False,False,4.9381036955840054e-05,COMPLETE
661,0.34549819827079775,2025-04-11 09:35:35.385078,2025-04-11 09:35:57.047269,0 days 00:00:21.662191,0.22476741098492548,0.24525618827500462,16,0.16888145643223748,0.053689601218525396,0.08697163042980638,0.015145223184824568,0.09146986013727133,0.010877668602733913,0.04517935478561374,15,50,0.08024652133701131,0.1660868939586888,True,False,True,7.157437232101094e-05,COMPLETE
662,0.47703617811203003,2025-04-11 09:35:57.257768,2025-04-11 09:36:19.910846,0 days 00:00:22.653078,0.2534132038511371,0.2083817483657379,16,0.1524121920740257,0.0611829055000529,0.09349444384717119,0.012970945885431552,0.09289368823682606,0.007795613283010136,0.07067841351614451,13,44,0.08244584451190551,0.16116644855056203,True,False,False,3.700083883067311e-05,COMPLETE
663,0.45967019200325016,2025-04-11 09:36:20.136964,2025-04-11 09:36:44.367472,0 days 00:00:24.230508,0.18961801194225375,0.20993186740123734,16,0.16304115162108865,0.04659188477053782,0.0884506841552032,0.022234435302632853,0.09309346496320622,0.024958792284195813,0.059539361117385455,16,41,0.08341792376421656,0.17229671616207196,True,False,False,4.579370007190208e-05,COMPLETE
664,0.4417698740959168,2025-04-11 09:36:44.577574,2025-04-11 09:37:07.540737,0 days 00:00:22.963163,0.14936089040414022,0.6424797097853432,16,0.17891704345015771,0.05263625578132665,0.0866846745245736,0.05540004178479473,0.09838353127667282,0.019430562807462613,0.08869361685746908,13,47,0.0787321670236037,0.18109822722892754,True,False,False,9.115425954175696e-05,COMPLETE
665,0.48177558183670044,2025-04-11 09:37:07.762955,2025-04-11 09:37:31.196711,0 days 00:00:23.433756,0.17258300316000147,0.23635347381405447,16,0.1719599796626629,0.04262381386271114,0.08930972374242352,0.019049636244333847,0.09043714949408999,0.005027034458773247,0.04350913606331598,14,39,0.06906268891449305,0.16798791221503673,True,False,False,5.554367133044445e-05,COMPLETE
666,0.4259356796741486,2025-04-11 09:37:31.420089,2025-04-11 09:37:55.764047,0 days 00:00:24.343958,0.20292655335206633,0.4803861744243867,16,0.15712586078621638,0.060402268371913106,0.09491331417753082,0.01507953135027282,0.09699269410594577,0.010381319485567999,0.041073834503325905,15,44,0.08083915443340735,0.18495264588463506,True,False,False,3.569658047541373e-05,COMPLETE
667,0.48360427618026736,2025-04-11 09:37:55.977896,2025-04-11 09:38:19.518529,0 days 00:00:23.540633,0.13434063919258962,0.2663315107817581,16,0.17697681048667938,0.049238684377048675,0.08531973807890705,0.01691590152796225,0.0972906902633827,0.02098776695707003,0.05997575043705281,14,49,0.07520428527355205,0.15824951149880465,True,False,False,7.336695637455652e-05,COMPLETE
668,0.42558210492134096,2025-04-11 09:38:19.740485,2025-04-11 09:38:43.451866,0 days 00:00:23.711381,0.16284321998907797,0.9961207177389366,16,0.16724495785244203,0.03623743072263047,0.06979639822880487,0.020789872951684177,0.08970338834160897,0.03239529520345941,0.04805485346225539,15,41,0.0825888855477028,0.22020250050649476,True,False,False,4.931720104432092e-05,COMPLETE
669,0.09307204186916351,2025-04-11 09:38:43.663952,2025-04-11 09:39:03.381085,0 days 00:00:19.717133,0.14438967455073526,0.20144190626914088,16,0.1605978042535189,0.05919803328522324,0.08703302699629802,0.012972499339892904,0.09132566136109437,0.0250936909147586,0.03575514592277208,13,38,0.08410156086733292,0.17288808091132807,True,True,False,9.81997574207083e-05,COMPLETE
670,0.45668205618858343,2025-04-11 09:39:03.607510,2025-04-11 09:39:27.756465,0 days 00:00:24.148955,0.12544886747405307,0.2218224380053149,16,0.18837384947482588,0.05597277342637522,0.07417571516976224,0.015758768904193476,0.09632373247729374,0.085527058020551,0.03958529226787478,15,44,0.08055802067955493,0.1772205374426699,True,False,False,6.335794823952426e-05,COMPLETE
671,0.4517404198646545,2025-04-11 09:39:27.968598,2025-04-11 09:39:52.351445,0 days 00:00:24.382847,0.17488890716912692,0.25197309766498527,16,0.18031248845636375,0.16424800637409379,0.0842565461628543,0.011774225638117202,0.09451608177545785,0.00209448753563133,0.08664132919039222,16,46,0.0833008118651047,0.16494032034609518,True,False,False,9.034758398617195e-06,COMPLETE
672,0.34612222313880925,2025-04-11 09:39:52.576220,2025-04-11 09:40:15.080318,0 days 00:00:22.504098,0.1471627799268534,0.199464771187342,16,0.17301536805124273,0.046014804309641846,0.07148136478035795,0.018327622445621118,0.08767394700421477,0.08741363716188565,0.06879146132649074,14,36,0.07797193188470358,0.18465220351190548,False,False,False,4.181628296057913e-05,COMPLETE
673,0.444821298122406,2025-04-11 09:40:15.294045,2025-04-11 09:40:38.385514,0 days 00:00:23.091469,0.12519313105089924,0.22747858080803293,16,0.1690939501118163,0.05204812449346418,0.06901668898414755,0.01404112279532082,0.0902126026513707,0.009539545046225457,0.046452150361792725,13,42,0.08573351571917698,0.15968765187777817,True,False,False,7.929375484028464e-05,COMPLETE
674,0.36958872675895693,2025-04-11 09:40:38.611816,2025-04-11 09:41:02.200620,0 days 00:00:23.588804,0.19939549360587602,0.21390055054194818,16,0.1860042339157657,0.03198465327797869,0.09193897698562335,0.017276332986979795,0.0855701768115941,0.0417174563497346,0.0010375910016357627,14,55,0.08417754976725576,0.17004010219713353,True,False,False,5.892903321730809e-05,COMPLETE
675,0.4745158433914185,2025-04-11 09:41:02.413296,2025-04-11 09:41:26.482170,0 days 00:00:24.068874,0.2698212868869778,0.19390906963722562,16,0.15237065090770816,0.04319936400133799,0.098250607407168,0.019594780877751933,0.09261671255390005,0.03782378757439656,0.03489135424617474,16,39,0.0802190122189568,0.17617114000123604,True,False,False,3.362655912594164e-05,COMPLETE
676,0.43934172987937925,2025-04-11 09:41:26.707153,2025-04-11 09:41:50.706277,0 days 00:00:23.999124,0.15849951377664478,0.2483521755812071,16,0.18094453343792263,0.0613914634396154,0.07445867951881631,0.014402314799177812,0.09504188273393807,0.08405700207656941,0.057436239513629986,15,51,0.0822434544788028,0.1822920980777877,True,False,False,9.22674239490029e-05,COMPLETE
677,0.45243012905120855,2025-04-11 09:41:50.924792,2025-04-11 09:42:14.655832,0 days 00:00:23.731040,0.09155661444952679,0.22634281127773448,16,0.16438794704462825,0.05018469188975642,0.07158122918273103,0.012085107025259108,0.08260343958277488,0.034011593895183656,0.07658254664539849,14,43,0.06583227543252233,0.15403477877815888,True,False,False,4.6539449548718004e-05,COMPLETE
678,0.4953532934188843,2025-04-11 09:42:14.879844,2025-04-11 09:42:41.635514,0 days 00:00:26.755670,0.1303550798030663,0.1958819106395187,16,0.17523873759085587,0.039337660980789564,0.07347851752637821,0.016282524702578755,0.09963185151438053,0.0863941348573065,0.034358983764683944,21,48,0.0849610827580037,0.16868950413026268,True,False,False,7.214984824206334e-05,COMPLETE
679,0.4550902903079987,2025-04-11 09:42:41.865177,2025-04-11 09:43:08.591554,0 days 00:00:26.726377,0.133112496868377,0.2648679248002042,16,0.1574439004792701,0.036174058397798456,0.07006393093994139,0.022509723869093216,0.09972981797182957,0.08793779259773435,0.04547592445143907,20,52,0.08555316260762814,0.16739668279792919,True,False,False,7.83382405361169e-05,COMPLETE
680,0.2996501624584198,2025-04-11 09:43:08.807091,2025-04-11 09:43:31.041965,0 days 00:00:22.234874,0.11928906673895384,0.238623112515312,16,0.1736664923893273,0.03168636820807757,0.08532107287527772,0.015354211432194526,0.09958778824160795,0.04419276608414656,0.055837669541571607,16,48,0.08496488890754207,0.1624943892043281,True,False,True,6.519779553508297e-05,COMPLETE
681,0.4800673127174378,2025-04-11 09:43:31.271403,2025-04-11 09:43:58.424187,0 days 00:00:27.152784,0.14717865540639394,0.28614169858543137,16,0.16704903712669672,0.040328978360541015,0.07295134445214027,0.013407014142009666,0.09669782157677986,0.08585747834476491,0.03922419413251936,22,49,0.08660104030519242,0.17062040079389226,True,False,False,9.494056419283156e-05,COMPLETE
682,0.4441950380802155,2025-04-11 09:43:58.640644,2025-04-11 09:44:26.398839,0 days 00:00:27.758195,0.1633437127472318,0.20926303248520017,16,0.17359466796582318,0.03658207855422985,0.0753610672064658,0.010924447378855486,0.09819299238367939,0.08583681100204046,5.4904588521712586e-05,24,40,0.08438985451386717,0.175489103748394,True,False,False,6.993479088677005e-05,COMPLETE
