number,value,datetime_start,datetime_complete,duration,params_alpha-eval,params_alpha-train,params_batch-size,params_eps-eval,params_eps-train,params_lambda-actions-eval,params_lambda-actions-train,params_lambda-frames-eval,params_lambda-frames-train,params_learning-rate,params_n-epochs,params_n-frames,params_radius-gw,params_rho,params_std-feats,params_ub-actions,params_ub-frames,params_weight-decay,state
113,0.4251395285129547,2025-04-18 01:32:06.336121,2025-04-18 01:32:32.126783,0 days 00:00:25.790662,0.3612134767531302,0.5356029632194196,16,0.1241258152928022,0.05832693622631566,0.09210329535244635,0.06234537733763399,0.054703683768384005,0.059692420208434974,0.013954641533601505,18,43,0.07842983826388505,0.05944912918767534,True,False,False,0.00017750593938114815,COMPLETE
114,0.26690176129341125,2025-04-18 01:32:32.165083,2025-04-18 01:33:05.924202,0 days 00:00:33.759119,0.2914132444331409,0.559469166802328,16,0.16463801514734142,0.04489111074448403,0.08864920652817707,0.023998035545652763,0.04298841314634613,0.05305537305361837,0.021808800567758038,16,148,0.07710346678057381,0.18365399561570145,True,False,False,0.0005477601389323439,COMPLETE
115,0.459017151594162,2025-04-18 01:33:05.962429,2025-04-18 01:33:32.721835,0 days 00:00:26.759406,0.4734720460167508,0.6458936939152773,16,0.09444626795555087,0.03365160313828157,0.09980510071294493,0.058327481058304764,0.04852206457158829,0.06990114731512734,0.051811663459775344,21,35,0.045627511882114495,0.03337985579022341,True,False,False,0.0007839166714080925,COMPLETE
116,0.4388341903686524,2025-04-18 01:33:32.759325,2025-04-18 01:34:41.320400,0 days 00:01:08.561075,0.45677706017000447,0.6557384777225355,2,0.0937313460967523,0.03244213349928102,0.09993909241912496,0.05790052526855535,0.05264442300997884,0.04960622790306779,0.0509922303478811,15,35,0.04522336727780282,0.032396896534757746,True,False,False,0.0007787544519349729,COMPLETE
117,0.44043323993682865,2025-04-18 01:34:41.358783,2025-04-18 01:35:08.482772,0 days 00:00:27.123989,0.5023858775265201,0.739983851986217,16,0.08355683161451344,0.010149252269510538,0.09727264992659863,0.09874344179671773,0.04074381367166657,0.07124994970476367,0.03799418071939762,23,29,0.06143873391415492,0.0194900480434069,True,False,False,0.0006651229821487956,COMPLETE
118,0.44402412772178657,2025-04-18 01:35:08.522405,2025-04-18 01:35:43.347953,0 days 00:00:34.825548,0.5530757809081294,0.6446497514328443,8,0.1026163080643144,0.02097975759196409,0.08571673535134866,0.055000959002521194,0.06133417756961329,0.06871193157170861,0.02909436506943482,20,47,0.0501611448115016,0.05337236746392788,True,False,False,0.0009500068395646545,COMPLETE
119,0.44322931766510015,2025-04-18 01:35:43.388265,2025-04-18 01:37:10.809028,0 days 00:01:27.420763,0.43961807275882553,0.5891257596957509,2,0.05042566576713014,0.0709216724962635,0.09639247071721928,0.05033254317433723,0.0017959081147754519,0.08691885669476511,0.07472282228767861,21,32,0.058988511301944005,0.09688622135515577,True,False,False,0.00046941174741553315,COMPLETE
120,0.09307204186916351,2025-04-18 01:37:10.847744,2025-04-18 01:37:43.299189,0 days 00:00:32.451445,0.47957672793807343,0.6789984474703147,8,0.060254540459257086,0.2878763570473156,0.055449576384037316,0.03418823697978796,0.03359143535236075,0.06513564106843404,0.05891632954104163,23,94,0.03969464196441097,0.11316276474868052,False,True,False,0.0004283247012961457,COMPLETE
121,0.4437231302261353,2025-04-18 01:37:43.338517,2025-04-18 01:38:19.196283,0 days 00:00:35.857766,0.5555433201702428,0.6422664907962282,8,0.10209225951664501,0.025845583720362678,0.08633359827182867,0.05190559404377465,0.06062104788555604,0.06820930924762574,0.02890278617758384,21,49,0.050285478848165616,0.04589736022395585,True,False,False,0.0009808457463690227,COMPLETE
122,0.43947408199310306,2025-04-18 01:38:19.236024,2025-04-18 01:38:53.899939,0 days 00:00:34.663915,0.5111968093239374,0.6078203025325576,8,0.08968219066091668,0.017112115859610658,0.0914006700463436,0.05452638080668601,0.0629031226725694,0.0752936635226278,0.043411382788507855,20,47,0.04367934545406433,0.033131666575284574,True,False,False,0.0007907987731614258,COMPLETE
123,0.441883534193039,2025-04-18 01:38:53.949658,2025-04-18 01:39:23.816423,0 days 00:00:29.866765,0.5385535490685676,0.6257918113591605,8,0.09457685615584202,0.021834916508195298,0.08447397139536832,0.058171952511955886,0.057363101023250596,0.08018626738993267,0.03286489380225382,14,58,0.04136577789164309,0.05285542619089316,True,False,False,0.0006081929936418153,COMPLETE
124,0.3208770513534546,2025-04-18 01:39:23.857134,2025-04-18 01:39:53.935387,0 days 00:00:30.078253,0.47724188889629343,0.6581176891231943,8,0.11507271069780835,0.03720202236214955,0.093741490899726,0.06493388087111429,0.047373303236647346,0.06955905330482824,0.016726806536233155,15,38,0.03171125058188213,0.06739610222638018,True,False,False,1.0747857508874234e-08,COMPLETE
125,0.41910256147384645,2025-04-18 01:39:53.976206,2025-04-18 01:40:29.124701,0 days 00:00:35.148495,0.5185337752458818,0.6886485580653934,8,0.07902339746040843,0.02976864488572609,0.08256771155798356,0.021348535128930066,0.0661906429101956,0.05540577494491191,0.02711029263755466,20,54,0.04586657501214936,0.08719622417451708,True,False,False,2.762696391209457e-05,COMPLETE
126,0.4342775583267212,2025-04-18 01:40:29.165829,2025-04-18 01:41:56.959612,0 days 00:01:27.793783,0.6632692542679754,0.7120764823104608,2,0.07380856238367084,0.05386057286040101,0.07936678969321785,0.029532389689918587,0.044199752781392994,0.07353957736937572,0.04426842849316787,21,41,0.04838036550172181,0.07351351839866307,True,False,False,0.00036697388411730317,COMPLETE
127,0.43474731445312503,2025-04-18 01:41:57.000673,2025-04-18 01:42:19.449904,0 days 00:00:22.449231,0.46103109904683587,0.48396357364736065,8,0.09803809166254339,0.010569484624794219,0.09811891684898684,0.07021855975829938,0.06937343581641352,0.0628706955541721,0.020886570689479435,6,36,0.03553889165359277,0.06414182656191661,True,False,False,3.971106367106839e-06,COMPLETE
128,0.29273060560226444,2025-04-18 01:42:19.493551,2025-04-18 01:43:39.011226,0 days 00:01:19.517675,0.5759889004583257,0.7664285889910208,2,0.10463092776992759,0.034755473120129526,0.0894716389907155,0.055421704372004256,0.02915327980727825,0.06651104388251593,0.032970300743814705,22,46,0.0565598169900115,0.024300785012480702,True,False,True,0.0007871809395471387,COMPLETE
129,0.09307204186916351,2025-04-18 01:43:39.053178,2025-04-18 01:44:09.101315,0 days 00:00:30.048137,0.49329639120427554,0.8145680367737632,8,0.08569262069596467,0.016777858961015385,0.09246854673182531,0.025659719358747033,0.03614377013944087,0.046288527147907245,0.05328168748042946,14,83,0.0383229922657623,0.041612961073325926,True,False,False,0.0009933114503662178,COMPLETE
130,0.42236797809600835,2025-04-18 01:44:09.143706,2025-04-18 01:45:08.744315,0 days 00:00:59.600609,0.5986537525393988,0.5643601512006688,2,0.12062082050998431,0.06183229966393279,0.09582833758844383,0.032603004973430105,0.0557230564307718,0.04299289563469332,0.017384493535576483,12,51,0.0521524879462014,0.21487268937575327,True,False,False,8.28901355081794e-06,COMPLETE
131,0.4364294290542603,2025-04-18 01:45:08.786673,2025-04-18 01:45:45.156410,0 days 00:00:36.369737,0.5564539074649488,0.6454713056151369,8,0.09876876877385354,0.030385652129152646,0.08662176797665681,0.05142686647344205,0.06174686391178033,0.0684653839622969,0.02634197032316681,21,62,0.05062541510493622,0.05079773030809918,True,False,False,0.0006160125878945532,COMPLETE
132,0.3216726660728455,2025-04-18 01:45:45.199530,2025-04-18 01:46:21.068564,0 days 00:00:35.869034,0.5457771831422918,0.6366972440153188,8,0.11009916063635286,0.02632309453009797,0.08541842773194208,0.0496311716297844,0.059660869462669436,0.07219267578968513,0.037764341323492656,21,50,0.04958058538869918,0.04528637070051724,True,False,False,0.000985037459956481,COMPLETE
133,0.43600640892982484,2025-04-18 01:46:21.112017,2025-04-18 01:46:57.037005,0 days 00:00:35.924988,0.5319489492844465,0.5970811616845483,8,0.10341623035056541,0.02275072925971279,0.08847563611138656,0.04285069054657688,0.06007386186443273,0.05740678875145947,0.03164441680612945,22,42,0.04710329825860502,0.056640457380586054,True,False,False,0.0007717530608648925,COMPLETE
134,0.4277069985866547,2025-04-18 01:46:57.080712,2025-04-18 01:47:34.340178,0 days 00:00:37.259466,0.6271678167231274,0.5785657236998711,8,0.09359273841417085,0.2667619152336916,0.09074780838902974,0.05188910248283285,0.06400602378832504,0.051155981709943656,0.02133951057098105,23,46,0.05351868189392264,0.02576176278892771,True,False,False,0.0005548576830180746,COMPLETE
135,0.09307204186916351,2025-04-18 01:47:34.385771,2025-04-18 01:48:04.630883,0 days 00:00:30.245112,0.42879436571317286,0.6226999325882382,8,0.06631921420034569,0.006427507217880966,0.09968239120027732,0.06027154671827123,0.05353434560065245,0.023389366259270055,0.029650967260872827,16,39,0.042352574360188376,0.00931770616401979,True,False,False,0.0009840123821738733,COMPLETE
136,0.43092539310455324,2025-04-18 01:48:04.676943,2025-04-18 01:48:32.886913,0 days 00:00:28.209970,0.40288063064127433,0.517801542561633,8,0.08110216886030741,0.04964422171287762,0.09386956546744703,0.04600039312705473,0.04586797813120254,0.01707776827239529,0.010660721303205755,13,34,0.05019418342537365,0.09340958347474694,True,False,False,4.8936993780644894e-05,COMPLETE
137,0.43816587924957273,2025-04-18 01:48:32.932294,2025-04-18 01:49:42.190650,0 days 00:01:09.258356,0.481664098770131,0.4615876852178817,2,0.13415522913401973,0.044751961002824116,0.09616470825538698,0.03694684524794657,0.04220566862688549,0.06389576966790593,0.06739141632989659,15,53,0.04565864530601173,0.10595052291165666,True,False,False,3.0516344178280154e-07,COMPLETE
138,0.4308071792125702,2025-04-18 01:49:42.244719,2025-04-18 01:50:06.614265,0 days 00:00:24.369546,0.5640634734100062,0.4991094837278558,16,0.1161370791834257,0.015635033963439557,0.08259984051702365,0.056145675285106875,0.04940271749540831,0.05378727642896664,0.04409859150932355,14,44,0.05577444472721872,0.10145856636474156,True,False,False,0.0003900803577591617,COMPLETE
139,0.4378112375736237,2025-04-18 01:50:06.660367,2025-04-18 01:50:40.841143,0 days 00:00:34.180776,0.33772357413539666,0.6710375882046157,8,0.10470128433786037,0.037144566914804,0.04941194850853075,0.031403253146854465,0.03861309594704107,0.013264624024847117,0.015657105678484527,20,32,0.0350119974657164,0.038921448973842566,True,False,False,0.0006347567024303685,COMPLETE
140,0.4291880249977112,2025-04-18 01:50:40.886729,2025-04-18 01:52:02.481792,0 days 00:01:21.595063,0.4471639897100401,0.4107998346584367,2,0.08686676942467977,0.024081091030721806,0.0872969607572442,0.03973564966958799,0.0510148801887689,0.031291093119633316,0.083304830540743,19,48,0.032605699985983706,0.08453964409348033,True,False,False,3.724421397033867e-05,COMPLETE
141,0.4624928832054139,2025-04-18 01:52:02.527591,2025-04-18 01:53:30.762090,0 days 00:01:28.234499,0.4355861846327077,0.5895774893381992,2,0.03963486244647768,0.07245679530429538,0.09701983785238773,0.05041367130477894,0.00260099949920116,0.08873663765045472,0.08381791433427502,21,31,0.058762540122054265,0.09667837719025961,True,False,False,0.0004554745027082421,COMPLETE
142,0.43198910951614383,2025-04-18 01:53:30.807408,2025-04-18 01:54:59.241831,0 days 00:01:28.434423,0.5036517544856202,0.7355305401307485,2,0.05697530209646022,0.051641800896259415,0.09810349538343606,0.04801248509551968,0.04024785740226157,0.09230841106570041,0.0519218017513864,21,37,0.05859449913001818,0.11606518989407703,True,False,False,0.0003156898642190818,COMPLETE
143,0.4382930815219879,2025-04-18 01:54:59.288177,2025-04-18 01:56:29.781325,0 days 00:01:30.493148,0.46909837290075745,0.6054647386245718,2,0.029466807317879113,0.0649073653704157,0.09210488018259115,0.05337781300224384,0.04550845850616998,0.09838780902722497,0.06363570567836753,22,28,0.06315190986579984,0.09282838384061971,True,False,False,0.0007520415832485627,COMPLETE
144,0.4393470704555512,2025-04-18 01:56:29.827579,2025-04-18 01:57:38.993306,0 days 00:01:09.165727,0.4221389888929667,0.7066752798880691,2,0.04495235831958306,0.1291630103782464,0.09491853369451354,0.027297184830824984,0.009771194620211993,0.08457343067125028,0.02845580403235183,15,41,0.06624212980951971,0.075212431626924,True,False,False,0.0004753297052866615,COMPLETE
145,0.4483066380023957,2025-04-18 01:57:39.040185,2025-04-18 01:59:03.351613,0 days 00:01:24.311428,0.5223178203179133,0.5533132600511473,2,0.01819674493191983,0.0768302854455567,0.08957763233895037,0.05103420878410977,0.008126042047986396,0.07894299754174873,0.03854970044234581,20,34,0.05418071259980446,0.09870340576613332,True,False,False,0.00012082031626408607,COMPLETE
146,0.4054178714752198,2025-04-18 01:59:03.399173,2025-04-18 02:00:25.656025,0 days 00:01:22.256852,0.5283383488589585,0.5524011212092659,2,0.010355021502806976,0.07540469248926296,0.0904254657165768,0.029242224178346127,0.0010157103158110149,0.09152235121543854,0.08795823421036954,19,20,0.05418920774770873,0.10015075282804577,True,False,False,0.00011869610479618727,COMPLETE
147,0.30976076126098634,2025-04-18 02:00:25.703662,2025-04-18 02:01:37.423759,0 days 00:01:11.720097,0.49605267397482516,0.5257813388466854,2,0.015025109823040405,0.07039052340263346,0.09773973456478141,0.0571428363665867,0.005745643582717008,0.08079513459728058,0.038719696983339234,16,35,0.0689378622171405,0.10936100845312353,False,False,False,7.611317289791908e-05,COMPLETE
148,0.09307204186916351,2025-04-18 02:01:37.470901,2025-04-18 02:02:50.132061,0 days 00:01:12.661160,0.4521818582643003,0.5709666656378997,2,0.007122289924206604,0.08166301291971145,0.09340781199902483,0.02392086609986559,0.004989610277886716,0.020069198028840482,0.05573130963600177,20,24,0.05650984749879933,0.08680016049136144,True,True,False,9.607178071353657e-05,COMPLETE
149,0.4510291695594788,2025-04-18 02:02:50.181153,2025-04-18 02:03:59.193342,0 days 00:01:09.012189,0.47015448967742346,0.5868459147176976,2,0.0755411919358468,0.0956661142263123,0.09557043013733908,0.04519638191045768,0.004431885743315024,0.09448791176579813,0.07246461075140052,15,31,0.06069795958396286,0.09587000334018679,True,False,False,6.216783058821984e-05,COMPLETE
150,0.2676368772983551,2025-04-18 02:03:59.242170,2025-04-18 02:04:58.757479,0 days 00:00:59.515309,0.3946570266622232,0.5874696752991333,2,0.0388785576461756,0.09367570495884409,0.09624240593843872,0.04472559881646435,0.004843936746704498,0.09298098968897113,0.07367609105505583,15,30,0.06048067209026825,0.0956856248333701,True,False,True,6.954248584981617e-05,COMPLETE
151,0.4496213495731354,2025-04-18 02:04:58.814944,2025-04-18 02:06:04.505295,0 days 00:01:05.690351,0.47372310433805326,0.5337878887334392,2,0.016971048487918885,0.08320204624281936,0.09424323821049932,0.049217210913565644,0.01000372075468544,0.09534069033057113,0.04698337391194442,14,39,0.05254761650029896,0.08991979188708113,True,False,False,5.8893676577028154e-05,COMPLETE
152,0.45706727504730227,2025-04-18 02:06:04.554729,2025-04-18 02:07:10.210813,0 days 00:01:05.656084,0.4671543742019015,0.5426122188293637,2,0.016666847022296333,0.08686118730017413,0.0999969093413171,0.041773810754541514,0.00918390924336047,0.09563359991202115,0.04755062417917343,14,34,0.05812704580960748,0.10411626430882734,True,False,False,5.3307987746312554e-05,COMPLETE
153,0.4449863195419312,2025-04-18 02:07:10.260304,2025-04-18 02:08:12.223330,0 days 00:01:01.963026,0.4376814987311548,0.549813838048442,2,0.030936098781489986,0.08574313832139062,0.09928936689341435,0.03951495670004623,0.007717214147385391,0.09083884168005486,0.0479524770573435,13,33,0.05794021960646981,0.10305930249498821,True,False,False,5.318720043913704e-05,COMPLETE
154,0.4452705264091492,2025-04-18 02:08:12.273011,2025-04-18 02:09:18.554597,0 days 00:01:06.281586,0.42953980709700196,0.5527886412749541,2,0.03230919222004328,0.09705048213550152,0.09998293258473352,0.04349042285273638,0.013444746116628322,0.09665882429668576,0.09263039397667812,14,26,0.05828057604338325,0.10538774843661111,True,False,False,5.158876348318216e-05,COMPLETE
155,0.45523163080215456,2025-04-18 02:09:18.603687,2025-04-18 02:10:24.839946,0 days 00:01:06.236259,0.46642328588378706,0.51334017773777,2,0.017741650240993966,0.10858104181925196,0.09990193452650382,0.041915513264159,0.017098829421131518,0.09429498503025319,0.0947979283227118,14,26,0.06460952120491484,0.11987278562030143,True,False,False,4.3231451787445853e-05,COMPLETE
156,0.09307204186916351,2025-04-18 02:10:24.890433,2025-04-18 02:11:31.106948,0 days 00:01:06.216515,0.4720867419600655,0.5141472590538041,2,0.0012453950027942612,0.08967673766253681,0.09717520885416314,0.041401680963382426,0.012942589806072689,0.09431761931812845,0.07515532468564726,14,14,0.062311726959225794,0.1292895425118157,True,False,False,3.309186010814125e-05,COMPLETE
157,0.454728639125824,2025-04-18 02:11:31.156884,2025-04-18 02:12:36.440881,0 days 00:01:05.283997,0.4871181610588534,0.4856047608525754,2,0.01875812763597067,0.11355642714371728,0.09521001759933702,0.04132717107343402,0.018642963405099237,0.08765628454226243,0.063302645965922,14,30,0.059968429971995973,0.12088891641252003,True,False,False,3.769250089423172e-05,COMPLETE
158,0.4490341424942017,2025-04-18 02:12:36.491787,2025-04-18 02:13:42.652190,0 days 00:01:06.160403,0.5143908539426658,0.48693843952832067,2,0.01758436685339256,0.111780533650013,0.09833471072763847,0.0461252910878531,0.01947875432902477,0.08810553763343565,0.05832423049049142,14,27,0.06470671939675185,0.12235849035493146,True,False,False,3.8835175347048544e-05,COMPLETE
159,0.4198487401008606,2025-04-18 02:13:42.703100,2025-04-18 02:14:46.091393,0 days 00:01:03.388293,0.4919064345574522,0.4845378663189497,2,0.01742616648251955,0.11617847473480984,0.09449530823615664,0.045389779014989244,0.015076745465880455,0.08812620529480462,0.09859932353408078,13,22,0.06532937468485404,0.13445450858657865,True,False,False,4.075020219274481e-05,COMPLETE
160,0.4481722414493561,2025-04-18 02:14:46.142688,2025-04-18 02:15:54.442616,0 days 00:01:08.299928,0.4555100191590093,0.46257998166941733,2,0.02385100886296743,0.10700975207040526,0.09777366828323256,0.042153373946729154,0.019431960501117805,0.08915049686518856,0.06318617716820346,15,29,0.06168040254454636,0.12058129149868134,True,False,False,2.569100030997845e-05,COMPLETE
161,0.4470315039157867,2025-04-18 02:15:54.493986,2025-04-18 02:17:04.007594,0 days 00:01:09.513608,0.46044551999423966,0.4969904592476546,2,0.023954044508293495,0.10584701339051289,0.09832741554685699,0.04768796935749602,0.010167236043067749,0.08938829758012494,0.06744519237860369,15,26,0.06779528093042052,0.12773984206100214,True,False,False,2.6783978583865007e-05,COMPLETE
162,0.39504213929176335,2025-04-18 02:17:04.068452,2025-04-18 02:18:09.705027,0 days 00:01:05.636575,0.5184711640231132,0.4633490921315286,2,0.019581389752185742,0.10449875349908204,0.09995408696959217,0.04180473560401721,0.0193499684152708,0.08463080082284082,0.0594842886825546,14,9,0.06030421284433614,0.11761660891697642,True,False,False,2.196709850972604e-05,COMPLETE
163,0.45257674455642705,2025-04-18 02:18:09.759317,2025-04-18 02:19:22.356255,0 days 00:01:12.596938,0.48624965578135804,0.43607393958426177,2,0.013685954600874562,0.10955002966251395,0.09618330784733067,0.04325020629352523,0.020758602432647807,0.09502255979238908,0.08153347005775068,16,29,0.061835836980941666,0.1439739805868353,True,False,False,6.013084251488626e-05,COMPLETE
164,0.43802406787872317,2025-04-18 02:19:22.409390,2025-04-18 02:20:34.476943,0 days 00:01:12.067553,0.4864362141332789,0.5358666714907951,2,0.008219723751804475,0.12324752868696479,0.09592437093639226,0.046243054748271645,0.022714196479398388,0.09591347328099704,0.08215250679433249,16,31,0.0658349769629118,0.14323567950673263,True,False,False,5.720544470038002e-05,COMPLETE
165,0.4431057870388031,2025-04-18 02:20:34.529484,2025-04-18 02:21:41.645343,0 days 00:01:07.115859,0.4114410106943445,0.44056503291669213,2,0.013562316260727398,0.09664128460997075,0.09269820352198224,0.04913734046079087,0.010957219696465579,0.0946250949230918,0.0789995718936836,14,18,0.059964243750082066,0.15184994076992342,True,False,False,4.19864466180944e-05,COMPLETE
166,0.09307204186916351,2025-04-18 02:21:41.698593,2025-04-18 02:22:50.472894,0 days 00:01:08.774301,0.511174715607634,0.5024217676731821,2,0.002320423614733674,0.11060036956913709,0.09434757008504764,0.04408951546000664,0.018300379062847833,0.09704832097897566,0.04986544063294034,15,26,0.0634697943155608,0.09745014839176594,True,False,False,6.812010471733821e-05,COMPLETE
167,0.4519535541534424,2025-04-18 02:22:50.526393,2025-04-18 02:24:02.890508,0 days 00:01:12.364115,0.4737412241149361,0.42425096787352984,2,0.019101712792818665,0.1169397896034182,0.06070234191656512,0.03842268502198466,0.0064400774655704145,0.09425281866475937,0.05682962544839485,16,34,0.0641425349422389,0.12213908462974532,True,False,False,8.513684418909907e-05,COMPLETE
168,0.4696905255317688,2025-04-18 02:24:02.945474,2025-04-18 02:25:14.964357,0 days 00:01:12.018883,0.470168835068423,0.38784015522261406,2,0.026349886889798342,0.11901170487756922,0.06845698912335772,0.03877999788497263,0.016203313560955522,0.09988561202468162,0.05893621229056664,16,30,0.06433040586919551,0.12490854558818426,True,False,False,1.4351731963753684e-05,COMPLETE
169,0.4241513073444367,2025-04-18 02:25:15.019224,2025-04-18 02:26:28.014473,0 days 00:01:12.995249,0.44651378174463935,0.3998298959322364,2,0.02783744941473295,0.14071459840578762,0.06945975355957469,0.03868138691299101,0.015516135937601474,0.09990091885980096,0.09817879590232027,16,22,0.06934138910712301,0.15897059741497982,True,False,False,3.397564142239877e-05,COMPLETE
