number,value,datetime_start,datetime_complete,duration,params_alpha-eval,params_alpha-train,params_batch-size,params_eps-eval,params_eps-train,params_lambda-actions-eval,params_lambda-actions-train,params_lambda-frames-eval,params_lambda-frames-train,params_learning-rate,params_n-epochs,params_n-frames,params_radius-gw,params_rho,params_std-feats,params_ub-actions,params_ub-frames,params_weight-decay,state
1699,0.3098346710205078,2025-04-18 20:11:48.331072,2025-04-18 20:12:23.000932,0 days 00:00:34.669860,0.04309249425886799,0.21462996265960194,8,0.1520190882296365,0.049347653506348496,0.061908523017489794,0.024623093091703584,0.003462678474216151,0.07060284098099508,0.001501084487549497,21,41,0.03489135236504782,0.13584043446194152,False,False,False,0.0001986824641496223,COMPLETE
1700,0.09307204186916351,2025-04-18 20:12:23.564845,2025-04-18 20:12:55.063603,0 days 00:00:31.498758,0.05791819094143899,0.15612483602816704,8,0.16320991865553003,0.06012706578820732,0.06653574563527773,0.018468512434138586,0.008612503912931588,0.06780193783899391,0.023496712087030344,22,46,0.02841648786256611,0.15466644727154247,True,True,False,0.0003913170851643621,COMPLETE
1701,0.45532924532890323,2025-04-18 20:12:55.606541,2025-04-18 20:13:30.507667,0 days 00:00:34.901126,0.09662504173690734,0.1860067955905527,8,0.17163630137186306,0.06720193446309258,0.06266373928673634,0.027947089182057946,0.00637310173390928,0.07263992294966584,0.01648409260302541,21,33,0.03245161494173786,0.21398794020516634,True,False,False,0.0002641735358015577,COMPLETE
1702,0.35447440147399906,2025-04-18 20:13:31.065710,2025-04-18 20:14:05.386037,0 days 00:00:34.320327,0.12713906048236026,0.13629009448105694,8,0.14532079458582006,0.24986428993448748,0.06799721185099175,0.022370966439183387,0.004103016290599082,0.07427745077737512,0.013510361049981663,20,42,0.03504391495989547,0.16177549460121016,True,False,False,0.0005418348719953827,COMPLETE
1703,0.45966177582740786,2025-04-18 20:14:05.932181,2025-04-18 20:15:35.076596,0 days 00:01:29.144415,0.07833888113745055,0.21092228387068207,2,0.2826732700639395,0.0436942789087822,0.06514476080689088,0.02626831315072386,0.0027905949008283004,0.06447468578800261,0.0003293751874391549,21,37,0.02288117031893786,0.1446872854230252,True,False,False,0.00016527634124542686,COMPLETE
1704,0.3004485905170441,2025-04-18 20:15:35.619959,2025-04-18 20:16:11.980149,0 days 00:00:36.360190,0.03192400363016599,0.10999125722526693,8,0.1813040292532721,0.0752041339675826,0.05594347360787807,0.09024812019004419,0.007016905638166846,0.07151615980782527,3.7767019320248166e-05,22,48,0.030567954348990335,0.14849592485387503,True,False,False,0.0007806223150014358,COMPLETE
1705,0.4549552142620087,2025-04-18 20:16:12.546176,2025-04-18 20:16:47.563329,0 days 00:00:35.017153,0.05949043899173144,0.1733689433849597,8,0.16013759230671293,0.057192492648329915,0.06879310858078778,0.024439072169481497,0.001109950110133873,0.03398628962661076,8.793904272085204e-05,21,39,0.033448317417608044,0.14156190686993456,True,False,False,0.00035092185528192365,COMPLETE
1706,0.344791579246521,2025-04-18 20:16:48.107484,2025-04-18 20:17:22.064764,0 days 00:00:33.957280,0.09593048675897857,0.7457397910568294,8,0.15480682231191253,0.07617821660712834,0.05942214300013468,0.028059550056366688,0.008475784244657216,0.06952393028384307,0.010358244385924316,20,33,0.027066243262837034,0.1248565583925825,True,False,False,0.0002299381571364317,COMPLETE
1707,0.48474968671798707,2025-04-18 20:17:22.631809,2025-04-18 20:17:57.499017,0 days 00:00:34.867208,0.04372619604408977,0.19640802456230655,8,0.16665147993258753,0.0679052632253958,0.06383942867714248,0.020768789574960828,0.00505670937841268,0.06726704272964884,0.024575159764758093,20,44,0.0358904617178636,0.13468075271312874,True,False,False,0.00017145161562433638,COMPLETE
1708,0.4495796024799347,2025-04-18 20:17:58.043259,2025-04-18 20:18:34.784764,0 days 00:00:36.741505,0.010418639652159889,0.22792764628689824,8,0.18861186465414903,0.05466043050449665,0.061186809546147,0.025671175224811486,0.006049290681149226,0.05985988018251082,0.01759821487804955,23,36,0.029370700408995934,0.15213566073433513,True,False,False,0.00029068551641379427,COMPLETE
1709,0.44295358657836914,2025-04-18 20:18:35.348506,2025-04-18 20:19:10.466784,0 days 00:00:35.118278,0.7785782478901179,0.14990656395750868,8,0.17860171229418942,0.15429397266534203,0.06371529397904611,0.022907104788001342,0.004322309263815821,0.07019285124823467,0.007836138770364594,21,41,0.03156823675489916,0.16538747878661914,True,False,False,0.0002125268310973901,COMPLETE
1710,0.47343779206275943,2025-04-18 20:19:11.017995,2025-04-18 20:19:47.114799,0 days 00:00:36.096804,0.02903823773461756,0.18733333575103622,8,0.1660595341460006,0.07607349317283502,0.033045980165569075,0.02840252899310177,0.008663291762832703,0.07337638508009396,0.012469530826177211,22,39,0.033564971549256424,0.11436535437399255,True,False,False,0.0009718762287888252,COMPLETE
1711,0.4607325851917267,2025-04-18 20:19:47.655561,2025-04-18 20:20:22.699997,0 days 00:00:35.044436,0.07661257749226666,0.21309523495321395,8,0.08360040149313674,0.06532228406130218,0.06731351338166333,0.02668744161557021,0.002800664325126454,0.0752256301605387,1.763390999307283e-05,21,36,0.03593423493550173,0.14478521876681116,True,False,False,0.0004467368702837872,COMPLETE
1712,0.4964040756225586,2025-04-18 20:20:23.266766,2025-04-18 20:20:58.344521,0 days 00:00:35.077755,0.11105382733936987,0.12539224881213076,8,0.15489258879473045,0.07261065647831733,0.06882798016824024,0.019505282724574267,0.006523043965418658,0.06588107046355254,0.020477662315116957,21,44,0.03177394109001625,0.21935070529477163,True,False,False,0.00033157482733175937,COMPLETE
1713,0.38393519520759584,2025-04-18 20:20:58.890520,2025-04-18 20:21:36.079054,0 days 00:00:37.188534,0.05407506051626132,0.16724147859474478,8,0.16171693830130124,0.02431187005394917,0.06539193276793148,0.023614319985591863,0.00875371013456391,0.06910859146064945,0.025270493899150565,22,56,0.0281987719511766,0.15619941179611108,True,False,False,0.0005674522839128201,COMPLETE
1714,0.42882262468338017,2025-04-18 20:21:36.641230,2025-04-18 20:22:10.848726,0 days 00:00:34.207496,0.09139229306944974,0.23877165378801257,8,0.19716896243915774,0.18264937628068134,0.06154918232442836,0.016646445362428992,0.004620928455343438,0.03891088763273253,0.00016470066596378812,20,33,0.033687653865207216,0.13930620850298875,True,False,False,0.0002609101359581649,COMPLETE
1715,0.43016185164451604,2025-04-18 20:22:11.398088,2025-04-18 20:23:33.248683,0 days 00:01:21.850595,0.046366267927644964,0.8163519806931026,2,0.17096115071110418,0.06151067688774449,0.0597385087224498,0.025959602509879668,0.008605077192311397,0.07116504986982528,0.01848686601441674,19,41,0.02571663634654429,0.14961201244970165,True,False,False,0.00023829549262322427,COMPLETE
1716,0.473867005109787,2025-04-18 20:23:33.817360,2025-04-18 20:24:09.587227,0 days 00:00:35.769867,0.12564871778928807,0.20155019417223252,8,0.14309194561017424,0.07595751835352357,0.06905118715830656,0.024213227238475757,0.0069327449442344365,0.032037853354327885,0.01574932461476426,21,47,0.03035093240933543,0.12988534593149484,True,False,False,0.00018058922868108746,COMPLETE
1717,0.38312135338783265,2025-04-18 20:24:10.140424,2025-04-18 20:24:45.097334,0 days 00:00:34.956910,0.07034631603077326,0.15248676615677373,8,0.15182139055956148,0.06898301866361005,0.06593617655418918,0.021426543308953827,0.004494839846013688,0.07337045140984676,0.01178031542877003,22,36,0.035583471882613106,0.16281520994596008,False,False,False,6.000026082674876e-05,COMPLETE
1718,0.09307204186916351,2025-04-18 20:24:45.664904,2025-04-18 20:25:15.249069,0 days 00:00:29.584165,0.037393871546911275,0.18073694429235826,8,0.1597824817186112,0.0763333244362762,0.05746868289529217,0.014128061237753656,0.00112130277920117,0.06239987585684769,0.015313097158541027,20,40,0.03246664133202396,0.15759867937982217,True,True,False,0.0003770165484895999,COMPLETE
1719,0.4557901620864868,2025-04-18 20:25:15.799818,2025-04-18 20:25:50.593921,0 days 00:00:34.794103,0.10268076691378338,0.14005126872430446,8,0.1674807803679207,0.05644585703237552,0.06377947611938173,0.02823564478520588,0.008919199810245115,0.06776409761079627,0.002284839673618671,21,33,0.030620400599414503,0.21214138558781703,True,False,False,0.0004575846148859649,COMPLETE
1720,0.4249149799346924,2025-04-18 20:25:51.159620,2025-04-18 20:26:24.487872,0 days 00:00:33.328252,0.026271673406143323,0.11067370849935035,8,0.174034389085364,0.05123796930058774,0.06771593493455033,0.02697809409206138,0.0026878968924479315,0.0748100892394152,0.0249664869698472,19,43,0.034336604139701424,0.14603042410384687,True,False,False,0.00017044050302449324,COMPLETE
1721,0.4464744031429291,2025-04-18 20:26:25.039018,2025-04-18 20:26:58.943693,0 days 00:00:33.904675,0.07577891971311042,0.2222850106630834,8,0.1507492766254825,0.06297309504925558,0.06200565324452457,0.023305651779443846,0.0067580971471797105,0.07135138450341515,0.010577905381288766,20,38,0.054679818552565686,0.1379355683168318,True,False,False,0.00028569043509312934,COMPLETE
1722,0.48655201196670533,2025-04-18 20:26:59.511279,2025-04-18 20:27:35.112347,0 days 00:00:35.601068,0.1285115056924217,0.16504293392036162,8,0.18052934082428643,0.07769838761089908,0.05854532545253048,0.028084799854774287,0.005616041332179247,0.06953163475727041,0.02190436286409838,21,50,0.02847399298967375,0.15301253820647007,True,False,False,5.648072595758895e-05,COMPLETE
1723,0.4477965533733368,2025-04-18 20:27:35.662124,2025-04-18 20:28:09.727925,0 days 00:00:34.065801,0.05548268126939812,0.19657115561722227,8,0.18954105083465206,0.07813536363855442,0.06917960097343426,0.025310336706155588,0.008576519058225584,0.066711166289043,0.013613586494970051,20,36,0.03632055312054633,0.1434058061631561,True,False,False,0.00037013368012310554,COMPLETE
1724,0.4739503800868988,2025-04-18 20:28:10.276737,2025-04-18 20:28:45.987993,0 days 00:00:35.711256,0.010134844118770692,0.2180041496683511,8,0.1573652920391465,0.06578047165105613,0.042708111783953104,0.021801312157240096,0.0039336624846338835,0.0723773447595976,0.019456121810332697,21,45,0.033569930810613435,0.1672265826633568,True,False,False,0.0001965505937222914,COMPLETE
1725,0.47101588249206544,2025-04-18 20:28:46.558380,2025-04-18 20:29:22.648189,0 days 00:00:36.089809,0.08519105934494661,0.1798273119933343,8,0.14864067599251246,0.07922759019630521,0.07807933213213951,0.028485176019463772,0.006800234259225343,0.0748797382498778,0.006488427864365184,22,40,0.031325306211959995,0.1342016724731196,True,False,False,0.00024422037700331113,COMPLETE
1726,0.4368622124195099,2025-04-18 20:29:23.202795,2025-04-18 20:29:56.579504,0 days 00:00:33.376709,0.027845705748311675,0.2397760513285629,8,0.21304855444626955,0.06899753446809882,0.05423523077248787,0.025825983812010418,0.0010497496622509524,0.06879762162690271,0.01645546249139796,19,33,0.029600241062027903,0.15873723911062002,True,False,False,0.0007041177158149535,COMPLETE
1727,0.34911168813705445,2025-04-18 20:29:57.146588,2025-04-18 20:30:31.056263,0 days 00:00:33.909675,0.06431500745839744,0.13024544919149902,8,0.16381851249887974,0.04839606548752767,0.06663525687271289,0.01982686558097834,0.009213777371869066,0.06516236803170321,0.02527163259487147,20,14,0.035346156606063904,0.14934748458607894,True,False,False,0.0004899805728900079,COMPLETE
1728,0.472594153881073,2025-04-18 20:30:31.602674,2025-04-18 20:31:59.088414,0 days 00:01:27.485740,0.11182712964319609,0.19496377924409325,2,0.17500334734451992,0.07295337689723111,0.06360793494937284,0.024032255477845328,0.005110321989591235,0.043087216958628625,0.012843039722936095,21,43,0.08008809555583896,0.22465551789987104,True,False,False,0.0002753758869247444,COMPLETE
1729,0.4609485626220703,2025-04-18 20:31:59.657684,2025-04-18 20:32:35.441147,0 days 00:00:35.783463,0.04785128551210398,0.15773997818496974,8,0.15839358687254895,0.0804623488827925,0.06098538167520528,0.026493096997600843,0.0027258332012384556,0.07088916144324807,0.01902333700921273,22,38,0.02656599027610467,0.20786329699053954,True,False,False,0.00031185788856371416,COMPLETE
1730,0.42538384795188905,2025-04-18 20:32:35.994163,2025-04-18 20:33:10.686232,0 days 00:00:34.692069,0.08886330872054424,0.1079152648068157,8,0.1655553131102812,0.05709040041277319,0.06976321752610937,0.022504356729006452,0.00925508512993666,0.07297033249388828,0.015181930459681022,21,35,0.03183064192564503,0.139026002587832,True,False,False,0.0001669629237685529,COMPLETE
1731,0.393795371055603,2025-04-18 20:33:11.257366,2025-04-18 20:33:44.641064,0 days 00:00:33.383698,0.027008975281241215,0.20414902894447334,8,0.16806502297569273,0.07239759062573589,0.06470766048175704,0.028717343683656225,0.00680345604904668,0.07484605063477273,0.025287767310131794,19,41,0.024146335413354467,0.1229544375074765,True,False,False,0.0005729803911083494,COMPLETE
1732,0.4057904183864594,2025-04-18 20:33:45.193414,2025-04-18 20:34:22.545327,0 days 00:00:37.351913,0.0657995917156903,0.24540742135883753,8,0.14498993622094303,0.06418757139402045,0.06637300566536666,0.02522570415591842,0.0038476441450796,0.06730064756676898,0.009646719591209987,21,81,0.03362905924768269,0.07182629945828818,True,False,False,0.00021888566722211625,COMPLETE
1733,0.2877571761608124,2025-04-18 20:34:23.126698,2025-04-18 20:35:02.810155,0 days 00:00:39.683457,0.7193886018848451,0.17665030977444351,8,0.15400158815997667,0.08110812867710533,0.07630787497270995,0.02100872087168406,0.0070508548003335265,0.0692754753965873,0.022575451946897352,22,98,0.028796906659457396,0.153727160913125,True,False,False,2.2016379473374825e-07,COMPLETE
1734,0.4729948401451111,2025-04-18 20:35:03.362707,2025-04-18 20:35:37.979341,0 days 00:00:34.616634,0.13120537937122628,0.14206976759278508,8,0.17926896948695661,0.033459484176686746,0.06988853810085276,0.018989223343457953,0.009196571492509303,0.07124116136061263,0.016881526132645652,20,46,0.03622565467911075,0.21772450278910055,True,False,False,5.062722962650245e-05,COMPLETE
1735,0.12951592206954957,2025-04-18 20:35:38.553877,2025-04-18 20:36:07.473358,0 days 00:00:28.919481,0.044158835896829285,0.21911339195907725,8,0.18809992834615002,0.10012139621896443,0.06314615905781598,0.028501689825944875,0.005845720412274211,0.06484111881146114,0.0035371519214975338,20,39,0.03163752551167734,0.1452625321701677,False,True,False,2.1483380845555943e-08,COMPLETE
1736,0.4576030373573304,2025-04-18 20:36:08.025550,2025-04-18 20:36:45.040288,0 days 00:00:37.014738,0.027362347810472067,0.17416400310482336,8,0.16090693166359102,0.07141660901092482,0.067995542017409,0.02396477381827848,0.002822473344122647,0.07530786377047992,0.027437695826132716,23,33,0.030233445446272846,0.12846938487456333,True,False,False,1.4290737240905018e-07,COMPLETE
1737,0.4688555181026459,2025-04-18 20:36:45.618252,2025-04-18 20:37:20.089036,0 days 00:00:34.470784,0.09794520962899751,0.19612316651883688,8,0.1713237992341231,0.06164856866927993,0.060147190633049595,0.02659491348754513,0.005008468260260875,0.0725447468126403,0.020432745988060528,20,42,0.03406858385361154,0.16017955717229745,True,False,False,5.7601729269581504e-05,COMPLETE
1738,0.4826645255088806,2025-04-18 20:37:20.643275,2025-04-18 20:37:55.339165,0 days 00:00:34.695890,0.060716807248459015,0.15500544667260222,8,0.09514139654629675,0.08284517719747582,0.06438360657225098,0.022593094036330155,0.0076962704088716395,0.06767836393242975,0.01602812652091639,21,36,0.03571548083607876,0.14712276433901805,True,False,False,0.0003182298125628471,COMPLETE
1739,0.2073602557182312,2025-04-18 20:37:55.892962,2025-04-18 20:38:34.521288,0 days 00:00:38.628326,0.482117662971716,0.12602916822620047,8,0.20259797603861418,0.0932447417486963,0.05815412723261559,0.028672230793935372,0.0010958779488547178,0.06895295592476641,0.012243074424429396,22,141,0.09757262190812468,0.16819058914348667,True,False,True,1.155418549034803e-06,COMPLETE
1740,0.44745485186576844,2025-04-18 20:38:35.093462,2025-04-18 20:40:15.295510,0 days 00:01:40.202048,0.07884668617996365,0.23879354999402733,2,0.16568804617182054,0.08802419871599527,0.0699688365138407,0.026255531077465765,0.009177558591395043,0.06272700783533099,0.01490862901106478,30,38,0.02775837108037968,0.153071751029441,True,False,True,0.0004224055819889742,COMPLETE
1741,0.490977156162262,2025-04-18 20:40:15.847389,2025-04-18 20:40:47.264530,0 days 00:00:31.417141,0.04672905853317669,0.21888857591300845,8,0.15417327605231695,0.10060382074987828,0.07517333845011781,0.02472648776745657,0.0050211913655494825,0.0708689247071764,0.018998010406604673,21,44,0.03231676692304796,0.14050245070361145,True,False,True,0.00015464742913853254,COMPLETE
1742,0.43549333214759833,2025-04-18 20:40:47.837364,2025-04-18 20:41:22.064731,0 days 00:00:34.227367,0.010524262588657548,0.1821074020657014,8,0.10880514822571889,0.07601435887363865,0.05570239623656246,0.02173398098987117,0.0367762123149612,0.0740864644311508,0.026882029312396097,20,32,0.03616088470065066,0.2097534491674702,True,False,False,5.436397908772594e-07,COMPLETE
1743,0.14069822430610657,2025-04-18 20:41:22.621875,2025-04-18 20:41:52.461780,0 days 00:00:29.839905,0.10750566706767109,0.10976965767562256,8,0.26586979516116926,0.05712836018547695,0.06625033797143551,0.017034422434254567,0.007369903526622226,0.07522510469135177,0.002740190945457212,19,48,0.029662142527782744,0.13428395881268962,True,False,True,0.00024120273842056226,COMPLETE
1744,0.2623537063598633,2025-04-18 20:41:53.034317,2025-04-18 20:42:23.086127,0 days 00:00:30.051810,0.8750697497396391,0.1632456088310706,8,0.15673558939040194,0.09333076239494928,0.06205946578297868,0.04908213768002314,0.003840382157286011,0.06617841403158882,0.013568167922756317,19,41,0.033412745699186445,0.23384196821737213,True,False,True,0.00037834996628650957,COMPLETE
1745,0.48402596712112433,2025-04-18 20:42:23.639952,2025-04-18 20:42:55.845554,0 days 00:00:32.205602,0.07003961453531608,0.20490037098729136,8,0.1741008075161235,0.08190852086247846,0.07280303756717893,0.02679423003129149,0.009660032371633072,0.0723252844377529,0.011588242740669545,22,36,0.031663896278996205,0.14913704054494367,True,False,True,0.00016133842367756815,COMPLETE
1746,0.11739229857921601,2025-04-18 20:42:56.422319,2025-04-18 20:43:29.438776,0 days 00:00:33.016457,0.1309453604671644,0.6466968317721729,8,0.1856066493461369,0.1014754465086775,0.06765525109050932,0.02397273073332194,0.005975711597342826,0.07650037432929735,0.021613550949029305,21,75,0.028082807931515255,0.11903114735045496,True,False,True,0.00020646868453888466,COMPLETE
1747,0.48320027589797976,2025-04-18 20:43:29.993435,2025-04-18 20:44:03.909052,0 days 00:00:33.915617,0.08960905263789938,0.14117780534423022,8,0.14678689820062576,0.0672650553464962,0.07170131954053736,0.028733400165586242,0.0027983309597388946,0.0701413547563347,0.019425541186730982,20,40,0.02551213927480964,0.16051699369538536,True,False,False,6.872713406501814e-05,COMPLETE
1748,0.2874265670776367,2025-04-18 20:44:04.482771,2025-04-18 20:44:40.489907,0 days 00:00:36.007136,0.03580727739144191,0.19071755835020568,8,0.1613172606335363,0.08768049519577954,0.07700391172798278,0.018634588344324594,0.007369888194717313,0.06874149551674517,0.007990984973262344,21,117,0.034034180038456124,0.14012409187835786,True,False,True,0.000572302252348085,COMPLETE
1749,0.4547349393367768,2025-04-18 20:44:41.046163,2025-04-18 20:45:13.706017,0 days 00:00:32.659854,0.05376791472352274,0.2257213246819715,8,0.1705393758924953,0.09493957991246213,0.06485760838525884,0.020491868357680753,0.009069289292579948,0.0721949273385912,0.0011475655246592639,23,35,0.030122657370893223,0.15354946143854858,True,False,True,0.00020724583481504996,COMPLETE
1750,0.37927699089050293,2025-04-18 20:45:14.280663,2025-04-18 20:45:44.049931,0 days 00:00:29.769268,0.1095660626756989,0.16498621611767064,8,0.1943989836614311,0.07753161588041826,0.06959665301876047,0.028953028251675922,0.005074429349062048,0.06487073542581794,0.017322994943137687,19,45,0.03659736554109164,0.1666793965081536,True,False,True,0.00031516751479919106,COMPLETE
1751,0.09724203646183015,2025-04-18 20:45:44.605978,2025-04-18 20:46:20.369930,0 days 00:00:35.763952,0.028467865168657798,0.24619193038457096,8,0.1514779675434736,0.2894602726643468,0.061000051675056434,0.025265728449899535,0.002640165280044139,0.07395331412196965,0.009764741274212972,21,111,0.03431211467881075,0.13211270485764354,True,False,True,0.0003487929360561986,COMPLETE
1752,0.3587686061859131,2025-04-18 20:46:20.946758,2025-04-18 20:46:53.177909,0 days 00:00:32.231151,0.07541357436360159,0.21554127462047185,8,0.15779095892137113,0.07203237819210777,0.0629993469691493,0.023280702364160053,0.009605807972919465,0.013366361723640854,0.026486212894077474,22,38,0.0323141712955844,0.1076371127993013,True,False,True,0.0004521656523947,COMPLETE
1753,0.4724242627620697,2025-04-18 20:46:53.735643,2025-04-18 20:48:19.048638,0 days 00:01:25.312995,0.09243084361181159,0.13227774725355754,2,0.17668264854289523,0.04329488447954939,0.06694575984370901,0.02689317843084232,0.006518296461493742,0.06691774820237137,0.0053460940434042325,20,42,0.027283113035178035,0.20701579244851365,True,False,False,0.00015650591853515346,COMPLETE
1754,0.32380397915840153,2025-04-18 20:48:19.625799,2025-04-18 20:48:50.067985,0 days 00:00:30.442186,0.050360981282395856,0.18947046818223276,8,0.16405651789335576,0.1012244154928875,0.07520979772965877,0.021833674284748417,0.00416799098329421,0.0705363920450248,0.013134971046670975,21,33,0.03651105947167546,0.1445081002268791,False,False,True,0.00025061551801545154,COMPLETE
