number,value,datetime_start,datetime_complete,duration,params_alpha-eval,params_alpha-train,params_batch-size,params_eps-eval,params_eps-train,params_lambda-actions-eval,params_lambda-actions-train,params_lambda-frames-eval,params_lambda-frames-train,params_learning-rate,params_n-epochs,params_n-frames,params_radius-gw,params_rho,params_std-feats,params_ub-actions,params_ub-frames,params_weight-decay,state
1473,0.44033932089805605,2025-04-18 18:03:07.906814,2025-04-18 18:03:37.445326,0 days 00:00:29.538512,0.02561676192406216,0.20084874239125228,8,0.16315859107444083,0.07298507322489689,0.07556723590258488,0.03215438741199912,0.013097359226649114,0.07228018398327236,0.013198552640835921,18,40,0.02820300572201823,0.17611639185343297,True,False,True,0.00029099663736797824,COMPLETE
1474,0.41174692511558536,2025-04-18 18:03:37.909746,2025-04-18 18:04:07.872029,0 days 00:00:29.962283,0.06702143938773811,0.14514232238091357,8,0.1599165635320023,0.009629649868026391,0.07000041730199676,0.032546116456916595,0.00955234271836147,0.07350615006077366,0.01818101712202644,19,36,0.02677612944147522,0.18683186077007014,True,False,True,0.00011016224514736669,COMPLETE
1475,0.4590892195701599,2025-04-18 18:04:08.363751,2025-04-18 18:04:39.690880,0 days 00:00:31.327129,0.04557636199586363,0.18066930909299242,8,0.16408654499464512,0.08469746054766011,0.0729940371612775,0.09339491959328128,0.008623796580832396,0.07029221421813173,0.012423146026650332,21,39,0.025799553962034517,0.19628250116318816,True,False,True,0.00012642074444494747,COMPLETE
1476,0.4360993683338166,2025-04-18 18:04:40.164667,2025-04-18 18:05:09.464027,0 days 00:00:29.299360,0.010272699235427445,0.1897969824667435,8,0.16432041223880461,0.07743659850522289,0.07116955497465985,0.0345248887258972,0.014647951174295026,0.07237844154317408,0.016792210402619284,18,45,0.029854447979339862,0.16998311421431925,True,False,True,0.0001995438277476956,COMPLETE
1477,0.46839070320129395,2025-04-18 18:05:09.934199,2025-04-18 18:05:38.411748,0 days 00:00:28.477549,0.07036509507594081,0.16081783468752825,8,0.15535933201150345,0.08506015408437619,0.07471443764714367,0.03486515191563115,0.010869552515010546,0.07525926427792023,0.007216199156787247,17,41,0.02870785060958493,0.145616632635429,True,False,True,5.745839491896834e-05,COMPLETE
1478,0.08975632041692734,2025-04-18 18:05:38.880818,2025-04-18 18:06:08.276350,0 days 00:00:29.395532,0.042698969061413336,0.2048604141353403,8,0.14626011981700174,0.07146414373794108,0.07052105769028463,0.03108699602251026,0.011958679917526926,0.06767308552860589,0.012879863446494073,18,36,0.022670224942152623,0.17882909130958982,True,False,True,9.884253307555005e-05,COMPLETE
1479,0.4904828548431397,2025-04-18 18:06:08.769877,2025-04-18 18:06:37.263224,0 days 00:00:28.493347,0.06374731997923785,0.1551262909949337,8,0.17779770904482786,0.08519890975501478,0.07260477225503699,0.031628932568724615,0.008579001864584856,0.07409857581030188,0.019947031013983953,17,39,0.03084395184613232,0.2886954280911207,True,False,True,0.00013253112090091997,COMPLETE
1480,0.29540606737136843,2025-04-18 18:06:37.741189,2025-04-18 18:07:08.491464,0 days 00:00:30.750275,0.088817787074726,0.2058157985456777,8,0.15009665218452972,0.06367850532103231,0.07567075455205863,0.0328599855618815,0.016240575546715364,0.070667359041265,0.008227962731903108,20,43,0.025093118998825832,0.1906380173208915,True,False,True,0.00015799608104550932,COMPLETE
1481,0.4636552214622498,2025-04-18 18:07:08.966933,2025-04-18 18:07:38.666787,0 days 00:00:29.699854,0.03046956825709639,0.18253390875993153,8,0.16868994164755235,0.07942279698159918,0.06997346024233905,0.03126583493172043,0.010686723086704932,0.07243171626550084,0.020193032786445145,19,35,0.030470736934993442,0.1386416354112973,True,False,True,0.00016942358759775814,COMPLETE
1482,0.47433565258979804,2025-04-18 18:07:39.136446,2025-04-18 18:08:06.733181,0 days 00:00:27.596735,0.07476976038147227,0.13469174795809905,8,0.17217267885605314,0.0871763898852273,0.07315140622325104,0.0292564787080013,0.013247991607953256,0.06901836410943499,0.014972110141653512,16,38,0.028233335844643374,0.19843372332930964,True,False,True,0.00010955577870896084,COMPLETE
1483,0.43345680832862854,2025-04-18 18:08:07.224774,2025-04-18 18:08:42.956001,0 days 00:00:35.731227,0.049447918940117436,0.15299725570412637,8,0.1652096892735404,0.07599787414013058,0.06984587323242455,0.034761816316755074,0.008137712884067876,0.0745384337039876,0.009064971401818589,22,35,0.020850595492964426,0.18471395738604549,True,False,False,0.00034274851062283826,COMPLETE
1484,0.37778894901275634,2025-04-18 18:08:43.431129,2025-04-18 18:09:11.878378,0 days 00:00:28.447249,0.03143535277414164,0.2062679492323851,8,0.18342809093181806,0.08102643294557309,0.07432406204903605,0.02768045915911331,0.009742031444582765,0.0663064242293674,0.019169652324060513,17,42,0.03257537322612494,0.1937365956529739,True,False,True,0.00022898994714456812,COMPLETE
1485,0.3927029430866241,2025-04-18 18:09:12.352282,2025-04-18 18:09:41.940974,0 days 00:00:29.588692,0.0888482821246246,0.17572684539124253,8,0.1428602432857436,0.06593736314343839,0.0717500985990892,0.030524021565689258,0.011757842413478613,0.0726225886613859,0.015054266006131316,18,47,0.03167504204236069,0.18203874006007553,True,False,True,8.51119817232945e-05,COMPLETE
1486,0.45576710104942325,2025-04-18 18:09:42.413614,2025-04-18 18:10:13.116340,0 days 00:00:30.702726,0.01098017959878756,0.1892202050363259,8,0.12930849110487166,0.08722700167592333,0.07597779327722594,0.032480729861166464,0.014481382785582616,0.07495934489787758,0.017455369046575436,20,39,0.026902400844387782,0.1464797610498522,True,False,True,0.00013448288758177664,COMPLETE
1487,0.24601293206214905,2025-04-18 18:10:13.607191,2025-04-18 18:10:45.154818,0 days 00:00:31.547627,0.0477132462480537,0.14257863186720848,8,0.1674229105466617,0.08801864292244252,0.06953502570342164,0.027030011275124305,0.007428434371574614,0.0711393097416462,0.021782660162255798,19,75,0.03057824365720205,0.15417481743588937,True,False,True,0.0001667671029532357,COMPLETE
1488,0.2630037844181061,2025-04-18 18:10:45.632306,2025-04-18 18:11:13.430612,0 days 00:00:27.798306,0.08552536585212421,0.20914124758375732,8,0.14380332043201202,0.04638569173775226,0.07142367309424975,0.0339782121493793,0.008736240489169388,0.07038936274715968,0.027393369885752982,17,35,0.03321985903527105,0.17514650177588653,False,False,True,0.00027634639153501216,COMPLETE
1489,0.14161599278450013,2025-04-18 18:11:13.905336,2025-04-18 18:11:44.258107,0 days 00:00:30.352771,0.025190275020136328,0.16140210823257226,8,0.1601914252743799,0.07528164712271425,0.07412853944310961,0.030118418462772148,0.01219349576931671,0.07557956504150344,0.020231313641139972,19,53,0.02956437885468862,0.18896472913362303,True,True,True,0.00017996263477151965,COMPLETE
1490,0.4879031777381897,2025-04-18 18:11:44.730150,2025-04-18 18:12:14.059032,0 days 00:00:29.328882,0.06373060767227917,0.1844674583302257,8,0.15797216372630712,0.0890356614348287,0.07045006819293069,0.027195100421522466,0.0098821756455703,0.06843476435609841,0.009496773469410944,18,43,0.032961817740153256,0.2016669622457377,True,False,True,0.0002136860415806492,COMPLETE
1491,0.47055104374885565,2025-04-18 18:12:14.551646,2025-04-18 18:12:47.127466,0 days 00:00:32.575820,0.04853624403704421,0.13529703803787216,8,0.11194539306906237,0.08261915663437347,0.07273676180981518,0.03111520065597141,0.016530461602389492,0.07577457577056684,0.02276159203520515,22,37,0.028796395168868873,0.14117717135941027,True,False,True,0.00010314688089969254,COMPLETE
1492,0.3629204392433167,2025-04-18 18:12:47.604597,2025-04-18 18:13:18.147300,0 days 00:00:30.542703,0.07461712160857512,0.20628469245734368,8,0.15373027964847155,0.06805961464996477,0.0688036372391329,0.028840121001061127,0.008395911392385052,0.032795502432461016,0.015934036889641567,20,40,0.02540978045880116,0.1968198820085126,True,False,True,0.00013055234377823394,COMPLETE
1493,0.4107760190963745,2025-04-18 18:13:18.628317,2025-04-18 18:13:50.517040,0 days 00:00:31.888723,0.024141126368102058,0.1672767051529021,8,0.13180875948435966,0.07580668573881903,0.07174560320596245,0.03499327738173582,0.013511940767690604,0.07204723622944645,0.02136462837813747,21,49,0.031505991363310434,0.16876061628656547,True,False,True,0.0004831749866940509,COMPLETE
1494,0.46717924475669864,2025-04-18 18:13:51.013826,2025-04-18 18:14:18.621624,0 days 00:00:27.607798,0.08706979049732752,0.19256085934075928,8,0.0970944318578639,0.08265683468718206,0.07667867184452688,0.026607920836661105,0.010869420747874385,0.07411862211285368,0.015938699411544344,16,35,0.03254515097645305,0.184509779627551,True,False,True,0.00010589119985779844,COMPLETE
1495,0.44134798645973206,2025-04-18 18:14:19.106191,2025-04-18 18:14:48.193649,0 days 00:00:29.087458,0.05498630313194797,0.1299174373778512,8,0.1496628164620784,0.08965061274707878,0.06938064231131275,0.033080836582203704,0.00824107453884347,0.0669732993369081,0.012134519475261056,18,39,0.03343213781771849,0.19195612796312062,True,False,True,8.158254888335324e-05,COMPLETE
1496,0.3815462112426758,2025-04-18 18:14:48.670432,2025-04-18 18:15:19.267036,0 days 00:00:30.596604,0.029243731051444555,0.21309612512471868,8,0.14149512884657642,0.07902060084058944,0.0739831819294218,0.029374153202188644,0.007083040907092827,0.019818766366247208,0.023894593416502585,20,45,0.033704047070431474,0.13594564688587593,True,False,True,0.00016975751334638508,COMPLETE
1497,0.3306981682777405,2025-04-18 18:15:19.744423,2025-04-18 18:15:51.305875,0 days 00:00:31.561452,0.09555448252419524,0.15623218973256064,8,0.15665307496804207,0.07087134248969762,0.07564022043249084,0.031565741191891976,0.011304402111005226,0.06499289928477896,0.017213147974903604,21,42,0.02829465171563146,0.17780373318653375,True,False,True,0.00013693160990099822,COMPLETE
1498,0.49146099090576173,2025-04-18 18:15:51.800865,2025-04-18 18:16:21.411443,0 days 00:00:29.610578,0.06827166700072158,0.17616302183638743,8,0.16045329008760292,0.08842063893916184,0.03878156846809845,0.026630802394048834,0.01346987578793487,0.07405512746144419,0.013477357343123123,19,35,0.03081427622106214,0.14772124783975923,True,False,True,0.00022091433958065277,COMPLETE
1499,0.10768317133188249,2025-04-18 18:16:21.891184,2025-04-18 18:16:57.834730,0 days 00:00:35.943546,0.045647944956451705,0.7687712382892875,8,0.1477392627677978,0.08333118874733181,0.0700024358836591,0.028990296412406597,0.009210650254721946,0.07628422205804021,0.024698348419435825,23,92,0.03327254494289397,0.20211094169953694,True,False,True,0.0002913955275209778,COMPLETE
1500,0.4902085781097412,2025-04-18 18:16:58.311168,2025-04-18 18:17:26.768931,0 days 00:00:28.457763,0.0655885285290977,0.20989067836423142,8,0.14070284585532797,0.06096694646942844,0.07245374914521026,0.03580408669929727,0.0072186404607499175,0.07004672108459882,0.006184559674956719,17,38,0.03438533397164774,0.19713370708795133,True,False,True,0.00039662314746487915,COMPLETE
1501,0.4783441722393036,2025-04-18 18:17:27.245711,2025-04-18 18:18:02.298147,0 days 00:00:35.052436,0.010756196167724243,0.19119798268807642,8,0.16581326623269166,0.09003386773466523,0.07150469455298368,0.032286501661521,0.010283125756085167,0.0729190833940538,0.021054963381308925,21,41,0.026025939488426887,0.1888228119749232,True,False,False,9.28373048749179e-05,COMPLETE
1502,0.48349951505661015,2025-04-18 18:18:02.792325,2025-04-18 18:18:33.360368,0 days 00:00:30.568043,0.09451192537850431,0.13474730315709332,8,0.16887227698341473,0.07340173327091874,0.06876603205780277,0.030680105251462746,0.012198712445813182,0.07524973020451704,0.023003738180109076,20,36,0.030768161231525048,0.1324804141509241,True,False,True,7.991079485783863e-05,COMPLETE
1503,0.3663577795028687,2025-04-18 18:18:33.840303,2025-04-18 18:19:03.605627,0 days 00:00:29.765324,0.039562298059829956,0.1539218021798383,8,0.15076925829077875,0.08093251673404507,0.07492580453923575,0.03403517444495999,0.01598106883787365,0.07207139218769393,0.018744243280065413,18,45,0.029055167850385213,0.22930466027931762,True,False,True,0.00011404989062290718,COMPLETE
1504,0.4252870976924897,2025-04-18 18:19:04.079861,2025-04-18 18:20:15.811017,0 days 00:01:11.731156,0.07339827171982789,0.1729676954943466,2,0.1243509857255519,0.09001733971339962,0.07344902332002448,0.025779088758217963,0.0072561525111038624,0.06882280145093074,0.0173901168680876,19,38,0.034355500176576084,0.1809201215048753,True,False,True,0.00017517588424297194,COMPLETE
1505,0.4927635192871094,2025-04-18 18:20:16.309264,2025-04-18 18:20:45.476547,0 days 00:00:29.167283,0.026175134363463425,0.209502770700437,8,0.15708562657327357,0.08206519894449842,0.07692827765520156,0.02822084175103531,0.01489453606408719,0.07613365319485398,0.026886556915251214,18,42,0.03178885635435167,0.1528408417855079,True,False,True,0.00014157698829564704,COMPLETE
1506,0.4657120943069458,2025-04-18 18:20:45.955555,2025-04-18 18:21:14.066744,0 days 00:00:28.111189,0.04954754954704861,0.19142337642612883,8,0.13088699898465858,0.08865645209298328,0.0703164291819523,0.030790246356689043,0.009467947346339052,0.07297883198421912,0.01112029427774906,17,34,0.034311351594208034,0.1849959352033587,True,False,True,0.00020789131417054408,COMPLETE
1507,0.3954304814338684,2025-04-18 18:21:14.544647,2025-04-18 18:21:42.323082,0 days 00:00:27.778435,0.10042191963701222,0.1521279625190218,8,0.13523927452108628,0.07637446147793418,0.0689426965919578,0.03285910131973316,0.011652519676308613,0.07740486757695977,0.026332833183418544,16,39,0.02267033050996165,0.13996250222682988,True,False,True,0.0002897311209085742,COMPLETE
1508,0.4305430591106415,2025-04-18 18:21:42.802237,2025-04-18 18:22:12.425946,0 days 00:00:29.623709,0.08372990901439845,0.16955840848831127,8,0.15556356896228893,0.09152165797082691,0.0724160074157577,0.02754120765700127,0.00787744983080153,0.07050921103586237,0.021505376115404484,19,35,0.02747442370601525,0.19417595892679423,True,False,True,0.00011609436319945192,COMPLETE
1509,0.364091569185257,2025-04-18 18:22:12.928877,2025-04-18 18:22:43.498223,0 days 00:00:30.569346,0.010275022003428405,0.2153278947918414,8,0.08963153892394425,0.08503003226084241,0.07429092776081117,0.029674587269092837,0.017613488188549128,0.07374152649412445,0.013405072512974237,20,41,0.0298865953785965,0.20375438466667883,True,True,True,0.00014282029899425323,COMPLETE
1510,0.253123289346695,2025-04-18 18:22:43.979656,2025-04-18 18:23:12.238135,0 days 00:00:28.258479,0.0588552590847408,0.19280871712337283,8,0.16715766777317448,0.06648587380483784,0.0703066303303911,0.025786862362104545,0.012983344447737551,0.03061543814251934,0.023791821700261447,18,37,0.031714700919150046,0.1732859992251023,False,False,True,0.00019874263850944176,COMPLETE
1511,0.47074983716011054,2025-04-18 18:23:12.719090,2025-04-18 18:23:42.852002,0 days 00:00:30.132912,0.0425799082436894,0.12853742775245827,8,0.20406787282566166,0.09112042966169834,0.06852134417417123,0.032633610916618296,0.006803200498254997,0.07546061969059907,0.02942123063692213,19,44,0.03429921597686716,0.187984850481551,True,False,True,0.00010077723737266291,COMPLETE
1512,0.30418875217437746,2025-04-18 18:23:43.353509,2025-04-18 18:24:54.402098,0 days 00:01:11.048589,0.07756730730751088,0.1731308681614765,2,0.08974900934088584,0.07037401932015261,0.07763239776516605,0.035711107896157675,0.010005724701644347,0.014721965861793938,0.016180276121809695,19,38,0.03197358325549682,0.19990786604174127,True,False,True,0.0001444921275414362,COMPLETE
1513,0.38682643175125125,2025-04-18 18:24:54.885851,2025-04-18 18:25:23.408225,0 days 00:00:28.522374,0.04170705968825789,0.21208332216550194,8,0.18632092136117634,0.08005811595425669,0.0713778095571186,0.028659803336729784,0.0104460528645971,0.026819269134414833,0.027676327160864548,17,35,0.01899958154608723,0.14830163996195408,True,False,True,0.00024493914556420664,COMPLETE
1514,0.27983288168907167,2025-04-18 18:25:23.891520,2025-04-18 18:25:56.316716,0 days 00:00:32.425196,0.0662121881075319,0.14881288758053385,8,0.1758319762894544,0.029721826818883357,0.07337029020736811,0.030867853186241953,0.00661189965975788,0.07734125451840554,0.028832851406238272,22,47,0.03472610344293726,0.18091819211148985,True,False,True,0.00017489537522101393,COMPLETE
1515,0.10303318351507187,2025-04-18 18:25:56.802052,2025-04-18 18:26:27.331219,0 days 00:00:30.529167,0.1007656698733007,0.19859269651084382,8,0.15322951944098398,0.1709966744311148,0.06938273539742772,0.026379127740881816,0.014626722273511743,0.07049979068486449,0.02104182340820371,20,34,0.02859226260303307,0.1568053681472908,True,False,True,8.674691555320733e-05,COMPLETE
1516,0.46052011251449587,2025-04-18 18:26:27.832134,2025-04-18 18:26:58.452295,0 days 00:00:30.620161,0.029367199471778162,0.1224029898897408,8,0.14841426942883085,0.08491850103774215,0.07157177841030299,0.004260266559132871,0.012485950419629811,0.06535242485537429,0.013807752662113716,20,42,0.03275965315494383,0.19269844517632098,True,False,True,0.0001505979823339552,COMPLETE
1517,0.23943302631378177,2025-04-18 18:26:58.961026,2025-04-18 18:27:32.220450,0 days 00:00:33.259424,0.05364465905393457,0.17972529474926857,8,0.17040045168814666,0.0770849939424222,0.07567182730921947,0.03516565217664496,0.009252432075023798,0.0737014008213607,0.02335422866246574,21,68,0.030379439677013773,0.16874867592158102,True,False,True,0.0002492494882871244,COMPLETE
1518,0.5039366960525513,2025-04-18 18:27:32.703740,2025-04-18 18:28:01.967198,0 days 00:00:29.263458,0.0828352767051979,0.21882458292952972,8,0.15973463034359778,0.09162263274354931,0.07364873219940286,0.03318389580241147,0.0073945075339420015,0.06796705532379874,0.02901394721521126,18,39,0.03515802231383144,0.1408746517357117,True,False,True,7.616036533492379e-05,COMPLETE
1519,0.3410171151161194,2025-04-18 18:28:02.472439,2025-04-18 18:28:32.345217,0 days 00:00:29.872778,0.08049769375300983,0.2188930629261554,8,0.16187238959057074,0.08547465068003983,0.07420311335275037,0.035459543787427196,0.011185603832615163,0.06633178348899511,0.026900575492518265,18,46,0.03479418528955663,0.13234555127548564,True,False,True,7.627607015003637e-05,COMPLETE
1520,0.27068578600883486,2025-04-18 18:28:32.832669,2025-04-18 18:29:02.513404,0 days 00:00:29.680735,0.07363605829373755,0.13665172706981407,8,0.161467733888858,0.09138239304338024,0.07221435703577518,0.007537741469020136,0.008868581205925534,0.06991981152350864,0.018542462518990718,18,50,0.034556871429955886,0.1421229643941774,True,False,True,7.55278457352996e-05,COMPLETE
1521,0.49113053083419805,2025-04-18 18:29:02.998721,2025-04-18 18:29:34.738781,0 days 00:00:31.740060,0.08903202934208782,0.2189797467239705,8,0.1677639252100812,0.0778616785149098,0.07372270166689342,0.034314860835326054,0.013383453507646685,0.06411381057440996,0.028195473374958927,17,43,0.032694150469472355,0.13583697987426638,True,False,False,8.880317330470497e-05,COMPLETE
1522,0.3801586508750916,2025-04-18 18:29:35.244508,2025-04-18 18:30:04.440634,0 days 00:00:29.196126,0.06998314278928806,0.1562579774042659,8,0.1790931164044829,0.05816290397567737,0.07505280836124995,0.034010477769049745,0.010889765031749526,0.06749142629688167,0.023992415276170954,18,41,0.034721471842602714,0.1386398078974133,True,False,True,0.00010005686162272058,COMPLETE
1523,0.37891536951065063,2025-04-18 18:30:04.935277,2025-04-18 18:30:34.281744,0 days 00:00:29.346467,0.05244232991923768,0.18986991885406812,8,0.15443864924170547,0.07110572100658127,0.07271321063404157,0.03268706312496256,0.007642200082629328,0.06799879220218562,0.03010896987742915,18,44,0.03130117206190059,0.14517838398411256,True,False,True,0.0001259006138066527,COMPLETE
1524,0.46499723792076114,2025-04-18 18:30:34.768509,2025-04-18 18:31:04.604542,0 days 00:00:29.836033,0.09583977867215536,0.12771511729590324,8,0.15986176353684978,0.08378161964905817,0.07035612964054545,0.03532126222917786,0.01204182549747478,0.06954944929684173,0.020783620711775183,19,40,0.03356508516401257,0.1277167357559439,True,False,True,0.00011264544898633528,COMPLETE
1525,0.49549325704574587,2025-04-18 18:31:05.086858,2025-04-18 18:31:34.231185,0 days 00:00:29.144327,0.062143488982159954,0.20198855021523318,8,0.14752712555301972,0.0912077807113116,0.0731001419086235,0.03615357420579994,0.009634995032713783,0.06760619319835162,0.03091250874664721,18,40,0.032294259732803705,0.13654672178188024,True,False,True,8.337688954971602e-05,COMPLETE
1526,0.3876342594623566,2025-04-18 18:31:34.735638,2025-04-18 18:32:03.136154,0 days 00:00:28.400516,0.026570393396518753,0.16687927014836035,8,0.16984218452654862,0.08380054933183644,0.07529268266318942,0.03331548538833717,0.014794238645453733,0.06848996719523379,0.02375510890264849,17,39,0.0346467478040472,0.1485877234484498,True,False,True,0.00010796881254633968,COMPLETE
1527,0.14895255565643312,2025-04-18 18:32:03.627071,2025-04-18 18:32:32.910740,0 days 00:00:29.283669,0.0816970680222899,0.22515223921339186,8,0.16103913264825417,0.07660142493512327,0.06843145898023668,0.031779499129849634,0.007415905437475899,0.06561494927675807,0.0174166978242637,19,46,0.03538256770466516,0.13184269108916968,False,True,True,0.00013227633117639,COMPLETE
1528,0.40150173306465153,2025-04-18 18:32:33.395907,2025-04-18 18:33:03.191691,0 days 00:00:29.795784,0.04390619435758078,0.1811733689511529,8,0.15143878377452588,0.09144137199089267,0.07149424872656138,0.033428910971769664,0.010457202748349232,0.07110144799272042,0.03195391520967687,18,43,0.029324515892869187,0.1406989675927665,True,False,True,9.954416992575997e-05,COMPLETE
1529,0.09476417303085329,2025-04-18 18:33:03.697159,2025-04-18 18:33:32.079608,0 days 00:00:28.382449,0.07224613909527994,0.15143635126944022,8,0.1732961033560734,0.0866768409996336,0.07080345322585156,0.030033768288389703,0.00877518021881849,0.06811828915712877,0.010001525232336878,17,38,0.026295346917868626,0.1456400598493215,True,False,True,0.00017839053801679323,COMPLETE
