number,value,datetime_start,datetime_complete,duration,params_alpha-eval,params_alpha-train,params_batch-size,params_eps-eval,params_eps-train,params_lambda-actions-eval,params_lambda-actions-train,params_lambda-frames-eval,params_lambda-frames-train,params_learning-rate,params_n-epochs,params_n-frames,params_radius-gw,params_rho,params_std-feats,params_ub-actions,params_ub-frames,params_weight-decay,state
0,0.30083132386207584,2025-04-11 00:22:54.961378,2025-04-11 00:23:23.574916,0 days 00:00:28.613538,0.9897746723581893,0.8578557263626093,8,0.017955034763323628,0.16473554802978943,0.037929574220608296,0.06920536572129998,0.06888734058674457,0.02996021341095004,2.2145249212015857e-05,18,60,0.04501049873580694,0.09059093576092112,False,False,True,1.7289651438486166e-06,COMPLETE
1,0.33883612751960757,2025-04-11 00:23:23.579097,2025-04-11 00:23:47.873493,0 days 00:00:24.294396,0.35273069398382834,0.07988226373817134,16,0.22968216779912015,0.1895550748703409,0.0312926284666865,0.04838288573747437,0.07855109394869243,0.027107826613302386,0.0012172357631607485,17,21,0.00943073693165938,0.17331718020418732,True,False,False,7.220175936170602e-05,COMPLETE
2,0.12067320346832276,2025-04-11 00:23:47.877142,2025-04-11 00:24:23.105280,0 days 00:00:35.228138,0.23630348794954043,0.9002841136920829,8,0.13638401695155558,0.27267729052854117,0.09696548797270667,0.03642217458738397,0.012457750127109694,0.042095451399537256,0.0006498634002384224,27,94,0.09877573337223508,0.1525868723196996,False,False,True,6.189841910377775e-06,COMPLETE
3,0.09307204186916351,2025-04-11 00:24:23.109234,2025-04-11 00:24:41.381466,0 days 00:00:18.272232,0.045432075655674524,0.06257854143838931,16,0.20015911105241055,0.2328206792582987,0.011320132436859462,0.010292865994945163,0.023559930559215715,0.06646756638865105,0.00025223582130209465,10,50,0.017026641105925024,0.007676243637701437,False,True,True,2.93123908875349e-07,COMPLETE
4,0.09307204186916351,2025-04-11 00:24:41.385653,2025-04-11 00:25:07.012912,0 days 00:00:25.627259,0.0844523631841744,0.2039163795685178,8,0.09671055428078691,0.0842435082048212,0.05773039774976862,0.040096580951002755,0.04667388635155737,0.015367243818621673,0.009350075966832917,12,122,0.03948549767552482,0.291477607737511,True,True,False,9.510784533869555e-07,COMPLETE
5,0.15281150043010713,2025-04-11 00:25:07.017739,2025-04-11 00:25:55.519866,0 days 00:00:48.502127,0.7961463102063059,0.9783838919431059,2,0.20807288675050245,0.2646653221765245,0.0472175453765037,0.053054395552249056,0.0011116157800386904,0.04807198836825301,0.0035876497143976734,11,56,0.008308693840285524,0.12715438464758344,True,True,False,2.469991627902862e-05,COMPLETE
6,0.09389156997203828,2025-04-11 00:25:55.524683,2025-04-11 00:26:15.221385,0 days 00:00:19.696702,0.23604522020614804,0.8055637586415957,8,0.19107936288047836,0.06800788551636111,0.037177523526419426,0.041057834092108295,0.002253596221931005,0.017354453073643535,0.0032727577133213467,6,129,0.04705566647464279,0.04074934557083241,False,True,False,7.094840600048188e-06,COMPLETE
7,0.09335543662309648,2025-04-11 00:26:15.226733,2025-04-11 00:26:38.314143,0 days 00:00:23.087410,0.8365370999791786,0.17510910130482513,8,0.09747179000960161,0.19840259812839459,0.07997075974159887,0.020302859819537965,0.08662648015313305,0.04817045248064284,0.008756629604507585,10,86,0.006813560858884202,0.11258975580971246,True,True,False,2.560850140062568e-07,COMPLETE
8,0.11774777173995972,2025-04-11 00:26:38.319999,2025-04-11 00:27:24.961011,0 days 00:00:46.641012,0.5073835599586968,0.1754753620386825,2,0.017630689446790037,0.18003874516880727,0.09620383561926435,0.053289095142749966,0.033698892816798956,0.06736683007932484,0.0004112409248367679,10,145,0.03363148058524216,0.13326294850095724,False,True,False,4.929094328889333e-07,COMPLETE
9,0.33927921652793885,2025-04-11 00:27:24.966759,2025-04-11 00:27:54.399819,0 days 00:00:29.433060,0.19396412145460715,0.6146247779560049,16,0.026643049661432616,0.08000182379684768,0.06833171814260476,0.03155179756297567,0.01941172105900775,0.09318457653063532,0.028730972981228113,30,45,0.02752016326661771,0.05637502912396511,False,False,False,2.0382119403224262e-05,COMPLETE
10,0.23708459734916687,2025-04-11 00:27:54.406224,2025-04-11 00:28:19.757475,0 days 00:00:25.351251,0.5367567675698525,0.5572216800047969,16,0.06548213593539588,0.01974651669413685,0.07464284795174475,0.09662204219699941,0.05567185921071613,0.09799459311800995,0.08026786350635783,30,10,0.07213061279942688,0.2166844267039758,False,False,True,0.0005565001683063497,COMPLETE
11,0.34693180918693545,2025-04-11 00:28:19.764146,2025-04-11 00:28:45.723216,0 days 00:00:25.959070,0.3148710237797473,0.5058255630787125,16,0.2955389211980871,0.09650416218246534,0.014365982748436888,0.02423643194964335,0.09754669543088701,0.09795622158528142,0.08396469635174182,21,15,0.024247054928496634,0.2131096230219005,True,False,False,0.00015580960918660283,COMPLETE
12,0.3532475113868713,2025-04-11 00:28:45.730631,2025-04-11 00:29:12.802073,0 days 00:00:27.071442,0.34547892059181157,0.5010967342098692,16,0.2956505571357828,0.09419271319411504,0.0018960309410129498,0.021548535449490435,0.09735606548881065,0.09840689505803205,0.08888177329388415,23,31,0.02613478869918347,0.22772049702276917,True,False,False,1.7214611261133545e-08,COMPLETE
13,0.39823188781738283,2025-04-11 00:29:12.809467,2025-04-11 00:29:39.463502,0 days 00:00:26.654035,0.3961207524010074,0.4025052585842966,16,0.29404059043020614,0.12194419880706665,0.0036341057815958222,0.002829907541079431,0.09432389861842881,0.08246823213046671,0.09235737509755627,23,26,0.06603599425617439,0.24950047774466091,True,False,False,1.1876783701103634e-08,COMPLETE
14,0.4022730171680451,2025-04-11 00:29:39.470984,2025-04-11 00:30:07.082495,0 days 00:00:27.611511,0.4223361768945232,0.3580803163060009,16,0.29187730277584717,0.118043671623114,0.0023678065690960416,0.003086370436691223,0.09977668821284537,0.07645212553177283,0.03983952508201071,24,32,0.06643745925721,0.2894974833110993,True,False,False,2.418973686385323e-08,COMPLETE
15,0.4011670172214509,2025-04-11 00:30:07.090826,2025-04-11 00:30:34.678036,0 days 00:00:27.587210,0.6278393747791052,0.3382313673525204,16,0.24280012197093742,0.13152204969643352,0.02053621009196789,0.0021158562398793856,0.07172296338281475,0.07283413387319675,0.02244014452895692,24,33,0.06656530775149473,0.2944399880810624,True,False,False,1.365385438238814e-08,COMPLETE
16,0.37728666663169863,2025-04-11 00:30:34.686127,2025-04-11 00:31:04.984066,0 days 00:00:30.297939,0.6462576772052356,0.3584501381269134,16,0.2495366556639867,0.13516740274767758,0.02231646306010083,0.001142450211587688,0.0693703261662257,0.06982073142910598,0.022494126171220916,26,70,0.06458950629128346,0.2925259361468493,True,False,False,5.8670450741889e-08,COMPLETE
17,0.35665372610092166,2025-04-11 00:31:04.993455,2025-04-11 00:32:29.151526,0 days 00:01:24.158071,0.6372021842293796,0.343075699674472,2,0.25691793435358934,0.0317952986820219,0.02224148039293348,0.014007750846084424,0.07742849499258826,0.07824867195563295,0.00013121312908187318,19,103,0.08050177421727638,0.2630049804789444,True,False,False,6.69163763490788e-08,COMPLETE
18,0.11307092159986497,2025-04-11 00:32:29.160249,2025-04-11 00:32:54.660069,0 days 00:00:25.499820,0.6477799408075268,0.7106147598150041,16,0.1646257134342142,0.13448486228160447,0.023290198975808675,0.06991227353730506,0.06025051410304315,0.05873579915957807,0.021558540806558526,26,39,0.05538893373894486,0.18133594181219054,True,False,True,3.458173851936221e-08,COMPLETE
19,0.40132990479469305,2025-04-11 00:32:54.669681,2025-04-11 00:33:19.177632,0 days 00:00:24.507951,0.786782047189725,0.26334115641885414,16,0.2616140810061203,0.04441338112100185,0.0127374439636669,0.09712051316168688,0.04432800085527833,0.08333392851152321,0.0018877386915335328,15,68,0.08749836464040187,0.25523990704803345,True,False,False,9.561520225770998e-08,COMPLETE
20,0.3858709573745728,2025-04-11 00:33:19.187268,2025-04-11 00:34:25.843154,0 days 00:01:06.655886,0.8065207930979628,0.25658198525887266,2,0.2684281449353544,0.04662585579096582,0.009547471109275556,0.09910510661212467,0.041127975135038936,0.08657061693040433,5.3051177348427906e-05,14,78,0.08890021004416299,0.2536777026709952,True,False,False,1.0480754983969281e-07,COMPLETE
21,0.09307204186916351,2025-04-11 00:34:25.853833,2025-04-11 00:34:50.199872,0 days 00:00:24.346039,0.7250988962912697,0.27920266418812445,16,0.23171008813544275,0.006335922514978498,0.017977788808848358,0.08411574144326542,0.03853182927026913,0.07507145909617047,0.0019298531701177949,16,64,0.0806758514650462,0.2982558016439266,True,False,False,2.0467756722033883e-08,COMPLETE
22,0.3853922367095947,2025-04-11 00:34:50.209739,2025-04-11 00:35:15.274988,0 days 00:00:25.065249,0.9496608318702486,0.42424016511624996,16,0.27139996693270135,0.12157487220727953,0.03165299452872784,0.06237892553236662,0.0637621539737602,0.06102732913175146,0.011611178787556185,22,5,0.0971507032925842,0.2720481839901019,True,False,False,1.3438840618586443e-07,COMPLETE
23,0.42572740912437446,2025-04-11 00:35:15.285158,2025-04-11 00:35:41.155733,0 days 00:00:25.870575,0.4482747013963254,0.2702636589601305,16,0.23849359957645133,0.05435947534341788,0.0011044548553304188,0.08386673325053899,0.051148711795356294,0.08802921355951998,0.004775608336370911,20,37,0.05802792335983789,0.23327804249510867,True,False,False,1.1967013411557751e-08,COMPLETE
24,0.39098746776580817,2025-04-11 00:35:41.166636,2025-04-11 00:36:07.188904,0 days 00:00:26.022268,0.45700097526735906,0.12985655572389776,16,0.17786164372662486,0.05456981642790519,0.007224402073287707,0.08331540011669676,0.051184873600504735,0.08641925363540857,0.006005327989688913,20,43,0.057252024893459263,0.19421865877774108,True,False,False,3.298960193773434e-08,COMPLETE
25,0.37354000210762023,2025-04-11 00:36:07.200668,2025-04-11 00:36:32.774052,0 days 00:00:25.573384,0.5538719440996616,0.26984282652991604,16,0.22560041674053952,0.0452997985610398,0.0034676047816192147,0.08926923458794647,0.029973662594126847,0.00370540275585117,0.0021369256578303956,15,77,0.07793505807437157,0.23420207919660688,True,False,False,1.5811632286146913e-07,COMPLETE
26,0.0956295907497406,2025-04-11 00:36:32.785145,2025-04-11 00:36:55.780924,0 days 00:00:22.995779,0.4327700137580455,0.4052481252018471,16,0.26639297018526614,0.10642064933415094,0.012634358669710756,0.0757418059354415,0.04614706202439147,0.08989493989007666,0.001202219240016706,13,105,0.08585953607151871,0.26798621869170003,True,False,True,1.0008340423080479e-08,COMPLETE
27,0.09307204186916351,2025-04-11 00:36:55.792587,2025-04-11 00:37:20.648232,0 days 00:00:24.855645,0.8726003877930025,0.022610264246739398,16,0.13978128856785443,0.007331542869638066,0.029723726291333318,0.09112956132560439,0.08669561082840338,0.08081265401937593,0.005639429133151912,18,52,0.05443123963758039,0.19900225805358387,True,False,False,4.574450966505842e-08,COMPLETE
28,0.42087282538414,2025-04-11 00:37:20.660245,2025-04-11 00:38:03.934530,0 days 00:00:43.274285,0.7413863545838246,0.24043964362060521,2,0.27390754129778455,0.06270341217561642,0.0014682082046917817,0.07958573111549176,0.054897035428155945,0.05715105899503929,0.036158510492523194,7,23,0.0601451850098306,0.23840205389469052,True,False,False,9.735716483533332e-07,COMPLETE
29,0.09463507980108261,2025-04-11 00:38:03.946696,2025-04-11 00:38:35.724598,0 days 00:00:31.777902,0.5669655213088596,0.48493282067742405,2,0.28037049986800494,0.1691846764061839,0.0011195831036603014,0.06478534861979729,0.05495691886561009,0.0564508895093522,1.2132140100155894e-05,5,19,0.044870532484312636,0.23418943194881736,True,False,True,2.297561404523553e-06,COMPLETE
30,0.4484253704547882,2025-04-11 00:38:35.736878,2025-04-11 00:39:59.899705,0 days 00:01:24.162827,0.7330932218390424,0.11692971999666438,2,0.2124930766947179,0.0678889952567743,0.044346965233799225,0.07478070639240715,0.06148284241356083,0.032621139647298666,0.04133753989199644,20,35,0.05981257938694486,0.28082060267325565,True,False,False,8.700139312503035e-07,COMPLETE
31,0.45308407545089724,2025-04-11 00:39:59.912128,2025-04-11 00:41:24.353962,0 days 00:01:24.441834,0.7397034546273157,0.12603950656633456,2,0.21320464531648367,0.06439738852821994,0.04258199896455423,0.07257979886729224,0.06049261835641549,0.0392446342097174,0.0435945111779674,20,35,0.05856098944116629,0.27598691530443487,True,False,False,8.691294645246425e-07,COMPLETE
32,0.43020291328430177,2025-04-11 00:41:24.366916,2025-04-11 00:42:49.806124,0 days 00:01:25.439208,0.731083333944918,0.12000927318487602,2,0.21134648924535424,0.07757112340659757,0.05089439652210191,0.07766009237929093,0.062340269713158536,0.03900040935252257,0.04800044723979522,20,24,0.05888379315625476,0.2737685479066186,True,False,False,1.082580651497923e-06,COMPLETE
33,0.4302600026130676,2025-04-11 00:42:49.819315,2025-04-11 00:44:11.550629,0 days 00:01:21.731314,0.998607973191056,0.11209368591780977,2,0.21825121298749667,0.07441754655181791,0.04741958485005817,0.06996142981601507,0.0643108967883257,0.03538169831832772,0.01395611232409911,19,38,0.04927027181031575,0.27450696993036255,True,False,False,5.5552349310921415e-06,COMPLETE
34,0.4098903477191925,2025-04-11 00:44:11.564144,2025-04-11 00:45:28.031618,0 days 00:01:16.467474,0.9935334916736838,0.09628295274916826,2,0.21463408157101138,0.07371664162594228,0.04826501322729948,0.07372309960997935,0.0631251963220377,0.03717544079536099,0.014540962788040528,17,15,0.04177265275031787,0.2725212644102253,True,False,False,4.921039122713993e-06,COMPLETE
35,0.14103291034698487,2025-04-11 00:45:28.045309,2025-04-11 00:46:37.905577,0 days 00:01:09.860268,0.9124377615127461,0.021559771065061406,2,0.18259724773544414,0.1557461516457475,0.057072022486861225,0.06135234774980753,0.07486737783665996,0.029867395955802026,0.04633008024164305,19,46,0.049665256773308596,0.2770375223085847,False,False,True,1.191306000194011e-06,COMPLETE
36,0.10210563093423844,2025-04-11 00:46:37.919790,2025-04-11 00:47:42.850744,0 days 00:01:04.930954,0.7314449435382379,0.12318201879510744,2,0.16333652938159757,0.02459383665229581,0.04222200949661027,0.05708048827737015,0.06717663673730409,0.038496782825380695,0.0437518925299641,17,57,0.03565841456721648,0.1603145598535481,True,True,False,5.2466222056007e-07,COMPLETE
37,0.42141008377075195,2025-04-11 00:47:42.867177,2025-04-11 00:49:11.070709,0 days 00:01:28.203532,0.9069431247151022,0.06015981343271519,2,0.2059174230672559,0.08735666523949347,0.0572797004401159,0.06883281649397563,0.08181366354407969,0.023286389800569247,0.05514840532127292,21,26,0.051551684435276655,0.2805628148816562,True,False,False,1.255169123061454e-05,COMPLETE
38,0.2220416307449341,2025-04-11 00:49:11.085615,2025-04-11 00:50:21.163924,0 days 00:01:10.078309,0.683050080681014,0.17761035448214957,2,0.1158123444284756,0.20634768499005826,0.04104391000594424,0.07529529603596358,0.058290868446077226,0.04250703307288288,0.016111532571336382,19,53,0.07303017735636144,0.211463590466861,False,True,False,3.5184654246914205e-06,COMPLETE
39,0.09545618444681168,2025-04-11 00:50:21.179000,2025-04-11 00:51:34.807797,0 days 00:01:13.628797,0.853694651599288,0.1405346360577212,2,0.22202757771778714,0.2976623512707943,0.052138654617577114,0.04748886605142305,0.06660603292599228,0.023929342776238177,0.008276458657227698,21,7,0.06144426262991874,0.08928910304694376,True,False,True,2.0861760003404287e-06,COMPLETE
40,0.3553456485271454,2025-04-11 00:51:34.824791,2025-04-11 00:52:36.831445,0 days 00:01:02.006654,0.5915333525770208,0.20920468697652683,2,0.19126030851525155,0.103021236683792,0.06392716627149468,0.06922468500275902,0.07271701912033554,0.034577370995643855,0.05737096473691453,16,41,0.04565751664391715,0.2533810080449577,True,True,False,4.639892065950129e-07,COMPLETE
41,0.44734236001968386,2025-04-11 00:52:36.848146,2025-04-11 00:53:10.660625,0 days 00:00:33.812479,0.765491504061971,0.08250477105711995,8,0.23502628840187872,0.07117892657652437,0.035885998524973456,0.08684775023119234,0.049778872275199455,0.0461738540227693,0.004640336810790575,20,38,0.051747042923110255,0.2457054945910616,True,False,False,5.391146239401728e-05,COMPLETE
42,0.428976184129715,2025-04-11 00:53:10.676671,2025-04-11 00:53:42.513124,0 days 00:00:31.836453,0.7753244220672711,0.07434795310347196,8,0.20106647243504622,0.0708670284792502,0.036096006135428724,0.0897087245665141,0.06165989748192538,0.05126531735111216,0.0007064907071184017,18,31,0.03723945297271472,0.28312493258284965,True,False,False,7.440679938230206e-05,COMPLETE
43,0.35451906323432925,2025-04-11 00:53:42.530078,2025-04-11 00:54:17.744170,0 days 00:00:35.214092,0.6974186090887915,0.018856838582452934,8,0.16069723485370974,0.0327964271907144,0.044648077401830966,0.07990083089986981,0.050950620970260346,0.04525706060181093,0.01180795066901806,22,17,0.0012242511553197388,0.26454897742182887,True,False,False,9.163921208591102e-06,COMPLETE
44,0.32498747706413267,2025-04-11 00:54:17.761824,2025-04-11 00:54:51.347226,0 days 00:00:33.585402,0.9197763250734001,0.09845531413954071,8,0.21082008019034293,0.07962541850679562,0.051940797270605396,0.07929587954458328,0.05756864163999795,0.033165922928688904,0.028100646047857544,20,47,0.04936687136785484,0.25214173266307766,False,False,False,4.28783310877809e-05,COMPLETE
45,0.4351105034351349,2025-04-11 00:54:51.364414,2025-04-11 00:55:30.108807,0 days 00:00:38.744393,0.817885205601211,0.16191256284652994,8,0.17988684532137658,0.0634599090742967,0.03492926008003512,0.05731855361892628,0.07936618849597957,0.04110786271694153,0.008389991134497204,25,60,0.07088111771259323,0.22224684031331662,True,False,False,0.0003429322245341508,COMPLETE
46,0.11861829459667207,2025-04-11 00:55:30.126533,2025-04-11 00:56:06.755449,0 days 00:00:36.628916,0.9624801638802014,0.1755594132266468,8,0.1927970511213432,0.05595893660705642,0.029216929971816054,0.04482192264582216,0.0824759745747472,0.026471191634399142,0.0031065102587174804,28,59,0.07049523642079134,0.21294003732097103,True,True,False,0.00038810753559074195,COMPLETE
47,0.37839700579643254,2025-04-11 00:56:06.773286,2025-04-11 00:56:44.635692,0 days 00:00:37.862406,0.8310168042496354,0.06464584568053831,8,0.1765750651663854,0.1095292077739573,0.03492407770707011,0.056023996545184224,0.07957983616364492,0.015632815594663684,0.007335573689706973,25,63,0.04240586127628311,0.17250840823565128,False,False,False,0.00012172745825736772,COMPLETE
48,0.36746029853820805,2025-04-11 00:56:44.653643,2025-04-11 00:57:25.068833,0 days 00:00:40.415190,0.8920351743642725,0.20744003404530043,8,0.12188385706467234,0.08827589531004926,0.04082782115232953,0.07167573875754066,0.036679358163292944,0.05269998451695874,0.004012849453505755,28,36,0.031781044129982366,0.007211985501744483,True,False,False,0.0002889871302619247,COMPLETE
49,0.33979871273040774,2025-04-11 00:57:25.087316,2025-04-11 00:58:01.831283,0 days 00:00:36.743967,0.8237352239237824,0.8732953282475747,8,0.24323340459825799,0.014885280389621343,0.06390451646188232,0.06492940257460988,0.0881637748472557,0.045514890401258265,0.017925269722303055,23,52,0.017059801347386674,0.24646553952277153,True,False,False,0.0009661961666521709,COMPLETE
50,0.3686612725257874,2025-04-11 00:58:01.851083,2025-04-11 00:58:38.118123,0 days 00:00:36.267040,0.7677323302701078,0.15557827351524522,8,0.22519465226207316,0.03409451424770418,0.04505459747673715,0.05933831614062787,0.06939037870815151,0.030579364406490003,0.002860292613276232,22,74,0.05258650723157723,0.2997604961538369,True,False,False,2.8115118897093198e-05,COMPLETE
51,0.4209590673446656,2025-04-11 00:58:38.137264,2025-04-11 01:00:16.809729,0 days 00:01:38.672465,0.67946894167573,0.11505047503355409,2,0.21654941399847583,0.06802939310397738,0.04972970577807957,0.06620548331543401,0.06468651730879761,0.0393980699105867,0.028568666618599015,24,27,0.06272805105634462,0.2831360309455499,True,False,False,3.440644815193248e-07,COMPLETE
52,0.398083633184433,2025-04-11 01:00:16.829200,2025-04-11 01:01:40.741219,0 days 00:01:23.912019,0.6000934732446217,0.05837377496688939,2,0.1985236889691548,0.09090425956971167,0.02745545897424137,0.09284754379649342,0.048128117101164394,0.04267462047318103,0.05898265801506481,19,14,0.06884417085110571,0.22455636299898823,True,False,False,7.587600753929769e-07,COMPLETE
53,0.4023567378520966,2025-04-11 01:01:40.760464,2025-04-11 01:03:10.217063,0 days 00:01:29.456599,0.7426744178114132,0.21687857031826183,2,0.2320621486056432,0.07806015181217868,0.03831081979436901,0.051772912457953804,0.09166911400439266,0.048204605756884865,0.009277776074561246,21,22,0.059352226321766545,0.26605365168214834,True,False,False,1.3062130031162088e-06,COMPLETE
54,0.4130457103252411,2025-04-11 01:03:10.236775,2025-04-11 01:04:34.670649,0 days 00:01:24.433874,0.8702475782688033,0.6387551407215287,2,0.24952765849616065,0.06109102921987092,0.05432909682546415,0.07730696984403233,0.0754546737353419,0.020135218597108897,0.03289373600941755,20,30,0.07379275555487155,0.28313146622942514,True,False,False,4.320233784728777e-06,COMPLETE
55,0.4100164532661438,2025-04-11 01:04:34.690831,2025-04-11 01:05:07.365131,0 days 00:00:32.674300,0.13868455912876276,0.15666404909680476,8,0.1521583994139442,0.0415446406170768,0.033485170642492616,0.08714158593742796,0.043393304951374695,0.03510551902688453,0.07341004673336496,17,89,0.055462556765358606,0.2608364258430701,True,False,False,2.5643213308496124e-06,COMPLETE
