number,value,datetime_start,datetime_complete,duration,params_alpha-eval,params_alpha-train,params_batch-size,params_eps-eval,params_eps-train,params_lambda-actions-eval,params_lambda-actions-train,params_lambda-frames-eval,params_lambda-frames-train,params_learning-rate,params_n-epochs,params_n-frames,params_radius-gw,params_rho,params_std-feats,params_ub-actions,params_ub-frames,params_weight-decay,state
1309,0.4020415663719178,2025-04-11 23:21:41.687127,2025-04-11 23:23:27.329349,0 days 00:01:45.642222,0.16298978865041386,0.12746004357039337,2,0.1642125031693138,0.022166600786765894,0.08683611884331172,0.018993313099301447,0.07334238157498278,0.03654789767081605,0.01850335182930339,27,22,0.08807048727934409,0.2275218057968299,True,False,False,2.223034824801707e-05,COMPLETE
1310,0.48670310974121095,2025-04-11 23:23:27.757925,2025-04-11 23:25:04.082336,0 days 00:01:36.324411,0.14300969874643632,0.15425259166122238,2,0.16049053047424724,0.026860898183655484,0.0876022100364808,0.015635054891558055,0.07516701737077912,0.04061700534399054,0.015139637664262724,24,36,0.09165651626151992,0.2219010678229248,True,False,False,1.4678148793924829e-05,COMPLETE
1311,0.29988689422607423,2025-04-11 23:25:04.510529,2025-04-11 23:26:32.085755,0 days 00:01:27.575226,0.15614260932938784,0.1625519588980721,2,0.15405385947193584,0.019345147199919737,0.08433087926341348,0.007891855295337855,0.07523097103483391,0.028491115050755543,0.012634954161264363,25,42,0.08898245939689121,0.2386660173111681,True,False,True,1.7146489232172628e-05,COMPLETE
1312,0.48798408508300783,2025-04-11 23:26:32.513973,2025-04-11 23:28:22.002915,0 days 00:01:49.488942,0.12180202567204473,0.13238446125455294,2,0.16551941700569808,0.029392575064620854,0.08914783130572604,0.013481377354411715,0.0761040153503399,0.03174479065468329,0.013227886857691329,28,39,0.09052319633668379,0.22303687795162605,True,False,False,2.5316938960721454e-05,COMPLETE
1313,0.45731808543205266,2025-04-11 23:28:22.431222,2025-04-11 23:30:10.037526,0 days 00:01:47.606304,0.17849519081562143,0.16833659396660067,2,0.16873432752412054,0.023086710378162918,0.08478499955784195,0.010275604261492204,0.07512739062474917,0.04311172182776741,0.011908592418533238,27,48,0.08745079965819931,0.23033741278054132,True,False,False,1.2789815345563384e-05,COMPLETE
1314,0.4721544981002808,2025-04-11 23:30:10.463860,2025-04-11 23:31:56.748814,0 days 00:01:46.284954,0.14256597179874,0.15095617550569074,2,0.1620034871918393,0.03320734919290513,0.08594886725143082,0.017708681494651574,0.07366900726945116,0.03106512593165349,0.01637295824674529,27,29,0.08902640114606239,0.15308168034609598,True,False,False,1.7613351468418567e-05,COMPLETE
1315,0.49917423725128174,2025-04-11 23:31:57.194756,2025-04-11 23:33:39.686907,0 days 00:01:42.492151,0.12348714834576258,0.17678310015972643,2,0.16699100563481503,0.035272663140738625,0.08904537465196893,0.015143055081674149,0.07294754024784642,0.035225408186719716,0.015344981672994406,26,33,0.08666647230685716,0.17892437149867818,True,False,False,2.0238898446534097e-05,COMPLETE
1316,0.48229327201843264,2025-04-11 23:33:40.119410,2025-04-11 23:35:26.488275,0 days 00:01:46.368865,0.11097276968663518,0.1754464901084443,2,0.15761183675522794,0.015129323064571158,0.08952175216192178,0.01190374100393169,0.07380190891358283,0.032582589040865986,0.012032835510869585,27,30,0.09199655648205651,0.1804209369960532,True,False,False,2.3939071877282998e-05,COMPLETE
1317,0.30027026534080503,2025-04-11 23:35:26.920978,2025-04-11 23:37:14.119410,0 days 00:01:47.198432,0.09329957318313203,0.18950252409634677,2,0.10287290536893148,0.03394663647072167,0.09064353891216352,0.014221438798244007,0.07324958652784293,0.03714880073650281,0.015424507695268902,26,112,0.08865809057851508,0.15733091957840575,True,False,False,2.2924299791490775e-05,COMPLETE
1318,0.4834638595581055,2025-04-11 23:37:14.548418,2025-04-11 23:38:58.718483,0 days 00:01:44.170065,0.11770758117534275,0.11263569718882671,2,0.16562455783712374,0.031105156122869418,0.08925715947466141,0.02130864522608458,0.07275543656671958,0.035814705163748156,0.013594685006359119,26,33,0.09396690087496419,0.17937438640094158,True,False,False,2.6864559374800856e-05,COMPLETE
1319,0.47644408941268923,2025-04-11 23:38:59.147979,2025-04-11 23:40:43.479983,0 days 00:01:44.332004,0.12235647327101422,0.18108720774347858,2,0.1665991799032107,0.019396016372930723,0.08808310336649999,0.00860892035060011,0.07076919278456088,0.03988646015736792,0.014123046877658814,26,44,0.05074646338896659,0.17635638431053915,True,False,False,2.0436203264225684e-05,COMPLETE
1320,0.11729378700256349,2025-04-11 23:40:43.908717,2025-04-11 23:42:15.786157,0 days 00:01:31.877440,0.7889814970118543,0.14153445999511502,2,0.15830850302809502,0.03024922282994423,0.0899439793392664,0.010958369111711937,0.07574078067758405,0.0373296017853544,0.016579286222179537,27,28,0.04634994916301332,0.17863208762038427,True,True,False,2.789711887094683e-05,COMPLETE
1321,0.4824709415435791,2025-04-11 23:42:16.217228,2025-04-11 23:43:58.827313,0 days 00:01:42.610085,0.08199601123628181,0.16328412052650015,2,0.15431531052997932,0.03488000385716446,0.09077677365340092,0.01945539470492309,0.07223088632981084,0.03587646256411855,0.012475584313860408,26,32,0.08949495560963558,0.16169178023880906,True,False,False,2.0096974015618766e-05,COMPLETE
1322,0.09307204186916351,2025-04-11 23:43:59.257771,2025-04-11 23:45:41.531896,0 days 00:01:42.274125,0.1278470090458957,0.18879863565221874,2,0.14345190981632813,0.009577399295476387,0.0886487001774996,0.013467679292651026,0.07125527663788876,0.03613369487987311,0.016061536066454055,26,26,0.08731082593787587,0.21878784398779194,True,False,False,3.093324160581486e-05,COMPLETE
1323,0.25494436621665956,2025-04-11 23:45:41.982064,2025-04-11 23:47:27.123747,0 days 00:01:45.141683,0.09754653914071468,0.12960423065689766,2,0.16159644444321264,0.026556846521652362,0.09202258919013008,0.0165798694254976,0.07396700057973792,0.039684418372960724,0.01620996111021986,27,24,0.09126435747448954,0.17494516788153738,False,False,False,2.339920428394158e-05,COMPLETE
1324,0.3650948166847229,2025-04-11 23:47:27.561434,2025-04-11 23:49:11.174218,0 days 00:01:43.612784,0.136860367251911,0.15173180549806414,2,0.16774521782459095,0.03934269691795729,0.08751317077789406,0.02294703502059882,0.0764785453492652,0.033077978252140414,0.013190590402134827,26,47,0.08690109013496723,0.16651824010107713,True,False,False,1.864332088343988e-05,COMPLETE
1325,0.478269100189209,2025-04-11 23:49:11.611121,2025-04-11 23:50:58.413506,0 days 00:01:46.802385,0.10079954379897493,0.1958000897566833,2,0.1715381537152628,0.03671016807969403,0.09205955462009144,0.015151437756704505,0.077013995469607,0.029513329168411182,0.018984808242195946,27,42,0.09061916614098023,0.17853621381130397,True,False,False,3.1339999859469666e-05,COMPLETE
1326,0.5044189333915711,2025-04-11 23:50:58.847275,2025-04-11 23:52:50.152871,0 days 00:01:51.305596,0.06842447340657966,0.17294116348243005,2,0.16054690705548133,0.04203946220413571,0.08909480590271475,0.011853386262505877,0.07537302825647431,0.03412995575918187,0.01725924647906104,28,38,0.08605794823085426,0.18287094958462177,True,False,False,2.546235759775063e-05,COMPLETE
1327,0.44426311850547795,2025-04-11 23:52:50.587459,2025-04-11 23:54:45.621567,0 days 00:01:55.034108,0.03239556777494504,0.10721965640819457,2,0.15472522193659166,0.033490451455180176,0.09027146239161554,0.00858882848448543,0.07439329731019093,0.033890711625829066,0.010948898825053321,30,31,0.08792137635431814,0.17088870940085196,True,False,False,2.108463250533427e-05,COMPLETE
1328,0.4681906342506409,2025-04-11 23:54:46.059585,2025-04-11 23:56:25.324223,0 days 00:01:39.264638,0.05238032857905784,0.14041451930623988,2,0.15428447633836723,0.02503066297895896,0.08844698356654426,0.010793755349322698,0.07123087315043791,0.034043258392993624,0.014280521578311169,25,34,0.09320964094654531,0.17904460253899884,True,False,False,1.6467549706217154e-05,COMPLETE
1329,0.48586959838867194,2025-04-11 23:56:25.758042,2025-04-11 23:58:23.296771,0 days 00:01:57.538729,0.0647339443000376,0.16775821777915717,2,0.1584855115917695,0.03853297528444211,0.09171590691089944,0.008340075679020412,0.07342673736293787,0.037563330879653786,0.011698061732104251,30,35,0.09025574874926319,0.1733190225005391,True,False,False,2.4409395428840364e-05,COMPLETE
1330,0.36665333509445197,2025-04-11 23:58:23.728319,2025-04-12 00:00:17.520521,0 days 00:01:53.792202,0.03974202923466291,0.07981294938122438,2,0.1483822877032591,0.20387387780249777,0.0900177118488164,0.010091327356681109,0.07174766252267835,0.03361167287161156,0.01664615566968953,29,37,0.08616481426792318,0.16255645976127375,True,False,False,1.7688315387270174e-05,COMPLETE
1331,0.32317614555358887,2025-04-12 00:00:17.963021,2025-04-12 00:01:57.104030,0 days 00:01:39.141009,0.07418767986353025,0.16281063822569028,2,0.14715349463852986,0.030066520058316053,0.08712303169678823,0.007491264987277088,0.07499785225339729,0.035239218661252125,0.017017376167844957,30,20,0.08855442344751588,0.1800700594848211,True,False,True,2.073378101246627e-05,COMPLETE
1332,0.46165434718132026,2025-04-12 00:01:57.555841,2025-04-12 00:03:46.768315,0 days 00:01:49.212474,0.05281388307981094,0.1287897901417901,2,0.1605161275720388,0.03920587075757476,0.09080664855858428,0.010647015511873763,0.07524675713599814,0.03837476416428498,0.012771306396532197,28,29,0.08581231116373378,0.18382960293335168,True,False,False,1.2769037798861235e-05,COMPLETE
1333,0.39687944650650026,2025-04-12 00:03:47.205595,2025-04-12 00:05:33.750175,0 days 00:01:46.544580,0.07553439363444373,0.14900192937505713,2,0.16334357447821107,0.04216454354082636,0.08843452360350193,0.01201781666804289,0.07648252398377174,0.03471155060980474,0.014649144630128038,27,39,0.09139996307632912,0.16810018155094839,True,False,False,2.6247721924556605e-05,COMPLETE
1334,0.4740163326263428,2025-04-12 00:05:34.189421,2025-04-12 00:07:28.174822,0 days 00:01:53.985401,0.08325198995413402,0.17964157258957933,2,0.15668178150912482,0.03653686680477431,0.087337151279272,0.04931369414170841,0.07700948499362868,0.030725579494851225,0.016123599404028938,29,34,0.08881681881813466,0.17424959679965515,True,False,False,1.5460847944233046e-05,COMPLETE
1335,0.4474684357643128,2025-04-12 00:07:28.611483,2025-04-12 00:09:14.773854,0 days 00:01:46.162371,0.7521016024971705,0.29967513751430375,2,0.15121890943077734,0.016834702921010164,0.09202188650038891,0.007437124384587382,0.07594108491412138,0.0379032184105214,0.014035043792640096,27,37,0.09453763113194118,0.15697316532080513,True,False,False,1.9761297825448012e-05,COMPLETE
1336,0.4706871628761292,2025-04-12 00:09:15.212303,2025-04-12 00:10:57.366808,0 days 00:01:42.154505,0.054698448866505635,0.20203611707385144,2,0.1641232545956138,0.044135620168770415,0.09239438825939812,0.012014781809413741,0.07359805831861924,0.03394399141723563,0.01845124679653125,26,31,0.08498702538844825,0.24611862860864697,True,False,False,2.505927716355052e-05,COMPLETE
1337,0.46248741149902345,2025-04-12 00:10:57.805020,2025-04-12 00:12:45.018531,0 days 00:01:47.213511,0.029735692413488314,0.1763284565627078,2,0.1631456647750515,0.031257350423542996,0.08656726577661383,0.00967885894857546,0.07324591731313432,0.03555302381332764,0.019189680956699276,27,51,0.08762027034337154,0.2263826649983342,True,False,False,1.1638542671594267e-05,COMPLETE
1338,0.38900129199028016,2025-04-12 00:12:45.463620,2025-04-12 00:14:29.633185,0 days 00:01:44.169565,0.08579893590811512,0.675372517036622,2,0.16791857450962774,0.042786956095558784,0.08819716031744332,0.013171592593312707,0.0725247145774363,0.03884443030862562,0.019125038787989008,26,40,0.007426655605822105,0.14951114297919102,True,False,False,1.4884051650333245e-05,COMPLETE
1339,0.09307204186916351,2025-04-12 00:14:30.089676,2025-04-12 00:15:58.359802,0 days 00:01:28.270126,0.10398196156254386,0.12050878686398359,2,0.15639556789718623,0.03427538473534382,0.08638797222207477,0.02151091915113544,0.07701937088996742,0.03241359818088783,0.012739361938514441,26,44,0.09014398403938305,0.18426647720819384,True,True,False,6.5197345201388e-06,COMPLETE
1340,0.5004284501075745,2025-04-12 00:15:58.801494,2025-04-12 00:17:46.797010,0 days 00:01:47.995516,0.06410943857006686,0.15633321644906048,2,0.1466675694133271,0.04428169291271373,0.09081582128819611,0.009839233451738465,0.07476654497744861,0.04156146405566252,0.01726774244367065,27,37,0.08408475304324557,0.17117734521039582,True,False,False,2.8745874524848886e-05,COMPLETE
1341,0.4701942384243012,2025-04-12 00:17:47.238899,2025-04-12 00:19:33.181801,0 days 00:01:45.942902,0.02673676917310143,0.14405976089928285,2,0.1368881874009234,0.023177962132185384,0.09280947784448314,0.006888793713868768,0.07210899924823144,0.03761683792043076,0.012247435564592488,27,34,0.08042019992184415,0.17744946996864547,True,False,False,2.6051377693618817e-05,COMPLETE
1342,0.36129823923110965,2025-04-12 00:19:33.618927,2025-04-12 00:21:23.175347,0 days 00:01:49.556420,0.05186799964969686,0.10065426338017103,2,0.1424574448580731,0.17885098731162352,0.08939816115635936,0.00907510161854612,0.07498796688917257,0.0401297038857451,0.014385055577023378,28,32,0.0833442020797191,0.27407177633413676,False,False,False,2.1753409290546628e-05,COMPLETE
1343,0.4526790082454682,2025-04-12 00:21:23.614382,2025-04-12 00:23:13.533776,0 days 00:01:49.919394,0.0404902553754123,0.1378803667375406,2,0.1349869825377008,0.037932867627744817,0.09062451070551183,0.009373505812713453,0.07436724588991356,0.037777424176040394,0.011526873889555613,28,26,0.08069626865014291,0.18225276212284397,True,False,False,2.8441431695539526e-05,COMPLETE
1344,0.4551805078983307,2025-04-12 00:23:13.970781,2025-04-12 00:25:06.249253,0 days 00:01:52.278472,0.06579876595890277,0.15609805317876466,2,0.1458122500491642,0.031329812495925875,0.09334143838875661,0.007719923985067293,0.07692785824279987,0.03076531486965571,0.017070995337596574,29,30,0.0775436289225198,0.21885991560673543,True,False,False,1.7307129048096016e-05,COMPLETE
1345,0.09307204186916351,2025-04-12 00:25:06.688079,2025-04-12 00:26:55.274712,0 days 00:01:48.586633,0.03572428434704523,0.11870392603360866,2,0.14437047891863386,0.00024487081432315004,0.08983606189640035,0.010456368417486615,0.0713357711414457,0.03880187348560018,0.013918583063086637,28,36,0.08291080069359406,0.1749704172470719,True,False,False,2.240028581229077e-05,COMPLETE
1346,0.5041274070739746,2025-04-12 00:26:55.713160,2025-04-12 00:28:41.739465,0 days 00:01:46.026305,0.011273619002482846,0.1535108699528589,2,0.1293052736889489,0.03970772079629904,0.09079992345667466,0.00588796066609865,0.07282216502110339,0.03498572757898779,0.015865314169489823,27,33,0.08403893317457052,0.16467835764205568,True,False,False,3.0378598325797137e-05,COMPLETE
1347,0.45652810931205756,2025-04-12 00:28:42.196428,2025-04-12 00:30:28.030349,0 days 00:01:45.833921,0.030333998759976118,0.08532076198252352,2,0.14927910551514795,0.028372010342901113,0.09239756025242386,0.006583571228503033,0.06877034534995935,0.04162897054202772,0.010917671947703649,27,29,0.08422206983902653,0.16015646100697759,True,False,False,3.055577479398758e-05,COMPLETE
1348,0.31246517896652226,2025-04-12 00:30:28.473531,2025-04-12 00:32:18.117597,0 days 00:01:49.644066,0.014178647455258403,0.11525347263480566,2,0.1429547806443047,0.03241274050683803,0.09346192840965997,0.00290802317843908,0.07111075106276923,0.03601274031413944,0.014516273918940512,28,31,0.0859002962527372,0.003336262402425433,True,False,False,3.344126629323262e-05,COMPLETE
1349,0.41325349211692813,2025-04-12 00:32:18.561087,2025-04-12 00:34:04.959479,0 days 00:01:46.398392,0.02013902658492478,0.13971441135890936,2,0.13809378973860356,0.024834446636104218,0.09043354903677524,0.006580366784824619,0.07192192999288938,0.03398408849668291,0.015994570771268868,27,26,0.08453138743132671,0.164888874872141,True,False,False,3.01893265939986e-05,COMPLETE
1350,0.3857915282249451,2025-04-12 00:34:05.398104,2025-04-12 00:35:39.844848,0 days 00:01:34.446744,0.03542632159219892,0.1480200173509793,2,0.13164933225934844,0.03591335516609063,0.09099138991022512,0.0026124249376357767,0.07018284415114244,0.035660090357085276,0.01008036158837489,28,32,0.08418880240380448,0.1546993097958341,True,False,True,3.418438838089896e-05,COMPLETE
1351,0.43544456958770755,2025-04-12 00:35:40.283375,2025-04-12 00:37:27.139962,0 days 00:01:46.856587,0.022471632748500843,0.10074047226632254,2,0.12586873913940969,0.03776184063345081,0.09235840672671054,0.004454682159983928,0.07250780776028623,0.03440878103225056,0.015090242958356188,27,29,0.0528269885597874,0.16361994395706098,True,False,False,2.7594602415732882e-05,COMPLETE
1352,0.4736762046813965,2025-04-12 00:37:27.581081,2025-04-12 00:39:16.248990,0 days 00:01:48.667909,0.014434210040597438,0.12788028608757965,2,0.14137512234859628,0.040161630700151996,0.09363830205455703,0.005814347635243719,0.07149591555713908,0.03171648624144109,0.01032413889325632,28,34,0.08630748602038753,0.16537711214975623,True,False,False,2.936203501432854e-05,COMPLETE
1353,0.39979924559593205,2025-04-12 00:39:16.686622,2025-04-12 00:41:05.980269,0 days 00:01:49.293647,0.012741395061236387,0.1333325591210622,2,0.1307841829981722,0.02813922610202973,0.09050695996274276,0.0041497882777768915,0.07259805537611347,0.03706803824603874,0.012590910663229213,28,28,0.0817311200686028,0.15877851614309452,True,False,False,3.517473611309703e-05,COMPLETE
1354,0.35638270378112796,2025-04-12 00:41:06.440152,2025-04-12 00:42:58.833675,0 days 00:01:52.393523,0.01225724050489339,0.15151430754890666,2,0.14799273225345494,0.22314031367809936,0.09265687803768353,0.0049236150512587985,0.07415861037372089,0.032133484298860863,0.016354805587841314,29,33,0.0849158344845686,0.14940273329625112,True,False,False,2.5049625298225132e-05,COMPLETE
1355,0.46847093701362613,2025-04-12 00:42:59.276579,2025-04-12 00:44:49.136895,0 days 00:01:49.860316,0.02974414830855266,0.164189076535882,2,0.12898635458496416,0.03249034463192344,0.08877675000159257,0.00606228918843397,0.07338508571361459,0.04059878623415489,0.017330574425530015,28,33,0.08285104302470209,0.16666537940150392,True,False,False,3.3273852304130285e-05,COMPLETE
1356,0.4181005656719208,2025-04-12 00:44:49.580937,2025-04-12 00:46:29.078074,0 days 00:01:39.497137,0.03881489899767558,0.12266796512825046,2,0.11846565605820808,0.04056131977487071,0.0908415171096589,0.007502776656356037,0.07037788864102354,0.038527708297650426,0.012657208854318537,25,25,0.08656994157308301,0.1714282321456204,True,False,False,2.527991751506407e-05,COMPLETE
1357,0.3993355333805085,2025-04-12 00:46:29.519621,2025-04-12 00:48:15.741737,0 days 00:01:46.222116,0.011763544469304887,0.16152223838549878,2,0.1354193458793748,0.0422153488586419,0.08881703669454731,0.008072174311199472,0.07238231841269312,0.034421207626672334,0.01771764287561246,27,30,0.06371197117956559,0.1592746318626919,True,False,False,2.2136735995846855e-05,COMPLETE
1358,0.4764353156089783,2025-04-12 00:48:16.180629,2025-04-12 00:50:06.153494,0 days 00:01:49.972865,0.04417962602961863,0.15621630775137849,2,0.12419686708357167,0.030630855957253376,0.09275227898248002,0.008036745517083124,0.07525720521588014,0.03551785677669873,0.016590189933315597,28,35,0.08450595643110846,0.16885449965573,True,False,False,3.210594635697109e-05,COMPLETE
1359,0.3572482764720917,2025-04-12 00:50:06.595855,2025-04-12 00:51:56.234984,0 days 00:01:49.639129,0.04956879147155698,0.17704532991885188,2,0.1415845703197524,0.03588026802227527,0.09499837380185655,0.00579858743557272,0.07466998005899612,0.03681356052518766,0.013963036152853731,27,74,0.08693144448666472,0.15513739584697706,True,False,False,2.4012934899617852e-05,COMPLETE
1360,0.09307204186916351,2025-04-12 00:51:56.698042,2025-04-12 00:53:29.168452,0 days 00:01:32.470410,0.05374868467142812,0.1059027312153539,2,0.1157551063736815,0.022325275444240608,0.08974960431321145,0.008535429233222504,0.07238315969849111,0.04131923470556467,0.018963690436296907,27,32,0.08159726655326047,0.17256314485727983,True,True,False,3.5456012122201776e-05,COMPLETE
1361,0.45468502640724184,2025-04-12 00:53:29.618440,2025-04-12 00:55:16.159510,0 days 00:01:46.541070,0.03910025005107809,0.13740712529290283,2,0.1478542199651898,0.04359304479785979,0.0893557861340475,0.004411111488244855,0.0703263070285252,0.03819274843428006,0.01481239808008501,27,36,0.049451386514374036,0.16335865388793283,True,False,False,2.007412623110368e-05,COMPLETE
1362,0.4775391578674317,2025-04-12 00:55:16.605885,2025-04-12 00:57:07.866163,0 days 00:01:51.260278,0.057775200579626644,0.1665291461436194,2,0.107068551097032,0.034788138849205695,0.09164479673234362,0.009026741556720366,0.07467595465565129,0.034577054621781005,0.012056795007314429,28,34,0.0887762970819801,0.1744250364339531,True,False,False,2.74204861516652e-05,COMPLETE
1363,0.400371915102005,2025-04-12 00:57:08.314106,2025-04-12 00:58:59.382103,0 days 00:01:51.067997,0.03767220317747427,0.9977827356815683,2,0.1302345069774136,0.041184876547913786,0.09192485564675117,0.009955576528421481,0.07339466757566089,0.03245086390658139,0.0203935520098774,29,36,0.09270759284253942,0.1760496946244106,False,False,False,3.897639418087225e-06,COMPLETE
1364,0.4013309895992279,2025-04-12 00:58:59.827682,2025-04-12 01:00:48.343484,0 days 00:01:48.515802,0.06438091215557108,0.14870291139197536,2,0.14005624828085592,0.04449953467232513,0.09452748409737143,0.0012571901349594456,0.07453546091025234,0.033158801129465246,0.018122622797183987,28,28,0.08571321108422245,0.1661324036506047,True,False,False,3.7071468576769655e-05,COMPLETE
