number,value,datetime_start,datetime_complete,duration,params_alpha-eval,params_alpha-train,params_batch-size,params_eps-eval,params_eps-train,params_lambda-actions-eval,params_lambda-actions-train,params_lambda-frames-eval,params_lambda-frames-train,params_learning-rate,params_n-epochs,params_n-frames,params_radius-gw,params_rho,params_std-feats,params_ub-actions,params_ub-frames,params_weight-decay,state
455,0.09307204186916351,2025-04-11 06:16:04.731185,2025-04-11 06:17:03.504339,0 days 00:00:58.773154,0.0809144734645787,0.18461150208554794,2,0.1859857382945469,0.03548263528499632,0.08048571653317829,0.0067454428309563184,0.08187228173324304,0.08970485228592147,0.023755143300934214,15,42,0.04116132471447068,0.17957432680521787,True,True,False,1.861426200597469e-05,COMPLETE
456,0.42227481603622435,2025-04-11 06:17:03.648046,2025-04-11 06:18:22.204766,0 days 00:01:18.556720,0.047419856556331665,0.1507337640333797,2,0.1823891876290479,0.05703404549899265,0.08182223595302479,0.012764794260640883,0.08794090825984363,0.09521811251066563,0.05292412323650221,18,44,0.03150972260601908,0.1376895966843579,True,False,False,2.763753646912742e-05,COMPLETE
457,0.4018367528915406,2025-04-11 06:18:22.361366,2025-04-11 06:19:34.329953,0 days 00:01:11.968587,0.11762934296329614,0.18255735130636958,2,0.1921744007128273,0.04923218571567579,0.0737550997602671,0.009350677569332812,0.07737267225333297,0.09166607801186545,0.019480156316008954,16,47,0.08703470287197355,0.1887267315805705,False,False,False,3.94101860256645e-05,COMPLETE
458,0.44556362628936774,2025-04-11 06:19:34.474579,2025-04-11 06:20:42.819572,0 days 00:01:08.344993,0.07145595734019654,0.15302380934133789,2,0.18005855756821104,0.05844343517764185,0.07860511501380871,0.004649940430082544,0.08562673082706723,0.08920917846588718,0.025829132607771584,15,50,0.033240377379526564,0.14566065498953085,True,False,False,4.619618045583604e-05,COMPLETE
459,0.47934960126876835,2025-04-11 06:20:42.964103,2025-04-11 06:21:47.866005,0 days 00:01:04.901902,0.01865147596458295,0.15653909088200962,2,0.18656182931399687,0.04119937485917311,0.08394383834249566,0.0024015689844383357,0.07849717727680533,0.09405442609305939,0.0173562353628678,14,42,0.0832286842627547,0.12955323551654047,True,False,False,4.881795715938773e-05,COMPLETE
460,0.4095592737197876,2025-04-11 06:21:48.022624,2025-04-11 06:22:57.610246,0 days 00:01:09.587622,0.13649951298629842,0.24310274129898551,2,0.2066741634983033,0.05591814124247279,0.07218583867467512,0.0059295599587566,0.08323663954587304,0.09960038918583011,0.01990111548247351,15,40,0.02388230241504157,0.18433717638966166,True,False,False,3.4037805066394144e-05,COMPLETE
461,0.4082959115505219,2025-04-11 06:22:57.757772,2025-04-11 06:24:03.329693,0 days 00:01:05.571921,0.11137144514155113,0.11809775595975319,2,0.18335417703506665,0.028959630895119506,0.07664635294467216,0.008558389195724596,0.08480460095031359,0.09730608998278044,0.06121439276194222,14,44,0.043539481864744295,0.19487150307429194,True,False,False,6.019665536907411e-05,COMPLETE
462,0.4664306998252869,2025-04-11 06:24:03.475756,2025-04-11 06:25:18.091853,0 days 00:01:14.616097,0.15479778217539958,0.18994581259642482,2,0.17781302552523226,0.049709429808604426,0.07364955187417074,0.003973679097764078,0.08095602107547165,0.09052904995075578,0.015214025113519691,17,49,0.027652586925596443,0.176563119431601,True,False,False,4.799455789575809e-05,COMPLETE
463,0.4425201177597046,2025-04-11 06:25:18.249529,2025-04-11 06:26:23.227116,0 days 00:01:04.977587,0.2540642376003229,0.14268198854953776,2,0.19550821046661077,0.05967981785543616,0.08512413522050263,0.015481464644125784,0.08115537344571377,0.09523271039812017,0.03206598112462308,14,42,0.03713451827223948,0.14748307288615026,True,False,False,7.038105666221706e-05,COMPLETE
464,0.4214700222015381,2025-04-11 06:26:23.372993,2025-04-11 06:27:35.344720,0 days 00:01:11.971727,0.5226561531243127,0.22240965083787578,2,0.17687706886278912,0.045101628143428885,0.07204473594982334,0.010665495293603005,0.08692083380118369,0.09312996641650582,0.014811210318035152,16,45,0.029161313385498894,0.16891655127499555,True,False,False,2.5750551924246617e-05,COMPLETE
465,0.4524992883205414,2025-04-11 06:27:35.504728,2025-04-11 06:28:43.357430,0 days 00:01:07.852702,0.09132880564620974,0.1710045607477627,2,0.18970063149806204,0.053510951007671066,0.09107102015145044,0.0012272377580051985,0.07793611312815357,0.09187965004438965,0.022858674716718604,15,42,0.0343059891013546,0.13634301822089262,True,False,False,5.702080627078662e-05,COMPLETE
466,0.3838956713676453,2025-04-11 06:28:43.505717,2025-04-11 06:29:50.463882,0 days 00:01:06.958165,0.1273247634147677,0.11352456637895422,2,0.19791618495727226,0.06115884991426168,0.07533417913502198,0.005484655080874649,0.08204957923351583,0.08849732425753157,0.01761333298537584,14,40,0.021767662377668532,0.18216990562347696,True,False,False,6.695541820919817e-05,COMPLETE
467,0.4473692119121552,2025-04-11 06:29:50.611958,2025-04-11 06:31:02.879521,0 days 00:01:12.267563,0.033137416833513456,0.1362987855941022,2,0.1806237518068369,0.05325365659616,0.07823856278369062,0.00794836556302907,0.07786041244731294,0.09653304671227307,0.015582356924992968,16,53,0.08145001174983804,0.14513753577668081,True,False,False,3.9685782398276765e-05,COMPLETE
468,0.3090530097484589,2025-04-11 06:31:03.040045,2025-04-11 06:32:18.351074,0 days 00:01:15.311029,0.17996500853957278,0.15309593315939152,2,0.17448066692414413,0.03863881352317901,0.08961467452122163,0.004210270240301177,0.07897342065898671,0.08966285387926459,0.013991769352206664,17,47,0.017472886987108374,0.17368966356580634,True,False,False,8.195584285909165e-05,COMPLETE
469,0.49751535654067996,2025-04-11 06:32:18.499498,2025-04-11 06:33:26.251537,0 days 00:01:07.752039,0.37428316262570144,0.18087087457941114,2,0.18646727792532475,0.06089024184521374,0.08113947623658994,0.01409828729762427,0.08515090164035093,0.0917258984238044,0.02077015451522184,15,40,0.08564105190686626,0.1895518948872578,True,False,False,3.379317469464883e-05,COMPLETE
470,0.38124296665191654,2025-04-11 06:33:26.400310,2025-04-11 06:34:32.401820,0 days 00:01:06.001510,0.05437684734164286,0.19128964413460875,2,0.20448890645754272,0.045720241678190734,0.08220512592646083,0.012883394309768809,0.08660511704218109,0.09152119330124847,0.026429428014412962,14,40,0.012781147660463808,0.20432284712641735,True,False,False,2.148653143553242e-05,COMPLETE
471,0.3972101330757141,2025-04-11 06:34:32.563709,2025-04-11 06:35:41.402297,0 days 00:01:08.838588,0.3758509947657199,0.2169109003005339,2,0.07678401574473889,0.2872401185099479,0.08265306151769085,0.013694104656357339,0.08844494808372276,0.09383850089972945,0.021429940174092756,15,57,0.084665734781,0.19085860304836721,True,False,False,2.7863870120237097e-05,COMPLETE
472,0.4873071551322937,2025-04-11 06:35:41.552332,2025-04-11 06:36:49.990854,0 days 00:01:08.438522,0.3766200304729563,0.20040326913855167,2,0.193610335379071,0.0578267778231987,0.08145358678856951,0.019503372942242466,0.08938540733703637,0.09291762286950644,0.03725973098178121,15,40,0.07976976752576417,0.20047652675936287,True,False,False,3.4378288807248836e-05,COMPLETE
473,0.37814560532569885,2025-04-11 06:36:50.140701,2025-04-11 06:37:51.192933,0 days 00:01:01.052232,0.0807436505980751,0.21002940354948452,2,0.1940665320558312,0.06274658511077107,0.08092390657608979,0.017537699593155983,0.08846241131738378,0.0919650163744142,0.025769553854817606,15,45,0.0032557917841229064,0.20752753494820914,True,True,False,2.9007332701140884e-05,COMPLETE
474,0.45309380292892454,2025-04-11 06:37:51.353054,2025-04-11 06:38:58.756657,0 days 00:01:07.403603,0.20921139257310567,0.25086755391253046,2,0.0167904108501557,0.05818650966636656,0.0794770451038561,0.019550251975053015,0.09450259157330383,0.09461771853839207,0.050012495730133964,15,41,0.046094848430548056,0.21152473131672778,True,False,False,2.1149310083632078e-05,COMPLETE
475,0.45794329047203064,2025-04-11 06:38:58.907761,2025-04-11 06:40:10.763443,0 days 00:01:11.855682,0.3750270158815877,0.1899623187853821,2,0.19599575771534378,0.05003800705581307,0.0806738289709707,0.016284286809151366,0.08944592908162201,0.0901187948897679,0.03577801615524633,16,48,0.07721968211838098,0.2018564668882401,True,False,False,3.601021591588421e-05,COMPLETE
476,0.4769946455955506,2025-04-11 06:40:10.928254,2025-04-11 06:41:19.903462,0 days 00:01:08.975208,0.28216263168449024,0.23008976417320304,2,0.18938820948887652,0.06446250034026736,0.0858472468242896,0.014176588055254418,0.08505867163510115,0.09290228744021851,0.040355227281472436,15,43,0.07955803852719846,0.19796885179833934,True,False,False,3.2921887673534794e-05,COMPLETE
477,0.43550839424133303,2025-04-11 06:41:20.057056,2025-04-11 06:42:27.570185,0 days 00:01:07.513129,0.09790538229509459,0.2043124294288335,2,0.2046694912275484,0.059431203537648726,0.08152565424837137,0.022422220087373587,0.09940461998538563,0.09608578519247557,0.03298010018433227,15,40,0.08242590998523049,0.197695671170101,False,False,False,1.620683213026169e-05,COMPLETE
478,0.4434562683105469,2025-04-11 06:42:27.721885,2025-04-11 06:43:39.842102,0 days 00:01:12.120217,0.38338685681979096,0.17809534057815618,2,0.18580284521464557,0.15642873253588868,0.0830083273707249,0.01127990025377344,0.09122050556881581,0.08843303013480401,0.029754530086773447,16,45,0.08044733883784123,0.18828550085379156,True,False,False,4.259847313596468e-05,COMPLETE
479,0.4875073909759522,2025-04-11 06:43:40.005386,2025-04-11 06:44:44.984127,0 days 00:01:04.978741,0.015005179135856483,0.18031883070057647,2,0.2006778897074038,0.056334555227130434,0.07814235224328625,0.020009437812572497,0.08358379195889663,0.09176167780998595,0.02072784867456695,14,40,0.08533868056575819,0.19395108989430512,True,False,False,3.3793509850882514e-05,COMPLETE
480,0.41854704022407535,2025-04-11 06:44:45.136161,2025-04-11 06:45:51.173627,0 days 00:01:06.037466,0.02212458679923368,0.20049193683089883,2,0.2105933167582619,0.04374155277374354,0.07785173392275414,0.02031259484080241,0.0849466473168096,0.09370865371770419,0.038685726339435504,14,40,0.08241010048888961,0.19360235729499867,True,False,False,2.9123876050103742e-05,COMPLETE
481,0.45845923423767093,2025-04-11 06:45:51.325795,2025-04-11 06:47:00.655115,0 days 00:01:09.329320,0.011481283422958316,0.29271144305937447,2,0.20164119510576065,0.05192689791945905,0.07955584260942249,0.021777775994525093,0.09333579405764092,0.0962143589270063,0.022225696803910615,15,51,0.08402286575825912,0.20034621464041116,True,False,False,3.5916090333095116e-05,COMPLETE
482,0.4024452447891236,2025-04-11 06:47:00.819736,2025-04-11 06:48:05.634909,0 days 00:01:04.815173,0.03574713376728504,0.22575942378250113,2,0.1957763124369754,0.055768250251177064,0.07982202251115163,0.018267611301155305,0.08278489780882856,0.09847175970712942,0.02831758769674354,14,44,0.08520103035013264,0.18854846348735124,True,False,False,1.0837340251850927e-08,COMPLETE
483,0.45057263970375067,2025-04-11 06:48:05.788989,2025-04-11 06:48:29.329619,0 days 00:00:23.540630,0.05529808540051989,0.18363667442874992,16,0.20027192088611964,0.03533385642407885,0.07712575216497485,0.016803317323768757,0.08710260134594673,0.09240014268686854,0.020577948220407427,14,41,0.07816994973570404,0.21200426065025535,True,False,False,2.0379233254391645e-05,COMPLETE
484,0.49255583286285404,2025-04-11 06:48:29.496183,2025-04-11 06:49:38.051849,0 days 00:01:08.555666,0.034272076099017404,0.20782258715779217,2,0.1907410404104913,0.04712162056106383,0.08496974600782932,0.013923951712804944,0.08361658927351992,0.09452941614668624,0.035935454506319235,15,39,0.08274607594965307,0.19737890050244683,True,False,False,2.729857654019957e-05,COMPLETE
485,0.4735427737236023,2025-04-11 06:49:38.210189,2025-04-11 06:50:46.526381,0 days 00:01:08.316192,0.01156538520189135,0.21953081547033249,2,0.19044488155984005,0.024904731293842096,0.08425301712442486,0.013231068322139578,0.08332672638215964,0.09410217907268939,0.044450623301134105,15,46,0.0797755106417854,0.1973862889941366,True,False,False,2.4256469568442133e-05,COMPLETE
486,0.4752362251281739,2025-04-11 06:50:46.679258,2025-04-11 06:51:57.619480,0 days 00:01:10.940222,0.04032895040030933,0.23232784053193173,2,0.19511219434862456,0.03891720931226231,0.08457912900031556,0.014851563308751637,0.08524522709953544,0.09782043525658786,0.03843969029251408,16,43,0.08221972113422682,0.20591791060753717,True,False,False,2.702067662998382e-05,COMPLETE
487,0.44871630072593693,2025-04-11 06:51:57.786558,2025-04-11 06:53:08.632248,0 days 00:01:10.845690,0.02685887569105926,0.24155139811049808,2,0.18822529356436582,0.0451746574269555,0.08205069960219319,0.016721791085893962,0.08073266443309583,0.09121307322025711,0.03210943736406273,16,39,0.03570751632213845,0.19209124509621045,True,False,False,1.921756688746691e-05,COMPLETE
488,0.4755851626396179,2025-04-11 06:53:08.788140,2025-04-11 06:54:16.641169,0 days 00:01:07.853029,0.06042851009318819,0.20674429248710724,2,0.2102738139296185,0.05018953119923681,0.07789587527580161,0.01989404343205558,0.09000528220715401,0.09571561304286422,0.06141428449131972,15,49,0.0814656761310754,0.2035036871048861,True,False,False,3.067325862257893e-05,COMPLETE
489,0.34516807794570925,2025-04-11 06:54:16.798571,2025-04-11 06:55:25.829529,0 days 00:01:09.030958,0.05138210982260614,0.27332035380673614,2,0.20223196239034863,0.03332840259988725,0.08730522864954646,0.010916850119816477,0.08635554193306777,0.09359106322869425,0.03551057115190364,15,42,0.01938920463529603,0.19633164770891126,True,False,False,1.4192830557374892e-05,COMPLETE
490,0.44084631204605107,2025-04-11 06:55:25.997652,2025-04-11 06:56:33.882455,0 days 00:01:07.884803,0.018927015414965186,0.6651969705615097,2,0.18198594830061718,0.04677827643386803,0.08934289377733572,0.01888383402095732,0.09216469463500927,0.09127406771055879,0.026079432374855424,15,39,0.08441070878377362,0.1860170880901411,True,False,False,3.8692323258392176e-05,COMPLETE
491,0.48110882043838504,2025-04-11 06:56:34.039240,2025-04-11 06:57:39.903775,0 days 00:01:05.864535,0.010332883427525752,0.20431681783357192,2,0.1914061541555711,0.0572182905314063,0.0856692328858934,0.013275598992979056,0.08273154527913082,0.09562258644320179,0.026535815448019882,14,46,0.08377710492320123,0.18310061979159056,True,False,False,2.353972554411407e-05,COMPLETE
492,0.09307204186916351,2025-04-11 06:57:40.071984,2025-04-11 06:58:50.826005,0 days 00:01:10.754021,0.07477525058173955,0.9256650312584089,2,0.18604670448702834,0.008953992152798157,0.08008919234842898,0.009804500971485726,0.08105530464561495,0.08970944252831708,0.05082466097052385,16,39,0.05313968206333761,0.1934793217011091,True,False,False,3.236014719803391e-05,COMPLETE
493,0.09307204186916351,2025-04-11 06:58:50.983031,2025-04-11 06:59:49.147315,0 days 00:00:58.164284,0.04749124107636435,0.8156111498787155,2,0.19730546559669587,0.04274155548405698,0.08364573740005876,0.014735711939840825,0.08381916994541626,0.0923453866887398,0.021985627859070503,15,42,0.08040024830417021,0.19019698898564671,True,True,False,3.845913218452928e-05,COMPLETE
494,0.5001023054122925,2025-04-11 06:59:49.304667,2025-04-11 07:01:04.568776,0 days 00:01:15.264109,0.06729136298762564,0.1722464009036361,2,0.18258476035747595,0.06003516433416169,0.07547110126885663,0.0122474753858242,0.07980809004397385,0.09716825586050284,0.032552010050173046,17,43,0.08509455800466455,0.18002491844356194,True,False,False,2.4285043505632052e-05,COMPLETE
495,0.4885057091712952,2025-04-11 07:01:04.739937,2025-04-11 07:02:20.110876,0 days 00:01:15.370939,0.06536832360603934,0.2491798098162683,2,0.18383381204692886,0.06694347293011134,0.0759051203462398,0.015613908717563851,0.07900535294441163,0.09851574828560618,0.03544145403473658,17,45,0.08246948024683412,0.20285461364193091,True,False,False,2.303588172684586e-05,COMPLETE
496,0.47305512428283697,2025-04-11 07:02:20.268596,2025-04-11 07:03:38.416371,0 days 00:01:18.147775,0.07620563468488774,0.24460448878666738,2,0.1820455504676848,0.07003301177295643,0.07535110952188631,0.01619483076277336,0.07709086354732789,0.09668619939154595,0.03946977296289605,18,44,0.07816866865308013,0.21266018684319496,True,False,False,1.6519542351465505e-05,COMPLETE
497,0.47853456735610966,2025-04-11 07:03:38.573270,2025-04-11 07:04:53.523450,0 days 00:01:14.950180,0.03547231569880464,0.25827441874824425,2,0.18471648240995922,0.06781049193921142,0.0753929144435336,0.0175020150552034,0.07921564355865046,0.09799071868159132,0.05048409725044929,17,43,0.08088023860458571,0.19709805420310203,True,False,False,1.2558948685182577e-05,COMPLETE
498,0.39415825009346006,2025-04-11 07:04:53.690990,2025-04-11 07:06:07.664101,0 days 00:01:13.973111,0.056478140963003645,0.189699163941859,2,0.17909844366408975,0.06365470815281862,0.07606223680152033,0.012734793908113306,0.07895994734321762,0.09809186785834656,0.03549223404073653,17,39,0.07563535561649994,0.19509248322998532,False,False,False,1.59307455132272e-05,COMPLETE
499,0.4441068232059479,2025-04-11 07:06:07.822560,2025-04-11 07:07:25.346601,0 days 00:01:17.524041,0.06816100153461152,0.17590628860851457,2,0.19245183540991698,0.06152009268895329,0.07326914360296087,0.01883914129224512,0.08078914090401468,0.09797326416270075,0.03506386518146657,18,46,0.08250297922304542,0.20777726482246942,True,False,False,1.852870432173237e-05,COMPLETE
500,0.41012110710144045,2025-04-11 07:07:25.517289,2025-04-11 07:08:37.486409,0 days 00:01:11.969120,0.1058094350527383,0.09179440561508645,2,0.1864694343448092,0.06693893330767499,0.08114690842963358,0.014739399419625574,0.07633868711576562,0.09967223832088559,0.043729126175468674,16,42,0.02321451469565572,0.2073441872315797,True,False,False,2.298375696943244e-05,COMPLETE
501,0.4802218437194824,2025-04-11 07:08:37.645479,2025-04-11 07:09:49.336546,0 days 00:01:11.691067,0.08842507422972253,0.22665447590121707,2,0.20624077849937195,0.05748199336123885,0.07709921575591154,0.02219680228449055,0.08190013147094637,0.09935034726435767,0.028807824542299357,16,40,0.07949095292202804,0.2010673908217079,True,False,False,2.177570248802532e-05,COMPLETE
502,0.49169114828109745,2025-04-11 07:09:49.496284,2025-04-11 07:10:55.209553,0 days 00:01:05.713269,0.04114808561780572,0.19189821921210815,2,0.18117344230178584,0.07263104263492147,0.0736939685265553,0.01638939260945856,0.08745828809372655,0.09357412882216401,0.03283617645173244,14,45,0.08277538060342074,0.21808375288995693,True,False,False,2.5889507066277156e-05,COMPLETE
503,0.3049478232860565,2025-04-11 07:10:55.380021,2025-04-11 07:12:02.488927,0 days 00:01:07.108906,0.03395317080625256,0.20797928951096428,2,0.18106698426544676,0.061021219000633245,0.07523944947617475,0.015655441640038563,0.08809709204064575,0.09458945904699313,0.035303079050513074,14,97,0.08193251246661462,0.21477324913070392,True,False,False,2.5829421547715442e-05,COMPLETE
504,0.46434324979782104,2025-04-11 07:12:02.649422,2025-04-11 07:13:11.052146,0 days 00:01:08.402724,0.06373701032806041,0.19143503136876,2,0.19705177417511488,0.06799209003090051,0.07897435037070272,0.020174190869737638,0.08620575426641007,0.09703610923283676,0.06523983344893702,15,50,0.08314482616289262,0.2150971156065926,True,False,False,2.31693937892016e-05,COMPLETE
505,0.47261059284210205,2025-04-11 07:13:11.225080,2025-04-11 07:14:19.636488,0 days 00:01:08.411408,0.1019254886183888,0.17501903809254749,2,0.18585095988486075,0.057405944294728325,0.07416241341957053,0.016640844706369333,0.090634056178037,0.09367768453458197,0.04615540497515828,15,46,0.08154058553940033,0.2287280493907351,True,False,False,2.738345692534894e-05,COMPLETE
506,0.4782454609870911,2025-04-11 07:14:19.797479,2025-04-11 07:15:25.204519,0 days 00:01:05.407040,0.0805390808098231,0.21302452574685726,2,0.18011650700145673,0.0729585258478683,0.07748378954023546,0.018801050049952892,0.08524361617620498,0.09158142882603709,0.030880399251703734,14,44,0.07919691310066504,0.2175992254559662,True,False,False,8.624795481255764e-06,COMPLETE
507,0.4774051070213318,2025-04-11 07:15:25.366485,2025-04-11 07:16:36.749365,0 days 00:01:11.382880,0.1494221793654465,0.19071444690532616,2,0.19111032254427654,0.06263888636059303,0.08234551941675336,0.02382287295406648,0.08918831978700323,0.09548494889438344,0.03059287306183033,16,47,0.08316631103681434,0.20189082778104636,True,False,False,1.7965041499273763e-05,COMPLETE
508,0.5090031266212464,2025-04-11 07:16:36.924589,2025-04-11 07:17:42.578494,0 days 00:01:05.653905,0.12567074845552656,0.23265062112855817,2,0.17813603720943794,0.05575192994423015,0.07351287176477249,0.021495644497524197,0.08691921559814098,0.0901540525948169,0.03725282017233431,14,43,0.08535860086032909,0.2184029408480227,True,False,False,1.1037556713764797e-05,COMPLETE
509,0.4213671922683716,2025-04-11 07:17:42.739010,2025-04-11 07:18:06.422032,0 days 00:00:23.683022,0.1365104928660366,0.26488975135982185,16,0.17723966437607294,0.0531676497149281,0.07260140767720795,0.021921497790302183,0.08683109737755636,0.08909019079408652,0.04368861988213686,14,53,0.08419656114584285,0.21356928415114712,True,False,False,1.9653137481718656e-05,COMPLETE
510,0.43177452087402346,2025-04-11 07:18:06.596258,2025-04-11 07:19:13.125502,0 days 00:01:06.529244,0.12481629879287352,0.22420288552204157,2,0.2016752273131676,0.1725837708567643,0.07427690415018187,0.01810266123510305,0.0879733556930765,0.08974862991557517,0.03673530009900886,14,48,0.08504840613091508,0.2090827018096143,True,False,False,1.1362105900299874e-05,COMPLETE
511,0.4499148309230805,2025-04-11 07:19:13.287555,2025-04-11 07:20:28.197181,0 days 00:01:14.909626,0.10948508682822883,0.19767426424909879,2,0.18744691709971173,0.06624549318698027,0.07182951670956467,0.020944881156844366,0.08959639049012945,0.0940362791152803,0.04855887100745734,17,45,0.08120963810260412,0.21614442110380694,True,False,False,2.956530394816203e-05,COMPLETE
