number,value,datetime_start,datetime_complete,duration,params_alpha-eval,params_alpha-train,params_batch-size,params_eps-eval,params_eps-train,params_lambda-actions-eval,params_lambda-actions-train,params_lambda-frames-eval,params_lambda-frames-train,params_learning-rate,params_n-epochs,params_n-frames,params_radius-gw,params_rho,params_std-feats,params_ub-actions,params_ub-frames,params_weight-decay,state
1587,0.4405653476715088,2025-04-18 19:05:01.079181,2025-04-18 19:05:30.746046,0 days 00:00:29.666865,0.026976422837261062,0.13940459957497406,8,0.16557733935588317,0.09493051491241497,0.06393388069297372,0.024071534493629594,0.006069807118706873,0.06909447330986769,0.010722472785901192,18,49,0.024302438965437455,0.1575687818556815,True,False,True,0.0003875721325145328,COMPLETE
1588,0.4052338898181916,2025-04-18 19:05:31.249205,2025-04-18 19:06:00.256279,0 days 00:00:29.007074,0.04649284087300056,0.16451915583304377,8,0.17927018907293393,0.05027380056681137,0.06554530194236481,0.02260554389252158,0.00627298696140345,0.07074137052832216,0.013128633566371917,18,45,0.026233945250631663,0.15950617266881348,True,False,True,0.000472661619895848,COMPLETE
1589,0.418573671579361,2025-04-18 19:06:00.761498,2025-04-18 19:06:30.161114,0 days 00:00:29.399616,0.028610077914618393,0.19107836407932283,8,0.18460509838441458,0.08348046279031024,0.0664031592648493,0.025253024976234405,0.00417496773051431,0.06714072847482162,0.017354444300772796,18,43,0.0282313220942281,0.15422620591767977,True,False,True,0.0002500115269047284,COMPLETE
1590,0.48187348842620853,2025-04-18 19:06:30.686336,2025-04-18 19:06:59.233469,0 days 00:00:28.547133,0.05476236591508049,0.1415489805178074,8,0.16853982350799385,0.09049054513140213,0.06441611329103283,0.019786413359647825,0.007223700857342414,0.06898087607438443,0.006835772879469822,17,42,0.02746754015510454,0.151576327900214,True,False,True,0.00023162549106384782,COMPLETE
1591,0.47558753490448,2025-04-18 19:06:59.741092,2025-04-18 19:07:28.739031,0 days 00:00:28.997939,0.011588904612173961,0.16795016926682835,8,0.16085494669489686,0.09907940873870817,0.06769229757713083,0.02545787461260694,0.029378244949533186,0.07076771933515734,0.015153323104794758,18,45,0.028702447355448284,0.16184422328391912,True,False,True,0.00039957463565950006,COMPLETE
1592,0.371857088804245,2025-04-18 19:07:29.276438,2025-04-18 19:07:58.280040,0 days 00:00:29.003602,0.053213249388812986,0.18825069135032074,8,0.1764484755484518,0.08726995556790164,0.06564406108092968,0.022362597888469792,0.005211068013240675,0.06632915016278985,0.012111192807132248,17,54,0.02972651302198194,0.15902874450118615,True,False,True,0.0003303136107777324,COMPLETE
1593,0.35842016339302063,2025-04-18 19:07:58.791165,2025-04-18 19:08:28.128040,0 days 00:00:29.336875,0.02826130751602824,0.1929745876814418,8,0.15931316295017547,0.07934186446617478,0.0639460838074648,0.02518396032813641,0.007161383653532619,0.0719668483140585,0.013793788782935931,18,48,0.025130624994536672,0.14866478947632997,True,False,True,0.00028679098397701205,COMPLETE
1594,0.4783500075340271,2025-04-18 19:08:28.637208,2025-04-18 19:08:56.981886,0 days 00:00:28.344678,0.011137705415652429,0.14874001556967106,8,0.17221913948508352,0.09911596505538627,0.06710968430889877,0.022917772786809343,0.0028915255293065494,0.0643948322004147,0.008909262655657143,17,41,0.027194570703109343,0.15237730903412372,True,False,True,0.00031920691603967623,COMPLETE
1595,0.49105160236358647,2025-04-18 19:08:57.511683,2025-04-18 19:09:27.215027,0 days 00:00:29.703344,0.04715098414646239,0.20500948672944505,8,0.16435050062522402,0.09339230179067955,0.03686127233633596,0.018668218006796033,0.008138272788028738,0.06785013538338214,0.014653916219544877,19,37,0.029084043535929922,0.15483516833396832,True,False,True,0.00019048323835731376,COMPLETE
1596,0.3335468411445618,2025-04-18 19:09:27.723660,2025-04-18 19:10:01.959837,0 days 00:00:34.236177,0.0627401870898233,0.1690663494223055,8,0.16033317564184485,0.07496667890547079,0.06790686216447438,0.02714776288701209,0.004128593881255714,0.07157710767768309,0.010124561083675225,18,130,0.08880391039333532,0.14775261500251932,True,False,True,0.0001949435331045467,COMPLETE
1597,0.5046512961387635,2025-04-18 19:10:02.467938,2025-04-18 19:10:37.570145,0 days 00:00:35.102207,0.04053200493905855,0.1991137890259822,8,0.17029914178174435,0.06293962705626313,0.06384186804457768,0.025573227520920366,0.005866231581551437,0.06915324560157605,0.017005447741209163,21,41,0.03110901946030596,0.1623057330199298,True,False,False,0.00029336133946346267,COMPLETE
1598,0.4863191604614258,2025-04-18 19:10:38.113671,2025-04-18 19:11:14.397924,0 days 00:00:36.284253,0.03212642474432094,0.2064328814641351,8,0.16791122647620796,0.05264067524228369,0.06459182354982125,0.024303933545006588,0.004189896343396126,0.06486316422367003,0.018280916647193002,22,48,0.03205827439198076,0.16381237358476883,True,False,False,0.000393110215026507,COMPLETE
1599,0.41586504578590394,2025-04-18 19:11:14.908562,2025-04-18 19:11:50.083122,0 days 00:00:35.174560,0.028251664466802655,0.1782881350896598,8,0.16563541449776542,0.04535331102210696,0.06261924033927149,0.025848529762831373,0.0027792824863153106,0.06817131292707572,0.014152120429315265,21,47,0.031903184667351744,0.15777814123396813,True,False,False,0.00033734310006600934,COMPLETE
1600,0.32800809741020204,2025-04-18 19:11:50.594963,2025-04-18 19:12:25.435039,0 days 00:00:34.840076,0.011138405048289897,0.13534162689101403,8,0.17926498597363905,0.053540352460948654,0.06234865972255973,0.021006088892141898,0.005515207637783472,0.07306433375243686,0.018492079792504112,22,88,0.030006876241284914,0.16464544371509543,True,False,True,0.000320983078751207,COMPLETE
1601,0.46772246360778813,2025-04-18 19:12:25.964748,2025-04-18 19:13:01.552431,0 days 00:00:35.587683,0.010594470160066236,0.21748979706089516,8,0.1776512476282033,0.05662297058577754,0.06351351386839817,0.024107812396241338,0.002730236645659882,0.0705098901843455,0.018931945004667876,21,50,0.030871613968829894,0.15898816473251898,True,False,False,0.0004231411044331821,COMPLETE
1602,0.47444155216217043,2025-04-18 19:13:02.062242,2025-04-18 19:13:37.160597,0 days 00:00:35.098355,0.06710925045348021,0.15557060789567492,8,0.17623907330924724,0.05108996049991577,0.06226852714389946,0.026090310324701008,0.006145266900883145,0.06627988306731561,0.016895899436656394,21,44,0.030271512514194902,0.16252762578410068,True,False,False,0.0002156584897302067,COMPLETE
1603,0.2678150236606598,2025-04-18 19:13:37.667330,2025-04-18 19:14:12.233505,0 days 00:00:34.566175,0.04773260414179575,0.17692293638683027,8,0.18442599254232678,0.0672283655863091,0.06465069644639139,0.022219099857211252,0.004570999977766041,0.06259027515456592,0.017658844116147997,21,43,0.03151860456811379,0.16376269844528402,False,False,False,0.0005542867352404553,COMPLETE
1604,0.19220985174179078,2025-04-18 19:14:12.764482,2025-04-18 19:14:42.937590,0 days 00:00:30.173108,0.08140590078716553,0.12364956436984989,8,0.17185049257281604,0.06644914023468747,0.06057372866796605,0.023569427858142106,0.0027438983925531903,0.07215927239607586,0.01550629197103223,20,44,0.030941812281770384,0.16171217196788032,True,True,False,0.0007669793460464992,COMPLETE
1605,0.490721070766449,2025-04-18 19:14:43.456620,2025-04-18 19:15:18.869443,0 days 00:00:35.412823,0.03077013211052782,0.21236158456768467,8,0.18511521159794905,0.06025833757898648,0.06361162628063399,0.02609061280793896,0.006176088322577782,0.06974825094213581,0.012305480228686765,21,41,0.03359457302715011,0.15543877830735903,True,False,False,0.00048091665998851676,COMPLETE
1606,0.4752559125423432,2025-04-18 19:15:19.420279,2025-04-18 19:15:57.352965,0 days 00:00:37.932686,0.05810474971973173,0.19263147112332754,8,0.17086919673722023,0.05284032275278295,0.06517377048814622,0.021193621752842087,0.004492906430962551,0.07342926519082903,0.015085327383715324,22,46,0.05738663522685,0.14600555033957835,True,False,False,0.0003349850513051663,COMPLETE
1607,0.5121567606925964,2025-04-18 19:15:57.874002,2025-04-18 19:16:34.838408,0 days 00:00:36.964406,0.08400216007336186,0.15488843497106558,8,0.19105038910603425,0.06375040172871625,0.06145287103127909,0.027121021046032125,0.007105181580610685,0.06838512689476751,0.020423729377157876,21,40,0.03264722876369976,0.1522162525499387,True,False,False,0.00046974228409122775,COMPLETE
1608,0.4639100551605225,2025-04-18 19:16:35.372311,2025-04-18 19:17:13.454693,0 days 00:00:38.082382,0.0849236365752544,0.12688095037629885,8,0.18630460049451678,0.056698615990385,0.059878921972815836,0.02408002835231673,0.005560102414679253,0.06677154422196464,0.016906766261933673,22,45,0.029199808541654736,0.1543306502824669,True,False,False,0.0003355707613691265,COMPLETE
1609,0.47585401535034183,2025-04-18 19:17:14.009007,2025-04-18 19:17:51.239332,0 days 00:00:37.230325,0.6543069246044204,0.14382047510258902,8,0.21108008964521244,0.05729613747861871,0.06013285945420771,0.025714471376184003,0.003641465063508407,0.06478874972466853,0.013475550784938613,21,51,0.0305700819572388,0.163345049943624,True,False,False,0.0003964308581278397,COMPLETE
1610,0.5026575207710267,2025-04-18 19:17:51.777058,2025-04-18 19:18:29.204103,0 days 00:00:37.427045,0.10653508822848876,0.21570306750605922,8,0.15711024622886122,0.05801386431152811,0.06133433063225456,0.023405851939874347,0.0060845376785197,0.06896235931040309,0.015343544688765276,21,42,0.031876289947937286,0.15202751786368926,True,False,False,0.00048531802444933773,COMPLETE
1611,0.4723974466323853,2025-04-18 19:18:29.736836,2025-04-18 19:19:08.531472,0 days 00:00:38.794636,0.10219235241337038,0.22772133085493493,8,0.2213082270816289,0.058358104675872394,0.0608315931099868,0.021282103488208953,0.0030422078534072996,0.06749956722029346,0.013069261249106068,23,47,0.029580143912695974,0.16033378784808916,True,False,False,0.0005958922902512025,COMPLETE
1612,0.45281566381454474,2025-04-18 19:19:09.086816,2025-04-18 19:19:47.044821,0 days 00:00:37.958005,0.10515677462327566,0.2241279624708352,8,0.20281522122482015,0.0585287674941566,0.058865104059235014,0.022726764822404624,0.005638214137419816,0.0681033655021934,0.01560736033995846,22,49,0.03157380709778944,0.15562510226856976,True,False,False,0.0007678032524940332,COMPLETE
1613,0.5006317019462585,2025-04-18 19:19:47.588159,2025-04-18 19:20:24.413937,0 days 00:00:36.825778,0.10576599882544181,0.22258306176055742,8,0.19221146595239919,0.04831080363030174,0.06176493572764207,0.023763638758961175,0.0046964033916520286,0.06547265208894183,0.0111490812652745,21,46,0.029767858845827895,0.15704000774206797,True,False,False,0.0005814293884320033,COMPLETE
1614,0.4773452997207642,2025-04-18 19:20:24.966427,2025-04-18 19:21:01.766638,0 days 00:00:36.800211,0.10175946967601171,0.22798699391316132,8,0.21012013647434155,0.052176192963814476,0.061108266937220414,0.01955300168848365,0.003098856000459781,0.06641841830762155,0.016885770658343773,21,44,0.031802766205005994,0.15532193060504496,True,False,False,0.0005205470051964206,COMPLETE
1615,0.46891820430755615,2025-04-18 19:21:02.306415,2025-04-18 19:21:39.334903,0 days 00:00:37.028488,0.10014941328851304,0.21265846108919378,8,0.15386108663931336,0.0382201860558077,0.05855875212198697,0.022694425554916995,0.005963536269503338,0.06319626497468221,0.013993381732798283,21,43,0.02951206075353502,0.15311801137131034,True,False,False,0.00038727547560623324,COMPLETE
1616,0.3230461657047272,2025-04-18 19:21:39.852423,2025-04-18 19:22:16.296205,0 days 00:00:36.443782,0.0946480034130867,0.12143211866517965,8,0.14994331539343342,0.06120904036384298,0.06034225234546432,0.02147040349561986,0.002408287978389161,0.06832237947820675,0.01807743878993662,22,48,0.028610200959629753,0.16097616203089227,True,False,False,0.0003080344999219773,COMPLETE
1617,0.49574382305145265,2025-04-18 19:22:16.828131,2025-04-18 19:22:52.359993,0 days 00:00:35.531862,0.10713985736840491,0.2347620299254262,8,0.15450503286554018,0.04881546307667194,0.06142970998618916,0.0194732669364374,0.0059630827740654885,0.06881002907837286,0.012342173591284492,21,51,0.03182564711923626,0.15235712001642818,True,False,False,0.000494408493923746,COMPLETE
1618,0.45419887304306034,2025-04-18 19:22:52.880564,2025-04-18 19:23:29.076136,0 days 00:00:36.195572,0.11226909857298287,0.1535410561266633,8,0.19770266286685825,0.04760837764946113,0.06170225572855146,0.02447615750562247,0.004403868497218171,0.06625450219102773,0.015858279622000777,22,42,0.03245943587999373,0.14972459292767304,True,False,False,0.0004513553198485179,COMPLETE
1619,0.48761063814163214,2025-04-18 19:23:29.591291,2025-04-18 19:24:04.692302,0 days 00:00:35.101011,0.08788547282822247,0.2053035605578351,8,0.20439010952555842,0.03645043529574514,0.05964568025794729,0.02465012936285,0.007015101869854939,0.06843890044364927,0.010802244209889456,21,46,0.02899578057132625,0.1638157429996735,True,False,False,0.0002833459491995796,COMPLETE
1620,0.47492393255233767,2025-04-18 19:24:05.224611,2025-04-18 19:24:39.520087,0 days 00:00:34.295476,0.10988113582112921,0.18206287908540397,8,0.20822832407038747,0.05993828105631092,0.06233574760474275,0.021992106330875807,0.004362575135760595,0.06974960363146082,0.019394965263310842,20,41,0.032676824824964194,0.1518212822597081,True,False,False,0.0008016831214893419,COMPLETE
1621,0.4709094643592835,2025-04-18 19:24:40.035285,2025-04-18 19:25:16.267563,0 days 00:00:36.232278,0.0853561387556426,0.2107478423605247,8,0.15041759319540784,0.054938551012482656,0.06249104335074436,0.02323764263050569,0.006321858872548559,0.06427248180903475,0.01502119911936114,22,45,0.03045039460570008,0.16456370608260174,True,False,False,0.0006392555961660546,COMPLETE
1622,0.09307204186916351,2025-04-18 19:25:16.805110,2025-04-18 19:25:47.520665,0 days 00:00:30.715555,0.09520090380696215,0.14000097250819737,8,0.18169685990632367,0.06404025688269863,0.05998379838915845,0.019934602743097943,0.003759951477877297,0.0666430174783943,0.013963013849308935,21,42,0.027591543351878262,0.15798275309311452,True,True,False,0.0002553778502082442,COMPLETE
1623,0.31565504074096684,2025-04-18 19:25:48.042712,2025-04-18 19:26:22.458224,0 days 00:00:34.415512,0.11343860870595786,0.2383527681907831,8,0.1864354830522905,0.05930749898998817,0.057935463718112104,0.017566070079320383,0.007637138160186959,0.06925278916182834,0.012037183513319482,21,43,0.03280776624569598,0.1505703396808678,False,False,False,0.0007097411757500189,COMPLETE
1624,0.4708998858928681,2025-04-18 19:26:22.977239,2025-04-18 19:26:58.577635,0 days 00:00:35.600396,0.08173086488583844,0.17653347082361692,8,0.19128926894310688,0.06049033807051605,0.05803570938405062,0.025253392838627948,0.0010069830034313077,0.06990281741335587,0.015251984387476502,21,52,0.030056120978453886,0.15038316761162718,True,False,False,0.000635248997661919,COMPLETE
1625,0.49243161678314207,2025-04-18 19:26:59.115285,2025-04-18 19:27:33.494690,0 days 00:00:34.379405,0.08275160686784641,0.16269861587900966,8,0.1966071917829044,0.038637355772903746,0.06344830098025708,0.023390256424955663,0.006743469994822263,0.06582475236708317,0.018607091323921625,20,41,0.03175567302694876,0.15797227185566826,True,False,False,0.0005157555919439723,COMPLETE
1626,0.49201604127883913,2025-04-18 19:27:34.014537,2025-04-18 19:28:09.796098,0 days 00:00:35.781561,0.10069934693497683,0.12081937880493117,8,0.19173592823955463,0.0547738907309207,0.061258922693894935,0.025466318456729555,0.004944064453425136,0.0673370941366596,0.019509170015908257,22,40,0.03317506616167694,0.16068805489586055,True,False,False,0.00047624660113331407,COMPLETE
1627,0.4774711132049561,2025-04-18 19:28:10.314740,2025-04-18 19:28:44.909434,0 days 00:00:34.594694,0.11503654847014519,0.21339643970155053,8,0.22469339174418004,0.06708622185949074,0.0627282395962064,0.020998579605401742,0.002811994172841652,0.06882528408078267,0.010517423647853734,20,47,0.028432912967759065,0.14864219220914723,True,False,False,0.0004970946393549622,COMPLETE
1628,0.462215656042099,2025-04-18 19:28:45.446830,2025-04-18 19:29:21.322418,0 days 00:00:35.875588,0.08596529320447145,0.19401801756529388,8,0.20068482563058196,0.05452414741662366,0.0630916769108083,0.02574589155463761,0.007053443344527186,0.07112500410638961,0.0161613774170307,22,43,0.07657734810964896,0.1466839143540274,True,False,False,0.0006316274708969157,COMPLETE
1629,0.4552779257297516,2025-04-18 19:29:21.837825,2025-04-18 19:29:56.906188,0 days 00:00:35.068363,0.07312308825767248,0.23548985555734156,8,0.17046934995552526,0.056725607339358206,0.05869646463522358,0.02342528317448584,0.005070678209583405,0.0633714927752954,0.020357586087913434,21,40,0.03115815306984714,0.15427429766783318,True,False,False,0.0004372526602370929,COMPLETE
1630,0.4947599053382874,2025-04-18 19:29:57.448678,2025-04-18 19:30:33.037281,0 days 00:00:35.588603,0.11046764115218764,0.19509833090511908,8,0.2170453883506244,0.0466010242492784,0.0607470558090072,0.026883223538027308,0.0026738450122800995,0.06812493872482453,0.012163978772937902,21,44,0.03371341209562636,0.16316745589362214,True,False,False,0.0008859617244874939,COMPLETE
1631,0.4849563121795655,2025-04-18 19:30:33.559853,2025-04-18 19:31:09.506206,0 days 00:00:35.946353,0.08223965503594809,0.16315606365035862,8,0.1622339935738516,0.06305588544430635,0.06349207170241856,0.021216431494365143,0.006774547737865578,0.0658051804722812,0.019996164841414497,22,41,0.03047086371806557,0.15078234712426097,True,False,False,0.0003123557698791641,COMPLETE
1632,0.42790628671646125,2025-04-18 19:31:10.025824,2025-04-18 19:31:45.639323,0 days 00:00:35.613499,0.07017070821719561,0.1344225327922276,8,0.15627335394869085,0.05865173113521964,0.0614172839716584,0.024449417928631176,0.007573919667975753,0.07055999831919389,0.015733994568629363,21,47,0.026361694556087185,0.15715123740329107,True,False,False,0.00038958444821206187,COMPLETE
1633,0.4877246975898743,2025-04-18 19:31:46.180864,2025-04-18 19:32:20.358478,0 days 00:00:34.177614,0.578838012975122,0.18257487527332186,8,0.15734219981515837,0.06438921851881288,0.06375327190432495,0.018549394434835872,0.004642045388348501,0.07074550685459319,0.012309367089618049,20,39,0.03311784945155331,0.146228852253137,True,False,False,0.0002790489769879489,COMPLETE
1634,0.47102636694908145,2025-04-18 19:32:20.884684,2025-04-18 19:32:55.642118,0 days 00:00:34.757434,0.11995802158189828,0.20894257910068886,8,0.17404732198582096,0.06630998741162193,0.05921827616629908,0.02649907663322303,0.002853303097450556,0.068043321391325,0.014020468173120235,20,42,0.028274735359888007,0.14469835909003048,True,False,False,0.00019462858290517678,COMPLETE
1635,0.46826669573783875,2025-04-18 19:32:56.161688,2025-04-18 19:33:33.210373,0 days 00:00:37.048685,0.0937411661121125,0.22913537290519842,8,0.1498656124491333,0.042597377020659036,0.06407965327540309,0.02200771585580083,0.0077526832085717725,0.06980732142080108,0.01845388812370978,23,44,0.031106778105933416,0.14983597552185685,True,False,False,0.0004487769405175463,COMPLETE
1636,0.47886103391647344,2025-04-18 19:33:33.748079,2025-04-18 19:34:08.550065,0 days 00:00:34.801986,0.06976224938966724,0.15021427946799135,8,0.1598699692481528,0.05071556469049257,0.06048281462400441,0.026520667490081026,0.005514931409141189,0.06464068376521497,0.020570916022798032,21,39,0.03389310784421799,0.16623576855618258,True,False,False,0.00045180107775724015,COMPLETE
1637,0.48277951478958137,2025-04-18 19:34:09.079931,2025-04-18 19:34:43.039464,0 days 00:00:33.959533,0.06978931577859068,0.11491493107033357,8,0.15022213942794663,0.044854108089420884,0.057335719404086945,0.02346266145041893,0.007476274974977942,0.06285795437987944,0.011727985481146893,20,40,0.028983148281891705,0.15342825344913222,True,False,False,0.0006036527365526786,COMPLETE
1638,0.37586888670921326,2025-04-18 19:34:43.583381,2025-04-18 19:35:18.595758,0 days 00:00:35.012377,0.102183871875053,0.18362013175651984,8,0.1448958093350215,0.06306821735339212,0.06171071952060759,0.025289362265998306,0.002576353479228987,0.06004808907068621,0.01684964264936434,21,45,0.03167460930190433,0.1453108207103534,True,False,False,0.0009417728583767972,COMPLETE
1639,0.47478968501091,2025-04-18 19:35:19.116646,2025-04-18 19:35:54.905457,0 days 00:00:35.788811,0.07767058497638196,0.2050518412497183,8,0.15811784289243272,0.0657686720196611,0.06252622215147215,0.027191872303350788,0.005349714153623537,0.07111033572872633,0.014245242602450449,22,38,0.033739179811103664,0.1595695605452516,True,False,False,0.0003881838722299488,COMPLETE
1640,0.4995350003242493,2025-04-18 19:35:55.423998,2025-04-18 19:36:29.805316,0 days 00:00:34.381318,0.12161433724925466,0.16605705118288494,8,0.16707231521460544,0.0629245669593008,0.06487034954423727,0.01510323328969452,0.007344238475513265,0.0693978219493766,0.014672500371247591,20,42,0.02694166611226481,0.15431864949903815,True,False,False,0.00031893549968765156,COMPLETE
1641,0.18928515613079072,2025-04-18 19:36:30.346365,2025-04-18 19:37:00.722813,0 days 00:00:30.376448,0.09702607927826784,0.13968676977253908,8,0.22902631015474187,0.04308765472293552,0.0646199529437421,0.020271595060874326,0.004322309005820285,0.06692045017628528,0.010424739255338265,21,37,0.030050513577462277,0.1645802814385891,True,True,False,0.00062842374861413,COMPLETE
1642,0.48268795013427734,2025-04-18 19:37:01.247928,2025-04-18 19:37:36.825682,0 days 00:00:35.577754,0.06149120326086759,0.2341175391299109,8,0.1933549621571818,0.05917983418897984,0.05941124792698634,0.02393433498274118,0.0025036698787054773,0.06726007862624854,0.020899765623698555,21,48,0.03244087189882563,0.14439963690288016,True,False,False,0.00038609234180310263,COMPLETE
