number,value,datetime_start,datetime_complete,duration,params_alpha-eval,params_alpha-train,params_batch-size,params_eps-eval,params_eps-train,params_lambda-actions-eval,params_lambda-actions-train,params_lambda-frames-eval,params_lambda-frames-train,params_learning-rate,params_n-epochs,params_n-frames,params_radius-gw,params_rho,params_std-feats,params_ub-actions,params_ub-frames,params_weight-decay,state
1592,0.4188465237617493,2025-04-12 07:15:15.759669,2025-04-12 07:16:55.351554,0 days 00:01:39.591885,0.16121092274723287,0.09424020308591513,2,0.1760827209276197,0.07945283879508926,0.06408833500806001,0.002484879737217508,0.07199704382239556,0.029343459066504422,0.04875805998653226,24,28,0.09705496235523904,0.19146004933658262,True,False,False,3.1248310954871644e-05,COMPLETE
1593,0.4507856965065003,2025-04-12 07:16:55.867988,2025-04-12 07:18:28.857763,0 days 00:01:32.989775,0.12943136034179253,0.08144226604515264,2,0.1274165226894018,0.05984929515450386,0.07217990276829607,0.005394891775686458,0.07353324694374469,0.030783547084809786,0.03549176731631783,23,32,0.09254034057613587,0.19943548536852132,True,False,False,2.329978563560239e-05,COMPLETE
1594,0.41924114823341374,2025-04-12 07:18:29.397204,2025-04-12 07:19:50.180281,0 days 00:01:20.783077,0.10979268646505783,0.06086553483975739,2,0.09158386408671616,0.06519742432685853,0.028363770944634083,0.007969220103302564,0.075427616437912,0.03430554264931157,0.028716055781194155,23,33,0.0934600094063664,0.1938475867281079,True,False,True,4.8504608898481496e-05,COMPLETE
1595,0.48408361673355105,2025-04-12 07:19:50.702528,2025-04-12 07:21:27.828933,0 days 00:01:37.126405,0.13797884389134404,0.13213554343501965,2,0.16750533108481286,0.06619671016422295,0.06780912216096113,0.004960571616652004,0.07461580595630249,0.03270076193089707,0.029662699717078578,24,34,0.09083668817929103,0.20999457637661423,True,False,False,2.596724853676667e-05,COMPLETE
1596,0.44674103856086733,2025-04-12 07:21:28.345075,2025-04-12 07:23:05.752696,0 days 00:01:37.407621,0.10865599253647146,0.1325007460493138,2,0.1578271419242316,0.061506967087667536,0.07172659078511628,0.009865871196854111,0.0714288351393329,0.03492953725675411,0.03906085378731309,24,30,0.09184663568267269,0.19111038867946964,True,False,False,3.5842294584021375e-05,COMPLETE
1597,0.2389532744884491,2025-04-12 07:23:06.296850,2025-04-12 07:24:47.806871,0 days 00:01:41.510021,0.1655949796591787,0.11827688322935039,2,0.17811802222344733,0.0614934825561198,0.06791817847325908,0.00688718461263162,0.07583238560696207,0.08844251963161315,0.05122479674112489,24,141,0.0986817484646317,0.20176232295782826,True,False,False,2.1288798509432333e-05,COMPLETE
1598,0.4597066760063172,2025-04-12 07:24:48.331191,2025-04-12 07:26:22.650927,0 days 00:01:34.319736,0.1458970402702748,0.138129995799125,2,0.18362591721286176,0.05782729534862406,0.06994406557521866,0.008528405555987544,0.06844062928887171,0.08664495574667457,0.0013844272998567756,23,34,0.09083521667772704,0.19538195348286735,True,False,False,4.6669222094027166e-05,COMPLETE
1599,0.4245828211307526,2025-04-12 07:26:23.194325,2025-04-12 07:28:01.608085,0 days 00:01:38.413760,0.11034300182079614,0.12110051668258724,2,0.1696063929479397,0.07418291869763252,0.07405973818895875,0.01077995800739419,0.07574451080639123,0.02777650202697256,0.026665685359928106,24,72,0.09534199814064938,0.1877999748423791,True,False,False,3.015392415293834e-05,COMPLETE
1600,0.5139636635780335,2025-04-12 07:28:02.133311,2025-04-12 07:29:35.618818,0 days 00:01:33.485507,0.13058352178683857,0.10421285187766974,2,0.16141426290367655,0.06870395751612245,0.07348042901878596,0.00435450524695475,0.07386941914151697,0.09214726507027599,0.03397499756875165,23,36,0.09459612982881081,0.18779174457454018,True,False,False,2.3105954361163285e-05,COMPLETE
1601,0.4326513588428498,2025-04-12 07:29:36.140661,2025-04-12 07:31:09.911181,0 days 00:01:33.770520,0.15893648385019005,0.06257146662823052,2,0.15270171036165756,0.0667530785084535,0.070054985886341,0.003735584683809348,0.07245822734135744,0.09005032718183713,0.0001361677960130619,23,31,0.09898538243019135,0.20092592774676915,True,False,False,1.7323088218063266e-05,COMPLETE
1602,0.39836167693138125,2025-04-12 07:31:10.454782,2025-04-12 07:32:41.343978,0 days 00:01:30.889196,0.14129987340811181,0.04590438637536233,2,0.1610921152620174,0.05802041167174498,0.06865235133514669,0.0013924400826770792,0.0689938227079221,0.0919075472239954,0.04423138635130534,22,27,0.09723932591544786,0.19437739809058302,True,False,False,1.3858169784816455e-06,COMPLETE
1603,0.41828131675720215,2025-04-12 07:32:41.872088,2025-04-12 07:34:16.057576,0 days 00:01:34.185488,0.1544785255900033,0.10610666733388882,2,0.1560717863181808,0.053886489555754376,0.07184446468133938,0.003657222630443713,0.07030835133904774,0.09265031032885471,0.03568300505590572,23,34,0.09473355452218464,0.20591781998151001,True,False,False,6.834446992506069e-06,COMPLETE
1604,0.09307204186916351,2025-04-12 07:34:16.583495,2025-04-12 07:35:37.483097,0 days 00:01:20.899602,0.12526571062245956,0.12191891359239615,2,0.14417120732205962,0.06489569296257572,0.07130599843627466,0.003267634835348845,0.07081037407695569,0.09080231642518649,0.04020550884457631,23,30,0.09541208812999691,0.1881720522924594,True,True,False,2.2089346047177832e-05,COMPLETE
1605,0.4013335406780243,2025-04-12 07:35:38.025097,2025-04-12 07:37:12.481271,0 days 00:01:34.456174,0.16394184788028873,0.0663235350611558,2,0.14993398317138387,0.05793340849960678,0.07272094648709534,0.0025154936133777867,0.07264829466927454,0.08911646513094827,0.05002671769233642,23,24,0.09288166542510826,0.19945513979703722,True,False,False,2.9847496031074722e-05,COMPLETE
1606,0.4322824358940125,2025-04-12 07:37:13.002507,2025-04-12 07:38:46.187040,0 days 00:01:33.184533,0.1285174353230513,0.12131851252081258,2,0.16150266407512956,0.11078193768938731,0.06618419505295375,0.0031166510111841775,0.07342860256342937,0.0920878295107791,0.030792800651395825,23,34,0.09746711831500576,0.19258608048971804,True,False,False,9.630279613625904e-06,COMPLETE
1607,0.4718738377094269,2025-04-12 07:38:46.707570,2025-04-12 07:40:21.519335,0 days 00:01:34.811765,0.1402715210792838,0.07810331016237479,2,0.15933173919544813,0.07170729285716401,0.07339114213504117,0.0013665909645392185,0.07058717580114843,0.0895516807700349,0.026126885114029504,23,35,0.09295824920350172,0.18848521369068968,True,False,False,1.553334185411773e-05,COMPLETE
1608,0.09307204186916351,2025-04-12 07:40:22.061162,2025-04-12 07:41:53.950570,0 days 00:01:31.889408,0.12777697741539967,0.8275255925005975,2,0.15456426346672852,0.011964082493948503,0.06830594959890911,0.0020798692835652835,0.07410336555319119,0.09222187754697324,0.042145930902616466,23,32,0.09509445580048584,0.21112738041863424,False,False,False,3.9406307144346295e-05,COMPLETE
1609,0.4857762932777405,2025-04-12 07:41:54.478488,2025-04-12 07:43:31.884106,0 days 00:01:37.405618,0.15410013487367968,0.09950559289756125,2,0.1469977611151591,0.09420336126592575,0.07083788253239982,0.005201004165101711,0.07117224047056589,0.07782109525637418,0.034360576790454705,24,36,0.09608348686939769,0.1823264421252275,True,False,False,2.2317801509721627e-05,COMPLETE
1610,0.4294200360774994,2025-04-12 07:43:32.433353,2025-04-12 07:45:07.624369,0 days 00:01:35.191016,0.12027457317054407,0.08403324227881556,2,0.26239459154145245,0.054288662019744305,0.06973105372487656,0.004649799639765571,0.07330990688001922,0.09098086686208029,0.02680423385223902,23,29,0.09841122638823933,0.2034284813774073,True,False,False,1.2987551628657579e-05,COMPLETE
1611,0.4785789012908936,2025-04-12 07:45:08.152183,2025-04-12 07:46:45.788244,0 days 00:01:37.636061,0.14421848432628162,0.08974002085880955,2,0.16335131307306297,0.05174448363750524,0.07347301643600948,0.005741320533124303,0.0676546988648467,0.08851603743379767,0.024424018477727495,24,36,0.09421307624220046,0.197322868444972,True,False,False,2.602998674127485e-05,COMPLETE
1612,0.43090251088142395,2025-04-12 07:46:46.311408,2025-04-12 07:47:22.519236,0 days 00:00:36.207828,0.16765818921592887,0.0807653613746381,8,0.15549807336719823,0.06241597014680815,0.06603015150121677,0.004371375034727075,0.07407947035229398,0.033552507348139825,0.053414167956667154,23,31,0.09496097446984869,0.18673548199863488,True,False,False,4.901820867980924e-05,COMPLETE
1613,0.46305173635482794,2025-04-12 07:47:23.066136,2025-04-12 07:49:00.168715,0 days 00:01:37.102579,0.11537382055209831,0.06951231238128576,2,0.16620125779500378,0.054331918378498385,0.07263150903392526,0.006260032692004064,0.07484044445881452,0.08737817237713555,0.032411564911881394,24,36,0.09409630478846596,0.19156143935840023,True,False,False,2.7982094859397817e-08,COMPLETE
1614,0.42501791119575505,2025-04-12 07:49:00.697670,2025-04-12 07:50:16.923560,0 days 00:01:16.225890,0.1336211909509438,0.09047880271836807,2,0.16088162415283622,0.04981900941809096,0.0746892751634005,0.0011924899282582785,0.07208166481068728,0.09121397036256752,0.01878027214304357,21,27,0.0946435764745151,0.21269009167294825,True,False,True,1.8860534518707445e-05,COMPLETE
1615,0.466208690404892,2025-04-12 07:50:17.448723,2025-04-12 07:51:48.834974,0 days 00:01:31.386251,0.14499770746702945,0.09589941128894852,2,0.15047992812457756,0.06396999878928035,0.07007002739135341,0.004173092567788312,0.0755491190018892,0.050912932632729065,0.04345578478553836,22,33,0.09274610133865263,0.18464712176878545,True,False,False,3.052120090764985e-05,COMPLETE
1616,0.39038063287734986,2025-04-12 07:51:49.378651,2025-04-12 07:53:22.694496,0 days 00:01:33.315845,0.10760264569196142,0.10047438838589517,2,0.13513700491316344,0.056340648408722355,0.07277129989450294,0.005857524366955112,0.07331883993022208,0.08376978470685549,0.003118792436677097,22,22,0.09612475844461295,0.20207962910043492,True,False,False,3.6404056397960337e-05,COMPLETE
1617,0.4675812005996704,2025-04-12 07:53:23.224438,2025-04-12 07:54:56.794452,0 days 00:01:33.570014,0.1662464243510165,0.11899904924586878,2,0.16486175424384192,0.019859071602189228,0.07437021283920285,0.006874721533052639,0.06929643896762801,0.03202256378373748,0.023885129286162626,23,37,0.09211977147394777,0.19579246644313544,True,False,False,2.4074154840098995e-05,COMPLETE
1618,0.45620944499969485,2025-04-12 07:54:57.345165,2025-04-12 07:56:34.808196,0 days 00:01:37.463031,0.1149689016662975,0.11364160197083789,2,0.1606219272042359,0.04911786375662595,0.07117681513539167,0.0028346758808065545,0.07651966645291292,0.0886992222553978,8.378353820854766e-05,24,33,0.09169360568893639,0.21880531466104627,True,False,False,1.355463458392727e-05,COMPLETE
1619,0.45901579260826114,2025-04-12 07:56:35.338675,2025-04-12 07:58:10.007477,0 days 00:01:34.668802,0.12760416710036468,0.11069741577910283,2,0.1540532443677129,0.05879634960601963,0.07568233405252368,0.00608458993221522,0.07137315741472097,0.085324749325944,0.02987309743573364,23,36,0.09641050556120354,0.18833595907698164,True,False,False,6.123339218661164e-08,COMPLETE
1620,0.4179475247859955,2025-04-12 07:58:10.533861,2025-04-12 07:59:46.802052,0 days 00:01:36.268191,0.10241918909161805,0.07325299399196386,2,0.14528855154199452,0.029455924003219277,0.069190169847864,0.003867398013748664,0.07460649764282842,0.035413225672455216,0.015261803094682315,24,31,0.09978978624744643,0.20789231552954787,True,False,False,1.8277456632974808e-05,COMPLETE
1621,0.35689491033554077,2025-04-12 07:59:47.350449,2025-04-12 08:01:17.670578,0 days 00:01:30.320129,0.1458286059233776,0.10419966843282245,2,0.16945726609259124,0.043322555606033826,0.0721930219933081,0.006943198529094212,0.07595255221950396,0.0029458731302665405,0.038400847314593554,22,17,0.09384783701950597,0.23603849399847607,True,False,False,9.273270350648717e-06,COMPLETE
1622,0.49798972606658937,2025-04-12 08:01:18.196395,2025-04-12 08:02:55.681466,0 days 00:01:37.485071,0.12407066154815348,0.12619324019546654,2,0.15877394114843651,0.06847293895484602,0.06532642603788769,0.008563105568880288,0.028566782009802703,0.09274713044064448,0.019160400319706672,24,37,0.09751503303790285,0.18419998111296806,True,False,False,4.9014847716183385e-05,COMPLETE
1623,0.4217392206192017,2025-04-12 08:02:56.209143,2025-04-12 08:04:30.542502,0 days 00:01:34.333359,0.10001906571948811,0.10349327765634955,2,0.1664195964156162,0.04958586770034874,0.07501300443517528,0.0057260863419768965,0.07376159994945604,0.029838328562016157,0.053807683315188606,23,28,0.09035328834470459,0.22541141868515024,True,False,False,3.6215405798342565e-05,COMPLETE
1624,0.09307204186916351,2025-04-12 08:04:31.094218,2025-04-12 08:05:53.251698,0 days 00:01:22.157480,0.17110300870546027,0.1421429522387215,2,0.139856903497212,0.07592146518429807,0.06815241774071613,0.004666750277231129,0.07686169716762274,0.08651977402973307,0.027526000759556135,24,34,0.09216604515102592,0.19838099255881084,True,True,False,2.584437407306575e-05,COMPLETE
1625,0.4588951230049133,2025-04-12 08:05:53.777489,2025-04-12 08:07:27.700106,0 days 00:01:33.922617,0.13558899704937405,0.13463156563909387,2,0.16244543770244374,0.0357363186697473,0.0760486154886098,0.006039725809383327,0.0573534203651917,0.08955466926482902,0.0001693155309307227,23,38,0.09145947340437312,0.1940490831156379,True,False,False,1.5102130083851064e-05,COMPLETE
1626,0.23141717910766604,2025-04-12 08:07:28.251653,2025-04-12 08:09:07.970150,0 days 00:01:39.718497,0.09940003751976952,0.0330054085876037,2,0.1504603086411926,0.0543455664890015,0.07260236273594327,0.0075905710658950645,0.07227890079436368,0.03296637382938099,0.03542446435582081,25,32,0.09604447715390735,0.1838242781366626,False,False,False,2.0822626161475417e-05,COMPLETE
1627,0.44179148674011237,2025-04-12 08:09:08.504473,2025-04-12 08:10:42.236245,0 days 00:01:33.731772,0.16154792103047153,0.2773716702360261,2,0.16963603331559748,0.043233894923973275,0.04048106327619497,0.003048506106998568,0.07487159756790597,0.03518243668429093,0.011361059406025904,23,35,0.0935347732436261,0.2054476597348684,True,False,False,1.1619956748107826e-05,COMPLETE
1628,0.47577058076858525,2025-04-12 08:10:42.766554,2025-04-12 08:12:14.857224,0 days 00:01:32.090670,0.11655331085579351,0.08322828993741768,2,0.15650246989925695,0.05987769745280912,0.08408522238468276,0.007538250642461703,0.07726708745377558,0.08290588842202694,0.022249630558941202,22,37,0.09072222992719257,0.21317916704384174,True,False,False,2.934044758948984e-05,COMPLETE
1629,0.4504623651504517,2025-04-12 08:12:15.408724,2025-04-12 08:13:52.219756,0 days 00:01:36.811032,0.1474885292176359,0.13180343762391405,2,0.11863434001480731,0.04686394537637962,0.061695425535140444,0.008499889975074112,0.07218586821821421,0.09317024549618098,0.015859689874552146,24,29,0.08986506369880425,0.1896825905077337,True,False,False,1.6594214836498818e-05,COMPLETE
1630,0.4531688451766968,2025-04-12 08:13:52.749425,2025-04-12 08:15:33.907245,0 days 00:01:41.157820,0.09241878239586568,0.14136583093774988,2,0.0808130896384106,0.0524049564941817,0.07726961779224546,0.009344214999698711,0.06991619397063482,0.08695599427530139,0.000288223655938613,25,38,0.0935227528237647,0.1838162084073203,True,False,False,7.543388505080602e-06,COMPLETE
1631,0.4059939384460449,2025-04-12 08:15:34.462834,2025-04-12 08:17:10.857251,0 days 00:01:36.394417,0.1318750993322741,0.1104435106750537,2,0.16592759536379995,0.030785561599287047,0.0816217712615403,0.004468302099395693,0.08962265827440231,0.09052285989394679,0.03352232040788455,24,33,0.08958749491877477,0.21759822410340937,True,False,False,4.04279235377541e-05,COMPLETE
1632,0.41891657114028935,2025-04-12 08:17:11.391251,2025-04-12 08:18:26.565831,0 days 00:01:15.174580,0.11260866688200198,0.14800618727581968,2,0.1730621578678138,0.03992394848755936,0.07165607365970189,0.007218613223772123,0.07645374817952069,0.03598807969944726,0.04528358256292582,21,35,0.0922054490694966,0.19101931216885754,True,False,True,2.1650156502827277e-05,COMPLETE
1633,0.4310741662979126,2025-04-12 08:18:27.097137,2025-04-12 08:19:03.067354,0 days 00:00:35.970217,0.16375945310305734,0.14825401480233025,8,0.04718539516114727,0.06280626135909365,0.07414676349207243,0.009636930439055138,0.07524623737242467,0.05457778799172313,0.024275111821212204,23,25,0.08990689144159372,0.18255821998109775,True,False,False,3.2777761908139927e-05,COMPLETE
1634,0.4219675898551941,2025-04-12 08:19:03.620320,2025-04-12 08:20:43.963717,0 days 00:01:40.343397,0.09962937562794791,0.05770080870755139,2,0.14431342700576388,0.048356804198492094,0.08584654760512449,0.005758830875238856,0.073857229478861,0.08269645981669116,0.017781044258259715,25,38,0.09502320174740662,0.23294429855039206,True,False,False,5.145109266293354e-05,COMPLETE
1635,0.44480468630790715,2025-04-12 08:20:44.495462,2025-04-12 08:22:22.032654,0 days 00:01:37.537192,0.13056129435579844,0.2539843886802949,2,0.15838827134865324,0.08180692387717758,0.07097333528095812,0.008284557911756082,0.06718091243455077,0.005873890473068961,0.013278904340080434,24,31,0.09126252837255969,0.202905993994453,True,False,False,1.998685019098758e-05,COMPLETE
1636,0.4411601901054383,2025-04-12 08:22:22.589240,2025-04-12 08:23:24.022013,0 days 00:01:01.432773,0.14686883358012534,0.5244017691070411,2,0.15128886376373432,0.055611987783926856,0.07722305276230225,0.002780430859021762,0.07666228745077516,0.0570116257790843,0.029780450384524447,13,35,0.08916757960654284,0.22205598546223518,True,False,False,1.5183216487279338e-05,COMPLETE
1637,0.35650653243064884,2025-04-12 08:23:24.565318,2025-04-12 08:24:55.821290,0 days 00:01:31.255972,0.1118885254565736,0.12850334268439303,2,0.16513512465769503,0.02219051167473774,0.07450307548755264,0.009788587935216687,0.08918368648059495,0.033190506679606366,0.020748658663309286,22,38,0.04776888491964549,0.24183318390881914,True,False,False,2.499552392901319e-05,COMPLETE
1638,0.4318084299564362,2025-04-12 08:24:56.360136,2025-04-12 08:26:29.269351,0 days 00:01:32.909215,0.09407212808558357,0.0916033503406139,2,0.1707206792878261,0.03647089349046018,0.08343961170238928,0.011499356850681978,0.08673245332095147,0.08536214402299072,0.04116517118530073,23,28,0.09771131472872263,0.17989191907615035,True,False,False,1.269261919596818e-05,COMPLETE
1639,0.4633999526500702,2025-04-12 08:26:29.827437,2025-04-12 08:28:04.157600,0 days 00:01:34.330163,0.12208101956488879,0.15253046235432735,2,0.17284460433252194,0.042879331993483254,0.08029177719250127,0.007103427802597573,0.07737303500865834,0.0782095744152653,0.0002236489934902191,23,33,0.09342500998716692,0.194437199578991,True,False,False,3.2506856843597346e-05,COMPLETE
1640,0.48185828924179075,2025-04-12 08:28:04.703768,2025-04-12 08:29:44.197531,0 days 00:01:39.493763,0.0904220057969484,0.10728632205351032,2,0.13191838466257497,0.06665036115324001,0.07759163150630806,0.02003607887692924,0.07154049103921911,0.08795659240497318,0.053856779771000333,25,38,0.09102265328699408,0.2278281505631425,True,False,False,1.0339696960131908e-05,COMPLETE
1641,0.42061793208122256,2025-04-12 08:29:44.753864,2025-04-12 08:31:21.425669,0 days 00:01:36.671805,0.17492907417003103,0.7666398276823347,2,0.16031244630030486,0.04993148649388553,0.06893742511619327,0.0050761773951890285,0.08743752803756827,0.03021857719881144,0.026658179347875226,24,30,0.08897589769428856,0.18773112537077472,True,False,False,1.9058514296511983e-05,COMPLETE
1642,0.38009979724884035,2025-04-12 08:31:21.966038,2025-04-12 08:32:59.758922,0 days 00:01:37.792884,0.15111038732279067,0.2590780708628904,2,0.164076188842569,0.028641875054394833,0.0733188374070548,0.022037341943707513,0.07430496111664771,0.08942699488135945,0.03581092489513452,24,39,0.004697001614967444,0.19942115804608912,True,False,False,4.1485859293095826e-05,COMPLETE
1643,0.09307204186916351,2025-04-12 08:33:00.295603,2025-04-12 08:34:20.535470,0 days 00:01:20.239867,0.13661885308122365,0.1355911642036492,2,0.13832584199345482,0.05969222964646738,0.08579149006217128,0.05366971677906298,0.07741481919887193,0.09176194034022335,0.02133063491587569,22,120,0.08834493249456597,0.20899800453255094,True,True,False,2.5210376625324048e-05,COMPLETE
1644,0.49171248674392704,2025-04-12 08:34:21.093028,2025-04-12 08:36:00.577549,0 days 00:01:39.484521,0.10970839780596467,0.1558924370141987,2,0.011518203610172667,0.041210937387795916,0.08195727279007857,0.011911863353757421,0.07308361047951768,0.036265670814596244,0.01829307622254713,25,34,0.09126451017644627,0.17946594805189403,True,False,False,1.635458339990657e-05,COMPLETE
1645,0.47065626382827763,2025-04-12 08:36:01.114321,2025-04-12 08:37:28.776207,0 days 00:01:27.661886,0.0981707995060015,0.23968184610473023,2,0.09833905797734911,0.05467548246805372,0.07563030967731682,0.008244067871656787,0.07560779990320111,0.027300384597230692,0.03082638952334666,21,35,0.09627370770776551,0.18981698186726223,True,False,False,5.006444707518925e-05,COMPLETE
1646,0.4489065885543823,2025-04-12 08:37:29.336028,2025-04-12 08:39:03.300796,0 days 00:01:33.964768,0.12140657711645114,0.29271192502901594,2,0.17293017206705572,0.04691578474649809,0.07878981650629521,0.018869625097090715,0.08964966162658392,0.08488323912283656,0.01388908650018617,23,39,0.09994413931953683,0.21379617055676833,True,False,False,2.8186039298560876e-05,COMPLETE
1647,0.383890038728714,2025-04-12 08:39:03.840203,2025-04-12 08:40:05.755710,0 days 00:01:01.915507,0.08589446556903173,0.1313153402585872,2,0.15456996282768912,0.11977856595565288,0.06972312500142465,0.009723567228970631,0.07803400505148321,0.00408719441264793,0.025055461367671814,13,36,0.05065555971026714,0.17955880298308263,False,False,False,2.017944194613225e-05,COMPLETE
1648,0.4303319811820984,2025-04-12 08:40:06.293498,2025-04-12 08:41:59.514799,0 days 00:01:53.221301,0.17027758350006666,0.15712650412630205,2,0.1466344022885884,0.03432967708699737,0.08397040804606103,0.013587400598963094,0.08620546427941592,0.032589131943756115,0.046159567559901186,29,31,0.09306804212388398,0.1951417561777532,True,False,False,1.1450948373067564e-05,COMPLETE
