number,value,datetime_start,datetime_complete,duration,params_alpha-eval,params_alpha-train,params_batch-size,params_eps-eval,params_eps-train,params_lambda-actions-eval,params_lambda-actions-train,params_lambda-frames-eval,params_lambda-frames-train,params_learning-rate,params_n-epochs,params_n-frames,params_radius-gw,params_rho,params_std-feats,params_ub-actions,params_ub-frames,params_weight-decay,state
1422,0.4937112212181091,2025-04-12 02:36:08.230439,2025-04-12 02:37:51.252501,0 days 00:01:43.022062,0.12996606937089547,0.17331823079294764,2,0.14965552010944722,0.03750494190662165,0.08563273118823535,0.006858561179063932,0.07212913075120318,0.030738599257723268,0.014463791956471933,26,34,0.08135501667439769,0.1525799973798962,True,False,False,1.8413845042426474e-05,COMPLETE
1423,0.39589026570320135,2025-04-12 02:37:51.715965,2025-04-12 02:39:38.157378,0 days 00:01:46.441413,0.0690489826418288,0.14401582262508045,2,0.16231973085336437,0.05317643004175404,0.08263938899138089,0.04695246164778377,0.07418490617147777,0.02629078232894553,0.019805859233094976,26,83,0.08193043597221504,0.1667766006703375,True,False,False,2.805253914113793e-05,COMPLETE
1424,0.49337224960327153,2025-04-12 02:39:38.625143,2025-04-12 02:41:18.202530,0 days 00:01:39.577387,0.09370501109019384,0.10304969737043689,2,0.16666938614638765,0.04519690283951435,0.08781658481296123,0.01225542278081845,0.07709246551570267,0.03968382287196728,0.025542233638119468,25,38,0.08094783328750942,0.1752849449715152,True,False,False,2.429966786370197e-05,COMPLETE
1425,0.24797685146331788,2025-04-12 02:41:18.664247,2025-04-12 02:42:47.485051,0 days 00:01:28.820804,0.13739737275032468,0.1730116664412836,2,0.14355229342837433,0.05466759139790468,0.08589270202324412,0.037234662152135924,0.07666970323757925,0.046932795906962185,0.01614075661337418,26,44,0.08241697031292665,0.14571024734281707,True,False,True,1.5948817089350865e-05,COMPLETE
1426,0.37857421636581423,2025-04-12 02:42:47.967791,2025-04-12 02:44:27.153226,0 days 00:01:39.185435,0.11518050318056253,0.15420526074170082,2,0.15748452688141062,0.03403065373976633,0.08926978086916125,0.009145767908630522,0.06994026672463471,0.0320489985240066,0.018535539960727966,25,24,0.07832233337297624,0.17067121117632836,True,False,False,3.437019602604386e-05,COMPLETE
1427,0.46718470454216005,2025-04-12 02:44:27.621017,2025-04-12 02:46:15.189641,0 days 00:01:47.568624,0.04950259039508734,0.19016798220063263,2,0.1531206192809206,0.04945687939245777,0.082718628477733,0.05078437063592307,0.0736528679281893,0.036805736095990575,0.020918434290871986,27,31,0.08343901098079662,0.16468396689233275,True,False,False,2.0454329800558558e-05,COMPLETE
1428,0.469537764787674,2025-04-12 02:46:15.655540,2025-04-12 02:47:58.549234,0 days 00:01:42.893694,0.08638852026087541,0.11728547098666903,2,0.13823979650005022,0.039949575005023656,0.08463541414438898,0.013019311458804977,0.07573133641528554,0.02960700896047726,0.024965872679495522,26,40,0.08039891510021505,0.1559028264778744,True,False,False,1.357915229794146e-05,COMPLETE
1429,0.49837656021118165,2025-04-12 02:47:59.021836,2025-04-12 02:49:49.241425,0 days 00:01:50.219589,0.1418915509678409,0.22521541293068814,2,0.1677665116930731,0.025349083747417497,0.08695619622596673,0.05446914944401211,0.06854962571179171,0.034422730352999135,0.01312301069305633,28,36,0.08226315117404698,0.17399436948203986,True,False,False,3.8170721591370175e-05,COMPLETE
1430,0.4163135945796967,2025-04-12 02:49:49.707710,2025-04-12 02:51:33.949616,0 days 00:01:44.241906,0.8922812375914426,0.20922639991566613,2,0.16081139615033443,0.12973325530731647,0.08907243873799853,0.04011662210472842,0.07796717870228626,0.03439352019548856,0.024534612220170757,26,43,0.08414392650107849,0.16858175154054486,True,False,False,2.6353114067727804e-05,COMPLETE
1431,0.46088783740997313,2025-04-12 02:51:34.435111,2025-04-12 02:53:14.236493,0 days 00:01:39.801382,0.11817446861981548,0.16657707662232818,2,0.1704672186511759,0.05654139868023979,0.08295046872443242,0.0401393501409116,0.07755546983855349,0.03706279960434594,0.010091181281424244,25,46,0.08258922091433885,0.1639547906363455,True,False,False,1.7496946293734212e-05,COMPLETE
1432,0.41316909790039064,2025-04-12 02:53:14.709136,2025-04-12 02:55:01.521332,0 days 00:01:46.812196,0.07227739645740355,0.8740073084909132,2,0.14822435154405822,0.049341143104994566,0.09099954088081638,0.006991825810994438,0.07183845229343791,0.03162545073734796,0.014735819018172341,27,39,0.07987189872905644,0.17496152018209052,True,False,False,3.122322642409355e-05,COMPLETE
1433,0.47898691892623907,2025-04-12 02:55:01.990064,2025-04-12 02:56:42.261959,0 days 00:01:40.271895,0.10389415206545755,0.13769032111231835,2,0.1675253127877282,0.04481361459848924,0.0817465854861077,0.05774780030800457,0.07955602657980777,0.04175153111890144,0.018820455776620514,25,34,0.08414391103458918,0.15294804473555007,True,False,False,2.182416201680972e-05,COMPLETE
1434,0.11924594640731812,2025-04-12 02:56:42.734721,2025-04-12 02:58:08.237734,0 days 00:01:25.503013,0.9838933330254993,0.18845181962302654,2,0.15606209996947815,0.03765715709594189,0.08515063264364543,0.0349113882241114,0.07567338269206675,0.03829245680478339,0.01615432659029051,25,29,0.0744945747496474,0.17715531696867795,True,True,False,1.1294145247213914e-06,COMPLETE
1435,0.4499133229255677,2025-04-12 02:58:08.701113,2025-04-12 02:59:54.571047,0 days 00:01:45.869934,0.057485161146452156,0.16182036996371865,2,0.16357269452753598,0.015940823410031557,0.08768786740890509,0.0036834082733104953,0.07381342624822146,0.03523209212681109,0.0247611247857723,27,42,0.08151561976761151,0.16969712026247072,True,False,False,3.918018588870425e-05,COMPLETE
1436,0.2770614266395569,2025-04-12 02:59:55.055162,2025-04-12 03:01:39.051176,0 days 00:01:43.996014,0.03924678148566536,0.22731003369263958,2,0.17054580884204848,0.030903887618412285,0.08999501762564417,0.04109835806923122,0.08041134781736671,0.03339191377280851,0.011854091240625768,25,125,0.08497044096597095,0.15973763945626424,True,False,False,1.2507506160886234e-05,COMPLETE
1437,0.4511331677436829,2025-04-12 03:01:39.520936,2025-04-12 03:03:22.459629,0 days 00:01:42.938693,0.09312174399485657,0.20513808371531622,2,0.1357677748152556,0.05576540550260736,0.08171781772492014,0.010158108366222246,0.07785266714192904,0.02744204244639894,0.020719402401728787,26,37,0.08346035229283155,0.1798530504343589,False,False,False,2.6393584878588513e-05,COMPLETE
1438,0.36440605521202085,2025-04-12 03:03:22.929140,2025-04-12 03:05:06.925964,0 days 00:01:43.996824,0.14892203568736712,0.13977639817867565,2,0.16052343852658818,0.26470181827550954,0.08498171154787057,0.01377463458302533,0.07540796409338153,0.03992320517005763,0.01628107517975413,26,49,0.07825456745824959,0.22605217930662555,True,False,False,1.5337280372412318e-05,COMPLETE
1439,0.2794376015663147,2025-04-12 03:05:07.393623,2025-04-12 03:07:01.720914,0 days 00:01:54.327291,0.12360396779017409,0.182110701449749,2,0.12207222306305014,0.045249859560525504,0.08661758339688687,0.03411487299817848,0.06854058615570682,0.030154330370814737,0.025779633658694873,28,132,0.0851281835596419,0.16537640118712504,True,False,False,1.9919799379235027e-05,COMPLETE
1440,0.09307204186916351,2025-04-12 03:07:02.210174,2025-04-12 03:07:38.976848,0 days 00:00:36.766674,0.0827442013387593,0.09254581474431056,8,0.1509293042663135,0.005308122061537723,0.0827452115952099,0.047705694315984835,0.07988347117137068,0.033683691113792255,0.0198883508580746,25,33,0.08243200934474997,0.1759330813598116,True,False,False,3.2533938297400424e-05,COMPLETE
1441,0.39890335798263554,2025-04-12 03:07:39.449137,2025-04-12 03:09:25.929736,0 days 00:01:46.480599,0.1311028564992887,0.1210966029887423,2,0.17006450088947228,0.03895229008901263,0.09144369216750547,0.011418935840452145,0.03187323112978811,0.037856324636444894,0.025628362193134347,27,40,0.07576288987935324,0.14886338415934736,True,False,False,2.39232318612752e-05,COMPLETE
1442,0.48801364898681643,2025-04-12 03:09:26.401402,2025-04-12 03:11:10.501139,0 days 00:01:44.099737,0.03071283876707498,0.15679577105373416,2,0.12980093720383645,0.05093351708078598,0.08872981103814578,0.00507528075268034,0.07166094321391442,0.03618857056183624,0.019829017484119808,26,45,0.08044466628353919,0.17151126900280902,True,False,False,4.018308096100316e-05,COMPLETE
1443,0.4355759084224701,2025-04-12 03:11:10.974314,2025-04-12 03:12:37.825086,0 days 00:01:26.850772,0.10275577123614536,0.2061338918914118,2,0.16317173177981167,0.058495708597271344,0.08497266883166606,0.008048572587101942,0.07744442024113486,0.03141200593242137,0.012918002108900189,25,37,0.08484762212132191,0.1612933993504948,True,False,True,1.7732302739514446e-05,COMPLETE
1444,0.4755948781967163,2025-04-12 03:12:38.296757,2025-04-12 03:14:20.903652,0 days 00:01:42.606895,0.054437861070440824,0.22812039784396146,2,0.17132879908758442,0.046038677323820304,0.08409112846939153,0.015148636726453255,0.08094585193052474,0.04357644604019113,0.016093683477292998,26,41,0.08364621424975234,0.18012526149256688,True,False,False,2.9437650020034566e-05,COMPLETE
1445,0.46279009580612185,2025-04-12 03:14:21.389527,2025-04-12 03:16:02.145167,0 days 00:01:40.755640,0.07126813537945798,0.17819568711768133,2,0.14458024708987816,0.03313670575298046,0.09050029417343029,0.038316409797106675,0.0734846212721444,0.028558882010343994,0.025765666906830787,25,27,0.0857925936262735,0.23094920951926068,True,False,False,1.281807447035094e-05,COMPLETE
1446,0.3863025784492493,2025-04-12 03:16:02.617160,2025-04-12 03:17:49.977814,0 days 00:01:47.360654,0.10867045557529165,0.18955051398721257,2,0.05024485005455293,0.272094161822278,0.08173488086617449,0.011309160784967087,0.07599105948270642,0.02429906557512254,0.02102789275080646,27,34,0.081948653002951,0.17231926819046486,True,False,False,2.1704423270207428e-05,COMPLETE
1447,0.45216771960258484,2025-04-12 03:17:50.453354,2025-04-12 03:19:41.344766,0 days 00:01:50.891412,0.010319129158339152,0.5509497679920239,2,0.15657242017333983,0.04108335460378128,0.08719307145425673,0.0975979585579249,0.07853954348529896,0.04005707281702464,0.028658754479537453,29,31,0.08550353904640635,0.15594149353484504,True,False,False,4.212945825778592e-05,COMPLETE
1448,0.4613781869411469,2025-04-12 03:19:41.817899,2025-04-12 03:21:31.546579,0 days 00:01:49.728680,0.1508708297739855,0.14570543856475757,2,0.17404698279267963,0.051875715137387396,0.08102319920002911,0.013542726897012629,0.08122656624402495,0.03679028554739115,0.014828939750615267,28,43,0.07943134932627269,0.1659811740473348,True,False,False,1.5069447387546957e-05,COMPLETE
1449,0.4591484606266022,2025-04-12 03:21:32.039081,2025-04-12 03:23:16.607993,0 days 00:01:44.568912,0.12806844022538624,0.16494639447749934,2,0.08493591709643761,0.021526080683359115,0.0914770127094896,0.009595279932426275,0.07936106024085222,0.03350189068533983,0.017700868279265525,26,47,0.08337045041683089,0.18212082246034123,True,False,False,3.0576275630598315e-05,COMPLETE
1450,0.446637225151062,2025-04-12 03:23:17.082539,2025-04-12 03:25:04.307907,0 days 00:01:47.225368,0.08716061792813794,0.2383889493505751,2,0.16693602049834602,0.046818997864945866,0.08371348245060148,0.001849482886335436,0.07437560569914814,0.03538604479646488,0.010492807506253629,27,37,0.08685718030639776,0.23499812578673798,True,False,False,2.274344634592506e-05,COMPLETE
1451,0.4716277122497559,2025-04-12 03:25:04.781524,2025-04-12 03:26:44.801272,0 days 00:01:40.019748,0.06967681209030871,0.19818196378332087,2,0.15323010141979912,0.058672094394613745,0.08784777642044925,0.015252070766275827,0.07663532028052236,0.031219622043237007,0.022200138604164955,25,39,0.08681323542727212,0.17480364911445884,True,False,False,1.870409720642909e-05,COMPLETE
1452,0.4482869386672974,2025-04-12 03:26:45.270432,2025-04-12 03:28:36.322543,0 days 00:01:51.052111,0.11330005489421398,0.21469879931096597,2,0.1619942097467937,0.04017890178937535,0.08589046805847914,0.020053556696265226,0.07058687815461308,0.02617630618497769,2.789043149877545e-05,28,44,0.08422345753269471,0.22209680907891272,True,False,False,2.6334261350894057e-05,COMPLETE
1453,0.09307204186916351,2025-04-12 03:28:36.815321,2025-04-12 03:30:04.875537,0 days 00:01:28.060216,0.1492528935995477,0.12392582040205133,2,0.17443257104667467,0.05177960809093739,0.056209925213837865,0.007435217777302639,0.08144630583133858,0.022532256208092082,0.027037848186535526,26,35,0.08106582713706666,0.15984643219289305,True,True,False,1.1553095002092875e-05,COMPLETE
1454,0.490819263458252,2025-04-12 03:30:05.349431,2025-04-12 03:31:45.911215,0 days 00:01:40.561784,0.09040472100477974,0.17242599439841566,2,0.16574993924922057,0.02785601871229373,0.08930817018310593,0.012589715246339454,0.07839271890962916,0.02923866881806149,0.013656007539273228,25,41,0.060920688296742284,0.16960645121823315,True,False,False,3.9852998237749017e-05,COMPLETE
1455,0.41993647813796997,2025-04-12 03:31:46.382417,2025-04-12 03:33:33.913833,0 days 00:01:47.531416,0.04591788084824289,0.13946175435076902,2,0.14805401500561838,0.036430146425669156,0.08107663149799495,0.015919096063820696,0.07306529717836094,0.051298308400540976,0.018425521073421693,27,50,0.05379004879220972,0.18194470985005387,True,False,False,1.546324348992541e-05,COMPLETE
1456,0.4039243757724762,2025-04-12 03:33:34.382099,2025-04-12 03:35:10.561870,0 days 00:01:36.179771,0.13131927587781297,0.9414600643824108,2,0.15756751550311626,0.04467044422698553,0.08272998743648884,0.0047042073861542025,0.0802344533181867,0.032803359252490394,0.022754365502510573,24,31,0.04861570827308569,0.1662445843058849,False,False,False,3.366514627353424e-05,COMPLETE
1457,0.4798916220664978,2025-04-12 03:35:11.060986,2025-04-12 03:36:53.910258,0 days 00:01:42.849272,0.1081190058849961,0.19077646053481634,2,0.17254226533771722,0.055775979513823286,0.09290759593809508,0.010088918880733717,0.07540046689424745,0.048433667755460846,0.028694497002757686,26,38,0.08625724593676352,0.1777406328159773,True,False,False,1.8480576693974322e-05,COMPLETE
1458,0.4784028172492981,2025-04-12 03:36:54.389866,2025-04-12 03:38:34.026692,0 days 00:01:39.636826,0.0652944666606788,0.22227681415550413,2,0.13944154603652062,0.05026405204714928,0.08574791780389326,0.013705589799799705,0.08249983364188503,0.03490605993763665,0.01611251198264894,25,46,0.0834352525810538,0.18565813443201018,True,False,False,2.7679332256981335e-05,COMPLETE
1459,0.4334441065788269,2025-04-12 03:38:34.504698,2025-04-12 03:40:11.293244,0 days 00:01:36.788546,0.03524545550778613,0.10767862989890416,2,0.17400848908457722,0.032561217679612064,0.0604596882728768,0.02019110909805829,0.07655075509760205,0.04167270044298299,0.02330843592185167,24,34,0.08698399179652339,0.2569044808933201,True,False,False,2.2554144821143614e-05,COMPLETE
1460,0.4829012751579285,2025-04-12 03:40:11.764855,2025-04-12 03:41:58.272034,0 days 00:01:46.507179,0.14377085095159603,0.15761093964820264,2,0.16501659703329508,0.06115527039841798,0.08883302132429874,0.017011298911079772,0.07911468832177423,0.045671696408412725,0.011709571944127783,27,43,0.07805938970688453,0.17251477481585184,True,False,False,4.3678257053573594e-05,COMPLETE
1461,0.48690186738967894,2025-04-12 03:41:58.748967,2025-04-12 03:43:42.631645,0 days 00:01:43.882678,0.08836493308321006,0.20534644321669387,2,0.15806482931394908,0.04226930841181585,0.08326266675693908,0.006056390798736117,0.08118184061984628,0.03859990389085914,0.029815499053547873,26,40,0.08191342808909274,0.15807388048200977,True,False,False,1.292493082956248e-05,COMPLETE
1462,0.30870262384414676,2025-04-12 03:43:43.123709,2025-04-12 03:45:17.468648,0 days 00:01:34.344939,0.12166117033932035,0.17480063836233206,2,0.15335147881052702,0.052256329087355724,0.08047414993145556,0.011151628603967461,0.07215739222865376,0.004991981243825014,0.01981184371889306,28,36,0.08468438766185676,0.22221447893099436,True,False,True,3.344937773465909e-05,COMPLETE
1463,0.47029097080230714,2025-04-12 03:45:17.946866,2025-04-12 03:46:55.112462,0 days 00:01:37.165596,0.06000845595255454,0.137818479722215,2,0.11484278852411904,0.0365940694505548,0.09206645871739828,0.01858672086567861,0.07780069163114559,0.0025193829363519054,0.017384924504898962,24,48,0.08795457713451543,0.14824166982039846,True,False,False,1.8550346480908722e-05,COMPLETE
1464,0.4411836624145508,2025-04-12 03:46:55.589955,2025-04-12 03:48:36.226925,0 days 00:01:40.636970,0.10018028678473868,0.23896409110554076,2,0.17471757752488348,0.04604594575296287,0.08707047870055634,0.008635417602299666,0.07392624223040263,0.03700031885684543,0.0142671134322529,25,29,0.08488669695361376,0.1768010299307515,True,False,False,2.5685289163418086e-05,COMPLETE
1465,0.4788995146751404,2025-04-12 03:48:36.702552,2025-04-12 03:50:14.252305,0 days 00:01:37.549753,0.159965107820153,0.15693161847947262,2,0.16731792793396455,0.026382009715616803,0.09090556574356401,0.01512390223548057,0.0822415455173639,0.03241319882302942,0.023626734358309205,24,41,0.05796817433263603,0.16575150951680054,True,False,False,1.0450051201855591e-05,COMPLETE
1466,0.4519669890403748,2025-04-12 03:50:14.748237,2025-04-12 03:51:55.644958,0 days 00:01:40.896721,0.03127345706789953,0.18862891192633338,2,0.0158937417269404,0.05496300547020864,0.08484631335522103,0.022007155072414204,0.07976834156866501,0.03491225792350809,0.028850744695081455,25,45,0.08053751249874778,0.18257155928324764,True,False,False,4.3910843490467405e-05,COMPLETE
1467,0.47497994899749757,2025-04-12 03:51:56.128956,2025-04-12 03:52:34.609981,0 days 00:00:38.481025,0.07252864211775062,0.08465241120346609,8,0.16111861888633816,0.040315700808380206,0.08128028958862976,0.012726674261700665,0.08882938023633302,0.035958782928414,0.019417592437662407,26,32,0.07275386402209116,0.227483159514435,True,False,False,1.6269276023418633e-05,COMPLETE
1468,0.4903180241584778,2025-04-12 03:52:35.094637,2025-04-12 03:54:22.507816,0 days 00:01:47.413179,0.12499252897478007,0.20063637023362185,2,0.1447771232909852,0.0480229221898297,0.08914471064916266,0.016354794146246614,0.07558479789726297,0.03978571867275394,0.028947068157585437,27,38,0.08306583738366191,0.18560945887152397,True,False,False,2.2281583388016473e-05,COMPLETE
1469,0.47588980197906494,2025-04-12 03:54:22.993797,2025-04-12 03:56:00.741397,0 days 00:01:37.747600,0.15464783138709196,0.1735244362659828,2,0.17591641832016686,0.06143588636212159,0.08001457152734698,0.009406014603140481,0.0011450869068673764,0.029583777848342332,0.02209004425269281,24,35,0.08629622332863546,0.17282022085594048,True,False,False,3.406071743801479e-05,COMPLETE
1470,0.46729375720024113,2025-04-12 03:56:01.236454,2025-04-12 03:57:41.360279,0 days 00:01:40.123825,0.10639233573199376,0.22159525292757595,2,0.169357780403887,0.03369493950185763,0.08317169388475817,0.04134118487007395,0.06972614899521004,0.01797517554963292,0.013045199687327294,25,43,0.08886840119700241,0.16256105953697353,True,False,False,1.4910721123290111e-05,COMPLETE
1471,0.4316114842891693,2025-04-12 03:57:41.844280,2025-04-12 03:59:18.902213,0 days 00:01:37.057933,0.08317136224407537,0.2671308138749199,2,0.13320837395250718,0.04380094221954717,0.08657066916069488,0.00712205660775849,0.07774557192960842,0.031805654041914044,0.009383493593704266,24,27,0.05154909945370008,0.15403283539610782,True,False,False,2.8076943938122806e-05,COMPLETE
1472,0.09307204186916351,2025-04-12 03:59:19.382133,2025-04-12 04:00:48.932015,0 days 00:01:29.549882,0.1278702141143132,0.11953462687880144,2,0.16117105831029596,0.0575567303423895,0.09027651404723443,0.014136941550160539,0.0822319918990402,0.037497948621441055,0.017756907844179284,26,39,0.08665561447826935,0.016604100190923926,True,True,False,2.0383351020007526e-05,COMPLETE
1473,0.422082781791687,2025-04-12 04:00:49.416310,2025-04-12 04:02:28.291557,0 days 00:01:38.875247,0.05774019601371163,0.24105780054303494,2,0.1492416528674305,0.011052838102660147,0.007224029504615301,0.019077619920656114,0.07965509059844166,0.043654206351060265,0.024285837487013753,25,32,0.08434496097833166,0.17934735251280962,True,False,False,1.2814584547864478e-05,COMPLETE
1474,0.38540040850639345,2025-04-12 04:02:28.789823,2025-04-12 04:04:14.212831,0 days 00:01:45.423008,0.14584811037463377,0.1543592871280004,2,0.09567298884533174,0.050923107513638176,0.07949572894442108,0.012227509229336056,0.07418995500150762,0.03269427367539762,0.015534228840658571,27,36,0.08228917102734336,0.16918464250269932,False,False,False,4.372972034372303e-05,COMPLETE
1475,0.425683331489563,2025-04-12 04:04:14.693003,2025-04-12 04:06:05.840895,0 days 00:01:51.147892,0.1027402649215191,0.401103245727379,2,0.12592882130993274,0.03905930444269796,0.0840857387153984,0.05228309947899719,0.08390737214248956,0.034838892025933675,0.08259167958154812,29,14,0.08684292113562579,0.1878264857541188,True,False,False,2.714625347931534e-05,COMPLETE
1476,0.39672306180000305,2025-04-12 04:06:06.320477,2025-04-12 04:07:43.525706,0 days 00:01:37.205229,0.05047436522001582,0.2058661864067703,2,0.17278679090103063,0.03056266671040145,0.0818461431420172,0.017321009707445715,0.07695595617193834,0.029772778137829227,0.029798580178737218,24,52,0.046472961692661345,0.17886973089492633,True,False,False,0.0006574140142420004,COMPLETE
1477,0.4997351408004761,2025-04-12 04:07:44.024052,2025-04-12 04:09:27.920378,0 days 00:01:43.896326,0.08109371573072488,0.18188721516853493,2,0.16632087200808038,0.046307441938079626,0.09264594983895119,0.035322100755508665,0.08075710356642861,0.03788915732654149,0.02214537989131656,26,43,0.08834267438519139,0.1632241040388393,True,False,False,1.8601830454218552e-05,COMPLETE
