number,value,datetime_start,datetime_complete,duration,params_alpha-eval,params_alpha-train,params_batch-size,params_eps-eval,params_eps-train,params_lambda-actions-eval,params_lambda-actions-train,params_lambda-frames-eval,params_lambda-frames-train,params_learning-rate,params_n-epochs,params_n-frames,params_radius-gw,params_rho,params_std-feats,params_ub-actions,params_ub-frames,params_weight-decay,state
854,0.27492228150367737,2025-04-11 12:20:12.055888,2025-04-11 12:21:18.093628,0 days 00:01:06.037740,0.11757955330744298,0.2818593013574633,2,0.07501978933940241,0.052253701994303126,0.0733402825236795,0.030303769959763693,0.08264517166667727,0.08974580855284822,0.023241841011787973,14,64,0.010448045522663665,0.19120646040716072,True,False,False,2.959210039919282e-05,COMPLETE
855,0.42615525126457215,2025-04-11 12:21:18.378581,2025-04-11 12:22:36.670004,0 days 00:01:18.291423,0.17672592190956332,0.5771558218476947,2,0.1999227571512077,0.06871246952350724,0.07630345231161065,0.012732177967412682,0.07777957715173775,0.09484725760939003,0.019563722417932156,18,31,0.09204004416843191,0.17329583824354192,True,False,False,2.005994781761907e-05,COMPLETE
856,0.47114135622978215,2025-04-11 12:22:36.940817,2025-04-11 12:23:45.116460,0 days 00:01:08.175643,0.09747298962045496,0.15917776662046038,2,0.17114887969990547,0.043160526526467576,0.0667701945989909,0.01582154955949307,0.0806586340007823,0.08834221868995955,0.04186508760302181,15,42,0.0852584558738032,0.14904389492827477,True,False,False,9.464727540240866e-06,COMPLETE
857,0.49476451873779304,2025-04-11 12:23:45.401526,2025-04-11 12:24:50.799836,0 days 00:01:05.398310,0.1499036105784452,0.18485037687183592,2,0.1806790751620575,0.058441182389605384,0.07961245678603163,0.01096445645549586,0.08416135847172795,0.04866113924959001,0.033226263568939415,14,36,0.08782247128481781,0.2045083331472946,True,False,False,4.308444312158241e-05,COMPLETE
858,0.44664234519004825,2025-04-11 12:24:51.086041,2025-04-11 12:25:53.468298,0 days 00:01:02.382257,0.15448306749137747,0.1423441374929172,2,0.1745720034803897,0.06946272791930304,0.07983194726187264,0.008068054451482572,0.06361195814809134,0.05745596482532228,0.028370332302937066,13,28,0.09091193804308498,0.29855960531754666,True,False,False,5.255440333982532e-05,COMPLETE
859,0.4917540192604065,2025-04-11 12:25:53.740952,2025-04-11 12:26:56.453134,0 days 00:01:02.712182,0.1362570120560475,0.17404240786112604,2,0.1786140360427828,0.06278471117041286,0.07777010780849472,0.005300018346748117,0.0870749853450235,0.064117496101977,0.02186544507467169,13,35,0.08900331757655476,0.21121170137638387,True,False,False,6.751981066877788e-05,COMPLETE
860,0.4743997395038605,2025-04-11 12:26:56.739202,2025-04-11 12:28:01.712076,0 days 00:01:04.972874,0.16527066807755003,0.1255502663687864,2,0.16800515455897205,0.05909209675790607,0.07854445683550361,0.06072726952788987,0.08496528474956298,0.039132124656951525,0.032633963860194896,14,32,0.06963390458774175,0.20945529662728848,True,False,False,4.666363728454173e-05,COMPLETE
861,0.10234473198652268,2025-04-11 12:28:02.001555,2025-04-11 12:28:58.189277,0 days 00:00:56.187722,0.20013507843842246,0.16699382174753524,2,0.23771841131573174,0.0643618314689414,0.08017568408549194,0.009403703089843365,0.08979713084079223,0.02862899057320252,0.017683852593445168,14,33,0.04174436708677529,0.2059740081135241,True,True,False,5.865760726520953e-05,COMPLETE
862,0.24677839875221255,2025-04-11 12:28:58.461469,2025-04-11 12:30:03.305933,0 days 00:01:04.844464,0.14794802632514598,0.1833456687188002,2,0.18147310115020646,0.05682007132463016,0.0765199629159029,0.007393681882504111,0.07426362271192144,0.033986089230871055,0.026019064925747442,14,37,0.05320711656569525,0.15516573345389656,False,False,False,7.522744134273793e-05,COMPLETE
863,0.36209453344345094,2025-04-11 12:30:03.591348,2025-04-11 12:31:30.797403,0 days 00:01:27.206055,0.13693593417487088,0.1548740838149898,2,0.1625741826887651,0.07001238523924902,0.07946677851320653,0.00971783776563894,0.07879987563579956,0.055333710598900666,0.014425389029585026,21,44,0.08787475486222802,0.2199053281104827,True,False,False,2.64148523352988e-08,COMPLETE
864,0.48366264104843143,2025-04-11 12:31:31.085641,2025-04-11 12:32:33.089389,0 days 00:01:02.003748,0.17936528802337295,0.08229683317812483,2,0.17274779694261808,0.05678413169817617,0.07489443491909949,0.010725462119818705,0.0824935141070311,0.032117200885706534,0.03279163866523298,13,35,0.09399244575939004,0.16610668820843388,True,False,False,9.278881697219288e-05,COMPLETE
865,0.4214042723178864,2025-04-11 12:32:33.378125,2025-04-11 12:33:39.086146,0 days 00:01:05.708021,0.11966842792209259,0.42510986145040874,2,0.15169220052502919,0.013746458250428601,0.08143901035255845,0.02467644219011355,0.0857296567394483,0.04165074458500917,0.04560910594562761,14,40,0.09129533527283895,0.17057528340109585,True,False,False,4.505682237577715e-05,COMPLETE
866,0.4766243696212769,2025-04-11 12:33:39.361706,2025-04-11 12:34:41.675171,0 days 00:01:02.313465,0.15985345903379344,0.18856148681622945,2,0.16806482709055864,0.06476198866193629,0.07739371270650186,0.028193481132135812,0.07677559865139234,0.08437320854365789,0.022843140262181177,13,46,0.08930668152546661,0.22959158291444312,True,False,False,4.25864522100406e-05,COMPLETE
867,0.4340013265609741,2025-04-11 12:34:41.964820,2025-04-11 12:35:47.312733,0 days 00:01:05.347913,0.1855066777408004,0.13674285734694472,2,0.18073795671342535,0.051667507185767396,0.07505761004880125,0.01186830959399126,0.09151317411513515,0.08271549534159853,0.029846922133537995,14,42,0.0868554073268935,0.13905147500067683,True,False,False,1.3507425876161646e-08,COMPLETE
868,0.26093162298202516,2025-04-11 12:35:47.602523,2025-04-11 12:36:51.466657,0 days 00:01:03.864134,0.13398946415981894,0.7936468676671478,2,0.17506224214067986,0.060104702186069274,0.07230250467331333,0.02194565844528156,0.08149331119049984,0.085986917609144,0.0018267844625723692,13,118,0.0922788633179278,0.16191984642790863,True,False,False,6.212997747230195e-05,COMPLETE
869,0.3419404983520508,2025-04-11 12:36:51.744949,2025-04-11 12:37:57.789748,0 days 00:01:06.044799,0.2317255717251947,0.10318384243016837,2,0.16342371621706464,0.05428269237633426,0.07598779111410926,0.010440079893333749,0.07916727085145545,0.0477128729330477,0.03740612669248391,14,26,0.015270130791124634,0.20481357128894898,True,False,False,3.691930376919271e-05,COMPLETE
870,0.3909951865673066,2025-04-11 12:37:58.078769,2025-04-11 12:38:49.680001,0 days 00:00:51.601232,0.1565505170159684,0.2308736304236346,2,0.1837163622337303,0.049222616050776186,0.07903665040896174,0.03147596201153974,0.08355682201831381,0.04588894661091012,0.019627997331211768,12,38,0.08805315330567264,0.17590444801098754,True,False,True,7.878351010274137e-05,COMPLETE
871,0.506101393699646,2025-04-11 12:38:49.966232,2025-04-11 12:40:09.892969,0 days 00:01:19.926737,0.11867415298743332,0.1983998601063135,2,0.17036231541265004,0.058670330651199726,0.08105996030480543,0.0069276071969874365,0.08847810053138107,0.08085720895108961,0.05185138930650102,19,45,0.0862163662064116,0.18123770327206115,True,False,False,5.73229820641428e-05,COMPLETE
872,0.491189444065094,2025-04-11 12:40:10.187059,2025-04-11 12:41:28.180957,0 days 00:01:17.993898,0.11206534624011945,0.19853748381851932,2,0.17649810778848873,0.06450864725420502,0.08170875954242167,0.005034923767723972,0.09062921259531365,0.0805514585965004,0.05587140392467979,18,47,0.08596063663325045,0.07929156299279731,True,False,False,4.508618856279339e-06,COMPLETE
873,0.4326463282108307,2025-04-11 12:41:28.459024,2025-04-11 12:42:47.536363,0 days 00:01:19.077339,0.10190384654527698,0.21183211004909436,2,0.17131352512202058,0.07168073657971101,0.08114693519919733,0.004466962618917256,0.08885793411603915,0.08267045599555196,0.05412964443558266,18,45,0.09009985540282252,0.18326797568554307,True,False,False,9.516450706287411e-05,COMPLETE
874,0.4727777242660523,2025-04-11 12:42:47.827671,2025-04-11 12:44:09.698029,0 days 00:01:21.870358,0.11661754981243497,0.2256071605263618,2,0.1859928959982673,0.05813406008201792,0.08052594491553056,0.0036402228375408754,0.08860775492497035,0.07962904506685112,0.04647221009032839,19,45,0.08726513928776038,0.18115736527433682,True,False,False,5.418033643390072e-05,COMPLETE
875,0.4216229557991028,2025-04-11 12:44:09.992804,2025-04-11 12:45:35.711265,0 days 00:01:25.718461,0.09466084005988509,0.20144566088329277,2,0.18082271773861053,0.06617612461762831,0.07909922923730983,0.006973964042467045,0.08696914228308522,0.08073560859807252,0.05389607151697638,20,48,0.08494165927108983,0.18672252287219115,True,False,False,6.965778066027789e-05,COMPLETE
876,0.4477017521858216,2025-04-11 12:45:36.006381,2025-04-11 12:46:57.282040,0 days 00:01:21.275659,0.12084121628460476,0.2423962569062809,2,0.15788086122127307,0.02265654803677463,0.08048517248822622,0.006949430728105048,0.0923860283345411,0.08098794134347352,0.043011822952611786,19,51,0.0637201910067181,0.17818647204176893,True,False,False,0.00012240198067652318,COMPLETE
877,0.4969185352325439,2025-04-11 12:46:57.560285,2025-04-11 12:48:18.998526,0 days 00:01:21.438241,0.13310948313970178,0.18705578117236774,2,0.1668216623113417,0.0594552375694998,0.07786846814190665,0.0061484554740515104,0.08818972243462786,0.08349668378419656,0.057214290637527546,19,43,0.08922616100132448,0.1729163828302529,True,False,False,4.3304298549020227e-05,COMPLETE
878,0.43210923075675967,2025-04-11 12:48:19.290072,2025-04-11 12:49:40.888768,0 days 00:01:21.598696,0.5122969513155852,0.17919834643305707,2,0.15482152174260339,0.06978885887328037,0.07999568372936554,0.00295321156282924,0.09012891930273723,0.08167034139217463,6.973885323043952e-05,19,47,0.09211177854075013,0.1696164236380302,True,False,False,4.159084845469049e-05,COMPLETE
879,0.09307204186916351,2025-04-11 12:49:41.182308,2025-04-11 12:50:53.157658,0 days 00:01:11.975350,0.14090031682585533,0.18153057198336767,2,0.16388961882842326,0.07425323329669692,0.08203401654780892,0.006304842456845496,0.0913512921886402,0.05156042804560819,0.047892327695311446,20,44,0.08987790374679078,0.17245213652148828,True,True,False,5.485371155317798e-05,COMPLETE
880,0.46822677850723265,2025-04-11 12:50:53.436512,2025-04-11 12:52:24.627489,0 days 00:01:31.190977,0.4734923376437282,0.16896637926672714,2,0.1444787254773032,0.06278561050040854,0.07842701652823994,0.005316283470421244,0.08821078400906997,0.0796426906253879,0.042613002353632606,22,49,0.093917646044596,0.16600074226558412,True,False,False,4.2432673252130033e-05,COMPLETE
881,0.4916484594345093,2025-04-11 12:52:24.918249,2025-04-11 12:53:48.969770,0 days 00:01:24.051521,0.10160938930143001,0.2002678588705416,2,0.16476034532295022,0.06012849280428951,0.08213319810850238,0.0048570613411581965,0.08956424687105066,0.08326899441651331,0.0514218334576673,20,43,0.08930249890469051,0.19065918441276836,True,False,False,5.2657480096825096e-05,COMPLETE
882,0.3978478252887726,2025-04-11 12:53:49.264317,2025-04-11 12:55:09.501167,0 days 00:01:20.236850,0.1319944147142653,0.8420301199227409,2,0.15754397733718367,0.06526669317711029,0.07734555386182666,0.0026470475443478633,0.0870980608118227,0.0823756314502072,0.002446037808618692,19,45,0.09154345664657881,0.2159924979701949,True,False,False,3.5939360322441585e-05,COMPLETE
883,0.3482519149780274,2025-04-11 12:55:09.795547,2025-04-11 12:56:33.473221,0 days 00:01:23.677674,0.10866009665549548,0.18894873721712646,2,0.12970396497530495,0.05980610309013062,0.07842927976843941,0.007050492411535407,0.08991361242112322,0.08063716671203831,0.03872751684135447,20,48,0.08841787932768243,0.17224554228933217,False,False,False,6.931068946532348e-05,COMPLETE
884,0.4183212280273438,2025-04-11 12:56:33.751828,2025-04-11 12:57:55.717453,0 days 00:01:21.965625,0.14745151431006234,0.16688136051335384,2,0.22165560611652776,0.0718183577644926,0.08248087257683515,0.007986171747089758,0.08665095036162358,0.0832322852252422,0.05398089790835671,19,52,0.0960605822586544,0.18344458575912978,True,False,False,4.6292045235485384e-05,COMPLETE
885,0.45566495656967165,2025-04-11 12:57:56.011594,2025-04-11 12:59:20.147489,0 days 00:01:24.135895,0.09060940094553868,0.5094134212285085,2,0.15224391400554826,0.05621578950937573,0.07772516879252223,0.0021366764881001503,0.08764056910986655,0.08420150406594439,0.036492708767078066,20,42,0.04399502738863675,0.20071483120109976,True,False,False,6.398363179741362e-05,COMPLETE
886,0.4362967729568482,2025-04-11 12:59:20.443376,2025-04-11 13:00:41.809600,0 days 00:01:21.366224,0.12830784255902133,0.19259992785981447,2,0.16886633757078937,0.05433313964166476,0.07911821543928724,0.0048514465278837815,0.08874806379724094,0.036821961967384964,0.042839119505863124,19,45,0.09110487453742112,0.17668554988885826,True,False,False,8.502985059357206e-05,COMPLETE
887,0.4545413196086884,2025-04-11 13:00:42.092154,2025-04-11 13:02:02.910399,0 days 00:01:20.818245,0.16704377767426273,0.1569072454740081,2,0.1762109519985274,0.06611089341377868,0.08203031991782077,0.006703859217488842,0.09211844207854657,0.07953656289823957,0.05884377592387868,19,41,0.08773977315021841,0.032337434441188764,True,False,False,3.779646172757849e-05,COMPLETE
888,0.4744183301925659,2025-04-11 13:02:03.202955,2025-04-11 13:03:24.485546,0 days 00:01:21.282591,0.1489236368350922,0.21291436083083629,2,0.19188810654944544,0.05975053462592045,0.07992903306268166,0.009296793807403394,0.09085813032922174,0.0818533398143645,0.03324482457391732,19,46,0.08962037224646333,0.167954200676575,True,False,False,5.579989048538733e-05,COMPLETE
889,0.4312591075897217,2025-04-11 13:03:24.778370,2025-04-11 13:04:49.145527,0 days 00:01:24.367157,0.2076772232388968,0.17706217510346,2,0.16678158516378327,0.054698746133092266,0.07729932856498155,0.0012803062732568158,0.08583499868187358,0.0848498283339734,0.04851260007737018,20,49,0.09392803200056608,0.1889546968172169,True,False,False,4.723138709177355e-05,COMPLETE
890,0.37585784196853644,2025-04-11 13:04:49.443474,2025-04-11 13:05:56.907847,0 days 00:01:07.464373,0.07692468121683058,0.19832813297223334,2,0.18694267275424248,0.050245629146034365,0.08283733377954366,0.00881215762532725,0.0874881768327945,0.08356661032351227,0.059601801863237616,18,43,0.08678125746886689,0.180506476167743,True,False,True,3.4434502125761004e-05,COMPLETE
891,0.47074721455574037,2025-04-11 13:05:57.189587,2025-04-11 13:07:14.730648,0 days 00:01:17.541061,0.11706540254067918,0.16103460458147512,2,0.1802763891366638,0.061932801677878284,0.07679761387557771,0.019271100312756955,0.0849339302410148,0.0802021412356918,0.02727087472159014,18,42,0.08846011480152542,0.1646399854640062,True,False,False,8.023776108108094e-05,COMPLETE
892,0.41026688814163215,2025-04-11 13:07:15.028229,2025-04-11 13:08:36.711290,0 days 00:01:21.683061,0.18088528363873294,0.22290831380965279,2,0.15894923742733344,0.16075171798265508,0.0808992780659136,0.007781964241346794,0.08912711032913846,0.08461804163192196,0.0011911007196513718,19,47,0.09270799881336803,0.17015144611442407,True,False,False,6.312228896835552e-05,COMPLETE
893,0.4284232497215271,2025-04-11 13:08:37.005565,2025-04-11 13:09:42.908297,0 days 00:01:05.902732,0.12862485691628175,0.18191522871507176,2,0.17166779442333197,0.1519816717745102,0.07603924237926665,0.006061142452010268,0.08575835481217642,0.08185121120692299,0.0029813513882901896,14,54,0.0902934315635002,0.1778901198648025,True,False,False,0.00010523381059715956,COMPLETE
894,0.4797675013542176,2025-04-11 13:09:43.204484,2025-04-11 13:11:04.729010,0 days 00:01:21.524526,0.08930314318313931,0.20583713701343892,2,0.1765301451023588,0.06944243712498493,0.07952077883999487,0.004485914984307356,0.08730924687485644,0.06605001846838993,0.036912942614914374,19,41,0.08589237526372759,0.19609890200287652,True,False,False,4.454829689786163e-05,COMPLETE
895,0.4491741120815277,2025-04-11 13:11:05.011083,2025-04-11 13:12:30.149088,0 days 00:01:25.138005,0.1562154764747261,0.2630671547093985,2,0.1622031993385514,0.050485670840492464,0.07597034893194861,0.017503945011415792,0.09034183204623589,0.08522120515602401,0.00011618312982598457,20,44,0.08715485839416759,0.16013157895066688,True,False,False,3.4945468012492806e-05,COMPLETE
896,0.46465294361114506,2025-04-11 13:12:30.450468,2025-04-11 13:13:54.968880,0 days 00:01:24.518412,0.13491702660001031,0.23888085936029824,2,0.18535751276974505,0.05769260728598799,0.08144993451076289,0.015127869313766853,0.09177634693635361,0.08279651600397167,0.04140450745849328,20,50,0.0851177791276416,0.18525291234717234,True,False,False,5.4973316001532514e-05,COMPLETE
897,0.4542548358440399,2025-04-11 13:13:55.267096,2025-04-11 13:15:29.419527,0 days 00:01:34.152431,0.10511118758135307,0.14541412469532136,2,0.16905728014317392,0.04789114037392093,0.07725189567962108,0.01228469929425802,0.08450873232654263,0.08594607990012346,0.029390584061763137,23,46,0.08877959380658602,0.17212471407855692,True,False,False,7.070688138420009e-05,COMPLETE
898,0.47360838651657106,2025-04-11 13:15:29.720176,2025-04-11 13:16:38.845686,0 days 00:01:09.125510,0.17657761564864644,0.1943751981004348,2,0.2074693282778978,0.054163985767314446,0.08358420808093174,0.008049602521780606,0.09316832152372116,0.0028859368883853865,0.048791766726290015,15,41,0.09104171887195901,0.17537821036556392,True,False,False,8.778999228240912e-05,COMPLETE
899,0.09307204186916351,2025-04-11 13:16:39.129859,2025-04-11 13:17:54.486667,0 days 00:01:15.356808,0.14782692647691675,0.1617730736374377,2,0.14879173775496396,0.06296263714816516,0.07880982537277068,0.020451833130906472,0.08846097928750953,0.0481378109395547,0.06262749918933788,21,44,0.08618303327756065,0.20345029235161682,True,True,False,3.047957384407786e-05,COMPLETE
900,0.4973719477653504,2025-04-11 13:17:54.784778,2025-04-11 13:19:15.495174,0 days 00:01:20.710396,0.21511068785128953,0.21757393393905164,2,0.19157722717357897,0.04749035946225555,0.07519215664219811,0.017556941043227633,0.08512845541529945,0.08356668644500248,0.030637800296386415,19,40,0.08464174919869966,0.21262964359315978,True,False,False,4.252163875528223e-05,COMPLETE
901,0.4665593028068543,2025-04-11 13:19:15.794922,2025-04-11 13:20:42.040758,0 days 00:01:26.245836,0.24668953425647108,0.22389192114091544,2,0.19768568745161486,0.04469919758191644,0.07558607819018143,0.01863953121853688,0.08604119523229445,0.08506834097463074,0.03335889079302645,20,51,0.08812544407193755,0.22084698905670824,True,False,False,3.947688498433295e-05,COMPLETE
902,0.4918674826622009,2025-04-11 13:20:42.342969,2025-04-11 13:22:00.511273,0 days 00:01:18.168304,0.22165006236202592,0.25049283600552585,2,0.19420451828806268,0.047528456384080715,0.07762448294173968,0.020758724307905617,0.08439068337340015,0.08748021136980609,0.03726370418648779,18,48,0.09234541483503723,0.23489393824207627,True,False,False,3.009420306877327e-05,COMPLETE
903,0.3081370711326599,2025-04-11 13:22:00.794799,2025-04-11 13:23:21.903237,0 days 00:01:21.108438,0.24734623001313769,0.2171802354393713,2,0.19160845286258557,0.043112755763822605,0.07485912672596727,0.01796310768424441,0.08636309665772296,0.08375470991393938,0.030420154768567183,19,79,0.08995106736397798,0.2107913221413896,False,False,False,4.088020990919435e-05,COMPLETE
904,0.4889973878860474,2025-04-11 13:23:22.203050,2025-04-11 13:24:43.216669,0 days 00:01:21.013619,0.23781169723931234,0.22280818619338708,2,0.20420100613001652,0.05142194925642414,0.07937003604375048,0.016743522187858243,0.084144021069037,0.08636777464223826,0.0416290814023844,19,41,0.05820060709476802,0.2153916267167914,True,False,False,4.9603585369747296e-05,COMPLETE
905,0.22711713314056398,2025-04-11 13:24:43.518833,2025-04-11 13:26:07.192641,0 days 00:01:23.673808,0.20447131838619034,0.24296817420022748,2,0.1973675117730603,0.0464672698140781,0.0996658430731995,0.019133105023110993,0.08841297613744967,0.04444095628789101,0.02707688862912469,19,128,0.08455129759304088,0.22646787244658081,True,False,False,3.004709058665492e-05,COMPLETE
906,0.4676448166370392,2025-04-11 13:26:07.495215,2025-04-11 13:27:28.388400,0 days 00:01:20.893185,0.20896611676277013,0.2683996939530989,2,0.18930362006566642,0.05379653933009677,0.07663651045197892,0.022322168741617056,0.08580953337392762,0.08402145394038964,0.031447766518156804,19,45,0.0675703192269895,0.20872446399683564,True,False,False,3.8181147538968434e-05,COMPLETE
907,0.46246004104614263,2025-04-11 13:27:28.674828,2025-04-11 13:28:46.728106,0 days 00:01:18.053278,0.2656283035089238,0.21091636199754504,2,0.1883856621740232,0.059506254693056225,0.0806919903444808,0.01670575634220018,0.08342490880378547,0.08696675992889044,0.04742861472192957,18,43,0.086607748789903,0.2228351124935837,True,False,False,4.528980254948915e-05,COMPLETE
908,0.49377470016479497,2025-04-11 13:28:47.028992,2025-04-11 13:30:11.229468,0 days 00:01:24.200476,0.22169089201091255,0.20291282290742377,2,0.18327530170392384,0.03928081259788746,0.09639024656590156,0.02026833572079591,0.08871270890161452,0.08502916212514731,0.036920462243177236,20,40,0.09687479406913724,0.21984778709584912,True,False,False,2.8009105461083794e-05,COMPLETE
909,0.39887909293174745,2025-04-11 13:30:11.529874,2025-04-11 13:31:27.542909,0 days 00:01:16.013035,0.0825785750374418,0.23660481640738673,2,0.196396369248564,0.049093491638490666,0.07396028283187174,0.015315647799570533,0.08698467708737172,0.08833045512334595,0.025515280160908805,21,46,0.09483758104911325,0.20473215583880608,True,False,True,5.124879699435436e-05,COMPLETE
910,0.45886005163192756,2025-04-11 13:31:27.847861,2025-04-11 13:32:49.507740,0 days 00:01:21.659879,0.22619291405647693,0.2564882474141633,2,0.18941866951689246,0.06732619839002967,0.07752909929632677,0.04763137786927189,0.08443625441017256,0.08283925892468277,0.035575767904515485,19,48,0.08868780645885696,0.2102626992265099,True,False,False,3.4899914016363585e-05,COMPLETE
