number,value,datetime_start,datetime_complete,duration,params_alpha-eval,params_alpha-train,params_batch-size,params_eps-eval,params_eps-train,params_lambda-actions-eval,params_lambda-actions-train,params_lambda-frames-eval,params_lambda-frames-train,params_learning-rate,params_n-epochs,params_n-frames,params_radius-gw,params_rho,params_std-feats,params_ub-actions,params_ub-frames,params_weight-decay,state
453,0.4905989408493042,2025-04-18 04:26:29.685257,2025-04-18 04:26:49.989905,0 days 00:00:20.304648,0.18624815035848252,0.15577615234730763,16,0.048146701749044916,0.1023553892272683,0.06788288913874425,0.032739575276283066,0.001020701159941248,0.08893986966512274,0.07011639500513833,11,34,0.03977919200636212,0.16954729655581663,True,False,True,6.641351370219728e-06,COMPLETE
454,0.3500527620315552,2025-04-18 04:26:50.144381,2025-04-18 04:27:09.523371,0 days 00:00:19.378990,0.21256572419205003,0.16113927945420883,16,0.05446844009257361,0.1108098499215049,0.06892610036857985,0.033025323780443414,0.0023812484660107615,0.08813653127204499,0.0629522568989418,10,29,0.03969061849809563,0.17199775058711353,False,False,True,6.565479744898808e-06,COMPLETE
455,0.47566157579421997,2025-04-18 04:27:09.669703,2025-04-18 04:27:29.686644,0 days 00:00:20.016941,0.1846756552232346,0.20001725511878657,16,0.04667879219066871,0.10239288328601204,0.06574457324052504,0.03237430558886622,0.003011944413117157,0.08996391790599853,0.07827010285968597,10,33,0.040824713021833735,0.17124032834706748,True,False,True,8.248547012716242e-06,COMPLETE
456,0.4749979615211487,2025-04-18 04:27:29.833662,2025-04-18 04:27:50.061550,0 days 00:00:20.227888,0.1836722352612717,0.16831066830373684,16,0.038368362199046706,0.10381962325670234,0.07037492114349325,0.03251693555193917,0.0013441885802367225,0.08783721710983454,0.0511600040745958,11,34,0.04647752710679946,0.1830044394252367,True,False,True,1.1150070262945757e-05,COMPLETE
457,0.49123754501342776,2025-04-18 04:27:50.216886,2025-04-18 04:28:10.445440,0 days 00:00:20.228554,0.21148133885481407,0.1509550067685484,16,0.04732591204451408,0.09959849456913879,0.0681848441476977,0.03499397943653418,0.003820305997293128,0.08662867662416113,0.07109055242890613,11,31,0.0374298314264176,0.16748536493967764,True,False,True,6.360448687582618e-06,COMPLETE
458,0.3172805786132813,2025-04-18 04:28:10.590440,2025-04-18 04:28:30.692422,0 days 00:00:20.101982,0.20378066632438135,0.13749675759529353,16,0.045932664371151,0.10150651753566345,0.06845852728307805,0.03471825314288265,0.0010078791004055287,0.08578856872983175,0.005818979994215993,11,28,0.03785801731716113,0.16764062457520237,True,False,True,5.2437867171528205e-06,COMPLETE
459,0.16372842490673067,2025-04-18 04:28:30.837884,2025-04-18 04:28:50.060343,0 days 00:00:19.222459,0.17689922589215032,0.14020233686262595,16,0.055022344892604755,0.09868764890270958,0.06725219831305641,0.031243259385048298,0.004460131247862156,0.08693079654906326,3.5671652004633224e-05,9,25,0.041836024171708466,0.1690311930300207,True,False,True,6.357454837641345e-06,COMPLETE
460,0.4593745291233063,2025-04-18 04:28:50.215868,2025-04-18 04:29:09.935188,0 days 00:00:19.719320,0.2241106409259745,0.15869872727538828,16,0.04945128883255143,0.09769550266782254,0.07190859588180946,0.03510843605192669,0.0031517830222169627,0.08364233310965134,0.05771517655407073,10,31,0.039286576527830776,0.17833577806434864,True,False,True,1.0003827474410368e-05,COMPLETE
461,0.44776693582534793,2025-04-18 04:29:10.081324,2025-04-18 04:29:30.739799,0 days 00:00:20.658475,0.21770516581359706,0.175633664640426,16,0.058448538607047976,0.05837346920624324,0.06761613531990661,0.03110438078210156,0.004883944467916911,0.08925940308042338,0.04753995824263693,11,31,0.036898299351400946,0.1642170042446917,True,False,True,9.033604425382454e-06,COMPLETE
462,0.4391269803047181,2025-04-18 04:29:30.885778,2025-04-18 04:29:50.944489,0 days 00:00:20.058711,0.25707549883246034,0.12147575977648192,16,0.05052309857763643,0.10788830719124105,0.07007983686707042,0.029363034917227467,0.0011754759846645505,0.08504412576140905,0.06535475253764042,11,28,0.04317140959852697,0.17348494462160333,True,False,True,1.2196195815699728e-05,COMPLETE
463,0.4632624089717865,2025-04-18 04:29:51.101527,2025-04-18 04:30:11.034950,0 days 00:00:19.933423,0.20528353396102222,0.18860797952544406,16,0.04430528855164288,0.09544193612911978,0.06628840961336925,0.03365126471664562,0.005333914262179276,0.08719925304416362,0.054474423693536604,10,35,0.04070203314260691,0.1774201693796586,True,False,True,5.581247844389596e-06,COMPLETE
464,0.4942944884300232,2025-04-18 04:30:11.181827,2025-04-18 04:30:31.576633,0 days 00:00:20.394806,0.1676622378938881,0.1511503335817718,16,0.03608102441949449,0.10394053933998855,0.06893672889880122,0.02973162148900328,0.0011104184627728302,0.0736657377720967,0.07239159043210405,11,31,0.03838657538650656,0.18564995337781492,True,False,True,7.226267313925547e-06,COMPLETE
465,0.3095206618309021,2025-04-18 04:30:31.737065,2025-04-18 04:30:51.535473,0 days 00:00:19.798408,0.28552077420757077,0.1497096760582849,16,0.04036971025441087,0.11283306977275648,0.07165767505432061,0.0292628887663712,0.002713970827570236,0.0836339623856315,0.0722677993331143,11,22,0.037365032073708906,0.1589828720309805,True,False,True,7.831194903555143e-06,COMPLETE
466,0.3008792996406555,2025-04-18 04:30:51.681914,2025-04-18 04:31:11.263155,0 days 00:00:19.581241,0.1731885497414981,0.145788907410465,16,0.04072095538522361,0.10729040983381302,0.06977093527106051,0.02804831165633261,0.003886097838140031,0.07750522350933839,0.08997912200899873,10,26,0.03817084098908203,0.18291659116598605,True,False,True,1.5862603639439833e-05,COMPLETE
467,0.3561329782009125,2025-04-18 04:31:11.411889,2025-04-18 04:31:31.613382,0 days 00:00:20.201493,0.16052648958471502,0.1242600229752017,16,0.03635279386802727,0.10446886065133999,0.07216545758993827,0.03067473420696619,0.0012509676294026812,0.0737800749035379,0.00028576449006891035,11,31,0.039468507128674356,0.18742346099618956,True,False,True,1.1185327189942207e-05,COMPLETE
468,0.4580411911010742,2025-04-18 04:31:31.772523,2025-04-18 04:31:51.959081,0 days 00:00:20.186558,0.19932053093238122,0.1661634715949621,16,0.049800054600979346,0.09881754071404807,0.06999194939940985,0.03315180988603214,0.0011418165125536511,0.0825142338484381,0.07250802904961842,11,30,0.035397816228991,0.20329714206373778,True,False,True,1.4805405817989262e-05,COMPLETE
469,0.48484013080596927,2025-04-18 04:31:52.106844,2025-04-18 04:32:12.365884,0 days 00:00:20.259040,0.1799845466337167,0.10983820227554027,16,0.06519823240250983,0.09406601420846569,0.0686776794504643,0.026376384703181058,0.005866309923055259,0.08171984354464566,0.04419900108234731,10,34,0.04441896462450151,0.16632449662813495,True,False,True,9.725367397029872e-06,COMPLETE
470,0.44647426009178165,2025-04-18 04:32:12.514732,2025-04-18 04:32:32.851513,0 days 00:00:20.336781,0.2435014130722475,0.15825547031170878,16,0.03353608126085243,0.10136169420002689,0.0679531244389109,0.03521987516197146,0.0038827482468135124,0.08548849632596826,0.055847178016530934,11,27,0.08224189962420045,0.19369625021571102,True,False,True,7.5475341298207205e-06,COMPLETE
471,0.45950255393981937,2025-04-18 04:32:33.011545,2025-04-18 04:32:52.798585,0 days 00:00:19.787040,0.1560466343064958,0.1296672111811708,16,0.04515804929863315,0.11183981114996568,0.07270152449309908,0.029503331820249987,0.09593078731020305,0.09042798555040833,0.08084117477661398,10,34,0.04150134195393597,0.17758219637967293,True,False,True,1.0984296183009662e-05,COMPLETE
472,0.19025608897209167,2025-04-18 04:32:52.950105,2025-04-18 04:33:13.186921,0 days 00:00:20.236816,0.14474420854248957,0.17609967247995825,16,0.03662647355385195,0.06381813544914677,0.07067470821191438,0.032059318295979335,0.0029100027168814276,0.08018245551698809,0.06405922398273871,12,30,0.03319843339815818,0.22191159008433373,False,True,True,1.3445321518833136e-05,COMPLETE
473,0.3723551094532013,2025-04-18 04:33:13.334761,2025-04-18 04:33:33.216427,0 days 00:00:19.881666,0.18314154771725175,0.10540872652613038,16,0.05563682830211944,0.09576571292465058,0.06541614976435903,0.02797859711343217,0.006174879054961448,0.08805354193635115,0.09809597315845088,11,20,0.0365794994073082,0.18853655303435526,True,False,True,6.785679467997969e-06,COMPLETE
474,0.47767375707626347,2025-04-18 04:33:33.377206,2025-04-18 04:33:53.916605,0 days 00:00:20.539399,0.16085513137259314,0.1480621875170942,16,0.04253594923771678,0.10546466196150144,0.06861149090225198,0.02541329693554529,0.004530579073326146,0.08915452397889041,0.046195974668323,11,35,0.039605906498117044,0.19855601699677264,True,False,True,1.7081233611266732e-05,COMPLETE
475,0.3307320594787598,2025-04-18 04:33:54.066444,2025-04-18 04:34:14.156328,0 days 00:00:20.089884,0.1369497414765711,0.1928282873369038,16,0.05010819366647731,0.09228558488213918,0.07286175120562657,0.02993287789692151,0.0029812743830333185,0.08635911183777537,0.07396837959470974,12,24,0.03478327841531779,0.20881949597310911,True,False,True,8.83832525408378e-06,COMPLETE
476,0.48781421184539797,2025-04-18 04:34:14.319299,2025-04-18 04:34:33.711418,0 days 00:00:19.392119,0.2025868514942593,0.11588709088438263,16,0.03293255951776185,0.0993540349765258,0.08230666888606553,0.017769182909921955,0.0011823896043822858,0.07941667390282715,0.054059001275988436,9,32,0.03702335155212364,0.1860303987851974,True,False,True,1.3195984140080745e-05,COMPLETE
477,0.41146465539932253,2025-04-18 04:34:33.862091,2025-04-18 04:34:52.847971,0 days 00:00:18.985880,0.21473062455503997,0.1293613496528209,16,0.03379661362780106,0.11127460476514764,0.08096490387684964,0.027232914127092774,0.0011084244572139561,0.0801015305206919,0.03994509089609259,8,27,0.03731127233743571,0.17822991479297845,True,False,True,1.777626929436759e-05,COMPLETE
478,0.479111659526825,2025-04-18 04:34:52.998956,2025-04-18 04:35:12.779108,0 days 00:00:19.780152,0.19842791750057015,0.11196514555461103,16,0.037910658437136674,0.10184073019673841,0.08461843017034122,0.03228028891529493,0.00672352737797083,0.07466130654722003,0.05044496103984663,9,32,0.039708448681350775,0.18627686875557603,True,False,True,3.6630783393859053e-05,COMPLETE
479,0.29496932625770567,2025-04-18 04:35:12.943126,2025-04-18 04:35:33.275320,0 days 00:00:20.332194,0.2508207153833445,0.1463619835951418,16,0.04109079812261599,0.09840238358236085,0.08187220099679386,0.03545694655893203,0.004664092179359373,0.07160840080754338,0.008657173787533397,7,86,0.042146450606262646,0.1837691100861686,True,False,True,1.4111435292296636e-05,COMPLETE
480,0.3536378264427185,2025-04-18 04:35:33.428357,2025-04-18 04:35:53.193331,0 days 00:00:19.764974,0.18634544910948136,0.17545041781746007,16,0.032501802917450695,0.16450842399005525,0.08775046318690154,0.018207167295457755,0.002914537757110442,0.07863644568053646,0.03334605347553846,10,30,0.03804881962486631,0.1735868973268531,True,False,True,2.7651394032927394e-05,COMPLETE
481,0.48087751865386963,2025-04-18 04:35:53.344895,2025-04-18 04:36:15.148139,0 days 00:00:21.803244,0.2282694717548027,0.11588802588295531,16,0.048764284743868486,0.1060412312358679,0.08314500830674369,0.01664016119750085,0.006067988788616495,0.03640858900397062,0.06109690880221827,15,32,0.03626234134928424,0.19146760245296665,True,False,True,1.2604539939895096e-05,COMPLETE
482,0.4332361876964569,2025-04-18 04:36:15.310192,2025-04-18 04:36:34.926876,0 days 00:00:19.616684,0.27306871550732914,0.0911901017975015,16,0.03187406363724588,0.09477601374219115,0.007092376877563242,0.02839230654056163,0.0011130124643158705,0.08164764010293293,0.0839059369801919,9,35,0.034063943856158505,0.1671177538468341,True,False,True,2.110967565735671e-05,COMPLETE
483,0.45721412897109986,2025-04-18 04:36:35.078886,2025-04-18 04:36:52.600042,0 days 00:00:17.521156,0.7156119373967731,0.14292373117018922,16,0.042256742983856524,0.10292858429901935,0.08504808607937052,0.02429953624160348,0.0073563353258850415,0.08232206611485451,0.050092504175022146,5,28,0.044479346572449396,0.19163460957312828,True,False,True,9.380134885875901e-06,COMPLETE
484,0.48332923650741577,2025-04-18 04:36:52.765543,2025-04-18 04:37:11.239776,0 days 00:00:18.474233,0.20509839667278706,0.1647441730793586,16,0.037774614400186396,0.0902805973893192,0.07977381538927018,0.030533701690427052,0.004453973132422046,0.08423050453482542,0.06802432804327867,6,36,0.04106718419015215,0.17910494819026618,True,False,True,6.692207722854765e-06,COMPLETE
485,0.4633756875991822,2025-04-18 04:37:11.392382,2025-04-18 04:37:30.726615,0 days 00:00:19.334233,0.16834355301469972,0.1901371004020706,16,0.029390010397151698,0.10945043076760637,0.08247083672937265,0.03369833682682392,0.0033678151703237773,0.08008592762548872,0.04598999504278373,9,32,0.035719030695361594,0.1858473781812871,True,False,True,1.4523856757725349e-05,COMPLETE
486,0.4438570082187653,2025-04-18 04:37:30.880366,2025-04-18 04:37:50.520420,0 days 00:00:19.640054,0.2370103935137367,0.09628522327217047,16,0.056389000007441875,0.09826802638153084,0.0792694992687867,0.025403686216343816,0.005781200815019573,0.08493855495841805,0.0368714691026971,10,25,0.08734460689603331,0.19616619954352682,True,False,True,1.2249759374900888e-05,COMPLETE
487,0.3856837034225464,2025-04-18 04:37:50.684926,2025-04-18 04:38:18.927550,0 days 00:00:28.242624,0.15090889868714538,0.0773255906918711,16,0.1579971652898447,0.11370175191411902,0.08121280695061782,0.0269073211451952,0.001021035719247645,0.08393690384455262,0.05748311168116877,14,127,0.037958744509062656,0.2046987479680874,True,False,True,1.765398224643599e-05,COMPLETE
488,0.47131164669990544,2025-04-18 04:38:19.081760,2025-04-18 04:38:38.547259,0 days 00:00:19.465499,0.17829263154754504,0.1242675177507066,16,0.04342525170062303,0.08967631584864891,0.08555135004669061,0.030326243380109544,0.004302871227086841,0.07919816497814693,0.08429859224872781,9,36,0.09365421451814976,0.17358662577766976,True,False,True,8.697738957054237e-06,COMPLETE
489,0.47736390829086306,2025-04-18 04:38:38.702209,2025-04-18 04:38:58.908856,0 days 00:00:20.206647,0.13020504872371472,0.15696207868557832,16,0.03369207505171861,0.10438791304418915,0.06685942165201615,0.02107525285797144,0.008194972287801885,0.08669329110398408,0.07155595782783478,11,33,0.03299275687038851,0.18803497946126108,True,False,True,1.0427553648573817e-05,COMPLETE
490,0.46931320428848267,2025-04-18 04:38:59.074964,2025-04-18 04:39:19.885328,0 days 00:00:20.810364,0.1928705466818554,0.07186307509933737,16,0.04908404981617112,0.09644184642243281,0.08353392940391068,0.03211508440364204,0.002734797181008142,0.08204465275304511,0.05605025282774793,12,29,0.039343563670498675,0.1978287263670499,True,False,True,2.344750841422004e-05,COMPLETE
491,0.40388096570968635,2025-04-18 04:39:20.042535,2025-04-18 04:39:37.809342,0 days 00:00:17.766807,0.1586760311434946,0.1011572482952704,16,0.03615347050015201,0.08908871147063296,0.07490884569370979,0.02299345514347261,0.005356748839997776,0.09177389983355061,0.04311383486059753,10,5,0.04270393206101283,0.18163079589932357,True,False,True,4.981074635604535e-06,COMPLETE
492,0.3045047760009766,2025-04-18 04:39:37.977454,2025-04-18 04:39:57.751722,0 days 00:00:19.774268,0.14422033255998146,0.20746648627313424,16,0.061722105538905836,0.10030708018203295,0.06508203275122243,0.028913848812167246,0.007462692033205793,0.08793620180642364,0.001672265348474022,11,36,0.03518963795127482,0.16109689659155957,False,True,True,7.340157292987777e-06,COMPLETE
493,0.26450319290161134,2025-04-18 04:39:57.910280,2025-04-18 04:40:17.884074,0 days 00:00:19.973794,0.16850170837680248,0.17452203453072607,16,0.027302930008298122,0.08446549019409572,0.08034836566898687,0.034415414725065575,0.0029221298473761175,0.07602550861194397,0.06555766793643024,8,61,0.04527713036020328,0.19125252427459719,True,False,True,4.301035648604986e-06,COMPLETE
494,0.47449311017990115,2025-04-18 04:40:18.041718,2025-04-18 04:40:38.487015,0 days 00:00:20.445297,0.20826603022141074,0.12069069567944173,16,0.04651872175474478,0.10762425815460984,0.07896224575078548,0.02739609215531302,0.004623370169949679,0.09101420641293549,0.08719644480735306,12,32,0.037719329064676566,0.20106859219637566,True,False,True,1.5840287192896256e-05,COMPLETE
495,0.35628452897071844,2025-04-18 04:40:38.654872,2025-04-18 04:41:00.037468,0 days 00:00:21.382596,0.1258238343940014,0.07948845066328888,16,0.026662412532394826,0.2984062114232622,0.019166736546877484,0.024789381578619783,0.002786659039368427,0.08376631019909521,0.09907076129447012,14,30,0.04036870165685841,0.19310948647865728,True,False,True,1.155716758093488e-05,COMPLETE
496,0.4768702864646912,2025-04-18 04:41:00.194327,2025-04-18 04:41:22.539719,0 days 00:00:22.345392,0.1822728957815994,0.13711400993423795,16,0.03734454623519434,0.09448330175216188,0.06737703607521672,0.03540351311745254,0.0010978025574169717,0.08628507443487206,0.05177276722618444,15,35,0.03273309784336974,0.21379591813761897,True,False,True,4.073287278623997e-05,COMPLETE
497,0.4699970185756684,2025-04-18 04:41:22.698312,2025-04-18 04:41:43.022828,0 days 00:00:20.324516,0.15352743831329105,0.05667449836958236,16,0.0530159477785588,0.10056442037654932,0.07568965954661805,0.03126610327595912,0.006710435704302073,0.09219080592510598,0.06940573558343348,11,37,0.03627763324420893,0.18399249925936834,True,False,True,5.910257929917411e-06,COMPLETE
498,0.4172901093959809,2025-04-18 04:41:43.188667,2025-04-18 04:42:04.841328,0 days 00:00:21.652661,0.12213498688139933,0.031240991618024825,16,0.03159313222438441,0.11474104859275415,0.08230662540758867,0.02013744622172719,0.009484433699045242,0.08894969543612016,0.038437802946426326,14,27,0.03895861292214456,0.1707919275088259,True,False,True,8.856828660734032e-06,COMPLETE
499,0.44782497286796574,2025-04-18 04:42:04.997552,2025-04-18 04:42:24.999566,0 days 00:00:20.002014,0.22742431374380714,0.0970332724339347,16,0.03965746262070189,0.08495287866697693,0.07092358796892646,0.02625620676322213,0.004151955570418639,0.09370735192835399,0.06096474140398233,10,33,0.03487348896193501,0.2064048749719677,True,False,True,1.982684418364528e-05,COMPLETE
500,0.4276505768299103,2025-04-18 04:42:25.168040,2025-04-18 04:42:49.367556,0 days 00:00:24.199516,0.1903077542996929,0.1881491920499273,16,0.026668087576535875,0.09124091879027184,0.0776362896863473,0.01416882811709242,0.005979206737730294,0.09021544572093011,0.047328443108954885,12,95,0.04119680135072153,0.17561878333716635,True,False,True,3.134958685612257e-05,COMPLETE
501,0.20111548304557803,2025-04-18 04:42:49.527436,2025-04-18 04:43:09.209967,0 days 00:00:19.682531,0.16445933622637746,0.07203912237781736,16,0.2795054507133714,0.0707315826976117,0.06445044365070518,0.017091469132276268,0.002850626133517452,0.08119460473512988,0.07712166953729155,11,24,0.04681403186046134,0.19709739683021132,True,False,True,1.2644494623527886e-05,COMPLETE
502,0.4914412021636963,2025-04-18 04:43:09.367196,2025-04-18 04:43:30.515919,0 days 00:00:21.148723,0.13885345282132786,0.15366120740316588,16,0.044670742482381176,0.1055759266503054,0.07353295394414976,0.029548117975485774,0.008044664648542522,0.08492957575374897,0.05701868871782052,13,37,0.03748061960617839,0.1872171033148423,True,False,True,1.534333391150571e-05,COMPLETE
503,0.5019415855407715,2025-04-18 04:43:30.684692,2025-04-18 04:43:51.264876,0 days 00:00:20.580184,0.11397221761896974,0.14971146454177942,16,0.04276717723914538,0.11064901219898207,0.07315488308969792,0.03015513277993751,0.009677869976340741,0.07812490997972817,0.06054195692174609,12,30,0.03732035096334914,0.18115476686443321,True,False,True,2.595471860312314e-05,COMPLETE
504,0.4715053677558899,2025-04-18 04:43:51.423212,2025-04-18 04:44:11.432148,0 days 00:00:20.008936,0.11156953626097119,0.137261040025049,16,0.051819325414087486,0.11695437576713844,0.07291364387401511,0.03284832902684573,0.009966859713320437,0.07302999118788243,0.05632931792769882,11,29,0.03694844754327825,0.17937792639357522,True,False,True,2.8515318000357567e-05,COMPLETE
505,0.4584377646446228,2025-04-18 04:44:11.604302,2025-04-18 04:44:36.872343,0 days 00:00:25.268041,0.11348843214680132,0.17865541215864036,16,0.04545527443218892,0.11096933870946203,0.07398257114458363,0.030813020925690306,0.009935238773471407,0.07870687221227522,0.09967123626617426,24,29,0.03815402972510519,0.16765962034581727,True,False,True,2.5124430540111577e-05,COMPLETE
506,0.3631872713565827,2025-04-18 04:44:37.031743,2025-04-18 04:44:57.408110,0 days 00:00:20.376367,0.13306407490523864,0.15715689537500988,16,0.06236738666024076,0.1079560302006758,0.06993826693748165,0.029831490255269558,0.008719671216088317,0.08137838581034401,0.07642153677317677,13,20,0.0349154810154523,0.17788406950896685,True,False,True,1.2455947333585486e-07,COMPLETE
507,0.3159740209579468,2025-04-18 04:44:57.568368,2025-04-18 04:45:17.815305,0 days 00:00:20.246937,0.09708295830665357,0.14553453088040028,16,0.056761122149869614,0.1057906169389258,0.0707738008866186,0.029183204040074132,0.008730038515199063,0.07709402503713399,0.06093753225459502,12,25,0.036603085858387424,0.1852252944735196,True,False,True,4.046958147128875e-05,COMPLETE
508,0.46416026949882505,2025-04-18 04:45:17.989997,2025-04-18 04:45:37.623341,0 days 00:00:19.633344,0.14261955642885812,0.16368167047237084,16,0.1753421312404199,0.11122392276687135,0.06863134808364425,0.033017577691754424,0.010937756120537965,0.0784018913531878,0.05306863822850308,10,31,0.03865623248275487,0.17153497038622756,True,False,True,2.5737684584512245e-05,COMPLETE
509,0.2543097734451294,2025-04-18 04:45:37.783946,2025-04-18 04:45:59.025503,0 days 00:00:21.241557,0.8333786721995928,0.19594966213212084,16,0.043725982010650505,0.25074928406903785,0.07189091790206528,0.03504051641399274,0.006715896962127622,0.07492394735442104,0.0781972252908932,14,27,0.03412871842049354,0.18084976110044926,True,False,True,2.1912290618976597e-05,COMPLETE
