number,value,datetime_start,datetime_complete,duration,params_alpha-eval,params_alpha-train,params_batch-size,params_eps-eval,params_eps-train,params_lambda-actions-eval,params_lambda-actions-train,params_lambda-frames-eval,params_lambda-frames-train,params_learning-rate,params_n-epochs,params_n-frames,params_radius-gw,params_rho,params_std-feats,params_ub-actions,params_ub-frames,params_weight-decay,state
0,0.3904921054840088,2025-04-17 23:59:33.040236,2025-04-18 00:00:06.636745,0 days 00:00:33.596509,0.9762151324131862,0.3580768965057778,8,0.029840705214328096,0.16165759880936925,0.05046001567344215,0.07729214128626705,0.029157392130687156,0.06409894683757997,2.284858299815562e-05,20,13,0.07099178534952001,0.15186810059162142,False,False,False,3.877168982265635e-05,COMPLETE
1,0.32993742227554324,2025-04-18 00:00:06.643129,2025-04-18 00:00:32.546860,0 days 00:00:25.903731,0.7932714522302214,0.9279574878397703,16,0.2998277746334069,0.06816715384899402,0.03535568701916778,0.08913568386164555,0.06420634324539203,0.010064230037844183,0.005080055792447236,16,144,0.08399196712003651,0.1919011810392391,False,False,False,0.00010947351960024814,COMPLETE
2,0.09307204186916351,2025-04-18 00:00:32.550469,2025-04-18 00:00:57.789013,0 days 00:00:25.238544,0.3569065344966122,0.8673540886144844,16,0.11425875358242527,0.00888783164984803,0.04363967879909335,0.02292818951751587,0.055361741554140614,0.024919214855759538,6.540518357743825e-05,28,33,0.08153218307080079,0.012145174338462301,False,True,False,2.0137734119721787e-08,COMPLETE
3,0.19522813558578492,2025-04-18 00:00:57.792829,2025-04-18 00:02:25.078391,0 days 00:01:27.285562,0.39149444043892734,0.3252943569179535,2,0.06510067361493752,0.14030434494905053,0.05773907099126842,0.017966924565939617,0.03197832339146259,0.025406182071840994,9.483057684316266e-05,25,28,0.04596376438818623,0.1866050439326596,True,True,False,0.0006913814636206597,COMPLETE
4,0.343681538105011,2025-04-18 00:02:25.082696,2025-04-18 00:02:57.962478,0 days 00:00:32.879782,0.152526649304867,0.2548799961436876,8,0.020578583728019455,0.09235445008687666,0.08552456259694405,0.020100185135532876,0.053558750523203066,0.04035140617884398,7.70185820938364e-05,24,21,0.002936109198816681,0.23949992300845988,False,True,False,1.5235774553426252e-06,COMPLETE
5,0.09307204186916351,2025-04-18 00:02:57.966953,2025-04-18 00:03:25.147430,0 days 00:00:27.180477,0.19563600647085658,0.6951095393149063,8,0.026365483276390295,0.2942859523828055,0.013327165704312072,0.05529527267767027,0.05851504385917728,0.0630663300668702,0.0022462322365464174,16,35,0.06167728915893358,0.10730996436786286,False,True,True,0.00037453906376501916,COMPLETE
6,0.4029048085212708,2025-04-18 00:03:25.152561,2025-04-18 00:03:46.357832,0 days 00:00:21.205271,0.7178003924598372,0.901084134422699,16,0.09524191848985104,0.09276634495291022,0.0635670546208763,0.03655335227267197,0.07734974113369998,0.05452771861720499,0.0003591031783570999,7,68,0.08353349148012652,0.1069615933326832,True,False,False,1.3939971334768669e-05,COMPLETE
7,0.11774016618728639,2025-04-18 00:03:46.362946,2025-04-18 00:04:47.708395,0 days 00:01:01.345449,0.746094385210296,0.21791999162680203,2,0.186593644342922,0.044259303952357255,0.07005890507383765,0.06848694835407587,0.0519322599087894,0.010096690737116963,0.004028449812423376,15,77,0.09954296248595322,0.01861151916986964,False,True,True,0.00019291543252897633,COMPLETE
8,0.42000620365142827,2025-04-18 00:04:47.714061,2025-04-18 00:05:56.627691,0 days 00:01:08.913630,0.7042886138695693,0.5807792206502211,2,0.08464344880690523,0.05849197603197814,0.09026611469975483,0.050709511765010845,0.05402470096031634,0.007708910816103546,0.0025322774990277673,15,53,0.03224875851823138,0.23757378482321148,True,False,False,8.101961286502235e-05,COMPLETE
9,0.3506221413612366,2025-04-18 00:05:56.633461,2025-04-18 00:06:51.596315,0 days 00:00:54.962854,0.6165722809772307,0.9168163618544182,2,0.22759881298408657,0.14864530413698618,0.020006600015656517,0.0692859443124965,0.009859051723628814,0.08683428688511473,5.07085008076693e-05,10,97,0.022094254990962077,0.05352615912937673,True,False,False,1.72510564885879e-05,COMPLETE
10,0.15623489022254944,2025-04-18 00:06:51.602656,2025-04-18 00:07:39.820269,0 days 00:00:48.217613,0.980663510119306,0.01643609646455857,2,0.15570233818294166,0.2400210263039859,0.09945689670584727,0.04822496590649079,0.088477116403318,0.09209998367319946,0.09269445357831389,10,111,0.0410667516199116,0.2905358997058778,True,False,True,5.832078921977704e-07,COMPLETE
11,0.4081714808940888,2025-04-18 00:07:39.826973,2025-04-18 00:07:59.878419,0 days 00:00:20.051446,0.5994454117696665,0.5851511309802091,16,0.09800985011682999,0.10396543077529052,0.07776170211747561,0.04005120510196668,0.08529681779265205,0.052731827856876655,0.0005162393076374792,5,65,0.02915528247989001,0.0923860103125593,True,False,False,1.0136437211758777e-05,COMPLETE
12,0.09307204186916351,2025-04-18 00:07:59.885116,2025-04-18 00:08:18.920699,0 days 00:00:19.035583,0.49501334564132055,0.5975621176572775,16,0.10530680319064561,0.0063192122111065535,0.08210699181924848,0.002128566772878926,0.0894289307248812,0.03824932918420335,0.0005571680977432363,5,56,0.023489311119643294,0.2893250025424871,True,False,False,4.6019592525324374e-06,COMPLETE
13,0.4055740654468537,2025-04-18 00:08:18.927869,2025-04-18 00:09:12.519976,0 days 00:00:53.592107,0.5663991903682731,0.5136672832985796,2,0.15163739538064233,0.11735002547552124,0.09784539164997937,0.042155813929290235,0.09888156555307812,0.0785780431943394,0.019557926556610525,10,52,0.02636685656846031,0.09921715266680184,True,False,False,1.0044590055232325e-06,COMPLETE
14,0.09307204186916351,2025-04-18 00:09:12.527381,2025-04-18 00:09:41.424234,0 days 00:00:28.896853,0.8190516075953718,0.7437526023628618,16,0.06341577930521469,0.21101698070977218,0.07807264019770861,0.05846800507609622,0.07357404659846703,0.0039045037353270876,0.0009003119259569204,20,97,0.004386204864714194,0.22889869315436207,True,False,True,9.335257954748792e-08,COMPLETE
15,0.4378881394863129,2025-04-18 00:09:41.432529,2025-04-18 00:10:44.440005,0 days 00:01:03.007476,0.42703331770146036,0.4911640788481746,2,0.07312298145974248,0.04223074858784797,0.08871483321667233,0.03290270809621905,0.035555561518327436,0.042505646708720375,0.016572249971235794,13,56,0.03506906198783181,0.06795082430004444,True,False,False,6.117113346877569e-05,COMPLETE
16,0.444112366437912,2025-04-18 00:10:44.447969,2025-04-18 00:11:46.824119,0 days 00:01:02.376150,0.30502112999353165,0.449864595024568,2,0.0688316375042914,0.04350930729917546,0.09039479324972759,0.028974163822784157,0.03726733056849681,0.02418582198467512,0.013814438704541422,13,46,0.04032836319952915,0.0621542825219036,True,False,False,7.239673061752984e-05,COMPLETE
17,0.33851454854011537,2025-04-18 00:11:46.832745,2025-04-18 00:12:46.139685,0 days 00:00:59.306940,0.04869701137219201,0.4187314483192976,2,0.005014909403933399,0.033930040675300754,0.06930571100750117,0.027845082123142025,0.03368570125465086,0.031233678082402527,0.015532551678199485,12,7,0.05885777492742396,0.04956469953148594,True,False,False,4.084345722192799e-05,COMPLETE
18,0.2925506055355072,2025-04-18 00:12:46.149006,2025-04-18 00:13:58.536141,0 days 00:01:12.387135,0.2813022736589881,0.1093938963246111,2,0.05842716633109613,0.1987937242695996,0.031091219266286465,0.006588124628084453,0.015624756314066832,0.02161559321270642,0.09215864316130892,19,44,0.03963605868177178,0.0644857812839651,True,False,True,0.0007732466044738509,COMPLETE
19,0.4007328510284424,2025-04-18 00:13:58.545127,2025-04-18 00:14:58.900285,0 days 00:01:00.355158,0.4357094514582831,0.4562774717494546,2,0.13008901381766988,0.026327210703745142,0.0920597562595641,0.009988980553128878,0.04119491280303455,0.046226776216280185,0.022480223910167352,12,90,0.012715757121756752,0.1373962301271706,True,False,False,0.0001984461420888814,COMPLETE
20,0.32464908957481386,2025-04-18 00:14:58.909439,2025-04-18 00:16:03.910559,0 days 00:01:05.001120,0.28649637438903575,0.7544973858973093,2,0.1886934024582223,0.07244769076948616,0.055444112706540455,0.03313647658199917,0.01957049121990252,0.07333328767730042,0.00991609676138264,13,124,0.05677794510631798,0.03697618876936712,True,False,False,3.194102295579115e-06,COMPLETE
21,0.4572531819343567,2025-04-18 00:16:03.920401,2025-04-18 00:17:10.163325,0 days 00:01:06.242924,0.5001931956761005,0.58317783638486,2,0.07074506483669774,0.05610511046251599,0.08894605889464273,0.04967181632502075,0.04050655047970134,0.0164195182124043,0.03697565113388689,14,44,0.03188658980098228,0.1450826871291983,True,False,False,6.810587534586276e-05,COMPLETE
22,0.45934426188468935,2025-04-18 00:17:10.173927,2025-04-18 00:18:28.209090,0 days 00:01:18.035163,0.4951054329862506,0.523220321586557,2,0.04847026161297291,0.04771851780998067,0.07539532302695982,0.030138807745026693,0.041741380031917893,0.018682334070224182,0.027379717126911764,18,41,0.036341640261354634,0.07426387906345698,True,False,False,3.48328522191776e-05,COMPLETE
23,0.41554407477378846,2025-04-18 00:18:28.219234,2025-04-18 00:20:00.508195,0 days 00:01:32.288961,0.5092751880791934,0.6896060894263626,2,0.04653736743521771,0.07068948211880327,0.07304923032408424,0.04501102544133259,0.04320532780540526,0.018317952392536353,0.04312800356087303,22,43,0.04909367035345774,0.1368024662884279,True,False,False,2.201685023295266e-05,COMPLETE
24,0.09307204186916351,2025-04-18 00:20:00.518750,2025-04-18 00:21:14.553086,0 days 00:01:14.034336,0.3059909476708207,0.3741132369073481,2,0.044625638932143885,0.0035150154791796645,0.08389294837327442,0.014562619399528624,0.022492160855199166,0.032266580931793784,0.035826273500474626,17,21,0.013843290966958445,0.16404146232654945,True,False,False,6.2219450319898834e-06,COMPLETE
25,0.3354422509670258,2025-04-18 00:21:14.564733,2025-04-18 00:21:48.207136,0 days 00:00:33.642403,0.2228920057480373,0.5217982386380221,8,0.003007315806770633,0.12995094266664914,0.09450612155765582,0.02772071580881138,0.0025277509884450433,0.015062832641648163,0.04088278494482568,18,72,0.015803367952918153,0.08307969682696478,True,False,False,0.00019257005575570722,COMPLETE
26,0.09307204186916351,2025-04-18 00:21:48.218096,2025-04-18 00:22:28.685743,0 days 00:00:40.467647,0.07773984288587238,0.6618249661545206,2,0.12676345436941927,0.08671882600363884,0.0032745271440137932,0.09974590594834226,0.04331254103424738,0.001548398860149909,0.008747894738387973,8,36,0.04113409052739119,0.11499474036997037,True,True,True,3.076342247782418e-05,COMPLETE
27,0.41412437558174137,2025-04-18 00:22:28.697040,2025-04-18 00:23:34.692576,0 days 00:01:05.995536,0.5034847061769439,0.8071034447178556,2,0.08241887958755892,0.17363452339099017,0.06188949296878877,0.060384104495466,0.02437652908142033,0.029600972593773894,0.0069343037708952185,14,42,0.051886570324615994,0.031210024997812266,True,False,False,0.00015278559411927147,COMPLETE
28,0.3246924042701721,2025-04-18 00:23:34.704201,2025-04-18 00:25:08.413341,0 days 00:01:33.709140,0.63527667004535,0.2615042246740191,2,0.040796298950799344,0.026723431174984862,0.073960493985613,0.024118074806853552,0.06272864720368773,0.019528479959058837,0.05543338022753822,22,85,0.06594778331496645,0.12513716329812458,True,False,False,0.00037950634269749104,COMPLETE
29,0.3283751606941223,2025-04-18 00:25:08.425261,2025-04-18 00:25:40.646368,0 days 00:00:32.221107,0.3536882465477603,0.4194532524995136,8,0.02589781833082201,0.05358417190589633,0.04925420285771512,0.06651557979179462,0.04633562088511153,0.013434457463532182,0.0019420885944797374,18,16,0.03399293193242351,0.16332509121351735,False,False,False,4.9187536015690995e-05,COMPLETE
30,0.36548763513565063,2025-04-18 00:25:40.659570,2025-04-18 00:27:38.412393,0 days 00:01:57.752823,0.8690044064491679,0.6228149741568474,2,0.1750506388351119,0.1642975721340734,0.08065892457843654,0.08326850689801629,0.03687328997395558,0.03539017667719577,1.8039850291118637e-05,30,7,0.07116303387342406,0.002126141112956448,True,False,False,7.913709464576362e-06,COMPLETE
31,0.4294411063194275,2025-04-18 00:27:38.424702,2025-04-18 00:28:38.581165,0 days 00:01:00.156463,0.42033313084370943,0.47687836112351223,2,0.08029522805709516,0.04211534985295935,0.08902015184531056,0.032213539648386864,0.026119186707840792,0.045194345796360884,0.01730652794157026,12,60,0.0367195509044384,0.07625854968892291,True,False,False,6.462496412092673e-05,COMPLETE
32,0.33178839087486267,2025-04-18 00:28:38.593787,2025-04-18 00:29:44.094253,0 days 00:01:05.500466,0.4443746486723011,0.3373866857816033,2,0.06942128115197002,0.025743533240207297,0.09067183231944208,0.03617517388978471,0.03785999676473729,0.059369186428686896,0.012264750983223879,14,48,0.04620388984643249,0.059727478367623515,True,False,False,6.101598977814799e-05,COMPLETE
33,0.34109915494918824,2025-04-18 00:29:44.107450,2025-04-18 00:31:10.303019,0 days 00:01:26.195569,0.5377860993501721,0.5277502721490789,2,0.12628143148089443,0.07154108462249768,0.09898192641310335,0.05215672648881169,0.030060689429454723,0.02373610870712174,0.030496177711839496,20,27,0.018765422719370733,0.07905163814364934,True,False,False,0.00010653587501758483,COMPLETE
34,0.3111904621124268,2025-04-18 00:31:10.316090,2025-04-18 00:32:25.106507,0 days 00:01:14.790417,0.3467829326094619,0.40798023796586386,2,0.2616698568352432,0.017438536645324333,0.06581179584327616,0.02874245337928632,0.04889363875659781,0.026221598119493046,0.004906128884407691,17,59,0.030506974006281336,0.19525666985657775,False,False,False,2.0183676412094335e-05,COMPLETE
35,0.09307204186916351,2025-04-18 00:32:25.120217,2025-04-18 00:32:49.006073,0 days 00:00:23.885856,0.45976666515674136,0.560744215884239,8,0.05414989215687011,0.05480559058220381,0.08547159263392448,0.016900350264725948,0.034165749590701414,0.01383942820635435,0.06563116131559138,11,34,0.05268406567110303,0.02558791815865527,True,True,False,3.353796970567879e-05,COMPLETE
36,0.23648619651794434,2025-04-18 00:32:49.020238,2025-04-18 00:34:01.744775,0 days 00:01:12.724537,0.3799628407970456,0.29447029869516617,2,0.0319996119227905,0.11299985181558922,0.08661412181720796,0.044443579626863045,0.02931424469212575,0.044228538033251406,0.027276829417832993,16,141,0.04289784172272027,0.04109292245593127,False,False,False,0.00038163826943894615,COMPLETE
37,0.12725012600421906,2025-04-18 00:34:01.759370,2025-04-18 00:34:42.387730,0 days 00:00:40.628360,0.16778868538739317,0.46772494745743937,2,0.10734766649124433,0.08189388304767697,0.07639701870718717,0.022236614156405425,0.06270431280156565,0.008055795613057552,0.007402274172414365,8,27,0.035062835171709175,0.06740575235918317,True,True,False,1.6361889341709588e-06,COMPLETE
38,0.20910533070564272,2025-04-18 00:34:42.403188,2025-04-18 00:35:06.815470,0 days 00:00:24.412282,0.6506151292243013,0.3823801607477135,16,0.07380571865014915,0.046368188420518666,0.04524739598581617,0.03827026632105226,0.06981192243147591,0.03868205781434563,0.00019059269098572687,22,63,0.007338450383193355,0.17713994665739935,False,False,True,1.710334479436218e-07,COMPLETE
39,0.19498296380043031,2025-04-18 00:35:06.830640,2025-04-18 00:35:34.161724,0 days 00:00:27.331084,0.22213609235785364,0.15409941649180853,8,0.012723418043088033,0.10052661102304658,0.0921214341763995,0.0321610742981228,0.039720203226501584,0.027481952899450292,0.003294079315118307,14,71,0.026530467451988095,0.21799370753339473,True,True,False,0.00011161696338250926,COMPLETE
40,0.09307204186916351,2025-04-18 00:35:34.178435,2025-04-18 00:37:16.502413,0 days 00:01:42.323978,0.57609390955358,0.6212793750378887,2,0.2990274715892918,0.00043659180610618187,0.034268383983315234,0.014532581753597361,0.05734651023184727,0.01808517613834057,0.0012386707277844296,25,79,0.046532641126445395,0.12373981700661521,True,False,False,0.0004442437876007492,COMPLETE
41,0.42197281122207647,2025-04-18 00:37:16.517876,2025-04-18 00:38:15.909547,0 days 00:00:59.391671,0.42131395862146814,0.9918308468965435,2,0.08265013434817142,0.041112870328504574,0.08770506547262581,0.032964122326581254,0.025782538656638807,0.049258536463052484,0.01592932392940935,12,49,0.03997708624707329,0.0789634136742451,True,False,False,7.363825070676626e-05,COMPLETE
42,0.4669439733028412,2025-04-18 00:38:15.925529,2025-04-18 00:39:24.439738,0 days 00:01:08.514209,0.39818780610340504,0.46756633889503457,2,0.09120659431098462,0.06222356661191014,0.09550036249467478,0.024225217648077793,0.048661535211936946,0.04416735618934983,0.02162994258771549,15,40,0.0349969803316959,0.09271780109321398,True,False,False,5.058048097171583e-05,COMPLETE
43,0.4637401223182679,2025-04-18 00:39:24.456307,2025-04-18 00:40:33.456640,0 days 00:01:09.000333,0.3189942718527948,0.5462721680603039,2,0.09296234461707342,0.0636001827848861,0.0939095002202997,0.024700953457785696,0.048842959109634,0.05626943121877659,0.06540720538891823,15,39,0.034127755524780805,0.0959230977057099,True,False,False,1.3555111168338608e-05,COMPLETE
44,0.37289628386497503,2025-04-18 00:40:33.473448,2025-04-18 00:41:43.629776,0 days 00:01:10.156328,0.3213799015439951,0.5493956549814067,2,0.09152830890561714,0.062432842956080356,0.09513863059435124,0.020645389399693015,0.04889629782419005,0.07185103654139902,0.06349462026215037,15,38,0.022170868613922735,0.09509176210921294,True,False,False,1.062588143899104e-05,COMPLETE
45,0.34629946351051333,2025-04-18 00:41:43.647204,2025-04-18 00:42:57.056412,0 days 00:01:13.409208,0.12069346287308427,0.6621508627041698,2,0.09780199781001495,0.08303096301628057,0.094674797785598,0.011353877807587119,0.052942114390314855,0.060173040190956054,0.07871306961231449,16,28,0.029675539749099235,0.10776872379315161,True,False,False,1.5996181004564155e-05,COMPLETE
46,0.2175113916397095,2025-04-18 00:42:57.074154,2025-04-18 00:43:21.904179,0 days 00:00:24.830025,0.2612038084589404,0.4482751501747338,16,0.11669184805582886,0.01491620839586516,0.08018137602590986,0.024805392915221207,0.0594011977041076,0.0560534461196856,1.1026877127692448e-05,19,24,0.026828350567156607,0.13661158647202146,False,False,False,1.7365099898175674e-08,COMPLETE
47,0.12794602215290068,2025-04-18 00:43:21.922514,2025-04-18 00:44:27.653860,0 days 00:01:05.731346,0.4794990039169748,0.6279298587448592,2,0.14012313212442917,0.28250844059404995,0.0988069863619279,0.04744018677389727,0.04548884849916786,0.06757926653306062,0.05024383687837727,17,17,0.044851112422493906,0.1544383348637663,True,True,True,3.22386929991719e-05,COMPLETE
48,0.42350383996963503,2025-04-18 00:44:27.671556,2025-04-18 00:45:36.285093,0 days 00:01:08.613537,0.38826422218118767,0.5449790702227418,2,0.036542788391852085,0.1300885581605692,0.07058591873298821,0.0755569574472307,0.06711153999094674,0.05129236311635384,0.023558405837113567,15,32,0.0374997560094233,0.09048906268422129,True,False,False,4.687197465229421e-06,COMPLETE
49,0.4309137165546417,2025-04-18 00:45:36.303340,2025-04-18 00:46:25.783925,0 days 00:00:49.480585,0.3528446871701183,0.31381363318510946,2,0.05489720460817229,0.0649389754507105,0.08435786140153571,0.0181085274225887,0.05066863086716943,0.03489016210235224,0.03262412613747679,9,47,0.09654285312929228,0.046876150842411854,True,False,False,0.0002402903377134878,COMPLETE
50,0.3377527952194214,2025-04-18 00:46:25.802572,2025-04-18 00:46:49.211098,0 days 00:00:23.408526,0.5489537458264206,0.7452628041007573,16,0.11456490738303611,0.11167944820896222,0.09508300686447362,0.002560492407035181,0.05440774401325318,0.009967061357293057,0.09999251293980778,13,40,0.0208269206977095,0.1195828212344268,True,False,False,1.1555077273107116e-05,COMPLETE
51,0.39513889551162723,2025-04-18 00:46:49.229707,2025-04-18 00:47:51.535761,0 days 00:01:02.306054,0.24509844003917028,0.49154086930975577,2,0.0718026795442967,0.05047042518007148,0.09024440875154607,0.028025407719434244,0.03389675821475269,0.0404044558489986,0.012238919117840839,13,56,0.03170526397749177,0.06609444864721889,True,False,False,0.00012421234236357646,COMPLETE
52,0.3235523879528046,2025-04-18 00:47:51.554815,2025-04-18 00:48:48.067995,0 days 00:00:56.513180,0.4001817580758685,0.4927161000412901,2,0.06375776984259755,0.03409636179286725,0.08239396715080835,0.04203670684550895,0.03790627439724352,0.042072102788213675,0.006198393647494641,11,52,0.034658189016396786,0.10081142430258812,True,False,False,2.4811604664437434e-05,COMPLETE
53,0.4264862418174744,2025-04-18 00:48:48.087445,2025-04-18 00:50:00.117975,0 days 00:01:12.030530,0.6771018881493807,0.5855120918654619,2,0.0955798625390267,0.09190378790647417,0.08745920143410943,0.03814703603906532,0.04335915917108089,0.048009229816472945,0.012756755285990752,16,32,0.03782071760869532,0.26864630224075,True,False,False,4.749761387473741e-05,COMPLETE
54,0.3195667624473572,2025-04-18 00:50:00.137427,2025-04-18 00:51:06.504068,0 days 00:01:06.366641,0.3272044762118749,0.42817765320872647,2,0.01972944586990956,0.03535247656294662,0.07707244377106688,0.025282308748146454,0.04644509342009682,0.06509568897251974,0.024487062203278898,14,44,0.02523088539645984,0.012528919114157065,True,False,False,8.272365954956995e-05,COMPLETE
55,0.40251018404960637,2025-04-18 00:51:06.523980,2025-04-18 00:52:18.903825,0 days 00:01:12.379845,0.5222504138321337,0.3653824635436123,2,0.051873098731568285,0.07629637146336675,0.09964596469672825,0.05374577243621356,0.01707938300065749,0.022727522061160646,0.04619006259271727,19,66,0.05558015731129484,0.050821328365944156,True,False,True,1.702655837555275e-05,COMPLETE
