number,value,datetime_start,datetime_complete,duration,params_alpha-eval,params_alpha-train,params_batch-size,params_eps-eval,params_eps-train,params_lambda-actions-eval,params_lambda-actions-train,params_lambda-frames-eval,params_lambda-frames-train,params_learning-rate,params_n-epochs,params_n-frames,params_radius-gw,params_rho,params_std-feats,params_ub-actions,params_ub-frames,params_weight-decay,state
396,0.30370204448699956,2025-04-18 04:06:16.626887,2025-04-18 04:06:37.536919,0 days 00:00:20.910032,0.12276189109454753,0.01225348182095451,16,0.04913818527376532,0.2033538892632225,0.08127234858049665,0.02718192024432337,0.006032837292391025,0.09220835615007847,0.0032301813894148146,12,34,0.04384259830443454,0.19492623923261568,True,False,True,1.584237418457576e-05,COMPLETE
397,0.46892507672309874,2025-04-18 04:06:37.661907,2025-04-18 04:06:57.422346,0 days 00:00:19.760439,0.17368805656712014,0.04733923256785498,16,0.030037949836130718,0.09194861668659732,0.0794107744159329,0.021748025260364404,0.0028624687375936567,0.08731933298874961,0.04801155628112242,10,31,0.03629861954136439,0.19084785374152863,True,False,True,1.0911602530743973e-05,COMPLETE
398,0.3589645802974701,2025-04-18 04:06:57.547685,2025-04-18 04:07:18.280507,0 days 00:00:20.732822,0.11672404175192419,0.06384310514275798,16,0.03486512608866899,0.22961138075948928,0.0775795279929425,0.028839742402299265,0.004974769502295478,0.09071988686702508,0.0634668419815734,12,34,0.03762735639064749,0.18509221096595072,True,False,True,2.2480421527754452e-05,COMPLETE
399,0.46699133515357977,2025-04-18 04:07:18.416692,2025-04-18 04:07:39.350704,0 days 00:00:20.934012,0.13814282660807192,0.2470424387905365,16,0.028494590229951273,0.08564541917516627,0.07498237937295914,0.03141791712976835,0.008038432526114728,0.09261853034601282,0.035611492057894635,13,29,0.04096733295335385,0.19585430296104536,True,False,True,1.4041237795387319e-05,COMPLETE
400,0.44126493930816657,2025-04-18 04:07:39.476604,2025-04-18 04:08:00.355540,0 days 00:00:20.878936,0.1152726611846319,0.18398029581229064,16,0.04215888504370921,0.10523114713237738,0.08509099896338622,0.024924852347403333,0.0024461630250922775,0.08461282240797924,0.07500668558176862,12,41,0.035258779179027644,0.17625586282729117,True,False,True,1.0647108840157557e-05,COMPLETE
401,0.4557968378067017,2025-04-18 04:08:00.481352,2025-04-18 04:08:21.648778,0 days 00:00:21.167426,0.1525417699349398,0.04483854612294732,16,0.025372264096696878,0.09772879937105874,0.07607724567222816,0.026307250248588085,0.0010727871297851015,0.09011285792689636,0.0559189419535044,13,36,0.09991353729959046,0.2984746425867805,True,False,True,1.7961880925964326e-05,COMPLETE
402,0.465716427564621,2025-04-18 04:08:21.786402,2025-04-18 04:08:41.835455,0 days 00:00:20.049053,0.18107586130093534,0.024510121930143906,16,0.05293660224934453,0.09193422898613561,0.08027419107957232,0.02245610841670788,0.005735759790762624,0.08798954927958745,0.08265076816012068,11,32,0.038281505120769596,0.19854590066613118,True,False,True,3.457854495966738e-05,COMPLETE
403,0.2971764624118805,2025-04-18 04:08:41.962082,2025-04-18 04:09:05.137456,0 days 00:00:23.175374,0.22410364816932649,0.21788889824672553,16,0.035184312918231604,0.08343442304635255,0.028336053661227593,0.029323823738314644,0.007623097650721021,0.08027624148367882,0.044549780762187526,12,81,0.040394163242054415,0.19001855386277228,True,False,True,3.438560292751715e-08,COMPLETE
404,0.3519882678985596,2025-04-18 04:09:05.264106,2025-04-18 04:09:25.764326,0 days 00:00:20.500220,0.14247131974729807,0.07956141044663946,16,0.02351937947284404,0.09924187732632557,0.0738209732235491,0.020127953368684,0.004246618467150631,0.09239615600731074,5.2383291033549504e-05,11,40,0.03553419853251675,0.184046841979522,True,False,True,1.421736429370266e-05,COMPLETE
405,0.46215541958808903,2025-04-18 04:09:25.892353,2025-04-18 04:09:46.659459,0 days 00:00:20.767106,0.12009614436935426,0.1096745984468537,16,0.03172962524247506,0.07925629844732451,0.07827849559144263,0.023693930914197515,0.005970243188360794,0.08303559505512258,0.06492102895980609,12,35,0.0371519146080684,0.19788750509229977,True,False,True,2.5485972147756454e-05,COMPLETE
406,0.4971638083457947,2025-04-18 04:09:46.797031,2025-04-18 04:10:08.246482,0 days 00:00:21.449451,0.10478529605093562,0.06338288699109683,16,0.02637542004394431,0.09138560776813516,0.0824868465149203,0.027823901621057,0.0028912450426570695,0.0862351740286486,0.05460644584560318,13,38,0.04574608757430086,0.1921739235320019,True,False,True,9.68263695378541e-06,COMPLETE
407,0.43098576068878175,2025-04-18 04:10:08.373750,2025-04-18 04:10:29.449346,0 days 00:00:21.075596,0.1132027455796969,0.03129391475826148,16,0.02892731421894403,0.10748669754957857,0.08169630141141355,0.03184231009277779,0.004470471061951611,0.08982227177135019,0.040766722713595965,13,30,0.04758259269307358,0.1929717860163687,True,False,True,1.1960526796378774e-05,COMPLETE
408,0.4554009079933167,2025-04-18 04:10:29.576758,2025-04-18 04:10:50.201739,0 days 00:00:20.624981,0.10025482643915654,0.05764639171213375,16,0.038911895936855005,0.09257361045894699,0.08416158821801527,0.027725700096929394,0.0073835375739176225,0.08557373759562266,0.051498247853406835,11,42,0.07928463530133201,0.18237750903650263,True,False,True,3.93167948988702e-07,COMPLETE
409,0.4383868098258973,2025-04-18 04:10:50.340296,2025-04-18 04:11:11.614926,0 days 00:00:21.274630,0.15022653808499217,0.044115752592703505,16,0.021419429908667274,0.10119568421092265,0.08370457687119187,0.030155899403894428,0.0010402217445745123,0.08815793440708368,0.031347588539829024,12,46,0.04490332662763483,0.18941517308605324,True,False,True,2.0435096102314122e-05,COMPLETE
410,0.4897297143936158,2025-04-18 04:11:11.745430,2025-04-18 04:11:32.720808,0 days 00:00:20.975378,0.16358315759148326,0.0744391686334343,16,0.04634383728494404,0.08983269141858655,0.08044464421873822,0.027480790705855792,0.0031014203819187923,0.09290129318930136,0.04720082005703684,13,33,0.043282655569911205,0.17244505529130635,True,False,True,9.055766568243816e-06,COMPLETE
411,0.43205305337905886,2025-04-18 04:11:32.851373,2025-04-18 04:11:54.097008,0 days 00:00:21.245635,0.16684266704032003,0.166228299247189,16,0.05189341159647626,0.09305767546558502,0.08036103041773851,0.027686487550517124,0.002835084942778284,0.09113136502773281,0.05554671696682396,14,26,0.04370093636732007,0.17588496178879362,True,False,True,1.6629942237361478e-05,COMPLETE
412,0.45986660122871403,2025-04-18 04:11:54.238387,2025-04-18 04:12:15.199534,0 days 00:00:20.961147,0.16453287198833,0.0728742396310515,16,0.04329593279006783,0.10150656724386739,0.08203394128663871,0.03337166903950384,0.004215390640764956,0.09371855146085974,0.03550779521361978,13,33,0.0458500207442118,0.17444103960363205,True,False,True,8.760441529703284e-06,COMPLETE
413,0.35267733931541445,2025-04-18 04:12:15.331201,2025-04-18 04:12:35.908771,0 days 00:00:20.577570,0.18406565509130407,0.19529182978388135,16,0.0514300004932149,0.1070100446839885,0.07870643159033515,0.030793664187248552,0.002784837166517307,0.09225922334010914,0.04601884018203188,13,28,0.04200294262632482,0.16984379309352285,False,False,True,1.400889776091996e-05,COMPLETE
414,0.4405225276947022,2025-04-18 04:12:36.040295,2025-04-18 04:12:55.496494,0 days 00:00:19.456199,0.13744587779469086,0.07818447507823521,16,0.142933682649723,0.0892781546747779,0.08609181033556626,0.02906267272136431,0.0011091804969859571,0.08932545509791094,0.06006811522460179,10,33,0.046890363004683945,0.1830045206575643,True,True,True,1.1576999319201812e-05,COMPLETE
415,0.4150291800498963,2025-04-18 04:12:55.637197,2025-04-18 04:13:16.875630,0 days 00:00:21.238433,0.19833895525444206,0.010781649903377953,16,0.04422263616163731,0.09633152566956285,0.03656139784724742,0.026629164698531556,0.005494613955166,0.09321446063201594,0.06618904695223057,14,30,0.04274441234934648,0.17961357101377826,True,False,True,2.7883735307122127e-05,COMPLETE
416,0.41454450488090516,2025-04-18 04:13:17.005160,2025-04-18 04:13:44.841743,0 days 00:00:27.836583,0.1295942777895397,0.035977550457075784,16,0.039439139970424156,0.0863044704296625,0.04831185594591474,0.032784474291520066,0.0037870612531555724,0.08686313875514781,0.08936662234291866,29,36,0.04412634080039234,0.1873943758934591,True,False,True,7.60895540567263e-06,COMPLETE
417,0.2138643562793732,2025-04-18 04:13:44.973023,2025-04-18 04:14:11.108529,0 days 00:00:26.135506,0.10048166081534472,0.2455213790421532,16,0.032067977947266305,0.07845642398783235,0.07545731029507723,0.02248521391797458,0.006356667997751488,0.09061495261522444,0.03913084095861036,13,114,0.039631725900483916,0.19892794168858108,True,False,True,1.9735174221196023e-05,COMPLETE
418,0.47402435541152954,2025-04-18 04:14:11.251474,2025-04-18 04:14:32.513392,0 days 00:00:21.261918,0.15061883315206348,0.08400179889461258,16,0.02937686405786465,0.09926841430303264,0.08269982172896112,0.027859223971302756,0.001008542672692101,0.08194602156766702,0.05376916265644662,13,36,0.04238208424239594,0.19308154052218993,True,False,True,1.5509055870615646e-05,COMPLETE
419,0.3565042018890381,2025-04-18 04:14:32.645081,2025-04-18 04:14:54.068415,0 days 00:00:21.423334,0.11627405993596744,0.13061023407158834,16,0.02150275760846193,0.18612066163635937,0.07952993265667418,0.02453826191093168,0.004556748915526812,0.08475751967333979,0.07495013395978639,14,33,0.040895848706141685,0.1879668231501071,True,False,True,9.412819968733141e-06,COMPLETE
420,0.4486777424812317,2025-04-18 04:14:54.202965,2025-04-18 04:15:21.057943,0 days 00:00:26.854978,0.1660287273889671,0.060028745590408675,16,0.03840872988874076,0.09373589474147694,0.0769390086988657,0.02965938268601501,0.008599491786940092,0.08816624023564358,0.026216680397228204,26,39,0.0463330512378202,0.2012574929609718,True,False,True,1.155026535106806e-05,COMPLETE
421,0.4662044405937195,2025-04-18 04:15:21.203787,2025-04-18 04:15:41.675253,0 days 00:00:20.471466,0.13248347734494792,0.1062584168100632,16,0.04721633589800299,0.1087467886832828,0.0806877601556807,0.02082463055524891,0.00265095351128627,0.0931959040700135,0.04642215163906908,12,29,0.038498849452651945,0.18007058587673766,True,False,True,2.3314576386963397e-05,COMPLETE
422,0.4714774370193482,2025-04-18 04:15:41.807858,2025-04-18 04:16:02.160818,0 days 00:00:20.352960,0.2295564407983826,0.05311944520965335,16,0.0260604676021857,0.08886928858080015,0.07216987870294068,0.025804393503747202,0.00635167350434929,0.09022428689518797,0.06278938996315393,11,37,0.03608169835169739,0.2065172689516925,True,False,True,6.482798976430334e-06,COMPLETE
423,0.1940661877393723,2025-04-18 04:16:02.295742,2025-04-18 04:16:23.293549,0 days 00:00:20.997807,0.10286799939311059,0.20843142958986727,16,0.29499105764465994,0.10165688403103854,0.08497535804489362,0.031804314591690454,0.004450272300962201,0.09201493446767564,0.09883344699505915,13,26,0.03993765966443453,0.17146655081296708,True,False,True,1.4592565434661204e-05,COMPLETE
424,0.46707678437232975,2025-04-18 04:16:23.446335,2025-04-18 04:16:44.459652,0 days 00:00:21.013317,0.18941365625749523,0.033096990347781206,16,0.019386873189596362,0.08147291246431312,0.0762728768720844,0.023010700485688082,0.007885300795074553,0.08685901099879695,0.0731817145039437,12,42,0.048172253479692895,0.19439894295761848,True,False,True,8.6805572675336e-06,COMPLETE
425,0.4220618426799775,2025-04-18 04:16:44.593502,2025-04-18 04:17:04.485262,0 days 00:00:19.891760,0.15188712981499772,0.07738962336992702,16,0.05926288967041195,0.09529944334338365,0.08288457884313953,0.026977193013161014,0.0030027660260683684,0.08376164379497258,0.052763952719845054,10,32,0.0430203879170531,0.18441369648150502,True,False,True,1.2314974988895252e-05,COMPLETE
426,0.47525411248207095,2025-04-18 04:17:04.618990,2025-04-18 04:17:25.815607,0 days 00:00:21.196617,0.12415489099527498,0.22786302138123526,16,0.03460691025391542,0.08590556175163756,0.07400352904101888,0.020552482145165665,0.0057378067525636275,0.08913267787926916,0.04088551840288884,13,34,0.03666898402243261,0.19949207792775722,True,False,True,1.819935177945582e-05,COMPLETE
427,0.46921164393424986,2025-04-18 04:17:25.949635,2025-04-18 04:17:47.083057,0 days 00:00:21.133422,0.09814974396070845,0.08919678803990967,16,0.00012658713996307677,0.10362197324440367,0.07792703532446696,0.03406356388628423,0.0027095592173675843,0.09348494206170656,0.05941575865113301,12,40,0.038736872421003744,0.19000954926645489,True,False,True,3.360055768820117e-05,COMPLETE
428,0.4221711337566376,2025-04-18 04:17:47.227535,2025-04-18 04:18:07.817601,0 days 00:00:20.590066,0.13385873596709735,0.06477639560955517,16,0.1877821271773536,0.07586116800191357,0.08028154741780326,0.024543031279920285,0.0048748802692695535,0.09133117202445977,0.08267366231917375,11,45,0.03509435927975119,0.20933294755544757,True,False,True,1.0116003894273084e-05,COMPLETE
429,0.3479506015777588,2025-04-18 04:18:07.952220,2025-04-18 04:18:29.144730,0 days 00:00:21.192510,0.10896628402640846,0.04063794411032305,16,0.017675932730590746,0.08972374553327703,0.07147195714189541,0.02992141882006499,0.008476395279706572,0.08485121296733537,7.512687232892707e-05,13,37,0.04475378669840767,0.17740751430059448,True,False,True,2.2697234017385612e-05,COMPLETE
430,0.475063157081604,2025-04-18 04:18:29.279088,2025-04-18 04:18:50.729252,0 days 00:00:21.450164,0.17027759752764143,0.1458700912758416,16,0.025469567658337286,0.09673005667428528,0.0738753202560548,0.027330494517519774,0.006381087252900128,0.08904948074225247,0.04835027924134287,14,31,0.04134610763093291,0.1979825644423594,True,False,True,6.748706059322249e-06,COMPLETE
431,0.19609015583992007,2025-04-18 04:18:50.877492,2025-04-18 04:19:11.545825,0 days 00:00:20.668333,0.084314416165255,0.8629300808935279,16,0.006767668792489764,0.1083833298308982,0.0775488302106322,0.022556256011585344,0.002814645752943107,0.08052068664181991,0.03410599866636838,13,21,0.03809932473400741,0.20376968469549517,True,False,True,1.4016329265889181e-05,COMPLETE
432,0.09307204186916351,2025-04-18 04:19:11.681651,2025-04-18 04:19:32.263066,0 days 00:00:20.581415,0.14255185598832545,0.11378312152586659,16,0.01647678807615563,0.08260173126766475,0.081120113921255,0.031874786084239826,0.00430681367165828,0.08707161065811987,0.06619341235999553,12,35,0.032698685167958146,0.19299520132992953,True,True,True,8.370466174510894e-06,COMPLETE
433,0.2463373601436615,2025-04-18 04:19:32.399795,2025-04-18 04:19:53.362156,0 days 00:00:20.962361,0.0942412059643985,0.17794120526549767,16,0.03247322048661043,0.09146789492121554,0.0756161935988719,0.025369036224550712,0.0010252412546028216,0.09099774344357585,0.08510220088968992,14,39,0.03394173208927829,0.18713575036074365,False,False,True,1.1362533194347832e-05,COMPLETE
434,0.39390363097190856,2025-04-18 04:19:53.508038,2025-04-18 04:20:14.307825,0 days 00:00:20.799787,0.1187235929700805,0.05758493322210454,16,0.025725146839040487,0.06701056497570032,0.07911981959019508,0.028724687005247822,0.007360073946358367,0.08595698332884923,0.05484702606833719,11,43,0.036703731455192394,0.1827528903943797,True,False,True,4.472764628777302e-05,COMPLETE
435,0.41871855258941654,2025-04-18 04:20:14.444196,2025-04-18 04:20:35.613574,0 days 00:00:21.169378,0.1661998824957784,0.02591665538409979,16,0.009824241322846225,0.07688434316118622,0.0830709951770534,0.018523604894134214,0.003935407478470551,0.09358122061195683,0.07097455725812579,13,37,0.04054326541016279,0.19575508724934584,True,False,True,1.8515813260806085e-05,COMPLETE
436,0.42790218591690066,2025-04-18 04:20:35.749361,2025-04-18 04:20:58.173690,0 days 00:00:22.424329,0.19707406633993158,0.2522647766778138,16,0.03767484256407169,0.09872120542074643,0.07209219138532871,0.033904739975974256,0.0010795763664369269,0.08290101371944027,0.04408225188845816,12,71,0.035048619616944075,0.21515780010820731,True,False,True,2.7885255951186174e-05,COMPLETE
437,0.4565037786960602,2025-04-18 04:20:58.321991,2025-04-18 04:21:18.428455,0 days 00:00:20.106464,0.14652805981769956,0.09590159110523602,16,0.04702812848762416,0.1040598548839612,0.07714303416736278,0.023457329345906077,0.005754997315047108,0.08889067690969453,0.06019650849582225,10,34,0.07404430108990262,0.2058304927354308,True,False,True,1.6027790571433256e-05,COMPLETE
438,0.4592217266559601,2025-04-18 04:21:18.566373,2025-04-18 04:21:39.484784,0 days 00:00:20.918411,0.09241769762395757,0.07043294029986039,16,0.019524731999033942,0.08479918905525868,0.07426004677471813,0.026496333297244944,0.008842820642950035,0.09393749013865821,0.07280112835072773,12,41,0.04393028038275198,0.20069678225762325,True,False,True,6.098582394660902e-06,COMPLETE
439,0.4446965157985688,2025-04-18 04:21:39.621257,2025-04-18 04:22:00.933337,0 days 00:00:21.312080,0.10935318466187313,0.047418940758880694,16,0.013907928721278127,0.09298294283859591,0.08120375791383713,0.02121018494029878,0.002912745026991407,0.0913383604174901,0.029353547545437994,14,29,0.07662024226175145,0.18886882570517302,True,False,True,9.443461890397479e-06,COMPLETE
440,0.40668584704399113,2025-04-18 04:22:01.081949,2025-04-18 04:22:22.521107,0 days 00:00:21.439158,0.07073371258729458,0.21105262746834963,16,0.006138564554737032,0.07274930862879676,0.044503692353992146,0.09797042900477931,0.00672786638461142,0.09495992284629111,0.03826127581768996,13,25,0.03821421320563501,0.17457346312799568,True,False,True,1.3044165386537103e-05,COMPLETE
441,0.4369055509567261,2025-04-18 04:22:22.660198,2025-04-18 04:22:44.088587,0 days 00:00:21.428389,0.12761976150461155,0.08402670096912124,16,0.027302108741496765,0.0890795348187193,0.07918035887735966,0.030749250133331588,0.004334545829559795,0.07678130826283308,0.05021131375099611,12,47,0.05167372755641848,0.1943336239699523,True,False,True,7.814224426035756e-06,COMPLETE
442,0.4476141035556793,2025-04-18 04:22:44.227954,2025-04-18 04:23:04.975603,0 days 00:00:20.747649,0.17735813318823912,0.01065834548702465,16,0.020761390340905395,0.07949026370594392,0.08402445237648032,0.028726210517509138,0.009349212215489452,0.08818090715746832,0.08637654315254166,11,39,0.04235229631650477,0.18195211060408448,True,False,True,2.251140237741347e-05,COMPLETE
443,0.50324946641922,2025-04-18 04:23:05.124297,2025-04-18 04:23:25.476976,0 days 00:00:20.352679,0.15071779734103985,0.18976449804625978,16,0.01100139432266918,0.09945305699724637,0.06698929965574074,0.02458275542259236,0.0010343901754971839,0.09230783514696424,0.05949500444307569,11,33,0.034654243251433986,0.20380780569301302,True,False,True,1.0615917020104403e-05,COMPLETE
444,0.4735794305801392,2025-04-18 04:23:25.617405,2025-04-18 04:23:46.140923,0 days 00:00:20.523518,0.14935801544735927,0.1604954266081829,16,0.013591405861433497,0.10935304557745229,0.07056389946281297,0.025027268807832508,0.0011002443339601532,0.09059491211973113,0.09879491246110418,12,31,0.03581420000965802,0.2098201027581082,True,False,True,9.937725495119197e-06,COMPLETE
445,0.4510852456092835,2025-04-18 04:23:46.293782,2025-04-18 04:24:07.093638,0 days 00:00:20.799856,0.1607945886794929,0.18903128999341184,16,0.020830462452646387,0.09488209744510985,0.07658403611210605,0.027232653994371202,0.002764654291887908,0.09325106581968115,0.06709054764191909,13,27,0.049086838086880434,0.20471800769040827,True,False,True,7.348528378606173e-06,COMPLETE
446,0.47785168290138247,2025-04-18 04:24:07.235757,2025-04-18 04:24:28.253614,0 days 00:00:21.017857,0.13567532975543445,0.13067202755308566,16,0.030630298148238082,0.08551481611912723,0.08643878119281193,0.028692276042392273,0.005447238587440022,0.09183336996952458,0.05899048485615727,13,33,0.03909828485930826,0.1896560863241198,True,False,True,5.3434061140622005e-06,COMPLETE
447,0.49297283887863164,2025-04-18 04:24:28.396424,2025-04-18 04:24:48.547422,0 days 00:00:20.150998,0.20677628658046088,0.16252778459788217,16,0.03837775948402874,0.10169850522748881,0.06848713030927067,0.032256630501126385,0.0025834350056481107,0.08966175130093053,0.06951667263573943,11,35,0.034533781221186846,0.1977352835446572,True,False,True,1.1261141977993862e-05,COMPLETE
448,0.454231607913971,2025-04-18 04:24:48.701921,2025-04-18 04:25:08.534748,0 days 00:00:19.832827,0.20001824729629852,0.1562589829795752,16,0.041131512525146505,0.1031604874628615,0.06832044349229022,0.03345248033593331,0.0025565132496249846,0.08985678127120685,0.0772914677836253,10,30,0.03745497207301487,0.21758692995215817,True,False,True,9.664427977465368e-06,COMPLETE
449,0.49146996736526494,2025-04-18 04:25:08.675260,2025-04-18 04:25:28.807701,0 days 00:00:20.132441,0.18601730913158346,0.16859208511010615,16,0.05100589322863348,0.10869895209598976,0.06744668850467397,0.03265506638011085,0.0010076928986857536,0.09240042950120747,0.08430941452722457,11,34,0.03461803081680423,0.21179429098735908,True,False,True,6.765834719608697e-06,COMPLETE
450,0.3647348999977112,2025-04-18 04:25:28.948868,2025-04-18 04:25:48.728385,0 days 00:00:19.779517,0.21504579615738678,0.1717052691469823,16,0.0538769539108609,0.11207292484706653,0.0666706773229704,0.031187875523738428,0.0014841907219202682,0.09246117764233656,0.08687013276463074,10,28,0.034356195192749385,0.21319071515287155,True,False,True,5.894445202660071e-06,COMPLETE
451,0.34388836026191716,2025-04-18 04:25:48.882258,2025-04-18 04:26:09.182282,0 days 00:00:20.300024,0.23371979401083842,0.1864511790411102,16,0.04452989196905392,0.10884247956503669,0.0694051140040986,0.034152114941707175,0.0011818145345094122,0.09439302287044755,0.09934392273065194,11,24,0.03416383507909961,0.20891928827807787,True,False,True,7.05583435828666e-06,COMPLETE
452,0.09307204186916351,2025-04-18 04:26:09.324632,2025-04-18 04:26:29.544289,0 days 00:00:20.219657,0.19149377453965943,0.1367995554882525,16,0.062375548008899565,0.10674457539641456,0.06645545443733347,0.03033751112330145,0.004188587290106002,0.09248890523491289,0.06919468756528907,11,32,0.03573357130561182,0.21785635184519125,True,True,True,8.392895509636607e-06,COMPLETE
