number,value,datetime_start,datetime_complete,duration,params_alpha-eval,params_alpha-train,params_batch-size,params_eps-eval,params_eps-train,params_lambda-actions-eval,params_lambda-actions-train,params_lambda-frames-eval,params_lambda-frames-train,params_learning-rate,params_n-epochs,params_n-frames,params_radius-gw,params_rho,params_std-feats,params_ub-actions,params_ub-frames,params_weight-decay,state
968,0.4553457200527191,2025-04-11 14:47:28.523607,2025-04-11 14:48:43.259346,0 days 00:01:14.735739,0.17879866400403693,0.1684084391283367,2,0.18878504108372632,0.07851291921372816,0.0743402005958243,0.011230546181615637,0.087132920297866,0.08584181075233807,0.07574087030799011,17,41,0.0832609933618716,0.17042396568454177,True,False,False,5.8009255988885694e-05,COMPLETE
969,0.5110938549041748,2025-04-11 14:48:43.566041,2025-04-11 14:50:10.349382,0 days 00:01:26.783341,0.06358414145001087,0.2423771846562531,2,0.17396721314001548,0.0406355394060047,0.08175385272419429,0.018466786377924985,0.09253200561454374,0.08839086483360711,0.03374295301953225,21,43,0.08612739456754198,0.1810309760520892,True,False,False,2.618396597953842e-05,COMPLETE
970,0.4719038784503937,2025-04-11 14:50:10.667693,2025-04-11 14:51:34.681077,0 days 00:01:24.013384,0.02954788187698716,0.2132191856474977,2,0.18048967658174908,0.030676923982712316,0.030311601828006057,0.020806995729061365,0.08389711576528537,0.02343008604837865,0.03155597660736291,20,39,0.09018313741324233,0.18368982078724794,True,False,False,1.8619580116497434e-05,COMPLETE
971,0.4403132498264313,2025-04-11 14:51:35.003595,2025-04-11 14:53:01.977235,0 days 00:01:26.973640,0.051750425340009634,0.19395924842924658,2,0.1955867976381745,0.029897708709272053,0.07988042507351001,0.019555242365185452,0.094750858205359,0.08935142296969371,0.024997465677818333,21,43,0.08857925540717153,0.1926245286322148,True,False,False,2.3615770287914894e-05,COMPLETE
972,0.48719500303268437,2025-04-11 14:53:02.300544,2025-04-11 14:54:32.475681,0 days 00:01:30.175137,0.04173998174741429,0.1594266962242342,2,0.1708595280342761,0.03521512725733664,0.08175159736849714,0.0011059149763643847,0.08085832328551465,0.09162338515871088,0.03395926151974853,22,38,0.0868074181088395,0.18736563670929426,True,False,False,1.6333171184935507e-05,COMPLETE
973,0.4399499118328095,2025-04-11 14:54:32.801245,2025-04-11 14:56:01.295389,0 days 00:01:28.494144,0.03837614862271713,0.6213939652608635,2,0.18420954641076723,0.039769022258696086,0.07882765374988641,0.02100170163827199,0.09042881105632473,0.09008904333313139,0.02814142816162845,21,42,0.09135422456747751,0.18005756387287236,True,False,False,2.1991320625879708e-05,COMPLETE
974,0.4462620854377747,2025-04-11 14:56:01.602179,2025-04-11 14:57:29.259101,0 days 00:01:27.656922,0.06326156402557905,0.22650579368287357,2,0.2028045774544021,0.03808166116666148,0.07654160084249406,0.018052245236731254,0.0860522462544894,0.09268714245294357,0.02144461376893467,21,40,0.08771020250711314,0.19233411420706462,True,False,False,2.096662708151424e-07,COMPLETE
975,0.44127833247184756,2025-04-11 14:57:29.579707,2025-04-11 14:58:57.220682,0 days 00:01:27.640975,0.07507502094559347,0.2540152075189938,2,0.17830089943184813,0.025299633677388716,0.08125980289942851,0.021500734371997038,0.02979434324460397,0.08870093103050918,0.03594206406944199,21,44,0.08562887439470733,0.009928001617078824,True,False,False,4.930810598707327e-07,COMPLETE
976,0.09307204186916351,2025-04-11 14:58:57.542859,2025-04-11 15:00:16.648256,0 days 00:01:19.105397,0.06104011701130806,0.2106714848871895,2,0.1884150141695986,0.04432750670000185,0.07891380793509907,0.018670437513383455,0.0830692305040114,0.09098310052263783,0.03355176887248266,22,70,0.094211102340933,0.1843294881396146,True,True,False,2.6101688347702503e-05,COMPLETE
977,0.45742068886756904,2025-04-11 15:00:16.970776,2025-04-11 15:01:46.696117,0 days 00:01:29.725341,0.08656926766124251,0.1845966461262904,2,0.1691553724342778,0.037551801614469006,0.07592261557023565,0.017393002771148375,0.08055972991979768,0.0884932044509821,0.025223569729271613,21,47,0.08891245024322059,0.17963340297779817,True,False,False,1.7697555833194606e-05,COMPLETE
978,0.41900216937065127,2025-04-11 15:01:47.021562,2025-04-11 15:03:14.176041,0 days 00:01:27.154479,0.05976336073034824,0.2806861174310509,2,0.1918826002663454,0.04231892235693786,0.078600470103519,0.003421921589749353,0.08766910922839882,0.09358077394830953,0.04204444350201568,21,37,0.086509684131868,0.23073894591966465,False,False,False,1.2019390454388134e-05,COMPLETE
979,0.48341523408889775,2025-04-11 15:03:14.488677,2025-04-11 15:04:45.837205,0 days 00:01:31.348528,0.09345595797493869,0.1560239459044764,2,0.1744421285231292,0.046759626036278916,0.07315094963180245,0.007329140482731578,0.08472456030795555,0.08739928818144052,0.028779487462288113,22,42,0.08987488783374413,0.19654448899044694,True,False,False,2.5374483210238286e-05,COMPLETE
980,0.42889875173568726,2025-04-11 15:04:46.159848,2025-04-11 15:06:17.022364,0 days 00:01:30.862516,0.07329193270739576,0.23611532921210115,2,0.1664931088249426,0.041449094321990586,0.08006356231328689,0.02210854930253999,0.007399185305893008,0.00827340622997387,0.03540203219618943,22,49,0.08518549845570503,0.21042608068829527,True,False,False,3.084187093877279e-05,COMPLETE
981,0.4830007553100586,2025-04-11 15:06:17.345423,2025-04-11 15:07:50.056497,0 days 00:01:32.711074,0.04470809708602898,0.20317976286894412,2,0.006987630833406672,0.03062705760492357,0.07576694636322766,0.016209977704455723,0.09213952204378817,0.0952036189393335,0.020762107556372127,23,39,0.09136139400454707,0.18688202779790278,True,False,False,2.0077874463603953e-05,COMPLETE
982,0.45162228345870975,2025-04-11 15:07:50.385375,2025-04-11 15:09:20.786193,0 days 00:01:30.400818,0.02387335363563324,0.6857337373418642,2,0.1807855296875402,0.04935783519120001,0.09803432010600123,0.019033744908678325,0.08205263504128127,0.09141384348703585,0.028710521477201528,22,45,0.0882002420487338,0.17780109179346074,True,False,False,3.0140631135621134e-05,COMPLETE
983,0.4597568571567536,2025-04-11 15:09:21.112978,2025-04-11 15:10:48.781484,0 days 00:01:27.668506,0.10309514274344939,0.17481165904932838,2,0.0925678290237534,0.03533720411012989,0.08249896265144226,0.005548292238689251,0.08587234997264712,0.09786855879747881,0.044808392406028075,21,41,0.08664909755081554,0.17441335503880734,True,False,False,1.487210911234658e-05,COMPLETE
984,0.4909530401229859,2025-04-11 15:10:49.106766,2025-04-11 15:12:13.458716,0 days 00:01:24.351950,0.08623957663008243,0.23313892508145637,2,0.18486574105779624,0.04605420731256969,0.07119054533381394,0.017585397314190863,0.08905802232467695,0.08928500112853843,0.038132865456327644,20,37,0.08900174380794562,0.190320074638827,True,False,False,2.2304401019870474e-05,COMPLETE
985,0.4539739847183228,2025-04-11 15:12:13.768921,2025-04-11 15:13:42.421745,0 days 00:01:28.652824,0.11511239223671307,0.25637728994734543,2,0.19685914453435327,0.05139400622661275,0.07780544521299648,0.012990559119050275,0.08005438862538283,0.08712740444184582,0.02427841589909438,21,43,0.09825741409219384,0.23971606614256713,True,False,False,7.895195022571581e-06,COMPLETE
986,0.3930370509624481,2025-04-11 15:13:42.746457,2025-04-11 15:15:11.126478,0 days 00:01:28.380021,0.07014083914122267,0.21585984998807384,2,0.1748911109209857,0.040671328849006434,0.07474423561768138,0.009186479584945208,0.08352438594029171,0.09325719762678363,0.03330185844084015,25,47,0.0925676367132021,0.18259514876226973,True,False,True,3.8959607653785895e-05,COMPLETE
987,0.48645365238189703,2025-04-11 15:15:11.449596,2025-04-11 15:16:23.701885,0 days 00:01:12.252289,0.10008844630685536,0.1917855945621949,2,0.16679112657519832,0.05178113066648471,0.08023080448628421,0.020501030476077327,0.09527854920070643,0.003476697413872042,0.02194809309547684,16,50,0.08434963606019971,0.22482787864104523,True,False,False,2.7458360970042692e-05,COMPLETE
988,0.37464947700500495,2025-04-11 15:16:24.029539,2025-04-11 15:17:55.810989,0 days 00:01:31.781450,0.12796926857157498,0.15146880722990863,2,0.1785514399095376,0.04418314152912387,0.0719320785369348,0.01592745031339954,0.086775896104962,0.089131399987741,0.04252898690388463,22,62,0.08782438417897599,0.19870186904680065,True,False,False,3.5433081893162334e-05,COMPLETE
989,0.46896904706954956,2025-04-11 15:17:56.139801,2025-04-11 15:19:11.952343,0 days 00:01:15.812542,0.11126572665121408,0.22497946637907573,2,0.19141408774264523,0.03495432807523362,0.0777435208887906,0.01170892390216554,0.09082321575365805,0.08650081746381084,0.028878158412276762,17,55,0.0853319016011252,0.17483177063755836,True,False,False,3.2541368658043246e-05,COMPLETE
990,0.4810584783554077,2025-04-11 15:19:12.265815,2025-04-11 15:20:46.862558,0 days 00:01:34.596743,0.10191482122805566,0.1724615556077376,2,0.18401164971183318,0.04933141445406537,0.07551048505175835,0.014056547975430007,0.08212911851792966,0.09100966280207502,0.018716557879409727,23,40,0.09512784700537552,0.21312145619155753,True,False,False,2.1224659628152662e-05,COMPLETE
991,0.42937592267990116,2025-04-11 15:20:47.191180,2025-04-11 15:21:59.141616,0 days 00:01:11.950436,0.1277003198573412,0.20128509966258665,2,0.1735106471774093,0.018278636392844085,0.07279836334690588,0.019673666471089882,0.09330655721654837,0.08574718821099175,0.036415795275686245,16,44,0.040900059367383564,0.20363737703957135,True,False,False,1.0539807329780197e-05,COMPLETE
992,0.45946038961410524,2025-04-11 15:21:59.467232,2025-04-11 15:23:08.168730,0 days 00:01:08.701498,0.054345940183681926,0.24614508330733714,2,0.16650753894229753,0.042387834735651206,0.08267278140845413,0.017519067872969838,0.08432123338815543,0.09608138426341856,0.0254978514031844,15,46,0.08640036355730996,0.18196044559294858,True,False,False,4.150195702393327e-05,COMPLETE
993,0.49736095666885377,2025-04-11 15:23:08.497098,2025-04-11 15:24:45.443688,0 days 00:01:36.946590,0.07336924656734244,0.1861147141909614,2,0.18829769030022794,0.05517860969585889,0.07073158389087544,0.022519723497200262,0.07978799234821768,0.05903231673540375,0.05161334033159457,24,36,0.09028595739377511,0.19149546328053907,True,False,False,6.1970640438644e-05,COMPLETE
994,0.44884966611862187,2025-04-11 15:24:45.773069,2025-04-11 15:26:26.184014,0 days 00:01:40.410945,0.04734187273681164,0.19143490055072,2,0.19691392481021786,0.05285936486638376,0.07433192040888269,0.0209000102538817,0.07928389116600265,0.0532497467465045,0.05092909762409795,25,38,0.09267100768562495,0.19532543396658184,True,False,False,6.0087852044440166e-05,COMPLETE
995,0.09307204186916351,2025-04-11 15:26:26.517723,2025-04-11 15:27:50.313769,0 days 00:01:23.796046,0.015479209403164565,0.21198308474283553,2,0.20322564797312395,0.04620271920441564,0.07659295049926573,0.02321986966776659,0.07928652916807902,0.06515824584138916,0.05018955014751704,24,42,0.09458734683449958,0.19358010648201424,True,True,False,7.003153903395305e-05,COMPLETE
996,0.4860257625579834,2025-04-11 15:27:50.628500,2025-04-11 15:29:05.867492,0 days 00:01:15.238992,0.5684565148251068,0.18736850996549517,2,0.19021603134476145,0.03614288438771885,0.08087139697385508,0.02196686429477679,0.08844740310687313,0.04261760967708103,0.04670768463348609,17,36,0.091286247848782,0.20114051473345831,True,False,False,1.819908462115168e-05,COMPLETE
997,0.5057738304138184,2025-04-11 15:29:06.196920,2025-04-11 15:30:42.438922,0 days 00:01:36.242002,0.0748003395776875,0.20782995011402156,2,0.19350555728461136,0.05120451342252557,0.07056257668740519,0.02255696697595025,0.08076031066791825,0.06963044493483314,0.055747661275989194,24,35,0.09026371518364205,0.18955780546694165,True,False,False,2.506927022954827e-05,COMPLETE
998,0.44540672898292544,2025-04-11 15:30:42.766899,2025-04-11 15:32:26.218947,0 days 00:01:43.452048,0.07723566288371209,0.17426968165937184,2,0.19246263985249956,0.055393056756805635,0.06918940144139527,0.02383534881243017,0.0784273715775687,0.057622948267799984,0.057919643325457126,26,33,0.05249380603964726,0.18904391270426177,True,False,False,1.4618799887680361e-05,COMPLETE
999,0.295720762014389,2025-04-11 15:32:26.549040,2025-04-11 15:34:02.852449,0 days 00:01:36.303409,0.08054577957405798,0.20420198186773514,2,0.1891190490784021,0.05899330417268549,0.07054976756865966,0.019526147971411736,0.0809112263281902,0.06804128910874031,0.05248406462624894,24,30,0.05390829060827185,0.18848657050896836,False,False,False,2.1749819292683394e-05,COMPLETE
1000,0.48300632238388064,2025-04-11 15:34:03.185307,2025-04-11 15:35:37.115166,0 days 00:01:33.929859,0.09196439341343438,0.22976184385916634,2,0.19972033149164298,0.027372410522320444,0.06857769732437974,0.022905549051816795,0.07922433920753183,0.07091718412887504,0.06080643032789474,23,35,0.09357981683775933,0.1966289781159303,True,False,False,1.8474933400843287e-05,COMPLETE
1001,0.443310159444809,2025-04-11 15:35:37.447743,2025-04-11 15:37:16.884321,0 days 00:01:39.436578,0.11571799030886028,0.9629332165588681,2,0.18482989548637002,0.05265344776027761,0.06962220212967661,0.02336772704511896,0.08973693157328572,0.07201422597299156,0.04878928583715706,25,35,0.09035705052671303,0.2061666521123958,True,False,False,2.4787541486955164e-05,COMPLETE
1002,0.38131519556045534,2025-04-11 15:37:17.200985,2025-04-11 15:38:57.512755,0 days 00:01:40.311770,0.06669584634144476,0.18573491724930083,2,0.18598552230236365,0.041947289040805934,0.07226406443638143,0.02228049535425773,0.09551893355989911,0.0637796624638601,0.069333775200078,25,32,0.049013220107853105,0.1843147126907802,True,False,False,1.3557240673626477e-05,COMPLETE
1003,0.4901801228523255,2025-04-11 15:38:57.840446,2025-04-11 15:40:34.811374,0 days 00:01:36.970928,0.09906528539362258,0.2196051335207094,2,0.19407388304067208,0.04734739529544938,0.07048582059699043,0.02158803963181001,0.09260425974611804,0.06791576169220384,0.053783134262213005,24,34,0.09616497015297235,0.19282857652077848,True,False,False,2.5738293684083322e-05,COMPLETE
1004,0.34310554265975957,2025-04-11 15:40:35.142983,2025-04-11 15:42:11.922535,0 days 00:01:36.779552,0.14394926365173066,0.16865772809761434,2,0.1853552076035001,0.2265500205516325,0.07024537281657503,0.023614917400104463,0.08077578383614317,0.0638981921469871,0.059408892361030884,24,37,0.050060902427935684,0.18920178788563935,True,False,False,1.7387248221970652e-05,COMPLETE
1005,0.4646716177463532,2025-04-11 15:42:12.258546,2025-04-11 15:43:48.237302,0 days 00:01:35.978756,0.12844613534245897,0.26745738263427254,2,0.20638027499547607,0.06105357569086604,0.03647059293616415,0.020394839311691698,0.07771733949692797,0.059323236727375356,0.04207217893942729,24,35,0.09199997020969942,0.20141552253952869,True,False,False,2.8611207323243904e-05,COMPLETE
1006,0.3461006283760071,2025-04-11 15:43:48.570923,2025-04-11 15:45:31.600673,0 days 00:01:43.029750,0.08186571939738917,0.2044254557263689,2,0.190448295365824,0.2770344981826104,0.0680251612947157,0.024684070740656604,0.09080135553949098,0.06198986313664799,0.06543118214718056,25,91,0.09069974745526609,0.18551631745490732,True,False,False,2.338775002564546e-05,COMPLETE
1007,0.4625093162059784,2025-04-11 15:45:31.933735,2025-04-11 15:47:09.190505,0 days 00:01:37.256770,0.11089318000103249,0.24528903261427318,2,0.18018328733470423,0.05466438251277433,0.07260998951958418,0.02112253881696308,0.08763570254797776,0.06699900849886592,0.04462543851819762,24,31,0.09395050941239012,0.18101488346739178,True,False,False,3.968376361817286e-06,COMPLETE
1008,0.44528787136077885,2025-04-11 15:47:09.508289,2025-04-11 15:48:35.769172,0 days 00:01:26.260883,0.1400576699847338,0.1900935847282029,2,0.199088333419148,0.0654058663611332,0.0710127692276317,0.01903645772619548,0.08556905148309052,0.06930405610257649,0.05823373757081919,25,37,0.09192062716172193,0.21572638204812727,True,False,True,1.710331415389608e-05,COMPLETE
1009,0.47732731103897097,2025-04-11 15:48:36.099212,2025-04-11 15:50:13.194108,0 days 00:01:37.094896,0.06634637795854074,0.228141111085609,2,0.18079523802151543,0.047121790802558176,0.08247369222269352,0.019832165905921954,0.08315621616265464,0.05268939646884556,0.05206188331815501,24,39,0.09006949447062575,0.21024626197682023,True,False,False,2.9194450574141408e-05,COMPLETE
1010,0.5116454482078552,2025-04-11 15:50:13.524104,2025-04-11 15:51:47.431163,0 days 00:01:33.907059,0.15519155876868326,0.16453513747266166,2,0.194073878441085,0.039043408212186076,0.07354602382210643,0.023239237854257227,0.08066897465560266,0.07121402260273627,0.04154003765515579,23,34,0.08925945696249728,0.1949954670792606,True,False,False,1.2311816877588224e-05,COMPLETE
1011,0.4475262343883515,2025-04-11 15:51:47.772083,2025-04-11 15:53:21.455479,0 days 00:01:33.683396,0.15551710999022839,0.37288138130878945,2,0.20272687212083046,0.025108229915783233,0.07777823869186463,0.022574605353504393,0.0810745286407677,0.05576084941258508,0.04005656735602092,23,30,0.05160301043252808,0.20017310434977442,True,False,False,9.271897486402738e-06,COMPLETE
1012,0.4555395722389221,2025-04-11 15:53:21.793133,2025-04-11 15:54:55.023647,0 days 00:01:33.230514,0.16529648379606454,0.18620622590731653,2,0.20497460474732657,0.03056384779582927,0.07425164581697698,0.021018018253855502,0.08525366817296362,0.06601372512091445,0.04629309698594418,23,26,0.08918931350413772,0.19731057857393028,True,False,False,9.34996366862993e-06,COMPLETE
1013,0.4654632151126862,2025-04-11 15:54:55.360641,2025-04-11 15:56:29.402016,0 days 00:01:34.041375,0.162649207177099,0.171207660039566,2,0.1969064113146365,0.033925746199607004,0.08450619968041735,0.022356364670580636,0.08320152203904795,0.06574726339278245,0.04300631484549849,23,29,0.08890399402471162,0.1921500101393975,True,False,False,8.013971329689559e-06,COMPLETE
1014,0.4826559662818909,2025-04-11 15:56:29.724370,2025-04-11 15:58:06.750949,0 days 00:01:37.026579,0.1465403989607558,0.20760721439316757,2,0.1948845131831776,0.03690315448504243,0.07367310829098983,0.018625427029404645,0.0881905889870815,0.056477374621224,0.0535667060069336,24,33,0.0881572567503368,0.20447831993897944,True,False,False,1.1387154975050001e-05,COMPLETE
1015,0.09405704587697983,2025-04-11 15:58:07.083295,2025-04-11 15:59:29.770450,0 days 00:01:22.687155,0.5193051824143258,0.16448244405499612,2,0.199397945320631,0.030366658533958965,0.07978693537240356,0.020031745287782628,0.08071727619210842,0.06010825669826084,0.03868428758807038,24,23,0.09000135831886058,0.19483397659684482,True,True,False,1.3264338455189927e-05,COMPLETE
1016,0.44172155261039736,2025-04-11 15:59:30.102138,2025-04-11 16:01:03.404554,0 days 00:01:33.302416,0.18838003023444486,0.1966472669495364,2,0.19254883364253234,0.021492688312449736,0.07497315146315536,0.02421121650941189,0.08393499588641051,0.07012739476055316,0.051180802026792795,23,32,0.045452269554555974,0.2021563142754027,True,False,False,1.222262797645398e-05,COMPLETE
1017,0.4870377540588379,2025-04-11 16:01:03.741964,2025-04-11 16:02:41.486228,0 days 00:01:37.744264,0.1692581371105767,0.21691630832245243,2,0.21011582582019303,0.04013136296068311,0.07657366410233464,0.017977341342347655,0.09299916570242883,0.062180817733844276,0.03484193426883746,24,34,0.046978960843618266,0.19354098659947597,True,False,False,1.6809062293792576e-05,COMPLETE
1018,0.27565773725509646,2025-04-11 16:02:41.823398,2025-04-11 16:04:18.813292,0 days 00:01:36.989894,0.1417007694287895,0.1844639460142237,2,0.18888685686562393,0.037794571362679136,0.07237847914724271,0.022044536410601872,0.08996309145826897,0.07317965108891314,0.05996367207572052,24,34,0.08777016458296294,0.2075164653684522,False,False,False,6.336626426618015e-06,COMPLETE
1019,0.49209573268890383,2025-04-11 16:04:19.149761,2025-04-11 16:05:52.464435,0 days 00:01:33.314674,0.16505733875914888,0.24279272019543693,2,0.1955784306697038,0.03997695251446893,0.07880169373743327,0.01680556591339757,0.08629817871980071,0.07055394656457911,0.04362744665469593,23,31,0.04793523507912852,0.18897171106046828,True,False,False,1.0574349995596316e-05,COMPLETE
1020,0.46212138533592223,2025-04-11 16:05:52.787162,2025-04-11 16:07:33.262782,0 days 00:01:40.475620,0.1320220016797509,0.20362841281476823,2,0.18790453636984933,0.030083722891427616,0.08118144752932956,0.019990421928950224,0.08232060268322093,0.06881014975162486,0.0653735170779374,25,27,0.08960739168501226,0.19861212112563495,True,False,False,1.2673315383007191e-05,COMPLETE
1021,0.4693054258823395,2025-04-11 16:07:33.594733,2025-04-11 16:09:07.527442,0 days 00:01:33.932709,0.15010497074833173,0.2901341086175738,2,0.20208541405943445,0.04208447647329669,0.09520459423609863,0.01843985520501199,0.07977285352074681,0.07452728566851556,0.0333317970923962,23,36,0.04954620854255189,0.22211317506516698,True,False,False,1.873258660658992e-05,COMPLETE
1022,0.49738392829895023,2025-04-11 16:09:07.864508,2025-04-11 16:10:41.630269,0 days 00:01:33.765761,0.18041563722759577,0.1702234080201915,2,0.19079970847153158,0.03664636604135673,0.07585628153762221,0.01568484323208313,0.0961232059114102,0.07042855923970284,0.042630167313109646,23,35,0.08632444074126445,0.19022956894259263,True,False,False,1.5463811782891563e-05,COMPLETE
1023,0.45184539556503295,2025-04-11 16:10:41.967851,2025-04-11 16:12:14.849724,0 days 00:01:32.881873,0.18101717612374682,0.15237349944084255,2,0.2038293578225493,0.022452556435649685,0.07814035145426405,0.01523128400285044,0.09770621264246458,0.06165931234775751,0.03820375157316342,23,29,0.08306526739350928,0.19130477566125498,True,False,False,1.0559937592028047e-05,COMPLETE
1024,0.4536482334136963,2025-04-11 16:12:15.189491,2025-04-11 16:13:55.410200,0 days 00:01:40.220709,0.20420590971268432,0.16210887561954362,2,0.20545503549322444,0.029500698508082936,0.07622412255397507,0.013883623383477723,0.09602702641463577,0.07076163104572378,2.579069191074331e-05,25,32,0.0856089240779816,0.20081287238437023,True,False,False,1.7118646918075855e-05,COMPLETE
