number,value,datetime_start,datetime_complete,duration,params_alpha-eval,params_alpha-train,params_batch-size,params_eps-eval,params_eps-train,params_lambda-actions-eval,params_lambda-actions-train,params_lambda-frames-eval,params_lambda-frames-train,params_learning-rate,params_n-epochs,params_n-frames,params_radius-gw,params_rho,params_std-feats,params_ub-actions,params_ub-frames,params_weight-decay,state
966,0.4551916599273682,2025-04-18 14:35:33.848620,2025-04-18 14:35:55.280763,0 days 00:00:21.432143,0.18848719804944175,0.20182432511071186,16,0.010208839956389448,0.06737706145389885,0.06629894486706879,0.030713904558524092,0.006590534112037615,0.094444634644246,0.07763849001585138,13,35,0.03574006010588758,0.18313146101815894,True,False,True,1.1017921040949548e-05,COMPLETE
967,0.44716036319732666,2025-04-18 14:35:55.596170,2025-04-18 14:36:17.089532,0 days 00:00:21.493362,0.04276163655727836,0.0648297138887796,16,0.02704721021989066,0.0916496218637671,0.04814698487222196,0.026204563096707052,0.010363667005486086,0.08340953299689732,0.06250552259761433,14,40,0.0486040768498432,0.16908213796786803,True,False,True,7.584033745465935e-06,COMPLETE
968,0.43151350021362306,2025-04-18 14:36:17.385093,2025-04-18 14:36:36.374354,0 days 00:00:18.989261,0.23474127238575668,0.281307493568126,16,0.01881494854302767,0.11516097996800262,0.06051739046332344,0.03215672007048874,0.013018972398441866,0.07890348879857115,0.04961709656456192,8,32,0.04220264289776244,0.18923302949666126,True,False,True,4.218919344400188e-05,COMPLETE
969,0.42078680992126466,2025-04-18 14:36:36.683422,2025-04-18 14:36:54.430104,0 days 00:00:17.746682,0.1626776767008034,0.23961263213695677,16,0.03524235439458132,0.10205115669333759,0.0689981144626176,0.02893899694466032,0.008322906901453504,0.0922564627903094,0.03706375251262052,10,5,0.026129572726615778,0.17644755174663684,True,False,True,1.3840102492721476e-05,COMPLETE
970,0.4672758877277374,2025-04-18 14:36:54.740497,2025-04-18 14:37:18.896997,0 days 00:00:24.156500,0.20511553110213013,0.1109792681289409,8,0.05481083718876998,0.12755621688662272,0.06236561097980019,0.03631875389392254,0.005450601330708071,0.08742403518496973,0.09800839800540391,11,37,0.03442840831272349,0.19979654327883628,True,False,True,2.623285056232863e-05,COMPLETE
971,0.4307266414165497,2025-04-18 14:37:19.211612,2025-04-18 14:37:37.731964,0 days 00:00:18.520352,0.10569339524785688,0.14099591527798733,16,0.07493700326761144,0.12039982921467325,0.07153522955083218,0.038790550402036945,0.05270073784931593,0.08964866040508794,0.012839735281406226,9,27,0.03826509652029081,0.16078898975738115,True,False,True,8.939180548884925e-06,COMPLETE
972,0.3593279898166657,2025-04-18 14:37:38.046660,2025-04-18 14:37:58.744861,0 days 00:00:20.698201,0.06343935722050607,0.2194033362071244,16,0.04085494592698701,0.10793117724038569,0.08020665337889497,0.03393482657767678,0.0030516485128931677,0.0588220234302276,0.0030804549616263678,12,60,0.040463766790598536,0.1928858587727091,False,True,True,1.847241739812913e-05,COMPLETE
973,0.44069111347198486,2025-04-18 14:37:59.045243,2025-04-18 14:38:19.628029,0 days 00:00:20.582786,0.1269100814148472,0.0438001171268583,16,0.02618064025111726,0.09775178553595251,0.06500586682878813,0.02355604846459253,0.010715669302941783,0.021946101043793,0.025683639774228377,11,42,0.04561958976901608,0.21267908185042042,True,False,True,3.962492832426966e-06,COMPLETE
974,0.4002016663551331,2025-04-18 14:38:19.936764,2025-04-18 14:38:41.625506,0 days 00:00:21.688742,0.24519097489441682,0.1986168759916889,16,0.008442210290231837,0.08572472628800176,0.07354020615095833,0.020391883656972132,0.014244203073835759,0.08116784163205065,0.05715993956909176,13,45,0.03646606065740105,0.1841064801365741,True,False,True,2.2464524909240094e-06,COMPLETE
975,0.48049266338348395,2025-04-18 14:38:41.939799,2025-04-18 14:39:02.233330,0 days 00:00:20.293531,0.17929202399712033,0.26023717311670574,16,0.04818571297405638,0.11402739655206431,0.06787076027333067,0.03054591829735837,0.007218421186273772,0.0953588988689486,0.04492384583124886,11,38,0.043430974589848,0.20542173976779313,True,False,True,6.090510228984929e-06,COMPLETE
976,0.35490537285804746,2025-04-18 14:39:02.545805,2025-04-18 14:39:22.321402,0 days 00:00:19.775597,0.13989893793732633,0.17560824699972463,16,0.020556968014876675,0.1459967158933624,0.05938851794937112,0.025874264946354593,0.0042914557231610905,0.0054324752537503115,0.06732393368892133,10,30,0.03933747002120181,0.2794792980480345,True,False,True,2.275754030578068e-05,COMPLETE
977,0.29763941168785096,2025-04-18 14:39:22.640987,2025-04-18 14:39:40.672436,0 days 00:00:18.031449,0.21352574291201346,0.08944608885611409,16,0.03400889042941344,0.10277089491152813,0.0775108127498537,0.028084673738367146,0.0027399455653581524,0.09317404785375329,4.4679031624254475e-05,6,34,0.03375054546944409,0.17356111855149173,True,False,True,1.2790104489123177e-05,COMPLETE
978,0.47613675594329835,2025-04-18 14:39:40.973656,2025-04-18 14:40:01.921696,0 days 00:00:20.948040,0.08419400211622471,0.23776340504086557,16,0.014560065798295163,0.09443000021956165,0.06194045054528407,0.033186914722915226,0.0056239350481799115,0.043601195936528336,0.03366440620642987,12,40,0.03742695593540028,0.1804057069296807,True,False,True,3.273226042703828e-05,COMPLETE
979,0.43589054942131045,2025-04-18 14:40:02.233995,2025-04-18 14:40:28.817769,0 days 00:00:26.583774,0.44804271681957464,0.1255318140260913,8,0.042089031677059685,0.073999600901205,0.06996494789328513,0.029959350951626284,0.00911198984571471,0.08971567083229032,0.07614534847233399,14,36,0.046735070041210414,0.1901212545845634,True,False,True,1.6690905511337094e-05,COMPLETE
980,0.343916916847229,2025-04-18 14:40:29.129843,2025-04-18 14:40:50.594405,0 days 00:00:21.464562,0.1566822414341157,0.2176196498078358,16,0.005040761245003511,0.207613696122852,0.06711943076673979,0.036830685215976204,0.01220734344175027,0.0952223303656231,0.05167987160610251,13,33,0.041498382562980135,0.15595179299198741,True,False,True,1.0129027198744243e-05,COMPLETE
981,0.4623506546020508,2025-04-18 14:40:50.907601,2025-04-18 14:41:11.449014,0 days 00:00:20.541413,0.12292985902173843,0.1582448694306342,16,0.029515636415035275,0.10833404663437687,0.06385153669715406,0.02225769284921205,0.00751001957170282,0.07691209208144913,0.03976807985971055,11,42,0.03169220286486699,0.1959728197366459,True,False,True,5.214745735131576e-05,COMPLETE
982,0.46606470346450807,2025-04-18 14:41:11.764794,2025-04-18 14:41:32.630277,0 days 00:00:20.865483,0.1010209166341745,0.1879025632094556,16,0.03686994941442731,0.11792683936351891,0.07162482219881758,0.025175158757421254,0.0027140428057679886,0.09180795028422145,0.029180453843823582,12,29,0.043775538782662715,0.1848619168018976,True,False,True,2.4039483929056083e-05,COMPLETE
983,0.3544835209846497,2025-04-18 14:41:32.930524,2025-04-18 14:41:53.094416,0 days 00:00:20.163892,0.18779636432188399,0.9524360098902522,16,0.0499665276010956,0.0882226896713337,0.06600169395627538,0.032745184783594096,0.0047584122635185265,0.08812650109692075,0.05714294028022978,10,38,0.03955919679965965,0.1692055824625294,True,False,True,1.3911436649890495e-05,COMPLETE
984,0.46865387558937077,2025-04-18 14:41:53.405612,2025-04-18 14:42:14.155048,0 days 00:00:20.749436,0.14835773100208877,0.06600697264858556,16,0.021926284954060613,0.08032644780077562,0.057647047088702455,0.02779068829200922,0.09818728316350239,0.08507601239744397,0.0437246281840565,11,48,0.03636827575475137,0.2002011444099502,True,False,True,1.913241538162083e-05,COMPLETE
985,0.4791789710521698,2025-04-18 14:42:14.468980,2025-04-18 14:42:41.444410,0 days 00:00:26.975430,0.03862712974245032,0.20687706370155134,16,0.04471698238164318,0.10016426535683097,0.07487538813317351,0.01859968882742016,0.02599857310338468,0.09304110674190949,0.08604229869600889,29,32,0.044850890368077434,0.1777169108316186,True,False,True,7.145734499925667e-06,COMPLETE
986,0.360095089673996,2025-04-18 14:42:41.759556,2025-04-18 14:43:03.718218,0 days 00:00:21.958662,0.22032934591062414,0.24421670769079085,16,0.012792809261185546,0.15851173156664894,0.08260271409457802,0.03535656951324969,0.01066892848430516,0.09091583369769096,0.06789308109946154,15,36,0.04138274764125463,0.19011985182090774,True,False,True,2.6122623061035675e-07,COMPLETE
987,0.37263326644897465,2025-04-18 14:43:04.039048,2025-04-18 14:43:25.215833,0 days 00:00:21.176785,0.16975111617620622,0.09557986105192487,16,0.02825214320872993,0.11125218598107693,0.06354028925366578,0.0320651483788252,0.00860961851506084,0.07348793347431817,0.036997350022537435,16,21,0.03460166412092941,0.16552632888205351,True,False,True,2.718305705522323e-05,COMPLETE
988,0.46179652214050293,2025-04-18 14:43:25.536932,2025-04-18 14:43:51.107950,0 days 00:00:25.571018,0.11698165533952831,0.14474692277656592,8,0.06031089428278541,0.1065236640153861,0.0688259649707733,0.029862589047520257,0.0765485637540233,0.09484488192993243,0.04800551544411815,13,45,0.038566215868118356,0.20815063635610725,True,False,True,3.9035252364411617e-05,COMPLETE
989,0.3482839286327362,2025-04-18 14:43:51.413161,2025-04-18 14:44:20.187495,0 days 00:00:28.774334,0.07034009494248344,0.22705678980374638,16,0.03583864694396658,0.25920751744644577,0.08656875764057152,0.03758369431445436,0.0010765280761542862,0.08956369206359825,0.056351803436371244,30,40,0.029267668202971817,0.18274157111033748,True,False,True,5.0425272374364126e-06,COMPLETE
990,0.48387885093688965,2025-04-18 14:44:20.502097,2025-04-18 14:44:41.133953,0 days 00:00:20.631856,0.19460699562274653,0.1792492686157555,16,0.19592008592548008,0.09193362882181387,0.07952240039693452,0.050178744424747526,0.014202676463360785,0.09223205062867976,0.03155427585314405,12,34,0.04259489765233831,0.1746142675733552,True,False,True,8.962129111187983e-06,COMPLETE
991,0.09307204186916351,2025-04-18 14:44:41.451238,2025-04-18 14:45:01.202296,0 days 00:00:19.751058,0.24476185514419307,0.2570944975727917,16,0.01948558175551124,0.2788210020324487,0.06564781626717617,0.024118740558723734,0.0058892164144883664,0.061937685640171165,0.06492269568581907,12,38,0.04701508557630547,0.14479118307344496,False,True,True,1.6206705871772888e-05,COMPLETE
992,0.27428269386291504,2025-04-18 14:45:01.520751,2025-04-18 14:45:21.344571,0 days 00:00:19.823820,0.3942609822334253,0.04806517420078191,16,0.04137912489560306,0.12466442956728035,0.061018119071165694,0.014553311909811354,0.01263104514835559,0.08699494864590664,0.02068520953287297,11,27,0.037231302790322655,0.19367889518185405,True,False,True,1.1704096835129074e-05,COMPLETE
993,0.26917510032653813,2025-04-18 14:45:21.666351,2025-04-18 14:45:42.390678,0 days 00:00:20.724327,0.13970455132749138,0.2043271942411598,16,0.05365326937368526,0.11398591374169206,0.0839947120191508,0.027020762574045044,0.002945935556705168,0.08437343538858139,0.04419621877467707,11,42,0.049646870870093285,0.18675003939314644,True,False,True,3.0017032545480448e-05,COMPLETE
994,0.43368834853172306,2025-04-18 14:45:42.714380,2025-04-18 14:46:02.400464,0 days 00:00:19.686084,0.16404102677805735,0.0746813481308591,16,0.02495999380942494,0.05933142225343559,0.07219188781152856,0.034178496647191074,0.007507740518704956,0.07076479992282207,0.036759687670205404,9,32,0.03981026141767902,0.1524074783126418,True,False,True,2.0950375258773316e-05,COMPLETE
995,0.409911847114563,2025-04-18 14:46:02.705683,2025-04-18 14:46:28.335802,0 days 00:00:25.630119,0.08711649303802459,0.10999465395903732,8,0.0067754673267598885,0.1009965745404313,0.06805059267841981,0.028770476042963036,0.004237777792960414,0.028102993295027783,0.05395875726659546,13,36,0.03501946107891888,0.20096287282670597,True,False,True,3.653484345579974e-06,COMPLETE
996,0.36422546505928044,2025-04-18 14:46:28.650586,2025-04-18 14:46:47.763599,0 days 00:00:19.113013,0.11402235918619918,0.27210585982793073,16,0.031484440624962334,0.1198958551397575,0.059373625307241315,0.016793473123514605,0.011202771963694855,0.09583383577209292,0.07707560460533383,10,30,0.03306978408153864,0.16385542865407818,True,False,True,1.424361948061468e-05,COMPLETE
997,0.4742926716804504,2025-04-18 14:46:48.080293,2025-04-18 14:47:08.900901,0 days 00:00:20.820608,0.14330426692026993,0.16114271225343355,16,0.04829209653151805,0.09733331123195968,0.07535078728004292,0.03130148121209977,0.00938396024488062,0.09385906256579975,0.024791819078567926,12,39,0.04228871828267899,0.1796398766453694,True,False,True,1.7876923891257616e-05,COMPLETE
998,0.13713427484035492,2025-04-18 14:47:09.221542,2025-04-18 14:47:28.898184,0 days 00:00:19.676642,0.2222172270373174,0.22399884987327026,16,0.2982734853121022,0.1052836121830242,0.07004610784228595,0.02565227767968664,0.00615241424171205,0.08208329477814294,0.04662434790605616,10,44,0.04495678546579896,0.19281804163464059,True,False,True,8.178673525563652e-06,COMPLETE
999,0.48696858882904054,2025-04-18 14:47:29.221967,2025-04-18 14:47:50.646790,0 days 00:00:21.424823,0.2560734637974503,0.18826991779187066,16,0.015002717421811642,0.0844270803691165,0.06265017683125097,0.03882302825448354,0.015058810380283371,0.09113281256426657,0.06310637456301803,14,35,0.03851477689604424,0.17104536435090031,True,False,True,6.263111023055167e-06,COMPLETE
1000,0.45359522104263306,2025-04-18 14:47:50.954472,2025-04-18 14:48:12.381185,0 days 00:00:21.426713,0.18395258660372166,0.24056761008064773,16,0.03578071468754278,0.13046746468127923,0.0503227460152667,0.022283828557668618,0.003987938922242703,0.08824108156287545,0.04056353952460658,13,41,0.08486499314942333,0.21468650665779965,True,False,True,2.625884189597264e-05,COMPLETE
1001,0.46451213359832766,2025-04-18 14:48:12.698662,2025-04-18 14:48:33.191983,0 days 00:00:20.493321,0.10246473297511222,0.12756880984135105,16,0.042589282811413845,0.11133275187172265,0.06483576886990179,0.03550855831030406,0.0010364975715697782,0.09318775940746789,0.029605622830076308,12,33,0.040644404414436446,0.20489052474381908,True,False,True,1.177803448020551e-05,COMPLETE
1002,0.4639197826385498,2025-04-18 14:48:33.513221,2025-04-18 14:48:54.290449,0 days 00:00:20.777228,0.12759263112685051,0.1981833704362264,16,0.02990343227661133,0.09354221994706174,0.07321154606883445,0.026931807686416374,0.006985525361276847,0.09024908018861438,0.08632518680411827,11,51,0.036858352101487024,0.1872682273692482,True,False,True,1.994122579732971e-05,COMPLETE
1003,0.40037537813186647,2025-04-18 14:48:54.610182,2025-04-18 14:49:14.899941,0 days 00:00:20.289759,0.16254778177459434,0.012601342291147566,16,0.011122792767194259,0.1167397785338644,0.06694529642460835,0.05648183229344138,0.009695070254941839,0.09530889314569026,0.05389375820257725,11,38,0.04347636645957736,0.19742909170917997,True,False,True,3.457847670348014e-05,COMPLETE
1004,0.38704803586006165,2025-04-18 14:49:15.222364,2025-04-18 14:49:38.012638,0 days 00:00:22.790274,0.20471764467086037,0.16895856638037646,8,0.02275785797471485,0.07536952418666185,0.07750352512613877,0.07725519414415144,0.0028765329803007453,0.07530715074860773,0.07122680111134756,9,29,0.03159872948283395,0.17850820185735208,True,False,True,1.59073635025757e-05,COMPLETE
1005,0.4138740420341492,2025-04-18 14:49:38.335344,2025-04-18 14:49:59.462667,0 days 00:00:21.127323,0.0658903891714772,0.21830613843253088,16,0.0007082350191543081,0.10466804249960521,0.056396288871778756,0.02878360825687604,0.005873937896208294,0.07973489264079846,0.03490560952515929,12,46,0.04741233075452644,0.18450710330044914,True,False,True,1.032417083578854e-05,COMPLETE
1006,0.3275897264480591,2025-04-18 14:49:59.786998,2025-04-18 14:50:20.252600,0 days 00:00:20.465602,0.564098903235392,0.08449498175695608,16,0.03887635874396484,0.09910272159589129,0.05250561279260855,0.02018184389863206,0.04526808053366957,0.08684111898708438,0.04717347056391191,13,24,0.035526047290113785,0.1435966079199153,True,False,True,2.2692915666774384e-05,COMPLETE
1007,0.45043711662292485,2025-04-18 14:50:20.563446,2025-04-18 14:50:42.704783,0 days 00:00:22.141337,0.23576715962205247,0.2908810667062749,16,0.05658202508775251,0.12262630646441845,0.06097668324198348,0.033576236531864055,0.01270615938894985,0.09139771708518965,0.05880933556180957,11,35,0.03918592550788021,0.1738619614647482,True,False,False,1.3186571538506979e-05,COMPLETE
1008,0.3705551087856293,2025-04-18 14:50:43.026266,2025-04-18 14:51:02.982453,0 days 00:00:19.956187,0.14841805687701526,0.1421672975977426,16,0.01643238230631805,0.10971309818210949,0.0710449092319242,0.03201181651456343,0.004476312206364183,0.09357803554090083,0.0044985090595905265,10,42,0.041754717553583384,0.19034205748281743,True,False,True,4.647312415952901e-05,COMPLETE
1009,0.43378712534904484,2025-04-18 14:51:03.303864,2025-04-18 14:51:24.093477,0 days 00:00:20.789613,0.17187064549676484,0.05515978737570064,16,0.04781862629448131,0.09040324251566775,0.06316875239607439,0.03004875305263232,0.011082294467605634,0.08893399533138474,0.09997879408264089,12,31,0.04586940585799253,0.2005747532202236,True,False,True,2.862081959061585e-05,COMPLETE
1010,0.09307204186916351,2025-04-18 14:51:24.413891,2025-04-18 14:51:45.388478,0 days 00:00:20.974587,0.12473672110369989,0.20714667240736712,16,0.09234552534223653,0.1045284356528114,0.06793762509813266,0.02436424703885191,0.008492881824060224,0.09608229638131184,0.038942791621517044,14,38,0.0333765339442587,0.1554503214351279,True,True,True,4.754036993751753e-06,COMPLETE
1011,0.22424129843711854,2025-04-18 14:51:45.712238,2025-04-18 14:52:05.964697,0 days 00:00:20.252459,0.19832128926688486,0.2364856429465847,16,0.03184885989835798,0.08159304434789733,0.04502990026142863,0.039150297659691906,0.037259295760748976,0.08495187603806677,0.05118100148809745,10,122,0.03798504378428183,0.1820036971466911,False,False,True,1.847465791972985e-05,COMPLETE
1012,0.48959543704986574,2025-04-18 14:52:06.296102,2025-04-18 14:52:26.859530,0 days 00:00:20.563428,0.08278261131175924,0.18630988260170744,16,0.0272774646929904,0.11502196487318632,0.06502553995879248,0.03522291152720023,0.015538445409916526,0.0774567079947318,0.0743208583519075,11,35,0.04413290373618895,0.19464979254118991,True,False,True,6.577389962991581e-06,COMPLETE
1013,0.4535119414329529,2025-04-18 14:52:27.169448,2025-04-18 14:52:51.581591,0 days 00:00:24.412143,0.1006438815517582,0.1015617956769263,8,0.043869407896589954,0.06669121594629415,0.06948516799748772,0.027570688830335466,0.0025262863032347116,0.09395447130889574,0.027840770468224828,12,27,0.0403092352466825,0.1603317183123921,True,False,True,8.631785664924558e-06,COMPLETE
1014,0.47978116869926457,2025-04-18 14:52:51.902021,2025-04-18 14:53:13.085579,0 days 00:00:21.183558,0.042260431394253326,0.25271427045249534,16,0.005381858868049582,0.09755444922336577,0.08152395224003955,0.09989865987445551,0.006972983284487151,0.09194043380314504,0.045847162733426726,13,39,0.048392388472025066,0.20995448839026715,True,False,True,2.2581674984758837e-05,COMPLETE
1015,0.40911468863487244,2025-04-18 14:53:13.409935,2025-04-18 14:53:33.865399,0 days 00:00:20.455464,0.13279869861408777,0.1620896321169206,16,0.03807016511100655,0.11085711296848773,0.06640891361862071,0.03125714140260578,0.0010098447674268818,0.06746839830028954,0.0648862690676131,11,43,0.027390496347639556,0.18668430598064728,True,False,True,1.4892122186931184e-05,COMPLETE
1016,0.4188373327255249,2025-04-18 14:53:34.190633,2025-04-18 14:53:55.377219,0 days 00:00:21.186586,0.17645987452344886,0.2244186106522572,16,0.06499775343893374,0.08695687595878437,0.059056312715214394,0.03778519768669431,0.004616514457188129,0.0892683180838809,0.03449684208007917,14,32,0.030118458709916824,0.1669964437449703,True,False,True,3.7842112044527717e-05,COMPLETE
1017,0.35775555968284606,2025-04-18 14:53:55.703526,2025-04-18 14:54:17.212320,0 days 00:00:21.508794,0.2600175126051463,0.07223623951723009,16,0.021490505356254925,0.12211845430907525,0.0756426895500008,0.02546080125863016,0.012977206995616683,0.09621770575649165,1.093476578060957e-05,13,36,0.03575380080801864,0.1766900852007501,True,False,True,1.1272258340167695e-05,COMPLETE
1018,0.49472936391830447,2025-04-18 14:54:17.542964,2025-04-18 14:54:38.511343,0 days 00:00:20.968379,0.14922698465329806,0.19948322752274292,16,0.05082929209133408,0.10346287030945167,0.06193867873174275,0.03289463983232122,0.009171646737185218,0.08351437954538304,0.040912357870941475,12,40,0.04229911775943597,0.21793356618735388,True,False,True,2.6624524391179793e-05,COMPLETE
1019,0.3565966606140137,2025-04-18 14:54:38.822913,2025-04-18 14:54:59.998006,0 days 00:00:21.175093,0.149280006546628,0.20990842621318342,16,0.03519904360849722,0.09402215651061561,0.061672011618566516,0.030208135544929612,0.010355649963785123,0.08307733417536753,0.056033500917775265,12,46,0.050762244956172514,0.22022159500034177,True,False,True,3.225511261512688e-05,COMPLETE
1020,0.26223915815353394,2025-04-18 14:55:00.320164,2025-04-18 14:55:28.939264,0 days 00:00:28.619100,0.152056589070949,0.27302340459355734,16,0.04441014758079935,0.09963040099114029,0.06086386496157937,0.03256690859682186,0.009083835486877277,0.08630827884558744,0.04004593107699306,13,149,0.044916424494562415,0.227631471735788,True,False,True,4.235550284136626e-05,COMPLETE
1021,0.3304585099220276,2025-04-18 14:55:29.265115,2025-04-18 14:55:54.290347,0 days 00:00:25.025232,0.13692491636647944,0.7851858123236126,8,0.049778517447562946,0.09195857899961693,0.058776746276315475,0.02894988905707679,0.011631354949815726,0.08039223267162576,0.03237651018028575,12,48,0.04263696545625172,0.21725167353463262,True,False,True,2.8901190949926596e-05,COMPLETE
1022,0.45069316625595096,2025-04-18 14:55:54.618224,2025-04-18 14:56:15.904929,0 days 00:00:21.286705,0.11884345513154558,0.03322259801316539,16,0.04013143871304488,0.10105747700766204,0.06293220515065552,0.03189575250868947,0.009396218062299865,0.08280269444257642,0.050454872292632034,13,43,0.045568190681420984,0.21668098235861813,True,False,True,2.7361407580728155e-05,COMPLETE
