number,value,datetime_start,datetime_complete,duration,params_alpha-eval,params_alpha-train,params_batch-size,params_eps-eval,params_eps-train,params_lambda-actions-eval,params_lambda-actions-train,params_lambda-frames-eval,params_lambda-frames-train,params_learning-rate,params_n-epochs,params_n-frames,params_radius-gw,params_rho,params_std-feats,params_ub-actions,params_ub-frames,params_weight-decay,state
1980,0.2705314040184021,2025-04-18 22:58:38.989611,2025-04-18 22:59:10.124051,0 days 00:00:31.134440,0.026796679816108414,0.16613808804973673,8,0.009531865222137153,0.0938520566905559,0.07257208309236356,0.017782981128341126,0.00971745387195813,0.0683176221982086,0.01616015862604682,21,46,0.031301363979699806,0.1926049997094025,False,False,True,0.0003932809324237594,COMPLETE
1981,0.09307204186916351,2025-04-18 22:59:10.789289,2025-04-18 22:59:35.823031,0 days 00:00:25.033742,0.0426603456762827,0.8766050509268212,8,0.19212973966490945,0.1959391283463588,0.07620048646143412,0.024588538518156376,0.0010289949514959368,0.023047801859308055,0.07967950575801593,13,40,0.021115297557305242,0.20070894186269123,True,True,True,3.6278959337017046e-05,COMPLETE
1982,0.3923221111297608,2025-04-18 22:59:36.452178,2025-04-18 22:59:58.734511,0 days 00:00:22.282333,0.14267718407001023,0.2652010194743699,16,0.16250513820049536,0.06014288517529475,0.06314844339966409,0.026831966386689082,0.006872143666805641,0.07168393176321852,0.025336351473755573,15,43,0.018069689404870116,0.135998954305768,True,False,True,8.747697355726309e-08,COMPLETE
1983,0.3988844156265259,2025-04-18 22:59:59.385415,2025-04-18 23:00:35.372830,0 days 00:00:35.987415,0.07539184444764283,0.0850753094569247,8,0.17856550771657173,0.07322002604470354,0.06511935887596344,0.03071939110516903,0.012754480607222191,0.0648917481484215,0.06253221857934475,22,37,0.026494509955507273,0.15825011835110633,True,False,False,7.034899858975373e-06,COMPLETE
1984,0.4132748723030091,2025-04-18 23:00:36.034127,2025-04-18 23:01:28.126024,0 days 00:00:52.091897,0.10637178095912678,0.19333464215763266,2,0.1554771743371233,0.08886930865867403,0.035448726883767046,0.022260119038729577,0.052133585061120494,0.08027828634442143,0.03432765549292951,12,33,0.03581920392872983,0.1740507785447616,True,False,True,0.00013046778777286357,COMPLETE
1985,0.34909320473670963,2025-04-18 23:01:28.757626,2025-04-18 23:01:57.001222,0 days 00:00:28.243596,0.05846197465362894,0.22098414293005306,16,0.02325161312585454,0.2582966646100925,0.061515459598715995,0.015066670519330836,0.0044259694279862125,0.03597162737702389,0.05149395787568605,29,41,0.056566633317815945,0.21138812657318032,True,False,True,0.00018045119123051855,COMPLETE
1986,0.47169660925865176,2025-04-18 23:01:57.662929,2025-04-18 23:02:21.918530,0 days 00:00:24.255601,0.027781634726770463,0.119755113394751,8,0.01412055644867555,0.09791836941205456,0.05460881644073372,0.01920208674549199,0.008843417124193731,0.07495273998745652,0.0416256710473656,11,36,0.03308392827664598,0.15192122777974237,True,False,True,1.6450970365363173e-05,COMPLETE
1987,0.4105954170227051,2025-04-18 23:02:22.573254,2025-04-18 23:02:47.482562,0 days 00:00:24.909308,0.08198495659167838,0.15635983116885946,16,0.00672822427660754,0.11305206749509822,0.049032216168924864,0.029102503190097682,0.005905628312059369,0.029377958029256062,0.019465237984304475,20,49,0.029475753025069405,0.14139952856895854,True,False,True,0.0002264749086273446,COMPLETE
1988,0.09307204186916351,2025-04-18 23:02:48.108911,2025-04-18 23:03:14.613053,0 days 00:00:26.504142,0.04804719112322677,0.17898126622079966,8,0.1717763197513323,0.005853056452766653,0.05784042011092355,0.025637903302378987,0.011258245553922947,0.06957573972672458,0.07450779360064547,12,30,0.03174588068507896,0.22936632303377508,True,False,False,0.00028497661392524684,COMPLETE
1989,0.37182433605194093,2025-04-18 23:03:15.265922,2025-04-18 23:03:40.679080,0 days 00:00:25.413158,0.12272276970826561,0.19892925970102915,8,0.07835768032708501,0.03360489683221011,0.07058086903828206,0.02247290171586489,0.0033978421952661564,0.05841147832996264,0.027604276953620405,13,38,0.03771211071274783,0.1477777089199188,True,False,True,9.145475086314728e-06,COMPLETE
1990,0.47891930341720584,2025-04-18 23:03:41.338645,2025-04-18 23:04:05.603734,0 days 00:00:24.265089,0.01051886974380837,0.14756347197947534,16,0.21041035332225994,0.10329597251096266,0.07381705021982003,0.027489466988150805,0.00781278801068747,0.06627554271946208,0.05316172487003263,19,43,0.034949884347827725,0.11304391081166781,True,False,True,5.7921684993733376e-05,COMPLETE
1991,0.31758124828338624,2025-04-18 23:04:06.232738,2025-04-18 23:04:37.887216,0 days 00:00:31.654478,0.09969426344086153,0.10511931335611424,8,0.1475287036095544,0.08384301830583095,0.06738777411554145,0.024055855766922495,0.010154356606565683,0.07271783135436648,0.01323752690066729,21,46,0.028529875741815203,0.1658723250488531,True,False,True,1.100386457725346e-05,COMPLETE
1992,0.30625932216644286,2025-04-18 23:04:38.540642,2025-04-18 23:04:58.734412,0 days 00:00:20.193770,0.06580476603946407,0.23203849417439062,16,0.01875429211486776,0.05202119689903438,0.0650605010212798,0.031232801680975503,0.006822008295900252,0.04095182463598784,0.03513236806909355,11,34,0.03063437838908581,0.2018743842747495,True,False,True,0.00068529706068825,COMPLETE
1993,0.45596129894256593,2025-04-18 23:04:59.416329,2025-04-18 23:05:33.448419,0 days 00:00:34.032090,0.043385238516573166,0.13331664340242771,8,0.09990497074787702,0.0944011470790013,0.07223775809098086,0.020797144044376693,0.0030918231340741524,0.07670987452226996,0.02166297015038191,20,39,0.033462260413624136,0.16124519605742912,True,False,False,1.708685251028677e-05,COMPLETE
1994,0.2854472160339356,2025-04-18 23:05:34.115097,2025-04-18 23:06:05.660315,0 days 00:00:31.545218,0.1463890666874504,0.17169126425671746,8,0.15738650042873142,0.06611910791654715,0.04326283947822482,0.025858122754876037,0.005165879269381142,0.056024270884370134,0.010589199621102436,21,42,0.02718855128496902,0.15409205125450412,True,False,True,0.00031758322480650417,COMPLETE
1995,0.4599689066410065,2025-04-18 23:06:06.293907,2025-04-18 23:06:27.832095,0 days 00:00:21.538188,0.08861854409404346,0.2088366978461466,16,0.009329041973340071,0.0767543063147687,0.05986409818599822,0.028858104667203694,0.01341725194328784,0.08223066345025219,0.00022212211491496475,14,36,0.03625589393406552,0.1941195694620637,True,False,True,1.359066947653616e-05,COMPLETE
1996,0.08793739378452302,2025-04-18 23:06:28.497971,2025-04-18 23:06:58.019583,0 days 00:00:29.521612,0.06460256899918654,0.08201716774877107,8,0.18727468115204243,0.10747710376410415,0.04529596624037535,0.023981177297260972,0.008641898725653224,0.06799268118589377,0.01649423972882308,19,32,0.03231923801690767,0.09203031102427137,True,False,True,8.590263347619032e-05,COMPLETE
1997,0.11954455673694611,2025-04-18 23:06:58.659348,2025-04-18 23:07:23.785808,0 days 00:00:25.126460,0.02926832103579736,0.25047724251501347,16,0.16118775382756778,0.08969476913083207,0.06910534590004375,0.027541457998279652,0.011188978514889529,0.07907222350054237,0.04483673169791694,22,39,0.024997649077131527,0.14317625121079314,True,False,True,3.6195570888656174e-05,COMPLETE
1998,0.42411354780197147,2025-04-18 23:07:24.451071,2025-04-18 23:07:57.123387,0 days 00:00:32.672316,0.10521664340913935,0.1854437113269212,8,0.014922869220898777,0.10053981915231477,0.0633863530774603,0.030717373005412284,0.005702872157422018,0.07222445801350826,0.06118103662786164,18,45,0.037868471369431785,0.13227577014772252,True,False,False,0.00014978876150570434,COMPLETE
1999,0.09307204186916351,2025-04-18 23:07:57.761705,2025-04-18 23:08:22.735977,0 days 00:00:24.974272,0.12530095391149348,0.11883013831275246,8,0.02334486562185152,0.057346789351087085,0.0752181291285811,0.02082242756859861,0.002864905608770375,0.08431238344893786,0.0843684872672197,13,28,0.029526452502784635,0.20443326453199526,False,True,True,0.00041446205723807825,COMPLETE
2000,0.4976086497306824,2025-04-18 23:08:23.398842,2025-04-18 23:08:43.848224,0 days 00:00:20.449382,0.18858040729920067,0.06352969012848642,16,0.005338634874012621,0.08220284470171786,0.06111477854331441,0.025570378336491888,0.008330669324158772,0.07447276522793259,0.03092624475537091,11,41,0.03448830844685746,0.13809654309919245,True,False,True,4.6904194434387024e-05,COMPLETE
