number,value,datetime_start,datetime_complete,duration,params_alpha-eval,params_alpha-train,params_batch-size,params_eps-eval,params_eps-train,params_lambda-actions-eval,params_lambda-actions-train,params_lambda-frames-eval,params_lambda-frames-train,params_learning-rate,params_n-epochs,params_n-frames,params_radius-gw,params_rho,params_std-feats,params_ub-actions,params_ub-frames,params_weight-decay,state
1139,0.45845071077346805,2025-04-11 18:59:00.923561,2025-04-11 19:00:05.389351,0 days 00:01:04.465790,0.06088934463003685,0.23659696015725784,2,0.1745105766696135,0.058670960807935935,0.07584449975101795,0.017703093060676314,0.08915910837060216,0.0951880733753606,0.03043662306608668,17,39,0.09701716295722262,0.1904139508324936,True,False,True,6.23728360943922e-05,COMPLETE
1140,0.4521689057350159,2025-04-11 19:00:05.764402,2025-04-11 19:01:17.024653,0 days 00:01:11.260251,0.13351323719340927,0.27150482029865675,2,0.18909118167175312,0.04295827178757581,0.06924499038426135,0.010143304981724197,0.09198289291562249,0.09975305387692592,0.04806737665705194,16,25,0.0895562946940726,0.15626380675936968,True,False,False,6.812368788206133e-06,COMPLETE
1141,0.47251777648925786,2025-04-11 19:01:17.399228,2025-04-11 19:02:50.641952,0 days 00:01:33.242724,0.5974426404554883,0.15645249422864646,2,0.15733300339136133,0.05266599130090276,0.07295516495238263,0.02019511418556243,0.0767725155252101,0.09328184575969357,0.015220809211590093,23,42,0.08755794983518882,0.17067577350273916,True,False,False,2.4572476316950113e-05,COMPLETE
1142,0.3698811888694763,2025-04-11 19:02:51.019520,2025-04-11 19:03:59.748150,0 days 00:01:08.728630,0.23770126660731167,0.21384976596517,2,0.18152937698472366,0.23807876340051465,0.08988918253563356,0.0150234688848936,0.08610462359348062,0.07167891194588476,0.037766941914305685,15,37,0.08204805374263477,0.18545260652112616,True,False,False,1.9024596768304444e-08,COMPLETE
1143,0.4915450811386109,2025-04-11 19:04:00.123364,2025-04-11 19:05:38.683931,0 days 00:01:38.560567,0.08720505261689789,0.18875336865098574,2,0.16893597203840993,0.06860802423865994,0.07528187421153872,0.012324040729568327,0.08351026644611705,0.01957213993029555,0.02424353524766382,24,47,0.08432756810378242,0.19833601806612486,True,False,False,1.7865842956000682e-05,COMPLETE
1144,0.4660799682140351,2025-04-11 19:05:39.061936,2025-04-11 19:06:50.427428,0 days 00:01:11.365492,0.15532526103255265,0.24979107653972976,2,0.1936572475569825,0.038093308502164226,0.08584246360944725,0.007653754989146214,0.08019411708780243,0.00435120334969679,0.02029154788554667,16,33,0.09135174329463958,0.1772925586265809,True,False,False,4.1207933889373745e-05,COMPLETE
1145,0.466192364692688,2025-04-11 19:06:50.805189,2025-04-11 19:07:59.260575,0 days 00:01:08.455386,0.11309444576943156,0.1462691546797918,2,0.1863480022963475,0.09067943580070381,0.09274195785377037,0.01694343597051916,0.08731083409402972,0.06969977518131677,0.03325924082186972,15,43,0.08619379099925553,0.16654297233894325,True,False,False,4.076508673177452e-06,COMPLETE
1146,0.3958460092544556,2025-04-11 19:07:59.639474,2025-04-11 19:09:17.025645,0 days 00:01:17.386171,0.18948952049963286,0.1727415474328034,2,0.17652807314214322,0.05692158980965099,0.0803920735751146,0.022741199328930983,0.07855618097069625,0.07310680348979749,0.08393016733634433,18,40,0.09418582440228233,0.18460833884476668,True,False,False,9.131364475268418e-05,COMPLETE
1147,0.46840059757232666,2025-04-11 19:09:17.402876,2025-04-11 19:10:50.668014,0 days 00:01:33.265138,0.1635236247251055,0.22776801213540981,2,0.14542158794418794,0.04974533676352677,0.07193424977804136,0.014543412178521717,0.08243657412147441,0.06802483926013204,0.043943513961567114,23,36,0.08925231266259956,0.1938390884935088,True,False,False,3.055208343360413e-05,COMPLETE
1148,0.09307204186916351,2025-04-11 19:10:51.028918,2025-04-11 19:11:53.726692,0 days 00:01:02.697774,0.09743168027010896,0.19585073632448896,2,0.20029445343167707,0.044937688389851356,0.07802760103831752,0.01934569980463782,0.09126246573281219,0.09591412491823263,0.06699561438587899,17,12,0.08475118684198113,0.16020759286836375,True,True,False,5.488537894361631e-05,COMPLETE
1149,0.48254474401474,2025-04-11 19:11:54.099340,2025-04-11 19:13:25.472798,0 days 00:01:31.373458,0.14183826729418425,0.21354860781526663,2,0.1675080672201262,0.06087255688464037,0.07383613620652912,0.01679267751534579,0.07539631625681545,0.06596866645870875,0.029538518837057225,22,47,0.08769452739137151,0.21517635475959643,True,False,False,9.614604934113396e-06,COMPLETE
1150,0.5055783152580262,2025-04-11 19:13:25.846559,2025-04-11 19:15:05.005268,0 days 00:01:39.158709,0.07959453613832992,0.18014972765489592,2,0.1835537230489916,0.05251769874109137,0.07678611451590571,0.012773083455028233,0.08481782533191916,0.002708392392331343,0.04931718321709019,25,43,0.08291909251580686,0.22504900743672415,True,False,False,1.3911217402372564e-05,COMPLETE
1151,0.30761114954948426,2025-04-11 19:15:05.378773,2025-04-11 19:16:48.779810,0 days 00:01:43.401037,0.07069570227507337,0.13509002841208986,2,0.19180310921574037,0.04077107084333006,0.07754440998999941,0.010226485986692044,0.08525732119382722,0.0012342156409885926,0.05945740198100729,26,39,0.09316377329223413,0.22941701027342637,False,False,False,1.0410434733811015e-05,COMPLETE
1152,0.44132333993911743,2025-04-11 19:16:49.153997,2025-04-11 19:18:30.862693,0 days 00:01:41.708696,0.05720027874254022,0.1570610817398636,2,0.18632112909308626,0.06472374052274144,0.07957538343203444,0.009773038450511732,0.08445031827979133,0.0029626757814572163,0.056480642654255724,25,41,0.09039057305013345,0.22316325092150527,True,False,False,1.4022791774316943e-05,COMPLETE
1153,0.3670387387275696,2025-04-11 19:18:31.237400,2025-04-11 19:20:12.035061,0 days 00:01:40.797661,0.06704348991365261,0.17304907409346545,2,0.20477828650252927,0.19548402756520716,0.07609191470053536,0.008305720675204924,0.08662766551665414,0.0025048211126102683,0.024551969778524918,25,34,0.09955483154160105,0.22901037933639443,True,False,False,1.2713679878516644e-05,COMPLETE
1154,0.459078711271286,2025-04-11 19:20:12.411956,2025-04-11 19:21:51.758923,0 days 00:01:39.346967,0.08232084887436644,0.4942288967860881,2,0.04689297311603173,0.054065015718770565,0.07786359664831613,0.012087902775912786,0.08406606625138327,0.09288385968697431,0.0732710830589298,25,38,0.08861112207754711,0.21394269686205164,True,False,False,1.6191921116012876e-05,COMPLETE
1155,0.4713394701480866,2025-04-11 19:21:52.134929,2025-04-11 19:23:32.683945,0 days 00:01:40.549016,0.0503315283123496,0.1237065748326534,2,0.19669310403304985,0.03423407663069203,0.0759935792125836,0.01157591160721178,0.08145430821303863,0.0920888005765907,0.01840855837457058,25,43,0.08590111160178741,0.22441952966367879,True,False,False,1.1791826675621016e-05,COMPLETE
1156,0.503736138343811,2025-04-11 19:23:33.064072,2025-04-11 19:25:09.832236,0 days 00:01:36.768164,0.0364370536927465,0.14644041960757406,2,0.18166868872694658,0.04849801515094178,0.07996417586248912,0.006192033932744041,0.08572370858314188,0.059412466948005,0.03727227683789768,24,37,0.08356165222404495,0.23690248323022373,True,False,False,5.556368313847837e-06,COMPLETE
1157,0.4816713690757752,2025-04-11 19:25:10.211645,2025-04-11 19:26:56.345451,0 days 00:01:46.133806,0.06826314767964156,0.11630038921902114,2,0.21206025500250103,0.058255311934625534,0.08024357650531877,0.005676050714067023,0.08283313212288584,0.0631494109871239,0.027721386850188285,27,33,0.0820947603891607,0.2524506127338525,True,False,False,5.816683620112198e-06,COMPLETE
1158,0.40761469602584843,2025-04-11 19:26:56.724988,2025-04-11 19:28:25.120364,0 days 00:01:28.395376,0.016725907385088924,0.1406360399580021,2,0.19123796997354559,0.07026970779520521,0.0819910541427997,0.005032962464024774,0.08493697855209831,0.056114070598546194,0.033248354647814435,26,35,0.08311656475990617,0.22964142823348588,True,False,True,5.7505147665272965e-06,COMPLETE
1159,0.4256997704505921,2025-04-11 19:28:25.498436,2025-04-11 19:30:06.532457,0 days 00:01:41.034021,0.038844810970611224,0.14371924273981687,2,0.1870933028655591,0.05140414494813425,0.08412683349642563,0.006118421485191858,0.0827880804242085,0.05910221433664792,0.021332124330076543,25,28,0.08274715953753074,0.25298071786053894,True,False,False,2.281652709205058e-06,COMPLETE
1160,0.4486444175243378,2025-04-11 19:30:06.912498,2025-04-11 19:31:43.191666,0 days 00:01:36.279168,0.016246582950078588,0.11847821468316905,2,0.2781744830668518,0.06196137580010488,0.08103732184388548,0.0035241585651158555,0.08030951391296491,0.06370079768865043,0.015161108234343981,24,31,0.08379007074059032,0.24622269405649266,True,False,False,2.9539080068079e-06,COMPLETE
1161,0.40770975947380067,2025-04-11 19:31:43.568508,2025-04-11 19:33:20.589855,0 days 00:01:37.021347,0.01892529291630156,0.5362846623606051,2,0.19981914499393955,0.05460937455515061,0.0796491197119923,0.008690646956712173,0.08569459682975301,0.06037645755187571,0.027400028797228554,24,36,0.08101298882071263,0.22824978940089352,True,False,False,8.326779624228038e-06,COMPLETE
1162,0.47895061969757086,2025-04-11 19:33:20.967597,2025-04-11 19:35:04.470799,0 days 00:01:43.503202,0.03280051936957912,0.14469057144081304,2,0.18309854487091629,0.0484068964565112,0.08195272368976031,0.0061763027044344585,0.08193591464284089,0.05303138174639488,0.03693307132398855,26,31,0.08444382792174213,0.2370679729138457,True,False,False,6.147053834660028e-06,COMPLETE
1163,0.35213140249252317,2025-04-11 19:35:04.849991,2025-04-11 19:36:48.059994,0 days 00:01:43.210003,0.05188920544344154,0.1527906600388187,2,0.19387766206927504,0.058463737151365686,0.07949364120644431,0.006119679052398779,0.0843362943680095,0.05621162622141918,0.023343050285665017,25,93,0.0819289667011805,0.223896673537444,True,False,False,3.4065637275082735e-06,COMPLETE
1164,0.48545620441436765,2025-04-11 19:36:48.438698,2025-04-11 19:38:28.727524,0 days 00:01:40.288826,0.04799153046766422,0.12290671211708759,2,0.17364371357591843,0.06592035982188743,0.08428132726485879,0.00946967047277672,0.08027194276301816,0.05016223718996981,0.050158585969517874,25,37,0.0844123452863647,0.2419710365909226,True,False,False,5.412524271595938e-06,COMPLETE
1165,0.41479059457778933,2025-04-11 19:38:29.107204,2025-04-11 19:40:06.304219,0 days 00:01:37.197015,0.022930352392870702,0.16496616870064235,2,0.1604498757450746,0.14674592061075079,0.07834947722361946,0.007179945161557865,0.0874119401795554,0.06157313256808511,0.03323374608507055,24,33,0.08519544684032436,0.24365703833151486,True,False,False,4.388337409701739e-06,COMPLETE
1166,0.4708068490028382,2025-04-11 19:40:06.683469,2025-04-11 19:41:49.924513,0 days 00:01:43.241044,0.03949845866944167,0.13575418878203516,2,0.18180144567499515,0.04875810360247605,0.08186130042322132,0.0013432120647272165,0.07887467538355875,0.06473606858529105,0.018977108676446745,26,36,0.086291432169445,0.23704022373471886,True,False,False,7.061513218018306e-06,COMPLETE
1167,0.4913251042366028,2025-04-11 19:41:50.309589,2025-04-11 19:43:27.498777,0 days 00:01:37.189188,0.03342005495915538,0.15711622946013443,2,0.19047589783376942,0.05464039804450114,0.08591225313978376,0.002707390784608093,0.08334443224176753,0.06090577648128479,0.04035678044207412,24,39,0.08241151024136081,0.23584689595543049,True,False,False,8.163142633001909e-06,COMPLETE
1168,0.42439741492271427,2025-04-11 19:43:27.879890,2025-04-11 19:45:05.168982,0 days 00:01:37.289092,0.05379455440590802,0.17157936344143696,2,0.20056970827212595,0.0848807867924049,0.0784634154433861,0.010028284832993627,0.08593276414475785,0.05684437558236707,0.028048567442235574,24,30,0.08599511875540952,0.2371994229898534,True,False,False,4.189441628600596e-06,COMPLETE
1169,0.09307204186916351,2025-04-11 19:45:05.551154,2025-04-11 19:46:27.949324,0 days 00:01:22.398170,0.07015565493436086,0.1767944720376711,2,0.17827941897248395,0.044830830267291955,0.07939768984936278,0.008535678384732296,0.08117321646725661,0.05146704981797213,0.04971244772175906,24,37,0.08360428696172381,0.23237880849136325,True,True,False,1.0630512229239386e-05,COMPLETE
1170,0.4562041819095612,2025-04-11 19:46:28.332484,2025-04-11 19:48:08.055969,0 days 00:01:39.723485,0.0535676475619736,0.15213796847944183,2,0.1866108514630395,0.0730169563749099,0.0827848035188057,0.006964309517002744,0.07729577216332195,0.06491070278885559,0.03723329517710609,25,34,0.08075516949908906,0.24175058530752103,True,False,False,1.0348247866720599e-05,COMPLETE
1171,0.38662453889846804,2025-04-11 19:48:08.441278,2025-04-11 19:49:48.600657,0 days 00:01:40.159379,0.030901583727803696,0.1084076626626112,2,0.15543616714008163,0.06233998224740148,0.07711088384750073,0.004584015995003828,0.08458933184573633,0.05433184629735589,0.023989041751645592,25,40,0.08666546189455597,0.22964369439968457,False,False,False,9.462926536902113e-06,COMPLETE
1172,0.47775543928146363,2025-04-11 19:49:48.984789,2025-04-11 19:51:26.253859,0 days 00:01:37.269070,0.01449357770901321,0.17883413711026558,2,0.16675389873661542,0.05212999575718826,0.07969847758903328,0.007719687162248428,0.08213568552170886,0.05896983547169626,0.030237258199460618,24,39,0.08521780466173084,0.25999195895880667,True,False,False,3.1648287641953062e-06,COMPLETE
1173,0.29967148303985597,2025-04-11 19:51:26.639339,2025-04-11 19:53:02.291277,0 days 00:01:35.651938,0.08283162089113748,0.13344073170560916,2,0.19442289944852567,0.04127172789335719,0.07727536613451902,0.01047820449904768,0.08873195109303401,0.0011208363676464955,0.016164718320637258,23,81,0.08352613100638823,0.2423107122118638,True,False,False,7.246779037181963e-06,COMPLETE
1174,0.4616014957427979,2025-04-11 19:53:02.674376,2025-04-11 19:54:43.007752,0 days 00:01:40.333376,0.041825498285230876,0.1648699851317055,2,0.1722392392163878,0.058023026023462626,0.08123594129245562,0.003777792977698978,0.07882414889497248,0.06860824768291993,0.08792293325697642,25,36,0.08753699779581565,0.22244333589225643,True,False,False,1.4089659710492213e-05,COMPLETE
1175,0.4876360654830933,2025-04-11 19:54:43.396271,2025-04-11 19:56:19.554032,0 days 00:01:36.157761,0.07126782888829501,0.18610314434170452,2,0.2071533828216383,0.04715396235556167,0.08312005819896122,0.007787985463551674,0.08684211790266086,0.07025700478693493,0.06461182639481444,24,41,0.07045241451013408,0.22443566664080147,True,False,False,1.5097555832046073e-05,COMPLETE
1176,0.36526700258255007,2025-04-11 19:56:19.940674,2025-04-11 19:58:03.443168,0 days 00:01:43.502494,0.08945187582083138,0.15119020747010486,2,0.18159669220655247,0.05131267397769722,0.07646760445011297,0.01246613157964902,0.08363412016835026,0.05860230067779205,0.04302831869993289,26,19,0.08721303375569318,0.24768210612521135,True,False,False,1.941399256342973e-05,COMPLETE
1177,0.44818805456161503,2025-04-11 19:58:03.830593,2025-04-11 19:59:29.336134,0 days 00:01:25.505541,0.06384842940279159,0.18532511128959167,2,0.1871678809086887,0.06535150459741162,0.08630719394239184,0.010944856514749475,0.07965332497325858,0.06702580014497161,0.02032428034885398,25,33,0.08420104737176351,0.22935830922828887,True,False,True,1.7013548979047034e-05,COMPLETE
1178,0.45346540212631226,2025-04-11 19:59:29.725465,2025-04-11 20:01:06.536343,0 days 00:01:36.810878,0.08357391406713771,0.13215405517984355,2,0.1741218408051106,0.038711829516577353,0.08052673232786584,0.008227534782784221,0.08148458181161092,0.04654535477119158,0.03314320351503415,24,28,0.08105651908906505,0.21352273568618668,True,False,False,1.2405815674328803e-05,COMPLETE
1179,0.4874106884002686,2025-04-11 20:01:06.922481,2025-04-11 20:02:41.451128,0 days 00:01:34.528647,0.049162581187991876,0.17011997979838858,2,0.19637725882614093,0.05582326100308896,0.07526829442030364,0.013146377829704372,0.075895570816309,0.05442081066420892,0.05440883402491587,23,40,0.08841874967273947,0.24026703861045617,True,False,False,3.6804221487886447e-06,COMPLETE
1180,0.47441499233245854,2025-04-11 20:02:41.841066,2025-04-11 20:04:18.419881,0 days 00:01:36.578815,0.011669435042103514,0.18990988647662244,2,0.16510278366587017,0.04581271505581152,0.07849245547422301,0.011129317197028027,0.08846882793197941,0.07149459115416343,0.02414611026037621,24,37,0.08544424679695437,0.2323049188303863,True,False,False,2.144561529906757e-05,COMPLETE
1181,0.38023842573165895,2025-04-11 20:04:18.807314,2025-04-11 20:05:54.010475,0 days 00:01:35.203161,0.10085698465669776,0.11292844016764986,2,0.18955046476336268,0.05988682549217916,0.0838728691062691,0.006462574187978138,0.0855418040091372,0.06804846172080957,0.02805771001851617,23,70,0.08332529221563618,0.2187201730236706,True,False,False,7.951719264122561e-06,COMPLETE
1182,0.48799390792846686,2025-04-11 20:05:54.398678,2025-04-11 20:07:35.014225,0 days 00:01:40.615547,0.0750828755210626,0.1667384392329765,2,0.1349950756703498,0.05029766343891444,0.07699702551161298,0.012799121091610502,0.08248022866637576,0.07451769635434602,0.03895618205361103,25,43,0.055297864943885854,0.21938246830518812,True,False,False,5.946906771676408e-06,COMPLETE
1183,0.48025991916656496,2025-04-11 20:07:35.400926,2025-04-11 20:09:09.549816,0 days 00:01:34.148890,0.09340462965394583,0.15132451851611,2,0.17905011016094227,0.041769267004642216,0.08104939520885616,0.00911851719060111,0.07766780111559868,0.09696605132114144,0.0501113962400106,23,38,0.08736543384563068,0.23483294621317566,True,False,False,1.6471540770143805e-05,COMPLETE
1184,0.4580209493637085,2025-04-11 20:09:09.939031,2025-04-11 20:10:47.240066,0 days 00:01:37.301035,0.056939733036973014,0.1961851210774269,2,0.14960493501461514,0.07913564091075949,0.07490875853472681,0.003098518670172262,0.0843228914027018,0.06570341006799564,0.03386490234110038,24,33,0.08899131045934504,0.20968517739203277,True,False,False,4.7399668023964e-06,COMPLETE
1185,0.4638163030147553,2025-04-11 20:10:47.626774,2025-04-11 20:12:09.086093,0 days 00:01:21.459319,0.07942697101110176,0.1823468062536125,2,0.1590683579252311,0.03128927260701291,0.0786653022847422,0.004654796992123662,0.08062561523386606,0.07311595486377323,0.01987826926370443,19,41,0.08527309270517776,0.23116436463131348,True,False,False,1.8889777282467722e-06,COMPLETE
1186,0.44842195510864263,2025-04-11 20:12:09.476065,2025-04-11 20:13:37.699063,0 days 00:01:28.222998,0.032416459069133284,0.13654835068686638,2,0.2035552258801094,0.06997452877118768,0.08752918984825295,0.05918966253629463,0.0878026500031778,0.09212615130322767,0.07004064373532441,21,44,0.08189371388274348,0.2257311929375526,True,False,False,1.251676862816932e-05,COMPLETE
1187,0.09307204186916351,2025-04-11 20:13:38.092648,2025-04-11 20:15:01.658696,0 days 00:01:23.566048,0.10181686882956885,0.1600010383967581,2,0.1832130651975054,0.05472502470534764,0.07607276500965895,0.026827639626097716,0.07439499094114257,0.09439730159495928,0.042458575370773625,24,35,0.08683572145723316,0.2364391177488231,True,True,False,1.9031863159900117e-05,COMPLETE
1188,0.47950975894927983,2025-04-11 20:15:02.053033,2025-04-11 20:16:42.086907,0 days 00:01:40.033874,0.03633498341389774,0.20137668097356123,2,0.1738999635228336,0.03777980504181379,0.0776602207444722,0.02468542501821266,0.08631108553049564,0.07073696010629431,0.025333748636241164,25,41,0.0895615487666814,0.2826835408377346,True,False,False,9.862558010686982e-06,COMPLETE
1189,0.39923185110092163,2025-04-11 20:16:42.479870,2025-04-11 20:18:15.339525,0 days 00:01:32.859655,0.09653681857806988,0.1760170351116691,2,0.19516472026643739,0.047771334897107914,0.0743931554455973,0.013693086693839165,0.07948473825151883,0.06251756322069366,0.016278224496270446,23,31,0.07965669194954801,0.21990264794772138,False,False,False,2.3731587236306877e-05,COMPLETE
1190,0.44922866225242614,2025-04-11 20:18:15.733100,2025-04-11 20:19:46.230327,0 days 00:01:30.497227,0.06635940933456497,0.1887730543469368,2,0.19056275249699592,0.062314367745412345,0.08046923844927639,0.010529437505582719,0.08337290182898795,0.07708054884796309,0.00025595302405793686,22,44,0.08431456002469619,0.20564852958041055,True,False,False,2.6149050717369527e-05,COMPLETE
1191,0.4716124475002289,2025-04-11 20:19:46.624521,2025-04-11 20:21:07.837472,0 days 00:01:21.212951,0.10967569690473918,0.14706421447881163,2,0.16915617988872408,0.044123887266640044,0.08421414507002047,0.014001651175881747,0.07754319712421816,0.06938838992830672,0.030236671467012644,19,38,0.08796054353599328,0.2502854925414754,True,False,False,2.2235456744107355e-05,COMPLETE
1192,0.4253981947898865,2025-04-11 20:21:08.230753,2025-04-11 20:21:51.084609,0 days 00:00:42.853856,0.07323648140519318,0.2019909338483391,2,0.1835286611669946,0.05667955288085645,0.07466614405881332,0.011870978837646205,0.08924300187393526,0.057467177336909724,0.0474888672697709,7,41,0.08611459744415298,0.22548529181724675,True,False,False,1.5337480948103302e-05,COMPLETE
1193,0.5029364943504334,2025-04-11 20:21:51.478174,2025-04-11 20:23:26.051929,0 days 00:01:34.573755,0.10316517704681911,0.12127554350642765,2,0.16107818983894426,0.051948095223550435,0.07648863557900144,0.007777953315010473,0.0814237549860024,0.09093531746511471,0.0361350530801896,23,36,0.09004942013075687,0.21478921284717514,True,False,False,1.2168399375578106e-05,COMPLETE
1194,0.4102231025695801,2025-04-11 20:23:26.442808,2025-04-11 20:25:01.455274,0 days 00:01:35.012466,0.08987018415279123,0.10289052017868797,2,0.1492324059962338,0.06582011033838173,0.07947290191572183,0.007702295381844333,0.03763709816324762,0.09542135568419734,0.05799188544310043,23,27,0.0912970121814137,0.21704340059019747,True,False,False,8.387326756047854e-06,COMPLETE
1195,0.30122560858726505,2025-04-11 20:25:01.851517,2025-04-11 20:26:38.873545,0 days 00:01:37.022028,0.08526605296229647,0.09789218541362715,2,0.1602882949386021,0.05732752079286353,0.07799100959839933,0.005486622815164058,0.07909547270303295,0.09315761736869559,0.041494326298713934,23,107,0.09259059041705732,0.22109093926345935,True,False,False,1.1426784709270889e-05,COMPLETE
