number,value,datetime_start,datetime_complete,duration,params_alpha-eval,params_alpha-train,params_batch-size,params_eps-eval,params_eps-train,params_lambda-actions-eval,params_lambda-actions-train,params_lambda-frames-eval,params_lambda-frames-train,params_learning-rate,params_n-epochs,params_n-frames,params_radius-gw,params_rho,params_std-feats,params_ub-actions,params_ub-frames,params_weight-decay,state
740,0.44327018857002265,2025-04-11 10:27:37.441821,2025-04-11 10:28:45.788572,0 days 00:01:08.346751,0.15777602001683996,0.16285382930679357,2,0.1774165181628913,0.030285669418005708,0.09011970763571475,0.007597860456075963,0.08879077187131094,0.08297307254257824,0.03415736162494512,15,40,0.08693246543854535,0.1827520125481939,True,False,False,8.018473146808896e-05,COMPLETE
741,0.44991658926010136,2025-04-11 10:28:46.021705,2025-04-11 10:29:10.798233,0 days 00:00:24.776528,0.289094825828531,0.2030352985027267,16,0.16789898412447038,0.03719898645849783,0.07320107550359223,0.018444284568955773,0.08605970658183597,0.00873338805687859,0.019624098716707453,16,47,0.08112144237781514,0.16790183095506064,True,False,False,3.0185273150877293e-05,COMPLETE
742,0.4845576882362366,2025-04-11 10:29:11.048126,2025-04-11 10:30:12.956339,0 days 00:01:01.908213,0.1177641141481452,0.2286039201994506,2,0.1994072410311837,0.05450750730586587,0.07026487045030395,0.01255394022993037,0.07760864795037382,0.09307770834489983,0.025613148543760858,13,34,0.0834695591207832,0.17619503677822718,True,False,False,6.108072219905679e-05,COMPLETE
743,0.46750152111053467,2025-04-11 10:30:13.192816,2025-04-11 10:31:30.703670,0 days 00:01:17.510854,0.23583874588379694,0.3281910983726895,2,0.16215917179386788,0.06512196136742164,0.07731682201103121,0.014273194852490984,0.08013557238134365,0.09057664765416946,0.06588359175537456,18,38,0.09156281738423419,0.1842524538207585,True,False,False,0.00011296120596482688,COMPLETE
744,0.4663274765014649,2025-04-11 10:31:30.950817,2025-04-11 10:31:54.387914,0 days 00:00:23.437097,0.07667868956173003,0.13883051871391613,16,0.17356893479857619,0.04549610108469688,0.07438057267926154,0.026811308881252244,0.08394747255955981,0.08701041231646403,0.039874817958793184,14,43,0.08635886251270974,0.18954150004637008,True,False,False,7.053689309399679e-05,COMPLETE
745,0.1064310535788536,2025-04-11 10:31:54.636727,2025-04-11 10:32:53.721806,0 days 00:00:59.085079,0.1766329914024819,0.26960319293783375,2,0.2650317272173729,0.000413303638661211,0.07147087350446385,0.016414401152652996,0.09986740135400161,0.02966047999951501,0.05278403724046012,15,47,0.0892006899292562,0.16323250989803378,True,True,False,5.0537999967343556e-05,COMPLETE
746,0.46146120429039006,2025-04-11 10:32:53.957810,2025-04-11 10:34:08.351358,0 days 00:01:14.393548,0.10016351394950421,0.20557628778511455,2,0.18696965322197312,0.05835367769041588,0.08670354644934024,0.02316732211168222,0.09391048129914432,0.08900692965158725,0.03264850760570667,17,40,0.08222463950852062,0.15037428248764914,True,False,False,3.928417074904277e-05,COMPLETE
747,0.35604029297828677,2025-04-11 10:34:08.601785,2025-04-11 10:34:33.592827,0 days 00:00:24.991042,0.13109825468683817,0.1749546937969231,16,0.148755511450051,0.2761124975892007,0.07557735261027894,0.04956847473239575,0.07939399246387929,0.08350458041486042,0.028252381770538505,13,96,0.08489017841023894,0.1946022526004338,True,False,False,8.489210836489852e-05,COMPLETE
748,0.26818058490753177,2025-04-11 10:34:33.829322,2025-04-11 10:35:45.100381,0 days 00:01:11.271059,0.15750002988054224,0.2376201292662748,2,0.18011520461088826,0.04052056934407813,0.08422708699631361,0.029615449939263773,0.08164745167407714,0.09384016039851652,0.07517478967807392,16,50,0.08743258168988294,0.17083542763649395,False,False,False,5.587369016998145e-05,COMPLETE
749,0.4765215516090393,2025-04-11 10:35:45.347967,2025-04-11 10:36:53.745349,0 days 00:01:08.397382,0.11380286278152373,0.15928670761320918,2,0.16285608890139036,0.04883344329091563,0.07872731175686201,0.009875051372792949,0.07512521519957484,0.08136480041609731,0.020554595498678028,15,45,0.0929921609860498,0.17768670235306047,True,False,False,3.0381795990396744e-05,COMPLETE
750,0.32142271995544436,2025-04-11 10:36:53.994825,2025-04-11 10:37:17.138718,0 days 00:00:23.143893,0.21227185862415177,0.12483374878044312,16,0.17026591284785075,0.05324152754215522,0.07285360629125329,0.02017962021449594,0.08344910922868069,0.08530938100082498,0.04527047602811249,14,33,0.07900840343210509,0.16641625558448406,True,False,False,1.9569025146883035e-05,COMPLETE
751,0.4846004128456116,2025-04-11 10:37:17.374820,2025-04-11 10:38:22.837220,0 days 00:01:05.462400,0.06878262542163338,0.1886287125780403,2,0.19321270647165317,0.06204171101431361,0.06954655258829151,0.013384831359852325,0.0903225579191102,0.040061987939116465,0.03516281396206332,14,36,0.09010181449268582,0.15461447372599085,True,False,False,9.758422325685475e-05,COMPLETE
752,0.460656875371933,2025-04-11 10:38:23.088600,2025-04-11 10:39:35.362241,0 days 00:01:12.273641,0.19076003176734396,0.29628723717480854,2,0.1774613956055539,0.04377164411013493,0.07442079031686426,0.017929836377815155,0.08737796774966794,0.09144630629183305,0.024933625096814845,16,42,0.08386436945962182,0.20042673432719624,True,False,False,1.1389817891552295e-05,COMPLETE
753,0.48073000907897956,2025-04-11 10:39:35.600700,2025-04-11 10:40:43.735495,0 days 00:01:08.134795,0.13965091013508674,0.2201737538811041,2,0.18543527253632794,0.051247396664745135,0.08050443102264519,0.015506119628283013,0.08090462885746558,0.0880519598720036,0.016960038695038634,15,39,0.08090606325149556,0.21038936601431826,True,False,False,4.5399409871182726e-05,COMPLETE
754,0.40802433490753176,2025-04-11 10:40:43.982231,2025-04-11 10:41:12.345734,0 days 00:00:28.363503,0.09612598018987842,0.1110949146534193,16,0.15662628670664497,0.13991608726792407,0.06720789862502809,0.012063196815040981,0.08555611667967448,0.025987988403998272,0.05610204178542081,24,53,0.07378175191251338,0.15903010386780808,True,False,False,6.92769945994325e-05,COMPLETE
755,0.4692477345466614,2025-04-11 10:41:12.598722,2025-04-11 10:42:46.558299,0 days 00:01:33.959577,0.15559930661473098,0.24950934477358439,2,0.20676292035615473,0.05726659289266454,0.09154103911862513,0.05795123180247024,0.09203437958884013,0.08636603849309044,0.04134707289819608,23,45,0.08602368266968863,0.18497924830573145,True,False,False,3.6713260410485255e-05,COMPLETE
756,0.3026610672473908,2025-04-11 10:42:46.802525,2025-04-11 10:43:54.572505,0 days 00:01:07.769980,0.1238000477866727,0.185186166053392,2,0.19609450818608495,0.03740336426408217,0.07145734294762186,0.02535826623788581,0.0769847123289519,0.09429975817282325,0.07953323869558832,18,49,0.08806521127121576,0.17284566894321865,True,False,True,5.0407213970898386e-05,COMPLETE
757,0.40541614294052125,2025-04-11 10:43:54.826007,2025-04-11 10:44:17.941785,0 days 00:00:23.115778,0.17813758651312492,0.14371631263770138,16,0.1681254227445255,0.0655760762076626,0.0770326023434871,0.0072874511976983225,0.08269002517942772,0.08991692956330122,0.032022000792693996,13,57,0.08297278011346605,0.1927693316680958,True,False,False,5.253110115650095e-06,COMPLETE
758,0.5022971272468567,2025-04-11 10:44:18.194369,2025-04-11 10:45:22.849930,0 days 00:01:04.655561,0.1445856395706447,0.2095851677476175,2,0.18167033835749585,0.04766394259545723,0.08195441727307706,0.017841562736036837,0.07898737665657989,0.0011447279550700386,0.017041267011329776,14,42,0.08529176676723478,0.17940042807538664,True,False,False,2.330219755447957e-05,COMPLETE
759,0.4758931517601014,2025-04-11 10:45:23.090340,2025-04-11 10:46:28.528848,0 days 00:01:05.438508,0.1483425072816075,0.21537114585873973,2,0.1887027499911142,0.02878751584911672,0.08231527698416076,0.020673215951554004,0.07860480858622729,0.0014237026918348698,0.01729722373012942,14,43,0.0804352654523959,0.17897694299567515,True,False,False,1.7290833324799016e-05,COMPLETE
760,0.36786431670188907,2025-04-11 10:46:28.785748,2025-04-11 10:47:35.044747,0 days 00:01:06.258999,0.12408037901469005,0.22808340259583929,2,0.18375479252975932,0.01867508819543345,0.0812023206419949,0.018613043352800777,0.080484902473057,0.007262196154886536,0.04436615251211715,14,67,0.07785353340195593,0.1900720333414082,True,False,False,2.3953347352462107e-05,COMPLETE
761,0.4260376632213593,2025-04-11 10:47:35.284291,2025-04-11 10:48:59.321067,0 days 00:01:24.036776,0.14773361987655143,0.20251111170541364,2,0.19477243850969733,0.04071605670147948,0.08357040223529097,0.01692427018514642,0.07907810055427228,0.005049226210068243,0.0022030556050221667,20,47,0.08467221507178764,0.18197731062829137,True,False,False,2.47450952765182e-05,COMPLETE
762,0.4460770964622498,2025-04-11 10:48:59.574198,2025-04-11 10:50:04.400452,0 days 00:01:04.826254,0.10387347832761307,0.26414478317932305,2,0.18089162416403956,0.0463550252093987,0.08071816732713985,0.01951367350808657,0.0823686452690923,0.001491619512039615,0.06242351352076068,14,43,0.06748879667551187,0.18903749111491888,True,False,False,1.9617101857381533e-05,COMPLETE
763,0.48442676067352297,2025-04-11 10:50:04.656094,2025-04-11 10:51:13.264787,0 days 00:01:08.608693,0.1729476631572982,0.20809724105891622,2,0.1885686823097566,0.03772157584370209,0.08408493518093602,0.015513099099528992,0.08440340118325962,0.09193806001456445,0.0234881462663663,15,41,0.08261345460767075,0.17910922636397306,True,False,False,1.4382851597660429e-05,COMPLETE
764,0.09307204186916351,2025-04-11 10:51:13.507894,2025-04-11 10:52:09.914936,0 days 00:00:56.407042,0.1318997169551621,0.23932114091311388,2,0.17882180232270867,0.04683954229114114,0.07939852953039733,0.021744669216601294,0.07676824839670275,0.0012706614897349021,0.029083310568568683,14,48,0.09006878483183238,0.1858165386022719,True,True,False,2.9264563577927784e-05,COMPLETE
765,0.31791988015174866,2025-04-11 10:52:10.172231,2025-04-11 10:53:18.665386,0 days 00:01:08.493155,0.16486311128101233,0.1901356252956762,2,0.24587559164415435,0.031961035683165114,0.08554583921320763,0.017953419376699378,0.07986817700355878,0.003899835036644886,0.03771410574755918,15,45,0.08636979731200795,0.17501486924827672,True,False,False,2.5101776703241507e-05,COMPLETE
766,0.4586973011493683,2025-04-11 10:53:18.908095,2025-04-11 10:54:24.267520,0 days 00:01:05.359425,0.08826395413283572,0.2289203728786763,2,0.2029369000561284,0.04337210570748411,0.08860024299492072,0.01442463742565765,0.08172011273129207,0.0032009197995469664,0.05474387622197241,14,40,0.08824219263196227,0.19673567230655056,True,False,False,2.961443902641007e-05,COMPLETE
767,0.40003303289413455,2025-04-11 10:54:24.519696,2025-04-11 10:55:32.480661,0 days 00:01:07.960965,0.123484634219169,0.25458483066988774,2,0.1833074533242116,0.050386189681956135,0.08688766689427818,0.016316047558018607,0.08682774101868591,0.004385067060807487,0.04789442162963276,15,45,0.08171873563480121,0.18219837123429145,False,False,False,1.9842635606565804e-05,COMPLETE
768,0.43271889686584475,2025-04-11 10:55:32.738571,2025-04-11 10:56:45.671019,0 days 00:01:12.932448,0.1453760997121913,0.20838592664433225,2,0.191479127347056,0.05251664638691982,0.08280715972108,0.022744736342442326,0.09599993690967147,0.005841153324065348,0.06891907019811214,16,51,0.08447491032107296,0.17254548340793927,True,False,False,3.368585958538812e-05,COMPLETE
769,0.41014408469200136,2025-04-11 10:56:45.913046,2025-04-11 10:57:50.179319,0 days 00:01:04.266273,0.06256364061144913,0.17437635258336948,2,0.17692918300869667,0.042764062524582876,0.07899732209188494,0.010931952612796744,0.0779209934769027,0.0014144920869702004,0.08639036132547837,14,14,0.09148292532198778,0.1753251705586344,True,False,False,2.1462785268775866e-06,COMPLETE
770,0.4687955439090729,2025-04-11 10:57:50.434326,2025-04-11 10:58:58.995941,0 days 00:01:08.561615,0.5336981518363381,0.22720875628435167,2,0.17593239868056426,0.03488119967414677,0.08059804091228133,0.013276834016276627,0.08455236437000514,0.03570619250978879,0.0215440224410793,15,42,0.09487133853058781,0.18547808189320023,True,False,False,1.4894424829095795e-05,COMPLETE
771,0.4896738529205322,2025-04-11 10:58:59.476724,2025-04-11 11:00:13.754845,0 days 00:01:14.278121,0.10724494778048276,0.19301257966296415,2,0.18461595366048927,0.04732123466497126,0.07823647748395438,0.05288381440867121,0.08084378866399587,0.0879723895485574,0.016343426197299858,17,38,0.07937841255166814,0.198007973803181,True,False,False,2.3648301251579534e-05,COMPLETE
772,0.4895928740501404,2025-04-11 11:00:13.999858,2025-04-11 11:01:25.855996,0 days 00:01:11.856138,0.1637740596525131,0.21446160649883894,2,0.19414050907135771,0.05367013645356854,0.09554995764322212,0.017563245532362343,0.08345498875917154,0.008246048871866496,0.028793839488465103,16,47,0.07651621574350145,0.16990593953791333,True,False,False,9.943158368560727e-06,COMPLETE
773,0.47492760419845587,2025-04-11 11:01:26.115388,2025-04-11 11:01:49.660632,0 days 00:00:23.545244,0.08432012170254591,0.2495398499601116,16,0.1735564032839661,0.056625174552261216,0.08375742201720977,0.019579682467414816,0.09752623458258708,0.003627072108644548,0.04171854313762393,14,43,0.08540119960052578,0.18988549885312225,True,False,False,3.782538549443909e-05,COMPLETE
774,0.4763588547706604,2025-04-11 11:01:49.906027,2025-04-11 11:02:52.021261,0 days 00:01:02.115234,0.13969924627447586,0.27874355913210846,2,0.1867814412213829,0.03950364142632712,0.07681999408560797,0.009162771865252817,0.08871256384413323,0.01047897050464671,0.03216316265787424,13,49,0.0831894014208917,0.17912965215009952,True,False,False,1.65056952859984e-05,COMPLETE
775,0.0933583676815033,2025-04-11 11:02:52.279601,2025-04-11 11:03:51.289265,0 days 00:00:59.009664,0.18812026274812038,0.1850024179730338,2,0.19761526321894787,0.2992564706950866,0.08602991688727432,0.014081059500396856,0.07953897893013677,0.006331887542526341,0.036058514181119355,15,40,0.08795489479984775,0.21315775697018316,True,False,True,3.103947688188851e-05,COMPLETE
776,0.4392361879348755,2025-04-11 11:03:51.548860,2025-04-11 11:04:16.661344,0 days 00:00:25.112484,0.10732511804406078,0.23233177083703152,16,0.18138575734033768,0.048202987918619815,0.0886161941729615,0.015493742956778205,0.02058364150694923,0.01964686243316868,0.021018273624059277,17,45,0.08653261136172397,0.20730320678214334,True,False,False,4.195089983362206e-05,COMPLETE
777,0.46569566726684575,2025-04-11 11:04:16.904976,2025-04-11 11:05:21.902454,0 days 00:01:04.997478,0.19879880038580242,0.16912934829335163,2,0.17319227787817226,0.05770316939042718,0.08103105786335874,0.017688738067375576,0.08586931969297713,0.08932275601509712,0.05123070575787408,14,37,0.0804704394025819,0.17075898534249678,True,False,False,2.1430042965125025e-05,COMPLETE
778,0.45398046970367434,2025-04-11 11:05:22.159936,2025-04-11 11:06:33.966887,0 days 00:01:11.806951,0.12438918228645156,0.20211131719780098,2,0.18866101045792316,0.0426952421237781,0.07497620344833533,0.02075173219902339,0.09328331298232843,0.014536845064680011,0.026582053896419145,16,53,0.09309042166864814,0.18041526187021184,True,False,False,5.075524179829321e-05,COMPLETE
779,0.3842497825622559,2025-04-11 11:06:34.228321,2025-04-11 11:07:43.403247,0 days 00:01:09.174926,0.1551750979894158,0.2189866246657444,2,0.18069632553477927,0.051591345168681725,0.08181480244554122,0.011645122515111846,0.08162385633167352,0.09195405827117299,0.0038045579912909504,15,41,0.0032437756293920983,0.20242927181651826,True,False,False,1.1912668910122468e-05,COMPLETE
780,0.4408363997936249,2025-04-11 11:07:43.650725,2025-04-11 11:08:07.098832,0 days 00:00:23.448107,0.07641541381259942,0.2451201072448603,16,0.1708679254897316,0.03388885418362051,0.07899882236017193,0.015957549162497697,0.07703695201386611,0.09363170298933937,0.016214528692074334,14,44,0.09010404089510565,0.17572750352119604,True,False,False,3.405559129562105e-05,COMPLETE
781,0.474334466457367,2025-04-11 11:08:07.353254,2025-04-11 11:09:09.538533,0 days 00:01:02.185279,0.17177946142319675,0.17872979852398277,2,0.1768172117457376,0.04803154010574236,0.07610810110370612,0.013449854614613316,0.09068395216825732,0.08637141633631173,0.058219226086202426,13,40,0.08485212684422978,0.1937527233589648,True,False,False,2.5661458029258476e-05,COMPLETE
782,0.4520649552345276,2025-04-11 11:09:09.796972,2025-04-11 11:10:31.276924,0 days 00:01:21.479952,0.13607322182465617,0.353759071750542,2,0.20045946668325804,0.0269112874799992,0.09339479451946905,0.01850609579384301,0.08387164468116268,0.002550214335998749,0.07875494166848536,19,47,0.08201873613761894,0.18702076448026314,True,False,False,6.0405558539579186e-05,COMPLETE
783,0.09307204186916351,2025-04-11 11:10:31.523042,2025-04-11 11:10:52.167140,0 days 00:00:20.644098,0.11232988792768665,0.20311954718748593,16,0.16386028556410667,0.057877087968769066,0.08410115071596501,0.011050060919479692,0.07843397648084262,0.09513033158059853,0.03816805761597136,15,37,0.0984311904787464,0.1666046373040953,True,True,False,1.7308711748684754e-05,COMPLETE
784,0.2972817480564118,2025-04-11 11:10:52.426010,2025-04-11 11:11:57.724279,0 days 00:01:05.298269,0.05587866940977797,0.16863198411617283,2,0.1842880778513108,0.040543627010131686,0.07320236715523253,0.014693403421254362,0.08138382174205946,0.08990278543151982,0.0985486061177396,14,43,0.08772645171364114,0.16597919911002076,True,False,False,4.0549995809030105e-05,COMPLETE
785,0.4856390714645386,2025-04-11 11:11:57.987315,2025-04-11 11:13:13.084745,0 days 00:01:15.097430,0.15183138333834434,0.26106466387097027,2,0.1907531135844584,0.05274970149679294,0.07628873949190693,0.02227580034554813,0.09445572236194168,0.0849249034271918,0.023623387803377603,17,50,0.08388205830661899,0.17665270485907267,True,False,False,6.619456101268726e-05,COMPLETE
786,0.47517853975296026,2025-04-11 11:13:13.332176,2025-04-11 11:13:37.805129,0 days 00:00:24.472953,0.09314582815006622,0.23095672734082334,16,0.16955637650130898,0.05912506829838855,0.08636926455457829,0.008918921173941117,0.08607490285209221,0.022318941555552422,0.046418958157076355,16,46,0.08605772066182986,0.1830722658301003,True,False,False,4.8744248873744014e-05,COMPLETE
787,0.4867132902145386,2025-04-11 11:13:38.067418,2025-04-11 11:14:55.715447,0 days 00:01:17.648029,0.12075373398480715,0.19215279202770152,2,0.20710415014110967,0.04568880406580096,0.07399116068659463,0.0167130830846644,0.07525175992731345,0.0879136058639358,0.01814727751881216,18,41,0.08925084608036814,0.17149327783362928,True,False,False,1.3376969278580779e-05,COMPLETE
788,0.40269466638565066,2025-04-11 11:14:55.964452,2025-04-11 11:15:57.529605,0 days 00:01:01.565153,0.19625675305778786,0.15240638269799556,2,0.1763527901591522,0.0502133541413593,0.07805673825238503,0.01922085324575657,0.08242945039204488,0.09095204927491017,0.03091361794585975,13,38,0.07910203693423817,0.19209653277408145,False,False,False,8.931773602289689e-08,COMPLETE
789,0.45401716232299805,2025-04-11 11:15:57.792532,2025-04-11 11:16:21.671324,0 days 00:00:23.878792,0.16936774911434527,0.21509512859719193,16,0.16209769030960816,0.06120873019398,0.09063734586067819,0.012066346087546857,0.09822157735277885,0.09424028176487836,0.06587085669600029,15,43,0.0811461450858204,0.20559220254586902,True,False,False,3.221672970850404e-05,COMPLETE
790,0.47779415845870976,2025-04-11 11:16:21.933977,2025-04-11 11:17:30.730320,0 days 00:01:08.796343,0.13253900056771944,0.27165980816918617,2,0.18046665526710684,0.04017907749716715,0.08215956751257224,0.014471764284263876,0.07984710182721817,0.060046951919380656,0.03931089957775211,15,46,0.09205727275574355,0.1659745582977731,True,False,False,6.079455161007481e-05,COMPLETE
791,0.4560633599758148,2025-04-11 11:17:30.990498,2025-04-11 11:18:35.753219,0 days 00:01:04.762721,0.08723796325938657,0.31110378024416907,2,0.14306217231463014,0.05500108110981126,0.07267046907870185,0.016949468458208956,0.08894691191965125,0.08428293195235016,0.027514636772717694,14,36,0.08340774889570103,0.17944682711999566,True,False,False,2.2988187021618045e-05,COMPLETE
792,0.4402874827384949,2025-04-11 11:18:36.015427,2025-04-11 11:19:38.192473,0 days 00:01:02.177046,0.15002084883652284,0.4638432510961504,2,0.1946504388200019,0.034151522576444035,0.0876681886216473,0.02393150944741434,0.08361236219131528,0.0872434363362124,0.01954721031797242,13,49,0.08749087957056274,0.19673463157340546,True,False,False,4.341726900216846e-05,COMPLETE
793,0.47811962366104127,2025-04-11 11:19:38.456847,2025-04-11 11:20:02.519806,0 days 00:00:24.062959,0.17379382633901294,0.24167785879194495,16,0.22865332124339385,0.04676538724494329,0.07510869389252145,0.019874919094555403,0.07820463754179055,0.09164190155982457,0.04930671139150432,16,40,0.0851318221473982,0.1741742184660337,True,False,False,7.870022001800649e-05,COMPLETE
794,0.44423856735229494,2025-04-11 11:20:02.769308,2025-04-11 11:21:00.217286,0 days 00:00:57.447978,0.4971173853254909,0.19479170830640363,2,0.16786784860613796,0.053818817892786724,0.08455949668562308,0.0064172277636247565,0.09227700880833449,0.08980162675519908,0.03367066482263378,14,44,0.09610474989962216,0.18706616451589264,True,False,True,2.6496753676914208e-05,COMPLETE
795,0.3620274066925049,2025-04-11 11:21:00.483486,2025-04-11 11:22:14.954562,0 days 00:01:14.471076,0.10726705849831139,0.1680056864244954,2,0.15128582615428143,0.23401398626961112,0.07145806616112357,0.013420052365523884,0.004616194110743356,0.0956799997076555,0.023762621567119804,17,42,0.0893593697721182,0.16970771575428836,True,False,False,8.832521507759821e-07,COMPLETE
796,0.4894257187843323,2025-04-11 11:22:15.221408,2025-04-11 11:22:38.182553,0 days 00:00:22.961145,0.05847515809264209,0.21069868871082084,16,0.17264323253731093,0.06070899647919797,0.0778368908892174,0.010239910471134869,0.09997964988564745,0.08558834347141499,0.06471957929196835,14,39,0.08212026947752732,0.16057027894360787,True,False,False,5.2575239394776955e-05,COMPLETE
