number,value,datetime_start,datetime_complete,duration,params_alpha-eval,params_alpha-train,params_batch-size,params_eps-eval,params_eps-train,params_lambda-actions-eval,params_lambda-actions-train,params_lambda-frames-eval,params_lambda-frames-train,params_learning-rate,params_n-epochs,params_n-frames,params_radius-gw,params_rho,params_std-feats,params_ub-actions,params_ub-frames,params_weight-decay,state
1934,0.4631750047206879,2025-04-12 15:41:54.864909,2025-04-12 15:43:42.094933,0 days 00:01:47.230024,0.06143565007401854,0.18866646162613263,2,0.1466356640987852,0.07381253562692862,0.06819780865814605,0.018046163592055145,0.07411493364857191,0.030758198501112572,0.09012658701412156,27,33,0.0781914816647671,0.20571782189306104,True,False,False,4.485516928177013e-06,COMPLETE
1935,0.30839368104934695,2025-04-12 15:43:42.741097,2025-04-12 15:45:12.481963,0 days 00:01:29.740866,0.12001301433359121,0.15106632991803595,2,0.15496725866308206,0.08056111684674575,0.079688744871247,0.006253252427541358,0.07756479228428555,0.0281290739795614,0.0900021173564913,26,40,0.07999352710357761,0.19666298776578126,True,False,True,3.808370525012675e-06,COMPLETE
1936,0.5180403590202332,2025-04-12 15:45:13.135996,2025-04-12 15:47:03.210671,0 days 00:01:50.074675,0.0423093843047222,0.2192743968771798,2,0.16846507349002612,0.06918626051169559,0.08190250383198999,0.015672048898215787,0.07180139642069734,0.029938661182882586,0.07190721759725394,28,36,0.08057718115679671,0.21289968435964088,True,False,False,4.208169987311519e-06,COMPLETE
1937,0.4361899733543396,2025-04-12 15:47:03.842071,2025-04-12 15:48:56.946314,0 days 00:01:53.104243,0.03512838226130833,0.2325953003957574,2,0.16230709972067672,0.07553112815526984,0.0768269310897666,0.01357112446665723,0.06905361369632715,0.028054769933343975,0.08622126406073198,29,30,0.07625994106236408,0.21477343129667953,True,False,False,3.801694275448918e-06,COMPLETE
1938,0.44824866056442264,2025-04-12 15:48:57.597757,2025-04-12 15:50:47.505087,0 days 00:01:49.907330,0.03665012291356107,0.2295040901311954,2,0.16643772997505696,0.08068110652737115,0.07427914113575888,0.015059392020421598,0.07083851987907887,0.025769529982691865,0.06980911666589208,28,32,0.07837956221083335,0.2135293593069681,True,False,False,3.3821801531036513e-06,COMPLETE
1939,0.46805064678192143,2025-04-12 15:50:48.135927,2025-04-12 15:52:42.176984,0 days 00:01:54.041057,0.03656729129123709,0.22655564170127546,2,0.15775216188807484,0.07378783814426754,0.06435345489834465,0.015256641611477011,0.0698462016577039,0.029365692427171693,0.06347664614003881,29,34,0.07788873259699827,0.21684421392210174,True,False,False,4.189218568371384e-06,COMPLETE
1940,0.46507065892219546,2025-04-12 15:52:42.830449,2025-04-12 15:54:34.155477,0 days 00:01:51.325028,0.0335927707445932,0.13347839308308174,2,0.15313838870060398,0.08255128675234981,0.06322136262872338,0.012596616358910235,0.07098543996413566,0.027868615668697798,0.08527608494657868,28,31,0.07846640487423748,0.20850257401057057,True,False,False,2.4136490575617417e-06,COMPLETE
1941,0.45841733813285834,2025-04-12 15:54:34.789125,2025-04-12 15:56:24.686026,0 days 00:01:49.896901,0.023424655221145955,0.20197308201864916,2,0.16703277988439408,0.0841720132544348,0.08323977144638657,0.002648008697759648,0.07394417267208962,0.029825586355157245,0.09819481156351773,28,34,0.07549451966983534,0.211430919690585,True,False,False,3.979275075973231e-06,COMPLETE
1942,0.435181874036789,2025-04-12 15:56:25.332397,2025-04-12 15:58:16.878709,0 days 00:01:51.546312,0.047545375710186424,0.16144678797255607,2,0.1634899173550791,0.07899971244355512,0.08094594489782042,0.007124762783489185,0.0712524435493079,0.030535309751043547,0.07327769451955132,28,27,0.07587004298934623,0.20973211952281068,True,False,False,2.717539393110312e-06,COMPLETE
1943,0.47445718646049506,2025-04-12 15:58:17.529108,2025-04-12 16:00:06.924818,0 days 00:01:49.395710,0.053694475458131566,0.07205749078097301,2,0.15982017111555377,0.07734138131793256,0.07190566537766044,0.015917135817012713,0.06648887198360795,0.03126557952516485,0.05059018568904671,28,36,0.07752280309556694,0.21787995116806722,True,False,False,5.45301607943247e-06,COMPLETE
1944,0.4236188292503357,2025-04-12 16:00:07.553619,2025-04-12 16:00:47.545548,0 days 00:00:39.991929,0.02619972713068499,0.11436304746373518,2,0.1697541993572931,0.07363061028524577,0.07898197379390585,0.013520185905417524,0.06850346736516877,0.027490373627913237,0.08255624087241596,6,31,0.08018477352567335,0.22080717496850025,True,False,False,4.7097636791391305e-06,COMPLETE
1945,0.4492906987667084,2025-04-12 16:00:48.202570,2025-04-12 16:01:29.199669,0 days 00:00:40.997099,0.04905905174676904,0.1784277685424223,8,0.15058217280296182,0.08252459779727207,0.08428305901028585,0.005626468675090522,0.07220520567536992,0.03078943625739256,0.07160624927718912,29,35,0.07468476239742397,0.21590723407628276,True,False,False,2.3162679323936055e-06,COMPLETE
1946,0.09307204186916351,2025-04-12 16:01:29.856507,2025-04-12 16:03:03.670885,0 days 00:01:33.814378,0.026988548998110387,0.14318446671877333,2,0.16111738612804183,0.0733456875024303,0.07519691777827799,0.011535077127259766,0.06749595692477448,0.024472953904360446,0.060442971457451984,28,34,0.07983522950790152,0.20578442487690946,True,True,False,4.449854177798989e-06,COMPLETE
1947,0.2973398268222809,2025-04-12 16:03:04.301463,2025-04-12 16:04:55.730469,0 days 00:01:51.429006,0.06451194096275542,0.21755921441538895,2,0.16712939671696414,0.09463711438744696,0.06689725425291214,0.015704331343788486,0.07031970238462291,0.029340141766443163,0.079228313104832,27,132,0.08072115465112958,0.21173888695640602,True,False,False,4.396484504575122e-06,COMPLETE
1948,0.4745166838169098,2025-04-12 16:04:56.384393,2025-04-12 16:06:49.062665,0 days 00:01:52.678272,0.011241560398536537,0.09168868263692165,2,0.15249015905873645,0.08718723721152669,0.06943612249756953,0.04939287463206415,0.07234966717411663,0.031923472215857805,0.05636171538233831,29,37,0.07812622449205096,0.21770902095945685,True,False,False,3.690701285885819e-06,COMPLETE
1949,0.43992825150489806,2025-04-12 16:06:49.698613,2025-04-12 16:08:43.407735,0 days 00:01:53.709122,0.04947502037529289,0.19733947690494819,2,0.1581551830629346,0.07188754569276794,0.0765674267806308,0.007210425092224549,0.07175529138528126,0.02743526912562084,0.06438841621013154,29,29,0.08051002380177585,0.2226382578458577,False,False,False,2.9447656155129158e-06,COMPLETE
1950,0.47105162739753725,2025-04-12 16:08:44.057672,2025-04-12 16:10:34.731429,0 days 00:01:50.673757,0.060118662795579446,0.16508931085447587,2,0.1691170742577376,0.0762733898394293,0.06095203352701616,0.055796012297624695,0.07391020480106811,0.029454660270371795,0.07842746051071206,28,32,0.07415388158583737,0.20439623829279446,True,False,False,2.577631360134206e-06,COMPLETE
1951,0.4270988821983338,2025-04-12 16:10:35.381676,2025-04-12 16:12:27.061250,0 days 00:01:51.679574,0.047873354346072095,0.5874085607511109,2,0.16920872646780238,0.06898356852401019,0.07326592257769197,0.009342623815299397,0.07333354170189547,0.03242297866571431,0.09546341613660993,28,24,0.07943585382178606,0.21456546019728076,True,False,False,7.63472763141434e-06,COMPLETE
1952,0.49545775651931767,2025-04-12 16:12:27.695132,2025-04-12 16:14:14.071333,0 days 00:01:46.376201,0.06642543060719777,0.23999262879400757,2,0.16204530395013192,0.0689954756344858,0.0857752079503039,0.014464945712952782,0.05624244126126462,0.029454635461214504,0.07210450931256283,27,37,0.07708533804253698,0.20803986093468,True,False,False,4.448134368642877e-06,COMPLETE
1953,0.481478214263916,2025-04-12 16:14:14.727415,2025-04-12 16:16:00.886659,0 days 00:01:46.159244,0.030147024144222948,0.12570834264979858,2,0.14837363381236066,0.06959021061699225,0.009257720253383513,0.01299122793779288,0.07054037526069849,0.03195584356233348,0.07361949927052465,27,35,0.07184182711123334,0.20535946200653726,True,False,False,2.2894570369472326e-06,COMPLETE
1954,0.4796458959579468,2025-04-12 16:16:01.546315,2025-04-12 16:17:52.374612,0 days 00:01:50.828297,0.07259853379364802,0.19241874647346127,2,0.15651623872940743,0.07474351618438614,0.08127820341150177,0.004056064737862539,0.06834472323471041,0.027974581541149863,0.08653259544165351,28,27,0.0807799759867694,0.20253795355300658,True,False,False,3.087256912232228e-06,COMPLETE
1955,0.2969848334789276,2025-04-12 16:17:53.016502,2025-04-12 16:19:33.592991,0 days 00:01:40.576489,0.04971797901668565,0.15456302793499735,2,0.16449726191021352,0.0844897907523042,0.07785453552808973,0.016779597437680066,0.07217309865415664,0.023230609159223516,0.08734366985819433,30,32,0.0798363797961578,0.22252998931007933,True,False,True,6.774991515894653e-06,COMPLETE
1956,0.48610134124755866,2025-04-12 16:19:34.255025,2025-04-12 16:21:26.629148,0 days 00:01:52.374123,0.07936137916607969,0.2109441507321881,2,0.17002770605128154,0.07131753001009816,0.07113197182073129,0.010864395666011405,0.07406819172093021,0.03096868277622037,0.07371213059947958,29,37,0.08145104848635792,0.2100208516487336,True,False,False,6.816276704222144e-06,COMPLETE
1957,0.4844446539878845,2025-04-12 16:21:27.289643,2025-04-12 16:23:14.406067,0 days 00:01:47.116424,0.01009499306760308,0.1760144191993355,2,0.15796154034767107,0.07492258299399207,0.07547695972740213,0.002587798297477445,0.07318217175686281,0.033502513853675135,0.09848416399839148,27,35,0.08105896715243097,0.21841970709796382,True,False,False,3.0486002468185872e-06,COMPLETE
1958,0.4681605994701386,2025-04-12 16:23:15.040404,2025-04-12 16:25:03.893761,0 days 00:01:48.853357,0.04045130245769365,0.1486259678223934,2,0.1443537263639972,0.06854135690887866,0.08265288983205586,0.005758575268126195,0.07073893077595036,0.033227074063653175,0.06379602579015924,28,38,0.07910715324828042,0.21465339236359157,True,False,False,2.7671379674626256e-06,COMPLETE
1959,0.49287981986999513,2025-04-12 16:25:04.558466,2025-04-12 16:26:55.063451,0 days 00:01:50.504985,0.0663368221060652,0.10500297512835166,2,0.1635400189725042,0.08692553047327899,0.05519509887826419,0.05267128421935105,0.07509270879146634,0.0339297794433242,0.06900240293559631,28,31,0.08155593625541445,0.20299116519010407,True,False,False,4.605243525142719e-06,COMPLETE
1960,0.5105568408966065,2025-04-12 16:26:55.709182,2025-04-12 16:28:41.813289,0 days 00:01:46.104107,0.08190976278626858,0.22730298588737458,2,0.17161767543994916,0.06852809852402418,0.07334703576052765,0.008130836082259485,0.06393095858788268,0.027015758844574744,0.09777499407481086,27,33,0.08151638335899193,0.22540547663169913,True,False,False,2.959452990830711e-06,COMPLETE
1961,0.4315777480602265,2025-04-12 16:28:42.477175,2025-04-12 16:30:30.556053,0 days 00:01:48.078878,0.04407656282436041,0.2587078146296168,2,0.17174953458070288,0.07560746051851402,0.07637207031783232,0.007918073333027159,0.05090110888087772,0.027274842369278057,0.08307718926866445,27,26,0.07695246617443977,0.22103204927741923,True,False,False,3.1259959913250084e-06,COMPLETE
1962,0.4178607344627381,2025-04-12 16:30:31.193738,2025-04-12 16:32:19.064354,0 days 00:01:47.870616,0.0673897290877985,0.24661987359749676,2,0.17080669421876618,0.07782555129905429,0.07405922527341073,0.006897866571222239,0.06221703072045417,0.024556007134441164,0.09917292119307848,27,28,0.07864853544746886,0.22708841874119048,True,False,False,4.587831590461945e-06,COMPLETE
1963,0.4536233365535736,2025-04-12 16:32:19.717702,2025-04-12 16:34:07.132072,0 days 00:01:47.414370,0.029712293122416508,0.2578851755236726,2,0.17220285002000021,0.07657912074828879,0.07860592674144151,0.008385300843768284,0.046094919766488156,0.029477768118925923,0.09858128645456457,27,28,0.07618984922584628,0.22587553113295536,True,False,False,2.3322854003332474e-06,COMPLETE
1964,0.4430854678153992,2025-04-12 16:34:07.792461,2025-04-12 16:35:55.648557,0 days 00:01:47.856096,0.06915554227775403,0.2528144491073745,2,0.17364280350543818,0.08131030860621467,0.07494477769017219,0.004516241914929367,0.06673459003303928,0.027524023380836486,0.08547069066085658,27,31,0.08059860070092477,0.22735889991556463,True,False,False,1.7298470227404248e-06,COMPLETE
1965,0.09307204186916351,2025-04-12 16:35:56.296109,2025-04-12 16:37:28.831953,0 days 00:01:32.535844,0.05678745447266803,0.24046115984534805,2,0.17501666017282294,0.06838450436417354,0.07713784098191426,0.0070061076530529495,0.07147671578039856,0.024286225155959705,0.07591855117299653,28,29,0.07765541141216654,0.22112843135851035,True,True,False,3.205911837813319e-06,COMPLETE
1966,0.42486785054206855,2025-04-12 16:37:29.491697,2025-04-12 16:39:16.006238,0 days 00:01:46.514541,0.0779660723175548,0.7857815333287994,2,0.16832058218172874,0.07159959124840075,0.07420254375285401,0.008534419071112093,0.06636898328886932,0.027220151950937195,0.08501844641069899,27,32,0.08026763438198799,0.22783354277448015,True,False,False,1.8887520317333852e-06,COMPLETE
1967,0.42435581088066104,2025-04-12 16:39:16.673316,2025-04-12 16:41:05.915853,0 days 00:01:49.242537,0.05235731367856281,0.23192498553050298,2,0.11566225032645464,0.07187647983343273,0.07962407188035209,0.005278521617025706,0.05785290110174095,0.024005515137728542,0.0825051118449652,27,25,0.0785496958820233,0.2212274788614729,True,False,False,2.904931317867371e-06,COMPLETE
1968,0.4359827399253845,2025-04-12 16:41:06.560082,2025-04-12 16:41:44.856849,0 days 00:00:38.296767,0.03325097209872328,0.23088228097167482,8,0.16470523135766513,0.07742301084918711,0.07617549517725763,0.00792523400964377,0.05261339506764851,0.026175532572079267,0.09239071658727607,26,30,0.07339557893898083,0.21756765458024088,False,False,False,2.0176815831990735e-06,COMPLETE
1969,0.48396377563476567,2025-04-12 16:41:45.521578,2025-04-12 16:43:35.430262,0 days 00:01:49.908684,0.08213648910961496,0.225025990193118,2,0.17336922425537118,0.08379963321958743,0.07314075964771694,0.0049163013690008295,0.06257954124914006,0.026165867955419437,0.09455814441220449,28,34,0.0817382195880696,0.227659599502629,True,False,False,3.644534246228627e-06,COMPLETE
1970,0.4396417140960694,2025-04-12 16:43:36.072337,2025-04-12 16:45:22.742050,0 days 00:01:46.669713,0.058047747458156496,0.24667933374730863,2,0.16947032172518706,0.09144293688954472,0.07783560469459903,0.009281858951623376,0.05919637850869325,0.029037300931834386,0.07525207664318606,27,33,0.08137358127045112,0.23267901879599628,True,False,False,3.944393070493719e-06,COMPLETE
1971,0.44705223441123965,2025-04-12 16:45:23.407689,2025-04-12 16:46:13.259639,0 days 00:00:49.851950,0.08149428381894276,0.27828652228346523,2,0.15335927604279914,0.06777249850541688,0.07551055572750281,0.006473567326331503,0.062165321446630444,0.02429980286513717,0.0871602619165229,9,30,0.07910225321750183,0.21440516968926165,True,False,False,2.647901548451028e-06,COMPLETE
1972,0.48659230470657355,2025-04-12 16:46:13.929739,2025-04-12 16:47:56.846749,0 days 00:01:42.917010,0.010347794403353035,0.21712095040506113,2,0.16201183711488681,0.07135489881210508,0.08672669982268631,0.002624849804617924,0.064846167273063,0.027977784713081023,0.06967305649260316,26,33,0.0819080257609023,0.223508273104811,True,False,False,1.987781720299223e-06,COMPLETE
1973,0.45637444257736204,2025-04-12 16:47:57.491256,2025-04-12 16:49:45.966547,0 days 00:01:48.475291,0.04258514452031629,0.1418227428938479,2,0.17243778725408268,0.08625484483542956,0.07983197875217948,0.009700499679300076,0.06064735386096427,0.02144025804725915,0.07647706126258322,27,28,0.07907158885826449,0.22356153382514757,True,False,False,2.6790009943336256e-06,COMPLETE
1974,0.4703673362731934,2025-04-12 16:49:46.632748,2025-04-12 16:51:31.206025,0 days 00:01:44.573277,0.07210128350360788,0.11803011258518324,2,0.04737879965416299,0.06733155582500669,0.07314703452403389,0.006897117535189593,0.06427357308926175,0.027297750340653116,0.0924375482836681,26,34,0.08229493205228129,0.23424278282201028,True,False,False,2.0820514644343327e-06,COMPLETE
1975,0.4408869564533234,2025-04-12 16:51:31.851991,2025-04-12 16:53:26.531925,0 days 00:01:54.679934,0.08497619724937353,0.29083465052444957,2,0.1754940941653548,0.07854613705903338,0.08405522227253642,0.009855923586896229,0.06829699046139559,0.026314216557143617,0.0695715740990477,29,23,0.07709572137920684,0.21236568532597938,True,False,False,4.07247768784157e-06,COMPLETE
1976,0.3763526439666748,2025-04-12 16:53:27.195586,2025-04-12 16:54:59.409776,0 days 00:01:32.214190,0.042682675318951126,0.22386936752886724,2,0.1582971549319274,0.06647023631526533,0.08189041418731595,0.004671278417183497,0.06937030470939806,0.02953966964194076,0.09347225304713057,27,31,0.08194277052519855,0.2285220794944536,True,False,True,6.477565201486527e-06,COMPLETE
1977,0.3550262153148651,2025-04-12 16:55:00.079094,2025-04-12 16:56:49.555695,0 days 00:01:49.476601,0.08879771015575065,0.09642636042409111,2,0.16640441657577715,0.294821636012238,0.07708274827604614,0.007726114531546295,0.06875427598733101,0.02356618730745718,0.06667843976648949,28,33,0.07934631087937524,0.218759130118853,True,False,False,3.356304279548146e-06,COMPLETE
1978,0.4517111778259278,2025-04-12 16:56:50.204152,2025-04-12 16:58:40.292551,0 days 00:01:50.088399,0.06288917671257727,0.13321490150728915,2,0.15374804551205862,0.07467471194161128,0.07422244709849987,0.005103257369150992,0.0722282943053011,0.02498076485255636,0.07803843599700667,28,35,0.08115975282970261,0.21045190292398938,True,False,False,1.2560928336788122e-05,COMPLETE
1979,0.4326807975769043,2025-04-12 16:58:40.956414,2025-04-12 17:00:24.346607,0 days 00:01:43.390193,0.026107738296717926,0.20355295520823152,2,0.1472017801348655,0.07095829351014483,0.07858107176914947,0.009533291643196332,0.06711800818783474,0.0256868220999657,0.07269885552783416,26,29,0.08221786407705493,0.23193946797015638,True,False,False,3.15429983164425e-06,COMPLETE
1980,0.48577593564987187,2025-04-12 17:00:24.996073,2025-04-12 17:02:13.183517,0 days 00:01:48.187444,0.06393684926353126,0.16551771750440492,2,0.03819413099417802,0.08378720749456663,0.07290068144302128,0.045062548628120355,0.06553250060665883,0.03030048026392943,0.06207471290487068,27,36,0.08046018391737347,0.21938679196363162,True,False,False,3.011242663366375e-06,COMPLETE
1981,0.4320991218090057,2025-04-12 17:02:13.843234,2025-04-12 17:04:05.278853,0 days 00:01:51.435619,0.09017429068178043,0.06123574830456556,2,0.163686319023673,0.06762812708649693,0.08478644702757578,0.008480297378945168,0.07035525267029435,0.02871286502396481,0.06718164146176346,28,32,0.08193893378517797,0.2243941162241852,True,False,False,3.379947201762075e-06,COMPLETE
1982,0.509947407245636,2025-04-12 17:04:05.945285,2025-04-12 17:05:52.926028,0 days 00:01:46.980743,0.04339665781107842,0.2613585530858639,2,0.17754680322630859,0.06618630299029654,0.07587165618289876,0.006301873171529766,0.07001009800323323,0.0307868167480201,0.09270605469332774,27,36,0.07846548054014606,0.20814053759638768,True,False,False,5.611542216238287e-06,COMPLETE
1983,0.44259253144264227,2025-04-12 17:05:53.571577,2025-04-12 17:07:42.723310,0 days 00:01:49.151733,0.023815708759601345,0.2708861943820524,2,0.1771328055337855,0.07674694684111204,0.07233120894544817,0.0019659971753473292,0.07286392625663693,0.0284019716376974,0.0767733769620781,27,26,0.07431536507497798,0.20361774292811888,True,False,False,7.447756262129825e-06,COMPLETE
1984,0.09307204186916351,2025-04-12 17:07:43.386983,2025-04-12 17:09:14.511191,0 days 00:01:31.124208,0.026196726200867812,0.2628173606704408,2,0.17746201317381544,0.07117419334142212,0.07498078786179845,0.004860847668339606,0.06784879922280253,0.03057296028860257,0.09000229698287371,27,35,0.0770773545426359,0.20405364546059784,True,True,False,0.00098869692381495,COMPLETE
1985,0.4661184310913086,2025-04-12 17:09:15.179504,2025-04-12 17:11:02.677135,0 days 00:01:47.497631,0.011287247987190987,0.26498678061161407,2,0.18047505887455717,0.0775504575912044,0.0748419906862741,0.0014568918089939986,0.06927024466121164,0.031346492283964855,0.08036918328727528,27,32,0.07529615762723832,0.2095650618678894,True,False,False,4.956836207555789e-06,COMPLETE
1986,0.46172468066215516,2025-04-12 17:11:03.319530,2025-04-12 17:12:52.558636,0 days 00:01:49.239106,0.032852024579936474,0.30334015814932963,2,0.17689135029274738,0.06992279062305733,0.08747258299584383,0.003565934675861104,0.0673825098611336,0.02716597020534812,0.0846659273175626,28,37,0.07583484961224947,0.2011842857869361,True,False,False,3.9497057792922e-06,COMPLETE
1987,0.3201222181320191,2025-04-12 17:12:53.229265,2025-04-12 17:14:40.163298,0 days 00:01:46.934033,0.03784366521680288,0.2668190677914005,2,0.17752112026033084,0.08142933346667258,0.07189048275934432,0.004135719165147975,0.06476011630561278,0.03026863138295903,0.09956262534893227,27,30,0.076041188545744,0.19788716143033214,False,False,False,5.933180772305608e-06,COMPLETE
1988,0.44838980436325077,2025-04-12 17:14:40.832739,2025-04-12 17:15:19.444531,0 days 00:00:38.611792,0.04615449648752801,0.26065862381138477,8,0.17897771081253772,0.07571075877138496,0.08077061362774152,0.0028250103387640045,0.06372511291681542,0.028840284228588354,0.07856432471780041,26,34,0.07312591912515504,0.20712504492452186,True,False,False,4.867266845036231e-06,COMPLETE
1989,0.48851491212844855,2025-04-12 17:15:20.096033,2025-04-12 17:17:07.336634,0 days 00:01:47.240601,0.04783510747327175,0.233705194098048,2,0.17509291023819382,0.06744687049769375,0.07659307366744575,0.005791564108285717,0.06714001238876632,0.026251236257015583,0.09008022015053888,27,36,0.0782002664808125,0.0898847854924042,True,False,False,4.190260499690345e-06,COMPLETE
1990,0.4694220066070557,2025-04-12 17:17:08.008485,2025-04-12 17:18:51.140579,0 days 00:01:43.132094,0.026825424716703617,0.27778605585487914,2,0.17448351273354415,0.06605456408299396,0.07374096724903016,0.005789736564586691,0.07194796526772015,0.031094374265231574,0.09752552988820738,26,37,0.07443387696683892,0.2090102780381059,True,False,False,5.643596300909783e-06,COMPLETE
