number,value,datetime_start,datetime_complete,duration,params_alpha-eval,params_alpha-train,params_batch-size,params_eps-eval,params_eps-train,params_lambda-actions-eval,params_lambda-actions-train,params_lambda-frames-eval,params_lambda-frames-train,params_learning-rate,params_n-epochs,params_n-frames,params_radius-gw,params_rho,params_std-feats,params_ub-actions,params_ub-frames,params_weight-decay,state
398,0.44484938383102424,2025-04-11 05:11:50.623994,2025-04-11 05:12:57.803416,0 days 00:01:07.179422,0.333231968473164,0.03628618213112301,2,0.19400216135804796,0.07376254472728286,0.07323345937649925,0.0314670032707572,0.09472310659347136,0.07690562051047241,0.037281816020480064,15,39,0.07810446306098151,0.17553922251852866,True,False,False,2.9207022303426955e-05,COMPLETE
399,0.46163260936737066,2025-04-11 05:12:57.940910,2025-04-11 05:14:03.285133,0 days 00:01:05.344223,0.36381237120934756,0.045565395689601426,2,0.1790816523151836,0.05754298249149263,0.0710515020191917,0.008571950609774158,0.07196872814256922,0.0804617263584066,0.005343846321787041,14,46,0.08451085153071737,0.194845562860224,True,False,False,7.134484706642883e-05,COMPLETE
400,0.3559781730175019,2025-04-11 05:14:03.412669,2025-04-11 05:14:59.720796,0 days 00:00:56.308127,0.334248257786659,0.06059416005206577,2,0.16935494510617516,0.04942320951822837,0.07456095798032032,0.02554141767268662,0.07662486143560289,0.07514747773783645,0.024362803787797056,14,44,0.08195413026878262,0.01298356530640557,True,False,True,4.5421313564348685e-05,COMPLETE
401,0.44514122009277346,2025-04-11 05:14:59.847870,2025-04-11 05:15:21.624554,0 days 00:00:21.776684,0.2992214061631797,0.1172109085004268,16,0.17720290482340334,0.06611516845901894,0.06956571052570773,0.030377512175876493,0.07251438462293822,0.07822914383626482,0.004489224497897149,11,40,0.08668931814756113,0.18342314509295005,True,False,False,7.683254713336426e-05,COMPLETE
402,0.37164491415023804,2025-04-11 05:15:21.765032,2025-04-11 05:16:20.710557,0 days 00:00:58.945525,0.3884016323854407,0.3697530103259567,2,0.18767728136765652,0.24871647527470936,0.06828187145203268,0.0164799901747852,0.07062462298418848,0.07285009471970766,0.007712751135690052,12,33,0.08724192077871094,0.17238890660069836,True,False,False,5.817658066953927e-05,COMPLETE
403,0.471490615606308,2025-04-11 05:16:20.837931,2025-04-11 05:17:23.295783,0 days 00:01:02.457852,0.36171738811251364,0.1237486134474509,2,0.16900035309661157,0.07246303073146343,0.07236179725351455,0.0280617887655243,0.07481836237464609,0.08157974473987664,0.008847771139945023,13,28,0.039371584959030786,0.16813979381320138,True,False,False,3.61470834593566e-05,COMPLETE
404,0.43466833233833313,2025-04-11 05:17:23.424287,2025-04-11 05:18:21.976959,0 days 00:00:58.552672,0.22456661075766687,0.721250773383214,2,0.17488069127774342,0.06073540741190735,0.07049017171680236,0.03307494100870801,0.0681289092912115,0.07893236518227571,0.016028572437559545,12,39,0.08444904448897061,0.17745693572614885,True,False,False,9.090666692533535e-05,COMPLETE
405,0.4418004393577576,2025-04-11 05:18:22.107569,2025-04-11 05:19:24.511246,0 days 00:01:02.403677,0.32584985970772057,0.050376148912280594,2,0.16576708632848677,0.054081449243077395,0.06912318705442325,0.010972279934388271,0.05351462139605099,0.07633070826349665,0.0069791958594295714,13,41,0.09442220902980188,0.18676686053221495,True,False,False,9.591976916898689e-05,COMPLETE
406,0.38312433958053593,2025-04-11 05:19:24.649146,2025-04-11 05:20:20.262159,0 days 00:00:55.613013,0.35145450433959935,0.01125192068220093,2,0.1826687318339628,0.0461046662987396,0.07652046958145899,0.030109818667813808,0.07951919407901871,0.08077295215993287,0.019073421503288553,11,24,0.08835582156764615,0.16587745849501193,True,False,False,5.475875241960426e-05,COMPLETE
407,0.49033071994781496,2025-04-11 05:20:20.392309,2025-04-11 05:21:32.256653,0 days 00:01:11.864344,0.4029074585789769,0.14121078483802313,2,0.17489957413241805,0.0659810195968002,0.008258930409052831,0.022166740778060676,0.07305498805905264,0.08245447279912993,0.012311554966929681,16,31,0.09085733273189396,0.15634049093247987,True,False,False,7.174325490523903e-05,COMPLETE
408,0.40970384478569033,2025-04-11 05:21:32.385540,2025-04-11 05:22:32.317304,0 days 00:00:59.931764,0.4013523112155363,0.14392606942818487,2,0.17553191761400136,0.06955826653402862,0.008968612078480896,0.022366059198237254,0.07527110195918098,0.07798394941488039,0.028822546343469074,15,61,0.09138379478972271,0.15337445654420684,True,False,True,2.2909969940184824e-05,COMPLETE
409,0.4235641717910767,2025-04-11 05:22:32.456426,2025-04-11 05:23:47.369517,0 days 00:01:14.913091,0.4056653526177149,0.10216269932923185,2,0.18473469542689597,0.08023321063595655,0.08789366670211547,0.020671261171019504,0.07350623625594718,0.08273208014227527,0.014157350574564671,17,30,0.020713517611432572,0.18170448033204667,True,False,False,6.859485946790863e-05,COMPLETE
410,0.4573989391326905,2025-04-11 05:23:47.498853,2025-04-11 05:25:03.046665,0 days 00:01:15.547812,0.44746850830474294,0.16077196348906475,2,0.17137070404449284,0.05749596733474056,0.010512083708408775,0.02354496375232433,0.08190134261770857,0.07446510995985656,0.009852785240893419,17,27,0.09355550715027483,0.13742030776623412,True,False,False,5.2772946271723104e-05,COMPLETE
411,0.3946128189563751,2025-04-11 05:25:03.177656,2025-04-11 05:26:09.745629,0 days 00:01:06.567973,0.38470025524547313,0.11368834642015019,2,0.1775965550178853,0.14510193641231003,0.017206810425753928,0.02531825240746932,0.07223940664280536,0.07975748137865564,0.004541473121547174,14,22,0.08613502467618903,0.172997809962357,True,False,False,3.821898997048069e-05,COMPLETE
412,0.09307204186916351,2025-04-11 05:26:09.887649,2025-04-11 05:27:22.187143,0 days 00:01:12.299494,0.0657994850779029,0.15030936804304304,2,0.16707842690529612,0.0020430422808147553,0.004871757302625469,0.00326485099606071,0.06923147798109724,0.0717813827304507,0.022389094943843873,16,66,0.09066942375768103,0.14528534711890626,True,False,False,7.835446009096616e-05,COMPLETE
413,0.4665105342864991,2025-04-11 05:27:22.317277,2025-04-11 05:28:34.091583,0 days 00:01:11.774306,0.41739837341748787,0.12968032741532845,2,0.17369100975214577,0.0651133439283067,0.004697585570562136,0.09037726393468387,0.07814059791958546,0.08312330288914001,0.007761896149598948,16,32,0.09251922552271877,0.1544656102490284,True,False,False,6.692006294549184e-05,COMPLETE
414,0.09307204186916351,2025-04-11 05:28:34.222787,2025-04-11 05:29:30.270824,0 days 00:00:56.048037,0.3848311075118895,0.09573769358440798,2,0.16704611327970592,0.07431361300324205,0.0928457604304149,0.006168650096873757,0.08545640916974398,0.07665160874982727,0.013765423883428428,14,34,0.09663383093073728,0.1640782608048013,True,True,False,9.300002360690564e-05,COMPLETE
415,0.3081792414188385,2025-04-11 05:29:30.414086,2025-04-11 05:30:41.671090,0 days 00:01:11.257004,0.4792267250558257,0.038000768646114444,2,0.18226958550854735,0.05245820385000694,0.07265787992410774,0.014422278922601457,0.07361657078692334,0.08005810718843663,1.1541954122660726e-05,16,30,0.08809408714291905,0.1992088842057119,False,False,False,5.172701205625341e-05,COMPLETE
416,0.4628127157688141,2025-04-11 05:30:41.804796,2025-04-11 05:31:50.184031,0 days 00:01:08.379235,0.4027515031818626,0.17042245865840322,2,0.17308534231230469,0.06033678089294552,0.015054008231292307,0.027161778434914054,0.07638004058887972,0.08237651030391296,0.005784397048491442,15,37,0.0831304551802243,0.15798804254371748,True,False,False,7.821174698124554e-05,COMPLETE
417,0.10409809947013855,2025-04-11 05:31:50.316261,2025-04-11 05:32:46.786564,0 days 00:00:56.470303,0.3695631858297202,0.44907001378008665,2,0.19021300456601006,0.19025694307704874,0.022174740948619178,0.031848443573362806,0.071732168646317,0.07788596396444389,0.011655066275055515,14,26,0.09039876977901636,0.1672528088377041,True,False,True,0.00010152148296983645,COMPLETE
418,0.4503427088260651,2025-04-11 05:32:46.929872,2025-04-11 05:33:49.006509,0 days 00:01:02.076637,0.36837415570171067,0.14787608341488562,2,0.16322169914404236,0.0701568185931065,0.07491826235986926,0.028371687563725555,0.050858310259881176,0.0811825022139475,0.016775320917260486,13,33,0.08636294837433936,0.1510715193788937,True,False,False,6.625139344987874e-05,COMPLETE
419,0.4557741582393646,2025-04-11 05:33:49.138771,2025-04-11 05:34:47.823080,0 days 00:00:58.684309,0.42136563563421453,0.014150334732140182,2,0.17758818301871462,0.04212526817355633,0.07076346561946971,0.03564939334084695,0.05478198846600406,0.07518431083901728,0.009138752171464365,12,30,0.08045225703987541,0.1749134553272739,True,False,False,0.00014508577484916642,COMPLETE
420,0.4721426963806153,2025-04-11 05:34:47.957358,2025-04-11 05:35:49.645998,0 days 00:01:01.688640,0.4462666455263352,0.1175819950306142,2,0.17111951250809676,0.047666748703247774,0.06172297808393145,0.024950461145614375,0.06886230756331405,0.08301075426997201,0.012397732610239345,13,35,0.0949038578727699,0.14172655748093388,True,False,False,4.2929043028691045e-05,COMPLETE
421,0.4314039349555969,2025-04-11 05:35:49.791473,2025-04-11 05:36:12.397526,0 days 00:00:22.606053,0.350614980135826,0.06564462723086556,16,0.16341387719581774,0.06255145889656769,0.06852908932240766,0.03380641085087671,0.06668400543178163,0.07990726876476818,0.010066765882327034,13,38,0.02964772795091956,0.18992791458562552,True,False,False,9.040251256836395e-05,COMPLETE
422,0.4902202010154725,2025-04-11 05:36:12.532062,2025-04-11 05:37:17.636085,0 days 00:01:05.104023,0.3919696337678227,0.13779598234914864,2,0.18255575900674992,0.07913445310103695,0.07302944024580757,0.0047530013972787236,0.08059853416279224,0.09218316079566298,0.01550808188229435,14,42,0.08916254062088795,0.18014248939408425,True,False,False,5.455378222342813e-05,COMPLETE
423,0.5021247267723083,2025-04-11 05:37:17.770310,2025-04-11 05:38:25.941976,0 days 00:01:08.171666,0.3842171432654516,0.13626206210085515,2,0.19161397458194346,0.056244647228372226,0.07402173551817469,0.008146361892930483,0.08049060222260257,0.09261161576195784,0.018594933840186068,15,44,0.08760945224198669,0.17844237656800924,True,False,False,6.869069703109424e-05,COMPLETE
424,0.44281796216964725,2025-04-11 05:38:26.088801,2025-04-11 05:39:35.129500,0 days 00:01:09.040699,0.013280832871451778,0.13145414326667526,2,0.19055805523346014,0.05356429222549614,0.07585434403298348,0.007562036148523359,0.07989056006173278,0.08869176270371361,0.021693064904811852,15,50,0.08510028491657692,0.13381101600130776,True,False,False,5.8126860299173085e-05,COMPLETE
425,0.4866668820381165,2025-04-11 05:39:35.264271,2025-04-11 05:40:43.767700,0 days 00:01:08.503429,0.3946678665606174,0.1063780581542734,2,0.18315165080280899,0.05707515853756428,0.07908604871422936,0.00520789597233455,0.08204120494335947,0.09228926169556673,0.018260426679632305,15,41,0.08979854464482966,0.18006404990464261,True,False,False,6.650215823365558e-05,COMPLETE
426,0.4460714757442475,2025-04-11 05:40:43.902891,2025-04-11 05:41:52.259593,0 days 00:01:08.356702,0.4071547964099815,0.5130435696986051,2,0.19520681126994513,0.03676381165854224,0.07759416325184776,0.005510714315037916,0.08407735496576174,0.0962270446056751,0.020724997877266768,15,48,0.08854031577783207,0.18044438673543126,True,False,False,5.154693800913075e-05,COMPLETE
427,0.44979321956634527,2025-04-11 05:41:52.392771,2025-04-11 05:43:04.888192,0 days 00:01:12.495421,0.5524464416444903,0.10267159658668092,2,0.18131862616723832,0.04718717628039754,0.020131752185684137,0.004665191452384457,0.08210340772044387,0.09294295486062519,0.017105036281671003,16,46,0.09088125284843314,0.1861982739312711,True,False,False,6.564725795352818e-05,COMPLETE
428,0.47485444545745853,2025-04-11 05:43:05.038496,2025-04-11 05:44:12.894983,0 days 00:01:07.856487,0.3928777525220154,0.10264943423066591,2,0.19942419455032792,0.05659058603228724,0.07933276380056854,0.008843151417199975,0.08648564124542092,0.09290504080823508,0.018924591090482046,15,43,0.08648075972788298,0.17796514736095,True,False,False,4.751744233842086e-05,COMPLETE
429,0.4188876748085022,2025-04-11 05:44:13.029914,2025-04-11 05:45:21.575108,0 days 00:01:08.545194,0.38899944737569914,0.08530334700839219,2,0.18206593586571307,0.05106724670000951,0.08125104183886069,0.0010084953657592856,0.08095590936411755,0.09755314178917321,0.028970454010448954,15,45,0.08424792828382834,0.1803005562168137,True,False,False,7.470626055774037e-05,COMPLETE
430,0.395651388168335,2025-04-11 05:45:21.711217,2025-04-11 05:46:33.720655,0 days 00:01:12.009438,0.08504645460115656,0.12253000689871316,2,0.18416454029568075,0.0444436554498825,0.0840984402544793,0.004211620900739824,0.08285170232035192,0.09155044995872846,0.024385122720034638,16,44,0.08859443588452694,0.1727631730868736,True,False,False,3.2643239337645086e-05,COMPLETE
431,0.481608521938324,2025-04-11 05:46:33.868126,2025-04-11 05:47:42.328416,0 days 00:01:08.460290,0.41548195941707977,0.16551660762915596,2,0.18671999919638088,0.05567810638011294,0.07436083049152989,0.006373308765596471,0.07986994937889444,0.09220018896762237,0.015671119087379122,15,42,0.0915322215998577,0.17046716566111553,True,False,False,6.11334806155466e-05,COMPLETE
432,0.4833225131034852,2025-04-11 05:47:42.466134,2025-04-11 05:48:54.263732,0 days 00:01:11.797598,0.41058700798949976,0.2095416627862046,2,0.19285772695240816,0.05529168503051392,0.07736782074247783,0.006883705346921605,0.08007750659439825,0.0944682540908985,0.018699510164059664,16,46,0.09116509931345138,0.1842410882945728,True,False,False,4.1040342958483193e-05,COMPLETE
433,0.09307204186916351,2025-04-11 05:48:54.401080,2025-04-11 05:49:56.615003,0 days 00:01:02.213923,0.40730692682760483,0.19100207459955015,2,0.19929884189575822,0.05072114723622943,0.0795833382735446,0.00724000402495891,0.08038351599265661,0.09363114241734496,0.024015727595052137,16,51,0.09211098328508642,0.17365872919784728,True,True,False,3.645644868098258e-05,COMPLETE
434,0.4852754831314087,2025-04-11 05:49:56.763437,2025-04-11 05:51:11.348353,0 days 00:01:14.584916,0.42172991995403386,0.21068197491246737,2,0.19069121375990214,0.03990887017091462,0.07817861504298858,0.003109120840931002,0.08371069228981251,0.09506216121900785,0.019530128885390855,17,48,0.09020917200867991,0.1843871372599128,True,False,False,3.826645705165405e-05,COMPLETE
435,0.4890381097793579,2025-04-11 05:51:11.486493,2025-04-11 05:52:26.699844,0 days 00:01:15.213351,0.05313461555359867,0.21533616602923075,2,0.19358887147049939,0.03938428535284899,0.07787846358374899,0.0037861896931257475,0.08664120894512647,0.0978225573965124,0.033333568250125664,17,49,0.08988197667165668,0.19256991703474327,True,False,False,2.7672531322658564e-05,COMPLETE
436,0.44390266537666323,2025-04-11 05:52:26.838984,2025-04-11 05:53:39.255104,0 days 00:01:12.416120,0.09016947344396088,0.24026718904859967,2,0.19356111277218735,0.03594865847171026,0.079324720335062,0.0026224976025673486,0.08657675785751444,0.09697303840170049,0.057910795864872106,16,54,0.08655915032146745,0.19903294194701454,True,False,False,3.503586502241579e-05,COMPLETE
437,0.4728706479072571,2025-04-11 05:53:39.403831,2025-04-11 05:54:57.249912,0 days 00:01:17.846081,0.06903529051469752,0.21872978601445434,2,0.19726407785602462,0.033116910350484724,0.08254706148959877,0.003565941252491894,0.0853801995021628,0.09974544667335536,0.028966094809756426,18,45,0.08996105833026179,0.19342520585512427,True,False,False,3.878173009636519e-05,COMPLETE
438,0.45631089806556707,2025-04-11 05:54:57.394183,2025-04-11 05:56:12.885856,0 days 00:01:15.491673,0.057834920057940914,0.20211898356990657,2,0.18818937913401304,0.039473602276391594,0.07838003157236192,0.009547374313911752,0.07870576760063663,0.09522164457151922,0.03237150989038835,17,51,0.0930917753713365,0.19174840651776612,True,False,False,2.9768995955209604e-05,COMPLETE
439,0.40493880510330205,2025-04-11 05:56:13.026430,2025-04-11 05:57:28.140464,0 days 00:01:15.114034,0.040513201475525215,0.2189950185645174,2,0.19162391454695238,0.040992948166568316,0.07721696467918289,0.0036336713904598734,0.08728472844709942,0.09824211150719848,0.03213197249348462,17,49,0.0822652598690736,0.186654086411433,False,False,False,1.7228144420892497e-05,COMPLETE
440,0.46368359923362734,2025-04-11 05:57:28.290854,2025-04-11 05:58:44.322253,0 days 00:01:16.031399,0.04747488707616586,0.21027940055370326,2,0.20444424077177883,0.04568241234825118,0.07711485204816153,0.005615492474024349,0.08357486813844585,0.09664613884154001,0.023530014026445306,17,47,0.08765038375832998,0.1885889155776202,True,False,False,2.4891938955654808e-05,COMPLETE
441,0.4372546792030335,2025-04-11 05:58:44.462258,2025-04-11 05:59:59.845792,0 days 00:01:15.383534,0.07986941453950538,0.23214318853788832,2,0.19545464796604725,0.02862303040299191,0.07955423119991527,0.007654875108803481,0.09130732034596659,0.09456618210662676,0.043824180556851264,17,56,0.0852774219575662,0.18267316469908806,True,False,False,2.1613138183357014e-05,COMPLETE
442,0.48046813011169437,2025-04-11 05:59:59.986611,2025-04-11 06:01:18.619309,0 days 00:01:18.632698,0.38995556550632293,0.2559684780724771,2,0.20010008033669235,0.037300249671423716,0.07536015405074119,0.0010321840409791504,0.08349509604106266,0.09488099050579772,0.0492123305236586,18,53,0.0900785860004986,0.19747521562189396,True,False,False,4.286233879830905e-05,COMPLETE
443,0.4727604746818543,2025-04-11 06:01:18.771380,2025-04-11 06:02:31.177761,0 days 00:01:12.406381,0.42996717345390545,0.18220113671386182,2,0.18982456085808486,0.04244668964426978,0.08058619023831846,0.0042209171462908,0.09001278244887227,0.0913921991764836,0.02082394642960212,16,47,0.08916822083692391,0.18489164535635666,True,False,False,3.0054810024681472e-05,COMPLETE
444,0.4392756521701813,2025-04-11 06:02:31.318509,2025-04-11 06:03:42.785954,0 days 00:01:11.467445,0.03354958551983217,0.19626703727861286,2,0.19203103241677846,0.04597057970971442,0.07669234868202525,0.011468172600643412,0.08828992726755709,0.09875015194740476,0.02829173501104712,16,48,0.09267172028977277,0.13131511424963743,True,False,False,4.986629312320025e-05,COMPLETE
445,0.4940802574157715,2025-04-11 06:03:42.939210,2025-04-11 06:04:57.804381,0 days 00:01:14.865171,0.05521459312892214,0.20988888958953678,2,0.1950691397661629,0.04961837058100988,0.0752335942208846,0.005083592473489559,0.08200856213020469,0.09022576820801544,0.03605216288919574,17,45,0.03374646077368302,0.19226840781336244,True,False,False,4.3713315861247124e-05,COMPLETE
446,0.3666847348213196,2025-04-11 06:04:57.946763,2025-04-11 06:06:12.939620,0 days 00:01:14.992857,0.05497053662377364,0.17732290046287089,2,0.18530995817519247,0.03304653694867808,0.074538195060551,0.0025216435357613746,0.0820380395390403,0.09072979020195818,0.04059131194939653,17,44,0.009180537056672829,0.20147453723905656,True,False,False,4.860939017036853e-05,COMPLETE
447,0.45898022651672366,2025-04-11 06:06:13.089965,2025-04-11 06:07:27.470900,0 days 00:01:14.380935,0.03176218854366718,0.20224203242716865,2,0.19117045015547215,0.042431802796001186,0.07404944968077937,0.005412513075775199,0.085692434462171,0.09032249250299418,0.04507670202020729,17,43,0.08427254880676523,0.20555439652890373,True,False,False,5.644132836614542e-05,COMPLETE
448,0.43882963657379154,2025-04-11 06:07:27.626268,2025-04-11 06:08:46.233698,0 days 00:01:18.607430,0.07969135651141002,0.16895469248162298,2,0.20013274723027158,0.04895528898796133,0.07599441276147999,0.00890662893902738,0.08438646560515137,0.09279112005135771,0.03710778022913942,18,52,0.08661743453070829,0.19402541958287006,True,False,False,3.9390676310517925e-05,COMPLETE
449,0.46878114938735965,2025-04-11 06:08:46.376215,2025-04-11 06:10:01.339955,0 days 00:01:14.963740,0.0529639208273558,0.22952812719851384,2,0.18585992932195552,0.04868674493389264,0.07336323931634375,0.002765085862673486,0.08290322401487785,0.09050614693578302,0.04197860355697191,17,42,0.03258315879246325,0.1924031380408522,True,False,False,2.4443061070735782e-05,COMPLETE
450,0.46847174763679506,2025-04-11 06:10:01.484173,2025-04-11 06:11:19.618482,0 days 00:01:18.134309,0.06724948418928216,0.16650333398416578,2,0.20217986277704197,0.039282788263356155,0.07554380376459721,0.004979517069503527,0.08103098901955332,0.09546888898397407,0.027670282074308165,18,50,0.049955222704301874,0.1791961934123437,True,False,False,5.942658355048946e-05,COMPLETE
451,0.4912516474723816,2025-04-11 06:11:19.773092,2025-04-11 06:12:28.006162,0 days 00:01:08.233070,0.10839394990479256,0.19018556588554192,2,0.18364843232248476,0.05173105951888749,0.0835372430592447,0.009822919678696654,0.08462107393697187,0.09319651149107573,0.017921456791872115,15,46,0.02671265141117769,0.13524100773052572,True,False,False,2.8995642979620626e-05,COMPLETE
452,0.470939165353775,2025-04-11 06:12:28.148870,2025-04-11 06:13:35.788269,0 days 00:01:07.639399,0.10628860631392303,0.2735201723256032,2,0.19590622224050436,0.04477845218008842,0.08759314708913762,0.011256826007890209,0.0836632134842866,0.09324903259977599,0.07531381571504504,15,48,0.025857255377575196,0.14152917142209093,True,False,False,1.3913953950998461e-05,COMPLETE
453,0.2888054966926575,2025-04-11 06:13:35.932257,2025-04-11 06:14:52.285507,0 days 00:01:16.353250,0.13559746277849025,0.2124728731607702,2,0.1872718125972612,0.01971271264673687,0.08349393891131508,0.010149250022679775,0.08862226442779249,0.09270498462502993,0.09255407693473659,17,45,0.017612501431644098,0.13581168895043236,True,False,False,2.9105950898219994e-05,COMPLETE
454,0.46869404315948493,2025-04-11 06:14:52.439882,2025-04-11 06:16:04.587272,0 days 00:01:12.147390,0.09906461491033955,0.20117346904858235,2,0.03590608876127818,0.052048155794291465,0.08655804801763846,0.007673256281212685,0.08464381846919647,0.09749702051556484,0.034587332177173885,16,46,0.02733370527872929,0.17470457585263363,True,False,False,3.341231106808961e-05,COMPLETE
