number,value,datetime_start,datetime_complete,duration,params_alpha-eval,params_alpha-train,params_batch-size,params_eps-eval,params_eps-train,params_lambda-actions-eval,params_lambda-actions-train,params_lambda-frames-eval,params_lambda-frames-train,params_learning-rate,params_n-epochs,params_n-frames,params_radius-gw,params_rho,params_std-feats,params_ub-actions,params_ub-frames,params_weight-decay,state
1924,0.2564469039440155,2025-04-18 22:27:45.474417,2025-04-18 22:28:16.164772,0 days 00:00:30.690355,0.04168526225256109,0.15812282380423048,8,0.18789132292475297,0.10910208859912282,0.06550074641156146,0.02094486280293873,0.0030522299572209454,0.07763221250597102,0.04799318732099047,21,34,0.034674190744085516,0.1498084432976285,False,False,True,0.0004005027893999272,COMPLETE
1925,0.45992888212203986,2025-04-18 22:28:16.791994,2025-04-18 22:28:46.630140,0 days 00:00:29.838146,0.0735292608384617,0.2301739853311853,8,0.16612135311939455,0.10273955553740353,0.07328260359759078,0.024307219193095572,0.006051762219755194,0.06550795066029316,5.669297318965221e-05,19,40,0.031108010781582596,0.14311845013828975,True,False,True,0.0001974459204006279,COMPLETE
1926,0.11885687112808228,2025-04-18 22:28:47.268398,2025-04-18 22:30:01.989352,0 days 00:01:14.720954,0.10139737036281335,0.7937844504192524,2,0.10180180930767586,0.09121912474916949,0.05119318765533427,0.03084276648281469,0.009781268300796193,0.03768071791519377,0.014661591666459424,20,43,0.036212932506901656,0.12402188538688894,True,True,True,2.6805121791371345e-08,COMPLETE
1927,0.434205836057663,2025-04-18 22:30:02.606039,2025-04-18 22:30:37.677095,0 days 00:00:35.071056,0.061746113421226656,0.1788128257625111,8,0.15249147784944314,0.08190268408839363,0.07064556337183617,0.01907569000251244,0.004293773042039872,0.06790170095072219,0.029818989582617438,21,30,0.03308392574357114,0.15590586319946848,True,False,False,4.161624443746592e-05,COMPLETE
1928,0.4595381379127503,2025-04-18 22:30:38.314986,2025-04-18 22:31:10.460711,0 days 00:00:32.145725,0.027893131205273997,0.10634111797676317,8,0.00012646872182171202,0.11387797826007166,0.07698715560982045,0.025205921095174645,0.0074556840769890945,0.08293620631061882,0.06415359898298464,22,39,0.02578882533608243,0.13318539643002605,True,False,True,0.000301416208743559,COMPLETE
1929,0.43445364236831663,2025-04-18 22:31:11.100597,2025-04-18 22:31:42.349903,0 days 00:00:31.249306,0.1350339672747803,0.14028394287432017,8,0.012268168143810522,0.07189369069677656,0.06297815820610794,0.028292656054222227,0.011603988519839946,0.027541622047263,0.03681207405672806,21,33,0.027810122638626544,0.17335552384634634,True,False,True,1.0134636935884187e-05,COMPLETE
1930,0.27076004743576054,2025-04-18 22:31:42.964383,2025-04-18 22:32:14.108510,0 days 00:00:31.144127,0.08616624142401896,0.2608173083414647,8,0.020260930848244416,0.0968062609311901,0.03805947360440487,0.010075694618257339,0.0010276117586396844,0.071514253352228,0.023499607435372723,20,45,0.030277933619755282,0.20228661976348636,True,False,True,0.0008408342727454346,COMPLETE
1931,0.4650399744510651,2025-04-18 22:32:14.744041,2025-04-18 22:32:44.554766,0 days 00:00:29.810725,0.046611795246974425,0.21391157477123215,8,0.1767296343099422,0.08929007611648655,0.044436619657469645,0.02321314204530384,0.004921095659040871,0.07391537872140717,0.05372475114459614,19,36,0.03500001008895284,0.16192699416430117,True,False,True,5.82659445816827e-05,COMPLETE
1932,0.4544239759445191,2025-04-18 22:32:45.166026,2025-04-18 22:33:14.530016,0 days 00:00:29.363990,0.11033074985034472,0.17689207547766878,8,0.006132190030036354,0.06269022336609806,0.07526582703174349,0.03037196462296461,0.00929142985979791,0.061729135323784476,0.07366580651565453,14,42,0.037705268991586036,0.14623290331356775,True,False,False,0.00015548050520119072,COMPLETE
1933,0.26573812365531924,2025-04-18 22:33:15.165455,2025-04-18 22:33:44.836609,0 days 00:00:29.671154,0.06755352585646822,0.11644309861051894,8,0.00022085850180994515,0.07735188827965214,0.06557529324296961,0.026229017683530878,0.006857280296344157,0.03026135750602568,0.017446848113513307,18,51,0.032523267158044246,0.19672780394287204,True,False,True,7.3141921951812e-05,COMPLETE
1934,0.47300727963447575,2025-04-18 22:33:45.480210,2025-04-18 22:34:17.453711,0 days 00:00:31.973501,0.02723502916311463,0.19392827226020956,8,0.16348151819321985,0.10483448103435888,0.05890612835636492,0.021961770123339098,0.0028525952388088393,0.0706482132549706,0.04643315890069018,21,39,0.028952836383672867,0.15182482561388275,True,False,True,0.00010232945121186349,COMPLETE
1935,0.47815386652946473,2025-04-18 22:34:18.074244,2025-04-18 22:34:50.332058,0 days 00:00:32.257814,0.0478800512257368,0.15442710608832355,8,0.19835677709610844,0.09633349780460754,0.06251299225774143,0.027974060464391187,0.00998007925468683,0.06818678334987684,0.010969943287611014,22,36,0.03187121205666229,0.13936318238122988,True,False,True,0.0005990710770710639,COMPLETE
1936,0.34288108348846436,2025-04-18 22:34:50.970172,2025-04-18 22:35:21.648109,0 days 00:00:30.677937,0.08366299409464464,0.07220130845745917,8,0.016158685201103015,0.21781605281615968,0.07424297397367509,0.02484031981823833,0.012227967660359159,0.04780240419858266,0.03148524686994954,20,32,0.03419079800010532,0.16614376374191825,True,False,True,0.0002463135449415247,COMPLETE
1937,0.3464886784553528,2025-04-18 22:35:22.265687,2025-04-18 22:35:57.028982,0 days 00:00:34.763295,0.12793269562054715,0.24662049513670783,8,0.00799814689197225,0.08718846685877829,0.07103051952426549,0.02003590884052432,0.005452493945950836,0.08096543086099676,0.06151492377303028,21,41,0.03742810310163891,0.11658082946931216,True,False,False,1.4494135400933135e-05,COMPLETE
1938,0.24863732457160953,2025-04-18 22:35:57.667207,2025-04-18 22:36:52.394777,0 days 00:00:54.727570,0.01081873149750541,0.21175629528842294,2,0.18335082029287136,0.06871258867753073,0.06051743020134235,0.03040293562757189,0.007800282374289186,0.0761716592931797,0.040734676727232244,13,47,0.03032668577686998,0.15609921262869178,True,False,True,3.877491144797333e-05,COMPLETE
1939,0.4237107336521149,2025-04-18 22:36:53.012224,2025-04-18 22:37:23.304972,0 days 00:00:30.292748,0.010257773939668674,0.09849474593915784,8,0.1386634887963926,0.1012495898511783,0.06854833894343623,0.02637596891003801,0.0033251386271805376,0.07264170850419692,0.01309614219399323,19,44,0.026830324968050975,0.2068546609585713,True,False,True,8.662347152187238e-06,COMPLETE
1940,0.36373043656349185,2025-04-18 22:37:23.945554,2025-04-18 22:37:54.808302,0 days 00:00:30.862748,0.059254593888020915,0.1280150164301841,8,0.021599160363527353,0.08014900929569581,0.06624913434367061,0.022769121432981095,0.005905360501313557,0.06460066763950702,0.020684107392022012,20,38,0.03555571660151269,0.14279833262360017,True,False,True,0.0003495413920726355,COMPLETE
1941,0.4661784887313843,2025-04-18 22:37:55.420889,2025-04-18 22:38:27.259809,0 days 00:00:31.838920,0.04089058771100486,0.16574869563109018,8,0.01229702941523815,0.09315573274237622,0.07253285718028034,0.02879734466490345,0.008582004014154291,0.07930578800100767,0.01549133950645404,22,35,0.033597084887321535,0.19533553732140063,True,False,True,1.4313471177362812e-05,COMPLETE
1942,0.3782869040966034,2025-04-18 22:38:27.892745,2025-04-18 22:38:57.073952,0 days 00:00:29.181207,0.09373123803926839,0.23061527093703596,8,0.15523028542622164,0.10988712958954398,0.06426076645496755,0.01765697943741938,0.003804209856163066,0.06960208720708731,0.02499178132960292,14,29,0.00565721039074666,0.14912088421014366,True,False,False,0.0004412314289717291,COMPLETE
1943,0.23990959525108338,2025-04-18 22:38:57.709180,2025-04-18 22:39:28.681632,0 days 00:00:30.972452,0.07538194523401648,0.1962962018193529,8,0.14955704139209447,0.058536205331096304,0.07597001317135113,0.026371270982988505,0.009826300469382866,0.0671699298405101,0.07625933911171245,21,41,0.024007849036936903,0.13671609683140162,False,True,True,0.00015621400655026554,COMPLETE
1944,0.3955769419670105,2025-04-18 22:39:29.300775,2025-04-18 22:39:58.458907,0 days 00:00:29.158132,0.1178320280777769,0.17582860426610158,8,0.17395919674696747,0.0865417376451514,0.05944166023487484,0.08394937411693609,0.007131575728329895,0.05991333542240168,0.05520607490869265,18,38,0.031355542232939786,0.16016722166331182,True,False,True,0.0002667596847919419,COMPLETE
1945,0.37849603295326234,2025-04-18 22:39:59.096202,2025-04-18 22:40:24.761620,0 days 00:00:25.665418,0.03255855208490585,0.13615801003146255,8,0.16810076529866588,0.09856389460984978,0.0697922859339658,0.023638023785222066,0.0027264883378488565,0.07497399385411682,0.03279173522338925,13,34,0.028091820568836762,0.21489220444854656,True,False,True,1.1089393826662686e-05,COMPLETE
1946,0.45385160446166994,2025-04-18 22:40:25.413372,2025-04-18 22:40:56.241963,0 days 00:00:30.828591,0.06435680040566205,0.22353550213007667,8,0.006365064175502392,0.07453476310551574,0.05669601529513536,0.0303638001542043,0.006355042668947883,0.07778160927839481,0.04272226629235095,20,44,0.03593829048714045,0.20238249132886016,True,False,True,9.272482094398247e-05,COMPLETE
1947,0.4491289794445038,2025-04-18 22:40:56.866315,2025-04-18 22:41:31.836025,0 days 00:00:34.969710,0.09607694087224104,0.15388745050359928,8,0.020159303162052347,0.04957730315674638,0.06163575444985338,0.02134335097898838,0.01258554986430194,0.072462117084548,0.01848883547792645,21,48,0.032974065839412287,0.1319873229073985,True,False,False,0.0002227111562737438,COMPLETE
1948,0.10480966269969941,2025-04-18 22:41:32.488674,2025-04-18 22:42:02.038570,0 days 00:00:29.549896,0.15018215226281684,0.1936250981187331,8,0.1919570547345019,0.18811260168221128,0.0673403018486037,0.027727845470375625,0.004438717374658643,0.06955840013978279,0.06572701977600176,19,40,0.030061982968172828,0.15188652618156226,True,False,True,0.0001422969458462288,COMPLETE
1949,0.49125351905822756,2025-04-18 22:42:02.663553,2025-04-18 22:42:29.461906,0 days 00:00:26.798353,0.04222405912488228,0.09590221444240883,8,0.011192542737017667,0.0827711425164692,0.07359152751905434,0.024633910097267495,0.010592978928345917,0.06513514785604697,0.04884312839566379,15,37,0.03782253016366918,0.1430611093627378,True,False,True,1.4025572459135193e-05,COMPLETE
1950,0.46858198642730714,2025-04-18 22:42:30.126471,2025-04-18 22:43:05.774663,0 days 00:00:35.648192,0.11333325485517558,0.11571130138506716,8,0.1633689014156824,0.10571067651456943,0.04772033071360617,0.026084274079090468,0.008572403124267058,0.07362016137667814,0.025691272599438264,28,32,0.03190947134137353,0.17143451971699367,True,False,True,6.698208879196226e-05,COMPLETE
1951,0.4997589588165283,2025-04-18 22:43:06.391070,2025-04-18 22:43:37.254601,0 days 00:00:30.863531,0.08188521397288005,0.17726326300701314,8,0.016901367554999783,0.11487617041897165,0.06441065938122476,0.028827334585375976,0.0011774282644240368,0.07091884839068725,0.03876204900249965,20,42,0.03538498608563754,0.22456720051949283,True,False,True,4.861563139155125e-05,COMPLETE
1952,0.4712414681911469,2025-04-18 22:43:37.894155,2025-04-18 22:44:56.898480,0 days 00:01:19.004325,0.02647961490076592,0.06605639359480195,2,0.15833754869432906,0.09481700577156033,0.07072782539912806,0.02250335101382833,0.004841866232481468,0.08318204744100191,0.015794011932860515,22,45,0.025450978872412152,0.1940166634466991,True,False,True,0.00019983008395967923,COMPLETE
1953,0.3309348940849305,2025-04-18 22:44:57.541978,2025-04-18 22:45:30.002374,0 days 00:00:32.460396,0.05001749783401011,0.2481622707557524,8,0.14326076853512598,0.09025499748838818,0.05331490305758295,0.019662045309198517,0.007446353379091334,0.06636023416816171,0.020523859743650685,13,124,0.029599980477749012,0.14923890837702572,True,False,False,0.0003981586727145876,COMPLETE
1954,0.4026061236858368,2025-04-18 22:45:30.622144,2025-04-18 22:46:01.894109,0 days 00:00:31.271965,0.14056149042480676,0.14583867924153782,8,0.005222816083245694,0.06616014172657907,0.002928675992522202,0.025058329266860652,0.011699915203389002,0.021286634519249066,0.07935644251230271,21,36,0.03398843622963065,0.20976979453139857,True,False,True,0.0003165676588664914,COMPLETE
1955,0.435975980758667,2025-04-18 22:46:02.536897,2025-04-18 22:46:32.459572,0 days 00:00:29.922675,0.06517598518589479,0.21641017304802115,8,0.013840513564063833,0.10055400280286773,0.07837716177952417,0.030764061493396784,0.0028915065324796457,0.06311998300007951,0.05660145619164638,19,40,0.03141953055209557,0.12817370609185622,True,False,True,0.0005096537473022802,COMPLETE
1956,0.42472639083862307,2025-04-18 22:46:33.114268,2025-04-18 22:46:58.822677,0 days 00:00:25.708409,0.10171357986221755,0.19970869080581327,8,0.020895924867775317,0.07657804710196559,0.06804001253365485,0.027489758894543602,0.005814240806495867,0.0688736171809307,0.013680920159834034,13,33,0.02873129446692311,0.15771964475618613,True,False,True,1.1848987198941201e-05,COMPLETE
1957,0.4001064598560333,2025-04-18 22:46:59.449897,2025-04-18 22:47:30.385529,0 days 00:00:30.935632,0.024786420676591668,0.16374738559580634,8,0.17179145603779772,0.08633160079734359,0.06249275743062446,0.02388939677219163,0.009492186797597172,0.07557768423476789,0.009857851675094457,20,42,0.03725658603438263,0.20081786252891487,True,False,True,1.55457539125126e-05,COMPLETE
1958,0.4664807200431824,2025-04-18 22:47:31.038119,2025-04-18 22:48:03.488075,0 days 00:00:32.449956,0.010965418697797987,0.18157699650443132,8,0.15390898093738004,0.1073746350433488,0.07209923603477338,0.021263590806157938,0.008227017280000044,0.07770592955947757,0.032740215578713094,18,38,0.03333624302265893,0.2508857424911405,True,False,False,0.00011874310207676822,COMPLETE
1959,0.4296609580516816,2025-04-18 22:48:04.141611,2025-04-18 22:48:35.952510,0 days 00:00:31.810899,0.08008822189461133,0.23308420334445185,8,0.008486377901257612,0.09387617119168681,0.06557744350411071,0.02827372706051455,0.004013376987753482,0.07186250024251538,0.06839778343612873,21,35,0.02750956548112706,0.16496342260261757,True,False,True,3.9965732994425825e-05,COMPLETE
1960,0.4684469223022461,2025-04-18 22:48:36.577405,2025-04-18 22:49:08.335977,0 days 00:00:31.758572,0.051029120090730976,0.2673431642065525,8,0.00011607823090551057,0.05450798030372293,0.057991011117592216,0.0167735108025728,0.006062206547873128,0.08028052435565838,0.049049859330537855,22,30,0.034733068961617264,0.1420122098948611,True,False,True,9.331474696800908e-06,COMPLETE
1961,0.3963731527328491,2025-04-18 22:49:08.989627,2025-04-18 22:49:35.946598,0 days 00:00:26.956971,0.01003478492725049,0.12159135955653419,8,0.18300592122237527,0.07172592307986027,0.07522199235633092,0.02552135630894061,0.010867952438208189,0.06733950055085043,0.022502113611997103,14,49,0.03143482618140078,0.1465115237000517,True,False,True,0.0002619900322869958,COMPLETE
1962,0.47855224013328557,2025-04-18 22:49:36.568124,2025-04-18 22:50:07.256408,0 days 00:00:30.688284,0.11613821817030981,0.13922410240414995,8,0.16635971260128019,0.10091592179388965,0.06951827418640016,0.030033646391470416,0.00746549445458683,0.08211507511645383,0.007482847172253077,20,45,0.036353725234925145,0.15571511139183633,True,False,True,0.0001839033091248286,COMPLETE
1963,0.09307204186916351,2025-04-18 22:50:07.903335,2025-04-18 22:50:38.834984,0 days 00:00:30.931649,0.46362058057405975,0.08203249577402982,8,0.011594123028866535,0.0823647723096894,0.060849212830748595,0.02294390895155281,0.01252527410289706,0.07378863799453662,0.041026195778929256,21,39,0.029081175932491266,0.13532110464724023,True,True,False,1.6227103272256614e-05,COMPLETE
1964,0.16970123648643493,2025-04-18 22:50:39.489383,2025-04-18 22:51:04.005567,0 days 00:00:24.516184,0.06176798844481479,0.2079952904938856,8,0.1588706316120686,0.06131405196220485,0.07358913747302065,0.02679854742868639,0.004641189070140061,0.018067384498572495,0.059332549836719005,12,43,0.03270826161042807,0.17374253952515442,False,False,True,0.000624551059789033,COMPLETE
1965,0.38685641884803773,2025-04-18 22:51:04.626527,2025-04-18 22:51:30.364203,0 days 00:00:25.737676,0.09561233931408963,0.15193729443637913,8,0.20109752588608865,0.0925598186389303,0.06348733482044229,0.01950377960805517,0.009809695134221101,0.05466456364135667,0.028207147933524326,13,36,0.02601632909739513,0.19543702473247168,True,False,True,8.76869136556256e-05,COMPLETE
1966,0.44412108659744265,2025-04-18 22:51:31.008432,2025-04-18 22:52:23.098251,0 days 00:00:52.089819,0.042499463083864625,0.17105521664937245,2,0.02250726627380577,0.11483783622039723,0.05079081464805992,0.0244121537331285,0.002701298129711257,0.07090113213069867,0.01761246197310361,12,40,0.037689094274650045,0.20453479371438163,True,False,True,0.00035432132968775496,COMPLETE
1967,0.34311636090278624,2025-04-18 22:52:23.749269,2025-04-18 22:52:53.341548,0 days 00:00:29.592279,0.15377240398533565,0.09666560889133566,8,0.005885741052163264,0.10402044071507795,0.06632701787883799,0.029308437263934364,0.006502387623604626,0.07598312247771213,0.001006634291597855,19,33,0.030443415275065888,0.1526895051778811,True,False,True,2.6410368890220515e-07,COMPLETE
1968,0.39926401376724246,2025-04-18 22:52:53.968573,2025-04-18 22:53:27.737179,0 days 00:00:33.768606,0.07875632765212426,0.1875400006979235,8,0.016691168604743824,0.08689049708598166,0.07059336398758,0.026244369337376436,0.008400248260453533,0.04497388203011927,0.011754919331940929,20,29,0.03399620984136637,0.1610945511039032,True,False,False,1.1743458747364129e-05,COMPLETE
1969,0.4711973309516907,2025-04-18 22:53:28.377879,2025-04-18 22:53:59.310665,0 days 00:00:30.932786,0.12887928924849118,0.22175739552041007,8,0.12692374990826188,0.09795971349957693,0.07722027929315886,0.030863194139414962,0.0026291793854396894,0.07872935238963542,0.08798021889601663,21,38,0.035073137422044695,0.13837424266803827,True,False,True,3.797130380725465e-05,COMPLETE
1970,0.3299131751060486,2025-04-18 22:53:59.961935,2025-04-18 22:54:32.633495,0 days 00:00:32.671560,0.03134983101266005,0.12740489128577104,8,0.14927592509159293,0.04257516889807886,0.060422460801210054,0.02177978400450201,0.0010314851662609629,0.08411392309756369,0.03666982397845313,22,42,0.023603439959940974,0.14737484160113934,True,False,True,5.5544826187239596e-05,COMPLETE
1971,0.25688188672065737,2025-04-18 22:54:33.259781,2025-04-18 22:54:59.277605,0 days 00:00:26.017824,0.06423324937382086,0.15890694810531822,8,0.17564552320785656,0.07869684377305547,0.06467780872675033,0.027464962491820493,0.012703091824327249,0.06893710555434256,0.04985173983980809,13,47,0.03199022484653925,0.1218437771358315,True,False,True,0.00015580571476837292,COMPLETE
1972,0.4438720047473908,2025-04-18 22:54:59.923648,2025-04-18 22:55:25.102702,0 days 00:00:25.179054,0.09945650517990631,0.2012921605824746,16,0.012857523367999214,0.06583181596119245,0.05594545082967762,0.022763094009079367,0.005389369182729089,0.032591546495547165,0.07015611137955306,23,34,0.027534729126406286,0.21805581815469266,True,False,True,9.480604350938696e-06,COMPLETE
1973,0.4254333674907685,2025-04-18 22:55:25.759268,2025-04-18 22:55:55.342128,0 days 00:00:29.582860,0.04798696157538335,0.238048052179092,8,0.1157074071299328,0.11008398460007907,0.06805261701336959,0.025063391174755475,0.010564172994218283,0.07291219377139631,0.01495553649308834,14,52,0.030499341224125762,0.16840236818507429,True,False,False,0.00021078045184770783,COMPLETE
1974,0.4918827295303345,2025-04-18 22:55:55.968573,2025-04-18 22:56:20.918461,0 days 00:00:24.949888,0.08042063995115575,0.18338471147996616,16,0.02319676124827691,0.07054221783082712,0.07165347188270796,0.028456170401323064,0.004639729619976472,0.06669020173931609,0.02347104670604864,21,37,0.0358841201399984,0.19640426894432483,True,False,True,1.5470998603454863e-05,COMPLETE
1975,0.38463152647018434,2025-04-18 22:56:21.577118,2025-04-18 22:56:51.660916,0 days 00:00:30.083798,0.03162908660074535,0.10772524548697389,8,0.13421787320954146,0.09134330798616663,0.06255942058878794,0.020801479429783182,0.00830829380933214,0.07049424352979332,0.029519497880479213,19,41,0.011860675018045982,0.14227482885145865,True,False,True,0.0002790613419177947,COMPLETE
1976,0.30472498536109927,2025-04-18 22:56:52.315903,2025-04-18 22:57:21.616480,0 days 00:00:29.300577,0.12046537596658932,0.24829477752443876,8,0.005351880011279307,0.09879321891542556,0.07445644000983008,0.031113880507860396,0.047406516836679666,0.026056660521549396,0.019858232537657554,18,44,0.032934653970022335,0.20820957946908988,True,False,True,0.0004905413408175625,COMPLETE
1977,0.40471509099006653,2025-04-18 22:57:22.247523,2025-04-18 22:57:42.404230,0 days 00:00:20.156707,0.943135692053541,0.060726243039400725,16,0.016101314548570823,0.08493300653083771,0.06709856890264697,0.024015295376226348,0.00677218289756906,0.07441582650881826,0.0584128806663124,11,31,0.03786467132241518,0.15398077835892082,True,False,True,7.423081037791477e-05,COMPLETE
1978,0.46658035516738894,2025-04-18 22:57:43.057955,2025-04-18 22:58:17.185539,0 days 00:00:34.127584,0.06198732186600241,0.1395669026118217,8,0.16639587067199146,0.10567864349212763,0.05912115383807523,0.026590617703472045,0.0010992505566420744,0.06347444270467928,0.043741476639051924,20,39,0.029218648769539432,0.1287154351709946,True,False,False,0.00011143730491026873,COMPLETE
1979,0.38064978122711185,2025-04-18 22:58:17.840982,2025-04-18 22:58:38.358557,0 days 00:00:20.517575,0.0922241014239972,0.21183503384664445,16,0.0002146886808776484,0.07868296740125594,0.06920290362786556,0.028745313211510172,0.004054854029955012,0.07744770500401232,0.012429952958852608,12,35,0.03390259285367795,0.14760932657102585,True,False,True,1.283043029367001e-05,COMPLETE
