number,value,datetime_start,datetime_complete,duration,params_alpha-eval,params_alpha-train,params_batch-size,params_eps-eval,params_eps-train,params_lambda-actions-eval,params_lambda-actions-train,params_lambda-frames-eval,params_lambda-frames-train,params_learning-rate,params_n-epochs,params_n-frames,params_radius-gw,params_rho,params_std-feats,params_ub-actions,params_ub-frames,params_weight-decay,state
1991,0.42865782380104067,2025-04-12 17:18:51.817169,2025-04-12 17:20:43.931325,0 days 00:01:52.114156,0.04056398268428723,0.2881171004702828,2,0.06779930148833145,0.06870307896782073,0.08232872519372181,0.006728673917404274,0.055235906873823785,0.02861840032878645,0.09671933317849928,28,20,0.07046117018963466,0.19732998528878196,True,False,False,3.7827825715245324e-06,COMPLETE
1992,0.46963716149330137,2025-04-12 17:20:44.580845,2025-04-12 17:22:31.146992,0 days 00:01:46.566147,0.028640842212779995,0.250083101835965,2,0.17872945497641501,0.07350775549918966,0.07163346212259339,0.0026352478266368487,0.07222054528988005,0.031232661315900655,0.09733469317962305,27,33,0.07778801431373193,0.20021512347780812,True,False,False,5.437698539993633e-06,COMPLETE
1993,0.491098952293396,2025-04-12 17:22:31.816005,2025-04-12 17:24:14.516447,0 days 00:01:42.700442,0.04156959672224995,0.24720256993065098,2,0.17174125647407945,0.07482911997000234,0.07856479859991981,0.006020582816712679,0.06870937229227059,0.025670079857960548,0.08186657513999213,26,38,0.07715087371471324,0.2030813692210293,True,False,False,5.138651572109822e-06,COMPLETE
1994,0.43898434042930606,2025-04-12 17:24:15.163440,2025-04-12 17:25:49.850869,0 days 00:01:34.687429,0.06011519818144931,0.30058221392488343,2,0.18225625139272808,0.0839649669660865,0.08567795273000774,0.0010038097416363665,0.0696843184428677,0.030144739822854618,0.07389807082429234,28,28,0.07789038281413647,0.19814120915502215,True,False,True,3.359926010022133e-06,COMPLETE
1995,0.4104588568210602,2025-04-12 17:25:50.518213,2025-04-12 17:27:37.978509,0 days 00:01:47.460296,0.05685957863363494,0.3228164097790064,2,0.1712214518388893,0.07180914621117172,0.07594967708906361,0.0037359891095052715,0.06969138196573617,0.032597467864866954,0.08048389739339508,27,31,0.07971251962767553,0.21191061153232837,True,False,False,4.231229751120275e-06,COMPLETE
1996,0.4798931956291199,2025-04-12 17:27:38.647549,2025-04-12 17:29:29.204673,0 days 00:01:50.557124,0.012282089148357926,0.2535379479451648,2,0.18073463769405596,0.06420133799125852,0.08032122452944535,0.01121140945758717,0.0661486430811438,0.02769990492371202,0.06748115112903742,28,35,0.07939692736237403,0.20517599277279402,True,False,False,4.743536133568801e-06,COMPLETE
1997,0.46738950014114383,2025-04-12 17:29:29.849567,2025-04-12 17:31:16.315539,0 days 00:01:46.465972,0.04423913691781025,0.24119078616105094,2,0.17044784645078154,0.06375021720270588,0.08406725517037611,0.006578535931054812,0.07262470331128067,0.03171858595868522,0.08318076284333127,27,39,0.0794116849131467,0.19572501646987245,True,False,False,1.417257141362596e-06,COMPLETE
1998,0.48649344444274906,2025-04-12 17:31:16.980878,2025-04-12 17:33:00.687115,0 days 00:01:43.706237,0.05859877165156947,0.28146908173670865,2,0.17342662671288078,0.06601857788557183,0.0732847904331389,0.008087060134789442,0.0701735048229743,0.029198763271837565,0.09633541641170704,26,34,0.07504056032397464,0.2381014423333606,True,False,False,5.610640365771048e-06,COMPLETE
1999,0.44493499398231506,2025-04-12 17:33:01.356584,2025-04-12 17:34:47.802003,0 days 00:01:46.445419,0.04339009809501448,0.24478508736883658,2,0.18362026047150362,0.08054128476060335,0.08739366742556348,0.01106189972429433,0.07218485800738342,0.032062483416675294,0.06573549617132042,27,38,0.07653801744571892,0.20917637146180765,True,False,False,4.635468042682529e-06,COMPLETE
