number,value,datetime_start,datetime_complete,duration,params_alpha-eval,params_alpha-train,params_batch-size,params_eps-eval,params_eps-train,params_lambda-actions-eval,params_lambda-actions-train,params_lambda-frames-eval,params_lambda-frames-train,params_learning-rate,params_n-epochs,params_n-frames,params_radius-gw,params_rho,params_std-feats,params_ub-actions,params_ub-frames,params_weight-decay,state
1877,0.4734546303749085,2025-04-12 14:20:37.660778,2025-04-12 14:22:01.599401,0 days 00:01:23.938623,0.10148486132247272,0.1594046361588709,2,0.15580896053465662,0.06858341748528468,0.0701043159881428,0.01484811743391282,0.08027617349139782,0.028353170173060164,0.04223690122241603,20,48,0.08031805820347175,0.2278993206457566,True,False,False,4.012699817084717e-05,COMPLETE
1878,0.3527349293231964,2025-04-12 14:22:02.239821,2025-04-12 14:23:17.970257,0 days 00:01:15.730436,0.5571938241930232,0.18170618863103555,2,0.10795614923027322,0.012444146486369791,0.08185071523145881,0.005961705112981774,0.08487393312785359,0.035978807855109866,0.052632917042784375,21,35,0.08367529061339156,0.2247740313334258,True,False,True,1.9544962454824678e-05,COMPLETE
1879,0.3903689801692963,2025-04-12 14:23:18.585617,2025-04-12 14:24:46.276530,0 days 00:01:27.690913,0.12338634336919685,0.14009065749592198,2,0.18568603742369572,0.057419119621566206,0.07483296914636539,0.012007423615903482,0.08189116562239666,0.031114996797164056,0.04496899956862562,21,44,0.08295062080519666,0.24165857844515076,True,False,False,2.727529233112941e-05,COMPLETE
1880,0.46804909706115727,2025-04-12 14:24:46.911931,2025-04-12 14:26:07.621802,0 days 00:01:20.709871,0.031196749080566435,0.11030191964505032,2,0.17039675820853944,0.04967162673240294,0.07203060300090562,0.0538376187107273,0.07718553181396595,0.03368225773571463,0.03932178486390635,19,37,0.07688191642897954,0.2469720123219637,True,False,False,1.5049907399854424e-05,COMPLETE
1881,0.47814606428146367,2025-04-12 14:26:08.235511,2025-04-12 14:27:32.572482,0 days 00:01:24.336971,0.0625645551186216,0.1626724849929287,2,0.1778485285250275,0.08270434235646698,0.08495583447629035,0.06770840029052362,0.08323354116678258,0.03521370635561539,0.06674362893168317,20,43,0.0811472597072635,0.23563749395511596,True,False,False,9.546030639461157e-06,COMPLETE
1882,0.46593452692031867,2025-04-12 14:27:33.212967,2025-04-12 14:28:59.988187,0 days 00:01:26.775220,0.08118022113012592,0.20806648438037773,2,0.16260867391471062,0.05540056915761859,0.08319715234346947,0.008624427061927294,0.07992638403257545,0.05370904320070941,0.03926395570726343,21,40,0.08474604679222661,0.252248995558058,True,False,False,3.3656071357383324e-05,COMPLETE
1883,0.47143064141273505,2025-04-12 14:29:00.605573,2025-04-12 14:29:33.563393,0 days 00:00:32.957820,0.12349157630940538,0.181517979261347,8,0.07973011197169723,0.06567433333255132,0.07448942693818171,0.01702624620814946,0.07695555700476062,0.02638183717594039,0.05101612704352333,19,34,0.08541464581216107,0.23537936146010618,True,False,False,2.1968892268331253e-05,COMPLETE
1884,0.4303118884563446,2025-04-12 14:29:34.208103,2025-04-12 14:31:01.773055,0 days 00:01:27.564952,0.048854350388469435,0.12732525098044628,2,0.1496121096617783,0.061848840567762145,0.0800196259862127,0.01442819655771834,0.08592669038309311,0.030638463609355057,0.05955245590188348,21,46,0.08312523192889093,0.22711832130527038,True,False,False,1.5529657943472955e-05,COMPLETE
1885,0.4218547284603119,2025-04-12 14:31:02.386386,2025-04-12 14:32:07.146747,0 days 00:01:04.760361,0.1023303675889648,0.4481723393370849,2,0.07143141282463839,0.05055980181690208,0.07065296492353518,0.011025884601777797,0.08134412547147106,0.032959905376814605,0.037517070177260095,14,37,0.08565166260040076,0.21438626077122958,True,False,False,1.0596559789961823e-05,COMPLETE
1886,0.35606858134269714,2025-04-12 14:32:07.758750,2025-04-12 14:33:29.056923,0 days 00:01:21.298173,0.07931013110956556,0.08510804193476759,2,0.16643440201061435,0.019214674602399076,0.06705637324504368,0.01872403576343848,0.08408508624236481,0.035583911943551184,0.03610718004738108,19,41,0.08184472683806118,0.23602772365433097,True,False,False,4.2051161968125585e-05,COMPLETE
1887,0.37719537019729615,2025-04-12 14:33:29.690831,2025-04-12 14:34:54.506115,0 days 00:01:24.815284,0.025927406134521103,0.14620358414345144,2,0.1860805121415804,0.04815089819640949,0.07722437871747334,0.006631972784239302,0.07925382400219799,0.02845859550056805,0.042301479466067556,20,53,0.0786699331354613,0.22923417614823632,True,False,False,2.5004577309575148e-05,COMPLETE
1888,0.09307204186916351,2025-04-12 14:34:55.144678,2025-04-12 14:36:10.151712,0 days 00:01:15.007034,0.13263100717476,0.19545262533235552,2,0.15825416359053004,0.05565577295048971,0.08135983247215027,0.0010697599689028546,0.07556123501915885,0.036738120964200816,0.07613209170161966,21,33,0.08386998264969232,0.21966416929698426,True,True,False,5.216508489402098e-06,COMPLETE
1889,0.48203650712966917,2025-04-12 14:36:10.764133,2025-04-12 14:37:34.253657,0 days 00:01:23.489524,0.09971634468443359,0.16759555232995374,2,0.17540547030669948,0.0267576156820892,0.0730452321904512,0.004143181153391809,0.07803059884088227,0.03099591660558384,0.05004774994050829,20,38,0.08608143180947388,0.23303763709839856,True,False,False,4.2904853617689344e-07,COMPLETE
1890,0.4858314394950867,2025-04-12 14:37:34.887656,2025-04-12 14:38:59.279946,0 days 00:01:24.392290,0.06887197376359835,0.20814618382441835,2,0.16986691798454834,0.07302044880679574,0.07904775408585347,0.013198300480882951,0.08174032812950924,0.03478206534445193,0.032662944051029895,20,47,0.08067098749908515,0.24792987529887126,True,False,False,1.8635689904555492e-05,COMPLETE
1891,0.46853828430175787,2025-04-12 14:38:59.897930,2025-04-12 14:40:21.066644,0 days 00:01:21.168714,0.13475728337685308,0.18521877732746972,2,0.1793452468280492,0.048366918257497754,0.06411944438543654,0.07109794481650075,0.07136068303707346,0.03236621894980442,0.03778842483015323,19,43,0.08626151438590102,0.22929729395133172,True,False,False,3.1435972657776085e-05,COMPLETE
1892,0.4197861969470978,2025-04-12 14:40:21.702559,2025-04-12 14:41:50.373936,0 days 00:01:28.671377,0.1145990505310664,0.15160492212869445,2,0.15646747278422563,0.06114588429678941,0.06906001541126529,0.009642796003849657,0.08557321865693443,0.009968386252367172,0.044504478104864846,21,60,0.08386729753537199,0.22115341434884886,True,False,False,1.2948008289617052e-05,COMPLETE
1893,0.2979133784770966,2025-04-12 14:41:51.015128,2025-04-12 14:43:17.653118,0 days 00:01:26.637990,0.09468520200140734,0.13074089445863205,2,0.16318181852747873,0.05382392252388667,0.08541338133586152,0.05842532583891741,0.07587992858950157,0.09713681718234422,0.0331450553865664,21,35,0.08609099846964623,0.21182026195151435,False,False,False,2.2043958114299825e-05,COMPLETE
1894,0.447638213634491,2025-04-12 14:43:18.273849,2025-04-12 14:44:45.866424,0 days 00:01:27.592575,0.05563202243842436,0.2154327446548887,2,0.18597870790349147,0.042877951514287665,0.07513764082060455,0.015994087974149,0.04818077613549776,0.029772483770070773,0.0015996059192640148,21,40,0.08257068550356025,0.2186059592536849,True,False,False,3.562571216827364e-05,COMPLETE
1895,0.43506572246551517,2025-04-12 14:44:46.506069,2025-04-12 14:46:12.030386,0 days 00:01:25.524317,0.11497150768619328,0.16992842628537033,2,0.1732671845868716,0.030393483056099284,0.08316872274107477,0.007899600758460834,0.0830853124246533,0.021964412688446917,0.052718284356537644,20,50,0.0870143794760607,0.23516624488092275,True,False,False,1.6957233167324245e-05,COMPLETE
1896,0.42769430279731757,2025-04-12 14:46:12.648756,2025-04-12 14:47:37.446895,0 days 00:01:24.798139,0.9219850690486693,0.11087521092631827,2,0.16763722420978133,0.046728935965021354,0.07177276769764845,0.018791179946694086,0.07958627072655658,0.09361321834843003,0.030237987098330917,20,31,0.08426528875017125,0.2424841372597264,True,False,False,1.1631724094731456e-05,COMPLETE
1897,0.3572772026062012,2025-04-12 14:47:38.082496,2025-04-12 14:48:48.823910,0 days 00:01:10.741414,0.08415605918119404,0.18941593395197923,2,0.15182772015432203,0.06097250613527442,0.07391003910353867,0.011184735893818396,0.07745055172778088,0.03702036894904358,0.06377385392683661,19,36,0.0800021456693305,0.19156903177249396,True,False,True,2.750119902276011e-05,COMPLETE
1898,0.4115595579147339,2025-04-12 14:48:49.446596,2025-04-12 14:50:17.566847,0 days 00:01:28.120251,0.02394481072245058,0.14450317409629454,2,0.18015768335757362,0.05091357881129903,0.0760570677694412,0.013828515332196409,0.08120793169105599,0.03392128302009374,0.03674169093857789,21,44,0.07517512940069332,0.22554138769212925,True,False,False,4.244101806119091e-05,COMPLETE
1899,0.4602856159210205,2025-04-12 14:50:18.204248,2025-04-12 14:51:39.265671,0 days 00:01:21.061423,0.12404752318084562,0.1654107873980149,2,0.1630772636710371,0.037222865897718366,0.08022569319132794,0.01681795504486235,0.07406972916816651,0.09201212806981675,0.038463611880373186,19,40,0.08703226761535149,0.2133691997927706,True,False,False,2.0652293615598097e-05,COMPLETE
1900,0.40930726528167727,2025-04-12 14:51:39.911062,2025-04-12 14:53:07.620753,0 days 00:01:27.709691,0.060148562612620284,0.0708156737417216,2,0.0858663559557864,0.05678658164934962,0.07742612750134735,0.004999869101114327,0.07876080284395093,0.02719243476248602,0.04675561637092217,21,32,0.08491242975604481,0.1954761738352899,True,False,False,8.750443072729398e-06,COMPLETE
1901,0.45432876944541933,2025-04-12 14:53:08.241820,2025-04-12 14:54:56.109442,0 days 00:01:47.867622,0.14076717584277817,0.2188562412180162,2,0.06166203621126032,0.06946947493461116,0.08230352202812796,0.015042999089808651,0.08502103319762906,0.06048483368485502,0.030199012549525173,27,38,0.08160439023339663,0.18631595783587288,True,False,False,2.7638972342544536e-05,COMPLETE
1902,0.4680765509605408,2025-04-12 14:54:56.750001,2025-04-12 14:55:58.913045,0 days 00:01:02.163044,0.10100812913515032,0.19696990800097364,2,0.18751225202507246,0.04540318576099077,0.0853520093725909,0.009282653555338107,0.06927552376531171,0.03215214568322347,0.05432643901297814,13,46,0.08791128779404493,0.22413313272719218,True,False,False,1.4783485740377607e-05,COMPLETE
1903,0.47055008411407473,2025-04-12 14:55:59.531462,2025-04-12 14:57:45.536939,0 days 00:01:46.005477,0.04190407389338863,0.12657100100934293,2,0.17320869062712768,0.06386630575210907,0.06820460980623984,0.0071996025566466015,0.0831971149395546,0.09436477913294682,0.02929935551480766,27,35,0.08328918670951364,0.2319720511119684,True,False,False,2.3638592463271642e-05,COMPLETE
1904,0.24669835567474366,2025-04-12 14:57:46.173942,2025-04-12 14:58:15.121805,0 days 00:00:28.947863,0.5320558711363707,0.1733444425543779,8,0.15529958057509055,0.0058753743813645416,0.07110904412054592,0.0027974898019922853,0.07617500297352796,0.036691330504434114,0.04175816912973119,14,42,0.08537059504925436,0.12590259616849014,True,False,False,3.6482167047480206e-05,COMPLETE
1905,0.2739425837993622,2025-04-12 14:58:15.766092,2025-04-12 15:00:10.268009,0 days 00:01:54.501917,0.011557563162539738,0.09517810103025819,2,0.16724840049256726,0.0527185765307953,0.07372546261651694,0.012105049713284079,0.07236322723893884,0.050056427378387086,0.031595503412471825,28,126,0.07874305039166207,0.1828702653273125,True,False,False,1.7591282034953956e-05,COMPLETE
1906,0.48675911426544194,2025-04-12 15:00:10.892467,2025-04-12 15:01:34.671103,0 days 00:01:23.778636,0.08006556360489617,0.3397432418020322,2,0.18070112949077113,0.040784437416305976,0.0789483436853589,0.019093973043136855,0.08079985822265998,0.03358862918595808,0.07498544234166528,20,38,0.08756039235383928,0.18866405523483254,True,False,False,6.336520309984886e-06,COMPLETE
1907,0.4252234995365143,2025-04-12 15:01:35.321797,2025-04-12 15:03:32.517533,0 days 00:01:57.195736,0.11351249729457587,0.1452290368320116,2,0.16018345279171733,0.022798903721336746,0.07684418828899289,0.06126922695793048,0.0750750304655195,0.0049709555916080325,0.04259231011890392,30,34,0.06896479944651907,0.19472679114344907,True,False,False,1.1199188605048365e-05,COMPLETE
1908,0.09307204186916351,2025-04-12 15:03:33.139620,2025-04-12 15:04:47.887711,0 days 00:01:14.748091,0.1419484124309078,0.21040410947771698,2,0.14820810033533655,0.03372693970794451,0.07259982119791,0.013202493141054282,0.08575487707254799,0.029621403738496387,0.03502636446497767,21,42,0.08182212877516909,0.22031437212752464,True,True,False,2.9491853975402382e-05,COMPLETE
1909,0.43982432484626777,2025-04-12 15:04:48.532536,2025-04-12 15:06:12.755388,0 days 00:01:24.222852,0.06489134617044301,0.18626443586517186,2,0.1904984856248646,0.04751963022784049,0.08098823661859217,0.017685880689626003,0.0786671590392261,0.0011198053576970473,0.0008319755125643089,20,32,0.08535387499189412,0.21451474294750544,True,False,False,2.153103454252072e-05,COMPLETE
1910,0.48720206022262574,2025-04-12 15:06:13.381950,2025-04-12 15:07:35.706648,0 days 00:01:22.324698,0.09842014631629617,0.16232348483320766,2,0.1744517419703834,0.055196883966469594,0.08362232279774065,0.046744183487769556,0.08236493164155685,0.0957938600011034,0.0266752016547319,19,49,0.08839336944010485,0.19946947357408487,True,False,False,4.514442249093711e-05,COMPLETE
1911,0.22239232659339908,2025-04-12 15:07:36.355052,2025-04-12 15:09:29.744940,0 days 00:01:53.389888,0.12653302152891782,0.11686342584990234,2,0.16781111230926612,0.042191037764132876,0.05699434974740297,0.015514094038029138,0.0777819867443799,0.01945753958903687,0.060477934592302864,29,45,0.08362991253799938,0.18160759577181448,False,False,False,1.2977214022261618e-05,COMPLETE
1912,0.36240066885948186,2025-04-12 15:09:30.371695,2025-04-12 15:11:20.325248,0 days 00:01:49.953553,0.010484136467012253,0.21713465203890553,2,0.18336091653997166,0.1759232435808223,0.07536114521226493,0.011212614909607418,0.08390622740574329,0.09197239779463898,0.03443704696515532,27,21,0.08645401249931711,0.18923893282157983,True,False,False,1.7243394761222067e-05,COMPLETE
1913,0.40877404808998113,2025-04-12 15:11:20.967840,2025-04-12 15:12:26.481993,0 days 00:01:05.514153,0.08694095818488877,0.6386365298577337,2,0.1606453384923233,0.059344902425808296,0.07082615467911371,0.006167783511775412,0.08032281788750091,0.09846229240116057,0.045830322334875884,14,40,0.08982122826932117,0.24039239065716422,True,False,False,2.9673762696495453e-05,COMPLETE
1914,0.47962867021560673,2025-04-12 15:12:27.103816,2025-04-12 15:14:17.133678,0 days 00:01:50.029862,0.0516343946247181,0.15629298225772367,2,0.15341430421338398,0.016253342771482802,0.0662343046474153,0.008486058283929988,0.020526868453933658,0.03506649370987121,0.023468025710661096,28,36,0.08462518975525289,0.18279813460849967,True,False,False,2.2897690030371805e-05,COMPLETE
1915,0.4819949388504029,2025-04-12 15:14:17.783010,2025-04-12 15:15:19.741073,0 days 00:01:01.958063,0.5689743573945418,0.18160889143397344,2,0.1768704801042452,0.029131318817431407,0.07847335343963142,0.01949505296182847,0.07334585810354827,0.03138162090866175,0.026000770510672875,13,29,0.08037945389684746,0.19392045042842573,True,False,False,8.552268231413227e-06,COMPLETE
1916,0.43952258825302126,2025-04-12 15:15:20.367409,2025-04-12 15:16:17.080397,0 days 00:00:56.712988,0.10856540951324851,0.20018155031704885,2,0.17138080506272102,0.04860171409839115,0.08500412609794668,0.010174940996087494,0.08654806995512074,0.025722233841768728,0.00011176127187922335,14,38,0.08727163956493374,0.20618956194770094,True,False,True,2.9524160788338353e-06,COMPLETE
1917,0.4713178277015686,2025-04-12 15:16:17.727900,2025-04-12 15:17:45.930664,0 days 00:01:28.202764,0.14501626087177988,0.145264944799342,2,0.09841709292376948,0.06691393426250668,0.06886830504322138,0.016900892419003815,0.07055454257172099,0.09990580149293227,0.03629553640904959,21,43,0.08280915324175478,0.23162467371473708,True,False,False,3.513512290532797e-05,COMPLETE
1918,0.43616958856582644,2025-04-12 15:17:46.558324,2025-04-12 15:19:33.489193,0 days 00:01:46.930869,0.07392848511506143,0.05376840880824945,2,0.07576337864060936,0.0385920151796388,0.07487053890125511,0.013837313383415885,0.07564862348714335,0.03279143720147644,0.050308859549133784,27,35,0.09080280599657481,0.1882524193962381,True,False,False,1.451973875547828e-05,COMPLETE
1919,0.4791198015213013,2025-04-12 15:19:34.134561,2025-04-12 15:20:59.604666,0 days 00:01:25.470105,0.13106509214189432,0.17269673124417018,2,0.19050676684102003,0.05122761449269445,0.08142792239343107,0.0029161324211605484,0.08164039749405796,0.03702906582091369,0.02867118553983785,20,47,0.09373661295907013,0.17766614454671453,True,False,False,1.9727080215114257e-05,COMPLETE
1920,0.5108036875724793,2025-04-12 15:21:00.232030,2025-04-12 15:22:45.950374,0 days 00:01:45.718344,0.09295739931165242,0.13034409051071133,2,0.16073485456700223,0.07704535456096585,0.07261039417226207,0.0049129225354112,0.07671739807762099,0.028764583297918294,0.08378252399331201,27,40,0.07710496809343358,0.20061207025877917,True,False,False,4.343513672366447e-06,COMPLETE
1921,0.4498498260974884,2025-04-12 15:22:46.600098,2025-04-12 15:24:34.336676,0 days 00:01:47.736578,0.08736448163997068,0.09693438254502545,2,0.15368258369466742,0.07825605041007828,0.06913399890158341,0.003402042325362815,0.07379882433072836,0.026697305412462506,0.09069439719013996,27,33,0.08014155848031664,0.20342626534791233,True,False,False,5.58251632992445e-06,COMPLETE
1922,0.42840952873229987,2025-04-12 15:24:34.958251,2025-04-12 15:25:24.471094,0 days 00:00:49.512843,0.880888608049742,0.12611582840703736,2,0.14657631912061803,0.07369883540186557,0.06602088606843583,0.0034090631089942983,0.07228430871450145,0.027585249727820168,0.09550984777994533,9,37,0.07529867226713015,0.20325724592832545,True,False,False,4.438707609139542e-06,COMPLETE
1923,0.4580512583255768,2025-04-12 15:25:25.115501,2025-04-12 15:27:11.919003,0 days 00:01:46.803502,0.07174091781278112,0.1086061182388692,2,0.159112963607393,0.07995344968633378,0.07040858729967409,0.005532828227046314,0.07476605976679077,0.02556057844848777,0.08403992950632173,27,39,0.07656159466925498,0.20690370893274207,True,False,False,2.8243523084655202e-06,COMPLETE
1924,0.4687809228897095,2025-04-12 15:27:12.542787,2025-04-12 15:27:55.463321,0 days 00:00:42.920534,0.09464135251335606,0.08258354314654132,2,0.16059087377846182,0.09341521689504403,0.07235181739519969,0.0017683072395682994,0.07556264571665179,0.028705300790857632,0.07599058202754035,7,35,0.07739731187652613,0.21070151063047302,True,False,False,5.377521131830731e-06,COMPLETE
1925,0.44450204968452456,2025-04-12 15:27:56.106274,2025-04-12 15:28:36.491967,0 days 00:00:40.385693,0.10791748661941378,0.20324311165217965,8,0.15652659202578004,0.09014225937312785,0.06794480223102824,0.001367458105829777,0.07135148345414381,0.028527952751718585,0.0833907160906895,28,31,0.0748413607777174,0.20037425032648043,True,False,False,3.841773621096444e-06,COMPLETE
1926,0.09307204186916351,2025-04-12 15:28:37.139528,2025-04-12 15:30:07.773156,0 days 00:01:30.633628,0.0815672870476403,0.13598285955504363,2,0.14928636970224085,0.08238129206994142,0.07060723835124985,0.004253402297445422,0.07390497730032457,0.026309059957643807,0.09370206426138561,27,37,0.07603868800614358,0.21495241669602458,True,True,False,3.3928713545655916e-06,COMPLETE
1927,0.4848162174224854,2025-04-12 15:30:08.418636,2025-04-12 15:31:01.060216,0 days 00:00:52.641580,0.06195738118392979,0.21392486220580018,2,0.16367666235534784,0.06803857282130299,0.08658615073059815,0.004372317031320036,0.07717124857842245,0.022554362295166396,0.09790349998532578,10,40,0.073311027766925,0.20002886759355906,True,False,False,3.495994596036764e-06,COMPLETE
1928,0.4713077485561371,2025-04-12 15:31:01.712836,2025-04-12 15:32:48.820587,0 days 00:01:47.107751,0.09729889912348677,0.22566793856080214,2,0.15236770693840354,0.0807569208260825,0.07308767891068788,0.004922002574404768,0.07660643483487711,0.02514687072672713,0.09629807529533803,27,33,0.07689822314458016,0.20631922383670107,True,False,False,2.7372891437653736e-06,COMPLETE
1929,0.3306160390377045,2025-04-12 15:32:49.447135,2025-04-12 15:34:38.122066,0 days 00:01:48.674931,0.04859141342673025,0.18772623845071867,2,0.15781634646356613,0.07942904547046567,0.08355405917462201,0.003197075961092217,0.06822874388339019,0.02909795917970636,0.0793392200909499,28,36,0.07778551031599913,0.2099043844206607,False,False,False,4.8278909102988225e-06,COMPLETE
1930,0.4753227591514588,2025-04-12 15:34:38.775311,2025-04-12 15:36:25.906822,0 days 00:01:47.131511,0.114553912580196,0.15790095312098093,2,0.16428511674488447,0.08671581739252801,0.06994959148116528,0.005783512514626101,0.07365939878601088,0.02570761578905102,0.0729198651938604,27,39,0.07936451752564654,0.19844620744717056,True,False,False,5.236545302741262e-06,COMPLETE
1931,0.4549024999141693,2025-04-12 15:36:26.533485,2025-04-12 15:38:10.238956,0 days 00:01:43.705471,0.07747253397296365,0.10747062832544002,2,0.1659183215533967,0.07270005794201444,0.07115559427977035,0.001317034780067024,0.07562887902746036,0.023120958676452728,0.07720208369326609,26,29,0.07771835339593473,0.2007949407969401,True,False,False,6.651652530158885e-06,COMPLETE
1932,0.41050708889961246,2025-04-12 15:38:10.887237,2025-04-12 15:39:58.758436,0 days 00:01:47.871199,0.11569036071497447,0.17172315776175434,2,0.15844889334043408,0.08842337446354924,0.08635461083156841,0.019972033925196243,0.07229693243019812,0.02994132824447772,0.06578006227364254,27,26,0.07844878478146454,0.21039356526947775,True,False,False,1.7166004538767025e-06,COMPLETE
1933,0.28197418451309203,2025-04-12 15:39:59.412458,2025-04-12 15:41:54.241106,0 days 00:01:54.828648,0.09459915370304409,0.12701093969185923,2,0.1636647862655403,0.0760427543117045,0.07254907760422682,0.004092735515081054,0.07648208906513938,0.027124664909912565,0.06013180626418201,28,145,0.07973904223680864,0.19774860928413224,True,False,False,7.30262368227283e-06,COMPLETE
