number,value,datetime_start,datetime_complete,duration,params_alpha-eval,params_alpha-train,params_batch-size,params_eps-eval,params_eps-train,params_lambda-actions-eval,params_lambda-actions-train,params_lambda-frames-eval,params_lambda-frames-train,params_learning-rate,params_n-epochs,params_n-frames,params_radius-gw,params_rho,params_std-feats,params_ub-actions,params_ub-frames,params_weight-decay,state
510,0.3046640932559967,2025-04-18 04:45:59.198301,2025-04-18 04:46:20.235457,0 days 00:00:21.037156,0.20320106042946454,0.14739231490061044,16,0.04544838127336001,0.11798390586821758,0.07330219741579792,0.031685120946930906,0.008590054192691248,0.07827614346431713,0.05953452620917666,12,33,0.0362455238842731,0.1870054534553968,True,False,True,3.40962919153637e-05,COMPLETE
511,0.35962380170822145,2025-04-18 04:46:20.425731,2025-04-18 04:46:41.216422,0 days 00:00:20.790691,0.11768316211274497,0.12866560615952138,16,0.05013683397256765,0.10521431715545301,0.0687651735315157,0.028144557742617028,0.006989547034517025,0.08070148454880036,0.0468746803776982,13,23,0.043151548366440896,0.15876642816673758,True,True,True,2.0421671545059625e-05,COMPLETE
512,0.2945533335208893,2025-04-18 04:46:41.378143,2025-04-18 04:47:05.082456,0 days 00:00:23.704313,0.1715921167002173,0.1729824644921893,8,0.03950822158726883,0.10349472530215555,0.06643099495735234,0.032884467979502896,0.007654427764542194,0.02657520517271485,0.06810776552973978,11,33,0.03881299518057318,0.17509243964871113,False,False,True,1.756357773344405e-05,COMPLETE
513,0.47092482447624207,2025-04-18 04:47:05.254352,2025-04-18 04:47:26.440843,0 days 00:00:21.186491,0.09636739970021982,0.11618013945651037,16,0.052977184276319464,0.11331077290504352,0.07267095213931371,0.030229472771953633,0.010538204841528231,0.07659990338994034,0.08512060393993745,14,30,0.03374822085060938,0.2226743751292018,True,False,True,3.2145477669466784e-05,COMPLETE
514,0.4892597913742066,2025-04-18 04:47:26.602262,2025-04-18 04:47:47.389799,0 days 00:00:20.787537,0.14358063430573595,0.19849059505072755,16,0.04074996305897122,0.09744120336220034,0.07429959111800599,0.03616724105166937,0.004789369271140376,0.09530812071753116,0.03914011605718381,12,35,0.03696998504330163,0.16366552455051134,True,False,True,1.4834044804140406e-05,COMPLETE
515,0.4324273049831391,2025-04-18 04:47:47.566563,2025-04-18 04:48:07.842459,0 days 00:00:20.275896,0.1440530627083329,0.22129239498044706,16,0.04209010814790477,0.09812804054610705,0.050725601651395044,0.03611851957966064,0.00517715865569273,0.09526927893453349,0.038434575343105425,12,27,0.04100222037783026,0.15307449383669208,True,False,True,1.7638845179017304e-05,COMPLETE
516,0.3762773633003235,2025-04-18 04:48:08.004311,2025-04-18 04:48:28.258208,0 days 00:00:20.253897,0.12785989071800008,0.8915941811638446,16,0.03750499362151112,0.10855896897907567,0.07414923621442587,0.03423426063801385,0.08615915383444735,0.09564954209492492,0.028919034101814633,11,34,0.038423803915965386,0.1630930722510316,True,False,True,1.5927227392899908e-05,COMPLETE
517,0.4702688157558441,2025-04-18 04:48:28.420491,2025-04-18 04:48:49.043047,0 days 00:00:20.622556,0.16915922201525455,0.19696599346039637,16,0.044985697295684024,0.10118495616771281,0.07545797966569111,0.03614401112331235,0.0010750809438237648,0.08309994665624343,0.0348390404970593,12,31,0.036796635240645845,0.1624426353518466,True,False,True,2.3395179561522703e-05,COMPLETE
518,0.49625248908996583,2025-04-18 04:48:49.216187,2025-04-18 04:49:09.478736,0 days 00:00:20.262549,0.18904870949630395,0.21058880784760728,16,0.03254151918625441,0.11367185827716822,0.07094890211744917,0.036114624913763924,0.004789736744217288,0.09401825236812365,0.04509283069712354,11,35,0.04270919025120265,0.173345677103242,True,False,True,1.5724298040025267e-05,COMPLETE
519,0.2786215722560883,2025-04-18 04:49:09.643383,2025-04-18 04:49:36.486212,0 days 00:00:26.842829,0.21591353161712834,0.20927425378747527,16,0.035184482577741594,0.11091402338854105,0.07087215399303255,0.03401762938078987,0.005533560815579681,0.09451361397939186,0.030513264790545547,11,148,0.04459293466686601,0.16903595460146653,True,False,True,1.4981240525113486e-05,COMPLETE
520,0.4368888795375824,2025-04-18 04:49:36.663707,2025-04-18 04:49:56.458734,0 days 00:00:19.795027,0.18980617573671857,0.2178914398092765,16,0.033956718029088645,0.11443423396013966,0.06847799120463696,0.031743413375517456,0.0069801080149105126,0.09628636336905963,0.04092302839686952,10,29,0.041627217290071586,0.15742199957796166,True,False,True,1.7603726564115052e-05,COMPLETE
521,0.45858802199363713,2025-04-18 04:49:56.625684,2025-04-18 04:50:17.210218,0 days 00:00:20.584534,0.18338729581021018,0.18328350388089792,16,0.04070839990577791,0.11635916506371927,0.07520820832208237,0.032900152164966355,0.003087040893575351,0.09314922949254864,0.033947027398008825,12,33,0.04880293727825574,0.1653902613787368,True,False,True,1.4606524742956337e-05,COMPLETE
522,0.49139994382858276,2025-04-18 04:50:17.375578,2025-04-18 04:50:37.697346,0 days 00:00:20.321768,0.23438925918548772,0.22692879194700893,16,0.04862654196990169,0.12053238902399983,0.07162620786541142,0.03608101438692778,0.004838077365447526,0.09483692983371426,0.025630004642626745,11,35,0.04312242153153322,0.17223659033925737,True,False,True,1.9878470699882688e-05,COMPLETE
523,0.4566235899925232,2025-04-18 04:50:37.876305,2025-04-18 04:50:58.473005,0 days 00:00:20.596700,0.2095758081496778,0.23028824802547623,16,0.05840964121652734,0.12002318530469867,0.07154232670663604,0.03600790711006942,0.005743999665283453,0.09575104002962631,0.03408991549919035,12,31,0.045398694855687184,0.16950433629224165,True,False,True,1.0561080022083074e-05,COMPLETE
524,0.34338032603263857,2025-04-18 04:50:58.638579,2025-04-18 04:51:17.731072,0 days 00:00:19.092493,0.2605044440658695,0.21250763046042292,16,0.05056964843697912,0.11852163742218783,0.06948900205114407,0.03495086945164392,0.008103149475019673,0.09500462907629889,0.02863952291048353,10,17,0.04337360483847091,0.17351370300274177,True,False,True,1.3032382263102994e-05,COMPLETE
525,0.46244541406631473,2025-04-18 04:51:17.908178,2025-04-18 04:51:38.714472,0 days 00:00:20.806294,0.23639130717779638,0.22920716657647122,16,0.046432744763226404,0.11271024189618398,0.07326495851742752,0.03591941865125838,0.00468800294241917,0.09285738225210469,0.041695360556710956,13,26,0.04641858725039843,0.15401155723589638,True,False,True,1.4526298123734263e-05,COMPLETE
526,0.48770807981491093,2025-04-18 04:51:38.880164,2025-04-18 04:51:59.549299,0 days 00:00:20.669135,0.21584903957694707,0.19872217624801544,16,0.06698638661602947,0.12071003623637884,0.07128377015912607,0.033312319177935173,0.007525407862308959,0.09611601775017634,0.027414942880286945,12,35,0.04254734334833764,0.1686208856304339,True,False,True,1.0034788543642815e-05,COMPLETE
527,0.4655821144580842,2025-04-18 04:51:59.715273,2025-04-18 04:52:19.140221,0 days 00:00:19.424948,0.19439539204105863,0.17152873925020523,16,0.05221903842332897,0.10765666364868946,0.06763199808717192,0.03150071474791356,0.004107979355278921,0.09310187207533585,0.023422075930764594,9,29,0.04417386679609489,0.16425549188089114,True,False,True,1.95416965135116e-05,COMPLETE
528,0.49380062818527226,2025-04-18 04:52:19.318953,2025-04-18 04:52:40.029167,0 days 00:00:20.710214,0.24407873986550135,0.19315696710514052,16,0.05608003685583289,0.11252253362217476,0.07397206526958,0.03677478133960021,0.0011152046435066241,0.09488220420362573,0.04193509495593222,11,34,0.04102746565771423,0.1740489857229772,True,False,True,1.458530655526772e-05,COMPLETE
529,0.48689061403274536,2025-04-18 04:52:40.194699,2025-04-18 04:53:00.456557,0 days 00:00:20.261858,0.3208218553670504,0.22948128514532312,16,0.06044224584913547,0.1214176638287652,0.07305690407894445,0.03646216487699278,0.006253283404775387,0.09683472728187352,0.03723221088739144,11,35,0.04272953654411543,0.17320068957145926,True,False,True,2.176390729142356e-05,COMPLETE
530,0.49177236557006837,2025-04-18 04:53:00.636283,2025-04-18 04:53:20.973306,0 days 00:00:20.337023,0.2564840784574678,0.19921028996707288,16,0.05390514346967186,0.11499387371322178,0.0735401178677557,0.03623848697393178,0.001021705966007323,0.09435061410904479,0.04326858139988962,11,36,0.04808899419542014,0.15985601868519964,True,False,True,1.6298772440179815e-05,COMPLETE
531,0.09307204186916351,2025-04-18 04:53:21.142206,2025-04-18 04:53:41.196199,0 days 00:00:20.053993,0.2741471048322973,0.2077620043324719,16,0.05727004109635474,0.11689860780525854,0.07006926273115593,0.03493349393835213,0.0027848390149718995,0.09195469584866692,0.04458312093832233,11,38,0.04482705581996329,0.16876464239785685,True,True,True,1.9165198304136824e-05,COMPLETE
532,0.3396071314811707,2025-04-18 04:53:41.376511,2025-04-18 04:54:05.428319,0 days 00:00:24.051808,0.23942606250196824,0.18967786393076458,8,0.05791747338674251,0.12317339515159444,0.07247892605480274,0.03748522719886372,0.0024134014464470468,0.09380191056354924,0.03242080773830811,11,33,0.047859234152789726,0.15749055559551534,False,False,True,8.164288088488849e-06,COMPLETE
533,0.4839948654174805,2025-04-18 04:54:05.595986,2025-04-18 04:54:25.993659,0 days 00:00:20.397673,0.2560779791953776,0.1771977259238569,16,0.05112161198381465,0.11296321942888046,0.07536825520793879,0.034041013148504815,0.0010270562941179862,0.09130597056162844,0.04656986558982136,11,36,0.049917537120375256,0.17560591860668778,True,False,True,1.055002268144851e-05,COMPLETE
534,0.4606107652187348,2025-04-18 04:54:26.163681,2025-04-18 04:54:45.925500,0 days 00:00:19.761819,0.23797531094179816,0.23392548681258094,16,0.05387566501263394,0.11622095666651466,0.06565010857965471,0.03325665961499263,0.0011785254487450337,0.0936047857915993,0.020280839370052116,10,30,0.047453534337402625,0.16032126810274522,True,False,True,1.6683628700120674e-05,COMPLETE
535,0.4546019196510315,2025-04-18 04:54:46.105198,2025-04-18 04:55:05.982394,0 days 00:00:19.877196,0.27546425373265127,0.15521623773502596,16,0.06936979715968533,0.11034724745181453,0.06990248626889964,0.036682401812869275,0.003927197501150654,0.0966393340778454,0.04763142928186822,11,23,0.050751869418655386,0.17766009066296123,True,False,True,2.6915715399790588e-05,COMPLETE
536,0.4389418542385102,2025-04-18 04:55:06.154833,2025-04-18 04:55:25.747581,0 days 00:00:19.592748,0.24800463229602523,0.21532339990414645,16,0.047539972516193386,0.12045969084096783,0.06738711502986527,0.030511863946530705,0.002720482380219571,0.09464534581499463,0.024180964901326464,10,27,0.04565046328314472,0.17009012930403805,True,False,True,1.0433922386269032e-05,COMPLETE
537,0.4855390548706055,2025-04-18 04:55:25.930015,2025-04-18 04:55:46.352764,0 days 00:00:20.422749,0.2583223032656518,0.19346689664672864,16,0.0659030054799841,0.1078459476244333,0.07095805760208014,0.031955126023053386,0.00535363567268694,0.09218120011253092,0.042406462271361064,11,37,0.04937581387549483,0.17773552482023933,True,False,True,2.3278276176691715e-05,COMPLETE
538,0.4425771176815033,2025-04-18 04:55:46.523714,2025-04-18 04:56:07.708077,0 days 00:00:21.184363,0.22204158632273222,0.1664945189695449,16,0.05982660450192212,0.11476794174771177,0.07371627325221818,0.03460501865867576,0.0028963706282867604,0.09112477591781985,0.053126683666709466,11,56,0.04324019694440118,0.16446538437137564,True,False,True,7.983766575114995e-06,COMPLETE
539,0.35913282036781313,2025-04-18 04:56:07.877692,2025-04-18 04:56:27.725967,0 days 00:00:19.848275,0.2347970712739942,0.8362371591487217,16,0.04863863372680472,0.10682205102647029,0.06402847540913424,0.02951187124895321,0.0011255575668021548,0.09430452490453939,0.034759961985760125,10,32,0.047296327141699505,0.17266699200656438,True,False,True,1.50547916193623e-05,COMPLETE
540,0.4914413928985596,2025-04-18 04:56:27.908495,2025-04-18 04:56:48.620611,0 days 00:00:20.712116,0.22533238566062402,0.1834209111233316,16,0.05343963898930774,0.11198518818917998,0.06875474889646209,0.03725321625678645,0.007625350120849552,0.0968400384277026,0.05090487590096827,11,41,0.04104342997963745,0.15238421745408715,True,False,True,1.1467123523876863e-05,COMPLETE
541,0.46257543563842773,2025-04-18 04:56:48.792878,2025-04-18 04:57:09.250708,0 days 00:00:20.457830,0.3009645166462406,0.18585965828380996,16,0.06642406492440371,0.1252469379802508,0.06799643730543511,0.037860998542283184,0.010042163334965416,0.09722204199023132,0.042693847295474256,11,41,0.04585477990218539,0.15202667271886294,True,False,True,5.918009966973937e-06,COMPLETE
542,0.4736935138702393,2025-04-18 04:57:09.433441,2025-04-18 04:57:30.415798,0 days 00:00:20.982357,0.755157618218997,0.21063652243372039,16,0.055993971167834417,0.11163375538548959,0.06620915467591369,0.03765296281855166,0.00797111867453845,0.09713221395552027,0.04992522245749329,11,44,0.04162203093013008,0.15117377654282668,True,False,True,8.683904334944586e-06,COMPLETE
543,0.4723616063594818,2025-04-18 04:57:30.588932,2025-04-18 04:57:50.795691,0 days 00:00:20.206759,0.2289850245016528,0.24610835174051116,16,0.05290798039050079,0.11948945653257778,0.06974803588703785,0.03632166807182603,0.010986302784261447,0.09559864219935432,0.03819531874837838,10,41,0.043803596458464586,0.14355420776500372,True,False,True,1.1269802085509721e-05,COMPLETE
544,0.33036167025566104,2025-04-18 04:57:50.980282,2025-04-18 04:58:11.425658,0 days 00:00:20.445376,0.29457757650551497,0.16385413807704385,16,0.048331871489894054,0.1277868152420995,0.07187758741631317,0.03353849748236826,0.006001927193434602,0.09807137094737918,0.030401629083687876,11,39,0.04076973791519402,0.1451344261876306,True,False,True,1.8225526798191193e-05,COMPLETE
545,0.47043174505233765,2025-04-18 04:58:11.599508,2025-04-18 04:58:33.863103,0 days 00:00:22.263595,0.24353855602104985,0.18332554749161006,16,0.06161417096912211,0.11532464062861558,0.06848911090265711,0.039064373462315276,0.00870911467081862,0.09394379680910711,0.050327262460957124,15,42,0.04239891677935888,0.15382804079443882,True,False,True,6.739885301128901e-06,COMPLETE
546,0.49559313058853155,2025-04-18 04:58:34.034414,2025-04-18 04:58:54.129345,0 days 00:00:20.094931,0.20023345960985858,0.2429483324663583,16,0.07339113547270693,0.13178544973931447,0.06264316955923596,0.03474669642453755,0.013238772900771247,0.09575588878837,0.05535984326086515,10,37,0.04056224734333771,0.16163822811465617,True,False,True,4.558170763359625e-06,COMPLETE
547,0.3098475694656372,2025-04-18 04:58:54.312225,2025-04-18 04:59:14.415342,0 days 00:00:20.103117,0.22456808479924928,0.23070395906514676,16,0.05378997856271024,0.14545191377542216,0.06275334521395354,0.03689980789177492,0.01351095399974951,0.0978462272269918,0.061435806014128944,10,39,0.03994264350293505,0.1633551523240402,True,False,True,6.740383269022348e-06,COMPLETE
548,0.48237280845642094,2025-04-18 04:59:14.588496,2025-04-18 04:59:35.043198,0 days 00:00:20.454702,0.2559744734696422,0.24021629161029087,16,0.07689907845360416,0.11941700461350677,0.06524106052255706,0.03511063898724949,0.012958701612862406,0.0965207264321954,0.05513538511060649,10,44,0.040399916369624624,0.1628768978110451,True,False,True,5.194045472751356e-06,COMPLETE
549,0.46538648605346683,2025-04-18 04:59:35.229393,2025-04-18 04:59:55.214186,0 days 00:00:19.984793,0.2187625600077738,0.2150902094742656,16,0.0609117696569353,0.12956892606445855,0.06260514502315219,0.04070649296908663,0.012397097349848852,0.09504512060347715,0.05739144171528629,10,36,0.04115539762788846,0.15877048149421363,True,False,True,5.020598825484588e-06,COMPLETE
550,0.47455667257308964,2025-04-18 04:59:55.387388,2025-04-18 05:00:15.432336,0 days 00:00:20.044948,0.20700118884994845,0.1998672858216935,16,0.0747349778179823,0.13057234878255777,0.06469130050745579,0.034022272384253406,0.015419862380281278,0.09761415208623621,0.04067408200347181,10,40,0.04009715199605139,0.1548574270272684,True,False,True,2.4148433663833203e-05,COMPLETE
551,0.2706135094165802,2025-04-18 05:00:15.618823,2025-04-18 05:00:35.355858,0 days 00:00:19.737035,0.2424096989091918,0.24791105261848034,16,0.044209289868967196,0.1414155582598606,0.06697837088677107,0.03615555947413535,0.01079715544730682,0.0956056318663872,0.05071745222743946,11,37,0.045410839816284916,0.15050681053324186,False,True,True,4.094223145067785e-06,COMPLETE
552,0.32011826038360597,2025-04-18 05:00:35.529594,2025-04-18 05:00:58.522084,0 days 00:00:22.992490,0.21518050177785372,0.21945709551684228,8,0.06975144842094233,0.11394640487562696,0.0644122172236648,0.032284473188195995,0.009675443761737205,0.09336092074856706,0.062202939942958134,10,12,0.03968892092933967,0.15797879640924417,True,False,True,3.84054702447861e-06,COMPLETE
553,0.3504027247428894,2025-04-18 05:00:58.707320,2025-04-18 05:01:19.343498,0 days 00:00:20.636178,0.2775099722605943,0.18290834626821795,16,0.05516352468273683,0.15294022972581903,0.061685800647343796,0.03767559533601965,0.011965395697774352,0.09518319423220858,0.04406123160676134,11,42,0.043526228330409554,0.16750424977777678,True,False,True,5.376937137828882e-06,COMPLETE
554,0.40181804299354557,2025-04-18 05:01:19.519939,2025-04-18 05:01:40.164675,0 days 00:00:20.644736,0.18809216051511324,0.1560865095979236,16,0.06092758939093048,0.1323549415767724,0.0687302291679375,0.03471096190251399,0.014100719151577562,0.09206224454067499,0.06819325244950455,10,53,0.04225673705025387,0.15609078356270245,True,False,True,4.471679901776111e-06,COMPLETE
555,0.473655241727829,2025-04-18 05:01:40.339966,2025-04-18 05:02:00.579177,0 days 00:00:20.239211,0.20084889180161897,0.20556899369105436,16,0.04385320968427727,0.12416437094121041,0.06678694767089384,0.03226472935284783,0.00831337266764561,0.09803993608823659,0.055445803771866024,11,37,0.0470563396350196,0.181062425738434,True,False,True,1.6607776742647763e-05,COMPLETE
556,0.3848397731781006,2025-04-18 05:02:00.764608,2025-04-18 05:02:21.630382,0 days 00:00:20.865774,0.22944811538903867,0.1709300443840989,16,0.04967814734507632,0.11796310295206293,0.06973357145648627,0.03926195915473654,0.018406176923761494,0.0961551011418068,0.003909422994742542,11,49,0.05274268380683444,0.16847369090051842,True,False,True,1.240975764774546e-05,COMPLETE
557,0.501497483253479,2025-04-18 05:02:21.802848,2025-04-18 05:02:42.070934,0 days 00:00:20.268086,0.2617919145076676,0.1969152133692016,16,0.0418609947043088,0.10930268562626673,0.06344298688276495,0.035984050450850756,0.007660061933207198,0.09021669976909603,0.03484299036078079,11,35,0.03876488569809426,0.14933392073140142,True,False,True,2.0801525525531213e-05,COMPLETE
558,0.3583612203598023,2025-04-18 05:02:42.257657,2025-04-18 05:03:03.979133,0 days 00:00:21.721476,0.29398351437881187,0.24500363269752834,16,0.04112337618626745,0.12161688962021913,0.06321892901385935,0.03654159983482925,0.009911268143213308,0.09356527841771568,0.02516200224609891,10,74,0.03857040632370406,0.14286515157421506,True,False,True,2.6104925666705955e-05,COMPLETE
559,0.5014248371124268,2025-04-18 05:03:04.155742,2025-04-18 05:03:24.971797,0 days 00:00:20.816055,0.2781503558368338,0.2272902779296359,16,0.03908734700062921,0.11030190411740261,0.06170939372860718,0.03686136623817135,0.011188629282860385,0.09160592426229705,0.03495800255496363,12,39,0.03301359013561933,0.14716072004942027,True,False,True,2.3049518426938303e-05,COMPLETE
560,0.4270369589328766,2025-04-18 05:03:25.161609,2025-04-18 05:03:46.294962,0 days 00:00:21.133353,0.26700609140742326,0.22241816315372112,16,0.03912460952740118,0.12312452642339268,0.059079733879370155,0.0419726464579985,0.013295372205305613,0.09203526007634621,0.027748731629058835,12,46,0.03289674475348605,0.148776100805648,True,False,True,2.9428847181254917e-05,COMPLETE
561,0.471814501285553,2025-04-18 05:03:46.469990,2025-04-18 05:04:07.890856,0 days 00:00:21.420866,0.28096924908056464,0.23567599354010035,16,0.03750272104289708,0.13514259286780367,0.06133916631642489,0.039300202446468556,0.011976576454095215,0.0939564165462339,0.03327711941870047,12,43,0.03292419026463399,0.14638233977016285,True,False,True,2.1829047807126314e-05,COMPLETE
562,0.4683292508125306,2025-04-18 05:04:08.066929,2025-04-18 05:04:28.890765,0 days 00:00:20.823836,0.3152254623081075,0.26829689419265845,16,0.03730202052313116,0.11324065992130178,0.062014459053961066,0.03790698933696308,0.011096810155162774,0.09183012033824933,0.022194062150323577,12,40,0.03222448680052615,0.14331416803311606,True,False,True,3.63731973124121e-05,COMPLETE
563,0.49279623031616215,2025-04-18 05:04:29.078534,2025-04-18 05:04:50.247244,0 days 00:00:21.168710,0.2750783141347446,0.25670945207515306,16,0.026391089209230736,0.10941545944824124,0.06332132263356208,0.04077118526878856,0.014891425321382597,0.09540974461946583,0.03390249327409148,12,38,0.04835646440380948,0.13996587546286646,True,False,True,2.1361067382827976e-05,COMPLETE
564,0.40964275002479555,2025-04-18 05:04:50.424838,2025-04-18 05:05:11.870166,0 days 00:00:21.445328,0.28197160576821334,0.25674085193056095,16,0.04279733565282598,0.11315867729360178,0.0631137008525947,0.04168025788127323,0.01535654341065469,0.09642090076712913,0.029493738169802657,12,45,0.05068685986100938,0.13399768475343637,True,False,True,3.3243117397005176e-05,COMPLETE
565,0.48249557614326477,2025-04-18 05:05:12.057916,2025-04-18 05:05:32.547909,0 days 00:00:20.489993,0.29921185129330474,0.25826320289086424,16,0.033480132758057245,0.10786576183445294,0.06000678332900619,0.045084685729265085,0.013352171173162689,0.09448918451156632,0.03206101977250747,11,41,0.049298982263670785,0.13677510418643066,True,False,True,4.570696640144508e-05,COMPLETE
566,0.4675839483737946,2025-04-18 05:05:32.728586,2025-04-18 05:05:53.681197,0 days 00:00:20.952611,0.26063806922930377,0.22382976773581187,16,0.04072219761717485,0.12347665301957435,0.061374848261388316,0.04351304622018513,0.016266732004034383,0.09823227352381335,0.030617270652135157,12,40,0.04855815522018114,0.13753607924825376,True,False,True,2.3202239200483936e-05,COMPLETE
