number,value,datetime_start,datetime_complete,duration,params_alpha-eval,params_alpha-train,params_batch-size,params_eps-eval,params_eps-train,params_lambda-actions-eval,params_lambda-actions-train,params_lambda-frames-eval,params_lambda-frames-train,params_learning-rate,params_n-epochs,params_n-frames,params_radius-gw,params_rho,params_std-feats,params_ub-actions,params_ub-frames,params_weight-decay,state
738,0.49800158739089967,2025-04-18 13:13:23.815709,2025-04-18 13:13:44.774257,0 days 00:00:20.958548,0.12491771680640662,0.20701085293524973,16,0.015228715850707616,0.1103734255887159,0.054435872406745786,0.028211153020116057,0.00513340800356735,0.0939545469221885,0.05150066194980868,13,36,0.035843101878565695,0.18182117650808594,True,False,True,1.807223984036968e-05,COMPLETE
739,0.466944831609726,2025-04-18 13:13:45.011551,2025-04-18 13:14:50.377563,0 days 00:01:05.366012,0.1335956314893426,0.22148221531851134,2,0.022455955191453335,0.12427626190752801,0.05412329591314373,0.027069733042656138,0.0050219935835141335,0.09415554640064966,0.05652973640457306,17,31,0.0378119014739081,0.19546964964674324,True,False,True,3.20281897433391e-05,COMPLETE
740,0.453052031993866,2025-04-18 13:14:50.602775,2025-04-18 13:15:14.990726,0 days 00:00:24.387951,0.8085201585827877,0.26040937753668947,8,0.028713704187443755,0.11375429442653615,0.055540298937834236,0.025275413251386995,0.0046925477863057966,0.030927145789418495,0.0716673035686401,12,28,0.03982120244443812,0.18530935198577433,True,False,True,1.868395554057166e-05,COMPLETE
741,0.44078614711761477,2025-04-18 13:15:15.229318,2025-04-18 13:15:36.358980,0 days 00:00:21.129662,0.1244990403382376,0.08990036398327889,16,0.017209255361553343,0.12055698288739691,0.054808270662673575,0.02362745222357134,0.01775049010448745,0.09596830984472675,0.08407787376976397,13,34,0.042355423092174854,0.18980682385028413,True,False,True,2.6151777609436776e-05,COMPLETE
742,0.3455386519432068,2025-04-18 13:15:36.599407,2025-04-18 13:15:56.676387,0 days 00:00:20.076980,0.14687964210233206,0.19524069909504083,16,0.03323257849023614,0.25205264973113434,0.049904233271078666,0.02851157140270912,0.005487654070426343,0.0921067151872734,0.048846674680449655,11,36,0.0356999153989927,0.14474650155585883,True,False,True,2.8233466014713804e-08,COMPLETE
743,0.09307204186916351,2025-04-18 13:15:56.905328,2025-04-18 13:16:17.026781,0 days 00:00:20.121453,0.1719195968660917,0.23466040669270302,16,0.02579547581233694,0.11155524710428516,0.05154006348134424,0.027441045256318443,0.012922862323741614,0.07540018049193059,0.02713771368023199,12,32,0.03672307413274587,0.17992197610425936,True,True,True,1.9875093185361004e-05,COMPLETE
744,0.34282764196395876,2025-04-18 13:16:17.266208,2025-04-18 13:16:36.888929,0 days 00:00:19.622721,0.19321618560405524,0.1637752400383455,16,0.036840704266596885,0.1321120680326956,0.055883205609715395,0.025450354485107258,0.004036868107708198,0.08760170665643331,0.004893152843254713,10,36,0.041289843170988966,0.20139239528534214,True,False,True,1.641169777970343e-05,COMPLETE
745,0.3443173110485077,2025-04-18 13:16:37.118524,2025-04-18 13:16:58.773727,0 days 00:00:21.655203,0.11403366354588675,0.21068136707769594,16,0.05131386908181134,0.11793665516344998,0.05277736387664908,0.029226167877327805,0.00847598700141793,0.09366225035771246,0.036868750772233505,11,28,0.044842607248240615,0.1940896802919716,False,False,False,4.059962926509877e-05,COMPLETE
746,0.4882769346237183,2025-04-18 13:16:59.011667,2025-04-18 13:17:24.929007,0 days 00:00:25.917340,0.14053367149250248,0.1533753167638644,8,0.04315728183709585,0.1108834325509919,0.053385340962630444,0.03003391868670549,0.0028281885850444176,0.09065522566201044,0.05560887604293444,14,33,0.040583805548299684,0.136940221837634,True,False,True,2.2878569352140843e-05,COMPLETE
747,0.49347400665283203,2025-04-18 13:17:25.170318,2025-04-18 13:17:46.406771,0 days 00:00:21.236453,0.15476316220292943,0.25304173667636404,16,0.011896486311398334,0.10679111249810395,0.0725611587345924,0.06596354400163028,0.01423500000730149,0.09699786028500865,0.04272649545632553,13,37,0.039443452950953736,0.22861901384388497,True,False,True,3.123659527201221e-05,COMPLETE
748,0.4677696228027344,2025-04-18 13:17:46.633860,2025-04-18 13:18:07.220856,0 days 00:00:20.586996,0.16297126531219383,0.1913759890914189,16,0.16882068619574467,0.10508743039704983,0.0747279604388047,0.07893422942536583,0.011198201569721816,0.09822037976536677,0.06623908638427671,13,31,0.038739727335572016,0.21634363336264026,True,False,True,6.865962843833469e-05,COMPLETE
749,0.48859571218490605,2025-04-18 13:18:07.460040,2025-04-18 13:18:28.874473,0 days 00:00:21.414433,0.15917763597127618,0.22512197664535158,16,0.012303816030982972,0.10366339529912227,0.0730752884405403,0.061784056148685595,0.006283454706888044,0.09709723577215293,0.04553055286708463,14,35,0.038879000647051944,0.1846049493477385,True,False,True,3.8429094499799656e-05,COMPLETE
750,0.43275535702705387,2025-04-18 13:18:29.102452,2025-04-18 13:18:50.085189,0 days 00:00:20.982737,0.13471851360301235,0.28920581827770736,16,0.008672141140908092,0.06472113857217893,0.07203427735958515,0.08171558506011276,0.009845392301454807,0.012450215840857166,0.053756369016281474,13,37,0.036949210183169386,0.22676009741666603,True,False,True,3.189749460038927e-05,COMPLETE
751,0.22911165356636048,2025-04-18 13:18:50.324587,2025-04-18 13:19:09.367299,0 days 00:00:19.042712,0.15400007065765312,0.24634220095879214,16,0.01552892086185238,0.1150452255120913,0.0756256499848207,0.07280658592048492,0.007629825246534544,0.09722624916899343,0.06874701239669828,8,25,0.03516325331937213,0.23233200908037935,True,False,True,4.97677877292574e-05,COMPLETE
752,0.48509560823440556,2025-04-18 13:19:09.610970,2025-04-18 13:20:07.014387,0 days 00:00:57.403417,0.1860446383836053,0.20614111543521868,2,0.005299083228873923,0.10740085330822646,0.07362165295051944,0.06795425869161854,0.0010093638824031667,0.08636024260115442,0.043297308503592744,14,29,0.04224431396101696,0.22620421480955347,True,False,True,4.723099182220172e-06,COMPLETE
753,0.459925127029419,2025-04-18 13:20:07.250149,2025-04-18 13:20:28.954466,0 days 00:00:21.704317,0.1295003556835962,0.1107910428197096,16,0.0119934416757555,0.10003798526733441,0.07121636431727536,0.024281136449147766,0.013002084192048126,0.09312536330019862,0.08788153343838802,15,32,0.038713560648401105,0.22369737563277564,True,False,True,3.137191260584902e-05,COMPLETE
754,0.4220351040363312,2025-04-18 13:20:29.196887,2025-04-18 13:20:54.489127,0 days 00:00:25.292240,0.11587588238040189,0.17680070870793738,8,0.01711319428005073,0.12171894571717176,0.07722533638632119,0.026674489966240684,0.004522474184341135,0.029666857830844058,0.05503949050929567,13,39,0.04042694433359053,0.23117229672324757,True,False,True,4.4687605665671175e-05,COMPLETE
755,0.48981417417526246,2025-04-18 13:20:54.719240,2025-04-18 13:21:15.803725,0 days 00:00:21.084485,0.17425442388413587,0.13347418735058963,16,0.009266172533694534,0.08922104718170948,0.07067737447163353,0.08549698424043695,0.015952832194140225,0.08949810577233278,0.04475748792877241,13,36,0.036539425069000285,0.21127635553895718,True,False,True,2.7173623944906195e-05,COMPLETE
756,0.4316308319568634,2025-04-18 13:21:16.044412,2025-04-18 13:21:36.829254,0 days 00:00:20.784842,0.15082321308371655,0.22409717541985416,16,0.020444561548899547,0.09406510814961626,0.0749431052315991,0.06392561329492362,0.003676327196923428,0.0953189514551193,0.06693463884171841,9,34,0.03395142482114784,0.21371177417406736,True,False,False,6.293268579534221e-06,COMPLETE
757,0.3582068204879761,2025-04-18 13:21:37.071484,2025-04-18 13:21:59.065078,0 days 00:00:21.993594,0.10648787530045563,0.1929347671114957,16,0.05572128506304992,0.15556857683928182,0.0700852387823685,0.05381369607291409,0.006090756593471729,0.09161981309962278,0.03906987690043397,14,39,0.04288542773342721,0.2203026621943929,True,False,True,3.659257716901088e-05,COMPLETE
758,0.3915734469890595,2025-04-18 13:21:59.298036,2025-04-18 13:22:20.074909,0 days 00:00:20.776873,0.19346080874546107,0.25131260704051706,16,0.0482781730267377,0.10797398695958163,0.07235104764848158,0.02831683504784254,0.00954905333482216,0.09754886410584586,0.05160720093094815,13,30,0.022769672799990787,0.23180774988152,True,False,True,8.605442976641418e-06,COMPLETE
759,0.35617677569389344,2025-04-18 13:22:20.317766,2025-04-18 13:22:40.169522,0 days 00:00:19.851756,0.16930974963517573,0.08737060616592837,16,0.0404242815055959,0.11464664160360578,0.07295664030192826,0.02235083790480438,0.013419561926930028,0.09435916694389848,0.07846344771849144,12,19,0.03941201274275797,0.22336801335797674,True,False,True,2.6631961627567207e-05,COMPLETE
760,0.4327484369277954,2025-04-18 13:22:40.418044,2025-04-18 13:23:04.223524,0 days 00:00:23.805480,0.13749595935381836,0.16305229003479554,8,0.013222931146722796,0.07795035289294802,0.06863256584706531,0.06686854362246483,0.0025556909511432295,0.08870780025121341,0.06129846744316922,11,27,0.03705067422892501,0.2002508639481123,True,False,True,1.644416789886593e-05,COMPLETE
761,0.3389539778232575,2025-04-18 13:23:04.455897,2025-04-18 13:23:24.200750,0 days 00:00:19.744853,0.20622153474179697,0.2083515567197617,16,0.004576637256206229,0.1737468793613398,0.07679207691704353,0.03081608122097046,0.007969618468393039,0.09134419263775777,0.0006804159812308225,10,33,0.04138958104229703,0.2058664764068111,True,False,True,1.1446920754910025e-05,COMPLETE
762,0.48874226808547977,2025-04-18 13:23:24.445645,2025-04-18 13:23:46.382364,0 days 00:00:21.936719,0.15640670204218085,0.27760264918110095,16,0.03495705597239352,0.10235328086343237,0.05312193488292791,0.07375957387629528,0.011528602225787565,0.09598549904578067,0.04624979484684489,15,37,0.035558156778358795,0.19020501598113249,True,False,True,2.2841081506249467e-05,COMPLETE
763,0.09307204186916351,2025-04-18 13:23:46.613815,2025-04-18 13:24:06.692387,0 days 00:00:20.078572,0.13027760892216386,0.23215414660996844,16,0.045588755654989946,0.12600245205692887,0.06863554689609262,0.028220353682301875,0.004624118651097416,0.09858247366835947,0.09927331075866053,11,81,0.03334272394898531,0.18028837050844032,False,True,True,7.216000897628694e-06,COMPLETE
764,0.3237410008907318,2025-04-18 13:24:06.934605,2025-04-18 13:24:28.787891,0 days 00:00:21.853286,0.10596233963603968,0.147970805708203,16,0.031479397471529655,0.08529381761986281,0.07067362058308684,0.05689963615797017,0.035257160645188676,0.007790455642100045,0.03424085258197633,14,41,0.0380752795172352,0.19389197652756593,True,False,True,1.360872704818662e-05,COMPLETE
765,0.4667798757553101,2025-04-18 13:24:29.036183,2025-04-18 13:25:15.320133,0 days 00:00:46.283950,0.1833653647148196,0.18338052941817412,2,0.019670991076085137,0.0964694695926541,0.07439398630568256,0.030294832472350604,0.015233782580488249,0.09313717503166054,0.04015200582928903,10,35,0.040213789091820044,0.1689157082238695,True,False,True,3.526660272330804e-06,COMPLETE
766,0.46838640570640566,2025-04-18 13:25:15.553257,2025-04-18 13:25:36.950374,0 days 00:00:21.397117,0.09729176439853962,0.21182388228898122,16,0.05119284648683692,0.11100115584638241,0.0672218204682172,0.026330080001818353,0.00635542373757334,0.08628853873266927,0.05938135310453293,13,43,0.04295136142125778,0.17493355676791542,True,False,True,1.7974901396568675e-05,COMPLETE
767,0.44404985904693606,2025-04-18 13:25:37.194233,2025-04-18 13:26:02.025956,0 days 00:00:24.831723,0.1238152432895681,0.25671077692893607,8,0.040369869422240134,0.058525384011059244,0.08265833528412041,0.032165335909104434,0.003056531352128475,0.09021963537001303,0.077147007505096,12,31,0.031638987340523464,0.1859761104404204,True,False,True,3.0980182653302325e-05,COMPLETE
768,0.44264295697212225,2025-04-18 13:26:02.263292,2025-04-18 13:26:24.199751,0 days 00:00:21.936459,0.16139580801801978,0.22956006976751892,16,0.026468323449564263,0.10476032012021477,0.07892846675002084,0.024573996029806505,0.01026287157026403,0.0944238631247806,0.04769119439515774,11,39,0.034842362605757266,0.2052605620569819,True,False,False,9.870855678338226e-06,COMPLETE
769,0.45280910134315494,2025-04-18 13:26:24.443856,2025-04-18 13:26:45.088293,0 days 00:00:20.644437,0.1902553686636283,0.08776652603817216,16,0.01268360012885675,0.09852406121402345,0.07180272577168748,0.09213840531538028,0.00805464536591133,0.08785164070392243,0.028742106198984547,12,36,0.03766669533350781,0.19548338444258295,True,False,True,2.5624786662979922e-05,COMPLETE
770,0.49393692016601565,2025-04-18 13:26:45.337831,2025-04-18 13:27:04.660684,0 days 00:00:19.322853,0.1471010968702649,0.19442550744168263,16,0.034039258578174476,0.1189238492407203,0.0693811321063874,0.06524049473852866,0.012788243268775748,0.09195334979577705,0.06615313197826271,9,33,0.0438182827180572,0.18018333442215478,True,False,True,5.1423076454067e-06,COMPLETE
771,0.3610310852527619,2025-04-18 13:27:04.899123,2025-04-18 13:27:23.740613,0 days 00:00:18.841490,0.17462909189442702,0.18191877416663554,16,0.0218593662962335,0.13850458934152857,0.06886393097140284,0.061729582445548714,0.012146776329938984,0.09007509523640311,0.0036445740596925797,8,34,0.04483237713325717,0.17867835955727382,True,False,True,4.190297984865641e-06,COMPLETE
772,0.4501962721347809,2025-04-18 13:27:23.985429,2025-04-18 13:27:43.117974,0 days 00:00:19.132545,0.14643879109763155,0.20274968333280147,16,0.03429000735127978,0.12141261249315903,0.0703677457989647,0.06532099517269024,0.009787963674340826,0.09193031349846066,0.05516095806581775,8,38,0.04390070656376592,0.17333143304365733,True,False,True,6.855503704375039e-06,COMPLETE
773,0.47041859030723576,2025-04-18 13:27:43.366769,2025-04-18 13:28:02.903320,0 days 00:00:19.536551,0.20616652225074697,0.17150982147046887,16,0.058633141619214776,0.11761786239116807,0.06903342752146323,0.06828470743847796,0.0011265096820743644,0.08812964081914905,0.05060415066781647,9,34,0.042090327488670295,0.18256924754770476,True,False,True,4.814399436496354e-06,COMPLETE
774,0.4565019428730011,2025-04-18 13:28:03.140135,2025-04-18 13:28:22.609530,0 days 00:00:19.469395,0.16213319080137892,0.199712549625638,16,0.004910305530019802,0.12710611210187175,0.07145049072789722,0.05989967868117445,0.006378355082003076,0.09654726906935868,0.04026064779014892,9,40,0.04090878738921638,0.1877788546237995,True,False,True,3.1937257131004657e-06,COMPLETE
775,0.3554263532161713,2025-04-18 13:28:22.857938,2025-04-18 13:28:42.395940,0 days 00:00:19.538002,0.14404986640733491,0.16288740243691313,16,0.018002558730939196,0.21664756656675546,0.07339445769869797,0.06902469513297868,0.011793167279793102,0.09999257303395549,0.006460866295092608,9,37,0.04371050006743332,0.17184067399928024,True,False,True,5.871416775771431e-06,COMPLETE
776,0.3605345249176025,2025-04-18 13:28:42.645403,2025-04-18 13:29:02.322829,0 days 00:00:19.677426,0.17996799626317556,0.18775407917670442,16,0.029256352434326963,0.13160657179478893,0.0683695648696197,0.06689070066011811,0.008353742907260731,0.08522378773274192,0.06451187087578006,10,32,0.04566535454048772,0.17788090854203417,True,False,True,5.272008932680731e-06,COMPLETE
777,0.46123666763305665,2025-04-18 13:29:02.562176,2025-04-18 13:29:22.697678,0 days 00:00:20.135502,0.21216944472228427,0.21571619724361638,16,0.04748289465747585,0.12091181779241683,0.075994029714799,0.06676524720887424,0.028277433037231382,0.0926278364414594,0.03412814280525716,10,44,0.03992930951654354,0.18183154498495957,True,False,True,7.591049379230485e-06,COMPLETE
778,0.3316869974136353,2025-04-18 13:29:22.946146,2025-04-18 13:29:42.180386,0 days 00:00:19.234240,0.1588989624511243,0.14573299616082697,16,0.04278239223871996,0.28566644738032254,0.06700003634993602,0.029091754385192646,0.013872272394006922,0.08901553356951891,0.04974977257973879,8,47,0.04207384922594979,0.16614372017037485,True,False,True,4.025298150767362e-06,COMPLETE
779,0.4828793168067932,2025-04-18 13:29:42.418940,2025-04-18 13:30:02.211335,0 days 00:00:19.792395,0.19202005230789385,0.2364358558478843,16,0.024723318608593708,0.11492795860996198,0.07374678075515653,0.06267426855218428,0.0047982396893626895,0.025777285101273674,0.060067508156923285,9,36,0.03929172164066602,0.1899928300588688,True,False,True,5.226929755190288e-06,COMPLETE
780,0.46378453969955447,2025-04-18 13:30:02.457515,2025-04-18 13:30:22.253809,0 days 00:00:19.796294,0.13432998552820524,0.1289957696176416,16,0.036553619812631874,0.11053332191284256,0.06721450304650227,0.07122697404796409,0.002845786386153114,0.09446166860772083,0.043406462486444704,9,41,0.043487910974172046,0.1847313825123313,True,False,True,4.319723800260824e-06,COMPLETE
781,0.45824183225631715,2025-04-18 13:30:22.505319,2025-04-18 13:30:42.230176,0 days 00:00:19.724857,0.1776586936260885,0.1941959722296467,16,0.00868038970567063,0.11652209944705921,0.07023877019045854,0.06645524456193233,0.010186680650079726,0.09105274291196208,0.037299517457047016,10,31,0.03698132567495371,0.19734340872462877,True,False,True,5.472067372386685e-06,COMPLETE
782,0.35303870439529417,2025-04-18 13:30:42.468340,2025-04-18 13:31:03.046933,0 days 00:00:20.578593,0.22398835722424737,0.21361440276729632,16,0.03042466529131052,0.12524429316114885,0.07122763034046523,0.027037018912933825,0.007060747529379105,0.0011536870344310973,0.0508830258968928,11,38,0.041373993509139805,0.17621463839596835,True,False,True,2.546418724312366e-06,COMPLETE
783,0.18209730684757233,2025-04-18 13:31:03.296831,2025-04-18 13:31:22.551794,0 days 00:00:19.254963,0.1525374428346252,0.17010072849445218,16,0.0158142452206754,0.10746598804155923,0.08498585830105183,0.07061629593285308,0.004535628001082117,0.035974780193321315,0.06657385949399675,10,34,0.032708174171433124,0.18890382128402095,False,False,True,4.21540125350326e-05,COMPLETE
784,0.31959163546562197,2025-04-18 13:31:22.805670,2025-04-18 13:31:43.125722,0 days 00:00:20.320052,0.9240022417012226,0.23263316396106537,16,0.03935296338909513,0.07438715008193869,0.07284400459122266,0.022886774825781626,0.012521479309191423,0.09600198307237326,0.043470977378520445,11,42,0.04561073126815818,0.20278368746049397,True,False,True,3.20540010815931e-06,COMPLETE
785,0.4599456667900086,2025-04-18 13:31:43.363335,2025-04-18 13:32:02.540830,0 days 00:00:19.177495,0.21721588216996313,0.18629104770724852,16,0.05164573899343802,0.10364580464902903,0.06947627870000106,0.06034551556329243,0.002601508824071765,0.09321424449231391,0.031716015063891295,9,33,0.03882200472897759,0.17050515700933366,True,False,True,7.564405568551138e-06,COMPLETE
786,0.4625019311904907,2025-04-18 13:32:02.795081,2025-04-18 13:32:23.599091,0 days 00:00:20.804010,0.12584655336224243,0.10912272812182947,16,0.02380131554020783,0.08790778869692009,0.07827645642227335,0.031319764642469654,0.0010787693385033205,0.08670379357269574,0.05616962704627789,12,38,0.03513394953961107,0.16018159895669834,True,False,True,6.128626593720362e-06,COMPLETE
787,0.12183591723442078,2025-04-18 13:32:23.855335,2025-04-18 13:32:46.738778,0 days 00:00:22.883443,0.16916993908077896,0.2519335978515058,8,0.08764681532740559,0.11428697102490637,0.06660659874914629,0.029873375191003537,0.008595585369669976,0.09809949232925619,0.03819096542355574,10,45,0.027316625675596715,0.0022612348903615354,True,False,True,5.9500201666208285e-05,COMPLETE
788,0.457925146818161,2025-04-18 13:32:46.980246,2025-04-18 13:33:06.865533,0 days 00:00:19.885287,0.19867213596605288,0.21498907324699756,16,0.04430878964483351,0.09288778864017783,0.08060475341931957,0.03352762713129847,0.005770911733751133,0.09121235635900428,0.024156825378633805,11,30,0.037884086385439046,0.21162387308869965,True,False,True,3.5925662201820416e-05,COMPLETE
789,0.47305222749710085,2025-04-18 13:33:07.117130,2025-04-18 13:33:27.544072,0 days 00:00:20.426942,0.149532048422234,0.1525212808724718,16,0.06353164018573243,0.12119694302056695,0.07477116916078971,0.05120968406592054,0.014316847232859526,0.08961679219732743,0.06393203634830612,12,35,0.04230115970545649,0.19223916409611805,True,False,True,8.288071884924841e-06,COMPLETE
790,0.49989870786666873,2025-04-18 13:33:27.786502,2025-04-18 13:33:47.284735,0 days 00:00:19.498233,0.24180768019961396,0.06913972663102906,16,0.03309028433204399,0.0809131088368169,0.06810324043542185,0.028114183000731208,0.01072989234856489,0.07348291497995595,0.04802255377640819,9,40,0.03591481827599039,0.18213902927877196,True,False,True,2.102401807909761e-05,COMPLETE
791,0.29523611664772037,2025-04-18 13:33:47.536666,2025-04-18 13:34:07.218867,0 days 00:00:19.682201,0.24544590184092355,0.08234913315134504,16,0.03145395287822759,0.07802526319801384,0.06573693471875657,0.0653948045930353,0.010671331431610065,0.0752318836048145,0.031906418348891685,9,47,0.03990321275118176,0.1785519472390943,True,False,True,2.4167363220022995e-05,COMPLETE
792,0.2627888202667237,2025-04-18 13:34:07.474305,2025-04-18 13:34:27.145633,0 days 00:00:19.671328,0.3470894564541439,0.09302754214051737,16,0.01991096500173356,0.0716591766178698,0.071968643865879,0.06497147931286959,0.01206355531221838,0.0704910889583032,0.04494768188238419,9,42,0.036501061360595735,0.1818721743360201,True,False,True,3.2913971186999726e-05,COMPLETE
793,0.09307204186916351,2025-04-18 13:34:27.390260,2025-04-18 13:34:46.031325,0 days 00:00:18.641065,0.2432505757345713,0.10174218448679247,16,0.012656283296517612,0.07068236170948378,0.0681092316358255,0.025606917441856135,0.010890292434054158,0.07319267529850598,0.03844704440028181,8,41,0.04448406432084764,0.17217439396639364,True,True,True,2.8782848638435474e-05,COMPLETE
794,0.4625422835350037,2025-04-18 13:34:46.283213,2025-04-18 13:35:07.577903,0 days 00:00:21.294690,0.22843986621987045,0.07252033832282512,8,0.1415694223155235,0.08234397618095064,0.07617400370171921,0.02451123656260736,0.013876761795953046,0.09501259713077644,0.0258214825981558,7,49,0.04084527291633909,0.16657443819360643,True,False,True,2.089951413628033e-05,COMPLETE
