number,value,datetime_start,datetime_complete,duration,params_alpha-eval,params_alpha-train,params_batch-size,params_eps-eval,params_eps-train,params_lambda-actions-eval,params_lambda-actions-train,params_lambda-frames-eval,params_lambda-frames-train,params_learning-rate,params_n-epochs,params_n-frames,params_radius-gw,params_rho,params_std-feats,params_ub-actions,params_ub-frames,params_weight-decay,state
340,0.46706579923629765,2025-04-18 03:46:19.892221,2025-04-18 03:46:40.840729,0 days 00:00:20.948508,0.05995445766541201,0.0672607905096355,16,0.24467525388902395,0.08699709285262637,0.06107680281909929,0.07893767790035365,0.004859858883625957,0.09578856405404006,0.06678209193467317,11,40,0.060071403428321415,0.20753699774851891,True,False,True,8.946252612843585e-06,COMPLETE
341,0.47829537391662597,2025-04-18 03:46:40.960237,2025-04-18 03:47:02.457721,0 days 00:00:21.497484,0.08249408277824063,0.08626370756211639,16,0.015003813733209463,0.08137276878614816,0.05866525151213981,0.023334799337225463,0.006792530195564444,0.08433663359309215,0.056700117961308825,13,44,0.028666833884901738,0.20172502490490252,True,False,True,1.4460534477607318e-05,COMPLETE
342,0.26931281089782716,2025-04-18 03:47:02.564417,2025-04-18 03:47:24.555100,0 days 00:00:21.990683,0.15143141402584892,0.10521073904565295,16,0.006038797363880523,0.07832312374457057,0.05812867584356351,0.022717853831859595,0.006594027697319933,0.08809376345752629,0.08340285915786402,13,48,0.023010030563299786,0.20159926797494734,True,False,True,6.2910927075339845e-06,COMPLETE
343,0.50441552400589,2025-04-18 03:47:24.661947,2025-04-18 03:47:46.698987,0 days 00:00:22.037040,0.10972569635892283,0.08542935592087444,16,0.01400989852892226,0.08238017213459528,0.055194616539140956,0.021244822730221997,0.003971188880426979,0.08379860908398784,0.043417026922917774,14,43,0.02880801014335191,0.216037200858935,True,False,True,1.5085261782547092e-05,COMPLETE
344,0.3939194560050965,2025-04-18 03:47:46.806287,2025-04-18 03:48:08.835449,0 days 00:00:22.029162,0.1148251282832293,0.08220221288282561,16,0.015369370987084,0.08175950991325016,0.05282194669247009,0.02129198725589839,0.009118110771272062,0.0819045800441129,0.03623929434249455,14,45,0.02730329779298661,0.220317447031442,True,False,True,1.122786896668732e-05,COMPLETE
345,0.4754294812679291,2025-04-18 03:48:08.952829,2025-04-18 03:48:31.021411,0 days 00:00:22.068582,0.08271117275147354,0.08884140572028634,16,0.012070520867331073,0.07258251725140247,0.054756168900468964,0.019174398817399296,0.006612056500695801,0.08418205529230877,0.043559555764198954,14,43,0.030255131017209645,0.2104376540356551,True,False,True,7.679792053838671e-06,COMPLETE
346,0.3047588884830475,2025-04-18 03:48:31.130071,2025-04-18 03:48:53.381498,0 days 00:00:22.251427,0.10999345663493855,0.09591170626346465,16,0.01831103137343617,0.06419908775074336,0.05423882506296387,0.021018167053496822,0.004731090319578326,0.0791379366132142,0.03216252203855686,14,50,0.028975194458243397,0.2106677511772409,True,False,True,7.504554312392787e-06,COMPLETE
347,0.3058042407035828,2025-04-18 03:48:53.490452,2025-04-18 03:49:14.705578,0 days 00:00:21.215126,0.1351896062879845,0.07067349834812814,16,0.0056465108214164735,0.07021634673655901,0.05562729415276569,0.01883344067389256,0.008069269340629466,0.08440466821117867,0.04230869410631873,12,44,0.029852599925988807,0.213690477750693,True,False,True,3.451678176426322e-06,COMPLETE
348,0.2849675238132477,2025-04-18 03:49:14.813842,2025-04-18 03:49:36.493583,0 days 00:00:21.679741,0.08917033797129395,0.05438251505566687,16,0.0011163171995954412,0.07221549855521224,0.04979079897972957,0.023843235240181736,0.002687463306439768,0.08419477306528576,0.039709732576090485,13,48,0.025548091475311705,0.2192926733097392,True,False,True,6.071066734548218e-06,COMPLETE
349,0.3488377213478089,2025-04-18 03:49:36.613187,2025-04-18 03:49:58.555249,0 days 00:00:21.942062,0.0777884105854518,0.11417292771435085,16,0.012863791365214657,0.07718677934097405,0.05518816399088955,0.017115840536775045,0.006254446883659464,0.08121135236312002,0.047300384249113606,14,43,0.030726301877405493,0.2062264962295435,True,False,True,8.810804232526304e-06,COMPLETE
350,0.33865536451339723,2025-04-18 03:49:58.664036,2025-04-18 03:50:18.877826,0 days 00:00:20.213790,0.10441001421037752,0.08648530670338998,16,0.018319818707956285,0.05972963314096276,0.05547747985466094,0.019411117015482315,0.010998544470559198,0.08441587542387761,0.0010651439787882286,10,43,0.020454043927090132,0.19738951608864508,True,False,True,4.874074310709519e-06,COMPLETE
351,0.44104567170143133,2025-04-18 03:50:18.988460,2025-04-18 03:50:47.257397,0 days 00:00:28.268937,0.08064495954190856,0.03718600226088248,16,0.0005977331555329108,0.08024817757146428,0.051191210024779756,0.02301586642634359,0.003927462866664922,0.08596542456405817,0.051832189588967494,28,46,0.02786851004598595,0.21410546855031173,True,False,True,9.241840927296385e-06,COMPLETE
352,0.21403372883796695,2025-04-18 03:50:47.367626,2025-04-18 03:51:07.906117,0 days 00:00:20.538491,0.07303137905377924,0.06722014118004213,16,0.010123883061181251,0.07228905204512902,0.07588386532896574,0.02527156936205703,0.008636269392832636,0.08680844112518102,0.030992927653511474,12,40,0.02912627041007037,0.2051154734701176,False,True,True,7.025712901446486e-06,COMPLETE
353,0.3318031668663025,2025-04-18 03:51:08.027438,2025-04-18 03:51:28.690146,0 days 00:00:20.662708,0.09123890145086776,0.1043657390083516,16,0.01469355486861711,0.08261550588503133,0.04163816780154087,0.02176396139732313,0.0010893368070456618,0.08313395643250597,0.040467368866748545,11,42,0.03226406446504027,0.18884215488787187,True,False,True,2.1200479957742776e-06,COMPLETE
354,0.27571922540664673,2025-04-18 03:51:28.801013,2025-04-18 03:51:51.494486,0 days 00:00:22.693473,0.11979341511901695,0.08224680281293473,16,0.022303817994851236,0.06575570328839338,0.05747711953360179,0.027359025608508544,0.005661501008437089,0.08797961171965289,0.0516544390220862,13,66,0.02771296363967995,0.22695988289947427,True,False,True,1.2919189826758017e-06,COMPLETE
355,0.4826681137084961,2025-04-18 03:51:51.605524,2025-04-18 03:52:12.894685,0 days 00:00:21.289161,0.1634521178049521,0.043805294472390524,16,0.008974885513673586,0.08848644107710711,0.07735739145979276,0.023804509066134436,0.0072085826643210945,0.08565463701902547,0.055845364013912345,13,37,0.03100406913049742,0.19472362289287384,True,False,True,1.205185321130694e-05,COMPLETE
356,0.4863389730453492,2025-04-18 03:52:13.005156,2025-04-18 03:52:34.140206,0 days 00:00:21.135050,0.1559941032823123,0.05957328908568968,16,0.006024310848481174,0.08687498815100142,0.07890926412820719,0.024377659571276872,0.004622892811915556,0.084870133857383,0.04482273901417949,13,37,0.030937019671342623,0.19393936516677812,True,False,True,1.2132267559891182e-05,COMPLETE
357,0.4685728132724762,2025-04-18 03:52:34.261893,2025-04-18 03:52:55.502875,0 days 00:00:21.240982,0.12550650029621546,0.048573505480702106,16,0.007742729837540282,0.08782932888410594,0.07564356498809864,0.024307257823614998,0.004542098518624181,0.08084433078905175,0.03163362638991803,13,37,0.030814141981845514,0.1936725222611141,True,False,True,1.0904503550301455e-05,COMPLETE
358,0.4503542423248291,2025-04-18 03:52:55.616176,2025-04-18 03:53:16.753478,0 days 00:00:21.137302,0.14915323095281752,0.04346041879411318,16,0.0005773680778567237,0.0772219221760169,0.07988137875161841,0.021178669016113767,0.002885373391390559,0.07608065818446315,0.036396159165531995,12,45,0.029444475634752453,0.19997886697584483,True,False,True,8.385962940192363e-06,COMPLETE
359,0.4663753032684327,2025-04-18 03:53:16.864315,2025-04-18 03:53:38.252730,0 days 00:00:21.388415,0.13748160680408258,0.025015806110699673,16,0.005685253785076552,0.08951932624516645,0.07989719114676742,0.026093233312778318,0.00658357082394315,0.08502484072143345,0.043069667105804954,13,41,0.026073783312196095,0.18415906868598653,True,False,True,1.1854507108890211e-05,COMPLETE
360,0.3296124219894409,2025-04-18 03:53:38.376963,2025-04-18 03:53:59.764833,0 days 00:00:21.387870,0.10282544826478851,0.07584234277288472,16,0.008711109061441381,0.08337767150252558,0.07648082770758194,0.028668322753514337,0.0047668994177212445,0.08315064248141245,0.046399264291207595,13,39,0.03156560442744454,0.19200144150747164,True,False,True,6.090944045392332e-06,COMPLETE
361,0.4724168956279755,2025-04-18 03:53:59.878265,2025-04-18 03:54:20.700876,0 days 00:00:20.822611,0.18352572032112666,0.06032340990606609,16,0.015788774278122024,0.09295119193860982,0.07757392046433752,0.018098926679279946,0.010159200802649333,0.08584027399147709,0.03726117993153713,12,35,0.03509425905022053,0.20836242256438117,True,False,True,7.33338546512282e-06,COMPLETE
362,0.45094851255416873,2025-04-18 03:54:20.814936,2025-04-18 03:54:41.773871,0 days 00:00:20.958935,0.21598631028800708,0.1270904588246499,16,0.0053877525971898245,0.09806234540600095,0.0785197930419326,0.023539885011703753,0.007223200909879756,0.08379780914136561,0.051652025695845885,11,47,0.030259836461270957,0.2011615652353689,True,False,True,4.250738739914929e-06,COMPLETE
363,0.4430033564567566,2025-04-18 03:54:41.887174,2025-04-18 03:55:03.257669,0 days 00:00:21.370495,0.16563541817375071,0.03391900085978088,16,0.000150668810086841,0.07395636808239876,0.07767900680994119,0.02037772907358306,0.0028006750862865273,0.08649707193552815,0.05695440435568575,12,42,0.033413005654249574,0.19573490520773845,True,False,True,9.660021404023586e-06,COMPLETE
364,0.47498832941055297,2025-04-18 03:55:03.382342,2025-04-18 03:55:24.970539,0 days 00:00:21.588197,0.17168957204175644,0.10201420805568183,16,0.012536246432217308,0.08153718253043266,0.0730876653217377,0.02536117164576855,0.001089100537209467,0.08007593829468661,0.04486175683689373,13,37,0.02788878499318027,0.20948610764640035,True,False,True,1.3021448171224944e-05,COMPLETE
365,0.4511036276817322,2025-04-18 03:55:25.086164,2025-04-18 03:55:46.015674,0 days 00:00:20.929510,0.1185190860277443,0.0709737668369885,16,0.018752339125880566,0.08773850327191918,0.07455470369742041,0.028162610925303297,0.005124173400652768,0.08834541729825104,0.05798585789915819,12,40,0.03145427328262691,0.21699958520589166,True,False,True,5.7020915201109755e-06,COMPLETE
366,0.32896385192871097,2025-04-18 03:55:46.129926,2025-04-18 03:56:08.207765,0 days 00:00:22.077839,0.25260322137286845,0.05033152433544818,16,0.009771295058319323,0.0683809077136253,0.08182252319634915,0.02232457817350929,0.0899643599717276,0.08937009267059065,0.002285408394610732,13,51,0.03451002047701769,0.1795516975238254,True,False,True,3.2767327115599587e-06,COMPLETE
367,0.4616430759429932,2025-04-18 03:56:08.321756,2025-04-18 03:56:28.950199,0 days 00:00:20.628443,0.09202333083830291,0.01219808704553594,16,0.01639912801565234,0.09990376380339845,0.0644639739108423,0.02425560088320917,0.009041800299881015,0.08520442056033395,0.03509591539033368,11,35,0.03704801072806535,0.188616557918235,True,False,True,1.04858424649844e-05,COMPLETE
368,0.4456242978572846,2025-04-18 03:56:29.075611,2025-04-18 03:56:49.328497,0 days 00:00:20.252886,0.07487191802318156,0.27737572615275174,16,0.006311109518010633,0.09332661939285428,0.07112739690136796,0.02943029086030956,0.012084350079493562,0.0816981451105498,0.04327861202026463,10,43,0.029344940728290074,0.20300923600387816,True,False,True,7.687067425756865e-06,COMPLETE
369,0.09341990947723389,2025-04-18 03:56:49.444025,2025-04-18 03:57:16.556605,0 days 00:00:27.112580,0.05927788542029509,0.09089973074657492,16,0.25219431989768365,0.0840404246613389,0.06712754374859708,0.018769434250021155,0.006630230794528265,0.08634625557570512,0.00013960827555405749,12,139,0.025145095818225854,0.19685110704568481,True,False,True,1.3720988825909804e-05,COMPLETE
370,0.4073882758617401,2025-04-18 03:57:16.671896,2025-04-18 03:57:38.800438,0 days 00:00:22.128542,0.047660910467219854,0.15830196916862466,16,0.012115373601523987,0.0753692196856214,0.06949369740445566,0.02636778343421016,0.0031137030718736917,0.08948664033355079,0.056049564600661815,14,37,0.03355611139165641,0.20396707598872607,True,False,True,4.678659452084101e-06,COMPLETE
371,0.4912618279457092,2025-04-18 03:57:38.926623,2025-04-18 03:57:59.984565,0 days 00:00:21.057942,0.10223730785798729,0.06458484316344947,16,0.02424140963524491,0.07940457246585282,0.07433547530152557,0.021498176224924448,0.004420008448177272,0.08316538044222724,0.06007142062130029,13,33,0.032347016132872296,0.19240962938279674,True,False,True,9.405876665462223e-06,COMPLETE
372,0.3582654416561127,2025-04-18 03:58:00.101641,2025-04-18 03:58:20.771496,0 days 00:00:20.669855,0.1070262908196255,0.03336384504181411,16,0.02246965388530881,0.08866131281107266,0.07365824817214092,0.02300490822767161,0.002731409069976284,0.08800344924966394,0.06290180438805618,13,32,0.03884779758112639,0.1865249531265052,False,True,True,1.0010457803556104e-05,COMPLETE
373,0.4895417451858521,2025-04-18 03:58:20.889901,2025-04-18 03:58:41.618527,0 days 00:00:20.728626,0.14479537151046587,0.05956019984986392,16,0.029496427251506988,0.09572118283300005,0.07776775870920928,0.021765580463141497,0.0038920404374984366,0.09067569761387072,0.08748033958658957,12,33,0.03588375702693019,0.18937115654401693,True,False,True,1.2997285395301966e-05,COMPLETE
374,0.47562428116798405,2025-04-18 03:58:41.736168,2025-04-18 03:59:02.269309,0 days 00:00:20.533141,0.14834600041377183,0.06023255388413408,16,0.03518247575829374,0.09428921296879267,0.07745836412313076,0.02163749102690278,0.0011212073137693169,0.09087901169045402,0.059159809104789386,11,33,0.0361240469415491,0.18207555698264377,True,False,True,1.4522276657853183e-05,COMPLETE
375,0.48655879497528076,2025-04-18 03:59:02.398091,2025-04-18 03:59:23.206419,0 days 00:00:20.808328,0.13575005171970952,0.0464286369556315,16,0.030328767343441934,0.09955085577294853,0.07831989441851958,0.025196705267450516,0.0027434994806894595,0.08716322912205261,0.06777146348762647,12,38,0.04034557009230963,0.19076042113165517,True,False,True,1.2399427715147374e-05,COMPLETE
376,0.4606898188591004,2025-04-18 03:59:23.324593,2025-04-18 03:59:44.274486,0 days 00:00:20.949893,0.14042617694421516,0.039895845707295444,16,0.039694370232594915,0.10258178271950628,0.07910050062436295,0.024797391234757115,0.0042833949333954255,0.08715494396574842,0.05640579865710275,12,37,0.04248697440864041,0.17499174502610074,True,False,True,1.2290243138571516e-05,COMPLETE
377,0.48780639171600343,2025-04-18 03:59:44.391627,2025-04-18 04:00:05.191747,0 days 00:00:20.800120,0.17124526830972944,0.05960666184808196,16,0.03205862278194375,0.09579182112552966,0.08146954212907101,0.02721680544524801,0.0029799239558173335,0.08273947338941501,0.06797431407260292,11,39,0.038890913494097346,0.1904858212479295,True,False,True,1.955894255752183e-05,COMPLETE
378,0.4520101130008698,2025-04-18 04:00:05.312386,2025-04-18 04:00:25.811057,0 days 00:00:20.498671,0.15654332555241612,0.02661195072461202,16,0.030436036514537444,0.09984468234850706,0.07644750168080393,0.02775975248016919,0.0027982361570190756,0.08210233401142579,0.06933769654001071,11,38,0.04180044333678785,0.1907058492527273,True,False,True,2.1357549752070383e-05,COMPLETE
379,0.499413025379181,2025-04-18 04:00:25.942019,2025-04-18 04:00:46.536153,0 days 00:00:20.594134,0.1622854440138944,0.059256640633922705,16,0.04514302223986627,0.09625931846288414,0.08301764663495227,0.02961829884196448,0.0010607693012933198,0.08939582512030644,0.049806812809231174,11,40,0.03967299748613265,0.1881828199185596,True,False,True,2.9088010165513146e-05,COMPLETE
380,0.4713060081005097,2025-04-18 04:00:46.654396,2025-04-18 04:01:07.115096,0 days 00:00:20.460700,0.19665141341899178,0.05883598850607799,16,0.04369531001714048,0.09497313101682746,0.08230942373030334,0.03024295332206429,0.07298487420384767,0.0788090478391635,0.048790082033644135,11,39,0.039676845844121726,0.18505042806283378,True,False,True,2.7407953229278792e-05,COMPLETE
381,0.44829598069190985,2025-04-18 04:01:07.233987,2025-04-18 04:01:27.199311,0 days 00:00:19.965324,0.1738211481581944,0.04410154863557502,16,0.03741268458754103,0.09779032299844168,0.0844066702864955,0.030841762887728535,0.0010754711871285288,0.08747351491190306,0.048189515284369905,10,35,0.03967750687090134,0.1925595446063853,True,False,True,3.434790563132035e-05,COMPLETE
382,0.44746632575988776,2025-04-18 04:01:27.330166,2025-04-18 04:01:47.588608,0 days 00:00:20.258442,0.16200526931919054,0.05862255053110085,16,0.032298602404979414,0.09075097479084342,0.08096908635869894,0.027913315353068444,0.0032253744209898797,0.07747424481032326,0.04159864091937466,11,31,0.04335148315961849,0.19377646686660369,True,False,True,1.9008229053825672e-05,COMPLETE
383,0.423214852809906,2025-04-18 04:01:47.707965,2025-04-18 04:02:07.553537,0 days 00:00:19.845572,0.17903213654823594,0.019380356586003462,16,0.029221715536598292,0.10380949873382446,0.08351124487403533,0.026430864534258386,0.003766987645740931,0.08889589860978453,0.02663584504040529,10,40,0.03729912410529379,0.17989571227913562,True,False,True,2.0694055892270337e-05,COMPLETE
384,0.46476926207542424,2025-04-18 04:02:07.675389,2025-04-18 04:02:27.841920,0 days 00:00:20.166531,0.1320121258452584,0.07049508849328168,16,0.04738764086377642,0.08794224735794026,0.08078592068213222,0.029305369649851948,0.0012819734989697555,0.08615878050687677,0.06269179475826271,11,36,0.03880667384358688,0.18577008533540684,True,False,True,2.6168467963116548e-05,COMPLETE
385,0.4530815601348877,2025-04-18 04:02:27.976971,2025-04-18 04:02:48.205868,0 days 00:00:20.228897,0.18814612992551943,0.039731941309194524,16,0.03495901747646821,0.0971939833882503,0.07926902923967699,0.026300906450679083,0.004445339898577628,0.08285348363173556,0.050871004925982934,11,34,0.04139042222768966,0.2777453921568037,True,False,True,1.641127615149651e-05,COMPLETE
386,0.4663593053817749,2025-04-18 04:02:48.327216,2025-04-18 04:03:09.055365,0 days 00:00:20.728149,0.20595027673161753,0.0686093435768233,16,0.026559944332085268,0.0899361898325988,0.08193597622634995,0.025332677955714852,0.002699095757804932,0.08957359492178978,0.03200472309197243,12,38,0.037488248881657124,0.19676922076228057,True,False,True,3.071951014632434e-05,COMPLETE
387,0.49757822751998904,2025-04-18 04:03:09.175642,2025-04-18 04:03:30.217387,0 days 00:00:21.041745,0.14407655554006826,0.22179116918801617,16,0.03914693963031954,0.10506204264438301,0.07838364981582134,0.028082059712785195,0.0047861138351927195,0.09148338238361407,0.06790279663404789,12,31,0.04054112346249351,0.18964341248037067,True,False,True,1.1567798125529777e-05,COMPLETE
388,0.4727882325649262,2025-04-18 04:03:30.341260,2025-04-18 04:03:50.862042,0 days 00:00:20.520782,0.15614013273620345,0.2276248440893323,16,0.042779961692317896,0.10551257401436372,0.07749919429543738,0.03161325702357917,0.004942143478758645,0.09184337049242584,0.040532055632485485,11,28,0.04072566382393894,0.18956850916455073,True,False,True,1.2729700335195035e-05,COMPLETE
389,0.49968148469924933,2025-04-18 04:03:50.995452,2025-04-18 04:04:11.060126,0 days 00:00:20.064674,0.13493126693889307,0.20721907149976448,16,0.03875079988592349,0.09694844088373022,0.07953750098668637,0.030502808605750317,0.005267344897874441,0.09120163929272958,0.06364086837905429,11,32,0.04477062135941022,0.1815083738824245,True,False,True,2.1037897351318285e-05,COMPLETE
390,0.4750540316104889,2025-04-18 04:04:11.182777,2025-04-18 04:04:31.615601,0 days 00:00:20.432824,0.13052214230124098,0.19806441325421437,16,0.03763234050177207,0.1005691150150345,0.07909715389500667,0.030235680572694993,0.005313102274612825,0.09057924739366653,0.051068976589819404,12,28,0.043264616356991754,0.1795082630507749,True,False,True,2.114514011507243e-05,COMPLETE
391,0.4769760608673096,2025-04-18 04:04:31.738343,2025-04-18 04:04:51.675933,0 days 00:00:19.937590,0.16634629311729537,0.21395209250058778,16,0.04224770784599098,0.09437733171141974,0.08247655659369195,0.027843448602034682,0.0048680512920118105,0.09191327118785268,0.06097967024053621,10,30,0.04083789493120883,0.1851928500393242,True,False,True,2.4779580842088126e-05,COMPLETE
392,0.29268795251846313,2025-04-18 04:04:51.810614,2025-04-18 04:05:16.368286,0 days 00:00:24.557672,0.13345484893307383,0.23314775442020202,16,0.05685094796853167,0.10679014349795557,0.08053614048906897,0.02887692335614668,0.005292227756438762,0.0890828331609921,0.000577164748034457,12,102,0.04177182056753365,0.18897319031565518,True,False,True,1.6817888371522922e-05,COMPLETE
393,0.09307204186916351,2025-04-18 04:05:16.491450,2025-04-18 04:05:36.304596,0 days 00:00:19.813146,0.15496448371074675,0.19598433876003424,16,0.03430092272086208,0.08691941000685688,0.07864729130149709,0.03069533175499023,0.003551346584768896,0.09147888271483406,0.03862600757589377,11,31,0.03866491863908495,0.17467965037193597,True,True,True,1.886284056966568e-05,COMPLETE
394,0.300209379196167,2025-04-18 04:05:36.427887,2025-04-18 04:05:56.539747,0 days 00:00:20.111860,0.1424610208998507,0.17610762161557625,16,0.04726244347179877,0.10360217192052315,0.07631868859291646,0.03240503616362169,0.007102173415254459,0.08906427008858427,0.05171960467128857,12,32,0.045289930367589146,0.2893653375139666,False,False,True,1.2399152598711883e-05,COMPLETE
395,0.4565890669822693,2025-04-18 04:05:56.665686,2025-04-18 04:06:16.491383,0 days 00:00:19.825697,0.19372037741119874,0.21728161289197495,16,0.03952399056191878,0.09598464305320792,0.0832071928948094,0.023953155430828994,0.003242135753677348,0.08558752181185138,0.06681301508272014,11,26,0.03929632170821964,0.1805054697179942,True,False,True,3.140834703310684e-05,COMPLETE
