number,value,datetime_start,datetime_complete,duration,params_alpha-eval,params_alpha-train,params_batch-size,params_eps-eval,params_eps-train,params_lambda-actions-eval,params_lambda-actions-train,params_lambda-frames-eval,params_lambda-frames-train,params_learning-rate,params_n-epochs,params_n-frames,params_radius-gw,params_rho,params_std-feats,params_ub-actions,params_ub-frames,params_weight-decay,state
1535,0.43953953385353095,2025-04-12 05:45:56.859983,2025-04-12 05:47:34.782591,0 days 00:01:37.922608,0.0674838248725331,0.20536575210604055,2,0.17175649132550996,0.0523704872361831,0.07627003823877299,0.024094215228728177,0.0744955551510156,0.034667598249772544,0.02821398661912448,24,23,0.08538016437147841,0.21617419467522228,True,False,False,1.654135473499539e-05,COMPLETE
1536,0.4181331992149353,2025-04-12 05:47:35.283119,2025-04-12 05:49:24.370419,0 days 00:01:49.087300,0.1151977275454207,0.15197004719612456,2,0.1794189823711531,0.1525905979735178,0.07012813449166917,0.03548045094402574,0.08097079735392221,0.08578886696290719,0.022402308254487354,28,39,0.09014545657157297,0.15388811608692346,True,False,False,2.5557611633822114e-05,COMPLETE
1537,0.46891898512840274,2025-04-12 05:49:24.891915,2025-04-12 05:51:04.961306,0 days 00:01:40.069391,0.08273661414614311,0.18542794266637566,2,0.08260575617231118,0.04412235744729188,0.07328309800260012,0.03279176272224421,0.07895590852299851,0.0339745538361606,0.03758325722460707,25,43,0.08318673478949237,0.23498632807533323,True,False,False,8.380909770267985e-06,COMPLETE
1538,0.45114145874977113,2025-04-12 05:51:05.464564,2025-04-12 05:52:49.752643,0 days 00:01:44.288079,0.04818886510747572,0.1629709786256641,2,0.1618947471337725,0.05812432836887458,0.07889297652849876,0.06777250839952076,0.08698876184448874,0.045202313631255576,0.01703331517664619,26,29,0.08768579287034067,0.14400848628141427,True,False,False,4.225937088852833e-05,COMPLETE
1539,0.34784350991249086,2025-04-12 05:52:50.254470,2025-04-12 05:54:27.780972,0 days 00:01:37.526502,0.13121382108355922,0.2306229928956815,2,0.1435827902065576,0.034214567171963695,0.0823721474145155,0.04950234625666908,0.08278838246776526,0.039345092930245684,0.025996967873263863,24,34,0.08514016758550426,0.1612615094959514,True,False,False,1.0336750845088282e-08,COMPLETE
1540,0.3937407433986664,2025-04-12 05:54:28.283126,2025-04-12 05:55:54.169081,0 days 00:01:25.885955,0.10017838941564214,0.0893127725683473,2,0.12627593120061392,0.04989347774133289,0.07470138458529242,0.004986097039454074,0.07607743380952811,0.08961352476745427,0.01996296654564004,25,38,0.09436461888012736,0.13424693347102098,True,False,True,1.7052662910903232e-05,COMPLETE
1541,0.45121753215789795,2025-04-12 05:55:54.689561,2025-04-12 05:57:40.237653,0 days 00:01:45.548092,0.07015484517804631,0.21015121264750516,2,0.17435911350522654,0.08913704691979904,0.06699247967187331,0.008568922348486338,0.08534896577840391,0.03696791757420554,0.043824511246299505,27,42,0.08936598379412761,0.16933942515972852,True,False,False,3.0519828959487266e-05,COMPLETE
1542,0.47042835950851447,2025-04-12 05:57:40.755319,2025-04-12 05:59:24.794825,0 days 00:01:44.039506,0.14222655614082755,0.12719447438308862,2,0.15867118261627527,0.04052049799197252,0.07684673037768183,0.04647940198448905,0.08008259092845711,0.08498812095998644,0.03222109692187442,26,46,0.09139206673335956,0.22834133407006607,True,False,False,1.2021033162365478e-05,COMPLETE
1543,0.4811669230461121,2025-04-12 05:59:25.296772,2025-04-12 06:01:13.152324,0 days 00:01:47.855552,0.11263531840242103,0.14411384853912612,2,0.1546023923495089,0.0681171934972777,0.07221006130881955,0.026549362010705062,0.08374375454785747,0.08749023866422224,0.023239214451467337,27,31,0.08581413190162598,0.18985119086746124,True,False,False,2.2035326919218847e-05,COMPLETE
1544,0.44143846035003664,2025-04-12 06:01:13.672699,2025-04-12 06:02:51.682791,0 days 00:01:38.010092,0.0470249687991004,0.18775093361887263,2,0.1782893160354834,0.04651567973953039,0.08433403810716607,0.009626041858469919,0.07798761480953831,0.03543912108607934,0.016484237982698068,24,60,0.08260235389651112,0.16781140353546561,True,False,False,1.5049233052002541e-05,COMPLETE
1545,0.45297821164131163,2025-04-12 06:02:52.185057,2025-04-12 06:04:10.890977,0 days 00:01:18.705920,0.08616292208953635,0.17913578312837042,2,0.16853231785985986,0.056361492073599806,0.07965467957232478,0.0620069451278855,0.08173257097325502,0.08812218874286433,0.002425755336408294,18,36,0.08705717049130574,0.15688439399346318,True,False,False,1.517195067775764e-08,COMPLETE
1546,0.4924311518669129,2025-04-12 06:04:11.393461,2025-04-12 06:05:51.604058,0 days 00:01:40.210597,0.03212060900876482,0.21330806662697666,2,0.18073951673150251,0.14130048188248848,0.08093893214097916,0.059346922945920345,0.07580499126924471,0.03374305142063259,0.03584658172820632,25,41,0.08479160564055994,0.12462848997277849,True,False,False,4.695001453452563e-05,COMPLETE
1547,0.09307204186916351,2025-04-12 06:05:52.129556,2025-04-12 06:06:55.546249,0 days 00:01:03.416693,0.11388294677133469,0.16505057409496077,2,0.1723603478192939,0.03126620620163247,0.06994999469611736,0.0043477602255177555,0.08766201990421375,0.04173407288746866,0.02642397086263368,17,34,0.08844710152266316,0.2142312498629418,True,True,False,3.2220486216161205e-05,COMPLETE
1548,0.4641448318958283,2025-04-12 06:06:56.048602,2025-04-12 06:08:46.414000,0 days 00:01:50.365398,0.06576840579789961,0.19946050478234012,2,0.16583340070322214,0.040650927619153995,0.0770568444996433,0.02361413609503531,0.0792595308083168,0.03774807864435057,0.019919557677738297,28,48,0.09233860189020122,0.0953124337757919,True,False,False,2.646374603358005e-05,COMPLETE
1549,0.4979184627532959,2025-04-12 06:08:46.917520,2025-04-12 06:09:25.372294,0 days 00:00:38.454774,0.13772450476101863,0.23184175001372812,8,0.15198590290008226,0.05193573132285898,0.07354148597663426,0.007692394276043343,0.04024475175412534,0.09001091534871998,0.045074716736388104,26,39,0.08313984989925333,0.19184147427703002,True,False,False,1.966709526364628e-05,COMPLETE
1550,0.30906657576560975,2025-04-12 06:09:25.897971,2025-04-12 06:11:02.717039,0 days 00:01:36.819068,0.0941762147336092,0.12116197227578371,2,0.1611653114831331,0.06032941730528078,0.07543403252357288,0.03862338608099082,0.07449482555525143,0.08655866650351252,0.02957258791634516,24,44,0.09621625678429266,0.17284490953133522,False,False,False,2.3436508495053326e-05,COMPLETE
1551,0.4612510740756989,2025-04-12 06:11:03.221484,2025-04-12 06:12:44.777578,0 days 00:01:41.556094,0.07637213424363778,0.14343305034947296,2,0.18110106585952418,0.046741690467073764,0.08398862775879812,0.011072243261516089,0.08467008524414935,0.040116792218639834,0.00042365183716483934,25,36,0.09034587489371805,0.18571854686861183,True,False,False,1.0952418808156679e-05,COMPLETE
1552,0.47881014347076417,2025-04-12 06:12:45.283635,2025-04-12 06:14:27.764460,0 days 00:01:42.480825,0.12810100530018026,0.16647950114985116,2,0.2514392418736473,0.03659330323793136,0.07899411012891154,0.0013234886833330883,0.07778750124456395,0.0033339551920006424,0.015973370576300425,26,31,0.08674661041932898,0.16289195898340106,True,False,False,4.0141273561252556e-05,COMPLETE
1553,0.42510572671890257,2025-04-12 06:14:28.293357,2025-04-12 06:16:23.052742,0 days 00:01:54.759385,0.7744191282826616,0.24973250537750935,2,0.13994203165057817,0.05443988106936041,0.08203071741238545,0.010249458077330029,0.08218665457636452,0.09953421547746417,0.02255126662980298,29,27,0.055634127638558156,0.21950488551891356,True,False,False,1.89197632934548e-05,COMPLETE
1554,0.49681293964385986,2025-04-12 06:16:23.566225,2025-04-12 06:18:00.197631,0 days 00:01:36.631406,0.05028773844132649,0.1926935712999295,2,0.17225367746670597,0.06383575914645243,0.06799131215702195,0.04180362920121039,0.08002131724155141,0.0010229857087801651,0.03590315519703587,24,40,0.08129993472089919,0.1740285132529033,True,False,False,1.4214693107407375e-05,COMPLETE
1555,0.3956925213336945,2025-04-12 06:18:00.700585,2025-04-12 06:19:40.965951,0 days 00:01:40.265366,0.15213654592780884,0.10375018248583573,2,0.16503816664468293,0.043865761378215615,0.0709621334657585,0.021912226755973475,0.076555897767509,0.036483671827169675,0.028215993362931704,25,44,0.0886963410821035,0.15081943215073867,True,False,False,3.1473197764529154e-05,COMPLETE
1556,0.4160136938095093,2025-04-12 06:19:41.493466,2025-04-12 06:21:32.814626,0 days 00:01:51.321160,0.714953391996585,0.7258860293115466,2,0.10743286121650059,0.04872876347247187,0.07756592907498924,0.006350025555356643,0.0857986457538063,0.08524625105920648,0.018541294927751844,28,51,0.08464418960927259,0.22481862001739347,True,False,False,8.577591477505118e-06,COMPLETE
1557,0.47211011648178103,2025-04-12 06:21:33.326639,2025-04-12 06:23:19.100177,0 days 00:01:45.773538,0.641346903285487,0.224884645771041,2,0.1213659391346199,0.03188638712664042,0.07468321939461305,0.008299045715815734,0.08134937356749772,0.08817705441972203,0.04083436762035837,27,37,0.048758489366504246,0.18420728184267246,True,False,False,2.6042240966954983e-05,COMPLETE
1558,0.4272213697433472,2025-04-12 06:23:19.609247,2025-04-12 06:25:06.555293,0 days 00:01:46.946046,0.10290533356351243,0.15451788034954625,2,0.17716895665137905,0.10364357137811273,0.07254156077119885,0.011306050036991616,0.07385587203009132,0.0492691178780241,0.023312257667951038,27,33,0.09343033219524984,0.23970112920961298,True,False,False,1.756795046341257e-05,COMPLETE
1559,0.34070091843605044,2025-04-12 06:25:07.088285,2025-04-12 06:26:31.480824,0 days 00:01:24.392539,0.08048156908821198,0.1837053352955024,2,0.1470144266675478,0.040257234370804515,0.0588481118253331,0.025312711780915112,0.0834347079413124,0.03871363935499359,0.03401035699813979,24,41,0.08657193599497377,0.16794304374243976,True,False,True,3.721301155656663e-05,COMPLETE
1560,0.3909386932849884,2025-04-12 06:26:31.996828,2025-04-12 06:28:15.038422,0 days 00:01:43.041594,0.028243114361995142,0.895710764066109,2,0.1582106854221193,0.053781068998755455,0.08296675899937266,0.005291335080642226,0.07975249392149837,0.0901787966438466,0.013641792371261336,26,48,0.045713126501672516,0.19269541533222045,True,False,False,1.249048137214064e-05,COMPLETE
1561,0.46982323527336123,2025-04-12 06:28:15.546885,2025-04-12 06:29:32.999959,0 days 00:01:17.453074,0.11391157325582668,0.21167365760391108,2,0.0785229572824321,0.07085631435545099,0.08106208475668397,0.009919125168654981,0.08825295559883281,0.03368936253961266,0.020035412852095584,18,38,0.09108313980663767,0.15929299084063508,True,False,False,2.2198206247276385e-05,COMPLETE
1562,0.4803905725479126,2025-04-12 06:29:33.531765,2025-04-12 06:30:48.107125,0 days 00:01:14.575360,0.05770107878398718,0.1422284531321193,2,0.18146714350575094,0.058634838419872576,0.07819335324984322,0.021835013787806567,0.07774824474439104,0.0850179699571527,0.02712501930039386,17,45,0.08388904017821278,0.17802099274629057,True,False,False,1.5784201511755667e-05,COMPLETE
1563,0.49520467519760136,2025-04-12 06:30:48.619076,2025-04-12 06:32:29.458083,0 days 00:01:40.839007,0.010187384359169799,0.17169769549015063,2,0.1700161442917038,0.04574319860371236,0.08508345807021601,0.03326911282620125,0.07524269473333786,0.005147948905623166,0.016719543308712885,25,35,0.08828612049311672,0.06387320372896153,True,False,False,4.679004941555367e-05,COMPLETE
1564,0.48376235961914066,2025-04-12 06:32:29.977038,2025-04-12 06:34:06.472528,0 days 00:01:36.495490,0.14202142563893277,0.19484382031132966,2,0.175691804533733,0.03555600455693149,0.04276926165455944,0.05702716157140597,0.08153096752760526,0.03219809719959653,0.047052799503458434,24,42,0.08183982860926542,0.16482722303811587,True,False,False,2.7674462648400713e-05,COMPLETE
1565,0.41477678418159486,2025-04-12 06:34:07.003309,2025-04-12 06:35:55.902829,0 days 00:01:48.899520,0.09618466576364998,0.12578079632533176,2,0.16414035609372182,0.05088489508164241,0.018205622994983094,0.007560251215217465,0.08591142893551745,0.04149448871752081,0.03239568592214748,28,29,0.08604438109581612,0.13995854274352068,True,False,False,1.96089801120161e-05,COMPLETE
1566,0.09307204186916351,2025-04-12 06:35:56.417624,2025-04-12 06:37:27.327710,0 days 00:01:30.910086,0.12077693611222068,0.16064616450966474,2,0.15638203866433115,0.07666443845961163,0.07585177439731285,0.011342418745055713,0.08391477516994054,0.04348836430554012,0.024870599533163375,27,39,0.0903787329655434,0.17377986523070452,True,True,False,2.42257664736421e-07,COMPLETE
1567,0.09307204186916351,2025-04-12 06:37:27.839517,2025-04-12 06:39:06.563270,0 days 00:01:38.723753,0.08040823534923405,0.21487199134410184,2,0.0007122845671128086,0.04173477049828544,0.0732105597858263,0.027988057126146156,0.07820378318325305,0.0010418602755655493,0.020783718365371136,25,32,0.0879888175505972,0.2311874557431151,True,False,False,1.1061578562740514e-05,COMPLETE
1568,0.4847851157188416,2025-04-12 06:39:07.096311,2025-04-12 06:39:46.061038,0 days 00:00:38.964727,0.05717297967686416,0.24383125854156143,8,0.13472514155181683,0.06442899266996813,0.08076171874089987,0.004343405210496625,0.07641517332137293,0.035905130821508396,0.04071241175195614,26,43,0.08420543406190129,0.18782962653914537,True,False,False,3.395564726916735e-05,COMPLETE
1569,0.43203262090682987,2025-04-12 06:39:46.573717,2025-04-12 06:41:23.626683,0 days 00:01:37.052966,0.09859554301650915,0.1767409419832356,2,0.18234240424069467,0.04877454806647398,0.07000046230149033,0.009718099719148506,0.08030382365945123,0.09092484232541309,0.013223114271003212,24,36,0.08946682226369106,0.2150604043913894,False,False,False,7.866368208174073e-06,COMPLETE
1570,0.41080321669578557,2025-04-12 06:41:24.139512,2025-04-12 06:42:59.408135,0 days 00:01:35.268623,0.15462400224577935,0.1404691007655681,2,0.14954123005310008,0.03155486266799159,0.07637475880932443,0.023586824043844434,0.08821983957958776,0.08747979540175735,0.016732945178420333,23,48,0.08618520584351703,0.15661084922087942,True,False,False,4.71755353490245e-05,COMPLETE
1571,0.4790164113044739,2025-04-12 06:42:59.945072,2025-04-12 06:44:40.082719,0 days 00:01:40.137647,0.12526290605802023,0.19673177872886496,2,0.1716359451250207,0.057899590790246994,0.09469659211316578,0.020970905006172613,0.054529088856041644,0.010377209553839462,0.030397480321600126,25,41,0.0828391218426761,0.18200076324511846,True,False,False,2.1758024262445755e-05,COMPLETE
1572,0.3408374011516571,2025-04-12 06:44:40.600399,2025-04-12 06:46:30.628842,0 days 00:01:50.028443,0.07854386518369168,0.046496973720484724,2,0.16164303561094262,0.03772677471346082,0.08329681739178839,0.006487043852451035,0.073212039357053,0.03842635724715177,0.049162762215380525,28,45,0.09256820693249053,0.1706983397366208,True,False,False,1.478343652627189e-05,COMPLETE
1573,0.49339045286178596,2025-04-12 06:46:31.139007,2025-04-12 06:48:14.378404,0 days 00:01:43.239397,0.035694330237985225,0.11391026980635593,2,0.1828381826669103,0.043666621872688736,0.07969144944002074,0.012969241512916334,0.08278896135630714,0.08461833429294072,0.02545335221883721,26,38,0.0878936561531008,0.14884262040686602,True,False,False,2.75726955064481e-05,COMPLETE
1574,0.47811809778213504,2025-04-12 06:48:14.912549,2025-04-12 06:49:51.836281,0 days 00:01:36.923732,0.1376958451793991,0.2281505873721874,2,0.16712979836511668,0.051830910744884884,0.0743892531883747,0.03745883921136992,0.07886555276070646,0.05287742303089972,0.03639039231662529,24,36,0.08516924608587963,0.22226987832940834,True,False,False,3.5385258915356434e-05,COMPLETE
1575,0.4462117552757263,2025-04-12 06:49:52.353735,2025-04-12 06:51:23.717632,0 days 00:01:31.363897,0.10675338171179749,0.16021485096359175,2,0.17566892218950353,0.05646193294547142,0.08573072434043634,0.030338435501101792,0.08454081915435635,0.08938273876783517,0.0213911817997677,27,33,0.04295998400971039,0.1639156092840368,True,False,True,1.7639642678853676e-05,COMPLETE
1576,0.4775803327560425,2025-04-12 06:51:24.229368,2025-04-12 06:52:38.372431,0 days 00:01:14.143063,0.056877360610009114,0.20299700458515774,2,0.14687591112977244,0.046853276196688304,0.07827201851581951,0.010772771870752818,0.08120718420296671,0.087479032685372,0.017244794581825623,17,40,0.09094881187905295,0.1938005817892922,True,False,False,1.0361578015171669e-05,COMPLETE
1577,0.42018225193023684,2025-04-12 06:52:38.905120,2025-04-12 06:54:33.525316,0 days 00:01:54.620196,0.08803755426634152,0.07972368927058363,2,0.15592240355033016,0.06603448717228906,0.07583448121809497,0.00846514149035039,0.07521137373302116,0.03437200122671919,0.027960949529414157,29,26,0.08647975165477974,0.18450648500476716,True,False,False,2.2466354689590095e-05,COMPLETE
1578,0.4011753559112549,2025-04-12 06:54:34.039295,2025-04-12 06:56:07.769268,0 days 00:01:33.729973,0.11833275701316709,0.17758726413392129,2,0.1706870067268021,0.02661370587171212,0.0718288164513498,0.01316265036297775,0.08662926183084906,0.013236693928299417,0.001011825286706659,23,43,0.08092906189007183,0.1796757924939303,True,False,False,2.895132616810523e-05,COMPLETE
1579,0.09307204186916351,2025-04-12 06:56:08.283217,2025-04-12 06:58:03.454571,0 days 00:01:55.171354,0.1577296955578953,0.14190622046208917,2,0.1767405315833681,0.0014137219065971495,0.049639570121424295,0.020476714969268263,0.07757666492510613,0.047436901914300236,0.014509452345650611,30,54,0.09423758023163836,0.17320410857685123,True,False,False,4.02988458837196e-05,COMPLETE
1580,0.46693693399429326,2025-04-12 06:58:03.988901,2025-04-12 06:59:41.318974,0 days 00:01:37.330073,0.010518871338063673,0.23312905067853051,2,0.18402413623522684,0.08352725526530105,0.06644795206326606,0.043762513031987665,0.05039988292676871,0.04038487205583668,0.04499844503454652,24,31,0.08937146991339098,0.18829976035055862,True,False,False,1.5318754287793522e-05,COMPLETE
1581,0.4757593631744385,2025-04-12 06:59:41.833306,2025-04-12 07:01:25.226722,0 days 00:01:43.393416,0.0668108704109879,0.2522357208295781,2,0.16246431705323622,0.03924574354288747,0.0935066870962823,0.012014479876163057,0.015866486769188386,0.036664908207566724,0.02024775356122442,26,46,0.05221595332736626,0.16656554646182126,True,False,False,1.273396346323091e-05,COMPLETE
1582,0.3959632158279419,2025-04-12 07:01:25.738470,2025-04-12 07:02:02.092620,0 days 00:00:36.354150,0.13382285185275603,0.18295980568321502,2,0.0358818181238445,0.043861283277832265,0.0828796018934051,0.05125753671312021,0.08932418023528813,0.007943837977578635,0.03282300614203387,5,35,0.08398712782873394,0.038953571306292276,True,False,False,2.420991686657039e-05,COMPLETE
1583,0.4784471988677979,2025-04-12 07:02:02.623494,2025-04-12 07:03:43.491784,0 days 00:01:40.868290,0.10051226948417671,0.21156690097586017,2,0.1529701033998891,0.05271756423502461,0.06917817685576401,0.026242385900229082,0.08231227171126172,0.09092606606414388,0.011814386854795163,25,39,0.09779514575839436,0.15569146727485172,True,False,False,4.5498351836900005e-05,COMPLETE
1584,0.4823050141334534,2025-04-12 07:03:44.008163,2025-04-12 07:05:18.212297,0 days 00:01:34.204134,0.040512454377598525,0.15946959731274427,2,0.18332581219433985,0.0362776966926652,0.07361885737107525,0.0344658433811942,0.07932982416141711,0.03185034018372277,0.023457284425494385,23,42,0.08735565875915845,0.17480938797899548,True,False,False,1.9128934101073628e-05,COMPLETE
1585,0.07856249809265137,2025-04-12 07:05:18.730260,2025-04-12 07:06:25.483590,0 days 00:01:06.753330,0.08031982190181317,0.323534156853755,2,0.06300267717367089,0.1927670622476086,0.07964808192228393,0.0035450442917065476,0.0723019599187999,0.08525330011716413,0.038235139762853795,18,29,0.08213169540300845,0.16244245804448276,True,True,False,3.211924623307291e-05,COMPLETE
1586,0.5045849204063416,2025-04-12 07:06:26.019688,2025-04-12 07:08:02.919905,0 days 00:01:36.900217,0.11009431849835097,0.13378023731404276,2,0.16762440677447105,0.06047877636935992,0.071298410027352,0.0083303064981823,0.0747183569398642,0.03417955855049104,0.02902252088052401,24,34,0.09164587360269617,0.19225869926076442,True,False,False,2.3994035793499564e-05,COMPLETE
1587,0.4597987055778504,2025-04-12 07:08:03.438822,2025-04-12 07:09:42.444351,0 days 00:01:39.005529,0.14550852361515482,0.11252768184319252,2,0.17622371788473162,0.07409483757506757,0.06743835633318035,0.006783653164570172,0.07114966207037723,0.031444118864790274,0.0383043131409953,24,29,0.09544992783817596,0.1940532695513795,True,False,False,2.853952139903563e-05,COMPLETE
1588,0.280711966753006,2025-04-12 07:09:42.981939,2025-04-12 07:11:19.881923,0 days 00:01:36.899984,0.12459913642979033,0.1252883053257578,2,0.1713885454260664,0.06810502710256608,0.06890084719457142,0.008368964152633822,0.07342583574067173,0.03087494023626924,0.04675950894313063,24,31,0.09413189812854075,0.19655565138071934,False,False,False,3.5207312980909876e-05,COMPLETE
1589,0.41083146333694465,2025-04-12 07:11:20.404356,2025-04-12 07:12:58.442188,0 days 00:01:38.037832,0.13734861540205606,0.0995570961763991,2,0.13997351429427618,0.061095661561887914,0.07063036484859606,0.006000601850821247,0.071947519284325,0.03375991106117799,0.03289247583021011,24,25,0.09638584511156174,0.1928759518287138,True,False,False,4.3471943663565344e-05,COMPLETE
1590,0.3194589495658875,2025-04-12 07:12:58.961640,2025-04-12 07:13:37.423081,0 days 00:00:38.461441,0.1171068794754618,0.09745683306739267,8,0.18317469956614557,0.07207675110411756,0.07162219847249969,0.008152471697448344,0.07458399898530435,0.03325089580696539,0.030955928925716372,23,89,0.09357310118286495,0.19807517570738986,True,False,False,2.6134607132990937e-05,COMPLETE
1591,0.47096485495567325,2025-04-12 07:13:37.963756,2025-04-12 07:15:15.239112,0 days 00:01:37.275356,0.15485883579736492,0.11065518377927817,2,0.07251765190531946,0.06943228876913543,0.07022189697607732,0.009961759673932348,0.07382797104312049,0.03144093174943022,0.04033665156953663,24,33,0.09224953443196052,0.1877917813972077,True,False,False,3.753901085574951e-05,COMPLETE
