number,value,datetime_start,datetime_complete,duration,params_alpha-eval,params_alpha-train,params_batch-size,params_eps-eval,params_eps-train,params_lambda-actions-eval,params_lambda-actions-train,params_lambda-frames-eval,params_lambda-frames-train,params_learning-rate,params_n-epochs,params_n-frames,params_radius-gw,params_rho,params_std-feats,params_ub-actions,params_ub-frames,params_weight-decay,state
1530,0.4816210389137268,2025-04-18 18:33:32.566533,2025-04-18 18:34:02.685195,0 days 00:00:30.118662,0.05556704377524179,0.20578042433386862,8,0.15813981703236907,0.09415542898425353,0.07471804368652438,0.03614640421578141,0.01293490968465219,0.06400768615222162,0.02493389857852316,19,41,0.031135703010651928,0.1500722623960842,True,False,True,8.288680520323881e-05,COMPLETE
1531,0.45692299008369447,2025-04-18 18:34:03.173403,2025-04-18 18:34:32.809470,0 days 00:00:29.636067,0.09589943290166855,0.21764393756143063,8,0.14382603939822466,0.07289351216035725,0.06854191979871312,0.024712926881565643,0.006740427013515872,0.07166783007948561,0.032090832843303684,19,37,0.03541855922916321,0.142936267522016,True,False,True,7.588761254196558e-05,COMPLETE
1532,0.3665343940258026,2025-04-18 18:34:33.319996,2025-04-18 18:35:02.637372,0 days 00:00:29.317376,0.027077659378984598,0.1275568641726087,8,0.14923400068630888,0.0837366494352541,0.0719953987652281,0.03166880422811655,0.011604009089577786,0.07208964801296967,0.020414509393394002,18,45,0.03337674267017656,0.13921756851377012,True,False,True,7.115141383071122e-05,COMPLETE
1533,0.39950977563858037,2025-04-18 18:35:03.124879,2025-04-18 18:35:31.960659,0 days 00:00:28.835780,0.058686486454286466,0.1811588039360623,8,0.16510094744588913,0.07947330444648773,0.07335327731788456,0.02796513122479564,0.01755166554931448,0.06638483266404588,0.027754291331960244,17,49,0.030306006246356123,0.13524305776703224,True,False,True,0.00015670293566326398,COMPLETE
1534,0.09935912340879441,2025-04-18 18:35:32.448975,2025-04-18 18:36:02.380069,0 days 00:00:29.931094,0.03749719981351059,0.871271748394066,8,0.13547829256420438,0.0932547058705638,0.07610850459730646,0.033483857037262685,0.009151647783370367,0.06949855595583875,0.015926002868499822,19,40,0.03278128905166548,0.12892557074333413,True,False,True,0.00012115702914965951,COMPLETE
1535,0.49528369903564456,2025-04-18 18:36:02.866233,2025-04-18 18:36:31.839595,0 days 00:00:28.973362,0.08146823332318148,0.2008865085320291,8,0.1546982106795725,0.08905747222148867,0.06822459764250358,0.024657594125797933,0.015145598736881594,0.07477419906874633,0.02868790691138968,18,38,0.0359598089093858,0.15220566249337564,True,False,True,0.00013529187049604819,COMPLETE
1536,0.3902944564819336,2025-04-18 18:36:32.342444,2025-04-18 18:37:01.523576,0 days 00:00:29.181132,0.10233811579368945,0.14867671338080812,8,0.1631347849172179,0.06688788789685539,0.07176770788037797,0.030230512737574558,0.03445453010723079,0.07255955626029618,0.019434634001153517,18,43,0.015887481802172032,0.14445296942871585,True,False,True,9.157792575545706e-05,COMPLETE
1537,0.09930642396211625,2025-04-18 18:37:02.010064,2025-04-18 18:37:29.711018,0 days 00:00:27.700954,0.058411033113111556,0.6807381552747472,8,0.10319235567719455,0.0800162037893019,0.06963770653821148,0.0268984965708083,0.006332513168800578,0.07011622941260538,0.023606791985391014,16,37,0.028840299543601372,0.13437684558236057,True,False,True,6.563980202868123e-05,COMPLETE
1538,0.41265475153923037,2025-04-18 18:37:30.202731,2025-04-18 18:37:58.928354,0 days 00:00:28.725623,0.023949812685194243,0.12348545663405956,8,0.1539882619511581,0.09396261248342339,0.07432509009279718,0.03187190773707532,0.010191086869306802,0.06699952657379464,0.030161169081946854,17,40,0.035566850660861155,0.1555444611550082,True,False,True,0.0001247152926689297,COMPLETE
1539,0.4855242729187012,2025-04-18 18:37:59.433321,2025-04-18 18:38:33.323660,0 days 00:00:33.890339,0.04761218645160999,0.17276654751469223,8,0.1730265376596231,0.0730380580728451,0.0705464244721182,0.03606704620220547,0.013328111939106005,0.07490073353864657,0.03211844546520685,20,36,0.033130029116084876,0.12112605875620941,True,False,False,0.00015579736055900296,COMPLETE
1540,0.4940108895301819,2025-04-18 18:38:33.817181,2025-04-18 18:39:03.814976,0 days 00:00:29.997795,0.08507557430601968,0.22050346425746617,8,0.14717560169699492,0.08711731419399374,0.06793468747590359,0.028947608676492112,0.007768610885746177,0.07779118659063873,0.023951379599991596,19,43,0.026869080818334945,0.14226560094250776,True,False,True,0.00020504073875686157,COMPLETE
1541,0.5156736850738526,2025-04-18 18:39:04.309189,2025-04-18 18:39:35.606592,0 days 00:00:31.297403,0.026086719191533984,0.19296544714003097,8,0.16295109167143243,0.09447781982994215,0.0724607672143431,0.025402429640144244,0.011097907639320784,0.07289775824515378,0.014814026651244221,21,40,0.0320620549537666,0.14912145281340639,True,False,True,7.12777317497696e-05,COMPLETE
1542,0.4912895321846008,2025-04-18 18:39:36.114910,2025-04-18 18:40:07.412204,0 days 00:00:31.297294,0.02657392914301126,0.19649850675769553,8,0.1614231341003396,0.09515266415760776,0.07600945402409351,0.02300790232204126,0.01441953993781696,0.06976565534453887,0.016780051499100074,21,35,0.03028730208379884,0.15183750351097997,True,False,True,6.83358907294121e-05,COMPLETE
1543,0.4878754258155823,2025-04-18 18:40:07.903330,2025-04-18 18:40:41.192457,0 days 00:00:33.289127,0.030078092328909956,0.18802852706393497,8,0.17498376469953972,0.09334560002026311,0.07475441611043819,0.02572612605846111,0.012250053481964777,0.07172095208455007,0.01251270060868004,23,46,0.02456501280846589,0.15609313322080628,True,False,True,8.228494825418757e-05,COMPLETE
1544,0.5023127198219299,2025-04-18 18:40:41.686371,2025-04-18 18:41:12.827848,0 days 00:00:31.141477,0.010289141458560448,0.16475407638329276,8,0.1641299706641484,0.0936966868469147,0.07350428668877221,0.024211586900520023,0.008471335381044243,0.06415359024646629,0.013672092755171594,21,39,0.028223778431298818,0.1494174537963447,True,False,True,7.394803198498007e-05,COMPLETE
1545,0.45797435641288764,2025-04-18 18:41:13.340812,2025-04-18 18:41:44.849164,0 days 00:00:31.508352,0.01255907315066053,0.18789867100399327,8,0.16383240281187747,0.09344195566972319,0.0745151892754406,0.02173178993102453,0.00580962575043918,0.06525819301199857,0.014625774200148722,21,43,0.02784851565016512,0.15217528471575917,True,False,True,7.669971621494493e-05,COMPLETE
1546,0.09307204186916351,2025-04-18 18:41:45.342279,2025-04-18 18:42:16.432702,0 days 00:00:31.090423,0.010333880171966441,0.17355899067693706,8,0.16625376333837524,0.0982739853968197,0.07721030334316324,0.023617745223435415,0.006071914048888593,0.06526108658355073,0.011417599993446204,21,41,0.02388158661934424,0.14820178816999574,True,True,True,6.610385075786726e-05,COMPLETE
1547,0.44161100983619694,2025-04-18 18:42:16.924056,2025-04-18 18:42:48.406943,0 days 00:00:31.482887,0.015058553717398178,0.21292132634672906,8,0.1722238465752221,0.09554841242102963,0.07678930045351522,0.022697114639629277,0.00721241883203043,0.06490024218389662,0.009039223723262206,21,46,0.025009747055035426,0.15581045361778154,True,False,True,5.944108997910089e-05,COMPLETE
1548,0.32205310463905334,2025-04-18 18:42:48.925589,2025-04-18 18:43:20.307780,0 days 00:00:31.382191,0.01273080049739602,0.18838836110063106,8,0.1679769632762776,0.09551851179195361,0.07302955734634589,0.024154113320633552,0.00810410434608185,0.06662880659906552,0.01344521245112332,22,52,0.02825314400861306,0.15186769721366464,False,False,True,9.600620114347853e-05,COMPLETE
1549,0.4841008186340332,2025-04-18 18:43:20.800119,2025-04-18 18:43:52.759943,0 days 00:00:31.959824,0.053569857965158785,0.16675271866697355,8,0.16288967953124817,0.09681945207717294,0.07571126455600218,0.023430466680805558,0.00539765105118415,0.06104139477673317,0.010228056341962572,22,41,0.028492230918629263,0.14791514854593799,True,False,True,6.922918380713943e-05,COMPLETE
1550,0.4713246881961823,2025-04-18 18:43:53.254387,2025-04-18 18:44:25.653652,0 days 00:00:32.399265,0.012926864039065098,0.22147122007830822,8,0.15906834714765875,0.0948739358887973,0.0733889058897794,0.024022747494644583,0.008607841908603777,0.0641001811946231,0.009195322519518049,22,44,0.026179605166790517,0.14467907847802225,True,False,True,8.864882400117858e-05,COMPLETE
1551,0.4874243617057801,2025-04-18 18:44:26.172965,2025-04-18 18:44:57.485453,0 days 00:00:31.312488,0.02981542566194736,0.20536885266953603,8,0.15802496889231593,0.0973292867942072,0.07231419385860455,0.021355237603858216,0.006058659556294024,0.06783928910893605,0.010977071828050727,21,39,0.026680672053102573,0.15710585412443043,True,False,True,6.439244413995572e-05,COMPLETE
1552,0.12614339888095857,2025-04-18 18:44:57.980042,2025-04-18 18:45:29.185066,0 days 00:00:31.205024,0.021377802607877625,0.20237391608765687,8,0.17882688024515808,0.09339349969711956,0.07658028793576846,0.025300076494554027,0.009044063586010544,0.06832370346495588,0.012941254726146418,21,39,0.02189725314806428,0.15877051175777301,True,False,True,7.230236242479036e-05,COMPLETE
1553,0.09200478047132492,2025-04-18 18:45:29.682549,2025-04-18 18:46:01.380774,0 days 00:00:31.698225,0.02563534700503122,0.1688553271793286,8,0.19302161397838652,0.2079563824224508,0.07364002837303123,0.024747406399273524,0.005440180772844815,0.07584498718560513,0.013251769624094543,21,49,0.02765766154729512,0.15013059975628318,True,False,True,9.662525107687743e-05,COMPLETE
1554,0.490975296497345,2025-04-18 18:46:01.871994,2025-04-18 18:46:32.776628,0 days 00:00:30.904634,0.038451822698230366,0.18989804298204258,8,0.16893994616389266,0.09183719157542464,0.07197434284972669,0.022010949717153963,0.0072923159233810545,0.062376037905265413,0.011567046965720444,20,42,0.02930796259858207,0.1470833024466988,True,False,True,6.809053686689123e-05,COMPLETE
1555,0.4199168682098389,2025-04-18 18:46:33.288595,2025-04-18 18:47:04.971911,0 days 00:00:31.683316,0.010404373701385902,0.21999447029110772,8,0.15979659790838127,0.09864618520328199,0.0710381340641273,0.0226916569312844,0.009019345398041197,0.07758544860637227,0.01439868348215101,21,47,0.02393320872316599,0.14595567525199268,True,False,True,6.68399786215364e-05,COMPLETE
1556,0.09796303063631058,2025-04-18 18:47:05.463829,2025-04-18 18:47:36.723871,0 days 00:00:31.260042,0.03222673369349034,0.1655773284696262,8,0.1804864906693867,0.08916654217434145,0.07395984895461044,0.025089866007034594,0.0057725157004772,0.06322918896998785,0.010835711018280715,21,38,0.025512959663404097,0.14163205174587098,True,False,True,0.00010666083297399562,COMPLETE
1557,0.4787399053573609,2025-04-18 18:47:37.219877,2025-04-18 18:48:09.651077,0 days 00:00:32.431200,0.011276101820201744,0.1965288805846335,8,0.1824799561319654,0.09727161025802203,0.07685037361360554,0.020750977063012897,0.010176565839096305,0.06646764876618147,0.008005484769014044,22,43,0.03019051498149208,0.15415977222977195,True,False,True,0.00011168064761689178,COMPLETE
1558,0.4997764348983765,2025-04-18 18:48:10.162267,2025-04-18 18:48:40.617655,0 days 00:00:30.455388,0.038224917762690935,0.21751828652216468,8,0.1742259364859241,0.09227698488364786,0.0711254424310491,0.011934343904464736,0.008344634785777938,0.0734914921995916,0.01398454540297401,20,38,0.028213191310252655,0.14123696593516955,True,False,True,7.819750842137436e-05,COMPLETE
1559,0.4626236915588379,2025-04-18 18:48:41.112028,2025-04-18 18:49:15.526476,0 days 00:00:34.414448,0.0340494401574918,0.17893196561191693,8,0.1696243933371389,0.08878908516385658,0.07437638295250963,0.023553744939148528,0.007592272827434458,0.07693725337222222,0.007576694817882505,20,40,0.03028280829342817,0.15150471179503597,True,False,False,8.70554882572936e-05,COMPLETE
1560,0.4759401917457581,2025-04-18 18:49:16.018358,2025-04-18 18:49:48.222069,0 days 00:00:32.203711,0.011906292316931862,0.22900329320896712,8,0.15730360573385693,0.08799007975977705,0.0697814942101056,0.025861105023396197,0.005240753808047017,0.06843499405676196,0.016505604216129875,22,45,0.030075026213707817,0.15915608534973197,True,False,True,6.0522009258881416e-05,COMPLETE
1561,0.10965786278247834,2025-04-18 18:49:48.737467,2025-04-18 18:50:19.920898,0 days 00:00:31.183431,0.03201079407127819,0.16355373184707034,8,0.16076023481794843,0.09775263407517086,0.07252800210392103,0.02450243298983346,0.011071574847109699,0.07184302229589627,0.010229021562585176,21,35,0.027459076737711308,0.13902336309562907,True,False,True,7.650565023256866e-05,COMPLETE
1562,0.48337664604187014,2025-04-18 18:50:20.417616,2025-04-18 18:50:51.583198,0 days 00:00:31.165582,0.010515733410787181,0.19851469483227605,8,0.1654083413478126,0.09808421724565183,0.07074520227157675,0.02633802275560243,0.011578123627255413,0.07585332157897344,0.017643117532626686,20,41,0.031544983301885404,0.14788412448208307,True,False,True,9.87812291442923e-05,COMPLETE
1563,0.10478678047657014,2025-04-18 18:50:52.079128,2025-04-18 18:51:23.087567,0 days 00:00:31.008439,0.03768846370495396,0.22349746454625627,8,0.1665240735446495,0.09170346099120985,0.07546321363926067,0.021067127996896917,0.009197508154587272,0.07808398754828014,0.012916368288010427,20,37,0.026355026873725824,0.138320277399516,True,False,True,5.934630390481219e-05,COMPLETE
1564,0.479401832818985,2025-04-18 18:51:23.601781,2025-04-18 18:51:55.702727,0 days 00:00:32.100946,0.04440285355669742,0.18326158867445247,8,0.1560819229904876,0.08598470319750222,0.07743836703322976,0.02292116249583837,0.004836699913768219,0.06917842603981729,0.01878484317085756,22,34,0.03160542150809218,0.1443042958160849,True,False,True,7.777696132152451e-05,COMPLETE
1565,0.34959325790405277,2025-04-18 18:51:56.201137,2025-04-18 18:52:26.941021,0 days 00:00:30.739884,0.0448397428183818,0.20105727421580794,8,0.1704663568640822,0.09983998456148781,0.07306952805839564,0.025666636175482115,0.00689351201233034,0.07473133792372752,0.02013862370443805,21,42,0.0296674695134257,0.1534567779236829,False,True,True,0.00010072060438688215,COMPLETE
1566,0.47516731023788455,2025-04-18 18:52:27.461747,2025-04-18 18:52:58.760607,0 days 00:00:31.298860,0.03217850502781017,0.15677224953885202,8,0.16495378020078566,0.09149458964383082,0.06996660212623464,0.02437779556272129,0.016114180529587976,0.07373413772160223,0.013401836424309988,21,38,0.02643607121660788,0.14620601129113164,True,False,True,0.0001070079005934918,COMPLETE
1567,0.09830329716205598,2025-04-18 18:52:59.265989,2025-04-18 18:53:30.446664,0 days 00:00:31.180675,0.04955199672884315,0.1780681215751537,8,0.173851537718547,0.0980559297066943,0.07450300911675373,0.020262447432015093,0.01309265159425487,0.07141986715937478,0.015079766320084205,20,45,0.022052440208029322,0.15841554357852497,True,False,True,6.287304992568875e-05,COMPLETE
1568,0.2661395311355591,2025-04-18 18:53:30.951208,2025-04-18 18:54:03.321688,0 days 00:00:32.370480,0.026489821250076505,0.2289064977366485,8,0.15367351371838972,0.0854228230760176,0.07146759975039152,0.02627364167975866,0.009798113379924658,0.07627890267650621,0.020569900046239955,21,63,0.03139207564926914,0.1334907195686676,True,False,True,0.00011906010260986875,COMPLETE
1569,0.4857664108276367,2025-04-18 18:54:03.841258,2025-04-18 18:54:33.486033,0 days 00:00:29.644775,0.05552172919113551,0.15428931358756312,8,0.15713789962560978,0.09251162512100188,0.07528211148995843,0.02278924961737026,0.025463887434374027,0.07850916063675356,0.016290103732537097,19,37,0.028884749428294727,0.13956560497138026,True,False,True,6.868886635091264e-05,COMPLETE
1570,0.48354027271270755,2025-04-18 18:54:33.991523,2025-04-18 18:55:06.002204,0 days 00:00:32.010681,0.011468945224994604,0.1993331382836604,8,0.16283645489118828,0.10029182096731362,0.07301586384695759,0.018183288548284302,0.004395149022049117,0.03789184163087217,0.02335112489965372,22,34,0.03333882807682111,0.15037507462978197,True,False,True,9.49507511559964e-05,COMPLETE
1571,0.40707833766937257,2025-04-18 18:55:06.504420,2025-04-18 18:55:37.230834,0 days 00:00:30.726414,0.06747656305636118,0.21314507187168183,8,0.16789895329707602,0.08492015448508941,0.07792053565760547,0.05469995974168703,0.007091731090060786,0.011167234666580657,0.025120319368104355,20,40,0.02494758328500607,0.1304698759127668,True,False,True,0.0001180655157321044,COMPLETE
1572,0.4434317827224732,2025-04-18 18:55:37.750948,2025-04-18 18:56:57.645261,0 days 00:01:19.894313,0.06682011830622007,0.18100378771858885,2,0.15029763710007055,0.09469221588330905,0.07069009880172862,0.026154536996146685,0.012210246390308432,0.06418629879043443,0.03199471609339081,22,43,0.03175965129622077,0.14451802017772084,True,False,True,5.89246306843063e-05,COMPLETE
1573,0.469488137960434,2025-04-18 18:56:58.151793,2025-04-18 18:57:28.812405,0 days 00:00:30.660612,0.03949740239719662,0.23074861660125148,8,0.1783755030918855,0.08989896065131299,0.06920867905710312,0.026881535969700974,0.008417914714635023,0.06657950102561841,0.00909054568709308,20,37,0.034010589154071395,0.16033027257591312,True,False,True,0.00018671851968412345,COMPLETE
1574,0.40959067344665534,2025-04-18 18:57:29.310520,2025-04-18 18:58:01.511423,0 days 00:00:32.200903,0.01012292182883142,0.16102686514090314,8,0.16551689638628386,0.10227772019437115,0.07238889157930137,0.023817912041971895,0.010111907885601044,0.061440068508722565,0.019363442036172962,21,48,0.03074384401025755,0.13780235044041422,True,False,True,8.120469275494846e-05,COMPLETE
1575,0.4106515526771546,2025-04-18 18:58:02.029138,2025-04-18 18:58:30.873182,0 days 00:00:28.844044,0.0654314442046056,0.2077972832021944,8,0.15577979664028177,0.08404085344929299,0.06927911612556795,0.02106399477201356,0.004719444197923396,0.0733336966081383,0.010959243303763884,18,34,0.0280618122900744,0.15584846367055522,True,False,True,0.00025363232776675666,COMPLETE
1576,0.5057573318481445,2025-04-18 18:58:31.375426,2025-04-18 18:59:01.675633,0 days 00:00:30.300207,0.03247124371159465,0.1858712106613645,8,0.16048607053718733,0.09629058725708796,0.06727239631789629,0.027826014833309543,0.006876501930909771,0.07052176672185942,0.014330380043117584,19,40,0.03220527444026171,0.148618957383475,True,False,True,0.0001930646180718263,COMPLETE
1577,0.2680759489536286,2025-04-18 18:59:02.179995,2025-04-18 18:59:32.376526,0 days 00:00:30.196531,0.028078518580676944,0.16638520474105117,8,0.17109942155869046,0.08980402719266856,0.0674611967600264,0.024479628349544997,0.004896002963081989,0.06975310163960262,0.01468980507394368,19,47,0.029031438992747412,0.15255703934546733,True,False,True,0.0003377029653139341,COMPLETE
1578,0.4187382280826569,2025-04-18 18:59:32.900583,2025-04-18 19:00:06.125476,0 days 00:00:33.224893,0.03028215312338169,0.14751334470463967,8,0.1610960138839562,0.08317164798756506,0.06574848497043387,0.026964261318681626,0.0038225017312183153,0.0677701589706138,0.009049337626316392,23,43,0.03142217880681514,0.14970980390525723,True,False,True,0.00041516072603323367,COMPLETE
1579,0.45653307437896734,2025-04-18 19:00:06.638043,2025-04-18 19:00:40.411158,0 days 00:00:33.773115,0.046102359817854835,0.18231869206518267,8,0.1531647529378499,0.09391519070131579,0.06693784186391069,0.024387133620402224,0.006413664479531041,0.06988654639269294,0.010973138545562146,19,45,0.03261647598214437,0.14446169507814344,True,False,False,0.0001347258464167919,COMPLETE
1580,0.43186872601509096,2025-04-18 19:00:40.915341,2025-04-18 19:01:55.714843,0 days 00:01:14.799502,0.010404511633064967,0.1499853984371653,2,0.17360477298352112,0.09001404307317526,0.06834612795885259,0.02732028600517531,0.004068873958693416,0.07126006523644669,0.01677323210757747,20,50,0.029920908188610484,0.15410927632342625,True,False,True,0.00020327871041409895,COMPLETE
1581,0.48303543329238896,2025-04-18 19:01:56.245216,2025-04-18 19:02:26.359296,0 days 00:00:30.114080,0.03172902638933033,0.17235949184678562,8,0.16777437146749957,0.08034880936152268,0.06672497241286719,0.022882438143120718,0.006003806117840229,0.06821272182668536,0.012127024796990392,19,41,0.03332016888076441,0.14708642295153607,True,False,True,0.00021933027114941363,COMPLETE
1582,0.41286182999610904,2025-04-18 19:02:26.868828,2025-04-18 19:02:57.918547,0 days 00:00:31.049719,0.048781876831898247,0.18148605944260707,8,0.1610848537634376,0.0972546823676402,0.07586174948960457,0.024803926155520205,0.006520891082781812,0.0728639927668887,0.016075260319479073,19,59,0.030659209715304232,0.14020107096080336,True,False,True,0.00026017815778920343,COMPLETE
1583,0.4935695886611938,2025-04-18 19:02:58.423335,2025-04-18 19:03:28.323929,0 days 00:00:29.900594,0.04278541420881597,0.15018363532991527,8,0.1560913058110893,0.08634424218061174,0.06663303182154547,0.026968422455310163,0.004568548093157779,0.06950775140091611,0.014640141316663415,18,41,0.03219194564552047,0.14925785580522627,True,False,True,0.00018577558939498397,COMPLETE
1584,0.32560828924179075,2025-04-18 19:03:28.866816,2025-04-18 19:03:59.919425,0 days 00:00:31.052609,0.027230916934840612,0.18676354695308264,8,0.28859736586465107,0.09524949080707594,0.07407871633845355,0.05132717436838726,0.007629075328062852,0.07122349039659968,0.012208934624042999,19,39,0.027268832717567037,0.1582216463404074,True,False,True,0.00014299049265065604,COMPLETE
1585,0.1481733947992325,2025-04-18 19:04:00.448509,2025-04-18 19:04:30.837235,0 days 00:00:30.388726,0.0711480967545017,0.16784427013610329,8,0.16358638549080856,0.0786234116450192,0.07140655776805546,0.021747623891469534,0.003690794416366541,0.06676641379121806,0.013138609755199041,20,45,0.033680714600853125,0.14332098994532222,False,True,True,0.0001691643322908264,COMPLETE
1586,0.5017118215560914,2025-04-18 19:04:31.343072,2025-04-18 19:05:00.551348,0 days 00:00:29.208276,0.057766293877643024,0.1968866887162147,8,0.159430153541591,0.08811983370466388,0.06718748706186087,0.0262776338699456,0.0072032945542920244,0.07106412461918094,0.01632887072193531,18,41,0.029418460632593846,0.1500949228317283,True,False,True,0.00029786581306282927,COMPLETE
