number,value,datetime_start,datetime_complete,duration,params_alpha-eval,params_alpha-train,params_batch-size,params_eps-eval,params_eps-train,params_lambda-actions-eval,params_lambda-actions-train,params_lambda-frames-eval,params_lambda-frames-train,params_learning-rate,params_n-epochs,params_n-frames,params_radius-gw,params_rho,params_std-feats,params_ub-actions,params_ub-frames,params_weight-decay,state
1079,0.35415495634078986,2025-04-18 15:18:12.077701,2025-04-18 15:18:32.426527,0 days 00:00:20.348826,0.023439661566672272,0.2530767743215828,16,0.014121627868771474,0.24415653806305876,0.06257040157639289,0.027797619599047627,0.011310007060215295,0.08043535258505377,0.04658559933704245,11,34,0.04136729921008559,0.1426837796850517,True,False,True,1.336724065205756e-05,COMPLETE
1080,0.43319795727729804,2025-04-18 15:18:32.771968,2025-04-18 15:18:53.579429,0 days 00:00:20.807461,0.012584341365852455,0.28997065585631143,16,0.005636362132806086,0.08555859322687931,0.06470500586337523,0.03569747629177979,0.009947973045138066,0.08326210270371874,0.06582891830097097,12,39,0.030331757451667326,0.1494569748182622,True,False,True,1.6662428645805412e-05,COMPLETE
1081,0.46355051994323737,2025-04-18 15:18:53.929596,2025-04-18 15:19:14.206305,0 days 00:00:20.276709,0.039240092518648476,0.23728789268249353,16,0.14821078060140913,0.10063220262878278,0.058691381996413716,0.033050248893512775,0.016198209667637724,0.0788490016225971,0.07998096052495854,11,37,0.04559454838328668,0.13917800392188354,True,False,True,1.137779173425136e-05,COMPLETE
1082,0.44883042573928833,2025-04-18 15:19:14.556374,2025-04-18 15:19:34.788955,0 days 00:00:20.232581,0.019840493822515112,0.24980882078248728,16,0.022762820984473398,0.06341718428551311,0.062066951048492476,0.02455660452417332,0.013336704666606547,0.08141663620649234,0.0002506136840382872,11,34,0.04223402488521425,0.1533444271353194,True,False,True,5.1949863529809785e-05,COMPLETE
1083,0.3546553194522858,2025-04-18 15:19:35.138376,2025-04-18 15:20:03.502840,0 days 00:00:28.364464,0.02629851376843878,0.2715267579904097,8,0.019104511442689764,0.09504910461571518,0.06502676899275853,0.011181724850201465,0.00973091816908989,0.0848448070967637,0.03326655584454267,12,77,0.05192819301076425,0.13148660088150688,True,False,False,1.57277992174618e-05,COMPLETE
1084,0.44092460274696355,2025-04-18 15:20:03.836629,2025-04-18 15:20:24.667606,0 days 00:00:20.830977,0.011168912377366402,0.24042325694076655,16,0.00023609625214697505,0.10136598604088785,0.08133132188619052,0.02975740877621975,0.012160054466019069,0.07931539328604048,0.005685692926669664,12,42,0.037715021642064896,0.14587865926745844,True,False,True,2.0295208537688658e-05,COMPLETE
1085,0.4162623465061188,2025-04-18 15:20:25.013638,2025-04-18 15:20:45.773916,0 days 00:00:20.760278,0.059181150472897806,0.2448324473624264,16,0.011562370772256188,0.08288680106011116,0.05203428103999761,0.031957939692213735,0.00974337872412811,0.08507231722398538,0.04790784759903643,11,46,0.0472127336843936,0.15209863621580733,True,False,True,1.2600345775450415e-05,COMPLETE
1086,0.43715403079986576,2025-04-18 15:20:46.118795,2025-04-18 15:21:06.863050,0 days 00:00:20.744255,0.012931424292644364,0.22251023550904842,16,0.022835579560606188,0.09145320176176328,0.08476461137508415,0.02674638874929787,0.013267689208306194,0.08334799611560811,0.06271123297493224,12,37,0.04090122627103003,0.14263946363392563,True,False,True,2.604058742988457e-05,COMPLETE
1087,0.33717726469039916,2025-04-18 15:21:07.207786,2025-04-18 15:21:27.060184,0 days 00:00:19.852398,0.054839473453538276,0.2880208624720216,16,0.01127188258203654,0.10060819095814177,0.060331916640443926,0.018199918328474517,0.016230719693256526,0.08141559222867958,0.041245305488406936,11,41,0.04419246458949945,0.15719362102752024,False,True,True,1.7441970044512562e-05,COMPLETE
1088,0.46574228405952456,2025-04-18 15:21:27.407750,2025-04-18 15:21:47.981618,0 days 00:00:20.573868,0.04352604273318641,0.23391985717199162,16,0.01778429614575705,0.09409467089903666,0.05778358511578026,0.02893215611618455,0.014660110260399132,0.08572901877891985,0.09972705335754896,12,33,0.033096094910808234,0.13816915771968677,True,False,True,3.440803905731774e-05,COMPLETE
1089,0.4083778202533722,2025-04-18 15:21:48.331288,2025-04-18 15:22:08.855696,0 days 00:00:20.524408,0.04634962668978966,0.26130286551340043,16,0.00698146763930739,0.10401336870422363,0.06290475207086019,0.035070099500938506,0.011080847385957772,0.07869531400976464,0.052626659547322784,11,38,0.03949945678171799,0.1571551522934959,True,False,True,1.081971549915972e-05,COMPLETE
1090,0.24564187526702885,2025-04-18 15:22:09.205038,2025-04-18 15:22:29.791417,0 days 00:00:20.586379,0.038732963001731,0.22612438821621245,16,0.024779629849582065,0.07603999702205663,0.06623757994711255,0.030663097562108076,0.017765688483336255,0.08343178102057483,0.03561046596175553,11,44,0.028812126044516564,0.14706555765406412,True,False,True,2.2372011677227028e-05,COMPLETE
1091,0.42805907726287845,2025-04-18 15:22:30.138517,2025-04-18 15:22:54.825599,0 days 00:00:24.687082,0.01640958804810091,0.040701794328558194,8,0.014950492662448021,0.07034709939834302,0.06113134337705278,0.023027978009801768,0.009499483401563183,0.08437784541950286,0.05826885371140501,12,35,0.03630928512494451,0.1584248019478914,True,False,True,1.894081179014881e-05,COMPLETE
1092,0.4549126982688904,2025-04-18 15:22:55.174533,2025-04-18 15:23:15.732514,0 days 00:00:20.557981,0.04987933180199812,0.06607923051429401,16,0.022574773078133686,0.08878620756498258,0.015806921660314728,0.02531565120523009,0.012438432055752156,0.01644289458214806,0.0764025215947108,12,32,0.09682895164421138,0.15115720308699704,True,False,True,1.4029325625251254e-05,COMPLETE
1093,0.4779065608978271,2025-04-18 15:23:16.083850,2025-04-18 15:23:36.588804,0 days 00:00:20.504954,0.053030479443243884,0.24785796371583946,16,0.0039121476185828875,0.10025242566250431,0.06435980893326455,0.03350464323714985,0.009078068848208545,0.08089768632194372,0.04531238838613336,11,40,0.04268982300713005,0.13691677272904684,True,False,True,2.9319822908926814e-05,COMPLETE
1094,0.46873651742935185,2025-04-18 15:23:36.939960,2025-04-18 15:23:57.546666,0 days 00:00:20.606706,0.07005533200747494,0.22313758391783894,16,0.012100017674274936,0.08163305055042798,0.05417290460681436,0.0273817013463997,0.015057241210391668,0.08645770200733252,0.06493731664149506,12,37,0.034206126496282,0.14854649009437815,True,False,True,4.139134878598369e-05,COMPLETE
1095,0.4272300064563751,2025-04-18 15:23:57.881177,2025-04-18 15:24:19.131151,0 days 00:00:21.249974,0.013430270304986669,0.2661734565441546,16,0.01905711429228805,0.10374926817109416,0.04851345165763493,0.0379023041270615,0.011373006463815536,0.08662744705314951,0.03190625985101823,11,55,0.04851793239546111,0.14309019715713672,True,False,True,1.0802510866252988e-05,COMPLETE
1096,0.34154226183891295,2025-04-18 15:24:19.482732,2025-04-18 15:24:39.869721,0 days 00:00:20.386989,0.04498884528930609,0.213465440110838,16,0.02566254613512814,0.1686515062547618,0.06590590242079145,0.03172884031796178,0.008783179009981552,0.08235953531661816,0.015616085096176756,10,48,0.03814715163133237,0.128453877600127,True,False,True,1.642835605960427e-05,COMPLETE
1097,0.34707003831863403,2025-04-18 15:24:40.217632,2025-04-18 15:25:32.071016,0 days 00:00:51.853384,0.0415712212467499,0.024864594920072897,2,0.006195313636459945,0.09687073794558973,0.05959450875195074,0.03555124890807746,0.013370280302117576,0.07817745477528078,0.050962933601586484,12,51,0.031183087876234153,0.15544666599141893,True,False,True,2.880379439014598e-05,COMPLETE
1098,0.47217050790786746,2025-04-18 15:25:32.417577,2025-04-18 15:25:52.828448,0 days 00:00:20.410871,0.08021065137658456,0.08280822215072858,16,0.025338146615539108,0.0910302124631612,0.07940603322189578,0.029582977045402997,0.010165471231581862,0.08458200791701732,0.040849173455401615,11,42,0.024433410422757942,0.1408506930903447,True,False,True,2.318371174524088e-05,COMPLETE
1099,0.49806344509124756,2025-04-18 15:25:53.180643,2025-04-18 15:26:14.220736,0 days 00:00:21.040093,0.010992899159456204,0.24400920385123437,16,0.01581642734282106,0.10636329844337558,0.056296263605924955,0.03688213751779508,0.008198043474646331,0.05198919507728868,0.08147862169093918,13,31,0.04082911938054409,0.13450735964188418,True,False,True,1.265674370996916e-05,COMPLETE
1100,0.43792905211448674,2025-04-18 15:26:14.570857,2025-04-18 15:26:35.261007,0 days 00:00:20.690150,0.015715939661919042,0.2805242897774598,16,0.014317856234503969,0.09770187974689537,0.058065079008784375,0.03872535688896183,0.007407287282799901,0.04482421354898987,0.08920535404959339,13,29,0.036503135827208745,0.1365272862239911,True,False,True,1.0519297357243363e-05,COMPLETE
1101,0.4939734220504761,2025-04-18 15:26:35.612055,2025-04-18 15:27:01.418931,0 days 00:00:25.806876,0.02346960202332301,0.26427399968116216,8,0.2117393049092157,0.10735352175378124,0.051171138790329494,0.036856207547494566,0.0081184585994699,0.08898059627749799,0.09318336786646313,14,30,0.039312787801870454,0.11788589457315354,True,False,True,1.2997634738210749e-05,COMPLETE
1102,0.4313863515853882,2025-04-18 15:27:01.770271,2025-04-18 15:27:22.781041,0 days 00:00:21.010770,0.030530248301442485,0.29974216663669845,16,0.010294275223530835,0.08652714740396522,0.055093178664815834,0.04040878091439562,0.018446457337727568,0.049004500356910896,0.0714142991009026,13,29,0.03530647412392478,0.12444164940928445,True,False,True,1.0525259862550428e-05,COMPLETE
1103,0.44269605278968815,2025-04-18 15:27:23.138089,2025-04-18 15:27:45.560323,0 days 00:00:22.422234,0.015920209811452007,0.2469675123450302,16,0.016595555214392065,0.10667179954044574,0.053768411310262415,0.037383118388940824,0.011762573165622058,0.05384476502678909,0.08087543451973288,13,27,0.040074976540720744,0.13093467439930248,True,False,False,1.2673436052203647e-05,COMPLETE
1104,0.4057255387306214,2025-04-18 15:27:45.925766,2025-04-18 15:28:07.378418,0 days 00:00:21.452652,0.012356644675925944,0.282061846366599,16,0.02106452717067646,0.07536311802535828,0.0528054674255236,0.0393562640251293,0.007517450028838382,0.046853882464299224,0.08477784405636725,14,32,0.037782691318644035,0.14536784945248693,True,False,True,9.543695651891318e-06,COMPLETE
1105,0.295584785938263,2025-04-18 15:28:07.734353,2025-04-18 15:28:28.932155,0 days 00:00:21.197802,0.013450782249780923,0.2571126070997185,16,0.005561005745118598,0.0941183056906588,0.0879445777558578,0.035863907181112833,0.01465722567881395,0.021576881298790894,0.07833042427658295,13,31,0.032185718629704214,0.1344519088102514,True,False,True,1.3293755400819284e-05,COMPLETE
1106,0.09307204186916351,2025-04-18 15:28:29.290539,2025-04-18 15:28:49.892396,0 days 00:00:20.601857,0.04320947069994924,0.23863033392848065,16,0.0169148564875411,0.10421902830202515,0.05513984677710358,0.03949960829853136,0.010390697441575827,0.038805527645343306,0.06987667070914917,13,20,0.040651259896527306,0.1382261159900648,True,True,True,1.492794876555836e-05,COMPLETE
1107,0.32736098766326904,2025-04-18 15:28:50.230016,2025-04-18 15:29:11.392444,0 days 00:00:21.162428,0.012354239244274659,0.32515790065889716,16,0.010703273293142856,0.08334317491831805,0.0553746229335139,0.021598945547442926,0.09158576015114614,0.055491198921195396,0.09823826400855394,14,26,0.037685589214250685,0.12322948920347077,True,False,True,1.1117124198307385e-05,COMPLETE
1108,0.19766547083854674,2025-04-18 15:29:11.743802,2025-04-18 15:29:30.947246,0 days 00:00:19.203444,0.04054159704405541,0.26074981630982785,16,0.020785159857982242,0.06754474638373738,0.055554685907394194,0.03710825817902233,0.007709318812306066,0.03390578444484117,0.0824545648409081,10,33,0.03494070896111944,0.11209601882730846,False,False,True,0.00019201868542905915,COMPLETE
1109,0.4370038449764252,2025-04-18 15:29:31.299010,2025-04-18 15:29:58.157014,0 days 00:00:26.858004,0.03326402115209339,0.24307960767858336,8,0.004691438782878289,0.097637630678951,0.05586052961647187,0.02441919030831095,0.012937352512575339,0.05120887310288722,0.0691614716571726,15,34,0.04084080912469252,0.1378821565979488,True,False,True,9.862976139716617e-06,COMPLETE
1110,0.4546434223651886,2025-04-18 15:29:58.512040,2025-04-18 15:30:19.261225,0 days 00:00:20.749185,0.06409268503732307,0.2811490649944104,16,0.010153944598812123,0.11011946888620537,0.05392656508833726,0.04052134098772104,0.00842519460523472,0.02609008841677563,0.07726080001537891,13,30,0.04529343683599398,0.1302435808873122,True,False,True,1.6105763505370705e-05,COMPLETE
1111,0.4320027828216553,2025-04-18 15:30:19.616100,2025-04-18 15:30:40.409914,0 days 00:00:20.793814,0.011193122673407385,0.22410834727352577,16,0.024254400426973098,0.0899498341436332,0.05732711750821376,0.0272753429541575,0.011158867908155219,0.009711708841948136,0.09999545521326896,13,31,0.03923227173303226,0.12948027346516514,True,False,True,1.22942083956306e-05,COMPLETE
1112,0.4406771063804627,2025-04-18 15:30:40.765775,2025-04-18 15:31:00.702450,0 days 00:00:19.936675,0.06245614524852549,0.2609635879975642,16,0.016725605999382172,0.10284480750289857,0.08057409155041909,0.013116896534103797,0.033433434972158976,0.052316056945414156,0.06364740764139244,11,25,0.04352704188818303,0.1415610431262647,True,False,True,1.690835347557116e-05,COMPLETE
1113,0.43305059075355534,2025-04-18 15:31:01.057230,2025-04-18 15:31:21.044117,0 days 00:00:19.986887,0.053623732045888606,0.04920491907530486,16,0.026725404858802954,0.10884775149576914,0.05287768167931635,0.037037640673200076,0.01573446348552893,0.0934664026032356,0.06046540293924704,10,35,0.03658063509020663,0.1465607730199665,True,False,True,1.4411779478209724e-05,COMPLETE
1114,0.37660577297210696,2025-04-18 15:31:21.399221,2025-04-18 15:31:42.654908,0 days 00:00:21.255687,0.011227364066814328,0.23332116011128096,16,0.013606637220142659,0.09877740118099913,0.050939539513786734,0.02543322704459654,0.006753182540613306,0.0906360910560131,0.07458540134367794,14,28,0.03379766835699676,0.13420221530889392,True,False,True,9.258335472856514e-06,COMPLETE
1115,0.3621042013168335,2025-04-18 15:31:43.008989,2025-04-18 15:32:03.674305,0 days 00:00:20.665316,0.03839293781532348,0.08338388775804491,16,0.02146212941195241,0.19141208993034897,0.05700070671683018,0.02251335637648389,0.01960890481732623,0.01916293537695852,0.06028545850360572,12,33,0.0413747853311283,0.1543609698735494,True,False,True,1.802358304464728e-05,COMPLETE
1116,0.3212673008441925,2025-04-18 15:32:04.034527,2025-04-18 15:32:25.184437,0 days 00:00:21.149910,0.059580803575073095,0.255298542886891,16,0.003593020257217869,0.08322997498090581,0.08490561285779351,0.034758458949655395,0.01005415199069502,0.02329867630916821,0.010727029542562294,13,34,0.03840367583701302,0.029581806457904578,True,False,True,1.299723488722828e-05,COMPLETE
1117,0.4924885988235474,2025-04-18 15:32:25.540388,2025-04-18 15:32:45.895479,0 days 00:00:20.355091,0.08070801650679749,0.30239192568528533,16,0.027575070836089503,0.09117909289962448,0.06754558450609907,0.018592819910933516,0.0837889227368646,0.09672324634766286,0.056911189494130876,11,36,0.02868084204673721,0.14664847787847018,True,False,True,2.0468101879108863e-05,COMPLETE
1118,0.4550566136837006,2025-04-18 15:32:46.256873,2025-04-18 15:33:10.940720,0 days 00:00:24.683847,0.04194368295805661,0.07168962618277674,8,0.012160082710175525,0.10575462560665691,0.08240854391292354,0.028154941654379182,0.029155671186974298,0.08875381297477974,0.08361334421502217,12,31,0.04611282818989093,0.16232228763647968,True,False,True,1.6153843404755208e-05,COMPLETE
1119,0.26011385917663576,2025-04-18 15:33:11.300213,2025-04-18 15:33:31.994049,0 days 00:00:20.693836,0.03621047868191785,0.2297251408591646,16,0.016662657822408385,0.05452414670034711,0.05762584938953444,0.025119264829948286,0.012704887793936174,0.07646630644481767,0.07206447103594664,12,36,0.03481259007674098,0.16057062333387867,True,False,True,1.1785636943066098e-05,COMPLETE
1120,0.4174538373947144,2025-04-18 15:33:32.355993,2025-04-18 15:34:48.855557,0 days 00:01:16.499564,0.02793624988200928,0.2789486366888982,2,0.020082576822057795,0.07812737132287248,0.0532027587572271,0.034169431699011356,0.007278645296796506,0.04220939036640167,0.057244053955569224,21,23,0.04378770384225266,0.15161216876353678,True,False,True,8.986644996567051e-06,COMPLETE
1121,0.3111901879310608,2025-04-18 15:34:49.216358,2025-04-18 15:35:10.828159,0 days 00:00:21.611801,0.031888183248645646,0.2182506288219987,16,0.010975597161199425,0.09441043094986529,0.056323328945522,0.03014281358652546,0.01692314494080417,0.06078537590109382,0.08579141088442258,11,29,0.03182510650000087,0.1259150027022973,True,False,False,2.0123700103224e-05,COMPLETE
1122,0.4365374445915222,2025-04-18 15:35:11.192115,2025-04-18 15:35:31.050350,0 days 00:00:19.858235,0.0568699867239877,0.0573667588841948,16,0.028767801233782,0.10128992341618628,0.05956029664286499,0.020584003218374385,0.014264283903364473,0.028584003360125565,0.05184719429309183,10,38,0.036795903390009765,0.14274764731782488,True,False,True,1.4654098162236437e-05,COMPLETE
1123,0.46176929473876954,2025-04-18 15:35:31.396216,2025-04-18 15:35:52.284542,0 days 00:00:20.888326,0.0748028062856747,0.1045169858398334,16,0.0055846425882506955,0.106479199185803,0.05025087794430694,0.037985854627348756,0.009334217693402359,0.05753450128627069,0.07030118362909445,13,33,0.03958319156902222,0.13259504418452134,True,False,True,1.089912627174528e-05,COMPLETE
1124,0.28202195763587956,2025-04-18 15:35:52.642324,2025-04-18 15:36:15.674672,0 days 00:00:23.032348,0.06100279675412125,0.23013825735874166,16,0.023769233047888347,0.10999478017350688,0.06673863729925128,0.028579368843818127,0.011574113994431466,0.09240512895744947,0.06495773931117774,20,35,0.04152662660191389,0.1602680410054054,False,False,True,1.7669319910214933e-05,COMPLETE
1125,0.350531953573227,2025-04-18 15:36:16.035571,2025-04-18 15:36:36.540798,0 days 00:00:20.505227,0.08633340876586573,0.25240093886457343,16,0.017669659135461615,0.09840268425253737,0.06793310791170587,0.026471516088816694,0.008394789608716166,0.030805448187476346,0.05106199738366218,12,27,0.03833997463544131,0.15315026679934324,True,True,True,8.515520134029169e-06,COMPLETE
1126,0.4087357699871063,2025-04-18 15:36:36.896610,2025-04-18 15:36:57.064281,0 days 00:00:20.167671,0.03441850195068309,0.21743163332603088,16,0.026791960013697352,0.08997527000917432,0.06441820853657246,0.02290111573147307,0.00676453301051656,0.01392566189835074,0.04804061573539231,11,38,0.04805751337140267,0.14629810043654506,True,False,True,2.1887753064199106e-05,COMPLETE
1127,0.4860340356826782,2025-04-18 15:36:57.420996,2025-04-18 15:37:23.462973,0 days 00:00:26.041977,0.08609507656600975,0.2426011899137139,8,0.00036906958808083194,0.07253295161541093,0.08264286429589972,0.036322287136389346,0.010324159590597704,0.08789580449131176,0.06110189872396115,14,31,0.042943947513069125,0.13942092647447366,True,False,True,1.474731114568394e-05,COMPLETE
1128,0.40883899927139283,2025-04-18 15:37:23.824568,2025-04-18 15:37:44.861817,0 days 00:00:21.037249,0.4122699723407122,0.07118127923039783,16,0.009057010501977766,0.0817216713859227,0.07885314752824234,0.03187263823382984,0.014274250062677752,0.09471313355557853,0.07926319968363857,13,36,0.03562558142219862,0.1615802349489305,True,False,True,1.2352813789625639e-05,COMPLETE
1129,0.44640831947326665,2025-04-18 15:37:45.219096,2025-04-18 15:38:04.819619,0 days 00:00:19.600523,0.05703494388856611,0.2954958163615893,16,0.015426695701487502,0.1008824743565512,0.06882158205923826,0.034266983755221955,0.006158491852550992,0.0905086496556922,0.05453120526047469,10,33,0.050193893751832086,0.1335778717931533,True,False,True,1.9468985191419453e-05,COMPLETE
1130,0.45839851498603823,2025-04-18 15:38:05.179149,2025-04-18 15:38:25.637960,0 days 00:00:20.458811,0.02802954179989181,0.09369613555573698,16,0.02733794269889845,0.1103732046750535,0.06501193545271917,0.02763199486236765,0.01149499403650375,0.09696658287037892,0.04611282156540352,11,39,0.033571663756228276,0.14468825111269334,True,False,True,5.357768255565241e-07,COMPLETE
1131,0.44724623560905463,2025-04-18 15:38:25.998153,2025-04-18 15:38:46.726270,0 days 00:00:20.728117,0.0717046385297862,0.21217901599439962,16,0.019044457298560157,0.09591218251696187,0.0626991844225991,0.030365952938720037,0.0055810495538157305,0.035454540642920196,0.09996575359603078,12,36,0.04087408706600327,0.14834202676566866,True,False,True,2.3752115827193437e-05,COMPLETE
1132,0.47038317918777467,2025-04-18 15:38:47.084805,2025-04-18 15:39:10.903229,0 days 00:00:23.818424,0.09693376210330812,0.26303535121521193,16,0.00843619168118534,0.08718278148720406,0.05922642933546321,0.024161232494682314,0.008853381265454947,0.09310053408437229,0.06613149959323054,19,43,0.04496526930247282,0.15195315896566955,True,False,True,1.0143728124465153e-05,COMPLETE
1133,0.4664253354072571,2025-04-18 15:39:11.273394,2025-04-18 15:39:31.670761,0 days 00:00:20.397367,0.04871431343625093,0.24611955270382005,16,0.022369578259653897,0.1054261112772433,0.06759732956983143,0.032640324767186826,0.01351964318772358,0.08776018643075496,0.05418122452847519,12,31,0.03713720560559902,0.12663362116794286,True,False,True,1.6376600930654617e-05,COMPLETE
1134,0.46022577881813054,2025-04-18 15:39:32.031952,2025-04-18 15:39:52.532479,0 days 00:00:20.500527,0.09580420931717278,0.0587511927352767,16,0.029779855324709757,0.0940356472133125,0.05695382177965884,0.0290257212582289,0.016835959873693646,0.09160416358561085,0.08416783247066308,11,39,0.03935718589963043,0.15930099750706325,True,False,True,1.4194205032767982e-05,COMPLETE
