number,value,datetime_start,datetime_complete,duration,params_alpha-eval,params_alpha-train,params_batch-size,params_eps-eval,params_eps-train,params_lambda-actions-eval,params_lambda-actions-train,params_lambda-frames-eval,params_lambda-frames-train,params_learning-rate,params_n-epochs,params_n-frames,params_radius-gw,params_rho,params_std-feats,params_ub-actions,params_ub-frames,params_weight-decay,state
1812,0.367666232585907,2025-04-18 21:23:03.378583,2025-04-18 21:23:33.522338,0 days 00:00:30.143755,0.02630315811764746,0.11023209689783953,8,0.008933266786362169,0.06970680404023653,0.06142727866147471,0.024674341333127063,0.0042061025256755384,0.029377271248561203,0.027252070025315517,19,43,0.023666450835938987,0.168255716783516,True,True,True,0.00016774771209724293,COMPLETE
1813,0.34838831424713135,2025-04-18 21:23:34.099312,2025-04-18 21:24:05.048614,0 days 00:00:30.949302,0.0665474903803537,0.9954423511301311,8,0.0004424317696056848,0.2743039789333742,0.0686012863076973,0.01975449475590785,0.010064347240111314,0.031966277593850845,0.020829616688764537,20,42,0.02697252784335105,0.16117584656690728,True,False,True,0.00022648942905171296,COMPLETE
1814,0.4585455477237702,2025-04-18 21:24:05.648399,2025-04-18 21:24:39.137364,0 days 00:00:33.488965,0.04614270120983421,0.1458513561804956,8,0.010340589759822914,0.08595313318224049,0.06347491385772676,0.021732579335463027,0.0063664303299007215,0.034336192646932995,0.018537661540310477,19,46,0.028352531370837295,0.15957885643738973,True,False,False,0.0002737697147739077,COMPLETE
1815,0.27998740673065187,2025-04-18 21:24:39.724407,2025-04-18 21:25:10.667617,0 days 00:00:30.943210,0.06461343016909064,0.1235426002991221,8,0.005344768217442744,0.09591522926015483,0.07416953821586639,0.017697796654003735,0.008302080248894245,0.023255432692889703,0.0001075566877443541,20,41,0.025366951506147303,0.156263621088284,True,False,True,0.00022913993291866854,COMPLETE
1816,0.35151473283767704,2025-04-18 21:25:11.248851,2025-04-18 21:25:42.617233,0 days 00:00:31.368382,0.0284533402526577,0.09731400167065468,8,0.00856225648927299,0.04976776651836722,0.06682387510456407,0.026104304254384692,0.0025611317126801,0.04170260264208875,0.02665921616762742,20,60,0.028350162783021007,0.16530206225880176,True,False,True,0.00014289136932506995,COMPLETE
1817,0.38207314610481263,2025-04-18 21:25:43.214322,2025-04-18 21:26:17.382058,0 days 00:00:34.167736,0.07895299380336003,0.14507663972982948,8,0.011504057250184656,0.10441315002797272,0.07041231515534259,0.024882127107581992,0.005533272487424867,0.028079958802391787,0.016391899197374528,26,10,0.02942792241713043,0.16814648335984975,True,False,True,0.0001728102132918095,COMPLETE
1818,0.4663475751876831,2025-04-18 21:26:17.981747,2025-04-18 21:26:48.126817,0 days 00:00:30.145070,0.054752575620401304,0.11684019021552094,8,0.006645129234690111,0.08030822442679951,0.06469462533919268,0.021904356298806403,0.010735702321454689,0.029818723052784848,0.024560763901349873,19,44,0.027728319553197277,0.2016968513226316,True,False,True,0.00032934472877411253,COMPLETE
1819,0.32981173992156987,2025-04-18 21:26:48.707592,2025-04-18 21:27:19.208822,0 days 00:00:30.501230,0.010328064218096565,0.15074410571908092,8,0.0003256457622950143,0.09277278707750491,0.07316851309260776,0.024643260420228068,0.00825919655698876,0.02713455083171678,0.021477213094802296,20,40,0.029608680879132657,0.15460661093869274,True,False,True,0.00021090704897818298,COMPLETE
1820,0.47317923307418824,2025-04-18 21:27:19.812696,2025-04-18 21:27:55.547686,0 days 00:00:35.734990,0.09108487778574872,0.13792421215229528,8,0.10442286517929505,0.07244712130179011,0.060496491673423705,0.00587658314240512,0.004596986237127093,0.0275387382997956,0.015708475097713878,21,50,0.024616984746084255,0.20951105538747494,True,False,False,0.00014518692459231694,COMPLETE
1821,0.3321586728096009,2025-04-18 21:27:56.129563,2025-04-18 21:28:27.727997,0 days 00:00:31.598434,0.04229993594153068,0.10084773327394966,8,0.011178707376618552,0.2014781517878167,0.0693882134838483,0.02601309136448533,0.001177173161506103,0.044311899736968224,0.008733344288475038,21,45,0.030132924555538117,0.17154768852411914,True,False,True,0.00012445877366101463,COMPLETE
1822,0.2814816296100617,2025-04-18 21:28:28.336744,2025-04-18 21:28:58.895375,0 days 00:00:30.558631,0.07004709342391077,0.15785140781933704,8,0.011857455685688655,0.0877333516499376,0.07199004485697584,0.02302928506537986,0.006635852953573695,0.023073989193711023,0.028593483908528314,20,41,0.02720591537321094,0.15968020748525374,True,False,True,0.000277127258204578,COMPLETE
1823,0.32865262627601627,2025-04-18 21:28:59.479510,2025-04-18 21:29:31.157645,0 days 00:00:31.678135,0.010888840053914352,0.1244446320110722,8,0.011722164715435711,0.061850846329954606,0.07567048845301945,0.02401935565041572,0.010320211783876368,0.031004121254684484,0.018536431480981753,21,43,0.03050022936779502,0.15555209265635545,True,False,True,0.00019465990532902021,COMPLETE
1824,0.47126598954200744,2025-04-18 21:29:31.752941,2025-04-18 21:30:01.960190,0 days 00:00:30.207249,0.0418159727842193,0.10365210881898596,8,0.005921354821712496,0.1006838757092228,0.06715502072121796,0.02037759158452839,0.008327091124642033,0.040396404228992724,0.014492302581622554,19,40,0.028468372159564763,0.20081514048531898,True,False,True,0.00035502948381101434,COMPLETE
1825,0.14527958631515503,2025-04-18 21:30:02.568405,2025-04-18 21:30:35.986003,0 days 00:00:33.417598,0.030570577047139315,0.15964412318088594,8,0.00029795339028831046,0.07896411132713806,0.0637248273881582,0.026458233234244916,0.003999395849214604,0.046407124017471976,0.012194188268545828,20,39,0.03105594018336632,0.12546740697029254,True,False,False,0.00027607828297518167,COMPLETE
1826,0.4174577295780182,2025-04-18 21:30:36.594960,2025-04-18 21:31:06.697165,0 days 00:00:30.102205,0.0922488222878083,0.14457784299682147,8,0.004740127301182881,0.0857054941141325,0.0615478685998487,0.025869135694264894,0.006109518583501316,0.03898455084269013,0.022723727813594087,19,45,0.029590048062559694,0.2137133633891149,True,False,True,0.00018613730001939484,COMPLETE
1827,0.4204497396945953,2025-04-18 21:31:07.288053,2025-04-18 21:31:38.950411,0 days 00:00:31.662358,0.0700555691392046,0.09556359361141735,8,0.011213088467246049,0.09612585417115407,0.0579644225844873,0.02202118454084136,0.0025772627753825475,0.03301342749113978,0.029845513258641834,21,48,0.02689917743769394,0.1502768698446501,True,False,True,0.0004145710303811323,COMPLETE
1828,0.4579828441143036,2025-04-18 21:31:39.535752,2025-04-18 21:32:10.114718,0 days 00:00:30.578966,0.06002924122613855,0.1690050602729427,8,0.0002561518801452268,0.09028470943210312,0.06557342814770756,0.02387068981974647,0.00844646579881019,0.0343691776887313,0.0018894583520444267,20,39,0.032381935773729456,0.16929042536311126,True,False,True,0.0002365461707228455,COMPLETE
1829,0.4858295440673828,2025-04-18 21:32:10.717952,2025-04-18 21:32:42.382283,0 days 00:00:31.664331,0.029282803227841242,0.13098346877226213,8,0.008554488883310072,0.1061379009461301,0.07049771240846542,0.018911655669190376,0.027455517070301055,0.02408514865084735,0.01721026190392709,21,42,0.031594334173543216,0.15181544886390036,True,False,True,0.00012345015996466317,COMPLETE
1830,0.09307204186916351,2025-04-18 21:32:42.995633,2025-04-18 21:33:14.044447,0 days 00:00:31.048814,0.09472983817894184,0.15333214767052658,8,0.15926498405898581,0.05393278573425012,0.07242121667533351,0.027276730962743002,0.004798827269985619,0.0260573177155461,0.01946952209494273,22,38,0.025491062915385575,0.20186142463744525,False,True,False,0.00034016182381272784,COMPLETE
1831,0.2846803843975067,2025-04-18 21:33:14.637399,2025-04-18 21:33:45.477334,0 days 00:00:30.839935,0.05475449740305015,0.12184444026833602,8,0.1773418087926719,0.07536617977251667,0.0780248846104166,0.00876963578470423,0.010965120130687386,0.03823311416894372,0.024998312466781053,20,43,0.030281183275078585,0.15700333706942565,True,False,True,0.00016458803490202557,COMPLETE
1832,0.4307673037052155,2025-04-18 21:33:46.086340,2025-04-18 21:34:15.972681,0 days 00:00:29.886341,0.0733149561672768,0.16349965593033297,8,0.1685318826266422,0.06752701769216676,0.0680812390438117,0.022071111604315328,0.006625509412174306,0.020624305328553666,0.033791176439335296,19,37,0.028210555565521704,0.14773054141606565,True,False,True,0.00024236449070230514,COMPLETE
1833,0.3538011133670807,2025-04-18 21:34:16.558992,2025-04-18 21:34:48.371489,0 days 00:00:31.812497,0.028483521719151365,0.09949802987711713,8,0.014695257534498227,0.10009156472458604,0.062444642087577294,0.02603106441295607,0.009260263310893777,0.03467551773900679,0.013709895665485045,21,41,0.032033595808553354,0.16368082820268567,True,False,True,0.00030581078068172874,COMPLETE
1834,0.4082847654819489,2025-04-18 21:34:49.000319,2025-04-18 21:35:20.048223,0 days 00:00:31.047904,0.10296716381214553,0.17322465895471253,8,0.11470926271695328,0.08281224269823506,0.07451214274077103,0.01615193399357367,0.0028878839414624097,0.036847597105404625,0.02194598558903273,20,46,0.03075973635765049,0.20804005658452152,True,False,True,0.0005360981390178245,COMPLETE
1835,0.4868327975273133,2025-04-18 21:35:20.633944,2025-04-18 21:35:55.967610,0 days 00:00:35.333666,0.050943369973706146,0.1417569042201409,8,0.1488329686088457,0.09329910795066904,0.059701186074567085,0.02439364043746939,0.007175613713174689,0.03197201946173691,0.0160258729818024,21,38,0.028975309164605435,0.1441333024456031,True,False,False,0.00019336005247512397,COMPLETE
1836,0.441000109910965,2025-04-18 21:35:56.575358,2025-04-18 21:36:29.164690,0 days 00:00:32.589332,0.07858677316137687,0.1166071391501961,8,0.00680692290168615,0.1060312021177857,0.0554288033320338,0.058898067139577265,0.00446799476342496,0.035145328317571625,0.010228691453900292,22,42,0.0331029275530391,0.21931401546366727,True,False,True,0.0001380867723200236,COMPLETE
1837,0.3873407244682312,2025-04-18 21:36:29.749928,2025-04-18 21:37:01.477541,0 days 00:00:31.727613,0.11603520467134222,0.1690289048614128,8,0.00023936182639635976,0.06146016788052294,0.06489781117466246,0.0280806735975913,0.010849516873101355,0.043471128901822434,0.04522934768329362,21,37,0.02391215554994767,0.19961524217976306,True,False,True,0.0003031456312269358,COMPLETE
1838,0.4624854624271393,2025-04-18 21:37:02.088233,2025-04-18 21:37:32.186139,0 days 00:00:30.097906,0.04400036371791019,0.14106818521602843,8,0.20095344875154764,0.08962496112608291,0.068870437977067,0.02010626390655243,0.006066912035325226,0.037269004812486725,0.025661637917443907,19,44,0.027944862024600014,0.13375185147065874,True,False,True,0.0001125300192509025,COMPLETE
1839,0.2406981110572815,2025-04-18 21:37:32.771148,2025-04-18 21:38:06.211878,0 days 00:00:33.440730,0.13513686319170543,0.17161841027233718,8,0.1560630791931631,0.10030762447763676,0.04845794658228755,0.025214111440453043,0.02420494481115014,0.02637223911349454,0.012909188375426794,20,93,0.032198976209504786,0.16236393802175003,True,False,True,8.614221198500701e-05,COMPLETE
1840,0.4540890395641327,2025-04-18 21:38:06.814251,2025-04-18 21:38:38.956733,0 days 00:00:32.142482,0.028032428469213916,0.18538413208934607,8,0.014116973849772965,0.08222405769290167,0.07624775352720166,0.02277954149866034,0.008775685525362946,0.03283716837382287,0.033894618237628675,18,40,0.03041562563974036,0.23107112266053048,True,False,False,0.00022940777427996005,COMPLETE
1841,0.4120831012725831,2025-04-18 21:38:39.573220,2025-04-18 21:39:10.367663,0 days 00:00:30.794443,0.08667468760025979,0.12885365217155675,8,0.1643408446806304,0.07337236976511723,0.071830529813668,0.0276460737626974,0.0011867583252654847,0.07901880936342415,0.018105093235066354,20,36,0.026132214935140945,0.1490948104580285,True,False,True,0.00015962633943405986,COMPLETE
1842,0.4107911705970765,2025-04-18 21:39:10.960708,2025-04-18 21:39:43.723669,0 days 00:00:32.762961,0.06063427262175518,0.16105980758877614,8,0.006894575372578969,0.09525444331147731,0.0671158081636808,0.0183834281638914,0.003921882510792553,0.04251966049951957,0.0316900909134506,22,48,0.03352972635557294,0.15522163842967954,True,False,True,0.00037568261220529813,COMPLETE
1843,0.36707074046134947,2025-04-18 21:39:44.340088,2025-04-18 21:40:15.947280,0 days 00:00:31.607192,0.041398607654243025,0.09124944022694763,8,0.2149080587704813,0.06702078888093184,0.06238254336248361,0.023915376208503748,0.007357184250381556,0.07275058895992596,0.04514023579383926,21,51,0.02918154692770562,0.14227133036478967,True,False,True,0.00027948938480113606,COMPLETE
1844,0.30393168330192566,2025-04-18 21:40:16.536781,2025-04-18 21:40:47.064140,0 days 00:00:30.527359,0.6758775273293676,0.24975788157755124,8,0.17002235589684603,0.10614368540858067,0.0700002704655318,0.014226211174533165,0.010705495319004934,0.029456006550635076,0.011119450116240616,20,40,0.03431746063155953,0.20697081965684067,True,False,True,0.00042118741912861685,COMPLETE
1845,0.45702991485595706,2025-04-18 21:40:47.677158,2025-04-18 21:41:20.747678,0 days 00:00:33.070520,0.01205592444953938,0.18432826004926994,8,0.013765221686171123,0.09114985124026533,0.05272294515677501,0.027720424033327817,0.005437326000103212,0.05821415172435559,0.019911811309407074,19,43,0.032203296793000526,0.1997985580029958,True,False,False,7.041478349417359e-05,COMPLETE
1846,0.4870452284812927,2025-04-18 21:41:21.343514,2025-04-18 21:41:52.394034,0 days 00:00:31.050520,0.09394097952882749,0.14946933009192534,8,0.15218613917054413,0.08003262512696976,0.07327275145061604,0.02169305980011112,0.0010153507514772588,0.08169181681040724,0.017001781583482374,21,36,0.03122402207719472,0.13833728423653618,True,False,True,0.0006935400467657446,COMPLETE
1847,0.42169364094734196,2025-04-18 21:41:53.006069,2025-04-18 21:43:02.215095,0 days 00:01:09.209026,0.0700042797709228,0.11386424649196576,2,0.159465807006126,0.0978261818999979,0.06393235370255536,0.025608497301255567,0.008772825369215687,0.07614087519132769,0.014027260931042755,18,64,0.03434447593285759,0.1510133033795829,True,False,True,0.0005100518880181954,COMPLETE
1848,0.2867081582546234,2025-04-18 21:43:02.818676,2025-04-18 21:43:30.340643,0 days 00:00:27.521967,0.1173904627380469,0.2008652140061847,8,0.19432028498816137,0.01943440131607288,0.0659479500296285,0.029134884399494243,0.003567630771575995,0.06974881846156163,0.026130396992036488,16,39,0.028408738087113816,0.1259583072507829,True,False,True,0.0001871143974510799,COMPLETE
1849,0.3065577924251557,2025-04-18 21:43:30.946562,2025-04-18 21:44:02.713221,0 days 00:00:31.766659,0.026883383422892995,0.22689314275148592,8,0.13995634767005144,0.08644958807553599,0.05850677307645513,0.0266292828421788,0.09679280396567377,0.06063022936436987,0.039695205774537765,22,44,0.03055807515059237,0.21389735810743737,False,True,True,0.00010775806017745061,COMPLETE
1850,0.4130723595619202,2025-04-18 21:44:03.309074,2025-04-18 21:44:37.139559,0 days 00:00:33.830485,0.05310672599057874,0.1416304844633969,8,0.009489746056023884,0.1647084050613231,0.04591986526538709,0.023622271384530543,0.006239593102602013,0.024486796255712096,0.0004991376077193932,20,35,0.03306108142113266,0.1581735982119052,True,False,False,0.0002445954346985634,COMPLETE
1851,0.41253912448883057,2025-04-18 21:44:37.747558,2025-04-18 21:45:09.422336,0 days 00:00:31.674778,0.010323741523189805,0.1750352684534961,8,0.014728604792055382,0.07441902437915635,0.06985318702784177,0.020596973392308614,0.01077084639474794,0.07209927865597703,0.0490937873368709,21,39,0.02172859927487275,0.1703317065951562,True,False,True,0.00014774037319168504,COMPLETE
1852,0.25092208981513975,2025-04-18 21:45:10.029290,2025-04-18 21:45:41.527170,0 days 00:00:31.497880,0.07732631453225526,0.18937443509038326,8,0.18131839847769496,0.055658009951903106,0.07568827172608528,0.025009879624318346,0.007636641799465367,0.07989283267832567,1.3634708342622452e-05,21,46,0.034415703000642554,0.14365767090492226,True,False,True,6.17283711620442e-05,COMPLETE
1853,0.5216715574264527,2025-04-18 21:45:42.148461,2025-04-18 21:46:11.815574,0 days 00:00:29.667113,0.10236340110632444,0.10015637522400958,8,0.1002484707423433,0.09795999752512512,0.06026408329657001,0.0275849458567561,0.0026796647744379847,0.06599855517167877,0.021564628132147146,19,42,0.026140713808941438,0.1518702749888302,True,False,True,0.00037371878797976866,COMPLETE
1854,0.4876790761947632,2025-04-18 21:46:12.403378,2025-04-18 21:46:43.011865,0 days 00:00:30.608487,0.11245337961902108,0.09533334173707744,8,0.113632883147337,0.10743202921578048,0.056965307176670164,0.029119932892026076,0.0022830167675611033,0.06452730455688058,0.025365534309005084,20,47,0.022131663164931255,0.1642524071090652,True,False,True,0.0005773912562596201,COMPLETE
1855,0.27182775139808657,2025-04-18 21:46:43.631194,2025-04-18 21:47:14.136528,0 days 00:00:30.505334,0.13642016312315114,0.11154687823769083,8,0.1061202484829895,0.10645618796047958,0.056626733439564626,0.029742582691444107,0.0022678226000053467,0.06537534592893608,0.02974489227578033,19,52,0.02320746809956048,0.15821713131064494,True,False,True,0.0004297511707264797,COMPLETE
1856,0.3845711886882782,2025-04-18 21:47:14.731753,2025-04-18 21:47:48.400175,0 days 00:00:33.668422,0.13726702323074239,0.0882233761290975,8,0.09087622595413869,0.10203164903445551,0.05764807505036,0.027939932486875395,0.002608501598585669,0.061827531601153,0.029948336340670928,19,44,0.020127051648454804,0.20587146036034465,True,False,False,0.0004616992264696579,COMPLETE
1857,0.4243592321872712,2025-04-18 21:47:49.018342,2025-04-18 21:48:19.994145,0 days 00:00:30.975803,0.123939221750625,0.09552679542536757,8,0.07549116160986083,0.10755890861904661,0.05950360516805999,0.029367619722099107,0.0023858531864333907,0.06286813045356869,0.023007890108694952,20,42,0.024786289024824024,0.17089918446907945,True,False,True,0.000557428535520345,COMPLETE
1858,0.2927763938903809,2025-04-18 21:48:20.593175,2025-04-18 21:48:51.893202,0 days 00:00:31.300027,0.11429119280894502,0.09970134861880939,8,0.006085565826424418,0.10087684616320704,0.05522747977417321,0.027440495921614162,0.002585074189490148,0.06623510845207001,0.02653926793316881,20,49,0.023982140443160382,0.19969395847097543,True,False,True,0.00036275679202563935,COMPLETE
1859,0.34043235778808595,2025-04-18 21:48:52.485044,2025-04-18 21:50:03.302512,0 days 00:01:10.817468,0.1406520281453385,0.611900703090817,2,0.0004648369499533566,0.10111988144239692,0.06015667565541165,0.02915403976311979,0.0021091946886120597,0.061280851055577804,0.03388642045086612,19,17,0.02350127182974711,0.15220383874443974,True,False,True,0.0006290660797253492,COMPLETE
1860,0.39219663143157957,2025-04-18 21:50:03.920054,2025-04-18 21:50:33.532063,0 days 00:00:29.612009,0.10895217865723891,0.08565272579182485,8,0.07670767749243562,0.098157573762752,0.058910436144759465,0.01815763872592176,0.004015842932861366,0.064346876211413,0.021958352441619384,19,33,0.025588824261982553,0.1640195573367516,True,False,True,0.0004355496617290561,COMPLETE
1861,0.42385168671607976,2025-04-18 21:50:34.150143,2025-04-18 21:51:10.352075,0 days 00:00:36.201932,0.0979538449238505,0.09052656082045318,8,0.12403600439462059,0.10975535595990403,0.06030643262216062,0.02300741818642483,0.0039059239883268647,0.06414024007151199,0.030030063923124347,20,78,0.026395784557519578,0.10952025244698678,True,False,False,7.769272630532562e-05,COMPLETE
1862,0.2854507625102997,2025-04-18 21:51:10.944878,2025-04-18 21:51:41.347345,0 days 00:00:30.402467,0.12821169548846764,0.11734243988193142,8,0.10342012827800084,0.04092414834979166,0.05439366567643656,0.025793582871319328,0.0010603766476844328,0.06568672439900095,0.03759522266229362,20,39,0.026660245753612352,0.13245950495664552,True,False,True,0.0004819212444831488,COMPLETE
1863,0.42304502129554755,2025-04-18 21:51:41.964860,2025-04-18 21:52:12.657573,0 days 00:00:30.692713,0.09768170649291583,0.09458534941098748,8,0.01571634015303647,0.10262811983149325,0.057948018976469506,0.02735964620053225,0.003830893088037394,0.06410475081515694,0.02237797301898959,19,37,0.02514593362380934,0.1460882377414595,True,False,True,0.0007756156341764748,COMPLETE
1864,0.2263409376144409,2025-04-18 21:52:13.250643,2025-04-18 21:52:50.868411,0 days 00:00:37.617768,0.11755798785011717,0.12820951606693815,8,0.10077557509754916,0.09593511834583773,0.06124277125406888,0.020685401363718273,0.0045568217820795235,0.060800967303087074,0.04534007239555368,20,150,0.026936667543327273,0.15562155319749477,True,False,True,5.879774455814187e-05,COMPLETE
1865,0.08708025217056276,2025-04-18 21:52:51.483487,2025-04-18 21:53:22.793098,0 days 00:00:31.309611,0.13310024153996414,0.1121383062349644,8,0.13753021491287537,0.10792615392301887,0.05925301740988893,0.024558347641815557,0.0021679297384316573,0.06679952148865695,0.028838688649830174,21,45,0.01692526491860522,0.22632551013014207,True,False,True,0.0003661403408348917,COMPLETE
1866,0.4654247641563416,2025-04-18 21:53:23.387919,2025-04-18 21:53:59.280216,0 days 00:00:35.892297,0.09948538387672805,0.11054170348729575,8,0.009989541824641193,0.09836538732992371,0.060565800643073986,0.029386893786008866,0.0010112981364155753,0.06287718863343839,0.03676764037556782,22,42,0.03551917094457592,0.291920747399785,True,False,False,0.0001025353584437887,COMPLETE
1867,0.09813243895769119,2025-04-18 21:53:59.890071,2025-04-18 21:54:30.862091,0 days 00:00:30.972020,0.13970864144770812,0.39327132367275075,8,0.11132471539767151,0.10309553845018576,0.057338494482100405,0.022793670127304634,0.0044823983210686815,0.066930600205871,0.020249883079849672,21,34,0.028031980468333828,0.13777032175637038,True,False,True,4.5318973216194145e-05,COMPLETE
