number,value,datetime_start,datetime_complete,duration,params_alpha-eval,params_alpha-train,params_batch-size,params_eps-eval,params_eps-train,params_lambda-actions-eval,params_lambda-actions-train,params_lambda-frames-eval,params_lambda-frames-train,params_learning-rate,params_n-epochs,params_n-frames,params_radius-gw,params_rho,params_std-feats,params_ub-actions,params_ub-frames,params_weight-decay,state
1025,0.4693863928318024,2025-04-11 16:13:55.748605,2025-04-11 16:15:20.155512,0 days 00:01:24.406907,0.21126188598248188,0.15738546558479544,2,0.19727650745115688,0.016808141325188798,0.08312304158719046,0.016369181031315384,0.09698161825411464,0.07283993529627986,0.00045151739294940654,24,34,0.08459797044146217,0.19631042023587766,True,False,True,1.1325992626132692e-05,COMPLETE
1026,0.44810841083526615,2025-04-11 16:15:20.495489,2025-04-11 16:17:01.858217,0 days 00:01:41.362728,0.8665400485192046,0.17071528882991327,2,0.19495194378185948,0.04067828675091177,0.07817477352732172,0.012965976126877105,0.09594836494893993,0.07002361078474781,0.03154584507071342,25,30,0.08675203906310452,0.20859855489680795,True,False,False,7.310005428909748e-06,COMPLETE
1027,0.4415877401828766,2025-04-11 16:17:02.181049,2025-04-11 16:18:39.805854,0 days 00:01:37.624805,0.19106772031965624,0.18180161632687952,2,0.1914059164085684,0.03381075020238392,0.08035059419846494,0.015421341944876316,0.094868585413826,0.07040518078387133,0.04606271264582984,24,28,0.08383583077448027,0.19275074880885507,True,False,False,1.4311277832006942e-05,COMPLETE
1028,0.45017312765121464,2025-04-11 16:18:40.142209,2025-04-11 16:20:19.137509,0 days 00:01:38.995300,0.19408359837591105,0.14831893353734849,2,0.1995856342791231,0.025712605441549824,0.09973356660873156,0.011775273022340146,0.09917946381421046,0.06801875390221208,0.03947944089973992,24,35,0.08616396666688761,0.19779495034931824,True,False,False,1.447094098423379e-05,COMPLETE
1029,0.4730890810489655,2025-04-11 16:20:19.476166,2025-04-11 16:22:05.268126,0 days 00:01:45.791960,0.1704973583930863,0.16919622730003336,2,0.13960747710571456,0.03344363859090276,0.07546668634725794,0.016255566547120178,0.09800644623037465,0.06387238905245701,0.03139108714240857,27,33,0.08693045835897116,0.20558854494078732,True,False,False,8.588933545178625e-06,COMPLETE
1030,0.2567850947380066,2025-04-11 16:22:05.605383,2025-04-11 16:23:46.214893,0 days 00:01:40.609510,0.16020032520810862,0.18548427750735402,2,0.1915832354737765,0.03646932177988094,0.0812442231618024,0.014807638341541949,0.09998736174527918,0.07157081489556798,0.040568506524484724,24,133,0.08245128559841859,0.18842982892607357,True,False,False,1.2643156332244104e-05,COMPLETE
1031,0.4800682663917542,2025-04-11 16:23:46.558393,2025-04-11 16:25:22.965329,0 days 00:01:36.406936,0.21610822360233337,0.17252515133912694,2,0.18897284263232367,0.032862278731322477,0.07800350841627504,0.017129533993228717,0.09490891128167142,0.0672158165091621,0.033326321415518535,24,36,0.08538204407432776,0.1881642668379183,True,False,False,1.3496496440692882e-05,COMPLETE
1032,0.09307204186916351,2025-04-11 16:25:23.310997,2025-04-11 16:27:02.596141,0 days 00:01:39.285144,0.1796470761770288,0.14735199535431948,2,0.1979403841842867,0.008373240828489358,0.08352604059605065,0.012735247157904282,0.096153191716694,0.06932491839861976,0.046849981774702766,25,32,0.08790128001377197,0.1966707144625906,True,False,False,1.5265423856622777e-05,COMPLETE
1033,0.4770518660545349,2025-04-11 16:27:02.942591,2025-04-11 16:28:36.116418,0 days 00:01:33.173827,0.14896917348974975,0.1941387463276621,2,0.1863667078957097,0.04129759918875189,0.07600966113048484,0.01392994551311382,0.09780922105263154,0.07161776309084043,0.027180732110794116,23,37,0.08331484606702312,0.05103880029015691,True,False,False,1.1242868123356257e-05,COMPLETE
1034,0.09307204186916351,2025-04-11 16:28:36.441636,2025-04-11 16:30:05.152426,0 days 00:01:28.710790,0.20034348776878308,0.1630875410244893,2,0.19463876907339464,0.034641073204335966,0.07977579297224889,0.021831210534525747,0.09377716392590642,0.06816579456262573,0.03869427523815578,26,36,0.0873685910473977,0.20409634135190208,True,True,False,1.5252724119583201e-05,COMPLETE
1035,0.47645660638809206,2025-04-11 16:30:05.489778,2025-04-11 16:31:48.602217,0 days 00:01:43.112439,0.2352541073419114,0.33745109823887,2,0.18863223726449,0.04380845574695643,0.07648832416589485,0.011026794156534105,0.09543510262290138,0.04879159187594882,0.029432889461090395,26,38,0.08449368712294125,0.217395849452623,True,False,False,2.350490346897082e-05,COMPLETE
1036,0.48853780031204225,2025-04-11 16:31:48.941677,2025-04-11 16:33:21.732013,0 days 00:01:32.790336,0.17534166888826092,0.20095869466988592,2,0.20777699013824674,0.039072536441132746,0.08478497680219252,0.01764627928075014,0.09802423028975944,0.06411789240907637,0.03577966113430405,23,35,0.0908021067411556,0.06968863726387357,True,False,False,8.908796903402782e-06,COMPLETE
1037,0.33865345120429996,2025-04-11 16:33:22.072949,2025-04-11 16:35:01.192772,0 days 00:01:39.119823,0.14574956391365956,0.1791008570008902,2,0.18497353974190767,0.25922955184779817,0.07393285379371418,0.01548333477253548,0.0961647187488333,0.0585302413383197,0.048419576079685785,24,25,0.08574896702304151,0.18721185238876878,False,False,False,1.7826670825600853e-05,COMPLETE
1038,0.44350371956825263,2025-04-11 16:35:01.542112,2025-04-11 16:36:35.866455,0 days 00:01:34.324343,0.16197000247742266,0.19862939355751597,2,0.2007829603246299,0.11244486885588248,0.07877492425640152,0.02016608130695051,0.040234943772502536,0.07064430433906269,0.039913626847192345,23,31,0.08864193543283881,0.1848149854954029,True,False,False,2.0789318813984703e-05,COMPLETE
1039,0.46708062887191776,2025-04-11 16:36:36.211039,2025-04-11 16:38:12.129781,0 days 00:01:35.918742,0.1309333517480418,0.15746422377994973,2,0.19154462295696498,0.02923399760048215,0.08185943142291392,0.025007471471782297,0.0931250317301701,0.07389493320317846,8.128005133750863e-05,23,34,0.08251094216813473,0.19295751557607604,True,False,False,9.781364375007202e-06,COMPLETE
1040,0.48080536127090456,2025-04-11 16:38:12.479298,2025-04-11 16:39:49.489186,0 days 00:01:37.009888,0.1527157248151545,0.2179391294249987,2,0.182983463569707,0.023724296519849468,0.0725418530823994,0.013883853394148845,0.09327898854378347,0.07288955989796735,0.02554035448953638,24,39,0.08680829543369135,0.21207256836383392,True,False,False,1.9639471194320808e-05,COMPLETE
1041,0.49870898723602297,2025-04-11 16:39:49.817760,2025-04-11 16:41:24.469744,0 days 00:01:34.651984,0.18723600767357104,0.18428152138107207,2,0.19450233811581688,0.04493559617047708,0.09738641814401494,0.01808618892849502,0.09436195440422346,0.06692158636747332,0.034408377866571416,23,38,0.09076396412989493,0.1968940591191986,True,False,False,5.917955952545222e-06,COMPLETE
1042,0.4635457873344422,2025-04-11 16:41:24.810226,2025-04-11 16:42:58.363165,0 days 00:01:33.552939,0.22155706592613217,0.1469464105832627,2,0.20281877202957735,0.044501223514707686,0.09969740667626475,0.023290726772321215,0.0930924701649962,0.06768308061438562,0.030350159642358612,23,31,0.09253885389263843,0.1852600145961056,True,False,False,1.0740510778099e-05,COMPLETE
1043,0.4791731119155884,2025-04-11 16:42:58.706770,2025-04-11 16:44:33.162708,0 days 00:01:34.455938,0.2100396849458227,0.1804806645057817,2,0.19733633509137627,0.03553848222653741,0.09811206578107329,0.020361292661552538,0.09477810135342368,0.0633949272485055,0.024466589366603685,23,35,0.09156968907844784,0.19324566462182258,True,False,False,4.735461576093599e-06,COMPLETE
1044,0.42533701062202456,2025-04-11 16:44:33.504721,2025-04-11 16:45:57.778988,0 days 00:01:24.274267,0.1863816393816461,0.15550912464765204,2,0.19358357442834606,0.03990363458800997,0.09343509491554974,0.019549953285712067,0.09649997557235533,0.06705166193081069,0.032490046543633494,24,28,0.09098014009786823,0.1890867141575364,True,False,True,4.0403026500357424e-06,COMPLETE
1045,0.48741377592086793,2025-04-11 16:45:58.124869,2025-04-11 16:47:37.902561,0 days 00:01:39.777692,0.18287165220577156,0.1755615531121554,2,0.21095274902597272,0.027889370793776236,0.09827658445105293,0.021522335842157955,0.09983827780943103,0.06667650663402212,0.02903617053409235,25,37,0.0940538138372716,0.1946227488728152,True,False,False,4.689706059840367e-06,COMPLETE
1046,0.42467853426933294,2025-04-11 16:47:38.249275,2025-04-11 16:49:12.398908,0 days 00:01:34.149633,0.9098473740094837,0.14469637560669646,2,0.17865118865114168,0.04252933246155604,0.09716687566591124,0.018476776933447698,0.09432749328714361,0.06579199311532548,0.024431590214896205,23,33,0.08991240884710497,0.18138440240202364,True,False,False,2.1099322040168735e-05,COMPLETE
1047,0.42029935717582706,2025-04-11 16:49:12.743939,2025-04-11 16:50:46.817611,0 days 00:01:34.073672,0.20665309314721675,0.1833267705989076,2,0.20733373047664092,0.13482942695401443,0.09630966374783292,0.017257770403013684,0.09683538834587242,0.06871500846298104,0.03467279304297261,23,39,0.09223305524246055,0.18479324849069828,True,False,False,9.317874945739143e-05,COMPLETE
1048,0.46857500076293945,2025-04-11 16:50:47.164494,2025-04-11 16:52:20.998006,0 days 00:01:33.833512,0.23222004464052512,0.16696701989660803,2,0.05862521618430991,0.047312502410997825,0.07395553213786715,0.023208818525741245,0.09188884277306247,0.0059902523885808565,0.019647167621985134,23,37,0.08974238838865187,0.1977213807445615,True,False,False,5.952011007867597e-06,COMPLETE
1049,0.3509534239768982,2025-04-11 16:52:21.328560,2025-04-11 16:53:58.817514,0 days 00:01:37.488954,0.19648278830808688,0.18788791394837367,2,0.18558093682204488,0.2894582577392245,0.09577749078484328,0.018483579172960184,0.09449096513376706,0.0735990146678356,0.02936568799657831,24,34,0.051041170511261766,0.19027302958469686,True,False,False,6.552127736596746e-06,COMPLETE
1050,0.4859052062034607,2025-04-11 16:53:59.161362,2025-04-11 16:55:36.123058,0 days 00:01:36.961696,0.193316355552525,0.1970401724626087,2,0.2007741623004606,0.03680406052793582,0.09663478382571136,0.021707917688480988,0.09273654002951086,0.07072221832825404,0.03774157489294866,24,30,0.09078418142070001,0.18204470248693375,True,False,False,3.4570656391628293e-06,COMPLETE
1051,0.4821021556854248,2025-04-11 16:55:36.468431,2025-04-11 16:57:08.333018,0 days 00:01:31.864587,0.16291083005565926,0.1629027621263498,2,0.17804420728172976,0.04549829970079966,0.09773436332595431,0.01968860206512708,0.09097534832301823,0.06916715975997681,0.0219376112991047,22,39,0.08879569055122219,0.1906101976706103,True,False,False,8.212504884794534e-06,COMPLETE
1052,0.4612829804420472,2025-04-11 16:57:08.676439,2025-04-11 16:58:44.836109,0 days 00:01:36.159670,0.23716550154789925,0.2045460073779835,2,0.19328586950194915,0.049959993958103396,0.09494803527751158,0.017440763752554947,0.09856733886953672,0.06779162955403095,0.026492412215085366,24,38,0.09314727908391071,0.20127570356108285,True,False,False,3.127189525569696e-06,COMPLETE
1053,0.09307204186916351,2025-04-11 16:58:45.184905,2025-04-11 17:00:05.465412,0 days 00:01:20.280507,0.18276509202226582,0.14397276332933584,2,0.18613826588766588,0.03347238189291677,0.09707239013849116,0.024840365624198738,0.0968965016885933,0.071736459916629,0.03475998765829535,23,22,0.08886631120206819,0.1829110526483069,True,True,False,8.509303801377804e-06,COMPLETE
1054,0.4587944805622101,2025-04-11 17:00:05.814390,2025-04-11 17:01:39.879001,0 days 00:01:34.064611,0.21025598747541274,0.17228777825988725,2,0.17374842372900262,0.04656416098385601,0.09675524280767003,0.01636490831610079,0.09496507970794406,0.07179471017266127,1.0077898471701208e-05,23,35,0.09021733479422366,0.1973979972067012,True,False,False,1.6193231845586114e-05,COMPLETE
1055,0.4770447373390198,2025-04-11 17:01:40.228568,2025-04-11 17:02:06.958398,0 days 00:00:26.729830,0.17601412021465015,0.23277893746094597,16,0.18192538365694255,0.03686769934488186,0.09781787465108577,0.020593575680091226,0.09167844862291324,0.059577012240725834,0.0435014102957776,22,40,0.09559809487213303,0.18671489372233066,True,False,False,7.856351530946707e-05,COMPLETE
1056,0.41409222483634955,2025-04-11 17:02:07.306781,2025-04-11 17:03:37.424913,0 days 00:01:30.118132,0.19937410798362976,0.19269880264967942,2,0.1599228840405953,0.050444593816306324,0.09481800473836781,0.018712347373694736,0.09381718005723676,0.067138477827937,0.03072147327784751,22,32,0.08773833506780081,0.17920578765786419,False,False,False,7.728284102221801e-06,COMPLETE
1057,0.5005795240402222,2025-04-11 17:03:37.757706,2025-04-11 17:05:18.422722,0 days 00:01:40.665016,0.16834813605377907,0.14480119812140413,2,0.1961597468455822,0.04235668531632049,0.09244177379021046,0.015694431253706637,0.09774371806751263,0.07164600448408123,0.021498057002317373,25,40,0.09195911971738417,0.2063919385100103,True,False,False,2.1323309329823307e-05,COMPLETE
1058,0.3895041048526764,2025-04-11 17:05:18.770742,2025-04-11 17:07:01.261873,0 days 00:01:42.491131,0.22688341437272733,0.13604953750674514,2,0.20666052404771976,0.023271432305011084,0.09267814139002663,0.016249213525219727,0.09806842256054449,0.07226832189543594,0.018297213948767977,26,16,0.097236384590521,0.21622644459081694,True,False,False,4.808044816656529e-06,COMPLETE
1059,0.4755773782730103,2025-04-11 17:07:01.607594,2025-04-11 17:08:42.655461,0 days 00:01:41.047867,0.25476355078448915,0.14652127591265196,2,0.2095719794199671,0.029210976462938215,0.09133637815576796,0.01776756511410733,0.09872428758855462,0.06956457230944524,0.02109198934926509,25,41,0.09381226418485192,0.18084046878534707,True,False,False,1.5600536863669317e-05,COMPLETE
1060,0.4711683511734009,2025-04-11 17:08:43.001347,2025-04-11 17:09:11.686662,0 days 00:00:28.685315,0.18110511147163982,0.14211929342266916,16,0.20111773818984277,0.03843530300868973,0.09436613682083425,0.016169981710548478,0.09746894929141178,0.07268071532607152,0.02019587823467111,26,40,0.09549402917764765,0.2089726081223655,True,False,False,1.9923920281637854e-05,COMPLETE
1061,0.47840166091918945,2025-04-11 17:09:12.036353,2025-04-11 17:10:52.179578,0 days 00:01:40.143225,0.20795970600070918,0.14950029939212195,2,0.19435082983492566,0.038011458591670884,0.09256810947227842,0.019515226183279683,0.09567944903930581,0.06500992305064099,0.01915900767898301,25,42,0.09289595967424102,0.19223135659607196,True,False,False,2.2184898813035755e-05,COMPLETE
1062,0.28624730706214907,2025-04-11 17:10:52.531633,2025-04-11 17:12:34.973183,0 days 00:01:42.441550,0.16975381536113726,0.13118955384699016,2,0.1976326650307851,0.03308873597100374,0.09374283759745007,0.02198808953813424,0.09812393906930177,0.06966076602486997,0.024348044412264867,25,85,0.09088897959669723,0.22823846953572355,True,False,False,1.344677312016238e-05,COMPLETE
1063,0.4081568479537964,2025-04-11 17:12:35.320648,2025-04-11 17:14:04.465748,0 days 00:01:29.145100,0.1705040787905313,0.16545995284870393,2,0.203662489462007,0.04253151032182667,0.09577531452216063,0.05087293738413543,0.0965926692673654,0.07386531027902415,0.022853557340691614,26,39,0.09374303778597634,0.24775416786234436,True,False,True,6.468831289202181e-06,COMPLETE
1064,0.4399293243885041,2025-04-11 17:14:04.818072,2025-04-11 17:15:45.808157,0 days 00:01:40.990085,0.19022767224915282,0.267517384811914,2,0.19768381900816806,0.026488900987619496,0.0916019443760907,0.017476441161598057,0.09684873679973771,0.07115987120604272,0.00019621474085346481,25,44,0.09285681242840255,0.1853558545310573,True,False,False,5.202614227418914e-06,COMPLETE
1065,0.43861455917358405,2025-04-11 17:15:46.162387,2025-04-11 17:16:14.818942,0 days 00:00:28.656555,0.22235554708304192,0.1602871485629747,16,0.20327328678644957,0.04365501409971165,0.08966205078791854,0.014908836172371407,0.09519665878060056,0.0752783143071333,0.018080442267272363,26,41,0.0919478725026949,0.17687043710662115,True,False,False,1.8597101804107772e-05,COMPLETE
1066,0.45269681811332707,2025-04-11 17:16:15.153419,2025-04-11 17:17:56.971986,0 days 00:01:41.818567,0.20071488014676872,0.1313611331089768,2,0.21327736768818673,0.040735386904671454,0.09418945468991002,0.019448579751006334,0.09828929487944832,0.06939797384898631,0.02389195145519254,25,51,0.09150852603025686,0.20011690407975774,True,False,False,1.5162265643421697e-05,COMPLETE
1067,0.4327136635780335,2025-04-11 17:17:57.314930,2025-04-11 17:19:34.139915,0 days 00:01:36.824985,0.14938802453148844,0.2529419533025842,2,0.19506531168825675,0.04685674480568465,0.09291687242854922,0.016024841052952137,0.09468746532266072,0.0724113243906535,0.02059927247947089,24,48,0.09149933746829114,0.1864047949794878,True,False,False,2.790577141533484e-06,COMPLETE
1068,0.4826074600219727,2025-04-11 17:19:34.489990,2025-04-11 17:21:20.963536,0 days 00:01:46.473546,0.17458668006204087,0.228415760411073,2,0.19085109034793274,0.034470193358254055,0.09165693052147772,0.02390863456457731,0.0936225248253212,0.06714336543360011,0.026391820559621262,27,38,0.09812718202592827,0.17608886372274438,True,False,False,2.124217968461735e-05,COMPLETE
1069,0.48032615184783933,2025-04-11 17:21:21.311334,2025-04-11 17:22:55.669065,0 days 00:01:34.357731,0.16295893723576968,0.21003131193389174,2,0.14267512359550497,0.041678738186497685,0.09475693928445685,0.021097893158439594,0.09934257058007144,0.06919446231672216,0.028319102788590365,23,44,0.08965276311933108,0.22326053248661265,True,False,False,5.556501543897141e-06,COMPLETE
1070,0.44684048891067507,2025-04-11 17:22:56.017137,2025-04-11 17:23:23.802714,0 days 00:00:27.785577,0.18799493182667987,0.1751445403045009,16,0.18951000329982906,0.047412307370100465,0.09667614768278325,0.017850365994243632,0.09665756225462292,0.07095572628360394,0.017590312175789435,24,41,0.08930568567128862,0.19355506675802517,True,False,False,1.1660943164338163e-05,COMPLETE
1071,0.41305488944053653,2025-04-11 17:23:24.153440,2025-04-11 17:25:01.648681,0 days 00:01:37.495241,0.8424980056337232,0.8758954107719917,2,0.20022732585530753,0.03282287242416718,0.09161628773477563,0.014861669066020494,0.09159037386399853,0.0656494814632402,0.04203064510787831,24,46,0.0933986108151923,0.205631769530843,True,False,False,1.92589759395739e-05,COMPLETE
1072,0.09307204186916351,2025-04-11 17:25:02.001433,2025-04-11 17:26:26.464759,0 days 00:01:24.463326,0.12683428544023967,0.1573490920919903,2,0.19784327106164995,0.03959111099353187,0.09391524222715314,0.01899348149138667,0.09362706025655057,0.07503465637275802,0.02326376760767695,24,37,0.09504968598212978,0.15414575602582797,True,True,False,2.5310313549633604e-05,COMPLETE
1073,0.4770682215690613,2025-04-11 17:26:26.818577,2025-04-11 17:28:00.717403,0 days 00:01:33.898826,0.15890978205837852,0.19944547486457015,2,0.20842284790267868,0.04995205710245613,0.09430866227479523,0.01676213940442612,0.0916382827705193,0.06538237472358006,0.05255113780873962,23,42,0.0908706056995357,0.2914614328747936,True,False,False,2.533641721520354e-05,COMPLETE
1074,0.4522028684616089,2025-04-11 17:28:01.072365,2025-04-11 17:29:37.740794,0 days 00:01:36.668429,0.13859280256953257,0.23085243879219422,2,0.18947828293603325,0.029574108767324643,0.0977709093993469,0.020663725088464063,0.09907111280333865,0.07336438485489274,0.029513307934324298,24,53,0.08751238841866507,0.17981470058272203,True,False,False,1.4904500681870224e-05,COMPLETE
1075,0.380914443731308,2025-04-11 17:29:38.097959,2025-04-11 17:30:05.824643,0 days 00:00:27.726684,0.20860902447321916,0.1788015276661247,16,0.15492359135701952,0.048176555021764655,0.09906417194565813,0.014397009349358563,0.09664453031012384,0.06915457031320102,0.03736879403299098,25,44,0.08644691313203258,0.21147795805287736,False,False,False,2.5295928198676033e-05,COMPLETE
1076,0.489822793006897,2025-04-11 17:30:06.169354,2025-04-11 17:31:45.814723,0 days 00:01:39.645369,0.17164974340451325,0.2523959994486567,2,0.19400883427426893,0.016223462422831084,0.07133652487930225,0.022894294463066435,0.09467525770737899,0.0713307395472483,0.047529105084303434,25,39,0.08886800737839094,0.18492554694568009,True,False,False,1.6567973848575896e-05,COMPLETE
1077,0.4867994546890259,2025-04-11 17:31:46.167640,2025-04-11 17:33:24.280196,0 days 00:01:38.112556,0.11481037688162092,0.2136518136401068,2,0.1626255994411231,0.04176152042342133,0.09085659946172356,0.0183203999234991,0.09256605744439943,0.0752900966795635,0.02247049358859327,24,49,0.09521216705831803,0.19656835377461582,True,False,False,0.00010380706122025535,COMPLETE
1078,0.4737309813499451,2025-04-11 17:33:24.632660,2025-04-11 17:34:58.956311,0 days 00:01:34.323651,0.4622377656907739,0.20135708466541258,2,0.18890546811760509,0.05161164607204773,0.07239967531773349,0.01601759197237997,0.09591232891601537,0.06844054548296882,0.033051657683907665,23,47,0.09136162745490231,0.17288846066345404,True,False,False,1.2321802182371111e-05,COMPLETE
1079,0.4718099594116211,2025-04-11 17:34:59.307478,2025-04-11 17:36:30.090490,0 days 00:01:30.783012,0.1431162880361559,0.30443004046348504,2,0.13234548141903987,0.04421733243581066,0.095706027555614,0.013349756578338135,0.09038598862015743,0.06649672664161559,0.0262940165394449,22,41,0.08548982749251272,0.190661475881363,True,False,False,1.0108300776299893e-05,COMPLETE
1080,0.44660042524337773,2025-04-11 17:36:30.443182,2025-04-11 17:36:58.844388,0 days 00:00:28.401206,0.19057015299693228,0.2770125389095737,16,0.18451952850102749,0.034417112869440124,0.020043778712855398,0.020074406893373815,0.09388962977465592,0.07223632808274123,0.017943762231653768,25,36,0.05450038562286849,0.17793367260332674,True,False,False,2.1298763391195017e-05,COMPLETE
1081,0.46929544210433966,2025-04-11 17:36:59.199156,2025-04-11 17:38:32.877388,0 days 00:01:33.678232,0.1281571344290624,0.14926838848402024,2,0.14875880889195545,0.05148525676585039,0.06948895737026248,0.01761330422558604,0.09975141582020856,0.06995555743063236,0.04270891744243138,23,44,0.0886797491809627,0.1589386454540753,True,False,False,1.7191121880891625e-05,COMPLETE
