number,value,datetime_start,datetime_complete,duration,params_alpha-eval,params_alpha-train,params_batch-size,params_eps-eval,params_eps-train,params_lambda-actions-eval,params_lambda-actions-train,params_lambda-frames-eval,params_lambda-frames-train,params_learning-rate,params_n-epochs,params_n-frames,params_radius-gw,params_rho,params_std-feats,params_ub-actions,params_ub-frames,params_weight-decay,state
1359,0.18757283687591553,2025-04-18 17:10:12.946951,2025-04-18 17:10:37.416736,0 days 00:00:24.469785,0.2610730702984464,0.14743910572240587,8,0.02821286213864161,0.0908990628853629,0.06608129644570816,0.014342538638942741,0.00810607136470504,0.07050588298429099,0.0398298011466209,12,32,0.027469889838128404,0.014473796685191859,True,False,True,3.213742389232668e-05,COMPLETE
1360,0.2957580327987671,2025-04-18 17:10:37.848383,2025-04-18 17:11:02.146573,0 days 00:00:24.298190,0.21714243133226327,0.43071518380362606,8,0.005582552209486697,0.07620849730478896,0.05017302129896521,0.026336771549420702,0.0723431374812421,0.0696897055539032,0.019121549784904275,11,41,0.031094777610978622,0.126649233404358,True,False,True,2.2367841135053825e-05,COMPLETE
1361,0.14598822295665742,2025-04-18 17:11:02.579647,2025-04-18 17:11:28.379610,0 days 00:00:25.799963,0.28068646277547094,0.08243064127136518,8,0.2729620235854979,0.09886293526172209,0.04050207003235966,0.02141244597358639,0.014501653454201732,0.06462794859856291,0.032077586170375816,12,79,0.03427185765235072,0.1378776084981942,True,False,True,2.9642943255637726e-05,COMPLETE
1362,0.2997506558895111,2025-04-18 17:11:28.813295,2025-04-18 17:11:53.054411,0 days 00:00:24.241116,0.23701009687327065,0.11568225567126442,8,0.020106411326500363,0.09246386342620397,0.03809920658661631,0.033464302664520086,0.005925862051682093,0.05014834703447252,0.004222340271827912,11,25,0.03534702218332016,0.13162773206746192,True,False,True,3.6152686420217726e-05,COMPLETE
1363,0.4372247576713562,2025-04-18 17:11:53.506679,2025-04-18 17:12:17.357024,0 days 00:00:23.850345,0.3102884989270042,0.057635280779549616,8,0.011760999822915534,0.08180488989413794,0.04991588075618453,0.02826368268655271,0.012345572024327667,0.04071267425907376,0.046686594931209816,10,35,0.03223901061602839,0.14311613670853995,True,False,True,3.4492129707689475e-07,COMPLETE
1364,0.4776477813720703,2025-04-18 17:12:17.798189,2025-04-18 17:12:42.995526,0 days 00:00:25.197337,0.2030819998565156,0.16235281987141054,8,0.029484179235835014,0.10308730457694698,0.06944847609009332,0.019313818634144133,0.009838022476534019,0.05124789891661985,0.056751761427157515,12,38,0.03588256772413916,0.14447334364674694,True,False,True,2.2503189033499436e-05,COMPLETE
1365,0.4400263369083405,2025-04-18 17:12:43.429456,2025-04-18 17:13:07.340676,0 days 00:00:23.911220,0.23238258686751434,0.09791961408321843,8,0.005216548080558487,0.07175789949022957,0.049252804412780724,0.08596965883770746,0.006979362062950327,0.06907198040162553,0.046394429308135476,11,31,0.0297078162515824,0.12072934385503273,True,False,True,2.826978002756257e-05,COMPLETE
1366,0.4425819575786591,2025-04-18 17:13:07.775536,2025-04-18 17:13:32.820252,0 days 00:00:25.044716,0.011182657273751988,0.04755081979988724,8,0.02459356621786521,0.108645286143342,0.0449254000929111,0.026760570124299405,0.012005731966332365,0.06104087711730231,0.059884127022886,12,41,0.03338137860718998,0.13547977647282236,True,False,True,1.77039852381584e-05,COMPLETE
1367,0.4463346302509308,2025-04-18 17:13:33.251996,2025-04-18 17:13:57.408753,0 days 00:00:24.156757,0.2601921198459503,0.135690840309989,8,0.015667297199675995,0.08694598950031053,0.04161524293951428,0.02427267122443774,0.004263862397037077,0.036912135275839204,0.038671879371372904,11,34,0.036860673623583896,0.20994762692427613,True,False,True,2.3127645761731656e-05,COMPLETE
1368,0.46434933543205265,2025-04-18 17:13:57.842021,2025-04-18 17:14:22.889272,0 days 00:00:25.047251,0.22046554521997488,0.08808003391273986,8,0.01125379123128467,0.09968364115482034,0.04556210813110245,0.03142877253410081,0.008078631411144243,0.07844627871836371,0.02892131424393327,12,44,0.031193440912067088,0.2345383697475049,True,False,True,2.0354918076467715e-05,COMPLETE
1369,0.4066230952739716,2025-04-18 17:14:23.342979,2025-04-18 17:14:49.003216,0 days 00:00:25.660237,0.2785252322283096,0.0676098884240787,8,0.021770497931976933,0.09346120838681159,0.06625950183622259,0.02254994690062332,0.01095979728003062,0.0537531158373725,0.052831370811626276,10,29,0.027086215344823892,0.20266698529198723,True,False,False,4.4480637140455474e-05,COMPLETE
1370,0.4341207623481751,2025-04-18 17:14:49.442999,2025-04-18 17:15:13.105571,0 days 00:00:23.662572,0.010213425707870125,0.2959144308092415,8,0.029315550269606097,0.10494170440413454,0.04265431024956948,0.027225238717799926,0.0059960122508100405,0.04406893677728033,0.06542627448831718,11,39,0.03429722599720421,0.12832690818237624,True,False,True,2.934024846229775e-05,COMPLETE
1371,0.4768702983856201,2025-04-18 17:15:13.542441,2025-04-18 17:15:38.475658,0 days 00:00:24.933217,0.03198122080049623,0.11992482032451163,8,0.006514794942429044,0.09774753401248525,0.07002343346595086,0.025388774755689632,0.0028935749048937353,0.07534336190575444,0.04412799196783243,12,36,0.03671280698069913,0.1402879791620033,True,False,True,1.685887265744603e-05,COMPLETE
1372,0.45749653577804567,2025-04-18 17:15:38.923409,2025-04-18 17:16:02.808030,0 days 00:00:23.884621,0.2986829765473157,0.15541272723254357,8,0.00014295993106964305,0.08338223945882876,0.04528909446518118,0.033301625688907655,0.009019316919151435,0.052831031504889624,0.005307752596911945,11,33,0.03261376936360428,0.2147292293369667,True,False,True,3.611028099754749e-05,COMPLETE
1373,0.09307204186916351,2025-04-18 17:16:03.246204,2025-04-18 17:16:27.516818,0 days 00:00:24.270614,0.20377750244338705,0.26903856563760176,8,0.01663678240275642,0.08989932469786527,0.07157256541253898,0.028869797414944658,0.01406052331290579,0.06259540080285539,0.03553869578044309,12,28,0.03488354322853459,0.19905850049761087,False,True,True,2.664295855983167e-05,COMPLETE
1374,0.4763066947460175,2025-04-18 17:16:27.949996,2025-04-18 17:16:51.203865,0 days 00:00:23.253869,0.245825978910465,0.168390414959202,8,0.03316382001701865,0.10886459608263215,0.06564619406534009,0.019783005708486845,0.004710026205819825,0.048593631861347825,0.054974241612563014,10,39,0.038724839789081415,0.14685885358760337,True,False,True,1.602348867932162e-05,COMPLETE
1375,0.34469402432441715,2025-04-18 17:16:51.638271,2025-04-18 17:17:16.460948,0 days 00:00:24.822677,0.04192015140571004,0.0809957547665003,8,0.01072371755722809,0.07667253651632817,0.04946502206321277,0.024347240334727887,0.009257068252016437,0.05708128089727907,0.07395433410438505,11,45,0.020722386697592375,0.21967697748174764,True,False,True,5.520982973621643e-05,COMPLETE
1376,0.41293382048606875,2025-04-18 17:17:16.913822,2025-04-18 17:17:42.004907,0 days 00:00:25.091085,0.22684341499871158,0.03129483079777399,8,0.02225071907150421,0.0978256059517874,0.06857797016533354,0.030835889249173392,0.01590718131226701,0.05174019814826753,0.09987197316451153,12,51,0.03749885733531709,0.13372584795294837,True,False,True,1.945688377215774e-05,COMPLETE
1377,0.43112325072288515,2025-04-18 17:17:42.447159,2025-04-18 17:18:06.817466,0 days 00:00:24.370307,0.26084817648992553,0.054571882793394796,8,0.01731540759848113,0.10220688059788932,0.06837460924452485,0.0012024993954296015,0.00666961525581815,0.025774868333730785,0.06513639130506647,11,42,0.03573140731877308,0.20635202073245965,True,False,True,2.275409728873665e-05,COMPLETE
1378,0.4206689417362214,2025-04-18 17:18:07.261040,2025-04-18 17:18:31.946579,0 days 00:00:24.685539,0.5493053940351432,0.10637668076950885,8,0.0006614646737072003,0.09070240074297933,0.06556058420256414,0.021735686176982124,0.010889167541628608,0.07752118717117346,0.04929686811678255,12,37,0.030518125594057328,0.19546282632485426,True,False,True,5.459254132119362e-08,COMPLETE
1379,0.30896353125572207,2025-04-18 17:18:32.400769,2025-04-18 17:18:55.568876,0 days 00:00:23.168107,0.029466371972662456,0.12866052256369093,8,0.03457267928486249,0.10941576438658326,0.07042087209289133,0.02757025170473314,0.002962263669001578,0.07332530497592589,0.03296076155041961,10,32,0.04313341790544057,0.08882521893954273,True,False,True,3.570764527594546e-05,COMPLETE
1380,0.454563581943512,2025-04-18 17:18:56.005368,2025-04-18 17:19:47.440100,0 days 00:00:51.434732,0.2044184920674242,0.010109876340923266,2,0.010157438717414235,0.06749983199392261,0.0722376281658648,0.016351553865309072,0.0010223602045557989,0.06653003556926962,0.04087148838150737,12,34,0.03486530212609758,0.14029074530032837,True,False,True,1.1946384269261466e-07,COMPLETE
1381,0.3596097350120545,2025-04-18 17:19:47.898718,2025-04-18 17:20:11.773767,0 days 00:00:23.875049,0.25051829422974176,0.5781816897174832,8,0.027361696695403795,0.08144914912215374,0.04639064195181088,0.034207357804611746,0.012511649509106158,0.07190252680383698,0.08396112014599323,11,30,0.033254408106908696,0.19621122247455275,True,False,True,1.5167469725690182e-05,COMPLETE
1382,0.3721440672874451,2025-04-18 17:20:12.217749,2025-04-18 17:20:37.316206,0 days 00:00:25.098457,0.2707841953499941,0.2633419171925567,8,0.0002693811528709719,0.10471091689562345,0.06657627632802642,0.02927280212426735,0.08552999014247649,0.08032798948442138,0.055369866277407476,12,26,0.03716864472465879,0.14553779174103634,True,False,True,2.621433724618795e-05,COMPLETE
1383,0.3921559810638428,2025-04-18 17:20:37.759872,2025-04-18 17:21:01.932795,0 days 00:00:24.172923,0.3200355715603642,0.16985489977746565,8,0.006190840396312641,0.0950055666759476,0.06868021354538673,0.03214814948163675,0.005677421722886685,0.07653526811345367,0.06901624758392516,11,36,0.03958360993521527,0.12707236478277714,True,False,True,2.0140460834360682e-05,COMPLETE
1384,0.29110366106033325,2025-04-18 17:21:02.374851,2025-04-18 17:21:26.065657,0 days 00:00:23.690806,0.04269432876515082,0.3345227733475509,8,0.015832195312707277,0.08693017080002657,0.07148254307797298,0.025616005994711786,0.007803335228748614,0.05884461363271141,0.04485731843559935,10,47,0.041642729881521595,0.20804462264526435,True,False,True,1.4389753622130294e-05,COMPLETE
1385,0.4067357122898102,2025-04-18 17:21:26.507147,2025-04-18 17:21:51.540884,0 days 00:00:25.033737,0.2902178445596075,0.0764248870282665,8,0.023587393531035193,0.09886480588430124,0.05296875624003056,0.023324615152386284,0.06039517026999154,0.02838016432164262,0.06247519677724267,12,41,0.0040340729851860505,0.2013724616843056,True,False,True,2.7460477490094123e-05,COMPLETE
1386,0.46339176297187806,2025-04-18 17:21:51.976777,2025-04-18 17:22:41.674306,0 days 00:00:49.697529,0.045622305671609284,0.14927096582273702,2,0.03234036289559518,0.11263684576766267,0.06507381557701734,0.026685583554971817,0.00401018318002653,0.0687661459036707,0.02345638341263664,11,39,0.028311881388266777,0.11540658121345115,True,False,True,2.1289213202523062e-05,COMPLETE
1387,0.4262724101543427,2025-04-18 17:22:42.132134,2025-04-18 17:23:09.209821,0 days 00:00:27.077687,0.22034377537645042,0.5528579281407439,8,0.011869772269744418,0.106301922601142,0.06841404398070804,0.029790319741084523,0.009327952123670382,0.07960347916013505,0.035610883975051875,12,34,0.032288042506902585,0.13516430497380624,True,False,False,1.4872422483546854e-05,COMPLETE
1388,0.4853172540664673,2025-04-18 17:23:09.652112,2025-04-18 17:23:33.024068,0 days 00:00:23.371956,0.23830486304457055,0.0974539249738153,8,0.019092385600063592,0.09277367676966393,0.049147272351350406,0.021213792365421157,0.014017198336452822,0.0742971396500173,0.09995335353573567,10,30,0.037725712451455784,0.19202373339943635,True,False,True,3.22045630091851e-05,COMPLETE
1389,0.3441903293132782,2025-04-18 17:23:33.464139,2025-04-18 17:23:58.236755,0 days 00:00:24.772616,0.0512891666845366,0.9456664475802214,8,0.006521745740482596,0.07845862566758514,0.07318195419174464,0.018974160341497296,0.01111185453312588,0.07842115747638062,0.07665428363221806,12,22,0.007872395782995756,0.21072886512461866,True,False,True,1.940916141671099e-05,COMPLETE
1390,0.2479652762413025,2025-04-18 17:23:58.678098,2025-04-18 17:24:25.009734,0 days 00:00:26.331636,0.9503983036310486,0.059052842900543634,8,0.02590690274441762,0.05365339424840036,0.06488136055008253,0.03380171391429441,0.006990195830807209,0.046004205371522264,0.05127995215209871,11,100,0.04319974520485213,0.261501355972729,True,False,True,4.1001254249506996e-05,COMPLETE
1391,0.34932067394256594,2025-04-18 17:24:25.448658,2025-04-18 17:25:14.522199,0 days 00:00:49.073541,0.01011008116022106,0.905874132130821,2,0.03816428943941694,0.1013018319403025,0.07045119999820323,0.027917134315537113,0.003053042844806596,0.034819844785794585,0.027577114262739167,11,37,0.040101966880673016,0.2018011621585601,True,False,True,2.41311073418797e-05,COMPLETE
1392,0.19816617369651796,2025-04-18 17:25:14.963477,2025-04-18 17:25:39.526451,0 days 00:00:24.562974,0.02710685333610857,0.25466919954656514,8,0.013456465602175807,0.08606926245653679,0.06691982272283344,0.0310543151491382,0.0049352373526842935,0.07661536150042116,0.04131595200565443,12,43,0.03503343856545868,0.22282359215015773,False,True,True,1.610403689718009e-05,COMPLETE
1393,0.3489780128002167,2025-04-18 17:25:39.985393,2025-04-18 17:26:03.598807,0 days 00:00:23.613414,0.2772730396210972,0.17830310139051714,8,0.019174522048562168,0.11235689728019349,0.06719039463593798,0.024863167649388528,0.0166949326473004,0.0399433825037448,0.06048304618693458,10,32,0.031152165872861,0.19441908815269998,True,False,True,2.9477231613663364e-05,COMPLETE
1394,0.3907364070415497,2025-04-18 17:26:04.045982,2025-04-18 17:26:24.577094,0 days 00:00:20.531112,0.2527880800377212,0.12078580781974615,16,0.029254328845303275,0.09292552947106138,0.017421029649441852,0.028716914829727908,0.00858545741472729,0.08050529588406186,0.04860348255244518,11,40,0.03709864643795386,0.14326127607807584,True,False,True,1.7000771345223598e-05,COMPLETE
1395,0.3324470639228821,2025-04-18 17:26:25.027071,2025-04-18 17:26:49.815927,0 days 00:00:24.788856,0.20162719909025462,0.24023675539501416,8,0.005667796823687576,0.2244993737564678,0.07336246645038634,0.023140551056995577,0.012991050429659982,0.05574072445334129,0.07933104626456344,12,36,0.039093288268051474,0.18997111363530544,True,False,True,2.233201890129343e-05,COMPLETE
1396,0.27712679505348203,2025-04-18 17:26:50.259408,2025-04-18 17:27:16.469270,0 days 00:00:26.209862,0.060493341601025034,0.2814743994938486,16,0.04199290779502543,0.0603769463873728,0.07014148042833647,0.03221096573259238,0.006136561278316889,0.07333396067626274,0.033114599635725855,13,111,0.02950461487399987,0.21567377303194027,True,False,True,1.284616344217792e-05,COMPLETE
1397,0.32062884569168093,2025-04-18 17:27:16.914580,2025-04-18 17:27:37.528075,0 days 00:00:20.613495,0.6249966643730915,0.22762655049690156,16,0.0002800596717339879,0.10577428193973777,0.06536836484145132,0.026641790961754078,0.0010243539464547863,0.0747312824931884,0.06415464452230897,12,26,0.03382991678081844,0.20443920308842536,True,False,True,3.459027320539429e-05,COMPLETE
1398,0.3012970805168152,2025-04-18 17:27:37.988980,2025-04-18 17:27:59.286920,0 days 00:00:21.297940,0.22202173428949518,0.0971635610238667,16,0.035300520744127116,0.07015861387698843,0.05057105147629336,0.01771686878640949,0.049581634017898696,0.08159667454395474,0.054513150891422724,11,56,0.041701676916608504,0.13733387614419285,True,False,True,4.8587888233135725e-05,COMPLETE
1399,0.47708880901336675,2025-04-18 17:27:59.744096,2025-04-18 17:28:20.039768,0 days 00:00:20.295672,0.030013077159579495,0.0760707140309742,16,0.012386348935247265,0.09815827913685721,0.06884815692329908,0.03002210730103643,0.010564851437241871,0.078023372826853,0.041270922688724315,11,33,0.03605247129749869,0.19782551552625827,True,False,True,1.940183928880051e-05,COMPLETE
1400,0.34993324875831605,2025-04-18 17:28:20.489697,2025-04-18 17:28:42.243158,0 days 00:00:21.753461,0.23912921706611967,0.4608117277613232,8,0.023358095710649295,0.08586984382737534,0.0714085593692151,0.02452142811445938,0.007848663419703335,0.05100981801822622,0.0841386860006211,10,8,0.04357778996076729,0.12425800872566947,True,False,True,1.5201963139129029e-05,COMPLETE
1401,0.4338592290878296,2025-04-18 17:28:42.690396,2025-04-18 17:29:00.982877,0 days 00:00:18.292481,0.04821464854684912,0.04392937711112989,16,0.017931526250541306,0.10231004782869459,0.03049883630488546,0.03427550175291554,0.0031661339350613246,0.07621858766063201,0.07064893321503095,6,38,0.038762243989962475,0.18942098563972715,True,False,True,2.8361880382833145e-05,COMPLETE
1402,0.4165467143058777,2025-04-18 17:29:01.424689,2025-04-18 17:29:24.095170,0 days 00:00:22.670481,0.7312413955323956,0.3076947245272,16,0.009599252718450017,0.11421703957359954,0.06731515765040877,0.027079444570499243,0.005156799978201206,0.07941542964560268,0.04679189113529541,13,66,0.04071547286043174,0.14553332110638514,True,False,True,2.474892473291631e-05,COMPLETE
1403,0.3019202947616577,2025-04-18 17:29:24.538965,2025-04-18 17:29:45.547596,0 days 00:00:21.008631,0.30578418537859003,0.5144056747501191,16,0.12254221282722075,0.07587507501945201,0.06566691619918205,0.02163363150004248,0.015294696034864904,0.07049544822288333,0.030276384190824946,12,43,0.03384608851289296,0.15138263039381675,True,False,True,1.9244296498989658e-05,COMPLETE
1404,0.4156970798969269,2025-04-18 17:29:46.013978,2025-04-18 17:30:10.933573,0 days 00:00:24.919595,0.2029642988405599,0.1488242080693828,8,0.02538080368752972,0.09251585423628213,0.0436137978528526,0.031800844919270585,0.009817904833547815,0.08225420608724446,0.057749787198642315,12,30,0.0319516178862245,0.19954114970894676,True,False,True,1.4077610642141999e-05,COMPLETE
1405,0.4514797389507294,2025-04-18 17:30:11.382147,2025-04-18 17:30:34.199771,0 days 00:00:22.817624,0.010157241222741142,0.18203346134831047,16,0.032668722962023125,0.10693365720680523,0.07341155376236766,0.029283452872386952,0.012103418828669431,0.08029776993906891,0.03867635401358891,11,47,0.037737068372551585,0.13385294169220605,True,False,False,3.8023993614836925e-05,COMPLETE
1406,0.49572299718856816,2025-04-18 17:30:34.646045,2025-04-18 17:30:55.322728,0 days 00:00:20.676683,0.058391048445834565,0.2257156575248324,16,0.007122167405348026,0.09737149409276845,0.053024815050420865,0.02536195899734962,0.007150864482176946,0.07764152011307164,0.07180551018802221,12,35,0.03575497954430271,0.20854086384007503,True,False,True,2.373771874197968e-05,COMPLETE
1407,0.40329862236976627,2025-04-18 17:30:55.765992,2025-04-18 17:31:50.442021,0 days 00:00:54.676029,0.8057241696150854,0.1142472362108586,2,0.016859908192772728,0.0890734616663633,0.0640934647916283,0.02279280427111524,0.0030483855617925216,0.043576307319617355,0.05138135169389132,13,41,0.04341154893250703,0.1876636597443149,True,False,True,1.7002505473082303e-05,COMPLETE
1408,0.4389895617961884,2025-04-18 17:31:50.887488,2025-04-18 17:32:09.362194,0 days 00:00:18.474706,0.2588591813854701,0.28740058851021,16,0.012604197813778792,0.08366951760553819,0.06968448720230244,0.020116445920002935,0.0091550989669262,0.05222540252132809,0.08554606553619468,7,28,0.04042622700448464,0.19458000189757033,True,False,True,1.3248202063352439e-05,COMPLETE
1409,0.39511747360229493,2025-04-18 17:32:09.826968,2025-04-18 17:32:29.675904,0 days 00:00:19.848936,0.22682557575842746,0.2563363437144945,16,0.03880367363149369,0.1117419050654755,0.04592888228367746,0.02829996765693005,0.06371632012105008,0.04785477949491634,0.0004126241049937699,10,37,0.03314816498376812,0.12812208402105416,True,False,True,2.848890690572587e-05,COMPLETE
1410,0.09307204186916351,2025-04-18 17:32:30.124293,2025-04-18 17:32:53.570716,0 days 00:00:23.446423,0.2782768749311396,0.09039744436576844,8,0.027383573108551464,0.10302527859231732,0.07155592396315269,0.03340706411966702,0.005148820105210851,0.07271695720515567,0.059557199992477355,11,34,0.02906528869360145,0.20256483945613155,False,True,True,2.082902602954058e-05,COMPLETE
1411,0.50137357711792,2025-04-18 17:32:54.021476,2025-04-18 17:33:17.452889,0 days 00:00:23.431413,0.030484143926106485,0.19518439645014635,16,0.018146607796665243,0.09735224220704153,0.06797807274334246,0.030524454959809055,0.011856982308324307,0.07494359523942612,0.03596425664850049,18,39,0.03715735868692386,0.13897183618864928,True,False,True,3.3188310967238506e-05,COMPLETE
1412,0.48530079126358033,2025-04-18 17:33:17.897736,2025-04-18 17:33:41.909500,0 days 00:00:24.011764,0.05351295344538244,0.15016361878544243,16,0.13694821392059087,0.09071604730831793,0.0686154189544196,0.029967300835051384,0.015139039068523642,0.07187214402907245,0.02471657860454807,19,44,0.03502908070116801,0.10249319479016114,True,False,True,7.510435503440309e-05,COMPLETE
1413,0.3519379019737244,2025-04-18 17:33:42.355282,2025-04-18 17:34:06.194427,0 days 00:00:23.839145,0.061708407612395336,0.18011297419316832,16,0.031208842922247144,0.1911763667152194,0.004798624101626632,0.031193678645018662,0.013616002190563737,0.0734681359461028,0.02828929852136047,18,46,0.0370603451173908,0.15104067759783418,True,False,True,4.7625016856370966e-05,COMPLETE
1414,0.36097133755683897,2025-04-18 17:34:06.660350,2025-04-18 17:34:26.798660,0 days 00:00:20.138310,0.07142973041888803,0.9787731381736577,16,0.04188511637567212,0.08190545776493688,0.06701501272012918,0.028482112096213843,0.021766422123533732,0.07587044001587927,0.02141035822270916,10,40,0.03365586555075985,0.19402089717641152,True,False,True,4.478628568265513e-05,COMPLETE
1415,0.4899743437767029,2025-04-18 17:34:27.253834,2025-04-18 17:34:55.869588,0 days 00:00:28.615754,0.20667223394631323,0.18219671606842378,8,0.02377548608025448,0.09362336506864781,0.06906864572273443,0.027530534340542895,0.018223053534966543,0.07498281991052386,0.034165385985410475,17,41,0.0356996343937277,0.146695774227654,True,False,True,5.252470014352564e-05,COMPLETE
