number,value,datetime_start,datetime_complete,duration,params_alpha-eval,params_alpha-train,params_batch-size,params_eps-eval,params_eps-train,params_lambda-actions-eval,params_lambda-actions-train,params_lambda-frames-eval,params_lambda-frames-train,params_learning-rate,params_n-epochs,params_n-frames,params_radius-gw,params_rho,params_ub-actions,params_ub-frames,params_weight-decay,state
628,0.5441093206405639,2025-03-03 05:22:04.324671,2025-03-03 05:23:54.472182,0 days 00:01:50.147511,0.20996294288474268,0.38807083392290054,8,0.0010260119220957297,0.07488632687767494,0.03033366610376343,0.09166475812308252,0.026412482631322547,0.021037824798355215,0.008693995639449644,30,18,0.035347539715503126,0.12578523275559,False,False,1.4887062630107438e-06,COMPLETE
629,0.7503929644823074,2025-03-03 05:23:54.489983,2025-03-03 05:25:45.582213,0 days 00:01:51.092230,0.25513122921170733,0.31225999462667786,8,0.004194718175802608,0.07825405093519958,0.03780337171855011,0.09387624001008335,0.023236462915272836,0.024975860355897734,0.00369167758675226,30,19,0.0325900566430074,0.11623311652879596,False,False,1.2985566631202016e-06,COMPLETE
630,0.5577322959899902,2025-03-03 05:25:45.599194,2025-03-03 05:26:57.764947,0 days 00:01:12.165753,0.2396025379946039,0.37185236297118845,8,0.03146724107474733,0.07148055151902766,0.04181755487160052,0.09721132613037278,0.028627322157365794,0.022915224167630498,0.015017600256039177,18,18,0.03687996420100521,0.0994868180794389,False,False,8.957463438197558e-06,COMPLETE
631,0.5537666857242585,2025-03-03 05:26:57.781959,2025-03-03 05:27:59.255358,0 days 00:01:01.473399,0.22459765743697271,0.4121777661808883,8,0.007135194685168638,0.06841989984072523,0.022883497435348527,0.08831361812107572,0.025961352716452436,0.0205983953992836,0.005896297348039099,16,19,0.02735073292251191,0.10798004220710739,True,False,1.7639345501968027e-06,COMPLETE
632,0.8022967755794526,2025-03-03 05:27:59.282904,2025-03-03 05:29:49.429169,0 days 00:01:50.146265,0.2287285166354,0.3626899801443652,8,0.002703563214352479,0.07367790707486736,0.03933298166421109,0.09635068799435219,0.023171991136789076,0.017520141338450847,0.004708188970886098,30,18,0.03398702329694052,0.11897056242920155,False,False,1.1403731300159548e-06,COMPLETE
633,0.5464734256267548,2025-03-03 05:29:49.446127,2025-03-03 05:31:39.014950,0 days 00:01:49.568823,0.22681409698398203,0.3529368535704242,8,0.0010143690271875987,0.07277547237784762,0.039373302484159024,0.09635972524227035,0.02358308225325897,0.015690004442168212,0.005038301198733238,30,20,0.03438439806306823,0.12107667770625527,False,False,1.0154158900445852e-06,COMPLETE
634,0.5567213207483291,2025-03-03 05:31:39.032166,2025-03-03 05:33:22.485718,0 days 00:01:43.453552,0.2005905196206367,0.3419368867075191,8,0.00429230400486354,0.07047686643046602,0.03333433710868137,0.09516619521319788,0.024788002086074373,0.013677738052826967,0.007300186075417672,29,19,0.03715537226931993,0.1274901098597245,False,False,1.1304875203986788e-06,COMPLETE
635,0.7933322757482528,2025-03-03 05:33:22.502765,2025-03-03 05:35:12.916204,0 days 00:01:50.413439,0.24551687872382721,0.3502891857217818,8,0.003168889072650231,0.07420855177588823,0.04002101620132477,0.09299180480425627,0.022262485510043447,0.017484864438419203,0.004196493729538123,30,18,0.03386572772702134,0.12085493047042595,False,False,1.1930787092491994e-06,COMPLETE
636,0.6197991639375686,2025-03-03 05:35:12.933202,2025-03-03 05:37:03.052805,0 days 00:01:50.119603,0.21385966522411184,0.36725200161531585,8,0.005889744850238942,0.07210870496658078,0.036834503116292945,0.09776223252615181,0.02770152500114778,0.010905886860521243,0.005856125960267062,30,20,0.050246287215750314,0.11494363016300554,False,False,1.3081084983050364e-06,COMPLETE
637,0.7613734424114227,2025-03-03 05:37:03.070599,2025-03-03 05:38:45.956685,0 days 00:01:42.886086,0.23462084262083258,0.36083406501589416,8,0.0026064610281179507,0.07565971688968702,0.038715095108602576,0.09614480938888652,0.025602433996785585,0.018353089509714267,0.004780244878265906,29,19,0.03558039738423815,0.13321759384783097,False,False,1.1008281725940856e-06,COMPLETE
638,0.5440354853868484,2025-03-03 05:38:45.973924,2025-03-03 05:40:35.712525,0 days 00:01:49.738601,0.22095839092816325,0.37790463341822617,8,0.0010243282740787197,0.06846042452055097,0.04236183526840578,0.0683683422934328,0.03101144101004218,0.014714373528928203,0.007157470970689754,30,20,0.0378374204535637,0.14015645661601944,False,False,1.3550887890843506e-06,COMPLETE
639,0.5390796661376953,2025-03-03 05:40:35.730356,2025-03-03 05:42:26.607934,0 days 00:01:50.877578,0.2584795357873295,0.33343991561134256,8,0.008049963304954357,0.07370736594458958,0.038004286324894214,0.09096636701194177,0.08886605994694272,0.016637491102592772,0.009014419826104932,30,18,0.032810850351997566,0.12305257316164281,False,False,1.5865044781502957e-06,COMPLETE
640,0.6283900618553161,2025-03-03 05:42:26.625167,2025-03-03 05:44:17.091301,0 days 00:01:50.466134,0.23585678879657868,0.3600767868532934,8,0.004910409680305738,0.07048461442181349,0.04292100473715394,0.09404692193783047,0.02132902744823821,0.020422883331957378,0.005870471935966593,30,17,0.03515555544764547,0.1096970630984694,False,False,1.004148743874791e-06,COMPLETE
641,0.7878166496753694,2025-03-03 05:44:17.108817,2025-03-03 05:46:00.201435,0 days 00:01:43.092618,0.24955653263733427,0.3866477132858342,8,0.002927621615437014,0.07605378971250727,0.04145974618849458,0.09963992667092815,0.023648477446129537,0.019126138159073956,0.00430359807662255,29,19,0.030986440664316117,0.11564461626005407,False,False,1.9906143043521864e-06,COMPLETE
642,0.5635206371545791,2025-03-03 05:46:00.219235,2025-03-03 05:47:51.128339,0 days 00:01:50.909104,0.22586750737801936,0.3773957001073915,8,0.00508159023318145,0.06668756853318031,0.04434427576017461,0.09757858046570919,0.029279086114503534,0.01342286987088688,0.007930467343249144,30,19,0.038315234114951253,0.11778810510530993,False,False,1.221604713050663e-06,COMPLETE
643,0.8167368888854981,2025-03-03 05:47:51.145677,2025-03-03 05:49:42.054232,0 days 00:01:50.908555,0.21087230912517796,0.4025017205135263,8,0.0024321851379698247,0.0726794293408259,0.03564506456047533,0.09536840803964715,0.025688718911226694,0.017087783695738903,0.005154610041892644,30,18,0.033462926540762127,0.1266176233084141,False,False,1.4425883039641774e-06,COMPLETE
644,0.5290912717580795,2025-03-03 05:49:42.071769,2025-03-03 05:51:25.130609,0 days 00:01:43.058840,0.2003434128127046,0.42433982479984544,8,0.006483599345952124,0.07403002270871575,0.03303796508620981,0.09690249131552929,0.03379084391137916,0.015576714810111747,0.0035580673522897497,29,17,0.03308356360297799,0.12997939511512552,False,False,1.3859331187977577e-06,COMPLETE
645,0.5869884371757508,2025-03-03 05:51:25.148597,2025-03-03 05:52:47.146690,0 days 00:01:21.998093,0.20906723718955167,0.40741491478251907,8,0.0010615673310063322,0.0729344286144483,0.03632780155553029,0.09181972171714814,0.026616416249188847,0.017006065232605946,0.004563483018358062,21,18,0.03056919097494392,0.1264880800994959,False,False,1.147098065105949e-06,COMPLETE
646,0.5617441445589065,2025-03-03 05:52:47.164242,2025-03-03 05:54:15.510405,0 days 00:01:28.346163,0.21155963872752157,0.2810862106211641,8,0.004350565754479545,0.07595455379254096,0.028579926505640868,0.09965995562410461,0.04056675233632689,0.012096513362929877,0.0069050426443405845,24,18,0.03300247603401021,0.1323438876777613,False,False,1.4719048116032321e-06,COMPLETE
647,0.8240477323532105,2025-03-03 05:54:15.528878,2025-03-03 05:56:07.091135,0 days 00:01:51.562257,0.2427267957933573,0.4017535160997754,8,0.0027284468778638275,0.07455498854676317,0.03482520257496615,0.09558242687645664,0.028241862236775318,0.018346043528447577,0.011386455439791094,30,18,0.031246228061903247,0.10634246627612542,False,False,1.2630889405910616e-06,COMPLETE
648,0.6299042373895645,2025-03-03 05:56:07.109344,2025-03-03 05:57:28.308601,0 days 00:01:21.199257,0.21513469844303687,0.4206421505148822,8,0.009473830973375445,0.07435276268983358,0.03450629472848208,0.09570825639339665,0.032177011246395174,0.013976979778897253,0.016782832489838712,20,17,0.0351057731772436,0.10385240938647701,False,False,1.1504949329822326e-06,COMPLETE
649,0.617370906472206,2025-03-03 05:57:28.326044,2025-03-03 05:59:17.844777,0 days 00:01:49.518733,0.23559908029230697,0.41153514051545664,8,0.0010201437903927023,0.01223304496337902,0.03114959547984625,0.0927257444160362,0.029439871639658666,0.01804070491773029,0.011314295493088712,30,18,0.03357682308293858,0.09576568593293887,False,False,6.13483190752526e-05,COMPLETE
650,0.5297698259353638,2025-03-03 05:59:17.861987,2025-03-03 06:01:08.920100,0 days 00:01:51.058113,0.24439285397947938,0.40209936590260753,8,0.004411338613875505,0.07212016149956185,0.035650323545949034,0.09994983140115976,0.029566978620754043,0.018872107219153795,0.01368772386888287,30,21,0.03686357279430798,0.1387582788822877,False,False,1.2556351179070045e-06,COMPLETE
651,0.5397527068853378,2025-03-03 06:01:08.937592,2025-03-03 06:02:49.487810,0 days 00:01:40.550218,0.22606711899628085,0.4000111306952313,8,0.0065969270463202955,0.07522343688587753,0.03445873451563553,0.09416721333467741,0.0271071779985131,0.015617353814250862,0.013052725338276495,30,20,0.03264244314139435,0.10896161697200438,True,False,1.125364828136805e-06,COMPLETE
652,0.793095064163208,2025-03-03 06:02:49.505177,2025-03-03 06:04:32.916509,0 days 00:01:43.411332,0.21168197843440806,0.39015547842808107,8,0.0026588496126341886,0.07287633847470092,0.03382710996764024,0.09738812206389244,0.028360677043670245,0.01737435236859779,0.010962658026481088,29,18,0.030693639117275018,0.10252514524177334,False,False,1.3034097223126382e-06,COMPLETE
653,0.666459184885025,2025-03-03 06:04:32.933971,2025-03-03 06:06:23.974231,0 days 00:01:51.040260,0.23700486244523805,0.4207339723856698,8,0.004421142633898535,0.06977820675555592,0.03802731990101831,0.09547770471651199,0.02583332467947998,0.015540702104935657,0.009646353961344443,30,18,0.03845333727482566,0.11554523904200288,False,False,1.5933944899872716e-06,COMPLETE
654,0.8614818155765533,2025-03-03 06:06:23.991814,2025-03-03 06:08:14.824571,0 days 00:01:50.832757,0.22148651870009362,0.40556281991871507,8,0.0029607064486462083,0.07703192563201189,0.032282725836290715,0.09026318290906121,0.02582199383817683,0.019537652129426396,0.009428635344295121,30,20,0.03455386441941134,0.1237421437805804,False,False,1.0118615233986763e-06,COMPLETE
655,0.5250195562839508,2025-03-03 06:08:14.842151,2025-03-03 06:10:06.541912,0 days 00:01:51.699761,0.2179890902431607,0.4311140235357459,8,0.046904398590629455,0.0778037830969374,0.032876316371979505,0.08755537343867414,0.06685113250036644,0.019883131871467372,0.01244218238962991,30,21,0.036558084345627066,0.02443575099755499,False,False,1.006600418301261e-06,COMPLETE
656,0.5395196199417114,2025-03-03 06:10:06.559681,2025-03-03 06:11:50.367058,0 days 00:01:43.807377,0.20089153401888654,0.41259612646916627,8,0.007853171755242833,0.07628379561213616,0.02951311951060635,0.08981792726071498,0.03040291812717595,0.020996936841841226,0.010323761278167714,29,20,0.03512446893527001,0.09676239730364457,False,False,1.0130292338215258e-06,COMPLETE
657,0.6784085005521775,2025-03-03 06:11:50.384714,2025-03-03 06:13:41.877477,0 days 00:01:51.492763,0.2501277789743718,0.40437053771058756,8,0.005864992843037527,0.07684842674827261,0.034336653305448245,0.08902864983446176,0.02757117371784456,0.01939378840048136,0.009038146005333083,30,20,0.031747162859726355,0.12843340878136128,False,False,1.0006804100352136e-06,COMPLETE
658,0.559434688091278,2025-03-03 06:13:41.895201,2025-03-03 06:15:33.787232,0 days 00:01:51.892031,0.21891426360934862,0.42387814370124066,8,0.09043137340341648,0.07489189932322111,0.02838125750451476,0.09087457223797701,0.03154671718814238,0.01751733526307462,0.015919508194365016,30,20,0.040191753281202766,0.12282758026025069,False,False,1.3253979190361169e-06,COMPLETE
659,0.8209306240081786,2025-03-03 06:15:33.805433,2025-03-03 06:17:09.422666,0 days 00:01:35.617233,0.2392673976546966,0.40903434535024014,8,0.002786769510790663,0.07763144458132538,0.030774274891314325,0.09334303317864916,0.025632869601504064,0.02029580265112856,0.011605936735426405,25,20,0.036618875385371875,0.10954322432073164,False,False,1.6884100770585635e-06,COMPLETE
660,0.6535804241895675,2025-03-03 06:17:09.440419,2025-03-03 06:18:33.972811,0 days 00:01:24.532392,0.23184890808724865,0.3946817270548121,8,0.004538379223160381,0.07750747251944111,0.027200754270439984,0.09201029073542459,0.02721713678231336,0.01290790657997749,0.00856409238679793,22,21,0.038799860086738754,0.11186729235920582,False,False,1.6916620633822109e-06,COMPLETE
661,0.6832260131835938,2025-03-03 06:18:33.992246,2025-03-03 06:20:11.779214,0 days 00:01:37.786968,0.21136819249952138,0.4357605512535749,8,0.002485921084449293,0.07679150599075045,0.03056903947743284,0.08673594753169611,0.025546155343696454,0.019740588375101027,0.0003053034514445679,26,20,0.04227776263427873,0.13481184240484662,False,False,1.482995595986631e-06,COMPLETE
662,0.6252629429101944,2025-03-03 06:20:11.797123,2025-03-03 06:21:47.059392,0 days 00:01:35.262269,0.2402178123126069,0.413244524418974,8,0.0064907861212699595,0.07776662031365955,0.03063178065960777,0.09197908744532053,0.028082464008169158,0.017074528287994967,0.009892559629429462,25,21,0.03768010257465397,0.12519642635271971,False,False,1.250737122395681e-06,COMPLETE
663,0.5455540299415589,2025-03-03 06:21:47.077199,2025-03-03 06:23:16.174448,0 days 00:01:29.097249,0.22386366039506347,0.38875663449413184,8,0.06237960993105077,0.0791770578535896,0.030633469575483224,0.08932145890811305,0.02528380401077448,0.018836644334120713,0.013806204330148876,24,20,0.03653558144292268,0.14289261622441138,False,False,1.4936959549278273e-06,COMPLETE
664,0.5787369996309281,2025-03-03 06:23:16.192888,2025-03-03 06:24:43.421546,0 days 00:01:27.228658,0.2098915591348633,0.40453143949404574,8,0.010645065080682962,0.07526205555729956,0.03253932959475792,0.09372069548923022,0.03521900079538384,0.014802026435399386,0.008045618193289661,23,20,0.035015023099941735,0.11228777608540981,False,False,1.1922496634592863e-06,COMPLETE
665,0.5299949318170547,2025-03-03 06:24:43.439805,2025-03-03 06:26:10.606674,0 days 00:01:27.166869,0.24309633911412787,0.39345389339856734,8,0.00399057747056231,0.04780339873816583,0.02698169912051642,0.0934249105483181,0.029698544465020203,0.021235759077509832,0.006624300746671046,23,21,0.039851193881311885,0.10719017673154378,False,False,1.6443672323929037e-06,COMPLETE
666,0.5324773758649826,2025-03-03 06:26:10.626147,2025-03-03 06:27:33.694668,0 days 00:01:23.068521,0.22885934794572282,0.4164206873475444,8,0.008047707946532956,0.07823659742853184,0.032347974284248036,0.09025336738060981,0.026037700943768803,0.03095133482471964,0.011740355815787662,21,20,0.03759690461641854,0.11368034184357001,False,False,1.3569575567482264e-06,COMPLETE
667,0.8148842930793762,2025-03-03 06:27:33.713025,2025-03-03 06:29:12.208037,0 days 00:01:38.495012,0.20065203556040895,0.3803552441467769,8,0.002535424977241489,0.07609913473827351,0.030981631507481983,0.09240413227953753,0.0243034544708303,0.019771894368667744,0.007722666108838057,27,20,0.03484198854503508,0.10735111243465854,False,False,1.1458408769197384e-06,COMPLETE
668,0.5236271619796753,2025-03-03 06:29:12.236850,2025-03-03 06:30:49.998689,0 days 00:01:37.761839,0.2007968621439663,0.38066511424686295,8,0.001018952462807057,0.009017898098986232,0.02606224249812348,0.08533082745161552,0.02881864973114243,0.021745012395727084,0.009215473017059533,26,20,0.033588685821201454,0.1222115102179153,False,False,1.0014947741010027e-06,COMPLETE
669,0.6256046682596207,2025-03-03 06:30:50.016849,2025-03-03 06:32:18.500687,0 days 00:01:28.483838,0.2008980613465328,0.3827864938718972,8,0.005290782572826103,0.07647706740893469,0.03157001092283467,0.09156044156940867,0.026771655170064836,0.016357685540791235,0.007733705486832072,24,21,0.03462638549439907,0.1294269310850187,False,False,1.23358988289353e-06,COMPLETE
670,0.8268829584121704,2025-03-03 06:32:18.519148,2025-03-03 06:33:58.520190,0 days 00:01:40.001042,0.21946940320725486,0.37393590072178257,8,0.0026568424212850394,0.07884102066591687,0.028705448407967345,0.0880971409726513,0.02493306034094007,0.019348749487743913,0.00968051304133826,27,19,0.03225447372621702,0.10859134075439557,False,False,1.1242058565632316e-06,COMPLETE
671,0.6170676350593567,2025-03-03 06:33:58.538855,2025-03-03 06:35:28.348574,0 days 00:01:29.809719,0.20875847679716333,0.37030126090198034,8,0.004201539771363512,0.07860769006531604,0.02720124580691294,0.08668622457208024,0.03112998344022443,0.02186535598302361,0.011381512891036652,27,24,0.030208147484226497,0.10871334277907795,True,False,1.1303282467618587e-06,COMPLETE
672,0.5440354853868484,2025-03-03 06:35:28.367072,2025-03-03 06:37:07.116302,0 days 00:01:38.749230,0.21890728646119245,0.39203537382058684,8,0.0010108978150236987,0.078967732224873,0.025273861059925407,0.0849686620211597,0.024916664601358232,0.018444690894683383,0.018055261734538208,27,19,0.02915285152105171,0.10573995341651965,False,False,1.1399425899982193e-06,COMPLETE
673,0.6254798263311386,2025-03-03 06:37:07.134951,2025-03-03 06:38:42.982934,0 days 00:01:35.847983,0.2201843134994378,0.3693422850660657,8,0.005916626715038715,0.07891042183170925,0.028677034151240195,0.08926903917578502,0.02791635866841538,0.027823608966159222,0.010678729002064678,25,19,0.03232747745365009,0.10184705816842148,False,False,5.30537312202961e-06,COMPLETE
674,0.5476278990507126,2025-03-03 06:38:43.001101,2025-03-03 06:40:20.446434,0 days 00:01:37.445333,0.20991572036286857,0.3837579963076744,8,0.003990338906174148,0.07712150913685242,0.029129234718647645,0.08960034443952733,0.025108424300908122,0.025880764596534885,0.013902053298976716,26,19,0.03221441403529841,0.11313081340578626,False,False,1.1281255651641772e-06,COMPLETE
675,0.6463924050331116,2025-03-03 06:40:20.464671,2025-03-03 06:41:59.741931,0 days 00:01:39.277260,0.23014989817901013,0.39792293650308297,8,0.008718610447648465,0.04257440979797396,0.029815859479847173,0.0820666788017888,0.02723297184374882,0.014924279653800276,0.008321025827116852,27,10,0.027988436643823368,0.10703512980779027,False,False,1.2358134592888525e-06,COMPLETE
676,0.8287295699119568,2025-03-03 06:41:59.760695,2025-03-03 06:43:39.793036,0 days 00:01:40.032341,0.2217214777976696,0.3518466626804494,8,0.002560526527277838,0.07892575447681113,0.031930673972505985,0.08719654811165696,0.029536040912058203,0.020386451476897976,0.009888453673471695,27,19,0.03342130431197787,0.1192837409365839,False,False,1.1280089928077453e-06,COMPLETE
677,0.5436830699443818,2025-03-03 06:43:39.811722,2025-03-03 06:45:08.433718,0 days 00:01:28.621996,0.21358733010551204,0.35210012120111434,8,0.006607851091355914,0.07638636454962378,0.031540534247524184,0.087029916756453,0.03277717004825266,0.023003740561790824,0.010276873351715616,24,19,0.029368170285107176,0.12086212927772241,False,False,1.1055516222834743e-06,COMPLETE
678,0.5440354853868484,2025-03-03 06:45:08.451771,2025-03-03 06:46:45.258943,0 days 00:01:36.807172,0.200351129855095,0.35201614827435107,8,0.0010240352915571796,0.07558712203311437,0.032612412394539006,0.08436701705212606,0.030179252129986657,0.02046532286272413,0.014102819863096038,26,19,0.03139857079614808,0.12481704860200608,False,False,1.0016384361518753e-06,COMPLETE
679,0.6346481919288636,2025-03-03 06:46:45.277475,2025-03-03 06:48:25.280832,0 days 00:01:40.003357,0.2217313673908866,0.3245325679787462,8,0.004274172684688161,0.07837221396448407,0.03007167123164093,0.08778404273451579,0.028340283608485294,0.025253438404123016,0.0402533876334447,27,19,0.03373196317182245,0.11742376336536049,False,False,1.14537535897949e-06,COMPLETE
680,0.8588028192520141,2025-03-03 06:48:25.299098,2025-03-03 06:50:00.822816,0 days 00:01:35.523718,0.22739421655956857,0.34288822473430314,8,0.0026094420824333622,0.07806337895349619,0.028430321475438735,0.08805468866823508,0.03127079611900877,0.022437128834764387,0.009396558053290397,25,20,0.03346950291139035,0.13502144230906937,False,False,1.002488326091044e-06,COMPLETE
681,0.748634359240532,2025-03-03 06:50:00.841785,2025-03-03 06:51:36.368705,0 days 00:01:35.526920,0.21182070835769198,0.322381250772806,8,0.0029435121720476137,0.07746417113463945,0.02700969457559364,0.08783091927923112,0.032297029611170015,0.023463160323456654,0.010914918691130862,25,20,0.030752313039312945,0.12664324817329728,False,False,1.0169121900783481e-06,COMPLETE
682,0.6368947684764862,2025-03-03 06:51:36.387555,2025-03-03 06:53:11.663044,0 days 00:01:35.275489,0.2007262306374135,0.3434247721834604,8,0.0053607156098395056,0.07860649717541555,0.02900229221034111,0.0857961976846466,0.029842959477466582,0.029709038592414336,0.013086059528880534,25,20,0.06819531413465385,0.13809561907185755,False,False,1.304339642697487e-06,COMPLETE
683,0.7896453976631164,2025-03-03 06:53:11.683947,2025-03-03 06:54:47.397093,0 days 00:01:35.713146,0.2223886293910043,0.30525347222106536,8,0.002415138386696547,0.07921562258024782,0.03142874781808342,0.08713458799069948,0.032143804375777296,0.02480110063264667,0.00913241506570342,25,20,0.03223707127104437,0.1353883515055861,False,False,1.1246661729923714e-06,COMPLETE
684,0.5440354853868484,2025-03-03 06:54:47.415191,2025-03-03 06:56:26.246771,0 days 00:01:38.831580,0.22838127371157052,0.3240871700982221,8,0.0010162406485388334,0.08067791032428842,0.02445433092768696,0.08945429884972637,0.03411935983920655,0.02117055708914137,0.009690313947353637,27,21,0.028439512517887233,0.13286328624045157,False,False,1.0069623160396815e-06,COMPLETE
