number,value,datetime_start,datetime_complete,duration,params_alpha-eval,params_alpha-train,params_batch-size,params_eps-eval,params_eps-train,params_lambda-actions-eval,params_lambda-actions-train,params_lambda-frames-eval,params_lambda-frames-train,params_learning-rate,params_n-epochs,params_n-frames,params_radius-gw,params_rho,params_ub-actions,params_ub-frames,params_weight-decay,state
685,0.547572699189186,2025-03-03 06:56:26.265106,2025-03-03 06:58:05.933630,0 days 00:01:39.668524,0.21664598201549237,0.33366587538768333,8,0.007115714962612912,0.0765468882022998,0.03361534922200788,0.08257393921556373,0.02889107288425788,0.026622438708611793,0.012165524329221524,27,20,0.025998626615513186,0.12881217578495513,False,False,1.006903689928019e-06,COMPLETE
686,0.5457256019115447,2025-03-03 06:58:05.952377,2025-03-03 06:59:42.102568,0 days 00:01:36.150191,0.23102353790920455,0.3487075790728558,8,0.005161873845377552,0.07509748188387194,0.024712094735039058,0.09027759568095065,0.030522559026186682,0.02344682294724207,0.01564842967388459,25,20,0.03361069287762164,0.13460424892949407,False,False,1.2532479360152118e-06,COMPLETE
687,0.8023443013429641,2025-03-03 06:59:42.121534,2025-03-03 07:01:22.125398,0 days 00:01:40.003864,0.21243254429557767,0.3327979893422982,8,0.002927475932362806,0.07909531414230621,0.03541253710203396,0.08835685691019317,0.07240100934443873,0.022513337234492684,0.008658576145128265,27,21,0.030304231764856197,0.14624113981606218,False,False,1.3202239449960046e-06,COMPLETE
688,0.5787291496992111,2025-03-03 07:01:22.144127,2025-03-03 07:02:59.519916,0 days 00:01:37.375789,0.6925342830311343,0.3379961755214486,8,0.004169999347861084,0.07709594831182023,0.028284782647501137,0.08490984919916746,0.03765600601319713,0.02074521294445191,0.010308543979200469,26,20,0.033222876789066325,0.12203731869641145,False,False,1.3068550958623121e-06,COMPLETE
689,0.5402331858873367,2025-03-03 07:02:59.538249,2025-03-03 07:04:35.499407,0 days 00:01:35.961158,0.22978276586323515,0.35949020029992595,8,0.007552950304755699,0.07555548177627591,0.030845418400111277,0.09147025907803469,0.026678475326976963,0.028161132785752514,0.02241696795492866,25,19,0.03168515809282876,0.1413851589373546,False,False,1.1391010205961296e-06,COMPLETE
690,0.5440354853868484,2025-03-03 07:04:35.519135,2025-03-03 07:06:12.271267,0 days 00:01:36.752132,0.22211997566633895,0.3406870031306233,8,0.0010483280415772092,0.08022396667889795,0.02572254022400154,0.08810068304792032,0.028630811539662477,0.025647684687691442,0.009023180036737433,26,20,0.03463883446078604,0.1174946833494742,False,False,1.008654711623866e-06,COMPLETE
691,0.541405701637268,2025-03-03 07:06:12.290268,2025-03-03 07:07:41.560317,0 days 00:01:29.270049,0.2374039630788909,0.3562983390070704,8,0.01688758004893208,0.0748812278629816,0.03265866231434837,0.09075411110121687,0.07549285582384183,0.022075983305568283,0.007442001163299876,27,19,0.028987321054041285,0.12903199319272718,True,False,1.3813735990001993e-06,COMPLETE
692,0.5324633181095123,2025-03-03 07:07:41.579501,2025-03-03 07:09:17.756575,0 days 00:01:36.177074,0.20050102496317357,0.36232674445117796,8,0.004227335680737725,0.07847691848026346,0.03482103747570933,0.09239629708826333,0.03613909059802871,0.020278878081349604,0.012282983873483509,25,20,0.03441193407864893,0.11971892651187263,False,False,1.1758006084970967e-06,COMPLETE
693,0.764541444182396,2025-03-03 07:09:17.775835,2025-03-03 07:10:55.128707,0 days 00:01:37.352872,0.21331921710057938,0.3686593764053727,8,0.0027751840141461994,0.07651078002734488,0.02821022399040076,0.08891344040140578,0.026721727401681095,0.02476739288185435,0.007545589597096193,26,21,0.03210282860533237,0.11430070993992326,False,False,1.4232170435430532e-06,COMPLETE
694,0.5582950413227081,2025-03-03 07:10:55.147802,2025-03-03 07:12:33.462929,0 days 00:01:38.315127,0.2525009781219171,0.3552431066792955,8,0.005960599082954888,0.07423743651113711,0.0213671899095113,0.09273093683461923,0.02598002468199684,0.019750386795931784,0.00939241192270229,26,19,0.027253242463740744,0.12310600095551702,False,False,1.256569670054457e-06,COMPLETE
695,0.5284375458955765,2025-03-03 07:12:33.482036,2025-03-03 07:14:13.106875,0 days 00:01:39.624839,0.2337203323556279,0.3444917894398394,8,0.009481156366292697,0.08094590927120063,0.031756937092548336,0.08430538486428153,0.029835173131524013,0.02278223902522373,0.010953609880161797,27,19,0.03560861375325591,0.1312459109964977,False,False,1.5873414043532048e-06,COMPLETE
696,0.5440354853868484,2025-03-03 07:14:13.125808,2025-03-03 07:15:52.197456,0 days 00:01:39.071648,0.22181049743030398,0.36981133374572117,8,0.001011310656111105,0.07826594424086107,0.03522107690719038,0.08695466776177825,0.03106420822211021,0.02631804761894789,0.006736820406150128,27,20,0.03034594461511679,0.11366875324103308,False,False,1.2016102749475212e-06,COMPLETE
697,0.6903510928153991,2025-03-03 07:15:52.216171,2025-03-03 07:17:28.104541,0 days 00:01:35.888370,0.2107963577859267,0.37615220826867424,8,0.004613650602102323,0.07442036994623191,0.029677143995626147,0.07933930372949635,0.028020821542319503,0.018494512538397654,0.007900403698070418,25,19,0.03338563682456098,0.11036661040961283,False,False,1.4097581781643987e-06,COMPLETE
698,0.5475915789604187,2025-03-03 07:17:28.123649,2025-03-03 07:19:04.917861,0 days 00:01:36.794212,0.24413566623490354,0.42546579130575457,8,0.09660532839546443,0.076705429482102,0.0328155918958708,0.09234722919612254,0.024607640563269074,0.029388672282362006,0.016208436041031768,25,21,0.035393089657350975,0.12339612611982757,False,False,1.0980618331888677e-06,COMPLETE
699,0.7528997987508774,2025-03-03 07:19:04.936434,2025-03-03 07:20:42.760090,0 days 00:01:37.823656,0.22981125647906794,0.3593960165430168,8,0.0026528836680602573,0.07465637381084234,0.027689139481482654,0.09021118576182191,0.02660363568154369,0.021419556997891,0.009020269863999387,26,20,0.03202187064427186,0.11721383872158765,False,False,1.7081727086800899e-06,COMPLETE
700,0.5663773566484451,2025-03-03 07:20:42.789975,2025-03-03 07:22:11.559170,0 days 00:01:28.769195,0.25910471293746284,0.317977926756564,8,0.006236798468336201,0.07912587999349856,0.030585709616052722,0.09104515371657683,0.03354786252938439,0.023986279823828213,0.012308473105509423,24,19,0.029082864931024518,0.10941103816291117,False,False,1.318754261986394e-06,COMPLETE
701,0.7928145527839661,2025-03-03 07:22:11.578472,2025-03-03 07:23:50.721677,0 days 00:01:39.143205,0.21925498741539162,0.37736663796243736,8,0.0028116520180589215,0.07705084002126722,0.03608672555309702,0.0929703898744694,0.028210784825716033,0.01712473336887566,0.006663742939184273,27,20,0.03342726156402385,0.13573999798863154,False,False,1.1109847468730557e-06,COMPLETE
702,0.5334014087915421,2025-03-03 07:23:50.741212,2025-03-03 07:25:27.611721,0 days 00:01:36.870509,0.20007484323065972,0.3363190358418572,8,0.07863843794202845,0.0811994197639771,0.03421952327669009,0.09480648378205427,0.025079661423949944,0.01914269615052962,0.008306545836104169,25,20,0.03624510881974765,0.12812364625313696,False,False,1.4661212168182452e-06,COMPLETE
703,0.6825601041316987,2025-03-03 07:25:27.630830,2025-03-03 07:27:07.885838,0 days 00:01:40.255008,0.2413544526777735,0.41043247150376283,8,0.0043637254827871,0.07343865599331847,0.023696832703613932,0.08782381312311303,0.03079938358022451,0.022553518533561565,0.010167302615123311,27,19,0.030556162434870204,0.1158943818451789,False,False,1.5657594597602099e-06,COMPLETE
704,0.602743113040924,2025-03-03 07:27:07.904229,2025-03-03 07:28:46.158390,0 days 00:01:38.254161,0.23085619924180728,0.38731308750485943,8,0.007727038268031338,0.0757665070042797,0.03447193599749201,0.08548794242046294,0.024632917648426688,0.031603246659118886,0.006415667960478034,26,21,0.08520397324750811,0.10587415882523613,False,False,1.2706218343349712e-06,COMPLETE
705,0.6151573777198791,2025-03-03 07:28:46.177908,2025-03-03 07:30:22.188228,0 days 00:01:36.010320,0.6551875090228564,0.4002767726700653,8,0.011882394828132433,0.07869371647420025,0.031924803400949095,0.09015595282430215,0.027331663635191947,0.02079408315313483,0.007267483957109968,25,20,0.03372409891122708,0.12098919662116003,False,False,1.0134476579200776e-06,COMPLETE
706,0.6529154539108276,2025-03-03 07:30:22.207369,2025-03-03 07:31:59.625082,0 days 00:01:37.417713,0.21105123665547704,0.367777295866924,8,0.0027918354586029897,0.07338499563066371,0.02784764685443812,0.09302463835239937,0.023881555580825827,0.025168856896142778,0.012512794858015092,26,19,0.048525841866657156,0.11170836502899834,False,False,1.1348455565056825e-06,COMPLETE
707,0.5459150731563568,2025-03-03 07:31:59.644015,2025-03-03 07:33:41.358634,0 days 00:01:41.714619,0.25084364920178276,0.4319539682398592,8,0.005647154566741596,0.07635626106285916,0.030584970532114578,0.0942002530400926,0.028978975073571334,0.01646375948047163,0.00816925975613372,28,19,0.026869165299022044,0.12586742223574476,False,False,1.6908982244776958e-06,COMPLETE
708,0.5440354853868484,2025-03-03 07:33:41.377627,2025-03-03 07:35:20.037588,0 days 00:01:38.659961,0.22252519744465304,0.3875589278280877,8,0.0010334925779155147,0.07456239946459976,0.025611340522627257,0.0888820067944262,0.026048463538346302,0.01953932816909199,0.006434322460793948,27,21,0.038461337542279074,0.13975898672533893,False,False,1.373204179740279e-06,COMPLETE
709,0.6390199452638626,2025-03-03 07:35:20.056035,2025-03-03 07:37:02.432386,0 days 00:01:42.376351,0.23969306061114404,0.35067284457678516,8,0.004213233717786261,0.08129137962903404,0.03678198251663492,0.09713180156698295,0.02411326461284039,0.023103510512078117,0.009877081711053748,28,20,0.03161309619224449,0.10756366925178468,False,False,1.248842701277599e-06,COMPLETE
710,0.625952398777008,2025-03-03 07:37:02.452082,2025-03-03 07:38:21.525143,0 days 00:01:19.073061,0.26040598124236813,0.4091779616663349,8,0.006444895416009138,0.07801116733294658,0.029839643544769173,0.09181754607345133,0.02703837554387009,0.02803098448605306,0.019084717314077425,24,19,0.03617569407651659,0.11766167030712987,True,False,1.5442501087184574e-06,COMPLETE
711,0.8043302476406098,2025-03-03 07:38:21.544098,2025-03-03 07:39:57.901640,0 days 00:01:36.357542,0.22320703199745437,0.37564066529720136,8,0.0027662746946050046,0.07267257170581426,0.03268890751206366,0.09539515467352658,0.047589206390478575,0.021379452654783707,0.007772105119968836,25,20,0.03461255444057738,0.10418042380925402,False,False,1.0152710843726407e-06,COMPLETE
712,0.5440354853868484,2025-03-03 07:39:57.920531,2025-03-03 07:41:35.796210,0 days 00:01:37.875679,0.20884009193320824,0.39577603338425493,8,0.0010251249061724004,0.07693764174827168,0.034054848214205,0.07573489129131858,0.03182599233006098,0.010209234838884074,0.00614756806844717,27,19,0.032310716320615405,0.11337002601080892,False,False,1.761472831460149e-06,COMPLETE
713,0.547984603047371,2025-03-03 07:41:35.815159,2025-03-03 07:43:13.460596,0 days 00:01:37.645437,0.2352814952292355,0.36227226403611146,8,0.004377854451381372,0.0798325070825594,0.028999982608303238,0.08670495919513128,0.02938161702256984,0.01848070361282112,0.011126708629112681,26,21,0.029306088247592843,0.13181391541606657,False,False,1.3981112784836747e-06,COMPLETE
714,0.5361888140439988,2025-03-03 07:43:13.480202,2025-03-03 07:44:55.312834,0 days 00:01:41.832632,0.24686804189956152,0.4196002272104244,8,0.00803394901226076,0.07583516338447419,0.03206203382617891,0.08197269946638405,0.02264278237466097,0.026802719839137866,0.00882097099620607,28,18,0.0371254125255633,0.12431076987330575,False,False,1.1600236916425467e-06,COMPLETE
715,0.7264172494411468,2025-03-03 07:44:55.332379,2025-03-03 07:46:31.705438,0 days 00:01:36.373059,0.22041406901005903,0.38020180357717304,8,0.0027443233358442087,0.07281874664558015,0.037110126248179734,0.09801829534489705,0.02569580846334853,0.024441283645510726,0.015226757249705073,25,20,0.034458174513315926,0.11017679263554123,False,False,1.0045414302455157e-06,COMPLETE
716,0.6343268275260926,2025-03-03 07:46:31.724467,2025-03-03 07:47:57.942833,0 days 00:01:26.218366,0.23176884621099775,0.40187245137035593,8,0.00488795843899186,0.07464724540905636,0.026182221109704466,0.09376713805232663,0.02800865480025749,0.015908295210124462,0.0065879021868208276,23,19,0.06475155960024637,0.11975359916622025,False,False,1.2680768292050276e-06,COMPLETE
717,0.6772191971540451,2025-03-03 07:47:57.962530,2025-03-03 07:49:37.970537,0 days 00:01:40.008007,0.209399772650019,0.3895829954114626,8,0.0029783598177513856,0.07829952760759482,0.029926051161434368,0.09076114665599751,0.023140184409031015,0.012908390841245725,0.007443966376563558,27,4,0.04126449061947208,0.1036754791308253,False,False,1.4878199637463318e-06,COMPLETE
718,0.5660731375217437,2025-03-03 07:49:37.989784,2025-03-03 07:51:13.822280,0 days 00:01:35.832496,0.26572421732799945,0.34426872716954177,8,0.005970461338269907,0.07242471803810166,0.03497086520756887,0.09618796600902448,0.025579670488141363,0.020281426319770864,0.0055780738616462815,25,20,0.03110653910294128,0.11337418304843393,False,False,1.0012458655217423e-06,COMPLETE
719,0.5440354853868484,2025-03-03 07:51:13.843718,2025-03-03 07:52:51.372955,0 days 00:01:37.529237,0.2464900933297991,0.4176373507342642,8,0.0027776878359179013,0.0755798023212782,0.03668493771935498,0.08888824938789215,0.0297700217071527,0.022356217367111512,1.712389767301297e-05,26,25,0.03827349261122208,0.12677640261983253,False,False,1.7642427688400844e-06,COMPLETE
720,0.6140286713838577,2025-03-03 07:52:51.392779,2025-03-03 07:54:20.058128,0 days 00:01:28.665349,0.22244889716250074,0.3715091640523665,8,0.009899965711300881,0.08115635695764588,0.03253973183768313,0.09444608043479878,0.02396221160904267,0.017370286010926828,0.0105108752895539,24,19,0.05812494880807467,0.10288133101798916,False,False,1.1785258286114696e-06,COMPLETE
721,0.5440354853868484,2025-03-03 07:54:20.077658,2025-03-03 07:56:02.488659,0 days 00:01:42.411001,0.20053341303600392,0.39989863670720294,8,0.0046739952097269236,0.0742305781077503,0.02723776069400451,0.08421152114736256,0.027331055572799284,0.02405805432198367,0.09904295727646283,29,17,0.03305682357982688,0.1091834078793274,False,False,1.406790594065461e-06,COMPLETE
722,0.6246436655521392,2025-03-03 07:56:02.508076,2025-03-03 07:57:42.657672,0 days 00:01:40.149596,0.23686653239893962,0.3279163907606261,8,0.007211117213007752,0.07761620870714708,0.035392868225125405,0.0912278198302696,0.02177997429930366,0.019677853252791148,0.013815095209972286,27,18,0.035748649789270275,0.11861847458291784,False,False,1.2608261500438728e-06,COMPLETE
723,0.5440354853868484,2025-03-03 07:57:42.676840,2025-03-03 07:59:22.755721,0 days 00:01:40.078881,0.21224331453514791,0.3578036912389728,8,0.0010235869643094144,0.07988193262491036,0.028728941079007544,0.09299429058946443,0.032648650482799066,0.02190956280756324,2.8734374243974182e-05,28,20,0.0278735713152792,0.2527182307763245,False,False,1.5190618925535208e-06,COMPLETE
724,0.6426320552825927,2025-03-03 07:59:22.775322,2025-03-03 08:01:05.670359,0 days 00:01:42.895037,0.25564487431552985,0.37929743860210824,8,0.0039859082673235164,0.07285431177798886,0.03154993214225996,0.09777280664190137,0.02611628792503337,0.025706053745318258,0.008900598549829414,29,19,0.030319031999158648,0.1321736972922951,False,False,1.8138658338502681e-06,COMPLETE
725,0.8448991894721984,2025-03-03 08:01:05.689511,2025-03-03 08:02:44.835995,0 days 00:01:39.146484,0.23208976682486762,0.41025559529436556,8,0.002677318403206465,0.07653062322017774,0.03419424486547083,0.09589174166268649,0.024537903002213313,0.017911744956362413,0.00599498257330945,27,21,0.033424214660246,0.10817114258403525,False,False,1.1390081453764833e-06,COMPLETE
726,0.6345502197742462,2025-03-03 08:02:44.855240,2025-03-03 08:04:24.140231,0 days 00:01:39.284991,0.22311710847195043,0.4403304850455967,8,0.00591795687802514,0.07904530661063475,0.03421140655900174,0.0956131305416654,0.029529150950019133,0.014615951497789447,0.006989693252501089,27,23,0.03603357364882885,0.10249060022362325,False,False,1.1449164430204576e-06,COMPLETE
727,0.6585383713245392,2025-03-03 08:04:24.160207,2025-03-03 08:06:03.392361,0 days 00:01:39.232154,0.22941762257911766,0.42881992891233234,8,0.0027476283092415666,0.07696240685121454,0.03834796766299018,0.09785445316550599,0.02777080814018556,0.016740001927204505,0.008238653438868902,27,22,0.09670314118312115,0.09708793519916319,False,False,1.2040203472484774e-06,COMPLETE
728,0.6441860616207122,2025-03-03 08:06:03.411569,2025-03-03 08:07:43.921964,0 days 00:01:40.510395,0.2109612707809429,0.41085092655547545,8,0.00445003812575267,0.09789206743518122,0.033294952672613266,0.09992064054118174,0.02505191337266022,0.029696320974257187,0.005880034113941037,27,21,0.03407273716211042,0.10548685111346581,False,False,1.009218750479655e-06,COMPLETE
729,0.5440354853868484,2025-03-03 08:07:43.941376,2025-03-03 08:09:12.380191,0 days 00:01:28.438815,0.22027527334875752,0.42263129925839416,8,0.0010633276131581113,0.08187259940760147,0.036896913749468484,0.09551482940296369,0.03106068159650287,0.020793256347466812,0.011826235228199299,27,22,0.039842510356403404,0.10845282767291926,True,False,1.1230280858663366e-06,COMPLETE
730,0.5365350782871247,2025-03-03 08:09:12.399764,2025-03-03 08:10:52.112417,0 days 00:01:39.712653,0.23438740795953492,0.40841756243069305,8,0.008707268235282652,0.07694464725317095,0.03142603748047547,0.09307521390676578,0.026084495070803005,0.017994279247590055,4.944560869923969e-05,27,21,0.03812274289179739,0.14525244827839756,False,False,2.102246499512483e-05,COMPLETE
731,0.5585479676723479,2025-03-03 08:10:52.131827,2025-03-03 08:12:34.247695,0 days 00:01:42.115868,0.2000995290298645,0.43896020057870605,8,0.006151443513648748,0.07957137483253438,0.03665340613533331,0.09452400166112508,0.021881510886033406,0.027494005013821515,0.009492957469079286,28,18,0.0350803675733655,0.09868170505955112,False,False,1.2712055975900365e-06,COMPLETE
732,0.6848976701498031,2025-03-03 08:12:34.267630,2025-03-03 08:14:14.874808,0 days 00:01:40.607178,0.2157217282484543,0.7997254872061998,8,0.0038467527514689263,0.07506897571483016,0.0025435279373744457,0.09657927501018644,0.0281059624091922,0.023781170147247607,0.00737231208497392,27,18,0.03301015235776007,0.11200165596968167,False,False,1.0021413922366785e-06,COMPLETE
733,0.5453781962394715,2025-03-03 08:14:14.905155,2025-03-03 08:15:51.999973,0 days 00:01:37.094818,0.24320150998459691,0.42125903880882565,8,0.0010135816943438003,0.07790937465581303,0.03417501691907607,0.0914190153362346,0.023624536434811726,0.01496705850382753,0.005880968573604997,26,17,0.025028366256502555,0.10234176122973136,False,False,1.346717183756295e-06,COMPLETE
734,0.611317926645279,2025-03-03 08:15:52.019652,2025-03-03 08:17:05.089730,0 days 00:01:13.070078,0.22951746704302617,0.3985825220277021,8,0.002839492779904851,0.07580264968223487,0.030101067268625627,0.08882582347045502,0.024885048910925665,0.019625920652992773,0.006669607316640615,19,22,0.07176513197501974,0.10983339881677928,False,False,1.1721819414442728e-06,COMPLETE
735,0.6391867727041244,2025-03-03 08:17:05.109905,2025-03-03 08:18:44.203995,0 days 00:01:39.094090,0.25276211014094657,0.45249828333848185,8,0.0058225621564671395,0.08045721481987257,0.038375055717392206,0.09407823313538585,0.029019643140788635,0.021730690705935654,0.010209243542709487,27,21,0.04435821548126347,0.09458662946662927,False,False,1.0010343302390116e-06,COMPLETE
736,0.5614476293325423,2025-03-03 08:18:44.223516,2025-03-03 08:20:22.016948,0 days 00:01:37.793432,0.2092551662270442,0.4109492656657169,8,0.007409451535720621,0.07489553484152223,0.03348210809986131,0.09798591859352827,0.022037923424925283,0.011810453113328144,0.00838484084181007,26,18,0.037037979092363324,0.11553709226845385,False,False,1.3641172711797386e-06,COMPLETE
737,0.7625498473644257,2025-03-03 08:20:22.036521,2025-03-03 08:22:01.515601,0 days 00:01:39.479080,0.22954262185834806,0.3908975600893181,8,0.003894517001202632,0.07798419143970962,0.03553615649411989,0.07178027427783996,0.02643825021293482,0.025327418826219753,0.005436213836369415,27,19,0.031423740655147386,0.12235036045243647,False,False,1.2528800033235854e-05,COMPLETE
738,0.8150322556495667,2025-03-03 08:22:01.535232,2025-03-03 08:23:42.955981,0 days 00:01:41.420749,0.2187367517680469,0.4042003128927679,8,0.002721207534746569,0.0816881847598591,0.03243274020199706,0.0858589281867779,0.03101078609621455,0.03223478442564468,0.0070748808244884,28,21,0.03974110933212399,0.1062328649839959,False,False,1.1276043180088015e-06,COMPLETE
739,0.5288432955741882,2025-03-03 08:23:42.976085,2025-03-03 08:25:24.459812,0 days 00:01:41.483727,0.21580626177802387,0.42143961043314093,8,0.004833283339429298,0.08209098920982233,0.02813000577643798,0.08310199746829315,0.034030546486386246,0.032641295520515944,0.01282216843475441,28,21,0.041074997688446684,0.10304971910579032,False,False,1.1217163921445681e-06,COMPLETE
740,0.5440354853868484,2025-03-03 08:25:24.480352,2025-03-03 08:27:03.156510,0 days 00:01:38.676158,0.20934138194608296,0.4316980147054391,8,0.0010065065036173229,0.08154362774240692,0.03107832603033132,0.08647512744796293,0.03233301206110388,0.030901629539034952,0.009724333075809366,28,22,0.04570502936327911,0.09822439408265735,False,False,1.1557341168943655e-06,COMPLETE
741,0.6373901247978211,2025-03-03 08:27:03.176139,2025-03-03 08:28:42.580087,0 days 00:01:39.403948,0.2001394426405552,0.41203261773823746,8,0.002808404226522903,0.08143360291670111,0.03159619042007151,0.08049958656841427,0.0315459270951007,0.0174998419822581,0.007804187060676185,28,22,0.07639226248261596,0.0926951271490065,False,False,1.2519112048363205e-06,COMPLETE
