number,value,datetime_start,datetime_complete,duration,params_alpha-eval,params_alpha-train,params_batch-size,params_eps-eval,params_eps-train,params_lambda-actions-eval,params_lambda-actions-train,params_lambda-frames-eval,params_lambda-frames-train,params_learning-rate,params_n-epochs,params_n-frames,params_radius-gw,params_rho,params_ub-actions,params_ub-frames,params_weight-decay,state
970,0.5700623363256454,2025-03-03 14:49:41.785025,2025-03-03 14:51:25.199772,0 days 00:01:43.414747,0.625700804156929,0.3756157281174108,8,0.0030411013639232375,0.06957712381092736,0.0423210385897843,0.08292924740025927,0.03104298023376293,0.007850850092173338,0.0072704590037283665,29,18,0.029419921467506892,0.11208361423428692,False,False,1.1190615360690398e-06,COMPLETE
971,0.6351793557405472,2025-03-03 14:51:25.224819,2025-03-03 14:53:05.791393,0 days 00:01:40.566574,0.2083325120922652,0.4091671664066038,8,0.008694155454754845,0.0776921080427279,0.037813481611350466,0.08695030369590648,0.027709733165607153,0.011459797601789504,0.012053179728617504,28,20,0.03308310472683609,0.24400961637909097,False,False,1.6170766414727602e-06,COMPLETE
972,0.5440354853868484,2025-03-03 14:53:05.817139,2025-03-03 14:54:46.795549,0 days 00:01:40.978410,0.25773755725260417,0.3832137895850577,8,0.0010079769573661855,0.07199380980187085,0.02488461750376427,0.09406367940692456,0.02900805276073195,0.028359313161140865,0.008835783394844615,29,21,0.027108333120662187,0.07895685542046657,False,False,1.400183827879115e-06,COMPLETE
973,0.6287861138582229,2025-03-03 14:54:46.820513,2025-03-03 14:56:29.404430,0 days 00:01:42.583917,0.2387560620917682,0.42747071152150584,8,0.006375731711615192,0.0764877266369576,0.03141768364831118,0.09632199892876181,0.02288518039874045,0.014880575677579933,0.01480990589301121,29,19,0.03630006127856081,0.11791186266060295,False,False,1.1405952707020424e-06,COMPLETE
974,0.623070016503334,2025-03-03 14:56:29.429319,2025-03-03 14:58:10.494066,0 days 00:01:41.064747,0.22372260486914664,0.39080583922082457,8,0.004174065426345484,0.07979516058649337,0.03508478123008619,0.09082188421660471,0.02636924757411429,0.00929894226719905,0.010795498149657044,28,20,0.02350993077670623,0.10823129082452612,False,False,1.952234935333237e-06,COMPLETE
975,0.8616213262081146,2025-03-03 14:58:10.518809,2025-03-03 14:59:52.946851,0 days 00:01:42.428042,0.24473277975131325,0.40665572129459865,8,0.002737790607997721,0.07446016998716848,0.028401469264721427,0.09302663235480427,0.024593012752279732,0.025212282986545508,0.007181629401640825,29,18,0.03125624382336533,0.10010020040107087,False,False,1.2976544342427022e-06,COMPLETE
976,0.8125848948955536,2025-03-03 14:59:52.972787,2025-03-03 15:01:35.524509,0 days 00:01:42.551722,0.2538430719509879,0.36437475931609387,8,0.002764509345205255,0.07289211544576081,0.029307566308084242,0.09281550883231138,0.03322082722385612,0.027474718611556162,0.007603958415299657,29,18,0.02957693844930319,0.08865333187244666,False,False,1.0075840454291907e-06,COMPLETE
977,0.5395220398902894,2025-03-03 15:01:35.549610,2025-03-03 15:03:17.838427,0 days 00:01:42.288817,0.2582557413804307,0.40693169693159026,8,0.005337946662984351,0.06607083730299146,0.02606152625865273,0.09421620326333362,0.030016982131875355,0.024933524705418795,0.009346074499816658,29,17,0.026375277376020384,0.09503869712128293,False,False,1.263657313133285e-06,COMPLETE
978,0.5419510960578918,2025-03-03 15:03:17.875394,2025-03-03 15:04:49.407703,0 days 00:01:31.532309,0.2468666326107753,0.42471133656068766,8,0.0026910933071184777,0.06844855306334556,0.02677955966351854,0.09707180662710829,0.02764438024927228,0.025433089381197784,0.007215394209395234,29,18,0.03113204814536079,0.09785858053572696,True,False,1.1098989540539102e-06,COMPLETE
979,0.6309610486030578,2025-03-03 15:04:49.432780,2025-03-03 15:06:33.318719,0 days 00:01:43.885939,0.26571421460912686,0.45656359306529665,8,0.004651416888518206,0.0711880627144414,0.024356207041095715,0.05984552956693869,0.025322477200499162,0.029154017606980887,0.008846026351815778,29,18,0.028164190126501582,0.09092693142468702,False,False,1.2830005979706241e-06,COMPLETE
980,0.5552520245313645,2025-03-03 15:06:33.344281,2025-03-03 15:08:15.433714,0 days 00:01:42.089433,0.2470591371694803,0.37597351776590543,8,0.07263349113132324,0.07452648783656154,0.02789353775473565,0.09201533024294897,0.03199906577066237,0.027053054411491702,0.011615720405817667,28,18,0.024629742533218472,0.10156146668995314,False,False,1.1289287411996923e-06,COMPLETE
981,0.6472822099924088,2025-03-03 15:08:15.458941,2025-03-03 15:09:56.322844,0 days 00:01:40.863903,0.2388327617586253,0.35352841103866856,8,0.0071115899884880655,0.07737393528589974,0.027906365472174836,0.09554385385800084,0.028954372303105592,0.01374455914557443,0.00745952362312436,28,21,0.030583658254318722,0.23543593830257015,False,False,1.3762499668646165e-06,COMPLETE
982,0.5440354853868484,2025-03-03 15:09:56.349330,2025-03-03 15:11:38.027022,0 days 00:01:41.677692,0.25901905723151286,0.3939586208800517,8,0.0010700061229349175,0.07974595302057064,0.029989499526460794,0.0897399329527467,0.026752555385657826,0.023532888480330624,0.01956293157158266,29,18,0.03184709412114966,0.12228955540566666,False,False,1.249204044293059e-06,COMPLETE
983,0.5234240800142288,2025-03-03 15:11:38.052647,2025-03-03 15:13:20.834158,0 days 00:01:42.781511,0.24195457995094855,0.41523047315275363,8,0.0026223162282538555,0.055043816479887236,0.031443730307145326,0.09343181933331596,0.024570695073818413,0.025914568529192553,0.008897959438455557,29,17,0.028852486958812297,0.08427212489422226,False,False,1.116737744680299e-06,COMPLETE
984,0.6383520394563675,2025-03-03 15:13:20.859171,2025-03-03 15:15:02.205175,0 days 00:01:41.346004,0.2738535549523037,0.4382588622384414,8,0.004282531154481321,0.07550248202368857,0.02829581179990846,0.09136579360320954,0.030498292723856256,0.010842067613363569,0.010773738294757883,28,22,0.026419663136755468,0.137816754432698,False,False,1.011260549804454e-06,COMPLETE
985,0.5381106078624726,2025-03-03 15:15:02.231154,2025-03-03 15:16:44.151456,0 days 00:01:41.920302,0.23429377655517603,0.4009886157345418,8,0.00608243753789799,0.07200189022179668,0.02206859651092633,0.08796845847960466,0.022458936166514554,0.016174595430361115,0.007089632746462815,29,18,0.034203206218213204,0.11370272991778484,False,False,1.4521360426691153e-06,COMPLETE
986,0.629538106918335,2025-03-03 15:16:44.177639,2025-03-03 15:18:25.055887,0 days 00:01:40.878248,0.25528189235862386,0.38462189034510796,8,0.002726853436224325,0.07717078028856696,0.025775677148761802,0.0951919529192252,0.014080117041903715,0.013820119422610723,0.00019794145827755008,28,21,0.03304399756573076,0.07142024833186827,False,False,1.2902972607766119e-06,COMPLETE
987,0.5325471758842468,2025-03-03 15:18:25.082274,2025-03-03 15:20:07.521132,0 days 00:01:42.438858,0.24764041091845382,0.3673234447240433,8,0.009909000821741008,0.07368006701225893,0.03348863911045731,0.0979972359702074,0.02796754329296596,0.02867600361981488,0.01459743369771135,29,18,0.030577595953632256,0.09631670459306817,False,False,1.6685361280405216e-06,COMPLETE
988,0.6706883877515792,2025-03-03 15:20:07.546751,2025-03-03 15:21:50.965844,0 days 00:01:43.419093,0.23586432785140266,0.41333819228149,8,0.004262796079678051,0.07983242394675591,0.030734322201996706,0.09265638271493251,0.02506436536999715,0.023732354755694792,0.009659041609464335,29,20,0.028038146229737833,0.1302390523235158,False,False,1.0020549296025043e-06,COMPLETE
989,0.6095726639032364,2025-03-03 15:21:50.991795,2025-03-03 15:23:32.558600,0 days 00:01:41.566805,0.2671881951044814,0.42931054871827934,8,0.007351046454932239,0.07577392508786258,0.028618300625875566,0.08916504142326553,0.034361880876041154,0.011817728426946845,0.012424584388910502,28,19,0.06281082482875897,0.10783170829354924,False,False,1.2311042199230642e-06,COMPLETE
990,0.62609161734581,2025-03-03 15:23:32.584042,2025-03-03 15:25:16.052090,0 days 00:01:43.468048,0.2971826005558071,0.6999257242617695,8,0.024928698583907956,0.07076729159837827,0.03326636538038792,0.0854785067496838,0.026491160870514528,0.025895346573928685,0.006875622685054094,29,17,0.03670820795264687,0.10186633292015453,False,False,1.533261822854413e-06,COMPLETE
991,0.6901575028896332,2025-03-03 15:25:16.078247,2025-03-03 15:26:55.483474,0 days 00:01:39.405227,0.23489456385732133,0.6398225247891687,8,0.002669819446004827,0.07838284307151384,0.023458297550165767,0.08013332404963693,0.02907604212926665,0.016881454614937542,0.008095066920378197,27,20,0.03228752514352352,0.12234578007285245,False,False,1.3812765261702905e-06,COMPLETE
992,0.5774728953838348,2025-03-03 15:26:55.509058,2025-03-03 15:28:21.275388,0 days 00:01:25.766330,0.25072027626099735,0.34632929793581174,8,0.005362572304834151,0.07392327344370822,0.03118904775386575,0.0909238506611959,0.02350109325995743,0.013102669983434146,0.010081647787209597,23,21,0.03475860206457613,0.11505152468892199,False,False,1.1206351745416647e-06,COMPLETE
993,0.809358936548233,2025-03-03 15:28:21.302293,2025-03-03 15:29:41.871183,0 days 00:01:20.568890,0.22716261195739929,0.40225379289707486,8,0.0026588290957155186,0.07625931720665287,0.03551471594645194,0.09444137336408788,0.031653922789255114,0.02258218595334956,0.0064740751908208055,20,18,0.02526092935984477,0.09001432628788758,False,False,1.670386248357218e-06,COMPLETE
994,0.5447167903184891,2025-03-03 15:29:41.897500,2025-03-03 15:31:24.074854,0 days 00:01:42.177354,0.2629336726603126,0.3881361459835192,8,0.0011013445142064714,0.0695144346939631,0.03930746047134193,0.09300785755806772,0.027044858620726416,0.009063092820583766,0.008673231143415259,29,20,0.02953271111006664,0.10933203715240516,False,False,1.2919570896144751e-06,COMPLETE
995,0.5479740768671035,2025-03-03 15:31:24.102833,2025-03-03 15:33:04.804103,0 days 00:01:40.701270,0.24403395779063253,0.4185848265194745,8,0.004394229269202855,0.07295097298794007,0.03744374924822357,0.09629210486310522,0.0246291814345742,0.01605125002008072,0.017645904691108792,28,19,0.03172636590211742,0.10202061978024886,False,False,1.1250467196413835e-06,COMPLETE
996,0.6245699882507324,2025-03-03 15:33:04.829249,2025-03-03 15:34:47.681648,0 days 00:01:42.852399,0.280601058147954,0.3758159004699907,8,0.0066993803212084275,0.0806674256218231,0.033578552142289775,0.08758862643439563,0.011485943485403249,0.004764547140889964,0.012555635084549474,29,21,0.027572115332137027,0.1269612620221488,False,False,1.0010457968973858e-06,COMPLETE
997,0.5440354853868484,2025-03-03 15:34:47.707904,2025-03-03 15:36:24.134881,0 days 00:01:36.426977,0.22347175078182877,0.3956178767803829,8,0.0027691543738650017,0.0781662867684047,0.026812043708981204,0.08318549411250342,0.022031149966607697,0.03025602526964344,0.0800894373550966,26,19,0.0349816838071666,0.09562526973136683,False,False,1.3874495173378687e-06,COMPLETE
998,0.5224503874778748,2025-03-03 15:36:24.160719,2025-03-03 15:38:05.324782,0 days 00:01:41.164063,0.23343701165748787,0.729611275254985,8,0.04306407980034278,0.06754606229563664,0.02943673314408652,0.07666362796882033,0.02868569521278757,0.024316246218278992,0.006827979945050306,28,18,0.036731100147273946,0.1178320371793355,False,False,1.8267597846801266e-06,COMPLETE
999,0.5504557639360428,2025-03-03 15:38:05.350369,2025-03-03 15:39:47.817621,0 days 00:01:42.467252,0.2536106299204567,0.45081498214799587,8,0.0010666397201488204,0.07576280830525738,0.04147507832071805,0.09039427123567924,0.06944999019674471,0.017155789685829363,0.010837737638537364,29,20,0.020369825572107078,0.1067205607070408,False,False,1.533343412855377e-06,COMPLETE
