number,value,datetime_start,datetime_complete,duration,params_alpha-eval,params_alpha-train,params_batch-size,params_eps-eval,params_eps-train,params_lambda-actions-eval,params_lambda-actions-train,params_lambda-frames-eval,params_lambda-frames-train,params_learning-rate,params_n-epochs,params_n-frames,params_radius-gw,params_rho,params_ub-actions,params_ub-frames,params_weight-decay,state
799,0.834755253791809,2025-03-03 10:04:05.040421,2025-03-03 10:05:55.620488,0 days 00:01:50.580067,0.2595507771769452,0.41042318056223953,8,0.0027672433064259263,0.08048025981778374,0.044351820111347216,0.0828835304999865,0.025706796776289696,0.014199565368144406,0.006725685545347335,30,21,0.035937905897028485,0.10161281663649353,False,False,1.7633765222378455e-06,COMPLETE
800,0.6475896090269089,2025-03-03 10:05:55.642158,2025-03-03 10:07:20.622872,0 days 00:01:24.980714,0.2593240641687465,0.4304402280174713,8,0.004367036355746781,0.08336498870089475,0.043854827804402495,0.08114065104644098,0.022078288918331898,0.010034882451461976,0.005482436355758759,22,21,0.03811883558723636,0.09504103379202748,False,False,2.1656038764184103e-06,COMPLETE
801,0.5534887194633484,2025-03-03 10:07:20.643756,2025-03-03 10:09:11.109937,0 days 00:01:50.466181,0.2538259497651614,0.42068704964559633,8,0.007851869766827852,0.0807109417109138,0.040280833727905724,0.08407760104769192,0.01793928905006435,0.011840709780941806,0.009216905776273591,30,22,0.04254207794093025,0.1003034822161384,False,False,1.0046521818096855e-06,COMPLETE
802,0.56205413043499,2025-03-03 10:09:11.130832,2025-03-03 10:11:02.915800,0 days 00:01:51.784968,0.27239185304842123,0.4113274131834212,8,0.06921536204232603,0.08213820094715116,0.04349289741520564,0.08290344146661517,0.02386246448709444,0.01402149240058471,0.0003723965124743999,30,21,0.03615700716574082,0.10383665877394649,False,False,1.6625561389338501e-06,COMPLETE
803,0.5440354853868484,2025-03-03 10:11:02.936801,2025-03-03 10:12:45.741162,0 days 00:01:42.804361,0.22773341428412358,0.4115749331043915,8,0.0010571981616105592,0.07991660012526373,0.044541488682726164,0.08283428596943206,0.012859353361957409,0.01281126944788788,0.00718908556807126,29,22,0.039324631839418124,0.09283034045632438,False,False,1.1387010052901708e-06,COMPLETE
804,0.6213290601968766,2025-03-03 10:12:45.762962,2025-03-03 10:14:37.014775,0 days 00:01:51.251813,0.21113529078120474,0.4466753577268164,8,0.00566180642484663,0.0831020503846495,0.041290566413186854,0.08119546450817078,0.020483328755016503,0.01465492800201234,0.004557049474486332,30,21,0.036363147821979164,0.10036573575565194,False,False,1.4255572198965836e-06,COMPLETE
805,0.5400910973548889,2025-03-03 10:14:37.036705,2025-03-03 10:16:04.959525,0 days 00:01:27.922820,0.24160610826486528,0.40113695154210516,8,0.002794213207292921,0.07956642148739851,0.044606009072152356,0.08526583083912123,0.025888330613827983,0.012046527055848986,0.011330267078687424,27,21,0.03070272738938333,0.10904860582532067,True,False,1.5833143064393718e-05,COMPLETE
806,0.6272167861461639,2025-03-03 10:16:04.980979,2025-03-03 10:17:55.476680,0 days 00:01:50.495701,0.2224246515754743,0.42345651795245665,8,0.004449274784527633,0.0783013769076777,0.04602546007197422,0.07822161902967484,0.023441186355243747,0.01392800104296928,0.02161548703513636,30,21,0.03458074763319738,0.09048597857892939,False,False,1.2590707032632742e-06,COMPLETE
807,0.5574866890907287,2025-03-03 10:17:55.497908,2025-03-03 10:19:39.435183,0 days 00:01:43.937275,0.23424161157253803,0.4044588871878133,8,0.07600945359609766,0.08101360087507757,0.03766418677471682,0.0769038371898559,0.025522319571069405,0.016164631869785152,0.0061363388748037,29,21,0.0410776707900956,0.11225821034607412,False,False,1.5408584974540224e-06,COMPLETE
808,0.7897088348865509,2025-03-03 10:19:39.456698,2025-03-03 10:21:20.664217,0 days 00:01:41.207519,0.21154799462531376,0.43381288651286654,8,0.002914537392191158,0.07698727819597606,0.041994338987294225,0.0796892695729351,0.022074312857798976,0.015609055246628454,0.008244709389468084,28,20,0.03806980010136422,0.1034196837855817,False,False,1.223613791116838e-06,COMPLETE
809,0.533900710940361,2025-03-03 10:21:20.685248,2025-03-03 10:23:11.492414,0 days 00:01:50.807166,0.258637475193409,0.41555165210869577,8,0.006467469100751552,0.07958474572757678,0.03388173010927591,0.08653051982275131,0.016016851200830257,0.0184088851891567,0.005089125220651509,30,22,0.032900416923235885,0.10551498266411283,False,False,1.8851823072766258e-06,COMPLETE
810,0.8669407308101654,2025-03-03 10:23:11.514219,2025-03-03 10:25:01.791705,0 days 00:01:50.277486,0.22501516818771283,0.39706092446854657,8,0.0026782652659955255,0.07740391194610391,0.02905679945763217,0.08611477827231155,0.0505080845653956,0.01721567558287827,0.0039320387609810235,30,20,0.027781123769530847,0.09805604028442727,False,False,1.1235500467674707e-06,COMPLETE
811,0.5449152946472168,2025-03-03 10:25:01.812935,2025-03-03 10:26:52.415641,0 days 00:01:50.602706,0.2474578320127305,0.39842525906834314,8,0.0010252063084214894,0.08271941872685766,0.02469920799239266,0.08439378684432144,0.04874224966502657,0.013916518965816804,0.0037725782137368064,30,21,0.02462676082617081,0.08398587063190413,False,False,1.433290320408521e-06,COMPLETE
812,0.6448385179042816,2025-03-03 10:26:52.437219,2025-03-03 10:28:44.319585,0 days 00:01:51.882366,0.20008756933106325,0.4076284751303372,8,0.0046156242779008694,0.0806750934785164,0.028080759951077023,0.08247985950891483,0.050538154780564976,0.010827792291114297,0.0036600224912928373,30,20,0.023730259165183884,0.0884772706794285,False,False,1.6507990301101336e-06,COMPLETE
813,0.620582115650177,2025-03-03 10:28:44.340927,2025-03-03 10:30:28.276418,0 days 00:01:43.935491,0.23203723638224108,0.4234342111558985,8,0.009127589914475492,0.07881584727180735,0.02708155368452559,0.08566017336195438,0.052386494821368805,0.015836977915657992,0.0028641861445141657,29,20,0.02835074761205154,0.09526812225984807,False,False,1.3522480777646943e-06,COMPLETE
814,0.5982512325048446,2025-03-03 10:30:28.299034,2025-03-03 10:32:18.753495,0 days 00:01:50.454461,0.2644014100978591,0.39314622051620224,8,0.0010598785674300509,0.07794606393928327,0.028387721620920438,0.08348402381299044,0.05303325671487173,0.017357066771633504,0.00335108645971323,30,21,0.027893412385718554,0.09828792543799544,False,False,1.2608008890465396e-06,COMPLETE
815,0.717993625998497,2025-03-03 10:32:18.774940,2025-03-03 10:34:02.453210,0 days 00:01:43.678270,0.24106718165547433,0.4134229432603612,8,0.0038782377878733686,0.08241518683769998,0.022513629302953524,0.085278208926532,0.04419678448328913,0.01672105699581164,0.003933987827377639,29,20,0.027260608056774674,0.0946641921248331,False,False,1.5926844852066144e-06,COMPLETE
816,0.529959899187088,2025-03-03 10:34:02.474316,2025-03-03 10:35:53.276861,0 days 00:01:50.802545,0.223468068735156,0.397709842123589,8,0.006954058649941173,0.07699079212592436,0.030691205872351718,0.08704227647008836,0.09250248936204195,0.015810053255945436,0.004339298089934773,30,20,0.02535234180814282,0.0991617253076626,False,False,1.1469799057373124e-06,COMPLETE
817,0.6369490087032318,2025-03-03 10:35:53.299536,2025-03-03 10:37:33.594247,0 days 00:01:40.294711,0.6405672052070718,0.38787118102450885,8,0.0026031475909116964,0.0804857213528984,0.029910857836884422,0.08159276017818785,0.050336708299169836,0.01210949857585596,0.004771065913590361,27,21,0.029708705378493957,0.10341136316269015,False,False,1.4461153063080818e-06,COMPLETE
818,0.6134814947843551,2025-03-03 10:37:33.615943,2025-03-03 10:39:24.798655,0 days 00:01:51.182712,0.24844700966493663,0.4336285380254727,8,0.005278994949058041,0.0784719701606111,0.024224836421690342,0.0876535713873638,0.05231409623187155,0.018346202330422865,0.017258043834503037,30,20,0.027247507343133564,0.08811982269818172,False,False,1.9225796936989038e-06,COMPLETE
819,0.5312125176191329,2025-03-03 10:39:24.820078,2025-03-03 10:41:16.651223,0 days 00:01:51.831145,0.22997277330041443,0.4052450644548435,8,0.019461342507280918,0.07753561928024967,0.035130738448650535,0.08783977847387264,0.05083218687211505,0.017881630071420202,0.003035078417745075,30,21,0.03045336253284391,0.096939502442823,False,False,1.1215820241614705e-06,COMPLETE
820,0.6726017594337463,2025-03-03 10:41:16.673315,2025-03-03 10:43:00.494939,0 days 00:01:43.821624,0.21082163720478866,0.4177983039161451,8,0.003943432378680674,0.07584322676873066,0.03165528419943386,0.08454413366116517,0.048891818788891685,0.008765170490628908,0.013009441734258914,29,20,0.029361194891517714,0.10599691965867976,False,False,1.252292559794749e-06,COMPLETE
821,0.5531894207000733,2025-03-03 10:43:00.516501,2025-03-03 10:44:52.218989,0 days 00:01:51.702488,0.23690604586994843,0.3891884878040211,8,0.05159150183554218,0.0803207734621853,0.028753111876771157,0.04509915524398673,0.029378486480956673,0.013853321886243917,0.003942071798423541,30,22,0.03103366221286661,0.10150681035983243,False,False,2.1199531785957422e-06,COMPLETE
822,0.8609406471252442,2025-03-03 10:44:52.252039,2025-03-03 10:46:33.015312,0 days 00:01:40.763273,0.20014671946548815,0.3995915493595916,8,0.002864785326654833,0.07660382549403526,0.03203037768055339,0.08907658883445806,0.026549079372102144,0.014854878105123325,0.005553650194576109,27,20,0.026610683514510625,0.09151695347312389,False,False,1.3946245803690507e-06,COMPLETE
823,0.6315706640481948,2025-03-03 10:46:33.036820,2025-03-03 10:48:12.132599,0 days 00:01:39.095779,0.200352770904703,0.3845720574145054,8,0.007555107274359223,0.08360981124871265,0.03223016687706441,0.08884459724130372,0.02703414743220469,0.011380017765422046,0.005779244007538614,27,20,0.025469755631186683,0.0873637335237281,False,False,1.7051930019815296e-06,COMPLETE
824,0.6605032533407211,2025-03-03 10:48:12.153960,2025-03-03 10:49:51.973338,0 days 00:01:39.819378,0.21875309380655353,0.3972888381916064,8,0.005689363732861493,0.07875348546504021,0.0300577961212739,0.08584608322977251,0.029137225654460017,0.013072589519135742,0.00906806362793767,27,21,0.023311297748394043,0.08615132189250128,False,False,1.7237591393348766e-06,COMPLETE
825,0.6154581010341643,2025-03-03 10:49:51.995103,2025-03-03 10:51:21.120584,0 days 00:01:29.125481,0.25388365025091364,0.4004344638583709,8,0.0028267391916412194,0.02001053170801812,0.03403324627492134,0.08977188861823544,0.031098556149573475,0.014449409651527452,0.007525845495959189,27,20,0.0274563441078102,0.07754125870459251,True,False,1.4966593324501375e-06,COMPLETE
826,0.6493533760309219,2025-03-03 10:51:21.142090,2025-03-03 10:53:00.796040,0 days 00:01:39.653950,0.22592247343237828,0.3858313938387168,8,0.005240605065472818,0.08144755324105135,0.02728454602159591,0.0871827755318725,0.02683022450335874,0.014952588105503125,0.0056073552487199505,27,20,0.02328561836926205,0.09335521475645345,False,False,1.8207416798977087e-06,COMPLETE
827,0.5440354853868484,2025-03-03 10:53:00.817913,2025-03-03 10:54:38.100419,0 days 00:01:37.282506,0.2692930230421322,0.41016076369956456,8,0.0010077499147791622,0.07666806481841362,0.03181601297470352,0.089099828707155,0.055099755942853525,0.010581344283744732,0.010335015501759406,26,21,0.02664729857448732,0.09265216888193072,False,False,1.399381054745486e-06,COMPLETE
828,0.6980839401483536,2025-03-03 10:54:38.122222,2025-03-03 10:56:18.268859,0 days 00:01:40.146637,0.24055622383041117,0.3946963038991226,8,0.004005832605907313,0.0794817583405446,0.0341976796020357,0.08599747252460621,0.0280420302614142,0.016699042310080757,0.007079409353785052,27,20,0.028799437268352795,0.08292668958950816,False,False,1.5667748109134925e-06,COMPLETE
829,0.799463003873825,2025-03-03 10:56:18.291147,2025-03-03 10:58:00.192363,0 days 00:01:41.901216,0.21293476938428454,0.42591082027941046,8,0.002685776131960519,0.07678123168630764,0.026550298961028083,0.08260149148227355,0.025352427412736366,0.034717800534064674,0.008541165202259041,28,21,0.025270314324786304,0.08987714908689903,False,False,1.3067274447397056e-06,COMPLETE
830,0.5439927369356156,2025-03-03 10:58:00.214734,2025-03-03 10:59:37.968932,0 days 00:01:37.754198,0.22908825759639714,0.4504703445130377,8,0.023424964821560777,0.07869511688134692,0.03071496671420864,0.07973293892046537,0.03033393567915811,0.03836591026559711,0.011830167487935774,26,22,0.026558808450569456,0.09786608393026995,False,False,1.943149889786305e-06,COMPLETE
831,0.5428713083267211,2025-03-03 10:59:37.992072,2025-03-03 11:01:19.535089,0 days 00:01:41.543017,0.24902395867284088,0.3838412976537609,8,0.008385210713689088,0.08167829541443944,0.032818702775139576,0.06537867962091029,0.050911896677354435,0.012987074115457293,0.00527919945808435,28,20,0.028695999033048942,0.09306740158025172,False,False,1.461422267395384e-06,COMPLETE
832,0.5440354853868484,2025-03-03 11:01:19.557543,2025-03-03 11:02:58.825369,0 days 00:01:39.267826,0.2155642855149282,0.409044131815523,8,0.0010569541572933952,0.07535232913231393,0.029063943295928405,0.09017637062585,0.032718651976646126,0.01447931485402245,0.006710997323372664,27,19,0.03121249188031936,0.09852262903446998,False,False,2.215753183365132e-06,COMPLETE
833,0.5427971482276917,2025-03-03 11:02:58.847200,2025-03-03 11:04:36.988622,0 days 00:01:38.141422,0.20016419060349655,0.37647965998066735,8,0.006287988492529867,0.07809020127479104,0.036564400270531316,0.08793404351403468,0.026378686198370666,0.01628645709363462,0.014326248452519121,26,21,0.023368664832672383,0.07972416491402096,False,False,1.2792495810007714e-06,COMPLETE
834,0.7191091507673264,2025-03-03 11:04:37.011126,2025-03-03 11:06:16.728275,0 days 00:01:39.717149,0.235978655383661,0.39399721880653527,8,0.0043534886918303595,0.0763320948889125,0.025626329695252227,0.08879782159836469,0.02866867294213696,0.007209780995559061,0.00990902849398679,27,20,0.029221288003963,0.2626253836686911,False,False,1.618555933744658e-06,COMPLETE
835,0.8205061048269272,2025-03-03 11:06:16.750772,2025-03-03 11:07:56.850533,0 days 00:01:40.099761,0.2589536880996071,0.41651421028223223,8,0.002794315908193217,0.08385383604792211,0.03153562335175519,0.08422400879212552,0.0416847931650097,0.018959753300917842,0.004946636615607555,27,19,0.03238254999955833,0.10385465338368823,False,False,1.144473356996913e-06,COMPLETE
836,0.6450895696878434,2025-03-03 11:07:56.872301,2025-03-03 11:09:36.359424,0 days 00:01:39.487123,0.27832437541298877,0.4425102622086778,8,0.00997469891149334,0.08473848374683178,0.035014116788027,0.08164684533413656,0.0481929885809502,0.018303236547293503,0.004254415341148249,27,19,0.026407039034836648,0.09003782125107294,False,False,1.3795041522799225e-06,COMPLETE
837,0.6219858765602111,2025-03-03 11:09:36.381422,2025-03-03 11:11:18.226733,0 days 00:01:41.845311,0.26805048438118956,0.4292365275207839,8,0.006793857181816563,0.08224976449134744,0.03202676397172704,0.08031854729505333,0.046688799666916664,0.015710703918397094,0.0034072396663090906,28,19,0.031602312080291316,0.09837526654214454,False,False,1.0033385900213308e-06,COMPLETE
838,0.6580743879079818,2025-03-03 11:11:18.248625,2025-03-03 11:12:57.636094,0 days 00:01:39.387469,0.2608919165909813,0.4190942132646874,8,0.004329297678126886,0.08307570864194352,0.02886231932433435,0.08597972512006825,0.04556867786323131,0.012553570528293034,0.004380898115269939,27,19,0.030047755809731746,0.10221945829673651,False,False,1.763205451658918e-06,COMPLETE
839,0.7569743752479553,2025-03-03 11:12:57.657868,2025-03-03 11:14:39.374198,0 days 00:01:41.716330,0.28055138207249025,0.4360982022561952,8,0.0028202468197277694,0.08405670092519807,0.03324104268891306,0.0837380148471151,0.03430155836175042,0.07766055978280706,0.005028684169864016,28,19,0.02871956852859426,0.10396238389134106,False,False,1.2384445135884487e-06,COMPLETE
840,0.6321716159582138,2025-03-03 11:14:39.396825,2025-03-03 11:16:19.150291,0 days 00:01:39.753466,0.2535770552989004,0.4216750236443259,8,0.0010556347840012953,0.08432049381918659,0.03811653413186975,0.08440236864844952,0.05898605482298652,0.01725302650859147,0.0035511752634615856,27,18,0.03190698311055699,0.09123335710871089,False,False,1.4853449731791277e-06,COMPLETE
841,0.5315849602222442,2025-03-03 11:16:19.172699,2025-03-03 11:17:57.116282,0 days 00:01:37.943583,0.27098600244883514,0.4128739020982888,8,0.0057173646397048646,0.08149633443400421,0.03626200756043027,0.0834171412206002,0.05465077871617665,0.014828053843553443,0.004699124305949809,26,19,0.032656998930663754,0.09576335359633555,False,False,1.0010508449444619e-06,COMPLETE
842,0.5271552532911301,2025-03-03 11:17:57.139120,2025-03-03 11:19:34.519437,0 days 00:01:37.380317,0.2618160104803223,0.40472018784323266,8,0.0039867139476493845,0.08105642480242725,0.0344228764090115,0.0868778212636161,0.04639927316928518,0.02004539548445366,0.005340103337824774,26,19,0.030001153595616895,0.10994169331358247,False,False,1.1656168477806238e-06,COMPLETE
843,0.6288207978010179,2025-03-03 11:19:34.542381,2025-03-03 11:21:17.957949,0 days 00:01:43.415568,0.24777443562257315,0.45563071447316794,8,0.007670393363663021,0.08359555320940294,0.030013245585620584,0.08472048368213594,0.03812852346849037,0.01749242555771685,0.005762276018013434,29,18,0.0323949260458247,0.08378182742848969,False,False,1.6217436365529166e-06,COMPLETE
844,0.6724255621433258,2025-03-03 11:21:17.980496,2025-03-03 11:22:57.601281,0 days 00:01:39.620785,0.2538641538381733,0.4274624454539656,8,0.0010313000907168528,0.07959452211036341,0.032447367932464076,0.08607822438301252,0.043059271713864096,0.01839403117759285,0.00260225967257719,27,19,0.027241143935491458,0.10021286687365118,False,False,1.31827996430635e-06,COMPLETE
845,0.5416783362627029,2025-03-03 11:22:57.624174,2025-03-03 11:24:14.870041,0 days 00:01:17.245867,0.24059721799637096,0.4169324868199895,8,0.005429850012786823,0.08266492519598062,0.027610504746185836,0.08255390140543419,0.032131493885030823,0.01997887976117682,0.004112026619147513,23,20,0.025188317361721238,0.10557020804623325,True,False,2.1388065152472906e-06,COMPLETE
846,0.5375462353229523,2025-03-03 11:24:14.892031,2025-03-03 11:25:56.642903,0 days 00:01:41.750872,0.2584204587607834,0.40273557488967787,8,0.011856667248618627,0.08049879449588174,0.03110953225144088,0.08788243926549752,0.04104359118240112,0.01457810242286598,0.006224005112255586,28,19,0.03334436900101228,0.11329609027927094,False,False,1.1504658240210837e-06,COMPLETE
847,-inf,2025-03-03 11:25:56.664989,2025-03-03 11:26:29.344604,0 days 00:00:32.679615,0.24191003779617698,0.41304624978686455,8,0.002912638942276029,0.08591930002028854,0.03440513514573705,0.08426016526590661,0.03596071965827449,0.03239888911185392,0.02780367998897042,30,9,0.03086499708907549,0.09632866656849902,False,False,1.8326713678662365e-06,COMPLETE
848,0.65238838493824,2025-03-03 11:26:29.366480,2025-03-03 11:28:12.982095,0 days 00:01:43.615615,0.231487802457069,0.40317792419356285,8,0.004109173385505478,0.0798548075711563,0.028698309153717596,0.0788765145163178,0.03460658464816963,0.019099914620884447,0.05372751358746367,29,18,0.027747458553185365,0.10639639297519989,False,False,1.4026612920941065e-06,COMPLETE
849,0.8389475643634796,2025-03-03 11:28:13.016000,2025-03-03 11:29:55.473953,0 days 00:01:42.457953,0.2791310956584328,0.44070213352312343,8,0.00267130098740274,0.07736597774440973,0.03881985249253444,0.08222088302532032,0.029390341203389556,0.016167624928279077,0.003376601020661271,28,19,0.03390651927701755,0.11001410940134008,False,False,1.1196977302480768e-06,COMPLETE
850,0.6220294326543808,2025-03-03 11:29:55.499003,2025-03-03 11:31:45.991974,0 days 00:01:50.492971,0.2717487817847952,0.43878091814951803,8,0.006182253204536286,0.07531901617477306,0.03872649451439649,0.08225698701980583,0.028556005169224682,0.010750225458556556,0.003329530814135004,30,19,0.034019567899070735,0.11550887073448504,False,False,1.005210278705635e-06,COMPLETE
851,0.6931102246046066,2025-03-03 11:31:46.014232,2025-03-03 11:33:08.957637,0 days 00:01:22.943405,0.2860273552785098,0.44761895788650324,8,0.002664641028218977,0.07779277070145857,0.03935347560660057,0.08212661327345101,0.02647359512658816,0.013306602724073881,0.003626044941863666,21,24,0.03181258093044745,0.11210840147181811,False,False,6.3760846781129835e-06,COMPLETE
852,0.6201892286539078,2025-03-03 11:33:08.979963,2025-03-03 11:34:59.580324,0 days 00:01:50.600361,0.27266180986969096,0.4316409753499569,8,0.00850213796338824,0.03900819380137725,0.03810830535645918,0.07699888367654746,0.02954511609612339,0.01581331376407562,0.0031719887492772628,30,19,0.029800820262469076,0.10980629526202106,False,False,1.6037937161791664e-06,COMPLETE
853,0.6407848477363587,2025-03-03 11:34:59.602390,2025-03-03 11:36:39.856442,0 days 00:01:40.254052,0.2621033680987706,0.42283768342641187,8,0.004734451093310252,0.0743530957616068,0.040165600923908196,0.0782770644511252,0.025464545288480966,0.015255840201978527,0.0032328635439509553,27,18,0.033363898286320734,0.10154625999007125,False,False,1.2799408237337294e-06,COMPLETE
854,0.5874811828136445,2025-03-03 11:36:39.878807,2025-03-03 11:38:29.390605,0 days 00:01:49.511798,0.2792331980624768,0.4199022203824407,8,0.0010212483591070156,0.07721382773711052,0.03670476304157264,0.08321639959373014,0.040610835478321165,0.016486399154975576,0.003737302860802941,30,19,0.031505569881553064,0.08782536687580762,False,False,1.4477279967207842e-06,COMPLETE
855,0.6526128977537154,2025-03-03 11:38:29.414021,2025-03-03 11:40:06.889747,0 days 00:01:37.475726,0.25792636805113023,0.3953352370806399,8,0.005812781310147838,0.07423846643610901,0.04101977332359801,0.08095242404937325,0.04685901694727647,0.012430101614063035,0.0030954996756826806,26,19,0.03380645512617141,0.11753018307070934,False,False,1.126927729383407e-06,COMPLETE
