number,value,datetime_start,datetime_complete,duration,params_alpha-eval,params_alpha-train,params_batch-size,params_eps-eval,params_eps-train,params_lambda-actions-eval,params_lambda-actions-train,params_lambda-frames-eval,params_lambda-frames-train,params_learning-rate,params_n-epochs,params_n-frames,params_radius-gw,params_rho,params_ub-actions,params_ub-frames,params_weight-decay,state
913,0.6416824340820312,2025-03-03 13:15:43.564486,2025-03-03 13:17:25.008377,0 days 00:01:41.443891,0.2958492897989629,0.7780524478937649,8,0.0010578340931290632,0.07488089401926361,0.03011316244194428,0.09480756877265699,0.02550681121189701,0.01258632799780264,0.011091349621562841,28,21,0.028486643190060987,0.1102099381518066,False,False,1.0033190334006797e-06,COMPLETE
914,0.5440354853868484,2025-03-03 13:17:25.032285,2025-03-03 13:19:02.152724,0 days 00:01:37.120439,0.2548467268244115,0.44419708070352754,8,0.0010358700924196756,0.07299177898492434,0.039944382119079386,0.09136205588847247,0.029467294778709324,0.01261016008538314,0.03160886912261429,26,20,0.02550122742310594,0.11869182587262068,False,False,1.5828609845897306e-06,COMPLETE
915,0.6708053857088089,2025-03-03 13:19:02.176144,2025-03-03 13:20:42.580973,0 days 00:01:40.404829,0.27262353993431593,0.45290452070446846,8,0.005627514096486503,0.0766929106577621,0.036621798073360246,0.08421460450422116,0.028020139909324962,0.006825343545580163,0.01606444125958648,27,21,0.029171942689872443,0.10588769671889219,False,False,1.2918477691190975e-06,COMPLETE
916,0.8036406725645066,2025-03-03 13:20:42.604781,2025-03-03 13:22:25.073168,0 days 00:01:42.468387,0.23725224094758904,0.46748932655728354,8,0.0036154187002284035,0.07877505869090336,0.03143190625226479,0.08653651595988782,0.0451241739745576,0.010336443311387937,0.009508607253855026,28,20,0.027029842893088882,0.26957947854181896,False,False,1.1342965435571752e-06,COMPLETE
917,0.632748931646347,2025-03-03 13:22:25.097536,2025-03-03 13:24:02.364178,0 days 00:01:37.266642,0.23339676541527635,0.7513137598291121,8,0.003819497852554799,0.07236866400283952,0.03391312262257863,0.09002856770979603,0.033667357124632605,0.012442619256207084,0.012003395461544613,26,19,0.023903542329070323,0.11460567249329254,False,False,2.126240506372994e-06,COMPLETE
918,0.6898112684488296,2025-03-03 13:24:02.387888,2025-03-03 13:25:42.475447,0 days 00:01:40.087559,0.2505947527506898,0.7654502880704419,8,0.00656996773197159,0.07080965877991546,0.027904384173093294,0.0955630448783726,0.025854563151010052,0.01256551246249638,0.008933795848135908,27,20,0.02758146649659407,0.10034579706846657,False,False,1.4208491709980418e-06,COMPLETE
919,0.52168790102005,2025-03-03 13:25:42.499260,2025-03-03 13:27:23.911821,0 days 00:01:41.412561,0.7963207701074623,0.7311376116125075,8,0.0010005774589853325,0.0756503873956824,0.03810410697393484,0.09205081475559926,0.032136252587056796,0.014327074749474485,0.013564683290153484,28,21,0.029574627079831047,0.12374232273051815,False,False,1.7667523088267223e-06,COMPLETE
920,0.5436839699745178,2025-03-03 13:27:23.935932,2025-03-03 13:29:03.915322,0 days 00:01:39.979390,0.26186092380010095,0.4621707650684478,8,0.003637467120123889,0.07851568621450652,0.03548072027807082,0.0877210421091644,0.024456890406526693,0.011459871245174318,3.72325208890948e-05,27,20,0.022248278862740813,0.09314607004375973,False,False,1.2535310550996247e-06,COMPLETE
921,0.5364563047885895,2025-03-03 13:29:03.939070,2025-03-03 13:30:35.260133,0 days 00:01:31.321063,0.24474567427538063,0.43997648055250227,8,0.008159444256304575,0.06905855481477606,0.0315684188570105,0.09353028049418721,0.02779292881991649,0.014465317805294982,6.594661849921529e-05,28,19,0.028915161762029743,0.11045324859478518,True,False,1.5591377733764608e-06,COMPLETE
922,0.6357205033302307,2025-03-03 13:30:35.284292,2025-03-03 13:32:14.632268,0 days 00:01:39.347976,0.22892867291966107,0.42968180421951263,8,0.005414167217673694,0.07670298208734526,0.02940993864731866,0.08386834490908125,0.02990459190042743,0.008770466853048373,0.009003988640608368,27,19,0.030163664276603247,0.10389103513602084,False,False,1.130835211167101e-06,COMPLETE
923,0.580196875333786,2025-03-03 13:32:14.656947,2025-03-03 13:33:51.201745,0 days 00:01:36.544798,0.23591426438325017,0.4411444269848205,8,0.0010511567193937836,0.07423225782129168,0.03316297616875767,0.08939599919393179,0.02679991371954493,0.013080761419459816,0.010451890034274476,26,10,0.026640513690603773,0.11538395569780927,False,False,1.3524830341800073e-06,COMPLETE
924,0.6576443105936051,2025-03-03 13:33:51.226388,2025-03-03 13:35:32.734722,0 days 00:01:41.508334,0.2716148071578813,0.7975838657687631,8,0.003404299391535918,0.07979607722571407,0.03881124157617652,0.07554764234858802,0.024598509065056232,0.00932539634973422,0.01719523888698222,28,20,0.024911805194670567,0.1300128487924756,False,False,1.1188623726038024e-06,COMPLETE
925,0.5371937334537507,2025-03-03 13:35:32.759432,2025-03-03 13:37:11.003281,0 days 00:01:38.243849,0.2514343447561236,0.4607110098363497,8,0.00542581757603381,0.07435759572934407,0.03471231089210232,0.09609728010991643,0.02689258397299208,0.01210872204501745,0.012912772137171803,26,21,0.029349270779789792,0.09936137567601873,False,False,1.387906629244976e-06,COMPLETE
926,0.6882673740386963,2025-03-03 13:37:11.028099,2025-03-03 13:38:50.822269,0 days 00:01:39.794170,0.22928905260902352,0.7476284026740647,8,0.0027727170934940884,0.07145291911642977,0.026166397099353714,0.08104864527135129,0.035768705270470554,0.014304201818781854,0.00876291226384538,27,19,0.030499541408085265,0.10921981109713494,False,False,1.0001218522020064e-06,COMPLETE
927,0.6668402493000031,2025-03-03 13:38:50.861035,2025-03-03 13:40:31.340799,0 days 00:01:40.479764,0.2406587785133383,0.43182106245029095,8,0.006999696470669286,0.07723311351855001,0.036831204511887615,0.0861669428777548,0.028817705765714175,0.010676408337048514,0.011448653481318462,27,20,0.02661680496981419,0.08998432755624848,False,False,1.8975429496857946e-06,COMPLETE
928,0.7306094884872436,2025-03-03 13:40:31.365174,2025-03-03 13:42:12.604013,0 days 00:01:41.238839,0.2565148276884622,0.4561708068430164,8,0.0027792056420298406,0.07971037646930361,0.030251208001958522,0.09358234142705049,0.0248329662402486,0.013536986369894137,0.008909948932568534,28,20,0.029895034021458208,0.1216025712376944,False,False,1.605617491581835e-06,COMPLETE
929,0.6278636932373046,2025-03-03 13:42:12.631208,2025-03-03 13:43:54.703411,0 days 00:01:42.072203,0.22701606711649155,0.7720407188802141,8,0.033339020433873566,0.07567825073022412,0.04023884984014759,0.09102185809345796,0.030127862593746484,0.08342139555388792,0.00045895922522785974,28,19,0.027858574068779098,0.10593235064502828,False,False,1.259855010827539e-06,COMPLETE
930,0.6459426701068878,2025-03-03 13:43:54.728218,2025-03-03 13:45:34.627123,0 days 00:01:39.898905,0.24434117054040022,0.43597248533087013,8,0.0049209396261392455,0.07330824048206074,0.033023339556080174,0.08827104498585263,0.027833873704023734,0.01512756216698766,0.010427559298386214,27,19,0.030645835547291205,0.11497714284183114,False,False,1.1485351346887007e-06,COMPLETE
931,0.6685235977172852,2025-03-03 13:45:34.651688,2025-03-03 13:47:14.039850,0 days 00:01:39.388162,0.28323975190041567,0.43093679757624914,8,0.0027632626005285807,0.07807038509735303,0.028680535030874487,0.09457384215970334,0.024058031292195064,0.014877708149532463,0.014983835497828116,27,21,0.027924642692235886,0.09799465670181853,False,False,2.281344697014893e-06,COMPLETE
932,0.5481801331043243,2025-03-03 13:47:14.063455,2025-03-03 13:48:55.659519,0 days 00:01:41.596064,0.26241815290421994,0.4443279740135244,8,0.09981837501477978,0.07133201576026452,0.023002611390050526,0.09188601170195568,0.025621601033232924,0.012275377314950736,0.008172888168099168,28,20,0.02405974419997928,0.12550244624773396,False,False,1.0019874562177704e-06,COMPLETE
933,0.6231069654226303,2025-03-03 13:48:55.683775,2025-03-03 13:50:37.410921,0 days 00:01:41.727146,0.2287870128677604,0.4236927027445261,8,0.004320703162736165,0.0758614308190511,0.03609609136942972,0.08381852466228101,0.03177646063220749,0.009513822720975031,0.011932254213075918,28,20,0.03118606727029754,0.11031925572387777,False,False,1.3952703856861941e-06,COMPLETE
934,0.5223866492509842,2025-03-03 13:50:37.434881,2025-03-03 13:52:15.965156,0 days 00:01:38.530275,0.23838541267083,0.7670286988711867,8,0.008692328828413396,0.06336001682867876,0.03201228484024367,0.09634193473518851,0.028012742244181977,0.01469707393969769,0.008227552591676443,26,19,0.050762882808082235,0.1345824377442136,False,False,1.6819633000822226e-06,COMPLETE
935,0.5479908138513565,2025-03-03 13:52:15.991412,2025-03-03 13:53:41.051996,0 days 00:01:25.060584,0.221399245557787,0.42722240873318873,8,0.029814409589055426,0.07388942357433942,0.033913142935281956,0.0899991962533093,0.04759799733830316,0.007895895091261394,0.010280311464703129,23,20,0.026042555833774222,0.10239637211259502,False,False,1.2446787459432457e-06,COMPLETE
936,0.6264324188232422,2025-03-03 13:53:41.076411,2025-03-03 13:55:17.873332,0 days 00:01:36.796921,0.2502673650447782,0.4434754495999546,8,0.001117657505829481,0.07852759098620617,0.030548931984360414,0.08526855145753949,0.026222721450793563,0.015859566879794146,0.01354722723449153,27,19,0.030999462060303903,0.09419079275895724,False,False,1.5555345492479005e-06,COMPLETE
937,0.5348598539829255,2025-03-03 13:55:17.897867,2025-03-03 13:56:59.551300,0 days 00:01:41.653433,0.267002366632561,0.4194999787499274,8,0.005886316285984718,0.06839127845595398,0.026784498327001027,0.08731083021229372,0.02363912893847509,0.011299414381811604,0.008590925808067442,29,21,0.028376690933895072,0.11916314164255033,False,False,1.9671325622253636e-06,COMPLETE
938,0.6729897350072861,2025-03-03 13:56:59.576270,2025-03-03 13:58:39.805224,0 days 00:01:40.228954,0.2354842725077673,0.4562300000402133,8,0.0028000544377611257,0.06574412045757821,0.03769697170097226,0.09325089193968174,0.06177583571279047,0.014037605377382967,0.022604287727697958,28,19,0.029419617658107185,0.105894493614698,False,False,1.1407036996901746e-06,COMPLETE
939,0.551813754439354,2025-03-03 13:58:39.829255,2025-03-03 14:00:22.522629,0 days 00:01:42.693374,0.21810961872507412,0.2560901183705724,8,0.004127896370668925,0.08062622352345687,0.03532058331063214,0.0910709449279912,0.05192358843336717,0.02520173779336694,0.018610537950128504,29,20,0.021954526238910227,0.08622768133476669,False,False,1.3892245590421928e-06,COMPLETE
940,0.6302045226097107,2025-03-03 14:00:22.547537,2025-03-03 14:01:48.286765,0 days 00:01:25.739228,0.2506936379331907,0.4771294564203819,8,0.007057426077168968,0.07641252727153122,0.039164438705038974,0.08871014066261758,0.029742044370483483,0.0047633214699007356,0.00012128152358819033,26,21,0.02579998442924856,0.11376809189767384,True,False,7.681122957268648e-06,COMPLETE
941,0.5440354853868484,2025-03-03 14:01:48.311821,2025-03-03 14:03:24.971548,0 days 00:01:36.659727,0.2744020208201854,0.43839407383755635,8,0.0011001082851045988,0.07188775375830049,0.03223992456428054,0.09459140660904526,0.03215623052612602,0.01538238146358668,0.0075155070137488565,27,22,0.06513183147890723,0.09681775934049136,False,False,1.2132115290423323e-06,COMPLETE
942,0.8401295363903045,2025-03-03 14:03:24.996652,2025-03-03 14:05:07.743593,0 days 00:01:42.746941,0.22566840959750045,0.4248127668203464,8,0.0027193106084774125,0.07454187024660469,0.028478104161497274,0.08263490312266389,0.02796344654002986,0.012322854789545703,0.00993376700408352,29,19,0.03106553081771769,0.11991809944595007,False,False,1.5059511369981799e-06,COMPLETE
943,0.5440354853868484,2025-03-03 14:05:07.768980,2025-03-03 14:06:49.487710,0 days 00:01:41.718730,0.2207820905117239,0.4368427186534173,8,0.001026332871636393,0.07406559631866763,0.023963232702021078,0.0827128326576837,0.028363946543338937,0.010938691191796652,0.012771679911883155,29,20,0.028176373414437707,0.12830089543919673,False,False,1.82639883189314e-06,COMPLETE
944,0.5268855184316635,2025-03-03 14:06:49.512744,2025-03-03 14:08:31.796714,0 days 00:01:42.283970,0.22609446536455027,0.45821279148613553,8,0.0053210961456167955,0.06989755891540918,0.025016911097423072,0.09711348744627729,0.025830600565910643,0.00823968036950294,0.010474441726519908,29,19,0.02977240881350155,0.1242272954074491,False,False,2.231557637002791e-06,COMPLETE
945,0.7098296523094176,2025-03-03 14:08:31.821694,2025-03-03 14:10:14.793960,0 days 00:01:42.972266,0.21543564932781564,0.4261217396678242,8,0.003901014626157659,0.07243955058252485,0.02684940863242174,0.07953300902722465,0.028209163029868152,0.01147009102678613,0.009904532252389743,29,20,0.025427468412087977,0.13213724440461638,False,False,1.754541708607693e-06,COMPLETE
946,0.6714345902204514,2025-03-03 14:10:14.818405,2025-03-03 14:11:57.230201,0 days 00:01:42.411796,0.22990547222292346,0.33454684951120545,8,0.0031189086988480854,0.07503221878330832,0.028821299195483364,0.07747044833198417,0.030515077441973047,0.01269327157108746,0.011137267320709762,29,20,0.030420539796782935,0.11961918146873737,False,False,1.512477335362978e-06,COMPLETE
947,0.5542700350284576,2025-03-03 14:11:57.254545,2025-03-03 14:13:39.970971,0 days 00:01:42.716426,0.21465285476356466,0.43015727905267903,8,0.05900480032083619,0.07344286227057589,0.028458702029280494,0.04223689280926104,0.026577592184415678,0.009450734736542558,0.01601339517938511,29,19,0.023450998657233685,0.1247059659476052,False,False,2.0220776831716658e-06,COMPLETE
948,0.6238347291946411,2025-03-03 14:13:39.996315,2025-03-03 14:15:23.185694,0 days 00:01:43.189379,0.23547030758807,0.7091624962517015,8,0.049755445089180075,0.07620771023162047,0.04101516789755198,0.08115869893960781,0.02396640171478344,0.012844613802708654,0.009117903084180833,29,21,0.031378497653259174,0.1382543298447876,False,False,1.6167785629797665e-06,COMPLETE
949,0.6384147137403489,2025-03-03 14:15:23.210082,2025-03-03 14:17:05.809203,0 days 00:01:42.599121,0.22331075714371276,0.7613367554206447,8,0.0077083806338089185,0.07042315220003957,0.027260110021578566,0.0929773422112055,0.02901312864867398,0.007234893302779548,0.013344641581318619,29,21,0.027013562335718683,0.11955380261704995,False,False,1.7708695581310656e-06,COMPLETE
950,0.6380083173513412,2025-03-03 14:17:05.833841,2025-03-03 14:18:47.901924,0 days 00:01:42.068083,0.23733652355413506,0.43531464402515313,8,0.001047064489141505,0.07486345793719246,0.025397215208674398,0.038151706294822896,0.026311292610408488,0.011765294726145289,0.01137213683814642,29,20,0.02849788494612422,0.014901699720429457,False,False,1.4723388221168978e-06,COMPLETE
951,0.6267997056245803,2025-03-03 14:18:47.927792,2025-03-03 14:20:30.819329,0 days 00:01:42.891537,0.21086765676768032,0.4185164564282894,8,0.0056228871158159775,0.07725237134189299,0.0293124047003073,0.09538047921094948,0.023227678776597357,0.013592874516600763,0.00823970134980995,29,19,0.03157393578218457,0.13023376359045183,False,False,1.4057860876981735e-06,COMPLETE
952,0.6341575056314468,2025-03-03 14:20:30.855715,2025-03-03 14:22:12.601017,0 days 00:01:41.745302,0.22661371216105758,0.45060974685841715,8,0.009679375627646135,0.07283673304118195,0.04127395261128219,0.09206569670543599,0.027266672641222216,0.010764909546521954,0.009291600088864177,29,20,0.024495089117045996,0.11794860598644849,False,False,1.6559323714140866e-06,COMPLETE
953,0.5441376060247421,2025-03-03 14:22:12.626344,2025-03-03 14:23:53.292631,0 days 00:01:40.666287,0.24385151945665468,0.41941150845921366,8,0.0010011699361381174,0.07759318480943986,0.02206072276108212,0.09017020766674505,0.024455146231512816,0.014638122282569688,0.015271036710528782,29,19,0.02964354775682001,0.11339040943263155,False,False,1.3254257793141858e-06,COMPLETE
954,0.6609009087085724,2025-03-03 14:23:53.317810,2025-03-03 14:25:33.150697,0 days 00:01:39.832887,0.2111352131035004,0.658491515579833,8,0.003987219639032815,0.07468616851811187,0.03711284918025977,0.0871890156289001,0.03069216399926792,0.07371991297029812,0.00802109164187722,28,20,0.026883276618913293,0.12663050624734068,False,False,1.954008448162074e-06,COMPLETE
955,0.6871858388185501,2025-03-03 14:25:33.175046,2025-03-03 14:27:15.978183,0 days 00:01:42.803137,0.2308482101072714,0.4816258955235031,8,0.005656602457025324,0.07154822826069972,0.035143230156397066,0.09630748675667843,0.02862089734010457,0.009815399966878371,0.012019102773218177,29,7,0.03170792999703693,0.12348758077857849,False,False,1.5701671716897165e-06,COMPLETE
956,0.6477216958999633,2025-03-03 14:27:16.003163,2025-03-03 14:28:57.573365,0 days 00:01:41.570202,0.2428199568291369,0.7801032714035501,8,0.002853254512078855,0.0688073260937675,0.0299368074988984,0.08173135138722157,0.08124296865357933,0.00650037664564637,0.009887926043812502,29,19,0.028837194124374143,0.11647503524731474,False,False,1.2996093959896425e-06,COMPLETE
957,0.7672055453062057,2025-03-03 14:28:57.598715,2025-03-03 14:30:38.496007,0 days 00:01:40.897292,0.2192614621339006,0.42007857080507965,8,0.002919728125946001,0.07611055108060764,0.03274376747526705,0.07908379656933481,0.09940381557909307,0.027211750422838975,0.007368992278964574,28,22,0.03189253092663957,0.11198834667588783,False,False,1.4688514082612874e-06,COMPLETE
958,0.5266395509243011,2025-03-03 14:30:38.521682,2025-03-03 14:32:18.433138,0 days 00:01:39.911456,0.23347091015950722,0.3597415260498442,8,0.0069357502944186605,0.04394728614736679,0.039496825001978535,0.09380592194985957,0.025416563728386816,0.040143221653739646,0.010014904305458606,28,18,0.02731036002699071,0.1209668545084396,False,False,2.415214986241364e-06,COMPLETE
959,0.6236716985702514,2025-03-03 14:32:18.457876,2025-03-03 14:33:50.340863,0 days 00:01:31.882987,0.22098403927531546,0.44103490874783197,8,0.005076588433244515,0.0782131941382991,0.03466449444563111,0.08964581869439252,0.022666467841675732,0.01331157773317829,0.013313832757366374,29,21,0.03046799911382198,0.13429669773484992,True,False,1.8006950032821322e-06,COMPLETE
960,0.5435703933238983,2025-03-03 14:33:50.365570,2025-03-03 14:35:30.132472,0 days 00:01:39.766902,0.2425341388746701,0.41148519133632877,8,0.003062535008767555,0.07322536216308878,0.03056486835782984,0.0922069527142514,0.027769037180871342,0.015180697926397306,0.02448936205723909,29,20,0.05588343242148699,0.10857719147910497,False,False,1.2698538809924318e-06,COMPLETE
961,0.5749057620763779,2025-03-03 14:35:30.157154,2025-03-03 14:37:09.805503,0 days 00:01:39.648349,0.7379673168933071,0.7453500138317155,8,0.00412376745030275,0.07498526692850604,0.026991818875077282,0.0861637879934732,0.030551515205531506,0.012752473684222852,0.00815293057587118,28,18,0.08439632436303313,0.11628778877696301,False,False,1.1610512575303124e-06,COMPLETE
962,0.6570621281862259,2025-03-03 14:37:09.830222,2025-03-03 14:38:53.490714,0 days 00:01:43.660492,0.21143847768041255,0.7871771666552992,8,0.011619902589851575,0.076936109138897,0.037404860028403146,0.04701395155257389,0.02502680548655538,0.02623302174395536,0.017175719323560736,29,19,0.03323907709067808,0.11226891956321025,False,False,1.5331834854127178e-06,COMPLETE
963,0.5430851608514786,2025-03-03 14:38:53.516441,2025-03-03 14:40:34.013709,0 days 00:01:40.497268,0.2304998485415439,0.42923546768251575,8,0.007744227673806845,0.07095978037107509,0.03280196505537843,0.08826141588453963,0.03308712473433487,0.01589887936013455,0.011380825817582825,28,20,0.034404785498005734,0.14927117370975107,False,False,1.0069343168538152e-06,COMPLETE
964,0.5441151559352875,2025-03-03 14:40:34.041139,2025-03-03 14:42:15.320216,0 days 00:01:41.279077,0.24788197275225635,0.3235820326397934,8,0.001077035509481802,0.07899282989173449,0.04274691498945696,0.09467979279809607,0.02693263752798203,0.025226867264875368,0.008112480284521576,29,19,0.02532988620098227,0.12520693166187766,False,False,2.0403178546429018e-06,COMPLETE
965,0.5440354853868484,2025-03-03 14:42:15.345710,2025-03-03 14:43:56.956984,0 days 00:01:41.611274,0.21240980084676597,0.3643195086444059,8,0.0010071413782846695,0.07320357044462578,0.03973449589407587,0.09787149293394753,0.012416616609376803,0.010458829707262925,0.00930222214250688,29,21,0.030457163569429214,0.10761140576174225,False,False,1.3513353180767805e-06,COMPLETE
966,0.6374797135591507,2025-03-03 14:43:56.982795,2025-03-03 14:45:24.813800,0 days 00:01:27.831005,0.22459731294422244,0.4136612559082383,8,0.005066990635208336,0.07573953186481318,0.028548980340594943,0.09169461778214176,0.022964723526793372,0.01656518901323899,0.007122538535295679,24,20,0.0321139317883424,0.11947913693403374,False,False,1.7160557657296997e-06,COMPLETE
967,0.7544663727283478,2025-03-03 14:45:24.838755,2025-03-03 14:46:38.064265,0 days 00:01:13.225510,0.23897036167727587,0.3408123927921466,8,0.0027498333050268403,0.07879325186693338,0.03553485363870679,0.08486702436781535,0.029359692417528154,0.013200131482878425,0.010100734097140471,19,19,0.035211815861946306,0.2929447514722965,False,False,1.1724095389039047e-06,COMPLETE
968,0.5303858757019043,2025-03-03 14:46:38.088757,2025-03-03 14:48:18.966147,0 days 00:01:40.877390,0.24980491844660807,0.4685582354859794,8,0.0058188122346002425,0.0744700301642928,0.030465481791442182,0.0897951256966013,0.02612207652190106,0.023554627259004826,2.0611382649340975e-05,28,20,0.02804168912187371,0.1030408183882564,False,False,1.4625172875769994e-06,COMPLETE
969,0.5440354853868484,2025-03-03 14:48:18.991711,2025-03-03 14:49:41.760126,0 days 00:01:22.768415,0.22774392421441206,0.4474723857787888,8,0.0039815595171579015,0.0028730364429253724,0.03317209778131294,0.05230670873530319,0.024828417531716402,0.015663519461872433,0.01401077901791532,22,19,0.021631835491616753,0.12914888906101205,False,False,1.2694702594595858e-06,COMPLETE
