number,value,datetime_start,datetime_complete,duration,params_alpha-eval,params_alpha-train,params_batch-size,params_eps-eval,params_eps-train,params_lambda-actions-eval,params_lambda-actions-train,params_lambda-frames-eval,params_lambda-frames-train,params_learning-rate,params_n-epochs,params_n-frames,params_radius-gw,params_rho,params_ub-actions,params_ub-frames,params_weight-decay,state
514,0.5440354853868484,2025-03-03 02:08:24.305618,2025-03-03 02:10:13.134337,0 days 00:01:48.828719,0.2003737901172037,0.4142170947549667,8,0.01120334014773859,0.0014863149905975648,0.05016156111652217,0.0046304787164867306,0.025346398225122226,0.019062718788190672,0.005922529296162395,30,19,0.03777220007953376,0.09760365300858735,False,False,1.2313757312907006e-06,COMPLETE
515,0.6118309617042541,2025-03-03 02:10:13.149150,2025-03-03 02:11:46.147376,0 days 00:01:32.998226,0.22158848785145635,0.39566622566412335,8,0.007831710458427541,0.07645440587289294,0.08193950265967631,0.0011255457133904044,0.04517065398518456,0.01726687225683269,0.004720053104137286,29,17,0.04433010001673131,0.1094577479462964,True,False,1.618094019540637e-06,COMPLETE
516,0.5477746576070786,2025-03-03 02:11:46.161700,2025-03-03 02:13:37.647275,0 days 00:01:51.485575,0.24161324673315468,0.37407685456408246,8,0.004074946782428306,0.06702610712893595,0.04272138285367,0.004381994166122191,0.021683939892017338,0.02888010168403488,0.0040304291440640535,30,20,0.03084160647569671,0.11769540993329866,False,False,1.4001523756013912e-06,COMPLETE
517,0.6363376706838608,2025-03-03 02:13:37.661588,2025-03-03 02:15:28.500415,0 days 00:01:50.838827,0.22748795060845997,0.3518586021731067,8,0.018760518656497735,0.07106589713568802,0.09097721752547523,0.0058737085468527125,0.02339048392385165,0.026362658688734775,0.0092162845239552,30,21,0.03585776230401696,0.06438180583778072,False,False,1.9521972706631825e-06,COMPLETE
518,0.5543474018573761,2025-03-03 02:15:28.515327,2025-03-03 02:17:19.379641,0 days 00:01:50.864314,0.32758838106792015,0.4046878724456252,8,0.006320457081593109,0.07436120846148504,0.08670274288082037,0.06735538682515704,0.01984838863932994,0.010025717494807827,0.015068229464704297,30,22,0.041664599132846744,0.10349674865232701,False,False,2.5573749559919338e-06,COMPLETE
519,0.6565174609422684,2025-03-03 02:17:19.394577,2025-03-03 02:18:48.341519,0 days 00:01:28.946942,0.2650629311707875,0.3861965870606169,8,0.0029469108966643145,0.07668061744176005,0.04127196031962826,0.0011343644449252031,0.016715030833635548,0.020300280573151724,0.005486006169300561,24,18,0.032617039578097556,0.09151930253331718,False,False,1.1406521363107541e-06,COMPLETE
520,0.5423982977867127,2025-03-03 02:18:48.356094,2025-03-03 02:20:39.846495,0 days 00:01:51.490401,0.21355946126954947,0.4190856137007868,8,0.044744043098126296,0.06939736818554054,0.04847796761406714,0.00297706628093905,0.02832566026861869,0.023900051660384815,0.0074307720794588705,30,19,0.028258846854344783,0.11364968865323535,False,False,1.0081589272806736e-06,COMPLETE
521,0.6225990623235703,2025-03-03 02:20:39.861020,2025-03-03 02:22:22.329881,0 days 00:01:42.468861,0.23472388269978114,0.393531774775845,8,0.004629675313590299,0.07276424233706498,0.04470534901320741,0.0857915869584849,0.018133122090917525,0.022311521227108423,0.003833205740063714,29,17,0.034548186737519124,0.09743233331176358,False,False,1.6325730533699438e-06,COMPLETE
522,0.5440354853868484,2025-03-03 02:22:22.344997,2025-03-03 02:24:11.335306,0 days 00:01:48.990309,0.21034337882211193,0.37671077104163353,8,0.0010872493823464017,0.07691495031577218,0.09656737674737112,0.09659510812951871,0.02036021481640411,0.019083431129498323,0.006082495064515766,30,19,0.03883127612722993,0.10746007251463989,False,False,2.2227239281009874e-06,COMPLETE
523,0.5354103565216065,2025-03-03 02:24:11.349919,2025-03-03 02:26:01.923452,0 days 00:01:50.573533,0.30834317436028813,0.36225925793591635,8,0.005776928608141956,0.07457194521383209,0.04704246722598437,0.001025133062752182,0.02491379931366765,0.015817467786495454,0.004777523883475161,30,20,0.031057406702261453,0.0856741729520338,False,False,1.3431063952987565e-06,COMPLETE
524,0.6640512108802795,2025-03-03 02:26:01.938218,2025-03-03 02:27:53.019437,0 days 00:01:51.081219,0.25143970571684204,0.40583257850483534,8,0.002789228798982887,0.06259053065840305,0.05059081711892785,0.004794615092451321,0.02245002780923513,0.020747210963899216,0.003761542868925212,30,21,0.0363601735165499,0.11991445728105415,False,False,1.8551402283832662e-06,COMPLETE
525,0.5343111425638198,2025-03-03 02:27:53.034020,2025-03-03 02:29:28.682745,0 days 00:01:35.648725,0.22185127351257,0.38469391111821377,8,0.00787953952431192,0.07131858445170344,0.08501716456127359,0.09304712290667105,0.015979041889373997,0.02500921922334832,0.0047257636057120396,25,18,0.03253348389667802,0.10245698390296148,False,False,1.4734889871026269e-06,COMPLETE
526,0.698708337545395,2025-03-03 02:29:28.698690,2025-03-03 02:31:12.141723,0 days 00:01:43.443033,0.24162874236951865,0.42469450600408665,8,0.00406321039806733,0.06748368070132099,0.049773777518138614,0.0034377041837739103,0.019052582281177274,0.017971335934350147,0.00826884685901652,29,19,0.02937251950900313,0.11320281093160582,False,False,1.2693592383138145e-06,COMPLETE
527,0.7900343716144562,2025-03-03 02:31:12.156220,2025-03-03 02:33:04.142361,0 days 00:01:51.986141,0.2781195277397323,0.3981525137560956,8,0.0026715337454887604,0.06924804454307465,0.04548761946495124,0.005632343538648771,0.02631732606526533,0.022213231704291785,0.006569610840179704,30,18,0.034575327650647115,0.09334231024530754,False,False,1.6179187143983335e-06,COMPLETE
528,0.7504542976617814,2025-03-03 02:33:04.157078,2025-03-03 02:34:54.772257,0 days 00:01:50.615179,0.26418678924972366,0.41285752145809224,8,0.0026599893404213354,0.06517604008229903,0.09447957722813805,0.006978774784786273,0.029547452484730716,0.022994944284202568,0.006896692596975364,30,20,0.03455016782005208,0.09176727004108064,False,False,2.0271493683953526e-06,COMPLETE
529,0.6122760325670242,2025-03-03 02:34:54.787185,2025-03-03 02:36:38.221303,0 days 00:01:43.434118,0.2695391399675875,0.40356847958371067,8,0.006080978003865849,0.06917015501835516,0.08861744146777685,0.07069171623069392,0.0987013015497899,0.0215588991179276,0.011771181128954663,29,19,0.03734407134923314,0.08459285098630653,False,False,1.7131096845921973e-06,COMPLETE
530,0.624372673034668,2025-03-03 02:36:38.236118,2025-03-03 02:38:30.214676,0 days 00:01:51.978558,0.2804896864360855,0.366938489067399,8,0.004570993811876796,0.06981917584340104,0.05259788999319087,0.0056655310805774645,0.026811121105171882,0.02584622694777558,0.006162929902847721,30,18,0.03960984939435599,0.09730821592118143,False,False,2.206585195105412e-06,COMPLETE
531,0.5440354853868484,2025-03-03 02:38:30.229317,2025-03-03 02:40:20.617179,0 days 00:01:50.387862,0.25624007819692807,0.39441702025738745,8,0.0011226976509703041,0.06681877023398966,0.04262936050931877,0.04658662004168073,0.023594357434258056,0.01925501626269794,0.009660212248033413,30,20,0.0360823478112274,0.07429274420302293,False,False,1.5480047283115235e-06,COMPLETE
532,0.5396125257015228,2025-03-03 02:40:20.633013,2025-03-03 02:42:10.817831,0 days 00:01:50.184818,0.2797008803927396,0.3779129806785384,8,0.009062035590416578,0.07185953136129787,0.04694476732805894,0.00529142698292896,0.026626301935751655,0.02325529015529955,0.008168393476445223,30,17,0.03321947527136025,0.07730003260484379,False,False,1.8166494179144279e-06,COMPLETE
533,0.7707076311111449,2025-03-03 02:42:10.832937,2025-03-03 02:43:54.013181,0 days 00:01:43.180244,0.29248426441631564,0.4144214433305975,8,0.002812468961151488,0.06931740985375436,0.04460818222746945,0.05151143191187586,0.02433452925480349,0.0029583515090830168,0.0055561415005653,29,21,0.03129755894194883,0.09232648776128746,False,False,2.5297121215487235e-06,COMPLETE
534,0.5613633513450622,2025-03-03 02:43:54.028382,2025-03-03 02:45:26.254677,0 days 00:01:32.226295,0.3113393846476161,0.43057401681470875,8,0.0010404883804264117,0.06819675619675648,0.0401872958957587,0.050192385166196264,0.021999566138270175,0.00644020979262432,0.006861824318139424,29,21,0.029700801128636947,0.08895499007669357,True,False,2.636949624573422e-06,COMPLETE
535,0.5292065888643265,2025-03-03 02:45:26.269340,2025-03-03 02:47:10.857691,0 days 00:01:44.588351,0.29482756000341553,0.41566782550462683,8,0.005316161269487971,0.07269724759937841,0.04410953939095665,0.0010354774429351433,0.02426692602139436,0.014181835008893926,0.005576112047883569,29,22,0.031021651405307188,0.08215573280038102,False,False,2.4547704968299363e-06,COMPLETE
536,0.6154233038425445,2025-03-03 02:47:10.872519,2025-03-03 02:48:54.682598,0 days 00:01:43.810079,0.2882483027764567,0.42371987730324073,8,0.058902817483575134,0.0706933518163585,0.04166547604804146,0.09788323269933452,0.020634067017974274,0.005197439804994938,0.0103844138697925,29,21,0.05500435277469784,0.09479051795236214,False,False,2.818591190607168e-06,COMPLETE
537,0.5360122323036194,2025-03-03 02:48:54.697791,2025-03-03 02:50:44.985100,0 days 00:01:50.287309,0.2982526151437908,0.4057535016161419,8,0.00696709119958943,0.06488219784025143,0.0445288454189922,0.05848351234877941,0.0223265704582728,0.02026298454999118,0.007642660354662085,30,18,0.034024418488894675,0.0989724908978758,False,False,2.150990095946214e-06,COMPLETE
538,0.5529129862785339,2025-03-03 02:50:45.000413,2025-03-03 02:52:37.965877,0 days 00:01:52.965464,0.27803248644327194,0.3998686060016576,8,0.03568214136506403,0.06774387922991612,0.04703292568584809,0.07403095253707165,0.024278931842812327,0.017079478283746875,0.006167978802483054,30,23,0.03137982648107589,0.09014231797136987,False,False,2.32148473442996e-06,COMPLETE
539,0.6145740300416946,2025-03-03 02:52:37.980838,2025-03-03 02:54:28.331197,0 days 00:01:50.350359,0.2497465926355265,0.4167772114009276,8,0.004142122562662759,0.02298034580464574,0.048598708781585995,0.0061766675620160616,0.01972731145004042,0.0093996063167643,0.005320560436927334,30,17,0.02775053001011381,0.10431006069114888,False,False,3.7370758861592665e-06,COMPLETE
540,0.555077275633812,2025-03-03 02:54:28.346145,2025-03-03 02:56:19.726772,0 days 00:01:51.380627,0.26348256839850165,0.39413682711515413,8,0.0027244937602103453,0.058865313460687796,0.09928427872204054,0.0035395943713293337,0.021589131550167402,0.02122588511359802,0.0034955215939514494,30,19,0.033538649202817135,0.09761517442010349,False,False,1.9981092217696568e-06,COMPLETE
541,0.6184414029121399,2025-03-03 02:56:19.742863,2025-03-03 02:58:03.674978,0 days 00:01:43.932115,0.2154199941425167,0.4141029574238108,8,0.004540359488162622,0.0743571571062373,0.05130310061781973,0.0029893308124836647,0.018618755275210716,0.003095804714900934,0.008952211824165118,29,21,0.041606679847815006,0.09347373989737334,False,False,1.787571115171539e-06,COMPLETE
542,0.821106231212616,2025-03-03 02:58:03.690326,2025-03-03 02:59:54.666203,0 days 00:01:50.975877,0.23599612762183905,0.40374377975340214,8,0.0026041098996741514,0.07327612807885836,0.04544447851728022,0.07793538954906062,0.02806996867526857,0.030081811582796165,0.006966208228469681,30,18,0.03051221600193969,0.10593466568033387,False,False,1.5809737419131345e-06,COMPLETE
543,0.529710340499878,2025-03-03 02:59:54.682533,2025-03-03 03:01:45.786004,0 days 00:01:51.103471,0.24229015182655975,0.42572119962943406,8,0.006688904740070263,0.07361941024242617,0.04546926936601848,0.09542164755141666,0.028752883296461654,0.022909824732088985,0.006679975440980362,30,18,0.03821640357782811,0.08672446870016345,False,False,1.5083475840406667e-06,COMPLETE
544,0.5440354853868484,2025-03-03 03:01:45.801595,2025-03-03 03:03:34.923073,0 days 00:01:49.121478,0.23177380995536134,0.4048531386251848,8,0.0011050800758083755,0.076225702765461,0.042905220355765036,0.08137497000430459,0.025485023299045607,0.015973214547100663,0.0054409235730679,30,18,0.029927077738281304,0.10880685362137456,False,False,1.9234794355092607e-06,COMPLETE
545,0.5440354853868484,2025-03-03 03:03:34.938264,2025-03-03 03:05:17.557748,0 days 00:01:42.619484,0.20065863166019654,0.43120862701277757,8,0.00103622096042058,0.07260863014797801,0.03751302303725533,0.05280860881388296,0.023995501713216197,0.00816811311017902,0.0075596432061473436,29,18,0.034762130324572815,0.09990183837445861,False,False,2.5234635734246786e-06,COMPLETE
546,0.6211179941892624,2025-03-03 03:05:17.573339,2025-03-03 03:07:08.091747,0 days 00:01:50.518408,0.2557867002046653,0.4092242462094037,8,0.004509012234898979,0.07481380012574124,0.04486877658459978,0.09991902655406507,0.027186849443942736,0.0305418116349671,0.004227391369522582,30,17,0.028177464890755406,0.08148081363590579,False,False,1.66742387811437e-06,COMPLETE
547,0.8187372267246247,2025-03-03 03:07:08.106823,2025-03-03 03:08:59.367920,0 days 00:01:51.261097,0.22078574532346332,0.38580589242803165,8,0.002949742655322792,0.07091526218663836,0.04823465345490781,0.006691592929130246,0.020794814371717235,0.018638266193465453,0.006230033463249651,30,19,0.03225745282947867,0.10776354787091694,False,False,1.4156622379164591e-06,COMPLETE
548,0.5323142409324646,2025-03-03 03:08:59.382780,2025-03-03 03:10:49.647528,0 days 00:01:50.264748,0.2118021560933251,0.39611793242636384,8,0.008966163101156253,0.07179032554937557,0.04764687904493977,0.08005266854201945,0.017961794228617253,0.01846121062242031,0.004877900710659608,30,18,0.03218124380463712,0.09505861937505714,False,False,1.4242115376970692e-06,COMPLETE
549,0.6343350380659103,2025-03-03 03:10:49.662879,2025-03-03 03:12:32.930395,0 days 00:01:43.267516,0.24227068549186637,0.3710307745290534,8,0.006074850831750278,0.07537222055684356,0.039448579832247,0.006912157513423534,0.015596971408779794,0.015154702335186655,0.00628667692997936,29,19,0.030367876768723753,0.10715183557346812,False,False,1.1465416546124297e-06,COMPLETE
550,0.7003865897655487,2025-03-03 03:12:32.956005,2025-03-03 03:14:25.177150,0 days 00:01:52.221145,0.27070447047800233,0.41455944736762057,8,0.004447080650135864,0.0712456448422085,0.04627436550590531,0.07727332812168985,0.021229489389622522,0.0012656519805186134,0.003728671751614842,30,18,0.03318866732787045,0.10143989725454275,False,False,1.3992575907138419e-06,COMPLETE
551,0.7489568442106247,2025-03-03 03:14:25.192436,2025-03-03 03:16:16.166519,0 days 00:01:50.974083,0.22431068389228673,0.4055157845281189,8,0.0029000607492140414,0.07331315419120522,0.04243587044342473,0.0731439987410159,0.05596329684552403,0.012869731766722636,0.005429421495820021,30,19,0.028017710143631653,0.0915222847802377,False,False,1.819652112648755e-05,COMPLETE
552,0.5297797530889511,2025-03-03 03:16:16.181570,2025-03-03 03:17:59.838828,0 days 00:01:43.657258,0.23577226119039812,0.38609741136668524,8,0.007508883564206674,0.07712646520656952,0.04903800719170324,0.08361190228741092,0.02038417324779799,0.019805305617906235,0.0033135899356402545,29,17,0.0305578277915903,0.06813081968274991,False,False,1.6568134563674294e-06,COMPLETE
553,0.6084364742040634,2025-03-03 03:17:59.854004,2025-03-03 03:19:38.923533,0 days 00:01:39.069529,0.25487381417472266,0.3483817170112943,8,0.005162193928226505,0.07353262188808249,0.04416523411455951,0.005878305106297552,0.016790099275668262,0.017241410301507467,0.004589430551845302,30,18,0.03256687753265545,0.10995500083198756,True,False,1.2865786457369765e-06,COMPLETE
554,0.5440354853868484,2025-03-03 03:19:38.938756,2025-03-03 03:21:29.116692,0 days 00:01:50.177936,0.21041572617490423,0.43031438809841127,8,0.001034968328368125,0.07569128369064648,0.04758964687688109,0.08163139305136673,0.018829083516623858,0.0193379750744402,0.006068108921207857,30,19,0.034563355257114944,0.0995259406689103,False,False,1.4433051904571399e-06,COMPLETE
555,0.544161820411682,2025-03-03 03:21:29.131777,2025-03-03 03:23:20.968783,0 days 00:01:51.837006,0.7803692493064938,0.39868610110274577,8,0.0030828690395843256,0.07197847957654467,0.05004495938592919,0.007576901038138786,0.022871943358296978,0.02172158205822988,0.0043074123639248426,30,17,0.029367244335876765,0.08632856693131968,False,False,1.2039974383763614e-06,COMPLETE
556,0.5598155736923218,2025-03-03 03:23:20.984048,2025-03-03 03:25:04.927745,0 days 00:01:43.943697,0.2824788837587906,0.37731931223881576,8,0.005686888204981861,0.07041793973536574,0.019792556136531744,0.0631911351597999,0.019871436768977305,0.017434977945325038,0.005342888314386861,29,18,0.03648118541336741,0.11146929306318303,False,False,1.7336859902996233e-06,COMPLETE
557,0.5387058645486832,2025-03-03 03:25:04.943054,2025-03-03 03:26:55.995477,0 days 00:01:51.052423,0.24441425635372765,0.417974524420155,8,0.010052113677568511,0.07742765164910521,0.045250409772176925,0.0039495253506855055,0.021980453654361402,0.020762697678093023,0.003429239097156919,30,19,0.03137419561345564,0.10348069735211896,False,False,1.5337609271887955e-06,COMPLETE
558,0.8526269853115082,2025-03-03 03:26:56.010803,2025-03-03 03:28:46.959663,0 days 00:01:50.948860,0.22159017384681357,0.39021328541304723,8,0.002953822251501688,0.07406679883223191,0.047436619145966884,0.09267260573451501,0.015020955845147002,0.014680377265320916,0.006987401694183898,30,20,0.034902283994569884,0.12199014628525802,False,False,1.0032686688593408e-06,COMPLETE
559,0.5445469975471496,2025-03-03 03:28:46.974996,2025-03-03 03:30:37.923292,0 days 00:01:50.948296,0.221604256564604,0.3637280497091081,8,0.004156678444263086,0.07438167364399126,0.04859034816742526,0.09445956665813707,0.014487881034818701,0.014296965360353176,1.2529343289732593e-05,30,20,0.03583940490016191,0.12079729047385877,False,False,1.0490574472445314e-06,COMPLETE
560,0.5440354853868484,2025-03-03 03:30:37.939055,2025-03-03 03:32:27.555438,0 days 00:01:49.616383,0.23357141453430333,0.38724819202568234,8,0.0010416423818626448,0.07746492695702868,0.04711767415736484,0.0901285221958377,0.013107336566002364,0.015093020165210157,0.007072947483932952,30,19,0.03401396985416473,0.04594548700436868,False,False,1.0910840375509643e-06,COMPLETE
561,0.6152483433485031,2025-03-03 03:32:27.571405,2025-03-03 03:34:18.027630,0 days 00:01:50.456225,0.2121551632556551,0.3375982837939301,8,0.007107321134742098,0.07496389899840736,0.05059957603381755,0.09224647187729276,0.015659881562910524,0.01682355993657191,0.006926103156112559,30,20,0.037493969123958484,0.12955815078273641,False,False,3.662106032921933e-05,COMPLETE
562,0.7632238537073136,2025-03-03 03:34:18.043678,2025-03-03 03:36:07.998089,0 days 00:01:49.954411,0.22452930996271264,0.3699602732992665,8,0.003929125971844854,0.07334287860941056,0.04891707553516136,0.07826749052763061,0.01760377889573234,0.013184065701921585,0.004691440108956888,30,17,0.034606549627141485,0.12238081312706221,False,False,1.1667552732728228e-06,COMPLETE
563,0.6289804697036743,2025-03-03 03:36:08.013389,2025-03-03 03:37:59.504004,0 days 00:01:51.490615,0.23436793419262,0.3975203986651321,8,0.005655197749033671,0.07739465473318996,0.04726534509381316,0.09324370882324892,0.017379964855490426,0.018198431662374386,0.008397862736195269,30,18,0.03995052088147806,0.1148943511170924,False,False,1.2316704155101395e-06,COMPLETE
564,0.6211727619171142,2025-03-03 03:37:59.520157,2025-03-03 03:39:49.762726,0 days 00:01:50.242569,0.2011730768542948,0.3839528251847286,8,0.002732103607465258,0.07240804301146549,0.04179731427451951,0.09130813168022472,0.014582342748603736,0.018755649726016194,0.0038578742195338415,30,20,0.06016128424759094,0.10930684386251485,False,False,1.2987568162172313e-06,COMPLETE
565,0.8125324845314026,2025-03-03 03:39:49.778741,2025-03-03 03:41:40.063005,0 days 00:01:50.284264,0.21835417955621333,0.35467700780356537,8,0.0029598360793282276,0.07546500011772399,0.0497425577607494,0.09480033951002731,0.018907236138228325,0.021903031978663844,0.006560138779996288,30,19,0.037129141259799235,0.12038482691340173,False,False,1.044465198791171e-06,COMPLETE
566,0.6109285771846771,2025-03-03 03:41:40.078967,2025-03-03 03:43:32.422254,0 days 00:01:52.343287,0.21708668844043952,0.34905656742628965,8,0.008208807520082764,0.03390629793932144,0.052657293409800195,0.09786922676043076,0.020144993980479985,0.020674296362979648,0.0066186987287069595,30,19,0.03761220626033983,0.1159404585938991,False,False,1.0133527517552634e-06,COMPLETE
567,0.5440354853868484,2025-03-03 03:43:32.437781,2025-03-03 03:45:21.810419,0 days 00:01:49.372638,0.24740501109020951,0.3567214068066756,8,0.0010459788959196407,0.07591961715519689,0.05021222592563308,0.09692411724879524,0.018655308156889858,0.022110672960441884,0.0073067889945982005,30,19,0.04114593490796526,0.12078578274642826,False,False,1.0319965553100133e-06,COMPLETE
568,0.6272877961397172,2025-03-03 03:45:21.825859,2025-03-03 03:47:13.079440,0 days 00:01:51.253581,0.22959497508023535,0.3313106512235491,8,0.004720858011162992,0.07377111514474469,0.05170615289336844,0.0956890175255192,0.020862913244034824,0.016333081964166288,0.0088323006714828,30,20,0.03688336923300444,0.10773527402688281,False,False,1.145700379778581e-06,COMPLETE
569,0.6316156178712844,2025-03-03 03:47:13.094781,2025-03-03 03:49:03.506228,0 days 00:01:50.411447,0.20999498373728834,0.36068504586937683,8,0.006308973636371581,0.07533782523649908,0.0489029219533329,0.09336792661354876,0.022277571294642157,0.019888831550621912,0.00582236426016363,30,19,0.042823903150527864,0.11194296183016902,False,False,1.0027043522814994e-06,COMPLETE
570,0.5440354853868484,2025-03-03 03:49:03.521879,2025-03-03 03:50:53.812254,0 days 00:01:50.290375,0.22145908968777206,0.40125132285997356,8,0.0010004814170839508,0.07224623739722122,0.05276136231360214,0.09512344981837907,0.015767659976596085,0.018440315948797744,0.006252881823068797,30,20,0.035790792791216296,0.10278426646286326,False,False,1.323383885172658e-06,COMPLETE
