number,value,datetime_start,datetime_complete,duration,params_alpha-eval,params_alpha-train,params_batch-size,params_eps-eval,params_eps-train,params_lambda-actions-eval,params_lambda-actions-train,params_lambda-frames-eval,params_lambda-frames-train,params_learning-rate,params_n-epochs,params_n-frames,params_radius-gw,params_rho,params_ub-actions,params_ub-frames,params_weight-decay,state
172,0.6010956257581711,2025-03-02 16:27:23.843865,2025-03-02 16:28:52.356885,0 days 00:01:28.513020,0.4580826119626379,0.6735726071102861,8,0.010853594034509301,0.07131286475605457,0.06930377262457033,0.03164079850051704,0.008125596713496412,0.026813610723054507,0.0009551500762125415,27,11,0.004635738226881003,0.19088132877228067,False,True,0.0005849391605317655,COMPLETE
173,0.6847252279520035,2025-03-02 16:28:52.363418,2025-03-02 16:30:23.257253,0 days 00:01:30.893835,0.520056481424478,0.5968852438861706,8,0.008329307730039918,0.08317161742186979,0.08330567296264908,0.02637491270032377,0.0033280043163034273,0.0966481260423557,0.0007828216624522264,28,12,0.0028613177174331775,0.1758985361872814,False,True,0.000490416804806525,COMPLETE
174,0.5702272415161133,2025-03-02 16:30:23.263981,2025-03-02 16:31:53.575649,0 days 00:01:30.311668,0.5388662892944655,0.7043355527996751,8,0.006204065974791938,0.07851885732448356,0.05298499790783255,0.033650858246156046,0.0011083010055534105,0.037605194121742416,0.0014551074222572027,28,13,0.008204340130810376,0.20133912567446288,False,True,0.0003877060612694047,COMPLETE
175,0.6695659756660461,2025-03-02 16:31:53.582135,2025-03-02 16:33:21.987776,0 days 00:01:28.405641,0.5470252798310369,0.646672291135331,8,0.013818249957709847,0.06870873100937805,0.04930174588302086,0.028754141593681632,0.005636261593997197,0.04212154892226251,0.0011313490849287804,27,13,0.004726219928570656,0.1831172842092528,False,True,0.00015706692080753661,COMPLETE
176,0.6747098624706269,2025-03-02 16:33:21.994666,2025-03-02 16:34:52.601112,0 days 00:01:30.606446,0.44303815192745877,0.685430443639056,8,0.008174340141732359,0.08021987222537835,0.05190441796044127,0.030697067318678068,0.009325418831165543,0.09274863362340324,0.0005558228213028334,28,14,0.0024646360603985257,0.1962068100347786,False,True,0.000752768860715294,COMPLETE
177,0.6877577632665635,2025-03-02 16:34:52.607726,2025-03-02 16:36:31.361178,0 days 00:01:38.753452,0.5023053755562104,0.5830878215584883,8,0.004290424624375663,0.06520963295478131,0.04699406288585265,0.022065544185045798,0.004562842312417572,0.09624558345931974,0.001236164154876101,30,12,0.0010072507163787483,0.1893205738619192,False,True,0.0008757461601439137,COMPLETE
178,0.6801375657320021,2025-03-02 16:36:31.367854,2025-03-02 16:38:09.837772,0 days 00:01:38.469918,0.5068154230275597,0.5558166926466709,8,0.00435135470069085,0.07542705185314899,0.0673746650751095,0.016695698057407147,0.0034546986527237973,0.09457623168308234,0.0007376151325580873,30,14,0.005732543538360324,0.17277657885544703,False,True,0.0007969929423015602,COMPLETE
179,0.5440354853868484,2025-03-02 16:38:09.844537,2025-03-02 16:39:47.196710,0 days 00:01:37.352173,0.4783053697019759,0.5696338185916634,8,0.0017354076004356313,0.07271210661140047,0.07668993883929895,0.02022007093438955,0.00112859521432245,0.08941041866244323,0.0015758805509031733,30,13,0.0023205490888465897,0.18867747175734326,True,True,0.0009958920762084295,COMPLETE
180,0.6743201076984405,2025-03-02 16:39:47.203387,2025-03-02 16:41:19.191731,0 days 00:01:31.988344,0.5011026425035183,0.5810238710629683,8,0.00532830681436424,0.06508058260307573,0.04726534119677802,0.022084840264092128,0.004571769483330188,0.09838330933256215,0.0008802928327426725,29,15,0.00816154008962601,0.16274529643677982,False,True,0.0008574089862699852,COMPLETE
181,0.6691947996616363,2025-03-02 16:41:19.198191,2025-03-02 16:42:49.265868,0 days 00:01:30.067677,0.5271911439495092,0.6120818546838266,8,0.010166516307793333,0.06335381991394778,0.05717990419540337,0.024327387867755738,0.006931327031353668,0.09688060517336328,0.0011616678269396308,28,11,0.004040336060975568,0.18252992306706725,False,True,0.0006979243320655655,COMPLETE
182,0.6854180157184601,2025-03-02 16:42:49.272929,2025-03-02 16:44:20.506498,0 days 00:01:31.233569,0.5497410166190868,0.5946627460376224,8,0.007069709224051698,0.0809244429446912,0.05027567957961129,0.026846486883217,0.004690997521656542,0.09605964375242564,0.001305788101866569,29,12,0.0011095139710079925,0.20303445034097917,False,True,0.0006146329588125593,COMPLETE
183,0.689186868071556,2025-03-02 16:44:20.513011,2025-03-02 16:45:59.738209,0 days 00:01:39.225198,0.5494612033000746,0.5963234724473702,8,0.0032395817331137416,0.08075129740683615,0.053676675934358195,0.02653319005759424,0.003007099175889702,0.09549669598351296,0.0019329487327235924,30,12,0.005773645649052608,0.20169723015160182,False,True,0.0005227663683068917,COMPLETE
184,0.686173164844513,2025-03-02 16:45:59.745361,2025-03-02 16:47:37.946924,0 days 00:01:38.201563,0.5506684650498023,0.597615059491587,8,0.002874976982152458,0.08103152297673202,0.06260013152344535,0.027176934962083836,0.004751066627766112,0.052240987602776345,0.0020050700262477282,30,13,0.0011388444223393226,0.20340504892407407,False,True,0.0005033363649535533,COMPLETE
185,0.6226032942533493,2025-03-02 16:47:37.953505,2025-03-02 16:49:16.736851,0 days 00:01:38.783346,0.5557834602965661,0.5258631713990523,8,0.0028170140325549722,0.07749104457836352,0.06233084010782286,0.022835021733841058,0.04982499366586705,0.05560874869014831,0.0020236818144691204,30,13,0.005808742337104385,0.17747274760402199,False,True,0.0004781057477463386,COMPLETE
186,0.6899572759866714,2025-03-02 16:49:16.743667,2025-03-02 16:50:55.457420,0 days 00:01:38.713753,0.5349497339514234,0.5745001158128505,8,0.003555441374045047,0.07970632446920692,0.0594709789874816,0.02532552256833724,0.002728849256504076,0.05366802089052259,0.0019704423609279023,30,14,0.007216790555179988,0.18939919202037933,False,True,0.0004142338480377591,COMPLETE
187,0.6864260852336883,2025-03-02 16:50:55.464143,2025-03-02 16:52:35.224778,0 days 00:01:39.760635,0.535627635299981,0.550216236971776,8,0.0013024261761503675,0.08663843760281564,0.06029415394710897,0.024768604169666343,0.007653907987470043,0.0546116131657121,0.0017442520133618851,30,14,0.01189637251674227,0.19047646010614974,False,True,0.0003589687817446367,COMPLETE
188,0.6865629434585572,2025-03-02 16:52:35.231508,2025-03-02 16:54:13.967764,0 days 00:01:38.736256,0.5353176272314976,0.5495763599174938,8,0.0011629172409742218,0.08241516757787994,0.05886720164098606,0.018542897016055892,0.007831765044800229,0.05201566375403901,0.0022263597913487936,30,14,0.01133340196157322,0.18944628661493534,False,True,0.0003731155664839758,COMPLETE
189,0.6858312994241715,2025-03-02 16:54:13.974641,2025-03-02 16:55:53.396129,0 days 00:01:39.421488,0.5196229840531483,0.5541622488525713,8,0.0011319754701667427,0.08755390621968054,0.05977611091325189,0.01787806465224289,0.009399189196766505,0.05594573667659809,0.0015538866834734475,30,14,0.011911365867122325,0.19196528122068957,False,True,0.0003400941333878209,COMPLETE
190,0.6789435446262359,2025-03-02 16:55:53.402813,2025-03-02 16:57:32.401181,0 days 00:01:38.998368,0.5362172546084346,0.542072193435459,8,0.0036406874118151207,0.0842120406388663,0.0558316139235548,0.013890417675325964,0.007635718291751849,0.05336100472917933,0.003959725423828675,30,14,0.014218054180465506,0.18657618317562208,False,True,0.000353088940406495,COMPLETE
191,0.6951973944902419,2025-03-02 16:57:32.407886,2025-03-02 16:59:11.605328,0 days 00:01:39.197442,0.536095384745439,0.5720774558146822,8,0.0010545650964370289,0.08204397874310607,0.05833956786997084,0.02084215760492885,0.0029142541020371806,0.05198999367303901,0.001986653927958579,30,13,0.009617887947406555,0.2050568175419077,False,True,0.00024950840205480884,COMPLETE
192,0.6841120004653931,2025-03-02 16:59:11.612101,2025-03-02 17:00:50.495593,0 days 00:01:38.883492,0.5369233146156668,0.5672359414884693,8,0.0011916404535931414,0.08639032229642793,0.05812244818460784,0.01926431248199294,0.0027700826270637535,0.0470700328779497,0.0022474538214002585,30,14,0.011122327494231365,0.21064791033644567,False,True,0.0002449974868997517,COMPLETE
193,0.6906853407621384,2025-03-02 17:00:50.502327,2025-03-02 17:02:29.879781,0 days 00:01:39.377454,0.5168976374579699,0.5445576858900548,8,0.004002005885809054,0.08235091897759336,0.06452449426248698,0.02069448566953583,0.0010050616242960968,0.05944552355087241,0.0017764501824042442,30,14,0.009165760581174125,0.18401915196068924,False,True,0.0004154819897822286,COMPLETE
194,0.6736302316188812,2025-03-02 17:02:29.886603,2025-03-02 17:04:08.588439,0 days 00:01:38.701836,0.5725423551789518,0.5472429838725535,8,0.0035451412605018904,0.0825233482182509,0.06446126643128992,0.02148033916983348,0.006706780909135457,0.050839770020088125,0.0019465688618778712,30,14,0.009270455832329626,0.19049115543392753,False,True,0.00039991054877084773,COMPLETE
195,0.6707673996686936,2025-03-02 17:04:08.595452,2025-03-02 17:05:47.359673,0 days 00:01:38.764221,0.5267038894057141,0.574379896982422,8,0.002862092985694382,0.08473271467073203,0.06353729662688837,0.014982583866952861,0.0012117047403617778,0.05015758390025062,0.0017517994025643216,30,15,0.009843540982683863,0.16815717095309518,False,True,0.0004162837725502734,COMPLETE
196,0.6928518772125244,2025-03-02 17:05:47.366528,2025-03-02 17:07:25.515253,0 days 00:01:38.148725,0.5046864033892909,0.5177486100443827,8,0.0046899755234616975,0.0821439053771529,0.059799552167756044,0.021266759572985943,0.0029535561013401953,0.05993316667949582,0.002615106269245176,30,14,0.012742875196193819,0.19074731907725354,False,True,0.00030339955958563113,COMPLETE
197,0.6799032688140869,2025-03-02 17:07:25.522258,2025-03-02 17:09:04.353009,0 days 00:01:38.830751,0.5057666848816844,0.5182180414995672,8,0.004670208503465915,0.08044160327895028,0.06111547960612227,0.0191322761081541,0.0032902361420264767,0.047072475124202366,0.003064681374633727,30,15,0.014979409441684709,0.21723238045418597,False,True,0.00031005030576310627,COMPLETE
198,0.6819971293210982,2025-03-02 17:09:04.360019,2025-03-02 17:10:42.976553,0 days 00:01:38.616534,0.5628221931485079,0.5282138311258272,8,0.005675148493546474,0.08259428022907114,0.05812127386711588,0.020298926424928077,0.005215540335973068,0.04425739084396782,0.002464058269921521,30,14,0.007571581956449554,0.18218952137755665,False,True,0.0002333762148609842,COMPLETE
199,0.5983578622341156,2025-03-02 17:10:42.983694,2025-03-02 17:12:21.990445,0 days 00:01:39.006751,0.5167915294848416,0.5325849678874207,8,0.004314286964741641,0.07936628038272728,0.06802083242428976,0.01709729262954874,0.0024744195132525397,0.061076663916333825,0.005247632664354027,30,13,0.00839101839264072,0.010955161049855389,False,True,0.00040295764480881746,COMPLETE
200,0.7010460406541824,2025-03-02 17:12:21.997376,2025-03-02 17:13:53.855280,0 days 00:01:31.857904,0.4962909150823417,0.506264004547004,8,0.0011778507122547667,0.08306581997925828,0.05635607514858813,0.01305003310668981,0.00113122907657138,0.058102554588233046,0.0037280757702235607,29,15,0.012564092491749893,0.17178475431756246,False,True,0.0003098569181545452,COMPLETE
201,0.6683750718832016,2025-03-02 17:13:53.862460,2025-03-02 17:15:26.203054,0 days 00:01:32.340594,0.4915014537062235,0.5087040903268346,8,0.0010701494279935116,0.08292699340030954,0.05569786547250981,0.022772825753278034,0.0027224061527544485,0.059559182128353254,0.0030225333170766752,29,15,0.018828199770742175,0.17103117198032364,False,True,0.000310169912752289,COMPLETE
202,0.6906853407621384,2025-03-02 17:15:26.210019,2025-03-02 17:17:05.096476,0 days 00:01:38.886457,0.4996611397613446,0.5003156841483462,8,0.0037590643942464943,0.08140264800844955,0.057246607809489446,0.021164618593044783,0.0013919525397087355,0.0583403451626927,0.0036246065015662038,30,14,0.013040286045326168,0.17817029265441386,False,True,0.000345858220500503,COMPLETE
203,0.5826603323221207,2025-03-02 17:17:05.104258,2025-03-02 17:18:43.828878,0 days 00:01:38.724620,0.5007265640262204,0.4934609189946528,8,0.002983869153055262,0.08523558798044845,0.05732060050252848,0.015841810270015858,0.004408661620111445,0.057643292067994636,0.004314772153962578,30,15,0.013417164422427397,0.17841989135559608,False,True,0.0002839060961971418,COMPLETE
204,0.686005014181137,2025-03-02 17:18:43.835912,2025-03-02 17:20:22.615830,0 days 00:01:38.779918,0.47849701429552977,0.5007916625273219,8,0.004804022388474158,0.08847165002605936,0.06538373493916118,0.009905486466081477,0.0010545403561056464,0.06432738960878237,0.0021672358504033606,30,14,0.016770460060674258,0.1947017135736082,False,True,0.0003529807127298727,COMPLETE
205,0.6904986500740051,2025-03-02 17:20:22.622923,2025-03-02 17:22:01.278518,0 days 00:01:38.655595,0.5088169667258773,0.5628634781821911,8,0.003588261447133939,0.07744185322627181,0.07119429252105886,0.013530251417498324,0.005382864308178848,0.057335298436961744,0.0025204094976839313,30,14,0.011884079380265712,0.1864753621462593,False,True,0.0001785187729909834,COMPLETE
206,0.6743903487920762,2025-03-02 17:22:01.285550,2025-03-02 17:23:34.189239,0 days 00:01:32.903689,0.5069300582447062,0.5839321782380271,8,0.007222039226187408,0.07743275779276727,0.07369401597032856,0.006760726436194941,0.0053442620366147865,0.05847130379522,0.0036800054903733566,29,13,0.015484656892648612,0.18532062550525252,False,True,0.00025374914644161036,COMPLETE
207,0.6968831479549408,2025-03-02 17:23:34.196721,2025-03-02 17:25:13.425592,0 days 00:01:39.228871,0.4670986177388658,0.561017516969099,8,0.003653737609380267,0.07929639771967026,0.0713191463419905,0.013003176417630104,0.002892247288213455,0.06085868916651172,0.0027050620639999493,30,15,0.01329402811411167,0.17779836871076818,False,True,0.00016873797787731555,COMPLETE
208,0.6597523748874664,2025-03-02 17:25:13.432760,2025-03-02 17:26:52.852735,0 days 00:01:39.419975,0.46591463882808876,0.531922878060861,8,0.003825510778222357,0.07938329079846876,0.0714390279528407,0.01154186638054067,0.0033832482346254703,0.06612916480409083,0.003223421425630308,30,16,0.011913728697145166,0.17547587840442402,False,True,0.00012227866393716615,COMPLETE
209,0.6818249225616455,2025-03-02 17:26:52.860709,2025-03-02 17:28:31.989371,0 days 00:01:39.128662,0.44394274071786194,0.48321249088210794,8,0.003116667425654881,0.07569519768922926,0.06993834253787945,0.012578534143726153,0.005855355462713256,0.06276206303816108,0.0026246917512605015,30,15,0.010007715968590783,0.1631085096270247,False,True,0.00019758546118332516,COMPLETE
210,0.5958315610885621,2025-03-02 17:28:31.996670,2025-03-02 17:30:10.853594,0 days 00:01:38.856924,0.49172345968173153,0.517829994680919,8,0.00531498066651649,0.05182765158288766,0.05534919701177577,0.012726699644605734,0.001000531032166133,0.056818768826650684,0.005892106112587884,30,16,0.012689852079500515,0.18141415277055645,False,True,0.0002289947124336026,COMPLETE
211,0.6828395068645476,2025-03-02 17:30:10.861011,2025-03-02 17:31:42.845958,0 days 00:01:31.984947,0.514630632174829,0.5612018804033935,8,0.006956025919686694,0.08048040633856844,0.07532266566535563,0.02096172395142887,0.0029665703694315283,0.06009841758234909,0.0009764714659749169,29,15,0.04584521621177079,0.17821971443975732,False,True,0.00016333651809106317,COMPLETE
212,0.6905154168605805,2025-03-02 17:31:42.853336,2025-03-02 17:33:21.542691,0 days 00:01:38.689355,0.4771470437669498,0.5672556909498069,8,0.00313742013428169,0.07772505843213516,0.06859595816380173,0.0047182193555260436,0.002894662336742443,0.054475102028897285,0.001360132009465057,30,14,0.015124904286639136,0.19942287011506563,False,True,0.0004498530225680782,COMPLETE
213,0.6899179071187973,2025-03-02 17:33:21.549864,2025-03-02 17:34:59.555695,0 days 00:01:38.005831,0.47030815403974036,0.5668257509993564,8,0.002775457525217097,0.077644774084233,0.06898887107037177,0.0053048678189492665,0.004257698245011926,0.05723812049579992,0.0014532688059112268,30,14,0.012579383680879998,0.18567558105888526,False,True,0.00018309824239032507,COMPLETE
214,0.6938419461250306,2025-03-02 17:34:59.562981,2025-03-02 17:36:38.518425,0 days 00:01:38.955444,0.4741728975348127,0.5685984422204576,8,0.002955225996220198,0.07681679262580596,0.07143098914277647,0.008340315549703558,0.004861213438044354,0.05460529620635958,0.0026225614611076298,30,14,0.016963691460426127,0.1698167806727641,False,True,0.0001981378765862865,COMPLETE
215,0.6691118627786636,2025-03-02 17:36:38.525941,2025-03-02 17:38:17.037286,0 days 00:01:38.511345,0.4693332059388543,0.5622865554322362,8,0.0011882983160546947,0.07729743079472275,0.06858749587299777,0.005017273303930619,0.00593891327012668,0.05714470613427355,0.004808922815545862,30,14,0.01752663049667163,0.1672535273040041,False,True,0.00019455787592289177,COMPLETE
216,0.6867930203676224,2025-03-02 17:38:17.044799,2025-03-02 17:39:55.858172,0 days 00:01:38.813373,0.4623229427666749,0.5378255679166385,8,0.0029179100337731207,0.07701841328930295,0.07248573344402626,0.001704382603456428,0.06354579128041658,0.05421140881813452,0.0027026817786352754,30,15,0.014569946187270092,0.17231634579862773,False,True,0.00019301899413951893,COMPLETE
217,0.6880944311618805,2025-03-02 17:39:55.865676,2025-03-02 17:41:34.393082,0 days 00:01:38.527406,0.45094068008440125,0.5694109301042655,8,0.0031334407273245503,0.07956423314306903,0.07061116391799112,0.009161827066348244,0.003720381577282862,0.06232131026909814,0.0033541466045883166,30,14,0.015916603251691485,0.17133434488564125,False,True,0.00015341807590153487,COMPLETE
218,0.6894323110580444,2025-03-02 17:41:34.400387,2025-03-02 17:43:12.511087,0 days 00:01:38.110700,0.47769124110473765,0.5530805775341028,8,0.004707509349237606,0.07515057903051726,0.06621463860277045,0.005909223647662076,0.0030451585324989174,0.0586887317735577,0.0016234276384339893,30,14,0.0132028053808311,0.16066941923587474,False,True,0.00017805196387322446,COMPLETE
219,0.5440354853868484,2025-03-02 17:43:12.518517,2025-03-02 17:44:50.901693,0 days 00:01:38.383176,0.4739565548567618,0.5440455031341322,8,0.001150499791963393,0.07622752719029857,0.07312972439313346,0.007626940594790333,0.006507224163389449,0.057438326246696966,0.002504033681662658,30,14,0.01951198725448748,0.15821283057050145,True,True,0.00013275995512645783,COMPLETE
220,0.6544223874807358,2025-03-02 17:44:50.909096,2025-03-02 17:46:29.531092,0 days 00:01:38.621996,0.47727964061424244,0.5577686877799453,8,0.04774149616472695,0.07412546506683469,0.06643172537582284,0.0038233296230143522,0.004047490476363389,0.059087005787962055,0.0017342814791892504,30,15,0.013542582792077432,0.15212802740433115,False,True,0.00017631013628979954,COMPLETE
221,0.689105224609375,2025-03-02 17:46:29.538738,2025-03-02 17:48:07.978239,0 days 00:01:38.439501,0.48706927329895394,0.5723276754608306,8,0.004926375818880465,0.07849657969203579,0.06914063098993142,0.0060674927629239825,0.002614303529887829,0.055843152947739665,0.0014399209206529232,30,14,0.013825390348246066,0.16376479261355512,False,True,0.00021461583977599484,COMPLETE
222,0.6720659822225571,2025-03-02 17:48:07.985687,2025-03-02 17:49:46.008670,0 days 00:01:38.022983,0.4284605788439843,0.57157318785022,8,0.004324412870450793,0.07777696533017264,0.06710764458731744,0.005761066473747809,0.0028321140296988017,0.06115002318167561,0.0015776435861455523,30,14,0.016322200437776234,0.16313564670671732,False,True,0.00021428405232970304,COMPLETE
223,0.6776311516761779,2025-03-02 17:49:46.016146,2025-03-02 17:51:25.548768,0 days 00:01:39.532622,0.48951216955409654,0.563992783771473,8,0.005529410564218944,0.08092917113251763,0.06903609937167994,0.0010064288918160613,0.004920789448145706,0.0546300248976478,0.0020636572704392205,30,15,0.013997720271255005,0.16658368623252232,False,True,0.00017949959872222808,COMPLETE
224,0.6896793246269226,2025-03-02 17:51:25.556268,2025-03-02 17:53:04.690712,0 days 00:01:39.134444,0.4800839808793469,0.5755957328213892,8,0.0030003065556610652,0.08389837121447331,0.07188392532279153,0.008347456460313952,0.0031452563865784506,0.055907312010004886,0.0014790523024288088,30,14,0.012977732922552592,0.18013493513087353,False,True,0.0002639401977565432,COMPLETE
225,0.6879876285791396,2025-03-02 17:53:04.698739,2025-03-02 17:54:43.241714,0 days 00:01:38.542975,0.481143077874727,0.5782918474226542,8,0.003376481764530502,0.08243539283931817,0.07144893324492917,0.007992504545441845,0.003161617074773879,0.055732527189231065,0.0013919647178233423,30,14,0.018005799932480256,0.15743188891583904,False,True,0.0002572091971936729,COMPLETE
226,0.6985278457403183,2025-03-02 17:54:43.249357,2025-03-02 17:56:21.541190,0 days 00:01:38.291833,0.4686459910625059,0.5519217948767399,8,0.0027678736697213024,0.08436290900649263,0.06493800676908155,0.0047279982966228675,0.00280077148801465,0.05339587835743818,0.0019517895658868324,30,14,0.012684518697589662,0.1789104652721888,False,True,0.0002264437097353503,COMPLETE
227,0.6957155019044876,2025-03-02 17:56:21.548940,2025-03-02 17:57:59.981815,0 days 00:01:38.432875,0.46028864722108964,0.5457839193675591,8,0.0029391995733656067,0.0844684059028955,0.06463557713413157,0.004888031265738168,0.0045675433009617255,0.052895779428324935,0.001952919470375842,30,14,0.012962746924147643,0.18322488078176502,False,True,0.00016785644132561993,COMPLETE
228,0.6875372529029846,2025-03-02 17:57:59.989418,2025-03-02 17:59:38.537743,0 days 00:01:38.548325,0.4554303974757851,0.5439282820327215,8,0.0027871576543443133,0.07928947722512332,0.06530683039535914,0.00898153665126908,0.005341524857162808,0.05320586918533684,0.0019528607627610538,30,14,0.01413453654726168,0.18458741216969618,False,True,0.0002232350085910572,COMPLETE
