number,value,datetime_start,datetime_complete,duration,params_alpha-eval,params_alpha-train,params_batch-size,params_eps-eval,params_eps-train,params_lambda-actions-eval,params_lambda-actions-train,params_lambda-frames-eval,params_lambda-frames-train,params_learning-rate,params_n-epochs,params_n-frames,params_radius-gw,params_rho,params_ub-actions,params_ub-frames,params_weight-decay,state
457,0.7209131598472596,2025-03-03 00:26:21.738593,2025-03-03 00:28:12.027014,0 days 00:01:50.288421,0.2762618732210473,0.3990635129321054,8,0.004800952613861036,0.06855577968657,0.09379375729507669,0.004642217753083048,0.019764698395976592,0.016030042764919036,0.0053419005298654,30,19,0.0364572011432924,0.09926698170537446,False,False,1.2069656464022311e-06,COMPLETE
458,0.5473118782043457,2025-03-03 00:28:12.050113,2025-03-03 00:30:02.949637,0 days 00:01:50.899524,0.22365573243311668,0.37500580915654386,8,0.0983350153175778,0.06089498766681018,0.09414793986252222,0.0010890891517924004,0.030756305947241585,0.019829305133387026,0.0041518708836118,30,18,0.04030437136082428,0.10984214385313854,False,False,1.6067822100261935e-06,COMPLETE
459,0.5561466246843338,2025-03-03 00:30:02.962734,2025-03-03 00:31:53.759181,0 days 00:01:50.796447,0.28954657387038424,0.38456127665444323,8,0.05536606572671021,0.07148969070515004,0.09548172528510931,0.00270394371006531,0.021465371011511154,0.024559010875573675,0.0038152827684752454,30,21,0.03282555901910114,0.09364536436219977,False,False,2.3110151086864733e-06,COMPLETE
460,0.8028745353221893,2025-03-03 00:31:53.772495,2025-03-03 00:33:45.228777,0 days 00:01:51.456282,0.2545276916952009,0.4061566939856111,8,0.002654305695138795,0.07317922481475066,0.044844081167821126,0.0952689882564097,0.01875192153747237,0.02139824293953539,0.011488922589756066,30,18,0.031564005648918175,0.10259619263230878,False,False,1.9984477923678054e-06,COMPLETE
461,0.6717634618282318,2025-03-03 00:33:45.242155,2025-03-03 00:35:36.631973,0 days 00:01:51.389818,0.2678626663890518,0.4046139310934081,8,0.002535107721322593,0.07286847970307764,0.04252016875910125,0.05445045126747939,0.023934286104471614,0.02184378143454825,0.012915377185531577,30,19,0.031648132835217856,0.10278800153430737,False,False,2.0334180030199778e-06,COMPLETE
462,0.5545083284378052,2025-03-03 00:35:36.645799,2025-03-03 00:37:28.073153,0 days 00:01:51.427354,0.2554923892393433,0.35919855905459,8,0.008114557862223669,0.06440980864084608,0.03911234500024394,0.0800527714598191,0.020020439536293032,0.017502325449530818,0.010258535004129278,30,18,0.03731023812541604,0.08609357354064504,False,False,2.645771184586429e-06,COMPLETE
463,0.5323884040117264,2025-03-03 00:37:28.086391,2025-03-03 00:39:19.446619,0 days 00:01:51.360228,0.24681450229582885,0.38943774597163355,8,0.005250118442761876,0.06921953441955536,0.04465619799403971,0.00300181927652149,0.02608067486405126,0.020707876219605136,0.014183039746077045,30,18,0.03451636006734476,0.0983060642479257,False,False,1.8324572245076354e-06,COMPLETE
464,0.8279550969600677,2025-03-03 00:39:19.459737,2025-03-03 00:41:10.389053,0 days 00:01:50.929316,0.23351344237546662,0.40432559195869927,8,0.0023928141056421253,0.07393541485536104,0.08600734445018898,0.08402782005060944,0.01859012379094616,0.0264981443523822,0.006984378833632607,30,19,0.031576929773133075,0.10598050613425686,False,False,1.5805047672751682e-06,COMPLETE
465,0.6370539844036102,2025-03-03 00:41:10.402566,2025-03-03 00:43:00.679702,0 days 00:01:50.277136,0.22890161442802814,0.4124922124624373,8,0.006548064636372588,0.0743218438901547,0.09977472090785719,0.0834609334122711,0.018718029476685417,0.023747073677067,0.0064423791972241734,30,19,0.03017807068055595,0.11009727885439055,False,False,1.4095884783637822e-06,COMPLETE
466,0.8098054707050323,2025-03-03 00:43:00.692778,2025-03-03 00:44:52.366302,0 days 00:01:51.673524,0.24180487991647057,0.3737947378114303,8,0.002606439479318776,0.07306152979553689,0.08747295404164089,0.005357016037040018,0.023349275756030817,0.018825180782946177,0.005665237617287923,30,20,0.03199798862523913,0.11739943721582849,False,False,1.6095525333723278e-06,COMPLETE
467,0.5597348898649216,2025-03-03 00:44:52.379325,2025-03-03 00:46:43.977665,0 days 00:01:51.598340,0.24545501415912407,0.3696468718736643,8,0.07074334717917699,0.07283938366092535,0.0827820648834006,0.004962020956064408,0.02306144752506823,0.01785959286148206,0.005627107638684258,30,20,0.03220434588158679,0.10654657827698027,False,False,1.617292549812709e-06,COMPLETE
468,0.8062812209129334,2025-03-03 00:46:43.990940,2025-03-03 00:48:34.753805,0 days 00:01:50.762865,0.23777177432319482,0.3803551097955984,8,0.0023499872536684994,0.0707743539637245,0.08642047715114733,0.09444487084920979,0.02175184901688322,0.019129536307067617,0.0075557070011390655,30,20,0.035084452549203636,0.1153953852657543,False,False,2.180472194432099e-06,COMPLETE
469,0.6931826680898666,2025-03-03 00:48:34.767187,2025-03-03 00:50:25.224400,0 days 00:01:50.457213,0.23895043061035404,0.35613293286295694,8,0.004397572481012813,0.07194922222020236,0.09501820552063783,0.09552515578130832,0.024782027897968236,0.012578805209372958,0.007415847166265696,30,20,0.035002965545075836,0.11720501323731881,False,False,2.1498820891052494e-06,COMPLETE
470,0.544129592180252,2025-03-03 00:50:25.237635,2025-03-03 00:52:17.385145,0 days 00:01:52.147510,0.22139962818209757,0.37311241012794416,8,0.051623961662167234,0.07023955512011153,0.08447994231502219,0.002119884556684086,0.022336552438382038,0.015152127598366184,0.007769607259846858,30,20,0.031772905058112685,0.09423357320013487,False,False,1.957337346250916e-06,COMPLETE
471,0.7942964732646942,2025-03-03 00:52:17.398473,2025-03-03 00:54:08.107871,0 days 00:01:50.709398,0.23430869965312373,0.3858268823335889,8,0.002557003052777843,0.07357451561535565,0.08656900876212416,0.090299798935984,0.021019792555498986,0.01905143701599032,0.006497389777152653,30,21,0.03623773786924646,0.11304596140000131,False,False,2.387553212684338e-06,COMPLETE
472,0.7631681859493256,2025-03-03 00:54:08.126316,2025-03-03 00:55:59.838689,0 days 00:01:51.712373,0.23383842455130352,0.38089764609796056,8,0.0024052950131821303,0.0740394498797651,0.08266450995045369,0.09321959778180855,0.021118176964407463,0.01929957103473302,0.006515226610801805,30,21,0.03294050873991254,0.10552067458854142,False,False,3.089495738725663e-06,COMPLETE
473,0.5440354853868484,2025-03-03 00:55:59.852420,2025-03-03 00:57:25.415531,0 days 00:01:25.563111,0.23158659775990562,0.37885121504583996,8,0.001005873658571164,0.07426538049212426,0.08613640745740073,0.0908960951524418,0.02700310627807207,0.019799305523714852,0.007228881842840167,23,21,0.029753680690635536,0.10862323354534505,False,False,2.471052606505457e-06,COMPLETE
474,0.5338375180959701,2025-03-03 00:57:25.428999,2025-03-03 00:59:17.873512,0 days 00:01:52.444513,0.2121100000603963,0.37661602425054186,8,0.005886085897584915,0.0739889935219663,0.08997657559276613,0.09456869511441812,0.02321931492433659,0.021646203611969644,0.011066089942094013,30,22,0.03223342084286516,0.11631609445406102,False,False,3.1453851868970187e-06,COMPLETE
475,0.5440354853868484,2025-03-03 00:59:17.886791,2025-03-03 01:01:07.368255,0 days 00:01:49.481464,0.23067281060790923,0.3583616380799384,8,0.0011973038739479594,0.07230352396968893,0.08575108501854267,0.09846016644580015,0.021365583511015338,0.019175827591354305,0.00851907520003174,30,21,0.03303158412560875,0.1046875709061608,False,False,2.0410995749183004e-06,COMPLETE
476,0.5302765965461731,2025-03-03 01:01:07.381987,2025-03-03 01:02:20.219893,0 days 00:01:12.837906,0.25357714532637005,0.38842836143477205,8,0.004940442241233587,0.07544078963615945,0.08167614008305799,0.09321804483508726,0.019839969306238492,0.015690473679952733,0.006726213910727813,20,22,0.03397622821603603,0.1116004385115611,True,False,2.709313381092961e-06,COMPLETE
477,0.5394017398357391,2025-03-03 01:02:20.233283,2025-03-03 01:04:11.058199,0 days 00:01:50.824916,0.2017294836087964,0.39907559996600017,8,0.0092599674999512,0.07367446806857417,0.08821907308729166,0.08865929825261784,0.02502450136636735,0.02114408731080188,0.005752755495120651,30,20,0.029067811148257107,0.096114490350191,False,False,2.3267709563236072e-06,COMPLETE
478,0.7748346865177155,2025-03-03 01:04:11.071664,2025-03-03 01:06:01.462071,0 days 00:01:50.390407,0.22302240003252324,0.3708707204502169,8,0.002642174199738151,0.07024532680035593,0.08550307638841077,0.09710748428395637,0.02203685989915849,0.018679205220976058,0.006215208482753761,30,21,0.031352556746019,0.08826907647414403,False,False,2.782072872736556e-06,COMPLETE
479,0.5440354853868484,2025-03-03 01:06:01.476036,2025-03-03 01:07:51.489306,0 days 00:01:50.013270,0.21748410659554,0.3457875274129386,8,0.0010012229520396452,0.07237682250207834,0.09172780660200229,0.09660967427829302,0.029587575563613678,0.018352743914478224,0.006402921785051942,30,21,0.030907607692719427,0.08852532513248951,False,False,2.918846501725402e-06,COMPLETE
480,0.6189301490783692,2025-03-03 01:07:51.503299,2025-03-03 01:09:42.928904,0 days 00:01:51.425605,0.22413128017285372,0.36772028578762417,8,0.029064162818900473,0.07010531615949689,0.08633836814685002,0.09188344135083981,0.022507844825756795,0.01659036078230823,0.00850276181324117,30,21,0.051004648102299245,0.0814497264866273,False,False,7.76254917753255e-06,COMPLETE
481,0.6890652656555175,2025-03-03 01:09:42.942340,2025-03-03 01:11:33.848517,0 days 00:01:50.906177,0.25985405502117126,0.3844954903680045,8,0.004296398282189695,0.06896636503747451,0.08450164150013681,0.09741979877060022,0.018836739578642927,0.019660307895826498,0.005210804611072353,30,22,0.03367976729621218,0.09248685006570398,False,False,2.1687049589438353e-06,COMPLETE
482,0.6562643468379974,2025-03-03 01:11:33.862241,2025-03-03 01:13:24.628578,0 days 00:01:50.766337,0.23609047224030374,0.37083598605334955,8,0.0070133003721143325,0.07605946168015101,0.08744690709604172,0.09892213123609611,0.024218124868414483,0.022613879953795008,0.006309643863831018,30,21,0.03551736410044177,0.10646038772798865,False,False,1.5838483546168865e-06,COMPLETE
483,0.5440354853868484,2025-03-03 01:13:24.642215,2025-03-03 01:15:14.447634,0 days 00:01:49.805419,0.22100669769148196,0.39613796446702854,8,0.0010486529632130336,0.07087825083323815,0.08706291158003558,0.0936826004224081,0.021221447741308498,0.013557390231748423,0.007014182561854817,30,20,0.030811685089745758,0.07366985544234587,False,False,1.8288285892011574e-06,COMPLETE
484,0.6777111321687699,2025-03-03 01:15:14.461534,2025-03-03 01:17:05.989037,0 days 00:01:51.527503,0.24624466709227325,0.3575256656714615,8,0.004551887220927723,0.07406211485192156,0.0924648728136912,0.09011239950490571,0.019166196873004776,0.020962152775389747,0.00947375892194843,30,21,0.029252209367494328,0.09994027876333211,False,False,2.4070863062907588e-06,COMPLETE
485,0.5868224501609802,2025-03-03 01:17:06.003182,2025-03-03 01:18:57.255061,0 days 00:01:51.251879,0.20919809024948544,0.3309116539064218,8,0.00308459993857138,0.06731591744699397,0.08051815699738529,0.08604967240747881,0.02680549898366576,0.018622019887826358,0.005293708729956134,30,20,0.03696486912028516,0.1153265565345162,False,False,1.558140756684057e-06,COMPLETE
486,0.6308417558670044,2025-03-03 01:18:57.268694,2025-03-03 01:20:47.618536,0 days 00:01:50.349842,0.23322683804930555,0.3814249312044187,8,0.006313280426759594,0.0725088371249102,0.08890935869661537,0.09378697286029467,0.021933776219863376,0.02327010355567475,0.00511957573442895,30,19,0.0329044524133785,0.11069297181140035,False,False,1.894972960763925e-06,COMPLETE
487,0.5440354853868484,2025-03-03 01:20:47.633291,2025-03-03 01:22:36.900917,0 days 00:01:49.267626,0.25710246062624265,0.3964871261208568,8,0.0010230893329986224,0.0756408288618125,0.08589749564147676,0.09962905817810898,0.023697907238338454,0.01673702464925636,0.007809992752031215,30,20,0.03830682430093404,0.08626310588334409,False,False,2.921522203468718e-06,COMPLETE
488,0.6365041732788086,2025-03-03 01:22:36.914661,2025-03-03 01:24:28.266938,0 days 00:01:51.352277,0.2002517643195463,0.3678509841849166,8,0.0045454169993858085,0.07051386448676975,0.08336544182140189,0.09726552537636282,0.020143956364817903,0.020365056070454118,0.01585200582403184,30,21,0.034630118555667624,0.10245568492263862,False,False,1.4240326968433916e-06,COMPLETE
489,0.740422722697258,2025-03-03 01:24:28.280827,2025-03-03 01:26:18.574152,0 days 00:01:50.293325,0.22125622749851304,0.38635576299127994,8,0.0028713798492998183,0.0746228139453795,0.08534108320359073,0.06044252207508931,0.01807622311987278,0.027521478880603165,0.011949028612111275,30,19,0.031697077690722636,0.0944189538752175,False,False,1.5975531840211699e-06,COMPLETE
490,0.624755734205246,2025-03-03 01:26:18.588098,2025-03-03 01:28:10.144577,0 days 00:01:51.556479,0.24060680736624585,0.40368749278543786,8,0.00791902863768159,0.07212841675602855,0.08806544770745535,0.0949359716660953,0.032877915378889365,0.022585540498511514,0.006249943150866405,30,23,0.028580750768328445,0.106304882177845,False,False,2.0793828718077134e-06,COMPLETE
491,0.7661764353513717,2025-03-03 01:28:10.158173,2025-03-03 01:30:01.324112,0 days 00:01:51.165939,0.2297332708440652,0.38103242863613535,8,0.0028432214440568078,0.06965812809896721,0.08136533009289451,0.08779421905786633,0.02624417896746731,0.025490067022113545,0.00481191109578695,30,20,0.03601430116053099,0.11699758076358495,False,False,1.336662887513411e-06,COMPLETE
492,0.5506855428218842,2025-03-03 01:30:01.337977,2025-03-03 01:31:52.209309,0 days 00:01:50.871332,0.27001026454576227,0.4027900659026293,8,0.010288598934184169,0.06861754058659293,0.09019893822896267,0.08627589144035772,0.02801069317407515,0.02518327517298826,0.00476637419752933,30,19,0.04179220099698763,0.11683492875375108,False,False,1.3258152219567008e-06,COMPLETE
493,0.5502163141965866,2025-03-03 01:31:52.223082,2025-03-03 01:33:42.649908,0 days 00:01:50.426826,0.20924206556534758,0.3625311995277527,8,0.005913215836241312,0.0666273765945251,0.09780214469045796,0.09206389489174102,0.024526042060235755,0.028757781241996537,0.05390310750027401,30,20,0.0358048501079057,0.11863150380151084,False,False,1.2788604564214028e-06,COMPLETE
494,0.6784633994102478,2025-03-03 01:33:42.664213,2025-03-03 01:35:33.875553,0 days 00:01:51.211340,0.2141991333651318,0.3904900763594201,8,0.004645637583213074,0.07069533069423996,0.08987248893312147,0.08832830427605318,0.016924804535708878,0.025752687800362294,0.004753359265677845,30,20,0.03876642465451615,0.11109074303909382,False,False,1.532828782895362e-06,COMPLETE
495,0.5679343223571778,2025-03-03 01:35:33.889513,2025-03-03 01:37:25.678638,0 days 00:01:51.789125,0.24881693353751985,0.373919887649038,8,0.0028258944888080884,0.06696034107692028,0.0925956208447578,0.08931021813010563,0.026386819085176885,0.023609196794036228,0.01992671503860922,30,19,0.036227520130723716,0.09670010056638433,False,False,1.7918654332194538e-06,COMPLETE
496,0.5893965810537338,2025-03-03 01:37:25.692546,2025-03-03 01:38:30.380453,0 days 00:01:04.687907,0.22495547834853907,0.4040551213541997,8,0.007285434633028068,0.06969507738179533,0.08100758305462721,0.09601653404977505,0.022925141234495496,0.021560584037839628,0.005406648057963267,18,18,0.0380909745227406,0.08871107013899515,True,False,1.2804698581733514e-06,COMPLETE
497,0.5912788301706314,2025-03-03 01:38:30.394129,2025-03-03 01:40:22.448456,0 days 00:01:52.054327,0.23104144651119246,0.34675713924893653,8,0.08446189819191181,0.06881148689073102,0.08669766153552584,0.08731383438587668,0.028434712802216766,0.015085167800576761,0.008449339998641728,30,20,0.04688549773459809,0.11848732486951291,False,False,1.4557205582589828e-06,COMPLETE
498,0.7132623225450516,2025-03-03 01:40:22.462407,2025-03-03 01:42:12.797635,0 days 00:01:50.335228,0.25943841929419514,0.38843262586972765,8,0.00405331360623813,0.07230646895554814,0.09317273148293047,0.09108583448043217,0.026143282376308204,0.026674364597238813,0.004630244908702857,30,19,0.030190138446734884,0.10120825575536488,False,False,1.7023200348719635e-06,COMPLETE
499,0.5441376090049743,2025-03-03 01:42:12.811443,2025-03-03 01:44:02.296396,0 days 00:01:49.484953,0.24352218147941296,0.375537919748571,8,0.0010020487675365458,0.07655093756498448,0.08508437042062655,0.09618167595873996,0.018530224594912527,0.017480141162539414,0.0055769015426451445,30,18,0.034294616587345374,0.11177023642785863,False,False,1.1907559077299416e-06,COMPLETE
500,0.5465705871582032,2025-03-03 01:44:02.310798,2025-03-03 01:45:53.658994,0 days 00:01:51.348196,0.2137714438999738,0.40880157499992126,8,0.005765993283389155,0.06471802507053591,0.08370226289069117,0.0644384717886798,0.019904761482694773,0.021360610925311704,0.010493295300003718,30,19,0.03121776683579319,0.09104556793566589,False,False,2.075369449368941e-06,COMPLETE
501,0.7538139164447784,2025-03-03 01:45:53.672940,2025-03-03 01:47:44.078736,0 days 00:01:50.405796,0.2275437791825644,0.3938883487437999,8,0.0027470272758094126,0.07631403704803127,0.08981140258630305,0.05663083149260961,0.035143718841086316,0.02377791820161115,0.0072070358104906395,30,20,0.042698121079295284,0.056405127240906724,False,False,1.5085501429633162e-06,COMPLETE
502,0.7011950790882111,2025-03-03 01:47:44.093246,2025-03-03 01:49:34.880540,0 days 00:01:50.787294,0.20088255881729866,0.38363668715757704,8,0.004535360029284636,0.07112329586282466,0.09520378444541495,0.09120511786750157,0.030565538000815056,0.01888652464920021,0.00470415027545519,30,18,0.039987426861623945,0.09755269529344111,False,False,1.778986783169623e-06,COMPLETE
503,0.5481983959674835,2025-03-03 01:49:34.894983,2025-03-03 01:50:58.037612,0 days 00:01:23.142629,0.26764676879456173,0.399693402045763,8,0.008619001966050876,0.07325321282691749,0.045872397266036806,0.07552104506900395,0.022329926875598288,0.012117380709425588,0.004398137477905618,21,19,0.036348466929724675,0.11686919613136748,False,False,1.3305974809789657e-06,COMPLETE
504,0.6958480209112168,2025-03-03 01:50:58.051598,2025-03-03 01:52:48.442629,0 days 00:01:50.391031,0.24627924702575707,0.3564765550754103,8,0.002669902124602659,0.06831794593811115,0.08775280157916607,0.0925487348823665,0.01649735185521399,0.020246765949329327,0.005959116189241136,30,20,0.03388285947064895,0.10724773582202003,False,False,1.1164812503134517e-06,COMPLETE
505,0.63285513818264,2025-03-03 01:52:48.457036,2025-03-03 01:54:39.638977,0 days 00:01:51.181941,0.21805948714081058,0.40847558255904126,8,0.0065476519294823355,0.07552778269529078,0.012443789321637158,0.09748704738363753,0.025308902252260887,0.025264822760661592,0.007848456397596808,30,18,0.028530780623261188,0.10061561963386352,False,False,1.6443684318241036e-06,COMPLETE
506,0.5725401163101196,2025-03-03 01:54:39.653079,2025-03-03 01:56:22.568878,0 days 00:01:42.915799,0.23516095387931674,0.3695102267493021,8,0.0044614397927130916,0.07026268007501835,0.09193468706297728,0.08408220193817657,0.020401825905102446,0.016406712658026658,0.005601793089158332,29,19,0.03178313607300054,0.1116941278644589,False,False,1.971304484735139e-06,COMPLETE
507,0.6625056594610215,2025-03-03 01:56:22.593241,2025-03-03 01:57:28.754152,0 days 00:01:06.160911,0.2554349963071667,0.3913039599261075,8,0.0026771427742824077,0.0736049346777617,0.08416993575899334,0.0831107802650441,0.018185379305468072,0.02251125366860384,0.004337688638181087,15,20,0.03763188497863455,0.08109347543911953,False,False,1.411869120237322e-06,COMPLETE
508,0.5440354853868484,2025-03-03 01:57:28.768077,2025-03-03 01:59:18.578608,0 days 00:01:49.810531,0.2233303968736929,0.37821723740718416,8,0.0010935925722473827,0.06582955163383927,0.09709586277766208,0.0868405355976869,0.04964113362328944,0.01817843998809321,0.009457548467427449,30,18,0.03533484657613386,0.10542912653482932,False,False,1.2604819391483543e-06,COMPLETE
509,0.5520373821258544,2025-03-03 01:59:18.593585,2025-03-03 02:01:09.152718,0 days 00:01:50.559133,0.23945430253854552,0.3959558086545127,8,0.005830999514491675,0.07712858724029308,0.0459742767002651,0.0949250838012321,0.023876515249996847,0.014592771555255164,0.006497060489414415,30,21,0.028177003060480613,0.11931130450908117,False,False,2.3200439448627793e-06,COMPLETE
510,0.6985409200191497,2025-03-03 02:01:09.167459,2025-03-03 02:03:00.074086,0 days 00:01:50.906627,0.21224684065374788,0.40881011760143665,8,0.004312473987386966,0.07139302548429691,0.07935847910547622,0.08836118492569515,0.03891132901490121,0.027666769925696864,0.005237655282922319,30,19,0.03983972259273493,0.09383019014878981,False,False,1.0242299110357523e-06,COMPLETE
511,0.6396339863538743,2025-03-03 02:03:00.088705,2025-03-03 02:04:50.580626,0 days 00:01:50.491921,0.25144018905370036,0.30972340010975286,8,0.002780942361526481,0.07495271679704431,0.08829136513835657,0.09461010838054804,0.021621891879369443,0.020916841666094317,0.012020081096478877,30,18,0.032731219464804465,0.11208925434876378,False,False,1.5101721961960616e-06,COMPLETE
512,0.5633430153131486,2025-03-03 02:04:50.595299,2025-03-03 02:06:33.579854,0 days 00:01:42.984555,0.2325387677934868,0.3645410337485949,8,0.001019108136960834,0.06897251274053143,0.04678186414452631,0.09941058929038889,0.018668322647219043,0.024377374165309034,0.004173597475852988,29,20,0.029590868966180933,0.10256559602959946,False,False,1.8074683646278643e-06,COMPLETE
513,0.5385382890701294,2025-03-03 02:06:33.594294,2025-03-03 02:08:24.290936,0 days 00:01:50.696642,0.27417009756667293,0.3838829948048921,8,0.06700889485696279,0.07294228965562549,0.045639083325417405,0.08993520422954213,0.01610249083878757,0.02226896967796221,0.007330982482625462,30,18,0.03407102680340092,0.08762777401414731,False,False,3.855517053271016e-06,COMPLETE
