number,value,datetime_start,datetime_complete,duration,params_alpha-eval,params_alpha-train,params_batch-size,params_eps-eval,params_eps-train,params_lambda-actions-eval,params_lambda-actions-train,params_lambda-frames-eval,params_lambda-frames-train,params_learning-rate,params_n-epochs,params_n-frames,params_radius-gw,params_rho,params_ub-actions,params_ub-frames,params_weight-decay,state
400,0.7992030471563338,2025-03-02 22:42:08.131773,2025-03-02 22:43:59.937328,0 days 00:01:51.805555,0.2669695953922401,0.39602755638379156,8,0.0026125980942089525,0.0808273771125349,0.05089393327348789,0.0017500657805064605,0.018874660795476932,0.023012748087269386,0.003666753792593872,30,18,0.030227195701576122,0.10917937975760365,False,False,1.418493172570108e-06,COMPLETE
401,0.8190182328224181,2025-03-02 22:43:59.949295,2025-03-02 22:45:50.132043,0 days 00:01:50.182748,0.23448294436102352,0.3999788389139235,8,0.0024896198592461714,0.08120704513902104,0.05119801226125414,0.0014583996804639445,0.01893281028229546,0.020027926891832384,0.0038688203962373,30,18,0.03663252618721699,0.09810641115092575,False,False,1.4706008585267136e-06,COMPLETE
402,0.8093255728483201,2025-03-02 22:45:50.143638,2025-03-02 22:47:41.288161,0 days 00:01:51.144523,0.24480206092864468,0.3968409461899473,8,0.0025700724199633884,0.08079146184186489,0.051070787166123066,0.001468239646454341,0.02015871492950917,0.018275109245211852,0.0038077067694289738,30,18,0.03735864535720268,0.09694045449462861,False,False,1.444770703671846e-06,COMPLETE
403,0.5630106389522552,2025-03-02 22:47:41.299760,2025-03-02 22:49:32.179064,0 days 00:01:50.879304,0.239013267042529,0.39292213650041075,8,0.0010804309681538486,0.08057068320419042,0.051240911586721026,0.0014023027733418637,0.0202620838373267,0.015977408375510743,0.0038644986758630466,30,18,0.0374449119161723,0.09399782912503486,False,False,1.4760334664670108e-06,COMPLETE
404,0.529194724559784,2025-03-02 22:49:32.190849,2025-03-02 22:51:22.622091,0 days 00:01:50.431242,0.2685061586733671,0.4001604588238069,8,0.005525459645413105,0.0787824874831459,0.05040069980434005,0.0012124226786110305,0.018117267798963162,0.02314333342975537,0.010735259270638139,30,18,0.03530896527274535,0.09921061634962372,False,False,1.3486801000000484e-06,COMPLETE
405,0.7834538370370865,2025-03-02 22:51:22.633907,2025-03-02 22:53:13.158264,0 days 00:01:50.524357,0.2181049158512136,0.3861859760429447,8,0.0031146984905637493,0.08107354368563933,0.04809397811080066,0.0027449842423277263,0.018437631621150394,0.020616915794842768,0.004830329098986066,30,18,0.032913631689198225,0.08803014544951605,False,False,1.6572595510011292e-06,COMPLETE
406,0.6623377919197083,2025-03-02 22:53:13.170229,2025-03-02 22:55:03.235263,0 days 00:01:50.065034,0.2499002620537454,0.37567079930370906,8,0.004468423052785445,0.08079923106708695,0.04759610585835089,0.0010132447203125023,0.01916713957734393,0.01841544797990873,0.004822966104615198,30,18,0.03174047213939649,0.08798449798145458,False,False,1.6951242868659231e-06,COMPLETE
407,0.82053302526474,2025-03-02 22:55:03.247073,2025-03-02 22:56:53.741739,0 days 00:01:50.494666,0.20925606056972107,0.4066345204097085,8,0.0029975151056209153,0.07500398470060789,0.049265009905356524,0.003084633950803407,0.023886450692938953,0.02181357236400305,0.004661332800144454,30,19,0.033272851582280646,0.10430233979740387,False,False,1.5198400125592846e-06,COMPLETE
408,0.6635922402143478,2025-03-02 22:56:53.753612,2025-03-02 22:58:44.875477,0 days 00:01:51.121865,0.20798424963945322,0.3831837134993101,8,0.006334520799498016,0.07193735572344412,0.048726598319889985,0.0028585696717801823,0.02403861174417811,0.021518027185364805,0.007409370351850912,30,19,0.03278262048513471,0.10352809683154762,False,False,1.5229143634815678e-06,COMPLETE
409,0.7880957305431366,2025-03-02 22:58:44.887307,2025-03-02 23:00:35.195862,0 days 00:01:50.308555,0.2156331097092844,0.40658679723070307,8,0.0027808203047558567,0.0742509920818597,0.045651278569074125,0.00297710712615415,0.017257350631970106,0.01980944663096028,0.004589074342839057,30,19,0.041287415692081775,0.0938223573880134,False,False,1.1743665931742878e-06,COMPLETE
410,0.6168185502290726,2025-03-02 23:00:35.207995,2025-03-02 23:02:25.735810,0 days 00:01:50.527815,0.2266306428572799,0.40728618143291234,8,0.00833033450532036,0.07520248831376754,0.04585698119001385,0.002895341378574195,0.01668793209270454,0.022395447610860868,0.005401408202842629,30,19,0.041495913603708426,0.07963106767619327,False,False,1.190846068530296e-06,COMPLETE
411,0.7025741845369339,2025-03-02 23:02:25.747583,2025-03-02 23:04:16.916623,0 days 00:01:51.169040,0.22039618756085128,0.3940315440072046,8,0.004817396517389057,0.07470201109806558,0.04741003622012732,0.00330744292808276,0.019116749950736117,0.021361761283014116,0.006285645874365014,30,18,0.03725465321151232,0.09854135406744907,False,False,1.2839149077060999e-06,COMPLETE
412,0.8133071899414063,2025-03-02 23:04:16.928812,2025-03-02 23:06:07.691264,0 days 00:01:50.762452,0.20508252561856158,0.40762921516343387,8,0.0026036121948677018,0.07346965782876222,0.043235527187664824,0.0026412412977814036,0.023146735195545335,0.019726098930430896,0.004636576849697562,30,20,0.03986534613867709,0.11064458398387275,False,False,1.1458472351065777e-06,COMPLETE
413,0.629202950000763,2025-03-02 23:06:07.703488,2025-03-02 23:07:59.327254,0 days 00:01:51.623766,0.21930373693417157,0.38326051570537134,8,0.006324116481334711,0.06964477889002256,0.043136992731259594,0.0025604989397838823,0.021551163119705986,0.019043764979736727,0.004808850390058901,30,20,0.038834723747127056,0.11191878182522173,False,False,1.1376167573704728e-06,COMPLETE
414,0.6989692240953446,2025-03-02 23:07:59.339159,2025-03-02 23:09:50.998199,0 days 00:01:51.659040,0.2027800777655296,0.35282501417461465,8,0.004387200130313377,0.07295346592929357,0.04441367620051594,0.0010169219910616868,0.022576836299437422,0.016439308151302057,0.006303245133330276,30,21,0.03493934452310328,0.09320692180049156,False,False,1.4772117557849287e-06,COMPLETE
415,0.8167065560817719,2025-03-02 23:09:51.011232,2025-03-02 23:11:41.864289,0 days 00:01:50.853057,0.23587896872377298,0.4009840909428884,8,0.0027145032587880167,0.07317373024226156,0.04570839666095917,0.003541262346802681,0.02556373777365871,0.020062599073864453,0.004424117006266119,30,20,0.03335015287913712,0.10712878189392501,False,False,1.7440782840458587e-06,COMPLETE
416,0.5473178446292877,2025-03-02 23:11:41.876286,2025-03-02 23:13:33.938319,0 days 00:01:52.062033,0.25616677752515987,0.4027613142510326,8,0.007702860820395492,0.07301358979346116,0.04150869963984239,0.00422144770182241,0.029118329203158693,0.019041378933873015,0.0039799818662439816,30,20,0.04312975823328368,0.10634634024221258,False,False,1.8003302666436898e-06,COMPLETE
417,0.608206769824028,2025-03-02 23:13:33.950300,2025-03-02 23:15:12.909921,0 days 00:01:38.959621,0.23716346122108486,0.3926398833679497,8,0.005561750965311493,0.07322134604535475,0.04901909641856086,0.0011530083850701753,0.025167862033191473,0.023042452774428346,0.004833238065598908,30,20,0.03323250940954846,0.10763766759288375,True,False,1.6310056892356174e-06,COMPLETE
418,0.5581200987100601,2025-03-02 23:15:12.922864,2025-03-02 23:17:03.087001,0 days 00:01:50.164137,0.25242252876500487,0.37587769489985995,8,0.03335712853039596,0.07190090262212616,0.04277077029903417,0.004293415325356265,0.0208433078999825,0.014674404420208904,0.006054171566148946,30,19,0.03981783345794484,0.0829562425559177,False,False,1.3217505226003866e-06,COMPLETE
419,0.8056264281272888,2025-03-02 23:17:03.099357,2025-03-02 23:18:53.934838,0 days 00:01:50.835481,0.21609657194526394,0.4049576959235194,8,0.002742478482768363,0.06971219864768041,0.04523791362243811,0.0030261351834840714,0.02307135962282076,0.019811429044711254,0.0036064615420377034,30,20,0.03675847322642018,0.0973274353226731,False,False,1.493949419459916e-06,COMPLETE
420,0.5492557853460311,2025-03-02 23:18:53.946837,2025-03-02 23:20:44.012499,0 days 00:01:50.065662,0.2254520799197509,0.4087398581969098,8,0.0010065879053259203,0.06805277358164794,0.04481272678353465,0.0028673461069738727,0.023383680619089305,0.02060664434066731,0.004013319881498254,30,20,0.03651944898197312,0.09669547639325554,False,False,1.4812475472917026e-06,COMPLETE
421,0.7234418123960495,2025-03-02 23:20:44.024882,2025-03-02 23:22:34.105798,0 days 00:01:50.080916,0.21676748776654786,0.3681121652022338,8,0.004187852259136995,0.0741181385250155,0.04660860866589582,0.004288862762226688,0.021085665278224225,0.020394228731327697,0.008939575063163478,30,19,0.03540399049638499,0.10246092849541316,False,False,1.7024689859261486e-06,COMPLETE
422,0.5323071986436844,2025-03-02 23:22:34.117975,2025-03-02 23:24:24.105285,0 days 00:01:49.987310,0.20035957097104298,0.3650490856454091,8,0.005751760844585093,0.07093418364147255,0.04697196518384628,0.0010827687480191048,0.026852920182834167,0.020113472056275273,0.004923704181421874,30,19,0.03604690437683863,0.08885809678586873,False,False,1.870368747329393e-06,COMPLETE
423,0.6170884370803833,2025-03-02 23:24:24.117642,2025-03-02 23:26:15.484518,0 days 00:01:51.366876,0.2394604579799488,0.3396326933944079,8,0.009176060928669561,0.07375544331969461,0.04504470729966826,0.004047038648898174,0.021155489091759693,0.014130087714829511,0.008689578494959506,30,19,0.034126754451671446,0.10263043271781482,False,False,1.6581018415627256e-06,COMPLETE
424,0.5416244328022003,2025-03-02 23:26:15.496747,2025-03-02 23:28:06.277364,0 days 00:01:50.780617,0.21337829320676505,0.40189449817985895,8,0.004254722499396128,0.07434113596501168,0.04796062030891541,0.003538623278269459,0.01984160755418976,0.01765468436642801,0.012869650487928989,30,20,0.029827613378109213,0.09417847731649794,False,False,1.171811787835179e-06,COMPLETE
425,0.6521890997886657,2025-03-02 23:28:06.289870,2025-03-02 23:29:57.044401,0 days 00:01:50.754531,0.2167827415725934,0.41006069890425434,8,0.004424006164755518,0.07140794058452078,0.042316907032953606,0.004921903115995009,0.02597082194129451,0.023097830263754816,0.00863050044081844,30,20,0.03777528106663748,0.11020456119419737,False,False,1.471119035082172e-06,COMPLETE
426,0.617100152373314,2025-03-02 23:29:57.057064,2025-03-02 23:31:48.043521,0 days 00:01:50.986457,0.23432268944278517,0.37131883943553573,8,0.007243715739057542,0.07538897288015138,0.04682001567686259,0.0011269699551742104,0.022878453441245696,0.019966041324642504,0.003709862890158192,30,21,0.03408978308603415,0.10178191817316407,False,False,1.0114707122427597e-06,COMPLETE
427,0.7939417839050293,2025-03-02 23:31:48.056153,2025-03-02 23:33:39.368779,0 days 00:01:51.312626,0.2929356374035354,0.3883064337655831,8,0.003037990967364644,0.06985830873902586,0.04935144751851227,0.0031118207305212936,0.015310405013872418,0.02238064590880188,0.005576340647746175,30,17,0.040302064207936736,0.11287164921901946,False,False,1.8749073777114514e-06,COMPLETE
428,0.6208397895097733,2025-03-02 23:33:39.381404,2025-03-02 23:35:30.455746,0 days 00:01:51.074342,0.2649246329019859,0.38814537661662485,8,0.0388635923680345,0.06985780603841925,0.049863705867372446,0.004965475567819923,0.015058795769325013,0.022548281772254777,0.016097058492146363,30,19,0.03606479181486621,0.11257963069837133,False,False,1.902119182567881e-06,COMPLETE
429,0.7427809357643127,2025-03-02 23:35:30.468338,2025-03-02 23:37:21.668661,0 days 00:01:51.200323,0.28849449304535674,0.39754648503877127,8,0.002656543440118019,0.06785337481333574,0.048706472537515554,0.002858552192416047,0.01684987501148355,0.026301947244619744,0.009577518521051216,30,17,0.03995761723634588,0.10261812712586528,False,False,1.7626466788384474e-06,COMPLETE
430,0.7234857589006423,2025-03-02 23:37:21.682068,2025-03-02 23:39:12.074013,0 days 00:01:50.391945,0.2103676078794789,0.37840264688096525,8,0.0025891702253241487,0.06904400474801024,0.04917138105859662,0.002906329679889112,0.015117375518243405,0.02561070724152684,0.009571214700616488,30,18,0.039209834892899004,0.10411831505713692,False,False,1.7792843041947611e-06,COMPLETE
431,0.5807245314121247,2025-03-02 23:39:12.086384,2025-03-02 23:41:02.963931,0 days 00:01:50.877547,0.2878687030812125,0.37880006097629104,8,0.006051284234905323,0.06602102639121449,0.050483962192902576,0.0024859215807465796,0.018035914644759166,0.026166944122360057,0.010176670104228706,30,18,0.04391412983629958,0.10467861359457979,False,False,2.1779823283666005e-06,COMPLETE
432,0.5440354853868484,2025-03-02 23:41:02.976358,2025-03-02 23:42:52.188035,0 days 00:01:49.211677,0.2145382689846743,0.35470697267038964,8,0.0010337773925743361,0.06841696373842905,0.04924281407278895,0.0025794770292066308,0.02133684037443325,0.026210087639144834,0.010241601768832178,30,18,0.04069078915724206,0.09789784823434582,False,False,1.8347327046226993e-06,COMPLETE
433,0.6503005236387254,2025-03-02 23:42:52.200377,2025-03-02 23:44:42.206634,0 days 00:01:50.006257,0.27454383446921393,0.3964133605375599,8,0.0029231104482645527,0.06691066016134267,0.04930903307557635,0.002630383537299752,0.015846412538306907,0.0207882061787103,0.013437043778797193,30,19,0.040781728319639235,0.08955496158793196,False,False,1.6635815369965747e-06,COMPLETE
434,0.6280739605426788,2025-03-02 23:44:42.219066,2025-03-02 23:46:32.636376,0 days 00:01:50.417310,0.20099312693816293,0.36682556990066273,8,0.004913193768769644,0.07000275900350447,0.04418581041657088,0.0014156968785313392,0.018557933128299703,0.011274281942606488,0.008549717266716633,30,18,0.04796809894749062,0.08285249067392221,False,False,1.9685999963065993e-06,COMPLETE
435,0.7683392047882079,2025-03-02 23:46:32.649309,2025-03-02 23:48:23.810665,0 days 00:01:51.161356,0.2231649224057709,0.38426708308279023,8,0.00271088865969044,0.06851396197989493,0.052233279868158684,0.004458666643946648,0.024123444550561146,0.023681973334112053,0.007865303920671215,30,19,0.03900955038996278,0.10570169691588031,False,False,2.376482289139388e-06,COMPLETE
436,0.6545541435480118,2025-03-02 23:48:23.823522,2025-03-02 23:50:13.955751,0 days 00:01:50.132229,0.22902846249432518,0.38218468688875773,8,0.002685736570975083,0.0645714477734221,0.05055452165990886,0.004083255056519606,0.02838001478515812,0.023696591135877406,0.006523021908549865,30,17,0.038871193236453695,0.10868072501717288,False,False,1.4373243813265124e-06,COMPLETE
437,0.6294200420379639,2025-03-02 23:50:13.968098,2025-03-02 23:51:53.369961,0 days 00:01:39.401863,0.22919326507289597,0.4009145321774853,8,0.002487849002851563,0.06902065415740444,0.05215153911902925,0.00512340364392011,0.02319303484137614,0.016912080453497482,0.0069849126604100255,30,18,0.04215606966176847,0.1146018486331148,True,False,2.3822834517097266e-06,COMPLETE
438,0.5442456424236297,2025-03-02 23:51:53.382376,2025-03-02 23:53:43.982067,0 days 00:01:50.599691,0.2508020975084282,0.3918779151596941,8,0.007306802611768037,0.07009747906959778,0.051141285921608846,0.0011069347469522407,0.02540118007236572,0.027255758157925178,0.005560076937783783,30,20,0.039158223078215815,0.09351058601726987,False,False,1.457511051944437e-06,COMPLETE
439,0.5424312889575958,2025-03-02 23:53:43.994640,2025-03-02 23:55:35.072363,0 days 00:01:51.077723,0.23982573511732985,0.4102818886840003,8,0.06364514627681257,0.06733778617772054,0.048536516120340364,0.003590128093566885,0.015560666292486387,0.02479066062679846,0.005787962659147724,30,19,0.037616985589850285,0.1066684018023352,False,False,2.5193813893581858e-06,COMPLETE
440,0.5440354853868484,2025-03-02 23:55:35.085137,2025-03-02 23:57:24.494152,0 days 00:01:49.409015,0.2896781399052602,0.40189724323998927,8,0.0010532078021796682,0.06574450604232356,0.05237349102902512,0.0027311218582188727,0.01710469374080796,0.021926030582799037,0.007769835288485562,30,18,0.040634455567604026,0.0975220771472861,False,False,2.0057684132447574e-06,COMPLETE
441,0.6357244551181793,2025-03-02 23:57:24.506655,2025-03-02 23:59:14.910150,0 days 00:01:50.403495,0.2105262624313806,0.38167778384366874,8,0.00621756088837503,0.07159471435388329,0.048000985617190225,0.005510044116336467,0.013978969806159605,0.018775247090448834,0.004814160929790362,30,17,0.04367390049202028,0.11345927130383794,False,False,1.2491806897747287e-06,COMPLETE
442,0.7675903111696244,2025-03-02 23:59:14.922960,2025-03-03 00:01:05.279922,0 days 00:01:50.356962,0.3219403878376727,0.39153211490898787,8,0.0027249665000555127,0.06813313791433835,0.0952546037491623,0.001326418551530196,0.03237023206728791,0.02853589809444907,0.011395632607502197,30,21,0.031813287476709494,0.10437590909159573,False,False,1.6074889506404573e-06,COMPLETE
443,0.6181359171867371,2025-03-03 00:01:05.292765,2025-03-03 00:02:56.396538,0 days 00:01:51.103773,0.33188196022690575,0.4102067608448373,8,0.0051727611249438865,0.06819558228619668,0.08876032580639517,0.0014297582027978407,0.03279997077250308,0.029151965004713603,0.011721681715452124,30,22,0.0327455754550646,0.07074234591692052,False,False,1.432705838879932e-06,COMPLETE
444,0.5440354853868484,2025-03-03 00:02:56.409089,2025-03-03 00:04:23.644699,0 days 00:01:27.235610,0.31631525613922024,0.39256354950632916,8,0.0011029912232476049,0.07044293845503362,0.04259603606283983,0.0011865688785526545,0.025198223684805357,0.02277277425434028,0.017435637635628734,24,22,0.0302580491336604,0.09949036032608993,False,False,1.1532695927398592e-06,COMPLETE
445,0.5693261981010437,2025-03-03 00:04:23.657381,2025-03-03 00:06:14.204203,0 days 00:01:50.546822,0.26233018139011843,0.4210773115833592,8,0.009343920486813748,0.06257849589687593,0.09034507741838,0.00493111719318658,0.022847659690286393,0.01572169967936639,0.005953199986651841,30,20,0.04522267764348056,0.11440226176410703,False,False,1.5909551445489813e-06,COMPLETE
446,0.6153180092573165,2025-03-03 00:06:14.216762,2025-03-03 00:08:05.822715,0 days 00:01:51.605953,0.3238735444524618,0.4020248424280389,8,0.004783750877916429,0.07295003999265347,0.04484233029180855,0.001015298036110708,0.019837178206775174,0.019635731485139092,0.022615313445412774,30,21,0.033015231491797824,0.10764498188157916,False,False,1.3562918133105635e-06,COMPLETE
447,0.5778003424406052,2025-03-03 00:08:05.835337,2025-03-03 00:09:56.246441,0 days 00:01:50.411104,0.27877871929145975,0.3926012689612961,8,0.0010509091135633255,0.06560831764896383,0.05170490610666402,0.005537085887007392,0.027114763236653426,0.023877030683629116,0.0045769647534380075,30,21,0.03645632988258936,0.0926607709671664,False,False,1.2118079307364614e-06,COMPLETE
448,0.6853542149066925,2025-03-03 00:09:56.259077,2025-03-03 00:11:46.747270,0 days 00:01:50.488193,0.3010176211397313,0.41126645925565225,8,0.003917160908025747,0.06722371552640014,0.04055020552410167,0.003434675208874863,0.018503298541801452,0.02764648773872102,0.00449930339787231,30,17,0.031294086986954586,0.0845010917200052,False,False,2.162404162513292e-06,COMPLETE
449,0.61910480260849,2025-03-03 00:11:46.759888,2025-03-03 00:13:37.660997,0 days 00:01:50.901109,0.315429278603596,0.42496305572298454,8,0.007094052769624652,0.07291033017256045,0.04719955048658177,0.005326069450824998,0.017185627016305105,0.022510446857106105,0.007032444098718548,30,19,0.03427058476632552,0.11450768246792588,False,False,1.6054242296506041e-06,COMPLETE
450,0.7584400355815888,2025-03-03 00:13:37.673980,2025-03-03 00:15:28.239498,0 days 00:01:50.565518,0.24347433637318958,0.38654915988457883,8,0.002835307639368621,0.07113842853154498,0.044000548102891245,0.0031014535921457345,0.020710382738980425,0.017935942010382767,0.003930946248011444,30,19,0.037119704671827125,0.10067283386938347,False,False,1.3835738690541777e-06,COMPLETE
451,0.80945905148983,2025-03-03 00:15:28.252274,2025-03-03 00:17:19.207023,0 days 00:01:50.954749,0.24204143063833414,0.3850954621871636,8,0.003328759160383421,0.07033714915451884,0.09463459188147302,0.0031404803509593325,0.02414586756679084,0.017847687854833257,0.005359811486513855,30,19,0.03631002346382465,0.09955186571242675,False,False,1.1603693430197185e-06,COMPLETE
452,0.560558632016182,2025-03-03 00:17:19.219673,2025-03-03 00:19:10.262536,0 days 00:01:51.042863,0.24277618161124684,0.3450632246508646,8,0.008052030664861674,0.07047076211023817,0.043697545733942064,0.0010088496295897658,0.02360229400046062,0.017928282693304067,0.005107984900059155,30,19,0.037472500262897376,0.09742535797332785,False,False,1.8757662092947705e-06,COMPLETE
453,0.6505485773086548,2025-03-03 00:19:10.275163,2025-03-03 00:21:01.415657,0 days 00:01:51.140494,0.25990691116793185,0.38193279136372343,8,0.005609657821653627,0.0714674199928759,0.09659857761120352,0.003146319549166285,0.020956242329296312,0.013563072409642777,0.00583418393402452,30,20,0.03560171346083238,0.1026416526463273,False,False,1.3497704896287508e-06,COMPLETE
454,0.6918624460697174,2025-03-03 00:21:01.428451,2025-03-03 00:22:52.159710,0 days 00:01:50.731259,0.24728110934354056,0.3659209618484227,8,0.0036344137497668744,0.06990163499233375,0.0915111333661634,0.003060940778715122,0.024620471635931722,0.017262664161936198,0.007750340917130208,30,18,0.03865138863369175,0.10784075802460476,False,False,1.1352398343178915e-06,COMPLETE
455,0.5322089344263077,2025-03-03 00:22:52.172904,2025-03-03 00:24:42.394953,0 days 00:01:50.222049,0.22568422539869445,0.39201826854090605,8,0.006012198179230746,0.06723934593844907,0.04065684955442412,0.004014474653658078,0.022056135293654067,0.01939530284158111,0.004414050782729892,30,19,0.041587388747094764,0.09036636822535304,False,False,1.7329711073168114e-06,COMPLETE
456,0.5700286030769348,2025-03-03 00:24:42.407861,2025-03-03 00:26:21.725326,0 days 00:01:39.317465,0.23534395781293335,0.3241729921974872,8,0.0031449711992693205,0.0720157359814046,0.09858451521022535,0.0029654707887192882,0.0277400417032988,0.02143233453595898,0.00682001451997188,30,20,0.03411979130279835,0.07773772073623478,True,False,1.3928462912252414e-06,COMPLETE
