number,value,datetime_start,datetime_complete,duration,params_alpha-eval,params_alpha-train,params_batch-size,params_eps-eval,params_eps-train,params_lambda-actions-eval,params_lambda-actions-train,params_lambda-frames-eval,params_lambda-frames-train,params_learning-rate,params_n-epochs,params_n-frames,params_radius-gw,params_rho,params_ub-actions,params_ub-frames,params_weight-decay,state
571,0.6625391036272049,2025-03-03 03:50:53.828473,2025-03-03 03:52:38.103137,0 days 00:01:44.274664,0.24179119311185263,0.7726355805680025,8,0.003014161215559546,0.07072529862138041,0.05050561029707184,0.09137856486115556,0.018939623587707705,0.023613392520268877,0.00500797787165152,29,19,0.033642730203480034,0.11877423994084675,False,False,1.152049217348683e-06,COMPLETE
572,0.5643301188945771,2025-03-03 03:52:38.119414,2025-03-03 03:54:28.488969,0 days 00:01:50.369555,0.2001532927198125,0.28790154798485834,8,0.004346521735609532,0.07497579770129281,0.04796024577217169,0.09388717484200307,0.013619837926613759,0.02101366128823901,0.009260096033511762,30,20,0.038592339762892364,0.09819422550108742,False,False,1.3876058200709706e-06,COMPLETE
573,0.5330334275960922,2025-03-03 03:54:28.504919,2025-03-03 03:55:30.922365,0 days 00:01:02.417446,0.25868182477317053,0.37308694411234133,8,0.00278793849491285,0.07152892974812873,0.045146741406533755,0.09599374470900711,0.02029960938870205,0.01599223161637111,0.007749748209351609,17,19,0.034853183298843605,0.10743777680181268,True,False,1.2443444553430205e-06,COMPLETE
574,0.6402735888957978,2025-03-03 03:55:30.938213,2025-03-03 03:57:14.755306,0 days 00:01:43.817093,0.22799332520155513,0.39098170131146703,8,0.006908212522213357,0.07688622689165694,0.04679205454326467,0.09829991287028969,0.02269120187695671,0.019400579274938438,0.006206165461926032,29,18,0.04598890983682387,0.11420636255644119,False,False,1.5157335208279686e-06,COMPLETE
575,0.6226128965616226,2025-03-03 03:57:14.771064,2025-03-03 03:58:39.962795,0 days 00:01:25.191731,0.21375930156072032,0.40509248718223434,8,0.004666774294704065,0.07394339935617844,0.04983467455730031,0.09347826872841336,0.0171550571379213,0.02184023547434859,0.004920751448255524,22,19,0.032791402463483464,0.1228479240254668,False,False,1.8723090655775155e-06,COMPLETE
576,0.8419016003608704,2025-03-03 03:58:39.978778,2025-03-03 04:00:31.647832,0 days 00:01:51.669054,0.24608328210233854,0.3747929393053696,8,0.002877523707077775,0.07744154628893181,0.042967191456310276,0.09579969579474673,0.025992357250347157,0.024257636165246718,0.007720743560925866,30,20,0.03985996242243762,0.1028629934264797,False,False,1.0059995660106534e-06,COMPLETE
577,0.5653656512498856,2025-03-03 04:00:31.663655,2025-03-03 04:02:23.177436,0 days 00:01:51.513781,0.24940156080386947,0.3895364602416405,8,0.00577688895379155,0.07735593745192625,0.009107168505675833,0.09101983080563869,0.0303095980080626,0.02566283005329028,0.009887153674998287,30,20,0.04035527080808401,0.10484499029434555,False,False,1.1185101366298303e-06,COMPLETE
578,0.5409933537244797,2025-03-03 04:02:23.193321,2025-03-03 04:04:14.180577,0 days 00:01:50.987256,0.2685282604245482,0.40774211840789437,8,0.0077929617555442185,0.07741517980220547,0.04105768849526069,0.005784933095618715,0.0261869976216473,0.024148546265363537,0.008419612995293872,30,20,0.04403060066097503,0.11226751424023751,False,False,1.002130981258012e-06,COMPLETE
579,0.8352132439613342,2025-03-03 04:04:14.196536,2025-03-03 04:05:36.051258,0 days 00:01:21.854722,0.23726250663521267,0.3812806761862345,8,0.003024728673371531,0.07580966828073457,0.04325828148145632,0.09459257641034581,0.027048598053689123,0.023192351887128135,0.003175117826344414,20,18,0.03920316639302035,0.0993632546420707,False,False,1.2247274197066613e-06,COMPLETE
580,0.5552243679761887,2025-03-03 04:05:36.067706,2025-03-03 04:06:58.960095,0 days 00:01:22.892389,0.2586573239962832,0.35732191851475376,8,0.012347199025300024,0.07521770301256937,0.04019608555257004,0.09224838727346933,0.028534364282499846,0.0238810797014156,0.003184380243431048,21,19,0.042655584357327504,0.10103950594758869,False,False,1.1682560511571532e-06,COMPLETE
581,0.5289750218391418,2025-03-03 04:06:58.975772,2025-03-03 04:08:13.004789,0 days 00:01:14.029017,0.23868703970605176,0.4236946793727385,8,0.004600876796681475,0.0756675127611887,0.03767770281488195,0.09456565263606256,0.03160091641511723,0.027116893924892957,0.002986748838074032,19,19,0.040269577105402486,0.1083098195444211,False,False,1.0229825556146987e-06,COMPLETE
582,0.6025628805160522,2025-03-03 04:08:13.021274,2025-03-03 04:09:26.237958,0 days 00:01:13.216684,0.24962065827084576,0.3426907776539342,8,0.0010000013737344964,0.07491059138053467,0.042586930184833664,0.0958384442940287,0.027529194458084313,0.02236502421873613,0.002851435876314048,19,20,0.040603829797391855,0.1027877976279175,False,False,1.275358816517479e-06,COMPLETE
583,0.5374561607837677,2025-03-03 04:09:26.253894,2025-03-03 04:10:49.405619,0 days 00:01:23.151725,0.23925269077944675,0.3759977379330082,8,0.009484166908173023,0.07753344397819315,0.0435211059171953,0.08923351877619078,0.025573758830439663,0.024749014634574393,0.0037413467561832367,21,18,0.037958386182253105,0.09706622930980957,False,False,1.1611377260193209e-06,COMPLETE
584,0.6687691003084183,2025-03-03 04:10:49.421347,2025-03-03 04:11:59.051218,0 days 00:01:09.629871,0.26465778544624374,0.39571269213055565,8,0.003327147540358583,0.0734467617008397,0.042428427880691386,0.09272516053278257,0.02832216880227801,0.026317398712614796,0.008110629594173777,17,19,0.03838088854941573,0.1174097658813216,False,False,1.0025003130909505e-06,COMPLETE
585,0.5702206641435623,2025-03-03 04:11:59.067565,2025-03-03 04:13:36.728665,0 days 00:01:37.661100,0.24715179831925999,0.40390107762776895,8,0.02183759167746561,0.07795709744525707,0.04388975405011462,0.09014106314535815,0.025173668192344137,0.022841464912794627,0.010080218517374439,26,18,0.04186920051303963,0.10975924096356358,False,False,1.3150883964246879e-06,COMPLETE
586,0.555857127904892,2025-03-03 04:13:36.745111,2025-03-03 04:15:02.120375,0 days 00:01:25.375264,0.23373698524614334,0.3795588263352351,8,0.04121943987593111,0.07342039402765858,0.04562180795822138,0.09508622525086641,0.029446795051978503,0.021927697536018302,0.007048879685983135,22,17,0.03876040794143132,0.10640768889806113,False,False,1.3623060263023045e-06,COMPLETE
587,0.5331139743328095,2025-03-03 04:15:02.136488,2025-03-03 04:16:45.932754,0 days 00:01:43.796266,0.25738994003903914,0.4171564695189748,8,0.005632392759773582,0.07606265509538307,0.04087331408071719,0.08523308031881167,0.06092434849093761,0.01186304313657709,0.00416888154475658,29,20,0.03672373767361083,0.0997986253575712,False,False,1.140750262907153e-06,COMPLETE
588,0.5440391212701797,2025-03-03 04:16:45.948835,2025-03-03 04:18:06.106231,0 days 00:01:20.157396,0.233283590041833,0.36542394619327045,8,0.0026948842467159053,0.017220394816756586,0.04392853684653489,0.09399838614524499,0.026726665001862,0.02431834521166054,0.0030278434796727404,20,19,0.03930960945188606,0.11377809157256694,False,False,1.407364324740516e-06,COMPLETE
589,0.5576482623815537,2025-03-03 04:18:06.122484,2025-03-03 04:19:17.620148,0 days 00:01:11.497664,0.2705500225766974,0.3951630635306645,8,0.0044758966923923275,0.07276247170782822,0.03804161019428792,0.09754714927765443,0.023875897912244048,0.019930024323953712,0.011853132529805268,18,17,0.04390330696274663,0.12397638771141553,False,False,1.0075576239628279e-06,COMPLETE
590,0.6265658408403396,2025-03-03 04:19:17.636337,2025-03-03 04:20:25.828798,0 days 00:01:08.192461,0.2444734822294847,0.4338498911062805,8,0.007141665323719264,0.07609554730175111,0.03940170735382873,0.0919177817739406,0.023407214561475417,0.017440270458568743,0.003551870878743503,16,18,0.03648651395740089,0.0950344257354875,False,False,1.2158647412780227e-06,COMPLETE
591,0.8243276715278625,2025-03-03 04:20:25.855174,2025-03-03 04:22:17.010702,0 days 00:01:51.155528,0.22770669324237647,0.3882333056241353,8,0.0026834884405433773,0.0718908957530113,0.04589409073411424,0.09652056228173182,0.026236972821682056,0.021444452814075903,0.0056330678638420745,30,20,0.03560203396985219,0.10453635372993933,False,False,1.526999321684867e-06,COMPLETE
592,0.5218954771757126,2025-03-03 04:22:17.026905,2025-03-03 04:23:30.244183,0 days 00:01:13.217278,0.2495245416176738,0.3781989478814592,8,0.002553816114448219,0.04067458980684677,0.01576277534808069,0.0957017128489465,0.03094085255753104,0.02502174018057003,0.00722132743824813,20,20,0.03525806117922787,0.11766260801196814,True,False,1.5772014925763386e-06,COMPLETE
593,0.5440354853868484,2025-03-03 04:23:30.260865,2025-03-03 04:24:56.444466,0 days 00:01:26.183601,0.2315748417080817,0.38461099009592115,8,0.001114978975743236,0.07078078706978866,0.0461798558133724,0.09959102780450402,0.026351408686850798,0.02755789201915673,0.027483483596531123,23,20,0.03588453741605196,0.10429771765124703,False,False,1.466306483218569e-06,COMPLETE
594,0.6184815019369125,2025-03-03 04:24:56.460706,2025-03-03 04:26:47.636627,0 days 00:01:51.175921,0.2604076943999732,0.3622082562411869,8,0.00572103342636947,0.07209969923214168,0.04292827565134258,0.0972192189109374,0.02838604169108747,0.022564415071095557,0.005643591788903849,30,20,0.03558573809992621,0.11150015150128878,False,False,1.6309286824873455e-06,COMPLETE
595,0.6184994369745255,2025-03-03 04:26:47.653282,2025-03-03 04:28:39.478523,0 days 00:01:51.825241,0.22653738968578876,0.392076432522175,8,0.004245372553040959,0.025719677796804046,0.006260273509643345,0.09400773835789687,0.025559220468017115,0.0212688808598635,0.008600127488718606,30,20,0.03765646216208221,0.10623968208546972,False,False,1.3575588634654314e-06,COMPLETE
596,0.8117205679416656,2025-03-03 04:28:39.494987,2025-03-03 04:30:30.929187,0 days 00:01:51.434200,0.24477673422229324,0.3695550617569726,8,0.002774221900567522,0.07126657530964484,0.053065502289914454,0.09863279747281725,0.027574249099681133,0.023992248253719574,0.006588454168136153,30,18,0.03412629658495193,0.1321674742432171,False,False,1.8274128448480257e-06,COMPLETE
597,0.5822847545146942,2025-03-03 04:30:30.946026,2025-03-03 04:32:14.460534,0 days 00:01:43.514508,0.2421177714987199,0.35050408549520995,8,0.00884231599064162,0.06954743162607543,0.05174401988009585,0.09905950058488792,0.030212041458344725,0.023992184311248402,0.006854999949055964,29,18,0.03419353626750629,0.13151009408084854,False,False,1.8421219646555279e-06,COMPLETE
598,0.6212933719158172,2025-03-03 04:32:14.476861,2025-03-03 04:34:06.488004,0 days 00:01:52.011143,0.2763838041260467,0.3696071332337662,8,0.00580259870737026,0.02945612109012693,0.05293028538674732,0.0975558714333876,0.027333940621584726,0.02685447584160642,0.01339928745459101,30,18,0.03315811246267815,0.12853875293954298,False,False,1.7861802987049034e-06,COMPLETE
599,0.6813715547323227,2025-03-03 04:34:06.504751,2025-03-03 04:35:59.017288,0 days 00:01:52.512537,0.25773363793509146,0.34843420246975315,8,0.004133586391654766,0.07196072027889454,0.04778951422373187,0.09652057715466345,0.025272259769187934,0.021922520479083843,0.009972909531707732,30,19,0.03726039259467666,0.12436141671172168,False,False,1.6683216844929112e-06,COMPLETE
600,0.5894649058580399,2025-03-03 04:35:59.033666,2025-03-03 04:37:12.002431,0 days 00:01:12.968765,0.23756114523362776,0.3369539396423998,8,0.0010645874316191212,0.0700435537180649,0.045146726056091956,0.0962078264855922,0.027757971365083244,0.02508188662101261,0.006044292674201712,19,19,0.03408175196305795,0.10189161428926923,False,False,2.035230313779788e-06,COMPLETE
601,0.5555795937776565,2025-03-03 04:37:12.018880,2025-03-03 04:38:55.456587,0 days 00:01:43.437707,0.25149715356668123,0.3601862215621842,8,0.007442734677352758,0.0727372273827379,0.049127304755085505,0.09926154485519291,0.029698972722903765,0.014212856026652721,0.007921897582973477,29,20,0.03911295498364638,0.11188661154670838,False,False,1.4909378382572056e-06,COMPLETE
602,0.7962100386619568,2025-03-03 04:38:55.472880,2025-03-03 04:40:47.123004,0 days 00:01:51.650124,0.22454347421545798,0.37558158147251264,8,0.002974290096963659,0.07083256843931234,0.04101161639783903,0.09467685207016446,0.023667978487718976,0.023120884579881464,0.005494892779057565,30,19,0.035620490273930605,0.11964182722151513,False,False,1.961200020743271e-06,COMPLETE
603,0.5679119348526002,2025-03-03 04:40:47.139548,2025-03-03 04:42:07.932641,0 days 00:01:20.793093,0.22506975885305172,0.32185069964425317,8,0.011171303589845668,0.07395424816552915,0.035630039822599074,0.09487235668223105,0.024305908009695953,0.018094059368449305,0.005405241373166408,20,19,0.036699719744586995,0.13227661088703688,False,False,2.1098577034474603e-06,COMPLETE
604,0.7183989882469177,2025-03-03 04:42:07.949051,2025-03-03 04:43:59.924286,0 days 00:01:51.975235,0.20728242878281136,0.3707409742276066,8,0.004259504898817983,0.07116286299647165,0.03913262827113014,0.09261283241166696,0.023311044116069057,0.024263156313827364,0.005154689887970305,30,20,0.035908209166637506,0.12104693836589195,False,False,1.9361677086640738e-06,COMPLETE
605,0.5595513373613358,2025-03-03 04:43:59.941180,2025-03-03 04:45:50.544039,0 days 00:01:50.602859,0.22161298254088907,0.3779886037750571,8,0.006245857405529442,0.05338749948343807,0.04073859263314599,0.09797171248444263,0.034202797727471236,0.02011858518906512,0.004367743658054016,30,19,0.032503920883300036,0.11653368663711336,False,False,1.9716862114850536e-06,COMPLETE
606,0.5440354853868484,2025-03-03 04:45:50.560695,2025-03-03 04:47:17.903723,0 days 00:01:27.343028,0.22695019584558615,0.23713689757981998,8,0.0010752648212120875,0.07447124337332048,0.041430875501593294,0.0941679060439092,0.02226886638854293,0.016626809579387003,0.007526801563696953,24,20,0.039008175579477306,0.12197415728604083,False,False,2.586933934471325e-05,COMPLETE
607,0.705174931883812,2025-03-03 04:47:17.922822,2025-03-03 04:49:00.835067,0 days 00:01:42.912245,0.23686133640033308,0.36673923626760446,8,0.0029157261706066946,0.07184248940832873,0.04156049482132817,0.09616818428820975,0.021163255222697828,0.02650421133659476,0.005398592927157128,29,19,0.037481796682334936,0.12506475112397325,False,False,1.3796653732569529e-05,COMPLETE
608,0.7080910474061965,2025-03-03 04:49:00.851573,2025-03-03 04:50:51.837577,0 days 00:01:50.986004,0.20920162549335725,0.35066022146313386,8,0.004780179411402418,0.07347287584171226,0.042712464129312885,0.09082102640577903,0.024622874323282348,0.023178781062388944,0.006364594754750101,30,20,0.03124978423145066,0.11378654168071695,False,False,1.4436654673228164e-06,COMPLETE
609,0.5416960775852203,2025-03-03 04:50:51.856984,2025-03-03 04:52:43.965469,0 days 00:01:52.108485,0.2416319498995123,0.38188840989916334,8,0.008127765298766437,0.0760449862801005,0.05324983704960385,0.08936724665283163,0.022718473011892153,0.02021989480519626,0.008990257852634215,30,19,0.0354449840126425,0.10642584079795028,False,False,1.7650504673904877e-06,COMPLETE
610,0.5822141200304032,2025-03-03 04:52:43.982656,2025-03-03 04:54:35.531704,0 days 00:01:51.549048,0.21852050062398912,0.3591438756867386,8,0.07324626504628508,0.0707320974244592,0.043808798831949464,0.09255060041975247,0.020764231540668393,0.018622946666228806,0.004404830144928415,30,21,0.03986760575438041,0.13687926820774457,False,False,1.3550876559930597e-06,COMPLETE
611,0.8099898099899292,2025-03-03 04:54:35.548772,2025-03-03 04:56:11.531604,0 days 00:01:35.982832,0.23379732010742585,0.3861530322352357,8,0.0027173812558961585,0.07494575547439758,0.039561214535286236,0.0962103774029835,0.025289914365051555,0.029349769455949835,0.00589278117362723,25,18,0.03270716794081465,0.1123160237109889,False,False,1.5822704459047493e-06,COMPLETE
612,0.5421906113624573,2025-03-03 04:56:11.551270,2025-03-03 04:57:37.317507,0 days 00:01:25.766237,0.230853703695137,0.373430252119668,8,0.001007076944985863,0.07754766678381826,0.034200542182091745,0.0980644381237055,0.02691638904961931,0.029568069398500253,0.011337849516247514,25,18,0.03250255336450304,0.10933322503788168,True,False,6.719394237567295e-06,COMPLETE
613,0.6225294500589371,2025-03-03 04:57:37.334265,2025-03-03 04:59:02.185213,0 days 00:01:24.850948,0.24449937537963853,0.38553450959948776,8,0.005657277700078082,0.07530754610678998,0.03995533300536918,0.09604602748717908,0.02533353055661402,0.028268282304567523,0.007367648395813801,22,20,0.030303760146410126,0.12753283757634015,False,False,1.475133959417155e-06,COMPLETE
614,0.5439828753471374,2025-03-03 04:59:02.201735,2025-03-03 05:00:40.616341,0 days 00:01:38.414606,0.2172877855604869,0.3719683761488927,8,0.003922297025534421,0.07765602834370713,0.036960754809270455,0.09493464357019807,0.024974430084334694,0.031390762434760765,0.01947654694543483,26,19,0.0335268019407854,0.11810667081931571,False,False,1.2180997069931313e-06,COMPLETE
615,0.782667338848114,2025-03-03 05:00:40.633162,2025-03-03 05:02:18.487346,0 days 00:01:37.854184,0.23141053004461745,0.38970099702387234,8,0.0029663547506234658,0.07446309968559774,0.03770770927347216,0.09702179849670507,0.02916575474909079,0.02863914700617767,0.006072424685449681,26,18,0.032470234238302184,0.10407813992172396,False,False,1.5965115377161243e-06,COMPLETE
616,0.5407355099916458,2025-03-03 05:02:18.504567,2025-03-03 05:04:02.295141,0 days 00:01:43.790574,0.2112876610603159,0.3581617496821095,8,0.006431162425834904,0.07586101247542343,0.04042263073293275,0.09895948561890339,0.053117976380066115,0.026543541556651187,0.00481662543991445,29,19,0.02958935766500286,0.099322211611229,False,False,1.3310659985756887e-06,COMPLETE
617,0.5376918673515321,2025-03-03 05:04:02.311957,2025-03-03 05:05:29.066000,0 days 00:01:26.754043,0.20014691875912535,0.3397651367962762,8,0.0041445030788781236,0.0730481203491983,0.03969886978786488,0.09444962140345473,0.023028519051950098,0.01584367883004167,0.00408157497827477,23,21,0.03515296252253887,0.11060347870746684,False,False,1.1620102888211077e-06,COMPLETE
618,0.8206807732582092,2025-03-03 05:05:29.082734,2025-03-03 05:07:12.146965,0 days 00:01:43.064231,0.249234490495819,0.37659032830538713,8,0.00256865384085349,0.07354485880751191,0.03596672344962054,0.09232193399552006,0.028189252455759754,0.02419006790562525,0.008703018498949883,29,20,0.03365636361545614,0.11819106410098583,False,False,1.6484915183734434e-06,COMPLETE
619,0.5440354853868484,2025-03-03 05:07:12.164157,2025-03-03 05:08:54.559283,0 days 00:01:42.395126,0.25208626057065553,0.36849452311871556,8,0.0010269225590637913,0.07843173734355467,0.035513809552754946,0.09321879266759418,0.03131438877716148,0.025457740186088477,0.01013400487028621,29,20,0.031925046959865935,0.1180216935192684,False,False,1.5474306966987553e-06,COMPLETE
620,0.6282312780618668,2025-03-03 05:08:54.576037,2025-03-03 05:10:30.767492,0 days 00:01:36.191455,0.24996815528468078,0.4003770671938364,8,0.0057462441877047495,0.0759059287672938,0.03910376700798237,0.0433360256198109,0.032639772979780574,0.02711683006447555,0.01326384485930959,25,20,0.08762808885649857,0.13084378225287194,False,False,1.33937234897117e-06,COMPLETE
621,0.753782758116722,2025-03-03 05:10:30.784437,2025-03-03 05:11:59.354085,0 days 00:01:28.569648,0.23992381531569645,0.37716973843811274,8,0.0028187294204261863,0.07229364095149445,0.035753648353078434,0.09707594930530215,0.027581727930941876,0.024436168262751006,0.008897022933382025,24,20,0.027712529651334458,0.12456208790260517,False,False,1.0047962852030934e-06,COMPLETE
622,0.532127171754837,2025-03-03 05:11:59.370999,2025-03-03 05:13:42.893805,0 days 00:01:43.522806,0.2214487984908071,0.3482467038002196,8,0.007733153938148882,0.0778730118616095,0.03708100634568587,0.0985070894068194,0.029145175127483915,0.0304386599897741,0.008328963100799268,29,19,0.03028238065356343,0.1058012230922677,False,False,1.7308163306651906e-06,COMPLETE
623,0.5252518266439439,2025-03-03 05:13:42.910642,2025-03-03 05:15:26.436934,0 days 00:01:43.526292,0.2623319962648309,0.3643558698595375,8,0.004444398897549634,0.07461154686975968,0.032931499886687456,0.09480422761144283,0.02789491426421118,0.02393298923102599,0.011169830143468621,29,19,0.03394321859305856,0.11956927274282517,False,False,1.480185285714032e-06,COMPLETE
624,0.6276996254920959,2025-03-03 05:15:26.453687,2025-03-03 05:17:17.580973,0 days 00:01:51.127286,0.22962782094619572,0.39508725397064387,8,0.02594529792855609,0.07137162433018063,0.03387626521501037,0.09943520646530465,0.02713197131257362,0.02168323396639033,0.007498256779208798,30,18,0.03190629551251662,0.09901692393487006,False,False,4.521704297252097e-05,COMPLETE
625,0.6126479357481003,2025-03-03 05:17:17.597802,2025-03-03 05:18:29.551206,0 days 00:01:11.953404,0.2474052533340687,0.38044858436650064,8,0.003023798625458247,0.05632601829418279,0.043013786070749654,0.09995803348186726,0.025356357638844577,0.026773036333523275,0.010283765299028937,18,20,0.034033165088311584,0.11162588713050876,False,False,1.2800928228944274e-06,COMPLETE
626,0.5311549484729767,2025-03-03 05:18:29.568125,2025-03-03 05:20:20.643752,0 days 00:01:51.075627,0.21795044950023568,0.41229729188562597,8,0.009798942415118738,0.07665790940702216,0.03610838981173704,0.09261846645289339,0.023979472645122825,0.028944056976225103,0.006640685541496944,30,19,0.029180415804748606,0.104616751235776,False,False,1.70947199191851e-06,COMPLETE
627,0.6568047672510147,2025-03-03 05:20:20.661491,2025-03-03 05:22:04.307200,0 days 00:01:43.645709,0.2363863951491304,0.4003881284459986,8,0.005819849764028252,0.07313298727675618,0.03173789390364973,0.09550953884324397,0.03061895006331577,0.023899941556521222,0.0051957935921168805,29,20,0.03129278806273383,0.13517122784628,False,False,1.1446026713642924e-06,COMPLETE
