number,value,datetime_start,datetime_complete,duration,params_alpha-eval,params_alpha-train,params_batch-size,params_eps-eval,params_eps-train,params_lambda-actions-eval,params_lambda-actions-train,params_lambda-frames-eval,params_lambda-frames-train,params_learning-rate,params_n-epochs,params_n-frames,params_radius-gw,params_rho,params_ub-actions,params_ub-frames,params_weight-decay,state
856,0.6335169106721877,2025-03-03 11:40:06.912962,2025-03-03 11:41:50.557553,0 days 00:01:43.644591,0.6695433935054109,0.4355754297604483,8,0.002988245010715697,0.07753750245683745,0.03607696873811927,0.07971803053357114,0.0276531149619674,0.01742597897284734,0.002594620203629721,29,18,0.029565527260793697,0.2837299305003207,False,False,1.282261390362897e-06,COMPLETE
857,0.663336968421936,2025-03-03 11:41:50.579792,2025-03-03 11:43:31.815817,0 days 00:01:41.236025,0.28888777741427724,0.4142155083973755,8,0.004128700711068471,0.07584533934504795,0.0415459304245144,0.09022754146805098,0.05118011490543092,0.01991817799544727,0.0027331805271121404,28,19,0.034934968394695835,0.09758462721945117,False,False,1.8698407602846386e-06,COMPLETE
858,0.5312569200992584,2025-03-03 11:43:31.838461,2025-03-03 11:45:23.920750,0 days 00:01:52.082289,0.26758976620289016,0.39077043900998787,8,0.006947174464589669,0.04979822967700698,0.03794308123597871,0.08090688392187859,0.029406015189692367,0.017937052806774816,0.004141072720258162,30,17,0.031755700011593446,0.11062201154607815,False,False,1.5914193291796058e-06,COMPLETE
859,0.7997977763414383,2025-03-03 11:45:23.943329,2025-03-03 11:47:07.218229,0 days 00:01:43.274900,0.25008606997864746,0.42658585096112633,8,0.002984398969967313,0.078945329326258,0.03918967668465285,0.08369189847986393,0.024738732559790137,0.00910564240834565,0.004419797944420776,29,18,0.027892390157619622,0.10265340928910018,False,False,1.263527409919394e-06,COMPLETE
860,0.681242224574089,2025-03-03 11:47:07.240711,2025-03-03 11:48:58.986854,0 days 00:01:51.746143,0.2456867277947406,0.4562928834988436,8,0.0047895712247738274,0.07355088466703584,0.035473176584100444,0.09096556922059078,0.027249660102832262,0.020793293056892495,0.004891488318779691,30,19,0.033109122826458406,0.09341529661999035,False,False,1.4258276810310574e-06,COMPLETE
861,0.5679333686828614,2025-03-03 11:48:59.009072,2025-03-03 11:50:39.106924,0 days 00:01:40.097852,0.2575211661351047,0.4050432107409443,8,0.09366095661625841,0.07505860725692723,0.012644284028892006,0.06907823798282511,0.02642338104347134,0.013697963272486234,0.0038959174153821953,27,20,0.030350276965805542,0.11460488950162946,False,False,1.14431316002363e-06,COMPLETE
862,0.5580657571554184,2025-03-03 11:50:39.129836,2025-03-03 11:52:31.000291,0 days 00:01:51.870455,0.28235523852220884,0.3966737833633107,8,0.056268882850899364,0.07769086051466388,0.0453908069915051,0.08712197214855141,0.024646932211218647,0.015710276830717258,0.0026220605885089072,30,19,0.02620742487604186,0.10633211472569315,False,False,1.002363743758206e-06,COMPLETE
863,0.5654796987771988,2025-03-03 11:52:31.022486,2025-03-03 11:53:58.595570,0 days 00:01:27.573084,0.24999326782615425,0.44346460760428474,8,0.0024700640751698466,0.0726588102434543,0.07788366809942354,0.08510031063322888,0.03067594842537591,0.018926662596128442,0.004772165561667893,26,18,0.03501818450603652,0.1194845373435202,True,False,1.6916060734530505e-06,COMPLETE
864,0.5440354853868484,2025-03-03 11:53:58.619227,2025-03-03 11:55:48.730287,0 days 00:01:50.111060,0.2656887636780769,0.4151062168154719,8,0.0010188084183143358,0.07628033334574563,0.0423516652802184,0.0403168128966898,0.049029992584142756,0.021421578270436385,0.00540763704769975,30,20,0.03253396833548861,0.09965557527791978,False,False,2.1006767817314303e-06,COMPLETE
865,0.552279356122017,2025-03-03 11:55:48.752882,2025-03-03 11:57:32.271075,0 days 00:01:43.518193,0.7635246460823368,0.3835938753043416,8,0.008764316989792588,0.0789951047816316,0.04543711425994741,0.08904834473478801,0.028158358328144947,0.017144243514161595,0.00024138078068607684,29,19,0.029037540052021627,0.1095310538552526,False,False,1.3933786048675165e-06,COMPLETE
866,0.5604703903198243,2025-03-03 11:57:32.294058,2025-03-03 11:59:23.327086,0 days 00:01:51.033028,0.23932534545468023,0.4068677748121802,8,0.03502594616448284,0.07401265647186968,0.043046896142006075,0.07410307451992983,0.0239048825722546,0.02129416493977761,0.0028748249239239406,30,20,0.03487127948501371,0.09250936609190022,False,False,1.1617138307094238e-06,COMPLETE
867,0.7164413779973984,2025-03-03 11:59:23.349713,2025-03-03 12:01:03.853892,0 days 00:01:40.504179,0.2373700001061613,0.3922610910228888,8,0.005573096358374187,0.07933853097934011,0.03689187288761463,0.09103496885103306,0.02678020665560139,0.014351955993678108,0.0039811412831817,27,18,0.03087393799253108,0.22645475839524803,False,False,1.546878711716549e-06,COMPLETE
868,0.6210795789957047,2025-03-03 12:01:03.876424,2025-03-03 12:02:54.698753,0 days 00:01:50.822329,0.2524976233439304,0.42294866196484343,8,0.015417035502079629,0.07653667430659385,0.034845568178452996,0.08801301127178575,0.0535659565411366,0.011115068742408498,0.0049610135843645205,30,19,0.023984896032447554,0.11638874876454358,False,False,1.271116105533067e-06,COMPLETE
869,0.6816909104585647,2025-03-03 12:02:54.722205,2025-03-03 12:04:45.475689,0 days 00:01:50.753484,0.2311280719254471,0.37740546523386526,8,0.004099880807651105,0.07441880834948215,0.04044377948672454,0.08080677952962428,0.03223048173223576,0.018842363590680252,0.005797342009943873,30,17,0.03386392510106088,0.10419232031173967,False,False,1.1148317678275112e-06,COMPLETE
870,0.7712561219930648,2025-03-03 12:04:45.498379,2025-03-03 12:05:54.311242,0 days 00:01:08.812863,0.2469102955445427,0.4017565670314834,8,0.0026859943068325933,0.07228515339218403,0.04613467088932351,0.08567317655777325,0.042053750421826575,0.01675517355686069,0.003443227873230932,16,20,0.03219238008438959,0.08540916519061506,False,False,1.795804947134697e-06,COMPLETE
871,0.6243337899446487,2025-03-03 12:05:54.334579,2025-03-03 12:07:37.512093,0 days 00:01:43.177514,0.2728681464713742,0.41398360226485537,8,0.007263658220765901,0.07737945000874316,0.04354593277731898,0.08982335905948022,0.029930881918011503,0.021805380900410343,0.012591637218000181,29,19,0.03561077640901031,0.1107603488582142,False,False,1.439698255744538e-06,COMPLETE
872,0.5465652346611023,2025-03-03 12:07:37.535619,2025-03-03 12:09:02.441910,0 days 00:01:24.906291,0.23143640140019686,0.38657619769827867,8,0.0027483338131899008,0.060019651874585356,0.03793413278802371,0.09192965538230073,0.025020874793765586,0.019483793750074585,0.004373405316797652,22,18,0.027995221714180247,0.10155485390659773,False,False,4.530027213118671e-06,COMPLETE
873,0.7134716838598252,2025-03-03 12:09:02.465508,2025-03-03 12:10:53.473431,0 days 00:01:51.007923,0.26120464682426364,0.4309109124176215,8,0.00104035636973743,0.0316726451029231,0.04755190557667772,0.08480937158859354,0.02253626943288578,0.02285979736770611,0.016527967911651058,30,20,0.032735827248308744,0.09475653910192844,False,False,1.26910395383612e-06,COMPLETE
874,0.5353809922933579,2025-03-03 12:10:53.496365,2025-03-03 12:12:35.009554,0 days 00:01:41.513189,0.24432715701557095,0.3966844360230788,8,0.005211006880077263,0.07982111997339704,0.03468631771776174,0.07896858343478055,0.028296605037809692,0.013001888900382997,0.00567838367884708,28,18,0.030294686559822114,0.03417555695881709,False,False,1.6383739411070722e-06,COMPLETE
875,0.6800465315580368,2025-03-03 12:12:35.032317,2025-03-03 12:14:18.939733,0 days 00:01:43.907416,0.22390731469594372,0.3770274600016647,8,0.004276788799396604,0.0754198158757456,0.033714504056313474,0.055379327202121215,0.0264994842747848,0.017160020617680172,0.00655699750437565,29,23,0.0358603139078856,0.12377267729956426,False,False,1.0064712802935378e-06,COMPLETE
876,0.5325365781784057,2025-03-03 12:14:18.975918,2025-03-03 12:16:09.502811,0 days 00:01:50.526893,0.23863352441727145,0.40966929442120387,8,0.010629271200976956,0.07779274098310894,0.025500115419875104,0.09265545440338384,0.023415587156074683,0.015797340810869386,0.00905032159320581,30,19,0.03388730596723823,0.11609211102865558,False,False,1.9559644478947796e-06,COMPLETE
877,0.6287173807621002,2025-03-03 12:16:09.525914,2025-03-03 12:17:48.689715,0 days 00:01:39.163801,0.22677603503007954,0.39541550655573887,8,0.007122593349492261,0.07290334166155145,0.04453620066551631,0.0821944771964307,0.029398970933832674,0.019241485063226232,0.010489233494105509,27,20,0.026743034097344118,0.10707317994565202,False,False,1.1201162432208277e-06,COMPLETE
878,0.724523264169693,2025-03-03 12:17:48.712507,2025-03-03 12:19:08.991650,0 days 00:01:20.279143,0.25529787961252404,0.46756316453352276,8,0.002538298496797772,0.08036886979953897,0.03976129722585139,0.08718289478164472,0.02098296335387685,0.021932092490296578,0.003951150742292281,20,17,0.031100577469128095,0.0999623687911169,False,False,1.3713749818505014e-06,COMPLETE
879,0.5608153820037841,2025-03-03 12:19:09.014580,2025-03-03 12:20:21.188463,0 days 00:01:12.173883,0.23707136842234044,0.3693870893565569,8,0.005616288085515837,0.07544683579113606,0.03176001662078432,0.09381641635428065,0.025352942260798345,0.02060699146167313,0.004880635017612488,18,19,0.036195330450123964,0.11160577627054395,False,False,1.2606195908170981e-06,COMPLETE
880,0.6839616507291794,2025-03-03 12:20:21.211806,2025-03-03 12:22:11.537709,0 days 00:01:50.325903,0.22645651712428677,0.4232211125311486,8,0.00424346960911752,0.07160845880874378,0.047642113665470026,0.08957851191944177,0.03303938820538003,0.017974255818034433,0.0076290063940166195,30,20,0.029591212130866525,0.12201024001487779,False,False,1.5401814335436878e-06,COMPLETE
881,0.5280730724334717,2025-03-03 12:22:11.561279,2025-03-03 12:23:50.517092,0 days 00:01:38.955813,0.27944461331546366,0.386245002383017,8,0.0028898460618932663,0.07838074510505794,0.036944833810834715,0.09113504167530379,0.027544958016091196,0.014775729854962045,0.0031265631977492165,30,19,0.03362556858652844,0.10567929080637946,True,False,4.0100346292723676e-05,COMPLETE
882,0.5313136160373687,2025-03-03 12:23:50.540129,2025-03-03 12:25:41.934519,0 days 00:01:51.394390,0.24674474434455398,0.40976086984697047,8,0.006395706644641258,0.07410024332311317,0.04235203351856669,0.0880400332094452,0.030328525977569833,0.02384212391808624,0.005939560526525062,30,20,0.03192487348922195,0.09238406197554365,False,False,1.156549977515201e-06,COMPLETE
883,0.735592120885849,2025-03-03 12:25:41.957473,2025-03-03 12:27:23.436087,0 days 00:01:41.478614,0.2635073180744747,0.4368727099813214,8,0.002518695359452267,0.07615676223571025,0.0298191260168746,0.08292696689942866,0.012925445474344523,0.02035624391707682,0.013068606966223455,28,18,0.03533634352722128,0.11587078747181201,False,False,1.6993024706312981e-06,COMPLETE
884,0.6224363565444946,2025-03-03 12:27:23.459184,2025-03-03 12:28:52.500126,0 days 00:01:29.040942,0.22122709008330826,0.4000286487141728,8,0.009416928381082447,0.08034913708582364,0.04620231278512198,0.08591476563424681,0.023775951363533776,0.017682447990464614,1.0335071671614017e-05,24,19,0.03346693016426038,0.09803207044570035,False,False,1.4097744199884005e-06,COMPLETE
885,0.8643895268440247,2025-03-03 12:28:52.523296,2025-03-03 12:30:35.330282,0 days 00:01:42.806986,0.23822698835688655,0.7360931148277425,8,0.0010839526306785884,0.07018490280573117,0.032674869824657976,0.09326789431306075,0.025545106488906646,0.012718903811066854,0.008742559875524815,29,20,0.02848262122089181,0.10861165291313189,False,False,2.1258438958093655e-06,COMPLETE
886,0.7326148867607116,2025-03-03 12:30:35.354130,2025-03-03 12:32:16.823804,0 days 00:01:41.469674,0.2500338389801432,0.37155533974056576,8,0.002504175759153505,0.06915992806818037,0.03291991845813522,0.09313162911863804,0.02120759493558099,0.008639812989822911,0.011238623405850103,28,20,0.02612949239859427,0.12579580089500766,False,False,1.0109786459428013e-06,COMPLETE
887,0.8227827310562135,2025-03-03 12:32:16.847518,2025-03-03 12:33:57.469798,0 days 00:01:40.622280,0.23951849915151172,0.44503789853530473,8,0.0024928059439076225,0.06965722739654767,0.03575674453933558,0.09277785259662151,0.02668763664756179,0.011738575671252974,0.009601340445293855,28,19,0.027806283181338015,0.11933310748553495,False,False,1.254442571518578e-06,COMPLETE
888,0.6322518080472946,2025-03-03 12:33:57.492870,2025-03-03 12:35:38.809569,0 days 00:01:41.316699,0.2656234415682533,0.44930011185421537,8,0.004451213010761413,0.06772578684108066,0.03112319462044132,0.09126434174268899,0.028412051178994868,0.008507321728129472,0.009866354926297602,28,19,0.024326549151431127,0.11578683342130411,False,False,1.1291065280616874e-06,COMPLETE
889,0.6929000884294509,2025-03-03 12:35:38.834634,2025-03-03 12:37:21.313055,0 days 00:01:42.478421,0.2580346668431889,0.4747300870509466,8,0.002674667709715448,0.06740637386556274,0.03349884416742834,0.09011804471868683,0.03111556574381425,0.013470698387237624,0.011524962719411433,28,19,0.025397126061923313,0.11063626926073179,False,False,1.0017182791769534e-06,COMPLETE
890,0.5294167637825011,2025-03-03 12:37:21.337270,2025-03-03 12:39:03.409022,0 days 00:01:42.071752,0.24439335340177062,0.7166607587679507,8,0.0460200736090073,0.06858216335435974,0.029739253467896642,0.09259077646299338,0.027788359847151944,0.00454396009762364,0.016530787338533394,28,20,0.022925713963158616,0.10430847395310092,False,False,1.2289444326412844e-06,COMPLETE
891,0.8666740119457244,2025-03-03 12:39:03.433307,2025-03-03 12:40:44.122582,0 days 00:01:40.689275,0.24792906462333617,0.7670582355624911,8,0.001046600422575363,0.06407487102813823,0.0351944758960499,0.08875658783160452,0.026286123218619385,0.0119070116673783,0.014350672544238918,28,19,0.026872858372799752,0.12000357370127443,False,False,1.2688024610027223e-06,COMPLETE
892,0.6799286067485808,2025-03-03 12:40:44.146170,2025-03-03 12:42:25.212406,0 days 00:01:41.066236,0.26923194016210267,0.7770839492404585,8,0.002244186912546608,0.06393670764235772,0.03565832408169168,0.089566559826021,0.031228702084482925,0.010100404973607173,0.014613076386515765,28,20,0.02328433023410533,0.12050283823839117,False,False,2.4189405492642832e-05,COMPLETE
893,0.5440354853868484,2025-03-03 12:42:25.236625,2025-03-03 12:44:05.281976,0 days 00:01:40.045351,0.2562812962062975,0.4498765305923525,8,0.0010681853470598179,0.056324948766884014,0.035051163166778795,0.09013003668847724,0.02901089949348369,0.005596537435786314,0.024532440214299577,28,19,0.026529213569109818,0.12091343943012689,False,False,1.1498414659569348e-06,COMPLETE
894,0.5352512866258622,2025-03-03 12:44:05.305391,2025-03-03 12:45:46.290287,0 days 00:01:40.984896,0.2811418965198816,0.46136522534682456,8,0.004090869931003978,0.06996775425025964,0.037228598382526755,0.08828067984775066,0.03390187268030255,0.01004313422989116,0.015315178410881865,28,20,0.024438251949033724,0.11672418153831961,False,False,1.0060032279305563e-06,COMPLETE
895,0.6773505359888077,2025-03-03 12:45:46.313809,2025-03-03 12:47:27.824500,0 days 00:01:41.510691,0.2525474719466263,0.4410077697816427,8,0.001032300869957949,0.08370705644440944,0.03260630107652969,0.08714056742658778,0.026885879018295682,0.010283489267570556,0.012762122054076471,28,19,0.02624049329773133,0.12079777972721457,False,False,1.2582622409107615e-06,COMPLETE
896,0.7794323116540909,2025-03-03 12:47:27.848550,2025-03-03 12:49:09.778275,0 days 00:01:41.929725,0.27346909463165875,0.7561021459473545,8,0.0012456626947733146,0.06697500698669798,0.034546214938979324,0.09133260022769477,0.03950508589912908,0.006544573744367473,0.02084820802781743,28,20,0.02745550722237818,0.11288159396862436,False,False,1.1372564062030077e-06,COMPLETE
897,0.5440354853868484,2025-03-03 12:49:09.801419,2025-03-03 12:50:50.893541,0 days 00:01:41.092122,0.24341922234750263,0.7413182962129959,8,0.001002429095946035,0.06022008862647942,0.038236235969535876,0.09309676865688754,0.02969730989530725,0.011259587687723123,0.020254007881768645,28,19,0.025737304635551406,0.08090236096369477,False,False,1.281092343129859e-06,COMPLETE
898,0.6127704083919525,2025-03-03 12:50:50.917227,2025-03-03 12:52:32.252341,0 days 00:01:41.335114,0.26208818215992385,0.4481472362985984,8,0.004307034863477173,0.06492881991679189,0.032465518994319036,0.08857504591119207,0.03694346367610262,0.008161113313866816,0.013806400071258131,28,20,0.024438624311327154,0.1267969380390111,False,False,1.0305358797801346e-05,COMPLETE
899,0.5226386249065398,2025-03-03 12:52:32.278806,2025-03-03 12:54:14.411788,0 days 00:01:42.132982,0.2493706621335495,0.7905402697369219,8,0.06445088138313514,0.08157772319578585,0.036232810492950254,0.0851852768878792,0.026762122509796944,0.011556205440443827,0.01635204474684639,28,19,0.027996850679053865,0.11498656183590977,False,False,1.1338151188065628e-06,COMPLETE
900,0.6437499523162842,2025-03-03 12:54:14.436245,2025-03-03 12:55:55.343525,0 days 00:01:40.907280,0.2905458545510937,0.7330486352045493,8,0.005531687167911057,0.07894119363983133,0.03388618541359931,0.0935180836952524,0.02933609477220073,0.00776681233618884,0.012427077698490746,27,20,0.028050425412772053,0.12019583312599218,False,False,6.912322392818109e-05,COMPLETE
901,0.7007127732038498,2025-03-03 12:55:55.367754,2025-03-03 12:57:26.521229,0 days 00:01:31.153475,0.24224757648083944,0.7401317366144543,8,0.003668682089327171,0.08203912038928185,0.027833500027826506,0.09193631656422203,0.03158305992119421,0.010285716245065035,0.018642040037755537,28,19,0.02239208068667052,0.11000195762102408,True,False,1.297816516565329e-06,COMPLETE
902,0.6908078789710999,2025-03-03 12:57:26.556809,2025-03-03 12:59:07.173608,0 days 00:01:40.616799,0.23725116717506245,0.7575930981513649,8,0.007491636412342581,0.06636398588574428,0.0308907283021474,0.0889254698518886,0.026505675799306135,0.01197309586770615,0.010177382524528378,27,21,0.028184301644231392,0.08773654858724354,False,False,1.0038049241126174e-06,COMPLETE
903,0.6430280447006225,2025-03-03 12:59:07.197781,2025-03-03 13:00:48.441763,0 days 00:01:41.243982,0.263545751186529,0.7823466228047325,8,0.0041474101155343415,0.0627158509846597,0.038627779414480146,0.0861631876969892,0.025681503801236582,0.01349451757481671,0.01146094079138465,28,19,0.025595773180374377,0.12567639807819278,False,False,1.4940238015406375e-06,COMPLETE
904,0.8593260824680328,2025-03-03 13:00:48.466144,2025-03-03 13:02:28.032185,0 days 00:01:39.566041,0.2532946825182767,0.45513852629941737,8,0.0012430299208569713,0.07707153365153174,0.03595789534526493,0.09098705444968674,0.028065427298146137,0.011758110500968262,0.013526838958841946,27,20,0.02803774110848915,0.1009056419450118,False,False,1.3201474650327929e-06,COMPLETE
905,0.6623724400997162,2025-03-03 13:02:28.055416,2025-03-03 13:04:07.568117,0 days 00:01:39.512701,0.26472830654251484,0.7730882695613313,8,0.0025802959886882773,0.07649112569722133,0.0346284772283262,0.09078065781368479,0.03298099146082299,0.006956444436693269,0.019600400553315706,27,20,0.026854327572361822,0.11601981094138675,False,False,1.1435155901101701e-06,COMPLETE
906,0.5440354853868484,2025-03-03 13:04:07.592397,2025-03-03 13:05:45.128965,0 days 00:01:37.536568,0.2784172482941937,0.7918231117111364,8,0.0024539027396936197,0.05870516245130358,0.036046821747238986,0.08923935607693918,0.05770501452093299,0.010754791522543444,0.014698954569248072,27,20,0.09345435126220575,0.10404001533233656,False,False,1.2994664257271594e-06,COMPLETE
907,0.6930223494768142,2025-03-03 13:05:45.152536,2025-03-03 13:07:24.956980,0 days 00:01:39.804444,0.25929035060062017,0.7573833683688107,8,0.0012168181289177046,0.07719909672406461,0.03700201417104853,0.09200617312123102,0.028625096920171473,0.011601124040843016,0.013913844376023436,27,21,0.02209420007310425,0.10821905057148115,False,False,1.1404434311305375e-06,COMPLETE
908,0.5440354853868484,2025-03-03 13:07:24.981089,2025-03-03 13:09:03.459330,0 days 00:01:38.478241,0.2701292606126656,0.45069033428442873,8,0.0010849080252592824,0.07008127728323223,0.033471626255292576,0.09320529395369534,0.03095292991348977,0.009759709925474019,0.01862720213630487,27,20,0.02842945880201454,0.11255413860160263,False,False,1.30025536705869e-06,COMPLETE
909,0.6221223473548889,2025-03-03 13:09:03.482723,2025-03-03 13:10:42.569909,0 days 00:01:39.087186,0.2534252005781285,0.4702294474081071,8,0.001010434524300039,0.07482580227392084,0.03840500558359674,0.08750325370665224,0.027908367231488204,0.008512857167344796,0.012019567464271276,27,20,0.023843722868849775,0.1207216117930745,False,False,1.0010518883937238e-06,COMPLETE
910,0.6977885782718659,2025-03-03 13:10:42.594973,2025-03-03 13:12:22.443553,0 days 00:01:39.848580,0.28375215603422427,0.6913590362686903,8,0.004401837214621189,0.05337524276945006,0.03589181085902647,0.0906204233704663,0.02957847565635603,0.011341226961007759,0.016351249882626765,27,21,0.0254262490440215,0.10215797081385086,False,False,1.2486465651608791e-06,COMPLETE
911,0.6904424369335175,2025-03-03 13:12:22.467733,2025-03-03 13:14:03.041140,0 days 00:01:40.573407,0.250428767896351,0.7220928246766405,8,0.006289275025291509,0.07769840237225693,0.031812265208628066,0.09431006906275632,0.027279759681679807,0.009446721560628738,0.013941217619464444,27,20,0.02707797783599205,0.12886077975633972,False,False,1.4547401298557909e-06,COMPLETE
912,0.6352293282747269,2025-03-03 13:14:03.064674,2025-03-03 13:15:43.540115,0 days 00:01:40.475441,0.2418779829190353,0.46322457054162725,8,0.004254922730436691,0.06145022775045517,0.033726286647072536,0.08875784991454014,0.031071824671762345,0.013232798852346983,0.010242762178324614,27,20,0.0291313171102428,0.0971854800389047,False,False,1.1092121839587498e-06,COMPLETE
