number,value,datetime_start,datetime_complete,duration,params_alpha-eval,params_alpha-train,params_batch-size,params_eps-eval,params_eps-train,params_lambda-actions-eval,params_lambda-actions-train,params_lambda-frames-eval,params_lambda-frames-train,params_learning-rate,params_n-epochs,params_n-frames,params_radius-gw,params_rho,params_ub-actions,params_ub-frames,params_weight-decay,state
0,0.5440354853868484,2025-03-02 12:30:18.648978,2025-03-02 12:31:32.939407,0 days 00:01:14.290429,0.49266584718355505,0.3375453659141387,8,0.013021176999083391,0.05559817232185258,0.03373541481216014,0.01890318679541697,0.07183736412654833,0.04761256710664196,0.05226011085840965,23,20,0.007726922154849428,0.2973146215152207,True,False,0.0005123349773082884,COMPLETE
1,0.569379523396492,2025-03-02 12:31:32.942408,2025-03-02 12:33:07.611166,0 days 00:01:34.668758,0.27500963501455844,0.3786128514906004,8,0.05769558115819456,0.07934757345321611,0.050591883872958134,0.0880749109766472,0.04244900023977943,0.0066798158584837975,1.081917568341212e-05,30,16,0.0540458454649099,0.05936754306517343,False,True,0.0009614951536661202,COMPLETE
2,0.5440354853868484,2025-03-02 12:33:07.613447,2025-03-02 12:34:21.487494,0 days 00:01:13.874047,0.20190525981464935,0.79869904594344,8,0.015690006926068,0.07443006875566884,0.03439707065986565,0.037924140039788626,0.012495345613748182,0.04785440166291558,0.04168580560551122,23,22,0.06854642320821487,0.16825316794695913,True,False,3.681422800532292e-06,COMPLETE
3,0.5972961813211441,2025-03-02 12:34:21.489791,2025-03-02 12:35:43.820284,0 days 00:01:22.330493,0.31199940522191744,0.46032378840025423,8,0.016051925621963777,0.05974273631399821,0.06136718806361789,0.07697517920329934,0.003354258483573102,0.021714186239758817,4.762979977383392e-05,21,22,0.023316056094794327,0.2862058873930355,False,False,3.394087864704654e-05,COMPLETE
4,0.6644350737333298,2025-03-02 12:35:43.822527,2025-03-02 12:36:44.128482,0 days 00:01:00.305955,0.5886993359761952,0.6426395679376737,8,0.0054361699907269955,0.09806921448527715,0.02313639501154247,0.02654870548208331,0.012953507937293371,0.09385230894653546,0.06478751355018171,16,19,0.025230036384502948,0.2752676829941485,False,True,6.8708265970977e-05,COMPLETE
5,0.6152892768383026,2025-03-02 12:36:44.130886,2025-03-02 12:38:12.151036,0 days 00:01:28.020150,0.5175665013702346,0.39289756526185027,8,0.07885145610834121,0.023592456383919002,0.006435681804053097,0.02527297185303975,0.02196181938493571,0.006727695377191474,0.037872952459655336,24,24,0.036314930340026794,0.22367488921328857,False,False,0.000460239529093838,COMPLETE
6,0.6432427555322647,2025-03-02 12:38:12.153337,2025-03-02 12:39:29.233796,0 days 00:01:17.080459,0.35628542627023607,0.3212293368546912,8,0.07808696584314352,0.05085957632827613,0.016739765861123322,0.019603242453495952,0.08333592938945834,0.07182296608219586,1.5781369794383923e-05,24,4,0.030723737655910167,0.27801592135895936,True,True,5.622653478976933e-06,COMPLETE
7,0.5440354853868484,2025-03-02 12:39:29.236251,2025-03-02 12:40:28.178479,0 days 00:00:58.942228,0.3283396163023737,0.48549234907539224,8,0.06722285705578727,0.06150554351533249,0.03598888050375681,0.010221450894242066,0.06362819466679996,0.06981306395671104,0.0004960158276843713,16,5,0.06975599614370699,0.12332324550788687,True,True,8.900139945295712e-05,COMPLETE
8,0.5440354853868484,2025-03-02 12:40:28.180965,2025-03-02 12:41:40.275989,0 days 00:01:12.095024,0.5636291853239239,0.6503410234425349,8,0.08172421035564702,0.0964216763788686,0.09780908517567503,0.008393260649726529,0.029939886776786825,0.0069235748807946855,0.0192619725535555,21,15,0.013715400200617678,0.06497193599593024,True,True,2.002780316633757e-05,COMPLETE
9,0.5487615942955016,2025-03-02 12:41:40.278349,2025-03-02 12:42:39.084529,0 days 00:00:58.806180,0.3397379063704863,0.2311538063346226,8,0.061968089417879124,0.08355624283570454,0.05621718269673254,0.048078790379932616,0.09934040070452424,0.09522627065027421,2.3885009433011883e-05,16,5,0.03211333992480601,0.1186421913225271,False,True,1.1606490336549033e-06,COMPLETE
10,0.5290063172578812,2025-03-02 12:42:39.086987,2025-03-02 12:43:41.887218,0 days 00:01:02.800231,0.7922843516566411,0.6253375378437832,8,0.03415914155600965,0.02371074636518511,0.07970204766111183,0.06305188024981243,0.04755023992091948,0.09965781161498605,0.0038237182233979094,18,11,0.09501936301608208,0.21250360403027008,False,True,0.00014001131462027268,COMPLETE
11,0.5440354853868484,2025-03-02 12:43:41.890177,2025-03-02 12:45:08.360694,0 days 00:01:26.470517,0.6470221544986323,0.6242298918937277,8,0.08859301152858196,0.034293175912710035,0.007877528943522618,0.03508483932702167,0.09370913807853733,0.07353069921833308,0.0002531026811174931,27,10,0.0429661635693573,0.2360731146215712,True,True,7.411752777794198e-06,COMPLETE
12,0.5440354853868484,2025-03-02 12:45:08.363198,2025-03-02 12:46:34.289569,0 days 00:01:25.926371,0.41967511420363585,0.2620925664412241,8,0.0995146500580632,0.006067746638704803,0.02454565621694728,0.0012251536457969434,0.07675526839827096,0.07982110742298724,0.003934908390379144,26,19,0.0036293032962332467,0.2575100754828991,True,True,1.0695205918608867e-05,COMPLETE
13,0.5440354853868484,2025-03-02 12:46:34.292078,2025-03-02 12:47:38.099792,0 days 00:01:03.807714,0.6628235039237422,0.7472320559635292,8,0.039349133833107626,0.09906309477003443,0.017632129499965066,0.02792741805459058,0.08366268748827413,0.061513920859778234,0.00012168038975606636,19,10,0.02505657459970943,0.1838497206939362,False,True,4.883751339956804e-05,COMPLETE
14,0.5440354853868484,2025-03-02 12:47:38.102312,2025-03-02 12:49:04.338624,0 days 00:01:26.236312,0.3967165243275039,0.5341649271444009,8,0.04127053380401653,0.044866191969951605,0.018311661090587687,0.05206161023504806,0.05941626695314891,0.08694954876172811,0.0018692827535699312,26,17,0.05332054647788293,0.26430101870376377,True,True,2.609381108688662e-06,COMPLETE
15,0.6279730349779129,2025-03-02 12:49:04.341161,2025-03-02 12:50:09.159186,0 days 00:01:04.818025,0.6366870807898198,0.5515877963058925,8,0.00326014574651694,0.00549014109143843,0.001621982485146613,0.018005393130858482,0.03453150264439349,0.0598121967241241,0.007280219093636851,19,12,0.017707014458300946,0.20264392074179768,False,True,0.00015358076683890366,COMPLETE
16,0.5684396833181382,2025-03-02 12:50:09.161804,2025-03-02 12:51:20.462628,0 days 00:01:11.300824,0.7553874486790939,0.6809358393134304,8,0.0497512104293652,0.06923032886039893,0.0423223359266012,0.04416959124596806,0.061754722703998455,0.03553236499162504,0.0008306124811372238,21,7,0.04030093568465544,0.13121647067064962,False,True,1.3804173066823927e-05,COMPLETE
17,0.6223898738622665,2025-03-02 12:51:20.465313,2025-03-02 12:52:59.130949,0 days 00:01:38.665636,0.4743070847524798,0.32096968602790926,8,0.028236069369091003,0.04538316367605423,0.02347944768143323,0.05858053017213782,0.0011910432425712054,0.08491708632707326,0.0926903402428097,30,13,0.06531096362905474,0.25662219774481904,True,True,6.536825877780162e-06,COMPLETE
18,0.571061897277832,2025-03-02 12:52:59.134077,2025-03-02 12:53:56.614106,0 days 00:00:57.480029,0.5568997318625657,0.2013518192695145,8,0.07329278803055612,0.08867809183604253,0.013029716530752232,0.030579489603827344,0.018679176379703184,0.06510072084340555,7.581286918136219e-05,15,8,0.09736726661301642,0.026395842863413704,True,False,1.1823387488212519e-06,COMPLETE
19,0.6241504371166229,2025-03-02 12:53:56.616773,2025-03-02 12:55:27.028310,0 days 00:01:30.411537,0.4206494713577924,0.42651519805714144,8,0.09966008876393227,0.034011575858834214,0.06959072024896643,0.010120331231985247,0.08662980231507383,0.09068870037889985,0.010930260410738774,28,18,0.027000326648679726,0.28782693578244656,False,True,4.2122949706901745e-05,COMPLETE
20,0.647356715798378,2025-03-02 12:55:27.031008,2025-03-02 12:56:52.015394,0 days 00:01:24.984386,0.21108441588204624,0.5695610210528365,8,0.05288309126945383,0.06507385024698284,0.026831231122307918,0.06875824280668368,0.05225281748887818,0.07466263180914587,0.00022907546739583492,25,14,0.044525691773202494,0.23488912137985535,False,True,3.4546197328719704e-06,COMPLETE
21,0.6361140459775925,2025-03-02 12:56:52.018057,2025-03-02 12:58:17.281159,0 days 00:01:25.263102,0.20925977262097048,0.5770713195589193,8,0.049901460598527375,0.0694371242800301,0.02779781791424643,0.07412518178391002,0.05384972158984211,0.07644986462419076,0.000250589395949991,25,21,0.04736981927403128,0.24737957320237564,False,True,2.887117834599998e-06,COMPLETE
22,0.6233840584754943,2025-03-02 12:58:17.283972,2025-03-02 12:59:35.893932,0 days 00:01:18.609960,0.2655364321152554,0.5651151153288931,8,0.026303283342583736,0.04962921994878147,0.0452206592886158,0.07127739868052696,0.03766101901404778,0.05527921804112663,1.528729991605064e-05,24,25,0.060272030171768014,0.2741532683416218,False,True,4.71572126213248e-06,COMPLETE
23,0.5493475049734116,2025-03-02 12:59:35.896671,2025-03-02 13:01:05.067609,0 days 00:01:29.170938,0.37859646181000894,0.723924578593063,8,0.05727785539197983,0.08951687535860536,0.015815211781232574,0.09242659057467056,0.06995635457915665,0.07703159395041562,3.477414184508758e-05,28,14,0.08084837708987994,0.19659528934542925,False,True,1.9866815759561542e-06,COMPLETE
24,0.6639748513698578,2025-03-02 13:01:05.070338,2025-03-02 13:02:29.303027,0 days 00:01:24.232689,0.25378232369104986,0.5074367868904975,8,0.08997430544863941,0.0369709404821042,0.027047739626877895,0.040416958237860776,0.02648530827682619,0.08633286357878575,0.0001603227421786861,25,7,0.03301788975511003,0.23036188997580725,False,True,2.022976141186472e-05,COMPLETE
25,0.6576721012592316,2025-03-02 13:02:29.305787,2025-03-02 13:03:43.557517,0 days 00:01:14.251730,0.26135196366512314,0.5129572404796058,8,0.005948498346487689,0.03748123664074994,0.029460516438158436,0.04175196435436028,0.026781404940282905,0.09176449140024978,0.000177619182407083,22,7,0.01646074462112434,0.2356174038695364,False,True,8.019525890902708e-05,COMPLETE
26,0.5440354853868484,2025-03-02 13:03:43.560287,2025-03-02 13:04:54.381362,0 days 00:01:10.821075,0.2629044134515778,0.5082592359684515,8,0.001996671228026589,0.03557190429407602,0.030359110483714657,0.04235412097225184,0.023945391100840673,0.0999864428409412,0.0012639997243265243,18,8,0.01495961636467157,0.16662805410970838,False,False,7.294707753144549e-05,COMPLETE
27,0.65660320520401,2025-03-02 13:04:54.384296,2025-03-02 13:06:09.115997,0 days 00:01:14.731701,0.6047870590474005,0.455286949870876,8,0.02019688668749288,0.019017109981441002,0.04068047716638951,0.054592872292552205,0.009552414706212452,0.09089356532855968,0.00011621914960130784,22,7,0.0010426289482249607,0.21964333078849524,False,True,2.135966255631685e-05,COMPLETE
28,0.6176537096500397,2025-03-02 13:06:09.118805,2025-03-02 13:07:21.031876,0 days 00:01:11.913071,0.7292773007170438,0.6099041405535576,8,0.011304070538673675,0.038523832990224015,0.049103157541693206,0.035920153420469704,0.029287519000227316,0.08238193033804932,0.0005171023377041367,20,9,0.017862689246783338,0.15178099826715719,False,True,0.0002378593299814791,COMPLETE
29,0.6381200522184372,2025-03-02 13:07:21.034732,2025-03-02 13:08:30.386878,0 days 00:01:09.352146,0.4517130781785834,0.6913856216195536,8,0.007318411573757106,0.015096108584974215,0.03266389686866119,0.022240737522703682,0.014194307060316443,0.09316684992759738,0.00012524860111144684,17,6,0.009188391920558859,0.2918721676790007,False,False,9.037669406076278e-05,COMPLETE
30,0.6268524795770645,2025-03-02 13:08:30.389683,2025-03-02 13:09:45.987335,0 days 00:01:15.597652,0.5131765965900497,0.4132831314144773,8,0.023498532421575975,0.026980535291249018,0.03983120849881632,0.043317487699553826,0.008600759970423293,0.04037050036549763,0.000487222725221038,22,20,0.034262402892262143,0.2979094430624142,False,True,0.00028207970215828515,COMPLETE
31,0.6519212156534195,2025-03-02 13:09:45.990280,2025-03-02 13:10:59.932803,0 days 00:01:13.942523,0.5993792374001471,0.45930310736867025,8,0.020343984419638892,0.018198265466533105,0.0230928250452175,0.05441232182047427,0.017116756314115557,0.08992884413407821,9.799272079562763e-05,22,4,0.003047226041450274,0.2214288749176069,False,True,2.557827911291171e-05,COMPLETE
32,0.6558563351631165,2025-03-02 13:10:59.935901,2025-03-02 13:12:16.065311,0 days 00:01:16.129410,0.6841871844461872,0.5103911473356444,8,0.009562953348058748,0.02886541809496629,0.037793568091183775,0.06334875040759383,0.008057397858168574,0.08429562080125656,4.1792722594287265e-05,23,7,0.010605933801989324,0.24111174853977774,False,True,1.6139462200289912e-05,COMPLETE
33,0.6498480975627899,2025-03-02 13:12:16.068270,2025-03-02 13:13:27.050062,0 days 00:01:10.981792,0.5950965286536457,0.35127244928278145,8,0.01828329159920617,0.013650805200495315,0.052341536873893535,0.08170662812848443,0.027472401146399997,0.09428772123496439,0.0002084535249855053,20,6,0.0010656528693961526,0.2006329753669325,False,True,6.0099634791092834e-05,COMPLETE
34,0.5464258998632431,2025-03-02 13:13:27.052989,2025-03-02 13:14:42.805534,0 days 00:01:15.752545,0.552347819253697,0.454447609688545,8,0.001353788423123196,0.04442541060361851,0.032099602048112685,0.03421975512348767,0.04058561703050448,0.08780436054445853,6.824688064309714e-05,22,16,0.021034099934721565,0.18026666004746295,False,True,3.455860376306928e-05,COMPLETE
35,0.6545735090970993,2025-03-02 13:14:42.808536,2025-03-02 13:16:26.407647,0 days 00:01:43.599111,0.3068387087492336,0.48122731969859145,8,0.01298030906987642,0.054383124898316045,0.04398138512214665,0.04970819556030954,0.007732255012298912,0.09746297790296099,0.0001687902973196991,29,9,0.009261243477612584,0.22471354579222566,False,False,0.00013604769765151992,COMPLETE
36,0.6497912645339966,2025-03-02 13:16:26.410720,2025-03-02 13:17:43.495787,0 days 00:01:17.085067,0.6083514164770926,0.5320532338974188,8,0.007351389559035023,0.018393017677558826,0.010729060498786946,0.04154856853480803,0.023525020516499906,0.08142486657208832,0.0019909535798849874,23,12,0.027778030789590315,0.26695442811410913,False,True,2.363832668841333e-05,COMPLETE
37,0.5538904875516892,2025-03-02 13:17:43.498976,2025-03-02 13:19:19.378081,0 days 00:01:35.879105,0.6962221093571451,0.788560377800338,8,0.015526090742431265,0.02777592702293346,0.0648956349881906,0.05558027120392431,0.012772400364396768,0.06906177139631375,0.0004117495598246507,25,22,0.038614628216361406,0.2493069055833258,False,False,1.1075815019181442e-05,COMPLETE
38,0.6212689697742462,2025-03-02 13:19:19.381262,2025-03-02 13:20:37.866426,0 days 00:01:18.485164,0.29018364630728466,0.3692347456497824,8,0.03238115252155924,0.010216614323093128,0.020327002734008275,0.028330160286949655,0.03466083508832126,0.02020235363046662,5.7215634030740284e-05,24,7,0.017709449268205064,0.0950845786063598,False,True,5.155681640340262e-05,COMPLETE
39,0.6371584564447403,2025-03-02 13:20:37.869479,2025-03-02 13:21:50.948034,0 days 00:01:13.078555,0.5317800004790083,0.42738219232532404,8,0.09177713209859363,0.0012899205736110753,0.03541122390118394,0.0463561041346998,0.04565850832289153,0.09197306151775246,0.023710955606082634,21,5,0.023885320099332107,0.2155860631848716,False,True,3.0384708816697695e-05,COMPLETE
40,0.571467188000679,2025-03-02 13:21:50.951118,2025-03-02 13:23:17.590003,0 days 00:01:26.638885,0.24741706169093097,0.5944413172865503,8,0.04429371178089529,0.04015170913115576,0.057318015955239415,0.014801674553832878,0.005121043931653219,0.04528348145349357,0.0008725980661066339,26,10,0.006799259820585938,0.27630136491906104,False,True,0.0007751272320003948,COMPLETE
41,0.6541472405195236,2025-03-02 13:23:17.593156,2025-03-02 13:24:33.627593,0 days 00:01:16.034437,0.6887351378524028,0.5077688160492912,8,0.009061249185004018,0.029033346038668556,0.03875690230635069,0.06246789261904069,0.010360980518135483,0.08460615943669447,3.344654952012509e-05,23,7,0.011735402913147813,0.24321471040629072,False,True,1.6499170655830564e-05,COMPLETE
42,0.6497918605804444,2025-03-02 13:24:33.630906,2025-03-02 13:25:49.852015,0 days 00:01:16.221109,0.623302924424344,0.4830721044139289,8,0.021389387433654643,0.031672745684069935,0.04855123918084276,0.060606964313848974,0.018210280674892595,0.09544072248934109,1.0831317089000556e-05,23,6,0.006729018672083673,0.2354196591863212,False,True,1.7408406986575466e-05,COMPLETE
43,0.6432030111551285,2025-03-02 13:25:49.855404,2025-03-02 13:27:01.512696,0 days 00:01:11.657292,0.5839901010838936,0.5264236821814716,8,0.005555568630564367,0.02165441362477684,0.036638918712817034,0.06684311585315991,0.004392538777636757,0.07990441399470787,4.407503442357057e-05,20,4,0.030702288907367984,0.21157152275888053,False,True,9.183849274571775e-06,COMPLETE
44,0.648510092496872,2025-03-02 13:27:01.515909,2025-03-02 13:28:19.788456,0 days 00:01:18.272547,0.6838956601211224,0.6482121812948686,8,0.015452861040374131,0.04088536345963206,0.028672075576301397,0.038851411254847645,0.014962114023321217,0.08803224213145694,2.0953956230855434e-05,24,8,0.013257228049041789,0.1883508777982429,False,True,9.510984066613565e-05,COMPLETE
45,0.5436824947595597,2025-03-02 13:28:19.791673,2025-03-02 13:29:34.913723,0 days 00:01:15.122050,0.7240292185199081,0.40244489791570637,8,0.011003230855825387,0.05630707158136687,0.03336599795800689,0.0504835762408284,0.024346293120050246,0.06829566475312909,0.0003564327207765385,22,9,0.020942798743928348,0.2302775603590212,False,True,3.547446718932224e-05,COMPLETE
46,0.609497994184494,2025-03-02 13:29:34.916963,2025-03-02 13:30:34.031516,0 days 00:00:59.114553,0.23491957467818736,0.4524028405442949,8,0.0710363553995057,0.07759575712064909,0.08783879592475183,0.08391586613750937,0.010798305378673902,0.09971814586437742,0.000123855486384813,15,11,0.029329150896849045,0.2576764706518001,False,True,2.3177243818608768e-05,COMPLETE
47,0.5348550826311111,2025-03-02 13:30:34.034857,2025-03-02 13:31:41.479565,0 days 00:01:07.444708,0.3479376759994776,0.48786892684086997,8,0.0304632395032649,0.02357301455390807,0.04051284677228677,0.030825968108305193,0.03277762818396953,0.08434391167763684,8.887680636749417e-05,19,23,0.014709282266679547,0.2802973913684392,True,True,1.4275948951576587e-05,COMPLETE
48,0.6529022067785263,2025-03-02 13:31:41.482833,2025-03-02 13:33:09.277544,0 days 00:01:27.794711,0.6592335484191828,0.2930959587920857,8,0.08528824251027813,0.05172627492146364,0.021421370155385325,0.021623464235179288,0.021058885445783996,0.07844305496853789,2.990740382667242e-05,27,6,0.005891471151411397,0.15559958247726086,False,True,0.00011893088581840372,COMPLETE
49,0.6546022862195969,2025-03-02 13:33:09.280960,2025-03-02 13:34:20.885483,0 days 00:01:11.604523,0.7823729364639604,0.5491728364053369,8,0.023466211113726772,0.030441873921827692,0.05369249002892825,0.09913278226017241,0.004613489923935725,0.027384296234744254,4.767418608718894e-05,17,5,0.03692967754785782,0.26876294820938007,False,False,7.219728147615998e-05,COMPLETE
50,0.5450210422277451,2025-03-02 13:34:20.888813,2025-03-02 13:35:35.050408,0 days 00:01:14.161595,0.48512670880752906,0.5993074755353248,8,0.03481142711185173,0.03791067088653081,0.005135057706476109,0.05676116209310318,0.0010068683533978537,0.07222812593759413,0.06685375722722539,21,16,0.02155355398956265,0.2444781683439297,True,True,0.00020923232631147673,COMPLETE
51,0.653902867436409,2025-03-02 13:35:35.053828,2025-03-02 13:36:44.240370,0 days 00:01:09.186542,0.7968319282214125,0.5237843959880448,8,0.024502055582741888,0.030890983626289698,0.05350728169912751,0.09611865237437342,0.007895807838929065,0.030976767978616343,4.816093766755844e-05,16,5,0.03718954714633787,0.2682786295415156,False,False,4.7224420011953454e-05,COMPLETE
52,0.632532799243927,2025-03-02 13:36:44.243899,2025-03-02 13:37:55.400468,0 days 00:01:11.156569,0.7701492346863567,0.550397536862188,8,0.005208100054181096,0.026790233597923492,0.05799961944086022,0.0656629617036042,0.006013833233249721,0.012979836960099063,0.00013436143324857425,17,7,0.0490798881820093,0.2547936685807025,False,False,7.257621728192671e-05,COMPLETE
53,0.654629722237587,2025-03-02 13:37:55.403907,2025-03-02 13:39:04.750286,0 days 00:01:09.346379,0.7132338883179835,0.44138363213259724,8,0.017322406534573294,0.02021453823191781,0.04600674214938848,0.09965342860329005,0.013749921912940114,0.029038202031319474,2.076803690474902e-05,17,5,0.034543661934955075,0.29979056161474527,False,False,6.245978110914344e-05,COMPLETE
54,0.6568313628435134,2025-03-02 13:39:04.755419,2025-03-02 13:40:12.807415,0 days 00:01:08.051996,0.7282302075543811,0.4347332945113783,8,0.015606846767040404,0.010700815286921806,0.045021186673288444,0.07746549130746007,0.02013395847679442,0.0913063590534074,1.9015687886887758e-05,16,8,0.025604107001468233,0.29854159232402366,False,False,2.905980456259927e-05,COMPLETE
55,0.6519552677869797,2025-03-02 13:40:12.811112,2025-03-02 13:41:20.843553,0 days 00:01:08.032441,0.7438044232190459,0.38195799983285983,8,0.012113254482955096,0.008516871034548235,0.025117166880109107,0.07910085435249814,0.02674580363060527,0.09176904634180107,1.0753111741349386e-05,16,9,0.025750997547528933,0.2869310899531961,False,False,1.1255752935431056e-05,COMPLETE
56,0.6519071459770203,2025-03-02 13:41:20.847026,2025-03-02 13:42:20.237892,0 days 00:00:59.390866,0.6303035777277974,0.4690994498126339,8,0.008440134981799664,0.014800550756958467,0.037323363379519844,0.047096897324747894,0.019688453648733575,0.09638816812207981,1.7778740092699183e-05,15,8,0.010656349779096972,0.21391134149597774,False,True,2.0475082022065565e-05,COMPLETE
