number,value,datetime_start,datetime_complete,duration,params_alpha-eval,params_alpha-train,params_batch-size,params_eps-eval,params_eps-train,params_lambda-actions-eval,params_lambda-actions-train,params_lambda-frames-eval,params_lambda-frames-train,params_learning-rate,params_n-epochs,params_n-frames,params_radius-gw,params_rho,params_ub-actions,params_ub-frames,params_weight-decay,state
115,0.6818289548158645,2025-03-02 15:01:16.514723,2025-03-02 15:02:49.307920,0 days 00:01:32.793197,0.5575169373401032,0.6518158585519592,8,0.007885257232722409,0.0797993175791255,0.04433628034196651,0.035387721039984,0.007450356910378039,0.092728867849609,0.003224494011439906,29,17,0.009728856164547973,0.18657128317065252,False,True,0.0008203073943145528,COMPLETE
116,0.6680065244436264,2025-03-02 15:02:49.312926,2025-03-02 15:04:29.249545,0 days 00:01:39.936619,0.5599936247323055,0.6521788655368631,8,0.007879356369579224,0.08031460054547106,0.05495238328883625,0.03484335278626151,0.015678628571482948,0.09305337729533802,0.0034309260620591676,30,17,0.009794906664873477,0.18662664207901408,False,True,0.0007001363351286394,COMPLETE
117,0.6513653725385666,2025-03-02 15:04:29.254767,2025-03-02 15:05:59.992540,0 days 00:01:30.737773,0.5796979957743169,0.6963549652813271,8,0.01632827288002273,0.08965042270369894,0.04605792575641364,0.03653292788329077,0.0068625369802090205,0.0978738038197382,0.008276557996996512,28,19,0.013117450333284918,0.16166772057020024,False,True,0.00035134496045084295,COMPLETE
118,0.6579441368579864,2025-03-02 15:05:59.997721,2025-03-02 15:07:39.237040,0 days 00:01:39.239319,0.5130321901191899,0.5956601482401008,8,0.01313660340147784,0.07511966537292711,0.051587798686358585,0.026847734730586482,0.01291471662940643,0.09516762631154833,0.004404680290470623,30,12,0.005700229949163759,0.18064293841071732,False,True,0.0005090660985208279,COMPLETE
119,0.6742236346006394,2025-03-02 15:07:39.242316,2025-03-02 15:09:11.239062,0 days 00:01:31.996746,0.5475583662364294,0.6544497176479807,8,0.005825229312305233,0.07883390544824147,0.04213283879032504,0.020830164973486956,0.008781920776953535,0.09227750523981101,0.002198199670488027,29,14,0.008175904823883104,0.1690096441751512,False,True,0.0002018631415488836,COMPLETE
120,0.5480021864175797,2025-03-02 15:09:11.244118,2025-03-02 15:10:42.969452,0 days 00:01:31.725334,0.5909525664433841,0.6148483937702703,8,0.004636326891042634,0.07308133528040435,0.044134053063598334,0.02890670116751677,0.09506781321113286,0.09786221153954253,0.002856167027533861,28,17,0.011677956829714143,0.13255536684989763,False,True,0.00046193262613044797,COMPLETE
121,0.6867102235555649,2025-03-02 15:10:42.974648,2025-03-02 15:12:14.733312,0 days 00:01:31.758664,0.607597947468031,0.582648169308534,8,0.009018770613113677,0.08199521580726656,0.03893263001408981,0.025474531936805666,0.0010593046553262005,0.08993322833218377,0.0010909694374128002,29,12,0.001005358026849365,0.19756766513024132,False,True,0.000998157074363635,COMPLETE
122,0.6816395431756974,2025-03-02 15:12:14.738401,2025-03-02 15:13:46.115438,0 days 00:01:31.377037,0.6143595234763648,0.670327682068085,8,0.008776829042044503,0.08241354271875447,0.03972851430588176,0.025574139352010958,0.005340392116060059,0.09625005449931297,0.0010403508786992637,29,13,0.003978341271787669,0.20018435033101784,False,True,0.0009915367862606537,COMPLETE
123,0.5741129904985428,2025-03-02 15:13:46.120724,2025-03-02 15:15:17.644152,0 days 00:01:31.523428,0.562282999879221,0.581807275180041,8,0.002572790940493501,0.07776988561065037,0.03863526760671982,0.03764214488887632,0.0014092672814535693,0.09462610761719556,0.001352999572944646,29,18,0.08998557030455143,0.1765748282328035,False,True,0.0008122818648089672,COMPLETE
124,0.6763765305280685,2025-03-02 15:15:17.649576,2025-03-02 15:16:48.043703,0 days 00:01:30.394127,0.6042084122916046,0.6002407251156542,8,0.012092407324423335,0.08107578599539486,0.04817387420372342,0.03216455930458892,0.003861119725387494,0.08993660517598624,0.0019778710379278483,28,12,0.006299031966212922,0.19747024332545465,False,True,0.0006697864364246215,COMPLETE
125,0.6841934800148011,2025-03-02 15:16:48.048951,2025-03-02 15:18:17.213524,0 days 00:01:29.164573,0.4700310834155178,0.6389629476622983,8,0.0010551673579079456,0.06337617661665414,0.043530767935598715,0.0349349692810975,0.011030462618218566,0.0999217896929594,0.0013233943633894716,27,16,0.008869207495306154,0.20626936807690802,False,True,0.0005613181605540755,COMPLETE
126,0.6816248923540116,2025-03-02 15:18:17.218696,2025-03-02 15:19:45.658413,0 days 00:01:28.439717,0.46432122082191196,0.6293144834039643,8,0.0016414805576707827,0.05825617333881123,0.03841823891567815,0.0296841084980538,0.010557751768414204,0.09976783417379942,0.0007371567636161668,27,16,0.003670622187735443,0.21418924747120627,False,True,0.00039779903421916857,COMPLETE
127,0.6641861021518707,2025-03-02 15:19:45.663676,2025-03-02 15:21:13.081568,0 days 00:01:27.417892,0.5350894933289472,0.7223664610311656,8,0.004980479256927962,0.05621019255174669,0.04658409133688245,0.01788134901400701,0.004310028477442791,0.09808672945863582,0.0014279432857431371,26,14,0.006903080105548069,0.15342756953669648,False,True,0.0005435625552080472,COMPLETE
128,0.5440354853868484,2025-03-02 15:21:13.086829,2025-03-02 15:22:40.857207,0 days 00:01:27.770378,0.4290568146688594,0.5526143340730647,8,0.006532054031133746,0.08417852414817244,0.041753034295935944,0.027821902882225337,0.009511114301130257,0.09584520344090679,0.0010835455885229925,27,13,0.002993557966163223,0.2053962287552822,True,True,0.00043970169770235376,COMPLETE
129,0.6254267126321793,2025-03-02 15:22:40.862712,2025-03-02 15:24:11.046138,0 days 00:01:30.183426,0.47471515541405673,0.5884017577216801,8,0.0010445856114282568,0.06309839672010618,0.03192324974709869,0.03413062124101829,0.07859905018364505,0.09798485706264502,0.0004679826115234252,28,15,0.0053700979790315745,0.20417084751177966,False,True,0.0003277567293574614,COMPLETE
130,0.6732859909534454,2025-03-02 15:24:11.051648,2025-03-02 15:25:38.713674,0 days 00:01:27.662026,0.5099577858723453,0.6120883142138517,8,0.004131184411323562,0.06747902433583215,0.0972681766889614,0.03110092270490785,0.011978825846893975,0.059615565828814845,0.0018383477807533456,26,16,0.008619099894671052,0.1689695998590711,False,True,0.0007177511211957112,COMPLETE
131,0.6742755234241485,2025-03-02 15:25:38.719020,2025-03-02 15:27:17.411409,0 days 00:01:38.692389,0.5736013056527469,0.6443430639784625,8,0.008431333333883961,0.07606764185280203,0.04403164611519969,0.03461829788012137,0.007101466011541877,0.09401773189204984,0.002935245023110633,30,14,0.010514997899093659,0.18178789294717104,False,True,0.0008742399946264998,COMPLETE
132,0.682272270321846,2025-03-02 15:27:17.419530,2025-03-02 15:28:49.797647,0 days 00:01:32.378117,0.5863854479557088,0.6964671252820471,8,0.006629986193835023,0.05025938100824694,0.043832078907984955,0.02627744526834113,0.0012122949021159957,0.09987374022999396,0.0008730130700739368,29,17,0.0010588216782174396,0.1883109088071976,False,True,0.000541169927444795,COMPLETE
133,0.6249512344598771,2025-03-02 15:28:49.803031,2025-03-02 15:30:18.152801,0 days 00:01:28.349770,0.5879551472745764,0.7109476799551766,8,0.002735983157307327,0.08753598354668447,0.04032565801069493,0.0226947358883349,0.0011015084997761926,0.09974756404050146,0.0008389710049780814,27,15,0.001219752759441329,0.21539581834565585,False,True,0.0005376650301629708,COMPLETE
134,0.6897326350212096,2025-03-02 15:30:18.158307,2025-03-02 15:31:48.451251,0 days 00:01:30.292944,0.60155980685607,0.6756651787941277,8,0.005621413498525534,0.05004731719980876,0.04948821320927598,0.019666520544393513,0.0031032367021613843,0.09653432993554419,0.001150458472334596,28,16,0.004341258372741942,0.1875184896553342,False,True,0.0006761453922783557,COMPLETE
135,0.6540352016687392,2025-03-02 15:31:48.456707,2025-03-02 15:33:19.477201,0 days 00:01:31.020494,0.5981289473550173,0.6827172546415323,8,0.014755428242427114,0.07276072790107367,0.0380389693966132,0.019276324452784578,0.0035293999209327566,0.09662314829192684,0.0013516919855054228,28,16,0.004483831646683654,0.19820691108482116,False,True,0.0006814139162790061,COMPLETE
136,0.6786959737539291,2025-03-02 15:33:19.482915,2025-03-02 15:34:49.585916,0 days 00:01:30.103001,0.5462374333292829,0.5760181915740731,8,0.004519009276526584,0.06090550999953257,0.05323891534621596,0.02501785440305423,0.005645735066697901,0.08997843507537065,0.0010956476425865481,28,13,0.006425832803912033,0.15911048871846734,False,True,0.0009924798522968862,COMPLETE
137,0.6744077235460281,2025-03-02 15:34:49.591519,2025-03-02 15:36:17.947807,0 days 00:01:28.356288,0.567061913178104,0.6357633566449745,8,0.011156087594039493,0.05489591687688653,0.04869059151929266,0.020472903412061504,0.0031407576782641914,0.09176368534200158,0.0016590494070930922,27,14,0.007882485838952891,0.20971316473497648,False,True,0.0004519549404253884,COMPLETE
138,0.671899875998497,2025-03-02 15:36:17.953377,2025-03-02 15:37:48.347493,0 days 00:01:30.394116,0.6092009458061795,0.6686505389795439,8,0.0028268158284131665,0.07671238631293809,0.05938121408761751,0.04410143390975807,0.008556281524168027,0.09489420925382828,0.002332775107771279,28,15,0.013687295305468791,0.1683862018324701,False,True,0.00022448017714883634,COMPLETE
139,0.6850031107664108,2025-03-02 15:37:48.353067,2025-03-02 15:39:16.494033,0 days 00:01:28.140966,0.5290179424971666,0.621810185217136,8,0.009420687035544998,0.06296256081405235,0.05052882339441035,0.03159110494776594,0.006081713503069223,0.09701528413079163,0.0011656683214262913,27,12,0.003678917627612151,0.1972029742305575,False,True,0.0005925561915403444,COMPLETE
140,0.6852635949850082,2025-03-02 15:39:16.499847,2025-03-02 15:40:44.695482,0 days 00:01:28.195635,0.49106143551978826,0.6158931010113795,8,0.009992080845917987,0.08353029847314605,0.049830105843301685,0.03834430576603691,0.0033165445383252076,0.09726580423009261,0.0007505266453610011,27,12,0.0036633499810326048,0.19606680380910643,False,True,0.0002849400770191806,COMPLETE
141,0.6385742247104645,2025-03-02 15:40:44.701068,2025-03-02 15:42:13.444908,0 days 00:01:28.743840,0.49468758513497413,0.622017233757096,8,0.009262955287571217,0.05852295839335097,0.0496601699446151,0.03220411197887168,0.003914870791307072,0.0978251831480998,0.0012210327592096007,27,12,0.0033078961714787403,0.19525474911940632,False,True,0.0002987141577477127,COMPLETE
142,0.6832012087106705,2025-03-02 15:42:13.450529,2025-03-02 15:43:42.561288,0 days 00:01:29.110759,0.5320247840018115,0.5936779185992749,8,0.005684816165493071,0.09127966742881949,0.063733796276601,0.03765134025581006,0.006464141698352872,0.09763490565307242,0.002037500943360818,27,16,0.0050775748741952445,0.1871536590129477,False,True,0.0003987679991955919,COMPLETE
143,0.6857640057802201,2025-03-02 15:43:42.566978,2025-03-02 15:45:13.409433,0 days 00:01:30.842455,0.5509850424650341,0.6074650779083189,8,0.012040464489413684,0.07900579546300061,0.052090779013615744,0.029300027442748598,0.0011120049973931167,0.09364543265030392,0.0007387110325712406,28,15,0.003107802179621719,0.17691319975086134,False,True,0.000586124788673529,COMPLETE
144,0.6888557344675064,2025-03-02 15:45:13.415355,2025-03-02 15:46:43.955387,0 days 00:01:30.540032,0.5529272802118452,0.6044719389836329,8,0.014105994535325902,0.08407967720621792,0.05663882662474728,0.048538006333957155,0.0010726632134624287,0.0935046942395299,0.0007317375175904075,28,15,0.0027960024681762024,0.17445639934220875,False,True,0.0007510260582328919,COMPLETE
145,0.6746380299329757,2025-03-02 15:46:43.961139,2025-03-02 15:48:15.206959,0 days 00:01:31.245820,0.5434026006700565,0.6041109674371613,8,0.013490066144928555,0.08402442629746754,0.05181066596302966,0.04869743386859601,0.0011736213503602323,0.08825872330259066,0.0007292715833256301,28,12,0.0027436000187329923,0.1778211166471914,False,True,0.000757305189131633,COMPLETE
146,0.6627652078866959,2025-03-02 15:48:15.212712,2025-03-02 15:49:47.205526,0 days 00:01:31.992814,0.5308734824484689,0.6197866985542213,8,0.017300757888319578,0.08653636796153356,0.0507527275329393,0.03067742685222971,0.0038251131353814263,0.09311994782493285,0.0005300119659839624,29,14,0.06722880998957868,0.17556438979082606,False,True,0.0003478320330236199,COMPLETE
147,0.6805634319782257,2025-03-02 15:49:47.211451,2025-03-02 15:51:17.910453,0 days 00:01:30.699002,0.512606915670695,0.6042331420145167,8,0.011804852064365517,0.08197038963243428,0.0615377158654847,0.04526963227112876,0.002989508201161576,0.09429911848554934,0.0007220166221455079,28,15,0.001197755697061066,0.18295189736453865,False,True,0.00026673478576894993,COMPLETE
148,0.649703648686409,2025-03-02 15:51:17.926476,2025-03-02 15:52:47.722529,0 days 00:01:29.796053,0.5515497628240738,0.5857415650864,8,0.015066617501788157,0.0834600252779592,0.056545718252227865,0.04194059196693359,0.0010821503522896068,0.09084745952646313,0.0009496474306806517,28,14,0.003982451185544763,0.16564183379646688,False,True,0.0004838087376335123,COMPLETE
149,0.6525479048490523,2025-03-02 15:52:47.728364,2025-03-02 15:54:19.631773,0 days 00:01:31.903409,0.5766068489109291,0.6132989430220545,8,0.009881404742979666,0.07839461154393108,0.05536869677470766,0.024520336717694494,0.00773225566006305,0.09592507877827006,0.0004122845146048504,29,13,0.005928375449653476,0.17190909708878258,False,True,0.0007330650657758888,COMPLETE
150,0.5440354853868484,2025-03-02 15:54:19.637650,2025-03-02 15:55:48.958936,0 days 00:01:29.321286,0.5559482601774736,0.6615370723178086,8,0.01214849273384967,0.09527962810196555,0.05443266209276382,0.03949721475320495,0.0030818500188974163,0.09213006829295442,0.0007935711739158535,28,15,0.0031569748211693993,0.18788098888654803,True,True,0.0008452364560615459,COMPLETE
151,0.6570076853036881,2025-03-02 15:55:48.964693,2025-03-02 15:57:16.465989,0 days 00:01:27.501296,0.5624112324317189,0.5758511826835856,8,0.005621843868754508,0.080076771424502,0.059197467462919116,0.028850785566519956,0.0057513394779029016,0.09711243454817173,0.0010845422398856569,26,15,0.0010531819100385068,0.195584049193248,False,True,0.0005695890619271046,COMPLETE
152,0.6738919019699097,2025-03-02 15:57:16.471932,2025-03-02 15:58:45.443391,0 days 00:01:28.971459,0.5759793028913497,0.6264839521624097,8,0.009433986975234319,0.08921425239864086,0.04638835323821647,0.02646276958683809,0.004934691329231995,0.09417792358789286,0.0017048802807849404,27,16,0.006181651024103124,0.18115727571003162,False,True,0.0006380353284075194,COMPLETE
153,0.6730341762304306,2025-03-02 15:58:45.449292,2025-03-02 16:00:17.855182,0 days 00:01:32.405890,0.5314392192139374,0.5931772955028662,8,0.0036928224649477592,0.08512593525337853,0.034715744239164334,0.02256520208968024,0.008687373053235687,0.09824708607381347,0.0006349667129321818,29,14,0.004377108594203415,0.1594498109007383,False,True,0.0004331812097549388,COMPLETE
154,0.6908083230257034,2025-03-02 16:00:17.861240,2025-03-02 16:01:48.454792,0 days 00:01:30.593552,0.5187079546187474,0.5535275576757257,8,0.0072230497030030625,0.07409385276568906,0.052466107282529865,0.0297503765094872,0.002938094051138745,0.09619083847258611,0.0009824908809871761,28,15,0.003016114783432502,0.19116204978373721,False,True,0.0006195213370541582,COMPLETE
155,0.6900433003902435,2025-03-02 16:01:48.460776,2025-03-02 16:03:18.302001,0 days 00:01:29.841225,0.5177762911809652,0.6056629712186017,8,0.008241610245900274,0.07141099003844911,0.07122640475709568,0.032691496394366554,0.0023860943951215787,0.09583020663969795,0.0009740930465514644,28,14,0.002832257560216944,0.1734904087372379,False,True,0.00037289870702879313,COMPLETE
156,0.6881867349147797,2025-03-02 16:03:18.308169,2025-03-02 16:04:48.728840,0 days 00:01:30.420671,0.49712760072748735,0.6752040993461333,8,0.008332709489910032,0.071629031205687,0.07007102327058115,0.03308778774833984,0.0010054976603741834,0.09563249142677409,0.0009979646539723652,28,13,0.002628748476232073,0.17289113966301198,False,True,0.0009022340321067426,COMPLETE
157,0.6599970191717148,2025-03-02 16:04:48.734783,2025-03-02 16:06:19.163858,0 days 00:01:30.429075,0.4960677343520856,0.6782356694975146,8,0.014152233905396749,0.07097425640506834,0.07360346430793506,0.032756498696409245,0.003106131994548021,0.08837316418108407,0.0004929951859623801,28,12,0.0010332211853757928,0.17137338536924915,False,True,0.000885833564850852,COMPLETE
158,0.6538144111633301,2025-03-02 16:06:19.169727,2025-03-02 16:07:51.309269,0 days 00:01:32.139542,0.509433532378388,0.647706844297876,8,0.011029986204990624,0.06864253244239196,0.07222348935582952,0.030336863027442394,0.0010372887656431582,0.09068190124920472,0.000852608671801356,29,13,0.06228212868732617,0.16455525986281022,False,True,0.0007594325632453211,COMPLETE
159,0.6742208123207092,2025-03-02 16:07:51.315169,2025-03-02 16:09:21.293067,0 days 00:01:29.977898,0.5237415824917627,0.633505976253384,8,0.008890918871493911,0.07647902226534223,0.06695819734061001,0.032830434690738895,0.004477222292025773,0.09394571683134274,0.0009459303766259971,28,12,0.005292501839913859,0.1481899752717861,False,True,0.0006642372060788404,COMPLETE
160,0.67021766602993,2025-03-02 16:09:21.299256,2025-03-02 16:10:51.241623,0 days 00:01:29.942367,0.48252333038701356,0.6102803274184886,8,0.007137453451080744,0.07220598817579917,0.0801344568310989,0.03743621313601907,0.002836579843513432,0.09607327336159488,0.0006787665810099803,28,13,0.0025848081119348755,0.1767851189101345,False,True,1.6622238859691773e-06,COMPLETE
161,0.6970810621976853,2025-03-02 16:10:51.247872,2025-03-02 16:12:21.491733,0 days 00:01:30.243861,0.5463072323025938,0.5981660760997856,8,0.007336947990741556,0.07810362318210173,0.07115829744366388,0.028970316545049543,0.002990832676014209,0.09563945278149676,0.0013674166247445146,28,14,0.003153530247273205,0.18879723200672416,False,True,0.00036498470313625327,COMPLETE
162,0.667890614271164,2025-03-02 16:12:21.498010,2025-03-02 16:13:53.298833,0 days 00:01:31.800823,0.5451249431020958,0.6039538142306077,8,0.01046799405249727,0.07827550661910937,0.07781451103719818,0.030226860438727306,0.004846390531197428,0.09261131540539462,0.0011962946550394208,29,14,0.003871324700887476,0.18864333079207254,False,True,0.00036462086666865016,COMPLETE
163,0.6863999485969543,2025-03-02 16:13:53.304972,2025-03-02 16:15:23.211386,0 days 00:01:29.906414,0.5158716017706954,0.6749822224608459,8,0.006240686645255809,0.07495835094081986,0.05173611406483786,0.028937311580714543,0.00299909282305563,0.09564932386519527,0.0014152269848731363,28,13,0.006740880440801678,0.1835751157931237,False,True,0.000968655819475471,COMPLETE
164,0.6612504750490189,2025-03-02 16:15:23.217618,2025-03-02 16:16:53.884113,0 days 00:01:30.666495,0.5018174147976925,0.7493302590672105,8,0.012524459193112123,0.07556894891100169,0.07107064708737296,0.02785179897090517,0.0029607469520396374,0.09575210528903505,0.0014558305415958055,28,13,0.07243042009514658,0.18023171487907833,False,True,0.000952542871721473,COMPLETE
165,0.6679640740156173,2025-03-02 16:16:53.890308,2025-03-02 16:18:22.209511,0 days 00:01:28.319203,0.5175255464239662,0.6919171281191582,8,0.00812116337040594,0.08191395705819743,0.07462741263252938,0.033002367712014376,0.006885473149325864,0.09399995381041022,0.000966480927896127,27,11,0.00695386059562818,0.17300840077055746,False,True,0.00027559646828984757,COMPLETE
166,0.6869830369949341,2025-03-02 16:18:22.215871,2025-03-02 16:19:52.170067,0 days 00:01:29.954196,0.5392124105489744,0.7056918818684336,8,0.006137420788242018,0.0788670770819165,0.0770616113082789,0.028704841375156415,0.0010363107222938505,0.037888263118358655,0.0011428866252014176,28,12,0.010382219884826658,0.1911975697306417,False,True,0.0009961889424807814,COMPLETE
167,0.6321619778871537,2025-03-02 16:19:52.176421,2025-03-02 16:21:22.170341,0 days 00:01:29.993920,0.5401356200333127,0.7277309425410698,8,0.006608934979260741,0.07875724961218904,0.07675708040096997,0.028455937739209156,0.002290740461332854,0.048903932535603795,0.0008315857462139285,28,14,0.01057811576929421,0.19214753935033474,False,True,0.0009498114665075242,COMPLETE
168,0.6347965121269226,2025-03-02 16:21:22.176794,2025-03-02 16:22:52.258007,0 days 00:01:30.081213,0.49264829625911716,0.7056014315771274,8,0.0042134235068191864,0.08163032290071912,0.08045006950452435,0.023810815371067662,0.0027243376562647702,0.09114644491112586,0.0005846353419117633,28,13,0.005993162145802302,0.07428539049785002,False,True,0.000790402761306635,COMPLETE
169,0.632811239361763,2025-03-02 16:22:52.264338,2025-03-02 16:24:22.648932,0 days 00:01:30.384594,0.5145340744743964,0.7308195191302539,8,0.0064400134687827276,0.08542189683033832,0.08344070053138536,0.026180946540988716,0.0013589102822672958,0.09498765276740381,0.0014165938686367058,28,14,0.009677465347666721,0.18326072603009597,False,True,0.0003137471202841145,COMPLETE
170,0.6389854103326797,2025-03-02 16:24:22.655445,2025-03-02 16:25:54.879001,0 days 00:01:32.223556,0.4840785745940428,0.7654994271640455,8,0.0032138541170999534,0.0768656565406632,0.06602580782528067,0.035498736150923554,0.00493036325206611,0.08688355201164136,0.0010461250055552665,29,15,0.0070539262206065125,0.16687162311567022,False,True,0.0009992905725954109,COMPLETE
171,0.6591565042734147,2025-03-02 16:25:54.885406,2025-03-02 16:27:23.837463,0 days 00:01:28.952057,0.5305548404985443,0.6208913324298436,8,0.009464424681021953,0.07437275212650828,0.06948471779158714,0.02936944875790028,0.006213818321181017,0.03528376320225176,0.0012178192219799958,27,12,0.0032637032086885163,0.20004461689559613,False,True,0.0006625385206262623,COMPLETE
