number,value,datetime_start,datetime_complete,duration,params_alpha-eval,params_alpha-train,params_batch-size,params_eps-eval,params_eps-train,params_lambda-actions-eval,params_lambda-actions-train,params_lambda-frames-eval,params_lambda-frames-train,params_learning-rate,params_n-epochs,params_n-frames,params_radius-gw,params_rho,params_ub-actions,params_ub-frames,params_weight-decay,state
343,0.6870571374893188,2025-03-02 21:00:33.900482,2025-03-02 21:01:39.982226,0 days 00:01:06.081744,0.4937636449139084,0.48944240430271135,8,0.0032877342985288137,0.08954119768415944,0.05805408410934282,0.015622185864481289,0.00272838838528846,0.04928925472563838,0.0013278707723796157,19,13,0.023993349916241014,0.17057771944811123,False,True,5.782557417950097e-06,COMPLETE
344,0.5909999340772629,2025-03-02 21:01:39.992537,2025-03-02 21:03:12.197420,0 days 00:01:32.204883,0.4720205190976075,0.45883866512265614,8,0.07579607983593568,0.08415258692205761,0.06048010181427539,0.019812199657012374,0.004673518072948284,0.05060041673781289,0.0008703369080505742,29,12,0.014636676452593124,0.16038844800437269,False,True,1.0245908533577768e-06,COMPLETE
345,0.6822404384613037,2025-03-02 21:03:12.207769,2025-03-02 21:04:44.451637,0 days 00:01:32.243868,0.4550827601839286,0.47935434498368135,8,0.005207810282809821,0.08729057292726321,0.06274499456890888,0.005532806998600518,0.002767656711725611,0.047905280172634235,0.0016169493842119814,29,13,0.01735487922909152,0.1744021247240776,False,True,4.362131510559542e-06,COMPLETE
346,0.6949061453342438,2025-03-02 21:04:44.462015,2025-03-02 21:06:17.068991,0 days 00:01:32.606976,0.4372945765288662,0.5187929401227832,8,0.0026897849932436884,0.08335678994325754,0.05612946927717554,0.013672444844406637,0.004467531201707877,0.045179653926859326,0.002132606829076929,29,14,0.021726297113724875,0.16820077965234842,False,True,4.314485330062609e-06,COMPLETE
347,0.762135675549507,2025-03-02 21:06:17.079531,2025-03-02 21:08:07.075934,0 days 00:01:49.996403,0.4300100328986281,0.4654039718832265,8,0.0027730636517011454,0.08525566194652724,0.05507184384445657,0.010899425407084346,0.009610915336600538,0.04320775919944654,0.0021652753174105023,30,14,0.02163206088910781,0.16474296586942735,False,False,2.552602942294976e-06,COMPLETE
348,0.7060691326856613,2025-03-02 21:08:07.086396,2025-03-02 21:09:49.324368,0 days 00:01:42.237972,0.41502277696806333,0.43984066592539683,8,0.002892059755846581,0.08390804710291899,0.05494987358286547,0.008026975989576877,0.008964202352881492,0.04287668625912831,0.002244147746661053,29,14,0.022777852785395358,0.16835890669523795,False,False,2.1419123286568207e-06,COMPLETE
349,0.7451211392879487,2025-03-02 21:09:49.334823,2025-03-02 21:11:31.506062,0 days 00:01:42.171239,0.4055271634933941,0.4122552669660337,8,0.0023914774935498255,0.08318756153766348,0.055385424821514956,0.007803483821753214,0.01119481989844962,0.04326142132921496,0.0028304396022152973,29,14,0.020259409743601745,0.1389010174673208,False,False,1.7464992441158442e-06,COMPLETE
350,0.6918854653835296,2025-03-02 21:11:31.516803,2025-03-02 21:13:03.664696,0 days 00:01:32.147893,0.39472427902469626,0.4122573731831508,8,0.0010993530954207433,0.08196712527541623,0.05449668925654862,0.008045058826570278,0.01183358171678299,0.04227461942361495,0.002603867203841695,29,14,0.023581644775240357,0.13494951976846645,False,True,1.9494657967527384e-06,COMPLETE
351,0.7056459724903106,2025-03-02 21:13:03.675380,2025-03-02 21:14:53.002666,0 days 00:01:49.327286,0.378615267243796,0.42978369978727643,8,0.0030128402892324337,0.08337377755779432,0.051956163941164285,0.008381834430790339,0.00898293757900779,0.03476278338945904,0.002980927036984321,30,14,0.020639530045023266,0.13662462382741905,False,False,2.0776434634061227e-06,COMPLETE
352,0.7121963858604432,2025-03-02 21:14:53.012896,2025-03-02 21:16:43.025675,0 days 00:01:50.012779,0.3829800066576403,0.39026995026407074,8,0.0029206147516475144,0.08381719314114083,0.05202167410895066,0.008964003231719074,0.012489151095430244,0.02490946893535012,0.003058667615915714,30,14,0.025196223091213887,0.12182600002378209,False,False,1.304418397122892e-06,COMPLETE
353,0.6847780436277389,2025-03-02 21:16:43.036297,2025-03-02 21:18:32.795505,0 days 00:01:49.759208,0.3776021314311552,0.3747682433724606,8,0.0032286069346475826,0.08488626455295395,0.05114417388642474,0.008871284950276611,0.013532708577557865,0.0320933915560914,0.0030229519857802962,30,14,0.02567598633026804,0.131949255369951,False,False,1.6995606496408366e-06,COMPLETE
354,0.6312800645828247,2025-03-02 21:18:32.806847,2025-03-02 21:20:23.429415,0 days 00:01:50.622568,0.3720645874060049,0.43308145033076684,8,0.004283038072231224,0.08251263631674223,0.05270453064917003,0.010980334699918744,0.01483680695655469,0.018031842744441376,0.0029767343788575525,30,14,0.027665966848557724,0.11194459829449883,False,False,1.3373561030146225e-06,COMPLETE
355,0.6693947881460189,2025-03-02 21:20:23.440000,2025-03-02 21:22:13.962466,0 days 00:01:50.522466,0.3831040978133711,0.41230940447242015,8,0.0026335019725606777,0.08514255365095261,0.054725512677595914,0.008242684249466895,0.011535858225137113,0.02498438720910641,0.003611409566872012,30,14,0.02184558564200242,0.13724606089898336,False,False,1.3911355325565312e-06,COMPLETE
356,0.652341678738594,2025-03-02 21:22:13.973367,2025-03-02 21:23:52.608096,0 days 00:01:38.634729,0.39996613422168514,0.389469493393299,8,0.08081253218538559,0.0832184929166744,0.05198683579745128,0.012371383181323144,0.01600206382543439,0.042956458630532095,0.00290795704427765,30,14,0.02280619302651939,0.10885776259000939,True,False,1.9368644444607828e-06,COMPLETE
357,0.62221058011055,2025-03-02 21:23:52.618621,2025-03-02 21:25:34.773502,0 days 00:01:42.154881,0.3632301153228373,0.42331898211499047,8,0.023092563448617855,0.08625426933658974,0.053945831838082076,0.010285761053421272,0.012968906961589123,0.03365493044999222,0.002308362173710882,29,14,0.021678769465198693,0.13820322212077804,False,False,1.585785721582902e-06,COMPLETE
358,0.6288263529539109,2025-03-02 21:25:34.784137,2025-03-02 21:27:24.356088,0 days 00:01:49.571951,0.4079708922455081,0.40052089100443594,8,0.004371809924650051,0.08223781530279921,0.050920522802175974,0.007764436720395844,0.011100691139500364,0.038291328163211805,0.004713941563388407,30,14,0.02078000252316938,0.12870893953236,False,False,2.3989487324533974e-06,COMPLETE
359,0.6638771176338196,2025-03-02 21:27:24.366893,2025-03-02 21:29:14.050269,0 days 00:01:49.683376,0.4047899435087297,0.4247650793735947,8,0.002840470590031047,0.08401970719420913,0.05489199011746638,0.011974410149099848,0.01254222164225212,0.024124571035370204,0.0032646541958324922,30,15,0.022552269525159083,0.1163431920245054,False,False,2.1393412950043393e-06,COMPLETE
360,0.6188964962959289,2025-03-02 21:29:14.060949,2025-03-02 21:30:56.853130,0 days 00:01:42.792181,0.35096197398846074,0.41074595959668575,8,0.004543150971214715,0.08105081723883424,0.05299634588195209,0.009529375379638248,0.010364511858472088,0.03901650611655703,0.0024450861396363055,29,14,0.024352622825385237,0.14286019697921762,False,False,2.191748331574917e-06,COMPLETE
361,0.6586174339056015,2025-03-02 21:30:56.864081,2025-03-02 21:32:46.797984,0 days 00:01:49.933903,0.3875692899682215,0.43516218607096735,8,0.002463737014739085,0.08592908865986969,0.04855646887830016,0.006703546471842792,0.00882758331966314,0.030536351959913333,0.004014297593657629,30,13,0.02055901443554138,0.1364619170525509,False,False,2.7820212815195283e-06,COMPLETE
362,0.6384227126836777,2025-03-02 21:32:46.808574,2025-03-02 21:34:28.993739,0 days 00:01:42.185165,0.42377383641502153,0.38930537774189355,8,0.005530317417305191,0.08829547971673203,0.05572767673272266,0.010509901128638817,0.010088051102683725,0.039675738453043785,0.002192933678983453,29,14,0.020796797322656622,0.08854918943644303,False,False,1.8196034769039534e-06,COMPLETE
363,0.7146591514348983,2025-03-02 21:34:29.004488,2025-03-02 21:36:11.632428,0 days 00:01:42.627940,0.3730110366532583,0.44276511325041246,8,0.0026189658063807083,0.08351315278578907,0.05521355778852918,0.00679826756769553,0.018018953966742177,0.04361196878063278,0.002887701072396592,29,15,0.027118843606728105,0.12206415596658142,False,False,1.3119518210386392e-06,COMPLETE
364,0.7374653905630112,2025-03-02 21:36:11.643525,2025-03-02 21:38:00.947135,0 days 00:01:49.303610,0.39287217331048196,0.4450054734971807,8,0.0011643525677524648,0.0801736995535311,0.05207632894332635,0.006804014180634339,0.011679198631922431,0.042770430329844566,0.003078027960811843,30,15,0.026333264767348933,0.13115885785299058,False,False,1.227633452025086e-06,COMPLETE
365,0.7076050639152527,2025-03-02 21:38:00.958217,2025-03-02 21:39:50.509910,0 days 00:01:49.551693,0.37118760749897856,0.41931604302503306,8,0.0011074791466063399,0.0795587152335299,0.0507011786032448,0.006559673507511139,0.012519204037192345,0.04213630019037405,0.0032068722771676507,30,16,0.02712544581896555,0.12035668416287942,False,False,1.2765292858731364e-06,COMPLETE
366,0.7885930120944977,2025-03-02 21:39:50.520975,2025-03-02 21:41:40.287895,0 days 00:01:49.766920,0.3362347159908285,0.4456312193271999,8,0.0026329148824498494,0.07968182231275997,0.050430438876452266,0.006631260287192982,0.01627792872186057,0.03646958933171881,0.0032245087922404565,30,16,0.024555700019462962,0.11830273366677728,False,False,1.2022376525743753e-06,COMPLETE
367,0.6251060694456101,2025-03-02 21:41:40.298801,2025-03-02 21:43:30.403237,0 days 00:01:50.104436,0.33386959679754646,0.4458828332673076,8,0.0011153539929378263,0.08001701609011849,0.050303236052508526,0.006319563205376461,0.015169667663527741,0.042015578986820394,0.004367767514425902,30,16,0.03042501385187545,0.12083289067134982,False,False,1.2137141720570147e-06,COMPLETE
368,0.7203662812709808,2025-03-02 21:43:30.414353,2025-03-02 21:45:20.803785,0 days 00:01:50.389432,0.3517066251708207,0.44088458963277455,8,0.002779945123165678,0.0796222064549678,0.04826452463499563,0.007391225691092549,0.014474971124208164,0.03436554434821027,0.0033632085872039703,30,16,0.028901422307897894,0.12648439262936126,False,False,1.0622723041311797e-06,COMPLETE
369,0.7381047517061233,2025-03-02 21:45:20.814618,2025-03-02 21:47:10.476891,0 days 00:01:49.662273,0.3345369958154182,0.42055659027986736,8,0.003141626180998686,0.0793725987473412,0.04796813875407722,0.006712306525227522,0.017494080032300637,0.0332630278540761,0.003444260944182502,30,16,0.02485659324748996,0.12418709927018605,False,False,1.1182237239794745e-06,COMPLETE
370,0.7430755406618118,2025-03-02 21:47:10.488183,2025-03-02 21:49:00.729476,0 days 00:01:50.241293,0.3201909250344207,0.4194936867976306,8,0.003524801341734461,0.0797496313210174,0.047829766393854604,0.004721819723157038,0.014286587277259217,0.03454513785001313,0.0035984549775695714,30,17,0.02661793945781372,0.12548801085143052,False,False,1.1742268986791723e-06,COMPLETE
371,0.6187267452478409,2025-03-02 21:49:00.740861,2025-03-02 21:50:51.927430,0 days 00:01:51.186569,0.3417853612675868,0.4412483176851316,8,0.00417522419781859,0.07952324861420106,0.04852794066696466,0.00450010629563995,0.018343216860483444,0.034707654014097346,0.005172821689759125,30,17,0.027583488904420563,0.12450840427325811,False,False,1.1288537610212484e-06,COMPLETE
372,0.725088506937027,2025-03-02 21:50:51.938648,2025-03-02 21:52:42.389206,0 days 00:01:50.450558,0.3457205623030559,0.429286311296023,8,0.003508337696245936,0.07941550219201385,0.049904758231614686,0.006235021609203787,0.014175940432960062,0.0364161378340564,0.0034672611634688323,30,16,0.026383607708979392,0.12565822711817118,False,False,1.4839680462304012e-06,COMPLETE
373,0.8312800884246825,2025-03-02 21:52:42.400432,2025-03-02 21:54:32.993559,0 days 00:01:50.593127,0.31667044589067694,0.4169774783446125,8,0.002915356649054352,0.08001402074680841,0.04781730532820391,0.005957346867191834,0.01727154604249119,0.037046411289069145,0.0037094424482375836,30,18,0.026611662605093622,0.125845630105101,False,False,1.304575227769417e-06,COMPLETE
374,0.630107945203781,2025-03-02 21:54:33.004534,2025-03-02 21:56:12.668162,0 days 00:01:39.663628,0.32020389040998715,0.41980205096963574,8,0.003368599301058684,0.0789547420083608,0.04717180770212716,0.006300188693880895,0.020847707401204733,0.03499725028269303,0.0038274058074439154,30,17,0.026244876645327538,0.12627681428067802,True,False,1.293846780912023e-06,COMPLETE
375,0.6176730960607528,2025-03-02 21:56:12.679043,2025-03-02 21:58:02.565785,0 days 00:01:49.886742,0.3500622303095928,0.42691005487032446,8,0.005771340629623174,0.07990120099218147,0.04868721290915716,0.006885022924422257,0.019278317906442913,0.03732260780600251,0.0034960087858424502,30,17,0.028796190227073387,0.11762510677755672,False,False,1.4409797332747744e-06,COMPLETE
376,0.7118317008018493,2025-03-02 21:58:02.577301,2025-03-02 21:59:53.568089,0 days 00:01:50.990788,0.32424125135637677,0.41644608606344535,8,0.003061905020259317,0.0786255825867299,0.04614333477035348,0.0032577788028824804,0.016667145941219916,0.032486853837537015,0.0043722527624719485,30,18,0.031087742825741067,0.12105892517135644,False,False,1.0419087855290243e-06,COMPLETE
377,0.6352586001157761,2025-03-02 21:59:53.579199,2025-03-02 22:01:43.940668,0 days 00:01:50.361469,0.309677679804373,0.4159682237470273,8,0.005124731999819632,0.07871199893924205,0.04972670099777669,0.003349344519638373,0.015675094887122806,0.03265604821908043,0.0033863692206021327,30,19,0.03142527900674316,0.12222863926793119,False,False,1.0513337078250348e-06,COMPLETE
378,0.764452901482582,2025-03-02 22:01:43.951787,2025-03-02 22:03:34.891727,0 days 00:01:50.939940,0.3251819191008979,0.3921051308933074,8,0.003096881932273793,0.07834065985220866,0.0457787421850532,0.0033694286569345457,0.016941994074731407,0.036486995005359325,0.004225405595791305,30,18,0.02619524411077692,0.11552211409820907,False,False,1.192805304899715e-06,COMPLETE
379,0.6177824139595032,2025-03-02 22:03:34.903062,2025-03-02 22:05:26.787217,0 days 00:01:51.884155,0.3278251581425611,0.4011124549673768,8,0.005905554355505051,0.07779204222933998,0.04593950777649749,0.0010587384632898614,0.017792576957825733,0.036232345137197274,0.004511933166839805,30,17,0.026667164716101855,0.11456443790737254,False,False,1.2049006778236471e-06,COMPLETE
380,0.7735134094953537,2025-03-02 22:05:26.798700,2025-03-02 22:07:17.042593,0 days 00:01:50.243893,0.3214791725454524,0.3819232429980594,8,0.00316504524353496,0.07947026244209326,0.04645349843335273,0.003292716915610729,0.017089415887529432,0.02838481286615989,0.004049166064667598,30,18,0.02864357785456146,0.12661956221704002,False,False,1.5466063368227022e-06,COMPLETE
381,0.5462271422147751,2025-03-02 22:07:17.054536,2025-03-02 22:09:08.712922,0 days 00:01:51.658386,0.3123786057641956,0.3794128815106881,8,0.0484865944388933,0.07580188954401444,0.04666299862618738,0.003125342609275837,0.022450205537461076,0.02763353493318146,0.006706866808056475,30,18,0.02914983236397138,0.12654063312990713,False,False,1.5290163562272089e-06,COMPLETE
382,0.6804079920053483,2025-03-02 22:09:08.724010,2025-03-02 22:10:58.974518,0 days 00:01:50.250508,0.2788546229010912,0.3592439391905905,8,0.004364440966164121,0.07908285639665562,0.04782701548679874,0.0046680126533126965,0.017714610228929825,0.030254642899353673,0.0040495831807645525,30,19,0.03299797637218056,0.106786488737016,False,False,1.150504794461278e-06,COMPLETE
383,0.6404661148786545,2025-03-02 22:10:58.985828,2025-03-02 22:12:50.765191,0 days 00:01:51.779363,0.33859479997099134,0.39380967073910683,8,0.006763356324027393,0.07798246438403007,0.04404600637563719,0.0030278692548441565,0.01421151293586147,0.036731688562685605,0.005316014038159802,30,18,0.02491536248497243,0.12028569503519947,False,False,1.3516308431693461e-06,COMPLETE
384,0.7162103414535522,2025-03-02 22:12:50.776666,2025-03-02 22:14:41.368944,0 days 00:01:50.592278,0.3060328856185226,0.4278058553920968,8,0.0031869851626806674,0.08032075509396944,0.04570638283867739,0.005766865697890015,0.017112640236850635,0.03328206134495725,0.0032899194257474,30,17,0.02683574248016133,0.12847677037259952,False,False,1.5771603862772667e-06,COMPLETE
385,0.631515097618103,2025-03-02 22:14:41.380349,2025-03-02 22:16:31.390494,0 days 00:01:50.010145,0.3206885873341841,0.43333668215156723,8,0.006290850566770765,0.07983611774538224,0.04461905268631092,0.005465974475346218,0.016495807817185983,0.03379221984751081,0.003549537437038356,30,18,0.02646644780056246,0.12973375152478236,False,False,1.5775970748012346e-06,COMPLETE
386,0.7158779054880142,2025-03-02 22:16:31.401793,2025-03-02 22:18:22.150301,0 days 00:01:50.748508,0.3022386269249579,0.41841117461443345,8,0.003969128033119689,0.0758156657699005,0.0463385126973673,0.0034635834275393938,0.019423060320694904,0.03084165943035978,0.004025975249644911,30,17,0.028850028979868637,0.12490630356863971,False,False,1.018506149807695e-06,COMPLETE
387,0.6635572999715805,2025-03-02 22:18:22.161580,2025-03-02 22:20:12.451006,0 days 00:01:50.289426,0.28505238717714276,0.40911644825944055,8,0.004518018602511043,0.07457871593687801,0.045955952551147115,0.0013241706831784391,0.019840212752793095,0.03268097297415449,0.004342163890423771,30,18,0.030086561634849997,0.12270557275546577,False,False,1.0052623154545811e-06,COMPLETE
388,0.6202394545078277,2025-03-02 22:20:12.471993,2025-03-02 22:22:03.266376,0 days 00:01:50.794383,0.29521089393302885,0.42050119768328553,8,0.007135134307139754,0.07649819651480036,0.048801861524268395,0.003374083631597967,0.017070407253995043,0.02908343528716608,0.00552047156128973,30,18,0.02728769928983996,0.11489922999471189,False,False,1.2669657904088314e-06,COMPLETE
389,0.6397607505321502,2025-03-02 22:22:03.277879,2025-03-02 22:23:53.154324,0 days 00:01:49.876445,0.2988332912054157,0.44413356624921657,8,0.003985711685545049,0.0783687558235382,0.050271689529988846,0.004638013496876558,0.01387877467149848,0.03538090006307253,0.0035083227330792747,30,17,0.028980864791945005,0.1009809346411577,False,False,1.1409449053932834e-06,COMPLETE
390,0.6533424437046051,2025-03-02 22:23:53.166152,2025-03-02 22:25:44.079824,0 days 00:01:50.913672,0.3582141331076126,0.38524053284812404,8,0.0057180009615831265,0.07620967329883725,0.04705282338638822,0.0031884244213731972,0.019323326504980174,0.03136064721898503,0.0031260779424901078,30,19,0.0321234379249371,0.12869209460120454,False,False,1.4709712363456812e-06,COMPLETE
391,0.6784322291612624,2025-03-02 22:25:44.091440,2025-03-02 22:27:35.583841,0 days 00:01:51.492401,0.3307966992069586,0.43161173016796067,8,0.0032415496232879914,0.07990740169354299,0.04537333926128273,0.007107125482511201,0.024451445453540614,0.02835196719336674,0.004370599482650529,30,17,0.025150176975420855,0.12054167344638132,False,False,1.6605687162493996e-06,COMPLETE
392,0.6322849541902542,2025-03-02 22:27:35.595208,2025-03-02 22:29:24.818464,0 days 00:01:49.223256,0.31644170322861015,0.40103632583178933,8,0.008215379916062703,0.07772736012923888,0.04797984972451203,0.005320883699560752,0.015897640856972695,0.03647932659215486,0.0030919564238136277,30,16,0.02790610994842188,0.1256110445757227,False,False,1.2496021803567406e-06,COMPLETE
393,0.7500853091478348,2025-03-02 22:29:24.829968,2025-03-02 22:31:15.607246,0 days 00:01:50.777278,0.29905834479539073,0.41720051789980345,8,0.0031089070254758785,0.08036613018806485,0.04358057565889546,0.0011559688012719367,0.0147964052778912,0.024482221744718907,0.0038935736153892847,30,18,0.035451497842393126,0.11369120681810466,False,False,1.0898589446163932e-06,COMPLETE
394,0.6556847602128982,2025-03-02 22:31:15.618661,2025-03-02 22:33:06.544763,0 days 00:01:50.926102,0.30121704189717946,0.4208283845923873,8,0.004994151748154124,0.075008364677128,0.05069515207456722,0.0021186755823263633,0.013915161517700876,0.024762727063664336,0.003853642828977883,30,18,0.025127057590913538,0.11090773264002737,False,False,1.0415315986223426e-06,COMPLETE
395,0.6061396896839142,2025-03-02 22:33:06.557157,2025-03-02 22:34:45.244669,0 days 00:01:38.687512,0.33931015692213123,0.4493034650011052,8,0.0029171295529024505,0.07989411978551711,0.043718462361703445,0.001649902000512191,0.017236070505488463,0.030206814049500368,0.005121386298722499,30,18,0.030608692806122034,0.11703701364618688,True,False,1.369548004259097e-06,COMPLETE
396,0.5445034980773926,2025-03-02 22:34:45.256162,2025-03-02 22:36:36.044178,0 days 00:01:50.788016,0.3100523171567647,0.367164355778676,8,0.025966369535280913,0.07798770580337581,0.045761401345406086,0.007415956158209093,0.02170878444180442,0.02103512821986699,0.007371142842747045,30,17,0.034604063519763306,0.12965308933476863,False,False,1.1750484737651195e-06,COMPLETE
397,0.6262201815843582,2025-03-02 22:36:36.055692,2025-03-02 22:38:26.146232,0 days 00:01:50.090540,0.3696016457587078,0.41574761451515013,8,0.0070928761948037475,0.0805742081207303,0.04301104456966737,0.00401209127739056,0.014980905891460746,0.026083680581312,0.004288841468084251,30,16,0.026337674237945325,0.12322504331062872,False,False,1.0060603044227476e-06,COMPLETE
398,0.6675139039754867,2025-03-02 22:38:26.159054,2025-03-02 22:40:17.414746,0 days 00:01:51.255692,0.34959849131164417,0.43645941087558887,8,0.004501369691386554,0.07666251106661796,0.049173381954673065,0.00626734710148201,0.013116059106576365,0.033353338036295005,0.005866132198688317,30,19,0.024084270373019113,0.1331440984846448,False,False,1.789043559481981e-06,COMPLETE
399,0.7946551829576493,2025-03-02 22:40:17.426345,2025-03-02 22:42:08.119788,0 days 00:01:50.693443,0.32755712820463123,0.3938837719197918,8,0.002881058233201748,0.07942097016183469,0.050748454170735126,0.0012549963679118906,0.0185438414985353,0.023041449915100962,0.003005306013209044,30,18,0.02916408374198017,0.10080118502270341,False,False,1.4963633388921404e-06,COMPLETE
