number,value,datetime_start,datetime_complete,duration,params_alpha-eval,params_alpha-train,params_batch-size,params_eps-eval,params_eps-train,params_lambda-actions-eval,params_lambda-actions-train,params_lambda-frames-eval,params_lambda-frames-train,params_learning-rate,params_n-epochs,params_n-frames,params_radius-gw,params_rho,params_std-feats,params_ub-actions,params_ub-frames,params_weight-decay,state
1877,0.5659242868423462,2025-04-07 07:19:14.405416,2025-04-07 07:19:36.789083,0 days 00:00:22.383667,0.15754573379470527,0.131084829477417,2,0.062439639034087766,0.06576686547736924,0.08148473734977948,0.08299835905673958,0.01883373177855137,0.0767092741506619,0.005255258035019748,25,88,0.08986850427012248,0.10704223949801886,True,False,False,1.764748380297931e-08,COMPLETE
1878,0.6063367843627929,2025-04-07 07:19:37.412953,2025-04-07 07:20:00.678044,0 days 00:00:23.265091,0.4217535180898563,0.1779735163176913,2,0.03630451247314097,0.04579418976317426,0.07703617606660597,0.05071620332574406,0.09549631284107436,0.08387882636749702,0.008246345852312462,27,81,0.0968669088643978,0.18333879146328383,False,False,False,1.2464329526284995e-08,COMPLETE
1879,0.6066107630729676,2025-04-07 07:20:01.276573,2025-04-07 07:20:24.205981,0 days 00:00:22.929408,0.5066830314742343,0.10273390905977,2,0.06002037362366348,0.05598740091400902,0.07321940136894611,0.09371843847026862,0.09851088717885174,0.08044962684969907,0.010181155612461308,26,84,0.0915821509760274,0.11974057451077894,False,False,False,2.3322629771846462e-08,COMPLETE
1880,0.6103045821189881,2025-04-07 07:20:24.825140,2025-04-07 07:20:35.353216,0 days 00:00:10.528076,0.12179038909953552,0.1475513951562534,8,0.04758446629651873,0.026951103686730555,0.0694746925231335,0.08815860117890931,0.0999392429664428,0.08283296016845731,0.006112041664761311,25,88,0.09809713841901242,0.17434335316012356,False,False,False,1.57508494579057e-08,COMPLETE
1881,0.6146716117858887,2025-04-07 07:20:35.954250,2025-04-07 07:21:00.296919,0 days 00:00:24.342669,0.1044981053441079,0.12177661042017571,2,0.014368053952265994,0.03518015043902828,0.07141313537807881,0.0963105040765771,0.012017782976951283,0.0755974329002768,0.007304304613943666,28,75,0.0942901092523356,0.11062796361336509,False,False,False,1.2329302208482123e-08,COMPLETE
1882,0.5504970550537109,2025-04-07 07:21:00.918479,2025-04-07 07:21:08.356817,0 days 00:00:07.438338,0.055741075133963786,0.18949670135863964,16,0.0547150263540556,0.051401999546638114,0.07586439853017267,0.09850971604318609,0.09673352401381285,0.07950378600876802,0.012986496394873195,11,93,0.08810155952593111,0.126249514203002,False,False,False,1.994647125612526e-08,COMPLETE
1883,0.351308411359787,2025-04-07 07:21:08.951986,2025-04-07 07:21:29.741697,0 days 00:00:20.789711,0.07825664671309175,0.16437305395088828,2,0.02247223776778777,0.04414254686704952,0.07391827154894065,0.044240450861754405,0.09325304659281722,0.0850741316145389,0.005128653732748367,27,85,0.09062098568985481,0.20578167815296144,False,False,True,1.483164289098176e-08,COMPLETE
1884,0.45588874220848086,2025-04-07 07:21:30.367014,2025-04-07 07:21:53.099490,0 days 00:00:22.732476,0.8838482425188956,0.14727173757551193,2,0.06300670276879858,0.039178623212663834,0.07964093182788864,0.08533770282850836,0.09571283987158187,0.08229654158090957,0.010762754842891102,26,81,0.09622044467404933,0.13800107256978614,False,False,False,1.2170050466961113e-08,COMPLETE
1885,0.5760823607444764,2025-04-07 07:21:53.699321,2025-04-07 07:22:17.424514,0 days 00:00:23.725193,0.13659964703621297,0.08625019820807298,2,0.04279180887432191,0.059559878301090344,0.0722059788921614,0.091091133857143,0.09704433889443505,0.08689216445730892,0.034826884935837674,27,91,0.0930747560798154,0.16580960738411532,True,False,False,2.7779895406795485e-08,COMPLETE
1886,0.11833894848823548,2025-04-07 07:22:18.018277,2025-04-07 07:22:37.457990,0 days 00:00:19.439713,0.1090575373290801,0.21008780127326593,2,0.06578237916426395,0.04937449959884924,0.027806418999808628,0.09491616353166576,0.09991138568122912,0.07871847372752985,0.00807215416839332,25,87,0.08535890586260404,0.10279639092913777,False,True,False,1.723721661615218e-08,COMPLETE
1887,0.6140810012817384,2025-04-07 07:22:38.073572,2025-04-07 07:23:03.223183,0 days 00:00:25.149611,0.08653329541979535,0.11522510253010407,2,0.05144602506699529,0.020802294161877417,0.0774239626892916,0.08910686229873999,0.016359336531760166,0.0897155302876065,0.006315739878478585,29,79,0.09996521420614621,0.11514115667703763,False,False,False,3.652260634122305e-08,COMPLETE
1888,0.6467249393463135,2025-04-07 07:23:03.848441,2025-04-07 07:23:26.827635,0 days 00:00:22.979194,0.1533065148088556,0.13292896189274692,2,0.02733104470563986,0.030981929004603906,0.06859383775978173,0.09218242993702522,0.09995915899615457,0.08168846201738683,0.00939656710173984,26,83,0.09500925330043905,0.1224604933675067,False,False,False,2.3298354721639998e-08,COMPLETE
1889,0.6280279278755189,2025-04-07 07:23:27.425844,2025-04-07 07:23:50.275063,0 days 00:00:22.849219,0.19335133881117522,0.17116460642982928,2,0.03457723998798414,0.0428714172703408,0.07461041861731282,0.09368405727181582,0.09230990933471814,0.08450597807912258,0.00519128918808519,26,89,0.08881813885961522,0.09881391400351992,False,False,False,1.2084924989449764e-08,COMPLETE
1890,0.6852407932281495,2025-04-07 07:23:50.898341,2025-04-07 07:24:15.175230,0 days 00:00:24.276889,0.032699304050454056,0.10198723450859239,2,0.058386916731908704,0.05586846178642773,0.0704459335099446,0.04685364595478618,0.020962566340555662,0.08103062669978858,0.0067361182861751705,28,86,0.09204595782644832,0.13195269984224844,False,False,False,1.613511475831019e-08,COMPLETE
1891,0.4879981875419617,2025-04-07 07:24:15.771354,2025-04-07 07:24:40.783614,0 days 00:00:25.012260,0.018217837277355313,0.06722828819716262,2,0.06884340409253209,0.07146708467159503,0.06666616296353602,0.044220960203543325,0.020227358347939883,0.07603964779599973,0.00829483554949482,29,94,0.09670361938368675,0.1411639303839642,False,False,False,2.9210956826085874e-08,COMPLETE
1892,0.6102980136871338,2025-04-07 07:24:41.402086,2025-04-07 07:25:06.124307,0 days 00:00:24.722221,0.04724789455727743,0.08770924272984185,2,0.06344778733977666,0.06730136863566878,0.06803936192553389,0.0471702567797893,0.022817688917182544,0.077906884252448,0.007573768579312352,29,90,0.09391796491636294,0.1324162500084824,False,False,False,2.368317111507192e-08,COMPLETE
1893,0.6091669797897339,2025-04-07 07:25:06.752903,2025-04-07 07:25:31.102132,0 days 00:00:24.349229,0.030442877841278713,0.06861502105049816,2,0.1917028504705767,0.06004734699780514,0.06667288759437802,0.04192913288429533,0.01674305961951876,0.07476054082100483,0.010520663744156498,28,86,0.09825285514508003,0.13983424553535384,True,False,False,2.149707976107016e-08,COMPLETE
1894,0.3588945329189301,2025-04-07 07:25:31.699647,2025-04-07 07:25:52.716102,0 days 00:00:21.016455,0.060840819077869764,0.06441579124511584,2,0.07150990873087297,0.08113366357300952,0.06418234593954261,0.04531456172791706,0.08865094734350432,0.07929028894472752,0.008561175562496321,28,92,0.09497548605420751,0.13963057115939068,False,False,True,3.384839512545881e-08,COMPLETE
1895,0.34196569323539733,2025-04-07 07:25:53.337787,2025-04-07 07:26:14.500281,0 days 00:00:21.162494,0.03475781376589422,0.08133754862433523,2,0.060788702012520714,0.06165286502518941,0.06943613730452172,0.09843916576318669,0.01462106215489005,0.0773486133804758,0.006813830930937111,28,88,0.0929547937262292,0.13629911138289322,False,True,False,1.6440364636736222e-07,COMPLETE
1896,0.6146364212036133,2025-04-07 07:26:15.099579,2025-04-07 07:26:39.991452,0 days 00:00:24.891873,0.026148505694284764,0.09182474607389786,2,0.06786261250226855,0.06597631000150289,0.06987822596419258,0.0526922587307562,0.018436006744157744,0.08045699516202452,0.0006047257962635808,29,97,0.0916940561459409,0.13559806876159886,False,False,False,1.9195694940406405e-08,COMPLETE
1897,0.6803827166557312,2025-04-07 07:26:40.612906,2025-04-07 07:27:04.626208,0 days 00:00:24.013302,0.02514238935771361,0.09848255233866693,2,0.05804486948342262,0.05549164660302868,0.06921702303212303,0.04826032065437938,0.02504494446813861,0.079488599844574,0.009197742949907215,28,83,0.09634009825667651,0.1336786048993856,False,False,False,2.6538067343091063e-08,COMPLETE
1898,0.6265367031097412,2025-04-07 07:27:05.240636,2025-04-07 07:27:29.949316,0 days 00:00:24.708680,0.029331874284710284,0.05372021290703541,2,0.05623228130174015,0.06411513802333128,0.06538136689963642,0.04795717237818655,0.0228667945429515,0.07665322342654357,0.010900671258655858,29,76,0.09855431827221477,0.13171997661027887,False,False,False,2.742002523464409e-08,COMPLETE
1899,0.6282845616340638,2025-04-07 07:27:30.572011,2025-04-07 07:27:54.695312,0 days 00:00:24.123301,0.017969488205869168,0.05749534424899732,2,0.04812660042532002,0.06480300493099711,0.06713780860883564,0.04797062133898738,0.021359251850177494,0.07808755815532765,0.012948373826378888,28,72,0.0985048847539434,0.14274440039228156,False,False,False,3.0949871093244396e-08,COMPLETE
1900,0.6129976749420166,2025-04-07 07:27:55.325070,2025-04-07 07:28:19.540824,0 days 00:00:24.215754,0.016233688462535478,0.08116488786967879,2,0.05675437287829552,0.06996150843401944,0.06494312013695462,0.04572005473679785,0.02004849628766723,0.08111132531247363,0.009698302544854282,28,79,0.09575626681758861,0.13950222080814828,False,False,False,4.075373920186756e-08,COMPLETE
1901,0.33000341653823856,2025-04-07 07:28:20.147085,2025-04-07 07:28:44.375755,0 days 00:00:24.228670,0.012325468382844904,0.05287724605082405,2,0.0009546337568450726,0.07512087849816458,0.0633240421049613,0.04566736383491318,0.020250687983201076,0.07895390180226275,0.009544022880979757,28,79,0.0961136649474077,0.13580486411721532,True,False,False,3.729672729411685e-08,COMPLETE
1902,0.6165419816970825,2025-04-07 07:28:45.009316,2025-04-07 07:28:56.208446,0 days 00:00:11.199130,0.03993162134177999,0.06894968483477093,8,0.05103366039000369,0.07032338529747613,0.06805315988335757,0.049705009696627056,0.019933494365286342,0.0736240895801368,0.01172921005607611,29,76,0.0969020197373327,0.14158584020918139,False,False,False,4.0844416387036014e-08,COMPLETE
1903,0.6339868187904358,2025-04-07 07:28:56.814496,2025-04-07 07:29:21.399571,0 days 00:00:24.585075,0.04264995557584181,0.0871869695635507,2,0.039202039588710276,0.06256385821425484,0.06515685314987663,0.04865541113711042,0.01917260594726502,0.08116999438050333,0.01484892793650212,29,81,0.09492644514049006,0.14073166555732822,False,False,False,2.618777163278104e-08,COMPLETE
1904,0.6457943797111512,2025-04-07 07:29:22.020848,2025-04-07 07:29:46.129273,0 days 00:00:24.108425,0.0102719839912392,0.07783945649183277,2,0.058600263892094655,0.06021018462706741,0.06729439179050672,0.04313681150200855,0.018695242963435745,0.07564008975693201,0.00904515901151635,28,82,0.09769248985049536,0.13406758145145972,False,False,False,5.518747309102548e-08,COMPLETE
1905,0.6160771131515503,2025-04-07 07:29:46.759413,2025-04-07 07:29:55.864759,0 days 00:00:09.105346,0.04602573950091496,0.09886130636236329,16,0.0455569469114135,0.05902498805629339,0.06843734802166922,0.046429333092658225,0.024606605894593486,0.08320658305366672,0.01152512853192196,28,78,0.09814159405053012,0.13871425491864275,False,False,False,4.425355657903111e-08,COMPLETE
1906,0.3453726649284363,2025-04-07 07:29:56.469696,2025-04-07 07:30:18.271310,0 days 00:00:21.801614,0.035898027382271616,0.6691003852456147,2,0.02300200734770296,0.056259360262414584,0.06272483743963171,0.04873798288812904,0.024445327014717695,0.013813260152385223,0.00867022908428517,29,74,0.09569219485631124,0.1418986083892187,False,False,True,3.249015847352284e-08,COMPLETE
1907,0.37232564687728886,2025-04-07 07:30:18.913729,2025-04-07 07:30:39.998149,0 days 00:00:21.084420,0.029490054788596478,0.07230364682312987,2,0.05698484400055753,0.0739030306686322,0.06900394394616854,0.083071041349453,0.01723117701673165,0.07931808708732288,0.010066596904864895,28,83,0.09692078021142425,0.13390509501154021,False,True,False,3.2734153217974876e-08,COMPLETE
1908,0.6276464462280275,2025-04-07 07:30:40.610570,2025-04-07 07:31:04.824642,0 days 00:00:24.214072,0.01206143960041469,0.09342688339069058,2,0.04321695742402317,0.057107751723908376,0.06601941155971236,0.047348833772155624,0.01971040820637035,0.05010114094782404,0.013354690575404747,28,82,0.09865203301493015,0.135461760061487,False,False,False,2.5759710660315738e-08,COMPLETE
1909,0.4304506361484528,2025-04-07 07:31:05.453332,2025-04-07 07:31:30.456052,0 days 00:00:25.002720,0.03962127752499423,0.09752903931560632,2,0.016434232794969465,0.29989806936880814,0.06700520485391773,0.04458518181682442,0.02219073712034273,0.09236823355704427,0.007937810164246545,29,78,0.09988062229930339,0.13887351056451483,True,False,False,2.732690035941504e-08,COMPLETE
1910,0.6279054760932923,2025-04-07 07:31:31.067929,2025-04-07 07:31:55.361252,0 days 00:00:24.293323,0.03327748541055704,0.059284366073233896,2,0.030436627219997504,0.05559437127316342,0.06948905012903332,0.047042568990963214,0.09042011472297591,0.019381116098589432,0.010674220392990217,28,69,0.09432480247545756,0.1324847949823068,False,False,False,2.4453709961127056e-08,COMPLETE
1911,0.6163028120994568,2025-04-07 07:31:55.991389,2025-04-07 07:32:20.750354,0 days 00:00:24.758965,0.025884502605846425,0.09759889327613644,2,0.0611196100825999,0.0661158684300365,0.06970018454737281,0.049286486968565676,0.022797895971005445,0.08114586409018266,0.008349308249006282,29,81,0.09590956593940042,0.13131339023747463,False,False,False,3.532673281125e-08,COMPLETE
1912,0.34055684208869935,2025-04-07 07:32:21.356853,2025-04-07 07:32:45.565515,0 days 00:00:24.208662,0.03863719392838047,0.07372270627306175,2,0.05190767734946089,0.14306224841448723,0.06791105492019764,0.04304717242661909,0.022434416546375187,0.08837967589511236,0.09674803962204302,28,83,0.09337494224842169,0.13973193028663303,False,False,False,2.5323370063953813e-08,COMPLETE
1913,0.4717255830764771,2025-04-07 07:32:46.202341,2025-04-07 07:33:10.802140,0 days 00:00:24.599799,0.023633209755307003,0.10237737742812042,2,0.007687197193210583,0.06291956903102294,0.07046503821180435,0.0469556786347081,0.013153357277427651,0.07712384952757854,0.01788512960561286,29,84,0.09688912413939527,0.1429843549665286,False,False,False,3.064559950284096e-08,COMPLETE
1914,0.6150070548057556,2025-04-07 07:33:11.413840,2025-04-07 07:33:35.632019,0 days 00:00:24.218179,0.01469916984144231,0.10055807021005647,2,0.034918673489825136,0.05505724889754812,0.06609411166343954,0.04552443251172922,0.021615016253050838,0.0854781790699873,0.007561837383540514,28,78,0.09449762919865234,0.13112304394253818,False,False,False,2.2086468648360182e-08,COMPLETE
1915,0.6642373561859132,2025-04-07 07:33:36.264734,2025-04-07 07:34:00.376660,0 days 00:00:24.111926,0.023102120186733306,0.08130746757543941,2,0.05182247651633402,0.05572101762926753,0.0709144480220931,0.0838114709586925,0.07944122014700068,0.08303372724246204,0.012886075004802697,28,85,0.09696927331858415,0.133447942099749,False,False,False,2.2899053510617754e-08,COMPLETE
1916,0.6142346858978271,2025-04-07 07:34:00.985445,2025-04-07 07:34:25.989982,0 days 00:00:25.004537,0.011952584685910029,0.10530608085006408,2,0.06340061413123545,0.062436973458353785,0.06831888996025813,0.048188867352155315,0.0208575075814668,0.07995337240224958,0.009398287783410411,29,81,0.09329478763505307,0.12997590092335068,False,False,False,4.736799239894257e-08,COMPLETE
1917,0.559781301021576,2025-04-07 07:34:26.627261,2025-04-07 07:34:47.911029,0 days 00:00:21.283768,0.010973834510891907,0.10977846802468294,2,0.04133984882109107,0.05177301976158861,0.061900289448333104,0.04046195732831793,0.02797000641379837,0.0846244516977323,0.010856356103993757,28,85,0.0950900748994286,0.1303442583895727,True,False,True,2.089651465412461e-08,COMPLETE
1918,0.09159234166145325,2025-04-07 07:34:48.526842,2025-04-07 07:35:08.887309,0 days 00:00:20.360467,0.014125767707452587,0.08292780581997372,2,0.02643192868279754,0.06840038506667413,0.07069717024658945,0.05175200339491638,0.024304466033455218,0.07800460458779462,0.008687064076963569,27,81,0.09734086845752356,0.13861733780553617,False,True,False,2.9614246176420937e-08,COMPLETE
1919,0.49529803991317756,2025-04-07 07:35:09.520176,2025-04-07 07:35:34.287795,0 days 00:00:24.767619,0.03450816393936981,0.10960679879469228,2,0.07154217934017967,0.05642630094309551,0.06896751777896444,0.04929973615939551,0.023614628735341498,0.08175358549277936,0.00043461411900551697,29,84,0.09831455029696598,0.28504561281008234,False,False,False,2.268048277954082e-08,COMPLETE
1920,0.48395996093750004,2025-04-07 07:35:34.898902,2025-04-07 07:35:58.930683,0 days 00:00:24.031781,0.04815509815187281,0.8387860529203848,2,0.05717738069907576,0.09392999876076832,0.07081783202093658,0.05129019172653039,0.026142037144458362,0.08742761476224654,0.014550778818734284,28,77,0.09332249375622975,0.12982521345988735,False,False,False,2.0344085647516e-08,COMPLETE
1921,0.6538059711456299,2025-04-07 07:35:59.569274,2025-04-07 07:36:23.685613,0 days 00:00:24.116339,0.02981709136540154,0.05759857383177383,2,0.04757753773096334,0.05175334090665661,0.06617221576833979,0.050785879332114994,0.0226058415074485,0.07384824875024952,0.007040340233550135,28,86,0.09481858155467249,0.13613960444341208,False,False,False,4.03350969722278e-08,COMPLETE
1922,0.6237970352172852,2025-04-07 07:36:24.298413,2025-04-07 07:36:48.473724,0 days 00:00:24.175311,0.04298384303195233,0.08632301455630598,2,0.066460235784622,0.06230162970152195,0.07051488906754354,0.04952460716851783,0.017735672045742706,0.09104875541547716,0.007792738008386802,28,83,0.09238782905732179,0.1278375744596962,False,False,False,2.6536161818274182e-08,COMPLETE
1923,0.614017128944397,2025-04-07 07:36:49.103880,2025-04-07 07:37:03.661061,0 days 00:00:14.557181,0.010117965474972831,0.10869234166880051,2,0.020184004724848638,0.05370182108435209,0.06459571796221353,0.043865989441590106,0.020677440230005794,0.0802891975614508,0.010202615008569624,12,80,0.09993840009742992,0.13429711866653823,False,False,False,1.976117595856228e-08,COMPLETE
1924,0.612917709350586,2025-04-07 07:37:04.269523,2025-04-07 07:37:15.453069,0 days 00:00:11.183546,0.04919213702387932,0.11217441062158376,8,0.033382267661884665,0.05627075756936421,0.068303033527366,0.04689264570243503,0.02072826484427685,0.08338316675458077,0.007423719115331069,29,86,0.09594260879803843,0.12864409080998135,False,False,False,8.207580886737025e-06,COMPLETE
1925,0.6237247109413148,2025-04-07 07:37:16.084494,2025-04-07 07:37:41.080393,0 days 00:00:24.995899,0.010749568940872384,0.1171475293461333,2,0.06186158212160721,0.05173888709079513,0.070598339336126,0.04623438668098304,0.025041612229455938,0.07589918480622168,0.009657764406867702,29,73,0.09228794917452522,0.14200471595886352,True,False,False,3.130843506615778e-08,COMPLETE
1926,0.6092760682106018,2025-04-07 07:37:41.717691,2025-04-07 07:38:05.987994,0 days 00:00:24.270303,0.04301058641963775,0.09136040973984091,2,0.05516482141997936,0.059677613528754204,0.06776059878521629,0.041923324352998184,0.015134286988113315,0.07872213450089897,0.011775342956716964,28,80,0.09469739433526751,0.24378735962862308,False,False,False,1.907369857034898e-08,COMPLETE
1927,0.6121188402175903,2025-04-07 07:38:06.599030,2025-04-07 07:38:15.707616,0 days 00:00:09.108586,0.03190718111137625,0.07077964587077748,16,0.0742651832990327,0.05101775684092117,0.07168588815853966,0.050782906859737145,0.018044048888084932,0.08212927761219466,0.007149002499673851,28,58,0.09826626769214261,0.12646955662105114,False,False,False,2.3019512724852144e-08,COMPLETE
1928,0.35904332995414734,2025-04-07 07:38:16.344822,2025-04-07 07:38:37.793569,0 days 00:00:21.448747,0.053054703745479374,0.2520705563628973,2,0.0400072887698464,0.07556496072743568,0.061157379766316716,0.04559235460891796,0.016986033506387797,0.08596470306838384,0.015950852498002464,28,87,0.09640630460258827,0.1350616050558001,False,False,True,1.7643676322551984e-08,COMPLETE
1929,0.09159234166145325,2025-04-07 07:38:38.412986,2025-04-07 07:39:00.100470,0 days 00:00:21.687484,0.055507142696204236,0.11921237912831951,2,0.06919993503230347,0.048985261625265786,0.06942455355973938,0.04997634639752747,0.02182542162446675,0.0839124285860285,0.00903414620180997,29,83,0.09352069473716075,0.14468481502432842,False,True,False,2.6105740288924912e-08,COMPLETE
1930,0.6095915079116822,2025-04-07 07:39:00.735514,2025-04-07 07:39:24.666901,0 days 00:00:23.931387,0.03266327529067493,0.12109798312051484,2,0.01503455885887571,0.06720431316311902,0.07168626657530139,0.048467944041816056,0.02139696781405871,0.08077005350819588,0.006724164609856549,28,76,0.09195451365479071,0.19543649960196338,False,False,False,6.638836801470765e-08,COMPLETE
1931,0.4989296317100525,2025-04-07 07:39:25.278771,2025-04-07 07:39:49.386310,0 days 00:00:24.107539,0.056985496898310506,0.10194859956023795,2,0.08381900297204439,0.06023662019697342,0.07184846372022931,0.044134675912165605,0.018385664400863696,0.08656249833402,0.011956021584454853,28,87,0.09644976009458235,0.22630289821919602,False,False,False,1.878088232703837e-08,COMPLETE
1932,0.4973742008209229,2025-04-07 07:39:50.020978,2025-04-07 07:40:14.950766,0 days 00:00:24.929788,0.051672370407421606,0.08671949410802651,2,0.027821772058652713,0.049161249266123884,0.06819847677348337,0.08098300995997267,0.02624681653401055,0.07771972307209732,0.00885291086300269,29,84,0.09451657272382574,0.26853003474565074,False,False,False,1.8641395767272128e-08,COMPLETE
