number,value,datetime_start,datetime_complete,duration,params_alpha-eval,params_alpha-train,params_batch-size,params_eps-eval,params_eps-train,params_lambda-actions-eval,params_lambda-actions-train,params_lambda-frames-eval,params_lambda-frames-train,params_learning-rate,params_n-epochs,params_n-frames,params_radius-gw,params_rho,params_std-feats,params_ub-actions,params_ub-frames,params_weight-decay,state
951,0.09159234166145325,2025-04-20 16:29:02.723086,2025-04-20 16:29:10.173608,0 days 00:00:07.450522,0.9850814729315154,0.0830466479989105,16,0.253932765340632,0.09534081647361485,0.09765909257697172,0.0763222816961057,0.017660295645870055,0.09286605815429622,0.0011046489156989912,13,128,0.0227883552789386,0.291821718684482,False,True,True,2.304427375526595e-08,COMPLETE
952,0.5675140738487244,2025-04-20 16:29:10.482977,2025-04-20 16:29:18.504817,0 days 00:00:08.021840,0.9410108071536729,0.06722052363759193,16,0.25039638282818305,0.08649984424145166,0.09994838886671711,0.08106839448747023,0.011673127756618074,0.09116441872070441,0.0009055446881454581,13,133,0.02813801544802584,0.2999334977127247,False,False,False,5.594518018288583e-08,COMPLETE
953,0.31621847152709964,2025-04-20 16:29:18.815518,2025-04-20 16:29:26.636974,0 days 00:00:07.821456,0.9637512021135519,0.057180886229449744,16,0.2563081407510955,0.10283538977005274,0.09835710048152828,0.07781722653772456,0.01557813778197491,0.09529735934581629,0.0015947519758352487,11,132,0.02241448574645597,0.2902505284804339,False,False,False,1.9398061330707016e-08,COMPLETE
954,0.6440731287002563,2025-04-20 16:29:26.933757,2025-04-20 16:29:34.884986,0 days 00:00:07.951229,0.946972941754083,0.09206018639859279,16,0.2633626818096402,0.09029380912573272,0.09761627618288124,0.07422432776416747,0.016662634262431014,0.0899711660969661,0.0008085584789837874,12,134,0.021914006510947215,0.2905980494837094,False,False,False,3.4934289815354494e-08,COMPLETE
955,0.6215711832046509,2025-04-20 16:29:35.194395,2025-04-20 16:29:43.185819,0 days 00:00:07.991424,0.9357662036588202,0.09558044951549118,16,0.262458373912124,0.09948138482974715,0.09748638758417257,0.0740205768372064,0.016901397893244515,0.09474680735927916,0.0008599634345353159,13,127,0.023317783310014335,0.29007209901862313,False,False,False,3.637555506693676e-08,COMPLETE
956,0.5226855278015137,2025-04-20 16:29:43.495928,2025-04-20 16:29:51.571650,0 days 00:00:08.075722,0.9991896098221302,0.09332617385971534,16,0.2551646534835094,0.09456236853633712,0.09798003366351535,0.07403157082733296,0.01258357836370973,0.09039996932791637,0.0007928621722874526,12,131,0.026970093418704672,0.28997784054928966,True,False,False,1.7415249759737954e-08,COMPLETE
957,0.5906033992767334,2025-04-20 16:29:51.884285,2025-04-20 16:29:59.720138,0 days 00:00:07.835853,0.9263263437262829,0.08946641922571676,16,0.2661453887354403,0.10298794815699389,0.09683157529597931,0.07698642487646207,0.015034303537829745,0.09406300595010969,0.0009900624587097985,11,134,0.02528127864708448,0.2937824589076205,False,False,False,3.233422681722297e-08,COMPLETE
958,0.6446526050567627,2025-04-20 16:30:00.034196,2025-04-20 16:30:07.979196,0 days 00:00:07.945000,0.9278833328242058,0.08853737820318869,16,0.2708826325578629,0.08968824514904983,0.09997180878599941,0.07421574893759951,0.019002204457996587,0.09456901316411659,0.0007679806587410448,12,132,0.02223341739495749,0.2940913631190695,False,False,False,2.7048721856845665e-08,COMPLETE
959,0.6243961453437805,2025-04-20 16:30:08.276508,2025-04-20 16:30:16.175940,0 days 00:00:07.899432,0.9222997240870946,0.09685350684661828,16,0.2768089510873499,0.0917940069347551,0.09984063234930285,0.07336039095812909,0.016240214268988244,0.09363094745095461,0.0008349085993086847,12,126,0.02355309566492784,0.29469642968216625,False,False,False,2.4631080975777038e-08,COMPLETE
960,0.5804760456085205,2025-04-20 16:30:16.488070,2025-04-20 16:30:24.375627,0 days 00:00:07.887557,0.9281649027649348,0.08980347012233993,16,0.28097191982269565,0.09667204979691113,0.09994578779322591,0.07478208761149673,0.020329678448301962,0.0953100526509776,0.0007522244393188405,12,128,0.025938911603444893,0.29959833558774857,False,False,False,2.5266073411405427e-08,COMPLETE
961,0.6409621119499207,2025-04-20 16:30:24.688265,2025-04-20 16:30:32.596767,0 days 00:00:07.908502,0.9213176792408249,0.08313521410369513,16,0.2670218439742954,0.0891662703889522,0.09737377361291982,0.07325340748032512,0.019250030529660914,0.09887984467638142,0.0007552019376067833,12,131,0.022753455293804056,0.2893727115311335,False,False,False,2.7229167270694643e-08,COMPLETE
962,0.5870529294013977,2025-04-20 16:30:32.912346,2025-04-20 16:30:40.696580,0 days 00:00:07.784234,0.9388918093985934,0.10145306749215979,16,0.267408851807142,0.09023475078072539,0.09755876447734563,0.0730947702521381,0.01940419990392874,0.09809951047795389,0.0007543773671800148,11,130,0.024151611447868277,0.29001333972257803,False,False,False,2.780059420266583e-08,COMPLETE
963,0.5209864377975464,2025-04-20 16:30:41.010558,2025-04-20 16:30:49.105076,0 days 00:00:08.094518,0.9486704481029931,0.30149023321208424,16,0.2732815585249678,0.09125276202312099,0.09988300284207878,0.07623584485249545,0.017968643299747986,0.09218158043400297,0.0008076393872917534,13,130,0.02477340011487287,0.28905088273610774,False,False,False,1.8953099105306097e-08,COMPLETE
964,0.5722851276397705,2025-04-20 16:30:49.408386,2025-04-20 16:30:57.417683,0 days 00:00:08.009297,0.923644261185329,0.09238299472893892,16,0.27334410195163433,0.09992157610699703,0.09823013349094428,0.07304747548156341,0.014093776680328716,0.09917947017626835,0.0007678903423033026,13,128,0.026797869900162752,0.2953371955279878,False,False,False,2.1524582612981046e-08,COMPLETE
965,0.542390251159668,2025-04-20 16:30:57.731386,2025-04-20 16:31:05.672605,0 days 00:00:07.941219,0.9198247037522265,0.10254699118597443,16,0.2656196713352232,0.10536327492920777,0.09695036959958342,0.07586244777861505,0.01896095875510448,0.09634197039530858,0.0010638318375516575,12,123,0.02230238393250037,0.2889539124830389,False,False,False,2.987201101359553e-08,COMPLETE
966,0.612371277809143,2025-04-20 16:31:05.987256,2025-04-20 16:31:13.894283,0 days 00:00:07.907027,0.9417586674348206,0.07974042699437431,16,0.26336383029467664,0.08874068484928263,0.09816157199509908,0.07477278841970783,0.016240355910434073,0.09762446407832646,0.0009046415118651445,12,131,0.024569451595191166,0.29200571476410425,False,False,False,3.630176527745976e-08,COMPLETE
967,0.5662996172904968,2025-04-20 16:31:14.209245,2025-04-20 16:31:21.968642,0 days 00:00:07.759397,0.919823776353683,0.0830257930093424,16,0.26140954617923856,0.09364439787572401,0.09651628312965913,0.07757915919357725,0.01878506023680724,0.09728715878643598,0.0007237140863661166,11,132,0.026188812103072827,0.2960892843697741,False,False,False,1.3255332806950544e-08,COMPLETE
968,0.5505162477493286,2025-04-20 16:31:22.287392,2025-04-20 16:31:30.299454,0 days 00:00:08.012062,0.9505143963411765,0.10861343802118484,16,0.2697161205374025,0.09766243734240751,0.09971852690638425,0.07241647598876272,0.014574702662476183,0.09903240911152027,0.0009589407443983736,13,124,0.028671308136435387,0.29971077822318953,False,False,False,3.8784602801953104e-08,COMPLETE
969,0.09383717775344849,2025-04-20 16:31:30.599919,2025-04-20 16:31:38.087650,0 days 00:00:07.487731,0.918025477400417,0.07707787038602552,16,0.2650915642445767,0.08713476807777,0.09634662242385192,0.07424544367297176,0.021012475608853262,0.09709322397622865,0.0007572623124446461,12,125,0.022398792496419868,0.28789247923812666,False,False,True,4.200298436967551e-08,COMPLETE
970,0.6377503275871277,2025-04-20 16:31:38.400189,2025-04-20 16:31:46.511094,0 days 00:00:08.110905,0.9637401155299526,0.10237367531497246,16,0.26072027224403843,0.10577077873763975,0.0999663199193506,0.07252619802639815,0.009257090584064322,0.0997180592747175,0.0008585366723271614,13,133,0.022293872153422413,0.29351793694935485,False,False,False,1.4284004522905907e-08,COMPLETE
971,0.21299325823783877,2025-04-20 16:31:46.827903,2025-04-20 16:31:54.302694,0 days 00:00:07.474791,0.9749990791040763,0.10791293569099675,16,0.28099149631180503,0.10692668583664237,0.0995229406730042,0.07259082248596678,0.011141097962233795,0.09857110132345519,0.0010983759778544248,13,128,0.022906301119824696,0.29387686427165216,False,True,False,1.639855331742987e-08,COMPLETE
972,0.5948276281356812,2025-04-20 16:31:54.618163,2025-04-20 16:32:02.568001,0 days 00:00:07.949838,0.9660947612392872,0.1032650808490853,16,0.25937449741008506,0.1023291932941963,0.09755828879318831,0.07220334220405887,0.009502752387268651,0.09728878912090708,0.0013796741117431345,12,130,0.023775136767656503,0.2872978186562081,False,False,False,2.3205550600956904e-08,COMPLETE
973,0.5572516322135925,2025-04-20 16:32:02.885657,2025-04-20 16:32:10.818146,0 days 00:00:07.932489,0.9553285029696935,0.09562422611864228,16,0.25428959772726384,0.10884108154151519,0.09966097663082495,0.07387943962721752,0.008497189354802832,0.09643705736846278,0.0008331537299010503,12,133,0.02837746352536899,0.2939292667939326,False,False,False,1.2045687196863424e-08,COMPLETE
974,0.604690432548523,2025-04-20 16:32:11.118808,2025-04-20 16:32:18.891972,0 days 00:00:07.773164,0.9365542425002752,0.10351077508216189,16,0.27352820089879554,0.1057847056678062,0.09803548329045345,0.07204680437481592,0.003993677270970563,0.09954276995157467,0.0008891351841443303,11,132,0.023661301332709023,0.28674158732050314,False,False,False,2.8794237143620768e-08,COMPLETE
975,0.5004961729049683,2025-04-20 16:32:19.207106,2025-04-20 16:32:27.322209,0 days 00:00:08.115103,0.9505812706704061,0.5940082260772965,16,0.2681329728124774,0.10026450887838086,0.09599679145952901,0.07469859867564822,0.01358315886582648,0.09571451483811283,0.0012074558167563772,14,128,0.02160468151026782,0.29987078957331814,False,False,False,3.1921891795649965e-08,COMPLETE
976,0.5147270083427429,2025-04-20 16:32:27.638753,2025-04-20 16:32:35.845311,0 days 00:00:08.206558,0.9840780267762194,0.08375879539744259,16,0.2522112347016364,0.09673065558760567,0.09792973563894798,0.078154234310973,0.010730085325792133,0.09911002535031395,0.0010042759298328724,13,133,0.026091829575558157,0.29405514240248676,True,False,False,1.6484137344374944e-08,COMPLETE
977,0.6118514776229859,2025-04-20 16:32:36.163805,2025-04-20 16:32:44.227723,0 days 00:00:08.063918,0.9631386365340098,0.11076944065520693,16,0.2604964243422845,0.1064889830856179,0.09662532591608775,0.0729808350951627,0.012629519676135476,0.09737881777108927,0.0007489684569799482,13,126,0.023320046687700248,0.2870643289044145,False,False,False,1.0007446829209604e-08,COMPLETE
978,0.6528613090515136,2025-04-20 16:32:44.547429,2025-04-20 16:32:52.504788,0 days 00:00:07.957359,0.9361059653995188,0.08474187322216577,16,0.24227822905368493,0.09440933646048862,0.09971920099898389,0.07645269186719578,0.00638376336678982,0.09505614224370382,0.0013052794114530634,12,130,0.021205001855832125,0.29438843878675514,False,False,False,1.505300752381056e-08,COMPLETE
979,0.6305256247520447,2025-04-20 16:32:52.811860,2025-04-20 16:33:00.819647,0 days 00:00:08.007787,0.9168738478686773,0.10938884694194201,16,0.2547482100523064,0.09959760430354163,0.09972394938852315,0.07587427767013079,0.0078122260239902735,0.0953621029354882,0.0007039714012440269,12,126,0.02176171062819872,0.2944324809508843,False,False,False,1.5825586269147478e-08,COMPLETE
980,0.5680447340011597,2025-04-20 16:33:01.135940,2025-04-20 16:33:09.073120,0 days 00:00:07.937180,0.9375402762061276,0.08828107534986902,16,0.2430010850960874,0.10342066502600772,0.09732491966412009,0.07401142296281471,0.006620497878629617,0.09977043855482094,0.000982567556987438,12,129,0.026651835312514575,0.2902187473830972,False,False,False,1.757883776181442e-08,COMPLETE
981,0.6049453735351563,2025-04-20 16:33:09.391434,2025-04-20 16:33:17.292420,0 days 00:00:07.900986,0.9287782828423987,0.08917622810699734,16,0.2402616668631162,0.09487401966933218,0.09979235271423881,0.07199017429219855,0.005077068852560267,0.09338262188535927,0.0014907548082371094,11,130,0.024763228197700424,0.29939883083789387,False,False,False,1.4163758154630481e-08,COMPLETE
982,0.6337151885032654,2025-04-20 16:33:17.609846,2025-04-20 16:33:25.712664,0 days 00:00:08.102818,0.9364391913683047,0.11100587459531616,16,0.26116568825362757,0.09094266363842407,0.0981942098637856,0.0767884743078456,0.00280196614731904,0.09619822503035363,0.0008380045218421366,14,125,0.021377348512557535,0.2864689968366133,False,False,False,2.1316614276604195e-08,COMPLETE
983,0.5964039683341981,2025-04-20 16:33:26.034896,2025-04-20 16:33:33.745645,0 days 00:00:07.710749,0.9216852070230037,0.08175119573322935,16,0.24819179182420223,0.09757294484125908,0.0978451025471212,0.07458389893793742,0.010694754738968585,0.09422071813737685,0.0008910316592441736,10,132,0.0223005227725544,0.294553995926486,False,False,False,1.229592628813232e-08,COMPLETE
984,0.6262294888496399,2025-04-20 16:33:34.071084,2025-04-20 16:33:42.106098,0 days 00:00:08.035014,0.9145414255952622,0.0761499349776192,16,0.24917085420731025,0.10615079557150464,0.099910846110493,0.07142508349858273,0.009409002544381474,0.09731944213793697,0.0007342577259763237,13,129,0.022578869538648495,0.2996255531620359,False,False,False,1.527150445144136e-08,COMPLETE
985,0.5422113060951234,2025-04-20 16:33:42.414805,2025-04-20 16:33:50.539796,0 days 00:00:08.124991,0.9458813121597391,0.09790626045458989,16,0.28785963683820487,0.09978331428319115,0.09622193435812838,0.07282502963525911,0.006664699194700818,0.09986266414256219,0.0012325580563334673,13,134,0.02990446732107824,0.285725493645664,False,False,False,3.454313283430926e-08,COMPLETE
986,0.5841876029968263,2025-04-20 16:33:50.859258,2025-04-20 16:33:58.787473,0 days 00:00:07.928215,0.9768331521526286,0.1124129350252149,16,0.2684123386871229,0.08592637113386066,0.09585261316732578,0.07627569725823932,0.01601380828516722,0.09297273413824944,0.000696455613669696,12,133,0.023821188237441043,0.29102818836858946,False,False,False,1.897999074539027e-08,COMPLETE
987,0.5715434193611145,2025-04-20 16:33:59.110289,2025-04-20 16:34:07.024476,0 days 00:00:07.914187,0.9150159744927955,0.07327773787816774,16,0.2784128143074813,0.09083341246374028,0.09817861176156974,0.07165670131655212,0.007981850177507646,0.09530498315274677,0.0010318276734734753,11,121,0.027413139020878448,0.29436978730146035,False,False,False,2.2348170065234147e-08,COMPLETE
988,0.6277202725410462,2025-04-20 16:34:07.344403,2025-04-20 16:34:15.283225,0 days 00:00:07.938822,0.9435530779383627,0.09452573556193622,16,0.2406697199451007,0.11006554855009248,0.09598270518683297,0.07427428948758352,0.012406938654894995,0.0974064191172104,0.001635404753139969,12,127,0.022046034006755484,0.2857285093991978,False,False,False,1.3809098063985287e-08,COMPLETE
989,0.5984500646591187,2025-04-20 16:34:15.603671,2025-04-20 16:34:23.783687,0 days 00:00:08.180016,0.9608486818165458,0.07211078135459395,16,0.25038425918312873,0.09396652905983259,0.09592135622474568,0.07781946739098372,0.01743360560493061,0.0921215936656613,0.0006937277374073545,14,131,0.025113069005714504,0.2947320527224019,False,False,False,3.104719178047407e-08,COMPLETE
990,0.08703178614377975,2025-04-20 16:34:24.090246,2025-04-20 16:34:31.666729,0 days 00:00:07.576483,0.9138039923209241,0.05002339505133119,16,0.2635661684850528,0.08706575991642182,0.09810486626653478,0.07447202540597733,0.014893523387492818,0.0937989999215024,0.0013000726611542698,13,135,0.02145877446773865,0.2999006257993516,False,False,True,2.1267327033029507e-08,COMPLETE
991,0.1866253137588501,2025-04-20 16:34:31.987009,2025-04-20 16:34:39.364489,0 days 00:00:07.377480,0.9403345051794157,0.09383323393374425,16,0.2382515574064677,0.10126074281890056,0.09835059293818775,0.07145588093482219,0.013856805709985466,0.09607210672012906,0.0023631850052355688,12,129,0.021193010193414276,0.289265609584212,False,True,False,3.7618531500227616e-08,COMPLETE
992,0.6369338035583496,2025-04-20 16:34:39.688077,2025-04-20 16:34:47.679168,0 days 00:00:07.991091,0.971032934016403,0.1095229883122725,16,0.2717399533594128,0.08251195321025331,0.0998101987967689,0.07672551761598626,0.020359311399638057,0.09181854137845592,0.0009294153566384939,13,133,0.021160622126274,0.28512408988790994,False,False,False,4.449812306103469e-08,COMPLETE
993,0.5131506681442262,2025-04-20 16:34:48.001071,2025-04-20 16:34:55.972956,0 days 00:00:07.971885,0.9986584031655706,0.5587305994771946,16,0.2709311979587755,0.081624926868662,0.09993871533213364,0.07680071033773651,0.016756385443314408,0.09349365774708555,0.0009238591309941733,13,126,0.024933623893967697,0.29997769649334555,False,False,False,2.7032311775082594e-08,COMPLETE
994,0.5860401630401612,2025-04-20 16:34:56.296617,2025-04-20 16:35:04.338435,0 days 00:00:08.041818,0.9713535275533008,0.11671122332273079,16,0.2647059433766564,0.08393569996790205,0.0999059430491229,0.07900909992276683,0.020952341651543194,0.09054336088098512,0.00102602561506117,13,131,0.02374277573068606,0.28439730120930257,False,False,False,4.287107968363052e-08,COMPLETE
995,0.6549453496932983,2025-04-20 16:35:04.665095,2025-04-20 16:35:12.781588,0 days 00:00:08.116493,0.987694829937336,0.07020017732674713,16,0.27696024255477514,0.08901627333110135,0.09990103867510702,0.07724431206678575,0.020045930628380733,0.09125033921466516,0.0008156091813540829,14,133,0.02215593392274862,0.2909019154819685,False,False,False,4.822687766007869e-08,COMPLETE
996,0.47290250062942507,2025-04-20 16:35:13.093366,2025-04-20 16:35:21.414726,0 days 00:00:08.321360,0.9817081804471582,0.11530707780671241,16,0.286605523371265,0.08879031798411202,0.0998109673322622,0.07790915619480185,0.020145281084580142,0.09100744160050465,0.0011454852822454329,14,133,0.027123684793460334,0.285657979725899,True,False,False,4.425788118866573e-08,COMPLETE
997,0.5913855552673339,2025-04-20 16:35:21.736451,2025-04-20 16:35:29.842219,0 days 00:00:08.105768,0.9983570614334472,0.11761877210084112,16,0.2762462854395637,0.08826185611819251,0.09995459394638781,0.08007468046503043,0.0011500076698443412,0.09160344137324875,0.0008579410082223192,14,130,0.02360272022410635,0.2886804916117701,False,False,False,5.39213338157406e-08,COMPLETE
998,0.6382062911987305,2025-04-20 16:35:30.165957,2025-04-20 16:35:38.266590,0 days 00:00:08.100633,0.9691774024305062,0.09822072543844218,16,0.2688479303126368,0.08206147947052808,0.09793602253643677,0.07703335270864109,0.018594024570337472,0.09426852795634086,0.0008916717055691498,14,133,0.021184245875151633,0.2907393617198386,False,False,False,4.3833057570931475e-08,COMPLETE
999,0.5757845640182495,2025-04-20 16:35:38.591673,2025-04-20 16:35:46.666229,0 days 00:00:08.074556,0.9709397550090605,0.07456651552109543,16,0.2736268664388731,0.08126584783763426,0.09774776537946137,0.07565870383432349,0.017360669975754785,0.09514782142760483,0.0014299776131120611,14,127,0.025385207959735243,0.29352654159380215,False,False,False,2.5507192228537076e-08,COMPLETE
1000,0.6394290804862977,2025-04-20 16:35:46.993518,2025-04-20 16:35:55.084529,0 days 00:00:08.091011,0.9900820430898681,0.09646549213704603,16,0.2573481205463145,0.09443773822037164,0.09652660253001462,0.07943201969858592,0.019100706057910675,0.09996638585007973,0.0007956619384563867,14,134,0.02227218916038933,0.2907602418257769,False,False,False,3.0817481339508105e-08,COMPLETE
1001,0.5992536664009094,2025-04-20 16:35:55.415461,2025-04-20 16:36:03.597883,0 days 00:00:08.182422,0.9915653370253145,0.10166974025431029,16,0.26073876043799,0.09486406424321303,0.0978352043499714,0.08129899806549033,0.015316654043316886,0.09936096222911044,0.0007172590745191012,14,135,0.023894443823117506,0.2899597672609804,False,False,False,3.0353910274931317e-08,COMPLETE
1002,0.5655996680259705,2025-04-20 16:36:03.907855,2025-04-20 16:36:12.046281,0 days 00:00:08.138426,0.9966996868685688,0.12288953122787769,16,0.2927341545310127,0.09458611442031253,0.09624449655329641,0.08203302352713132,0.018353857096204514,0.09765259960813259,0.0010574529636937053,14,123,0.022788620826379676,0.290453574844908,False,False,False,3.164010750159444e-08,COMPLETE
1003,0.47456433773040774,2025-04-20 16:36:12.373934,2025-04-20 16:36:20.374240,0 days 00:00:08.000306,0.9816550026821537,0.7796047795718026,16,0.2555076485453017,0.08895682037845748,0.09777287114220258,0.0789625023620341,0.012353840411903742,0.09792045886166056,0.0008353639925537755,13,129,0.027762508337260593,0.2831648857002326,False,False,False,2.775444512751372e-08,COMPLETE
1004,0.5684709191322327,2025-04-20 16:36:20.700854,2025-04-20 16:36:28.798404,0 days 00:00:08.097550,0.991106619606883,0.09608167667631039,16,0.26727582072902073,0.09507531819494061,0.09994151381462092,0.08047067104995796,0.016821649038324303,0.09598771621259033,0.001213737482679963,14,134,0.02541979186268686,0.29227704807634,False,False,False,4.456009303188576e-08,COMPLETE
1005,0.6093093991279602,2025-04-20 16:36:29.125921,2025-04-20 16:36:37.259056,0 days 00:00:08.133135,0.9820540246981388,0.12132583119520093,16,0.2535544172651653,0.09064356181635862,0.09651833736415821,0.0785200543041879,0.01907446262928847,0.09911905890445427,0.0007165800677465326,14,131,0.02297224762190005,0.2947045975474164,False,False,False,3.7069334574487345e-08,COMPLETE
1006,0.6377918362617493,2025-04-20 16:36:37.588442,2025-04-20 16:36:45.412643,0 days 00:00:07.824201,0.9566504114576214,0.09384621439493399,16,0.25718608224306283,0.10062253169969844,0.09813523866859096,0.07756002038102432,0.016078209094180652,0.09690493208179722,0.0010305426805874043,11,135,0.02196035213984822,0.2837322129402919,False,False,False,2.4331338888510897e-08,COMPLETE
