number,value,datetime_start,datetime_complete,duration,params_alpha-eval,params_alpha-train,params_batch-size,params_eps-eval,params_eps-train,params_lambda-actions-eval,params_lambda-actions-train,params_lambda-frames-eval,params_lambda-frames-train,params_learning-rate,params_n-epochs,params_n-frames,params_radius-gw,params_rho,params_std-feats,params_ub-actions,params_ub-frames,params_weight-decay,state
113,0.44856041073799136,2025-04-06 21:17:53.149658,2025-04-06 21:18:14.812463,0 days 00:00:21.662805,0.1021734570635046,0.1971945879779813,2,0.03799392129509041,0.0438572469588321,0.09106677392995141,0.06896677113910697,0.02043045345685229,0.07848468634740166,0.02890988213402083,29,62,0.057040818843664715,0.26158688346988085,True,True,True,2.7320003581127815e-08,COMPLETE
114,0.43942462205886845,2025-04-06 21:18:14.850076,2025-04-06 21:18:36.013620,0 days 00:00:21.163544,0.06034626708239324,0.14909456783914563,2,0.058139823264524895,0.15272307926096781,0.09322836506229558,0.05207670100965896,0.0034583829315506303,0.08302571168762182,0.038987841782766645,28,36,0.08261567618512587,0.24926413494963243,True,True,True,4.156980316369947e-08,COMPLETE
115,0.4759386003017426,2025-04-06 21:18:36.053531,2025-04-06 21:18:44.477856,0 days 00:00:08.424325,0.07951959271343387,0.17143387414571828,16,0.024996645581308725,0.027252782643690895,0.08719437231456767,0.05485204201093388,0.013988761242783705,0.06719693058271252,0.021410808080012802,27,49,0.06270934101982095,0.22877998945733055,True,True,True,1.6180909190900542e-08,COMPLETE
116,0.4755203187465668,2025-04-06 21:18:44.515916,2025-04-06 21:18:53.062935,0 days 00:00:08.547019,0.027714424330129522,0.29207153077436704,16,0.09293096952829706,0.08423716237250677,0.0756991086661859,0.06648531482479675,0.009385566473763474,0.07628111025882058,0.015471589667614088,30,68,0.08554086974219673,0.12657112956691782,True,True,True,2.37836288337195e-08,COMPLETE
117,0.09159234166145325,2025-04-06 21:18:53.101170,2025-04-06 21:19:14.731904,0 days 00:00:21.630734,0.045784900425325806,0.056869397194028726,2,0.07024073974344147,0.038622326961891926,0.08109721647293966,0.07148497519288155,0.01608291923761863,0.08002839983027502,0.0268085242386445,29,46,0.06090543362927701,0.11257097463488763,True,True,True,3.0637466066180035e-08,COMPLETE
118,0.5419404149055481,2025-04-06 21:19:14.771210,2025-04-06 21:19:23.201652,0 days 00:00:08.430442,0.19943272304422627,0.23719580642930643,16,0.08332287540434019,0.05411921890708565,0.09985811861194126,0.06512313546169,0.012639190037982315,0.08595218399690477,0.02605526400942635,28,52,0.06485361184124133,0.2547768960983322,True,True,True,7.524409202067703e-08,COMPLETE
119,0.5683568954467774,2025-04-06 21:19:23.240670,2025-04-06 21:19:45.517100,0 days 00:00:22.276430,0.16026964986701175,0.12317850204145092,2,0.06521512740927628,0.03434180548178915,0.09546627100310215,0.08151193701517721,0.006676886445964647,0.08347279473230788,0.011182152677050125,30,40,0.058124484913312416,0.14202019658870804,True,True,True,1.8929050919583254e-08,COMPLETE
120,0.5594913244247437,2025-04-06 21:19:45.556130,2025-04-06 21:19:53.999320,0 days 00:00:08.443190,0.16126193478311363,0.27251313790002074,16,0.10977601251596497,0.03380241847393703,0.09603641006205704,0.08194809928092175,0.023828086632821224,0.06998062105972604,0.009600235153820531,30,33,0.05443821289405901,0.2396074062260761,True,True,True,3.9341676796676744e-08,COMPLETE
121,0.09159234166145325,2025-04-06 21:19:54.038625,2025-04-06 21:20:15.487104,0 days 00:00:21.448479,0.1003207533954957,0.1388782442227962,2,0.06498561092718395,0.04792421703796204,0.09153357383159404,0.0778737671664559,0.006177308861079888,0.0826330097186428,0.01176445042630345,29,41,0.06685577671237403,0.14600064478274274,True,True,True,1.8801716836672746e-08,COMPLETE
122,0.09159234166145325,2025-04-06 21:20:15.528072,2025-04-06 21:20:37.727964,0 days 00:00:22.199892,0.12433585903804566,0.189832787223473,2,0.05008366503263339,0.14469120577127226,0.08937326058788017,0.08642104732330495,0.004155819418318586,0.07462139251124372,0.017495051767007372,30,44,0.05724883609252457,0.1347490335897575,True,True,True,1.5331146134766234e-08,COMPLETE
123,0.09159234166145325,2025-04-06 21:20:37.776894,2025-04-06 21:20:58.928857,0 days 00:00:21.151963,0.18467087076585967,0.10506924077118608,2,0.07681644678814793,0.0603102073207389,0.09296846452908743,0.09093656280891359,0.007807842824513996,0.07796712853995695,0.04099804559226262,28,38,0.09998259710088747,0.1401202639278662,True,True,True,2.3368683653501517e-08,COMPLETE
124,0.5158221244812012,2025-04-06 21:20:58.969753,2025-04-06 21:21:18.963042,0 days 00:00:19.993289,0.25461363704981904,0.1265676067917,2,0.10296390753883786,0.02932156937901046,0.08635697978069498,0.07309763501918311,0.011694491198466595,0.08787616438364733,0.02109222973395063,26,28,0.05943495435875677,0.12338866650528284,True,True,True,5.121696023770833e-08,COMPLETE
125,0.5683568954467774,2025-04-06 21:21:19.004019,2025-04-06 21:21:40.563285,0 days 00:00:21.559266,0.07882171939915981,0.2107706102630141,2,0.061292677359916045,0.01457767121937683,0.09500830503566535,0.06080012201663662,0.009274650360617557,0.08358608377529365,0.014115321587408738,29,40,0.06226420751284561,0.16069021211835283,True,True,True,2.9452287601354194e-08,COMPLETE
126,0.25972986221313477,2025-04-06 21:21:40.604619,2025-04-06 21:21:48.994315,0 days 00:00:08.389696,0.07535416426115721,0.2134690575650567,16,0.06807623921119439,0.014962916296822846,0.09491752408084046,0.05750332378090438,0.009955396910777766,0.08033695905821896,0.014020975794499327,29,23,0.0539757975454689,0.17138415422396933,True,True,True,3.211816484840631e-08,COMPLETE
127,0.39937855601310734,2025-04-06 21:21:49.035621,2025-04-06 21:22:11.336172,0 days 00:00:22.300551,0.13615386207702115,0.18879733703307058,2,0.060153575944964746,0.026125793789070095,0.09667754775526975,0.059697838869339756,0.014887862373873736,0.07234055591316935,0.007437867938445186,30,40,0.06299613032226124,0.1560215219669032,True,True,False,1.2894796117690033e-08,COMPLETE
128,0.5683568954467774,2025-04-06 21:22:11.377451,2025-04-06 21:22:32.921521,0 days 00:00:21.544070,0.09015001831949775,0.16727963765553905,2,0.09341610044953544,0.006447754818142078,0.09805323245842192,0.07000713127337556,0.03282192952979273,0.08397177208919171,0.057236638895866034,29,34,0.0495455008559187,0.16485211579726292,True,True,True,1.026718889241271e-08,COMPLETE
129,0.43840163946151733,2025-04-06 21:22:32.963557,2025-04-06 21:22:54.374318,0 days 00:00:21.410761,0.08735862130956973,0.1591465636982093,2,0.0799760950614988,0.005534278279437738,0.0979514058677723,0.07627577292288343,0.02575563138548618,0.08247713993761917,0.0019571114256774916,29,30,0.04649099508429498,0.1651076524901855,True,True,True,1.5216270754841026e-08,COMPLETE
130,0.5683568954467774,2025-04-06 21:22:54.417014,2025-04-06 21:23:15.125000,0 days 00:00:20.707986,0.011768281637143559,0.2533422515784207,2,0.09208999381584287,0.01620272819607459,0.09995716111529473,0.06962254648374533,0.0333568878744503,0.07869632130499106,0.012384615210599612,27,36,0.05094101270828848,0.1642960279254664,True,True,True,1.0146000364310808e-08,COMPLETE
131,0.5683568954467774,2025-04-06 21:23:15.167810,2025-04-06 21:23:35.834868,0 days 00:00:20.667058,0.05907911618670366,0.31657522239725905,2,0.09014935097701637,0.00017893127143108617,0.09944866972809892,0.06914682788857995,0.0385509863599378,0.07907283338864218,0.012068965251653534,27,34,0.05121601823846582,0.1599729024925585,True,True,True,1.151852299822259e-08,COMPLETE
132,0.4983202695846558,2025-04-06 21:23:35.877308,2025-04-06 21:23:56.289606,0 days 00:00:20.412298,0.014580934379625654,0.23575597130720893,2,0.13458617748352542,0.0007777538384361789,0.09987748396885276,0.04677954564441081,0.03599090069448297,0.07898987112258454,0.008607253744016266,27,35,0.050002389961858774,0.1625959983297847,True,True,True,1.0761502275348655e-08,COMPLETE
133,0.5683568954467774,2025-04-06 21:23:56.334369,2025-04-06 21:24:16.379827,0 days 00:00:20.045458,0.060140420522716065,0.24912898894752805,2,0.0918582681207387,0.01680471008531159,0.09810928317122103,0.06957436159587405,0.031332602506187635,0.07663279152498592,0.010940230520282576,26,33,0.04972977544489304,0.17578052621587426,True,True,True,1.0599544102449154e-08,COMPLETE
134,0.6625429630279541,2025-04-06 21:24:16.424575,2025-04-06 21:24:36.055525,0 days 00:00:19.630950,0.10836564740523394,0.2641952583090022,2,0.10221304396644412,0.008129353939977565,0.09472955686997254,0.06393537325142688,0.03341433679279961,0.07459975628974094,0.01189812954624767,25,21,0.043553023242369544,0.14182369276427065,True,True,True,2.7090285325339424e-08,COMPLETE
135,0.4775222063064576,2025-04-06 21:24:36.099151,2025-04-06 21:24:55.537286,0 days 00:00:19.438135,0.09327952446715725,0.2655340962297978,2,0.10027809532525495,0.007780962518825582,0.09492358312621459,0.08116643111279499,0.03364648257473417,0.07438168351345897,0.016794216761402705,25,9,0.04356698057303651,0.16841087713277533,True,True,True,2.7905102498715596e-08,COMPLETE
136,0.5683568954467774,2025-04-06 21:24:55.582803,2025-04-06 21:25:16.772541,0 days 00:00:21.189738,0.11087713239831955,0.20971273401030532,2,0.11437530930313435,0.015871382662705172,0.09568655639080628,0.06419025911191886,0.029082646426788702,0.05795728073696806,0.057501984502152804,28,26,0.046056677033165294,0.14364280129038942,True,True,True,1.1889394186852373e-07,COMPLETE
137,0.09159234166145325,2025-04-06 21:25:16.816254,2025-04-06 21:25:36.828114,0 days 00:00:20.011860,0.07430231941001822,0.17624219407023073,2,0.10645824856223429,0.023630033956810813,0.09440366122050677,0.08354606650386119,0.03300994179703053,0.07279921394431711,0.005539352947295073,26,16,0.045337199093729866,0.15057573755772735,True,True,True,5.977645701352858e-08,COMPLETE
138,0.43805809617042546,2025-04-06 21:25:36.881474,2025-04-06 21:25:56.701144,0 days 00:00:19.819670,0.035865482578616645,0.21673561417332304,2,0.09792513698763489,0.013444647519647156,0.09079370934248897,0.06213902803344341,0.02158308763038294,0.06891770258321424,0.012916723521357332,25,18,0.04187952824635397,0.13813510763221123,True,True,True,3.7464127358919426e-08,COMPLETE
139,0.5672592878341676,2025-04-06 21:25:56.747054,2025-04-06 21:26:17.469775,0 days 00:00:20.722721,0.010511913696066036,0.3290490694768503,2,0.08530177922521766,0.03534415477604778,0.09709720604602311,0.06703304711689728,0.0258799376362722,0.06603843790983575,0.007192711691849332,27,37,0.035836938960984464,0.23584565497278712,True,True,True,9.965984836181317e-05,COMPLETE
140,0.09159234166145325,2025-04-06 21:26:17.515590,2025-04-06 21:26:36.652938,0 days 00:00:19.137348,0.10598715827450107,0.28040258743875235,2,0.04132416960085407,0.29958556554844706,0.07829996410025623,0.05528846170040959,0.03823287834574948,0.0634135581427999,0.04921587976712595,24,74,0.05327626184929017,0.10427532422924782,True,True,True,2.788571952691214e-08,COMPLETE
141,0.5754881620407104,2025-04-06 21:26:36.698674,2025-04-06 21:26:57.096223,0 days 00:00:20.397549,0.06056678332365807,0.2560976597566939,2,0.1253450404424668,0.007240334530884853,0.0993612855826374,0.07013941759863875,0.04103753818400882,0.08058707052946695,0.011685049516351307,27,22,0.05104297966737472,0.15740091157202388,True,True,True,1.3382361721691888e-08,COMPLETE
142,0.5677672266960144,2025-04-06 21:26:57.141800,2025-04-06 21:27:18.048498,0 days 00:00:20.906698,0.04515600375174905,0.23025237425960182,2,0.1168676970199442,0.007871031841629428,0.09741305694187007,0.07911641581759514,0.043723006579686904,0.08132507704517974,0.014793961011112867,28,30,0.04861769059834616,0.1500941383500149,True,True,True,1.7912238953627754e-08,COMPLETE
143,0.44572691321372987,2025-04-06 21:27:18.094789,2025-04-06 21:27:38.482775,0 days 00:00:20.387986,0.1295925797708909,0.29596871844605055,2,0.1228396238842092,0.02195491979348916,0.09293696070443276,0.060976381542029646,0.041081227859014344,0.0770673020065471,0.011334431684745669,27,22,0.06713480280768354,0.1327747172821625,True,True,True,1.3558689285278833e-08,COMPLETE
144,0.6430456519126893,2025-04-06 21:27:38.529144,2025-04-06 21:27:59.935947,0 days 00:00:21.406803,0.08497434729754977,0.1933787874709019,2,0.10856149887761565,0.013766782696623642,0.09468187433954643,0.07571335568366283,0.029208046844740314,0.08611621600638894,0.004715881163539049,29,25,0.04753672460531516,0.2254934626298144,True,True,True,2.3765369189979382e-08,COMPLETE
145,0.34894783496856696,2025-04-06 21:27:59.982520,2025-04-06 21:28:21.764924,0 days 00:00:21.782404,0.0816555334692009,0.16602264342451314,2,0.12401617130389161,0.006694713670439461,0.09033417728319171,0.07424938914293433,0.02815579377004047,0.08602276435470371,0.003176852509810609,29,19,0.05845364744565776,0.22495283495502832,True,True,True,4.557016393915477e-08,COMPLETE
146,0.5770021677017212,2025-04-06 21:28:21.812652,2025-04-06 21:28:43.425379,0 days 00:00:21.612727,0.11927291399611273,0.19719217138315678,2,0.10983392373380865,0.02878804046112847,0.08214088463690827,0.07684620714887373,0.031625832604993395,0.09973434629717512,0.0007377897544419466,29,25,0.04774336389269391,0.24469088548677753,True,True,True,2.2272970211375173e-08,COMPLETE
147,0.09159234166145325,2025-04-06 21:28:43.474796,2025-04-06 21:29:04.862715,0 days 00:00:21.387919,0.11973907360106485,0.1982682548824368,2,0.13329784493918498,0.03289834940898127,0.08222425732387116,0.0855427772355878,0.02948957887345174,0.09280788020217506,0.0005193727450045013,28,21,0.04317971016498527,0.2159905836253373,True,True,True,2.399087639804273e-08,COMPLETE
148,0.5579392671585084,2025-04-06 21:29:04.911562,2025-04-06 21:29:26.781163,0 days 00:00:21.869601,0.14239711120971832,0.18860252821575813,2,0.10751618595027396,0.026039293458767675,0.08767816219238464,0.07579079001039213,0.019198570762712107,0.09942139758212173,0.0008622384813142789,30,24,0.06365617752408459,0.24868128451038293,True,True,True,3.855159770583792e-08,COMPLETE
149,0.09159234166145325,2025-04-06 21:29:26.829065,2025-04-06 21:29:46.969419,0 days 00:00:20.140354,0.06467386963993521,0.14839757848054014,2,0.123578622200754,0.039897002947587926,0.06497083909150135,0.07879764027963435,0.02460464410138892,0.09719998421280736,0.000656658046794366,26,14,0.038696481020964756,0.2449441718836893,True,True,True,8.777819627949192e-08,COMPLETE
150,0.18676616251468658,2025-04-06 21:29:47.019941,2025-04-06 21:29:53.276745,0 days 00:00:06.256804,0.17168888570281773,0.2152289164292671,16,0.054458530537802266,0.030300034219332257,0.07219886430521287,0.07702213796680256,0.047950396231523064,0.08904393074324396,0.00021827577786504495,7,10,0.04741135343677663,0.2353466238777307,True,True,True,2.211497881671474e-07,COMPLETE
151,0.5683568954467774,2025-04-06 21:29:53.334008,2025-04-06 21:30:14.953589,0 days 00:00:21.619581,0.10414410366724813,0.1700285923007155,2,0.10980825416002989,0.01153401564162062,0.0944934010115229,0.04389356846005411,0.03259729834136004,0.08428535777560368,0.00471356810834416,29,29,0.06175451045404294,0.23068934559974644,True,True,True,2.0845738425446365e-08,COMPLETE
152,0.5658079147338868,2025-04-06 21:30:15.003272,2025-04-06 21:30:36.485598,0 days 00:00:21.482326,0.08777343638352568,0.18547170525992981,2,0.10255748842200146,0.023115343452208018,0.07605435969202852,0.0715746376372597,0.037835260381711665,0.08698977560598367,0.03426666243356385,29,27,0.04807594209937336,0.25868997468309196,True,True,True,3.055348595671045e-08,COMPLETE
153,0.25941041111946106,2025-04-06 21:30:36.534872,2025-04-06 21:30:58.826233,0 days 00:00:22.291361,0.052987485566642685,0.12736970495963004,2,0.035574354029193095,0.0054523899664395276,0.09214259186498013,0.06505536618594188,0.0362602419970777,0.08146533779913485,0.0026417785547184687,30,24,0.04071610514666361,0.26629012767978916,True,True,True,1.771101433831664e-08,COMPLETE
154,0.5683568954467774,2025-04-06 21:30:58.875979,2025-04-06 21:31:20.321399,0 days 00:00:21.445420,0.11980482440949392,0.1518226141296036,2,0.09410751382663615,0.01538853034714394,0.07961016684043751,0.07509205361390554,0.030258435267242305,0.09984948819574428,0.0014030921686105633,28,43,0.04417049823750811,0.24424494678626574,True,True,True,2.3451334541580475e-08,COMPLETE
155,0.30508894324302677,2025-04-06 21:31:20.371929,2025-04-06 21:31:41.305679,0 days 00:00:20.933750,0.15032710457548673,0.2042248049801313,2,0.11411566671702465,0.020514819772901684,0.09645078907086148,0.080125778468578,0.01713205032909446,0.09536032958411982,0.025344887178194955,28,20,0.09204091225724485,0.14213381320930984,True,True,True,5.05212947164705e-08,COMPLETE
156,0.27542634606361394,2025-04-06 21:31:41.356873,2025-04-06 21:32:02.905324,0 days 00:00:21.548451,0.07443793469098449,0.2350282216828641,2,0.0982915064056322,0.0368541393808442,0.0831718680451647,0.0730243410533253,0.021563178902916307,0.08384593904262953,0.001060033784892195,29,32,0.07660984357975781,0.11584314270430929,True,True,False,1.5178678888790378e-08,COMPLETE
157,0.5672333598136902,2025-04-06 21:32:02.955045,2025-04-06 21:32:25.045160,0 days 00:00:22.090115,0.035321887163883736,0.10937101361911178,2,0.04742263634912584,0.012413410263282612,0.08904357845109433,0.07049892245632808,0.02795035814265789,0.08108111353586163,0.08314427475908011,30,39,0.05239771870323749,0.13562286242163132,True,True,True,3.560970971569781e-08,COMPLETE
158,0.49054403901100163,2025-04-06 21:32:25.096495,2025-04-06 21:32:33.392697,0 days 00:00:08.296202,0.09039415637283314,0.1603323900752826,16,0.05926808765038659,0.05003867829458188,0.08612911810371117,0.0830447568483825,0.02589020983960172,0.08664656526929448,3.9336846800026954e-05,29,26,0.0725022714792714,0.20789586588299624,True,True,False,2.6932890440657458e-08,COMPLETE
159,0.33378313779830937,2025-04-06 21:32:33.443167,2025-04-06 21:32:55.114407,0 days 00:00:21.671240,0.10458532905180075,0.13638298373948654,2,0.07509602803442156,0.02721450961937081,0.09394978200493663,0.06604833337081088,0.030800711907437283,0.07517709895511206,0.0004449103603855183,28,87,0.059822572098959165,0.2183029316956029,True,True,True,2.3060170720250535e-08,COMPLETE
160,0.5683568954467774,2025-04-06 21:32:55.166933,2025-04-06 21:33:16.773487,0 days 00:00:21.606554,0.13021089085948492,0.17572584530585475,2,0.06979856351343929,0.006002299498654946,0.09783220768313464,0.04864807452082429,0.00931083696339795,0.06052760643618621,0.01789672689030818,29,30,0.06828500269305142,0.2260129415181497,True,True,True,1.817284220684638e-08,COMPLETE
161,0.568136203289032,2025-04-06 21:33:16.825819,2025-04-06 21:33:37.433236,0 days 00:00:20.607417,0.059672954686093245,0.2419718719289306,2,0.09492362369352901,0.01608381712104775,0.09971754785749458,0.06723527420329745,0.03371543555819402,0.07832731254144608,0.008050492102397286,27,35,0.05171387440949394,0.1773833189858984,True,True,True,1.2852901051520012e-08,COMPLETE
162,0.5683568954467774,2025-04-06 21:33:37.494392,2025-04-06 21:33:58.195798,0 days 00:00:20.701406,0.03122297368227031,0.26540323343116795,2,0.08402525667668513,0.017779596090734862,0.09700502134998039,0.07478144443100222,0.09846739339818117,0.08006911755260661,0.009397646562599098,27,37,0.049870680530060725,0.1567870881085343,True,True,True,1.352515382520971e-08,COMPLETE
163,0.5683568954467774,2025-04-06 21:33:58.248300,2025-04-06 21:34:19.503778,0 days 00:00:21.255478,0.012297133136390241,0.24777228082344738,2,0.10229120266437335,0.000439076741306825,0.09499726698987965,0.07169994543532876,0.03502341728580806,0.0824098304942895,0.022602703064861437,28,42,0.0458203444728805,0.16715811435122233,True,True,True,1.1343816668918731e-08,COMPLETE
164,0.5683568954467774,2025-04-06 21:34:19.556378,2025-04-06 21:34:39.550502,0 days 00:00:19.994124,0.046279908913757085,0.2124829069249634,2,0.11954002363616498,0.029783508089264776,0.07752052400578731,0.09006631845627461,0.031996378071581906,0.08486083175540284,0.013147648920754344,26,33,0.05602952058544739,0.12910944047511716,True,True,True,1.047051644882471e-08,COMPLETE
165,0.635534155368805,2025-04-06 21:34:39.604330,2025-04-06 21:35:01.769216,0 days 00:00:22.164886,0.07361562713716965,0.10076355739190987,2,0.08985803067817452,0.010269860050781825,0.09137531409570838,0.06363450021306746,0.04071946593184892,0.07143887727860751,0.017477442695258662,30,44,0.06487741508956403,0.14728839544525943,True,True,True,6.963834742300216e-08,COMPLETE
166,0.39937855601310734,2025-04-06 21:35:01.822009,2025-04-06 21:35:10.303297,0 days 00:00:08.481288,0.08927755055868904,0.06242470827538701,16,0.08785412578426849,0.008996651529279389,0.09237707492615964,0.0628882980630802,0.012179973633191257,0.07102683451041529,0.03328016881033684,30,44,0.06272036521107509,0.14964942575132253,True,True,False,6.830231386716779e-08,COMPLETE
167,0.5683568954467774,2025-04-06 21:35:10.357159,2025-04-06 21:35:32.384905,0 days 00:00:22.027746,0.07185466361285212,0.10485814073003832,2,0.05314257165809945,0.022148744410695503,0.08138098187738695,0.06483304951169419,0.05417094332685936,0.06829541734089953,0.0181220155673423,30,45,0.06521793269491036,0.1431404743804948,True,True,True,4.328215428766255e-08,COMPLETE
168,0.4119459629058838,2025-04-06 21:35:32.438714,2025-04-06 21:35:54.127470,0 days 00:00:21.688756,0.10640581128744267,0.09898284643732988,2,0.06264435379791196,0.040140291668039424,0.09020135427173204,0.05788607987850393,0.04693983978996662,0.08865543776778313,0.0006677247792436539,29,50,0.09604164708575094,0.23850661830961747,True,True,True,5.733715652245565e-08,COMPLETE
169,0.47188393473625184,2025-04-06 21:35:54.180916,2025-04-06 21:36:02.671373,0 days 00:00:08.490457,0.1494421079726462,0.12977939770142968,16,0.14324743207883492,0.03463586250037622,0.08789747856374197,0.05212444469455445,0.039780946020066925,0.07339125433147548,0.0252506734970895,30,40,0.0703345052354641,0.12091190303744277,True,True,True,3.1573401805207724e-08,COMPLETE
