number,value,datetime_start,datetime_complete,duration,params_alpha-eval,params_alpha-train,params_batch-size,params_eps-eval,params_eps-train,params_lambda-actions-eval,params_lambda-actions-train,params_lambda-frames-eval,params_lambda-frames-train,params_learning-rate,params_n-epochs,params_n-frames,params_radius-gw,params_rho,params_std-feats,params_ub-actions,params_ub-frames,params_weight-decay,state
568,0.09385582357645035,2025-04-06 23:05:42.216108,2025-04-06 23:06:04.213302,0 days 00:00:21.997194,0.1278904572500872,0.09965336559387561,2,0.2574850428635997,0.02492061328189004,0.054374624958754086,0.06729729606981254,0.0861961366887826,0.0727134474338561,0.02030998228607361,29,65,0.06676229030885186,0.18932761629873937,True,True,True,1.608926192243416e-06,COMPLETE
569,0.47985545396804813,2025-04-06 23:06:04.399697,2025-04-06 23:06:28.839028,0 days 00:00:24.439331,0.15655464713173733,0.12114889945942622,2,0.26666172511820113,0.019329177537376563,0.052373241300121685,0.06462176485871117,0.08813390084007516,0.0686300864367756,0.010939654963781673,28,14,0.06866504469910253,0.1402779078562027,True,False,False,2.2272759050772485e-06,COMPLETE
570,0.5644635438919068,2025-04-06 23:06:29.014269,2025-04-06 23:06:53.379075,0 days 00:00:24.364806,0.11787470916861936,0.09496604951224356,2,0.2932764751018726,0.03136684481929081,0.050609110148154855,0.06806630514025985,0.08613518449575529,0.09020894270585651,0.015962358660402222,28,28,0.06970580147133483,0.016953357324541,True,False,False,1.6935726776784504e-06,COMPLETE
571,0.09159234166145325,2025-04-06 23:06:53.560786,2025-04-06 23:07:19.099335,0 days 00:00:25.538549,0.17118545806015723,0.08861937971942449,2,0.28315203657949073,0.008987925064785275,0.056901830528997645,0.06747572871826862,0.08852008086185655,0.06506668471550002,0.009309060377566299,30,149,0.06630394473053564,0.13575769159053627,True,False,False,2.4629415529047325e-06,COMPLETE
572,0.5515204429626466,2025-04-06 23:07:19.284926,2025-04-06 23:07:41.228983,0 days 00:00:21.944057,0.14885325464815508,0.15454622684489577,2,0.10748387753087714,0.025251586721777464,0.0501767341004364,0.06099096536025686,0.0871255497043455,0.07091670845960346,0.014680966131683067,29,90,0.06762986715317268,0.28097321049522717,True,False,True,1.5770927248779537e-06,COMPLETE
573,0.17105131745338442,2025-04-06 23:07:41.405183,2025-04-06 23:08:03.489559,0 days 00:00:22.084376,0.17099062979013865,0.10907592278471516,2,0.1993507726974611,0.014263395202829179,0.053984693436479984,0.06454832419642283,0.0916089556102778,0.08726597712079333,0.011116894928762005,30,59,0.07030813278474374,0.13685335982447017,True,True,False,1.8792183814111712e-06,COMPLETE
574,0.596459722518921,2025-04-06 23:08:03.675056,2025-04-06 23:08:28.399695,0 days 00:00:24.724639,0.058668609229818335,0.07722969661314882,2,0.24069946279106247,0.031040926992598653,0.052356583684460556,0.061571645709897975,0.08836945148691035,0.07203577487472751,0.008305150059732756,29,67,0.06361044363546464,0.14444860334669007,False,False,False,2.8275861069407453e-06,COMPLETE
575,0.3155274450778961,2025-04-06 23:08:28.581039,2025-04-06 23:08:53.663845,0 days 00:00:25.082806,0.12642389233142862,0.1276118031043143,2,0.2828474179295354,0.020402906326886697,0.04994432455963999,0.06675951767491524,0.08969291209411419,0.09243945234051301,0.01281714015403073,30,119,0.06941842578685052,0.23416604586286127,False,False,False,1.3904239754662145e-06,COMPLETE
576,0.4405456602573395,2025-04-06 23:08:53.851102,2025-04-06 23:09:15.488819,0 days 00:00:21.637717,0.15809838853313696,0.21757459017887534,2,0.2095180479679066,0.02847462487251964,0.05554026321632312,0.06880158157636738,0.08433921089097388,0.08863332163138612,0.01748903535896638,29,93,0.06649388914619003,0.15420388918317016,True,False,True,2.1217332271314225e-06,COMPLETE
577,0.09159234166145325,2025-04-06 23:09:15.666333,2025-04-06 23:09:36.831773,0 days 00:00:21.165440,0.1167809775298414,0.08271551489449314,2,0.23412396553902443,0.025273960179695337,0.05116797128766047,0.06462914680481939,0.08580123148294347,0.09031903111173471,0.009860004348508013,28,98,0.06493481328672678,0.1448340280766834,False,True,False,2.2555715535731025e-07,COMPLETE
578,0.09159234166145325,2025-04-06 23:09:37.020578,2025-04-06 23:10:02.065432,0 days 00:00:25.044854,0.18127191209263208,0.06748987918815713,2,0.27304306942495304,0.005579432983466817,0.048708837476515277,0.0827101256520955,0.08962607928114957,0.07334466414955892,0.01120827972961768,30,63,0.07003776837224193,0.17813929064524922,False,False,False,1.6903904816043921e-06,COMPLETE
579,0.6114434838294983,2025-04-06 23:10:02.242390,2025-04-06 23:10:27.006491,0 days 00:00:24.764101,0.1732925684105877,0.0958420655361134,2,0.23153312688977168,0.016973058351548703,0.05362696372519944,0.06719933843615872,0.08423735959164329,0.0870858926286428,0.008270028668897686,29,69,0.06843863456569142,0.12879415551908968,True,False,False,1.7105519055746067e-08,COMPLETE
580,0.561392867565155,2025-04-06 23:10:27.195437,2025-04-06 23:10:44.723571,0 days 00:00:17.528134,0.14134071889891034,0.35519587154259247,2,0.13589136268823668,0.028412541370407773,0.09151542582922134,0.06886891378860668,0.09755091987687632,0.08425946206064895,0.014780835124677046,17,91,0.061187589768093506,0.27091898190746455,False,False,False,3.3245125932012524e-06,COMPLETE
581,0.09159234166145325,2025-04-06 23:10:44.900753,2025-04-06 23:11:05.943862,0 days 00:00:21.043109,0.18267420019808905,0.11603127948422563,2,0.2913602510091857,0.03295543291228973,0.09418900841992751,0.039440243721105925,0.09168736340294381,0.06894638809278535,0.009471926708293145,28,73,0.07088989790133132,0.15040361160133636,False,True,True,1.408244208093224e-06,COMPLETE
582,0.6132877588272095,2025-04-06 23:11:06.134905,2025-04-06 23:11:31.295439,0 days 00:00:25.160534,0.16084587117851937,0.1453302030288937,2,0.14242081265415307,0.03309664640175937,0.097879187192613,0.06190453145780224,0.08728675413919548,0.07394291827753817,0.018165887627392567,30,96,0.07115104275950858,0.1369402008591886,False,False,False,2.2825672925068903e-06,COMPLETE
583,0.551137900352478,2025-04-06 23:11:31.474998,2025-04-06 23:11:56.355893,0 days 00:00:24.880895,0.10765776069714555,0.07480683695621754,2,0.03305775261154116,0.011054301385055903,0.05297047315107371,0.06524104555368145,0.09425030401110507,0.08865530936135237,0.01225035024703732,29,67,0.06668418934740061,0.1718887397669477,True,False,False,3.810125072101102e-08,COMPLETE
584,0.6453457117080689,2025-04-06 23:11:56.534023,2025-04-06 23:12:20.636417,0 days 00:00:24.102394,0.13712324384630561,0.05978959023294997,2,0.08296493243217073,0.022449545775783307,0.05857071831548787,0.015449290557854309,0.0851371419431272,0.07128863957391147,0.020705143915212332,28,88,0.06570193835002373,0.14504238680467907,False,False,False,2.758797297917627e-07,COMPLETE
585,0.5254608988761902,2025-04-06 23:12:20.827723,2025-04-06 23:12:41.961201,0 days 00:00:21.133478,0.1412179027547002,0.09680146113281893,2,0.07689715873349295,0.021371339072837895,0.06008735179022644,0.003895011721337032,0.08423606136135774,0.07069531466254139,0.023208995063824917,28,89,0.06300034234213485,0.14280199136921065,False,False,True,2.8619986317116703e-07,COMPLETE
586,0.09159234166145325,2025-04-06 23:12:42.142195,2025-04-06 23:13:03.076167,0 days 00:00:20.933972,0.12262680830396286,0.06542639181128863,2,0.2994400214380051,0.00012396326602710783,0.05823752047015485,0.048257228900235066,0.08313179817631428,0.07249443390013892,0.019381182846112135,28,92,0.06500528169089723,0.1488049556940211,False,True,False,3.6413426378358586e-07,COMPLETE
587,0.6089990377426148,2025-04-06 23:13:03.269158,2025-04-06 23:13:27.624372,0 days 00:00:24.355214,0.14270875972858654,0.1127545752668659,2,0.10741453435433558,0.017602505803195813,0.05716016794303334,0.06289292833335873,0.08719145096302654,0.07119992659724833,0.021384228327817258,28,88,0.06358560546073083,0.13472214299971447,True,False,False,1.8233934065887905e-07,COMPLETE
588,0.49354956150054935,2025-04-06 23:13:27.803913,2025-04-06 23:13:51.995750,0 days 00:00:24.191837,0.11252111485981178,0.07373120614951542,2,0.09739240000213237,0.02451163053889406,0.05623153498087099,0.018940488325919543,0.08574363956582103,0.0670246665066958,0.022267549290664802,29,18,0.06190468395090411,0.1433672705753097,False,False,False,2.8362866043246063e-07,COMPLETE
589,0.6068433165550232,2025-04-06 23:13:52.186656,2025-04-06 23:14:16.738833,0 days 00:00:24.552177,0.1617177092483436,0.13966834565145525,2,0.2460050227366616,0.01422800706053441,0.05513421426576084,0.02091503766169897,0.08952201201339646,0.0690706064700215,0.01578180051617141,29,89,0.06682358023689605,0.007361035272441391,False,False,False,1.997095752548097e-07,COMPLETE
590,0.0949616700410843,2025-04-06 23:14:16.918888,2025-04-06 23:14:38.450365,0 days 00:00:21.531477,0.13504871701031163,0.08451609113999713,2,0.2605207549513212,0.02226078270425369,0.05413294875601606,0.009702194007080415,0.08228406590776084,0.07434724883408043,0.02282384357770789,28,86,0.0650155872039313,0.15629007967963915,True,True,True,3.350064390440872e-07,COMPLETE
591,0.3733653008937836,2025-04-06 23:14:38.643866,2025-04-06 23:15:02.615465,0 days 00:00:23.971599,0.15531919051747967,0.05970180577165362,2,0.08262758153374636,0.008498484339985497,0.05135230833738328,0.08042756393420446,0.09272418331723538,0.07124715193291677,0.015112859607971672,28,94,0.06675805293309137,0.14586615606775327,False,False,False,3.369068382295173e-07,COMPLETE
592,0.6522159457206727,2025-04-06 23:15:02.796585,2025-04-06 23:15:27.993292,0 days 00:00:25.196707,0.06952390722613223,0.09421847951646972,2,0.09366382947822964,0.03069151564079567,0.08880532887821915,0.01419649945398533,0.08521480149933609,0.06463362122209108,0.01931130067780483,30,83,0.06832404710447043,0.15299865188873016,False,False,False,3.951580892123014e-07,COMPLETE
593,0.6151917457580567,2025-04-06 23:15:28.187141,2025-04-06 23:15:53.505944,0 days 00:00:25.318803,0.055447185819513786,0.12877585785117865,2,0.08541799337263395,0.028786634164160115,0.08807230719512908,0.015182627888440974,0.08752090775053133,0.06739289068422331,0.021008528280956708,30,82,0.06802263008186037,0.1379823294824176,False,False,False,2.1808906220578404e-07,COMPLETE
594,0.5617331981658936,2025-04-06 23:15:53.687871,2025-04-06 23:16:15.869853,0 days 00:00:22.181982,0.038085140335268816,0.10682935367389336,2,0.0868042685979468,0.020614685842273703,0.09106196628925989,0.016961627504359825,0.08546770322072868,0.06286308050977721,0.024972553171507792,30,83,0.06781719895143787,0.13122457484750932,True,False,True,4.0830500061467106e-07,COMPLETE
595,0.09159234166145325,2025-04-06 23:16:16.065240,2025-04-06 23:16:38.120188,0 days 00:00:22.054948,0.06966507596583728,0.11522344702044444,2,0.0899150952913296,0.02857829825161163,0.09076779518580341,0.01584341386918746,0.08993747528515984,0.06060781716072079,0.018370283455213715,30,87,0.06948785125930704,0.15061303273045012,False,True,False,4.2065434589633904e-07,COMPLETE
596,0.3512481272220612,2025-04-06 23:16:38.303301,2025-04-06 23:17:03.175881,0 days 00:00:24.872580,0.06480075962358352,0.09539140577993013,2,0.09298257284914076,0.018217468946869115,0.09384944388467006,0.02005181844281964,0.08660650722237383,0.06625321945895983,0.017792473347996968,30,25,0.05964865766138187,0.14503261503908435,False,False,False,3.0952927837299257e-07,COMPLETE
597,0.5612982630729676,2025-04-06 23:17:03.371757,2025-04-06 23:17:28.038239,0 days 00:00:24.666482,0.07070509050798202,0.15954749415716094,2,0.09552369422039336,0.032639031682662134,0.0889278851773145,0.027957419408286256,0.08523944471195846,0.05420789574924048,0.01415389493710732,29,84,0.06255959294982114,0.12075668891450134,True,False,False,4.178651485921056e-07,COMPLETE
598,0.45021618604660035,2025-04-06 23:17:28.222296,2025-04-06 23:17:53.411110,0 days 00:00:25.188814,0.11130768003833352,0.09344528589036097,2,0.08148770508496177,0.022827940204199263,0.09178139732506088,0.011408526158635628,0.08950211540295186,0.06490832035364283,0.01925965547997311,30,92,0.07017151191657571,0.1510845817327627,False,False,False,2.994264613947634e-07,COMPLETE
599,0.10635935068130495,2025-04-06 23:17:53.595613,2025-04-06 23:18:15.193000,0 days 00:00:21.597387,0.02582673671072911,0.20530545505878905,2,0.09065559899336181,0.01000471261432576,0.09637342167541091,0.013648879977456034,0.08778369000097984,0.06896474700068918,0.0005864392759593758,29,58,0.06520418586082379,0.14155297433240824,False,True,True,2.4377696244249914e-07,COMPLETE
600,0.6582544684410095,2025-04-06 23:18:15.386146,2025-04-06 23:18:40.145574,0 days 00:00:24.759428,0.08072984607612725,0.12659788877735306,2,0.10149735984510304,0.025900721875358454,0.09577894196213319,0.03300542198727988,0.027451686361398716,0.07423779430209396,0.02420283405475111,29,87,0.06863038229072846,0.15313039772762166,False,False,False,2.4477099805509847e-08,COMPLETE
601,0.46054320931434634,2025-04-06 23:18:40.329239,2025-04-06 23:19:05.157039,0 days 00:00:24.827800,0.05232731853030236,0.6168022862517877,2,0.10242599905102713,0.02350207618868545,0.08722270564065304,0.013424841840733677,0.027575738565901,0.0738962178507168,0.024923071826840806,29,88,0.06833412743322398,0.15546583073935172,True,False,False,2.9923289381079e-08,COMPLETE
602,0.6168201923370361,2025-04-06 23:19:05.351313,2025-04-06 23:19:29.874647,0 days 00:00:24.523334,0.0865132017196929,0.14315856024125106,2,0.10132908417229704,0.01124466974305885,0.09558699176712881,0.035671740056009434,0.025343859719493378,0.07188320988314115,0.024349985466471,29,90,0.06592247329577308,0.13615259231209084,False,False,False,2.161653697414532e-08,COMPLETE
603,0.3409203588962555,2025-04-06 23:19:30.059445,2025-04-06 23:19:51.912870,0 days 00:00:21.853425,0.08563781289420724,0.12170285435398143,2,0.1144814188965953,0.017203553400173655,0.09389315954360616,0.033494544634352155,0.08331284901627196,0.07417760984677746,0.0393414317103537,29,86,0.07057495111678956,0.14911676642363964,False,False,True,2.3550258159353025e-08,COMPLETE
604,0.09159234166145325,2025-04-06 23:19:52.107740,2025-04-06 23:20:13.117610,0 days 00:00:21.009870,0.5573882762628481,0.15647349226774476,2,0.09379478160588775,0.027685605894380464,0.09754093380400418,0.013113551594949185,0.09091632861604572,0.07182853019091061,0.030951379640886276,28,82,0.06372830671023591,0.15150304429492786,True,True,False,1.9058916297066884e-08,COMPLETE
605,0.6158429503440858,2025-04-06 23:20:13.302745,2025-04-06 23:20:38.946981,0 days 00:00:25.644236,0.06796119679499198,0.1171774897591434,2,0.10403220694943366,0.016289037554355387,0.09851621474296193,0.01024022795757902,0.02827025373915769,0.07499351011989733,0.033060985540003106,30,86,0.06812905392550425,0.15496972751666427,False,False,False,2.716451271139742e-08,COMPLETE
606,0.5996013045310974,2025-04-06 23:20:39.141431,2025-04-06 23:20:56.935253,0 days 00:00:17.793822,0.10630928509117202,0.13867359907908422,2,0.0969268768053009,0.024946714397092326,0.09298364686639865,0.02339283737562943,0.09582323676577617,0.07036276633829523,0.02042708462440454,18,89,0.03909215740594391,0.2442690050998427,False,False,False,3.6327956019825936e-08,COMPLETE
607,0.6077602863311768,2025-04-06 23:20:57.120045,2025-04-06 23:21:22.091494,0 days 00:00:24.971449,0.044876963048263684,0.16979943617584872,2,0.1083590625276588,0.03025856240897103,0.09534155255764357,0.022553174793991534,0.08524242945082822,0.07341503576474154,0.017150804066971906,29,83,0.06877113745010073,0.14409137735268507,True,False,False,2.8452666409194456e-08,COMPLETE
608,0.09159234166145325,2025-04-06 23:21:22.288903,2025-04-06 23:21:44.729884,0 days 00:00:22.440981,0.10572362888420671,0.132146553042177,2,0.08631899107603663,0.0145450611247241,0.09631875910246747,0.016163406217810476,0.08815788078211831,0.0751316222659854,0.02183343858713717,30,96,0.07131499904015655,0.12597726635673126,False,True,True,1.650290166437611e-08,COMPLETE
609,0.09159234166145325,2025-04-06 23:21:44.917588,2025-04-06 23:22:09.512621,0 days 00:00:24.595033,0.08446402382333411,0.10172890696968229,2,0.09945234301043762,0.005162471087625849,0.09085509279474503,0.05976854460910772,0.08677775402538926,0.06863802683255056,0.016882210333932456,29,92,0.0662688129789468,0.15637059357623437,False,False,False,2.3134271916821263e-08,COMPLETE
610,0.5411856770515442,2025-04-06 23:22:09.709757,2025-04-06 23:22:33.698011,0 days 00:00:23.988254,0.12942189301990337,0.08917840761351464,2,0.09252593784963538,0.03261722783592287,0.09276086713928566,0.02949956472113656,0.029072724567383273,0.07279876685697424,0.013313885273446258,28,86,0.06860478523246859,0.22463025042296025,False,False,False,1.4729881626862277e-08,COMPLETE
611,0.5028306365013122,2025-04-06 23:22:33.885401,2025-04-06 23:22:58.048906,0 days 00:00:24.163505,0.010207480706246747,0.10989356250693035,2,0.10401175367303445,0.022914558256689203,0.09397266618464152,0.006780081123598531,0.015408215993525617,0.07027712093963688,5.210002047151958e-05,28,80,0.06533296238091146,0.13812497473379504,True,False,False,2.1010633963244416e-08,COMPLETE
612,0.49046653509140015,2025-04-06 23:22:58.246363,2025-04-06 23:23:20.337612,0 days 00:00:22.091249,0.07143015816711606,0.12824050821202188,2,0.08851568939141712,0.03614686784691631,0.09751546308966534,0.028024034964821764,0.02549859510469167,0.07544141143568177,0.015074420580759773,30,84,0.07177331212862793,0.14866553595060672,False,False,True,4.229062542161165e-08,COMPLETE
613,0.09159234166145325,2025-04-06 23:23:20.524118,2025-04-06 23:23:42.028884,0 days 00:00:21.504766,0.10910306150161943,0.25607351494448966,2,0.0717734342935402,0.028003426331680407,0.08917142803614565,0.014722093138482197,0.08473788888319446,0.07192075192924798,0.02596734427965529,29,90,0.0671378582541559,0.14461355930222894,False,True,False,3.003511582377936e-08,COMPLETE
614,0.5954360365867615,2025-04-06 23:23:42.229170,2025-04-06 23:24:08.040869,0 days 00:00:25.811699,0.03750451851535846,0.1647882867666786,2,0.22599033701472224,0.01562749225156792,0.062141904276355804,0.0840186042126651,0.031060164696659252,0.06783612803519562,0.034505370877968525,30,83,0.06353323192144891,0.16040540464000705,True,False,False,3.183829198858889e-08,COMPLETE
615,0.6004195809364319,2025-04-06 23:24:08.232518,2025-04-06 23:24:31.640607,0 days 00:00:23.408089,0.4857509532867714,0.147644504242763,2,0.18403673848394972,0.032621286490555276,0.09299339072762648,0.05081719832236175,0.02720503936519153,0.07340156454992736,0.01166799079232785,27,104,0.06915240412567653,0.1309812751392424,False,False,False,1.2492397237011205e-06,COMPLETE
616,0.5633154034614564,2025-04-06 23:24:31.841125,2025-04-06 23:24:53.356681,0 days 00:00:21.515556,0.13690744883155764,0.08320457564558206,2,0.11407004732289645,0.02109843602028409,0.09971179022221287,0.040968373213760303,0.0824913673959454,0.07551147064640105,0.019090480312980836,29,86,0.07017261446540196,0.13985257560434647,False,False,True,4.6067371171033456e-07,COMPLETE
617,0.09159234166145325,2025-04-06 23:24:53.544935,2025-04-06 23:25:14.555401,0 days 00:00:21.010466,0.0780447029215826,0.09985563198314339,2,0.10809110925382186,0.006141146640924647,0.09456740928419688,0.01760081219355722,0.030180745720751273,0.07073448075181919,0.014119765241027562,28,81,0.06723121646890894,0.15453232482305942,True,True,False,4.9055701804416126e-08,COMPLETE
618,0.3930113971233368,2025-04-06 23:25:14.756260,2025-04-06 23:25:39.919762,0 days 00:00:25.163502,0.053066933908673744,0.07586689403716357,2,0.08007805017849266,0.13938840059482088,0.02940840451986329,0.045586501527495785,0.0029948727604264215,0.07367786572396177,0.022242083852257073,30,93,0.05325133897400946,0.1619418663364252,False,False,False,2.542818964992748e-07,COMPLETE
619,0.6418550491333008,2025-04-06 23:25:40.108686,2025-04-06 23:26:05.064786,0 days 00:00:24.956100,0.12200005582497217,0.11336988057748357,2,0.21311708309777602,0.03515012567199641,0.058366474369499294,0.007441624331592213,0.09196563356354727,0.06895425121358803,0.011919303150480724,29,88,0.07221353285736924,0.1514322464140739,False,False,False,2.1743144001999393e-08,COMPLETE
620,0.3388018012046814,2025-04-06 23:26:05.266666,2025-04-06 23:26:29.804659,0 days 00:00:24.537993,0.11651906908930904,0.11021770014159886,2,0.24802871691293768,0.29008875691174874,0.059094143055567136,0.005266683809328217,0.09303713076183202,0.07074155665043957,0.016840402040062267,29,89,0.0723810287096977,0.14705209479404893,False,False,False,2.0848372018441097e-08,COMPLETE
621,0.35165554285049444,2025-04-06 23:26:29.993420,2025-04-06 23:26:51.828948,0 days 00:00:21.835528,0.12107395039024542,0.12624292854912,2,0.09783268533850685,0.024800139775533664,0.05907028447641434,0.020401798179601104,0.08959358731359784,0.06405938086046348,0.01124836731987244,29,114,0.07091344047221916,0.15096968175522335,True,False,True,1.3640125880399281e-08,COMPLETE
622,0.09159234166145325,2025-04-06 23:26:52.029867,2025-04-06 23:27:13.125022,0 days 00:00:21.095155,0.10195110702422751,0.13910883577546618,2,0.2708387447749171,0.03334437528810695,0.05672042002328024,0.007942415952340751,0.0920566438167262,0.06659412788440869,0.014220765990187791,28,91,0.07223871607358825,0.14159187013254898,False,True,False,1.8146949965640897e-08,COMPLETE
623,0.396271562576294,2025-04-06 23:27:13.316829,2025-04-06 23:27:38.705323,0 days 00:00:25.388494,0.5224350220337165,0.51830991266019,2,0.28681008984444156,0.017063231122440542,0.08710058869593933,0.037065899325745125,0.09302952967457483,0.05865157373388192,0.01255106691643446,30,87,0.068784160095884,0.1334744324701386,False,False,False,2.30730093165227e-08,COMPLETE
624,0.601981246471405,2025-04-06 23:27:38.909674,2025-04-06 23:28:03.738500,0 days 00:00:24.828826,0.1353582295046854,0.1167881723918669,2,0.19920375052179098,0.02608875500016544,0.057631113970223656,0.02155708685190188,0.09009405193346859,0.06808822916120796,0.018713994729315297,29,95,0.04593788072728383,0.14701013223647794,True,False,False,2.5681794966655534e-08,COMPLETE
