number,value,datetime_start,datetime_complete,duration,params_alpha-eval,params_alpha-train,params_batch-size,params_eps-eval,params_eps-train,params_lambda-actions-eval,params_lambda-actions-train,params_lambda-frames-eval,params_lambda-frames-train,params_learning-rate,params_n-epochs,params_n-frames,params_radius-gw,params_rho,params_std-feats,params_ub-actions,params_ub-frames,params_weight-decay,state
1251,0.6705971002578736,2025-04-07 03:27:43.630129,2025-04-07 03:28:06.010537,0 days 00:00:22.380408,0.12418517849991129,0.16819349804071237,2,0.0533798356764941,0.03793148274398308,0.07446575011304099,0.0982959927340242,0.09185895499614828,0.08603662407090468,0.006587928077722789,25,85,0.0909183083093154,0.12314065525963434,False,False,False,2.798690586966605e-08,COMPLETE
1252,0.5625379443168641,2025-04-07 03:28:06.406064,2025-04-07 03:28:29.174153,0 days 00:00:22.768089,0.15804881692765474,0.44211780869110495,2,0.04715442789506715,0.058445171176117465,0.06974719878649417,0.09993393666163726,0.09601406309318582,0.08486673016927768,0.00885532943786735,26,90,0.08717515531502043,0.11786277913112969,False,False,False,1.7767934969040125e-08,COMPLETE
1253,0.606997013092041,2025-04-07 03:28:29.572425,2025-04-07 03:28:41.446451,0 days 00:00:11.874026,0.10978883957482244,0.2241749711295087,2,0.056594119446710035,0.05012184981711275,0.07236864050829946,0.09655853123760688,0.08997850257190447,0.08436153852073028,0.005859569506840254,8,88,0.08963316368065004,0.11366188343874092,False,False,False,2.1171122842208754e-08,COMPLETE
1254,0.6596532940864563,2025-04-07 03:28:41.844519,2025-04-07 03:29:04.865582,0 days 00:00:23.021063,0.13751752119860078,0.10712216930416386,2,0.03548933501895281,0.033176693600331514,0.07095287495398388,0.0952499184599783,0.09826198043530657,0.08913913572866594,0.007049356631287381,26,85,0.09109909042495279,0.1292670719882233,False,False,False,1.5368347172503945e-08,COMPLETE
1255,0.4624141097068787,2025-04-07 03:29:05.281951,2025-04-07 03:29:27.109680,0 days 00:00:21.827729,0.871797099991411,0.1303639034523049,2,0.04234239162808444,0.04507542472311465,0.0667492291712164,0.04394004370489804,0.09361885057975891,0.08641230413264288,0.005710327641892257,24,94,0.0862729423903143,0.12460765951631478,False,False,False,1.5381498706303757e-08,COMPLETE
1256,0.5104051113128663,2025-04-07 03:29:27.511129,2025-04-07 03:29:50.066513,0 days 00:00:22.555384,0.10749357519037439,0.16327935909133842,2,0.04847180468950415,0.13209297030334102,0.07361652416560492,0.0851782977317198,0.09569527290916861,0.08346718350153978,0.008856869976264963,25,88,0.012651461492073454,0.1135562784954272,False,False,False,2.1829847354373732e-08,COMPLETE
1257,0.444456547498703,2025-04-07 03:29:50.468657,2025-04-07 03:30:13.303059,0 days 00:00:22.834402,0.13676720313118765,0.19257414116284738,2,0.05769946628359372,0.1415470193154943,0.06916198681231202,0.08963031886377343,0.09674282717057488,0.08730660103367142,0.006389746441737005,26,85,0.08848149755120843,0.11861185366517428,False,False,False,1.2642261028205025e-08,COMPLETE
1258,0.39615801572799686,2025-04-07 03:30:13.705905,2025-04-07 03:30:36.647325,0 days 00:00:22.941420,0.10908251663740728,0.14900060369780763,2,0.05177743099231962,0.039475433503165944,0.07508678363022293,0.09467636240093688,0.09209483641445873,0.08153349032071792,0.005289946445763942,26,91,0.09131623553014973,0.19277077836925718,False,False,False,1.7704732958349553e-08,COMPLETE
1259,0.6123913764953614,2025-04-07 03:30:37.049522,2025-04-07 03:30:59.175929,0 days 00:00:22.126407,0.5190439106830853,0.1102302863033835,2,0.030842095489352385,0.05479772514232902,0.07255178577461703,0.09095147743801754,0.050110339786283056,0.08502781893130862,0.007443184636282631,25,84,0.09228094674399286,0.10985085206562833,False,False,False,3.270382128838622e-08,COMPLETE
1260,0.6179045081138611,2025-04-07 03:30:59.583937,2025-04-07 03:31:22.538660,0 days 00:00:22.954723,0.09562423605753889,0.1819350455710482,2,0.04354148195508645,0.04517271746816001,0.0642386827823227,0.09680016464617294,0.09436108542809435,0.08328074657600491,0.005848271982088763,26,88,0.08518015064296737,0.1228683271283165,False,False,False,1.2162953890285245e-08,COMPLETE
1261,0.6752356767654419,2025-04-07 03:31:22.938571,2025-04-07 03:31:45.135042,0 days 00:00:22.196471,0.11970593641107394,0.1314863699351081,2,0.035207007517243136,0.04987546646189326,0.07067346152649771,0.09296052522697265,0.09837866998898431,0.08285085229548753,0.008571890002637712,25,84,0.09037131926875921,0.11654573338334435,False,False,False,2.594279649541763e-08,COMPLETE
1262,0.6147022485733032,2025-04-07 03:31:45.533080,2025-04-07 03:32:08.503315,0 days 00:00:22.970235,0.15464572590743902,0.16079958750434128,2,0.05664283395052863,0.032218967140000734,0.0750289873332948,0.0875817063647008,0.09831770860134077,0.09021636812737124,0.004058417425611653,26,89,0.09313055842979781,0.1319499313480227,False,False,False,1.0017367813506214e-08,COMPLETE
1263,0.5631675601005555,2025-04-07 03:32:08.901451,2025-04-07 03:32:30.909224,0 days 00:00:22.007773,0.09515637601472841,0.19696490025898372,2,0.05099663223694647,0.06176332047778792,0.06790290510538072,0.09451236921845478,0.08971330592673216,0.08581993180512754,0.0028380033588139516,24,94,0.08922793965122455,0.1112674114037467,False,False,False,1.5072385015115096e-08,COMPLETE
1264,0.6744282603263856,2025-04-07 03:32:31.310089,2025-04-07 03:32:53.522151,0 days 00:00:22.212062,0.13487627126263477,0.13350974368893512,2,0.041232851235743356,0.04074285859443788,0.07296409881361227,0.09168804155794484,0.09991978362190418,0.07675070334221905,0.009336666692934585,25,86,0.09321720385843066,0.12631683504082686,False,False,False,1.933964301395306e-08,COMPLETE
1265,0.5136234879493714,2025-04-07 03:32:53.925050,2025-04-07 03:33:16.943140,0 days 00:00:23.018090,0.12118131333132498,0.2790330769299262,2,0.06111062961166592,0.05309479846400989,0.07111533083790321,0.08457340516330847,0.0950017260922573,0.08196519774545263,0.006678545924796947,26,144,0.08725486762986498,0.21099680460400774,False,False,False,1.2252044284771708e-08,COMPLETE
1266,0.6200442433357238,2025-04-07 03:33:17.342141,2025-04-07 03:33:40.729517,0 days 00:00:23.387376,0.08599193091613919,0.24133154921774883,2,0.025257870951376896,0.036595153231466046,0.07500659198047112,0.08846204202513988,0.09327838274380118,0.08844325471322112,0.0052585418705763335,27,83,0.09149196518512116,0.11864170748202524,False,False,False,1.540908299201358e-08,COMPLETE
1267,0.6156947255134583,2025-04-07 03:33:41.135248,2025-04-07 03:34:03.879274,0 days 00:00:22.744026,0.1533787576311667,0.15204971497573,2,0.034894773208174384,0.04732676588327944,0.06555293441772786,0.09823873063627876,0.0968998174907095,0.0840562514378167,0.0034565629824490664,26,90,0.0883852628578279,0.1124705266961848,False,False,False,2.3365738705417725e-08,COMPLETE
1268,0.4701571583747864,2025-04-07 03:34:04.282772,2025-04-07 03:34:26.585113,0 days 00:00:22.302341,0.11165810639461883,0.10858882682650978,2,0.0588898307853572,0.0590681321295873,0.06954712122694585,0.09595967360668595,0.09224855287697337,0.07913704627531791,0.004761850144270572,25,87,0.09425004984886458,0.26928117669112983,False,False,False,1.8599980844478466e-08,COMPLETE
1269,0.5737076163291932,2025-04-07 03:34:26.986305,2025-04-07 03:34:50.663575,0 days 00:00:23.677270,0.6127103723788443,0.17774979839802363,2,0.04832048054803561,0.04213164077398369,0.0728263130045515,0.09359312970761852,0.017222320178492838,0.032218539697699486,0.007666649688403523,27,92,0.08516022062714168,0.1303767412194086,False,False,False,1.2058737000471982e-08,COMPLETE
1270,0.5563821196556091,2025-04-07 03:34:51.063603,2025-04-07 03:35:13.368397,0 days 00:00:22.304794,0.05780491633641712,0.21027608079151974,2,0.02886821050618324,0.05175442552196476,0.07583393748375325,0.09056048686000288,0.0961456888881723,0.07679512073322495,0.0062334152053786125,25,83,0.0898930218810269,0.12111606185332648,False,False,False,1.4336577984800825e-08,COMPLETE
1271,0.6175097584724426,2025-04-07 03:35:13.790070,2025-04-07 03:35:22.679009,0 days 00:00:08.888939,0.0938465200625845,0.1519968132772646,16,0.05501497398635692,0.03273487060153696,0.07391110378998822,0.09609084922461236,0.0904012909578398,0.08020090831428558,0.0041413604657028315,26,86,0.09217839756247738,0.10998939402275813,False,False,False,1.010345411067889e-08,COMPLETE
1272,0.6206101298332214,2025-04-07 03:35:23.085698,2025-04-07 03:35:44.729644,0 days 00:00:21.643946,0.13931420143914522,0.12941403283656028,2,0.04167874760939111,0.04525269276422617,0.06739807599207334,0.09277783791115303,0.09853465342867004,0.08564908745172492,0.005622689495598849,24,89,0.09470238996909378,0.0710791115781671,False,False,False,1.740107990046496e-08,COMPLETE
1273,0.6587843418121337,2025-04-07 03:35:45.135959,2025-04-07 03:36:08.784183,0 days 00:00:23.648224,0.1652371729460934,0.16922881143990565,2,0.06280196637064345,0.03883744825066468,0.07106800863820067,0.0865921994185337,0.09384595836061999,0.08167681391309765,0.0034284101383916187,27,83,0.08704709451965063,0.11571664818186907,False,False,False,2.9829750829940063e-08,COMPLETE
1274,0.5137364149093628,2025-04-07 03:36:09.193010,2025-04-07 03:36:32.285361,0 days 00:00:23.092351,0.07162998230567516,0.19277973340878626,2,0.024128679125653668,0.05561289847789695,0.07241035455207945,0.0895504267017995,0.09548776905783513,0.07773901558213711,0.009334764606231593,26,86,0.09278377819440939,0.2783747726751967,False,False,False,1.2976847199821336e-08,COMPLETE
1275,0.608223557472229,2025-04-07 03:36:32.695958,2025-04-07 03:36:55.009072,0 days 00:00:22.313114,0.11000392220372593,0.10886106794474895,2,0.04839103536322175,0.04737028537809488,0.06952176997623834,0.09467801399278744,0.09691058576748907,0.08386619683329945,0.007098517773992003,25,96,0.08994336698833887,0.1250271747763956,False,False,False,2.258154763337395e-08,COMPLETE
1276,0.43749848604202274,2025-04-07 03:36:55.416773,2025-04-07 03:37:18.478617,0 days 00:00:23.061844,0.13255413320571002,0.14513647210675867,2,0.03611149897511186,0.06361820852911798,0.07522636402693403,0.09827678983658644,0.08957540869896971,0.07504194048616972,0.004252972338517302,26,137,0.09510741332391291,0.10883015931252746,False,False,False,1.503813776164439e-08,COMPLETE
1277,0.65585275888443,2025-04-07 03:37:18.885248,2025-04-07 03:37:42.275725,0 days 00:00:23.390477,0.0813553847044125,0.16635480315673112,2,0.05609032099605543,0.03251096690011956,0.07184658280241207,0.09172631588640708,0.09166268665735701,0.08778846905842237,0.005440379568522598,27,81,0.08874239258670127,0.12100321541353165,False,False,False,1.825539866458799e-08,COMPLETE
1278,0.4666367590427399,2025-04-07 03:37:42.682801,2025-04-07 03:38:05.523825,0 days 00:00:22.841024,0.09715456580333433,0.12567117044934295,2,0.062473258458749445,0.03854345134564994,0.06784702006631316,0.08900154204562222,0.09865355226384832,0.0790470254158209,0.0050104965184112615,26,91,0.09199765611804464,0.11426987763183365,False,False,False,1.2691623097320685e-08,COMPLETE
1279,0.5846186637878419,2025-04-07 03:38:05.925977,2025-04-07 03:38:28.371380,0 days 00:00:22.445403,0.1577987109579062,0.18337802363062075,2,0.04462598001679169,0.05252655298898127,0.06365761674194723,0.09334353847934723,0.09437781760000284,0.0015094955534210724,0.006524611536660461,25,84,0.09621726318852418,0.1267129584519041,True,False,False,1.0130454378558954e-08,COMPLETE
1280,0.6522836446762086,2025-04-07 03:38:28.783684,2025-04-07 03:38:52.302237,0 days 00:00:23.518553,0.06253769291968009,0.1499698240592958,2,0.0316781656616251,0.04332458121408342,0.0738599676041599,0.05557908881360407,0.09688433126446218,0.08204286572287839,0.009128380168705857,27,88,0.08483796449208127,0.2206065346822104,False,False,False,3.689917895618021e-08,COMPLETE
1281,0.60433908700943,2025-04-07 03:38:52.710525,2025-04-07 03:39:15.773777,0 days 00:00:23.063252,0.1196720734853466,0.22646048399654783,2,0.05372758429680141,0.04683422703366208,0.07608162654163723,0.09673215908631043,0.09293925610721757,0.08001310193094165,0.002874563815459005,26,80,0.09404021737576043,0.07879820646071016,False,False,False,2.4747394099706822e-08,COMPLETE
1282,0.6118951797485351,2025-04-07 03:39:16.184641,2025-04-07 03:39:38.593697,0 days 00:00:22.409056,0.10215470038478004,0.13324033238903701,2,0.06770643817638926,0.05524482042476187,0.07097252259336156,0.0918447450265542,0.09835765482055146,0.08467004279321563,0.00391246956457406,25,93,0.09080252348547606,0.13218167679151804,False,False,False,1.51499341657979e-08,COMPLETE
1283,0.48174705505371096,2025-04-07 03:39:38.998084,2025-04-07 03:40:00.894153,0 days 00:00:21.896069,0.0777093567675122,0.16556865246778854,2,0.03875200490391964,0.0684169472302742,0.07358280266371615,0.09468288888246319,0.09987025057193195,0.08243087306129014,0.00786929667246771,24,85,0.08761666609148894,0.11729479679997933,False,False,False,1.9741554165055817e-08,COMPLETE
1284,0.634741246700287,2025-04-07 03:40:01.320601,2025-04-07 03:40:25.758477,0 days 00:00:24.437876,0.0442418807391864,0.10637405449297763,2,0.0584422642860245,0.03179102509453286,0.06880987496115111,0.08704575497393996,0.0949508158693072,0.07789989369013346,0.004578096472842185,28,88,0.09584961785458057,0.1106370339828299,False,False,False,1.262441058226782e-08,COMPLETE
1285,0.6005676865577698,2025-04-07 03:40:26.171357,2025-04-07 03:40:49.728433,0 days 00:00:23.557076,0.15424630096446046,0.20153633822109546,2,0.07092187367969084,0.04177042345045889,0.0758785044981883,0.08447473978525437,0.09992488172053549,0.08049249924665926,0.005991259601250802,27,82,0.09235920674506366,0.12156085120550637,True,False,False,1.140395369749581e-05,COMPLETE
1286,0.6079004645347595,2025-04-07 03:40:50.138976,2025-04-07 03:41:13.111992,0 days 00:00:22.973016,0.12705574381833007,0.1487133247260208,2,0.05033439065548796,0.049332623581349974,0.06604577310552169,0.09988750525426428,0.09167190036497477,0.0751661546077244,0.003358066108991539,26,90,0.09361138892968221,0.10618376959422972,False,False,False,1.0000820691931524e-08,COMPLETE
1287,0.4750329732894898,2025-04-07 03:41:13.522129,2025-04-07 03:41:27.695257,0 days 00:00:14.173128,0.8240295094467269,0.18177443370260343,2,0.022699777030879456,0.03921843254314218,0.07851335942673417,0.08953207285289738,0.08938736195929257,0.08590320529190898,0.005112632232068723,12,85,0.09010085735112199,0.11702542711742309,False,False,False,1.6707120679104e-08,COMPLETE
1288,0.6053547263145447,2025-04-07 03:41:28.107843,2025-04-07 03:41:50.402499,0 days 00:00:22.294656,0.05993501681075844,0.12196618580718674,2,0.06209294360484499,0.06047029569546204,0.0702173833636066,0.09660407331260848,0.06930671913642775,0.09004246510224412,0.0071899574460451,25,81,0.018819170389916172,0.10867534533841933,False,False,False,1.2353765240845314e-08,COMPLETE
1289,0.5578234076499939,2025-04-07 03:41:50.812810,2025-04-07 03:42:06.419164,0 days 00:00:15.606354,0.09143074402983582,0.3472832045685753,2,0.04209080180087672,0.0754055724853611,0.07247719746541739,0.09097281527299989,0.09683870157471092,0.08381770526060114,0.0005412997044058674,14,87,0.09801485722818616,0.13066214259492723,False,False,False,2.7153085895500205e-08,COMPLETE
1290,0.6119136571884156,2025-04-07 03:42:06.830489,2025-04-07 03:42:24.299134,0 days 00:00:17.468645,0.11603966026389731,0.16503696943555635,2,0.0282322843897797,0.03535224482615047,0.02726044848656941,0.09395104795240584,0.094821710386047,0.07750606152091437,0.004341571412044716,17,93,0.09607670601377709,0.11346104080609687,False,False,False,2.0128099731871666e-08,COMPLETE
1291,0.6113423109054565,2025-04-07 03:42:24.708554,2025-04-07 03:42:47.932059,0 days 00:00:23.223505,0.17601111042265255,0.13999442249836647,2,0.06628523921757876,0.04665828610964023,0.07437434624373913,0.09527471823926179,0.09289250013395889,0.08093612758358039,0.009567079738194624,26,78,0.08588172210279948,0.1222816678852708,True,False,False,1.564932672863856e-08,COMPLETE
1292,0.5097002506256104,2025-04-07 03:42:48.345577,2025-04-07 03:42:57.367043,0 days 00:00:09.021466,0.14194862125476587,0.3184686130927571,16,0.05329358364808916,0.05562368527699686,0.07739558674609538,0.09168520499328792,0.056285516117237935,0.08731043755687853,0.00615761784581684,27,123,0.09391824222063379,0.12700215428389355,False,False,False,1.6390049519926304e-05,COMPLETE
1293,0.6567706108093262,2025-04-07 03:42:57.776306,2025-04-07 03:43:21.934253,0 days 00:00:24.157947,0.07500258281951419,0.11354540696984688,2,0.07309644730231797,0.04302870375560337,0.07109588818853037,0.09751747827620107,0.0965037295307571,0.07930448821305909,0.003672132582266377,28,84,0.0886680899337641,0.1085543867347977,False,False,False,1.2722067332936284e-08,COMPLETE
1294,0.6081249117851257,2025-04-07 03:43:22.342734,2025-04-07 03:43:45.404899,0 days 00:00:23.062165,0.10556200652446959,0.18905932048797386,2,0.03291477865915539,0.05033401066478566,0.06791650485505336,0.08825648547622081,0.09442251638861895,0.08268605518599353,0.005073519537938978,26,100,0.09203306015546399,0.11762489865712385,False,False,False,2.1423140947838627e-08,COMPLETE
1295,0.6154175639152527,2025-04-07 03:43:45.816832,2025-04-07 03:44:08.213097,0 days 00:00:22.396265,0.041248270819061156,0.21993906730438248,2,0.0479456405593638,0.03112535336116104,0.07528745999156841,0.09331565025651783,0.09744448978201065,0.07660304804348951,0.007646040359011321,25,90,0.09670218964632882,0.11227490645155289,False,False,False,1.0024924929386582e-08,COMPLETE
1296,0.6149810194969177,2025-04-07 03:44:08.645804,2025-04-07 03:44:31.606282,0 days 00:00:22.960478,0.13580185609476306,0.15910456896541306,2,0.05843194097182467,0.03783712938823371,0.0728022509763865,0.052263321393797024,0.01416749660589441,0.08074689016520367,0.0025013656209884913,26,82,0.08676788061431073,0.12172578891812838,False,False,False,1.695251117301819e-08,COMPLETE
1297,0.47529907226562507,2025-04-07 03:44:32.021686,2025-04-07 03:44:54.497614,0 days 00:00:22.475928,0.08681034097210907,0.5394499142243142,2,0.0655615726861651,0.0514342380656148,0.06932919939724633,0.09026340139721153,0.09168007992862734,0.08430586837084642,0.005965961136742511,25,87,0.09083426806923059,0.13161291873827727,True,False,False,1.0007391489480465e-08,COMPLETE
1298,0.5443752884864808,2025-04-07 03:44:54.913930,2025-04-07 03:45:18.305516,0 days 00:00:23.391586,0.6673244658976252,0.13411554619822236,2,0.03840072815768214,0.05860131076012433,0.07437254597309573,0.0866897604995038,0.09538575831280917,0.01812871639644721,0.004089405073283995,27,84,0.03639056796690149,0.10598842269771061,False,False,False,1.459893442081647e-08,COMPLETE
1299,0.6164266347885132,2025-04-07 03:45:18.716940,2025-04-07 03:45:40.309274,0 days 00:00:21.592334,0.06195084522316081,0.17728233134332275,2,0.07448251326151437,0.04469610902941961,0.07143081965418105,0.09488241331744834,0.09823236626554434,0.07834418644501648,0.009140007594660556,24,95,0.09450764070247852,0.11533481225827305,False,False,False,2.616535127472599e-08,COMPLETE
1300,0.6435651302337646,2025-04-07 03:45:40.727222,2025-04-07 03:46:03.881095,0 days 00:00:23.153873,0.11902884544682099,0.14954938171551183,2,0.04751060273581397,0.03737757052268087,0.06612470323093465,0.09207589664630358,0.09321125632704312,0.08180972599160122,0.0030888808451832346,26,89,0.08885090820072318,0.0854399078911534,False,False,False,1.2630916871612181e-08,COMPLETE
1301,0.6128870010375977,2025-04-07 03:46:04.293562,2025-04-07 03:46:27.882737,0 days 00:00:23.589175,0.026568763181702627,0.11079264259521888,2,0.05862708029930874,0.06466880872094423,0.07683945195089104,0.047986510836658634,0.09005464408443527,0.08662668931661026,0.004751951966728231,27,80,0.09765274063611613,0.1256349958954866,False,False,False,1.882908518564292e-08,COMPLETE
1302,0.46967248916625975,2025-04-07 03:46:28.296260,2025-04-07 03:46:52.577008,0 days 00:00:24.280748,0.10103722440171471,0.19652706724782848,2,0.07037649542519017,0.0873262203493009,0.07292825500634312,0.049778657421654895,0.09668007153482086,0.0751476928461476,0.007390599253430242,28,87,0.08476295776348716,0.10612759330953228,False,False,False,1.3872658347635392e-08,COMPLETE
1303,0.48468171358108525,2025-04-07 03:46:52.988588,2025-04-07 03:47:16.584077,0 days 00:00:23.595489,0.17386891330561632,0.12964969002444904,2,0.07684971629067111,0.04299394718492992,0.06352192812989699,0.08491119802375355,0.09836882882120965,0.08314233196117092,0.00583505784048881,27,92,0.09297257916885482,0.11791137195292245,False,False,False,3.229799836379281e-08,COMPLETE
1304,0.5936083436012268,2025-04-07 03:47:16.996945,2025-04-07 03:47:40.036527,0 days 00:00:23.039582,0.07860305915509866,0.1578929216576993,2,0.06548305938167479,0.04893375593107459,0.06960218898667217,0.09862519631114013,0.020335854026175753,0.07883272940751997,0.004602194685006182,26,77,0.09543366888221272,0.11133987142002219,True,False,False,2.1279477882880382e-08,COMPLETE
1305,0.6755191683769226,2025-04-07 03:47:40.447205,2025-04-07 03:48:02.783833,0 days 00:00:22.336628,0.15009020946197876,0.17200316301221447,2,0.0445060566086587,0.03167409763676592,0.07535400746254951,0.09639541448551496,0.09487761762656702,0.08071421941347445,0.003650148254993509,25,84,0.09109932276894661,0.12138880124551488,False,False,False,1.694759292490599e-08,COMPLETE
1306,0.5587941884994507,2025-04-07 03:48:03.212551,2025-04-07 03:48:25.994651,0 days 00:00:22.782100,0.0446977087135499,0.208419222196046,2,0.025357224645299367,0.0546807166742098,0.06715759029316613,0.08984111600763871,0.08928608724287403,0.08535451092263205,0.00678076166630899,26,81,0.016454743638060383,0.1303177204283002,False,False,False,1.2786267149398588e-08,COMPLETE
1307,0.5329151630401612,2025-04-07 03:48:26.414637,2025-04-07 03:48:48.033781,0 days 00:00:21.619144,0.12556883203886463,0.49404578824880196,2,0.0543015126407283,0.040159223856659515,0.0850173928453374,0.09320125107170568,0.0933329673490217,0.08858943282542014,0.009210508540953224,24,86,0.09802950272587081,0.07697436538020055,False,False,False,1.5675777125969472e-08,COMPLETE
