number,value,datetime_start,datetime_complete,duration,params_alpha-eval,params_alpha-train,params_batch-size,params_eps-eval,params_eps-train,params_lambda-actions-eval,params_lambda-actions-train,params_lambda-frames-eval,params_lambda-frames-train,params_learning-rate,params_n-epochs,params_n-frames,params_radius-gw,params_rho,params_std-feats,params_ub-actions,params_ub-frames,params_weight-decay,state
1308,0.6150279760360717,2025-04-07 03:48:48.453303,2025-04-07 03:49:11.881772,0 days 00:00:23.428469,0.06213027743012767,0.10498182521919745,2,0.03681594372362773,0.04790955656728644,0.07818866098466595,0.09499554890280265,0.09623380433122472,0.07689933867441383,0.005437119914265843,27,90,0.08695850435245357,0.11105713493514546,False,False,False,1.2671514003960097e-08,COMPLETE
1309,0.6362468242645264,2025-04-07 03:49:12.299341,2025-04-07 03:49:34.518171,0 days 00:00:22.218830,0.10387495561390431,0.1390182466225765,2,0.0609045107179539,0.03559921738327936,0.07179694071466486,0.08863610124277424,0.09151565907020658,0.07944632107442941,0.0041786920565233384,25,83,0.09366488076228145,0.10370865614926587,False,False,False,2.3903442903950743e-08,COMPLETE
1310,0.5901238918304443,2025-04-07 03:49:34.930461,2025-04-07 03:49:59.156971,0 days 00:00:24.226510,0.08353492888801271,0.16880824444892484,2,0.07770819371914922,0.057366787567013196,0.07371468595177852,0.09270918603359925,0.09839454810575472,0.08244009119173734,0.007930615917214659,28,72,0.08942634933880866,0.12397173511029563,True,False,False,1.2394397844489576e-08,COMPLETE
1311,0.6700471997261047,2025-04-07 03:49:59.571065,2025-04-07 03:50:22.567640,0 days 00:00:22.996575,0.14223593259611986,0.12818523480012037,2,0.029549038616418534,0.04280928171786034,0.07026761652465213,0.0974596308963873,0.0952698280754895,0.09134275289092934,0.005388342820505786,26,87,0.09214708517877447,0.11636832615707628,False,False,False,9.257848540312194e-08,COMPLETE
1312,0.6211803913116456,2025-04-07 03:50:22.983456,2025-04-07 03:50:46.093476,0 days 00:00:23.110020,0.11471786886083385,0.15104474569181234,2,0.07077696700212839,0.04945680506138973,0.07986179516990305,0.09045721157817577,0.09985938240239536,0.08436357788613803,0.0029863120713419455,26,79,0.008662088654833262,0.08939069700717339,False,False,False,1.823261597612098e-08,COMPLETE
1313,0.6153741240501404,2025-04-07 03:50:46.508099,2025-04-07 03:50:55.286606,0 days 00:00:08.778507,0.16658509640060076,0.18823544875340564,16,0.051983009695100155,0.033387000668019,0.07622831570073911,0.08657715939442176,0.09682082921763523,0.08041927649144222,0.006729425723424528,25,84,0.09625901189197396,0.1038510814612657,False,False,False,3.832200052367641e-08,COMPLETE
1314,0.6172217488288879,2025-04-07 03:50:55.706751,2025-04-07 03:51:19.203693,0 days 00:00:23.496942,0.09407977222664063,0.10788008582994249,2,0.04396677252714181,0.05352449802688455,0.0689211755790178,0.09408350524705329,0.09320407872907613,0.07746139429972217,0.003698353581646316,27,91,0.09484845811119885,0.11312006157482407,False,False,False,1.513487256970359e-08,COMPLETE
1315,0.39549013376235964,2025-04-07 03:51:19.637572,2025-04-07 03:51:41.862215,0 days 00:00:22.224643,0.05885085711616906,0.14845514875309146,2,0.0644310186782542,0.290129267859128,0.0726896169091631,0.09587574495868745,0.09999495472798123,0.07529690588718763,0.0047038527945553275,25,88,0.09887688786557254,0.12548023431025737,False,False,False,0.0006665614460158844,COMPLETE
1316,0.5883216977119445,2025-04-07 03:51:42.279507,2025-04-07 03:52:05.933928,0 days 00:00:23.654421,0.12946075640594243,0.17147937377223976,2,0.0906388959840603,0.04310539968672765,0.07483743757904769,0.09235248035702878,0.09114774939755443,0.08679265334017369,0.0060746290787811845,27,75,0.09075549386315515,0.10821963314667835,True,False,False,1.0072466555013859e-08,COMPLETE
1317,0.6007387995719911,2025-04-07 03:52:06.352385,2025-04-07 03:52:17.607196,0 days 00:00:11.254811,0.0294110188014292,0.13032614987539895,2,0.08208767912414854,0.06245289615826689,0.06558915432751275,0.08835248977422622,0.09455554948665904,0.08259612970008189,0.0016583785807168093,7,82,0.08800097513593616,0.11986863647828419,False,False,False,2.2284638491829156e-08,COMPLETE
1318,0.6737389445304871,2025-04-07 03:52:18.026098,2025-04-07 03:52:40.865061,0 days 00:00:22.838963,0.1869964210451071,0.20436450630376563,2,0.03704249415524427,0.03695406346075555,0.0708167541016648,0.09116643448462979,0.09687738832041778,0.07900486626119871,0.00967089758261894,26,86,0.09375147518641308,0.13086800484578245,False,False,False,1.0011668379046814e-08,COMPLETE
1319,0.6031499266624452,2025-04-07 03:52:41.291662,2025-04-07 03:53:05.505123,0 days 00:00:24.213461,0.07623729235761181,0.18681558489627115,2,0.07133343536321768,0.047595460760028775,0.0769721691585357,0.09740598832081623,0.08908283442057069,0.08141086231277585,0.00508740009475437,28,98,0.08489811460451985,0.09520844053514771,False,False,False,1.4651676653683898e-08,COMPLETE
1320,0.49954754114151,2025-04-07 03:53:05.920919,2025-04-07 03:53:27.742355,0 days 00:00:21.821436,0.10819216708496664,0.15306784723923036,2,0.05744212988647945,0.031077271302811765,0.06755466084405673,0.09479601541122887,0.09831532480482331,0.08567391856114226,0.007691738845052276,24,94,0.09532788746885591,0.2061755032381905,False,False,False,2.6478609348293813e-08,COMPLETE
1321,0.41434396505355836,2025-04-07 03:53:28.158624,2025-04-07 03:53:50.451540,0 days 00:00:22.292916,0.093599026557213,0.11574447412057426,2,0.06463432107768219,0.055487136168399384,0.07342520851539473,0.09993728630114733,0.09306319942468999,0.05625730761608324,0.003947971572656019,25,79,0.09991803172227265,0.11597982711559596,False,False,False,1.7954846090707784e-08,COMPLETE
1322,0.6124700546264649,2025-04-07 03:53:50.868917,2025-04-07 03:54:14.171854,0 days 00:00:23.302937,0.15324092380203813,0.16934966554989314,2,0.0509763707458455,0.04121805930504667,0.07206774579473901,0.08372088684155243,0.09617676898219367,0.08349546807564008,0.006194368137787281,26,89,0.09007256897056456,0.1025867518897097,True,False,False,1.2130565658672321e-08,COMPLETE
1323,0.5333315134048462,2025-04-07 03:54:14.608319,2025-04-07 03:54:37.944159,0 days 00:00:23.335840,0.12868121963840845,0.23224806482758995,2,0.02212180938661036,0.051748565274719306,0.07910929929749108,0.09350487880531715,0.09133165521160426,0.08945652274966649,0.0031198605874210978,27,85,0.09696761878422427,0.08139795009699062,False,False,False,2.0316642503713127e-08,COMPLETE
1324,0.5831153273582459,2025-04-07 03:54:38.365863,2025-04-07 03:55:01.285913,0 days 00:00:22.920050,0.04723872863807706,0.2630321058799978,2,0.07652821744892191,0.04545773153785782,0.07472419115847526,0.09031659180840594,0.06544055997244841,0.07927709214321885,0.008392746216102535,26,82,0.09274712783949303,0.11084665033744442,False,False,False,1.4955490813905176e-08,COMPLETE
1325,0.5593290090560913,2025-04-07 03:55:01.710331,2025-04-07 03:55:25.923990,0 days 00:00:24.213659,0.010006572489745985,0.134246553178893,2,0.031239299657116998,0.06878913523668123,0.019436191715439772,0.02970180804224435,0.09993828121331885,0.07681137703691394,0.004578890659090027,28,92,0.09169029457109211,0.1251800058491131,False,False,False,1.1974351337430262e-08,COMPLETE
1326,0.4099940657615662,2025-04-07 03:55:26.343923,2025-04-07 03:55:49.285475,0 days 00:00:22.941552,0.45968311507879067,0.147718495193576,2,0.04175862882795931,0.03844755583334545,0.008237490657856457,0.09208741301290116,0.09416916897635048,0.08143027584797304,0.00012123922080904831,26,85,0.08845122550175542,0.0929930641426087,False,False,False,2.846140413938372e-08,COMPLETE
1327,0.607786214351654,2025-04-07 03:55:49.707841,2025-04-07 03:56:13.228431,0 days 00:00:23.520590,0.06745511205873575,0.11080595355554866,2,0.060046477834392695,0.03064423886757253,0.06935665632027312,0.09525401470809303,0.09759664122515838,0.08421820122322557,0.005588681553156949,27,77,0.09626123239509547,0.11840311711518277,False,False,False,1.7139228751979703e-08,COMPLETE
1328,0.510618782043457,2025-04-07 03:56:13.651315,2025-04-07 03:56:36.094913,0 days 00:00:22.443598,0.09805692036928253,0.18774712904358834,2,0.08564736820136656,0.059739229588376755,0.07121717552944133,0.08780233090093893,0.08927004760906485,0.07844625772101155,0.006966911204408696,25,89,0.08719332178025502,0.10606406596449577,False,False,False,1.2327786913050277e-08,COMPLETE
1329,0.5814960479736329,2025-04-07 03:56:36.513984,2025-04-07 03:56:59.416690,0 days 00:00:22.902706,0.11932802541640054,0.21533537344978593,2,0.07072251426043102,0.04902742883573495,0.07622201645865584,0.09814501692318353,0.0955015952463771,0.07490014152961089,0.0035571133217048734,26,81,0.09808092940457905,0.13098280748912025,True,False,False,1.0092138008045785e-08,COMPLETE
1330,0.44068571329116824,2025-04-07 03:56:59.838696,2025-04-07 03:57:22.030106,0 days 00:00:22.191410,0.14513096247989452,0.1695499961219678,2,0.045181499520855276,0.0417090690398298,0.06443560859838307,0.08605343950022278,0.09827886196609698,0.08044390239638075,4.847319390402853e-05,25,87,0.09474119191935543,0.098135466239949,False,False,False,2.122460306791085e-08,COMPLETE
1331,0.6851257085800171,2025-04-07 03:57:22.451530,2025-04-07 03:57:46.162951,0 days 00:00:23.711421,0.0791809516348595,0.12761410805409382,2,0.06538279142710657,0.05275375734675368,0.07808911561114873,0.09655836567704311,0.0999729885056035,0.08253614387232479,0.00950391791445109,27,83,0.09053410788593937,0.11433557824095665,False,False,False,1.545843460902058e-08,COMPLETE
1332,0.6102718353271485,2025-04-07 03:57:46.600559,2025-04-07 03:58:10.851726,0 days 00:00:24.251167,0.07399051442455398,0.11293225201741466,2,0.0674338349969115,0.07236099732763436,0.07682057610301125,0.09827753991554421,0.0996074133088775,0.08813569326505384,0.010019998259273123,28,79,0.09301634886796437,0.1219678820021278,False,False,False,3.506783719785485e-08,COMPLETE
1333,0.4464273810386658,2025-04-07 03:58:11.274194,2025-04-07 03:58:35.289835,0 days 00:00:24.015641,0.04385156792918557,0.8257772023226879,2,0.07299989869657957,0.06667341450004126,0.08042725571619365,0.0969063619707308,0.09987475856309828,0.08606393970721044,0.007445880375591769,28,74,0.09165610070504604,0.11828735081148498,False,False,False,2.4129049343070293e-08,COMPLETE
1334,0.6380162715911866,2025-04-07 03:58:35.716493,2025-04-07 03:58:59.557478,0 days 00:00:23.840985,0.049787273158408286,0.10503238536409451,2,0.06489780378833568,0.058827243152697994,0.08081888621418855,0.09980778134136005,0.09989244307565331,0.08421873658475794,0.00896681547045634,27,81,0.09660590880506932,0.13199084176253606,False,False,False,2.0378556521845538e-08,COMPLETE
1335,0.5808500528335572,2025-04-07 03:58:59.984632,2025-04-07 03:59:09.156952,0 days 00:00:09.172320,0.04697167487811309,0.1263885818400945,16,0.07870682583128193,0.06258317994092394,0.08160818403898451,0.09614081038827146,0.09787897146972284,0.08715669338509054,0.009689753187711704,27,83,0.0936269762420976,0.1250338428102912,True,False,False,2.710277165377744e-08,COMPLETE
1336,0.6122075915336609,2025-04-07 03:59:09.582773,2025-04-07 03:59:33.600629,0 days 00:00:24.017856,0.06575920477676198,0.1015152545487522,2,0.06938631823566391,0.05534094885822512,0.07812869032487244,0.09675927812617131,0.09824728994570923,0.08269494525391191,0.009605111243177299,28,77,0.09821925852401707,0.11561428799846848,False,False,False,1.7406694948855317e-08,COMPLETE
1337,0.6150217890739441,2025-04-07 03:59:34.029169,2025-04-07 03:59:58.428572,0 days 00:00:24.399403,0.027946051294127958,0.12427835282005022,2,0.07560428620319959,0.05750593399079214,0.08344077911858763,0.09876666378534264,0.09787545703980194,0.05884546662399583,0.010700414764290301,28,91,0.09528450226216137,0.08367239826458381,False,False,False,3.080324229687535e-08,COMPLETE
1338,0.6656723380088807,2025-04-07 03:59:58.850338,2025-04-07 04:00:22.504575,0 days 00:00:23.654237,0.07455218595496937,0.13222140146130906,2,0.06474630247882343,0.05218940568968423,0.07640189007741988,0.09546644502212014,0.09835134380613629,0.08437515995276765,0.008855097559978582,27,87,0.0998878851297846,0.10903085954013234,False,False,False,2.1796432638360198e-08,COMPLETE
1339,0.4492616772651673,2025-04-07 04:00:22.946907,2025-04-07 04:00:47.176937,0 days 00:00:24.230030,0.08294004460167023,0.13576309243866888,2,0.07035124624924301,0.06406729807684573,0.07913963219894632,0.08462552198249894,0.09660422529860319,0.08968239578257513,0.007833327234793295,28,95,0.08997222637020105,0.12719774628860708,False,False,False,1.709724083746409e-08,COMPLETE
1340,0.688535761833191,2025-04-07 04:00:47.605341,2025-04-07 04:01:11.124364,0 days 00:00:23.519023,0.05883685860572881,0.09773359187657717,2,0.08041822206217505,0.05296588074388559,0.07840068574438308,0.0933259282953866,0.09690898785384369,0.08614738770475965,0.00987061840388835,27,84,0.08510623668337816,0.12152036200656263,False,False,False,4.660959298832818e-08,COMPLETE
1341,0.6101723551750183,2025-04-07 04:01:11.550872,2025-04-07 04:01:35.287462,0 days 00:00:23.736590,0.04085720655730109,0.1146132968113364,2,0.08592805255861562,0.06252260137827989,0.07896085016022138,0.05078990359193577,0.09994012034373381,0.08856763958390698,0.008916926870652733,27,80,0.08407758193364209,0.12129760025210765,False,False,False,8.036091222691086e-08,COMPLETE
1342,0.5406133651733399,2025-04-07 04:01:35.712588,2025-04-07 04:01:59.432496,0 days 00:00:23.719908,0.058015522627204955,0.10621777488463566,2,0.08239734626884426,0.06951307193801534,0.08010449399463732,0.050001201052913245,0.09694211063996018,0.09175960689783531,0.008157800127537331,27,82,0.08472480043157388,0.12181579825629904,False,False,False,3.1951876393963865e-08,COMPLETE
1343,0.569101893901825,2025-04-07 04:01:59.857796,2025-04-07 04:02:23.322370,0 days 00:00:23.464574,0.0331811147486364,0.14458876964034287,2,0.07863280905228023,0.05750493593277221,0.08367587103266196,0.049018348338570175,0.09996205789325603,0.08724692232566798,0.007768354665613102,27,84,0.0841361296079805,0.11562807027113632,False,False,False,5.749188286643458e-08,COMPLETE
1344,0.6630967259407043,2025-04-07 04:02:23.748214,2025-04-07 04:02:47.480112,0 days 00:00:23.731898,0.05849772611424217,0.12369031583809274,2,0.08387015289923376,0.052615768016042265,0.08265882784472345,0.09287419824416109,0.09676977373968854,0.09060298938908856,0.009439598272391471,27,88,0.08619988527280069,0.12250833355859797,False,False,False,4.270295987831552e-08,COMPLETE
1345,0.6112499952316284,2025-04-07 04:02:47.905104,2025-04-07 04:03:11.537654,0 days 00:00:23.632550,0.037206710102343665,0.14663319402665018,2,0.09161732534631128,0.0536817807650697,0.07833967859622991,0.04501981216395062,0.09814610780287306,0.08619676659890559,0.0022061469507315607,27,76,0.08627588883123628,0.12750592721285453,False,False,False,4.2569976723321696e-08,COMPLETE
1346,0.6079151630401611,2025-04-07 04:03:11.959860,2025-04-07 04:03:35.413856,0 days 00:00:23.453996,0.011671553856011489,0.12711729368526967,2,0.08928968584812512,0.05643631736261732,0.08222619593083866,0.09335682807725054,0.09624612146120917,0.08742475735798469,0.010121160532319361,27,79,0.08439074762165485,0.11468620407414756,False,False,False,3.447056657736355e-08,COMPLETE
1347,0.6135206699371338,2025-04-07 04:03:35.856723,2025-04-07 04:04:00.052069,0 days 00:00:24.195346,0.06093236549934861,0.09939007599486495,2,0.07661830540926554,0.06327032916975285,0.08116708380448004,0.05293328734242482,0.09800572024748393,0.08535224370040605,0.0026107076887625195,28,85,0.08523694511331953,0.11935699372150635,False,False,False,2.7194524312051828e-08,COMPLETE
1348,0.6594380855560303,2025-04-07 04:04:00.481589,2025-04-07 04:04:24.653609,0 days 00:00:24.172020,0.0685975382355423,0.1485618790774399,2,0.08558324989717717,0.05024640809713371,0.08041274841144215,0.09488278184445098,0.09995253072139243,0.0876554736117196,0.006919495633572024,28,82,0.0867293265063927,0.13038207422744308,False,False,False,4.495280672919285e-08,COMPLETE
1349,0.4134470224380493,2025-04-07 04:04:25.084373,2025-04-07 04:04:48.612102,0 days 00:00:23.527729,0.030351680705658524,0.09948568785209534,2,0.07965590894535363,0.059242188356531944,0.07818168834744736,0.05287144701363752,0.09593041492350209,0.0861223951212307,0.006649393553748549,27,91,0.08799525478240458,0.11238045456951298,False,False,False,5.875083699606571e-08,COMPLETE
1350,0.5051525831222534,2025-04-07 04:04:49.043401,2025-04-07 04:05:12.557058,0 days 00:00:23.513657,0.08223987001286305,0.12291782840247517,2,0.0745379748288302,0.04927493233058202,0.0251577318523691,0.09141016722255042,0.0983085298696902,0.08424836010920593,0.004594585040174812,27,86,0.0892071990118862,0.19423031231613153,False,False,False,2.416778089756325e-08,COMPLETE
1351,0.615147340297699,2025-04-07 04:05:12.985699,2025-04-07 04:05:36.370457,0 days 00:00:23.384758,0.05365602628299311,0.15465175891669825,2,0.07472850117042949,0.04783426645517847,0.07833419665245464,0.08987134259361365,0.09591747367560266,0.08877289612194035,0.0033007935147039494,27,78,0.08337530532319049,0.12666444272225616,False,False,False,1.1984563596458264e-07,COMPLETE
1352,0.6720008969306945,2025-04-07 04:05:36.799480,2025-04-07 04:06:00.077833,0 days 00:00:23.278353,0.07836631780907372,0.14087577768061876,2,0.09138256270764027,0.0535498572109566,0.07731176854188815,0.0471038890083459,0.0999931117209863,0.08522221127760865,0.007889643146586115,27,89,0.08735729204842116,0.10610238733361917,False,False,False,2.1306704867891767e-08,COMPLETE
1353,0.6306444764137268,2025-04-07 04:06:00.503162,2025-04-07 04:06:24.108540,0 days 00:00:23.605378,0.05332014459257909,0.10788664349891139,2,0.08145757792742513,0.05882126407579354,0.07591899972496391,0.09686103120411955,0.09671435258487769,0.08891498089414254,0.004144606266297318,27,83,0.09033032236339507,0.1174974468166295,False,False,False,2.720685926544018e-08,COMPLETE
1354,0.5567442417144776,2025-04-07 04:06:24.553119,2025-04-07 04:06:48.797330,0 days 00:00:24.244211,0.08402315214684457,0.16636627369014542,2,0.0671962154036098,0.06639381117158974,0.07920600807289437,0.04812106972333999,0.09499585227593785,0.09328362696906256,0.005438773809211295,28,80,0.09178968417730403,0.11040254700444686,False,False,False,1.4599915329068117e-08,COMPLETE
1355,0.37466132640838623,2025-04-07 04:06:49.227721,2025-04-07 04:06:58.176984,0 days 00:00:08.949263,0.03313731710716357,0.13250372969136998,16,0.07268957771331452,0.2599918582351235,0.07552828312576135,0.049440825521432266,0.09814457627159119,0.08346697696626751,0.06126718419263557,26,86,0.08885850154542958,0.12273766423505139,False,False,False,3.75583796668406e-08,COMPLETE
1356,0.6142125725746155,2025-04-07 04:06:58.605931,2025-04-07 04:07:21.629743,0 days 00:00:23.023812,0.07578383861650237,0.17981572494589854,2,0.06303111431490639,0.04758730947218883,0.07706119989494899,0.09396332237288069,0.09668933696407678,0.09092722703692614,0.009464749984885789,26,93,0.08619199785629783,0.10025751009045812,False,False,False,1.7548649378785456e-08,COMPLETE
1357,0.5290308833122254,2025-04-07 04:07:22.060240,2025-04-07 04:07:46.350975,0 days 00:00:24.290735,0.059481490971156965,0.15715862248099519,2,0.06872545945846524,0.0743774692921241,0.08019701891064644,0.05099722601035938,0.09559890313867896,0.08631894215609823,0.006410998794092024,28,83,0.0940987057420575,0.1328490848964895,False,False,False,1.5475006932667766e-08,COMPLETE
1358,0.6664434075355531,2025-04-07 04:07:46.778630,2025-04-07 04:08:10.389165,0 days 00:00:23.610535,0.0884150222211744,0.10209666814735324,2,0.08047870831805537,0.051616536873185785,0.07557790650170622,0.046090264630910066,0.09825287461842755,0.08362992981259636,0.010332634846319407,27,89,0.09215492237757869,0.1132245150881745,False,False,False,2.1023172305706354e-08,COMPLETE
1359,0.6624991655349732,2025-04-07 04:08:10.819631,2025-04-07 04:08:33.693067,0 days 00:00:22.873436,0.051209052103435314,0.12552179894825374,2,0.07215119330428452,0.044419687811705924,0.077937395912972,0.09278771406317679,0.09799943696143663,0.08549796976441759,0.003992864368052002,26,86,0.0963515310989836,0.1191913434336906,False,False,False,3.492920575319584e-08,COMPLETE
1360,0.5720758557319641,2025-04-07 04:08:34.144985,2025-04-07 04:08:58.070644,0 days 00:00:23.925659,0.010755710167143884,0.1487328553773123,2,0.08749340340767112,0.05999544812708096,0.07478346340312043,0.09111735147178306,0.01151839641804282,0.08227469293999085,0.005138605413683586,28,81,0.08873739555803306,0.09047510293790659,False,False,False,4.699075919778255e-08,COMPLETE
1361,0.6032007932662964,2025-04-07 04:08:58.505606,2025-04-07 04:09:21.506077,0 days 00:00:23.000471,0.08996804846922757,0.19600167286880057,2,0.0609421018629554,0.04634533403979228,0.0740112304296703,0.09643998776627985,0.0947138666492651,0.08806092213153238,0.00662424472596427,26,75,0.09412482297902161,0.10334889033393943,False,False,False,1.4110039081202871e-08,COMPLETE
1362,0.6100864291191102,2025-04-07 04:09:21.939131,2025-04-07 04:09:45.361974,0 days 00:00:23.422843,0.07176268932585719,0.1706448270063227,2,0.07769179083409793,0.05391680170416781,0.08264053150348345,0.09452540233185322,0.09551298021806388,0.08306348049179504,0.0031776833155899888,27,89,0.08422155251893136,0.12558447997601457,False,False,False,1.946723036170075e-08,COMPLETE
1363,0.5276222229003906,2025-04-07 04:09:45.795868,2025-04-07 04:10:09.289792,0 days 00:00:23.493924,0.0989888881154421,0.12354735942003128,2,0.0674736201459991,0.08084220733421703,0.08641092686452494,0.09043048636910618,0.06284385326978717,0.08529292227658422,0.007961013914694458,27,72,0.09078930495423082,0.1088484225101616,False,False,False,2.5678873870106085e-08,COMPLETE
1364,0.5229495763778687,2025-04-07 04:10:09.724226,2025-04-07 04:10:28.382437,0 days 00:00:18.658211,0.034695353948521516,0.7579795521831982,2,0.06028701129473445,0.044767261403236766,0.07755393561618734,0.08853163846112337,0.005732562018550458,0.08221136263673041,0.04403520670018692,19,83,0.09811435037557073,0.1150952081193503,False,False,False,1.4495512059583066e-08,COMPLETE
