number,value,datetime_start,datetime_complete,duration,params_alpha-eval,params_alpha-train,params_batch-size,params_eps-eval,params_eps-train,params_lambda-actions-eval,params_lambda-actions-train,params_lambda-frames-eval,params_lambda-frames-train,params_learning-rate,params_n-epochs,params_n-frames,params_radius-gw,params_rho,params_std-feats,params_ub-actions,params_ub-frames,params_weight-decay,state
227,0.6045464038848877,2025-04-06 21:48:24.057173,2025-04-06 21:48:32.342786,0 days 00:00:08.285613,0.11700317756664427,0.18543992721530847,16,0.05531862320229778,0.01376121930800878,0.07491684969917287,0.06089187156578723,0.02313407405277109,0.09617772877976873,0.024068123310135237,21,49,0.09826335587769015,0.20513436601565552,False,False,False,1.002077771133057e-07,COMPLETE
228,0.5254292368888855,2025-04-06 21:48:32.414401,2025-04-06 21:48:40.662685,0 days 00:00:08.248284,0.11461969793193036,0.18513825644822646,16,0.05817316044381311,0.014703084238716992,0.07476403353175906,0.06152510320855277,0.023215186367635136,0.0962701803158624,0.022814555254153136,21,60,0.0925755628454435,0.2034085884345781,False,False,False,8.194123139849988e-08,COMPLETE
229,0.608018708229065,2025-04-06 21:48:40.736427,2025-04-06 21:48:48.891483,0 days 00:00:08.155056,0.13157182373311843,0.1542034387088926,16,0.06690782178095588,0.022490924188710383,0.07386471524099401,0.06372876336785605,0.024203285548093586,0.09352521511491815,0.030494313176436312,21,48,0.0943088922961398,0.2020013647949407,False,False,False,7.145783346844059e-08,COMPLETE
230,0.5970585703849793,2025-04-06 21:48:48.964747,2025-04-06 21:48:57.207438,0 days 00:00:08.242691,0.1171852508206793,0.15162315469281926,16,0.04145859129759137,0.024130377846685903,0.0726147977464977,0.06405645893559085,0.024405994358306166,0.09274461423279333,0.033041342074436396,21,48,0.09533645525598551,0.21222694800425407,False,False,False,1.02182302709504e-07,COMPLETE
231,0.5588316679000855,2025-04-06 21:48:57.279602,2025-04-06 21:49:05.658074,0 days 00:00:08.378472,0.13904996889459786,0.1654901052369769,16,0.06667475981065127,0.015512448095036466,0.07550611404878549,0.060745872795606504,0.026835659540074656,0.09793540674853883,0.023354460401468446,22,51,0.0999332222029319,0.20298397704488064,False,False,False,7.038423562017143e-08,COMPLETE
232,0.609465217590332,2025-04-06 21:49:05.730078,2025-04-06 21:49:13.848462,0 days 00:00:08.118384,0.09589747131019682,0.18817801161638942,16,0.05534077703744538,0.020768461857976626,0.07079777252879922,0.06368346069916436,0.02385701120612435,0.0948183151212295,0.029845235950104593,20,55,0.09290731761247631,0.1980637957795539,False,False,False,6.427003516137968e-08,COMPLETE
233,0.6010814785957337,2025-04-06 21:49:13.931232,2025-04-06 21:49:21.967096,0 days 00:00:08.035864,0.09107679458928597,0.19401024426579985,16,0.05310711985672323,0.02056785595256469,0.07441657671094788,0.06380590015442167,0.023945469193343123,0.09458104079039405,0.034206782101065175,19,49,0.09413118293817896,0.1962500642765865,False,False,False,8.863481179593086e-08,COMPLETE
234,0.607442319393158,2025-04-06 21:49:22.040966,2025-04-06 21:49:30.117850,0 days 00:00:08.076884,0.09836575004015674,0.1599962141895505,16,0.0628013909009831,0.01399138072080201,0.07150932473681208,0.06175221785204539,0.02218553844697356,0.09282343404505623,0.02805445384991503,20,51,0.09130882855583095,0.2006969722850035,False,False,False,1.4907784455052978e-07,COMPLETE
235,0.5082027554512024,2025-04-06 21:49:30.192250,2025-04-06 21:49:38.354640,0 days 00:00:08.162390,0.07909623862667896,0.14092706356986012,16,0.06450853969842993,0.02243731943169786,0.07222061015177073,0.05956510692257755,0.019367329990792725,0.09309021529028083,0.028317927203537378,20,57,0.09100926114765359,0.2068353109909245,False,False,False,1.729608124398799e-07,COMPLETE
236,0.6121821522712707,2025-04-06 21:49:38.429276,2025-04-06 21:49:46.750498,0 days 00:00:08.321222,0.09677954607843449,0.1613863682617544,16,0.049362007423661855,0.016516896449622957,0.06948762100332811,0.06472017151039193,0.022195817499030396,0.09601568125419986,0.019610458070149026,22,47,0.09537634466119264,0.2005429804386183,False,False,False,1.3329205824788128e-07,COMPLETE
237,0.6095532894134521,2025-04-06 21:49:46.826986,2025-04-06 21:49:55.147279,0 days 00:00:08.320293,0.09741749871034616,0.15795868484646203,16,0.048004817119875615,0.01491973634061551,0.0671680193510482,0.061061017140979036,0.021989167480397837,0.09213042619728336,0.019405588703948887,22,47,0.09590519541642853,0.1980700365280802,False,False,False,1.1486270543669738e-07,COMPLETE
238,0.6150762677192688,2025-04-06 21:49:55.224211,2025-04-06 21:50:03.520339,0 days 00:00:08.296128,0.09670627009784283,0.15413138664043635,16,0.045277670857180756,0.016320733890377772,0.06736208425757816,0.0643029314484802,0.02187112736721482,0.09120034138026069,0.018708202863128267,22,46,0.09158361445957806,0.19864516118744494,False,False,False,6.383845050336596e-08,COMPLETE
239,0.09159234166145325,2025-04-06 21:50:03.605726,2025-04-06 21:50:11.442564,0 days 00:00:07.836838,0.06977726420693586,0.15140641515321732,16,0.04565516113439999,0.004491174541791982,0.06595729177763392,0.06450386991920329,0.021698367322161967,0.0912016064659852,0.017481384509298845,19,47,0.09171416092296032,0.19843654791158122,False,False,False,1.6998623397403407e-07,COMPLETE
240,0.6111094474792481,2025-04-06 21:50:11.518422,2025-04-06 21:50:19.836544,0 days 00:00:08.318122,0.09405799843473231,0.16125012845713346,16,0.03931320923231913,0.014455034411839467,0.06844475341122266,0.06539741776694218,0.018782307924464073,0.09147361667016866,0.019597229148573855,22,46,0.08986462906829715,0.21374892438733895,False,False,False,1.4709167887941666e-07,COMPLETE
241,0.6009713411331177,2025-04-06 21:50:19.912974,2025-04-06 21:50:28.189177,0 days 00:00:08.276203,0.09372200190267937,0.15891980931885702,16,0.04188303581898203,0.014976806398744649,0.06897768646006334,0.06556297169821533,0.01876706799412104,0.09087089979740208,0.019380889210525963,22,45,0.08708254736295348,0.21055008884824802,False,False,False,2.2474672446054335e-07,COMPLETE
242,0.6144601702690125,2025-04-06 21:50:28.268023,2025-04-06 21:50:36.395511,0 days 00:00:08.127488,0.09517764934795168,0.13821243487101414,16,0.04907011908418953,0.014997467876015498,0.06788249403196929,0.06498719777661331,0.020752802209405508,0.09326621167087461,0.01813684209977024,20,46,0.08890792615198226,0.2158829553494148,False,False,False,1.3810428216841788e-07,COMPLETE
243,0.6060659646987916,2025-04-06 21:50:36.472280,2025-04-06 21:50:44.618540,0 days 00:00:08.146260,0.09763206892355558,0.1337903527562315,16,0.048635944747190116,0.026919850117399308,0.06982438735819493,0.06511129957736514,0.020105181155176594,0.09303430569084292,0.01888424130780112,20,47,0.08870825337218008,0.21217980900040997,False,False,False,1.4379254311140435e-07,COMPLETE
244,0.6164553284645081,2025-04-06 21:50:44.695169,2025-04-06 21:50:52.801816,0 days 00:00:08.106647,0.09584185345130587,0.13702257356546504,16,0.039848602795568754,0.02565067320169804,0.06721164336678875,0.06567596994587273,0.020530474192808186,0.09266919047164777,0.017973647592892363,20,46,0.0883447147576074,0.21660426984576264,False,False,False,1.2561471496126008e-07,COMPLETE
245,0.5981111168861389,2025-04-06 21:50:52.890112,2025-04-06 21:51:00.981938,0 days 00:00:08.091826,0.4947469915531378,0.1399530188705777,16,0.03887865420122502,0.024741770041482626,0.06675445941587693,0.0659666542494611,0.021078921839607846,0.09123097812350006,0.01850602048395866,20,46,0.08481036938323139,0.21559063252310445,False,False,False,1.1622995260613017e-07,COMPLETE
246,0.09159234166145325,2025-04-06 21:51:01.059490,2025-04-06 21:51:09.223780,0 days 00:00:08.164290,0.09222245427005178,0.11795424950904018,16,0.03226261547270218,0.00010283571329857896,0.06346842738341502,0.0644969930926167,0.01924981775298218,0.09206234271740703,0.02073203380403899,22,46,0.09022986571933239,0.22151205155077727,False,False,False,1.5039669556761853e-07,COMPLETE
247,0.5504404306411743,2025-04-06 21:51:09.303111,2025-04-06 21:51:17.470673,0 days 00:00:08.167562,0.0656578489868508,0.1601945698255761,16,0.04096401160329889,0.018304155148532234,0.06801417157730272,0.0666022835295377,0.01748969292951037,0.08984991413420573,0.016498498853037915,20,55,0.09108108017442981,0.21704500491286288,False,False,False,2.950696100298254e-07,COMPLETE
248,0.527543842792511,2025-04-06 21:51:17.548035,2025-04-06 21:51:25.753169,0 days 00:00:08.205134,0.12977206864583613,0.14366879607695948,16,0.0507821275454427,0.005537750844035332,0.07119286516339869,0.06123159923378383,0.021781705171275412,0.09312551202950604,0.02142365803702773,21,46,0.08821846268333866,0.20036196897820596,False,False,False,1.2808465027011674e-07,COMPLETE
249,0.5846625566482544,2025-04-06 21:51:25.831923,2025-04-06 21:51:33.820935,0 days 00:00:07.989012,0.09658278099757134,0.15457227528668568,16,0.024750330642647658,0.025033143159956812,0.06942829156009284,0.0627762440379292,0.020297984332590797,0.09751659429497188,0.0178510415450195,19,44,0.09136546653232139,0.2161815923041585,False,False,False,2.020025346785473e-07,COMPLETE
250,0.6061859965324402,2025-04-06 21:51:33.898406,2025-04-06 21:51:42.308405,0 days 00:00:08.409999,0.07577363510560164,0.12237418575433036,16,0.04680094590175619,0.017210938349636013,0.06569193235714167,0.0646321109147427,0.02239028655228062,0.09363436739879702,0.03570709148301304,22,48,0.09275597491764599,0.20840336537227333,False,False,False,1.257008043487529e-07,COMPLETE
251,0.4822482466697693,2025-04-06 21:51:42.397074,2025-04-06 21:51:50.792428,0 days 00:00:08.395354,0.05263005118281496,0.16623246862381955,16,0.04057717029789077,0.008260945233136698,0.07044209457354912,0.06690057907464453,0.017772292054124415,0.089789290150002,0.022895788907570925,23,66,0.08567159097633437,0.19033376387392542,False,False,False,9.73075552647396e-08,COMPLETE
252,0.4318159878253937,2025-04-06 21:51:50.871318,2025-04-06 21:51:59.161910,0 days 00:00:08.290592,0.1008046864530533,0.1376056208432647,16,0.03416906967914906,0.24354008729896337,0.07194117723089677,0.0599646197475314,0.021364398113135088,0.09126499221529165,0.017982896235452798,21,54,0.08899721855810988,0.1994779938632378,False,False,False,6.28474088015369e-08,COMPLETE
253,0.5967131733894349,2025-04-06 21:51:59.243368,2025-04-06 21:52:07.682026,0 days 00:00:08.438658,0.13160345107958457,0.16082269230658924,16,0.04912216368756953,0.02513368008325663,0.06784174798501809,0.06376255810525355,0.022774427674685807,0.09299960511318009,0.022877022892449292,23,53,0.09624544609196005,0.21232608651029358,False,False,False,9.317375220411331e-08,COMPLETE
254,0.6057104349136353,2025-04-06 21:52:07.762126,2025-04-06 21:52:15.806724,0 days 00:00:08.044598,0.06901260666450403,0.10638133824518262,16,0.04493348305903027,0.015445881547779084,0.06708150400723953,0.05801612887342564,0.019336008701692126,0.0975632632704487,0.03364728792436575,19,44,0.09307976776553749,0.2221475072416692,False,False,False,1.3449629063438777e-07,COMPLETE
255,0.5928371071815491,2025-04-06 21:52:15.888082,2025-04-06 21:52:23.959079,0 days 00:00:08.070997,0.09495491539393663,0.13658416645181032,16,0.05076842200442984,0.0072482263091740206,0.07325938266436954,0.06692231483800294,0.022305461331825507,0.09378432810333247,0.016231650315016458,20,48,0.08707001457206807,0.20416253103462878,False,False,False,6.222698820044884e-08,COMPLETE
256,0.6100990176200867,2025-04-06 21:52:24.041294,2025-04-06 21:52:32.283237,0 days 00:00:08.241943,0.11275357845959105,0.16609203539195008,16,0.02943730137345728,0.020860082689760365,0.06407821900157316,0.06137586789095537,0.026366706491237166,0.08870172573943624,0.020083994589171875,22,53,0.0946041986349881,0.1854539276127734,False,False,False,1.7594735243527026e-07,COMPLETE
257,0.6098423957824707,2025-04-06 21:52:32.373382,2025-04-06 21:52:40.607651,0 days 00:00:08.234269,0.11427740389454899,0.16366338396956076,16,0.027672585040984694,0.029117186633863406,0.06348828798820802,0.06257601825128664,0.026368981859790877,0.08896838008815042,0.019280719288810692,22,57,0.09526726542772986,0.1892518677066919,False,False,False,2.1180308916001324e-07,COMPLETE
258,0.6090005159378052,2025-04-06 21:52:40.688921,2025-04-06 21:52:48.977966,0 days 00:00:08.289045,0.13153213368062402,0.1252785984824211,16,0.02668334393124781,0.02759463862982434,0.06442114692767181,0.06493354780904023,0.026513515328259296,0.08982656946891047,0.015291928430474182,21,53,0.0899876335840166,0.19784543579273642,False,False,False,1.6956536811554833e-07,COMPLETE
259,0.48790515661239625,2025-04-06 21:52:49.059159,2025-04-06 21:52:57.250992,0 days 00:00:08.191833,0.15652154579566963,0.5900526315032666,16,0.02138177412626666,0.11068981215298923,0.06332128263999598,0.06504722794123155,0.027117040608480945,0.08883125890208704,0.015823915415520123,21,58,0.0904411704949507,0.19573631905384614,False,False,False,2.349173299109314e-07,COMPLETE
260,0.6130477070808411,2025-04-06 21:52:57.332609,2025-04-06 21:53:05.612548,0 days 00:00:08.279939,0.14418459771208852,0.11961418880860672,16,0.031279444583286437,0.03133836960769405,0.05932439507087692,0.06382988534591677,0.026651086939414825,0.09034686153905401,0.013896232855523482,22,61,0.08889767695500726,0.19831718556280561,False,False,False,1.8000927365479339e-07,COMPLETE
261,0.6168718814849854,2025-04-06 21:53:05.696004,2025-04-06 21:53:13.987908,0 days 00:00:08.291904,0.13981951618597213,0.10888574377464602,16,0.029492610869665287,0.027997963172154618,0.060744246165973965,0.06692027041000996,0.02642101045871331,0.08997641087165179,0.014466841084137443,22,64,0.08855233142235794,0.18799001208729002,False,False,False,2.3791284201915716e-07,COMPLETE
262,0.6091116189956666,2025-04-06 21:53:14.071130,2025-04-06 21:53:22.369286,0 days 00:00:08.298156,0.15274219436563527,0.08547861445617602,16,0.029522968003613263,0.03026786494890761,0.06023253500022639,0.06560661326621914,0.027646529640303546,0.08773552394797014,0.013881015133567159,22,60,0.08762873122993894,0.18717617749530416,False,False,False,3.091592510528588e-07,COMPLETE
263,0.610264778137207,2025-04-06 21:53:22.462371,2025-04-06 21:53:30.869565,0 days 00:00:08.407194,0.16624177065148285,0.12845321238129104,16,0.026115910539601103,0.029008110740235498,0.05998179445404483,0.06774297796313819,0.028569959058574082,0.08888608291908953,0.014136350231383585,23,63,0.08870177781556582,0.18573667609263098,False,False,False,1.858592521203758e-07,COMPLETE
264,0.6134638786315918,2025-04-06 21:53:30.954425,2025-04-06 21:53:39.356782,0 days 00:00:08.402357,0.17552133042662926,0.09321393047789173,16,0.030378378151848105,0.03224429571534691,0.056071218325963464,0.06774832601172961,0.0291035294618291,0.08798094087504478,0.014201453262521622,23,65,0.0861189733164429,0.18367025886094307,False,False,False,3.6210909142768874e-07,COMPLETE
265,0.6142463088035583,2025-04-06 21:53:39.438858,2025-04-06 21:53:47.911551,0 days 00:00:08.472693,0.16892442156446608,0.0728532778614627,16,0.026567904773684824,0.03423262448388035,0.05988863807485723,0.0678281372816763,0.02852213844952734,0.08894629208835973,0.013867429555156926,23,66,0.0832921090880084,0.18667011879304515,False,False,False,3.198607346938175e-07,COMPLETE
266,0.6116341710090637,2025-04-06 21:53:47.994190,2025-04-06 21:53:56.400649,0 days 00:00:08.406459,0.1876295888796585,0.09978988613982721,16,0.01595654291774621,0.032536598989629406,0.05894515625066168,0.06795109818432812,0.028502991028696904,0.08798477252384786,0.013265485961341205,23,67,0.08478674232401653,0.18465538325479056,False,False,False,3.2286051662738056e-07,COMPLETE
267,0.613572072982788,2025-04-06 21:53:56.483213,2025-04-06 21:54:04.806755,0 days 00:00:08.323542,0.20815934404654868,0.05877597982636014,16,0.0063492376723252135,0.03481861545006165,0.05613695400543189,0.06732614549215017,0.02894908359900115,0.08862137295598319,0.01240886999825206,23,66,0.0858371768943568,0.18166012324012717,False,False,False,3.624363867819143e-07,COMPLETE
268,0.6138093829154968,2025-04-06 21:54:04.900356,2025-04-06 21:54:13.361372,0 days 00:00:08.461016,0.1801841465199241,0.06094114622185096,16,0.008569333510968568,0.034255919921736336,0.054958499190044745,0.0674700900507545,0.02891581731086336,0.08781151195062369,0.012494675950552534,23,67,0.08316061018815316,0.18231538411478315,False,False,False,4.1073019417312034e-07,COMPLETE
269,0.6157544493675232,2025-04-06 21:54:13.447609,2025-04-06 21:54:21.891932,0 days 00:00:08.444323,0.1844388670107373,0.0556703325551954,16,0.008995533333582117,0.03419098935741206,0.05439673319821204,0.06893779953016545,0.02914121145386683,0.08819362201155488,0.010531836726933873,23,65,0.08374347356250364,0.18335966320061953,False,False,False,2.724320591393746e-07,COMPLETE
270,0.6140267252922058,2025-04-06 21:54:21.976243,2025-04-06 21:54:30.296040,0 days 00:00:08.319797,0.1839118147238888,0.06335682798479694,16,0.006918680788919714,0.03398296124636406,0.055425817372010536,0.06819604804152295,0.029298295679540173,0.08794464794749066,0.009852751925149582,23,71,0.08355239551384673,0.18577759371134858,False,False,False,2.8699539079062936e-07,COMPLETE
271,0.4884274482727051,2025-04-06 21:54:30.380771,2025-04-06 21:54:38.693478,0 days 00:00:08.312707,0.18539570779410536,0.054359993865370944,16,0.0036353262626634348,0.033840054016969996,0.05578121732271022,0.06861681432260257,0.029138494047079456,0.08783902150204081,0.010785896632518856,23,71,0.08231702823545917,0.18617393998635184,False,False,False,4.1411133956627406e-07,COMPLETE
272,0.613938581943512,2025-04-06 21:54:38.780179,2025-04-06 21:54:47.105607,0 days 00:00:08.325428,0.20903434472869376,0.03644480601925179,16,0.007576189108761103,0.035992073499575304,0.05301080342184114,0.06817931309588371,0.028875440652392805,0.08852638971511045,0.009792697985444345,23,66,0.08324270970733083,0.18392040862855036,False,False,False,3.7959219198308516e-07,COMPLETE
273,0.6263388991355896,2025-04-06 21:54:47.200069,2025-04-06 21:54:55.533081,0 days 00:00:08.333012,0.20362797103242858,0.036289969118549065,16,0.009566076135301967,0.03699460369418184,0.05122414692775362,0.0681129735418469,0.029049349372197216,0.08865422985560824,0.008736521946126188,23,67,0.08261015853070794,0.18068945769379044,False,False,False,3.9787290798422514e-07,COMPLETE
274,0.6273788452148438,2025-04-06 21:54:55.619414,2025-04-06 21:55:03.981929,0 days 00:00:08.362515,0.20978266674865684,0.03274115121188352,16,0.007817485405155217,0.037628171218073145,0.053904864793389067,0.06837919837704821,0.029367207130734107,0.0874042321447487,0.009701571936176904,23,67,0.08360823661312707,0.18083864584723996,False,False,False,3.5136004094834426e-07,COMPLETE
275,0.6283083558082581,2025-04-06 21:55:04.066745,2025-04-06 21:55:12.405580,0 days 00:00:08.338835,0.21600269138166495,0.032744285673636436,16,0.007799943732802451,0.039020301286117505,0.05350494697883918,0.06809091531461162,0.029188501276155365,0.08696438583468623,0.008676730524258741,23,66,0.08392302251758475,0.1796034092332348,False,False,False,3.828487704591794e-07,COMPLETE
276,0.6137393236160278,2025-04-06 21:55:12.494068,2025-04-06 21:55:20.800894,0 days 00:00:08.306826,0.20562214664477443,0.031083215646972653,16,0.0059339503297768,0.03890796656981216,0.05133113639222389,0.06823702076876521,0.029199520236352496,0.08560158737237503,0.008281221155821845,24,67,0.08351636060766023,0.1798953110521993,False,False,False,3.854118664356501e-07,COMPLETE
277,0.620557987689972,2025-04-06 21:55:20.889002,2025-04-06 21:55:29.184835,0 days 00:00:08.295833,0.20722833119838488,0.028952621467998187,16,0.008305651393758343,0.03803514374821378,0.05235328249780971,0.0684450087600765,0.02933976619704002,0.08606774795159286,0.008797283592466032,23,67,0.08047055028512333,0.1796342325327803,False,False,False,4.268794891443811e-07,COMPLETE
278,0.6211177229881287,2025-04-06 21:55:29.281635,2025-04-06 21:55:39.238231,0 days 00:00:09.956596,0.23923239212409136,0.022641641257981474,8,0.008102265267284704,0.03761548947964346,0.05179788581483665,0.0682921303664734,0.02921249825838297,0.08685430420494923,0.008379084182816056,23,67,0.0803327640239098,0.17943984237008398,False,False,False,3.648286529145979e-07,COMPLETE
279,0.6208001852035523,2025-04-06 21:55:39.324372,2025-04-06 21:55:49.285578,0 days 00:00:09.961206,0.23850315621014126,0.031751098278776015,8,0.006966159490214818,0.037452315313128814,0.05484317794105644,0.07181076945283349,0.0295281059597343,0.08627062024414534,0.008795794043726482,23,70,0.08136388419781289,0.1787835403599151,False,False,False,3.830455732068663e-07,COMPLETE
280,0.6150745034217835,2025-04-06 21:55:49.372398,2025-04-06 21:55:59.483347,0 days 00:00:10.110949,0.24644011200927807,0.038004761780962154,8,0.009499934038298512,0.039803355695850265,0.05240138800656804,0.07124142441050645,0.029600413787149484,0.08704601756723526,0.00844815158450776,24,71,0.08070177320809951,0.17944743555260026,False,False,False,3.9344261305541905e-07,COMPLETE
281,0.6237998843193054,2025-04-06 21:55:59.571112,2025-04-06 21:56:09.603631,0 days 00:00:10.032519,0.23794388796405458,0.02962452415623311,8,0.007025963162625602,0.04005088804502638,0.05139174367019813,0.07234277707986124,0.02969658579641771,0.08618974814425921,0.00814403298548283,24,70,0.08083087900313073,0.17909948508463155,False,False,False,5.413637218037622e-07,COMPLETE
282,0.5256032466888427,2025-04-06 21:56:09.691834,2025-04-06 21:56:19.770177,0 days 00:00:10.078343,0.253178074463009,0.026991699680504296,8,0.008349038673019546,0.04038330685369981,0.052185914701184964,0.07198214497049982,0.03226147327104991,0.08604559798734389,0.008489004839517067,24,76,0.07973124148464748,0.1793817868873282,False,False,False,5.072833529445431e-07,COMPLETE
