number,value,datetime_start,datetime_complete,duration,params_alpha-eval,params_alpha-train,params_batch-size,params_eps-eval,params_eps-train,params_lambda-actions-eval,params_lambda-actions-train,params_lambda-frames-eval,params_lambda-frames-train,params_learning-rate,params_n-epochs,params_n-frames,params_radius-gw,params_rho,params_std-feats,params_ub-actions,params_ub-frames,params_weight-decay,state
839,0.606171977519989,2025-04-20 16:12:25.400765,2025-04-20 16:12:34.712641,0 days 00:00:09.311876,0.8399478860629023,0.0922509267888523,16,0.09072475330844827,0.07287163421674957,0.006011323644916106,0.06054387367762474,0.06966364456021155,0.08412778154201614,0.00040380726322535997,25,148,0.019672392186014524,0.13183826141966945,False,False,False,9.576151888291053e-07,COMPLETE
840,0.5355792760849,2025-04-20 16:12:34.985700,2025-04-20 16:12:43.709560,0 days 00:00:08.723860,0.558218880016178,0.05772996669430061,16,0.1547622157490468,0.06662655690958239,0.08631493782857784,0.07872762518273617,0.061971306845413944,0.07924979673008668,0.0003012200847036004,20,142,0.015608373286043573,0.08162821717085648,False,False,False,3.798401428904934e-07,COMPLETE
841,0.2632830917835236,2025-04-20 16:12:43.984116,2025-04-20 16:12:52.400335,0 days 00:00:08.416219,0.9367637973471816,0.03072533147414823,16,0.20864133749480143,0.10390174464575007,0.0897335142936028,0.06328568154951643,0.05111795801575293,0.07632240947677837,0.00038256446097951433,17,150,0.017476337564220526,0.2594323775997795,False,False,False,5.555226272595244e-07,COMPLETE
842,0.4234911978244782,2025-04-20 16:12:52.676938,2025-04-20 16:13:02.281506,0 days 00:00:09.604568,0.9028162772272479,0.07854960275176734,16,0.18005703216318536,0.1444070281161618,0.09246638175880567,0.06621130383621816,0.06525434606530102,0.08219425786797292,0.00047023279481978145,29,138,0.012212523822791206,0.0979367512943334,False,False,False,2.682876596839115e-07,COMPLETE
843,0.49443424940109254,2025-04-20 16:13:02.542722,2025-04-20 16:13:11.677746,0 days 00:00:09.135024,0.8535184172252056,0.10461894363327173,16,0.10534733103481288,0.06839993356706874,0.04273482384579768,0.0695013793540908,0.07347418981066195,0.08482668665312498,0.0006180096943666691,24,145,0.030814875258793624,0.2682368179459435,False,False,False,7.771615166820476e-07,COMPLETE
844,0.6033002138137817,2025-04-20 16:13:11.949531,2025-04-20 16:13:32.224115,0 days 00:00:20.274584,0.9190639490742817,0.047427307804170496,2,0.20109370117583217,0.08071771523778225,0.08370119174642845,0.059466804275487034,0.06731706752838935,0.08798761220901644,0.00030474248680065707,21,141,0.014807306665367607,0.28730371728156684,False,False,False,1.8346252240442898e-07,COMPLETE
845,0.5813358187675477,2025-04-20 16:13:32.498848,2025-04-20 16:13:42.010415,0 days 00:00:09.511567,0.8864722731669374,0.06812472658977066,16,0.17632294427043704,0.11123084007478912,0.08848859772505731,0.06488391009981578,0.06999660955572964,0.08066767501287564,0.0010361851010534814,28,134,0.017326313012618975,0.28024017529122125,False,False,False,9.944588155655967e-08,COMPLETE
846,0.12635097205638884,2025-04-20 16:13:42.272838,2025-04-20 16:13:51.030639,0 days 00:00:08.757801,0.9550891042697011,0.09954758096193804,16,0.11665221589673301,0.07488740524636481,0.08240170219440299,0.07528110463814008,0.06278881291580227,0.07849450840193799,0.0003699337642987955,28,79,0.013309550893672906,0.038641166803363464,False,False,True,4.89991687209071e-07,COMPLETE
847,0.6020195841789245,2025-04-20 16:13:51.304175,2025-04-20 16:14:00.870029,0 days 00:00:09.565854,0.8648672999225728,0.0797168146525673,16,0.19158391531421443,0.06330365080118294,0.0859706047145724,0.06754228309165553,0.060164577286395064,0.018780713170592586,0.0007935533223586833,29,147,0.019745852475589923,0.2598026014950031,False,False,False,3.658905798517286e-07,COMPLETE
848,0.25772387981414796,2025-04-20 16:14:01.147647,2025-04-20 16:14:09.928818,0 days 00:00:08.781171,0.8338962463909987,0.04771059594304019,16,0.082406514008154,0.09877125673049404,0.051208578682767646,0.0709378161774336,0.06475531946207458,0.0761752787554301,0.000273483436558884,28,144,0.01576312262923401,0.2732023265766016,False,True,False,6.849894407056908e-07,COMPLETE
849,0.49883751869201665,2025-04-20 16:14:10.190943,2025-04-20 16:14:19.707013,0 days 00:00:09.516070,0.890735749099162,0.10763967141814276,16,0.12304077710857884,0.09186803489845587,0.09598107755119523,0.06251259556869351,0.06726555094593227,0.013722299567731529,0.00048923681164364,28,15,0.01195502844185349,0.2890402592589102,False,False,False,1.0381109382264582e-06,COMPLETE
850,0.4905114769935608,2025-04-20 16:14:19.982016,2025-04-20 16:14:29.624978,0 days 00:00:09.642962,0.8573610954690133,0.029076879535150146,16,0.08989638006032122,0.04234870850123061,0.09103450742403447,0.06800365584707327,0.05753891471223698,0.09033099429715906,0.00042421152164590244,29,150,0.017861247589043616,0.26661996138445787,False,False,False,2.3109099235936324e-07,COMPLETE
851,0.5935146808624268,2025-04-20 16:14:29.899784,2025-04-20 16:14:39.496470,0 days 00:00:09.596686,0.8396363365876368,0.0671435324929713,16,0.22301920847906775,0.0528867100909324,0.08447127730744435,0.05862882622315568,0.07196004180782199,0.08378042948470267,0.002766065955864238,28,139,0.01464763022573224,0.25459671871831546,False,False,False,1.4635892399032383e-06,COMPLETE
852,0.5041280865669251,2025-04-20 16:14:39.755993,2025-04-20 16:14:49.288922,0 days 00:00:09.532929,0.8696502737064865,0.08649229846431986,16,0.09936796109691853,0.06909169328295789,0.08760106324701421,0.06411232767007635,0.06223775894285176,0.08676291197570704,0.00019939520658314956,28,143,0.016183169448454503,0.280886023673255,False,False,False,2.967830959714225e-07,COMPLETE
853,0.5423733592033386,2025-04-20 16:14:49.565197,2025-04-20 16:14:59.383306,0 days 00:00:09.818109,0.9214248445425045,0.05826526576713812,16,0.20779859050563204,0.13569699468092086,0.08221679830081835,0.06635065753598388,0.06863950960541244,0.08083652622346744,0.009683662466539952,29,136,0.012705412769189598,0.2936698962530561,True,False,False,1.4635928019654143e-07,COMPLETE
854,0.3120906352996826,2025-04-20 16:14:59.658807,2025-04-20 16:15:08.326620,0 days 00:00:08.667813,0.8990166905134774,0.10955694791541835,16,0.11081817406856267,0.23769403341313833,0.09365468669943393,0.061480524456018426,0.05343798613093529,0.09275768605319153,0.0005619524342711185,20,147,0.018343838005629796,0.2754035643133086,False,False,False,5.818666892969196e-07,COMPLETE
855,0.634504759311676,2025-04-20 16:15:08.607973,2025-04-20 16:15:17.127431,0 days 00:00:08.519458,0.8767027335268927,0.08736915878317061,16,0.08407164863073391,0.060650698267481984,0.08558927316803316,0.07280559925968708,0.0661410261699425,0.07911581720347004,0.0003235772114910227,18,141,0.014519603189765036,0.2659375284082985,False,False,False,4.2875037938313076e-07,COMPLETE
856,0.4864227592945099,2025-04-20 16:15:17.394160,2025-04-20 16:15:35.749383,0 days 00:00:18.355223,0.913629962312748,0.039864574024133445,2,0.0912202900497451,0.05761150077447635,0.08678765532741906,0.07703613135833307,0.06936900399738524,0.07948439775362613,0.00033780210255588463,18,138,0.011015780896994417,0.2855383329240531,False,False,False,3.649186003545409e-07,COMPLETE
857,0.4337814033031464,2025-04-20 16:15:36.027890,2025-04-20 16:15:44.597921,0 days 00:00:08.570031,0.8817116740457679,0.07197306565080232,16,0.08644044319710277,0.05129536429161789,0.08926787168077269,0.07546848139124077,0.06643416950930214,0.082225126795953,0.0003948435621337088,18,135,0.014005385497177744,0.2697463742667186,False,False,False,3.9401521945566577e-07,COMPLETE
858,0.34385044574737555,2025-04-20 16:15:44.878907,2025-04-20 16:15:53.458107,0 days 00:00:08.579200,0.8991542036724928,0.0554362101167308,16,0.08011080568793189,0.16882141122892458,0.0852812988072626,0.0742389080788096,0.07117894691527427,0.07831587138719764,0.0004693100189080244,19,140,0.01212920414493538,0.18420841326231813,False,False,False,2.8704506236502477e-07,COMPLETE
859,0.5159881472587586,2025-04-20 16:15:53.724850,2025-04-20 16:16:02.233608,0 days 00:00:08.508758,0.930620872493282,0.7024308397860659,16,0.08302813056383082,0.04677124632307593,0.08845353213720616,0.0736267739778939,0.06760584551907109,0.08093816727524422,0.000721372800271982,18,141,0.013743005610597797,0.290633310960203,False,False,False,1.7459347605181283e-07,COMPLETE
860,0.6443823456764222,2025-04-20 16:16:02.514711,2025-04-20 16:16:11.220321,0 days 00:00:08.705610,0.8813767417705078,0.08601723599576058,16,0.09487946205452408,0.059562859961653544,0.08944450617199332,0.07306885325419822,0.07026561073317951,0.07942456797015296,0.0003310427637729724,20,139,0.015167959787411032,0.26075232859646585,False,False,False,2.477125651631631e-07,COMPLETE
861,0.43867001533508304,2025-04-20 16:16:11.501568,2025-04-20 16:16:20.102217,0 days 00:00:08.600649,0.8791651377510517,0.02984908377510934,16,0.08904110644632345,0.05698592886005698,0.09066844058947836,0.07363809484016604,0.06576195334992559,0.07903415901158913,0.0003260695822369922,19,138,0.012257168487516058,0.25779166099006584,False,False,False,2.6185932552817166e-07,COMPLETE
862,0.5403993725776672,2025-04-20 16:16:20.371271,2025-04-20 16:16:29.041193,0 days 00:00:08.669922,0.9058317298118598,0.07687476839417902,16,0.10040562571858055,0.059612118186148914,0.08960101269576486,0.0783157741481909,0.07409360814154563,0.07756392358878303,0.00040072047622432313,19,140,0.009506104857843672,0.26068771282367686,False,False,False,1.9776401743457137e-07,COMPLETE
863,0.320729798078537,2025-04-20 16:16:29.320096,2025-04-20 16:16:38.073429,0 days 00:00:08.753333,0.8863788091001398,0.05200053661772107,16,0.09542975585662658,0.06261356475434476,0.09252288854548066,0.07681401791960656,0.0692220218108057,0.08169078380453819,0.0003351824834119402,20,100,0.014850137723358863,0.2542902501798109,False,False,False,2.3470413132506656e-07,COMPLETE
864,0.28681628704071044,2025-04-20 16:16:38.351726,2025-04-20 16:16:46.813381,0 days 00:00:08.461655,0.8642806440651128,0.010350231995220761,16,0.09567170998255885,0.06445372298441515,0.08751813997467303,0.07189497449899426,0.05601337453109855,0.07936157301433358,0.0004357128865038197,17,136,0.011149741803310374,0.26844200727053225,False,False,False,2.2216895798133234e-07,COMPLETE
865,0.523332417011261,2025-04-20 16:16:47.095686,2025-04-20 16:16:55.808932,0 days 00:00:08.713246,0.9159049185503176,0.08575668539841845,16,0.09983557012161817,0.06246141102839523,0.08972128895544874,0.0754485501397317,0.07254893103126071,0.08317267127057301,0.0005197975779464519,20,141,0.01359020022254931,0.26322599409879976,False,False,False,2.9658997336008084e-07,COMPLETE
866,0.6387460231781006,2025-04-20 16:16:56.077360,2025-04-20 16:17:04.583163,0 days 00:00:08.505803,0.8802102603344127,0.0607501086773425,16,0.087783601878479,0.05819261803890262,0.09152225314305641,0.07256090520256207,0.013769247264107984,0.0767579458354596,0.00036867366507235534,18,142,0.015421812089957106,0.2533510930881657,False,False,False,1.6799766466937786e-07,COMPLETE
867,0.34482423663139344,2025-04-20 16:17:04.864292,2025-04-20 16:17:13.428924,0 days 00:00:08.564632,0.8875945502249519,0.04101677517214995,16,0.09232170155364333,0.06645777485693014,0.09215948924822785,0.07542882180722238,0.020699030111876078,0.07697092121888,0.0003625410236841518,18,143,0.0510648878852331,0.25674432869846037,False,False,False,1.3651178786774533e-07,COMPLETE
868,0.12170788347721101,2025-04-20 16:17:13.708245,2025-04-20 16:17:21.909223,0 days 00:00:08.200978,0.9455743351463534,0.05953259722293984,16,0.10424061685005773,0.05928433423146671,0.091096642871446,0.0758357716408776,0.04299879227814861,0.07971721697427235,0.000414694020758557,20,143,0.010233544041896709,0.250332682777095,False,False,True,1.0304493708288484e-07,COMPLETE
869,0.22912542819976806,2025-04-20 16:17:22.176787,2025-04-20 16:17:30.191122,0 days 00:00:08.014335,0.8783241214452272,0.02952818781983866,16,0.09488188291642456,0.05824786559866526,0.09256730285126152,0.07290316780027413,0.002635981193427301,0.07695315599775429,0.0003527526543406318,19,144,0.012489814963781879,0.2547547778435214,False,True,False,1.6573424621369573e-07,COMPLETE
870,0.6440655589103699,2025-04-20 16:17:30.471615,2025-04-20 16:17:38.995495,0 days 00:00:08.523880,0.9037277319423833,0.061675363275858305,16,0.08751145886272049,0.0682470713081839,0.09519810859973753,0.07362967888647937,0.03102307741331773,0.08034764068830817,0.0005183581129458055,18,141,0.015428479559013919,0.2493885910812795,False,False,False,1.1763728045259901e-07,COMPLETE
871,0.5678223848342896,2025-04-20 16:17:39.275796,2025-04-20 16:17:47.787679,0 days 00:00:08.511883,0.9223775303992229,0.04528129986720222,16,0.08995266495888081,0.06991059147975899,0.09949827096227364,0.07920497767314667,0.011500616211110218,0.08156263896069565,0.0006342370942989208,18,140,0.01592801700322649,0.25261422806995887,False,False,False,1.0573043467923501e-07,COMPLETE
872,0.4592641830444336,2025-04-20 16:17:48.071866,2025-04-20 16:17:56.547625,0 days 00:00:08.475759,0.9076959840948712,0.025737540773338972,16,0.09970092564347627,0.0694442975264514,0.09894690759115586,0.07470643206968754,0.015525307058689703,0.08316443848300085,0.0005218033660574859,18,141,0.014679799087494833,0.24959139429376084,False,False,False,7.600657442987809e-08,COMPLETE
873,0.5301244735717774,2025-04-20 16:17:56.818871,2025-04-20 16:18:05.259386,0 days 00:00:08.440515,0.9385812854041502,0.056707740256317175,16,0.08594650342451536,0.06628296444469822,0.09540385947647244,0.07727797038407824,0.006548912181364401,0.07999767908104624,0.000602264500291289,17,145,0.011421169245309712,0.2468036118016299,False,False,False,9.646199274523465e-08,COMPLETE
874,0.2865038335323334,2025-04-20 16:18:05.544224,2025-04-20 16:18:14.201933,0 days 00:00:08.657709,0.912880134825417,0.04232815973187218,16,0.09588733699794592,0.07367826991824897,0.09737933261282715,0.07291613744676124,0.03680554855647539,0.08465136134052405,0.0009186604543267576,17,142,0.015890823496494608,0.2603019694007518,True,False,False,7.692906783572525e-08,COMPLETE
875,0.383051073551178,2025-04-20 16:18:14.486895,2025-04-20 16:18:23.083955,0 days 00:00:08.597060,0.8968483867312195,0.06518872513294119,16,0.10748597802748443,0.07543396552649799,0.09477602896682646,0.07390699916305529,0.009694132380979322,0.08198662774259996,1.040309937042433e-05,19,138,0.013511033811533102,0.2645234173874158,False,False,False,6.337442529246574e-08,COMPLETE
876,0.5635230779647827,2025-04-20 16:18:23.370601,2025-04-20 16:18:31.758564,0 days 00:00:08.387963,0.9535353441392949,0.026478417985882838,16,0.089512300806631,0.061934884590315174,0.09629558461593006,0.07259896023130212,0.0711969369704544,0.07816892940772786,0.000513243659324242,17,145,0.008651673711508549,0.0026796955954098145,False,False,False,1.386363904267448e-07,COMPLETE
877,0.661478853225708,2025-04-20 16:18:32.028649,2025-04-20 16:18:40.449157,0 days 00:00:08.420508,0.8926519597789608,0.06498344888823698,16,0.10192300752088883,0.06788814812616904,0.09426507605670775,0.07179600210091103,0.006456992886219849,0.08006168315855966,0.0004312578415309222,17,139,0.01534400239301099,0.25009898017172394,False,False,False,1.0831578005840334e-07,COMPLETE
878,0.3850378215312958,2025-04-20 16:18:40.735150,2025-04-20 16:18:49.138344,0 days 00:00:08.403194,0.9293901010943025,0.04475985187731632,16,0.102666618096213,0.08013361815178192,0.09600859049369287,0.07260008073325212,0.011899048189745104,0.08053994796992464,0.00046207391186598985,17,137,0.013225349958118124,0.24568400140213098,False,False,False,8.216742018910373e-08,COMPLETE
879,0.48815633058547975,2025-04-20 16:18:49.425547,2025-04-20 16:18:57.801049,0 days 00:00:08.375502,0.9037508087120537,0.06145104966154351,16,0.10898359755732007,0.07186571818117157,0.09540535128581501,0.08237692784994327,0.02816852676170477,0.08014576629710642,0.000675804672329565,16,136,0.010262607375903808,0.25432351760553373,False,False,False,5.31575466020414e-08,COMPLETE
880,0.42885932326316833,2025-04-20 16:18:58.070987,2025-04-20 16:19:06.532317,0 days 00:00:08.461330,0.977592422514791,0.028097162237122247,16,0.10329861418483777,0.07952100449346979,0.09989668479124522,0.07415926075829393,0.014389208464746152,0.07814432310129034,0.0005767003159414481,18,139,0.01473532541819749,0.24827008021998778,False,False,False,1.1778334495545935e-07,COMPLETE
881,0.5205091953277589,2025-04-20 16:19:06.822757,2025-04-20 16:19:15.468226,0 days 00:00:08.645469,0.930454352227431,0.0504974063300463,16,0.09853876413479805,0.06751846633393659,0.09754337118642126,0.077603222219317,0.0739622091954946,0.08250994465971387,0.00044142755324497803,19,140,0.011694976398498397,0.24081952280105787,False,False,False,8.464369275257978e-08,COMPLETE
882,0.6054244041442871,2025-04-20 16:19:15.754081,2025-04-20 16:19:24.080865,0 days 00:00:08.326784,0.8942006053284627,0.07041674535473688,16,0.10849859219351171,0.07585782301696417,0.0944283301764192,0.07061526261212009,0.010598154433781098,0.08502689236577321,0.0005022918771945291,16,142,0.01664188550117396,0.2432276851925007,False,False,False,1.1964214319171193e-07,COMPLETE
883,0.2722135722637177,2025-04-20 16:19:24.370376,2025-04-20 16:19:32.738092,0 days 00:00:08.367716,0.9177597626384162,0.01466717099753441,16,0.11376614197968415,0.06831660775154383,0.09415461705856824,0.07098645711018205,0.006476191573188608,0.08075380673503017,0.00041614559367186984,17,137,0.013681739553405894,0.25024757748471504,False,False,False,9.396297678915799e-08,COMPLETE
884,0.6275639176368714,2025-04-20 16:19:33.012172,2025-04-20 16:19:41.579400,0 days 00:00:08.567228,0.8889277228084955,0.06781863505031022,16,0.09534130169031467,0.08350147832944305,0.09313058408585585,0.0759470932139349,0.023681647056668254,0.07671168201514847,0.0005394734256265478,18,140,0.01614817859631926,0.2505425284972226,False,False,False,1.0800125050078963e-07,COMPLETE
885,0.42746382355690005,2025-04-20 16:19:41.865828,2025-04-20 16:19:50.425088,0 days 00:00:08.559260,0.8945525969408857,0.04001178338529043,16,0.0981704329164,0.08821342288152217,0.09281236215910797,0.07637431970924032,0.026219002868569107,0.07715960797408902,0.0006893207473539116,18,137,0.01719363335362835,0.24395330261991144,False,False,False,6.135261208327928e-08,COMPLETE
886,0.3598931014537812,2025-04-20 16:19:50.714194,2025-04-20 16:19:59.363189,0 days 00:00:08.648995,0.8809896160042077,0.05693926904196003,16,0.09332479094635171,0.09457534050711003,0.09640297054792928,0.07547584696230103,0.0310958442756423,0.07833636498276635,6.401702186882803e-05,18,135,0.016081197509251265,0.24909468228372567,False,False,False,1.2592866732735904e-07,COMPLETE
887,0.0866916224360466,2025-04-20 16:19:59.634159,2025-04-20 16:20:07.616095,0 days 00:00:07.981936,0.9085832566212177,0.010783907039307698,16,0.09979437207407499,0.0827600090165451,0.09360256319175454,0.07750057019643487,0.004818463021139809,0.07632380416293497,0.0005838328534411261,18,139,0.016787864183008688,0.24322062918333562,False,False,True,7.459599316128176e-08,COMPLETE
888,0.6376179099082947,2025-04-20 16:20:07.900825,2025-04-20 16:20:16.216226,0 days 00:00:08.315401,0.9373649478787862,0.07007823766147474,16,0.09229274403889358,0.08570265713539846,0.09407351615031048,0.07438508603438847,0.021151655068015335,0.07935415577843541,0.0008088996074902668,16,133,0.01837120968739433,0.2529045487207818,False,False,False,1.123069045134126e-07,COMPLETE
889,0.19664056599140167,2025-04-20 16:20:16.504920,2025-04-20 16:20:24.296136,0 days 00:00:07.791216,0.9486002991566839,0.040557238881019,16,0.09466948886758003,0.08589163710868208,0.09810354195795025,0.07846260572559886,0.020283515476737377,0.08264755623788735,0.0009212122348000514,16,133,0.019886825315134336,0.250131321376427,False,True,False,1.0720314258125456e-07,COMPLETE
890,0.6297020554542543,2025-04-20 16:20:24.586325,2025-04-20 16:20:32.894502,0 days 00:00:08.308177,0.9593338567850485,0.05975331705351092,16,0.08894957793342023,0.09285982762838502,0.09421415346681068,0.07915399404444684,0.018660357726217634,0.08019176107793742,0.0012170419660774414,16,134,0.018169876326003313,0.25112810658537144,False,False,False,8.704963031749975e-08,COMPLETE
891,0.39132555127143864,2025-04-20 16:20:33.170164,2025-04-20 16:20:41.435743,0 days 00:00:08.265579,0.9673345629128862,0.03414898098407748,16,0.08657891943990359,0.08516600233282935,0.09624737584556456,0.0802717789989219,0.017912902538964035,0.07990413108169163,0.0011986730210699326,16,132,0.020345514289962358,0.23923085934698907,False,False,False,1.0468282291302625e-07,COMPLETE
892,0.6499346017837525,2025-04-20 16:20:41.724950,2025-04-20 16:20:49.912204,0 days 00:00:08.187254,0.9789819774338395,0.05519677039191331,16,0.08992569199019641,0.09200872148222983,0.09407746332821702,0.0803090594582476,0.022690952155161943,0.08404219846755734,0.001545799743361026,15,133,0.018717224655550188,0.24511668078522386,False,False,False,7.381516892556e-08,COMPLETE
893,0.49124931097030644,2025-04-20 16:20:50.201458,2025-04-20 16:20:58.668533,0 days 00:00:08.467075,0.9722231890901866,0.7590352307556361,16,0.08798825869241556,0.09463068267076885,0.09456471548563902,0.07786096566172897,0.017559766980383036,0.08464899507089628,0.001166188032550837,17,134,0.019181403049486134,0.24265458556867814,False,False,False,6.167571777511493e-08,COMPLETE
894,0.2697734832763672,2025-04-20 16:20:58.959929,2025-04-20 16:21:07.249888,0 days 00:00:08.289959,0.99864494344226,0.030123014222173707,16,0.08969562267239686,0.09152553092013707,0.09717527397942448,0.08048330560241874,0.022400231174856716,0.08593877963723281,0.0014437226640194743,15,131,0.021596244977868773,0.24109742582160942,False,False,False,5.1391391831561496e-08,COMPLETE
