number,value,datetime_start,datetime_complete,duration,params_alpha-eval,params_alpha-train,params_batch-size,params_eps-eval,params_eps-train,params_lambda-actions-eval,params_lambda-actions-train,params_lambda-frames-eval,params_lambda-frames-train,params_learning-rate,params_n-epochs,params_n-frames,params_radius-gw,params_rho,params_std-feats,params_ub-actions,params_ub-frames,params_weight-decay,state
1650,0.6631631016731263,2025-04-07 05:55:13.824201,2025-04-07 05:55:36.820916,0 days 00:00:22.996715,0.15590739488553151,0.09908633299557372,2,0.032598923239962614,0.051003660255948734,0.08054675173033454,0.04986838218027969,0.09985907181432185,0.08398312638236051,0.004850019162566223,26,82,0.08840309048169344,0.11484793385888019,False,False,False,1.9298115454765596e-08,COMPLETE
1651,0.5011791229248047,2025-04-07 05:55:37.370715,2025-04-07 05:56:00.961373,0 days 00:00:23.590658,0.0667231665909071,0.1888789080045766,2,0.06697063807746521,0.06754469829206602,0.06505199772396592,0.0942716334861749,0.09105751394173933,0.07971861934233279,0.013947742313935979,27,88,0.0948567989540576,0.13363677024798679,False,False,False,1.5055612889796277e-08,COMPLETE
1652,0.5995198965072632,2025-04-07 05:56:01.485892,2025-04-07 05:56:23.863026,0 days 00:00:22.377134,0.09967533362906848,0.14779591471769754,2,0.057312472596277086,0.03242626901270362,0.0716930449436404,0.09156338298437385,0.09669724433332391,0.07690047883139717,0.009942858332199489,25,84,0.08594755614465382,0.09872736242091883,True,False,False,2.4087382978733347e-08,COMPLETE
1653,0.6145426630973816,2025-04-07 05:56:24.399988,2025-04-07 05:56:47.445699,0 days 00:00:23.045711,0.042539110451503305,0.1156462999255077,2,0.0855646157453667,0.047670922687573176,0.029924884931699647,0.09549192700555162,0.09326960925218135,0.08293027728169015,0.0027614577811931286,26,80,0.09658887365163832,0.11878969640004242,False,False,False,1.2146675941566857e-08,COMPLETE
1654,0.40159716010093693,2025-04-07 05:56:47.987730,2025-04-07 05:57:11.613728,0 days 00:00:23.625998,0.13497505039632313,0.16524728012395762,2,0.04674198844494689,0.20298695544190495,0.07752404387385656,0.08954818426364208,0.09707023370134173,0.0807882964250292,0.005686423078821492,27,71,0.099979470013093,0.1043802639136186,False,False,False,1.774879504760042e-08,COMPLETE
1655,0.598659360408783,2025-04-07 05:57:12.138050,2025-04-07 05:57:35.276401,0 days 00:00:23.138351,0.16596414293709677,0.22203787776118541,2,0.07267035748946665,0.042508396086006546,0.07351470311188815,0.09293595995334616,0.09518715759270228,0.0900505411803997,0.0035203883515965164,26,91,0.09167132274516587,0.19740774993632942,False,False,False,1.4868223534245669e-08,COMPLETE
1656,0.3928600549697876,2025-04-07 05:57:35.824507,2025-04-07 05:57:57.728055,0 days 00:00:21.903548,0.1834259667528409,0.08370973988313375,2,0.0654765954723185,0.1357166308493525,0.07018613833765554,0.052522820028915625,0.05826281715481088,0.08606520358367398,0.007410890068718056,24,86,0.09353586522579344,0.12497706653876686,False,False,False,2.990987928911284e-08,COMPLETE
1657,0.6084999442100525,2025-04-07 05:57:58.256752,2025-04-07 05:58:16.779346,0 days 00:00:18.522594,0.0703625311520939,0.1415007377348646,2,0.02488331687921324,0.025890957623792503,0.07613199769159607,0.08720113657104661,0.0984573169802667,0.07831742225729053,0.00437759703893192,19,83,0.09016560567795609,0.1866514321836363,False,False,False,2.108445782315183e-08,COMPLETE
1658,0.3395031273365021,2025-04-07 05:58:17.301482,2025-04-07 05:58:38.471071,0 days 00:00:21.169589,0.1165775102859692,0.17786818991516057,2,0.0811450973315779,0.056329598164300616,0.06852446402265285,0.09978205018251089,0.07581220866793564,0.08251441678566539,0.012128726433148617,28,88,0.09804286159789738,0.11643798026294502,False,False,True,1.2052808461067622e-08,COMPLETE
1659,0.16469517052173616,2025-04-07 05:58:39.031088,2025-04-07 05:58:59.579269,0 days 00:00:20.548181,0.08305261895458625,0.12458365331129216,2,0.039104896161811266,0.0359424097012527,0.07324038079029987,0.09701885916699324,0.09987876528553218,0.08438348254551548,0.08414195676468476,27,79,0.0953429817061027,0.2642988380162902,False,True,False,1.675702869224996e-08,COMPLETE
1660,0.5941924452781677,2025-04-07 05:59:00.102668,2025-04-07 05:59:22.590317,0 days 00:00:22.487649,0.09897969145167416,0.1525545725688252,2,0.05343998126344073,0.05005624435305267,0.06662550539819836,0.09128476667942878,0.08919979213111368,0.07499860606528848,0.005286014905597212,25,84,0.08849851982092642,0.09514371833990756,True,False,False,1.2212074352456707e-08,COMPLETE
1661,0.6151273608207702,2025-04-07 05:59:23.139969,2025-04-07 05:59:46.128024,0 days 00:00:22.988055,0.05360530828591399,0.19960927918189764,2,0.07105263072021963,0.041947294301136306,0.07878439956900912,0.09416860469894749,0.09999177417587474,0.0797180155401998,0.008131011991139542,26,90,0.09218084777104128,0.10906186739361026,False,False,False,5.2054421720536136e-08,COMPLETE
1662,0.6134443640708923,2025-04-07 05:59:46.654483,2025-04-07 06:00:09.483648,0 days 00:00:22.829165,0.1260581546325061,0.10353340991492763,2,0.06129673088125339,0.054047148557120575,0.07545629973863589,0.0852345196236254,0.09626993912744855,0.08766686266195572,0.006503561867614832,26,75,0.0845216772723984,0.16906955043743072,False,False,False,2.6549558332610417e-08,COMPLETE
1663,0.4748419106006623,2025-04-07 06:00:10.011313,2025-04-07 06:00:33.754347,0 days 00:00:23.743034,0.08046401329259581,0.13213646206864926,2,0.07712396767399768,0.04637608342238616,0.07169825821133334,0.08945567268664091,0.09236783453206093,0.07702186329425756,0.003920280155679067,27,86,0.007012565868971296,0.20415951836932084,False,False,False,1.5173916997769154e-08,COMPLETE
1664,0.6027232766151429,2025-04-07 06:00:34.305181,2025-04-07 06:00:56.865985,0 days 00:00:22.560804,0.14499595399209014,0.16818650464033902,2,0.04540431467617961,0.030656434796725432,0.08488391013842816,0.0967713845204527,0.0945089804753537,0.08233264536299346,0.009955934805540217,25,96,0.055754666547026786,0.13635282894103257,False,False,False,2.03356987970243e-08,COMPLETE
1665,0.48540189266204836,2025-04-07 06:00:57.394231,2025-04-07 06:01:20.395808,0 days 00:00:23.001577,0.5982256141095228,0.1500661530427989,2,0.06649678196253551,0.062370929917944046,0.07782092521377677,0.09195430186834196,0.09693697336425189,0.08537870712456047,0.004938842386893299,26,81,0.09683001818979517,0.11991168366634718,False,False,False,1.0101176637595297e-08,COMPLETE
1666,0.3909824788570404,2025-04-07 06:01:20.943097,2025-04-07 06:01:44.554776,0 days 00:00:23.611679,0.10861618291077624,0.18441293777601178,2,0.03275834923598349,0.07509802292687176,0.07407703963584161,0.09475584690360296,0.09840325218110577,0.008195928920073862,0.006297091389216157,27,93,0.09415767123306938,0.17624083729990606,False,False,False,1.4010521145441513e-08,COMPLETE
1667,0.6628037691116333,2025-04-07 06:01:45.087310,2025-04-07 06:02:09.362103,0 days 00:00:24.274793,0.031752401219543196,0.11678076204017543,2,0.0894419666432907,0.04078710147879761,0.06953179913428192,0.05525730929663239,0.09386346336370213,0.08026093907494658,0.015790056956884624,28,88,0.0867864778110907,0.10520470556744424,False,False,False,3.814023782412122e-08,COMPLETE
1668,0.47876708507537846,2025-04-07 06:02:09.919104,2025-04-07 06:02:18.914507,0 days 00:00:08.995403,0.16554105283784976,0.13538483008126748,16,0.05077625636695978,0.03687209131615087,0.08134920429119603,0.09810899911750298,0.013969335593562228,0.08365976489542962,0.0032831692497782942,26,78,0.0900921973709642,0.1280752930807566,True,False,False,1.7826951784735274e-08,COMPLETE
1669,0.5510298252105713,2025-04-07 06:02:19.451542,2025-04-07 06:02:39.190966,0 days 00:00:19.739424,0.09540834101154586,0.08831634681823339,2,0.05864040950263396,0.04877749846730715,0.07658646800140435,0.09319269732619999,0.09075179490841108,0.07875912388815944,0.00818007252305717,25,84,0.09271850328274629,0.09138382450667612,False,False,True,1.2297711328875144e-08,COMPLETE
1670,0.10615012049674988,2025-04-07 06:02:39.719816,2025-04-07 06:03:00.198130,0 days 00:00:20.478314,0.05767515516067858,0.1633068365912649,2,0.07612231747040489,0.059844884135570445,0.07212135891231342,0.08762497840317483,0.099936429761697,0.07431703978949031,0.0047053571939158255,27,86,0.09843778828805096,0.07781303893710287,False,True,False,1.000760011727942e-08,COMPLETE
1671,0.6549434423446656,2025-04-07 06:03:00.745873,2025-04-07 06:03:22.260444,0 days 00:00:21.514571,0.1313310360219151,0.20357863516715194,2,0.020348992128041983,0.02521665628900924,0.07459772591060879,0.04582990172343339,0.0964787801569058,0.0814626491103309,0.00577359713430838,24,81,0.09480894455881025,0.11303523201141162,False,False,False,1.0029154178309992e-08,COMPLETE
1672,0.6087602019309998,2025-04-07 06:03:22.800184,2025-04-07 06:03:45.598289,0 days 00:00:22.798105,0.08032072500343365,0.1046094747034836,2,0.09497369024314872,0.05286031520800219,0.07037269069658385,0.09045435781369182,0.0948892434106471,0.09045904320342009,0.006903457464812253,26,90,0.09139703627079358,0.11923290231948278,False,False,False,2.3593267375164297e-08,COMPLETE
1673,0.667648220062256,2025-04-07 06:03:46.155940,2025-04-07 06:04:10.169272,0 days 00:00:24.013332,0.11153424233250508,0.14860573923616902,2,0.07173200078098192,0.04272344850782432,0.07974447555657344,0.09562353490252747,0.09997588978628887,0.08730916384054262,0.004137334675082377,28,83,0.08850358883581491,0.10102023148653613,False,False,False,1.4982347382749985e-08,COMPLETE
1674,0.6598650336265565,2025-04-07 06:04:10.703328,2025-04-07 06:04:32.984967,0 days 00:00:22.281639,0.14467292863266962,0.25524531287521945,2,0.06457164354400335,0.032617533555593325,0.07296422238731771,0.08279722954219336,0.09743198386031557,0.07629286498613354,0.012160556895635484,25,87,0.09670984716733211,0.11156271045968758,False,False,False,1.9840836589480274e-08,COMPLETE
1675,0.5963120102882385,2025-04-07 06:04:33.512250,2025-04-07 06:04:56.904199,0 days 00:00:23.391949,0.07349626034057753,0.18039778759684336,2,0.07954693416107668,0.046268207400134057,0.07650322927662576,0.09990126028895038,0.09237260365339282,0.05739698131910622,0.009340841180087989,27,78,0.08258978170607428,0.12146351243393495,False,False,False,1.431260221697569e-08,COMPLETE
1676,0.5546747922897339,2025-04-07 06:04:57.456350,2025-04-07 06:05:20.527778,0 days 00:00:23.071428,0.09862378129828048,0.12812851601253958,2,0.055376321303954375,0.036864694946320144,0.06809178330377237,0.09314863958197085,0.09561393966159033,0.08510927404842217,0.03908159157895445,26,100,0.09509484285400824,0.0843650852245332,True,False,False,1.0003482348668517e-08,COMPLETE
1677,0.5751140713691711,2025-04-07 06:05:21.060723,2025-04-07 06:05:44.457639,0 days 00:00:23.396916,0.12053431229519039,0.15903715190363238,2,0.03703167151049305,0.05655390592374018,0.071019059926639,0.08891405068423389,0.09711069631159602,0.08190080206390739,0.005295351796808186,27,81,0.08677220426480603,0.1806321322353312,False,False,False,3.373740724197321e-08,COMPLETE
1678,0.6467886328697205,2025-04-07 06:05:45.009480,2025-04-07 06:06:07.352704,0 days 00:00:22.343224,0.04879801740286335,0.1142087947829194,2,0.08511719043578882,0.05013835446212436,0.0751482365079988,0.09108245254034505,0.09339998827261627,0.07836170211016864,0.007760343407982936,25,85,0.09257394038174646,0.06461436016446519,False,False,False,1.803643539221257e-08,COMPLETE
1679,0.6081655502319336,2025-04-07 06:06:07.885109,2025-04-07 06:06:31.119952,0 days 00:00:23.234843,0.08962638721541116,0.21705821031900202,2,0.06914203856052406,0.04233202045993525,0.07835817405169038,0.09514287795421891,0.0982496264607621,0.09452462824427885,0.0036238499929515276,26,91,0.08979972606108268,0.12754081009147852,False,False,False,2.7941716211926034e-08,COMPLETE
1680,0.35222474336624143,2025-04-07 06:06:31.675835,2025-04-07 06:06:52.954335,0 days 00:00:21.278500,0.18009552426977757,0.1413262906354911,2,0.04408312728107287,0.030107856658563536,0.06488042516181447,0.09709016062569288,0.09516869521613794,0.07997236449599056,0.0027699871500844373,28,88,0.09782076230812216,0.1073268341969886,False,False,True,1.2261227471916837e-08,COMPLETE
1681,0.14698361158370973,2025-04-07 06:06:53.487574,2025-04-07 06:07:13.170632,0 days 00:00:19.683058,0.1253287519132916,0.18893198207684186,2,0.061432811349037206,0.06336502727725435,0.07327179190277498,0.08659053507566777,0.09084834875608502,0.0837586433106549,0.006469409170393102,25,60,0.09342246371111959,0.097434549195419,False,True,False,2.2398906280315814e-08,COMPLETE
1682,0.6375555634498598,2025-04-07 06:07:13.705970,2025-04-07 06:07:37.229501,0 days 00:00:23.523531,0.07027741929751585,0.17410807486840474,2,0.02806448997156597,0.03991710515819973,0.06650101766657722,0.09322243038762366,0.09809986067517339,0.08155564994373124,0.004553569093109295,27,83,0.08496099264175544,0.11394752752228438,False,False,False,1.6003650670235168e-08,COMPLETE
1683,0.47588996291160585,2025-04-07 06:07:37.786740,2025-04-07 06:08:00.675333,0 days 00:00:22.888593,0.1550131102819896,0.13736313165373248,2,0.07177300483013846,0.04679090892460551,0.08255658108101652,0.09119167769996078,0.09363353827937723,0.08624837251003184,0.011181435749238385,26,94,0.09639431972924356,0.135084410037447,False,False,False,1.4105526345066507e-08,COMPLETE
1684,0.6175037503242493,2025-04-07 06:08:01.209874,2025-04-07 06:08:23.140265,0 days 00:00:21.930391,0.10824538408273211,0.08078971412732024,2,0.05349682677326381,0.05492733057956437,0.06926935614937442,0.08417786375843009,0.0999634037072617,0.0784570185817303,0.008831484606947066,24,75,0.09100884079227772,0.12288156513642465,True,False,False,1.8738334739079335e-08,COMPLETE
1685,0.6018931627273559,2025-04-07 06:08:23.697000,2025-04-07 06:08:47.365050,0 days 00:00:23.668050,0.035115058460873844,0.15846250869944287,2,0.07819213583126354,0.036687852006166,0.07696919747759068,0.0948296028798646,0.0964136955445744,0.08360760384891759,0.005496234788780515,27,80,0.0886458806940857,0.24950960001792719,False,False,False,1.2199467648172864e-08,COMPLETE
1686,0.6140228509902954,2025-04-07 06:08:47.897293,2025-04-07 06:09:10.365886,0 days 00:00:22.468593,0.05847223328790203,0.12041040325271912,2,0.06379334610924163,0.024140588712824203,0.07195677817546628,0.08887822107751857,0.09812626391996153,0.08866774319074093,0.007236817733796476,25,85,0.09457864171410368,0.10428145837481347,False,False,False,2.3830137790526873e-08,COMPLETE
1687,0.3111541509628296,2025-04-07 06:09:10.922368,2025-04-07 06:09:33.643926,0 days 00:00:22.721558,0.13848858249179058,0.096513587240502,2,0.013918881623666885,0.04983145888032521,0.07434095061820536,0.09773369392053216,0.09505883684214247,0.0766072319140435,1.1901871069332506e-05,26,88,0.09992477174188724,0.11516407132333206,False,False,False,1.6116029294916758e-08,COMPLETE
1688,0.6019284129142761,2025-04-07 06:09:34.181622,2025-04-07 06:09:57.096239,0 days 00:00:22.914617,0.5657268355325143,0.17027650615155113,2,0.05116602375335161,0.04374768979744611,0.07579878563944648,0.09289554592306383,0.08948935331883344,0.08033007923491162,0.01470190025121387,26,83,0.09245062845948852,0.12884807389050784,False,False,False,1.2334248525653056e-08,COMPLETE
1689,0.6167157649993896,2025-04-07 06:09:57.627388,2025-04-07 06:10:06.626499,0 days 00:00:08.999111,0.09329195770140104,0.14802190171250257,16,0.04109462531987691,0.03238217261205609,0.07020240694854579,0.09619896585253002,0.09223927791483112,0.0822914594366345,0.0037755142845989913,27,90,0.09565600196098911,0.10980639501758632,False,False,False,1.8979475641825025e-08,COMPLETE
1690,0.542039155960083,2025-04-07 06:10:07.189220,2025-04-07 06:10:31.377612,0 days 00:00:24.188392,0.11796826638666086,0.19546666999718534,2,0.06800642606258529,0.06673419356952501,0.07996817307401323,0.09093685656118815,0.09673481536545137,0.08528635438779869,0.004796778627665078,28,78,0.09043691053929384,0.0876697087075397,False,False,False,1.4560241270739675e-08,COMPLETE
1691,0.4066613912582398,2025-04-07 06:10:31.915087,2025-04-07 06:10:51.428465,0 days 00:00:19.513378,0.0902513388607138,0.12395558386184007,2,0.05824316928346923,0.058045599971322095,0.07299132876995024,0.09417216295428855,0.09467326600525201,0.07473076692964398,0.0031540948560712903,25,86,0.08649101907401462,0.07328217482917501,False,False,True,1.2339645635637564e-08,COMPLETE
1692,0.6320849418640138,2025-04-07 06:10:51.984609,2025-04-07 06:11:15.191035,0 days 00:00:23.206426,0.07469544735269737,0.10382310430453073,2,0.08685364989527952,0.0525720027330808,0.06236016752541274,0.04905992904616699,0.09818336193035611,0.07938614925438023,0.010962895346033522,26,92,0.0981536410469119,0.12058686433782802,True,False,False,2.4542680170750378e-08,COMPLETE
1693,0.09159234166145325,2025-04-07 06:11:15.732430,2025-04-07 06:11:36.143777,0 days 00:00:20.411347,0.47316697997924717,0.3134777734582578,2,0.07473168016153091,0.03705406288022128,0.077897976482679,0.08588167770304683,0.09642338072850101,0.0830171348943477,0.006021904350524637,27,81,0.09413996746863773,0.19201679551718492,False,True,False,1.740229540092918e-08,COMPLETE
1694,0.4128254592418671,2025-04-07 06:11:36.704889,2025-04-07 06:11:59.653690,0 days 00:00:22.948801,0.1683990705420056,0.15391221294771076,2,0.03169074808311588,0.0860589554286858,0.024797812283738868,0.08821264144299554,0.09227412429203333,0.09270633516502826,0.004256619191328986,26,120,0.0882174782328773,0.10224591203372059,False,False,False,3.2855987626481766e-08,COMPLETE
1695,0.6171213507652282,2025-04-07 06:12:00.191938,2025-04-07 06:12:23.209053,0 days 00:00:23.017115,0.10989795938606575,0.1827328106942172,2,0.045194058363593415,0.044968676781641514,0.0676378794686122,0.09823062631697611,0.01813007062975662,0.08726393019176781,0.009144185617761239,26,85,0.0841381453673258,0.0953731700406265,False,False,False,1.465314988652101e-08,COMPLETE
1696,0.6157717227935792,2025-04-07 06:12:23.771953,2025-04-07 06:12:45.474234,0 days 00:00:21.702281,0.1421463392530833,0.13544339461188432,2,0.06251088192883983,0.027981647461122958,0.07134561031749409,0.0924426615270854,0.09840736109914992,0.077842066318418,0.00741003318379614,24,73,0.09182637078487939,0.11574039660290852,False,False,False,1.0079873111195341e-08,COMPLETE
1697,0.6362412333488465,2025-04-07 06:12:46.016327,2025-04-07 06:13:08.404023,0 days 00:00:22.387696,0.06171714496341846,0.23140884180158106,2,0.0802986010596559,0.04001739960235702,0.07518888626376381,0.09547624816004568,0.09410353278704967,0.08089675561744143,0.005461111702630479,25,88,0.09644900961593265,0.12215790232190452,False,False,False,2.1905737605471082e-08,COMPLETE
1698,0.6320023655891419,2025-04-07 06:13:08.966164,2025-04-07 06:13:32.590010,0 days 00:00:23.623846,0.12642047747333376,0.1695438621351982,2,0.068876288609843,0.048755002085267875,0.07398612846995231,0.08986852224123103,0.09668494907183976,0.08459018504614071,0.006456450107166991,27,83,0.09352404073682578,0.10838651470308987,False,False,False,7.610322610577112e-08,COMPLETE
1699,0.6026907563209534,2025-04-07 06:13:33.129555,2025-04-07 06:13:43.333949,0 days 00:00:10.204394,0.028478758188204632,0.11789771242088018,2,0.023243000249115353,0.05506950427925695,0.07709757699996309,0.09355381900214742,0.0489457997594254,0.05376872250223039,0.012634330630836847,5,80,0.08960871466222986,0.1343536122566234,False,False,False,1.2180509765208899e-08,COMPLETE
1700,0.4957461833953858,2025-04-07 06:13:43.873408,2025-04-07 06:14:08.268475,0 days 00:00:24.395067,0.09556863137744827,0.20116783164148827,2,0.058615877275021974,0.03504860096257849,0.06956586130038617,0.09172490785287357,0.09821163656914492,0.08136414285261659,0.004185362424524624,28,94,0.09842680943422051,0.288987391300243,True,False,False,1.0037138842147956e-08,COMPLETE
1701,0.5241889357566833,2025-04-07 06:14:08.829037,2025-04-07 06:14:31.277404,0 days 00:00:22.448367,0.07675982400981282,0.1442699960375671,2,0.04958611549872707,0.046502078577776315,0.07253450896291601,0.09656085084754769,0.09995139541810263,0.07664567491835353,0.0034649605288003746,25,88,0.03754113384016078,0.22395168271776406,False,False,False,1.001038330942129e-08,COMPLETE
1702,0.5314909815788269,2025-04-07 06:14:31.816170,2025-04-07 06:14:51.909797,0 days 00:00:20.093627,0.048670687398126404,0.08342042689890307,2,0.07284936890753328,0.0409370530743672,0.079769457626022,0.08705314153373796,0.09998065359511929,0.08992712803831189,0.010214055985479862,26,77,0.08230947476183441,0.12939786431168832,False,False,True,1.7161730101746433e-08,COMPLETE
1703,0.6265077829360962,2025-04-07 06:14:52.474225,2025-04-07 06:15:16.010989,0 days 00:00:23.536764,0.10779713252792134,0.1634217405217764,2,0.035687368515469796,0.051363746725194746,0.07471990299251897,0.09995286618029917,0.09475570743744254,0.022925357298258352,0.005161611402886876,27,85,0.09569865964678241,0.09138303906741194,False,False,False,1.0254550596904991e-07,COMPLETE
1704,0.09159234166145325,2025-04-07 06:15:16.550875,2025-04-07 06:15:36.411222,0 days 00:00:19.860347,0.7838784739867111,0.12999992770685267,2,0.09548986064311091,0.060910722486639896,0.07128654103034461,0.05769357925605988,0.09142389836008505,0.0793219966902264,0.0077589619398284945,26,81,0.09146491461397664,0.16933927127884885,False,True,False,2.6277137806437962e-08,COMPLETE
1705,0.5697381377220154,2025-04-07 06:15:36.976637,2025-04-07 06:16:01.257249,0 days 00:00:24.280612,0.15270191187927087,0.10831675866931854,2,0.08114232572564552,0.03197077183764625,0.06832264065398927,0.09457178396607956,0.08910483966130288,0.08660409151935103,0.002457258908455899,28,90,0.0880330607071411,0.23165479497701275,False,False,False,2.010485499462331e-08,COMPLETE
1706,0.6096699953079224,2025-04-07 06:16:01.798213,2025-04-07 06:16:13.123590,0 days 00:00:11.325377,0.12948709887599336,0.1794227770158068,2,0.06502798797918487,0.04443729934044694,0.07631741518654458,0.04222947207415344,0.09685367218603853,0.08355163957958081,0.006036382140021403,7,83,0.09418740108015819,0.11648199753790545,False,False,False,1.4658062581416704e-08,COMPLETE
