number,value,datetime_start,datetime_complete,duration,params_alpha-eval,params_alpha-train,params_batch-size,params_eps-eval,params_eps-train,params_lambda-actions-eval,params_lambda-actions-train,params_lambda-frames-eval,params_lambda-frames-train,params_learning-rate,params_n-epochs,params_n-frames,params_radius-gw,params_rho,params_std-feats,params_ub-actions,params_ub-frames,params_weight-decay,state
283,0.6181695342063904,2025-04-06 21:56:19.859875,2025-04-06 21:56:29.999785,0 days 00:00:10.139910,0.21595182070034236,0.014570763089430235,8,0.007170221094765911,0.03983490162807387,0.04895657711777039,0.07089373310203044,0.029544429326691966,0.08567584798944602,0.006153480626247483,24,70,0.08202180203102125,0.17968403152276785,False,False,False,6.324854879419014e-07,COMPLETE
284,0.09159234166145325,2025-04-06 21:56:30.096663,2025-04-06 21:56:39.955112,0 days 00:00:09.858449,0.23646118128757534,0.037151337290645826,8,0.0004629330836506268,0.04176905436121305,0.04888573358281409,0.07024404919638592,0.03125285648111416,0.08598437552279277,0.006267155040063324,24,71,0.0817905428962786,0.17272853315724818,False,False,False,6.422388589186337e-07,COMPLETE
285,0.6177146077156067,2025-04-06 21:56:40.044459,2025-04-06 21:56:50.221629,0 days 00:00:10.177170,0.2600767845069323,0.018686495743134114,8,0.012923772592681114,0.049124240741002925,0.053375335292622034,0.0724078427462641,0.0340432595766989,0.08596816906761756,0.007109148275228574,24,69,0.08297994719319722,0.17751837859844852,False,False,False,1.0329313125745026e-06,COMPLETE
286,0.6204588532447814,2025-04-06 21:56:50.309794,2025-04-06 21:57:00.488298,0 days 00:00:10.178504,0.2728731722799816,0.012724214858020323,8,0.011369267548626077,0.04817627840770604,0.05245955268906754,0.0717853344577134,0.03354590588822988,0.08602937485174351,0.006988830324719537,24,70,0.08335059135657914,0.17888623830412378,False,False,False,7.962055984253526e-07,COMPLETE
287,0.6152097344398498,2025-04-06 21:57:00.578102,2025-04-06 21:57:10.651705,0 days 00:00:10.073603,0.25911287142054895,0.02158198029060259,8,0.015105872490712501,0.04903274124528485,0.053385370882668176,0.07222633900084709,0.034228243180617755,0.08629852187930673,0.00710917049062994,24,72,0.07998171687593707,0.17762864823488095,False,False,False,7.519482930755324e-07,COMPLETE
288,0.6209123373031616,2025-04-06 21:57:10.750511,2025-04-06 21:57:20.843914,0 days 00:00:10.093403,0.27448412313265075,0.010333800120091755,8,0.013662658204484169,0.04963843644125902,0.05324902865343735,0.07259923333971041,0.034759152329251294,0.08518785955863802,0.005207252396618844,24,74,0.08035213489838233,0.1769172698232691,False,False,False,7.86398185482541e-07,COMPLETE
289,0.6204185962677002,2025-04-06 21:57:20.933570,2025-04-06 21:57:31.041914,0 days 00:00:10.108344,0.2745026618558734,0.017432013877302283,8,0.015614214621146654,0.04682299591268632,0.04958587709541201,0.07282115305540177,0.032981744302129884,0.0848387009658361,0.006680913032746686,24,72,0.07865796204906333,0.17682990116178465,False,False,False,1.1882374789990657e-06,COMPLETE
290,0.6217972874641419,2025-04-06 21:57:31.132275,2025-04-06 21:57:41.328329,0 days 00:00:10.196054,0.27320486079495165,0.016124526768560403,8,0.014572463715245378,0.04604792666421671,0.04666203677617987,0.07265278818396842,0.033891849059694626,0.08488425756464532,0.005088570172925127,24,73,0.07787357029097568,0.16924633216106863,False,False,False,9.26458217952045e-07,COMPLETE
291,0.6213839054107666,2025-04-06 21:57:41.418709,2025-04-06 21:57:51.593249,0 days 00:00:10.174540,0.2692778515773125,0.01033487139717824,8,0.013286559572495311,0.05084917567573864,0.04748680364065066,0.07315587679067871,0.035701348500584935,0.08498891208282083,0.006746964811994731,24,79,0.07807380843756394,0.1708675630352845,False,False,False,9.769725520683372e-07,COMPLETE
292,0.6230778813362122,2025-04-06 21:57:51.686949,2025-04-06 21:58:01.829844,0 days 00:00:10.142895,0.2909853743674637,0.014404271157096839,8,0.01362464075314918,0.04948498070363935,0.046537002302412006,0.07270518312674965,0.034820217778335855,0.08546726017368173,0.00515757680413994,24,80,0.07809147286591749,0.17401045076988286,False,False,False,1.1339824728900275e-06,COMPLETE
293,0.6201080799102783,2025-04-06 21:58:01.933394,2025-04-06 21:58:11.977891,0 days 00:00:10.044497,0.27831258867691744,0.015782371105161234,8,0.014074520287223235,0.04996894285604961,0.04633105615245724,0.07389296491969177,0.03512280452391645,0.08403036233147701,0.005320275367460764,24,79,0.07811750026327602,0.16921728701653124,False,False,False,1.0310798205091393e-06,COMPLETE
294,0.620752763748169,2025-04-06 21:58:12.069653,2025-04-06 21:58:22.216662,0 days 00:00:10.147009,0.2803431599863262,0.01346015885861822,8,0.016809300914390785,0.05083900725361844,0.04677093387796349,0.07347906486448087,0.0348160632800956,0.08470507069301604,0.005307027366882172,24,80,0.0784182531800459,0.169717008363782,False,False,False,9.64251899266652e-07,COMPLETE
295,0.6144802808761597,2025-04-06 21:58:22.308184,2025-04-06 21:58:32.445534,0 days 00:00:10.137350,0.29396635530330756,0.013265619323342998,8,0.017517857690737316,0.05689794922166561,0.046438537772072755,0.07448680895971413,0.03587669383769899,0.08372972149347405,0.0050545982224068555,24,81,0.0768183573831031,0.17095656008179072,False,False,False,1.1881425799190065e-06,COMPLETE
296,0.6238443732261658,2025-04-06 21:58:32.537940,2025-04-06 21:58:42.745663,0 days 00:00:10.207723,0.2786801902982037,0.0166932729096181,8,0.01558077505663403,0.04833452297586408,0.04923840886694724,0.07358073151858567,0.034025129157074466,0.0858825017873277,0.003976391417111699,24,78,0.07870027783798121,0.16582534464580656,False,False,False,9.173047231436993e-07,COMPLETE
297,0.4821685075759888,2025-04-06 21:58:42.840680,2025-04-06 21:58:53.052786,0 days 00:00:10.212106,0.27806421914203827,0.014665177658900613,8,0.014974822160507481,0.050723429699484845,0.04840368580281646,0.0737927724673184,0.03407452989107364,0.08446856716125718,0.0037819339515949343,24,81,0.07813350397316245,0.16769921764653953,False,False,False,8.927915138231719e-07,COMPLETE
298,0.6204588532447814,2025-04-06 21:58:53.156080,2025-04-06 21:59:03.459105,0 days 00:00:10.303025,0.2984586071069326,0.010186686232942395,8,0.018370443308533664,0.048229763226475784,0.043947032940157844,0.07316725010119808,0.03669624685552722,0.08468123456801963,0.005693204883835044,25,76,0.07443387102493688,0.16882729395691237,False,False,False,1.4535845438520155e-06,COMPLETE
299,0.6205430269241333,2025-04-06 21:59:03.557049,2025-04-06 21:59:13.878685,0 days 00:00:10.321636,0.26840507944037184,0.012101295092484608,8,0.019655164956828196,0.060172903818603865,0.043928880355770555,0.072554723665311,0.03546402350782268,0.084578717693217,0.005079886246924985,25,76,0.07573039399444931,0.16744416121058786,False,False,False,1.7284283354180944e-06,COMPLETE
300,0.6176465034484864,2025-04-06 21:59:13.974124,2025-04-06 21:59:24.301612,0 days 00:00:10.327488,0.2660796898351404,0.01132706028009869,8,0.017152974463493217,0.06378931377684685,0.044129763353184664,0.07323046005753711,0.0368554231219254,0.08370432209851095,0.005370782713816483,25,78,0.07516702555907803,0.16886283508500477,False,False,False,1.903218989767528e-06,COMPLETE
301,0.09159234166145325,2025-04-06 21:59:24.397263,2025-04-06 21:59:34.400505,0 days 00:00:10.003242,0.2872841418737954,0.012870455747146375,8,0.00018364317168703334,0.05251398029516475,0.05009086695559738,0.07538207665820365,0.03520786622973696,0.084917889619037,0.004294531952044855,25,75,0.0780563629846762,0.17049124154772533,False,False,False,1.3660866699752404e-06,COMPLETE
302,0.6236380934715271,2025-04-06 21:59:34.494803,2025-04-06 21:59:44.598571,0 days 00:00:10.103768,0.32274724400293037,0.039111933002687546,8,0.013165603737639097,0.047483394209149606,0.04289213895463526,0.07218496355084188,0.03926160221958044,0.08325749286254301,0.006015437628668919,24,85,0.07670534292065219,0.16695917424878,False,False,False,1.0088014422219405e-06,COMPLETE
303,0.6102713942527771,2025-04-06 21:59:44.702009,2025-04-06 21:59:54.808831,0 days 00:00:10.106822,0.3005170204339087,0.040542818925466025,8,0.019009355543072957,0.059222886792011806,0.04024853901713802,0.07452646551083786,0.03850475907358149,0.0829963538364563,0.005612808482931908,24,83,0.07610158909926322,0.16632488540830892,False,False,False,8.99939920510464e-07,COMPLETE
304,0.6297528624534607,2025-04-06 21:59:54.903542,2025-04-06 22:00:05.107325,0 days 00:00:10.203783,0.22649353807182723,0.038228558048347926,8,0.02067313170536207,0.04663832238809791,0.04234741097358518,0.07210912900475822,0.03603884075518001,0.082500840156081,0.0034773762156252246,25,78,0.0792527356222128,0.1625071442006546,False,False,False,6.026598333989586e-07,COMPLETE
305,0.4196836888790131,2025-04-06 22:00:05.201900,2025-04-06 22:00:15.465611,0 days 00:00:10.263711,0.23610371288781126,0.0386265487984494,8,0.020480958086956505,0.04769029806257366,0.04490967860826203,0.0729285561704586,0.036560216661248895,0.08234021874674652,0.004929109692327202,25,88,0.07430206954496767,0.16428901501539167,False,False,False,1.9577177139724384e-06,COMPLETE
306,0.6097530484199525,2025-04-06 22:00:15.559964,2025-04-06 22:00:25.909097,0 days 00:00:10.349133,0.27850389888959154,0.04397302801086178,8,0.012913225731046458,0.05686323006145393,0.041982225076594895,0.07639328799666814,0.03737129855357184,0.084301133965096,0.0036369327094910235,25,78,0.07939349738379048,0.16955612118653896,False,False,False,1.4099736441533879e-06,COMPLETE
307,0.43386293649673463,2025-04-06 22:00:26.014384,2025-04-06 22:00:36.236232,0 days 00:00:10.221848,0.32927027962191047,0.029103641633635248,8,0.011981566318549047,0.045397701633068395,0.04736904337969461,0.07444907747357354,0.033110563132457395,0.08222818139816893,0.0029316118227207923,25,76,0.07824519889668415,0.1607824801531305,False,False,False,1.088620487316078e-06,COMPLETE
308,0.5086091041564942,2025-04-06 22:00:36.331877,2025-04-06 22:00:46.584870,0 days 00:00:10.252993,0.31599243338069155,0.04966640287797227,8,0.019074361575118985,0.05228378722802512,0.04011255885264513,0.07166527915563127,0.0353361716943286,0.08450785094863275,0.004386311843189817,24,85,0.08060140361313825,0.17433363174459535,False,False,False,5.577598366150842e-07,COMPLETE
309,0.6211803913116456,2025-04-06 22:00:46.681056,2025-04-06 22:00:56.888032,0 days 00:00:10.206976,0.2733960762805019,0.011153785212237158,8,0.012738280972077272,0.04571251400541694,0.046110492715118426,0.07323522209279816,0.039634862918998565,0.08156873531837645,0.006157568944555484,24,74,0.07642335420454603,0.1657919563136655,False,False,False,8.287090925489474e-07,COMPLETE
310,0.606755030155182,2025-04-06 22:00:56.984485,2025-04-06 22:01:07.295580,0 days 00:00:10.311095,0.22986365222858035,0.03779709965003744,8,0.021459119835683424,0.062889839056584,0.04272069428905273,0.07199890923401,0.040044850262028205,0.08110981525819706,0.006541830545973943,25,74,0.073677862272136,0.16385531534768352,False,False,False,7.793594929537153e-07,COMPLETE
311,0.6196828126907349,2025-04-06 22:01:07.391486,2025-04-06 22:01:17.442670,0 days 00:00:10.051184,0.2509935574373417,0.012004530278704507,8,0.012427976786425907,0.04440494175730447,0.050625080745951075,0.07563275000759556,0.03778358207691422,0.08186749458556584,0.006274393429387886,24,83,0.07614983662844074,0.17475399484050178,False,False,False,2.769729277445626e-06,COMPLETE
312,0.09159234166145325,2025-04-06 22:01:17.549766,2025-04-06 22:01:27.627555,0 days 00:00:10.077789,0.3036237779299614,0.03435517619909579,8,0.0009190921652643454,0.04516699820941787,0.03846841477655334,0.07118025297189864,0.0390691182467771,0.08592657181803647,0.0035870921315678613,25,74,0.08021889693512543,0.1605328414530567,False,False,False,1.5165200251936551e-06,COMPLETE
313,0.4870397984981537,2025-04-06 22:01:27.724937,2025-04-06 22:01:37.857380,0 days 00:00:10.132443,0.26885890184016653,0.04905930815171497,8,0.020700374622348854,0.05531783857862736,0.044887699214321515,0.07340389580002225,0.0328690725946965,0.08339080007868484,0.004451229711892834,24,90,0.07652542172435838,0.17381437297996713,False,False,False,5.274252306623021e-07,COMPLETE
314,0.5132001876831055,2025-04-06 22:01:37.956227,2025-04-06 22:01:47.938981,0 days 00:00:09.982754,0.29146853922601484,0.010188942947340022,8,0.004117857608686867,0.04839274312258898,0.04767587268311098,0.0771526641233281,0.0320542150613284,0.0858376490908949,0.007094017477137854,24,77,0.07903308362775881,0.16476084130350163,False,False,False,7.676554612339008e-07,COMPLETE
315,0.616578233242035,2025-04-06 22:01:48.036363,2025-04-06 22:01:58.334009,0 days 00:00:10.297646,0.23748279358271607,0.031049335544131657,8,0.013195618805576778,0.05975884810415238,0.050732767264418055,0.07036593327685438,0.0356909837422329,0.0805537397515021,0.005506337061532774,25,80,0.0729983734594129,0.17140218081348496,False,False,False,9.194709754786155e-07,COMPLETE
316,0.39707455635070804,2025-04-06 22:01:58.442230,2025-04-06 22:02:08.843611,0 days 00:00:10.401381,0.3272085680206039,0.0645576928273178,8,0.02141642135956324,0.04353365606781211,0.04396001879558995,0.07307811620386223,0.0403260443456444,0.0845629512221342,0.0021811352988531717,25,96,0.07503610125424887,0.15550905387540642,False,False,False,6.34004399568955e-07,COMPLETE
317,0.6106506943702699,2025-04-06 22:02:08.942064,2025-04-06 22:02:19.076746,0 days 00:00:10.134682,0.26997111754778563,0.05105661892928958,8,0.010963967372564267,0.054407883414791414,0.04648321111514042,0.07530072076970473,0.03340369678037221,0.0824308290719069,0.007599064407035962,24,72,0.08096881481543002,0.1663798311089152,False,False,False,1.155875278773227e-06,COMPLETE
318,0.6262465953826905,2025-04-06 22:02:19.178044,2025-04-06 22:02:29.226424,0 days 00:00:10.048380,0.2424925016096678,0.027184275065443665,8,0.01695511907349109,0.047083140337228234,0.049474767275963505,0.07080535121786337,0.03656191596499103,0.08633166440660947,0.00460215459948761,24,74,0.07714735790731918,0.17495305823706855,False,False,False,1.7047872933586923e-06,COMPLETE
319,0.5905487895011902,2025-04-06 22:02:29.325376,2025-04-06 22:02:39.217651,0 days 00:00:09.892275,0.22814775755948236,0.0734298768029501,8,0.00547563187503043,0.04188095847292425,0.042789117404305015,0.06999108297786741,0.03810035036391646,0.08650175671903193,0.004566616714107892,23,74,0.07627814293577803,0.16950693005910691,False,False,False,2.133525617577913e-06,COMPLETE
320,0.6071161508560181,2025-04-06 22:02:39.327962,2025-04-06 22:02:49.600754,0 days 00:00:10.272792,0.24933641035259374,0.03304897931443433,8,0.02156401175377365,0.06942704334176886,0.034402929225610356,0.07118138396364256,0.03644482048522569,0.08677586366758545,0.0037504485923740894,25,82,0.08102435992681739,0.1573678354964698,False,False,False,3.608305803814782e-06,COMPLETE
321,0.09159234166145325,2025-04-06 22:02:49.699222,2025-04-06 22:02:58.102686,0 days 00:00:08.403464,0.2201117276604922,0.04565769946481429,8,0.0002754977793620241,0.05188663418462586,0.04794749189640577,0.07629439144730374,0.039435182145154755,0.08257743407601574,0.005267188986124625,15,78,0.07842360615269785,0.17413315473756388,False,False,False,1.5308704290834772e-06,COMPLETE
322,0.6211803913116456,2025-04-06 22:02:58.202409,2025-04-06 22:03:08.347943,0 days 00:00:10.145534,0.2426301198975372,0.01168041000323464,8,0.010107049503462447,0.04305215196803132,0.045999952802576544,0.0702779385481805,0.04293954820387655,0.08474899730443287,0.008336943478304543,24,75,0.07420829761324588,0.1660863303198242,False,False,False,5.383015621061896e-07,COMPLETE
323,0.4220200479030609,2025-04-06 22:03:08.449682,2025-04-06 22:03:18.636600,0 days 00:00:10.186918,0.24633103902221629,0.030342955112589734,8,0.009505006424366911,0.19210070343129432,0.05141034428913549,0.06984802255099393,0.043387583781051085,0.08056809960004613,0.008153790976914158,24,75,0.0774135118382232,0.16261416696891628,False,False,False,4.943947763682754e-07,COMPLETE
324,0.6161649703979493,2025-04-06 22:03:18.737353,2025-04-06 22:03:28.681299,0 days 00:00:09.943946,0.26041754491997826,0.06708030083713833,8,0.010517898231510588,0.042316929599774886,0.0493514641747196,0.0707478779532244,0.04157138766327729,0.0861738193790654,0.003164060829388191,23,69,0.07173156594648415,0.15341036573739875,False,False,False,7.070059849732152e-07,COMPLETE
325,0.611266040802002,2025-04-06 22:03:28.792376,2025-04-06 22:03:38.952486,0 days 00:00:10.160110,0.22409436555587636,0.04310063972731191,8,0.007755027428743894,0.060163339629774756,0.04557816310714785,0.07472762835410143,0.03443403540304631,0.08282518519398176,0.00882659061421006,24,69,0.0813849218552649,0.16227747709679344,False,False,False,5.08656841571113e-07,COMPLETE
326,0.6266443610191346,2025-04-06 22:03:39.053036,2025-04-06 22:03:48.922862,0 days 00:00:09.869826,0.2450069778813107,0.026793848869263438,8,0.016139599561414107,0.039916859434017835,0.051772731038932665,0.07183746642664995,0.0310717038206637,0.08693222516206427,0.007216477886109872,23,79,0.08003751900000958,0.17303350979810114,False,False,False,8.011104934033598e-07,COMPLETE
327,0.4795132160186768,2025-04-06 22:03:49.024990,2025-04-06 22:03:59.082924,0 days 00:00:10.057934,0.2412270835401064,0.03217310502394681,8,0.016380769972827926,0.04155779212212811,0.04705012488063165,0.06952740644653713,0.031470001821313064,0.08706313322249752,0.005975427159540625,23,86,0.07955081469927025,0.17204763259219988,False,False,False,9.16335194551073e-07,COMPLETE
328,0.6118820428848266,2025-04-06 22:03:59.185062,2025-04-06 22:04:09.099130,0 days 00:00:09.914068,0.21696392340981369,0.06191054318991247,8,0.023349127553406353,0.05302207824330945,0.05031145285488124,0.07779917005006445,0.03958248781595978,0.08402199425688889,0.004234894301553615,23,80,0.07715498841036611,0.16551900529524147,False,False,False,6.112309215718422e-07,COMPLETE
329,0.5364545106887817,2025-04-06 22:04:09.211113,2025-04-06 22:04:19.173650,0 days 00:00:09.962537,0.36183531575424305,0.04820343397890742,8,0.004690147262679731,0.039034970045133136,0.04892891736905827,0.07237652274071237,0.031232486544237898,0.04474840664448211,0.007952853643469223,24,79,0.07497034849595027,0.17619988149129204,False,False,False,4.886074177130209e-07,COMPLETE
330,0.6262467741966248,2025-04-06 22:04:19.275157,2025-04-06 22:04:29.208264,0 days 00:00:09.933107,0.2436782325518561,0.03128257459727937,8,0.01616761151378092,0.04383222703698502,0.04075051203618896,0.0748175505607059,0.07949146320912062,0.0805864957956587,0.004729270658667566,23,74,0.07983030936724662,0.16052267478643797,False,False,False,6.871430379445341e-07,COMPLETE
331,0.5933125615119934,2025-04-06 22:04:29.311558,2025-04-06 22:04:39.138951,0 days 00:00:09.827393,0.23766617713658236,0.07237892916560505,8,0.005097069900776892,0.04330093572553071,0.03886995121099271,0.07514850801023336,0.0837363888118614,0.08243388444181489,0.008869238510337092,23,73,0.08095961653252971,0.15855846594414202,False,False,False,6.438910895375399e-07,COMPLETE
332,0.6214151978492737,2025-04-06 22:04:39.241596,2025-04-06 22:04:49.232112,0 days 00:00:09.990516,0.21134529418591708,0.030839919032754286,8,0.013940858817097088,0.03975981406222141,0.05759872645116592,0.07024814715950085,0.03162438235745926,0.07951024803954858,0.006494788203258042,23,83,0.07834118674759082,0.15295642654273706,False,False,False,8.09574392479775e-07,COMPLETE
333,0.49445608854293827,2025-04-06 22:04:49.345514,2025-04-06 22:04:59.236992,0 days 00:00:09.891478,0.24959415580895702,0.04878738757645123,8,0.015127539327414972,0.04483852143247903,0.0568406388932671,0.07838581203213253,0.03224695924967128,0.07867336564608987,0.004663508973375154,23,84,0.0783080826906174,0.1475472319001072,False,False,False,8.282977976350183e-07,COMPLETE
334,0.6234804153442384,2025-04-06 22:04:59.341575,2025-04-06 22:05:09.388789,0 days 00:00:10.047214,0.22562260990439173,0.02916485532408615,8,0.015540184048853132,0.05390488129877077,0.04162210293326941,0.07462927586689887,0.04290900527778656,0.07964999484954181,0.006280209061616486,23,82,0.07292727983272215,0.1554383227319545,False,False,False,1.0038970865043095e-06,COMPLETE
335,0.6153626441955566,2025-04-06 22:05:09.493300,2025-04-06 22:05:19.455242,0 days 00:00:09.961942,0.22666366974978702,0.0797584175071955,8,0.023287460689021548,0.04117596533520845,0.04029085926311343,0.07643203287125518,0.046718903809932585,0.07965814657813963,0.00614076895347052,23,83,0.07303822209601976,0.15102630190615288,False,False,False,7.230381391081481e-07,COMPLETE
336,0.09159234166145325,2025-04-06 22:05:19.560728,2025-04-06 22:05:27.501954,0 days 00:00:07.941226,0.20903663024954455,0.049305298324017297,8,0.00031596954048845535,0.054788738880514894,0.04144007453568893,0.07003137814420808,0.07139243562740027,0.07696640446664661,0.007109058735215798,12,87,0.07657523088876515,0.15139158107554793,False,False,False,1.1664958759862646e-06,COMPLETE
337,0.6209440231323242,2025-04-06 22:05:27.616222,2025-04-06 22:05:37.549592,0 days 00:00:09.933370,0.2523193747810893,0.03229697132020188,8,0.012527469872118547,0.044678277732309035,0.05366136797514901,0.07451538408621526,0.04471411731808694,0.08064027396153614,0.004013659639109212,23,76,0.07375778132149005,0.1565858418153061,False,False,False,5.512513147113617e-07,COMPLETE
338,0.6134953379631043,2025-04-06 22:05:37.653678,2025-04-06 22:05:47.764202,0 days 00:00:10.110524,0.2556253805716554,0.031805138859069465,8,0.01380036317761736,0.04671119780020424,0.0369017777895011,0.07466634819071043,0.04463332038488662,0.07800238590289597,0.0033042153603182966,24,77,0.07238825668273048,0.15445275264054115,False,False,False,6.047045165004187e-07,COMPLETE
339,0.506939971446991,2025-04-06 22:05:47.868958,2025-04-06 22:05:58.055144,0 days 00:00:10.186186,0.2217794931528,0.061767821210496676,8,0.023754337831026234,0.05416129977088388,0.050764159884323735,0.07607088295993199,0.09116032108602631,0.07914426552405303,0.002554114000067606,24,73,0.07045505665679101,0.2878064876855316,False,False,False,9.413568320983783e-07,COMPLETE
