number,value,datetime_start,datetime_complete,duration,params_alpha-eval,params_alpha-train,params_batch-size,params_eps-eval,params_eps-train,params_lambda-actions-eval,params_lambda-actions-train,params_lambda-frames-eval,params_lambda-frames-train,params_learning-rate,params_n-epochs,params_n-frames,params_radius-gw,params_rho,params_std-feats,params_ub-actions,params_ub-frames,params_weight-decay,state
391,0.41193809509277346,2025-04-20 14:50:59.883858,2025-04-20 14:51:09.441161,0 days 00:00:09.557303,0.8302948500637234,0.08447484945975096,16,0.1008212355559058,0.23475807019147227,0.057661180196619366,0.06984938868982844,0.06284563764029534,0.07812954283432239,0.00021330864414630105,28,145,0.08157817323541769,0.09756389496701556,False,False,False,1.7652423452860007e-07,COMPLETE
392,0.6071932792663575,2025-04-20 14:51:09.573608,2025-04-20 14:51:20.940443,0 days 00:00:11.366835,0.849041261157275,0.06953318506600256,8,0.17665861900870536,0.07034108232484584,0.08027692708638667,0.06155573955613579,0.06622527014124456,0.07943868603918952,0.00035143178727662977,28,150,0.013451642727853111,0.179751450319039,False,False,False,1.5370246374698265e-07,COMPLETE
393,0.5017318487167359,2025-04-20 14:51:21.063671,2025-04-20 14:51:30.552748,0 days 00:00:09.489077,0.8704671951831918,0.5685162460969353,16,0.08404108489476682,0.16539743625338485,0.07829555951515305,0.07521694498872036,0.0641353214401422,0.07363285278260995,0.0004703455902348487,27,141,0.016168211006230462,0.24944561733947013,False,False,False,3.399220699374969e-07,COMPLETE
394,0.37990583181381227,2025-04-20 14:51:30.676974,2025-04-20 14:51:42.241688,0 days 00:00:11.564714,0.8136006050014861,0.10775608791856546,8,0.06759029354730367,0.21922446848052285,0.08208873705745356,0.06456770553178717,0.06906485907378182,0.07725238664867574,0.00029886401851338085,29,144,0.018410622018067382,0.2646958177138445,False,False,False,1.1669321621293454e-07,COMPLETE
395,0.5964569807052612,2025-04-20 14:51:42.365151,2025-04-20 14:51:53.732038,0 days 00:00:11.366887,0.958537049861323,0.11560967814865711,8,0.29887253149926657,0.1585823941484793,0.07974487717859279,0.05955875908866571,0.058959004111825954,0.07592155101349375,0.0002032475069704574,28,147,0.014752220021989913,0.11655874320702067,False,False,False,2.1618624993967472e-07,COMPLETE
396,0.5223782181739807,2025-04-20 14:51:53.866031,2025-04-20 14:52:05.119392,0 days 00:00:11.253361,0.9285543046825955,0.5174448993465588,8,0.0778741329564439,0.04587380854380245,0.08835061663868964,0.06701996594462707,0.0672732579435925,0.08121974496022724,0.0002473685940170623,27,140,0.011267310828673202,0.28801974061767727,False,False,False,2.731271156400027e-07,COMPLETE
397,0.3501023888587952,2025-04-20 14:52:05.244812,2025-04-20 14:52:16.948125,0 days 00:00:11.703313,0.794901295636792,0.08974148874297866,8,0.06427614717312385,0.25889278954559036,0.0841946834154912,0.06291492513772606,0.06500987648744422,0.0836271766112142,0.00036899532621792073,29,143,0.017222633798158388,0.2733283711266091,False,False,False,4.897169017871165e-07,COMPLETE
398,0.5324423670768738,2025-04-20 14:52:17.071948,2025-04-20 14:52:28.512925,0 days 00:00:11.440977,0.8427716925325479,0.05315159607536861,8,0.08312872356118374,0.0637790051768973,0.0019264112542990153,0.06159348413898271,0.0613134500380699,0.07144801242851066,0.00020387759550239958,28,148,0.019861995404855403,0.005065016649062837,False,False,False,7.788765611662365e-08,COMPLETE
399,0.3725945174694062,2025-04-20 14:52:28.647684,2025-04-20 14:52:39.904466,0 days 00:00:11.256782,0.8961683288740047,0.8539908039691022,8,0.07168513844668863,0.07745287292021907,0.07757824539075947,0.05901084207654157,0.06672975221527794,0.07387103794479676,0.0003074256944644324,28,40,0.013538534051488913,0.24744770502518565,False,False,False,1.5032540119953962e-07,COMPLETE
400,0.4101792275905609,2025-04-20 14:52:40.029765,2025-04-20 14:52:49.341049,0 days 00:00:09.311284,0.8023319771162021,0.024035565278005287,16,0.06446055147843777,0.05691163815636138,0.08590988971229888,0.06617570285304973,0.06332101368174631,0.07905996334417069,0.00026058697594363487,27,86,0.007739837766180508,0.2609409135574394,False,False,False,4.282912690402094e-07,COMPLETE
401,0.1280234068632126,2025-04-20 14:52:49.466368,2025-04-20 14:53:00.045880,0 days 00:00:10.579512,0.8633372159447078,0.11607359851584954,8,0.0891000228048526,0.04844074621527734,0.08163278726045871,0.07080192896514345,0.06896148259380679,0.07525502463176056,0.00018063438608096716,29,145,0.01536770101594551,0.27830804300791523,False,False,True,2.5405189908806346e-07,COMPLETE
402,0.47880707383155824,2025-04-20 14:53:00.181438,2025-04-20 14:53:23.897894,0 days 00:00:23.716456,0.8165733935757056,0.07279161823485408,2,0.07502867042239508,0.18841380837480556,0.07477957831671525,0.06901118005034045,0.05759378072106555,0.07205782511042175,0.0004074890091388005,26,150,0.022321788723754676,0.27121633422917446,False,False,False,3.156857040179363e-05,COMPLETE
403,0.12446326017379762,2025-04-20 14:53:24.024680,2025-04-20 14:53:34.283063,0 days 00:00:10.258383,0.8358751007235712,0.09026569627162975,8,0.0599218405732552,0.03542180586880122,0.07973266492411837,0.06382746440023017,0.06520960544073366,0.0778363378471366,0.00021902599707393023,27,142,0.017549324541652266,0.29967116201507543,False,True,False,3.482143685055698e-07,COMPLETE
404,0.6029845118522644,2025-04-20 14:53:34.408888,2025-04-20 14:53:45.945251,0 days 00:00:11.536363,0.8845681366823892,0.09986458115456007,8,0.0690893633895107,0.08889631746066352,0.0784449473246264,0.05537160241689859,0.06814814933816458,0.08075054583843928,0.0003158777621140975,29,147,0.016005868144312693,0.253888919851947,False,False,False,4.901253897201158e-07,COMPLETE
405,0.43651911020278933,2025-04-20 14:53:46.071755,2025-04-20 14:53:57.469893,0 days 00:00:11.398138,0.5379916894886931,0.05035431207846291,8,0.09358706878920627,0.05287054177579728,0.08301340633430368,0.059773797982359614,0.07014473181828196,0.07130089919402327,0.00014222587815700027,28,140,0.01959444430572615,0.265256247190987,False,False,False,5.849409481207197e-07,COMPLETE
406,0.3714170515537262,2025-04-20 14:53:57.606005,2025-04-20 14:54:08.588069,0 days 00:00:10.982064,0.7973340344028698,0.12030725592682784,8,0.08171075548425315,0.14772306293188714,0.08074599841055997,0.06727656709513193,0.06352021555429081,0.08596506555607261,0.0004860202784728529,26,48,0.012459022662685865,0.2923486588953601,False,False,False,2.0443615070222052e-07,COMPLETE
407,0.5068558335304261,2025-04-20 14:54:08.714723,2025-04-20 14:54:18.360877,0 days 00:00:09.646154,0.9182666490256767,0.07250370818128588,16,0.05650869303586825,0.06353657389448335,0.0763909814630427,0.06269405906625303,0.061103462345748684,0.07402567586138227,0.00019157744574895797,29,150,0.010158302564606217,0.25849166311860367,False,False,False,1.537753911067762e-07,COMPLETE
408,0.29922267198562624,2025-04-20 14:54:18.492383,2025-04-20 14:54:30.187877,0 days 00:00:11.695494,0.8501653627239852,0.924952772742238,8,0.07269885490438528,0.12870380730303704,0.08538543747505872,0.056795276160813174,0.06578651144335879,0.07603903584424973,0.00025171855743628886,28,145,0.017562687102204363,0.28329822658333437,True,False,False,3.1006347690231256e-07,COMPLETE
409,0.5490322113037109,2025-04-20 14:54:30.327068,2025-04-20 14:54:41.661164,0 days 00:00:11.334096,0.8182173328399299,0.45412721908742115,8,0.0648555209879059,0.0456057784392112,0.09149255938691796,0.0646191123302269,0.06748922762385748,0.07081905283823998,0.00014573374444681352,28,139,0.014438762203091038,0.2732746604884717,False,False,False,4.064321670889642e-07,COMPLETE
410,0.5977134704589844,2025-04-20 14:54:41.789414,2025-04-20 14:54:52.990687,0 days 00:00:11.201273,0.7955464862110191,0.09640810544662798,8,0.07947337680709748,0.0362078517852687,0.07347670245418174,0.054567366285973105,0.05964635937713328,0.08194323855274954,0.00036510953870869285,27,147,0.02142992662982883,0.268019361707853,False,False,False,6.094720949879765e-07,COMPLETE
411,0.5586262464523315,2025-04-20 14:54:53.120350,2025-04-20 14:55:04.573745,0 days 00:00:11.453395,0.8658399636055109,0.12109678467802558,8,0.08639836154067937,0.02470596727739125,0.07803217323309594,0.061200521503709575,0.09115647524443907,0.07914391087939734,0.00016918847526969534,28,145,0.01882659056884828,0.24638037008830693,False,False,False,2.1404083405873367e-07,COMPLETE
412,0.36149477362632754,2025-04-20 14:55:04.716894,2025-04-20 14:55:16.230866,0 days 00:00:11.513972,0.8321969482717795,0.035527152890967695,8,0.2567557512297245,0.07084113476205832,0.08267396491990933,0.05884010471250604,0.07018621024604592,0.08463113089874823,0.07928162522280278,29,143,0.06933729218346932,0.2605630771286474,False,False,False,1.1025599364929228e-07,COMPLETE
413,0.5665646195411682,2025-04-20 14:55:16.360594,2025-04-20 14:55:25.784190,0 days 00:00:09.423596,0.7919868666765708,0.3636057685931866,16,0.059005989902822964,0.04295270523500385,0.08037752376404787,0.0717261724903909,0.0629521225533376,0.073059230037088,0.00022406211120876761,27,148,0.01601431396349344,0.2516879761467673,False,False,False,0.0005649761300866533,COMPLETE
414,0.45184025764465335,2025-04-20 14:55:25.916069,2025-04-20 14:55:37.551897,0 days 00:00:11.635828,0.9022508019798814,0.7569979115160228,8,0.06960919272640047,0.05869696377925192,0.0771644557761643,0.06552794118712205,0.06610915280301297,0.07668130630823783,0.0005898504848706594,29,150,0.02427066637939362,0.2781316060012505,False,False,False,5.642272242596257e-07,COMPLETE
415,0.47058271765708926,2025-04-20 14:55:37.691281,2025-04-20 14:55:49.107204,0 days 00:00:11.415923,0.8162404339484183,0.06085907450389708,8,0.07331158169865704,0.052130290379677986,0.08346877277122262,0.05477559157150557,0.06892166121116004,0.07048163384842404,0.0002754763981590488,28,139,0.013671062940169582,0.2678850928246956,False,False,False,8.169018264345146e-07,COMPLETE
416,0.6209296941757202,2025-04-20 14:55:49.236568,2025-04-20 14:56:00.528731,0 days 00:00:11.292163,0.8760792136032903,0.08205925423057103,8,0.10375513541270986,0.03962916671104909,0.08867590240661992,0.05706892101875608,0.0638390181698567,0.08032950794045776,0.00041651683552603526,27,144,0.01730765350759126,0.259617663384003,False,False,False,2.6416039514971515e-07,COMPLETE
417,0.4937759757041931,2025-04-20 14:56:00.661531,2025-04-20 14:56:11.734273,0 days 00:00:11.072742,0.8758414044255872,0.010681320894231058,8,0.1041754421420013,0.06433242952046173,0.09486504645140822,0.058081794232944246,0.06109372611842292,0.08047106740261739,0.00043795000401507185,26,142,0.019445617283655556,0.2556909409340563,False,False,False,2.2275006877229133e-07,COMPLETE
418,0.5478619575500489,2025-04-20 14:56:11.876028,2025-04-20 14:56:22.851813,0 days 00:00:10.975785,0.8937660985342912,0.07982174377776677,8,0.11909276154270482,0.0841619357694694,0.08969922769148685,0.06033381835807095,0.06402012923184308,0.08247277256931632,0.0005576863548629591,26,95,0.017535401502786315,0.2665216812542874,False,False,False,2.757645931849921e-07,COMPLETE
419,0.42233215570449834,2025-04-20 14:56:22.982435,2025-04-20 14:56:32.377987,0 days 00:00:09.395552,0.8500554292972098,0.06284945528910185,16,0.10000731241340134,0.04514628530311166,0.09076453810315818,0.010200901565997587,0.062435658228286305,0.07879877858067166,0.000378285531796467,27,145,0.012050040189580795,0.2610173845452726,False,False,False,2.6438800692678885e-07,COMPLETE
420,0.22030238807201388,2025-04-20 14:56:32.508128,2025-04-20 14:56:42.815184,0 days 00:00:10.307056,0.8801514861485402,0.09716956671153863,8,0.0901352236720082,0.029943939580482228,0.03716257193385653,0.05666041334619329,0.0594374214230718,0.07729394550252704,0.0004601262495072331,27,142,0.026954922616783998,0.2517192551557636,False,False,True,1.8920210603868388e-07,COMPLETE
421,0.3387291491031647,2025-04-20 14:56:42.957063,2025-04-20 14:56:51.113754,0 days 00:00:08.156691,0.9275259930453305,0.0409068358911584,8,0.09812002770839663,0.05241177316714106,0.08756834626270649,0.06243317009279305,0.056888302105531724,0.08772494174264134,0.0003232468568837956,8,147,0.020698759176271595,0.05239607111462359,False,False,False,1.402728682287759e-07,COMPLETE
422,0.09119506031274796,2025-04-20 14:56:51.244382,2025-04-20 14:57:01.449168,0 days 00:00:10.204786,0.8587620248859553,0.07995815093401945,8,0.09164075654164801,0.298668128566807,0.08693277812607689,0.06811643741156698,0.06555570981581138,0.08066958233481315,0.0006971454449999928,27,144,0.015092000892999197,0.2867028997188793,False,True,False,3.6393432597208706e-07,COMPLETE
423,0.6172460079193115,2025-04-20 14:57:01.581365,2025-04-20 14:57:12.816327,0 days 00:00:11.234962,0.9049142480833878,0.10654706949257926,8,0.10804320694000269,0.03876327057312241,0.08570077439245737,0.057603532297361947,0.06349674752261782,0.04397414147359027,0.0003765413624104306,27,140,0.01813431882062685,0.27299246963731044,False,False,False,1.7039409874248832e-07,COMPLETE
424,0.4297002077102661,2025-04-20 14:57:12.961632,2025-04-20 14:57:22.334964,0 days 00:00:09.373332,0.9422138281400887,0.09776309911693327,16,0.11350329891176186,0.07646946262612506,0.08418148771548994,0.05787076275776976,0.06148718746650071,0.038436107647448904,0.00041207421575333887,26,139,0.03808528245873677,0.27514421966289165,False,False,False,1.693346190034341e-07,COMPLETE
425,0.47966278791427613,2025-04-20 14:57:22.466765,2025-04-20 14:57:33.618229,0 days 00:00:11.151464,0.906430822964706,0.060671937189921796,8,0.09691459482876558,0.058171366154926775,0.09228806570321414,0.05572568046808807,0.0637061068879249,0.08269194996857149,0.0005064420434886102,27,141,0.023402987356599236,0.2732220826033351,False,False,False,1.3238415883473288e-07,COMPLETE
426,0.6060835480690002,2025-04-20 14:57:33.751434,2025-04-20 14:57:56.406128,0 days 00:00:22.654694,0.9042590798671885,0.07864198506941628,2,0.11019981454456998,0.04111124777883902,0.0892774915560409,0.060247378921354906,0.060274517603535346,0.08429002491459343,0.006102860527729112,25,138,0.01844796427621415,0.2816161426113952,False,False,False,9.940516393055722e-08,COMPLETE
427,0.6077511429786682,2025-04-20 14:57:56.539958,2025-04-20 14:58:06.283309,0 days 00:00:09.743351,0.9196914050463328,0.11005872422337853,8,0.085248759281387,0.04688685377317201,0.08784538186450869,0.05764859576973769,0.06316239920386905,0.04378903543628481,0.0003741381098251365,18,143,0.02106652867731723,0.2654480826921817,False,False,False,2.3060851564149938e-07,COMPLETE
428,0.2983540117740631,2025-04-20 14:58:06.426291,2025-04-20 14:58:17.791232,0 days 00:00:11.364941,0.877631422752699,0.09060168073941782,8,0.10343525698262573,0.06804995105127379,0.08578243429692853,0.06412686868375178,0.06541860812033952,0.04408154620596907,0.00031640638712510035,26,147,0.01574798586290678,0.2577321434933066,True,False,False,1.808653148143495e-07,COMPLETE
429,0.4425193250179291,2025-04-20 14:58:17.925292,2025-04-20 14:58:29.101100,0 days 00:00:11.175808,0.8593976780748823,0.04953549120235855,8,0.10659954570488768,0.03474665825315879,0.08874605743406251,0.07716581489952297,0.05771703994156798,0.04800294767248399,0.0004467123074907243,27,141,0.00924496401080613,0.27001270779130304,False,False,False,2.9697836124771085e-07,COMPLETE
430,0.5901256799697876,2025-04-20 14:58:29.233803,2025-04-20 14:58:38.610602,0 days 00:00:09.376799,0.8333741270741392,0.11284693077110311,16,0.09892686404981453,0.05196484900899072,0.07467082937461444,0.061520749121858204,0.06187035569411573,0.07532472489746628,0.00036735412240511075,27,145,0.012512877526382214,0.278226425929538,False,False,False,1.2053160602770955e-07,COMPLETE
431,0.5960260272026062,2025-04-20 14:58:38.754728,2025-04-20 14:58:50.222192,0 days 00:00:11.467464,0.958787607663681,0.06651233292592428,8,0.09148232573304504,0.06023191839106572,0.08596471627596994,0.05412578063423921,0.06394128540315676,0.07824471739170497,0.028573790799686624,28,150,0.018028017482121367,0.2618021148822168,False,False,False,1.551380110897701e-07,COMPLETE
432,0.45603183507919315,2025-04-20 14:58:50.355941,2025-04-20 14:59:01.657712,0 days 00:00:11.301771,0.8890753465667763,0.030273070796717677,8,0.08002124999978498,0.0410738903097469,0.08490395645523012,0.07401553039489397,0.0546889254686975,0.04139934268775897,0.0005772310798077623,27,144,0.015583728591071376,0.28754775102405944,False,False,False,2.446760626860702e-07,COMPLETE
433,0.31507056951522827,2025-04-20 14:59:01.793299,2025-04-20 14:59:13.110832,0 days 00:00:11.317533,0.9772504546905932,0.08802242087809078,8,0.08488617726193874,0.07157704679858669,0.09248333668572396,0.05904497268781503,0.06713160219783965,0.07973053406259996,0.00030480477466791184,28,137,0.09495752796461324,0.274329731210051,False,False,False,1.8007340436201435e-07,COMPLETE
434,0.3611823678016663,2025-04-20 14:59:13.257440,2025-04-20 14:59:24.429131,0 days 00:00:11.171691,0.8427921340724258,0.11984438044375371,8,0.11567798322671563,0.046901678433087575,0.075945061437462,0.05666052590999344,0.059225824590307875,0.07666571572831014,2.4570002528110222e-05,27,141,0.013762817207246241,0.2667098923975098,False,False,False,2.9305503366462667e-07,COMPLETE
435,0.615728497505188,2025-04-20 14:59:24.563636,2025-04-20 14:59:35.654650,0 days 00:00:11.091014,0.4488360880458878,0.07089225295407739,8,0.10567431802668556,0.056258464590954765,0.08856084395700425,0.06568910036611447,0.0645253085166451,0.07437608912654738,0.0004948333001620649,26,148,0.019925527816622723,0.25891594301968907,False,False,False,2.0833633187836838e-07,COMPLETE
436,0.368547648191452,2025-04-20 14:59:35.790841,2025-04-20 14:59:45.346689,0 days 00:00:09.555848,0.9393352904105002,0.10260121411485518,16,0.07691059127461204,0.1806721263762125,0.08221207664013533,0.06904985224707345,0.06205983039083737,0.028066677315491298,1.3315638634702107e-05,28,147,0.017110624340880915,0.2448013560773118,False,False,False,8.597335269575873e-08,COMPLETE
437,0.4277590274810791,2025-04-20 14:59:45.495367,2025-04-20 14:59:56.744312,0 days 00:00:11.248945,0.8688499604935062,0.04812356711442405,8,0.09090926708950196,0.03708473390139276,0.07863884068758589,0.05366673487367321,0.06546095482976882,0.036804739636880045,0.0003992594985101775,27,139,0.02235423700532678,0.29203961554416785,False,False,False,3.1837020503825673e-07,COMPLETE
438,0.09159234166145325,2025-04-20 14:59:56.880093,2025-04-20 15:00:08.059428,0 days 00:00:11.179335,0.8142391777649859,0.13083918286486418,8,0.09571821497842702,0.003437160840200501,0.0862762550692451,0.06230824610939891,0.01074160563883389,0.08166465988373217,0.00027789753121899017,28,144,0.010875194159539636,0.2824035617616643,False,False,False,3.7333874775161097e-07,COMPLETE
439,0.31158092617988586,2025-04-20 15:00:08.196970,2025-04-20 15:00:17.538373,0 days 00:00:09.341403,0.8910221421043578,0.08609166887825054,8,0.07780716521527922,0.22605360369140456,0.07245751187577215,0.05560557966233728,0.067245437503231,0.07796748932959661,0.00036014182968103353,16,150,0.01446959193504585,0.2717153447276559,False,False,False,1.4267550517440237e-07,COMPLETE
440,0.13398772180080415,2025-04-20 15:00:17.686982,2025-04-20 15:00:28.145012,0 days 00:00:10.458030,0.8335596598161458,0.10814354520788498,8,0.14395596187309806,0.026698434662738014,0.09642503027171431,0.05970911113158517,0.06025453506644834,0.07317072149754408,0.00031159945325182417,28,143,0.01817804632609301,0.2636659889595254,False,False,True,2.168201168884768e-07,COMPLETE
441,0.62357577085495,2025-04-20 15:00:28.282013,2025-04-20 15:00:37.712422,0 days 00:00:09.430409,0.797425693879967,0.06611610655143024,16,0.08330649288570381,0.06456249411847355,0.08376747595510547,0.06363543958968827,0.06381493671138128,0.08027243691431438,0.00023658241180107557,27,147,0.015629588873152786,0.2578486590340908,False,False,False,2.492613318710043e-07,COMPLETE
442,0.2096098154783249,2025-04-20 15:00:37.850607,2025-04-20 15:00:46.467256,0 days 00:00:08.616649,0.9165814863224317,0.031873280132786036,16,0.08458407513329429,0.08133834344308076,0.08423244655955524,0.06437774961746559,0.06287531088708835,0.08398806868985209,0.0002728979383255257,26,146,0.012489727549101182,0.25469289674241835,False,True,False,1.8180495985027588e-07,COMPLETE
443,0.593528950214386,2025-04-20 15:00:46.614626,2025-04-20 15:00:56.164472,0 days 00:00:09.549846,0.8515225230984789,0.05908079135872387,16,0.0810837882293799,0.0660949305794093,0.08717289520374084,0.0663119069638412,0.061292563168974384,0.08001725830238031,0.0020221101923569846,28,150,0.014532152629179573,0.17288451764194948,False,False,False,2.643244066696332e-07,COMPLETE
444,0.391987019777298,2025-04-20 15:00:56.302783,2025-04-20 15:01:05.684978,0 days 00:00:09.382195,0.8049262054542121,0.07086060504181353,16,0.07055406056001985,0.06438864669239938,0.08332352071580863,0.062362074237147666,0.058189816654180083,0.08085595624346144,0.000248338039646214,27,82,0.045171869656803684,0.25112325515620443,False,False,False,2.3619569558281342e-07,COMPLETE
445,0.42459031343460085,2025-04-20 15:01:05.834800,2025-04-20 15:01:15.377361,0 days 00:00:09.542561,0.8716189699113819,0.04207672374519699,16,0.08761896015390738,0.07316817659596092,0.08557696794697049,0.06693315408698945,0.06452154360839943,0.07842232005490558,0.0006560415803237084,28,147,0.016236067825169002,0.2593974203759317,False,False,False,4.0291355212350875e-07,COMPLETE
446,0.48800914287567143,2025-04-20 15:01:15.518226,2025-04-20 15:01:24.905174,0 days 00:00:09.386948,0.7859816906034495,0.08192291975009228,16,0.09356564680156437,0.05861161282884916,0.08204794651700928,0.06145156255078479,0.06306684298360626,0.08257852495404022,0.00032827586570943545,27,143,0.013920651936700827,0.2656490843591591,False,False,False,1.1237450718742205e-07,COMPLETE
