number,value,datetime_start,datetime_complete,duration,params_alpha-eval,params_alpha-train,params_batch-size,params_eps-eval,params_eps-train,params_lambda-actions-eval,params_lambda-actions-train,params_lambda-frames-eval,params_lambda-frames-train,params_learning-rate,params_n-epochs,params_n-frames,params_radius-gw,params_rho,params_std-feats,params_ub-actions,params_ub-frames,params_weight-decay,state
796,0.5284876823425293,2025-04-07 00:35:06.976820,2025-04-07 00:35:28.427760,0 days 00:00:21.450940,0.030378694255108793,0.1343525998516725,2,0.14026510714370635,0.022379178704315,0.09396584827435882,0.010033217842490349,0.08657692279784945,0.07056700846353858,0.006808258491126787,29,92,0.0505959607623509,0.28116615389195565,False,False,True,2.831857585706512e-08,COMPLETE
797,0.09159234166145325,2025-04-07 00:35:28.672503,2025-04-07 00:35:49.646794,0 days 00:00:20.974291,0.1291944896094373,0.11790596012448222,2,0.0961679216267156,0.03183295738508712,0.07325786271122336,0.005989595024959193,0.09714031515878627,0.07564793331387663,0.014927198725842791,28,88,0.04522726873268753,0.15308220170560663,True,True,False,2.7637635663401306e-06,COMPLETE
798,0.6125651359558106,2025-04-07 00:35:49.905604,2025-04-07 00:36:13.293249,0 days 00:00:23.387645,0.06306832092569603,0.09756953156935348,2,0.11534203065099859,0.040214582663870346,0.07982525948016833,0.08321290886740765,0.08256299512114595,0.09327057550789578,0.022605947054677854,27,95,0.07178438653808412,0.14455159927637648,False,False,False,3.223055175920121e-06,COMPLETE
799,0.5683568954467774,2025-04-07 00:36:13.554238,2025-04-07 00:36:38.408437,0 days 00:00:24.854199,0.10942752811615025,0.05152120762020322,2,0.10542638169851484,0.021805509349202973,0.06015045073618705,0.08689633274729126,0.008186942340482173,0.07251270239361109,0.010747591725766842,29,80,0.001016197400271028,0.15391839362515156,False,False,False,5.71002190794947e-08,COMPLETE
800,0.5382322311401367,2025-04-07 00:36:38.653991,2025-04-07 00:37:01.051496,0 days 00:00:22.397505,0.14026193583620394,0.07623269395326465,2,0.14344188772256342,0.015226810622080682,0.054236964276200256,0.08098697645059033,0.03357215913888188,0.09488595147326304,0.017700908285432863,30,83,0.0659837607373204,0.1257562496060674,True,False,True,2.1221552474741792e-07,COMPLETE
801,0.09159234166145325,2025-04-07 00:37:01.310583,2025-04-07 00:37:22.706599,0 days 00:00:21.396016,0.7384915764724364,0.14117122790913111,2,0.09935738605568856,0.030398365108769237,0.09474006491567456,0.04282657523704509,0.040359088732540425,0.06883000167011799,0.008737673985430565,29,86,0.06835348722372472,0.25579096820415936,False,True,False,4.236262561368021e-08,COMPLETE
802,0.09159234166145325,2025-04-07 00:37:22.966164,2025-04-07 00:37:46.774141,0 days 00:00:23.807977,0.7776920483759624,0.11125795807021534,2,0.04811790811312447,0.0058730563328168815,0.09985948144154928,0.07632829664421767,0.08412431487684649,0.08549549706548593,0.012938399158346655,28,90,0.048642144451073864,0.14907430023612292,False,False,False,1.4907155651274023e-08,COMPLETE
803,0.48773308992385866,2025-04-07 00:37:47.020182,2025-04-07 00:38:12.690448,0 days 00:00:25.670266,0.08873621634602213,0.08821917973292041,2,0.1164431353083129,0.04000666912163629,0.057911279978345415,0.05091114067932527,0.07962516805025008,0.07917212082209134,0.028858906964200327,30,10,0.0872881179451948,0.1580533228468123,True,False,False,2.405136038077868e-08,COMPLETE
804,0.39919707179069525,2025-04-07 00:38:12.950619,2025-04-07 00:38:31.371362,0 days 00:00:18.420743,0.9705468317306493,0.054677542114191194,2,0.13007896874058472,0.01935897824562042,0.07670093668662009,0.0787393521894912,0.0875481957731415,0.0746932789024001,0.009750878762074838,19,17,0.06459528543130058,0.13953520918547246,False,False,False,3.3082904013298134e-08,COMPLETE
805,0.09159234166145325,2025-04-07 00:38:31.618284,2025-04-07 00:38:53.683230,0 days 00:00:22.064946,0.16107843776679667,0.16223665038265134,2,0.04100693749338251,0.026071352724832412,0.091474233116734,0.004515064099481294,0.09036081874343135,0.08965042740764659,0.015207021647818309,29,79,0.08537514083368854,0.1472292239184462,True,True,True,2.289625676933131e-06,COMPLETE
806,0.5152170658111572,2025-04-07 00:38:53.955860,2025-04-07 00:39:18.918679,0 days 00:00:24.962819,0.13236432543839027,0.2545205965632251,2,0.0887026468605335,0.012227593555151899,0.06513537169187786,0.0541707192495583,0.08588463588640564,0.07782431618078711,0.011429344826320334,30,23,0.08946305945435104,0.136861215364466,False,False,False,1.8800557801021974e-08,COMPLETE
807,0.5937772274017334,2025-04-07 00:39:19.180203,2025-04-07 00:39:43.273232,0 days 00:00:24.093029,0.05740537023314993,0.1112889698017661,2,0.09298437872977605,0.035545500843306745,0.05097326213113973,0.07440199942025807,0.09550143483028031,0.08681676102433997,0.006874201050496239,28,43,0.07302848543853721,0.10702730745320027,False,False,False,8.24729773374326e-06,COMPLETE
808,0.5676049590110779,2025-04-07 00:39:43.520381,2025-04-07 00:40:08.488818,0 days 00:00:24.968437,0.10679388832447899,0.07125929796160145,2,0.03350691439569732,0.026368769983422583,0.09756925119167248,0.025521971070499534,0.03340436036439459,0.07114573024440617,0.020793159130273176,29,83,0.06714404739446019,0.15901492721848892,True,False,False,2.7245336859815728e-08,COMPLETE
809,0.5244070529937744,2025-04-07 00:40:08.748518,2025-04-07 00:40:30.808261,0 days 00:00:22.059743,0.15550414500868204,0.09561877715742184,2,0.10302584169848515,0.017504666090184577,0.055494243058707954,0.08237516767510993,0.03750952685107037,0.07375790316301255,0.016853361124354507,30,92,0.07044775756264622,0.16526174754592168,False,False,True,4.051684303144559e-08,COMPLETE
810,0.09159234166145325,2025-04-07 00:40:31.068613,2025-04-07 00:40:46.410777,0 days 00:00:15.342164,0.0791296498974732,0.22196595671459773,2,0.13743311909201636,0.0007294949396610944,0.03585067627009018,0.06814486830489568,0.012464853780812666,0.06797105136639339,0.012605253018307925,17,87,0.04694290608122354,0.14331602426522316,False,True,False,2.0550834861855994e-08,COMPLETE
811,0.5767158150672913,2025-04-07 00:40:46.659694,2025-04-07 00:41:11.025662,0 days 00:00:24.365968,0.1874416582168489,0.1312156605931951,2,0.12616675083882975,0.04190361636718112,0.05319916273631466,0.008037240200181312,0.015388855756103768,0.09139661675349231,0.008090950390332289,28,89,0.06867408118571112,0.15359449295121186,True,False,False,1.1686041964491116e-06,COMPLETE
812,0.6126399040222168,2025-04-07 00:41:11.285584,2025-04-07 00:41:35.950579,0 days 00:00:24.664995,0.12586495930114922,0.18645672749171932,2,0.07443608593955058,0.032642737551030046,0.08511009344482444,0.07828005165613625,0.08349775116840769,0.08482349938377505,0.026073354635337238,29,85,0.06294385079984202,0.12998679057988188,False,False,False,2.5818524259644267e-08,COMPLETE
813,0.35524089336395265,2025-04-07 00:41:36.210972,2025-04-07 00:41:58.668548,0 days 00:00:22.457576,0.09344537056937635,0.05368438223538718,2,0.029728463096199826,0.011492908966721742,0.08132901198384691,0.06987968402524836,0.08720899063512325,0.08815499418458128,0.009775951608023166,30,94,0.06600752984011884,0.15067697845827854,False,False,True,6.895372319234669e-08,COMPLETE
814,0.39937855601310734,2025-04-07 00:41:58.922684,2025-04-07 00:42:20.271684,0 days 00:00:21.349000,0.16381508502734546,0.08353728028784566,2,0.10917046488240363,0.02303515693005916,0.05062067128965486,0.018402529153664346,0.08927724403974156,0.08018119152083293,0.014180826143893422,29,35,0.04450939323954703,0.11390296657316958,True,True,False,2.1200549670745126e-07,COMPLETE
815,0.5670727133750916,2025-04-07 00:42:20.531350,2025-04-07 00:42:43.996499,0 days 00:00:23.465149,0.027396251511451468,0.11547665997192894,2,0.03696685561656379,0.03654057574522658,0.09246553811043183,0.045873267211510985,0.040162792208775284,0.07219073399453499,0.018525027147155534,27,82,0.08336318099390724,0.040694899699318714,False,False,False,1.5128534667467087e-08,COMPLETE
816,0.5358656883239746,2025-04-07 00:42:44.255970,2025-04-07 00:43:09.227992,0 days 00:00:24.972022,0.13802794631729343,0.15465214432888405,2,0.21286908450707995,0.030231676061424035,0.06104258346051495,0.08560237595634938,0.04330666145453284,0.07641604916040856,0.012067984284179989,29,86,0.07123671560772331,0.13916093361770715,False,False,False,1.1021549019488096e-07,COMPLETE
817,0.4411025524139405,2025-04-07 00:43:09.479676,2025-04-07 00:43:33.889997,0 days 00:00:24.410321,0.1187659442773543,0.07135887054760953,2,0.08048604102182993,0.017231652629143186,0.04964715736113795,0.08117622425913061,0.08113793553964596,0.07028587004882271,0.007307382343592466,28,91,0.07406123821192909,0.2490916930738811,True,False,False,3.197464360422827e-06,COMPLETE
818,0.5683568954467774,2025-04-07 00:43:34.151897,2025-04-07 00:43:56.296106,0 days 00:00:22.144209,0.1811921470975715,0.09090354109284979,2,0.05032393219686559,0.023817429158428965,0.05256887064120829,0.07542170575868175,0.0351866985243369,0.088921450047451,0.009445678431198097,30,31,0.06348632092343907,0.1580107213836241,False,True,True,1.9874212183293322e-06,COMPLETE
819,0.6080333828926087,2025-04-07 00:43:56.559086,2025-04-07 00:44:21.110506,0 days 00:00:24.551420,0.06488906492003782,0.12343974479079807,2,0.09674022060132834,0.007918689711376076,0.09494980495703383,0.08352799014645249,0.07702023941314036,0.07463335169537551,0.014848977065061117,29,80,0.060499861986302986,0.06620494054948335,False,False,False,2.9646241566072265e-08,COMPLETE
820,0.5924530506134034,2025-04-07 00:44:21.359532,2025-04-07 00:44:46.343176,0 days 00:00:24.983644,0.09586867452402922,0.05384104895752336,2,0.1450431195279487,0.03800003626088941,0.06855904950776438,0.06764731847855915,0.08524984883105967,0.06268227109082367,0.011116995284617504,29,88,0.06881483364188182,0.1458990017048803,True,False,False,4.3165585795036095e-06,COMPLETE
821,0.5942965269088746,2025-04-07 00:44:46.606080,2025-04-07 00:45:11.968625,0 days 00:00:25.362545,0.15075165135182383,0.09965194504501201,2,0.11559741332761554,0.04268722141633759,0.08769851235209751,0.01251609484457026,0.09298494532457867,0.07801565892042076,0.024778669430316834,30,84,0.05241156489104831,0.13305821923671574,False,False,False,2.4781028661421652e-06,COMPLETE
822,0.5249095678329467,2025-04-07 00:45:12.232789,2025-04-07 00:45:33.345070,0 days 00:00:21.112281,0.11566585156146433,0.1416668409676505,2,0.04404496295250736,0.02924060234057623,0.048358857585359655,0.07373547398901395,0.0370066266157797,0.08665995661352158,0.034867208064677385,28,76,0.04182565159464452,0.22758007871281188,False,False,True,1.2543333315633264e-06,COMPLETE
823,0.2076275169849396,2025-04-07 00:45:33.612702,2025-04-07 00:45:54.148249,0 days 00:00:20.535547,0.04948443499115286,0.073354968532376,2,0.027880052226245806,0.017785960609543038,0.05629067731466227,0.07730596960131113,0.032454825856918904,0.08375928995294638,0.008155742316657758,27,55,0.05847719577429973,0.166204047669736,True,True,False,1.9969407387984026e-08,COMPLETE
824,0.09159234166145325,2025-04-07 00:45:54.400190,2025-04-07 00:46:18.860390,0 days 00:00:24.460200,0.07975973016832155,0.6413525207331603,2,0.11000134724384257,0.011448473714770894,0.05131658894646163,0.07958618883732246,0.08857919450801159,0.07294205226190896,0.018575066849486534,29,94,0.05005326104510776,0.14848619932815735,False,False,False,3.3415323654977225e-08,COMPLETE
825,0.6545753121376038,2025-04-07 00:46:19.125994,2025-04-07 00:46:44.368837,0 days 00:00:25.242843,0.1729713387922186,0.10749080015533907,2,0.03786915319894679,0.022813097396950182,0.05892981187517622,0.06984918222265325,0.08522433959558048,0.04449149605833181,0.013998861818176282,30,82,0.08551375833300298,0.14123907281300724,False,False,False,2.3469754461594372e-08,COMPLETE
826,0.5209060549736023,2025-04-07 00:46:44.636612,2025-04-07 00:47:07.013681,0 days 00:00:22.377069,0.17726697312147766,0.13242289182272476,2,0.05366313036189926,0.005777036273669028,0.056197840138745084,0.021113388607731112,0.09141648398475044,0.0497276607430206,0.015591519474615553,30,79,0.08627351881013759,0.13405770042983373,True,False,True,1.1544460616400841e-08,COMPLETE
827,0.09159234166145325,2025-04-07 00:47:07.265373,2025-04-07 00:47:29.301567,0 days 00:00:22.036194,0.1953610086810436,0.1179263832753063,2,0.04311267310859175,0.01662338423167097,0.061253177204017115,0.07201133375523232,0.045811075338695634,0.049148498228177045,0.019784134553488843,30,77,0.08816423294271834,0.13795920137822013,False,True,False,1.590956431403614e-08,COMPLETE
828,0.6122395992279053,2025-04-07 00:47:29.575092,2025-04-07 00:47:54.636733,0 days 00:00:25.061641,0.17269367391156687,0.17812178935126108,2,0.03640241784771218,0.019656033443819068,0.05869221197210454,0.015519815324174839,0.08655641387108302,0.06544603587320326,0.01303400440736046,30,81,0.08564024385179853,0.12850651160511703,False,False,False,1.5328671575084082e-06,COMPLETE
829,0.30281127095222476,2025-04-07 00:47:54.905614,2025-04-07 00:48:19.830653,0 days 00:00:24.925039,0.16370626343855638,0.16597705450584083,2,0.04977247409193964,0.011233359719234696,0.05793583243477421,0.06995139601483275,0.0882901730940371,0.053968188596820434,0.021871357469622522,30,14,0.08937628559595355,0.14251847519927624,True,False,False,1.768687340565832e-07,COMPLETE
830,0.5981153964996339,2025-04-07 00:48:20.086194,2025-04-07 00:48:45.543377,0 days 00:00:25.457183,0.19697205690449265,0.1471233566665177,2,0.04118685015642001,0.02331569750546436,0.06249737029937319,0.07471405197995196,0.05288711831512793,0.04807574702787842,6.359763377233711e-05,30,90,0.08424701856372616,0.14010168304895343,False,False,False,2.1583228479136292e-08,COMPLETE
831,0.31376872658729554,2025-04-07 00:48:45.812915,2025-04-07 00:49:07.906976,0 days 00:00:22.094061,0.19073039346586396,0.10544150551836845,2,0.03613801320227599,0.02343799650500892,0.01044092338579461,0.03398107724750298,0.03884953400728355,0.0395621170131607,0.016543406737841496,30,25,0.09059292568547334,0.1236725319947995,False,True,True,1.666512732343377e-06,COMPLETE
832,0.09159234166145325,2025-04-07 00:49:08.177006,2025-04-07 00:49:33.489752,0 days 00:00:25.312746,0.19266553219122518,0.2813501487915364,2,0.08481134230604714,0.0056127873928048045,0.05881951695937308,0.003003803696153277,0.009566196803843558,0.03389108135937312,0.014971154618283704,30,82,0.0868461543621755,0.13394132275684967,True,False,False,2.3416266662353606e-07,COMPLETE
833,0.5759933233261109,2025-04-07 00:49:33.744477,2025-04-07 00:49:58.527108,0 days 00:00:24.782631,0.14840388610113864,0.12738608493775194,2,0.18545846035309804,0.013722031196103547,0.06346727096833553,0.07152639470644674,0.09006797871137615,0.04427689162759554,0.01309937101100253,29,87,0.08283735175279668,0.14385585820327368,False,False,False,1.747670191344358e-08,COMPLETE
834,0.616752314567566,2025-04-07 00:49:58.799143,2025-04-07 00:50:24.342732,0 days 00:00:25.543589,0.1732253412575515,0.10692308312006378,2,0.10336369653194652,0.035549392090192984,0.05825416773852096,0.07637504252706398,0.03549329160461645,0.04313105755601753,0.011654609614795116,30,78,0.08481853806935986,0.07887834516117513,False,False,False,1.1830734710594144e-06,COMPLETE
835,0.5153077244758606,2025-04-07 00:50:24.612249,2025-04-07 00:50:46.062304,0 days 00:00:21.450055,0.026617687317160906,0.09544399033064828,2,0.13222761054565324,0.02747824875703646,0.06032576491325161,0.07399673859436653,0.08535256804280175,0.042986839891664116,0.01727379943180638,29,20,0.08711321211895849,0.13797445182770424,True,False,True,4.1640179257618124e-08,COMPLETE
836,0.09159234166145325,2025-04-07 00:50:46.318631,2025-04-07 00:51:08.163365,0 days 00:00:21.844734,0.05425013866649994,0.1494731519437212,2,0.08867762496872396,0.017434650721644677,0.05927398820322054,0.010881857510762429,0.0193203365621022,0.03905780994723832,0.014356860063453816,30,85,0.08149642139214522,0.05658200230195488,False,True,False,2.442066733681811e-06,COMPLETE
837,0.46476212143898016,2025-04-07 00:51:08.432356,2025-04-07 00:51:32.637967,0 days 00:00:24.205611,0.15773542030537768,0.11606648095875519,2,0.04812909794824307,0.032739254168752896,0.06510407323254805,0.08430087380568274,0.03226495149462595,0.06914200152617223,0.02227887876993484,28,91,0.08273600786604865,0.12773351779866104,False,False,False,1.0172677571973995e-08,COMPLETE
838,0.46940174102783205,2025-04-07 00:51:32.908728,2025-04-07 00:51:58.619211,0 days 00:00:25.710483,0.19336320019631967,0.5011319312832556,2,0.12340287203318015,0.02246021309668011,0.061050018326076594,0.08052840328513719,0.08787101506870816,0.05531105764153737,0.011281159761976777,30,88,0.08570209388531495,0.14598691198754887,True,False,False,2.520052942438799e-07,COMPLETE
839,0.3754179418087006,2025-04-07 00:51:58.876531,2025-04-07 00:52:20.463805,0 days 00:00:21.587274,0.07863598423547177,0.08946946036570494,2,0.04129671293937466,0.04389621401751876,0.09057017970329029,0.07022799615785857,0.034281139937117365,0.045900474138850504,0.01888886417523801,29,96,0.08428086242152369,0.2389622122840934,False,False,True,2.31417091970339e-08,COMPLETE
840,0.09159234166145325,2025-04-07 00:52:20.731375,2025-04-07 00:52:41.653854,0 days 00:00:20.922479,0.5024970440181449,0.13445380419943703,2,0.100738517366852,0.010510242528789657,0.09599456042198502,0.058756471434803094,0.08290679648706843,0.07599715424760015,0.030008814047185597,28,83,0.06625784733205377,0.13998305934185012,False,True,False,1.903172401048448e-06,COMPLETE
841,0.09159234166145325,2025-04-07 00:52:41.923057,2025-04-07 00:53:06.714464,0 days 00:00:24.791407,0.5407526228952901,0.20512881593832313,2,0.06760992285731399,0.0009843025567031032,0.09277674662631312,0.0880416388248757,0.03743291371100727,0.05122379362853393,0.014207622448636137,29,80,0.08219123404560394,0.11894438975569319,True,False,False,1.3409472447322981e-08,COMPLETE
842,0.6076041340827942,2025-04-07 00:53:06.987600,2025-04-07 00:53:31.569369,0 days 00:00:24.581769,0.14411437929323584,0.10860567601621689,2,0.030689679534203353,0.014708625835339178,0.03729892952006696,0.07827734190418457,0.042012802134325886,0.0462443489687206,0.0001027043796067737,29,76,0.07006231572480438,0.15032198588425735,False,False,False,1.0288040857462076e-05,COMPLETE
843,0.6062899589538574,2025-04-07 00:53:31.827260,2025-04-07 00:53:42.437209,0 days 00:00:10.609949,0.09767934509982176,0.08355794423192293,2,0.13929575006066106,0.02654242644870118,0.054993053643159165,0.08221458512884619,0.08516469723636051,0.04186331428048472,0.010449489948206665,6,86,0.08814216540320569,0.1330669432253437,False,False,False,3.0494590940523806e-07,COMPLETE
844,0.4732027053833008,2025-04-07 00:53:42.707934,2025-04-07 00:54:05.288444,0 days 00:00:22.580510,0.1732187670318486,0.16053735841289782,2,0.09352004747252524,0.03414779907444147,0.09746026986976032,0.07320597624585067,0.09036299998054217,0.07137988923224595,0.012777404990025127,30,89,0.06450170104549766,0.09501023035940809,True,True,True,1.1159617552960006e-06,COMPLETE
845,0.617680561542511,2025-04-07 00:54:05.561982,2025-04-07 00:54:30.970177,0 days 00:00:25.408195,0.04473263991980414,0.12803485916769392,2,0.1492643093780385,0.041387671957744954,0.05798504893013222,0.07638352600571945,0.09346717642219755,0.03607481686352483,0.016318944818567313,30,93,0.0674629149208298,0.14492962924983077,False,False,False,3.361045278383855e-08,COMPLETE
846,0.6096202850341798,2025-04-07 00:54:31.231881,2025-04-07 00:54:55.216866,0 days 00:00:23.984985,0.20571688393676252,0.05943215874876044,2,0.03822688524568277,0.020826287215224663,0.06240164908386243,0.0695799872266376,0.058914322860100954,0.0738721326666493,0.024696854470759068,28,84,0.07190527125826764,0.15009454790549537,False,False,False,3.6563220110803868e-06,COMPLETE
847,0.6884899020195008,2025-04-07 00:54:55.488754,2025-04-07 00:55:20.290608,0 days 00:00:24.801854,0.11831300069988689,0.099394796424984,2,0.031256092425516885,0.027528836670655085,0.07046079137736298,0.08596900814618956,0.0869980850130325,0.07856982974240985,0.010254793781259363,29,82,0.0837032353280344,0.14276954279715173,True,False,False,1.8550986504136607e-08,COMPLETE
848,0.5634942173957825,2025-04-07 00:55:20.565046,2025-04-07 00:55:44.765851,0 days 00:00:24.200805,0.1374841824795488,0.0916423191610146,2,0.03601028910350136,0.029552469438897246,0.07076335771696511,0.08986267881935137,0.08633853335256518,0.0806064431164915,0.00945714791397738,28,79,0.08380305805439978,0.12612402458345529,True,False,False,1.5808165365499393e-08,COMPLETE
849,0.5709325551986695,2025-04-07 00:55:45.023263,2025-04-07 00:56:08.493459,0 days 00:00:23.470196,0.1204051218914276,0.07400550653336771,2,0.03064454314399715,0.03690335031332592,0.07519351104160062,0.08322816254257445,0.08820109269848161,0.07951352857713556,0.009934228850661225,27,82,0.08524262085289262,0.008540708510095862,False,False,False,1.0082479348681597e-08,COMPLETE
850,0.6477603435516357,2025-04-07 00:56:08.766342,2025-04-07 00:56:32.968646,0 days 00:00:24.202304,0.1500278595391044,0.11019864376294038,2,0.04446584381435398,0.03157997673976837,0.06678809250088626,0.0882566248616976,0.08725868582938484,0.08177229066675462,0.010917212898457955,28,81,0.08198746542362706,0.13596453963873353,False,False,False,1.981028736716455e-08,COMPLETE
851,0.6098485708236695,2025-04-07 00:56:33.243010,2025-04-07 00:56:56.511799,0 days 00:00:23.268789,0.14827018159547325,0.138009768702802,2,0.051992576081999566,0.04284184238200024,0.06957026161476768,0.09050232696397048,0.09235509915237022,0.08198382284014302,0.00948461493132839,27,77,0.08301534910744612,0.124507197539028,False,False,False,1.5172342277374456e-08,COMPLETE
852,0.6076747059822083,2025-04-07 00:56:56.776686,2025-04-07 00:57:21.093958,0 days 00:00:24.317272,0.12754787039980003,0.11816898517494753,2,0.04420978336717593,0.03309443558743836,0.0735505962153252,0.08893064110624123,0.09003281101866417,0.08276458332264389,0.010954145695379348,28,80,0.08656546952110085,0.13540015505570455,True,False,False,1.8738061402718405e-08,COMPLETE
