number,value,datetime_start,datetime_complete,duration,params_alpha-eval,params_alpha-train,params_batch-size,params_eps-eval,params_eps-train,params_lambda-actions-eval,params_lambda-actions-train,params_lambda-frames-eval,params_lambda-frames-train,params_learning-rate,params_n-epochs,params_n-frames,params_radius-gw,params_rho,params_std-feats,params_ub-actions,params_ub-frames,params_weight-decay,state
447,0.29708938002586366,2025-04-20 15:01:25.045513,2025-04-20 15:01:34.945755,0 days 00:00:09.900242,0.8281124688574059,0.0615000369139959,16,0.07532041525137331,0.0682046351868919,0.08139133307565735,0.0639259519216243,0.06581192219244356,0.07622745965962004,0.00023245282259488966,28,147,0.008353255739521656,0.24774275192116396,True,False,False,3.1078621540869067e-07,COMPLETE
448,0.4673974871635437,2025-04-20 15:01:35.097094,2025-04-20 15:01:44.395273,0 days 00:00:09.298179,0.8905928570210276,0.40672245482971225,16,0.06694953066845993,0.06119325483879762,0.08998532236462779,0.05893800496146831,0.0563449916477921,0.040288543078055884,0.0002694802505115932,26,140,0.010877053088593172,0.25666345065303886,False,False,False,1.5171740812829675e-07,COMPLETE
449,0.5560383677482605,2025-04-20 15:01:44.536004,2025-04-20 15:01:53.831670,0 days 00:00:09.295666,0.31918654521274037,0.09622974669290126,16,0.10068150459825952,0.05231570325956064,0.04431428515217631,0.07134748415490541,0.06003704049171875,0.07936531789818388,0.0009595292766658532,27,59,0.016000319568553082,0.1513905611618124,False,False,False,2.561191923543272e-07,COMPLETE
450,0.4750535666942597,2025-04-20 15:01:53.971904,2025-04-20 15:02:03.635366,0 days 00:00:09.663462,0.8060442045513315,0.019673054378865962,16,0.08288290552208628,0.07829225185957497,0.08421104134355577,0.06898191054498615,0.06412759802633708,0.08532689944781376,0.00044237467941166434,29,145,0.016974524724658765,0.27629396613561585,False,False,False,1.9603200762092136e-07,COMPLETE
451,0.4099334716796875,2025-04-20 15:02:03.787318,2025-04-20 15:02:13.330080,0 days 00:00:09.542762,0.8531164483081959,0.053693070932896256,16,0.07641270229345515,0.06204737050233793,0.07975674138167749,0.06348651994752907,0.062185983095747716,0.07522631258165201,0.00033831050009353096,28,148,0.012759525038031677,0.26696955696398733,False,False,False,3.3125982877430265e-07,COMPLETE
452,0.6151288986206055,2025-04-20 15:02:13.469410,2025-04-20 15:02:37.964387,0 days 00:00:24.494977,0.9059423275816195,0.08068669556107663,2,0.08923509484796113,0.05091477320494678,0.08816612256764948,0.06080759685976407,0.06690572093068219,0.0824673359280666,0.00022097032481059286,28,142,0.01982586194540305,0.25193340597807407,False,False,False,4.5434529860277435e-07,COMPLETE
453,0.6130902171134949,2025-04-20 15:02:38.106823,2025-04-20 15:02:47.590331,0 days 00:00:09.483508,0.8260340961359861,0.09530107944822142,16,0.07135516236066691,0.07132667346469497,0.04099944374160763,0.05753192718066101,0.06474764244514426,0.0769587435882037,0.0005242318088399722,27,145,0.015219531418963523,0.2691832644747613,False,False,False,1.8169365768302525e-07,COMPLETE
454,0.4308396339416504,2025-04-20 15:02:47.742031,2025-04-20 15:02:58.830327,0 days 00:00:11.088296,0.787552589147145,0.042990009211896815,8,0.06394273580675418,0.015384708484330208,0.08232554285557335,0.06592228356234332,0.06896203904275693,0.024293877720335574,0.0004069973600366742,26,148,0.01800867844787767,0.2621748281799085,False,False,False,1.2036637258464475e-07,COMPLETE
455,0.6050371646881104,2025-04-20 15:02:58.971840,2025-04-20 15:03:10.626927,0 days 00:00:11.655087,0.8750718994858142,0.13359939158033662,8,0.08332029167246983,0.05612829241410531,0.0857961963088151,0.06780761043591166,0.06133489019268432,0.04533461203946671,0.0002770785278042951,29,138,0.01380301039929894,0.2792845519287957,False,False,False,2.4588433085503557e-07,COMPLETE
456,0.33673264384269713,2025-04-20 15:03:10.768242,2025-04-20 15:03:21.773381,0 days 00:00:11.005139,0.839922777139269,0.07639175595709367,8,0.09512342257345524,0.046422867793461116,0.07939269376931864,0.059583595682527406,0.06679930592508922,0.07988729994718548,0.00020259107050380525,25,150,0.05780797376209528,0.27172735490801603,False,False,False,3.940890290869219e-07,COMPLETE
457,0.4805093884468079,2025-04-20 15:03:21.926114,2025-04-20 15:03:33.410526,0 days 00:00:11.484412,0.8107996471783806,0.6399615707229285,8,0.07830538877540488,0.06578461868926021,0.08384929427057587,0.06393285537507094,0.05906495129022539,0.05159551249768091,0.0003424350243891935,28,104,0.020303386228182122,0.24337214292414283,False,False,False,1.559492042888808e-07,COMPLETE
458,0.337101173400879,2025-04-20 15:03:33.557209,2025-04-20 15:03:42.971786,0 days 00:00:09.414577,0.9324944204874502,0.10842305702462943,16,0.06693105326865165,0.033079482395582824,0.08150083718360158,0.055941881216719544,0.06384914183367597,0.04880038223088054,0.00018520823830802814,27,141,0.016991588676709902,0.25773771790146816,False,False,False,2.928025837238561e-07,COMPLETE
459,0.4590033888816834,2025-04-20 15:03:43.114883,2025-04-20 15:03:54.666096,0 days 00:00:11.551213,0.21133766666310094,0.060741053104522894,8,0.10714196202609111,0.042893592533113895,0.07961583808696969,0.062210801785286644,0.07088413079865798,0.07385485169408539,0.00022810546511298205,29,74,0.0101900140390924,0.14220594076528886,False,False,False,2.0987937571323886e-07,COMPLETE
460,0.178769126534462,2025-04-20 15:03:54.819018,2025-04-20 15:04:02.785045,0 days 00:00:07.966027,0.7791504857543659,0.11907180049288259,8,0.08860690331943116,0.07447295064063149,0.07785103377530742,0.0655148621140897,0.06805112880591799,0.07804879320271858,0.0004246925258061753,11,145,0.012542933411963695,0.2836835239430886,False,False,True,4.353256077755251e-07,COMPLETE
461,0.620321798324585,2025-04-20 15:04:02.927925,2025-04-20 15:04:14.333550,0 days 00:00:11.405625,0.8614930663997439,0.09202193567470432,8,0.07293014848114972,0.056481795784389194,0.08736260452169389,0.05826802444658219,0.06551845793810541,0.003497750769607774,0.00027704635895770837,28,143,0.015724713662316783,0.2730669188566471,False,False,False,5.071193190410704e-07,COMPLETE
462,0.32305500507354734,2025-04-20 15:04:14.477493,2025-04-20 15:04:25.937709,0 days 00:00:11.460216,0.8678034312830957,0.07677840294007374,8,0.07266909698609425,0.21186888166309104,0.08911404048567603,0.05843032735852792,0.0653952220378616,0.010919884834977071,0.00029909284796458824,28,143,0.015050251092893199,0.2766949603435805,False,False,False,3.4606750524849816e-07,COMPLETE
463,0.4679709732532501,2025-04-20 15:04:26.093046,2025-04-20 15:04:35.673459,0 days 00:00:09.580413,0.8521927264835052,0.03416864493525397,16,0.07714040321787834,0.0570346592871761,0.09004811024188343,0.060786319479385405,0.06227959105665202,0.08691535347363175,0.0002579340122579717,29,141,0.01139740324810766,0.27092492960642794,False,False,False,5.196002724753024e-07,COMPLETE
464,0.14024062156677247,2025-04-20 15:04:35.817958,2025-04-20 15:04:46.308464,0 days 00:00:10.490506,0.8861163881037255,0.0895884319034664,8,0.06957354648262201,0.06292683477951519,0.09336809778592052,0.06998982976126564,0.06364335623589666,0.015941701243347522,0.0003295610570760229,29,146,0.014108822724281583,0.2631880336305494,False,True,False,6.963374175089431e-08,COMPLETE
465,0.34609158635139464,2025-04-20 15:04:46.465217,2025-04-20 15:04:57.877452,0 days 00:00:11.412235,0.9120213545300075,0.06115632900804388,8,0.08100383260992505,0.0945399508479336,0.08648073721204388,0.05771056648706117,0.06079474726818198,0.08093311315959731,0.0004038835888580013,28,144,0.09103544767548089,0.28411474852812335,False,False,False,2.7353028566586336e-07,COMPLETE
466,0.614809799194336,2025-04-20 15:04:58.022422,2025-04-20 15:05:09.498481,0 days 00:00:11.476059,0.8696316586436091,0.1006597169652946,8,0.062318776628676464,0.08665652406964541,0.08784446006065441,0.060001113917202836,0.06567680345910061,0.01454661190839716,0.000288385803894652,28,150,0.016138533555186872,0.29310013241158434,False,False,False,1.3555986420857838e-07,COMPLETE
467,0.3756360292434693,2025-04-20 15:05:09.644506,2025-04-20 15:05:21.515800,0 days 00:00:11.871294,0.019501907376121397,0.047691636887429195,8,0.07360369065742393,0.053115712930647895,0.07603066803695867,0.06289967108177506,0.06264202706855497,0.07854106405493962,0.0005548164932276269,29,140,0.01875674313555162,0.27564748253049587,True,False,False,2.2637712173466318e-07,COMPLETE
468,0.47998572587966926,2025-04-20 15:05:21.673001,2025-04-20 15:05:30.631315,0 days 00:00:08.958314,0.8447121113264693,0.07446624576037389,16,0.08332537603880748,0.06766737636334319,0.09170852543903772,0.06723786973101505,0.0656378142566888,0.03248375268680412,0.00024368594782692157,23,147,0.013110386289946284,0.19113741880820723,False,False,False,1.6880466557602964e-07,COMPLETE
469,0.6122001171112061,2025-04-20 15:05:30.777977,2025-04-20 15:05:42.184477,0 days 00:00:11.406500,0.8961027794888803,0.09532878978892335,8,0.06507131446430449,0.05942871723307269,0.07448073772899834,0.05567770087664255,0.058639198072199666,0.08310284418719009,0.0003874832235510499,28,145,0.016001173886949577,0.26635679467830214,False,False,False,4.4344078705507906e-07,COMPLETE
470,0.5622271776199341,2025-04-20 15:05:42.333016,2025-04-20 15:05:53.678815,0 days 00:00:11.345799,0.8248945919917848,0.14251093889177155,8,0.10085429766504678,0.07823206236488098,0.0851381758043648,0.06110415637950066,0.06724942231507465,0.03461964688827511,0.0003552080161325813,28,137,0.019081629054620353,0.25954045145752513,False,False,False,3.454113499009032e-07,COMPLETE
471,0.6019468784332276,2025-04-20 15:05:53.838601,2025-04-20 15:06:19.091445,0 days 00:00:25.252844,0.8628733910500664,0.06902010696020651,2,0.08887907479034078,0.051022229014944534,0.08740795142690541,0.06453367815543089,0.06409495778337561,0.004181992634057732,0.00047561601756603385,29,142,0.02159621254316217,0.2694397573131145,False,False,False,5.451019890473294e-06,COMPLETE
472,0.4907735347747803,2025-04-20 15:06:19.236549,2025-04-20 15:06:30.504697,0 days 00:00:11.268148,0.9486192572553125,0.024832588333737575,8,0.07635301801731798,0.06327884221721053,0.09036833465455058,0.05778648882052641,0.060714013187672784,0.07611134150504922,0.00028644448184398925,27,147,0.0145637338188874,0.27982900147153794,False,False,False,5.252109615956917e-07,COMPLETE
473,0.6159490466117858,2025-04-20 15:06:30.651647,2025-04-20 15:06:41.886596,0 days 00:00:11.234949,0.8346602186404901,0.11020779306264941,8,0.06816751559993242,0.05602030430188718,0.08120282558719205,0.062113867888784605,0.04682326581187625,0.02033368414441739,0.00020491120702967412,28,32,0.0169924756697642,0.25260019448021065,False,False,False,4.1392861307764774e-06,COMPLETE
474,0.3761958777904511,2025-04-20 15:06:42.045175,2025-04-20 15:06:51.749843,0 days 00:00:09.704668,0.9150587530129859,0.08777676965126563,16,0.09597868994286886,0.04771165340663764,0.07799336160971357,0.06601983512174238,0.05588809921392909,0.08183666613192148,0.00024089738385250822,29,138,0.03234797335651659,0.2893837565075587,False,False,False,9.030357527923148e-08,COMPLETE
475,0.42592518329620366,2025-04-20 15:06:51.900440,2025-04-20 15:07:03.077600,0 days 00:00:11.177160,0.8793037285778164,0.04649714599129464,8,0.061667024796064555,0.05652767076800211,0.08366437360470125,0.0604081996425982,0.06282268939011451,0.024544862306011116,0.0003290283543164873,27,144,0.011613170784110775,0.263063960147555,False,False,False,2.7553441165149115e-07,COMPLETE
476,0.5721508145332337,2025-04-20 15:07:03.238347,2025-04-20 15:07:14.652221,0 days 00:00:11.413874,0.48877993110945994,0.12940937338052308,8,0.08222391601884634,0.06962984932151366,0.08001647822088907,0.05652577176392777,0.06639366879363488,0.005810628827243654,0.00047048023881831203,28,150,0.009234014163151616,0.269632139688154,False,False,False,1.8961267647433708e-07,COMPLETE
477,0.5824753403663636,2025-04-20 15:07:14.800601,2025-04-20 15:07:26.323062,0 days 00:00:11.522461,0.8428656884908632,0.06134257419618307,8,0.07477958832201041,0.12559463379878094,0.0762665727868115,0.07224203748297608,0.06830005221842,0.08492618720533499,0.0006627802191876997,29,141,0.015460469733541897,0.2563805499651894,False,False,False,6.425575661970725e-05,COMPLETE
478,0.47728188633918767,2025-04-20 15:07:26.473077,2025-04-20 15:07:35.898156,0 days 00:00:09.425079,0.8105235192422182,0.10347196540718068,16,0.06934799854603717,0.04944446628696958,0.08585933378340713,0.06848254762126584,0.05017014437156124,0.07962579352001002,0.000176563678949102,27,147,0.017543216396705492,0.2800618107067874,False,False,False,1.1551753611326366e-07,COMPLETE
479,0.15091236829757693,2025-04-20 15:07:36.058021,2025-04-20 15:07:46.515795,0 days 00:00:10.457774,0.8948313802870997,0.08516691376322953,8,0.0878730687915621,0.06344763553544368,0.08262707487514807,0.05378523806801977,0.06418726272552745,0.07516742696671878,0.0002546849678325311,28,148,0.01332416344834678,0.2963710292836162,False,False,True,2.2258023137182564e-07,COMPLETE
480,0.5995429635047913,2025-04-20 15:07:46.664838,2025-04-20 15:07:57.930899,0 days 00:00:11.266061,0.8631469985331591,0.14945192702098342,8,0.07963555670151651,0.043423125071220765,0.07405496102056269,0.05903461823216044,0.061305619113346685,0.07723700419832706,0.0003675939110834372,27,143,0.020048413698609255,0.2757677399562849,False,False,False,3.803553660562772e-07,COMPLETE
481,0.30628531575202944,2025-04-20 15:07:58.084270,2025-04-20 15:08:09.621023,0 days 00:00:11.536753,0.8243880035064768,0.12257581150373437,8,0.12311082847246387,0.27726221882849506,0.07901092811772269,0.0629087375311973,0.06593844549120609,0.08030622259570225,0.00021542220079379283,29,138,0.01616939104811043,0.27210715356677956,False,False,False,1.5211901536971957e-07,COMPLETE
482,0.13955122232437134,2025-04-20 15:08:09.782995,2025-04-20 15:08:20.078711,0 days 00:00:10.295716,0.9237016217921842,0.07167830322327454,8,0.09319580384900901,0.07764684039829048,0.07704224094279258,0.06422935322076674,0.06870706169996788,0.0012367103711356771,0.0003057722879431349,28,145,0.02508853663992686,0.2478238248567053,False,True,False,4.300403879959934e-07,COMPLETE
483,0.6192216634750366,2025-04-20 15:08:20.228733,2025-04-20 15:08:29.710366,0 days 00:00:09.481633,0.8519403738474997,0.10610394020332083,16,0.06116840676717667,0.07194414470051014,0.08082080219381318,0.056447229133273005,0.06407440358381496,0.07234211366703036,0.0002644129739588138,28,150,0.019106627803507057,0.26420492523365946,False,False,False,5.765785107505361e-07,COMPLETE
484,0.5904291272163391,2025-04-20 15:08:29.872291,2025-04-20 15:08:41.391917,0 days 00:00:11.519626,0.8406482887614941,0.11077380435309862,8,0.05910355730970403,0.0689878598736074,0.08447005626570578,0.056065628338961844,0.06507271090691952,0.07167100723526262,0.00018694796471195092,28,141,0.023186657322015726,0.26598268430603916,False,False,False,6.005692275131964e-07,COMPLETE
485,0.34702792167663576,2025-04-20 15:08:41.542673,2025-04-20 15:08:53.092260,0 days 00:00:11.549587,0.851685134755601,0.13564403167328384,8,0.06309190692068166,0.0597667401398775,0.08131575619380395,0.054418016143835866,0.06730774899625634,0.07345999961026306,0.00022383104110668993,29,145,0.08563188459049821,0.26011680898156203,False,False,False,7.215666654932467e-07,COMPLETE
486,0.4504048228263855,2025-04-20 15:08:53.244480,2025-04-20 15:09:05.139927,0 days 00:00:11.895447,0.8078214522828374,0.1078864162127404,8,0.0579200790866556,0.05202263710243231,0.08721495704849205,0.05938341150700058,0.06918760781511515,0.07276804188457088,0.00025522008491825316,29,148,0.021528940300389078,0.2512711395846257,True,False,False,5.242472547230547e-07,COMPLETE
487,0.5818399786949158,2025-04-20 15:09:05.303320,2025-04-20 15:09:14.799379,0 days 00:00:09.496059,0.8606684534814769,0.15262121515931715,16,0.06900694320336812,0.03998706496017336,0.02234367760657685,0.05726804714463728,0.06234468401751792,0.07452824289980005,0.00017135012766098898,28,136,0.01923668181631831,0.26100665710464,False,False,False,8.060889882811933e-07,COMPLETE
488,0.3743947267532349,2025-04-20 15:09:14.951642,2025-04-20 15:09:26.372613,0 days 00:00:11.420971,0.8226301173270013,0.05527393210694244,8,0.06409705554034562,0.04654750388975794,0.08282062795660991,0.052409994710183594,0.05820914605218342,0.07054172866133948,0.0002711337575133093,28,143,0.018670583308792274,0.25315475763300777,False,False,False,6.006384570410831e-07,COMPLETE
489,0.3239045202732086,2025-04-20 15:09:26.525370,2025-04-20 15:09:38.229042,0 days 00:00:11.703672,0.7839542165821994,0.011805792001728384,8,0.057427577357009804,0.06588206437372857,0.08089210778653537,0.054849931874779004,0.06041887216274812,0.0728598288570676,0.00012946256456009046,30,139,0.020769539664003866,0.26354209203800816,False,False,False,1.5711929658735697e-05,COMPLETE
490,0.6139287352561951,2025-04-20 15:09:38.392394,2025-04-20 15:09:49.988718,0 days 00:00:11.596324,0.8042366742877003,0.12631545884214895,8,0.07218795935948476,0.0725143277574044,0.08476495693329719,0.058366169958643396,0.06483292051344267,0.009323090926262208,0.00021766167725586688,29,147,0.017798450931775296,0.25597209588779213,False,False,False,8.907537995829982e-07,COMPLETE
491,0.3781154334545136,2025-04-20 15:09:50.141104,2025-04-20 15:09:59.612487,0 days 00:00:09.471383,0.875960063118025,0.09929701508163641,16,0.16526037308551902,0.057615718232463975,0.08825320601778375,0.056898450935018885,0.06779138080907356,0.07502009819153097,0.00015852683245781658,28,142,0.01690525328458346,0.2694201606996511,False,False,False,6.924847278512915e-07,COMPLETE
492,0.5901202321052551,2025-04-20 15:09:59.779202,2025-04-20 15:10:11.112057,0 days 00:00:11.332855,0.06837712481690683,0.07723363645176588,8,0.06512064613299251,0.11699909491718613,0.07824251482941107,0.053123305147561084,0.05300839921227916,0.07068433773187588,0.00040891091014100815,28,148,0.022473426470344872,0.26315340045258506,False,False,False,4.5852150888346656e-07,COMPLETE
493,0.5690762162208558,2025-04-20 15:10:11.265321,2025-04-20 15:10:36.584327,0 days 00:00:25.319006,0.8434143989300439,0.03731258439762812,2,0.07233185023692962,0.053286146377832966,0.07589532912077766,0.06074410572635953,0.07020079088108994,0.07610628252581819,0.00019445276277553535,29,108,0.019543481831875206,0.24259463523128932,False,False,False,3.3410979503018515e-07,COMPLETE
494,0.6119153141975403,2025-04-20 15:10:36.745990,2025-04-20 15:10:48.461453,0 days 00:00:11.715463,0.39629549234113093,0.08913448643405263,8,0.06769965590914095,0.02888772576506658,0.08235576378090242,0.055615086287485224,0.06682780597481097,0.02181700842828751,0.00029799553632779826,29,150,0.016393620950045516,0.27069698503737266,False,False,False,5.356836590864046e-07,COMPLETE
495,0.6149984240531922,2025-04-20 15:10:48.627882,2025-04-20 15:10:59.811793,0 days 00:00:11.183911,0.8245585940360475,0.1163159798731686,8,0.05416809838319758,0.04153815292360373,0.09095962732687078,0.05903398254892174,0.06356817960389748,0.07280730422718247,0.00024503273197485693,27,145,0.01447793667114442,0.2567137341108538,False,False,False,1.0106209904759144e-06,COMPLETE
496,0.5196422219276429,2025-04-20 15:10:59.965310,2025-04-20 15:11:09.548766,0 days 00:00:09.583456,0.7968789893706341,0.13975343497489473,16,0.06130722848752249,0.06255477748882642,0.07208125562243722,0.051919414606001225,0.0595822984150287,0.07786525235898005,0.0005177165091088612,28,136,0.018247812869742905,0.20118448783236623,False,False,False,6.488653068697391e-07,COMPLETE
497,0.5596161007881165,2025-04-20 15:11:09.705945,2025-04-20 15:11:21.351330,0 days 00:00:11.645385,0.8546139706411043,0.058606169983497484,8,0.10922236147620062,0.04802121266975216,0.0801343677440402,0.05450167248687813,0.06521562278675923,0.06574047015729186,0.0003627491213010071,30,140,0.012329571456234402,0.03654808060856295,False,False,False,8.027417576307033e-07,COMPLETE
498,0.29886956214904786,2025-04-20 15:11:21.517327,2025-04-20 15:11:31.763072,0 days 00:00:10.245745,0.8779731718950983,0.09819026734655512,8,0.07657706935886863,0.035815238846604903,0.08583502417488842,0.0572284198438933,0.06192646325425198,0.05604177505190057,0.00029124473011647397,27,144,0.09929610180366463,0.24828282108500754,False,False,True,4.127020226922075e-07,COMPLETE
499,0.49973860979080204,2025-04-20 15:11:31.918013,2025-04-20 15:11:43.300979,0 days 00:00:11.382966,0.7739728289765394,0.07351188243601198,8,0.07149951999048997,0.06933383607115294,0.08326138444653011,0.06073374542327435,0.06662165694827041,0.07080575353654667,0.000199514764146111,28,89,0.020332710362747086,0.2596134320557536,False,False,False,3.1693356787851323e-07,COMPLETE
500,0.6209112763404847,2025-04-20 15:11:43.469172,2025-04-20 15:11:55.024483,0 days 00:00:11.555311,0.8325010150016937,0.11792406267435847,8,0.10060955916553604,0.056067622529109185,0.07776343754012674,0.06286921182021608,0.0696271949740043,0.07459845917097772,0.0001548176698806746,29,150,0.015340293318515559,0.2728459502516785,False,False,False,1.2278622626471328e-06,COMPLETE
501,0.13131160438060763,2025-04-20 15:11:55.180013,2025-04-20 15:12:05.796878,0 days 00:00:10.616865,0.8242339590056695,0.16042930455671112,8,0.10264150985016249,0.05445157512417975,0.07468273808920392,0.06293175368473733,0.07076527426719674,0.07255616151679233,0.00013129124817778983,30,150,0.01769694026168237,0.28601277209131215,False,True,False,1.2819135324401411e-06,COMPLETE
502,0.6210293054580689,2025-04-20 15:12:05.950303,2025-04-20 15:12:17.514931,0 days 00:00:11.564628,0.7948159926338426,0.1298506316732922,8,0.11280567954720348,0.06043050650318003,0.07730449403479044,0.06263070157079981,0.07011069269533948,0.06963697481430732,0.00015750602478445522,29,150,0.015539086502957657,0.2718733473873705,False,False,False,1.0152830686430344e-06,COMPLETE
