number,value,datetime_start,datetime_complete,duration,params_alpha-eval,params_alpha-train,params_batch-size,params_eps-eval,params_eps-train,params_lambda-actions-eval,params_lambda-actions-train,params_lambda-frames-eval,params_lambda-frames-train,params_learning-rate,params_n-epochs,params_n-frames,params_radius-gw,params_rho,params_std-feats,params_ub-actions,params_ub-frames,params_weight-decay,state
0,0.499257242679596,2025-04-06 20:53:05.041251,2025-04-06 20:53:14.416503,0 days 00:00:09.375252,0.7118932682673068,0.01992443042109884,8,0.04617134364768038,0.006605016318298776,0.07014250862417198,0.008223604106514494,0.03432861942644299,0.03401160295217342,0.014364671887477925,20,36,0.09159494698152292,0.2619290660672853,False,False,False,4.437127460803325e-05,COMPLETE
1,0.09159234166145325,2025-04-06 20:53:14.420672,2025-04-06 20:53:27.156695,0 days 00:00:12.736023,0.28214474816093293,0.6173009712773593,2,0.055805033849131463,0.2958751346314108,0.0366427383669623,0.09175304329080053,0.08928797478405066,0.040426146032992,1.4415089216772204e-05,12,84,0.015574192607252443,0.21472241809940867,False,True,True,2.8024971818539902e-08,COMPLETE
2,0.13279362618923188,2025-04-06 20:53:27.160436,2025-04-06 20:53:33.636747,0 days 00:00:06.476311,0.6037900869913239,0.6058188437563472,16,0.1590493363693879,0.07315226521404845,0.07804814005966446,0.05459353208759691,0.06945584498464695,0.0023078432182533594,0.033714566719434576,8,142,0.020857055219563346,0.2896843228100904,False,True,False,1.3670038104327666e-05,COMPLETE
3,0.09159234166145325,2025-04-06 20:53:33.643503,2025-04-06 20:53:54.742021,0 days 00:00:21.098518,0.8306619839022986,0.48092215448193415,2,0.06648678978430575,0.041490377949728964,0.09839064709076475,0.06051973233213619,0.09799393049469594,0.015039493324442751,0.000363808240625759,28,21,0.005798448165446474,0.13683050793788723,True,True,True,1.1734015359649037e-08,COMPLETE
4,0.18940371274948123,2025-04-06 20:53:54.746139,2025-04-06 20:54:01.810995,0 days 00:00:07.064856,0.9848843758901681,0.7934964389519329,8,0.02027117613450237,0.06515983615731878,0.008035640689088203,0.0797402793251326,0.0025330285545087953,0.05732452396618661,0.00032841096940069915,8,91,0.08453155924875098,0.001973959175739784,False,False,True,4.6185224303986286e-07,COMPLETE
5,0.29496725201606755,2025-04-06 20:54:01.815712,2025-04-06 20:54:11.091092,0 days 00:00:09.275380,0.42031215860100535,0.3108893306752375,8,0.09967790022579505,0.1118372657963724,0.05679746247937242,0.08493410283265956,0.03577993729988276,0.03482159452928371,2.7106771617439348e-05,23,68,0.05592949024717283,0.13973835894780148,True,True,False,1.6415848865028914e-07,COMPLETE
6,0.12671090960502623,2025-04-06 20:54:11.095857,2025-04-06 20:54:21.006433,0 days 00:00:09.910576,0.16018073220085047,0.6971890108850666,2,0.07438913966676865,0.2835874076885184,0.059319302908809476,0.04736915815313632,0.015858589608642674,0.03077090372235191,0.0006678325137303725,7,45,0.03725359233821956,0.01180753351037232,False,True,False,0.000937912755820021,COMPLETE
7,0.14082199335098267,2025-04-06 20:54:21.011936,2025-04-06 20:54:29.734966,0 days 00:00:08.723030,0.21259747100269122,0.9709252993458566,16,0.12300381416866339,0.22069034189223466,0.07466446302009815,0.045496337591422915,0.07275291215008178,0.09336348997498761,3.64262304037689e-05,30,136,0.04816584960438856,0.29806013378163343,True,True,False,0.00017366866823032955,COMPLETE
8,0.09159234166145325,2025-04-06 20:54:29.740415,2025-04-06 20:54:36.488435,0 days 00:00:06.748020,0.22103208773752897,0.7128308432168591,16,0.029869340882431063,0.013884065097005224,0.012381325535594213,0.07570589012904398,0.00424521829989328,0.09463785886645011,0.0015962974617409176,12,38,0.010795849389305303,0.10375886478844173,True,True,True,7.471349336057927e-06,COMPLETE
9,0.13727809786796571,2025-04-06 20:54:36.494485,2025-04-06 20:54:42.918850,0 days 00:00:06.424365,0.13002448920554083,0.9020673857870544,16,0.07292681916301932,0.28721585693932766,0.028245431511279687,0.0665653212675392,0.051209486116877936,0.03864430198170596,0.00027915650127626103,8,13,0.07529299377810336,0.09117072317968299,True,True,False,0.0008147661351894084,COMPLETE
10,0.3731809377670288,2025-04-06 20:54:42.925647,2025-04-06 20:54:52.384486,0 days 00:00:09.458839,0.6553533669802053,0.015802944952561265,8,0.24774121366346208,0.1689957558669584,0.09886716268376136,0.0028114942165739136,0.03086404235622738,0.06428195073885277,0.08393035096810932,19,105,0.09922268933826688,0.22423995370800293,False,False,False,3.8531946109575464e-05,COMPLETE
11,0.37647069692611695,2025-04-06 20:54:52.390996,2025-04-06 20:55:01.880773,0 days 00:00:09.489777,0.6838605694390673,0.01730062975499323,8,0.25316103019581,0.1733787268853969,0.09861617153852972,0.002289348902007828,0.036555557150263304,0.06866512081893518,0.0744621721127672,20,108,0.09734798422969292,0.22306168036081211,False,False,False,2.653811247894932e-05,COMPLETE
12,0.3620023548603058,2025-04-06 20:55:01.887987,2025-04-06 20:55:11.519857,0 days 00:00:09.631870,0.7601031767801121,0.02431944019513232,8,0.27100391133018936,0.172369302914931,0.07996727943474886,0.002559703728965915,0.04294201367214698,0.07033408165241639,0.014502143332716546,21,117,0.09875431907806818,0.2262927517228107,False,False,False,1.574267868436363e-06,COMPLETE
13,0.42894091010093693,2025-04-06 20:55:11.526966,2025-04-06 20:55:21.891235,0 days 00:00:10.364269,0.4798598407474358,0.20657028392723045,8,0.20634187626399342,0.12654960454972353,0.08501828133093778,0.022127338177368495,0.057467480450041554,0.07736176110288698,0.007826264131425495,25,60,0.07374952411280883,0.25634762221469776,False,False,False,5.939974422690497e-05,COMPLETE
14,0.4584798932075501,2025-04-06 20:55:21.898687,2025-04-06 20:55:32.216724,0 days 00:00:10.318037,0.46618869038139277,0.23038108389458936,8,0.1923771865317477,0.10500931844984845,0.06951905289929501,0.024905727634112564,0.059337333734661275,0.08268537152723279,0.005669602061046373,25,60,0.06887981028235078,0.2613032483485257,False,False,False,0.0001088207608873463,COMPLETE
15,0.09159234166145325,2025-04-06 20:55:32.224324,2025-04-06 20:55:40.746784,0 days 00:00:08.522460,0.3743555968881338,0.23959144916368538,8,0.17422434209740914,0.003312277859750503,0.061215750991170687,0.029055553635838144,0.021816050629492025,0.04927831060604778,0.005115238884032029,15,43,0.0680125942897639,0.17880525333735026,False,False,False,0.00017204306956436605,COMPLETE
16,0.4772401094436646,2025-04-06 20:55:40.755337,2025-04-06 20:55:51.035332,0 days 00:00:10.279995,0.5597674102456014,0.38879885577710666,8,0.20262716981800202,0.09411307418165306,0.042871049292302996,0.02227952966303475,0.06640646421388652,0.021498517547714494,0.0028151954018740557,25,27,0.08464650333002749,0.2680816460134707,False,False,False,4.587642709403695e-06,COMPLETE
17,0.4225189030170441,2025-04-06 20:55:51.043631,2025-04-06 20:55:59.763165,0 days 00:00:08.719534,0.9009946815573967,0.34387252974299076,8,0.12910749349946335,0.04622638398546063,0.041329980097901536,0.016330582561080498,0.07669830044189756,0.02136252787546786,0.0015828066379412241,17,5,0.08107374122667903,0.17725936842741738,False,False,False,2.5138444295370177e-06,COMPLETE
18,0.09351631104946137,2025-04-06 20:55:59.772344,2025-04-06 20:56:08.746304,0 days 00:00:08.973960,0.5572838709033899,0.4165465094960023,8,0.29632742874621953,0.07859349538921395,0.04751090078880644,0.03875495901228625,0.08304890537800444,0.0015103949976911293,0.015158750616588184,23,24,0.0891156396852633,0.26976735308953764,False,False,True,8.42853138490677e-07,COMPLETE
19,0.3567743837833405,2025-04-06 20:56:08.755570,2025-04-06 20:56:31.402626,0 days 00:00:22.647056,0.025718095979557154,0.14839411958850915,2,0.002758097556485317,0.20651561766001386,0.023237129075924144,0.01412716977053366,0.059084572122306715,0.022047258353117893,0.0033174175585696446,26,29,0.05829286354495498,0.18624315259952146,False,False,False,1.0525759842482081e-05,COMPLETE
20,0.47239822149276733,2025-04-06 20:56:31.412472,2025-04-06 20:56:40.264117,0 days 00:00:08.851645,0.7217776206837151,0.13692936010464424,8,0.216946920145024,0.028513371653277927,0.04713079940048802,0.03547530289567989,0.04586240103872043,0.04913835478020914,0.00012054765654266802,16,48,0.04029140958110731,0.049407059714194235,False,False,False,2.3070875688732908e-07,COMPLETE
21,0.3957688987255097,2025-04-06 20:56:40.273706,2025-04-06 20:56:48.953398,0 days 00:00:08.679692,0.7276950595807696,0.14178258529612267,8,0.21991419262348894,0.024923547326196373,0.05001432208090869,0.034558146241805573,0.047463717711641436,0.0482348124760089,7.311888696753124e-05,15,52,0.03281259789139363,0.04179889953305691,False,False,False,1.266406750767256e-07,COMPLETE
22,0.42952058911323554,2025-04-06 20:56:48.963083,2025-04-06 20:56:57.928552,0 days 00:00:08.965469,0.8074140633329271,0.11730676447424823,8,0.22822797522272764,0.036667271967577006,0.0662403203235933,0.013103469411819743,0.025155194085570095,0.02512542496810245,8.408654118586864e-05,17,33,0.04273919714875143,0.07172599353280219,False,False,False,2.728591595857055e-07,COMPLETE
23,0.4988712549209595,2025-04-06 20:56:57.939295,2025-04-06 20:57:07.986110,0 days 00:00:10.046815,0.5497420665356133,0.3595161568940389,8,0.18228062523752606,0.0907205106055011,0.03269502973683677,0.03988877821953897,0.0420594286797954,0.01346215374293109,0.023874525455093068,23,70,0.026006256012578815,0.05337027611352648,False,False,False,4.02668629235741e-06,COMPLETE
24,0.4613604426383972,2025-04-06 20:57:07.996556,2025-04-06 20:57:17.837034,0 days 00:00:09.840478,0.5942393614879143,0.4357830209150856,8,0.18017064931237622,0.0899531306186228,0.032014499943615916,0.012265319747016395,0.06787984533517205,0.01205468803235473,0.026780072113274288,22,79,0.02720394397174132,0.2458752612451269,False,False,False,3.586013914189725e-06,COMPLETE
25,0.4550480961799622,2025-04-06 20:57:17.847718,2025-04-06 20:57:28.510752,0 days 00:00:10.663034,0.34488714212579097,0.34411117378129363,8,0.1393014692003277,0.1322006631801443,0.022547399586103238,0.021982354773784744,0.01216686695568766,0.011467086870232405,0.002448040186039279,27,70,0.06263102897039555,0.11672870660003537,False,False,False,4.51815850774552e-06,COMPLETE
26,0.20718202590942383,2025-04-06 20:57:28.522528,2025-04-06 20:57:38.561278,0 days 00:00:10.038750,0.5281250005261201,0.5532583667342164,8,0.1057855689307276,0.1372384273634235,0.016533649691870815,0.04121865425146593,0.03932572584412273,0.029571820877130603,0.012170887890420085,30,14,0.08675424691414017,0.2836906947535004,True,False,True,1.0457414612153773e-06,COMPLETE
27,0.4587968111038208,2025-04-06 20:57:38.574410,2025-04-06 20:57:47.872633,0 days 00:00:09.298223,0.6431807100862605,0.3962774240835253,8,0.15933087190824924,0.06135984899414569,0.041461540236795574,0.030263937039185507,0.05430406610747886,0.016040842276095146,0.03541184575206627,19,61,0.09133539192467482,0.19961392395171076,False,False,False,1.479135841150663e-05,COMPLETE
28,0.45432313084602355,2025-04-06 20:57:47.884044,2025-04-06 20:58:09.183087,0 days 00:00:21.299043,0.867941651806276,0.2783149119622474,2,0.20260248104584203,0.10176945130046404,0.08835310483103054,0.05391699792728111,0.06404472700644283,0.006353989660659516,0.0008119824518721718,24,34,0.07720222300887909,0.15967926213622696,False,False,False,0.0002917159038128211,COMPLETE
29,0.36729992628097535,2025-04-06 20:58:09.195035,2025-04-06 20:58:16.970860,0 days 00:00:07.775825,0.34805968274116206,0.6176774181219825,16,0.04368570408420666,0.15499930892192149,0.04040303586738929,0.09413905203826366,0.03161582357133827,0.028400053941836374,0.0528343175253266,21,86,0.024364919380765845,0.24643679801394924,False,False,True,2.2991064106178923e-05,COMPLETE
30,0.38718209266662595,2025-04-06 20:58:16.983927,2025-04-06 20:58:41.311295,0 days 00:00:24.327368,0.5104284395628165,0.5115963617080763,2,0.10592565063925376,0.20597287675446324,0.0025145200753391855,0.008287076701059954,0.08449085447589982,0.041285990584177305,0.018333105980579932,28,5,0.016290555850737187,0.2042954662610884,False,False,False,5.666437987256754e-08,COMPLETE
31,0.09159234166145325,2025-04-06 20:58:41.323456,2025-04-06 20:58:49.590988,0 days 00:00:08.267532,0.7282135285796575,0.10172162845254017,8,0.22407511161651733,0.00397281713590677,0.03497306888820063,0.03380054109472523,0.043943702622898775,0.05607818688980442,0.008291065938130079,14,50,0.044319966910707435,0.047414014465821795,False,False,False,4.865100083115028e-06,COMPLETE
32,0.39035713076591494,2025-04-06 20:58:49.603629,2025-04-06 20:58:58.751969,0 days 00:00:09.148340,0.6100290205092788,0.06904400495952127,8,0.17092414757564317,0.05942650199678035,0.053623995879924925,0.0226047167483756,0.04617186820340506,0.03842515304809354,0.00013603635204616465,18,50,0.03155451253746408,0.04458455047839008,False,False,False,5.923535609446976e-07,COMPLETE
33,0.299534410238266,2025-04-06 20:58:58.765171,2025-04-06 20:59:07.137218,0 days 00:00:08.372047,0.6980234001945174,0.17008981808472926,8,0.24394630538743464,0.03557926444014116,0.04586088562921131,0.038853988410077304,0.03064178342127806,0.04448882177996425,1.0753334463727554e-05,13,21,0.01918016408533811,0.08198371288268237,False,False,False,3.605826776889559e-08,COMPLETE
34,0.4644245743751526,2025-04-06 20:59:07.150496,2025-04-06 20:59:15.970191,0 days 00:00:08.819695,0.7768268729500942,0.374779935126333,8,0.150438325908723,0.019975709586661863,0.03006922392196833,0.059673495828665594,0.05215178661185345,0.020538366016452807,0.03424307169846816,16,70,0.03952735227759849,0.023842590163032203,False,False,False,1.5936458163737595e-06,COMPLETE
35,0.09241232275962831,2025-04-06 20:59:15.983895,2025-04-06 20:59:23.361009,0 days 00:00:07.377114,0.9384311177198387,0.2860276185785482,8,0.19278674832730275,0.050180654809052566,0.06437780772450226,0.0198517084708046,0.09349459393313653,0.05515976522225238,0.0031911775352953683,11,93,0.001961564907622674,0.06862529029864284,False,False,True,1.4999711763663368e-08,COMPLETE
36,0.12542773187160494,2025-04-06 20:59:23.374939,2025-04-06 20:59:32.578150,0 days 00:00:09.203211,0.5756160847753173,0.46367483525757724,8,0.274261707416104,0.08227767553393842,0.03740557881476725,0.02847274929717066,0.03941698010380002,0.03374060911731663,0.0004692418634141121,23,42,0.05074292274837225,0.28393384332169525,True,True,False,3.138011006583297e-07,COMPLETE
37,0.3293557286262513,2025-04-06 20:59:32.593850,2025-04-06 20:59:39.719968,0 days 00:00:07.126118,0.42898546075109006,0.0685334846795198,16,0.2052213030416293,0.06899970261112344,0.05371161189891543,0.04566178214103835,0.06351957075273201,0.006371921745829699,2.2799464748660325e-05,10,29,0.033152454304777826,0.13206162649965017,False,False,False,8.540915884182805e-08,COMPLETE
38,0.1419674247503281,2025-04-06 20:59:39.734694,2025-04-06 20:59:57.102476,0 days 00:00:17.367782,0.8445186036756509,0.21288598616836674,2,0.08808584488332755,0.11965201615500014,0.04484097900150837,0.008336388496418934,0.018858149620943024,0.017828022374678915,0.0020232913585946644,21,53,0.010626146018912676,0.023334666214295995,True,True,False,9.364301639340147e-06,COMPLETE
39,0.263764089345932,2025-04-06 20:59:57.117356,2025-04-06 21:00:06.974907,0 days 00:00:09.857551,0.6339744785087646,0.5271052727990707,8,0.15988175037079827,0.027481167786493885,0.0726199712589649,0.05315761953751952,0.025916844110163737,0.03407901199669994,0.0002732138626578747,28,73,0.052686775209634204,0.15605286435873797,False,False,True,5.542696060075884e-05,COMPLETE
40,0.1558148503303528,2025-04-06 21:00:06.991303,2025-04-06 21:00:13.359078,0 days 00:00:06.367775,0.5472468741632414,0.6550411975449236,16,0.23273610397377642,0.08977991270827658,0.05590825206582817,0.0662571502844826,0.074498864370348,0.026341782117887336,0.02363070032879105,5,39,0.08083596849389335,0.10004827243071945,True,True,False,1.7261135775500476e-06,COMPLETE
41,0.4621373772621155,2025-04-06 21:00:13.375480,2025-04-06 21:00:22.279349,0 days 00:00:08.903869,0.8113805153784532,0.36189906360656937,8,0.15186614934164444,0.018135193285059047,0.02884458691450142,0.06209198559160115,0.0512461748465341,0.022155485468479938,0.0434372520913244,16,64,0.039539762545690464,0.025150889602376204,False,False,False,2.3879773212875665e-06,COMPLETE
42,0.09159234166145325,2025-04-06 21:00:22.296568,2025-04-06 21:00:31.449367,0 days 00:00:09.152799,0.7636295657163003,0.3016088087007389,8,0.12920773894550872,0.0033589071244541913,0.02249774602063003,0.05795788786810932,0.05216963103255347,0.011517226510124306,0.05935706963193654,19,80,0.03756533157901007,0.007916874289388871,False,False,False,4.2252726815739175e-07,COMPLETE
43,0.392507266998291,2025-04-06 21:00:31.466099,2025-04-06 21:00:40.285872,0 days 00:00:08.819773,0.6834662461457464,0.5795464408701971,8,0.1901735169349719,0.01838048770486008,0.03240396259649775,0.047762423267894816,0.03480246628006281,0.01736191670424988,0.008205616710832678,16,92,0.04628651447225373,0.05172260919213736,False,False,False,5.888644905928324e-06,COMPLETE
44,0.4126296877861023,2025-04-06 21:00:40.302330,2025-04-06 21:00:49.593473,0 days 00:00:09.291143,0.7554291992199634,0.46162253016017707,8,0.14250683783332532,0.04983888873441806,0.027095713100516783,0.07805511899410959,0.04101431803343813,0.005727058216728607,0.09169384254845792,18,15,0.02496580047802721,0.0692601818295869,False,False,False,1.748246794466282e-05,COMPLETE
45,0.41228393912315375,2025-04-06 21:00:49.610175,2025-04-06 21:00:59.150056,0 days 00:00:09.539881,0.9822553752279863,0.7788193357143123,8,0.2115376911695709,0.03560401454991189,0.015284424369314362,0.07101280626294174,0.04965053161714037,0.041934797054569775,0.0011767608803527876,20,57,0.09390581405142556,0.02647395138435877,False,False,False,1.9175653926149695e-07,COMPLETE
46,0.14808139503002168,2025-04-06 21:00:59.167087,2025-04-06 21:01:08.304968,0 days 00:00:09.137881,0.7930303696496651,0.38966627532695913,8,0.1692695819060547,0.24693068005402535,0.037137281836168434,0.08831582325686722,0.06642085652325025,0.035618576052046214,0.026667639889418806,24,66,0.05643642079702425,0.05874007927597243,False,True,False,1.233349408482685e-06,COMPLETE
47,0.39837339520454407,2025-04-06 21:01:08.324091,2025-04-06 21:01:16.610013,0 days 00:00:08.285922,0.6739802987459642,0.06174933983570939,8,0.05419469177404287,0.09953998673810198,0.04992052184961193,0.09971969619659027,0.05800347144562984,0.0459669470692628,0.0054544304945691345,13,100,0.028759257607097504,0.03123517695353974,False,False,False,0.000566808819114469,COMPLETE
48,0.47620533704757695,2025-04-06 21:01:16.627803,2025-04-06 21:01:24.924926,0 days 00:00:08.297123,0.4413636094484964,0.2569835842724263,16,0.11853375787082762,0.058387743664660915,0.04381788006305057,0.04195744998430259,0.03486157672391995,0.03134289969464538,0.010839067142712556,22,76,0.04058357045988718,0.2974423833152519,False,False,False,7.036276698360314e-07,COMPLETE
49,0.32624211311340334,2025-04-06 21:01:24.942972,2025-04-06 21:01:33.097096,0 days 00:00:08.154124,0.433740295557205,0.26771488770702356,16,0.020166557337473516,0.06917176010364667,0.0624313854315111,0.03210700590618,0.035141104231318075,0.06033673391673502,0.011270062344708799,22,144,0.063088320791212,0.2989575751592358,True,False,True,3.372426639895967e-05,COMPLETE
50,0.5429212212562562,2025-04-06 21:01:33.115377,2025-04-06 21:01:41.786004,0 days 00:00:08.670627,0.2738169282064659,0.1783419852257911,16,0.08735500201028233,0.05748491274056064,0.058463569467555335,0.0416034403968354,0.030285725549922413,0.0517585227094,0.01913819175195954,26,46,0.08361454032597579,0.26670013557688416,False,False,False,5.468562204948098e-07,COMPLETE
51,0.49556791782379156,2025-04-06 21:01:41.805260,2025-04-06 21:01:50.508038,0 days 00:00:08.702778,0.2805441083677044,0.1775943038492993,16,0.08557810896805224,0.05899045414773788,0.05818600253835154,0.039906684045687736,0.028543376771339186,0.05160944231431164,0.004084786972655692,26,25,0.08352733799416369,0.27689287609740465,False,False,False,6.499634784509988e-07,COMPLETE
52,0.522886860370636,2025-04-06 21:01:50.527905,2025-04-06 21:01:59.239153,0 days 00:00:08.711248,0.28095953931453815,0.17637363500437198,16,0.08596446259794473,0.055145524663832296,0.07764877379110903,0.041415071157753225,0.02790303933343928,0.05304215893879226,0.004106799540820858,26,29,0.08158615798724092,0.27425826503699596,False,False,False,7.663214378481978e-07,COMPLETE
53,0.4499776780605316,2025-04-06 21:01:59.258394,2025-04-06 21:02:07.929011,0 days 00:00:08.670617,0.2581082987432439,0.1827887797131149,16,0.059463048397321194,0.08309401382796705,0.07872924924552974,0.026444597286768748,0.01165040642158708,0.06170208306082924,0.0039656343065350595,26,22,0.08496412817299058,0.2737286052542417,False,False,False,2.572868646768326e-06,COMPLETE
54,0.5434659361839295,2025-04-06 21:02:07.949852,2025-04-06 21:02:16.609602,0 days 00:00:08.659750,0.1632697393583301,0.19227601307558076,16,0.07889266480657622,0.04911054799083672,0.06903185323739747,0.05068094973563857,0.026991329034394173,0.05289988766112824,0.019646202227362828,26,35,0.09387242782647884,0.24242972707951427,False,False,False,4.5978361376900547e-07,COMPLETE
55,0.49290572404861455,2025-04-06 21:02:16.629123,2025-04-06 21:02:25.601101,0 days 00:00:08.971978,0.14654157064002762,0.19016498115084177,16,0.08049576836919412,0.11266433266788058,0.08577536490945281,0.050157670640784385,0.027477731654779777,0.053203266272165824,0.01775471736821415,29,35,0.09500569765544524,0.24187903316709963,False,False,False,4.569891901512352e-07,COMPLETE
