number,value,datetime_start,datetime_complete,duration,params_alpha-eval,params_alpha-train,params_batch-size,params_eps-eval,params_eps-train,params_lambda-actions-eval,params_lambda-actions-train,params_lambda-frames-eval,params_lambda-frames-train,params_learning-rate,params_n-epochs,params_n-frames,params_radius-gw,params_rho,params_std-feats,params_ub-actions,params_ub-frames,params_weight-decay,state
1138,0.5306139588356018,2025-04-07 02:46:13.882172,2025-04-07 02:46:37.574536,0 days 00:00:23.692364,0.11843261047545738,0.15941537820409565,2,0.06856162220635377,0.0449309077578351,0.08387431511063309,0.09222658093013233,0.09820625020019082,0.08099247627811522,0.0037822425307516374,27,82,0.09525042545612762,0.11928640998830004,False,False,False,1.7601429539632966e-08,COMPLETE
1139,0.5683568954467774,2025-04-07 02:46:37.938272,2025-04-07 02:47:00.994098,0 days 00:00:23.055826,0.08956777364308927,0.11939980420906557,2,0.08427534702828399,0.053449871923089205,0.07944100571521935,0.08959796562679265,0.0905081472402096,0.08303281778417149,0.005167831343068777,26,73,0.004542948569867776,0.10296060894726206,False,False,False,1.468744951827132e-08,COMPLETE
1140,0.3649823904037476,2025-04-07 02:47:01.356426,2025-04-07 02:47:23.856050,0 days 00:00:22.499624,0.03043978424059151,0.192227469595347,2,0.057069852498978536,0.18641593407785875,0.06920371402813821,0.09542233310666866,0.0999230692427718,0.07718534568883804,0.006447155904846097,25,88,0.09326354437139638,0.10711560161254322,False,False,False,1.2726534258056278e-08,COMPLETE
1141,0.6116567969322205,2025-04-07 02:47:24.220052,2025-04-07 02:47:46.506077,0 days 00:00:22.286025,0.12266182069534269,0.1422196673656285,2,0.07318201449652535,0.03820390359931835,0.06720585065703953,0.09175810269211819,0.062349787761058435,0.07940111667693173,0.00446814405399615,25,92,0.09567732464476167,0.08415880535387298,False,False,False,1.0028411480561736e-08,COMPLETE
1142,0.6120260834693909,2025-04-07 02:47:46.876901,2025-04-07 02:48:10.530791,0 days 00:00:23.653890,0.0979056663511586,0.173051578246881,2,0.062154287676611346,0.04996314329616149,0.07513713251231628,0.08687295242768053,0.09630639183565197,0.08173728612762342,0.0026600447808928975,27,85,0.09130318113750732,0.1258366402579377,False,False,False,1.9751771272309876e-08,COMPLETE
1143,0.605781614780426,2025-04-07 02:48:10.895449,2025-04-07 02:48:33.932317,0 days 00:00:23.036868,0.06462293986288722,0.13861263096378246,2,0.03459697419458476,0.05969371734377253,0.07368358306082964,0.09352163043834431,0.09442879708008517,0.07755609849020789,0.005353426288299931,26,79,0.09335305552311826,0.11258274731805928,False,False,False,1.5151209462873375e-08,COMPLETE
1144,0.6685721158981324,2025-04-07 02:48:34.303910,2025-04-07 02:48:57.127487,0 days 00:00:22.823577,0.11976271138236087,0.11841303675138212,2,0.0783312676782953,0.03992798609475903,0.07025927687448198,0.0899570773386531,0.09802650262360149,0.07541881990066639,0.002148178866250315,26,82,0.08745680200470089,0.09656389513723602,False,False,False,2.721614536540167e-08,COMPLETE
1145,0.49220583438873294,2025-04-07 02:48:57.493077,2025-04-07 02:49:06.273357,0 days 00:00:08.780280,0.07966427070206958,0.8576487149087781,16,0.0536473672394029,0.045675286592620885,0.07747267757742868,0.09572222198628601,0.05101630066670472,0.08062323689223676,0.0031499843601087243,24,87,0.08918687062219367,0.11866507742905297,False,False,False,1.234671867592628e-08,COMPLETE
1146,0.6052096366882325,2025-04-07 02:49:06.643156,2025-04-07 02:49:30.727039,0 days 00:00:24.083883,0.049918319629764465,0.16010582597608203,2,0.06741290507346807,0.05600558491689763,0.07218159921674484,0.08792290323258468,0.09646100921765288,0.0863337394316311,0.0038185772726719827,28,90,0.09584338378769904,0.10647536389004741,False,False,False,1.9990348956927797e-08,COMPLETE
1147,0.5741407632827759,2025-04-07 02:49:31.094268,2025-04-07 02:49:54.611435,0 days 00:00:23.517167,0.564387820407484,0.18076261036275332,2,0.08313747784184773,0.05071087924387381,0.0649220037781862,0.09246445468727886,0.09226222295227782,0.08315797405527092,0.006259751382052005,27,84,0.09269111256336876,0.10113446760333236,False,False,False,1.634912660541925e-08,COMPLETE
1148,0.6154830932617188,2025-04-07 02:49:54.965351,2025-04-07 02:50:17.900977,0 days 00:00:22.935626,0.10272722486880406,0.13959875452616724,2,0.07241869424538006,0.03995901592309639,0.07619863228276892,0.08549536508120108,0.0949399536647201,0.0787342733574011,0.005117255211801231,26,77,0.0905340941328235,0.10980286115758561,False,False,False,1.2310235985424267e-08,COMPLETE
1149,0.6015376210212707,2025-04-07 02:50:18.265236,2025-04-07 02:50:40.576998,0 days 00:00:22.311762,0.12489869028235548,0.16044479886313906,2,0.08978108252312693,0.0656596514384267,0.00419268219055495,0.09082801127929405,0.09096946232776154,0.08104400952354392,0.004438513103017782,25,80,0.09436971688191231,0.07210221852052195,False,False,False,2.382072127235429e-08,COMPLETE
1150,0.619976007938385,2025-04-07 02:50:40.940027,2025-04-07 02:51:03.154394,0 days 00:00:22.214367,0.07667757877623395,0.11743508080712498,2,0.06347157619598023,0.045368127801985035,0.08067160246511103,0.09606856113416362,0.09755820336085813,0.08493479103646208,0.006517413735283434,25,94,0.09170392642998729,0.07863830005942439,False,False,False,1.4861513965549803e-08,COMPLETE
1151,0.54497389793396,2025-04-07 02:51:03.526884,2025-04-07 02:51:26.868731,0 days 00:00:23.341847,0.09169220500649522,0.1890127225668642,2,0.04464739878546187,0.05630309953163262,0.06797316668066633,0.09304781441403491,0.09331707523962368,0.0768237368220688,0.003804830020151775,27,87,0.08879988628578277,0.12108757699140532,False,False,False,1.8774960123452254e-08,COMPLETE
1152,0.6244860172271729,2025-04-07 02:51:27.239301,2025-04-07 02:51:50.287225,0 days 00:00:23.047924,0.011043174820031199,0.14144918971260342,2,0.073381440806104,0.03905727845564212,0.07378186097475335,0.0882885207311098,0.0998789760328323,0.07948543619294962,0.005393815868862176,26,149,0.09650000256426855,0.09243795532837366,False,False,False,1.2625577507203606e-08,COMPLETE
1153,0.6246069073677063,2025-04-07 02:51:50.653790,2025-04-07 02:52:14.891788,0 days 00:00:24.237998,0.05292805834813695,0.16859269386884826,2,0.03940871189506656,0.050518246421493364,0.0702311936003652,0.09109304518398037,0.09599314424801202,0.08277388948314693,0.0030175776104331585,28,84,0.09415514597431707,0.09857140778923548,False,False,False,2.8637996784517406e-08,COMPLETE
1154,0.46568839550018315,2025-04-07 02:52:15.257318,2025-04-07 02:52:38.980096,0 days 00:00:23.722778,0.12525722572687378,0.1539047835143205,2,0.05473213768434508,0.04515241644276425,0.07819773118218623,0.09468514245156212,0.09457062928162173,0.07766358196222574,0.004531225265597624,27,91,0.08658864079694244,0.2946226597867434,False,False,False,1.5684470894243507e-08,COMPLETE
1155,0.5566385149955749,2025-04-07 02:52:39.347022,2025-04-07 02:53:00.846076,0 days 00:00:21.499054,0.10242698846197787,0.1167971746962877,2,0.06692320775560971,0.06184600632511915,0.07551796541098545,0.09726727607684754,0.09841031745733715,0.07547226840253173,0.006586164053972151,24,81,0.09115509142002183,0.11264508446268769,False,False,False,2.1895030084695732e-08,COMPLETE
1156,0.5183954477310181,2025-04-07 02:53:01.217365,2025-04-07 02:53:24.315621,0 days 00:00:23.098256,0.03539301654827064,0.1916036514869124,2,0.07859207002377534,0.03887955474772076,0.07239374187165057,0.08935552825042128,0.09051918644003706,0.08131680483267731,0.0037127629761318547,26,75,0.02682874525701051,0.10233174204188239,False,False,False,1.0016607451433177e-08,COMPLETE
1157,0.6861426591873169,2025-04-07 02:53:24.684964,2025-04-07 02:53:47.672355,0 days 00:00:22.987391,0.06488724431454765,0.13127715033362794,2,0.06134195491273063,0.0507580643212232,0.07084588717988045,0.09340766901053625,0.09708478405249948,0.08404885135367422,0.005297092395637251,26,87,0.09624502096819765,0.11587778080726362,False,False,False,1.2769289257588582e-08,COMPLETE
1158,0.6782923221588135,2025-04-07 02:53:48.037784,2025-04-07 02:54:10.392236,0 days 00:00:22.354452,0.03138291102081125,0.17576056900703796,2,0.059147879029277116,0.04331315381322773,0.0728294020970499,0.09417746715336894,0.09811283789099788,0.08582892578941934,0.006620841112901051,25,85,0.09654779919397008,0.12165769481796603,False,False,False,1.227715716977189e-08,COMPLETE
1159,0.6267009496688842,2025-04-07 02:54:10.764258,2025-04-07 02:54:32.967562,0 days 00:00:22.203304,0.02360482340833544,0.1987110909558288,2,0.06038975326702564,0.04135839568645706,0.07089022143085283,0.09648506477410332,0.09645578389514134,0.08458941442877252,0.006942587982859836,25,81,0.09660933513999623,0.12278093571513385,False,False,False,1.2053260716985376e-08,COMPLETE
1160,0.609148108959198,2025-04-07 02:54:33.335686,2025-04-07 02:54:55.133932,0 days 00:00:21.798246,0.0453900251033359,0.2088303005796821,2,0.05179324812485345,0.04026869857197476,0.07514240329180637,0.0947813400807032,0.09701174964702737,0.08748291618166132,0.006329367370941072,24,83,0.09701039120456682,0.1279843757875579,False,False,False,1.184707148616996e-08,COMPLETE
1161,0.6136726379394531,2025-04-07 02:54:55.499960,2025-04-07 02:55:18.010231,0 days 00:00:22.510271,0.01165531798530749,0.22847300589658243,2,0.0554257172625998,0.0385621099948726,0.0738068477155061,0.09708423742094702,0.09776991523696282,0.08607997199327433,0.006821335335480121,25,79,0.09660481082206862,0.12518237497000365,False,False,False,1.2679955528781573e-08,COMPLETE
1162,0.6459565520286561,2025-04-07 02:55:18.379744,2025-04-07 02:55:40.152372,0 days 00:00:21.772628,0.03527927005837013,0.17888604047489443,2,0.050020826097931105,0.04534511908852311,0.07688342966768824,0.09424971117773438,0.09573037494277534,0.0864247179175045,0.00578654609608039,24,84,0.09735465902024049,0.12585390607579208,False,False,False,1.24187556716395e-08,COMPLETE
1163,0.6140918731689453,2025-04-07 02:55:40.520182,2025-04-07 02:56:02.192183,0 days 00:00:21.672001,0.030057562813258665,0.18993509840707243,2,0.056777682082598126,0.03623470225690967,0.07150102204526954,0.096537509451421,0.09784618817208643,0.08439866834143965,0.006771580281388469,24,78,0.09570646384951118,0.11933719214563224,False,False,False,1.0226721113073591e-08,COMPLETE
1164,0.6723635554313661,2025-04-07 02:56:02.561237,2025-04-07 02:56:24.734079,0 days 00:00:22.172842,0.03867398467559777,0.1695766394879525,2,0.04573957738011574,0.045004200170667814,0.07969683029894768,0.09381281743775881,0.09497795030668715,0.08535819723053045,0.00537550678965517,25,81,0.09780892109096997,0.11793897561328703,False,False,False,1.4272051658282036e-08,COMPLETE
1165,0.6607588768005371,2025-04-07 02:56:25.100636,2025-04-07 02:56:46.621629,0 days 00:00:21.520993,0.01397572768168906,0.17928251494064013,2,0.05907518628112633,0.03685658125690108,0.07409980137031184,0.09508800026904836,0.09612969174376323,0.08586105001602333,0.006977462288686213,24,85,0.09569907373489416,0.1263709130733801,False,False,False,1.025712316860914e-08,COMPLETE
1166,0.6299216508865356,2025-04-07 02:56:46.993881,2025-04-07 02:57:09.305223,0 days 00:00:22.311342,0.049870227750202986,0.20671504690595488,2,0.05113627065511049,0.04525127701299832,0.06963420302915091,0.0926351780005795,0.09839231464830525,0.08713971795887034,0.005735551558220625,25,76,0.09466254820811985,0.11691126096657405,False,False,False,1.0173881892180587e-08,COMPLETE
1167,0.4008703231811524,2025-04-07 02:57:09.675811,2025-04-07 02:57:18.725223,0 days 00:00:09.049412,0.0550780317820211,0.1606293435557794,16,0.06168828190541435,0.25278674617294206,0.07648828122014915,0.09717467164240351,0.09379015104720019,0.08599549782580931,0.005227415191632769,28,86,0.09688028639149006,0.12126648133332672,False,False,False,1.5133482007723394e-08,COMPLETE
1168,0.6416264414787293,2025-04-07 02:57:19.095865,2025-04-07 02:57:41.396796,0 days 00:00:22.300931,0.015910903071499276,0.19553605801450324,2,0.05985457316792716,0.03688045759737353,0.07228839823108656,0.09380804661520294,0.09827481585330823,0.08362293710180223,0.006693859379560287,25,82,0.09502975540102464,0.1152051927128092,False,False,False,1.2529097803124652e-08,COMPLETE
1169,0.47138049602508547,2025-04-07 02:57:41.769393,2025-04-07 02:58:04.090253,0 days 00:00:22.320860,0.04024518179591474,0.6357387688178772,2,0.044433917858364744,0.04813918202182396,0.08235971405586157,0.09522188064703242,0.09546335098218636,0.08483934718439598,0.005568746762703276,25,84,0.0978697980293548,0.12587100688740843,False,False,False,1.0181306195616939e-08,COMPLETE
1170,0.4359326303005219,2025-04-07 02:58:04.462872,2025-04-07 02:58:28.207738,0 days 00:00:23.744866,0.03229527812246444,0.15705157343267104,2,0.05368933390228914,0.04394467505763032,0.07464096950699341,0.09780036293269527,0.09294013229604155,0.08715818809422986,2.8951833954447912e-05,27,79,0.09484937232001048,0.11949397527307765,False,False,False,1.6175337809480293e-08,COMPLETE
1171,0.653716504573822,2025-04-07 02:58:28.580068,2025-04-07 02:58:50.949976,0 days 00:00:22.369908,0.06085633831774733,0.174361531342457,2,0.06404693714351567,0.049101150535543606,0.07845136369657046,0.09180572553303108,0.05719322723198334,0.08342117936417855,0.004932212797966374,25,86,0.09814018703754498,0.11257045051342356,False,False,False,1.4195993875697781e-08,COMPLETE
1172,0.6709836006164551,2025-04-07 02:58:51.322735,2025-04-07 02:59:15.295501,0 days 00:00:23.972766,0.04795388697829957,0.14497602688714267,2,0.04860723275679918,0.0391438709527586,0.07104187276779383,0.09271337075949414,0.09678957382198716,0.08678019879644827,0.007020081052351481,28,82,0.09368610860755394,0.12538371880863566,False,False,False,1.0147575491446704e-08,COMPLETE
1173,0.611265766620636,2025-04-07 02:59:15.666142,2025-04-07 02:59:39.261373,0 days 00:00:23.595231,0.010932179469911825,0.21723094501978824,2,0.04132385332825793,0.049346506096408754,0.07340153393547426,0.09554305163683105,0.0979845351779422,0.08399347131048042,0.061726475650437304,27,86,0.0962579964089389,0.1109156401500238,False,False,False,1.679560163522966e-08,COMPLETE
1174,0.4848067402839661,2025-04-07 02:59:39.635308,2025-04-07 03:00:01.365848,0 days 00:00:21.730540,0.07006645160953688,0.6855013875831116,2,0.030915358046251264,0.03598998549658389,0.07589998910089997,0.09109676246344363,0.09273891571804822,0.08362533172477057,0.0058596500637638485,24,82,0.09379296413413629,0.11928963190548197,False,False,False,1.2468453613101489e-08,COMPLETE
1175,0.6476751565933228,2025-04-07 03:00:01.736839,2025-04-07 03:00:24.566637,0 days 00:00:22.829798,0.0641062634145059,0.1771475731370295,2,0.05914234857869207,0.043590242602519765,0.06860022294317558,0.09350662127726436,0.09994927755382589,0.08269808255576223,0.004802155656930581,26,76,0.09804993314437625,0.10867211070521521,False,False,False,1.7620524717449397e-08,COMPLETE
1176,0.3578134834766388,2025-04-07 03:00:24.940451,2025-04-07 03:00:47.887783,0 days 00:00:22.947332,0.039776221004565765,0.15775774926547384,2,0.053641709083083036,0.207914988433885,0.07061851579558151,0.09779048357973844,0.09466029624298677,0.08676357177162945,0.007023522069003376,26,87,0.09539979244546713,0.12769854781823822,False,False,False,1.0018327163196722e-08,COMPLETE
1177,0.6127296566963196,2025-04-07 03:00:48.263801,2025-04-07 03:01:10.573142,0 days 00:00:22.309341,0.06391205448189183,0.136312449319227,2,0.033379814254663395,0.05377862728594025,0.07270842949581119,0.09529016926617591,0.09663460996692422,0.08509175588399388,0.005933576464781205,25,79,0.09332563108492607,0.11709220690751644,False,False,False,1.26841929177414e-08,COMPLETE
1178,0.4554107308387757,2025-04-07 03:01:10.949538,2025-04-07 03:01:34.991575,0 days 00:00:24.042037,0.03235740587683575,0.4232418713683338,2,0.06229862377800323,0.10195711763539794,0.07749225508474641,0.09081007330456282,0.09043070830755705,0.08247827519190545,0.0756852876289794,28,84,0.09625669709159006,0.10646213845896846,False,False,False,1.4596015767961724e-08,COMPLETE
1179,0.5827237725257874,2025-04-07 03:01:35.366500,2025-04-07 03:01:58.893760,0 days 00:00:23.527260,0.06659212596944379,0.19529607943964966,2,0.06575806904726389,0.04379509539105942,0.0748044009426686,0.0934239872050206,0.09471354236256395,0.0818557269202115,0.005004588077542935,27,82,0.09827850497527262,0.12150936662396883,False,False,False,1.8101159030823902e-08,COMPLETE
1180,0.6402951955795289,2025-04-07 03:01:59.268129,2025-04-07 03:02:22.155793,0 days 00:00:22.887664,0.07576051582322438,0.16336503241859837,2,0.05632235839240014,0.03776819123594241,0.08007082683455877,0.09672798053996785,0.09640965654615026,0.08471915907196138,0.0072946807766447515,26,87,0.09280585041524257,0.08700608376726009,False,False,False,1.2714002881072339e-08,COMPLETE
1181,0.6141885399818421,2025-04-07 03:02:22.536396,2025-04-07 03:02:41.101183,0 days 00:00:18.564787,0.05860309358564077,0.13048835653713017,2,0.038728195967838164,0.04963442712692771,0.07014287448732932,0.09187842859524674,0.09994433080315879,0.08198653422038993,0.004566731687353394,19,80,0.0946188964153267,0.1141785101398467,False,False,False,1.4827182413286661e-08,COMPLETE
1182,0.5362573385238648,2025-04-07 03:02:41.475259,2025-04-07 03:03:04.459011,0 days 00:00:22.983752,0.0276265322218245,0.23422985796744286,2,0.046888899044691006,0.05757887045556992,0.07310801622800686,0.09519226017000751,0.09830844821492614,0.08388049137917275,0.0058820637905978735,26,84,0.09660471759780047,0.10781124922396884,False,False,False,1.9245430175054128e-08,COMPLETE
1183,0.6582401871681214,2025-04-07 03:03:04.836209,2025-04-07 03:03:28.396896,0 days 00:00:23.560687,0.07950564745198893,0.18459719507209235,2,0.06459938630927636,0.0443323381980538,0.07676592841367431,0.09850472578717898,0.09375283027136605,0.08733056902238845,0.007064602695699161,27,88,0.09234212038392348,0.12788577271517146,False,False,False,0.0002443066018309667,COMPLETE
1184,0.6153488755226135,2025-04-07 03:03:28.777634,2025-04-07 03:03:51.027015,0 days 00:00:22.249381,0.05026123496422767,0.1497643390191779,2,0.06691605795092763,0.03677059673949226,0.07516147116057664,0.09364293980514923,0.0918981762269077,0.08118734768952164,0.004755745284611468,25,74,0.09441071831520678,0.11558211308459881,False,False,False,1.0108687844213209e-08,COMPLETE
1185,0.6137930512428283,2025-04-07 03:03:51.404243,2025-04-07 03:04:15.432102,0 days 00:00:24.027859,0.07882878596642634,0.30122954539115365,2,0.051704336140876606,0.0512494444491983,0.06915913608765178,0.09004571185670371,0.09607174640152064,0.08249925656594431,0.005702030510854283,28,85,0.09997051393810023,0.10500180172560412,False,False,False,1.2592422221483284e-08,COMPLETE
1186,0.520211148262024,2025-04-07 03:04:15.810635,2025-04-07 03:04:39.470945,0 days 00:00:23.660310,0.7712845901171267,0.11768212410376352,2,0.058329986881304696,0.04217936932241042,0.07173313552016533,0.09215116259562908,0.09065209053616728,0.08395558127645232,0.004478008325661315,27,79,0.0917960432758551,0.12142919889066549,False,False,False,2.2587198497657667e-08,COMPLETE
1187,0.39342175722122197,2025-04-07 03:04:39.848372,2025-04-07 03:04:48.697906,0 days 00:00:08.849534,0.7252116320316123,0.16903528965932396,16,0.043100745073031785,0.15092630674310173,0.07889779369861197,0.08560381104497154,0.09697563205473098,0.08614882220169445,0.006941454503914281,25,82,0.09664756528437983,0.11076897346042341,False,False,False,1.6885453649130552e-08,COMPLETE
1188,0.5509132146835327,2025-04-07 03:04:49.078121,2025-04-07 03:05:10.672636,0 days 00:00:21.594515,0.047308048777863924,0.20692976220670511,2,0.0683504653149531,0.057260808803545775,0.07416166342598655,0.09680597995919459,0.09259768574237817,0.08069224580319952,0.005515767489868468,24,89,0.0940009340641785,0.09314604083446161,False,False,False,1.2449299585524059e-08,COMPLETE
1189,0.5834057927131653,2025-04-07 03:05:11.056200,2025-04-07 03:05:21.077411,0 days 00:00:10.021211,0.4809468709790199,0.13892043739736387,2,0.037458506887880716,0.03525995174909692,0.06825489748823262,0.09023259389749055,0.09490365007043482,0.08072156222082577,0.004327020812094972,5,77,0.09768530670113561,0.11522647838949607,False,False,False,1.006795857771884e-08,COMPLETE
1190,0.6145191907882691,2025-04-07 03:05:21.459953,2025-04-07 03:05:39.596061,0 days 00:00:18.136108,0.08267715251099848,0.18156313185738393,2,0.059041975255550286,0.04941689237224403,0.07267421412375119,0.094503238708712,0.09831064932067615,0.08269899140295237,0.007491566188015026,18,85,0.09102227163602367,0.10251214598200853,False,False,False,8.812084265035026e-06,COMPLETE
1191,0.6488161087036133,2025-04-07 03:05:39.976192,2025-04-07 03:06:02.810741,0 days 00:00:22.834549,0.06347122041470765,0.15239412354548146,2,0.0323184823050594,0.04419132565274604,0.08465939381995338,0.093360427860961,0.09808359689642139,0.08515683732324668,0.005896413541036097,26,87,0.09506450016629274,0.08070897911033696,False,False,False,1.4702118894508118e-08,COMPLETE
1192,0.6178960323333741,2025-04-07 03:06:03.193053,2025-04-07 03:06:26.065187,0 days 00:00:22.872134,0.02621724796374985,0.11695207401881665,2,0.0690931636100317,0.05274873596398162,0.0773102785310821,0.09846835042751251,0.09533244860834533,0.0803076205969291,0.004772870428222723,26,82,0.09837043147979102,0.1233926634573166,False,False,False,1.9256620180760976e-08,COMPLETE
1193,0.6046160459518433,2025-04-07 03:06:26.447158,2025-04-07 03:06:49.892179,0 days 00:00:23.445021,0.08576413431007586,0.13558226362824624,2,0.050543217368677715,0.034930871656555756,0.081305085063098,0.08732580761984529,0.09234128396396192,0.08246069975876508,0.006526567383435077,27,90,0.09268054655697977,0.1074566804718585,False,False,False,1.5956060731425612e-08,COMPLETE
1194,0.6591857433319092,2025-04-07 03:06:50.274141,2025-04-07 03:07:14.469468,0 days 00:00:24.195327,0.05814808984763858,0.16360094176380724,2,0.06322533314451068,0.040389474674650226,0.07070147513296735,0.09074917551297199,0.07213654552086794,0.08702049279216349,0.00416953279475778,28,84,0.08968360613998203,0.09647882967641662,False,False,False,2.357020888802902e-08,COMPLETE
