number,value,datetime_start,datetime_complete,duration,params_alpha-eval,params_alpha-train,params_batch-size,params_eps-eval,params_eps-train,params_lambda-actions-eval,params_lambda-actions-train,params_lambda-frames-eval,params_lambda-frames-train,params_learning-rate,params_n-epochs,params_n-frames,params_radius-gw,params_rho,params_std-feats,params_ub-actions,params_ub-frames,params_weight-decay,state
682,0.09159234166145325,2025-04-06 23:50:18.394779,2025-04-06 23:50:40.077062,0 days 00:00:21.682283,0.15981770064866666,0.1730203843995603,2,0.1329321088963992,0.02138095385069529,0.08764398461773681,0.016191557875044463,0.03493298871275328,0.08124104021273948,0.032017659528874615,29,79,0.06787749136619421,0.13996252993209485,False,True,True,4.077890927747028e-07,COMPLETE
683,0.6171392440795899,2025-04-06 23:50:40.297499,2025-04-06 23:51:05.510955,0 days 00:00:25.213456,0.04439660683577856,0.09117229949280638,2,0.02823448035694148,0.03777082384323242,0.049574282956608436,0.06513570654340753,0.09197857930491161,0.08528359750918825,0.012669509888427277,30,98,0.06975219971862603,0.14743579678035826,False,False,False,1.9730524076163502e-08,COMPLETE
684,0.09159234166145325,2025-04-06 23:51:05.720666,2025-04-06 23:51:19.278303,0 days 00:00:13.557637,0.10549626025342834,0.11282033026838846,2,0.07985798413540617,0.00030942649967370846,0.09319272873407422,0.07778380879766379,0.08763750952346602,0.08332693917364382,0.01952989436926389,11,89,0.06324278603346241,0.13378993078539164,True,False,False,2.709165837265531e-07,COMPLETE
685,0.6346946001052858,2025-04-06 23:51:19.500024,2025-04-06 23:51:43.986444,0 days 00:00:24.486420,0.13031548174960067,0.07200117284825042,2,0.024263575557750765,0.028871696728120417,0.05143893910259743,0.06787309200183014,0.0839271494351597,0.08901784373697486,0.007561544692692797,29,84,0.04796608781537463,0.15861787383106743,False,False,False,2.6137598564708796e-08,COMPLETE
686,0.6499727725982667,2025-04-06 23:51:44.194449,2025-04-06 23:52:08.745380,0 days 00:00:24.550931,0.13464777815150136,0.08666288472367487,2,0.033798691345835866,0.013691131691653412,0.0489460403440245,0.08269186824712835,0.08521631974656425,0.08862656357376747,0.007839621817537147,29,84,0.04841116543320548,0.15719319225335837,False,False,False,2.7595970025526193e-08,COMPLETE
687,0.5183404803276063,2025-04-06 23:52:08.966157,2025-04-06 23:52:30.768155,0 days 00:00:21.801998,0.12489205332835707,0.10666848815614897,2,0.04639778257683043,0.0082818840013878,0.04699588719456852,0.08199599786733001,0.08162575985109487,0.0916064567011348,0.007136176496323039,29,84,0.06617219464987159,0.15471448274229857,False,False,True,2.933848241449142e-08,COMPLETE
688,0.28242493867874147,2025-04-06 23:52:30.989685,2025-04-06 23:52:52.474873,0 days 00:00:21.485188,0.14395628484692866,0.08785934392213683,2,0.04070970279574182,0.012745784927659445,0.04789150794540599,0.08591461955355234,0.08451310727923221,0.09385418248271335,0.025631347104089115,29,81,0.04847696108536167,0.15857418418002822,True,True,False,2.4375293801068184e-08,COMPLETE
689,0.38938770294189456,2025-04-06 23:52:52.687751,2025-04-06 23:53:16.550280,0 days 00:00:23.862529,0.10331190456644529,0.12815454935669326,2,0.03633729201742238,0.007342433501690613,0.04682590858637402,0.0838745275528456,0.08416084366987626,0.09039235305930306,0.007504115419026701,28,85,0.05272308581519312,0.15308765599994673,False,False,False,2.368829873907562e-08,COMPLETE
690,0.6270240306854249,2025-04-06 23:53:16.771935,2025-04-06 23:53:32.770617,0 days 00:00:15.998682,0.129533655362538,0.09588876896143211,2,0.033811976803947194,0.018095343011118193,0.048758867199702016,0.08415570838156032,0.0816975197082124,0.08882834349397094,0.007452150289903988,15,83,0.04978314012815598,0.14817461517574185,False,False,False,3.988119831546569e-08,COMPLETE
691,0.517651391029358,2025-04-06 23:53:32.980088,2025-04-06 23:53:54.138944,0 days 00:00:21.158856,0.11369645381405444,0.11381177184923585,2,0.040888486847013246,0.01600310721246438,0.04437823316374458,0.08238867443263766,0.08313739159585866,0.09195885384555448,0.02133126848706864,28,86,0.048126451328719344,0.15873232378600202,False,False,True,1.7815309164312752e-08,COMPLETE
692,0.2886482417583466,2025-04-06 23:53:54.361551,2025-04-06 23:54:15.827312,0 days 00:00:21.465761,0.1404449442942831,0.08061827688977906,2,0.029517982389640415,0.009678909499126582,0.04500009096028743,0.08274348726488247,0.08567557395988178,0.09341180871130031,0.009087741137103915,29,81,0.046469863158264006,0.1500702186294114,True,True,False,2.8715962941929786e-08,COMPLETE
693,0.6142815232276917,2025-04-06 23:54:16.045382,2025-04-06 23:54:40.585981,0 days 00:00:24.540599,0.08885139871698744,0.14302132598263656,2,0.02706388895062324,0.022204671764247855,0.05070051654065409,0.023783351347911028,0.08360862808292371,0.005000025377392192,0.014451069725643377,29,87,0.051249972436346325,0.14395783278331487,False,False,False,4.4251139293869596e-08,COMPLETE
694,0.5683568954467774,2025-04-06 23:54:40.810763,2025-04-06 23:55:04.120833,0 days 00:00:23.310070,0.1277897530027441,0.07253203985288166,2,0.03361423912829174,0.015048356668684516,0.04833009182734923,0.08625760207261862,0.08595244271648433,0.07791652653825411,0.007710741930784883,27,79,0.04655013195331226,0.15476582781302423,False,False,False,3.406048621018472e-08,COMPLETE
695,0.09159234166145325,2025-04-06 23:55:04.335853,2025-04-06 23:55:28.937081,0 days 00:00:24.601228,0.11160848978711058,0.7969053849762155,2,0.025963409051000003,0.004875527818925333,0.03991604579019195,0.07980454355108595,0.08709157033128864,0.06940106147769318,0.016158757617345126,29,83,0.04944917728099532,0.1412799436402025,True,False,False,2.600705729067484e-08,COMPLETE
696,0.6255750179290771,2025-04-06 23:55:29.160109,2025-04-06 23:55:51.703403,0 days 00:00:22.543294,0.14732525073643224,0.10761033557661748,2,0.044855595122797264,0.022205046102072613,0.04996694007646818,0.08918853928460826,0.0807763412524069,0.08959249000159747,0.010398706444342971,30,90,0.04442683498439767,0.16121559059123255,False,True,True,1.9032067889883887e-08,COMPLETE
697,0.09159234166145325,2025-04-06 23:55:51.927827,2025-04-06 23:56:15.732770,0 days 00:00:23.804943,0.07746218676718522,0.5523596976481057,2,0.03364487040269613,0.013987917928549315,0.0903825032866263,0.08109720016371477,0.08915707590467174,0.07612843412400941,0.029257172986003322,28,85,0.04785036257363092,0.12445789002339609,False,False,False,1.440906411520125e-08,COMPLETE
698,0.5255216598510742,2025-04-06 23:56:15.948742,2025-04-06 23:56:41.422303,0 days 00:00:25.473561,0.13289530628116053,0.21557961251809302,2,0.2612978778158827,0.025273983251450517,0.06542223165654479,0.07805988828147384,0.0836597794187844,0.07178664431046072,0.013005669264501892,30,88,0.0471158281966014,0.15197432643860637,True,False,False,3.1637074712822474e-08,COMPLETE
699,0.34875063896179204,2025-04-06 23:56:41.650112,2025-04-06 23:57:06.455156,0 days 00:00:24.805044,0.09982229003132415,0.13194233749648507,2,0.2838524801614118,0.27538198399353625,0.045175373856280156,0.018890495094168798,0.08635275047163245,0.05705842450863319,0.008952016588235018,29,92,0.04351917219551742,0.1456852954952792,False,False,False,2.1091536650621894e-08,COMPLETE
700,0.5665106892585755,2025-04-06 23:57:06.670794,2025-04-06 23:57:28.145970,0 days 00:00:21.475176,0.15114085454172532,0.09368985080533446,2,0.02460398404541814,0.01814703660283005,0.09554247482384977,0.080485833838496,0.08790280612924938,0.06570686472185162,0.0207778261941892,29,79,0.045365612179365,0.1363296154222723,False,False,True,4.785745833285784e-08,COMPLETE
701,0.09159234166145325,2025-04-06 23:57:28.373076,2025-04-06 23:57:49.290033,0 days 00:00:20.916957,0.11907583794182483,0.16420308131235273,2,0.14030024383423667,0.02797821105365591,0.03816161424962687,0.07800527504207003,0.08127309560201078,0.06197928097626595,0.042172929359110906,28,82,0.05298467107158475,0.15694053950393574,False,True,False,2.8460131277819518e-08,COMPLETE
702,0.6768639087677002,2025-04-06 23:57:49.503460,2025-04-06 23:58:15.010255,0 days 00:00:25.506795,0.16359217848803617,0.0761623944404037,2,0.038182470904346344,0.011098832585905357,0.046681186363784405,0.0013125441941170927,0.09051533328594727,0.07362244158577967,0.012061555754100806,30,85,0.04682666668779941,0.14999396193547235,True,False,False,1.685007132637507e-08,COMPLETE
703,0.09159234166145325,2025-04-06 23:58:15.234696,2025-04-06 23:58:40.600888,0 days 00:00:25.366192,0.1644970884634337,0.08412722479897826,2,0.042731362092279235,0.004382277099945792,0.04761056949298663,0.08562280293883721,0.09429092723895441,0.04086752622862079,0.01612597523370364,30,86,0.04603275420263613,0.14343086263539917,True,False,False,1.8177004282866576e-08,COMPLETE
704,0.09159234166145325,2025-04-06 23:58:40.829344,2025-04-06 23:59:06.035660,0 days 00:00:25.206316,0.144771265656999,0.1139702630918984,2,0.20211283936021168,0.004538498591832893,0.046286897547409375,0.0026390472196866567,0.0906040837693665,0.07466696565426505,0.012832458729490301,30,89,0.046798737244927925,0.1311257741489225,True,False,False,1.3491081727500527e-08,COMPLETE
705,0.09159234166145325,2025-04-06 23:59:06.247475,2025-04-06 23:59:28.792235,0 days 00:00:22.544760,0.08000288721122555,0.09571769711379946,2,0.04860322628552454,0.011915483578790319,0.0478018678822504,0.0031482227409813214,0.08999481675833199,0.07586322428721518,0.01175077253903564,30,95,0.049112154444744247,0.14903971752482073,True,True,True,1.1510203773208835e-08,COMPLETE
706,0.09159234166145325,2025-04-06 23:59:29.021147,2025-04-06 23:59:54.452429,0 days 00:00:25.431282,0.09978089231301045,0.07050707769449108,2,0.03853092849022068,0.00992146969471008,0.049111737212707174,0.009247822710291207,0.08894994409429467,0.07407366226598859,0.014585588406975427,30,91,0.048946414266427235,0.1413561015135872,True,False,False,1.5436195907451793e-08,COMPLETE
707,0.5869939208030701,2025-04-06 23:59:54.668027,2025-04-07 00:00:20.377678,0 days 00:00:25.709651,0.120650425702718,0.12156680783743605,2,0.03962759799293195,0.015389923994143616,0.05125553273747608,0.002321477876754117,0.09610599162014055,0.07976745050836166,0.010596821608952835,30,85,0.04106961977753907,0.1493665082289065,True,False,False,2.0298420839396832e-08,COMPLETE
708,0.09159234166145325,2025-04-07 00:00:20.607808,2025-04-07 00:00:45.552051,0 days 00:00:24.944243,0.15783133998062882,0.14011329601931938,2,0.034188979573622595,0.008850822861567059,0.04975967368574828,0.0033469761345485136,0.09248442927440848,0.07805332490935564,0.017731384718836403,29,126,0.04249980311751754,0.13709904095058928,True,False,False,1.5998350577863113e-08,COMPLETE
709,0.3941269278526306,2025-04-07 00:00:45.767696,2025-04-07 00:01:07.400343,0 days 00:00:21.632647,0.13264158486657046,0.998871465805287,2,0.03173504212068667,0.0015752010550845082,0.045647157096176484,0.012650570371785175,0.0846140979486441,0.08899647266592606,0.011149340385517757,29,82,0.04309256665497874,0.16036858215028005,True,False,True,2.0807848191070613e-08,COMPLETE
710,0.09159234166145325,2025-04-07 00:01:07.627251,2025-04-07 00:01:29.754767,0 days 00:00:22.127516,0.06666034700140311,0.9206571632431939,2,0.04038314485148779,0.01735853047898584,0.05066432906946891,0.006570135248395447,0.08821304247730678,0.08008513161986425,0.01355477258512811,30,89,0.05191232011385905,0.12813351066997783,True,True,False,2.3218986342547055e-08,COMPLETE
711,0.5510563492774964,2025-04-07 00:01:29.984483,2025-04-07 00:01:54.825260,0 days 00:00:24.840777,0.1670333216751052,0.07979258191424027,2,0.04749582167156176,0.02073190480682386,0.013960341960838785,0.005395443494234924,0.09139448527016451,0.08600290722696805,0.023978684265705617,29,79,0.04418381099380326,0.14528062599935676,True,False,False,3.434135383232946e-08,COMPLETE
712,0.5348217844963074,2025-04-07 00:01:55.042557,2025-04-07 00:02:19.435133,0 days 00:00:24.392576,0.1052424454640204,0.19479654955563405,2,0.028423385924041103,0.01197066302955322,0.046420551185856286,0.004524049871210557,0.08652437380002712,0.07643309069271152,0.009515369742141679,28,92,0.04561020427911676,0.05706039450047651,True,False,False,1.5935989159486538e-08,COMPLETE
713,0.4405608892440796,2025-04-07 00:02:19.666424,2025-04-07 00:02:40.432922,0 days 00:00:20.766498,0.14059417801264235,0.10507645435969754,2,0.22405232798709193,0.02133076125994213,0.04849942201042051,0.0052233134698884305,0.09066915842134643,0.09076078640661835,0.01699420109476914,27,101,0.051630488355380755,0.15300269545236522,True,False,True,2.2566904100254676e-08,COMPLETE
714,0.10627661347389222,2025-04-07 00:02:40.649194,2025-04-07 00:03:02.853973,0 days 00:00:22.204779,0.04657600587360687,0.0695534058559882,2,0.27679075797386954,0.02603855683669014,0.05011621921708003,0.007638922287203375,0.0838283316070833,0.0880880367515495,0.01434075454758726,30,87,0.05012256407238488,0.14173800730592523,True,True,False,3.931114431837958e-08,COMPLETE
715,0.5953681230545045,2025-04-07 00:03:03.084783,2025-04-07 00:03:27.856784,0 days 00:00:24.772001,0.09415905901747036,0.09097578005470307,2,0.03141056857161892,0.014249298021995,0.043542026424572555,0.009143282008138758,0.0933196686696758,0.07236084628175955,0.019958652538591286,29,84,0.04781709716499383,0.13580002350122786,True,False,False,1.2605494344775214e-08,COMPLETE
716,0.5993102431297302,2025-04-07 00:03:28.076981,2025-04-07 00:03:53.284638,0 days 00:00:25.207657,0.16369016611407988,0.12549614486953048,2,0.08659573786247501,0.02107113416628564,0.05178051582828687,0.0022711022930106796,0.08689450017188585,0.08311034188999991,0.011758379351073798,29,97,0.04600329242110573,0.16522491157277427,True,False,False,2.2156955259776442e-08,COMPLETE
717,0.5848942875862122,2025-04-07 00:03:53.515461,2025-04-07 00:04:17.604842,0 days 00:00:24.089381,0.12163834391047716,0.15449251878434828,2,0.03651341675033255,0.02653046235032513,0.0943996097399694,0.0010859949042056423,0.08831687603941225,0.07362493313210759,0.0341983049189357,28,81,0.04674630444493712,0.15920035457133547,True,False,False,2.8369948901631737e-08,COMPLETE
718,0.5048171997070313,2025-04-07 00:04:17.839325,2025-04-07 00:04:40.532145,0 days 00:00:22.692820,0.1451136088288262,0.1082221239968013,2,0.18782907726155523,0.0054733022851809615,0.09112269165899177,0.0836871164519582,0.08345741194117999,0.0937330445679469,0.00911824235030366,30,87,0.05735346288374397,0.04607962729604198,True,True,True,1.5941717873880153e-08,COMPLETE
719,0.09159234166145325,2025-04-07 00:04:40.750989,2025-04-07 00:05:05.225340,0 days 00:00:24.474351,0.16997254190758898,0.07594641606384872,2,0.027258532542748508,0.0005120900626548186,0.048714596336018955,0.08164990592877135,0.08547011586252494,0.07922916329726118,0.011811615418674972,29,78,0.04861089327824959,0.15320095480309515,True,False,False,2.853514237497591e-08,COMPLETE
720,0.2894054353237152,2025-04-07 00:05:05.457931,2025-04-07 00:05:30.456400,0 days 00:00:24.998469,0.07401373362860204,0.09277677132542743,2,0.09178413248546463,0.01077688244386058,0.0982846383610066,0.010743021599511432,0.08932491122831082,0.08647728311576708,0.01599650501335108,29,92,0.049226382508172316,0.1487522931588647,True,False,False,5.2804174046307156e-08,COMPLETE
721,0.5679039359092712,2025-04-07 00:05:30.676610,2025-04-07 00:05:56.158148,0 days 00:00:25.481538,0.13288596128902203,0.13133007627228022,2,0.04476281936577131,0.01653058887294754,0.04433225613901763,0.07720656642482239,0.05377449746813548,0.048911157527744234,0.009849098716149678,30,84,0.06409632077354914,0.13926796500747862,True,False,False,4.060800774967107e-08,COMPLETE
722,0.4291695177555085,2025-04-07 00:05:56.389803,2025-04-07 00:06:17.673809,0 days 00:00:21.284006,0.11201442525577684,0.26815179456038235,2,0.13697551317712045,0.023178835723603745,0.08838591460837791,0.001061321333451952,0.08086209999023537,0.03796073103366953,0.024970683956840434,28,88,0.055010053273925684,0.11805401615589667,True,False,True,2.6136306485380423e-08,COMPLETE
723,0.3585951924324036,2025-04-07 00:06:17.893527,2025-04-07 00:06:39.755523,0 days 00:00:21.861996,0.027157113143030487,0.06243507707229673,2,0.07191536601040535,0.030249885555191414,0.051833483927082945,0.07846157676460155,0.09145256790011591,0.06825903821974379,0.012963692849418455,30,82,0.044291735315566516,0.13107815946515322,False,True,False,3.471979943446488e-08,COMPLETE
724,0.49344747066497807,2025-04-07 00:06:39.986610,2025-04-07 00:07:05.201405,0 days 00:00:25.214795,0.08875726787156864,0.11017750182105081,2,0.024942018387044487,0.02009147600487492,0.0464866912099156,0.07956629727043274,0.08642211226937464,0.07095435006989788,0.008774809242816237,29,5,0.04055740846176317,0.15883357578261842,False,False,False,1.0423891808557468e-08,COMPLETE
725,0.49768426418304446,2025-04-07 00:07:05.434159,2025-04-07 00:07:29.870303,0 days 00:00:24.436144,0.8191430676366092,0.17971589877264574,2,0.148293362050646,0.03001000121050119,0.047787389917659774,0.014524721176121538,0.08457559819060177,0.08130985293143457,0.015045275569024847,28,94,0.050905230919950216,0.2654789941788758,True,False,False,1.9226459851921413e-08,COMPLETE
726,0.4453684449195862,2025-04-07 00:07:30.092387,2025-04-07 00:07:52.092558,0 days 00:00:22.000171,0.15375846059609857,0.14770928703715439,2,0.031638599860319944,0.014398964510007719,0.05071032873462483,0.08400213101446517,0.08934089210894287,0.08870224462938438,0.019471483049789247,30,23,0.050500660117832726,0.1467888449906074,False,False,True,2.6539810604315782e-08,COMPLETE
727,0.09159234166145325,2025-04-07 00:07:52.326539,2025-04-07 00:08:13.309565,0 days 00:00:20.983026,0.17524621667128973,0.6744956143396019,2,0.24629973970319624,0.006782796952325004,0.0934335423786257,0.08183530920242378,0.08765700232283508,0.07706019190791065,0.0075777553288349725,28,90,0.04278213578606703,0.16496677604738338,False,True,False,1.6961328759350443e-08,COMPLETE
728,0.36663234829902647,2025-04-07 00:08:13.531195,2025-04-07 00:08:38.544366,0 days 00:00:25.013171,0.05544338378268185,0.08724291141790924,2,0.17119862350857656,0.2344357674760278,0.0954309517516051,0.055729254780703924,0.09982306507338477,0.08496169827680994,0.01114211546256761,29,86,0.06170927017891804,0.15429102719146237,True,False,False,3.2910318561808906e-08,COMPLETE
729,0.6046559095382691,2025-04-07 00:08:38.778356,2025-04-07 00:09:02.207229,0 days 00:00:23.428873,0.12002542540210487,0.06598913365856997,2,0.2542988666622114,0.02606356230239318,0.052035413899229256,0.07585181510302504,0.09423429753905471,0.09051031538318327,0.017376042967309005,27,78,0.046635468086686574,0.23510009110050165,False,False,False,2.2286600281474605e-08,COMPLETE
730,0.4273111820220948,2025-04-07 00:09:02.441781,2025-04-07 00:09:27.353253,0 days 00:00:24.911472,0.0999417785946374,0.11498338790113823,2,0.03456759633564575,0.1491509374633614,0.04844789133458301,0.060795750025181186,0.08312401317353665,0.07322052590825309,0.02684234507034759,29,82,0.06436470040293052,0.10327400946911838,False,False,False,0.0002498224243134867,COMPLETE
731,0.09159234166145325,2025-04-07 00:09:27.578652,2025-04-07 00:09:49.787379,0 days 00:00:22.208727,0.14494406057126377,0.09753497220701808,2,0.12576291384861327,0.029936700435245392,0.0919736102775538,0.006897968797941459,0.09203967435916517,0.0695186285514921,0.012672874871155423,29,88,0.06665013323085998,0.144167434124723,True,True,True,6.417049501107835e-08,COMPLETE
732,0.5679067969322205,2025-04-07 00:09:50.022156,2025-04-07 00:10:04.981715,0 days 00:00:14.959559,0.17918194549064687,0.0577394200950357,2,0.023390067831911023,0.018252366921325487,0.05010068161243643,0.07628838536384887,0.08667043186079126,0.07479670389955893,0.021942442982879957,13,96,0.04767104549463285,0.13539051625317494,False,False,False,2.368629753302461e-08,COMPLETE
733,0.3973150074481965,2025-04-07 00:10:05.205325,2025-04-07 00:10:30.455120,0 days 00:00:25.249795,0.07736876903975733,0.07626369194294015,2,0.04192604088740703,0.18960986252993983,0.04348020221425922,0.047868048384736094,0.007190911745426274,0.08797440939342313,0.010330723334063267,30,85,0.044642469303986396,0.1509494855185105,False,False,False,1.2844074714528031e-08,COMPLETE
734,0.4619379043579102,2025-04-07 00:10:30.690329,2025-04-07 00:10:56.395845,0 days 00:00:25.705516,0.13555974298408704,0.37898839699350206,2,0.09701891909074437,0.02329588345552501,0.09708582595787613,0.0872609601138904,0.08530368274328552,0.0788765166944131,0.008341118489194924,30,91,0.06065817896837842,0.12610304092907712,True,False,False,3.1705665198465162e-06,COMPLETE
735,0.5142629146575928,2025-04-07 00:10:56.635085,2025-04-07 00:11:18.189951,0 days 00:00:21.554866,0.15883300411322065,0.12725772550545952,2,0.05069364705465518,0.011064501213851446,0.0532050975575455,0.028712936434608087,0.09627253361859442,0.081838787214198,0.015210641081699247,29,80,0.06566224935524338,0.274190157350648,False,False,True,4.447139661518084e-08,COMPLETE
736,0.09159234166145325,2025-04-07 00:11:18.414608,2025-04-07 00:11:39.441664,0 days 00:00:21.027056,0.11506110574236297,0.1585728771173351,2,0.11250745705557628,0.031410443461109834,0.046906839199362796,0.011756264814142577,0.08969978988810769,0.08397722920997641,0.0012202299198373488,28,85,0.06739675843294052,0.11301199566252926,False,True,False,3.6771340571484204e-08,COMPLETE
737,0.5683568954467774,2025-04-07 00:11:39.679304,2025-04-07 00:12:04.882211,0 days 00:00:25.202907,0.095106879616324,0.09388713226741396,2,0.038344157240192245,0.020348565216991396,0.08971846191554614,0.07927411633026749,0.08154690100826138,0.09225072231199277,0.013182195922189178,30,41,0.06781605769981386,0.14121086554234885,True,False,False,1.7040280661974548e-08,COMPLETE
738,0.5622302055358888,2025-04-07 00:12:05.110888,2025-04-07 00:12:29.019239,0 days 00:00:23.908351,0.05340182767113119,0.1348888708212293,2,0.22964849340756652,0.03247379686740691,0.0519548672447191,0.09975464182173324,0.08886685870050338,0.07139747248518816,0.010174802208152613,28,33,0.05381324685186651,0.15761170442173905,False,False,False,2.444156077056891e-08,COMPLETE
