number,value,datetime_start,datetime_complete,duration,params_alpha-eval,params_alpha-train,params_batch-size,params_eps-eval,params_eps-train,params_lambda-actions-eval,params_lambda-actions-train,params_lambda-frames-eval,params_lambda-frames-train,params_learning-rate,params_n-epochs,params_n-frames,params_radius-gw,params_rho,params_std-feats,params_ub-actions,params_ub-frames,params_weight-decay,state
503,0.3785140693187714,2025-04-20 15:12:17.681528,2025-04-20 15:12:29.256391,0 days 00:00:11.574863,0.8008147070935633,0.1464328616092473,8,0.10686741768910459,0.059145902146000504,0.07652796752089631,0.06050212773500566,0.07120154116655686,0.06958432671548986,0.0001270724535461299,29,147,0.049457079305365616,0.27230592580130303,False,False,False,1.2531570928629516e-06,COMPLETE
504,0.5927651643753052,2025-04-20 15:12:29.412039,2025-04-20 15:12:41.194666,0 days 00:00:11.782627,0.5749043331113047,0.17169219017808848,8,0.11966228099313642,0.05015656686609776,0.07297748954590756,0.0616414894986287,0.06941114820049366,0.012632348388327686,0.00015181253885343881,30,150,0.022168834567640412,0.2669130784401164,False,False,False,1.033296926342308e-06,COMPLETE
505,0.5844260811805725,2025-04-20 15:12:41.361940,2025-04-20 15:12:53.091796,0 days 00:00:11.729856,0.78008577717869,0.1294794921641212,8,0.11786371677386207,0.06041275385539694,0.07795697752980692,0.05832195919761525,0.043919978743091226,0.07034673490616718,0.00011141680362884043,30,147,0.016163039196145514,0.20537238616501194,False,False,False,1.4815672829948769e-06,COMPLETE
506,0.5778463602066041,2025-04-20 15:12:53.249731,2025-04-20 15:13:04.755711,0 days 00:00:11.505980,0.7952393534296941,0.4318830248888721,8,0.09767514833762359,0.055397559614053925,0.07466531403861497,0.06269328915895934,0.0154441927764487,0.06676669171587965,0.0001436240392084397,29,143,0.019768077085474834,0.2739981397699988,False,False,False,9.928992932777452e-07,COMPLETE
507,0.45072048902511597,2025-04-20 15:13:04.911292,2025-04-20 15:13:16.829292,0 days 00:00:11.918000,0.8133761240377558,0.14037351196205083,8,0.11447313166594043,0.04548589294560862,0.07761175293064682,0.06097194738994577,0.0712331043481417,0.06444505163684101,0.00016569068239561516,29,147,0.029443198904168362,0.15936053207259973,True,False,False,8.13103259210989e-07,COMPLETE
508,0.6036745667457581,2025-04-20 15:13:16.998700,2025-04-20 15:13:28.523549,0 days 00:00:11.524849,0.773381831949031,0.12132420504441309,8,0.10751825376397675,0.050321399523781035,0.06971595407511907,0.05851068022260498,0.06941499716461325,0.06970949088433329,0.00016311737020203225,29,139,0.01804164356382364,0.25116897620057205,False,False,False,2.301842315164581e-06,COMPLETE
509,0.6151228547096252,2025-04-20 15:13:28.683683,2025-04-20 15:13:40.482631,0 days 00:00:11.798948,0.8301605579032076,0.15638851888002087,8,0.11498390135570268,0.06568189595612858,0.07635869588691126,0.05604142716626484,0.07259217253558256,0.0722025132872785,0.00018415670347383833,30,150,0.016652216335148885,0.2611702810388808,False,False,False,1.6318030478460514e-06,COMPLETE
510,0.5972563266754151,2025-04-20 15:13:40.654205,2025-04-20 15:13:52.209305,0 days 00:00:11.555100,0.7972598547201053,0.12608915647909288,8,0.101951845806735,0.042955179820618805,0.0793539646077957,0.05034721529839343,0.03135228320737747,0.07482827552070638,0.00012155230667387032,29,135,0.02087078766919307,0.24301143299576397,False,False,False,1.2214228302237652e-06,COMPLETE
511,0.6165217399597168,2025-04-20 15:13:52.373467,2025-04-20 15:14:03.906186,0 days 00:00:11.532719,0.8187801324000531,0.11324207221080361,8,0.11112416524964266,0.0599364763876557,0.07357053397552848,0.05302226111902954,0.06927426255469672,0.06709996815152136,0.00014450896227689037,29,143,0.014969704204495459,0.2679758251384683,False,False,False,0.00019264440699035432,COMPLETE
512,0.5155182600021362,2025-04-20 15:14:04.065923,2025-04-20 15:14:15.744262,0 days 00:00:11.678339,0.7688374479166841,0.1417907437813137,8,0.12646603698332992,0.03904678368848814,0.07855352425262986,0.05962903987684581,0.06895789710066116,0.0721720145721062,0.003213570503923697,29,146,0.018756006452928818,0.2548051673240598,False,False,False,9.348091330441503e-07,COMPLETE
513,0.2491011142730713,2025-04-20 15:14:15.913432,2025-04-20 15:14:27.390997,0 days 00:00:11.477565,0.8382971240683045,0.09553872194859192,8,0.10651670383004103,0.05374999318173368,0.0768954249003306,0.06391724661965818,0.07220806385029574,0.06914215777207279,9.741138182217829e-05,29,117,0.016293113724050727,0.27560264419072183,False,False,False,7.617475461903275e-07,COMPLETE
514,0.475268566608429,2025-04-20 15:14:27.552915,2025-04-20 15:14:39.274886,0 days 00:00:11.721971,0.7962891524786829,0.12238875746804131,8,0.1902454032300051,0.04691263367682088,0.07527545013956642,0.057025413117858914,0.06832857736498664,0.07417495894996302,0.00018625397388164812,30,140,0.04042312624379391,0.12578237570750342,False,False,False,1.204770053813858e-06,COMPLETE
515,0.5705168962478638,2025-04-20 15:14:39.448165,2025-04-20 15:14:50.904188,0 days 00:00:11.456023,0.6766930344995313,0.18113502731647463,8,0.09942678091378716,0.02257415140890397,0.08010690723181364,0.06251812888731324,0.06671944957710788,0.06593962688787822,0.00021429690007613,28,147,0.023843484331861148,0.2638402592451501,False,False,False,1.9085033803098057e-06,COMPLETE
516,0.5086352944374085,2025-04-20 15:14:51.064172,2025-04-20 15:15:02.648152,0 days 00:00:11.583980,0.6288177266513508,0.10733933677098488,8,0.1030753613080719,0.03301120834815282,0.07863425756456485,0.05464486543652885,0.057299113243800694,0.07164227446285563,0.00016301954542733584,29,144,0.013069141345540094,0.2570418688577118,False,False,False,6.599171755040384e-07,COMPLETE
517,0.35587924122810366,2025-04-20 15:15:02.810513,2025-04-20 15:15:11.883774,0 days 00:00:09.073261,0.7756252386926953,0.16001798255587524,8,0.09453197145572692,0.06407179830929832,0.07191273590943958,0.05947960136551008,0.06454900006800302,0.0608360572567679,0.00013058436826028177,14,150,0.01815126111002926,0.19354283032203412,False,False,False,9.361913595871531e-07,COMPLETE
518,0.10312839001417161,2025-04-20 15:15:12.055690,2025-04-20 15:15:22.655644,0 days 00:00:10.599954,0.854362771195705,0.08544263319608081,8,0.13583676618313853,0.056454891431492536,0.0807708550416094,0.05156120336854998,0.07090548722807054,0.0890943059736502,0.0002159976097048072,29,120,0.010676091697782253,0.2710069414313417,False,False,True,5.577072206678113e-07,COMPLETE
519,0.6011377453804017,2025-04-20 15:15:22.818765,2025-04-20 15:15:34.265131,0 days 00:00:11.446366,0.814367308374912,0.14205063514105462,8,0.11277651386551846,0.050606921517366225,0.07589950830129841,0.0616426390535916,0.06772081853792732,0.06862305509783749,0.00015722143017083426,28,136,0.015808829556358192,0.0882612855282305,False,False,False,3.289255633052548e-06,COMPLETE
520,0.15556900203227997,2025-04-20 15:15:34.437925,2025-04-20 15:15:44.734709,0 days 00:00:10.296784,0.835066403905125,0.10757642356237118,8,0.09433549838922904,0.039759477863484445,0.0780139720323713,0.01883519733005032,0.06570556871067547,0.07451084697375082,0.00018757746096032934,28,142,0.01949557446142878,0.2487782474979179,False,True,False,1.3469716222547703e-06,COMPLETE
521,0.6165593981742858,2025-04-20 15:15:44.898187,2025-04-20 15:15:56.731327,0 days 00:00:11.833140,0.14816445874996026,0.07866828039835819,8,0.05557861754100275,0.06261393551029192,0.08228134947961782,0.057900382086263656,0.061980029279050934,0.07038448018319673,0.00023679572271946914,30,146,0.014051153362941219,0.2651504385348119,False,False,False,8.15526172195372e-07,COMPLETE
522,0.5897703170776367,2025-04-20 15:15:56.894779,2025-04-20 15:16:08.250175,0 days 00:00:11.355396,0.763354854721004,0.12215314631620897,8,0.0903625253478496,0.04541628108370408,0.07957930557618641,0.055214449380415975,0.060085115547806274,0.07305226028662255,0.00010500659190377344,28,139,0.02139555174755751,0.2757087830425395,False,False,False,1.0297024088871994e-06,COMPLETE
523,0.6150637745857239,2025-04-20 15:16:08.423432,2025-04-20 15:16:20.077647,0 days 00:00:11.654215,0.7884415105030872,0.09466588483040742,8,0.061473915321869195,0.06951707134253717,0.06048669014114767,0.06410499902772877,0.06967181999646035,0.06489219354130467,0.00018072356965840488,29,147,0.01668373764187329,0.20722757347616524,False,False,False,5.503055305985241e-07,COMPLETE
524,0.5703485012054443,2025-04-20 15:16:20.239923,2025-04-20 15:16:29.448798,0 days 00:00:09.208875,0.6960691826625763,0.1305184564568248,8,0.09870409060036574,0.05453343372452037,0.07395016807602002,0.06006766470245621,0.02528449320027332,0.0755857682238503,0.00023596077800698879,15,142,0.012104735258233242,0.26124254150789467,False,False,False,6.879423055575564e-07,COMPLETE
525,0.31725857853889466,2025-04-20 15:16:29.625690,2025-04-20 15:16:41.650623,0 days 00:00:12.024933,0.8611146339790324,0.0704659429869431,8,0.07705751402993813,0.02876104190579968,0.0767449378434721,0.053088420674749975,0.06466205869263252,0.026740230845030383,0.00013663083338182573,29,144,0.015049981405420831,0.18442267320059044,True,False,False,1.5972204678847405e-06,COMPLETE
526,0.5938805222511292,2025-04-20 15:16:41.814162,2025-04-20 15:16:53.210654,0 days 00:00:11.396492,0.8343668288926371,0.0964131838180805,8,0.06004397255054957,0.03707894140814063,0.08122836496128624,0.056411162692368566,0.06819431349784989,0.06716421927730754,0.00019478990570255626,28,148,0.018451535788334986,0.21166891116540812,False,False,False,2.1277701726148726e-06,COMPLETE
527,0.5491780042648315,2025-04-20 15:16:53.374596,2025-04-20 15:17:05.115174,0 days 00:00:11.740578,0.8132106407692506,0.047826030312218874,8,0.10411610608727634,0.0592679018814221,0.08316391621185765,0.049998459948932275,0.062347947223068585,0.0635064848641486,0.010854204955629313,30,150,0.006935269770235482,0.2566151670398134,False,False,False,4.557141428356832e-07,COMPLETE
528,0.5690201878547669,2025-04-20 15:17:05.289141,2025-04-20 15:17:16.686893,0 days 00:00:11.397752,0.8821505065463593,0.11349405446765914,8,0.08746091911769739,0.04345926635445643,0.07873244355987322,0.062322811591676096,0.06598151537700471,0.07660291415178264,0.0002525766250671711,28,134,0.01312851027426591,0.2677493351043785,False,False,False,2.6293740951823623e-06,COMPLETE
529,0.5049955964088441,2025-04-20 15:17:16.850664,2025-04-20 15:17:28.244055,0 days 00:00:11.393391,0.7981760398505058,0.3050827579586568,8,0.06605366126545416,0.06606908013594211,0.07542296070877448,0.05846461792075793,0.07159220591505584,0.0703516696399196,0.00015633501475522933,28,145,0.02609392164535843,0.24129305591131128,False,False,False,1.0585864176509087e-06,COMPLETE
530,0.5349466443061829,2025-04-20 15:17:28.420499,2025-04-20 15:17:39.953794,0 days 00:00:11.533295,0.8469268121659533,0.1530933118360995,8,0.05495698821461999,0.05090642781794838,0.08107659098251067,0.0544893939880826,0.05525735257375974,0.07305756771593228,0.0001154897738352095,29,124,0.01729511146370537,0.2796631945827967,False,False,False,7.153579126582535e-07,COMPLETE
531,0.4906985640525818,2025-04-20 15:17:40.118739,2025-04-20 15:18:05.292205,0 days 00:00:25.173466,0.7673920630398604,0.6060892727428762,2,0.07989492939868098,0.056017919643458904,0.08462822966601441,0.06499301720748739,0.058805570506260944,0.06851414789291152,0.00021226710412686791,29,137,0.01995882223466832,0.2727072909492687,False,False,False,5.19432995057163e-07,COMPLETE
532,0.6133202314376831,2025-04-20 15:18:05.470516,2025-04-20 15:18:16.802836,0 days 00:00:11.332320,0.868051004293583,0.08198673685344088,8,0.09439613812876345,0.03181809607814216,0.0773718780444847,0.02725352591118712,0.06295236482276674,0.07159041173792297,0.0003091435355645635,28,140,0.015405076842941115,0.21637548629982475,False,False,False,3.9182886905447534e-07,COMPLETE
533,0.5841643333435059,2025-04-20 15:18:16.969220,2025-04-20 15:18:28.384598,0 days 00:00:11.415378,0.8156523169175495,0.13458871839525383,8,0.0750630657144096,0.04820103456435003,0.08053307681960425,0.05214716949944924,0.06702719754789073,0.07424736400586933,0.0002639271494741174,28,145,0.021673097085606934,0.2535947652013929,False,False,False,8.518775085414632e-07,COMPLETE
534,0.4746797621250153,2025-04-20 15:18:28.550274,2025-04-20 15:18:40.265904,0 days 00:00:11.715630,0.7545722494689026,0.0383979903443917,8,0.06566999799885175,0.07415219340818434,0.07310458063541922,0.0609941752538378,0.06392934819175218,0.07794058215684879,0.0001675785145362341,30,148,0.017698838863156863,0.2625137857950017,False,False,False,1.1723694767253694e-06,COMPLETE
535,0.6057549953460694,2025-04-20 15:18:40.442826,2025-04-20 15:18:50.529462,0 days 00:00:10.086636,0.6045252358905754,0.17109663322651603,8,0.11018858307066227,0.038777224984759634,0.08344297059446976,0.05688548779889795,0.07029191696367455,0.03593682934985697,0.00035623131857891047,20,142,0.011051209417294068,0.26711933879055383,False,False,False,5.291070406012941e-07,COMPLETE
536,0.6102174520492554,2025-04-20 15:18:50.694260,2025-04-20 15:19:02.303848,0 days 00:00:11.609588,0.714154815717545,0.10395089267801198,8,0.08447299149658939,0.062069938414474106,0.07932081052670337,0.06386557992627112,0.06066883642561684,0.06735362326329875,0.0001342379529009071,29,148,0.014852108436106933,0.24688573010223874,False,False,False,1.5075541118622286e-06,COMPLETE
537,0.5541304111480714,2025-04-20 15:19:02.486378,2025-04-20 15:19:13.879807,0 days 00:00:11.393429,0.29400011575219165,0.22921138184184395,8,0.053620572827700025,0.07030343837645169,0.07726987416349783,0.05854327050196475,0.06611671133363259,0.07615851214893034,0.00022164997627421238,28,150,0.019311066450694712,0.2854313937400444,False,False,False,6.023441133968928e-07,COMPLETE
538,0.09159234166145325,2025-04-20 15:19:14.048525,2025-04-20 15:19:24.442209,0 days 00:00:10.393684,0.7836257501394976,0.06670617239023215,8,0.07128192580945257,0.017963501506650385,0.08199704190192544,0.061577239236145886,0.07297225087793907,0.07038041699040712,0.000279808976546671,28,144,0.013144318314705132,0.2592635242915906,False,False,True,3.390816290777216e-07,COMPLETE
539,0.15125363469123843,2025-04-20 15:19:24.610357,2025-04-20 15:19:35.056452,0 days 00:00:10.446095,0.8893549640651239,0.8028012362057342,8,0.07997403405454503,0.042704329905387806,0.07071163538624828,0.04821672011051319,0.0017947867362167746,0.07420116205734476,0.00018726122119387887,29,141,0.016233741981299572,0.2718446412657297,False,True,False,9.060274412613945e-07,COMPLETE
540,0.39401228427886964,2025-04-20 15:19:35.236242,2025-04-20 15:19:46.891478,0 days 00:00:11.655236,0.8351662023249501,0.08807976201614998,8,0.09998915707998451,0.0561730119905499,0.07488672912422699,0.06593610491840242,0.06825733543439898,0.06487742676038416,8.559852788655931e-05,30,138,0.023979725084506298,0.21464770688069013,False,False,False,7.342013470859979e-07,COMPLETE
541,0.602573823928833,2025-04-20 15:19:47.058214,2025-04-20 15:19:58.348590,0 days 00:00:11.290376,0.8013823848654541,0.11844856893032464,8,0.059336568013314966,0.05017223027685726,0.055654728827784196,0.05376415243311002,0.06453410908375826,0.07831662805173764,0.00032246539786170097,28,134,0.017648949104583644,0.20075057711645702,False,False,False,7.652529490705525e-06,COMPLETE
542,0.210500106215477,2025-04-20 15:19:58.527525,2025-04-20 15:20:10.074258,0 days 00:00:11.546733,0.8232859149500206,0.8971521201232078,8,0.09235441233257344,0.033595458735576206,0.08575308942590637,0.05611077077969632,0.061632013385692894,0.06862368682669329,0.00015260615067403497,29,146,0.020320386011410965,0.28116062653930457,False,False,False,1.1744868256593987e-06,COMPLETE
543,0.5935359835624695,2025-04-20 15:20:10.241462,2025-04-20 15:20:21.805704,0 days 00:00:11.564242,0.8634809233675443,0.1451363673162066,8,0.06445992182269383,0.06420031332935197,0.07858863291823429,0.059448552209356416,0.06738831220030005,0.07197546606643901,0.00022331891151453404,29,150,0.014702268947466183,0.25350070353660603,False,False,False,4.50591674085625e-07,COMPLETE
544,0.5382688760757447,2025-04-20 15:20:21.985687,2025-04-20 15:20:32.203620,0 days 00:00:10.217933,0.7794538684760526,0.05352726441490514,8,0.07289072740305566,0.045107866454825014,0.08148052306577881,0.050441657660656315,0.07044415567271463,0.06201202466238962,0.000401472455527351,21,126,0.016811242795911233,0.27611182463213196,False,False,False,6.561283365742607e-07,COMPLETE
545,0.566432797908783,2025-04-20 15:20:32.373680,2025-04-20 15:20:44.025101,0 days 00:00:11.651421,0.8443541830568381,0.08574157005155163,8,0.08617742534292509,0.05930365438780609,0.08396071511417429,0.06297785666785244,0.06502779533597719,0.08371067227332414,0.0001884115207454438,28,113,0.009581224903589761,0.26805616096266166,True,False,False,1.982473531437785e-06,COMPLETE
546,0.3704200088977814,2025-04-20 15:20:44.194408,2025-04-20 15:20:51.906299,0 days 00:00:07.711891,0.7484250433709765,0.1073008397747121,8,0.07987617375175804,0.037281568608035665,0.07656803249745303,0.06024734386858992,0.057321621070449885,0.07618626221131641,0.00011795266109055431,6,144,0.011997504656358054,0.25931295585702835,False,False,False,3.962512590395765e-06,COMPLETE
547,0.4703711926937103,2025-04-20 15:20:52.086909,2025-04-20 15:21:03.260250,0 days 00:00:11.173341,0.727808970946228,0.030530800201627156,8,0.06773652658358673,0.028370177803247302,0.0795505470734252,0.05474888970733777,0.06280117567033919,0.07277215292134807,0.0002580448609619464,27,147,0.018537016151668136,0.23939343820796338,False,False,False,3.095281010692291e-07,COMPLETE
548,0.6026975154876709,2025-04-20 15:21:03.430267,2025-04-20 15:21:14.801577,0 days 00:00:11.371310,0.8016375327077048,0.13002197858924328,8,0.10465326366095153,0.050683745661882856,0.08643757404495502,0.05776529229159323,0.06011242756299382,0.05985262829525065,0.0003243240319103766,28,140,0.013780171116978353,0.2096641723149312,False,False,False,9.032251627263025e-07,COMPLETE
549,0.3941047012805939,2025-04-20 15:21:14.985062,2025-04-20 15:21:26.514262,0 days 00:00:11.529200,0.8774304426237309,0.0691066730916428,8,0.06080368950417188,0.0677644633590716,0.0823959922437169,0.05185425384314574,0.06893729033719279,0.06983134541194808,0.00016155920088139925,29,121,0.022679631296800114,0.264418871936656,False,False,False,3.9307631928250906e-07,COMPLETE
550,0.6023993611335754,2025-04-20 15:21:26.684620,2025-04-20 15:21:37.937955,0 days 00:00:11.253335,0.7584495137297558,0.10573719084935956,8,0.052889597653707515,0.05525238604470518,0.07996226462542995,0.06736089561012795,0.0657933776736731,0.06605835393499634,0.0003959542890874897,27,143,0.015626324785627064,0.2736927677761311,False,False,False,1.3913588767949887e-06,COMPLETE
551,0.5589833855628967,2025-04-20 15:21:38.122173,2025-04-20 15:21:49.461886,0 days 00:00:11.339713,0.8513772089144858,0.08271465856160919,8,0.1298627135679978,0.0446222454868891,0.07747641281956312,0.0640169795550137,0.07269208055218845,0.07923982388425109,0.00021461071938152007,28,138,0.020406575824285324,0.2178111172455612,False,False,False,2.6549693836065863e-07,COMPLETE
552,0.5933442115783691,2025-04-20 15:21:49.632980,2025-04-20 15:22:01.190488,0 days 00:00:11.557508,0.8185971641814045,0.16650750436543008,8,0.09252917588262811,0.07265207709833633,0.07519485122801459,0.062217782586195765,0.06346081979937028,0.07573010787981083,0.0002728585402010393,30,98,0.017068717448755624,0.2901802520997674,False,False,False,5.886010237110882e-07,COMPLETE
553,0.5315643310546876,2025-04-20 15:22:01.373387,2025-04-20 15:22:26.599750,0 days 00:00:25.226363,0.8961697743098211,0.05303030371781515,2,0.07491913565736995,0.060984521372118544,0.05236369558365971,0.05368992221940068,0.06753332164155959,0.07130606862358554,0.0005258452901037764,29,134,0.013458335155298509,0.25191705487803673,False,False,False,1.0433323259971963e-06,COMPLETE
554,0.6014711022377015,2025-04-20 15:22:26.770691,2025-04-20 15:22:38.132139,0 days 00:00:11.361448,0.7782247783347092,0.12194281728384282,8,0.07055221347482074,0.039192379421037954,0.08468876557652393,0.049157608978490634,0.06983766831678975,0.08678535025535185,0.00014509904302431644,28,147,0.018863177267838205,0.2616057657410041,False,False,False,1.0016446785990466e-05,COMPLETE
555,0.614606273174286,2025-04-20 15:22:38.307966,2025-04-20 15:22:49.533216,0 days 00:00:11.225250,0.8662856173115904,0.0978441136815872,8,0.08796709538693356,0.049650147481644986,0.08154841796497754,0.056522622801084936,0.06509273177770258,0.05026371015490038,0.00018724974230947225,27,150,0.015623312702596025,0.26934727716715867,False,False,False,2.7457890909667814e-06,COMPLETE
556,0.15785086154937744,2025-04-20 15:22:49.716489,2025-04-20 15:23:00.257454,0 days 00:00:10.540965,0.835748964543938,0.19177322417827541,8,0.24211600822818036,0.03333554396954951,0.07384745779116599,0.05952900227640459,0.061326222135122906,0.0820411121486238,0.0003438710748186841,29,142,0.011895565925503566,0.2784392972416472,False,False,True,7.470396880741392e-07,COMPLETE
557,0.6022842407226563,2025-04-20 15:23:00.429901,2025-04-20 15:23:11.876885,0 days 00:00:11.446984,0.7930444134833321,0.14261847321657437,8,0.09790136616643044,0.025091576301153416,0.0947084155716732,0.06522422306216456,0.06689852375398557,0.06750563591171434,0.00024258452217688673,28,145,0.017754205159049425,0.24609104968054418,False,False,False,2.0124374374095667e-07,COMPLETE
558,0.09159234166145325,2025-04-20 15:23:12.060898,2025-04-20 15:23:22.584718,0 days 00:00:10.523820,0.8133781438128573,0.06780200529555304,8,0.05786776151232999,0.06478097074641619,0.07894592533048903,0.05227144892626087,0.057943306349886356,0.07805270219020446,0.00011597329726103443,30,124,0.015107906675622153,0.20702925717051365,False,True,False,4.5642668098743484e-07,COMPLETE
