number,value,datetime_start,datetime_complete,duration,params_alpha-eval,params_alpha-train,params_batch-size,params_eps-eval,params_eps-train,params_lambda-actions-eval,params_lambda-actions-train,params_lambda-frames-eval,params_lambda-frames-train,params_learning-rate,params_n-epochs,params_n-frames,params_radius-gw,params_rho,params_std-feats,params_ub-actions,params_ub-frames,params_weight-decay,state
223,0.6160977482795715,2025-04-20 14:19:04.885075,2025-04-20 14:19:16.045339,0 days 00:00:11.160264,0.7926666768419521,0.1183308238737719,8,0.030841638794640344,0.04045467109764472,0.07726990297280921,0.05167866267451366,0.06823342371215538,0.06776920538940974,0.00014814255950438527,27,131,0.0185173938721397,0.22523696084197592,False,False,False,9.210737431929885e-07,COMPLETE
224,0.5998626112937927,2025-04-20 14:19:16.116874,2025-04-20 14:19:27.390808,0 days 00:00:11.273934,0.7950523143663738,0.11361690772662435,8,0.031155490434003737,0.041189202550256286,0.0806458981899521,0.04818425090192694,0.06717160791294823,0.0694723064129388,0.00015150440976805665,27,124,0.019772553512632445,0.2258068446919975,False,False,False,8.704316113199165e-07,COMPLETE
225,0.43958884477615356,2025-04-20 14:19:27.462888,2025-04-20 14:19:38.534583,0 days 00:00:11.071695,0.7338269934842665,0.09072062085914608,8,0.031255670251447744,0.027419148223869465,0.07584178295132658,0.051570036028092736,0.06971484741325283,0.06831267096001337,0.00010292892545221638,26,129,0.02229891916558506,0.22118890812051115,False,False,False,9.682741412151057e-07,COMPLETE
226,0.6163282990455627,2025-04-20 14:19:38.606198,2025-04-20 14:19:49.795134,0 days 00:00:11.188936,0.7830646557103025,0.12031677301975832,8,0.04633906814420814,0.036141030860833985,0.08315790125957978,0.053406642239991184,0.0716597521105328,0.0712503252560852,0.00015508630440937553,27,130,0.017622291559786223,0.227107892533599,False,False,False,6.847807615981444e-07,COMPLETE
227,0.5982179641723633,2025-04-20 14:19:49.876849,2025-04-20 14:20:01.022229,0 days 00:00:11.145380,0.7857293696625022,0.10608698831425648,8,0.04772669635888031,0.03341095885073364,0.08312053914380926,0.05319828724414064,0.07200589447903968,0.07330838344129971,0.00016516100786662485,27,131,0.018157560763338906,0.228929445041961,False,False,False,1.531297619535289e-06,COMPLETE
228,0.4631656646728516,2025-04-20 14:20:01.095126,2025-04-20 14:20:12.261929,0 days 00:00:11.166803,0.8056819830144675,0.07399392766273888,8,0.04012721321741218,0.023617944493829774,0.07900963434707231,0.050156046369110203,0.07395663312843806,0.07110049975277859,0.00014363804769877827,27,125,0.018057202601482435,0.21609056310676747,False,False,False,7.160455844631305e-07,COMPLETE
229,0.6003527760505677,2025-04-20 14:20:12.334540,2025-04-20 14:20:23.340549,0 days 00:00:11.006009,0.7797689196287686,0.12159642930611829,8,0.05369255109876641,0.03860037715390651,0.08134524256984911,0.05293029429003998,0.06867450800205549,0.06348010869125789,0.00012245322807370097,26,128,0.02025541430249677,0.22634455951209584,False,False,False,1.1238524252856994e-06,COMPLETE
230,0.6019544482231141,2025-04-20 14:20:23.414443,2025-04-20 14:20:34.662382,0 days 00:00:11.247939,0.8103627622222542,0.12199252052243012,8,0.06002130359781411,0.04235374354486592,0.07627929478139477,0.048651428170280696,0.07132838232000513,0.06624562534445579,0.00018327966591675282,27,131,0.023026716000817862,0.2102840548787311,False,False,False,8.6157807544149e-07,COMPLETE
231,0.596907126903534,2025-04-20 14:20:34.736659,2025-04-20 14:20:45.891386,0 days 00:00:11.154727,0.7436951713505373,0.09343358325383805,8,0.044303628204031074,0.03217215415952911,0.08665584048230353,0.04675920903183808,0.06573291194762095,0.06927290873138298,0.00014994319555562945,27,132,0.01714169865291572,0.22096496062115226,False,False,False,5.73763092180195e-07,COMPLETE
232,0.5898100018501282,2025-04-20 14:20:45.965078,2025-04-20 14:20:57.427751,0 days 00:00:11.462673,0.7703454015318658,0.15262097339180652,8,0.03538270208545612,0.13351365957897018,0.08465276485737665,0.05371029795221052,0.06802195519360807,0.06767835230929373,0.00012859868899001793,28,127,0.016914202515547653,0.2189606605983437,False,False,False,7.096322449364829e-07,COMPLETE
233,0.596689796447754,2025-04-20 14:20:57.511681,2025-04-20 14:21:08.618865,0 days 00:00:11.107184,0.7533376313995567,0.12658473360351521,8,0.047592534797540366,0.04396104869959752,0.0786035294060515,0.05092268482043103,0.06976925219326859,0.07144945283269907,0.0001647477722936522,26,134,0.013519751828041288,0.22918002339255836,False,False,False,0.0009380198243655031,COMPLETE
234,0.5739567875862122,2025-04-20 14:21:08.694481,2025-04-20 14:21:19.869134,0 days 00:00:11.174653,0.9878033570914435,0.17080407816140764,8,0.053411109967965074,0.037047649145039954,0.08155692079686219,0.05436629469960661,0.07568207213185435,0.06549796099601492,0.00011310702716085115,27,130,0.01916378819334504,0.21411910828474928,False,False,False,1.3698398417747148e-06,COMPLETE
235,0.6176459431648255,2025-04-20 14:21:19.944488,2025-04-20 14:21:31.341359,0 days 00:00:11.396871,0.7217324354263495,0.10607588861301537,8,0.04179002387726208,0.04620762648795225,0.0796968674487175,0.05122663473167297,0.06593631904080705,0.07017063780261164,0.00017815951081579738,28,126,0.016044648500354232,0.2225571362747712,False,False,False,1.8531159849085841e-06,COMPLETE
236,0.6055356979370117,2025-04-20 14:21:31.418406,2025-04-20 14:21:42.784666,0 days 00:00:11.366260,0.7853308411578225,0.09344026214549558,8,0.04013093230027667,0.045488184890564755,0.07968545643558653,0.04518553213466659,0.06550226048676977,0.07020466490393594,0.0001760303378028232,28,124,0.016194795374206684,0.22474830182485603,False,False,False,2.1380307080425114e-06,COMPLETE
237,0.604037606716156,2025-04-20 14:21:42.859685,2025-04-20 14:21:54.276629,0 days 00:00:11.416944,0.7215970872719525,0.11112466502850815,8,0.025679633497534465,0.039051462592415244,0.07749549824875697,0.051940796463261295,0.07277221068242812,0.07304366725700775,0.00015057621408422827,28,126,0.01823692767469306,0.23739127508259536,False,False,False,1.5124712301541934e-06,COMPLETE
238,0.3054038524627686,2025-04-20 14:21:54.352165,2025-04-20 14:22:04.812152,0 days 00:00:10.459987,0.7654637747189115,0.052478963343516295,8,0.05135469995841534,0.027943400591962746,0.0744199109631597,0.04932001921980438,0.0785766019130496,0.0672120546676412,0.00018100972472968706,28,128,0.021415194221777203,0.21639161066464932,False,False,True,1.7751240722611517e-06,COMPLETE
239,0.11001745015382768,2025-04-20 14:22:04.898072,2025-04-20 14:22:25.724996,0 days 00:00:20.826924,0.7996623940332558,0.14799745315850998,2,0.03356436603681416,0.046741943480174034,0.08220893283202009,0.05406483074996452,0.06744835483826421,0.06272879839570504,0.000234598929433982,27,124,0.014824079940750311,0.2090555093586573,False,True,False,1.1010581927838166e-06,COMPLETE
240,0.5889292359352112,2025-04-20 14:22:25.801521,2025-04-20 14:22:37.157105,0 days 00:00:11.355584,0.7446784115895726,0.07725479455081416,8,0.04363855105600145,0.03686528385395249,0.07963603501354559,0.05116363453316654,0.07151338831049972,0.07119384061552134,0.0032657657328240353,28,131,0.019619442396363738,0.23064250025512692,False,False,False,0.0004178602408152441,COMPLETE
241,0.6047286152839662,2025-04-20 14:22:37.234108,2025-04-20 14:22:48.752525,0 days 00:00:11.518417,0.7204997139054992,0.12663777237415094,8,0.04628096061881026,0.051717089440326686,0.08376122269895399,0.05491614953650433,0.06415904321757153,0.06879005947905585,0.00014128195085156992,29,133,0.013340018865810075,0.22410377171015453,False,False,False,8.747879018670905e-07,COMPLETE
242,0.6173927068710328,2025-04-20 14:22:48.829475,2025-04-20 14:23:00.377209,0 days 00:00:11.547734,0.6993237432926692,0.13515439123401418,8,0.06027177087232695,0.04397976039749674,0.07698471138486827,0.0514804251674085,0.06968489389503912,0.06483231704472169,0.00017697368077652107,29,128,0.017245299048571486,0.2180955234035374,False,False,False,5.936989845918147e-07,COMPLETE
243,0.6193308591842652,2025-04-20 14:23:00.454701,2025-04-20 14:23:11.790244,0 days 00:00:11.335543,0.7551832299385915,0.10867291445136486,8,0.06158850185326188,0.04290138297587296,0.07718555929122338,0.052115044753709594,0.0696802810245598,0.06433263445890115,0.00018980829651792861,28,128,0.01688533692609563,0.2183366706697353,False,False,False,6.294938759390051e-07,COMPLETE
244,0.6019741773605347,2025-04-20 14:23:11.867568,2025-04-20 14:23:23.418895,0 days 00:00:11.551327,0.7743497484337014,0.10746262774337667,8,0.061262565121757845,0.03201603106005515,0.07648645787032028,0.048932187077746304,0.07020883004253511,0.06506041412416602,0.00017254166498847673,29,128,0.016911679567735628,0.219813066824171,False,False,False,5.781452381775792e-07,COMPLETE
245,0.6032539367675782,2025-04-20 14:23:23.506495,2025-04-20 14:23:34.920897,0 days 00:00:11.414402,0.6943178970180983,0.1194432740980676,8,0.06189726104714204,0.04165153466303831,0.0806613634569853,0.051832836539238654,0.06682223012674122,0.06700529701459583,0.0001277474827274666,28,122,0.01788643228616112,0.21615132790071212,False,False,False,6.579441539631889e-07,COMPLETE
246,0.5943076252937317,2025-04-20 14:23:34.999534,2025-04-20 14:23:46.315495,0 days 00:00:11.315961,0.7327628855554309,0.09894483223015746,8,0.05511244002827197,0.04278490606384057,0.07443452122445059,0.04759662354574988,0.0738088103222699,0.0642784481551246,0.00022273534535756758,28,126,0.019362449549265484,0.22736687212161802,False,False,False,9.137721244445175e-07,COMPLETE
247,0.6171236038208008,2025-04-20 14:23:46.393632,2025-04-20 14:23:57.937364,0 days 00:00:11.543732,0.791128023468311,0.16934877283799638,8,0.06662482204387317,0.035267439203119096,0.07886534566975242,0.05116004589247932,0.06862911841989587,0.0690214678157709,0.00016546217716788633,29,129,0.01682942508313189,0.22127458616043288,False,False,False,1.1421273447141755e-06,COMPLETE
248,0.5974745273590087,2025-04-20 14:23:58.016097,2025-04-20 14:24:09.627904,0 days 00:00:11.611807,0.8078107973986808,0.16561501560910863,8,0.20225893782269672,0.018378536654302263,0.07812646535180282,0.050477156592660014,0.07141114154774911,0.07018012505420614,0.0002544837719863651,29,129,0.01683011071663012,0.22036732899623937,False,False,False,1.1457175611606343e-06,COMPLETE
249,0.5628677368164063,2025-04-20 14:24:09.706108,2025-04-20 14:24:21.505758,0 days 00:00:11.799650,0.7876768669070436,0.15911023177463662,8,0.07102884626963973,0.03196715630485161,0.0721406619068214,0.05200963047941097,0.06552592202725402,0.06176263594430077,0.00010065695095047983,29,124,0.02083487684736082,0.21362162240955654,True,False,False,5.2057391484268e-07,COMPLETE
250,0.6045653343200683,2025-04-20 14:24:21.584405,2025-04-20 14:24:33.273562,0 days 00:00:11.689157,0.7715576051466345,0.18182799528078472,8,0.06445489149179495,0.03838930376881735,0.07682649866184325,0.04593534852122423,0.06868804525510688,0.07351999884336266,0.00018525999855762549,29,127,0.01605269267038594,0.2322353909152493,False,False,False,7.686484886406369e-07,COMPLETE
251,0.5928418993949891,2025-04-20 14:24:33.362525,2025-04-20 14:24:44.893316,0 days 00:00:11.530791,0.8218745205147922,0.1275738078775412,8,0.0578544942845461,0.02351830619114836,0.07940026569392375,0.0497325339580121,0.06725629724133976,0.06623994815772731,0.00014670794620822675,29,130,0.018683094296095153,0.2218406940054244,False,False,False,1.0902187525181553e-06,COMPLETE
252,0.5244741082191468,2025-04-20 14:24:44.973857,2025-04-20 14:24:56.328209,0 days 00:00:11.354352,0.7946603811263129,0.0777137080867627,8,0.07964422493088123,0.03397851893116668,0.07469559487689918,0.05308470118199275,0.07505043368996046,0.06943516858050243,0.0002107216156735393,28,119,0.024317417873119074,0.21226831185778774,False,False,False,4.712993399265314e-07,COMPLETE
253,0.5761012673377991,2025-04-20 14:24:56.407820,2025-04-20 14:25:08.024938,0 days 00:00:11.617118,0.7011827647322436,0.10203409939861162,8,0.06475369615333972,0.04506457584491158,0.07915208608136612,0.047101126292888484,0.07090873483079119,0.07171127052615578,0.00011902013807302504,29,123,0.0218612006236099,0.21948506464121187,False,False,False,8.746415207010007e-07,COMPLETE
254,0.5857581734657288,2025-04-20 14:25:08.104903,2025-04-20 14:25:19.488275,0 days 00:00:11.383372,0.7421003583035553,0.1510441541660612,8,0.06675661547661468,0.145679452474748,0.08307851971793462,0.054616524848353575,0.06403056870792818,0.06444873598591638,0.00015717839366016052,28,127,0.017741239865385255,0.23467755801411386,False,False,False,6.54007585537017e-07,COMPLETE
255,0.6147498846054078,2025-04-20 14:25:19.568326,2025-04-20 14:25:30.901742,0 days 00:00:11.333416,0.769839863326152,0.12977709365637977,8,0.0738134068109706,0.03013220224631138,0.07665142442093473,0.05150157475461122,0.07312151741136835,0.06810825333914927,0.0002446292181672206,27,130,0.015533729143965865,0.2253684275570895,False,False,False,1.839760872452596e-06,COMPLETE
256,0.5944592118263246,2025-04-20 14:25:30.982127,2025-04-20 14:25:42.237599,0 days 00:00:11.255472,0.7675057768458867,0.11996061955686285,8,0.07518084485126472,0.028304615413045416,0.07667119997788754,0.05107375434142001,0.07342644740276201,0.0683567498458936,0.0001930398219459668,27,131,0.019734087553777837,0.20693200666334938,False,False,False,1.2738604588093537e-06,COMPLETE
257,0.6097079038619996,2025-04-20 14:25:42.330952,2025-04-20 14:25:53.238495,0 days 00:00:10.907543,0.7349223440241062,0.08984425137336272,8,0.086548797331964,0.03485176043591022,0.08110772903522129,0.0490351353921616,0.07216533564651197,0.07061538148997575,0.00013105462708364916,26,64,0.01659185509208394,0.21487995984523278,False,False,False,8.616228184399407e-07,COMPLETE
258,0.5435299992561341,2025-04-20 14:25:53.319652,2025-04-20 14:26:04.524196,0 days 00:00:11.204544,0.7872016254981408,0.13230331965743833,8,0.0723252942745901,0.0284012348144261,0.07536898203099612,0.05303168650511829,0.07017682716330556,0.0736487732549168,0.00030166189725067057,27,126,0.027241123021354407,0.2229250843711229,False,False,False,6.520013917641918e-07,COMPLETE
259,0.5683568954467774,2025-04-20 14:26:04.607876,2025-04-20 14:26:15.740224,0 days 00:00:11.132348,0.7554066028864616,0.0664926954141963,8,0.08196737733986781,0.020833845963317034,0.07304386775746177,0.044871410273253774,0.07646315787234755,0.06875967521898106,0.0001710009376784169,27,121,0.012405036675521775,0.04907651691293527,False,False,False,1.9329576438969695e-06,COMPLETE
260,0.29429135322570804,2025-04-20 14:26:15.822671,2025-04-20 14:26:23.662067,0 days 00:00:07.839396,0.716797811410764,0.10729810446703625,8,0.05907002351791199,0.04052240346824134,0.08010616656261739,0.05133890357234206,0.06780313778444047,0.06546833104880959,0.00021813154223618492,7,130,0.015592294913404216,0.22639097637204372,False,False,False,1.2045105693069965e-06,COMPLETE
261,0.48990148305892944,2025-04-20 14:26:23.744012,2025-04-20 14:26:35.285531,0 days 00:00:11.541519,0.7766489170919362,0.13499971705934616,8,0.06618025345902932,0.0369905369757309,0.07751031050462283,0.048277535037148975,0.07447114353206571,0.06304463441022418,0.04680286449902243,29,135,0.018280875094683246,0.21343359022404532,False,False,False,9.854757609482151e-07,COMPLETE
262,0.3700721144676209,2025-04-20 14:26:35.367864,2025-04-20 14:26:46.876221,0 days 00:00:11.508357,0.7494285148734782,0.1779251381559483,8,0.07649234886706374,0.009033405772644422,0.08308211580331852,0.053831671069334994,0.0662289413085572,0.06664442809638005,0.00014011352510936686,29,125,0.013706580743570408,0.21799318016332014,False,False,False,5.143270633319461e-07,COMPLETE
263,0.1273298516869545,2025-04-20 14:26:46.968661,2025-04-20 14:26:57.285596,0 days 00:00:10.316935,0.7941450810245408,0.9566408735918628,8,0.05389408405806645,0.041305777084799586,0.08101825139807178,0.05136856667671653,0.06979889243005483,0.0715599472290067,0.0001930993199513173,28,56,0.021987907575674606,0.22829554587515286,False,False,True,7.393480343157294e-07,COMPLETE
264,0.11801386773586274,2025-04-20 14:26:57.368700,2025-04-20 14:27:07.331140,0 days 00:00:09.962440,0.6879818335301027,0.11359798237646411,8,0.0627991644011343,0.03049019215406313,0.08461663633622303,0.05557442805678123,0.07775193079261059,0.06939176700021353,0.0002687359188690162,26,128,0.015609085041054566,0.20632327536099096,False,True,False,7.091301173979264e-06,COMPLETE
265,0.4571607232093811,2025-04-20 14:27:07.414687,2025-04-20 14:27:18.610111,0 days 00:00:11.195424,0.7673460431032841,0.15840939422435443,8,0.07140643240364174,0.043947845037975296,0.07838543230274131,0.04976621614469878,0.07226469502749515,0.06776158681187239,0.00010231886556010638,27,132,0.019712752339278928,0.28624518217428524,False,False,False,1.5609278609233388e-06,COMPLETE
266,0.4174753904342651,2025-04-20 14:27:18.693933,2025-04-20 14:27:30.484049,0 days 00:00:11.790116,0.7347060807220454,0.6119292348267278,8,0.05758784453709243,0.03630286052058105,0.07528273281698689,0.052630954580299046,0.06879210089526108,0.06444427899357662,0.00015500903114971392,30,123,0.04260697027498479,0.22140437752686054,False,False,False,1.0816851130678425e-06,COMPLETE
267,0.39874560832977296,2025-04-20 14:27:30.568684,2025-04-20 14:27:55.499787,0 days 00:00:24.931103,0.8091084229660184,0.041351047945496364,2,0.05007767687621568,0.023594804550425636,0.08257193523944133,0.048159344586513386,0.07071464366087789,0.06069872594310819,0.0002278720242613052,29,135,0.012166485217906087,0.21096373539995014,False,False,False,1.908489111145425e-06,COMPLETE
268,0.5655054569244385,2025-04-20 14:27:55.595934,2025-04-20 14:28:07.284489,0 days 00:00:11.688555,0.7161743031365326,0.08654311012976895,8,0.0671755928750519,0.04693969433293804,0.07651477774475252,0.04614139362474685,0.06629055058083032,0.07244107323674087,0.0001816843804921372,28,130,0.017606900560166783,0.2264468946872621,True,False,False,2.3831986704351144e-06,COMPLETE
269,0.3058784663677216,2025-04-20 14:28:07.370049,2025-04-20 14:28:15.740662,0 days 00:00:08.370613,0.7562342631118351,0.13699186205243136,8,0.09408760246034388,0.03104854940490706,0.08005479757055434,0.05537276401518615,0.07258332913305936,0.07029426423648943,0.0001179172781032435,10,126,0.014287034937531314,0.21690381964350525,False,False,False,8.276123780029589e-07,COMPLETE
270,0.6075050115585328,2025-04-20 14:28:15.825296,2025-04-20 14:28:27.066592,0 days 00:00:11.241296,0.7764142550310653,0.19305008813068159,8,0.05398512957928596,0.039872052686163756,0.07127495924137192,0.06011897092381539,0.06773226631534268,0.06629521441425247,0.00015554326418372165,27,129,0.020310020712455183,0.24140510779355337,False,False,False,4.251034054579625e-07,COMPLETE
271,0.6123960494995118,2025-04-20 14:28:27.152039,2025-04-20 14:28:38.907632,0 days 00:00:11.755593,0.7381886511657839,0.11640179990625289,8,0.059642880646306205,0.047615533986847924,0.07831852713833647,0.053031261227872536,0.07458255328747895,0.06848691105995669,0.00023900197290956045,30,136,0.016580285327405145,0.23307089236214612,False,False,False,1.285718953261958e-06,COMPLETE
272,0.6064264059066773,2025-04-20 14:28:38.993248,2025-04-20 14:28:50.646062,0 days 00:00:11.652814,0.7081381732254391,0.10375830751418925,8,0.07550287693763966,0.046128148138383764,0.07389070573108768,0.05031947185007959,0.0646808820611178,0.07388426235726381,0.0003245210177522137,30,137,0.016094231698352876,0.23130204681543784,False,False,False,1.3921192576481035e-06,COMPLETE
273,0.5339338779449463,2025-04-20 14:28:50.741775,2025-04-20 14:29:02.422963,0 days 00:00:11.681188,0.725805369770524,0.12084811477107943,8,0.06229364312692654,0.05576137028807591,0.07778705497970492,0.05298755244578422,0.06995343147750296,0.07010656777431892,0.00019793933895598175,30,77,0.011890072829725151,0.22129189181125253,False,False,False,2.9543773919024457e-06,COMPLETE
274,0.3440497934818268,2025-04-20 14:29:02.510020,2025-04-20 14:29:13.547131,0 days 00:00:11.037111,0.4951185016803581,0.0820947472740696,8,0.028756055558203666,0.04953988923306475,0.07905027051827156,0.04385754004362831,0.07478924628103344,0.0681510296262784,0.00013341923418960786,26,134,0.01431271345764662,0.23511991617508543,False,False,False,1.6977807391343811e-06,COMPLETE
275,0.5772096633911133,2025-04-20 14:29:13.633730,2025-04-20 14:29:25.356729,0 days 00:00:11.722999,0.7421536539000226,0.16819404022795253,8,0.036635504285901274,0.045032815073685235,0.07617521340511185,0.047023143331480444,0.06796205218473038,0.06296910336442067,0.00025174073849016244,30,136,0.01683071184712911,0.20459888403322127,False,False,False,1.2459493994945327e-06,COMPLETE
276,0.27237941026687623,2025-04-20 14:29:25.444798,2025-04-20 14:29:36.861788,0 days 00:00:11.416990,0.7589412241499731,0.061135846568819256,8,0.16177733890358265,0.05378483934552378,0.08515938110450352,0.051245855728016355,0.07154743156897357,0.07122600476549723,8.901063553473086e-05,28,132,0.01888320081309916,0.21122793087295724,False,False,False,6.133461810139262e-07,COMPLETE
277,0.3523638486862183,2025-04-20 14:29:36.949148,2025-04-20 14:29:48.131236,0 days 00:00:11.182088,0.73706279087394,0.10318858545164036,8,0.27514608573294486,0.03876171131719993,0.08146115331429334,0.06500160867492226,0.06608492249183513,0.06543753246888065,1.894578958159195e-05,27,132,0.02331046547568765,0.21727626152911994,False,False,False,1.0158873333674814e-06,COMPLETE
278,0.5978211879730225,2025-04-20 14:29:48.228972,2025-04-20 14:29:59.839621,0 days 00:00:11.610649,0.6879621558199066,0.14740271725716783,8,0.05557965696569701,0.031217918440475823,0.07863528190531886,0.053496264906794606,0.06341289356706999,0.06880998324225697,0.00016542252242646507,29,128,0.015388070896869714,0.22447436637239299,False,False,False,4.849148934888477e-06,COMPLETE
