number,value,datetime_start,datetime_complete,duration,params_alpha-eval,params_alpha-train,params_batch-size,params_eps-eval,params_eps-train,params_lambda-actions-eval,params_lambda-actions-train,params_lambda-frames-eval,params_lambda-frames-train,params_learning-rate,params_n-epochs,params_n-frames,params_radius-gw,params_rho,params_std-feats,params_ub-actions,params_ub-frames,params_weight-decay,state
1536,0.6651803374290466,2025-04-07 05:13:43.871484,2025-04-07 05:14:06.879059,0 days 00:00:23.007575,0.15858187481229893,0.16046130985748328,2,0.057549306635394155,0.027069102313879247,0.07071945837269505,0.09025998065014607,0.09644870578800056,0.0833299115671216,0.013673014624170166,26,84,0.09380721285798983,0.10335526291924921,False,False,False,2.1314494601945972e-08,COMPLETE
1537,0.5848204731941223,2025-04-07 05:14:07.392949,2025-04-07 05:14:31.684725,0 days 00:00:24.291776,0.06275899319436928,0.2670237870180157,2,0.026803829991753556,0.05116863962960625,0.07459645216858266,0.08530428262778322,0.09448201167858536,0.0765014979364126,0.0022725424645573104,28,88,0.09777433092197002,0.11249961677052923,False,False,False,1.4874493692934569e-08,COMPLETE
1538,0.6160476446151734,2025-04-07 05:14:32.174253,2025-04-07 05:14:56.155005,0 days 00:00:23.980752,0.09537122558204579,0.14482205020708608,2,0.06641263507753889,0.041775143613629315,0.0810156915626347,0.09331301026461716,0.09655250537825207,0.07499835425526886,0.0045702682871687494,27,94,0.09232679082450634,0.09671687357599487,False,False,False,1.217643339874634e-08,COMPLETE
1539,0.633126163482666,2025-04-07 05:14:56.642902,2025-04-07 05:15:18.239719,0 days 00:00:21.596817,0.11909810601821372,0.11305900453070465,2,0.07947057687787112,0.04555851939853882,0.07217287147527224,0.08920828796484025,0.09343626339858425,0.08048535813212977,0.005714006229880394,24,82,0.08971340559015296,0.12827069131951513,False,False,False,1.8414539156108306e-08,COMPLETE
1540,0.4282632291316986,2025-04-07 05:15:18.727476,2025-04-07 05:15:35.580605,0 days 00:00:16.853129,0.8498807527506604,0.4554005552583624,2,0.05975079204021526,0.06496373035508118,0.07609513351587849,0.09602689491567747,0.09825592472096299,0.08470101416531838,0.010181612952295282,16,86,0.09530468050285218,0.07601235596760225,True,False,False,2.5625816990009827e-08,COMPLETE
1541,0.5363576054573059,2025-04-07 05:15:36.088467,2025-04-07 05:15:59.174021,0 days 00:00:23.085554,0.08138636042299638,0.17561041692769214,2,0.07381943702700237,0.08037842498954656,0.07865774979614021,0.09210167235873491,0.09523342035065518,0.0886462253423669,0.0073999257758919496,26,80,0.08673149546954811,0.08816391944462201,False,False,False,1.4386352008271057e-08,COMPLETE
1542,0.6137369632720947,2025-04-07 05:15:59.660080,2025-04-07 05:16:22.135393,0 days 00:00:22.475313,0.05530939659751949,0.23000087033420755,2,0.052284953456888744,0.03196143944159913,0.07072250562011458,0.09992694155152831,0.0971752040668196,0.08247160609562892,0.00509763106391597,25,76,0.09811697639751231,0.1197323569686016,False,False,False,1.2268931440849893e-08,COMPLETE
1543,0.440732741355896,2025-04-07 05:16:22.624091,2025-04-07 05:16:31.664843,0 days 00:00:09.040752,0.14205105812873717,0.1355379644373061,16,0.0679442552042072,0.03796659767620682,0.0689309236257101,0.0529042442977094,0.09156549801227877,0.07976400464625584,0.0031722283181061205,27,91,0.09126977748456658,0.18449058717731623,False,False,False,2.0378263264602535e-08,COMPLETE
1544,0.5005934476852417,2025-04-07 05:16:32.176785,2025-04-07 05:16:55.053927,0 days 00:00:22.877142,0.09718786951236821,0.20509681489531137,2,0.04457988269491246,0.05188513850464618,0.07347167036158934,0.08673976636231628,0.09816924184154219,0.08982698659225755,0.006371989485225978,26,84,0.09349492301901191,0.2686565797575624,False,False,False,1.6833207459701393e-08,COMPLETE
1545,0.35474640130996704,2025-04-07 05:16:55.543382,2025-04-07 05:17:15.203907,0 days 00:00:19.660525,0.17021330456036193,0.16710310562177905,2,0.08040207944844598,0.05720094922377698,0.07608414458410624,0.0948353929661263,0.09530094596183995,0.07853722124995881,0.004219121689923344,25,88,0.08917734624965525,0.10891177753911198,False,False,True,1.2226101562441309e-08,COMPLETE
1546,0.44313310980796816,2025-04-07 05:17:15.691414,2025-04-07 05:17:39.876004,0 days 00:00:24.184590,0.8996060452625521,0.1051638943533701,2,0.061637045907797276,0.04512972035927996,0.0729029158919303,0.04965092196903103,0.09217006983710303,0.08160273044176103,0.008606059576129,28,81,0.0831296742906658,0.17047754524951655,False,False,False,3.3596532306438795e-08,COMPLETE
1547,0.09159234166145325,2025-04-07 05:17:40.389102,2025-04-07 05:18:00.923432,0 days 00:00:20.534330,0.12440857183880494,0.14850211419143894,2,0.06901657052408028,0.0337181449613467,0.0629795268358032,0.08348264692049163,0.09826314848384232,0.08351011759995908,0.012211435207083345,27,85,0.09628148228872392,0.10160181361944166,False,True,False,1.518408037518716e-08,COMPLETE
1548,0.5829704642295838,2025-04-07 05:18:01.412294,2025-04-07 05:18:24.476116,0 days 00:00:23.063822,0.07232942777922492,0.12158428640196883,2,0.08787963285667344,0.04959248955242436,0.07763661593481191,0.08938550457730729,0.09369622944344894,0.08606635391090967,0.03919523769513574,26,89,0.0955087032971292,0.11710644691228547,True,False,False,1.010262100892357e-08,COMPLETE
1549,0.5316614866256715,2025-04-07 05:18:24.964239,2025-04-07 05:18:46.503691,0 days 00:00:21.539452,0.09731130613468197,0.18654524049468438,2,0.07498296979898385,0.027136069385286593,0.06752694859689692,0.09771407629764772,0.07074295553195804,0.07696833138231725,0.06702248944624879,24,78,0.028507820962938323,0.12482324393576362,False,False,False,2.258487755352017e-08,COMPLETE
1550,0.6783031940460206,2025-04-07 05:18:47.012540,2025-04-07 05:19:10.812156,0 days 00:00:23.799616,0.14093447606171425,0.1531559439885682,2,0.03695239832281965,0.039306669230236096,0.07487961846603128,0.09246633987831328,0.09620853050899275,0.08109373277766595,0.0051594592637818765,27,83,0.09293849909724482,0.13384364958490685,False,False,False,1.7466569328582793e-08,COMPLETE
1551,0.4475025773048401,2025-04-07 05:19:11.305843,2025-04-07 05:19:34.261800,0 days 00:00:22.955957,0.11024693584478219,0.09092443070544798,2,0.05710446979626162,0.06066792508666985,0.07043216339620571,0.09461845623425866,0.09829868558837214,0.08504526499498265,3.620001683096284e-05,26,93,0.08548028923338402,0.11226545663124339,False,False,False,1.2358245037612597e-08,COMPLETE
1552,0.4504838228225708,2025-04-07 05:19:34.754827,2025-04-07 05:19:57.079037,0 days 00:00:22.324210,0.055127937571570106,0.1290547428506051,2,0.016279993568544943,0.044442926350051634,0.07998154295287269,0.09092283853324948,0.09994315723295827,0.07911036827931935,0.0036219718360738693,25,136,0.09097817383858382,0.10464608346444162,False,False,False,1.4510788653765263e-08,COMPLETE
1553,0.6151033401489259,2025-04-07 05:19:57.593986,2025-04-07 05:20:20.787740,0 days 00:00:23.193754,0.08776239405577642,0.16874135543698648,2,0.047638415458104,0.05374586464934348,0.06584508211941748,0.09678551980346242,0.09552671420259148,0.08747204966122553,0.006580095437309208,26,86,0.08863874969713724,0.12107154495364061,False,False,False,2.678088176477211e-08,COMPLETE
1554,0.6154003620147706,2025-04-07 05:20:21.286916,2025-04-07 05:20:45.446178,0 days 00:00:24.159262,0.12372590863512763,0.18778699535814028,2,0.028087133123009412,0.037129704200804275,0.07218006761079453,0.08829311857192308,0.0937070107169513,0.0747447828128916,0.010204152985689009,28,90,0.09845128957662133,0.09486959771161763,False,False,False,1.0075567586505882e-08,COMPLETE
1555,0.6114079117774964,2025-04-07 05:20:45.937768,2025-04-07 05:21:09.532285,0 days 00:00:23.594517,0.07610109453576634,0.10864729350623945,2,0.06272036492585063,0.07084475070588177,0.07670208311878166,0.09342575105908431,0.09667133502745505,0.08279724277195931,0.00783904249413165,27,80,0.09440714368472725,0.08032035575768288,False,False,False,2.0298234682593845e-08,COMPLETE
1556,0.349064189195633,2025-04-07 05:21:10.052236,2025-04-07 05:21:30.359238,0 days 00:00:20.307002,0.1688625883054552,0.1509814862375711,2,0.07305800984118097,0.04702497498904995,0.07413801808021415,0.09556969101676231,0.09143429954697355,0.07859679373547482,0.004179203770377899,26,98,0.09996856298627768,0.25759815464462177,True,False,True,1.481279932461312e-08,COMPLETE
1557,0.606146264076233,2025-04-07 05:21:30.853230,2025-04-07 05:21:53.284244,0 days 00:00:22.431014,0.10879806344331927,0.2114878292212649,2,0.051718964920037525,0.03183900701728025,0.08176705421773277,0.09839232280721455,0.0981939932481594,0.0811228393124328,0.0028898082682293144,25,86,0.09684190939807875,0.17602754353074768,False,False,False,1.831547712493419e-08,COMPLETE
1558,0.15696363151073456,2025-04-07 05:21:53.779125,2025-04-07 05:22:14.253989,0 days 00:00:20.474864,0.054441670694283364,0.13426985649343348,2,0.08071699708550678,0.04273679020466071,0.06868126692462982,0.09138110893327729,0.09509140723862759,0.03106190053455573,0.005437305633046221,27,84,0.09219082199293423,0.21050339633226398,False,True,False,1.2239540448175333e-08,COMPLETE
1559,0.5578870892524719,2025-04-07 05:22:14.775772,2025-04-07 05:22:37.823342,0 days 00:00:23.047570,0.14704344049015813,0.17370188631279526,2,0.06677256462340252,0.05877262774926749,0.07866575355918211,0.08694519351653197,0.09668447021008603,0.08421270258641993,0.006175084955952746,26,82,0.08677756289574196,0.19083870316221171,False,False,False,2.458472124264994e-08,COMPLETE
1560,0.5745418190956116,2025-04-07 05:22:38.318766,2025-04-07 05:23:00.516073,0 days 00:00:22.197307,0.09384747974052791,0.25020400687850014,2,0.04094325794910045,0.049671068892236284,0.07141437338898696,0.09383384036344335,0.09278085631053502,0.08698038546422301,0.013322304389604455,25,88,0.09429908582079645,0.12841258694792995,False,False,False,1.0018055811667894e-08,COMPLETE
1561,0.5742757439613342,2025-04-07 05:23:01.018209,2025-04-07 05:23:12.926807,0 days 00:00:11.908598,0.1273998831805727,0.08892070815843814,2,0.05645825307664326,0.03701147825164829,0.07403008523986909,0.08984569519690006,0.09829849748802048,0.05181250325467282,0.004888731343887514,8,75,0.08989924999880765,0.11416606065181112,False,False,False,4.9153385521475176e-08,COMPLETE
1562,0.6163420081138611,2025-04-07 05:23:13.445372,2025-04-07 05:23:36.963565,0 days 00:00:23.518193,0.07393993188393534,0.1276398928309897,2,0.03469639957693741,0.053146409624799405,0.01129993321418598,0.09613715309595215,0.09992786355016929,0.09036061447131483,0.009058432893402009,27,91,0.0967760298252976,0.108407234167722,False,False,False,1.4855051103235564e-08,COMPLETE
1563,0.37720789909362795,2025-04-07 05:23:37.458182,2025-04-07 05:24:00.490579,0 days 00:00:23.032397,0.10326950204081708,0.14955857753187138,2,0.07473260099986745,0.027642979458497086,0.07596993844705834,0.09335728607435835,0.09451289106661012,0.07643451318333273,0.0037863214265025087,26,79,0.09195426240519139,0.11901245390162943,False,False,False,3.3908916895000566e-05,COMPLETE
1564,0.5853432416915894,2025-04-07 05:24:00.988897,2025-04-07 05:24:15.466506,0 days 00:00:14.477609,0.15369235075438797,0.19700977770069317,2,0.09285412324356658,0.042275391620389124,0.0649831340573191,0.08459501432165695,0.09673408738016741,0.08009697699130269,0.007907580341012643,12,85,0.0877451046482058,0.1016518651138326,True,False,False,1.9958302308329975e-08,COMPLETE
1565,0.353934508562088,2025-04-07 05:24:15.984406,2025-04-07 05:24:38.406340,0 days 00:00:22.421934,0.054126430892707446,0.11152501323421218,2,0.06481007243445082,0.12884272840384803,0.07006246289631275,0.09137036654589982,0.09118726364188076,0.0825359615984356,0.010936557453848014,25,88,0.0941520512392251,0.12457787477073974,False,False,False,3.141778068252662e-08,COMPLETE
1566,0.6749151110649109,2025-04-07 05:24:38.907586,2025-04-07 05:25:03.219194,0 days 00:00:24.311608,0.12911150305947544,0.16953558337897776,2,0.0719589069960699,0.034541645800476486,0.07251240873135573,0.09837333865688729,0.09378964824007587,0.0779300910193228,0.006795968031864864,28,82,0.09087146627253606,0.11159259825054371,False,False,False,1.2266560867535617e-08,COMPLETE
1567,0.5204698443412781,2025-04-07 05:25:03.716391,2025-04-07 05:25:12.447767,0 days 00:00:08.731376,0.07992049178756122,0.1392519262098814,16,0.08364231589089086,0.06461755943176627,0.07753123505126588,0.08858570096369665,0.0982655142895083,0.08539239024427954,0.0049001151584924536,24,95,0.08527603650309065,0.1335242114647636,False,False,False,1.58903857042483e-08,COMPLETE
1568,0.33863222599029547,2025-04-07 05:25:12.978008,2025-04-07 05:25:33.308031,0 days 00:00:20.330023,0.4028231754580958,0.1670445503992726,2,0.058250156163847315,0.047669861753348836,0.07444819247852316,0.09531334351232443,0.09604746836177855,0.08155328609705682,0.0059031583673655975,26,78,0.09590858956484911,0.08962376901304253,False,False,True,2.1164673756936315e-08,COMPLETE
1569,0.16000453531742098,2025-04-07 05:25:33.810066,2025-04-07 05:25:54.346785,0 days 00:00:20.536719,0.1036238459859087,0.12242262873967248,2,0.026452733426823555,0.05832752684167296,0.08262252518998185,0.09275934562808591,0.0677471571719898,0.08452748251987074,0.004112548346063719,27,86,0.09304210240800859,0.11694832782938233,False,True,False,1.4260731205406297e-08,COMPLETE
1570,0.6257495045661927,2025-04-07 05:25:54.844620,2025-04-07 05:26:17.809605,0 days 00:00:22.964985,0.17445435281502528,0.18772193408832918,2,0.04921128142317081,0.040414783123393076,0.06813304482370695,0.09695477734229471,0.0029881522352628136,0.07962247494015785,0.007205018366059747,26,83,0.08900397479709078,0.09831223470452138,False,False,False,1.0108522902395583e-08,COMPLETE
1571,0.6144108295440674,2025-04-07 05:26:18.330444,2025-04-07 05:26:41.992126,0 days 00:00:23.661682,0.11691154648731564,0.15043587086004356,2,0.07855178103883483,0.05203848227607267,0.07180681943771533,0.09023840592843828,0.09688080085352237,0.08822306975561546,0.002626996496208607,27,91,0.09788237114305537,0.12324336997268472,False,False,False,1.7981272768094193e-08,COMPLETE
1572,0.39456765651702885,2025-04-07 05:26:42.491447,2025-04-07 05:27:06.924405,0 days 00:00:24.432958,0.06431008271469305,0.09220266888062677,2,0.0631506710056692,0.045190897463764354,0.07550433559193018,0.0869378314698869,0.09295109159553687,0.07451273710226505,0.0033027554280468416,28,80,0.09996156071854972,0.18331316646803986,True,False,False,2.6050971343984868e-08,COMPLETE
1573,0.6067512631416321,2025-04-07 05:27:07.422213,2025-04-07 05:27:20.738566,0 days 00:00:13.316353,0.08558130262915223,0.1119818560858743,2,0.04260037661790132,0.026148567396905305,0.07899312792693675,0.09464068776155282,0.09839365825809912,0.08277369356869486,0.009377197472767265,10,88,0.09476616592316792,0.11105823340169298,False,False,False,1.2797717640934453e-08,COMPLETE
1574,0.6693211078643799,2025-04-07 05:27:21.256952,2025-04-07 05:27:43.397342,0 days 00:00:22.140390,0.14260917380111787,0.15810758887961715,2,0.06924303072368905,0.0354343401768902,0.07055553373526433,0.08260686529266137,0.09994242404277294,0.07802913466642332,0.004845784918974919,25,84,0.09071728577730176,0.10533596136134593,False,False,False,1.7403214071054268e-08,COMPLETE
1575,0.41347725391387946,2025-04-07 05:27:43.898701,2025-04-07 05:28:06.981291,0 days 00:00:23.082590,0.09458041698065477,0.8105431617385257,2,0.021722333661915103,0.055308461984820145,0.0733120013833829,0.09209247819995756,0.094860239717428,0.0803761613126568,0.006027318106566046,26,76,0.0836765673658,0.23520610991496016,False,False,False,1.2032191304178947e-08,COMPLETE
1576,0.6475476026535034,2025-04-07 05:28:07.476421,2025-04-07 05:28:30.240480,0 days 00:00:22.764059,0.1132002503475749,0.1368725042300329,2,0.03132943323435131,0.04142551435351598,0.07595555247933106,0.09493407595628747,0.09535527462138707,0.08686285987395845,0.011262986190730035,26,86,0.09300104372094094,0.11979373897240446,False,False,False,1.0007587272745655e-08,COMPLETE
1577,0.5951757788658143,2025-04-07 05:28:30.768660,2025-04-07 05:28:54.906350,0 days 00:00:24.137690,0.13448487874638174,0.20573013951836924,2,0.05384393787379814,0.04862681775306536,0.0693062162363846,0.08929933867891265,0.09681351470630141,0.03654368870609405,0.013986570146403851,28,72,0.08786746969592162,0.08391313022517961,False,False,False,1.4878900448992105e-08,COMPLETE
1578,0.6165138483047485,2025-04-07 05:28:55.411150,2025-04-07 05:29:18.718112,0 days 00:00:23.306962,0.04873970203583291,0.18279482658105517,2,0.060711594643511516,0.03178786440532062,0.06717788471187819,0.0857118848162354,0.09093268696094514,0.08412607507012483,0.00375533203184363,27,93,0.09672986089955422,0.13024510068819264,False,False,False,2.2408267520389376e-08,COMPLETE
1579,0.3591153085231781,2025-04-07 05:29:19.219525,2025-04-07 05:29:38.985616,0 days 00:00:19.766091,0.06938705992158598,0.22567361916604256,2,0.08748965767249134,0.06658459908683431,0.07713322567537699,0.09814814527830913,0.0933665547500363,0.07673978293793063,0.008050003022800772,25,81,0.09484410703147877,0.09349920176930822,False,False,True,1.812661253455896e-08,COMPLETE
1580,0.2953235447406769,2025-04-07 05:29:39.509462,2025-04-07 05:29:58.755652,0 days 00:00:19.246190,0.08795972715577932,0.13021426882564335,2,0.075304384999659,0.04032864350876844,0.07294712049167708,0.09274003102893771,0.09851298971488405,0.08211431800052306,0.0045718608427655835,24,88,0.0909367462237823,0.10728859649613323,True,True,False,2.933838763504203e-08,COMPLETE
1581,0.5778525471687317,2025-04-07 05:29:59.257255,2025-04-07 05:30:22.972616,0 days 00:00:23.715361,0.1174091019467833,0.16548258884535985,2,0.06723850226753068,0.05091878169221276,0.08070486332130783,0.09988873336829647,0.0966290162662824,0.07906469556753974,0.005644279851462101,27,84,0.09812771921993992,0.11515181220372889,False,False,False,4.261826864161533e-08,COMPLETE
1582,0.40250539779663086,2025-04-07 05:30:23.472568,2025-04-07 05:30:46.472635,0 days 00:00:23.000067,0.1524545902569742,0.14751468853959918,2,0.047737107050639785,0.21194281900688633,0.07532465798415162,0.09686295508318689,0.09992115056574911,0.08551271364481097,0.007191791158163929,26,90,0.08586383002851161,0.16984318120025305,False,False,False,1.438484161045923e-08,COMPLETE
1583,0.657659375667572,2025-04-07 05:30:46.991974,2025-04-07 05:31:10.494216,0 days 00:00:23.502242,0.09673397785022063,0.10294366686734377,2,0.03785385532647217,0.05948235635214973,0.07121457702100027,0.09085590819974579,0.09995721990147324,0.0812849228935928,0.00969186324816977,27,81,0.0927106551975998,0.12314742291736779,False,False,False,1.228908647072273e-08,COMPLETE
1584,0.499148166179657,2025-04-07 05:31:10.998627,2025-04-07 05:31:33.347997,0 days 00:00:22.349370,0.047502739206448145,0.08752001456521961,2,0.07116763507559037,0.0446694065955178,0.021134526665995797,0.09396217783597065,0.09480874564232654,0.08282879263786984,0.001073354032548905,25,85,0.08930285555979628,0.13502067715065905,False,False,False,2.1411535915094676e-08,COMPLETE
1585,0.6140837907791138,2025-04-07 05:31:33.855327,2025-04-07 05:31:56.699449,0 days 00:00:22.844122,0.17775291439887103,0.1753806078736277,2,0.07809293764640896,0.02633820215517274,0.07849329062443235,0.08863729006265791,0.09700182207593289,0.07608609514677175,0.004240283975395196,26,79,0.08285380862596597,0.10124848623448718,False,False,False,1.6664076374453844e-08,COMPLETE
1586,0.6617618203163147,2025-04-07 05:31:57.220452,2025-04-07 05:32:20.090218,0 days 00:00:22.869766,0.07022919589236035,0.11825395040622148,2,0.056056396134089165,0.036580388999249425,0.07266761192471863,0.04376129871167263,0.09162473515784442,0.0892673142631432,0.00537701746220297,26,87,0.09603927115773508,0.1149986445754769,False,False,False,1.2515189274716552e-08,COMPLETE
1587,0.4914816737174988,2025-04-07 05:32:20.598115,2025-04-07 05:32:44.301784,0 days 00:00:23.703669,0.1287051990789782,0.14330221807263757,2,0.06325610730447007,0.05434971547548457,0.07440653258171742,0.09577568507216808,0.09823440802973316,0.07983379245829901,0.003270794787762163,27,93,0.09380711859534857,0.19401894164526784,False,False,False,2.5152848278265475e-08,COMPLETE
1588,0.5693494319915772,2025-04-07 05:32:44.840621,2025-04-07 05:33:07.226989,0 days 00:00:22.386368,0.10161152529043163,0.19683643887322083,2,0.08491986265739436,0.0456250948471378,0.06949111885387059,0.09221875750680769,0.09415495083618909,0.08440336080391526,0.0066560508817745,25,54,0.08729838390807935,0.17930939659833692,True,False,False,1.485454092025118e-08,COMPLETE
1589,0.6135497570037842,2025-04-07 05:33:07.737764,2025-04-07 05:33:16.724460,0 days 00:00:08.986696,0.1576060406674979,0.15998729291663136,16,0.015480180460169812,0.03140281152167421,0.08483701713747382,0.09065620159910515,0.09592086665314373,0.07800232399629112,0.01168139909218771,28,83,0.09101574797128781,0.10859045581099692,False,False,False,3.617716577782874e-08,COMPLETE
1590,0.5011227130889893,2025-04-07 05:33:17.229046,2025-04-07 05:33:36.827282,0 days 00:00:19.598236,0.08172797851744112,0.133983825620588,2,0.052184227561250636,0.03869549878000761,0.0652134679024214,0.0936751933546515,0.0928264834758827,0.08737679584158604,0.008324126951353159,25,77,0.09796513407652516,0.1277479033628817,False,False,True,1.87792837904206e-08,COMPLETE
1591,0.11993851065635683,2025-04-07 05:33:37.358794,2025-04-07 05:33:57.324923,0 days 00:00:19.966129,0.11610100005542176,0.11211233654991198,2,0.06988717873383496,0.04998726362066058,0.07704660221561846,0.08701214308569838,0.09713229188259079,0.08103229289278568,0.004939591902350865,26,90,0.09494734574765151,0.097052567983914,False,True,False,1.2200785555625101e-08,COMPLETE
1592,0.5443230390548706,2025-04-07 05:33:57.838790,2025-04-07 05:34:20.787103,0 days 00:00:22.948313,0.13867450245676505,0.18244930483848937,2,0.04178094222387722,0.05902895742478096,0.07413419602584359,0.09598138586808738,0.09467477502720076,0.08304925598541243,0.005675688187749407,26,82,0.09214984744536964,0.11911389529774527,False,False,False,1.6434880700933968e-08,COMPLETE
