number,value,datetime_start,datetime_complete,duration,params_alpha-eval,params_alpha-train,params_batch-size,params_eps-eval,params_eps-train,params_lambda-actions-eval,params_lambda-actions-train,params_lambda-frames-eval,params_lambda-frames-train,params_learning-rate,params_n-epochs,params_n-frames,params_radius-gw,params_rho,params_std-feats,params_ub-actions,params_ub-frames,params_weight-decay,state
1176,0.3799229085445404,2025-04-20 17:05:28.697018,2025-04-20 17:05:42.757590,0 days 00:00:14.060572,0.9758817083601714,0.06472354063841743,2,0.27344086771694154,0.08413082542647529,0.048552282935566134,0.08519220553731285,0.03501805432751298,0.09615972089504668,0.003715790151505734,11,116,0.08810944342981168,0.28319935341364794,False,False,False,8.1934310238528e-08,COMPLETE
1177,0.37350248694419863,2025-04-20 17:05:43.136753,2025-04-20 17:05:57.846808,0 days 00:00:14.710055,0.9217043968725613,0.043401169931414754,2,0.28364698900811464,0.07960394379015726,0.09691045746788125,0.0838912192128971,0.03722625926246771,0.09402333384910472,0.04074200401896849,12,120,0.0796255480355316,0.10959173977156178,False,False,False,5.042736022772964e-08,COMPLETE
1178,0.6663653969764709,2025-04-20 17:05:58.224744,2025-04-20 17:06:10.457980,0 days 00:00:12.233236,0.9537653032112202,0.062489385281520274,2,0.2690349290342056,0.07001077404098979,0.0934796943217009,0.08789427529298853,0.03209689651159709,0.09796968519317743,0.004783781114349927,8,112,0.019255899424096536,0.2882968962872849,False,False,False,9.73374118653828e-08,COMPLETE
1179,0.5470089435577392,2025-04-20 17:06:10.840658,2025-04-20 17:06:25.548327,0 days 00:00:14.707669,0.930924125030067,0.06839072633518775,2,0.2683819949499734,0.06808403279347067,0.0909542620120847,0.0907509111263731,0.03144775390255024,0.09977641294471991,0.006011717986541032,12,117,0.016772539990026997,0.27561782737874757,False,False,False,1.1609334523834333e-07,COMPLETE
1180,0.1048637866973877,2025-04-20 17:06:25.926365,2025-04-20 17:06:39.214401,0 days 00:00:13.288036,0.9492667836552445,0.0649475406881121,2,0.266816780177164,0.06757432770694122,0.09309895704450896,0.08730185706281857,0.03377924546586915,0.09800968472142606,0.002751093009086963,12,109,0.01920569281251949,0.280041236895755,False,False,True,1.1425011465813355e-07,COMPLETE
1181,0.6582929730415346,2025-04-20 17:06:39.596814,2025-04-20 17:06:53.772911,0 days 00:00:14.176097,0.9169703566714413,0.06781524447534922,2,0.2737874876305762,0.08869790221107703,0.03659743869698617,0.08895988250910711,0.030423955014312637,0.0998606816404066,0.004579363676468558,11,112,0.016835750790124938,0.2841058624432599,False,False,False,9.472409856422579e-08,COMPLETE
1182,0.10368565917015075,2025-04-20 17:06:54.155257,2025-04-20 17:07:07.373329,0 days 00:00:13.218072,0.9441929137537476,0.6841596427391965,2,0.2783345866147852,0.07230801116894874,0.09167948868832439,0.08791400504749486,0.03209907631021715,0.09750965154533633,0.07203124051209339,12,122,0.01762560114225694,0.2757630532067844,False,True,False,3.2011136548585585e-08,COMPLETE
1183,0.36538252830505374,2025-04-20 17:07:07.755898,2025-04-20 17:07:18.853392,0 days 00:00:11.097494,0.9557316676286355,0.0420928184140045,2,0.2687935408705057,0.08080960784018078,0.0911821532595001,0.086008520977293,0.028412404556111687,0.09609858101160566,0.008042911500577583,6,107,0.07454273716224868,0.28771427235904407,False,False,False,6.025219241651229e-08,COMPLETE
1184,0.4857790946960449,2025-04-20 17:07:19.233790,2025-04-20 17:07:31.015165,0 days 00:00:11.781375,0.511052086231379,0.728603667054408,2,0.2767262215735601,0.09080801133500441,0.0938072597280302,0.09316567337391794,0.0355782804672116,0.09755733758618602,0.004864865956688713,7,115,0.018787178028375356,0.27305502773683976,False,False,False,9.466324104111248e-08,COMPLETE
1185,0.5945831179618836,2025-04-20 17:07:31.398249,2025-04-20 17:07:43.796951,0 days 00:00:12.398702,0.9191747246667855,0.0660773509184093,2,0.2816370677594407,0.0686592239813774,0.09399604986979357,0.09124589686616214,0.04253171174121811,0.09625384040099358,0.030574161614156912,8,99,0.020808724578604176,0.28039336682450094,False,False,False,1.2765381555685376e-07,COMPLETE
1186,0.45895024538040163,2025-04-20 17:07:44.180559,2025-04-20 17:07:58.281009,0 days 00:00:14.100450,0.6095215740039477,0.02898895868078471,2,0.2775760790002832,0.07632759595556723,0.0908883798783525,0.0876954249019673,0.03329541238887107,0.09490917785157839,0.003598860298886996,11,119,0.016986119113958014,0.28843707548325986,False,False,False,4.628706535431938e-08,COMPLETE
1187,0.30392395257949834,2025-04-20 17:07:58.662165,2025-04-20 17:08:13.428340,0 days 00:00:14.766175,0.9350182014479906,0.05069308609897949,2,0.2704066377357768,0.2248008481628625,0.09314780371300536,0.08596280094261519,0.026359814265188682,0.09978738863846591,0.05649752249807913,12,113,0.018539863887445225,0.046290783777405156,True,False,False,7.49994219532925e-08,COMPLETE
1188,0.5089959979057312,2025-04-20 17:08:13.812544,2025-04-20 17:08:28.055576,0 days 00:00:14.243032,0.9619131436809553,0.010555998561709683,2,0.2836237146576106,0.08252168627889064,0.09579937776958182,0.08496171806119535,0.03018291159725084,0.09787588339337633,0.002948727586913887,11,117,0.020365611285927527,0.28291282001952683,False,False,False,5.7387119797340566e-08,COMPLETE
1189,0.5327537536621094,2025-04-20 17:08:28.440068,2025-04-20 17:08:42.570666,0 days 00:00:14.130598,0.981897032424536,0.061750140042122745,2,0.27414296382879966,0.08951082860156032,0.0011133072430386318,0.08958639850260298,0.02828959692453636,0.09622876907931434,0.0072516925945009525,11,110,0.01634643011052987,0.28912659726218437,False,False,False,9.082471089464415e-08,COMPLETE
1190,0.5986664891242981,2025-04-20 17:08:42.956240,2025-04-20 17:08:57.775230,0 days 00:00:14.818990,0.9485582001801386,0.031150987685099406,2,0.29278290029102405,0.07333759976617685,0.09488533578150707,0.08338966332778353,0.036942028111606774,0.0941812515970436,0.005966286007442886,12,123,0.019197648580974485,0.012799262270973721,False,False,False,4.068619505603861e-08,COMPLETE
1191,0.598840057849884,2025-04-20 17:08:58.162155,2025-04-20 17:09:10.501080,0 days 00:00:12.338925,0.9144212486903606,0.06827583588422506,2,0.2668383457832548,0.08190364037313508,0.09293237029339357,0.0899060731967074,0.03056293006490037,0.09832955830121862,0.01594874108098349,8,103,0.02042414591841042,0.2722796076446032,False,False,False,7.413752448486002e-08,COMPLETE
1192,0.35429484844207765,2025-04-20 17:09:10.887206,2025-04-20 17:09:25.009613,0 days 00:00:14.122407,0.9634605917342833,0.0452301066182445,2,0.2824443560985932,0.28044048647729836,0.09059772948330912,0.08820935791554388,0.034648285051879994,0.09559598412522256,0.009265736780240298,11,114,0.016489008569126024,0.2789219604504614,False,False,False,5.3269898181137864e-08,COMPLETE
1193,0.6853749036788941,2025-04-20 17:09:25.396365,2025-04-20 17:09:37.015567,0 days 00:00:11.619202,0.9295927856991479,0.0515735492373916,2,0.286627980442514,0.06691987007117524,0.015656349513582205,0.08611570425162865,0.03243167824798446,0.09772807994042419,0.005230260576194265,7,119,0.018745597354631736,0.285790270172515,False,False,False,1.0481713403027829e-07,COMPLETE
1194,0.43205013275146487,2025-04-20 17:09:37.415630,2025-04-20 17:09:50.296788,0 days 00:00:12.881158,0.4641841367528745,0.02944902288657215,2,0.27790420512688246,0.06695954294682574,0.01648568633022207,0.08955523809351215,0.026098844149366585,0.09444587902698102,0.004884446546784356,9,118,0.02120554955869486,0.2891178572192411,False,False,False,1.1869380198007384e-07,COMPLETE
1195,0.6255897879600525,2025-04-20 17:09:50.682617,2025-04-20 17:10:02.985939,0 days 00:00:12.303322,0.9134428018561909,0.06672598806370218,2,0.2736516079080767,0.06744602300770805,0.044198688036450544,0.08591116038856215,0.03242594792942395,0.09783758483940298,0.00653902586469969,8,111,0.01915443100507267,0.2885547112246283,False,False,False,9.16205825302143e-06,COMPLETE
1196,0.34386314153671266,2025-04-20 17:10:03.373474,2025-04-20 17:10:13.761416,0 days 00:00:10.387942,0.9275244143847364,0.010324568445594314,2,0.2879348952569478,0.06661380564729337,0.020605993176753504,0.08735906193001139,0.03600723757242598,0.09985477409029037,0.005347828926730247,5,106,0.020965418267429186,0.28474478894603134,False,False,False,1.0510853493421574e-07,COMPLETE
1197,0.30914011001586916,2025-04-20 17:10:14.151936,2025-04-20 17:10:28.850767,0 days 00:00:14.698831,0.9130229855651697,0.03754382279277703,2,0.28152200219190643,0.14921041941767263,0.0099967885954894,0.09270175359432511,0.04150638714306522,0.09451401429026003,0.025987386587113595,12,115,0.018964160365874335,0.2897340035875976,False,False,False,1.3097683246237643e-07,COMPLETE
1198,0.6598593711853028,2025-04-20 17:10:29.242347,2025-04-20 17:10:40.920752,0 days 00:00:11.678405,0.9328474610161507,0.07427275578905736,2,0.2669714140308254,0.07278294042635276,0.02285321294280743,0.08566239087690307,0.029679400443847294,0.09373743947423821,0.0044802981186890115,7,118,0.018431236539823866,0.2827122042490591,False,False,False,9.826116683834583e-05,COMPLETE
1199,0.5138558268547059,2025-04-20 17:10:41.308481,2025-04-20 17:10:53.039010,0 days 00:00:11.730529,0.9374950874559156,0.250048275010993,2,0.29380681990533164,0.06706331408718046,0.04095714457036026,0.08793283432296137,0.027705489981226773,0.09664348305665985,0.007897953425045366,7,112,0.020777035143965224,0.2912194788128412,False,False,False,9.751729406251717e-08,COMPLETE
1200,0.08484406471252443,2025-04-20 17:10:53.425040,2025-04-20 17:11:03.477895,0 days 00:00:10.052855,0.9125338310013413,0.047089715510778604,2,0.28334976712273546,0.07448146669827456,0.09735367616780037,0.08190292869006534,0.033867231417393326,0.09587912646322581,0.0024749967193095227,6,108,0.01633367199328467,0.2857637957276538,False,False,True,1.3147814018584825e-07,COMPLETE
1201,0.3990792155265808,2025-04-20 17:11:03.865133,2025-04-20 17:11:15.528690,0 days 00:00:11.663557,0.9445209973383831,0.4137691873548403,2,0.27603941050978176,0.07398953454750955,0.03346943959602705,0.08425192587537497,0.02542749797248774,0.09361328245944553,0.005496994345643011,7,115,0.018584855280939675,0.29048319177250576,False,False,False,3.111088271868382e-08,COMPLETE
1202,0.6089899897575378,2025-04-20 17:11:15.918719,2025-04-20 17:11:27.517332,0 days 00:00:11.598613,0.9323842834681789,0.07045897151643313,2,0.2872432250781934,0.06621719039920376,0.004624523764194024,0.09138838739041164,0.03209254570303363,0.09812571145300931,0.01193171280571679,7,120,0.021328434864299858,0.274399718974344,False,False,False,8.790005341886599e-08,COMPLETE
1203,0.23868013620376588,2025-04-20 17:11:27.905228,2025-04-20 17:11:38.949571,0 days 00:00:11.044343,0.9844627903448011,0.02647061200726291,2,0.2944844450501017,0.07706273052199128,0.018035560495271198,0.08666026499305964,0.026888210518014866,0.09559614461477842,0.04015351031771182,8,113,0.016424520709761407,0.28282673931765206,False,True,False,3.9797814364979605e-08,COMPLETE
1204,0.45719823837280277,2025-04-20 17:11:39.342786,2025-04-20 17:11:51.731341,0 days 00:00:12.388555,0.9498121958518367,0.3691880271860739,2,0.299972366218431,0.06909439849362331,0.007897020438272163,0.08217781976112964,0.03820494759406942,0.09989614202938854,0.004051424581898214,8,117,0.03447734029432867,0.27819095652976844,False,False,False,5.8845737578802285e-08,COMPLETE
1205,0.2733094811439514,2025-04-20 17:11:52.121469,2025-04-20 17:12:03.780494,0 days 00:00:11.659025,0.9679534839222215,0.04987780240500542,2,0.2793770804725198,0.17257978803132779,0.09686596911185909,0.08421576267942255,0.029476927908864633,0.0940389081037196,0.007163880887064185,7,111,0.019094278751004452,0.28980840365161725,False,False,False,1.3160478152000477e-07,COMPLETE
1206,0.6253189325332642,2025-04-20 17:12:04.170485,2025-04-20 17:12:15.452128,0 days 00:00:11.281643,0.9109743277179507,0.027862556767628235,2,0.27288544006172105,0.08678737154344279,0.09575661248172983,0.08884289215773103,0.03565234332775215,0.09668228333852921,0.0024563005253746342,6,123,0.02111249500975167,0.2845160315385859,True,False,False,1.0207110826174698e-07,COMPLETE
1207,0.5333336710929871,2025-04-20 17:12:15.841474,2025-04-20 17:12:30.569828,0 days 00:00:14.728354,0.9822489657671373,0.07072258884902663,2,0.2874737110600232,0.07860492790117629,0.09275412226688103,0.08168173502885379,0.03270817748496952,0.09341478760932145,0.003060552447216475,12,115,0.01706337817975316,0.29088315672505677,False,False,False,6.622226743426377e-08,COMPLETE
1208,0.3016442596912384,2025-04-20 17:12:30.959497,2025-04-20 17:12:43.289218,0 days 00:00:12.329721,0.9339072719736008,0.05395294064896176,2,0.28197305889322005,0.19977835801900695,0.09778979169260288,0.096701720970844,0.027873583594062955,0.09795265741295056,0.0353406183336536,8,109,0.018378220013534233,0.27266460737188003,False,False,False,4.5674698798467956e-08,COMPLETE
1209,0.6211803913116456,2025-04-20 17:12:43.679589,2025-04-20 17:12:54.745507,0 days 00:00:11.065918,0.9580323747703182,0.04712231512609818,2,0.26698701280557396,0.07219707956177848,0.09472220891000073,0.09489653263305901,0.025199496407087192,0.09552347693300454,0.0054794215522779655,6,118,0.01631541386815175,0.28079478843782707,False,False,False,8.6870871611709e-08,COMPLETE
1210,0.611338222026825,2025-04-20 17:12:55.133500,2025-04-20 17:13:08.733590,0 days 00:00:13.600090,0.9631508225354066,0.07128123709559911,2,0.29184033805162246,0.09169500810792268,0.09084828833435452,0.08583069197737457,0.030947809607209817,0.09295082521856217,0.0041899491469318305,10,113,0.020965138532677688,0.28529274370011937,False,False,False,7.686934861158262e-08,COMPLETE
1211,0.3704434812068939,2025-04-20 17:13:09.123672,2025-04-20 17:13:22.100297,0 days 00:00:12.976625,0.9138337261355054,0.024675671306876826,2,0.2786339191407989,0.2934463260445541,0.007526954414646285,0.09127169015077297,0.030233121582220704,0.0978841616448646,0.002316162021678256,9,120,0.01916706753358505,0.2906568226877137,False,False,False,1.5351588037367696e-05,COMPLETE
1212,0.6565023779869079,2025-04-20 17:13:22.489590,2025-04-20 17:13:37.212144,0 days 00:00:14.722554,0.9996120736807501,0.05226805435229184,2,0.27158386307875104,0.08285878694595819,0.03878353527147964,0.08336558106649473,0.034863598235077294,0.0958469469218953,0.0038236566242411084,12,105,0.022019673728686986,0.27767760000724656,False,False,False,5.184205076202595e-08,COMPLETE
1213,0.6197961211204529,2025-04-20 17:13:37.614852,2025-04-20 17:13:48.805124,0 days 00:00:11.190272,0.9482805856062384,0.06831679929899936,2,0.28720178895693016,0.06647504154135717,0.026491252608324,0.0816504093848875,0.024712642524188998,0.09329880633731644,0.009443825459597023,6,110,0.0160676030879335,0.2915949457764294,False,False,False,6.070018411247218e-06,COMPLETE
1214,0.49228708744049077,2025-04-20 17:13:49.199776,2025-04-20 17:14:00.950024,0 days 00:00:11.750248,0.9278275582347558,0.031027742257719586,2,0.2828990937918817,0.07652392366166808,0.013179162330190732,0.08688351866070936,0.03299307374700211,0.09802355922481086,0.04510708921141707,7,116,0.019675777355298935,0.2847038785448796,False,False,False,3.2413048553667363e-08,COMPLETE
1215,0.47304178476333625,2025-04-20 17:14:01.343305,2025-04-20 17:14:15.555042,0 days 00:00:14.211737,0.9771977830986514,0.5417242171486975,2,0.29408703868986263,0.08755472632086758,0.09776155196633138,0.08473928097400783,0.02669455828386494,0.09544376586733082,0.004897944891156778,11,113,0.01795920232716755,0.2767623246834759,False,False,False,1.3291798895403267e-07,COMPLETE
1216,0.47496342062950136,2025-04-20 17:14:15.951285,2025-04-20 17:14:30.043674,0 days 00:00:14.092389,0.1278014040951463,0.04306127268577382,2,0.27609547795469097,0.07287415741993464,0.05620272971771474,0.08997054862182,0.028666150027153316,0.09417362534225279,0.0030180477107094204,11,122,0.041584976831227964,0.2896205900088905,False,False,False,6.477174965956723e-08,COMPLETE
1217,0.30839574933052066,2025-04-20 17:14:30.437002,2025-04-20 17:14:45.169458,0 days 00:00:14.732456,0.9456799091340543,0.07467626717295725,2,0.28774569110019255,0.08174832893512068,0.05049170590345924,0.08215360184715272,0.037315096367270935,0.09631991918690122,0.053482551154656006,12,116,0.06258853159335975,0.2727020506448021,False,False,False,1.0032245199301684e-07,COMPLETE
1218,0.08169634640216827,2025-04-20 17:14:45.563459,2025-04-20 17:14:57.770153,0 days 00:00:12.206694,0.979163674305418,0.05009206739796972,2,0.2709182098018623,0.08962362070977169,0.011763640158012402,0.0846802554512466,0.03407332299735522,0.09855686390785565,0.023460764463972484,10,119,0.020585126539938124,0.28415837923582865,False,False,True,7.873606810134873e-08,COMPLETE
1219,0.3946612119674683,2025-04-20 17:14:58.161693,2025-04-20 17:15:12.201887,0 days 00:00:14.040194,0.9638621313039089,0.010054484028872039,2,0.2825547493778616,0.07926204096660354,0.09604111352195738,0.08089126329818361,0.023881445894233508,0.09297456755346664,0.006615825517265648,11,107,0.017959072009233995,0.29151474694348156,False,False,False,3.959528376296933e-08,COMPLETE
1220,0.09093926399946214,2025-04-20 17:15:12.594309,2025-04-20 17:15:25.707975,0 days 00:00:13.113666,0.3599299706366694,0.028695111924007675,2,0.29131990006922204,0.18881574674040968,0.045818869904878386,0.08799322100965004,0.03196351223250738,0.09980931690329203,0.0035511122702767462,12,111,0.016097417882957564,0.2804428536345953,False,True,False,4.7082478610726734e-08,COMPLETE
1221,0.6040501832962036,2025-04-20 17:15:26.101248,2025-04-20 17:15:40.345830,0 days 00:00:14.244582,0.931889942421079,0.06979289819926854,2,0.2763719512536899,0.06782020235606741,0.09379748688987743,0.08568952065667082,0.039971173166801585,0.09612390797627227,0.03256454337246156,11,114,0.021975067153427296,0.28561550835389676,False,False,False,1.081721874540549e-07,COMPLETE
1222,0.6264619827270508,2025-04-20 17:15:40.741192,2025-04-20 17:15:54.384833,0 days 00:00:13.643641,0.9493840645929128,0.053209825541549634,2,0.29472893193924876,0.08418689158676528,0.09286711941569352,0.09365069350239233,0.029046950755939983,0.09412932724430664,0.00240832633481808,10,118,0.01877076011991932,0.2907545275881708,False,False,False,6.079142834457655e-08,COMPLETE
1223,0.5675478458404541,2025-04-20 17:15:54.780957,2025-04-20 17:16:09.487667,0 days 00:00:14.706710,0.9089296102063925,0.03918205283813085,2,0.26483871917395907,0.07402482717824181,0.09088496695361198,0.08357357278539838,0.02427763806358134,0.09204116378391555,0.005709586383394031,12,108,0.016342978538969155,0.27804015168049695,False,False,False,8.144496954861493e-08,COMPLETE
1224,0.4504823207855225,2025-04-20 17:16:09.883466,2025-04-20 17:16:22.838776,0 days 00:00:12.955310,0.9790615602044535,0.07337302953823077,2,0.2826644280336045,0.09010243290700196,0.0630098625794439,0.08124830178485526,0.030597611874725386,0.09714640388154003,0.004442757559338007,9,92,0.020420053019124286,0.2726495351545472,False,False,False,0.0001382586490114542,COMPLETE
1225,0.5628132939338685,2025-04-20 17:16:23.234068,2025-04-20 17:16:37.475920,0 days 00:00:14.241852,0.9345462348135827,0.05393051080588296,2,0.28839078695083137,0.08065468429779896,0.09631402089176758,0.08821036137404135,0.027000797142248706,0.09995328353836219,0.003032994214909126,11,121,0.022720579805653632,0.2919523761823746,True,False,False,1.3135635200815357e-07,COMPLETE
1226,0.4871896862983704,2025-04-20 17:16:37.869089,2025-04-20 17:16:51.489364,0 days 00:00:13.620275,0.9622520810417788,0.9254631944202549,2,0.29995189045122217,0.07001151065229565,0.09806984405965372,0.08133843168848438,0.0326437586008769,0.094991772499363,0.0037821890193436495,10,113,0.01825895039345124,0.28424129687402416,False,False,False,6.142902794943501e-08,COMPLETE
1227,0.5330984592437744,2025-04-20 17:16:51.881292,2025-04-20 17:17:05.986524,0 days 00:00:14.105232,0.9832500701432204,0.03325303515452015,2,0.27739056909895227,0.0932407870350776,0.02451185039444018,0.08380143925292817,0.03490707740755566,0.09253542933275843,0.0020978425851090037,11,116,0.016572150401034314,0.29229041363802033,False,False,False,3.620353989356116e-08,COMPLETE
1228,0.6020329833030701,2025-04-20 17:17:06.379567,2025-04-20 17:17:18.678308,0 days 00:00:12.298741,0.9137614460409109,0.0726155033195951,2,0.2701615060375462,0.08577277086463414,0.09485231831314686,0.08592671982209622,0.03620090280761613,0.09788779293794293,0.0025672911752858195,8,123,0.02044244894274079,0.2816675190905699,False,False,False,4.8139693495032826e-08,COMPLETE
1229,0.6874725341796876,2025-04-20 17:17:19.073791,2025-04-20 17:17:30.863761,0 days 00:00:11.789970,0.9995598462567774,0.055368349788187575,2,0.28344939968363575,0.07691427556322838,0.06610065498579962,0.09990896461339258,0.02323139580227071,0.0944223711728927,0.0048848611670101036,7,110,0.01839989709109628,0.2858946614778824,False,False,False,9.303845444358924e-08,COMPLETE
1230,0.27712629437446595,2025-04-20 17:17:31.258609,2025-04-20 17:17:43.004529,0 days 00:00:11.745920,0.9868494750805201,0.010522592936048694,2,0.28889863439844693,0.06708636020652019,0.06573050215160617,0.0970899311498016,0.025587917260608273,0.09643565844350474,0.005775607202963602,7,105,0.015918578347182948,0.27229214128361456,False,False,False,9.81610606625552e-08,COMPLETE
1231,0.48673371076583866,2025-04-20 17:17:43.401544,2025-04-20 17:17:55.034408,0 days 00:00:11.632864,0.9611814072557093,0.0292625353189299,2,0.2848336995499845,0.07382386701988294,0.09115855874521378,0.09536387557773611,0.024058684589918694,0.09997135878661219,0.005127404954933177,7,109,0.018165157163540703,0.2794624097145208,False,False,False,1.0959583270632919e-07,COMPLETE
1232,0.6208313822746278,2025-04-20 17:17:55.429088,2025-04-20 17:18:07.122634,0 days 00:00:11.693546,0.9863641242705131,0.043678333611388565,2,0.2921899348294128,0.0688223652284215,0.029078624672897894,0.09948647821998745,0.026241976229120126,0.09490460840025293,0.007381522229498174,7,119,0.015863922079787422,0.2766840534855784,False,False,False,1.3131148840092131e-07,COMPLETE
