number,value,datetime_start,datetime_complete,duration,params_alpha-eval,params_alpha-train,params_batch-size,params_eps-eval,params_eps-train,params_lambda-actions-eval,params_lambda-actions-train,params_lambda-frames-eval,params_lambda-frames-train,params_learning-rate,params_n-epochs,params_n-frames,params_radius-gw,params_rho,params_std-feats,params_ub-actions,params_ub-frames,params_weight-decay,state
454,0.26272489428520207,2025-04-06 22:26:52.218985,2025-04-06 22:27:02.556974,0 days 00:00:10.337989,0.3349309865047195,0.04538380804934326,8,0.10845610908125672,0.025114236904966725,0.029504595969172414,0.07625349016841675,0.031050013687520434,0.07557597355419977,0.006525362005787864,25,20,0.0694465066448226,0.12698025514667843,False,False,False,1.9505922430568663e-06,COMPLETE
455,0.5075223922729493,2025-04-06 22:27:02.696233,2025-04-06 22:27:13.279606,0 days 00:00:10.583373,0.18710132433801097,0.01028710517880678,8,0.13472335902395205,0.07809246994881347,0.031253006484927556,0.06635091747479244,0.04078024244077733,0.07353707492322983,0.011953836992314709,26,66,0.07116854325684256,0.1639243214723165,True,False,False,1.2505232958052438e-06,COMPLETE
456,0.5393220901489258,2025-04-06 22:27:13.422871,2025-04-06 22:27:23.919636,0 days 00:00:10.496765,0.21132801894666073,0.4890605611760086,8,0.12109068580552071,0.04116921759676753,0.03290449394349731,0.07355072217174136,0.030685060823634158,0.07414191716729884,0.009284574677911403,26,85,0.07244842517172168,0.04445600248833047,False,False,False,3.223858924868151e-07,COMPLETE
457,0.09287265092134477,2025-04-06 22:27:24.072101,2025-04-06 22:27:43.484176,0 days 00:00:19.412075,0.025567408894400664,0.07536528057283885,2,0.11443549584620577,0.21136919058952855,0.03413479199917886,0.06924383466018239,0.03655437475042242,0.06738053604362361,0.005848493530463062,25,61,0.07407029001867867,0.15202614017942737,False,False,True,2.2261080473639045e-08,COMPLETE
458,0.36375008821487426,2025-04-06 22:27:43.624682,2025-04-06 22:27:53.247443,0 days 00:00:09.622761,0.3303151565236122,0.035017091885643566,8,0.10091813105284687,0.03493644695056999,0.03559468205738309,0.07251501586464179,0.027812551498410828,0.07134633215378441,0.003866381286196054,27,81,0.08444903993865094,0.11717792891365045,False,True,False,6.515042352367521e-07,COMPLETE
459,0.5860982060432434,2025-04-06 22:27:53.392589,2025-04-06 22:28:03.414189,0 days 00:00:10.021600,0.18048861019561097,0.04996144249651796,8,0.28980188257125167,0.050803441576924985,0.03841551316459678,0.0756581800018485,0.04246502623426991,0.07712685613125583,0.007550533289629741,22,93,0.0751980880375115,0.07860179940521772,True,False,False,4.0221308528667493e-07,COMPLETE
460,0.4261964321136475,2025-04-06 22:28:03.565651,2025-04-06 22:28:13.752485,0 days 00:00:10.186834,0.36372765630016257,0.024314700997646797,8,0.028943043576966816,0.2666515418502108,0.037331337337143694,0.0709669857983106,0.07883974654159677,0.07882964105882675,0.004969497986170901,24,68,0.06886687556896902,0.16441990558928193,False,False,False,1.1538169768187516e-06,COMPLETE
461,0.5115537762641907,2025-04-06 22:28:13.894895,2025-04-06 22:28:35.533290,0 days 00:00:21.638395,0.15367692431625035,0.1066063673456112,2,0.09978376102564505,0.044751638861329365,0.09054978131300483,0.06723580308524622,0.04345708269285074,0.07383187161297544,0.002838327876398686,29,71,0.08057792444200569,0.10401731378987178,False,False,True,2.2018526739484603e-06,COMPLETE
462,0.2922186553478241,2025-04-06 22:28:35.675181,2025-04-06 22:28:44.757866,0 days 00:00:09.082685,0.30353844531144764,0.059259560420368826,8,0.15743329727597577,0.04198323165553444,0.03921395018724805,0.07389367650435628,0.03963302054189018,0.0765858077402022,0.009923379834457607,23,23,0.07657777634056802,0.19027283384487495,False,True,False,5.098323680483993e-07,COMPLETE
463,0.5456014037132264,2025-04-06 22:28:44.910503,2025-04-06 22:28:55.246129,0 days 00:00:10.335626,0.2034732231656618,0.029573171149143963,8,0.10383857874131809,0.06253998742721714,0.05776212910706496,0.07808901991860692,0.033410644380372355,0.08045845475885412,0.005706592468572854,24,87,0.08548020875034007,0.06738926545976205,True,False,False,7.735234483961137e-07,COMPLETE
464,0.6022656798362732,2025-04-06 22:28:55.388809,2025-04-06 22:29:05.552154,0 days 00:00:10.163345,0.23197231539016977,0.07657148446707028,8,0.005206507292932549,0.03577640717547573,0.03268885313499994,0.06917641705846314,0.035890658295538884,0.08218680772328427,0.007370476971737511,25,75,0.07385098381762466,0.1563490591412479,False,False,False,1.5039582282954828e-06,COMPLETE
465,0.637593686580658,2025-04-06 22:29:05.706048,2025-04-06 22:29:26.731583,0 days 00:00:21.025535,0.19178267910782934,0.043784517574575264,2,0.022877459465298934,0.026215366603739215,0.040567383167712565,0.07181271406393032,0.08206372596167721,0.0779023850749228,0.012178457248172082,23,82,0.07947633175722145,0.14632671254823537,False,False,False,1.2317598291856646e-06,COMPLETE
466,0.09159234166145325,2025-04-06 22:29:26.873717,2025-04-06 22:29:44.848804,0 days 00:00:17.975087,0.2875972035816579,0.06156795287419884,2,0.027220886731151635,0.02692050671404768,0.03538962958496485,0.0011604952874670477,0.0840141321878631,0.07537358152111852,0.0032755028073675205,22,83,0.08292527318267183,0.17500270514461397,False,True,True,9.995282220064394e-07,COMPLETE
467,0.586840307712555,2025-04-06 22:29:44.993299,2025-04-06 22:30:06.075822,0 days 00:00:21.082523,0.3353764404105453,0.30921211615497585,2,0.019074406848723403,0.028192191109357063,0.055031802630759546,0.07354378377333706,0.0852969453899981,0.07828756633082291,0.00420259430376431,23,86,0.079259718757977,0.18253961156367673,False,False,False,5.541214586318344e-07,COMPLETE
468,0.5305575728416443,2025-04-06 22:30:06.231064,2025-04-06 22:30:26.629568,0 days 00:00:20.398504,0.15322933097283117,0.010379207873672212,2,0.033893470455203134,0.024009423199080095,0.09426325333403252,0.07643354383142154,0.08175150138579683,0.0723202356627614,0.01191302978032263,22,82,0.08088257709437911,0.16041744774014294,True,False,False,7.247780649735246e-07,COMPLETE
469,0.6049123048782349,2025-04-06 22:30:26.773802,2025-04-06 22:30:47.583526,0 days 00:00:20.809724,0.22301508475344556,0.048343851891981884,2,0.02538722212090875,0.030294280177403342,0.04026759008827154,0.07180809518146622,0.08084478212126388,0.06932871376220388,0.01315478884975006,23,66,0.07874026105232056,0.15195523597950297,False,False,False,1.0297418922058544e-06,COMPLETE
470,0.27928524017333983,2025-04-06 22:30:47.731739,2025-04-06 22:31:09.773476,0 days 00:00:22.041737,0.8417933221276039,0.08366261839592495,2,0.1471834915770614,0.05290575914004262,0.04328547270395609,0.08206608430460692,0.08208353884321389,0.07790800653446278,0.002439763200006902,30,90,0.08269205232630412,0.17086746904325895,False,False,True,1.9284663940997056e-06,COMPLETE
471,0.18063128888607027,2025-04-06 22:31:09.927476,2025-04-06 22:31:28.303760,0 days 00:00:18.376284,0.18125319927149033,0.04447128510486703,2,0.022340354996587118,0.024841521311326248,0.037813520592289644,0.06618875596488087,0.0839985038619945,0.07526802100676268,0.0017377690063179875,23,70,0.0442961720607488,0.16441473095215403,False,True,False,3.924903071571392e-07,COMPLETE
472,0.4550803661346436,2025-04-06 22:31:28.449406,2025-04-06 22:31:51.853701,0 days 00:00:23.404295,0.24261905356492386,0.10189448718485909,2,0.034856451643802966,0.07075274891109791,0.05183014826284449,0.07486168057683086,0.08783125646810655,0.07379512048452187,0.00474885800075011,27,77,0.08662313098670206,0.26035373869149553,True,False,False,2.561498867199057e-07,COMPLETE
473,0.45607972145080566,2025-04-06 22:31:52.000205,2025-04-06 22:32:12.228524,0 days 00:00:20.228319,0.26134276520752053,0.010315698647658272,2,0.019639335485138215,0.04721370155427381,0.04903405533970939,0.06867911409218273,0.08097755735163557,0.07635634230115233,0.005855728384809008,22,84,0.07743179215421249,0.14592220737385603,False,False,False,8.522648479851062e-07,COMPLETE
474,0.5517187595367432,2025-04-06 22:32:12.383315,2025-04-06 22:32:30.924142,0 days 00:00:18.540827,0.19452273524796018,0.06090948863464268,2,0.13033925567169571,0.03377222847735449,0.039953002469721735,0.07029040689247626,0.07715447258603875,0.07981106487662308,0.008373491498083694,23,74,0.08038525318146497,0.13268859480276624,False,False,True,3.5136519996974367e-06,COMPLETE
475,0.38082146644592285,2025-04-06 22:32:31.072424,2025-04-06 22:32:50.065488,0 days 00:00:18.993064,0.510676445400968,0.03014863015632312,2,0.09703935314467302,0.041334299670796104,0.043135844927991135,0.07296759280254579,0.030256554122405348,0.08779105561049758,0.00391097127347386,24,81,0.0764303266510051,0.15571019011635254,False,True,False,2.653183938028588e-06,COMPLETE
476,0.30085915923118595,2025-04-06 22:32:50.223711,2025-04-06 22:33:14.230465,0 days 00:00:24.006754,0.7995852221315143,0.04174295747079685,2,0.11800238781833547,0.05933206082689867,0.05261135122191424,0.034726218834234185,0.07986814931329332,0.09034555105871582,0.006672522231606434,28,62,0.08209779110729432,0.23804083885776275,True,False,False,2.6119232506793704e-08,COMPLETE
477,0.5447733640670777,2025-04-06 22:33:14.377396,2025-04-06 22:33:24.782701,0 days 00:00:10.405305,0.2985626433942693,0.4237511469233035,8,0.012529030715014261,0.04724010425563256,0.046225521866444845,0.07859874043785753,0.027119399094517948,0.08565261249477636,0.0048816092936918125,26,87,0.0838224815437068,0.08626851990001186,False,False,False,6.01733004614992e-07,COMPLETE
478,0.5960645198822022,2025-04-06 22:33:24.929308,2025-04-06 22:33:49.272422,0 days 00:00:24.343114,0.21334159374894276,0.07712641827215103,2,0.02929939659329174,0.02315904420321993,0.0404383971034592,0.07536060201129244,0.03278672725639968,0.07033313679299814,0.012483577899462295,29,71,0.07915154505499053,0.24678762783523256,False,False,False,1.3858847562514906e-06,COMPLETE
479,0.3537482023239136,2025-04-06 22:33:49.429735,2025-04-06 22:33:59.020035,0 days 00:00:09.590300,0.429968009662387,0.7368500803782436,8,0.006828123857748327,0.03514975130851893,0.050371686611218824,0.06783282504387987,0.03489762566158691,0.07767142757295127,0.007502440734723694,25,78,0.0773787287260826,0.17969653954558185,False,True,True,1.0691215817181877e-06,COMPLETE
480,0.4819324254989624,2025-04-06 22:33:59.166920,2025-04-06 22:34:09.331386,0 days 00:00:10.164466,0.04317776512812683,0.02834638613779418,8,0.16504433560358367,0.052587950563350395,0.05674895629706533,0.07171581432799062,0.09977230116296384,0.0504657444431491,0.005428669059978048,23,16,0.08118124012258027,0.1411140268313624,False,False,False,7.749972001879155e-07,COMPLETE
481,0.42540779113769533,2025-04-06 22:34:09.481071,2025-04-06 22:34:31.148494,0 days 00:00:21.667423,0.23599830461674923,0.0493909450767029,2,0.016560415641264294,0.2322601213903907,0.09096423939413513,0.08385430291726825,0.07883836625097478,0.08011269315660674,0.003182104466753027,24,68,0.07600672702290742,0.16932908616706122,True,False,False,4.662773426109501e-07,COMPLETE
482,0.615182375907898,2025-04-06 22:34:31.306492,2025-04-06 22:34:42.428993,0 days 00:00:11.122501,0.1621552384692599,0.06272387694050278,8,0.1527439880242239,0.04181993112345693,0.04472353134426982,0.07004470831783599,0.03021572107352129,0.08368175085928745,0.004103914238875464,30,64,0.04852089936261269,0.15171659048055208,False,False,False,1.6439216677764935e-06,COMPLETE
483,0.5070038080215454,2025-04-06 22:34:42.578943,2025-04-06 22:34:51.660503,0 days 00:00:09.081560,0.6665445823990466,0.03192800000617909,8,0.10612562115619611,0.0655512858777337,0.037039875801739425,0.0739368902014541,0.032515285466249474,0.08768066832990791,0.010060908342759708,22,84,0.07953742472142038,0.16079182076654444,False,False,True,9.59238220479251e-07,COMPLETE
484,0.4810560345649719,2025-04-06 22:34:51.822505,2025-04-06 22:35:00.890521,0 days 00:00:09.068016,0.27763851497864694,0.01054936408880357,8,0.023743218509265803,0.030026254985902313,0.04191778074912013,0.07715918043259933,0.036829922136199685,0.07265514216078277,0.00642429178871307,23,74,0.08526575157254054,0.17423922758900687,False,True,False,6.701982017157195e-07,COMPLETE
485,0.5345958590507508,2025-04-06 22:35:01.040659,2025-04-06 22:35:23.294410,0 days 00:00:22.253751,0.17927905698627214,0.04614893574315146,2,0.009963625699494402,0.05329578120080826,0.09649669078618016,0.06639534491812499,0.0829364189003324,0.0021606710038565083,0.008093951418836207,25,98,0.07476467555249118,0.16708244475450415,True,False,False,1.150376641086727e-06,COMPLETE
486,0.09159234166145325,2025-04-06 22:35:23.445043,2025-04-06 22:35:32.019582,0 days 00:00:08.574539,0.25791561135840546,0.07748686509676575,8,0.0006694333105978188,0.04660581466780232,0.048420271435782807,0.07238899031309728,0.037959846694568075,0.07524570675946532,0.004485537904040627,16,81,0.07827677732589114,0.14793540437990835,False,False,False,5.158862111015076e-07,COMPLETE
487,0.3850187122821808,2025-04-06 22:35:32.180583,2025-04-06 22:35:41.468131,0 days 00:00:09.287548,0.21888409732704472,0.028854026231919933,8,0.015543896251650221,0.03773318091764364,0.05323152732130394,0.08076669912122994,0.034804469918725316,0.013666967855256416,0.005469902397321786,24,88,0.06577531703118068,0.17788524568244532,False,False,True,8.338420711359166e-07,COMPLETE
488,0.19247271716594697,2025-04-06 22:35:41.620486,2025-04-06 22:35:50.810008,0 days 00:00:09.189522,0.19995576434194728,0.09069756190810405,8,0.021626037817852002,0.05643831404005452,0.0926724326286171,0.06971621747629922,0.0282386366736188,0.08539260499487027,0.003539628183861099,24,77,0.040065237208067414,0.19032137406316516,False,True,False,2.0815711077043092e-08,COMPLETE
489,0.6521197080612183,2025-04-06 22:35:50.959701,2025-04-06 22:36:14.495848,0 days 00:00:23.536147,0.35191000902925196,0.06536257203430516,2,0.140858394213282,0.04206143031100551,0.03950357886967159,0.07506501668946265,0.0305854623722033,0.08136908129875033,0.010867371046822822,27,91,0.08335538485175874,0.13844311317636976,True,False,False,3.49862394654393e-07,COMPLETE
490,0.6027031421661377,2025-04-06 22:36:14.656647,2025-04-06 22:36:38.240397,0 days 00:00:23.583750,0.37362730586266535,0.09923033705489685,2,0.15233769969998776,0.032277668732809496,0.03862950203835988,0.0767805161153415,0.029745747689863475,0.07808668284245635,0.013945432762010332,27,94,0.08413650745532193,0.1341402737976686,True,False,False,3.676782311735099e-07,COMPLETE
491,0.5924331188201905,2025-04-06 22:36:38.392159,2025-04-06 22:37:02.748629,0 days 00:00:24.356470,0.3592902824145473,0.0692906590430624,2,0.13356763522445136,0.04025683142849206,0.03555506456323121,0.07986972395800677,0.026136771708844347,0.08063504254827382,0.011011398549860467,28,91,0.08266194079852819,0.1398834016468183,True,False,False,5.167608648849788e-07,COMPLETE
492,0.5409507989883423,2025-04-06 22:37:02.912276,2025-04-06 22:37:23.662775,0 days 00:00:20.750499,0.3915144823888324,0.06187852645754206,2,0.13689081830069819,0.022259474246812593,0.03935570018606213,0.07397106590924048,0.030886546383537695,0.08189609055839624,0.015624405888574649,27,88,0.08643458917257339,0.1354651074355881,True,False,True,3.188923274233228e-07,COMPLETE
493,0.3113555610179901,2025-04-06 22:37:23.813954,2025-04-06 22:37:44.911529,0 days 00:00:21.097575,0.3395267497580361,0.11367149525466896,2,0.14413303434178715,0.09146823212435246,0.036792523237645015,0.07545117192081444,0.02746285150882383,0.07907751613274248,0.012733923743283356,28,93,0.0820908809384034,0.12688033522702916,True,True,False,2.461380060065616e-07,COMPLETE
494,0.5744642734527589,2025-04-06 22:37:45.063445,2025-04-06 22:38:08.744904,0 days 00:00:23.681459,0.3463421622529535,0.08792238435110158,2,0.14054559331309918,0.03433939299776538,0.040509171789170725,0.06791741074175754,0.03197078098370859,0.07677472410324566,0.008696735714613131,27,98,0.08371415754875032,0.14127237601081716,True,False,False,3.5806660092601303e-07,COMPLETE
495,0.45694332718849184,2025-04-06 22:38:08.906672,2025-04-06 22:38:32.503387,0 days 00:00:23.596715,0.3260856073139285,0.05366594113244037,2,0.14876342442009,0.04350133643476617,0.03325406322727103,0.07093881757822701,0.02918339484879041,0.074322263022709,0.009956349698395095,27,91,0.08689394875636303,0.1482597651979457,True,False,False,4.4402353789589224e-07,COMPLETE
496,0.5484260559082031,2025-04-06 22:38:32.655422,2025-04-06 22:38:52.634538,0 days 00:00:19.979116,0.13767820830008232,0.04465254295007853,2,0.1250541625395929,0.0280591945408245,0.042320599937440535,0.07735876733555212,0.085779326495639,0.08280772505683992,0.011855278732647976,26,59,0.0815065160005096,0.1442550945930171,True,False,True,2.570969403750076e-08,COMPLETE
497,0.2887206494808197,2025-04-06 22:38:52.786248,2025-04-06 22:39:13.752643,0 days 00:00:20.966395,0.17406892952930234,0.06682055950641794,2,0.13753095485447914,0.04147683447014543,0.039456309318060205,0.06558587557627184,0.026138436957968626,0.07980223681451737,0.008789035269852257,28,68,0.0799627588200637,0.15644746220350852,True,True,False,2.8673133051555977e-07,COMPLETE
498,0.5469293832778931,2025-04-06 22:39:13.915509,2025-04-06 22:39:36.923330,0 days 00:00:23.007821,0.013006909173492634,0.030756114933931843,2,0.03302069761213383,0.04769612319848161,0.026235587521695282,0.0871855394456812,0.033599724972198874,0.07157165947873512,0.010937532079185089,26,71,0.08087844041231505,0.13006328806907747,True,False,False,6.928265893492275e-07,COMPLETE
499,0.4544165074825287,2025-04-06 22:39:37.078530,2025-04-06 22:39:59.634070,0 days 00:00:22.555540,0.2151266587358893,0.660073833721698,2,0.1295824546139888,0.03678789335602817,0.08931964589920718,0.07427905098195278,0.030944003535354012,0.07691971538315327,0.0020320211456890122,26,26,0.045531091120194066,0.054900032085767374,True,False,False,3.481390680800913e-07,COMPLETE
500,0.621180260181427,2025-04-06 22:39:59.798050,2025-04-06 22:40:23.419320,0 days 00:00:23.621270,0.23767358535467617,0.08096864400457825,2,0.14535510518605646,0.023139797123083408,0.037312149561408145,0.07247756954938947,0.037757862365295866,0.08151599879964964,0.01488312842801441,27,84,0.08492223756073464,0.14845264178859402,True,False,False,6.047317861760568e-07,COMPLETE
501,0.47984058260917667,2025-04-06 22:40:23.573700,2025-04-06 22:40:45.017039,0 days 00:00:21.443339,0.4050868894970626,0.045171675678167454,2,0.08592154772054458,0.03054610696772005,0.0950135910199038,0.07537025977210797,0.03996951008466251,0.09011665322428969,0.007393126378245854,28,65,0.07617494749193474,0.13903064923391267,True,True,True,4.5708548066092894e-07,COMPLETE
502,0.47572557926177983,2025-04-06 22:40:45.172544,2025-04-06 22:41:09.936039,0 days 00:00:24.763495,0.19648462630919863,0.4652538786350794,2,0.15854586053008246,0.044384256792794355,0.041783144263267694,0.06883017125730173,0.027768861724859525,0.08359244650085897,0.00639187951197499,29,90,0.07447493270957399,0.12199014160379147,True,False,False,3.064227859086254e-08,COMPLETE
503,0.6010975956916809,2025-04-06 22:41:10.104455,2025-04-06 22:41:20.462732,0 days 00:00:10.358277,0.22767969322217385,0.11137643061569426,8,0.005539220045881784,0.05094558627446711,0.05444472640317137,0.07081329089028167,0.0010968610851839165,0.07845353580800493,0.009015028861218046,26,74,0.08308004801398565,0.15542946473731284,False,False,False,8.519365274728502e-07,COMPLETE
504,0.6211803913116456,2025-04-06 22:41:20.623351,2025-04-06 22:41:30.413575,0 days 00:00:09.790224,0.14879268559502068,0.010083552813902944,8,0.010013060375251973,0.037953527436762446,0.03501066211254761,0.07935217281963303,0.07866148722588087,0.0750188369039103,0.007083124534147034,22,67,0.07965998018805853,0.15137643518833993,False,False,False,6.142147201310432e-07,COMPLETE
505,0.568103575706482,2025-04-06 22:41:30.581022,2025-04-06 22:41:50.135582,0 days 00:00:19.554560,0.1878749781300896,0.06108199048472443,2,0.01917113086084954,0.0021431713367169886,0.043614591230038253,0.0726613694507799,0.08262205005770454,0.08689649305209386,0.010577959562953104,25,86,0.0715659495540569,0.15974690081309575,False,False,True,2.6489230799415954e-07,COMPLETE
506,0.4415371179580689,2025-04-06 22:41:50.289574,2025-04-06 22:42:00.120068,0 days 00:00:09.830494,0.3164292988023358,0.029652962384210134,8,0.11540432927651122,0.05793963709239372,0.03829176941959346,0.07669775975085587,0.030240873089077698,0.08091869329353918,0.012748345117285993,27,71,0.077739164475017,0.14446157935644172,True,True,False,1.336944208185415e-06,COMPLETE
507,0.6150172710418702,2025-04-06 22:42:00.277500,2025-04-06 22:42:10.273164,0 days 00:00:09.995664,0.244230945764086,0.04885755454326924,8,0.02631797295530943,0.03452659731614866,0.04072690825849219,0.06740777676239744,0.032779315066141346,0.06797126109074048,0.003022867425605681,23,77,0.07359142589333557,0.13644234130395533,False,False,False,1.973231327616874e-06,COMPLETE
508,0.666404414176941,2025-04-06 22:42:10.440073,2025-04-06 22:42:35.114696,0 days 00:00:24.674623,0.21132216179650007,0.09025012629395618,2,0.014361568771217682,0.0439877692408712,0.05070325303570425,0.07429694482672831,0.03667578060680129,0.0884514096822405,0.008431847651422809,29,81,0.0807886313528281,0.16255288427357503,False,False,False,9.585725267630135e-07,COMPLETE
509,0.5892421007156372,2025-04-06 22:42:35.271641,2025-04-06 22:42:56.877518,0 days 00:00:21.605877,0.20034322772920213,0.08240868541904406,2,0.022530179269408365,0.0493835132465031,0.050733511387391836,0.07488643572151503,0.03686784563839954,0.0884965241243653,0.008505712227515172,29,82,0.08458680780443538,0.1671410974000251,False,False,True,1.9612362552717265e-08,COMPLETE
510,0.3086253643035889,2025-04-06 22:42:57.045429,2025-04-06 22:43:19.207768,0 days 00:00:22.162339,0.2144892033722448,0.08964174795752841,2,0.03571367042944007,0.044268545973659576,0.053675128945600385,0.07822605170273088,0.035043533354026477,0.08974041688059141,0.015940424835345145,30,102,0.08156416423182333,0.15998267197155494,True,True,False,7.126449196131039e-07,COMPLETE
