number,value,datetime_start,datetime_complete,duration,params_alpha-eval,params_alpha-train,params_batch-size,params_eps-eval,params_eps-train,params_lambda-actions-eval,params_lambda-actions-train,params_lambda-frames-eval,params_lambda-frames-train,params_learning-rate,params_n-epochs,params_n-frames,params_radius-gw,params_rho,params_std-feats,params_ub-actions,params_ub-frames,params_weight-decay,state
967,0.674340581893921,2025-04-07 01:41:31.920968,2025-04-07 01:41:54.780764,0 days 00:00:22.859796,0.1239203891523924,0.14246344054931986,2,0.06171943741806967,0.04928347376163783,0.07684392998266373,0.09705878018570167,0.09612136269448161,0.07683737660737233,0.003781192503925562,26,82,0.0911974142024533,0.10071037628973474,False,False,False,1.257103494376918e-08,COMPLETE
968,0.5290284991264343,2025-04-07 01:41:55.089641,2025-04-07 01:42:17.403088,0 days 00:00:22.313447,0.08685380371392087,0.14383422734190526,2,0.07862028029293684,0.06321724934394735,0.07953541166491986,0.09820312651790487,0.09763927928499072,0.07701445696868388,0.003237299588330016,25,87,0.0921832704388118,0.09472337884404618,False,False,False,1.8007632897718267e-08,COMPLETE
969,0.6101185917854309,2025-04-07 01:42:17.697619,2025-04-07 01:42:40.589780,0 days 00:00:22.892161,0.10844219743688308,0.14106745790507755,2,0.07263588294269942,0.05421758590164483,0.07662295545296408,0.09670302581996347,0.09779922019098036,0.07757709349979842,0.0036438383054586275,26,80,0.09488828128314944,0.08674987288521399,False,False,False,1.7558270742679726e-08,COMPLETE
970,0.6637596845626832,2025-04-07 01:42:40.898408,2025-04-07 01:43:03.803911,0 days 00:00:22.905503,0.12274222628113832,0.14672816178767958,2,0.06214232266754801,0.05074800849697379,0.08006834718364966,0.09506382432009772,0.09818061706692333,0.07699686666509949,0.003594467870880443,26,83,0.09747025948407538,0.09410971769881665,False,False,False,1.2879891458645354e-08,COMPLETE
971,0.6204038977622987,2025-04-07 01:43:04.113092,2025-04-07 01:43:26.908076,0 days 00:00:22.794984,0.12465428582276561,0.1532496511664677,2,0.06214529687779505,0.05763809876555098,0.07892070068911575,0.09845614418333584,0.09652466583660534,0.077794519242326,0.0027791038570288513,26,83,0.09691725298963044,0.09392332147977268,False,False,False,1.2470018172664302e-08,COMPLETE
972,0.5933098196983337,2025-04-07 01:43:27.220464,2025-04-07 01:43:50.760908,0 days 00:00:23.540444,0.1305053100219884,0.161093932859735,2,0.06363122868822443,0.06603615012898077,0.08020052172011426,0.09633596512806068,0.09984461562497904,0.07678890438891822,0.0020199995925355096,27,79,0.09818151245170231,0.09969287060641076,False,False,False,1.2852281389699802e-08,COMPLETE
973,0.5527166724205017,2025-04-07 01:43:51.074610,2025-04-07 01:44:14.079089,0 days 00:00:23.004479,0.13538539036750802,0.14215165588067794,2,0.061231936894252825,0.07343074642115618,0.07741602106225753,0.0951467037055697,0.09786046327013923,0.07933175428252662,0.0031323574495170418,26,75,0.09621629192984109,0.08339120568755846,False,False,False,1.4869818959364657e-08,COMPLETE
974,0.6586023330688477,2025-04-07 01:44:14.375928,2025-04-07 01:44:37.183651,0 days 00:00:22.807723,0.11547589330990242,0.13733338213372065,2,0.0700447996186181,0.051688234898044985,0.08171857598871009,0.09990518126846673,0.09798702802085626,0.07999205636076549,0.0039036477891169446,26,84,0.09822001763315022,0.09142954678520039,False,False,False,1.4743234058963467e-08,COMPLETE
975,0.5652603387832642,2025-04-07 01:44:37.492930,2025-04-07 01:45:00.414237,0 days 00:00:22.921307,0.092830892008434,0.16635296774436706,2,0.060232964170215605,0.05036960038102334,0.0773934886261287,0.09346089837070122,0.09755897155448154,0.07822751179314377,0.003829146710410822,26,81,0.09984049670452314,0.10698181920266243,False,False,False,1.1976645631134026e-08,COMPLETE
976,0.6665715217590332,2025-04-07 01:45:00.724036,2025-04-07 01:45:24.390744,0 days 00:00:23.666708,0.14395009373413045,0.14053555856226693,2,0.06740751043065951,0.05929060273357051,0.07825592959531683,0.09642449239343637,0.09633632023729538,0.07712161618867212,0.0034280919125490267,27,87,0.09443976029124587,0.09900342869802423,False,False,False,1.000856825759679e-08,COMPLETE
977,0.6478661656379701,2025-04-07 01:45:24.702361,2025-04-07 01:45:48.189464,0 days 00:00:23.487103,0.14269212365899195,0.1424990961882316,2,0.07606745815542089,0.05822876836319985,0.07476786591532592,0.09768112429462626,0.09528413260783106,0.08094804289414839,0.0024068426801781896,27,87,0.09314775983842641,0.09964868390517724,False,False,False,1.041019997852873e-08,COMPLETE
978,0.6622823238372804,2025-04-07 01:45:48.505469,2025-04-07 01:46:11.799648,0 days 00:00:23.294179,0.14540584924382943,0.17541786352994268,2,0.06900408072450512,0.04650418912745932,0.07762094993983176,0.09659449631669649,0.09475454880322957,0.07921404630674946,0.004396001758380387,27,89,0.09202598909556878,0.10855669872497264,False,False,False,4.45610501777689e-05,COMPLETE
979,0.6641566395759584,2025-04-07 01:46:12.098463,2025-04-07 01:46:35.441010,0 days 00:00:23.342547,0.11532847113054333,0.15831629943278913,2,0.0541806735834999,0.05635389032430024,0.07512487926396823,0.09417583353968777,0.09545241489631683,0.0763831594360747,0.004610110689139679,27,88,0.09423503000977787,0.11240578910768421,False,False,False,1.0012521617222191e-08,COMPLETE
980,0.6662050247192383,2025-04-07 01:46:35.751844,2025-04-07 01:46:59.527759,0 days 00:00:23.775915,0.14864173305104944,0.1379180201670277,2,0.06697522242645729,0.04597357429245477,0.07366958001026876,0.09299500180175063,0.09987720438717965,0.08138636004170302,0.002856624727448405,27,86,0.09024008935047349,0.10428543053123658,False,False,False,1.0072322865902744e-08,COMPLETE
981,0.5200611472129821,2025-04-07 01:46:59.838491,2025-04-07 01:47:23.454988,0 days 00:00:23.616497,0.14393793284910314,0.1414946779005277,2,0.06801038668596135,0.06165255159180307,0.07371207163167,0.09650639022863917,0.0997131497931133,0.079240986098347,0.0029633835711398997,27,88,0.09078056631409513,0.1177334951172209,False,False,False,1.541706973146017e-08,COMPLETE
982,0.610001039505005,2025-04-07 01:47:23.768066,2025-04-07 01:47:47.156916,0 days 00:00:23.388850,0.10546453714324261,0.14609800630186076,2,0.0801463434312939,0.051739501893149735,0.07857341982909938,0.0899219890082901,0.09967364798764554,0.08092285512003893,0.0028060282272920397,27,86,0.08952337394852235,0.11064242916076521,False,False,False,1.0067226229586146e-08,COMPLETE
983,0.6097569942474366,2025-04-07 01:47:47.474419,2025-04-07 01:48:10.815744,0 days 00:00:23.341325,0.12753862585907155,0.16005873821633024,2,0.07419477297120247,0.04600493623692909,0.0742652884435599,0.0988319717019768,0.0956442914164307,0.07697235422041514,0.0023534342463293616,27,86,0.0945608602342825,0.10232881853829207,False,False,False,1.2199314351315913e-08,COMPLETE
984,0.5073598861694336,2025-04-07 01:48:11.130581,2025-04-07 01:48:34.893148,0 days 00:00:23.762567,0.08221666483268882,0.13744159138819073,2,0.06849365440993783,0.06707779624121138,0.07541814620710109,0.09468055544706346,0.09784281628580457,0.0792596045165698,0.0025623435881465166,27,87,0.09015385531836366,0.09703165291296943,False,False,False,1.7720630481321583e-08,COMPLETE
985,0.5626303553581238,2025-04-07 01:48:35.194136,2025-04-07 01:48:58.671437,0 days 00:00:23.477301,0.14647717111867697,0.1336677996100344,2,0.07603787340040857,0.055123001808035886,0.07405702639989692,0.09335228553948609,0.09994843096812918,0.08188776444894122,0.0034160435663383344,27,88,0.08840801376676247,0.086260332229346,False,False,False,1.2668941084078676e-08,COMPLETE
986,0.6611133098602295,2025-04-07 01:48:58.983903,2025-04-07 01:49:22.454797,0 days 00:00:23.470894,0.11993673482338499,0.13549186464315818,2,0.05161365651229495,0.04569620950834486,0.07635770215818671,0.09092828310712099,0.09735706330399357,0.07688108329727375,0.0037681820680643347,27,84,0.09311329219812951,0.11360816136076465,False,False,False,1.5271253935998207e-08,COMPLETE
987,0.5748371124267578,2025-04-07 01:49:22.773832,2025-04-07 01:49:46.297492,0 days 00:00:23.523660,0.10144184019523038,0.18901781093310333,2,0.06600237841992003,0.04631649692820243,0.0780739181105835,0.09630892255981201,0.09647895607558596,0.0793043057805705,0.003495980922710258,27,89,0.0953899027731159,0.10719364949314122,False,False,False,1.2477358176928007e-08,COMPLETE
988,0.544620704650879,2025-04-07 01:49:46.611977,2025-04-07 01:50:08.937222,0 days 00:00:22.325245,0.13911735702742306,0.16206372302983846,2,0.06437619827189382,0.05940762353878009,0.07294291855303933,0.0894725659802802,0.09766106767146963,0.08122594213666129,0.00431156370754074,25,85,0.09053407079651803,0.1174458917260123,False,False,False,1.8879926563537284e-08,COMPLETE
989,0.673528516292572,2025-04-07 01:50:09.258001,2025-04-07 01:50:32.076421,0 days 00:00:22.818420,0.14986196751827352,0.1427118267950153,2,0.07256524716889272,0.05360256253085506,0.07245784574264531,0.09222182245903889,0.09995719896190447,0.07860073300692803,0.003253330811322582,26,89,0.09270000064988906,0.09927639553409714,False,False,False,1.4984253424469692e-08,COMPLETE
990,0.4866046190261841,2025-04-07 01:50:32.380264,2025-04-07 01:50:54.819777,0 days 00:00:22.439513,0.12356274537389272,0.19358280255367488,2,0.07523073119376394,0.06380454005727224,0.07184289621965556,0.09821635357977128,0.094312002146157,0.07667463742376292,0.0014781308543317993,25,89,0.09524732504132087,0.09191566125621389,False,False,False,1.835064944332548e-08,COMPLETE
991,0.47058485746383666,2025-04-07 01:50:55.133479,2025-04-07 01:51:18.008208,0 days 00:00:22.874729,0.08617315140074007,0.16228433690770283,2,0.07930627183462159,0.06919276391493141,0.07598736686751008,0.09521915987172194,0.09607413704087113,0.0787637257579227,0.004836280839646027,26,89,0.09318424351725599,0.08924427979237039,False,False,False,1.6794313601696622e-08,COMPLETE
992,0.6235137939453126,2025-04-07 01:51:18.323441,2025-04-07 01:51:41.200176,0 days 00:00:22.876735,0.11103783351320451,0.17465647030017792,2,0.052141531993348145,0.05400700381889797,0.08067955130364733,0.09228604418054688,0.09781538183114338,0.07846185023859892,0.003351847948993118,26,90,0.09662847619667714,0.09839190824518547,False,False,False,1.4734578953587954e-08,COMPLETE
993,0.5512332558631897,2025-04-07 01:51:41.518757,2025-04-07 01:52:03.658803,0 days 00:00:22.140046,0.13204785783401052,0.13837116149313533,2,0.0729400711538579,0.06019127060849348,0.07297416354195568,0.08882561586485976,0.09429712511053827,0.07679383545542008,0.004179229864956838,25,84,0.09283601369242796,0.09882440798054151,False,False,False,1.8608843558928393e-08,COMPLETE
994,0.6080334544181824,2025-04-07 01:52:03.980960,2025-04-07 01:52:27.043652,0 days 00:00:23.062692,0.1487595479147718,0.15432500126467297,2,0.05919863986140996,0.052417744457992355,0.07759601729282913,0.09072868617638888,0.09640200516561488,0.0763663753290683,0.005073866456415202,26,80,0.09459494780998036,0.07959613553580563,False,False,False,1.0070303148334442e-08,COMPLETE
995,0.6100132465362549,2025-04-07 01:52:27.364566,2025-04-07 01:52:50.168204,0 days 00:00:22.803638,0.10468384472857376,0.19001697588829172,2,0.04996665347656939,0.051722864005193686,0.07165345679853305,0.09687949356155155,0.0984583119795956,0.07842589859164519,0.003120025929387183,26,83,0.09206101263383742,0.10884190264212013,False,False,False,1.4779063941414975e-08,COMPLETE
996,0.5829930305480957,2025-04-07 01:52:50.474391,2025-04-07 01:53:12.731703,0 days 00:00:22.257312,0.07929281942214145,0.16364255815487982,2,0.0704865459214927,0.05823258485882182,0.07544018904446881,0.09434630800784233,0.09407632669669705,0.07924649081283733,0.0018637461308784707,25,86,0.08870282409223268,0.12041666527552064,False,False,False,1.2415306340777424e-08,COMPLETE
997,0.6210861325263978,2025-04-07 01:53:13.048575,2025-04-07 01:53:36.115719,0 days 00:00:23.067144,0.12877319059542874,0.13680410518538894,2,0.05684804148590566,0.04414994014193014,0.07284702242312578,0.09144882620856995,0.0999773212416669,0.08068195819426553,0.004087279604512116,26,90,0.08778272965816525,0.09546263369664633,False,False,False,1.8535488297541687e-08,COMPLETE
998,0.6033782482147216,2025-04-07 01:53:36.435372,2025-04-07 01:53:58.868066,0 days 00:00:22.432694,0.09575876962879717,0.20185259165993985,2,0.08085011019682357,0.05034634326181326,0.0703054285026998,0.08805522332622567,0.09573346534432475,0.07619398752670961,0.004652960223991172,25,79,0.09642487407937098,0.11107580386575393,False,False,False,1.4458963651471442e-08,COMPLETE
999,0.6162697792053223,2025-04-07 01:53:59.188064,2025-04-07 01:54:21.943345,0 days 00:00:22.755281,0.15354096825398877,0.18142174504428027,2,0.06478048224047146,0.0448574465208456,0.08283818762766344,0.09359873037471536,0.09783611543098793,0.08022416023572967,0.0053280615158485525,26,84,0.0910065025861253,0.10335750058580116,False,False,False,1.2364139371137043e-08,COMPLETE
1000,0.5544538497924805,2025-04-07 01:54:22.264919,2025-04-07 01:54:44.545000,0 days 00:00:22.280081,0.11635815874539217,0.13503325059742477,2,0.05217917299166894,0.06409574161973003,0.0785097265116249,0.09972046405959951,0.09388173215696877,0.0777654158875522,0.00526257901095291,25,88,0.0941374488010941,0.08990035522061977,False,False,False,1.5354914981319466e-08,COMPLETE
1001,0.6085596561431885,2025-04-07 01:54:44.866201,2025-04-07 01:55:07.670501,0 days 00:00:22.804300,0.1447445488576777,0.1714622726265272,2,0.07211602047406512,0.052446479233049834,0.07571972766050086,0.09561666740891825,0.09728888305248938,0.08304179702573812,0.0033227198932599946,26,81,0.09196733782422395,0.11881230969218075,False,False,False,1.2417949828254703e-08,COMPLETE
1002,0.6113635063171388,2025-04-07 01:55:07.977151,2025-04-07 01:55:31.503540,0 days 00:00:23.526389,0.10715429011175215,0.15451481871762598,2,0.05832800447382158,0.04439318023184573,0.07234113935764248,0.08987262851633318,0.0955195869615561,0.08089339758164764,0.003898993053120218,27,77,0.09762979318486266,0.10116301797121342,False,False,False,1.0036902904152163e-08,COMPLETE
1003,0.5438724994659424,2025-04-07 01:55:31.823827,2025-04-07 01:55:54.728475,0 days 00:00:22.904648,0.1265739287574388,0.21868442822122292,2,0.04702328412602611,0.055717643366800046,0.06949493248065929,0.08754694378514921,0.09999836622040825,0.07818566305084033,0.005187702148031644,26,85,0.0891875139591149,0.1126790069989042,False,False,False,1.6810780650731315e-08,COMPLETE
1004,0.6786232709884643,2025-04-07 01:55:55.047908,2025-04-07 01:56:18.572018,0 days 00:00:23.524110,0.07959826699350352,0.1349785401579789,2,0.06725819830422637,0.048116573924904836,0.07362157756265879,0.09203638526930524,0.09305243093091496,0.0815441121755632,0.00408977747007053,27,82,0.09450088274930664,0.08357416296874969,False,False,False,1.9415356378987667e-08,COMPLETE
1005,0.6148953318595887,2025-04-07 01:56:18.894205,2025-04-07 01:56:42.242059,0 days 00:00:23.347854,0.07549186460078719,0.14208855703416978,2,0.0787663479267317,0.05788473449967854,0.07432494152394412,0.09152810730455298,0.09304502495200996,0.016069138026662114,0.0031847138086181937,27,90,0.09536957412755166,0.09037636727021964,False,False,False,1.9415468643796314e-08,COMPLETE
1006,0.6656765937805176,2025-04-07 01:56:42.567546,2025-04-07 01:57:06.028116,0 days 00:00:23.460570,0.07802370352262601,0.16025184615832874,2,0.06494010844724138,0.049983160957337576,0.07191394963646705,0.09281470089341418,0.09394216662249529,0.08204353712025991,0.004008432721688652,27,87,0.0938190216186418,0.07982756223041944,False,False,False,1.8650812052826215e-08,COMPLETE
1007,0.4345611095428467,2025-04-07 01:57:06.351453,2025-04-07 01:57:29.787448,0 days 00:00:23.435995,0.9210221949188999,0.13367576337366505,2,0.06791062506315111,0.06417500071096456,0.07601604816859554,0.09771086764513805,0.09286054017762295,0.07987277080185443,0.0028571804854423664,27,84,0.09644299507448999,0.08445403547032401,False,False,False,1.9979757587286985e-08,COMPLETE
1008,0.6200001955032349,2025-04-07 01:57:30.093440,2025-04-07 01:57:52.918436,0 days 00:00:22.824996,0.08903143540286834,0.18420176456777337,2,0.07339619953875559,0.04920228088393215,0.07739776299239921,0.0942183852815,0.0957624368151948,0.0765613242744346,0.0020900604121443264,26,82,0.09263188610388053,0.08708202916479041,False,False,False,1.4631815092261496e-08,COMPLETE
1009,0.49727458953857423,2025-04-07 01:57:53.238253,2025-04-07 01:58:16.739620,0 days 00:00:23.501367,0.09704615548117598,0.15925076876668115,2,0.060763037514199814,0.06990892300275225,0.07404103714414073,0.09001677668249077,0.09657465353407092,0.08185619810036185,0.004211928333025566,27,86,0.09884418552643112,0.0778484426905297,False,False,False,1.2432333844441593e-08,COMPLETE
1010,0.6120984911918641,2025-04-07 01:58:17.067379,2025-04-07 01:58:39.884853,0 days 00:00:22.817474,0.07538059394303623,0.1379323653485549,2,0.0686682631941575,0.04238728225604555,0.06957397071798163,0.09592223363304443,0.09215159302236352,0.07976287026320877,0.0036323452825469363,26,90,0.09549462597656111,0.09432159238416454,False,False,False,1.0086683233675209e-08,COMPLETE
1011,0.6114344239234925,2025-04-07 01:58:40.207644,2025-04-07 01:59:02.392231,0 days 00:00:22.184587,0.09516699830810842,0.17590495011971552,2,0.05598259960964211,0.05503676648128292,0.07968056502241182,0.09193684233779571,0.09802546902426863,0.0829043317721132,0.004479888188354852,25,78,0.09117229988047891,0.09995351420685898,False,False,False,2.0087491290660475e-08,COMPLETE
1012,0.6221532583236694,2025-04-07 01:59:02.716494,2025-04-07 01:59:25.103015,0 days 00:00:22.386521,0.11192875774122577,0.20035611574680606,2,0.06272573969322776,0.0437929109995484,0.07127221561960376,0.08859767410211945,0.09447086749986976,0.07789630318071872,0.0025269678375291218,25,83,0.0944754902912394,0.08313447875671223,False,False,False,1.5321111823259026e-08,COMPLETE
1013,0.676377534866333,2025-04-07 01:59:25.431829,2025-04-07 01:59:48.884967,0 days 00:00:23.453138,0.07555432347250149,0.15177917597655277,2,0.08073960001959153,0.04926357670915919,0.07380069850526731,0.09422831965292763,0.09606343826638293,0.08044703004606893,0.004781835613758304,27,87,0.09774386657099242,0.10654587223721153,False,False,False,1.2741508211593902e-08,COMPLETE
1014,0.6160075068473816,2025-04-07 01:59:49.197420,2025-04-07 02:00:12.269771,0 days 00:00:23.072351,0.09688877682069387,0.15674261351126684,2,0.07700629883796484,0.048236384797366944,0.07358629603992295,0.09202282594033054,0.09241159247713497,0.082702757485458,0.005083220099658069,26,80,0.0993653213893972,0.10701493862338277,False,False,False,2.0172957372953375e-08,COMPLETE
1015,0.6733019232749939,2025-04-07 02:00:12.591861,2025-04-07 02:00:35.582974,0 days 00:00:22.991113,0.0864971330908337,0.18502405029365135,2,0.0771788153782135,0.042217332250329295,0.07155700014773743,0.09357879387370228,0.09816489933619324,0.08182957412564124,0.0050829978206223675,26,84,0.09753096096414111,0.11818400838954492,False,False,False,1.5063981722796943e-08,COMPLETE
1016,0.589292597770691,2025-04-07 02:00:35.907132,2025-04-07 02:00:59.341162,0 days 00:00:23.434030,0.07288953843458335,0.2191062325243265,2,0.08230649279829219,0.05025069986547393,0.07238667579228346,0.09407646517527195,0.09847173645925253,0.08033367971064677,0.0047183122853248355,27,91,0.0980406133074672,0.11774972592862369,False,False,False,1.5767460396753914e-08,COMPLETE
1017,0.6909057021141052,2025-04-07 02:00:59.665839,2025-04-07 02:01:23.375744,0 days 00:00:23.709905,0.07200140169841315,0.1989148605581605,2,0.08277592356633484,0.04625380090380967,0.07514086240005989,0.09370202300043687,0.0998978899077336,0.08360452760789895,0.004382374421199181,27,87,0.09954045718889475,0.12030366418347263,False,False,False,1.993817460687707e-08,COMPLETE
1018,0.5155908465385437,2025-04-07 02:01:23.703423,2025-04-07 02:01:45.868899,0 days 00:00:22.165476,0.06441098342745868,0.23456922846923614,2,0.08125093271761703,0.05299276435805707,0.07431743335530736,0.09467541705480212,0.09839081238736665,0.08450516962094227,0.004092398537193413,25,88,0.09883064307635628,0.12067672946380398,False,False,False,2.1434392295805165e-08,COMPLETE
1019,0.6114628911018372,2025-04-07 02:01:46.200440,2025-04-07 02:02:09.087145,0 days 00:00:22.886705,0.07295420877034274,0.20221154652029466,2,0.08546047447639808,0.04417546856308685,0.07634302688952302,0.09350296614573375,0.0985622099988851,0.08351738724947438,0.0038557900189185638,26,91,0.0992839340199624,0.11543451124648368,False,False,False,1.9244961393679558e-08,COMPLETE
1020,0.5651542901992799,2025-04-07 02:02:09.399041,2025-04-07 02:02:32.614361,0 days 00:00:23.215320,0.07149197589977356,0.2259554998486661,2,0.08020798707756946,0.04850111105292907,0.07519017921638532,0.09763068111631762,0.09979049998012299,0.08369655256766388,0.005097490655792648,26,85,0.09717928044104009,0.11260286709603132,False,False,False,2.0565101223887545e-08,COMPLETE
1021,0.508622658252716,2025-04-07 02:02:32.939119,2025-04-07 02:02:55.309817,0 days 00:00:22.370698,0.07141817515396573,0.2129115803426247,2,0.0761370934569312,0.057655637069503766,0.0726278895403004,0.09572394916846733,0.09988082465390115,0.08283014974460944,0.0045502679500350855,25,89,0.09795436301865419,0.11958585702156806,False,False,False,1.6549284881527523e-08,COMPLETE
1022,0.6161129474639893,2025-04-07 02:02:55.637050,2025-04-07 02:03:18.696185,0 days 00:00:23.059135,0.06319279486461249,0.18923927097610585,2,0.08068972129294952,0.042747196723361094,0.07549839077561007,0.09246481920789745,0.09719089720147346,0.08184692920553617,0.004475722701411383,26,82,0.09979440106371454,0.11262705584569586,False,False,False,2.1821816417619114e-05,COMPLETE
1023,0.5426549315452576,2025-04-07 02:03:19.026062,2025-04-07 02:03:42.464278,0 days 00:00:23.438216,0.07265594999826738,0.19852732171707624,2,0.0738229985611284,0.05344083480908059,0.07428056434214808,0.0942394693100909,0.09691566613857007,0.08452397738490532,0.0035479696555383014,27,87,0.097975213998392,0.10581996997557697,False,False,False,1.3504195459910345e-08,COMPLETE
