number,value,datetime_start,datetime_complete,duration,params_alpha-eval,params_alpha-train,params_batch-size,params_eps-eval,params_eps-train,params_lambda-actions-eval,params_lambda-actions-train,params_lambda-frames-eval,params_lambda-frames-train,params_learning-rate,params_n-epochs,params_n-frames,params_radius-gw,params_rho,params_std-feats,params_ub-actions,params_ub-frames,params_weight-decay,state
1593,0.6700891852378845,2025-04-07 05:34:21.294728,2025-04-07 05:34:44.944002,0 days 00:00:23.649274,0.05625442960326879,0.1526768950388564,2,0.08013893323736421,0.04299520882174371,0.07129882858175716,0.09738380950169565,0.09845439888849511,0.08643510921219955,0.003827327106229636,27,86,0.08848662196346661,0.07675435091110114,False,False,False,2.1976920104349225e-08,COMPLETE
1594,0.6648380160331726,2025-04-07 05:34:45.469632,2025-04-07 05:35:07.294527,0 days 00:00:21.824895,0.08935739093619344,0.13399942843836024,2,0.05915768070525898,0.048878378292101746,0.07906797946597675,0.08474601724451265,0.09549187725523842,0.07895414939353794,0.009952037691659536,24,88,0.09575349490621986,0.11148023551618405,False,False,False,1.2201754722779962e-08,COMPLETE
1595,0.6269658565521241,2025-04-07 05:35:07.804444,2025-04-07 05:35:31.818911,0 days 00:00:24.014467,0.1102820700502618,0.08494852348857401,2,0.03408186289934584,0.03439359261542162,0.06756140132504501,0.09205415785690504,0.09136640171630458,0.09291933479172389,0.006516899993344483,28,83,0.0983540616201092,0.10378878322491825,False,False,False,1.4626998266322865e-08,COMPLETE
1596,0.6070251107215882,2025-04-07 05:35:32.324723,2025-04-07 05:35:55.950901,0 days 00:00:23.626178,0.1362786911026317,0.21162656854855483,2,0.022771516230442386,0.04068117912292671,0.07318581912514956,0.08958042210574406,0.0982973488594955,0.0812973348205672,0.013495448059833602,27,96,0.09343175559706561,0.08644300243270556,True,False,False,1.974029883004007e-08,COMPLETE
1597,0.6021454691886903,2025-04-07 05:35:56.478218,2025-04-07 05:36:18.827973,0 days 00:00:22.349755,0.07523731818148752,0.16808719787022838,2,0.06544318566305837,0.05525241812382826,0.07660190279789277,0.09420884358606765,0.09306314620755705,0.08468655879138727,0.0044448859048611036,25,74,0.09004206688418981,0.12055265228329996,False,False,False,2.7807270932331056e-08,COMPLETE
1598,0.6220159411430359,2025-04-07 05:36:19.341487,2025-04-07 05:36:42.263400,0 days 00:00:22.921913,0.04620700197858056,0.10751546776877,2,0.07541709570002744,0.02572147939180633,0.0702093553960298,0.08821678813152563,0.09998386721637928,0.09077184255115872,0.008058184407697956,26,80,0.09629268732180273,0.12557052319592532,False,False,False,1.0117821798887615e-08,COMPLETE
1599,0.4003296256065369,2025-04-07 05:36:42.796567,2025-04-07 05:37:06.306859,0 days 00:00:23.510292,0.10498298940412618,0.1527645868518907,2,0.09425823519474824,0.06399575846849288,0.07509991441221524,0.09606328825935065,0.097286907143466,0.07590233143105768,0.0029147011263187307,27,92,0.08693562822246811,0.20095124230395311,False,False,False,1.6725240041820068e-08,COMPLETE
1600,0.502490782737732,2025-04-07 05:37:06.821143,2025-04-07 05:37:29.753316,0 days 00:00:22.932173,0.06642222743655932,0.4156286003962447,2,0.045703853562547636,0.046174617246744536,0.08004261298099917,0.09841324604406243,0.012499270481225254,0.07446814360754375,0.0058702049378206765,26,85,0.0913370030404592,0.09095301939068737,False,False,False,1.4022436252537917e-08,COMPLETE
1601,0.28796400427818303,2025-04-07 05:37:30.264888,2025-04-07 05:37:49.926634,0 days 00:00:19.661746,0.12164499338191725,0.12396936401895378,2,0.06988769658585685,0.1824876838631716,0.06325013658315777,0.09097730652395626,0.09544901040226338,0.08294215357880518,0.001943348161098707,25,89,0.08557686981492621,0.2751026107669238,False,False,True,1.2233506553452776e-08,COMPLETE
1602,0.5016405463218689,2025-04-07 05:37:50.456838,2025-04-07 05:38:13.407383,0 days 00:00:22.950545,0.1659349396020238,0.619213993034251,2,0.06198941952640233,0.03187872995282466,0.07232090717550696,0.09325719503964525,0.09685974223493696,0.028736056745216162,0.0035809520094704722,26,79,0.09374408096366936,0.11390028031061117,False,False,False,1.0037323461439366e-08,COMPLETE
1603,0.09159234166145325,2025-04-07 05:38:13.919213,2025-04-07 05:38:34.273542,0 days 00:00:20.354329,0.08701112117449744,0.18576396100949924,2,0.05337131598366576,0.05383513187409318,0.07742592559556745,0.05107301083445112,0.06030342830995305,0.07980649593461572,0.007177919684641196,27,86,0.09712569692071621,0.13360443624563045,False,True,False,2.2277612935188988e-08,COMPLETE
1604,0.42697436809539796,2025-04-07 05:38:34.781284,2025-04-07 05:38:57.917522,0 days 00:00:23.136238,0.1455588034083624,0.14284319186192593,2,0.08512551531731848,0.03837609326785023,0.0748326349533675,0.09439315137767022,0.09844039875786398,0.07757669320976814,0.00016985802958106898,26,102,0.08911946014085702,0.1039848187530145,True,False,False,1.0065552348620611e-08,COMPLETE
1605,0.5397392630577088,2025-04-07 05:38:58.443949,2025-04-07 05:39:22.802134,0 days 00:00:24.358185,0.10402971797299926,0.16748806533222838,2,0.07277370509610134,0.04389209800606971,0.06854044449759349,0.09171280312880888,0.09377685910104716,0.08577273677981381,0.0047100823983524795,28,83,0.09179151525767952,0.11721126957692368,False,False,False,1.7827397388065682e-08,COMPLETE
1606,0.6169594049453735,2025-04-07 05:39:23.312034,2025-04-07 05:39:45.711390,0 days 00:00:22.399356,0.062239243442026054,0.1283604010405816,2,0.03059480803519293,0.05020928444346529,0.08323489118997207,0.08650004456453982,0.09029335432537663,0.08156736484262724,0.009218459840289194,25,90,0.08240423835422361,0.12731233100405046,False,False,False,3.20936634507832e-08,COMPLETE
1607,0.5999083280563355,2025-04-07 05:39:46.219516,2025-04-07 05:39:55.370251,0 days 00:00:09.150735,0.123358087991546,0.10289856998318705,16,0.06566480722013579,0.06046107793232593,0.07071286178164718,0.09637374934052802,0.09553766091752755,0.08876787696227685,0.011822802521514537,28,81,0.09499080081297114,0.10878266623039848,False,False,False,1.5051520298037867e-08,COMPLETE
1608,0.6054579377174377,2025-04-07 05:39:55.898926,2025-04-07 05:40:19.216585,0 days 00:00:23.317659,0.08435593203772211,0.19964911499747595,2,0.07799503532089938,0.03477579374696061,0.07285746638639748,0.08962954207230707,0.09694520612470912,0.08362500205468676,0.005558714925359599,27,87,0.02011168826381113,0.1857699932296292,False,False,False,6.462585545101908e-08,COMPLETE
1609,0.5049992680549622,2025-04-07 05:40:19.731764,2025-04-07 05:40:42.920297,0 days 00:00:23.188533,0.04362538805895727,0.23371487541657626,2,0.05729780050149045,0.07200710258370195,0.0670301595033533,0.0951064597350366,0.092170335119936,0.07947272452089527,0.004255635271437255,26,84,0.08484515945550705,0.09744180940977455,False,False,False,2.375779026402022e-08,COMPLETE
1610,0.6164670467376709,2025-04-07 05:40:43.457149,2025-04-07 05:41:06.562500,0 days 00:00:23.105351,0.179878452062326,0.16190850293752784,2,0.04702839820669675,0.044255851462455656,0.0760921974782457,0.09825053453956015,0.09997781024412287,0.07741637189536268,0.006983301666467321,26,76,0.09292657210755413,0.1239749017335545,False,False,False,1.269094215421897e-08,COMPLETE
1611,0.4872674345970154,2025-04-07 05:41:07.078676,2025-04-07 05:41:29.001919,0 days 00:00:21.923243,0.10398451878371635,0.18108192006987658,2,0.062077722710147366,0.05069897001032099,0.07851878725350614,0.09252130129220629,0.09418424189734091,0.08091987956506375,0.005042575902026574,24,91,0.09019867542043762,0.1734866065377338,False,False,False,1.3700902049100073e-07,COMPLETE
1612,0.4789353966712952,2025-04-07 05:41:29.519115,2025-04-07 05:41:53.226791,0 days 00:00:23.707676,0.13770861345907998,0.1224789089960711,2,0.03773350951719459,0.0982712780252217,0.07364662128831,0.08830365032267644,0.022555275571813437,0.08591577996347555,0.008915587200301988,27,87,0.09864292164412522,0.11660945486282467,True,False,False,1.753612395673734e-08,COMPLETE
1613,0.6161886215209962,2025-04-07 05:41:53.765147,2025-04-07 05:42:16.067919,0 days 00:00:22.302772,0.07546589130068064,0.14318649103658798,2,0.02630167427439289,0.039080094435084395,0.07028164020252432,0.08406030987678033,0.020052599064446012,0.08393100481019321,0.00248767472686969,25,79,0.0961699994290278,0.11001160274456243,False,False,False,1.450983702512266e-08,COMPLETE
1614,0.5864672899246216,2025-04-07 05:42:16.587909,2025-04-07 05:42:34.329790,0 days 00:00:17.741881,0.15623684328422002,0.08495450660261109,2,0.08073923971908166,0.03185959507649111,0.08141090673194182,0.09355714297874083,0.09811460642960705,0.08204704500073587,0.003372648260942366,21,83,0.08773811569560569,0.10054532592649676,False,True,True,2.0308986291056236e-08,COMPLETE
1615,0.5957772970199585,2025-04-07 05:42:34.846868,2025-04-07 05:42:57.092053,0 days 00:00:22.245185,0.11935456505425478,0.15666159354634757,2,0.07123820037844994,0.055586395014831876,0.07525920711066658,0.09080349401116784,0.09565202108947553,0.08754925447778122,0.006200609837621171,25,89,0.0942192032605807,0.12157635774043182,False,False,False,1.2522303384665225e-08,COMPLETE
1616,0.5391779184341431,2025-04-07 05:42:57.622387,2025-04-07 05:43:20.599330,0 days 00:00:22.976943,0.09240999161119018,0.17963209349564985,2,0.051490060347020625,0.025353193769849187,0.07212600282636307,0.09690323719818769,0.09994655685709955,0.07845968832466972,0.014249865224639792,26,85,0.09276306967039721,0.06900517883434287,False,False,False,2.7049556410324116e-08,COMPLETE
1617,0.6037971019744873,2025-04-07 05:43:21.111902,2025-04-07 05:43:44.535973,0 days 00:00:23.424071,0.06466162457797824,0.11133311655807834,2,0.09041639737065385,0.04646621596853607,0.06910242486123352,0.09429711921969071,0.09704176267439976,0.08024460269278105,0.05303966841556392,27,81,0.09847733390964894,0.0917526825876852,False,False,False,1.6827309264154843e-08,COMPLETE
1618,0.5052114129066467,2025-04-07 05:43:45.080663,2025-04-07 05:44:09.486535,0 days 00:00:24.405872,0.12575357670176526,0.214934557265201,2,0.06631053842419497,0.03952336737532326,0.0773517232691318,0.047538079881526696,0.007643782575300823,0.07621845336674604,0.010495606019265307,28,94,0.0897670335067817,0.2188864456351964,False,False,False,1.2073655169327573e-08,COMPLETE
1619,0.5787746548652649,2025-04-07 05:44:10.005529,2025-04-07 05:44:23.775916,0 days 00:00:13.770387,0.10385053958978356,0.1418031545123939,2,0.01820251743637214,0.05168699172132104,0.07445070783064847,0.08996811456059502,0.09291525127061004,0.08411789518501755,0.004112039346012891,11,86,0.09545759355214425,0.13138357245820723,False,False,False,1.9811799720081645e-08,COMPLETE
1620,0.5890265226364135,2025-04-07 05:44:24.288141,2025-04-07 05:44:47.432116,0 days 00:00:23.143975,0.08430316762664353,0.12690660842331153,2,0.07597363768163821,0.04428737190311631,0.07140249906722287,0.08587157622438399,0.09482747234188112,0.08221817157023512,0.007694458773814889,26,82,0.09989842766237808,0.11316570654927943,True,False,False,1.4471939710539123e-08,COMPLETE
1621,0.4979070544242859,2025-04-07 05:44:47.982864,2025-04-07 05:45:11.350447,0 days 00:00:23.367583,0.04546080601199933,0.19724447060219,2,0.061110317192662696,0.06216033486907059,0.06532583208481851,0.09847544230566387,0.09997572222765998,0.07891413273186629,0.005106174196595023,27,77,0.03476898278185987,0.10469231844917375,False,False,False,1.2282957102408339e-08,COMPLETE
1622,0.649966025352478,2025-04-07 05:45:11.865597,2025-04-07 05:45:34.676960,0 days 00:00:22.811363,0.1506868674513391,0.1685619436752298,2,0.044916611880543925,0.032142517790540594,0.08728810501494305,0.09197662706207387,0.09098784577088251,0.07426763408913016,0.006197750106725558,26,89,0.09193238783029843,0.11645866722773052,False,False,False,1.0018737352139238e-08,COMPLETE
1623,0.6203108668327332,2025-04-07 05:45:35.190004,2025-04-07 05:45:57.567786,0 days 00:00:22.377782,0.06774908432023116,0.10205587373600586,2,0.05415453651365367,0.056564378452316925,0.08030314214826947,0.09535675181922137,0.09801156801350286,0.08977216266101064,0.0038159140683508663,25,98,0.087270845049112,0.12432474414793165,False,False,False,0.00010648672799781253,COMPLETE
1624,0.37740581631660464,2025-04-07 05:45:58.113892,2025-04-07 05:46:11.572403,0 days 00:00:13.458511,0.10143446400705791,0.14733689113428317,2,0.0821995639619527,0.039671310585421185,0.07622402096350417,0.08800986650758356,0.09643672569121947,0.08462264296023408,0.007757507273833083,13,85,0.09708710510804583,0.0798041398425451,False,False,True,2.4197523975468907e-08,COMPLETE
1625,0.0960381805896759,2025-04-07 05:46:12.091751,2025-04-07 05:46:32.625407,0 days 00:00:20.533656,0.12861351752489067,0.12271362934591698,2,0.06989773867118058,0.04811851847097805,0.07309254800697239,0.08309741531796926,0.0932945146206163,0.08658718660105548,0.010595756161619922,27,92,0.0944592151466225,0.13527388720386527,False,True,False,1.7578844109754835e-08,COMPLETE
1626,0.58041570186615,2025-04-07 05:46:33.164429,2025-04-07 05:46:55.000586,0 days 00:00:21.836157,0.08418568638675772,0.15977753667815583,2,0.03169960609928282,0.06734066905408682,0.07836346649239753,0.09248693689473753,0.09830619558697669,0.08089886863401294,0.004530760274842162,24,79,0.08426063455396236,0.10872204612074812,False,False,False,1.4282129611062527e-08,COMPLETE
1627,0.4457332015037537,2025-04-07 05:46:55.525289,2025-04-07 05:47:04.408121,0 days 00:00:08.882832,0.16238254179454437,0.7313145076872276,16,0.05918758582794525,0.026628438703507964,0.06922376825767279,0.09528455102060686,0.095247610993976,0.0771853551607922,0.008838268134031418,26,73,0.09163686293592659,0.12852836097998693,False,False,False,3.500210222530993e-08,COMPLETE
1628,0.4941697478294373,2025-04-07 05:47:04.925662,2025-04-07 05:47:22.480998,0 days 00:00:17.555336,0.11405126696549729,0.18453533275333764,2,0.04154951745165918,0.037259337425575446,0.07473146637474887,0.09683306939727206,0.0969791341637382,0.08215533636973878,0.00308869600355579,17,83,0.08914626419174163,0.17960357297877247,True,False,False,2.0635180038853577e-08,COMPLETE
1629,0.6217003703117371,2025-04-07 05:47:23.019397,2025-04-07 05:47:47.049655,0 days 00:00:24.030258,0.5331546211217757,0.08922955155688497,2,0.06560212418458478,0.04866294268055979,0.07200479322814725,0.09038511377839654,0.09048220266892652,0.07921722334787328,0.005888260698091924,28,88,0.0967362299247971,0.09527616524469423,False,False,False,1.0069734555825376e-08,COMPLETE
1630,0.5396578431129456,2025-04-07 05:47:47.569139,2025-04-07 05:48:09.820039,0 days 00:00:22.250900,0.04266479228892056,0.13818629639382052,2,0.07423063257077744,0.05548668220781315,0.06762328366356814,0.09323259753273458,0.0981610111568981,0.08808738140723067,0.014387519642545038,25,81,0.09397581565319155,0.11963607425667477,False,False,False,1.4367355397859782e-08,COMPLETE
1631,0.6147539615631104,2025-04-07 05:48:10.368186,2025-04-07 05:48:34.000098,0 days 00:00:23.631912,0.13325511715121047,0.16776646232153233,2,0.05601203723962067,0.04192709833030296,0.07692205667470176,0.09996313544490361,0.09399202679505086,0.08532020037036112,0.005084516775323096,27,87,0.09084627427156156,0.08701410340995458,False,False,False,1.7286066341957734e-08,COMPLETE
1632,0.550347101688385,2025-04-07 05:48:34.522851,2025-04-07 05:48:57.659430,0 days 00:00:23.136579,0.06809136433916843,0.11792644154890969,2,0.08354025684758215,0.04485657709346746,0.07364134102213554,0.0879625322673253,0.09586909338200672,0.08332573524675439,0.006851300551794625,26,85,0.0866777466778035,0.18979196412198454,False,False,False,2.789294951541057e-08,COMPLETE
1633,0.6128849864006043,2025-04-07 05:48:58.179651,2025-04-07 05:49:20.424828,0 days 00:00:22.245177,0.1861383465038919,0.14697854925218887,2,0.05105743925031524,0.03202267267510685,0.07052061838801142,0.09381173663431525,0.09240230709341116,0.08052539355264209,0.0039021034222335334,25,90,0.09327022439112195,0.10548413272822972,False,False,False,1.4080069714158727e-08,COMPLETE
1634,0.5889215350151062,2025-04-07 05:49:20.966590,2025-04-07 05:49:44.489843,0 days 00:00:23.523253,0.0958049431119151,0.19243831736179062,2,0.06820199810023946,0.05246969552534136,0.07942671890642046,0.09126402152629114,0.09825270495651736,0.07636156729415434,0.011314594925712256,27,77,0.08897324881163944,0.11496944894946418,False,False,False,1.0022841141787918e-08,COMPLETE
1635,0.35982364416122437,2025-04-07 05:49:45.011977,2025-04-07 05:50:05.127192,0 days 00:00:20.115215,0.11642144261600929,0.10208771511784095,2,0.0372796089616807,0.036165487433023336,0.07572026868206184,0.09658694851432054,0.099945690996261,0.08302055455674213,0.008573111719210645,26,83,0.09997837520656064,0.10952986209681008,False,False,True,6.81075812294207e-05,COMPLETE
1636,0.280942577123642,2025-04-07 05:50:05.673264,2025-04-07 05:50:26.916133,0 days 00:00:21.242869,0.09152304338721598,0.13386876101688713,2,0.07495116435155395,0.06145845216425158,0.07302941301270509,0.08950128798001644,0.0955046097737437,0.0781714247791398,0.005453961146800779,28,93,0.0955560201439357,0.0993678554762763,True,True,False,2.183673038867397e-08,COMPLETE
1637,0.6291352629661561,2025-04-07 05:50:27.443202,2025-04-07 05:50:49.045195,0 days 00:00:21.601993,0.06403771232259711,0.211438850811078,2,0.02138970843589219,0.04685144640435905,0.08260408407543794,0.08629956283208585,0.09671169153492477,0.0856562223115948,0.004420530041043679,24,87,0.09732285291654222,0.12397374799622579,False,False,False,1.701695855166213e-08,COMPLETE
1638,0.606722354888916,2025-04-07 05:50:49.565287,2025-04-07 05:51:12.440271,0 days 00:00:22.874984,0.14100231504760571,0.15773694961676957,2,0.06198682042830508,0.02475042076986974,0.066971638235214,0.09809489141756561,0.09379893154497455,0.0813681669930706,0.00730837063686729,26,80,0.09164026590131175,0.11845347862906724,False,False,False,1.2389283143990125e-08,COMPLETE
1639,0.6155376076698303,2025-04-07 05:51:12.986241,2025-04-07 05:51:36.501894,0 days 00:00:23.515653,0.1094978943235679,0.176980218464142,2,0.08941408381245285,0.040551791388687836,0.07122748125499778,0.09488639138858818,0.0891724774921346,0.08033776008127136,0.003035635534599158,27,84,0.0852309742451861,0.12972959043821125,False,False,False,4.089994009294547e-08,COMPLETE
1640,0.47748034000396733,2025-04-07 05:51:37.048690,2025-04-07 05:51:59.245553,0 days 00:00:22.196863,0.04221401844641765,0.12476123045354638,2,0.16809993506065912,0.05251226158759513,0.07737169396012976,0.09313533728211833,0.09806776987837107,0.09178301695441463,0.006339375051231554,25,90,0.09462439106409873,0.1716732571724915,False,False,False,1.2421955421087781e-08,COMPLETE
1641,0.6125644087791443,2025-04-07 05:51:59.787383,2025-04-07 05:52:23.374935,0 days 00:00:23.587552,0.08342492294761081,0.08148943261804026,2,0.07016208907179343,0.05938469784796575,0.07470420384108242,0.0914266192058811,0.09201304941272319,0.0876220613869898,0.009726592615916315,27,95,0.08265736919074163,0.11196482536534476,False,False,False,2.394354729451859e-08,COMPLETE
1642,0.5594768047332764,2025-04-07 05:52:23.900147,2025-04-07 05:52:46.793228,0 days 00:00:22.893081,0.14760148128670292,0.1548907704032303,2,0.04890453407116471,0.04431792723906118,0.06301186096852426,0.09501146822190747,0.04560685373335287,0.07513490652519629,0.004910017933982512,26,81,0.09030023587086873,0.12112549644838985,False,False,False,1.0016469754392149e-08,COMPLETE
1643,0.64086993932724,2025-04-07 05:52:47.315571,2025-04-07 05:53:09.593730,0 days 00:00:22.278159,0.12010243868144646,0.11195248011907323,2,0.027888426196730376,0.03026408080030965,0.06988091968377326,0.08504096213556366,0.0646950138408444,0.08431794477405737,0.01211028041310275,25,86,0.09285749702512194,0.10134594578234564,False,False,False,1.793543172058495e-08,COMPLETE
1644,0.5528849005699158,2025-04-07 05:53:10.139720,2025-04-07 05:53:33.141964,0 days 00:00:23.002244,0.6257255788387883,0.2380705259793075,2,0.07553984067027696,0.03622154854672076,0.07352712583997235,0.08214543288956475,0.09524615777762198,0.07800291713346227,0.0023266592789323963,26,78,0.08785666687927406,0.24160122069070974,True,False,False,1.4825120828133929e-08,COMPLETE
1645,0.5550897240638734,2025-04-07 05:53:33.664252,2025-04-07 05:53:57.998316,0 days 00:00:24.334064,0.057391980704235034,0.17502998730624653,2,0.0566138986657763,0.048920669637679035,0.07897123396236665,0.08776742595505198,0.09841739535671035,0.08252112253103525,0.0036299016165978835,28,83,0.09842146176186309,0.09194187785089003,False,False,False,2.9668024315020456e-08,COMPLETE
1646,0.33919847607612613,2025-04-07 05:53:58.544956,2025-04-07 05:54:19.141691,0 days 00:00:20.596735,0.0963216525567876,0.1403833334671181,2,0.04073349482595252,0.05657907456927466,0.07589962021146168,0.08958338394370845,0.09648027511332842,0.07921269509887849,0.0058931415755623705,27,89,0.09619842095470578,0.11263880064048207,False,False,True,2.039444501666295e-08,COMPLETE
1647,0.5997616052627563,2025-04-07 05:54:19.671726,2025-04-07 05:54:28.503051,0 days 00:00:08.831325,0.08236817483125543,0.20176480311429304,16,0.013885501851050946,0.04275275775025205,0.06849375463870772,0.09632286144627615,0.09376051062352186,0.08613263117723498,0.008467203056874081,26,86,0.09051471405834692,0.08455016062971484,False,False,False,1.2074424705393662e-08,COMPLETE
1648,0.3128068268299103,2025-04-07 05:54:29.024766,2025-04-07 05:54:48.615078,0 days 00:00:19.590312,0.11047598718722844,0.16318717659994592,2,0.07972838012101323,0.03783084455149409,0.07173466480710591,0.09246247410804029,0.09809734744421209,0.08133745423850938,0.00415443230390666,25,76,0.0162873007137168,0.10782108422276036,False,True,False,1.569304458892481e-08,COMPLETE
1649,0.4123398005962372,2025-04-07 05:54:49.162683,2025-04-07 05:55:13.302121,0 days 00:00:24.139438,0.13215973013371476,0.13144188851034652,2,0.06259154509542346,0.24690534711003978,0.07489905594790038,0.09801813316455503,0.09497646623006405,0.08880658995468821,0.0069432969180482805,28,92,0.09323435975404964,0.1265495234090516,False,False,False,1.2483336328542507e-08,COMPLETE
