number,value,datetime_start,datetime_complete,duration,params_alpha-eval,params_alpha-train,params_batch-size,params_eps-eval,params_eps-train,params_lambda-actions-eval,params_lambda-actions-train,params_lambda-frames-eval,params_lambda-frames-train,params_learning-rate,params_n-epochs,params_n-frames,params_radius-gw,params_rho,params_std-feats,params_ub-actions,params_ub-frames,params_weight-decay,state
1195,0.4356513261795044,2025-04-07 03:07:14.851245,2025-04-07 03:07:37.751622,0 days 00:00:22.900377,0.09106411850782578,0.19491616809330087,2,0.055322252960003926,0.04670870350027809,0.0755811788628409,0.09595336755348095,0.09863593289026233,0.0799401304807508,1.4249423206871181e-05,26,79,0.09594374150674762,0.08771897645630417,False,False,False,1.2726314861385328e-08,COMPLETE
1196,0.6237525582313538,2025-04-07 03:07:38.133996,2025-04-07 03:08:00.431743,0 days 00:00:22.297747,0.04388898606428385,0.15060922857816136,2,0.06931066856745381,0.05860614832759192,0.07332652188712105,0.09302379091759304,0.09464018853472304,0.08412583400283499,0.007665339477439759,25,87,0.08668160758673332,0.1127459778747725,False,False,False,1.4602013211421668e-08,COMPLETE
1197,0.5664139270782471,2025-04-07 03:08:00.816424,2025-04-07 03:08:24.147938,0 days 00:00:23.331514,0.027563717707064207,0.17873869918082333,2,0.04542961244321859,0.0485737508794425,0.06753650021408653,0.0899748467884187,0.09662636608931126,0.0814499149510361,0.005260615909957969,27,81,0.09994468440943449,0.12890278077307635,False,False,False,2.8550923782296625e-08,COMPLETE
1198,0.6153087258338928,2025-04-07 03:08:24.527343,2025-04-07 03:08:47.924725,0 days 00:00:23.397382,0.07239434926561354,0.11997368450728697,2,0.06271047381723985,0.03449045920830443,0.07148466940316485,0.09535432987716469,0.0903329883333455,0.07946056933386741,0.006073569762378305,27,73,0.09334513308442616,0.11963254134813388,False,False,False,1.0004487242579582e-08,COMPLETE
1199,0.4394410729408264,2025-04-07 03:08:48.307435,2025-04-07 03:09:10.531767,0 days 00:00:22.224332,0.09661438578590412,0.6060514103004715,2,0.0727167531364468,0.19884481880806112,0.07567408184377471,0.09168172758819457,0.09324838883589194,0.08498193769131841,0.004127247747492249,25,91,0.09070639569204843,0.10402298411198406,False,False,False,1.8453747114475242e-08,COMPLETE
1200,0.4477333188056946,2025-04-07 03:09:10.914873,2025-04-07 03:09:32.749707,0 days 00:00:21.834834,0.07416223237301192,0.13681335969367323,2,0.02800867475974161,0.11351324324971088,0.07908252510754042,0.08748743232789206,0.09985607133356662,0.08258654513322065,0.005039371975419815,24,84,0.09565251672115703,0.07430387203717871,False,False,False,1.2439039227514508e-08,COMPLETE
1201,0.4977989792823792,2025-04-07 03:09:33.132405,2025-04-07 03:09:56.035057,0 days 00:00:22.902652,0.10946564337070984,0.22624559898341898,2,0.03415998370817309,0.09525589770654258,0.06947818313546675,0.09418783136453299,0.09994427607184214,0.08671695994056712,0.0067152492628137946,26,88,0.08767214435147191,0.1101916956404666,False,False,False,2.170680982360529e-08,COMPLETE
1202,0.6171030879020691,2025-04-07 03:09:56.416357,2025-04-07 03:10:20.596229,0 days 00:00:24.179872,0.05729540640554577,0.17072738873738927,2,0.0407221075366848,0.041898074915722665,0.07400914608996614,0.0852656854787016,0.09675195078043426,0.07993555063518751,0.007760791516871642,28,77,0.09773988258815387,0.09963309843020855,False,False,False,1.4908178386161425e-08,COMPLETE
1203,0.6436472654342652,2025-04-07 03:10:20.981563,2025-04-07 03:10:43.831451,0 days 00:00:22.849888,0.09239056547430372,0.15347262000193554,2,0.054645219846721806,0.05400726736663039,0.07623701055489213,0.09815462224646772,0.09487445018741629,0.08346293744273746,0.005453913222047975,26,83,0.09234540935213374,0.1156196181221894,False,False,False,1.746476470719834e-08,COMPLETE
1204,0.36478468775749207,2025-04-07 03:10:44.217575,2025-04-07 03:11:07.780207,0 days 00:00:23.562632,0.0411842629544176,0.11435379374963725,2,0.0668429131340851,0.16124908038047361,0.07223392389769734,0.0890686341973721,0.09206524966393786,0.08107631398844052,0.004080426643144096,27,86,0.09436819301325074,0.09216511310419793,False,False,False,1.2287147571048565e-08,COMPLETE
1205,0.5521831154823303,2025-04-07 03:11:08.165340,2025-04-07 03:11:30.651031,0 days 00:00:22.485691,0.06975264489677273,0.3858716320485812,2,0.07518854153331396,0.06326147871219814,0.06666128911742554,0.09193941382544513,0.06738941603368986,0.07874605532063716,0.005055413701648468,25,80,0.08906218023379046,0.12717994495673265,False,False,False,3.137980799020782e-08,COMPLETE
1206,0.43665847182273865,2025-04-07 03:11:31.036678,2025-04-07 03:11:55.101185,0 days 00:00:24.064507,0.11123068812309073,0.13648910942077047,2,0.06111236343956422,0.04139592441883765,0.0696563256019938,0.09661758922398453,0.09793507602700763,0.08153759544978258,0.0062258401076298086,28,92,0.09588379526757837,0.12095427916695423,False,False,False,1.493093617530174e-08,COMPLETE
1207,0.5889049649238587,2025-04-07 03:11:55.486216,2025-04-07 03:12:06.219153,0 days 00:00:10.732937,0.08140845830040691,0.20871007837861177,2,0.050392277192549344,0.049482266333423786,0.07788006336927644,0.09366828564710343,0.09056832853343971,0.0847896333694054,0.007967060746317372,6,85,0.09172417003712285,0.10624633489270224,False,False,False,2.3568043522139676e-08,COMPLETE
1208,0.6655944108963012,2025-04-07 03:12:06.601338,2025-04-07 03:12:29.689867,0 days 00:00:23.088529,0.02548849351617692,0.18686143877924502,2,0.06786624368635376,0.0343387493144216,0.07444372587811496,0.08958197492536434,0.09645335047957367,0.07935884349345582,0.004223255282580056,26,89,0.09817082977974914,0.11255090568666695,False,False,False,1.1971024212300898e-08,COMPLETE
1209,0.6112047076225281,2025-04-07 03:12:30.078465,2025-04-07 03:12:39.113917,0 days 00:00:09.035452,0.1241826629378462,0.15960027446841804,16,0.07536567810240657,0.04605771302050003,0.08200031038271244,0.09591721477443672,0.09381757419881719,0.0871435609022791,0.005780779154623365,27,82,0.0925864230440922,0.09706262073293828,False,False,False,1.790374842651345e-08,COMPLETE
1210,0.6093095302581787,2025-04-07 03:12:39.501625,2025-04-07 03:13:02.229856,0 days 00:00:22.728231,0.09428116714800595,0.11233366019999926,2,0.05948078160959825,0.056799534459651004,0.07142541203562679,0.0917013009937987,0.04795105272304222,0.08286208114612605,0.0003229164752475124,26,76,0.09405535778283705,0.10451419029512818,False,False,False,1.2378441393387798e-08,COMPLETE
1211,0.6573824405670167,2025-04-07 03:13:02.614011,2025-04-07 03:13:15.876693,0 days 00:00:13.262682,0.05468514670222334,0.16942417059623222,2,0.03856612617133677,0.03853439518423236,0.07697827865187762,0.09452903541871154,0.09998453137531357,0.07721724786632939,0.0045892153044795,10,86,0.09029832183888219,0.08494471057702668,False,False,False,2.01072884264268e-08,COMPLETE
1212,0.6124463081359863,2025-04-07 03:13:16.262778,2025-04-07 03:13:38.681391,0 days 00:00:22.418613,0.39319874894699947,0.13552990228979334,2,0.07232053271217354,0.05283586743132651,0.07317930278813786,0.08781089565581389,0.09531018502629782,0.08110396611382578,0.00739295629626019,25,80,0.09617745071414893,0.11688321315610312,False,False,False,1.531307849007041e-08,COMPLETE
1213,0.41844791173934937,2025-04-07 03:13:39.067823,2025-04-07 03:14:02.552800,0 days 00:00:23.484977,0.10506842042015149,0.20086516198673993,2,0.03059948398413478,0.2808394528277087,0.0795984320692558,0.09256836769591963,0.09753999790083942,0.07915120624571298,0.0037167349183296556,27,89,0.09998665224947179,0.2846940878191641,False,False,False,1.2246552389872773e-08,COMPLETE
1214,0.6577080607414246,2025-04-07 03:14:02.939137,2025-04-07 03:14:25.764096,0 days 00:00:22.824959,0.43802360671996243,0.15154966470415385,2,0.04717199589640264,0.04442440765772297,0.07484267390588643,0.08543825167144539,0.09275949966357684,0.08456267480609476,0.0050768352822722785,26,83,0.08816187072434423,0.11069520522837377,False,False,False,2.5203919825122752e-08,COMPLETE
1215,0.6142294645309448,2025-04-07 03:14:26.152869,2025-04-07 03:14:50.124916,0 days 00:00:23.972047,0.011891080362249687,0.2448646820383969,2,0.055557411726585994,0.03440288633397909,0.0683935954869561,0.09779153634590346,0.09816074183652473,0.07706445537810751,0.006481946317211899,28,93,0.09348178746632409,0.12287505778122766,False,False,False,1.763646719231295e-08,COMPLETE
1216,0.5401930689811707,2025-04-07 03:14:50.511272,2025-04-07 03:15:12.919873,0 days 00:00:22.408601,0.06750669591162141,0.11322179818760782,2,0.06705730934229318,0.07077245236749771,0.07129790059648604,0.09992051033082143,0.0951395156295182,0.08215831338739835,0.00836478406136991,25,85,0.09707837190265205,0.10024791784816696,False,False,False,1.215186299071656e-08,COMPLETE
1217,0.58242506980896,2025-04-07 03:15:13.305753,2025-04-07 03:15:34.947216,0 days 00:00:21.641463,0.1224636555025538,0.1796159621313907,2,0.07808847379984635,0.061370776785664403,0.07697067362441332,0.09048184573393346,0.09018406125834863,0.08605496342942126,0.0013269038384120543,24,79,0.09061055350662615,0.10669930804143239,False,False,False,1.0047174530678853e-08,COMPLETE
1218,0.6789023399353028,2025-04-07 03:15:35.331756,2025-04-07 03:15:58.171449,0 days 00:00:22.839693,0.0816619870493775,0.13288459436444294,2,0.06451234998830273,0.04638832156036556,0.07329352923182637,0.09470355428023133,0.09634809637564827,0.07973305903457653,0.004167448345670741,26,88,0.08627038823958552,0.11702530371013535,False,False,False,1.0092768460160989e-08,COMPLETE
1219,0.615656864643097,2025-04-07 03:15:58.561342,2025-04-07 03:16:21.965244,0 days 00:00:23.403902,0.05499241050811191,0.12647791503917838,2,0.06832133960551906,0.03868825360069455,0.07002976258026994,0.09262492619680325,0.09792835706511253,0.08340008204604295,0.005933958336529425,27,96,0.08611204251868144,0.12765221811813526,False,False,False,1.0203617091808176e-08,COMPLETE
1220,0.6123801708221436,2025-04-07 03:16:22.353214,2025-04-07 03:16:46.708859,0 days 00:00:24.355645,0.03883555717722448,0.11121903500228156,2,0.07498006945847079,0.04305446117479153,0.07228509537773216,0.08896356283932565,0.09999577239734246,0.08080398739326972,0.004808156649231722,28,92,0.08801512604510738,0.12084155557005935,False,False,False,1.019775119536773e-08,COMPLETE
1221,0.6203229904174805,2025-04-07 03:16:47.097886,2025-04-07 03:17:10.146380,0 days 00:00:23.048494,0.0748295814187324,0.15844624640783045,2,0.08347777809915242,0.0463099139078871,0.06865659034947894,0.09082445469395484,0.09332671414672378,0.08311225401551987,0.007232854592842944,26,90,0.08619800139040251,0.11779315843196055,False,False,False,1.0085115031494104e-08,COMPLETE
1222,0.6563845992088319,2025-04-07 03:17:10.535240,2025-04-07 03:17:33.975267,0 days 00:00:23.440027,0.051923378706741186,0.13191056637116078,2,0.06348211060880503,0.03395296155938076,0.06669849733709973,0.09421343473583692,0.0970379640141717,0.022711875200201306,0.0057972820672402454,27,89,0.09825214293369834,0.12771633917612046,False,False,False,1.5438725850908287e-08,COMPLETE
1223,0.6840899944305421,2025-04-07 03:17:34.362833,2025-04-07 03:17:57.578772,0 days 00:00:23.215939,0.08033375399719889,0.18418665068856582,2,0.04229802787017243,0.03974577790276433,0.07067983359550906,0.04959469929318755,0.09468460654709497,0.08028289066049522,0.004351709190705319,26,88,0.095093287412079,0.1205257154960063,False,False,False,1.3674426751468856e-08,COMPLETE
1224,0.388318145275116,2025-04-07 03:17:57.966399,2025-04-07 03:18:20.206294,0 days 00:00:22.239895,0.08736312289430437,0.20083455867436611,2,0.042553633782470686,0.1799684638264521,0.06960875669933679,0.05102783363058287,0.09129686171572658,0.07976620710618977,0.003489853575888206,25,93,0.08634022456373616,0.13000177071412503,False,False,False,1.4452689797713672e-08,COMPLETE
1225,0.609507966041565,2025-04-07 03:18:20.595517,2025-04-07 03:18:42.754330,0 days 00:00:22.158813,0.08701613815525906,0.21643248713006957,2,0.032595216550230566,0.033793142856174706,0.06766829363815823,0.09534039629269782,0.09003821893563266,0.07876335842363559,0.004161007269882763,25,95,0.08600686210857748,0.12368080928032471,False,False,False,2.0339763802961283e-08,COMPLETE
1226,0.6215754866600037,2025-04-07 03:18:43.139638,2025-04-07 03:19:05.422042,0 days 00:00:22.282404,0.09397570182485343,0.20655443270208734,2,0.038980877490655645,0.038456255198085834,0.07115516934928524,0.046708417925524645,0.09191919376570488,0.005111278801997805,0.004176363758182887,25,98,0.09770345246376987,0.12161056548850921,False,False,False,4.581416377072894e-05,COMPLETE
1227,0.6152644753456116,2025-04-07 03:19:05.813399,2025-04-07 03:19:28.803064,0 days 00:00:22.989665,0.0781728710478173,0.23746645941138045,2,0.04179755320722711,0.033438887565814424,0.06962071418478448,0.09385308787215256,0.0931147325325116,0.08177337530217496,0.003519247941136507,26,91,0.09589466204576821,0.12986258828376296,False,False,False,1.0113083632909292e-08,COMPLETE
1228,0.6085278868675232,2025-04-07 03:19:29.195152,2025-04-07 03:19:51.471192,0 days 00:00:22.276040,0.10207894545558083,0.22058004964687628,2,0.03521193287368508,0.03924366919160078,0.06577976866396114,0.09532126083540289,0.094216687626536,0.0848278269679322,0.004613949561090426,25,93,0.09423125350743626,0.11789140503909064,False,False,False,1.5277267303767893e-08,COMPLETE
1229,0.49176288843154914,2025-04-07 03:19:51.858405,2025-04-07 03:20:13.527523,0 days 00:00:21.669118,0.6389489888309624,0.2591819648828684,2,0.027808152015944138,0.053428113696013135,0.07166411337409527,0.08481375232486872,0.0902703400649127,0.08017245865337859,0.0039454668176071295,24,89,0.08858187804883715,0.12233116568782335,False,False,False,3.000201941544846e-08,COMPLETE
1230,0.5959191203117371,2025-04-07 03:20:13.913508,2025-04-07 03:20:22.892862,0 days 00:00:08.979354,0.07929010141054531,0.18025693672525608,16,0.04358482667638078,0.0484337772684112,0.06785761617065138,0.09288716574759104,0.09427893397999863,0.08744255963521047,0.0008185124219743192,26,91,0.08737303951787176,0.128868485190185,False,False,False,1.8453390068010074e-08,COMPLETE
1231,0.6070286989212037,2025-04-07 03:20:23.282945,2025-04-07 03:20:46.336983,0 days 00:00:23.054038,0.10902358144170193,0.19399158416675807,2,0.04814118769281217,0.04090921038970816,0.07038374914457747,0.053897916565476586,0.0926980408974017,0.08305196967337121,0.0002211420660125155,26,88,0.09838802216381075,0.11659554993922126,False,False,False,1.0025907106451251e-08,COMPLETE
1232,0.6351593971252442,2025-04-07 03:20:46.728546,2025-04-07 03:21:08.982311,0 days 00:00:22.253765,0.07039381148046128,0.19038584816813803,2,0.033523642505922706,0.04683242776362477,0.07287537725194414,0.0955463130876655,0.09521403298922199,0.0785720833754051,0.004933741879755976,25,88,0.08997626225150483,0.1236201653720719,False,False,False,1.3458135547102745e-08,COMPLETE
1233,0.449164879322052,2025-04-07 03:21:09.372286,2025-04-07 03:21:32.347940,0 days 00:00:22.975654,0.09934797304338647,0.17359151998852357,2,0.04680826645907767,0.12249247413797046,0.06346117449344643,0.08734920944347345,0.09560507001637727,0.0798865677961572,0.003016919530200384,26,87,0.09626829412570008,0.11621148427381339,False,False,False,2.340351905446405e-08,COMPLETE
1234,0.5997514367103577,2025-04-07 03:21:32.756160,2025-04-07 03:21:55.764292,0 days 00:00:23.008132,0.07801796849971512,0.1711325404421341,2,0.03624389883764542,0.05529900690026465,0.07279176282292898,0.09247473711107039,0.09163755631302418,0.08468820630861496,0.004379597778842179,26,94,0.09227442907120677,0.12881352627531106,False,False,False,1.2861777900555698e-08,COMPLETE
1235,0.6089869618415833,2025-04-07 03:21:56.158095,2025-04-07 03:22:12.905781,0 days 00:00:16.747686,0.09363228552561137,0.21614355804569935,2,0.04173426144606537,0.04035085463681945,0.06990874477119698,0.09405148538796737,0.09380585601827972,0.08160248619097232,0.00850703087461105,16,91,0.09444294463329266,0.11728763438632657,False,False,False,1.840666544928892e-08,COMPLETE
1236,0.6718010783195496,2025-04-07 03:22:13.303502,2025-04-07 03:22:35.646236,0 days 00:00:22.342734,0.06233817413646,0.1863917430060919,2,0.02907409554370416,0.032941223970379595,0.06679462517097277,0.09618922567718585,0.09639675783108058,0.07824833528074908,0.005120390709633552,25,87,0.08938729504140644,0.12169576689487298,False,False,False,1.0047051830534837e-08,COMPLETE
1237,0.6101129055023193,2025-04-07 03:22:36.043717,2025-04-07 03:22:58.392490,0 days 00:00:22.348773,0.10951973216076961,0.14458325865361066,2,0.051181340566711045,0.05141207218159597,0.07168132349022832,0.088977619997646,0.08984183721013046,0.08284091563337963,0.0036948589334722917,25,90,0.08603454938680011,0.11342762246685228,False,False,False,1.6184668677123726e-08,COMPLETE
1238,0.5971778392791749,2025-04-07 03:22:58.786940,2025-04-07 03:23:20.538838,0 days 00:00:21.751898,0.08785410705367332,0.16396430155834216,2,0.04703900272739539,0.04433868643746047,0.07346460293450109,0.039606227822431145,0.09244727480715313,0.08052709105682088,7.037919507613566e-05,24,96,0.09989786711307258,0.1236998773048921,False,False,False,1.2652819871815208e-08,COMPLETE
1239,0.615364670753479,2025-04-07 03:23:20.934797,2025-04-07 03:23:43.870343,0 days 00:00:22.935546,0.11190221202612165,0.12000586628208032,2,0.03895101574062616,0.05897352115550913,0.06848032448695375,0.09277936344909675,0.09513276379578438,0.0858332407161269,0.0011305586955976804,26,87,0.09706941689192035,0.11368956421854023,False,False,False,2.4411622782430167e-08,COMPLETE
1240,0.47968888282775884,2025-04-07 03:23:44.268521,2025-04-07 03:24:07.404912,0 days 00:00:23.136391,0.06512063705361062,0.11274695385867765,2,0.028885950546623476,0.032364855852068476,0.07065686469598823,0.0913453082293109,0.09743986720223302,0.07533483408712563,0.006367244070659606,26,92,0.0928821628205198,0.1259886232485748,False,False,False,1.502565929210037e-08,COMPLETE
1241,0.6710780382156373,2025-04-07 03:24:07.805258,2025-04-07 03:24:30.404731,0 days 00:00:22.599473,0.08996361256579441,0.19509261101270492,2,0.024454137684594427,0.04035130842580391,0.06442334721651849,0.04145385895716408,0.05328107328260526,0.07868819836011567,0.004716196477551871,25,86,0.09501184465377929,0.1126695748133369,False,False,False,3.2467430156020114e-08,COMPLETE
1242,0.6834962606430054,2025-04-07 03:24:30.801388,2025-04-07 03:24:53.550444,0 days 00:00:22.749056,0.1347845104184137,0.15055503818094815,2,0.047728992853439664,0.048895423503319865,0.07354883658780852,0.09778212611757182,0.09397905091443345,0.08738637310331793,0.007365934939361683,26,89,0.08779878256957781,0.1190968883227419,False,False,False,1.9770427300875478e-08,COMPLETE
1243,0.4116059184074402,2025-04-07 03:24:53.944143,2025-04-07 03:25:16.834005,0 days 00:00:22.889862,0.12694048049756568,0.13565048455638015,2,0.0497590124799807,0.21976802559665634,0.06864316742173807,0.0978330366882711,0.0899155201642945,0.0879341266628163,0.00824947813795816,26,93,0.08597756417580661,0.12771100344838762,False,False,False,2.6967248550376845e-08,COMPLETE
1244,0.6119574785232544,2025-04-07 03:25:17.229582,2025-04-07 03:25:39.575391,0 days 00:00:22.345809,0.13278116633788886,0.17537637760154418,2,0.04553069996395027,0.03246194240803776,0.07204675991468745,0.09935927758172035,0.09164434298476706,0.08723461654029863,0.008217868199033704,25,90,0.08791854886530014,0.12237172157411004,False,False,False,2.4701721539475362e-08,COMPLETE
1245,0.6166123390197754,2025-04-07 03:25:39.969815,2025-04-07 03:26:02.959500,0 days 00:00:22.989685,0.134475763738119,0.1569546176329123,2,0.05216595471521948,0.04525747581308491,0.07368770153527615,0.09798054481030971,0.09311056928643933,0.08869480703619201,0.008836958878018275,26,96,0.08838518614815996,0.13156185992694702,False,False,False,3.0470084845548556e-08,COMPLETE
1246,0.6535366535186768,2025-04-07 03:26:03.357514,2025-04-07 03:26:25.658148,0 days 00:00:22.300634,0.12479746749147716,0.13576541754882226,2,0.040177232606465586,0.0381805498601394,0.07013042134761434,0.03669392544513629,0.08989731671134138,0.08945978098372959,0.007444227846578263,25,89,0.09006600910610302,0.12066396155811572,False,False,False,2.1609523962778524e-08,COMPLETE
1247,0.6021319031715393,2025-04-07 03:26:26.053504,2025-04-07 03:26:48.410126,0 days 00:00:22.356622,0.13597547114908287,0.20648329694355577,2,0.044903212814293644,0.054389955355939976,0.06595128679041765,0.09699265404899826,0.094076826920667,0.08593484780229715,0.006890961646712891,25,93,0.08573012237921962,0.11946682613137014,False,False,False,1.9715572789553356e-08,COMPLETE
1248,0.5315862536430359,2025-04-07 03:26:48.805666,2025-04-07 03:27:11.800557,0 days 00:00:22.994891,0.1407522921981825,0.17803262594967317,2,0.053496167755912954,0.06567229222677808,0.07159247017516801,0.09929131386537834,0.09172031145376092,0.0891606087665281,0.007095762762942383,26,98,0.08761496185891947,0.12653941170903316,False,False,False,3.5491148607507095e-08,COMPLETE
1249,0.6133880496025086,2025-04-07 03:27:12.197290,2025-04-07 03:27:33.981295,0 days 00:00:21.784005,0.11170402038833659,0.11439330972772199,2,0.040299074550594095,0.04961648887007102,0.07441795897977001,0.09660412483387706,0.060163707630486896,0.08736690791948534,0.008290817134217896,24,91,0.08535366664042755,0.11696817258983165,False,False,False,2.220015071830027e-08,COMPLETE
1250,0.6087251543998718,2025-04-07 03:27:34.377484,2025-04-07 03:27:43.231161,0 days 00:00:08.853677,0.15918599326475288,0.14587619111502348,16,0.03556281413968655,0.043383294790469554,0.06812702558093385,0.08662575543903049,0.09418596275992415,0.08796675168384582,0.049256920117899686,26,86,0.08852128765817442,0.130677078238719,False,False,False,1.8004643848763168e-08,COMPLETE
