number,value,datetime_start,datetime_complete,duration,params_alpha-eval,params_alpha-train,params_batch-size,params_eps-eval,params_eps-train,params_lambda-actions-eval,params_lambda-actions-train,params_lambda-frames-eval,params_lambda-frames-train,params_learning-rate,params_n-epochs,params_n-frames,params_radius-gw,params_rho,params_std-feats,params_ub-actions,params_ub-frames,params_weight-decay,state
340,0.39607773423194886,2025-04-06 22:05:58.162690,2025-04-06 22:06:08.276668,0 days 00:00:10.113978,0.29390932707066075,0.03161406607892027,8,0.01299501741791905,0.13391858567383258,0.0540833977334639,0.07924126157095311,0.04412784190469788,0.08059877386765217,0.003667713797143262,23,83,0.07408259576608156,0.1559960137280179,False,False,False,7.658857082511292e-07,COMPLETE
341,0.6155080795288086,2025-04-06 22:06:08.392397,2025-04-06 22:06:18.330399,0 days 00:00:09.938002,0.25851223619137426,0.05380145921184593,8,0.01554941021847469,0.04387771477727514,0.004884147829137493,0.07412601811722683,0.042826075405568945,0.08103290347888355,0.003975454545729461,23,78,0.07563162629584169,0.16224947495835934,False,False,False,5.466844026600857e-07,COMPLETE
342,0.6108162760734558,2025-04-06 22:06:18.437022,2025-04-06 22:06:28.384075,0 days 00:00:09.947053,0.20630853118271686,0.07188583000936777,8,0.023391233002776426,0.06488090707323596,0.05730715641794499,0.06977702764356225,0.04203696269172114,0.0764946002003802,0.004607902968053019,23,81,0.07880985081956914,0.15813547253585267,False,False,False,6.87365980805535e-07,COMPLETE
343,0.6232041597366333,2025-04-06 22:06:28.490263,2025-04-06 22:06:38.574261,0 days 00:00:10.083998,0.31567843785888394,0.027696093673965992,8,0.009689841865610399,0.03872232675067406,0.04186905977002802,0.07146072964088523,0.07949433402197581,0.08017657664000352,0.0063101518606545615,24,74,0.07713246123950014,0.15053004135418938,False,False,False,1.0237724069693194e-06,COMPLETE
344,0.35613414645195013,2025-04-06 22:06:38.682230,2025-04-06 22:06:48.660242,0 days 00:00:09.978012,0.3118131082055017,0.04710629223111321,8,0.004715807014934132,0.038506591599712404,0.04213190963345476,0.07063935341613102,0.07735442070259752,0.08017039868893377,0.0065538092319774085,24,91,0.07448065773010999,0.15375883318130418,False,False,False,1.2459808899533788e-06,COMPLETE
345,0.4162801563739777,2025-04-06 22:06:48.778842,2025-04-06 22:06:58.818713,0 days 00:00:10.039871,0.23145814486280608,0.029323615248275765,8,0.009700170243280428,0.28353184791786573,0.045634841928088456,0.07446551105347426,0.08035768499931002,0.0783108341143605,0.007079025200572768,23,85,0.010772400512466737,0.15946416881271971,False,False,False,1.0066944049782397e-06,COMPLETE
346,0.6138385772705078,2025-04-06 22:06:58.925999,2025-04-06 22:07:08.927014,0 days 00:00:10.001015,0.3551594144590178,0.08508415196983724,8,0.019191882014002487,0.04134138253825871,0.038795721023801494,0.07767560441097551,0.08162831570830477,0.075060939714503,0.005949858255479946,23,76,0.07705689253524757,0.14723416193762273,False,False,False,4.776909203809111e-07,COMPLETE
347,0.6226730823516846,2025-04-06 22:07:09.034292,2025-04-06 22:07:19.141615,0 days 00:00:10.107323,0.20205677824736057,0.029494772947392008,8,0.010363184672364977,0.03868840624762926,0.04174808894039863,0.07132515809416752,0.04525829035698889,0.08142440935543822,0.009920522412703366,24,79,0.07209937480962829,0.1456876700996565,False,False,False,1.3251472201108764e-06,COMPLETE
348,0.5941158771514893,2025-04-06 22:07:19.249598,2025-04-06 22:07:29.373826,0 days 00:00:10.124228,0.19431999787279278,0.055484905043998625,8,0.004211087400771163,0.03770291418123644,0.04114459967748958,0.0693078133752156,0.03957010047058916,0.08267205124164057,0.010318131287667042,24,81,0.07053861397726974,0.14451118221736511,False,False,False,5.330004073754461e-06,COMPLETE
349,0.6201378703117371,2025-04-06 22:07:29.491294,2025-04-06 22:07:39.710845,0 days 00:00:10.219551,0.33808505983720427,0.029475387881861208,8,0.02023971671610461,0.03608950226756514,0.03552978852117753,0.0714356396467675,0.04793137963740224,0.07926246327781532,0.007952979379976752,25,79,0.07739882828831739,0.1505447157428989,False,False,False,1.2507363443933154e-06,COMPLETE
350,0.6146450638771057,2025-04-06 22:07:39.819482,2025-04-06 22:07:48.745500,0 days 00:00:08.926018,0.2135261083547321,0.07050230987682925,8,0.010259177010984513,0.04797945696887014,0.044457094424618294,0.07172362395600826,0.05003800325751979,0.03958134213514941,0.009476584425364193,17,73,0.07190167239717232,0.14353205114343132,False,False,False,1.7223112433417624e-06,COMPLETE
351,0.4023672342300415,2025-04-06 22:07:48.853738,2025-04-06 22:07:59.141625,0 days 00:00:10.287887,0.23242394845830305,0.010170750565271442,8,0.025373950223208416,0.03797563404846454,0.04278028781573739,0.018222225250616703,0.0779577987555379,0.08168059617168458,0.007544146527450479,25,89,0.07979533957890071,0.26976674145435225,False,False,False,9.727244704036104e-07,COMPLETE
352,0.1177992105484009,2025-04-06 22:07:59.250559,2025-04-06 22:08:09.244843,0 days 00:00:09.994284,0.2860630055650739,0.046450103038947727,8,0.0009449759291245453,0.05651469537729362,0.047695486682947166,0.06937549903866155,0.09575067510701878,0.0818251666574752,0.006044971262690409,24,95,0.004469082969269726,0.1401696443732303,False,False,False,1.330116236376058e-06,COMPLETE
353,0.624988865852356,2025-04-06 22:08:09.363274,2025-04-06 22:08:19.462584,0 days 00:00:10.099310,0.20115383373449447,0.028612107237258762,8,0.018153148876327956,0.04743923416277177,0.045194284706599364,0.07290709285123928,0.03762162110246806,0.07709052650148203,0.009989666105691854,24,85,0.07599678671749187,0.14992264476003225,False,False,False,8.896410018735856e-07,COMPLETE
354,0.6158751010894776,2025-04-06 22:08:19.572267,2025-04-06 22:08:29.677764,0 days 00:00:10.105497,0.19584771455807382,0.05750635092722341,8,0.01635528351982866,0.05003452297660992,0.04551240239642648,0.07321575306508,0.04070010183922452,0.07602809100450603,0.010295490231890622,24,85,0.07591903418928064,0.1478836086024131,False,False,False,1.0381649732739124e-06,COMPLETE
355,0.6215524077415466,2025-04-06 22:08:29.788912,2025-04-06 22:08:40.078436,0 days 00:00:10.289524,0.20266032957880087,0.01012477327103228,8,0.01869237697341507,0.045246359127511425,0.04243789455918254,0.07660572397265435,0.07542710771834082,0.07811017032520401,0.006398830951766517,25,82,0.0728718074640414,0.15113014410656592,False,False,False,2.3947767278487104e-06,COMPLETE
356,0.6154769659042358,2025-04-06 22:08:40.191363,2025-04-06 22:08:50.501762,0 days 00:00:10.310399,0.20165536070206888,0.07879633424835432,8,0.02527735414155636,0.05558290177660151,0.043965379539871244,0.005383616807207434,0.06198754837378893,0.07690090673687912,0.004828620417546401,25,83,0.0720846321123097,0.15088318065802267,False,False,False,1.6773581654013594e-06,COMPLETE
357,0.6153393149375916,2025-04-06 22:08:50.622213,2025-04-06 22:09:00.926870,0 days 00:00:10.304657,0.3146927859676661,0.03918924831552831,8,0.01874067785044428,0.04867791437711376,0.040980939419184306,0.07674134326541573,0.08601340252802159,0.07400165201588166,0.0062521136192720565,25,87,0.07736270355213039,0.14834609097289014,False,False,False,2.2098431527942266e-06,COMPLETE
358,0.6145709156990051,2025-04-06 22:09:01.039433,2025-04-06 22:09:11.511269,0 days 00:00:10.471836,0.3923599832091976,0.03152381263555731,8,0.018594328436262297,0.06552262962410114,0.042080580304944985,0.0761608651486234,0.037102465733625405,0.07790514799111892,0.005568395146739762,26,81,0.06964961353125453,0.13840819727116735,False,False,False,2.6706803502947473e-06,COMPLETE
359,0.6152609944343567,2025-04-06 22:09:11.622731,2025-04-06 22:09:20.174848,0 days 00:00:08.552117,0.1977982794731809,0.05275634497861208,8,0.025899750418715915,0.04609341375961269,0.03894473660537338,0.0793648019887372,0.03939383618576437,0.07938650321157788,0.006797560899344967,14,80,0.08185505117851108,0.1600987031063887,False,False,False,1.3556125562911367e-06,COMPLETE
360,0.6256158709526062,2025-04-06 22:09:20.297955,2025-04-06 22:09:30.901620,0 days 00:00:10.603665,0.2190192875930771,0.02930356231035593,8,0.1601240055431346,0.052725045759720646,0.048458409320858986,0.07369150835564539,0.037938419104730586,0.0766347920877794,0.004550968911775557,26,85,0.0788608072224893,0.14163553457982622,False,False,False,8.459233247725362e-07,COMPLETE
361,0.5966414451599121,2025-04-06 22:09:31.014037,2025-04-06 22:09:41.339600,0 days 00:00:10.325563,0.21171255375609999,0.0713131997253825,8,0.019493722599084135,0.06044134100792253,0.04842992924030693,0.07500477687471191,0.03727846250132364,0.07629853740194427,0.004315355776653631,25,93,0.08493500951454161,0.14332656125636126,False,False,False,3.0398764488416263e-06,COMPLETE
362,0.3755691349506378,2025-04-06 22:09:41.452312,2025-04-06 22:09:49.298472,0 days 00:00:07.846160,0.21710056440730854,0.04391836843724813,8,0.005709203929156076,0.09802391370765093,0.04301304802614222,0.07675266487196811,0.07844640900287116,0.07339311708866772,0.0032212222591755505,11,88,0.07882736255489876,0.281036989340366,False,False,False,1.1172350258780923e-06,COMPLETE
363,0.6248750686645509,2025-04-06 22:09:49.411134,2025-04-06 22:09:59.914581,0 days 00:00:10.503447,0.1988738494679007,0.027341579015445077,8,0.1422873213568227,0.05463650190920614,0.03686803766855387,0.0718113826503813,0.07940038880586496,0.07543550680904226,0.0028398061382587545,26,85,0.08213866060483477,0.09456291406075948,False,False,False,8.942881755530631e-07,COMPLETE
364,0.5645180225372315,2025-04-06 22:10:00.039767,2025-04-06 22:10:10.446991,0 days 00:00:10.407224,0.604989101174643,0.08269922205384776,8,0.1514135739955185,0.055288097772240426,0.03698273445193771,0.07106192175655812,0.08070407521379523,0.07507312540248619,0.0027735914328944336,25,83,0.021517426527058663,0.07342563565733032,False,False,False,2.232723726933392e-06,COMPLETE
365,0.4339138269424439,2025-04-06 22:10:10.562730,2025-04-06 22:10:21.082749,0 days 00:00:10.520019,0.20316467738175972,0.060600851879442114,8,0.19249780614842266,0.032867194661759525,0.03960949683342714,0.07189740939732335,0.07652580987797236,0.07096441128854741,0.0023854931034707947,26,86,0.08243842042009941,0.1095899658915251,False,False,False,7.40369123679256e-07,COMPLETE
366,0.6058214187622071,2025-04-06 22:10:21.196032,2025-04-06 22:10:31.635335,0 days 00:00:10.439303,0.18716839335749397,0.035934535131668166,8,0.1616186942795682,0.07236223932008891,0.03403399257952346,0.07834957114427077,0.08657567828421203,0.0773549187851876,0.003757062197335291,26,85,0.08199323346333205,0.13679588861956596,False,False,False,1.381182104756735e-06,COMPLETE
367,0.42952019572258,2025-04-06 22:10:31.748334,2025-04-06 22:10:42.190591,0 days 00:00:10.442257,0.5328343667760266,0.03063777567189538,8,0.1448799373916901,0.042040775233507584,0.03608860038447355,0.0751881135657304,0.08178780199406421,0.07234799770078591,0.004754188457976741,26,84,0.08413009321603575,0.14336221624378873,False,False,False,9.3077984206618e-07,COMPLETE
368,0.6093322753906251,2025-04-06 22:10:42.314088,2025-04-06 22:10:52.842436,0 days 00:00:10.528348,0.2206874251026867,0.053545051356959,8,0.16168023042319413,0.061662151798045114,0.037584188782567335,0.0718016049026395,0.08205652790130352,0.07492194460305605,0.005045139724046162,26,89,0.07318712234117944,0.15368819644531476,False,False,False,6.820801312928188e-07,COMPLETE
369,0.4047661721706391,2025-04-06 22:10:52.956346,2025-04-06 22:11:03.500733,0 days 00:00:10.544387,0.913008342330137,0.029450137713192822,8,0.029676942089391783,0.054513581803681224,0.04132909825531602,0.07361540902761209,0.07742663363639757,0.07882454993722895,0.00407382065631602,26,12,0.07978094004358216,0.08550817363277478,False,False,False,1.7717141686673148e-06,COMPLETE
370,0.3956235647201538,2025-04-06 22:11:03.616301,2025-04-06 22:11:13.976392,0 days 00:00:10.360091,0.19993508595561343,0.06196158415801377,8,0.1407254317832036,0.0381249127077733,0.04989676817787916,0.06979292343903754,0.07451944804623724,0.07679155513805168,0.0033338739751518414,25,91,0.06868159661400981,0.10315662942335818,False,False,False,1.1917591927431587e-06,COMPLETE
371,0.6149773836135864,2025-04-06 22:11:14.102233,2025-04-06 22:11:24.601972,0 days 00:00:10.499739,0.17173730651886815,0.08626242501392978,8,0.16762614713897583,0.04885452339530981,0.043623098882346945,0.07614354518714905,0.07907900246325276,0.07401891545234993,0.0028815475328979262,25,78,0.07541929714325622,0.09356757946583129,False,False,False,8.420833653300296e-07,COMPLETE
372,0.3717727839946747,2025-04-06 22:11:24.718946,2025-04-06 22:11:32.407252,0 days 00:00:07.688306,0.22842364614511856,0.029759341652464074,8,0.18122119827301106,0.2210610680465263,0.05080090027858313,0.06936625026592559,0.07609257310942083,0.04755907595133222,0.010729243375815671,9,81,0.0791867475062529,0.130483406050833,False,False,False,1.5471244709991872e-06,COMPLETE
373,0.6103024125099182,2025-04-06 22:11:32.522045,2025-04-06 22:11:42.825662,0 days 00:00:10.303617,0.1868757344636532,0.04723786777233633,8,0.15702139763376247,0.03276701710579912,0.039878392752377874,0.07379322997086059,0.07976347154610457,0.0779023382646326,0.009815601496566429,25,63,0.08495149600213443,0.14808858408522182,False,False,False,6.084246783832326e-07,COMPLETE
374,0.6201743125915528,2025-04-06 22:11:42.942548,2025-04-06 22:11:53.060987,0 days 00:00:10.118439,0.2253064175604671,0.02600534658679201,8,0.02142743353803897,0.04166277405596816,0.030901165362273844,0.07158016968831474,0.03177536180793793,0.08007220886932458,0.00519654309550071,24,85,0.08242020847295294,0.11665417575704289,False,False,False,1.1476627783600173e-06,COMPLETE
375,0.46523727178573615,2025-04-06 22:11:53.186933,2025-04-06 22:12:03.378522,0 days 00:00:10.191589,0.24344103496781405,0.01027884514107123,8,0.1468595059637039,0.05037892223015159,0.04245382286879664,0.07777433710747893,0.05299592898015719,0.0756696970630051,0.001646669855604578,24,6,0.03549901971630104,0.13550855643774987,False,False,False,8.26224828677029e-07,COMPLETE
376,0.09159234166145325,2025-04-06 22:12:03.494465,2025-04-06 22:12:13.571560,0 days 00:00:10.077095,0.20100579002600366,0.9411394352032387,8,0.00024126988894739368,0.037532104020877324,0.04876843613498231,0.07474951821397736,0.0378476897564382,0.055084079444325855,0.007326801491309658,25,82,0.07214557043810509,0.1541995377446502,False,False,False,6.765937261738442e-07,COMPLETE
377,0.6155669808387757,2025-04-06 22:12:13.687808,2025-04-06 22:12:24.180676,0 days 00:00:10.492868,0.21723475932774836,0.045917014887186004,8,0.16479620414407894,0.05865176977099974,0.04467061923342062,0.06905949255771754,0.05588352512680127,0.07921927556325317,0.004598042503018269,26,78,0.07623736074519014,0.14744276352245964,False,False,False,9.93502384606165e-07,COMPLETE
378,0.6419349551200867,2025-04-06 22:12:24.297406,2025-04-06 22:12:34.424024,0 days 00:00:10.126618,0.17114592957736643,0.07369897785802218,8,0.13311621667903598,0.043883479957797865,0.03804460700842682,0.08041433662538029,0.0854359311374837,0.07230852170597656,0.003906175657640382,23,69,0.08089179931887654,0.06067215913008438,False,False,False,1.7405504117584686e-06,COMPLETE
379,0.5533342599868775,2025-04-06 22:12:34.550195,2025-04-06 22:12:41.539821,0 days 00:00:06.989626,0.16574871902965504,0.07462895379702415,8,0.13108689839684762,0.0456077436144054,0.01925579475652047,0.08365768838056076,0.08677365271408029,0.06885010585431084,0.0029912269699869805,5,70,0.08076738496502636,0.07372051792207887,False,False,False,2.32752131415916e-06,COMPLETE
380,0.6179934978485108,2025-04-06 22:12:41.657246,2025-04-06 22:12:51.001789,0 days 00:00:09.344543,0.2511224221484567,0.06461238756230345,8,0.1318302986648594,0.0653720624377605,0.0336649321385186,0.08142678801308254,0.0739742130415322,0.07223822142512072,0.003886880818953375,24,68,0.08160799105639568,0.061218036278700164,False,True,True,1.6955565228079421e-06,COMPLETE
381,0.6157661437988282,2025-04-06 22:12:51.119272,2025-04-06 22:13:01.243311,0 days 00:00:10.124039,0.16622147309659732,0.09060333638349455,8,0.13717972756859595,0.05301815161857822,0.03729609678410995,0.07642996342855185,0.06909624135765405,0.07057621380746724,0.0018648839850593357,24,72,0.0852514936310988,0.06072645150962583,False,False,False,1.386179852896713e-06,COMPLETE
382,0.5003966450691224,2025-04-06 22:13:01.372437,2025-04-06 22:13:11.530698,0 days 00:00:10.158261,0.19071343134169028,0.3730601420181141,8,0.15133570430260712,0.04562465707029321,0.03876376921196626,0.07995572814756069,0.08547395999478184,0.07247790874790831,0.0035972155463159933,24,64,0.07421317977231912,0.07958837736201471,False,False,False,1.9680680434036875e-06,COMPLETE
383,0.5752615451812745,2025-04-06 22:13:11.648324,2025-04-06 22:13:21.719529,0 days 00:00:10.071205,0.23274178712259155,0.05204631332650597,8,0.15817523940354158,0.05327551573965241,0.04077231110435169,0.07907368922946062,0.09238005820733049,0.07502451814534267,0.0043994350083000995,23,76,0.07076720865201576,0.036993868929949686,False,False,False,2.6823239306403056e-06,COMPLETE
384,0.38343483805656436,2025-04-06 22:13:21.837425,2025-04-06 22:13:31.269740,0 days 00:00:09.432315,0.6309783981432682,0.042248907661194345,8,0.139349694349663,0.030784317580908993,0.042434418384690614,0.07356715143145515,0.08832776512745602,0.08291766954942535,0.005487906522916605,25,70,0.07954999611735691,0.09988849704933106,False,True,True,1.1082834716151135e-06,COMPLETE
385,0.6117763876914978,2025-04-06 22:13:31.398591,2025-04-06 22:13:41.884173,0 days 00:00:10.485582,0.1864612606961637,0.06649669099357415,8,0.12211398624352217,0.043365261996532366,0.036176736189450026,0.07226145694642702,0.083620133038292,0.07769001928399927,0.009263966434747056,26,78,0.042347775313411114,0.12193318962683365,False,False,False,3.420699385159134e-06,COMPLETE
386,0.5680304884910584,2025-04-06 22:13:42.004117,2025-04-06 22:13:51.948013,0 days 00:00:09.943896,0.2556019262837553,0.029659000868230458,8,0.2534734936588102,0.03490242547317515,0.045622746873389255,0.0748054294256827,0.03794643057410245,0.07423013851336083,0.003109447963643588,23,73,0.07717098957290476,0.013618671959593258,False,False,False,1.3882741250710364e-06,COMPLETE
387,0.5617930173873902,2025-04-06 22:13:52.067809,2025-04-06 22:14:02.402363,0 days 00:00:10.334554,0.2982442159044859,0.027032762179897085,8,0.15546347610368327,0.057739046691740514,0.040001815798239686,0.07797748655488379,0.07122511520262087,0.08083911628216382,0.007800223186693794,25,87,0.08277135850044703,0.04863760115860613,False,False,False,1.7135021049695973e-06,COMPLETE
388,0.5420779585838318,2025-04-06 22:14:02.522700,2025-04-06 22:14:11.804498,0 days 00:00:09.281798,0.22311388295154566,0.08835103588759807,8,0.009840047374856359,0.049792273394791746,0.04741158744753625,0.07174045228207024,0.041433316241642634,0.08285346442567773,0.004132784230496662,24,69,0.044587878571921855,0.26287389831472874,False,False,True,4.707380814797503e-07,COMPLETE
389,0.6133233904838562,2025-04-06 22:14:11.935597,2025-04-06 22:14:21.225652,0 days 00:00:09.290055,0.20155966287180271,0.010471171373613575,8,0.02533733913555497,0.042884002494061844,0.012840761438481299,0.08041739607591497,0.03371830271540451,0.06986824248560408,0.011275294057161867,24,73,0.07498106572600868,0.14194818196013886,False,True,False,1.1738808072585442e-05,COMPLETE
390,0.3882594406604767,2025-04-06 22:14:21.345502,2025-04-06 22:14:31.367250,0 days 00:00:10.021748,0.3254466712537815,0.0481749698880372,8,0.12738087999384612,0.14486866079924213,0.03813646272142944,0.07633315673213438,0.09004020488950021,0.07587293352027301,0.002487255825855226,23,80,0.07983876761161571,0.1583084538355472,False,False,False,0.00040412013894101055,COMPLETE
391,0.6166019201278687,2025-04-06 22:14:31.486833,2025-04-06 22:14:41.738091,0 days 00:00:10.251258,0.24107057670228876,0.06732778495413763,8,0.016908864957863038,0.03259067320540149,0.04336113985679102,0.0683853258691818,0.08303534141505074,0.0877400607600819,0.005672600882105112,25,62,0.08411845817676847,0.16095260241255896,False,False,False,6.212244717069383e-07,COMPLETE
392,0.3952912271022797,2025-04-06 22:14:41.868839,2025-04-06 22:14:51.492518,0 days 00:00:09.623679,0.576930867006827,0.04745418377238328,8,0.0057328139824279895,0.15888566422957617,0.049567036145333816,0.07333834079649942,0.046372568416301205,0.0772452480503542,0.004787190304240934,26,102,0.07700207634330837,0.13461179467202633,False,False,True,9.405929685342229e-07,COMPLETE
393,0.2779182553291321,2025-04-06 22:14:51.614911,2025-04-06 22:15:00.724854,0 days 00:00:09.109943,0.1823223652780402,0.02823656483007897,8,0.018024981291394848,0.0380671814527412,0.045125865313648615,0.07114978889508818,0.036014045982126174,0.08149930019569858,0.00013788311340011313,23,76,0.08160772506686291,0.0010110505107877032,False,True,False,7.875565836194233e-07,COMPLETE
394,0.36198586821556095,2025-04-06 22:15:00.846375,2025-04-06 22:15:10.971604,0 days 00:00:10.125229,0.2261570041321896,0.010127772439108609,8,0.03157097978637155,0.08195357729976704,0.041047335723430695,0.07490848453981243,0.0417284007935827,0.08284846795963902,0.007115839774132725,24,68,0.07323364479379973,0.16388208356545525,False,False,False,1.1743453974742389e-06,COMPLETE
395,0.2560913860797882,2025-04-06 22:15:11.093305,2025-04-06 22:15:21.034769,0 days 00:00:09.941464,0.26062154568715434,0.04446525564205224,8,0.009794531591699282,0.049424275224570935,0.051249715895674716,0.07229905124127763,0.033701355986945514,0.08002613052317951,1.2325993652733167e-05,23,82,0.07834850825996147,0.15040879519588052,False,False,False,1.9396206050720056e-06,COMPLETE
396,0.1699390798807144,2025-04-06 22:15:21.166919,2025-04-06 22:15:28.100418,0 days 00:00:06.933499,0.4481851386943003,0.01003604509604341,8,0.17240639039538475,0.06173057418503107,0.02854115952852093,0.06723213548659578,0.037994230598054096,0.07338672424761022,0.003483181712295415,7,89,0.06897704076193928,0.1410225032510096,False,False,True,4.2909854731961107e-07,COMPLETE
