number,value,datetime_start,datetime_complete,duration,params_alpha-eval,params_alpha-train,params_batch-size,params_eps-eval,params_eps-train,params_lambda-actions-eval,params_lambda-actions-train,params_lambda-frames-eval,params_lambda-frames-train,params_learning-rate,params_n-epochs,params_n-frames,params_radius-gw,params_rho,params_std-feats,params_ub-actions,params_ub-frames,params_weight-decay,state
279,0.6086766362190247,2025-04-20 14:29:59.927678,2025-04-20 14:30:11.272930,0 days 00:00:11.345252,0.76290687709501,0.1251362546739427,8,0.0492496574492315,0.04743476377610057,0.07350175698665186,0.04918906867268273,0.06947980994475496,0.007895844869642323,0.00019759123534163816,28,138,0.013399753713568,0.22975757312897804,False,False,False,2.468439015044892e-06,COMPLETE
280,0.6058542251586915,2025-04-20 14:30:11.360941,2025-04-20 14:30:23.068359,0 days 00:00:11.707418,0.7193008755272383,0.11666002243765317,8,0.06861631490856375,0.04165836295232232,0.07682866378317758,0.05092593975931689,0.0765277436255535,0.07269926443283105,0.00013438401253787125,30,134,0.02145049336050817,0.21525202821139286,False,False,False,1.9269537333894066e-06,COMPLETE
281,0.6103594064712524,2025-04-20 14:30:23.158563,2025-04-20 14:30:34.416091,0 days 00:00:11.257528,0.801247521770673,0.14968767444726058,8,0.061578025904806065,0.02532808545800938,0.08285925012844504,0.0553200540884933,0.07296713657349771,0.06695503107000442,0.0002472849817875076,27,130,0.017591591517698346,0.23781336488788368,False,False,False,1.3391036477076929e-06,COMPLETE
282,0.08765465617179871,2025-04-20 14:30:34.504948,2025-04-20 14:30:45.079272,0 days 00:00:10.574324,0.7816414861485587,0.6686367896429635,8,0.05190676550852736,0.034999381886038586,0.07999877129788963,0.05307721367000595,0.09732569368012732,0.0642124234213358,0.0001709490136261109,29,126,0.011668812814222308,0.22188983372813725,False,False,True,7.831813800487807e-07,COMPLETE
283,0.10601418018341065,2025-04-20 14:30:45.168159,2025-04-20 14:30:55.202096,0 days 00:00:10.033937,0.746385530694452,0.08950807865054775,8,0.03861960087010158,0.050755068116776346,0.07502293750676403,0.04909290106389024,0.06720376533192564,0.06986511588717376,0.00011374902418157686,26,132,0.06692013736267466,0.21053176465883977,False,True,False,1.1069385228344246e-06,COMPLETE
284,0.5627846479415894,2025-04-20 14:30:55.300915,2025-04-20 14:31:06.715588,0 days 00:00:11.414673,0.7683804249604018,0.1735273619943061,8,0.07942417513131181,0.04164385597649668,0.07800467288685213,0.059338545023515085,0.07052813163702731,0.07466567378449251,0.0003040315661534853,28,136,0.01576713701396311,0.20270465006732835,False,False,False,1.580633329570856e-06,COMPLETE
285,0.5975102066993714,2025-04-20 14:31:06.805372,2025-04-20 14:31:18.325157,0 days 00:00:11.519785,0.816983096946095,0.1298765164235272,8,0.04869887385828586,0.013576257179595957,0.08377038163843308,0.04668380092183363,0.06551519073175613,0.061186326102635594,0.0002141755338837352,29,129,0.019867490561904035,0.23029573306569048,False,False,False,4.7150728934133e-07,COMPLETE
286,0.3221788704395294,2025-04-20 14:31:18.415818,2025-04-20 14:31:42.859335,0 days 00:00:24.443517,0.7304023823702607,0.10273958834483381,2,0.07003158520939477,0.059817597332563255,0.08075293302477701,0.051603373521946695,0.06836076587266929,0.06717337704460602,0.0001480557941991933,28,125,0.08990146283673263,0.2194096846166563,False,False,False,5.891821932638204e-07,COMPLETE
287,0.6096458435058594,2025-04-20 14:31:42.950369,2025-04-20 14:31:54.153783,0 days 00:00:11.203414,0.7090481058671215,0.14579856794173046,8,0.05908281971256729,0.03590353701227379,0.08584400896505814,0.003259561290228294,0.07359280138284224,0.07163551524233795,0.00017885342134330473,27,132,0.01411935408963149,0.2425529186222201,False,False,False,9.388872707145536e-07,COMPLETE
288,0.5827709555625915,2025-04-20 14:31:54.255116,2025-04-20 14:32:06.168967,0 days 00:00:11.913851,0.7935494829899661,0.07066424742362515,8,0.03005456096044333,0.0464362793768804,0.07913141300508993,0.05588609853302385,0.07133790429592697,0.06889135375718781,0.00012176409120335392,30,70,0.018189484110005396,0.22508182609544242,True,False,False,2.10314094112947e-06,COMPLETE
289,0.5086357951164246,2025-04-20 14:32:06.260727,2025-04-20 14:32:17.832178,0 days 00:00:11.571451,0.7517935456651615,0.19172942666950393,8,0.06548210370282166,0.11911395859349444,0.07209300025523618,0.05370195433038666,0.06871654406879013,0.06542379476687439,0.0002629193471682552,29,150,0.016483460013657907,0.2137576963314764,False,False,False,7.542194467453477e-07,COMPLETE
290,0.382111668586731,2025-04-20 14:32:17.923798,2025-04-20 14:32:27.283041,0 days 00:00:09.359243,0.7679303513737724,0.16224889733091905,16,0.042850079590541976,0.027303676440327405,0.07667201760386251,0.049119698164088364,0.06349353357411423,0.06759260291166322,0.00020822788967918979,28,128,0.047412246647751774,0.209278847301407,False,False,False,3.4545743690992926e-06,COMPLETE
291,0.35397654175758364,2025-04-20 14:32:27.373991,2025-04-20 14:32:38.554983,0 days 00:00:11.180992,0.7844976198394868,0.12329762490472942,8,0.05555040068182954,0.05490940860685549,0.08173461262405386,0.0524287793352043,0.0659105613681035,0.07060512794879482,0.00015433474991743103,27,121,0.060200943589731166,0.21869393264572945,False,False,False,1.3375056864787695e-06,COMPLETE
292,0.612531840801239,2025-04-20 14:32:38.647169,2025-04-20 14:32:49.005546,0 days 00:00:10.358377,0.7442725676712277,0.10027438388712984,8,0.05010859649991307,0.040955971404545356,0.07539274008465921,0.04237993428567116,0.07829965143288681,0.06238848991459018,0.0003789306483626159,22,139,0.01986489217517503,0.23304382186841416,False,False,False,6.693957617682798e-07,COMPLETE
293,0.5866697072982788,2025-04-20 14:32:49.108357,2025-04-20 14:32:59.454576,0 days 00:00:10.346219,0.7345670472656597,0.08933062529915631,8,0.07408286416887018,0.0422286758683886,0.07373938620654451,0.04348681809431601,0.07716184194584207,0.06581221898025899,0.00038224912098576327,22,139,0.02471691414819474,0.2324053489400958,False,False,False,6.308439711977249e-07,COMPLETE
294,0.3971620798110962,2025-04-20 14:32:59.548053,2025-04-20 14:33:11.265423,0 days 00:00:11.717370,0.42183577509727405,0.030675195280851178,8,0.038665008265992465,0.04980703966535681,0.07548237386150398,0.038363392475014774,0.07927297107424941,0.07436925106557234,0.00029049863820909515,30,145,0.02220920411690496,0.2945870248734973,False,False,False,4.869264978077722e-07,COMPLETE
295,0.6015878319740295,2025-04-20 14:33:11.357030,2025-04-20 14:33:21.902852,0 days 00:00:10.545822,0.6925902248399907,0.10843604593668205,8,0.08548579806353664,0.03900488199803549,0.07713465348133171,0.041390120601076226,0.07864816678309605,0.04698051499817562,0.0016859977942662952,23,136,0.020097431102243487,0.2391281868664453,False,False,False,7.278973720784661e-07,COMPLETE
296,0.47083787918090825,2025-04-20 14:33:21.995983,2025-04-20 14:33:32.864489,0 days 00:00:10.868506,0.7480244981677422,0.06343489097242841,8,0.05964331437081067,0.045972938319672536,0.07868002681805293,0.04577920431575274,0.07547667703572791,0.0572239133360146,0.00017818509559862464,25,140,0.018610065590142617,0.22835384696524524,False,False,False,1.0583026303249347e-06,COMPLETE
297,0.6006796956062317,2025-04-20 14:33:32.957373,2025-04-20 14:33:43.176198,0 days 00:00:10.218825,0.7161168955532852,0.08666586022723005,8,0.051130393334498175,0.05382622664691771,0.07498124021521617,0.039388606960617564,0.07254475122121921,0.06292296110712849,0.0013375853164123807,21,134,0.021136515416218356,0.22387143070832585,False,False,False,8.746009105924055e-07,COMPLETE
298,0.6123401165008545,2025-04-20 14:33:43.279507,2025-04-20 14:33:54.854890,0 days 00:00:11.575383,0.7572975760546286,0.13271887566823393,8,0.033836397541982956,0.03241741239664939,0.07119686062482804,0.044028015788206025,0.07506268862006614,0.06931359088973764,0.00010399514190928154,29,138,0.01738606437229925,0.23584376308218413,False,False,False,3.779543605189681e-07,COMPLETE
299,0.5956136226654053,2025-04-20 14:33:54.948263,2025-04-20 14:34:06.585134,0 days 00:00:11.636871,0.7327109128395208,0.14094041094202142,8,0.027616270198827918,0.03242569137753193,0.07387163461499122,0.043067125845388396,0.07493398316676793,0.07210749419492544,9.170937880746872e-05,29,142,0.016156244585519317,0.2458850856837659,False,False,False,3.863530782571417e-07,COMPLETE
300,0.46360476613044743,2025-04-20 14:34:06.680522,2025-04-20 14:34:18.233459,0 days 00:00:11.552937,0.753252985566602,0.1268488010716311,8,0.023515959265672487,0.019454551080242716,0.07157610109842463,0.04163374623483181,0.07686756104547378,0.06936443585500048,0.00010479941637997225,29,139,0.017087348302772983,0.23859423643851355,False,False,False,5.615354086051333e-07,COMPLETE
301,0.3792658805847168,2025-04-20 14:34:18.328478,2025-04-20 14:34:28.845529,0 days 00:00:10.517051,0.7049010307322198,0.10235354607297689,8,0.03201870125719597,0.2882202449264889,0.06981806933842614,0.04354741916664672,0.08141438116619576,0.06674700072731163,0.0003481262352803463,29,137,0.0400662284972489,0.2365016537085706,False,False,True,4.3439782373638696e-07,COMPLETE
302,0.4857871472835541,2025-04-20 14:34:28.941646,2025-04-20 14:34:40.710869,0 days 00:00:11.769223,0.759059227186814,0.1360700852084731,8,0.06563021208002344,0.02750587853073322,0.07898631521166087,0.045192274249127334,0.07348246176896785,0.06445695978858806,0.00012496215254935295,30,147,0.011259540549950339,0.23256910994354266,False,False,False,6.47684008592988e-07,COMPLETE
303,0.11263932138681412,2025-04-20 14:34:40.816014,2025-04-20 14:34:51.433400,0 days 00:00:10.617386,0.7251218570532946,0.11105608177588507,8,0.03763906500564754,0.036115232572954195,0.08042775625252142,0.03999521742192077,0.07100720799119628,0.07084827720121963,7.419158425835344e-05,30,143,0.018699628539747024,0.22927225197628773,False,True,False,8.012680246105351e-07,COMPLETE
304,0.40522418022155765,2025-04-20 14:34:51.528461,2025-04-20 14:35:03.087291,0 days 00:00:11.558830,0.6764564474418506,0.051037569870381744,8,0.057810526469549414,0.030005056334788296,0.07766368698798413,0.047328314664510776,0.07011544881681497,0.07280802922739207,0.00024835723212006497,29,134,0.01493643245915647,0.22038999411485105,False,False,False,5.389100066992233e-07,COMPLETE
305,0.6099418759346009,2025-04-20 14:35:03.182787,2025-04-20 14:35:14.484515,0 days 00:00:11.301728,0.7429252971800844,0.1495448967100654,8,0.07357149158023503,0.03933032202152802,0.06631567357281486,0.0509466526872608,0.07477776219920272,0.0613906074302989,0.0001964901921733114,28,137,0.013304383838374177,0.2311240663437892,False,False,False,0.00010483966540794175,COMPLETE
306,0.5939827561378479,2025-04-20 14:35:14.580089,2025-04-20 14:35:26.099803,0 days 00:00:11.519714,0.7610235999582515,0.12848302885233695,8,0.03433224225546388,0.06141175437776923,0.08331636151152833,0.0748443326364981,0.08036549746214453,0.06833740905190089,0.00010453259354039786,29,131,0.017442159265279356,0.20645054675921942,False,False,False,9.903580611512294e-07,COMPLETE
307,0.5995882034301758,2025-04-20 14:35:26.207376,2025-04-20 14:35:37.601171,0 days 00:00:11.393795,0.7220513604811503,0.080483562053225,8,0.06323613181944246,0.0486006615581943,0.05328927720030316,0.05491016296158345,0.0727016722668464,0.06618228678942957,0.0006218495760811135,28,134,0.015459692144947098,0.22437834758981595,False,False,False,7.129490285597955e-07,COMPLETE
308,0.5764539837837219,2025-04-20 14:35:37.698482,2025-04-20 14:35:47.786910,0 days 00:00:10.088428,0.8044502491324299,0.10129170127626864,8,0.045054561123944625,0.023663988262882324,0.07236698182813947,0.0523890212104604,0.07606156141744633,0.05931416665291531,0.0001448253560579206,19,131,0.012642437311716864,0.27626561168060854,True,False,False,4.1207843730094987e-07,COMPLETE
309,0.5423859357833862,2025-04-20 14:35:47.884862,2025-04-20 14:36:13.433884,0 days 00:00:25.549022,0.7717236443898609,0.1568799253736823,2,0.05301606913115366,0.0435704202051622,0.08027997183651844,0.04777918767207059,0.07778466194353591,0.06969656530953514,0.00022532239130534758,30,137,0.0186083127766698,0.21674884055105456,False,False,False,1.0720260863495256e-06,COMPLETE
310,0.6107538223266602,2025-04-20 14:36:13.531481,2025-04-20 14:36:25.045067,0 days 00:00:11.513586,0.7028527507630744,0.1805790514037649,8,0.040543134312681375,0.03351607974570053,0.07670503211205218,0.05379724878214254,0.06991928223930141,0.0748532617297425,0.00018276058648849372,29,134,0.016019616415335176,0.24174579462715012,False,False,False,6.160473006900316e-07,COMPLETE
311,0.5934742569923401,2025-04-20 14:36:25.143882,2025-04-20 14:36:36.679983,0 days 00:00:11.536101,0.7443196636331275,0.11805931380493981,8,0.07156867847613467,0.0552907989898944,0.0826606654711476,0.0505170931116046,0.07148670889354881,0.09894692819666821,0.0004181521960007406,29,126,0.02125528536627837,0.23518057986686602,False,False,False,7.747407226186195e-07,COMPLETE
312,0.5169911503791809,2025-04-20 14:36:36.787131,2025-04-20 14:36:46.360406,0 days 00:00:09.573275,0.7719611582018594,0.1406016123562593,16,0.0480413388574379,0.0385911519430333,0.07882496651837592,0.05619641398891194,0.06709121209082786,0.06730628366785882,0.00013044059598662117,28,141,0.01737386555977505,0.1995818264416145,False,False,False,1.2283604732336596e-06,COMPLETE
313,0.4583280801773072,2025-04-20 14:36:46.459551,2025-04-20 14:36:58.115789,0 days 00:00:11.656238,0.7366501768300621,0.08085935112122383,8,0.06591088027837115,0.049448785168529824,0.07477213294486798,0.05049307529201551,0.07370199600591665,0.06459880821563778,0.000289480519365018,30,131,0.013838488237092699,0.2109974469152886,False,False,False,1.7074272693977644e-06,COMPLETE
314,0.5647238731384278,2025-04-20 14:36:58.214469,2025-04-20 14:37:09.800379,0 days 00:00:11.585910,0.8017952679540531,0.484113865124973,8,0.0819686807007627,0.0439235675688202,0.08709146924778541,0.045239096607014674,0.06861325177847433,0.07161159815137856,0.00016272531537877996,29,139,0.019737959532598083,0.22265281467381176,False,False,False,9.391452686914866e-07,COMPLETE
315,0.2964849233627319,2025-04-20 14:37:09.899297,2025-04-20 14:37:20.647899,0 days 00:00:10.748602,0.7556830944744812,0.20498101268972405,8,0.05689842816673787,0.030378081499528215,0.08443542133426062,0.042109629335876156,0.0650347367142073,0.06988366740401694,8.50147089094614e-05,24,124,0.02273593440361146,0.21657012226488598,False,False,False,6.162950292676591e-07,COMPLETE
316,0.328914999961853,2025-04-20 14:37:20.757681,2025-04-20 14:37:32.086065,0 days 00:00:11.328384,0.7227075509673553,0.1622049679512307,8,0.12093041037627297,0.020820714070812273,0.08069254084827536,0.05410501541716542,0.07163931763630282,0.0629523422016215,0.0002135170320905004,28,130,0.07513539856760208,0.22840185651652928,False,False,False,4.6371534362033603e-07,COMPLETE
317,0.39404743909835815,2025-04-20 14:37:32.186083,2025-04-20 14:37:42.529244,0 days 00:00:10.343161,0.7780557438496294,0.09706914953105031,8,0.03331615892440952,0.037538070087116106,0.07740493657768602,0.05222591710070942,0.004929074052983991,0.06660585290428292,0.00011267020195562459,22,135,0.015220336720152494,0.22161830862649642,False,False,False,1.2231183292014245e-06,COMPLETE
318,0.604599142074585,2025-04-20 14:37:42.629600,2025-04-20 14:37:54.077809,0 days 00:00:11.448209,0.3668137237532565,0.1300137347943646,8,0.13603421493977416,0.1550044737119199,0.07103529415917552,0.04783874429350124,0.08424539150023744,0.06842513961132991,0.00017215215851230857,29,128,0.010687377955072176,0.21292611715505264,False,False,False,8.642633730623198e-07,COMPLETE
319,0.6132209181785584,2025-04-20 14:37:54.177070,2025-04-20 14:38:05.500875,0 days 00:00:11.323805,0.8162182243899,0.11723808556447927,8,0.06096194976377267,0.05574076121412857,0.08175833450535432,0.05733520493182166,0.0672420895596633,0.07171655686383346,0.00024774689496784053,28,132,0.01795521248243255,0.24742479058257816,False,False,False,1.5755141572055014e-06,COMPLETE
320,0.6185943245887756,2025-04-20 14:38:05.612382,2025-04-20 14:38:16.950513,0 days 00:00:11.338131,0.8166305521231406,0.06998607131885871,8,0.06309847006636568,0.05869709538938249,0.0756706864918297,0.05770776860264802,0.06669935006112204,0.07402180486276436,0.0003243616973725462,28,145,0.01886840046989371,0.2607712515223987,False,False,False,7.119642131867797e-07,COMPLETE
321,0.23377916514873504,2025-04-20 14:38:17.051518,2025-04-20 14:38:27.411958,0 days 00:00:10.360440,0.8246320150394588,0.04861867751727153,8,0.06754203396272983,0.06694290110595495,0.07365267489145773,0.06016184478671078,0.06657524926548578,0.07493700037302126,0.0003459948294881783,28,142,0.025654025725337468,0.25282163776193534,False,False,True,5.136100188214109e-07,COMPLETE
322,0.614819359779358,2025-04-20 14:38:27.512950,2025-04-20 14:38:39.164007,0 days 00:00:11.651057,0.8458146224770234,0.05751295304849791,8,0.11023319886659462,0.05848045814495952,0.07618494163322848,0.05792219245053256,0.06436791000618651,0.07709880349909633,0.0003851716413283318,30,150,0.020008156128116246,0.27005185949304694,False,False,False,7.024396232879581e-07,COMPLETE
323,0.15185886323451997,2025-04-20 14:38:39.264202,2025-04-20 14:38:49.829145,0 days 00:00:10.564943,0.8614597406922195,0.05411656426126424,8,0.08008019503121425,0.06155973001576487,0.0755434669605379,0.060077402081584526,0.06429202901325944,0.0756005439330825,0.000491393683589559,30,149,0.023751109034678936,0.2793705501291732,False,True,False,7.463449578821001e-07,COMPLETE
324,0.6009179711341859,2025-04-20 14:38:49.931004,2025-04-20 14:39:01.699375,0 days 00:00:11.768371,0.8393382573433712,0.06631336754785497,8,0.09077061721930613,0.058650699597544834,0.07749417098646214,0.06321951913554569,0.06357631837122935,0.07706640871807482,0.0004453202055422035,30,150,0.020958278045520844,0.26374033494865134,False,False,False,6.869692422073282e-07,COMPLETE
325,0.49323898553848267,2025-04-20 14:39:01.811643,2025-04-20 14:39:13.593514,0 days 00:00:11.781871,0.8292965195695661,0.015404549154106814,8,0.10737826321004137,0.056082254078085626,0.0791882462441944,0.05814494443839438,0.0664000127510731,0.07350115676032704,0.00039152213069211576,30,145,0.01985014658862306,0.2766528085445076,False,False,False,9.296884322958936e-07,COMPLETE
326,0.6062234520912171,2025-04-20 14:39:13.696648,2025-04-20 14:39:25.247853,0 days 00:00:11.551205,0.9157424201581973,0.0639705858112821,8,0.12760516881712247,0.05567603020699301,0.07561704194395034,0.057292052594558746,0.06531946985605337,0.07736619129694738,0.00035784846437210074,29,144,0.018956559079632992,0.2598859997179719,False,False,False,6.061498501531789e-07,COMPLETE
327,0.4729343354701996,2025-04-20 14:39:25.351013,2025-04-20 14:39:36.795265,0 days 00:00:11.444252,0.8520655048751785,0.029173032002036144,8,0.07532127486258432,0.06915444775988015,0.07842772739661223,0.06089426586413556,0.06724953260235242,0.07288451532393779,0.00030536937054967536,28,147,0.022324279211086196,0.26799152283443545,False,False,False,1.0333649770683533e-06,COMPLETE
328,0.6070932984352112,2025-04-20 14:39:36.898081,2025-04-20 14:39:46.478393,0 days 00:00:09.580312,0.8102564495165558,0.08374013829669108,8,0.06235901881694108,0.061449927837047086,0.07634972222109968,0.05815135271679105,0.06792098622494519,0.07648910284086165,0.0002831665069879396,17,148,0.01866359715618371,0.24948784623630288,False,False,False,7.998125955328217e-07,COMPLETE
329,0.24961193799972536,2025-04-20 14:39:46.591562,2025-04-20 14:39:58.616164,0 days 00:00:12.024602,0.8384385757047028,0.07006903108686893,8,0.06156786694910375,0.04827865045470773,0.08019808452281478,0.05564053551837052,0.0643673287082064,0.07467595277790952,0.0002541969528174182,30,147,0.02106494283642265,0.26631686235619,True,False,False,1.1505715647234108e-06,COMPLETE
330,0.6185348510742188,2025-04-20 14:39:58.720000,2025-04-20 14:40:10.257341,0 days 00:00:11.537341,0.8145984708010322,0.09598302988055149,8,0.06999059875539354,0.052885087537129706,0.0735391365818332,0.05565092838390087,0.06314071464087592,0.07219285600927802,0.0002553400238366137,29,145,0.017803120733690142,0.27036419840847425,False,False,False,5.498548687018949e-07,COMPLETE
331,0.455563884973526,2025-04-20 14:40:10.361899,2025-04-20 14:40:29.997262,0 days 00:00:19.635363,0.8179791905542204,0.045670039078793294,2,0.06990241018779803,0.05534982563091699,0.07272116293598464,0.0616556275981473,0.06254500693739003,0.07288439319971324,0.0003385673029355826,20,146,0.019072477320492255,0.2692570809782319,False,False,False,5.406603100850622e-07,COMPLETE
332,0.6043104410171509,2025-04-20 14:40:30.100798,2025-04-20 14:40:39.484744,0 days 00:00:09.383946,0.8903012756988513,0.09318115236216551,8,0.0767407510137435,0.06227209103797811,0.07427318757535142,0.06626488983044854,0.06356256190583354,0.07166311084168812,0.00029324978245083946,15,149,0.02309649467292729,0.26295585603847393,False,False,False,5.213811544373909e-07,COMPLETE
333,0.4250072121620178,2025-04-20 14:40:39.599419,2025-04-20 14:40:50.982890,0 days 00:00:11.383471,0.8689352413966914,0.041087758462768784,8,0.06986749468898681,0.053708293680504865,0.07536397724726003,0.056392080576616085,0.06615461025641071,0.0723168181097467,0.0005188226764792514,28,150,0.01752284377370115,0.2584190129001052,False,False,False,6.668685810056385e-07,COMPLETE
334,0.6181934237480163,2025-04-20 14:40:51.088928,2025-04-20 14:41:02.516202,0 days 00:00:11.427274,0.815902923810732,0.08868212039760741,8,0.06917377331972285,0.06474985033134538,0.08195392971037994,0.06983778660050188,0.06294102340214028,0.07506630878791325,0.0004071143575267106,28,147,0.01871275319262176,0.260793437153037,False,False,False,4.151175128528826e-07,COMPLETE
