number,value,datetime_start,datetime_complete,duration,params_alpha-eval,params_alpha-train,params_batch-size,params_eps-eval,params_eps-train,params_lambda-actions-eval,params_lambda-actions-train,params_lambda-frames-eval,params_lambda-frames-train,params_learning-rate,params_n-epochs,params_n-frames,params_radius-gw,params_rho,params_std-feats,params_ub-actions,params_ub-frames,params_weight-decay,state
1764,0.5869661331176758,2025-04-07 06:36:49.739615,2025-04-07 06:37:14.307829,0 days 00:00:24.568214,0.20049382076444208,0.26749528497458647,2,0.07252041292645547,0.03628380386535132,0.07523132892502055,0.08714087066929106,0.09996434820188076,0.08490686376243499,0.003594340112840452,28,84,0.09142616825463355,0.1232665861989979,True,False,False,1.2159677766256835e-08,COMPLETE
1765,0.4625817656517029,2025-04-07 06:37:14.887230,2025-04-07 06:37:36.780012,0 days 00:00:21.892782,0.052721913397690334,0.4453719371558669,2,0.026335005069283914,0.06505717255639082,0.08047251724512595,0.09337153870668485,0.09374923926338162,0.08851135655689293,0.012436251841465618,24,111,0.0883618746662294,0.1131930192012221,False,False,False,1.4484628084728748e-08,COMPLETE
1766,0.667131495475769,2025-04-07 06:37:37.339246,2025-04-07 06:38:00.287765,0 days 00:00:22.948519,0.1327134814778978,0.1515367982648046,2,0.06643315852967613,0.041280590378664134,0.0661618369116518,0.09017686566275364,0.09047889245123275,0.08095449852505444,0.005370060185804271,26,89,0.09975854069562082,0.13612738229445406,False,False,False,1.0008468511706354e-08,COMPLETE
1767,0.6105505228042603,2025-04-07 06:38:00.870251,2025-04-07 06:38:23.209589,0 days 00:00:22.339338,0.09081429950424597,0.12240821174816172,2,0.04882155310073103,0.028691130502518907,0.07777442906873054,0.0945971426149498,0.0620648214312651,0.07750618298003557,0.034125770727143644,25,86,0.09669908483211474,0.08012092901449162,False,False,False,1.7363934318422937e-08,COMPLETE
1768,0.5021412134170532,2025-04-07 06:38:23.764640,2025-04-07 06:38:47.241911,0 days 00:00:23.477271,0.16883510481377526,0.21564442683412907,2,0.016159492360810206,0.056704940731458736,0.006223740586907375,0.09196652131740457,0.09559927511640197,0.08341719026692329,0.004306136754619152,27,81,0.09411338351159426,0.11990051651376447,False,False,False,2.5525553856118957e-08,COMPLETE
1769,0.6127998352050782,2025-04-07 06:38:47.827660,2025-04-07 06:39:10.049065,0 days 00:00:22.221405,0.06951836933256403,0.07933728386914314,2,0.09495611220078357,0.048555560791204,0.07092529632938299,0.09791413347993709,0.0981977158139463,0.0863023098938164,0.00010952636460020313,25,77,0.09547373577507097,0.10707410635290199,False,False,False,1.4113659072482059e-08,COMPLETE
1770,0.17243221998214722,2025-04-07 06:39:10.605730,2025-04-07 06:39:30.736646,0 days 00:00:20.130916,0.11185790320435575,0.9288126934839165,2,0.07551829546990486,0.03456159777854633,0.07586489776619333,0.08885403639256056,0.09211160234231416,0.07459643991419505,0.009087013286706698,26,90,0.09141778455918492,0.09969320297740777,False,False,True,3.250501638038847e-08,COMPLETE
1771,0.11295309811830521,2025-04-07 06:39:31.317834,2025-04-07 06:39:51.931716,0 days 00:00:20.613882,0.03925469625513102,0.1660191343979491,2,0.060533504542586415,0.04484624023022647,0.07349580816452639,0.09594513713376573,0.0949744169693396,0.0798232026191245,0.006520400801340748,27,83,0.08802113293338959,0.18871195361128865,False,True,False,2.051655879978269e-08,COMPLETE
1772,0.4580554783344269,2025-04-07 06:39:52.492037,2025-04-07 06:40:01.623321,0 days 00:00:09.131284,0.14219376819962248,0.13681779024789875,16,0.0528909493076337,0.07948109502676289,0.06814533955843508,0.09344189529728344,0.09673678364339496,0.09409196318692632,0.0016316245495399163,26,94,0.09807411276169027,0.09254052978385163,True,False,False,4.5737053801480457e-08,COMPLETE
1773,0.6803866744041444,2025-04-07 06:40:02.205965,2025-04-07 06:40:26.275105,0 days 00:00:24.069140,0.09330392835046333,0.10457824904458422,2,0.033515077946464654,0.05319178981739013,0.07917308988002686,0.08478668423682861,0.09387342826042742,0.08249855543378436,0.0076883279391167176,28,86,0.09305423495471109,0.12874373451420867,False,False,False,1.3862371955490812e-08,COMPLETE
1774,0.6077561497688294,2025-04-07 06:40:26.860837,2025-04-07 06:40:51.403420,0 days 00:00:24.542583,0.12054203502618689,0.0755861574151458,2,0.025183042752529323,0.06678220657914376,0.08303061427969483,0.08277432946165793,0.09661187120156987,0.0847936130709287,0.008819507527691754,29,92,0.08882527183322932,0.13454517906853214,False,False,False,1.1726545760828808e-08,COMPLETE
1775,0.6163348436355591,2025-04-07 06:40:51.971473,2025-04-07 06:41:16.475825,0 days 00:00:24.504352,0.14592884405906406,0.07685618707746705,2,0.036188100523921726,0.06128294755453592,0.08151827613451396,0.08466575186888509,0.09808225312685866,0.08918837346658705,0.010008892798541865,29,90,0.09072029868349273,0.134647614543059,False,False,False,1.1931855543543028e-08,COMPLETE
1776,0.5376961469650269,2025-04-07 06:41:17.037258,2025-04-07 06:41:41.787071,0 days 00:00:24.749813,0.11217589518074772,0.0864792871258449,2,0.03184713138486206,0.0685586382030055,0.0850211444018108,0.0820238255834662,0.09468121806254035,0.08576089772256194,0.007755632947128129,29,89,0.08118953559037698,0.13075176949132114,False,False,False,1.2753229762359896e-08,COMPLETE
1777,0.5926552891731263,2025-04-07 06:41:42.372043,2025-04-07 06:42:06.384746,0 days 00:00:24.012703,0.12920465540308013,0.10386629991730292,2,0.030856432111937566,0.07091660089456844,0.07911501495666565,0.08417247758728709,0.09826984443307092,0.08769273260584956,0.008157506999025356,28,97,0.08617406747218531,0.1272882903914482,False,False,False,1.2208469113025909e-08,COMPLETE
1778,0.45122272968292243,2025-04-07 06:42:06.947244,2025-04-07 06:42:31.839407,0 days 00:00:24.892163,0.1028078189856964,0.8608978622846989,2,0.03612873762819581,0.062341702910653815,0.08241315580775378,0.08383384743802198,0.09576253789200288,0.08330711857120901,0.009897627789833078,29,87,0.09187410067207825,0.12687608598499808,False,False,False,1.0094219446801255e-08,COMPLETE
1779,0.47988091707229613,2025-04-07 06:42:32.422180,2025-04-07 06:42:56.605907,0 days 00:00:24.183727,0.15740130430371857,0.09564353922302608,2,0.03005728477023243,0.052944686433675635,0.08115815369861053,0.08612673034060861,0.09991817527251028,0.08438710513397514,0.01070573914290608,28,92,0.08939700062257823,0.13858768474254818,False,False,False,1.0032696873376432e-08,COMPLETE
1780,0.6514023184776306,2025-04-07 06:42:57.170243,2025-04-07 06:43:21.514664,0 days 00:00:24.344421,0.10037427082050103,0.07570764626205104,2,0.031724403494286554,0.05660056421891101,0.07986251587487031,0.08281507985301083,0.09657882090063809,0.08226544520646085,0.007767017373782633,28,95,0.0918637024439663,0.13288960050671986,True,False,False,1.4465264445449714e-08,COMPLETE
1781,0.55842045545578,2025-04-07 06:43:22.098833,2025-04-07 06:43:43.787149,0 days 00:00:21.688316,0.13136054867956026,0.10095654119062027,2,0.024886777742615555,0.05588220787975699,0.08093620103429933,0.08102740471602947,0.09333963356997707,0.08577069939173186,0.013606717605970473,29,88,0.08513179133373282,0.13075648661363828,False,False,True,1.504096953667393e-08,COMPLETE
1782,0.42686770558357245,2025-04-07 06:43:44.353159,2025-04-07 06:44:08.507484,0 days 00:00:24.154325,0.0869472943866014,0.09304093836680491,2,0.039966971935299814,0.27200396183029474,0.07983055512371795,0.08456651322071464,0.07313153616154686,0.0904485175680081,0.007464684788940415,28,86,0.09286957192162318,0.13800492905643677,False,False,False,1.4498727649011411e-08,COMPLETE
1783,0.11773197650909425,2025-04-07 06:44:09.094249,2025-04-07 06:44:30.723991,0 days 00:00:21.629742,0.1773255331225022,0.1132791110085517,2,0.01868377326933556,0.05210102038862198,0.07835129001414418,0.08488195023175865,0.0946626891783112,0.08071635407508407,0.011395216607379922,29,90,0.08983594809766142,0.12654064097344125,False,True,False,1.1941322928219986e-08,COMPLETE
1784,0.554165244102478,2025-04-07 06:44:31.289634,2025-04-07 06:44:55.418465,0 days 00:00:24.128831,0.12066849767765425,0.11085806860258797,2,0.036063501066730334,0.06056578183031078,0.08371919480363366,0.08619386494507641,0.09996539225180395,0.04724958452447495,0.008598546135116207,28,86,0.08692121549738101,0.12410434184637231,False,False,False,1.6666088416170703e-08,COMPLETE
1785,0.6085566997528076,2025-04-07 06:44:56.002841,2025-04-07 06:45:20.137334,0 days 00:00:24.134493,0.09722899115240369,0.1197594291704342,2,0.022478164249465183,0.021956168119600793,0.07854252646473384,0.08302866438476363,0.09818576914353906,0.07798307742098178,0.006828428979839175,28,92,0.09315887933534642,0.13767329359803512,False,False,False,1.2559205531812486e-08,COMPLETE
1786,0.6607056260108948,2025-04-07 06:45:20.744928,2025-04-07 06:45:45.494991,0 days 00:00:24.750063,0.15027735999611241,0.07918898681529694,2,0.03688843498830129,0.05070984400527673,0.07895396513679383,0.08594293876941501,0.09668160816950133,0.08763924960824437,0.008741043105889537,29,88,0.09038684090596467,0.1287032000085016,False,False,False,1.6430916978596318e-08,COMPLETE
1787,0.606256365776062,2025-04-07 06:45:46.063275,2025-04-07 06:46:10.291801,0 days 00:00:24.228526,0.11889049295638049,0.1935890630341187,2,0.02873695378903924,0.03998021471152762,0.07708123894104801,0.0851330293681427,0.09997540382887472,0.08319517698102892,0.01041634021288382,28,100,0.08415660617483528,0.12370881596232182,False,False,False,1.4436448549629758e-08,COMPLETE
1788,0.49767595529556274,2025-04-07 06:46:10.854866,2025-04-07 06:46:34.943294,0 days 00:00:24.088428,0.08782253385644134,0.2435138622555904,2,0.043483166260568876,0.046340787981448396,0.07819096295116089,0.08652844747916442,0.09179323209386005,0.07604218398167194,0.006828095154951957,28,85,0.057877658463829786,0.12022569392268978,True,False,False,1.3661796992927742e-07,COMPLETE
1789,0.6535304546356201,2025-04-07 06:46:35.531050,2025-04-07 06:47:00.388606,0 days 00:00:24.857556,0.07432536382840318,0.10264272631818941,2,0.03849156546436972,0.028042302014466218,0.07992716827375154,0.08370572904152687,0.09409729422903036,0.07975983626716007,0.013313196640274385,29,88,0.08758557945678265,0.131008644234877,False,False,False,1.2337658561033073e-08,COMPLETE
1790,0.6202378153800965,2025-04-07 06:47:00.959354,2025-04-07 06:47:24.350207,0 days 00:00:23.390853,0.13787903647364758,0.12311988959817524,2,0.0217109451340714,0.05648501351913189,0.07659340197432196,0.0873016926156827,0.09801461363328111,0.08199855282599064,0.008459538882118324,27,85,0.09417800491994296,0.12065406433062173,False,False,False,1.0065210747042553e-08,COMPLETE
1791,0.6156521797180177,2025-04-07 06:47:24.948408,2025-04-07 06:47:49.143377,0 days 00:00:24.194969,0.10250693304871866,0.14834436592012595,2,0.031187042544641972,0.034352557996909366,0.07690124513949105,0.08674019106509258,0.09624842124966042,0.07371793443886109,0.006529411418467685,28,95,0.0923971846267828,0.11808815504600624,False,False,False,1.754254536633477e-08,COMPLETE
1792,0.5105730533599854,2025-04-07 06:47:49.720112,2025-04-07 06:48:14.522362,0 days 00:00:24.802250,0.06200076146879917,0.1735491920874726,2,0.04433003697261583,0.0760446928689605,0.08123648466314133,0.08545385991324567,0.09510598356387429,0.08508796576045927,0.011438645548194633,29,84,0.08858732783504888,0.12668246547427695,False,False,False,1.2264926282678003e-08,COMPLETE
1793,0.31908783912658695,2025-04-07 06:48:15.109700,2025-04-07 06:48:25.278146,0 days 00:00:10.168446,0.1929160568341307,0.2091599131134113,8,0.04135359492735078,0.04182133743713314,0.07791278180339709,0.08392004915593466,0.09787393826830894,0.07847309869417925,0.0072933498862475556,28,91,0.0962841571503039,0.11530939542694683,False,False,True,1.0031857400672448e-08,COMPLETE
1794,0.14767484068870546,2025-04-07 06:48:25.875084,2025-04-07 06:48:34.267545,0 days 00:00:08.392461,0.16399340218232486,0.12898567721453574,16,0.009378973989376973,0.062471530293275644,0.08222664770855168,0.08606543938065019,0.0919067015473358,0.0810691182660529,0.009837118384652772,28,88,0.09427895814477173,0.13821045788959682,False,True,False,1.6560691264057945e-08,COMPLETE
1795,0.6598682880401612,2025-04-07 06:48:34.843272,2025-04-07 06:48:58.373682,0 days 00:00:23.530410,0.11649401956637823,0.08959405390101219,2,0.029969080609819808,0.05172243028089465,0.0758883672780711,0.0825477488300018,0.09357819749297887,0.08360301365300611,0.0061676420740451755,27,83,0.09040906581012192,0.13064061870930485,False,False,False,1.4604484055812622e-08,COMPLETE
1796,0.44248751997947694,2025-04-07 06:48:58.968613,2025-04-07 06:49:23.271526,0 days 00:00:24.302913,0.08449458919419511,0.1622367681930333,2,0.025282090496981255,0.15021312057148933,0.07886352652834981,0.08785407654059169,0.09660535141167578,0.08644590270208084,0.007653676895705829,28,86,0.09817207748051332,0.12233765866350797,True,False,False,2.0953500221925646e-08,COMPLETE
1797,0.5476539611816407,2025-04-07 06:49:23.844706,2025-04-07 06:49:48.912791,0 days 00:00:25.068085,0.1354655370353502,0.5308658599112335,2,0.03527498120483733,0.046424284906580966,0.0849173485201419,0.08073808642911201,0.09767832784177033,0.08180059831220644,0.016759384135336966,29,91,0.09253959607733378,0.11222612061699558,False,False,False,1.2458945825905978e-08,COMPLETE
1798,0.5890100240707398,2025-04-07 06:49:49.486337,2025-04-07 06:50:12.915096,0 days 00:00:23.428759,0.09816877119557592,0.11184534715720817,2,0.01501438565469607,0.03726124745571813,0.06435368009084254,0.08801260163487555,0.08876263344300217,0.07882972373459855,0.009390035463697507,27,82,0.09579313692592299,0.01686926389517948,False,False,False,1.7782331322094214e-08,COMPLETE
1799,0.3821013152599335,2025-04-07 06:50:13.511292,2025-04-07 06:50:36.651406,0 days 00:00:23.140114,0.06832615802562525,0.18561537429044206,2,0.04349173847359447,0.16284475054082806,0.07605436289185073,0.08780545660684072,0.09527041765460789,0.07656295175768996,0.005958384038047217,26,88,0.09073601498078654,0.11778827099923085,False,False,False,1.4003862131661466e-08,COMPLETE
1800,0.6209427714347839,2025-04-07 06:50:37.223860,2025-04-07 06:50:54.544877,0 days 00:00:17.321017,0.11898099180793208,0.14334421027201816,2,0.019525691217396952,0.05557530083613889,0.07484386092564878,0.0983682501129244,0.09846299761554876,0.040324010930640086,0.006820688240933533,17,84,0.08267363904595572,0.1258539800385422,False,False,False,1.946191705681721e-08,COMPLETE
1801,0.5845937132835388,2025-04-07 06:50:55.141601,2025-04-07 06:51:17.385589,0 days 00:00:22.243988,0.1463508879056925,0.16097412803136704,2,0.03488915240165669,0.030327809828671854,0.07748999730179083,0.047552979747632534,0.09358288629795532,0.0335540739125156,0.012607344691719622,25,49,0.08630929939756257,0.11705388289648962,False,False,False,1.2267515550579613e-08,COMPLETE
1802,0.6138132095336915,2025-04-07 06:51:17.954678,2025-04-07 06:51:36.170873,0 days 00:00:18.216195,0.04347457044500258,0.12413962250655872,2,0.044699608359213265,0.04381657652321128,0.08663392806883066,0.08513925225301125,0.09075988089825475,0.08813059839384463,0.008109625183489044,18,93,0.09380336773641157,0.13701054313292266,False,False,False,1.0099632530087694e-08,COMPLETE
1803,0.5577753543853761,2025-04-07 06:51:36.768540,2025-04-07 06:52:00.174965,0 days 00:00:23.406425,0.10123423818984645,0.23066959625306074,2,0.025788664124640596,0.04897918060096475,0.07488802142603067,0.09994782901452759,0.09624648583266443,0.0839743632599855,0.005757326014664262,27,62,0.0887094500610922,0.12314571337391246,False,False,False,1.670237543804662e-08,COMPLETE
1804,0.36359179615974424,2025-04-07 06:52:00.743188,2025-04-07 06:52:21.237837,0 days 00:00:20.494649,0.07896007180803716,0.14344937242415418,2,0.03474776400959012,0.041331673928553206,0.0793071834584932,0.08875696419077422,0.0979125891728711,0.09245962983809013,0.010584893396835623,26,132,0.09724652053896968,0.1299775458924642,True,False,True,2.1852239440056105e-08,COMPLETE
1805,0.3651855826377869,2025-04-07 06:52:21.836551,2025-04-07 06:52:42.355425,0 days 00:00:20.518874,0.12290040149033536,0.06745473530734501,2,0.045802100415507474,0.03658126006052559,0.06727130383456723,0.08208144251053479,0.09530177587494976,0.004292161537391627,0.00856369920115328,27,86,0.09186501516247005,0.11561186023294664,False,True,False,1.4339063621302601e-08,COMPLETE
1806,0.5226247549057007,2025-04-07 06:52:42.941850,2025-04-07 06:53:07.033402,0 days 00:00:24.091552,0.17252715449891567,0.1993004651756771,2,0.03994049635631076,0.05952124001498873,0.07194715453497295,0.045535096774927036,0.09845671631875996,0.0801403217940971,0.006055890061713204,28,90,0.09973427690428031,0.11257935196042995,False,False,False,1.2335869183122156e-08,COMPLETE
1807,0.40364658236503603,2025-04-07 06:53:07.630680,2025-04-07 06:53:30.589317,0 days 00:00:22.958637,0.9991798569200417,0.10037084618741489,2,0.026771021300687477,0.025105713489847158,0.08083624599593618,0.09690845422650886,0.09255899983710145,0.08619567679997409,0.012948305951129299,26,104,0.08947275440508097,0.12064290164874976,False,False,False,1.7729915724466357e-08,COMPLETE
1808,0.6158865451812744,2025-04-07 06:53:31.186838,2025-04-07 06:53:53.703762,0 days 00:00:22.516924,0.06275230561117745,0.17881797383642212,2,0.011739153424453183,0.051883927773104355,0.06949059807899025,0.08941783063355534,0.09428260820505942,0.08331951346737612,0.00739953848861852,25,80,0.09552794014527287,0.13074142916091655,False,False,False,1.4830611981384682e-08,COMPLETE
1809,0.4578372955322266,2025-04-07 06:53:54.283893,2025-04-07 06:54:18.893707,0 days 00:00:24.609814,0.10212935421459285,0.6343341058705602,2,0.050319145611365336,0.04575794206749778,0.07619291759729031,0.08740023057265228,0.0964787587072238,0.07762115455641158,0.0053961583969079005,29,84,0.0874543436101876,0.11262385891096405,False,False,False,1.006832967948324e-08,COMPLETE
1810,0.6829179644584656,2025-04-07 06:54:19.496211,2025-04-07 06:54:42.197358,0 days 00:00:22.701147,0.1385634741822944,0.1272379186485277,2,0.01924921546376203,0.03936777904770964,0.07313140739311758,0.08961068016938137,0.09842410679694152,0.08141045314086769,0.009851789367424847,26,88,0.09332351010858635,0.1247935030926955,False,False,False,2.43033660510201e-08,COMPLETE
1811,0.4409359395503998,2025-04-07 06:54:42.774181,2025-04-07 06:55:06.191030,0 days 00:00:23.416849,0.18728927385046984,0.07789704539530938,2,0.016540528023587568,0.031912636299932705,0.07097369667459015,0.0855435805548309,0.0983771771571038,0.08444142668748694,0.011826000854225764,27,93,0.0968833699068115,0.12894062700221418,False,False,False,3.805435295136119e-08,COMPLETE
1812,0.5552292704582215,2025-04-07 06:55:06.790267,2025-04-07 06:55:30.533186,0 days 00:00:23.742919,0.16856228245629262,0.09865293819577292,2,0.010127816897642607,0.025156279427703754,0.06848254818320498,0.08757901513822242,0.0572195233248638,0.08215407126090538,0.013884375410935996,27,94,0.09525398764920931,0.25543429480826,True,False,False,3.101108006884679e-08,COMPLETE
1813,0.40870100259780884,2025-04-07 06:55:31.113503,2025-04-07 06:55:54.571629,0 days 00:00:23.458126,0.16061675648425824,0.09425713778046726,2,0.019550620508586167,0.031475640029955815,0.07254562831554508,0.08491344040264755,0.09559431022825879,0.08480867818373936,0.015340348237009818,27,96,0.09787444621680792,0.13691459444473278,False,False,False,2.981659393690507e-08,COMPLETE
1814,0.6226505994796753,2025-04-07 06:55:55.175152,2025-04-07 06:56:05.795196,0 days 00:00:10.620044,0.2038061587761836,0.1126967948874386,8,0.010756795324598,0.036990668359584145,0.07416696566737367,0.08798870868150549,0.0999334034276961,0.08644982648429818,0.010147627576442041,26,99,0.054287707393481814,0.13272790697917283,False,False,False,4.548874759796433e-08,COMPLETE
1815,0.6188207387924194,2025-04-07 06:56:06.373269,2025-04-07 06:56:29.414466,0 days 00:00:23.041197,0.14333714937754957,0.11461612838732047,2,0.018933705843093472,0.029128333158681314,0.06649907417083416,0.09007297244816373,0.09082702337109304,0.08257671357605172,0.010664753029972582,26,91,0.09388651817180647,0.12269098282636977,False,False,False,2.661564413121075e-08,COMPLETE
1816,0.5683568954467774,2025-04-07 06:56:30.014520,2025-04-07 06:56:50.689464,0 days 00:00:20.674944,0.15714605353615577,0.07438310867391154,2,0.01858708532207104,0.02172078170245733,0.0697076209120851,0.08677587157191097,0.09679223929744082,0.08809137345470078,0.011861002339908265,27,90,0.09552684512875406,0.1357783178459648,False,False,True,3.405454588847609e-08,COMPLETE
1817,0.15448741614818573,2025-04-07 06:56:51.269104,2025-04-07 06:56:59.421772,0 days 00:00:08.152668,0.18826871849172222,0.12496185808780297,16,0.008993557946807767,0.07036962263828993,0.08354782942979146,0.08960713595582112,0.09318505937869061,0.0839248781058524,0.009338392957390727,26,89,0.09359971199392411,0.11821427522565671,False,True,False,2.5373138452995314e-08,COMPLETE
1818,0.6175412774085999,2025-04-07 06:56:59.998307,2025-04-07 06:57:23.383109,0 days 00:00:23.384802,0.15691722212241027,0.10073566878434298,2,0.023907409106185825,0.03850230835937604,0.07760904796047922,0.08368070058124975,0.0998907065563368,0.08153868526717853,0.009751355357174965,27,95,0.09612993210507642,0.12531029877542885,False,False,False,2.5825703560698334e-08,COMPLETE
1819,0.6166978240013123,2025-04-07 06:57:23.986466,2025-04-07 06:57:48.315182,0 days 00:00:24.328716,0.14160338759599433,0.12357149044149066,2,0.015854269317472077,0.03582343216720027,0.07517401680405333,0.08773119903443352,0.09475048714170312,0.0855882698079991,0.015221780051455374,28,91,0.09817230297759026,0.10887498597733627,False,False,False,3.5205464973036396e-08,COMPLETE
