number,value,datetime_start,datetime_complete,duration,params_alpha-eval,params_alpha-train,params_batch-size,params_eps-eval,params_eps-train,params_lambda-actions-eval,params_lambda-actions-train,params_lambda-frames-eval,params_lambda-frames-train,params_learning-rate,params_n-epochs,params_n-frames,params_radius-gw,params_rho,params_std-feats,params_ub-actions,params_ub-frames,params_weight-decay,state
1233,0.4048032343387604,2025-04-20 17:18:07.517438,2025-04-20 17:18:18.634610,0 days 00:00:11.117172,0.9978263093855134,0.02652853185540863,2,0.27628889349660796,0.07531907208469533,0.09157297705133587,0.09633736557211948,0.022666605032939144,0.09717766130270324,0.004328045799877178,6,115,0.017862569129478936,0.28452686955880585,False,False,False,8.699728330815874e-08,COMPLETE
1234,0.4611548900604248,2025-04-20 17:18:19.049680,2025-04-20 17:18:30.043953,0 days 00:00:10.994273,0.9522590142679632,0.049593687157016245,2,0.2947384837740197,0.0780905756954565,0.09275587601239457,0.09738515385046524,0.030525955771837865,0.0947014099111735,0.08186616404489098,6,101,0.016183974438621036,0.2756009702405965,False,False,False,1.0867509106124044e-07,COMPLETE
1235,0.6147912025451661,2025-04-20 17:18:30.443332,2025-04-20 17:18:41.060724,0 days 00:00:10.617392,0.9258805393910478,0.07455561633516683,2,0.2846915434482436,0.06513119223793812,0.06328020054624603,0.09834641129717794,0.028749155684520904,0.09740617545053738,0.004915412057093814,5,123,0.01968284147058489,0.28579029380085363,False,False,False,8.181188365443302e-08,COMPLETE
1236,0.36113026142120364,2025-04-20 17:18:41.461680,2025-04-20 17:18:53.222675,0 days 00:00:11.760995,0.9979223049102491,0.05556650569828655,2,0.271649376086381,0.26125821513363945,0.05779040169864292,0.09809150788150515,0.024126433212293696,0.09356457696200818,0.003549032471957249,7,113,0.022442610267107397,0.06947476242463713,False,False,False,7.241349198664622e-08,COMPLETE
1237,0.667375636100769,2025-04-20 17:18:53.622808,2025-04-20 17:19:06.501504,0 days 00:00:12.878696,0.9668415277350721,0.04137048882868176,2,0.2807122504197841,0.07290202743175954,0.03527838275967375,0.09923705452430776,0.02792298694414728,0.0959762660227793,0.006441819994022891,9,117,0.01788395746974844,0.27959182672064564,False,False,False,1.210404081217999e-07,COMPLETE
1238,0.4870089650154114,2025-04-20 17:19:06.903381,2025-04-20 17:19:19.284783,0 days 00:00:12.381402,0.9992156309037085,0.020972683528052517,2,0.27950658536976786,0.07730088869027178,0.04008565551248658,0.09989453672102534,0.02808222994156268,0.09819673799892906,0.005107942711261394,8,117,0.020823767455427494,0.27882966022389516,False,False,False,1.4455355341968834e-07,COMPLETE
1239,0.5544661641120912,2025-04-20 17:19:19.687910,2025-04-20 17:19:32.651927,0 days 00:00:12.964017,0.9701905272529343,0.028901389471682637,2,0.28658086371318126,0.07949417352953984,0.047948623673160856,0.09594628818521295,0.027856559605661965,0.09600272358032676,0.008079293647568007,9,120,0.01886439323246078,0.13763911475817767,False,False,False,9.485896146799654e-08,COMPLETE
1240,0.17317097485065464,2025-04-20 17:19:33.054859,2025-04-20 17:19:44.125866,0 days 00:00:11.071007,0.9685351536967184,0.027302578601577282,2,0.2665211313814689,0.07299328087378518,0.0063668814502336815,0.09709962668097788,0.03022843920271242,0.09512030153688027,0.006328316446390735,8,116,0.022478804013709986,0.2741042419085452,False,True,False,7.110266819163189e-08,COMPLETE
1241,0.08579895496368409,2025-04-20 17:19:44.531175,2025-04-20 17:19:55.592323,0 days 00:00:11.061148,0.3140109569061191,0.04394961919332353,2,0.2779979703388883,0.08495516677766003,0.052248912035274424,0.09953677607537506,0.026439679470486897,0.09772736800715759,0.004523248628947502,8,110,0.018173949584496772,0.28172877150001846,False,False,True,1.247234669294487e-07,COMPLETE
1242,0.3278293192386627,2025-04-20 17:19:55.991447,2025-04-20 17:20:08.891582,0 days 00:00:12.900135,0.9657332648627832,0.011658265664593825,2,0.2724514901034077,0.0781967972793294,0.058471660941210604,0.09842177294673127,0.032480397886147025,0.0928227691745089,0.010014582572102639,9,120,0.021189192301833276,0.28685646461509107,False,False,False,6.553154387329785e-08,COMPLETE
1243,0.6141934633255005,2025-04-20 17:20:09.295223,2025-04-20 17:20:21.623592,0 days 00:00:12.328369,0.9493710799214242,0.03857819976871822,2,0.2817842131843481,0.07177882343130462,0.06579711400041162,0.09421745777597196,0.03407847282494869,0.099975592870398,0.006314595219372639,8,113,0.01986180452292457,0.2728199817644158,False,False,False,8.77859902481093e-08,COMPLETE
1244,0.5160992622375489,2025-04-20 17:20:22.027145,2025-04-20 17:20:34.924333,0 days 00:00:12.897188,0.3381347261036378,0.011356717923686838,2,0.28932664418661325,0.0838572186197653,0.031913275613942596,0.09820564498038832,0.025551718154243116,0.0961733914832926,0.006660083188919624,9,117,0.017638046822951222,0.2787756777785767,False,False,False,1.376289451664866e-07,COMPLETE
1245,0.6169981002807617,2025-04-20 17:20:35.337565,2025-04-20 17:20:47.622240,0 days 00:00:12.284675,0.25654638834153304,0.05061681887051196,2,0.2946033194719647,0.09126105305256546,0.03511284117046459,0.09521980455495584,0.02933713736257463,0.09497933986757341,0.008208236436214874,8,115,0.02278096009887818,0.28504457846327264,False,False,False,5.968510342417557e-08,COMPLETE
1246,0.5651637196540833,2025-04-20 17:20:48.024941,2025-04-20 17:21:00.435789,0 days 00:00:12.410848,0.9824588033193407,0.043513609614899904,2,0.28437392235132336,0.07393899051904962,0.019669585710269152,0.004840046912926416,0.031114778316240783,0.09180122642458785,0.0044330859324474454,8,107,0.018560031341807344,0.0750590696185538,True,False,False,7.979495134910803e-08,COMPLETE
1247,0.6341152548789979,2025-04-20 17:21:00.835748,2025-04-20 17:21:12.520429,0 days 00:00:11.684681,0.4155582745062578,0.07390146102332333,2,0.2727952912212202,0.08076701041395676,0.04489912324535637,0.09900380499884337,0.02330698872369422,0.09830087040218555,0.0055309970714334435,7,124,0.02064037919380556,0.28080804060791237,False,False,False,1.012466811265933e-07,COMPLETE
1248,0.6360357403755189,2025-04-20 17:21:12.921261,2025-04-20 17:21:25.828907,0 days 00:00:12.907646,0.9486054636396708,0.05524189624930534,2,0.2791406715375158,0.08783807037129791,0.060807741382393636,0.09982282871929765,0.02799392648817923,0.09379080006386088,0.006119662761605055,9,120,0.016891841909134113,0.27199120409187866,False,False,False,6.64090485152071e-08,COMPLETE
1249,0.41773020029068,2025-04-20 17:21:26.243566,2025-04-20 17:21:39.157215,0 days 00:00:12.913649,0.9689575456511657,0.02712532559521187,2,0.2886253033112325,0.06633423956499059,0.021729541808693492,0.09644042053813331,0.0371471906429997,0.09635001403887779,0.007049195270128945,9,112,0.01937159719876334,0.28745362354187975,False,False,False,1.0546458346757338e-07,COMPLETE
1250,0.31181666254997253,2025-04-20 17:21:39.558911,2025-04-20 17:21:51.269609,0 days 00:00:11.710698,0.9992329083155371,0.010251908543620354,2,0.2663453717985876,0.07620209213710556,0.0938099242049388,0.09314126409490274,0.03240321904743842,0.09999600377858574,0.004005207750712269,7,118,0.023376017882276744,0.279349293295142,False,False,False,7.972445371359648e-08,COMPLETE
1251,0.6276958584785461,2025-04-20 17:21:51.669689,2025-04-20 17:22:05.145687,0 days 00:00:13.475998,0.9478030399537981,0.05924033344576719,2,0.2824095882853459,0.09248721456714853,0.04225273247596345,0.09674917929633176,0.02652599344300642,0.09444117867707742,0.004782918781422313,10,110,0.016348174543998287,0.286349447026784,False,False,False,5.447100416925619e-08,COMPLETE
1252,0.5817378044128418,2025-04-20 17:22:05.547265,2025-04-20 17:22:18.640895,0 days 00:00:13.093630,0.9816261770151894,0.032227667956978075,2,0.27591625880015586,0.08501494392095675,0.06745699896969716,0.09772267480998306,0.034193869576023606,0.0921669925947971,0.0033683519683534984,9,103,0.021687635161236243,0.10287890030468741,False,False,False,1.4132096294363152e-07,COMPLETE
1253,0.6216954350471497,2025-04-20 17:22:19.041363,2025-04-20 17:22:32.605938,0 days 00:00:13.564575,0.9645051317473219,0.07676191247981232,2,0.2932734603737656,0.07194686636468794,0.0035564363111897784,0.09969021882091812,0.08679143636402772,0.09653197690246294,0.00536127623415727,10,115,0.01818410231042567,0.29117619845148285,False,False,False,9.308615461343035e-08,COMPLETE
1254,0.6570787191390992,2025-04-20 17:22:33.009202,2025-04-20 17:22:46.627871,0 days 00:00:13.618669,0.6463954272407055,0.04186128830208213,2,0.2868691269652957,0.08058333669093766,0.023550339639873852,0.09203401638172105,0.023257725676572204,0.0981315126663785,0.004051880282232272,10,123,0.02019526977958012,0.28090536716857867,False,False,False,6.953725856831274e-08,COMPLETE
1255,0.5676637649536133,2025-04-20 17:22:47.048954,2025-04-20 17:22:59.396601,0 days 00:00:12.347647,0.9357748808464111,0.057102832187434685,2,0.2794711523346816,0.06513920409881302,0.09611309315331208,0.09945849815632923,0.030932945052187428,0.09430952027995755,0.017058318718836007,8,118,0.015861201413145454,0.2870983661517663,False,False,False,5.2823776208270604e-08,COMPLETE
1256,0.11207713931798936,2025-04-20 17:22:59.804794,2025-04-20 17:23:11.514336,0 days 00:00:11.709542,0.9836888810649974,0.07335245532533427,2,0.294146879624466,0.07872073995616484,0.09305369467582271,0.09044341474868255,0.024717756803190417,0.09132459192320348,0.0055718454245970404,9,112,0.017677117911151792,0.27192374505135253,False,False,True,1.1633703859845789e-07,COMPLETE
1257,0.5486717462539673,2025-04-20 17:23:11.922791,2025-04-20 17:23:23.598623,0 days 00:00:11.675832,0.9627893440947306,0.039583947634932615,2,0.2991975484521663,0.08675018405104229,0.05571579814851257,0.09286541095650241,0.02821180694173907,0.09638966873622754,0.010973535761281628,7,109,0.020196654926002047,0.28964832470710966,False,False,False,8.880607414244315e-08,COMPLETE
1258,0.44058783054351813,2025-04-20 17:23:24.005284,2025-04-20 17:23:37.600778,0 days 00:00:13.595494,0.9416459543067053,0.027309390730911032,2,0.2719724535387605,0.07138808454545369,0.04967272523490786,0.09981137854800878,0.03619338317830604,0.09312583498713768,0.0035254272066343223,10,114,0.021945623412604743,0.2762877998873813,False,False,False,5.943773449121819e-08,COMPLETE
1259,0.6224591255187989,2025-04-20 17:23:38.006353,2025-04-20 17:23:51.589519,0 days 00:00:13.583166,0.9611057014730565,0.05823050016931074,2,0.28483873207802607,0.07742452369297666,0.03524696081270304,0.08839485843707062,0.03307280924772399,0.0981308904639155,0.0068753218544801206,10,120,0.018564776438834172,0.28356527977256113,False,False,False,7.780572928198122e-08,COMPLETE
1260,0.20387416481971743,2025-04-20 17:23:51.998641,2025-04-20 17:24:05.272587,0 days 00:00:13.273946,0.9846164807506717,0.010366822489524096,2,0.26602022611035203,0.09476224799689104,0.09531733480100375,0.09506181017409421,0.030624064219507932,0.09546150377125032,0.00928401773857304,12,117,0.015641264028131513,0.2918271919684657,False,True,False,4.690601045050181e-08,COMPLETE
1261,0.594061028957367,2025-04-20 17:24:05.679027,2025-04-20 17:24:18.110232,0 days 00:00:12.431205,0.9341511113857158,0.07567774351767406,2,0.28863410386006294,0.08409882244391954,0.09057677654511946,0.08622654064814779,0.02266546222643205,0.09178363670813192,0.0029183288265444956,8,123,0.01970819441812229,0.28181182175897695,False,False,False,1.3014110371099644e-07,COMPLETE
1262,0.4735985338687897,2025-04-20 17:24:18.518040,2025-04-20 17:24:32.691837,0 days 00:00:14.173797,0.9993168706420111,0.03770078954117766,2,0.279169728323575,0.06633365774989212,0.015181686063893262,0.09730221330958523,0.026610679929167783,0.09432559539770231,0.004656201974141676,11,107,0.023888655955336822,0.29200888522913077,False,False,False,6.893138949612491e-08,COMPLETE
1263,0.633004105091095,2025-04-20 17:24:33.100285,2025-04-20 17:24:48.011705,0 days 00:00:14.911420,0.950805614065092,0.05479947322923001,2,0.2999713606947421,0.07448259359738019,0.038097822596452974,0.08367149106064417,0.03429916396267341,0.09804205529217946,0.004180245511663853,12,112,0.017031641164549624,0.2715776536083783,True,False,False,1.0392623429617231e-07,COMPLETE
1264,0.5856066584587097,2025-04-20 17:24:48.419060,2025-04-20 17:25:03.767701,0 days 00:00:15.348641,0.9724077184198834,0.07570294861100423,2,0.27380372849381335,0.09296817874752178,0.09458868815164413,0.08314911417381085,0.038357826296911604,0.09643857127839896,0.005458218027956232,13,115,0.021299993636806742,0.2855475933177372,False,False,False,5.016725998695325e-08,COMPLETE
1265,0.4933110594749451,2025-04-20 17:25:04.174515,2025-04-20 17:25:17.151113,0 days 00:00:12.976598,0.9269222093894076,0.6247136384461961,2,0.2834395590118824,0.08173859664179303,0.015296372515269926,0.08685492644215657,0.029175956634963546,0.09295015570344485,0.029269185815691275,9,121,0.017881787646234534,0.27779130654817047,False,False,False,8.261861865559558e-08,COMPLETE
1266,0.4272454023361206,2025-04-20 17:25:17.558157,2025-04-20 17:25:31.056331,0 days 00:00:13.498174,0.9518986818777432,0.03945575845118024,2,0.2894949117073322,0.08817732618450377,0.09643109326048634,0.09102340134844354,0.02511486031346285,0.09107031553579331,0.04870246603901162,10,110,0.04943224162396612,0.29223045674625986,False,False,False,6.203602956500733e-08,COMPLETE
1267,0.4744412899017334,2025-04-20 17:25:31.463060,2025-04-20 17:25:45.551513,0 days 00:00:14.088453,0.9807521864196318,0.29312901962916804,2,0.27419315742887324,0.07082474949035286,0.025096398322130023,0.09998204265546691,0.03148463811758423,0.09477815991426633,0.003458380162990943,11,117,0.016197057336833888,0.28477762978121385,False,False,False,1.1542293677485168e-07,COMPLETE
1268,0.6334959387779237,2025-04-20 17:25:45.953602,2025-04-20 17:26:00.691412,0 days 00:00:14.737810,0.9993148090968585,0.053841622753223885,2,0.2809997230257295,0.07941432838065995,0.036437161957879806,0.08112577255841714,0.02177743662850211,0.09660719492981049,0.00817959409071657,12,114,0.02008329871693529,0.27760396936572335,False,False,False,4.529068665305159e-08,COMPLETE
1269,0.6237965106964112,2025-04-20 17:26:01.095881,2025-04-20 17:26:14.570905,0 days 00:00:13.475024,0.9291704027274855,0.0757152632252672,2,0.2927307115285319,0.06603333740973227,0.030208156028465806,0.08478010758540647,0.027389258924450318,0.0983063084884683,0.0028907243301477537,10,106,0.023156456821584726,0.29217365932725364,False,False,False,1.4357665551995232e-07,COMPLETE
1270,0.5131492495536805,2025-04-20 17:26:14.989618,2025-04-20 17:26:29.040655,0 days 00:00:14.051037,0.9677226261670737,0.025386554198294012,2,0.263588942887508,0.08735443106702477,0.05994430779651059,0.09387569402264798,0.024114280349273355,0.0927950505131238,0.004284241736654648,11,119,0.018811993178241802,0.286945073218228,False,False,False,8.811215361781988e-08,COMPLETE
1271,0.6389475464820863,2025-04-20 17:26:29.463771,2025-04-20 17:26:44.696822,0 days 00:00:15.233051,0.9150018145692137,0.05863803883071461,2,0.28504708250201677,0.07466143417087545,0.009777710135004905,0.08170237666850604,0.03490383653217022,0.09546874951221108,0.006174842474051944,13,111,0.015597029832879201,0.28145126950084076,False,False,False,6.25842147762497e-08,COMPLETE
1272,0.5628345847129822,2025-04-20 17:26:45.110951,2025-04-20 17:26:59.228570,0 days 00:00:14.117619,0.9483540748202307,0.03848218195911331,2,0.27657018821109963,0.09498097090544926,0.06853760478167745,0.08742736189761427,0.03224709269937169,0.09143028284293522,0.039541839557178785,11,115,0.02120725081238089,0.2728891024616173,False,False,False,1.0334959898982444e-07,COMPLETE
1273,0.6077316045761109,2025-04-20 17:26:59.642143,2025-04-20 17:27:14.453204,0 days 00:00:14.811061,0.9637278042589472,0.07527651800564716,2,0.29386754401318393,0.08225893758452689,0.026615412762491155,0.09999669884319681,0.029526762060216788,0.09407203710965129,0.00368865346741162,12,124,0.017536845973849153,0.29169558838468373,False,False,False,7.462449559310793e-08,COMPLETE
1274,0.5447780013084412,2025-04-20 17:27:14.864382,2025-04-20 17:27:28.337980,0 days 00:00:13.473598,0.9372671580573873,0.02403297518638943,2,0.28898584638468067,0.071061166436231,0.017928527342795975,0.08966328096561191,0.026562031366049947,0.09825355311702137,0.013824198340267024,10,121,0.01915305238430505,0.2834088324405988,False,False,False,5.320405140885157e-08,COMPLETE
1275,0.08558963090181351,2025-04-20 17:27:28.754228,2025-04-20 17:27:39.316956,0 days 00:00:10.562728,0.9812371288994955,0.896471879697177,2,0.280276374935492,0.07713533790942861,0.0034107801860438335,0.08430210688087864,0.021393994392644635,0.09648713405499106,0.005296589902866587,7,113,0.021874173939175567,0.2927516866471077,False,False,True,7.048588688533801e-08,COMPLETE
1276,0.5814334154129028,2025-04-20 17:27:39.729914,2025-04-20 17:27:52.603430,0 days 00:00:12.873516,0.38212417801889786,0.0543065324657257,2,0.2689144882259483,0.08791487571129622,0.09227608080582865,0.08015836473182124,0.032856929336158754,0.0999074578309594,0.0028787355810970506,9,117,0.016031276706338738,0.2873290453967549,False,False,False,4.3710673353099467e-08,COMPLETE
1277,0.18229519426822663,2025-04-20 17:27:53.015685,2025-04-20 17:28:03.042200,0 days 00:00:10.026515,0.9134353566536194,0.04049320637455791,2,0.28458447068142073,0.0668068459289769,0.05440858762033003,0.08292973735906704,0.024654638258940625,0.09350691302976856,0.004740900602168243,6,109,0.01947539618975076,0.27691212673154514,False,True,False,9.536011110374938e-08,COMPLETE
1278,0.5699266314506531,2025-04-20 17:28:03.449573,2025-04-20 17:28:17.520719,0 days 00:00:14.071146,0.9638798252984743,0.07743139356239964,2,0.2745259179913997,0.08252451085651619,0.0964576520605804,0.09707451586257984,0.030344572444631075,0.09509936426726587,0.007398822653036813,11,118,0.023921824940116014,0.2807165563695425,False,False,False,1.3834805222254819e-07,COMPLETE
1279,0.5271973848342896,2025-04-20 17:28:17.934251,2025-04-20 17:28:32.636927,0 days 00:00:14.702676,0.94467625413416,0.024386867225954484,2,0.2895359897352407,0.07453570512250779,0.09398852023511302,0.0859937302349687,0.03935320040305216,0.09084516465816332,0.002295938268387555,12,112,0.01755717682538605,0.15085340716763967,False,False,False,8.41347349004614e-08,COMPLETE
1280,0.6367361426353455,2025-04-20 17:28:33.046624,2025-04-20 17:28:46.483949,0 days 00:00:13.437325,0.999959932957144,0.05375827586378397,2,0.27995222007886983,0.09301880034814862,0.09116989027242668,0.0799700184738556,0.03630046432148628,0.09676080020455845,0.003281258275002006,10,104,0.015255470084539579,0.2706924121090355,False,False,False,5.505329952376579e-08,COMPLETE
1281,0.5636852622032166,2025-04-20 17:28:46.890776,2025-04-20 17:28:59.216279,0 days 00:00:12.325503,0.9796435621151885,0.07553677636885783,2,0.2700434841039927,0.0790129455644051,0.09770974546955062,0.08928045481273451,0.022320712582358584,0.09312621778049934,0.024537773422787762,8,115,0.02107051390589873,0.28757124194133904,True,False,False,1.1813155532164209e-07,COMPLETE
1282,0.4450461983680726,2025-04-20 17:28:59.629869,2025-04-20 17:29:13.835205,0 days 00:00:14.205336,0.9297169433748794,0.010524476034406195,2,0.2943764433319988,0.08808868559235745,0.09434852658337851,0.08238261339518137,0.02852389445090187,0.09821426954590831,0.061615410836317525,11,120,0.01872143543452102,0.29145097343328696,False,False,False,6.458903168250961e-08,COMPLETE
1283,0.6187391161918641,2025-04-20 17:29:14.248298,2025-04-20 17:29:28.979857,0 days 00:00:14.731559,0.9541690124413125,0.05806932796241326,2,0.2839732919769417,0.07261648496199921,0.09039085367150992,0.01691133119656312,0.034282742568254844,0.09110020451910056,0.006020007046146806,12,108,0.01720626964067997,0.2779224303517158,False,False,False,3.671259749634354e-08,COMPLETE
1284,0.5975939512252808,2025-04-20 17:29:29.409802,2025-04-20 17:29:44.765554,0 days 00:00:15.355752,0.9686020734068795,0.037239774425378666,2,0.27880158958215634,0.06588595486440603,0.09613814256367376,0.09522686297536753,0.031537740397692894,0.09396514441459179,0.004186557391875263,13,112,0.021768292326589157,0.16152985391418898,False,False,False,8.180797204883535e-08,COMPLETE
1285,0.37530029416084293,2025-04-20 17:29:45.182306,2025-04-20 17:29:58.128075,0 days 00:00:12.945769,0.9105776526753788,0.07848377027932432,2,0.2635602985438378,0.08274827080593791,0.09275938501246041,0.08519625411784389,0.023494417041639265,0.09603160271972966,0.002734455371294718,9,124,0.08291597142589402,0.2934103566434988,False,False,False,1.0038337475916249e-07,COMPLETE
1286,0.6055694460868836,2025-04-20 17:29:58.544618,2025-04-20 17:30:12.779057,0 days 00:00:14.234439,0.9443531157013222,0.04178655464775499,2,0.288589939486227,0.07728447139142153,0.09762871083242312,0.08110610752385645,0.025897548634004487,0.09832499328681055,0.03228267023183246,11,117,0.02017497802544987,0.283834231529995,False,False,False,4.832668648756129e-08,COMPLETE
1287,0.47797908782958987,2025-04-20 17:30:13.196307,2025-04-20 17:30:20.865956,0 days 00:00:07.669649,0.9782787085166849,0.05199746862928894,16,0.2722082790424893,0.07010937211638112,0.09507305666084832,0.08308375091939851,0.028144776039967543,0.09995493530304396,0.0036783676479549277,10,114,0.015681415750390986,0.2854549743514978,False,False,False,5.7389119784569376e-08,COMPLETE
1288,0.4085729420185089,2025-04-20 17:30:21.282198,2025-04-20 17:30:29.201373,0 days 00:00:07.919175,0.9268585756996065,0.028227697409902927,16,0.29562556627122033,0.08589445635538505,0.0979783205048217,0.08726906226589264,0.030211518487551145,0.09516630888957527,0.00516382337354078,12,122,0.023498699517340734,0.29359692483672983,False,False,False,1.4002066539036195e-07,COMPLETE
