number,value,datetime_start,datetime_complete,duration,params_alpha-eval,params_alpha-train,params_batch-size,params_eps-eval,params_eps-train,params_lambda-actions-eval,params_lambda-actions-train,params_lambda-frames-eval,params_lambda-frames-train,params_learning-rate,params_n-epochs,params_n-frames,params_radius-gw,params_rho,params_std-feats,params_ub-actions,params_ub-frames,params_weight-decay,state
1119,0.6483811736106874,2025-04-20 16:52:21.974164,2025-04-20 16:52:35.502006,0 days 00:00:13.527842,0.9990392234471798,0.026043898499446144,2,0.2893138121019695,0.07080175662057463,0.09298320312665241,0.09950144145642195,0.03555499644942205,0.09466864078710777,0.033729223688157735,10,119,0.018613535658367306,0.27832962480808404,False,False,False,5.3182990764812006e-08,COMPLETE
1120,0.25445533990859986,2025-04-20 16:52:35.864045,2025-04-20 16:52:43.449558,0 days 00:00:07.585513,0.9999395125430404,0.010603146992421202,16,0.29432808989790604,0.072803867267171,0.09513485755427097,0.08991805323241289,0.03529990448218364,0.09821758066475035,0.03573059884345282,9,115,0.01836479364110753,0.28313257669895836,False,False,False,7.048335102354083e-06,COMPLETE
1121,0.6031255841255189,2025-04-20 16:52:43.814366,2025-04-20 16:52:56.083202,0 days 00:00:12.268836,0.9821113527014941,0.04089274242156646,2,0.28619713879840963,0.07184705920271962,0.09316888988085933,0.09633081709029215,0.03211864867303971,0.0931011801917622,0.052845422040710945,8,120,0.01841643255606966,0.27844835461376616,False,False,False,5.6307950231102604e-08,COMPLETE
1122,0.6472537755966187,2025-04-20 16:52:56.446777,2025-04-20 16:53:10.003134,0 days 00:00:13.556357,0.9777220393675969,0.04090748657983263,2,0.28386155159802107,0.07037314204352547,0.09549346999929385,0.09103171445899377,0.03724146470811012,0.09608658487334812,0.007841435918750129,10,117,0.018794113460702155,0.2821919218164293,False,False,False,6.175313151465962e-08,COMPLETE
1123,0.16386562287807466,2025-04-20 16:53:10.369170,2025-04-20 16:53:22.617182,0 days 00:00:12.248012,0.9993040376341985,0.02657633603643534,2,0.2996023045465912,0.07134700267790275,0.09392366398603842,0.0969021327549721,0.033754983134041,0.09362245184309674,0.03763678825007978,10,114,0.018180575171590677,0.2844798056800558,False,False,True,3.895759521975168e-08,COMPLETE
1124,0.6407015681266784,2025-04-20 16:53:22.983631,2025-04-20 16:53:35.852183,0 days 00:00:12.868552,0.9793888332727733,0.04175984357952946,2,0.29040937108662557,0.07649933543449143,0.09579661579173619,0.0951229473383442,0.03427882298292765,0.09430411950084017,0.06848742353383545,9,120,0.019432431196292444,0.2849326608224161,False,False,False,7.435698453620585e-08,COMPLETE
1125,0.22284961342811588,2025-04-20 16:53:36.218060,2025-04-20 16:53:48.357714,0 days 00:00:12.139654,0.972664634929094,0.010405717448346022,2,0.28318260747698903,0.07857569049427489,0.0936012025050366,0.08808011475381232,0.031397941307528904,0.09745279397800839,0.04668851844747816,10,117,0.0200674580866065,0.2770578292370669,False,True,False,9.43056170064814e-08,COMPLETE
1126,0.5584860682487488,2025-04-20 16:53:48.704341,2025-04-20 16:54:02.834718,0 days 00:00:14.130377,0.9674270458366522,0.045454020899918006,2,0.2934900089947986,0.07825368242070047,0.0958719278412455,0.09337652520759586,0.03031410521998414,0.09276834240377599,0.006375847222670437,11,114,0.018121278486446856,0.09015677840057898,False,False,False,4.528583112907295e-08,COMPLETE
1127,0.37402784824371343,2025-04-20 16:54:03.194699,2025-04-20 16:54:16.842214,0 days 00:00:13.647515,0.9788063601100548,0.010722134114592864,2,0.2871047696078669,0.0714260781387934,0.09264706636338822,0.08838816277929563,0.03191200792128161,0.09542443388107044,0.04302408211293992,10,108,0.03696072705893336,0.28633675356844673,False,False,False,5.911376678048853e-08,COMPLETE
1128,0.4012992143630982,2025-04-20 16:54:17.205201,2025-04-20 16:54:31.236023,0 days 00:00:14.030822,0.9992994586146097,0.5054025575841302,2,0.2816874724638672,0.07070126836032166,0.09614218045824026,0.09748748809892098,0.029997039299340073,0.09234503747823149,0.0048685695668793045,11,121,0.020123251977820156,0.28541572380059604,False,False,False,3.3497617778817176e-08,COMPLETE
1129,0.6434431672096252,2025-04-20 16:54:31.598498,2025-04-20 16:54:45.211746,0 days 00:00:13.613248,0.9664112642375062,0.040925367370848294,2,0.293688481690244,0.07901603291080457,0.09484825244478674,0.08666263330228288,0.03608467352850601,0.09604041873439884,0.03785534133798458,10,110,0.020364673949391728,0.2775477969502126,False,False,False,6.88783988861912e-08,COMPLETE
1130,0.5802104234695435,2025-04-20 16:54:45.573575,2025-04-20 16:54:59.763076,0 days 00:00:14.189501,0.9995588380194337,0.028230985491088725,2,0.28881688098427427,0.07052291217392666,0.0968256408077709,0.08555790154877439,0.033542944402577615,0.09239916565003081,0.06872806761348484,11,117,0.01794681739440403,0.2854877294100837,False,False,False,7.740724009121631e-08,COMPLETE
1131,0.4019186615943909,2025-04-20 16:55:00.127309,2025-04-20 16:55:08.054880,0 days 00:00:07.927571,0.9595164535331933,0.04087190619226509,16,0.28270643882519325,0.08070451944811664,0.0945190937045792,0.08347197616225761,0.03128900914657655,0.09465900970555782,0.00356358235164106,11,113,0.07115524720971779,0.27893031963231735,True,False,False,4.808291298414763e-08,COMPLETE
1132,0.5452425479888916,2025-04-20 16:55:08.421683,2025-04-20 16:55:21.357987,0 days 00:00:12.936304,0.9836357081637468,0.05527603156447001,2,0.28724825452033453,0.07725415720079912,0.09292950154073637,0.09866364526374688,0.0275099209048485,0.09770083414902088,0.02819433055853295,9,107,0.01813285278774897,0.2897632020669387,False,False,False,9.686822946102012e-08,COMPLETE
1133,0.2898701667785645,2025-04-20 16:55:21.723208,2025-04-20 16:55:35.819571,0 days 00:00:14.096363,0.9621594805035314,0.047897294784677705,2,0.28015109599729476,0.16336999519005402,0.09656014005982652,0.089505873237935,0.029708165916460246,0.09196003070609678,0.00396295073906462,11,112,0.02015303646088918,0.28481778811217234,False,False,False,5.5591552437563544e-08,COMPLETE
1134,0.37159563302993776,2025-04-20 16:55:36.184130,2025-04-20 16:55:49.694536,0 days 00:00:13.510406,0.9822091773872654,0.028712272470093905,2,0.29406637858879475,0.07027743584727897,0.09633039713517355,0.08705712964380967,0.02837056641470328,0.0942735321985819,0.017837395723344824,10,116,0.03915910607055269,0.28986577313594114,False,False,False,3.9046581111260895e-08,COMPLETE
1135,0.6596736311912537,2025-04-20 16:55:50.057227,2025-04-20 16:56:04.144728,0 days 00:00:14.087501,0.9611951840958178,0.053400291545444,2,0.2880196092485211,0.08107147099340953,0.09484106479677468,0.0833493556667149,0.03198440104719609,0.09735603757047273,0.0035617045591498473,11,121,0.01742989750124533,0.28011465513453426,False,False,False,7.455881525568578e-08,COMPLETE
1136,0.277590149641037,2025-04-20 16:56:04.510935,2025-04-20 16:56:17.338878,0 days 00:00:12.827943,0.9545768227335866,0.0266753217924878,2,0.28033774425660885,0.15390026790226385,0.09301007250827487,0.09174682193610131,0.039429570615625464,0.09718488509867595,0.004585652996414687,9,120,0.017762828038869583,0.2769851995853312,False,False,False,8.375647372069491e-08,COMPLETE
1137,0.4505931377410889,2025-04-20 16:56:17.704611,2025-04-20 16:56:31.145887,0 days 00:00:13.441276,0.9638087604058069,0.011091932112091453,2,0.2990294064112628,0.08223547074120634,0.096950835079851,0.08510178913484698,0.03144772575263005,0.09567000584347841,0.006845784438926441,10,120,0.017419707853239326,0.27646475959942124,False,False,False,7.529764495444685e-08,COMPLETE
1138,0.6631609320640565,2025-04-20 16:56:31.512186,2025-04-20 16:56:45.623941,0 days 00:00:14.111755,0.9555632702635789,0.048760294169103276,2,0.28438084137671216,0.08270802439377582,0.09276387894135324,0.08225728622715446,0.03499004582961693,0.09838730100610349,0.0037406140383139963,11,117,0.01779646605753669,0.2808083742614417,False,False,False,9.247529446341791e-08,COMPLETE
1139,0.6682054400444031,2025-04-20 16:56:45.991444,2025-04-20 16:57:00.072465,0 days 00:00:14.081021,0.9560876118807282,0.042621165393706896,2,0.28257308293481725,0.07990882817641605,0.09210091043088203,0.08325652920852455,0.035094885988557485,0.09817757829885028,0.004009612433767001,11,116,0.017569520848464623,0.2774373809388063,False,False,False,9.988844213369343e-08,COMPLETE
1140,0.623668372631073,2025-04-20 16:57:00.441767,2025-04-20 16:57:12.798980,0 days 00:00:12.357213,0.21874021043410996,0.03395460707261002,2,0.28813893577711547,0.07412357742681197,0.09275736374851012,0.08432263873723707,0.03777926785957512,0.09910003223490255,0.005630058694779304,8,117,0.017660810342246126,0.2781952936422658,False,False,False,9.80681494020369e-08,COMPLETE
1141,0.42732163667678835,2025-04-20 16:57:13.164680,2025-04-20 16:57:27.338337,0 days 00:00:14.173657,0.9533607576387897,0.02656168163985747,2,0.27723410299780116,0.07075627113701312,0.09277380074314034,0.08717581781620123,0.03729014695168582,0.09816090331136643,0.0041529593104568064,11,118,0.017782528341426893,0.2759322328557291,False,False,False,1.0371145422356345e-07,COMPLETE
1142,0.4960650682449341,2025-04-20 16:57:27.705389,2025-04-20 16:57:41.247852,0 days 00:00:13.542463,0.954797036976939,0.02595532002426457,2,0.29535276947545597,0.08048000457931466,0.05423526202912865,0.08272305090602611,0.03620310523282295,0.09911839839413232,0.0038929239225522112,10,116,0.017505025245349717,0.28046334700759096,False,False,False,1.0280545817148273e-07,COMPLETE
1143,0.08416598439216613,2025-04-20 16:57:41.614650,2025-04-20 16:57:54.414557,0 days 00:00:12.799907,0.9512321241712872,0.04299879603944216,2,0.28531543061611675,0.07747945622861885,0.09242506022596772,0.08559237572168178,0.03363281055704234,0.09737989934883462,0.004473044426771431,11,122,0.017733724276916857,0.27816946006754106,False,False,True,1.0382512212759917e-07,COMPLETE
1144,0.23414772152900695,2025-04-20 16:57:54.784057,2025-04-20 16:58:07.494789,0 days 00:00:12.710732,0.9998338419326338,0.011521920708129754,2,0.29032568260733854,0.0705978851599136,0.09203349423207231,0.0836043489464072,0.03527881778701348,0.09715104468191553,0.0039027752499412234,11,115,0.01788202994278765,0.28041660464117174,False,True,False,8.823297475398871e-08,COMPLETE
1145,0.6569234371185303,2025-04-20 16:58:07.867169,2025-04-20 16:58:21.406046,0 days 00:00:13.538877,0.9805418550697825,0.0492335585956942,2,0.28066257453345544,0.07902305209728203,0.0923056181797158,0.09070157911613096,0.03526433893182184,0.09863657471499933,0.005267759118621911,10,118,0.01741655794218306,0.275592391217643,False,False,False,8.754947743056411e-08,COMPLETE
1146,0.30300334692001346,2025-04-20 16:58:21.781549,2025-04-20 16:58:35.285895,0 days 00:00:13.504346,0.9499722307718623,0.03968456614019805,2,0.2742564095015691,0.08323990534112384,0.09176516856179329,0.09032308458785725,0.03435247296775536,0.09924206565019893,0.005456822235187598,10,122,0.058216792899797254,0.27567722009255713,False,False,False,1.0874114314861299e-07,COMPLETE
1147,0.5006524920463562,2025-04-20 16:58:35.660482,2025-04-20 16:58:49.138735,0 days 00:00:13.478253,0.19104217103013865,0.02523644595443561,2,0.2941774947161501,0.07994750614256496,0.09229924002873097,0.08744862987502464,0.040189513262250606,0.09835754501537683,0.006287739386332241,10,114,0.017615179553659946,0.2758790859760076,False,False,False,8.25491017511868e-08,COMPLETE
1148,0.6520244598388673,2025-04-20 16:58:49.491834,2025-04-20 16:59:02.441792,0 days 00:00:12.949958,0.9837411964596142,0.04680519314686251,2,0.28439514521283893,0.07970677054290712,0.09344041488228408,0.08677343953570639,0.036087797570686725,0.09976034598024047,0.008938394277923057,9,119,0.017275095320476604,0.28037515924989526,False,False,False,9.828292597748285e-08,COMPLETE
1149,0.667256772518158,2025-04-20 16:59:02.811481,2025-04-20 16:59:16.331457,0 days 00:00:13.519976,0.9654460335827466,0.04815407543330047,2,0.27762937343320837,0.08305715262413076,0.09183405447810189,0.09208222093315058,0.03364337099953098,0.09804608484493083,0.0049578119003717445,10,122,0.01715388887676777,0.27540974898411696,False,False,False,1.139384958013576e-07,COMPLETE
1150,0.4277385890483857,2025-04-20 16:59:16.698957,2025-04-20 16:59:30.290244,0 days 00:00:13.591287,0.9519884599642539,0.01124529707607888,2,0.270746989143355,0.08493606943650875,0.09164851149039584,0.08949994635743228,0.032206594116336994,0.09999196590141989,0.0034318462468282056,10,122,0.017351428633428975,0.2820159409322032,False,False,False,1.2586117458163499e-07,COMPLETE
1151,0.605543029308319,2025-04-20 16:59:30.664365,2025-04-20 16:59:43.801721,0 days 00:00:13.137356,0.9654525037520493,0.03076887158510627,2,0.27636516344729906,0.08349829686444232,0.09380859324147357,0.09466593966671216,0.03287388299962962,0.09687763771855913,0.0077721628223489415,9,122,0.01871579074995323,0.2778357762132586,True,False,False,1.0825436586940384e-07,COMPLETE
1152,0.6616583466529846,2025-04-20 16:59:44.169855,2025-04-20 16:59:58.389180,0 days 00:00:14.219325,0.946155152350166,0.04244843415197349,2,0.2905136320931416,0.07124654442847339,0.09473039753712637,0.09934935330044117,0.030953391609088513,0.09645136613317659,0.004699681061490281,11,114,0.019090858080394513,0.2804951274562626,False,False,False,7.467350014456525e-08,COMPLETE
1153,0.3429390609264374,2025-04-20 16:59:58.759423,2025-04-20 17:00:12.936716,0 days 00:00:14.177293,0.9375387139145008,0.010632008132785885,2,0.2939411336664393,0.08454946237847591,0.09123368846893816,0.0930109092458921,0.02902385214118211,0.09737930144275841,0.04066324656460484,11,109,0.019675758437376786,0.2752092321794376,False,False,False,1.1633603036185913e-07,COMPLETE
1154,0.5683568954467774,2025-04-20 17:00:13.308340,2025-04-20 17:00:27.388447,0 days 00:00:14.080107,0.9283977869072031,0.053344035630193846,2,0.28846662538108025,0.07568877892147868,0.09398217454068525,0.08325242506001349,0.03134653227077243,0.09709846009503678,0.004674168350685209,11,114,0.017288814938482416,0.12542801998307013,False,False,False,6.350782516285982e-05,COMPLETE
1155,0.6469434976577759,2025-04-20 17:00:27.760904,2025-04-20 17:00:41.967572,0 days 00:00:14.206668,0.9455799507127712,0.05620701168882819,2,0.28318527702759066,0.07013200198047279,0.09388333316980772,0.08501810170035987,0.028899104376620216,0.09990551959975418,0.006279443113908963,11,110,0.019585419258698302,0.27514191330935833,False,False,False,7.855764128264955e-08,COMPLETE
1156,0.49597772359848025,2025-04-20 17:00:42.337993,2025-04-20 17:00:56.474008,0 days 00:00:14.136015,0.9433395995424736,0.03398126894192345,2,0.2763320459729781,0.08521264104898436,0.09134362993935989,0.08829967774565244,0.03144394433416542,0.0979425108362707,0.0033449850892199283,11,114,0.016791778770850672,0.283200860761595,False,False,False,9.823378809032635e-08,COMPLETE
1157,0.588609766960144,2025-04-20 17:00:56.844775,2025-04-20 17:01:10.965883,0 days 00:00:14.121108,0.9224744072327468,0.0542160602641959,2,0.2982450161641239,0.07898497596176615,0.09362383698963488,0.0952563217600407,0.03384973771028446,0.09596860017088976,0.025510809050476594,11,107,0.017800245775487677,0.2832159211081403,False,False,False,7.498496099062451e-08,COMPLETE
1158,0.5741250157356262,2025-04-20 17:01:11.338795,2025-04-20 17:01:26.046066,0 days 00:00:14.707271,0.9517107904489782,0.029999553339710446,2,0.2994854852497398,0.07472113155113942,0.0948002592565956,0.08258788027933672,0.029859051736244733,0.09815831388819445,0.036039743572245264,12,113,0.01949863470553512,0.2741466113870626,False,False,False,1.1513195152076404e-07,COMPLETE
1159,0.5928838133811951,2025-04-20 17:01:26.418685,2025-04-20 17:01:40.493886,0 days 00:00:14.075201,0.9627362999892095,0.05685683774110089,2,0.2900007297852431,0.08558079931621518,0.09141532921763901,0.08650441392731921,0.03233242083512338,0.0963112426363413,0.004747878427796746,11,116,0.017189199697536857,0.2825506598449011,False,False,False,7.006092774279328e-08,COMPLETE
1160,0.4805774450302124,2025-04-20 17:01:40.865883,2025-04-20 17:01:54.284968,0 days 00:00:13.419085,0.9243925653652774,0.026825477718949414,2,0.27006609383607566,0.06892810683880102,0.09466667148678769,0.08480077558790938,0.028933864949824164,0.09607635077066777,0.03250223892244072,10,111,0.019627202425568754,0.284576157178885,False,False,False,9.099309069354145e-08,COMPLETE
1161,0.08055445551872255,2025-04-20 17:01:54.660197,2025-04-20 17:02:07.952532,0 days 00:00:13.292335,0.9462590779650244,0.04377878920838629,2,0.28227660479722666,0.08114158954762102,0.09218308098848525,0.08189782366624593,0.033628874133932035,0.09767587956229797,0.007115882594957444,12,115,0.016737927786643292,0.27473833352067,False,False,True,6.767563106138767e-08,COMPLETE
1162,0.38406313061714176,2025-04-20 17:02:08.327442,2025-04-20 17:02:22.678176,0 days 00:00:14.350734,0.9643156481746737,0.010569267122726683,2,0.27880322677886493,0.08694791461633783,0.09483765569757718,0.09136383074496435,0.02731305627476479,0.09971082995816043,0.005270783590774452,11,105,0.06662409026527767,0.28239744673749145,False,False,False,1.2082933152078866e-07,COMPLETE
1163,0.4389260888099671,2025-04-20 17:02:23.053635,2025-04-20 17:02:36.573487,0 days 00:00:13.519852,0.9252400941657157,0.059931711510412176,2,0.286299026723184,0.07596124214000732,0.09342826413147959,0.08291318631807514,0.038605126012228444,0.09571700030886837,0.003072200813588,10,96,0.01953934924528558,0.28423614386433765,False,False,False,8.924311226255408e-08,COMPLETE
1164,0.10904693454504014,2025-04-20 17:02:36.948252,2025-04-20 17:02:50.023863,0 days 00:00:13.075611,0.9418735842594553,0.04737235911318571,2,0.2922453537569596,0.24558591490280626,0.0951404667522369,0.09313361695854112,0.03162514882057886,0.09793307744608976,0.015419333720395995,12,112,0.016873257165215434,0.28041121316444867,False,True,False,7.079313475247424e-08,COMPLETE
1165,0.4210216045379639,2025-04-20 17:02:50.397326,2025-04-20 17:03:04.485506,0 days 00:00:14.088180,0.9588962536705641,0.027304396007703312,2,0.2760583734067249,0.06974722985110374,0.09200262442813398,0.08497243896531319,0.04503466961390634,0.09568946297828163,0.004570962034412952,11,118,0.019627331292732468,0.2745876708753259,False,False,False,1.0098415138251764e-07,COMPLETE
1166,0.36870636343956,2025-04-20 17:03:04.861096,2025-04-20 17:03:18.958069,0 days 00:00:14.096973,0.9204216698420243,0.06120128746583611,2,0.2698210287956191,0.08058538754878615,0.09543176193923619,0.098863845939363,0.030618777074613916,0.09991769235348806,0.0034103574910455026,11,121,0.05312008329332732,0.2857335691141555,False,False,False,7.606117846536949e-08,COMPLETE
1167,0.5281311631202699,2025-04-20 17:03:19.336591,2025-04-20 17:03:34.207417,0 days 00:00:14.870826,0.9678559269443756,0.04183149252623334,2,0.28597793894821133,0.07614880400812299,0.09315538780250178,0.08819472011291576,0.033872030343103404,0.09525917874613256,0.09928563491031815,12,109,0.017043541057878527,0.27783696688728243,False,False,False,5.985528218106664e-08,COMPLETE
1168,0.5347199320793152,2025-04-20 17:03:34.581205,2025-04-20 17:03:48.182529,0 days 00:00:13.601324,0.9447219861345703,0.06296941425663802,2,0.2998702877037799,0.08571503767637444,0.030885636299324677,0.08214447696157623,0.02895274424391989,0.0955993225712796,0.05868150668040571,10,115,0.019947905015244412,0.28621532508004843,True,False,False,1.2233624027020194e-07,COMPLETE
1169,0.48959946632385254,2025-04-20 17:03:48.561909,2025-04-20 17:04:02.673630,0 days 00:00:14.111721,0.9650142535714159,0.028186029997631,2,0.2925929467824759,0.07031089285244455,0.09568004348638832,0.08417888124559718,0.02749833708281227,0.0979035707273167,0.005588445405706704,11,118,0.01689475950221604,0.286500150510491,False,False,False,8.81134484654317e-08,COMPLETE
1170,0.5245755791664124,2025-04-20 17:04:03.052646,2025-04-20 17:04:17.632416,0 days 00:00:14.579770,0.9328811862956329,0.04241938484278717,2,0.28157473538863287,0.08028191319677108,0.028342505195024598,0.0865834446227118,0.0344674451415231,0.09494060335043676,0.01271042487596801,12,103,0.018925420005604682,0.2750523356083489,False,False,False,6.401282199094852e-08,COMPLETE
1171,0.6445307731628418,2025-04-20 17:04:18.007908,2025-04-20 17:04:31.470917,0 days 00:00:13.463009,0.9794453811034932,0.06164083723678767,2,0.27366906495421134,0.08603816594981724,0.09249797714923251,0.08244421023610352,0.032941680529968626,0.09640055928976206,0.004315656419704895,10,111,0.020296003059278967,0.28107216728040285,False,False,False,8.40515939825692e-08,COMPLETE
1172,0.5744736671447754,2025-04-20 17:04:31.846405,2025-04-20 17:04:45.994659,0 days 00:00:14.148254,0.9488002293843956,0.0391758787680239,2,0.28789745965052516,0.07572120088319544,0.09475548245824596,0.08207875579234325,0.038143697459281437,0.09809414589164324,0.0033414916271782727,11,114,0.017374221138015733,0.287441001565809,False,False,False,6.627659765107349e-08,COMPLETE
1173,0.6567608714103699,2025-04-20 17:04:46.373469,2025-04-20 17:04:59.284621,0 days 00:00:12.911152,0.9138007875166678,0.06032255869590107,2,0.27830642591694793,0.06947321958674911,0.096257091021977,0.08947277135171011,0.03097266766438955,0.09433296816920951,0.0064026687579826665,9,122,0.018860436524259772,0.27867880570391,False,False,False,1.0396738737867818e-07,COMPLETE
1174,0.5927996397018434,2025-04-20 17:04:59.662772,2025-04-20 17:05:14.467622,0 days 00:00:14.804850,0.970072605873883,0.026154577141454905,2,0.2846573865782678,0.08712886274672302,0.09184007334266239,0.09986728091141633,0.026288403272941647,0.09799958688957462,0.00303950448638022,12,110,0.020733335394383302,0.06003959924301125,False,False,False,1.2106264473352353e-07,COMPLETE
1175,0.35683820843696595,2025-04-20 17:05:14.847026,2025-04-20 17:05:28.316232,0 days 00:00:13.469206,0.9417801398860074,0.010273447710660716,2,0.2924947593189618,0.07580887295333687,0.09457198248162575,0.09583201809609754,0.029076055946761027,0.09454599838855511,0.04664911048262205,10,107,0.016976301509595382,0.2874792233822131,False,False,False,6.280473571163679e-08,COMPLETE
