number,value,datetime_start,datetime_complete,duration,params_alpha-eval,params_alpha-train,params_batch-size,params_eps-eval,params_eps-train,params_lambda-actions-eval,params_lambda-actions-train,params_lambda-frames-eval,params_lambda-frames-train,params_learning-rate,params_n-epochs,params_n-frames,params_radius-gw,params_rho,params_std-feats,params_ub-actions,params_ub-frames,params_weight-decay,state
1989,0.5684053897857666,2025-04-07 08:01:35.833979,2025-04-07 08:01:46.476934,0 days 00:00:10.642955,0.09183974812243001,0.15339115017580512,8,0.06770406345288735,0.038518264046497754,0.07076430849773112,0.09558689146951703,0.05993029646758691,0.08501787069719785,0.005356043752350642,25,89,0.056505836441396715,0.09321380713140479,True,False,False,2.7577320576285882e-08,COMPLETE
1990,0.6568895936012269,2025-04-07 08:01:47.129761,2025-04-07 08:02:11.381098,0 days 00:00:24.251337,0.12453366451070777,0.20240341720659394,2,0.04724971037023339,0.022324557367427632,0.0745048107942068,0.08344455662848518,0.09806775897132253,0.07679317592124045,0.010635945084359994,28,82,0.09608845445903079,0.11441855032272626,False,False,False,1.6470271010701426e-08,COMPLETE
1991,0.6419790029525757,2025-04-07 08:02:12.041234,2025-04-07 08:02:34.983338,0 days 00:00:22.942104,0.17849699259833848,0.09893012930703302,2,0.06082336100739128,0.05909193098499615,0.07655284562785766,0.08062132627160902,0.09178058612343613,0.08293313092276135,0.016246987578010488,26,86,0.09385107816233978,0.10674231233827895,False,False,False,1.2593613881877005e-08,COMPLETE
1992,0.6132012844085694,2025-04-07 08:02:35.623182,2025-04-07 08:02:44.813305,0 days 00:00:09.190123,0.07410269949754619,0.13187434235828216,16,0.034100137571359296,0.04384755157376035,0.07290135329167624,0.0870376219976574,0.02364052345247482,0.0870011244526064,0.0008672823537124246,29,77,0.09704493258207991,0.1220939700075125,False,False,False,2.2347713120953576e-08,COMPLETE
1993,0.6753814101219178,2025-04-07 08:02:45.466914,2025-04-07 08:03:07.740475,0 days 00:00:22.273561,0.10846008558464557,0.18086452372967282,2,0.07696830580184473,0.03186134560808612,0.0691783339756173,0.09800238475205093,0.09558835387312804,0.08159304119356185,0.0073761841456153636,25,88,0.09196536575944013,0.17141766020339377,False,False,False,1.6809339362810205e-08,COMPLETE
1994,0.420697557926178,2025-04-07 08:03:08.369319,2025-04-07 08:03:31.725776,0 days 00:00:23.356457,0.144244812513682,0.15745224788935677,2,0.04270267642366173,0.04928334581923064,0.07526368948434349,0.09015988204523603,0.09727030668962043,0.07426020892253259,0.00630868508378509,27,95,0.09481476620038108,0.13879687996300002,False,False,False,1.3865140807972675e-08,COMPLETE
1995,0.46512591838836675,2025-04-07 08:03:32.379458,2025-04-07 08:03:53.769135,0 days 00:00:21.389677,0.046461422424731585,0.08603438968158847,2,0.05354442194890515,0.06802276351071926,0.07974222352638828,0.09274058990235577,0.09826686562375998,0.07889205417028955,0.00864094292659624,28,83,0.08966175564940289,0.13412843090024745,False,False,True,2.83000530504632e-08,COMPLETE
1996,0.6265988826751709,2025-04-07 08:03:54.430454,2025-04-07 08:04:17.278296,0 days 00:00:22.847842,0.0916184934203397,0.12354621615434275,2,0.06512097058225345,0.037621203036408465,0.06731962777381183,0.09533583082594842,0.09351798371472832,0.08939975324294165,0.005292702571261131,26,79,0.09296795352846132,0.11654969575698768,False,False,False,3.6052352566807645e-08,COMPLETE
1997,0.13399648368358613,2025-04-07 08:04:17.921068,2025-04-07 08:04:38.575511,0 days 00:00:20.654443,0.06416595592430839,0.23470324659248865,2,0.0164297761025852,0.05649523115982904,0.07094759823940504,0.08466835712246933,0.09658773117635941,0.08418687281747067,0.01179793736237701,27,91,0.09784097558606938,0.10877225196895109,True,True,False,1.9116263779920583e-08,COMPLETE
1998,0.6128117918968201,2025-04-07 08:04:39.227419,2025-04-07 08:05:02.186528,0 days 00:00:22.959109,0.1309103993409732,0.1647915078289137,2,0.08341416780131988,0.04387059996424899,0.07707369181279014,0.08872106497909502,0.09479342527090413,0.08054636643867882,0.006519383299645948,26,74,0.08802233078964992,0.1250704218545309,False,False,False,1.2615702678026896e-08,COMPLETE
1999,0.6403079748153687,2025-04-07 08:05:02.845744,2025-04-07 08:05:25.182827,0 days 00:00:22.337083,0.20207928427132243,0.138943601377808,2,0.07165264565770882,0.02908268421094691,0.07358309031124831,0.09185443188247794,0.09057819596096424,0.0773499396094698,0.0095076098914273,25,86,0.09499338767600526,0.10045358769906901,False,False,False,1.4976485060334514e-08,COMPLETE
