number,value,datetime_start,datetime_complete,duration,params_alpha-eval,params_alpha-train,params_batch-size,params_eps-eval,params_eps-train,params_lambda-actions-eval,params_lambda-actions-train,params_lambda-frames-eval,params_lambda-frames-train,params_learning-rate,params_n-epochs,params_n-frames,params_radius-gw,params_rho,params_std-feats,params_ub-actions,params_ub-frames,params_weight-decay,state
727,0.5989007472991944,2025-04-20 15:54:27.518168,2025-04-20 15:54:37.064445,0 days 00:00:09.546277,0.2723294051908174,0.15046231448377292,16,0.235202424691881,0.05068665574200011,0.08765978422944293,0.05918576122836408,0.06368503629682656,0.08247052667321092,0.00023238156773964432,28,137,0.00909128957986221,0.2765112543553741,False,False,False,4.743185786591484e-07,COMPLETE
728,0.45983407497406004,2025-04-20 15:54:37.290340,2025-04-20 15:54:46.670670,0 days 00:00:09.380330,0.7832567113317879,0.18511374333128122,16,0.2548208495404919,0.10824221960714574,0.08371191712997421,0.06263833832831618,0.07198274952133525,0.07875870193602061,0.0002971714158547256,27,150,0.012926829353892097,0.2969445509900685,False,False,False,2.1193034759579374e-07,COMPLETE
729,0.5984412550926208,2025-04-20 15:54:46.907367,2025-04-20 15:54:56.311887,0 days 00:00:09.404520,0.8361200908507447,0.10986631512927493,16,0.2129971380214256,0.04779314506284462,0.0900910911894529,0.06524384833477637,0.061359310685818236,0.08133174266653424,0.0004685544404504052,27,145,0.010510820235641608,0.2776997054428715,False,False,False,3.397210547333344e-07,COMPLETE
730,0.08557355403900146,2025-04-20 15:54:56.551022,2025-04-20 15:55:18.036787,0 days 00:00:21.485765,0.8085113333823112,0.1241290900051493,2,0.2126689240107202,0.10265291275853128,0.08298607301733568,0.06669328691059981,0.06491487377275067,0.08844379226565789,0.00020911136039570736,28,55,0.01369926553079083,0.2855314777073862,False,False,True,1.3416801402799392e-07,COMPLETE
731,0.6428700685501099,2025-04-20 15:55:18.263941,2025-04-20 15:55:26.859886,0 days 00:00:08.595945,0.8891571880674626,0.09954230868389007,16,0.2173511114782306,0.06304782155474802,0.08800755691659827,0.07021430728063432,0.06287481920888519,0.09100520541773208,0.0006203354968442066,19,141,0.012048821699668217,0.2990461426206177,False,False,False,5.618540694073701e-07,COMPLETE
732,0.3448665261268616,2025-04-20 15:55:27.099117,2025-04-20 15:55:36.267812,0 days 00:00:09.168695,0.8934474216306035,0.1546737652385526,16,0.23851310608126197,0.05708742138546463,0.09391626398755716,0.060103967859288704,0.005243888242211073,0.09257495507937222,0.0006652208454316079,25,134,0.0065663633831859304,0.29474537939874673,False,False,False,6.410417501655831e-07,COMPLETE
733,0.6123963475227356,2025-04-20 15:55:36.496743,2025-04-20 15:55:45.079632,0 days 00:00:08.582889,0.9005988682680868,0.10607506372539495,16,0.2121483802215622,0.06347577646015667,0.0648883276690017,0.058471191507951686,0.058798490902640214,0.09046912008621374,0.000730411582133324,19,137,0.009542452738685248,0.2943644742103139,False,False,False,5.941679609261206e-07,COMPLETE
734,0.2174928367137909,2025-04-20 15:55:45.317574,2025-04-20 15:55:53.880927,0 days 00:00:08.563353,0.9059474782145506,0.12257611627975487,16,0.22267027226119965,0.12604694859453167,0.09181166690449388,0.06272010185885199,0.07679131773893928,0.08490532917792382,0.0006059428473561782,26,140,0.011620307950862722,0.2988331723438286,False,True,False,7.747285513424223e-07,COMPLETE
735,0.5993577599525451,2025-04-20 15:55:54.122222,2025-04-20 15:56:03.423807,0 days 00:00:09.301585,0.8781766539629687,0.09969129955695782,16,0.22699641356273448,0.04866387930161785,0.08710204223959675,0.0704775118390593,0.06138711138369415,0.09141810081854766,0.0009806208865072242,26,138,0.01126125262095138,0.2981865180040752,False,False,False,5.599222149784303e-07,COMPLETE
736,0.5087732911109925,2025-04-20 15:56:03.649568,2025-04-20 15:56:11.882836,0 days 00:00:08.233268,0.9286430540230513,0.133378893545886,16,0.21950081836207463,0.11861006633659585,0.08868929133266124,0.06174275752727283,0.06327047994706365,0.09219474279774362,0.0005928905212181689,15,134,0.00784053087397248,0.29980105880249786,False,False,False,4.7590598777946786e-07,COMPLETE
737,0.39830380082130434,2025-04-20 15:56:12.124704,2025-04-20 15:56:21.293739,0 days 00:00:09.169035,0.9161363696286533,0.1643158637336405,16,0.20308143289199163,0.11039905002464004,0.038751598173970454,0.07546260276316517,0.07304536431385748,0.09446986375154896,0.0005378626259213721,22,141,0.01176959041571275,0.2897233217042996,True,False,False,8.019013156449976e-07,COMPLETE
738,0.6033162713050843,2025-04-20 15:56:21.524231,2025-04-20 15:56:30.063824,0 days 00:00:08.539593,0.8854115505138118,0.10060971686697752,16,0.2603363990326587,0.05484984902328753,0.0901997048406491,0.06537316018172513,0.06531795735646073,0.08991230651111579,0.02119079662051159,18,142,0.013153211916241617,0.2869867667284124,False,False,False,2.0755123062822463e-07,COMPLETE
739,0.5983258485794067,2025-04-20 15:56:30.302574,2025-04-20 15:56:38.762187,0 days 00:00:08.459613,0.862332438581253,0.11973801129065187,16,0.21456383655440933,0.06989034828868203,0.08862336608029786,0.06791233017879805,0.0673481051435461,0.0955839883694954,0.0008612907563139242,17,138,0.0085690020647472,0.29164006951570093,False,False,False,9.23595268871671e-08,COMPLETE
740,0.2938395380973816,2025-04-20 15:56:39.004659,2025-04-20 15:56:46.826545,0 days 00:00:07.821886,0.8740175552443082,0.08383088164688568,16,0.2313020256625292,0.061577030034373065,0.0909275892539159,0.05756018611974342,0.05904009839656,0.08919316530336421,0.00025477149265468033,12,84,0.012974793979563956,0.2835454242463148,False,False,False,2.823605895535566e-07,COMPLETE
741,0.5315872788429261,2025-04-20 15:56:47.056613,2025-04-20 15:56:55.787095,0 days 00:00:08.730482,0.8918383902332839,0.150650406106843,16,0.21620307652091986,0.04510289670137097,0.08723737463818428,0.0603520821648516,0.07995455545299182,0.08355510734690418,0.00046625728830490407,21,133,0.010607718482475902,0.29586043932761363,False,False,False,1.5732742180932424e-07,COMPLETE
742,0.3327743411064148,2025-04-20 15:56:56.030324,2025-04-20 15:57:05.417024,0 days 00:00:09.386700,0.854408234844005,0.10442756921762242,16,0.20581907861873588,0.06693540109900095,0.05745666669437784,0.06410330826154342,0.07084172529525673,0.08755295170624439,0.0002075066879361137,27,143,0.08122654483792735,0.2900915726326824,False,False,False,6.302694713870095e-07,COMPLETE
743,0.6675125360488892,2025-04-20 15:57:05.646567,2025-04-20 15:57:14.450994,0 days 00:00:08.804427,0.9097155162754357,0.06991589579209086,16,0.204571601532831,0.09175166957828654,0.08596078733996315,0.06577608189889253,0.06313112041678895,0.09083453031499378,0.00037283960450856265,20,139,0.014474280457244039,0.2992384574105972,False,False,False,9.18758829933353e-07,COMPLETE
744,0.2926477134227753,2025-04-20 15:57:14.691533,2025-04-20 15:57:23.308921,0 days 00:00:08.617388,0.9107694462032272,0.03676100668208168,16,0.2167640506340463,0.08060930334343688,0.0890000880118042,0.07212059445654737,0.06463428957232004,0.0807237766099797,0.0004006682479860424,19,106,0.014493129185490105,0.28929826640871276,False,False,False,9.77468820000414e-07,COMPLETE
745,0.6662482142448426,2025-04-20 15:57:23.555377,2025-04-20 15:57:32.376052,0 days 00:00:08.820675,0.915497748444585,0.052120987391612916,16,0.2202010563512082,0.12219237544467712,0.09279406308962881,0.0688501105074999,0.06635655287751056,0.07989228235549942,0.000508597841025573,20,141,0.014588084777508715,0.2815632753296493,False,False,False,9.011850773454752e-07,COMPLETE
746,0.3908297955989838,2025-04-20 15:57:32.608569,2025-04-20 15:57:41.299878,0 days 00:00:08.691309,0.9274959110163776,0.019035163240883626,16,0.21021351022666523,0.08693959608443931,0.09462536276523957,0.07011123657594502,0.06328170517876676,0.09162188529260291,0.0006531792623790572,20,140,0.014311200901884435,0.2819045977069338,False,False,False,8.300373085224244e-07,COMPLETE
747,0.34867703914642334,2025-04-20 15:57:41.543237,2025-04-20 15:57:50.458241,0 days 00:00:08.915004,0.956760952641898,0.038184753640232424,16,0.22413237181534432,0.13036514646729597,0.09890639605901332,0.06806561001861787,0.06580680275013172,0.09234335330579387,0.0007554651141769245,21,142,0.014171145736987363,0.2774800692769672,False,False,False,7.366581401670038e-07,COMPLETE
748,0.28159666061401367,2025-04-20 15:57:50.689007,2025-04-20 15:57:59.290558,0 days 00:00:08.601551,0.905844827361837,0.04256868288144337,16,0.21212271450134784,0.10702136178812714,0.09703057085242059,0.07303993800105757,0.06280086523939683,0.0941899896085495,0.0005225413320349331,19,140,0.012705783821920134,0.2851743879997754,False,False,False,9.883766496804042e-07,COMPLETE
749,0.3447791635990143,2025-04-20 15:57:59.532899,2025-04-20 15:58:08.320622,0 days 00:00:08.787723,0.9299128795187468,0.057087767046311064,16,0.21717631438983362,0.09369424549135075,0.09250995327699292,0.06960959308433626,0.06472198617058854,0.08092912821622038,0.0005945064501913131,21,144,0.012802110304148448,0.2993501783154228,False,False,False,6.718312024654053e-07,COMPLETE
750,0.08551156967878343,2025-04-20 15:58:08.568284,2025-04-20 15:58:16.762987,0 days 00:00:08.194703,0.9276863375179619,0.02469055463722577,16,0.19846459214607173,0.08584705335615869,0.09273022382373203,0.06700038811854604,0.06637704474538243,0.07956874821855857,0.0005080442167131294,20,145,0.015094994315863199,0.2758059957158391,False,False,True,9.241565415860263e-07,COMPLETE
751,0.6432255864143371,2025-04-20 15:58:16.994475,2025-04-20 15:58:26.539378,0 days 00:00:09.544903,0.9601790169759763,0.05057469733499566,16,0.2175312458144857,0.10921179520238868,0.09150636544582531,0.07104507854087327,0.061911885312213345,0.08318859727223045,0.0004588727635854261,28,142,0.01481282248005594,0.29211460059230054,False,False,False,6.341422600542136e-07,COMPLETE
752,0.2901635527610779,2025-04-20 15:58:26.783743,2025-04-20 15:58:35.543194,0 days 00:00:08.759451,0.9058991322341504,0.04197260697946722,16,0.2183199572768181,0.121597544825797,0.09580588832574163,0.07611611759958255,0.06165907680153362,0.08353065044638454,0.0005958114974534211,20,140,0.01125932442050069,0.2918953075888037,False,False,False,1.0876824383287293e-06,COMPLETE
753,0.2005998253822327,2025-04-20 15:58:35.779286,2025-04-20 15:58:43.872858,0 days 00:00:08.093572,0.9538949358900233,0.054640074894574994,16,0.21824501691294898,0.11326766867718714,0.09415969678697123,0.0738227232385709,0.06094849958932697,0.08571376037485942,0.0007003038600193662,20,138,0.012979362735292724,0.29909020651089285,False,True,False,8.113023742105703e-07,COMPLETE
754,0.3771036505699158,2025-04-20 15:58:44.117502,2025-04-20 15:58:52.904860,0 days 00:00:08.787358,0.9103828041013385,0.018587638711623104,16,0.20710024754415507,0.11996285860585942,0.09357589962719787,0.06956766447601026,0.06448222396619763,0.08229907864752266,0.0004773443370181209,21,141,0.03704845784835936,0.2906331397469661,False,False,False,6.544658363253824e-07,COMPLETE
755,0.38901039958000183,2025-04-20 15:58:53.156166,2025-04-20 15:59:01.645612,0 days 00:00:08.489446,0.9399574518170031,0.05073708174567432,16,0.20392251741940295,0.10114139792942127,0.0956741629009151,0.07224539749334619,0.06788905207430793,0.08268531025028303,0.0005027250945839036,18,138,0.014706197295733312,0.2846656427947973,False,False,False,8.108477882641173e-07,COMPLETE
756,0.33056387305259705,2025-04-20 15:59:01.882151,2025-04-20 15:59:10.565421,0 days 00:00:08.683270,0.9801954201001986,0.033352613666017314,16,0.22878440095620617,0.1011057060166277,0.09164048596810236,0.0708542953542286,0.06254104253245321,0.08562650343534493,0.00043107118980986584,20,142,0.015080286380191401,0.29389346517851783,False,False,False,1.0824407873860904e-06,COMPLETE
757,0.44905137419700625,2025-04-20 15:59:10.810582,2025-04-20 15:59:19.696171,0 days 00:00:08.885589,0.9533534964733075,0.06453851969075067,16,0.19801890378099407,0.09044988316645614,0.09105305556683935,0.07367927300365207,0.06682402008990009,0.08010874644927839,0.000604506490829254,21,144,0.011049518152713564,0.2893323187556923,False,False,False,5.888312625851818e-07,COMPLETE
758,0.25354910492897037,2025-04-20 15:59:19.944087,2025-04-20 15:59:28.651370,0 days 00:00:08.707283,0.9434873162715861,0.021424559888572538,16,0.20873671293409288,0.1145025209162043,0.09203417300265787,0.07142800914200508,0.0692821421747486,0.082694537686226,0.00041923188540690014,20,89,0.012455082690538515,0.29989892106615057,False,False,False,7.014411222973728e-07,COMPLETE
759,0.29981627464294436,2025-04-20 15:59:28.886083,2025-04-20 15:59:38.140648,0 days 00:00:09.254565,0.9690579661320232,0.05949113841632993,16,0.23671496473088788,0.11787298646302521,0.09059013486190089,0.06864838610548188,0.060710795224893394,0.08416266682981775,0.00046171807653426787,22,138,0.014872378889777453,0.2930836206781061,True,False,False,5.248876329035823e-07,COMPLETE
760,0.26072139739990235,2025-04-20 15:59:38.389941,2025-04-20 15:59:47.081595,0 days 00:00:08.691654,0.961732643335658,0.037692630597918615,16,0.2125039805476425,0.10815999912074249,0.024580077114001474,0.06859701581701168,0.06410214610716938,0.09821664187179757,0.000553565172577898,19,147,0.013211096550623731,0.2837677875815955,False,False,False,8.969523186920409e-07,COMPLETE
761,0.27839016914367676,2025-04-20 15:59:47.319948,2025-04-20 15:59:56.386195,0 days 00:00:09.066247,0.9288500411753344,0.01116164452230562,16,0.21093594171176855,0.10229843469489702,0.09260194990905231,0.06663374964069466,0.06273812666011246,0.08653457654604042,0.0008379938416308422,24,142,0.015631236042747746,0.28005581883253644,False,False,False,1.1263627455806254e-06,COMPLETE
762,0.4901624321937561,2025-04-20 15:59:56.632834,2025-04-20 16:00:05.257243,0 days 00:00:08.624409,0.9204867607205542,0.9666004021527834,16,0.22252300784088883,0.12344954132798437,0.08916833768735447,0.07758481080860126,0.06502178279238224,0.0961094960603073,0.00037912668059745115,19,145,0.01113856828087201,0.2999809690456504,False,False,False,4.990333254052552e-07,COMPLETE
763,0.48397126197814944,2025-04-20 16:00:05.506935,2025-04-20 16:00:14.976495,0 days 00:00:09.469560,0.9977691356344617,0.064941529295952,16,0.22379291186928899,0.11167696365802743,0.09563428221021696,0.07172370226583662,0.06661763197395909,0.08021527140250216,0.0007140256595875892,28,139,0.013848975534734609,0.29090068075507325,False,False,False,7.021723928109333e-07,COMPLETE
764,0.6248459815979004,2025-04-20 16:00:15.214377,2025-04-20 16:00:24.244612,0 days 00:00:09.030235,0.9023385045487032,0.07244525206460643,16,0.2202716349576932,0.1271119280108579,0.09341421325237309,0.06700021312638854,0.06830848405513436,0.07845939572481973,0.0005036776391287335,23,147,0.01523626839432594,0.2862137458280133,False,False,False,4.476774012697081e-07,COMPLETE
765,0.29752836227416996,2025-04-20 16:00:24.493211,2025-04-20 16:00:33.443491,0 days 00:00:08.950280,0.9145005502420829,0.05182210349918992,16,0.21794245369019305,0.13414508801182828,0.0948903179826781,0.06990205798261591,0.07166211033549104,0.0815741687122232,0.0006445667248854215,22,148,0.01195210772054211,0.2853322189744996,False,False,False,3.954071977138921e-07,COMPLETE
766,0.5696905612945558,2025-04-20 16:00:33.680618,2025-04-20 16:00:42.648477,0 days 00:00:08.967859,0.9346167102005891,0.07172748203585967,16,0.22734787562856812,0.13406624018710048,0.08973782289476954,0.06776868305322532,0.07429495867847863,0.07852148565281473,0.0005320559847411583,23,150,0.009981146381585822,0.28621234651061117,False,False,False,4.258947868558575e-07,COMPLETE
767,0.33083666563034064,2025-04-20 16:00:42.896124,2025-04-20 16:00:51.517263,0 days 00:00:08.621139,0.8944365717496336,0.04373906769804246,16,0.2191457454424481,0.1214444550552982,0.09518496352547075,0.06670659703847742,0.0694208721853953,0.07971621150863854,0.0007928709437670492,18,147,0.04175338711718357,0.28062148058189434,False,False,False,4.634181700702001e-07,COMPLETE
768,0.31184304356575016,2025-04-20 16:00:51.767619,2025-04-20 16:01:00.394625,0 days 00:00:08.627006,0.9766448383912976,0.06806545572315952,16,0.2374590934755964,0.10986791434966921,0.08969474001021344,0.0685270911034209,0.07018889344959284,0.0820915960310372,0.0005094711185801271,19,110,0.0153208078686456,0.29011142912989174,False,False,False,3.4775899544938385e-07,COMPLETE
769,0.30962734222412114,2025-04-20 16:01:00.632733,2025-04-20 16:01:09.562085,0 days 00:00:08.929352,0.944068183927981,0.01017386969582193,16,0.2308692187040895,0.12924923278997605,0.09187764533248421,0.07034732451872457,0.0476070594508124,0.084155573915266,0.0006318180462904323,22,142,0.013104089493344429,0.2951717808500165,False,False,False,1.2331561091701558e-07,COMPLETE
770,0.0848132610321045,2025-04-20 16:01:09.813534,2025-04-20 16:01:17.904288,0 days 00:00:08.090754,0.8967322070517192,0.05332951200231412,16,0.2143871231003703,0.12569158905795635,0.09311836802526507,0.07476071443720445,0.06790505447881273,0.07890522226079125,1.4218749801668879e-05,18,145,0.015609983298780364,0.2875244422840829,False,False,True,5.403160257559551e-07,COMPLETE
771,0.5262409210205078,2025-04-20 16:01:18.155683,2025-04-20 16:01:27.286262,0 days 00:00:09.130579,0.9181280904160941,0.3933406367314314,16,0.22233136776987636,0.14100759989427522,0.09272620674019068,0.06607967876776691,0.07290569917853931,0.07810406310620331,0.0004589331101196776,24,136,0.013546548421893925,0.2784076418507658,False,False,False,1.9333351875141773e-07,COMPLETE
772,0.20438046753406525,2025-04-20 16:01:27.525000,2025-04-20 16:01:35.768564,0 days 00:00:08.243564,0.9748755526382189,0.08072089317204435,16,0.20344586332479067,0.12029143582343114,0.09696834280726152,0.06581246507749611,0.07581299594987777,0.08072119972667946,0.00040881045065396533,23,73,0.010683855923514864,0.2943291774993745,False,True,False,4.304685488965856e-07,COMPLETE
773,0.5698782563209533,2025-04-20 16:01:36.022428,2025-04-20 16:01:44.426484,0 days 00:00:08.404056,0.9045934250276151,0.07712525319871431,16,0.21703439176206776,0.10817728785845246,0.090966029449188,0.07243734190222179,0.060194499054044434,0.08714883380468434,0.0005755199561172946,17,147,0.014361923167392165,0.2832536885283926,False,False,False,3.5532308713797516e-07,COMPLETE
774,0.4314477324485779,2025-04-20 16:01:44.665963,2025-04-20 16:01:53.665657,0 days 00:00:08.999694,0.8871546637371923,0.03274039942838894,16,0.21145212441350836,0.1151497557091585,0.09366446155575991,0.06800281138696114,0.06232935836427593,0.08271761820368805,0.0009210134964455312,23,143,0.01638105524200857,0.2998764004340204,False,False,False,5.272410682741127e-07,COMPLETE
775,0.473302435874939,2025-04-20 16:01:53.915862,2025-04-20 16:02:03.086168,0 days 00:00:09.170306,0.9497587524573399,0.07062176965823419,16,0.22153861884734818,0.12923917851701153,0.09847341632881877,0.06983305407089406,0.06536975568505272,0.08052121747117652,0.00044773012840201664,24,150,0.012357187764726565,0.2895890307897521,False,False,False,2.5478021029743406e-07,COMPLETE
776,0.4193051338195801,2025-04-20 16:02:03.338887,2025-04-20 16:02:12.461843,0 days 00:00:09.122956,0.8846080715152057,0.05065439121459227,16,0.22687960882132774,0.12413434754753849,0.08834004201212066,0.06548788238901643,0.05763430247062092,0.09339390777353215,0.0005123674323290996,24,140,0.015366209294724795,0.2771932967336247,False,False,False,6.213573100765874e-07,COMPLETE
777,0.2814460933208466,2025-04-20 16:02:12.701122,2025-04-20 16:02:21.746188,0 days 00:00:09.045066,0.9004353204494119,0.08356758857161603,16,0.23086195520172223,0.09733287461306128,0.09345194772285477,0.06363482384899419,0.06897944050361875,0.08927544184395254,0.0003828623333478512,20,147,0.010209709424273575,0.2819556740263648,True,False,False,1.828480334756508e-07,COMPLETE
778,0.5290351986885071,2025-04-20 16:02:21.998665,2025-04-20 16:02:30.828891,0 days 00:00:08.830226,0.9229550174097931,0.07383077712105922,16,0.193151809818702,0.10243913016580931,0.09715471746598678,0.06678116475765439,0.07111331711073382,0.0785229566546284,0.0007290712697534481,21,144,0.01337075418385485,0.29405706474174725,False,False,False,3.295506685030297e-07,COMPLETE
779,0.24564914703369142,2025-04-20 16:02:31.082723,2025-04-20 16:02:39.913173,0 days 00:00:08.830450,0.987722131584885,0.040837634232703264,16,0.26888185384144103,0.11510251675287206,0.09063349892924892,0.07055127659301358,0.06368004582603098,0.08528224616636532,0.00036823610801198334,21,137,0.016216388097073806,0.28848559664523604,False,False,False,0.00027876456315997306,COMPLETE
780,0.5353240132331848,2025-04-20 16:02:40.152541,2025-04-20 16:02:48.744109,0 days 00:00:08.591568,0.8777607475174549,0.092276592350291,16,0.20868692389756704,0.1373556948953491,0.08772809414436743,0.0649966623931158,0.06064535786231546,0.09070749562015254,0.0004648151540387772,19,141,0.011897671599362872,0.2741080228236585,False,False,False,1.5150140938723197e-07,COMPLETE
781,0.6359984159469605,2025-04-20 16:02:48.997809,2025-04-20 16:02:57.686103,0 days 00:00:08.688294,0.8775442735067729,0.06645935006115465,16,0.21473564930987057,0.10797977643724138,0.09400648982653564,0.06774120783259137,0.06766268274738768,0.08308664695090084,0.0005657885566825319,20,147,0.014738648494575093,0.29469352378489827,False,False,False,2.300412634473382e-07,COMPLETE
782,0.31777001023292545,2025-04-20 16:02:57.942517,2025-04-20 16:03:06.618466,0 days 00:00:08.675949,0.8911798647961966,0.03107254628043748,16,0.2052869989415768,0.10959129447074174,0.0946928465987759,0.06911269021958315,0.06610561698116227,0.0839454826467745,0.0007095855404142931,20,148,0.016332804165719837,0.28273585980412835,False,False,False,2.055200213856931e-07,COMPLETE
