number,value,datetime_start,datetime_complete,duration,params_alpha-eval,params_alpha-train,params_batch-size,params_eps-eval,params_eps-train,params_lambda-actions-eval,params_lambda-actions-train,params_lambda-frames-eval,params_lambda-frames-train,params_learning-rate,params_n-epochs,params_n-frames,params_radius-gw,params_rho,params_std-feats,params_ub-actions,params_ub-frames,params_weight-decay,state
511,0.6106155037879945,2025-04-06 22:43:19.363509,2025-04-06 22:43:44.342767,0 days 00:00:24.979258,0.16724707476550968,0.10022961000419672,2,0.22346957946347046,0.05429469170655864,0.05571829506108597,0.07433280280030675,0.03990990295706334,0.05732285016719735,0.010296173393317726,29,86,0.085804942836421,0.16383869499818773,False,False,False,5.948641844771088e-07,COMPLETE
512,0.6537467956542968,2025-04-06 22:43:44.499216,2025-04-06 22:44:09.041293,0 days 00:00:24.542077,0.22689013341715997,0.10548320250098019,2,0.015431540867101743,0.04503103379257406,0.05077311460910715,0.07598887314428976,0.0369765267354719,0.08819332571072419,0.012759772945717458,29,83,0.08316576614164545,0.16173628029717677,False,False,False,8.860473697279146e-07,COMPLETE
513,0.6807521343231201,2025-04-06 22:44:09.209234,2025-04-06 22:44:33.932365,0 days 00:00:24.723131,0.18651978095156724,0.12096232229768723,2,0.02872869830801804,0.0394847990394744,0.05178960194248561,0.08102058324513876,0.036037054425814403,0.08728667179540847,0.012548529662600732,29,84,0.08688766677397972,0.16997892609982188,False,False,False,3.7796397901569463e-07,COMPLETE
514,0.4157321572303772,2025-04-06 22:44:34.088815,2025-04-06 22:44:55.422704,0 days 00:00:21.333889,0.18150104212542353,0.12917105339609283,2,0.03521770681002919,0.028002052833121075,0.05187065099095788,0.08375622794459503,0.035606378909453264,0.09035837917246235,0.013830368681418468,29,21,0.08716669875579165,0.17223802981984476,False,False,True,5.499603695292587e-07,COMPLETE
515,0.2896315395832062,2025-04-06 22:44:55.594835,2025-04-06 22:45:17.087273,0 days 00:00:21.492438,0.15249097268728717,0.11743357340276471,2,0.026049484638853884,0.02115061871338231,0.05121286201106971,0.07783620389318897,0.057987344612653896,0.09028950627678836,0.012045354212645212,29,80,0.08726548819375067,0.18390196412620388,True,True,False,3.15478283893191e-07,COMPLETE
516,0.6121902465820312,2025-04-06 22:45:17.245910,2025-04-06 22:45:41.657758,0 days 00:00:24.411848,0.20857712052487604,0.11181463204432306,2,0.030754109051167842,0.03802950092331882,0.05370494549562857,0.08210956396602026,0.03275701480361716,0.0876189985250515,0.016131811366143018,29,63,0.08420043780339367,0.18011379354896812,False,False,False,3.963247990418058e-07,COMPLETE
517,0.514811110496521,2025-04-06 22:45:41.815720,2025-04-06 22:46:05.844030,0 days 00:00:24.028310,0.17769770555442288,0.11903148538017715,2,0.1079147091134895,0.032773977900716254,0.04958280791619411,0.08042294345075471,0.03411631900260787,0.09098799075577149,0.014590294013428718,28,84,0.08360279107721812,0.2661676413373081,False,False,False,2.0549853884307677e-07,COMPLETE
518,0.6784696340560914,2025-04-06 22:46:06.014092,2025-04-06 22:46:31.292434,0 days 00:00:25.278342,0.19476694958844573,0.12414610257569787,2,0.029918791875252267,0.041121053580581435,0.0527047690694864,0.08130587865474348,0.03676329470047129,0.08896255874664726,0.011607508291652531,30,89,0.08626936757956566,0.16909326914118797,False,False,False,4.011214519968346e-07,COMPLETE
519,0.12681575119495392,2025-04-06 22:46:31.450588,2025-04-06 22:46:53.619415,0 days 00:00:22.168827,0.16352489559050595,0.12040604502296806,2,0.18738071811440077,0.1994676927670002,0.05551676090194674,0.08597341828951208,0.036497387936610406,0.04307799669956786,0.012904060348344055,30,90,0.08720019952781609,0.16545057718795927,True,False,True,2.659736227882066e-07,COMPLETE
520,0.18207779824733736,2025-04-06 22:46:53.789143,2025-04-06 22:47:15.957160,0 days 00:00:22.168017,0.414942975842705,0.11205879922000461,2,0.030238677440859625,0.04422743828751749,0.05139592685888985,0.08138098565842394,0.0369324232761473,0.08963604992552551,0.0152631579573676,30,95,0.031373815088360214,0.159065555999809,False,True,False,3.3083145931465474e-07,COMPLETE
521,0.44079871177673347,2025-04-06 22:47:16.115690,2025-04-06 22:47:41.064717,0 days 00:00:24.949027,0.18896326929096866,0.12763825828377956,2,0.03385585586218717,0.032041350060555494,0.0531912013002404,0.0824789571648824,0.03475257808956545,0.09151599053597459,0.012011975179868004,30,92,0.0844969013667039,0.1693156731932513,False,False,False,2.334770416503364e-07,COMPLETE
522,0.47479199767112734,2025-04-06 22:47:41.226285,2025-04-06 22:48:06.050286,0 days 00:00:24.824001,0.13702506561894978,0.0987557793246291,2,0.029456767686792548,0.04245933024428751,0.05274273905392989,0.08407774592818909,0.037663984146207995,0.08857567107818368,0.016782276487898262,29,88,0.08796014523144852,0.1673509127538018,False,False,False,3.831537155057399e-07,COMPLETE
523,0.49143495559692385,2025-04-06 22:48:06.220773,2025-04-06 22:48:27.903344,0 days 00:00:21.682571,0.20718235270463964,0.13615465721114206,2,0.037624856872928464,0.025359174629555184,0.05728322633095615,0.08137890097058502,0.03598353347401351,0.0886968664264731,0.012228711332852709,30,7,0.08675707704137157,0.11320784284021593,True,False,True,4.4195661576484446e-07,COMPLETE
524,0.09159234166145325,2025-04-06 22:48:28.063633,2025-04-06 22:48:49.559395,0 days 00:00:21.495762,0.18607617600837045,0.11759690525837592,2,0.14027403860944632,0.03772219060523547,0.05114983542738303,0.08084924830952632,0.0335589187491106,0.08759883732986812,0.011460728500160321,29,89,0.08334628072228553,0.1617812042650206,False,True,False,4.482952084525693e-07,COMPLETE
525,0.42915995717048644,2025-04-06 22:48:49.733809,2025-04-06 22:49:14.782357,0 days 00:00:25.048548,0.17127021575816465,0.09930920026145275,2,0.025202758555511774,0.04627825113443327,0.049212759834785284,0.07916457327631408,0.03832813438307751,0.08569398568512601,0.0003596512895752066,30,86,0.08577230282364322,0.22906139793801963,False,False,False,3.02535105156223e-06,COMPLETE
526,0.09159234166145325,2025-04-06 22:49:14.944210,2025-04-06 22:49:39.610399,0 days 00:00:24.666189,0.1987562459240398,0.8314542530542046,2,0.20834758852281324,0.021517335472661072,0.04994456517805682,0.0831745363025863,0.03240136372374469,0.09090589764234928,0.013951218763192665,29,98,0.08563534943312777,0.1725677540309281,False,False,False,3.3946486483670055e-08,COMPLETE
527,0.4881929397583008,2025-04-06 22:49:39.771020,2025-04-06 22:50:01.919506,0 days 00:00:22.148486,0.15125814311054275,0.10310698205881119,2,0.09800008648299298,0.03502665162399401,0.0553707756277612,0.07876883289196453,0.03562116497536885,0.0874936568350243,0.0009520194539793249,30,83,0.08266870233184817,0.16238646994670153,True,False,True,3.8888968779363706e-07,COMPLETE
528,0.20514847934246064,2025-04-06 22:50:02.090465,2025-04-06 22:50:23.292369,0 days 00:00:21.201904,0.4706413612997487,0.13282114317424504,2,0.03888220091231974,0.1217497665652098,0.04905892362581037,0.07846004585648811,0.08912504413352437,0.08886423064350192,0.010490703665864435,28,89,0.08170072724724074,0.15462676537315215,False,True,False,3.0650427301926914e-07,COMPLETE
529,0.5147593021392822,2025-04-06 22:50:23.455259,2025-04-06 22:50:47.438391,0 days 00:00:23.983132,0.2161791544238929,0.08991818370508739,2,0.021665859095799173,0.042795506610676964,0.09218875718637187,0.08591208980195862,0.03817302458234102,0.08602266757679972,0.009974764653931992,28,80,0.08868023718506289,0.1742346429045329,False,False,False,2.524518134190204e-08,COMPLETE
530,0.5677509903907776,2025-04-06 22:50:47.613464,2025-04-06 22:51:12.217791,0 days 00:00:24.604327,0.18303614370997856,0.10751287527816292,2,0.1625704921678854,0.030388800485749705,0.05301570898775857,0.08931716151329505,0.06673586407350289,0.09194302184569529,0.01585613470004994,29,92,0.0855622365517617,0.0902166828229988,False,False,False,4.918594835641923e-07,COMPLETE
531,0.4372747659683228,2025-04-06 22:51:12.380534,2025-04-06 22:51:37.841629,0 days 00:00:25.461095,0.20573376683792854,0.08110013463075115,2,0.02884411764863299,0.04970921979101898,0.04790349004963354,0.07679207618301219,0.033865224564238995,0.06602068599160606,0.01092878344118594,29,11,0.042182220170502244,0.25055354157368015,True,False,False,7.29549849006844e-07,COMPLETE
532,0.4962412118911743,2025-04-06 22:51:38.016278,2025-04-06 22:51:58.887993,0 days 00:00:20.871715,0.16297799351702177,0.13959157323096386,2,0.02242486625409786,0.04024927792355024,0.05890996113708271,0.07982780050533829,0.03193088458790295,0.08664014664396062,9.027775406933656e-05,28,18,0.0834529265161233,0.13143360518583116,False,False,True,1.7038534519887636e-08,COMPLETE
533,0.19802570044994355,2025-04-06 22:51:59.051024,2025-04-06 22:52:20.471298,0 days 00:00:21.420274,0.22747111863632413,0.09506439140101317,2,0.017888666613808366,0.02003083166114749,0.0548853634096202,0.08314837074102546,0.03633041823487703,0.07310204705506676,0.012814237270088003,29,85,0.05047035047714237,0.1678468573951169,False,True,False,2.922548091362539e-07,COMPLETE
534,0.544942569732666,2025-04-06 22:52:20.634104,2025-04-06 22:52:45.722423,0 days 00:00:25.088319,0.046863172817599566,0.07176844663578777,2,0.12182084293152831,0.04750628418625076,0.050620781444659396,0.07671406122881069,0.03889196593920242,0.08888816692145579,0.01003017564796498,30,83,0.08111312209564647,0.16101635711416423,False,False,False,4.0636896382230774e-07,COMPLETE
535,0.09159234166145325,2025-04-06 22:52:45.897909,2025-04-06 22:53:11.189719,0 days 00:00:25.291810,0.1319669276434653,0.0845721064720505,2,0.17401392481724404,0.006711316749735504,0.052199153118994555,0.06555476401765827,0.03508401273592086,0.08472525410428795,0.013074831351930402,30,88,0.08408972120308007,0.12443108933213774,True,False,False,8.219590428858605e-07,COMPLETE
536,0.5287868142127992,2025-04-06 22:53:11.352876,2025-04-06 22:53:32.236486,0 days 00:00:20.883610,0.19606195157149287,0.1225842064837609,2,0.0898033942142328,0.02857876300215858,0.09398175932522428,0.07966130062052745,0.030435167372702562,0.08683809201956033,0.015816834370843375,28,80,0.04707296103736126,0.1523596244528701,False,False,True,2.3838390559448557e-07,COMPLETE
537,0.11174786984920503,2025-04-06 22:53:32.410674,2025-04-06 22:53:53.285069,0 days 00:00:20.874395,0.44946523456282406,0.14443208292105703,2,0.03011035219565605,0.039126152177993756,0.031735121215171164,0.07639232852684985,0.032394482998964025,0.07014898922591448,0.008981933366415201,28,87,0.07953314728911288,0.10866211720944441,False,True,False,5.916814027859027e-07,COMPLETE
538,0.4141701996326447,2025-04-06 22:53:53.449196,2025-04-06 22:54:18.244436,0 days 00:00:24.795240,0.2235992955728064,0.07052366180090497,2,0.021666571113909138,0.17405869816659772,0.09695738067800407,0.08113923424504729,0.03776467755644416,0.08917958034924355,0.0024856875088754313,29,82,0.08212762215585144,0.1755657994655283,True,False,False,4.268378553610908e-06,COMPLETE
539,0.6081648588180542,2025-04-06 22:54:18.410258,2025-04-06 22:54:42.950545,0 days 00:00:24.540287,0.24261161882814308,0.10460788298199011,2,0.10330835131329762,0.052168674195200465,0.04712616757771988,0.06467160182540765,0.04042365465904324,0.0719041651210841,0.017438191232075035,29,78,0.06453316219640648,0.14535586367957581,False,False,False,1.4666283342056e-06,COMPLETE
540,0.32538533210754395,2025-04-06 22:54:43.126054,2025-04-06 22:55:05.314444,0 days 00:00:22.188390,0.18553148561422655,0.2791307947165345,2,0.1512968920409081,0.035197874129898096,0.048870108914088634,0.0778654954726685,0.03388098196746657,0.08524177609803585,0.009641786417651049,30,95,0.08784012486625589,0.07219779129787796,False,False,True,3.558862673498485e-08,COMPLETE
541,0.22457141280174256,2025-04-06 22:55:05.482245,2025-04-06 22:55:18.942354,0 days 00:00:13.460109,0.23141808304850212,0.07584570637464676,2,0.015907679616175945,0.12879495621685477,0.053498169224895954,0.08490891856252551,0.03658621597353469,0.09138936284048385,0.0033607864435763893,14,23,0.08005215795745622,0.15697204744756338,False,True,False,9.700407293490561e-05,COMPLETE
542,0.5723116040229798,2025-04-06 22:55:19.119497,2025-04-06 22:55:44.004848,0 days 00:00:24.885351,0.204648095437462,0.1141420072432957,2,0.13254668883240825,0.05939292815673604,0.0572307675994268,0.07533343684500969,0.028700326998481983,0.08781992902481399,0.00017982595056143254,29,85,0.08421889694366386,0.16434613160199685,True,False,False,2.4605359060618482e-06,COMPLETE
543,0.6145719170570374,2025-04-06 22:55:44.172369,2025-04-06 22:56:09.386171,0 days 00:00:25.213802,0.1670233126735283,0.09318628240133839,2,0.02707794970604887,0.04526406766256734,0.05060299828951281,0.0692073200441091,0.034793352883845864,0.07470561629283913,0.0004750777485519533,30,61,0.08620832246829063,0.1705022604196927,False,False,False,5.157270072083937e-07,COMPLETE
544,0.4023073256015778,2025-04-06 22:56:09.564109,2025-04-06 22:56:33.709032,0 days 00:00:24.144923,0.028150805483930102,0.23909744200197433,2,0.11238310720488898,0.041941722816561874,0.047713170423489125,0.009342739593507246,0.03060464995976965,0.0846491351114051,1.9572473245077784e-05,28,92,0.08170326814443313,0.14968380922282204,False,False,False,2.21157092556019e-08,COMPLETE
545,0.570006024837494,2025-04-06 22:56:33.878312,2025-04-06 22:56:54.456249,0 days 00:00:20.577937,0.21503549452109652,0.05524816109147592,2,0.037577419973049496,0.028750170631455234,0.05601816671000718,0.07373555274376466,0.02616433560583538,0.07329363043797911,0.013348457991069975,27,77,0.07976606869388313,0.1369981715479421,False,False,True,6.73609370423777e-07,COMPLETE
546,0.28595033288002014,2025-04-06 22:56:54.622981,2025-04-06 22:57:15.892614,0 days 00:00:21.269633,0.25146110270809224,0.06900258554119956,2,0.018554444152497566,0.05096807850851445,0.052167891449664876,0.095497370754592,0.03235201014312471,0.06150214544492441,0.008725913819773827,28,80,0.0822580244091019,0.18266051264982236,True,True,False,3.454933821208087e-07,COMPLETE
547,0.5297170519828797,2025-04-06 22:57:16.072304,2025-04-06 22:57:40.747825,0 days 00:00:24.675521,0.19130890133213513,0.08524884767569436,2,0.014838570782454374,0.0348700466638009,0.02051510140794912,0.0761734169062017,0.03897557050679529,0.08611059036928262,0.0036232947015062108,29,84,0.08583061622770678,0.15916870558627014,False,False,False,9.06907478516416e-07,COMPLETE
548,0.6399884223937988,2025-04-06 22:57:40.916005,2025-04-06 22:58:05.999355,0 days 00:00:25.083350,0.15071048300286183,0.05900687138609001,2,0.25593129665065095,0.024284146245296647,0.0496892801155873,0.06796056032691349,0.08671284934030167,0.09126265228181644,0.011142943414129892,30,89,0.07867896460106608,0.14341812245826596,False,False,False,1.5595684490562704e-06,COMPLETE
549,0.39065895080566404,2025-04-06 22:58:06.180495,2025-04-06 22:58:28.469563,0 days 00:00:22.289068,0.13663335927891204,0.12368637253738475,2,0.07821298240334665,0.017221013202364563,0.0953470778985597,0.06705215268677882,0.09116450309737312,0.09242972449406103,0.011178460542919108,30,91,0.08323547714871743,0.14091127405169626,False,False,True,1.975267238251205e-06,COMPLETE
550,0.09159234166145325,2025-04-06 22:58:28.637259,2025-04-06 22:58:50.779419,0 days 00:00:22.142160,0.12167504027482165,0.10185728652902526,2,0.23863463313194447,0.02386398467987599,0.054251204515553215,0.06642738704535331,0.08679507629564258,0.09097419982507111,0.012426415950173492,30,90,0.08025879839142894,0.13214704177839312,True,True,False,1.8031047169198828e-06,COMPLETE
551,0.6069931149482728,2025-04-06 22:58:50.959060,2025-04-06 22:59:16.295990,0 days 00:00:25.336930,0.13946742602516432,0.06831779181536725,2,0.19552715420984346,0.018524945679108597,0.007121712558459288,0.06532438083657627,0.08537153977705729,0.08990347906584767,0.014661040283218367,30,95,0.04435927081685453,0.14203367139367654,False,False,False,1.2954047427814279e-06,COMPLETE
552,0.5508627772331238,2025-04-06 22:59:16.465485,2025-04-06 22:59:41.885304,0 days 00:00:25.419819,0.16210273665771646,0.14086627889669923,2,0.12475122429034742,0.009561969329830583,0.08944134308726603,0.06876808686054356,0.09037508035163783,0.07655583105094105,0.001425593559043571,30,87,0.08810428322750295,0.14721490267107168,False,False,False,1.6689836934987528e-06,COMPLETE
553,0.6058059930801392,2025-04-06 22:59:42.066387,2025-04-06 23:00:06.775157,0 days 00:00:24.708770,0.14267650216878205,0.08432912546122334,2,0.20496476643234243,0.026475727084511833,0.036022760624081336,0.06995151296330793,0.08519491440237613,0.09176279073838751,0.010554206346751216,29,89,0.04901289535671268,0.12583340412088082,False,False,False,2.5057087003828794e-06,COMPLETE
554,0.0924747884273529,2025-04-06 23:00:06.944252,2025-04-06 23:00:28.725197,0 days 00:00:21.780945,0.12521846041649448,0.06340860298919945,2,0.27724300076465475,0.005684083111788555,0.09248885916130568,0.06719811963087939,0.08393251895936898,0.06968371685832934,0.008998569050618313,29,87,0.08445140548734283,0.1360131831161273,True,True,True,2.8187636340970734e-08,COMPLETE
555,0.5434014320373536,2025-04-06 23:00:28.893368,2025-04-06 23:00:54.094694,0 days 00:00:25.201326,0.1719701347504876,0.3958531158087239,2,0.09955306083656125,0.02567222115883598,0.033955234664787504,0.06465053310581734,0.055616349055505956,0.08870937277927006,0.016305816523921497,30,94,0.07831636625840761,0.1479203974580296,False,False,False,1.289258533899055e-06,COMPLETE
556,0.6478720426559448,2025-04-06 23:00:54.276179,2025-04-06 23:01:18.777305,0 days 00:00:24.501126,0.1615212586095545,0.056134822940638276,2,0.14306735644807178,0.029604163747217097,0.050411851262719236,0.06801513297491667,0.08694426239648033,0.07372839328888742,0.011283361908880673,29,85,0.06697206161559716,0.14270789124571637,False,False,False,1.5189190579617076e-06,COMPLETE
557,0.6567461967468262,2025-04-06 23:01:18.947101,2025-04-06 23:01:43.768828,0 days 00:00:24.821727,0.15582338016277852,0.09830923619710669,2,0.1997070001597407,0.02276659954796203,0.05057457372957608,0.06406847874681225,0.0887027001515207,0.07153129952838526,0.012547550145430965,29,89,0.06951324849320867,0.13877572257777904,False,False,False,2.302123749879289e-06,COMPLETE
558,0.6327744722366333,2025-04-06 23:01:43.949733,2025-04-06 23:02:08.905478,0 days 00:00:24.955745,0.14624800591479253,0.10869117439479639,2,0.2848274933813569,0.019298067392642143,0.05212863934765287,0.06402294130643375,0.0883939868868614,0.07196475585063009,0.013367860590076946,29,98,0.06750182857681407,0.1325966367744404,True,False,False,1.5054503293236667e-06,COMPLETE
559,0.11444849371910096,2025-04-06 23:02:09.076451,2025-04-06 23:02:30.874981,0 days 00:00:21.798530,0.1477943576599425,0.11780623373808607,2,0.27275435924856684,0.019084229634003278,0.05407031214171571,0.06555644404919939,0.09022778960061623,0.06949875259351099,0.013821999223822896,29,101,0.06625916214307805,0.1291910664510533,True,False,True,2.250623444627638e-06,COMPLETE
560,0.09159234166145325,2025-04-06 23:02:31.058850,2025-04-06 23:02:52.641514,0 days 00:00:21.582664,0.1297300471238493,0.13849295933847233,2,0.09495092821978338,0.02117267610019323,0.052552864499516544,0.06290050823350823,0.08946258121878559,0.06791776838205042,0.017753802568481677,29,107,0.06791011209737378,0.133213545196521,True,True,False,2.184764869971735e-06,COMPLETE
561,0.5813356161117554,2025-04-06 23:02:52.813679,2025-04-06 23:03:17.731773,0 days 00:00:24.918094,0.15277339153511502,0.11040852731026689,2,0.2637054494562505,0.01376272004166223,0.05506545375109016,0.06297046575612589,0.08804609083851472,0.07182315753977074,0.020146790594686187,29,97,0.0652678428089904,0.14077682298461333,True,False,False,2.746405689438698e-06,COMPLETE
562,0.5743770718574525,2025-04-06 23:03:17.905750,2025-04-06 23:03:42.674155,0 days 00:00:24.768405,0.11910399637871293,0.1270235110951078,2,0.2650496216268303,0.019036193309020486,0.06174731510562393,0.06361067949728219,0.0928844576017728,0.07074356906753498,0.013672598419923273,29,93,0.06713694885500926,0.13327359423155158,True,False,False,1.9818416307153086e-06,COMPLETE
563,0.3104874610900879,2025-04-06 23:03:42.857052,2025-04-06 23:04:05.174786,0 days 00:00:22.317734,0.1383566376597383,0.09997862624388017,2,0.25004610267217886,0.021581705492864325,0.051376473637229324,0.06351690207092589,0.0936784654996355,0.07274406423379452,0.01213858658687555,30,100,0.06294888431858797,0.12614796104247894,True,False,True,1.6605119847999397e-06,COMPLETE
564,0.09159234166145325,2025-04-06 23:04:05.346864,2025-04-06 23:04:26.400628,0 days 00:00:21.053764,0.14655082489390658,0.10757443926117377,2,0.21868551557916072,0.012041777263016102,0.056453852672848415,0.06617697858486601,0.08904845793715328,0.0661545822534778,0.01687661281350512,28,105,0.06798002626963921,0.11981909476706419,True,True,False,2.736442432174565e-06,COMPLETE
565,0.5692816257476807,2025-04-06 23:04:26.583141,2025-04-06 23:04:51.628327,0 days 00:00:25.045186,0.1533903441980822,0.15198126745786195,2,0.28059061085468767,0.026838518172820524,0.05249128243853706,0.06460826312904107,0.08657675302175008,0.06791986845357297,0.012495871257353937,29,99,0.06476650815228896,0.13991173620101477,True,False,False,1.8795393503081912e-06,COMPLETE
566,0.6212931871414185,2025-04-06 23:04:51.801509,2025-04-06 23:05:17.145149,0 days 00:00:25.343640,0.11078709943539788,0.1326637378318764,2,0.25433433879913403,0.014130607835023234,0.05860036434178008,0.0634962161486729,0.08781922947720121,0.07060067352871623,0.011034139588980262,30,95,0.06922265188970851,0.129776202215521,True,False,False,3.93234246258036e-06,COMPLETE
567,0.09159234166145325,2025-04-06 23:05:17.330295,2025-04-06 23:05:42.041652,0 days 00:00:24.711357,0.16738852530231457,0.08619731972162412,2,0.2882578228584517,0.0014493050296821566,0.0504335234513216,0.0658451271272359,0.09140574657054214,0.06999568951873313,0.013668112219133857,29,103,0.0641675331877989,0.2563485493393236,True,False,False,3.2595187934424635e-06,COMPLETE
