number,value,datetime_start,datetime_complete,duration,params_alpha-eval,params_alpha-train,params_batch-size,params_eps-eval,params_eps-train,params_lambda-actions-eval,params_lambda-actions-train,params_lambda-frames-eval,params_lambda-frames-train,params_learning-rate,params_n-epochs,params_n-frames,params_radius-gw,params_rho,params_std-feats,params_ub-actions,params_ub-frames,params_weight-decay,state
0,0.2895913600921631,2025-04-20 13:37:32.589152,2025-04-20 13:37:43.142819,0 days 00:00:10.553667,0.1792907708232006,0.6219328630139067,8,0.0021209650855241245,0.05988057954089848,0.07246597135047969,0.09904682734188298,0.04217134157019715,0.06151945669682562,0.006920503751938325,27,141,0.07815036890441329,0.07122722545243206,True,False,True,3.442954835168719e-06,COMPLETE
1,0.36008946299552924,2025-04-20 13:37:43.147023,2025-04-20 13:37:54.186716,0 days 00:00:11.039693,0.7616639671015112,0.6855619022347411,2,0.2908454291364529,0.14539008163535252,0.03128155189652658,0.0907244667715352,0.014802018463788556,0.09341396292775954,1.1990825000905652e-05,6,71,0.027743652798772417,0.283496652617824,True,False,False,0.0004674861002885443,COMPLETE
2,0.10810603201389313,2025-04-20 13:37:54.190392,2025-04-20 13:38:02.238884,0 days 00:00:08.048492,0.2935923556042789,0.06522082670745638,16,0.28135303650736493,0.26019020444110164,0.07499920838794431,0.09137703998283521,0.06111906658640964,0.011324331443366597,0.0017627727399617717,21,19,0.04335474299642651,0.06321535439916207,True,False,True,6.140643697765331e-05,COMPLETE
3,0.3604967057704926,2025-04-20 13:38:02.242989,2025-04-20 13:38:17.786132,0 days 00:00:15.543143,0.8787657229392837,0.34348140568796465,2,0.026047674631377072,0.18833588925486788,0.008909889703677905,0.0066006139423232385,0.009661134135454871,0.09328489411411649,0.0005130836764113759,16,26,0.07600842694020997,0.12206292881291794,True,False,True,2.8794702959363732e-05,COMPLETE
4,0.13877490758895875,2025-04-20 13:38:17.790545,2025-04-20 13:38:31.966854,0 days 00:00:14.176309,0.9228616656742636,0.20818105269703346,2,0.19260207493231907,0.20164394367619676,0.055620357442123736,0.0462485339036858,0.05202388713737426,0.04569204778534188,0.013629621759540415,14,43,0.08861417337051614,0.202083096230086,True,False,True,8.902644211777616e-07,COMPLETE
5,0.4154193937778473,2025-04-20 13:38:31.971303,2025-04-20 13:38:38.787721,0 days 00:00:06.816418,0.09346938303573094,0.1662424981068515,16,0.03018370764518794,0.24317105311954976,0.05004988644297152,0.04728719927096954,0.05576111776199754,0.09722922836786937,0.014748863649416437,5,145,0.033461678296541154,0.23274621085529082,True,False,True,1.7837564584955937e-05,COMPLETE
6,0.09159234166145325,2025-04-20 13:38:38.792531,2025-04-20 13:38:49.968009,0 days 00:00:11.175478,0.7104530432781831,0.5272593800614227,8,0.04460365040484547,0.007625403481878609,0.033904554150044466,0.09086821936263537,0.0030503995373136724,0.02001830735015474,0.00011108856697819872,27,128,0.038207861496652486,0.24697522242769634,True,False,False,3.929157802905227e-08,COMPLETE
7,0.4450116515159607,2025-04-20 13:38:49.973113,2025-04-20 13:39:00.547228,0 days 00:00:10.574115,0.4683372498868174,0.8669210468586321,8,0.02779718048411325,0.21707949821599842,0.01970935483138582,0.05447321190190579,0.07926388937334064,0.008814503950421847,0.039997490803369555,25,43,0.0941487982481267,0.2178747032435127,False,False,False,2.343478489984842e-05,COMPLETE
8,0.11709423661231995,2025-04-20 13:39:00.552555,2025-04-20 13:39:09.866559,0 days 00:00:09.314004,0.9502466975254025,0.7716084275395818,2,0.04323129121223711,0.1356230436742064,0.08391844326486053,0.03512460058549601,0.09446187902706799,0.010076755180492586,0.0037459821088632298,5,78,0.09566428373204401,0.05070661666764381,False,True,False,6.001440304972282e-05,COMPLETE
9,0.12070672512054444,2025-04-20 13:39:09.872230,2025-04-20 13:39:31.169463,0 days 00:00:21.297233,0.07052001698033146,0.5463221784282237,2,0.02936084258235666,0.20935279389165734,0.030967303537114833,0.04958952996555244,0.014009098528887046,0.07998927501482668,0.0008812698317512053,28,85,0.0838637950073519,0.20999069387034064,True,True,False,7.926861876553824e-05,COMPLETE
10,0.12146444916725159,2025-04-20 13:39:31.176260,2025-04-20 13:39:40.295908,0 days 00:00:09.119648,0.47022542152248875,0.9941466567807513,8,0.11211073858903904,0.29393504584883035,0.008441419689942824,0.07109324313403965,0.09992963541725128,0.029727172778798567,0.0930610926943722,21,52,0.00797271739812093,0.14595743985766899,False,True,False,2.0100587257158647e-07,COMPLETE
11,0.1917508900165558,2025-04-20 13:39:40.302358,2025-04-20 13:39:47.567400,0 days 00:00:07.265042,0.4305213334294463,0.9863095384603437,16,0.10689274406153956,0.24711434131227517,0.0985215179675531,0.02724726411295069,0.07362867164362799,0.0606125703170167,0.07742319722603773,10,122,0.061299871293232985,0.20187490151879775,False,False,True,4.644436884659701e-06,COMPLETE
12,0.5201713204383851,2025-04-20 13:39:47.574270,2025-04-20 13:39:56.155148,0 days 00:00:08.580878,0.04500421235327913,0.3559533994760872,16,0.09534140182550145,0.2462903265998675,0.05073012576397944,0.06754841747614648,0.07821418303802045,0.039506986885920824,0.021357619133274268,21,106,0.01536039197046786,0.2739493675034032,False,False,False,1.171972850098816e-05,COMPLETE
13,0.3803908348083496,2025-04-20 13:39:56.162337,2025-04-20 13:40:04.898951,0 days 00:00:08.736614,0.6239566001849826,0.3619134409660365,16,0.0897563794956418,0.29628598566374464,0.049069474775067436,0.06966751159631565,0.0796971697618619,0.03683254128746135,0.03372682552997482,22,98,0.007725529895399616,0.2985467940161436,False,False,False,1.1662232058957506e-06,COMPLETE
14,0.09159234166145325,2025-04-20 13:40:04.906150,2025-04-20 13:40:14.330324,0 days 00:00:09.424174,0.30713252037631344,0.7954430279183059,8,0.17516906751550632,0.10910742840180646,0.01847961599161651,0.06409907811909617,0.07838052929810814,0.0016492363016876073,0.031216281689403054,23,102,0.05766168300711203,0.2643321162359065,False,True,False,0.0009217564062933695,COMPLETE
15,0.5368518233299255,2025-04-20 13:40:14.338006,2025-04-20 13:40:23.835684,0 days 00:00:09.497678,0.3094761493150504,0.35812147485406637,16,0.07991736197952369,0.18424698575389292,0.06078778586344541,0.06333458514781512,0.03592194992745286,0.024759646668576336,0.00021513641252090404,30,56,0.020266248114646848,0.16570445753947452,False,False,False,1.1309313657126943e-05,COMPLETE
16,0.41156386733055117,2025-04-20 13:40:23.843695,2025-04-20 13:40:33.277764,0 days 00:00:09.434069,0.012449301552706363,0.35810365318299686,16,0.14166477758747548,0.17830392640003456,0.06191483925364042,0.07840772287595607,0.03058524433392973,0.02900677778758155,7.328953175520834e-05,30,63,0.02097779744652138,0.10426442677734818,False,False,False,6.713622085961661e-06,COMPLETE
17,0.5552468419075012,2025-04-20 13:40:33.286163,2025-04-20 13:40:41.520784,0 days 00:00:08.234621,0.2514584882514479,0.42717618555310816,16,0.07754407992251508,0.10727035992313293,0.043075760015576385,0.07839981304957706,0.03231204020901696,0.048836153431280706,0.0002499243070468877,17,105,0.01620255419121057,0.16807120672192796,False,False,False,1.0499331749806922e-08,COMPLETE
18,0.15247119367122652,2025-04-20 13:40:41.529230,2025-04-20 13:40:49.202895,0 days 00:00:07.673665,0.29676750126719204,0.44230118238913063,16,0.21644315662845204,0.09326038060084142,0.040962936103240435,0.08070338717052,0.0327473790787272,0.05837902517104942,0.0002251882263094424,17,89,0.003974348397110066,0.1721446388244653,False,True,False,3.873948224286534e-08,COMPLETE
19,0.2691641092300415,2025-04-20 13:40:49.211689,2025-04-20 13:40:57.289535,0 days 00:00:08.077846,0.19201789081502157,0.2568279590637973,16,0.07484779242253287,0.0764895681183882,0.06894680967265074,0.05733769327316261,0.0282161451287271,0.07439689342781591,1.7742192710767937e-05,15,118,0.024410591711170965,0.012466673360111924,False,False,False,2.0720569342376906e-07,COMPLETE
20,0.4269091308116913,2025-04-20 13:40:57.298682,2025-04-20 13:41:05.131263,0 days 00:00:07.832581,0.5799925472167528,0.02828949382437257,16,0.13563065795372908,0.03274205830552196,0.08757714233511482,0.034744658903049674,0.04173509858856077,0.05117025298931767,4.047650906026509e-05,13,60,0.04637973038033622,0.16640786617452488,False,False,False,2.0477964447116186e-08,COMPLETE
21,0.5755017280578614,2025-04-20 13:41:05.141267,2025-04-20 13:41:13.626107,0 days 00:00:08.484840,0.18083101765538623,0.42464033104528637,16,0.07376665705104944,0.16832130855928149,0.04349557002659438,0.07974043273431212,0.06568908737643653,0.040527354555742134,0.000252679432150893,19,109,0.016921911575148198,0.13272432666640893,False,False,False,5.199123672944932e-07,COMPLETE
22,0.335344523191452,2025-04-20 13:41:13.635811,2025-04-20 13:41:21.257540,0 days 00:00:07.621729,0.36681938392433044,0.41985260057640644,16,0.07268810275366183,0.16122718042283285,0.03969732744802731,0.07893289334278229,0.06438785094838739,0.025546364700204032,0.00024447802194152673,11,112,0.013997414384256012,0.13770248819505004,False,False,False,2.985777539992462e-07,COMPLETE
23,0.4083707511425019,2025-04-20 13:41:21.267788,2025-04-20 13:41:29.510896,0 days 00:00:08.243108,0.18409686952106682,0.47066749884028414,16,0.06723241796567946,0.1224479000527457,0.06046542720745405,0.08273057356039683,0.04107212082650723,0.040907283567737415,0.0002653714618027081,19,7,0.030178016367176142,0.10308733954319367,False,False,False,1.0989847174848391e-08,COMPLETE
24,0.5108568549156189,2025-04-20 13:41:29.521340,2025-04-20 13:41:38.077276,0 days 00:00:08.555936,0.2564484777986806,0.5672547266847506,16,0.11451560585949402,0.16481389240432778,0.04262186041615146,0.06414338860372429,0.02323529217522897,0.05194483392720012,0.0007272510321504808,19,91,0.017980589042380805,0.17595303405754506,False,False,False,1.4106943912775665e-06,COMPLETE
25,0.348977667093277,2025-04-20 13:41:38.088125,2025-04-20 13:41:47.022354,0 days 00:00:08.934229,0.40329537620780936,0.272052068358587,16,0.15870779850150452,0.09977893258684434,0.025247998274768507,0.0997102954122574,0.04336808659350289,0.02184060800592969,0.002212740012228093,24,129,0.001430809381587227,0.11954574988940243,False,False,False,6.865006500938065e-08,COMPLETE
26,0.15326435565948487,2025-04-20 13:41:47.033340,2025-04-20 13:41:53.908067,0 days 00:00:06.874727,0.12889108236831603,0.15003982840429658,16,0.002520752753708916,0.1431633385603939,0.06208874440530829,0.07318291084058234,0.023474778511751573,0.033599335703367005,8.499001961809141e-05,8,74,0.0550283014193201,0.1797144335990382,False,True,False,0.00016892170262993873,COMPLETE
27,0.4831359744071961,2025-04-20 13:41:53.919340,2025-04-20 13:42:02.245548,0 days 00:00:08.326208,0.2234494337822389,0.6353328216914107,16,0.05722381650169302,0.06065505447070622,0.0010015305797365232,0.05896960550278777,0.04880365109917917,0.07121400172353422,0.00040469449209558405,18,136,0.035693371078179284,0.0852618393122859,False,False,False,4.680868674243571e-07,COMPLETE
28,0.3599059522151947,2025-04-20 13:42:02.257258,2025-04-20 13:42:10.012995,0 days 00:00:07.755737,0.3503298127895551,0.2786086832206197,16,0.1254505360010042,0.12260452840183073,0.04335760457476893,0.08678230669340276,0.06942160182240763,0.04603451782259019,4.078323238248588e-05,12,111,0.013639882352728425,0.15239677858405437,False,False,False,8.848789349995511e-08,COMPLETE
29,0.11002667248249055,2025-04-20 13:42:10.025084,2025-04-20 13:42:18.644879,0 days 00:00:08.619795,0.14484943499955805,0.4317090122936682,16,0.2526631451989807,0.17642911929523689,0.07269798827784008,0.07568065806411967,0.037834013473640515,0.016181906372485108,0.00015498154908118669,27,97,0.06744565342494434,0.13239197151522003,False,False,True,2.70339749543864e-06,COMPLETE
30,0.4612843990325928,2025-04-20 13:42:18.656903,2025-04-20 13:42:30.313434,0 days 00:00:11.656531,0.24097962663322778,0.587760875601837,8,0.08756185688070825,0.08474788568272634,0.08088942668880947,0.09513600232606623,0.08748383508166499,0.06681736790287039,0.001401744107791752,30,150,0.024345441992858662,0.15665515970742314,False,False,False,2.908348641783902e-06,COMPLETE
31,0.5029870748519898,2025-04-20 13:42:30.325937,2025-04-20 13:42:38.883065,0 days 00:00:08.557128,0.021875202397572402,0.35578905380126,16,0.09322880403368627,0.22827349293358715,0.05428274546996324,0.06467253237435228,0.06093841558974653,0.03968232960475364,0.0042515327976873196,20,108,0.014493002284491924,0.19126626682870293,False,False,False,9.775834897147825e-06,COMPLETE
32,0.33417863845825196,2025-04-20 13:42:38.897028,2025-04-20 13:42:46.941533,0 days 00:00:08.044505,0.08380519260818178,0.480999211634397,16,0.003087532750405367,0.27140999799995436,0.04829375238647135,0.08448222607728208,0.06940751247312812,0.05381440992966209,0.00041585807279901835,17,80,0.009586501307326786,0.2616882806650205,False,False,False,1.1545325762478615e-05,COMPLETE
33,0.37845759391784667,2025-04-20 13:42:46.956017,2025-04-20 13:42:55.989771,0 days 00:00:09.033754,0.15863521553219262,0.30828326210542795,16,0.09910216190821199,0.19388767257439798,0.0347178673232932,0.06813893805994731,0.08812849004607778,0.044647318144513615,5.2423925662007056e-05,25,106,0.027044136959283746,0.23445490206194392,False,False,False,0.00021237603070678058,COMPLETE
34,0.4036079347133637,2025-04-20 13:42:56.003252,2025-04-20 13:43:03.970140,0 days 00:00:07.966888,0.5582070292734771,0.4007710433410326,16,0.05665966142642061,0.1578286502383178,0.06702641185323398,0.002376313849844651,0.05034448017731141,0.03377052190496269,0.00013389653988747012,15,66,0.019723645690395183,0.08378681046456252,False,False,False,4.1041692360300055e-06,COMPLETE
35,0.11634818613529206,2025-04-20 13:43:03.983796,2025-04-20 13:43:21.559513,0 days 00:00:17.575717,0.3453586937847405,0.19402339510834052,2,0.08046569574999762,0.2275798784545473,0.055877483268820194,0.04150504339079004,0.020873510036334,0.04396467540301275,2.0968919720563997e-05,21,32,0.04232862193059144,0.028117507082005805,True,False,True,3.865243674440634e-05,COMPLETE
36,0.5088778376579285,2025-04-20 13:43:21.573588,2025-04-20 13:43:29.799099,0 days 00:00:08.225511,0.26384544720187375,0.6540513981086187,16,0.15765514212775683,0.13342975093020967,0.04735970479277932,0.017503791970556293,0.05693900115490626,0.05576267074567891,0.0006108900695126894,16,115,0.018435752464243685,0.11153968351384733,False,False,False,1.8806158819277556e-06,COMPLETE
37,0.09143427163362502,2025-04-20 13:43:29.815426,2025-04-20 13:43:38.114068,0 days 00:00:08.298642,0.11118721062251274,0.4997290513234679,16,0.12772915647483293,0.27365144868475516,0.05547616200961813,0.08767244004172921,0.03597678052359358,0.02744711189575324,0.001280458286184031,19,124,0.03135016159051168,0.27797373723546404,True,False,True,9.173276013850382e-07,COMPLETE
38,0.3607928633689881,2025-04-20 13:43:38.129806,2025-04-20 13:43:59.605852,0 days 00:00:21.476046,0.05931659222122579,0.08146057036683274,2,0.06089541327638892,0.1767773559283802,0.02811880118369065,0.058679301006534026,0.04675435494455167,0.034493055795276645,0.014185612870184624,23,136,0.03994449988405174,0.0591375973581989,False,False,False,1.3064521625583138e-05,COMPLETE
39,0.09159234166145325,2025-04-20 13:43:59.620781,2025-04-20 13:44:08.310258,0 days 00:00:08.689477,0.20724953825472445,0.7087381656545295,16,0.04944561615072737,0.1958059665273974,0.03706707564808215,0.09170174548534041,0.057917202088990254,0.017340340336629116,0.0073505958965364585,28,49,0.011071930032601946,0.22489349223027966,True,False,True,5.553262727623223e-07,COMPLETE
40,0.14928324818611144,2025-04-20 13:44:08.325882,2025-04-20 13:44:18.233922,0 days 00:00:09.908040,0.15355184744521833,0.22097026295976582,8,0.019834451577617707,0.24833699960245625,0.07785601851705447,0.05227231006017114,0.06622661087871991,0.04751294781332696,0.00031834628216184224,25,98,0.049730166893773894,0.19479618738015453,False,True,False,2.5702473042198388e-05,COMPLETE
41,0.504710853099823,2025-04-20 13:44:18.252261,2025-04-20 13:44:26.294504,0 days 00:00:08.042243,0.2693785472298052,0.5904032364902564,16,0.11509690411663509,0.16101088831915897,0.045542949571620014,0.06326857153311434,0.024425877900110228,0.0645879104430443,0.0007134591597752747,14,83,0.019403797407023207,0.18255336933562277,False,False,False,1.6868785529983704e-06,COMPLETE
42,0.3721656024456025,2025-04-20 13:44:26.310537,2025-04-20 13:44:34.873412,0 days 00:00:08.562875,0.3071798534197801,0.558788191832327,16,0.11137610560280166,0.1518249279210699,0.053727998590027165,0.07431350708499211,0.013547126486926773,0.052149299092395365,0.002458122934110527,19,90,0.005728084182696354,0.1599478759920307,False,False,False,5.3544273538220255e-06,COMPLETE
43,0.5150423645973206,2025-04-20 13:44:34.889909,2025-04-20 13:44:43.353913,0 days 00:00:08.464004,0.8210870277560557,0.39787738941776174,16,0.0919932456113931,0.21460241799608265,0.04068318212570957,0.06721054519733712,0.02164966132151029,0.04119864044934314,0.0009645515713786242,18,92,0.016066098823426404,0.13077677004775926,False,False,False,8.513290673700888e-06,COMPLETE
44,0.4654768407344818,2025-04-20 13:44:43.370466,2025-04-20 13:44:51.613212,0 days 00:00:08.242746,0.8183207084523801,0.3131164327444171,16,0.03607252069140757,0.22114561276862832,0.023205152773447278,0.06990378779090115,0.0010121501883200087,0.0415404208399066,0.00018339745060575103,16,104,0.025764364300293763,0.1296168454153332,False,False,False,8.751215427177134e-05,COMPLETE
45,0.4052902400493622,2025-04-20 13:44:51.630231,2025-04-20 13:45:10.082341,0 days 00:00:18.452110,0.6816224514312779,0.3762008393997763,2,0.08284917090875345,0.20716320621036843,0.038286330807946085,0.07645744377830757,0.008246472742372548,0.0375221918033174,0.00732749881707289,18,74,0.03316242030469832,0.08134952360113461,True,False,False,1.7405953998426446e-05,COMPLETE
46,0.5100522160530091,2025-04-20 13:45:10.099708,2025-04-20 13:45:18.922311,0 days 00:00:08.822603,0.7867863879727244,0.45395956178658603,16,0.09284159325567343,0.23548460323242013,0.05853758624329178,0.06700389801622963,0.07596747205023317,0.031091115621192163,0.0009978269317558745,22,93,0.013650935725632682,0.14388225649161643,False,False,False,4.397590680525519e-05,COMPLETE
47,0.11579764187335968,2025-04-20 13:45:18.939859,2025-04-20 13:45:27.047637,0 days 00:00:08.107778,0.9785387395840618,0.5098548177901401,16,0.10358781582773265,0.26415974038272505,0.06615483472182361,0.04513423403569147,0.08342891636275698,0.022304405120165002,9.597076177203477e-05,21,36,0.022330389659544578,0.09704586715965069,False,True,False,6.347410742358732e-06,COMPLETE
48,0.09056181311607361,2025-04-20 13:45:27.067003,2025-04-20 13:45:34.652193,0 days 00:00:07.585190,0.877911678039432,0.32226960055555853,8,0.019143110009157013,0.20654757729236886,0.05127531900711732,0.06003858069437685,0.017407383927987914,0.04892667794486503,0.00041224239542861027,9,56,0.0012547317869893663,0.12029159001433196,False,False,True,8.593176305752555e-06,COMPLETE
49,0.48724986314773566,2025-04-20 13:45:34.670616,2025-04-20 13:45:42.631450,0 days 00:00:07.960834,0.44020674185964354,0.39410385980116697,16,0.04257805534240726,0.18836047172909148,0.03523437360749148,0.05279050967539808,0.03386615343351183,0.013513060391554053,0.004561453408991228,14,70,0.02800786386179329,0.21028300867706323,False,False,False,1.068214380211091e-07,COMPLETE
50,0.38753613233566286,2025-04-20 13:45:42.649749,2025-04-20 13:46:00.524015,0 days 00:00:17.874266,0.5092038852285568,0.23673512359514068,2,0.19771998287594594,0.28436158524242405,0.04519802620659577,0.09443205143371007,0.029926693857983633,0.02536400875875925,0.05933169246507793,17,121,0.009053535183747154,0.2952095913453813,True,False,False,1.0649270051211324e-08,COMPLETE
51,0.5081178426742554,2025-04-20 13:46:00.543138,2025-04-20 13:46:09.159655,0 days 00:00:08.616517,0.0464396694607252,0.5380445782262896,16,0.12747792204876346,0.17332839263075459,0.04196164658209301,0.06292771076034398,0.024927222265062082,0.05583209831769234,0.0005825183937874837,20,86,0.01666672842574443,0.1700587446452294,False,False,False,1.6770089217301965e-06,COMPLETE
52,0.5361642599105836,2025-04-20 13:46:09.178745,2025-04-20 13:46:17.858464,0 days 00:00:08.679719,0.2431587747541099,0.4204644712732649,16,0.0751356804694631,0.21467606634886938,0.04940184638847126,0.07167364198221451,0.017304877442618306,0.059424278389091374,0.0007863100752881626,20,95,0.018434280138024575,0.14363642983736327,False,False,False,5.345141753449427e-07,COMPLETE
53,0.49786176681518557,2025-04-20 13:46:17.877681,2025-04-20 13:46:26.553717,0 days 00:00:08.676036,0.32428300656327735,0.4166490009852917,16,0.0703482083090168,0.21569164593971696,0.03125178919343082,0.08187255257039298,0.01895038454607633,0.0610834049841621,0.0016571331501917571,20,100,0.022694840711498018,0.14674404714405687,False,False,False,1.740263584054159e-05,COMPLETE
54,0.4881290197372437,2025-04-20 13:46:26.575197,2025-04-20 13:46:35.462654,0 days 00:00:08.887457,0.10358089846568505,0.33879373588322115,16,0.06523810385619379,0.2512872506254885,0.051526725194882675,0.07332143016718579,0.006941262593199861,0.08726368263996948,0.024179876699729153,22,95,0.011125672707138608,0.12577574781942122,False,False,False,6.333651488461679e-07,COMPLETE
