number,value,datetime_start,datetime_complete,duration,params_alpha-eval,params_alpha-train,params_batch-size,params_eps-eval,params_eps-train,params_lambda-actions-eval,params_lambda-actions-train,params_lambda-frames-eval,params_lambda-frames-train,params_learning-rate,params_n-epochs,params_n-frames,params_radius-gw,params_rho,params_std-feats,params_ub-actions,params_ub-frames,params_weight-decay,state
1081,0.3936307191848755,2025-04-07 02:24:47.220804,2025-04-07 02:25:10.785083,0 days 00:00:23.564279,0.030535958136484118,0.1315140801675619,2,0.07450799057540544,0.16780838670890624,0.07670620501293052,0.09592652686466743,0.0926780306713628,0.07821050876652025,0.005627904576564905,27,79,0.09400038698677696,0.11367299808335043,False,False,False,0.0004036511507527827,COMPLETE
1082,0.6132189989089967,2025-04-07 02:25:11.130419,2025-04-07 02:25:33.955364,0 days 00:00:22.824945,0.07241214404612861,0.2050042704809369,2,0.08237712162133046,0.04113938372540244,0.07325183610080542,0.0893627795575961,0.09810002269439383,0.08346238196103584,0.00439929341841844,26,90,0.09986863337968849,0.12279657763099218,False,False,False,1.023228479701776e-08,COMPLETE
1083,0.6262793421745301,2025-04-07 02:25:34.301677,2025-04-07 02:25:56.555418,0 days 00:00:22.253741,0.08388668142340815,0.16713805846897772,2,0.08761621216771727,0.05008714973804591,0.07432775628474356,0.09461376036589239,0.09994034507062877,0.08014259578692468,0.005863941770048663,25,84,0.09021518560218379,0.11010391989699776,False,False,False,2.5215622160262555e-08,COMPLETE
1084,0.5546911954879761,2025-04-07 02:25:56.906656,2025-04-07 02:26:19.098639,0 days 00:00:22.191983,0.09515668839890533,0.12849583426010464,2,0.07369970015345317,0.05615953883891688,0.06839735490555139,0.08796249699734217,0.09517108745880229,0.07560606470755102,0.00354841092675988,25,81,0.02252459067975149,0.10733128277325502,False,False,False,1.2187615184370443e-08,COMPLETE
1085,0.3740999579429627,2025-04-07 02:26:19.446936,2025-04-07 02:26:42.974901,0 days 00:00:23.527965,0.10594787682421546,0.15090261478906553,2,0.07899524218112196,0.24350145822263863,0.07838819640070774,0.09808806545584213,0.09672640684251822,0.07819817562209994,0.0061551358817104095,27,87,0.0948638664138147,0.12351072067206496,False,False,False,1.724628366366619e-08,COMPLETE
1086,0.6147440433502198,2025-04-07 02:26:43.306116,2025-04-07 02:27:06.187750,0 days 00:00:22.881634,0.05480704830002849,0.18123756316319006,2,0.0688114393964671,0.04715177265592272,0.07158329527519118,0.09105705722313676,0.0943668873774884,0.027912186726072336,0.05403922786808231,26,85,0.0918324183663431,0.10373748793682158,False,False,False,1.5180771963666302e-08,COMPLETE
1087,0.6072889566421509,2025-04-07 02:27:06.532462,2025-04-07 02:27:29.342881,0 days 00:00:22.810419,0.09599619273706236,0.21336659402045943,2,0.0883824631115265,0.04125588261194723,0.0761890535727866,0.09336973556582527,0.09991491240371908,0.08230171610123127,0.002981705316263526,26,74,0.09795649996585945,0.11619567876355946,False,False,False,2.012059951658162e-08,COMPLETE
1088,0.5233173251152039,2025-04-07 02:27:29.698958,2025-04-07 02:27:53.141758,0 days 00:00:23.442800,0.0368284414426525,0.25654885090472634,2,0.07110095920503648,0.06740402010382211,0.07327148298188768,0.09567425753110625,0.09682453094619695,0.08580685289237888,0.004737327587672049,27,80,0.09304281896226933,0.11514416729188798,False,False,False,1.2300852979817648e-08,COMPLETE
1089,0.6832576513290405,2025-04-07 02:27:53.488234,2025-04-07 02:28:16.568615,0 days 00:00:23.080381,0.07440096519504436,0.1475693963941526,2,0.07927772518117686,0.04698260431795811,0.07083896290527084,0.09140679293270741,0.09241927217151234,0.08149262913802238,0.004073536593113167,26,89,0.0955386068288568,0.12297705493723668,False,False,False,1.5016692669914883e-08,COMPLETE
1090,0.5358045935630799,2025-04-07 02:28:16.914512,2025-04-07 02:28:40.369491,0 days 00:00:23.454979,0.05784250068829928,0.4727692211140594,2,0.08799827212536492,0.040816939811252825,0.06877674468896658,0.08989952233694387,0.09277979572791897,0.0837611965771863,0.00242354784617132,27,95,0.09044805371662996,0.11749526964367552,False,False,False,2.2439148701028757e-08,COMPLETE
1091,0.5589770793914796,2025-04-07 02:28:40.714989,2025-04-07 02:29:03.609455,0 days 00:00:22.894466,0.03676045152520657,0.36153397907305623,2,0.08088948278944923,0.045782344469438574,0.07046714107327906,0.08722854687633688,0.09219839780738438,0.08576999445197667,0.003642470377048563,26,92,0.09431320292948168,0.1212258921715467,False,False,False,1.7921322472385152e-08,COMPLETE
1092,0.614316213130951,2025-04-07 02:29:03.957158,2025-04-07 02:29:26.656008,0 days 00:00:22.698850,0.0638172668954764,0.12743205683721812,2,0.0788936166929213,0.04060670430464853,0.08351866565952933,0.09107163797832907,0.09223490549372737,0.08241339740633273,0.004044366026629119,26,90,0.09250269061875158,0.11823912508467255,False,False,False,2.4692963096253062e-08,COMPLETE
1093,0.6295982837677002,2025-04-07 02:29:27.011690,2025-04-07 02:29:50.450389,0 days 00:00:23.438699,0.07692126219320154,0.12600384237940215,2,0.08396640709021155,0.04640016268783643,0.06751043038386954,0.08915139218118416,0.09998367830529879,0.08037159370799375,0.00302536850982679,27,94,0.08973046425572671,0.12300476967741246,False,False,False,1.0202391877457773e-08,COMPLETE
1094,0.5366363167762757,2025-04-07 02:29:50.802347,2025-04-07 02:30:14.266806,0 days 00:00:23.464459,0.043423346524780165,0.5268783238977672,2,0.0765951124163433,0.04028764813635545,0.07047599067321504,0.09205416916313794,0.0946216087692998,0.08425730143818379,0.0027717103222590924,27,89,0.09520329175772743,0.12436700815756874,False,False,False,1.566860844500275e-08,COMPLETE
1095,0.419569343328476,2025-04-07 02:30:14.617573,2025-04-07 02:30:29.549290,0 days 00:00:14.931717,0.06562781663890752,0.14730531710657407,2,0.06008090661223125,0.055618059515548886,0.08112734085693898,0.08670813510109779,0.09814145474167023,0.07770935838297903,0.09988614029048357,13,91,0.09338360269928918,0.12445516910590926,False,False,False,1.0006795937890466e-08,COMPLETE
1096,0.6160864353179931,2025-04-07 02:30:29.903551,2025-04-07 02:30:52.972305,0 days 00:00:23.068754,0.02237511255394132,0.14665133987591056,2,0.07432188119627063,0.04937790713237816,0.07166883956905629,0.09244606313076809,0.09680778105340344,0.08152525043311919,0.000622055926641538,26,87,0.09202585699617659,0.11301994068034482,False,False,False,7.043955532060097e-05,COMPLETE
1097,0.6487633347511292,2025-04-07 02:30:53.306159,2025-04-07 02:31:16.259690,0 days 00:00:22.953531,0.0738309337886042,0.12544500850676202,2,0.08741072863280655,0.0400828120163534,0.07489847807999754,0.08851878725110429,0.09284560599635294,0.07913304234406439,0.006327302045574017,26,88,0.09510410981530161,0.110279771956034,False,False,False,1.0005023102464004e-08,COMPLETE
1098,0.6114681363105774,2025-04-07 02:31:16.607237,2025-04-07 02:31:40.058198,0 days 00:00:23.450961,0.0869400175320849,0.15990202001350073,2,0.06639873611757835,0.04578725717519733,0.0793173566392624,0.09032269040604782,0.09450551802864635,0.07588506139326873,0.005266817182867004,27,91,0.0890592868249925,0.1144949638401553,False,False,False,1.9414077249830762e-08,COMPLETE
1099,0.5515275835990906,2025-04-07 02:31:40.408323,2025-04-07 02:32:03.512646,0 days 00:00:23.104323,0.09583536871639246,0.12610305618922768,2,0.07747016888062824,0.058074388721813766,0.0683185768588079,0.09338834863150093,0.09809175101620403,0.08325739357382451,0.004724675397764906,26,83,0.09621408557702696,0.12548250745484388,False,False,False,1.4868286581867604e-08,COMPLETE
1100,0.678087592124939,2025-04-07 02:32:03.862278,2025-04-07 02:32:27.381551,0 days 00:00:23.519273,0.05501528684316431,0.14729770620979127,2,0.08378970252891008,0.0521904904393281,0.07708700583656448,0.09166162213233209,0.09137491584740495,0.0802117273699947,0.0038694843453829955,27,88,0.09192967763513589,0.1062791467970674,False,False,False,2.6869027107641515e-08,COMPLETE
1101,0.6054413437843323,2025-04-07 02:32:27.733813,2025-04-07 02:32:50.873869,0 days 00:00:23.140056,0.07522011639026854,0.1435284336616954,2,0.05993369614652569,0.06435780896961729,0.07125070917218711,0.09088310098566679,0.09162347369697021,0.07902037133847647,0.003231020053110502,26,94,0.09144390267997808,0.11854805445584372,False,False,False,2.744623453002889e-05,COMPLETE
1102,0.6125218272209167,2025-04-07 02:32:51.228460,2025-04-07 02:33:14.714531,0 days 00:00:23.486071,0.030160149049735886,0.14127368297612458,2,0.06788953816845791,0.054458132789995,0.016857332002668417,0.08772030576361595,0.0915968333273019,0.0773838402297826,0.0027730691772966114,27,91,0.08912531554307303,0.10946630787102078,False,False,False,2.5841561845371293e-08,COMPLETE
1103,0.3796464741230011,2025-04-07 02:33:15.064081,2025-04-07 02:33:37.955465,0 days 00:00:22.891384,0.04937449719538815,0.15282281455008162,2,0.07574317516689578,0.2970834340412877,0.07416169674838402,0.08998704777412062,0.09187841812129015,0.07594030472073299,0.0037691554700066804,26,94,0.09129580515154512,0.12434548417730264,False,False,False,2.7070355448949314e-08,COMPLETE
1104,0.5969987869262696,2025-04-07 02:33:38.311174,2025-04-07 02:33:47.345879,0 days 00:00:09.034705,0.08574712847881862,0.12615094688002532,16,0.06454465857569668,0.060954710361858955,0.06976751039291942,0.09195402930242527,0.09141572190665447,0.08003799844392438,0.00199943024819979,27,89,0.09325510184133319,0.0751034591032575,False,False,False,2.422555569509668e-08,COMPLETE
1105,0.6733579874038697,2025-04-07 02:33:47.699350,2025-04-07 02:34:10.639143,0 days 00:00:22.939793,0.10026098981897427,0.12413636856088624,2,0.0819581243907123,0.05243797319807228,0.0662167739435268,0.088525217902178,0.0935791611598488,0.07806486191643225,0.0034597683649980346,26,89,0.08954442023187725,0.1125258803644119,False,False,False,2.0079331089227255e-08,COMPLETE
1106,0.5959408164024353,2025-04-07 02:34:10.990585,2025-04-07 02:34:33.353726,0 days 00:00:22.363141,0.10311383497669263,0.12244484969288433,2,0.08592944330211984,0.06801318068600758,0.06547667218112803,0.08766984725292208,0.09307471578635307,0.07587286154730186,0.002717759961876032,25,93,0.08793051494570663,0.10801206634371939,False,False,False,2.2527803935577128e-08,COMPLETE
1107,0.5782230257987976,2025-04-07 02:34:33.709745,2025-04-07 02:34:57.322265,0 days 00:00:23.612520,0.1042220387667647,0.12166820447035454,2,0.08300852353537314,0.07207556691144792,0.06846111617726826,0.08914661450408719,0.09173631571550374,0.07736840018689564,0.0016831547854716123,27,92,0.08739809779431908,0.11223247045864335,False,False,False,2.586164584674722e-08,COMPLETE
1108,0.6127819180488587,2025-04-07 02:34:57.681324,2025-04-07 02:35:19.824767,0 days 00:00:22.143443,0.011536923360556547,0.12353454701872958,2,0.08824859717975758,0.059694758239594,0.0655189602056015,0.08573036342872624,0.09436548943425685,0.07571380331174642,0.002623885384245007,25,95,0.08951144137504169,0.10252576571059004,False,False,False,1.9796174784172435e-08,COMPLETE
1109,0.6130697727203369,2025-04-07 02:35:20.183863,2025-04-07 02:35:42.968689,0 days 00:00:22.784826,0.10451375580096284,0.13980428032671408,2,0.05873794957403411,0.053845467624046274,0.06637726981040018,0.08791853384355755,0.09365980893809014,0.07832547110585358,0.002063767585281642,26,90,0.08980695226628108,0.10486783807729785,False,False,False,2.6584077635791804e-08,COMPLETE
1110,0.6076084256172181,2025-04-07 02:35:43.304147,2025-04-07 02:36:06.780782,0 days 00:00:23.476635,0.05254564724451575,0.12235111572769236,2,0.07203131830415223,0.06357878143313299,0.07807960791676148,0.08650675914320867,0.09216223978776669,0.07778859016552495,0.003572104614778254,27,89,0.09026388604950336,0.10930806760224278,False,False,False,1.8952328550828413e-08,COMPLETE
1111,0.49066662788391113,2025-04-07 02:36:07.132010,2025-04-07 02:36:30.026581,0 days 00:00:22.894571,0.07470861429533476,0.9445316553614729,2,0.08825803437771085,0.05698518714884955,0.06755048860931885,0.09053598238611461,0.09136842974297445,0.07953706466705604,0.0033777435401865785,26,93,0.0873402917919848,0.11476670001407208,False,False,False,1.3979972359624877e-08,COMPLETE
1112,0.6114802837371827,2025-04-07 02:36:30.377807,2025-04-07 02:36:53.137097,0 days 00:00:22.759290,0.099139381318498,0.12463719113195748,2,0.08043466911010584,0.05309130498248473,0.07640822505189704,0.08899416567535516,0.09371047425016892,0.07575576833217701,0.0024628753755937564,26,96,0.09189386786627514,0.10262717083625839,False,False,False,2.0105796085101376e-08,COMPLETE
1113,0.6061467051506043,2025-04-07 02:36:53.496177,2025-04-07 02:37:06.764484,0 days 00:00:13.268307,0.10573856840250155,0.14679474343499943,2,0.09114041565235918,0.05067112193835721,0.06505208391421435,0.09173583397005436,0.09090075415641091,0.07799837661172188,0.003230611850759394,10,88,0.0913954680531975,0.09142036981782457,False,False,False,2.7416653332243828e-08,COMPLETE
1114,0.5420113682746888,2025-04-07 02:37:07.117862,2025-04-07 02:37:30.786819,0 days 00:00:23.668957,0.06709893402437277,0.14746723542838114,2,0.06840766774530638,0.060187881376049565,0.0806241140105832,0.08687691534822925,0.09499130118077781,0.07977874654036259,0.004071243081491383,27,87,0.08897699542986989,0.08469017699250084,False,False,False,1.2550628642274645e-08,COMPLETE
1115,0.6153492569923401,2025-04-07 02:37:31.147428,2025-04-07 02:37:54.072231,0 days 00:00:22.924803,0.08744059437042656,0.11887493161871109,2,0.058358859583311454,0.05238304528816742,0.07527457442226906,0.08961725750104219,0.09519760820055156,0.08046893328129788,0.003220971249969838,26,91,0.09265930278881777,0.10945534287330692,False,False,False,1.5343321140731818e-08,COMPLETE
1116,0.6637372970581056,2025-04-07 02:37:54.428559,2025-04-07 02:38:16.670299,0 days 00:00:22.241740,0.10502953131040475,0.14815734050184046,2,0.0731775096143697,0.047338951732173076,0.06903651185233507,0.09194562902104483,0.09365416958043077,0.07678592414939399,0.00422459889767068,25,87,0.09019519458540495,0.09896694641578127,False,False,False,1.918748711100766e-08,COMPLETE
1117,0.5716147661209107,2025-04-07 02:38:17.025265,2025-04-07 02:38:40.446448,0 days 00:00:23.421183,0.5833272504725074,0.12145921204405402,2,0.06367564882257026,0.056636947618071525,0.06666426146888592,0.08577874415859355,0.09549108084182245,0.07880287972728628,0.004025287258623483,27,90,0.0873999431130998,0.11835984001478848,False,False,False,1.2223458116196345e-08,COMPLETE
1118,0.6145512342453003,2025-04-07 02:38:40.800267,2025-04-07 02:39:03.710470,0 days 00:00:22.910203,0.041303499425265525,0.15678632515709978,2,0.08262627465180346,0.05047164270833518,0.07813998080629939,0.09372702459653959,0.09141014640828707,0.08088861999074504,0.0025517504725372205,26,87,0.09294586053560004,0.12213512725566782,False,False,False,1.0060129349409341e-08,COMPLETE
1119,0.6023041367530824,2025-04-07 02:39:04.070141,2025-04-07 02:39:27.795612,0 days 00:00:23.725471,0.06318203894704005,0.1404673209614793,2,0.07324372869929918,0.06079908214665816,0.07304305336658569,0.08912539732326191,0.0961504145704034,0.07576145331986063,0.003344244762293724,27,91,0.08909262976680753,0.11328856121403427,False,False,False,1.5099924531549423e-08,COMPLETE
1120,0.38934937119483953,2025-04-07 02:39:28.151726,2025-04-07 02:39:50.412255,0 days 00:00:22.260529,0.11207309888113458,0.12087354340786945,2,0.07850137670564883,0.26998530685287747,0.07624971968851081,0.09098623347801367,0.09116701763080012,0.07791719718724965,0.003915233623010021,25,96,0.0912536017291329,0.10279930184538459,False,False,False,2.875024334168312e-08,COMPLETE
1121,0.40863137245178227,2025-04-07 02:39:50.769291,2025-04-07 02:40:13.752014,0 days 00:00:22.982723,0.9569159023166048,0.5698534644707411,2,0.06620243088337512,0.04677735861984945,0.07426666872647099,0.09285034180804469,0.09334460064097705,0.0809313956436693,0.0022820342239879988,26,87,0.09391298812632846,0.09348250578541062,False,False,False,2.171813300570374e-08,COMPLETE
1122,0.6152004957199098,2025-04-07 02:40:14.110277,2025-04-07 02:40:36.343925,0 days 00:00:22.233648,0.08204493596693829,0.16266695523540972,2,0.05657017255493118,0.05214778093708725,0.08215745808384319,0.0871629639302237,0.09642034859909393,0.07966456146626939,0.004374894606477527,25,86,0.08709440557615468,0.10626345765552106,False,False,False,1.7712277960912185e-08,COMPLETE
1123,0.5791310906410218,2025-04-07 02:40:36.701897,2025-04-07 02:41:00.299875,0 days 00:00:23.597978,0.09512671891859359,0.16054745092555334,2,0.08960170635756279,0.06481234235703623,0.07941423167060649,0.0945758266398082,0.09454056198288414,0.07566186162551217,0.002982630227308431,27,92,0.0916830341834275,0.11305830179278675,False,False,False,1.2342661621785869e-08,COMPLETE
1124,0.6102944493293763,2025-04-07 02:41:00.660742,2025-04-07 02:41:09.586980,0 days 00:00:08.926238,0.054179576820631695,0.13580006004580725,16,0.0802485204051833,0.0475285738889435,0.07010897860927125,0.09072730987535002,0.09281870019719579,0.08204615971070321,0.0037301744053645615,26,89,0.0931043450197423,0.080560283050692,False,False,False,1.4895839060945898e-08,COMPLETE
1125,0.5944054603576661,2025-04-07 02:41:09.947961,2025-04-07 02:41:33.479286,0 days 00:00:23.531325,0.11389124836987095,0.1659380879950574,2,0.07027554917884761,0.0571499400145419,0.07275454602341418,0.08863287358999161,0.09654092588181751,0.07821012777571372,0.0001585352333475357,27,82,0.0895134588782148,0.10050213692219438,False,False,False,2.2782317907656856e-08,COMPLETE
1126,0.46729958057403564,2025-04-07 02:41:33.822646,2025-04-07 02:41:56.881038,0 days 00:00:23.058392,0.06942745850481266,0.7696764702750634,2,0.06435490225282126,0.047337093338647426,0.06738317497801918,0.09251914242053443,0.09098752526011329,0.08024254185882213,0.00594974603016526,26,86,0.09439705209937248,0.12289131091479986,False,False,False,1.2551401022767524e-08,COMPLETE
1127,0.6088876605033875,2025-04-07 02:41:57.238368,2025-04-07 02:42:20.942371,0 days 00:00:23.704003,0.02413967269058885,0.1349540401057793,2,0.039336582460650776,0.04108852967814794,0.07691052886351614,0.09083802753745653,0.09485192284245966,0.07726380303387974,0.004552934699898638,27,84,0.0337501972598999,0.08830918583384054,False,False,False,1.822393811548204e-08,COMPLETE
1128,0.624918007850647,2025-04-07 02:42:21.298514,2025-04-07 02:42:43.714733,0 days 00:00:22.416219,0.08078293522758663,0.12053941340679164,2,0.060366224476738665,0.05362968414946783,0.07472523950611429,0.09392176814358258,0.09662886942677576,0.08198978694065563,0.006256696197823958,25,93,0.09123429643514754,0.10825712532638436,False,False,False,1.4310166388143574e-08,COMPLETE
1129,0.4879637241363526,2025-04-07 02:42:44.073619,2025-04-07 02:43:07.073459,0 days 00:00:22.999840,0.10785151382467267,0.16238167894190866,2,0.07358297997256086,0.0703766567535347,0.07162284499796359,0.08874840083938057,0.0999923991902941,0.07544355157445551,0.0033380420026998397,26,89,0.08747413313957887,0.09650297297335725,False,False,False,1.2313282779987296e-08,COMPLETE
1130,0.665821373462677,2025-04-07 02:43:07.430988,2025-04-07 02:43:29.575204,0 days 00:00:22.144216,0.12116713282562992,0.13969392169993308,2,0.07862355441231242,0.03941552696453764,0.06494734487448658,0.09474135598126229,0.09316014787314245,0.0793751224105262,0.0051016870300128764,25,81,0.09487316663143747,0.11604515316812142,False,False,False,1.0085694956505549e-08,COMPLETE
1131,0.6585311651229859,2025-04-07 02:43:29.933917,2025-04-07 02:43:52.815146,0 days 00:00:22.881229,0.03845752487516747,0.11918425005241248,2,0.055561084732524954,0.04700592493100146,0.06891961146453542,0.0855543758409473,0.09628510563761843,0.08180498409033302,0.0028470259830132025,26,86,0.08974908503010559,0.1062307540713951,False,False,False,1.7639407528383438e-08,COMPLETE
1132,0.5456967949867249,2025-04-07 02:43:53.177132,2025-04-07 02:44:16.660428,0 days 00:00:23.483296,0.08873224713751611,0.17273843857744076,2,0.06863260303914928,0.05814062678310851,0.07388352720801393,0.09106574486028408,0.09391762957003615,0.0776547265048074,0.004132905526288984,27,77,0.09301900087977953,0.12496332988213135,False,False,False,1.0055555218091958e-08,COMPLETE
1133,0.6582423329353333,2025-04-07 02:44:17.018686,2025-04-07 02:44:40.463791,0 days 00:00:23.445105,0.06539605979783786,0.14590799502870058,2,0.0811291131471448,0.05248898232835355,0.07776239739361507,0.09269986077103183,0.0974272503130378,0.07991659629145759,0.0065662328972540965,27,83,0.09454815922297173,0.1155108735216021,False,False,False,2.9452956605503317e-08,COMPLETE
1134,0.6565994024276733,2025-04-07 02:44:40.822328,2025-04-07 02:45:03.732342,0 days 00:00:22.910014,0.11336906824232855,0.1556240463177678,2,0.07413793798115537,0.039829883080271584,0.02288549543111331,0.08691389422325328,0.09111646222966355,0.012170649380848879,0.004863745507456429,26,89,0.09181339259703551,0.10062409328211341,False,False,False,2.16681739323413e-08,COMPLETE
1135,0.609598982334137,2025-04-07 02:45:04.093530,2025-04-07 02:45:26.508715,0 days 00:00:22.415185,0.0993788713661473,0.1747122866684247,2,0.0627031569056358,0.04690062165128083,0.07111830381580014,0.09415862231909619,0.09825552314867372,0.08331546809144194,0.003425911823328243,25,79,0.08893478377558427,0.0898002310443166,False,False,False,1.5819559751095015e-08,COMPLETE
1136,0.5042091131210327,2025-04-07 02:45:26.875152,2025-04-07 02:45:50.329235,0 days 00:00:23.454083,0.05273147842286467,0.14068519313433145,2,0.09136165514531516,0.06417680725106167,0.07580766044863524,0.0891973623538179,0.09500156998713588,0.07892758358042862,0.004159221944356617,27,85,0.08691676056647112,0.1119534763678548,False,False,False,1.2535600035734845e-08,COMPLETE
1137,0.5636987686157227,2025-04-07 02:45:50.691308,2025-04-07 02:46:13.519631,0 days 00:00:22.828323,0.07733444299033765,0.12021829935684529,2,0.03797905628596432,0.07873519817304836,0.0724556394205154,0.09488817322130669,0.0929530618581574,0.0752165421970098,0.006268216098884178,26,96,0.09061582072680376,0.094011167950278,False,False,False,2.3965736743064516e-08,COMPLETE
