number,value,datetime_start,datetime_complete,duration,params_alpha-eval,params_alpha-train,params_batch-size,params_eps-eval,params_eps-train,params_lambda-actions-eval,params_lambda-actions-train,params_lambda-frames-eval,params_lambda-frames-train,params_learning-rate,params_n-epochs,params_n-frames,params_radius-gw,params_rho,params_std-feats,params_ub-actions,params_ub-frames,params_weight-decay,state
625,0.37289968729019163,2025-04-06 23:28:03.927621,2025-04-06 23:28:24.976341,0 days 00:00:21.048720,0.1012251520195693,0.149991342176517,2,0.10005442749760386,0.0360258489194728,0.059686644263123964,0.03311217353100783,0.09465473914921424,0.06951215986177234,0.012359639117058396,28,89,0.07019910083331891,0.15421234300247472,False,False,True,3.461684866868403e-08,COMPLETE
626,0.09159234166145325,2025-04-06 23:28:25.179258,2025-04-06 23:28:46.779767,0 days 00:00:21.600509,0.14884824996784737,0.16967809947440785,2,0.21477088302834163,0.010689740549163457,0.062053555472417025,0.005016735012851225,0.0972193397456347,0.07227690283594909,0.01520367157128285,29,91,0.06635291957736128,0.15686068070764686,False,True,False,1.5698825622803706e-08,COMPLETE
627,0.3504777193069458,2025-04-06 23:28:46.969735,2025-04-06 23:29:12.131576,0 days 00:00:25.161841,0.12570977729773286,0.09364565787009296,2,0.23940789851823185,0.25705198713652794,0.08977088642853046,0.0017334978274221521,0.08766561998208507,0.06524537746275709,0.026555423134374315,30,97,0.07198930772270386,0.14125987730790723,False,False,False,3.341695973191756e-08,COMPLETE
628,0.5987721920013428,2025-04-06 23:29:12.334480,2025-04-06 23:29:37.352840,0 days 00:00:25.018360,0.08674069961227601,0.12172422889776162,2,0.11696267994201895,0.02963856667306483,0.09594602002351899,0.02510776878437427,0.09084041741758347,0.06935544093128063,0.011757708067487474,29,87,0.06236681497579502,0.14562655915118178,True,False,False,1.8345606185057e-08,COMPLETE
629,0.6223783254623413,2025-04-06 23:29:37.546380,2025-04-06 23:30:01.571187,0 days 00:00:24.024807,0.06282009152336784,0.10522449146462416,2,0.1289046105112346,0.01700966577160952,0.09232652860430017,0.007738577028517742,0.0886086062767565,0.0715474690570784,0.010427074323839327,28,93,0.08982977192406641,0.1517540769524964,False,False,False,2.4057818352014582e-08,COMPLETE
630,0.09159234166145325,2025-04-06 23:30:01.778184,2025-04-06 23:30:23.418869,0 days 00:00:21.640685,0.15778778013734268,0.08166024866264725,2,0.08912284897112796,0.022312179319718704,0.05433615102689025,0.006857937089859807,0.08424413494708514,0.07305773652339219,0.01589162039476397,29,85,0.06513950894120644,0.13917559658812945,False,True,True,1.332066298177636e-08,COMPLETE
631,0.5855761647224427,2025-04-06 23:30:23.610917,2025-04-06 23:30:48.982044,0 days 00:00:25.371127,0.12821778190323563,0.1347600467476598,2,0.21831012850968654,0.03141186822341053,0.06485136985433566,0.011250595018429066,0.09227263562128298,0.06846835310321843,0.022528908141993775,30,88,0.06743096630202322,0.2908152722466725,True,False,False,3.103713039830632e-08,COMPLETE
632,0.5418549060821534,2025-04-06 23:30:49.191149,2025-04-06 23:31:15.061933,0 days 00:00:25.870784,0.10527769170250252,0.10307117835229923,2,0.14716861858267546,0.036862290338758506,0.06103170606498615,0.017939978575152407,0.08663551092804092,0.07587040530691026,0.03900975824097736,30,21,0.04147388523942712,0.12512099948496933,False,False,False,1.8875456434924004e-08,COMPLETE
633,0.6122909545898438,2025-04-06 23:31:15.254493,2025-04-06 23:31:38.724105,0 days 00:00:23.469612,0.16997873265975977,0.1970252835016042,2,0.09503817272911393,0.02452799849659677,0.05627095421637004,0.009897597799407982,0.08921493568981385,0.07019541978010761,0.010381010174142181,27,84,0.06826205107718716,0.16107828679703926,False,False,False,4.2880383698716006e-08,COMPLETE
634,0.3694097638130188,2025-04-06 23:31:38.928021,2025-04-06 23:32:00.662997,0 days 00:00:21.734976,0.08489917713564776,0.07806477193675274,2,0.23285122144031323,0.03692694537493668,0.032665290228886375,0.003264528698082243,0.09495966107232838,0.07410062543046725,0.013067773954430567,29,100,0.07027696751902299,0.13526878756740796,True,False,True,2.246586606324406e-08,COMPLETE
635,0.09159234166145325,2025-04-06 23:32:00.857940,2025-04-06 23:32:21.914467,0 days 00:00:21.056527,0.1466454881741655,0.15323939906465253,2,0.10181685835263346,0.010471309512101403,0.09018208598402151,0.0812707446047009,0.09149404082457067,0.07153151639105065,0.019144117931639785,28,91,0.06027769956814602,0.1540133833163204,False,True,False,3.3794906412807093e-07,COMPLETE
636,0.6147220849990845,2025-04-06 23:32:22.120071,2025-04-06 23:32:46.856554,0 days 00:00:24.736483,0.033372828522605105,0.11887303334403364,2,0.08486964191815617,0.019458137210564136,0.09587706023860347,0.011279125761102432,0.08299197762550879,0.07640637313031548,0.015640821390510134,29,83,0.07300876003283246,0.14658493069530157,False,False,False,5.3725295993622326e-08,COMPLETE
637,0.5435579061508179,2025-04-06 23:32:47.051001,2025-04-06 23:33:12.435990,0 days 00:00:25.384989,0.1258275620803238,0.09189331070231452,2,0.1918305195736737,0.028708590427311154,0.05466162134679962,0.00745127579485641,0.06381421021488289,0.06767898060741254,0.029016800237610364,30,87,0.04767469963660066,0.15950946949259967,False,False,False,0.00064481185207568,COMPLETE
638,0.5737272739410401,2025-04-06 23:33:12.643161,2025-04-06 23:33:34.365508,0 days 00:00:21.722347,0.06491192344323661,0.0719558545656265,2,0.11944152985643958,0.03653170976131523,0.05227204166944303,0.02616570017500316,0.08599201817739699,0.07335682355263475,0.009713663600732518,29,82,0.04353352259056253,0.2403749589336544,True,False,True,1.9659744667139542e-07,COMPLETE
639,0.09159234166145325,2025-04-06 23:33:34.559788,2025-04-06 23:33:55.925611,0 days 00:00:21.365823,0.17485032009958518,0.174825932824571,2,0.1089209283131075,0.0006124492105538757,0.0936696085911148,0.0441684896188367,0.08767088776031952,0.0750767283110837,0.013500780886877721,29,95,0.0644904700214639,0.1328074184712456,False,True,False,1.929970678575367e-06,COMPLETE
640,0.5683568954467774,2025-04-06 23:33:56.133172,2025-04-06 23:34:20.216851,0 days 00:00:24.083679,0.14777973774106395,0.06306802646232647,2,0.22610917546485554,0.01758250276626903,0.09826229593329953,0.014219862054582318,0.08542767874603657,0.06996918147364008,0.010848100124131387,28,89,0.0698474517703422,0.15012582031929766,False,False,False,2.702742778534825e-07,COMPLETE
641,0.42834036946296694,2025-04-06 23:34:20.411705,2025-04-06 23:34:44.062077,0 days 00:00:23.650372,0.10460346059525805,0.13055683718650893,2,0.2677003083102823,0.029440152567174836,0.04802419974197845,0.0643455731493751,0.027285595034121063,0.046649271507031055,0.016660701787108125,27,135,0.07295219729464529,0.11741192573206669,True,False,False,2.6347808601088273e-08,COMPLETE
642,0.6073893904685974,2025-04-06 23:34:44.268464,2025-04-06 23:35:09.475670,0 days 00:00:25.207206,0.17109347512827783,0.10001845198001419,2,0.09028307540879156,0.011582379268868811,0.05552358709049784,0.003658650947467158,0.08363502801934546,0.07213590155470374,0.023234078946425343,30,85,0.06759750529560433,0.14057282805692842,False,False,False,1.4969487591306315e-06,COMPLETE
643,0.14626883864402773,2025-04-06 23:35:09.673835,2025-04-06 23:35:30.804070,0 days 00:00:21.130235,0.08785628546655629,0.2977978416973018,2,0.2584560054464893,0.03913270065525528,0.05307257730558529,0.07933121110245822,0.09070061536124471,0.07734860267791023,0.013206132097722756,28,93,0.06569082929347286,0.02905119359824137,False,True,True,2.7652157622032507e-06,COMPLETE
644,0.49758428335189825,2025-04-06 23:35:31.010951,2025-04-06 23:35:56.475057,0 days 00:00:25.464106,0.11597924784946255,0.08463235367968772,2,0.13901660078347633,0.023104051565533842,0.05781946650629264,0.0854902121397422,0.013423667626853306,0.07494532122732274,0.00943812937070985,30,107,0.08840339035378056,0.1639716400119611,True,False,False,3.8212235828796226e-08,COMPLETE
645,0.4728338003158569,2025-04-06 23:35:56.673278,2025-04-06 23:36:21.120910,0 days 00:00:24.447632,0.1403242964560137,0.061651607030755284,2,0.04252518057395056,0.032442728186714856,0.09220198079443137,0.061939335716919806,0.016647717274863794,0.06637541350184537,0.019733048080924867,29,30,0.08640750443020583,0.14646026493081887,False,False,False,3.7236103061227243e-07,COMPLETE
646,0.4432490587234497,2025-04-06 23:36:21.327937,2025-04-06 23:36:46.351273,0 days 00:00:25.023336,0.17961521705809158,0.32140707380053923,2,0.2974436012945608,0.15735594233461928,0.051489569970423484,0.06568410875841303,0.032428274915338125,0.07273820249831274,0.011641552958197972,30,81,0.07038191695106136,0.15203591008751496,False,False,False,1.2871072673239985e-06,COMPLETE
647,0.09620091766119004,2025-04-06 23:36:46.561236,2025-04-06 23:37:08.033824,0 days 00:00:21.472588,0.4546487040615262,0.14911126195651028,2,0.276630261780796,0.01427014922441066,0.034863798289969064,0.04245969522401323,0.0886315415919345,0.06928035518865895,0.015065916229667575,29,88,0.06250925497352827,0.1568369870123791,False,False,True,5.034246413711278e-07,COMPLETE
648,0.09159234166145325,2025-04-06 23:37:08.232383,2025-04-06 23:37:29.840342,0 days 00:00:21.607959,0.06534795882826244,0.11858940017615827,2,0.1120551383200293,0.02636540033225402,0.04974079992563299,0.05686015794414126,0.02948803228159703,0.07729773840672952,0.008194076371008366,29,86,0.06886188586974269,0.1369807957916955,True,True,False,2.121924848843958e-06,COMPLETE
649,0.6074227929115296,2025-04-06 23:37:30.051948,2025-04-06 23:37:53.438814,0 days 00:00:23.386866,0.044475441795418416,0.22115498708884423,2,0.09569592033708563,0.036805650453457406,0.06333949967710546,0.05286254979055917,0.08698871862735713,0.07106631831860019,0.027175229148672864,27,90,0.07168902476809451,0.12933162993469688,False,False,False,2.5755352429574673e-08,COMPLETE
650,0.5683568954467774,2025-04-06 23:37:53.636889,2025-04-06 23:38:17.471615,0 days 00:00:23.834726,0.4190334736834227,0.10295394579898998,2,0.08300795021680923,0.01960426693941074,0.08874139011972562,0.0822099200036581,0.03396136351217953,0.051425368429934885,0.010001517227359525,28,84,0.01341151364852159,0.1429513782336619,False,False,False,1.5675940273150826e-08,COMPLETE
651,0.4757147550582886,2025-04-06 23:38:17.681731,2025-04-06 23:38:39.737971,0 days 00:00:22.056240,0.1533720805552108,0.06022605931635392,2,0.10523428975559278,0.007009583408978847,0.054027811188444096,0.0880221350610526,0.03039696162308392,0.0635070694276147,0.017604861375910087,30,80,0.06424865293848699,0.15620212143016443,True,False,True,5.6715666680467e-06,COMPLETE
652,0.4308407127857209,2025-04-06 23:38:39.939483,2025-04-06 23:39:01.402307,0 days 00:00:21.462824,0.18869796070426822,0.07922382890728408,2,0.17965904629827323,0.08598872249713263,0.09513849913448125,0.06316310525322208,0.08506890200443122,0.07357416231684744,0.012465684160620728,29,16,0.05516864462118774,0.1616178300096794,False,True,False,1.641207694124496e-06,COMPLETE
653,0.5105781435966492,2025-04-06 23:39:01.615570,2025-04-06 23:39:25.726019,0 days 00:00:24.110449,0.12381358847397335,0.1319289753024919,2,0.21256987785494816,0.02776071498919849,0.08594553109553996,0.06630425346925667,0.03196434985279058,0.07566208916851441,0.020994717269528885,28,91,0.008222517121354252,0.15042055804864465,False,False,False,1.2349121931180968e-06,COMPLETE
654,0.5556149482727051,2025-04-06 23:39:25.925629,2025-04-06 23:39:51.948903,0 days 00:00:26.023274,0.09615469450093334,0.1719137453923189,2,0.07540787306611821,0.03877711165930772,0.03129575895861283,0.07976614516263303,0.09355049648417828,0.06787005846210438,0.008479273273746276,30,24,0.018308782534547298,0.13865995203790235,True,False,False,1.941797904795861e-08,COMPLETE
655,0.611039400100708,2025-04-06 23:39:52.162894,2025-04-06 23:40:16.275756,0 days 00:00:24.112862,0.16064993986146492,0.08845083098532172,2,0.133053224683856,0.032943319503767,0.09077274374914467,0.005848566541329065,0.05988747957841792,0.07243120357905601,0.01464836269432325,28,61,0.06743996107582877,0.16667394204883607,False,False,False,4.7522568444173823e-07,COMPLETE
656,0.09323870688676834,2025-04-06 23:40:16.476205,2025-04-06 23:40:38.241352,0 days 00:00:21.765147,0.07445137872717637,0.11128989095972339,2,0.2513791589536658,0.022797128574831804,0.047440632884966735,0.009011861644494322,0.026641953738620536,0.09295840797178385,0.010982786343749235,29,97,0.0517082161692638,0.14453824555793152,False,True,True,2.710995452225833e-05,COMPLETE
657,0.6039688587188721,2025-04-06 23:40:38.454462,2025-04-06 23:41:04.256975,0 days 00:00:25.802513,0.18614254048908097,0.05762618936322722,2,0.10069334019606115,0.04078737610714299,0.001693186030596129,0.0685676751995649,0.08218068549047491,0.07044412365573677,0.030274817065543944,30,87,0.07381766435611462,0.1567665931346985,True,False,False,2.90927954548458e-07,COMPLETE
658,0.42463098168373115,2025-04-06 23:41:04.457628,2025-04-06 23:41:29.083697,0 days 00:00:24.626069,0.8892146572310071,0.19581337588720185,2,0.12075805150829708,0.012257539310685534,0.049495815194303565,0.07829035556192149,0.03525917847256235,0.07456882727677573,0.016257131510986175,29,81,0.04987975346672526,0.13178795156114564,False,False,False,3.426489547068393e-07,COMPLETE
659,0.09159234166145325,2025-04-06 23:41:29.296818,2025-04-06 23:41:53.034246,0 days 00:00:23.737428,0.1353888109541191,0.972194195463004,2,0.09347044510040708,0.006389042743012129,0.060586225787721035,0.06568769399848617,0.02861724542032068,0.07848874831813485,0.013088963096455493,28,84,0.08656992186417722,0.15080170629999068,False,False,False,3.8385444793632495e-08,COMPLETE
660,0.5313468337059021,2025-04-06 23:41:53.234822,2025-04-06 23:42:14.959407,0 days 00:00:21.724585,0.16451472864406533,0.14692957566363524,2,0.14561184050868906,0.03290877164011405,0.0965833590198353,0.05938920027930518,0.0904272858278408,0.07691149125749587,0.024065537521631413,30,57,0.06604255431391473,0.16311027609714693,False,False,True,2.742996136810684e-08,COMPLETE
661,0.5683568954467774,2025-04-06 23:42:15.172936,2025-04-06 23:42:35.495575,0 days 00:00:20.322639,0.027455345694153317,0.07571719633361115,2,0.12756037493738492,0.01887751527988868,0.05265883794904089,0.0634639873400273,0.025385254110432867,0.0715190080909693,0.009414999630138586,27,27,0.07169055068814123,0.26082355937835205,True,True,False,2.3421584751969847e-06,COMPLETE
662,0.6518624186515809,2025-04-06 23:42:35.697922,2025-04-06 23:43:00.364313,0 days 00:00:24.666391,0.10603015397834302,0.09723064484107491,2,0.03838415549126639,0.02837172726187237,0.038484862579863055,0.08275890002874618,0.04076098117819935,0.08318873382988656,0.007984485846543852,29,93,0.06882122771529672,0.1448635282459241,False,False,False,2.2891808668043973e-07,COMPLETE
663,0.6038992285728455,2025-04-06 23:43:00.578560,2025-04-06 23:43:25.252948,0 days 00:00:24.674388,0.10398442478076683,0.12300864483870429,2,0.038015531636429456,0.02510790441451966,0.056096467282955906,0.08690042095236133,0.040712407717154724,0.0829879180176929,0.01135690912576643,29,99,0.06858958223858411,0.13762947654964838,False,False,False,1.9921699285985475e-07,COMPLETE
664,0.5254844307899476,2025-04-06 23:43:25.458890,2025-04-06 23:43:46.770860,0 days 00:00:21.311970,0.11174608158777467,0.10023324214930869,2,0.039001919727932224,0.029086000762105345,0.03833546436356178,0.08307565148149774,0.041560929571697255,0.08392349039206026,0.04707912844213176,28,93,0.0664106811416018,0.141822621803449,True,False,True,2.2919526892532172e-07,COMPLETE
665,0.09159234166145325,2025-04-06 23:43:46.983993,2025-04-06 23:44:08.365240,0 days 00:00:21.381247,0.07173104202091946,0.10110011428844334,2,0.03476067842658706,0.024621332825817688,0.038458126172517156,0.08001390019790838,0.040013577164399745,0.08495544631642689,0.008496525296016796,29,96,0.06191327514265263,0.1467060995639129,False,True,False,1.6490628735013615e-07,COMPLETE
666,0.6087153673171997,2025-04-06 23:44:08.581896,2025-04-06 23:44:33.181031,0 days 00:00:24.599135,0.08994217455357267,0.13311161844129457,2,0.04085626859063935,0.016147589720595504,0.04624827187771635,0.08461582298448972,0.039202742882103556,0.08507809969653182,0.03683853260394658,29,93,0.06407875154773802,0.12957853249553186,False,False,False,2.744240138414504e-07,COMPLETE
667,0.6125126600265502,2025-04-06 23:44:33.384722,2025-04-06 23:44:58.652469,0 days 00:00:25.267747,0.12807372968040726,0.08923766096336745,2,0.04419112420249753,0.01899927756641498,0.05039484026170959,0.08155510274486485,0.041380955830533556,0.08234496254304555,0.010701387095706767,30,97,0.0663952217800074,0.14403608099417178,False,False,False,3.822137647770523e-07,COMPLETE
668,0.44314420223236084,2025-04-06 23:44:58.868774,2025-04-06 23:45:23.776295,0 days 00:00:24.907521,0.08741900401393934,0.11162778359459867,2,0.03141027607787825,0.10067673674953836,0.09209589786743037,0.03124788296111256,0.037048224982212385,0.08270870718583834,0.013083307226960323,29,94,0.06882299490925838,0.13632127816534098,True,False,False,2.340423036070565e-07,COMPLETE
669,0.3507474958896637,2025-04-06 23:45:23.979626,2025-04-06 23:45:35.247299,0 days 00:00:11.267673,0.05353554926137577,0.14841345944690867,2,0.034153015475904235,0.03075383837060427,0.09419080141833272,0.08295302833648331,0.044168984917643615,0.09169403648298957,0.019227424027222682,9,100,0.05902380215474741,0.14881750956925904,False,False,True,3.06685656445767e-07,COMPLETE
670,0.09159234166145325,2025-04-06 23:45:35.465549,2025-04-06 23:45:56.361948,0 days 00:00:20.896399,0.1178889970541738,0.12329045650239735,2,0.030200893028248833,0.022821546214214814,0.0585013528934674,0.08497074442554367,0.004704800515343591,0.08753106460298135,0.008181999931160961,28,91,0.04482539533034247,0.12597276534904875,False,True,False,4.142057519009777e-07,COMPLETE
671,0.5225971341133118,2025-04-06 23:45:56.565095,2025-04-06 23:46:21.372082,0 days 00:00:24.806987,0.1474560734629975,0.08662805088042684,2,0.024622338698946,0.011993229630051332,0.05404382257508624,0.09129210624830572,0.03892462764862261,0.08995002441322199,0.014911800427317221,29,89,0.07024456731079219,0.14473809730624765,True,False,False,1.561029604024392e-07,COMPLETE
672,0.5193187713623048,2025-04-06 23:46:21.588946,2025-04-06 23:46:46.797006,0 days 00:00:25.208060,0.1135273465927516,0.1606352354807627,2,0.0439325401602067,0.034676500887763716,0.05161177317283212,0.08261791328541189,0.04240436912358007,0.08513644936307489,0.009721234104690994,30,94,0.034960321655929875,0.13709111716307554,False,False,False,2.495419957383042e-07,COMPLETE
673,0.3438731074333191,2025-04-06 23:46:47.003787,2025-04-06 23:47:08.012463,0 days 00:00:21.008676,0.09521522664732765,0.10691629382753937,2,0.036823194139342375,0.02695764828475746,0.03693505679258113,0.08071795917649496,0.08686583842320197,0.08189252631463811,0.017957186780101154,28,88,0.08538780860730323,0.15264170588934814,False,False,True,4.4358857226193803e-07,COMPLETE
674,0.09159234166145325,2025-04-06 23:47:08.231674,2025-04-06 23:47:29.930516,0 days 00:00:21.698842,0.14073630301071685,0.06893649788281189,2,0.155536716872274,0.035242046550466095,0.04885685799739073,0.012654202846266676,0.05186537440537252,0.08741644976441587,0.011302516643139412,29,91,0.06505447085033586,0.12042947844528518,True,True,False,4.89429031929684e-07,COMPLETE
675,0.41043366193771363,2025-04-06 23:47:30.138551,2025-04-06 23:47:55.516548,0 days 00:00:25.377997,0.18283682738520451,0.07732359846954812,2,0.14263381656908067,0.018701459120113804,0.0393611282690201,0.08799434559792657,0.03612502351365734,0.08377482008811987,0.012674907591837759,30,87,0.06801709944973547,0.23005026137108958,False,False,False,1.9523798341942867e-07,COMPLETE
676,0.09159234166145325,2025-04-06 23:47:55.733212,2025-04-06 23:48:19.692033,0 days 00:00:23.958821,0.15888015799134192,0.1407201820956644,2,0.031435874151672975,0.005330765257751275,0.09737422329070997,0.08501646304877777,0.04671406680320595,0.07875927024897002,0.00961605654944091,28,83,0.08813801911194001,0.13258662509005967,False,False,False,3.129128955989156e-07,COMPLETE
677,0.5121095061302186,2025-04-06 23:48:19.899300,2025-04-06 23:48:41.120238,0 days 00:00:21.220938,0.01124186186703695,0.09786359158064839,2,0.24211445560826342,0.030050117910200798,0.05658524465325951,0.03749381345651934,0.08873858736865503,0.0663740873048475,0.02374587842359964,29,9,0.08936712466079043,0.25236558048775887,False,False,True,5.470857731999916e-08,COMPLETE
678,0.09159234166145325,2025-04-06 23:48:41.339110,2025-04-06 23:49:03.500110,0 days 00:00:22.161000,0.08042923166300836,0.4358749471225126,2,0.02775211068390364,0.0397675762101117,0.099946789175625,0.06181358250677895,0.08523580497171966,0.08664275950612023,0.007836091029206581,30,90,0.08401683520247831,0.1412329873172087,True,True,False,3.536010691821545e-07,COMPLETE
679,0.6101009488105774,2025-04-06 23:49:03.720300,2025-04-06 23:49:28.391031,0 days 00:00:24.670731,0.12917237621475255,0.12285234356521732,2,0.1512283500014213,0.013882027561921787,0.05267847227129182,0.06723922168306286,0.037865634953566464,0.08959222857100561,0.014851457794205021,29,86,0.07013655561338589,0.15226207126943336,False,False,False,1.2236505861854705e-08,COMPLETE
680,0.5505723118782043,2025-04-06 23:49:28.597082,2025-04-06 23:49:54.023689,0 days 00:00:25.426607,0.05875587936796367,0.05949987112904884,2,0.037840286372223704,0.026085062329677413,0.04641908168443401,0.08040904179807311,0.08203687857796887,0.0691063403064561,0.017732605604066868,30,94,0.03810081707050974,0.14664248290730647,False,False,False,5.593589209231593e-07,COMPLETE
681,0.5854333281517029,2025-04-06 23:49:54.243169,2025-04-06 23:50:18.184997,0 days 00:00:23.941828,0.19035456528816147,0.24003123613599048,2,0.2354601135089396,0.034201878643884374,0.055283462138780264,0.07876417419970692,0.04111868742938451,0.0916968462033918,0.010881790635777835,28,20,0.08536077721425106,0.15645230433691223,True,False,False,3.384519046562471e-08,COMPLETE
