number,value,datetime_start,datetime_complete,duration,params_alpha-eval,params_alpha-train,params_batch-size,params_eps-eval,params_eps-train,params_lambda-actions-eval,params_lambda-actions-train,params_lambda-frames-eval,params_lambda-frames-train,params_learning-rate,params_n-epochs,params_n-frames,params_radius-gw,params_rho,params_std-feats,params_ub-actions,params_ub-frames,params_weight-decay,state
853,0.6693201065063477,2025-04-07 00:57:21.364619,2025-04-07 00:57:45.590314,0 days 00:00:24.225695,0.11016035957481712,0.15396953960926146,2,0.051852804687328835,0.03694908106854786,0.06131048491423278,0.08719311615725354,0.08791146182885215,0.08024144540521923,0.008603009798694123,28,86,0.08437470064037356,0.13029739921492256,False,False,False,1.504404780186888e-08,COMPLETE
854,0.610803520679474,2025-04-07 00:57:45.867373,2025-04-07 00:58:09.453712,0 days 00:00:23.586339,0.12568542011394923,0.18834716006618726,2,0.05431966462909118,0.04579764283240677,0.06391702483875512,0.0917797320508133,0.08764728075991077,0.08141578372340083,0.006496521811844434,27,87,0.08471433589490913,0.12112798974181938,False,False,False,1.1402646581179023e-08,COMPLETE
855,0.6021548748016358,2025-04-07 00:58:09.735016,2025-04-07 00:58:34.011062,0 days 00:00:24.276046,0.14782542065499946,0.16583970905790743,2,0.052737395775957464,0.03901466223014868,0.06265500047655592,0.08759897225038972,0.08959432346374575,0.0809266528094213,0.008050805807925806,28,91,0.08815738357943759,0.11547842327505305,True,False,False,1.6114986854128484e-08,COMPLETE
856,0.640334403514862,2025-04-07 00:58:34.276521,2025-04-07 00:58:57.910273,0 days 00:00:23.633752,0.11560211815040636,0.1682784269618438,2,0.04858771864586509,0.043573746088245394,0.06439975254575098,0.087790651629984,0.08755412530388701,0.08233073172497876,0.00883391960503764,27,87,0.08150719838530843,0.12811437469365838,False,False,False,1.558646357159854e-08,COMPLETE
857,0.6091182947158814,2025-04-07 00:58:58.185011,2025-04-07 00:59:21.823204,0 days 00:00:23.638193,0.10879700752179426,0.17712878796982706,2,0.06288809963171188,0.04464572383302585,0.06505883185854038,0.09050900766159763,0.09032943014480822,0.08283723841708916,0.00040976011123120253,27,82,0.09173005379054498,0.12150212725283255,False,False,False,1.5009405892818945e-08,COMPLETE
858,0.596761155128479,2025-04-07 00:59:22.103512,2025-04-07 00:59:46.496343,0 days 00:00:24.392831,0.11557432706340379,0.1945950639565123,2,0.059844174054248384,0.04446433224743622,0.06426897057945886,0.09178638860375642,0.08930293024558791,0.08054753592457728,0.00718658360653313,28,86,0.08580105100502314,0.13043653303258676,True,False,False,1.569235095489087e-08,COMPLETE
859,0.6148308396339417,2025-04-07 00:59:46.761041,2025-04-07 01:00:10.199513,0 days 00:00:23.438472,0.10871911620807433,0.172798942515293,2,0.05483007471835247,0.04698366429454574,0.06525806410958283,0.08908882611851635,0.0877844154922656,0.08233721761519051,0.006451461374846413,27,85,0.08162151847898975,0.12985175116073705,False,False,False,1.3123803295852444e-08,COMPLETE
860,0.6094828605651855,2025-04-07 01:00:10.481904,2025-04-07 01:00:34.103321,0 days 00:00:23.621417,0.1326901718046946,0.2132199048530957,2,0.050371336114887484,0.039513883200228056,0.061861256193709385,0.08705781375912883,0.09146474037544414,0.08026003891128874,0.008387721537232972,27,80,0.09033833889727214,0.12578934151794502,False,False,False,1.2585641591433353e-08,COMPLETE
861,0.6020846962928772,2025-04-07 01:00:34.379519,2025-04-07 01:00:58.053340,0 days 00:00:23.673821,0.1053417197228434,0.1686236917535973,2,0.049431375928206775,0.04033442301733579,0.06729952546888607,0.09218018968223399,0.08865091610396258,0.0839981759597925,0.008246509231847067,27,76,0.08423147027680326,0.12189266275280365,True,False,False,1.2436692422316308e-08,COMPLETE
862,0.6806397914886475,2025-04-07 01:00:58.318951,2025-04-07 01:01:21.878648,0 days 00:00:23.559697,0.12486270914320084,0.14795117445431952,2,0.04348626300052627,0.04760539267403795,0.066060774771174,0.08619701462390972,0.08619856433223905,0.0824946227550323,0.009121515164540355,27,82,0.08771714636616008,0.11711399654082955,False,False,False,1.843384313539269e-08,COMPLETE
863,0.6167566776275635,2025-04-07 01:01:22.153121,2025-04-07 01:01:46.133367,0 days 00:00:23.980246,0.13950511868715368,0.15118743420887218,2,0.045077331519413816,0.03667836022322873,0.0664633200745813,0.08810459846582477,0.08483339152360397,0.08111779268248008,0.006663262011638907,28,77,0.0885486876330076,0.10851409262105674,False,False,False,2.0096393144225997e-08,COMPLETE
864,0.47712938785552983,2025-04-07 01:01:46.414802,2025-04-07 01:02:10.469017,0 days 00:00:24.054215,0.6510141775574433,0.40782139989837257,2,0.043058349947798155,0.04872415279545418,0.0691837443340475,0.08645348896505749,0.08644849591743677,0.07899750664087427,0.009382910847778094,28,80,0.09135550520322017,0.11604259883812734,True,False,False,1.9402637475713422e-08,COMPLETE
865,0.6612898111343384,2025-04-07 01:02:10.753006,2025-04-07 01:02:34.081260,0 days 00:00:23.328254,0.12870957973281377,0.14991562704447683,2,0.0437860555253859,0.037152782910541374,0.06678434126132726,0.08619771970276616,0.08679720579454489,0.08376359291734566,0.007767367124264594,27,81,0.08772123616372635,0.11699995420645626,False,False,False,1.368390967789663e-08,COMPLETE
866,0.6063682436943054,2025-04-07 01:02:34.348343,2025-04-07 01:02:57.807323,0 days 00:00:23.458980,0.15790920686254756,0.14791899289384752,2,0.045724390323833,0.04838237448517378,0.06767082845777227,0.08880769678909864,0.08424535206588611,0.08380284054375362,0.006856643096725819,27,75,0.0896066816134454,0.1076107620320796,False,False,False,1.1009810510261294e-08,COMPLETE
867,0.6065009832382202,2025-04-07 01:02:58.085091,2025-04-07 01:03:21.829578,0 days 00:00:23.744487,0.14017726453095142,0.1984481886316921,2,0.04074008083901328,0.04197224435679251,0.07052543735548189,0.08687279890525475,0.08626205902806244,0.08382043693034118,0.006413684009853441,27,78,0.09046612068206494,0.11966753840295863,True,False,False,1.20013133092454e-08,COMPLETE
868,0.6050521969795227,2025-04-07 01:03:22.109471,2025-04-07 01:03:45.709797,0 days 00:00:23.600326,0.1286356241667265,0.1600198604193247,2,0.05820229567207173,0.03753988809187951,0.06432329393167809,0.0933843703746213,0.08551442810715847,0.08108164936111133,0.007641255395456727,27,80,0.08767692486013826,0.1214842815551104,False,False,False,1.3304372768835004e-08,COMPLETE
869,0.6067234754562378,2025-04-07 01:03:45.974582,2025-04-07 01:04:09.677354,0 days 00:00:23.702772,0.09988137499381591,0.15366591306578814,2,0.0447829256899823,0.04796977507366821,0.06638468107301869,0.08549317490594034,0.08660194186842392,0.08351425064432515,0.006007520006217238,27,80,0.08631829950900034,0.11471869628977815,False,False,False,1.3722179554457674e-08,COMPLETE
870,0.5470564842224122,2025-04-07 01:04:09.954996,2025-04-07 01:04:33.094377,0 days 00:00:23.139381,0.7097314608774759,0.19024337496928573,2,0.05489761143061083,0.04020940168357492,0.06724766129765229,0.08912219437696839,0.08373351258815083,0.07911618076394845,0.008488333006536652,26,76,0.09288375507330485,0.11570919504458162,True,False,False,1.3521024292385584e-08,COMPLETE
871,0.6612243294715882,2025-04-07 01:04:33.374372,2025-04-07 01:04:57.026909,0 days 00:00:23.652537,0.1620075112717016,0.14467797399107588,2,0.04635915858832616,0.033283472326642284,0.06773283631003826,0.08575088144808081,0.08767138874162553,0.08489569657465128,0.0075144482431681965,27,82,0.08869298022134355,0.11030142017187178,False,False,False,1.6624302420900506e-08,COMPLETE
872,0.6566434621810913,2025-04-07 01:04:57.310313,2025-04-07 01:05:21.106117,0 days 00:00:23.795804,0.15216039908439422,0.1571283412904662,2,0.04774448075015493,0.0331735594249582,0.06950471137916713,0.08626149643185711,0.08820850286285915,0.08424735831537664,0.0076904448579862734,27,82,0.09020253559537911,0.10994283327744503,False,False,False,1.707226237148052e-08,COMPLETE
873,0.6285651683807373,2025-04-07 01:05:21.373614,2025-04-07 01:05:45.016936,0 days 00:00:23.643322,0.15883257399330492,0.15404991389526035,2,0.052185111936120285,0.033267791386468425,0.06904039829821913,0.09025641997707438,0.08748568153363066,0.0847638649417173,0.00760040951920749,27,82,0.09045017751323602,0.10964346589498991,False,False,False,1.0581024984286697e-08,COMPLETE
874,0.6158438920974731,2025-04-07 01:05:45.298016,2025-04-07 01:06:08.292143,0 days 00:00:22.994127,0.15879955315501398,0.14573839623999066,2,0.05962776989019912,0.03194979216836152,0.06763906707526289,0.0862122876905982,0.08911108309804266,0.08213039039548256,0.007777731100459911,26,79,0.09160331544698645,0.10220408174774358,False,False,False,1.723644242122622e-08,COMPLETE
875,0.6709280014038086,2025-04-07 01:06:08.574141,2025-04-07 01:06:32.007622,0 days 00:00:23.433481,0.14421146196752255,0.1768955299573342,2,0.04972129776925636,0.035510097797402544,0.07126646133333597,0.08825238347376962,0.08984950730663155,0.08263598830636139,0.009026839095590832,27,82,0.08843198069268736,0.11283072025606541,False,False,False,1.2648522800723189e-08,COMPLETE
876,0.6684746026992798,2025-04-07 01:06:32.291016,2025-04-07 01:06:55.266227,0 days 00:00:22.975211,0.1439733657767378,0.17444892953812136,2,0.04425531032985456,0.03503289667725364,0.07022244232410058,0.08921422385966443,0.09064797750299108,0.0816799105295457,0.006758650464719449,26,83,0.09261968882484259,0.10776157843191776,False,False,False,1.3385702558958965e-08,COMPLETE
877,0.6046392679214478,2025-04-07 01:06:55.535343,2025-04-07 01:07:18.200650,0 days 00:00:22.665307,0.16159916086587073,0.17733962563507055,2,0.047284188933279035,0.04263805964019577,0.0707428990553109,0.0959447219115852,0.08944285815393659,0.08075620905961932,0.0067890877190239915,26,78,0.091419009805831,0.10699221713216861,False,False,False,1.1998966628690797e-08,COMPLETE
878,0.6400475263595581,2025-04-07 01:07:18.484722,2025-04-07 01:07:41.412151,0 days 00:00:22.927429,0.14299731125160725,0.18448313144637576,2,0.04998998741809363,0.03861776971752744,0.07114577200558704,0.08979122336539874,0.09084030922411016,0.08246135325403443,0.006428975384922687,26,82,0.09248539164220619,0.10923580279061688,False,False,False,1.1656706251108688e-08,COMPLETE
879,0.6615284562110901,2025-04-07 01:07:41.695596,2025-04-07 01:08:04.499867,0 days 00:00:22.804271,0.1702335627134349,0.1716281927586503,2,0.05589496454285844,0.03950263192337802,0.070180697575593,0.09139357316945478,0.09283186147336675,0.08311662755501402,0.007733250307766114,26,82,0.08994419397044214,0.1033880629379998,False,False,False,1.0648544000294246e-08,COMPLETE
880,0.6122560262680055,2025-04-07 01:08:04.767533,2025-04-07 01:08:27.700867,0 days 00:00:22.933334,0.1701745515383447,0.18626123117327834,2,0.05404530906236128,0.04498307582729495,0.07214524186838613,0.0942940223505993,0.0955856519679236,0.0839740703661653,0.005963375099202869,26,82,0.08943267638841762,0.09893443700203908,False,False,False,1.0234039144515243e-08,COMPLETE
881,0.6119408130645752,2025-04-07 01:08:27.981945,2025-04-07 01:08:50.944648,0 days 00:00:22.962703,0.1780082478899333,0.2040344705703493,2,0.04860801527923155,0.03823944429538684,0.0703968699392923,0.09289976013043667,0.0936595175480952,0.07982355020190621,0.0072587457221254285,26,77,0.09354798517321809,0.10094789953733574,False,False,False,1.0701483201531031e-08,COMPLETE
882,0.6644102811813355,2025-04-07 01:08:51.231802,2025-04-07 01:09:14.044750,0 days 00:00:22.812948,0.16459770422740444,0.17278517763726234,2,0.05955238275368033,0.037719117796796944,0.0722235277239982,0.09273578457148758,0.0912713667386657,0.082705163009166,0.007866513245442911,26,82,0.09197946803775092,0.1034338034446863,False,False,False,1.2249605035084158e-08,COMPLETE
883,0.610846483707428,2025-04-07 01:09:14.329401,2025-04-07 01:09:37.570498,0 days 00:00:23.241097,0.16782497152259107,0.22065695395887802,2,0.055699571146299844,0.04516113983953637,0.0709111317977849,0.092910545527123,0.0956241445053953,0.08319457422683896,0.006680146901227604,26,79,0.09279362044455916,0.09602259693434628,False,False,False,1.0783291132273796e-08,COMPLETE
884,0.6181175470352174,2025-04-07 01:09:37.859486,2025-04-07 01:10:00.696978,0 days 00:00:22.837492,0.18161560880165412,0.1753397580084304,2,0.06291152464504297,0.04904464841405315,0.07210651408583728,0.09103135571708625,0.0976837646006616,0.08418219623662627,0.006273229224620029,26,76,0.09200839031182291,0.10245517296096522,False,False,False,1.3479574000328418e-08,COMPLETE
885,0.6261901497840882,2025-04-07 01:10:00.978780,2025-04-07 01:10:23.799816,0 days 00:00:22.821036,0.1359993343903408,0.20007166207384758,2,0.05872122697127784,0.04009957421210858,0.06894682599467537,0.0981352058519826,0.09186019290070752,0.08175994732610875,0.005740023830547014,26,83,0.0895684738491822,0.1113492092369245,False,False,False,1.0205078791893803e-08,COMPLETE
886,0.6064046978950501,2025-04-07 01:10:24.086543,2025-04-07 01:10:46.939527,0 days 00:00:22.852984,0.15104756285512824,0.16492600549125003,2,0.0630437747759405,0.05318974379198802,0.07220768535156587,0.09139004448316415,0.09274654250994978,0.08255594565588886,0.00786707694782761,26,79,0.09404208829403596,0.10508952889755518,False,False,False,1.374630475679667e-08,COMPLETE
887,0.4732571601867676,2025-04-07 01:10:47.211145,2025-04-07 01:11:10.065792,0 days 00:00:22.854647,0.17202592364935151,0.19101564841023572,2,0.06611709572190647,0.094154172744921,0.07326786381300153,0.09591120798493619,0.09210396513592832,0.08532862457640931,0.007560034817495125,26,82,0.09179312607742778,0.10812931604055985,False,False,False,1.3207696384489152e-08,COMPLETE
888,0.6338739991188049,2025-04-07 01:11:10.347357,2025-04-07 01:11:33.804923,0 days 00:00:23.457566,0.13666209845729285,0.1740618476319306,2,0.051518524354577024,0.03700273176805742,0.0690464861762511,0.09457318909965712,0.0952527411376513,0.07984578381405588,0.007998118447164066,27,83,0.09002838989515946,0.09886629807731002,False,False,False,1.2431420571929147e-08,COMPLETE
889,0.6114820122718811,2025-04-07 01:11:34.086842,2025-04-07 01:11:57.635365,0 days 00:00:23.548523,0.12011350943135979,0.16436252701660722,2,0.05881294570967226,0.0426769843025232,0.0697922140944873,0.09229557379452162,0.09360769045139553,0.08427586196355373,0.006058750587943757,27,75,0.08901878416758982,0.11320535313053169,False,False,False,1.4824394407024526e-08,COMPLETE
890,0.5958716034889222,2025-04-07 01:11:57.922526,2025-04-07 01:12:20.734709,0 days 00:00:22.812183,0.18620075727709565,0.2406364459527458,2,0.043773070414862995,0.036928540949767344,0.0742217152131407,0.08956905259925789,0.09363268045840972,0.08111100015265636,0.008755582808530482,26,79,0.09081843372462717,0.10670845893570335,False,False,False,1.0369716839807617e-08,COMPLETE
891,0.6096850752830506,2025-04-07 01:12:21.006188,2025-04-07 01:12:43.971443,0 days 00:00:22.965255,0.1541298108512717,0.18390484388488654,2,0.05542853820969395,0.04915757076465748,0.0689832550837265,0.0877418193329383,0.09225737214859743,0.0845058324898653,0.007059701126958437,26,81,0.09357266104149538,0.10163744657969284,False,False,False,1.418032627053657e-08,COMPLETE
892,0.4057303845882416,2025-04-07 01:12:44.258572,2025-04-07 01:13:07.629292,0 days 00:00:23.370720,0.9986946662139252,0.2132869735662324,2,0.040778525090844925,0.04453054375454423,0.07239826901073418,0.09077627417573948,0.09119490854787572,0.08289421614187902,0.009175730227870237,27,141,0.08823494926545651,0.0950685273539906,False,False,False,1.6363476732421907e-08,COMPLETE
893,0.676613199710846,2025-04-07 01:13:07.914626,2025-04-07 01:13:30.694065,0 days 00:00:22.779439,0.12582177839666026,0.16162833929585652,2,0.04762807141965868,0.03730766796884481,0.06758284441194623,0.09429668335487053,0.09029227447900226,0.08101336253287957,0.005956350800844919,26,84,0.08988442024501513,0.11181293015297529,False,False,False,1.0186387191795949e-08,COMPLETE
894,0.6710396051406861,2025-04-07 01:13:30.980862,2025-04-07 01:13:53.999208,0 days 00:00:23.018346,0.12484455478808641,0.16491237917663426,2,0.06722158134433025,0.0387020713492164,0.06764000598668617,0.0922107221447353,0.0952570032307446,0.0796629805477662,0.0055835513786028,26,82,0.09243157314431756,0.11147462322545484,False,False,False,1.1198790413515e-08,COMPLETE
895,0.6028103470802307,2025-04-07 01:13:54.273194,2025-04-07 01:14:16.916525,0 days 00:00:22.643331,0.17516664078530778,0.18457507408471413,2,0.06794183983598033,0.05191347909052888,0.0677994054546848,0.09627766380254235,0.09709420314584136,0.0786296695248541,0.005260710802805019,26,77,0.096536910142656,0.11005857309705129,False,False,False,1.0133303963881392e-08,COMPLETE
896,0.6150547027587892,2025-04-07 01:14:17.201567,2025-04-07 01:14:40.397273,0 days 00:00:23.195706,0.1275599123138114,0.17379664259958433,2,0.06093866704301366,0.04154017757098475,0.06664243362654641,0.0936961731849363,0.0957624033827841,0.0801101847837948,0.00547334754807084,26,80,0.09259687547177649,0.10978386032336711,False,False,False,1.1703678177295581e-08,COMPLETE
897,0.6822469472885132,2025-04-07 01:14:40.688470,2025-04-07 01:15:03.534973,0 days 00:00:22.846503,0.2015756508589169,0.16256379871484378,2,0.06449688049792432,0.0449774666868115,0.06974402741007873,0.09470548206730542,0.09817332251751903,0.08042275519865744,0.006047263777855479,26,83,0.09509950954118297,0.11384808102581127,False,False,False,1.0109461088054006e-08,COMPLETE
898,0.5603442668914795,2025-04-07 01:15:03.822713,2025-04-07 01:15:26.860395,0 days 00:00:23.037682,0.2009120000892061,0.19257992900536416,2,0.067413526083307,0.05268284921396123,0.07046743684722984,0.09788651347630839,0.09814948106755733,0.07926626615173422,0.00556265603292378,26,82,0.09736113520254308,0.11201554984560554,False,False,False,1.177134370149433e-08,COMPLETE
899,0.6139610409736633,2025-04-07 01:15:27.133770,2025-04-07 01:15:50.004164,0 days 00:00:22.870394,0.18898299797427948,0.16422381892872567,2,0.058870392217375306,0.04701422565474828,0.06862310139457621,0.09748035279500623,0.09705575372549487,0.08008386097213205,0.0057646612268681995,26,78,0.09633375809044437,0.103798492348478,False,False,False,1.3194878026636457e-08,COMPLETE
900,0.611829149723053,2025-04-07 01:15:50.291648,2025-04-07 01:16:13.252305,0 days 00:00:22.960657,0.1990800115056945,0.20079626046252674,2,0.06532091764570243,0.04537866886377359,0.07070207321105956,0.09122630944756888,0.09844760567436804,0.07891126236333404,0.006634880273549084,26,83,0.09502399571814062,0.11430576980144957,False,False,False,1.2054887300883606e-08,COMPLETE
901,0.6129945158958435,2025-04-07 01:16:13.540175,2025-04-07 01:16:36.239402,0 days 00:00:22.699227,0.16790201094179025,0.16226579089527862,2,0.06345328805631506,0.03772727430967317,0.06617999314393973,0.09351008308215626,0.0956504032746782,0.08079175976340491,0.00571233792200662,26,75,0.09455612641548312,0.11383886427741109,False,False,False,1.0439315475685881e-08,COMPLETE
902,0.6067487835884094,2025-04-07 01:16:36.536261,2025-04-07 01:16:59.435163,0 days 00:00:22.898902,0.20548612476083228,0.18446785232171978,2,0.07130309586381302,0.03783197538729632,0.06878608537599827,0.0906769606955589,0.0982789689630721,0.08079031786209168,0.006234062544731689,26,80,0.09168993373744089,0.09068537248262719,False,False,False,1.0320025600617314e-08,COMPLETE
903,0.5987473249435424,2025-04-07 01:16:59.709456,2025-04-07 01:17:22.512208,0 days 00:00:22.802752,0.1522775567674549,0.22410196319880002,2,0.058298440391377514,0.054475307201400765,0.07407520656213193,0.09416011725399406,0.09984905024750118,0.07851795198471534,0.005617878704640637,26,83,0.0940455629327096,0.10531931649159028,False,False,False,1.3808811412627097e-08,COMPLETE
904,0.6137045502662659,2025-04-07 01:17:22.799378,2025-04-07 01:17:45.684310,0 days 00:00:22.884932,0.17975942459682304,0.15807190839480253,2,0.050240569277377634,0.04517774812178311,0.07256515176661528,0.09387304248887857,0.09484255466347592,0.08208375682851879,0.006722012083397447,26,78,0.09855004514489195,0.0997458783168223,False,False,False,1.0058422878192284e-08,COMPLETE
905,0.6810565114021302,2025-04-07 01:17:45.974395,2025-04-07 01:18:09.378672,0 days 00:00:23.404277,0.15041583422221524,0.17172064768538,2,0.07114028387848582,0.036849609582362684,0.06720954728070298,0.08917103021021984,0.09880082560898024,0.07829956612386607,0.0068078931075914876,27,81,0.09072141108192094,0.1130460187274652,False,False,False,1.4389523121043839e-08,COMPLETE
906,0.5790383100509644,2025-04-07 01:18:09.670024,2025-04-07 01:18:32.976345,0 days 00:00:23.306321,0.16186054671909128,0.2080021811778205,2,0.06493444118038269,0.05031561862112259,0.06631510794494148,0.09416078399545078,0.09870283557702966,0.07784965603267459,0.00525562166024377,27,76,0.09107854238588493,0.11602560773192773,False,False,False,1.4789052759334171e-08,COMPLETE
907,0.6168954610824585,2025-04-07 01:18:33.249858,2025-04-07 01:18:56.868013,0 days 00:00:23.618155,0.14656103768238676,0.17809477012185979,2,0.05536530594826882,0.03827776450191951,0.06791403777151654,0.09523269890684523,0.09616243059014729,0.07914354490838298,0.006403258566309193,27,80,0.08933902819594805,0.11191121507377237,False,False,False,1.0325655107410643e-08,COMPLETE
908,0.5362309217453003,2025-04-07 01:18:57.157752,2025-04-07 01:19:20.487061,0 days 00:00:23.329309,0.1827634535976172,0.16431174716656796,2,0.06956955923958373,0.059039923655090566,0.06904493234552266,0.09767927754098485,0.09441984926270894,0.08140687861524244,0.006687513706155972,27,81,0.09132895823290574,0.10809165027548776,False,False,False,1.5480546325853666e-08,COMPLETE
909,0.6195394992828369,2025-04-07 01:19:20.779418,2025-04-07 01:19:43.558962,0 days 00:00:22.779544,0.16175174672687012,0.19209948743622307,2,0.05472562216336681,0.04280451067201795,0.06633855565204247,0.09129393033961605,0.0980798087829421,0.07828224670473236,0.005279791422455634,26,84,0.09260911881835124,0.10202478509125579,False,False,False,1.010442770799251e-08,COMPLETE
