number,value,datetime_start,datetime_complete,duration,params_alpha-eval,params_alpha-train,params_batch-size,params_eps-eval,params_eps-train,params_lambda-actions-eval,params_lambda-actions-train,params_lambda-frames-eval,params_lambda-frames-train,params_learning-rate,params_n-epochs,params_n-frames,params_radius-gw,params_rho,params_std-feats,params_ub-actions,params_ub-frames,params_weight-decay,state
783,0.3968936204910279,2025-04-20 16:03:06.859074,2025-04-20 16:03:15.545337,0 days 00:00:08.686263,0.9153537754685495,0.0540582615844451,16,0.2135875984335851,0.1171001069841154,0.09609765638700536,0.07348727166272556,0.06752113432205185,0.08643720243773007,0.0005687141034510373,20,147,0.016710250095177778,0.27462716697363204,False,False,False,1.0245375977362944e-07,COMPLETE
784,0.6157097220420837,2025-04-20 16:03:15.800697,2025-04-20 16:03:24.508027,0 days 00:00:08.707330,0.8740113743090259,0.06875999771796261,16,0.216312547593402,0.11146722498400422,0.09964069984662965,0.06844335732239354,0.06416760557349308,0.08278582092603465,0.0006795415037716978,20,145,0.014545304755652258,0.2850499475773725,False,False,False,1.576544923877695e-07,COMPLETE
785,0.5969027996063233,2025-04-20 16:03:24.764195,2025-04-20 16:03:33.493503,0 days 00:00:08.729308,0.896474163608429,0.049332798192826245,16,0.2150472395343594,0.10451259200134905,0.0941650499049308,0.06785743193639973,0.06574780385243947,0.08533173721270679,0.0005885878348167847,20,150,0.014688847475592667,0.28911165673592304,False,False,False,2.4708298170786064e-07,COMPLETE
786,0.3809316456317902,2025-04-20 16:03:33.735442,2025-04-20 16:03:42.413467,0 days 00:00:08.678025,0.9182478370477126,0.026721677246148524,16,0.20278661634083717,0.09613446388757066,0.09435595358901884,0.07179980694876034,0.06321830703760915,0.081380196179605,0.0008475861054008938,19,145,0.016940969305920713,0.2792420806172106,False,False,False,1.2820430866148578e-07,COMPLETE
787,0.37814735174179076,2025-04-20 16:03:42.670427,2025-04-20 16:03:51.587445,0 days 00:00:08.917018,0.37603223076205017,0.06499553890356301,16,0.19468155273470458,0.1040398924898832,0.09445602095394616,0.07033672134326087,0.06174555386371204,0.08798931155000281,0.0005422979414306904,21,150,0.08608738960057424,0.29359271374100177,False,False,False,2.0483341056761864e-07,COMPLETE
788,0.5406641721725464,2025-04-20 16:03:51.830050,2025-04-20 16:04:00.445685,0 days 00:00:08.615635,0.8771948239247725,0.0850912127601974,16,0.20241848872351206,0.11660202121756284,0.0920980173540442,0.0667640624536098,0.06636581262626899,0.08407592006141983,0.0005000724853749387,19,143,0.012128957907989759,0.2734707519307382,False,False,False,2.394362000230257e-07,COMPLETE
789,0.09209455996751786,2025-04-20 16:04:00.703937,2025-04-20 16:04:09.049834,0 days 00:00:08.345897,0.8765706643638702,0.06084962697639654,16,0.20912572687581374,0.09685625130373007,0.09780194127609627,0.07173823146820134,0.06784862994927711,0.08035664766625424,0.00044583721333880564,21,147,0.015444290977765248,0.28117600402109144,False,False,True,1.7560146993418845e-07,COMPLETE
790,0.582692551612854,2025-04-20 16:04:09.308008,2025-04-20 16:04:18.014569,0 days 00:00:08.706561,0.9486597619657466,0.08196995113873311,16,0.18397197102453822,0.1308919695253393,0.0914760338178373,0.06861851456516893,0.06484654794902203,0.08245156510164686,0.0006900494673070393,19,143,0.009966579447742598,0.28624641229440834,False,False,False,2.42574215887743e-07,COMPLETE
791,0.2311957746744156,2025-04-20 16:04:18.259755,2025-04-20 16:04:26.444128,0 days 00:00:08.184373,0.936279197699573,0.03350036078094256,16,0.21917415213287275,0.09205495477618947,0.09697224467583665,0.06605931665820242,0.040504667940651704,0.08672201746306098,0.0004199260312902298,20,148,0.01735518219350931,0.29296440520976363,False,True,False,2.66433018447819e-07,COMPLETE
792,0.28889183402061464,2025-04-20 16:04:26.702593,2025-04-20 16:04:35.613792,0 days 00:00:08.911199,0.8667565298470423,0.010053462832092797,16,0.2104918730351597,0.12201291075744052,0.09030106664417521,0.07560622995373466,0.060864227347078866,0.08392104104857062,0.0005971989139929641,22,145,0.013965735114090713,0.274164446561119,False,False,False,1.304576468199257e-07,COMPLETE
793,0.26157006025314333,2025-04-20 16:04:35.875057,2025-04-20 16:04:44.361558,0 days 00:00:08.486501,0.8975949831905236,0.053135455275003456,16,0.1986054563296011,0.10794328862562769,0.09266239963728339,0.06972191001487611,0.05618142611984791,0.09059456701354086,0.00037823326765561876,18,150,0.012124347638379933,0.2704727126843665,False,False,False,3.0783575921069384e-07,COMPLETE
794,0.5759264469146729,2025-04-20 16:04:44.609011,2025-04-20 16:04:53.616022,0 days 00:00:09.007011,0.9027227766885121,0.08892818343204514,16,0.23795809827460154,0.11283115422660422,0.08951888115718219,0.06460143712309899,0.05885056805110398,0.08166253832783683,0.001331602692819528,23,142,0.015870629504905063,0.2795181837645619,False,False,False,1.5709575559371893e-07,COMPLETE
795,0.6123823761940003,2025-04-20 16:04:53.872145,2025-04-20 16:05:02.688166,0 days 00:00:08.816021,0.8710201033211177,0.07160466433847494,16,0.2217113828683747,0.12076531993788449,0.09588737176079201,0.0668296919034961,0.06347684175125202,0.07967476568169043,0.000516582703113532,20,147,0.017463054154693826,0.15570833663581346,False,False,False,1.1347665143167183e-06,COMPLETE
796,0.5059844851493835,2025-04-20 16:05:02.948033,2025-04-20 16:05:11.707699,0 days 00:00:08.759666,0.8880284354717743,0.09253021258801417,16,0.20721143976813683,0.12576010363081036,0.08818343416073782,0.067277609185593,0.06831394703513498,0.0843271403909431,0.00036956201021575027,20,145,0.014571051082176692,0.2933209557125711,False,False,False,8.181849777430351e-08,COMPLETE
797,0.39397940635681156,2025-04-20 16:05:11.952680,2025-04-20 16:05:20.988377,0 days 00:00:09.035697,0.9238895318420217,0.04774706203803311,16,0.21277710200929084,0.11466033377019329,0.0902127629270978,0.07378262525690896,0.0623202887889239,0.07806403352062001,0.0006589314504452649,19,141,0.0128738905921488,0.2699953877641383,True,False,False,9.215667307746134e-07,COMPLETE
798,0.5204320788383484,2025-04-20 16:05:21.247828,2025-04-20 16:05:29.807639,0 days 00:00:08.559811,0.9670766286029918,0.07198221107328777,16,0.23270637987605233,0.10706229168124995,0.08672232585874007,0.07080381882457448,0.06500172227622436,0.08857407023697658,0.000479369724554548,18,150,0.00985136419975255,0.2877575274841226,False,False,False,3.178715725139641e-07,COMPLETE
799,0.3705563664436341,2025-04-20 16:05:30.069827,2025-04-20 16:05:38.827941,0 days 00:00:08.758114,0.8629192429690724,0.03295647698759293,16,0.2227723609139724,0.09308564303182647,0.09230903357587064,0.06822159237523934,0.06694005283000468,0.08195171673344544,0.0004289813976069042,21,145,0.016820547874797184,0.2942120700368446,False,False,False,2.48484413767124e-07,COMPLETE
800,0.5356121301651001,2025-04-20 16:05:39.074604,2025-04-20 16:06:00.451882,0 days 00:00:21.377278,0.8871332699065806,0.09277884662659129,2,0.21948426551721617,0.1045095758299237,0.09335281561964877,0.06428752322078728,0.05988755568723788,0.07999253309613663,0.0003396828955423444,23,140,0.014285971486898256,0.2841393146427865,False,False,False,2.0110535582788353e-07,COMPLETE
801,0.5288980126380921,2025-04-20 16:06:00.711608,2025-04-20 16:06:09.568981,0 days 00:00:08.857373,0.9064622907951906,0.05816089614333882,16,0.1253497481214953,0.12758597441801994,0.09131209778979818,0.0648771030853852,0.08314179673000038,0.08486867725186739,0.000998060833313811,21,147,0.017706695163353717,0.27727722671594174,False,False,False,1.3186760901676882e-06,COMPLETE
802,0.3340898394584656,2025-04-20 16:06:09.831390,2025-04-20 16:06:18.528204,0 days 00:00:08.696814,0.9967404244839954,0.07671457594513127,16,0.2257869268490459,0.11865854737844928,0.08838185947416234,0.06304057366081975,0.06888339018012707,0.07756236637290027,0.000576534402477498,20,143,0.09292425868867726,0.11692898069092805,False,False,False,8.6364970114159e-07,COMPLETE
803,0.6068205118179322,2025-04-20 16:06:18.776327,2025-04-20 16:06:27.726262,0 days 00:00:08.949935,0.8615635962188057,0.0970257694571217,16,0.2008508840098516,0.10150394964963051,0.08661724344634182,0.06926361928318259,0.06218750601573995,0.04670486571007752,0.0008070825791138094,22,147,0.008968027964674958,0.2999719208016885,False,False,False,3.806782446415755e-07,COMPLETE
804,0.2701132416725159,2025-04-20 16:06:27.990692,2025-04-20 16:06:36.255306,0 days 00:00:08.264614,0.9356972952082686,0.05102848001427938,16,0.13892501438456806,0.1125084912642503,0.08800187697945769,0.0664483988740116,0.058063260681370826,0.08598562457306862,0.00039206143564092044,16,139,0.01182365321017608,0.2693617831600946,False,False,False,1.7877793178913076e-07,COMPLETE
805,0.5498056292533875,2025-04-20 16:06:36.504052,2025-04-20 16:06:45.212794,0 days 00:00:08.708742,0.8770337406170163,0.07460541626936552,16,0.21872064038729494,0.10709109644412215,0.09019270456335553,0.07152910271113383,0.06559213325415414,0.08282729388617147,0.0005263819879947953,19,143,0.014990444159501848,0.2881529401509917,False,False,False,2.889032823205864e-07,COMPLETE
806,0.6045454144477844,2025-04-20 16:06:45.473010,2025-04-20 16:06:54.630732,0 days 00:00:09.157722,0.8542925428323672,0.09665083947799522,16,0.2071926205781536,0.1595446846932493,0.095473849140695,0.06321935728849297,0.06388563679976092,0.0780615748990186,0.00034935553620058136,24,150,0.016138247927074564,0.27888848849622944,False,False,False,7.290239221339127e-07,COMPLETE
807,0.36073518395423887,2025-04-20 16:06:54.895060,2025-04-20 16:07:03.647086,0 days 00:00:08.752026,0.911209275125529,0.04362954278616974,16,0.11909380397097137,0.09780433407705184,0.0855963282734794,0.0658967644490411,0.0668955234361801,0.08058487814856069,0.00045603020996431753,20,145,0.013160481365475676,0.2942613091538088,False,False,False,1.1368223569799004e-07,COMPLETE
808,0.28837398886680604,2025-04-20 16:07:03.897570,2025-04-20 16:07:12.669911,0 days 00:00:08.772341,0.8913477618760356,0.06412507474994195,16,0.2142342873300214,0.1243767939827544,0.08935802642539853,0.06904348631504054,0.06971274684116224,0.08256534105357423,0.0003326257391781206,20,140,0.018227319654017544,0.27234867529019674,False,False,False,5.823289764991977e-07,COMPLETE
809,0.10525741875171662,2025-04-20 16:07:12.931157,2025-04-20 16:07:20.994831,0 days 00:00:08.063674,0.854756659592177,0.028172857883224267,16,0.21382965814978436,0.11679142443415301,0.08644886257998066,0.06525462189339264,0.06070061082577471,0.08820024751094004,0.000605832640874721,19,147,0.06073241081260912,0.28421526476676306,False,False,True,2.2462763803879498e-07,COMPLETE
810,0.1944265902042389,2025-04-20 16:07:21.258392,2025-04-20 16:07:42.732479,0 days 00:00:21.474087,0.8834321684473835,0.10378069611017803,2,0.2476686143773557,0.1322567561214303,0.0916704141489932,0.061981748558511754,0.05478932696961995,0.07941838020510329,0.00042296300446385436,28,143,0.010768757848778822,0.28981734977588697,False,True,False,1.0818958904885244e-06,COMPLETE
811,0.559813666343689,2025-04-20 16:07:42.983868,2025-04-20 16:07:51.729262,0 days 00:00:08.745394,0.9188956163086454,0.874456063893191,16,0.0903951700223821,0.14119919803476175,0.0886109254860567,0.07246451528534686,0.06473704848559228,0.09319330521312219,0.0004834735799639024,20,139,0.01401198138006178,0.26980274509451496,False,False,False,1.0604507946288908e-08,COMPLETE
812,0.6065733432769775,2025-04-20 16:07:51.991181,2025-04-20 16:08:00.402542,0 days 00:00:08.411361,0.8684858164005593,0.08449655434976086,16,0.2846886113609477,0.089202940843017,0.08585368018070365,0.08014038955156848,0.06791086168848583,0.0860565913930527,0.0011235496402423513,17,147,0.015876203831769173,0.299956156889873,False,False,False,3.47218564157995e-07,COMPLETE
813,0.5465066075325012,2025-04-20 16:08:00.668431,2025-04-20 16:08:09.588058,0 days 00:00:08.919627,0.8501264725127936,0.8124322326772977,16,0.1307615738988671,0.08737626235975758,0.09361185003511667,0.0674206146971664,0.06222963568966319,0.08135380997248784,0.0003488197209890155,22,142,0.011674945652542705,0.27646038496221065,False,False,False,8.369839535681487e-07,COMPLETE
814,0.4063058316707611,2025-04-20 16:08:09.839092,2025-04-20 16:08:17.472172,0 days 00:00:07.633080,0.8980105828633345,0.062124737920865855,16,0.23115943881846074,0.10901795226643687,0.08993642365668836,0.06387852561322593,0.058638933121437316,0.07736719622835125,0.0007937596598720418,9,150,0.017986042315041924,0.2666873436990874,False,False,False,1.5933967016510153e-07,COMPLETE
815,0.38130681514739995,2025-04-20 16:08:17.737055,2025-04-20 16:08:26.861448,0 days 00:00:09.124393,0.8755224657789843,0.10584472259377187,16,0.2277396661010327,0.08403228234569188,0.09698922055382682,0.06956241538944077,0.023013051301155562,0.090912810019914,0.0003959481953026483,21,145,0.008623708906241066,0.28352575310782635,True,False,False,4.6519772101678724e-07,COMPLETE
816,0.5273151755332947,2025-04-20 16:08:27.122765,2025-04-20 16:08:35.887957,0 days 00:00:08.765192,0.9411045765166383,0.07987745110011238,16,0.10711692539415239,0.12427043706631008,0.08726987942425683,0.061360090025292253,0.06393226409460545,0.08022931797623574,0.0006693962797970275,21,142,0.013602436635980326,0.2920686942656174,False,False,False,1.939683119010881e-07,COMPLETE
817,0.6401472091674805,2025-04-20 16:08:36.136697,2025-04-20 16:08:45.316644,0 days 00:00:09.179947,0.8531496143780508,0.048507165750947656,16,0.18886766514535075,0.1014590991237771,0.0925766500655284,0.06709676708884961,0.06613661246949293,0.08253026233237414,0.0005116695105538516,25,138,0.015585905695802016,0.2807424151898172,False,False,False,2.882454790687393e-07,COMPLETE
818,0.3132146894931793,2025-04-20 16:08:45.578767,2025-04-20 16:08:55.090116,0 days 00:00:09.511349,0.8632420811210526,0.024154352960390743,16,0.18602897179215835,0.1050147829528276,0.0937832948261355,0.06531206823451091,0.0686082315348463,0.08313330805536887,0.0005507699420977821,28,136,0.018506311617186737,0.2738146935931481,False,False,False,6.389330067173886e-07,COMPLETE
819,0.36276628971099856,2025-04-20 16:08:55.357410,2025-04-20 16:09:04.543362,0 days 00:00:09.185952,0.8522404436710442,0.042856043670804186,16,0.19836970070093257,0.08130079589284656,0.09514673367726872,0.06295057670099138,0.06628606650371148,0.07865425453407822,0.0005691925077139673,25,138,0.016157494512912395,0.27976974672461846,False,False,False,3.920945928162889e-07,COMPLETE
820,0.42965611815452576,2025-04-20 16:09:04.797816,2025-04-20 16:09:13.861539,0 days 00:00:09.063723,0.8830281216128192,0.028255621694195675,16,0.1153105871541423,0.08480289805647444,0.09359206316039977,0.06647420536811631,0.06911089234026085,0.08101626179471974,0.0007685100389625694,24,137,0.019561597399950885,0.26612697031935,False,False,False,1.0337129076594002e-06,COMPLETE
821,0.6007568836212158,2025-04-20 16:09:14.126578,2025-04-20 16:09:36.280699,0 days 00:00:22.154121,0.8557189440031596,0.049735485286205305,2,0.19620993899338346,0.09757575872726063,0.09130198680745527,0.06159306481589876,0.06672491814728203,0.07893542547930311,0.0006632172011871373,24,148,0.017322046890388965,0.2752996796044289,False,False,False,5.18716239143997e-07,COMPLETE
822,0.23789360821247102,2025-04-20 16:09:36.545859,2025-04-20 16:09:43.794829,0 days 00:00:07.248970,0.9090659374800123,0.6316195448617796,16,0.19361933048037205,0.10011741127627857,0.0979569887773555,0.06448370276316245,0.07013789225213925,0.07731501894279934,0.00048767658030289925,5,138,0.015753829662146248,0.17029915121259168,False,False,False,7.737397333735946e-07,COMPLETE
823,0.5972106575965881,2025-04-20 16:09:44.065721,2025-04-20 16:09:52.686899,0 days 00:00:08.621178,0.5849970329254013,0.05556024609493906,16,0.08536604218176902,0.10431789057691361,0.09145092708940385,0.07116546134973603,0.06615931302197782,0.08358920064266843,0.0005307479173277928,19,150,0.01885022899239336,0.26771061188585565,False,False,False,2.2930030697452471e-07,COMPLETE
824,0.2703938722610474,2025-04-20 16:09:52.942150,2025-04-20 16:10:02.258322,0 days 00:00:09.316172,0.8470433944675706,0.010708758850944092,16,0.0942586852258615,0.10411933907238168,0.09586596589958812,0.06704070169742216,0.06744463655531502,0.08134848781668678,0.0004417362494122216,25,145,0.01587488645811731,0.14597478056248522,False,False,False,1.2446354590643356e-06,COMPLETE
825,0.5196448326110841,2025-04-20 16:10:02.525007,2025-04-20 16:10:11.516595,0 days 00:00:08.991588,0.8677617770423294,0.44930753764292997,16,0.1866944378676716,0.0934018942818253,0.09286069970053265,0.0639096921780644,0.07880704512926363,0.07999268696221137,0.0006595110257516055,23,140,0.014495352291874236,0.28250094816206084,False,False,False,3.3000433950684464e-07,COMPLETE
826,0.4010734140872956,2025-04-20 16:10:11.786238,2025-04-20 16:10:20.936062,0 days 00:00:09.149824,0.8981307746127493,0.0323675609431425,16,0.18910923929396875,0.09021902223081987,0.09434920778697255,0.06080598369870923,0.06988320779251131,0.07722530239807791,0.0008594780178853229,24,147,0.01798734929351686,0.2766231777416805,False,False,False,4.2478522662548304e-07,COMPLETE
827,0.09596768617630005,2025-04-20 16:10:21.192802,2025-04-20 16:10:29.817284,0 days 00:00:08.624482,0.8458506873426771,0.05990285541778417,16,0.2043091017186282,0.09167477296837953,0.09105777397210091,0.07011039838294349,0.0650606617054944,0.05372624281241537,0.0004898886780200368,25,144,0.016878793250956207,0.26502381116555207,False,False,True,6.490193949409545e-07,COMPLETE
828,0.31956027150154115,2025-04-20 16:10:30.085765,2025-04-20 16:10:38.571525,0 days 00:00:08.485760,0.9666182000106652,0.06976816638579832,16,0.11064970006957946,0.09911050865029275,0.08937362017116302,0.06849031192808634,0.07150802278986217,0.08259626849898158,0.0004147414538743333,18,136,0.014034474770753579,0.2719701759957348,False,False,False,1.2578323652383068e-07,COMPLETE
829,0.2026299595832825,2025-04-20 16:10:38.842957,2025-04-20 16:10:46.991707,0 days 00:00:08.148750,0.8777839325016302,0.03820754218345766,16,0.1240228973891165,0.0961485593659207,0.09347141209433446,0.062340709401673,0.0680641059743255,0.07692473185865731,0.0005965362764722668,21,140,0.020174163158681372,0.27987841690901916,False,True,False,2.9068389321794903e-07,COMPLETE
830,0.6142040252685548,2025-04-20 16:10:47.247288,2025-04-20 16:10:56.867789,0 days 00:00:09.620501,0.8440136494016427,0.0772585829272755,16,0.1670906624373971,0.0760324319072496,0.0916719708792581,0.07391562345465462,0.06494853107420152,0.09512133581717788,0.0003897279025900229,29,147,0.015885662677808516,0.28699333566086693,False,False,False,1.947308915601347e-07,COMPLETE
831,0.35228259563446046,2025-04-20 16:10:57.136332,2025-04-20 16:11:06.247486,0 days 00:00:09.111154,0.8909020277643258,0.049248418780734105,16,0.14584027767355606,0.2706244936241824,0.09738366665175532,0.06569295398662653,0.06340256454452034,0.08385768364000724,0.0005343980971196878,23,143,0.01781645903319633,0.26341741476228137,False,False,False,4.5582516196074473e-07,COMPLETE
832,0.6155195116996766,2025-04-20 16:11:06.520053,2025-04-20 16:11:16.081109,0 days 00:00:09.561056,0.48271907909483597,0.08341190509166779,16,0.08616239790222202,0.08041725494898162,0.013514892686654997,0.05985943434227714,0.06619321477972763,0.07968021319134863,0.00033446399815780545,28,150,0.014521567116802485,0.2740600112905356,False,False,False,5.5184075525473784e-08,COMPLETE
833,0.4785875797271729,2025-04-20 16:11:16.337494,2025-04-20 16:11:37.132038,0 days 00:00:20.794544,0.9289199261245362,0.2653045252433821,2,0.10221602192846517,0.0770277541447735,0.08849972908826424,0.06385377587010538,0.06862803931478757,0.0820437795854781,0.00045177238830293193,22,145,0.013083489419034321,0.268926681987807,False,False,False,8.518607982836579e-07,COMPLETE
834,0.2925132930278778,2025-04-20 16:11:37.402154,2025-04-20 16:11:46.288968,0 days 00:00:08.886814,0.8683708580591032,0.06385060378621872,16,0.09731698752487532,0.0718834975465608,0.09035700029548205,0.06747543795862103,0.06404953211789227,0.02256683263125568,0.0007116887655913468,19,141,0.0194411497449527,0.28242206318507707,True,False,False,1.504607747432417e-07,COMPLETE
835,0.3398707211017609,2025-04-20 16:11:46.561328,2025-04-20 16:11:55.607287,0 days 00:00:09.045959,0.9081682912442831,0.0400278795440743,16,0.08583168790490855,0.11019420308160113,0.09185674672803518,0.06548116844967419,0.07162268615017063,0.07893432865480521,0.0003456429881458919,23,139,0.0158747007404493,0.2632635317352719,False,False,False,6.284281002198047e-07,COMPLETE
836,0.5999497890472412,2025-04-20 16:11:55.864313,2025-04-20 16:12:05.443080,0 days 00:00:09.578767,0.8391333540356529,0.09013292938118089,16,0.09407136688196305,0.0992689087028833,0.09545495479897809,0.07205525466148921,0.06749186564526605,0.077135611499663,0.0004898711837353577,28,147,0.017277335988203718,0.28658963335585225,False,False,False,1.3936797175562858e-06,COMPLETE
837,0.373520040512085,2025-04-20 16:12:05.713694,2025-04-20 16:12:15.329815,0 days 00:00:09.616121,0.8668283081904451,0.06893397159962186,16,0.23873996313047638,0.07245475458967901,0.08780498591839005,0.06887213893420432,0.06586188335575807,0.03931076721667452,0.0005900032601908995,29,135,0.013206246420308146,0.27799280572591495,False,False,False,3.0621761846286305e-07,COMPLETE
838,0.4599443018436432,2025-04-20 16:12:15.602163,2025-04-20 16:12:25.139296,0 days 00:00:09.537133,0.8810928465765866,0.011362651914654978,16,0.13445289695686824,0.08775914246646839,0.09399041469542149,0.06202034110715827,0.06350469815096932,0.08112979738359025,0.09140169777605336,28,144,0.014355384192154787,0.2725258541964286,False,False,False,2.2889083822623821e-07,COMPLETE
