number,value,datetime_start,datetime_complete,duration,params_alpha-eval,params_alpha-train,params_batch-size,params_eps-eval,params_eps-train,params_lambda-actions-eval,params_lambda-actions-train,params_lambda-frames-eval,params_lambda-frames-train,params_learning-rate,params_n-epochs,params_n-frames,params_radius-gw,params_rho,params_std-feats,params_ub-actions,params_ub-frames,params_weight-decay,state
1289,0.24744051694869995,2025-04-20 17:30:29.618693,2025-04-20 17:30:37.483576,0 days 00:00:07.864883,0.9607261096925002,0.010387227091631004,16,0.28529901600709445,0.08989427630571094,0.09275899195793455,0.07930256311053722,0.021335507941192808,0.09190687997169404,0.002200579222824714,11,110,0.017968325868692844,0.2711653748209261,False,False,False,6.767798289562119e-08,COMPLETE
1290,0.6333076477050782,2025-04-20 17:30:37.896743,2025-04-20 17:30:51.449637,0 days 00:00:13.552894,0.9998568299046795,0.066179851116318,2,0.27828511257359184,0.0782052751792785,0.09587678834506315,0.08490610524295386,0.03329201795197123,0.09705295297807676,0.004522709037212897,10,116,0.019098501140235695,0.27790032749287935,False,False,False,3.134307048715034e-08,COMPLETE
1291,0.629350233078003,2025-04-20 17:30:51.863084,2025-04-20 17:30:59.911277,0 days 00:00:08.048193,0.9474567913524936,0.07656190261358978,16,0.28897090034037637,0.071329777932424,0.09055938104296996,0.09770311475540229,0.03642737264518527,0.09346305919782785,0.04647765632942811,13,119,0.015367813023779778,0.2877192115010994,False,False,False,4.107750269075725e-08,COMPLETE
1292,0.5181761384010315,2025-04-20 17:31:00.327394,2025-04-20 17:31:07.748354,0 days 00:00:07.420960,0.9800451557297785,0.0560037694865434,16,0.27678666349367853,0.09479588330883978,0.046865436620864204,0.09261173903970098,0.0250017123273345,0.09053438225588416,0.007146697633276268,7,107,0.020640640210914604,0.28236394940408377,False,False,False,1.0573222003214988e-07,COMPLETE
1293,0.4722525179386139,2025-04-20 17:31:08.163997,2025-04-20 17:31:23.012879,0 days 00:00:14.848882,0.9285941975327437,0.03726698938456951,2,0.28313362948922133,0.06439801874914675,0.09423050686364548,0.08111435643245934,0.026938309338120945,0.09491587096300846,0.0032797112646785944,12,113,0.017255506715703448,0.29260547951059085,False,False,False,7.880482509960897e-08,COMPLETE
1294,0.08823322057724,2025-04-20 17:31:23.427690,2025-04-20 17:31:30.637007,0 days 00:00:07.209317,0.9649147236410568,0.07627823776760774,16,0.29957705674499224,0.08505783338273384,0.0967510671575105,0.08859509434789603,0.02215280844088026,0.09996530678710565,0.002609318423468294,9,117,0.0235754402467091,0.2754843648719581,False,False,True,5.6398016352083503e-08,COMPLETE
1295,0.3803223788738251,2025-04-20 17:31:31.052008,2025-04-20 17:31:38.845934,0 days 00:00:07.793926,0.9096311971828608,0.027643194775886573,16,0.2663203355944177,0.08076738950971296,0.09255554621871787,0.08377301543382784,0.03190657052279069,0.0965226984763072,0.03884759680279564,11,70,0.019404687696470524,0.28730808125400537,False,False,False,8.695480117195525e-08,COMPLETE
1296,0.15393883883953097,2025-04-20 17:31:39.279029,2025-04-20 17:31:51.364159,0 days 00:00:12.085130,0.9462241552066039,0.22802987889591653,2,0.2910869051883733,0.0769909652698646,0.09807190014889834,0.086932403241533,0.041222526998879516,0.092551394681416,0.008930301176521589,10,111,0.021878821024319497,0.2821913939173365,False,True,False,1.2196418679289887e-07,COMPLETE
1297,0.22671713829040527,2025-04-20 17:31:51.786860,2025-04-20 17:31:59.254990,0 days 00:00:07.468130,0.9998433030060687,0.0550374242082677,16,0.2756486384074612,0.07212759957470095,0.09465671422273678,0.0913811730921759,0.03487427201980405,0.09784625567173942,0.004018544473737235,8,123,0.09731421012348032,0.29292564410554867,False,False,False,7.186897627802091e-08,COMPLETE
1298,0.40952643752098083,2025-04-20 17:31:59.673683,2025-04-20 17:32:07.636904,0 days 00:00:07.963221,0.9813226224964355,0.0419213375006427,16,0.28358436213295907,0.09429715196300656,0.09033545653474823,0.07965098126131108,0.028720509250907925,0.09510814987553157,0.0060782101146922216,12,115,0.01550157686855087,0.2717134160614689,False,False,False,3.9953128379225936e-08,COMPLETE
1299,0.6045341968536377,2025-04-20 17:32:08.054909,2025-04-20 17:32:22.230548,0 days 00:00:14.175639,0.9626520912917339,0.08047250947466256,2,0.27134890759141733,0.08364344217704683,0.09652159445617876,0.09564186755825657,0.02358214749332629,0.09317502265475099,0.004985359456502178,11,120,0.017734600511904994,0.2873194491892234,False,False,False,5.251854970581943e-08,COMPLETE
1300,0.6360741853713989,2025-04-20 17:32:22.647708,2025-04-20 17:32:30.470694,0 days 00:00:07.822986,0.9295089453251019,0.05663070616643474,16,0.2940995063770996,0.06638643860453951,0.09364395538967704,0.08317400121909056,0.030277881377581563,0.09019258083077156,0.01765917445446884,11,104,0.020021691687745747,0.28087410969706805,False,False,False,1.4577092053301355e-07,COMPLETE
1301,0.4528916716575623,2025-04-20 17:32:30.887905,2025-04-20 17:32:38.705681,0 days 00:00:07.817776,0.947341089424884,0.48778841420676927,16,0.2807936463216973,0.09118113495574832,0.03335537559939295,0.08566810554922381,0.026265373908617433,0.09656717057727834,0.0035034253058666073,10,109,0.014838460975373686,0.292133966026072,True,False,False,1.0287703351056501e-07,COMPLETE
1302,0.48904951810836794,2025-04-20 17:32:39.123143,2025-04-20 17:32:53.708261,0 days 00:00:14.585118,0.9086115387334422,0.025558296973594057,2,0.2876789403653179,0.07401225638601207,0.09818138215457964,0.08137668670478285,0.03286936673202051,0.09463446942036384,0.002087364384803981,12,114,0.01702292034877676,0.27918227813232427,False,False,False,6.548914794961037e-08,COMPLETE
1303,0.6205808758735657,2025-04-20 17:32:54.127443,2025-04-20 17:33:02.111317,0 days 00:00:07.983874,0.9782861206007029,0.06197550397506221,16,0.26897630553520896,0.08216624136370676,0.09505147879387611,0.07933374100939447,0.021014298027487437,0.0981927751015074,0.002933939254536416,13,118,0.021866942623061998,0.17620623192903279,False,False,False,8.440841077228511e-08,COMPLETE
1304,0.3616189479827881,2025-04-20 17:33:02.527629,2025-04-20 17:33:10.132492,0 days 00:00:07.604863,0.9636555476612322,0.04132135661891197,16,0.2776519773636941,0.20629967796202112,0.09294334226892317,0.08436034501650538,0.03487745584964503,0.09190278732648534,0.004116121089722976,9,112,0.01888588582507449,0.28690672539072826,False,False,False,4.783386133585623e-08,COMPLETE
1305,0.41303663253784184,2025-04-20 17:33:10.550770,2025-04-20 17:33:24.804442,0 days 00:00:14.253672,0.926831725935522,0.8128093213621086,2,0.2905883008583061,0.07745259783503715,0.09620451239198911,0.09764495775158784,0.03729515324044201,0.09624518901864279,0.005936681918088014,11,122,0.020698208419504004,0.29411946793206517,False,False,False,1.0895183799144211e-07,COMPLETE
1306,0.5800865173339844,2025-04-20 17:33:25.242556,2025-04-20 17:33:33.151788,0 days 00:00:07.909232,0.9455447310832508,0.07885208731101478,16,0.28386937661848705,0.06497912455040289,0.09161587385057146,0.08883804641299603,0.024558177234572785,0.09999374906058098,0.007159538554151608,12,116,0.024238609776011406,0.27558893743274737,False,False,False,3.141987069514281e-08,COMPLETE
1307,0.26807690858840943,2025-04-20 17:33:33.570769,2025-04-20 17:33:40.850284,0 days 00:00:07.279515,0.9854138294628013,0.024788960464730312,16,0.2753438111068782,0.08898357976725935,0.09780749541385525,0.08221654418860291,0.04724212492162252,0.09384842207649208,0.012622572874333628,6,108,0.017105177781688262,0.29406132312099237,False,False,False,6.653624218219697e-08,COMPLETE
1308,0.6074126362800598,2025-04-20 17:33:41.272457,2025-04-20 17:33:54.801978,0 days 00:00:13.529521,0.9639041936048055,0.06460283900335376,2,0.26319000082364913,0.07056788801003012,0.027897201603645085,0.0999633760980055,0.029509232190500084,0.09027961074306898,0.0023669797111610168,10,119,0.01893567710653006,0.2827255167463564,False,False,False,8.131033074755205e-08,COMPLETE
1309,0.41884406805038454,2025-04-20 17:33:55.220861,2025-04-20 17:34:03.025579,0 days 00:00:07.804718,0.9993589605471056,0.04461520910576361,16,0.2855395013630439,0.08454962653832157,0.012031679399882677,0.09466087198960259,0.027294301109605748,0.09804085865061407,0.004916106768643031,11,81,0.015364790817136426,0.28754706880003356,False,False,False,4.239704555772833e-08,COMPLETE
1310,0.6248730897903443,2025-04-20 17:34:03.445521,2025-04-20 17:34:11.344883,0 days 00:00:07.899362,0.9358446654741794,0.08736180999518614,16,0.2953652827272345,0.07762325099395836,0.09450677069576992,0.08583178664975913,0.03183514638652129,0.09494348910870505,0.003310414246199232,12,112,0.022644253645656323,0.2741982216795849,False,False,False,5.514371599674424e-08,COMPLETE
1311,0.60134859085083,2025-04-20 17:34:11.762352,2025-04-20 17:34:27.001295,0 days 00:00:15.238943,0.9082566662830788,0.05978209876531859,2,0.2793962621007554,0.08778804620347627,0.09826816841088414,0.07892550285285312,0.02253719162724631,0.09219599461508057,0.02753495484420946,13,115,0.017373040032183984,0.29446045353313755,False,False,False,1.198622011515402e-07,COMPLETE
1312,0.08655561804771425,2025-04-20 17:34:27.422418,2025-04-20 17:34:34.433338,0 days 00:00:07.010920,0.9806136034968888,0.029186306890663007,16,0.29988017152348884,0.09791696092719696,0.0957838975573659,0.09023789142287914,0.03336598402750179,0.0969784272852128,0.052747204186968474,7,124,0.02072754350376031,0.28169156102774373,False,False,True,9.704747449412603e-08,COMPLETE
1313,0.6338226914405823,2025-04-20 17:34:34.853362,2025-04-20 17:34:42.541008,0 days 00:00:07.687646,0.9504869758200623,0.08245066989178093,16,0.2713251407080128,0.07484726535844875,0.09258916499032693,0.08136068160858186,0.030664148010557904,0.09325661062730874,0.00188550108581123,10,106,0.019112355074515454,0.28822906174279694,False,False,False,6.682504631929615e-08,COMPLETE
1314,0.24665674567222595,2025-04-20 17:34:42.962263,2025-04-20 17:34:55.791008,0 days 00:00:12.828745,0.9632851588798482,0.039210572535694314,2,0.2896321369576184,0.0680105219452805,0.09031622393142912,0.08410127822870972,0.02510615619826545,0.09063909052809355,0.00398552854708855,11,120,0.015187824912608873,0.2711617779423844,False,True,False,1.4278785415977563e-07,COMPLETE
1315,0.6693920731544495,2025-04-20 17:34:56.232601,2025-04-20 17:35:03.840648,0 days 00:00:07.608047,0.9298170509469615,0.061227713970837934,16,0.28413955432416,0.08148393012209164,0.09506929857405588,0.08024032292238589,0.021111794429071136,0.09548554898539423,0.01006450767477673,9,111,0.01705188930179314,0.27914107119086945,False,False,False,4.8194208165740023e-08,COMPLETE
1316,0.6455958962440491,2025-04-20 17:35:04.268031,2025-04-20 17:35:11.734200,0 days 00:00:07.466169,0.9145376779509181,0.07472195581932524,16,0.2736682265633008,0.09581777105233381,0.098389612074476,0.07935391244187094,0.02013230421968679,0.09445377633975893,0.00830985476948048,8,110,0.014451742747002649,0.2934757561808743,False,False,False,3.508623732115952e-08,COMPLETE
1317,0.6693621873855592,2025-04-20 17:35:12.162039,2025-04-20 17:35:19.799034,0 days 00:00:07.636995,0.9260645127267226,0.08874409735695417,16,0.2810842672678823,0.09014786541047379,0.09663923551995597,0.08050135058849754,0.02224101167332323,0.09220599975477745,0.0068233706575150255,9,103,0.015153393815402701,0.2866608736823381,False,False,False,3.0528817125216066e-08,COMPLETE
1318,0.6740384459495545,2025-04-20 17:35:20.221888,2025-04-20 17:35:27.843842,0 days 00:00:07.621954,0.911385782222911,0.0777376413108721,16,0.26826371787705056,0.09614213236253318,0.09830640391702757,0.0789346785226433,0.022055579631172807,0.08867179454097285,0.009734969062581344,9,102,0.014349712852280238,0.2890070538424604,False,False,False,3.646777437282985e-08,COMPLETE
1319,0.548795223236084,2025-04-20 17:35:28.270741,2025-04-20 17:35:35.974209,0 days 00:00:07.703468,0.9044036383032587,0.09242543612353518,16,0.2622414016779702,0.09903910675328943,0.09823343187612396,0.07970583189696487,0.02276603067231423,0.08877447703250228,0.007051488617376481,9,103,0.014445992753637244,0.295051998120812,True,False,False,3.6976706417161046e-08,COMPLETE
1320,0.6837190508842469,2025-04-20 17:35:36.395961,2025-04-20 17:35:44.096089,0 days 00:00:07.700128,0.9012403419308009,0.0854612752745934,16,0.2647396178609178,0.09512929715662627,0.0983312439247508,0.08049567352511243,0.021386921364343114,0.0894037399405451,0.011044669634854207,9,100,0.013590863635493673,0.2942198518759127,False,False,False,2.8290830251331746e-08,COMPLETE
1321,0.680349862575531,2025-04-20 17:35:44.517060,2025-04-20 17:35:52.132641,0 days 00:00:07.615581,0.903589266190633,0.08539097914758288,16,0.2634434094073599,0.09634644764318749,0.09764331468201339,0.07956915739653142,0.02072655277512767,0.08870060128598559,0.011221675334084875,9,97,0.013350078975044869,0.2940927519710965,False,False,False,2.743058205515315e-08,COMPLETE
1322,0.6569584846496582,2025-04-20 17:35:52.560636,2025-04-20 17:36:00.206533,0 days 00:00:07.645897,0.9028524885262931,0.09205695066677055,16,0.261550764183174,0.10059202936705444,0.09859069337420447,0.08033689452494236,0.023292918022618406,0.08853964978462595,0.01083421228456909,9,97,0.013186726836841097,0.2950704008896488,False,False,False,2.733540802537942e-08,COMPLETE
1323,0.6451751470565796,2025-04-20 17:36:00.654555,2025-04-20 17:36:08.285414,0 days 00:00:07.630859,0.9057279466735368,0.09372745950612622,16,0.2648964563677322,0.10036557116371682,0.09888923187508016,0.0811085007671282,0.02103082288286507,0.08900522895812019,0.008722097353907735,9,97,0.01503963421176991,0.29477260378897846,False,False,False,2.3501847810222793e-08,COMPLETE
1324,0.6100494265556335,2025-04-20 17:36:08.714434,2025-04-20 17:36:16.218828,0 days 00:00:07.504394,0.9044329962616884,0.09687976692474116,16,0.2606347912114886,0.09852830623306756,0.09990948455207081,0.08228539891282585,0.020971263288029805,0.08777172879145377,0.010288074801429046,8,93,0.012702479474869698,0.29501781257179827,False,False,False,2.6821778270268585e-08,COMPLETE
1325,0.49052306413650515,2025-04-20 17:36:16.648409,2025-04-20 17:36:24.268210,0 days 00:00:07.619801,0.9021274040537575,0.31603839846970094,16,0.26734198209354443,0.0993674700099749,0.09827387773938323,0.08059723338991072,0.02312826085359467,0.09008501182556115,0.01238014288285171,9,101,0.013437520625654039,0.2901026277528247,False,False,False,2.5493705960860062e-08,COMPLETE
1326,0.6290045380592346,2025-04-20 17:36:24.695563,2025-04-20 17:36:32.203611,0 days 00:00:07.508048,0.047505756039453506,0.08761229014206943,16,0.2687901499483104,0.0945886063213186,0.09843058184133897,0.07917432571089711,0.02388562147408592,0.08907706942887582,0.011975595030899797,8,99,0.013864227340301178,0.2896834548066003,False,False,False,2.390190165479027e-08,COMPLETE
1327,0.6740571975708008,2025-04-20 17:36:32.629815,2025-04-20 17:36:40.213889,0 days 00:00:07.584074,0.9059555000808336,0.08673003024323483,16,0.2575548906562436,0.09610207257971218,0.09815300241154591,0.08248255781909655,0.021698211672367615,0.09078964903477621,0.015257606330967904,9,99,0.013581695010408103,0.29504699341726703,False,False,False,2.5041870040376034e-08,COMPLETE
1328,0.6762977361679078,2025-04-20 17:36:40.641006,2025-04-20 17:36:48.218168,0 days 00:00:07.577162,0.9029670516794333,0.09200713022791115,16,0.25933228573422085,0.097544938239246,0.09982040212238387,0.08246567880413042,0.020392306957013592,0.09023418098940914,0.013422953090678072,9,98,0.013584093393895588,0.2952788265442943,False,False,False,2.2891815471479266e-08,COMPLETE
1329,0.6373559236526489,2025-04-20 17:36:48.651163,2025-04-20 17:36:56.274583,0 days 00:00:07.623420,0.899896306580521,0.10852013851730366,16,0.2588946670371776,0.10227498678763527,0.09880756252863716,0.0823614621224954,0.02087026943539879,0.09016160371116393,0.012948159327454217,9,97,0.013263843829901789,0.2958634421855883,False,False,False,2.5184812301803424e-08,COMPLETE
1330,0.6539760112762452,2025-04-20 17:36:56.699649,2025-04-20 17:37:04.293018,0 days 00:00:07.593369,0.8993605906588464,0.09651864410575287,16,0.2580228339703911,0.09852633117071809,0.09929968872474286,0.08112596370972847,0.020786546234567518,0.08870814656060134,0.015490788797182367,9,93,0.012946370173377303,0.2963279215941386,False,False,False,1.737510199073093e-08,COMPLETE
1331,0.6441305160522461,2025-04-20 17:37:04.720028,2025-04-20 17:37:12.318708,0 days 00:00:07.598680,0.9047091568312271,0.09464706074655557,16,0.2593348533926776,0.09771535738130838,0.09841998134125556,0.0827076324020252,0.02055228918244376,0.08816655358574808,0.01113987397155412,9,99,0.011834437033683805,0.2952852537920018,False,False,False,2.251277386186075e-08,COMPLETE
1332,0.6539855837821961,2025-04-20 17:37:12.765004,2025-04-20 17:37:20.341167,0 days 00:00:07.576163,0.9116214949541361,0.0925851303342364,16,0.26241307947803744,0.10485577786990882,0.09816502838064345,0.08078878773650328,0.0221312926618214,0.09048823151643838,0.013147884899092101,9,96,0.012329531307900793,0.29580160119714366,False,False,False,1.958890356925304e-08,COMPLETE
1333,0.1771708369255066,2025-04-20 17:37:20.771844,2025-04-20 17:37:27.978987,0 days 00:00:07.207143,0.8964934384398233,0.10167159263047505,16,0.26200263090949794,0.09880892475366218,0.09971725442386008,0.08256797743141486,0.023845113529846577,0.0874264009656591,0.0168344348925904,9,100,0.010075285651612012,0.29980513516385393,False,False,True,1.8097021307669508e-08,COMPLETE
1334,0.6741598129272461,2025-04-20 17:37:28.413991,2025-04-20 17:37:36.015814,0 days 00:00:07.601823,0.9057923019999585,0.08933917892803334,16,0.26401884488515825,0.0956822702193202,0.09987334960902165,0.08363242956248568,0.02050993415946815,0.09102403558607133,0.014861762616004314,9,99,0.013817104827194029,0.2999380521749332,False,False,False,2.667558848751272e-08,COMPLETE
1335,0.24542115926742555,2025-04-20 17:37:36.444512,2025-04-20 17:37:43.540603,0 days 00:00:07.096091,0.919307060022852,0.10860731630481857,16,0.25918159750925407,0.10446144369414499,0.09990704754603331,0.07931631810996134,0.02074638235500923,0.0897329743000438,0.014633426413061928,9,99,0.01341783036993455,0.2950885037325585,False,True,False,1.915429672393197e-08,COMPLETE
1336,0.623872447013855,2025-04-20 17:37:43.970218,2025-04-20 17:37:51.587984,0 days 00:00:07.617766,0.8972982349372896,0.11149644911715209,16,0.25838259661688323,0.10412726682386737,0.09998137722979006,0.08114701021014646,0.019981068268919926,0.08755754249452696,0.013525986285968017,9,94,0.013360767778692478,0.29218587581454397,False,False,False,2.2438656392697186e-08,COMPLETE
1337,0.6469291925430298,2025-04-20 17:37:52.014584,2025-04-20 17:37:59.721792,0 days 00:00:07.707208,0.8997801955245437,0.08920849896365189,16,0.26413370080450366,0.09677404001261526,0.0986266652470513,0.08328081462189242,0.01992209761921901,0.09032795164966506,0.009651686940843176,9,96,0.011727450881560148,0.2993304468267438,False,False,False,2.5016172103483166e-08,COMPLETE
1338,0.6310128808021546,2025-04-20 17:38:00.156361,2025-04-20 17:38:07.733094,0 days 00:00:07.576733,0.9001026438822877,0.11131663682134806,16,0.2657379279812424,0.09408222356254071,0.09855866223030342,0.07899841324381265,0.02220776902816786,0.08782267345609536,0.016037124843767615,8,99,0.010500368001218039,0.2996196140738933,False,False,False,2.8792193448289338e-08,COMPLETE
1339,0.6540265560150147,2025-04-20 17:38:08.179304,2025-04-20 17:38:15.723595,0 days 00:00:07.544291,0.9052148581412868,0.09007509680723447,16,0.2566012391741453,0.0998066267454564,0.09947191217816824,0.0837387883257448,0.022397368180138634,0.0906435385356992,0.010835024854373028,8,101,0.013809656219838363,0.29444156472860317,False,False,False,2.727109793201828e-08,COMPLETE
1340,0.5377776622772217,2025-04-20 17:38:16.155727,2025-04-20 17:38:23.870229,0 days 00:00:07.714502,0.9028767913281414,0.08817493024841254,16,0.26461436896942514,0.10350029135410392,0.09979350663776544,0.08065287199751547,0.020608297616574463,0.09126137909527515,0.018247390055242903,9,102,0.01376613918007914,0.29516808084321927,True,False,False,2.1387020043199416e-08,COMPLETE
1341,0.5696602463722229,2025-04-20 17:38:24.305579,2025-04-20 17:38:31.998938,0 days 00:00:07.693359,0.917388550413637,0.11429091712985184,16,0.25656952007554035,0.095721852516886,0.097954830368622,0.08259068557670622,0.022994846037961605,0.08941770167060098,0.01097195750499333,9,90,0.011171466634118088,0.29956368848276116,False,False,False,1.680269049554308e-08,COMPLETE
1342,0.6851397156715393,2025-04-20 17:38:32.434401,2025-04-20 17:38:39.960986,0 days 00:00:07.526585,0.8940132630431603,0.09020875815853704,16,0.25350429515560324,0.096239274856965,0.09997323613697659,0.07851672071417475,0.019655172035896413,0.0911921532367931,0.015023581258829626,8,95,0.013886136926830807,0.2942407417295628,False,False,False,2.8410512620005855e-08,COMPLETE
1343,0.33707150220870974,2025-04-20 17:38:40.392691,2025-04-20 17:38:47.898074,0 days 00:00:07.505383,0.8950441639646802,0.1070236706007842,16,0.2527577274620868,0.10198740906500604,0.09982175681401746,0.07841856823032348,0.01973180394628015,0.08779713923480674,0.014926521014579943,8,96,0.00883035480676004,0.2956053153018009,False,False,False,1.956061951633871e-08,COMPLETE
