number,value,datetime_start,datetime_complete,duration,params_alpha-eval,params_alpha-train,params_batch-size,params_eps-eval,params_eps-train,params_lambda-actions-eval,params_lambda-actions-train,params_lambda-frames-eval,params_lambda-frames-train,params_learning-rate,params_n-epochs,params_n-frames,params_radius-gw,params_rho,params_std-feats,params_ub-actions,params_ub-frames,params_weight-decay,state
1707,0.6645387411117554,2025-04-07 06:16:13.662190,2025-04-07 06:16:37.370684,0 days 00:00:23.708494,0.08650341298018245,0.14890375419348548,2,0.05454773643272097,0.03771833752051247,0.08325017042134834,0.0896999698477239,0.09342999589800634,0.08183133927420012,0.008651569227245522,27,86,0.08580497426552698,0.12398569872686283,False,False,False,1.3838099707252615e-08,COMPLETE
1708,0.4866244912147522,2025-04-07 06:16:37.935658,2025-04-07 06:17:00.878986,0 days 00:00:22.943328,0.19535680826845062,0.21286757778319207,2,0.07512513965549572,0.024127891249838183,0.08633726804917288,0.09798481524000441,0.09614920304834446,0.08472677726585272,5.59859435075188e-05,26,90,0.09232851417485072,0.18311865166366406,True,False,False,1.8372160099836364e-08,COMPLETE
1709,0.5435566306114197,2025-04-07 06:17:01.421592,2025-04-07 06:17:12.151551,0 days 00:00:10.729959,0.06323244851744214,0.1324125637173911,2,0.018927431395921256,0.05677536994605422,0.06441524083570652,0.08227105491222472,0.09814495634150662,0.07794285952903023,0.004406444682596243,6,79,0.09674967483460706,0.11110254395523,False,False,False,1.4296462644455505e-08,COMPLETE
1710,0.6005527019500733,2025-04-07 06:17:12.714264,2025-04-07 06:17:21.544679,0 days 00:00:08.830415,0.10901295221328777,0.16085881862854692,16,0.04797800156666975,0.050866383847288046,0.07317855756837252,0.09252467570404459,0.01056309497660024,0.08026855296167781,0.003016775464206552,25,83,0.09019073312612781,0.10186555288940141,False,False,False,2.0859157507067782e-08,COMPLETE
1711,0.3750025570392609,2025-04-07 06:17:22.085294,2025-04-07 06:17:45.537328,0 days 00:00:23.452034,0.14200566172694198,0.1816277641368315,2,0.06712901943461969,0.07091359832828747,0.07905924548790791,0.09591593165671877,0.09512652538417916,0.07533049730322917,0.015122975265211471,27,96,0.09994667243141496,0.11618180848244009,False,False,False,3.026866753234027e-08,COMPLETE
1712,0.6442604303359986,2025-04-07 06:17:46.130856,2025-04-07 06:18:09.280701,0 days 00:00:23.149845,0.0828734354470291,0.1007863753911712,2,0.059171115703557826,0.043693019106959136,0.06642547038467658,0.09075429256306342,0.0999860465423975,0.08867186428484611,0.006980179142706364,26,87,0.09394957115689914,0.10633255034778559,False,False,False,1.678086794094203e-08,COMPLETE
1713,0.4066504657268525,2025-04-07 06:18:09.826101,2025-04-07 06:18:32.212945,0 days 00:00:22.386844,0.16731246010338927,0.08104275416103301,2,0.08457421030698445,0.030125232371203244,0.0749211863111452,0.08809729036326376,0.09289682666742531,0.08273071801562534,0.004821377602090644,25,92,0.0978087242169613,0.09597736555495937,False,False,False,4.6569206810263066e-08,COMPLETE
1714,0.35392155647277834,2025-04-07 06:18:32.785279,2025-04-07 06:18:52.794855,0 days 00:00:20.009576,0.1204693954683902,0.12092457609292077,2,0.027173933827605155,0.038166986112611795,0.07047579193554723,0.08467533886028715,0.09656290747133575,0.08550428144697653,0.010426635162199332,26,85,0.09541330941183594,0.12367967455435822,False,False,True,1.2157895054341693e-08,COMPLETE
1715,0.1273643597960472,2025-04-07 06:18:53.341709,2025-04-07 06:19:14.543316,0 days 00:00:21.201607,0.05242387351206925,0.1494509395026853,2,0.041129356809090585,0.047249659058624854,0.07743336396147234,0.09395182331052986,0.09103613815037265,0.07940110648589334,0.005379820484519801,28,81,0.08932484972656184,0.1292664528783602,False,True,False,1.4116360471769055e-08,COMPLETE
1716,0.4078723669052124,2025-04-07 06:19:15.110218,2025-04-07 06:19:36.931511,0 days 00:00:21.821293,0.10223478935000649,0.775920839813732,2,0.0752982146413573,0.06120319117751706,0.08146322920704736,0.0966875409866119,0.021330330388927985,0.0773974348573745,0.0038702323483452354,24,76,0.08711954853480967,0.11183591476861156,True,False,False,1.0029912314956965e-08,COMPLETE
1717,0.623621153831482,2025-04-07 06:19:37.483933,2025-04-07 06:20:01.106154,0 days 00:00:23.622221,0.07843450911624314,0.19925424361852787,2,0.06939786507260443,0.052499349930042245,0.07270610960236151,0.09199771048195658,0.09814253980680708,0.08153392730512206,0.008216050074012875,27,88,0.092152134281621,0.1189487989422304,False,False,False,0.00020052579010028347,COMPLETE
1718,0.662405025959015,2025-04-07 06:20:01.647115,2025-04-07 06:20:24.767320,0 days 00:00:23.120205,0.0402677197024796,0.16819651697414195,2,0.06179318854310323,0.04181821495182609,0.07603812451341602,0.08949558903901161,0.09478837047687276,0.08374063304995023,0.0063089269454514865,26,84,0.09069056505045614,0.10900396915035943,False,False,False,2.5439929180168625e-08,COMPLETE
1719,0.43416562080383303,2025-04-07 06:20:25.339431,2025-04-07 06:20:40.800674,0 days 00:00:15.461243,0.6517715735748776,0.6963852750957331,2,0.0524618411507089,0.03195721454855931,0.01493167972882925,0.09431450475367388,0.09817903054749634,0.08748432196686051,0.0034409491102519877,14,70,0.09676603091345957,0.27983762068928214,False,False,False,1.2304219733081124e-08,COMPLETE
1720,0.6130231618881226,2025-04-07 06:20:41.348422,2025-04-07 06:21:04.853880,0 days 00:00:23.505458,0.13230135916532018,0.1362764303566466,2,0.037663696057096394,0.05457573724643497,0.06879578161550574,0.09821701093900963,0.09544290327209963,0.08012423094981015,0.011985815369284333,27,90,0.09336243843802186,0.08391390914607866,False,False,False,1.7535922371763016e-08,COMPLETE
1721,0.6161471605300903,2025-04-07 06:21:05.424006,2025-04-07 06:21:24.566307,0 days 00:00:19.142301,0.09916539777586665,0.11118946254142047,2,0.09100182838996038,0.04608763639938381,0.07446693529656691,0.09259113158626246,0.02470380772855533,0.0739799571285447,0.004501616156149418,20,82,0.08144764969663285,0.17715993979657818,False,False,False,2.097878676272006e-08,COMPLETE
1722,0.47318284511566167,2025-04-07 06:21:25.120543,2025-04-07 06:21:47.548301,0 days 00:00:22.427758,0.06913104002685919,0.15231201780913853,2,0.07723665862554399,0.11675536019639716,0.0714267987997569,0.08595298913046544,0.053279632421646406,0.08563687562749073,0.001993994734835892,25,79,0.0851072132217153,0.12449531004971587,False,False,False,3.809635757690517e-08,COMPLETE
1723,0.6319347023963928,2025-04-07 06:21:48.115340,2025-04-07 06:22:11.123165,0 days 00:00:23.007825,0.11607926996528029,0.19246025249312515,2,0.06514537056895012,0.03634637673793366,0.07821937778409926,0.09527708504255122,0.09997660492967107,0.08272541612293105,0.00689271512990951,26,86,0.0951557774018345,0.1006700692225852,False,False,False,1.2295555630407472e-08,COMPLETE
1724,0.6179236054420472,2025-04-07 06:22:11.667866,2025-04-07 06:22:35.976880,0 days 00:00:24.309014,0.15533864328696598,0.1285416426024061,2,0.0311399673392617,0.06456639879073009,0.0732897314049854,0.09999607775321641,0.07795135817009047,0.07831248471821944,0.009152064113968301,28,93,0.08736675372491617,0.208413822195455,True,False,False,1.638151554931083e-08,COMPLETE
1725,0.3458990633487702,2025-04-07 06:22:36.546467,2025-04-07 06:22:56.158552,0 days 00:00:19.612085,0.44104229895667757,0.1767385354107184,2,0.05844226666369709,0.025492063221903005,0.06981715193901296,0.09088104523204542,0.09361420506174017,0.08099747211772612,0.0053849990120510335,25,89,0.09843242484937269,0.13593698890165448,False,False,True,2.01269721733939e-05,COMPLETE
1726,0.18138544857501984,2025-04-07 06:22:56.709345,2025-04-07 06:23:16.953369,0 days 00:00:20.244024,0.0913141377313754,0.09844410195629907,2,0.07043421346749315,0.04886621433076544,0.07633255574539818,0.08819210084235381,0.09668329868281367,0.09151395144328782,0.005996403282322414,26,84,0.09186081975640395,0.09027820654793567,False,True,False,2.381381801743894e-08,COMPLETE
1727,0.6021084189414978,2025-04-07 06:23:17.536598,2025-04-07 06:23:41.064380,0 days 00:00:23.527782,0.027231397140271348,0.3535710746941067,2,0.08170335981676292,0.04048897578090725,0.06737005074117361,0.09339820817996097,0.09008977408884515,0.0838952302377189,0.004020988220074672,27,75,0.0937466070125108,0.11696874837143577,False,False,False,1.4841007848195258e-08,COMPLETE
1728,0.4992924809455872,2025-04-07 06:23:41.616931,2025-04-07 06:24:04.740945,0 days 00:00:23.124014,0.9214746619424576,0.15028807853427448,2,0.047801793698674905,0.05873332485020688,0.07113970133007172,0.09592148442039901,0.09246555338917584,0.07929598577728629,0.004952169238095223,26,81,0.0022210983980001237,0.18758052447255377,False,False,False,1.2689967461699304e-08,COMPLETE
1729,0.37055422663688664,2025-04-07 06:24:05.289745,2025-04-07 06:24:29.558123,0 days 00:00:24.268378,0.13935423596238453,0.12485943874923677,2,0.05510084535757389,0.1721182689636599,0.07261698941327412,0.09069897174481789,0.09999267580226451,0.07631123565076044,0.013467452549620494,28,87,0.010869986957416145,0.10423444211100892,False,False,False,1.908286298853251e-08,COMPLETE
1730,0.6114516139030457,2025-04-07 06:24:30.126285,2025-04-07 06:24:52.393589,0 days 00:00:22.267304,0.06964116911510179,0.1690058969459921,2,0.012796134493366817,0.034952110324368825,0.07474514067334638,0.09693200837994521,0.09659469365838948,0.08693119133479296,0.007848342462796894,25,78,0.09043421718082609,0.11276251705685962,False,False,False,2.798282804404778e-08,COMPLETE
1731,0.5865362644195558,2025-04-07 06:24:52.939412,2025-04-07 06:25:00.878064,0 days 00:00:07.938652,0.1835364693130262,0.1408090837564219,16,0.07344076001478404,0.04492704862975539,0.0781657274138265,0.08347131119833558,0.09458379721700032,0.08230581001629253,0.009741416349356989,16,85,0.09585702001928284,0.1949176362535187,False,False,False,1.0077824813361764e-08,COMPLETE
1732,0.5859713554382324,2025-04-07 06:25:01.448347,2025-04-07 06:25:25.065801,0 days 00:00:23.617454,0.1160055674927695,0.21877191820587738,2,0.06483432414251561,0.05273014114497166,0.08072464424322981,0.09402906878743299,0.09780450315577392,0.08949237206708816,0.0027594468679877507,27,92,0.0896686275089975,0.12926056527127147,True,False,False,1.6439761822794597e-08,COMPLETE
1733,0.5683568954467774,2025-04-07 06:25:25.615427,2025-04-07 06:25:48.518131,0 days 00:00:22.902704,0.09886167311111818,0.07893884969643461,2,0.024843668196440336,0.030335463526715876,0.07431245696471912,0.08795608183999219,0.09578659811400933,0.08516841024228178,0.006928850580254125,26,82,0.092812928315073,0.0019746891148227086,False,False,False,2.0786612767708293e-08,COMPLETE
1734,0.6658293247222902,2025-04-07 06:25:49.092693,2025-04-07 06:26:10.786273,0 days 00:00:21.693580,0.050755476642306584,0.11154138422196597,2,0.04291201040898274,0.04091514831584074,0.0695869913967617,0.09239828278945576,0.09812553470434181,0.08025396641165214,0.003797916237169766,24,88,0.0980581165454302,0.12342472820187664,False,False,False,1.2255973824618674e-08,COMPLETE
1735,0.5489422917366028,2025-04-07 06:26:11.334824,2025-04-07 06:26:34.777545,0 days 00:00:23.442721,0.08317136724944878,0.19396496240350408,2,0.0339984534544032,0.04906509122996302,0.0761706008751385,0.08976820393737646,0.09285030330003242,0.07746624214854103,0.015829777072493417,27,97,0.0836885834285691,0.09855888129361629,False,False,False,1.0021643130769697e-08,COMPLETE
1736,0.22907742857933047,2025-04-07 06:26:35.351336,2025-04-07 06:26:54.954956,0 days 00:00:19.603620,0.12971307336054116,0.16074858374658485,2,0.060409060163892435,0.2634895022747692,0.07198674091333322,0.09520874486664721,0.09815684457824715,0.08269824489763945,0.005034701401826013,25,84,0.0883822832752575,0.11679752674853418,False,False,True,1.4761195927011464e-08,COMPLETE
1737,0.30131431818008425,2025-04-07 06:26:55.502253,2025-04-07 06:27:15.434679,0 days 00:00:19.932426,0.166247972681288,0.14119730942719616,2,0.17540974398647644,0.0571159558826604,0.07781068832435822,0.09817146358701657,0.0951108271911885,0.08073437924149021,0.006444198844778489,26,57,0.09469648209259095,0.08219309513937274,False,True,False,2.2786577410621785e-08,COMPLETE
1738,0.6148368477821351,2025-04-07 06:27:16.005296,2025-04-07 06:27:39.558163,0 days 00:00:23.552867,0.10108296566183661,0.17896473608151586,2,0.08396470661792509,0.02416519602986268,0.07299969402769159,0.08629178164945724,0.09999797008962566,0.07568856047481906,0.010985544800809023,27,80,0.09698728327355342,0.10964821597282201,False,False,False,1.7356176741267814e-08,COMPLETE
1739,0.5683568954467774,2025-04-07 06:27:40.106234,2025-04-07 06:28:02.977858,0 days 00:00:22.871624,0.06221962133822026,0.12013283354697822,2,0.06940105005630769,0.03756689730165842,0.06478015159865448,0.09194241123833975,0.0889653226498176,0.08441926691955726,0.004291219568291552,26,147,0.08649256453207495,0.10410961835119219,False,False,False,1.2348053701594258e-08,COMPLETE
1740,0.5766926169395448,2025-04-07 06:28:03.552345,2025-04-07 06:28:27.710425,0 days 00:00:24.158080,0.14782012687038834,0.23654272904638743,2,0.0769579510719885,0.04591874039311947,0.0751616227843625,0.05184887074783578,0.0962958395067667,0.08774301048816865,0.001265687044613728,28,90,0.09120049207044378,0.1200761188175534,True,False,False,2.9711645505809964e-08,COMPLETE
1741,0.41958733797073366,2025-04-07 06:28:28.263129,2025-04-07 06:28:50.503980,0 days 00:00:22.240851,0.11725130664969804,0.15797662956911546,2,0.04936838243663613,0.2792897375132313,0.06797673977542766,0.094385949507976,0.01578561850736458,0.07861732882293783,0.008561482645921282,25,86,0.09342510656739704,0.13568275295281174,False,False,False,1.4839144888042531e-08,COMPLETE
1742,0.6145332455635071,2025-04-07 06:28:51.077154,2025-04-07 06:29:14.087918,0 days 00:00:23.010764,0.08290700273115864,0.0969101449879658,2,0.05592054343861718,0.0537856481061087,0.07950833002858712,0.09655959617052765,0.09154192479447021,0.08170859760909736,0.005775464894115313,26,77,0.08913332821985129,0.16705307869419164,False,False,False,2.028670769090852e-08,COMPLETE
1743,0.5420212268829345,2025-04-07 06:29:14.635141,2025-04-07 06:29:38.107838,0 days 00:00:23.472697,0.03842972412813612,0.13643124582570895,2,0.06590617504293657,0.06639901795530564,0.0720273781917545,0.08923954870674917,0.09331551451177428,0.0856939033774787,0.003559243437460573,27,82,0.09518343012741384,0.09465065289619774,False,False,False,1.2172301661194243e-08,COMPLETE
1744,0.6160311460494996,2025-04-07 06:29:38.686069,2025-04-07 06:30:00.431747,0 days 00:00:21.745678,0.36619947383940377,0.19130513246258476,2,0.020246176557255652,0.04203056773894877,0.06944535461488763,0.09268750087099241,0.09790595791629199,0.07954624720391476,0.004571106890732007,24,87,0.09164005650828859,0.11408089422804343,False,False,False,1.6394267177724066e-08,COMPLETE
1745,0.09159234166145325,2025-04-07 06:30:00.985181,2025-04-07 06:30:23.182577,0 days 00:00:22.197396,0.10334453769687615,0.9936461367071667,2,0.08623776049860031,0.03395130949318747,0.07655625724430194,0.0983493215559149,0.09500082174848937,0.08354674532352935,0.04540141885821392,25,94,0.09709623264483928,0.12883075497888072,False,False,False,2.4248664532558638e-08,COMPLETE
1746,0.6066051483154298,2025-04-07 06:30:23.765700,2025-04-07 06:30:46.702104,0 days 00:00:22.936404,0.12948368918680914,0.16187099007614983,2,0.07312672325418194,0.04764884696896215,0.06205189428003139,0.0911151896417561,0.09663695818809577,0.07449483989745365,0.007007011459186943,26,84,0.08451511707079626,0.17441216903201956,False,False,False,1.4390259447458368e-08,COMPLETE
1747,0.3689058840274811,2025-04-07 06:30:47.259875,2025-04-07 06:31:07.927110,0 days 00:00:20.667235,0.0628322042512399,0.11639151192792817,2,0.043137348061257325,0.05999235386558033,0.06624213799403282,0.09426611735690063,0.09378081205473567,0.07703226123675402,0.003277576747993869,27,91,0.0875079947077547,0.1064152890557775,False,False,True,1.8566272034466296e-08,COMPLETE
1748,0.5845073938369751,2025-04-07 06:31:08.505650,2025-04-07 06:31:31.569721,0 days 00:00:23.064071,0.0848297598332163,0.14459898389856768,2,0.060560135093941224,0.029834645880628348,0.07399237860376812,0.08766810688674184,0.09819081268944348,0.08128248158574174,0.012475533917200183,26,73,0.09848214254593095,0.08842719227586311,True,False,False,1.1916121119575037e-08,COMPLETE
1749,0.0970227763056755,2025-04-07 06:31:32.131865,2025-04-07 06:31:53.241429,0 days 00:00:21.109564,0.021860206154964333,0.2129665319394711,2,0.0695192336132925,0.041992068225421356,0.08205173935999138,0.08412443218782076,0.09651988230697175,0.086553608627911,0.005483085213439898,28,79,0.09290299148195186,0.12301076286141203,False,True,False,3.710180710779488e-08,COMPLETE
1750,0.6772301673889161,2025-04-07 06:31:53.822431,2025-04-07 06:32:17.375162,0 days 00:00:23.552731,0.1498663335819963,0.17648088698482386,2,0.035665402529914236,0.05235067245711375,0.07151119812191604,0.09661515629852757,0.09155804273036326,0.08929234400021001,0.010729034118329856,27,87,0.09495510709645687,0.11828766940496005,False,False,False,1.2231705559703488e-08,COMPLETE
1751,0.6164247632026673,2025-04-07 06:32:17.932441,2025-04-07 06:32:26.750043,0 days 00:00:08.817602,0.11694092033872937,0.1017371706937458,16,0.07985845085509244,0.03664955397890093,0.07440092431048619,0.09016592166787701,0.09823451703333441,0.08346548713064926,0.0080759513468816,25,82,0.09024804762756686,0.11125800540151583,False,False,False,1.677993495366753e-08,COMPLETE
1752,0.666496753692627,2025-04-07 06:32:27.311408,2025-04-07 06:32:50.195425,0 days 00:00:22.884017,0.18054542419151512,0.1292080801619213,2,0.05135075456491023,0.048035985388936796,0.07760662974350835,0.04857618753604487,0.09482521330665956,0.07855627658766631,0.005894855746660653,26,89,0.09608712131445252,0.0970824067631934,False,False,False,1.0044297438684467e-08,COMPLETE
1753,0.4058848083019257,2025-04-07 06:32:50.784429,2025-04-07 06:33:14.224419,0 days 00:00:23.439990,0.0101444814418118,0.07691291506983676,2,0.063282194492854,0.041440094102916734,0.06984832464969934,0.09345009775077888,0.09661611902030758,0.08174123799030875,0.0007030126356288196,27,85,0.09299248513555303,0.10451195224575076,False,False,False,2.5030126065428915e-08,COMPLETE
1754,0.5731611490249634,2025-04-07 06:33:14.792001,2025-04-07 06:33:38.038072,0 days 00:00:23.246071,0.0958409683319513,0.15601379653540487,2,0.028887139409712135,0.0566524448470242,0.0755859991610416,0.08586950325114909,0.08956013102522489,0.08508044063748364,0.004783508625021009,26,82,0.08658862068383553,0.07390424880904956,False,False,False,1.4527346501890112e-08,COMPLETE
1755,0.615757942199707,2025-04-07 06:33:38.623515,2025-04-07 06:34:00.795106,0 days 00:00:22.171591,0.06874188829367486,0.17596532255974617,2,0.07681093325895924,0.024136357239910616,0.07318606193497826,0.09554159711519114,0.09422004759660492,0.07838993841443306,0.00985883433063799,25,79,0.08896414845664333,0.1824325696648875,False,False,False,5.814984555785019e-08,COMPLETE
1756,0.38820305466651917,2025-04-07 06:34:01.375373,2025-04-07 06:34:25.029518,0 days 00:00:23.654145,0.13500124793603002,0.13726700822530521,2,0.08976983324357626,0.1936283569525298,0.07160013724999466,0.09239231016155397,0.09830948489692973,0.0976100159605112,0.004018035163597389,27,88,0.09860227638238862,0.12506690990122046,True,False,False,2.0173942499075707e-08,COMPLETE
1757,0.6095137715339661,2025-04-07 06:34:25.594134,2025-04-07 06:34:49.851065,0 days 00:00:24.256931,0.05135127044617322,0.20193176261536017,2,0.05539185170091092,0.05071264140256604,0.0878628883491837,0.09840471001317053,0.0925964815593157,0.08040598543413714,0.007510965441136325,28,91,0.091958050579545,0.1311139796295262,False,False,False,1.0048055977516628e-08,COMPLETE
1758,0.5056830406188966,2025-04-07 06:34:50.411287,2025-04-07 06:35:12.795641,0 days 00:00:22.384354,0.10734736939600162,0.11575609563427955,2,0.07001214641633445,0.03762596803092031,0.07981865065694432,0.08912590869716784,0.09569337278143558,0.09123740105795392,0.0029990526416281468,25,85,0.09466527244455679,0.20132328522679513,False,False,False,1.4400605553273953e-08,COMPLETE
1759,0.3423052549362183,2025-04-07 06:35:13.373331,2025-04-07 06:35:27.801076,0 days 00:00:14.427745,0.15612209468661636,0.1542922301349255,2,0.04433981052486578,0.04554683913845951,0.06830598316103538,0.09511547185267216,0.09698446250140223,0.08315578550210796,0.00879589070724164,15,76,0.09649991947899415,0.11470830491139014,False,False,True,3.021747434292176e-08,COMPLETE
1760,0.09159234166145325,2025-04-07 06:35:28.360406,2025-04-07 06:35:48.305105,0 days 00:00:19.944699,0.0767119818769172,0.18725175362964577,2,0.06475809056144895,0.03125468709599964,0.0840614052173192,0.053770329689892246,0.09817190066985769,0.08710602812230386,0.005840245457640917,26,83,0.09010600254914633,0.10886928569605196,False,True,False,1.9195210562996716e-08,COMPLETE
1761,0.6413037419319154,2025-04-07 06:35:48.888760,2025-04-07 06:36:01.523854,0 days 00:00:12.635094,0.12283824680002445,0.13557022780628383,2,0.081567503411603,0.06002702552329628,0.07712865908580248,0.09142243327625633,0.001691885168120074,0.07641203710854391,0.004701976215686954,9,87,0.08574143375029529,0.11961526147566352,False,False,False,1.2180711435528682e-08,COMPLETE
1762,0.6299447655677796,2025-04-07 06:36:02.081395,2025-04-07 06:36:25.600869,0 days 00:00:23.519474,0.08704516773691337,0.09851454077866227,2,0.05810508681215887,0.05179306724913382,0.07044572848212804,0.08218059573939338,0.09995067538005678,0.07959600035405193,0.01579890566807704,27,93,0.09389987455849544,0.10162049350381357,False,False,False,1.678882140327764e-08,COMPLETE
1763,0.6081217169761658,2025-04-07 06:36:26.181923,2025-04-07 06:36:49.182572,0 days 00:00:23.000649,0.10654178432333743,0.17254949326403413,2,0.039267659565256685,0.044093771873255874,0.07356355818531755,0.09656514181443418,0.00626964077849319,0.08228709000647114,0.007002525901295813,26,80,0.08327510639347005,0.08737555372328146,False,False,False,2.260247448860529e-08,COMPLETE
