number,value,datetime_start,datetime_complete,duration,params_alpha-eval,params_alpha-train,params_batch-size,params_eps-eval,params_eps-train,params_lambda-actions-eval,params_lambda-actions-train,params_lambda-frames-eval,params_lambda-frames-train,params_learning-rate,params_n-epochs,params_n-frames,params_radius-gw,params_rho,params_std-feats,params_ub-actions,params_ub-frames,params_weight-decay,state
335,0.4857745409011841,2025-04-20 14:41:02.620906,2025-04-20 14:41:14.137193,0 days 00:00:11.516287,0.8462338263074894,0.07961985166852516,8,0.1509231240228768,0.06789843051081071,0.08243050779925218,0.06986115117686614,0.062055019574282236,0.07643910668539859,0.0006958059878132981,28,145,0.030447370831893292,0.26972661263127123,False,False,False,3.812629207512421e-07,COMPLETE
336,0.6068028450012207,2025-04-20 14:41:14.242633,2025-04-20 14:41:23.845408,0 days 00:00:09.602775,0.818282552070843,0.07231292251119877,16,0.08583396560481911,0.06277121998991624,0.08533113750311613,0.05865274276783402,0.06256119526020697,0.0730549484336811,0.00025411667410269004,29,150,0.01730628305887413,0.2712613826218627,False,False,False,4.874646869957249e-07,COMPLETE
337,0.6198918342590332,2025-04-20 14:41:23.962152,2025-04-20 14:41:35.526773,0 days 00:00:11.564621,0.8253344797261631,0.09933779696601125,8,0.07750696192786016,0.05413797210150495,0.08177945879455237,0.06189336002352343,0.06466948483296157,0.07860712009204812,0.0002200547236289191,29,143,0.014709038324578332,0.25720428508985593,False,False,False,2.7037993342546183e-07,COMPLETE
338,0.6237909436225891,2025-04-20 14:41:35.633322,2025-04-20 14:41:47.055505,0 days 00:00:11.422183,0.835649904635624,0.05916572013553078,8,0.07868563499225163,0.06341867997062808,0.08169480919277919,0.06328462807765767,0.06468836655948937,0.07739378927279904,0.0003087303037190268,28,146,0.01603837115098751,0.2636983271504587,False,False,False,2.1460026609205047e-07,COMPLETE
339,0.6231615424156189,2025-04-20 14:41:47.164113,2025-04-20 14:41:58.590747,0 days 00:00:11.426634,0.8526359185906492,0.06326143529490429,8,0.09361997365080088,0.06674949769925717,0.08222217140328945,0.063699353488846,0.05974982504892329,0.0782963129284721,0.00034118536720621897,28,146,0.014634551205194711,0.2604002249703351,False,False,False,2.558157024859225e-07,COMPLETE
340,0.41975963115692144,2025-04-20 14:41:58.697320,2025-04-20 14:42:10.170657,0 days 00:00:11.473337,0.8370797617662115,0.03225935003793973,8,0.09735906209506169,0.070002856212062,0.08414817905759103,0.06549991756424449,0.05917751190640732,0.07695176166184402,0.00043365248130396486,28,145,0.01444868118051016,0.25810918801460525,False,False,False,2.512862303384045e-07,COMPLETE
341,0.09004271477460861,2025-04-20 14:42:10.288743,2025-04-20 14:42:18.536157,0 days 00:00:08.247414,0.8413015430851024,0.04231093636833551,8,0.08594039351166088,0.06531516846707247,0.08673154208002336,0.060680498890650636,0.06461269636465314,0.07770698128586613,0.00034939268344785665,13,147,0.012958967814942969,0.2617583737723252,False,False,True,1.7697086310587807e-07,COMPLETE
342,0.6268389701843262,2025-04-20 14:42:18.644273,2025-04-20 14:42:30.034476,0 days 00:00:11.390203,0.8807346013956591,0.06255555912553226,8,0.09555181854840371,0.0653264191304629,0.08227737903060107,0.06249706587750504,0.06175580305431949,0.07917399057967656,0.00041754124366947723,28,144,0.014209468220671583,0.2748687936200201,False,False,False,2.1325610097145016e-07,COMPLETE
343,0.19338177740573884,2025-04-20 14:42:30.141281,2025-04-20 14:42:40.544313,0 days 00:00:10.403032,0.849902770618643,0.05227858149600041,8,0.10324657335876379,0.06861023449707707,0.08307499669275199,0.06858150699672318,0.060115947923013856,0.07915316518789656,0.0005656162780089707,28,144,0.01376749396875964,0.2660813357950013,False,True,False,2.5529109980286994e-07,COMPLETE
344,0.45345000028610233,2025-04-20 14:42:40.652532,2025-04-20 14:42:52.137553,0 days 00:00:11.485021,0.8816113408582781,0.06065085318336037,8,0.09182100029416385,0.06405972818338279,0.07978967311163582,0.0629600266242843,0.06155730535710734,0.08148752098787175,0.000485078263684865,28,147,0.01115018715147046,0.2833622807551816,False,False,False,1.890492855579646e-07,COMPLETE
345,0.4919966220855713,2025-04-20 14:42:52.255848,2025-04-20 14:43:03.815550,0 days 00:00:11.559702,0.8581489840126002,0.010193035847284315,8,0.1106541142615892,0.073772633393131,0.08145843984453072,0.06453460543946223,0.06264118467852042,0.07521128597298225,0.0004175202264796661,29,143,0.015157212933857333,0.2711412336561145,False,False,False,1.2689591656447725e-07,COMPLETE
346,0.4525096416473389,2025-04-20 14:43:03.924049,2025-04-20 14:43:15.233428,0 days 00:00:11.309379,0.8768459863933556,0.0338039508677203,8,0.07911851226412293,0.07475666926481536,0.08407895108346847,0.0636627660069545,0.05914344306500062,0.07837274397898786,0.00033661195375863696,28,147,0.01301633017882682,0.2746412433843616,False,False,False,3.146070238057384e-07,COMPLETE
347,0.6067434549331665,2025-04-20 14:43:15.341720,2025-04-20 14:43:26.853446,0 days 00:00:11.511726,0.8963706897934154,0.0569295462354793,8,0.0966756343580404,0.0605701385240052,0.07889122743066045,0.0622634984116368,0.06481179595295988,0.07605291060136093,0.00031798783828242475,29,144,0.015573370276208743,0.28574004791128227,False,False,False,2.2209602513881273e-07,COMPLETE
348,0.6211510300636292,2025-04-20 14:43:26.962524,2025-04-20 14:43:38.371500,0 days 00:00:11.408976,0.8752112267323857,0.07652349202880335,8,0.0889982704209293,0.05918187747542863,0.07751949836881118,0.06593986531498545,0.06098263768751804,0.07982727709737836,0.0004344943441546847,28,148,0.014286270011550257,0.2634183477874237,False,False,False,1.4451966880320343e-07,COMPLETE
349,0.42052325010299685,2025-04-20 14:43:38.490919,2025-04-20 14:43:50.411903,0 days 00:00:11.920984,0.877241233679748,0.07319463794985356,8,0.09208125340470111,0.06846286450862012,0.07725199045495997,0.06751863722854992,0.06034011332217069,0.08155872430895982,0.00041791335873006,28,149,0.0158538023337611,0.2552687030068266,True,False,False,1.6562859409871183e-07,COMPLETE
350,0.5678305506706238,2025-04-20 14:43:50.522030,2025-04-20 14:44:02.169324,0 days 00:00:11.647294,0.9475774216608144,0.06737077764809575,8,0.08327055087559083,0.06484370451714809,0.0776425105725867,0.06765682029587157,0.06305389203466151,0.07908554175835314,0.0005962026520674327,29,150,0.009767958788265078,0.26286972764102734,False,False,False,1.435193358676604e-07,COMPLETE
351,0.4520769417285919,2025-04-20 14:44:02.279607,2025-04-20 14:44:13.659098,0 days 00:00:11.379491,0.8614687448877388,0.04870353666076708,8,0.08829685552692687,0.05961327266473475,0.07947142101293911,0.07070457758900298,0.05749435529737134,0.07874052952368185,0.0004211777425281231,28,144,0.012193281678307154,0.25780380250707113,False,False,False,3.2760901848223734e-07,COMPLETE
352,0.467760294675827,2025-04-20 14:44:13.768793,2025-04-20 14:44:25.410334,0 days 00:00:11.641541,0.8980093062954038,0.03109761433584012,8,0.08235679828696532,0.07238449408552027,0.07726328154188533,0.06474916788992131,0.06191121507108603,0.08314032030238706,0.00037994370208427835,29,146,0.014763189146798236,0.27377088423538243,False,False,False,2.2418561618521495e-07,COMPLETE
353,0.6144665360450745,2025-04-20 14:44:25.530822,2025-04-20 14:44:36.950558,0 days 00:00:11.419736,0.8652563183846141,0.07159654608933307,8,0.0913845513977839,0.06016335324516611,0.07959359548114422,0.0626708163499845,0.05959892005614967,0.0773913565205386,0.0008787666761073789,28,147,0.01714939135708545,0.2634733658904593,False,False,False,1.8100153196494842e-07,COMPLETE
354,0.588175892829895,2025-04-20 14:44:37.062848,2025-04-20 14:44:48.378631,0 days 00:00:11.315783,0.9018682068783176,0.07788936587074397,8,0.09820951079784863,0.05866270810943654,0.08550240622309808,0.0629386243110188,0.0560365133392647,0.08059873266234205,0.0011363791543481207,28,147,0.016973908521596272,0.28220365892105154,False,False,False,2.959231894944173e-07,COMPLETE
355,0.6154102921485901,2025-04-20 14:44:48.489933,2025-04-20 14:44:59.820733,0 days 00:00:11.330800,0.9268276129460081,0.05979442499686253,8,0.08630492139354837,0.06505169614819442,0.08022893587223616,0.06523079698532468,0.05946509158602245,0.07819000935737386,0.000755930869646178,27,150,0.017515784720401877,0.2670551565092206,False,False,False,2.167500938869807e-07,COMPLETE
356,0.5476888060569763,2025-04-20 14:44:59.932868,2025-04-20 14:45:23.870035,0 days 00:00:23.937167,0.9671401687204497,0.043431844772216996,2,0.07949229988778783,0.06745697366775301,0.08259523365846032,0.06874397970213496,0.058749429321413194,0.07924325784085344,0.0007861838866869255,27,150,0.018710122763877034,0.27472798779138663,False,False,False,2.7883625743263876e-07,COMPLETE
357,0.4729331791400909,2025-04-20 14:45:23.990901,2025-04-20 14:45:35.197965,0 days 00:00:11.207064,0.9310047004112059,0.027220848024505452,8,0.08929484540960318,0.0647585595087813,0.08067507070502805,0.06478617393157157,0.060806554337559576,0.0824777750954716,0.0005096761054108668,27,143,0.015924022251491768,0.265371637771676,False,False,False,3.6074330384101865e-07,COMPLETE
358,0.6164385199546815,2025-04-20 14:45:35.309737,2025-04-20 14:45:44.726736,0 days 00:00:09.416999,0.914020202197555,0.08667490888960895,16,0.08470778908697736,0.07879325482732667,0.07943133274065206,0.06608621397127407,0.06334541738232886,0.08018005694442965,0.00033028835253210955,27,150,0.014515045576939108,0.27869432719675075,False,False,False,2.1911951189926917e-07,COMPLETE
359,0.6168964147567749,2025-04-20 14:45:44.839077,2025-04-20 14:45:54.212719,0 days 00:00:09.373642,0.9369193968366355,0.060038287304482296,16,0.08496275548617299,0.07825571586215377,0.08825705777538946,0.0653933628433454,0.06365709421121027,0.0808795680406669,0.00045186095167657283,27,150,0.014355121438167744,0.2819373611531134,False,False,False,2.4730217692404185e-07,COMPLETE
360,0.5622429370880127,2025-04-20 14:45:54.339087,2025-04-20 14:46:03.814468,0 days 00:00:09.475381,0.9468393361253686,0.08361755190847509,16,0.08520268759248374,0.07490575777257477,0.09219896274830855,0.06568285359954941,0.06270328872114872,0.07863781836102174,0.0005921439955531919,27,147,0.011875650820153983,0.28134384704213106,False,False,False,2.1966063603235076e-07,COMPLETE
361,0.571036183834076,2025-04-20 14:46:03.928061,2025-04-20 14:46:13.372822,0 days 00:00:09.444761,0.9305709970613979,0.09145460707766502,16,0.0952359243775161,0.07877410544964428,0.0847101282226552,0.06685104113260515,0.06083825646129414,0.08259602429332878,0.0006661655790969923,27,150,0.013595355131815742,0.28877610053471586,False,False,False,3.4286844372807354e-07,COMPLETE
362,0.0987180307507515,2025-04-20 14:46:13.485877,2025-04-20 14:46:22.169481,0 days 00:00:08.683604,0.9438464396146681,0.06023762171724535,16,0.08043624801545965,0.08227701081948263,0.09070423159608246,0.07297038523878398,0.0644300691026694,0.08015297750920293,0.0004940050750587456,26,145,0.01377485446243041,0.2788725461706912,False,False,True,2.559340056117382e-07,COMPLETE
363,0.625700569152832,2025-04-20 14:46:22.282370,2025-04-20 14:46:31.596607,0 days 00:00:09.314237,0.8650680678178397,0.08711497153694885,16,0.08799015604788883,0.07181790346034006,0.08683893469993272,0.06676316502559336,0.05758882231933509,0.0841616688365835,0.0003163717440278485,27,143,0.016252460214111256,0.29877715883886985,False,False,False,1.503081262479949e-07,COMPLETE
364,0.16326013803482056,2025-04-20 14:46:31.721670,2025-04-20 14:46:40.455635,0 days 00:00:08.733965,0.9085502317085582,0.08684724212838443,16,0.07712830936849484,0.07693947418631929,0.08900440251344083,0.06882636255224431,0.05745497637062054,0.08335191676247437,0.0003028041020563142,28,143,0.010847661060669703,0.2939228217252181,False,True,False,1.639323089297437e-07,COMPLETE
365,0.6135148525238038,2025-04-20 14:46:40.571519,2025-04-20 14:46:50.074289,0 days 00:00:09.502770,0.9249815702722916,0.09316655427216795,16,0.09255456449754267,0.07123466293936627,0.08843250236900367,0.07071557754507017,0.06348699803324612,0.08475704871012024,0.0003432058815005891,28,142,0.015008214026871936,0.29367831656412097,False,False,False,1.4147617140624028e-07,COMPLETE
366,0.6092231631278991,2025-04-20 14:46:50.189115,2025-04-20 14:46:59.606177,0 days 00:00:09.417062,0.8964384369400239,0.0792450909738498,16,0.09907698077148332,0.08243814207012087,0.08717781555900854,0.06386149738281864,0.06551083838808991,0.080281393059678,0.00042150828443823546,27,145,0.014391290704750688,0.2852455660251324,False,False,False,1.0691601226375905e-07,COMPLETE
367,0.4760617852210999,2025-04-20 14:46:59.721370,2025-04-20 14:47:08.946024,0 days 00:00:09.224654,0.8825464657614772,0.09677707330387399,16,0.07483029532910668,0.07262488166099514,0.09026034203058954,0.06649451575463876,0.06245635107367089,0.08488454523134695,0.0003039838960539813,28,8,0.016480448893772894,0.2985027737148254,False,False,False,1.8250269942639797e-07,COMPLETE
368,0.4077425241470337,2025-04-20 14:47:09.072129,2025-04-20 14:47:18.466792,0 days 00:00:09.394663,0.8694713230585112,0.7104209937300867,16,0.083785163196287,0.0736641205877876,0.08740341235591347,0.06652643543877756,0.055321459504232263,0.08137945421094848,0.0004707166355025711,27,141,0.052744295198310545,0.29057728311089426,False,False,False,2.2324470893885488e-07,COMPLETE
369,0.28334251642227176,2025-04-20 14:47:18.582383,2025-04-20 14:47:28.517969,0 days 00:00:09.935586,0.9641223995464863,0.09580366898318876,16,0.10353819336190151,0.09129693734730579,0.08547061931014145,0.061352325286145065,0.06572139282860379,0.075630216103639,0.000293015608131018,28,147,0.0123968517498352,0.27732787548449833,True,False,False,3.004121120861507e-07,COMPLETE
370,0.37962570786476135,2025-04-20 14:47:28.634162,2025-04-20 14:47:37.974088,0 days 00:00:09.339926,0.8591191433608613,0.07313858561685448,16,0.07428211524625652,0.08255369213536987,0.08714892421220437,0.06921946005200975,0.06389776790849833,0.08025829825795934,0.00034527284025208865,26,142,0.03531029983421169,0.299110224784323,False,False,False,2.7021022231665024e-07,COMPLETE
371,0.45401945114135744,2025-04-20 14:47:38.102531,2025-04-20 14:47:47.706221,0 days 00:00:09.603690,0.8273506498014354,0.049897075975978956,16,0.08648957921046403,0.06652401151811756,0.08293530762089649,0.06733587618513831,0.060534801401766425,0.08278804226942417,0.0002759273027074252,29,146,0.01780743141086472,0.2530411213235826,False,False,False,1.966101511759156e-07,COMPLETE
372,0.286783891916275,2025-04-20 14:47:47.822707,2025-04-20 14:47:55.001176,0 days 00:00:07.178469,0.8892972412090251,0.10178722920576208,16,0.07900899889393519,0.05208240471428982,0.026726214070846167,0.062350092776158494,0.06613337760354306,0.07488059240819205,0.0004774143482105276,5,144,0.015422158079916044,0.2769518399652936,False,False,False,1.3257241125077216e-07,COMPLETE
373,0.4435863494873047,2025-04-20 14:47:55.118632,2025-04-20 14:48:04.586826,0 days 00:00:09.468194,0.8330745198444873,0.07927928517244734,16,0.07029983330713171,0.07246049876804363,0.08465234262674795,0.07271401634088287,0.061619407078105946,0.0741515756842987,0.00037470276038032026,28,147,0.013077261253245119,0.27156642991040547,False,False,False,3.7997653926123225e-07,COMPLETE
374,0.4460588097572327,2025-04-20 14:48:04.704361,2025-04-20 14:48:14.063325,0 days 00:00:09.358964,0.9059931336183604,0.032766922596498896,16,0.09066032700976599,0.0553218552003594,0.08209333584918116,0.06389013215341795,0.06518238621427466,0.07589379298699132,0.00026988918576753844,27,141,0.009924488171925023,0.25895525800461633,False,False,False,4.083389186799175e-07,COMPLETE
375,0.5909006953239442,2025-04-20 14:48:14.192116,2025-04-20 14:48:23.849570,0 days 00:00:09.657454,0.8120851878541073,0.10365804715659764,16,0.07781590863619975,0.0987529639831237,0.08934085306084269,0.06117849039136172,0.06289250968372836,0.08702710756557497,0.00032904500741420665,29,148,0.018717491767348715,0.28899545963283874,False,False,False,1.697188230597278e-07,COMPLETE
376,0.29819091558456423,2025-04-20 14:48:23.967945,2025-04-20 14:48:33.440357,0 days 00:00:09.472412,0.9106118512187823,0.072838860265276,16,0.07113723299077669,0.17076648959418844,0.08611857713529815,0.0667253669424199,0.06695596321934229,0.07960560747400862,0.00023121602568760893,28,143,0.016131281826037704,0.2721004036826025,False,False,False,2.4411182702743856e-07,COMPLETE
377,0.4622950553894043,2025-04-20 14:48:33.558991,2025-04-20 14:48:43.229391,0 days 00:00:09.670400,0.873863423322013,0.05731451735331646,16,0.08107766493544893,0.04848312959933339,0.08284051097295188,0.06515049313990882,0.057235905911601284,0.08174274730116907,0.0004119492095774524,29,150,0.020806467071619022,0.2831988706413499,False,False,False,2.8330580707514834e-07,COMPLETE
378,0.6165693044662476,2025-04-20 14:48:43.346787,2025-04-20 14:48:52.765989,0 days 00:00:09.419202,0.8500988888727662,0.10355372021742121,16,0.06865570539709737,0.18010936020981583,0.08109651648755933,0.06947264607635878,0.06699561960550035,0.0769164992707272,0.0002818094866381577,27,145,0.014294989819651143,0.2651478998377265,False,False,False,1.4376833984191664e-07,COMPLETE
379,0.6059316515922547,2025-04-20 14:48:52.894379,2025-04-20 14:49:02.132228,0 days 00:00:09.237849,0.851145523173251,0.0920422476204474,16,0.07111652094547088,0.06150811849456621,0.03224546471142492,0.07027988926901935,0.06474643317204223,0.07766342946923248,0.0005229915553948435,26,145,0.008955611055492939,0.26547489577643063,False,False,False,1.3567908863123355e-07,COMPLETE
380,0.5391366839408874,2025-04-20 14:49:02.249994,2025-04-20 14:49:11.761027,0 days 00:00:09.511033,0.8345223546534402,0.32677130893191164,16,0.08666558336566477,0.18460581727427833,0.0838631187180362,0.0689036803576419,0.06054219218932524,0.01862665060060461,0.00033026464896904564,27,141,0.011783904703282725,0.2563677846800544,False,False,False,9.29095202345217e-08,COMPLETE
381,0.6114412307739259,2025-04-20 14:49:11.881127,2025-04-20 14:49:21.282812,0 days 00:00:09.401685,0.9951561595854008,0.1047858526874939,16,0.09613120663618868,0.13895900388785998,0.08099372986560902,0.067909995382206,0.06734979715200434,0.07568491301395573,0.0002798190681893285,26,147,0.0140811860458454,0.2624182716140837,False,False,False,1.538126147848086e-07,COMPLETE
382,0.08517616242170334,2025-04-20 14:49:21.413013,2025-04-20 14:49:30.188812,0 days 00:00:08.775799,0.8593637195429475,0.062423337225931096,16,0.07343510898001465,0.20087428655134437,0.08173606292816363,0.07137802890846263,0.06375821652563993,0.08552836127141378,0.0003857770084079885,27,144,0.014544068832109744,0.2694356952771118,False,False,True,1.2109167697459153e-07,COMPLETE
383,0.5558250546455383,2025-04-20 14:49:30.308129,2025-04-20 14:49:39.732614,0 days 00:00:09.424485,0.8874973100589824,0.018907097903335425,16,0.06723821904320323,0.07790538208066171,0.08482221317050215,0.06316254805413878,0.06621230525404764,0.07743649749165814,0.01639475141589562,27,147,0.01678555826204393,0.2535684140532106,False,False,False,1.897369557376576e-07,COMPLETE
384,0.13443977236747742,2025-04-20 14:49:39.852835,2025-04-20 14:49:48.571698,0 days 00:00:08.718863,0.8313821554637807,0.044597064557048705,16,0.08179102996550518,0.20641936186306387,0.08004251264756901,0.06531569541550436,0.06217291371237524,0.07952073368379188,0.0002854546281562314,28,25,0.011170341168261759,0.27855925176430263,False,True,False,2.400010877176013e-07,COMPLETE
385,0.30569247603416444,2025-04-20 14:49:48.704013,2025-04-20 14:49:57.896306,0 days 00:00:09.192293,0.9142184771503564,0.08282481082292084,16,0.2203406383427859,0.17633930552820173,0.0790838491792855,0.06108339383157551,0.05915625810854078,0.07404372962273921,0.00024147403925014495,25,150,0.018534018706217733,0.2734132482392818,False,False,False,3.9676386886361517e-07,COMPLETE
386,0.3471985399723053,2025-04-20 14:49:58.018655,2025-04-20 14:50:07.507784,0 days 00:00:09.489129,0.811518628432132,0.10715849465026825,16,0.0773553140940769,0.1940382482717751,0.08286294474131675,0.06606242540647084,0.06801061034485852,0.0762764338856338,0.00033298797559112983,28,142,0.012716995315174808,0.26714589507221015,False,False,False,2.012990305002873e-07,COMPLETE
387,0.597929036617279,2025-04-20 14:50:07.628031,2025-04-20 14:50:17.013713,0 days 00:00:09.385682,0.8519240485178626,0.08587164719356219,16,0.08863123990063214,0.10745825153078886,0.0867728429576429,0.0724117138321487,0.053910501957765984,0.08127212149012802,0.0004280845738349149,27,145,0.01493942400069728,0.07458490133039933,False,False,False,1.0015723251119244e-07,COMPLETE
388,0.41592664122581485,2025-04-20 14:50:17.135617,2025-04-20 14:50:26.524192,0 days 00:00:09.388575,0.8216906400443508,0.06595639863148743,16,0.06705293987193785,0.06756759802862389,0.08136597789709837,0.06812400912361873,0.06508875274089564,0.030463189942375617,0.0002303983796868027,27,140,0.016873291551233165,0.26167613250535815,False,False,False,3.208930776386628e-07,COMPLETE
389,0.3912666380405426,2025-04-20 14:50:26.657468,2025-04-20 14:50:50.162373,0 days 00:00:23.504905,0.8777802327902984,0.10783747338620939,2,0.07488134889710621,0.058117285737616556,0.07862483683715732,0.0638847611682046,0.0686480417476763,0.08333453524977148,0.0002709446243008517,26,147,0.02135324540225174,0.28133191265719565,True,False,False,4.977151559593889e-07,COMPLETE
390,0.45257058143615725,2025-04-20 14:50:50.284539,2025-04-20 14:50:59.761469,0 days 00:00:09.476930,0.7981893197391857,0.04164945618720117,16,0.09362580498814202,0.05239057231772176,0.08394032814735738,0.0598267260943096,0.061391995070794236,0.07402628086482527,0.0005843431680560127,28,101,0.019292155798998106,0.25617218071752207,False,False,False,4.4797490275100154e-07,COMPLETE
