number,value,datetime_start,datetime_complete,duration,params_alpha-eval,params_alpha-train,params_batch-size,params_eps-eval,params_eps-train,params_lambda-actions-eval,params_lambda-actions-train,params_lambda-frames-eval,params_lambda-frames-train,params_learning-rate,params_n-epochs,params_n-frames,params_radius-gw,params_rho,params_std-feats,params_ub-actions,params_ub-frames,params_weight-decay,state
397,0.47091066837310797,2025-04-06 22:15:28.223030,2025-04-06 22:15:37.485461,0 days 00:00:09.262431,0.28514089966748635,0.06843501510673533,8,0.023907524335558657,0.04433882145171176,0.04747315911078703,0.0696204247493743,0.07533547468349194,0.08359815391682247,0.00957367274913944,25,16,0.07512217929150104,0.15735346559272256,False,True,False,1.4514625348584398e-06,COMPLETE
398,0.4638522803783417,2025-04-06 22:15:37.607970,2025-04-06 22:15:44.797547,0 days 00:00:07.189577,0.16816587394268806,0.029556951380890505,8,0.1177089201873445,0.054677872372405956,0.043761147366500025,0.07716977140905364,0.0800099290920768,0.08761029144167584,0.005936612192794841,6,72,0.08054225304146063,0.052961862636468904,False,False,False,5.467913804586753e-07,COMPLETE
399,0.37084641456604006,2025-04-06 22:15:44.930860,2025-04-06 22:15:55.192753,0 days 00:00:10.261893,0.20867963932575895,0.08967250753577327,8,0.005369406379935014,0.03101038747973754,0.041439396711319056,0.07299001547824717,0.06481039656464026,0.07786951225800004,2.661222963159611e-05,24,76,0.07141765298183236,0.09145761859548526,True,False,False,1.0393943874283361e-06,COMPLETE
400,0.5683568954467774,2025-04-06 22:15:55.323346,2025-04-06 22:16:04.648740,0 days 00:00:09.325394,0.2437877545885875,0.05501067183091926,8,0.015190501143674397,0.03938925834057499,0.04578863032193389,0.07087369750225718,0.03207981717520139,0.03670693692238429,0.008203755514171893,24,79,0.014275876089352026,0.14770541198884454,False,False,True,6.925128179430434e-07,COMPLETE
401,0.5835174798965455,2025-04-06 22:16:04.772314,2025-04-06 22:16:13.958849,0 days 00:00:09.186535,0.20192790431621785,0.029490566807784658,8,0.00945008099288664,0.04703040561252562,0.03870973419457289,0.07594452143566092,0.03547016395400036,0.007944226090470553,0.01133943305030892,23,65,0.07763792927216621,0.03425999044216501,False,True,False,9.001439504828472e-07,COMPLETE
402,0.4068733334541321,2025-04-06 22:16:14.093800,2025-04-06 22:16:24.459742,0 days 00:00:10.365942,0.2634850880296846,0.040862504873253755,8,0.02200674650202449,0.03682789158699533,0.05198956557151949,0.06841356171892927,0.040140832774917236,0.0896586485321876,0.00541984593020831,25,86,0.08297746640507253,0.12952420948541027,False,False,False,2.1801051335482734e-06,COMPLETE
403,0.5982613444328309,2025-04-06 22:16:24.584375,2025-04-06 22:16:34.546774,0 days 00:00:09.962399,0.30591828732442555,0.0681193392998245,8,0.017837778157092032,0.05311702963491077,0.04932278027892034,0.07373946057884496,0.03086983859245931,0.08105343459253467,0.004420802591097893,22,71,0.04034812785586737,0.16377899006656665,True,False,False,1.254805570049573e-06,COMPLETE
404,0.6207809090614319,2025-04-06 22:16:34.675546,2025-04-06 22:16:45.104037,0 days 00:00:10.428491,0.22052781654252773,0.028426197859647395,8,0.01396767991700395,0.04307391051150661,0.036113324649106264,0.0788706255110907,0.033866594494076266,0.07643902216164478,0.007271417413845709,26,82,0.07983172248965963,0.17182949869734224,False,False,False,1.94087625037907e-05,COMPLETE
405,0.5653143763542176,2025-04-06 22:16:45.230429,2025-04-06 22:16:54.381869,0 days 00:00:09.151440,0.17806879617406324,0.051927154597596524,8,0.14678384775939177,0.02981345341749268,0.04748863741146183,0.08179534674089517,0.03753548175918155,0.0871223954881521,0.0039993668964939475,23,75,0.04611481009707499,0.020254996047874306,False,False,True,4.645286293276481e-06,COMPLETE
406,0.09159234166145325,2025-04-06 22:16:54.517475,2025-04-06 22:17:03.713597,0 days 00:00:09.196122,0.24197434761970846,0.34268978018742163,8,0.028760889296465163,0.06074766532506483,0.03203740465477882,0.07081830661446349,0.042889184209628145,0.08410492937457296,0.009109348093662005,24,78,0.07581210536037421,0.06496459980179059,False,True,False,0.0008315435125011946,COMPLETE
407,0.09159234166145325,2025-04-06 22:17:03.840887,2025-04-06 22:17:14.142977,0 days 00:00:10.302090,0.2881087823076304,0.07942237755185425,8,0.0008486439392179686,0.06821679616383143,0.04292163885052714,0.0746826708964369,0.07270993613735037,0.07925439509452038,0.006311271232690879,25,125,0.08487499142082683,0.14178018560647523,True,False,False,6.210796559069472e-07,COMPLETE
408,0.6293130278587342,2025-04-06 22:17:14.270602,2025-04-06 22:17:24.209808,0 days 00:00:09.939206,0.19401380415058936,0.024137961577383453,8,0.009885046844068974,0.04932965476710055,0.04084846917572546,0.06681568871384924,0.03870570387370115,0.07197787243052761,0.0051304014034289315,23,84,0.07359884945658021,0.15413368544736933,False,False,False,8.118995952326775e-07,COMPLETE
409,0.594206690788269,2025-04-06 22:17:24.346445,2025-04-06 22:17:33.361861,0 days 00:00:09.015416,0.18066177607330458,0.047604316752787756,8,0.006042990163448935,0.0511431087521185,0.04045111811095888,0.06709720299591442,0.03614798389447371,0.06835750512528391,0.0049467743884890275,22,85,0.07860092034530275,0.16056706334042578,False,False,True,8.040788131794507e-07,COMPLETE
410,0.3909442961215973,2025-04-06 22:17:33.490661,2025-04-06 22:17:42.678687,0 days 00:00:09.188026,0.15628726097681794,0.02946682757013983,8,0.011018276007862959,0.05818884090142605,0.03744640482890995,0.06736813917338429,0.03936087278286144,0.07104169571313126,0.0036069163373026506,23,95,0.08166207229751118,0.16721504983828706,False,True,False,4.575002195213569e-07,COMPLETE
411,0.3388371288776398,2025-04-06 22:17:42.805330,2025-04-06 22:18:03.970900,0 days 00:00:21.165570,0.2628487687635082,0.10167434343374125,2,0.005443307411038899,0.03767001717245981,0.05126772126311557,0.06914613747264327,0.040323766953802034,0.07299729793811423,0.0027785767781057223,23,19,0.07577304945509132,0.08208142297593622,True,False,False,9.682763327606155e-07,COMPLETE
412,0.6109265565872193,2025-04-06 22:18:04.108463,2025-04-06 22:18:14.047066,0 days 00:00:09.938603,0.3441102944258714,0.06616994386854974,8,0.011020133195040877,0.04929103080836548,0.05400512519532582,0.06651572105103004,0.044455710200907536,0.07127839842718964,0.004598621111916739,23,68,0.08623140875409362,0.17490848600491946,False,False,False,6.651246840191171e-07,COMPLETE
413,0.4216842114925385,2025-04-06 22:18:14.176477,2025-04-06 22:18:23.182721,0 days 00:00:09.006244,0.23500806350632353,0.044782397021239526,8,0.023031576627886435,0.1809412819536252,0.04563700556316794,0.06941103028923495,0.03859533736654939,0.02795830773650909,0.0033451651577369474,22,88,0.07918079141085231,0.15617820086368708,False,False,True,0.0001675923579592442,COMPLETE
414,0.3908553779125214,2025-04-06 22:18:23.310233,2025-04-06 22:18:42.132001,0 days 00:00:18.821768,0.21144823778717745,0.024952033601616852,2,0.014974712981554936,0.04073509445648913,0.048697210085897,0.07231685446419255,0.03306811473653724,0.06724847257502338,0.011347740286235022,24,91,0.07712408293989259,0.27553137490632046,False,True,False,8.068231440332173e-07,COMPLETE
415,0.597773551940918,2025-04-06 22:18:42.271823,2025-04-06 22:18:52.142657,0 days 00:00:09.870834,0.22954123482267458,0.08075843038479472,8,0.00562502021689579,0.029588986625175114,0.0398575973504001,0.031299850554441205,0.036353072310162035,0.08703143253699971,0.005685753588702132,23,63,0.0824009215528274,0.1371080065826972,False,False,False,1.110966435038025e-06,COMPLETE
416,0.09159234166145325,2025-04-06 22:18:52.272775,2025-04-06 22:19:03.275672,0 days 00:00:11.002897,0.18914856288775117,0.0608360925289769,8,0.001218655674790868,0.056529086078359894,0.03449280297768914,0.07018031318124357,0.03553014755656932,0.08490011803078613,0.007911208449457665,30,73,0.07367024086084789,0.1680667769050014,True,False,False,5.642949637460227e-07,COMPLETE
417,0.5191763758659362,2025-04-06 22:19:03.404098,2025-04-06 22:19:13.563318,0 days 00:00:10.159220,0.7483352998921514,0.0307293853859604,8,0.1766995824422735,0.04978854046806393,0.04511922594928283,0.0717096819369237,0.09495416172245295,0.07441942865082506,0.004377929697624524,24,79,0.08132688582936863,0.16094113496839835,False,False,False,7.179594693825168e-07,COMPLETE
418,0.5337603330612183,2025-04-06 22:19:13.703304,2025-04-06 22:19:32.101519,0 days 00:00:18.398215,0.2827179593667478,0.045921046630606206,2,0.13719758046388295,0.03465100143234095,0.049441196452241806,0.0668525583473824,0.041905733736504226,0.08994900319968115,0.005225841021164019,23,69,0.08388042196688549,0.15578293871525536,False,False,True,2.669546156696097e-07,COMPLETE
419,0.5452250480651856,2025-04-06 22:19:32.229823,2025-04-06 22:19:41.480648,0 days 00:00:09.250825,0.25952302209938594,0.02415004565428629,8,0.01115306618932649,0.04368275668000907,0.038480001165281316,0.06895371637601454,0.030965022944039168,0.08171180630324046,0.009364501412580842,24,85,0.06744609208267219,0.04006874631881037,False,True,False,9.153491123021172e-07,COMPLETE
420,0.4527215123176575,2025-04-06 22:19:41.611008,2025-04-06 22:19:51.535531,0 days 00:00:09.924523,0.21641988417807964,0.0579143459667502,8,0.026273454302448748,0.11600101677129335,0.04700972149564724,0.02456535742382758,0.038057026753406505,0.0836397042242869,0.0022747502012991088,22,76,0.07770941162990042,0.25453779277264155,True,False,False,7.667887739683452e-06,COMPLETE
421,0.5928107857704162,2025-04-06 22:19:51.675501,2025-04-06 22:20:01.891985,0 days 00:00:10.216484,0.3176372122890148,0.08209723010642377,8,0.01653882952951859,0.06871846229807381,0.041952556089389165,0.08555024615361806,0.033761185144320444,0.08722146721606658,0.0012421935040004134,24,65,0.0703402878111552,0.12332443211235583,False,False,False,1.3676578174912294e-06,COMPLETE
422,0.5239151597023011,2025-04-06 22:20:02.025392,2025-04-06 22:20:20.304233,0 days 00:00:18.278841,0.1614615252889366,0.042488243758448466,2,0.0342032748645362,0.046827722154250045,0.05118948424187122,0.07242049872704522,0.03209841681204364,0.07270776531807732,0.007577325556644084,23,73,0.07505882988190901,0.11178929441587254,False,False,True,5.216121002572982e-07,COMPLETE
423,0.3760535001754761,2025-04-06 22:20:20.434296,2025-04-06 22:20:29.675286,0 days 00:00:09.240990,0.976281905661402,0.024575352823989337,8,0.020644264915321894,0.03881925012992436,0.04436779950525,0.07035207996069427,0.08815573010698288,0.08527904493919725,0.003870344719201098,24,83,0.07967270491157159,0.14665688969556112,False,True,False,1.0581866500743343e-06,COMPLETE
424,0.4855248808860779,2025-04-06 22:20:29.816351,2025-04-06 22:20:39.673542,0 days 00:00:09.857191,0.19399403402827933,0.010962454961511992,8,0.007715139769378038,0.05443328033610584,0.0542384217311384,0.07401009101059666,0.04065074645519376,0.0697027776345424,0.01120920623488911,22,79,0.07698792440006934,0.17498668647045043,True,False,False,4.4390944041401985e-07,COMPLETE
425,0.6096478819847108,2025-04-06 22:20:39.805193,2025-04-06 22:20:49.018427,0 days 00:00:09.213234,0.24700180482422457,0.06290149892815303,8,0.11206713260714898,0.03402110398340087,0.04055788582694305,0.06831789847901956,0.05104826483760527,0.08896863370092054,0.00594664082210189,18,70,0.07337301985662145,0.15202988607848344,False,False,False,3.4695569144765644e-05,COMPLETE
426,0.5530705332756043,2025-04-06 22:20:49.149659,2025-04-06 22:21:07.385386,0 days 00:00:18.235727,0.22073800369676105,0.04431323639888421,2,0.0003745424894823768,0.061656779300193795,0.09230045592711655,0.07128357218022446,0.046177062458635294,0.07608978481881959,0.003076675866727599,23,60,0.0807761966962264,0.1643054294137267,False,False,True,7.567618521747032e-07,COMPLETE
427,0.3389939725399017,2025-04-06 22:21:07.515465,2025-04-06 22:21:16.766892,0 days 00:00:09.251427,0.2993079069617622,0.01103463434731971,8,0.012415595280022835,0.04602700003731169,0.05278011730258521,0.07415625584346487,0.03464134827844805,0.08255354283833345,0.004604555834091629,24,75,0.08306523561232902,0.17192568593319668,False,True,False,3.091956260452401e-07,COMPLETE
428,0.6131043076515198,2025-04-06 22:21:16.909387,2025-04-06 22:21:28.158393,0 days 00:00:11.249006,0.2726482846799936,0.09856117877097609,8,0.15190661736001515,0.026235456105722355,0.04804764329926942,0.07262822782294809,0.03811915186922306,0.03221190186626015,0.00730756955895384,30,67,0.07917222321333876,0.14135049692326082,False,False,False,1.532428758662186e-06,COMPLETE
429,0.43709506988525393,2025-04-06 22:21:28.290571,2025-04-06 22:21:49.348566,0 days 00:00:21.057995,0.17700679257689658,0.031189900399367632,2,0.016962497405286846,0.052306539749974464,0.03587087412797248,0.01229058143814115,0.030725657684681485,0.018682049847853557,0.009034278856043144,23,88,0.07184579065837521,0.15280147515563078,True,False,False,1.1102764805052539e-06,COMPLETE
430,0.6160178780555725,2025-04-06 22:21:49.480591,2025-04-06 22:21:59.631415,0 days 00:00:10.150824,0.24149228485268096,0.07046471214817461,8,0.024294073501621966,0.04149878314889173,0.043382730977862764,0.06670966095067593,0.04286204745921262,0.08611797324883418,0.005405075638758343,24,80,0.07627140095610016,0.16759099911999722,False,False,False,6.266409186355727e-07,COMPLETE
431,0.6131488800048829,2025-04-06 22:21:59.773219,2025-04-06 22:22:09.109982,0 days 00:00:09.336763,0.1985041075689082,0.04327041361160645,8,0.0077278087063092,0.03333198896269838,0.04945709662796396,0.07507927593136295,0.03709110266391528,0.08064198712146793,0.003990564869351286,24,84,0.08614204040313844,0.15887415811383637,False,False,True,8.848394584179228e-07,COMPLETE
432,0.38969575166702275,2025-04-06 22:22:09.242687,2025-04-06 22:22:18.834603,0 days 00:00:09.591916,0.22913699599081094,0.011599991813793554,8,0.014545254973323896,0.057454140150677485,0.03872065486217969,0.06910447370789545,0.03483897514304343,0.07459514956101486,0.006540177502515698,26,92,0.07848944653033692,0.14720161937579612,False,True,False,1.2468142102039507e-06,COMPLETE
433,0.6217851996421815,2025-04-06 22:22:18.968399,2025-04-06 22:22:40.212062,0 days 00:00:21.243663,0.26167464496733167,0.05589525757857659,2,0.03222148697880252,0.04156852910024531,0.04544193948665802,0.07088490793120734,0.03878056554770676,0.08390908469946769,0.010853041061572961,23,73,0.0808395925761125,0.13200125490461306,True,False,False,4.4341870942209416e-07,COMPLETE
434,0.538433837890625,2025-04-06 22:22:40.354280,2025-04-06 22:22:50.647189,0 days 00:00:10.292909,0.21479065497851518,0.02945223942332032,8,0.022711754226933167,0.04864476963042291,0.04732543209396626,0.07325973536467392,0.03251326807512656,0.08883933874933249,0.003431430261769091,25,77,0.08299771409076925,0.17387915157454828,False,False,False,7.141944386300749e-07,COMPLETE
435,0.3814788043498993,2025-04-06 22:22:50.783368,2025-04-06 22:22:59.842950,0 days 00:00:09.059582,0.15210587123517327,0.08388116332265766,8,0.009065337514342573,0.028373094749917022,0.04168361134725168,0.06687746088475585,0.04070622256591597,0.07921863685203683,0.004912850563883643,22,80,0.07509605871395689,0.16256057129967577,False,False,True,9.267721875184757e-07,COMPLETE
436,0.24649917483329775,2025-04-06 22:22:59.977191,2025-04-06 22:23:09.312519,0 days 00:00:09.335328,0.19412227571337404,0.04609221738519416,8,0.018198251577643737,0.03670094717208767,0.05181312699474023,0.07577326134920069,0.036683046794398134,0.08242316642515414,0.008132425127701211,25,71,0.07711546930291369,0.17969527126440665,False,True,False,5.513483540924637e-07,COMPLETE
437,0.5552916765213013,2025-04-06 22:23:09.457471,2025-04-06 22:23:30.895337,0 days 00:00:21.437866,0.2474814417904881,0.011245992781305655,2,0.005717206640391486,0.05164288106446464,0.04368198906954352,0.07065753610545916,0.04485492944971366,0.02441532655258294,0.006104870040792799,24,62,0.0845475542715194,0.153315619622503,True,False,False,3.448607034526512e-07,COMPLETE
438,0.6173306941986084,2025-04-06 22:23:31.031418,2025-04-06 22:23:41.211580,0 days 00:00:10.180162,0.28513682288544334,0.040701388967681676,8,0.011957679064330304,0.042391683527180556,0.03977103709235575,0.07750224643029648,0.049034782336971276,0.08577480752806961,0.002762543490169459,24,68,0.06961546406902933,0.13648610085545518,False,False,False,1.4790152016921118e-06,COMPLETE
439,0.40946293473243717,2025-04-06 22:23:41.347162,2025-04-06 22:23:50.572268,0 days 00:00:09.225106,0.6985074263394628,0.07032241886838203,8,0.14345281917440086,0.06295770933941444,0.05515239781390543,0.06876639437403201,0.060673375466428994,0.07196281127803007,0.004180140511673988,23,86,0.07410167695236113,0.1453055308392318,False,False,True,1.1478976595901703e-06,COMPLETE
440,0.3805917859077454,2025-04-06 22:23:50.716135,2025-04-06 22:24:00.778744,0 days 00:00:10.062609,0.2237616762010662,0.02812348105473106,8,0.027781090394693026,0.045330539577582894,0.049839733116078797,0.07262431608508925,0.030874043240979157,0.0772268492358262,0.011982553883814097,30,81,0.07964526804340336,0.1661651997770181,False,True,False,8.235332316633123e-07,COMPLETE
441,0.4551250755786896,2025-04-06 22:24:00.913705,2025-04-06 22:24:21.917742,0 days 00:00:21.004037,0.37960927135465644,0.010317471446267282,2,0.01908876124343853,0.03637059515001077,0.03774474974321569,0.07492623118585175,0.034741429379905854,0.08716446171587217,0.009319091222556298,23,77,0.037278508718198926,0.17006269889199618,False,False,False,6.385108357408051e-07,COMPLETE
442,0.3688318252563477,2025-04-06 22:24:22.055549,2025-04-06 22:24:32.616339,0 days 00:00:10.560790,0.17120056439977976,0.059313788891516284,8,0.0049337986858767145,0.027273735641551847,0.025467466298250307,0.07243124750939978,0.032742166259904226,0.08122946210611466,0.006739201653531594,26,65,0.08167598296390614,0.09695457745154688,True,False,False,1.7655092553494137e-06,COMPLETE
443,0.09159234166145325,2025-04-06 22:24:32.762692,2025-04-06 22:24:42.778072,0 days 00:00:10.015380,0.31338650067699436,0.09856845977776128,8,0.00032861261838465147,0.05639419329305945,0.04637869189385983,0.07047241965443012,0.04206314710950016,0.08400322314880156,0.005402141430608893,25,75,0.07893793893459597,0.159584710722406,False,False,False,5.592730622994423e-05,COMPLETE
444,0.6036538243293762,2025-04-06 22:24:42.913850,2025-04-06 22:24:52.256150,0 days 00:00:09.342300,0.1978751477117505,0.033976334506703135,8,0.012986500825779741,0.04810535389076794,0.09356954748072731,0.06816552810487533,0.03873125052158003,0.08902115499707607,0.007685231804719222,24,110,0.07155897006678223,0.18040540094850147,False,False,True,9.581000612269046e-07,COMPLETE
445,0.11823123693466187,2025-04-06 22:24:52.405618,2025-04-06 22:25:10.675626,0 days 00:00:18.270008,0.2529656126617513,0.056163460567196594,2,0.16905259174370607,0.03907908130432618,0.04137144077916969,0.06597876592309573,0.027961138340847312,0.0756744173230623,4.183404751352068e-05,23,83,0.07557861148310344,0.02774480661909831,False,True,False,7.36539965535659e-07,COMPLETE
446,0.5497695326805114,2025-04-06 22:25:10.811846,2025-04-06 22:25:21.065173,0 days 00:00:10.253327,0.22827603821265582,0.03344599514832047,8,0.023892634443245728,0.031775773820978535,0.044378104249005935,0.07391602125903236,0.036138726751990646,0.07919538782288461,0.0050985534795389585,24,72,0.0777597763505244,0.15507709471951053,True,False,False,1.1547491685854147e-06,COMPLETE
447,0.4550542712211609,2025-04-06 22:25:21.203755,2025-04-06 22:25:31.143444,0 days 00:00:09.939689,0.2694511622160787,0.07615261599386858,8,0.12577861427185874,0.04704249732630132,0.05301081638953751,0.07795304219417332,0.08431582679571602,0.08362739243283612,0.0035519580532861333,22,13,0.028093760605984865,0.29623917357387364,False,False,False,4.470540390566758e-07,COMPLETE
448,0.5922871351242066,2025-04-06 22:25:31.293257,2025-04-06 22:25:41.294909,0 days 00:00:10.001652,0.21238947539084926,0.027546500473542304,8,0.014569994244291073,0.05249206114599871,0.04795854169759046,0.07106698467322417,0.0338611820050739,0.08706240829139175,0.004393064534418343,29,89,0.04673790253883909,0.17405330721235412,False,False,True,5.606660511920895e-07,COMPLETE
449,0.287886255979538,2025-04-06 22:25:41.434266,2025-04-06 22:26:00.984377,0 days 00:00:19.550111,0.1671098559322207,0.05350954782565136,2,0.009720358954515288,0.03877831315177837,0.050576037744850484,0.07527464860016987,0.038823625248623386,0.09024871899060499,0.009994865396122534,25,78,0.04280355651956672,0.1389081933151639,False,True,False,1.3632888177469083e-06,COMPLETE
450,0.599002754688263,2025-04-06 22:26:01.122476,2025-04-06 22:26:11.375480,0 days 00:00:10.253004,0.24120781355044363,0.0393881154626322,8,0.01810322354749712,0.0566600369542772,0.04183174053141479,0.06896239993851166,0.0317244160645839,0.06377747894249766,0.006743291836443015,23,141,0.08176044036832186,0.1484645944226483,True,False,False,8.685775615005966e-07,COMPLETE
451,0.6266703844070436,2025-04-06 22:26:11.524469,2025-04-06 22:26:21.828516,0 days 00:00:10.304047,0.34440899896473953,0.025882677944943578,8,0.10301382766313845,0.0427768975499294,0.03450328226171499,0.07301360792117866,0.03058616256762209,0.07405127924992502,0.005837814450563738,25,69,0.07279010593282503,0.16384116339991364,False,False,False,1.6189578892676896e-06,COMPLETE
452,0.3840524673461914,2025-04-06 22:26:21.968803,2025-04-06 22:26:32.443407,0 days 00:00:10.474604,0.3139876917580434,0.09275644597311075,8,0.11120341014528777,0.10651134180541255,0.03655337492750389,0.07978257687231738,0.027820825911912903,0.06984869737550638,0.008292896673537161,26,69,0.07278581406225013,0.15805671399932192,False,False,False,1.573765834733013e-06,COMPLETE
453,0.49670866727828983,2025-04-06 22:26:32.585039,2025-04-06 22:26:52.068370,0 days 00:00:19.483331,0.35002216609631376,0.06360256625272309,2,0.10448119473980493,0.03120320081457325,0.03420346675873737,0.07092365359671497,0.02962558062638315,0.07228035743277159,0.0002752282902572619,25,64,0.0672017505201339,0.14250737783921713,False,True,True,1.6772509443458803e-06,COMPLETE
