number,value,datetime_start,datetime_complete,duration,params_alpha-eval,params_alpha-train,params_batch-size,params_eps-eval,params_eps-train,params_lambda-actions-eval,params_lambda-actions-train,params_lambda-frames-eval,params_lambda-frames-train,params_learning-rate,params_n-epochs,params_n-frames,params_radius-gw,params_rho,params_std-feats,params_ub-actions,params_ub-frames,params_weight-decay,state
739,0.09159234166145325,2025-04-07 00:12:29.255450,2025-04-07 00:12:49.359304,0 days 00:00:20.103854,0.1742037794490369,0.05811029482892408,2,0.29377807624151553,0.007636916931564181,0.04460346681086936,0.03902890865513352,0.08497916154192978,0.07551836146571586,0.007338007151618447,27,18,0.06911234192359722,0.1646375386601336,False,False,True,2.9427665078326883e-08,COMPLETE
740,0.20821391642093662,2025-04-07 00:12:49.603003,2025-04-07 00:13:11.259396,0 days 00:00:21.656393,0.1306673843028418,0.11284981787277742,2,0.26882874944842905,0.01619976976947681,0.08560797479415118,0.08103468181143435,0.08680630597490907,0.03482343945416143,0.018056565619201572,29,88,0.0503106194442184,0.14792248173490588,True,True,False,1.0955442278523608e-07,COMPLETE
741,0.6079700708389282,2025-04-07 00:13:11.486272,2025-04-07 00:13:36.943948,0 days 00:00:25.457676,0.07754028900078405,0.0805925536002679,2,0.08149291143058829,0.023611182617715516,0.04959782968671494,0.0931402331000665,0.08814588957157056,0.08651531932756633,0.031467358418289224,30,91,0.062495251934219516,0.1348581115832481,False,False,False,1.609126439036432e-08,COMPLETE
742,0.487449848651886,2025-04-07 00:13:37.182290,2025-04-07 00:14:01.796621,0 days 00:00:24.614331,0.14982159713543672,0.20852926068382713,2,0.022268249144779026,0.16409647331334373,0.041984135933189705,0.07605091583191893,0.011114027683220383,0.06779974690216944,0.011250352033362788,29,81,0.04230842115342002,0.15801541456130416,False,False,False,1.984290481847374e-06,COMPLETE
743,0.5794515371322633,2025-04-07 00:14:02.021965,2025-04-07 00:14:27.383496,0 days 00:00:25.361531,0.11385484678830343,0.1788033039767384,2,0.030087909534784643,0.029001745548125263,0.09465759475651986,0.026856368548070178,0.08262955856905116,0.07708260972846004,0.008699924526191033,30,85,0.06545117854594577,0.1411286243510054,True,False,False,1.9673988882160013e-08,COMPLETE
744,0.09159234166145325,2025-04-07 00:14:27.624259,2025-04-07 00:14:49.101338,0 days 00:00:21.477079,0.0296393978340318,0.10248271868151664,2,0.08822487870034516,0.011223091034225531,0.05289945644368157,0.058170215265349774,0.06901407944049821,0.07310412015387736,0.01528511961804146,28,94,0.02450409010936285,0.15090051803305118,False,True,True,1.2656335247430201e-06,COMPLETE
745,0.591727340221405,2025-04-07 00:14:49.343875,2025-04-07 00:15:14.109950,0 days 00:00:24.766075,0.18510943167441954,0.07848234344429297,2,0.10536890727900836,0.03598361418403918,0.04604625698539209,0.08324750213986755,0.09316071519842328,0.09023770202857925,0.020969434453124304,29,78,0.07090086111752873,0.12219910234437671,False,False,False,3.222698119128704e-08,COMPLETE
746,0.42584396600723273,2025-04-07 00:15:14.336245,2025-04-07 00:15:39.336438,0 days 00:00:25.000193,0.15860322387490697,0.05741160055657643,2,0.20713546412997075,0.026055006375014896,0.09153929315404727,0.02258763295392521,0.03591171616195261,0.07077952130608159,0.013447534751558339,29,83,0.04533546615234153,0.29927287150182064,True,False,False,1.4764587358302328e-06,COMPLETE
747,0.6106696605682373,2025-04-07 00:15:39.575303,2025-04-07 00:16:05.063731,0 days 00:00:25.488428,0.09902668262285115,0.13571008910027565,2,0.14342790108984388,0.016830770803845627,0.03645549108212474,0.07761845729869082,0.09057235123016523,0.08806392175007788,0.00985362311862549,30,89,0.04835616588585454,0.24367550506768565,False,False,False,1.3551400001188813e-08,COMPLETE
748,0.10320277065038681,2025-04-07 00:16:05.295152,2025-04-07 00:16:26.466527,0 days 00:00:21.171375,0.13056393790255283,0.3352184821485803,2,0.29957389634386467,0.03378110847307163,0.050165087909077845,0.0629358343644723,0.08587887688747349,0.08374396016950526,0.011833785344795294,28,102,0.06755351284402909,0.1458404604200229,False,False,True,4.7094371345251053e-08,COMPLETE
749,0.20767956972122195,2025-04-07 00:16:26.706382,2025-04-07 00:16:48.231517,0 days 00:00:21.525135,0.05983417640603989,0.11390390468524807,2,0.024835846506654727,0.02212815432560116,0.0401443733916145,0.016658665109754774,0.08006718338653071,0.06422466229359003,0.007480338974813275,29,29,0.06925606184069921,0.162507776799653,True,True,False,2.4362802808905835e-08,COMPLETE
750,0.6125551819801331,2025-04-07 00:16:48.473500,2025-04-07 00:17:13.883941,0 days 00:00:25.410441,0.17256335287503466,0.09394993018104969,2,0.2202741361483619,0.029395453055817207,0.04773382830516374,0.00820898491837424,0.0842524904970521,0.07931151831915512,0.027038535002326752,30,93,0.06452629729125478,0.15192548025432062,False,False,False,1.1014344814057076e-06,COMPLETE
751,0.09159234166145325,2025-04-07 00:17:14.115997,2025-04-07 00:17:37.882930,0 days 00:00:23.766933,0.1417799479512597,0.23346061057282763,2,0.11810168279603227,0.005771552105069623,0.06310787653501272,0.07092987807058156,0.03668999876533309,0.08569259672604639,0.016747693694454027,28,77,0.04791442639822087,0.13155998021905702,False,False,False,3.6837547146129326e-06,COMPLETE
752,0.5757371187210083,2025-04-07 00:17:38.124326,2025-04-07 00:18:00.146303,0 days 00:00:22.021977,0.08439557764183785,0.16113615289949654,2,0.03674239155246409,0.010905431479332872,0.052982386003017454,0.08532444180284572,0.09090389884745377,0.08167536080877673,0.014165202368774001,29,87,0.07077699880280354,0.14023825111352164,True,False,True,8.415361829825705e-05,COMPLETE
753,0.4500038802623749,2025-04-07 00:18:00.376848,2025-04-07 00:18:21.022118,0 days 00:00:20.645270,0.010501059020286765,0.06844907774379519,2,0.1321103262796066,0.04039905550884082,0.09338011538693644,0.07925394505440911,0.01692574320366698,0.07414078143897711,0.021143230156093006,27,14,0.06607542436659308,0.16789223255905542,False,True,False,1.8996586706243895e-06,COMPLETE
754,0.616035807132721,2025-04-07 00:18:21.264500,2025-04-07 00:18:46.032358,0 days 00:00:24.767858,0.12070688533851369,0.1473574698856996,2,0.15438501499013002,0.0187185926602316,0.09826502036905957,0.019699982363862348,0.03434239309546333,0.009414648698066748,0.008858213392250005,29,83,0.06767386881811739,0.22110445348859983,False,False,False,3.666636319351486e-08,COMPLETE
755,0.5922428846359253,2025-04-07 00:18:46.275109,2025-04-07 00:19:11.700553,0 days 00:00:25.425444,0.1546701685347919,0.08797662292904779,2,0.02747372632686199,0.03430720862254689,0.09607044785766997,0.07036828005825026,0.08792337088291659,0.07744072592737997,0.01110577324935731,30,89,0.06302561864058634,0.15650299983935662,True,False,False,2.1381326444344444e-08,COMPLETE
756,0.46282414197921756,2025-04-07 00:19:11.932900,2025-04-07 00:19:33.021580,0 days 00:00:21.088680,0.19165763268489605,0.1217534730429314,2,0.04422611069515303,0.1074963777043936,0.05417928169564631,0.004616023908949192,0.03889621128226292,0.09344547221270068,0.000761063214439699,28,97,0.03938728240366295,0.14548391956073886,False,False,True,2.6060932354617025e-06,COMPLETE
757,0.09159234166145325,2025-04-07 00:19:33.266045,2025-04-07 00:19:54.566936,0 days 00:00:21.300891,0.0941880125467685,0.059790111391060365,2,0.09534620965631703,0.026232200718657644,0.049411955998430505,0.06102390295070117,0.08498159961051438,0.07014507933277488,0.01739668186124236,29,85,0.04624302126167475,0.066123716658464,False,True,False,2.9636876259484926e-08,COMPLETE
758,0.09159234166145325,2025-04-07 00:19:54.814014,2025-04-07 00:20:20.013252,0 days 00:00:25.199238,0.11337059765005365,0.10869180612073667,2,0.03452785563683692,0.00045813907769423276,0.04519523994860005,0.08017542238630276,0.0827292398462689,0.06666796123769793,0.007074192296979606,30,81,0.07202919872299722,0.13609877690918692,True,False,False,1.8867128389991423e-08,COMPLETE
759,0.5418724536895753,2025-04-07 00:20:20.245074,2025-04-07 00:20:45.100291,0 days 00:00:24.855217,0.6190654898744723,0.08069557199022696,2,0.10128030562631454,0.015662501822196546,0.051426063532099615,0.0755937834040855,0.013828359844218943,0.05293952395791115,0.013536757425702099,29,92,0.04447358328121826,0.021888944654497283,False,False,False,5.286702344035225e-08,COMPLETE
760,0.5492648363113404,2025-04-07 00:20:45.344594,2025-04-07 00:21:10.746694,0 days 00:00:25.402100,0.04345930932723235,0.05849471297059751,2,0.17839358059239777,0.04095616827859276,0.0483526573372451,0.06910923738232343,0.09380965237130615,0.09110244090257566,0.0238710947909255,30,26,0.051295374671090056,0.1508046392998534,False,False,False,7.928771880632597e-08,COMPLETE
761,0.4306621730327606,2025-04-07 00:21:10.985328,2025-04-07 00:21:32.499255,0 days 00:00:21.513927,0.174173072544883,0.13272418832993538,2,0.022031108186503223,0.21531603228795268,0.06980424297027066,0.08168948183978586,0.08909548699843194,0.08690869289527667,0.037505330760630916,28,86,0.09039409374418376,0.16114148160407935,True,False,True,2.597728031917561e-08,COMPLETE
762,0.09159234166145325,2025-04-07 00:21:32.743639,2025-04-07 00:21:54.182644,0 days 00:00:21.439005,0.13224876674496247,0.1904958785093044,2,0.1484205288260409,0.02397233344692359,0.04244419232223498,0.07753662284063234,0.044030593672996,0.07305595483792483,0.009847585458543926,29,77,0.0692450371240101,0.14179580507034453,False,True,False,1.5201524176381212e-05,COMPLETE
763,0.6306036949157715,2025-04-07 00:21:54.428738,2025-04-07 00:22:19.155263,0 days 00:00:24.726525,0.06702887505915395,0.10072751998653505,2,0.10956734293387208,0.03377648269131686,0.07309055966179873,0.06409098874827292,0.04876784274991931,0.07610739561067811,0.012609339866921233,29,82,0.06513567558805448,0.07609787779039717,False,False,False,1.3957012760251846e-06,COMPLETE
764,0.5938586235046387,2025-04-07 00:22:19.387790,2025-04-07 00:22:44.170738,0 days 00:00:24.782948,0.06131327833418168,0.10525227274476176,2,0.10551795527733737,0.03157483217493296,0.07526755945344382,0.0638783845656352,0.048608252850133864,0.07552927756817829,0.013244296241270184,29,83,0.060457939380204606,0.040145196652865076,False,False,False,1.7118638911157378e-06,COMPLETE
765,0.5830298781394959,2025-04-07 00:22:44.417287,2025-04-07 00:23:10.008120,0 days 00:00:25.590833,0.04196974632326875,0.12535347931354418,2,0.11340277031821037,0.0283846984524003,0.0891646570804671,0.06185652167876908,0.05054336145539115,0.07538316867389813,0.011690506397216947,30,88,0.06436287937338682,0.09075536237851468,True,False,False,2.3259515684210045e-06,COMPLETE
766,0.5660015106201173,2025-04-07 00:23:10.243319,2025-04-07 00:23:31.818453,0 days 00:00:21.575134,0.06985239828167633,0.09998174166310249,2,0.11393848187254313,0.021162197891217226,0.07851592519644982,0.06056047989107695,0.08663066371557852,0.0728315214481489,0.01626407764669248,29,21,0.058302443347701224,0.1356739444040428,False,True,True,1.4920524158938092e-06,COMPLETE
767,0.6157610416412354,2025-04-07 00:23:32.063539,2025-04-07 00:23:55.994631,0 days 00:00:23.931092,0.08873245000794264,0.14765563568023818,2,0.1047093760709952,0.012694189967517117,0.08734474794254606,0.06400497326094046,0.09169204875663176,0.07763671139718598,0.010155486012266826,28,87,0.06603152488465822,0.06177753906908261,False,False,False,1.509675531753679e-07,COMPLETE
768,0.5564867496490479,2025-04-07 00:23:56.242260,2025-04-07 00:24:21.382168,0 days 00:00:25.139908,0.0704860428400586,0.1092842893523322,2,0.12123746711072392,0.03380354931400664,0.060023438964769076,0.06506604492354134,0.05782473041071226,0.07506411452161892,0.018503088263497128,29,90,0.06287257530844517,0.08201413022425043,True,False,False,1.918913711711643e-06,COMPLETE
769,0.6398534059524537,2025-04-07 00:24:21.622850,2025-04-07 00:24:46.897440,0 days 00:00:25.274590,0.05380738709803666,0.08913858855598492,2,0.10984481814766779,0.02557412083748592,0.06828665201576253,0.06415584227437203,0.05468738975676132,0.07164739102975991,0.01199387240370687,30,84,0.0661127951613327,0.07600277665243571,False,False,False,1.6846988683090945e-06,COMPLETE
770,0.16796710491180422,2025-04-07 00:24:47.144201,2025-04-07 00:25:09.381661,0 days 00:00:22.237460,0.019475173236987386,0.0873275844451419,2,0.09862671089465935,0.01918656161949766,0.06691202884569553,0.05995133702087416,0.07048581912149851,0.06918968455813224,1.0049459682875113e-05,30,94,0.06750076258068394,0.046727710454005866,False,False,True,1.955866275984716e-06,COMPLETE
771,0.2805665194988251,2025-04-07 00:25:09.630640,2025-04-07 00:25:31.730100,0 days 00:00:22.099460,0.03435990509799586,0.08265956396578944,2,0.11115073131510404,0.024695579462144394,0.0645028704702656,0.062266194671694745,0.08050124573333405,0.07118080339460937,0.008963970492525588,30,85,0.0675792734767026,0.06610770430712479,True,True,False,1.821993694976942e-06,COMPLETE
772,0.6050008058547974,2025-04-07 00:25:31.965993,2025-04-07 00:25:57.377544,0 days 00:00:25.411551,0.04125236901584281,0.16706916886540407,2,0.19664690686653158,0.013763116461163257,0.06881074969167611,0.0010183286074530852,0.001623149008228999,0.06895662634870413,0.015518846235410234,30,99,0.06953329884841604,0.13036710533924759,False,False,False,2.7401258036514767e-06,COMPLETE
773,0.09159234166145325,2025-04-07 00:25:57.625069,2025-04-07 00:26:23.145985,0 days 00:00:25.520916,0.0522610540037339,0.1235981562699705,2,0.12771938468944571,0.006000198203306833,0.05473918072502682,0.0661819644769735,0.061872793051956074,0.071886630009629,0.010938028021458431,30,91,0.06153151911953253,0.28877782020701404,True,False,False,2.427881471100092e-06,COMPLETE
774,0.5563147068023682,2025-04-07 00:26:23.382495,2025-04-07 00:26:45.489377,0 days 00:00:22.106882,0.023958732602484902,0.07316796198929285,2,0.10004277225436628,0.020882277562843367,0.06103379255834077,0.06662981741356763,0.06485830363901934,0.06741970880463,0.008438007844138935,30,87,0.06532223296458325,0.05007677854108532,False,False,True,1.563656898316475e-06,COMPLETE
775,0.09159234166145325,2025-04-07 00:26:45.736258,2025-04-07 00:27:07.913957,0 days 00:00:22.177699,0.08156959017526744,0.13988865740405143,2,0.0912576703463131,0.0247083629240537,0.07194773256975329,0.0868444082753916,0.06634122678225839,0.07061617400824383,0.014563763462652264,30,84,0.06900637849384642,0.0329951396009741,False,True,False,1.7378759143876362e-07,COMPLETE
776,0.661315381526947,2025-04-07 00:27:08.162574,2025-04-07 00:27:33.052890,0 days 00:00:24.890316,0.09920541621385151,0.09869336393493869,2,0.12310148366518123,0.01666447355159143,0.058541733015269236,0.08392131724558576,0.0833816021475206,0.07294910441901135,0.011234439752669509,29,90,0.06347041182636842,0.12614851896837737,True,False,False,3.7210052379818597e-06,COMPLETE
777,0.5683568954467774,2025-04-07 00:27:33.292975,2025-04-07 00:27:57.815680,0 days 00:00:24.522705,0.06797351329569273,0.08342865840449748,2,0.11913987132907497,0.009231910904618302,0.09244427359841977,0.08426604302869706,0.08183748810303385,0.07333044919775678,0.007907026901421527,29,90,0.05983147274507924,0.0738975430225339,False,False,False,3.872217401748835e-06,COMPLETE
778,0.5683568954467774,2025-04-07 00:27:58.064378,2025-04-07 00:28:23.476168,0 days 00:00:25.411790,0.10346851212184635,0.07041329529173958,2,0.13475591922504798,0.014784093950248278,0.06348482330567509,0.08784098098773534,0.08155568472317948,0.07399942175762665,0.009578622804744348,30,88,0.06273005706620112,0.05195147070093724,False,False,False,6.0835263003687435e-06,COMPLETE
779,0.5663031220436097,2025-04-07 00:28:23.729286,2025-04-07 00:28:44.673960,0 days 00:00:20.944674,0.0861378832079639,0.09443355692512556,2,0.1214973586083191,0.027037594225785052,0.06132589455407104,0.08485414550474604,0.07730132778246666,0.07023923578021382,0.011789114152106192,28,38,0.05668583387437405,0.11171765479990609,True,False,True,5.010015923340187e-06,COMPLETE
780,0.09159234166145325,2025-04-07 00:28:44.911515,2025-04-07 00:29:06.980421,0 days 00:00:22.068906,0.06263506103548656,0.12082236139391017,2,0.12298043662331,0.009786611425233366,0.05775588982320282,0.08398667635883843,0.07887046368033843,0.0725290880576912,0.009308915312787575,30,86,0.061201708786608224,0.12071103564543638,False,True,False,3.5870226478715323e-06,COMPLETE
781,0.5683568954467774,2025-04-07 00:29:07.231072,2025-04-07 00:29:31.433792,0 days 00:00:24.202720,0.04759973535925098,0.05743690427208667,2,0.12807414136925438,0.016956583182344453,0.06358050646107126,0.0894679491753514,0.0835189588065889,0.029962983147844992,0.010935797693088223,28,90,0.04137155756007153,0.060362742756842946,False,False,False,3.6352246163106793e-06,COMPLETE
782,0.6023250341415405,2025-04-07 00:29:31.687979,2025-04-07 00:29:56.722319,0 days 00:00:25.034340,0.10283701589481763,0.08689822856008007,2,0.13315225906489406,0.029689039461069065,0.0654799504111174,0.0830437831609207,0.08289693176538938,0.0895381462886826,0.00700547421818491,29,83,0.05922566450514682,0.11675748998835395,True,False,False,2.2469005722548773e-06,COMPLETE
783,0.5121766328811646,2025-04-07 00:29:56.960564,2025-04-07 00:30:18.774114,0 days 00:00:21.813550,0.5906880488740208,0.10106656410990679,2,0.1275188500512955,0.022141164544224753,0.0614288786107268,0.08664677379091529,0.08453970595682149,0.06929943043897323,0.028194187216512418,29,87,0.06251576338813629,0.10474569551550603,False,False,True,1.7155827622767147e-08,COMPLETE
784,0.26510199904441833,2025-04-07 00:30:19.024526,2025-04-07 00:30:39.693106,0 days 00:00:20.668580,0.010928923311006589,0.0715535855703299,2,0.1238272817843814,0.036215749032276964,0.05911263813222854,0.08072293478704218,0.018200766127797176,0.07428554699669766,0.008132347841203529,27,92,0.06336461204686808,0.07251340209996752,False,True,False,3.109060843338045e-06,COMPLETE
785,0.3751568734645844,2025-04-07 00:30:39.946176,2025-04-07 00:31:05.399116,0 days 00:00:25.452940,0.08644169978520201,0.15051220314681002,2,0.11920510779086992,0.20058325880881825,0.05687576794641561,0.08252943807239325,0.07400962418421937,0.059495541442031036,0.021767956696441073,30,80,0.06559079748865689,0.12229751647347523,True,False,False,4.563064342375545e-06,COMPLETE
786,0.09159234166145325,2025-04-07 00:31:05.638738,2025-04-07 00:31:30.045593,0 days 00:00:24.406855,0.10523982157313522,0.873493485271112,2,0.13680430256579038,0.006437966871082404,0.06229525495186029,0.0822565572693208,0.08515981713932824,0.09178000787934947,0.011205505127963962,29,84,0.06427199547040867,0.05904801916180489,False,False,False,4.318186336532466e-06,COMPLETE
787,0.5208713173866273,2025-04-07 00:31:30.298158,2025-04-07 00:31:52.372216,0 days 00:00:22.074058,0.07664514165028413,0.12203085776600237,2,0.11242439449052227,0.013855841195512288,0.058733160093659746,0.08540673414456638,0.0812268111568688,0.08855325085049992,0.013564734927029051,30,88,0.04915063767788737,0.145644769188977,False,False,True,1.3284739251530326e-07,COMPLETE
788,0.09159234166145325,2025-04-07 00:31:52.619574,2025-04-07 00:32:13.857411,0 days 00:00:21.237837,0.04646632056190885,0.2041793973247451,2,0.10927504482786272,0.02795779936466056,0.06693751492732268,0.08153125869630763,0.046400838788175955,0.07180871539559094,0.010110495341621256,28,93,0.046974323137616424,0.1272909899288313,True,True,False,2.9018752940703724e-06,COMPLETE
789,0.09159234166145325,2025-04-07 00:32:14.109389,2025-04-07 00:32:38.623888,0 days 00:00:24.514499,0.09389707994361512,0.05544179808772913,2,0.1388506182571336,0.0013036188891153277,0.05971192415018943,0.030713953933164107,0.08004942590374901,0.020463022306267464,0.01822706051545234,29,81,0.08749927949592014,0.09939311480525272,False,False,False,3.5644561585054406e-08,COMPLETE
790,0.487156069278717,2025-04-07 00:32:38.877926,2025-04-07 00:33:04.160408,0 days 00:00:25.282482,0.11394874429350244,0.45605853199728974,2,0.10584781938344481,0.01830936043516411,0.05732542949797534,0.07761680892705125,0.004495030531522642,0.06538250492802092,1.9475508656828157e-05,30,86,0.04324991994491557,0.05279530130699897,False,False,False,5.85583864231718e-06,COMPLETE
791,0.5073568105697632,2025-04-07 00:33:04.404467,2025-04-07 00:33:29.258479,0 days 00:00:24.854012,0.06613123093068649,0.0965733790323006,2,0.13336426866257495,0.035985122447047664,0.0710037523623666,0.08451816677508099,0.08294208311111805,0.06709319413571396,0.00021760840430611517,29,90,0.06659166263716777,0.15324721835426508,True,False,False,6.454940092838176e-06,COMPLETE
792,0.3008192598819733,2025-04-07 00:33:29.512737,2025-04-07 00:33:50.797505,0 days 00:00:21.284768,0.12251681171289193,0.5847005359038184,2,0.1199531879211336,0.02745160451940894,0.056119062580815025,0.07994738424606589,0.055630375402848625,0.07678889400546089,0.03448182433115469,28,84,0.07049414548203371,0.08368135237147215,False,True,True,9.075775582801614e-08,COMPLETE
793,0.510030734539032,2025-04-07 00:33:51.055218,2025-04-07 00:34:16.458399,0 days 00:00:25.403181,0.03970722245007864,0.17559602507210742,2,0.11350846875463975,0.11548791578744452,0.09649523646264478,0.09041531988479938,0.08650185761858142,0.07376402793436718,0.04468763719254312,30,89,0.0640266600979141,0.07012965226966089,False,False,False,4.761433012597914e-06,COMPLETE
794,0.09159234166145325,2025-04-07 00:34:16.700485,2025-04-07 00:34:41.108898,0 days 00:00:24.408413,0.10469071703662133,0.747748411166878,2,0.1282304975039611,0.010485046961029552,0.09009238596461153,0.013989237681271912,0.04218145746168734,0.0902179396560542,0.01241710645822522,29,81,0.05366091393541263,0.1473127870057301,True,False,False,2.1165717243484678e-08,COMPLETE
795,0.37314807176589965,2025-04-07 00:34:41.364767,2025-04-07 00:35:06.719008,0 days 00:00:25.354241,0.08091182923700076,0.07449321668044084,2,0.10770839737258717,0.1762614647597749,0.05486725903413137,0.07945359012569794,0.08464917818784151,0.087930287846503,0.008500700397546563,30,85,0.06149384020608725,0.14046451746204655,False,False,False,1.2638682838247574e-08,COMPLETE
