number,value,datetime_start,datetime_complete,duration,params_alpha-eval,params_alpha-train,params_batch-size,params_eps-eval,params_eps-train,params_lambda-actions-eval,params_lambda-actions-train,params_lambda-frames-eval,params_lambda-frames-train,params_learning-rate,params_n-epochs,params_n-frames,params_radius-gw,params_rho,params_std-feats,params_ub-actions,params_ub-frames,params_weight-decay,state
895,0.5386042833328247,2025-04-20 16:21:07.525555,2025-04-20 16:21:16.015927,0 days 00:00:08.490372,0.9593565506587266,0.05139347936340488,16,0.08614652822571445,0.08810806647417267,0.09773624063345064,0.08376597919966504,0.024424362203077307,0.0834831791236273,0.0013472282328879394,16,133,0.018543796057697036,0.24648973200229535,True,False,False,6.417479866093637e-08,COMPLETE
896,0.576224935054779,2025-04-20 16:21:16.306278,2025-04-20 16:21:24.662878,0 days 00:00:08.356600,0.9546886074249988,0.04947240136088978,16,0.090573074482697,0.09223124096816727,0.09449268982802081,0.07795514345925847,0.018772718873256235,0.08188179865939364,0.001932469452666194,16,133,0.021636016890510885,0.2368158045810257,False,False,False,7.374253010661436e-08,COMPLETE
897,0.3222310483455658,2025-04-20 16:21:24.952371,2025-04-20 16:21:33.142643,0 days 00:00:08.190272,0.9970972215293232,0.029207900443176275,16,0.09198090409261367,0.0907179743192411,0.09572467713713322,0.08442854671419736,0.013289227694554945,0.08696435321741837,0.001343298050985519,15,132,0.018743964869110768,0.24336128601357412,False,False,False,8.624103553502314e-08,COMPLETE
898,0.626212203502655,2025-04-20 16:21:33.437673,2025-04-20 16:21:41.626482,0 days 00:00:08.188809,0.9709582879345258,0.06065945895364341,16,0.08337148199048783,0.0845673199493774,0.0928503805026799,0.08043168993760134,0.02339028887715254,0.08441229986857153,0.0009959634301065251,15,135,0.020813003341732757,0.2523136442869001,False,False,False,8.209949129906096e-08,COMPLETE
899,0.6182506561279297,2025-04-20 16:21:41.904711,2025-04-20 16:21:49.995111,0 days 00:00:08.090400,0.9482358194038909,0.05678546660961494,16,0.08945244690706378,0.08839534887817135,0.0939457296994509,0.081469675207032,0.021599088192027983,0.08521969100944407,0.002097952605351601,14,134,0.02318889527459994,0.24743564386935954,False,False,False,3.845087827872184e-08,COMPLETE
900,0.2566377639770508,2025-04-20 16:21:50.284866,2025-04-20 16:21:58.504333,0 days 00:00:08.219467,0.9668337866987881,0.02238064308570971,16,0.08297322244031391,0.09533183692556228,0.09327813053913576,0.08060262160024807,0.022427554204843048,0.0878155269892547,0.0010953499338435882,15,133,0.018746559517805773,0.23830076235880399,False,False,False,7.420025363382547e-08,COMPLETE
901,0.6162019729614259,2025-04-20 16:21:58.794175,2025-04-20 16:22:07.015404,0 days 00:00:08.221229,0.9876702271882083,0.04708703184527736,16,0.08499783233626693,0.08754740658772549,0.096969835578051,0.0875404299512844,0.02456642280028099,0.0854587596125541,0.0016475770697284874,15,131,0.02330377609050403,0.24924331675930222,False,False,False,6.981188337171751e-08,COMPLETE
902,0.6258254170417786,2025-04-20 16:22:07.312849,2025-04-20 16:22:15.583799,0 days 00:00:08.270950,0.9533679744074858,0.06623144713914327,16,0.09419497163455139,0.08378222842157482,0.09310205259717862,0.08635820864640951,0.026475592875838953,0.08392140107665035,0.0012086472508116804,15,135,0.0208748459153172,0.250466512394055,False,False,False,5.4668063563937484e-08,COMPLETE
903,0.28183340430259707,2025-04-20 16:22:15.865480,2025-04-20 16:22:23.981659,0 days 00:00:08.116179,0.9723262295754012,0.02446532699575691,16,0.08375029153727126,0.08346104315885083,0.09488304186412638,0.08616567559747311,0.027329398235815233,0.086237747167821,0.00115001941347186,14,135,0.026142164672581167,0.25050140544222377,False,False,False,3.447108608155009e-08,COMPLETE
904,0.24820298552513123,2025-04-20 16:22:24.274319,2025-04-20 16:22:32.454145,0 days 00:00:08.179826,0.9974101178866085,0.011156549720338992,16,0.09518851729519623,0.08709669721063412,0.09314399173736795,0.08242708590363843,0.02382589455017758,0.08372809096423176,0.0016389838486703394,15,135,0.022688652199293086,0.25286024784414224,False,False,False,4.8220440789656e-08,COMPLETE
905,0.3493765354156494,2025-04-20 16:22:32.748012,2025-04-20 16:22:40.839766,0 days 00:00:08.091754,0.9714839929239395,0.041296501605247324,16,0.08429500246413546,0.09548735940528107,0.098746390359267,0.08998129611499334,0.025270526760002132,0.08976481626998,0.0017889410192009228,14,134,0.027937174560093782,0.24638145432013978,False,False,False,8.625990962602055e-08,COMPLETE
906,0.5758686661720276,2025-04-20 16:22:41.133843,2025-04-20 16:22:49.333999,0 days 00:00:08.200156,0.9736405424993138,0.06383619104766676,16,0.09427897456138222,0.0842692679977176,0.09259565067202345,0.08099817080883882,0.016184216181087892,0.08767252012203969,0.002264720035951812,15,136,0.024857452653597407,0.2520816648245734,False,False,False,5.1265829068630976e-08,COMPLETE
907,0.5738995552062989,2025-04-20 16:22:49.617771,2025-04-20 16:22:57.911054,0 days 00:00:08.293283,0.9833274144533607,0.057781071092457593,16,0.09156833460796293,0.0917060170868671,0.0934772208768108,0.08517788926407308,0.021067843052406776,0.08377491960520635,0.0014085660450178438,16,132,0.02399902223876432,0.24107443352857402,False,False,False,4.5812940898591944e-08,COMPLETE
908,0.4107829749584198,2025-04-20 16:22:58.208356,2025-04-20 16:23:06.520571,0 days 00:00:08.312215,0.9588560667428063,0.04366444577309486,16,0.08347844218921657,0.08292107586733939,0.09576396021569974,0.08369819612889914,0.020339758487956487,0.08513413217266981,0.0010147940945537351,16,137,0.021311467706160766,0.2476684219059985,False,False,False,3.917442124422043e-08,COMPLETE
909,0.11370146274566652,2025-04-20 16:23:06.816892,2025-04-20 16:23:14.512867,0 days 00:00:07.695975,0.9562855378884686,0.06478650377729908,16,0.09373236410187752,0.0998070618734972,0.09550757561087872,0.07866828411840009,0.029342575302217032,0.0828591337463107,0.0014900723423792721,15,135,0.02086081585971443,0.25172015312098145,False,False,True,7.025783489236982e-08,COMPLETE
910,0.2815008878707886,2025-04-20 16:23:14.808381,2025-04-20 16:23:22.931685,0 days 00:00:08.123304,0.9802793833419414,0.031096624797180235,16,0.08731901909596902,0.08958607155877187,0.09200741703273436,0.08229769784924705,0.026203546441122556,0.08785877336384924,0.001240759115337759,14,131,0.021395206525367288,0.24681102415069833,False,False,False,8.355135866470317e-08,COMPLETE
911,0.5954999923706055,2025-04-20 16:23:23.211834,2025-04-20 16:23:31.608332,0 days 00:00:08.396498,0.9462443545673317,0.06745430780798257,16,0.08495991043951322,0.09702357585361546,0.09777781419047193,0.07905613974432762,0.01854938773339341,0.08398833769239523,0.0016800201029631113,16,136,0.020441351257911355,0.2528797833248421,False,False,False,4.7423848814023577e-08,COMPLETE
912,0.2198454976081848,2025-04-20 16:23:31.902263,2025-04-20 16:23:39.719367,0 days 00:00:07.817104,0.9426768925042299,0.04579625334441789,16,0.08022905017885147,0.08337855329690264,0.09389763791831521,0.08735981205127398,0.02189585937111792,0.08558762309520027,0.0009642730625464554,17,132,0.02231940896839418,0.2455312760407924,False,True,False,5.603824238390975e-08,COMPLETE
913,0.5983147263526917,2025-04-20 16:23:40.014803,2025-04-20 16:23:48.288572,0 days 00:00:08.273769,0.9709265587872964,0.06687212270970712,16,0.09026311211634243,0.08455107745109357,0.09194224417459743,0.08101751332847006,0.023978208173024117,0.08180018303729579,0.0011277505403738878,15,137,0.01960718113762261,0.23696534230259647,False,False,False,6.010931339251431e-08,COMPLETE
914,0.4013669013977051,2025-04-20 16:23:48.588174,2025-04-20 16:23:56.929597,0 days 00:00:08.341423,0.9429390379521883,0.02897354029502157,16,0.0957350079111557,0.08042387927371661,0.09613232412423202,0.07613005769795281,0.032608821259110486,0.08198335982527676,0.000844408636177464,16,135,0.02103619722402826,0.25487896478591465,False,False,False,9.247406587976341e-08,COMPLETE
915,0.572652292251587,2025-04-20 16:23:57.210290,2025-04-20 16:24:05.615578,0 days 00:00:08.405288,0.9810647529204232,0.05578331336677516,16,0.09475183815663801,0.09279436112806855,0.09267718091018826,0.08018549989640762,0.008818471296136502,0.08877776086029791,0.0014256480948638642,14,138,0.018459659449678964,0.2419799210710809,True,False,False,8.859717807591919e-08,COMPLETE
916,0.6226902842521668,2025-04-20 16:24:05.911711,2025-04-20 16:24:14.303828,0 days 00:00:08.392117,0.9628410312127379,0.07377782935385249,16,0.08106114874176587,0.0963653208132539,0.09466907840243809,0.0765070772047446,0.019547080821483615,0.08280172983852979,0.0009787884255150836,16,133,0.019354560933631183,0.2525377498282384,False,False,False,2.938524435254917e-08,COMPLETE
917,0.38138626217842103,2025-04-20 16:24:14.599430,2025-04-20 16:24:22.865877,0 days 00:00:08.266447,0.9410966432027672,0.04157093764276898,16,0.08846301248993238,0.09962923935017033,0.09214353260779,0.07559958201220456,0.02284868443504658,0.08552421294292888,0.001164914024762529,15,138,0.055310653307102664,0.2560445618160014,False,False,False,1.0401203455071766e-07,COMPLETE
918,0.6231297850608826,2025-04-20 16:24:23.165983,2025-04-20 16:24:31.618722,0 days 00:00:08.452739,0.9972534741225852,0.07154525195781387,16,0.08232635849355174,0.07939542913812281,0.09795965647822086,0.0829603425280388,0.024397719457166456,0.08091277495142385,0.0008798089436701291,17,136,0.01788041929427313,0.2460557021664756,False,False,False,6.071461963581111e-08,COMPLETE
919,0.2511826157569885,2025-04-20 16:24:31.902705,2025-04-20 16:24:40.069312,0 days 00:00:08.166607,0.9369308591033889,0.010428688844398029,16,0.09689632704380235,0.08683267916074844,0.09459845017528726,0.09219893523064279,0.027837634291871746,0.0866969412733361,0.0017113800496900678,15,131,0.022537295978454157,0.2523989350590105,False,False,False,8.347429161151088e-08,COMPLETE
920,0.37680706977844236,2025-04-20 16:24:40.367703,2025-04-20 16:24:48.824730,0 days 00:00:08.457027,0.95644316893075,0.05469868753141861,16,0.08855647574615065,0.09079861378137785,0.09133820072512569,0.07950606992596312,0.02652805044048266,0.08375879227202661,0.0009999023105476677,17,138,0.02070007734563045,0.25652224110742944,False,False,False,7.326770015737579e-08,COMPLETE
921,0.23481890559196475,2025-04-20 16:24:49.122713,2025-04-20 16:24:57.377838,0 days 00:00:08.255125,0.979332298216582,0.07384981432157225,16,0.09108346581741157,0.0808030992663936,0.09608255449860528,0.07506192606650035,0.018039885676791125,0.08066304533269111,0.0007318413831099565,16,134,0.0027392199752556134,0.2439853606683243,False,False,False,4.249069717876265e-08,COMPLETE
922,0.3704959332942963,2025-04-20 16:24:57.678845,2025-04-20 16:25:05.910491,0 days 00:00:08.231646,0.9467973371454682,0.03344254399645087,16,0.09802564619729107,0.09965506396349252,0.0935204594381834,0.08874665808907672,0.02221867938826605,0.08370956427026244,0.002001723463453154,15,137,0.04335177986279605,0.24025705304287703,False,False,False,1.0571689132879886e-07,COMPLETE
923,0.608883035182953,2025-04-20 16:25:06.193912,2025-04-20 16:25:14.664394,0 days 00:00:08.470482,0.9609362326664806,0.05764113598881847,16,0.08165685869750333,0.08076807205596229,0.09176401249672037,0.08612657381326533,0.025586153119141333,0.09987476709378865,0.0011837903305376134,17,139,0.018122291369548838,0.25141641121223807,False,False,False,6.635652627745544e-08,COMPLETE
924,0.4116144895553589,2025-04-20 16:25:14.960923,2025-04-20 16:25:23.021524,0 days 00:00:08.060601,0.9292292367597702,0.04320413727147067,16,0.08779708445739888,0.08953431943777633,0.09867818548989207,0.07680652643148397,0.013919346076546525,0.08151485417348758,0.0013620860111911816,14,135,0.017360355320389206,0.2571543108570298,False,False,False,1.1030429408446766e-07,COMPLETE
925,0.5802299499511718,2025-04-20 16:25:23.321217,2025-04-20 16:25:31.591045,0 days 00:00:08.269828,0.9786865095760767,0.07556658208271728,16,0.0933254277962577,0.10420064263560253,0.0912582276017462,0.0737936225526853,0.02006152746044958,0.09011087286474546,0.0008115770495490563,15,139,0.02532063619771925,0.24811009845425044,False,False,False,1.0493282704491061e-07,COMPLETE
926,0.41863471865653995,2025-04-20 16:25:31.895939,2025-04-20 16:25:40.245025,0 days 00:00:08.349086,0.9377137792579435,0.025180376191097933,16,0.08011439901672836,0.07819994932357521,0.09453245670368848,0.07425350329820234,0.01730011127274873,0.07917558634356944,0.0009412714197385482,16,132,0.019686276279707343,0.2505393859850459,False,False,False,8.384665419064275e-08,COMPLETE
927,0.3146852970123291,2025-04-20 16:25:40.532595,2025-04-20 16:25:49.046385,0 days 00:00:08.513790,0.9294943608896076,0.0606645917762134,16,0.09855986582554671,0.08478552955165145,0.0910366248375269,0.07846161447621397,0.0303230107900048,0.08671244352545578,0.0015040577267207884,18,137,0.04707863402429762,0.23671646449251274,False,False,False,1.236578733558345e-07,COMPLETE
928,0.09917894005775452,2025-04-20 16:25:49.344787,2025-04-20 16:25:57.343608,0 days 00:00:07.998821,0.926901193506779,0.07853036337850701,16,0.08338949086652866,0.09408051980323674,0.09705512969970746,0.0767244553787578,0.0200777315518286,0.0841542858415653,0.001132514181779418,17,139,0.01707124726204395,0.25587560809319815,False,False,True,6.679841861434088e-08,COMPLETE
929,0.5213305473327637,2025-04-20 16:25:57.642292,2025-04-20 16:26:06.147616,0 days 00:00:08.505324,0.9538861562741087,0.04346831765946379,16,0.21866192489125907,0.10157591022361112,0.09984266840091262,0.07980609684434505,0.025048550570142467,0.08103364781659896,0.0009631867645322179,18,134,0.016584428714018076,0.24481578683922728,False,False,False,5.3517957568685526e-08,COMPLETE
930,0.5925452947616577,2025-04-20 16:26:06.451260,2025-04-20 16:26:14.774101,0 days 00:00:08.322841,0.9978942657538215,0.0785581898516764,16,0.2704375150723203,0.07808323526296317,0.09332513410093678,0.08427230249352338,0.022840907374866687,0.09694915312264626,0.002765379868806136,16,139,0.02052142739920339,0.2580930296482379,False,False,False,1.266568586965006e-07,COMPLETE
931,0.6828821063041687,2025-04-20 16:26:15.064507,2025-04-20 16:26:23.262419,0 days 00:00:08.197912,0.9234656813021604,0.05548654739767925,16,0.23420764962964066,0.09086742986343067,0.09551693470324575,0.07383924606787612,0.021696699089039834,0.07937543361210429,0.0009105251779911324,15,131,0.018099286596394558,0.2950664663727917,False,False,False,9.222245620356375e-08,COMPLETE
932,0.29190282225608827,2025-04-20 16:26:23.560468,2025-04-20 16:26:31.722063,0 days 00:00:08.161595,0.9315055048534177,0.03194150135291305,16,0.24272352856371923,0.09109511614423105,0.0959800504934167,0.07346635121969951,0.022439984053334687,0.08256046400637382,0.0008714270681575949,14,133,0.023361733107417747,0.2953242124128166,False,False,False,8.575870644031961e-08,COMPLETE
933,0.43151900768280027,2025-04-20 16:26:32.024171,2025-04-20 16:26:40.307134,0 days 00:00:08.282963,0.9615272288775468,0.051638457345359226,16,0.250517665261928,0.09450608917139146,0.09661913763148683,0.0755414939091707,0.016008956463903636,0.0884466897076804,0.001083180533271388,15,129,0.02060816354586032,0.2946715108976779,False,False,False,6.671269450469309e-08,COMPLETE
934,0.15671682953834534,2025-04-20 16:26:40.611941,2025-04-20 16:26:48.291793,0 days 00:00:07.679852,0.9219347401535555,0.025974173756853347,16,0.22539432050539793,0.08716470043766208,0.09459375060038726,0.07270267380494129,0.021555058664462206,0.08505905175587672,0.0008316606452316318,15,129,0.03294258880559429,0.2925694499434479,False,True,False,8.981815573953092e-08,COMPLETE
935,0.5415701270103455,2025-04-20 16:26:48.594592,2025-04-20 16:26:57.079923,0 days 00:00:08.485331,0.9408917056970684,0.05761224577100915,16,0.235803150208499,0.10132078487538208,0.09328852551874096,0.07794723620226979,0.02429166229247607,0.07933344148405043,0.0013263876748903444,15,132,0.019521290492244908,0.2995711771364184,True,False,False,1.0966346621910162e-07,COMPLETE
936,0.4156932711601258,2025-04-20 16:26:57.368128,2025-04-20 16:27:05.705026,0 days 00:00:08.336898,0.9810951710024209,0.04586610580681018,16,0.23351271894191072,0.09674336599233932,0.09752661467267004,0.08176117529948339,0.007854171668239186,0.08223156978951698,0.0018077262505805584,16,131,0.02219254688619431,0.29975098597336786,False,False,False,4.196287622147644e-08,COMPLETE
937,0.6646658301353454,2025-04-20 16:27:06.007430,2025-04-20 16:27:14.022171,0 days 00:00:08.014741,0.9281478970819914,0.08431503234419215,16,0.24435716826227147,0.08641123499022853,0.09545986647825411,0.07336412100306658,0.01677916101269862,0.08022832479499413,0.0008045002193877703,13,136,0.01794531273122909,0.29284921360164423,False,False,False,9.819555696949274e-08,COMPLETE
938,0.6545965194702148,2025-04-20 16:27:14.325598,2025-04-20 16:27:22.447632,0 days 00:00:08.122034,0.922666776415097,0.08159134276172594,16,0.24096922627674214,0.08895201873361178,0.09830801524896417,0.07488953509096805,0.01666547299145224,0.07911891034399875,0.0009353528732135605,14,135,0.019358482547510523,0.2950658797415474,False,False,False,7.515546881651733e-08,COMPLETE
939,0.5571846008300781,2025-04-20 16:27:22.755653,2025-04-20 16:27:30.838437,0 days 00:00:08.082784,0.924734780490844,0.08554988761844097,16,0.24237742488142824,0.09104675164951992,0.09931746699262867,0.07491528968296737,0.015594793150159412,0.07885424850406784,0.0011946498899911213,14,131,0.026040145532079135,0.2998313129387699,False,False,False,7.40691271202891e-08,COMPLETE
940,0.646229636669159,2025-04-20 16:27:31.126819,2025-04-20 16:27:39.230637,0 days 00:00:08.103818,0.954346222531197,0.08683239097730797,16,0.25014339343565467,0.08662049190377251,0.09868665008087306,0.07678679605184364,0.017571910311491155,0.07935732966067788,0.000999006765142704,13,130,0.022086462160639964,0.29998312279038253,False,False,False,5.14596279009907e-08,COMPLETE
941,0.651237452030182,2025-04-20 16:27:39.534556,2025-04-20 16:27:47.421484,0 days 00:00:07.886928,0.9587728864413805,0.08638758401767159,16,0.2536800342639616,0.09010503915171447,0.09987407931327133,0.07699194567426265,0.01743505394885978,0.08059074261644616,0.0010005755029254232,12,132,0.02262777990139654,0.2944129278343559,False,False,False,3.68644598899318e-08,COMPLETE
942,0.6044123649597168,2025-04-20 16:27:47.727879,2025-04-20 16:27:55.624979,0 days 00:00:07.897100,0.9820907794237261,0.09242956074022764,16,0.25761575069264814,0.0868983121254876,0.09755439484122075,0.07864808440964782,0.017285375091782535,0.08086929166567815,0.0009318089072153515,12,130,0.023818988933497917,0.2957402446704915,False,False,False,3.388033577806141e-08,COMPLETE
943,0.6108773708343506,2025-04-20 16:27:55.931355,2025-04-20 16:28:04.000333,0 days 00:00:08.068978,0.9610413533953066,0.08711287108248507,16,0.24689547356514271,0.09214631887407441,0.0998245526274214,0.07722314681015849,0.019146729609727336,0.08085073016697407,0.0010676120904227835,13,129,0.023360904268675632,0.2968652951475388,False,False,False,2.606678148684038e-08,COMPLETE
944,0.4664116621017456,2025-04-20 16:28:04.306086,2025-04-20 16:28:12.332584,0 days 00:00:08.026498,0.9541482667983283,0.9253856460120992,16,0.25658984428854037,0.08382033391335811,0.09973186239715404,0.07693005610490822,0.01581339272454953,0.08236104279660457,0.0012960640276762883,13,130,0.026922892145613296,0.2993807673370703,False,False,False,3.7606106903369744e-08,COMPLETE
945,0.5906878709793091,2025-04-20 16:28:12.627857,2025-04-20 16:28:20.570847,0 days 00:00:07.942990,0.9586003785954018,0.0866502188099127,16,0.25051849820939687,0.08793926132837736,0.09871916284792161,0.07931771858315505,0.017546911255396026,0.07980514972817515,0.001003860583001658,12,129,0.025191003347078703,0.29381549165137155,False,False,False,4.606139936512345e-08,COMPLETE
946,0.648850440979004,2025-04-20 16:28:20.878513,2025-04-20 16:28:28.959827,0 days 00:00:08.081314,0.9421968092771693,0.08479883498883528,16,0.26211237893071615,0.0943866443395125,0.09999857062805137,0.07581122386128089,0.013209500337868963,0.09185065682136448,0.0008729761507909553,14,127,0.022723110746570394,0.29172580762390926,False,False,False,5.162062558706277e-08,COMPLETE
947,0.6092521071434022,2025-04-20 16:28:29.268635,2025-04-20 16:28:37.203601,0 days 00:00:07.934966,0.944988883456157,0.08085630914453593,16,0.2451825529610949,0.0965567627807189,0.09929275251822665,0.07581649829824497,0.014460972657125466,0.09260309903203368,0.0008726110284597962,12,127,0.024523714968373092,0.29266925876791444,False,False,False,5.3497459761646226e-08,COMPLETE
948,0.5311383008956909,2025-04-20 16:28:37.511159,2025-04-20 16:28:45.635261,0 days 00:00:08.124102,0.9744583280216141,0.09133458551540757,16,0.2575443420747083,0.09351610710639999,0.09968224849122707,0.0752817193192974,0.013419593552304937,0.07906305352003754,0.001236929162482008,14,128,0.02952253949718174,0.29315916695485744,False,False,False,3.1350988266714605e-08,COMPLETE
949,0.4859186053276062,2025-04-20 16:28:45.927865,2025-04-20 16:28:54.075910,0 days 00:00:08.148045,0.9412901378302932,0.6583270011399722,16,0.2609183933484941,0.09862606735387344,0.09956520590212697,0.07926065987099142,0.01316659911256371,0.09177124862704578,0.0010154329673446993,13,131,0.024674861425717044,0.2942035669089668,False,False,False,4.356063574372328e-08,COMPLETE
950,0.3971531748771667,2025-04-20 16:28:54.380843,2025-04-20 16:29:02.415624,0 days 00:00:08.034781,0.9644498163371719,0.0733562312138274,16,0.24799464515964942,0.0900373850875356,0.09737385910916566,0.07516457435788462,0.018898484644492442,0.0945917347673312,0.0007891255267524328,13,131,0.02534986285105459,0.29953618054546916,False,False,False,5.0515298820070415e-08,COMPLETE
