number,value,datetime_start,datetime_complete,duration,params_alpha-eval,params_alpha-train,params_batch-size,params_eps-eval,params_eps-train,params_lambda-actions-eval,params_lambda-actions-train,params_lambda-frames-eval,params_lambda-frames-train,params_learning-rate,params_n-epochs,params_n-frames,params_radius-gw,params_rho,params_std-feats,params_ub-actions,params_ub-frames,params_weight-decay,state
1820,0.6375696778297425,2025-04-07 06:57:48.918850,2025-04-07 06:58:12.028129,0 days 00:00:23.109279,0.16869043508955234,0.08806702889577578,2,0.004973265402308375,0.0461997941973783,0.06164771799866292,0.08945309157964243,0.09993611705931205,0.08952324032727227,0.011580446139846701,26,88,0.09990611368550166,0.11637035056891507,True,False,False,2.7713573714939316e-08,COMPLETE
1821,0.5934762477874755,2025-04-07 06:58:12.610282,2025-04-07 06:58:36.032842,0 days 00:00:23.422560,0.12902853750393606,0.13057170767571177,2,0.013996300580130707,0.06417919842896304,0.07220917736713123,0.05636387531284825,0.004324680585289377,0.08250172620311011,0.008999951091318573,27,93,0.09367902983206094,0.12618936527982008,False,False,False,2.2090555402001002e-08,COMPLETE
1822,0.6573447227478028,2025-04-07 06:58:36.641864,2025-04-07 06:59:00.719734,0 days 00:00:24.077870,0.14380143672239803,0.11155576857358916,2,0.01824644072333905,0.05320546624595877,0.06357320206049466,0.085361617119285,0.05093535834537498,0.08093908971368469,0.013890474627801536,28,88,0.09704185559650594,0.10912012573480143,False,False,False,4.218548083866327e-08,COMPLETE
1823,0.6756978750228881,2025-04-07 06:59:01.300473,2025-04-07 06:59:24.265070,0 days 00:00:22.964597,0.18159590041292795,0.13704992454973827,2,0.02819795071077887,0.040437908984326316,0.07905602821485425,0.08899145135040698,0.09710976580845404,0.08413399679582181,0.009180851395825876,26,87,0.09543240352637977,0.11915218106359322,False,False,False,2.255868654253837e-08,COMPLETE
1824,0.48513770103454595,2025-04-07 06:59:24.842414,2025-04-07 06:59:44.632921,0 days 00:00:19.790507,0.15163985402622066,0.10005711331756553,2,0.02355164879108036,0.032561505530875265,0.07323518874929323,0.08691171565944447,0.09320093394596729,0.06182734448800864,0.011542657683317772,21,97,0.09218965713124798,0.12946155944706778,False,False,False,5.746862614097168e-08,COMPLETE
1825,0.476984429359436,2025-04-07 06:59:45.237109,2025-04-07 07:00:08.538735,0 days 00:00:23.301626,0.2100876674656436,0.07436744745833068,2,0.03036178052563717,0.048548896225792455,0.07663829239682354,0.09092830789705077,0.0981717622394745,0.08645358673750604,0.008021521355843553,27,91,0.08406288002892383,0.11329527552207165,False,False,False,2.363753309393797e-08,COMPLETE
1826,0.3117244899272919,2025-04-07 07:00:09.145125,2025-04-07 07:00:29.367263,0 days 00:00:20.222138,0.13174244346418582,0.12730034738204887,2,0.01672717717943092,0.056119813913853164,0.07068224462334718,0.08174869716412887,0.08917983295299699,0.0808896175170175,0.009809388628172292,26,87,0.09997361130660595,0.13646597517329515,False,False,True,2.7394265555936118e-08,COMPLETE
1827,0.4244084119796753,2025-04-07 07:00:29.949452,2025-04-07 07:00:53.117286,0 days 00:00:23.167834,0.1341733950366648,0.1411250709828371,2,0.026336353338096842,0.25424953553399704,0.08131336791170014,0.05041991704738604,0.09595434176463412,0.08300828351659108,0.01795463480182405,26,90,0.09373131835281,0.10598491511488471,False,False,False,2.042152442385324e-08,COMPLETE
1828,0.09159234166145325,2025-04-07 07:00:53.729854,2025-04-07 07:01:14.385615,0 days 00:00:20.655761,0.1673356147268305,0.5581865957185804,2,0.02394071624523977,0.023141119051178927,0.0750874431355084,0.08884085590302525,0.09496815815912386,0.07971248699916021,0.007745550352649366,27,86,0.09082171509814294,0.12388977415785939,True,True,False,3.2167629164757674e-08,COMPLETE
1829,0.5012051343917847,2025-04-07 07:01:14.974012,2025-04-07 07:01:37.769171,0 days 00:00:22.795159,0.1214017028721382,0.10925731979793887,2,0.012788937150990876,0.04234025250885341,0.06646512012938753,0.08403718033922851,0.04423609536082948,0.085154886601335,0.012537233111411224,26,93,0.09662788595074116,0.18065721145982827,False,False,False,2.2704602561125776e-08,COMPLETE
1830,0.6707503557205201,2025-04-07 07:01:38.347447,2025-04-07 07:02:01.757320,0 days 00:00:23.409873,0.1527621218620604,0.14535728909514525,2,0.021348548396323497,0.050494061535523445,0.06927824221333581,0.09061346014373955,0.0982878244347317,0.08177370354169929,0.010217973544998765,27,89,0.09274583753169613,0.11786890931158432,False,False,False,2.039274740311433e-08,COMPLETE
1831,0.6461175322532655,2025-04-07 07:02:02.353719,2025-04-07 07:02:26.750602,0 days 00:00:24.396883,0.12835054924547606,0.12088205985747656,2,0.03273522288929774,0.038199812608061136,0.07222725392084305,0.08115057493913341,0.09170643255353413,0.09066953965960245,0.008669939761570452,28,86,0.09508324403686833,0.1111040269299197,False,False,False,2.019000541759237e-08,COMPLETE
1832,0.6204947710037232,2025-04-07 07:02:27.357136,2025-04-07 07:02:50.298490,0 days 00:00:22.941354,0.18030722998351242,0.09343597465196674,2,0.030518826480412712,0.028505082838884616,0.07734060613425967,0.08646931999638616,0.09667673783933786,0.08734793683076612,0.007654413695450162,26,85,0.09812070189702923,0.1319667137562165,False,False,False,2.740034190917258e-08,COMPLETE
1833,0.6058080196380615,2025-04-07 07:02:50.902032,2025-04-07 07:03:15.676995,0 days 00:00:24.774963,0.11065410612030155,0.1465898634533111,2,0.00766627104887993,0.05988142582542389,0.07397228376146261,0.08924770626632467,0.09371183304667265,0.083865183609533,0.010957967905931858,29,89,0.08177176914552267,0.1245664203257944,False,False,False,0.0004854031524940179,COMPLETE
1834,0.6168937683105469,2025-04-07 07:03:16.260002,2025-04-07 07:03:39.126295,0 days 00:00:22.866293,0.13930419396861055,0.12220870817095242,2,0.02370616447444248,0.047034904046159655,0.07994358778838094,0.09058919143205194,0.09675148132754367,0.08004440802788487,0.016235426213461163,26,92,0.08561979705114585,0.11417512778263136,False,False,False,7.365520478959418e-08,COMPLETE
1835,0.6379830002784729,2025-04-07 07:03:39.734985,2025-04-07 07:04:03.338473,0 days 00:00:23.603488,0.12099012415373382,0.0681677747339708,2,0.03861092053365616,0.04248321736783744,0.07057278003574502,0.08536635181190402,0.0983599798242527,0.08245829558563887,0.008937755950610365,27,84,0.09032130197449718,0.10659040984270501,False,False,False,1.9219930735308316e-08,COMPLETE
1836,0.5302778005599975,2025-04-07 07:04:03.919720,2025-04-07 07:04:15.029915,0 days 00:00:11.110195,0.15511220206514803,0.29340060569927473,8,0.032812227227988114,0.034005159379240736,0.07574184947667856,0.08789052203605922,0.09489455348800017,0.08821269556783096,0.013651258054282555,28,53,0.09238391124334533,0.19264681016916593,True,False,False,3.760601864135902e-08,COMPLETE
1837,0.4941150188446045,2025-04-07 07:04:15.639528,2025-04-07 07:04:38.527129,0 days 00:00:22.887601,0.11140979060970627,0.15062582331880497,2,0.020828528193108074,0.05440548349468025,0.06838771881358159,0.09114766958598769,0.09994320891893248,0.08465898244077397,0.0071770797124073,26,88,0.09463638757981842,0.21391475131419257,False,False,False,2.3249861588362044e-08,COMPLETE
1838,0.31761798858642576,2025-04-07 07:04:39.137258,2025-04-07 07:04:47.581762,0 days 00:00:08.444504,0.08211083890629031,0.13019716124931774,16,0.026741092637135623,0.06496210006120458,0.07337196576994025,0.09158926430424562,0.09117777952030019,0.0798815063529117,0.010236681822273148,27,95,0.09704056962197284,0.17246441147165792,False,False,True,1.7484274590952697e-08,COMPLETE
1839,0.3277519941329956,2025-04-07 07:04:48.168096,2025-04-07 07:05:08.039355,0 days 00:00:19.871259,0.03930613753976403,0.08804501244833551,2,0.037541910427659204,0.040380406217651994,0.009449276445119545,0.08822134299197966,0.09831182849134301,0.08642587715498591,0.0075746145441797615,26,86,0.08808618929591273,0.11972945998823468,False,True,False,1.8092569225648883e-08,COMPLETE
1840,0.5511418581008911,2025-04-07 07:05:08.649946,2025-04-07 07:05:32.015280,0 days 00:00:23.365334,0.1506306351562465,0.10865343044054196,2,0.04643345462153958,0.04806060390787871,0.0781879950054082,0.08633428325030273,0.09558312579865401,0.08188181823673797,0.00868585996127052,27,42,0.09069931403321953,0.12672494694684436,False,False,False,2.684603955262748e-08,COMPLETE
1841,0.6477895379066468,2025-04-07 07:05:32.606648,2025-04-07 07:05:56.481210,0 days 00:00:23.874562,0.13156352169181415,0.15940107207476809,2,0.010123576928089344,0.034953461464359806,0.07174821270849191,0.08369983965344308,0.09995905311661968,0.08347285153493779,0.011762769903680819,28,81,0.09441539497075656,0.10315030740868138,False,False,False,1.693397468079176e-08,COMPLETE
1842,0.6037150263786316,2025-04-07 07:05:57.093513,2025-04-07 07:06:22.098398,0 days 00:00:25.004885,0.1051912433151053,0.13581103541307593,2,0.01789889644362371,0.055759453765995184,0.0757487347450688,0.08983966946595341,0.09333978894195992,0.08044054440653343,0.00683350355507583,29,90,0.08509990924201935,0.13946398363239065,False,False,False,2.1812097040810823e-08,COMPLETE
1843,0.6673571586608886,2025-04-07 07:06:22.681417,2025-04-07 07:06:45.530181,0 days 00:00:22.848764,0.16942386338662974,0.11373312114551593,2,0.03127484791856505,0.04455803647255392,0.07384835263335945,0.09163596518377667,0.046940448051535966,0.07860266277611788,0.013509609948373235,26,84,0.09277703609782939,0.1105411288601538,False,False,False,3.33495628344424e-08,COMPLETE
1844,0.6546338796615601,2025-04-07 07:06:46.141873,2025-04-07 07:07:09.760168,0 days 00:00:23.618295,0.05462299502408492,0.15849050472534534,2,0.04066854988815475,0.029853613148311198,0.0820344587972286,0.0929343024784292,0.09665561837179089,0.0853691840644334,0.009082716509371076,27,87,0.08910881727506598,0.12019871095846267,False,False,False,1.702412745830021e-08,COMPLETE
1845,0.6238201260566711,2025-04-07 07:07:10.344337,2025-04-07 07:07:33.463011,0 days 00:00:23.118674,0.08818116252256983,0.14174624489755994,2,0.0037423514620609603,0.049041602392070435,0.08863149469965854,0.08915520142803535,0.0925647158724092,0.08189144973155502,0.0066955332678947845,26,82,0.09799383081540834,0.11575781932021673,True,False,False,2.477845336331583e-08,COMPLETE
1846,0.48956649303436284,2025-04-07 07:07:34.069818,2025-04-07 07:07:57.825080,0 days 00:00:23.755262,0.11427431851509674,0.09119263667565392,2,0.05167772111389249,0.03941387705606679,0.06537595282125412,0.08697923834669134,0.0980900274678903,0.08783196405582436,0.010756882633587577,27,92,0.09546742418661201,0.12889637991808256,False,False,False,1.9213683376989653e-08,COMPLETE
1847,0.5602297544479371,2025-04-07 07:07:58.409067,2025-04-07 07:08:21.370651,0 days 00:00:22.961584,0.14352968535472413,0.12585826354162424,2,0.026659281774337705,0.05984773439897803,0.07065517748358799,0.09274952529493148,0.08879937732951697,0.09034410098741708,0.007609702494486711,26,85,0.09163449961885334,0.10674165439828334,False,False,False,1.0780031040258912e-07,COMPLETE
1848,0.6629345178604126,2025-04-07 07:08:21.979626,2025-04-07 07:08:46.056441,0 days 00:00:24.076815,0.07565926405918114,0.16192206912741616,2,0.047031327506082875,0.04432561650390751,0.07819660929139972,0.09062864433777036,0.09484132295680907,0.08367973797792931,0.008673646363136505,28,89,0.08669650345138073,0.12243786091783332,False,False,False,1.5559445302340953e-08,COMPLETE
1849,0.5562228083610535,2025-04-07 07:08:46.669709,2025-04-07 07:09:07.403237,0 days 00:00:20.733528,0.19006112781617063,0.1430244406300027,2,0.02320413917435723,0.05241693172739859,0.09994822812757219,0.08258606308291366,0.09670480075562557,0.07949161276539002,0.00637560887031063,27,83,0.09294265064552103,0.1137111895590012,False,False,True,2.1126060128043955e-08,COMPLETE
1850,0.36173785328865055,2025-04-07 07:09:07.991779,2025-04-07 07:09:28.249481,0 days 00:00:20.257702,0.0281610034609904,0.10731477277749468,2,0.013388034690960674,0.29145044023171285,0.0756261352017239,0.08507857726053995,0.09819401376876272,0.08071682054016888,0.016508418425516105,26,87,0.0967717230027363,0.1978083735946068,False,True,False,1.5857165503983294e-08,COMPLETE
1851,0.6169492244720459,2025-04-07 07:09:28.863371,2025-04-07 07:09:53.660625,0 days 00:00:24.797254,0.12474794333525938,0.17368788821330117,2,0.035696410005568634,0.02546535606531789,0.06859574436815428,0.09336008418667313,0.0953608297612446,0.08588331109982202,0.011793057896248052,29,80,0.08918186867710205,0.16829438706151806,False,False,False,2.92363110330417e-08,COMPLETE
1852,0.42306635379791263,2025-04-07 07:09:54.253803,2025-04-07 07:10:17.450111,0 days 00:00:23.196308,0.09573025422617787,0.07145783608906232,2,0.04148463741649193,0.23848619732483622,0.072975668590146,0.0948980943676012,0.0908860689108594,0.08301670203018162,0.006262828021921959,26,92,0.09434242853761597,0.13384138272102647,False,False,False,4.3828565642075537e-08,COMPLETE
1853,0.5620569109916687,2025-04-07 07:10:18.062990,2025-04-07 07:10:41.765389,0 days 00:00:23.702399,0.10817533473950156,0.13445935979014578,2,0.04816026422298013,0.0349646600012153,0.07959360746152533,0.08778362387474888,0.09371740712404736,0.07833877003663237,0.0657934205735343,27,85,0.09999632309935041,0.1025085765448491,True,False,False,1.4496757602653827e-08,COMPLETE
1854,0.61126309633255,2025-04-07 07:10:42.348824,2025-04-07 07:11:06.551451,0 days 00:00:24.202627,0.05913931984749958,0.15086506056271642,2,0.055690748580832075,0.05165925869928407,0.07446270785168088,0.09053720884432856,0.09994391022779266,0.08129913359303426,0.007928452126941446,28,98,0.08333891679428813,0.11844554516572833,False,False,False,1.9312473421490076e-08,COMPLETE
1855,0.5342710614204407,2025-04-07 07:11:07.160735,2025-04-07 07:11:29.279348,0 days 00:00:22.118613,0.7284758994916095,0.11253955473768606,2,0.03062248938057757,0.04229946424535208,0.07655389059115383,0.09204474959412326,0.09686503498640768,0.08469104744605248,0.009445611770404498,25,89,0.09121741941156077,0.1096327461875632,False,False,False,1.4451878458718068e-08,COMPLETE
1856,0.603080153465271,2025-04-07 07:11:29.868893,2025-04-07 07:11:52.622732,0 days 00:00:22.753839,0.1360348712683229,0.18256431653393962,2,0.02092356984826914,0.03279896807627613,0.07111994157967892,0.09996336570258042,0.09825277289704819,0.09597513540152877,0.0072833264038302545,26,82,0.09539034332943117,0.2369670775538455,False,False,False,2.297284190981966e-08,COMPLETE
1857,0.6176565527915955,2025-04-07 07:11:53.231900,2025-04-07 07:12:17.904639,0 days 00:00:24.672739,0.21186196536541138,0.15784884526229198,2,0.036272014299701526,0.0223364506563253,0.06801316038659132,0.09420818194149343,0.09412319194899885,0.08928848742622304,0.014149801055195968,29,86,0.08808863256434527,0.13925644688576705,False,False,False,1.7664779584972734e-08,COMPLETE
1858,0.6085089087486267,2025-04-07 07:12:18.517947,2025-04-07 07:12:42.253697,0 days 00:00:23.735750,0.08392409922765895,0.08920798626958862,2,0.0528985649035737,0.07131324955130862,0.07186813646633736,0.08913008158914977,0.09599790411939897,0.07934591647193062,0.006080076848633451,27,94,0.09769364086044427,0.12424148342279788,False,False,False,1.4511369140559665e-08,COMPLETE
1859,0.6083498358726502,2025-04-07 07:12:42.846582,2025-04-07 07:12:52.018971,0 days 00:00:09.172389,0.16269537903488296,0.12513882917284558,16,0.04266236980096176,0.05732536948409497,0.07683428376962101,0.08120615601718252,0.0921478266262978,0.08240270568329144,0.009374135428950119,28,79,0.09257088352354811,0.11306385456046887,False,False,False,2.7899678059844332e-08,COMPLETE
1860,0.4146707177162171,2025-04-07 07:12:52.635355,2025-04-07 07:13:03.139750,0 days 00:00:10.504395,0.11526318141295547,0.1688603014219903,8,0.029273880681020697,0.2201097417925317,0.07409300709777747,0.0970803268088154,0.0983738908069962,0.08694680739097861,0.005723774232069619,25,84,0.09019587422672073,0.1875344873090094,False,False,False,1.8474600368561217e-08,COMPLETE
1861,0.4796801924705506,2025-04-07 07:13:03.738443,2025-04-07 07:13:24.375503,0 days 00:00:20.637060,0.09338173397709429,0.13468118171755472,2,0.05120222402576617,0.04692571047248547,0.08346862379545787,0.08690206698913079,0.09662841632529102,0.08396472049094485,0.012181167987111177,26,89,0.08561404536924672,0.1292690763677641,True,True,True,1.413589979202109e-08,COMPLETE
1862,0.5366088390350342,2025-04-07 07:13:24.964913,2025-04-07 07:13:48.556349,0 days 00:00:23.591436,0.05168117819195521,0.10810350843483522,2,0.012338433932169091,0.06368897548944008,0.08020457051939629,0.09173849156073463,0.08894072018676133,0.08130073893181132,0.007106217798814888,27,81,0.09438211092983922,0.1215113201693338,False,False,False,2.1391722564303793e-08,COMPLETE
1863,0.6661435842514039,2025-04-07 07:13:49.168346,2025-04-07 07:14:12.269384,0 days 00:00:23.101038,0.07398544229820844,0.19657207155552667,2,0.056333137936178654,0.03913835496271221,0.07012015198038686,0.09557468993338261,0.099965053762746,0.09187708852167357,0.009504257632873284,26,87,0.09667823146885618,0.10034763531357634,False,False,False,3.496474858344648e-08,COMPLETE
1864,0.5445301890373231,2025-04-07 07:14:12.889429,2025-04-07 07:14:35.142784,0 days 00:00:22.253355,0.13581802316553093,0.1464548240646403,2,0.03949800891439888,0.05155466619339961,0.0664023520726155,0.08443149093930633,0.09453114464997794,0.07794119714935363,0.00014287344258878242,25,91,0.09828253365203748,0.17822506690509407,False,False,False,1.4323304604162735e-08,COMPLETE
1865,0.6656483292579651,2025-04-07 07:14:35.732369,2025-04-07 07:14:59.066279,0 days 00:00:23.333910,0.11329927373279501,0.1721086864777996,2,0.04809901474837057,0.02854260025047589,0.07819068329507486,0.09314271431124617,0.06770793494393726,0.0855345975125305,0.010669892998640435,27,83,0.08762972899571395,0.10920060878506967,False,False,False,2.4622999440825702e-08,COMPLETE
1866,0.344834566116333,2025-04-07 07:14:59.684405,2025-04-07 07:15:22.988084,0 days 00:00:23.303679,0.09684300609241399,0.12489806623939814,2,0.02089637937192041,0.04511016380778267,0.07461633034239176,0.08958346923679202,0.02443459911346186,0.07997644404910781,1.493207568664303e-05,26,86,0.09999969435808931,0.11731449261291062,False,False,False,1.814246520160738e-08,COMPLETE
1867,0.6154965400695801,2025-04-07 07:15:23.573882,2025-04-07 07:15:42.148885,0 days 00:00:18.575003,0.14877562467789904,0.09025526816528748,2,0.028335145580699828,0.03803323614570618,0.0031264108140924354,0.09676512942529321,0.09706622085228797,0.08303346682521554,0.005424809159271613,19,79,0.09129564932420996,0.13057325839884587,False,False,False,1.213209425572718e-08,COMPLETE
1868,0.5283037304878235,2025-04-07 07:15:42.769099,2025-04-07 07:16:07.068382,0 days 00:00:24.299283,0.02144628082926748,0.3861824204732216,2,0.05647417140744053,0.05865729955965004,0.07198875543507133,0.05334208382801049,0.09188389737408376,0.08874892113525056,0.007704795897644619,28,89,0.09352997868038906,0.21964557627378575,False,False,False,1.6651400098937104e-08,COMPLETE
1869,0.5875722289085389,2025-04-07 07:16:07.689433,2025-04-07 07:16:30.789879,0 days 00:00:23.100446,0.06700142769727922,0.1559542419583833,2,0.0341324136444247,0.047201124172887396,0.07635094718008142,0.09421209284177341,0.09487053139043436,0.07708464478994329,0.006443034898734856,26,83,0.08080092765360677,0.10558632777973864,True,False,False,1.2560612049321664e-08,COMPLETE
1870,0.6290091633796692,2025-04-07 07:16:31.388990,2025-04-07 07:16:56.236209,0 days 00:00:24.847219,0.1764610554656735,0.11225701174173755,2,0.04653910264053698,0.03598945739997096,0.06968907887490586,0.09126181483873338,0.09664357236600182,0.08007967029762512,0.014872712382385965,29,86,0.09578793576733527,0.1241160920858557,False,False,False,2.5109562852147953e-05,COMPLETE
1871,0.34095863699913026,2025-04-07 07:16:56.822054,2025-04-07 07:17:16.338246,0 days 00:00:19.516192,0.08677636655702747,0.19042089066093848,2,0.04058897254683892,0.054091652807636205,0.0727360303376612,0.08803202895641132,0.09286339311732539,0.08468902480812573,0.017768579192099124,25,93,0.08949606556733843,0.1172587353185959,False,False,True,1.2894151760940915e-05,COMPLETE
1872,0.6085139989852906,2025-04-07 07:17:16.947616,2025-04-07 07:17:40.614707,0 days 00:00:23.667091,0.11881343918093779,0.21622283282386584,2,0.059170988647469884,0.04216750712715181,0.07872108506783337,0.08630408986078082,0.09806520198560886,0.08142779337626041,0.008563232494657244,27,82,0.09249629475426802,0.13413810273514815,False,False,False,0.0002988583065798218,COMPLETE
1873,0.12787399590015414,2025-04-07 07:17:41.230411,2025-04-07 07:18:01.215037,0 days 00:00:19.984626,0.042912420293703624,0.13863611227950512,2,0.01777002470733217,0.03169550790273801,0.07483894499592451,0.09782676016421964,0.09854176359760775,0.08259184502133535,0.005422949670841966,26,90,0.0866944600482707,0.11260121522403567,False,True,False,2.104584718536955e-08,COMPLETE
1874,0.6228616952896119,2025-04-07 07:18:01.807219,2025-04-07 07:18:25.498096,0 days 00:00:23.690877,0.13401095230601173,0.06749937895260633,2,0.0516811948611217,0.05100749595342508,0.08577652668220825,0.0951512403204278,0.0903494915167777,0.07861118904923987,0.04900961192742142,27,78,0.0951506380723458,0.10042962958467376,False,False,False,1.4435351588913293e-08,COMPLETE
1875,0.6155510067939759,2025-04-07 07:18:26.114494,2025-04-07 07:18:50.153837,0 days 00:00:24.039343,0.07136169045679605,0.16006922328336834,2,0.026198495149358444,0.04039489687677958,0.06438484623977275,0.09275629207249567,0.0943512313493627,0.0862971340804542,0.01181826377178454,28,96,0.08401071169836855,0.12522040292563408,False,False,False,2.9308668451635153e-08,COMPLETE
1876,0.4822257995605469,2025-04-07 07:18:50.749179,2025-04-07 07:19:13.791065,0 days 00:00:23.041886,0.09770063476474031,0.5822719524602852,2,0.032115613028496484,0.11131525334271405,0.06721072660601614,0.09034034852260231,0.07090254701502555,0.08756118119200092,0.006826157550518257,26,85,0.09334864430335778,0.11716934378635999,False,False,False,5.266508586463898e-08,COMPLETE
