number,value,datetime_start,datetime_complete,duration,params_alpha-eval,params_alpha-train,params_batch-size,params_eps-eval,params_eps-train,params_lambda-actions-eval,params_lambda-actions-train,params_lambda-frames-eval,params_lambda-frames-train,params_learning-rate,params_n-epochs,params_n-frames,params_radius-gw,params_rho,params_std-feats,params_ub-actions,params_ub-frames,params_weight-decay,state
559,0.5989673733711243,2025-04-20 15:23:22.757596,2025-04-20 15:23:34.398633,0 days 00:00:11.641037,0.7037719643888201,0.09174571732362889,8,0.08278172554655486,0.056150522611527184,0.08348766593254606,0.061469444848398835,0.06381336754782024,0.0741377965138265,0.0004445140081060969,29,136,0.020837214630778915,0.19662766714859856,False,False,False,1.503185220196833e-06,COMPLETE
560,0.5972272515296936,2025-04-20 15:23:34.585608,2025-04-20 15:23:45.833947,0 days 00:00:11.248339,0.658888041946873,0.11822737819590938,8,0.14927554290120526,0.04296362110552374,0.07672369743812237,0.057976826149390585,0.020024412186587317,0.06306045213579253,0.000636923842495892,27,132,0.016881483997458008,0.2563380562655483,False,False,False,2.671368287174026e-07,COMPLETE
561,0.44878628849983215,2025-04-20 15:23:46.008217,2025-04-20 15:23:57.398197,0 days 00:00:11.389980,0.7629320180280132,0.04557719352893969,8,0.06514432107786312,0.052365192502669834,0.08739704279798442,0.05531127541742151,0.0685514478616426,0.07032459260061397,0.0003023832965083884,28,147,0.0191930111897845,0.26595820419687116,False,False,False,3.505080219719634e-07,COMPLETE
562,0.5409045219421387,2025-04-20 15:23:57.572328,2025-04-20 15:24:09.084653,0 days 00:00:11.512325,0.5431525542829729,0.5482897199212278,8,0.07722953578535478,0.0715531270706972,0.0806133709083191,0.06698055381107902,0.07171410369467539,0.07306623255983173,0.00017014478925311905,29,140,0.013686196994626268,0.2288754117972783,False,False,False,8.352810844422718e-07,COMPLETE
563,0.4347613573074341,2025-04-20 15:24:09.271000,2025-04-20 15:24:21.066556,0 days 00:00:11.795556,0.7306043342375085,0.0756655458902665,8,0.05069537480312058,0.06095486454652996,0.06781720700696035,0.06424996977697854,0.06004275188094235,0.07761792155677423,0.00020919873890313872,28,145,0.010808233534332311,0.2154880939065029,True,False,False,5.79278674874171e-07,COMPLETE
564,0.41304739713668825,2025-04-20 15:24:21.243061,2025-04-20 15:24:32.587044,0 days 00:00:11.343983,0.8571823553415717,0.14976765883318374,8,0.0691950922596892,0.03726505266653304,0.07821437589085672,0.06059706063953868,0.0628040807087203,0.06893377471705729,0.0001379530303534881,28,78,0.06255071173717211,0.2747714794808186,False,False,False,1.1161866383453872e-06,COMPLETE
565,0.38317441940307617,2025-04-20 15:24:32.772561,2025-04-20 15:24:43.945976,0 days 00:00:11.173415,0.7873544514401908,0.02663908078393066,8,0.11384255147624096,0.048596136713060206,0.07147407686187758,0.056677582473609586,0.06631435904315258,0.08084457053198699,0.0007929141442236967,27,128,0.07006177544174447,0.284427562240145,False,False,False,1.85470834977565e-06,COMPLETE
566,0.6000220894813537,2025-04-20 15:24:44.121522,2025-04-20 15:24:55.155607,0 days 00:00:11.034085,0.83391150104741,0.10358046473667064,8,0.06255902213185022,0.04451797324660121,0.07564724850286056,0.0627560298786357,0.07015282490014332,0.06541804794855768,0.00023977926436816597,26,68,0.022304316300232226,0.25800223338026973,False,False,False,0.00012639955694848312,COMPLETE
567,0.49932656288146976,2025-04-20 15:24:55.343348,2025-04-20 15:25:06.921345,0 days 00:00:11.577997,0.88792734487925,0.47916287064760527,8,0.08957165617989758,0.06662856966372517,0.08444567942930457,0.05902253423236165,0.06495962295743554,0.0753581753184889,0.0003610272368611389,29,150,0.015863868011810642,0.22260760553521225,False,False,False,1.7809102079424312e-07,COMPLETE
568,0.6114731907844544,2025-04-20 15:25:07.099811,2025-04-20 15:25:16.005978,0 days 00:00:08.906167,0.807766231588815,0.1341610104236378,8,0.10301531744698186,0.0574781852324085,0.08215498097802013,0.05041741072506113,0.06191056483865716,0.0032391894564232984,0.0002833762945408477,13,142,0.018536498787264197,0.2633114971588698,False,False,False,5.027222211566803e-07,COMPLETE
569,0.5713161826133728,2025-04-20 15:25:16.196043,2025-04-20 15:25:40.103775,0 days 00:00:23.907732,0.7550266760735393,0.06711356590688215,2,0.07906352668893434,0.02882768210408329,0.07935016142431582,0.03239366893619506,0.06796673354677346,0.07939785513542283,0.00045431192671364104,27,147,0.00831325422768033,0.2697770948936088,False,False,False,7.374529133401663e-07,COMPLETE
570,0.5851704001426697,2025-04-20 15:25:40.281417,2025-04-20 15:25:51.732050,0 days 00:00:11.450633,0.8723667991260636,0.0920995403638884,8,0.07347585435091199,0.05326407632910243,0.08976094371879435,0.05383262637759241,0.05898084538844879,0.08383237637043667,0.0011453264329101668,28,137,0.01317948034623032,0.25025616142399937,False,False,False,2.810567039323285e-07,COMPLETE
571,0.5269466757774354,2025-04-20 15:25:51.908964,2025-04-20 15:26:03.517283,0 days 00:00:11.608319,0.8290640203822336,0.11766110071007074,8,0.05735841265118493,0.035804454269915374,0.08634257663781367,0.05571810352911307,0.06404283754746784,0.07250670140309233,0.00017953398108960369,29,18,0.016754046763155485,0.23865165585682646,False,False,False,3.821526577939048e-07,COMPLETE
572,0.6103735685348511,2025-04-20 15:26:03.705615,2025-04-20 15:26:15.374074,0 days 00:00:11.668459,0.8488761358996875,0.052401278766964085,8,0.08551313063744533,0.07509562648747188,0.04911856291224878,0.06602782933534604,0.07322801371725803,0.0674129866974922,0.0002121978999505206,30,144,0.014390882778168038,0.2118283904035287,False,False,False,9.552517106365355e-07,COMPLETE
573,0.47911598682403567,2025-04-20 15:26:15.551296,2025-04-20 15:26:26.956141,0 days 00:00:11.404845,0.7803637610587052,0.15387159628498828,8,0.09498200198725536,0.08374671704327405,0.07327628038428415,0.04747186111354869,0.06651120782495146,0.07428963655896992,0.00010277774995412352,28,126,0.020387300018283018,0.2989310192548078,False,False,False,0.0003145412661754523,COMPLETE
574,0.3852793276309967,2025-04-20 15:26:27.144688,2025-04-20 15:26:38.366249,0 days 00:00:11.221561,0.8965400752974191,0.07717532194514778,8,0.10982117016761228,0.043595563221570655,0.07782987417806736,0.06313364434925102,0.06141813264723458,0.07718859761913931,0.00013934413076487558,27,142,0.018015209425347633,0.28116846762233416,False,False,False,2.1779150845294773e-07,COMPLETE
575,0.09947876334190368,2025-04-20 15:26:38.544031,2025-04-20 15:26:48.913007,0 days 00:00:10.368976,0.7410659746538232,0.12739405370818538,8,0.06694514482602396,0.06009767625147195,0.08109089311575064,0.06037491827120139,0.056237900479170794,0.0707940024236191,0.00026371571441280103,28,132,0.015327615509627543,0.2194586437232619,False,False,True,1.3856849478877304e-06,COMPLETE
576,0.5628706812858582,2025-04-20 15:26:49.103252,2025-04-20 15:27:00.599192,0 days 00:00:11.495940,0.8021358900824437,0.17609650884659803,8,0.08288425451091831,0.022602378007316817,0.07595940281744569,0.051843241580377564,0.06950529728660755,0.06882573828012183,0.00037344070921337385,29,44,0.01945421022482677,0.2636853208914498,False,False,False,6.237080559095482e-07,COMPLETE
577,0.1236825242638588,2025-04-20 15:27:00.778048,2025-04-20 15:27:11.128240,0 days 00:00:10.350192,0.8277091261286127,0.09913367399066073,8,0.062288227045595515,0.06770932695928912,0.08203214645093612,0.05800815349542229,0.051588211787940076,0.0755458669179126,0.0003073535723004478,28,148,0.016931130311992396,0.2723851651100994,False,True,False,1.2951927844912293e-07,COMPLETE
578,0.49488313198089606,2025-04-20 15:27:11.318713,2025-04-20 15:27:22.883446,0 days 00:00:11.564733,0.7696098083155412,0.010027238020789885,8,0.07300619077721243,0.046888452131092266,0.009178097099284105,0.06736826550877088,0.06512150451081875,0.06466128820785384,0.00016099288465408842,29,145,0.012001123535636789,0.2562171494220272,False,False,False,4.963136246794607e-07,COMPLETE
579,0.5835764408111572,2025-04-20 15:27:23.063646,2025-04-20 15:27:34.326136,0 days 00:00:11.262490,0.8667505296126151,0.11334595546900324,8,0.05291806378444869,0.040074221912612756,0.07962264240877653,0.06464559388202756,0.06756411568355017,0.07151585538533534,0.0005312018647877998,27,140,0.021506167998476256,0.20486509502941785,False,False,False,1.7134663822848938e-07,COMPLETE
580,0.609489381313324,2025-04-20 15:27:34.517015,2025-04-20 15:27:45.487667,0 days 00:00:10.970652,0.71462987594791,0.07728374975908131,8,0.10151657457311727,0.0547347553073327,0.08378948932272538,0.061233524659748434,0.07106722961706899,0.08142351036086447,0.00022416566022389708,25,147,0.014517099214127383,0.1650084539670899,False,False,False,1.1793863743684926e-06,COMPLETE
581,0.5160383105278016,2025-04-20 15:27:45.667404,2025-04-20 15:27:57.489643,0 days 00:00:11.822239,0.8493731446434539,0.05726519775811554,8,0.07982915739783121,0.0319401762867199,0.09955448501395019,0.0529739173112692,0.06345576321644042,0.07880329497628155,0.0001908318022297486,30,150,0.016603584848259606,0.23443081944877703,False,False,False,8.168147234539375e-07,COMPLETE
582,0.46891314387321475,2025-04-20 15:27:57.682969,2025-04-20 15:28:08.665983,0 days 00:00:10.983014,0.8155170421865933,0.13593653548768284,8,0.12004128476869402,0.012549815712908443,0.07806344439071339,0.05499220626892683,0.05998453376235153,0.0075760256966221975,0.00012289514306899386,26,93,0.013027183822410054,0.22708120008583188,False,False,False,2.329628685293368e-06,COMPLETE
583,0.5706213116645813,2025-04-20 15:28:08.846972,2025-04-20 15:28:20.222329,0 days 00:00:11.375357,0.687752511223402,0.09665190513611943,8,0.09069643966557557,0.06312216510483086,0.08559018180789177,0.05726485383061114,0.07468029212807631,0.0667314261010369,0.0004039962609813462,28,136,0.025139638939855966,0.13681098345469936,False,False,False,4.0486658081791e-07,COMPLETE
584,0.32851646542549134,2025-04-20 15:28:20.401189,2025-04-20 15:28:32.379968,0 days 00:00:11.978779,0.793047986311676,0.0852160749655975,8,0.06669771059905658,0.05006559164785983,0.07484115973417063,0.05913441070846358,0.06615482858897659,0.07316012362105183,0.00026489157643934613,29,143,0.01763696911826662,0.24424539982877458,True,False,False,5.265122871712196e-06,COMPLETE
585,0.4536821901798248,2025-04-20 15:28:32.571712,2025-04-20 15:28:43.830451,0 days 00:00:11.258739,0.8821258574650057,0.04470584158580158,8,0.057677195769995665,0.04082436928962044,0.08849828462071034,0.04959065352683087,0.06865534091903966,0.06924584108737988,0.00033387675911369734,28,139,0.010480552373520052,0.2676050838890303,False,False,False,2.5500689695268217e-07,COMPLETE
586,0.6046616077423096,2025-04-20 15:28:44.013640,2025-04-20 15:28:55.255120,0 days 00:00:11.241480,0.7561827821339651,0.11035905271013167,8,0.07490168908551117,0.07266398876930723,0.08021185472421785,0.06274480409661488,0.06296156464878615,0.054779932376398305,0.00016377358474893556,27,123,0.01943873962861775,0.27618261055274834,False,False,False,1.7389837266540738e-06,COMPLETE
587,0.4985941648483277,2025-04-20 15:28:55.448736,2025-04-20 15:29:20.475145,0 days 00:00:25.026409,0.8415141464672108,0.1656131084969231,2,0.0702756951971939,0.05871420942996165,0.08290682353461892,0.05630112405003409,0.06510870809813414,0.08626258867261179,0.00023062674886820245,29,146,0.014851178953948056,0.2600616979396048,False,False,False,1.0771569195432954e-07,COMPLETE
588,0.2921004354953766,2025-04-20 15:29:20.658513,2025-04-20 15:29:31.902186,0 days 00:00:11.243673,0.7354065946988978,0.9927224294004166,8,0.08766720911567984,0.04757784330840101,0.07708266570290259,0.06974112329145196,0.06201047175662345,0.07719443998875207,0.000290408973372734,27,150,0.02274631912287226,0.21964535315195136,False,False,False,6.551460710414636e-07,COMPLETE
589,0.43128679990768437,2025-04-20 15:29:32.098941,2025-04-20 15:29:41.877065,0 days 00:00:09.778124,0.7852045585226463,0.06943269984546223,8,0.099211647951614,0.06496387990150691,0.08081129067862368,0.06512070853953503,0.07095588142170166,0.0825811834199898,0.00020063306651067295,18,127,0.01580266641309052,0.2868400436616434,False,False,False,3.050333565812599e-07,COMPLETE
590,0.5145948052406312,2025-04-20 15:29:42.063490,2025-04-20 15:29:53.417583,0 days 00:00:11.354093,0.8128031443785644,0.13311245540746688,8,0.06198123027430527,0.05313375464536587,0.08533837445984135,0.061107727584886536,0.06692470078238273,0.07445036752302533,0.0004615555699575348,28,132,0.01868044216574588,0.10840788220047341,False,False,False,9.409221570667156e-07,COMPLETE
591,0.41828354597091677,2025-04-20 15:29:53.612793,2025-04-20 15:30:05.088924,0 days 00:00:11.476131,0.902946478831623,0.030491059217881873,8,0.05033781944676617,0.034824531808277076,0.07318255394897726,0.05351969646949662,0.05837213905886581,0.0796382302432648,9.381331727699765e-05,29,143,0.013142394884539294,0.26948665204346983,False,False,False,2.0204539411836582e-07,COMPLETE
592,0.5537618637084961,2025-04-20 15:30:05.271386,2025-04-20 15:30:17.063214,0 days 00:00:11.791828,0.863545066613628,0.11078190400113251,8,0.07989664963631343,0.1026087619244783,0.07915069862261305,0.051144226035104864,0.053989653530444985,0.07204141654845692,0.0003445089630996864,30,145,0.017372045637914862,0.25217151563254325,False,False,False,3.359007279020482e-06,COMPLETE
593,0.37035455703735354,2025-04-20 15:30:17.259496,2025-04-20 15:30:28.654619,0 days 00:00:11.395123,0.11391216363280299,0.6735205841780884,8,0.09657602762431435,0.04130999137929418,0.08350372219267538,0.05800013835912793,0.0688711091766175,0.0761690857930409,4.292351509472461e-05,28,141,0.02027158083804674,0.26353978842800085,False,False,False,4.763936113458049e-07,COMPLETE
594,0.49690575599670417,2025-04-20 15:30:28.838638,2025-04-20 15:30:40.437084,0 days 00:00:11.598446,0.7739785772869131,0.0882481837650713,8,0.10539103061564942,0.05680934840539436,0.07618044497937027,0.0678252077445262,0.06391210199562566,0.07012740096657326,0.041461510902196436,29,148,0.015253897436882094,0.17806743392254432,False,False,False,3.470163104802639e-07,COMPLETE
595,0.0995942533016205,2025-04-20 15:30:40.632729,2025-04-20 15:30:50.710407,0 days 00:00:10.077678,0.824519207418502,0.1502945038361887,8,0.06885455197720546,0.0279640063831027,0.08769808545309674,0.0635044511508952,0.06103902122426257,0.031280234558678635,0.00013261827562420758,26,130,0.01148086467337592,0.21393522090033548,False,False,True,1.463783999887813e-07,COMPLETE
596,0.31605898141860966,2025-04-20 15:30:50.894299,2025-04-20 15:31:02.122992,0 days 00:00:11.228693,0.8470081377244081,0.05541876142352513,8,0.07560043502078445,0.06814560156886527,0.09205122811249802,0.059096379069867644,0.072737425611241,0.06366496539898092,0.0002479237096033776,27,135,0.018328098769970935,0.27872984118622124,False,False,False,7.28504699162348e-07,COMPLETE
597,0.5367936372756958,2025-04-20 15:31:02.319077,2025-04-20 15:31:13.893597,0 days 00:00:11.574520,0.7998839965118106,0.09615867421886168,8,0.05712954026563861,0.047256160693747426,0.07817962619948418,0.054425813381082905,0.0658125063782059,0.0661652017435807,0.00017003057581825974,29,138,0.013939467059319947,0.2558741780246315,False,False,False,1.0947586737127138e-06,COMPLETE
598,0.12571585774421692,2025-04-20 15:31:14.079443,2025-04-20 15:31:24.431896,0 days 00:00:10.352453,0.8826973711558856,0.1235414765307257,8,0.08396524451484867,0.07852337294883663,0.08091183932546382,0.047531406998911035,0.09846063113499612,0.06829564637431257,0.00019852771990676942,28,147,0.016196321866772424,0.2726984485129986,False,True,False,2.2894443122492057e-05,COMPLETE
599,0.48818186521530155,2025-04-20 15:31:24.618491,2025-04-20 15:31:36.457533,0 days 00:00:11.839042,0.7512398320000224,0.21322508039597854,8,0.06444505314156268,0.06155808922928994,0.08241561625452362,0.06197226749505256,0.06749491303283296,0.016725036024608675,0.0003131823283972748,30,150,0.020934200622646504,0.22488226987497226,False,False,False,5.842232694671242e-07,COMPLETE
600,0.4583596229553223,2025-04-20 15:31:36.655506,2025-04-20 15:31:47.898432,0 days 00:00:11.242926,0.34051637623600395,0.06896469267428339,8,0.09512688543143473,0.05137762886287389,0.07492194901827158,0.06009890119172184,0.0630884686672248,0.07439046419099744,0.00014818402591129407,27,143,0.01011261937980805,0.2492964059251736,False,False,False,1.3270321810182096e-06,COMPLETE
601,0.4551178872585297,2025-04-20 15:31:48.084049,2025-04-20 15:31:59.836023,0 days 00:00:11.751974,0.722802653777581,0.11425525037547114,8,0.26585580750385124,0.03727616439802883,0.07924744888274056,0.06595845612078645,0.07033653162537087,0.08049897748669492,0.0005778461311914552,28,146,0.016312498828408004,0.2937657254116547,True,False,False,2.5399258779228913e-07,COMPLETE
602,0.5039844393730164,2025-04-20 15:32:00.033047,2025-04-20 15:32:11.463862,0 days 00:00:11.430815,0.8341151195826285,0.3750798969169905,8,0.09011673243101093,0.04519789556909462,0.07723130987622301,0.05584481117251729,0.06532973839509079,0.08388145672012258,0.0003934903555832131,28,140,0.018457138848231296,0.26316987208297676,False,False,False,1.8242483646249493e-07,COMPLETE
603,0.5484161376953125,2025-04-20 15:32:11.650570,2025-04-20 15:32:23.264463,0 days 00:00:11.613893,0.8603486868937499,0.08277225418237055,8,0.11101078065388069,0.05594705372976841,0.0852612786056744,0.04886219792764876,0.059827046190722474,0.07852936709626077,0.0002532042553749481,29,133,0.012748020502483543,0.2678739449774425,False,False,False,4.1499248272174517e-07,COMPLETE
604,0.5972816944122314,2025-04-20 15:32:23.462203,2025-04-20 15:32:35.064994,0 days 00:00:11.602791,0.7680488009096376,0.1411590691007449,8,0.07289518183452076,0.07357558712707633,0.08220477543054545,0.051555032538121486,0.06879280862956577,0.06180824542934372,0.00019828847089541714,29,118,0.02271658035692891,0.2096086042469931,False,False,False,9.254791204867613e-07,COMPLETE
605,0.4277597010135651,2025-04-20 15:32:35.251653,2025-04-20 15:32:46.408733,0 days 00:00:11.157080,0.8077118144865695,0.03808643828152256,8,0.06015439487721678,0.06566279460492562,0.07970983487058844,0.05720547806397249,0.06382065757282988,0.07193873366604144,0.0001153600461473146,27,126,0.01482137975490846,0.23229421647349097,False,False,False,1.7166462572991447e-06,COMPLETE
606,0.6145849227905273,2025-04-20 15:32:46.606521,2025-04-20 15:32:57.980889,0 days 00:00:11.374368,0.9044643983085029,0.10005268550163338,8,0.08030973784232645,0.03377900474575924,0.017550113000132567,0.06402272980004356,0.06138634430550306,0.07674649337738416,0.0004562064295036188,28,145,0.018875354923880455,0.25912254235150217,False,False,False,7.298330852589062e-07,COMPLETE
607,0.5676985144615174,2025-04-20 15:32:58.171093,2025-04-20 15:33:09.147397,0 days 00:00:10.976304,0.787855578904671,0.16132211273637853,8,0.05050036701105202,0.06077267574781526,0.08994717112276406,0.06001057091291259,0.06701091570882148,0.057973692171318245,0.00029997737312921567,26,129,0.016958015615803228,0.21798216752354024,False,False,False,3.4018430493241484e-07,COMPLETE
608,0.6057312607765198,2025-04-20 15:33:09.346936,2025-04-20 15:33:34.498672,0 days 00:00:25.151736,0.817100892909903,0.06280446930356161,2,0.06785686287912876,0.04153981152524626,0.07232985173832608,0.05347404121625589,0.07253532948657622,0.06977803986572269,0.0001681133127550298,29,150,0.02067612515405678,0.27433227069087607,False,False,False,8.987847798473647e-08,COMPLETE
609,0.3570460736751556,2025-04-20 15:33:34.688833,2025-04-20 15:33:46.039754,0 days 00:00:11.350921,0.8779741238230848,0.18859375489937635,8,0.0741714953206038,0.020138483000815728,0.08704852538833299,0.062163924948986045,0.06575235941513842,0.06727427059906159,7.692835731632183e-05,28,141,0.053295010236651466,0.2024713689294208,False,False,False,5.170245807650442e-07,COMPLETE
610,0.610663914680481,2025-04-20 15:33:46.241914,2025-04-20 15:33:57.945455,0 days 00:00:11.703541,0.7408911632521292,0.12384787008188824,8,0.05477691711332776,0.05044692921887972,0.08406072363210997,0.057981066976145586,0.05672112621523478,0.0720117882766242,0.00023639410169264136,30,147,0.014648741486159963,0.28539664644113283,False,False,False,2.2282879593706126e-07,COMPLETE
611,0.538258719444275,2025-04-20 15:33:58.135774,2025-04-20 15:34:07.583948,0 days 00:00:09.448174,0.7045229334794432,0.08275519845232118,16,0.08272860892832178,0.05526424587007766,0.0760005189096805,0.07122811008423796,0.06976538017054802,0.07373970901250787,0.0003516873443208475,28,137,0.012826962358340403,0.24431174071484316,False,False,False,1.5951511344482266e-07,COMPLETE
612,0.5728870987892152,2025-04-20 15:34:07.784932,2025-04-20 15:34:18.946053,0 days 00:00:11.161121,0.8379441092003173,0.10336291548744737,8,0.0626178891022702,0.06890827027105902,0.08091147991441297,0.05540027073585119,0.062432720186489155,0.09032171877346239,0.00014206855274722543,27,122,0.016934850741149476,0.2231462483725535,False,False,False,1.2216717905359548e-06,COMPLETE
613,0.14113784432411194,2025-04-20 15:34:19.138151,2025-04-20 15:34:29.708105,0 days 00:00:10.569954,0.7648390694876821,0.13573387957137067,8,0.08868265441725554,0.025172882828866292,0.07777076065914794,0.06851149480608508,0.028292665133837103,0.08120055581761729,0.0002656069738368752,29,143,0.01954222201099762,0.25466592360271156,False,False,True,3.0195535463229143e-07,COMPLETE
614,0.5519779920578003,2025-04-20 15:34:29.910147,2025-04-20 15:34:41.406400,0 days 00:00:11.496253,0.856467936541718,0.061797186925661086,8,0.09992410806388966,0.04530454140112082,0.07409350967198085,0.06470269889806601,0.06453327515304039,0.07641317552503102,0.00020647104919634376,28,145,0.015175095617094875,0.2807666546874777,False,False,False,6.076376914655031e-07,COMPLETE
