number,value,datetime_start,datetime_complete,duration,params_alpha-eval,params_alpha-train,params_batch-size,params_eps-eval,params_eps-train,params_lambda-actions-eval,params_lambda-actions-train,params_lambda-frames-eval,params_lambda-frames-train,params_learning-rate,params_n-epochs,params_n-frames,params_radius-gw,params_rho,params_std-feats,params_ub-actions,params_ub-frames,params_weight-decay,state
671,0.35496371388435366,2025-04-20 15:44:52.598790,2025-04-20 15:45:02.984553,0 days 00:00:10.385763,0.8052623265917477,0.08772530202401517,8,0.09487640128321831,0.05946453009727157,0.08465837327148625,0.06423819196447146,0.05590492163482434,0.07096098443534908,0.0006159035447355363,27,146,0.07315805262798818,0.25736258711785015,False,False,True,8.437842079491001e-07,COMPLETE
672,0.6018580317497254,2025-04-20 15:45:03.202638,2025-04-20 15:45:14.278631,0 days 00:00:11.075993,0.8262314805632095,0.11923340038600966,8,0.10094366319440502,0.13717742088730003,0.07870345340183664,0.002218154874526465,0.06248482349150128,0.06691397592726706,0.00022240391425487122,26,135,0.01365584818839247,0.244542091711359,False,False,False,5.746230013991263e-07,COMPLETE
673,0.2566926598548889,2025-04-20 15:45:14.488335,2025-04-20 15:45:24.841775,0 days 00:00:10.353440,0.8527064069252699,0.028366344050163972,8,0.1239534189200363,0.06486912893508422,0.0815734969941036,0.06165720855538201,0.05926659755857866,0.08188815023878025,0.00041487341617580157,28,143,0.016567915404768166,0.2720667552221069,False,True,False,3.746975552808714e-07,COMPLETE
674,0.5608129739761353,2025-04-20 15:45:25.062022,2025-04-20 15:45:49.623713,0 days 00:00:24.561691,0.7634625304234541,0.062236397285848004,2,0.0878053738108439,0.08475183685480923,0.09025551530609763,0.05036892521255075,0.05327403653862357,0.09485073425316365,0.00012165084381491673,28,140,0.011613396339463372,0.26649126396815304,False,False,False,2.5396470103883915e-07,COMPLETE
675,0.33368623256683355,2025-04-20 15:45:49.832973,2025-04-20 15:45:59.210243,0 days 00:00:09.377270,0.8819899477745916,0.09789278549344795,16,0.12577663830298805,0.07429450273173607,0.07080796883688528,0.06502141978461387,0.06301921468731195,0.07362921180385679,0.00026642195381689404,27,147,0.048673273464674885,0.27790286963241706,False,False,False,9.557591656769034e-07,COMPLETE
676,0.5996919274330139,2025-04-20 15:45:59.430556,2025-04-20 15:46:10.790900,0 days 00:00:11.360344,0.7786836847895003,0.13343902391994922,8,0.04874952441685605,0.06790841687562232,0.08719383455721444,0.07067495966488846,0.060529963051616634,0.07949386349774645,0.00016316514563996062,28,145,0.01832338429385758,0.25908138962293487,False,False,False,1.9586211039029326e-07,COMPLETE
677,0.5998048067092896,2025-04-20 15:46:11.003236,2025-04-20 15:46:22.307141,0 days 00:00:11.303905,0.7170903415213031,0.0464502775715467,8,0.056794220183491215,0.0570897845076195,0.07986546494137274,0.01429413628798365,0.06534225011027671,0.07659880616284746,0.0003282916691628127,27,138,0.014881579603344594,0.24905481201066706,False,False,False,5.17535229276295e-07,COMPLETE
678,0.3317063093185425,2025-04-20 15:46:22.526931,2025-04-20 15:46:34.233340,0 days 00:00:11.706409,0.8091715476025844,0.08094659174059551,8,0.10545666790215719,0.06082049717106449,0.08283640324128065,0.02979310006021032,0.06401578592458061,0.06962579829927519,3.412264029918246e-05,28,142,0.024684181272136056,0.26327783374630886,True,False,False,7.404589551311093e-07,COMPLETE
679,0.6014552235603333,2025-04-20 15:46:34.458409,2025-04-20 15:46:45.470855,0 days 00:00:11.012446,0.8463591130284398,0.10822775475540193,8,0.1102573464838952,0.08057763862279907,0.07455039012834966,0.06764065908084413,0.06631800223768862,0.07349132328319806,0.0001935056237202384,26,64,0.021505452751810768,0.25676383558200694,False,False,False,0.0007153528373633905,COMPLETE
680,0.5806185364723206,2025-04-20 15:46:45.680244,2025-04-20 15:46:55.242289,0 days 00:00:09.562045,0.7531590295123792,0.0750907793325069,16,0.08163684952697596,0.0698556600076841,0.07750321084934401,0.05310354200753454,0.07738421271751585,0.07135830918339918,0.00024698982229222875,29,147,0.008376601917805166,0.27178989228975653,False,False,False,1.3044149294940443e-06,COMPLETE
681,0.4252756476402283,2025-04-20 15:46:55.465816,2025-04-20 15:47:06.841501,0 days 00:00:11.375685,0.8197636908910254,0.12455571408446647,8,0.06307087553763724,0.05584068437159729,0.08133151258323808,0.04843593266925511,0.05742926218046953,0.08514020543786413,0.0003935079666556183,28,145,0.017049583759447345,0.2532206553957911,False,False,False,3.1765620671314436e-07,COMPLETE
682,0.6186303973197937,2025-04-20 15:47:07.053297,2025-04-20 15:47:18.254701,0 days 00:00:11.201404,0.7951702430646529,0.15412779075312116,8,0.22579915999183914,0.06458685152111322,0.08516803079192647,0.06303891339559678,0.07136492761794176,0.07557444663995504,0.0002880881576742973,27,134,0.013328939077375564,0.2998499349205564,False,False,False,4.5129334344142785e-07,COMPLETE
683,0.39227734804153447,2025-04-20 15:47:18.480890,2025-04-20 15:47:29.527180,0 days 00:00:11.046290,0.7977385842843703,0.04944727292532605,8,0.2082700671595959,0.07473307486506311,0.0886047776941822,0.0632459277321356,0.07590968067670462,0.07592129082483405,0.00032151127288945904,26,134,0.009833336883751424,0.2993813241088383,False,False,False,4.0899098731367254e-07,COMPLETE
684,0.5996676445007325,2025-04-20 15:47:29.739102,2025-04-20 15:47:41.027802,0 days 00:00:11.288700,0.7939940886851521,0.09374133867530754,8,0.09891913288334452,0.06514473803397368,0.08620124610762825,0.06260869410468557,0.09325488723444145,0.07757158616012474,0.00028981291950907015,27,136,0.01168495605708661,0.29389120995777446,False,False,False,4.3492777658403475e-05,COMPLETE
685,0.6030305027961731,2025-04-20 15:47:41.251899,2025-04-20 15:47:52.035882,0 days 00:00:10.783983,0.8253524510295323,0.14986292721482783,8,0.18854275913415164,0.07033069453562675,0.0858762903366477,0.0655957136536328,0.07028072370165084,0.07393929101487634,0.0004785104388080324,25,138,0.012671872457108132,0.2961815835689764,False,False,False,3.0119179409965285e-07,COMPLETE
686,0.5203645944595338,2025-04-20 15:47:52.246587,2025-04-20 15:48:01.687891,0 days 00:00:09.441304,0.7772445830258083,0.0658621788667713,16,0.24246657150233525,0.0626678722140124,0.08458288163296226,0.060211044873543854,0.07391309618812195,0.07957170249953609,0.0003594775319695673,27,134,0.010081269225738067,0.29163052144875634,False,False,False,2.384641795084452e-07,COMPLETE
687,0.4700118720531464,2025-04-20 15:48:01.914491,2025-04-20 15:48:13.172203,0 days 00:00:11.257712,0.8062402191490268,0.021414556700053988,8,0.25959090263951934,0.07547270880111606,0.09214966484321581,0.06373161822040103,0.07139998074391452,0.07564454730556772,0.00027203793307462677,27,141,0.013159254703109531,0.2887368067000333,False,False,False,4.287358115483291e-07,COMPLETE
688,0.5343348622322083,2025-04-20 15:48:13.398444,2025-04-20 15:48:22.948043,0 days 00:00:09.549599,0.2431640942178515,0.10605061267614693,8,0.23040893905362264,0.09648090677585089,0.08846975239870751,0.07454532500526821,0.0730353625198684,0.07740503850652428,0.0004242630935935141,17,23,0.014112375430137597,0.2993330093924427,False,False,False,3.4594193748022377e-07,COMPLETE
689,0.5387525796890259,2025-04-20 15:48:23.161888,2025-04-20 15:48:34.251918,0 days 00:00:11.090030,0.8355332518932185,0.15690541997358456,8,0.29429681690077836,0.06476101561337386,0.08368204711073658,0.06129855579157152,0.04906765608998805,0.07278141586695051,0.00030786223272691624,26,139,0.014610371051379453,0.28153878183587944,False,False,False,1.9065706163907362e-07,COMPLETE
690,0.5859862804412842,2025-04-20 15:48:34.479187,2025-04-20 15:48:45.661582,0 days 00:00:11.182395,0.8616553525359406,0.08350805429252264,8,0.23166404216374328,0.06942289413526849,0.08654391652729589,0.06713003996517664,0.061778269514569384,0.07527536214710322,0.0005760483903635704,27,132,0.01185968832878019,0.2920123868185663,False,False,False,4.967611459591304e-07,COMPLETE
691,0.6184146404266357,2025-04-20 15:48:45.875598,2025-04-20 15:48:55.121960,0 days 00:00:09.246362,0.7867627205144595,0.12596860243334163,16,0.17195829863450524,0.0584403653133918,0.08427800834414743,0.06464060926412439,0.05917585480297905,0.08862770315137991,0.0002337081314867052,26,136,0.008179215621492182,0.2950069047212237,False,False,False,2.8119296741191997e-07,COMPLETE
692,0.14011418521404267,2025-04-20 15:48:55.349156,2025-04-20 15:49:03.988344,0 days 00:00:08.639188,0.7880967946113946,0.10790060206777585,16,0.15637191731905103,0.06064907108597336,0.08783001492443608,0.06531242876688859,0.05776106468301044,0.08858003758161033,0.00025585967220013853,26,137,0.0075387735725868195,0.2962859297101634,False,False,True,2.643717779426805e-07,COMPLETE
693,0.3056743562221527,2025-04-20 15:49:04.201892,2025-04-20 15:49:13.520608,0 days 00:00:09.318716,0.811025894939514,0.062157924465003025,16,0.18071630096260147,0.05931867332038839,0.046295564878244606,0.06400490539125622,0.053984910585243635,0.08920416689070436,0.000360965168609655,26,136,0.0038497190531028708,0.2988743214205668,False,False,False,2.2258918731841263e-07,COMPLETE
694,0.18130646944046022,2025-04-20 15:49:13.745887,2025-04-20 15:49:22.494501,0 days 00:00:08.748614,0.7949302878000042,0.12283708420594955,16,0.1966160776013569,0.06600139540828101,0.09069860708892771,0.06650538140251115,0.05497410614362293,0.09143642398855596,0.000288299361562407,27,140,0.005733074371738528,0.2940762155736205,False,True,False,2.8840742453148713e-07,COMPLETE
695,0.2602849006652832,2025-04-20 15:49:22.709794,2025-04-20 15:49:31.992685,0 days 00:00:09.282891,0.4470974706579866,0.08393208221248898,16,0.15103883215784547,0.07733144163538068,0.08468789798768134,0.06856462881158416,0.05737941568847324,0.09024660522880669,0.00023299439036227735,26,142,0.004987573244396233,0.06579937034199505,False,False,False,1.639950632422033e-07,COMPLETE
696,0.41679100394248964,2025-04-20 15:49:32.218637,2025-04-20 15:49:41.619216,0 days 00:00:09.400579,0.8242445152213532,0.04416543802863807,16,0.16538665225754387,0.05697919054778011,0.08578963301974515,0.06300318489773271,0.059328244239717595,0.08572322223759579,0.000388700329695492,27,144,0.010403657674904565,0.29301995223240856,False,False,False,2.9933955198180896e-07,COMPLETE
697,0.2819688498973847,2025-04-20 15:49:41.847382,2025-04-20 15:49:51.214819,0 days 00:00:09.367437,0.7729830457072434,0.09882788612881307,16,0.17202480176212073,0.06845227901434198,0.034158342317222784,0.0615412651062833,0.0593781444887511,0.09713995717407745,0.0063232958724955424,27,137,0.0051667158568368225,0.29966290730986744,False,False,False,2.0283614107936422e-07,COMPLETE
698,0.3065983474254608,2025-04-20 15:49:51.430302,2025-04-20 15:50:01.137785,0 days 00:00:09.707483,0.8392641353439005,0.32485937386821984,16,0.13788631791217376,0.061001544248045506,0.0841571306868657,0.0659810767454083,0.06115581873475134,0.08929784879271781,0.00033150442093339794,27,148,0.007294338263455956,0.29953688867844214,True,False,False,3.735557722726303e-07,COMPLETE
699,0.6233536601066589,2025-04-20 15:50:01.366577,2025-04-20 15:50:10.622950,0 days 00:00:09.256373,0.811584537218156,0.07106018963693081,16,0.2445503373511913,0.052789751100284915,0.08865158171612457,0.06976312436501123,0.05512647914492482,0.08311740086801032,0.0005112554034759838,25,139,0.007731837020581663,0.2878167683681959,False,False,False,2.6454517827850523e-07,COMPLETE
700,0.4519578754901886,2025-04-20 15:50:10.838993,2025-04-20 15:50:20.040679,0 days 00:00:09.201686,0.8112454423714345,0.031337026666168055,16,0.26386708008104265,0.053738611278517014,0.09020461162159764,0.07045446902753073,0.05744636595072825,0.08323942895894258,0.0007337322707179055,25,140,0.00804430105828686,0.28747672568321464,False,False,False,2.1130853450583583e-07,COMPLETE
701,0.48769972324371336,2025-04-20 15:50:20.268951,2025-04-20 15:50:29.432913,0 days 00:00:09.163962,0.8088565609447235,0.011660717319209285,16,0.11637912649923539,0.060544233082704714,0.09263402343633644,0.07158512540633762,0.0522773219160325,0.08685248299007577,0.0005283417343494195,25,139,0.0018514759356510757,0.2894035572751948,False,False,False,2.558791792266923e-07,COMPLETE
702,0.2849138140678406,2025-04-20 15:50:29.651202,2025-04-20 15:50:38.857962,0 days 00:00:09.206760,0.833757977156595,0.05677122176433322,16,0.24836770109247133,0.0709637153229265,0.08855928952747529,0.07240155611898885,0.054947456712885936,0.08455869358074848,0.000441160711888691,25,142,0.006119636728491558,0.28713871269020524,False,False,False,3.243532430980089e-07,COMPLETE
703,0.6093565583229066,2025-04-20 15:50:39.086513,2025-04-20 15:50:48.556026,0 days 00:00:09.469513,0.8561435326120902,0.07143179153870664,16,0.2448225113536639,0.0658059075901023,0.09528723872616862,0.06866859001119031,0.05508901057109529,0.08724858974210008,0.0005111083271316114,26,137,0.008156168022183644,0.2940270896407383,False,False,False,2.5187317866428546e-07,COMPLETE
704,0.4426738739013672,2025-04-20 15:50:48.789237,2025-04-20 15:50:58.059305,0 days 00:00:09.270068,0.7936942533588206,0.04238429969160468,16,0.15009769352149097,0.055990441225243444,0.08885235473173686,0.06986023483425056,0.056538005771622435,0.08316244057786612,0.00035934493966814353,26,144,0.0030970436117806893,0.2832419527115907,False,False,False,1.691610496610441e-07,COMPLETE
705,0.44848395586013795,2025-04-20 15:50:58.275747,2025-04-20 15:51:07.289323,0 days 00:00:09.013576,0.8213888977041023,0.06692819194285969,16,0.2741961445796786,0.07683494300720115,0.08707099720854534,0.07442945450739591,0.05380593206520619,0.08612753825377084,0.0006407193361179685,24,10,0.007192824974922447,0.2999959903053431,False,False,False,3.307231458223667e-07,COMPLETE
706,0.36201227903366096,2025-04-20 15:51:07.523044,2025-04-20 15:51:16.814809,0 days 00:00:09.291765,0.8800913895802484,0.081176384824468,16,0.09207348983470962,0.06254990250703271,0.090867190859922,0.06914277466349661,0.05793004050979492,0.08191205341092296,0.00046743943984271146,26,140,0.006778524297168003,0.29085280610424413,False,False,False,1.3742877385207073e-07,COMPLETE
707,0.42752224206924444,2025-04-20 15:51:17.032660,2025-04-20 15:51:26.210958,0 days 00:00:09.178298,0.8420894312489187,0.05136575821039083,16,0.22116253473498187,0.08284097131671368,0.08677856143267744,0.06734442186776778,0.05927772381966502,0.08445623057653683,0.00043790000911187994,25,136,0.008200012472056468,0.2856922281243559,False,False,False,2.3506030931708615e-07,COMPLETE
708,0.563725244998932,2025-04-20 15:51:26.443810,2025-04-20 15:51:35.675276,0 days 00:00:09.231466,0.8076560545561488,0.08599458294496308,16,0.22761533537405407,0.052985610820137766,0.09291073340264891,0.06483504648490716,0.050119296058008585,0.08793826875515984,0.00041982145241249236,26,29,0.005195803878831426,0.2938244667103619,False,False,False,4.1136879471921867e-07,COMPLETE
709,0.4218707203865052,2025-04-20 15:51:35.894123,2025-04-20 15:51:45.318036,0 days 00:00:09.423913,0.8621920542155432,0.036274372009329224,16,0.27657318889028143,0.07075340438661357,0.0896934816698551,0.07270731772867613,0.056107577461217306,0.08108755639096331,0.0005238022244146107,27,143,0.009635686527150529,0.28142454727353367,False,False,False,1.832889280627854e-07,COMPLETE
710,0.48523966073989866,2025-04-20 15:51:45.549382,2025-04-20 15:51:54.754380,0 days 00:00:09.204998,0.8211235872214919,0.06684357686933134,16,0.25380504564600725,0.05798346184709875,0.08769096838870152,0.06654935401554087,0.05580441220268537,0.08049469182574748,0.0003193825251633725,26,36,0.01161150753557395,0.2874852413714349,False,False,False,2.966834672637979e-07,COMPLETE
711,0.19484726786613465,2025-04-20 15:51:54.988460,2025-04-20 15:52:03.782699,0 days 00:00:08.794239,0.7895987349999455,0.09539225200974541,16,0.10987501280151976,0.06542868281369366,0.08556130860298672,0.06387585838199356,0.059921136737670154,0.08251412425652489,0.00036838347438207796,27,148,0.00913133149527026,0.28631288790225784,False,False,True,2.579449671895635e-07,COMPLETE
712,0.5785666584968567,2025-04-20 15:52:04.002025,2025-04-20 15:52:13.305376,0 days 00:00:09.303351,0.8929058197837997,0.11768925150654451,16,0.10341245582949044,0.05243000676774402,0.08472795878883618,0.06033491435761786,0.05222675267812972,0.09155644703443519,0.00028375045051006647,26,150,0.0098063900244095,0.29988267891477266,False,False,False,3.528770940549125e-07,COMPLETE
713,0.15723431408405306,2025-04-20 15:52:13.537960,2025-04-20 15:52:21.556722,0 days 00:00:08.018762,0.42058270903534833,0.4968172438130899,16,0.2831720239759591,0.059503489632331805,0.08707475162106774,0.0626981349860929,0.0581768572704778,0.07939061733126246,0.0005570946202069658,20,146,0.01036181799767764,0.29237911381013815,False,True,False,2.0464221896389036e-07,COMPLETE
714,0.2630971193313599,2025-04-20 15:52:21.777107,2025-04-20 15:52:31.152328,0 days 00:00:09.375221,0.8417743187996715,0.05934989389808015,16,0.22321412614923297,0.0738023449178924,0.08990060014202493,0.06965474425084801,0.060129322601746596,0.08345594901396178,0.0003744224303294154,27,139,0.003849636098049714,0.27774868456415613,False,False,False,4.3682499442652384e-07,COMPLETE
715,0.540621566772461,2025-04-20 15:52:31.386059,2025-04-20 15:52:40.808590,0 days 00:00:09.422531,0.8679930425072108,0.08674404881004087,16,0.24671651162713298,0.06688590326487734,0.08278477083919063,0.06495142185668865,0.05914367183618501,0.07819501975374134,0.0007761442416900855,27,144,0.012750342809177565,0.2825996578248477,False,False,False,1.44653588787489e-07,COMPLETE
716,0.6186668753623963,2025-04-20 15:52:41.029727,2025-04-20 15:52:50.397561,0 days 00:00:09.367834,0.7795461894840959,0.13632125011922436,16,0.21555618621259337,0.11406031230929964,0.08535232157680026,0.06770632369988037,0.06140857503394518,0.08588371544151098,0.00030514458549413265,27,142,0.01083726532490298,0.2954006011509328,False,False,False,2.7516586757662365e-07,COMPLETE
717,0.6109061360359193,2025-04-20 15:52:50.630592,2025-04-20 15:52:59.931073,0 days 00:00:09.300481,0.80396082215935,0.17264028603445514,16,0.22576761726973296,0.04893051464123131,0.08884964447250496,0.07132750755633496,0.06285776994679197,0.08745462915878266,0.0002593949617185564,26,135,0.008765587586017951,0.29017132007206775,False,False,False,2.3286794563684707e-07,COMPLETE
718,0.5971319198608399,2025-04-20 15:53:00.166984,2025-04-20 15:53:09.573080,0 days 00:00:09.406096,0.8269044883814438,0.1458628690013547,16,0.2417234062629313,0.15195343887456972,0.08610269546044172,0.06828633942748599,0.06200330460475345,0.08569283805192172,0.0003047909434563635,27,141,0.007994861390637136,0.2951264646534842,False,False,False,1.093981093365133e-07,COMPLETE
719,0.4035889387130738,2025-04-20 15:53:09.795287,2025-04-20 15:53:19.747953,0 days 00:00:09.952666,0.7873886098972931,0.1967597424706041,16,0.23522218522333502,0.14553323768114984,0.08464875473233852,0.06838787867231756,0.061599775188901675,0.08787605540627304,0.00023712872813365596,28,147,0.009566801594371187,0.2998456257161937,True,False,False,3.9068097853234385e-07,COMPLETE
720,0.5913024067878724,2025-04-20 15:53:19.981435,2025-04-20 15:53:29.317199,0 days 00:00:09.335764,0.8470224743361172,0.24509039795489806,16,0.251359950657372,0.05621807811055864,0.0913914912085297,0.071149400282053,0.06199716470149205,0.08447836214708829,0.00029310248977679415,25,139,0.01076162465419334,0.2887069601745707,False,False,False,6.66777420973581e-08,COMPLETE
721,0.5878241896629334,2025-04-20 15:53:29.539937,2025-04-20 15:53:38.971007,0 days 00:00:09.431070,0.8183833166949303,0.13694843437457785,16,0.22432924979210367,0.1151005587092975,0.08689284755240136,0.05979920692380914,0.06014671323929369,0.08940536438200508,0.00022392588479214765,28,150,0.00700807787036159,0.29204923549878703,False,False,False,1.8160614628191762e-07,COMPLETE
722,0.6086496710777283,2025-04-20 15:53:39.204654,2025-04-20 15:53:48.428901,0 days 00:00:09.224247,0.8834100250740249,0.13754167436117515,16,0.2216815640239236,0.05270554444241083,0.08440074202645266,0.06687461324680626,0.06329366213880995,0.09355028465200718,0.0004234008954928893,26,135,0.010749294246233877,0.2934933144892428,False,False,False,5.24614034625727e-07,COMPLETE
723,0.5002586364746093,2025-04-20 15:53:48.652966,2025-04-20 15:53:58.104629,0 days 00:00:09.451663,0.849907618453587,0.16550669069022872,16,0.21734863711615227,0.0959428028614291,0.08861779765824859,0.07339682212098239,0.06124620411978229,0.08442618113002914,0.0010186067889751654,27,145,0.011985702695397015,0.2864252179110553,False,False,False,2.852268830627828e-07,COMPLETE
724,0.3390509247779846,2025-04-20 15:53:58.338655,2025-04-20 15:54:07.884478,0 days 00:00:09.545823,0.7961172865325266,0.11429452302532345,16,0.20389839547398356,0.05223683769446594,0.08321073276833844,0.06983976657003418,0.07488738217819366,0.0867950558681277,0.0002691818938266995,28,147,0.09677915720125377,0.2810951607572283,False,False,False,3.62672473997632e-07,COMPLETE
725,0.4531331658363343,2025-04-20 15:54:08.120817,2025-04-20 15:54:17.545776,0 days 00:00:09.424959,0.8246337030870443,0.1382723491056337,16,0.22785571166144178,0.06177742540559356,0.08628161761113856,0.06158818797814372,0.06392949675220042,0.08149925253897962,0.004497904591855235,27,143,0.005587485302799198,0.28301501655487915,False,False,False,1.612855153952942e-07,COMPLETE
726,0.39724391698837286,2025-04-20 15:54:17.771093,2025-04-20 15:54:27.282473,0 days 00:00:09.511380,0.8668370488356315,0.12788217927178502,16,0.2320398766787736,0.05815898956398882,0.08507807551167931,0.06755851669618088,0.060019644500863015,0.08556461398064698,0.00033174931895180756,28,141,0.04524678207193336,0.2937187901243826,False,False,False,2.3948148520841363e-07,COMPLETE
