number,value,datetime_start,datetime_complete,duration,params_alpha-eval,params_alpha-train,params_batch-size,params_eps-eval,params_eps-train,params_lambda-actions-eval,params_lambda-actions-train,params_lambda-frames-eval,params_lambda-frames-train,params_learning-rate,params_n-epochs,params_n-frames,params_radius-gw,params_rho,params_std-feats,params_ub-actions,params_ub-frames,params_weight-decay,state
111,0.6001577973365784,2025-04-20 13:57:08.387730,2025-04-20 13:57:19.503562,0 days 00:00:11.115832,0.6993244856682846,0.149487330291451,8,0.01853559458982886,0.031274591448896306,0.06950303627341968,0.031127209757215772,0.08117479238178638,0.09236016834714189,0.000254474694116669,27,135,0.014983083989879966,0.25705786810281017,False,False,False,9.849522054608577e-08,COMPLETE
112,0.5420053958892823,2025-04-20 13:57:19.540954,2025-04-20 13:57:31.051614,0 days 00:00:11.510660,0.66550741195174,0.10950311068531374,8,0.034974832297985065,0.03130936236341904,0.0848207182033469,0.023136591543745547,0.08172441591347461,0.0976325119025642,0.0001575509359113,29,133,0.014029720348167542,0.26676381755933815,False,False,False,4.6913007181220525e-08,COMPLETE
113,0.5259356856346131,2025-04-20 13:57:31.089414,2025-04-20 13:57:42.801714,0 days 00:00:11.712300,0.8589998894722809,0.086337438400805,8,0.018926517315313994,0.041626901065739685,0.07039768745539901,0.025798098976097677,0.0897916995809939,0.09617294209573082,0.00021591399455627472,30,148,0.010762977024726707,0.25068160545211415,False,False,False,1.501838603140379e-07,COMPLETE
114,0.4138793766498566,2025-04-20 13:57:42.839865,2025-04-20 13:57:53.789029,0 days 00:00:10.949164,0.8256362049536785,0.1544977188777654,8,0.026635873233087637,0.049466399986643886,0.08174846020669059,0.03150624683291653,0.055684767808416316,0.08209289750683958,6.709315182256497e-05,26,127,0.0024871591497510268,0.2780059446484168,False,False,False,5.788016898158149e-07,COMPLETE
115,0.5968195199966431,2025-04-20 13:57:53.827431,2025-04-20 13:58:04.997768,0 days 00:00:11.170337,0.7056145736842475,0.1325618565667495,8,0.0644407672293816,0.05717989515170055,0.07581103756080643,0.03886886667449929,0.06921640779450823,0.08543949245158274,0.00037059041297566795,27,122,0.014842904463848693,0.23203267525742413,False,False,False,7.534773511901258e-08,COMPLETE
116,0.564419686794281,2025-04-20 13:58:05.036442,2025-04-20 13:58:16.259326,0 days 00:00:11.222884,0.6992531785489582,0.1350628478353259,8,0.06104040251396733,0.06398265131453922,0.07162364523415782,0.04065146990195455,0.07874159665370707,0.08489315742356379,0.0003723819203882722,27,134,0.017686732184085487,0.21526329786062287,False,False,False,8.82230953449808e-08,COMPLETE
117,0.19479263722896578,2025-04-20 13:58:16.298776,2025-04-20 13:58:38.384616,0 days 00:00:22.085840,0.7418618188888355,0.02697270788954731,2,0.06785421590495222,0.05763333658729493,0.07566987264287811,0.030103686955597373,0.06857920920085558,0.06758467678990843,0.0004906304006079038,29,122,0.014835090637893306,0.23779321991004687,False,False,True,7.684985549872316e-08,COMPLETE
118,0.11817115843296051,2025-04-20 13:58:38.427015,2025-04-20 13:58:48.143466,0 days 00:00:09.716451,0.709943681071406,0.07751031167405299,8,0.03929273626701234,0.07064243935837917,0.0880947510663762,0.036157600288060726,0.08530902627359514,0.07842502141332247,0.0002927267238836128,24,142,0.01268787297493079,0.23235963925580172,False,True,False,3.0513699042783775e-07,COMPLETE
119,0.427687555551529,2025-04-20 13:58:48.182920,2025-04-20 13:58:59.371112,0 days 00:00:11.188192,0.6298091434014608,0.12153985768136633,8,0.0669598900571387,0.03564409314809496,0.07952470235082679,0.021221916127578188,0.06438107408334974,0.08926431097276484,0.00011473191798047101,27,119,0.006037650956658048,0.19694486152171373,False,False,False,2.3089188534348256e-07,COMPLETE
120,0.598869240283966,2025-04-20 13:58:59.411131,2025-04-20 13:59:10.265046,0 days 00:00:10.853915,0.6592511307288157,0.26738165043491585,8,0.0481642222070772,0.028861931418055674,0.06856287461982673,0.03666577025012345,0.07482282308959344,0.08107560185895249,0.0001704534679182551,25,124,0.0159526164738416,0.2226528995672107,False,False,False,4.169903339226063e-08,COMPLETE
121,0.6028412699699403,2025-04-20 13:59:10.305297,2025-04-20 13:59:21.171368,0 days 00:00:10.866071,0.6689938915311342,0.20469682099497852,8,0.05437219772119903,0.04278158414064836,0.06835534236683412,0.041598678035783376,0.07547291969429598,0.08050548235371224,0.00016448927986888672,25,125,0.016567100440633836,0.22518516752445464,False,False,False,2.502125874328762e-08,COMPLETE
122,0.590096628665924,2025-04-20 13:59:21.211357,2025-04-20 13:59:31.783035,0 days 00:00:10.571678,0.6855776843107393,0.24410008110532988,8,0.045061344756234356,0.02142970099692759,0.06904897430919855,0.04818308024559617,0.0742865475011127,0.0810624177327481,0.00016605565611986015,23,137,0.017312446335909726,0.22292626762509776,False,False,False,1.5914905984468083e-08,COMPLETE
123,0.5193075299263001,2025-04-20 13:59:31.835708,2025-04-20 13:59:42.675122,0 days 00:00:10.839414,0.6617522033277938,0.20422447017105486,8,0.05093073943747378,0.04311762878237612,0.06692792572891293,0.03790002249348727,0.07599518199938839,0.07223578514429516,8.689916241867182e-05,25,125,0.02072708335029587,0.20659224705810722,False,False,False,2.945843690838596e-08,COMPLETE
124,0.563114356994629,2025-04-20 13:59:42.716929,2025-04-20 13:59:53.423296,0 days 00:00:10.706367,0.7234692256627584,0.26127476382609804,8,0.03463856029705173,0.029062924807137777,0.08541151133437838,0.04575942364538423,0.07686076497967188,0.07605580428510036,0.0002481164056192181,24,129,0.011187051203485737,0.21691387420630032,False,False,False,2.814918963867513e-08,COMPLETE
125,0.3259074449539185,2025-04-20 13:59:53.464331,2025-04-20 14:00:05.173709,0 days 00:00:11.709378,0.6314508745167323,0.1671598290378574,8,0.0550925893459214,0.010659791256301593,0.06447008058165914,0.0271183377888315,0.07132177324176697,0.06947287526494404,0.00015500114330122455,30,135,0.055963678476285195,0.24001019299546728,False,False,False,7.853408180377191e-07,COMPLETE
126,0.3342928171157837,2025-04-20 14:00:05.215717,2025-04-20 14:00:16.855464,0 days 00:00:11.639747,0.5686606943604847,0.19588568844270798,8,0.018711297387708388,0.038136847069186276,0.09954592026168627,0.03380065559246645,0.0655872272750597,0.07847311836191843,1.168142658458887e-05,28,115,0.01906312409657867,0.22417079213004992,True,False,False,4.2725849008642214e-08,COMPLETE
127,0.5724698305130005,2025-04-20 14:00:16.897493,2025-04-20 14:00:28.027159,0 days 00:00:11.129666,0.7646127016124197,0.15431606403550135,8,0.047391370361454965,0.049021357402365996,0.09337216671720949,0.028767502331623968,0.08046066783409367,0.08368305544753436,0.00010105583639918465,26,146,0.015955092293705654,0.24761535831913498,False,False,False,1.7315101378093585e-07,COMPLETE
128,0.4694492042064667,2025-04-20 14:00:28.069272,2025-04-20 14:00:39.615783,0 days 00:00:11.546511,0.53791572518473,0.09580836285351034,8,0.05551431581850245,0.04259487715625786,0.06787808595345518,0.020806110899719996,0.08389274379650749,0.06364384165624216,0.00019338643116693848,29,131,0.007398999108452469,0.2617723209347718,False,False,False,4.5874516835214786e-07,COMPLETE
129,0.6069122910499574,2025-04-20 14:00:39.658823,2025-04-20 14:00:51.322716,0 days 00:00:11.663893,0.8110460545580941,0.18055397005410254,8,0.04055511033129857,0.08692509907980861,0.07266164596772472,0.04174573893210215,0.06199365209321289,0.07557281754751832,0.0001338894641092569,30,125,0.011793518267296441,0.22812612191632173,False,False,False,2.4552558212137092e-08,COMPLETE
130,0.5819347262382507,2025-04-20 14:00:51.365728,2025-04-20 14:01:03.140134,0 days 00:00:11.774406,0.594040665207762,0.29695858281947884,8,0.04323508804653593,0.09246260829439942,0.07348467202148418,0.04311029187220658,0.06211301541454932,0.07462227384202512,0.00011171305719204177,30,125,0.012933092660438293,0.20951499748726696,False,False,False,1.8722589177478717e-08,COMPLETE
131,0.5990127801895142,2025-04-20 14:01:03.185703,2025-04-20 14:01:14.947255,0 days 00:00:11.761552,0.8070592392425315,0.18041435341390843,8,0.03795297473520708,0.08548069830198779,0.06353184356933929,0.043830665648889204,0.05213287742093917,0.0807029726131848,0.00012666785145258637,30,133,0.010016394419475936,0.23189034559716998,False,False,False,2.304269695403928e-08,COMPLETE
132,0.3863307416439057,2025-04-20 14:01:14.990161,2025-04-20 14:01:26.645270,0 days 00:00:11.655109,0.7479936349404277,0.20911386039328114,8,0.03576968504800821,0.07404799665620293,0.0613692065442741,0.05084554783515835,0.0511419886975553,0.0808849009877633,0.0001531493760984078,30,120,0.06375170549805356,0.23211519280930387,False,False,False,1.297283631200108e-08,COMPLETE
133,0.5715372085571289,2025-04-20 14:01:26.688921,2025-04-20 14:01:38.330720,0 days 00:00:11.641799,0.8203650152018181,0.26921423070826656,8,0.05123284415686498,0.11276653808155618,0.06452760845662527,0.043722644289902565,0.05485497460236874,0.07753885755857334,0.00012330730200057815,30,128,0.012137085046659305,0.24618522852179386,False,False,False,2.3928734765679592e-08,COMPLETE
134,0.5164132475852966,2025-04-20 14:01:38.374417,2025-04-20 14:01:49.907120,0 days 00:00:11.532703,0.6739308378042854,0.2316923915011548,8,0.03988529049810911,0.08864858157503816,0.06920827642510627,0.040354453787640014,0.05628984070122684,0.0865451332681719,0.00024961977327940776,29,134,0.008426179280683956,0.21825260072646102,False,False,False,1.3599411801952393e-08,COMPLETE
135,0.4545319080352783,2025-04-20 14:01:49.951153,2025-04-20 14:02:01.394553,0 days 00:00:11.443400,0.7242039329627921,0.15483213194665893,8,0.06080747475516241,0.09744990594858427,0.0709508596470673,0.03670385890980254,0.07064395544087307,0.07173613502801818,8.891199718400502e-05,29,124,0.015583054815181107,0.2406060531553136,False,False,False,2.7730433936228352e-08,COMPLETE
136,0.2854870676994324,2025-04-20 14:02:01.439007,2025-04-20 14:02:12.278655,0 days 00:00:10.839648,0.7719964114539325,0.19099010851483972,8,0.23453980049212142,0.08581231056212203,0.07244389207789316,0.04759492166989473,0.05181007634296848,0.0800166073786573,6.596242354058627e-05,25,117,0.01823198869180781,0.23355606024482656,False,False,False,2.0559737220310628e-08,COMPLETE
137,0.34710611701011657,2025-04-20 14:02:12.322297,2025-04-20 14:02:23.966450,0 days 00:00:11.644153,0.8889278408179616,0.10201359055972323,8,0.028317183246931228,0.06717876086480791,0.08353767055174542,0.04360331245959686,0.06312954192831821,0.07586299607150154,0.00017627917954837215,30,113,0.006241358354161855,0.2238310382246561,False,False,False,4.012253863224894e-08,COMPLETE
138,0.13123896121978762,2025-04-20 14:02:24.020593,2025-04-20 14:02:45.379695,0 days 00:00:21.359102,0.8362023383181815,0.14274246079478525,2,0.08162680890929035,0.07930976128221154,0.05838060477827856,0.0392318380133264,0.060345831610000886,0.08309564245314138,0.00021327158805091372,28,131,0.021513673965823717,0.25896532606348976,False,False,True,3.27049781982176e-08,COMPLETE
139,0.11904596388339997,2025-04-20 14:02:45.426092,2025-04-20 14:02:55.864766,0 days 00:00:10.438674,0.8048594098444775,0.04987279979903386,8,0.0218755685140238,0.01868142599747822,0.06349087506440919,0.042068703535799695,0.07280853219715828,0.07331629444962845,0.00012347242505578694,29,128,0.011139875937505248,0.20115390356068283,False,True,False,6.426047169057758e-08,COMPLETE
140,0.30464300513267517,2025-04-20 14:02:55.910384,2025-04-20 14:03:07.620639,0 days 00:00:11.710255,0.6510436301546296,0.17790601534010086,8,0.031352061443507315,0.028137441352090675,0.07992472104167557,0.0912696864553774,0.0782958537002144,0.07032441498682852,7.470591893801372e-05,30,137,0.013558144585054503,0.25080066815943447,False,False,False,5.1134728844202316e-08,COMPLETE
141,0.6071080684661866,2025-04-20 14:03:07.667140,2025-04-20 14:03:18.910938,0 days 00:00:11.243798,0.8046059629809297,0.12379791996778117,8,0.01314989139955228,0.0628042941772892,0.08870563318895343,0.03547753743144887,0.06613049404731865,0.0767253354371483,0.00013106464867572345,28,140,0.009005006701662622,0.22913093897109466,False,False,False,3.0246342544281533e-07,COMPLETE
142,0.4720265984535218,2025-04-20 14:03:18.957471,2025-04-20 14:03:30.176204,0 days 00:00:11.218733,0.7452783806426625,0.11943955395613223,8,0.002563788165175121,0.06348373713304045,0.086139062750279,0.033082644534681765,0.06598604190764602,0.0766841722133554,0.0001484318666573338,28,143,0.009140474647688997,0.21331850550961415,False,False,False,1.0315369798246012e-07,COMPLETE
143,0.6040937304496765,2025-04-20 14:03:30.222913,2025-04-20 14:03:41.787981,0 days 00:00:11.565068,0.7806298547599305,0.16693835540221075,8,0.04688028636626298,0.07539629682878456,0.08890867806616433,0.036441794701187843,0.07501804062892901,0.07913555644762471,0.0001752285845129125,29,133,0.01642520641296106,0.23004964744428746,False,False,False,3.2858211595434497e-07,COMPLETE
144,0.5374489903450013,2025-04-20 14:03:41.834861,2025-04-20 14:03:53.263707,0 days 00:00:11.428846,0.9424735675569291,0.13882648737539816,8,0.017014686946960688,0.07530417333346456,0.08932256888683004,0.03526276061766518,0.06935722824417384,0.07884049800928598,9.758678228703239e-05,29,135,0.007570166199901603,0.24342741089723074,False,False,False,3.593852706125493e-07,COMPLETE
145,0.3715291440486908,2025-04-20 14:03:53.310689,2025-04-20 14:04:05.118669,0 days 00:00:11.807980,0.7747857573566664,0.7816004204305864,8,0.17326819845353497,0.06758869524958273,0.08801406143899519,0.09786593948568917,0.053093983712499015,0.07487376043910182,0.0001251926205043552,30,140,0.004154924951705422,0.22952388823536896,False,False,False,5.222838848284134e-07,COMPLETE
146,0.503942346572876,2025-04-20 14:04:05.166014,2025-04-20 14:04:16.746534,0 days 00:00:11.580520,0.7998433959797986,0.7267596672637913,8,0.03880819793619117,0.062444250900956205,0.09182740239261719,0.09546266086581004,0.05677619086074501,0.08729730099253612,0.00030214506951527215,29,133,0.013177899917543133,0.23636612411006583,False,False,False,9.643651590669196e-07,COMPLETE
147,0.5633759617805482,2025-04-20 14:04:16.794838,2025-04-20 14:04:28.400789,0 days 00:00:11.605951,0.8613737781267756,0.06679728404100693,8,0.023555877287471504,0.05747918055329599,0.08228195570200432,0.03069751447269562,0.06489549172775336,0.07251517762283637,0.00019845253378530285,28,131,0.011441932261158066,0.2701494221566409,True,False,False,3.357067865784183e-07,COMPLETE
148,0.5022663950920105,2025-04-20 14:04:28.450683,2025-04-20 14:04:40.121210,0 days 00:00:11.670527,0.8152002199528217,0.11942198906134663,8,0.05695721747652298,0.07825385201836559,0.08392222184968204,0.09227588809459479,0.059468467175374996,0.08415112589492736,8.724067080279703e-05,30,139,0.009376892325742691,0.24619617156363663,False,False,False,2.0637719484733874e-07,COMPLETE
149,0.499399471282959,2025-04-20 14:04:40.170417,2025-04-20 14:04:51.369019,0 days 00:00:11.198602,0.7803596647743712,0.17070318443079513,8,0.031304250944365425,0.06990172886443373,0.09684509432155505,0.045336944950643956,0.06313896457358001,0.07775856737492841,0.010348285995112429,27,147,0.01780509460108479,0.2533884658387888,False,False,False,2.797687230932424e-07,COMPLETE
150,0.32934650182724,2025-04-20 14:04:51.417985,2025-04-20 14:05:02.825925,0 days 00:00:11.407940,0.7533380347558969,0.21277719123992364,8,0.014069210066872081,0.08638305687273183,0.07789423339946504,0.03813649419016151,0.04947934685045343,0.09359674611846544,5.584721551149706e-05,29,127,0.014492287182308819,0.23874871472026715,False,False,False,1.3224870786379464e-06,COMPLETE
151,0.6129480361938477,2025-04-20 14:05:02.883522,2025-04-20 14:05:14.471886,0 days 00:00:11.588364,0.7267882918415203,0.16046529372313467,8,0.05348615638235189,0.04998933108792744,0.0668234769741326,0.041221950444026184,0.07415735685566607,0.08002373953512268,0.00017483785303438795,29,123,0.0160499245421766,0.21871123960581398,False,False,False,2.3138724921057454e-08,COMPLETE
152,0.6092669367790222,2025-04-20 14:05:14.521200,2025-04-20 14:05:25.871969,0 days 00:00:11.350769,0.7293952383858818,0.154951742606412,8,0.043624262096282895,0.04474898586196904,0.07448319968687664,0.04158885894321847,0.07251287390102917,0.08140792630361245,0.00013973953257869265,28,121,0.010169317347507131,0.21693187148987852,False,False,False,7.218977660504515e-07,COMPLETE
153,0.3634558439254761,2025-04-20 14:05:25.921527,2025-04-20 14:05:37.403732,0 days 00:00:11.482205,0.7237945657257644,0.1583277740338677,8,0.07093533403268241,0.04669437024932124,0.07458921955244556,0.040199392165448725,0.07261401407899201,0.0903321573263149,0.00024600928410422565,28,119,0.07908280698232396,0.20579192050699696,False,False,False,7.710959103849672e-07,COMPLETE
154,0.5977302312850952,2025-04-20 14:05:37.453971,2025-04-20 14:05:48.682333,0 days 00:00:11.228362,0.6915116367184172,0.09037335144111956,8,0.044269297808457495,0.051150139500120415,0.08650150902964333,0.03430587935791623,0.07649509026560983,0.07511073254586498,0.00015282737795404753,27,122,0.019768140884346638,0.2152184736714992,False,False,False,5.485885060639602e-07,COMPLETE
155,0.6173972845077516,2025-04-20 14:05:48.734443,2025-04-20 14:06:00.239672,0 days 00:00:11.505229,0.7400419778296731,0.1380851332803713,8,0.06401941264294009,0.03755706313056934,0.08076781138762575,0.04167246152875104,0.06752951463243369,0.06802527160051615,0.00017969290059667895,29,129,0.01637030519335843,0.21892844655750332,False,False,False,6.738601101838067e-07,COMPLETE
156,0.6159502983093262,2025-04-20 14:06:00.289964,2025-04-20 14:06:11.860319,0 days 00:00:11.570355,0.7357087706119038,0.14439698328761572,8,0.05461095794395073,0.037650138228571814,0.08074194871405796,0.049174475432466926,0.06730238812227388,0.06879877337656935,0.0001870506672137604,29,129,0.016591594566673758,0.2210017749409102,False,False,False,6.453359351549691e-07,COMPLETE
157,0.6160357356071473,2025-04-20 14:06:11.910185,2025-04-20 14:06:23.517215,0 days 00:00:11.607030,0.7423682073106751,0.13288422326078,8,0.05426819138286395,0.03688975452578607,0.08064656003318928,0.049983535192609244,0.07020152581340341,0.06763542786354636,0.0001941455654547005,29,129,0.017041063951917908,0.22118605094425192,False,False,False,6.511484415957354e-07,COMPLETE
158,0.5894868850708008,2025-04-20 14:06:23.567995,2025-04-20 14:06:35.199074,0 days 00:00:11.631079,0.7288481852387102,0.1298271733039086,8,0.052086871509179344,0.03780356528241553,0.08056181393928438,0.04959355376150914,0.07087024321400251,0.06156777183313095,0.00018743884435619464,29,125,0.02245053570516372,0.21998311367216652,False,False,False,6.617103652493998e-07,COMPLETE
159,0.615740966796875,2025-04-20 14:06:35.250826,2025-04-20 14:06:46.713397,0 days 00:00:11.462571,0.7651409854439855,0.11424162601946708,8,0.06486291200922242,0.04080779969801013,0.07783912032928778,0.0519675430142213,0.06750272360754907,0.06875370551483048,0.00020997949449693212,29,130,0.016754655152276088,0.21076378796691175,False,False,False,9.498109075077095e-07,COMPLETE
160,0.36221404671669005,2025-04-20 14:06:46.764652,2025-04-20 14:06:58.262238,0 days 00:00:11.497586,0.766721890471144,0.10969349587624434,8,0.06494304757354512,0.04290602317105256,0.07880237109692186,0.04765098946898113,0.0668651518778128,0.06515793796631054,0.00018165846279777107,29,130,0.05163792830862025,0.21089665448517253,False,False,False,1.9533233335827767e-06,COMPLETE
161,0.6103164076805114,2025-04-20 14:06:58.313665,2025-04-20 14:07:09.884490,0 days 00:00:11.570825,0.7844882172127041,0.1384575750798165,8,0.058574676953926944,0.035877053852641116,0.08110331814579287,0.05493606322526352,0.07406031243178338,0.06788554360725071,0.00022678875303687424,29,123,0.017842174374276404,0.225773131205173,False,False,False,8.947741430973383e-07,COMPLETE
162,0.6229665040969848,2025-04-20 14:07:09.945364,2025-04-20 14:07:21.318588,0 days 00:00:11.373224,0.7754835843637986,0.13315563679566683,8,0.05979931671488306,0.03851657824342796,0.07664171602579163,0.05520854520994336,0.07440628085819372,0.06795755260551171,0.00015133070040799238,28,130,0.016977780768037222,0.22555280569041666,False,False,False,9.57918541285593e-07,COMPLETE
163,0.5487760305404663,2025-04-20 14:07:21.371235,2025-04-20 14:07:32.719705,0 days 00:00:11.348470,0.7878348119422605,0.0757371978181677,8,0.062293470602434266,0.03644753879929253,0.08131040680853471,0.0553136837255735,0.07350208169818688,0.06842337649605543,0.00013924290677223426,28,129,0.01772042234854043,0.22714074918674465,False,False,False,9.213557447847938e-07,COMPLETE
164,0.6097926139831543,2025-04-20 14:07:32.773373,2025-04-20 14:07:44.237856,0 days 00:00:11.464483,0.7612040389141277,0.13579961846719474,8,0.06918162442511468,0.04987112059927627,0.07769129518866133,0.05856489679189561,0.06792480369294294,0.06707216974265369,0.00021740776401138275,29,137,0.015929438256622803,0.20074491473009526,False,False,False,1.2650839002919178e-06,COMPLETE
165,0.5608480095863343,2025-04-20 14:07:44.291600,2025-04-20 14:07:55.659108,0 days 00:00:11.367508,0.8364050652439269,0.1308202810789989,8,0.07061310320715346,0.046625628392023805,0.07645945898463569,0.060554344584530746,0.06939598195179807,0.06608702756467794,0.0003022784166346545,28,137,0.02416883649556511,0.20116254571027642,False,False,False,1.195599256136116e-06,COMPLETE
166,0.604757833480835,2025-04-20 14:07:55.713964,2025-04-20 14:08:07.267730,0 days 00:00:11.553766,0.7593134540319305,0.10602793132157523,8,0.08213500479042042,0.057256962824164516,0.0782460249315697,0.05353993543205481,0.06753509419611442,0.06847635388131013,0.00022281022849080816,29,142,0.020557222906623707,0.2103313584043095,False,False,False,2.2320756086162468e-06,COMPLETE
