number,value,datetime_start,datetime_complete,duration,params_alpha-eval,params_alpha-train,params_batch-size,params_eps-eval,params_eps-train,params_lambda-actions-eval,params_lambda-actions-train,params_lambda-frames-eval,params_lambda-frames-train,params_learning-rate,params_n-epochs,params_n-frames,params_radius-gw,params_rho,params_std-feats,params_ub-actions,params_ub-frames,params_weight-decay,state
56,0.58576979637146,2025-04-06 21:02:25.621171,2025-04-06 21:02:34.264707,0 days 00:00:08.643536,0.09575908388141921,0.10890106843713855,16,0.0924333568812849,0.04370993007657153,0.0697651493017255,0.044234142670227405,0.020594368228720513,0.06468784185459113,0.004928897144492507,26,43,0.07176495769225022,0.2336789649226357,False,False,False,1.1019415810649498e-07,COMPLETE
57,0.1661357045173645,2025-04-06 21:02:34.285045,2025-04-06 21:02:42.056798,0 days 00:00:07.771753,0.11365411843010431,0.08855032641378546,16,0.04181256240461688,0.042293913930681,0.07078697349681826,0.04521196004248388,0.021438204479271836,0.06774731837665202,0.006798474081078269,24,42,0.07158288137524287,0.2346903709899137,False,True,False,4.548646211202823e-08,COMPLETE
58,0.3004371464252472,2025-04-06 21:02:42.077568,2025-04-06 21:02:50.868236,0 days 00:00:08.790668,0.06163966644874101,0.03359172087840857,16,0.07049939992962413,0.052003921617356084,0.07711371882631711,0.051316468930813416,0.01836038029561426,0.059080035975456774,0.022981237392427113,27,121,0.08997945306846056,0.25682739044802366,False,False,False,1.210393254391409e-07,COMPLETE
59,0.5530642032623292,2025-04-06 21:02:50.889244,2025-04-06 21:02:59.473268,0 days 00:00:08.584024,0.22615740945903934,0.12559098456510517,16,0.09758529490088284,0.011150671581901255,0.06700152105263439,0.03745136600365534,0.005200179646340234,0.07840316530258773,0.014689369026153521,25,31,0.07861665195443907,0.21136585782822628,False,False,False,1.785744805262292e-08,COMPLETE
60,0.3952510714530945,2025-04-06 21:02:59.494593,2025-04-06 21:03:08.263772,0 days 00:00:08.769179,0.19902646326126688,0.1267019224724956,16,0.11658462180343725,0.01298209537480381,0.06818928656858728,0.03638410042062381,0.005294892141545181,0.07740822778694606,0.009912317326267104,27,17,0.07769425716830157,0.20830472506202863,False,False,False,1.2215587669758407e-08,COMPLETE
61,0.48606548309326175,2025-04-06 21:03:08.285260,2025-04-06 21:03:16.997540,0 days 00:00:08.712280,0.1852598691308457,0.04285619038422897,16,0.10336217366537237,0.03290168678538339,0.0823467316814202,0.042291863158443646,0.007599037241200008,0.08376952892564694,0.016372688516838693,25,46,0.08051659989966885,0.21769746820656646,False,False,False,1.9935162558070365e-08,COMPLETE
62,0.607758116722107,2025-04-06 21:03:17.019568,2025-04-06 21:03:26.039521,0 days 00:00:09.019953,0.10014127632949633,0.11451269485316873,16,0.09727458678749829,0.009475474785077933,0.09327612572450901,0.056759209894028745,0.013543466712810539,0.0748741558924491,0.013976011344879953,29,32,0.0874382946304528,0.2323725640282016,False,False,False,6.773335747210396e-08,COMPLETE
63,0.5482159018516541,2025-04-06 21:03:26.062883,2025-04-06 21:03:34.999422,0 days 00:00:08.936539,0.10271921944467413,0.15149348456192532,16,0.08838680996076016,0.009386060312460785,0.0937920575202903,0.0572447663051585,0.01253469663461292,0.07357640168005557,0.00637339449929244,29,31,0.08742412552145112,0.23204584726469582,False,False,False,8.16111558276239e-08,COMPLETE
64,0.09159234166145325,2025-04-06 21:03:35.022078,2025-04-06 21:03:43.947927,0 days 00:00:08.925849,0.09768372906896518,0.2433969260502855,16,0.08828465765327437,0.0023574059165392403,0.09191699438004837,0.0568997434971529,0.013273311345519808,0.07269587798489492,0.006214179865589352,30,29,0.09467462266976644,0.2305705993175089,False,False,False,6.572029948918172e-08,COMPLETE
65,0.531430721282959,2025-04-06 21:03:43.971649,2025-04-06 21:03:52.925297,0 days 00:00:08.953648,0.24053314943285883,0.1554023926622926,16,0.062442213929020544,0.025819463733127462,0.09568463622977158,0.06374639033974608,0.008068427279922463,0.08323212914688706,0.004341504560971531,29,38,0.08695422896476393,0.19390636530754723,False,False,False,2.4913460583480923e-08,COMPLETE
66,0.5561015725135804,2025-04-06 21:03:52.948675,2025-04-06 21:04:01.849015,0 days 00:00:08.900340,0.23346573393441036,0.10282116638527798,16,0.0659173113652626,0.012627260018194307,0.09466307821651496,0.06619535538478984,0.002327761458423748,0.08748716557526737,0.013197617715286379,29,39,0.08872147349169172,0.1915013729063591,False,False,False,9.779147216810157e-08,COMPLETE
67,0.4275762617588043,2025-04-06 21:04:01.873486,2025-04-06 21:04:10.571641,0 days 00:00:08.698155,0.01790639816747447,0.1007803222089813,16,0.09431901590211555,0.01474317282525186,0.09400645562055718,0.070950239589226,0.01537713252357613,0.08768627758316003,0.012847212707207234,28,9,0.09917444417256407,0.21293207759169952,False,False,False,1.0826400794617808e-07,COMPLETE
68,0.3244737803936005,2025-04-06 21:04:10.595316,2025-04-06 21:04:18.875742,0 days 00:00:08.280426,0.1732515587248714,0.01217377788208017,16,0.051290218836592925,0.010288638781967004,0.08897313233223592,0.055708074569284775,0.002190425804005781,0.07586808452456596,0.04982083396560597,29,19,0.07344766191130861,0.23851567807667942,False,False,True,1.6391248173778853e-07,COMPLETE
69,0.5434005975723266,2025-04-06 21:04:18.900104,2025-04-06 21:04:28.038642,0 days 00:00:09.138538,0.07233459809506898,0.22604361894772126,16,0.07235097831832221,0.04013991619098491,0.09854008562692367,0.04880739668337124,0.009628107292280287,0.09840209338047845,0.018292704845749384,30,33,0.08839772047636839,0.25161131096248157,True,False,False,2.9765328655538185e-08,COMPLETE
70,0.579060971736908,2025-04-06 21:04:28.064193,2025-04-06 21:04:37.345579,0 days 00:00:09.281386,0.0692913362747603,0.22629959898587731,16,0.07644554290944439,0.03785060382073392,0.09914458526287097,0.04927931080523158,0.009115908445284381,0.09767034717259908,0.03771308927573781,30,33,0.08824981476201693,0.17047105247584912,True,False,False,2.7563944884554697e-08,COMPLETE
71,0.543039357662201,2025-04-06 21:04:37.370356,2025-04-06 21:04:46.516178,0 days 00:00:09.145822,0.05964573748538086,0.22577367568343965,16,0.07538762416444636,0.03858586842199554,0.09806725244058584,0.04922022737182182,0.009026979235239554,0.09891134818140722,0.03457724885594455,29,35,0.08879104870374722,0.17296020077605706,True,False,False,2.990774340357558e-08,COMPLETE
72,0.5078770995140076,2025-04-06 21:04:46.542396,2025-04-06 21:04:55.707084,0 days 00:00:09.164688,0.0799895165943767,0.32110408496825793,16,0.09707456022394831,0.023289023998239334,0.09110540969606644,0.05341617570026516,0.004326703469173534,0.09205833323108112,0.008427526107781587,30,31,0.07747845112686516,0.18963459787329018,True,False,False,7.28665972304111e-08,COMPLETE
73,0.44870990514755255,2025-04-06 21:04:55.732725,2025-04-06 21:05:04.785133,0 days 00:00:09.052408,0.14173976766750182,0.1293072704594376,16,0.035308245621804235,0.044922692321024096,0.09744765360866146,0.04503289462767509,0.015586301221018919,0.09769934348989259,0.014037391592702514,28,24,0.09259318855820535,0.22113509750736668,True,False,False,4.19256574775168e-08,COMPLETE
74,0.5670222282409668,2025-04-06 21:05:04.810743,2025-04-06 21:05:14.043732,0 days 00:00:09.232989,0.2266538052454194,0.0890638986167164,16,0.06618519894750709,0.009075353911956624,0.08410257262007423,0.059483168766732084,0.010353550924539828,0.08917433721336679,0.0408144678837612,30,40,0.08673012628367748,0.2522369929868663,True,False,False,2.1403755983837022e-08,COMPLETE
75,0.5767305731773377,2025-04-06 21:05:14.078378,2025-04-06 21:05:22.943683,0 days 00:00:08.865305,0.2298898247060685,0.09628308595749088,16,0.06768942257936275,0.011776065295805603,0.08251896312651663,0.0653675390851815,0.02325334106572045,0.08806856170532064,0.06740574910543667,27,38,0.09782174194930211,0.2279534213594119,True,False,False,1.0383474561395554e-08,COMPLETE
76,0.09159234166145325,2025-04-06 21:05:22.969798,2025-04-06 21:05:31.810688,0 days 00:00:08.840890,0.21912517855973582,0.09419439359663859,16,0.11179214925087463,0.00013130919123353728,0.0869893969326482,0.07084871069916227,0.022855960217459545,0.0873278921599712,0.04403343360843522,28,41,0.09624130262481134,0.16925281031917372,True,False,False,1.0314106924483239e-08,COMPLETE
77,0.5595259666442871,2025-04-06 21:05:31.838972,2025-04-06 21:05:40.751613,0 days 00:00:08.912641,0.3072461731075708,0.04763038582680991,16,0.06479103603737883,0.010543469721188595,0.08294926647154721,0.06539677393327537,0.001094695451067375,0.08036933874992352,0.06387902189045142,27,57,0.06905425491153813,0.1979115603409077,True,False,False,1.632068363600798e-08,COMPLETE
78,0.24571396112442018,2025-04-06 21:05:40.777887,2025-04-06 21:05:48.966746,0 days 00:00:08.188859,0.32225091716050613,0.05544674758145528,16,0.06371555651680119,0.0285837776020898,0.08150203266122047,0.06821510572519805,0.0010471141373204242,0.07946992491730694,0.07245154771947283,27,54,0.06638879384985552,0.1821563635367733,True,True,False,1.7932238191668863e-08,COMPLETE
79,0.5656174182891845,2025-04-06 21:05:48.993796,2025-04-06 21:06:11.073811,0 days 00:00:22.080015,0.3045660863660524,0.07630136405866969,2,0.019926368986255286,0.010595921658837167,0.08433123558011163,0.06328662518300007,0.005795654843551818,0.09111660230338471,0.06676600381962002,30,47,0.07104053323241125,0.20161816321412207,True,False,True,1.4729952640130851e-08,COMPLETE
80,0.5637723088264466,2025-04-06 21:06:11.101307,2025-04-06 21:06:32.486190,0 days 00:00:21.384883,0.3273841105872718,0.08060328240168509,2,0.021810106992415035,0.019728418153599728,0.08400730141398043,0.0635394299697338,0.018993026046768724,0.09052222943082455,0.0702616950477918,29,57,0.06892891291888537,0.19925172913816658,True,False,True,1.3196812468556275e-08,COMPLETE
81,0.5659576892852783,2025-04-06 21:06:32.513617,2025-04-06 21:06:54.005628,0 days 00:00:21.492011,0.3040237772286788,0.0791574919415359,2,0.012776689325190882,0.019575320231350106,0.08479257377944466,0.07473417492392388,0.018411241877948677,0.09061856287607971,0.066860508534676,29,56,0.07055825577557609,0.198430476686404,True,False,True,1.2499876378907984e-08,COMPLETE
82,0.5612251162528992,2025-04-06 21:06:54.033133,2025-04-06 21:07:16.444302,0 days 00:00:22.411169,0.3133535133102157,0.0358744184191786,2,0.0018348626588856817,0.02119880956309777,0.08297336451394748,0.0759883721743095,0.01914690642533711,0.09104246168679575,0.0683942793394242,30,58,0.06180283314045785,0.20120180215245526,True,False,True,2.3031559352094572e-08,COMPLETE
83,0.5210694670677185,2025-04-06 21:07:16.472489,2025-04-06 21:07:38.644679,0 days 00:00:22.172190,0.406538766199006,0.0778627649976737,2,0.00039436941173642045,0.021421371336903507,0.07411422618272757,0.07620517338722084,0.02046938414840683,0.09232409830841914,0.09360929697894375,30,62,0.06465120548502794,0.14627454179062716,True,False,True,2.4323694344346853e-08,COMPLETE
84,0.5619476556777955,2025-04-06 21:07:38.673690,2025-04-06 21:08:00.932681,0 days 00:00:22.258991,0.37782625665870034,0.038977567760470906,2,0.012365195873401874,0.030711839994059173,0.0844601496699925,0.08489971611514144,0.017635130627562348,0.09485113582671018,0.09987242622538475,30,56,0.05852256287570509,0.2013955193965337,True,False,True,1.327765040757573e-08,COMPLETE
85,0.5575095176696778,2025-04-06 21:08:00.961924,2025-04-06 21:08:22.125570,0 days 00:00:21.163646,0.37171288867417784,0.07369150112441888,2,0.018839947127124276,0.033934726005987396,0.08989354614591946,0.08229807210966449,0.015285996599329226,0.09647295492236621,0.03915435054417659,28,50,0.07181873218025599,0.1638711933947949,True,False,True,1.3145369277844237e-08,COMPLETE
86,0.5566206097602844,2025-04-06 21:08:22.154985,2025-04-06 21:08:43.818910,0 days 00:00:21.663925,0.3953683584876613,0.11179089969938134,2,0.028728019523383296,0.029285272323139003,0.08434869470549419,0.06237515013868139,0.017133469167365384,0.09552505302807382,0.08154461226420442,29,46,0.05934451523648451,0.22130551025098752,True,False,True,1.0724191645084282e-08,COMPLETE
87,0.5620824933052063,2025-04-06 21:08:43.849141,2025-04-06 21:09:05.632832,0 days 00:00:21.783691,0.3454241281286461,0.024188494141845582,2,0.01427508138045527,0.007093616737313893,0.08730198707695881,0.05932049844044866,0.010736879865681411,0.08961436581530347,0.054216608053651215,30,52,0.06796447863488762,0.1820516554856557,True,False,True,4.631614393303747e-08,COMPLETE
88,0.543069314956665,2025-04-06 21:09:05.664028,2025-04-06 21:09:27.576000,0 days 00:00:21.911972,0.3431200209254598,0.01408148764007515,2,0.030659543450056507,0.001696260088527888,0.08042651823272721,0.059514156919872385,0.02282209118092937,0.08981632348515718,0.0547764282623128,29,150,0.07498995490032224,0.1831222722531345,True,False,True,5.370423161067373e-08,COMPLETE
89,0.5657220125198364,2025-04-06 21:09:27.607828,2025-04-06 21:09:48.433278,0 days 00:00:20.825450,0.04866536708570467,0.08236188872036844,2,0.015617668770011986,0.01948910864622415,0.08725129076986043,0.0736850226865002,0.010486677288987315,0.0891420669428748,0.029761629718317733,28,51,0.06966251064888578,0.1324863459832777,True,False,True,3.3067477995857983e-08,COMPLETE
90,0.6446601629257203,2025-04-06 21:09:48.463216,2025-04-06 21:10:09.508652,0 days 00:00:21.045436,0.010355031535639825,0.15858333679879189,2,0.047764830576822154,0.020738632231027395,0.07550214634963288,0.07427641060030991,0.006626749174062495,0.08554999437739087,0.028857127428517815,28,44,0.0707103781851053,0.12375722551289628,True,True,True,3.846605773944421e-08,COMPLETE
91,0.49656000137329104,2025-04-06 21:10:09.538842,2025-04-06 21:10:30.719857,0 days 00:00:21.181015,0.023283372596958965,0.14691073626950357,2,0.04061870603192389,0.018144198941507404,0.07557959178851967,0.06860498350861613,0.013974325891926093,0.08566074679460868,0.030117823145062422,28,44,0.07180153865532793,0.14553862910816623,True,True,True,3.407909985511386e-08,COMPLETE
92,0.47188393473625184,2025-04-06 21:10:30.752178,2025-04-06 21:10:51.311289,0 days 00:00:20.559111,0.0407558391878408,0.09150431037586687,2,0.010184423982840383,0.02398114615601408,0.09195091446097389,0.06175576003404002,0.0067520501839246315,0.08211385239294493,0.04415598988270413,27,39,0.06942815251105681,0.10952068375306809,True,True,True,3.708886627719865e-08,COMPLETE
93,0.5663779497146606,2025-04-06 21:10:51.342755,2025-04-06 21:11:12.544928,0 days 00:00:21.202173,0.03606212067318651,0.12034268036598274,2,0.026017423127613383,0.04484900169274282,0.08864424577126052,0.07216913540921709,0.006031312193341725,0.08472911725945864,0.03041225159535634,28,47,0.06568892488297197,0.1284919092027496,True,True,True,1.985659945574703e-08,COMPLETE
94,0.5683568954467774,2025-04-06 21:11:12.577051,2025-04-06 21:11:33.804019,0 days 00:00:21.226968,0.045891472743899736,0.1593514550978339,2,0.04829442042983819,0.0447268292606329,0.08666008142626669,0.07788971367815106,0.010468371593248477,0.08518421956567047,0.03174097667406651,28,48,0.06653757323485045,0.1301489382111174,True,True,True,2.1261453286913253e-08,COMPLETE
95,0.5917202830314636,2025-04-06 21:11:33.835547,2025-04-06 21:11:55.148917,0 days 00:00:21.313370,0.12300952018934264,0.15253760075384185,2,0.05049092955010404,0.07573293171152588,0.08002996668669243,0.08078333584060987,0.010390078413024431,0.06567057522070796,0.028927283536538836,28,50,0.06580372412300767,0.13508815390128576,True,True,True,5.458233014476925e-08,COMPLETE
96,0.14260212779045106,2025-04-06 21:11:55.182213,2025-04-06 21:12:15.907407,0 days 00:00:20.725194,0.13579413963485037,0.9861552253701096,2,0.04832962922904566,0.06544606583031355,0.07255159801754571,0.08021328935286855,0.01336418168102262,0.06571175599456737,0.024568406369837772,27,43,0.052259365677719515,0.12213244195176967,True,True,True,6.191667721737662e-08,COMPLETE
97,0.09159234166145325,2025-04-06 21:12:15.939839,2025-04-06 21:12:36.498581,0 days 00:00:20.558742,0.11798956806397332,0.2072905744993742,2,0.054237017903578474,0.07478569736417834,0.07684228472887296,0.0797736961880517,0.007787039935963936,0.08595094852028047,0.034916411773579945,27,49,0.06587363374427634,0.11734870417444387,True,True,True,1.9722667800453008e-08,COMPLETE
98,0.5683568954467774,2025-04-06 21:12:36.532400,2025-04-06 21:12:57.821828,0 days 00:00:21.289428,0.087353283255802,0.15954436125836752,2,0.03643713404358567,0.043228607390237116,0.07955247046417373,0.08814809117662767,0.011636258796261366,0.08141845217986408,0.021746808794148333,28,37,0.06118172815550852,0.1384970693422625,True,True,True,2.4940619274014052e-08,COMPLETE
99,0.09159234166145325,2025-04-06 21:12:57.856386,2025-04-06 21:13:17.323285,0 days 00:00:19.466899,0.086225907948007,0.16402921910990947,2,0.04587997715516318,0.045667223885043295,0.0899603957006902,0.09195358894348955,0.0033371239881653404,0.07012112327790386,0.022304866080635838,25,26,0.061056474476431324,0.1260381271167112,True,True,True,5.427541813274434e-08,COMPLETE
100,0.09159234166145325,2025-04-06 21:13:17.356530,2025-04-06 21:13:38.543196,0 days 00:00:21.186666,0.010359024962725998,0.13569473330524742,2,0.03688160213627153,0.039638834473691265,0.07971569927520597,0.08390988755157386,0.02405175894899866,0.07447814380151419,0.030429096000467303,28,38,0.07520159219965879,0.13916862032809257,True,True,True,2.5458022636980644e-08,COMPLETE
101,0.5465459942817688,2025-04-06 21:13:38.576862,2025-04-06 21:14:00.110745,0 days 00:00:21.533883,0.04879332770206293,0.11860977937064884,2,0.05689653582368917,0.05081375823300835,0.08049716882122478,0.07363945396773687,0.01092074541469316,0.08092919477937861,0.040632281460979296,29,41,0.0659560480534253,0.15101292517887926,True,True,True,2.1800200632303254e-08,COMPLETE
102,0.09159234166145325,2025-04-06 21:14:00.145015,2025-04-06 21:14:21.399877,0 days 00:00:21.254862,0.03465486011277126,0.1564452948916009,2,0.032830007773576676,0.06566891691178124,0.09578361889586917,0.08805885263356313,0.014437714322439042,0.0850568742255173,0.05139261055490221,28,37,0.07365834855423306,0.0962364185493172,True,True,True,3.888731718698596e-08,COMPLETE
103,0.09159234166145325,2025-04-06 21:14:21.434356,2025-04-06 21:14:41.499818,0 days 00:00:20.065462,0.11718311998048397,0.20072375709092943,2,0.02702314944825718,0.18455123950318708,0.07386511931573936,0.07410969135188289,0.016374500294293163,0.09387369187388449,0.031079372219389185,26,54,0.05441776573212111,0.10840327316809412,True,True,True,1.472344330453586e-07,COMPLETE
104,0.4054616153240204,2025-04-06 21:14:41.543251,2025-04-06 21:15:02.284785,0 days 00:00:20.741534,0.19614819782237625,0.9028614036313316,2,0.04708259613202694,0.03684594553553098,0.0785105589338451,0.08777498651216083,0.008691240291676203,0.07133906846373314,0.02461257723097982,27,43,0.097542702488862,0.129959465980323,True,True,True,1.0169602427092382e-08,COMPLETE
105,0.09159234166145325,2025-04-06 21:15:02.319604,2025-04-06 21:15:23.502422,0 days 00:00:21.182818,0.09413055371581203,0.10922587579072716,2,0.058040887049583996,0.2537311483977446,0.09961386458626771,0.07816580698762561,0.011251953516270674,0.08167922207312044,0.04664794617993311,28,45,0.07938382266505885,0.13726792606422802,True,True,True,3.0202804797363325e-08,COMPLETE
106,0.5670697093009949,2025-04-06 21:15:23.538951,2025-04-06 21:15:45.598735,0 days 00:00:22.059784,0.15487110607318544,0.1404823142737945,2,0.07924539968082062,0.04354199170469424,0.0925119325370476,0.06881289876557989,0.006722702201670643,0.08417136063160811,0.020677012051402738,29,48,0.0557557081582293,0.15515340829078508,True,True,True,1.5927270965201886e-08,COMPLETE
107,0.09159234166145325,2025-04-06 21:15:45.633957,2025-04-06 21:16:05.537907,0 days 00:00:19.903950,0.07080279503988317,0.13667773000083058,2,0.07967822340381771,0.05406641969177916,0.09341167209956192,0.08207113753208126,0.00623533290641608,0.08450644074928769,0.01894070130692843,26,48,0.04882490234852505,0.14572211639044158,True,True,True,1.6653573893107606e-08,COMPLETE
108,0.547037696838379,2025-04-06 21:16:05.574354,2025-04-06 21:16:26.652314,0 days 00:00:21.077960,0.12167127726030244,0.2509381851653053,2,0.06991612703500823,0.07509262192360046,0.07086324741540659,0.07155384786491971,0.004793449836949602,0.07614720386838088,0.02119893016619904,28,32,0.0639460239568507,0.15972529270643712,True,True,True,4.802101443886079e-08,COMPLETE
109,0.4384363293647766,2025-04-06 21:16:26.689633,2025-04-06 21:16:48.828782,0 days 00:00:22.139149,0.17131678571921694,0.22003601684715218,2,0.05152803507471717,0.044132072276336816,0.09664401444425916,0.06794646896849836,0.012422612015355756,0.06265605867270303,0.01565747294067796,30,27,0.05597918178459927,0.08639992098731847,True,True,True,9.067737294246383e-08,COMPLETE
110,0.47544465065002445,2025-04-06 21:16:48.866977,2025-04-06 21:17:09.449513,0 days 00:00:20.582536,0.13965284437411463,0.16952145263947388,2,0.07456407473621457,0.06342854245678692,0.08892483855849834,0.09454983203083867,0.009828714519346868,0.08777864407514933,0.009762561866375924,27,35,0.09094887928221945,0.1532719004360554,True,True,True,6.553896379079644e-08,COMPLETE
111,0.46741546392440797,2025-04-06 21:17:09.486959,2025-04-06 21:17:31.127511,0 days 00:00:21.640552,0.15306917282764404,0.11640866181424227,2,0.043404010986561575,0.03149397522336869,0.08563793865096916,0.07766719705358847,0.00752609017546147,0.09349437293892215,0.0356292478287856,29,41,0.06027047074820402,0.11961060215062588,True,True,True,2.014261028707875e-08,COMPLETE
112,0.6822179198265076,2025-04-06 21:17:31.164013,2025-04-06 21:17:53.111989,0 days 00:00:21.947976,0.09855897655837643,0.1943519342368316,2,0.026598461565044116,0.04030152206311856,0.09195851785827164,0.06928315862530782,0.02060446617205801,0.0789774222246063,0.026762181720355604,29,63,0.06296169263353228,0.24775548927260124,True,True,True,2.4544633673079205e-08,COMPLETE
