number,value,datetime_start,datetime_complete,duration,params_alpha-eval,params_alpha-train,params_batch-size,params_eps-eval,params_eps-train,params_lambda-actions-eval,params_lambda-actions-train,params_lambda-frames-eval,params_lambda-frames-train,params_learning-rate,params_n-epochs,params_n-frames,params_radius-gw,params_rho,params_std-feats,params_ub-actions,params_ub-frames,params_weight-decay,state
1933,0.6204530119895936,2025-04-07 07:40:15.592006,2025-04-07 07:40:39.859194,0 days 00:00:24.267188,0.02801008368616581,0.12413826602190244,2,0.046745015876161214,0.05643112724259851,0.07001379531157013,0.05422877128044643,0.019372764794418934,0.08942757394748178,0.007651519655925111,28,80,0.09139495344238081,0.1276200426670931,True,False,False,3.445054675994923e-08,COMPLETE
1934,0.5618271470069885,2025-04-07 07:40:40.472909,2025-04-07 07:41:04.730709,0 days 00:00:24.257800,0.056265475229269446,0.22280487304933472,2,0.059012240077398914,0.04790702404548195,0.06583024366331533,0.050428680578592844,0.02074241745252859,0.0822370608952001,0.02004622418415763,28,88,0.09987534218909781,0.18515159361033723,False,False,False,2.5081434867897586e-08,COMPLETE
1935,0.5635342359542846,2025-04-07 07:41:05.367396,2025-04-07 07:41:30.203545,0 days 00:00:24.836149,0.6772758098331186,0.059771184127048155,2,0.07631705571963983,0.0233580668484614,0.06350420677340922,0.04438734242116697,0.023014803263886156,0.07969538215182118,0.00683589753997118,29,84,0.09703520424508567,0.12844915160180145,False,False,False,1.743562989050583e-08,COMPLETE
1936,0.6076299905776978,2025-04-07 07:41:30.843981,2025-04-07 07:41:54.438221,0 days 00:00:23.594240,0.05762947055447678,0.12023768623325498,2,0.06542217949479055,0.05361968431908458,0.0718865190291474,0.047545706588576264,0.021567122293277497,0.0842959557769969,0.011717085234924277,27,82,0.09365152700435375,0.17762897434111244,False,False,False,1.723357399101228e-08,COMPLETE
1937,0.5774566292762757,2025-04-07 07:41:55.053234,2025-04-07 07:42:19.321428,0 days 00:00:24.268194,0.03401790506653934,0.47511950069400705,2,0.05220389875902772,0.04652652796047842,0.06759691915520241,0.0467383906705273,0.02545624116799346,0.0944635848898203,0.01350612972213177,28,89,0.0911868667100125,0.13531481564504805,False,False,False,2.2459757070296382e-08,COMPLETE
1938,0.5913825631141663,2025-04-07 07:42:19.966424,2025-04-07 07:42:44.107047,0 days 00:00:24.140623,0.06341833044315619,0.08901405796595294,2,0.02223880184965373,0.06071340699696876,0.06957543337838985,0.05209263463318303,0.024412158249206152,0.07710278303536887,0.01015445535290919,28,78,0.09545415027421632,0.14020353649784806,False,False,False,3.0280520409892323e-08,COMPLETE
1939,0.33411846160888675,2025-04-07 07:42:44.723904,2025-04-07 07:43:05.373836,0 days 00:00:20.649932,0.04063172473062922,0.1344145431382256,2,0.03593308367289978,0.04173488810479138,0.0726894775464379,0.04601961614171619,0.022106213368371156,0.08108951083259756,0.008269790625326498,27,85,0.09779183584560985,0.12810389496922298,False,False,True,1.677086368247206e-08,COMPLETE
1940,0.4817633628845215,2025-04-07 07:43:06.019503,2025-04-07 07:43:30.794994,0 days 00:00:24.775491,0.07015055166663377,0.10793486021215531,2,0.07214364176325745,0.055814825932415074,0.07234533358201552,0.0493287121734222,0.021085543186831573,0.08569449756060837,0.006597459593617827,29,90,0.09337704103561144,0.1448615524233807,False,False,False,2.2548189658784525e-08,COMPLETE
1941,0.2229300379753113,2025-04-07 07:43:31.407796,2025-04-07 07:43:52.074297,0 days 00:00:20.666501,0.012193996371224963,0.1274234151397255,2,0.0812319215448756,0.17894133974346413,0.06647815092157859,0.039574005194859624,0.023376502501633582,0.07907257842372593,0.008501587011095007,27,81,0.09116087691487942,0.18996585084202275,True,True,False,8.759818020116377e-08,COMPLETE
1942,0.5249962210655212,2025-04-07 07:43:52.708145,2025-04-07 07:44:16.929283,0 days 00:00:24.221138,0.05615608214418055,0.07275453361167725,2,0.06010393412480901,0.04933940451378477,0.06965331159970771,0.053966871107104866,0.02700959186566598,0.08281791042525045,0.00019415379736891148,28,86,0.094830559146292,0.13610182725786807,False,False,False,4.906195049290991e-08,COMPLETE
1943,0.6236375212669373,2025-04-07 07:44:17.573686,2025-04-07 07:44:42.579318,0 days 00:00:25.005632,0.033920614155655816,0.10268236849608607,2,0.08790654513449794,0.028571632497723647,0.070882762719307,0.051256151716492365,0.024700537640675632,0.08821860368069408,0.010290777817566255,29,83,0.09781283880396736,0.12541376277856692,False,False,False,1.66189218846268e-08,COMPLETE
1944,0.6713098526000978,2025-04-07 07:44:43.194580,2025-04-07 07:45:06.758609,0 days 00:00:23.564029,0.06283975809864449,0.14193203258094658,2,0.04606030124682527,0.03987004789777835,0.07319422448146683,0.03750583721916066,0.014604581176582788,0.08447948204497537,0.006287885249087818,27,87,0.09240839995443817,0.12448283510073473,False,False,False,2.2054832568038093e-08,COMPLETE
1945,0.4764191746711731,2025-04-07 07:45:07.397347,2025-04-07 07:45:30.847712,0 days 00:00:23.450365,0.06458640217387474,0.2054689785427698,2,0.06470119297052197,0.06702019594710451,0.06727725777572796,0.05332317369323833,0.024260618764950115,0.0592706206458202,0.01508868947459738,27,91,0.095779978507737,0.14346570348503565,False,False,False,1.66038273297959e-08,COMPLETE
1946,0.5451753616333008,2025-04-07 07:45:31.493239,2025-04-07 07:45:42.305179,0 days 00:00:10.811940,0.03250910347793688,0.4240387572303175,8,0.032050065143364045,0.04710201706241676,0.0884732102400235,0.0416552203879084,0.026735690562772665,0.07534366696248974,0.007808618830547172,27,74,0.0932131290987728,0.13231385339314625,False,False,False,3.9845561622615857e-08,COMPLETE
1947,0.6034735202789306,2025-04-07 07:45:42.921972,2025-04-07 07:46:07.470491,0 days 00:00:24.548519,0.2160764908546846,0.2325252046196769,2,0.04217844776581124,0.03490271205568178,0.07122136287189643,0.04414037000590516,0.015727521004784924,0.0807437200887619,0.00640264188568835,28,79,0.09835897886628814,0.20317465951248959,False,False,False,2.8076310079007755e-08,COMPLETE
1948,0.5658703088760376,2025-04-07 07:46:08.109669,2025-04-07 07:46:17.230417,0 days 00:00:09.120748,0.04668214480030769,0.187578082089953,16,0.05215740879712037,0.05229046892920498,0.06875859260351541,0.04914109979215667,0.02606962782213136,0.07846156898611344,0.009607173201976007,28,84,0.09096126525979863,0.1246222653003689,False,False,False,1.9416662118008563e-08,COMPLETE
1949,0.42034183144569404,2025-04-07 07:46:17.844340,2025-04-07 07:46:42.713743,0 days 00:00:24.869403,0.8411967677664662,0.12683748266725417,2,0.07045381179594254,0.10086292331099536,0.07241155462218508,0.04925625307489968,0.021532915831016814,0.08252663875279168,0.012264889473177784,29,87,0.09559254699099168,0.12749541176066376,True,False,False,1.5634119702950632e-08,COMPLETE
1950,0.5555576205253601,2025-04-07 07:46:43.353978,2025-04-07 07:47:06.751461,0 days 00:00:23.397483,0.07167288367651109,0.1576225652870974,2,0.009457847737234164,0.06000472376952137,0.06519363689611749,0.04538940558843133,0.01811276942496389,0.08598725148199007,0.00817621637962697,27,81,0.09989837329112052,0.0973066613217316,False,False,False,2.106484115994063e-08,COMPLETE
1951,0.5374440670013428,2025-04-07 07:47:07.395201,2025-04-07 07:47:28.169352,0 days 00:00:20.774151,0.010838831776699212,0.10705078351503863,2,0.07631510431330951,0.04540315749620818,0.0734323166255381,0.050247480867647284,0.01931348234659606,0.08034775793817053,0.006425464386607931,27,77,0.09009219185410229,0.17542533444425576,False,False,True,1.570806704553467e-08,COMPLETE
1952,0.1306006446480751,2025-04-07 07:47:28.789256,2025-04-07 07:47:49.837978,0 days 00:00:21.048722,0.07114595355456241,0.13716358168987391,2,0.0560403548946852,0.12787708714592116,0.0012219484964025792,0.05251406654076525,0.016947300925928596,0.08372050772300954,0.010659339503203582,28,91,0.09400139906222,0.1321882275206472,False,True,False,2.717925452906737e-08,COMPLETE
1953,0.6012891411781311,2025-04-07 07:47:50.476751,2025-04-07 07:48:13.857583,0 days 00:00:23.380832,0.05491887019897435,0.08986835368264827,2,0.028163237502225075,0.03544500773579331,0.07019482944373619,0.048075407159983284,0.022432871942940556,0.0764884879406699,0.007243518801555948,27,85,0.09708480175387882,0.0941644197089325,False,False,False,1.9190301922989947e-08,COMPLETE
1954,0.6500100731849671,2025-04-07 07:48:14.503560,2025-04-07 07:48:39.035092,0 days 00:00:24.531532,0.3890957777795285,0.15323132121629315,2,0.06600301150943445,0.0234885398366229,0.07317510189616522,0.050281467520837196,0.01531649046858167,0.087524431319547,0.013520826670572231,29,89,0.09254341194443315,0.12279846765230111,False,False,False,2.4530672915985354e-08,COMPLETE
1955,0.5785182118415833,2025-04-07 07:48:39.656686,2025-04-07 07:49:03.342850,0 days 00:00:23.686164,0.18741287761802394,0.17773449801608293,2,0.037589374819517296,0.05472392838316251,0.06917200735077768,0.046017000808695675,0.025237970566047385,0.07893726092591408,0.008855911575698483,27,82,0.08990756675782172,0.1803719002670754,False,False,False,1.5084627591597525e-08,COMPLETE
1956,0.6678857684135437,2025-04-07 07:49:03.986088,2025-04-07 07:49:28.662451,0 days 00:00:24.676363,0.07892664654134797,0.11835250849069875,2,0.018543608468769554,0.041257817911516524,0.07441330752591066,0.04667722759996622,0.01776100461451058,0.05484173950560372,0.016675463904737006,29,87,0.0955150527905481,0.16841009328132134,False,False,False,1.5583177357081868e-08,COMPLETE
1957,0.5729932069778443,2025-04-07 07:49:29.311046,2025-04-07 07:49:47.574645,0 days 00:00:18.263599,0.03358909059846772,0.2018451835745642,2,0.16100927970363077,0.05011240440868333,0.07133092094498851,0.05158104777731243,0.017959130063305923,0.08161177028474931,0.006117420361001523,18,84,0.09307645076255912,0.13830402369062214,True,False,False,2.090032336785402e-08,COMPLETE
1958,0.5683568954467774,2025-04-07 07:49:48.200810,2025-04-07 07:50:12.368244,0 days 00:00:24.167434,0.1709471004075299,0.048493439248690665,2,0.057944457746627695,0.029224936307755855,0.08483827606181707,0.04759258913963352,0.01608385200299718,0.07428009991642878,0.010049762837864889,28,79,0.09810096129467016,0.02334182174405769,False,False,False,3.3477638204445405e-08,COMPLETE
1959,0.5268923997879029,2025-04-07 07:50:13.018442,2025-04-07 07:50:36.623025,0 days 00:00:23.604583,0.07169350730781383,0.07585617549511497,2,0.07828519173034255,0.06407934063274368,0.06787785334475556,0.047615612644250134,0.020534784980068607,0.08335990993756569,0.0075827751425390395,27,89,0.09078701427035676,0.2621748354547507,False,False,False,1.5596555892778137e-08,COMPLETE
1960,0.6064838767051697,2025-04-07 07:50:37.245511,2025-04-07 07:50:52.225983,0 days 00:00:14.980472,0.059786333057539394,0.13922038005324464,2,0.04925822871706568,0.045117272675779876,0.06378712225401609,0.04083050543331291,0.02132606578405183,0.08551521053596416,0.005963411055472407,13,64,0.09487598896104515,0.12371774390612165,False,False,False,1.865027958469276e-08,COMPLETE
1961,0.5054069638252259,2025-04-07 07:50:52.875627,2025-04-07 07:51:16.523936,0 days 00:00:23.648309,0.08754311306318391,0.27392544407265995,2,0.09533373120165625,0.035745050641030805,0.07172607918842558,0.045218210127996004,0.020320932166955914,0.08957367803934643,0.011816190170698326,27,94,0.09671189539450425,0.1957155254617245,False,False,False,2.626881276514149e-08,COMPLETE
1962,0.5606939792633057,2025-04-07 07:51:17.147826,2025-04-07 07:51:38.481131,0 days 00:00:21.333305,0.03980814592916192,0.10419622668760589,2,0.07158264936524181,0.05539715713669727,0.07451010419065728,0.048810602287148085,0.04922016774649966,0.08028873398161436,0.008281233709528418,28,85,0.09197870104151028,0.13202674087528804,False,False,True,5.304289474633043e-05,COMPLETE
1963,0.09159234166145325,2025-04-07 07:51:39.126262,2025-04-07 07:51:59.755997,0 days 00:00:20.629735,0.07673639810062788,0.33127737764825804,2,0.06749904589339176,0.04109510561205955,0.08173933069934422,0.08579397935201061,0.02429534073681811,0.07844672385576854,0.006259458746388876,27,81,0.09418877221648647,0.1866291497203961,False,True,False,1.4194470562090844e-08,COMPLETE
1964,0.6160676002502442,2025-04-07 07:52:00.408032,2025-04-07 07:52:24.508561,0 days 00:00:24.100529,0.1613507473648784,0.16632276165461574,2,0.06231799436343521,0.04963374661275368,0.06951142304069503,0.048532721222997385,0.02070214033954216,0.08194908521534944,0.009852314192563022,28,91,0.08947509421723648,0.09545410541685297,False,False,False,2.0417182112676682e-08,COMPLETE
1965,0.6609665513038636,2025-04-07 07:52:25.134674,2025-04-07 07:52:48.933859,0 days 00:00:23.799185,0.050374120582327174,0.12474067473833175,2,0.023432665618243406,0.033182115230305745,0.07458456855458181,0.05480705666925237,0.07737232562586038,0.027323148010142677,0.01953570953620097,27,87,0.09660961648053021,0.12483054484016096,True,False,False,1.4956705132486423e-08,COMPLETE
1966,0.5146324038505554,2025-04-07 07:52:49.581367,2025-04-07 07:53:14.192211,0 days 00:00:24.610844,0.09553330694144345,0.14741947739226605,2,0.08198868905574716,0.06012127383185488,0.06653657552877061,0.046622125496862676,0.06410153793152792,0.07682584951731328,0.013603872336862971,29,75,0.032404888610779545,0.14516454893717645,False,False,False,3.461541089184786e-08,COMPLETE
1967,0.37740823030471804,2025-04-07 07:53:14.841500,2025-04-07 07:53:25.846015,0 days 00:00:11.004515,0.02871564233227407,0.8920944076490335,8,0.04416942435522671,0.021090489472501042,0.0724241060186528,0.08075227181798367,0.019851626494617036,0.08654339404683804,0.03039080493501293,28,82,0.09862787056342034,0.1212899142212961,False,False,False,2.468524285708225e-08,COMPLETE
1968,0.6034726500511169,2025-04-07 07:53:26.472099,2025-04-07 07:53:50.127581,0 days 00:00:23.655482,0.14363223019891233,0.19073760562758246,2,0.0891125637608869,0.04497450650317969,0.08304384127698941,0.08593330693477896,0.01684454756815009,0.08420169790293014,0.00703511497846086,27,84,0.09248840580192957,0.12942910620027687,False,False,False,1.813370749717302e-08,COMPLETE
1969,0.4608622908592225,2025-04-07 07:53:50.779926,2025-04-07 07:54:14.403027,0 days 00:00:23.623101,0.06965036700710116,0.9701240008113655,2,0.05322101475103523,0.03844032742265531,0.07071060790741561,0.05249044604384633,0.022316952644739187,0.08118835739307945,0.008634049524824366,27,78,0.094489606718273,0.10090516654043072,False,False,False,1.432266520533631e-08,COMPLETE
1970,0.596452820301056,2025-04-07 07:54:15.028482,2025-04-07 07:54:24.027824,0 days 00:00:08.999342,0.17135616496798356,0.0944303758448784,16,0.033031723016918486,0.0717510944395383,0.07317046094307124,0.04285768886121947,0.019819261332724672,0.045196070804029584,0.011566054314618816,27,88,0.09996658608742912,0.1383727403288954,False,False,False,2.0319365666303515e-08,COMPLETE
1971,0.5841560959815979,2025-04-07 07:54:24.675928,2025-04-07 07:54:48.566020,0 days 00:00:23.890092,0.08815695606507645,0.16026852962173815,2,0.013390374370594371,0.05169722550043356,0.07562744104776353,0.04328475119979293,0.019565177315890043,0.07889578627907161,0.005637439172536592,28,70,0.09029253835892481,0.12072856748849999,False,False,False,1.5002284974071318e-08,COMPLETE
1972,0.34942367672920227,2025-04-07 07:54:49.224534,2025-04-07 07:55:13.897507,0 days 00:00:24.672973,0.01085276033722199,0.4973778004505247,2,0.0737679604347927,0.08247778249844487,0.06903701171179302,0.0860645683188093,0.09004302176300263,0.09288622936122023,0.007055096940442488,29,92,0.09589330900520719,0.13106233563829145,False,False,False,2.97062677021888e-08,COMPLETE
1973,0.3162733018398285,2025-04-07 07:55:14.525744,2025-04-07 07:55:35.414628,0 days 00:00:20.888884,0.12574690859182214,0.12230262853843052,2,0.06105215043059551,0.027566260976085732,0.07942109230177552,0.08266555636114925,0.07465263601398492,0.016782296480759018,0.0002915730416362404,27,85,0.09202953535390833,0.106874578644915,True,False,True,1.4301129574129806e-08,COMPLETE
1974,0.10358399748802186,2025-04-07 07:55:36.064886,2025-04-07 07:55:57.776280,0 days 00:00:21.711394,0.1953585503724306,0.17878430503939177,2,0.04008549709259539,0.04358334495548568,0.07140331727714845,0.08415693229656647,0.017370536531631856,0.09096692640254514,0.01001000183795522,29,81,0.09378139733184196,0.11884914045494951,False,True,False,2.2877864197653495e-08,COMPLETE
1975,0.6097179532051087,2025-04-07 07:55:58.404183,2025-04-07 07:56:22.798890,0 days 00:00:24.394707,0.10267036064780907,0.1424540391212071,2,0.06878307306152766,0.05913947137638938,0.06085969560858409,0.05136243412412644,0.018680029944496204,0.08843800835974217,0.005921448860943508,28,89,0.08930519860192344,0.0982970954529687,False,False,False,1.7738142879839756e-08,COMPLETE
1976,0.45076506137847905,2025-04-07 07:56:23.448636,2025-04-07 07:56:47.190893,0 days 00:00:23.742257,0.048831979895874664,0.07241407563621144,2,0.026956424504315506,0.05309434934660985,0.06687433576414603,0.09851818063193239,0.09989502993392715,0.08307359857603426,3.537210748614754e-05,27,86,0.09818444531525644,0.12637134458566035,False,False,False,1.3032189811866202e-08,COMPLETE
1977,0.38160306811332706,2025-04-07 07:56:47.853156,2025-04-07 07:57:11.295389,0 days 00:00:23.442233,0.07224151988659758,0.10905912210776762,2,0.08026708129638817,0.03340367181906688,0.07606422866648746,0.08741319984314355,0.013442975056310279,0.04206517385999749,0.00843946927633776,27,83,0.09598118792576936,0.25236778662422177,False,False,False,1.842914059344412e-08,COMPLETE
1978,0.5455365419387818,2025-04-07 07:57:11.923671,2025-04-07 07:57:36.028233,0 days 00:00:24.104562,0.1438606974160712,0.21908327761877383,2,0.048317050501575684,0.04742338680868845,0.07299310836324306,0.044543921283661726,0.08873952302628897,0.08521095643405345,0.0151931759528044,28,90,0.09204998622034706,0.20908077904552685,False,False,False,2.5365312967452143e-08,COMPLETE
1979,0.613931941986084,2025-04-07 07:57:36.680782,2025-04-07 07:58:00.374968,0 days 00:00:23.694186,0.1194448710601843,0.1334550466280428,2,0.05947115316305,0.039811487971353796,0.07775826848390704,0.05570017117718556,0.09802185694633668,0.07528443724688486,0.005868458218708502,27,77,0.09401972938662455,0.13573810765406394,False,False,False,1.3443362916473844e-08,COMPLETE
1980,0.41099495887756354,2025-04-07 07:58:01.003557,2025-04-07 07:58:26.086607,0 days 00:00:25.083050,0.09455430006996499,0.1652936973672477,2,0.06532896344972042,0.053824670124390295,0.06513358787364472,0.05664752526939023,0.02779146370117719,0.08036152634939454,0.0072184288256276615,29,80,0.09079651402815342,0.2765834689560076,False,False,False,4.368252350304853e-08,COMPLETE
1981,0.574888551235199,2025-04-07 07:58:26.739200,2025-04-07 07:58:51.324047,0 days 00:00:24.584847,0.051144686529197445,0.1952143170852933,2,0.07257130925324241,0.06429753928717807,0.0738319719764681,0.04798543762685187,0.0916333281739621,0.07733694053547725,0.011450317503742728,28,86,0.0970613258008246,0.2313023144759586,True,False,False,3.3014712938502946e-08,COMPLETE
1982,0.6542929410934448,2025-04-07 07:58:51.983348,2025-04-07 07:59:15.340736,0 days 00:00:23.357388,0.4609087429285897,0.09258939967004359,2,0.03819671547930418,0.04539576525412185,0.07039252739891345,0.09667421328127761,0.09399655882554636,0.08241358760053918,0.007825309409754871,27,83,0.09521380737682768,0.11241726649839301,False,False,False,1.7306029244120754e-08,COMPLETE
1983,0.6231393456459046,2025-04-07 07:59:15.968947,2025-04-07 07:59:38.932891,0 days 00:00:22.963944,0.08011230047678511,0.15112175211771145,2,0.05218442114391744,0.03682386683859501,0.06824694601637657,0.0999835099176312,0.02292968936201254,0.08713853454219632,0.00944956009292939,26,94,0.08928191449487528,0.10335396352662779,False,False,False,2.148767596165882e-08,COMPLETE
1984,0.38785008788108827,2025-04-07 07:59:39.586414,2025-04-07 08:00:00.825953,0 days 00:00:21.239539,0.13323465026842904,0.12165557781734816,2,0.021183248700824615,0.05744205030111641,0.08079798496435242,0.08800060705909747,0.08785426194952088,0.08418506161291812,0.005908393319221347,28,87,0.09330489929201881,0.14423254217136589,False,False,True,1.2416222329379938e-08,COMPLETE
1985,0.5913944721221924,2025-04-07 08:00:01.482588,2025-04-07 08:00:25.182607,0 days 00:00:23.700019,0.11013817419412995,0.17512160016138392,2,0.02966113801732577,0.028997353999273782,0.0752845463990393,0.08531743402599627,0.09812515376681694,0.07889733373669458,0.007078246853183744,27,80,0.03912320629297822,0.12070279380140202,False,False,False,1.5732560709218216e-08,COMPLETE
1986,0.09159234166145325,2025-04-07 08:00:25.812988,2025-04-07 08:00:47.409234,0 days 00:00:21.596246,0.1553469123289215,0.14106154356236358,2,0.057200708335230346,0.04198041170074921,0.0871749797180356,0.09654378364005926,0.09351474133359318,0.09993196618906194,0.013073218877660692,29,140,0.0985217817708407,0.1277971790627645,False,True,False,2.05104403784449e-08,COMPLETE
1987,0.6043530821800233,2025-04-07 08:00:48.063818,2025-04-07 08:01:11.032031,0 days 00:00:22.968213,0.06025136275271613,0.057227092043227824,2,0.08681281160079153,0.05146707245282318,0.072271542068243,0.04983692191858406,0.09994835723643127,0.08127569644486757,0.05763641458079157,26,91,0.09121796567796998,0.19002183342639606,False,False,False,5.955933030503837e-08,COMPLETE
1988,0.5005805611610413,2025-04-07 08:01:11.691034,2025-04-07 08:01:35.195539,0 days 00:00:23.504505,0.029490852700893938,0.11219011025090085,2,0.07731277031872727,0.04857667074132733,0.07819770808123472,0.08912087573567272,0.09543481080373081,0.07982114457753536,0.009096049229866301,27,84,0.08805942498345644,0.18187049809805886,False,False,False,1.249434994496238e-08,COMPLETE
