number,value,datetime_start,datetime_complete,duration,params_alpha-eval,params_alpha-train,params_batch-size,params_eps-eval,params_eps-train,params_lambda-actions-eval,params_lambda-actions-train,params_lambda-frames-eval,params_lambda-frames-train,params_learning-rate,params_n-epochs,params_n-frames,params_radius-gw,params_rho,params_std-feats,params_ub-actions,params_ub-frames,params_weight-decay,state
1365,0.6165087103843689,2025-04-07 04:10:28.812802,2025-04-07 04:10:51.561420,0 days 00:00:22.748618,0.0580928305260322,0.13961535939405043,2,0.07285700739598264,0.0514201311920081,0.07435651487370498,0.0982200396674276,0.09755113588755941,0.08971691829297751,0.004655259554936132,26,96,0.08719935218131895,0.12034139839418383,False,False,False,1.2646848962811418e-08,COMPLETE
1366,0.6126741528511048,2025-04-07 04:10:51.993110,2025-04-07 04:11:15.047558,0 days 00:00:23.054448,0.09248782598508815,0.1638842450428432,2,0.08478463404058807,0.058547869387806165,0.07602392720174239,0.0923782909344154,0.09473027405706519,0.08408129841143293,0.00566098221061016,26,86,0.09547801516881042,0.1072581987991219,False,False,False,1.8229276379720595e-08,COMPLETE
1367,0.36364505887031556,2025-04-07 04:11:15.501212,2025-04-07 04:11:39.191276,0 days 00:00:23.690064,0.0731941997348309,0.24290891357263683,2,0.07952670974326848,0.2381278888355738,0.07304203952312778,0.09998661931183475,0.09816503026550877,0.08648254807390983,0.003983240299309978,27,92,0.09301554484517661,0.12603081676524827,False,False,False,2.9199363200765283e-08,COMPLETE
1368,0.612938666343689,2025-04-07 04:11:39.627750,2025-04-07 04:12:01.263436,0 days 00:00:21.635686,0.10166690376428265,0.10501149418961353,2,0.06480321616289379,0.044747264155329244,0.0810829740209893,0.09570639937315889,0.09591781162233154,0.08184741903845173,0.01024284655077719,24,80,0.08997168141307868,0.09832916215705581,False,False,False,1.4124015395709703e-08,COMPLETE
1369,0.6488564372062684,2025-04-07 04:12:01.700573,2025-04-07 04:12:25.909625,0 days 00:00:24.209052,0.04536052462781724,0.19618207723808256,2,0.09185219804178424,0.0517758019700876,0.08504243383387133,0.08921661598715142,0.09808744940335122,0.026009908652568428,0.00723528536134385,28,84,0.09995994888489322,0.13291300208629828,False,False,False,2.104452770110219e-08,COMPLETE
1370,0.6136428713798523,2025-04-07 04:12:26.348149,2025-04-07 04:12:49.459283,0 days 00:00:23.111134,0.0684717061089526,0.14246965072786674,2,0.06023060033602175,0.06516171545313897,0.0781911686663152,0.09366292156936644,0.09445051682372263,0.08076046830647503,0.0061153300901458365,26,77,0.09670342895254992,0.06895551456069272,False,False,False,1.6367064925353833e-08,COMPLETE
1371,0.6562085628509522,2025-04-07 04:12:49.889731,2025-04-07 04:13:13.381155,0 days 00:00:23.491424,0.027834282559459286,0.17929091288073898,2,0.07416087077200251,0.04185773483311098,0.07403825030307157,0.09184857406151861,0.0999646573274779,0.009987626109497758,0.00870543634538862,27,88,0.09208273175132023,0.11482142821179855,False,False,False,1.2522592320510127e-08,COMPLETE
1372,0.6177165627479553,2025-04-07 04:13:13.813149,2025-04-07 04:13:36.860478,0 days 00:00:23.047329,0.09138837676072978,0.12050548782291967,2,0.06742092552819562,0.048568461379175226,0.07593308886317514,0.09669020055392212,0.09659346188530275,0.08421818321102328,0.002708866945965751,26,91,0.08587025432167125,0.09352578689452139,False,False,False,2.401311983895126e-08,COMPLETE
1373,0.48751052618026736,2025-04-07 04:13:37.312181,2025-04-07 04:13:59.626600,0 days 00:00:22.314419,0.07135903066859582,0.2128425290331023,2,0.07097068081930834,0.055808646037188485,0.07286737780539339,0.08710075158127588,0.0999961784794379,0.08752166529512113,0.004913618909297939,25,85,0.09471435053660934,0.10359493377453706,False,False,False,1.2455457303836262e-08,COMPLETE
1374,0.6705020546913147,2025-04-07 04:14:00.066736,2025-04-07 04:14:23.448840,0 days 00:00:23.382104,0.10069789620980162,0.15926894027334765,2,0.08301024784387866,0.041457564232325425,0.07982151270739472,0.09491089678087815,0.04748032866623289,0.08196665711789469,0.004044023055902549,27,81,0.08839857141640296,0.12170510759010987,False,False,False,1.8373351189812964e-08,COMPLETE
1375,0.5459985852241516,2025-04-07 04:14:23.883671,2025-04-07 04:14:47.941955,0 days 00:00:24.058284,0.06041830245865212,0.09987649691770455,2,0.05757840929693547,0.046632996776970984,0.07668253825785858,0.09074135871404924,0.09467234944444874,0.08574508863782078,0.003521227067037938,28,89,0.030175404696169937,0.11343035042695648,False,False,False,1.5292451446315653e-08,COMPLETE
1376,0.37647815942764284,2025-04-07 04:14:48.382837,2025-04-07 04:15:08.580954,0 days 00:00:20.198117,0.08744454611952557,0.1404028167393444,2,0.06490174767312765,0.060923099235622905,0.07405361464809099,0.09367144988879623,0.09708755365798347,0.07999501685918138,0.006703502797813006,26,78,0.09126837677956151,0.086754226194233,False,False,True,1.0028343718682282e-08,COMPLETE
1377,0.09159234166145325,2025-04-07 04:15:09.018659,2025-04-07 04:15:22.280396,0 days 00:00:13.261737,0.041663448893141414,0.18313188331063304,2,0.07534945164889534,0.03790754347066499,0.07235541242896477,0.098221216382883,0.09384788849830093,0.09086641679485245,0.005250197182068454,13,84,0.09792564193374549,0.10949627466243321,False,True,False,1.227976504833346e-08,COMPLETE
1378,0.5179106116294862,2025-04-07 04:15:22.713163,2025-04-07 04:15:45.089060,0 days 00:00:22.375897,0.10400742409961727,0.16021675505948255,2,0.07971156106284448,0.05374588165784812,0.07901739995255912,0.08874021472515181,0.09814220381499637,0.08328807033207851,0.008468130488266548,25,87,0.09332578978994917,0.21464752409220486,False,False,False,3.088796739908704e-08,COMPLETE
1379,0.610279643535614,2025-04-07 04:15:45.547958,2025-04-07 04:16:09.027562,0 days 00:00:23.479604,0.07890008346985543,0.12097907815579935,2,0.058246006199175804,0.04702102596160079,0.0751329939895619,0.09539333631153804,0.0964584544819879,0.08147103720559724,0.004512097745094193,27,93,0.09620151650442219,0.1274830158064771,False,False,False,2.3024445327290885e-08,COMPLETE
1380,0.6096145987510682,2025-04-07 04:16:09.479485,2025-04-07 04:16:18.146107,0 days 00:00:08.666622,0.051418520249661544,0.1385550845831525,16,0.0703877535630261,0.042132820580718156,0.07735533969981054,0.09209355140088527,0.09430908948398921,0.09676133878088355,0.010068459041450107,24,82,0.08984346734087237,0.1187237883450901,False,False,False,1.7635407281145908e-08,COMPLETE
1381,0.4955491542816162,2025-04-07 04:16:18.589073,2025-04-07 04:16:41.563431,0 days 00:00:22.974358,0.10459404723802236,0.20489186997491396,2,0.06323629702313108,0.0710589183988698,0.07172934720747753,0.04932828862763848,0.0982893051973217,0.07991690759128714,0.0058448515453912945,26,87,0.09475834929870378,0.1048405149265441,False,False,False,1.5089201266611232e-08,COMPLETE
1382,0.5865318417549134,2025-04-07 04:16:41.998203,2025-04-07 04:17:04.584693,0 days 00:00:22.586490,0.06827549371704852,0.1761581364896593,2,0.08698629473229652,0.05202111038295442,0.07397829115386008,0.09768093922677581,0.09611849873685738,0.08506617543847589,0.0075134402588304715,25,80,0.08425891862355814,0.2944326522116178,False,False,False,1.973693871516783e-08,COMPLETE
1383,0.44111746549606323,2025-04-07 04:17:05.020616,2025-04-07 04:17:28.550378,0 days 00:00:23.529762,0.11211238599972867,0.1596440893974467,2,0.09317700944675746,0.1097494223515395,0.07161134805815829,0.089749098214758,0.05167293456671631,0.08294629510078182,0.0034392746998515742,27,90,0.08673802741725364,0.11680246862639793,False,False,False,1.2232088157154435e-08,COMPLETE
1384,0.4058712005615234,2025-04-07 04:17:28.984783,2025-04-07 04:17:52.960394,0 days 00:00:23.975611,0.9430174585234263,0.10611057963386508,2,0.07727244748626566,0.03822600624176823,0.07578566439202013,0.09314585311919148,0.09355548570632409,0.08880620475452568,0.005280726156525967,28,84,0.0926886075990073,0.09876924132510903,False,False,False,1.4590932316815652e-08,COMPLETE
1385,0.6130994081497192,2025-04-07 04:17:53.422749,2025-04-07 04:18:12.713179,0 days 00:00:19.290430,0.029034631019096105,0.12862707991903888,2,0.06842371073837321,0.06049755633722487,0.08265122675739264,0.08683925899034436,0.09816526291812706,0.07909126826076418,0.0029014650973188897,20,95,0.09804418442517467,0.12415774856493596,False,False,False,2.484197652514923e-08,COMPLETE
1386,0.6620742082595825,2025-04-07 04:18:13.152296,2025-04-07 04:18:36.077943,0 days 00:00:22.925647,0.08838810141058001,0.1444180328791283,2,0.058145911103764936,0.0463965456132155,0.07812217076472706,0.09590260633686196,0.023221650508304537,0.08700028713508004,0.006633173783144256,26,86,0.0906864291333776,0.13236698865664054,False,False,False,1.2404592586058112e-08,COMPLETE
1387,0.37763423323631284,2025-04-07 04:18:36.516076,2025-04-07 04:18:56.719086,0 days 00:00:20.203010,0.05136629948031543,0.18124201223954065,2,0.06440885693338845,0.056014963001227505,0.07388075018781085,0.09171418538648717,0.09636995017064046,0.08163328316571944,0.004004400703765548,26,75,0.08815840391581345,0.07964451587479848,False,False,True,1.7873070442209974e-08,COMPLETE
1388,0.6465623140335083,2025-04-07 04:18:57.156828,2025-04-07 04:19:21.207434,0 days 00:00:24.050606,0.08115827319266287,0.16209369924795164,2,0.08183761239464976,0.03634568959801597,0.07076367891885599,0.09430536469039696,0.09982907774541257,0.08405808979532048,0.008000684473599813,28,82,0.09613980323747587,0.10922816565538368,False,False,False,3.5841631572434e-08,COMPLETE
1389,0.29650877714157103,2025-04-07 04:19:21.651456,2025-04-07 04:19:42.333442,0 days 00:00:20.681986,0.11041131138556108,0.09895061843887486,2,0.07144865703623339,0.05011370558163554,0.07542190362448735,0.09021917549037801,0.09351843579453202,0.07817084641418072,0.010311883946014407,27,78,0.09390681762383646,0.11862186340323976,False,True,False,7.276790167615954e-08,COMPLETE
1390,0.6093394041061402,2025-04-07 04:19:42.793383,2025-04-07 04:20:05.041775,0 days 00:00:22.248392,0.029267219651933324,0.1196666502744096,2,0.05501737281478455,0.04241483792936737,0.07285897504199865,0.09775825470823839,0.09642993225457902,0.09286784703782837,0.004681446288983441,25,98,0.08316773107403506,0.11248519761114034,False,False,False,1.2136605578634801e-08,COMPLETE
1391,0.5180256605148316,2025-04-07 04:20:05.485714,2025-04-07 04:20:28.319623,0 days 00:00:22.833909,0.07077021714487558,0.2062690695686879,2,0.07634796784021393,0.06535313611766909,0.08070254949700453,0.0842350808855063,0.09989074551605463,0.08027535252357879,0.0053561324158819664,26,90,0.09136360313362396,0.09178057068482533,False,False,False,2.1825806097734954e-08,COMPLETE
1392,0.4661720752716065,2025-04-07 04:20:28.761553,2025-04-07 04:20:51.099733,0 days 00:00:22.338180,0.09481415308445786,0.22663572457642156,2,0.08777889728690395,0.17006902193908802,0.07716561180066905,0.08813803152765419,0.09519369052743734,0.08278619818491782,0.006556906017838345,25,84,0.08567275422977512,0.07437390403386354,False,False,False,1.630144587393482e-08,COMPLETE
1393,0.6475838541984559,2025-04-07 04:20:51.542848,2025-04-07 04:21:15.042113,0 days 00:00:23.499265,0.4221693044195165,0.1448558928589274,2,0.062486012389054664,0.0560380403847863,0.06981498376421143,0.09331317467439756,0.09835759465486911,0.08636469411631073,0.0039010832762214967,27,88,0.09992634710260072,0.10251312147322575,False,False,False,1.498967219051214e-08,COMPLETE
1394,0.5993940114974976,2025-04-07 04:21:15.479686,2025-04-07 04:21:37.097882,0 days 00:00:21.618196,0.11324546462031379,0.1818660488942321,2,0.0714130023348099,0.047223489738773466,0.07321070088160003,0.09617047811188367,0.09379360261385,0.08096647526877805,0.00222232346163622,24,80,0.09484927815210259,0.1257132323499161,False,False,False,5.2135488624164755e-08,COMPLETE
1395,0.615553903579712,2025-04-07 04:21:37.536877,2025-04-07 04:22:01.013509,0 days 00:00:23.476632,0.05085843802101306,0.16147195675224732,2,0.05640818467910455,0.03753599796367671,0.07942690194552046,0.09127997062350979,0.09679117603609776,0.08413314542547018,0.00882803517559593,27,92,0.08868935068631689,0.10938620528640365,False,False,False,1.0027900168842985e-08,COMPLETE
1396,0.6130908131599426,2025-04-07 04:22:01.476878,2025-04-07 04:22:10.414615,0 days 00:00:08.937737,0.06734438193368068,0.12344608276699866,16,0.0659539924108302,0.04837897157298145,0.07528067056219301,0.094759768416176,0.09538342725209556,0.07766978514129459,0.004525338618303897,26,85,0.09670577973392046,0.12029642500394934,False,False,False,2.5907853301153213e-08,COMPLETE
1397,0.49319654703140264,2025-04-07 04:22:10.861586,2025-04-07 04:22:34.940195,0 days 00:00:24.078609,0.084832203016231,0.13923755918115013,2,0.07825962930710491,0.04288034582067173,0.07124805329300975,0.08603616519743132,0.09829483712425281,0.08936617376036256,0.0033005080005238325,28,88,0.0924331449762234,0.2592579435475161,False,False,False,1.9022139045948422e-08,COMPLETE
1398,0.34079569578170776,2025-04-07 04:22:35.387661,2025-04-07 04:22:54.938897,0 days 00:00:19.551236,0.11412274108633762,0.19721915601924386,2,0.07040474653597271,0.032710996284607885,0.07757183926492445,0.09991672933322063,0.018397733187294443,0.09962415750379751,0.006291270036280799,25,81,0.08957898059528986,0.09657002407759026,False,False,True,1.0064618103100922e-08,COMPLETE
1399,0.6578400015830994,2025-04-07 04:22:55.381461,2025-04-07 04:23:17.194537,0 days 00:00:21.813076,0.09350308003428016,0.15398172348316358,2,0.08422759330010907,0.05324844290312989,0.0729611632970553,0.09267964056279702,0.09991284409338219,0.08229410449719433,0.007637043270175736,24,84,0.09818482185312961,0.11425261931082878,False,False,False,1.2412057377012162e-08,COMPLETE
1400,0.6735750436782837,2025-04-07 04:23:17.636988,2025-04-07 04:23:40.905235,0 days 00:00:23.268247,0.029223692362803554,0.10162718539009427,2,0.054795990658497364,0.04254026177514003,0.07508438896997884,0.0898876588556403,0.09370007817559242,0.07941388564893545,0.005726259239428853,26,87,0.09352522982750167,0.1318837596581617,False,False,False,1.4973122026382026e-08,COMPLETE
1401,0.15190844237804413,2025-04-07 04:23:41.366723,2025-04-07 04:24:02.494025,0 days 00:00:21.127302,0.05811306181743979,0.17388020596749498,2,0.06250448957818353,0.05716973653608787,0.07137312728071993,0.09668474749952134,0.09649084556553425,0.08565357476209051,0.004442093068362143,28,78,0.0868826310207495,0.10255019428402189,False,True,False,1.971656319272078e-08,COMPLETE
1402,0.5951756358146668,2025-04-07 04:24:02.943573,2025-04-07 04:24:26.669983,0 days 00:00:23.726410,0.5492029015372352,0.12283834224939619,2,0.021876889751121998,0.05012342717229471,0.06938068238787103,0.054465869890965316,0.05483296865678578,0.08043058381558457,0.010529169978095738,27,91,0.0953053082737921,0.12334595950502103,False,False,False,3.176140913287256e-08,COMPLETE
1403,0.6866375207901001,2025-04-07 04:24:27.116337,2025-04-07 04:24:49.954912,0 days 00:00:22.838575,0.11571139306397388,0.14443661926843465,2,0.06755825603900113,0.03697647271416545,0.0765739611434459,0.09472343069800701,0.09993571214178666,0.08769432847899765,0.0049991460463178605,26,83,0.09178972228260526,0.18683127133515134,False,False,False,1.4466242763512085e-08,COMPLETE
1404,0.6123382925987244,2025-04-07 04:24:50.404951,2025-04-07 04:25:12.803126,0 days 00:00:22.398175,0.12403251008643543,0.1020479502660795,2,0.060387656858015795,0.030773241971736344,0.07394843739007506,0.0982334673761197,0.09834000463996476,0.0949416508232753,0.0065757179747394255,25,80,0.09054447155807216,0.1904075953865832,False,False,False,1.2317264652099013e-08,COMPLETE
1405,0.45092104673385625,2025-04-07 04:25:13.246512,2025-04-07 04:25:35.476648,0 days 00:00:22.230136,0.12425492604322293,0.1355110069158009,2,0.06674001471766974,0.034075117396781415,0.07233435679228621,0.09645541726806432,0.09809600467286088,0.08915580582621778,0.0794518227027582,25,77,0.09706036287292359,0.22779869208067385,False,False,False,1.2459345821118426e-08,COMPLETE
1406,0.6121510148048401,2025-04-07 04:25:35.920906,2025-04-07 04:25:58.910582,0 days 00:00:22.989676,0.10518875833504944,0.18873774962701362,2,0.05551188282013683,0.03265874818016999,0.07623135270051565,0.09561063898912002,0.09854170634297724,0.09176567936389547,0.007884262136347176,26,75,0.08835572663131411,0.1990318149735501,False,False,False,1.47007009531991e-08,COMPLETE
1407,0.4755442142486572,2025-04-07 04:25:59.377479,2025-04-07 04:26:21.675902,0 days 00:00:22.298423,0.12098268276341084,0.16648373398118807,2,0.0623411884480936,0.03660105130419602,0.0700905052904532,0.09813989071608803,0.09851473015945375,0.09082630035816602,0.007586526377243271,25,82,0.08542524765704822,0.2739464033336172,False,False,False,6.894278645872693e-06,COMPLETE
1408,0.6114023923873901,2025-04-07 04:26:22.131712,2025-04-07 04:26:45.192112,0 days 00:00:23.060400,0.1344237856090206,0.11872413408371774,2,0.06709933632767826,0.02888115943850818,0.07431135703911454,0.09527990613596365,0.09971989120831765,0.08777948477374932,0.005445600812408271,26,74,0.09322793607385128,0.19285516799610836,False,False,False,1.2190618658156662e-08,COMPLETE
1409,0.47247116565704345,2025-04-07 04:26:45.638306,2025-04-07 04:27:07.956483,0 days 00:00:22.318177,0.113194020640258,0.8790034808073939,2,0.054934812914832015,0.036491268207494224,0.07903891102999652,0.0520117756565332,0.09976457134902846,0.08812131253140035,0.005856718250259076,25,79,0.09515564093005968,0.1858255829835032,False,False,False,1.0125509168569585e-08,COMPLETE
1410,0.38642686009407046,2025-04-07 04:27:08.408805,2025-04-07 04:27:28.488318,0 days 00:00:20.079513,0.10560083370689757,0.15101020922781364,2,0.06107801024501229,0.03939109413978135,0.07129276668421847,0.09432744685986454,0.07506459320628334,0.08898090167256663,0.010275513142595269,26,83,0.09138642444268508,0.20663739618483543,False,False,True,1.4021367257799885e-08,COMPLETE
1411,0.1012940227985382,2025-04-07 04:27:28.936129,2025-04-07 04:27:48.342694,0 days 00:00:19.406565,0.1314797370221087,0.2215994191701426,2,0.0700412302208939,0.029865698741171842,0.07587916299121998,0.09843369435985051,0.09996746732823131,0.09210709391507836,0.005057331441539345,25,81,0.09820576530323546,0.18385596421732323,False,True,False,1.5304916969241197e-08,COMPLETE
1412,0.6096584081649781,2025-04-07 04:27:48.806065,2025-04-07 04:28:11.591318,0 days 00:00:22.785253,0.10017360139671769,0.13364921819123318,2,0.06576848157448763,0.03909861205809623,0.07335590098503816,0.04734874197842193,0.09731334463935215,0.08687044016404825,0.006517706236800897,26,78,0.08952576475353546,0.17809611804036068,False,False,False,1.2305284663717426e-08,COMPLETE
1413,0.404869282245636,2025-04-07 04:28:12.042501,2025-04-07 04:28:34.991594,0 days 00:00:22.949093,0.13244311868884873,0.09540407582138816,2,0.05861218559136634,0.19464015464144677,0.06861053935820316,0.09633022570018451,0.09995913500299822,0.08911815040068975,0.008780962423762362,26,83,0.08713267761918823,0.24712697362419928,False,False,False,1.6220807036161856e-08,COMPLETE
1414,0.49352498054504396,2025-04-07 04:28:35.440174,2025-04-07 04:28:57.908267,0 days 00:00:22.468093,0.10750955445312144,0.17331043667361415,2,0.05254493381626567,0.030353524964401093,0.08123160266062397,0.09375652980256519,0.09645050858139281,0.09079724642505531,0.00537832423940366,25,85,0.08419172718594643,0.26327260274478737,False,False,False,1.1896600332510071e-08,COMPLETE
1415,0.6105785727500916,2025-04-07 04:28:58.354776,2025-04-07 04:29:21.290560,0 days 00:00:22.935784,0.09256572232939761,0.1942635298070311,2,0.07384523410869641,0.04090565554918474,0.07224797914195717,0.09437708181438942,0.09725430907902613,0.08663553745824389,0.007082732736316235,26,72,0.09387005974636493,0.20078815475850306,False,False,False,1.0096023802095332e-08,COMPLETE
1416,0.4985913515090942,2025-04-07 04:29:21.739969,2025-04-07 04:29:43.925101,0 days 00:00:22.185132,0.13869100698882694,0.1166993893280446,2,0.06927769995811545,0.04333309235023632,0.07486757648653779,0.09288793272443528,0.09832730299778292,0.0876069199270637,0.004952913497656287,25,81,0.09624013804252783,0.2368595961722418,False,False,False,1.7874757552344287e-08,COMPLETE
1417,0.6160509705543518,2025-04-07 04:29:44.390734,2025-04-07 04:29:53.243092,0 days 00:00:08.852358,0.1169023850898098,0.15108774112920836,16,0.061248806125618574,0.03590084941991059,0.06994578796238436,0.0965903674392995,0.09666865410796237,0.09001326550847578,0.008622781436137608,26,83,0.09114350215988484,0.1266528573516058,False,False,False,1.4071078856508803e-08,COMPLETE
1418,0.6096893072128295,2025-04-07 04:29:53.692325,2025-04-07 04:30:15.433749,0 days 00:00:21.741424,0.08908176551427884,0.1644314315833323,2,0.07431941569716558,0.044635127716767184,0.07694473349686048,0.09827294647781502,0.09995751456355034,0.08589452757091988,0.006592494251559126,24,77,0.0933166211135057,0.13118689373095957,False,False,False,9.634300642196009e-08,COMPLETE
1419,0.6849058866500854,2025-04-07 04:30:15.884737,2025-04-07 04:30:39.111669,0 days 00:00:23.226932,0.12087812119565301,0.1348639766937261,2,0.05258191960431595,0.03587871271884801,0.07361920799883534,0.09286684145727257,0.09704639259890106,0.0849990786444376,0.010985804720036635,26,86,0.09644118981663116,0.18721277697853245,False,False,False,1.7690339919842894e-08,COMPLETE
1420,0.48072902560234076,2025-04-07 04:30:39.567496,2025-04-07 04:31:02.479660,0 days 00:00:22.912164,0.1382933387306947,0.09351854674553955,2,0.050798731637552504,0.034888770359441434,0.078204788309775,0.08850816164025635,0.09532653299421809,0.08462046555118037,0.01225252803636882,26,87,0.08860506463045127,0.1996913052052431,False,False,False,2.0195338137611135e-08,COMPLETE
1421,0.37270493507385255,2025-04-07 04:31:02.948533,2025-04-07 04:31:23.036052,0 days 00:00:20.087519,0.12444360117084552,0.11384245175218285,2,0.055590486291373475,0.031624536409836326,0.08424515646601563,0.09110183643120143,0.09574061916818893,0.08494884237721949,0.01110212820918233,26,85,0.09827712128981768,0.18700147981791074,False,False,True,1.8958235322511125e-08,COMPLETE
