number,value,datetime_start,datetime_complete,duration,params_alpha-eval,params_alpha-train,params_batch-size,params_eps-eval,params_eps-train,params_lambda-actions-eval,params_lambda-actions-train,params_lambda-frames-eval,params_lambda-frames-train,params_learning-rate,params_n-epochs,params_n-frames,params_radius-gw,params_rho,params_std-feats,params_ub-actions,params_ub-frames,params_weight-decay,state
615,0.5472217082977295,2025-04-20 15:34:41.597099,2025-04-20 15:34:53.095483,0 days 00:00:11.498384,0.8223825615178172,0.08494118894289773,8,0.10749252318534044,0.037230636631768455,0.0699391892927006,0.05059442629017859,0.06792832055655747,0.06469595801224756,0.0003903982345468778,29,148,0.011518502264668195,0.26853814181003643,False,False,False,8.606772085735803e-07,COMPLETE
616,0.09977451264858246,2025-04-20 15:34:53.297835,2025-04-20 15:35:03.562460,0 days 00:00:10.264625,0.7952367551443028,0.0393633778997908,8,0.0699421286102213,0.061228396715179614,0.08267853747086708,0.061358328013789265,0.05930247423672482,0.08534488881141454,0.00018238666062483303,27,134,0.008577558901271968,0.2378246316013852,False,True,False,2.2908530569512526e-06,COMPLETE
617,0.5128586292266846,2025-04-20 15:35:03.756790,2025-04-20 15:35:12.839680,0 days 00:00:09.082890,0.7775930982088887,0.11565707666616623,16,0.07743485342266059,0.03233850087511374,0.0788878748873273,0.05280529923970044,0.06661745332733321,0.07847237284373754,0.0002936727890509618,24,139,0.02377621169638829,0.2630638704212605,False,False,False,4.4714041024359055e-07,COMPLETE
618,0.483493709564209,2025-04-20 15:35:13.042701,2025-04-20 15:35:24.361540,0 days 00:00:11.318839,0.8726238331778732,0.14723280344476572,8,0.09325389709458086,0.07493701699232068,0.08489947972037794,0.04629691966840676,0.07393206797790065,0.06903441237366241,0.00048300612968230284,28,143,0.02743454844540115,0.2761527798345766,False,False,False,2.2747144745475226e-07,COMPLETE
619,0.4855556011199952,2025-04-20 15:35:24.554557,2025-04-20 15:35:36.278269,0 days 00:00:11.723712,0.7442356740403011,0.09826871907378289,8,0.1822736116697114,0.049140705416229974,0.08095433805666623,0.05906030559050066,0.06388108080011677,0.07465109262370714,0.00022627314144464374,30,150,0.03422599814127722,0.22926793426322253,False,False,False,1.05418023828465e-06,COMPLETE
620,0.574521541595459,2025-04-20 15:35:36.483716,2025-04-20 15:35:48.414865,0 days 00:00:11.931149,0.8459030741344229,0.07102272986894417,8,0.0661175811974738,0.08286477353063058,0.07658838925598839,0.0659391820627759,0.0706699367703454,0.07057074264650691,0.00014839005805971714,29,129,0.017161838236753806,0.21720130388180792,True,False,False,7.036859121464411e-07,COMPLETE
621,0.543886935710907,2025-04-20 15:35:48.606532,2025-04-20 15:35:57.055104,0 days 00:00:08.448572,0.8004821816178093,0.12224020111692288,8,0.1175940411140344,0.05394103263683685,0.07896753568547248,0.07370230483129381,0.06162345252690095,0.08216353626006324,0.000667685836198115,10,147,0.013410814818147253,0.26006342147161227,False,False,False,1.1755437706802796e-07,COMPLETE
622,0.4977860927581787,2025-04-20 15:35:57.259570,2025-04-20 15:36:08.434324,0 days 00:00:11.174754,0.896712385368192,0.1695974579098743,8,0.08519761110962637,0.04223372620977653,0.08700038731947599,0.06328763696610847,0.07621654881575939,0.06628693491011697,0.0003221614854110079,27,144,0.004182501593957558,0.1885936225374056,False,False,False,3.739309275193541e-07,COMPLETE
623,0.41842390894889836,2025-04-20 15:36:08.632750,2025-04-20 15:36:16.230574,0 days 00:00:07.597824,0.8271019510598143,0.05446810541966869,16,0.058661246043695374,0.06343392030090104,0.08316432850394713,0.05605781773216186,0.06881833717029179,0.07269663793841616,0.00011072642423917353,8,141,0.07742501926583038,0.2680688864996308,False,False,False,1.3385490636239162e-06,COMPLETE
624,0.5922996044158936,2025-04-20 15:36:16.434647,2025-04-20 15:36:26.292746,0 days 00:00:09.858099,0.7292716261706318,0.08487650202334873,8,0.07529959275091702,0.06982011760614477,0.062300704226055784,0.06024671065265896,0.06541047386630353,0.0788108235368816,0.00017972649389175438,19,137,0.0211637460451631,0.21061930913727164,False,False,False,2.7483976650583097e-07,COMPLETE
625,0.614260470867157,2025-04-20 15:36:26.486240,2025-04-20 15:36:37.939913,0 days 00:00:11.453673,0.7695840621943806,0.10865973898104514,8,0.07017214950463793,0.05736356579632464,0.08036099579683198,0.05777964757684006,0.07185776217848737,0.07581678103645666,0.00025748117139443586,28,125,0.018147922963177382,0.2494361053152109,False,False,False,5.702132135239088e-07,COMPLETE
626,0.47006412744522097,2025-04-20 15:36:38.144726,2025-04-20 15:36:49.695501,0 days 00:00:11.550775,0.8652811710506865,0.025333134475408456,8,0.15804343318855638,0.03913236082751027,0.07532161977325258,0.05441068514280967,0.06287878330372991,0.02914819510306116,0.00041357041327151086,29,147,0.015631594605653727,0.1968551887849816,False,False,False,1.720248032520567e-07,COMPLETE
627,0.5669671058654786,2025-04-20 15:36:49.888375,2025-04-20 15:37:00.920278,0 days 00:00:11.031903,0.17196082532617446,0.139012617813089,8,0.20947396921357106,0.048306804220745965,0.07819215855618758,0.062250408321466985,0.05873218956403627,0.06791896104866874,0.00013745045368421897,26,132,0.019004845841735757,0.2897313919269017,False,False,False,1.651611246346745e-06,COMPLETE
628,0.6208101272583009,2025-04-20 15:37:01.126895,2025-04-20 15:37:12.434662,0 days 00:00:11.307767,0.7903255920047366,0.07420852372230216,8,0.13102966951200856,0.03205366639843355,0.0824095768221604,0.05276957355131014,0.06748822322646977,0.07084090464408427,0.00022694121024208726,27,150,0.013829288301439584,0.2572811869840878,False,False,False,8.332823923205125e-07,COMPLETE
629,0.35148142576217656,2025-04-20 15:37:12.628333,2025-04-20 15:37:23.661107,0 days 00:00:11.032774,0.9146824918978879,0.0469291691330195,8,0.11860860748305019,0.25336085224285965,0.08564952785436125,0.05578162167957187,0.06636393907793876,0.07364275250477713,0.0002964526219241134,26,150,0.009887980731732873,0.25569183625039976,False,False,False,7.899821564010216e-07,COMPLETE
630,0.44192126393318176,2025-04-20 15:37:23.868474,2025-04-20 15:37:35.020381,0 days 00:00:11.151907,0.8042612989315079,0.06610591952377065,8,0.11480999373959325,0.027743133977520273,0.08392443640575392,0.06671339453419814,0.06077688353125853,0.07748504954596735,0.0002360527168523573,27,148,0.011774236704996997,0.24963677919344962,False,False,False,4.993403779778802e-07,COMPLETE
631,0.34604765772819523,2025-04-20 15:37:35.215645,2025-04-20 15:37:44.625782,0 days 00:00:09.410137,0.8381061879335938,0.07617614162491798,16,0.12684906264176676,0.007621649796609047,0.08209171383368724,0.05265968478240854,0.06413227887480104,0.07137762851435457,0.00034303074232855174,27,150,0.013610298121277788,0.2594701551795874,False,False,False,6.454884795369162e-07,COMPLETE
632,0.4346227467060089,2025-04-20 15:37:44.834144,2025-04-20 15:37:55.840732,0 days 00:00:11.006588,0.8865442808480327,0.040341177263339585,8,0.13208758184641772,0.06490098162236652,0.08910138737950081,0.058788084415997977,0.03810736191719,0.08055073670611396,0.0002610583471948184,26,146,0.0072723510402996,0.2651404144419196,False,False,False,4.665541990522405e-07,COMPLETE
633,0.5075724601745606,2025-04-20 15:37:56.037044,2025-04-20 15:38:07.232655,0 days 00:00:11.195611,0.8186360721237165,0.2822481249431396,8,0.10466537924901091,0.05270274786211239,0.08669003719216005,0.056890955037124304,0.06758626434904723,0.07520492069277622,0.0005461144774595618,27,145,0.014234130761606692,0.2518409189207022,False,False,False,1.3603817971474165e-07,COMPLETE
634,0.09159234166145325,2025-04-20 15:38:07.442522,2025-04-20 15:38:28.231386,0 days 00:00:20.788864,0.6756077941259738,0.08108717004462582,2,0.10631221656049536,0.030689571592103494,0.08396988767421422,0.06088591794023852,0.08741996847355835,0.07328959272582523,0.00021016399083499505,27,150,0.011611830486984751,0.25858144078450335,False,False,True,8.950346496840083e-07,COMPLETE
635,0.1892848640680313,2025-04-20 15:38:28.428070,2025-04-20 15:38:38.659899,0 days 00:00:10.231829,0.7557948826753788,0.01051821650201075,8,0.11355779864260951,0.06050194589201272,0.08192976508749861,0.06413831612120445,0.06490522592481252,0.08374880504444401,0.0003725269949016217,27,143,0.015515257361466046,0.2720147514152881,False,True,False,3.088873510244322e-07,COMPLETE
636,0.4500394463539124,2025-04-20 15:38:38.868775,2025-04-20 15:38:50.288961,0 days 00:00:11.420186,0.7122058155889548,0.053702624842458996,8,0.14266890805123497,0.044783402051204596,0.08515633712750985,0.0544504820708886,0.062379469450288036,0.042689362069760574,0.0003206356329292991,28,147,0.013084394258351598,0.2661213498170196,False,False,False,2.1044055999168477e-07,COMPLETE
637,0.4918290257453919,2025-04-20 15:38:50.485596,2025-04-20 15:39:01.507995,0 days 00:00:11.022399,0.788069707392386,0.09231145895598358,8,0.1343642445293818,0.020046954425829662,0.09136985843474177,0.07012146249558884,0.06677905322292671,0.07019573417494042,0.0002171998067184157,26,145,0.009982383813071177,0.2450534032022028,False,False,False,6.550927027332257e-07,COMPLETE
638,0.6448379397392274,2025-04-20 15:39:01.715249,2025-04-20 15:39:11.186020,0 days 00:00:09.470771,0.8489537807493157,0.07110194562103564,16,0.12250447804160444,0.0720687887854323,0.08890119576839237,0.06764999648326289,0.06986242720270756,0.08783208188877852,0.00026148692026248125,28,141,0.016429725942850713,0.25425601879443943,False,False,False,3.998011256502523e-07,COMPLETE
639,0.4615911662578583,2025-04-20 15:39:11.382883,2025-04-20 15:39:21.208859,0 days 00:00:09.825976,0.8464539771546642,0.032529954866706345,16,0.047593987048336006,0.08103964293817298,0.09430996415152516,0.06820027340239895,0.07093508795785994,0.092194670270487,0.00025552532984620486,28,148,0.015007652315168526,0.25332392969820766,True,False,False,4.61458883677123e-07,COMPLETE
640,0.5211605668067932,2025-04-20 15:39:21.419115,2025-04-20 15:39:30.933965,0 days 00:00:09.514850,0.8225931839404231,0.06596673577063139,16,0.12173523369801326,0.07463703101853798,0.08874049391004098,0.06883042516746489,0.07482396270715834,0.08768091850056818,0.00019651377731164676,28,150,0.012558424364391894,0.24632383162966626,False,False,False,3.8401039355331454e-07,COMPLETE
641,0.4383862853050232,2025-04-20 15:39:31.132692,2025-04-20 15:39:40.718541,0 days 00:00:09.585849,0.8554527995045809,0.06212587450005355,16,0.12009192365148978,0.08968081869705286,0.09039038678087362,0.0675183060603363,0.07207850320523025,0.09337398915391713,0.0002773335075545915,28,143,0.01615498296307054,0.2546243664461259,False,False,False,3.756148233565596e-07,COMPLETE
642,0.4081427395343781,2025-04-20 15:39:40.928407,2025-04-20 15:39:50.500236,0 days 00:00:09.571829,0.8371498311491924,0.04317225176207213,16,0.13320991545695202,0.07743470841239807,0.030183338323290662,0.07089222240371647,0.06972605660463387,0.08306675084058264,0.00023067323912271396,28,147,0.014290935102258014,0.25843831039373855,False,False,False,5.94112734900715e-07,COMPLETE
643,0.4117830693721772,2025-04-20 15:39:50.703469,2025-04-20 15:40:00.146383,0 days 00:00:09.442914,0.809293742535821,0.08137260678249796,16,0.1383955484101223,0.06949717184500452,0.09332773741290998,0.0654854333407901,0.06918286221410244,0.09140322099934496,0.0001658237174535723,28,142,0.011061332874169149,0.24132837593711148,False,False,False,4.729955083419326e-07,COMPLETE
644,0.4328920543193817,2025-04-20 15:40:00.357612,2025-04-20 15:40:08.720242,0 days 00:00:08.362630,0.03911007748222489,0.026988721844993388,16,0.13000609157509502,0.06999600291643403,0.020143307425022808,0.07268485534306196,0.07326787939010668,0.08931024700572703,0.00019806330468498867,16,145,0.01695040789152372,0.26113059433299435,False,False,False,3.335232894626022e-07,COMPLETE
645,0.5580328822135925,2025-04-20 15:40:08.919343,2025-04-20 15:40:18.502402,0 days 00:00:09.583059,0.8598925384373052,0.06283783911613129,16,0.11815531080207857,0.07909996500526885,0.08018721153284311,0.06735061177274931,0.034347949279750836,0.08728880712784944,0.0002568645789778059,29,150,0.013691693545359632,0.24883065751472502,False,False,False,8.292016253845577e-07,COMPLETE
646,0.3296397149562836,2025-04-20 15:40:18.713906,2025-04-20 15:40:26.911249,0 days 00:00:08.197343,0.7897010805097614,0.0933045694370945,16,0.12808434318157988,0.06276053236758364,0.089648708431363,0.023514341974631054,0.06834195208225527,0.08689971895593043,0.00030304284034479343,14,140,0.016207762072119106,0.25674029183713654,False,False,False,5.763863886064135e-07,COMPLETE
647,0.3904782414436341,2025-04-20 15:40:27.124431,2025-04-20 15:40:36.622307,0 days 00:00:09.497876,0.8427001234538081,0.054651638749355996,16,0.121831477822715,0.07317529048796936,0.07665555833085234,0.06573003501087203,0.07093044932019123,0.08997927329527684,0.00017699286021149413,28,145,0.019232703504858974,0.2632245823882076,False,False,False,4.189716588867995e-07,COMPLETE
648,0.6017579197883607,2025-04-20 15:40:36.823400,2025-04-20 15:40:46.411454,0 days 00:00:09.588054,0.8211997210431394,0.07653637333759501,16,0.11194809488398086,0.06757862615131477,0.09204127548743277,0.06940211441592609,0.06781260978730275,0.08595167168152895,0.001431668704318848,29,147,0.017287788955223073,0.25394069904679745,False,False,False,7.41962145900443e-07,COMPLETE
649,0.3752151668071747,2025-04-20 15:40:46.625805,2025-04-20 15:40:56.155163,0 days 00:00:09.529358,0.7635443587753185,0.7335748629330759,16,0.09645145582317231,0.0590445841275149,0.09730047574709419,0.06455234509221164,0.07029773219603352,0.08423314411376709,0.00021576799571913907,28,142,0.0013957143179219311,0.2646437306160601,False,False,False,2.670054657644414e-07,COMPLETE
650,0.316078907251358,2025-04-20 15:40:56.357161,2025-04-20 15:41:05.870711,0 days 00:00:09.513550,0.8718119131519573,0.0976133674774764,16,0.08623291848499,0.08560472244989598,0.08163781478990967,0.0632486781761716,0.06637549785308577,0.07713687462135704,0.0002714809266005116,27,147,0.06537929086846257,0.24744804386951597,False,False,False,5.503283950575765e-07,COMPLETE
651,0.42434983849525454,2025-04-20 15:41:06.085478,2025-04-20 15:41:13.872357,0 days 00:00:07.786879,0.7462493454154356,0.04423643201969757,16,0.07954710467316128,0.06461424883431353,0.08757583861672712,0.06635830328593875,0.0687239339261778,0.08079108271836467,0.0001684639237775295,11,144,0.05754247570914057,0.2537314267596364,False,False,False,9.618554698780329e-07,COMPLETE
652,0.3077442586421967,2025-04-20 15:41:14.075185,2025-04-20 15:41:23.590576,0 days 00:00:09.515391,0.7815017529729386,0.07495395590421079,16,0.12220801399686908,0.055061777441104104,0.07223616049899237,0.06255345360489502,0.07462882000575256,0.07214001630522533,0.00012864139762770927,28,60,0.014426578703704156,0.23880444956481056,False,False,False,4.299544394418027e-06,COMPLETE
653,0.16984114944934844,2025-04-20 15:41:23.804317,2025-04-20 15:41:45.837823,0 days 00:00:22.033506,0.8126011580278838,0.34853238497474437,2,0.12850848955861222,0.07307171491793209,0.07410147532460772,0.0494391611685195,0.055133363366100814,0.07487740403507816,0.00023051980300015673,29,150,0.009421623441226915,0.022480045162954737,False,False,True,2.80481852595125e-06,COMPLETE
654,0.2148007869720459,2025-04-20 15:41:46.040178,2025-04-20 15:41:56.528351,0 days 00:00:10.488173,0.8376615351467737,0.08665700815970125,8,0.09091997925026976,0.06655818567276263,0.07997889417876537,0.0768540798616426,0.06526619564942876,0.07951056907492571,0.0003096001026251154,28,140,0.021254884588370538,0.26220471795912503,False,True,False,3.4403188973938757e-07,COMPLETE
655,0.5685861349105835,2025-04-20 15:41:56.743060,2025-04-20 15:42:07.921494,0 days 00:00:11.178434,0.7212152920313563,0.10336471244136984,8,0.08154387094226008,0.057888823964395986,0.07783753943793276,0.06787616846774663,0.07248095283480259,0.08530420705791975,0.05983609375856276,27,50,0.012267011049636343,0.2698136065746822,False,False,False,6.87928755047848e-07,COMPLETE
656,0.3621357560157776,2025-04-20 15:42:08.127863,2025-04-20 15:42:15.510770,0 days 00:00:07.382907,0.7945297586081791,0.06056045776881662,16,0.14301711008777773,0.0536045094409145,0.08302501036400549,0.008759090659558592,0.06729576273414756,0.08848770973833575,0.00019580510318967158,7,145,0.017858059082363296,0.2616788025475618,False,False,False,4.149978791595787e-07,COMPLETE
657,0.6147305846214295,2025-04-20 15:42:15.727019,2025-04-20 15:42:27.220045,0 days 00:00:11.493026,0.859275936354598,0.1156784666242094,8,0.06184307038728668,0.04984443329878773,0.08019308154861685,0.03464098545592761,0.06446122067879706,0.07057142806582155,0.00023356221116196116,29,138,0.015294858603374154,0.25684660309857504,False,False,False,1.0977073573972966e-06,COMPLETE
658,0.35861060023307806,2025-04-20 15:42:27.427327,2025-04-20 15:42:39.182099,0 days 00:00:11.754772,0.5218869829568656,0.09412375937994702,8,0.05410154358926367,0.06209379544578048,0.07560341961311642,0.052219861829003525,0.0690122280892831,0.07667941605204132,0.00015130568442313897,28,148,0.019381380689130163,0.26760839543609427,True,False,False,5.203088894994883e-07,COMPLETE
659,0.6179932355880737,2025-04-20 15:42:39.399552,2025-04-20 15:42:50.646339,0 days 00:00:11.246787,0.7717498391846711,0.07397597114610412,8,0.09731738744751572,0.07798204020526285,0.07802795764000721,0.06466630984388118,0.057577491962414865,0.06796080317890957,0.00034471612799002945,27,143,0.016423866459224785,0.2445992054449181,False,False,False,2.9524639224527855e-07,COMPLETE
660,0.3989293932914734,2025-04-20 15:42:50.849569,2025-04-20 15:43:01.910970,0 days 00:00:11.061401,0.735962296692544,0.02552918522404908,8,0.0992302641572626,0.0782620688288192,0.08195346388822866,0.06577824831101094,0.059034915729828254,0.0686930244369216,0.0004506774494320505,26,141,0.013154236487821623,0.2423532736482276,False,False,False,2.7654226364045005e-07,COMPLETE
661,0.5049531221389771,2025-04-20 15:43:02.126591,2025-04-20 15:43:13.024876,0 days 00:00:10.898285,0.8245226987425542,0.5792901383149929,8,0.10219547442329353,0.07474372486414821,0.08800032694004808,0.06437532872540923,0.0568745060189251,0.07200340228280144,0.0003683826722223632,25,137,0.015748153502623267,0.24823301078804155,False,False,False,3.318235697929854e-07,COMPLETE
662,0.48222697973251344,2025-04-20 15:43:13.229331,2025-04-20 15:43:22.693486,0 days 00:00:09.464155,0.6937823278691162,0.04477287924431335,16,0.09531129693910846,0.08173544879397693,0.08379605557441121,0.0686884254738323,0.05666515006939645,0.07316235024717467,0.00041495932911041406,27,142,0.017319724600217676,0.2532483237096619,False,False,False,2.565587327138264e-07,COMPLETE
663,0.35266628861427307,2025-04-20 15:43:22.910820,2025-04-20 15:43:34.238910,0 days 00:00:11.328090,0.7650839314563311,0.07270624574641288,8,0.10731409812542979,0.09147711342197598,0.07840502807109637,0.06697070265738829,0.05803166765280164,0.06929688037882292,0.0008601038707034869,27,135,0.006135866380296968,0.2484691629613475,False,False,False,3.155701056186287e-07,COMPLETE
664,0.6053149580955506,2025-04-20 15:43:34.443897,2025-04-20 15:43:45.474783,0 days 00:00:11.030886,0.8787499533118397,0.11633865868909057,8,0.11386142833157588,0.07013207868698454,0.08094862799608055,0.07157590403306563,0.06051637744913229,0.0818749204391505,0.00034341635707123703,26,138,0.020332622414992355,0.25792862583511367,False,False,False,2.3745239667512084e-07,COMPLETE
665,0.2517878651618958,2025-04-20 15:43:45.692620,2025-04-20 15:43:56.862666,0 days 00:00:11.170046,0.8020130789829786,0.09261962824609332,8,0.0913862473561083,0.08592026861916001,0.08605341490113483,0.06397257206596792,0.05816617871524515,0.07898790976562839,9.81694111742695e-05,27,142,0.011410071180448823,0.242695300440278,False,False,False,3.752232074209882e-07,COMPLETE
666,0.595072889328003,2025-04-20 15:43:57.083103,2025-04-20 15:44:08.243114,0 days 00:00:11.160011,0.8478756023484582,0.12880075873420868,8,0.09781165462875657,0.07120253265868735,0.07720499459291641,0.06941831082279085,0.05596375372581293,0.07446026682710355,0.000493592137521027,27,139,0.014377695636850332,0.2522438780045414,False,False,False,4.192154390802963e-07,COMPLETE
667,0.488173520565033,2025-04-20 15:44:08.448411,2025-04-20 15:44:19.671135,0 days 00:00:11.222724,0.7814313455236278,0.5268728545983254,8,0.10251971517308874,0.07846324163727036,0.07970875091472959,0.06561749772244342,0.05175783356011986,0.07111685900734203,0.00028514801154716203,27,144,0.02240483712404963,0.2606378886698339,False,False,False,2.957502314627801e-07,COMPLETE
668,0.3088410496711731,2025-04-20 15:44:19.893466,2025-04-20 15:44:29.271385,0 days 00:00:09.377919,0.747153188930395,0.05555974196419256,16,0.09282241962548143,0.0667150675577477,0.08327795402974177,0.06286338933873556,0.06138304739061792,0.06808531443260593,0.0001841975007057869,27,144,0.01818704821121583,0.2507144222847808,False,False,False,2.159437141336983e-07,COMPLETE
669,0.5521668314933778,2025-04-20 15:44:29.478614,2025-04-20 15:44:40.939111,0 days 00:00:11.460497,0.8322580008549948,0.10711092872945426,8,0.1138475351417896,0.06446317617103556,0.07616031649939832,0.06155377177603408,0.06050850636814355,0.0754296776995045,0.00014056160333495986,28,141,0.015977638653390715,0.26495948089060434,False,False,False,4.6573641939964636e-07,COMPLETE
670,0.4823191165924072,2025-04-20 15:44:41.159623,2025-04-20 15:44:52.390798,0 days 00:00:11.231175,0.8652805498161913,0.07331841300953688,8,0.08802873596176851,0.07279622354246526,0.07329084259280716,0.06684473540342076,0.05365366473707319,0.07765304045861968,0.0003352558735876901,28,6,0.019544237559600337,0.23716403918980536,False,False,False,6.784230115778443e-07,COMPLETE
