number,value,datetime_start,datetime_complete,duration,params_alpha-eval,params_alpha-train,params_batch-size,params_eps-eval,params_eps-train,params_lambda-actions-eval,params_lambda-actions-train,params_lambda-frames-eval,params_lambda-frames-train,params_learning-rate,params_n-epochs,params_n-frames,params_radius-gw,params_rho,params_std-feats,params_ub-actions,params_ub-frames,params_weight-decay,state
167,0.20512120723724367,2025-04-20 14:08:07.321018,2025-04-20 14:08:28.666979,0 days 00:00:21.345961,0.7479518381398845,0.1403076944621842,2,0.057478340729114626,0.03623742670269721,0.07460256051067221,0.05653520476432032,0.07175495373501092,0.06791535408725442,0.00010804995407646691,28,122,0.013780615680606751,0.1919703956541649,False,False,True,9.941450599691768e-07,COMPLETE
168,0.09265923947095872,2025-04-20 14:08:28.720850,2025-04-20 14:08:39.105309,0 days 00:00:10.384459,0.7340979748388781,0.09002692512068237,8,0.07772928216328664,0.02410312275363302,0.08228470111118474,0.05170660137565927,0.06542261723366552,0.06290336476335608,0.00022478020706303298,29,131,0.01271009974836574,0.21874223182589048,False,True,False,1.5146298399904663e-06,COMPLETE
169,0.459739226102829,2025-04-20 14:08:39.160278,2025-04-20 14:08:50.827556,0 days 00:00:11.667278,0.4698448945303594,0.04024508270514743,8,0.06939444719239907,0.05104558452642913,0.08473816487136454,0.057528779698440155,0.07040421738700763,0.05692257277027179,0.00014056343781925783,29,127,0.006327569653842959,0.19711629618545687,False,False,False,6.209365657512759e-07,COMPLETE
170,0.609246563911438,2025-04-20 14:08:50.883428,2025-04-20 14:09:02.660147,0 days 00:00:11.776719,0.7916633837017228,0.11690651306773632,8,0.06144797726253618,0.043328515624175265,0.08022636820132487,0.052879321627844346,0.061892375586184024,0.06970570357760797,0.000270923873706284,30,138,0.018782007995773467,0.2213135140708211,False,False,False,1.20960951079814e-06,COMPLETE
171,0.6125957846641541,2025-04-20 14:09:02.715347,2025-04-20 14:09:14.501894,0 days 00:00:11.786547,0.7861658412552655,0.12085613694096707,8,0.06422553453818862,0.04000017248699305,0.08074179665831331,0.05343161909911193,0.062109383961969244,0.07012390136045221,0.00020348398533639832,30,138,0.01857118103017116,0.2218493180488486,False,False,False,7.807023824491284e-07,COMPLETE
172,0.6046987414360047,2025-04-20 14:09:14.565742,2025-04-20 14:09:26.299496,0 days 00:00:11.733754,0.7918895631272616,0.1082232013483897,8,0.06227327067653237,0.040388406351910135,0.08031648138390433,0.05442897110903385,0.06185091415833773,0.07035510630262462,0.0004491883141801812,30,139,0.019030480561755585,0.21536384127642272,False,False,False,7.67335703291018e-07,COMPLETE
173,0.5961814045906066,2025-04-20 14:09:26.355129,2025-04-20 14:09:37.722980,0 days 00:00:11.367851,0.8247791208187913,0.1284307111790792,8,0.052419142708707706,0.03388587094247497,0.07639346304403016,0.0523556999763127,0.06428356939322766,0.07045462152865357,0.00035541896603534816,28,136,0.0214565183377572,0.20441144855973972,False,False,False,1.5417760640353922e-06,COMPLETE
174,0.6173696994781495,2025-04-20 14:09:37.778990,2025-04-20 14:09:49.467797,0 days 00:00:11.688807,0.7755420196811297,0.0747389598301205,8,0.07505818565542079,0.048218299377597425,0.07758148669648252,0.05883943081262704,0.06768441698408027,0.06561883307931171,0.0002821591766852012,29,150,0.016339952894865416,0.22130802296851904,False,False,False,3.220710826777791e-06,COMPLETE
175,0.5724692702293397,2025-04-20 14:09:49.524108,2025-04-20 14:10:01.192011,0 days 00:00:11.667903,0.808201304291763,0.06287930298374249,8,0.07504843517087609,0.04757466650416285,0.07815250998407713,0.05926260196587214,0.06763239513674951,0.06556348697034194,0.000263695808715975,29,146,0.016789449185242725,0.2211814268481547,False,False,False,3.4446576481245146e-06,COMPLETE
176,0.5894252419471742,2025-04-20 14:10:01.250456,2025-04-20 14:10:13.055167,0 days 00:00:11.804711,0.76676373836658,0.07899814239626438,8,0.08844531948196523,0.04319571816970895,0.0797413023682366,0.061158068027633204,0.0662944058779668,0.06209093188902873,0.00028995891743263343,30,143,0.023367876680570783,0.2088874247668011,False,False,False,1.1576512027786231e-06,COMPLETE
177,0.42598983645439154,2025-04-20 14:10:13.112545,2025-04-20 14:10:25.059377,0 days 00:00:11.946832,0.7138995765767825,0.1190150163472755,8,0.060073229841351716,0.026073715925837036,0.072743193818688,0.04935336015810457,0.06319628500287096,0.06013175336290316,0.00020944127052988697,29,144,0.01892288946806635,0.22616515608157123,True,False,False,2.2501930162901225e-06,COMPLETE
178,0.5708991408348084,2025-04-20 14:10:25.116118,2025-04-20 14:10:36.706993,0 days 00:00:11.590875,0.7958005419464579,0.09150381041710179,8,0.056666396008524196,0.055628880439082345,0.07576764313166996,0.05444344132333274,0.06823877342497466,0.0671662296559318,0.00032684603119893666,30,121,0.015435341001311574,0.21936480256219432,False,False,False,8.098630644218204e-07,COMPLETE
179,0.4934898853302002,2025-04-20 14:10:36.765072,2025-04-20 14:10:48.304212,0 days 00:00:11.539140,0.7501554583755833,0.010767629112783339,8,0.06437963639560275,0.038078316294364,0.08117747409251592,0.05123222540340725,0.07249104554939215,0.06952073637634108,0.00018646017294591082,29,135,0.01788524342710461,0.21425596748139092,False,False,False,1.238720811898996e-06,COMPLETE
180,0.6103148341178894,2025-04-20 14:10:48.362326,2025-04-20 14:10:59.739441,0 days 00:00:11.377115,0.8301637151523114,0.1538096293017673,8,0.04734742969947692,0.04956390257647324,0.07856623450841078,0.057350709380818835,0.060907599130721676,0.06675272177992544,0.0002552192139822784,28,129,0.014498828034027392,0.23406874560474056,False,False,False,1.6977529786738295e-06,COMPLETE
181,0.609331488609314,2025-04-20 14:10:59.805811,2025-04-20 14:11:11.262794,0 days 00:00:11.456983,0.8295236438685261,0.154075820985967,8,0.04807968782833433,0.05170931134167254,0.07782043620099333,0.05719651012355288,0.06138899940864291,0.06697152345239318,0.00026396474169600664,28,129,0.014817544501715473,0.23272058396971038,False,False,False,1.6525704897596567e-06,COMPLETE
182,0.6096814155578614,2025-04-20 14:11:11.322426,2025-04-20 14:11:22.578604,0 days 00:00:11.256178,0.8456711578698718,0.15452990029143232,8,0.05034899385423737,0.045354688465189946,0.07837361853714597,0.05714596868616262,0.06480434188226661,0.06579746228117715,0.000249523740138915,28,129,0.01540409337236812,0.23348448395967317,False,False,False,3.355386564048474e-06,COMPLETE
183,0.5805438876152039,2025-04-20 14:11:22.637930,2025-04-20 14:11:33.993399,0 days 00:00:11.355469,0.8816445117241964,0.1536913235452595,8,0.05166259546058091,0.04751451018838465,0.07801338388177266,0.05584676364827248,0.06062702274706647,0.06653632475810795,0.00028395257919906465,28,130,0.015627297714299434,0.23620881384171571,False,False,False,3.0111677805513084e-06,COMPLETE
184,0.5894245028495789,2025-04-20 14:11:34.052663,2025-04-20 14:11:45.371064,0 days 00:00:11.318401,0.8514868086894847,0.14865234983081468,8,0.04858420806517949,0.03211811021512719,0.07945881190564143,0.05792770298457896,0.0646249072821085,0.0642705230421694,0.0004492360340803331,28,127,0.01924465218411496,0.2198859238934017,False,False,False,5.772978532077089e-06,COMPLETE
185,0.5897194266319274,2025-04-20 14:11:45.430984,2025-04-20 14:11:57.065987,0 days 00:00:11.635003,0.8291265375284423,0.10957724092980015,8,0.06598866804799851,0.041840432580165496,0.08241878676557277,0.06171777457845349,0.058362138513929226,0.06530281758239682,0.0003431440016088162,29,130,0.014519990119857525,0.2362520730963952,False,False,False,3.7213017558578017e-06,COMPLETE
186,0.4905860781669617,2025-04-20 14:11:57.125753,2025-04-20 14:12:08.486358,0 days 00:00:11.360605,0.7756539273710119,0.8305802649318765,8,0.07253664744140047,0.0531247355770227,0.07706915596762401,0.053518712283427944,0.06917409425891703,0.06746572878619315,0.00021956252418635746,28,133,0.021107648160309328,0.22493819938483553,False,False,False,1.7997560929652037e-06,COMPLETE
187,0.5040998578071595,2025-04-20 14:12:08.546666,2025-04-20 14:12:17.213705,0 days 00:00:08.667039,0.848269176228043,0.1904501539511916,8,0.0599677805287968,0.049995881206795705,0.0746521135226067,0.0646256602143552,0.07395402230713051,0.07024575111471125,0.00026769695204618136,12,150,0.01685365513160704,0.21025003565038686,False,False,False,1.5674282108913993e-06,COMPLETE
188,0.6104887127876282,2025-04-20 14:12:17.274687,2025-04-20 14:12:28.457908,0 days 00:00:11.183221,0.7843706086613922,0.1645829478805234,8,0.0492968789675119,0.034020998917560656,0.0814954667193526,0.05876537196605722,0.06160868791154285,0.0633555576010743,0.00022691690107721617,27,128,0.014206433971914428,0.21520880870227607,False,False,False,2.652933425236233e-06,COMPLETE
189,0.5902137279510499,2025-04-20 14:12:28.518882,2025-04-20 14:12:39.702625,0 days 00:00:11.183743,0.7856754427488699,0.14134553784980863,8,0.05616158510733354,0.016766364045961574,0.08026623124272396,0.058462376596018883,0.062486095062086994,0.061322382813374286,0.00036983360495368396,27,123,0.017210711487434357,0.20243538474981576,False,False,False,4.3488182200710044e-06,COMPLETE
190,0.5401254534721375,2025-04-20 14:12:39.773884,2025-04-20 14:12:51.254839,0 days 00:00:11.480955,0.8303438588265506,0.16516290406550663,8,0.04634828266649266,0.03457428876092063,0.07757751985082516,0.05728246780402909,0.061097162395433856,0.06326208574295883,0.000546594314748772,29,117,0.025128712992572876,0.21424121969163518,False,False,False,2.842517642421478e-06,COMPLETE
191,0.6046291947364807,2025-04-20 14:12:51.315659,2025-04-20 14:13:02.571447,0 days 00:00:11.255788,0.7601553884641841,0.12781963086442275,8,0.051305244651390955,0.041814089775661464,0.08274833043439096,0.05655555986957823,0.06757475983870977,0.06753403926802778,0.00022794154483108062,28,127,0.01412791051331647,0.22286723803493536,False,False,False,1.0323402970572999e-06,COMPLETE
192,0.60195392370224,2025-04-20 14:13:02.633867,2025-04-20 14:13:14.137397,0 days 00:00:11.503530,0.7378353265237033,0.10525172949340951,8,0.04489962829218426,0.029476029337983507,0.08565405409738222,0.05008103922799783,0.06400083666152494,0.07231727196288328,0.00019703319867475405,29,130,0.015428289445426499,0.23292427373309973,False,False,False,2.400852772516307e-06,COMPLETE
193,0.584664249420166,2025-04-20 14:13:14.199314,2025-04-20 14:13:25.739228,0 days 00:00:11.539914,0.7830475059434245,0.16260547658711516,8,0.05724364815377762,0.045891683139139286,0.08126900118266396,0.05277343174452953,0.07192980173069902,0.06597784331270551,0.00028372549968814435,29,126,0.01937864728792446,0.2180959823625943,False,False,False,1.2957710317384996e-06,COMPLETE
194,0.5966868758201599,2025-04-20 14:13:25.801337,2025-04-20 14:13:37.042629,0 days 00:00:11.241292,0.8695686324119922,0.18564752153666508,8,0.0671436668626683,0.023134013081869235,0.08395598869994514,0.05516099685030562,0.057999003332644315,0.06914409182391781,0.00024675973573245867,27,133,0.012979358681203246,0.22999044854039813,False,False,False,1.7609303239036998e-06,COMPLETE
195,0.6193868637084962,2025-04-20 14:13:37.105422,2025-04-20 14:13:48.453698,0 days 00:00:11.348276,0.7550985245133773,0.14186736101118103,8,0.07737542152228771,0.03856117941456079,0.07911719888145798,0.06009286719711797,0.06541371241821023,0.07170078629475204,0.00017262486050794901,28,136,0.01744953762173486,0.2086225434526862,False,False,False,9.3207946163589e-07,COMPLETE
196,0.5628541231155395,2025-04-20 14:13:48.517058,2025-04-20 14:14:00.285180,0 days 00:00:11.768122,0.7167921464339656,0.07409389343396243,8,0.07745014969706758,0.0363506603335222,0.07884449884937657,0.06302846301756862,0.06513835510878609,0.07183758089373003,0.00017716671292477217,30,136,0.01780004350044336,0.21063870633179813,False,False,False,9.304845165477556e-07,COMPLETE
197,0.6012595891952515,2025-04-20 14:14:00.348466,2025-04-20 14:14:11.814927,0 days 00:00:11.466461,0.7679961460921021,0.1431428682624757,8,0.07170979368246648,0.040220618380414644,0.07538476541988401,0.05927280484295098,0.06058827260085199,0.07034728367092609,0.0001923347572088375,28,129,0.022768586883910605,0.20554989655266112,False,False,False,6.563167618222026e-07,COMPLETE
198,0.13588804751634598,2025-04-20 14:14:11.888198,2025-04-20 14:14:33.890273,0 days 00:00:22.002075,0.817162258482521,0.09409629934657979,2,0.06220667782671834,0.030079213116614878,0.07657026023745582,0.060218709184453295,0.07044185143900746,0.06420633586740838,0.00022932969254698744,29,120,0.02089734190841665,0.2234723544689939,False,False,True,7.806893310621551e-07,COMPLETE
199,0.5568712234497071,2025-04-20 14:14:33.954245,2025-04-20 14:14:45.670862,0 days 00:00:11.716617,0.7955314873703087,0.11840548771997614,8,0.05229021257684654,0.04602326016851967,0.07947203585310668,0.046315896303409355,0.06345850331766395,0.0675720122392003,0.00016246410300980253,30,123,0.01584696632317575,0.21504329096071942,False,False,False,5.551784220945856e-07,COMPLETE
200,0.49129170179367065,2025-04-20 14:14:45.734817,2025-04-20 14:14:57.413896,0 days 00:00:11.679079,0.735405622277553,0.16113692704471919,8,0.0674925145132419,0.05682410533539385,0.07328803480359715,0.05428911501768603,0.06687986249156408,0.06566134243743314,0.0003043412184380879,29,137,0.01879678469383539,0.022963240537166862,False,False,False,9.873754714359246e-07,COMPLETE
201,0.6102974534034729,2025-04-20 14:14:57.479253,2025-04-20 14:15:08.803222,0 days 00:00:11.323969,0.7557972908957381,0.1384026180744268,8,0.0437734923623467,0.05331921576943709,0.08155546679440577,0.056712267342701225,0.0690896413541315,0.06787650258037842,0.0001665884354920284,28,133,0.014220566004117974,0.2265006255807581,False,False,False,1.4308656306499186e-06,COMPLETE
202,0.6121084332466126,2025-04-20 14:15:08.867735,2025-04-20 14:15:20.193744,0 days 00:00:11.326009,0.7570297893491037,0.1333355268935776,8,0.04333755730333618,0.05099565303695947,0.08127994401561422,0.056311505483441146,0.06975945701526005,0.06848189117669419,0.00020128286057627013,28,134,0.015868770226250446,0.22094016125044713,False,False,False,1.4710622164593866e-06,COMPLETE
203,0.6096866250038148,2025-04-20 14:15:20.258997,2025-04-20 14:15:31.728811,0 days 00:00:11.469814,0.7467051651278382,0.13920507580326308,8,0.04350674535443097,0.05137382009609956,0.08099850269661485,0.056803846502747474,0.06936924682856589,0.0688814361967348,0.00020614968142726486,28,133,0.015128005334918213,0.22153876127138306,False,False,False,1.8833313238123538e-06,COMPLETE
204,0.6102800369262695,2025-04-20 14:15:31.794403,2025-04-20 14:15:42.974164,0 days 00:00:11.179761,0.7524875563538694,0.1419177740273006,8,0.04160920948463432,0.050417937160678,0.07762387782739011,0.05758169162098274,0.06903901722990216,0.058796836930777585,0.00020052422780380386,27,133,0.015438157756397623,0.20734737904530873,False,False,False,2.36651199300301e-06,COMPLETE
205,0.6041409611701966,2025-04-20 14:15:43.049086,2025-04-20 14:15:54.337167,0 days 00:00:11.288081,0.7555696079553413,0.1396875456454469,8,0.04212569177775885,0.05286454039231641,0.0816256361499817,0.05744109677376619,0.06933634193731666,0.06270610570169435,0.00023552976234703075,27,133,0.015289615843732226,0.20565297904400295,False,False,False,2.531514358875687e-06,COMPLETE
206,0.10697091221809388,2025-04-20 14:15:54.403432,2025-04-20 14:16:04.552382,0 days 00:00:10.148950,0.7092224180414824,0.17057686837718372,8,0.04856794657565365,0.06049597431067451,0.07814973233138897,0.06179073191269131,0.0678056763338541,0.060501014358032,0.00020153004808559207,27,135,0.016898620162038552,0.1965758967062748,False,True,False,1.828106143608003e-06,COMPLETE
207,0.6134135842323304,2025-04-20 14:16:04.619581,2025-04-20 14:16:15.695462,0 days 00:00:11.075881,0.7472313167300727,0.1451203364428464,8,0.03547626318177905,0.051462879211863766,0.08198121253800054,0.059079296513285334,0.06996982630261762,0.05822662904328777,0.00017844238687400647,26,129,0.013903419182250758,0.21056282843460697,False,False,False,2.990325026173271e-06,COMPLETE
208,0.5989460110664367,2025-04-20 14:16:15.762542,2025-04-20 14:16:26.900380,0 days 00:00:11.137838,0.7489995897286629,0.13094270543160844,8,0.037773382889468625,0.036080532884013874,0.08283107109139054,0.05944844124644712,0.07063049281087769,0.0581041558336368,0.00016982029923212806,26,132,0.013301488021127269,0.20919153789823852,False,False,False,4.656191325775263e-06,COMPLETE
209,0.6093776226043701,2025-04-20 14:16:26.967443,2025-04-20 14:16:38.070949,0 days 00:00:11.103506,0.7625274580926985,0.13991405293433293,8,0.037396037452846496,0.05799016165577026,0.08448895200698306,0.05547071103202346,0.07340584643233757,0.05285277280973862,0.00019876032830982404,26,141,0.011905908501678459,0.1997555990056102,False,False,False,2.792203852840661e-06,COMPLETE
210,0.49312156438827515,2025-04-20 14:16:38.138490,2025-04-20 14:16:49.695537,0 days 00:00:11.557047,0.7323245036022925,0.1885419747210138,8,0.05522425331571963,0.048789995210820815,0.08111710305367413,0.05913386478861404,0.0696106371094009,0.05903960855752338,0.00016434285328155887,27,135,0.016922364873271187,0.2127103210133154,True,False,False,3.4438851628378553e-06,COMPLETE
211,0.6091017007827759,2025-04-20 14:16:49.762662,2025-04-20 14:17:00.868542,0 days 00:00:11.105880,0.7658281737090574,0.1327149656016021,8,0.03558217735989647,0.054954986053217206,0.08511676801971994,0.05513360775688433,0.07456427372408861,0.051283679820180395,0.00020269761833596885,26,142,0.012521878453185878,0.2008014531275405,False,False,False,2.770133915443154e-06,COMPLETE
212,0.5914555668830872,2025-04-20 14:17:00.936527,2025-04-20 14:17:12.145242,0 days 00:00:11.208715,0.7510294942220157,0.14428588491026417,8,0.04007493940240958,0.05910873020543725,0.0841765869295934,0.05605257379197454,0.07246735895075998,0.05420729096762239,0.0002030985697131435,27,140,0.01442375679734801,0.19319071240446709,False,False,False,2.1519678977495507e-06,COMPLETE
213,0.6005667686462403,2025-04-20 14:17:12.224613,2025-04-20 14:17:23.188864,0 days 00:00:10.964251,0.7759789487019176,0.11892854679715227,8,0.04549717494741359,0.03939795796817275,0.07969507305780751,0.062378574002016504,0.07658608781251294,0.05553394579028453,0.00016701360317139714,26,131,0.01146798230327636,0.1876569905614707,False,False,False,3.278574027531614e-06,COMPLETE
214,0.5957675099372864,2025-04-20 14:17:23.258433,2025-04-20 14:17:34.635446,0 days 00:00:11.377013,0.7071227321315007,0.1707097848162612,8,0.034894694991659224,0.04845496302748414,0.08643543182051683,0.05210240041587898,0.07115406969253704,0.06459937131359292,0.00022603831477690234,28,137,0.016779799137790156,0.20570378463512495,False,False,False,2.233109239172694e-06,COMPLETE
215,0.5073485970497131,2025-04-20 14:17:34.704404,2025-04-20 14:17:46.164230,0 days 00:00:11.459826,0.735870368157159,0.09780018266387239,8,0.05046881508498229,0.03410576609624826,0.08209140101261442,0.057454916171799326,0.06617314696463206,0.05346965751586772,0.000187513492085545,28,134,0.014199771163528312,0.21825006549449788,False,False,False,4.091849116955167e-06,COMPLETE
216,0.6116056084632874,2025-04-20 14:17:46.233365,2025-04-20 14:17:57.456692,0 days 00:00:11.223327,0.760912395565124,0.13527433096033362,8,0.042544159063926154,0.04380025009334547,0.08332445727392429,0.049266530744910726,0.0689061403176168,0.06844575141063833,0.00015311250885112558,27,128,0.01210655267835022,0.2248760321722274,False,False,False,1.575622390388127e-06,COMPLETE
217,0.6113311767578125,2025-04-20 14:17:57.525777,2025-04-20 14:18:08.670455,0 days 00:00:11.144678,0.7842564195719693,0.11744280833727416,8,0.04460708819433867,0.04258826745012713,0.07623735638313715,0.049139030000788904,0.06829695870912952,0.06858266969505095,0.00015025213920226823,27,128,0.02005517595891539,0.22487930989539043,False,False,False,1.3977496630666293e-06,COMPLETE
218,0.42810434699058536,2025-04-20 14:18:08.739628,2025-04-20 14:18:19.935690,0 days 00:00:11.196062,0.7823150732887331,0.08515064056583316,8,0.04228720199461634,0.02668121870725147,0.0762111382408354,0.04792409250438963,0.06867819898208104,0.06832498714791921,0.00011006269798701693,27,126,0.02054229879370283,0.2253355204595427,False,False,False,1.4384356066162417e-06,COMPLETE
219,0.6184512734413148,2025-04-20 14:18:20.005500,2025-04-20 14:18:31.135748,0 days 00:00:11.130248,0.7475486098810048,0.11587365405431618,8,0.056829346324557814,0.03801623857034735,0.07967108103164168,0.05194636049678935,0.06835358618683807,0.07136836627336336,0.00014974101907499866,27,129,0.018654440359866627,0.21390037163608727,False,False,False,1.4038164264564744e-06,COMPLETE
220,0.5127174854278564,2025-04-20 14:18:31.215044,2025-04-20 14:18:42.354740,0 days 00:00:11.139696,0.7165701410536829,0.06254057137098165,8,0.05592142912573552,0.039000447781046436,0.07965919626331659,0.04994061302614831,0.06664797859148558,0.07101546830239723,0.00014930122223368064,27,129,0.018419420808709275,0.21146725061604835,False,False,False,1.4014254484722304e-06,COMPLETE
221,0.6130286931991578,2025-04-20 14:18:42.425850,2025-04-20 14:18:53.645146,0 days 00:00:11.219296,0.7446507421491873,0.11223506270725354,8,0.04414038994405338,0.04109541420881855,0.08124486914078578,0.050780144233616036,0.06892792229415949,0.06903820372543389,0.00015923028025604066,27,132,0.020095421562761593,0.2177350646952923,False,False,False,1.0677380860972068e-06,COMPLETE
222,0.4969518184661865,2025-04-20 14:18:53.716650,2025-04-20 14:19:04.814708,0 days 00:00:11.098058,0.763670795026636,0.1088831830741825,8,0.0575854594819082,0.033233038063223586,0.08279383198900178,0.05020076617009285,0.07102157106162929,0.07216685104958358,0.00012119700583949664,26,127,0.02077533486629844,0.2156537417047417,False,False,False,1.0661631891200104e-06,COMPLETE
