number,value,datetime_start,datetime_complete,duration,params_alpha-eval,params_alpha-train,params_batch-size,params_eps-eval,params_eps-train,params_lambda-actions-eval,params_lambda-actions-train,params_lambda-frames-eval,params_lambda-frames-train,params_learning-rate,params_n-epochs,params_n-frames,params_radius-gw,params_rho,params_std-feats,params_ub-actions,params_ub-frames,params_weight-decay,state
1024,0.6109487533569337,2025-04-07 02:03:42.791093,2025-04-07 02:04:05.227149,0 days 00:00:22.436056,0.08702034997463022,0.18528151064937265,2,0.07902384485657904,0.047336553371646356,0.07193996467109734,0.09168216564129852,0.09583671888695101,0.08134544144305718,0.005371772470860677,25,79,0.09668371227390629,0.09507768657273959,False,False,False,1.2912376690787742e-08,COMPLETE
1025,0.6728249430656434,2025-04-07 02:04:05.554972,2025-04-07 02:04:29.302837,0 days 00:00:23.747865,0.05723560015778466,0.17262354964836768,2,0.0837686852449154,0.04343160492815336,0.07698599913147887,0.09994028416013293,0.09838435307002912,0.08434843667849545,0.005231567698344989,27,84,0.09972017421876103,0.10541733925229814,False,False,False,1.7205311311970848e-08,COMPLETE
1026,0.5839749693870545,2025-04-07 02:04:29.631821,2025-04-07 02:04:52.700267,0 days 00:00:23.068446,0.054898781058563974,0.2116168087980705,2,0.08331963135833993,0.05866060692848764,0.0768459325786274,0.0999144863913309,0.09823303729255446,0.08488457400898111,0.004235136988795507,26,91,0.09904299784480866,0.10345275134996718,False,False,False,2.1209916714036554e-08,COMPLETE
1027,0.6240495681762696,2025-04-07 02:04:53.015002,2025-04-07 02:05:16.399246,0 days 00:00:23.384244,0.06609674744478702,0.17205133804381012,2,0.07639729426881589,0.050525233098454796,0.08060391999272731,0.09893406115039806,0.09790137588293805,0.08399818706383416,0.005348608486007113,27,85,0.0996048164670486,0.09066710683187494,False,False,False,0.000140354661340044,COMPLETE
1028,0.6430491924285888,2025-04-07 02:05:16.727404,2025-04-07 02:05:39.765161,0 days 00:00:23.037757,0.052939340051887884,0.19625834722162389,2,0.08695463482948206,0.04456368706337811,0.07757041038800172,0.09836525091180147,0.09977718449212271,0.07919894049326963,0.003331615153256152,26,88,0.09679340105099773,0.0813386985638972,False,False,False,1.929650496009789e-08,COMPLETE
1029,0.6790740013122558,2025-04-07 02:05:40.094565,2025-04-07 02:06:02.488403,0 days 00:00:22.393838,0.06134544098327924,0.16081915023593574,2,0.07304866144613598,0.05405491820708505,0.07529466906382205,0.0971783171253467,0.09605549705670886,0.08075012624288867,0.0047104456773666035,25,85,0.09744546331413768,0.10680428429735903,False,False,False,1.719511395492889e-08,COMPLETE
1030,0.6044547080993652,2025-04-07 02:06:02.816074,2025-04-07 02:06:25.271573,0 days 00:00:22.455499,0.042630276813666115,0.17012509000611306,2,0.0848685110138142,0.06331647571441754,0.07948026497088521,0.09985579102873653,0.09982212846240532,0.08559827662802603,0.003804647467214791,25,91,0.09961383036923721,0.09613633901938083,False,False,False,2.120186610619034e-08,COMPLETE
1031,0.4983099222183228,2025-04-07 02:06:25.598218,2025-04-07 02:06:47.879951,0 days 00:00:22.281733,0.05583450845379661,0.23182244823344983,2,0.07981538999239073,0.05663430199020157,0.07702597875767504,0.09757988485889645,0.09685170636424262,0.08290923593678995,0.004498777729166139,25,88,0.09977961264238722,0.10350155156473718,False,False,False,1.7240781572626577e-08,COMPLETE
1032,0.44642548561096196,2025-04-07 02:06:48.212614,2025-04-07 02:07:10.459741,0 days 00:00:22.247127,0.050570786622811066,0.1901315628014389,2,0.08286997772012376,0.12704051105145975,0.07633475868123574,0.09717609975615042,0.09648180884511648,0.08084044974989142,0.0032888233069597777,25,86,0.0966715820192869,0.08636998975819354,False,False,False,2.1891823675656114e-08,COMPLETE
1033,0.6040371537208558,2025-04-07 02:07:10.793811,2025-04-07 02:07:33.351621,0 days 00:00:22.557810,0.06568523477288121,0.1648400718869715,2,0.07328784053232029,0.05956179364637601,0.08144160455758599,0.09575493628759142,0.09797976987925608,0.08346854693330204,0.00441900952088738,25,92,0.09755485243729022,0.09804556410622849,False,False,False,1.7148271768321553e-08,COMPLETE
1034,0.5453955054283143,2025-04-07 02:07:33.667090,2025-04-07 02:07:56.513142,0 days 00:00:22.846052,0.03686527720794498,0.20734494968163306,2,0.07325412844953645,0.05341622258008503,0.0788247553317759,0.09792102291935333,0.09572262465524019,0.08096013007096789,0.005386864920459397,26,84,0.09633149741898374,0.10712318684456788,False,False,False,2.1620337153945316e-08,COMPLETE
1035,0.6012734532356262,2025-04-07 02:07:56.843995,2025-04-07 02:08:10.479931,0 days 00:00:13.635936,0.0766639897357583,0.13210009503054784,2,0.08284440942169562,0.06747488638869202,0.07535818993774937,0.09631990955876499,0.09983119441274392,0.08520623806664088,0.004014963695123122,11,81,0.09981691149882596,0.10236079625200037,False,False,False,1.590108820390475e-08,COMPLETE
1036,0.4649791717529297,2025-04-07 02:08:10.812293,2025-04-07 02:08:33.126922,0 days 00:00:22.314629,0.05726133059441443,0.15681356805985494,2,0.07543884740276764,0.07304825616162146,0.07485918191204048,0.09396327409596893,0.09998619718279583,0.08151964925277537,0.002958993510734093,25,89,0.0976747358102518,0.09313413326906524,False,False,False,1.6505126225207745e-08,COMPLETE
1037,0.5954294919967652,2025-04-07 02:08:33.455953,2025-04-07 02:08:57.011304,0 days 00:00:23.555351,0.07795245820671302,0.18155124315543014,2,0.0706045212732217,0.05139789903663244,0.07805861090934901,0.09989512035248381,0.0974623894335348,0.07976057285380307,0.004886476495575132,27,86,0.09533910476096541,0.10877252518118671,False,False,False,2.2989356093209963e-08,COMPLETE
1038,0.601795494556427,2025-04-07 02:08:57.353651,2025-04-07 02:09:11.713186,0 days 00:00:14.359535,0.0798420903898906,0.1560862593549545,2,0.0775065744444281,0.06064695643175935,0.0734428804680468,0.09653982253880627,0.09550368289197539,0.08371160504714487,0.0053866442862180175,12,74,0.09778313152558764,0.09857175390655377,False,False,False,1.538416444230258e-08,COMPLETE
1039,0.5884230017662049,2025-04-07 02:09:12.048260,2025-04-07 02:09:35.047146,0 days 00:00:22.998886,0.05966121291044179,0.1309953154922259,2,0.083538112063235,0.054790843122138014,0.07633042238699787,0.0939831481329217,0.09829095615597012,0.08182963975383255,0.0038310104937142324,26,83,0.09598235393233408,0.12056530237901204,False,False,False,1.9006967140830992e-08,COMPLETE
1040,0.5215931534767151,2025-04-07 02:09:35.380195,2025-04-07 02:09:58.483143,0 days 00:00:23.102948,0.034334389877168255,0.18693953083091308,2,0.07164765893676091,0.048374930444794614,0.07386647667396663,0.09790111220515442,0.09478900541577352,0.07955331968601385,0.004940817420474103,26,89,0.03042836031126373,0.10663849881584073,False,False,False,1.460142112849976e-08,COMPLETE
1041,0.6122875928878784,2025-04-07 02:09:58.799151,2025-04-07 02:10:11.329982,0 days 00:00:12.530831,0.07625747292087512,0.16820566785569974,2,0.07777792638274626,0.04879606714063661,0.07150253199002622,0.09271240290833803,0.0962804793609775,0.085602220847595,0.0037134540834722067,9,78,0.09573014911112834,0.08829568741558877,False,False,False,1.2649362201051442e-08,COMPLETE
1042,0.6006968259811402,2025-04-07 02:10:11.658005,2025-04-07 02:10:33.948012,0 days 00:00:22.290007,0.08517575498318271,0.2096435547020469,2,0.0848962194618194,0.05573339555696562,0.07903602660335844,0.09520748752027168,0.09790197650589165,0.08338573909858076,0.0009738988285079843,25,85,0.0976071922375199,0.11527799310590925,False,False,False,2.2109678743770453e-08,COMPLETE
1043,0.6126770377159119,2025-04-07 02:10:34.280400,2025-04-07 02:10:58.043954,0 days 00:00:23.763554,0.06263793636579473,0.13861564628352654,2,0.07171220819634762,0.04389700449414555,0.06950004645319438,0.09226273749959267,0.0949038816838692,0.07857927477024292,0.004395645357029353,27,92,0.09998676972507102,0.09402153307087889,False,False,False,1.714780877560998e-08,COMPLETE
1044,0.6748344540596009,2025-04-07 02:10:58.374935,2025-04-07 02:11:21.776689,0 days 00:00:23.401754,0.04432826786732395,0.15494870244658798,2,0.06813682489226411,0.043704586292247695,0.07697300493597664,0.09080201683877778,0.09797732732289091,0.08127810183039465,0.005566508953111369,27,82,0.09512911321281267,0.10038951914859706,False,False,False,1.3355513747127912e-08,COMPLETE
1045,0.5486040234565734,2025-04-07 02:11:22.105739,2025-04-07 02:11:45.762471,0 days 00:00:23.656732,0.03022935825901399,0.14981073316758764,2,0.07463534889553886,0.06175040134703526,0.08138862582725093,0.09029487826975888,0.09987127832056557,0.0846304568305973,0.0054623873852903074,27,87,0.09756347649472409,0.0820465124342419,False,False,False,2.252867854000085e-08,COMPLETE
1046,0.6145536184310914,2025-04-07 02:11:46.100071,2025-04-07 02:12:09.239772,0 days 00:00:23.139701,0.03871865083837227,0.13496905841931445,2,0.08359632125257262,0.05201758476992315,0.0768401145033831,0.09610408101152607,0.09815494487309892,0.0819872201745686,0.003146732943470222,26,80,0.09996544757781778,0.09278275341581921,False,False,False,1.798163514646442e-08,COMPLETE
1047,0.6180520772933961,2025-04-07 02:12:09.576825,2025-04-07 02:12:33.021813,0 days 00:00:23.444988,0.0431298475358039,0.244154492334843,2,0.07153120816662822,0.04758615190046521,0.07808186679482772,0.09846998641520845,0.0977042750630022,0.0815283538019787,0.005005259128961087,27,85,0.09541759815135936,0.09788079855171411,False,False,False,1.4639853021459694e-08,COMPLETE
1048,0.5624047756195069,2025-04-07 02:12:33.357959,2025-04-07 02:12:49.484129,0 days 00:00:16.126170,0.04909664994797974,0.13025423753245757,2,0.07807065216617323,0.06697823511704293,0.07580949535096337,0.09442095963566409,0.09653084831350028,0.0835842839710865,0.004201665280141489,15,89,0.09578685406433751,0.10212477565360453,False,False,False,1.8613007039778032e-08,COMPLETE
1049,0.6286601781845093,2025-04-07 02:12:49.803265,2025-04-07 02:13:13.346278,0 days 00:00:23.543013,0.024158316365068863,0.1858929178701789,2,0.06739968305954282,0.04344145928410516,0.07519646954107514,0.09153712254008238,0.09797407626851308,0.08568293253619133,0.0055934878203033065,27,83,0.09768372331450326,0.086543733183255,False,False,False,1.4546292757933757e-08,COMPLETE
1050,0.5553969144821167,2025-04-07 02:13:13.677666,2025-04-07 02:13:37.191187,0 days 00:00:23.513521,0.06254988036160315,0.15368271840315267,2,0.06763762856518676,0.05501314743366022,0.07956993421802908,0.09690595844837073,0.09828325845331791,0.08059967957445764,0.003811777757720091,27,76,0.09429546878725927,0.10098479090249586,False,False,False,2.305343834966306e-08,COMPLETE
1051,0.5116134881973267,2025-04-07 02:13:37.525735,2025-04-07 02:14:00.873138,0 days 00:00:23.347403,0.04541231694798751,0.17549561819832005,2,0.0815932010516964,0.08516788625438143,0.07374366130610374,0.09411839975230633,0.09999634981038925,0.08293200673261103,0.0046578356512751206,27,81,0.09757765618512912,0.0930378479209923,False,False,False,1.249918859721579e-08,COMPLETE
1052,0.6068471670150757,2025-04-07 02:14:01.211966,2025-04-07 02:14:24.907116,0 days 00:00:23.695150,0.05980400412566335,0.12844633668522554,2,0.07308353392430303,0.04947580736847148,0.08193250329548753,0.09076363523102782,0.09437675311740441,0.07826752106321114,0.0027829526163341083,27,86,0.0944956898334039,0.07722414599820618,False,False,False,1.6485020612111448e-08,COMPLETE
1053,0.35826742649078375,2025-04-07 02:14:25.245346,2025-04-07 02:14:47.607468,0 days 00:00:22.362122,0.030616813646792217,0.1500270674996576,2,0.07742276390392552,0.22777483168388954,0.07711793457528854,0.0997892243942435,0.09659813739191371,0.08056232873451816,0.005857331659964663,25,92,0.09558709086701618,0.10616893402227498,False,False,False,1.3212428176929812e-08,COMPLETE
1054,0.5299656748771668,2025-04-07 02:14:47.944154,2025-04-07 02:15:10.900650,0 days 00:00:22.956496,0.08206140759370695,0.2009638625864777,2,0.0658022346280432,0.062150397502428595,0.07455678017843712,0.09333296699270457,0.09627631795729466,0.07660994518809935,0.004559701324886879,26,88,0.09815025072716081,0.09725055953043767,False,False,False,1.8017703580403186e-08,COMPLETE
1055,0.614350426197052,2025-04-07 02:15:11.239778,2025-04-07 02:15:34.599558,0 days 00:00:23.359780,0.08157757179227554,0.16675637995180853,2,0.08517120349036263,0.04275725527278762,0.08326787961866333,0.09542295886462843,0.09395906359413564,0.08252696041948628,0.0031610458079336153,27,78,0.09631655111898187,0.0901022818702854,False,False,False,1.291288559405301e-08,COMPLETE
1056,0.6666260480880738,2025-04-07 02:15:34.941388,2025-04-07 02:15:57.325104,0 days 00:00:22.383716,0.06358223179253863,0.134727390869393,2,0.06948272279395391,0.05533596143782697,0.07216492048131683,0.09743080947632081,0.09834295601966685,0.0846674032223978,0.0057300974805959744,25,83,0.09364853203734873,0.10294987236216663,False,False,False,2.045425394587457e-08,COMPLETE
1057,0.6584192156791687,2025-04-07 02:15:57.649507,2025-04-07 02:16:21.183050,0 days 00:00:23.533543,0.08554445286937193,0.1868613598880292,2,0.07743822903892808,0.04778647597440509,0.07780046868402106,0.09024564159702442,0.09653869977330364,0.07934318255247937,0.004275831167629273,27,85,0.09787172421808278,0.10845986819271387,False,False,False,1.518292557555695e-08,COMPLETE
1058,0.6163873791694642,2025-04-07 02:16:21.520559,2025-04-07 02:16:44.394500,0 days 00:00:22.873941,0.0544979164792688,0.16091523076339903,2,0.07330525366688889,0.04205469242272469,0.07594366126212168,0.09316344720842462,0.0999609894410758,0.0855179906371008,0.0035395321199297213,26,80,0.09440484629676031,0.10050517299466602,False,False,False,2.4370902844885383e-08,COMPLETE
1059,0.54450603723526,2025-04-07 02:16:44.731822,2025-04-07 02:17:08.335255,0 days 00:00:23.603433,0.042180664407423,0.22554875648728917,2,0.06480312872576396,0.05319703413248297,0.07299403643805562,0.09567277516263087,0.0938780130933799,0.07622599458605017,0.005571121380296196,27,89,0.09637190992847065,0.12169914319725617,False,False,False,1.241543925503938e-08,COMPLETE
1060,0.607975196838379,2025-04-07 02:17:08.672794,2025-04-07 02:17:20.531711,0 days 00:00:11.858917,0.08922036686965405,0.12943484576461847,2,0.06224836383564016,0.04706151821053841,0.07518454354588813,0.09084041864283593,0.09619268302906044,0.08097364325475291,0.004763437656606831,8,93,0.09992080037799805,0.08621963385906772,False,False,False,1.5545503750328535e-08,COMPLETE
1061,0.6586354374885559,2025-04-07 02:17:20.871560,2025-04-07 02:17:43.658062,0 days 00:00:22.786502,0.06896242130948846,0.1500670671858329,2,0.07108363810694275,0.04285068411572939,0.07267520703278482,0.09760465851585434,0.09819744041867884,0.07850746864260488,0.00372088579914826,26,83,0.09384648852319534,0.09344959880996646,False,False,False,1.259787742404046e-08,COMPLETE
1062,0.4935450911521912,2025-04-07 02:17:43.995174,2025-04-07 02:18:06.172487,0 days 00:00:22.177313,0.018062374022440382,0.2009985717276057,2,0.0830737660415474,0.05931232420695769,0.07884338776629128,0.09992302001274832,0.09449216933414173,0.08237555561633388,0.006069631014408494,25,87,0.09792082027722021,0.11535707576387291,False,False,False,1.8559632144332926e-08,COMPLETE
1063,0.5415694236755371,2025-04-07 02:18:06.512273,2025-04-07 02:18:29.448331,0 days 00:00:22.936058,0.6838623195774085,0.1691504906454899,2,0.08775524237059418,0.053648679939861395,0.07996223114549222,0.09466067235860628,0.09820251905838931,0.0801212289436064,0.0023428204694587278,26,78,0.09600003362146231,0.10429745617519283,False,False,False,2.229313770757534e-08,COMPLETE
1064,0.49961185455322266,2025-04-07 02:18:29.791754,2025-04-07 02:18:52.748985,0 days 00:00:22.957231,0.08820148212185971,0.18215251542317332,2,0.07823928861105205,0.07615727558996556,0.0704328369636782,0.09307854467806362,0.09568580633739261,0.07611264297654655,0.004604198793043923,26,81,0.09374915218142203,0.11002450343586134,False,False,False,1.2170543295861697e-08,COMPLETE
1065,0.6417457699775696,2025-04-07 02:18:53.090691,2025-04-07 02:19:08.607873,0 days 00:00:15.517182,0.06866095664046556,0.14964490327940042,2,0.06428078346634389,0.04869619198732412,0.0747057941341434,0.09162588357160156,0.09992075686183473,0.08400680258885959,0.005812655617265909,14,85,0.09840249611210247,0.09633711132057131,False,False,False,1.662064840698314e-08,COMPLETE
1066,0.45369863510131836,2025-04-07 02:19:08.932184,2025-04-07 02:19:31.198877,0 days 00:00:22.266693,0.011166673813190697,0.8010292143449322,2,0.06909042359261029,0.06364512435856676,0.07658162467785538,0.08935821912945487,0.09361827350608035,0.07808756527087742,0.003741633128331959,25,90,0.09612967661221108,0.11890318423744219,False,False,False,1.2441063782453196e-08,COMPLETE
1067,0.47034658193588263,2025-04-07 02:19:31.537574,2025-04-07 02:19:55.184286,0 days 00:00:23.646712,0.09016954421126826,0.7099807618510479,2,0.07338105918060411,0.04336426150980438,0.07272710845092842,0.09584515630390415,0.09668498700258185,0.08170611901399562,0.004842824483313957,27,83,0.09291784276681059,0.08179656139154923,False,False,False,2.3839293449215635e-08,COMPLETE
1068,0.6157790064811707,2025-04-07 02:19:55.523244,2025-04-07 02:20:19.325701,0 days 00:00:23.802457,0.04795612687989759,0.1295969538280315,2,0.06482712224803719,0.05017823165821574,0.07118081328045564,0.09427805124980931,0.09327316164905693,0.08040046357069973,0.0028845901517088124,27,74,0.09537462492041668,0.10791897595445413,False,False,False,1.0141770461814352e-08,COMPLETE
1069,0.46187331676483157,2025-04-07 02:20:19.665065,2025-04-07 02:20:42.627660,0 days 00:00:22.962595,0.09364673422165266,0.21774535427714542,2,0.07582432154458638,0.13713558716474467,0.07421658733159255,0.09802057016701504,0.09991195732221748,0.08567038335275325,0.006033842471825882,26,87,0.09805681876876059,0.10026795400478491,False,False,False,1.557830156824178e-08,COMPLETE
1070,0.6127268671989441,2025-04-07 02:20:42.965893,2025-04-07 02:21:05.334156,0 days 00:00:22.368263,0.06621485736831142,0.17530380755478192,2,0.08206608985195121,0.0423855808045195,0.07775213156144524,0.08995316479420985,0.0973916178097717,0.07881605746821918,0.004016855051531426,25,80,0.09243275689037345,0.0895819586883477,False,False,False,1.8370547948605824e-08,COMPLETE
1071,0.6555543184280396,2025-04-07 02:21:05.672931,2025-04-07 02:21:23.719527,0 days 00:00:18.046596,0.09033740186659073,0.13035512902749594,2,0.061189391918909666,0.05555862800278841,0.07567336177682524,0.09301257608116346,0.09557720615139281,0.07635840940742351,0.005009799590148765,18,85,0.09994394150285081,0.11400634195830261,False,False,False,1.455739958795562e-08,COMPLETE
1072,0.6155095338821411,2025-04-07 02:21:24.061665,2025-04-07 02:21:46.837443,0 days 00:00:22.775778,0.03858570693054564,0.1518590261359078,2,0.0693758239662806,0.04750600248021995,0.08101611467388117,0.09640817970099946,0.09317367736823697,0.08365471036714482,0.005896936695369688,26,93,0.09450980029976895,0.10516320910075351,False,False,False,1.0074867040111546e-08,COMPLETE
1073,0.5208466649055481,2025-04-07 02:21:47.180354,2025-04-07 02:22:10.597885,0 days 00:00:23.417531,0.06573569649938127,0.19491707330556274,2,0.08749740802456399,0.05937022794602644,0.07010707618870783,0.09146787054918813,0.09724649168868447,0.08138751942861872,0.003221741789433772,27,88,0.09649947240882485,0.09546882356093474,False,False,False,1.2472120634149372e-08,COMPLETE
1074,0.6786280751228333,2025-04-07 02:22:10.941706,2025-04-07 02:22:33.351970,0 days 00:00:22.410264,0.09906420523621842,0.1652787259489401,2,0.07824479840276799,0.04252806438048742,0.07359457007075394,0.09500142875397882,0.0982908974410559,0.07761998626759957,0.004277361555320157,25,83,0.09166421223441347,0.12215919112330202,False,False,False,1.0028870363425344e-08,COMPLETE
1075,0.6637408256530762,2025-04-07 02:22:33.698017,2025-04-07 02:22:50.383384,0 days 00:00:16.685367,0.07568265340084612,0.1434597431982272,2,0.08638704210886675,0.04190311247942246,0.07766518045475854,0.08782336505470015,0.09814146710664436,0.075881053026196,0.003494500851796793,16,76,0.09121006929809332,0.11819619635023643,False,False,False,1.4972507431081225e-08,COMPLETE
1076,0.6136868357658387,2025-04-07 02:22:50.710257,2025-04-07 02:23:13.563997,0 days 00:00:22.853740,0.05197819750020086,0.12630828188018653,2,0.08343089949863594,0.04134306865269135,0.07428546358290243,0.09289504339778697,0.09819350642869941,0.07738554278661869,0.004447399491880207,26,78,0.09107684502220781,0.12278293849051311,False,False,False,1.8545392621556695e-08,COMPLETE
1077,0.6133592844009399,2025-04-07 02:23:13.902841,2025-04-07 02:23:37.402488,0 days 00:00:23.499647,0.09025273643839526,0.16176095926913922,2,0.0767979806593517,0.04201916442193458,0.07961154156946038,0.09030393514407024,0.09984816901610495,0.07826499004338225,0.0024715000646644224,27,81,0.09273129440093494,0.11099346502157934,False,False,False,1.1957428828191612e-08,COMPLETE
1078,0.6116303443908692,2025-04-07 02:23:37.745011,2025-04-07 02:24:00.002287,0 days 00:00:22.257276,0.0762503667977096,0.1907205776575649,2,0.07801043272603542,0.04625472257763605,0.07571814621430398,0.09821921756917977,0.09465482869394579,0.07599154934403994,0.0038559242540611017,25,82,0.090317267299504,0.12141628289067113,False,False,False,2.1475180595815978e-08,COMPLETE
1079,0.6145082473754883,2025-04-07 02:24:00.342625,2025-04-07 02:24:23.167609,0 days 00:00:22.824984,0.050487502788461994,0.15021170095652808,2,0.08115627062266095,0.04208664922959087,0.07183717793587907,0.094042294076566,0.09829269178745265,0.08187924876827261,0.003198397455824244,26,77,0.09347847763693781,0.11596300684398053,False,False,False,1.3583810926373317e-05,COMPLETE
1080,0.5560010313987732,2025-04-07 02:24:23.512451,2025-04-07 02:24:46.872547,0 days 00:00:23.360096,0.09883544813332328,0.18096473687111486,2,0.06961483828918595,0.051851176257568195,0.06950321748018876,0.09209663620989904,0.09601163679501579,0.08569077289994398,0.004157673972006321,27,83,0.09133663174826386,0.11963428757438398,False,False,False,1.453359106451274e-08,COMPLETE
