number,value,datetime_start,datetime_complete,duration,params_alpha-eval,params_alpha-train,params_batch-size,params_eps-eval,params_eps-train,params_lambda-actions-eval,params_lambda-actions-train,params_lambda-frames-eval,params_lambda-frames-train,params_learning-rate,params_n-epochs,params_n-frames,params_radius-gw,params_rho,params_std-feats,params_ub-actions,params_ub-frames,params_weight-decay,state
910,0.6143052458763123,2025-04-07 01:19:43.860158,2025-04-07 01:20:07.366198,0 days 00:00:23.506040,0.13836201404518605,0.1510089732249209,2,0.07391270144917053,0.04931069996592967,0.07079896804617868,0.08940276622550566,0.099670069641189,0.08032716913179377,0.00713187536720054,27,76,0.09382189087344586,0.11698334542710682,False,False,False,1.370203642076786e-08,COMPLETE
911,0.6115980625152588,2025-04-07 01:20:07.642891,2025-04-07 01:20:31.219144,0 days 00:00:23.576253,0.20616216144245858,0.17254336344639049,2,0.06935588970778347,0.03472862501567005,0.06801634194809209,0.09577117024677553,0.09703416124423928,0.08277222001571703,0.08894247481154743,27,79,0.08902045512475511,0.09617462306178647,False,False,False,1.6324659105940336e-08,COMPLETE
912,0.6168741703033448,2025-04-07 01:20:31.509071,2025-04-07 01:20:54.506003,0 days 00:00:22.996932,0.17906421449061385,0.21890735718376764,2,0.05876417692965752,0.04295568274384667,0.07152143668314545,0.09193396591929016,0.09906017233862117,0.07826345393834944,0.005881857970066342,26,84,0.09555539688863106,0.10590657614157059,False,False,False,1.0018196109573245e-08,COMPLETE
913,0.6261779427528382,2025-04-07 01:20:54.799051,2025-04-07 01:21:18.257053,0 days 00:00:23.458002,0.12949443110467,0.19688249132465346,2,0.05281487429867031,0.03950907464525041,0.06634056228528652,0.08856929172117654,0.09443809398161201,0.08013215059444768,0.007235568444433,27,81,0.09021284882536236,0.11211549746153553,False,False,False,1.330235343396569e-08,COMPLETE
914,0.5971944451332092,2025-04-07 01:21:18.550535,2025-04-07 01:21:41.290608,0 days 00:00:22.740073,0.15076510469801138,0.15105846967785175,2,0.04900931960714566,0.05648525493944463,0.07072413603559394,0.09189453567794997,0.09975360672608133,0.08231556477171853,0.00494473127190052,26,74,0.09222110166578253,0.11765843927367295,False,False,False,1.5955103057342687e-08,COMPLETE
915,0.6097962856292725,2025-04-07 01:21:41.567749,2025-04-07 01:22:04.472735,0 days 00:00:22.904986,0.16683660183707955,0.20668666786426512,2,0.06404860884379007,0.047278924119116474,0.06575520768136207,0.08895535155596096,0.0968129845877243,0.08496052841543338,0.008663541634598768,26,83,0.08843810012190664,0.10413520068454699,False,False,False,1.3245560600416264e-08,COMPLETE
916,0.6162185072898865,2025-04-07 01:22:04.763571,2025-04-07 01:22:28.341193,0 days 00:00:23.577622,0.19753791703061288,0.17098296067041738,2,0.05795606726923468,0.03656910650241406,0.06863429838745216,0.09287767712695308,0.09429054221427709,0.0822405010898667,0.006728367446225885,27,79,0.09043028147941283,0.11557984837136423,False,False,False,1.67223201082558e-08,COMPLETE
917,0.6709667563438415,2025-04-07 01:22:28.637707,2025-04-07 01:22:51.433736,0 days 00:00:22.796029,0.12581888483132542,0.14762954815202664,2,0.04792503791780275,0.03619092383841562,0.07351571744569813,0.09553619185002574,0.09466909344104951,0.07849354637462547,0.007802037764690129,26,84,0.08767027467105415,0.11182151199499434,False,False,False,1.0033782760947234e-08,COMPLETE
918,0.6308292865753173,2025-04-07 01:22:51.733242,2025-04-07 01:23:14.528848,0 days 00:00:22.795606,0.12142100198258161,0.18068846951159476,2,0.04767373370071175,0.034627347114797424,0.07479543400564477,0.09721489754155531,0.09631106568418826,0.07880113477788515,0.00588362875936394,26,85,0.08811231416496816,0.10918011070533475,False,False,False,1.0027146185445519e-08,COMPLETE
919,0.6157639980316163,2025-04-07 01:23:14.808818,2025-04-07 01:23:37.551074,0 days 00:00:22.742256,0.12046741519619747,0.15613590694212134,2,0.052499916341225326,0.03633418816766979,0.07358082089942529,0.099817254897294,0.09998544824882702,0.07830827942947909,0.007543002469475125,26,78,0.09340431005819595,0.11198052374395788,False,False,False,1.2754568198125477e-08,COMPLETE
920,0.660236668586731,2025-04-07 01:23:37.846605,2025-04-07 01:24:00.769707,0 days 00:00:22.923102,0.13999177111685082,0.15289684709454276,2,0.0630212938088958,0.034439897872844884,0.07287433194430336,0.09549022559236664,0.094922286385878,0.07755176229367844,0.005236721606405795,26,81,0.09047541444129895,0.09998595187538488,False,False,False,1.2991482088070769e-08,COMPLETE
921,0.6118394017219544,2025-04-07 01:24:01.062363,2025-04-07 01:24:24.104777,0 days 00:00:23.042414,0.13787370612380923,0.179440669987605,2,0.07311237140917229,0.034106868261108474,0.07519283285820086,0.09454086207575144,0.09436125335279047,0.07765780061075221,0.004967906524169891,26,75,0.09110614536976362,0.09349048249903386,False,False,False,1.2394276335692007e-08,COMPLETE
922,0.6588446140289307,2025-04-07 01:24:24.401562,2025-04-07 01:24:47.128040,0 days 00:00:22.726478,0.11650970887194681,0.15728104622030106,2,0.06308108170757482,0.04184805647532416,0.07197253447010186,0.09698898144523803,0.09630672128766336,0.08012494443399791,0.005499750205246833,26,85,0.092932390662065,0.10283690874493337,False,False,False,1.0000261570140194e-08,COMPLETE
923,0.6318310618400574,2025-04-07 01:24:47.409900,2025-04-07 01:25:10.479487,0 days 00:00:23.069587,0.11729953238497615,0.19485014825538777,2,0.06823308198517591,0.0424292928495566,0.07648995222371087,0.09820987017541816,0.09583221868704121,0.07682197845815872,0.004664340854547277,26,85,0.09514506151102035,0.09128424372086674,False,False,False,1.2115052832717662e-08,COMPLETE
924,0.6718847393989563,2025-04-07 01:25:10.776894,2025-04-07 01:25:32.946090,0 days 00:00:22.169196,0.11058518642522316,0.16820900817600976,2,0.06340900999452867,0.05018975250029873,0.07280083459246699,0.0956237381344466,0.09608472267400922,0.07960424178849758,0.005092816220111954,25,85,0.09652376644521593,0.0975323029023842,False,False,False,1.1916781775696277e-08,COMPLETE
925,0.6934231758117676,2025-04-07 01:25:33.244205,2025-04-07 01:25:55.566279,0 days 00:00:22.322074,0.11226935377743355,0.17480903101057105,2,0.06301592218286133,0.051010744878857664,0.07305196066056435,0.0958056647431023,0.096951204540122,0.08044277241364224,0.005017950668078163,25,85,0.09637594951298696,0.09754308223575217,False,False,False,1.0260747180286192e-08,COMPLETE
926,0.5666621685028077,2025-04-07 01:25:55.864946,2025-04-07 01:26:18.106638,0 days 00:00:22.241692,0.10725829399444718,0.19411134308075934,2,0.06370314790916536,0.06204617600735514,0.07333879830358007,0.09604239976160714,0.09765533212374129,0.08006415270698669,0.004805154875271592,25,80,0.09654101332480293,0.089503505297298,False,False,False,1.0717034725300946e-08,COMPLETE
927,0.671902596950531,2025-04-07 01:26:18.390065,2025-04-07 01:26:40.707554,0 days 00:00:22.317489,0.11177544026066528,0.17210913680965684,2,0.07097564179225589,0.05128737431928258,0.07310983965461465,0.09668627340037728,0.09559144681790031,0.08038812884796319,0.004653213174531055,25,85,0.0991373952789523,0.09896629617299725,False,False,False,1.2496969311116941e-08,COMPLETE
928,0.4747394680976868,2025-04-07 01:26:41.004182,2025-04-07 01:27:03.272415,0 days 00:00:22.268233,0.10594899633653135,0.17864583379242827,2,0.07282432421064068,0.07435686968909679,0.07490460152665908,0.09557961068670111,0.09727957862702782,0.07939418046445754,0.004538632257782169,25,81,0.09885938727363422,0.09778791804790528,False,False,False,1.3661022020118374e-08,COMPLETE
929,0.46447803974151614,2025-04-07 01:27:03.568608,2025-04-07 01:27:25.791637,0 days 00:00:22.223029,0.11936479988892067,0.22115749981141247,2,0.0713617979560539,0.056693937347728776,0.07692897629330192,0.09905649972368342,0.0976340541771253,0.08075954419869599,0.004426778316552059,25,126,0.09791436136087897,0.0971321416175719,False,False,False,1.2736565254296386e-08,COMPLETE
930,0.5520740032196045,2025-04-07 01:27:26.089155,2025-04-07 01:27:48.907069,0 days 00:00:22.817914,0.12550949526835165,0.23680441645560255,2,0.06505141632559014,0.0619351186218494,0.0731430221859057,0.09474840827045869,0.09385239274924388,0.07831846267940547,0.004311111000692361,26,77,0.09888890144566939,0.10018046752245584,False,False,False,1.2515781679740248e-08,COMPLETE
931,0.5405278325080872,2025-04-07 01:27:49.189779,2025-04-07 01:28:11.330047,0 days 00:00:22.140268,0.10710012356408195,0.2007267327953363,2,0.07157321801301643,0.0561519660628254,0.07198262668355415,0.0963754276030308,0.09468729931523921,0.08097767294148313,0.0052430815300150094,25,84,0.09987524774039941,0.08979494405896309,False,False,False,1.0342073199023483e-08,COMPLETE
932,0.6104193329811096,2025-04-07 01:28:11.627704,2025-04-07 01:28:33.917648,0 days 00:00:22.289944,0.1038161427119125,0.1738484691544373,2,0.0624229477068503,0.05307230373194642,0.07492519598751209,0.09943678756120064,0.0991001378696673,0.07823899111270106,0.004898467039749735,25,79,0.09632993713164655,0.09614152218110943,False,False,False,1.3922882252018775e-08,COMPLETE
933,0.4776376247406006,2025-04-07 01:28:34.214483,2025-04-07 01:28:56.375236,0 days 00:00:22.160753,0.13361945469036213,0.21139290013798534,2,0.06678420279631098,0.06781885202027702,0.07121902469670434,0.0950279742875672,0.09640440539431522,0.08099658876537442,0.005581030447809957,25,84,0.09693684580231166,0.10348791065341886,False,False,False,1.2801080927273062e-08,COMPLETE
934,0.5712578892707825,2025-04-07 01:28:56.679089,2025-04-07 01:29:18.816266,0 days 00:00:22.137177,0.12909611079820726,0.18147049156468834,2,0.07639842260789684,0.05370018178531519,0.07341323027119423,0.09304891023584536,0.09499488079139567,0.07788775881976001,0.0042380160419600126,25,81,0.09999980823571863,0.08675200288340412,False,False,False,1.600073960294903e-08,COMPLETE
935,0.6380106806755067,2025-04-07 01:29:19.121140,2025-04-07 01:29:41.485461,0 days 00:00:22.364321,0.09692062735248355,0.16627509695695494,2,0.06249117739670129,0.05092389242197651,0.07649329255312924,0.09594820160222459,0.0971990099318754,0.07973387606095654,0.06847409810129551,25,85,0.09714504227846561,0.09700335891257447,False,False,False,1.2508223674780814e-08,COMPLETE
936,0.5975386738777161,2025-04-07 01:29:41.774847,2025-04-07 01:30:03.933777,0 days 00:00:22.158930,0.11864118226538858,0.18870289038381485,2,0.05832232377364542,0.05494327493319811,0.07227324032562568,0.09459411640752138,0.0982921433552769,0.08142939240395347,0.005542303783426676,25,77,0.09804572875940032,0.10607226714505459,False,False,False,1.0181594305704072e-08,COMPLETE
937,0.49396324157714844,2025-04-07 01:30:04.234349,2025-04-07 01:30:27.088284,0 days 00:00:22.853935,0.13240396410523944,0.22433075937859803,2,0.059764905995871774,0.0630220694314384,0.06989805456434983,0.09762966331153937,0.09523317423134992,0.0816431258296397,0.004008563100897641,26,82,0.09542068847557737,0.09961134769361209,False,False,False,1.5923012896218632e-08,COMPLETE
938,0.6907403230667114,2025-04-07 01:30:27.389468,2025-04-07 01:30:49.630957,0 days 00:00:22.241489,0.10528549122843245,0.16297888799130097,2,0.06890005811919463,0.05090118543767861,0.07848535496868606,0.09224345862326551,0.09363145831790828,0.07927512950856139,0.005998259858272589,25,85,0.09497054829832235,0.09256097909258053,False,False,False,1.0010679905699284e-08,COMPLETE
939,0.5800562620162965,2025-04-07 01:30:49.933063,2025-04-07 01:31:12.212183,0 days 00:00:22.279120,0.1047857931697006,0.2046692999154592,2,0.07615339903878446,0.05257370470974561,0.07584072344744305,0.09253214510360731,0.09255932234427006,0.07976425299744791,0.006110074657643238,25,131,0.09505598453409449,0.09476030875351121,False,False,False,1.0063929240336863e-08,COMPLETE
940,0.5047170877456666,2025-04-07 01:31:12.498144,2025-04-07 01:31:34.789849,0 days 00:00:22.291705,0.09993554007082381,0.17175937770866648,2,0.07092127335273783,0.06864755977437662,0.07031314318375255,0.09259079398892865,0.09354515987612051,0.0826838179221024,0.005992314710296726,25,85,0.09777881601333034,0.08393716945756852,False,False,False,1.5333749955565492e-08,COMPLETE
941,0.5047442317008972,2025-04-07 01:31:35.089749,2025-04-07 01:31:57.494286,0 days 00:00:22.404537,0.09754250568132122,0.192400010409433,2,0.05524911935453531,0.05795783058570446,0.07849928241435541,0.09244529696190595,0.09645139546007052,0.08227918477524411,0.006331338396917242,25,86,0.09520866249608831,0.10664620447351975,False,False,False,1.2458248450412274e-08,COMPLETE
942,0.617863392829895,2025-04-07 01:31:57.795720,2025-04-07 01:32:19.987628,0 days 00:00:22.191908,0.09486384370947312,0.16700593556976195,2,0.07428504737126058,0.04842496970401451,0.0685648586382718,0.09080886272242385,0.09369723731174352,0.07955310211704623,0.004916134138183986,25,85,0.09393772022003272,0.09051005485154967,False,False,False,1.0039238912771983e-08,COMPLETE
943,0.537367868423462,2025-04-07 01:32:20.291473,2025-04-07 01:32:43.229929,0 days 00:00:22.938456,0.11507144795033256,0.15222204721741603,2,0.06874461547376404,0.06015244563084558,0.07467467546898923,0.0937394454989203,0.09860171168609515,0.07920171870712643,0.0060038108273279146,26,83,0.09648268138390814,0.11604903171011159,False,False,False,1.595106773449434e-08,COMPLETE
944,0.5284437775611878,2025-04-07 01:32:43.535751,2025-04-07 01:33:05.703849,0 days 00:00:22.168098,0.12513203000568504,0.2327374474107284,2,0.0567006484040919,0.051685329424538504,0.07073111146334748,0.09735987203604378,0.09988019136398273,0.0826310299691562,0.006469905298028704,25,84,0.09352367848714578,0.10776844599579473,False,False,False,1.0126630847546054e-08,COMPLETE
945,0.5316357970237732,2025-04-07 01:33:06.007247,2025-04-07 01:33:28.942513,0 days 00:00:22.935266,0.09681569390101771,0.18931524570819008,2,0.06938305588833571,0.04899676072334883,0.06803841646033637,0.09102551630542459,0.09331229046417373,0.07729454326538816,0.004423700303633745,26,81,0.09965655986792331,0.08778289397213507,False,False,False,1.3103486801818743e-08,COMPLETE
946,0.5398315310478211,2025-04-07 01:33:29.247567,2025-04-07 01:33:52.116211,0 days 00:00:22.868644,0.11689581659908357,0.16839873619172727,2,0.05537705749365062,0.059684286231309794,0.07222240032931372,0.09995428390262462,0.09594985133982467,0.08057984708265613,0.007125443364801329,26,86,0.09430677291316182,0.11536592024323629,False,False,False,1.697389066386335e-08,COMPLETE
947,0.6079195022583008,2025-04-07 01:33:52.416839,2025-04-07 01:34:14.582921,0 days 00:00:22.166082,0.13942911036238254,0.21114549767080062,2,0.06595213811653178,0.04791945910206926,0.0696083563945188,0.09367233197886755,0.09784730181507954,0.08267942948500603,0.005194642912912558,25,78,0.09749242816719549,0.10527562426903592,False,False,False,1.3095572351241393e-08,COMPLETE
948,0.6805515408515931,2025-04-07 01:34:14.886615,2025-04-07 01:34:37.997969,0 days 00:00:23.111354,0.11495304203510577,0.14839956590577144,2,0.07801733822388615,0.0486088810798906,0.07412754277972615,0.08906369121262497,0.09463720922872393,0.07878341054170186,0.006405328932510366,26,86,0.09327804401501877,0.09299879125410916,False,False,False,1.2557175038910206e-08,COMPLETE
949,0.5282469153404237,2025-04-07 01:34:38.286415,2025-04-07 01:35:00.721835,0 days 00:00:22.435420,0.08952001565183793,0.1850199436714369,2,0.07477400717830379,0.05649434196876997,0.07777093308479073,0.08998622218867115,0.0937697884926394,0.07791220614241459,0.003982942682541894,25,87,0.09368560989910381,0.09223347538826457,False,False,False,1.2212089224000755e-08,COMPLETE
950,0.5610379219055176,2025-04-07 01:35:01.022267,2025-04-07 01:35:23.893366,0 days 00:00:22.871099,0.10920139158997604,0.15304907933024006,2,0.07713371107309253,0.05429743642028381,0.07406928172972252,0.08981351865591505,0.09567954272011099,0.07721197428861284,0.006222769351165324,26,114,0.09640220556313807,0.08320768322442254,False,False,False,1.0011822310880208e-08,COMPLETE
951,0.45950070619583133,2025-04-07 01:35:24.195336,2025-04-07 01:35:46.435532,0 days 00:00:22.240196,0.08712636481642934,0.1663551799362928,2,0.07862924517202546,0.06774916263621181,0.07577880830401325,0.09440697848556172,0.09761885256894716,0.07912791073575041,0.004878341468254183,25,86,0.09524144181879189,0.091619645917838,False,False,False,1.2676428093035913e-08,COMPLETE
952,0.6020730972290039,2025-04-07 01:35:46.738568,2025-04-07 01:36:09.555742,0 days 00:00:22.817174,0.11393129956428584,0.20829573013941402,2,0.0678604002941214,0.0490779905082761,0.0738111882917226,0.09251532362581201,0.09480000619037939,0.08038533721857559,0.005848904277096593,26,85,0.09313430039469421,0.09771490350887176,False,False,False,1.4745368094287997e-08,COMPLETE
953,0.6065516352653504,2025-04-07 01:36:09.860995,2025-04-07 01:36:32.735570,0 days 00:00:22.874575,0.09053840418715269,0.18181259710688724,2,0.06142873770127509,0.04881407974114283,0.07281449882148401,0.08859854360634811,0.09236155015882407,0.07730109398231347,0.006721634978118109,26,86,0.09808666950055576,0.08628002660826009,False,False,False,1.0179354140585657e-08,COMPLETE
954,0.6212424993515014,2025-04-07 01:36:33.027441,2025-04-07 01:36:55.486696,0 days 00:00:22.459255,0.12559936989308398,0.14656927869511224,2,0.07032052059145684,0.05709275417916256,0.07156870435954676,0.09686052503912364,0.0965436479846621,0.0806784565322708,0.004827878720126768,25,87,0.09165952274914378,0.10249365314626474,False,False,False,1.748810440406016e-08,COMPLETE
955,0.5027742266654969,2025-04-07 01:36:55.789914,2025-04-07 01:37:18.706017,0 days 00:00:22.916103,0.1097381687186393,0.249061371325785,2,0.07806532303296312,0.07860930183985887,0.07846495871054959,0.0914514348810748,0.09305226043360262,0.07795188010533724,0.005670915126640424,26,83,0.09230734217188867,0.09828350555116641,False,False,False,1.0188252227314688e-08,COMPLETE
956,0.6518319249153137,2025-04-07 01:37:19.010064,2025-04-07 01:37:41.941422,0 days 00:00:22.931358,0.13261549725572486,0.16630269300775574,2,0.06098399721536859,0.046792184402534215,0.07568361648744641,0.09576917726455497,0.09540051216953263,0.07954985384461416,0.006876421966199164,26,82,0.09531589743592188,0.11813113300068397,False,False,False,1.2920596117199954e-08,COMPLETE
957,0.5963850259780884,2025-04-07 01:37:42.249241,2025-04-07 01:38:04.513689,0 days 00:00:22.264448,0.09442854220874634,0.19643543505877972,2,0.06872005256119419,0.052285931292188115,0.0709154978089995,0.0929238771709521,0.09786841507531749,0.024427523186032144,0.0038567952057561067,25,79,0.0972965918495379,0.1119741728373693,False,False,False,1.0007951937491803e-08,COMPLETE
958,0.4407357692718506,2025-04-07 01:38:04.822084,2025-04-07 01:38:27.889844,0 days 00:00:23.067760,0.8631726394529857,0.1472275894739769,2,0.057138970854412593,0.06256542611283206,0.07387832637407671,0.08858026462971395,0.09236695633637104,0.07942310344620232,0.007886619336241176,26,87,0.09448363417154548,0.09379136256162039,False,False,False,1.5304916023985822e-08,COMPLETE
959,0.548148000240326,2025-04-07 01:38:28.181760,2025-04-07 01:38:50.446648,0 days 00:00:22.264888,0.13997975090480125,0.1741945764940691,2,0.06541077242047888,0.06353569677758242,0.07064611544493453,0.09760817750551617,0.09442458732643669,0.08135684689731153,0.006068962581417882,25,110,0.09325575531172975,0.10361518478494784,False,False,False,1.777572490489779e-08,COMPLETE
960,0.6788342952728272,2025-04-07 01:38:50.753231,2025-04-07 01:39:13.550226,0 days 00:00:22.796995,0.11596967552812819,0.1467684260306535,2,0.054105401247693294,0.04503233250847029,0.07630147550404509,0.0907583687507027,0.09736673348671217,0.08230745096061422,0.005006990117723312,26,85,0.09146496057931955,0.11941191036490899,False,False,False,1.2712208571107455e-08,COMPLETE
961,0.6056069970130921,2025-04-07 01:39:13.856366,2025-04-07 01:39:36.061287,0 days 00:00:22.204921,0.08637615525278866,0.18254114637318916,2,0.054254564874773786,0.056309875024163236,0.07659843181587717,0.09049215880329824,0.0959068665705524,0.0768415485862232,0.0035690649973664553,25,88,0.0999708000147345,0.08821535367960535,False,False,False,1.0012528705529734e-08,COMPLETE
962,0.6796830892562866,2025-04-07 01:39:36.368782,2025-04-07 01:39:59.306605,0 days 00:00:22.937823,0.10547836202257428,0.14572615767938701,2,0.07235200746627074,0.045533300320668775,0.07494370566922046,0.09378302107369639,0.09955528049037767,0.07843235165084231,0.004551601985494923,26,85,0.09171539646670261,0.10514846580858048,False,False,False,1.289337759069301e-08,COMPLETE
963,0.559641170501709,2025-04-07 01:39:59.618314,2025-04-07 01:40:22.439690,0 days 00:00:22.821376,0.11459444734000634,0.20522050739370293,2,0.07617840574003808,0.0474764771128676,0.0796223856436158,0.09482184060216622,0.09957089621123082,0.07901090559717418,0.004060750626772101,26,84,0.0919418090548382,0.09706382508265876,False,False,False,1.3354856628049542e-08,COMPLETE
964,0.6116133093833924,2025-04-07 01:40:22.737318,2025-04-07 01:40:45.688795,0 days 00:00:22.951477,0.11363460339218419,0.1608016766164593,2,0.06979731902248865,0.051932645002906945,0.07739562064487153,0.09284886241256043,0.09968068563625698,0.08166068516084973,0.004547029642321592,26,85,0.09168914095046751,0.10222696194609208,False,False,False,1.798168224193351e-08,COMPLETE
965,0.6458504199981691,2025-04-07 01:40:45.995161,2025-04-07 01:41:08.258925,0 days 00:00:22.263764,0.14251735155761922,0.14903229614790062,2,0.06439099934778787,0.045918582221961185,0.07582097213452373,0.09448259247323845,0.099692943847303,0.07869260334116154,0.004238663509156114,25,84,0.09600316359895314,0.10543939833840213,False,False,False,1.2788250573899416e-08,COMPLETE
966,0.4854382634162903,2025-04-07 01:41:08.566364,2025-04-07 01:41:31.608752,0 days 00:00:23.042388,0.09764687066995095,0.1815621537155192,2,0.07237302580079626,0.059465776420294464,0.07477342084743517,0.0917422955859518,0.09662481768041965,0.0808390539486232,0.004799215727504402,26,86,0.0937795553031168,0.11066201191198936,False,False,False,1.466926917110212e-08,COMPLETE
