number,value,datetime_start,datetime_complete,duration,params_alpha-eval,params_alpha-train,params_batch-size,params_eps-eval,params_eps-train,params_lambda-actions-eval,params_lambda-actions-train,params_lambda-frames-eval,params_lambda-frames-train,params_learning-rate,params_n-epochs,params_n-frames,params_radius-gw,params_rho,params_std-feats,params_ub-actions,params_ub-frames,params_weight-decay,state
683,0.40434730052948,2025-04-14 03:04:06.554156,2025-04-14 03:04:28.025019,0 days 00:00:21.470863,0.9558628724460314,0.24171820493212304,8,0.010407227324661344,0.08369897801330346,0.07586307600260081,0.09993587904531581,0.0836804078148522,0.0880466651100237,0.02018139751535158,12,34,0.08681110462829912,0.05415342637742801,True,True,True,0.000996168003179984,COMPLETE
684,0.1888286888599396,2025-04-14 03:04:28.239515,2025-04-14 03:04:49.537656,0 days 00:00:21.298141,0.9210508411076251,0.1682319761949978,8,0.02210230116112396,0.12420267783271219,0.07251653363302828,0.09514850601722324,0.08677724402978579,0.09197740297025302,0.09996011330477218,12,29,0.08461086190818007,0.07886368415289519,True,True,True,0.0004051224925065203,COMPLETE
685,0.33068994283676145,2025-04-14 03:04:49.762628,2025-04-14 03:05:10.367205,0 days 00:00:20.604577,0.9629303319000568,0.22975940229141312,8,0.02715447571508614,0.0999882833962612,0.07626032054955718,0.09805104378698605,0.07838712079902097,0.09401512514718871,0.01484104811588273,11,38,0.08831241070323076,0.14399725925923584,True,True,True,0.00019462457281854757,COMPLETE
686,0.21316970586776735,2025-04-14 03:05:10.579487,2025-04-14 03:05:32.698557,0 days 00:00:22.119070,0.9411386699286594,0.2476570913819313,8,0.15849421725208845,0.09064512061774893,0.05977629070108145,0.09062564097977997,0.09164967781100747,0.09598963100328683,0.024338082078446687,13,32,0.09324237879047799,0.12713078597268754,True,True,True,0.0004789255224196623,COMPLETE
687,0.3310759663581848,2025-04-14 03:05:32.924277,2025-04-14 03:05:52.917336,0 days 00:00:19.993059,0.9668548378481202,0.20004692513504801,8,0.009996004825654936,0.11694231793796128,0.07365007167004789,0.09617649031568976,0.09419709584080131,0.09119456598060799,0.012416352800356916,10,43,0.08337655433396876,0.13424920351754596,True,True,True,0.0002526127782641014,COMPLETE
688,0.4186962723731995,2025-04-14 03:05:53.143993,2025-04-14 03:06:14.114960,0 days 00:00:20.970967,0.9480708583338332,0.25970990855296244,8,0.018541556154720997,0.10917844796262298,0.0688236581404507,0.09998564135661571,0.08970316933062294,0.09000424135004305,0.00993163340216535,11,35,0.08638538185920831,0.12428123993913144,True,True,True,0.0001726368695887478,COMPLETE
689,0.465403425693512,2025-04-14 03:06:14.329428,2025-04-14 03:06:31.426283,0 days 00:00:17.096855,0.9217094114098883,0.22162777624268187,16,0.007490196896047633,0.097601118134151,0.07157890573461542,0.09485885521890801,0.09254344103063243,0.09356911153859221,0.01621024578285928,12,30,0.09014183571521849,0.14197535723950222,True,True,True,0.0003463653308181858,COMPLETE
690,0.38474913835525515,2025-04-14 03:06:31.656568,2025-04-14 03:06:53.808518,0 days 00:00:22.151950,0.9201773905720001,0.18143330794905654,8,0.005182925650796595,0.10171579055610924,0.07058648167625763,0.09811448640957303,0.09621689331203914,0.08584829560494703,0.011720750734010901,13,29,0.09493408645543414,0.13719722906696447,True,True,True,0.0006203254702320974,COMPLETE
691,0.40385670661926276,2025-04-14 03:06:54.022548,2025-04-14 03:07:15.334414,0 days 00:00:21.311866,0.9132162477999153,0.21603459162008798,8,0.006813455804969357,0.10701840128753046,0.06489323063796942,0.09672625955522494,0.09325220749794713,0.09274258681624804,0.009546879195322662,12,30,0.09086400020791084,0.1397272269477563,True,True,True,0.00036014371406088355,COMPLETE
692,0.46041646003723147,2025-04-14 03:07:15.561533,2025-04-14 03:07:33.844220,0 days 00:00:18.282687,0.9691795754063135,0.2394714688949548,16,0.015186946796062946,0.0971003510551543,0.06781639754727473,0.09350288824137087,0.09733427302134216,0.09659794393347393,0.012656147831167785,15,30,0.09292008698029652,0.14460348551029528,True,True,True,0.0004459413607798276,COMPLETE
693,0.31565608978271487,2025-04-14 03:07:34.065865,2025-04-14 03:07:51.032381,0 days 00:00:16.966516,0.9840214435080357,0.20160396085425542,16,0.014577528977692298,0.09654649407651356,0.0689442064771191,0.09148566665547415,0.097861541007496,0.09859358123318653,0.02012625048111416,14,30,0.0920470068726615,0.13280659664087727,False,True,False,0.00047919022265572296,COMPLETE
694,0.37301633358001707,2025-04-14 03:07:51.260272,2025-04-14 03:08:09.436860,0 days 00:00:18.176588,0.9808532983611268,0.6873307590122133,16,0.0058392776156769724,0.20615881689636298,0.07179528290950807,0.0899742035155593,0.0963038460453153,0.08900538643826088,0.014384105284871912,15,33,0.09118977798077282,0.14200729324170136,True,True,True,0.0006604093764621537,COMPLETE
695,0.1888286888599396,2025-04-14 03:08:09.653194,2025-04-14 03:08:27.630062,0 days 00:00:17.976868,0.9343453761191083,0.23933817637315855,16,0.26910372750749245,0.09669161137994745,0.0680299717807397,0.09307682161655355,0.0980514410442778,0.09724284972770714,0.016844196602785112,14,36,0.09586325128908833,0.1428341831302633,True,True,True,0.00040969950220036373,COMPLETE
696,0.347568017244339,2025-04-14 03:08:27.859374,2025-04-14 03:08:46.110233,0 days 00:00:18.250859,0.7618542080948736,0.21729180208234966,16,0.015023217398861808,0.09250571448844065,0.07073771497107333,0.09399138569842659,0.09516306604173581,0.09335897566664211,0.013094102824952339,15,29,0.08881228767497851,0.12133785420831474,True,True,True,0.0005331881332237806,COMPLETE
697,0.44887000322341924,2025-04-14 03:08:46.342762,2025-04-14 03:09:04.684945,0 days 00:00:18.342183,0.9651882906946894,0.16682189885527915,16,0.009599004315809428,0.10191912015648458,0.067421542412744,0.08827167720772379,0.09788714969777523,0.09065083738807074,0.011304622245048678,15,33,0.09300911785572437,0.12646268831784357,True,True,True,0.0003265942466931243,COMPLETE
698,0.2585538327693939,2025-04-14 03:09:04.902107,2025-04-14 03:09:26.792998,0 days 00:00:21.890891,0.36097992199817963,0.19299255008518568,16,0.0005140735575141449,0.09919511186180009,0.07150134198944073,0.09200525347295868,0.09533209795005106,0.09629418107234701,0.013522099727350592,14,132,0.09371233537425978,0.1325000808258944,True,True,True,0.00037821003507406775,COMPLETE
699,0.357377827167511,2025-04-14 03:09:27.026462,2025-04-14 03:09:45.389050,0 days 00:00:18.362588,0.9210607168058822,0.2376983163720018,16,0.01750916332113147,0.09129798459495132,0.06954060624166007,0.09451364370425588,0.0932398529695247,0.09184952000875665,0.010383952440017264,15,39,0.09025973293145502,0.14598256425590694,True,True,True,0.0004537261730208523,COMPLETE
700,0.3817800283432007,2025-04-14 03:09:45.607607,2025-04-14 03:10:04.250519,0 days 00:00:18.642912,0.9860384211462391,0.2646888348389733,16,0.009516752830327564,0.10704686889049657,0.0501662172174192,0.09601727554545436,0.09353171872117393,0.0876166704239384,0.016189874412232606,16,29,0.09781515947910467,0.07084695446966847,True,True,True,0.0007117114103712017,COMPLETE
701,0.3866075873374939,2025-04-14 03:10:04.480682,2025-04-14 03:10:22.075392,0 days 00:00:17.594710,0.9517164260671233,0.20905449024064793,16,0.022070748984150214,0.09644657974643031,0.07260572311998117,0.09259254685981474,0.0973357461230552,0.09378997159209068,0.023611488868520165,13,32,0.09419775032350718,0.12012854320552262,True,True,True,0.000309676784486144,COMPLETE
702,0.3536725640296936,2025-04-14 03:10:22.293835,2025-04-14 03:10:40.530170,0 days 00:00:18.236335,0.9674777433458044,0.22674034357206935,16,0.004817704080780413,0.10457930601468884,0.06958803965904342,0.0980355395311885,0.09505694199887955,0.09615337329747628,0.011763920436480873,15,36,0.09228040002091845,0.11641576308748287,True,True,True,0.000526569930491016,COMPLETE
703,0.3912559986114502,2025-04-14 03:10:40.760685,2025-04-14 03:10:59.108709,0 days 00:00:18.348024,0.9364689397249985,0.2707194608199919,16,0.013869965968043647,0.08933417578064035,0.07386585241343765,0.0948889771393349,0.0923339456121854,0.08969269223315302,0.00903203937384237,12,74,0.09539288160675355,0.12345310814179931,True,True,True,0.00032896732693751444,COMPLETE
704,0.4575914144515991,2025-04-14 03:10:59.346514,2025-04-14 03:11:17.869896,0 days 00:00:18.523382,0.9825682512461681,0.24587130087865375,16,0.000554121740531296,0.10093089936906366,0.0670251716005353,0.09652244868465425,0.08689766866131506,0.09397164137197372,0.014177875977655931,16,30,0.08223099748146218,0.13315201792577216,True,True,True,0.00026418317381861746,COMPLETE
705,0.38205171823501594,2025-04-14 03:11:18.090782,2025-04-14 03:11:35.911234,0 days 00:00:17.820452,0.9801885670562825,0.6599128510907888,16,0.00029841387517855287,0.10882438291021886,0.06672349148925256,0.0965405088227835,0.08471939519046146,0.09198581679267649,0.018579378939548682,14,29,0.08323019436488063,0.1420630783753674,True,True,True,0.00025511403455680986,COMPLETE
706,0.36999547481536865,2025-04-14 03:11:36.145610,2025-04-14 03:11:58.554759,0 days 00:00:22.409149,0.9981707452195822,0.23566553644739002,16,0.009580741319807193,0.10243142863417189,0.0660961542051898,0.09829653634398329,0.08689889782060747,0.09354970634216767,0.015083550042112764,15,127,0.08287171881783577,0.13581248695817624,True,True,True,0.00042134740582102254,COMPLETE
707,0.36282594203948976,2025-04-14 03:11:58.774136,2025-04-14 03:12:15.393659,0 days 00:00:16.619523,0.4375580142961281,0.25261212175314746,16,0.019320775144014424,0.11580419189546516,0.06782731512328984,0.09988264415143283,0.08550950749113242,0.09064566800935325,0.01342513878141667,11,29,0.08562175290984975,0.14465731950614433,True,True,True,0.0002533244854377837,COMPLETE
708,0.35596971511840825,2025-04-14 03:12:15.626508,2025-04-14 03:12:34.378873,0 days 00:00:18.752365,0.9832094837338168,0.2149426049502483,16,0.004271814228948881,0.09959277274354154,0.065289808858523,0.09642489759244668,0.08809411536121789,0.09415230396502657,0.020711542071277473,16,35,0.0902144004062386,0.12985668670480044,True,True,True,0.0006019676368836617,COMPLETE
709,0.1888286888599396,2025-04-14 03:12:34.602445,2025-04-14 03:12:53.020547,0 days 00:00:18.418102,0.9470020470429698,0.18399085188620526,16,0.0009638045902514989,0.11132369661338284,0.05415596336262234,0.09816830440863407,0.08274272557582238,0.08882522003336961,0.011205427899780495,16,32,0.014365926227789254,0.1348271105417976,True,True,True,0.0002800138993282971,COMPLETE
710,0.3446203112602234,2025-04-14 03:12:53.254535,2025-04-14 03:13:11.719660,0 days 00:00:18.465125,0.9980951364878475,0.7767485947049069,16,0.016810034921972018,0.09634792600352857,0.07025757485893663,0.09570148171288534,0.08912020047742045,0.09212810007687318,0.016360254193375418,15,39,0.08731488746572445,0.13132384390330284,True,True,True,0.0003636665775350377,COMPLETE
711,0.3307386338710785,2025-04-14 03:13:11.957616,2025-04-14 03:13:29.611727,0 days 00:00:17.654111,0.917154149660176,0.24631750708693986,16,0.0003882519648261409,0.1063234352134612,0.06774778962782271,0.09998096056662083,0.08673535184709295,0.09476094526287891,0.012772576187401047,14,29,0.0823185996437943,0.1378959192751659,True,True,False,0.00023129287745869166,COMPLETE
712,0.38265798091888426,2025-04-14 03:13:29.832616,2025-04-14 03:13:48.196563,0 days 00:00:18.363947,0.9647308636137756,0.22951228954358846,16,0.010886895214640287,0.10385466988691557,0.07124903363520856,0.09432050812260358,0.08909022905958953,0.09219161891249017,0.009931705180633079,16,36,0.09965558942054648,0.12781168599689813,False,True,True,0.00045609538749806245,COMPLETE
713,0.3453547716140747,2025-04-14 03:13:48.434533,2025-04-14 03:14:07.149136,0 days 00:00:18.714603,0.9823408816520517,0.2106228524051008,16,0.02348680306815139,0.09449656651077301,0.06896744295318236,0.09692323043353544,0.09244584033075706,0.08542828249823943,0.02929190020775211,15,41,0.08937522582905048,0.14345829783642755,True,True,True,0.0007761447389623844,COMPLETE
714,0.4194626212120056,2025-04-14 03:14:07.372452,2025-04-14 03:14:25.000494,0 days 00:00:17.628042,0.9550032793820498,0.2468694063969477,16,0.014502175484710302,0.11106424582373257,0.06620453122699738,0.09411596201187818,0.09498572209113648,0.0896379283326645,0.013559594585193922,13,33,0.08438807196624888,0.11679553940713494,True,True,True,0.0003224168488336205,COMPLETE
715,0.3744237422943115,2025-04-14 03:14:25.235352,2025-04-14 03:14:42.767015,0 days 00:00:17.531663,0.932641860073653,0.2658133381951151,16,0.007890840141415178,0.1007579282791759,0.07164343967773382,0.09819616903611338,0.08576278939617842,0.040849931065571346,0.01665252242306771,12,46,0.08716960851788116,0.12300110092891497,True,True,True,0.00022589517788552913,COMPLETE
716,0.35526251792907715,2025-04-14 03:14:42.990663,2025-04-14 03:15:06.755297,0 days 00:00:23.764634,0.9702513659117875,0.22754325556351213,16,0.01996046211861505,0.11510712204990553,0.07267940654336816,0.09650000581607707,0.09822608309329765,0.09442955111730722,0.008902477694627134,16,138,0.08241225143204095,0.03486379399884533,True,True,True,0.0003834531857288722,COMPLETE
717,0.4263440132141113,2025-04-14 03:15:06.991732,2025-04-14 03:15:25.108881,0 days 00:00:18.117149,0.9506724367049441,0.19650026677414256,16,0.028667938624103887,0.08347840035455396,0.0690936146043059,0.09992129808061538,0.08963522743490647,0.09086711011783921,0.01103307401003993,15,29,0.0859378524834191,0.13323140209432857,True,True,True,0.000548733958738185,COMPLETE
718,0.2524429023265839,2025-04-14 03:15:25.345636,2025-04-14 03:15:43.735042,0 days 00:00:18.389406,0.2548780240821902,0.24898258995843167,16,0.011471814320014562,0.09314344777433582,0.06772842594753967,0.09787752709445562,0.09138511991362298,0.0930912993760103,0.014223271392322843,11,89,0.09195791066714488,0.12791503486608305,True,True,True,0.0002946009629478929,COMPLETE
719,0.3549956560134888,2025-04-14 03:15:43.957184,2025-04-14 03:16:03.171523,0 days 00:00:19.214339,0.9823439163066326,0.26705288651337494,16,0.00014067173517167986,0.10474875113319006,0.06527269685662417,0.09467099487919432,0.09347971387286812,0.0874190196306255,0.018434759939893,16,51,0.08399979318245726,0.11515853552935545,True,True,True,0.00021972004411468778,COMPLETE
720,0.3207597255706787,2025-04-14 03:16:03.410452,2025-04-14 03:16:21.279065,0 days 00:00:17.868613,0.9997927304130242,0.2193105282929763,16,0.0164936758751017,0.22975578549481124,0.07351985333807386,0.09642662424708756,0.08788252559144288,0.09577102758309851,0.011883357616896533,14,32,0.08889624567533827,0.1389444551437632,True,True,True,0.0004484389118762964,COMPLETE
721,0.39500156641006473,2025-04-14 03:16:21.505376,2025-04-14 03:16:39.921794,0 days 00:00:18.416418,0.9128034037767204,0.16371234722360947,16,0.00820076396282149,0.11063949605813328,0.07019838817149529,0.01302643507478752,0.09644778664889397,0.09273340303868018,0.009118999744829392,15,36,0.08170401325782095,0.12291688578536866,True,True,True,0.00027728887348179264,COMPLETE
722,0.3585546970367432,2025-04-14 03:16:40.158543,2025-04-14 03:16:57.263133,0 days 00:00:17.104590,0.9333994087379208,0.24052076917790696,16,0.022325007455108212,0.09779825321128614,0.07178959250354086,0.09828731451464333,0.0836869027956776,0.09617189730487244,0.01008546618487644,12,38,0.08514657559890242,0.1091730264874641,True,True,True,0.0003700378655440331,COMPLETE
723,0.3680138111114502,2025-04-14 03:16:57.489552,2025-04-14 03:17:16.196979,0 days 00:00:18.707427,0.9648374137319792,0.18733002681727332,16,0.014633701382067656,0.11899259370931052,0.07450499408262244,0.09474890546232184,0.09164039754356774,0.09056260419390741,0.022390102097739208,16,33,0.08728581263206503,0.1306606262459976,True,True,True,0.0005311266469975426,COMPLETE
724,0.39030023813247683,2025-04-14 03:17:16.432392,2025-04-14 03:17:35.399849,0 days 00:00:18.967457,0.9500430206174648,0.25978368039219896,16,0.028389690846441683,0.08735984526325655,0.06941332367872127,0.09265185952801977,0.09463715333363715,0.09425262757813378,0.014725499989795268,17,29,0.09028617558660712,0.14424960643234766,True,True,True,0.0006858733791820997,COMPLETE
725,0.3251224458217621,2025-04-14 03:17:35.639196,2025-04-14 03:17:54.427407,0 days 00:00:18.788211,0.4616056630595776,0.20652410361657417,16,0.0048044528534262046,0.10137815943397811,0.06354711278147399,0.09802413717551825,0.08017321513160401,0.08382436907603143,0.008044486465012095,16,35,0.08284510916489252,0.11889933184968979,True,True,True,0.00020770935158755498,COMPLETE
726,0.45246690511703497,2025-04-14 03:17:54.654884,2025-04-14 03:18:12.568742,0 days 00:00:17.913858,0.9368534703346023,0.2812714462343826,16,0.021784428184354707,0.09260753770759748,0.0667715715167668,0.09637334040954967,0.08944197979306477,0.09722159376598351,0.010996464818471979,14,32,0.08475919735565869,0.13639555943394527,True,True,True,0.00029720744248235497,COMPLETE
727,0.3531976103782654,2025-04-14 03:18:12.808793,2025-04-14 03:18:30.389430,0 days 00:00:17.580637,0.9803728694572772,0.240928971635896,16,0.01064697800863466,0.1097351455952805,0.07225265535379295,0.09045257550055684,0.08696857733297912,0.08793800570685563,0.01193201574061324,13,38,0.08676907175643724,0.12571085993325926,True,True,True,0.0003849700435700801,COMPLETE
728,0.4531999230384827,2025-04-14 03:18:30.617228,2025-04-14 03:18:48.982633,0 days 00:00:18.365405,0.9999437637664632,0.22129788957073415,16,0.015503064264213452,0.09698275733003037,0.07424144156133736,0.09993492396403958,0.09334117768631806,0.0919199072882758,0.018307334038337796,15,27,0.08179933272679744,0.13216515728490377,True,True,True,0.000273303684191492,COMPLETE
729,0.3400303840637207,2025-04-14 03:18:49.219620,2025-04-14 03:19:14.475940,0 days 00:00:25.256320,0.9663235410578865,0.27161778112076823,8,0.005447560585824991,0.12881070755518792,0.07006255641865382,0.09371632417646614,0.09085635122716675,0.09458582814176517,0.014409268687488503,17,43,0.08856275984096212,0.11906217989602723,True,True,True,0.00015818425638710614,COMPLETE
730,0.33990206718444826,2025-04-14 03:19:14.717817,2025-04-14 03:19:39.295318,0 days 00:00:24.577501,0.9156322817826247,0.25206918771393844,8,0.027835056735998984,0.27340701733874384,0.06794931977702157,0.09615890265953637,0.09608421080335987,0.09038228918421558,0.008624889884684786,17,30,0.09486719089063834,0.12640320951826758,True,True,False,0.00021723867687792168,COMPLETE
731,0.3732306122779846,2025-04-14 03:19:39.523406,2025-04-14 03:20:03.972728,0 days 00:00:24.449322,0.9500309163838613,0.22875796425143324,8,0.0002485722453251238,0.1050410806810353,0.07152232546779577,0.09806161614011172,0.09232916282073354,0.0932131090753232,0.012949923619864445,16,35,0.09165059126960974,0.11262729541074593,True,True,True,0.0004789003289485415,COMPLETE
732,0.38010597229003906,2025-04-14 03:20:04.211454,2025-04-14 03:20:24.089297,0 days 00:00:19.877843,0.9313157401468726,0.8621271968331636,8,0.019537008151770993,0.08339371677128168,0.0657069841285995,0.09502367872833614,0.08813090993396482,0.09644095056834039,0.010359951199089936,10,32,0.08238905676666666,0.13645005816905825,False,True,True,0.0002543657533620341,COMPLETE
733,0.4608608961105347,2025-04-14 03:20:24.317110,2025-04-14 03:20:47.851774,0 days 00:00:23.534664,0.9690082218093051,0.1972402504459468,8,0.011381856789756385,0.11692901282913061,0.07319843722646849,0.09825677082098637,0.08959833295054276,0.09519766450164663,0.007745190604172747,15,26,0.08535289776901639,0.12125010453240982,True,True,True,0.00034298873954794856,COMPLETE
734,0.19540726542472842,2025-04-14 03:20:48.092564,2025-04-14 03:21:10.765502,0 days 00:00:22.672938,0.9763996124545483,0.19496475291710041,8,0.17528675995907053,0.08959609453661328,0.07536182081540493,0.0919616615323337,0.08557901278213441,0.09730827187107984,0.0074621000342604445,14,25,0.09357060780960329,0.11413313831411556,True,True,True,0.0003886024300999695,COMPLETE
735,0.1888286888599396,2025-04-14 03:21:11.009646,2025-04-14 03:21:28.810646,0 days 00:00:17.801000,0.9994633831276797,0.1696345331848642,16,0.00829271111975647,0.14648861088339438,0.07376249367897146,0.09341739617664956,0.09411927378479883,0.09556271082438489,0.007558487065792089,15,26,0.0057285550849907815,0.10840460126165838,True,True,True,0.0005950929529852814,COMPLETE
736,0.39215179681777956,2025-04-14 03:21:29.040850,2025-04-14 03:21:53.277008,0 days 00:00:24.236158,0.9694428382899632,0.17848129199051374,8,0.010075832000039616,0.12213678082693034,0.0766089487674822,0.09668024343938897,0.08937433681517869,0.0975804562635635,0.008747967165086428,15,59,0.08999356957469302,0.12052131866166287,True,True,True,0.00035065112894944666,COMPLETE
737,0.3250488519668579,2025-04-14 03:21:53.524354,2025-04-14 03:22:16.197059,0 days 00:00:22.672705,0.11987914861420734,0.19759728088881434,8,0.012273300750995798,0.09924052186955334,0.07376169306959225,0.09517255730188248,0.09251032398252684,0.02617816216773559,0.006542138647582968,14,26,0.08688752833195827,0.12132429663584736,True,True,True,0.0007690501579717392,COMPLETE
738,0.45972794294357305,2025-04-14 03:22:16.424295,2025-04-14 03:22:39.899752,0 days 00:00:23.475457,0.9819934833759073,0.1513225161852992,8,0.005295175451534573,0.1170499576277048,0.06959956282643598,0.09812080512428685,0.09773334464020983,0.0948521425095454,0.0100505113269181,15,28,0.08515020957154577,0.11368826693200264,True,True,True,0.0004533621436773723,COMPLETE
739,0.30509198904037477,2025-04-14 03:22:40.139721,2025-04-14 03:23:03.772508,0 days 00:00:23.632787,0.16028345556217033,0.13336552611892963,8,0.006255014791893516,0.12729282913392856,0.06849854704383991,0.09803172272221651,0.0975051942949659,0.021669705289116027,0.008194769929730792,15,25,0.08544226890353779,0.10664276822080275,True,True,True,0.0005749859816803802,COMPLETE
