number,value,datetime_start,datetime_complete,duration,params_alpha-eval,params_alpha-train,params_batch-size,params_eps-eval,params_eps-train,params_lambda-actions-eval,params_lambda-actions-train,params_lambda-frames-eval,params_lambda-frames-train,params_learning-rate,params_n-epochs,params_n-frames,params_radius-gw,params_rho,params_std-feats,params_ub-actions,params_ub-frames,params_weight-decay,state
1823,0.29717077016830445,2025-04-16 07:15:20.541104,2025-04-16 07:15:49.573723,0 days 00:00:29.032619,0.5154730373674368,0.18781113399486637,8,0.08394995625992699,0.1747534757348721,0.0972446775679162,0.03706099499189395,0.09645375652739865,0.09694697381208497,0.008921722414610651,18,20,0.048949290006666236,0.2022398011628533,True,False,False,2.754551736479476e-05,COMPLETE
1824,0.2696516275405884,2025-04-16 07:15:50.157750,2025-04-16 07:16:15.700726,0 days 00:00:25.542976,0.5503758952456625,0.2217295536037181,8,0.12244941004359945,0.16391154020734539,0.0999840445381454,0.03049084192867879,0.09460048234432133,0.09457065296761104,0.007288336449274,18,16,0.04580401787174615,0.21526676731424102,True,False,True,1.946825271203835e-05,COMPLETE
1825,0.4261197686195374,2025-04-16 07:16:16.309448,2025-04-16 07:16:42.586369,0 days 00:00:26.276921,0.5252762588727052,0.25289324438703686,8,0.07645006409996793,0.15564982191888493,0.09265673017941436,0.03254699301438699,0.0967104713892082,0.09993141591702488,0.009749626851300588,19,23,0.05118928688667529,0.2276913055256381,True,False,True,1.1975654595366992e-05,COMPLETE
1826,0.1888286888599396,2025-04-16 07:16:43.196487,2025-04-16 07:17:14.145117,0 days 00:00:30.948630,0.5078506426865713,0.20219030231129245,8,0.09394202833033019,0.17033211859114875,0.0976665656620536,0.03742625496436162,0.096964877779372,0.09781865332799662,0.007142327518603268,18,129,0.04754576550795048,0.2223728932595389,True,True,True,8.391494595243186e-06,COMPLETE
1827,0.34479836225509647,2025-04-16 07:17:14.736495,2025-04-16 07:17:41.160178,0 days 00:00:26.423683,0.8754944476159163,0.23130838439434306,8,0.08633931248468776,0.15051790635158138,0.09500136632945738,0.035164592159642113,0.09445952078255603,0.0999988482380808,0.011592365415470757,19,26,0.04576673496181336,0.20888421489001663,True,False,True,5.434295604909908e-06,COMPLETE
1828,0.3567935347557068,2025-04-16 07:17:41.773738,2025-04-16 07:18:08.386264,0 days 00:00:26.612526,0.5658943216842927,0.2512777265123835,8,0.0825422723934501,0.16356358149929853,0.09647796907259275,0.03229837557230057,0.09805074890233406,0.09650548849419993,0.008288955699508176,20,14,0.04912095049373745,0.21769948943346046,True,False,True,9.835493560155331e-06,COMPLETE
1829,0.22074651718139648,2025-04-16 07:18:08.977261,2025-04-16 07:18:34.290375,0 days 00:00:25.313114,0.5471386507738994,0.22065252766015095,8,0.10100704042815892,0.15858628498369534,0.09214150080494193,0.033974276908906004,0.09671128903551705,0.09411626998861752,0.006756542128388877,18,20,0.0468414466662904,0.20092988446003424,True,False,True,2.3128337835559254e-05,COMPLETE
1830,0.31871666312217717,2025-04-16 07:18:34.882063,2025-04-16 07:19:00.323542,0 days 00:00:25.441479,0.10687122552329503,0.19798786393161072,8,0.07753546798110943,0.16685761971737056,0.09405911540129926,0.030703621467560102,0.09821842068565341,0.096731887802134,0.00892720902103136,18,23,0.044920946071396045,0.2130202892865679,True,False,True,1.6293722956019907e-05,COMPLETE
1831,0.4298503637313843,2025-04-16 07:19:00.926503,2025-04-16 07:19:26.957168,0 days 00:00:26.030665,0.50245289436674,0.24153213698472317,8,0.08928418723775172,0.1532466811550804,0.09580867577720163,0.03589245843425611,0.07171394074579814,0.09796577228229807,0.006869924525680387,19,25,0.05137739899162438,0.2055511416522652,True,False,True,1.1309179191004921e-05,COMPLETE
1832,0.41535089015960697,2025-04-16 07:19:27.568649,2025-04-16 07:19:53.817597,0 days 00:00:26.248948,0.5003606952418397,0.2533266869340509,8,0.09443458408788583,0.14746133174190104,0.09686071139909383,0.029214334950413444,0.06653481192316507,0.09411078487095983,0.007390274377079063,19,26,0.05109897306761397,0.22220770215007762,True,False,True,1.1679281783320706e-05,COMPLETE
1833,0.4247915863990784,2025-04-16 07:19:54.410308,2025-04-16 07:20:19.775842,0 days 00:00:25.365534,0.49826103601093935,0.24505602994599235,8,0.08928536581295951,0.15072253414984516,0.0980505103205232,0.03214706540895578,0.09411837535628718,0.09554423655313676,0.006589348200356169,18,26,0.05085866598135387,0.20904869911320179,True,False,True,1.5545526570866555e-05,COMPLETE
1834,0.4277558207511902,2025-04-16 07:20:20.364842,2025-04-16 07:20:47.323975,0 days 00:00:26.959133,0.5031540041352015,0.25176229490341695,8,0.09780886983082182,0.15444364468837518,0.09992477102309473,0.03472621887326615,0.06302065109721346,0.09850186848246675,0.007000711062437043,20,27,0.05149445522471474,0.21672273394646957,True,False,True,1.281596211086776e-05,COMPLETE
1835,0.4044232487678528,2025-04-16 07:20:47.933743,2025-04-16 07:21:52.079186,0 days 00:01:04.145443,0.515605611988746,0.23388985822638222,2,0.08109203301322754,0.14734529247040884,0.09676268036144725,0.0327250808849069,0.09450152761354472,0.0963815475815962,0.006803203751253393,18,29,0.051609732416146276,0.2289190878318929,True,False,True,2.967587442856625e-05,COMPLETE
1836,0.34181068539619447,2025-04-16 07:21:52.662740,2025-04-16 07:22:19.051915,0 days 00:00:26.389175,0.5024012904054422,0.2578652001816455,8,0.13263604701715662,0.1524973688631751,0.09843540309052479,0.030849693991109206,0.094243711980991,0.09996109160957395,0.0065185906656359035,19,24,0.04981665655102465,0.22059989029016108,True,False,True,1.5089180678574784e-05,COMPLETE
1837,0.2955553770065308,2025-04-16 07:22:19.656063,2025-04-16 07:22:44.736855,0 days 00:00:25.080792,0.530868701281538,0.23759115902193712,8,0.11163216551425964,0.15734652553930356,0.09538855387116815,0.035543855170695526,0.05946362522539066,0.09428791442824785,0.006837818385104327,18,19,0.048967775777902074,0.21233091466296367,False,False,True,1.9217052696916867e-05,COMPLETE
1838,0.42497993707656867,2025-04-16 07:22:45.353954,2025-04-16 07:23:11.869003,0 days 00:00:26.515049,0.5018539417641464,0.25725771149523713,8,0.08941352582407901,0.14705875684356137,0.09831642786599076,0.02862833637879518,0.0753054851828325,0.09787640792444596,0.008142454858964443,20,21,0.050970298230859946,0.20856984706360804,True,False,True,2.314921725266819e-05,COMPLETE
1839,0.3956708908081055,2025-04-16 07:23:12.462288,2025-04-16 07:23:38.571593,0 days 00:00:26.109305,0.5235045370619427,0.22569453809450352,8,0.10786684473636277,0.15866853870962058,0.09523285791157084,0.03366483429421401,0.05391866002629013,0.09377443444683023,0.006493073743629536,19,26,0.04892868810182564,0.2282132725121603,True,False,True,1.2372768663918817e-05,COMPLETE
1840,0.4157125473022461,2025-04-16 07:23:39.183960,2025-04-16 07:24:04.626599,0 days 00:00:25.442639,0.5208230367493174,0.25740221163632165,8,0.07534125721920333,0.15270432120613525,0.09222250017660469,0.03609266839118514,0.0776676816718149,0.09611020516799347,0.008000355657141967,18,23,0.04708517851997384,0.2157139215379037,True,False,True,3.280683614966898e-05,COMPLETE
1841,0.29286344051361085,2025-04-16 07:24:05.236344,2025-04-16 07:24:35.055580,0 days 00:00:29.819236,0.49874971057516515,0.23690184318822186,8,0.08117554391335037,0.14629453138602305,0.09809198234615153,0.0328438187248297,0.09586924943073893,0.09814744329704266,0.006307719318414826,19,17,0.051175709811062904,0.20500876033562945,True,False,False,9.518134555175066e-06,COMPLETE
1842,0.367364239692688,2025-04-16 07:24:35.669694,2025-04-16 07:25:00.986548,0 days 00:00:25.316854,0.5242908431548722,0.22408260063562888,8,0.10137126460396673,0.1601920782842004,0.09626794889928356,0.030742584121343695,0.07133124614277406,0.09629874909451867,0.0003632622011533538,18,29,0.044802462231039404,0.22287227061567152,True,False,True,6.67142307284657e-06,COMPLETE
1843,0.2905260801315308,2025-04-16 07:25:01.581373,2025-04-16 07:25:26.871729,0 days 00:00:25.290356,0.5021916692204139,0.2576476906455084,8,0.07507250202026383,0.15383105178732717,0.09996592416874774,0.0377600995559293,0.06312400252428989,0.09800757569867083,0.01035460143485128,18,20,0.048818793614134874,0.2144832055451735,True,False,True,1.7864598721946858e-05,COMPLETE
1844,0.3372864603996277,2025-04-16 07:25:27.485599,2025-04-16 07:26:00.446034,0 days 00:00:32.960435,0.5348800331054485,0.23926996379725782,8,0.09176182623049603,0.1608763582230153,0.09430725306417279,0.03430598858752085,0.06156575149762079,0.09992942784784178,0.008105450025250984,19,148,0.04685172233088012,0.22105304955257546,True,False,True,1.1605251226722444e-05,COMPLETE
1845,0.3975893974304199,2025-04-16 07:26:01.036204,2025-04-16 07:26:27.416145,0 days 00:00:26.379941,0.5403532914585508,0.21649369218249742,8,0.08353639949388418,0.14546016871898643,0.09275505984968532,0.03571272530499521,0.07091987065889631,0.09351911615485423,0.006437391063902744,19,24,0.08884179843575193,0.20687376028902596,True,False,True,2.847746424890154e-06,COMPLETE
1846,0.2867564082145691,2025-04-16 07:26:28.029112,2025-04-16 07:26:54.092548,0 days 00:00:26.063436,0.5125815776027268,0.2590796868908524,8,0.07493646156335858,0.1566399315487417,0.09671881545359425,0.02873591818732863,0.05037073325095558,0.09508943302130456,0.00021786724453945667,18,26,0.0515774683548088,0.22879741564309156,True,True,True,2.2553243326713368e-05,COMPLETE
1847,0.34821988344192506,2025-04-16 07:26:54.684275,2025-04-16 07:27:21.153535,0 days 00:00:26.469260,0.5250463049298862,0.23649219369200866,8,0.08799822229888225,0.16286342751879138,0.09820320450093031,0.03178940392678437,0.0741306099573207,0.09687184255733076,0.009353420203223335,20,14,0.045004891429867404,0.21342396783756598,True,False,True,2.6412201741789134e-05,COMPLETE
1848,0.4153630375862122,2025-04-16 07:27:21.760655,2025-04-16 07:27:47.004148,0 days 00:00:25.243493,0.5475171236115489,0.26295484480262543,8,0.08140382456290067,0.15066450621514232,0.09453569945743248,0.03755406224984183,0.056978132766373424,0.09819887819327087,0.007782731305733174,18,21,0.04899531508028962,0.19893011373388658,True,False,True,1.4637582928389667e-05,COMPLETE
1849,0.24149599075317385,2025-04-16 07:27:47.625429,2025-04-16 07:28:13.657640,0 days 00:00:26.032211,0.5203398875253593,0.2199075428229795,8,0.09340607963860614,0.16427165071727107,0.09608280842887205,0.033753258334457706,0.07416773385533898,0.09396306520705446,0.011413659033623617,19,18,0.04673425361167858,0.21791393177371515,True,False,True,1.0184922416778459e-05,COMPLETE
1850,0.2584486544132233,2025-04-16 07:28:14.257681,2025-04-16 07:28:40.990429,0 days 00:00:26.732748,0.5488364267315956,0.24553331901515246,8,0.07522213983596386,0.1556302291983836,0.09218360339255792,0.030568605544459955,0.06753635085418819,0.09999311414652991,0.0064901885341783275,20,29,0.0514849820685736,0.015045292959752099,True,False,True,6.684172602887883e-06,COMPLETE
1851,0.3701355457305908,2025-04-16 07:28:41.608264,2025-04-16 07:29:06.944423,0 days 00:00:25.336159,0.49645023741292116,0.20842648058885296,8,0.08720398509376232,0.17576870951599693,0.0978250391600483,0.0353945994560447,0.09621028777909087,0.0960650201956773,0.010041794360299608,18,24,0.049141121042375856,0.2061815988275357,True,False,True,3.176696272405083e-05,COMPLETE
1852,0.41721889972686765,2025-04-16 07:29:07.539564,2025-04-16 07:29:32.686805,0 days 00:00:25.147241,0.5013984939604791,0.25624414342140106,8,0.08171253328224289,0.15997809890187095,0.09527578497948866,0.0331192209907532,0.0643286387578136,0.09359477393493894,0.0077912990097813405,18,26,0.04455834777688149,0.22430729647313813,True,False,True,1.8848906160371067e-05,COMPLETE
1853,0.39813061952590945,2025-04-16 07:29:33.300405,2025-04-16 07:29:59.392148,0 days 00:00:26.091743,0.5349256500272417,0.23261114719931783,8,0.09704177824804144,0.14566367839727304,0.09993711800387237,0.037614236594190255,0.040301999448579234,0.09834639574933834,0.006523849541154386,19,22,0.04755912443855283,0.2110722766771693,True,False,True,8.560295916522508e-06,COMPLETE
1854,0.18401350975036623,2025-04-16 07:29:59.985543,2025-04-16 07:30:25.465969,0 days 00:00:25.480426,0.5569332996062378,0.26161181512519727,8,0.07532460700889786,0.15220489039672205,0.09356610355111424,0.03492243535807724,0.06921408789934269,0.09575538517488208,0.008885740639088521,18,19,0.020745798163404883,0.22049680185938764,True,False,True,1.2921601676904492e-05,COMPLETE
1855,0.3976293921470642,2025-04-16 07:30:26.082559,2025-04-16 07:30:53.043758,0 days 00:00:26.961199,0.5335118442103212,0.21987041219389697,8,0.0808005876156865,0.1712358608689635,0.09811726779833711,0.031807035256760756,0.057799494829895215,0.09682963426709963,0.006307689007139804,20,27,0.04957885371815004,0.20054699532424108,True,False,True,3.279682423087866e-05,COMPLETE
1856,0.2382914125919342,2025-04-16 07:30:53.637393,2025-04-16 07:32:01.177376,0 days 00:01:07.539983,0.16314948046197958,0.19040815524862736,2,0.0888069840919763,0.16456755701321718,0.09648433666593559,0.0288345239903235,0.05573807085127472,0.09364987002328178,0.0076686658834897725,19,15,0.05146847129864157,0.22872965262822054,False,False,True,1.881224612933245e-05,COMPLETE
1857,0.40942169427871705,2025-04-16 07:32:01.793679,2025-04-16 07:32:27.033680,0 days 00:00:25.240001,0.7104630472007697,0.2376549014283187,8,0.07644661549205357,0.15687470055873642,0.09190358006213246,0.03633187280826712,0.09419159153805487,0.09830264421675843,0.01063135454007287,18,23,0.04590477253472354,0.21344332129882604,True,False,True,1.0956202988127216e-05,COMPLETE
1858,0.17523729801177979,2025-04-16 07:32:27.656009,2025-04-16 07:32:53.780183,0 days 00:00:26.124174,0.5161544020096874,0.2634469458700667,8,0.08402238235399695,0.1687914688551186,0.09403948773358038,0.03391231709526491,0.09648006548498424,0.09526854442823805,0.009057268206157234,19,20,0.011979784397736233,0.20741885242948138,True,False,True,4.729383398035925e-06,COMPLETE
1859,0.35533404946327213,2025-04-16 07:32:54.377632,2025-04-16 07:33:19.951635,0 days 00:00:25.574003,0.5534115548274283,0.24397548546968098,8,0.09210452198610823,0.14985998776254145,0.09803499307024335,0.031029952910741353,0.043150774248078845,0.09813816538363124,0.00637279961150397,18,29,0.043608957174558635,0.21929246851966042,True,False,True,1.468511469177416e-05,COMPLETE
1860,0.4307750701904297,2025-04-16 07:33:20.576546,2025-04-16 07:33:46.498154,0 days 00:00:25.921608,0.5191685065014897,0.20861277556458135,8,0.07416987153105618,0.1624317840066951,0.09505382289209584,0.037709124673483786,0.09429424139396829,0.09646335242932545,0.007754386459630948,19,24,0.047882668984057596,0.22436567130926952,True,False,True,9.398076693527513e-06,COMPLETE
1861,0.3029740869998932,2025-04-16 07:33:47.097356,2025-04-16 07:34:17.510660,0 days 00:00:30.413304,0.49746415608757955,0.17910911101695234,8,0.07290153431176612,0.1743225005573353,0.09570098294266975,0.03637747784457766,0.09442372141049518,0.09827984872027225,0.012127084618518844,20,29,0.05170062424820228,0.2296068979458248,True,False,False,8.287652844771224e-06,COMPLETE
1862,0.4374674201011658,2025-04-16 07:34:18.104570,2025-04-16 07:34:44.856590,0 days 00:00:26.752020,0.5031077068301057,0.20560100587682395,8,0.07472663587572902,0.16456785471565427,0.09197772035823285,0.03796927696773876,0.09406119400674648,0.09987820916415852,0.009858851879058432,20,26,0.04978797382802844,0.2240510310031057,True,False,True,6.501797293249138e-06,COMPLETE
1863,0.4073001742362976,2025-04-16 07:34:45.470719,2025-04-16 07:35:12.436075,0 days 00:00:26.965356,0.5058834632983885,0.18101002991910775,8,0.07392509718192586,0.17619363261576557,0.09381566608376166,0.037640847103934914,0.09425098411482728,0.09686088702789646,0.011915854903319756,20,29,0.051724040161064404,0.22657827162255928,True,False,True,5.703923933410242e-06,COMPLETE
1864,0.33832691907882695,2025-04-16 07:35:13.060042,2025-04-16 07:35:40.420448,0 days 00:00:27.360406,0.4943068642805314,0.19963889892593592,8,0.07381194245637407,0.1802237793004775,0.09572324208973605,0.038349575503746666,0.09413604847321004,0.0998565959432332,0.009977993206893371,20,30,0.04995573908494025,0.22395879245701503,True,True,True,7.084510129420685e-06,COMPLETE
1865,0.43245023488998413,2025-04-16 07:35:41.020058,2025-04-16 07:36:07.788246,0 days 00:00:26.768188,0.4971038496258388,0.19232222843288765,8,0.07883341104216941,0.16896339322375786,0.09263280700294645,0.037520850413299146,0.09403526143004516,0.09992145630799114,0.010564676833309543,20,26,0.05178883186530534,0.23087785871238622,True,False,True,3.7172750926079908e-06,COMPLETE
1866,0.42566819190979005,2025-04-16 07:36:08.408333,2025-04-16 07:36:35.370588,0 days 00:00:26.962255,0.5026422354398354,0.170894089285227,8,0.07247350177441546,0.1668955696245733,0.09245712820121368,0.038040857879610326,0.09377262659219376,0.09962435933900184,0.012212731143345696,20,30,0.05188424956515864,0.23320608464914935,True,False,True,4.533455604661061e-06,COMPLETE
1867,0.43080457448959353,2025-04-16 07:36:35.973135,2025-04-16 07:37:02.835498,0 days 00:00:26.862363,0.49481029761513756,0.16172587007034653,8,0.07310576892984104,0.1652243666906698,0.0948327585706527,0.03819410129035159,0.093797437348709,0.0998962473866636,0.010984375412120728,20,27,0.05154875147350455,0.2233077220709104,True,False,True,3.4585520118217773e-06,COMPLETE
1868,0.424463438987732,2025-04-16 07:37:03.457754,2025-04-16 07:37:30.000482,0 days 00:00:26.542728,0.49405419504126064,0.15186231806791484,8,0.07410071179173872,0.16702500861590006,0.09357486583383388,0.03844826599539273,0.09349958466321429,0.09828066820363464,0.012946997651515094,20,26,0.05217458277324834,0.2315773436612806,True,False,True,3.5592563358141012e-06,COMPLETE
1869,0.42771486043930057,2025-04-16 07:37:30.624942,2025-04-16 07:37:57.736154,0 days 00:00:27.111212,0.4887964814320733,0.16315064111357233,8,0.07310888959228204,0.1704917634952905,0.09501538488892246,0.03843938964195395,0.09375823619905121,0.09993143727205234,0.012525645145383181,20,26,0.05183716982395188,0.23261205987724082,True,False,True,2.717779247185481e-06,COMPLETE
1870,0.41945313215255736,2025-04-16 07:37:58.345287,2025-04-16 07:38:25.303077,0 days 00:00:26.957790,0.5060000622663886,0.1822575265471805,8,0.07143020863592406,0.18206172173547777,0.0930973068300924,0.03826112686539971,0.09361624479988793,0.09981432807784348,0.01179010598301303,20,30,0.05195001870980382,0.22998094791788382,True,False,True,3.843649443887142e-06,COMPLETE
1871,0.42562958002090456,2025-04-16 07:38:25.903039,2025-04-16 07:38:53.821786,0 days 00:00:27.918747,0.4907219606370737,0.14647129969243683,8,0.07686651406485702,0.1647446315752844,0.09451814884354934,0.03794583382354647,0.09451733102770044,0.09989705463760436,0.012554889660773784,21,26,0.0519133798375649,0.2289368946615827,True,False,True,2.172767628646885e-06,COMPLETE
1872,0.3815674185752869,2025-04-16 07:38:54.438187,2025-04-16 07:39:21.423481,0 days 00:00:26.985294,0.49671239604750816,0.0477771996645496,8,0.07212026341237164,0.17365369578660894,0.0915833097075131,0.03833833547560543,0.09375803241564798,0.09708432122089074,0.010584411021193698,20,27,0.05139817311395059,0.2313973592127388,True,False,True,5.563800355957872e-06,COMPLETE
1873,0.4224007844924927,2025-04-16 07:39:22.045762,2025-04-16 07:39:49.293947,0 days 00:00:27.248185,0.4946284968503051,0.17362750885530234,8,0.0792831089232245,0.16498426923923817,0.09604130441804634,0.03740577987783975,0.09335987119527253,0.09643802035573525,0.012423614449181017,20,30,0.051499669721699025,0.22297458828930386,True,False,True,3.1210486927196276e-06,COMPLETE
1874,0.31725975275039675,2025-04-16 07:39:49.894775,2025-04-16 07:40:24.507918,0 days 00:00:34.613143,0.49080377246809276,0.17180014803164123,8,0.07188132580392707,0.1718007799359614,0.09204602974538834,0.09726285965273027,0.09374410773008399,0.0982112506468102,0.011472619121109192,21,139,0.04974904119649523,0.22553357913275626,True,False,True,3.93247237979385e-06,COMPLETE
1875,0.2846284508705139,2025-04-16 07:40:25.126522,2025-04-16 07:40:53.449445,0 days 00:00:28.322923,0.4931313448161943,0.09392102068383368,8,0.07820037349644861,0.16133660825491972,0.0945788948971174,0.03594535045156841,0.09343878188980535,0.09579853163773039,0.010400407934004532,20,116,0.05018130710428495,0.22638118101318686,False,False,True,3.05822732309034e-06,COMPLETE
1876,0.41968501806259156,2025-04-16 07:40:54.053071,2025-04-16 07:41:21.113055,0 days 00:00:27.059984,0.517272423881966,0.16118575106401456,8,0.07167962347925264,0.17786132682091335,0.09641961943526141,0.03637459847957243,0.09353468843298508,0.09806218524937574,0.012077883565408787,20,26,0.05161725563787848,0.23261238161742223,True,False,True,2.2615176602245467e-06,COMPLETE
1877,0.4185940980911255,2025-04-16 07:41:21.729282,2025-04-16 07:41:48.890521,0 days 00:00:27.161239,0.5164871127800416,0.16923477673412546,8,0.08143101604875454,0.168037693795194,0.09299245064587969,0.03855192058165306,0.09540390870116999,0.09990748531189196,0.010109569772383028,20,25,0.049810379888473096,0.2231927052847846,True,False,True,3.383982555567349e-06,COMPLETE
1878,0.3561525583267212,2025-04-16 07:41:49.521849,2025-04-16 07:42:59.299815,0 days 00:01:09.777966,0.5202363347711427,0.12439698627061833,2,0.0798399322354596,0.1618351094512232,0.09639801032508291,0.03588495735434724,0.09535050862352071,0.09645949685323199,0.012232355830478587,20,29,0.05144627952646203,0.23154741814722996,True,False,True,4.5788417912404716e-06,COMPLETE
1879,0.29734068512916567,2025-04-16 07:42:59.903995,2025-04-16 07:43:31.261778,0 days 00:00:31.357783,0.5015196470043668,0.19686249674289086,8,0.07346529702924433,0.1566719908272359,0.09213408694169317,0.03823271181775866,0.09357304085175124,0.09561857365031694,0.01052174809257515,21,24,0.04935902274415013,0.22569148455518281,True,False,False,1.7594490845029112e-06,COMPLETE
