number,value,datetime_start,datetime_complete,duration,params_alpha-eval,params_alpha-train,params_batch-size,params_eps-eval,params_eps-train,params_lambda-actions-eval,params_lambda-actions-train,params_lambda-frames-eval,params_lambda-frames-train,params_learning-rate,params_n-epochs,params_n-frames,params_radius-gw,params_rho,params_std-feats,params_ub-actions,params_ub-frames,params_weight-decay,state
1082,0.41356675624847417,2025-04-16 02:01:46.996375,2025-04-16 02:02:09.439309,0 days 00:00:22.442934,0.48674504197433954,0.40297362749551724,16,0.03189372187949855,0.259552806640757,0.07597320424724745,0.018132825524877497,0.09280778856552288,0.07530567511556714,0.01024346638531657,23,41,0.057533142188048565,0.13819612701361003,True,False,True,0.0002608768808177012,COMPLETE
1083,0.4081132888793945,2025-04-16 02:02:09.789660,2025-04-16 02:02:31.886248,0 days 00:00:22.096588,0.4380599957211442,0.3112743430408274,16,0.03944401905230075,0.24244117372544488,0.07928919064849935,0.06899703175918934,0.09486210945317056,0.09875897393877169,0.03383040389052318,23,37,0.06235610076481096,0.1448881601233294,True,False,True,0.00037957424885312597,COMPLETE
1084,0.40168101787567134,2025-04-16 02:02:32.238977,2025-04-16 02:02:55.136037,0 days 00:00:22.897060,0.5013480767067883,0.346771463798761,16,0.026851310573719034,0.25426391101487117,0.07298782134179337,0.014484880887229438,0.020206193664160047,0.06281667890577815,0.020191024983641653,24,41,0.06559202829499294,0.13042856342534914,True,False,True,0.00025501690607210623,COMPLETE
1085,0.4119227290153504,2025-04-16 02:02:55.489199,2025-04-16 02:03:17.641124,0 days 00:00:22.151925,0.4617659854517217,0.2964844475166832,16,0.03493826813378906,0.257396194383306,0.06968458687719296,0.02091123498340147,0.09159903058039663,0.09196245372086326,0.008646883616111578,23,38,0.05975857832770569,0.15104399740120417,True,False,True,0.0001954666249751339,COMPLETE
1086,0.3767014145851135,2025-04-16 02:03:17.977685,2025-04-16 02:03:48.672426,0 days 00:00:30.694741,0.4760640940046523,0.38131010685231864,16,0.04338885940619811,0.2350438530663089,0.07567199612213316,0.033367759961406236,0.09705907479059282,0.06609825674731001,0.02535352887039354,24,114,0.057129946244920515,0.1578444763262053,True,False,True,0.0003271809703631763,COMPLETE
1087,0.37085710763931273,2025-04-16 02:03:49.022704,2025-04-16 02:04:09.719739,0 days 00:00:20.697035,0.44106674276290525,0.33159816475260956,16,0.02654955941169642,0.24984116081181537,0.0729524858414733,0.014463122438898947,0.0932868036208624,0.06214783833881439,0.013856177014215784,21,32,0.06347156179172563,0.13913864565599565,True,False,True,0.00015356944422561622,COMPLETE
1088,0.34641036987304685,2025-04-16 02:04:10.073430,2025-04-16 02:04:31.924115,0 days 00:00:21.850685,0.45665909444011055,0.36757808346129733,16,0.05491824735720552,0.24410886985935074,0.0772787223717066,0.015934762447455526,0.0635214092569483,0.09129272435029684,0.02070056113095307,23,35,0.058564048499964494,0.1442346447796079,True,False,True,0.00023694700658194044,COMPLETE
1089,0.41594212055206303,2025-04-16 02:04:32.276426,2025-04-16 02:04:55.312203,0 days 00:00:23.035777,0.4359138131028142,0.3006310884626357,16,0.033230186542503884,0.25762500986763903,0.07488614557425229,0.013496973195259604,0.09507598775274144,0.07316973303989463,0.010393627726065181,25,41,0.061172882072513535,0.15603310827361963,True,False,True,0.0002965461594404828,COMPLETE
1090,0.3555464625358582,2025-04-16 02:04:55.661573,2025-04-16 02:05:17.257890,0 days 00:00:21.596317,0.43663423203924395,0.3168659491813191,16,0.04932280410456553,0.25776231364520374,0.07451790045060365,0.012668623607806982,0.09077263100603507,0.0714850130073246,0.0103778623721077,25,39,0.062456638693675445,0.15720008782231465,False,False,True,0.0004302271588495936,COMPLETE
1091,0.4053732872009277,2025-04-16 02:05:17.608810,2025-04-16 02:05:39.965912,0 days 00:00:22.357102,0.4362757939089833,0.31914590566335926,16,0.04420164900447845,0.253007220785031,0.07162092377391445,0.016426745993763744,0.09186757706963851,0.07108738951405993,0.01175672967446399,24,36,0.0679824879287347,0.16312479012902067,True,False,True,0.000311198846230945,COMPLETE
1092,0.16553913950920107,2025-04-16 02:05:40.321179,2025-04-16 02:06:03.500741,0 days 00:00:23.179562,0.46076872437921723,0.29372649104534465,16,0.2560538941772435,0.2605521888261424,0.07468071924794975,0.07923774243003709,0.09369882540194907,0.07332045041487767,0.009594587952723962,25,41,0.062731688540351,0.15537795004573648,True,False,True,0.0003672690750703947,COMPLETE
1093,0.4149917840957642,2025-04-16 02:06:03.856208,2025-04-16 02:06:26.356416,0 days 00:00:22.500208,0.4302410408851119,0.34054405086499795,16,0.038104703414395896,0.24798779244692967,0.06929576083273989,0.013502023855525402,0.09098107932421426,0.07671118667822735,0.012773785125248334,25,33,0.06564944547835012,0.1642160488475698,True,False,True,0.0002806733906934768,COMPLETE
1094,0.29883782267570497,2025-04-16 02:06:26.711011,2025-04-16 02:06:51.662927,0 days 00:00:24.951916,0.4297854601744395,0.32492567934669714,16,0.05293070521662131,0.24708566405929133,0.06883267623883246,0.018415228805003576,0.09039061179855659,0.0795446968697807,0.013920686844578237,25,31,0.06971737123083363,0.16831825500808806,True,False,False,0.00029059687715299857,COMPLETE
1095,0.41332426071166994,2025-04-16 02:06:52.022195,2025-04-16 02:07:14.135931,0 days 00:00:22.113736,0.44571179608588146,0.3415111653516305,16,0.040512652110546055,0.24062861065022279,0.06988954423821347,0.014082424476409382,0.09058755552680167,0.08218137401947831,0.016015885724634606,25,29,0.06946186494137914,0.16784787781826324,True,False,True,0.00027150307393701057,COMPLETE
1096,0.3352819085121155,2025-04-16 02:07:14.495875,2025-04-16 02:07:47.869654,0 days 00:00:33.373779,0.4177111888554352,0.35022316081806276,16,0.04763703963140367,0.23592125942302908,0.06943607924517847,0.01714975087219869,0.08950087461911625,0.07801361010803466,0.013529151770486797,25,130,0.06442898564882915,0.16385483720222369,True,False,True,0.0002251453880134683,COMPLETE
1097,0.1888286888599396,2025-04-16 02:07:48.212771,2025-04-16 02:09:10.164204,0 days 00:01:21.951433,0.43082795938698054,0.333886927939149,2,0.03975740100677849,0.24825078210851662,0.06869569228679698,0.01969520948442703,0.09150244749180637,0.07616839371087436,0.00766314432420438,24,32,0.06577547795908835,0.16131001845896792,True,True,True,0.00034977777868996343,COMPLETE
1098,0.19426630139350892,2025-04-16 02:09:10.520173,2025-04-16 02:09:32.820399,0 days 00:00:22.300226,0.4601512506414992,0.30454972430500976,16,0.11212225653168975,0.2430553838807444,0.07105843766289242,0.013935101954628609,0.09216910970788544,0.07683946130820749,0.012371656902785468,25,30,0.0662440949010383,0.16525950936713518,True,False,True,0.0002854014032675715,COMPLETE
1099,0.41098358631134035,2025-04-16 02:09:33.175064,2025-04-16 02:09:55.463973,0 days 00:00:22.288909,0.40960470026295204,0.3529773761222631,16,0.03783180126777029,0.2534178942976757,0.06802632732244349,0.015510590567955531,0.08934260099365222,0.06886942456784316,0.008738380966005542,25,29,0.07128326303481604,0.1679861969355232,True,False,True,0.0004737273761151649,COMPLETE
1100,0.3981277585029602,2025-04-16 02:09:55.819126,2025-04-16 02:10:18.014015,0 days 00:00:22.194889,0.4431301543183164,0.33428227837667535,16,0.04411224852798608,0.24847978465607296,0.07074481876054894,0.01581679965283181,0.09291591272671765,0.07298450596162352,0.0185826656163027,24,33,0.06477060043426448,0.1575329812981363,True,False,True,0.0003891303339783535,COMPLETE
1101,0.4011865019798279,2025-04-16 02:10:18.379155,2025-04-16 02:10:49.649075,0 days 00:00:31.269920,0.4098810548309776,0.4253179612413958,16,0.03328347381187906,0.24094687561519565,0.06802408586457251,0.013381317153511976,0.09023412529507102,0.0746291796605242,0.015445495584986516,24,120,0.06769562521923207,0.16947658488281214,True,False,True,0.00021949383508073074,COMPLETE
1102,0.4091502189636231,2025-04-16 02:10:50.003236,2025-04-16 02:11:12.303756,0 days 00:00:22.300520,0.47455560099324123,0.3612017030621434,16,0.03651541434824182,0.2536531745007542,0.07203422243225248,0.01789210577338925,0.09179006725633311,0.07461847985437574,0.03726922146723788,24,35,0.06387485922981369,0.16160481530286283,True,False,True,0.0002801373916257044,COMPLETE
1103,0.413901150226593,2025-04-16 02:11:12.659935,2025-04-16 02:11:34.899174,0 days 00:00:22.239239,0.42589516058822474,0.31322058236907285,16,0.03224170253036929,0.2464485448667541,0.069868386441321,0.040980324730448034,0.0887349834592462,0.07843504758237713,0.026503122737819268,25,33,0.06502404554858977,0.15763545154735023,True,False,True,0.0003554454511012549,COMPLETE
1104,0.36488189697265627,2025-04-16 02:11:35.255544,2025-04-16 02:11:58.050902,0 days 00:00:22.795358,0.4507253637642362,0.38883425127302723,16,0.062438611407085426,0.23450924010501314,0.07255486927384347,0.013334219740199233,0.09405403985474596,0.07570868774596112,0.012442078275624527,25,34,0.06871614267215456,0.16474045290401218,True,False,True,5.983114277623343e-08,COMPLETE
1105,0.35993680953979496,2025-04-16 02:11:58.413419,2025-04-16 02:12:20.875255,0 days 00:00:22.461836,0.4092643187169917,0.3729485328437115,16,0.048863809495389404,0.25311673503710547,0.06693523155494617,0.015445446966952507,0.09318805078999995,0.07636795308089105,0.009661007985093142,24,37,0.06700226684169737,0.15585927422100018,True,False,True,0.00022273113120157466,COMPLETE
1106,0.41342436075210576,2025-04-16 02:12:21.233636,2025-04-16 02:12:42.909704,0 days 00:00:21.676068,0.4686685546276868,0.29526064841815125,16,0.04129026317413042,0.2591314016719719,0.07281639735827404,0.0437478417364007,0.09104960911258579,0.08074564738133029,0.017851616741233884,22,37,0.061250014815275276,0.17047318723183566,True,False,True,4.90228826662785e-07,COMPLETE
1107,0.4127293586730957,2025-04-16 02:12:43.269329,2025-04-16 02:13:04.825626,0 days 00:00:21.556297,0.43019886472826585,0.3342647307728075,16,0.03009303812832411,0.24815366764543353,0.07010283890637466,0.020106251964663785,0.0948939208453323,0.07435570645327988,0.008075087689392068,23,27,0.06315708065131406,0.16320428242262136,True,False,True,0.0005143208109651962,COMPLETE
1108,0.41118659973144533,2025-04-16 02:13:05.188149,2025-04-16 02:13:26.682374,0 days 00:00:21.494225,0.45123772723366534,0.31045144863398827,16,0.039688628865123116,0.2413682003651656,0.04047503685428807,0.01278435057480385,0.08891448403541173,0.07400765418920673,0.02175106522411731,23,32,0.06176362017696193,0.15572067899964842,True,False,True,0.00018940331690287977,COMPLETE
1109,0.3214587450027466,2025-04-16 02:13:27.043830,2025-04-16 02:13:49.209488,0 days 00:00:22.165658,0.4021837684189665,0.35110597628332174,16,0.05657573192800183,0.25780832449584856,0.06778311990683214,0.016745330412477905,0.09296965386484292,0.08575813417728405,0.014691628757632134,24,35,0.06503231302007592,0.1601109271785994,True,False,True,0.00029309844542342367,COMPLETE
1110,0.39651437997817995,2025-04-16 02:13:49.550418,2025-04-16 02:14:09.961446,0 days 00:00:20.411028,0.42943014545927716,0.40333519432669945,16,0.03391818123842692,0.25275108740646696,0.07165219225374801,0.014596099531565267,0.09497093859905832,0.07839338535950051,0.011931612072306887,22,38,0.06781757448690272,0.15227766562746217,False,False,True,0.0003800089964354355,COMPLETE
1111,0.33361362218856816,2025-04-16 02:14:10.320657,2025-04-16 02:14:32.018668,0 days 00:00:21.698011,0.473876914870678,0.29663470079300297,16,0.024224562445283353,0.245538438048146,0.07401028336335426,0.018597265472941944,0.09138050380854285,0.07459916881217993,0.010311777689698183,23,34,0.06138013405081574,0.17064058146183902,True,False,True,1.2942864239162495e-06,COMPLETE
1112,0.3887530088424683,2025-04-16 02:14:32.379335,2025-04-16 02:14:55.059600,0 days 00:00:22.680265,0.44275687834633237,0.3705667927673601,16,0.04377657726470964,0.2512838284351711,0.06916922144703716,0.011577206918915943,0.09352383423328144,0.07711278976981337,0.017989654027866862,25,39,0.06360732149322354,0.1535909060642557,True,False,True,0.00025774033791765014,COMPLETE
1113,0.28845418691635133,2025-04-16 02:14:55.415081,2025-04-16 02:15:19.552469,0 days 00:00:24.137388,0.4069756495820293,0.32525582757836047,16,0.02983831809109803,0.23251787275859104,0.016698376331351766,0.02147452172493515,0.08914264805552301,0.003622030084286635,0.00755616077024747,24,29,0.0611539838950397,0.16555855694258717,True,False,False,0.00018926001755717348,COMPLETE
1114,0.15800352692604067,2025-04-16 02:15:19.910264,2025-04-16 02:15:41.610445,0 days 00:00:21.700181,0.48555095759397127,0.38651538428314,16,0.1606707328457202,0.2578823780556981,0.0730170179889152,0.013798153606717439,0.0955720040832656,0.07037182133064196,0.022770421204415442,23,35,0.07324984057918325,0.1594200764409576,True,False,True,0.0004601938523112378,COMPLETE
1115,0.1901835083961487,2025-04-16 02:15:41.972964,2025-04-16 02:16:04.422290,0 days 00:00:22.449326,0.45517941119891325,0.3519374320846289,16,0.14512394027309472,0.23954526100279955,0.07425247149233573,0.036367677313787136,0.09106844137033109,0.07690087529327133,0.014230673327374694,24,39,0.06063118405638145,0.1500926246676868,True,True,True,0.0003142772362441219,COMPLETE
1116,0.4203581213951111,2025-04-16 02:16:04.780322,2025-04-16 02:16:25.999729,0 days 00:00:21.219407,0.42672395798552776,0.4476010421617145,16,0.03656442991764086,0.13100184741109613,0.0709476853291995,0.016132575208697778,0.09324350368060282,0.06949425581114951,0.010772596008971323,22,32,0.059794245016357654,0.16763436657338315,True,False,True,0.00023271702883204828,COMPLETE
1117,0.36697838306427,2025-04-16 02:16:26.358167,2025-04-16 02:16:46.655983,0 days 00:00:20.297816,0.4289425985244609,0.4694659974440477,16,0.04972631436484752,0.16800818110728924,0.07088376204463404,0.01788830122902228,0.08815643224061182,0.07160853747031642,0.010426912349457067,21,26,0.06543550379747079,0.15975884063523382,True,False,True,0.00021673946145162583,COMPLETE
1118,0.40579363107681277,2025-04-16 02:16:47.017458,2025-04-16 02:17:07.986464,0 days 00:00:20.969006,0.44676867539919163,0.5096079584526234,16,0.039392551026023834,0.2097177727243167,0.06761908893328908,0.01582378404519572,0.0904738401779437,0.07367294278141619,0.010842274463412549,22,31,0.06002606977949141,0.15291761463304315,True,False,True,0.00017706014984959035,COMPLETE
1119,0.3364529609680176,2025-04-16 02:17:08.350807,2025-04-16 02:17:29.177318,0 days 00:00:20.826511,0.42714387083698047,0.4296585897311514,16,0.03598203065775697,0.12122762012224661,0.07056767033872942,0.019044137684762825,0.09203801755195526,0.07185111037289153,0.05908868611708828,22,28,0.06391916615968253,0.1656471227867734,True,False,True,0.00022469228552019388,COMPLETE
1120,0.32180576324462895,2025-04-16 02:17:29.540968,2025-04-16 02:17:49.966104,0 days 00:00:20.425136,0.4661513479458017,0.48554806535722367,16,0.04473800439256008,0.06275246992205129,0.07189048899302833,0.02680650867794524,0.09312345242257403,0.06975728602973338,0.009089291810463841,21,29,0.062184638383011706,0.10317673742248679,True,False,True,0.00016816718753547943,COMPLETE
1121,0.4065896511077881,2025-04-16 02:17:50.329168,2025-04-16 02:19:06.149846,0 days 00:01:15.820678,0.44261576170787464,0.45901856880219366,2,0.023792149875997905,0.24691905257601848,0.06895303151522786,0.016615591982024353,0.08886779204696481,0.06898684294969393,0.008672170617343468,22,31,0.06016109740580848,0.1601122842910061,True,False,True,0.0002466721111362673,COMPLETE
1122,0.40904381275177004,2025-04-16 02:19:06.513950,2025-04-16 02:19:27.682420,0 days 00:00:21.168470,0.41853360966982117,0.4356962047454999,16,0.03017910102451516,0.26022606633866086,0.07301081672754728,0.02202091161617807,0.09087966210693234,0.07023007340197353,0.012857470512415113,22,29,0.06303053525723305,0.15273182998291254,True,False,True,0.00019164063075379514,COMPLETE
1123,0.3238563060760498,2025-04-16 02:19:28.047959,2025-04-16 02:19:49.691337,0 days 00:00:21.643378,0.4792553055926951,0.427212839845845,16,0.03553037470667793,0.14892760370803904,0.07498518703161881,0.01740986727778781,0.09319902885339566,0.06865699750438867,0.014622751336752372,23,32,0.06632619065208717,0.16752860221654187,True,False,True,0.00026241966665657755,COMPLETE
1124,0.4102267503738403,2025-04-16 02:19:50.058466,2025-04-16 02:20:10.780417,0 days 00:00:20.721951,0.45353176138390017,0.44972026624267963,16,0.024398963838404127,0.25140131616462646,0.07006853066246034,0.015595890071659587,0.08994564930578089,0.07257182508804556,0.011738577841835875,22,26,0.05917378015038598,0.14996897267785864,True,False,True,0.00023590785806572526,COMPLETE
1125,0.265304708480835,2025-04-16 02:20:11.146177,2025-04-16 02:20:31.612441,0 days 00:00:20.466264,0.4267741392987303,0.41214428990638813,16,0.08309494608963122,0.23305257599676527,0.06760746526189215,0.02015016058670694,0.09209879515882675,0.07292864673964158,0.008140979522528118,20,32,0.06031429710416676,0.1580119618101935,True,False,True,2.0822966046234517e-06,COMPLETE
1126,0.2983914494514466,2025-04-16 02:20:31.962090,2025-04-16 02:20:53.707825,0 days 00:00:21.745735,0.4018305278088753,0.398124272359426,16,0.04603397636097192,0.16061381346452305,0.07163903677156143,0.013122563251150951,0.0944952601062195,0.06684421026210159,0.016201458253070837,23,35,0.06205892015314593,0.1480618587491265,True,False,True,0.0001609632488712733,COMPLETE
1127,0.3219582557678223,2025-04-16 02:20:54.069320,2025-04-16 02:21:14.943628,0 days 00:00:20.874308,0.45776320683112537,0.3929614623551621,16,0.02990299734688634,0.1071891895484959,0.07609228659491109,0.014933270475849192,0.08856167288996697,0.0737833913382832,0.01022895463872684,21,33,0.06398393680080192,0.16380081367664984,True,False,True,0.0002998779638022909,COMPLETE
1128,0.39849573373794556,2025-04-16 02:21:15.300038,2025-04-16 02:21:36.547057,0 days 00:00:21.247019,0.43931038397013505,0.4464734576415467,16,0.03980656673754175,0.1285255149453922,0.07428623155707077,0.017084218842504762,0.09580170552234515,0.0688797307511706,0.0075407220015203166,22,75,0.059342468174427884,0.15492024945970062,False,False,True,0.0001920621222365121,COMPLETE
1129,0.3598060727119446,2025-04-16 02:21:36.909422,2025-04-16 02:21:58.689045,0 days 00:00:21.779623,0.4121173418746125,0.40828844561447125,16,0.054725528866473,0.24044492157839942,0.06996796603104148,0.01456774101202663,0.09178332805841377,0.0708451063040545,0.01258669378342198,23,36,0.06114630133265861,0.17087957447329447,True,False,True,0.00022115683004361782,COMPLETE
1130,0.4113181471824646,2025-04-16 02:21:59.051833,2025-04-16 02:22:21.016010,0 days 00:00:21.964177,0.4793358347928382,0.3771781772963757,16,0.03444170931513165,0.25770678958473403,0.0726201571791944,0.030164286969990708,0.0938462791421633,0.07586453940392796,0.01760192641094511,24,34,0.05880661375033186,0.1455505393535317,True,False,True,1.8102078521638475e-08,COMPLETE
1131,0.4083035707473755,2025-04-16 02:22:21.378811,2025-04-16 02:22:42.956062,0 days 00:00:21.577251,0.4240713451772668,0.4210941767580279,16,0.024486035048079842,0.2533084442016057,0.06733375506032802,0.013440215903963455,0.09020285303220239,0.0666529471761366,0.009847890788556782,22,37,0.06739767822607795,0.16208192305329924,True,False,True,0.00015870683669039462,COMPLETE
1132,0.1888286888599396,2025-04-16 02:22:43.318988,2025-04-16 02:23:05.619983,0 days 00:00:22.300995,0.4627453267082733,0.36438012574677897,16,0.03026875780524577,0.0016785659027515332,0.014410679610243548,0.02439312731607822,0.09591429344912923,0.06734407351641644,0.020620237060359006,21,27,0.0626472575840258,0.15333952174696394,True,False,False,0.0002924182581474589,COMPLETE
1133,0.3374922037124634,2025-04-16 02:23:05.982632,2025-04-16 02:23:27.741074,0 days 00:00:21.758442,0.49369204454692633,0.37631663074418426,16,0.040169132958453736,0.05501600028146676,0.07554187497233515,0.017645196776268465,0.08776718061690221,0.07026913129678083,0.025281418717792218,23,32,0.0653248546394717,0.14419556890958551,True,False,True,0.00025347194961519395,COMPLETE
1134,0.33268330693244935,2025-04-16 02:23:28.104689,2025-04-16 02:23:49.957066,0 days 00:00:21.852377,0.4428074830712732,0.35130257211510013,16,0.03629569263093166,0.07715053004452233,0.06896613933993714,0.01946033954897469,0.0931198451588253,0.06878269668276142,0.015004171275243589,23,36,0.05779411432471357,0.16607469263744118,True,False,True,0.00033587281006152564,COMPLETE
1135,0.1888286888599396,2025-04-16 02:23:50.324713,2025-04-16 02:24:12.705134,0 days 00:00:22.380421,0.4181299217971009,0.39891617052005074,16,0.04858664476385176,0.19008864622749103,0.07158228372386444,0.015528295026892116,0.09815350204935962,0.06592964759914165,0.030103658236290555,25,30,0.06115600250479912,0.1558007795496827,True,True,True,0.00019364329774546217,COMPLETE
1136,0.41547176837921146,2025-04-16 02:24:13.070707,2025-04-16 02:24:35.419258,0 days 00:00:22.348551,0.40238104457751217,0.3822775145332566,16,0.028613809570275223,0.26060563877946474,0.0736103333141151,0.012154413114424719,0.09173987538693464,0.0739945911505176,0.007750592071838779,23,40,0.059646602903149826,0.150027372653596,True,False,True,0.00015081244396542836,COMPLETE
1137,0.3286487579345703,2025-04-16 02:24:35.785324,2025-04-16 02:24:57.620673,0 days 00:00:21.835349,0.41059101489368616,0.3888121851075373,16,0.020813432058146477,0.2591326926239428,0.07794035359032098,0.0112912979025082,0.09446038972527317,0.07274924858685018,0.007926313710283961,22,40,0.059394801236247304,0.14604020911678078,True,False,True,0.00014596073500341001,COMPLETE
1138,0.2786073923110962,2025-04-16 02:24:57.988420,2025-04-16 02:26:15.898830,0 days 00:01:17.910410,0.39741491963463976,0.4262334316893388,2,0.023980405407457918,0.13592967019542854,0.07608044937038776,0.012545980932519525,0.09996915619631254,0.07291751311672104,0.0075839816093776396,23,41,0.058607700910446155,0.14901103737914473,True,False,True,0.0001449987844906311,COMPLETE
