number,value,datetime_start,datetime_complete,duration,params_alpha-eval,params_alpha-train,params_batch-size,params_eps-eval,params_eps-train,params_lambda-actions-eval,params_lambda-actions-train,params_lambda-frames-eval,params_lambda-frames-train,params_learning-rate,params_n-epochs,params_n-frames,params_radius-gw,params_rho,params_std-feats,params_ub-actions,params_ub-frames,params_weight-decay,state
170,0.19588863253593447,2025-04-13 20:41:19.969797,2025-04-13 20:42:50.383068,0 days 00:01:30.413271,0.844154457666479,0.04168996879250716,2,0.21745445017645493,0.059909631274253215,0.062139856930167894,0.04268489734085542,0.0348962962374779,0.06454132058056289,1.5810585052208586e-05,28,20,0.05050120185086131,0.25150598510960276,True,False,True,4.763761489691757e-08,COMPLETE
171,0.3947063684463501,2025-04-13 20:42:50.436904,2025-04-13 20:44:17.900643,0 days 00:01:27.463739,0.8627537503087419,0.16843249080419806,2,0.05801021427229082,0.04731245304614364,0.0097822863680324,0.0800742956663448,0.040421021852450584,0.05596089430185918,3.8439310479595175e-05,27,26,0.046346194567791724,0.2147613345050261,True,False,True,4.283757506825669e-07,COMPLETE
172,0.3804764747619629,2025-04-13 20:44:17.964651,2025-04-13 20:45:47.259838,0 days 00:01:29.295187,0.892185515596362,0.16302398860113101,2,0.05894790370179326,0.04654139825943905,0.008938903317195459,0.03554268384253715,0.03225262935870983,0.05504991608250537,3.9151396543101644e-05,27,23,0.04677969272660572,0.21501250851048542,True,False,True,4.4888742314755093e-07,COMPLETE
173,0.3213858723640442,2025-04-13 20:45:47.315020,2025-04-13 20:47:12.648831,0 days 00:01:25.333811,0.8664172168708857,0.17863022569012907,2,0.05347973032793973,0.02750521960170985,0.005394805419705433,0.07966960003276735,0.03907280433172789,0.028015105791953272,5.6463179928279156e-05,26,28,0.04164696417915196,0.22632194895507468,True,False,True,3.448760341532048e-07,COMPLETE
174,0.40933704376220703,2025-04-13 20:47:12.704112,2025-04-13 20:48:43.475979,0 days 00:01:30.771867,0.818150811468556,0.15015916801965626,2,0.06980564715471252,0.05253209684460861,0.016149634286166527,0.0823806641448888,0.03722807955373702,0.05937023332412471,2.323786756725263e-05,28,32,0.05252010652386954,0.21135186819393326,True,False,True,2.584645583475077e-07,COMPLETE
175,0.3975043535232544,2025-04-13 20:48:43.531683,2025-04-13 20:50:16.288769,0 days 00:01:32.757086,0.8181970217414158,0.1373213634135236,2,0.07106190560117223,0.03919597796074372,0.01057808569125064,0.0553340332989773,0.03704555340633466,0.05890458631972387,2.1936690190634975e-05,28,33,0.04844000050210484,0.2099775769378637,True,False,True,2.7141048442149045e-07,COMPLETE
176,0.35775408744812015,2025-04-13 20:50:16.344432,2025-04-13 20:51:49.592151,0 days 00:01:33.247719,0.7944322393272572,0.10900737548683356,2,0.0798876471891415,0.05249215353630521,0.010631559587481148,0.08296579347916272,0.03710949584808998,0.05860137514562341,3.508516047505781e-05,29,39,0.04463400986394182,0.21052610205499236,True,False,True,2.4417579201511153e-07,COMPLETE
177,0.3984628915786743,2025-04-13 20:51:49.648116,2025-04-13 20:53:20.426854,0 days 00:01:30.778738,0.8228803889268236,0.14078859126021798,2,0.06837816716890471,0.043518937534498134,0.00730209804378999,0.05674782839275114,0.029515144723643787,0.060136193154879794,2.0572658457184724e-05,28,33,0.0522682620318394,0.20047758295039536,True,False,True,1.845133851926321e-07,COMPLETE
178,0.3462846636772156,2025-04-13 20:53:20.485493,2025-04-13 20:54:54.136868,0 days 00:01:33.651375,0.7691336386111987,0.08585273676156868,2,0.07167977618674694,0.043305787665660046,0.002475335853976153,0.05521191505425718,0.035661649823490155,0.06213132195441637,2.178843878281125e-05,29,33,0.053558080771703716,0.1990227780591202,True,False,True,2.87384859458669e-07,COMPLETE
179,0.29749717712402346,2025-04-13 20:54:54.194194,2025-04-13 20:56:25.550624,0 days 00:01:31.356430,0.8323178142062051,0.1323552888730284,2,0.06598757563904231,0.048153627537179236,0.007794606343611458,0.05697398491232829,0.02973174201200343,0.059383981433664405,1.8747029706411652e-05,28,38,0.051947831079911085,0.18652173656623597,True,True,False,2.2281434849240896e-07,COMPLETE
180,0.32998229265213014,2025-04-13 20:56:25.607716,2025-04-13 20:57:56.074973,0 days 00:01:30.467257,0.8076963058829967,0.11481162453884285,2,0.08618098274744265,0.0203090142783239,0.012186271758517893,0.07625229056497548,0.034265884392558996,0.060858645719023656,1.5726657987846075e-05,28,42,0.057303856892503634,0.20191068099100187,False,False,True,4.683592167288007e-07,COMPLETE
181,0.2885638415813446,2025-04-13 20:57:56.142800,2025-04-13 20:59:25.487139,0 days 00:01:29.344339,0.823322584562269,0.15089664466602787,2,0.05945979586412319,0.05557143019841023,0.006385404896942945,0.08736804936921712,0.031149522132681007,0.05727060471968111,0.001033207178993851,27,33,0.04893872991727885,0.20780422059900613,True,False,True,1.8705259711328366e-07,COMPLETE
182,0.37888889312744145,2025-04-13 20:59:25.545574,2025-04-13 21:00:56.718069,0 days 00:01:31.172495,0.8543481872449455,0.1404521628371763,2,0.07230069782834479,0.041310672667608746,0.010066885263080132,0.06145410258419377,0.04033750820513704,0.06330749408710484,2.2120943917349294e-05,28,31,0.04626439316035217,0.1913223964901201,True,False,True,1.6430159143907343e-07,COMPLETE
183,0.40708647966384887,2025-04-13 21:00:56.778130,2025-04-13 21:02:30.172104,0 days 00:01:33.393974,0.9110374185475333,0.2023605261015288,2,0.04160990703492139,0.06243265859373971,0.016714005845371232,0.08136352684995539,0.032928947838290465,0.05670574506995525,2.8749076196204476e-05,29,29,0.05039587701501073,0.21722321806020736,True,False,True,1.3479146566814202e-07,COMPLETE
184,0.4077635407447815,2025-04-13 21:02:30.230710,2025-04-13 21:04:04.104621,0 days 00:01:33.873911,0.9197580735695864,0.20316740900298869,2,0.03921875595776064,0.052878448927912665,0.01662241396270379,0.08189611252495785,0.0376711430020381,0.05936404331192389,2.80025090858033e-05,29,30,0.05127671887539599,0.2125321613920269,True,False,True,1.1800419485108057e-07,COMPLETE
185,0.3875714182853699,2025-04-13 21:04:04.164566,2025-04-13 21:05:37.346834,0 days 00:01:33.182268,0.9408156114435772,0.24898537255979425,2,0.036586772846299416,0.05963570068046961,0.017163527602323526,0.08200254646249051,0.037718530250349526,0.08174706790637362,4.4353068610048626e-05,29,34,0.054418455696059714,0.20384347777634282,True,False,True,1.3500593945871572e-07,COMPLETE
186,0.41470602750778196,2025-04-13 21:05:37.405415,2025-04-13 21:07:15.491407,0 days 00:01:38.085992,0.8946783290557704,0.20201483120232516,2,0.04150459698753496,0.051321596297473175,0.015603761923276062,0.08423374286043347,0.03385558374700857,0.06003863758899187,2.3574207076167498e-05,30,30,0.05132305616367913,0.17945213326233625,True,False,True,9.696188248717686e-08,COMPLETE
187,0.35634330511093143,2025-04-13 21:07:15.551031,2025-04-13 21:07:49.524569,0 days 00:00:33.973538,0.9212733828941845,0.2262829217102061,8,0.04074306447471276,0.054779034637944035,0.014322644073910968,0.08421726459657582,0.028990529758547004,0.059252125007030955,1.183393110364865e-05,30,36,0.09906130608558253,0.19527314700437876,True,False,True,9.593153233637969e-08,COMPLETE
188,0.35375397801399233,2025-04-13 21:07:49.585173,2025-04-13 21:09:25.462395,0 days 00:01:35.877222,0.8943547589377547,0.20379977003875932,2,0.0326553075014931,0.050568697314296585,0.016294233241186597,0.08948504512427306,0.033818470994676275,0.0660533642767186,1.7458842595685232e-05,30,31,0.051241894245195034,0.18622199646636287,True,False,True,1.1626385496292553e-07,COMPLETE
189,0.3994533658027649,2025-04-13 21:09:25.522300,2025-04-13 21:11:00.000229,0 days 00:01:34.477929,0.9515080618768917,0.20177719339613104,2,0.023318624990398572,0.03118692492483328,0.018742166808249788,0.08607021241506585,0.036117758622724094,0.0624282837852859,2.0883011183339655e-05,29,29,0.0535829134352802,0.20871276496525978,True,False,True,1.421657616644072e-07,COMPLETE
190,0.29229352474212644,2025-04-13 21:11:00.071267,2025-04-13 21:12:33.622851,0 days 00:01:33.551584,0.4479034903479107,0.26980871845785487,2,0.0013503019822287549,0.03267637435555419,0.019405008873586403,0.08698634380273294,0.03690380203520116,0.062666630410505,2.0553340393689013e-05,29,29,0.05302658887635306,0.18115519382556866,True,False,True,1.2165567208899634e-07,COMPLETE
191,0.4085441708564759,2025-04-13 21:12:33.683956,2025-04-13 21:14:09.722646,0 days 00:01:36.038690,0.9558829775511134,0.20090256470898535,2,0.021245113681890734,0.02728265516312847,0.01781974010573085,0.08465347654022198,0.03581508231870726,0.060713248305196796,2.338041636552884e-05,30,30,0.05494561785289093,0.20856941006105906,True,False,True,8.531066539754057e-08,COMPLETE
192,0.39683349132537843,2025-04-13 21:14:09.783328,2025-04-13 21:15:46.232072,0 days 00:01:36.448744,0.9559499204675795,0.21284612524884,2,0.0191690794414717,0.03274303537444899,0.0227811091911773,0.08621260302443835,0.03560172359082734,0.060585155659950936,2.3670048360155685e-05,30,29,0.05538709688716536,0.2101874719167149,True,False,True,9.473880461322742e-08,COMPLETE
193,0.30415268540382384,2025-04-13 21:15:46.293379,2025-04-13 21:17:22.438448,0 days 00:01:36.145069,0.9613569895807791,0.23000568292543866,2,0.007112446419413653,0.024493493770087336,0.02222692785810832,0.08216710840175584,0.035533352193160325,0.060653197883663405,2.4137933659373172e-05,30,30,0.0556240652116923,0.2002061876888974,True,False,True,8.945391233823087e-08,COMPLETE
194,0.3970651984214783,2025-04-13 21:17:22.500046,2025-04-13 21:19:00.063771,0 days 00:01:37.563725,0.954656965952802,0.21127352219333567,2,0.017100366806988784,0.02948525389759249,0.01856716620958965,0.08567058119808466,0.033044276850351675,0.0646778706603125,1.6226383072683102e-05,30,32,0.0566670869625582,0.21046047728763745,True,False,True,0.0003417684944620392,COMPLETE
195,0.3656568765640259,2025-04-13 21:19:00.126210,2025-04-13 21:20:36.836369,0 days 00:01:36.710159,0.9518107466837986,0.20521630931248616,2,0.014536731404850388,0.02977616355586537,0.02121216278590948,0.08534984992500891,0.03287369079867051,0.0649570947105682,1.3756457549236899e-05,30,32,0.05697832196604379,0.17413183083880038,True,False,True,0.00010082230162393265,COMPLETE
196,0.36075625419616697,2025-04-13 21:20:36.898983,2025-04-13 21:22:10.537983,0 days 00:01:33.639000,0.9441287277766129,0.2501505987475373,2,0.019817406927414884,0.03325576455436261,0.018753817788302346,0.08919077990718567,0.03481364519039833,0.06240117347789926,1.6364760766120142e-05,29,38,0.058930291549197655,0.2092181472927973,True,False,True,1.3149241549766605e-07,COMPLETE
197,0.36711423397064213,2025-04-13 21:22:10.600492,2025-04-13 21:23:44.003133,0 days 00:01:33.402641,0.9315234300756008,0.19521890989274038,2,0.021293209943601423,0.037198207336123904,0.015490981748955999,0.07785211586992244,0.03737756072136024,0.06907008803802102,2.005351503331105e-05,29,29,0.054358405287216714,0.1923199970032682,True,False,True,8.603114852275143e-08,COMPLETE
198,0.34315354824066163,2025-04-13 21:23:44.075406,2025-04-13 21:25:20.904506,0 days 00:01:36.829100,0.9827796389962892,0.2173367604383114,2,0.026098270325164943,0.04233759664194468,0.013556092311988004,0.08648160629618486,0.030210910559275665,0.06035669538301609,1.4240274340048125e-05,30,35,0.052272291239276715,0.20637498957714215,True,False,True,6.858928086646411e-06,COMPLETE
199,0.4024012684822083,2025-04-13 21:25:20.968077,2025-04-13 21:26:54.349172,0 days 00:01:33.381095,0.9585121013888082,0.23273503064169826,2,0.01475598651340266,0.025244102131282406,0.019973744834620964,0.08358444666211032,0.03280975353175569,0.06379411199420087,1.8240193486097968e-05,29,27,0.05630185167620934,0.21221403438501507,True,False,True,3.567610564720782e-05,COMPLETE
200,0.27971231341362,2025-04-13 21:26:54.412660,2025-04-13 21:28:29.506160,0 days 00:01:35.093500,0.9180645038727973,0.18796047240677216,2,0.007327652002419815,0.019532600876415302,0.016808352516486057,0.08349001491048945,0.03238725901207069,0.06692891565958042,1.0481106873851208e-05,29,32,0.060960413777909464,0.20010705477238144,True,False,True,2.3099200343401537e-05,COMPLETE
201,0.3662067294120789,2025-04-13 21:28:29.569615,2025-04-13 21:30:06.426819,0 days 00:01:36.857204,0.9651108535380828,0.2317527707978338,2,0.014158134841668033,0.16116659865097663,0.024851922410289804,0.08544851929263286,0.038147383697852054,0.06427380147577084,1.845010499132274e-05,30,26,0.055525777124271807,0.21194383883749301,True,False,True,0.0004402313556311732,COMPLETE
202,0.40221610069274905,2025-04-13 21:30:06.490318,2025-04-13 21:31:40.841872,0 days 00:01:34.351554,0.9521560228453387,0.20785252112116273,2,0.020151452252597336,0.02624791830996032,0.01943943483142653,0.08244613910567021,0.03360213537677111,0.05827227276575786,2.6190528926057285e-05,29,28,0.0572616948861725,0.20555302495367517,True,False,True,0.0005585369296713963,COMPLETE
203,0.40074255466461184,2025-04-13 21:31:40.906936,2025-04-13 21:33:14.349335,0 days 00:01:33.442399,0.9379919044013355,0.19063090516227216,2,0.02810320859838336,0.02488350836687442,0.0204726900554673,0.08151730865749628,0.026323360472023757,0.05824168729778017,2.70289161279021e-05,29,28,0.05797763151466212,0.20473146756068683,True,False,True,9.436530151409032e-06,COMPLETE
204,0.4047160744667053,2025-04-13 21:33:14.414864,2025-04-13 21:34:48.321055,0 days 00:01:33.906191,0.9294138912928912,0.18711307189371365,2,0.03112169650575411,0.02603601309978984,0.02013438932425257,0.07891886907982863,0.025645963912001742,0.05860419562459525,2.8376377523531002e-05,29,28,0.05846711384513024,0.1963350186546997,True,False,True,6.215825922447898e-05,COMPLETE
205,0.39737795591354375,2025-04-13 21:34:48.396212,2025-04-13 21:36:21.830816,0 days 00:01:33.434604,0.9377309748615109,0.1932201883115282,2,0.029038790055884712,0.02270977719229641,0.020452346709673587,0.07932786251090032,0.0251772884855516,0.057907904203810145,2.733729300221378e-05,29,27,0.05914566392080031,0.19510882933846893,True,False,True,5.4228140686143274e-05,COMPLETE
206,0.2994425117969513,2025-04-13 21:36:21.895735,2025-04-13 21:37:55.219844,0 days 00:01:33.324109,0.9109253470770603,0.6854521751424703,2,0.024008093846128842,0.015253760758168158,0.02017582539971535,0.0820328966926551,0.02272808188670083,0.057856365777859825,2.833420825799829e-05,29,24,0.06155490446705354,0.18892972964150598,True,False,True,1.6144733889909618e-05,COMPLETE
207,0.40453236103057866,2025-04-13 21:37:55.285944,2025-04-13 21:39:28.264856,0 days 00:01:32.978912,0.9237567227716739,0.18603837927133432,2,0.03359332788175565,0.018038476411953195,0.01554210412858812,0.07684402970966622,0.028876937746889146,0.062463037189233454,3.361097690109385e-05,29,28,0.05825726335131826,0.18223594694714706,True,False,True,3.656703890907174e-05,COMPLETE
208,0.39106872081756594,2025-04-13 21:39:28.330571,2025-04-13 21:41:02.185680,0 days 00:01:33.855109,0.9293646273038347,0.18407116274048285,2,0.03321674657147787,0.006211890271931263,0.015267486920621524,0.0771012730784496,0.025824839709575553,0.062302737143792315,3.3152983866669095e-05,29,28,0.05813771050365884,0.17958535602083234,True,False,True,3.3522693103685795e-05,COMPLETE
209,0.3267724812030792,2025-04-13 21:41:02.252668,2025-04-13 21:42:33.232316,0 days 00:01:30.979648,0.9718276183719061,0.22663758309215365,2,0.028964651902844182,0.016316671025550962,0.017473816600015596,0.07406586980344237,0.02704151637755613,0.060169380459172396,2.463516229363471e-05,28,29,0.05782119634503189,0.1971394333065432,True,False,True,3.20744254714538e-05,COMPLETE
210,0.3610410809516907,2025-04-13 21:42:33.298978,2025-04-13 21:44:07.365066,0 days 00:01:34.066088,0.9942563131216466,0.2550870622884427,2,0.023240457468070824,0.023652466816789296,0.019632402191956767,0.0810310578168171,0.028396725844923986,0.06284069417728633,3.327452171803783e-05,29,24,0.0616752431341851,0.15975536382561512,True,False,True,0.0001375439023360956,COMPLETE
211,0.4110764622688294,2025-04-13 21:44:07.430994,2025-04-13 21:45:37.972904,0 days 00:01:30.541910,0.9058084531511272,0.18858141932122294,2,0.039082877431798384,0.029283562091111912,0.013938928216309569,0.0792641540214049,0.030211793178774957,0.05796915844074197,2.6056002647590324e-05,28,23,0.0537502163930852,0.20470292973203763,True,False,True,1.801475052037531e-05,COMPLETE
212,0.3593139231204987,2025-04-13 21:45:38.040235,2025-04-13 21:47:09.775504,0 days 00:01:31.735269,0.8864034900835214,0.1835136302509422,2,0.03654371641056664,0.02639176544859894,0.013735146259983304,0.07743964331810733,0.020237639206533833,0.05832897995602022,3.003847643118513e-05,28,28,0.05405097780267992,0.20265896162966096,True,False,True,9.067935451474755e-06,COMPLETE
213,0.39618524312973025,2025-04-13 21:47:09.852263,2025-04-13 21:48:42.567640,0 days 00:01:32.715377,0.929133069256471,0.16563322172866865,2,0.03234742631165445,0.017979092949318223,0.01573874446899042,0.08321116335456721,0.029847821455836494,0.060837732218444664,2.682468420230728e-05,29,26,0.050726334923776116,0.18172139555315953,True,False,True,1.7108675137644825e-05,COMPLETE
214,0.4141610383987427,2025-04-13 21:48:42.635131,2025-04-13 21:50:12.563191,0 days 00:01:29.928060,0.9018368004007661,0.20915694351055036,2,0.0407677587586679,0.024424172123226773,0.017490482219956884,0.07555724296872379,0.027972527026226567,0.05951993225376151,3.798972748466675e-05,28,23,0.05365137729539999,0.19061707085111204,True,False,True,6.348997859979869e-05,COMPLETE
215,0.4019603967666626,2025-04-13 21:50:12.631162,2025-04-13 21:51:43.535374,0 days 00:01:30.904212,0.9048565994744996,0.20567449538884683,2,0.0424785602825232,0.022750749781122796,0.018172322777029376,0.07489917760398192,0.027622624985443725,0.057174164017965184,4.24215773133809e-05,28,23,0.05694889842832775,0.17093886313041637,True,False,True,4.601605578857814e-05,COMPLETE
216,0.4034136295318604,2025-04-13 21:51:43.603064,2025-04-13 21:53:17.060853,0 days 00:01:33.457789,0.8937569022828727,0.2088420759147949,2,0.038188074458063596,0.021197722250993308,0.017050065520518645,0.07567179633833919,0.02426500279117441,0.06307711820608267,5.095695480367314e-05,29,24,0.05924130499792026,0.17369514450035453,True,False,True,4.485644666585983e-05,COMPLETE
217,0.4055335402488709,2025-04-13 21:53:17.129757,2025-04-13 21:54:48.189673,0 days 00:01:31.059916,0.8942395695049189,0.2390559065177625,2,0.041781761368200415,0.014845060347843433,0.017434500644152952,0.07229828795320936,0.024065789652621163,0.056842353451951044,4.49224153696185e-05,28,24,0.05950373945412847,0.1530851709945958,True,False,True,7.041135884423226e-05,COMPLETE
218,0.42922494411468504,2025-04-13 21:54:48.258521,2025-04-13 21:56:20.072449,0 days 00:01:31.813928,0.9026578475356362,0.23253584457635437,2,0.04030045143419109,0.00841000975381772,0.016962451545199732,0.07187977604939595,0.02465975867984496,0.05742286476228556,5.050184748257485e-05,28,23,0.06315227411556641,0.16660582807855215,True,True,True,4.607461286698439e-05,COMPLETE
219,0.3972532749176026,2025-04-13 21:56:20.141640,2025-04-13 21:57:50.872697,0 days 00:01:30.731057,0.8996392934541905,0.2903928236949013,2,0.04178800833302293,0.001005872505589197,0.01636381560700706,0.07134360764571977,0.02354747633711281,0.056726582061705846,5.3709790171372686e-05,28,23,0.06393729044475871,0.16537649860120063,True,False,True,6.0333421131423414e-05,COMPLETE
220,0.3337201833724976,2025-04-13 21:57:50.951649,2025-04-13 21:59:22.689969,0 days 00:01:31.738320,0.8843114900208245,0.24104494023964115,2,0.03956759051664926,0.019042095008717314,0.013805647727450153,0.07459963956759498,0.0204125320382353,0.06425562235920707,4.75729313231622e-05,28,22,0.0629189997653205,0.17157715402650603,False,True,True,7.930520948741446e-05,COMPLETE
221,0.4274041414260864,2025-04-13 21:59:22.759849,2025-04-13 22:00:57.574910,0 days 00:01:34.815061,0.9199097138344742,0.22048432028630455,2,0.03358472493099311,0.009080527368761367,0.022227911300355497,0.07223867133331077,0.024748061662160814,0.057792610582845676,4.01907899366005e-05,29,25,0.0662442819220181,0.17502207178039153,True,True,True,4.4645185300468915e-05,COMPLETE
222,0.4131473422050476,2025-04-13 22:00:57.645127,2025-04-13 22:02:29.540906,0 days 00:01:31.895779,0.9188770287350849,0.2682878456842331,2,0.03560386723041792,0.0064721395693334675,0.01821925271965802,0.06833468209468418,0.022796729974660375,0.05679202024745737,4.3715471003547705e-05,28,24,0.06591274378078321,0.17573245650740857,True,True,True,4.294121788399667e-05,COMPLETE
223,0.2896724224090576,2025-04-13 22:02:29.610587,2025-04-13 22:04:03.441630,0 days 00:01:33.831043,0.9196355066988099,0.2654216065923905,2,0.035145460564921405,0.00985998249671116,0.022699827846819978,0.06770256795046799,0.01736156162218666,0.06163561887300139,6.405814612097696e-05,29,18,0.0693460547121516,0.15237127488155833,True,True,False,4.2210030096676105e-05,COMPLETE
224,0.4097993493080139,2025-04-13 22:04:03.512942,2025-04-13 22:05:35.800083,0 days 00:01:32.287141,0.8873988734587753,0.23703463681671194,2,0.036339746131862936,0.005924454814229768,0.017192279830457034,0.07036983067330854,0.022459787144367017,0.053913284676181006,3.95898039713138e-05,28,25,0.06766842451884701,0.13949806529355951,True,True,True,7.38202163677104e-05,COMPLETE
225,0.27067419290542605,2025-04-13 22:05:35.871001,2025-04-13 22:07:04.630959,0 days 00:01:28.759958,0.8823805065770816,0.23370887111696037,2,0.03308058026766563,0.00031193175642928346,0.016775494809275912,0.0696340642813001,0.022321034418068743,0.05400313922491992,4.876366401923776e-05,27,25,0.06665593839570243,0.13709686077683345,True,True,True,6.808849794457532e-05,COMPLETE
226,0.36568976640701295,2025-04-13 22:07:04.702200,2025-04-13 22:08:37.776679,0 days 00:01:33.074479,0.9103036875908782,0.24484612809544243,2,0.045066325519729444,0.010622053067290622,0.014594151464403926,0.0725641693298877,0.02382079067593666,0.056293932869883816,3.906449476089774e-05,28,20,0.06641911202788316,0.1752618003929675,True,True,True,3.781629492609212e-05,COMPLETE
