number,value,datetime_start,datetime_complete,duration,params_alpha-eval,params_alpha-train,params_batch-size,params_eps-eval,params_eps-train,params_lambda-actions-eval,params_lambda-actions-train,params_lambda-frames-eval,params_lambda-frames-train,params_learning-rate,params_n-epochs,params_n-frames,params_radius-gw,params_rho,params_std-feats,params_ub-actions,params_ub-frames,params_weight-decay,state
455,0.39562352895736697,2025-04-14 01:33:12.374153,2025-04-14 01:33:35.367339,0 days 00:00:22.993186,0.9789666570105658,0.2942949161778114,8,0.010761458116198226,0.1032840421588818,0.07244358394855838,0.09472903411821312,0.08998442539138145,0.09947778893187761,0.0044870308966924845,14,27,0.07588967672317821,0.11179441425844751,True,True,True,0.0002444482489663157,COMPLETE
456,0.44598897695541384,2025-04-14 01:33:35.509330,2025-04-14 01:33:57.842891,0 days 00:00:22.333561,0.9773947197382973,0.2990144190592765,8,0.0010394403031185988,0.08156808627490794,0.07942623559094937,0.09597072085448381,0.08663543807242288,0.0938351675803791,0.003796896998427459,13,26,0.07945032502380067,0.10506113941997812,True,True,True,0.00017826368671541206,COMPLETE
457,0.4415081739425659,2025-04-14 01:33:57.995927,2025-04-14 01:34:20.074248,0 days 00:00:22.078321,0.9786390720415294,0.29251767785336047,8,0.010935398497069678,0.09676838635386034,0.07956738525591227,0.09675942799307474,0.09364377832656579,0.09442828479163937,0.0036470653109338864,13,26,0.07638636922830247,0.10438210289212659,True,True,True,0.00021551172776010483,COMPLETE
458,0.30848830938339233,2025-04-14 01:34:20.216213,2025-04-14 01:34:41.194339,0 days 00:00:20.978126,0.9740352819984051,0.3051364156864201,8,0.0017529765258229163,0.08020477445948866,0.07522190160283104,0.09831001794707697,0.09381558101849977,0.09410745579465096,0.007172426318234901,12,26,0.07914836078964109,0.0953561601048349,True,True,False,0.00020652261940844668,COMPLETE
459,0.3469181418418884,2025-04-14 01:34:41.338024,2025-04-14 01:35:05.281983,0 days 00:00:23.943959,0.9988603091129601,0.3309098178763383,8,0.007185297676254004,0.08275452614836724,0.07926293626270696,0.09626361263663298,0.09534625765698845,0.09558344402464428,0.0036482795735830473,16,26,0.0787294458749724,0.10431587124925469,False,True,True,0.00033873859675334633,COMPLETE
460,0.4324888586997986,2025-04-14 01:35:05.436288,2025-04-14 01:35:27.487876,0 days 00:00:22.051588,0.9766226234861227,0.3086545866117886,8,0.011825319455432514,0.07253630664234703,0.06929561059923137,0.09357156921891248,0.091842578291228,0.093752096648542,0.0051448381307718696,13,26,0.07624132713016568,0.11606220209772124,True,True,True,0.0001933946835603769,COMPLETE
461,0.4344853162765503,2025-04-14 01:35:27.631671,2025-04-14 01:35:50.820518,0 days 00:00:23.188847,0.9786423121225665,0.29207947290705766,8,0.0004957536479145317,0.07280292034527669,0.07666537413801858,0.09622180243749746,0.08673589143993404,0.09680665604950524,0.0036939984202546024,15,28,0.08049253435598512,0.10614448023931994,True,True,True,1.0372001433885644e-05,COMPLETE
462,0.42962446212768557,2025-04-14 01:35:50.965335,2025-04-14 01:36:13.006413,0 days 00:00:22.041078,0.9785485552478157,0.2938115652977056,8,0.00037064876975464404,0.07852136644185063,0.07686517428165951,0.09908455280965281,0.08842330654098975,0.09679889523525244,0.0036855036812865173,13,28,0.0805635217411768,0.10634045415151698,True,True,True,1.0164853041548341e-05,COMPLETE
463,0.407184648513794,2025-04-14 01:36:13.161516,2025-04-14 01:36:36.629012,0 days 00:00:23.467496,0.9974333321504525,0.28655666784105793,8,0.0003800769822118273,0.07241428625487306,0.07475011641441248,0.09660224796479379,0.08465910517338182,0.09595217163657115,0.006225570662609186,15,25,0.07802317033016437,0.099674170323018,True,True,True,9.700109702498962e-06,COMPLETE
464,0.40774636268615727,2025-04-14 01:36:36.773537,2025-04-14 01:36:58.784931,0 days 00:00:22.011394,0.9754653404169846,0.32420516765651863,8,0.0072775649806022125,0.09600196573581277,0.07905146330553849,0.09310525663086128,0.099472126695463,0.09766679477116516,0.004776173623243642,13,29,0.08016015267120366,0.08256470225458329,True,True,True,7.805162568606994e-06,COMPLETE
465,0.42124761343002326,2025-04-14 01:36:58.951370,2025-04-14 01:37:23.688015,0 days 00:00:24.736645,0.9982540050585378,0.29671484251116265,8,0.012582788063943433,0.08280758104503427,0.07645622199412307,0.09252947911486288,0.09624449035599775,0.09988611902317138,0.009329099462912658,17,25,0.07552981299819707,0.09121970213452452,True,True,True,1.0432887128741712e-05,COMPLETE
466,0.3365458965301514,2025-04-14 01:37:23.834408,2025-04-14 01:37:49.335738,0 days 00:00:25.501330,0.9745404421489098,0.3338974721091755,8,0.007450926390396286,0.0920037227009087,0.07156972941873205,0.09032095409511079,0.09345420430504701,0.09338349736618975,0.002620444603061715,16,79,0.08078834871601047,0.12053337017285022,True,True,True,0.0002561736120082441,COMPLETE
467,0.43443650007247925,2025-04-14 01:37:49.483695,2025-04-14 01:38:12.919981,0 days 00:00:23.436286,0.9780735950006256,0.3147680121899833,8,0.006372770788880882,0.07653504613145759,0.07997246779859776,0.0973340083253908,0.08044623303180372,0.09526542227569211,0.0034031687678363694,15,28,0.07745631025247487,0.1052864919636076,True,True,True,0.0003967321997494484,COMPLETE
468,0.4458538413047791,2025-04-14 01:38:13.077770,2025-04-14 01:38:37.457287,0 days 00:00:24.379517,0.998673409236275,0.2894011269283449,8,0.00557247718119319,0.06813999441975203,0.07988946123512239,0.09986098814635912,0.08205306565667125,0.09509002370236515,0.0033572321620985415,16,29,0.07793341431775572,0.10008090595285447,True,True,True,0.00042936552444223364,COMPLETE
469,0.4352704763412476,2025-04-14 01:38:37.603622,2025-04-14 01:39:00.514223,0 days 00:00:22.910601,0.9681958869115178,0.2871028853672495,8,0.0002778934494360036,0.06867494166871194,0.07842986296462325,0.09783276540801071,0.08397937366871033,0.09315207175143526,0.003327753716915444,14,28,0.07882365253899165,0.09696736465703157,True,True,True,0.00048299383071813054,COMPLETE
470,0.438540256023407,2025-04-14 01:39:00.662408,2025-04-14 01:39:23.377548,0 days 00:00:22.715140,0.9718516889304654,0.2941829522059095,8,0.00012765925328990404,0.06895420209430285,0.07781731541840714,0.0991342071327961,0.08612027385065596,0.0926756137816523,0.0038483634023138953,14,26,0.07920085052880832,0.09695357158485629,True,True,True,0.0006666618569492546,COMPLETE
471,0.430515992641449,2025-04-14 01:39:23.536509,2025-04-14 01:39:46.278092,0 days 00:00:22.741583,0.9672820115953804,0.28530579708362575,8,0.014181046241965364,0.06924240948222297,0.0782293735808945,0.09939886666586267,0.08454428779714893,0.09301633596428671,0.0028969915405482683,14,25,0.07887839240126196,0.09468564737120003,True,True,True,0.0006164988541883736,COMPLETE
472,0.406612765789032,2025-04-14 01:39:46.426392,2025-04-14 01:40:08.500845,0 days 00:00:22.074453,0.9994858487599256,0.30338974557518394,8,0.012917909296985523,0.10912909792410105,0.07456925018911312,0.09934280532823529,0.09504314875955712,0.09267022800712248,0.004844669420465271,13,25,0.07560669941855885,0.09722334246186899,True,True,True,0.000829478311088118,COMPLETE
473,0.4341035008430481,2025-04-14 01:40:08.648682,2025-04-14 01:40:29.858458,0 days 00:00:21.209776,0.9670770427141722,0.286549627612047,8,0.004352703322724761,0.06699639760190172,0.07998883266664426,0.09472300790882392,0.09998150353677251,0.09536857237675775,0.0038599445142327967,12,29,0.07881633512296186,0.08824198335855157,True,True,True,0.0005442925494475232,COMPLETE
474,0.41092119216918943,2025-04-14 01:40:30.017623,2025-04-14 01:40:52.953345,0 days 00:00:22.935722,0.9991833168815023,0.3340693369089011,8,0.013675368184204489,0.06803035676507664,0.07825747132935633,0.09774573330476187,0.09016778126435566,0.09805888311573685,0.002442557090895588,14,25,0.07526970771669717,0.09946426401433033,True,True,True,0.0006092529230032152,COMPLETE
475,0.4449866890907288,2025-04-14 01:40:53.102898,2025-04-14 01:41:14.304640,0 days 00:00:21.201742,0.967108970785792,0.3128808490688031,8,0.0011842667517830312,0.07635558077797218,0.07619106599591882,0.09976947084091341,0.09239254308058119,0.09992168740176549,0.0033398556564531666,12,29,0.07738061736400843,0.11768989105197121,True,True,True,0.0003951239132203086,COMPLETE
476,0.41981770992279055,2025-04-14 01:41:14.467501,2025-04-14 01:41:39.506744,0 days 00:00:25.039243,0.9813716793758803,0.3099027424871755,8,0.009173418961953771,0.0771988350165729,0.07624585054210561,0.09399761701945276,0.09588907827335033,0.09950955538279217,0.00417794768521493,17,25,0.0771452170646706,0.11539487769163094,True,True,True,0.00018688895829028202,COMPLETE
477,0.4722886204719544,2025-04-14 01:41:39.655423,2025-04-14 01:42:03.743943,0 days 00:00:24.088520,0.9701728836699975,0.3282832869944313,8,0.00042631073280066726,0.08871232674691105,0.07422047150961514,0.09524458247269603,0.09249435967155241,0.09103083661375776,0.0050417080207945855,16,30,0.08052755763695152,0.11724581753411897,True,True,True,0.00031908981399879826,COMPLETE
478,0.27511463165283206,2025-04-14 01:42:03.894853,2025-04-14 01:42:24.176020,0 days 00:00:20.281167,0.9665661000439181,0.3385350982284876,8,0.011688296618409618,0.0863587093914696,0.07390802679363075,0.09571723876194024,0.09239722766375262,0.09076944057627885,0.005386674142109137,11,31,0.0810249200686013,0.11270571005166256,False,True,False,0.0003928497485823415,COMPLETE
479,0.4565973520278931,2025-04-14 01:42:24.338284,2025-04-14 01:42:48.523025,0 days 00:00:24.184741,0.9650052266751816,0.30579113421121457,8,0.006234626361072662,0.0894632483514356,0.07760944986226763,0.09204762702844618,0.09112924566793086,0.09994050673620744,0.00504997392968128,16,32,0.07965770853820522,0.12414126740202583,True,True,True,0.00032095384327491004,COMPLETE
480,0.43757773637771613,2025-04-14 01:42:48.673066,2025-04-14 01:43:14.258328,0 days 00:00:25.585262,0.964134055272061,0.3034219195114211,8,0.006781228037125907,0.08913100469513952,0.08030638191561697,0.09178579836109177,0.08867953807534486,0.09713712272378049,0.002578893795259443,16,85,0.08073033525565834,0.12250791246942487,True,True,True,0.00032665263134736114,COMPLETE
481,0.46170269250869755,2025-04-14 01:43:14.410576,2025-04-14 01:43:39.674341,0 days 00:00:25.263765,0.9776545618286346,0.27958389130287736,8,0.015254266939593926,0.09637952213235347,0.07081068769577492,0.09960969825608627,0.09050221885397554,0.09439639791386802,0.0053890876884686795,17,32,0.0816073608285346,0.11882341247077918,True,True,True,0.0002789702885038744,COMPLETE
482,0.45402778387069703,2025-04-14 01:43:39.841702,2025-04-14 01:44:04.338661,0 days 00:00:24.496959,0.9664802162830493,0.2865774245928377,8,0.01460369897879894,0.090369314832401,0.08007419460896721,0.09946933378313964,0.09099727212849987,0.09061978251259223,0.007334479264702115,16,32,0.08123269314619082,0.11893258890428221,True,True,True,0.0003109723458862099,COMPLETE
483,0.45144571065902717,2025-04-14 01:44:04.490668,2025-04-14 01:44:28.735898,0 days 00:00:24.245230,0.9636475405049396,0.2763359215579858,8,0.015912317593108332,0.09765795856008233,0.07816198504937875,0.09946515019435347,0.09051433733232084,0.09051483577316037,0.0076526373916551375,16,33,0.08086484879061845,0.125307406835818,True,True,True,0.0002700412315208566,COMPLETE
484,0.4203846216201782,2025-04-14 01:44:28.899635,2025-04-14 01:44:50.608249,0 days 00:00:21.708614,0.9650680602413482,0.2752708162756592,8,0.015397974777371266,0.09615693448482818,0.07974907003414426,0.09997210629972504,0.09008642301544476,0.09021420946803826,0.006930114011172595,12,36,0.08157862528501726,0.11746647184177501,True,True,True,0.00030697208760438623,COMPLETE
485,0.4488496899604798,2025-04-14 01:44:50.763515,2025-04-14 01:45:15.028499,0 days 00:00:24.264984,0.9608730132090993,0.27717304535898435,8,0.014720381564726987,0.09838462366301573,0.07494688264918019,0.0969289817646344,0.091387579312304,0.09099483594895134,0.010234077084910725,16,33,0.0816978749235485,0.12432349602755685,True,True,True,0.00026679522271985505,COMPLETE
486,0.3787503004074097,2025-04-14 01:45:15.180737,2025-04-14 01:45:39.548981,0 days 00:00:24.368244,0.9615627945228595,0.2767390811817246,8,0.01543023502161666,0.10205593820588905,0.07025104646565009,0.09696222284426773,0.0913076595172809,0.09043033120297728,0.012349775978082981,16,37,0.08119927059443306,0.12418019475604551,True,True,True,0.00028377429048247405,COMPLETE
487,0.45825475454330444,2025-04-14 01:45:39.714022,2025-04-14 01:46:04.962547,0 days 00:00:25.248525,0.9630725236614354,0.28621409051719965,8,0.016383984316715415,0.09540777668776043,0.07534310248185741,0.09458881679346726,0.09366561047238611,0.09446134672977882,0.008826551393422928,17,33,0.08191390965073901,0.11933592505771011,True,True,True,0.0004351177749655069,COMPLETE
488,0.43693284988403325,2025-04-14 01:46:05.115100,2025-04-14 01:46:29.493695,0 days 00:00:24.378595,0.9670474655568589,0.2795505434592208,8,0.01492950799515663,0.10887048361990273,0.07396884054885665,0.09471617088000855,0.09402296563059002,0.09500340860987933,0.01062486088039575,16,34,0.07611417841773978,0.12605698417401034,True,True,True,0.00039847687207734343,COMPLETE
489,0.36514493227005007,2025-04-14 01:46:29.647987,2025-04-14 01:46:54.728074,0 days 00:00:25.080087,0.9579052587240025,0.2801193126992917,8,0.016278412296754037,0.1005839259162352,0.0743686852603549,0.09646953980969876,0.09109202276054446,0.09314410776120371,0.008617679316770103,17,38,0.07977015284438649,0.12101521018253195,True,True,True,0.0002248039716153152,COMPLETE
490,0.45524166822433476,2025-04-14 01:46:54.891767,2025-04-14 01:47:19.936311,0 days 00:00:25.044544,0.9798456653911015,0.2975912060251346,8,0.00520678967895442,0.09469362185843413,0.07549798880145721,0.09328304088112437,0.0928014546871289,0.09453437250928537,0.007707240732497213,17,33,0.08199136829427764,0.11269658102519588,True,True,True,0.0001548952802475537,COMPLETE
491,0.44543892145156866,2025-04-14 01:47:20.096756,2025-04-14 01:47:44.343872,0 days 00:00:24.247116,0.9816549996710773,0.2967531530217592,8,0.00578650187334792,0.09334225331013504,0.07097825382503348,0.0933126510493331,0.09269370324240131,0.09488184225281183,0.009193673703996097,16,33,0.08199734725521682,0.116712801598587,True,True,True,0.000174274259897699,COMPLETE
492,0.38670791387557985,2025-04-14 01:47:44.510545,2025-04-14 01:48:08.824935,0 days 00:00:24.314390,0.9774702584925844,0.281265974620211,8,0.006387916058267034,0.09548103253672793,0.07135883464050735,0.09285919262401526,0.08845455526461748,0.09996789153112709,0.00810536162276922,16,37,0.08194417421064674,0.11875407205422012,True,True,True,0.0001633105378002009,COMPLETE
493,0.42338497638702394,2025-04-14 01:48:08.978656,2025-04-14 01:48:34.085009,0 days 00:00:25.106353,0.9585954807263496,0.29853079767358964,8,0.011975460439327321,0.11462101902098812,0.07198839727723072,0.09433643864437309,0.09249593586875006,0.09414711650424452,0.011096589849818204,17,34,0.08202559374393191,0.12682727936091898,True,True,True,0.0002762094025747113,COMPLETE
494,0.4051753997802735,2025-04-14 01:48:34.238835,2025-04-14 01:48:58.715001,0 days 00:00:24.476166,0.979795690718021,0.27536914038726706,8,0.0058080878676371,0.09175992025753499,0.06892756301038332,0.09192583444431188,0.09454323334172149,0.09421047254004204,0.009187485877414697,16,40,0.07444974549048805,0.11161706839872364,True,True,True,0.00016607875636568298,COMPLETE
495,0.4590167045593262,2025-04-14 01:48:58.883481,2025-04-14 01:49:23.743397,0 days 00:00:24.859916,0.9572825942860183,0.2964820712959512,8,0.015156283096158758,0.09050667884395688,0.0670625722126818,0.09666277993567485,0.09058054173122614,0.0965572796998856,0.006934591289504751,17,33,0.07730720763925385,0.11817016484935305,True,True,True,0.0004319756874314321,COMPLETE
496,0.4448513507843018,2025-04-14 01:49:23.899678,2025-04-14 01:49:48.841709,0 days 00:00:24.942031,0.955762733890854,0.2931240058142287,8,0.014951183006007451,0.09338272244420587,0.07098113124610415,0.09764802945749762,0.09092897308702233,0.09273982671588572,0.007044742007930442,17,37,0.07655848267433298,0.11747590587233536,True,True,True,0.0004571011845178238,COMPLETE
497,0.4016889810562134,2025-04-14 01:49:48.997781,2025-04-14 01:50:14.114794,0 days 00:00:25.117013,0.9580629777899724,0.29236718388961475,8,0.013957244479733923,0.09235470619286953,0.06752834073548643,0.09772533979405366,0.08672236223790192,0.09158937869000691,0.006482834779370771,17,36,0.07703176628613145,0.11981522978242623,True,True,False,0.0004917507444463278,COMPLETE
498,0.370704460144043,2025-04-14 01:50:14.281393,2025-04-14 01:50:36.277576,0 days 00:00:21.996183,0.9564601884710875,0.27215480429009425,8,0.01693667874506538,0.10647997197926465,0.07158042994170691,0.09997988468093852,0.08976569075064665,0.09588720295256645,0.007747493520569994,13,39,0.0759489249484849,0.12682452007136025,False,True,True,0.0003568135077276722,COMPLETE
499,0.4371236324310303,2025-04-14 01:50:36.435256,2025-04-14 01:50:58.828408,0 days 00:00:22.393152,0.9575513059414851,0.2999525943092222,8,0.0003837074520069405,0.09832572127398059,0.07354467639241244,0.09555801377459876,0.09141751326910962,0.099969798676817,0.009841360607052282,13,34,0.07501359434366793,0.1165582624870668,True,True,True,0.0004509388018317356,COMPLETE
500,0.37887686491012573,2025-04-14 01:50:58.999764,2025-04-14 01:51:24.114181,0 days 00:00:25.114417,0.978340739606894,0.2712913922011376,8,0.012692271780193005,0.08712632882213632,0.07470831848245382,0.09641636699451207,0.09274662679814208,0.0924771495156704,0.01575171727742922,17,37,0.07742775699168865,0.11150819453819555,True,True,True,0.00029052460006300684,COMPLETE
501,0.4306065201759338,2025-04-14 01:51:24.272812,2025-04-14 01:51:49.241692,0 days 00:00:24.968880,0.9773565251127493,0.3023448159721453,8,0.01703917605540413,0.10282100115936396,0.07032833753640232,0.09266323507210593,0.0900915767001005,0.09777528887008853,0.0054976790552331315,17,33,0.07436535441940569,0.1285190487080679,True,True,True,0.00021175683963287078,COMPLETE
502,0.41699173450469973,2025-04-14 01:51:49.398582,2025-04-14 01:52:14.132130,0 days 00:00:24.733548,0.9564568537949356,0.2877622573213534,8,0.010500144348053093,0.09280970831025354,0.0696797524550022,0.09800320518738707,0.0947321551159278,0.09372736187462716,0.007041880469995653,16,34,0.07865309124643087,0.1191776184072576,True,True,True,0.0003360416057792302,COMPLETE
503,0.44081096649169926,2025-04-14 01:52:14.299863,2025-04-14 01:52:34.738326,0 days 00:00:20.438463,0.9800464073518571,0.3047641423585833,8,0.0003275210527943929,0.08810314565690427,0.07615175646762198,0.09380676490335929,0.08835415500166517,0.09570829714433454,0.005773496136507022,11,33,0.07725167356491884,0.11001036569606826,True,True,True,0.00043881162908493274,COMPLETE
504,0.4487159371376038,2025-04-14 01:52:34.896766,2025-04-14 01:52:58.495152,0 days 00:00:23.598386,0.9604560645982556,0.2696964546534861,8,0.00963922840496206,0.09517703998624519,0.07294675598063505,0.09034048607815856,0.09179679974776414,0.09182368251280484,0.00837484081502131,15,37,0.07968218817608963,0.11444103968621208,True,True,True,0.0002538017495128261,COMPLETE
505,0.35485745668411256,2025-04-14 01:52:58.666060,2025-04-14 01:53:22.360833,0 days 00:00:23.694773,0.9546961307418526,0.26751453529805186,8,0.01710020634924826,0.09719806882811266,0.06727475818983528,0.0973976331558767,0.09205060682762703,0.09149091309748002,0.012637594163671724,15,42,0.08166310327479136,0.12322360378364267,True,True,True,0.0002467403742890883,COMPLETE
506,0.37671828269958496,2025-04-14 01:53:22.521771,2025-04-14 01:53:47.899182,0 days 00:00:25.377411,0.9580715976378956,0.28018474935725174,8,0.005966914731078796,0.10451121958716925,0.0754804422218078,0.09532793497774644,0.08687094971587928,0.08963719790826419,0.00913695285564279,17,46,0.08233187424717013,0.11256404074922191,True,True,True,0.00013318443011950783,COMPLETE
507,0.4421647787094116,2025-04-14 01:53:48.060757,2025-04-14 01:54:12.755261,0 days 00:00:24.694504,0.9750757451860345,0.27410768520010026,8,0.011518180135328949,0.09253436967891815,0.06536985575037471,0.0985501915085384,0.09361752663173104,0.09351689920763052,0.007797041053814012,16,37,0.07926570203499332,0.11720754522649225,True,True,True,0.0001781355806812406,COMPLETE
508,0.423406982421875,2025-04-14 01:54:12.924739,2025-04-14 01:54:36.580844,0 days 00:00:23.656105,0.9544277111237555,0.2581265159444486,8,0.017979411338451864,0.09140233452407305,0.06901917898067629,0.09983435077294985,0.09058570139397956,0.09235577164646015,0.0069755716535523,15,38,0.07955943394268586,0.11831575425766291,True,True,True,0.0002986603438274424,COMPLETE
509,0.35944976806640627,2025-04-14 01:54:36.739664,2025-04-14 01:55:01.082894,0 days 00:00:24.343230,0.9717702150359849,0.2700326836230307,8,0.006325276722241218,0.08291218021162264,0.06464588909815891,0.09378785206806362,0.09524833894457525,0.089056057956176,0.007792526104200399,16,41,0.08239483653817638,0.13122705707382423,True,True,True,0.00018704042519693707,COMPLETE
510,0.4215034008026123,2025-04-14 01:55:01.256083,2025-04-14 01:55:25.539897,0 days 00:00:24.283814,0.9533179552156199,0.2812797668222575,8,0.012997708451133046,0.1138210829497941,0.06640694971190117,0.09017879492419638,0.09242506916703123,0.09315075357183271,0.010909970430475674,16,36,0.07946885296870797,0.12485760948280822,True,True,True,0.0003758368781443081,COMPLETE
511,0.4026014804840088,2025-04-14 01:55:25.699757,2025-04-14 01:55:50.425293,0 days 00:00:24.725536,0.9790540066571396,0.30435032073316,8,0.004970258317343867,0.0897058376046466,0.07129475248140194,0.09999584106176071,0.08967086848984182,0.0980057738159623,0.00841756470042433,16,43,0.08219737323087084,0.11713772927532529,True,True,True,0.00027606203434215893,COMPLETE
