number,value,datetime_start,datetime_complete,duration,params_alpha-eval,params_alpha-train,params_batch-size,params_eps-eval,params_eps-train,params_lambda-actions-eval,params_lambda-actions-train,params_lambda-frames-eval,params_lambda-frames-train,params_learning-rate,params_n-epochs,params_n-frames,params_radius-gw,params_rho,params_std-feats,params_ub-actions,params_ub-frames,params_weight-decay,state
1538,0.41762375831604004,2025-04-14 07:37:37.160651,2025-04-14 07:37:56.368681,0 days 00:00:19.208030,0.8758751409922574,0.24426614622302878,16,0.040764185076982595,0.08899334603243376,0.0733640317569306,0.09998884174867181,0.0978547136336886,0.0917004856802803,0.006202264999820998,17,38,0.07755111487598439,0.08433693320033156,True,False,True,0.0007590928387577006,COMPLETE
1539,0.3286297678947449,2025-04-14 07:37:56.858011,2025-04-14 07:38:17.548809,0 days 00:00:20.690798,0.9002312806055603,0.24021700257025452,16,0.040727950241136054,0.10763194293161461,0.0742836678486922,0.09852512460684362,0.0998890014494583,0.08936467568455012,0.00338302815975501,16,79,0.03972288948846665,0.08145524505836652,True,True,True,0.0005050192050460056,COMPLETE
1540,0.4281257867813111,2025-04-14 07:38:18.043295,2025-04-14 07:38:36.674804,0 days 00:00:18.631509,0.8923546429733473,0.2350578402432925,16,0.0457127437265929,0.103000604579355,0.07237764107764777,0.09836905006769646,0.09801479054712774,0.09059224373778511,0.007663087126781225,16,35,0.07316934398757619,0.07013957212060366,True,True,True,0.00041840117400951626,COMPLETE
1541,0.4235448122024536,2025-04-14 07:38:37.188519,2025-04-14 07:38:56.081902,0 days 00:00:18.893383,0.8965267141724645,0.25481830333768096,16,0.03644043490787961,0.10761073389660208,0.07464111626308655,0.09998127528895978,0.09694988221032,0.09254773361695971,0.009820405672914454,16,36,0.07484314888719873,0.08396197630510802,True,True,True,0.0005323970357362173,COMPLETE
1542,0.3403673887252808,2025-04-14 07:38:56.575249,2025-04-14 07:39:16.079647,0 days 00:00:19.504398,0.8701361683293588,0.22860442714853751,16,0.033293477956144533,0.08386681558167586,0.07226170895342823,0.09983492910378218,0.09956817653594904,0.09244291779054824,0.011744395036376436,17,44,0.0783821017035064,0.0888197044188908,True,True,True,0.00041119822225073945,COMPLETE
1543,0.37387670278549195,2025-04-14 07:39:16.572222,2025-04-14 07:39:35.452790,0 days 00:00:18.880568,0.9134329662137577,0.2500515403540664,16,0.04175519372422129,0.09696906186975875,0.0721822160697725,0.09792023294729488,0.09980929472123931,0.09349142816894714,0.008267845870596868,16,41,0.0761664086048332,0.08911236239847567,True,True,True,0.0006006737011459942,COMPLETE
1544,0.4615607976913453,2025-04-14 07:39:35.974058,2025-04-14 07:39:54.876382,0 days 00:00:18.902324,0.8639776603247031,0.2241101232630726,16,0.04674264445087891,0.07616819931297823,0.07470680764950505,0.09992944743612958,0.09600468471787138,0.08914279766075073,0.005227838615987407,16,33,0.07976996051779466,0.0904463776396347,True,True,True,0.00038031742157701025,COMPLETE
1545,0.1888286888599396,2025-04-14 07:39:55.370223,2025-04-14 07:40:55.105533,0 days 00:00:59.735310,0.8558183329327191,0.2328858062272956,2,0.03145417965048146,0.10840338889724133,0.07094527656537931,0.09811732054622638,0.09636059697685767,0.09111093788022975,0.00989008727367883,16,38,0.0805867592276045,0.08198868949959656,True,True,True,0.0006615720268004365,COMPLETE
1546,0.46552529335021975,2025-04-14 07:40:55.596912,2025-04-14 07:41:14.767739,0 days 00:00:19.170827,0.899740005917715,0.2529964643895797,16,0.034465147363979466,0.11055810956691746,0.07360289355304932,0.09822959103877404,0.09672554784818478,0.09299783465534647,0.0063438060174128945,17,33,0.07809131041074362,0.09239630009709145,True,True,True,0.00045597117025282345,COMPLETE
1547,0.3283585667610168,2025-04-14 07:41:15.285076,2025-04-14 07:41:34.454543,0 days 00:00:19.169467,0.890446750673099,0.2612118435724178,16,0.04028029937757496,0.10335593177058121,0.07577426819156037,0.09752259077818856,0.09813836575668047,0.08952068844346411,0.003584954037863572,16,39,0.07781217860809823,0.08859708166631941,True,True,True,0.0007246763930837075,COMPLETE
1548,0.42556284666061406,2025-04-14 07:41:34.953551,2025-04-14 07:41:54.288280,0 days 00:00:19.334729,0.8591956832827671,0.2608595119345645,16,0.043840225923689316,0.10019308808635718,0.07588888782420836,0.09750485953166808,0.09983585322162913,0.09073749975800728,0.004391305652106771,17,35,0.07765161693468929,0.08723465714414916,True,True,True,0.0008341754762560638,COMPLETE
1549,0.40647391080856327,2025-04-14 07:41:54.783169,2025-04-14 07:42:13.943805,0 days 00:00:19.160636,0.8332720732192131,0.27006950822498144,16,0.03577175280302703,0.1103275215106594,0.07468571448022966,0.09734927764221352,0.09716741114692479,0.08856556944254224,0.004499714311879355,17,37,0.07474829513761683,0.08211538619988443,True,True,True,0.0005833481405605748,COMPLETE
1550,0.41252813339233396,2025-04-14 07:42:14.457888,2025-04-14 07:42:33.552092,0 days 00:00:19.094204,0.8799176113538497,0.26735832526679454,16,0.03435029363493375,0.09314115582939142,0.07346296898876628,0.09728563138321229,0.09781574455444458,0.09208740780367877,0.0043381383208934195,17,34,0.07848930310474232,0.08917076732121425,True,True,False,0.0005219007020876679,COMPLETE
1551,0.3609786033630371,2025-04-14 07:42:34.048621,2025-04-14 07:42:53.474440,0 days 00:00:19.425819,0.8636409635703336,0.2531350311576839,16,0.040942706101380434,0.1073415638044611,0.07697304206844566,0.09992394233363551,0.09692494560406462,0.09186500211975228,0.006514950551676828,17,42,0.073314347486973,0.07874688177446829,True,True,True,0.0004755705232743524,COMPLETE
1552,0.3553647637367249,2025-04-14 07:42:53.971019,2025-04-14 07:43:12.339880,0 days 00:00:18.368861,0.8937034768555912,0.24848593460126303,16,0.04437971898859709,0.10312401308547398,0.0739657698385429,0.09724863226584264,0.09835196587958363,0.08969419947771891,0.005526107846435753,17,33,0.07679078977131888,0.09238875399761921,False,True,True,0.0006494732850654188,COMPLETE
1553,0.42299842834472656,2025-04-14 07:43:12.860173,2025-04-14 07:43:32.186761,0 days 00:00:19.326588,0.9016087307678696,0.24357453545914007,16,0.031881380002866694,0.11144882890888097,0.07719894124251425,0.09827386015820318,0.09587026699211539,0.09324937406137508,0.005726730474315408,17,37,0.07582252980174013,0.08448399939686102,True,True,True,0.0004715990500544593,COMPLETE
1554,0.45747940540313725,2025-04-14 07:43:32.686747,2025-04-14 07:43:52.233257,0 days 00:00:19.546510,0.8413357772881285,0.28052988482025404,16,0.03287175131599653,0.09712504373493207,0.035989090916351864,0.09674358369510905,0.09664342994247115,0.09154065977091073,0.005735749897303449,18,32,0.07809277804078324,0.08962714209470496,True,True,True,0.00039277744141513114,COMPLETE
1555,0.3919901490211487,2025-04-14 07:43:52.729432,2025-04-14 07:44:11.948172,0 days 00:00:19.218740,0.906902447441673,0.240758609922848,16,0.03935524215857318,0.10976158928461832,0.07472822149292005,0.09991147749344259,0.09671019033089666,0.08772097195762722,0.005003275986244749,17,40,0.08176653114947212,0.0945387325344281,True,True,True,0.0005034373292070177,COMPLETE
1556,0.4546175718307495,2025-04-14 07:44:12.470583,2025-04-14 07:44:32.386995,0 days 00:00:19.916412,0.869685296174564,0.26489511450827374,16,0.03109268342963208,0.0896901255783059,0.07285138540345379,0.09986612593530232,0.0982190431244122,0.09278637612838893,0.006513011921769178,18,35,0.08114898208828117,0.0780934674972098,True,True,True,0.00040704524617855874,COMPLETE
1557,0.4524980306625367,2025-04-14 07:44:32.895000,2025-04-14 07:44:52.623722,0 days 00:00:19.728722,0.892429282989956,0.30108642992901646,16,0.03610317983174423,0.10231971774730687,0.07631649453780373,0.09697768732780176,0.09991932268642195,0.09035976400855036,0.0027468762975945,18,32,0.07877090112619489,0.09306127498646316,True,True,True,0.0005754005280745918,COMPLETE
1558,0.32544214725494386,2025-04-14 07:44:53.124993,2025-04-14 07:45:11.723141,0 days 00:00:18.598148,0.5897305592130236,0.22826527801928542,16,0.04727597239408195,0.11044321558848695,0.07273586154416489,0.09815336291140733,0.09989526248261418,0.09381470238818436,0.006397650416589119,16,36,0.08074945266230778,0.0796236290162659,True,False,True,0.00044057970899937594,COMPLETE
1559,0.42196019887924197,2025-04-14 07:45:12.247755,2025-04-14 07:45:30.887509,0 days 00:00:18.639754,0.9083812938634289,0.24987710922766193,16,0.029833455350910754,0.10556292611611603,0.0751227571948674,0.0960937344111879,0.09539431516885175,0.08836970663581131,0.007207684988048613,16,32,0.07885806037688087,0.09727331049587692,True,True,True,0.0008088805925505519,COMPLETE
1560,0.46318244934082037,2025-04-14 07:45:31.388850,2025-04-14 07:45:50.846074,0 days 00:00:19.457224,0.9123264752951137,0.23070957114462665,16,0.027924362643700615,0.09705399343523997,0.07827537847813827,0.09665711710076927,0.09693248663682376,0.09290960148521415,0.005401412077348985,18,34,0.07989848876285775,0.09128965377683841,True,True,True,0.00038602515542157293,COMPLETE
1561,0.33567721843719484,2025-04-14 07:45:51.348614,2025-04-14 07:46:10.664684,0 days 00:00:19.316070,0.8823078329052423,0.2221939623784917,16,0.049138632895087894,0.11368364686591415,0.07340632425107325,0.098125649096989,0.09532354560892893,0.09072992331669097,0.0067423602073421,17,39,0.08104043007440306,0.08494953069013116,True,True,True,0.0006833717601200848,COMPLETE
1562,0.1888286888599396,2025-04-14 07:46:11.185892,2025-04-14 07:46:46.418481,0 days 00:00:35.232589,0.9116447993367397,0.2641229961940868,2,0.03645802509669722,0.23389194403709573,0.07246885420668067,0.09989323077712642,0.09518992089825828,0.09418961209734526,0.008161865205430042,7,31,0.07972913556340032,0.07258037826599044,True,True,True,0.00036335385697345494,COMPLETE
1563,0.4636526346206665,2025-04-14 07:46:46.922589,2025-04-14 07:47:06.377794,0 days 00:00:19.455205,0.9193087423989011,0.242127081499167,16,0.025266854779367284,0.10391734841053658,0.07565836244932059,0.09624318288208988,0.09777029358098122,0.09189928459588702,0.005040929067457198,18,32,0.07485813782477346,0.09384286525790243,True,True,True,0.0005146848237183697,COMPLETE
1564,0.36142610311508183,2025-04-14 07:47:06.882131,2025-04-14 07:47:24.645245,0 days 00:00:17.763114,0.8961003325364106,0.21953782370865343,16,0.030574278122777514,0.09261647838206839,0.05459156344959948,0.09821374916785162,0.09483270708696706,0.09383783171713947,0.00737355662609382,13,36,0.0958342610174029,0.09578545854949143,True,True,True,0.00035820245452003176,COMPLETE
1565,0.4535252809524536,2025-04-14 07:47:25.171586,2025-04-14 07:47:43.994798,0 days 00:00:18.823212,0.9202468231128265,0.2836597347155477,16,0.026725226825584487,0.10861073302116525,0.07134106461825608,0.09656269995164858,0.09645344062989178,0.08887087424864058,0.00645758172494274,16,31,0.08045110611247151,0.07992233903990796,True,True,True,0.00046653144940746053,COMPLETE
1566,0.44625272750854494,2025-04-14 07:47:44.498462,2025-04-14 07:48:03.441030,0 days 00:00:18.942568,0.9204957000201058,0.2510928375556949,16,0.03661254793151346,0.08314460255500795,0.07370776884525661,0.09998276645376726,0.09801699011488596,0.09063050027949589,0.007795954635203131,16,34,0.08043926324890428,0.09214204332674644,True,True,True,0.000609941966643861,COMPLETE
1567,0.38075460195541383,2025-04-14 07:48:03.942316,2025-04-14 07:48:22.474380,0 days 00:00:18.532064,0.9253117254794628,0.2182798549051363,16,0.02637623976746265,0.09900812074589849,0.07752353812642995,0.09601927704159754,0.0998703326945032,0.09409775514899031,0.005488252331705425,15,38,0.0982324502602398,0.08647739851111783,True,True,True,0.00036546865823098494,COMPLETE
1568,0.45107785463333133,2025-04-14 07:48:23.002588,2025-04-14 07:48:40.740500,0 days 00:00:17.737912,0.880837756173227,0.23711973370226416,16,0.028973101908363982,0.11229894572783557,0.07094263114005121,0.0981823930668311,0.09500265769797667,0.0926678422653227,0.0077462513759322706,13,31,0.07653783138610414,0.09466304167566893,True,True,True,0.00046903815030007725,COMPLETE
1569,0.35693393945693974,2025-04-14 07:48:41.248546,2025-04-14 07:48:59.963440,0 days 00:00:18.714894,0.9124090345936015,0.25669950979299794,16,0.050159234042417386,0.11220598436762781,0.07528213245919012,0.09578786052888616,0.09648902368027303,0.09426370316094088,0.006101934208202143,15,47,0.07835294227723523,0.07510930071204511,True,True,True,0.0003507808413789955,COMPLETE
1570,0.1888286888599396,2025-04-14 07:49:00.469557,2025-04-14 07:49:18.694868,0 days 00:00:18.225311,0.93065127611549,0.21606664340424409,16,0.023880849623375673,0.10299092946267752,0.07216459259223099,0.09827984000852057,0.09467693950956402,0.09015462921001625,0.0043852290783604805,16,35,0.08207469499234385,0.06616047543562124,False,True,True,0.0004102830515390644,COMPLETE
1571,0.30103253126144414,2025-04-14 07:49:19.218765,2025-04-14 07:49:38.400427,0 days 00:00:19.181662,0.8889857382749032,0.2753850085160146,16,0.03332908716525875,0.08777051507943029,0.07398370314317654,0.09827940950517676,0.09839519298462213,0.08753792060459639,0.004004597434087345,17,42,0.0945757944841171,0.08384971370493656,True,True,False,0.0005527361285462979,COMPLETE
1572,0.45194898843765263,2025-04-14 07:49:38.905157,2025-04-14 07:49:56.944951,0 days 00:00:18.039794,0.9064256276959249,0.232333531703137,16,0.023291344977030767,0.10714638895158665,0.07858418716230291,0.09559332531937688,0.09481434049957399,0.09154575267447915,0.008371266856864127,14,30,0.07987242070756657,0.09170518106792538,True,True,True,0.00035366115831579706,COMPLETE
1573,0.3243406355381012,2025-04-14 07:49:57.450230,2025-04-14 07:50:15.779184,0 days 00:00:18.328954,0.7939771591965391,0.29363046261391207,16,0.01788942122466443,0.11313156005130186,0.07069176458192673,0.09714626436322923,0.0963657402937984,0.09533927281280324,0.007146089284385693,15,33,0.08218991004119343,0.09818097433543185,True,True,True,0.00033860588946080136,COMPLETE
1574,0.34704769849777223,2025-04-14 07:50:16.306423,2025-04-14 07:50:33.960000,0 days 00:00:17.653577,0.9279277463821892,0.2154969899735688,16,0.027904087683636822,0.0954488325965539,0.0751161042806209,0.09996980002049845,0.08187981475772038,0.0928147761102274,0.009521913861095238,13,38,0.09330035297691779,0.09838123874313615,True,True,True,0.0007403192611143336,COMPLETE
1575,0.4622073650360108,2025-04-14 07:50:34.466300,2025-04-14 07:50:53.230820,0 days 00:00:18.764520,0.9361211974650744,0.24333442606904473,16,0.03981076485812558,0.10388685111728935,0.0720360420148653,0.09577195313978229,0.09439441131398893,0.08932093309908373,0.00860791459382736,16,29,0.09982507441174451,0.09804552824070897,True,True,True,0.0005636259449753417,COMPLETE
1576,0.34425131082534793,2025-04-14 07:50:53.734345,2025-04-14 07:51:11.995597,0 days 00:00:18.261252,0.8633468807281093,0.2158299382229414,16,0.08178879375751816,0.11513090216699165,0.05708881349140381,0.0981656980421078,0.09725207415393443,0.09493254503907575,0.005963206745096856,14,50,0.08294954897991628,0.08376910930725151,True,False,True,0.0004277317895335419,COMPLETE
1577,0.3186474978923798,2025-04-14 07:51:12.521776,2025-04-14 07:51:30.895014,0 days 00:00:18.373238,0.7207654920063232,0.25448910128409397,16,0.016581681526057886,0.09939082387467715,0.07676070021049607,0.09999228104922406,0.09420281466251314,0.09197469982952149,0.008122464201977597,15,34,0.08097934596825487,0.05002701345623606,True,True,True,0.00030977524304553425,COMPLETE
1578,0.44601720571517944,2025-04-14 07:51:31.403762,2025-04-14 07:51:50.200586,0 days 00:00:18.796824,0.9042335401883379,0.26956039628299133,16,0.022790608461578685,0.1083396196447343,0.08035269916467037,0.09520496614818394,0.09835843798001533,0.08732818669109156,0.00958541187376354,16,31,0.0789542773361685,0.08726986977918631,True,True,True,0.0004561369529926467,COMPLETE
1579,0.46271681785583496,2025-04-14 07:51:50.703370,2025-04-14 07:52:08.858676,0 days 00:00:18.155306,0.9996963335422229,0.23341037124374414,16,0.053692504642346484,0.08974402446891663,0.07050800311789407,0.09692113730740574,0.09602985248984035,0.0948454254382052,0.006877543458154344,15,29,0.08325112758423657,0.09884183614691644,True,True,True,0.00032060243846105177,COMPLETE
1580,0.3810706853866578,2025-04-14 07:52:09.389196,2025-04-14 07:52:27.545533,0 days 00:00:18.156337,0.9308653959244767,0.21369805825130908,16,0.031202035039069185,0.11342083712867779,0.07343501147607998,0.06366823844822704,0.09396513107516884,0.09402862447803467,0.005021654123723313,14,37,0.07646996471630398,0.10067038842850276,True,True,True,0.000485664277940425,COMPLETE
1581,0.38256032466888434,2025-04-14 07:52:28.054379,2025-04-14 07:53:30.301880,0 days 00:01:02.247501,0.9425633933526893,0.23698495950852844,2,0.016130426324627967,0.09976721502827966,0.07578323550848456,0.09803308061034263,0.09629345606707082,0.09118125510434517,0.010199430121080388,17,33,0.09192269873431143,0.09864023069286729,True,True,True,0.0003404765049399142,COMPLETE
1582,0.4661292910575867,2025-04-14 07:53:30.808624,2025-04-14 07:53:49.144176,0 days 00:00:18.335552,0.9511626301689194,0.21462710222497247,16,0.022397734859431407,0.10683594529730814,0.07277695696732067,0.09520959163818948,0.09986222623118185,0.0928894130182178,0.007525117252657947,15,28,0.09515029695779159,0.09204938121507557,True,True,True,0.0006557627276937565,COMPLETE
1583,0.4069529414176941,2025-04-14 07:53:49.670740,2025-04-14 07:54:07.547763,0 days 00:00:17.877023,0.8994814920171841,0.1971234956761773,16,0.060611339038884215,0.11561753260441025,0.07135665610499606,0.09402838686212643,0.0997480817215945,0.08877788269895867,0.00409090663974309,14,26,0.09360231191833773,0.07871866508079284,True,True,True,0.0007338247937218149,COMPLETE
1584,0.4589134693145752,2025-04-14 07:54:08.065061,2025-04-14 07:54:25.858650,0 days 00:00:17.793589,0.9157506112093639,0.20728559586052897,16,0.03643188597163728,0.11058081575913634,0.07038885260185324,0.09457320730668763,0.09989777260813823,0.08963449270211853,0.005802119990310625,14,27,0.09768172528367196,0.08932086555178811,True,True,True,0.0007976114630712392,COMPLETE
1585,0.3460612416267395,2025-04-14 07:54:26.365353,2025-04-14 07:54:44.637534,0 days 00:00:18.272181,0.9298857434535487,0.5571388618894704,16,0.030131415575749047,0.11313637038753754,0.06983695986838571,0.09438748437437502,0.0996961878804936,0.09037197300907496,0.005053261710071574,15,28,0.09898239176194668,0.08400170613295266,True,True,True,0.0007819706366848011,COMPLETE
1586,0.3940305709838867,2025-04-14 07:54:45.168614,2025-04-14 07:55:02.774122,0 days 00:00:17.605508,0.8794264484914915,0.20657065344754,16,0.04322799474243197,0.10627685453753728,0.07267109732916588,0.09480906671305964,0.09972711818692581,0.08757619812636962,0.006141399717928131,14,25,0.0945905269155568,0.0930789869710505,True,True,True,0.0008746535426543531,COMPLETE
1587,0.2136003613471985,2025-04-14 07:55:03.285510,2025-04-14 07:55:21.357491,0 days 00:00:18.071981,0.9136797748654076,0.20469474029994478,16,0.150143452791713,0.1148092341135008,0.0716975437476315,0.09510982335425258,0.09867308814992691,0.09191653068632336,0.006940446788799682,15,28,0.09307202933126855,0.07937861955254288,True,True,True,0.0008950227799262437,COMPLETE
1588,0.3882110476493835,2025-04-14 07:55:21.893494,2025-04-14 07:55:39.320585,0 days 00:00:17.427091,0.9339389398804502,0.20719825794307678,16,0.024610066083340206,0.11697872135354376,0.07420255365534496,0.09543751378533234,0.0980285471370233,0.09227381825662986,0.006087482473824858,13,23,0.09657322643034877,0.09187804428100753,True,True,True,0.0009907058015675835,COMPLETE
1589,0.41674720048904423,2025-04-14 07:55:39.835364,2025-04-14 07:55:57.577513,0 days 00:00:17.742149,0.9001561080557923,0.2120996371210794,16,0.03179314655475389,0.10769650386657417,0.0692334679332948,0.09374881278979082,0.09829002094364434,0.08983672303066846,0.007542932744979153,14,29,0.09473832306732843,0.08790057592917787,True,True,False,0.0006482226815938918,COMPLETE
1590,0.1888286888599396,2025-04-14 07:55:58.093246,2025-04-14 07:56:15.971469,0 days 00:00:17.878223,0.9433409756673008,0.020918102739388933,16,0.02305828277236368,0.09594032365531054,0.07745263856652551,0.0962153225419031,0.08120201221473311,0.09283623935202756,0.005238749304340019,15,27,0.09766968015467027,0.07159017910661687,True,True,True,0.0006863980564718123,COMPLETE
1591,0.4294164180755615,2025-04-14 07:56:16.509856,2025-04-14 07:56:34.793492,0 days 00:00:18.283636,0.9263467881991193,0.19438263723199048,16,0.03680752886508406,0.1093186518969027,0.025106089428836336,0.09328913619120921,0.09756518885457553,0.08863344146592933,0.006921215742685452,15,30,0.09688361850997634,0.09023831041316356,True,True,True,0.0006841424020228654,COMPLETE
1592,0.1888286888599396,2025-04-14 07:56:35.310010,2025-04-14 07:56:52.364826,0 days 00:00:17.054816,0.9469792542144524,0.21475651115174155,16,0.02723688320437767,0.1174137024432202,0.07263592995129678,0.0961918420152799,0.0998860815935043,0.09318260256974759,0.008038714323735423,14,25,0.09519934555386235,0.08326226382926626,False,True,True,0.0005998314058718349,COMPLETE
1593,0.4532156944274902,2025-04-14 07:56:52.881722,2025-04-14 07:57:11.145113,0 days 00:00:18.263391,0.9111912416793695,0.23080636207797028,16,0.023109245286846884,0.10272750879315136,0.0699278633350872,0.09514638079765513,0.09983121295395346,0.0868677324936382,0.00648141798549172,15,30,0.09621479789077142,0.08976397214406061,True,True,True,0.0009651736412256223,COMPLETE
1594,0.4221222519874573,2025-04-14 07:57:11.677318,2025-04-14 07:57:28.808943,0 days 00:00:17.131625,0.9466204325627133,0.1982266655745729,16,0.01466394313912938,0.08338620317021161,0.0754219054238194,0.09665326900675558,0.06304781577879459,0.09106521549683588,0.008024893546428666,13,23,0.05952491878518068,0.0855101760167686,True,True,True,0.0006126058486282523,COMPLETE
