number,value,datetime_start,datetime_complete,duration,params_alpha-eval,params_alpha-train,params_batch-size,params_eps-eval,params_eps-train,params_lambda-actions-eval,params_lambda-actions-train,params_lambda-frames-eval,params_lambda-frames-train,params_learning-rate,params_n-epochs,params_n-frames,params_radius-gw,params_rho,params_std-feats,params_ub-actions,params_ub-frames,params_weight-decay,state
1424,0.26384605169296266,2025-04-16 04:21:53.032192,2025-04-16 04:22:17.398072,0 days 00:00:24.365880,0.5737397513050337,0.28538503494784884,8,0.0791583110697793,0.15880059397355756,0.08406883638494525,0.03680168062988852,0.09768993332835577,0.09325803202707453,0.004171335427142831,17,18,0.0423793443208605,0.24809723444449489,True,False,True,0.00010532959357098321,COMPLETE
1425,0.2318656623363495,2025-04-16 04:22:17.852235,2025-04-16 04:22:42.398811,0 days 00:00:24.546576,0.5344138185358075,0.325785563546656,8,0.09290364188270354,0.15957208561025132,0.08531443545918681,0.03477423750308633,0.09989760534812157,0.09503219780401781,0.003900913595965102,17,21,0.04407179264939332,0.2756744367687012,True,False,True,7.426458247758418e-05,COMPLETE
1426,0.1888286888599396,2025-04-16 04:22:42.879782,2025-04-16 04:23:07.689427,0 days 00:00:24.809645,0.5414534372505326,0.2932952037260183,8,0.06977318216632508,0.15100817931536664,0.08649422044949631,0.044255825175547756,0.09787108813928878,0.09026083418479028,0.005057535394632545,17,24,0.03913219100101205,0.2416992913256488,True,True,True,0.00010810027818196763,COMPLETE
1427,0.3376336216926575,2025-04-16 04:23:08.152837,2025-04-16 04:23:32.852822,0 days 00:00:24.699985,0.5689128288721956,0.32423794683605733,8,0.07485069030044406,0.14833902855834707,0.08474503809237068,0.03591193178378058,0.09983149461159666,0.0959104265348374,0.004296417377424151,17,17,0.04098184238264602,0.23732901203674803,True,False,True,7.323968320669075e-05,COMPLETE
1428,0.4275202870368958,2025-04-16 04:23:33.311702,2025-04-16 04:23:58.014595,0 days 00:00:24.702893,0.5504578992510638,0.2896578813483573,8,0.07397523939208155,0.15701991408505453,0.08367921205729772,0.042280391551820624,0.09789482407596511,0.09267799885154475,0.005109625283561792,17,25,0.042550227561206674,0.26055126709521914,True,False,True,0.00011324733406651335,COMPLETE
1429,0.42101727724075316,2025-04-16 04:23:58.476575,2025-04-16 04:24:23.066259,0 days 00:00:24.589684,0.5554439094417646,0.285426867840818,8,0.07424876609316128,0.15761667598688134,0.0867592766276004,0.04212778131903813,0.09805439497463861,0.09213113001305112,0.00496904207444646,17,25,0.04157397917286844,0.2593237664226518,True,False,True,9.298007429364695e-05,COMPLETE
1430,0.2694304585456848,2025-04-16 04:24:23.522775,2025-04-16 04:24:48.304724,0 days 00:00:24.781949,0.5832974950802973,0.2935336153643385,8,0.0748282844611505,0.14961158103385197,0.08745508445985754,0.045464175587806695,0.09812353822132285,0.08932962526639059,0.004090935722130085,17,25,0.03619074244628352,0.25913945508022557,True,False,True,8.210766124129649e-05,COMPLETE
1431,0.24958996772766112,2025-04-16 04:24:48.780787,2025-04-16 04:25:13.657964,0 days 00:00:24.877177,0.5619822022969163,0.2887042023586226,8,0.08314771145669321,0.15535057393903207,0.08716261090266723,0.04421063636711342,0.09813135910291,0.09116331654459148,0.005126742298451886,17,24,0.03744772106734498,0.27010981006563506,True,False,True,8.909894664899494e-05,COMPLETE
1432,0.2481531083583832,2025-04-16 04:25:14.118759,2025-04-16 04:25:38.951171,0 days 00:00:24.832412,0.5760196066559289,0.2726623391089666,8,0.08764106529275455,0.16091879380434954,0.09019247118004367,0.04252169986235397,0.09992036652146136,0.08685739050989547,0.005097442272667396,17,24,0.03989772851496488,0.2575469897226543,True,False,True,7.470331688320012e-05,COMPLETE
1433,0.2769847869873047,2025-04-16 04:25:39.410166,2025-04-16 04:26:03.926073,0 days 00:00:24.515907,0.5502352842165622,0.2924670050764625,8,0.07438067041503206,0.15650385799831293,0.08498910192956524,0.04331844219440822,0.09694611405205826,0.09221590031352724,0.0039578260943040604,17,22,0.04079952356449423,0.2630081332623107,True,False,True,9.890433191620568e-05,COMPLETE
1434,0.4081115126609802,2025-04-16 04:26:04.385434,2025-04-16 04:26:29.193641,0 days 00:00:24.808207,0.5622613173156329,0.2741005297210315,8,0.07819880023228383,0.14562084797014507,0.08632430281687045,0.04090874723211245,0.09815357512412527,0.08993476247378772,0.00521145699304577,17,26,0.04194629163118673,0.2790924998641246,True,False,True,7.237017023596995e-05,COMPLETE
1435,0.24799358248710635,2025-04-16 04:26:29.650137,2025-04-16 04:26:54.488442,0 days 00:00:24.838305,0.5512645962339651,0.28557863407005785,8,0.08454303146556919,0.15132522653894775,0.08417986759899834,0.04104465176628307,0.09685396076256847,0.09313399486524411,0.004740957459412869,17,25,0.037987594232853146,0.253398252184126,True,False,True,0.00011062335193310506,COMPLETE
1436,0.2893403172492981,2025-04-16 04:26:54.968607,2025-04-16 04:27:19.605493,0 days 00:00:24.636886,0.5805394007499033,0.2788473221973948,8,0.06921906246758906,0.1604895273034541,0.0882065633680561,0.03928371709568543,0.09991251888715949,0.09259528238557153,0.003978786041826803,17,20,0.04112579039268931,0.2598101538475391,True,False,True,9.736824585299567e-05,COMPLETE
1437,0.27460790872573854,2025-04-16 04:27:20.070272,2025-04-16 04:27:44.676302,0 days 00:00:24.606030,0.5401070214998777,0.30637646462942275,8,0.07393887798445743,0.14213850866698816,0.08398571825872717,0.04198140871888926,0.09692756848785675,0.08808427280374871,0.0051255726073348865,17,22,0.03953904790959379,0.2669724173329156,True,False,True,7.489468537725825e-05,COMPLETE
1438,0.36772094964981084,2025-04-16 04:27:45.137785,2025-04-16 04:28:09.471856,0 days 00:00:24.334071,0.5394161763530807,0.2865033731476441,8,0.06844918498559091,0.1578523136871466,0.08515275700783373,0.03897011108910968,0.09994775997079418,0.0939801045983667,0.0043454528579028465,17,25,0.042774114598662386,0.24961210866478692,False,False,True,0.00011625448578563808,COMPLETE
1439,0.27226625680923466,2025-04-16 04:28:09.933694,2025-04-16 04:28:34.317127,0 days 00:00:24.383433,0.567250469964788,0.3011252176051567,8,0.07683678602620296,0.16484963558020704,0.08288336717206572,0.04272232009577674,0.09686492295872592,0.0917214986575861,0.0040649478051766495,17,17,0.04520698465016116,0.2441217731798102,True,False,True,9.03460039625442e-05,COMPLETE
1440,0.39158052206039434,2025-04-16 04:28:34.799637,2025-04-16 04:29:00.177234,0 days 00:00:25.377597,0.5336098518874727,0.27808211927953286,8,0.08813161253229362,0.15159782357794668,0.08624757049741531,0.03819182085397907,0.09793499215872738,0.09497144312900961,0.005336510500127328,18,25,0.04247502174534444,0.2566018367478074,True,False,True,6.730328810256553e-05,COMPLETE
1441,0.26467629671096804,2025-04-16 04:29:00.643512,2025-04-16 04:29:25.222189,0 days 00:00:24.578677,0.558219019196734,0.3126034100876996,8,0.07801177404164268,0.13529240066194695,0.08328498995047946,0.04504185155494129,0.09995680873577906,0.09040504632050513,0.005644749135700084,17,21,0.04086633072857178,0.248623263356188,True,False,True,0.0001092822698282383,COMPLETE
1442,0.2945129871368408,2025-04-16 04:29:25.681159,2025-04-16 04:29:54.876261,0 days 00:00:29.195102,0.5378704903878255,0.31449661042540455,8,0.08387805819445436,0.15301393888943884,0.08750285687652977,0.03996197502946085,0.09669447962851518,0.09386669961526868,0.003861216936396164,18,25,0.039707869763248714,0.26539752181325427,True,False,False,0.0001152448356851561,COMPLETE
1443,0.3040296792984009,2025-04-16 04:29:55.336595,2025-04-16 04:30:20.096576,0 days 00:00:24.759981,0.5861045931591591,0.2745252872573006,8,0.06879461923605625,0.16656112300371392,0.08977733557367523,0.03587788890940023,0.09995613429791486,0.09629282691620229,0.005277711309808338,17,19,0.04487650521496666,0.23881512469370594,True,False,True,8.69924551125673e-05,COMPLETE
1444,0.1888286888599396,2025-04-16 04:30:20.556023,2025-04-16 04:30:46.101897,0 days 00:00:25.545874,0.5548502489722674,0.33037394864443664,8,0.07015123310613351,0.14435365673558492,0.08297452000465304,0.04128635895086564,0.09999393208179604,0.09454642270786665,0.004539888518612979,18,22,0.04503960691968311,0.2596987165034382,True,True,True,0.00011327413397211515,COMPLETE
1445,0.4132890343666077,2025-04-16 04:30:46.580002,2025-04-16 04:31:11.413073,0 days 00:00:24.833071,0.5313216841414373,0.30827366422606955,8,0.07829893321221958,0.15956312803421954,0.08577288495784703,0.03492990128089281,0.09999658347502494,0.09218023277942812,0.0055752197210747634,17,26,0.043059039803842396,0.25164025561091674,True,False,True,6.637536202124943e-05,COMPLETE
1446,0.23544172048568726,2025-04-16 04:31:11.880719,2025-04-16 04:31:36.659251,0 days 00:00:24.778532,0.5338767589377262,0.2843274211685978,8,0.0929228647519288,0.16867888077190524,0.08271563341630736,0.03866831756351287,0.09643163690900804,0.09717250691898628,0.004327041411159116,17,18,0.04151587683361361,0.28437781385954797,True,False,True,9.219200214904636e-05,COMPLETE
1447,0.2850547432899475,2025-04-16 04:31:37.124481,2025-04-16 04:32:02.456574,0 days 00:00:25.332093,0.5535985830480346,0.3224755401060768,8,0.06956798573645055,0.15572328082858736,0.08494861279128459,0.038254003517419144,0.09792578747483237,0.09054334374732059,0.005602950647129415,18,14,0.039538450337357776,0.2725734104523266,True,False,True,0.00010999238181110269,COMPLETE
1448,0.2694263577461243,2025-04-16 04:32:02.919558,2025-04-16 04:32:28.185868,0 days 00:00:25.266310,0.5829444218615322,0.3022393189244752,8,0.07443010096202053,0.16603816993666734,0.08893156920619177,0.04233375499099133,0.09658605184871813,0.09509409631553761,0.00383053564311823,18,22,0.03652749347458635,0.2527663152521005,True,False,True,0.00012273741299535698,COMPLETE
1449,0.42137525081634525,2025-04-16 04:32:28.670687,2025-04-16 04:32:53.435448,0 days 00:00:24.764761,0.5306246402840574,0.3285720154483213,8,0.06895848328502194,0.1479460591957843,0.08222145247469495,0.035778583582653435,0.09813904019808732,0.09309779781195826,0.004801075425759353,17,25,0.04533646441793754,0.23897280720315786,True,False,True,8.638778441791844e-05,COMPLETE
1450,0.41412782669067383,2025-04-16 04:32:53.903721,2025-04-16 04:33:18.465807,0 days 00:00:24.562086,0.5289045672160027,0.3349945437647696,8,0.06672509156372214,0.13352155831879103,0.08225216524799582,0.03696572601316136,0.09827404839426998,0.08768783439825838,0.005647767063316274,17,25,0.04168602895361458,0.24003928737062577,True,False,True,7.823127659250399e-05,COMPLETE
1451,0.39888687133789064,2025-04-16 04:33:18.930226,2025-04-16 04:33:43.737460,0 days 00:00:24.807234,0.5601112351083178,0.3334631594893593,8,0.07495230179567944,0.1424398410175339,0.08367879781884148,0.03488240013899288,0.09806859433129404,0.09263520773739084,0.004752855527729728,17,26,0.04494985659172332,0.24515315193803802,True,False,True,8.898574646141596e-05,COMPLETE
1452,0.2994090557098389,2025-04-16 04:33:44.208867,2025-04-16 04:34:08.937790,0 days 00:00:24.728923,0.5323357412225901,0.3280631641910368,8,0.0681626627118362,0.14936703023378187,0.08584812367361935,0.04002477228938059,0.09645797020457354,0.0892815689699459,0.005618504440453023,17,21,0.043226125189088596,0.26211662349849824,True,False,True,8.7148854949271e-05,COMPLETE
1453,0.28728558421134953,2025-04-16 04:34:09.421627,2025-04-16 04:34:33.335756,0 days 00:00:23.914129,0.5746436607802722,0.33420768916877974,8,0.08180706817053922,0.1592756293870451,0.08138630477192307,0.036623637911263274,0.0979622905789064,0.09333312665374165,0.0060641842295050315,17,8,0.04511121060747469,0.23505302349677915,True,False,True,6.896643898216877e-05,COMPLETE
1454,0.30136052370071414,2025-04-16 04:34:33.808942,2025-04-16 04:34:59.230757,0 days 00:00:25.421815,0.5482303047562087,0.322099478189891,8,0.0670990916804895,0.14808960652925443,0.08440223280190613,0.03427395039370752,0.09996438051847426,0.09566325984621094,0.004834407348499082,18,23,0.04290693928781422,0.24727003240208206,True,False,True,6.985014560622217e-05,COMPLETE
1455,0.29053165912628176,2025-04-16 04:34:59.697422,2025-04-16 04:35:24.271188,0 days 00:00:24.573766,0.5314530382692928,0.31140595693329287,8,0.0740497924992655,0.13000233664161415,0.0874929112461861,0.038708243654617246,0.09637270602491967,0.09708755199505527,0.00490242099359569,17,19,0.04571199248129942,0.255522999542044,True,False,True,9.928444857311631e-05,COMPLETE
1456,0.4158518791198731,2025-04-16 04:35:24.737574,2025-04-16 04:35:50.394754,0 days 00:00:25.657180,0.521449042335275,0.30786507996950196,8,0.08321842488047687,0.14015237568328925,0.08200458411502831,0.045742135069186146,0.09786576213498699,0.0910259528310756,0.0061412141853873226,18,25,0.04615850556828737,0.2391192672804375,True,False,True,0.0001180144729651346,COMPLETE
1457,0.3249572396278382,2025-04-16 04:35:50.883026,2025-04-16 04:36:15.883478,0 days 00:00:25.000452,0.5497789831355372,0.3373278524881812,8,0.06713265444626795,0.1526275141031492,0.08343095923403077,0.043636077586614454,0.09692115154406399,0.09272510166798727,0.004080770784243744,18,21,0.040501770382140076,0.2674547381545849,False,False,True,9.231958384180739e-05,COMPLETE
1458,0.38244688510894775,2025-04-16 04:36:16.354264,2025-04-16 04:36:41.077169,0 days 00:00:24.722905,0.5987406346206082,0.33726866839948066,8,0.07862238358633213,0.16267556213007245,0.08125148608616613,0.040995385925665664,0.09996995401406061,0.09551585067708052,0.0059782254494541495,17,26,0.0435297520985726,0.2312419354243341,True,False,True,0.00010933171083711114,COMPLETE
1459,0.28303562402725224,2025-04-16 04:36:41.545871,2025-04-16 04:37:05.257317,0 days 00:00:23.711446,0.5204598433577061,0.3045013682958709,8,0.0732009681893146,0.15581761638494535,0.09095917429475578,0.03582321619256475,0.09797246538907024,0.09802426354295765,0.0036753633121938923,16,17,0.0460607131128323,0.24284400092831349,True,False,True,6.149208389081033e-05,COMPLETE
1460,0.24462696313858034,2025-04-16 04:37:05.730605,2025-04-16 04:37:30.401197,0 days 00:00:24.670592,0.5718988217964138,0.32475108276281495,8,0.08887930124274855,0.17072885521041772,0.0855669274622176,0.03485104120623911,0.09653158550322571,0.09374032367092242,0.004898238040935995,17,23,0.042827016026382864,0.25828732923831355,True,False,True,8.184515390708708e-05,COMPLETE
1461,0.2936680376529694,2025-04-16 04:37:30.867587,2025-04-16 04:37:59.858000,0 days 00:00:28.990413,0.523318001922342,0.3424003416975614,8,0.0680072676297168,0.14425262027380356,0.08319095795984262,0.03335492934016985,0.098197416052674,0.08919132995789943,0.006112524269815426,18,26,0.04532129094196225,0.24909574906873788,True,False,False,0.00011205025012364631,COMPLETE
1462,0.2822908520698547,2025-04-16 04:38:00.344970,2025-04-16 04:38:25.470540,0 days 00:00:25.125570,0.5495742868420812,0.29808577447513734,8,0.07447907134003871,0.16657928629471702,0.08720362397488263,0.03842119651194925,0.09652875829520109,0.09504932916065333,0.004538040799175253,18,15,0.046391302053458594,0.23702199483896236,True,False,True,0.00011641147665388664,COMPLETE
1463,0.2325314164161682,2025-04-16 04:38:25.942947,2025-04-16 04:38:50.554094,0 days 00:00:24.611147,0.544095205053841,0.3146569079517813,8,0.09638168700140745,0.15982834913860408,0.08121406985512929,0.037587205788364844,0.09796219726221174,0.08595083140063389,0.005421142321666062,17,19,0.03986226515593653,0.2539927874394536,True,False,True,6.621138461701988e-05,COMPLETE
1464,0.1888286888599396,2025-04-16 04:38:51.022730,2025-04-16 04:39:14.983434,0 days 00:00:23.960704,0.5207592692450576,0.3440574321997448,8,0.06706827465466726,0.15199410180230785,0.08474805196862918,0.04224546391133597,0.09996585044722962,0.09790640232839619,0.0036574973318728196,16,22,0.034714808638103806,0.2760553274791929,True,True,True,0.00013034418786677114,COMPLETE
1465,0.36210381984710693,2025-04-16 04:39:15.454253,2025-04-16 04:39:40.817307,0 days 00:00:25.363054,0.5639331536828806,0.32133115873881046,8,0.08208999458697586,0.1728635284727627,0.08107386158389776,0.032602841888278944,0.09627384265128602,0.09144584644250726,0.00615662326492196,18,26,0.04183590354862039,0.24277001379109794,True,False,True,8.810209851808412e-05,COMPLETE
1466,0.4206372618675232,2025-04-16 04:39:41.306770,2025-04-16 04:40:05.940229,0 days 00:00:24.633459,0.5787478800398798,0.2812183047221638,8,0.06691475044657579,0.13902594646876443,0.08268789447814835,0.04091301043631396,0.09815162719782752,0.09634589853603295,0.004853349588522456,17,23,0.04347985319871132,0.23332669303078793,True,False,True,0.00011873654185474903,COMPLETE
1467,0.26994527578353883,2025-04-16 04:40:06.414192,2025-04-16 04:40:30.426545,0 days 00:00:24.012353,0.6017081054090009,0.2756694287957262,8,0.07242678282844076,0.13448189063849444,0.08690109856578157,0.042138845898980024,0.0962535434852354,0.09388212237704946,0.004019156411146798,16,24,0.03795854737473581,0.22590566863712944,True,False,True,7.637590919227354e-05,COMPLETE
1468,0.41517179012298583,2025-04-16 04:40:30.900702,2025-04-16 04:40:54.899008,0 days 00:00:23.998306,0.5893399162141375,0.34254262015298675,8,0.07674123808416204,0.12453931161507172,0.0844805343836679,0.04451580587624946,0.0963300004922612,0.09775237208759896,0.004297777467283005,16,25,0.04384452755687933,0.23372553348603944,True,False,True,9.603265432054506e-05,COMPLETE
1469,0.4003445029258728,2025-04-16 04:40:55.370561,2025-04-16 04:41:20.330418,0 days 00:00:24.959857,0.5621732369439363,0.3445240876543606,8,0.06743488297022171,0.14049820723579307,0.08336828915169155,0.04045856800094707,0.09815729988131902,0.0998737287515866,0.003612680411590726,17,27,0.044104017495593825,0.23029180654677783,True,False,True,9.842815395442522e-05,COMPLETE
1470,0.3014763593673706,2025-04-16 04:41:20.820040,2025-04-16 04:41:45.524842,0 days 00:00:24.704802,0.5704757805920337,0.31661126689878083,8,0.06444083132727293,0.1393880071605648,0.0894128484893241,0.04058685559322901,0.09997160421482211,0.09229733971544976,0.004758325281924225,17,22,0.041029055029149865,0.24504005347398947,True,False,True,0.0001221973819971302,COMPLETE
1471,0.301079535484314,2025-04-16 04:41:45.997591,2025-04-16 04:42:09.978223,0 days 00:00:23.980632,0.6028986164727047,0.28760014357258845,8,0.06982779999508758,0.12627850254056808,0.08624468179743872,0.03720606606960355,0.09644307249213314,0.09639741726700428,0.004988571409603878,16,19,0.04586333452230396,0.2600979054044326,True,False,True,6.360702780437892e-05,COMPLETE
1472,0.38140339851379396,2025-04-16 04:42:10.452913,2025-04-16 04:42:35.282006,0 days 00:00:24.829093,0.5838950037372509,0.30524818500397793,8,0.08142319549211091,0.1473075300003005,0.0826438813249324,0.04374366734483693,0.09792500467223753,0.09004535500235068,0.0036784631467061046,17,26,0.04283676228698573,0.2359447953272166,True,False,True,7.957887072351334e-05,COMPLETE
1473,0.28594064712524414,2025-04-16 04:42:35.754438,2025-04-16 04:43:00.585544,0 days 00:00:24.831106,0.5502658157335221,0.32729155922252373,8,0.06580608422261508,0.14724072352008855,0.08454047681451576,0.03830804848860458,0.09994044912603767,0.094652216901037,0.004498154774024208,17,23,0.03830066563741073,0.24217988682935487,True,False,True,0.00011419259663239604,COMPLETE
1474,0.26697635650634766,2025-04-16 04:43:01.073972,2025-04-16 04:43:24.955642,0 days 00:00:23.881670,0.5790211244168433,0.3527739953681895,8,0.07633360490711147,0.13120695577196312,0.0878034919290895,0.04034919524576759,0.09591832325323224,0.0981624098752705,0.005562710703163164,16,19,0.03982041315835233,0.24963889223393676,True,False,True,0.00012379669084475008,COMPLETE
1475,0.3693350195884705,2025-04-16 04:43:25.430998,2025-04-16 04:43:50.480258,0 days 00:00:25.049260,0.540256795124131,0.2716509718207818,8,0.07192704528969061,0.1379351130202544,0.08170447868458795,0.03558848260935122,0.09792860929711822,0.09629908015955543,0.0036974260632115573,17,27,0.04425782334675678,0.25489515262878026,True,False,True,9.552261037485871e-05,COMPLETE
1476,0.26974264383316043,2025-04-16 04:43:50.956729,2025-04-16 04:44:15.113530,0 days 00:00:24.156801,0.573151119598293,0.3420874373557298,8,0.0864407674331087,0.1555316235900607,0.08231879359134639,0.04565082400700471,0.09648443522590183,0.09371224835883554,0.004490402290050698,17,16,0.04537439520538361,0.2666388486856465,False,False,True,0.0001267486583854618,COMPLETE
1477,0.3000898122787476,2025-04-16 04:44:15.606975,2025-04-16 04:44:40.259003,0 days 00:00:24.652028,0.5550695595657347,0.3009774661295843,8,0.06468456785784828,0.16275044415954312,0.08560277569934371,0.0431490672571969,0.0961759376218191,0.08815160956546725,0.005415254937259594,17,23,0.042218203704666855,0.2296853858487441,True,False,True,6.430136965546144e-05,COMPLETE
1478,0.40039259195327764,2025-04-16 04:44:40.738960,2025-04-16 04:45:06.169239,0 days 00:00:25.430279,0.5953211962783312,0.3136099833824662,8,0.07865083841751631,0.1451234787845006,0.08063911715861331,0.03941070762581004,0.09820578185191017,0.09070202937522015,0.004298342904268879,18,26,0.0466698233721066,0.24750536007983945,True,False,True,8.126262156269214e-05,COMPLETE
1479,0.30235009193420415,2025-04-16 04:45:06.644295,2025-04-16 04:45:30.671892,0 days 00:00:24.027597,0.5314438944578226,0.327411057955208,8,0.07503442240291808,0.15118841085991905,0.08331031028811983,0.03702091265177139,0.09819143323257333,0.09756427283118832,0.005791760207410494,16,21,0.046432088091616294,0.26208179578254165,True,False,True,0.00011997964939997768,COMPLETE
1480,0.391002881526947,2025-04-16 04:45:31.146059,2025-04-16 04:45:56.468660,0 days 00:00:25.322601,0.5250739151865773,0.28918349825558515,8,0.06441232058478738,0.1356657150997397,0.08801831308173381,0.04174421935964519,0.0964666045654913,0.09989141474809715,0.005033444821831121,18,24,0.043907362137633806,0.23733090844835528,True,False,True,8.796791104109008e-05,COMPLETE
