number,value,datetime_start,datetime_complete,duration,params_alpha-eval,params_alpha-train,params_batch-size,params_eps-eval,params_eps-train,params_lambda-actions-eval,params_lambda-actions-train,params_lambda-frames-eval,params_lambda-frames-train,params_learning-rate,params_n-epochs,params_n-frames,params_radius-gw,params_rho,params_std-feats,params_ub-actions,params_ub-frames,params_weight-decay,state
1253,0.3995418190956116,2025-04-16 03:11:15.570940,2025-04-16 03:11:36.265589,0 days 00:00:20.694649,0.4215176624283625,0.4473628536915722,16,0.0394324587366276,0.21860057023967264,0.07429880081691335,0.023723706282418985,0.09374982063475458,0.09757676680724676,0.02062465122037248,21,28,0.059103747844175304,0.16220938401355936,True,False,True,0.00044483554066541563,COMPLETE
1254,0.40040876865386965,2025-04-16 03:11:36.668365,2025-04-16 03:11:56.894730,0 days 00:00:20.226365,0.4501603328445248,0.4181270817970336,16,0.04875176920708977,0.20421693377231281,0.07250804098359809,0.020013428891469176,0.012814952398690398,0.09505828805256299,0.015987539931486553,20,27,0.05741710102857058,0.17029972690835526,True,False,True,0.0003208165086932383,COMPLETE
1255,0.4130183458328247,2025-04-16 03:11:57.314122,2025-04-16 03:12:17.334855,0 days 00:00:20.020733,0.49331281473861327,0.4409123618393892,16,0.036149151333218096,0.22542100146828076,0.06951895872663226,0.017912652275335127,0.09837610791612542,0.09108928525524597,0.011341456306827013,19,31,0.05985149304627802,0.17951089839211512,True,False,True,0.00020538225060027848,COMPLETE
1256,0.40668926239013675,2025-04-16 03:12:17.756121,2025-04-16 03:12:39.473331,0 days 00:00:21.717210,0.43376396691349284,0.38532412107893493,16,0.04308312219333069,0.23000576989804625,0.07601072764150937,0.02220545411469488,0.09623960852617117,0.08681005540338639,0.006959841768424223,18,64,0.05618576659210744,0.16201702811445542,True,False,True,0.00026287045750513405,COMPLETE
1257,0.4036110520362854,2025-04-16 03:12:39.880821,2025-04-16 03:13:00.363804,0 days 00:00:20.482983,0.40346800705253083,0.4066084053034043,16,0.032095098996329015,0.2061061233712595,0.07426679450594423,0.019827672038791832,0.09209875182603339,0.09279712171072207,0.013633249190252652,21,27,0.05456957291139442,0.17369548737344637,True,False,True,0.0005503282965271194,COMPLETE
1258,0.4174312829971314,2025-04-16 03:13:00.774889,2025-04-16 03:13:21.058172,0 days 00:00:20.283283,0.46842214246588665,0.42850030427245783,16,0.03772096126574685,0.21401412240543552,0.07102189093915083,0.017706287675580013,0.09446948312326192,0.07583294363319845,0.008940228182297774,20,32,0.05787739125252355,0.16766672849342015,True,False,True,0.0003903486521850833,COMPLETE
1259,0.37363309860229493,2025-04-16 03:13:21.465214,2025-04-16 03:13:41.531002,0 days 00:00:20.065788,0.48901651769941057,0.4310693663786106,16,0.054763804783533626,0.23342459521957656,0.06830973901932585,0.018639727147040312,0.08867693880389785,0.08353602555415798,0.008121772739737364,20,28,0.057244272099517934,0.1812178577885281,True,False,True,0.0005675628320268197,COMPLETE
1260,0.41074907779693604,2025-04-16 03:13:41.940867,2025-04-16 03:14:02.201239,0 days 00:00:20.260372,0.4746093974097897,0.4497688412604411,16,0.042969918701090654,0.20757428928758162,0.07038092819872578,0.020943253318188,0.07018577908086093,0.07556684637816258,0.0063545543387739205,20,30,0.05435174492955264,0.17135444243225997,True,False,True,0.00041971589883410483,COMPLETE
1261,0.40026140213012695,2025-04-16 03:14:02.611004,2025-04-16 03:14:28.737317,0 days 00:00:26.126313,0.6869585141914767,0.4181039028045347,8,0.04443250617962547,0.21543821366303761,0.06724017547759922,0.01862461965401939,0.09063645158592828,0.09451842833746806,0.007591557593163164,19,24,0.05569057720440266,0.17991661322476882,True,False,True,1.9183997978119e-06,COMPLETE
1262,0.3687133312225342,2025-04-16 03:14:29.144979,2025-04-16 03:14:49.356755,0 days 00:00:20.211776,0.4815917841900637,0.46785336008870426,16,0.05015730584569031,0.21902452521068516,0.06999444902660325,0.024427894180879057,0.09306984872010819,0.0788524140204722,0.00629991274655845,20,31,0.05776728557418894,0.1694883985116634,True,False,True,0.0005051054102240703,COMPLETE
1263,0.4006125688552857,2025-04-16 03:14:49.776134,2025-04-16 03:15:09.584135,0 days 00:00:19.808001,0.5031852991446469,0.4109903643676225,16,0.03971531078930379,0.22033094844506987,0.07108381561754952,0.02181363231329649,0.09122759020321788,0.07546235133117309,0.008996507927452588,21,28,0.05399756178134708,0.17522345984890905,False,False,True,0.0003796599959914531,COMPLETE
1264,0.4078150987625122,2025-04-16 03:15:09.992513,2025-04-16 03:15:30.127732,0 days 00:00:20.135219,0.471083660210662,0.3972575636011058,16,0.04769360097418175,0.22587199137515768,0.06841321612634509,0.017189563530302533,0.05696067732126653,0.0792494961683461,0.024574958534312644,20,27,0.055802652437883904,0.16648037367735277,True,False,True,0.0003628673735059735,COMPLETE
1265,0.4068858027458191,2025-04-16 03:15:30.538027,2025-04-16 03:15:50.375893,0 days 00:00:19.837866,0.45558908652049956,0.4349552278466672,16,0.03726311720428847,0.20477188172444022,0.07198119923099185,0.019698863678391142,0.08617673142864465,0.08067749850776343,0.018267243054463273,19,32,0.05796906857567413,0.17345920009040897,True,False,True,5.591063599804165e-07,COMPLETE
1266,0.3120700061321259,2025-04-16 03:15:50.782978,2025-04-16 03:16:13.439437,0 days 00:00:22.656459,0.5038223210094056,0.45479829297524815,16,0.03540417141874464,0.21699511068961638,0.06638067373405519,0.022154365324246215,0.022585449640058413,0.07752332271643857,0.007648900557661391,21,25,0.056264741566291215,0.18418758595674478,True,False,False,0.0005996551572829892,COMPLETE
1267,0.4140401363372803,2025-04-16 03:16:13.846765,2025-04-16 03:16:34.153005,0 days 00:00:20.306240,0.4568662244097629,0.4247473380391228,16,0.03981257767662806,0.22752798501804367,0.06976424538799265,0.01765246504873097,0.0942264839788186,0.06919239201067835,0.010318880028336627,20,33,0.05837970174721534,0.16432897984110506,True,False,True,0.00045701635313938045,COMPLETE
1268,0.4129718899726868,2025-04-16 03:16:34.559292,2025-04-16 03:16:54.301365,0 days 00:00:19.742073,0.4816275810123789,0.4443908539126501,16,0.04684429096391483,0.2113776159266077,0.07193427555383042,0.020413342065939033,0.08856096685313838,0.0819459480662891,0.040051499694329834,19,30,0.05401165657286009,0.16901095807084307,True,False,True,1.1914215669704461e-07,COMPLETE
1269,0.1888286888599396,2025-04-16 03:16:54.705227,2025-04-16 03:17:15.650934,0 days 00:00:20.945707,0.45733511843315616,0.3826378933418147,16,0.03145091535927633,0.22753253360251596,0.07248933799958006,0.017935142049921547,0.0927770003778377,0.07772776692494132,0.015441474942067327,21,33,0.053811067900267656,0.1769619806081719,True,True,True,0.00018675494806730272,COMPLETE
1270,0.16366365551948547,2025-04-16 03:17:16.055022,2025-04-16 03:18:24.970599,0 days 00:01:08.915577,0.39066876052252825,0.4066150414293869,2,0.274471786062151,0.2126042945893996,0.06850922540986243,0.02310954199635781,0.09684545965222278,0.09323553294246255,0.030007393603109674,20,24,0.05637183787168604,0.22435819379713617,True,False,True,0.00033002897783041576,COMPLETE
1271,0.1846910357475281,2025-04-16 03:18:25.394932,2025-04-16 03:18:45.287705,0 days 00:00:19.892773,0.4225509298891331,0.41686370327351085,16,0.037330825285474004,0.22179488133421002,0.07042520519615773,0.020044107036906122,0.09051854057834666,0.09780618676348342,0.009463831340644496,21,20,0.017324797033049975,0.16302875017251706,True,False,True,0.00021432455466164477,COMPLETE
1272,0.41229022741317756,2025-04-16 03:18:45.701113,2025-04-16 03:19:05.644138,0 days 00:00:19.943025,0.4696754621246878,0.476038110193144,16,0.03076384415802721,0.2121136142368077,0.07391945650793093,0.024819074639591276,0.09499183081823737,0.07567855957757792,0.0115225377691076,19,30,0.05987213994355248,0.17146038690149637,True,False,True,0.000258026847197157,COMPLETE
1273,0.3914163947105408,2025-04-16 03:19:06.058114,2025-04-16 03:19:31.531149,0 days 00:00:25.473035,0.43690340740341416,0.37785274791298173,8,0.042497401447536984,0.19996665643609174,0.06633196090093386,0.01760740666947605,0.09838613814816553,0.07434994281397332,0.021631327897329276,18,32,0.05754357641330192,0.16231467073473868,True,False,True,0.0004609661613707027,COMPLETE
1274,0.3405180811882019,2025-04-16 03:19:31.946618,2025-04-16 03:19:52.425706,0 days 00:00:20.479088,0.4010204913099758,0.4321319191243159,16,0.061446584871484626,0.22853618543321336,0.07276476557490542,0.021192676118326023,0.09262937175229977,0.07650854256504792,0.013590626702090066,20,34,0.05353406455390446,0.16669740866087004,True,False,True,7.928286009206076e-08,COMPLETE
1275,0.3535757899284363,2025-04-16 03:19:52.838039,2025-04-16 03:20:12.202938,0 days 00:00:19.364899,0.41700010163808865,0.4477548987194059,16,0.0515140383401938,0.19514803861375657,0.06806378986074817,0.01752325482241322,0.08951159676713302,0.07296537563317664,0.008302523655394788,18,33,0.05947635692681504,0.16117516041514476,True,False,True,0.0003639126098694165,COMPLETE
1276,0.4118569850921631,2025-04-16 03:20:12.616006,2025-04-16 03:20:32.446685,0 days 00:00:19.830679,0.4984111153668458,0.40043242025019854,16,0.027523449426390477,0.21706854653879554,0.07075857745807163,0.022612423246505056,0.09998513851816648,0.08782437379002234,0.006402679000644624,19,29,0.05472964250641384,0.18304885727654718,True,False,True,0.0001807413427423712,COMPLETE
1277,0.29146234393119813,2025-04-16 03:20:32.857746,2025-04-16 03:20:53.320429,0 days 00:00:20.462683,0.4471849235512092,0.37130453539903024,16,0.03718094625497125,0.17204780345393555,0.07327291910194386,0.02830178549653322,0.09467141503337564,0.06859161164733099,0.017087826289719856,20,35,0.05815196769314037,0.17031806290811108,True,False,True,0.0002551178736822882,COMPLETE
1278,0.4149663329124451,2025-04-16 03:20:53.735003,2025-04-16 03:21:13.707582,0 days 00:00:19.972579,0.38901761465315315,0.42587217599859906,16,0.03360616623411023,0.2201023454025286,0.07687282573784272,0.07517076974785954,0.0876026374390051,0.07119813256213726,0.01190493681263338,19,33,0.05616391860216447,0.17576674681798757,True,False,True,0.0003232678655551424,COMPLETE
1279,0.4011989235877991,2025-04-16 03:21:14.121306,2025-04-16 03:21:35.170041,0 days 00:00:21.048735,0.46875219014682307,0.44955474694591074,16,0.04426430796969607,0.22323561022704683,0.06959536053781941,0.019387462767429194,0.0968614506814313,0.06810409522256072,0.009414453264633596,21,35,0.06006983944537915,0.16123385229150308,True,False,True,0.0005888113425763089,COMPLETE
1280,0.3219272792339325,2025-04-16 03:21:35.584424,2025-04-16 03:21:55.670470,0 days 00:00:20.086046,0.4134664352415672,0.38968016301155284,16,0.02760036553477941,0.20969924204194032,0.07167218243812891,0.017840880037344544,0.09158093486740265,0.07052738646050544,0.007436701808781227,20,28,0.05384833608102787,0.1665575558893168,True,False,True,0.00022185583810440862,COMPLETE
1281,0.41382216215133666,2025-04-16 03:21:56.079106,2025-04-16 03:22:15.683474,0 days 00:00:19.604368,0.4401646132606836,0.4609567380911369,16,0.0350202732701478,0.22910252325073113,0.07468687834806002,0.025767889259635128,0.09344146554149851,0.06804629038753295,0.014269326328928827,18,32,0.05595479692172252,0.1776362837112576,True,False,True,0.0004608340591890486,COMPLETE
1282,0.36881198883056643,2025-04-16 03:22:16.095867,2025-04-16 03:22:36.406944,0 days 00:00:20.311077,0.3808789171391285,0.3726920965496604,16,0.03987813001650092,0.21358748531561575,0.06780574856061033,0.02029865899557,0.09032646984986331,0.07314952780388741,0.018471242248131042,21,37,0.05840916684520789,0.08598544415407822,False,False,True,1.4342323423179548e-06,COMPLETE
1283,0.3407345414161682,2025-04-16 03:22:36.816267,2025-04-16 03:22:56.766529,0 days 00:00:19.950262,0.42179652882623564,0.4081966685721928,16,0.023994489442506393,0.2235592689974713,0.07300632601510322,0.023597287810171445,0.09530884918061387,0.07440588730195584,0.011780719566279537,20,25,0.056939348605194756,0.16769023902014432,True,False,True,0.00030435519203691146,COMPLETE
1284,0.4191800713539124,2025-04-16 03:22:57.193621,2025-04-16 03:23:17.039580,0 days 00:00:19.845959,0.48920311671425987,0.36145446594465763,16,0.03073228549774992,0.19104243127006898,0.07735678295938142,0.01731713341288811,0.09207277923432054,0.09958404594529977,0.00629121293981228,18,35,0.05392071988322505,0.1624631279984959,True,False,True,0.0001750025449235585,COMPLETE
1285,0.3365663230419159,2025-04-16 03:23:17.457882,2025-04-16 03:23:46.624692,0 days 00:00:29.166810,0.5053503685947475,0.383428534463428,8,0.044760859938809974,0.18053202147761577,0.08001430015379106,0.017014425300729007,0.09294159061731941,0.0955510353518792,0.007047188500581243,18,30,0.05360683322885918,0.1609485478185848,True,False,False,0.00015797100671410206,COMPLETE
1286,0.3911197304725647,2025-04-16 03:23:47.039041,2025-04-16 03:24:06.569666,0 days 00:00:19.530625,0.48264583381706117,0.35265515475883735,16,0.05317876671202146,0.1889490545957448,0.07737908830051272,0.017539123165974158,0.094595042617392,0.0894538991459601,0.006411337307806285,18,31,0.05341242774799607,0.17156901054256518,True,False,True,0.00016670059630851593,COMPLETE
1287,0.41337677240371706,2025-04-16 03:24:06.984452,2025-04-16 03:24:26.520134,0 days 00:00:19.535682,0.4954978075374342,0.3842143299739473,16,0.03780849525140353,0.20902069322272304,0.07809063864228032,0.016542071633235837,0.09646021549460945,0.09749065527564578,0.006115655200583845,18,34,0.054452038013575677,0.16026389798818563,True,False,True,0.0001451195206550732,COMPLETE
1288,0.275225305557251,2025-04-16 03:24:26.934243,2025-04-16 03:24:46.862670,0 days 00:00:19.928427,0.5022710072704175,0.36463201740043377,16,0.032589646393363016,0.1852800432290456,0.06602562556571134,0.01875371884237125,0.09349586463469534,0.0923094653843599,0.02094537777028195,19,27,0.053853448083787794,0.16341867526789067,True,True,True,0.0001828116190476554,COMPLETE
1289,0.40223116874694825,2025-04-16 03:24:47.277707,2025-04-16 03:25:06.767543,0 days 00:00:19.489836,0.5087777541403266,0.348646007238329,16,0.04696358879061904,0.19245685348769043,0.07033906519047618,0.01745309641778639,0.09186918181682428,0.06386486417545661,0.006358323381301488,18,33,0.053178306342813904,0.16760156021394168,True,False,True,0.0006067524560865683,COMPLETE
1290,0.4182799816131592,2025-04-16 03:25:07.184496,2025-04-16 03:25:27.156038,0 days 00:00:19.971542,0.4771451835159375,0.36274157884358066,16,0.04038489790792888,0.20165748064342676,0.07889667625336041,0.017489610544650997,0.09788629384536629,0.09649870574077776,0.005983211953863147,18,35,0.05513794530162973,0.17448749049458062,True,False,True,0.0003881164505098956,COMPLETE
1291,0.37499961853027347,2025-04-16 03:25:27.570788,2025-04-16 03:25:46.934683,0 days 00:00:19.363895,0.48666620619325446,0.355314053454318,16,0.05810925789028923,0.2032304224742162,0.08056233897306002,0.01893429531315645,0.010065317075216754,0.09363531377608465,0.006196632880673302,18,27,0.05569421734735963,0.18522206669571045,True,False,True,0.0002546663546830073,COMPLETE
1292,0.3939035892486572,2025-04-16 03:25:47.347987,2025-04-16 03:26:06.778512,0 days 00:00:19.430525,0.47857759035430036,0.37119432589323414,16,0.05008705463762578,0.1988271845063685,0.08135168621388864,0.016685880229269777,0.09522203736969058,0.09955950069047707,0.005841563099589447,18,31,0.05570260050250234,0.17835848996250847,True,False,True,0.00020882863553399074,COMPLETE
1293,0.4167516350746155,2025-04-16 03:26:07.193643,2025-04-16 03:26:27.153833,0 days 00:00:19.960190,0.5053239467119799,0.3398705014761895,16,0.04324952706768634,0.2058461785832232,0.07686069651145577,0.01862866672199081,0.09347218424097535,0.09851466132321468,0.006186775660068849,19,30,0.05613820415433821,0.17355707644847326,True,False,True,0.0002794688135892183,COMPLETE
1294,0.33549188375473027,2025-04-16 03:26:27.571227,2025-04-16 03:27:34.480983,0 days 00:01:06.909756,0.4849409075864195,0.33774005405338614,2,0.054540776097887676,0.2057272381038268,0.08011809155861799,0.01953800862339736,0.0942147049588326,0.09807568633113914,0.005885419205534717,19,26,0.05536906423276402,0.18419419522906982,True,False,True,0.00038342128707105687,COMPLETE
1295,0.3594921588897705,2025-04-16 03:27:34.898566,2025-04-16 03:27:54.897303,0 days 00:00:19.998737,0.4903995289875414,0.34860616968984254,16,0.057376135760609535,0.201314348124415,0.0815267969465374,0.019488626613050335,0.09620794651260292,0.0980488870089708,0.00674865641276338,19,30,0.05563978147662524,0.17466200860536568,True,False,True,0.00032236754537026566,COMPLETE
1296,0.3233428359031677,2025-04-16 03:27:55.336265,2025-04-16 03:28:14.956457,0 days 00:00:19.620192,0.49358954997636034,0.3322909379717459,16,0.07070635660149963,0.20773199076562457,0.08102825158439966,0.02173642834937009,0.09198638065097355,0.09952558009509628,0.005849812769452695,19,23,0.053711080239038145,0.18028169567723615,True,False,True,5.273267839648806e-06,COMPLETE
1297,0.41583354473114015,2025-04-16 03:28:15.379846,2025-04-16 03:28:34.472294,0 days 00:00:19.092448,0.5136457914513988,0.3305778001259643,16,0.04378842377836917,0.20894492023602157,0.07948106256136786,0.01878449206783774,0.0942126737047688,0.09904264060797359,0.00546851933442524,18,23,0.055460057093810355,0.17529861028149105,True,False,True,0.0002626565406469478,COMPLETE
1298,0.4026541590690613,2025-04-16 03:28:34.893485,2025-04-16 03:28:54.296306,0 days 00:00:19.402821,0.5176099086113444,0.3557221361511069,16,0.049378991148217796,0.19485373891586621,0.07885249015725837,0.020649291346367248,0.09645400659190505,0.09994920036406285,0.09538461118571338,18,28,0.05680697379662601,0.18061735990645145,True,False,True,0.0001853527753868855,COMPLETE
1299,0.4136054873466492,2025-04-16 03:28:54.716284,2025-04-16 03:29:21.004541,0 days 00:00:26.288257,0.509216731058719,0.32992557092122593,8,0.04506567795723129,0.20835977160776725,0.07766645704571612,0.017152232654757935,0.09121963665091083,0.09992931058904592,0.0061696293440162,19,25,0.053217269311494814,0.17423457234582396,True,False,True,0.0003994733903222956,COMPLETE
1300,0.3993210792541504,2025-04-16 03:29:21.423551,2025-04-16 03:29:40.738280,0 days 00:00:19.314729,0.5017573735263227,0.3691816371424529,16,0.04766125090740932,0.19563282890509393,0.07930168193409778,0.021908741805293286,0.09275478305502356,0.09993923447358011,0.006907898767810892,18,30,0.05517218925934325,0.1705490809744222,True,False,True,0.00029321022693144593,COMPLETE
1301,0.4046610116958619,2025-04-16 03:29:41.162215,2025-04-16 03:30:00.070840,0 days 00:00:18.908625,0.5095109441618563,0.35407055440623564,16,0.04135598314553593,0.20347971010010082,0.0782739081706366,0.01782662702624855,0.09703633330923178,0.09779592828528084,0.007574578668248132,19,20,0.05706206323774477,0.1853199994556928,False,False,True,0.00022254898852986654,COMPLETE
1302,0.36104068756103513,2025-04-16 03:30:00.488579,2025-04-16 03:30:20.216732,0 days 00:00:19.728153,0.5033431600159995,0.3226614042335995,16,0.05416973881936077,0.1927708044511105,0.07707825458372815,0.019383186917030008,0.005684175094280576,0.09381181812183564,0.0058440376129044605,19,29,0.053481795412542076,0.16802944832125905,True,False,True,0.0001479554162340446,COMPLETE
1303,0.3317847132682801,2025-04-16 03:30:20.632852,2025-04-16 03:30:40.006671,0 days 00:00:19.373819,0.48751434673048005,0.3589605789749886,16,0.0656021390968895,0.20017056102132258,0.07855462403270753,0.01694135196955068,0.09478430728271109,0.09627301210499385,0.007079123041045299,18,27,0.05719792834756922,0.17691691217775188,True,False,True,0.00034799501231445363,COMPLETE
1304,0.41283133029937746,2025-04-16 03:30:40.427853,2025-04-16 03:31:00.077395,0 days 00:00:19.649542,0.5157519925242825,0.34867074536740483,16,0.04013638481473064,0.19538458209642146,0.07780522213326588,0.020512496522139576,0.09050853752523709,0.09631564809023904,0.008156014743476518,18,31,0.05459969935973627,0.17110235481036623,True,False,True,0.0002555416361402782,COMPLETE
1305,0.28434602022171024,2025-04-16 03:31:00.493202,2025-04-16 03:31:22.866190,0 days 00:00:22.372988,0.48313971420876767,0.3685525547890045,16,0.0495321138675466,0.20493514672828042,0.07603525333359801,0.022018379477158435,0.09315522633047942,0.09759969251836374,0.005726919893922277,19,33,0.05716670204330002,0.1656652405473226,True,False,False,0.00018260153230267889,COMPLETE
1306,0.15586085915565492,2025-04-16 03:31:23.308124,2025-04-16 03:31:43.098142,0 days 00:00:19.790018,0.5214956791790514,0.3340888811283364,16,0.17104809710284227,0.2009115921837298,0.07974163514186289,0.018894453370624464,0.09528650552534801,0.09847346076144203,0.007689971009149625,19,33,0.053154535610670614,0.18607604638508915,True,False,True,0.00031584149817394505,COMPLETE
1307,0.41722846031188965,2025-04-16 03:31:43.523104,2025-04-16 03:32:02.944879,0 days 00:00:19.421775,0.46668231032391305,0.33891724418016816,16,0.04160859395723615,0.2123212288225808,0.07629805424280915,0.02708575332931162,0.09140171686899946,0.0949477039270676,0.008846964561235869,18,30,0.055828333308099935,0.1758755204682085,True,False,True,0.00022132636187837106,COMPLETE
1308,0.37378008365631105,2025-04-16 03:32:03.373244,2025-04-16 03:32:22.895435,0 days 00:00:19.522191,0.5148542178089576,0.3436670029091217,16,0.05745656935216518,0.212541745335678,0.07964433853816129,0.028744585084099133,0.09011894378486805,0.0965477676427622,0.007760664444930759,18,26,0.058019531498192944,0.18121977876320933,True,False,True,0.0004279536178400887,COMPLETE
1309,0.1888286888599396,2025-04-16 03:32:23.316642,2025-04-16 03:32:42.721006,0 days 00:00:19.404364,0.49454655321686203,0.3321992118906031,16,0.05126320725700923,0.20311679520762543,0.07607991321110828,0.02651902641732467,0.09742605760818455,0.09451773111053104,0.005641496105496743,18,29,0.05696924219477654,0.17785061170862507,True,True,True,0.000261167264679686,COMPLETE
