number,value,datetime_start,datetime_complete,duration,params_alpha-eval,params_alpha-train,params_batch-size,params_eps-eval,params_eps-train,params_lambda-actions-eval,params_lambda-actions-train,params_lambda-frames-eval,params_lambda-frames-train,params_learning-rate,params_n-epochs,params_n-frames,params_radius-gw,params_rho,params_std-feats,params_ub-actions,params_ub-frames,params_weight-decay,state
1880,0.3801126480102539,2025-04-16 07:43:31.892435,2025-04-16 07:43:59.212492,0 days 00:00:27.320057,0.4912701575346895,0.15685684743942513,8,0.07843947534232594,0.17041366761540883,0.09500424406080901,0.03630853775749737,0.09561236759743878,0.0981711925804897,0.010028055880094498,20,27,0.05200272732910089,0.218155493505337,True,False,True,5.803097241061365e-06,COMPLETE
1881,0.43277035951614384,2025-04-16 07:43:59.822140,2025-04-16 07:44:26.733481,0 days 00:00:26.911341,0.5240691449334889,0.19382883226572767,8,0.07195789624313177,0.1637092664087691,0.09750890570919507,0.0361620637572702,0.09386415520735651,0.09659224191759518,0.012405949483911369,20,30,0.04974426500412063,0.23214024236513228,True,False,True,4.760169048062472e-06,COMPLETE
1882,0.29385978579521177,2025-04-16 07:44:27.362050,2025-04-16 07:44:55.484368,0 days 00:00:28.122318,0.5240043354279689,0.16833844111701188,8,0.07087979089097114,0.1761861731431782,0.0977168024854358,0.03853518085661104,0.0073178702053507405,0.09506026268042801,0.013176420686976692,21,30,0.048617750251899475,0.2346343742351983,True,True,True,4.265302202911976e-06,COMPLETE
1883,0.4216585993766785,2025-04-16 07:44:56.092216,2025-04-16 07:45:23.983599,0 days 00:00:27.891383,0.5331611766745273,0.14276499712491728,8,0.07190104930899915,0.1669935284453784,0.09836145302140065,0.03864078521920961,0.09325046767853876,0.09996898240404159,0.012944907952328954,21,30,0.049233995620790345,0.23542677695676828,True,False,True,3.2986590598381286e-06,COMPLETE
1884,0.40970827341079713,2025-04-16 07:45:24.609482,2025-04-16 07:45:52.375557,0 days 00:00:27.766075,0.524537499111567,0.1803584764456678,8,0.06915367875946017,0.1834026966262668,0.09724235998865911,0.0365486891992638,0.09382949141840889,0.09435152792117492,0.013305092853214028,21,30,0.04888152342809402,0.2316703621557309,True,False,True,4.9527226801690425e-06,COMPLETE
1885,0.42786914110183716,2025-04-16 07:45:52.981549,2025-04-16 07:46:19.935210,0 days 00:00:26.953661,0.5263917686096398,0.1924265062101335,8,0.07133980524999063,0.17296348622042051,0.09359404940003366,0.03415687479020734,0.09343885212659891,0.09602163890324117,0.011977859955093189,20,27,0.04954001990753849,0.22937876727713866,True,False,True,4.209387820618366e-06,COMPLETE
1886,0.43356698751449585,2025-04-16 07:46:20.537914,2025-04-16 07:46:48.263074,0 days 00:00:27.725160,0.5264876650694935,0.16458690686667876,8,0.076187787195286,0.1622529152839562,0.09786253741669992,0.09996012332269275,0.09530822090072787,0.09667251505500102,0.011821460776911548,21,30,0.04786378530889263,0.2280381837540021,True,False,True,2.4898876770495884e-06,COMPLETE
1887,0.35980790853500366,2025-04-16 07:46:48.888807,2025-04-16 07:47:18.985181,0 days 00:00:30.096374,0.5154130409053018,0.15937835731096256,8,0.07747214552459139,0.16569076005552605,0.09805747675968567,0.038354090646234476,0.09432222382188442,0.09337749348308667,0.01350134987625689,21,78,0.050236891938676406,0.23097624887081356,True,False,True,2.757791838682354e-06,COMPLETE
1888,0.3680346965789795,2025-04-16 07:47:19.621847,2025-04-16 07:47:47.744298,0 days 00:00:28.122451,0.5012073094001952,0.15162852735852805,8,0.0797240923183991,0.17583050471618988,0.096867527993315,0.09108816020015933,0.09312737741480477,0.09532406841225466,0.011876287705346196,21,30,0.051849533000947606,0.2352662010838117,True,False,True,3.432407848894819e-06,COMPLETE
1889,0.38985269069671635,2025-04-16 07:47:48.351849,2025-04-16 07:48:15.933788,0 days 00:00:27.581939,0.5172260277364067,0.1016870902190685,8,0.07683329366604937,0.1642359656665364,0.0986730665134931,0.0388110689651634,0.09316922509027623,0.09374577804252981,0.012445808160637402,21,30,0.04832404581715495,0.22734652041558265,True,False,True,3.892631876163297e-06,COMPLETE
1890,0.3838099241256714,2025-04-16 07:48:16.563804,2025-04-16 07:48:44.018008,0 days 00:00:27.454204,0.4994188591223446,0.11441859569944053,8,0.07871774166825919,0.17065801411802273,0.09496698680950029,0.036426424608223235,0.09354088457323387,0.0963678645984901,0.013337173819978471,21,29,0.048303866431652284,0.22655162283606584,True,False,True,2.203529860588294e-06,COMPLETE
1891,0.4242274522781372,2025-04-16 07:48:44.622938,2025-04-16 07:49:12.462337,0 days 00:00:27.839399,0.5289412546890698,0.14698017698423743,8,0.0714260683715131,0.16340984170442496,0.09992577496345073,0.03690445949590764,0.09497942540887762,0.09490651010255953,0.013911016595416839,21,31,0.05003461085789629,0.234123437458539,True,False,True,2.813506513175915e-06,COMPLETE
1892,0.3547276139259339,2025-04-16 07:49:13.088421,2025-04-16 07:49:40.660641,0 days 00:00:27.572220,0.48979539719902454,0.1707042233526289,8,0.08139198677379088,0.17906813813949277,0.09618918024794965,0.06978090529329961,0.09333494620965704,0.09661004508188155,0.011213710439636626,21,27,0.05176946934068873,0.22578875725960532,True,False,True,1.7816714161566072e-06,COMPLETE
1893,0.3921761155128479,2025-04-16 07:49:41.295203,2025-04-16 07:50:09.136597,0 days 00:00:27.841394,0.5299303350228264,0.14202308562423824,8,0.07714497408919736,0.16836151329052954,0.09788460468146083,0.0868851011435936,0.09551707436127571,0.09400952689661995,0.011380540234406008,21,31,0.048224865412227605,0.23447303422588087,True,False,True,2.3239709575527734e-06,COMPLETE
1894,0.4119978904724121,2025-04-16 07:50:09.747170,2025-04-16 07:50:36.629655,0 days 00:00:26.882485,0.5155778860131774,0.13243683026435485,8,0.07236479128341301,0.171283629667992,0.09407848241133314,0.03480463269349777,0.09338448362585712,0.09686863670622878,0.013783634561459345,20,30,0.050311737641981644,0.22345991153754058,True,False,True,4.66161082529768e-06,COMPLETE
1895,0.3519108772277832,2025-04-16 07:50:37.264001,2025-04-16 07:51:04.571422,0 days 00:00:27.307421,0.5318115336526665,0.18699141394985647,8,0.08231287748384043,0.16149271054081352,0.09999694652157994,0.03952148283766941,0.0950746060927711,0.09494958491177839,0.011019402668795418,21,27,0.051925811445981865,0.23215556290865672,False,False,True,5.602508644561853e-06,COMPLETE
1896,0.4324226260185242,2025-04-16 07:51:05.181299,2025-04-16 07:51:32.040478,0 days 00:00:26.859179,0.49012456482076233,0.17583567141575052,8,0.07567363655369609,0.1602994698961008,0.09652969528340177,0.03512176630575649,0.095438064430377,0.09799544677136114,0.010813169421491865,20,27,0.04823760164667743,0.21929989356184737,True,False,True,3.351676534865748e-06,COMPLETE
1897,0.3748935222625732,2025-04-16 07:51:32.672099,2025-04-16 07:51:59.848002,0 days 00:00:27.175903,0.4873748789184754,0.17894591539387153,8,0.08236891427154475,0.17647737981867218,0.09679948083204824,0.07845414851323017,0.09290408591704696,0.09332214633421206,0.013875760294834774,20,27,0.050364847802583455,0.21845586952052898,True,False,True,2.50770025077639e-06,COMPLETE
1898,0.25108467340469365,2025-04-16 07:52:00.457964,2025-04-16 07:52:27.405141,0 days 00:00:26.947177,0.4873501886202706,0.12189768496027154,8,0.07733703157424904,0.18316718220859274,0.09798329201083707,0.09375202943049912,0.09344150278996291,0.09680066282888064,0.013669098003943825,20,30,0.04825393948811187,0.03784483393690455,True,False,True,3.164739323064723e-06,COMPLETE
1899,0.3033729910850525,2025-04-16 07:52:28.033059,2025-04-16 07:52:59.245915,0 days 00:00:31.212856,0.48714981127072443,0.15755648028979022,8,0.07046187127195896,0.16899131650638777,0.09609778585254225,0.03440016738196671,0.09383488582922929,0.09818635284728829,0.010889975202544429,21,25,0.05139678175911597,0.21817967396211216,True,False,False,3.3663031788493904e-06,COMPLETE
1900,0.4321068048477173,2025-04-16 07:52:59.881981,2025-04-16 07:53:26.600389,0 days 00:00:26.718408,0.48936340081268215,0.15875069001088307,8,0.08093693806928867,0.1632462237588389,0.09782962338123358,0.033671515897428936,0.025331333264588612,0.09299569372116409,0.01227459773161162,20,25,0.04971710046009399,0.2222919107760923,True,False,True,4.114836853873952e-06,COMPLETE
1901,0.2944778919219971,2025-04-16 07:53:27.215837,2025-04-16 07:54:43.732699,0 days 00:01:16.516862,0.4893879518486787,0.1288780166973095,2,0.08423660382491074,0.1717705176052198,0.0983241511568858,0.033207323647319126,0.015504287674616493,0.09317398357032727,0.013976265668312627,21,102,0.050481882140103455,0.21693450895568372,True,True,True,3.679882078768378e-06,COMPLETE
1902,0.38225400447845465,2025-04-16 07:54:44.365979,2025-04-16 07:55:12.295309,0 days 00:00:27.929330,0.4890005937359614,0.13333524598428834,8,0.0839309734045695,0.16480531170544055,0.09816156183838988,0.03263884052012641,0.09554085956808482,0.09280553333251347,0.012295358463880832,21,30,0.052368173211081434,0.2203782052634564,True,False,True,2.737578671791105e-06,COMPLETE
1903,0.27781888246536257,2025-04-16 07:55:12.924330,2025-04-16 07:55:40.096977,0 days 00:00:27.172647,0.490495095661877,0.15896739628891524,8,0.08090755387343701,0.177133874941269,0.09968992769924129,0.03294382661900446,0.014337126830878705,0.0927593232023646,0.012900435069386816,20,27,0.05138562029696751,0.05672564929719544,True,False,True,3.6300813648618555e-06,COMPLETE
1904,0.37415462732315063,2025-04-16 07:55:40.730871,2025-04-16 07:56:07.553726,0 days 00:00:26.822855,0.4881051112770459,0.144156186457023,8,0.08526729506967451,0.1611259833241209,0.09994958290705544,0.030208554381838816,0.0953908878531965,0.09995552311180407,0.014182028371124807,20,27,0.04963631753722181,0.21593720525128732,True,False,True,4.683934844898363e-06,COMPLETE
1905,0.42736141681671147,2025-04-16 07:56:08.191047,2025-04-16 07:56:35.888123,0 days 00:00:27.697076,0.5013418083573028,0.16135156157644215,8,0.07757215975425918,0.16802614472736313,0.09998571251067456,0.07727987639444289,0.03791667808535783,0.09291237156260017,0.011331455252855473,21,24,0.05181938983582479,0.22467529281380066,True,False,True,2.612812525850316e-06,COMPLETE
1906,0.35606706142425537,2025-04-16 07:56:36.502706,2025-04-16 07:57:04.077089,0 days 00:00:27.574383,0.5035718503574875,0.07531667696176814,8,0.08597866714288317,0.15940133792500857,0.09678920475657,0.033747430163165885,0.0954797007479069,0.09998676237785224,0.015111646620063857,21,30,0.0494498580227824,0.21478063097871947,True,False,True,1.9749080841745663e-06,COMPLETE
1907,0.39169480800628664,2025-04-16 07:57:04.712424,2025-04-16 07:57:31.670957,0 days 00:00:26.958533,0.49774698296953046,0.1057732625306646,8,0.07826343898734436,0.18283283248709037,0.09655419845035236,0.03147149916329568,0.007895081398410768,0.09488807932168644,0.011785726993311953,20,26,0.052226701413689666,0.22155752651857666,True,False,True,4.179555851670539e-06,COMPLETE
1908,0.4080237627029419,2025-04-16 07:57:32.281426,2025-04-16 07:57:58.838303,0 days 00:00:26.556877,0.48695427852758216,0.15936940105992933,8,0.07038902250264076,0.17403799063651768,0.09796061802034176,0.035046744417914735,0.003721134162671419,0.09510361342023224,0.014402502285458961,20,24,0.049741215806787656,0.22795578415404544,True,False,True,5.072012089778038e-06,COMPLETE
1909,0.3845934748649597,2025-04-16 07:57:59.477237,2025-04-16 07:58:26.467252,0 days 00:00:26.990015,0.5020385478491823,0.1326874672240764,8,0.08245738740588104,0.16491066821304723,0.09473804826598091,0.02912510372760744,0.017782003065347014,0.09265605739696027,0.010728489053477298,20,28,0.04870163838208423,0.21403791062101984,True,False,True,3.291145204598811e-06,COMPLETE
1910,0.4298969864845276,2025-04-16 07:58:27.084474,2025-04-16 07:58:54.959053,0 days 00:00:27.874579,0.5129364336079515,0.16408418425435337,8,0.07633688758131657,0.15900413063783603,0.09647434813587959,0.08394262515594078,0.02583730500006344,0.09520579705472224,0.014604361417269719,21,30,0.05213958847947876,0.22083392904376276,True,False,True,5.33939556239081e-06,COMPLETE
1911,0.3992855191230774,2025-04-16 07:58:55.600394,2025-04-16 07:59:22.550021,0 days 00:00:26.949627,0.4834156172093844,0.17674029604702685,8,0.08676993943240338,0.16980113778793968,0.09804961930237681,0.08074942140476696,0.04841770566370312,0.09996718227046225,0.010539527132091242,20,24,0.09421754070635445,0.22497859170101822,True,False,True,4.4498969913375165e-06,COMPLETE
1912,0.4216355085372925,2025-04-16 07:59:23.185012,2025-04-16 07:59:50.176401,0 days 00:00:26.991389,0.5093280318093814,0.1357877862994406,8,0.08043110616968382,0.16412617943808414,0.09481276128364242,0.03494085596163731,0.021509702571260926,0.09686625844781856,0.01217720365659709,20,22,0.04790216824751503,0.21829518874817783,True,False,True,2.4380420348736675e-06,COMPLETE
1913,0.3741686344146729,2025-04-16 07:59:50.816171,2025-04-16 08:00:17.973714,0 days 00:00:27.157543,0.5142396978045298,0.1793558834834052,8,0.07024720390709815,0.15920032356258404,0.09639745934134901,0.03232231355264721,0.010795089305844318,0.09465463432838053,0.010739008686931464,21,27,0.05003616255474798,0.21521922596493542,False,False,True,3.797804728155885e-06,COMPLETE
1914,0.4166496276855469,2025-04-16 08:00:18.590875,2025-04-16 08:00:45.878270,0 days 00:00:27.287395,0.4904062951960308,0.166028260978355,8,0.07672273381621535,0.17225155575240006,0.09383194965493608,0.08832867038888331,0.0959250881306706,0.0978477277527433,0.01285768251136108,20,24,0.048209893232448134,0.2288076570593682,True,False,True,6.433403718370924e-06,COMPLETE
1915,0.4168393969535828,2025-04-16 08:00:46.518335,2025-04-16 08:01:15.578751,0 days 00:00:29.060416,0.5098148456895103,0.14725611424778748,8,0.0845188124380625,0.16539475001180381,0.0981220329890848,0.03457967354412178,0.09587388076451622,0.09304054194870308,0.01040766514179072,20,74,0.05196173645937539,0.21267666244259997,True,False,True,1.3384857255189984e-06,COMPLETE
1916,0.2364314913749695,2025-04-16 08:01:16.195675,2025-04-16 08:01:42.972297,0 days 00:00:26.776622,0.4876209524039574,0.18359904544305203,8,0.06964589496930075,0.1594622988621335,0.09584305889388743,0.07388069181524826,0.095714500642922,0.09654949260817673,0.009594711524882622,20,21,0.02830611997650392,0.22201625474437411,True,False,True,1.7286507451524429e-06,COMPLETE
1917,0.31485483050346375,2025-04-16 08:01:43.612301,2025-04-16 08:02:14.892695,0 days 00:00:31.280394,0.5308510310561377,0.18728526141638152,8,0.08957504806743849,0.17650466365230877,0.0999971999452159,0.02839902629197473,0.0959243455043093,0.09794095642975625,0.015594986532269683,21,30,0.04982142276936504,0.2298755729142861,True,False,False,2.9638929659509862e-06,COMPLETE
1918,0.39202591180801394,2025-04-16 08:02:15.509620,2025-04-16 08:02:42.576033,0 days 00:00:27.066413,0.5191573071661909,0.11325722552036838,8,0.07586867191604274,0.1689983274049432,0.09787726519806479,0.03260615328593589,0.09341668321256218,0.09502194126436272,0.01236908209514001,20,26,0.04774955922130149,0.21236790905792732,True,False,True,5.606398318807274e-06,COMPLETE
1919,0.41827791929244995,2025-04-16 08:02:43.213756,2025-04-16 08:03:10.630341,0 days 00:00:27.416585,0.5339376857648523,0.19175469037802606,8,0.08123364851005348,0.1554742461633058,0.09404794775385998,0.030685241206397446,0.025464459904776925,0.09296114920832708,0.01024707462280192,21,21,0.05217779747437366,0.21840807303758583,True,False,True,3.894300833986835e-06,COMPLETE
1920,0.1888286888599396,2025-04-16 08:03:11.251545,2025-04-16 08:03:38.060586,0 days 00:00:26.809041,0.7410616922459603,0.15537090247060936,8,0.0698259957690178,0.1640907988127181,0.09623884721513312,0.09602718934975095,0.0037817937340587984,0.09998134295590816,0.010070867533154932,20,24,0.05013392538873655,0.22035405025694121,True,True,True,6.587513184280719e-06,COMPLETE
1921,0.29642410874366765,2025-04-16 08:03:38.702629,2025-04-16 08:04:49.459986,0 days 00:01:10.757357,0.5108244525814377,0.16793927235342548,2,0.08587272555910964,0.1570892560951631,0.09267826005844852,0.03604130834575929,0.020426203377291424,0.09668068514905494,0.014969240747001329,20,27,0.04780872085618624,0.2266824250797844,True,False,True,2.9232432673234643e-06,COMPLETE
1922,0.42514212131500245,2025-04-16 08:04:50.077865,2025-04-16 08:05:17.635110,0 days 00:00:27.557245,0.48700792203564003,0.18207041618514216,8,0.07597450871183932,0.16847840532348002,0.09820396088298947,0.08576136424460909,0.034333582886368154,0.09822001287129688,0.01114377918235319,21,21,0.05206641649106522,0.21193818490003855,True,False,True,4.962159715292543e-06,COMPLETE
1923,0.394819974899292,2025-04-16 08:05:18.275614,2025-04-16 08:05:45.246442,0 days 00:00:26.970828,0.5341873640136515,0.19406972214849796,8,0.08102902225646295,0.18005654756579506,0.09531595903412537,0.03377738322038823,0.020073547921156933,0.09497723099640291,0.009917040841414329,20,30,0.04992485866578834,0.23250026210251024,True,False,True,4.242326868102023e-06,COMPLETE
1924,0.39271833896636965,2025-04-16 08:05:45.862557,2025-04-16 08:06:13.549483,0 days 00:00:27.686926,0.5087065836585943,0.14179117795179383,8,0.09219828070117797,0.15992186944584402,0.09706278025330073,0.03675213233191571,0.02789633128839309,0.09802000206085656,0.01307072597778429,21,24,0.0476959869995343,0.22264724379681147,True,False,True,3.3447092470483886e-06,COMPLETE
1925,0.4128888726234436,2025-04-16 08:06:14.188919,2025-04-16 08:06:41.060133,0 days 00:00:26.871214,0.6691299359905623,0.19335590603669323,8,0.07452414331112686,0.15353233062970195,0.09983732323386665,0.03086828401559822,0.04235964050328403,0.09328348517436098,0.00955438017360305,20,27,0.05000093573532039,0.21272157102134215,True,False,True,2.293050898264918e-06,COMPLETE
1926,0.311559271812439,2025-04-16 08:06:41.707580,2025-04-16 08:07:08.524167,0 days 00:00:26.816587,0.5329698538152986,0.16604794717116333,8,0.06926958669337173,0.1719716913472396,0.09373982026613326,0.034842376733750784,0.09556068883429003,0.0962181248346756,0.014801036389906121,20,18,0.04798169806975821,0.22704511230193739,True,False,True,6.31497984362792e-06,COMPLETE
1927,0.24885587096214296,2025-04-16 08:07:09.143955,2025-04-16 08:07:35.786235,0 days 00:00:26.642280,0.49038644412677623,0.193005780906739,8,0.14958655697230655,0.163394810579724,0.0953863518150018,0.03213587821663502,0.010918559743271064,0.09815230517933571,0.012176260061988102,20,22,0.051855809436785916,0.21684377252615866,True,False,True,4.9678691050589615e-06,COMPLETE
1928,0.24660009145736694,2025-04-16 08:07:36.425953,2025-04-16 08:08:04.096500,0 days 00:00:27.670547,0.511459950197712,0.12107875657880933,8,0.08650710104448117,0.15132243657756492,0.09234112093564303,0.07122532839639366,0.09296032792736302,0.09537349348263285,0.009767674672958337,21,27,0.047483290911179414,0.07615509426086661,True,False,True,5.945542851855255e-06,COMPLETE
1929,0.36173256635665896,2025-04-16 08:08:04.713539,2025-04-16 08:08:31.788409,0 days 00:00:27.074870,0.5392510508056619,0.17087550317153563,8,0.08020850747531127,0.17625395186851653,0.09794700815751724,0.028559579998235142,0.09624919585964624,0.09331783196714308,0.009918203430377425,20,30,0.05020174621291964,0.20868345162913,True,False,True,6.850112068281875e-06,COMPLETE
1930,0.4302965998649598,2025-04-16 08:08:32.427713,2025-04-16 08:08:59.620698,0 days 00:00:27.192985,0.49067669585417123,0.1955141552290977,8,0.0759340641997253,0.1664362827064163,0.09639406403449449,0.03632157514203038,0.09648027085420739,0.09823753702899542,0.012034891237248218,20,24,0.05181907808649842,0.23454995651145585,True,False,True,2.9319960416785403e-06,COMPLETE
1931,0.268070912361145,2025-04-16 08:09:00.238321,2025-04-16 08:09:27.978280,0 days 00:00:27.739959,0.5171273114474644,0.20027210031990778,8,0.0857084834007327,0.15863135392755806,0.09998813565976636,0.033583016799541385,0.013107916724169548,0.09993979533960984,0.009771679640571936,21,19,0.04773858860387473,0.22478166881081912,True,False,True,4.016372287815428e-06,COMPLETE
1932,0.38217419385910034,2025-04-16 08:09:28.637103,2025-04-16 08:09:55.197148,0 days 00:00:26.560045,0.48346295773894826,0.15046942651710174,8,0.06934674979714824,0.16981312366387952,0.09416303405481707,0.03483322170147509,0.09336478058547942,0.09645441390708262,0.01463306981835146,20,25,0.04948362605864198,0.21792029729624993,False,False,True,2.2294383825884447e-06,COMPLETE
1933,0.3219372987747192,2025-04-16 08:09:55.839061,2025-04-16 08:10:29.161970,0 days 00:00:33.322909,0.9444932962390252,0.17746809627313112,8,0.09256140033615072,0.15411855423615914,0.09787725269900997,0.03044123454992796,0.09511944763451127,0.09465980967519085,0.01162547707970625,21,120,0.04728446597536708,0.21146875710719235,True,False,True,5.081880458493263e-06,COMPLETE
1934,0.3559851229190827,2025-04-16 08:10:29.784185,2025-04-16 08:10:57.035441,0 days 00:00:27.251256,0.8132910579936234,0.19832385715988246,8,0.07892193539615192,0.1630265962888259,0.09211589185400115,0.03880253471353207,0.09630943164857389,0.09224747343523026,0.009301196502182286,20,31,0.05227342533802175,0.23050804393537772,True,False,True,7.231141614868142e-06,COMPLETE
1935,0.4259634613990784,2025-04-16 08:10:57.676608,2025-04-16 08:11:24.196042,0 days 00:00:26.519434,0.5433368907658714,0.15680643872634673,8,0.08194625044948829,0.15771587972502152,0.09511616005805672,0.03652187507630088,0.029371025429429435,0.09664588665022987,0.012824750722363703,20,21,0.049719443460566747,0.21793923239773227,True,False,True,3.941223046388064e-06,COMPLETE
1936,0.3097932875156403,2025-04-16 08:11:24.841711,2025-04-16 08:11:56.017549,0 days 00:00:31.175838,0.5110452824312501,0.13447231875968263,8,0.07449660696803496,0.1746337640839058,0.09679769197260064,0.03273010121312625,0.09359039660432002,0.09495808733521331,0.01039130967033377,21,27,0.05033246710110295,0.2234733882845837,True,False,False,3.042782687816047e-06,COMPLETE
