number,value,datetime_start,datetime_complete,duration,params_alpha-eval,params_alpha-train,params_batch-size,params_eps-eval,params_eps-train,params_lambda-actions-eval,params_lambda-actions-train,params_lambda-frames-eval,params_lambda-frames-train,params_learning-rate,params_n-epochs,params_n-frames,params_radius-gw,params_rho,params_std-feats,params_ub-actions,params_ub-frames,params_weight-decay,state
113,0.406745970249176,2025-04-15 19:56:09.525869,2025-04-15 19:56:29.613327,0 days 00:00:20.087458,0.43021945491729446,0.8645552145924942,16,0.03280001060328696,0.2240602428972725,0.06139987313063634,0.02258168275981144,0.07421825343506273,0.06072291244910388,1.3428944913036026e-05,16,53,0.05597952016311517,0.18566737497660066,True,False,True,0.00037491330638461087,COMPLETE
114,0.4056463837623597,2025-04-15 19:56:29.651299,2025-04-15 19:56:49.065829,0 days 00:00:19.414530,0.43347665709840283,0.8663005771786135,16,0.023622857552752237,0.23380778496173513,0.062431045458524716,0.026587168962964047,0.07336638884538925,0.06102564677443516,1.45680542867751e-05,16,48,0.05689353657974139,0.15616830726336378,True,False,True,0.0003886512237336622,COMPLETE
115,0.3698423862457276,2025-04-15 19:56:49.104080,2025-04-15 19:57:09.144892,0 days 00:00:20.040812,0.44146011318494033,0.8647174561967412,16,0.006473453242963247,0.21690724133134778,0.061569079514646366,0.019476968618726317,0.0731885039973846,0.05339458962176115,1.8697139001004667e-05,16,53,0.05036087447024877,0.19086527991882046,True,True,True,0.0005454418555073977,COMPLETE
116,0.2756774663925171,2025-04-15 19:57:09.183042,2025-04-15 19:57:29.830571,0 days 00:00:20.647529,0.3273845662763547,0.8105156743141467,16,0.058681235004429254,0.22707677257029116,0.06840540811526816,0.026241942453014203,0.07842667610029931,0.05752032598297024,3.1691908060745e-05,16,63,0.05558324549193118,0.1542289388801665,True,False,True,0.000399388021108417,COMPLETE
117,0.31283252835273745,2025-04-15 19:57:29.869755,2025-04-15 19:57:47.997766,0 days 00:00:18.128011,0.4030636495852592,0.8976846281114068,16,0.014703335483556526,0.22463081083901865,0.05975200977943865,0.018600823064240296,0.07420240433936097,0.060716250240008325,1.5458106262837095e-05,12,50,0.0537220596456149,0.16823431498107622,True,False,True,0.0002566217463501702,COMPLETE
118,0.33194584846496583,2025-04-15 19:57:48.037928,2025-04-15 19:58:06.593968,0 days 00:00:18.556040,0.4227904937052297,0.8657572905734408,16,0.05079516530410025,0.2133169333523768,0.06313914484420219,0.023069074975750368,0.07152348472640029,0.059165921481895443,2.3921647624969606e-05,14,47,0.059597859327863364,0.18328150840305985,True,False,True,0.0005414073457132837,COMPLETE
119,0.37818722724914555,2025-04-15 19:58:06.635676,2025-04-15 19:58:25.363642,0 days 00:00:18.727966,0.48162783090800515,0.8860513463837638,16,0.020838185530469254,0.23345068318398138,0.05363849551691298,0.030598627308886732,0.07586327564582272,0.06943005517729928,1.4145617292284741e-05,13,58,0.042219301617113035,0.12532155983796234,True,False,True,0.0002764027012587059,COMPLETE
120,0.3365643382072449,2025-04-15 19:58:25.402990,2025-04-15 19:58:46.621845,0 days 00:00:21.218855,0.38201005383527725,0.7896588873854415,16,0.04429725304080234,0.20371008780226038,0.060986138959189584,0.03621420312698731,0.0822472484125694,0.06306823173790559,5.6438984414944963e-05,17,65,0.05637356095254667,0.1342081128487404,True,False,True,0.00015719133477987455,COMPLETE
121,0.4083718299865723,2025-04-15 19:58:46.661354,2025-04-15 19:59:06.060005,0 days 00:00:19.398651,0.5111655541204714,0.8408253551920832,16,0.02372686655897624,0.24051488423091633,0.05687868404932348,0.027201006505835797,0.07250877491354467,0.06505914577447368,2.0108230283315533e-05,15,52,0.05213694137612831,0.17183321198131996,True,False,True,0.0006583532581851454,COMPLETE
122,0.40833597183227544,2025-04-15 19:59:06.099917,2025-04-15 19:59:25.539018,0 days 00:00:19.439101,0.5035695848272603,0.8447047399361655,16,0.026322505934055797,0.2211725970274123,0.06723686784929198,0.026673919613531216,0.07225589469477668,0.06539699635843703,1.9560600678353424e-05,15,53,0.051990642433380946,0.17509080218395878,True,False,True,0.0006556643415424809,COMPLETE
123,0.4079079389572144,2025-04-15 19:59:25.590188,2025-04-15 19:59:44.946820,0 days 00:00:19.356632,0.45436107070176535,0.8300816746796196,16,0.023676861743903207,0.2290205746631513,0.06691289603904409,0.02655084755628903,0.07305976350547357,0.06528076156381712,2.6916122774950262e-05,14,61,0.05228300021983091,0.17323791679810516,True,False,True,0.0006132455062739071,COMPLETE
124,0.4074195623397827,2025-04-15 19:59:44.987091,2025-04-15 20:00:04.028355,0 days 00:00:19.041264,0.45078050272151055,0.81107158635606,16,0.024196247154743188,0.23050433749241028,0.0664257495406149,0.032470892102606834,0.07300659522516702,0.061643778926337746,4.181698660669829e-05,15,49,0.04991791867249739,0.1714644225760981,True,False,True,0.0007391755459115035,COMPLETE
125,0.3099952101707458,2025-04-15 20:00:04.069042,2025-04-15 20:00:23.314018,0 days 00:00:19.244976,0.45726582997443993,0.805408965111904,16,0.008733705077127459,0.253494692158337,0.0670932287796873,0.034628260932841964,0.07773141819980141,0.06540521658608012,3.701768117611279e-05,15,49,0.04652036967018634,0.18785975597038596,True,False,True,0.0006709657542407285,COMPLETE
126,0.40693756341934206,2025-04-15 20:00:23.355658,2025-04-15 20:00:41.789862,0 days 00:00:18.434204,0.48903257502428177,0.8332809511230059,16,0.023194660758140744,0.24787633229353276,0.07093569470672988,0.0317762174098173,0.08014125258228667,0.051062956160064635,2.8706370377254043e-05,14,45,0.04964056779399569,0.17546825026784563,True,False,True,0.0008550408222784779,COMPLETE
127,0.40708107948303224,2025-04-15 20:00:41.832030,2025-04-15 20:01:01.445534,0 days 00:00:19.613504,0.4871573020884963,0.7719889011417408,16,0.02362778592053001,0.2472036277914746,0.07087490848196923,0.032813686665120925,0.08374286872562825,0.04433851047440529,3.100696607288378e-05,14,60,0.0491014723452806,0.17340497686927228,True,False,True,0.0008101352976620719,COMPLETE
128,0.29251062870025635,2025-04-15 20:01:01.489395,2025-04-15 20:01:19.294429,0 days 00:00:17.805034,0.5073930258458244,0.7642572050482166,16,0.014991995901735954,0.2430054208069583,0.0704136079134489,0.03263639488113837,0.08064057985346001,0.03823887719582029,4.845040687906244e-05,14,62,0.04865306622723379,0.17433941912200396,False,False,True,0.0009911008714307572,COMPLETE
129,0.38373899459838867,2025-04-15 20:01:19.337187,2025-04-15 20:01:38.235550,0 days 00:00:18.898363,0.48896677509527436,0.5877354514496341,16,0.02415109725784711,0.24995872862468232,0.07741882303286385,0.029965128372247015,0.0846675600839457,0.04488167765646489,2.9558147144272424e-05,13,60,0.04344093888959976,0.17846325966075025,True,False,True,0.0007378912248191984,COMPLETE
130,0.17665489315986632,2025-04-15 20:01:38.278194,2025-04-15 20:01:58.401237,0 days 00:00:20.123043,0.48177811573532536,0.7996011003568176,16,0.00416645874003798,0.24723118623208515,0.06740130429240314,0.04189635719620223,0.08353336430393606,0.04965680681345702,4.21026942385408e-05,14,47,0.0500565081952857,0.16790589204762138,True,False,False,0.00036602194343360333,COMPLETE
131,0.3046741962432862,2025-04-15 20:01:58.444211,2025-04-15 20:02:16.473953,0 days 00:00:18.029742,0.4581069057306349,0.3366558964906531,16,0.019034423834501372,0.2301895303818189,0.08192421505306913,0.033737019466216725,0.07255388850939073,0.06093730817421961,1.980881193240041e-05,12,51,0.05215668833178512,0.17191549493045857,True,False,True,0.0003974739873482572,COMPLETE
132,0.38189393281936646,2025-04-15 20:02:16.517287,2025-04-15 20:02:34.672907,0 days 00:00:18.155620,0.40921965301084995,0.8276673282546103,16,0.04297863004352847,0.23494415499519877,0.06961996535086899,0.02667710692573742,0.07911431447105417,0.04122697232985079,2.727698180327971e-05,11,66,0.04957280585574419,0.18190858104668897,True,False,True,0.0006549389604526089,COMPLETE
133,0.4077784895896912,2025-04-15 20:02:34.716256,2025-04-15 20:02:54.438240,0 days 00:00:19.721984,0.5136608274420402,0.8813810915961203,16,0.02323553859254603,0.22260714146871044,0.0752366196137739,0.031300626284116874,0.07489016692241952,0.04781810459644843,3.505342349135603e-05,15,58,0.05261355714903954,0.16563359524103077,True,False,True,0.0008184337272277286,COMPLETE
134,0.3969909191131592,2025-04-15 20:02:54.481861,2025-04-15 20:03:14.174270,0 days 00:00:19.692409,0.5128919769821432,0.8772412367088565,16,0.02196734620559338,0.2293077833565466,0.07222021062407089,0.02794775486277303,0.08816753240438759,0.04593758348573841,3.483704986383951e-05,15,58,0.04571654693299818,0.18628767366582444,True,False,True,0.0008667865586667564,COMPLETE
135,0.38512052297592164,2025-04-15 20:03:14.218405,2025-04-15 20:03:33.738553,0 days 00:00:19.520148,0.4925252484750742,0.91997122503324,16,0.014567266219298419,0.05032274037258733,0.06552919019140531,0.03173618240582257,0.07456485719311137,0.04382269667320824,2.621962772324486e-05,13,69,0.05405307269078539,0.1748281596042548,True,False,True,0.00032043010873482954,COMPLETE
136,0.3952657222747803,2025-04-15 20:03:33.784446,2025-04-15 20:03:52.392603,0 days 00:00:18.608157,0.4415244993050916,0.8160287395018544,16,0.024585232353914032,0.24128986121558219,0.08234856059997325,0.03494847610560417,0.08131346944476092,0.03422195572265873,4.180713803295752e-05,14,44,0.04752769277727397,0.16698774906282016,True,True,True,0.00016308060732191795,COMPLETE
137,0.15768750309944152,2025-04-15 20:03:52.436980,2025-04-15 20:04:12.317227,0 days 00:00:19.880247,0.504521029361073,0.9020532029810471,16,0.17017035203648861,0.25768809547164095,0.07136276045804768,0.03865333391562611,0.07226370213824489,0.048364299413246735,5.375117383368972e-05,15,61,0.051447347853094946,0.19116456731306183,True,False,True,0.000507306815233078,COMPLETE
138,0.3102067708969116,2025-04-15 20:04:12.371985,2025-04-15 20:04:31.190226,0 days 00:00:18.818241,0.48119830948710735,0.9505401515359133,16,0.012478568096139776,0.2346167831525463,0.06729068620817977,0.024160857171529937,0.07772573343352886,0.05784393753890211,6.801874176069945e-05,13,57,0.0502687251550675,0.16461843307460547,True,False,True,0.00022367214745486262,COMPLETE
139,0.27739188075065613,2025-04-15 20:04:31.235694,2025-04-15 20:04:51.385243,0 days 00:00:20.149549,0.5220242678972509,0.782173153950842,16,0.00036448130434326917,0.22463447595846084,0.07436640707496114,0.029581071103190675,0.07506154001515758,0.05269092689259419,2.097408983318244e-05,14,72,0.054144195463387786,0.17848078457602426,True,False,True,0.0007686721568709177,COMPLETE
140,0.32258821129798887,2025-04-15 20:04:51.431344,2025-04-15 20:05:16.189015,0 days 00:00:24.757671,0.42862829860451024,0.8377079506154435,8,0.02493726430596656,0.23932498769716778,0.07568975921496827,0.018302352116602576,0.07997201205968961,0.05502508246340164,3.151211135958107e-05,16,51,0.038308209512675016,0.20233171391700885,True,False,True,0.00044920582526090377,COMPLETE
141,0.39365509748458866,2025-04-15 20:05:16.235209,2025-04-15 20:05:34.815146,0 days 00:00:18.579937,0.45092200498569035,0.8746973772303066,16,0.039042187361213766,0.22165621304956204,0.05588002439754793,0.027416679450064353,0.07686030182838664,0.06558888613201412,1.7810220868675112e-05,12,63,0.0521575652218452,0.1717383807814018,True,False,True,0.0006298370998162318,COMPLETE
142,0.4061886548995972,2025-04-15 20:05:34.861547,2025-04-15 20:05:54.344310,0 days 00:00:19.482763,0.4657962997904149,0.857375971443116,16,0.027192696195995895,0.2275695878170736,0.0651530405658945,0.02509239404095962,0.07249217589400558,0.06145861887924201,2.4514026773315698e-05,15,53,0.058322905769427856,0.14019673667242355,True,False,True,0.0009228091641326182,COMPLETE
143,0.40640326738357546,2025-04-15 20:05:54.390434,2025-04-15 20:06:13.446463,0 days 00:00:19.056029,0.3966683517126091,0.8481566612239924,16,0.018299394924557115,0.21377370851544358,0.06366334058833958,0.03276982681908178,0.07259090644075576,0.05161629382983239,2.3344252277262447e-05,15,48,0.05843627794410531,0.14080219752611414,True,False,True,0.0009842727405557905,COMPLETE
144,0.16149052381515505,2025-04-15 20:06:13.492149,2025-04-15 20:06:33.159174,0 days 00:00:19.667025,0.3643570810654563,0.8255062443911663,16,0.21086425900770872,0.2059343589350387,0.06566023904048696,0.03173240962805978,0.07161887446688157,0.0515389607862483,2.77522155392925e-05,15,58,0.0587823238467731,0.14535971054883284,True,False,True,0.0009675883755034925,COMPLETE
145,0.3002049744129181,2025-04-15 20:06:33.207195,2025-04-15 20:06:52.030743,0 days 00:00:18.823548,0.47322628442712894,0.8453969671134725,16,0.009328373382497947,0.2140324344524645,0.06415334364116798,0.023858060046376407,0.06868714431650798,0.04057019446728407,3.6499133526788216e-05,14,51,0.06082873031547149,0.13999272915426522,True,False,True,0.000805438326836557,COMPLETE
146,0.4053523659706116,2025-04-15 20:06:52.077529,2025-04-15 20:07:11.081898,0 days 00:00:19.004369,0.5211752518606242,0.7985419460106159,16,0.018869494089627764,0.24535213146581747,0.07058920649419877,0.03669378892226684,0.08622385484715667,0.059352780706888694,2.390832297043861e-05,15,45,0.05469990678039236,0.11469334706412314,True,False,True,0.0005828941922099481,COMPLETE
147,0.38831896781921393,2025-04-15 20:07:11.129421,2025-04-15 20:07:29.835454,0 days 00:00:18.706033,0.3979781585006368,0.8866335521303681,16,0.027451021472369778,0.21787173810526175,0.06790691375540853,0.029752030098973314,0.012642223666797424,0.04698064574627092,2.0333745112828883e-05,13,54,0.04842130449877426,0.1842430185709119,True,False,True,0.0007573323797210469,COMPLETE
148,0.3991398572921753,2025-04-15 20:07:29.883975,2025-04-15 20:07:48.099652,0 days 00:00:18.215677,0.49896570018376785,0.9069840119715544,16,0.04044847125429362,0.22711087349834636,0.07320724292978774,0.03371646901473827,0.07067708523059907,0.06286640597921117,4.5088427577136694e-05,11,66,0.058463031233820205,0.1638904538804773,True,False,True,0.000991050366718157,COMPLETE
149,0.3978438377380371,2025-04-15 20:07:48.149305,2025-04-15 20:08:07.988606,0 days 00:00:19.839301,0.46628640728028925,0.836712118025075,16,0.033841121509312164,0.20286630876042344,0.06872156961083682,0.013421344103143263,0.07475264097526328,0.054095285222476974,3.378512020003181e-05,15,61,0.046235657004110156,0.1800626010859898,True,False,True,0.00031409448789499454,COMPLETE
150,0.3214810609817505,2025-04-15 20:08:08.037311,2025-04-15 20:08:25.778687,0 days 00:00:17.741376,0.5105498354445366,0.8088775787084013,16,0.048375177631347854,0.213342925451727,0.05648890946831128,0.038518367715016,0.07797826219608689,0.05026221606287186,2.4705770877751588e-05,14,56,0.04415389492383469,0.04823582325769338,False,False,True,0.000479724516046097,COMPLETE
151,0.4082679390907288,2025-04-15 20:08:25.836423,2025-04-15 20:08:45.402601,0 days 00:00:19.566178,0.4125208584364737,0.8532918669449671,16,0.025549171793812983,0.23243176901919732,0.06287978512309729,0.027528344962067627,0.07393982951596703,0.06204398173288837,1.694057510585899e-05,16,48,0.05135050765548457,0.15575652736213597,True,False,True,0.0006787358913651909,COMPLETE
152,0.40810694694519045,2025-04-15 20:08:45.451599,2025-04-15 20:09:04.791661,0 days 00:00:19.340062,0.416931479083693,0.8492142891956739,16,0.02741650048666735,0.2296118203341929,0.0636245628964669,0.02431321121795618,0.07303278539335553,0.06481173866889457,1.788457731195292e-05,15,52,0.05147484305896871,0.15296565678996293,True,False,True,0.000658768305060612,COMPLETE
153,0.39475287199020387,2025-04-15 20:09:04.841723,2025-04-15 20:09:24.058376,0 days 00:00:19.216653,0.3311504387477391,0.8547322835593715,16,0.017625808573142814,0.2301950134892591,0.06561327685865448,0.028916073426164497,0.07269595951876834,0.06495311811316802,1.6904172269937823e-05,15,48,0.051771648204346134,0.14236217329209494,True,False,True,0.0006962995356310062,COMPLETE
154,0.30927444100379947,2025-04-15 20:09:24.108374,2025-04-15 20:09:43.514901,0 days 00:00:19.406527,0.37988142027388133,0.8872563482997369,16,0.012024093819445423,0.24035582510689482,0.061103215868896915,0.024739671605260645,0.06866103727298473,0.06144752828249159,3.0567567942305145e-05,16,43,0.04924147810800651,0.13406239363637593,True,False,True,0.0006125391067291607,COMPLETE
155,0.4116352438926697,2025-04-15 20:09:43.564590,2025-04-15 20:10:03.487633,0 days 00:00:19.923043,0.3519809797509251,0.7751754208016487,16,0.026325693590208456,0.25007099635411895,0.06346156898321105,0.0020533992457966513,0.07541231593402148,0.057131365472123295,1.877032148851474e-05,16,52,0.05347002685675381,0.14983780695477145,True,False,True,0.0008206886279419835,COMPLETE
156,0.4094886660575867,2025-04-15 20:10:03.537291,2025-04-15 20:10:22.859801,0 days 00:00:19.322510,0.4144971363920142,0.7738135439533322,16,0.019085455273052946,0.25203012102511824,0.05796582001695624,0.0022423725541242325,0.07567310249212536,0.05770194831319899,1.8295706886867302e-05,17,37,0.05290441204707435,0.15093077630022886,True,False,True,0.00048739813097816234,COMPLETE
157,0.3596787452697754,2025-04-15 20:10:22.909751,2025-04-15 20:10:42.435907,0 days 00:00:19.526156,0.28086034308775876,0.7465247482669352,16,0.03437443274832119,0.2515789623094379,0.05968044072897425,0.03036471249628301,0.07977024584683884,0.0563882720411724,1.6733362900576327e-05,17,39,0.053037623593697396,0.15110633656447334,True,False,True,0.0004456583329919364,COMPLETE
158,0.21140690445899962,2025-04-15 20:10:42.487662,2025-04-15 20:11:03.749010,0 days 00:00:21.261348,0.34687085256909445,0.777316513975007,16,0.007850515799673993,0.27397685618658196,0.051727182162076835,0.005194384186192044,0.07542361357309044,0.05759385737245172,1.8774383392998837e-05,17,37,0.050906901867658956,0.1635607820681915,True,False,False,0.0003314215811674419,COMPLETE
159,0.3995221376419068,2025-04-15 20:11:03.800094,2025-04-15 20:11:26.996500,0 days 00:00:23.196406,0.41817950279464533,0.6987193557697211,8,0.02215336733627404,0.26666830450214635,0.05785351799620428,0.012020114904688704,0.08286416225938367,0.05939278373426193,1.5542388601049896e-05,14,45,0.047537202348505926,0.17165169687692042,True,False,True,0.000553331896562803,COMPLETE
160,0.3372864961624146,2025-04-15 20:11:27.048364,2025-04-15 20:11:46.940763,0 days 00:00:19.892399,0.41653298627620894,0.7250166350978643,16,0.04081471747403986,0.2545242633233342,0.07546918735715899,0.04963157354214429,0.07620645756851015,0.06434123122220974,2.0306282833077358e-05,16,51,0.05385717980507227,0.15445829916724982,True,True,True,7.781611422458885e-05,COMPLETE
161,0.31676398515701293,2025-04-15 20:11:46.993094,2025-04-15 20:12:06.559476,0 days 00:00:19.566382,0.30827581913079566,0.8135290958365374,16,0.01697193778029594,0.24587146186487896,0.06266619059087074,0.0018286649980588405,0.0740766225141852,0.052198676479108246,2.7162494710670427e-05,16,48,0.05058169591391489,0.15989177342515545,True,False,True,0.0007274730355511577,COMPLETE
162,0.4074475169181824,2025-04-15 20:12:06.620139,2025-04-15 20:12:26.249338,0 days 00:00:19.629199,0.38740130228860337,0.7902857184835033,16,0.028531619712106653,0.2593284723229486,0.054246682563530685,0.0053396858433157265,0.07134094922293424,0.04922159017402905,2.181029791712268e-05,15,57,0.04891558673444336,0.15167314411732558,True,False,True,0.0004541737136453735,COMPLETE
163,0.39898144006729125,2025-04-15 20:12:26.302291,2025-04-15 20:12:45.521083,0 days 00:00:19.218792,0.3576648782340604,0.7720637950732135,16,0.026237257590205655,0.2591591008894622,0.05080217366580266,0.008041720591290921,0.06995384508382742,0.043153596868236686,1.8451245616733403e-05,14,57,0.045527943890542995,0.14993184708557555,True,False,True,0.00020907944457780088,COMPLETE
164,0.4119252562522888,2025-04-15 20:12:45.574653,2025-04-15 20:13:05.212223,0 days 00:00:19.637570,0.3944742909560699,0.7871266005347504,16,0.029172643672936507,0.2502604082890271,0.05429390937233882,0.0010596854878050666,0.07834114180014527,0.04795214739127891,3.700028634569091e-05,15,55,0.05223573181623192,0.16951248038554792,True,False,True,0.000415951499891328,COMPLETE
165,0.41285345554351804,2025-04-15 20:13:05.265290,2025-04-15 20:13:25.055295,0 days 00:00:19.790005,0.3651893190204528,0.7489327904411305,16,0.027498557125311435,0.2656668292399891,0.04712279246804011,0.0023367204053578563,0.07888156017882798,0.048744448953928717,3.547014774428187e-05,16,53,0.04892466248230933,0.164020484155934,True,False,True,0.0004073726190083682,COMPLETE
166,0.3890366554260254,2025-04-15 20:13:25.110943,2025-04-15 20:13:45.040415,0 days 00:00:19.929472,0.3740541893910272,0.7628871964596382,16,0.028162784853801998,0.2827746855231463,0.04458021180832509,0.0013665925481958032,0.08097249616857345,0.04749530924976395,8.280035541342914e-05,16,51,0.04857744493816891,0.15665467337759792,True,False,True,0.0004185265994305115,COMPLETE
167,0.3060259103775025,2025-04-15 20:13:45.093150,2025-04-15 20:14:13.468223,0 days 00:00:28.375073,0.3903477525347489,0.747521621664759,16,0.013725971388658414,0.26716860698833017,0.04675679100117679,0.003283769956855273,0.07858341435731962,0.048393715875138084,3.617171125643768e-05,17,145,0.04929368672470829,0.16334218915642393,True,False,True,0.0002473492452507968,COMPLETE
168,0.38258440494537355,2025-04-15 20:14:13.522879,2025-04-15 20:14:33.699915,0 days 00:00:20.177036,0.34021576827098865,0.7896958671817841,16,0.022763150107130932,0.2697090190257286,0.0544637109293647,0.004883049751782446,0.08291947336052156,0.04936755219482096,5.065578756527982e-05,16,59,0.04270229442639954,0.15115474790110314,True,False,True,0.00034052915552396437,COMPLETE
169,0.28373824357986455,2025-04-15 20:14:33.756590,2025-04-15 20:14:53.290022,0 days 00:00:19.533432,0.31389226855280444,0.7156580558056225,16,0.005539887597121748,0.2772633752317001,0.053718497735361644,0.007752614413282337,0.07920279282803698,0.04610218135129028,4.062556397505829e-05,15,54,0.040988649973639706,0.17382790654404243,True,False,True,0.0006734039823469894,COMPLETE
