number,value,datetime_start,datetime_complete,duration,params_alpha-eval,params_alpha-train,params_batch-size,params_eps-eval,params_eps-train,params_lambda-actions-eval,params_lambda-actions-train,params_lambda-frames-eval,params_lambda-frames-train,params_learning-rate,params_n-epochs,params_n-frames,params_radius-gw,params_rho,params_std-feats,params_ub-actions,params_ub-frames,params_weight-decay,state
455,0.3111554682254791,2025-04-15 21:48:03.044029,2025-04-15 21:48:20.022587,0 days 00:00:16.978558,0.45516767038299644,0.1277388358422001,16,0.00745549914172795,0.2927231046263806,0.05719857466326743,0.012420838406172766,0.083570590671647,0.06280050989514303,0.004350447171888665,10,49,0.05735093909806212,0.15857169426476317,True,False,True,0.0007566434846307282,COMPLETE
456,0.4093812942504883,2025-04-15 21:48:20.166241,2025-04-15 21:48:36.076899,0 days 00:00:15.910658,0.43398671957281987,0.19213062525046007,16,0.020264079823765963,0.28929034796815517,0.0999953796903034,0.08027280998517465,0.08234020701503403,0.060791275065571256,0.004030206539225148,8,43,0.05799398720163175,0.14290647549526303,True,False,True,0.00062137134801003,COMPLETE
457,0.1888286888599396,2025-04-15 21:48:36.232994,2025-04-15 21:48:52.267226,0 days 00:00:16.034232,0.41713722087711264,0.19710605009068635,16,0.025733647685228147,0.2946437055048311,0.06000727369031777,0.06809695138818711,0.08551138273577838,0.06134323181849917,0.0029214306034672116,8,47,0.05543864615692891,0.16367704020858298,True,True,True,0.0007556871612056914,COMPLETE
458,0.35700827836990356,2025-04-15 21:48:52.409362,2025-04-15 21:49:08.404001,0 days 00:00:15.994639,0.43484677188017007,0.1694481584576171,16,0.045899020894333106,0.2852594463354011,0.06372122240084839,0.007674825980999426,0.08409476078311846,0.0590788484564162,0.00033777385974398616,9,35,0.056605939828202875,0.14820420308098467,True,False,True,0.0005439612806408642,COMPLETE
459,0.161050820350647,2025-04-15 21:49:08.548525,2025-04-15 21:49:25.265893,0 days 00:00:16.717368,0.47480798838889254,0.1632783167517586,16,0.2924223641840994,0.2998511034401421,0.07237150278697421,0.013938802530686203,0.08719775765451913,0.06408743305036027,0.0027317804278554954,10,44,0.05446741217055021,0.1554991317442765,True,False,True,0.0005834876886966269,COMPLETE
460,0.38957967758178713,2025-04-15 21:49:25.420212,2025-04-15 21:50:03.074765,0 days 00:00:37.654553,0.4114513227184638,0.14997948918517304,2,0.035392711589464505,0.28146269343290803,0.058858126044345066,0.010442290645809635,0.08895978172927374,0.058218045923164194,0.0037469191012449903,8,40,0.05681394490520589,0.16130209401205994,True,False,True,0.0008356520914935188,COMPLETE
461,0.2521901547908783,2025-04-15 21:50:03.218056,2025-04-15 21:50:19.119454,0 days 00:00:15.901398,0.44747068643276455,0.21181116821378007,16,0.06564059591377101,0.2890609737634596,0.055979942383286005,0.006030764003276512,0.08094047780228006,0.06717364713039563,0.002312902165093772,8,47,0.036720449764081495,0.1387851989633529,True,False,True,0.0005284708320577447,COMPLETE
462,0.38943593502044677,2025-04-15 21:50:19.263147,2025-04-15 21:50:35.839347,0 days 00:00:16.576200,0.2502528894154343,0.7311960512375003,16,0.029527250036575768,0.2793547574013391,0.061823625557544865,0.05499895084841084,0.09400610784165381,0.06120461645978207,0.004691529195220459,9,51,0.06005686188012274,0.16676011654526982,True,False,True,0.0006723655148250814,COMPLETE
463,0.40749239921569824,2025-04-15 21:50:35.995346,2025-04-15 21:50:50.616553,0 days 00:00:14.621207,0.4860040550646669,0.16994416085579958,16,0.021831960462876526,0.2716404626475411,0.06473476199941468,0.058769010844227976,0.09659022138981822,0.05724333712414584,0.00348332325157074,6,31,0.058524333643670365,0.15025621184452115,True,False,True,0.0009943628932884815,COMPLETE
464,0.1599924385547638,2025-04-15 21:50:50.761830,2025-04-15 21:51:06.610855,0 days 00:00:15.849025,0.4193651140877713,0.1492136543029476,16,0.20338222567004355,0.2846007772694967,0.07806391191254836,0.06435954052036266,0.08529503966004666,0.05958435926760562,0.0018997599030372125,9,38,0.0540010101287873,0.1567095230062965,True,False,True,0.00047126689788850565,COMPLETE
465,0.311570280790329,2025-04-15 21:51:06.769500,2025-04-15 21:51:22.235261,0 days 00:00:15.465761,0.3976723085695494,0.7593318570575478,16,0.01507445715152702,0.27777271709081736,0.06044684388505736,0.008095633735297291,0.09168829484060356,0.06390010004396397,0.0028484942874460817,7,43,0.05546232393134658,0.16347660874281217,True,False,True,9.193033609056953e-05,COMPLETE
466,0.25887908935546877,2025-04-15 21:51:22.380131,2025-04-15 21:51:43.352709,0 days 00:00:20.972578,0.4298816008460214,0.2281587325988191,16,0.03759016882948466,0.03313128361846658,0.05763367300006022,0.0417181767986028,0.031855834866386684,0.056426187014135376,0.0023489558024562193,19,49,0.05190216992551876,0.17167965906419752,True,False,True,0.0005984690558397812,COMPLETE
467,0.2869294345378876,2025-04-15 21:51:43.498713,2025-04-15 21:51:59.585872,0 days 00:00:16.087159,0.4052317955183544,0.1988557641857982,16,0.02782288466248959,0.2714336954318475,0.06323387645431067,0.005227668693387216,0.0896018944400129,0.061717753217484114,0.0015284820097621892,11,15,0.04278382582992804,0.16665125517913087,True,False,True,0.00043869489851653846,COMPLETE
468,0.39587570428848273,2025-04-15 21:51:59.744642,2025-04-15 21:52:16.332612,0 days 00:00:16.587970,0.3861424232909461,0.14098319129435483,16,0.03227840133815473,0.2880574931388574,0.06712619600988635,0.07606038685877255,0.08689659568024463,0.032281449178909544,0.00018446216334795767,11,45,0.049700127628261884,0.15567375005614179,False,False,True,0.0007488851272771782,COMPLETE
469,0.4130950093269348,2025-04-15 21:52:16.480217,2025-04-15 21:52:30.879348,0 days 00:00:14.399131,0.44258869749636043,0.1729673330437479,16,0.022647155363182927,0.2965252717753964,0.059238814274889716,0.05123928322950068,0.09575761556443076,0.059453519975268154,0.0020705950473284955,5,40,0.05412789528019718,0.17477689837079927,True,False,True,0.000522810899430641,COMPLETE
470,0.32332489490509037,2025-04-15 21:52:31.026512,2025-04-15 21:52:45.393397,0 days 00:00:14.366885,0.46177213222078245,0.19420638738260626,16,0.01625370560395402,0.29639380544077487,0.056139859405320194,0.07067640195410263,0.09772008527633,0.057437687464169114,0.002050094013644099,5,35,0.059231046144931604,0.17563775664774842,True,False,True,0.00037727617701187007,COMPLETE
471,0.15599356889724733,2025-04-15 21:52:45.551866,2025-04-15 21:53:01.159739,0 days 00:00:15.607873,0.4530511660611625,0.161123433180075,16,0.21724502417891015,0.29958034368480496,0.05920342797003216,0.08465360267147563,0.09578513083428673,0.059759762695937926,0.001601042199182456,8,39,0.03203232286461943,0.17264020577887093,True,False,True,0.00046790867818301496,COMPLETE
472,0.32422193288803103,2025-04-15 21:53:01.307408,2025-04-15 21:53:18.158327,0 days 00:00:16.850919,0.4866164223268777,0.23471987695922625,16,0.022275314605995425,0.2940298913725526,0.00825210483242693,0.04549182741042359,0.09980699319926456,0.05644331016176435,0.0025553808948031204,11,37,0.057160957089671824,0.17600057865604035,True,False,True,0.00034269802412533157,COMPLETE
473,0.16569515466690066,2025-04-15 21:53:18.308774,2025-04-15 21:53:33.999100,0 days 00:00:15.690326,0.4337573844458582,0.18494113037366966,16,0.0015325182621509295,0.29383809639852215,0.054604493084293784,0.050885729663862955,0.09510069556498313,0.05882991134291607,0.0019503154547858507,6,33,0.05421173344290372,0.16821995000517362,True,False,False,0.0006113316545332975,COMPLETE
474,0.318863707780838,2025-04-15 21:53:34.158323,2025-04-15 21:53:54.255462,0 days 00:00:20.097139,0.42261666641744866,0.21075969163423686,16,0.01089890246892898,0.288710897039574,0.05790423907167373,0.011095222525315376,0.09742884836135716,0.05434857162109264,0.0031134284726319224,18,41,0.05580300362697541,0.17976504545188235,True,False,True,0.0007850148071633967,COMPLETE
475,0.2924997925758362,2025-04-15 21:53:54.403937,2025-04-15 21:54:09.788355,0 days 00:00:15.384418,0.450248043268556,0.17183017084776542,16,0.040958119941979884,0.2993040890651262,0.06054894261438503,0.008369600350993343,0.044032845552963044,0.05768265551097497,0.0012629837096836721,7,38,0.052756090249856086,0.192330633808597,True,True,True,0.0004570191305922869,COMPLETE
476,0.35531376004219056,2025-04-15 21:54:09.949517,2025-04-15 21:54:35.090617,0 days 00:00:25.141100,0.3737888398209982,0.15619136085762553,8,0.024501450682250268,0.28583449715651926,0.053228359635993296,0.01304793300273407,0.09381537171723633,0.05423340866840409,0.0020964420702454197,17,41,0.04871371042291024,0.16149074104486463,True,False,True,1.15744564132908e-05,COMPLETE
477,0.41041374206542974,2025-04-15 21:54:35.239386,2025-04-15 21:54:49.901601,0 days 00:00:14.662215,0.39985571168973955,0.13565474699210311,16,0.03347081592550491,0.28215843785504374,0.09419753924695067,0.057346013360824406,0.08282206356022671,0.059306802903229795,0.002733205559256048,6,26,0.05783085631042449,0.1695968714427331,True,False,True,0.00029983748292121767,COMPLETE
478,0.3989846229553223,2025-04-15 21:54:50.049990,2025-04-15 21:55:10.387468,0 days 00:00:20.337478,0.3888822345453958,0.20003692574653995,16,0.04866832091064582,0.2914515712143536,0.05605600557715778,0.006623094639960128,0.09555877528968036,0.0560247855876837,0.003828748824359202,17,52,0.054504072383922866,0.1862849911588942,True,False,True,2.6339050009377776e-07,COMPLETE
479,0.3261478543281555,2025-04-15 21:55:10.549082,2025-04-15 21:55:29.475563,0 days 00:00:18.926481,0.41668081794903344,0.17892919230201018,16,0.018958045582136807,0.2640884482153085,0.04867551832873329,0.053360044911102904,0.09237275063433789,0.06076592749406294,0.0016758376179272425,16,36,0.0511339640039004,0.17892440095288925,True,False,True,0.0002183779402377973,COMPLETE
480,0.408201265335083,2025-04-15 21:55:29.625867,2025-04-15 21:55:49.366376,0 days 00:00:19.740509,0.44173149274478496,0.7217246582603521,16,0.028971923579494165,0.27977764762695306,0.05905727463336788,0.07221949080397265,0.09352050266095883,0.09728741477291286,0.0008660317041839916,16,46,0.05577830244457132,0.14914764279806753,True,False,True,0.0005418560977796579,COMPLETE
481,0.4075430750846863,2025-04-15 21:55:49.516250,2025-04-15 21:56:04.931967,0 days 00:00:15.415717,0.35547710112632047,0.2506915739438488,16,0.042387955863206886,0.2997831110748332,0.060831904724443164,0.06740886692989342,0.09659357689004663,0.0629064290615241,0.002417012823281048,7,42,0.05279847854877728,0.19923401739940394,True,False,True,0.00037264664665568145,COMPLETE
482,0.3076160311698914,2025-04-15 21:56:05.096963,2025-04-15 21:56:54.156270,0 days 00:00:49.059307,0.16648017558717748,0.11468025989894987,2,0.03537363335657715,0.2890782466851629,0.057400363321976476,0.0098146144100861,0.09121146905022062,0.05277140102390228,0.00318632709651027,12,48,0.05940328512423351,0.17299684511648117,True,False,True,0.0006780186919565931,COMPLETE
483,0.37599418163299564,2025-04-15 21:56:54.308910,2025-04-15 21:57:11.019911,0 days 00:00:16.711001,0.47306563248173167,0.309756568660877,16,0.024460968238128752,0.2703799123661183,0.061844939498826884,0.004636767150919853,0.09907299873734036,0.056591563437579075,0.0014684663839755442,11,30,0.046235710367653164,0.16019932821446434,True,False,True,3.5533526301878645e-05,COMPLETE
484,0.32159129381179813,2025-04-15 21:57:11.183419,2025-04-15 21:57:25.610892,0 days 00:00:14.427473,0.37973825806858463,0.21575105180462587,16,0.02931538731096204,0.1717882563127277,0.08126408331706657,0.04776205058175332,0.08548719112504358,0.058759100447502585,0.001870010766045694,5,39,0.04985051026822607,0.16525986759056685,True,False,True,0.0001451290048674215,COMPLETE
485,0.4118494033813477,2025-04-15 21:57:25.761970,2025-04-15 21:57:49.745345,0 days 00:00:23.983375,0.40575983505253416,0.4558820455777546,16,0.03716496148690313,0.284466188984701,0.05497741964486479,0.019182623279199118,0.08774136698132036,0.054574927875786376,0.00014681232287830454,17,97,0.05462698989086738,0.17399903958090723,True,False,True,0.0005214740828200337,COMPLETE
486,0.31560313105583193,2025-04-15 21:57:49.897148,2025-04-15 21:58:08.858470,0 days 00:00:18.961322,0.4294677181641245,0.2683933847421582,16,0.01873509959134763,0.27675711866909797,0.051208276071637,0.006849270261024212,0.08270684867475553,0.05138445831756618,0.002352656635684552,16,34,0.05698418657358033,0.1797348891874061,True,False,True,3.487773723289037e-06,COMPLETE
487,0.3225949823856354,2025-04-15 21:58:09.021790,2025-04-15 21:58:26.925866,0 days 00:00:17.904076,0.36911069928465373,0.7419039956801617,16,0.012686389322946443,0.2667505758943941,0.06504719473520512,0.03979144792533078,0.09027330466898234,0.060537239166044345,0.004436081682220789,15,45,0.05268213614559747,0.1416853653847984,False,False,True,0.0002589010162491241,COMPLETE
488,0.4133488655090332,2025-04-15 21:58:27.078063,2025-04-15 21:58:44.027968,0 days 00:00:16.949905,0.3955801168680717,0.18209504383863795,16,0.031619331871617,0.29421015062452954,0.05910508391418946,0.009320866348358933,0.08052152999115227,0.05740244541348623,0.002795099448223442,10,53,0.05828896207113471,0.15719443416951898,True,False,True,0.00040135239346318684,COMPLETE
489,0.33708972930908204,2025-04-15 21:58:44.182233,2025-04-15 21:59:03.325937,0 days 00:00:19.143704,0.3447207808115118,0.15232482047148105,16,0.043599587903428376,0.294600742813306,0.06002450190948454,0.05120395930829547,0.07858822544121559,0.055812368507851,0.0020907887510454443,16,41,0.0605297107278461,0.15336926285793007,True,False,True,0.00032448006148793197,COMPLETE
490,0.41614359617233276,2025-04-15 21:59:03.489489,2025-04-15 21:59:24.927086,0 days 00:00:21.437597,0.38597127047984103,0.17874294994957013,16,0.0326078411796806,0.2609570240410559,0.06295462654032614,0.011079934970858114,0.0936432889286625,0.053681871189132056,0.002730428553726201,18,57,0.05120875724786618,0.1498367816430199,True,False,True,0.00039418353990130795,COMPLETE
491,0.32991657257080076,2025-04-15 21:59:25.083785,2025-04-15 21:59:46.064634,0 days 00:00:20.980849,0.39357366552336026,0.18600475628861762,16,0.05154367875578249,0.26260337833087766,0.08534627976261265,0.015495105453602935,0.09422751766289165,0.05307500866190935,0.002759932745492904,17,57,0.047873813102510654,0.13558872249767848,True,False,True,0.00038329399035864355,COMPLETE
492,0.3891432642936707,2025-04-15 21:59:46.232574,2025-04-15 22:00:07.572845,0 days 00:00:21.340271,0.3911260844596485,0.17174339366886585,16,0.03845783860806726,0.27244698204737894,0.06301333515853076,0.052697186183023076,0.09799858891272742,0.05017111507070544,0.002845658143467407,18,58,0.05077677506585535,0.14721391146869778,True,False,True,0.00026815073129322805,COMPLETE
493,0.28910418748855593,2025-04-15 22:00:07.726061,2025-04-15 22:00:31.245628,0 days 00:00:23.519567,0.36061546908998887,0.14146570270934403,16,0.032241018759707654,0.2943250702473227,0.06566359209161375,0.012475781265555137,0.09291935317833179,0.05424506606857027,0.002398993588185437,18,55,0.04967164977857785,0.1409489998362292,True,False,False,0.00020896230182727157,COMPLETE
494,0.37231043577194217,2025-04-15 22:00:31.400885,2025-04-15 22:00:52.557597,0 days 00:00:21.156712,0.4122761848076063,0.1303119057858862,16,0.04427280999317587,0.2800170051878656,0.06332024330637358,0.011095006572070814,0.09536977293273248,0.05192637551875425,0.003327191327570865,18,54,0.051635405943943606,0.14697813760238848,True,False,True,4.069698571787595e-07,COMPLETE
495,0.3363463640213013,2025-04-15 22:00:52.721597,2025-04-15 22:01:09.940037,0 days 00:00:17.218440,0.3812906432818644,0.7152434207327829,16,0.034953494068899894,0.2604351295956883,0.06186802614724385,0.04898474110905234,0.09147426507235151,0.05692480095290437,0.0016922636451540947,10,53,0.05487692303709392,0.12693278926486293,True,True,True,0.0003285640749479306,COMPLETE
496,0.3735251069068909,2025-04-15 22:01:10.095548,2025-04-15 22:01:30.132041,0 days 00:00:20.036493,0.7657235530149723,0.17896861572935271,16,0.040255674954565855,0.2677193386966993,0.06440943181990245,0.013341378731826567,0.09379170395854008,0.05459083642295214,0.0005668889572798769,17,50,0.058369094129714784,0.15523056860333084,True,False,True,0.00040063328798747145,COMPLETE
497,0.3242122411727905,2025-04-15 22:01:30.287832,2025-04-15 22:01:51.856933,0 days 00:00:21.569101,0.32888963025933377,0.1620064475184252,16,0.03144903888422741,0.2746244254973368,0.016167897735181957,0.0096726027080397,0.09682369966246895,0.05042734529411035,0.0010621934003417976,18,58,0.048121663186597316,0.2119858183553452,True,False,True,0.00028077463033455177,COMPLETE
498,0.2868763566017151,2025-04-15 22:01:52.022723,2025-04-15 22:02:19.562750,0 days 00:00:27.540027,0.08050033133576207,0.19334812141368768,8,0.022795942805040312,0.28406539798568053,0.06745827695254772,0.011128684083851842,0.09216222123896602,0.05336721430577864,0.002164195588500695,19,53,0.05314005968468745,0.18916740336485602,True,False,True,0.00042906599483551097,COMPLETE
499,0.3927146315574646,2025-04-15 22:02:19.720961,2025-04-15 22:02:40.974732,0 days 00:00:21.253771,0.40046283164333724,0.48065879283859014,16,0.0346464351100532,0.2938673574468608,0.07026092890177559,0.051929939673258145,0.08908106249325692,0.05574680369544686,0.0030979675741200302,19,52,0.045338461800931894,0.18646712349871405,True,False,True,0.0003506448546423273,COMPLETE
500,0.246060186624527,2025-04-15 22:02:41.142691,2025-04-15 22:02:58.272349,0 days 00:00:17.129658,0.3763659613512064,0.10838424836814438,16,0.02939273002139743,0.07596410061215933,0.018847045385962914,0.014065481287912403,0.09547101182674052,0.05765398607289666,0.002552780600499413,10,48,0.05583046966370372,0.27041763614627273,True,False,True,0.00019822036722151826,COMPLETE
501,0.36659744977951053,2025-04-15 22:02:58.428594,2025-04-15 22:03:18.900337,0 days 00:00:20.471743,0.409632100269283,0.7496504832322614,16,0.040816798619865195,0.26631851747125834,0.062425719269053395,0.009165719814476003,0.09052252944426657,0.05379543569015632,0.001964727220891818,17,55,0.05917403673382987,0.1513200364132448,True,False,True,0.00044597962241594,COMPLETE
502,0.33789257407188417,2025-04-15 22:03:19.057232,2025-04-15 22:03:37.388657,0 days 00:00:18.331425,0.3589559769595191,0.14222264023112413,16,0.022515787936279702,0.2774835740591588,0.05944569815438838,0.008832599520262056,0.09793681369841797,0.051940308710430864,0.001750336716810339,12,60,0.05141753037176331,0.14258635393851946,True,False,True,0.0002669041899297377,COMPLETE
503,0.3315232515335083,2025-04-15 22:03:37.556193,2025-04-15 22:03:52.015545,0 days 00:00:14.459352,0.30146446769490964,0.728387979330556,16,0.046583566794832956,0.2602718626975617,0.06593532220484469,0.05563738327515495,0.09334469814575397,0.049498512435578616,0.003480206485125931,5,36,0.053771175435980784,0.16943664336467362,True,False,True,0.0003272744326167687,COMPLETE
504,0.33026145696640014,2025-04-15 22:03:52.171975,2025-04-15 22:04:10.574552,0 days 00:00:18.402577,0.43829221004330193,0.6954159529716779,16,0.0579278442993274,0.2997778088893674,0.06110906568255188,0.01683266701524273,0.08943331893782287,0.057493761911244515,0.0013306083398278953,13,50,0.05008351157394328,0.18074076664796454,True,False,True,0.00044271612850028784,COMPLETE
505,0.2822472155094147,2025-04-15 22:04:10.745401,2025-04-15 22:05:12.114091,0 days 00:01:01.368690,0.39384420974531154,0.1702201037449454,2,0.03495473891734782,0.28902972180146463,0.06428135209611896,0.012245809551136874,0.09219177801673202,0.05499142650525344,0.06652659914916258,17,44,0.06105464932952029,0.158211031434228,True,False,True,0.00017667559940938007,COMPLETE
506,0.40913678407669074,2025-04-15 22:05:12.271141,2025-04-15 22:05:34.304469,0 days 00:00:22.033328,0.45259519706777707,0.7531291740551284,16,0.027219009203359533,0.2709003428499873,0.06191897771757366,0.010542111209138548,0.09588135427612172,0.05627597932450967,0.00253871611309643,16,79,0.056172009633792756,0.19546517028479854,True,False,True,0.00023856508904641883,COMPLETE
507,0.3156243681907654,2025-04-15 22:05:34.463450,2025-04-15 22:05:53.538949,0 days 00:00:19.075499,0.4111954269807479,0.7374237388412799,16,0.01890723985400124,0.284552782904948,0.04095830043436342,0.007790047910645562,0.08817134549277948,0.05850701681936529,0.002906738996658382,15,47,0.05209431773899774,0.17474550354737364,True,False,True,0.0003722975995321757,COMPLETE
508,0.3181693434715271,2025-04-15 22:05:53.708189,2025-04-15 22:06:16.407383,0 days 00:00:22.699194,0.26446064940169445,0.7128579729707504,16,0.03207543465664059,0.2761585536416469,0.059201557459482926,0.006790885498798847,0.09450557371736254,0.04624814105380495,0.0021136079962763843,28,38,0.08999774005709056,0.16675996645840577,False,False,True,6.608084936198425e-06,COMPLETE
509,0.3182865619659424,2025-04-15 22:06:16.565512,2025-04-15 22:06:36.836527,0 days 00:00:20.271015,0.3737922569400951,0.7736774703795557,16,0.0407544341818737,0.0897916258916939,0.06393572520045585,0.009485297516399444,0.09077976250412943,0.051885255002006705,0.0014597359400443182,20,33,0.054953088241935365,0.13496276203105703,True,False,True,0.0004876201299926777,COMPLETE
510,0.40988266468048096,2025-04-15 22:06:37.009338,2025-04-15 22:06:57.234782,0 days 00:00:20.225444,0.33364341556825844,0.12796190321788437,16,0.025017944951131455,0.28073432320288283,0.06721475271590174,0.005439565675690731,0.09780590280772651,0.048693220705033624,0.0022692957089614396,18,43,0.0578137336699835,0.15264000977527126,True,False,True,0.0003011834377024269,COMPLETE
511,0.278828376531601,2025-04-15 22:06:57.394024,2025-04-15 22:07:19.151912,0 days 00:00:21.757888,0.4225041880041124,0.7302480403348512,16,0.015581548240052586,0.2700441746711607,0.06078150951873711,0.007719551783113043,0.09239288878895752,0.05570673844244746,0.0036083474226639824,16,52,0.04848279314497827,0.1819734554084763,True,False,False,0.00012403070595962427,COMPLETE
