number,value,datetime_start,datetime_complete,duration,params_alpha-eval,params_alpha-train,params_batch-size,params_eps-eval,params_eps-train,params_lambda-actions-eval,params_lambda-actions-train,params_lambda-frames-eval,params_lambda-frames-train,params_learning-rate,params_n-epochs,params_n-frames,params_radius-gw,params_rho,params_std-feats,params_ub-actions,params_ub-frames,params_weight-decay,state
341,0.19079687595367434,2025-04-15 21:10:07.758913,2025-04-15 21:10:28.335852,0 days 00:00:20.576939,0.4248725541365388,0.6853991769243665,16,0.08202291969714028,0.29403885259811874,0.05909436901668251,0.0034131260603288043,0.08307777517092094,0.06299822630635192,0.0003835143506785237,17,53,0.05264597934278667,0.1374649670529301,True,True,True,0.0006301165543670332,COMPLETE
342,0.374362063407898,2025-04-15 21:10:28.443527,2025-04-15 21:10:46.676670,0 days 00:00:18.233143,0.3617611420331621,0.7428910320209356,16,0.03773043953063675,0.2832961923283354,0.05164260306070001,0.0011860444142690395,0.0905056021280539,0.05681812717288737,0.0026412184381885196,13,48,0.04586891345379071,0.15709572180920978,True,False,True,0.00045276953764319835,COMPLETE
343,0.41019922494888306,2025-04-15 21:10:46.783291,2025-04-15 21:11:04.961544,0 days 00:00:18.178253,0.3838882727089993,0.6606654720112717,16,0.03184724068466385,0.27480119452177687,0.05618971354837575,0.006111904961596712,0.08532106469906235,0.054291453302171826,4.22329099484299e-05,14,36,0.05614159650137485,0.17016896137142196,True,False,True,0.00019258471118297163,COMPLETE
344,0.28264111280441284,2025-04-15 21:11:05.068685,2025-04-15 21:11:24.494707,0 days 00:00:19.426022,0.4455372252232284,0.7741430885945232,16,0.006441407599108034,0.29913783473054795,0.06159415509969321,0.0010379927003440251,0.09966496805752112,0.059784206165718,0.000738424250938464,16,43,0.05034640641537539,0.16517736925460333,True,False,True,0.0003049191033368088,COMPLETE
345,0.39473096132278446,2025-04-15 21:11:24.612572,2025-04-15 21:11:43.633618,0 days 00:00:19.021046,0.393505487360559,0.8077329793544269,16,0.020149470852323645,0.26315650192689294,0.06515396876809292,0.00863654963244341,0.08790688168034125,0.046265000977787844,0.0060704482999481965,15,46,0.05441772793208901,0.1782262171290736,True,False,True,0.0005559180943825211,COMPLETE
346,0.40761966705322267,2025-04-15 21:11:43.740743,2025-04-15 21:12:03.017227,0 days 00:00:19.276484,0.41136453137835954,0.7412632553340796,16,0.027160137953673495,0.2893421851571358,0.054187744007091275,0.0038003770083504963,0.0931954849378492,0.05788036514671546,0.004617377502730506,15,51,0.059502884926991885,0.14649861851954277,True,False,True,5.012072290453798e-07,COMPLETE
347,0.3569211721420288,2025-04-15 21:12:03.123756,2025-04-15 21:12:25.095705,0 days 00:00:21.971949,0.34827918008767644,0.5375440679672842,16,0.04059037279017118,0.27103600289720253,0.05883402755905127,0.011219347435991726,0.09075405291407018,0.054063412957605764,0.0036530740589045462,14,94,0.04853215140653858,0.16062417446490346,True,False,True,0.000741940537901311,COMPLETE
348,0.4149283528327942,2025-04-15 21:12:25.201972,2025-04-15 21:12:44.173659,0 days 00:00:18.971687,0.3705428772577156,0.2847146455852709,16,0.034826290862192494,0.2794036222082646,0.09986007798674043,0.006070814635115163,0.09544542108212013,0.04947923679039125,0.00240227567226868,16,40,0.05752433115096308,0.17332753343550703,True,False,True,0.0003826295490493261,COMPLETE
349,0.3407817602157593,2025-04-15 21:12:44.290569,2025-04-15 21:13:03.324485,0 days 00:00:19.033916,0.305605057618803,0.7146446198051869,16,0.04979579947690713,0.2799857754673329,0.0995087091218667,0.0072715824761352705,0.09716919255562825,0.048144961433887454,0.0014277280446545952,16,38,0.058188284059787085,0.18648934471180106,True,False,True,0.00038085534600839423,COMPLETE
350,0.3960427522659302,2025-04-15 21:13:03.433395,2025-04-15 21:13:22.867116,0 days 00:00:19.433721,0.3754719222470087,0.2069847637170918,16,0.03673296382421816,0.2865439317819131,0.09689347283418999,0.009683241481825453,0.09541837124566441,0.049202383273311646,0.001711046556655817,17,34,0.061458704633396845,0.15329955666291178,True,False,True,0.0002708477559668456,COMPLETE
351,0.31388165354728703,2025-04-15 21:13:22.977250,2025-04-15 21:13:42.560836,0 days 00:00:19.583586,0.3338462971256306,0.7658443422823803,16,0.015214281141620139,0.2782773116666697,0.09511540722460696,0.005694152413583763,0.0978304128389324,0.05134221487396172,0.0021870852259646516,16,117,0.056949243262888756,0.17610482456632146,False,False,True,0.00037447014775627435,COMPLETE
352,0.3350461840629578,2025-04-15 21:13:42.670523,2025-04-15 21:13:59.951132,0 days 00:00:17.280609,0.3669464917547563,0.25271669975121935,16,0.023315301763311924,0.29218777689012465,0.057619445549725576,0.013668105457619342,0.09436617279453242,0.050134918951233835,0.008668592913162477,11,41,0.05197126233987791,0.19343406211493558,True,False,True,0.0002267142541996657,COMPLETE
353,0.3571249842643738,2025-04-15 21:14:00.071015,2025-04-15 21:14:19.579532,0 days 00:00:19.508517,0.35888844631096073,0.6908695884177595,16,0.043561165658519335,0.2837843667713072,0.09933222236146315,0.0030640756484146383,0.09440042792250976,0.04622721905711377,0.0026205698837757163,17,40,0.0603459496444824,0.18075295142842873,True,False,True,0.00032104887561910136,COMPLETE
354,0.2771860837936402,2025-04-15 21:14:19.689481,2025-04-15 21:14:38.297930,0 days 00:00:18.608449,0.39137765049841017,0.057748671170259225,16,0.03000785323558936,0.27556698531218865,0.09934978818543029,0.008266218315804772,0.09274676132672882,0.05254006254972319,0.09043088952200871,16,31,0.05344610624995546,0.06564011939710518,True,False,True,0.00048725217034149186,COMPLETE
355,0.2902367770671844,2025-04-15 21:14:38.406444,2025-04-15 21:14:58.789801,0 days 00:00:20.383357,0.34266101049759484,0.11291704177713581,16,0.03459233225391357,0.24652574895891102,0.0969111569366856,0.006144547396501133,0.08118526445082652,0.05559507600600091,0.0018242495484276425,14,43,0.05631980806131921,0.16263804019244632,True,False,False,0.00040853294590498875,COMPLETE
356,0.36000263690948486,2025-04-15 21:14:58.899145,2025-04-15 21:15:16.784738,0 days 00:00:17.885593,0.37995691554115524,0.29603753954096645,16,0.05399415794552816,0.2711242268161976,0.049143950751176835,0.05969714955347804,0.09574377115092203,0.051333072356774805,0.0021424068324453626,13,36,0.057779417000727896,0.17426104948445031,True,False,True,0.00067991886401248,COMPLETE
357,0.2750393271446228,2025-04-15 21:15:16.904642,2025-04-15 21:15:34.062255,0 days 00:00:17.157613,0.40157606474220264,0.13369539928923285,16,0.026076838570919546,0.28251937724492704,0.05436130258985149,0.0027768095572242354,0.09152793928623394,0.05447176357948479,3.4637428526509234e-05,15,5,0.06407760740910326,0.16776522032452906,True,False,True,0.00016824520929213462,COMPLETE
358,0.2709306299686432,2025-04-15 21:15:34.173079,2025-04-15 21:15:53.433588,0 days 00:00:19.260509,0.42822467225150385,0.28159336080820496,16,0.0195535667965109,0.2593345906071465,0.06392907550356104,0.0010231886145172263,0.08664081205448779,0.04314023507904578,0.0017061345858211787,16,40,0.05485523916695592,0.1860169933540727,True,True,True,0.0002692795291492103,COMPLETE
359,0.15968223810195925,2025-04-15 21:15:53.544637,2025-04-15 21:16:13.090423,0 days 00:00:19.545786,0.35615230638287754,0.7311092828584361,16,0.1961921561594044,0.2884328810604473,0.06709006287257792,0.004975369282462844,0.09007463074956104,0.04462275985787484,0.015996682066826244,16,49,0.051251452657208256,0.15254713481090074,True,False,True,0.0004876825880225081,COMPLETE
360,0.3532731533050537,2025-04-15 21:16:13.214310,2025-04-15 21:16:32.060267,0 days 00:00:18.845957,0.3171682576016984,0.7579174708391746,16,0.03955853565237745,0.27729717841537427,0.04711794324616271,0.009871537506016855,0.08399359154646464,0.04904321268040447,0.002956739887426758,15,43,0.053194393147065096,0.1591189017180397,True,False,True,0.000349842675289961,COMPLETE
361,0.24155738949775696,2025-04-15 21:16:32.171866,2025-04-15 21:16:53.296031,0 days 00:00:21.124165,0.4035120781197866,0.15766021284593967,16,0.02879450934432485,0.059639997361121896,0.09821786634164084,0.007325376719949889,0.0926226074542898,0.05706462454319608,0.002606588827297818,18,54,0.04870055674506849,0.1730437559449536,True,False,True,0.0008018588917867092,COMPLETE
362,0.3522374033927918,2025-04-15 21:16:53.409029,2025-04-15 21:17:11.684076,0 days 00:00:18.275047,0.37575072838533924,0.20841898774521833,16,0.03408875668290834,0.2522349387943512,0.07976357462033805,0.004307213854377641,0.08748553097877522,0.05284892792054546,0.0022484059065077276,14,38,0.059847113948381256,0.16719675293138314,True,False,True,0.0005520578977620511,COMPLETE
363,0.16144994497299195,2025-04-15 21:17:11.797598,2025-04-15 21:17:29.861340,0 days 00:00:18.063742,0.39482599349540415,0.7798117937707557,16,0.2393135349361008,0.2670515589644873,0.05211885899982383,0.01254919272257644,0.09739955282662607,0.05611724177555839,0.00895862293096955,13,45,0.05635294714202331,0.14417198260854203,True,False,True,0.0002836632927060278,COMPLETE
364,0.2894461274147034,2025-04-15 21:17:29.985418,2025-04-15 21:17:49.758665,0 days 00:00:19.773247,0.4460710685524236,0.04358479660489993,16,0.023095241466026758,0.29500256848391965,0.059999314587123764,0.00287427454017405,0.09130776071891464,0.058207793804021093,0.0012155498017414944,17,42,0.08541522722476677,0.18322661185688593,True,False,True,0.00040938714700837497,COMPLETE
365,0.29788653254508973,2025-04-15 21:17:49.873425,2025-04-15 21:18:09.234937,0 days 00:00:19.361512,0.41635431828884495,0.7064285603450413,16,0.012257214059635757,0.27299129870932903,0.056061456427708725,0.01649022520745254,0.09469802333179596,0.047498678034983095,3.6697731502419365e-05,15,49,0.06644126774422393,0.1985938475295239,True,False,True,0.0006390703315446676,COMPLETE
366,0.3670099973678589,2025-04-15 21:18:09.349040,2025-04-15 21:18:28.571488,0 days 00:00:19.222448,0.37189373642948986,0.09614210726055977,16,0.041728023413935694,0.28192518770063246,0.06288167859599865,0.00572618278756131,0.08517553248279357,0.053736819327113564,0.0017171101440383286,15,46,0.05498310656523354,0.1611003008839077,True,False,True,0.00022626626319171463,COMPLETE
367,0.4013519763946533,2025-04-15 21:18:28.686640,2025-04-15 21:18:46.584092,0 days 00:00:17.897452,0.350445933378734,0.1828033395575486,16,0.029875796256636472,0.26243641526556416,0.057965762536242964,0.007910985371741584,0.08906629297204999,0.05047940132641306,0.0031755621081567056,14,33,0.05826006897196828,0.17882668000449203,True,False,True,0.0003276066918171755,COMPLETE
368,0.3025133550167084,2025-04-15 21:18:46.709524,2025-04-15 21:19:04.104730,0 days 00:00:17.395206,0.4311468706304028,0.7454057677374142,16,0.01744654393997668,0.28952384970973993,0.06105122177533577,0.004183731390582875,0.09333960015181078,0.018317702417822573,7.548644886002517e-05,12,36,0.05105371088502962,0.19221900980173398,True,False,True,0.0009579067962045885,COMPLETE
369,0.41603146791458134,2025-04-15 21:19:04.219473,2025-04-15 21:19:23.159885,0 days 00:00:18.940412,0.39730736417174706,0.7281417092150084,16,0.035650616441719046,0.2708388759823056,0.06429114410440563,0.010653338325658509,0.09935819890602014,0.05975320317280219,0.0024492409937234795,16,39,0.052426237475601906,0.17079801859188623,True,False,True,0.00045776296662331217,COMPLETE
370,0.34312087297439575,2025-04-15 21:19:23.273749,2025-04-15 21:19:41.373177,0 days 00:00:18.099428,0.33014142935909235,0.7205240583833751,16,0.04776888567179373,0.2562348621844031,0.04144703737621122,0.01102790334224621,0.09914832364191221,0.06306937959691614,0.00010084555472263918,16,38,0.047723541413985535,0.1717731759300517,False,False,True,0.0005662922337608995,COMPLETE
371,0.36500022411346433,2025-04-15 21:19:41.499405,2025-04-15 21:20:00.547038,0 days 00:00:19.047633,0.27336184647097655,0.6651378454896447,16,0.03642554479470848,0.2683381157800869,0.06871542677598606,0.009786688859237587,0.09836193222471638,0.059956908761580205,0.0014030227614559951,16,39,0.05193005789012339,0.1646938150151467,True,False,True,0.00046498284552042176,COMPLETE
372,0.38671054840087893,2025-04-15 21:20:00.662249,2025-04-15 21:20:20.573833,0 days 00:00:19.911584,0.3829205133014476,0.6854087350251287,16,0.042064140448493846,0.27360600731309503,0.06396794651938822,0.012849450129620413,0.0959948792010898,0.06162599416885314,5.8255917427205606e-05,17,41,0.05310319293964622,0.1560649213493132,True,False,True,0.0006263880202844515,COMPLETE
373,0.4062131643295288,2025-04-15 21:20:20.688682,2025-04-15 21:20:39.429547,0 days 00:00:18.740865,0.40383300526613114,0.7897284293905851,16,0.034630845186684356,0.2440243576554398,0.06544788464957353,0.007991494512915615,0.08236436599707445,0.058891575805748254,0.002118324694127243,16,30,0.04923207495089796,0.14938873910667463,True,False,True,0.00044816326820210344,COMPLETE
374,0.2568194448947907,2025-04-15 21:20:39.544905,2025-04-15 21:21:00.851727,0 days 00:00:21.306822,0.36609578303844736,0.6251302627802562,16,0.022665973412215826,0.26335015833318953,0.06222673549553245,0.006277110373015666,0.08826237404319205,0.05475751150782271,4.662564419185166e-05,17,36,0.050370338578559805,0.16602192612398112,True,False,False,0.0006935825576960533,COMPLETE
375,0.40594487190246586,2025-04-15 21:21:00.977789,2025-04-15 21:21:20.178774,0 days 00:00:19.200985,0.39036832676021765,0.724673177920275,16,0.026312571133621225,0.26838736390674045,0.06681645067102653,0.010270469240192363,0.09960695351897321,0.05273423379247642,0.001884256311990083,16,43,0.053516236621549425,0.17229397630693113,True,False,True,7.892788223631943e-07,COMPLETE
376,0.18736022114753725,2025-04-15 21:21:20.295959,2025-04-15 21:21:39.188285,0 days 00:00:18.892326,0.028217851523713144,0.37239548622856317,16,0.03501834119300101,0.2570883004774587,0.049815126969575144,0.008652224389452652,0.09705430733033632,0.05899612308459969,0.0026907966862219686,15,40,0.05523201391727678,0.02353715179020935,True,False,True,0.0008524427435422289,COMPLETE
377,0.27667946815490724,2025-04-15 21:21:39.304164,2025-04-15 21:21:57.943847,0 days 00:00:18.639683,0.34440433758057415,0.7634093038719061,16,0.04633831165919923,0.2781270698115371,0.06485004297131985,0.01494284193564585,0.08646688808736389,0.049298273975365195,0.006708944994163109,15,34,0.05234687005970361,0.1573494775449613,True,True,True,0.00027593551047818473,COMPLETE
378,0.4029272913932801,2025-04-15 21:21:58.061943,2025-04-15 21:22:17.808627,0 days 00:00:19.746684,0.40769603412352484,0.6430753772799549,16,0.028778970012779296,0.27256296126211493,0.06204202723219976,0.04345321094350908,0.09037572108702055,0.056116838448283295,0.0032967502312853903,16,51,0.045658206809876624,0.17744162155950793,True,False,True,0.00038967925776600654,COMPLETE
379,0.32149474620819096,2025-04-15 21:22:17.935674,2025-04-15 21:22:36.915180,0 days 00:00:18.979506,0.37638551131716413,0.7069518613259852,16,0.019192451749442126,0.2509191172295717,0.05388176374243994,0.006183954818948299,0.09967610439503766,0.06360982175322083,3.153976224301768e-05,15,44,0.05491884363096666,0.16934913141068564,True,False,True,0.0001920562973628961,COMPLETE
380,0.36089758872985844,2025-04-15 21:22:37.032881,2025-04-15 21:22:56.903049,0 days 00:00:19.870168,0.359062109910597,0.7805145476732936,16,0.038965392915695035,0.26195975770871166,0.06025401807118621,0.002771714537789082,0.09577060029725233,0.06153295577814095,0.055719477912446906,17,47,0.05063910576958491,0.16330984023734046,True,False,True,0.0005662829984545049,COMPLETE
381,0.23083236217498782,2025-04-15 21:22:57.021002,2025-04-15 21:23:16.986935,0 days 00:00:19.965933,0.4012548292653174,0.7424326651115816,16,0.07303737181947606,0.2764811625324941,0.05589366634085147,0.01158500077970942,0.050637144273127425,0.05184002007276355,0.0015966908553040051,16,55,0.05620764577857875,0.13760613223128002,True,False,True,1.966702070348351e-05,COMPLETE
382,0.41363885402679446,2025-04-15 21:23:17.116180,2025-04-15 21:23:35.706977,0 days 00:00:18.590797,0.3837889016282644,0.7583782393931378,16,0.03314417769288745,0.26717170467832535,0.06331667895461288,0.0011150251509993675,0.08059541471666513,0.05744061225914993,0.002445509480897323,15,37,0.053312183161567966,0.1733677687861653,True,False,True,0.000489506693479446,COMPLETE
383,0.3410230278968811,2025-04-15 21:23:35.825579,2025-04-15 21:23:54.617314,0 days 00:00:18.791735,0.41969829571355427,0.7956296603904698,16,0.0522433883513571,0.268887660872589,0.06835186819813334,0.003353624159788425,0.08192904585990214,0.057939187839424026,0.0023963219301494066,16,34,0.05240525208913162,0.1811774133311026,True,False,True,0.0006222378395168845,COMPLETE
384,0.3657143592834473,2025-04-15 21:23:54.736588,2025-04-15 21:24:13.205091,0 days 00:00:18.468503,0.8395160075125939,0.7684532332895834,16,0.03476036429458008,0.26295252837254246,0.0656804416240265,0.0742349569467547,0.07931842743486085,0.059893761539463325,0.00447563488025834,15,29,0.04965102276116877,0.17439939691370165,True,False,True,0.0007513228909109719,COMPLETE
385,0.3533003568649292,2025-04-15 21:24:13.336704,2025-04-15 21:24:31.465907,0 days 00:00:18.129203,0.38669519389584617,0.7629888939223519,16,0.04318315254368264,0.254804179407866,0.06362085193069393,0.0013274971972548648,0.08383467157529448,0.05676562669602379,0.007906179479158322,14,37,0.0471360437597087,0.17138291764806396,True,False,True,0.0005298856105524112,COMPLETE
386,0.4008366823196411,2025-04-15 21:24:31.584870,2025-04-15 21:24:49.308320,0 days 00:00:17.723450,0.46521505400714025,0.4252460310468758,16,0.031713123897289995,0.2694999063038514,0.04449776344688007,0.0011545287750243808,0.08590654065613507,0.06133045690974382,0.0029237844906603114,13,39,0.0534006546843847,0.18154647230107407,True,False,True,0.00043687692822053727,COMPLETE
387,0.4097158432006836,2025-04-15 21:24:49.427773,2025-04-15 21:25:08.108659,0 days 00:00:18.680886,0.43658510858090877,0.7511344049918435,16,0.02282902413602642,0.25898010876577665,0.0511133665341064,0.005443237450344161,0.08204182718138313,0.05837160588946896,0.003665042163837093,16,33,0.05105071718958125,0.17723144632907695,True,False,True,0.000878557145768337,COMPLETE
388,0.31112590432167053,2025-04-15 21:25:08.229771,2025-04-15 21:25:28.032699,0 days 00:00:19.802928,0.4099392942442918,0.7951484000242471,16,0.008072417114757754,0.2651880238888452,0.06315687735666234,0.007572242958179244,0.08091904557283155,0.055887914870957345,0.013657573473318531,17,42,0.054279816287917476,0.16809528856209305,True,False,True,0.0005017509523982208,COMPLETE
389,0.39530266523361207,2025-04-15 21:25:28.163312,2025-04-15 21:25:46.013580,0 days 00:00:17.850268,0.391819818271759,0.8159921934579265,16,0.03890072171293689,0.24970987913419262,0.052773357317460766,0.0029511401748261727,0.08038210936411191,0.05430150565447061,3.747894275629382e-05,15,36,0.05251645960243295,0.1870762441631477,False,False,True,0.0003306193763441882,COMPLETE
390,0.28178586363792424,2025-04-15 21:25:46.136367,2025-04-15 21:26:04.443635,0 days 00:00:18.307268,0.2090732261674858,0.779257602076716,16,0.026416050676198295,0.2774616718224028,0.05774483031933888,0.005298773569026702,0.02233503093391301,0.059562813392776665,0.0006580083873017522,14,40,0.05546274546856901,0.150853051871654,True,False,True,0.0007028139383269672,COMPLETE
391,0.15630033016204836,2025-04-15 21:26:04.564452,2025-04-15 21:26:23.779376,0 days 00:00:19.214924,0.3487674003249605,0.7335516491369843,16,0.12361878850252926,0.2723131612107294,0.0667496628328095,0.009261892348127774,0.08478419462520179,0.057204225066612116,0.0022410857944283333,15,49,0.04982848846490968,0.1742244058930623,True,False,True,0.00042224122826004526,COMPLETE
392,0.3061258375644684,2025-04-15 21:26:23.911197,2025-04-15 21:26:41.947601,0 days 00:00:18.036404,0.3018785373012942,0.7008765096366816,16,0.016314683034113486,0.2797779516236101,0.0700147352154091,0.002798494628075272,0.08724011602969108,0.05514770260784815,0.00268546844366962,12,53,0.053879314851684505,0.16694014001777385,True,False,True,8.24435025087382e-06,COMPLETE
393,0.4076681017875672,2025-04-15 21:26:42.070613,2025-04-15 21:27:01.525632,0 days 00:00:19.455019,0.37910365768553766,0.5702051501690187,16,0.03313485008451485,0.2574761294609119,0.0329672296837968,0.006166465530977225,0.07827662060386605,0.06345145265436,2.8297541788646085e-05,16,45,0.04835264285314975,0.1587555282610446,True,False,True,0.0002524339741336717,COMPLETE
394,0.2678581714630127,2025-04-15 21:27:01.648049,2025-04-15 21:27:24.405373,0 days 00:00:22.757324,0.42243318132915286,0.755227825888785,16,0.02345825631877229,0.2654608628314788,0.06465493155569683,0.004647320637208026,0.0894222180887851,0.060696406195743464,0.00047130674107816797,14,83,0.05671981666656904,0.18019501736050958,True,False,False,0.0005296591153474339,COMPLETE
395,0.37320678234100346,2025-04-15 21:27:24.528352,2025-04-15 21:27:42.544459,0 days 00:00:18.016107,0.4458198328584706,0.6760982598384235,16,0.04634414985244496,0.27258574954284154,0.0597382652525973,0.0012226522857936104,0.08361434786971605,0.05826542334309682,0.009777622119489253,15,25,0.05133727411211871,0.17279761187259102,True,False,True,0.0003217448252318488,COMPLETE
396,0.1888286888599396,2025-04-15 21:27:42.677376,2025-04-15 21:28:02.591173,0 days 00:00:19.913797,0.1458451601049312,0.7745626297407365,16,0.17457663189500758,0.2448368288219178,0.05502402956185424,0.00768101993805257,0.0912397267167494,0.054152972041510095,0.003218885956412095,18,38,0.05395225739135521,0.16308064577946269,True,True,True,0.0006854546076513065,COMPLETE
397,0.37240326404571533,2025-04-15 21:28:02.713883,2025-04-15 21:28:20.662928,0 days 00:00:17.949045,0.364332495230894,0.7196430705992926,16,0.03827168205255112,0.2824275348637621,0.048181455547665245,0.013003204287855409,0.08800068316292183,0.046732825599695105,0.0055119151993583545,13,42,0.05648498202753815,0.1554561178803938,True,False,True,0.00041027974950068444,COMPLETE
