number,value,datetime_start,datetime_complete,duration,params_alpha-eval,params_alpha-train,params_batch-size,params_eps-eval,params_eps-train,params_lambda-actions-eval,params_lambda-actions-train,params_lambda-frames-eval,params_lambda-frames-train,params_learning-rate,params_n-epochs,params_n-frames,params_radius-gw,params_rho,params_std-feats,params_ub-actions,params_ub-frames,params_weight-decay,state
1823,0.4580487489700318,2025-04-14 09:18:03.105434,2025-04-14 09:18:26.971451,0 days 00:00:23.866017,0.9790843494113525,0.19076714472955675,8,0.013876792924017224,0.11827064139939383,0.06855926688855078,0.09826349909258333,0.09115281935484916,0.09153562388804634,0.011266333822388595,15,32,0.08698525119330568,0.09767811220485542,True,True,True,0.00017226145742125064,COMPLETE
1824,0.43235125541687014,2025-04-14 09:18:27.553997,2025-04-14 09:18:45.549821,0 days 00:00:17.995824,0.9610095277687168,0.15760149057094117,16,0.0302636601790582,0.10304583346495201,0.07101511035377803,0.09037762091946505,0.08426750274021576,0.09676880695970796,0.009256143760861271,14,38,0.08960882725103786,0.11142574146535984,True,True,True,0.0001251564082997564,COMPLETE
1825,0.4267181992530823,2025-04-14 09:18:46.155268,2025-04-14 09:19:04.603130,0 days 00:00:18.447862,0.9999462161099574,0.21117092019150047,16,0.025336406534189174,0.13232314508344215,0.0683172589772352,0.09666795249340261,0.09354771142662659,0.09391821399168525,0.014050762291093028,15,30,0.0837536500721129,0.12076945555754544,True,True,True,0.0002808456805093582,COMPLETE
1826,0.42696419954299925,2025-04-14 09:19:05.218042,2025-04-14 09:19:22.715025,0 days 00:00:17.496983,0.9993214650849777,0.2340814337167117,16,0.013738154506645658,0.10934160044095786,0.07083474416584304,0.09249913219964798,0.09627503842987854,0.08636712150465405,0.009229914463412186,14,18,0.085768714839361,0.11470431922888029,True,True,True,0.00019995048447527753,COMPLETE
1827,0.34267444610595704,2025-04-14 09:19:23.306311,2025-04-14 09:19:41.488091,0 days 00:00:18.181780,0.9505638402904603,0.17258321977027333,16,0.019135547214201746,0.1890162692291712,0.044693357592796475,0.09552569863845062,0.09997715554926585,0.09658300254046065,0.011482638230052892,13,53,0.09207532010261005,0.10635781938016525,True,True,True,0.00028713225684958934,COMPLETE
1828,0.45546200275421145,2025-04-14 09:19:42.102190,2025-04-14 09:20:05.846786,0 days 00:00:23.744596,0.9421408328726318,0.19908928016833405,8,0.010067662776417383,0.11428793842872716,0.05974053647801719,0.09821432438934416,0.0896613957428823,0.09211614941236247,0.00876176495296981,15,34,0.08197002623999398,0.09953760132297655,True,True,True,2.1419349978738918e-05,COMPLETE
1829,0.3697964072227478,2025-04-14 09:20:06.445918,2025-04-14 09:20:24.496929,0 days 00:00:18.051011,0.9829912631187644,0.22234433241865317,16,0.023261273375871583,0.12915670224926382,0.04985084408600002,0.09664319166958826,0.0746913695373256,0.08930037876398288,0.015123448211514698,15,23,0.08950849414452798,0.12249130365919364,True,True,True,0.00023328610799285275,COMPLETE
1830,0.1888286888599396,2025-04-14 09:20:25.086898,2025-04-14 09:20:42.543639,0 days 00:00:17.456741,0.9648562683124565,0.18793102595629757,16,0.004892846645538944,0.09976655751654365,0.0662600029297041,0.09356477501011272,0.09798011174998864,0.09817682294782656,0.010597730801871628,14,27,0.017808447641175763,0.10948498768050725,True,True,True,0.0001715669122789356,COMPLETE
1831,0.450371277332306,2025-04-14 09:20:43.150618,2025-04-14 09:21:01.197150,0 days 00:00:18.046532,0.9995973934361965,0.14488449285918534,16,0.029871737292077805,0.12215803185972272,0.07160942197864853,0.0984957834888009,0.0921327025916076,0.09401696393032338,0.008401600847881703,14,31,0.08576517507988836,0.11653827891081747,True,True,True,0.0003022596248151784,COMPLETE
1832,0.3977382063865662,2025-04-14 09:21:01.813160,2025-04-14 09:21:20.694175,0 days 00:00:18.881015,0.9994969751326783,0.23944000476556912,16,0.016590689439977824,0.0962651074179759,0.06879186684722319,0.09550963358398447,0.07189934686179136,0.09539378610057381,0.012897203944872792,16,36,0.08736000408330327,0.10232576043458574,True,True,True,0.0002160123056945443,COMPLETE
1833,0.4385977149009705,2025-04-14 09:21:21.284228,2025-04-14 09:21:43.396763,0 days 00:00:22.112535,0.9354412582589824,0.20810229225263815,8,0.010088728220214366,0.10564252567902817,0.07194935484616528,0.09828978667323521,0.08752263344227765,0.09802874449309726,0.009937102738535314,13,27,0.07898198480758717,0.11170076743727822,True,True,True,0.00029629015749544875,COMPLETE
1834,0.4175097942352295,2025-04-14 09:21:43.986621,2025-04-14 09:22:02.455449,0 days 00:00:18.468828,0.9683647537037868,0.18011150884494553,16,0.021272934987835855,0.11709458357910378,0.0641517440679374,0.09140140160461208,0.09445175558731761,0.09994258116953622,0.007731660983786756,15,43,0.08345209427905466,0.11958147393785573,True,True,False,0.0002462086880573867,COMPLETE
1835,0.38297632932662967,2025-04-14 09:22:03.071302,2025-04-14 09:22:21.428141,0 days 00:00:18.356839,0.9997804934797505,0.2430456164960339,16,0.005329690672717727,0.1383075899723457,0.0696680132528264,0.0943611772745146,0.09658285994234231,0.09076375236254944,0.011199007670973319,15,33,0.08463578546440786,0.09691454852190276,True,True,True,0.0001442289350520225,COMPLETE
1836,0.3878184914588928,2025-04-14 09:22:22.012294,2025-04-14 09:23:18.810895,0 days 00:00:56.798601,0.949376508146757,0.22176211845394714,2,0.015130486319531726,0.11170573097871651,0.0665872510921679,0.09701336403569956,0.09169470852874949,0.09240540327094006,0.00783296602575698,15,30,0.08137278577127062,0.10792552412551773,False,True,True,0.0003286397654877545,COMPLETE
1837,0.3884185791015625,2025-04-14 09:23:19.419746,2025-04-14 09:23:37.193103,0 days 00:00:17.773357,0.9316331691652413,0.6452359727389332,16,0.0001451471986419805,0.12391923694485645,0.07227855030256317,0.09577550161120937,0.09431991401321448,0.08561768178844678,0.013389139524887154,14,24,0.08957095475384137,0.12302332312692886,True,True,True,0.0001827446109623477,COMPLETE
1838,0.4253012657165528,2025-04-14 09:23:37.807365,2025-04-14 09:23:56.621131,0 days 00:00:18.813766,0.9783300199753867,0.1657920201050977,16,0.03219851468885426,0.10624980566067464,0.07009530397623472,0.09988828369315583,0.08617348053126155,0.09538255991344734,0.009043321354654436,16,38,0.09161203499741993,0.10402268108340851,True,True,True,0.00011873980548063751,COMPLETE
1839,0.45788384675979615,2025-04-14 09:23:57.214117,2025-04-14 09:24:21.547407,0 days 00:00:24.333290,0.9533733915065722,0.12718197046238877,8,0.02376196032734787,0.09423217037233862,0.07259145773727146,0.09996758196699625,0.08137447731707155,0.06411737928803861,0.010131485148289833,16,34,0.08764791524024086,0.1159098862999472,True,True,True,0.0003321233551574835,COMPLETE
1840,0.4522686004638672,2025-04-14 09:24:22.162322,2025-04-14 09:24:40.388434,0 days 00:00:18.226112,0.9999731934158071,0.1991643168131111,16,0.011945027705865101,0.11603277662819113,0.06784604647183935,0.09265692465807915,0.04886584395030767,0.09995251199834194,0.012144473617684837,15,28,0.0860492620946269,0.09793320012363677,True,True,True,0.00024254792004995448,COMPLETE
1841,0.4539663553237915,2025-04-14 09:24:40.983217,2025-04-14 09:24:58.493179,0 days 00:00:17.509962,0.9689073933393566,0.22571776830485354,16,0.0281390373155034,0.10251898723543416,0.07013043536785961,0.09682177571657315,0.09828695240452863,0.09334912314783736,0.015824414389407158,13,31,0.08249997086386883,0.11228385650636928,True,True,True,0.00019404728791882976,COMPLETE
1842,0.4234875321388245,2025-04-14 09:24:59.109108,2025-04-14 09:25:16.706508,0 days 00:00:17.597400,0.9289079909103972,0.2471229664330395,16,0.016783112721178495,0.11037695560912439,0.06561152188141017,0.09425042293081416,0.08966728082047232,0.08889729505256509,0.00782106544501477,14,26,0.07984877797771048,0.12173375502115415,True,False,True,0.00034424924731648297,COMPLETE
1843,0.19045613408088685,2025-04-14 09:25:17.297515,2025-04-14 09:25:35.710377,0 days 00:00:18.412862,0.9789040190193447,0.1784357460898354,16,0.19192172271784178,0.12036207987105353,0.07315646894987905,0.05777818152817168,0.09617862504315693,0.09659023930787833,0.006364204213539861,16,21,0.08880856312810978,0.10672184032728907,True,True,True,0.0002683888058126137,COMPLETE
1844,0.3693866610527039,2025-04-14 09:25:36.324430,2025-04-14 09:25:54.733166,0 days 00:00:18.408736,0.9512806683791876,0.46511481293728707,16,0.02081337683437904,0.09867552198417241,0.06810351971804521,0.09798615469139724,0.09304386817102091,0.09998637847921912,0.009457192958972505,15,36,0.08428864349516012,0.11384581223233622,True,True,True,0.00015616163147914766,COMPLETE
1845,0.4611423373222351,2025-04-14 09:25:55.325193,2025-04-14 09:26:18.261420,0 days 00:00:22.936227,0.9347114165865574,0.20788492612117992,8,0.004795250457773768,0.12979876054041983,0.07144829896011266,0.09997053920099776,0.09488780403368706,0.09490003099592528,0.008346556551958907,14,32,0.08613981971533914,0.12368967572535325,True,True,True,0.0003505289850123242,COMPLETE
1846,0.357376229763031,2025-04-14 09:26:18.882529,2025-04-14 09:26:37.043740,0 days 00:00:18.161211,0.9684681327828988,0.15940823077237232,16,0.026536900144584957,0.11142137584019406,0.07026872483301083,0.0953018118859263,0.07895773025743136,0.09092555443603874,0.01145054164549067,15,29,0.09247770440579718,0.021551172591093223,True,True,True,1.5999396567557893e-05,COMPLETE
1847,0.37264891862869265,2025-04-14 09:26:37.640204,2025-04-14 09:26:56.482168,0 days 00:00:18.841964,0.9797756579545441,0.19446256387962457,16,0.009622543570129725,0.12567599576683033,0.053664903720578576,0.09077676715144473,0.09817424401793906,0.09765305145844572,0.006869456406866403,16,34,0.09075973672536176,0.09612726919714144,True,True,True,0.00022051905694120164,COMPLETE
1848,0.4378108382225037,2025-04-14 09:26:57.093524,2025-04-14 09:27:14.875881,0 days 00:00:17.782357,0.9476119459217893,0.2347067265747368,16,0.03222259223721193,0.10434497427069818,0.06328854366817571,0.09667277662510405,0.09063677349048294,0.09359103632359395,0.005483884535185071,14,25,0.07798324158850922,0.10450521530052741,True,True,True,0.0002821216463272787,COMPLETE
1849,0.42449629306793213,2025-04-14 09:27:15.491662,2025-04-14 09:27:34.017404,0 days 00:00:18.525742,0.9217139012812723,0.10359836674406081,16,0.017933494200894504,0.11927875171238624,0.06103551880936447,0.09804564640692823,0.0883912818638208,0.0971527984113266,0.009881516341340402,15,40,0.08320149699805672,0.1174808235982013,True,True,True,0.00035680697793208,COMPLETE
1850,0.3820616483688355,2025-04-14 09:27:34.622188,2025-04-14 09:27:56.938998,0 days 00:00:22.316810,0.9611604726819462,0.2144840538552765,8,0.0002031473245044657,0.11387706190998328,0.07372538828070574,0.09425303846225148,0.09275155686531389,0.09236422066215964,0.014569935322290669,13,29,0.06121048423837056,0.11252737970685613,True,True,True,0.00020377472374944275,COMPLETE
1851,0.19463877081871034,2025-04-14 09:27:57.556340,2025-04-14 09:28:15.823440,0 days 00:00:18.267100,0.9769500109228104,0.24632726093912738,16,0.1817884471505178,0.05465315828093879,0.06866098968930312,0.0926458586746854,0.09625286795361085,0.09477780631334763,0.008235050030774753,15,36,0.08762161060961428,0.12351125620565222,True,True,True,0.00028344898628817277,COMPLETE
1852,0.18835787177085878,2025-04-14 09:28:16.422085,2025-04-14 09:28:34.996716,0 days 00:00:18.574631,0.9442255730038066,0.521609635389405,16,0.010471397493859246,0.09787835582720783,0.07191056643877083,0.0367274714733988,0.09442187756332551,0.09034281274621735,0.012134277264957194,16,33,0.08075224387701499,0.10119275659246005,True,True,False,9.802297305647623e-05,COMPLETE
1853,0.3814126491546631,2025-04-14 09:28:35.613692,2025-04-14 09:28:53.021210,0 days 00:00:17.407518,0.9819809896692608,0.1427799321739232,16,0.022342106876092307,0.10836265958957238,0.06683558174202872,0.09997286779171244,0.09818030297201726,0.08841975381717129,0.007067742135003545,14,28,0.08499080449958203,0.11033031160360227,False,True,True,0.00015881262739880368,COMPLETE
1854,0.4435379624366761,2025-04-14 09:28:53.615550,2025-04-14 09:29:11.761065,0 days 00:00:18.145515,0.9998306665772574,0.18399403125778555,16,0.01430126411083137,0.0955694485543539,0.06996371252831485,0.09665062905602462,0.09187076934842837,0.09648148091320997,0.009622694011448723,15,23,0.08903290120565213,0.11669411206646993,True,True,True,0.0004037268617240256,COMPLETE
1855,0.36745437383651736,2025-04-14 09:29:12.385981,2025-04-14 09:29:35.360228,0 days 00:00:22.974247,0.9231661448984508,0.22102573755170443,8,0.033055822597599246,0.1339651168498723,0.07279701541767059,0.09828514640582399,0.0898802085922249,0.09818211991585461,0.006366770011953347,14,31,0.08254957845957217,0.0953604242634061,True,True,True,0.00025750599750284486,COMPLETE
1856,0.37973358631134035,2025-04-14 09:29:35.955475,2025-04-14 09:29:55.800341,0 days 00:00:19.844866,0.956728195449733,0.19852536791642844,16,0.026235401410885175,0.11874846878940513,0.06531554834894683,0.09516467702036377,0.08671919522239988,0.08513881674790155,0.011077194504426801,19,26,0.08681170811826913,0.10808260535822457,True,True,True,0.00012492929553121622,COMPLETE
1857,0.45987241268157963,2025-04-14 09:29:56.415705,2025-04-14 09:30:15.283731,0 days 00:00:18.868026,0.9325378002681045,0.16489958241004063,16,0.005719313867233218,0.10401552857419658,0.07099601093884962,0.09272274367984425,0.09543240226590892,0.09314803050537264,0.00899228189788861,16,31,0.09200383009022893,0.12011701759727816,True,True,True,0.00036192331555677255,COMPLETE
1858,0.1927363932132721,2025-04-14 09:30:15.905026,2025-04-14 09:30:34.378098,0 days 00:00:18.473072,0.9997339209408065,0.24969635761378398,16,0.21536096534952673,0.12490574113106451,0.07389144341926711,0.096629900703917,0.09328737322858185,0.09495128032668868,0.01624150250993175,15,37,0.08433223192453436,0.1028283262340868,True,True,True,0.0002465418916596422,COMPLETE
1859,0.3516737461090088,2025-04-14 09:30:34.976751,2025-04-14 09:31:28.941696,0 days 00:00:53.964945,0.9619392868843858,0.22739161614868725,2,0.018406151373245902,0.11158938747683327,0.06737691861677092,0.09047340590704026,0.09664622609399247,0.09818809870547741,0.007862636739297357,14,34,0.08068199672512326,0.031795369371813376,True,False,True,0.00019544238924829168,COMPLETE
1860,0.1888286888599396,2025-04-14 09:31:29.559824,2025-04-14 09:31:48.022524,0 days 00:00:18.462700,0.9788208544646271,0.19979184566698793,16,0.014610861345864963,0.27775059309011574,0.06990800229769274,0.09776506648832801,0.08425667874835824,0.09146377087128726,0.005348096428286799,16,29,0.09001293539472578,0.12595583426807236,True,True,True,0.0004194079771082597,COMPLETE
1861,0.4551936984062195,2025-04-14 09:31:48.622585,2025-04-14 09:32:12.396266,0 days 00:00:23.773681,0.9432895637793899,0.17635600525238163,8,0.00912340365834569,0.11619931663672528,0.07355605553479602,0.09466023318242703,0.09988431390518816,0.09625496638282158,0.01312207315593979,15,26,0.08749655331510096,0.11437986325293881,True,True,True,0.00029573726221548616,COMPLETE
1862,0.46217815876007085,2025-04-14 09:32:12.992331,2025-04-14 09:32:30.470241,0 days 00:00:17.477910,0.9622990131233065,0.2154941658829689,16,0.024687458958553073,0.0936874522194858,0.06894098839357418,0.09812062368607469,0.09137786827513712,0.09346561867604107,0.01061815981891844,13,32,0.0849469396967722,0.09461828776588346,True,True,True,0.00016692871383745345,COMPLETE
1863,0.4416579008102417,2025-04-14 09:32:31.084567,2025-04-14 09:32:49.911699,0 days 00:00:18.827132,0.9159178708562298,0.24169494857414364,16,0.032259640563039205,0.10146862885496997,0.07154826073097331,0.09994973931629457,0.06877297200832956,0.08795839644200588,0.007080513314580294,16,39,0.09366721745665131,0.11875268029378491,True,True,True,0.0003628588371301624,COMPLETE
1864,0.4193305134773254,2025-04-14 09:32:50.532686,2025-04-14 09:33:08.399168,0 days 00:00:17.866482,0.9832541515999952,0.3701121683611105,16,0.005351483394273119,0.10796908085317722,0.07415392596870449,0.09576205775150742,0.08902755470960276,0.09640031713502792,0.008625269838992346,15,20,0.08342439249663201,0.10476390970135861,True,True,True,7.069901361596968e-05,COMPLETE
1865,0.3648031115531921,2025-04-14 09:33:08.999805,2025-04-14 09:33:28.443207,0 days 00:00:19.443402,0.9428017589145529,0.1562975705635807,16,0.01990302865037228,0.12793553227389914,0.06725187505507366,0.09313249078937154,0.0941245252560308,0.09023842785448033,0.006393362335232064,18,28,0.0788545999460735,0.12555493150834438,True,True,True,0.00023643957100582722,COMPLETE
1866,0.42834960222244267,2025-04-14 09:33:29.063794,2025-04-14 09:33:51.840487,0 days 00:00:22.776693,0.9219308520882922,0.2579998361828145,8,0.010957380156044019,0.12060205136343466,0.07146693159265448,0.09669734536253946,0.09774074810337147,0.09480654405152338,0.013370092329429572,14,23,0.07196165225683399,0.10736795320520696,True,True,True,0.0004034132627565696,COMPLETE
1867,0.31875615119934086,2025-04-14 09:33:52.434330,2025-04-14 09:34:14.502620,0 days 00:00:22.068290,0.9714872531683503,0.18769796893414425,16,0.027004723899711876,0.11536705932670357,0.06497480140876268,0.09440656568169759,0.09141550706126128,0.09806815218163209,0.00983920350600405,17,97,0.0863647775531182,0.11187870679402553,True,True,True,0.0002963444262954026,COMPLETE
1868,0.35802612304687503,2025-04-14 09:34:15.120721,2025-04-14 09:34:33.626498,0 days 00:00:18.505777,0.952871395902964,0.2223757690654987,16,0.000167873464017959,0.10500071174537454,0.07264733934974969,0.09830429401116586,0.06122442490332189,0.09141607616030592,0.007851047788345947,15,35,0.09002293326136199,0.09756334077176472,True,True,True,0.00020300205638685821,COMPLETE
1869,0.3573481202125549,2025-04-14 09:34:34.250206,2025-04-14 09:34:51.727825,0 days 00:00:17.477619,0.9823507763997111,0.138817086998198,16,0.01661657798797635,0.11024594100143138,0.06905758702923132,0.0962930431874103,0.09509277120187924,0.09828239393802275,0.01147127363193053,14,15,0.08134977137920751,0.11798465252081608,True,True,True,0.00041792584488736117,COMPLETE
1870,0.3844227194786072,2025-04-14 09:34:52.332507,2025-04-14 09:35:11.041174,0 days 00:00:18.708667,0.9358923443321705,0.2027044078346917,16,0.022342681504015433,0.13843825332658558,0.07468619257042762,0.09838931807782673,0.09821148285722392,0.09321986453407355,0.005095926952863737,16,31,0.09205617329071243,0.09910384818444345,True,True,True,4.9819204026190885e-05,COMPLETE
1871,0.334494423866272,2025-04-14 09:35:11.638416,2025-04-14 09:35:30.058226,0 days 00:00:18.419810,0.9640230274828312,0.2569147350422937,16,0.03261972424361468,0.09454715747780212,0.07132332041223746,0.09239459465432988,0.09231116622480358,0.0999563386327227,0.008605506860536828,15,42,0.049713614812208304,0.12422837352854943,True,True,False,0.0001337740339500442,COMPLETE
1872,0.3871864557266235,2025-04-14 09:35:30.679374,2025-04-14 09:35:54.865493,0 days 00:00:24.186119,0.9076414329462416,0.232930273414011,8,0.012033563367181425,0.14896969600845217,0.06834494289572471,0.09484679904307784,0.09997862870294559,0.095389901090578,0.006009289989659353,16,29,0.08817141207769082,0.09192357020727274,False,True,True,0.0003111754088078591,COMPLETE
1873,0.35803686380386357,2025-04-14 09:35:55.488341,2025-04-14 09:36:13.452247,0 days 00:00:17.963906,0.982739289658086,0.17117269170076269,16,0.005201613783361671,0.12287262626349163,0.07343000302637329,0.09804374843562295,0.08772029296055538,0.0876927158102078,0.015895715651715988,14,33,0.08554921552356128,0.1101175803522461,True,True,True,0.00046222726707291164,COMPLETE
1874,0.43244154453277595,2025-04-14 09:36:14.061114,2025-04-14 09:36:32.133402,0 days 00:00:18.072288,0.92184633563208,0.20497985474910813,16,0.018832234665236414,0.10096959941373582,0.07034355438333761,0.09107498756617122,0.09658146331208858,0.09648480793422,0.010240294821022317,15,25,0.08197718762868021,0.11767052201400441,True,True,True,0.00023366084573672488,COMPLETE
1875,0.25777486562728885,2025-04-14 09:36:32.763804,2025-04-14 09:36:50.883306,0 days 00:00:18.119502,0.9538903058124876,0.18526627407206772,16,0.13261961030381994,0.11349615512380533,0.0647659573821893,0.09648775649971553,0.08288544728831287,0.09234280463203945,0.007665863607079044,13,48,0.08826477409107397,0.1008888835680705,True,True,True,0.00017999644903847077,COMPLETE
1876,0.3830496668815613,2025-04-14 09:36:51.484215,2025-04-14 09:37:10.361096,0 days 00:00:18.876881,0.9373814950405127,0.8033174170665212,16,0.027357553148165,0.1285065676169195,0.06215105810385852,0.09430485514588632,0.09419385425689772,0.08959809190738112,0.012584630059285305,16,36,0.08362981474921123,0.10737274005189161,True,True,True,0.00032999707936890176,COMPLETE
1877,0.4597457051277161,2025-04-14 09:37:10.984324,2025-04-14 09:37:34.579203,0 days 00:00:23.594879,0.9670613426775985,0.23408053886229896,8,0.01224408877998559,0.10773676112289611,0.07474792828535928,0.09847379646019928,0.09019199784540631,0.094516864028935,0.006855489727165468,15,28,0.0858429834003017,0.12431222379762791,True,True,True,0.0004546033166941982,COMPLETE
1878,0.36871770620346067,2025-04-14 09:37:35.208876,2025-04-14 09:37:54.275199,0 days 00:00:19.066323,0.9839008043337872,0.11798376986949949,16,0.022500280556146703,0.11631474291155197,0.06705364883403166,0.08995111057779903,0.08577698476200393,0.0856397598280206,0.009209370747791913,17,31,0.054057489606475995,0.11377057445352823,True,True,True,0.0002783724697971849,COMPLETE
1879,0.33877851963043215,2025-04-14 09:37:54.881882,2025-04-14 09:38:12.841343,0 days 00:00:17.959461,0.9488688126706589,0.21709836276641087,16,0.09456766319745047,0.09915033781584505,0.07226559833461448,0.09633816407628945,0.09645356676481953,0.09998747042631653,0.005784845103756191,14,34,0.09063218539404486,0.08900737279419305,True,True,True,0.00014968960520578913,COMPLETE
