number,value,datetime_start,datetime_complete,duration,params_alpha-eval,params_alpha-train,params_batch-size,params_eps-eval,params_eps-train,params_lambda-actions-eval,params_lambda-actions-train,params_lambda-frames-eval,params_lambda-frames-train,params_learning-rate,params_n-epochs,params_n-frames,params_radius-gw,params_rho,params_std-feats,params_ub-actions,params_ub-frames,params_weight-decay,state
1196,0.3868279457092285,2025-04-16 02:48:42.006337,2025-04-16 02:49:02.338820,0 days 00:00:20.332483,0.40489809481515765,0.5284638737789241,16,0.041944179054000934,0.23298164098338853,0.06861592663356347,0.02247902768775591,0.09608029165101684,0.07183957164826721,0.009741794181655284,19,38,0.058094698419673664,0.15136108859541314,True,False,True,0.0001741115627937691,COMPLETE
1197,0.41130908727645876,2025-04-16 02:49:02.729451,2025-04-16 02:49:29.865292,0 days 00:00:27.135841,0.38647258776357885,0.48746342238354834,8,0.032310950595040945,0.2336793355833896,0.07179607120540987,0.026506447171357316,0.09356978226518556,0.06892494966899439,0.01859672419015202,20,34,0.06283757502665518,0.15979470247213146,True,False,True,0.00031966698906339886,COMPLETE
1198,0.41325986385345465,2025-04-16 02:49:30.259861,2025-04-16 02:49:51.058264,0 days 00:00:20.798403,0.4167038195193403,0.46248441876587637,16,0.032816091802034826,0.23693602197951308,0.06984755418383912,0.025455070345328894,0.09663811756868587,0.06399863289454263,0.013259431422004274,20,39,0.05634065589721865,0.14075298569850497,True,False,True,0.00022000963807793355,COMPLETE
1199,0.3331577181816101,2025-04-16 02:49:51.450895,2025-04-16 02:50:18.428175,0 days 00:00:26.977280,0.369234424207943,0.4612465357389723,16,0.04719316450027904,0.244710536865867,0.0672718448562492,0.028961100460507126,0.09359716523689389,0.06721314147624212,0.016297306363478606,20,105,0.059390163901038545,0.1718457763695799,True,False,True,0.0005339191439461266,COMPLETE
1200,0.4136777639389038,2025-04-16 02:50:18.821850,2025-04-16 02:50:38.561007,0 days 00:00:19.739157,0.3915861923602183,0.4384977817763217,16,0.028427574488383088,0.24303495235938263,0.01900119685561375,0.024257374980840237,0.09796128218673482,0.06984525586171647,0.011826042837124346,18,32,0.06063296758774733,0.14904697544942666,True,False,True,0.00014344526098377793,COMPLETE
1201,0.4178968548774719,2025-04-16 02:50:38.953730,2025-04-16 02:50:59.357138,0 days 00:00:20.403408,0.41830497391104715,0.4571030068789308,16,0.0376169350647424,0.22663321928807856,0.07520749251757786,0.0222691454902473,0.09474001977488762,0.0650912044567743,0.009769432713429105,19,37,0.056827869760159515,0.15698639889344101,True,False,True,4.558027799872177e-08,COMPLETE
1202,0.36854459047317506,2025-04-16 02:50:59.750210,2025-04-16 02:51:19.439095,0 days 00:00:19.688885,0.42775618070118426,0.5109953270242994,16,0.053244200364683705,0.22594580698524697,0.07602705417841218,0.02293783993097649,0.09324693054143349,0.06590243925590619,0.009458382722994386,19,29,0.05660306815253031,0.16368944467848556,True,False,True,2.9756254059315355e-08,COMPLETE
1203,0.4155200719833374,2025-04-16 02:51:19.828354,2025-04-16 02:51:39.875941,0 days 00:00:20.047587,0.42385818689839544,0.4547395260506858,16,0.04723936105449704,0.23504324408990007,0.07569664424102618,0.023990119057348717,0.0915971036867741,0.06398563512162922,0.00976014419372207,19,36,0.05585906147045512,0.16746772272255067,True,False,True,6.511055696796506e-07,COMPLETE
1204,0.29855663776397706,2025-04-16 02:51:40.267877,2025-04-16 02:52:47.094861,0 days 00:01:06.826984,0.4653319338425838,0.46291105693287565,2,0.040100022500243415,0.22791094340770385,0.07677577574260569,0.02468851821774694,0.09451369975340969,0.06533390908888684,0.00878994269833298,19,31,0.05883557900026351,0.16172162571687151,True,False,True,4.81484477762829e-08,COMPLETE
1205,0.37475845813751224,2025-04-16 02:52:47.487053,2025-04-16 02:53:07.113014,0 days 00:00:19.625961,0.41316573991951583,0.48177551944330277,16,0.05000726132213386,0.23322485700897067,0.07463874106060223,0.025394564448650514,0.09348118368833515,0.06717362705042097,0.01219011716627429,20,38,0.06257024605202827,0.17130458635306284,False,False,True,1.4846690404975932e-07,COMPLETE
1206,0.41071834564208987,2025-04-16 02:53:07.505842,2025-04-16 02:53:27.430530,0 days 00:00:19.924688,0.432051119857914,0.43133809847526766,16,0.040139881284776094,0.24000461193360945,0.07376873863892722,0.019878339570110332,0.0914431767182625,0.06347301496242615,0.010630055767386175,19,34,0.05683031759336236,0.15652232177293568,True,False,True,4.0097496438381185e-08,COMPLETE
1207,0.40713403224945066,2025-04-16 02:53:27.824673,2025-04-16 02:53:48.404008,0 days 00:00:20.579335,0.4027107114816567,0.4875834124085733,16,0.03771220665882586,0.23313896672865522,0.07175157458975279,0.021214978508462632,0.0953587856467188,0.06493315430941095,0.008180788589669646,19,41,0.05647406278402597,0.15832759382201306,True,False,True,0.0003920977443345939,COMPLETE
1208,0.41507257223129274,2025-04-16 02:53:48.796754,2025-04-16 02:54:09.535039,0 days 00:00:20.738285,0.454624177692436,0.4636571334753566,16,0.04510396695715987,0.22389671028110014,0.07335241097733802,0.022968364627206687,0.09243044100200787,0.06738115596343307,0.014255827932203256,20,36,0.06024071744886622,0.1657878540777577,True,False,True,9.5639101999349e-08,COMPLETE
1209,0.28635672330856327,2025-04-16 02:54:09.927592,2025-04-16 02:54:32.949839,0 days 00:00:23.022247,0.4738937371939187,0.49920367575326274,16,0.036383357976041204,0.23008945961888802,0.07649942068023675,0.02077013615030879,0.08955443745600311,0.06902688310924417,0.010130286599072467,21,31,0.05896485937059782,0.1547791599607572,True,False,False,2.51803289666994e-06,COMPLETE
1210,0.40920976400375364,2025-04-16 02:54:33.348377,2025-04-16 02:55:00.379333,0 days 00:00:27.030956,0.41820883217715366,0.444689859089568,8,0.04053283234880438,0.22301981200533086,0.07426955680762654,0.020664779082519187,0.08723481556945951,0.06281246791296499,0.013532659709712428,20,35,0.06389918340754552,0.16108237318529786,True,False,True,0.00030170416585815167,COMPLETE
1211,0.16363745331764223,2025-04-16 02:55:00.772085,2025-04-16 02:55:21.154322,0 days 00:00:20.382237,0.4356467110022519,0.4300711550773884,16,0.23146491880241193,0.2439387276863128,0.07277621777641252,0.02412596759907801,0.09481131231114442,0.06614858928352274,0.008445901970562459,19,39,0.06163688885387514,0.1726891445691727,True,False,True,0.0005468218185864757,COMPLETE
1212,0.3091928839683533,2025-04-16 02:55:21.547687,2025-04-16 02:55:43.222272,0 days 00:00:21.674585,0.38723262985542295,0.4676713023330034,16,0.05291080803782895,0.23795593659014683,0.07754575805221676,0.026027198847834943,0.09693254209368828,0.07187203063243827,0.011979510264644489,21,41,0.058111691628264836,0.15404557280281406,True,True,True,0.0004088625958456835,COMPLETE
1213,0.4191757678985596,2025-04-16 02:55:43.615092,2025-04-16 02:56:03.438671,0 days 00:00:19.823579,0.41334910377944495,0.42652100785535285,16,0.03455189842377829,0.21862968887444797,0.07100186086745222,0.01945646217594812,0.09251084461212199,0.06335163590403213,0.01785163544887546,18,37,0.05646216157624268,0.1662972219687395,True,False,True,0.0002691641474713704,COMPLETE
1214,0.3313900470733643,2025-04-16 02:56:03.835715,2025-04-16 02:56:23.541585,0 days 00:00:19.705870,0.376075224342154,0.4433322509955811,16,0.05897950887826968,0.2236531566496046,0.07032193238243563,0.03125257521263523,0.09356862926262043,0.06289568879324774,0.010760627600531382,19,27,0.056777435935023345,0.17361207194933076,True,False,True,4.1688483967724455e-07,COMPLETE
1215,0.37962377071380615,2025-04-16 02:56:23.935848,2025-04-16 02:56:43.435528,0 days 00:00:19.499680,0.3989528700215953,0.426057152029494,16,0.04355942982138554,0.22708276863222518,0.0750470798093731,0.027671337232167362,0.09244170464708215,0.06198688847458262,0.019033920119642507,18,32,0.05598792602461295,0.17000146470100322,True,False,True,0.00032547135371117025,COMPLETE
1216,0.33203907012939454,2025-04-16 02:56:43.829377,2025-04-16 02:57:03.644171,0 days 00:00:19.814794,0.3738047317976581,0.45027316712810334,16,0.03007767601074231,0.21313867104106082,0.07083853215138339,0.02365221857900444,0.09488831017143064,0.06390138608176409,0.015399960227610142,18,35,0.05615413635721728,0.16707146540846096,True,False,True,1.2317149485586863e-08,COMPLETE
1217,0.41779900789260865,2025-04-16 02:57:04.038895,2025-04-16 02:57:23.824367,0 days 00:00:19.785472,0.40468604947577225,0.4202919982672444,16,0.0352273197943338,0.21841626948788304,0.07338097768897198,0.019965047264803342,0.09672594127052876,0.07565243373341987,0.00857087804181079,18,33,0.05606282801323538,0.175068817667846,True,False,True,0.00023670901682506563,COMPLETE
1218,0.3656138896942139,2025-04-16 02:57:24.218363,2025-04-16 02:57:43.873715,0 days 00:00:19.655352,0.7592014549422567,0.4325152565758087,16,0.04740774712282388,0.21122681935201662,0.015485138445503798,0.022559006729149532,0.09285306422066356,0.07221266783235493,0.007927616706060528,18,29,0.055124706929225005,0.1739189853403858,True,False,True,0.0002068155099020431,COMPLETE
1219,0.40749999284744265,2025-04-16 02:57:44.267819,2025-04-16 02:58:03.863149,0 days 00:00:19.595330,0.3623369179925258,0.4684489215315309,16,0.03747703725768746,0.220240232108927,0.0704110696770414,0.020877129441409324,0.09511954710112921,0.075035158104466,0.008651252492571381,19,24,0.056506828404137156,0.17620653245623702,True,False,True,0.00019039400907640036,COMPLETE
1220,0.3835769653320313,2025-04-16 02:58:04.254871,2025-04-16 02:58:23.873329,0 days 00:00:19.618458,0.38949566708369054,0.44694858478665556,16,0.04240789563933194,0.21641538217556638,0.06920498994882908,0.020370432301060757,0.09223096980860172,0.07614559341810367,0.007173103241337385,18,29,0.055122154825632916,0.16780567175228953,True,False,True,0.00024031712399864068,COMPLETE
1221,0.37215479612350466,2025-04-16 02:58:24.265790,2025-04-16 02:58:43.842371,0 days 00:00:19.576581,0.40698857821162093,0.45546072010196126,16,0.050734122711291324,0.22513344023273582,0.07240522308461628,0.022681444671571516,0.09825813345120737,0.07942612787794776,0.009525702396567276,18,36,0.05531634163800618,0.17739347484411247,True,False,True,1.0190242188328075e-08,COMPLETE
1222,0.40160195827484135,2025-04-16 02:58:44.238313,2025-04-16 02:59:10.110782,0 days 00:00:25.872469,0.722280498796259,0.41474579033790815,8,0.037599372224173117,0.2054057451580328,0.071669662543813,0.025446669240154457,0.0939837610935573,0.07715778914525104,0.007846705304157275,18,34,0.055827404571988565,0.1742488955119508,True,False,True,0.00023319031804614948,COMPLETE
1223,0.36084275245666503,2025-04-16 02:59:10.508227,2025-04-16 02:59:29.921061,0 days 00:00:19.412834,0.3785498656870298,0.41705414948846903,16,0.027665262311981954,0.23528303226478792,0.035071573649615835,0.023485357596756556,0.0909273878321884,0.07233749340398257,0.009281132507617333,18,31,0.05742792966540487,0.17463766200032582,True,False,True,0.00020972465429369065,COMPLETE
1224,0.4147587060928345,2025-04-16 02:59:30.316560,2025-04-16 02:59:50.548171,0 days 00:00:20.231611,0.39830105694963436,0.5050586671276562,16,0.03399972969843064,0.21342937867680645,0.07584108708079351,0.019714462955541724,0.09631049087084513,0.07440904160369792,0.0065767803665565975,19,37,0.055154229747580434,0.16855913372814085,True,False,True,0.00017138455940330123,COMPLETE
1225,0.1576539695262909,2025-04-16 02:59:50.940163,2025-04-16 03:00:10.111453,0 days 00:00:19.171290,0.3667800692722946,0.4561166655172753,16,0.13851979361026867,0.23311191057473607,0.01824478386121699,0.021072775600683238,0.09394313161223834,0.07537315748134955,0.009630642264971134,19,38,0.05772259669184741,0.17073242853007142,False,False,True,2.1899432065470205e-07,COMPLETE
1226,0.16526381969451906,2025-04-16 03:00:10.503954,2025-04-16 03:00:30.125848,0 days 00:00:19.621894,0.40491989417517854,0.46832268982880504,16,0.24976196294204575,0.15228621626300842,0.06893155305057204,0.020708362319280096,0.09124062232439974,0.07484795025577548,0.008033244750680842,18,32,0.055802958914218784,0.16775461897349053,True,False,True,1.0355428019477496e-06,COMPLETE
1227,0.30550282001495366,2025-04-16 03:00:30.517335,2025-04-16 03:01:36.104869,0 days 00:01:05.587534,0.3879941701743488,0.43899793109113755,2,0.04416629448764603,0.20789585748816303,0.07322458321418795,0.01984588205762487,0.09996240575879371,0.07343244349141868,0.011274033780186264,18,33,0.058134416420297166,0.17743507080698429,True,False,True,2.1929074747500952e-08,COMPLETE
1228,0.2759530127048493,2025-04-16 03:01:36.498338,2025-04-16 03:01:58.873690,0 days 00:00:22.375352,0.41462970549128836,0.4279342362411293,16,0.02593386987721134,0.2169770828530853,0.07758982689424793,0.018874759958539822,0.09601996234393502,0.07364824543588863,0.009147719443713814,18,41,0.057415375675511145,0.16433794189451018,True,False,False,0.00017744596559126786,COMPLETE
1229,0.4125303506851197,2025-04-16 03:01:59.269804,2025-04-16 03:02:19.507264,0 days 00:00:20.237460,0.361003737681726,0.4918955939126432,16,0.03533796719342225,0.20700651700808492,0.07076107746433945,0.09252599157928657,0.09268507468236224,0.0755091611523031,0.007164859216969975,20,26,0.056018418397682845,0.16349810599416284,True,False,True,2.802209104337153e-07,COMPLETE
1230,0.4177933692932129,2025-04-16 03:02:19.901552,2025-04-16 03:02:40.165526,0 days 00:00:20.263974,0.4112921805634541,0.4229991534186948,16,0.03988351760718702,0.22154804293660296,0.07480199474635928,0.023113019151400526,0.09061492278825867,0.07014462876007138,0.011208142271617195,19,37,0.055457086873678264,0.17571577985294876,True,False,True,0.00026581347935937993,COMPLETE
1231,0.3493597388267517,2025-04-16 03:02:40.559098,2025-04-16 03:03:00.458027,0 days 00:00:19.898929,0.4179623678882197,0.41387999386692975,16,0.0553905894663792,0.19938801715739995,0.07565433801311461,0.022509641512774837,0.08955384640920915,0.07773688674363372,0.007763111357708956,19,29,0.055057482841748905,0.1748537855267676,True,False,True,0.00027670551660412187,COMPLETE
1232,0.30892964601516726,2025-04-16 03:03:00.854289,2025-04-16 03:03:20.778378,0 days 00:00:19.924089,0.4260344203545435,0.41003174532258724,16,0.06508389403251824,0.21162076378227462,0.07479929785413941,0.0289730965682151,0.09087861080056302,0.07239702370429779,0.009715258643778766,19,35,0.05505991230953319,0.17368391055948856,True,False,True,0.00028376992539056297,COMPLETE
1233,0.3778908491134644,2025-04-16 03:03:21.175330,2025-04-16 03:03:40.536307,0 days 00:00:19.360977,0.41630720874047084,0.42421745898867264,16,0.04710995667344077,0.2175607254569377,0.07374037466382939,0.023373818795074847,0.08983185407590681,0.07083816223053858,0.006495115066835615,18,32,0.05478023978856151,0.17459562988463675,True,False,True,0.0003666757484197577,COMPLETE
1234,0.1888286888599396,2025-04-16 03:03:40.953323,2025-04-16 03:04:01.741059,0 days 00:00:20.787736,0.4328940278354221,0.4153533284725516,16,0.04118921518140499,0.21859433500635586,0.0781979830470563,0.01839586282675998,0.09026718873633538,0.07796181636100367,0.012046464315106479,20,37,0.0551157339810165,0.18367868385945818,True,True,True,0.00026289397894374626,COMPLETE
1235,0.41473453044891356,2025-04-16 03:04:02.142893,2025-04-16 03:04:28.239719,0 days 00:00:26.096826,0.41157620003393397,0.43950434566812896,8,0.04143729903597718,0.21028105420519522,0.077164933688836,0.019338471420352017,0.08866702378638436,0.07032690740770003,0.01049409120676286,18,42,0.056704480659385124,0.17913658937120114,True,False,True,3.2649846393258607e-06,COMPLETE
1236,0.40795581340789794,2025-04-16 03:04:28.644870,2025-04-16 03:04:48.630076,0 days 00:00:19.985206,0.4014982786566401,0.4027433271643445,16,0.0479960920949733,0.22180364385764517,0.07286474047120652,0.021290356974469186,0.09052368768235623,0.07283469352592442,0.007867205389539488,18,39,0.054659737313309024,0.1823438152941209,True,False,True,0.0003184137019367337,COMPLETE
1237,0.36184967756271363,2025-04-16 03:04:49.029564,2025-04-16 03:05:09.095655,0 days 00:00:20.066091,0.438529531127321,0.416198132441368,16,0.0288615081170601,0.221241299807164,0.0748440879826629,0.019042837021455566,0.0920745016851035,0.07704145190369399,0.008847080178956197,19,34,0.05753537535809637,0.1696449162276894,True,False,True,3.473234065310356e-07,COMPLETE
1238,0.40143020153045655,2025-04-16 03:05:09.497905,2025-04-16 03:05:30.495233,0 days 00:00:20.997328,0.40640987222085256,0.4321041299430468,16,0.038518668455400404,0.2175332578083643,0.07244169606233006,0.02107776189630587,0.09208527152812687,0.07021954531958509,0.013056344537422509,20,43,0.05628375706367311,0.18172117476134317,True,False,True,6.677834065272398e-08,COMPLETE
1239,0.3383288621902466,2025-04-16 03:05:30.898267,2025-04-16 03:05:51.161110,0 days 00:00:20.262843,0.42823817208548487,0.3971867097668078,16,0.023322998778951984,0.2094752296894113,0.07663307277872701,0.022294607994001438,0.08927989549164986,0.07418099214601352,0.01046223804038491,19,39,0.05483561930431772,0.17589304475151663,True,False,True,7.888202561337031e-07,COMPLETE
1240,0.4103071093559265,2025-04-16 03:05:51.562217,2025-04-16 03:06:12.209056,0 days 00:00:20.646839,0.4440202075980798,0.43061134168717397,16,0.03264085383265792,0.2145895384611267,0.07089120790478681,0.023859711694600303,0.09290432972486767,0.07178364923011499,0.006672928276412365,20,36,0.05774821676302094,0.1684659073524754,True,False,True,0.00025212900207984717,COMPLETE
1241,0.35137716531753543,2025-04-16 03:06:12.613204,2025-04-16 03:06:32.120109,0 days 00:00:19.506905,0.394942011592679,0.416826385501913,16,0.05177988604510331,0.22505638521506566,0.0682956299418485,0.01863525288260392,0.09081347590968289,0.06989164922822583,0.013274581369601746,18,31,0.05452296554971479,0.17895211015642742,True,False,True,0.0004342979585854914,COMPLETE
1242,0.4174758195877075,2025-04-16 03:06:32.521158,2025-04-16 03:06:52.487146,0 days 00:00:19.965988,0.41876335502397594,0.39747452827956664,16,0.042292114822072624,0.22014280614053183,0.07489542218929178,0.019516899716934166,0.08818290759984258,0.09059119303404069,0.009063200817461882,20,27,0.057149304747745176,0.16653328376886642,True,False,True,0.00034523395095866925,COMPLETE
1243,0.3446942329406738,2025-04-16 03:06:52.890441,2025-04-16 03:07:12.351325,0 days 00:00:19.460884,0.4455466105037204,0.3961470508613578,16,0.059966420055580894,0.21662147302552595,0.07553178358846872,0.021609210616793342,0.0859991296832691,0.08985585702956943,0.010959731849568131,20,22,0.058508800590347104,0.1713450556328396,False,False,True,1.6069606387380686e-08,COMPLETE
1244,0.3669660329818726,2025-04-16 03:07:12.752210,2025-04-16 03:07:32.746401,0 days 00:00:19.994191,0.4287337593158585,0.3934676623198321,16,0.052413941581015165,0.2016167514318284,0.07841142016212052,0.020057774169392202,0.08855973368954705,0.0924115326591097,0.012723200778545017,20,25,0.05825970575616966,0.16716563378596994,True,False,True,0.00047983817801689876,COMPLETE
1245,0.1629551649093628,2025-04-16 03:07:33.149713,2025-04-16 03:07:52.940167,0 days 00:00:19.790454,0.45835809452921455,0.4072339091831093,16,0.26787202564827084,0.21617769704733816,0.07400111279901267,0.02536831309246608,0.08453707509973458,0.09541440026405981,0.022305176251320356,19,26,0.05691938125686416,0.17783430662576072,True,False,True,0.00038226280731033454,COMPLETE
1246,0.3965637445449829,2025-04-16 03:07:53.344312,2025-04-16 03:08:13.751014,0 days 00:00:20.406702,0.4230674418898885,0.42700616373023165,16,0.045719454953421966,0.21417239322919313,0.079501305937581,0.01897564384654448,0.08738697973886478,0.08030809905439006,0.01415152756204078,21,25,0.05913683749812794,0.17159756504752022,True,False,True,0.00022051523495836362,COMPLETE
1247,0.2807674586772919,2025-04-16 03:08:14.153879,2025-04-16 03:08:36.601143,0 days 00:00:22.447264,0.44662033243274857,0.389348793286267,16,0.04515574560894915,0.2189593939373674,0.07687569189862989,0.02094395072670389,0.08771736584078049,0.09527827489603244,0.00926960530400073,20,26,0.05718890036959188,0.1649590258306454,True,False,False,0.00029650161943466655,COMPLETE
1248,0.4072942018508911,2025-04-16 03:08:37.005824,2025-04-16 03:09:04.555179,0 days 00:00:27.549355,0.4760235628384364,0.44415425816272014,8,0.042275079467034994,0.22299525781737878,0.0746424729767101,0.022927804827180445,0.08626866556740252,0.09569978278905308,0.035069157069632276,21,29,0.059013823529163095,0.16535270809594513,True,False,True,0.0005683844874300701,COMPLETE
1249,0.3359805941581726,2025-04-16 03:09:04.959515,2025-04-16 03:10:14.738809,0 days 00:01:09.779294,0.4165050226241192,0.40549402197084083,2,0.050217501441268436,0.222477397974894,0.07277927485126129,0.01915057585680696,0.08910383018925024,0.09647700113827616,0.012052228758593417,20,30,0.056350531524015895,0.17399725848062358,True,False,True,0.00028511053592713284,COMPLETE
1250,0.1888286888599396,2025-04-16 03:10:15.142861,2025-04-16 03:10:34.685785,0 days 00:00:19.542924,0.438178326353146,0.4281445754480338,16,0.03865908392583615,0.21953317901014316,0.07623526678874214,0.025377260059777616,0.08474446555825221,0.09399122621219752,0.00989344076368436,19,22,0.05969632120837806,0.16857796832891211,True,True,True,0.0002270972464628551,COMPLETE
1251,0.3719624996185303,2025-04-16 03:10:35.087169,2025-04-16 03:10:54.834236,0 days 00:00:19.747067,0.46326484748308777,0.40063530017724985,16,0.0568331531868395,0.21026901255568708,0.07131852761389185,0.02176803600232255,0.08773859170684392,0.09147367806108682,0.02658512069764842,20,23,0.05584071644058584,0.17748237129353853,True,False,True,0.00037898093248704337,COMPLETE
1252,0.402105450630188,2025-04-16 03:10:55.236884,2025-04-16 03:11:15.171725,0 days 00:00:19.934841,0.40858942521398417,0.3878293925885046,16,0.04208999036915215,0.22684463437046015,0.07856973824479047,0.018517953254026658,0.09017629475725769,0.09006369119901433,0.008711189792761111,19,28,0.054395147438468516,0.16423642858234877,True,False,True,0.0002417403120250814,COMPLETE
