number,value,datetime_start,datetime_complete,duration,params_alpha-eval,params_alpha-train,params_batch-size,params_eps-eval,params_eps-train,params_lambda-actions-eval,params_lambda-actions-train,params_lambda-frames-eval,params_lambda-frames-train,params_learning-rate,params_n-epochs,params_n-frames,params_radius-gw,params_rho,params_std-feats,params_ub-actions,params_ub-frames,params_weight-decay,state
1481,0.2644140958786011,2025-04-14 07:17:59.497272,2025-04-14 07:18:17.730040,0 days 00:00:18.232768,0.9994156222199152,0.24237673525013764,16,0.009761145995727152,0.11787768821590998,0.050845717654113914,0.056668383612697,0.09075094989730996,0.09287885525845883,0.011701973442082444,16,28,0.029838504708290695,0.12990599440292627,True,False,True,0.0001970252182741732,COMPLETE
1482,0.4533581376075745,2025-04-14 07:18:18.207604,2025-04-14 07:18:36.725786,0 days 00:00:18.518182,0.9562439654281765,0.21490835713481182,16,0.023157234905490022,0.08531795496291915,0.06268240744689903,0.08812726031594142,0.0979053237376736,0.09800673408424034,0.009187891967738225,15,33,0.08382812230568132,0.14101775830351015,True,True,True,0.0005199806948897542,COMPLETE
1483,0.4303208589553833,2025-04-14 07:18:37.199263,2025-04-14 07:18:56.480009,0 days 00:00:19.280746,0.965342729062703,0.13201329856736957,16,0.03673546816956315,0.10833445827906625,0.06823664289404828,0.09520844394609028,0.09279284087283414,0.03787834152577416,0.00541530786957314,17,35,0.08738010605167076,0.11584445220013903,True,True,True,0.00015130791691677573,COMPLETE
1484,0.21796863079071047,2025-04-14 07:18:56.951510,2025-04-14 07:19:51.813536,0 days 00:00:54.862026,0.3213661341273023,0.17027750442858935,2,0.01803382437942046,0.12258863027934,0.07136561098760998,0.09113694394139045,0.053752856456150605,0.09996601692284778,0.0109314237079925,14,30,0.07738393340975619,0.10503774920150434,True,True,True,0.00024920127907902546,COMPLETE
1485,0.39024776220321655,2025-04-14 07:19:52.308313,2025-04-14 07:20:15.369192,0 days 00:00:23.060879,0.9374273946729521,0.19422160027277638,8,0.09076210059201428,0.09513408549663245,0.06949147697373381,0.09837149775908688,0.0015318962384172352,0.07687767728410165,0.004033112162218567,14,26,0.0804474949789861,0.12237431102531025,True,True,True,0.00031383618617787065,COMPLETE
1486,0.22825192809104922,2025-04-14 07:20:15.845857,2025-04-14 07:20:34.283737,0 days 00:00:18.437880,0.5623918221002757,0.1529481004465111,16,0.0062635196043046275,0.22202309613225468,0.07195973618529758,0.060240645833133065,0.0901927302174519,0.09535071659732916,0.008058892023920317,16,22,0.08472211262035864,0.13390091125026943,True,True,True,0.00038697364957210816,COMPLETE
1487,0.4709303140640259,2025-04-14 07:20:34.759949,2025-04-14 07:20:53.357403,0 days 00:00:18.597454,0.999593827696123,0.2321413823920001,16,0.013262943522962752,0.11459350872607005,0.06687413063785635,0.09591550827091992,0.09646343420183419,0.09305656187617503,0.006737596231827179,15,33,0.08773075369046762,0.11233158083565171,True,True,True,0.0001964869812171857,COMPLETE
1488,0.18914294242858887,2025-04-14 07:20:53.831582,2025-04-14 07:21:11.984081,0 days 00:00:18.152499,0.9982616274902314,0.24012223100728555,16,0.24142793767982426,0.12098644031686742,0.0640007233790742,0.0964953612232841,0.09829092922211621,0.09614177925642835,0.004698977909075026,15,30,0.09087263491023857,0.10303544888345935,True,True,True,0.0001157929804534025,COMPLETE
1489,0.35523428916931155,2025-04-14 07:21:12.481109,2025-04-14 07:21:30.815706,0 days 00:00:18.334597,0.974370927811197,0.2595823403250247,16,0.005348825222792897,0.11508493150076293,0.06563996426202355,0.09630432946042536,0.09652506552550248,0.09430429095028392,0.004672520588293223,15,37,0.09432752824577921,0.10778157802099514,True,True,True,0.0001361402256064831,COMPLETE
1490,0.45524535179138187,2025-04-14 07:21:31.293749,2025-04-14 07:21:49.623919,0 days 00:00:18.330170,0.9904323173504237,0.22393102973521783,16,0.008339583962626247,0.12518675819926273,0.06208530810218192,0.09523898013688313,0.09788444444528942,0.0976689140395039,0.00578648931527404,15,27,0.0886323238219282,0.09638721477883747,True,True,True,0.00016781477560641548,COMPLETE
1491,0.32466188669204715,2025-04-14 07:21:50.105795,2025-04-14 07:22:12.886249,0 days 00:00:22.780454,0.9844398247384479,0.2878683475159055,16,0.01376304990432199,0.13285009896058692,0.038800129987365886,0.0977483489101523,0.005742301621414203,0.09352061388790517,0.0037956286416244807,16,130,0.08987718374345802,0.11035889016197137,True,True,True,6.874824840324135e-05,COMPLETE
1492,0.35846354961395266,2025-04-14 07:22:13.363877,2025-04-14 07:22:31.388330,0 days 00:00:18.024453,0.9981327080301509,0.24809104384890346,16,0.005589007041764425,0.11881970352939776,0.06548859239093628,0.09837272769172581,0.09706138450068497,0.09701914904340062,0.005674382139666811,15,33,0.0931864499083314,0.10132365078393864,True,True,False,0.00019250464429829294,COMPLETE
1493,0.44995372295379643,2025-04-14 07:22:31.888007,2025-04-14 07:22:50.051891,0 days 00:00:18.163884,0.9859806147618314,0.11566412155493955,16,0.010720915013193631,0.11406823135321484,0.06418354109172243,0.09463994387454015,0.09627203594135446,0.09502687620117482,0.00654681844837318,15,25,0.087884353372483,0.11158783807405927,True,True,True,0.00013569656182288805,COMPLETE
1494,0.3568724751472473,2025-04-14 07:22:50.531322,2025-04-14 07:23:07.980022,0 days 00:00:17.448700,0.9838881423879833,0.18481282230699622,16,0.013175461781957595,0.12734866353006544,0.06558694033149501,0.09643237631827228,0.09828249450418172,0.0981181076683031,0.005202887363467165,14,30,0.09112305281080012,0.10686681668328682,False,True,True,0.00020102384234321784,COMPLETE
1495,0.3184282898902893,2025-04-14 07:23:08.460473,2025-04-14 07:23:27.423274,0 days 00:00:18.962801,0.22993388040434093,0.21068017580615145,16,0.00426189284693218,0.12044571928697732,0.06763946211740961,0.09840401934694917,0.09609939011414698,0.09297170336972396,0.006640604654341681,16,35,0.08721238986723338,0.08916557861720015,True,True,True,0.0005435567114505628,COMPLETE
1496,0.4553954601287842,2025-04-14 07:23:27.924269,2025-04-14 07:23:46.148828,0 days 00:00:18.224559,0.9983271310057614,0.16567332984634117,16,0.010510439499558176,0.11253294627160434,0.06708678083428338,0.094417588068767,0.0958508220931912,0.09598798645258365,0.006969236946830817,15,28,0.08920768708048277,0.11343174440997525,True,True,True,0.0002687290824930201,COMPLETE
1497,0.35569961071014405,2025-04-14 07:23:46.633191,2025-04-14 07:24:04.689123,0 days 00:00:18.055932,0.9812536725108849,0.2024065965232362,16,0.01728671515924756,0.12335237669481534,0.06213666548700287,0.09639161957294098,0.0981009312739017,0.09822125543329728,0.005944823236128877,14,32,0.09456261676841606,0.10386992981105772,True,True,True,0.00042264863999236734,COMPLETE
1498,0.2610344648361206,2025-04-14 07:24:05.174084,2025-04-14 07:24:23.547106,0 days 00:00:18.373022,0.5261912919942705,0.26937523035759403,16,0.0006630717016788608,0.13439782082426263,0.06719211762723117,0.0999419401453993,0.09491589917186706,0.0938563389771558,0.006692427849063555,15,39,0.09618516507259048,0.09486146458440753,True,True,True,1.7254325129113465e-08,COMPLETE
1499,0.43366329669952397,2025-04-14 07:24:24.026797,2025-04-14 07:24:42.406276,0 days 00:00:18.379479,0.9827074516393111,0.14081522418031242,16,0.00013932690892266928,0.11549133008889773,0.06492548025349779,0.09392582299172393,0.09493833950871436,0.09995074195903905,0.004505390586260672,16,23,0.09172695502760077,0.11391513094279404,True,True,True,0.00016412102378178894,COMPLETE
1500,0.43267233371734626,2025-04-14 07:24:42.906541,2025-04-14 07:25:01.431466,0 days 00:00:18.524925,0.9707940305927798,0.23276429131232243,16,0.010101615129802215,0.11008435896452164,0.058593541962782957,0.09670290936727759,0.09707484495633202,0.09637296461251903,0.00753380537261921,16,31,0.08720761212834577,0.09951964685268044,True,False,True,0.0003017917735935345,COMPLETE
1501,0.3467606544494629,2025-04-14 07:25:01.912820,2025-04-14 07:25:21.426838,0 days 00:00:19.514018,0.9987333113543878,0.18236733820999768,16,0.00019731097782712192,0.12829927594447507,0.06791293233273865,0.09995916897232933,0.0947929441459083,0.07979454036798131,0.005578912736514228,15,63,0.09771109025560362,0.10972180558089148,True,True,True,9.912115754982833e-05,COMPLETE
1502,0.4576143741607666,2025-04-14 07:25:21.909411,2025-04-14 07:25:39.721392,0 days 00:00:17.811981,0.9983659250371164,0.2128918344252946,16,0.014884683019997322,0.11744609497817722,0.06898173554671214,0.09802649179252891,0.09810329283814789,0.09198145754413742,0.007665522163150332,14,28,0.08949443089377469,0.11515518495787043,True,True,True,0.00021315435626039514,COMPLETE
1503,0.41564730405807493,2025-04-14 07:25:40.202795,2025-04-14 07:25:58.822473,0 days 00:00:18.619678,0.9693153737219229,0.1564921889754015,16,0.021899304484935284,0.12277242057048438,0.06636540092249645,0.09546475970674839,0.09409692688991637,0.09465172139692161,0.008406912210971779,15,35,0.0858049430421678,0.10638940122350282,True,True,True,0.00033484047397203234,COMPLETE
1504,0.43585493564605715,2025-04-14 07:25:59.323181,2025-04-14 07:26:17.223785,0 days 00:00:17.900604,0.9671996156693451,0.2534833010071358,16,0.00932594957957523,0.11091338152457708,0.06652386057890135,0.09334981307494412,0.0939170193586782,0.0968816081635774,0.006652152578126324,14,26,0.08826183881151936,0.0734136443428374,True,True,True,0.0004999508742598815,COMPLETE
1505,0.3765118002891541,2025-04-14 07:26:17.706472,2025-04-14 07:26:35.883987,0 days 00:00:18.177515,0.9673610439883342,0.8607499347436661,16,0.016995838957574352,0.14438360311128107,0.0633598186857255,0.096865164466858,0.09640222739592287,0.09196435216187922,0.00865640223125723,14,32,0.08312369349925168,0.11922645600053286,True,True,True,0.00024469159460524244,COMPLETE
1506,0.4083844065666199,2025-04-14 07:26:36.369231,2025-04-14 07:26:54.692513,0 days 00:00:18.323282,0.9781335613992986,0.23302361035729838,16,0.005269902756877949,0.11949124188672902,0.06920236823731651,0.09844334632930751,0.0933599940494798,0.08354594097452792,0.004691374745566655,16,21,0.09089363986532088,0.1161624222495895,True,True,True,0.00016764930595604844,COMPLETE
1507,0.20330578088760376,2025-04-14 07:26:55.197980,2025-04-14 07:27:13.225343,0 days 00:00:18.027363,0.9560815052382381,0.1959617435903242,16,0.19656677955261231,0.11390087179939232,0.0691499320298028,0.09519192731693926,0.06007241053651057,0.0978534972995935,0.0073371848569155525,15,29,0.08645491863581956,0.09896003049191536,True,True,True,0.00036771881060417797,COMPLETE
1508,0.35676801204681396,2025-04-14 07:27:13.710707,2025-04-14 07:27:32.799473,0 days 00:00:19.088766,0.985111917711367,0.18314195780433584,16,0.026006425132699434,0.12906562293893448,0.06694170257147587,0.0932968066035109,0.09554887526647224,0.0946278497748224,0.00604892373014999,17,38,0.08142552509727674,0.10883384619524088,True,True,True,0.00013029714699259274,COMPLETE
1509,0.3310320973396301,2025-04-14 07:27:33.289816,2025-04-14 07:27:54.819993,0 days 00:00:21.530177,0.9815885331172386,0.20922040586208765,16,0.0133243384336357,0.1099511657453369,0.07036484033743493,0.09834185662228662,0.09718940692936692,0.09268794432954568,0.009224810068458766,15,107,0.09299775566021612,0.1178590144924084,True,True,True,0.00025642661412788177,COMPLETE
1510,0.4410481095314026,2025-04-14 07:27:55.304874,2025-04-14 07:28:13.812013,0 days 00:00:18.507139,0.9992756721603732,0.2962013624116452,16,0.020185656012742526,0.10552934074891109,0.049073209006632146,0.09562959249599072,0.09245484897364951,0.0958229433478821,0.008926092799615959,16,34,0.08462568092688512,0.11254820073975265,True,True,True,0.0004241690657862345,COMPLETE
1511,0.44112064838409426,2025-04-14 07:28:14.314508,2025-04-14 07:28:32.135251,0 days 00:00:17.820743,0.9584038490355071,0.17517593308352525,16,0.006479952018295296,0.12334581895999289,0.0640335042167207,0.09687992879443134,0.09857776576522007,0.09771753725792293,0.006542601948065811,14,25,0.0890108527063528,0.09387970931328399,True,True,True,0.00021456970520109263,COMPLETE
1512,0.311047101020813,2025-04-14 07:28:32.625879,2025-04-14 07:28:50.186524,0 days 00:00:17.560645,0.9539112239702074,0.22453072956633402,16,0.013796578736689822,0.11600003419666795,0.06869280008021866,0.0933398501117725,0.09428325546969837,0.09129365701206657,0.007833588214728304,15,30,0.07964807915545738,0.10395639673979043,False,True,False,0.0006008372182130342,COMPLETE
1513,0.44042869806289675,2025-04-14 07:28:50.673265,2025-04-14 07:29:08.441535,0 days 00:00:17.768270,0.9709510499374179,0.24532875238674676,16,0.02512873136134256,0.13804924513085223,0.061445923258730155,0.09815195256953725,0.09292844628284669,0.09469804155163696,0.005182292354615953,14,27,0.08656643339386276,0.1168575192059119,True,True,True,0.0003013223039760944,COMPLETE
1514,0.42600253820419315,2025-04-14 07:29:08.948069,2025-04-14 07:29:26.628066,0 days 00:00:17.679997,0.8094216397513669,0.1535400623850205,16,0.04182198051317127,0.10829058691524161,0.07038956468353832,0.09509231107946794,0.09993826587156296,0.09989358145510593,0.010336327566287872,13,36,0.08354110509042678,0.12115902391152773,True,True,True,0.0001714007177534475,COMPLETE
1515,0.3713851809501648,2025-04-14 07:29:27.115812,2025-04-14 07:29:45.652995,0 days 00:00:18.537183,0.9804400135956615,0.9631860511921575,16,0.009027198177287109,0.1179601171400933,0.06640521260168109,0.09292291400396419,0.07826514649720777,0.0931702154140251,0.015139814300943516,15,32,0.09048535531511541,0.08746691049111595,True,True,True,0.0003627266427366525,COMPLETE
1516,0.3919061899185181,2025-04-14 07:29:46.148398,2025-04-14 07:30:04.677842,0 days 00:00:18.529444,0.9500729146784207,0.19735351293954004,16,0.03189312607448651,0.13390428367341747,0.07218936783260113,0.09998773626562339,0.09538756143438254,0.09685501528772845,0.012404074429316698,16,24,0.08751846194704375,0.10972177129035825,True,True,True,0.0004830616144763194,COMPLETE
1517,0.3096531391143799,2025-04-14 07:30:05.185319,2025-04-14 07:30:23.051416,0 days 00:00:17.866097,0.9615099978867508,0.07592120179597506,16,0.10880258092472592,0.12725061910664628,0.0677167202478511,0.09648326267598029,0.09265014790025908,0.08140845840274451,0.009099147046820766,15,19,0.08491874483964376,0.10492950010733167,True,True,True,0.0002653762200830447,COMPLETE
1518,0.3318481802940369,2025-04-14 07:30:23.548512,2025-04-14 07:30:42.482494,0 days 00:00:18.933982,0.6607728086082463,0.12700229709130467,16,0.00029543151591047284,0.11281135250045052,0.07061038890294474,0.09451024751202826,0.06773522357365215,0.09027811045088352,0.0073358811757527655,17,29,0.09249683429361984,0.12156922338818979,True,True,True,0.0002071061737638567,COMPLETE
1519,0.46368852853775033,2025-04-14 07:30:42.974525,2025-04-14 07:31:01.728808,0 days 00:00:18.754283,0.9818437713107621,0.26838322164480954,16,0.01825859829741376,0.10399238113203953,0.07347854980251804,0.09995386337058147,0.09694136819848546,0.09517881018513633,0.010482132327873114,16,33,0.08230570781162908,0.11186017580087676,True,True,True,0.0003117185457350826,COMPLETE
1520,0.4239360570907593,2025-04-14 07:31:02.222422,2025-04-14 07:31:21.526591,0 days 00:00:19.304169,0.9272136456314052,0.28633302618988354,16,0.027510220583269396,0.10400309208120004,0.07936305632850944,0.09860149834996651,0.09813988817221132,0.09203685875000021,0.015665508789924724,17,44,0.07903269581157417,0.1014811356456062,True,False,True,0.0001451708290413088,COMPLETE
1521,0.4330974102020264,2025-04-14 07:31:22.038521,2025-04-14 07:31:41.514295,0 days 00:00:19.475774,0.9437875214518446,0.28493374641252195,16,0.020967518134847436,0.1004912533188202,0.08259130175480091,0.09822755781933827,0.09813569704393023,0.08998456160243729,0.012957473405312336,17,38,0.07654178696629027,0.10003150170985725,True,True,True,0.0002235919896579611,COMPLETE
1522,0.3726841449737549,2025-04-14 07:31:42.004754,2025-04-14 07:32:01.514720,0 days 00:00:19.509966,0.9461870107459645,0.279171624991356,16,0.027753086922837053,0.10179657305190756,0.06460046649007212,0.09877361828582858,0.09860735970948735,0.09348310922823842,0.011315769636472134,17,42,0.0790064822527044,0.10768465990306086,True,True,True,0.00027645351166686737,COMPLETE
1523,0.40045948028564454,2025-04-14 07:32:01.998205,2025-04-14 07:32:20.912819,0 days 00:00:18.914614,0.9639671091879537,0.30268254774936154,16,0.0330198797114395,0.1048468855908387,0.07428052750652774,0.09993894967271635,0.09652524475081303,0.09394308128954292,0.014744351321120721,16,40,0.0751604817829749,0.09460531422434752,True,True,True,0.00017096104585201884,COMPLETE
1524,0.44525798559188845,2025-04-14 07:32:21.422828,2025-04-14 07:32:40.851909,0 days 00:00:19.429081,0.9244210199115271,0.2608635902749209,16,0.020456526996133616,0.10607683435215509,0.06849394130691244,0.09847339321417403,0.09742336166404521,0.09161327029943536,0.010634741165256596,17,36,0.0812928419004345,0.11015089600911071,True,True,True,0.00011514904814918449,COMPLETE
1525,0.43916236162185673,2025-04-14 07:32:41.342090,2025-04-14 07:33:00.192113,0 days 00:00:18.850023,0.9460950501678317,0.2706917849217871,16,0.02169582690543386,0.0987104375597485,0.07775330757532854,0.09817280755741122,0.09992259768181037,0.08742577368899046,0.01157898686710423,16,34,0.08168912119173008,0.10559938454632593,True,True,True,0.0003005118859219875,COMPLETE
1526,0.4168062448501587,2025-04-14 07:33:00.682889,2025-04-14 07:33:19.482281,0 days 00:00:18.799392,0.9662815745490205,0.30461074627416485,16,0.024928531493436212,0.10277910691232271,0.07200062042177785,0.09974302015109493,0.09632374003412932,0.06585235513768022,0.012861606213262752,16,35,0.07914413629745806,0.11245166954749018,True,True,True,0.000201020905061415,COMPLETE
1527,0.3372792601585388,2025-04-14 07:33:19.975673,2025-04-14 07:33:38.896133,0 days 00:00:18.920460,0.9993501223921308,0.26126605694224964,16,0.030874971136257444,0.10843287731363882,0.07004860137321446,0.09704859015122756,0.09706078225402176,0.08495467127866206,0.009880141954670395,16,41,0.07732436571666923,0.09689483462946741,True,True,True,0.0002252784386252033,COMPLETE
1528,0.22439676523208618,2025-04-14 07:33:39.404570,2025-04-14 07:34:42.580994,0 days 00:01:03.176424,0.9998723260977664,0.26988344045651913,2,0.14101970784749554,0.0950767874920478,0.07550840083241872,0.09701227795355195,0.09533381606929248,0.04502483309946553,0.01409983136358597,17,37,0.08104400133664862,0.10264332978341864,True,True,True,0.0003091808164895145,COMPLETE
1529,0.46783775091171265,2025-04-14 07:34:43.075049,2025-04-14 07:35:01.785734,0 days 00:00:18.710685,0.9124942178098812,0.25176659056607653,16,0.01703461638396429,0.10728045356663735,0.07374587918065549,0.09974231796522223,0.09850719618125718,0.08989554496702375,0.009932011550416136,16,32,0.0819094022715966,0.11374397754866625,True,True,True,0.0003996777317483853,COMPLETE
1530,0.3853121042251587,2025-04-14 07:35:02.279979,2025-04-14 07:35:21.733294,0 days 00:00:19.453315,0.9163814488235811,0.28923553343007924,16,0.027014970557754998,0.09849306809927966,0.07119774091765577,0.09948032741245882,0.09986528426228189,0.08943839803439174,0.008712626769453518,17,39,0.07999121122551708,0.11107667392765157,True,True,True,0.0005631667388496961,COMPLETE
1531,0.4238888025283814,2025-04-14 07:35:22.243122,2025-04-14 07:35:41.096084,0 days 00:00:18.852962,0.8801080202476479,0.27727369908770383,16,0.03462998281946984,0.09129455832655484,0.07294002456387991,0.09985068294475367,0.09926813894116882,0.08956535634098683,0.009093486294028466,17,33,0.0823599062182265,0.10518114412719504,True,True,False,0.0004468530082970008,COMPLETE
1532,0.37222636938095094,2025-04-14 07:35:41.588985,2025-04-14 07:35:59.987490,0 days 00:00:18.398505,0.899514757466553,0.26239924993770497,16,0.021445910272558526,0.10604935803517758,0.06869258522785984,0.09822829809455419,0.09776869195012139,0.08903463882925351,0.01022909634493658,17,37,0.07729424954989718,0.10848666387938485,False,True,True,0.0006151194609527421,COMPLETE
1533,0.44458969831466677,2025-04-14 07:36:00.479216,2025-04-14 07:36:19.099470,0 days 00:00:18.620254,0.87920502805372,0.25460211689322854,16,0.020208013312883723,0.10029566646953371,0.04427910885620506,0.0998205345726577,0.09817333853148129,0.09118731246658053,0.007860363983274174,16,34,0.0833475849075419,0.1008955413319117,True,True,True,0.0004831008724959824,COMPLETE
1534,0.44791257381439215,2025-04-14 07:36:19.608916,2025-04-14 07:36:38.284025,0 days 00:00:18.675109,0.8948595534201449,0.2919609665508589,16,0.02672629050175008,0.09692153222274383,0.07076223156322195,0.09997952524417233,0.09891197863215687,0.0881780107909496,0.01084286858785571,16,33,0.08210623259631011,0.11215179659986559,True,True,True,0.0006719173127700502,COMPLETE
1535,0.4300336003303528,2025-04-14 07:36:38.781813,2025-04-14 07:36:58.128389,0 days 00:00:19.346576,0.8536815503950331,0.2747152049013427,16,0.01835707555512875,0.1030103273739234,0.06626409867166151,0.09988722144630076,0.09994947509449864,0.09100763381091956,0.009316625379563294,17,36,0.07863796405495685,0.10669076763866728,True,True,True,0.0004246445599893181,COMPLETE
1536,0.4690003156661988,2025-04-14 07:36:58.623051,2025-04-14 07:37:17.227562,0 days 00:00:18.604511,0.9058367198028019,0.2510148782650934,16,0.03157323910090119,0.0908484124683904,0.07227696579427928,0.09993009162288598,0.09979978321152483,0.09180368729318923,0.006728404087617446,16,32,0.08003560840502941,0.0912504774637633,True,True,True,0.0003849775762741918,COMPLETE
1537,0.38634270429611206,2025-04-14 07:37:17.743562,2025-04-14 07:37:36.663907,0 days 00:00:18.920345,0.8750938030171714,0.2482258726323843,16,0.037683974931538425,0.07326458252611331,0.07368835707269829,0.0996901803443041,0.09851414227705689,0.09059667625095612,0.01152952605494892,16,40,0.07635371006161852,0.07462430026841622,True,True,True,0.0005543792636910305,COMPLETE
