number,value,datetime_start,datetime_complete,duration,params_alpha-eval,params_alpha-train,params_batch-size,params_eps-eval,params_eps-train,params_lambda-actions-eval,params_lambda-actions-train,params_lambda-frames-eval,params_lambda-frames-train,params_learning-rate,params_n-epochs,params_n-frames,params_radius-gw,params_rho,params_std-feats,params_ub-actions,params_ub-frames,params_weight-decay,state
1367,0.41892571449279786,2025-04-16 03:57:22.856712,2025-04-16 03:57:49.018779,0 days 00:00:26.162067,0.45949151536117755,0.3750869192880843,8,0.043198078975403356,0.18164664534487632,0.08081940800396237,0.02748825817346486,0.09774707164276597,0.09731520430248657,0.007339682390146166,19,20,0.05465902816192134,0.19827092248847708,True,False,True,0.00016231676325014112,COMPLETE
1368,0.31755717992782595,2025-04-16 03:57:49.462427,2025-04-16 03:58:15.916468,0 days 00:00:26.454041,0.46386985207572284,0.3792786332047367,8,0.056412826577677225,0.1866058758557168,0.08322044492424473,0.02617488752250348,0.09959510838712567,0.09981098305237661,0.005232695981607224,20,15,0.05342886664614008,0.20057454487315787,True,False,True,0.0001366325446904933,COMPLETE
1369,0.40955052375793455,2025-04-16 03:58:16.357160,2025-04-16 03:58:41.978130,0 days 00:00:25.620970,0.4901667097973694,0.40164138379216485,8,0.05044127881078938,0.18003550853892142,0.08186089904627372,0.026204819569350297,0.09870825870857093,0.09706658083942671,0.0068587767973418146,19,19,0.053213977326053666,0.2087741132175018,True,False,True,0.00012836891128451068,COMPLETE
1370,0.2843566834926605,2025-04-16 03:58:42.416652,2025-04-16 03:59:09.319768,0 days 00:00:26.903116,0.45844706700994314,0.3881934671213308,8,0.04498340882338793,0.18901878266399177,0.08121599840835174,0.03222140760724746,0.09779807204660859,0.09847922898360342,0.005883271702689721,20,17,0.054245112579160336,0.20263793181850265,True,False,True,0.00016229095273984873,COMPLETE
1371,0.3904257655143738,2025-04-16 03:59:09.761930,2025-04-16 03:59:36.797675,0 days 00:00:27.035745,0.48808659479933963,0.424945674607074,8,0.05025129375430683,0.1839460743698218,0.08468982849574593,0.03742630085523176,0.09788203803999929,0.09958729561889676,0.004944879227228207,20,18,0.059850580637036604,0.19793405151221613,True,False,True,0.00016483085592805562,COMPLETE
1372,0.42180767059326174,2025-04-16 03:59:37.239519,2025-04-16 04:00:03.329256,0 days 00:00:26.089737,0.5108956667242341,0.40542518408034267,8,0.04328835543509057,0.1739883717553051,0.08438690768629518,0.028953283437768658,0.09766089213451601,0.09999286802755586,0.007278976681729962,19,23,0.05529262563717261,0.19797480923875657,True,False,True,0.0001879451710183895,COMPLETE
1373,0.391059410572052,2025-04-16 04:00:03.787621,2025-04-16 04:00:29.796643,0 days 00:00:26.009022,0.5377803411486564,0.3688466371305188,8,0.05700660971395288,0.17070147395708782,0.08527772034982943,0.03226720851481155,0.0997052720661864,0.09749282422851992,0.005939329836448346,19,22,0.052790889801545025,0.19492413637508188,True,False,True,0.00010757528608272626,COMPLETE
1374,0.3201472640037537,2025-04-16 04:00:30.242287,2025-04-16 04:00:56.166050,0 days 00:00:25.923763,0.5252608915241898,0.39767763744412726,8,0.06367346469776176,0.1741146617950324,0.08507106816035177,0.031058987963213422,0.09978386530748107,0.09996998519282098,0.006903791303436264,19,15,0.052438528080124974,0.20692732662270535,True,False,True,0.00011366096012653112,COMPLETE
1375,0.4178865075111389,2025-04-16 04:00:56.608443,2025-04-16 04:01:22.763618,0 days 00:00:26.155175,0.5220333369556137,0.3713375745043085,8,0.04963510961376635,0.17336470345861382,0.08352240916180939,0.02929028830818231,0.09753015473966398,0.09889646108577456,0.005405102530827442,19,20,0.05484260903820539,0.21455898788349453,True,False,True,0.00014772387425345942,COMPLETE
1376,0.33559747934341433,2025-04-16 04:01:23.207450,2025-04-16 04:01:49.152503,0 days 00:00:25.945053,0.5345375829231812,0.5461418045798913,8,0.05576909904776781,0.18627675637310706,0.08308552463276701,0.03514898446070408,0.09998249148712701,0.0996887550504254,0.004888696900846818,19,17,0.05245660506009018,0.21549477816034365,True,False,True,0.0001192573074796473,COMPLETE
1377,0.3241089224815369,2025-04-16 04:01:49.591326,2025-04-16 04:02:14.887752,0 days 00:00:25.296426,0.5295281368295697,0.3656803851222283,8,0.05852343651462831,0.17856424723245076,0.08635713561900363,0.02918095466630656,0.09758318817070097,0.09821912049357864,0.004824106490334277,18,18,0.05450618712337608,0.2118376356313792,True,False,True,0.00013499285781508607,COMPLETE
1378,0.2796395063400269,2025-04-16 04:02:15.328331,2025-04-16 04:02:40.819638,0 days 00:00:25.491307,0.5138425139067864,0.3722500789103635,8,0.07172167391264656,0.16637532460722798,0.08397666418016461,0.03128719545252924,0.09764506361834274,0.09709038002318411,0.004844329894372294,19,13,0.052936369785126766,0.22058995853602928,True,False,True,0.00015553548538393586,COMPLETE
1379,0.41582928895950316,2025-04-16 04:02:41.288157,2025-04-16 04:03:06.465855,0 days 00:00:25.177698,0.5170010455230779,0.36153723737051213,8,0.05007785008010609,0.17401202482599165,0.08358621000419567,0.028776877808273663,0.09775780096723839,0.09983254351053997,0.005588783708038897,18,21,0.054506315259092795,0.21474660340232327,True,False,True,0.0001217426396201775,COMPLETE
1380,0.38426082134246825,2025-04-16 04:03:06.912411,2025-04-16 04:03:32.611472,0 days 00:00:25.699061,0.5305786007538564,0.38877040866329265,8,0.052545052045785245,0.1772709379482061,0.0860309166157403,0.03008619957426281,0.09818782600742174,0.09683270303383294,0.004927282843831178,19,20,0.05450642665536748,0.21791773713419463,False,False,True,0.00015334928105751458,COMPLETE
1381,0.42259922027587893,2025-04-16 04:03:33.055843,2025-04-16 04:03:58.970450,0 days 00:00:25.914607,0.505993313476953,0.3786796526011919,8,0.050219114910265795,0.1636910906027883,0.08209586343663183,0.03130095954297305,0.09780592618520827,0.09741943290741678,0.006037463277644259,19,22,0.052860808837830536,0.22396682280996325,True,False,True,0.00011674207495858722,COMPLETE
1382,0.3297992467880249,2025-04-16 04:03:59.416870,2025-04-16 04:04:24.561570,0 days 00:00:25.144700,0.5329480384315795,0.3583559114585212,8,0.0651689189873916,0.15524654063361096,0.08213164235348183,0.032607129207725925,0.09706838639119905,0.09760767836878247,0.006160385026459927,18,15,0.05224927006201837,0.2337059417343896,True,False,True,0.00011287537506338834,COMPLETE
1383,0.2940951466560364,2025-04-16 04:04:25.005379,2025-04-16 04:04:54.294541,0 days 00:00:29.289162,0.5332283229095095,0.3739646184798344,8,0.05926766475972549,0.1634350138036997,0.08576156584734043,0.030306077537300993,0.09734336136691424,0.09995540857034477,0.006178544187960722,19,12,0.053601184141407986,0.22937522008561054,True,False,False,0.0001612142200767695,COMPLETE
1384,0.4097688674926758,2025-04-16 04:04:54.737221,2025-04-16 04:05:20.267283,0 days 00:00:25.530062,0.5129771974161842,0.3560617518579816,8,0.05570726731337007,0.16280381919676765,0.0819004783823222,0.03344183653058693,0.09749537685523646,0.09808979037932689,0.007218671233521834,18,19,0.05285272769753582,0.22411501580433943,True,False,True,0.0001594381555460411,COMPLETE
1385,0.27908107042312624,2025-04-16 04:05:20.727785,2025-04-16 04:05:47.290882,0 days 00:00:26.563097,0.5164496963336414,0.3761054563140071,8,0.05127136686735166,0.17154557774760618,0.08042955745112304,0.03142427648165129,0.09739618808366277,0.09655212514737342,0.007041131375554207,19,23,0.05296331378708698,0.2228978495586224,True,True,True,0.00010974666378711256,COMPLETE
1386,0.29099295735359193,2025-04-16 04:05:47.736905,2025-04-16 04:06:13.460906,0 days 00:00:25.724001,0.5137770082028731,0.3547492221983061,8,0.0620472358531871,0.15701357763306295,0.0850828541314328,0.028338434323037155,0.09731914731992772,0.09988270028733345,0.006387457149924203,19,10,0.05194110529605733,0.2257500735821,True,False,True,0.00016518184833304262,COMPLETE
1387,0.34963866472244265,2025-04-16 04:06:13.912315,2025-04-16 04:06:39.151424,0 days 00:00:25.239109,0.5344729164515531,0.3737605810154171,8,0.051433925977400874,0.16769111880920956,0.0817304696291873,0.03143089387540686,0.09995481173461233,0.09763572119826514,0.00590522049544273,18,19,0.05105473960600737,0.2139333810871418,True,False,True,0.0001532924652943224,COMPLETE
1388,0.3536796808242798,2025-04-16 04:06:39.600024,2025-04-16 04:07:04.775297,0 days 00:00:25.175273,0.5106458675792532,0.38270533398722345,8,0.04995676753879458,0.17337030599828376,0.08399724942909721,0.028854922321328497,0.09802078964097719,0.09773704464658407,0.007355413483880847,18,18,0.0526668403391529,0.2063836186149065,True,False,True,0.0001210024126839144,COMPLETE
1389,0.41849253177642826,2025-04-16 04:07:05.223320,2025-04-16 04:07:30.195014,0 days 00:00:24.971694,0.5013009059348272,0.3499185314782818,8,0.04651395430779538,0.18164560544345057,0.08066813256636883,0.033717312832792556,0.09753494022380439,0.09662974541204611,0.004828259912025759,18,21,0.051918238646561386,0.22913475742000408,True,False,True,0.00016320289349543493,COMPLETE
1390,0.4195894956588745,2025-04-16 04:07:30.671220,2025-04-16 04:07:55.536559,0 days 00:00:24.865339,0.5126615845632088,0.3435404106437015,8,0.05251764089427738,0.1788424205168849,0.08292877250446393,0.034819470192779325,0.097136441229623,0.09564536470549796,0.005736478630098826,17,22,0.050495832518373564,0.23159552437938638,True,False,True,0.00012059015276676387,COMPLETE
1391,0.32515438795089724,2025-04-16 04:07:55.989604,2025-04-16 04:08:20.153893,0 days 00:00:24.164289,0.5216237497618452,0.35245476882381577,8,0.06325748231317557,0.16919327907477852,0.08473593568925648,0.032772150457712174,0.09751895748314812,0.09564682783561551,0.0047044774838369,17,15,0.05035054937574436,0.23686131845950964,True,False,True,0.00011060541010334426,COMPLETE
1392,0.29975310564041135,2025-04-16 04:08:20.609833,2025-04-16 04:08:45.394606,0 days 00:00:24.784773,0.496126853899723,0.3501172082166705,8,0.06909368035041386,0.1801969445292177,0.08362307024597262,0.033825502052523625,0.09777674514504159,0.09560133858328784,0.004778663898095314,17,19,0.05025306810568162,0.2343187535740923,True,False,True,0.00010078287011009931,COMPLETE
1393,0.38775322437286375,2025-04-16 04:08:45.843921,2025-04-16 04:09:10.272528,0 days 00:00:24.428607,0.545818117770178,0.34909544712924984,8,0.06230883578002823,0.17904074539423068,0.08237017183426733,0.03618266657307267,0.09982200440966628,0.09605118149776831,0.004482046771808607,17,22,0.05133254843727879,0.23146719873155322,True,False,True,0.0001335144561778404,COMPLETE
1394,0.42184200286865237,2025-04-16 04:09:10.718833,2025-04-16 04:09:35.523024,0 days 00:00:24.804191,0.5298391059763894,0.33966254180478656,8,0.05717781809456062,0.1724541830449358,0.08167750165084176,0.03783763903946321,0.09767857516801721,0.09846775754822562,0.004819420589992034,17,23,0.05063384356058134,0.23935905153822568,True,False,True,0.00010332171395583913,COMPLETE
1395,0.4212928295135498,2025-04-16 04:09:35.967253,2025-04-16 04:10:00.677030,0 days 00:00:24.709777,0.5314886172977973,0.3342464614194773,8,0.06236202526545711,0.16500303914972994,0.0838769228873069,0.03183586235931762,0.09651241011651206,0.09568484640992032,0.00464661026080272,17,23,0.04879234467501765,0.24313359110760405,True,False,True,0.00010768279335370903,COMPLETE
1396,0.28143259286880495,2025-04-16 04:10:01.146328,2025-04-16 04:10:25.749489,0 days 00:00:24.603161,0.5274918676219413,0.34375435689594414,8,0.07145212698042672,0.15447012681977132,0.08412813478325865,0.03662241211757232,0.09698277503577117,0.09477038530204905,0.004599310298496839,17,23,0.041638710749990586,0.24466600292375076,True,False,True,0.0001060434436752819,COMPLETE
1397,0.399637520313263,2025-04-16 04:10:26.201669,2025-04-16 04:10:51.051986,0 days 00:00:24.850317,0.5443574538286515,0.3406340829933123,8,0.06182507162151339,0.16410893152155237,0.08636119756179306,0.03425087223068951,0.09705567738267502,0.09647713487545187,0.004780680955365023,17,23,0.044386182141103445,0.242329434326682,True,False,True,0.00010412106607133622,COMPLETE
1398,0.4025541067123413,2025-04-16 04:10:51.503764,2025-04-16 04:11:15.978852,0 days 00:00:24.475088,0.5414943908443748,0.3505495799969859,8,0.060737286795264044,0.16746372628918546,0.08743585015458501,0.0380914739523311,0.09732337760694493,0.09505188331448168,0.004711777652545291,17,22,0.04682002752294362,0.25246687899651016,True,False,True,8.311473361211975e-05,COMPLETE
1399,0.39403709173202517,2025-04-16 04:11:16.428630,2025-04-16 04:11:40.643101,0 days 00:00:24.214471,0.5339720087396863,0.33422102601361514,8,0.05733370768542643,0.17238102675703762,0.08576144486914562,0.03532210235076678,0.09689294167280815,0.09791838049287661,0.005230932398183837,17,23,0.04804221634967608,0.23863399376957553,False,False,True,9.431958020729289e-05,COMPLETE
1400,0.30797083377838136,2025-04-16 04:11:41.091693,2025-04-16 04:12:05.857160,0 days 00:00:24.765467,0.5342377136267329,0.33594805980038106,8,0.06776709552172097,0.1751612681279474,0.08317712092429937,0.03564272953783969,0.0967641979954961,0.0958804585273861,0.004633376857661955,17,20,0.04596095125938692,0.24627803993819883,True,False,True,9.50619313992044e-05,COMPLETE
1401,0.3248475193977356,2025-04-16 04:12:06.326765,2025-04-16 04:12:31.321131,0 days 00:00:24.994366,0.543055242789218,0.36165590938151015,8,0.08011312506628304,0.16351871843833082,0.08549755378974536,0.036124775521279975,0.09811305313698097,0.093982486115242,0.005611175815777491,17,24,0.04366334853078945,0.23310603416828196,True,False,True,9.550129991107435e-05,COMPLETE
1402,0.29255768060684206,2025-04-16 04:12:31.776855,2025-04-16 04:13:00.374825,0 days 00:00:28.597970,0.5252203864012362,0.3592582034311845,8,0.06934778365927552,0.16232690173892342,0.0823900009614634,0.037329805326996146,0.09986379643198663,0.09999327928737334,0.004502878499409107,18,21,0.0479099010850867,0.2561658636119086,True,False,False,0.00011285481781220716,COMPLETE
1403,0.3123197555541992,2025-04-16 04:13:00.821936,2025-04-16 04:13:25.427772,0 days 00:00:24.605836,0.511578923095128,0.32211601496539294,8,0.05739031633617606,0.1683847219162638,0.08417658043692769,0.03404297731083137,0.09679442370792384,0.09785305218088468,0.005798051584136873,17,16,0.0487741644927595,0.2403400464782069,True,False,True,0.00011317205668117754,COMPLETE
1404,0.4312071084976196,2025-04-16 04:13:25.876444,2025-04-16 04:13:51.231857,0 days 00:00:25.355413,0.5375610790084744,0.33906702180578924,8,0.07090338504436533,0.15802484198043024,0.08157592958990319,0.03634320896951829,0.09983512585502423,0.09663160265384985,0.004352411780847368,18,24,0.04890287103335941,0.24945069412855783,True,False,True,0.00011732388747500405,COMPLETE
1405,0.38455162048339847,2025-04-16 04:13:51.681153,2025-04-16 04:14:16.734911,0 days 00:00:25.053758,0.5502219802191531,0.3377392526483274,8,0.05907248330854578,0.16296833937063973,0.08116634640243398,0.037206269120826675,0.0998932288477893,0.09285792914964114,0.0042876451424525164,17,24,0.04336245728180962,0.24711255150482753,True,True,True,9.15420116851506e-05,COMPLETE
1406,0.42213333845138556,2025-04-16 04:14:17.182246,2025-04-16 04:14:41.932213,0 days 00:00:24.749967,0.5451434009017561,0.32699104155663544,8,0.07285817515917523,0.15759064989586197,0.08141570832710067,0.04114738386542358,0.09803840944368267,0.09557882985704652,0.004236507210179043,17,24,0.047148306426281386,0.25253650736363636,True,False,True,0.00010479499421713703,COMPLETE
1407,0.4197463750839234,2025-04-16 04:14:42.400945,2025-04-16 04:15:07.715232,0 days 00:00:25.314287,0.5489967754392361,0.33336417018066367,8,0.07771358157333572,0.15789790331670808,0.08153166958944719,0.03534281400635583,0.09822182635849337,0.09478995462279116,0.004296326010000832,18,25,0.047076242860458827,0.2572268120889082,True,False,True,0.0001253486281539317,COMPLETE
1408,0.40767478942871094,2025-04-16 04:15:08.174433,2025-04-16 04:15:32.969506,0 days 00:00:24.795073,0.5536366704427974,0.31913541988272,8,0.0758008412961966,0.1590169504698224,0.08165811159497442,0.03970558739483176,0.09952320611993593,0.0937446510473729,0.0041361151412865815,17,24,0.043764596207642587,0.2606800285172046,True,False,True,0.00012520944030030724,COMPLETE
1409,0.39847440719604493,2025-04-16 04:15:33.421821,2025-04-16 04:15:58.173124,0 days 00:00:24.751303,0.5498110403632436,0.32245536432195554,8,0.08402548438142589,0.15537426472807775,0.08273484151490051,0.039019093454591335,0.09965360344182907,0.09448291253573521,0.004464854835147613,17,24,0.04522812332613946,0.25787630478890355,True,False,True,9.190057060299163e-05,COMPLETE
1410,0.30457367897033694,2025-04-16 04:15:58.643574,2025-04-16 04:16:23.411537,0 days 00:00:24.767963,0.5632613203597566,0.33373490224188074,8,0.06212900467668418,0.15265985235500573,0.08124769369199208,0.0374069976899402,0.098238026196202,0.09525187828724707,0.004840563201880588,17,23,0.04321781246560918,0.24384107476317168,True,False,True,8.93087418276656e-05,COMPLETE
1411,0.4200137376785279,2025-04-16 04:16:23.862932,2025-04-16 04:16:48.571900,0 days 00:00:24.708968,0.5520102937303807,0.3193246006104851,8,0.06677969792913492,0.14869776499763082,0.08513369329008531,0.041362042400570447,0.09986983499330813,0.09231777410103321,0.004364900006769125,17,24,0.045515397657268385,0.26079138040369904,True,False,True,9.931476640454771e-05,COMPLETE
1412,0.43200842142105106,2025-04-16 04:16:49.045634,2025-04-16 04:17:13.629650,0 days 00:00:24.584016,0.5494205811384056,0.3180097457826161,8,0.07427168068157544,0.1467339145673006,0.08725081041674247,0.04156335022067713,0.09870463468440327,0.09257427320075098,0.004417000457304936,17,24,0.04513459132020891,0.24484155692088994,True,False,True,9.991244153986775e-05,COMPLETE
1413,0.2497428894042969,2025-04-16 04:17:14.084249,2025-04-16 04:17:38.556813,0 days 00:00:24.472564,0.5577053837617632,0.3195868978721593,8,0.08879034334786862,0.14616110710417304,0.08810920514968615,0.04254090762508584,0.0993114273588249,0.09189905746558313,0.004408570480154332,17,21,0.04347423213148533,0.25058001692659937,True,False,True,8.26285976997756e-05,COMPLETE
1414,0.41843193769454956,2025-04-16 04:17:39.020236,2025-04-16 04:18:03.658596,0 days 00:00:24.638360,0.555375829203463,0.31252264912144023,8,0.07972192724862626,0.14005562159370938,0.08895756068555902,0.040044771707274614,0.09978176808395928,0.09184337124029456,0.00427517073145886,17,24,0.04169829185951647,0.2514505737349166,True,False,True,9.471305702160048e-05,COMPLETE
1415,0.41625198125839236,2025-04-16 04:18:04.111058,2025-04-16 04:18:28.874574,0 days 00:00:24.763516,0.5650578935828817,0.30807896233188364,8,0.07753201768903972,0.1380896314627317,0.0893737562069602,0.03975017655305277,0.09981158245074384,0.09099038559470675,0.00412416180203559,17,24,0.04388646182222108,0.2624791545152843,True,False,True,7.775769309799095e-05,COMPLETE
1416,0.27248603105545044,2025-04-16 04:18:29.326562,2025-04-16 04:18:53.917925,0 days 00:00:24.591363,0.563704547378498,0.30584604345135896,8,0.07855649484295742,0.14490472036721375,0.08740440658969441,0.04110560488506313,0.09993450749006813,0.09093980150317776,0.003832910674221787,17,24,0.03964767445450349,0.2543502571251345,True,False,True,8.659599435961154e-05,COMPLETE
1417,0.2734314203262329,2025-04-16 04:18:54.391790,2025-04-16 04:19:18.763933,0 days 00:00:24.372143,0.555892494802049,0.31241407620285383,8,0.08051189382855727,0.13266082305801818,0.08843631053193765,0.04144203316646368,0.09824043800246597,0.08870161927364287,0.004467624693051222,17,20,0.04463112366330473,0.2715639463781219,True,False,True,9.206317047137079e-05,COMPLETE
1418,0.2401960611343384,2025-04-16 04:19:19.221802,2025-04-16 04:19:43.985121,0 days 00:00:24.763319,0.571200330531588,0.3107560797284546,8,0.08745814199958475,0.14736335424957053,0.08647743077822165,0.038901692652086275,0.09993823301136534,0.0926476478072812,0.004178436728944575,17,24,0.0381968532560069,0.26656301884194916,True,False,True,0.00010603541747549182,COMPLETE
1419,0.2736902713775635,2025-04-16 04:19:44.440476,2025-04-16 04:20:08.964915,0 days 00:00:24.524439,0.5365972504780195,0.2979551896505336,8,0.07244365816036988,0.14027507123294453,0.08882621854762499,0.040428382891047665,0.09989438885457765,0.09361024532084221,0.004740454371921095,17,22,0.04184132488388942,0.2549079024081891,True,False,True,7.839500842447464e-05,COMPLETE
1420,0.3027216076850891,2025-04-16 04:20:09.418881,2025-04-16 04:20:33.863426,0 days 00:00:24.444545,0.5502731200966905,0.32582899575633395,8,0.07281986559098286,0.14653624287749256,0.0871625299484029,0.04258543971061032,0.0984963261881547,0.09208273693438213,0.0038925728732540307,17,18,0.04127706754386371,0.24935827334246627,False,False,True,8.376663987207268e-05,COMPLETE
1421,0.4200421929359436,2025-04-16 04:20:34.341721,2025-04-16 04:20:59.158711,0 days 00:00:24.816990,0.5410540063753683,0.28767285670700515,8,0.07830838717584851,0.1493863336553357,0.0853239555876548,0.03903232147844279,0.09794520493660701,0.09243122358475388,0.004336240905504954,17,24,0.04332914983361723,0.26480463783165736,True,False,True,9.826866939397845e-05,COMPLETE
1422,0.25591082572937013,2025-04-16 04:20:59.616410,2025-04-16 04:21:24.326673,0 days 00:00:24.710263,0.5442555950618065,0.3013483083269155,8,0.08297045866422538,0.15090299715512906,0.0852652967840403,0.038045414911546,0.09808445703197821,0.09394212346207036,0.004484110267933765,17,21,0.0429748750724825,0.2641551530848283,True,False,True,0.00010310158264076266,COMPLETE
1423,0.308445680141449,2025-04-16 04:21:24.784868,2025-04-16 04:21:52.570396,0 days 00:00:27.785528,0.5415330370921995,0.28388501943976446,8,0.0714609760828071,0.15663401335585664,0.08598952784766432,0.03861665376256521,0.09790421594764777,0.08829716602023054,0.004492053846151423,17,25,0.045073409011851674,0.2666614870439649,True,False,False,0.00010475417831770814,COMPLETE
