number,value,datetime_start,datetime_complete,duration,params_alpha-eval,params_alpha-train,params_batch-size,params_eps-eval,params_eps-train,params_lambda-actions-eval,params_lambda-actions-train,params_lambda-frames-eval,params_lambda-frames-train,params_learning-rate,params_n-epochs,params_n-frames,params_radius-gw,params_rho,params_std-feats,params_ub-actions,params_ub-frames,params_weight-decay,state
398,0.398515522480011,2025-04-15 21:28:20.786497,2025-04-15 21:28:38.968519,0 days 00:00:18.182022,0.39446642135429727,0.8021867656183278,16,0.028682436360028173,0.2659905336866802,0.06232386609749612,0.0010017403517092645,0.08934187007400024,0.05654513207941416,0.0023255559160244945,15,31,0.052342193069316464,0.18478757840264298,True,False,True,0.0009964669404511097,COMPLETE
399,0.30420467257499695,2025-04-15 21:28:39.104327,2025-04-15 21:28:59.070466,0 days 00:00:19.966139,0.41012511432792886,0.747423859225921,16,0.013071986754906905,0.276069375255859,0.08373065873833921,0.01048548164555864,0.08576520005783576,0.06180320428128285,0.0019900269170189644,17,47,0.055053361360537116,0.16865862257824366,True,False,True,0.0002034342760551121,COMPLETE
400,0.27334749698638916,2025-04-15 21:28:59.194196,2025-04-15 21:29:18.948569,0 days 00:00:19.754373,0.38802046398704615,0.7832072658014066,16,0.05930993809700222,0.25435091998325343,0.057597363777837314,0.004334009398660349,0.09171111789513609,0.05919075547818158,4.093967239659148e-05,16,51,0.04451126747089011,0.1455703692471722,True,False,True,7.059803326678378e-05,COMPLETE
401,0.40023115873336795,2025-04-15 21:29:19.073634,2025-04-15 21:29:37.633036,0 days 00:00:18.559402,0.32700619477773907,0.8261673455786142,16,0.03238163735772926,0.2595276163193834,0.0997995604890641,0.006689716329997223,0.09467042955728287,0.053204077888860765,0.004144556632995382,14,44,0.04998104843530791,0.17765225643680943,True,False,True,0.0002950412239447814,COMPLETE
402,0.15694831013679506,2025-04-15 21:29:37.770734,2025-04-15 21:29:55.846469,0 days 00:00:18.075735,0.43194755165255766,0.73154973280284,16,0.1406683260365888,0.2852417776775424,0.061139385649550175,0.003084216968893296,0.09738412303373795,0.05048763369038116,0.00802058273137466,14,36,0.057738280037473,0.1313470020561189,True,False,True,2.4628942494507622e-05,COMPLETE
403,0.3060641288757324,2025-04-15 21:29:55.972860,2025-04-15 21:30:15.238937,0 days 00:00:19.266077,0.36723859173060014,0.6942313628846489,16,0.023408749571977288,0.26870941750535393,0.06509706755450331,0.007742132531245635,0.0803105711230794,0.05552631445059201,0.0010100922277771175,16,40,0.05267216251481136,0.16187970623849993,True,False,True,0.0005360446765276137,COMPLETE
404,0.3652891755104065,2025-04-15 21:30:15.366620,2025-04-15 21:30:35.042378,0 days 00:00:19.675758,0.34628021193774294,0.7613377517139986,16,0.041630910772083266,0.28005730435400145,0.05942957147106429,0.004806393304005199,0.08823649379316137,0.06477135083253968,0.002606935300343961,15,56,0.05994546577924707,0.18903457699375897,True,False,True,0.00037341775755724764,COMPLETE
405,0.4077954411506653,2025-04-15 21:30:35.169631,2025-04-15 21:30:54.629332,0 days 00:00:19.459701,0.4734726687261295,0.721982090128698,16,0.028542311976390938,0.2755812269923272,0.09497487098207792,0.009301890125096584,0.09067361711636021,0.04522662956292145,3.1285318263726736e-05,16,48,0.05474034389066282,0.17129183274409177,True,False,True,0.0007561334985459922,COMPLETE
406,0.36680288314819337,2025-04-15 21:30:54.767164,2025-04-15 21:31:12.930244,0 days 00:00:18.163080,0.40639634861881224,0.7464487840099227,16,0.01776328633552582,0.29192350562445907,0.09122182836075762,0.0027720278560521665,0.08372107336358914,0.05751943442052842,0.003154557102424545,13,42,0.04728934170820687,0.15156995120318958,True,False,True,0.00011694623132969187,COMPLETE
407,0.39858970642089847,2025-04-15 21:31:13.056502,2025-04-15 21:31:32.131895,0 days 00:00:19.075393,0.38038587145554625,0.7840499581275107,16,0.036909036852695684,0.14075373385025713,0.05630189715289706,0.006239084487903074,0.09380797383830185,0.047955754692562566,0.03205205381767183,15,46,0.05196678657953848,0.17677337201513005,True,False,True,0.0004716859352976823,COMPLETE
408,0.40569202899932866,2025-04-15 21:31:32.260096,2025-04-15 21:31:55.014353,0 days 00:00:22.754257,0.411347727432704,0.8048607533599553,8,0.02373677866349419,0.2630927396948573,0.051506030996699675,0.011805331237175554,0.08684782997263416,0.0601442158872208,0.001416574940709943,14,38,0.06259537996167594,0.1648769591058524,True,False,True,0.0006171080770097961,COMPLETE
409,0.40916556119918823,2025-04-15 21:31:55.151919,2025-04-15 21:32:12.891570,0 days 00:00:17.739651,0.44677963829876294,0.33752780285805883,16,0.03229025154165741,0.2500136982390923,0.06363773107992528,0.00414706004029273,0.08988049082498262,0.05285801838077015,0.00191852350098994,15,49,0.05712744222486838,0.1564357602773149,False,False,True,0.00024434799491357444,COMPLETE
410,0.3675821542739868,2025-04-15 21:32:13.019864,2025-04-15 21:32:32.396145,0 days 00:00:19.376281,0.31797851177802783,0.767765465444563,16,0.046315630427726046,0.27157712137417894,0.05447536823577355,0.0010660771221297823,0.054971689770354465,0.0549645278793199,0.0023928782966687206,16,44,0.053879164251300043,0.18283167935415504,True,False,True,0.0003409359847343483,COMPLETE
411,0.4145469427108765,2025-04-15 21:32:32.523901,2025-04-15 21:32:52.812719,0 days 00:00:20.288818,0.3618923765166304,0.708046968461566,16,0.027424978680363234,0.29967892959064735,0.06211133820152455,0.008814205407240313,0.09613716649358175,0.06287985833643055,0.009513871167165122,17,52,0.0508138417463792,0.17002987490811225,True,False,True,0.00016120482903084457,COMPLETE
412,0.40830544233322147,2025-04-15 21:32:52.951537,2025-04-15 21:33:12.645928,0 days 00:00:19.694391,0.42738011891784106,0.6864795307863998,16,0.03669758264042939,0.29177091230071356,0.05856531428880169,0.00932151640404954,0.09781640846813397,0.06209279185649336,0.015309198230416272,17,41,0.04966220117589491,0.17198926724393712,True,False,True,0.00017421971390152,COMPLETE
413,0.33016217947006227,2025-04-15 21:33:12.774675,2025-04-15 21:33:32.243200,0 days 00:00:19.468525,0.38914104487371765,0.7015877077168472,16,0.018903987231009202,0.2986208212271813,0.061182737927621134,0.014464855640872114,0.09986313562170607,0.064573687877334,0.009069857912796382,18,33,0.04803383447488501,0.16598813747251592,True,False,True,0.00021851265145947214,COMPLETE
414,0.2672383368015289,2025-04-15 21:33:32.374754,2025-04-15 21:33:54.722518,0 days 00:00:22.347764,0.3627397674183059,0.6712489233061832,16,0.03199023225681783,0.28472328261178914,0.09755147391413711,0.010029798648899555,0.09614548768045136,0.06184693751411793,0.006901978267213593,17,52,0.050878281280838274,0.1777519864714866,True,False,False,5.239561045651223e-06,COMPLETE
415,0.4113732218742371,2025-04-15 21:33:54.862172,2025-04-15 21:34:14.593650,0 days 00:00:19.731478,0.3973343159060469,0.6564880554968431,16,0.026037704080724564,0.29531614413708746,0.053098371334021496,0.007937473725091288,0.09471284821723469,0.05011339044156969,0.01239696087977234,18,37,0.05568154876898041,0.16944995588961442,True,False,True,0.0001447442456188941,COMPLETE
416,0.38150823116302496,2025-04-15 21:34:14.724169,2025-04-15 21:34:33.449594,0 days 00:00:18.725425,0.4558231383054259,0.7122811517939972,16,0.04088260029906595,0.2869217036494731,0.05720947071364519,0.012114532416529504,0.09254357588492071,0.06318514208716432,0.009423449555321975,14,46,0.05099580566841075,0.18423581206479736,True,True,True,0.00026349375463395857,COMPLETE
417,0.18455026745796205,2025-04-15 21:34:33.578698,2025-04-15 21:35:24.626434,0 days 00:00:51.047736,0.42352715522525125,0.7296809331676136,2,0.11053978478084679,0.2797374711107412,0.062267738556830377,0.006845603770982554,0.09578808655181693,0.06009024666223676,0.007212174983626135,13,40,0.05845923269193716,0.17336024019866966,True,False,True,4.822003765040922e-05,COMPLETE
418,0.1624069392681122,2025-04-15 21:35:24.767748,2025-04-15 21:35:44.478603,0 days 00:00:19.710855,0.3759035303973549,0.7049170038165591,16,0.2647171365860883,0.2725937137014159,0.05853647048778288,0.01738724151235117,0.0921515466306316,0.06678542118580251,0.011673775422744693,17,44,0.04898445731620937,0.16211206838197634,True,False,True,0.0002941837154219271,COMPLETE
419,0.3269112586975098,2025-04-15 21:35:44.608456,2025-04-15 21:36:03.812079,0 days 00:00:19.203623,0.4099565910210882,0.5079776903440364,16,0.05075601724565307,0.2983286403525326,0.0602083597819085,0.008819096189377387,0.09759653974040249,0.05155477865218917,0.009489338919210317,15,49,0.04542877839096351,0.17777681035260562,True,False,True,0.0003558688422106586,COMPLETE
420,0.3994307041168213,2025-04-15 21:36:03.942492,2025-04-15 21:36:24.061084,0 days 00:00:20.118592,0.33886719440736535,0.7371827215192691,16,0.029819715463065066,0.29128836574823314,0.08891878556432183,0.006116009876176357,0.09402445159490225,0.058406331125020715,5.116912428015563e-05,16,55,0.05294108762779943,0.18991083932052696,True,False,True,0.0002059437626557019,COMPLETE
421,0.26225335597991944,2025-04-15 21:36:24.205314,2025-04-15 21:36:42.721197,0 days 00:00:18.515883,0.3843124645095002,0.6805885217763946,16,0.011417376564288123,0.2809336072368877,0.06614473946676085,0.004880091069779847,0.08907774028847076,0.04841036379471327,0.005525660690092685,15,36,0.005253468339377815,0.16936257766962567,True,False,True,0.0004407946626465456,COMPLETE
422,0.40633028745651245,2025-04-15 21:36:42.853057,2025-04-15 21:37:06.961786,0 days 00:00:24.108729,0.43379519899070645,0.7141784404210723,16,0.03504865438621505,0.2672810930654219,0.055556737362075004,0.00792934053366311,0.09086528840611423,0.042883249819265105,0.0035475370726612324,13,133,0.060995488980140976,0.16541490492146574,True,False,True,0.00028528144717223747,COMPLETE
423,0.15830162167549133,2025-04-15 21:37:07.093070,2025-04-15 21:37:25.450597,0 days 00:00:18.357527,0.3654310339053747,0.7541310383997024,16,0.1537601493404282,0.2879864390627051,0.04956012865979508,0.010611996899626146,0.08551363450757316,0.06296227832871022,0.002722422824384915,14,42,0.05570888770029385,0.15981872416650797,True,False,True,0.00039691481501595127,COMPLETE
424,0.30988607406616214,2025-04-15 21:37:25.594026,2025-04-15 21:37:43.345623,0 days 00:00:17.751597,0.3971734708519408,0.7355032940392869,16,0.021172644511879925,0.2742523114535929,0.06259895971081292,0.0059863848646177055,0.09367887135733681,0.056394774907857784,0.01912016270874824,12,46,0.0990773448073585,0.174854690676314,True,False,True,0.0005009750513254238,COMPLETE
425,0.41034009456634524,2025-04-15 21:37:43.478919,2025-04-15 21:38:03.327289,0 days 00:00:19.848370,0.4139903901878886,0.7583636460326619,16,0.026854961656229,0.2619474473849875,0.060425183518386695,0.013375095130765586,0.09810133715521437,0.05322938429314221,0.0017048339250319248,16,51,0.053815786160384745,0.18251102255986276,True,False,True,2.610412449109525e-06,COMPLETE
426,0.36985616683959965,2025-04-15 21:38:03.460382,2025-04-15 21:38:22.050051,0 days 00:00:18.589669,0.34735843768420377,0.7189818804637351,16,0.04180376986528217,0.2775679380106334,0.052907128464593424,0.0038058186585445603,0.08767750186959476,0.06007330722446618,0.002065824160335552,15,40,0.05130900261752457,0.16822607645602528,True,False,True,0.00015723355267726314,COMPLETE
427,0.28257471919059757,2025-04-15 21:38:22.182896,2025-04-15 21:38:41.560247,0 days 00:00:19.377351,0.37888358333573846,0.6942011383806145,16,0.0033970166593016715,0.299837219157317,0.06403669306882546,0.010869957422592145,0.09224130570037205,0.05793323140559288,0.010946035670628957,16,44,0.05709187417690905,0.18758980382652746,True,False,True,0.00024397587505200135,COMPLETE
428,0.38327695131301887,2025-04-15 21:38:41.703481,2025-04-15 21:38:58.910876,0 days 00:00:17.207395,0.3983699066795516,0.6387721708995499,16,0.03478811646571561,0.28377214285834046,0.058900862940330916,0.008290169875096433,0.09568373746325995,0.05511522299480506,0.000248858648497651,14,34,0.04685149882266812,0.19584091447410257,False,False,True,0.00035997377452546734,COMPLETE
429,0.3172102689743042,2025-04-15 21:38:59.044718,2025-04-15 21:39:24.589780,0 days 00:00:25.545062,0.4500325871577655,0.792688851995102,8,0.01733969560250026,0.26843111102882367,0.056704502206019074,0.002882057078349513,0.09010700222650737,0.0645159032258584,0.001161020602332922,17,48,0.05885022427905373,0.17502017834749456,True,False,True,0.00030418383230161096,COMPLETE
430,0.41471333503723146,2025-04-15 21:39:24.723352,2025-04-15 21:39:43.444893,0 days 00:00:18.721541,0.42498225085278296,0.22892936389206958,16,0.025974053661371718,0.2909505284215993,0.0675952574907801,0.006011061360458429,0.08754828918391916,0.051327249474185196,0.014336989975109524,15,38,0.054755607560589385,0.16094083374117282,True,False,True,0.0004586734236851829,COMPLETE
431,0.3313200950622559,2025-04-15 21:39:43.588344,2025-04-15 21:40:01.933597,0 days 00:00:18.345253,0.4780505588675889,0.19439727024801468,16,0.022212106386840194,0.2918457625079698,0.06663940542824642,0.004831047281717042,0.0857796221302513,0.04917365162031311,0.016959180979327047,15,31,0.04920058108439444,0.17930717214677877,True,False,True,1.916206008965367e-07,COMPLETE
432,0.40537109375,2025-04-15 21:40:02.068933,2025-04-15 21:40:20.174251,0 days 00:00:18.105318,0.4330986603968625,0.21510702828718975,16,0.030266524920036692,0.29359406714866965,0.06520654650184217,0.048468251751547356,0.08333954802780467,0.04628389138184471,0.026995823538931776,14,37,0.05326102787888401,0.15638259646246086,True,False,True,0.00041800872797916175,COMPLETE
433,0.2932793617248535,2025-04-15 21:40:20.309517,2025-04-15 21:40:41.550496,0 days 00:00:21.240979,0.44991129773131233,0.8246097218770725,16,0.039611991923791785,0.10261472234450038,0.0694072847625253,0.006514404498539251,0.009296918959473863,0.050964683640791465,0.013964917968800105,16,38,0.052128735635549366,0.16505730252410328,True,False,False,0.0005671418407919899,COMPLETE
434,0.28545759916305546,2025-04-15 21:40:41.696433,2025-04-15 21:40:59.385473,0 days 00:00:17.689040,0.41980700613748834,0.18002757664767557,16,0.01342753954059182,0.2614861175995137,0.04556374443447298,0.0028592161423152216,0.08718336534294635,0.04831526738263717,0.019043735502607767,13,35,0.05082903475077218,0.20409478798138425,True,False,True,0.0001978700811610596,COMPLETE
435,0.3742233693599701,2025-04-15 21:40:59.521612,2025-04-15 21:41:18.276351,0 days 00:00:18.754739,0.36697402909182775,0.773215098365887,16,0.02494417613381255,0.2770165082522376,0.06290299629633914,0.008638084890991698,0.08837877968705489,0.050660508532986294,0.02210630688284132,15,40,0.05443209482962778,0.17179451460107545,True,False,True,0.00031667246068351325,COMPLETE
436,0.1888286888599396,2025-04-15 21:41:18.410929,2025-04-15 21:41:37.547614,0 days 00:00:19.136685,0.3325554715247465,0.24047543498326102,16,0.03363160620235953,0.2987503981017381,0.06727418128045977,0.004719303230434046,0.08478585645158582,0.05283756307307034,0.01630802606049727,17,34,0.017643158441778925,0.1836674118994735,True,True,True,0.00045445600167170265,COMPLETE
437,0.4011642575263977,2025-04-15 21:41:37.694091,2025-04-15 21:41:56.896300,0 days 00:00:19.202209,0.46053463200227523,0.26604999857008044,16,0.04539187648585345,0.27058877423919747,0.06387669876160755,0.002791932882059641,0.08669446310391128,0.060438347679488406,0.013448816268994438,16,42,0.05564541283463564,0.15856395078551613,True,False,True,0.00023417173481339286,COMPLETE
438,0.2813288688659668,2025-04-15 21:41:57.031432,2025-04-15 21:42:45.474644,0 days 00:00:48.443212,0.2887760169229678,0.15650750297452015,2,0.027930148925381617,0.2835115505991713,0.061705452510685266,0.0010866335311121417,0.08909525700738526,0.04960036985546387,0.04275199836836445,12,40,0.0522526901107209,0.16722903641004727,True,False,True,0.0006154522893757725,COMPLETE
439,0.41017110347747804,2025-04-15 21:42:45.611732,2025-04-15 21:43:05.389584,0 days 00:00:19.777852,0.41760908850602113,0.7476211181627933,16,0.021346045183180465,0.26603504558335367,0.06580672391713457,0.006861454270619329,0.09050248951820507,0.05152981215397186,4.073214013984039e-05,15,54,0.049121337182818546,0.17526211787909116,True,False,True,0.0003645635658066237,COMPLETE
440,0.4049620985984802,2025-04-15 21:43:05.536949,2025-04-15 21:43:29.147760,0 days 00:00:23.610811,0.38573215925606746,0.8002533186314722,16,0.03629999733019136,0.28911317803551995,0.06877074616414824,0.00968531913371926,0.08216213520592215,0.044915059705039825,0.0016787035092766423,27,38,0.0693686155962818,0.16142112463111877,True,False,True,0.00027027625856881134,COMPLETE
441,0.31405464410781864,2025-04-15 21:43:29.285328,2025-04-15 21:43:47.076566,0 days 00:00:17.791238,0.3566135784524258,0.1485840533381198,16,0.017471900303001324,0.2580135817992759,0.06156073497662121,0.011615140327325248,0.08554434344417117,0.05376078188742269,0.0013587618817510708,14,28,0.054561342792265786,0.19000060075601302,True,False,True,0.0004896474564301036,COMPLETE
442,0.4104290366172791,2025-04-15 21:43:47.213821,2025-04-15 21:44:12.720339,0 days 00:00:25.506518,0.4025960088730133,0.0998027359629728,16,0.031351332923331234,0.2741111808326915,0.05062249654141021,0.004751340643551341,0.08814815681718242,0.06211167238368434,0.002229914457758567,30,46,0.05761282754418376,0.18138315088658266,True,False,True,0.0003903346892315401,COMPLETE
443,0.3803406953811646,2025-04-15 21:44:12.867695,2025-04-15 21:44:31.901692,0 days 00:00:19.033997,0.43419753886917745,0.7675992570102671,16,0.04043847623726181,0.2814411203812715,0.06414275258565157,0.006863495135973321,0.09427878686269572,0.059047124950032864,0.0026552416679077448,15,50,0.05963547758660801,0.16999350472315894,True,False,True,0.0003177971017079171,COMPLETE
444,0.3185873866081238,2025-04-15 21:44:32.039501,2025-04-15 21:44:55.400861,0 days 00:00:23.361360,0.37440679560102796,0.2801142427690514,16,0.05374756459402561,0.26709911978041695,0.06031267549098046,0.0028963778504655213,0.09675463532113525,0.05764688545618771,0.013228638211503236,13,125,0.053230790503148315,0.15198357790036515,True,False,True,0.0006604505081342676,COMPLETE
445,0.41091358661651617,2025-04-15 21:44:55.553148,2025-04-15 21:45:17.157875,0 days 00:00:21.604727,0.39394146193452456,0.7446049196576336,16,0.024894223280864755,0.2930430958367078,0.047182623860739015,0.004615975099605761,0.09083681889565283,0.04783038837833384,6.451613595204478e-05,16,75,0.05077074679116822,0.16443706995730217,True,False,True,0.0005075000733506088,COMPLETE
446,0.28675200343132023,2025-04-15 21:45:17.297943,2025-04-15 21:45:35.861593,0 days 00:00:18.563650,0.41646584742400317,0.21889370603041997,16,0.03181350443154483,0.277868536895847,0.05409232625952744,0.015483492460196523,0.08444562711553227,0.05562504228916314,2.7380624859618064e-05,14,43,0.056252843094129416,0.1775422461614909,True,False,True,0.00017562251324263858,COMPLETE
447,0.39307675361633304,2025-04-15 21:45:36.000619,2025-04-15 21:45:54.985717,0 days 00:00:18.985098,0.3473961941070793,0.7830606003718389,16,0.03784546377819789,0.2865633175418209,0.06195740034051617,0.008814465778078954,0.05813697623569006,0.06556123890151548,0.0019378570083354828,17,32,0.047287770790873415,0.17072654070338947,True,False,True,0.0004065005180562835,COMPLETE
448,0.2921853005886078,2025-04-15 21:45:55.137851,2025-04-15 21:46:13.194970,0 days 00:00:18.057119,0.31784642472797087,0.2433370542149672,16,0.01019146782441957,0.1591561749114852,0.06580502165633736,0.07765702383491481,0.09954085496250253,0.052310934445970805,3.591046294588727e-05,16,37,0.06178115409220433,0.184309301445822,False,False,True,0.0002533927446263437,COMPLETE
449,0.4144654989242554,2025-04-15 21:46:13.338845,2025-04-15 21:46:29.873965,0 days 00:00:16.535120,0.43949584933361263,0.16550105945097662,16,0.02519696231147213,0.2722265509769184,0.06358067265310288,0.006072990751732151,0.09201006611117796,0.06023373551224065,0.0029532151625795114,9,47,0.05491255808541728,0.15892522555760694,True,False,True,0.0007320539263769518,COMPLETE
450,0.3418771862983704,2025-04-15 21:46:30.012928,2025-04-15 21:46:46.664369,0 days 00:00:16.651441,0.4706959585674465,0.18759417838971781,16,0.01794282910033454,0.27313351757425014,0.09698835319921802,0.010911357917229051,0.08778687979155396,0.06283612010100294,0.0031911094155964177,9,52,0.053949419665973414,0.15412022127155156,True,False,True,0.0008947864007179628,COMPLETE
451,0.4086613655090332,2025-04-15 21:46:46.816393,2025-04-15 21:47:02.591276,0 days 00:00:15.774883,0.435983621614045,0.22674124339457716,16,0.022431472160897366,0.2823490971403488,0.06792674265997438,0.007695767905831574,0.08951252608598334,0.0609747915572224,0.00309067634776284,7,56,0.05557224936709434,0.15937651834980823,True,False,True,0.0006653055662087047,COMPLETE
452,0.4080212473869324,2025-04-15 21:47:02.733451,2025-04-15 21:47:27.664349,0 days 00:00:24.930898,0.44478428822208416,0.12111454657127865,8,0.026575262285302034,0.2762457294344921,0.03612210582181616,0.006176230783824793,0.09181733969924587,0.06463783271754825,0.0023683461134786144,16,47,0.05266674245461886,0.15322958141341214,True,False,True,0.0007720027466156133,COMPLETE
453,0.2815943121910095,2025-04-15 21:47:27.807029,2025-04-15 21:47:46.148787,0 days 00:00:18.341758,0.46376374131008,0.17031818974202265,16,0.014506691764881906,0.25508347159394185,0.05184316405436753,0.009326511465252544,0.08680748621232673,0.059180484923838296,0.0034865132618524352,10,41,0.0512355604781735,0.14602612733079404,True,False,False,0.000993981993284418,COMPLETE
454,0.4120056390762329,2025-04-15 21:47:46.302606,2025-04-15 21:48:02.897538,0 days 00:00:16.594932,0.42510909931991814,0.20734313062813975,16,0.026642875083115993,0.2888461412973137,0.05633997233050694,0.07174850439511685,0.08348022024153122,0.06063823435634888,0.004224251038815383,9,50,0.057168941246807554,0.16189436799627266,True,False,True,0.0006079681459269235,COMPLETE
