number,value,datetime_start,datetime_complete,duration,params_alpha-eval,params_alpha-train,params_batch-size,params_eps-eval,params_eps-train,params_lambda-actions-eval,params_lambda-actions-train,params_lambda-frames-eval,params_lambda-frames-train,params_learning-rate,params_n-epochs,params_n-frames,params_radius-gw,params_rho,params_std-feats,params_ub-actions,params_ub-frames,params_weight-decay,state
1880,0.3755872845649719,2025-04-14 09:38:13.468056,2025-04-14 09:39:09.236278,0 days 00:00:55.768222,0.912845699784022,0.25530170966962057,2,0.015795592282376064,0.12318573955304112,0.06903579722928947,0.09829728237345581,0.09263327458272681,0.09796088458869616,0.011230395338966402,15,25,0.09403905650921553,0.1188607827886106,True,False,True,0.00037918506101391065,COMPLETE
1881,0.4305035471916199,2025-04-14 09:39:09.846902,2025-04-14 09:39:27.359803,0 days 00:00:17.512901,0.9837085680173357,0.15072684516589868,16,0.03458351518835986,0.09186214081409373,0.07523246306763105,0.09999469062025922,0.09477933943116712,0.09318864385903633,0.007715530919291922,13,29,0.07984620501370877,0.1265589247796809,True,True,True,0.00020941748574188412,COMPLETE
1882,0.3939340353012085,2025-04-14 09:39:27.986298,2025-04-14 09:39:46.095623,0 days 00:00:18.109325,0.9644058979003417,0.19877593651317577,16,0.006140103920416298,0.10446151049467964,0.07056003082169461,0.09369318515131453,0.08864731398394915,0.09517723514975404,0.013757163931405799,14,37,0.08270483625351005,0.10395766068400696,True,True,True,0.0005054027018099257,COMPLETE
1883,0.26151303052902225,2025-04-14 09:39:46.712321,2025-04-14 09:40:11.168489,0 days 00:00:24.456168,0.9313805114434955,0.6224559089957218,8,0.12253160475833429,0.11101319279223809,0.07280308577966511,0.09590980344127198,0.09997712378197564,0.09126027926677575,0.009918996435673724,16,32,0.08821960695232693,0.11030722273066415,True,True,True,0.0002613510128320379,COMPLETE
1884,0.1888286888599396,2025-04-14 09:40:11.796519,2025-04-14 09:40:30.405782,0 days 00:00:18.609263,0.999959946933447,0.17125376457548613,16,0.02809829882959018,0.1333775513687906,0.06697406407674136,0.09992093996584228,0.09065578307469202,0.09664150217930847,0.005000919107199263,17,22,0.08490206861386006,0.09241155542307955,True,True,True,0.00033554816376909016,COMPLETE
1885,0.4477727890014649,2025-04-14 09:40:31.010434,2025-04-14 09:40:49.364821,0 days 00:00:18.354387,0.95131427753646,0.23754143472813155,16,0.01894774397819971,0.11682245735475241,0.06926366431378683,0.09228824869116327,0.09707285964347073,0.08924933911160769,0.006906918369041859,15,27,0.08677665329464773,0.12124013876896439,True,True,True,0.0001766279549745834,COMPLETE
1886,0.3627723574638367,2025-04-14 09:40:49.968227,2025-04-14 09:41:07.936921,0 days 00:00:17.968694,0.8909945598154907,0.20952451828738122,16,0.012073490855528819,0.09781337512844711,0.07521279952913415,0.09669456130042552,0.09321345521456159,0.09834845329076328,0.008937631239012365,14,39,0.07776578182242234,0.11493530381043766,True,True,True,0.00011434457456421957,COMPLETE
1887,0.28561680316925053,2025-04-14 09:41:08.560602,2025-04-14 09:41:27.344964,0 days 00:00:18.784362,0.5763632118505075,0.2579335542793898,16,0.025320968031340752,0.10733730683690114,0.04181976321072511,0.09477907765949638,0.09519830267494013,0.09344099432968951,0.01681826148191491,16,31,0.0919379215114736,0.09978532221898165,True,True,True,0.0004906036796638893,COMPLETE
1888,0.380801510810852,2025-04-14 09:41:27.979510,2025-04-14 09:41:51.741876,0 days 00:00:23.762366,0.9994879553471518,0.1901339329878645,8,0.00016037887912866925,0.1216216751998207,0.07234680690027188,0.09839038480412123,0.0981595467385844,0.09509548051669797,0.0116091299646242,15,34,0.08904123644440275,0.1062408975463942,True,True,True,0.00023143932984859077,COMPLETE
1889,0.362753826379776,2025-04-14 09:41:52.351006,2025-04-14 09:42:10.316776,0 days 00:00:17.965770,0.5409351540845793,0.22189499867220816,16,0.008522163589088291,0.11255897258749746,0.051206223432316136,0.09685368032467018,0.09193888118811244,0.09181746415619649,0.008178618074045829,14,27,0.08369410175227555,0.11256696857025442,True,True,True,0.00036934899447616594,COMPLETE
1890,0.44636926651000974,2025-04-14 09:42:10.944096,2025-04-14 09:42:29.113207,0 days 00:00:18.169111,0.9679694199807165,0.15759127047869412,16,0.03582945140137224,0.10193262365147665,0.06369952919504447,0.09370457238604876,0.0878618606036853,0.09686002263461106,0.006073951446521119,15,30,0.08109277200996012,0.09670445100769258,True,True,True,0.0002890962057356224,COMPLETE
1891,0.29723711013793946,2025-04-14 09:42:29.718834,2025-04-14 09:42:46.366300,0 days 00:00:16.647466,0.9266938719236146,0.2390422463768377,16,0.020843267303713872,0.11895811124826274,0.07042324006214296,0.09995497212894396,0.09013455822017738,0.098240366962846,1.3318855684948643e-05,13,19,0.09007371273206961,0.12806060122611496,False,True,False,0.0004340966833235396,COMPLETE
1892,0.3421631693840027,2025-04-14 09:42:46.994010,2025-04-14 09:43:05.571762,0 days 00:00:18.577752,0.9450725838427375,0.18115236567828366,16,0.015297559142695146,0.1261387734235515,0.07349850458425368,0.0959260633471503,0.09361546475322696,0.09435210564559633,0.009856181684399806,16,25,0.09337033058973336,0.038238752717889735,True,True,True,0.0002192139312702965,COMPLETE
1893,0.3722715497016907,2025-04-14 09:43:06.203608,2025-04-14 09:43:29.334738,0 days 00:00:23.131130,0.9993187507245723,0.2091414051651211,8,0.029796102082668544,0.10693195246977943,0.06843227292402496,0.09187180685582369,0.09653197434922321,0.08673771422078147,0.013546993109934551,14,35,0.08625990305036164,0.11903024223325341,True,True,True,0.00031560157850988636,COMPLETE
1894,0.4407290816307068,2025-04-14 09:43:29.943314,2025-04-14 09:43:48.363569,0 days 00:00:18.420255,0.9075657427536309,0.25837124802646527,16,0.006782421721160561,0.09129134753161741,0.06572363414541282,0.09998541648840886,0.09818252753388251,0.09060845140279909,0.007572764745594578,15,33,0.08436747247141936,0.08958226139816752,True,True,True,0.00015167897955619913,COMPLETE
1895,0.4253594636917114,2025-04-14 09:43:48.994595,2025-04-14 09:44:07.534675,0 days 00:00:18.540080,0.9774763898286309,0.12911913739848518,16,0.023039927977907375,0.14162677781143734,0.07597349060467563,0.09716469703744292,0.09507072880200046,0.09995571466918059,0.01030377532551305,16,29,0.08197858442860112,0.10403142714395272,True,True,True,0.0005258652480675432,COMPLETE
1896,0.1888286888599396,2025-04-14 09:44:08.141582,2025-04-14 09:44:25.637867,0 days 00:00:17.496285,0.9608107255622171,0.498051775402774,16,0.014949515312391843,0.0962968400723583,0.07139014871834505,0.09464250738533869,0.09165091330632517,0.09644851228583302,0.06713744086310947,14,23,0.038023435183339026,0.12197926827033767,True,True,True,0.00035943354721378653,COMPLETE
1897,0.36958205699920654,2025-04-14 09:44:26.272648,2025-04-14 09:44:44.513855,0 days 00:00:18.241207,0.9357710528710295,0.22912935780384625,16,0.005207739709957624,0.1132462082733337,0.07352290266249004,0.09779968361957896,0.08583136990553024,0.09250772501452234,0.006817732111392332,15,37,0.08785051543087698,0.10897959875650175,True,False,True,0.0002532318545431957,COMPLETE
1898,0.4399254083633423,2025-04-14 09:44:45.124944,2025-04-14 09:45:04.193749,0 days 00:00:19.068805,0.9801767863960699,0.19349246600197328,16,0.029962487192139398,0.13027062702599843,0.0697083324594124,0.0930965910583982,0.0935683086632983,0.09544482501809481,0.011699449313186153,17,31,0.07961775245581464,0.11416181937302099,True,True,True,0.00017864207445355098,COMPLETE
1899,0.45479258298873904,2025-04-14 09:45:04.822186,2025-04-14 09:45:29.348745,0 days 00:00:24.526559,0.9154508585485296,0.21482654489594072,8,0.01891438343832022,0.11842156452496527,0.05636653539388131,0.0897937455041467,0.089600338785369,0.09813179182939898,0.008307670061531195,16,27,0.08491978936042409,0.127376323519369,True,True,True,8.737709817170686e-05,COMPLETE
1900,0.40780894756317143,2025-04-14 09:45:29.983632,2025-04-14 09:45:47.995151,0 days 00:00:18.011519,0.9559024394493312,0.1712281133726469,16,0.011026483850558747,0.10300943303029723,0.06680849714016034,0.014918386616403406,0.09616220756103837,0.08797121676835126,0.00538061751566063,14,33,0.09005251241524569,0.09328046157445023,True,True,True,1.2259429168508474e-07,COMPLETE
1901,0.442348337173462,2025-04-14 09:45:48.611650,2025-04-14 09:46:06.909860,0 days 00:00:18.298210,0.9762973829908553,0.24949817979314134,16,0.024951027509750184,0.11002572199357613,0.07565840377011096,0.0953366356502132,0.09827527406417372,0.09356592772847522,0.008939898386204808,15,29,0.08661229142817145,0.1019032760186748,True,True,True,0.00048616463950735856,COMPLETE
1902,0.3692793846130371,2025-04-14 09:46:07.541461,2025-04-14 09:46:26.288028,0 days 00:00:18.746567,0.8910264348801449,0.22884406862984574,16,0.035708171298557544,0.12522900425883948,0.07191177412181378,0.09759574724293954,0.09286941448610651,0.08954318635169137,0.014597204327423135,15,40,0.08276958313327461,0.08435470830696788,True,True,True,0.00037378827098067524,COMPLETE
1903,0.4125438094139099,2025-04-14 09:46:26.894089,2025-04-14 09:47:31.833835,0 days 00:01:04.939746,0.9393726941151417,0.19940580798583643,2,0.014841820019838163,0.10035634286145093,0.07417697519329282,0.09795368521763038,0.0950650495064024,0.09590273223091908,0.006656254099697258,18,25,0.0915421165515404,0.11741117037027754,True,True,True,3.115514285134078e-08,COMPLETE
1904,0.21825774908065798,2025-04-14 09:47:32.464666,2025-04-14 09:47:53.954558,0 days 00:00:21.489892,0.9991014167427705,0.26766574959612854,16,0.005511407386425726,0.09129892000646216,0.06852708155856646,0.09544401712220868,0.0884449261323992,0.09167228034575722,0.011371542758343034,13,132,0.08755450861235269,0.10722647779563539,True,True,True,0.0002694543568132301,COMPLETE
1905,0.37721432447433473,2025-04-14 09:47:54.591791,2025-04-14 09:48:19.134232,0 days 00:00:24.542441,0.9657554259745282,0.15109705464463952,8,0.021097370958462865,0.13550219849278686,0.07096345321993765,0.09193556455562266,0.09185763884946548,0.09378092335959552,0.009208866795012196,16,32,0.09392736330287331,0.12333906893649202,True,True,True,0.00021721486421842853,COMPLETE
1906,0.3758132934570313,2025-04-14 09:48:19.748081,2025-04-14 09:48:39.005497,0 days 00:00:19.257416,0.9218488732710011,0.6938544242646054,16,0.029427725681737262,0.11730822310771977,0.05938398855440125,0.0981694878644881,0.09645727648136829,0.09811733666795577,0.007741379946432116,17,35,0.07731961675215679,0.09683490525993861,True,True,True,0.00013696418646040297,COMPLETE
1907,0.3696128606796265,2025-04-14 09:48:39.638403,2025-04-14 09:48:53.979317,0 days 00:00:14.340914,0.9812883613159709,0.8908704622402502,16,0.010175100718139467,0.10692785545561664,0.07778502496279482,0.09385961197852517,0.09826692590111374,0.08509306625756628,0.005884457136154537,5,28,0.08448753866402511,0.1136734786516606,True,True,True,0.0002990164727025801,COMPLETE
1908,0.42332321405410767,2025-04-14 09:48:54.590234,2025-04-14 09:49:12.986914,0 days 00:00:18.396680,0.9495297670851347,0.17775674439251482,16,0.017512897738496676,0.11170709003583487,0.07330623188951263,0.09998283982355625,0.08311606596337061,0.0999390034118997,0.0163329406747247,16,21,0.08033943644399931,0.08024508637402275,True,True,True,0.00041592415556970574,COMPLETE
1909,0.3308771252632141,2025-04-14 09:49:13.625124,2025-04-14 09:49:31.542396,0 days 00:00:17.917272,0.9325771890819679,0.08212823526893909,16,0.025931580059196456,0.120630339706547,0.03788021815740612,0.09641518160749195,0.09392019190104009,0.09634720893083602,0.012799630427525223,14,38,0.08950160976881959,0.10923230257442006,True,True,False,0.0005696349964136675,COMPLETE
1910,0.39078626632690433,2025-04-14 09:49:32.155599,2025-04-14 09:49:55.480742,0 days 00:00:23.325143,0.9071187125395929,0.21578751639076738,8,0.00487210548849127,0.09638871648413175,0.06998280300492121,0.09487794505771355,0.0910769981987551,0.08966913596477365,0.010064141213854372,15,31,0.08603384432723479,0.11998467521159317,False,True,True,0.00021090790412113506,COMPLETE
1911,0.43591256141662604,2025-04-14 09:49:56.115382,2025-04-14 09:50:14.498538,0 days 00:00:18.383156,0.981963386479468,0.24186549692969653,16,0.034347532111788745,0.1034992758360005,0.0649577532372155,0.09805041112715648,0.09992648780873467,0.09426358375330182,0.0047970764087725635,15,27,0.08264599615806888,0.0884102740109962,True,True,True,0.00033148281058463183,COMPLETE
1912,0.34301979541778566,2025-04-14 09:50:15.115906,2025-04-14 09:50:32.562625,0 days 00:00:17.446719,0.9603010730535988,0.1930170190804763,16,0.013088666846947107,0.12835667563038466,0.07616198307575003,0.09658358476474506,0.09559034940051186,0.09228222580228748,0.008423698083568134,13,34,0.05804965501862445,0.12505846992634975,True,True,True,0.000439093623885882,COMPLETE
1913,0.3559726715087891,2025-04-14 09:50:33.202319,2025-04-14 09:50:51.230424,0 days 00:00:18.028105,0.9450078533234434,0.22153583755577233,16,0.02188368191912079,0.11286355911285999,0.06740894562667894,0.09346282798173515,0.08997599137689077,0.09648298219224108,0.04791318925020231,14,30,0.08821273716920164,0.1024234228842836,True,True,True,0.0006120864586691386,COMPLETE
1914,0.31470203399658203,2025-04-14 09:50:51.847322,2025-04-14 09:51:10.896326,0 days 00:00:19.049004,0.9828422559403059,0.26604323114326417,16,0.010565355694861911,0.09159405235341274,0.04832827294358369,0.09810452864393066,0.08693595156583649,0.09496236171712034,0.006934102870644937,16,45,0.09171423519224843,0.02799776699604016,True,True,True,0.00016492370049705268,COMPLETE
1915,0.3887831687927247,2025-04-14 09:51:11.533881,2025-04-14 09:51:34.764283,0 days 00:00:23.230402,0.892938308929041,0.5520348284571157,8,0.01791416385797967,0.12190172429472151,0.07203333522949582,0.09547037268165996,0.09326048714737173,0.09075718863266269,0.010945794336939136,15,25,0.08399979571785071,0.11507043713110675,True,False,True,0.00026696792229691024,COMPLETE
1916,0.1994295299053192,2025-04-14 09:51:35.380020,2025-04-14 09:51:54.209004,0 days 00:00:18.828984,0.9999111931583753,0.17099301034090766,16,0.1658212433093478,0.10628320818648233,0.07386808422331888,0.09993182676135635,0.09781771249629943,0.09819389607822981,0.01356142392990549,14,56,0.08146482974087187,0.12718311242258593,True,True,True,0.0003791160429415769,COMPLETE
1917,0.3875861525535584,2025-04-14 09:51:54.846622,2025-04-14 09:52:13.770840,0 days 00:00:18.924218,0.9663805202680784,0.14178117776894503,16,0.028376622270357574,0.11426203193012244,0.06907476670762291,0.09013678254262446,0.09509953334810096,0.09995845507168215,0.009113564934058852,16,32,0.08593159095513617,0.09916683409337725,True,True,True,0.00045870650642263665,COMPLETE
1918,0.40911880731582645,2025-04-14 09:52:14.387832,2025-04-14 09:52:32.816981,0 days 00:00:18.429149,0.9995481314127648,0.23869099651856282,16,0.00019057574129639104,0.10032780592288632,0.0781160756629034,0.0964782871268121,0.09001449246060494,0.09301537329728377,0.005923010662685025,15,36,0.04486210295316886,0.11021857161427878,True,True,True,0.00019520248457335148,COMPLETE
1919,0.32826259136199953,2025-04-14 09:52:33.456550,2025-04-14 09:52:52.236705,0 days 00:00:18.780155,0.921625665402902,0.41233391102033845,16,0.039277208174679876,0.12545698711042047,0.07138825032334511,0.0920026144235546,0.09999156668770538,0.08752227882209265,0.007533456711815106,17,23,0.09282891726959343,0.09257792280497815,True,True,True,0.00029833446287209816,COMPLETE
1920,0.40441665649414066,2025-04-14 09:52:52.854829,2025-04-14 09:53:16.475486,0 days 00:00:23.620657,0.9504322356461331,0.20195560633790155,8,0.022961708371106095,0.11797274814663909,0.06327867777488352,0.09412687444221252,0.09680682800077793,0.09632357144693122,0.010718642160679068,15,29,0.0895813847527215,0.11828269864246685,True,True,True,0.0006753098091643759,COMPLETE
1921,0.39291040897369384,2025-04-14 09:53:17.120144,2025-04-14 09:53:36.148488,0 days 00:00:19.028344,0.9667174078636049,0.18586424959910813,16,0.010058067516741043,0.10797094050891531,0.07487653802686725,0.09827422877831725,0.09210057359552609,0.09466043638611461,0.008529540569238285,16,41,0.09792140584606779,0.29022958191320186,True,True,True,0.00011940238839254413,COMPLETE
1922,0.3448551416397095,2025-04-14 09:53:36.766657,2025-04-14 09:53:58.145038,0 days 00:00:21.378381,0.932858454441751,0.2136529332519261,16,0.015045704221613384,0.09595713445295195,0.06728568068829728,0.09995583126865115,0.09336072062225838,0.09153154513062606,0.012812193681691491,14,118,0.08685545810735248,0.1081960954980956,True,True,True,0.00023775062092233273,COMPLETE
1923,0.34192605018615724,2025-04-14 09:53:58.786522,2025-04-14 09:54:16.538562,0 days 00:00:17.752040,0.9812750508107941,0.2518981192872059,16,0.031699547333147324,0.1579094184608868,0.07168089797515541,0.09588447488145514,0.08769881374600368,0.0973712605461519,0.00690467542014819,14,27,0.07936197534691945,0.08259803139628762,True,True,True,0.000519845975286279,COMPLETE
1924,0.3629438042640686,2025-04-14 09:54:17.155608,2025-04-14 09:55:14.031398,0 days 00:00:56.875790,0.9040567515301395,0.16402684721376315,2,0.0053019944388859345,0.11094377596959837,0.07596541368303,0.09834852985633792,0.08480211850331612,0.08915823527901043,0.016498431658833385,15,34,0.0947220907617827,0.10408642996229721,True,True,True,0.000350086161725772,COMPLETE
1925,0.3405246853828431,2025-04-14 09:55:14.668944,2025-04-14 09:55:32.341016,0 days 00:00:17.672072,0.9546898670748445,0.2299982791568222,16,0.019816040483170056,0.13347314743454253,0.07006632556452154,0.09268246277761845,0.09654738081005751,0.0931813592393443,0.0049258381936855,13,31,0.08285846689868112,0.11479706409931292,True,True,True,0.00017959478644017052,COMPLETE
1926,0.1888286888599396,2025-04-14 09:55:32.985790,2025-04-14 09:55:50.334014,0 days 00:00:17.348224,0.9233401986718983,0.20290863413595805,16,0.025714565182168872,0.10153006731531462,0.07295760331677068,0.09668070579418692,0.09110469763539353,0.09814258024451741,0.009923760042774593,16,5,0.08485154405421645,0.12193585849442741,True,True,True,0.00027665358253084124,COMPLETE
1927,0.37389633655548093,2025-04-14 09:55:50.959473,2025-04-14 09:56:16.244480,0 days 00:00:25.285007,0.9698423820499441,0.26834391096402943,8,0.009738746784633292,0.11820467719188849,0.06839199398769084,0.09462988128149209,0.0979640211780069,0.09534553509478882,0.0005292929692138611,17,38,0.0881759175255424,0.09469528547648363,True,True,True,0.00039213735248792294,COMPLETE
1928,0.3098542094230652,2025-04-14 09:56:16.888001,2025-04-14 09:56:34.416807,0 days 00:00:17.528806,0.8844444843166028,0.23729255852995246,16,0.01701627356735374,0.08973775924882699,0.0614472187369574,0.0999678504408455,0.08075990210810258,0.0906198244039781,0.007494436678126944,15,29,0.07517907279650025,0.12936176093529206,False,True,False,0.000517416152066562,COMPLETE
1929,0.32649482488632203,2025-04-14 09:56:35.036566,2025-04-14 09:56:53.421426,0 days 00:00:18.384860,0.9997938477233462,0.18178875752218707,16,0.03592106681064444,0.12350547460326164,0.07888036371917527,0.08990440655154512,0.05479937334082289,0.09999832393522697,0.011715634445073354,16,25,0.09068917900784419,0.014471161253334957,True,True,True,0.00022479968092792532,COMPLETE
1930,0.3621971368789673,2025-04-14 09:56:54.063855,2025-04-14 09:57:15.325765,0 days 00:00:21.261910,0.9371518395574631,0.10909181377080313,16,0.005182484888579015,0.1066869332439648,0.06572759922524617,0.09692403015385934,0.09364910840647803,0.085199711966774,0.005970388747715595,15,106,0.09628282284107323,0.08832572666231749,True,True,True,0.0006723464094089966,COMPLETE
1931,0.39657882452011106,2025-04-14 09:57:15.944875,2025-04-14 09:57:33.841025,0 days 00:00:17.896150,0.9796252071178341,0.15416140243325924,16,0.024309907944159548,0.1110909327032811,0.07483867366083172,0.06248997307897246,0.08890103267019765,0.09628265689915708,0.00909906427648785,14,33,0.08165135149985783,0.11080390925425578,True,True,True,0.0003282903137978966,COMPLETE
1932,0.3941574335098267,2025-04-14 09:57:34.481550,2025-04-14 09:57:56.638799,0 days 00:00:22.157249,0.9485255634002556,0.21696206324262338,8,0.012857428830678601,0.12924495839687872,0.08310892218077745,0.09457488890293693,0.09457089936698919,0.09350641078545452,0.00779841775535556,13,36,0.0853841847520262,0.10035353816487368,True,True,True,0.00014791135984454796,COMPLETE
1933,0.2596998393535614,2025-04-14 09:57:57.284955,2025-04-14 09:58:16.471152,0 days 00:00:19.186197,0.5176265766115877,0.2544244307345583,16,0.0003841295365315364,0.1160517558585555,0.07014546929988386,0.09996807278844061,0.09534589637582971,0.0980427885776495,0.010961268236404318,14,68,0.08750872348468511,0.1163975489394121,True,True,True,0.0004515095233381308,COMPLETE
1934,0.3343310594558716,2025-04-14 09:58:17.095035,2025-04-14 09:58:34.843073,0 days 00:00:17.748038,0.9140489957825728,0.19413121566402003,16,0.030504005896195143,0.0977836533663625,0.07663810996720861,0.0921610551189097,0.09158610608985264,0.03128335825925535,0.00026893235438186467,15,18,0.0832212946400074,0.12234681769660288,True,False,True,0.0002637815168500106,COMPLETE
1935,0.36812757253646855,2025-04-14 09:58:35.485365,2025-04-14 09:58:54.354814,0 days 00:00:18.869449,0.9623454061030776,0.2198939154912547,16,0.1104223843096186,0.1021949493598083,0.07380258173555068,0.09799266969429664,0.09831585848547662,0.08716839857011038,0.014087868844770783,16,30,0.09179048684801502,0.10520619072394786,True,True,True,0.00019110534200591706,COMPLETE
1936,0.2859372138977051,2025-04-14 09:58:55.002810,2025-04-14 09:59:13.904444,0 days 00:00:18.901634,0.20609506729258886,0.1385812827070988,16,0.0189250485735602,0.12179963147122697,0.0711801500126624,0.09999972549275976,0.07642998795833916,0.07367976701327479,0.009478890311111201,17,23,0.07870024234655568,0.09600963132069862,True,True,True,0.00036563925229749823,COMPLETE
