number,value,datetime_start,datetime_complete,duration,params_alpha-eval,params_alpha-train,params_batch-size,params_eps-eval,params_eps-train,params_lambda-actions-eval,params_lambda-actions-train,params_lambda-frames-eval,params_lambda-frames-train,params_learning-rate,params_n-epochs,params_n-frames,params_radius-gw,params_rho,params_std-feats,params_ub-actions,params_ub-frames,params_weight-decay,state
626,0.4179657459259033,2025-04-14 02:41:48.867059,2025-04-14 02:42:12.857621,0 days 00:00:23.990562,0.9458516833295116,0.23120122226534096,8,0.019121512733974194,0.12620382568472943,0.06101060499051719,0.09810674082973847,0.09216241076625224,0.09407741853156769,0.009304331090665837,15,31,0.08764956715422896,0.12318832207842062,True,True,True,0.0002842804421803475,COMPLETE
627,0.3811252593994141,2025-04-14 02:42:13.053839,2025-04-14 02:42:36.193633,0 days 00:00:23.139794,0.9250875177376805,0.2425800361235891,8,0.012523454296401556,0.1411245722367278,0.06504539707129062,0.09598277119176925,0.09744770785624572,0.08912325462426088,0.011901788958436445,14,34,0.09058439716855915,0.13281296088093542,True,True,True,0.00010420625899129447,COMPLETE
628,0.22293235063552858,2025-04-14 02:42:36.400207,2025-04-14 02:42:54.886431,0 days 00:00:18.486224,0.948726043256771,0.21582718148582586,16,0.1433275302423938,0.12097213588713472,0.06392112021152675,0.09979401136930188,0.09311849001768684,0.09605133982429401,0.025436538722288588,16,31,0.08744563030626952,0.11757946655000787,True,True,True,0.00021580781980970392,COMPLETE
629,0.3072560906410218,2025-04-14 02:42:55.084795,2025-04-14 02:43:19.231257,0 days 00:00:24.146462,0.9508762704960525,0.18903871369652392,8,0.1103615621360954,0.11694361344690164,0.06237337970502991,0.09245408195317656,0.09208217585674651,0.09114256215534279,0.015885047572343908,16,34,0.09162355492897672,0.1263211303510755,True,True,True,0.000436531320668731,COMPLETE
630,0.3489932656288147,2025-04-14 02:43:19.438845,2025-04-14 02:43:44.563588,0 days 00:00:25.124743,0.9252914473119019,0.235092474211616,8,0.00602003166930962,0.11452488500148418,0.06836350503215508,0.09462667493500848,0.09474869360647797,0.09367811352589268,0.009717661568151768,17,38,0.0868247023047637,0.11192815411523395,True,True,True,0.0005896434802144128,COMPLETE
631,0.45561516284942627,2025-04-14 02:43:44.760730,2025-04-14 02:44:10.759886,0 days 00:00:25.999156,0.9626550150077239,0.2571826135338681,8,0.02570412505778858,0.12089085415387488,0.06272567321831796,0.09817262104445185,0.09075221767439656,0.095666404079969,0.006329841719765848,18,31,0.08852963718421271,0.13892725392510125,True,True,True,0.00017452042240315383,COMPLETE
632,0.3096398949623108,2025-04-14 02:44:10.969961,2025-04-14 02:44:39.613246,0 days 00:00:28.643285,0.9641852967705012,0.25996242084602084,8,0.025457748304950976,0.11826049220255232,0.05894144411115873,0.0999538533012269,0.09028929129011758,0.09614471141195988,0.006258741899547188,18,120,0.08635785085317409,0.13900490158670714,True,True,True,0.00012682656172328848,COMPLETE
633,0.3353137016296387,2025-04-14 02:44:39.811098,2025-04-14 02:45:05.785325,0 days 00:00:25.974227,0.6073511522235375,0.24783227208083156,8,0.026199878115457056,0.10879767065475057,0.06193985077577057,0.09661121873418241,0.09462510570464083,0.09617257661247426,0.006822352797518074,18,34,0.08770669578359376,0.14027498100083255,True,True,True,0.00034490565690946026,COMPLETE
634,0.3369463920593262,2025-04-14 02:45:05.996249,2025-04-14 02:45:31.792234,0 days 00:00:25.795985,0.9638365213400741,0.2681790218334934,8,0.013096351933129646,0.11286136245194334,0.06464111491934543,0.09834742971514829,0.09034724990567737,0.09056118605540897,0.018549181791300995,18,41,0.08914930360454526,0.025322523460893948,True,True,True,0.00026863477143346405,COMPLETE
635,0.1888286888599396,2025-04-14 02:45:31.990461,2025-04-14 02:45:48.748469,0 days 00:00:16.758008,0.9493990270101602,0.263983151518089,8,0.007183533396044522,0.12504962762438165,0.0623826848783195,0.02269983616912285,0.09121619947245538,0.09459648218182443,0.008185033317153497,6,37,0.0857644467486567,0.1344885219283918,False,True,False,0.0003740213544229474,COMPLETE
636,0.36381328105926514,2025-04-14 02:45:48.956995,2025-04-14 02:46:13.905051,0 days 00:00:24.948056,0.9733119860734031,0.24346029835753122,8,0.09107927066896343,0.1201986379419177,0.06031539246999785,0.09997755922432938,0.0968130531081361,0.09651663703359961,0.013112679202413387,17,31,0.08599592463818359,0.1319180809403166,True,True,True,0.00022651679903609893,COMPLETE
637,0.4484795689582825,2025-04-14 02:46:14.106511,2025-04-14 02:46:39.856477,0 days 00:00:25.749966,0.9499485327106155,0.27522299675004175,8,0.020178001385710055,0.10880273181986633,0.06330325181036106,0.09465197739346227,0.09280134504722967,0.09162203219140459,0.011984815200756317,18,34,0.08806592636821577,0.13939120455970705,True,True,True,0.00015518505821996033,COMPLETE
638,0.43295266628265383,2025-04-14 02:46:40.068091,2025-04-14 02:47:04.970568,0 days 00:00:24.902477,0.9675851478928071,0.2316587689291927,8,0.012985970490226383,0.1148420494911783,0.07013402436108562,0.09150050660275268,0.0903326100168239,0.08827764944123451,0.006067285015765663,17,30,0.08456344500860671,0.12906564635879894,True,True,True,0.0004717908580289084,COMPLETE
639,0.44158545732498167,2025-04-14 02:47:05.170597,2025-04-14 02:47:30.894845,0 days 00:00:25.724248,0.9743981190544148,0.25007907116420214,8,0.02619430435715098,0.12844807666107344,0.05599204711497294,0.09660248209895084,0.09368703051449871,0.03714057988667345,0.007467295087067258,18,39,0.08893008850489537,0.11946427571681355,True,True,True,8.92623545066044e-05,COMPLETE
640,0.3975712895393372,2025-04-14 02:47:31.105132,2025-04-14 02:47:56.464185,0 days 00:00:25.359053,0.9451337194086779,0.2768948411510468,8,0.005473563781833737,0.10491449872212137,0.058668811306034706,0.09303312016959114,0.09188898656884786,0.0945403079349452,0.016276385631984188,17,34,0.08618128087731307,0.12737932362209933,True,True,True,0.00030789380220550385,COMPLETE
641,0.43299578428268437,2025-04-14 02:47:56.664115,2025-04-14 02:48:20.826338,0 days 00:00:24.162223,0.9605407900727256,0.22395021366125512,8,0.016133889743522107,0.11152870529002007,0.06554823643091659,0.09822065000346027,0.08875348652468501,0.0981146331066546,0.019869002035979574,16,30,0.08354180297648106,0.13320876746891872,True,True,True,0.00020321620212490152,COMPLETE
642,0.27800569534301756,2025-04-14 02:48:21.044447,2025-04-14 02:48:45.989140,0 days 00:00:24.944693,0.21452802047564268,0.25653718833993816,8,0.010709028674044635,0.12016148134337537,0.07025204489985633,0.09594137727357076,0.0954865013665456,0.09250847544699214,0.031387464976850625,17,36,0.0844875140236153,0.11087584148417809,True,True,True,0.0006422169546166429,COMPLETE
643,0.378231692314148,2025-04-14 02:48:46.191734,2025-04-14 02:49:10.893650,0 days 00:00:24.701916,0.9771555362005724,0.2786744285536786,8,0.01990123521648962,0.10344861787909317,0.07280466807188875,0.09473867790651277,0.09087738759986498,0.09678484868562037,0.01052336813177279,16,43,0.086084674677562,0.12053049908143659,True,True,True,0.0002441162201541283,COMPLETE
644,0.41293213367462156,2025-04-14 02:49:11.107055,2025-04-14 02:49:36.759400,0 days 00:00:25.652345,0.9379463359760425,0.24337997500241323,8,0.004897507369826802,0.0901924200723292,0.06091834161035865,0.09798813153372106,0.06852155562066463,0.08931231812255626,0.008943212606773967,18,33,0.0829751998611812,0.13659075600054368,True,True,True,0.00012293164582921696,COMPLETE
645,0.3369916915893555,2025-04-14 02:49:36.960284,2025-04-14 02:50:02.076345,0 days 00:00:25.116061,0.9244095389862405,0.26210819906403937,8,0.013733743156075038,0.09882407806580859,0.06935299414614189,0.09087322159455363,0.09397043732073558,0.09461890751904369,0.013847632384359978,17,39,0.08782964371584535,0.12740450507368456,True,True,True,0.00041197003186683957,COMPLETE
646,0.428576934337616,2025-04-14 02:50:02.290388,2025-04-14 02:50:27.959981,0 days 00:00:25.669593,0.9563226822852552,0.21624290133242913,8,0.0265352126386303,0.08677549507423621,0.07339561079532979,0.09692033881307949,0.08868684269785854,0.09185907182927325,0.006686194971387351,18,36,0.0828410276895163,0.11471798448926074,True,True,True,0.0001737203458806119,COMPLETE
647,0.3469401359558106,2025-04-14 02:50:28.174352,2025-04-14 02:50:46.791070,0 days 00:00:18.616718,0.6363186627216812,0.23884357202188145,16,0.02090037771835392,0.10778258402336532,0.06364457672703655,0.09345105228047511,0.09735979285751192,0.09760681930674867,0.011485192567045463,16,30,0.0857739619152676,0.12320311764363365,True,True,True,0.00030146072800359646,COMPLETE
648,0.4619306445121766,2025-04-14 02:50:46.994127,2025-04-14 02:51:12.178049,0 days 00:00:25.183922,0.9785481499205819,0.2836927687405169,8,0.010724728743133561,0.09354816725241277,0.0659961028039384,0.09815233882553312,0.09165072571546977,0.093890008636077,0.008477781478669073,17,33,0.08932994556764078,0.1304419189734039,True,True,True,0.000545878790246587,COMPLETE
649,0.32902843952178956,2025-04-14 02:51:12.394009,2025-04-14 02:51:39.201585,0 days 00:00:26.807576,0.9727160244583734,0.2776417681358875,8,0.005624253870653897,0.0949054890072124,0.06688515980618058,0.09982929808196843,0.09114792367766454,0.08978315879506579,0.008533835629812666,17,97,0.09396426308901568,0.13883549110456464,True,True,True,0.0008875434093875092,COMPLETE
650,0.3545217752456665,2025-04-14 02:51:39.405983,2025-04-14 02:52:03.775845,0 days 00:00:24.369862,0.9812566767127299,0.28575075089311264,8,0.016820700329254163,0.08678443207279207,0.0652836167987544,0.0979773191331738,0.0895310288293727,0.09328886895510774,0.006982741567080274,16,38,0.09151365964290523,0.1342785985581745,True,True,True,0.0006129387015797384,COMPLETE
651,0.4323868155479431,2025-04-14 02:52:03.993446,2025-04-14 02:52:28.944062,0 days 00:00:24.950616,0.9798290850549177,0.27653768490777375,8,0.009208508277918264,0.09658875572860239,0.06363860010430053,0.0949160727367477,0.08721521613421378,0.08779464456852472,0.009159834169799016,17,33,0.08992994858316536,0.12970629053318353,True,True,True,0.0005347956531128134,COMPLETE
652,0.4115417718887329,2025-04-14 02:52:29.147876,2025-04-14 02:52:54.512681,0 days 00:00:25.364805,0.9654624162130486,0.22765713739885948,8,0.02353746246856014,0.09178660757413941,0.06847529869570018,0.09988611135786206,0.09185516458256121,0.09150605650592479,0.007860109451689384,16,65,0.08880808570928202,0.1395962545949877,True,True,True,0.0004759319272538891,COMPLETE
653,0.2842743158340454,2025-04-14 02:52:54.729205,2025-04-14 02:53:18.124223,0 days 00:00:23.395018,0.9820824840191233,0.2623153750807874,8,0.003966906928308692,0.10227657210360597,0.0660811755307597,0.09831271396028458,0.08952115456083863,0.08326346497430694,0.010829445001691957,15,36,0.0922414910468739,0.12637106843330445,True,True,False,0.0007479774988005787,COMPLETE
654,0.2943734705448151,2025-04-14 02:53:18.330013,2025-04-14 02:53:43.091213,0 days 00:00:24.761200,0.7172180095460174,0.2817173650965842,8,0.01671835924705835,0.0865606297273955,0.07069476304672,0.09625425613834283,0.09293281817433445,0.0938923957813059,0.005793340259450047,17,48,0.08914513033267077,0.13270463870293528,False,True,True,0.00013764308895471375,COMPLETE
655,0.2629762291908264,2025-04-14 02:53:43.311045,2025-04-14 02:54:07.706004,0 days 00:00:24.394959,0.48055133468999683,0.21036269495410517,8,0.011624515083310675,0.09532090869454765,0.061899229364892526,0.09996532149034347,0.09042895208442815,0.09020213169630341,0.009007846379053155,16,41,0.08774923293643565,0.12509893456286447,True,True,True,0.00018529355501934337,COMPLETE
656,0.4498415231704712,2025-04-14 02:54:07.910704,2025-04-14 02:54:32.688696,0 days 00:00:24.777992,0.9415839981650586,0.24257142794467806,8,0.02077882618065603,0.10231512546175299,0.06852645435222082,0.09265625630459488,0.08715200576914571,0.09529608199359414,0.007025750346218195,17,30,0.09166856757420916,0.10997038335393583,True,True,True,0.0002542169442414031,COMPLETE
657,0.43664398193359377,2025-04-14 02:54:32.907795,2025-04-14 02:54:57.288519,0 days 00:00:24.380724,0.9815317156420289,0.26072622040454574,8,0.027296569462184145,0.09470765057493542,0.0716272369474787,0.09790730731794904,0.09241069784452223,0.08653069937511568,0.013369068980771052,16,34,0.08629061622735898,0.13193665482347297,True,True,True,0.0004080323214634855,COMPLETE
658,0.4438489794731141,2025-04-14 02:54:57.494035,2025-04-14 02:55:16.860876,0 days 00:00:19.366841,0.9511384464949898,0.22470286298666833,8,0.0007392184159905231,0.10624966830608666,0.0661865992152393,0.0951494344138022,0.09406410222628571,0.09227948419840296,0.01043876471473043,9,30,0.08445743253763818,0.1175155599284714,True,True,True,0.0005420986578182317,COMPLETE
659,0.4309632062911988,2025-04-14 02:55:17.079244,2025-04-14 02:55:40.752922,0 days 00:00:23.673678,0.9248332393203171,0.28991007442613903,8,0.009572839272517397,0.08728286878143306,0.06918383803309072,0.09687292659230018,0.08878695455191676,0.09496917065780135,0.005969618187774656,15,36,0.09673359375870458,0.14103618258695558,True,True,True,0.00011346252076153999,COMPLETE
660,0.285688328742981,2025-04-14 02:55:40.960612,2025-04-14 02:56:07.730698,0 days 00:00:26.770086,0.5418825809721501,0.2429209883815181,8,0.01574137779319152,0.10051192133959853,0.0716453702858023,0.09436111891331196,0.0913551735313235,0.09131822195336385,0.00790594395417053,17,83,0.08976263595194557,0.1258736584195313,True,True,True,0.00015534213765761138,COMPLETE
661,0.46106008291244505,2025-04-14 02:56:07.946905,2025-04-14 02:56:30.801461,0 days 00:00:22.854556,0.9597689658563265,0.18911494325022754,8,0.0001722763193726419,0.1115820034202146,0.07376496017559057,0.0982294103603031,0.09496630664364472,0.09323895270083757,0.01154458982206706,14,34,0.0869422478022124,0.06564807604761384,True,True,True,0.00021703736237192224,COMPLETE
662,0.37957531213760376,2025-04-14 02:56:31.005514,2025-04-14 02:56:54.858807,0 days 00:00:23.853293,0.9428134074415435,0.9170753768973412,8,0.0001806957675471177,0.11148927059056399,0.0732806689804256,0.09050099109595931,0.09486711485405784,0.0936958391502488,0.012233243678286428,15,40,0.08808460543848072,0.13558091638919093,True,True,True,0.00021302671531932824,COMPLETE
663,0.2695595145225525,2025-04-14 02:56:55.078698,2025-04-14 02:57:18.066626,0 days 00:00:22.987928,0.980011705824816,0.19361011055287566,8,0.00015583857334735066,0.12291537083651843,0.07043048625880625,0.09252943223284725,0.09401359845536783,0.0958560507697681,0.01506823307981561,14,44,0.08674136980345579,0.005046867319258949,True,True,True,0.00017553704378718384,COMPLETE
664,0.1888286888599396,2025-04-14 02:57:18.277263,2025-04-14 02:57:40.239098,0 days 00:00:21.961835,0.9271669076752884,0.1796786489085516,8,0.005793264627205479,0.1142428464982265,0.07379398137048085,0.09672326386133316,0.09617917227490455,0.09297764664294604,0.011280476115226168,13,38,0.001630451897424709,0.1397957476284977,True,True,True,0.00023856244328336325,COMPLETE
665,0.37811164855957036,2025-04-14 02:57:40.456783,2025-04-14 02:58:01.106542,0 days 00:00:20.649759,0.9595729229807638,0.17979191389222568,8,0.005974273984702299,0.10807517750138189,0.06773206728791045,0.09474881388986015,0.09293282011154289,0.09562483639312755,0.013567227584538055,11,34,0.09089805453431,0.06149508442817164,True,True,True,0.0001383360294966649,COMPLETE
666,0.19528524279594422,2025-04-14 02:58:01.329100,2025-04-14 02:58:24.323515,0 days 00:00:22.994415,0.9431060010262147,0.2058903487209392,8,0.18851679032359536,0.11997426821485797,0.05742378333151613,0.0981568577864987,0.08914527149752077,0.0934646293102041,0.009496586608015235,14,36,0.08751880529312663,0.040624697930390766,True,True,True,0.00019780925961347418,COMPLETE
667,0.36681240797042847,2025-04-14 02:58:24.533121,2025-04-14 02:58:42.437909,0 days 00:00:17.904788,0.9824103086058611,0.1718986794849056,16,0.005732681331434355,0.16310030392817737,0.07227516842689352,0.09994608758348628,0.09518539090546015,0.09729856843318206,0.011177754386195695,14,30,0.09505079983585094,0.13343105050818974,True,True,True,0.0007253537728520192,COMPLETE
668,0.35404430627822875,2025-04-14 02:58:42.657180,2025-04-14 02:59:06.219246,0 days 00:00:23.562066,0.921327406379724,0.21977706236979525,8,0.010277394723677934,0.10516729499601817,0.06444097738113062,0.09622090621498983,0.097369498166791,0.08885649542399587,0.015378003333891346,15,33,0.08489920778810423,0.014331814205670174,True,True,True,9.442436102536783e-05,COMPLETE
669,0.3528843283653259,2025-04-14 02:59:06.431727,2025-04-14 02:59:29.472651,0 days 00:00:23.040924,0.9614474091743117,0.189138806952227,8,0.005329138003945086,0.1283378439337503,0.06975421421881443,0.09794658129332029,0.09236319344615312,0.04275973077718074,0.008693109198832667,14,40,0.08964231710194782,0.06461689729776227,True,True,True,0.0002739598661037107,COMPLETE
670,0.3507779717445374,2025-04-14 02:59:29.697436,2025-04-14 02:59:53.461730,0 days 00:00:23.764294,0.9612769941701131,0.20982623358989838,8,0.011266483166020025,0.11294584853147065,0.07457578148461025,0.09361160821071811,0.08752233837771149,0.0948274689727585,0.01276986628281378,15,37,0.08737724416460807,0.04251814231765383,True,True,True,0.0003613619679699652,COMPLETE
671,0.46328023672103885,2025-04-14 02:59:53.669838,2025-04-14 03:00:14.390399,0 days 00:00:20.720561,0.9434293350685099,0.22581393039750938,8,0.019762006958025564,0.09808876749549864,0.0718614016816047,0.08938739821121186,0.09042676598890763,0.09121195275117876,0.010442006142917666,11,33,0.08561345164276533,0.12903385106564336,True,True,True,0.00022884196824454905,COMPLETE
672,0.4163268685340882,2025-04-14 03:00:14.614800,2025-04-14 03:00:35.029747,0 days 00:00:20.414947,0.9256834695957581,0.16519942187669873,8,0.025996755329427967,0.09671816541018005,0.07072533863611595,0.08949834015137156,0.0860781249111551,0.09098686259793694,0.010542263150801529,11,30,0.09220061229741723,0.13087906512780537,True,True,False,0.0002494697902601495,COMPLETE
673,0.3789359569549561,2025-04-14 03:00:35.239499,2025-04-14 03:00:55.895898,0 days 00:00:20.656399,0.9385378053830951,0.19871456503082868,8,0.021539345002412648,0.09711325581141493,0.06638694522655307,0.09593613581668044,0.09004855320482395,0.08878895681161349,0.02126479136395271,11,33,0.08945426816631379,0.13821893468924745,True,True,True,0.0003109905502140156,COMPLETE
674,0.1888286888599396,2025-04-14 03:00:56.116906,2025-04-14 03:01:15.803077,0 days 00:00:19.686171,0.920799024404103,0.22718484571815362,8,0.00019993988000791343,0.10224139382932056,0.06175119961366805,0.09826905275516867,0.08786670510457598,0.0918323398596292,0.01365529144943315,10,31,0.032241015194475565,0.06721914066469695,True,True,True,0.0004242662239653593,COMPLETE
675,0.19396655559539797,2025-04-14 03:01:16.013116,2025-04-14 03:01:35.833969,0 days 00:00:19.820853,0.9847698360735412,0.2113271444998549,8,0.219220343975138,0.09326625282517532,0.06835829427593282,0.09192220480040218,0.08996224334853294,0.09635557214231293,0.011491966959555107,10,30,0.08683026605601733,0.04611908740397471,False,True,True,0.0002238530705765692,COMPLETE
676,0.455382251739502,2025-04-14 03:01:36.056544,2025-04-14 03:01:57.642655,0 days 00:00:21.586111,0.9437311059014836,0.22808624149792145,8,0.011094103703880347,0.08582216296820458,0.07571657731690237,0.09489711605750636,0.09105167898996422,0.0944917588686826,0.016295931498392556,12,34,0.08526123472030991,0.12911879015996777,True,True,True,0.0001763242360669518,COMPLETE
677,0.34804654121398926,2025-04-14 03:01:57.853150,2025-04-14 03:02:19.236684,0 days 00:00:21.383534,0.9130995523534339,0.22201614873120915,8,0.020993655948289502,0.08434767601047331,0.07126706208718248,0.09683749553113684,0.08539223050707084,0.08640088220501008,0.01778402229660348,12,38,0.08588991291500826,0.02374245931052013,True,True,True,0.00019297027994737934,COMPLETE
678,0.3480711579322815,2025-04-14 03:02:19.458179,2025-04-14 03:02:39.573351,0 days 00:00:20.115172,0.9408192456165786,0.18849740014242844,8,0.09681567717625547,0.08592744636600103,0.06389142007734819,0.09819333877875515,0.09057978041417268,0.0978190732342359,0.015196634782297826,10,35,0.08918796395964684,0.14100392773070056,True,True,True,0.0002789962874732396,COMPLETE
679,0.34013971090316775,2025-04-14 03:02:39.799018,2025-04-14 03:03:00.785209,0 days 00:00:20.986191,0.9171808680286865,0.6175305261497145,8,0.027347460379697455,0.13640290341738737,0.07400608132885975,0.0999514887804667,0.08835632891013584,0.08999987124412014,0.017911356015829077,11,41,0.08573953369018826,0.13001400276186625,True,True,True,0.00036391347572658914,COMPLETE
680,0.3529641032218933,2025-04-14 03:03:00.996135,2025-04-14 03:03:22.611454,0 days 00:00:21.615319,0.9410427214005914,0.23160052895369676,8,0.015203026450798122,0.10249620796292636,0.06978853512194995,0.09463379177996731,0.091060857104556,0.09261692533556153,0.01456260005697909,12,33,0.08820517192083163,0.049377463039685925,True,True,True,0.0005374059826293514,COMPLETE
681,0.3272794961929322,2025-04-14 03:03:22.838990,2025-04-14 03:03:43.757474,0 days 00:00:20.918484,0.09153695242298243,0.198463938523944,8,0.01261205332912982,0.09069580575568521,0.06691447636952746,0.09598597393989433,0.094350133776236,0.09502193376057971,0.012505191931335473,11,30,0.084055515745712,0.1350558195956376,True,True,True,0.00022208874389113037,COMPLETE
682,0.4111755013465882,2025-04-14 03:03:43.969436,2025-04-14 03:04:06.328453,0 days 00:00:22.359017,0.9412794085568653,0.2131770567676861,8,0.018037006782424966,0.10745665899205974,0.03934717787465488,0.09751126002793352,0.08866859357936505,0.09808666895055776,0.010207925679426945,13,37,0.09104813968777797,0.1280963478468083,True,True,True,0.00029162469309133333,COMPLETE
