number,value,datetime_start,datetime_complete,duration,params_alpha-eval,params_alpha-train,params_batch-size,params_eps-eval,params_eps-train,params_lambda-actions-eval,params_lambda-actions-train,params_lambda-frames-eval,params_lambda-frames-train,params_learning-rate,params_n-epochs,params_n-frames,params_radius-gw,params_rho,params_std-feats,params_ub-actions,params_ub-frames,params_weight-decay,state
1481,0.28996841907501225,2025-04-16 04:45:56.961757,2025-04-16 04:46:24.952677,0 days 00:00:27.990920,0.5614265349542351,0.3444162314305779,8,0.0698586564222425,0.15895691786217198,0.08428224458793142,0.034868067471400546,0.09632505299292944,0.09279795710372628,0.003638256014632324,17,18,0.04048970678980908,0.27181670244644385,True,False,False,9.835073403607971e-05,COMPLETE
1482,0.38967633247375494,2025-04-16 04:46:25.427899,2025-04-16 04:46:49.882154,0 days 00:00:24.454255,0.5425508808860162,0.27999216731348875,8,0.08114766661128751,0.16625925790546034,0.08111851565110094,0.03931496863306871,0.09815435914605906,0.09515063795306791,0.0043485369415470045,16,27,0.04337164266118298,0.2534774837669718,True,True,True,0.00011974523570455566,COMPLETE
1483,0.25267952084541323,2025-04-16 04:46:50.358383,2025-04-16 04:47:15.840848,0 days 00:00:25.482465,0.617500021706686,0.3543261718167164,8,0.09157732723544468,0.15350717127828026,0.08550812347430224,0.037559718482097396,0.09817677123376108,0.09684816152580183,0.0062618426046605405,18,21,0.04203411432483731,0.24234640386139977,True,False,True,0.00012794341169750635,COMPLETE
1484,0.41913948059082035,2025-04-16 04:47:16.313774,2025-04-16 04:47:40.942009,0 days 00:00:24.628235,0.5860493024360502,0.3228463704454389,8,0.07258177379245845,0.14297658867001725,0.08286415311951811,0.033397097982393174,0.09606430448216038,0.09404629004045127,0.005105627121581429,17,23,0.045868523078742895,0.23484123990512965,True,False,True,6.60029600814633e-05,COMPLETE
1485,0.40465672016143805,2025-04-16 04:47:41.434091,2025-04-16 04:48:05.525136,0 days 00:00:24.091045,0.5974734202664942,0.3024015172404963,8,0.07191583954111651,0.12806634864025146,0.08632103276245612,0.03354827257684746,0.09604525186252155,0.09155680696936858,0.0037187456056932975,16,26,0.04591122428867312,0.2335384105928467,True,False,True,6.193540709812574e-05,COMPLETE
1486,0.30076059103012087,2025-04-16 04:48:06.009808,2025-04-16 04:48:30.551890,0 days 00:00:24.542082,0.5902463047434899,0.2789662468221166,8,0.08641361124292736,0.13982662325813802,0.08327036872956375,0.03585185374369983,0.09602685179458423,0.09326284731889559,0.004682750022193189,17,20,0.04649998709909507,0.22720534381284846,True,False,True,5.530260056462999e-05,COMPLETE
1487,0.2754022061824799,2025-04-16 04:48:31.028989,2025-04-16 04:48:55.660685,0 days 00:00:24.631696,0.6295370801187229,0.31645379514994715,8,0.07820826194970909,0.14443643646099874,0.08982403075421534,0.03556321800519633,0.0960047806553614,0.09053766546844715,0.0036908480537303236,17,13,0.04453506872714821,0.2406161227473787,True,False,True,7.338899106177407e-05,COMPLETE
1488,0.2877358317375183,2025-04-16 04:48:56.132614,2025-04-16 04:49:20.403672,0 days 00:00:24.271058,0.5846419010468342,0.3247485144892718,8,0.06670425390462376,0.147962123064318,0.08492624643637571,0.033121472330732905,0.09579021958939482,0.09485913553200899,0.005076726661127989,17,17,0.04625192934718745,0.23506842436705774,True,False,True,7.601998096145904e-05,COMPLETE
1489,0.40003906488418584,2025-04-16 04:49:20.899699,2025-04-16 04:49:44.906933,0 days 00:00:24.007234,0.5745282600702165,0.298251023131733,8,0.07105951698744022,0.15509381412192266,0.08265757216718903,0.04022624503475393,0.09608414718653206,0.09168820196586655,0.004294012512959443,16,23,0.04491095273640285,0.24580075456184178,True,False,True,8.983532926612897e-05,COMPLETE
1490,0.39797271490097047,2025-04-16 04:49:45.384586,2025-04-16 04:50:10.179137,0 days 00:00:24.794551,0.6092063510303758,0.27157201478737353,8,0.08420949490704048,0.14198171476372864,0.08821263490692731,0.03221006677845274,0.09602275422892455,0.08817973858607844,0.00513444386679218,17,27,0.04200058647720868,0.22563675578651005,True,False,True,6.089525362007021e-05,COMPLETE
1491,0.4226933240890503,2025-04-16 04:50:10.658700,2025-04-16 04:50:35.342062,0 days 00:00:24.683362,0.5734044473035025,0.32442849876725594,8,0.06473457219917518,0.13759295563396526,0.08658342835998052,0.03698674210788589,0.09657767563477852,0.09413335838816225,0.0037506213524517557,17,24,0.04697801782285523,0.2513624242115393,True,False,True,9.52746292920912e-05,COMPLETE
1492,0.3728628516197205,2025-04-16 04:50:35.820823,2025-04-16 04:50:59.818114,0 days 00:00:23.997291,0.605740097109721,0.31002976627442214,8,0.06545450822439249,0.13509254437434945,0.08917921671101922,0.03724422927214174,0.09641914260096829,0.09294667378331575,0.0033574655300085865,16,27,0.04687745855004827,0.24995232990669367,True,False,True,7.214038848444464e-05,COMPLETE
1493,0.35747610330581664,2025-04-16 04:51:00.315060,2025-04-16 04:51:25.144789,0 days 00:00:24.829729,0.5705610043466275,0.2933420246397745,8,0.0756931554497888,0.13101897022493195,0.08669647885854583,0.03870902063804219,0.09580446051365693,0.08940213261622362,0.0034336975107792564,17,24,0.044076253644363406,0.2592078277585295,True,False,True,5.544969445668306e-05,COMPLETE
1494,0.41000053882598875,2025-04-16 04:51:25.623971,2025-04-16 04:51:49.684738,0 days 00:00:24.060767,0.5935645173529384,0.32264338106455687,8,0.0652287483164681,0.1352269999532424,0.09161918010084952,0.03597318933953362,0.09811251097719709,0.09391591157291242,0.003918537005928947,16,27,0.04731558243698842,0.25444798336815994,True,False,True,7.599066857625847e-05,COMPLETE
1495,0.37161084413528445,2025-04-16 04:51:50.165337,2025-04-16 04:52:14.468772,0 days 00:00:24.303435,0.6510944357100166,0.3010906785172742,8,0.06377708965254104,0.14621746348983758,0.08783717598285522,0.03468840471327277,0.0962043947444908,0.09160514208716591,0.0034584470543109276,17,24,0.045073743948235226,0.2650013448383496,False,False,True,9.448681917087571e-05,COMPLETE
1496,0.3976483464241028,2025-04-16 04:52:14.968478,2025-04-16 04:52:39.892383,0 days 00:00:24.923905,0.5808140961058702,0.2725192000836202,8,0.07811056384056303,0.1413030210242187,0.09055400938935629,0.04059612059822426,0.09579884347146096,0.08668603070347349,0.004183457654014182,17,27,0.040037334504656824,0.24733968253543936,True,False,True,9.207324231167766e-05,COMPLETE
1497,0.28528431653976444,2025-04-16 04:52:40.385850,2025-04-16 04:53:04.227332,0 days 00:00:23.841482,0.6076623509454075,0.32775601484201206,8,0.07316567608517441,0.15078523641376565,0.08541931940237567,0.04232330792914332,0.0980380744136674,0.09428807566881055,0.00414883670209415,16,22,0.04271333664540148,0.23944160858998056,True,False,True,8.212330881545391e-05,COMPLETE
1498,0.3662806034088135,2025-04-16 04:53:04.708053,2025-04-16 04:53:29.311815,0 days 00:00:24.603762,0.564043517236149,0.3128609384044892,8,0.07014906843560174,0.12190703790027961,0.08654551664692377,0.0382268753322263,0.0980283478040655,0.0927960737546781,0.0035319797298336646,17,25,0.04625003239798778,0.2584248509268249,True,False,True,6.368572059570059e-05,COMPLETE
1499,0.421972930431366,2025-04-16 04:53:29.791612,2025-04-16 04:53:53.861775,0 days 00:00:24.070163,0.5782730844114858,0.2954914824147978,8,0.06414484525450842,0.15767498231396054,0.08438451061646282,0.036223210166627204,0.09609412477423432,0.08980288676885578,0.004743812488898594,16,23,0.04716891807249308,0.23616961610188908,True,False,True,0.00010188488679710217,COMPLETE
1500,0.3198402762413025,2025-04-16 04:53:54.362865,2025-04-16 04:54:18.411127,0 days 00:00:24.048262,0.5531870420436005,0.270249951822895,8,0.06329710898209358,0.160546698639237,0.0887337491968345,0.03695710893377402,0.09823198441817378,0.08981818523736465,0.004301799451044396,16,20,0.047376279923934575,0.2511223040293519,True,False,True,0.00011039821859654284,COMPLETE
1501,0.31021951436996464,2025-04-16 04:54:18.894666,2025-04-16 04:54:46.346157,0 days 00:00:27.451491,0.5647069282212943,0.2867296166226917,8,0.06437101894450631,0.1582421556954419,0.08499751468603764,0.03967249562785988,0.09583421165087617,0.08819841682161535,0.0036509693710250696,16,27,0.04718337856049033,0.26922912753871514,True,False,False,9.997164106409464e-05,COMPLETE
1502,0.41940970420837403,2025-04-16 04:54:46.828348,2025-04-16 04:55:11.440937,0 days 00:00:24.612589,0.551908432027574,0.2877208301665076,8,0.06316415927869365,0.16968660100010208,0.08613395691294078,0.0458857722509389,0.09829657025962399,0.09057582715734898,0.004649103510552294,17,24,0.04384590661324534,0.2441445969869031,True,False,True,9.506960084425534e-05,COMPLETE
1503,0.1888286888599396,2025-04-16 04:55:11.919121,2025-04-16 04:55:36.299197,0 days 00:00:24.380076,0.6233391332185785,0.2690002981828839,8,0.06341320357050029,0.16778270391081437,0.09208607710006199,0.0426339016892762,0.09870110411768904,0.08439232496045891,0.0033751270490153815,16,24,0.038520825484739216,0.24437089448748442,True,True,True,8.724958027658159e-05,COMPLETE
1504,0.3100316524505615,2025-04-16 04:55:36.798366,2025-04-16 04:56:01.319170,0 days 00:00:24.520804,0.5506780233730095,0.289642896051696,8,0.0631790629935077,0.16790328170367275,0.08788869209616974,0.04631328988962481,0.09847902431235091,0.0904816982702512,0.004417800602191103,17,22,0.043756951952909726,0.24010445961111762,True,False,True,9.804917212431668e-05,COMPLETE
1505,0.28146641254425053,2025-04-16 04:56:01.804796,2025-04-16 04:56:25.468019,0 days 00:00:23.663223,0.5755852122375387,0.2725700500656386,8,0.07061168099722533,0.17490348913742193,0.08975094274817741,0.04533212982017103,0.09984198614850205,0.08522057455982197,0.004789944303005097,16,18,0.04180430560622381,0.23145196578104787,True,False,True,7.683088398611854e-05,COMPLETE
1506,0.39689478874206546,2025-04-16 04:56:25.951668,2025-04-16 04:56:49.975895,0 days 00:00:24.024227,0.5517380717996319,0.283565817151204,8,0.06309612660237605,0.15890209780159317,0.08593971964876139,0.04461606607210348,0.09826106499767169,0.08724833291830526,0.004086889456382536,16,25,0.04274247899743098,0.25177728151811096,True,False,True,0.00010344561866044566,COMPLETE
1507,0.3947757959365845,2025-04-16 04:56:50.476961,2025-04-16 04:57:14.609772,0 days 00:00:24.132811,0.5846318870450196,0.2970313348655045,8,0.06738461880660473,0.16291876805997402,0.08735248904012068,0.043317356028555895,0.09596940574715604,0.08952724275725557,0.005196811255438172,16,27,0.04494095902859814,0.24582983637474637,True,False,True,7.971755600822625e-05,COMPLETE
1508,0.27114182710647583,2025-04-16 04:57:15.094555,2025-04-16 04:57:38.909442,0 days 00:00:23.814887,0.5405790802551497,0.3007575564669688,8,0.07960399585196189,0.17037345628777883,0.08506164387891434,0.04016643264117553,0.09820656645926551,0.09135157507606195,0.0036789103968761353,16,20,0.04051918741304359,0.2577950989746624,True,False,True,0.0001075685465545691,COMPLETE
1509,0.4053846836090088,2025-04-16 04:57:39.396094,2025-04-16 04:58:03.835419,0 days 00:00:24.439325,0.5737752928677468,0.26710130951318617,8,0.07083417746575774,0.1525192213026132,0.08424457919498632,0.047441693983936814,0.09996670189549386,0.0892388404879205,0.004597975480020884,17,23,0.04565959477531805,0.23922916312282105,True,False,True,5.267993262037556e-05,COMPLETE
1510,0.28473098278045655,2025-04-16 04:58:04.315197,2025-04-16 04:58:29.120208,0 days 00:00:24.805011,0.5603955072148161,0.2882199426667908,8,0.06207205052611477,0.16186573540043342,0.0906899513542528,0.041434608030130646,0.09989488572187145,0.0925281278964204,0.0032971689262908757,17,16,0.04389542606562573,0.23049734871358127,True,False,True,0.0001208391473251004,COMPLETE
1511,0.4243258118629456,2025-04-16 04:58:29.620774,2025-04-16 04:58:54.311855,0 days 00:00:24.691081,0.5398303621873438,0.30657908480270235,8,0.07525690400255815,0.15235707238950316,0.08710649191199488,0.04464633483175533,0.09625790218453267,0.09158676578698553,0.005171171423432268,17,27,0.046982079308319644,0.26396423702307503,True,False,True,7.473065690531504e-05,COMPLETE
1512,0.41411327123641967,2025-04-16 04:58:54.795666,2025-04-16 04:59:19.093789,0 days 00:00:24.298123,0.5459954132818328,0.2768641800711671,8,0.08488290046148197,0.15319163423852133,0.08915687297365203,0.04412203582036477,0.09792963491945707,0.09059181721630986,0.004286089554631104,16,27,0.0472684652857574,0.2642591794270216,True,False,True,6.43810636723903e-05,COMPLETE
1513,0.40218027830123904,2025-04-16 04:59:19.575788,2025-04-16 04:59:43.623635,0 days 00:00:24.047847,0.5694404841618276,0.3067241537816848,8,0.07639793182328934,0.149948886563102,0.0872399398803318,0.04740384988592915,0.09606241576674518,0.08693679072207863,0.0034576543830444413,16,25,0.044365609001546444,0.2705869388616597,True,False,True,6.816782640505211e-05,COMPLETE
1514,0.3158319473266602,2025-04-16 04:59:44.133789,2025-04-16 05:00:08.855246,0 days 00:00:24.721457,0.5966771768040567,0.27073923434535596,8,0.07332459305047306,0.15724538211660202,0.0921830885101811,0.044476162346847335,0.09810455867866515,0.09137023263322827,0.005075452739394541,17,21,0.04698037390817043,0.2621289520645351,False,False,True,7.854217035609873e-05,COMPLETE
1515,0.3113391399383545,2025-04-16 05:00:09.344099,2025-04-16 05:00:33.283140,0 days 00:00:23.939041,0.5379405631411602,0.29506629788583966,8,0.09193072305642498,0.16461876015664348,0.08763353407290267,0.04580520837101661,0.09633988819763899,0.0895393924144614,0.004076695834626263,16,24,0.04221577965196367,0.25257473669917674,True,False,True,6.0061941570765014e-05,COMPLETE
1516,0.4238818168640137,2025-04-16 05:00:33.773566,2025-04-16 05:00:58.324936,0 days 00:00:24.551370,0.5564765526226675,0.3042532798709729,8,0.07787368833571792,0.15042760136769764,0.08626396354801263,0.04241306475512634,0.09991788833429847,0.08835810652118788,0.005286858892732503,17,27,0.04702436181787469,0.282139661242746,True,False,True,9.028237555407502e-05,COMPLETE
1517,0.4094212055206299,2025-04-16 05:00:58.831328,2025-04-16 05:01:22.810801,0 days 00:00:23.979473,0.5641501973756201,0.3052931533447368,8,0.08263583481837737,0.14877284573007118,0.08952104634286549,0.04290802496809961,0.0982260539930015,0.0871344369249993,0.005146611962609363,16,27,0.04705325408232796,0.29088264145743975,True,False,True,5.5702744396156894e-05,COMPLETE
1518,0.2980646133422852,2025-04-16 05:01:23.298849,2025-04-16 05:01:51.641895,0 days 00:00:28.343046,0.5788313403033151,0.28594084577518925,8,0.07850260075443431,0.1547499102378444,0.0865499580018761,0.041652011156705436,0.09787677554665634,0.08835550559905886,0.0052382029663596025,17,27,0.044916125019582705,0.2789567546924392,True,False,False,7.763253565581792e-05,COMPLETE
1519,0.39729297161102295,2025-04-16 05:01:52.129004,2025-04-16 05:02:16.710673,0 days 00:00:24.581669,0.6150160392705457,0.26817976639155666,8,0.08260608596057682,0.14679323970997255,0.08839327654609848,0.04674389797984319,0.09994211805203065,0.08586431683418498,0.0043946176650324275,17,23,0.047528490674288416,0.29203920336414724,True,False,True,8.670772427608681e-05,COMPLETE
1520,0.24901146292686463,2025-04-16 05:02:17.195698,2025-04-16 05:02:41.017206,0 days 00:00:23.821508,0.550768800025635,0.30526427932857164,8,0.08887538097378848,0.15683752300017478,0.09071092526928407,0.043811402258704564,0.09984908777382477,0.09169959989664807,0.003905690885208567,16,21,0.043097912337632556,0.2758002717679391,True,False,True,5.3293360800784546e-05,COMPLETE
1521,0.40741153955459597,2025-04-16 05:02:41.523111,2025-04-16 05:03:06.103114,0 days 00:00:24.580003,0.5410187759842979,0.31676435836746253,8,0.0690742354134141,0.16364230158706716,0.08607966482773798,0.04116185456706706,0.09787636727282718,0.08894656058033895,0.005488207025300811,17,25,0.045267181433025334,0.24830374560995325,True,False,True,7.601508131664017e-05,COMPLETE
1522,0.3125537633895874,2025-04-16 05:03:06.594160,2025-04-16 05:03:31.167100,0 days 00:00:24.572940,0.5628640392733021,0.2896141655573926,8,0.07465910439053206,0.14436445977137938,0.08463552932935926,0.03843258297820501,0.09991793693975932,0.09246564231677307,0.0047404612787068845,16,28,0.0367484113840475,0.2809875355100974,True,True,True,9.346035000493267e-05,COMPLETE
1523,0.3143861770629883,2025-04-16 05:03:31.653513,2025-04-16 05:03:56.044470,0 days 00:00:24.390957,0.5960400556173039,0.312835747041851,8,0.07011109846599226,0.1517439637103583,0.08689833067888365,0.04303768875127562,0.09992144962850039,0.09041754030162454,0.003309176510750416,17,19,0.04771727884809354,0.2567740761484207,True,False,True,6.718842850782287e-05,COMPLETE
1524,0.38438687324523924,2025-04-16 05:03:56.557740,2025-04-16 05:04:21.378624,0 days 00:00:24.820884,0.530873209443509,0.27399922291907874,8,0.08183259349171203,0.13419421477931615,0.08490492981692749,0.03935848721633793,0.09778011845898868,0.09308514929859565,0.005716165247587477,17,24,0.044231130570423216,0.2685294077987522,True,False,True,9.907967555957148e-05,COMPLETE
1525,0.37149647474288944,2025-04-16 05:04:21.867652,2025-04-16 05:04:45.904613,0 days 00:00:24.036961,0.5546020370518281,0.26244901308455043,8,0.07459595263083738,0.16998153389958254,0.08827919477460655,0.044335834696844864,0.09993094229847016,0.08828762431113361,0.004215310948132843,16,27,0.041766962614966416,0.23757965196198436,True,False,True,5.2020020770303405e-05,COMPLETE
1526,0.2958890080451966,2025-04-16 05:04:46.394972,2025-04-16 05:05:11.160603,0 days 00:00:24.765631,0.5779713427280705,0.2901599553103513,8,0.06515840657531519,0.1585441882803957,0.08640753852013061,0.04675934293164303,0.09998005283688019,0.09105999880338812,0.0032743163027253146,17,22,0.039778135434353545,0.24517183362793177,True,False,True,8.733160622385994e-05,COMPLETE
1527,0.233762001991272,2025-04-16 05:05:11.650382,2025-04-16 05:05:36.301953,0 days 00:00:24.651571,0.5300863968403745,0.31846364390505755,8,0.10046107328012292,0.13921593329236925,0.08448423089996394,0.04168955733371648,0.09649948882677285,0.09260200195306213,0.005506695396412184,17,18,0.045593085292842284,0.2543884090853884,True,False,True,6.980555102744722e-05,COMPLETE
1528,0.4263118505477905,2025-04-16 05:05:36.808284,2025-04-16 05:06:00.604568,0 days 00:00:23.796284,0.5563591809899863,0.3268924053566659,8,0.07928409967798615,0.1489701120161324,0.09017502853417922,0.037081732539613124,0.0978861821080939,0.09472455979832456,0.004471191673085716,16,25,0.04774572045534015,0.283316648900571,True,False,True,0.00010169153688635842,COMPLETE
1529,0.4122191071510315,2025-04-16 05:06:01.098126,2025-04-16 05:06:25.312569,0 days 00:00:24.214443,0.5960592655041235,0.3354426757650224,8,0.08694680223268841,0.14770850072016184,0.09134787183226101,0.036405704600883076,0.09613800309504555,0.09429253858317878,0.003937513222417341,16,27,0.04712052793425979,0.2900517678274341,True,False,True,0.00010348783903834273,COMPLETE
1530,0.3066631555557251,2025-04-16 05:06:25.802473,2025-04-16 05:06:49.734419,0 days 00:00:23.931946,0.5776989373175081,0.32912223316874506,8,0.07932376278152357,0.14456563836804984,0.08864741834861685,0.03786654620281884,0.09802516605767331,0.09468885968151354,0.0058550237011551565,16,21,0.047040964346094054,0.29654392978271626,True,False,True,7.308290443356597e-05,COMPLETE
1531,0.4188964605331421,2025-04-16 05:06:50.245302,2025-04-16 05:07:14.535021,0 days 00:00:24.289719,0.5307144261757022,0.3258466850070901,8,0.09496617558648476,0.13832990549320404,0.09078027190459048,0.03552988359772354,0.09657258646211796,0.09538597321035334,0.0032619365583780786,16,25,0.04819052001337443,0.2862595649978336,True,False,True,0.0001080845303004504,COMPLETE
1532,0.37004560232162476,2025-04-16 05:07:15.031383,2025-04-16 05:07:39.006638,0 days 00:00:23.975255,0.5562173676278418,0.3163862977021334,8,0.0880496300068459,0.127831681514689,0.09432210804371555,0.03920870419552174,0.09783566256833623,0.09362382094390256,0.004066725466817143,16,28,0.047331872314685164,0.28228370616053944,True,False,True,0.00011794824596562392,COMPLETE
1533,0.27829517126083375,2025-04-16 05:07:39.498798,2025-04-16 05:08:03.227748,0 days 00:00:23.728950,0.5237871995471353,0.3304111709539266,8,0.07843380759757347,0.15254780443435298,0.09277864411434894,0.03493456468903812,0.09591228849688069,0.09512085545160186,0.005029749246945551,16,15,0.046179414850107445,0.27518751995098434,True,False,True,7.569575148376069e-05,COMPLETE
1534,0.3859761953353882,2025-04-16 05:08:03.739552,2025-04-16 05:08:27.820162,0 days 00:00:24.080610,0.6170397734834487,0.3056824597213331,8,0.07483476764948092,0.15283321185118748,0.08984719714242605,0.03708859998479115,0.09801914541179932,0.09261578796239964,0.004613140157136225,17,22,0.048455710641026016,0.28603351902278373,False,False,True,5.9479013743622855e-05,COMPLETE
1535,0.4130003094673157,2025-04-16 05:08:28.318700,2025-04-16 05:08:53.045140,0 days 00:00:24.726440,0.565876245599712,0.33913748071278127,8,0.08274170078938581,0.1429467590834065,0.09241399810546078,0.039588625913218226,0.09997433798402193,0.09452102201859482,0.005800798868383633,17,25,0.04546530972105359,0.2709912223046527,True,False,True,9.486265107816813e-05,COMPLETE
1536,0.29736993312835697,2025-04-16 05:08:53.537922,2025-04-16 05:09:17.509480,0 days 00:00:23.971558,0.5438522900227395,0.3047848520277384,8,0.0706295012418663,0.14933993031082698,0.08334420893848937,0.03842572123312056,0.09593585841488861,0.09615852918807404,0.0037287344091606225,16,19,0.04736937159438833,0.2758678125876685,True,False,True,0.00011963795337278102,COMPLETE
1537,0.31652596592903137,2025-04-16 05:09:18.023804,2025-04-16 05:09:45.333566,0 days 00:00:27.309762,0.5863007250947313,0.33130202445003265,8,0.09567558518294986,0.15725586058486646,0.08952300361994668,0.03407126209439185,0.09797804307264521,0.09232144084399169,0.006011529012978361,16,28,0.04466230575571071,0.2983722547098028,True,False,False,8.6837457891249e-05,COMPLETE
