number,value,datetime_start,datetime_complete,duration,params_alpha-eval,params_alpha-train,params_batch-size,params_eps-eval,params_eps-train,params_lambda-actions-eval,params_lambda-actions-train,params_lambda-frames-eval,params_lambda-frames-train,params_learning-rate,params_n-epochs,params_n-frames,params_radius-gw,params_rho,params_std-feats,params_ub-actions,params_ub-frames,params_weight-decay,state
1139,0.3362013578414917,2025-04-16 02:26:16.269259,2025-04-16 02:26:38.120483,0 days 00:00:21.851224,0.3956173886689895,0.41607122183444645,16,0.02729659037297958,0.17844739809619267,0.07366043051324671,0.011091096838427045,0.09624827233064817,0.06924291781173786,0.007292605009501118,22,41,0.05740494223694026,0.14110132744422754,True,False,True,0.0001425988255608176,COMPLETE
1140,0.4097428560256958,2025-04-16 02:26:38.491233,2025-04-16 02:27:00.469091,0 days 00:00:21.977858,0.3995939323476277,0.45773717345807724,16,0.022905326326711342,0.26190402589987877,0.07461877200614798,0.015443326750479327,0.09299627102232069,0.07112479812106096,0.007042176303659036,23,38,0.05991580383167621,0.14847917525955306,True,False,True,0.00017821773723506175,COMPLETE
1141,0.24333465695381165,2025-04-16 02:27:00.838766,2025-04-16 02:27:23.106075,0 days 00:00:22.267309,0.4053422530421134,0.40866086185857925,16,0.02951018687209353,0.045570370014723596,0.07770878005574831,0.011371529787341546,0.09473906253111855,0.06664035405939622,0.006845692574680349,23,41,0.05917666571026353,0.14103235970786457,True,False,True,0.00014799377793438192,COMPLETE
1142,0.4182933330535889,2025-04-16 02:27:23.475469,2025-04-16 02:27:45.481457,0 days 00:00:22.005988,0.44102147867249203,0.38627370009545003,16,0.02989042649246332,0.2586211558282103,0.07380974327590228,0.013333816415783408,0.09191059920433724,0.06773967073399682,0.008883043366531024,22,42,0.05716702869386229,0.1502434211704458,True,False,True,0.00019197879749203737,COMPLETE
1143,0.35539000034332274,2025-04-16 02:27:45.852401,2025-04-16 02:28:07.251949,0 days 00:00:21.399548,0.39703517903672936,0.40022011790217044,16,0.022074130367718686,0.2605633099354149,0.07658770726850583,0.012772773962121948,0.09001748126434479,0.07361395528218734,0.008611891481913807,21,42,0.05702146209952474,0.1433923470314728,True,False,True,0.00015518893444289416,COMPLETE
1144,0.4154026746749878,2025-04-16 02:28:07.625760,2025-04-16 02:28:29.014304,0 days 00:00:21.388544,0.42403254386759187,0.43077852804076533,16,0.026375526852077395,0.26198490719253936,0.07930070918071577,0.011978343411844054,0.09122763064070638,0.06429389367402732,0.008607132383440581,21,41,0.05704770448735443,0.13689817488689437,True,False,True,0.00018455883750736685,COMPLETE
1145,0.4150105476379395,2025-04-16 02:28:29.388310,2025-04-16 02:28:50.717567,0 days 00:00:21.329257,0.4238516317074053,0.4111999180528158,16,0.021088285455314236,0.2623880949148604,0.0760804509948873,0.01625472590352827,0.08845555131424775,0.06774706326675792,0.009652718142172589,21,42,0.05723484728194703,0.12991864874389333,True,False,True,0.00018431710884593973,COMPLETE
1146,0.34078521728515626,2025-04-16 02:28:51.090923,2025-04-16 02:29:12.945197,0 days 00:00:21.854274,0.41384297050523683,0.4408985415144033,16,0.02192801293921781,0.2612960559653334,0.0780007005144791,0.013017663310750256,0.08784922123501693,0.0643949246651736,0.00872858472662874,22,39,0.05686568894304722,0.13590353527659596,True,False,True,0.00018639578435950793,COMPLETE
1147,0.29092754125595094,2025-04-16 02:29:13.319553,2025-04-16 02:29:33.482215,0 days 00:00:20.162662,0.4317135708344343,0.4181800477924176,16,0.02728226524112269,0.08561871050450351,0.07468496821239132,0.018284447105769413,0.08655399863099142,0.06989282395244663,0.00860182539222514,21,42,0.057962731305398044,0.1326686407499339,False,False,True,0.00019766818652863294,COMPLETE
1148,0.3302368760108948,2025-04-16 02:29:33.838880,2025-04-16 02:29:54.913690,0 days 00:00:21.074810,0.4007282152272729,0.46201313284636414,16,0.018837903075063167,0.2627587341280014,0.07295069424049534,0.015132555658110235,0.08999274987775635,0.0648339379100788,0.009105829589608374,21,39,0.05789687432902724,0.1258159573791249,True,False,True,0.00015589281050004943,COMPLETE
1149,0.23051841855049132,2025-04-16 02:29:55.280777,2025-04-16 02:30:16.938698,0 days 00:00:21.657921,0.43152188612993253,0.4248897437679369,16,0.029099746843081253,0.09816073408681725,0.07949799781447758,0.011967896918574134,0.09150134671262339,0.06867331993824792,0.006834949643772357,21,43,0.05708041139795352,0.1375285371228572,True,False,True,0.00021191045796589743,COMPLETE
1150,0.4159898400306702,2025-04-16 02:30:17.308479,2025-04-16 02:30:38.149980,0 days 00:00:20.841501,0.40836973284097144,0.4385072853816896,16,0.024783340706884732,0.2564020061940637,0.0758692667542424,0.020684748230951754,0.08800163066180353,0.07165603435846252,0.008392609376462678,20,40,0.06076185070356498,0.13814521554270243,True,False,True,0.00020969337959693936,COMPLETE
1151,0.3182271957397461,2025-04-16 02:30:38.518789,2025-04-16 02:30:58.777763,0 days 00:00:20.258974,0.3872318180924099,0.45846770139631493,16,0.019859052203450828,0.07324721100620021,0.07958644255851278,0.021501920700484595,0.0868562715495809,0.0717567885412996,0.010735032953474553,19,37,0.0610415980906812,0.14631132774344294,True,False,True,0.00022149675553996095,COMPLETE
1152,0.3174291491508484,2025-04-16 02:30:59.148802,2025-04-16 02:31:22.346414,0 days 00:00:23.197612,0.3872159032127184,0.4431806406190891,16,0.013881078789107475,0.2535373184843061,0.07703508414269834,0.02146029437080433,0.08590826249013801,0.07409979372418056,0.0092865131313072,21,39,0.06006991253589276,0.13995913142871502,True,False,False,0.0002235840052835287,COMPLETE
1153,0.3482277750968933,2025-04-16 02:31:22.716522,2025-04-16 02:31:44.040526,0 days 00:00:21.324004,0.4091129065967828,0.4387175447025376,16,0.023739446964484254,0.25530764826660823,0.07532938495816158,0.023214729599631726,0.08812019316971505,0.07172872002721582,0.007741309524661355,21,39,0.05917955203278617,0.13893992239347464,True,False,True,0.00019535355237656595,COMPLETE
1154,0.3286746144294739,2025-04-16 02:31:44.414257,2025-04-16 02:32:05.080713,0 days 00:00:20.666456,0.44362848362289287,0.4415774181012234,16,0.01716706423616699,0.2547618478678058,0.07756005514944758,0.021640480032687506,0.08732813322952655,0.07489852008455246,0.010775734154431628,20,36,0.06132109157332373,0.14882247272148447,True,False,True,0.00023489953442414462,COMPLETE
1155,0.3666085243225098,2025-04-16 02:32:05.454280,2025-04-16 02:32:26.111878,0 days 00:00:20.657598,0.3935576588454769,0.44240764950318384,16,0.02453096393969248,0.25695583385718,0.075427437219754,0.027050813558553134,0.08899740090713512,0.07063827587160841,0.010249019585929964,19,41,0.058618498133119354,0.15327444577644384,True,True,True,0.0002451260893307429,COMPLETE
1156,0.3221429824829102,2025-04-16 02:32:26.482941,2025-04-16 02:32:47.999234,0 days 00:00:21.516293,0.4126065027512783,0.43139870901698407,16,0.01760720424953692,0.2627327777813357,0.07350994315574501,0.01803044190944001,0.0871551945882175,0.07274685025220916,0.0068066079452709215,21,38,0.061684898739960095,0.14458459972011614,True,False,True,0.00017049424899525303,COMPLETE
1157,0.19688473939895632,2025-04-16 02:32:48.375674,2025-04-16 02:33:09.446713,0 days 00:00:21.071039,0.43725618667849697,0.46875477816584343,16,0.10324921087831343,0.2566892499749575,0.08054038261284366,0.023407953643242115,0.09107945042712731,0.06963411831769127,0.00720250232533087,20,41,0.05936155059106868,0.1385071324677061,True,False,True,0.00023810737830589176,COMPLETE
1158,0.25754427909851074,2025-04-16 02:33:09.820568,2025-04-16 02:33:34.804258,0 days 00:00:24.983690,0.41370847871007305,0.418550117643451,16,0.0262987560671634,0.14064570370376323,0.07857074121627251,0.02601774926739549,0.08882410911573296,0.07147722557192719,0.008961945802750445,20,88,0.056987953823487904,0.15077392529986022,True,False,True,0.00017023506327716565,COMPLETE
1159,0.3505655288696289,2025-04-16 02:33:35.178059,2025-04-16 02:34:45.412225,0 days 00:01:10.234166,0.39112549188674134,0.4687714462614272,2,0.029916172256997702,0.264313206018161,0.018059887954843618,0.019559288261389373,0.08988469671291108,0.07390841643742829,0.00903476417782446,20,36,0.062260213364979375,0.15730531426998992,True,False,True,0.00021400033934718623,COMPLETE
1160,0.41371237039566044,2025-04-16 02:34:45.785915,2025-04-16 02:35:07.311201,0 days 00:00:21.525286,0.44695346241935907,0.3953843212831338,16,0.02359988213304752,0.2576357173972912,0.07639707695412867,0.020413125586413235,0.08643545146718969,0.07009615898960812,0.010927785874669076,21,43,0.05973995694359644,0.1442654990942612,True,False,True,0.00027761188859970227,COMPLETE
1161,0.3258669853210449,2025-04-16 02:35:07.681530,2025-04-16 02:35:35.009199,0 days 00:00:27.327669,0.4271427620839606,0.5218409562395547,8,0.01833593598534783,0.2523934642435774,0.07367459560251843,0.018840575551923713,0.09194875897744095,0.06824949586392892,0.006490902574408877,20,39,0.05725692773091064,0.13567981243116314,True,False,True,0.00018222932863162783,COMPLETE
1162,0.41074361801147463,2025-04-16 02:35:35.384567,2025-04-16 02:35:55.808282,0 days 00:00:20.423715,0.45923063989400037,0.4818183381922042,16,0.030941861772435887,0.2635608720715542,0.07521080136418873,0.024964911576377754,0.09194097891598928,0.06729398291400418,0.008363955777411263,20,35,0.06149495191815911,0.09738562109059759,True,False,True,0.0002565093792110294,COMPLETE
1163,0.4184771895408631,2025-04-16 02:35:56.184144,2025-04-16 02:36:17.310038,0 days 00:00:21.125894,0.40348575724669494,0.4133683127050184,16,0.026290062167125556,0.25027674376173303,0.0716774234327541,0.02204424928991351,0.08951713610931597,0.07231589060796507,0.011909907165366147,20,42,0.05875401658598011,0.1503369471933026,True,False,True,0.00019359084477651157,COMPLETE
1164,0.410942816734314,2025-04-16 02:36:17.685793,2025-04-16 02:36:38.320184,0 days 00:00:20.634391,0.38410777845205957,0.3914830116611056,16,0.031835624910890786,0.25160170051832925,0.07089314592593561,0.0232479008799864,0.08700970244822885,0.07549166057644868,0.01126882273307462,19,43,0.0628103871054864,0.15517142420650665,True,False,True,0.0002880935011512197,COMPLETE
1165,0.32747237682342534,2025-04-16 02:36:38.693869,2025-04-16 02:36:59.652182,0 days 00:00:20.958313,0.38891632425095096,0.40005109983239223,16,0.021112494481824517,0.24401890291025174,0.07273477282534616,0.022632875439287714,0.060718509048970616,0.07289415580518314,0.011071666216374775,20,38,0.05902723680931725,0.15738222972280383,True,False,True,0.0001456542348556764,COMPLETE
1166,0.3042713224887848,2025-04-16 02:37:00.033575,2025-04-16 02:37:22.091507,0 days 00:00:22.057932,0.40404604014685275,0.384839513180204,16,0.013490919441380849,0.1993174234294236,0.07172862686769738,0.025014639945562613,0.08914549989455019,0.07166094833963041,0.013136674242236114,22,43,0.060679769921965936,0.15169369506884578,True,False,True,0.00021616120436039263,COMPLETE
1167,0.3778741240501404,2025-04-16 02:37:22.468569,2025-04-16 02:37:43.147231,0 days 00:00:20.678662,0.4023750603873955,0.3777289855868562,16,0.02719050883044393,0.24848579361506448,0.0714412445741071,0.02397233270550307,0.0870125195027699,0.0734288169393519,0.01321737576429594,20,39,0.05916475862720184,0.04801583867354864,True,False,True,0.0003031538070691706,COMPLETE
1168,0.23996135592460635,2025-04-16 02:37:43.523790,2025-04-16 02:38:02.748425,0 days 00:00:19.224635,0.3916160769227688,0.3854542748959676,16,0.03284240371807703,0.0077817883640097125,0.07286374554262674,0.021961549007706898,0.08986099778933959,0.0755917950331985,0.012572110398923081,19,35,0.06209162443111437,0.1502863554108728,False,False,True,0.0002598417662695826,COMPLETE
1169,0.39334236383438115,2025-04-16 02:38:03.126215,2025-04-16 02:38:23.642806,0 days 00:00:20.516591,0.8341694904061605,0.4879914311935007,16,0.021609772661593682,0.22628305911415983,0.07158268735906642,0.020061318608876985,0.0881842229507628,0.07128748036487335,0.011463907999838825,19,43,0.06364720872351508,0.15974556033583232,True,False,True,0.00020071492531389102,COMPLETE
1170,0.16061596870422365,2025-04-16 02:38:24.019311,2025-04-16 02:38:45.848595,0 days 00:00:21.829284,0.4156270357439637,0.4202804211942863,16,0.12082607482535132,0.2402039568398959,0.07387269128895321,0.02099675402694091,0.06573947743082217,0.07229793764921426,0.015113653061055462,22,40,0.0604189895649076,0.15454428521673375,True,False,True,0.00014877245695723136,COMPLETE
1171,0.33066624999046323,2025-04-16 02:38:46.230188,2025-04-16 02:39:08.618953,0 days 00:00:22.388765,0.3793729994402786,0.40170019083320135,16,0.030752876765361366,0.24765588441474012,0.07018968464691364,0.0185024526699682,0.08535773662137026,0.07541927801678666,0.009943961069292542,19,37,0.056314489861978595,0.14861863495509892,True,False,False,0.0003609981741340358,COMPLETE
1172,0.4004734992980957,2025-04-16 02:39:09.000045,2025-04-16 02:39:38.059762,0 days 00:00:29.059717,0.439327163549949,0.42022864202310944,8,0.024297341974096824,0.25248490126530754,0.07464455514002248,0.021972732700087743,0.09291419526142353,0.0700365355690149,0.012420384426716558,22,44,0.058617489574777526,0.16075432683890145,True,False,True,0.00022212689306549908,COMPLETE
1173,0.26186586618423463,2025-04-16 02:39:38.441709,2025-04-16 02:39:59.244525,0 days 00:00:20.802816,0.4689365888615936,0.3720315313242828,16,0.015712102545650863,0.24584085394611638,0.07188954230391838,0.020171330273858975,0.09703424975360325,0.068785791628918,0.009897540994896925,20,34,0.06037635048306515,0.14611792581484284,True,True,True,0.00028405102171264943,COMPLETE
1174,0.41929061412811286,2025-04-16 02:39:59.624673,2025-04-16 02:40:20.215944,0 days 00:00:20.591271,0.410180576412399,0.4507569086251674,16,0.03317806228353504,0.2357749082573043,0.016987307342685953,0.02303234263880024,0.09029749300281131,0.07299944719251383,0.014326027093131561,20,40,0.057866398351907,0.15589782144149483,True,False,True,0.00014372486884686579,COMPLETE
1175,0.4137886166572571,2025-04-16 02:40:20.597800,2025-04-16 02:40:40.900606,0 days 00:00:20.302806,0.4420564297937562,0.4515649011347171,16,0.035364493379982674,0.22816150696185228,0.018761630774656767,0.02474196268229558,0.08515653325742237,0.07105829948663435,0.015005491419744964,19,37,0.05716816029801562,0.1607195821657665,True,False,True,0.0003690897342790066,COMPLETE
1176,0.287283331155777,2025-04-16 02:40:41.278958,2025-04-16 02:41:02.209078,0 days 00:00:20.930120,0.14272580525739492,0.47819045705574487,16,0.033193078846623966,0.2337174052835018,0.01632246173225642,0.024673501080830693,0.08889908632861683,0.07126094944805553,0.016326966632287047,20,41,0.05655240192330749,0.15661883229586587,True,False,True,0.0002445486631073938,COMPLETE
1177,0.3251836717128754,2025-04-16 02:41:02.591760,2025-04-16 02:41:23.808485,0 days 00:00:21.216725,0.9038866202578693,0.48061261990937576,16,0.03663846649290418,0.22422128544225164,0.017865482696856658,0.027466733081584597,0.05251209213099731,0.06868170429757027,0.01447552833946196,20,44,0.056644503100188294,0.168877611805559,True,False,True,0.000182751756624609,COMPLETE
1178,0.3805274128913879,2025-04-16 02:41:24.188612,2025-04-16 02:41:44.138503,0 days 00:00:19.949891,0.41930357101577304,0.4571730541487403,16,0.041769634829783825,0.23050871199188488,0.014600497046109792,0.023809827271122387,0.08656419185232006,0.07001932755053095,0.01769952211164835,19,34,0.058345206512282054,0.1618487840036583,True,False,True,0.00033108310085143075,COMPLETE
1179,0.1569782853126526,2025-04-16 02:41:44.517790,2025-04-16 02:42:05.179104,0 days 00:00:20.661314,0.463334639738286,0.4456777130281833,16,0.15456108110462982,0.21483713495979245,0.016819162421109323,0.028711776107216674,0.08833686376434338,0.06793490621909874,0.01299874543993241,19,44,0.05691419868249394,0.15899333268159765,True,False,True,0.00040721571073008877,COMPLETE
1180,0.4115232586860657,2025-04-16 02:42:05.557881,2025-04-16 02:42:25.833733,0 days 00:00:20.275852,0.427010575552243,0.43915787793381444,16,0.030698448795389768,0.2359554073112668,0.018186770888811096,0.019098874187378337,0.08971812170034453,0.07320538268290568,0.014891288014438722,19,38,0.062041534239003104,0.1533732375673877,True,False,True,0.0001369774962177891,COMPLETE
1181,0.1692485511302948,2025-04-16 02:42:26.216473,2025-04-16 02:43:36.803625,0 days 00:01:10.587152,0.412191937295145,0.4500444523107616,2,0.2848831095633448,0.22676163639347913,0.02093730124854922,0.020704491394864015,0.09823564071005167,0.06810711593560378,0.018644268933768405,20,40,0.05868341141870153,0.17086850951322535,True,False,True,0.00020629324393328787,COMPLETE
1182,0.4122359275817872,2025-04-16 02:43:37.183760,2025-04-16 02:43:58.530877,0 days 00:00:21.347117,0.4545560054639655,0.492392967328036,16,0.025872961774620108,0.23838707105606774,0.016835356019981443,0.02188537862956408,0.09040300074880138,0.0968658679002076,0.011621377424888148,22,35,0.0632152560445915,0.15524700830883795,True,False,True,0.00026015987628556986,COMPLETE
1183,0.39707611799240117,2025-04-16 02:43:58.914632,2025-04-16 02:44:19.794336,0 days 00:00:20.879704,0.3869454225354112,0.4142185454486937,16,0.03430668573443822,0.22052659482037815,0.01557275514313849,0.02114517274399002,0.09396584237065697,0.07386001482532893,0.013054098026884876,20,41,0.09600731381661136,0.16527462833965847,True,False,True,0.0003181378109707724,COMPLETE
1184,0.23403603434562684,2025-04-16 02:44:20.176434,2025-04-16 02:44:41.438429,0 days 00:00:21.261995,0.4382335045802852,0.5032116813123565,16,0.07355992346880917,0.23371090295087507,0.020716105305525555,0.021585641570159273,0.08586592333275585,0.09968749727775235,0.01653895138625636,20,45,0.056058844870660776,0.14538216814964744,True,False,True,0.0004547042116006968,COMPLETE
1185,0.39622682332992554,2025-04-16 02:44:41.819525,2025-04-16 02:45:08.355450,0 days 00:00:26.535925,0.48383300986897304,0.42786855006799646,8,0.03983379162675752,0.2405344190836715,0.013934838556757237,0.022136336840734492,0.09624400971979204,0.06997085333533934,0.011174902792326292,20,37,0.058161658221596184,0.1567712539163494,False,False,True,0.00018509724909792792,COMPLETE
1186,0.4092785477638245,2025-04-16 02:45:08.739216,2025-04-16 02:45:30.291263,0 days 00:00:21.552047,0.40569242360589536,0.4542717014722041,16,0.021167049125617676,0.24269046373191377,0.01477811962884645,0.0226021086437143,0.09216624401393335,0.06665538846932076,0.014054648375787761,21,42,0.06095654091061005,0.1508664836240868,True,False,True,0.0002429071726494072,COMPLETE
1187,0.41241278648376467,2025-04-16 02:45:30.676710,2025-04-16 02:45:51.485235,0 days 00:00:20.808525,0.44598561374958134,0.4083682590276655,16,0.029636332269218024,0.23912137461230715,0.020323684637590364,0.02300810742093192,0.08972766696910063,0.07737122317407165,0.019232141398280642,21,33,0.056128335760931694,0.16374653786847912,True,False,True,0.0005127609164487267,COMPLETE
1188,0.41581057310104375,2025-04-16 02:45:51.870832,2025-04-16 02:46:12.263397,0 days 00:00:20.392565,0.37952091093486284,0.46731996362258854,16,0.03419333335088519,0.23361928119041425,0.015726642511814472,0.026007721879430228,0.09459513099558535,0.06602414117910754,0.011357429065945892,19,38,0.05904038671270411,0.14248375986566833,True,False,True,0.00014373939404959212,COMPLETE
1189,0.34685667753219607,2025-04-16 02:46:12.650183,2025-04-16 02:46:32.772852,0 days 00:00:20.122669,0.3771600850989807,0.48455459217297714,16,0.04510592124402834,0.22977827542501503,0.01203186459500983,0.02704013592376467,0.09715824049368202,0.0657983558408938,0.012780475805712994,19,36,0.05993337248072101,0.14249279563630599,True,False,True,0.00019017827384190645,COMPLETE
1190,0.35726261138916016,2025-04-16 02:46:33.160569,2025-04-16 02:46:52.917914,0 days 00:00:19.757345,0.36953474957114624,0.47402996624915067,16,0.04242980499743146,0.2184065535764045,0.06685800235317142,0.024234925606664032,0.09864173384282188,0.06691513301404106,0.01127373674923078,19,30,0.06088093208621753,0.14573413844085226,True,False,True,0.00027102015638454633,COMPLETE
1191,0.2761643469333649,2025-04-16 02:46:53.308827,2025-04-16 02:47:15.830572,0 days 00:00:22.521745,0.383711248244253,0.4367419202998443,16,0.03599153971658112,0.22564690893469336,0.01246773169321871,0.022316255384439886,0.09999496020294117,0.06808720775378704,0.010748982482079924,19,34,0.058658263970414105,0.14268690516859941,True,False,False,0.00021838254375732826,COMPLETE
1192,0.2560542941093445,2025-04-16 02:47:16.216512,2025-04-16 02:47:36.825744,0 days 00:00:20.609232,0.375114768997391,0.5044632885471707,16,0.03988714579689826,0.23214851924181584,0.014738498782530848,0.02374015516388211,0.09538420865622455,0.07016017356145372,0.015429948837481106,20,32,0.06375696083921265,0.15512230832681065,True,True,True,0.00031732889698991504,COMPLETE
1193,0.3913671612739563,2025-04-16 02:47:37.215028,2025-04-16 02:47:59.928117,0 days 00:00:22.713089,0.388124385018771,0.4511336393843773,16,0.0368789306779966,0.22369903682283632,0.06942495115443738,0.020097914888943545,0.09552765949878077,0.06520576340046061,0.01248011830253958,19,70,0.06170540368301324,0.14919278734509014,True,False,True,0.00015768393797417182,COMPLETE
1194,0.34432315826416016,2025-04-16 02:48:00.319322,2025-04-16 02:48:21.012274,0 days 00:00:20.692952,0.37008472025335803,0.4786992484863354,16,0.044540585484452826,0.23938305275137425,0.016275898564016456,0.026457569804694853,0.09806727846852804,0.06776031982212825,0.010249743504983158,20,36,0.05825734322239744,0.14247836226689692,True,False,True,0.00040379477916243565,COMPLETE
1195,0.41098183393478394,2025-04-16 02:48:21.399205,2025-04-16 02:48:41.619728,0 days 00:00:20.220523,0.3989898260383017,0.4713231551105618,16,0.034465358732076935,0.23632769325101294,0.06662534576397705,0.026242576053210818,0.09450687305880569,0.06549438309504112,0.015619937354880622,19,38,0.06024423877813734,0.14945727657982474,True,False,True,0.0002480820312912749,COMPLETE
