number,value,datetime_start,datetime_complete,duration,params_alpha-eval,params_alpha-train,params_batch-size,params_eps-eval,params_eps-train,params_lambda-actions-eval,params_lambda-actions-train,params_lambda-frames-eval,params_lambda-frames-train,params_learning-rate,params_n-epochs,params_n-frames,params_radius-gw,params_rho,params_std-feats,params_ub-actions,params_ub-frames,params_weight-decay,state
113,0.3619729042053223,2025-04-13 19:23:51.193270,2025-04-13 19:24:13.835506,0 days 00:00:22.642236,0.9162845325606196,0.0821805096924629,16,0.05253825125129456,0.06380999416938074,0.010927070559720411,0.0835467926657147,0.031382112806124046,0.06412006114566154,0.00010531399965910254,28,23,0.07228615576868667,0.210671370574864,True,False,True,8.657633191490806e-07,COMPLETE
114,0.28027536869049074,2025-04-13 19:24:13.872932,2025-04-13 19:24:35.606468,0 days 00:00:21.733536,0.8302986130539483,0.15470291071547407,16,0.04430602832865682,0.08178112231422568,0.006976625886252797,0.08885931511865276,0.05399241249209953,0.056585996895887065,5.784434797801207e-05,25,29,0.05287814327729169,0.2309844180875336,True,False,True,0.0008483305248639708,COMPLETE
115,0.35945196747779845,2025-04-13 19:24:35.643895,2025-04-13 19:24:58.233660,0 days 00:00:22.589765,0.8826096196461504,0.24734807773872974,16,0.08877361735782999,0.053543291106046095,0.0037949502945275296,0.08657610726676099,0.04404373497651952,0.06115849589990253,0.00014083422693819426,26,33,0.05469561364890539,0.2391482760925548,True,False,True,4.2403982422132587e-07,COMPLETE
116,0.3957945227622986,2025-04-13 19:24:58.272172,2025-04-13 19:26:34.910025,0 days 00:01:36.637853,0.9775676929670389,0.3216779527088829,2,0.060603829641957235,0.07567573555437894,0.01796484525474529,0.08125267432928643,0.05804198002472179,0.04912425891314276,2.321084615764817e-05,30,25,0.05095209475264228,0.26574645508490874,True,False,True,1.7170678541079875e-07,COMPLETE
117,0.36886302232742313,2025-04-13 19:26:34.948116,2025-04-13 19:28:08.210155,0 days 00:01:33.262039,0.9780675760649313,0.37055724901045095,2,0.07354672407442853,0.07692887001444829,0.014895079457434155,0.08215596136580071,0.05849826219817551,0.04309594053628474,1.1150472221886824e-05,29,30,0.05027497928611932,0.2719027082069837,True,False,True,1.8265381199309305e-07,COMPLETE
118,0.343656450510025,2025-04-13 19:28:08.248447,2025-04-13 19:29:46.215144,0 days 00:01:37.966697,0.9636781180925825,0.3115837471121008,2,0.06144612129143583,0.08836444673632726,0.011318535864399168,0.09163835119845173,0.0149402051653015,0.0486587863425309,2.2737953070328986e-05,30,68,0.05826662243290876,0.2854409560028911,True,False,True,1.2627713460861088e-07,COMPLETE
119,0.33094600439071653,2025-04-13 19:29:46.253773,2025-04-13 19:31:25.730819,0 days 00:01:39.477046,0.932700469315778,0.2080966691255093,2,0.029503588407604697,0.06547324018950841,0.017507183102640073,0.07056481806480461,0.05550092831897146,0.0334115543046352,0.00031434132292451026,30,93,0.051953758615740205,0.14574979374276847,True,False,True,2.4796770895411524e-07,COMPLETE
120,0.25978899002075195,2025-04-13 19:31:25.770318,2025-04-13 19:32:56.468963,0 days 00:01:30.698645,0.8989170119534751,0.1221265758511393,2,0.01705643726786462,0.07257074497605227,0.018632983789216056,0.07440528693861662,0.05206406871145,0.06591659749174533,7.867074027879721e-05,28,35,0.05612231397893658,0.25207958420730286,True,False,True,1.0232141328473724e-07,COMPLETE
121,0.41305176019668577,2025-04-13 19:32:56.508008,2025-04-13 19:34:25.068812,0 days 00:01:28.560804,0.8545258468025272,0.14596237182759636,2,0.0557381921193166,0.0588576781675344,0.014804412505453722,0.08023359824127956,0.039902667775050166,0.0584299859098361,2.9006184217175626e-05,27,27,0.045511599810626954,0.21877582869181855,True,False,True,5.022378894090716e-07,COMPLETE
122,0.325801694393158,2025-04-13 19:34:25.108690,2025-04-13 19:35:58.659631,0 days 00:01:33.550941,0.8435328470248229,0.14351895068223874,2,0.06750813539664217,0.05953819646032515,0.01296356436746049,0.08372168323265407,0.03937770678926051,0.05496847392148131,1.773660644788355e-05,29,21,0.04587069157908847,0.2642233834014064,True,False,True,2.9846744066025766e-07,COMPLETE
123,0.3006164610385895,2025-04-13 19:35:58.708494,2025-04-13 19:37:18.942157,0 days 00:01:20.233663,0.7845935235672827,0.1855677409433697,2,0.04446015576596479,0.04703304535228907,0.015043179314175254,0.07910958989335988,0.04747204720762776,0.06289477167708357,0.002034868363347639,24,24,0.04311156433514534,0.22575341173757982,True,False,True,4.961720634353313e-07,COMPLETE
124,0.3288449883460999,2025-04-13 19:37:18.983853,2025-04-13 19:38:49.341116,0 days 00:01:30.357263,0.921841675227882,0.10191047488445623,2,0.0824569974693736,0.06862622971126706,0.023138771403985042,0.07606487119255466,0.04480181151220873,0.05728900906462434,3.943447370812134e-05,27,80,0.03891917733825214,0.24396313386955434,True,False,True,3.7797276289506697e-07,COMPLETE
125,0.2734925150871277,2025-04-13 19:38:49.382292,2025-04-13 19:39:49.212747,0 days 00:00:59.830455,0.3083329364325732,0.22288552104985448,2,0.033794998283525154,0.05949374554854113,0.004118314751824275,0.08563639628513633,0.03789720026931823,0.05223502023266955,5.009062333565388e-05,16,28,0.05383981716329066,0.20369192887190535,True,False,True,4.964740159520236e-07,COMPLETE
126,0.39961990118026736,2025-04-13 19:39:49.253754,2025-04-13 19:41:06.110958,0 days 00:01:16.857204,0.8893283045368147,0.15295956785065234,2,0.0586149147839836,0.03249228237165313,0.00842900955574686,0.08130864859215298,0.05019279454474378,0.05904604339591467,2.8557458098822183e-05,23,25,0.04999550769463125,0.23506813839050025,True,False,True,2.0006173041525476e-07,COMPLETE
127,0.41086443662643435,2025-04-13 19:41:06.152136,2025-04-13 19:42:29.484212,0 days 00:01:23.332076,0.8593456037237792,0.14854610168328466,2,0.06051214809514707,0.03188676693762556,0.012500234664821584,0.08075321786580095,0.029593602083495513,0.06144071159336725,2.6475062669200097e-05,25,26,0.049307193326220265,0.2992603667207916,True,False,True,1.7819647974477403e-07,COMPLETE
128,0.2923571944236756,2025-04-13 19:42:29.525799,2025-04-13 19:43:47.349944,0 days 00:01:17.824145,0.8236030645827227,0.13660411558081004,2,0.05074928071168383,0.029771911600212336,0.012116747530465974,0.08102103786013932,0.02384421272777341,0.0689349194208641,1.285044190550888e-05,23,19,0.05056971099021896,0.23283321352645772,True,False,True,1.9095381457730967e-07,COMPLETE
129,0.1888286888599396,2025-04-13 19:43:47.392044,2025-04-13 19:45:11.410469,0 days 00:01:24.018425,0.9477651045548523,0.06026791130010822,2,0.05817461365158012,0.033206855398428936,0.008241374919026554,0.08777112820583644,0.029403942139993346,0.06097377823047128,2.561216355859381e-05,25,31,0.049274135702153304,0.1937376177174355,True,True,True,1.6424653207822714e-07,COMPLETE
130,0.2044049263000488,2025-04-13 19:45:11.453331,2025-04-13 19:46:31.500347,0 days 00:01:20.047016,0.8915642140835022,0.10510418739915008,2,0.02521259076845936,0.01707127299924116,0.018090922527572852,0.08468464379341706,0.034515341794195936,0.06544533450968389,2.3315812360547496e-05,24,13,0.04085542645738644,0.29089550341871984,False,False,True,2.2340964924556346e-07,COMPLETE
131,0.3798174142837525,2025-04-13 19:46:31.542928,2025-04-13 19:47:58.068127,0 days 00:01:26.525199,0.8638976234584833,0.15133229755811434,2,0.06519350695122499,0.041262418896864425,0.015662505293563077,0.0781581471208281,0.027503067938226003,0.058748358487853085,3.062066188371255e-05,26,25,0.044511575121126905,0.21735842974981673,True,False,True,2.807697938691624e-07,COMPLETE
132,0.3810852408409119,2025-04-13 19:47:58.110853,2025-04-13 19:49:25.896718,0 days 00:01:27.785865,0.8531802592143929,0.16572536462341647,2,0.0760471441184696,0.023091783073788633,0.02063415568435836,0.081131846931103,0.05056773851977712,0.06296676892679082,1.771195390374581e-05,27,28,0.04608112585394051,0.2985850281546311,True,False,True,1.0765232960600428e-07,COMPLETE
133,0.41526508331298834,2025-04-13 19:49:25.939713,2025-04-13 19:50:56.386369,0 days 00:01:30.446656,0.9029407790275776,0.1782048131611585,2,0.04137035501540331,0.050824750787588135,0.05347767714725852,0.07584387143375454,0.03207796424677648,0.060464681203032514,3.0380071840345884e-05,28,23,0.051526066804466905,0.2377229550145839,True,False,True,4.1840005733368184e-07,COMPLETE
134,0.3979471564292908,2025-04-13 19:50:56.429686,2025-04-13 19:52:18.971650,0 days 00:01:22.541964,0.912445419377134,0.19477866412492412,2,0.04088632452374624,0.051360760347521225,0.05278308972569719,0.0796375005133344,0.03192565134052312,0.05481504716158499,1.9950499936959253e-05,25,22,0.05247453510309786,0.2383820186759452,True,False,True,5.34229117195598e-08,COMPLETE
135,0.3849722146987915,2025-04-13 19:52:19.015399,2025-04-13 19:53:41.623254,0 days 00:01:22.607855,0.9200971605916755,0.19330195739006695,2,0.042244652116212096,0.043818599021131006,0.04965443369676879,0.07927393531764967,0.03219878337764001,0.05473067537409496,1.9097891418765565e-05,25,22,0.052225518724027094,0.21421239188295516,True,False,True,5.409099458168923e-08,COMPLETE
136,0.3513110399246216,2025-04-13 19:53:41.667625,2025-04-13 19:54:58.648351,0 days 00:01:16.980726,0.9785131437593757,0.12128972703497394,2,0.03804555194467775,0.05189532392786365,0.053256236675862795,0.08224228691169184,0.03059726661064161,0.0558862550012479,1.2943497834452757e-05,23,19,0.0546831746409884,0.23856048101052668,True,False,True,6.433793759339391e-08,COMPLETE
137,0.3949522852897644,2025-04-13 19:54:58.691929,2025-04-13 19:56:29.949056,0 days 00:01:31.257127,0.9019808899963323,0.09390578173313702,2,0.05242040783234649,0.01174372603660748,0.05723175569895714,0.08416727759092227,0.05680136253724887,0.04978173947405405,3.0169130372198116e-05,28,35,0.05991106254253894,0.2278539807821523,True,False,True,1.6681238287377895e-07,COMPLETE
138,0.3210624694824219,2025-04-13 19:56:30.002166,2025-04-13 19:58:01.820570,0 days 00:01:31.818404,0.9399599424446358,0.08389777264380978,2,0.0469778826484909,0.009208437128905952,0.05824079944540705,0.07659721026848129,0.01818176484840809,0.04986044329141712,2.8664861198914596e-05,28,33,0.060500252090069186,0.22877067418723498,True,False,True,4.3218280274738776e-08,COMPLETE
139,0.27231618762016296,2025-04-13 19:58:01.864917,2025-04-13 19:59:36.329408,0 days 00:01:34.464491,0.8350574651071738,0.018888460660660272,2,0.03463951800407388,0.021345876445405934,0.06249505925340582,0.08336046343904398,0.03655386989824118,0.046890952770178705,3.30282718373287e-05,29,15,0.05638341460754442,0.24768641455575985,True,False,True,7.61830872101946e-08,COMPLETE
140,0.260648113489151,2025-04-13 19:59:36.375480,2025-04-13 20:00:51.686734,0 days 00:01:15.311254,0.9018531816311228,0.17907924770633937,2,0.011755522535361294,0.013754140127194704,0.05120970542054309,0.0896138530481955,0.05624477375586679,0.03587873824017514,2.1671595947691026e-05,22,36,0.05882048372745896,0.23531247136051844,True,False,True,1.4015372196136815e-07,COMPLETE
141,0.39914643764495855,2025-04-13 20:00:51.732193,2025-04-13 20:02:22.147420,0 days 00:01:30.415227,0.9031435816310485,0.1334291056014637,2,0.05112188836804525,0.02894066303134287,0.057135488908235235,0.08540764899295164,0.061242323210301895,0.05806450915022011,1.5428918473803563e-05,28,22,0.0520304710138812,0.20871621335667695,True,False,True,9.192865959867992e-08,COMPLETE
142,0.37639167308807375,2025-04-13 20:02:22.192947,2025-04-13 20:03:59.876528,0 days 00:01:37.683581,0.8854884086579144,0.11179695488177571,2,0.056213954072278055,0.029022854627369258,0.0497948950010933,0.07954329815887697,0.05737276511382848,0.05229700174817678,1.4112206609110647e-05,30,18,0.05382749645181263,0.2077551440400852,True,False,True,8.926829890912603e-08,COMPLETE
143,0.3547410011291504,2025-04-13 20:03:59.922854,2025-04-13 20:05:30.665304,0 days 00:01:30.742450,0.8557741678217727,0.06106362178867225,2,0.042587155477096225,0.025055854059878594,0.06432432110908787,0.08451981233093894,0.04227964875870536,0.05807554650945911,1.8164182527314404e-05,28,22,0.04798635813494613,0.22326140341893522,True,False,True,1.605495578539424e-07,COMPLETE
144,0.3512964725494385,2025-04-13 20:05:30.711289,2025-04-13 20:07:05.767155,0 days 00:01:35.055866,0.9609803435587625,0.09073888544040416,2,0.049489754868512384,0.005187228669097304,0.045595721966004914,0.08077355032885096,0.0616327792278383,0.053910996782154615,2.2453720352320965e-05,29,30,0.05088113091343998,0.22526533398583443,True,False,True,1.1422804804063488e-07,COMPLETE
145,0.3101897358894348,2025-04-13 20:07:05.814010,2025-04-13 20:08:35.891724,0 days 00:01:30.077714,0.8053416290259968,0.12814129147975534,2,0.023936569029187747,0.052083636840180816,0.006480432868012954,0.0720800832393894,0.05875754578658466,0.050488421268722994,0.005027295643169187,28,25,0.055630879387280854,0.24018152386971958,True,False,True,2.3716040469652729e-07,COMPLETE
146,0.38687562942504883,2025-04-13 20:08:35.939599,2025-04-13 20:09:55.457093,0 days 00:01:19.517494,0.9079213045414635,0.17010961985392556,2,0.056048068563512035,0.04073621070364634,0.05508639791804829,0.01577424256172469,0.06119628293055309,0.056618099290993346,2.7276335284238783e-05,24,21,0.04779545494427419,0.23064489524566217,True,False,True,5.232076633299237e-08,COMPLETE
147,0.3328886330127716,2025-04-13 20:09:55.504746,2025-04-13 20:11:20.052678,0 days 00:01:24.547932,0.9365314444359887,0.19736244917936266,2,0.0382278439947505,0.060298884183656615,0.05822570967116249,0.07779258889410576,0.02587625197389826,0.0589011628891918,4.4189149975393114e-05,26,8,0.05302677592697498,0.21560130158741456,True,False,True,3.213272856552761e-07,COMPLETE
148,0.2834891259670258,2025-04-13 20:11:20.100157,2025-04-13 20:12:53.763845,0 days 00:01:33.663688,0.8860849766590709,0.1501242179940011,2,0.030591941708908887,0.031319053971930536,0.05825937674523973,0.08590539676346756,0.03488723802361874,0.047770927141619755,1.535401965385158e-05,29,28,0.04333165711449273,0.24780321197860733,True,False,True,2.025373679069929e-07,COMPLETE
149,0.32515970468521116,2025-04-13 20:12:53.811860,2025-04-13 20:14:15.743946,0 days 00:01:21.932086,0.8400987024215998,0.44102768283593585,2,0.07035948620476204,0.04597294156755796,0.010685453755813746,0.0823221222267739,0.05266391136594039,0.06363730737058061,3.578941263776724e-05,25,12,0.06349312930859616,0.2091112520191057,True,False,True,9.103859058409439e-08,COMPLETE
150,0.35766640901565555,2025-04-13 20:14:15.792306,2025-04-13 20:15:48.161153,0 days 00:01:32.368847,0.9990304507023027,0.23761854857350734,2,0.061348278641404366,0.05606696375053679,0.053629053071695465,0.09270251353438065,0.03896720474604438,0.08386877315669079,1.0805451030005842e-05,28,32,0.05084914038322261,0.22305783616694183,True,True,True,1.43279419837049e-07,COMPLETE
151,0.39448233842849734,2025-04-13 20:15:48.218314,2025-04-13 20:17:07.775554,0 days 00:01:19.557240,0.9108608469997335,0.17166626725410544,2,0.05421683231854611,0.04047828951404553,0.05750163608305296,0.04506971627050266,0.05977141969952395,0.05624473244071712,2.8142471290877197e-05,24,21,0.0479753131793645,0.23468678140056506,True,False,True,4.8240327819090855e-08,COMPLETE
152,0.3936713099479675,2025-04-13 20:17:07.824177,2025-04-13 20:18:28.749311,0 days 00:01:20.925134,0.869778178933441,0.17592532020694976,2,0.04866657626462817,0.03582763554466301,0.06318760699225304,0.04856815916546477,0.06047346660695704,0.05451503883968239,2.5491406483574455e-05,24,19,0.04943427854321073,0.2424334455916187,True,False,True,6.895660521097287e-08,COMPLETE
153,0.3738801836967468,2025-04-13 20:18:28.798269,2025-04-13 20:19:49.560567,0 days 00:01:20.762298,0.9158640022249187,0.1782374151695196,2,0.05078937140217862,0.035257001899815135,0.06809444230514995,0.04788235008087608,0.062076047199891196,0.05213434334308174,2.599813007745978e-05,24,17,0.048888934999751124,0.24117642085468233,True,False,True,6.914468236032828e-08,COMPLETE
154,0.36716108322143554,2025-04-13 20:19:49.609388,2025-04-13 20:21:06.982097,0 days 00:01:17.372709,0.8577387395287308,0.12964484716156482,2,0.043530465014039836,0.020263122599192003,0.06092502565312086,0.04096878974225889,0.058897484111231614,0.05410098413946311,2.01173773172209e-05,23,22,0.05750160657049037,0.2531875427984828,True,False,True,6.078430827670862e-08,COMPLETE
155,0.3146543383598328,2025-04-13 20:21:07.032002,2025-04-13 20:22:26.791547,0 days 00:01:19.759545,0.8164572572188353,0.19869467630255605,2,0.04950328654688396,0.03845065715173017,0.05452293576307077,0.04457504079481609,0.05720513953615,0.059332633063089016,3.0695642170041376e-05,24,19,0.0540265849575896,0.2343848978621212,True,False,True,3.8149792370712493e-08,COMPLETE
156,0.30910131931304935,2025-04-13 20:22:26.841675,2025-04-13 20:23:49.425318,0 days 00:01:22.583643,0.8924816282610614,0.09792195017293713,2,0.03858402679408024,0.026799672471303226,0.06394307577598653,0.05396037263868413,0.06811365787755423,0.06704783390730869,1.678073427245973e-05,25,15,0.05084995243454858,0.2450793760675739,False,False,True,8.140583136131583e-08,COMPLETE
157,0.36359095573425293,2025-04-13 20:23:49.475679,2025-04-13 20:25:06.569479,0 days 00:01:17.093800,0.9569003638764636,0.3412458877091311,2,0.062354182823184834,0.0498816040294092,0.05643827931087254,0.03761235502093404,0.06359442302266931,0.0452732112774834,4.984929698360721e-05,23,24,0.0524105919723547,0.2682399438334231,True,False,True,2.874406899784828e-08,COMPLETE
158,0.32338287830352785,2025-04-13 20:25:06.620838,2025-04-13 20:26:40.612149,0 days 00:01:33.991311,0.9335677680021727,0.1414059894112991,2,0.06927725933538577,0.032759945368303345,0.0625987474228716,0.0493325413814915,0.05470076524508409,0.07319918648759492,2.281103499606611e-05,24,27,0.04536781724236633,0.22952276742629357,True,False,False,4.453314549231907e-08,COMPLETE
159,0.33788979053497314,2025-04-13 20:26:40.662414,2025-04-13 20:28:02.956102,0 days 00:01:22.293688,0.871999865783557,0.17170574743257552,2,0.054386087734683626,0.04155862239154775,0.06652263823183506,0.044674679982114954,0.028769954518468907,0.021938049921816763,5.7775564436929557e-05,25,11,0.0479525483336214,0.2573229723820313,True,False,True,1.2348998605100658e-07,COMPLETE
160,0.38500956296920774,2025-04-13 20:28:03.007273,2025-04-13 20:29:18.747047,0 days 00:01:15.739774,0.9151473325522168,0.12314725568453046,2,0.04698696042564941,0.013213661431511946,0.05223933101703152,0.05218110167681074,0.060610422006694774,0.05659348494582196,3.765146481524531e-05,22,19,0.04991584000954047,0.237464044613407,True,False,True,9.716955260344037e-08,COMPLETE
161,0.39444139003753664,2025-04-13 20:29:18.799080,2025-04-13 20:30:44.324326,0 days 00:01:25.525246,0.8745758638251019,0.15522580329438246,2,0.05822749005265059,0.06481858313618852,0.05780626505521074,0.04586886586069892,0.03204607772127334,0.05566434733689256,3.247917783173325e-05,26,26,0.045894640310187515,0.21849819627075448,True,False,True,1.7812705026112447e-07,COMPLETE
162,0.36659873723983766,2025-04-13 20:30:44.385273,2025-04-13 20:32:10.446436,0 days 00:01:26.061163,0.8925450741832945,0.18380987425012324,2,0.05995593353609412,0.05678494136474875,0.05984202912873025,0.04449318421498158,0.031151150238970176,0.06061381274901255,3.069506755291207e-05,26,23,0.046530904828166436,0.201255064027251,True,False,True,2.078697426045683e-07,COMPLETE
163,0.28909130692482,2025-04-13 20:32:10.498911,2025-04-13 20:33:36.769211,0 days 00:01:26.270300,0.8523575455411934,0.15524811592296017,2,0.0342616179192685,0.04472981736660186,0.05744614143391207,0.03768779241786914,0.03331346086684976,0.054933730442229184,2.5171317313366013e-05,26,30,0.04326026900887715,0.21533987843674243,True,False,True,1.6797489741022302e-07,COMPLETE
164,0.36220960617065434,2025-04-13 20:33:36.822027,2025-04-13 20:35:05.418758,0 days 00:01:28.596731,0.8710147830927395,0.11239883112908289,2,0.043782047061063166,0.06608293174733673,0.07056302042784038,0.04641522839448268,0.036573376288235274,0.05770245552200852,4.3504163755429175e-05,27,21,0.05608960312790344,0.22706565193785233,True,False,True,3.46443172258277e-07,COMPLETE
165,0.3880568742752075,2025-04-13 20:35:05.471338,2025-04-13 20:35:36.488409,0 days 00:00:31.017071,0.8317934818349824,0.21858962915086644,8,0.05438947927260997,0.051321487762949064,0.0550723093278704,0.0519899230143934,0.05615872973717071,0.0618828293891154,1.9440640999685212e-05,26,26,0.04934835078010745,0.2840529769050255,True,False,True,2.6125529210327965e-07,COMPLETE
166,0.3441888689994812,2025-04-13 20:35:36.541869,2025-04-13 20:36:59.894086,0 days 00:01:23.352217,0.9043372397102866,0.07261531218864853,2,0.06516546764833679,0.07207425095261574,0.060321874295405184,0.040162034341365394,0.05330674797871496,0.052370770812828524,1.298821214955308e-05,25,16,0.05214311970471651,0.234597661071916,True,False,True,1.1313856767115313e-07,COMPLETE
167,0.32716674208641056,2025-04-13 20:36:59.947281,2025-04-13 20:38:23.143288,0 days 00:01:23.196007,0.9301800132194069,0.15220930115791168,2,0.07564648363847133,0.20274036910082122,0.012758179247923215,0.04698830129499529,0.06513507785346256,0.08978472516423885,6.621756925194257e-05,25,25,0.05482334267637758,0.221043785064727,True,False,True,2.1129485310279705e-08,COMPLETE
168,0.2731906294822693,2025-04-13 20:38:23.196889,2025-04-13 20:39:43.507377,0 days 00:01:20.310488,0.8767193113310623,0.19916943378699614,2,0.02754475053651517,0.07743324478436056,0.048111198925320536,0.04984570013911459,0.027349539260063796,0.05080005100311071,3.2540317212328484e-05,24,29,0.04450341269664488,0.20660603380434525,True,False,True,6.941412750173679e-08,COMPLETE
169,0.32197118997573854,2025-04-13 20:39:43.561015,2025-04-13 20:41:19.914921,0 days 00:01:36.353906,0.9784061374448794,0.13406752827738622,2,0.047936362944338694,0.036762165784498715,0.053033591888284846,0.08475800031479278,0.05995806864677455,0.03265724351103434,2.7383035779270563e-05,30,35,0.04756456768057632,0.2437454478518045,True,False,True,1.5246894519556937e-07,COMPLETE
