number,value,datetime_start,datetime_complete,duration,params_alpha-eval,params_alpha-train,params_batch-size,params_eps-eval,params_eps-train,params_lambda-actions-eval,params_lambda-actions-train,params_lambda-frames-eval,params_lambda-frames-train,params_learning-rate,params_n-epochs,params_n-frames,params_radius-gw,params_rho,params_std-feats,params_ub-actions,params_ub-frames,params_weight-decay,state
911,0.4142225980758667,2025-04-14 04:17:09.835222,2025-04-14 04:17:28.863126,0 days 00:00:19.027904,0.9526187096041351,0.17978335507583637,16,0.010585420048456584,0.11074816948464797,0.07242592408325205,0.09985109098972363,0.09472259976040268,0.09168420523420943,0.008172658682272568,16,37,0.0876810627288119,0.11887796453241947,True,True,True,0.00029277847098072707,COMPLETE
912,0.375071120262146,2025-04-14 04:17:29.160253,2025-04-14 04:17:48.024276,0 days 00:00:18.864023,0.9115954802060358,0.20557321776761156,16,0.006616344059528651,0.11998767036883076,0.07637593599889757,0.060405348405331,0.045818248335912,0.08948480893790543,0.009882568104258267,17,27,0.08438694351680277,0.10980930563449713,True,True,True,0.0003976972093421436,COMPLETE
913,0.43548372983932504,2025-04-14 04:17:48.322823,2025-04-14 04:18:06.218972,0 days 00:00:17.896149,0.9351303431982251,0.2572948326650955,16,0.014591085885934663,0.10753118231788908,0.07048054450106084,0.0966397979600109,0.08929696492631353,0.08276755390510308,0.00615563810742737,15,23,0.08138166166538763,0.13347311211667942,True,True,True,0.0002160922935556094,COMPLETE
914,0.3253136217594147,2025-04-14 04:18:06.519396,2025-04-14 04:18:24.441271,0 days 00:00:17.921875,0.7206813805507425,0.22943711216283383,16,0.0006073361345053949,0.11590016102734772,0.07840941012317024,0.08857001824945755,0.09165031511818744,0.09658390810263254,0.011775644866322625,14,31,0.08571670404560418,0.12451469836997896,True,True,True,0.0005967060408867431,COMPLETE
915,0.44012904167175293,2025-04-14 04:18:24.725324,2025-04-14 04:18:42.844123,0 days 00:00:18.118799,0.9691040763133346,0.16920869090376262,16,0.010394550846909557,0.12275742030688172,0.07408730494988985,0.09998219244073422,0.0935763217701463,0.0944816793942778,0.005094559012851564,14,34,0.08785217786282659,0.10342170395037101,True,True,True,0.00027501047206037035,COMPLETE
916,0.1940129637718201,2025-04-14 04:18:43.144082,2025-04-14 04:19:01.610503,0 days 00:00:18.466421,0.9526036383053138,0.1962259692550098,16,0.22492976870553083,0.10653293911859886,0.07155113857437329,0.09822866071496372,0.08778840172972752,0.09245955465861404,0.007523378287061706,16,28,0.0840294132355118,0.1173941280860722,True,True,True,0.00036448718636264866,COMPLETE
917,0.36335645914077763,2025-04-14 04:19:01.909677,2025-04-14 04:19:19.289518,0 days 00:00:17.379841,0.9979201173207897,0.25962954304289493,16,0.005759309444980096,0.12818539378418656,0.07303108898250484,0.09999796103383836,0.09516492935466522,0.09790547039758649,0.00937955069305576,13,39,0.08219117363476253,0.11292895413871555,True,True,True,0.00019493429500387228,COMPLETE
918,0.4569979786872864,2025-04-14 04:19:19.591102,2025-04-14 04:19:38.566881,0 days 00:00:18.975779,0.8920294433834218,0.21779918092092063,16,0.028724823415538975,0.1135430859596636,0.07036533663684227,0.09562771064432286,0.09098269677030144,0.08555547328083284,0.011982721617309004,17,31,0.08933511342261674,0.095222204751339,True,True,True,0.0004932030665011501,COMPLETE
919,0.4148118615150451,2025-04-14 04:19:38.852392,2025-04-14 04:19:57.335022,0 days 00:00:18.482630,0.9297950255643127,0.23614629751026933,16,0.016944534000944055,0.11739134983537781,0.07586534010763792,0.09689232710620012,0.08551886334849783,0.09586189267631898,0.008773037761003978,15,35,0.08614327658928714,0.12859993894607932,True,True,True,0.00024345119587171593,COMPLETE
920,0.3474044561386108,2025-04-14 04:19:57.633128,2025-04-14 04:20:15.731063,0 days 00:00:18.097935,0.9758904315202938,0.18733540725692902,16,0.01399342346672162,0.10780355275822082,0.07397236108185337,0.009979442932226551,0.09285739935244747,0.089886918484745,0.013937497247179005,15,24,0.08359800331949704,0.12029681083743037,True,True,True,0.0003356117484212243,COMPLETE
921,0.35415314435958867,2025-04-14 04:20:16.031542,2025-04-14 04:20:33.066171,0 days 00:00:17.034629,0.9547830156242811,0.20838759049029365,16,0.032757870563307874,0.1261915425386596,0.07161683935017919,0.09220148948402156,0.08889488000728345,0.09406301725445068,0.018411845013757155,12,29,0.08750914261351568,0.13116685291668964,True,True,True,0.00042981437417520004,COMPLETE
922,0.35670037269592286,2025-04-14 04:20:33.367976,2025-04-14 04:20:51.872241,0 days 00:00:18.504265,0.9090052961868629,0.24528972505936716,16,0.022291811562180033,0.10262218437205203,0.07890714413507427,0.08592446150905582,0.09531273456825237,0.09187111684519045,0.01053004601968917,16,37,0.08064799366312202,0.10906851394968894,True,True,False,0.0002855983579735662,COMPLETE
923,0.3543680787086487,2025-04-14 04:20:52.160087,2025-04-14 04:21:09.241826,0 days 00:00:17.081739,0.9997069910471715,0.22754293492200237,16,0.0003495992128297945,0.11171605218924696,0.06908115070664697,0.09499519358300838,0.0914006758760057,0.08764975507000712,0.007319762813418529,13,33,0.08980231899399536,0.2885993479532786,False,True,True,0.00017745273438076167,COMPLETE
924,0.4563746809959412,2025-04-14 04:21:09.540843,2025-04-14 04:21:27.851079,0 days 00:00:18.310236,0.9331674156181976,0.25970199338923106,16,0.010867621312854852,0.11943702499055432,0.07511035037980665,0.09820590474867888,0.09360587531453399,0.09812919132478116,0.011080137410163718,15,26,0.08509274452990377,0.12503088745066585,True,True,True,0.0006302672196946162,COMPLETE
925,0.4568228602409363,2025-04-14 04:21:28.151686,2025-04-14 04:21:46.057290,0 days 00:00:17.905604,0.9705152641120789,0.1726895299788696,16,0.019577687857045608,0.10334315054442243,0.07266690415291012,0.09118819829987404,0.08958566620410652,0.09555069363752561,0.015069835700868119,14,30,0.08303076462832126,0.11559684521016284,True,True,True,0.0002344703100282616,COMPLETE
926,0.4664040803909302,2025-04-14 04:21:46.362526,2025-04-14 04:22:04.313964,0 days 00:00:17.951438,0.9540988963187991,0.20553490243607747,16,0.006364916803790314,0.11459537905994989,0.07740708660754773,0.09684226974141737,0.09208131062069445,0.09359013964443952,0.008737896204562525,14,33,0.08723873227464607,0.11983663723089105,True,True,True,0.00034678305166205596,COMPLETE
927,0.3468835949897766,2025-04-14 04:22:04.600727,2025-04-14 04:22:22.773081,0 days 00:00:18.172354,0.9739797538096532,0.18380269486575845,16,0.0050684101098773995,0.12767555979787246,0.08003840224098979,0.09800854966040005,0.09569045650860865,0.09022415034112077,0.005416423609947283,14,43,0.08893765062003213,0.13289700543241412,True,True,True,0.000520948485066579,COMPLETE
928,0.3515851140022278,2025-04-14 04:22:23.074867,2025-04-14 04:22:41.282375,0 days 00:00:18.207508,0.983155745684118,0.19926552532479985,16,0.00035561509296191604,0.12152683044836499,0.07767776199345248,0.09995684585271601,0.0938634196780524,0.09242172200600494,0.006889717770083853,14,36,0.09011873538810526,0.1251800743620721,True,True,True,0.0004201885372400194,COMPLETE
929,0.35949324369430546,2025-04-14 04:22:41.583511,2025-04-14 04:22:58.905974,0 days 00:00:17.322463,0.9554321586286333,0.16028147860892145,16,0.0058732834265443805,0.11605587966084693,0.07851200023096054,0.09438559338222151,0.090546766583621,0.08790602733449131,0.007936978060666428,13,28,0.08722120979131362,0.12018687141379845,True,True,True,0.00035081112114124837,COMPLETE
930,0.1888286888599396,2025-04-14 04:22:59.211700,2025-04-14 04:23:16.598549,0 days 00:00:17.386849,0.9997367326439109,0.23587385459258495,16,0.00627813004788131,0.13077053226497312,0.07702410949494135,0.09694650020928446,0.08796035679842372,0.09609804856695922,0.00634116546315892,14,20,0.08813521542181837,0.13468391492986476,True,True,True,0.0004981220233335173,COMPLETE
931,0.25073590874671936,2025-04-14 04:23:16.886323,2025-04-14 04:23:36.183024,0 days 00:00:19.296701,0.6206827820001459,0.21914134102761657,16,0.00019834041276984432,0.1214110321356244,0.07705872955660839,0.09803034173065205,0.0925532754237508,0.09999361069668226,0.008811981383205105,13,81,0.08644337663975417,0.12958343901229596,True,True,True,0.0007230353567909189,COMPLETE
932,0.30259333848953246,2025-04-14 04:23:36.486087,2025-04-14 04:23:54.522736,0 days 00:00:18.036649,0.9558283407562709,0.26391265605375447,16,0.01032474422470762,0.1132111866659887,0.08019056649392609,0.029729269620386467,0.09562410637227801,0.09336049604024163,0.009165836958737494,14,32,0.09016589379449734,0.10697441595255311,True,True,True,0.0003567029741485655,COMPLETE
933,0.401402235031128,2025-04-14 04:23:54.826792,2025-04-14 04:24:12.910995,0 days 00:00:18.084203,0.9717329521066439,0.1939908490983757,16,0.010688817861941207,0.10686360873754788,0.07577735271072358,0.09511909423143315,0.08564931308024194,0.09003648170150197,0.006238845671476889,14,39,0.08774739061673752,0.12257383513445809,True,True,True,0.00029383124451180033,COMPLETE
934,0.33786765933036805,2025-04-14 04:24:13.214169,2025-04-14 04:24:30.535941,0 days 00:00:17.321772,0.1964714738174555,0.24355582858391972,16,0.004508474171271232,0.12512945712950213,0.0787016933387336,0.09817086907001626,0.09010805473409896,0.09806948858928,0.007705544010114399,13,25,0.08603451810654987,0.11302860515997452,True,True,True,0.000431375612604727,COMPLETE
935,0.4365028023719788,2025-04-14 04:24:30.843820,2025-04-14 04:24:47.881026,0 days 00:00:17.037206,0.9469226524747391,0.2140899012553506,16,0.012629921773225354,0.0932425804490056,0.0749318298677885,0.09310135034757151,0.09209758274555718,0.09175439939320734,0.009874572881370796,12,30,0.09116893753747304,0.10096883076589405,True,True,True,0.0005927621324035268,COMPLETE
936,0.44715873003005985,2025-04-14 04:24:48.173348,2025-04-14 04:25:06.143890,0 days 00:00:17.970542,0.98472575980557,0.17049463564632844,16,0.006992812300541995,0.10219557782129131,0.08134941001038869,0.09999332895890553,0.09361335532422602,0.09535313160777598,0.004973906217093773,14,35,0.0881454385986322,0.12696298586604962,True,True,True,0.00021063311878779723,COMPLETE
937,0.4156755208969116,2025-04-14 04:25:06.448082,2025-04-14 04:25:24.685037,0 days 00:00:18.236955,0.9634470233015151,0.2320159137843281,16,0.012175956470742797,0.13440470644662347,0.07662655287526003,0.09577402110003837,0.08893473343813846,0.015384556825982103,0.00811545357728484,15,32,0.0856653260817683,0.12009490362846455,True,True,True,0.0003947363803352095,COMPLETE
938,0.4392029643058777,2025-04-14 04:25:24.991223,2025-04-14 04:25:42.772659,0 days 00:00:17.781436,0.939291305689938,0.260620278253295,16,0.01646871340110938,0.11453044377913635,0.07287508212236062,0.09653775294971065,0.09589956077201205,0.09396209234765411,0.00958794281684453,14,27,0.08193236257278633,0.1367379053663826,True,True,True,0.00032255796529869727,COMPLETE
939,0.3338676929473877,2025-04-14 04:25:43.081064,2025-04-14 04:26:00.658223,0 days 00:00:17.577159,0.9228269530884141,0.20316218181735946,16,0.0003156093528917728,0.10008850377926634,0.0750079689943264,0.08988751854130879,0.09110799074190253,0.09687046626121217,0.011115241672807905,13,35,0.08358614235638144,0.04668115104449841,True,True,True,0.0001708085996406209,COMPLETE
940,0.30370090007781986,2025-04-14 04:26:00.950287,2025-04-14 04:26:18.961072,0 days 00:00:18.010785,0.5449816878919176,0.18610333978609822,16,0.17119873132049376,0.11937896171730933,0.0781608623560858,0.09819536522050558,0.09418736955579038,0.08843398629876706,0.006530628296766291,15,29,0.0883564079891656,0.11338754553299824,True,True,True,0.00023758435243431006,COMPLETE
941,0.4242855668067932,2025-04-14 04:26:19.263798,2025-04-14 04:26:35.767034,0 days 00:00:16.503236,0.9562647808232285,0.24827540832742487,16,0.026261925065583374,0.10932321257578974,0.07481695500950321,0.09486076679039852,0.08780442047162973,0.09165441321032547,0.008634949344348889,11,23,0.08032806226693635,0.12680946053969244,True,True,True,0.00045850243870940014,COMPLETE
942,0.3684135675430298,2025-04-14 04:26:36.074092,2025-04-14 04:26:53.202338,0 days 00:00:17.128246,0.9814982863488915,0.2202914515131239,16,0.00671357240070278,0.1259366985768123,0.07359983270979589,0.09999753062466496,0.09227795777514741,0.09476490080878451,0.010920922282090548,13,38,0.09028370120145376,0.11944742662049096,False,True,True,0.00031177801682460526,COMPLETE
943,0.27845829725265503,2025-04-14 04:26:53.510785,2025-04-14 04:27:12.610126,0 days 00:00:19.099341,0.05329686875349682,0.16538849922132492,16,0.013550029749261863,0.09255529554703279,0.07652931524934323,0.09161247339119691,0.0900110155275474,0.09827290134970185,0.007263408770493753,14,63,0.08571862257285245,0.1090040942854127,True,True,True,0.0005892762167083711,COMPLETE
944,0.39108101129531864,2025-04-14 04:27:12.920096,2025-04-14 04:27:30.828946,0 days 00:00:17.908850,0.9427195121005141,0.27070834742437927,16,0.021268648017914865,0.11501438190401986,0.0729295736665448,0.09691468751989867,0.09441686392887896,0.09285522287087283,0.012818861641225903,15,32,0.08298107558282133,0.13115800779936013,True,True,False,0.00026263015488216387,COMPLETE
945,0.45190181732177737,2025-04-14 04:27:31.123119,2025-04-14 04:27:48.039465,0 days 00:00:16.916346,0.919396136146546,0.2322279254421708,16,0.006474820447399299,0.10445983370937924,0.07108470761383744,0.09349287386710607,0.09566456922625372,0.08969123873076232,0.009951184567635439,12,26,0.08592559162524654,0.11531334166631654,True,True,True,0.0001868106307331709,COMPLETE
946,0.1888286888599396,2025-04-14 04:27:48.346119,2025-04-14 04:28:06.303497,0 days 00:00:17.957378,0.9684945545296454,0.03520355720704632,16,0.017346924467831697,0.09813058233576416,0.07446090446103022,0.09819830754109558,0.09188284105582778,0.018215027797550035,0.013849381105576005,14,42,0.08936783178216223,0.1231492153213639,True,True,True,0.0003685347258906555,COMPLETE
947,0.3916245698928833,2025-04-14 04:28:06.608495,2025-04-14 04:28:25.599026,0 days 00:00:18.990531,0.9812685957065957,0.20136734669705736,16,0.010456547251602034,0.1082062519501402,0.0772646494980553,0.09522032335952321,0.08675230403320118,0.09489876471957727,0.0060356366929303264,15,53,0.08421883396925925,0.1395499357631697,True,True,True,0.0004739081548765994,COMPLETE
948,0.3867685437202454,2025-04-14 04:28:25.909465,2025-04-14 04:28:43.458352,0 days 00:00:17.548887,0.9504881188117235,0.18912741210954825,16,0.03323986790329668,0.08731167873848329,0.07135172376571856,0.0564378972953344,0.09349865247085425,0.09643694104428033,0.00848854349437829,13,34,0.08729543582814862,0.12767511958615319,True,True,True,0.00023271712622899738,COMPLETE
949,0.3579538106918335,2025-04-14 04:28:43.752105,2025-04-14 04:29:05.508770,0 days 00:00:21.756665,0.9025506516655545,0.24485598550759527,16,0.02652707523029223,0.1193553100182286,0.07349765925916683,0.09676257624374994,0.09004476002138498,0.08585613771983035,0.011148004743885932,15,116,0.07970526362875363,0.1049229295461001,True,True,True,0.0009870677224454076,COMPLETE
950,0.35583136081695554,2025-04-14 04:29:05.816256,2025-04-14 04:29:23.596724,0 days 00:00:17.780468,0.9992180359280878,0.2186426690126972,16,0.00026123828084906493,0.13122871208520398,0.07936950054178808,0.09828873661629292,0.09607117369063739,0.0925998369197977,0.025597685424808597,14,30,0.08172208465264631,0.1199800619792255,True,True,True,0.00032189836783183095,COMPLETE
951,0.3463994860649109,2025-04-14 04:29:23.909837,2025-04-14 04:29:47.740684,0 days 00:00:23.830847,0.9380141517267793,0.2714028125525563,8,0.021611240928646448,0.12431340750002594,0.07084988160234525,0.09278435614428403,0.07623226636714642,0.09019152281852388,0.01605474730895658,15,37,0.09102672058136273,0.1327217935808236,True,True,True,0.00016214753534741813,COMPLETE
952,0.41177797317504883,2025-04-14 04:29:48.049488,2025-04-14 04:30:12.124455,0 days 00:00:24.074967,0.9651587932625467,0.20846656692447554,8,0.014607654595773244,0.11091266466840113,0.06923161064635037,0.08760796547099703,0.09173095751813784,0.09790118523365757,0.007412122609513633,16,28,0.08481627966411548,0.09608701675863753,True,True,True,0.0007562643350085792,COMPLETE
953,0.4593357086181641,2025-04-14 04:30:12.441969,2025-04-14 04:30:30.432483,0 days 00:00:17.990514,0.9201010906933712,0.169159359850751,16,0.005090782573572703,0.1002325147040425,0.0754991611443007,0.0954421179226461,0.0883792098007939,0.09395558742417472,0.021216694360849397,14,32,0.08748586473953222,0.11274274955134883,True,True,True,0.00039132467143730254,COMPLETE
954,0.39551299810409546,2025-04-14 04:30:30.730501,2025-04-14 04:30:54.346508,0 days 00:00:23.616007,0.9548896505173599,0.24737663078528416,8,0.011515175394121556,0.11572562563755266,0.0724202736610825,0.09816793365275726,0.04849899570064519,0.09626075955610423,0.012338446136297808,15,34,0.08928849924289893,0.12498475755561456,True,True,True,0.00028142773537072026,COMPLETE
955,0.39980086088180544,2025-04-14 04:30:54.656926,2025-04-14 04:31:13.471127,0 days 00:00:18.814201,0.9820813577987207,0.22804814010617536,16,0.018847229792044444,0.10509561754629686,0.0678685654718079,0.047530973469832996,0.09400789447148648,0.09192273661849285,0.009788774269117766,17,21,0.0828721570749773,0.11800576208541898,True,True,True,0.0002080639620817414,COMPLETE
956,0.41963804960250856,2025-04-14 04:31:13.783321,2025-04-14 04:31:35.633563,0 days 00:00:21.850242,0.9364250541679546,0.19083995029564887,8,0.026969805115954804,0.08199912161288074,0.07396689205758328,0.09476213971201353,0.0963890377047154,0.0999782160530218,0.008708658244113094,13,25,0.08611265871230811,0.13450396922291033,True,True,True,0.0005397204124761775,COMPLETE
957,0.44916408061981206,2025-04-14 04:31:35.947969,2025-04-14 04:31:52.188827,0 days 00:00:16.240858,0.9654817327846197,0.21097751893179112,16,0.006074013624086855,0.09348357881487049,0.07667817588804952,0.0998912394772953,0.05098563483290669,0.09472887285616322,0.0053181219935098025,10,30,0.08401004026953453,0.10860095391636265,True,True,True,0.00024180353744687364,COMPLETE
958,0.3868839025497437,2025-04-14 04:31:52.504072,2025-04-14 04:32:15.437691,0 days 00:00:22.933619,0.9996800036921296,0.2490814405440673,8,0.035406134501784495,0.12199929154462585,0.06978508191022496,0.09066506787020044,0.09069022246611008,0.08783445380940556,0.01733480600625742,14,40,0.08150576031381494,0.12327749727418827,True,True,True,0.0003384548365946949,COMPLETE
959,0.1978515088558197,2025-04-14 04:32:15.737638,2025-04-14 04:32:36.584995,0 days 00:00:20.847357,0.8900667951197131,0.1625034281410425,16,0.014148630691112402,0.11049915495586386,0.045205768990661914,0.09669865270010139,0.09302344977711431,0.09107798777969744,0.01132301289165842,16,89,0.020554662815487477,0.11504913112534981,True,True,True,0.0004504286203680761,COMPLETE
960,0.31852089166641234,2025-04-14 04:32:36.896612,2025-04-14 04:33:00.356551,0 days 00:00:23.459939,0.9209308790284153,0.27138235920419834,8,0.023363428010478197,0.1412708633218047,0.07204075581359538,0.09369269533996301,0.08904436678359677,0.09634328715366342,0.013703919574257834,15,36,0.08871868939654688,0.12848427214507052,True,True,False,0.00015795097983339838,COMPLETE
961,0.1888286888599396,2025-04-14 04:33:00.670501,2025-04-14 04:33:17.380054,0 days 00:00:16.709553,0.9466640666574079,0.23073660335141563,16,0.008313021356309415,0.12835010964007385,0.07511947002408256,0.09994933188599267,0.08405425231731457,0.09337262256375232,0.00717012858147211,13,28,0.09169547781327753,0.10118938836111345,False,True,True,0.00029044230078810424,COMPLETE
962,0.4447849273681641,2025-04-14 04:33:17.694250,2025-04-14 04:33:42.785194,0 days 00:00:25.090944,0.9747334612133235,0.18521549650764946,8,0.018013080205826686,0.09734650241598178,0.07022207133525939,0.09659913187191534,0.06321345868259261,0.09822522381118837,0.010100653377655493,17,32,0.08639612471806277,0.11884467408980229,True,True,True,0.0006177888852887479,COMPLETE
963,0.19698157310485842,2025-04-14 04:33:43.101698,2025-04-14 04:34:00.310718,0 days 00:00:17.209020,0.9340163464173906,0.20830561775366813,16,0.1915567822858661,0.11715911336273788,0.06745112980507792,0.09830147487385821,0.09446533329929703,0.08965296781846828,0.008663538408490636,12,34,0.08459554164286515,0.13879930513915692,True,True,True,0.00038917510506864157,COMPLETE
964,0.45277185440063483,2025-04-14 04:34:00.610794,2025-04-14 04:34:24.079678,0 days 00:00:23.468884,0.9588809143579164,0.2274141822623238,8,0.00033228418223032324,0.10582086784083089,0.07272493946741315,0.09257274848046604,0.08625813872161932,0.0933768588646581,0.012766731456432671,15,30,0.0806048042503757,0.11060158593761787,True,True,True,0.00020219378202972015,COMPLETE
965,0.4286778330802918,2025-04-14 04:34:24.390439,2025-04-14 04:34:42.769202,0 days 00:00:18.378763,0.9009935889097335,0.2591396284236944,16,0.013794230356381977,0.0905107139214231,0.07805232705831834,0.09541013121861114,0.09161420204045505,0.0963198317450058,0.014969326417455615,16,25,0.08705719312428697,0.12536314200887205,True,True,True,0.0002888849128104365,COMPLETE
966,0.3302194952964783,2025-04-14 04:34:43.081564,2025-04-14 04:35:06.841247,0 days 00:00:23.759683,0.9134518357122846,0.1864811838995743,8,0.0301800043341604,0.13338235983648394,0.07371554090932127,0.09791477287035694,0.09292549559318578,0.09165414343728782,0.010033941760848451,15,38,0.09048035338465442,0.09001433835521994,True,True,True,0.00048125946018498685,COMPLETE
967,0.44906806945800787,2025-04-14 04:35:07.156161,2025-04-14 04:35:25.155860,0 days 00:00:17.999699,0.9819256298800692,0.23966263171882038,16,0.009692816832925286,0.11250850414995955,0.07061889198144626,0.09648463672695055,0.09625395882349314,0.09493350036286712,0.00775081278465849,14,28,0.08319482380764855,0.12059440246683024,True,True,True,0.00023954189198814157,COMPLETE
