number,value,datetime_start,datetime_complete,duration,params_alpha-eval,params_alpha-train,params_batch-size,params_eps-eval,params_eps-train,params_lambda-actions-eval,params_lambda-actions-train,params_lambda-frames-eval,params_lambda-frames-train,params_learning-rate,params_n-epochs,params_n-frames,params_radius-gw,params_rho,params_std-feats,params_ub-actions,params_ub-frames,params_weight-decay,state
1025,0.2834328532218933,2025-04-14 04:52:53.522100,2025-04-14 04:53:15.619713,0 days 00:00:22.097613,0.40337207359967936,0.1829300979861309,16,0.020675504512829315,0.11587107043549708,0.06788385431424375,0.09055401240855664,0.09263340345390793,0.09988270949694512,0.008665590143938584,15,122,0.08728123967210537,0.13581505472588276,True,True,True,0.00020031033139170323,COMPLETE
1026,0.19930661320686344,2025-04-14 04:53:15.954991,2025-04-14 04:53:33.882313,0 days 00:00:17.927322,0.9159383959006366,0.15131662614791114,16,0.2032568787638113,0.10696329025772777,0.06526397595960177,0.09814054969372657,0.074057048673802,0.09432234367305255,0.012520834284651313,14,31,0.07872361729403161,0.11679704891533986,True,True,True,0.000242583057530224,COMPLETE
1027,0.413100266456604,2025-04-14 04:53:34.202587,2025-04-14 04:53:51.324160,0 days 00:00:17.121573,0.9997377070839109,0.21173854295236705,16,0.015017003479850093,0.13821703276506808,0.07574842248207633,0.09348749856357434,0.09655980212442207,0.0907221829992436,0.025587828569198303,12,40,0.08482932610209035,0.10399651783621662,True,False,True,0.0005334510063089269,COMPLETE
1028,0.4102296352386474,2025-04-14 04:53:51.658906,2025-04-14 04:54:09.164465,0 days 00:00:17.505559,0.9513421870738479,0.2307715704470075,16,0.03113776550046264,0.12009898142415036,0.07108802256909698,0.0967777594156985,0.09066375762581845,0.08287266873613705,0.010954450508133071,13,34,0.08191397193391586,0.11110442016660196,True,True,True,0.00029916851665739904,COMPLETE
1029,0.46694334745407107,2025-04-14 04:54:09.498490,2025-04-14 04:54:27.207109,0 days 00:00:17.708619,0.9675839929012319,0.1887275469673313,16,0.009349286495940065,0.10233307964033127,0.07302360522112689,0.09478061632622432,0.09422820253388117,0.0886424885327761,0.008553450484978813,14,28,0.09002947210139393,0.05766109976987317,True,True,True,0.00037159367240384894,COMPLETE
1030,0.43304554224014286,2025-04-14 04:54:27.541297,2025-04-14 04:54:44.817897,0 days 00:00:17.276600,0.9834322594513228,0.1422781033461795,16,0.005505974355207622,0.09879586515704526,0.07711353874500461,0.0951522708915524,0.09728100906171214,0.08661441767985836,0.0064602997123038445,13,23,0.09385334331874218,0.060173034446782,True,True,True,0.00023476722542751998,COMPLETE
1031,0.42041698694229124,2025-04-14 04:54:45.153944,2025-04-14 04:55:02.595551,0 days 00:00:17.441607,0.9995637737456062,0.17220475407481572,16,0.00039248611794615723,0.10372372173827943,0.08179681218176041,0.09724496193066286,0.09814881949112263,0.08815367075826439,0.007582179587274306,14,19,0.09063979420694569,0.056226947858469004,True,True,True,0.0003142521502532126,COMPLETE
1032,0.44934813976287846,2025-04-14 04:55:02.931826,2025-04-14 04:55:20.686616,0 days 00:00:17.754790,0.9714523790308426,0.15848677056132315,16,0.008560638962419629,0.1015769984077419,0.07486184202687168,0.09797143986147482,0.09516170681608192,0.0866915151987938,0.01071326227076248,14,25,0.09106925544508153,0.04197683692660065,True,True,True,0.0001327811273558968,COMPLETE
1033,0.33958901166915895,2025-04-14 04:55:21.026028,2025-04-14 04:55:41.296648,0 days 00:00:20.270620,0.9990755116922885,0.18823899374062944,16,0.005771096941238956,0.1083362154427627,0.07400064241080809,0.09497923087037533,0.09471194197250084,0.08930329459802985,0.00585302522355522,14,95,0.09425714578184302,0.0669488456220555,True,True,True,0.00017584147750640758,COMPLETE
1034,0.31472741365432744,2025-04-14 04:55:41.618841,2025-04-14 04:55:58.822244,0 days 00:00:17.203403,0.24822888770187862,0.11976537565617884,16,0.009367779662366689,0.09611738869108097,0.07938281094701342,0.09615510537039668,0.09820124627838467,0.08587014554556531,0.008079698212569729,13,22,0.0919723079533145,0.04808842289262629,True,True,True,0.00045164268921532173,COMPLETE
1035,0.1888286888599396,2025-04-14 04:55:59.159678,2025-04-14 04:56:16.240855,0 days 00:00:17.081177,0.9691472674214381,0.18747993295020116,16,0.2586058571425225,0.10410597590278078,0.07610405043536675,0.0942828898659011,0.09587108229263788,0.08434410522059513,0.004897690104796437,13,26,0.08946700498618826,0.06281974734952642,True,True,True,0.00026216490134711544,COMPLETE
1036,0.3980040311813354,2025-04-14 04:56:16.575190,2025-04-14 04:56:31.353685,0 days 00:00:14.778495,0.9693600663416068,0.16874633631394548,16,0.01267552116810922,0.10943616826128608,0.07257069846236652,0.0982580220054883,0.09419879897559096,0.08840128079751287,0.013811131882320334,6,27,0.09272474523266423,0.04563203669432534,True,True,True,0.0003419436201445745,COMPLETE
1037,0.33234623670578006,2025-04-14 04:56:31.688694,2025-04-14 04:56:49.276725,0 days 00:00:17.588031,0.981222103007688,0.1402629657993705,16,0.00039582050481735243,0.09832949926865564,0.07300020725971061,0.09666452389250453,0.0934823395668792,0.08920505080167948,0.01875502355589389,14,28,0.08912391509199291,0.05322218582227751,True,True,False,0.000630899167544492,COMPLETE
1038,0.42493925094604496,2025-04-14 04:56:49.614056,2025-04-14 04:57:06.623766,0 days 00:00:17.009710,0.9570758004953208,0.19463028811783764,16,0.005609521968488827,0.09084283520942706,0.07763612274841825,0.09995841924074936,0.09580484445954215,0.09061634067914075,0.009462855451736304,12,23,0.0925415837609279,0.06687976901042748,True,True,True,0.00021241252189859095,COMPLETE
1039,0.1888286888599396,2025-04-14 04:57:06.965212,2025-04-14 04:57:24.005204,0 days 00:00:17.039992,0.999797538016271,0.2212476249507448,16,0.013051555686596864,0.11122838088389439,0.06957670112615871,0.09325931104078887,0.09230166110638156,0.08396890387934011,0.015961815144005558,14,29,0.09541602711791754,0.054442921594389175,False,True,True,0.000287355058020494,COMPLETE
1040,0.3768298506736756,2025-04-14 04:57:24.345005,2025-04-14 04:57:41.609791,0 days 00:00:17.264786,0.9506794482863506,0.08451592458721294,16,0.010425431788350252,0.1026472173633823,0.075615255413177,0.09787862879290213,0.09821781200173704,0.08755946033760678,0.012274211456709722,13,27,0.08812661589958355,0.060941710858141165,True,True,True,0.0003894035817492521,COMPLETE
1041,0.4399333715438843,2025-04-14 04:57:41.933733,2025-04-14 04:57:58.776900,0 days 00:00:16.843167,0.9805694148835445,0.24200459265606364,16,0.005030934921106817,0.11389649018581256,0.07351741800137047,0.09592866696484317,0.09968990196653518,0.09210262140755723,0.00718083237043392,11,30,0.0908151566003465,0.058073644500747396,True,True,True,0.00015960511281517024,COMPLETE
1042,0.4143438577651978,2025-04-14 04:57:59.112905,2025-04-14 04:58:16.919810,0 days 00:00:17.806905,0.9682727176256999,0.1713032424573759,16,0.01784315592704854,0.10476145387904064,0.07111384071824214,0.0984679956787079,0.09332594385466567,0.08999787510946564,0.009694455906256236,14,25,0.08752664396863856,0.13240461420865865,True,True,True,0.0005238444576856671,COMPLETE
1043,0.4170596241950989,2025-04-14 04:58:17.258459,2025-04-14 04:58:35.245850,0 days 00:00:17.987391,0.9484250950694281,0.1975171162384836,16,0.013231108897747243,0.09809469062412426,0.0670284873283459,0.09408306403105261,0.09036063627584545,0.09181021176356867,0.007969987942091533,15,21,0.08970134606010695,0.14475402464943757,True,True,True,0.00021355532978745305,COMPLETE
1044,0.3151699066162109,2025-04-14 04:58:35.584260,2025-04-14 04:58:51.821479,0 days 00:00:16.237219,0.5967237159062333,0.2138405731196721,16,0.005452958440977103,0.09270829062440197,0.06890698398823418,0.09549412442617353,0.09637116890548968,0.08857683967340134,0.011515381102315782,10,29,0.08627854038151953,0.06909669742352054,True,True,True,0.000338468276313045,COMPLETE
1045,0.32127195596694946,2025-04-14 04:58:52.160921,2025-04-14 04:59:09.215516,0 days 00:00:17.054595,0.9999071652178193,0.14019944533758974,16,0.016471820010356165,0.10994341813788569,0.06364588152829524,0.09297327381202312,0.09374161990012353,0.08573829273111756,0.021247665437479406,13,16,0.07939610187686202,0.05419237407559576,True,True,True,0.0002874243200333505,COMPLETE
1046,0.3961435079574585,2025-04-14 04:59:09.558194,2025-04-14 04:59:27.460237,0 days 00:00:17.902043,0.9448010654365768,0.22990164305358357,16,0.010753659743203461,0.08262044220841987,0.0789459308006055,0.09849403441561495,0.09197064890460514,0.09094820013558456,0.01451514870955941,12,66,0.08359502679388227,0.049082939705930306,True,False,True,0.0004216500459745774,COMPLETE
1047,0.40808454751968387,2025-04-14 04:59:27.800335,2025-04-14 04:59:45.794880,0 days 00:00:17.994545,0.9670580778971265,0.17958801754562495,16,0.005024409128616262,0.11641484980681747,0.07553182438999764,0.09664755470432017,0.08877479254261454,0.09311259497391787,0.03433844147423722,14,31,0.08091246484005823,0.0802019412592973,True,True,True,0.0002380483479459063,COMPLETE
1048,0.4553724527359009,2025-04-14 04:59:46.138202,2025-04-14 05:00:04.621677,0 days 00:00:18.483475,0.9809347380349425,0.2473069445354852,16,0.01802552458326907,0.10508454170467765,0.07220146664900527,0.09473675634148734,0.09499416286197343,0.08225664945118116,0.00609122828145769,15,32,0.08817632816573333,0.13719875700583062,True,True,True,0.00019300305492171233,COMPLETE
1049,0.4524842739105225,2025-04-14 05:00:04.949951,2025-04-14 05:00:22.662190,0 days 00:00:17.712239,0.9397038246360918,0.1542076910852489,16,0.0003961097082246717,0.11395975804829607,0.07405487515810069,0.09834978498560265,0.08696022547962157,0.09080092592125238,0.00947039199673167,14,27,0.08532080383521636,0.1287049809518471,True,True,True,0.00013688294637620712,COMPLETE
1050,0.454400908946991,2025-04-14 05:00:23.001418,2025-04-14 05:00:40.428250,0 days 00:00:17.426832,0.9617153698348766,0.2042046600166349,16,0.010387186093519133,0.09506822399047828,0.07047381443328687,0.0926068068107119,0.09110812462250266,0.0876983922160621,0.012087828950232651,13,31,0.09166862781566497,0.12373260702501053,True,True,True,0.0003491560509922024,COMPLETE
1051,0.351880156993866,2025-04-14 05:00:40.768045,2025-04-14 05:00:59.104248,0 days 00:00:18.336203,0.9794035908353877,0.23034711703286812,16,0.00014202567092250554,0.10118586346638778,0.07732785456239802,0.09646155011428091,0.09629037604986565,0.09357132228450937,0.008280900221775358,15,36,0.08972895856936493,0.06325158488244786,True,True,True,0.0006235765139791567,COMPLETE
1052,0.4241651177406311,2025-04-14 05:00:59.450558,2025-04-14 05:01:17.203538,0 days 00:00:17.752980,0.9359053164898087,0.18888177567823247,16,0.018408469213842822,0.1091553874388795,0.07261697533306198,0.09996771267313073,0.09296969994535297,0.07913787610903505,0.016188803519790095,14,27,0.0829103831737997,0.05979440073798828,True,True,True,0.0002577996147129515,COMPLETE
1053,0.38214509487152104,2025-04-14 05:01:17.545136,2025-04-14 05:01:36.167092,0 days 00:00:18.621956,0.9586218875365666,0.5062124878621345,16,0.010388159646138413,0.11830043129979848,0.06799985347315522,0.09818811492973983,0.08929634721963652,0.09298381702854899,0.010703750843769826,16,24,0.08715900212666394,0.14575413815283428,True,True,True,0.00047261406951783154,COMPLETE
1054,0.4615331053733826,2025-04-14 05:01:36.512157,2025-04-14 05:01:54.894634,0 days 00:00:18.382477,0.9827854082197992,0.1663326867837013,16,0.020720498646304247,0.08582365415542725,0.06588695388128789,0.09499666463355466,0.08548634238333541,0.08969575017741206,0.006946265543709683,15,34,0.08458136725302157,0.13151712911156554,True,True,True,0.0001768358542377545,COMPLETE
1055,0.4202985167503357,2025-04-14 05:01:55.238140,2025-04-14 05:02:14.013912,0 days 00:00:18.775772,0.9845975501931844,0.11016220605060068,16,0.022744632172129665,0.09368089855075153,0.06474889243966499,0.09353173877817578,0.08442357605673201,0.08411166214957448,0.004143446372215577,16,30,0.0813140495992476,0.01953753003368433,True,True,True,0.00013035581138359372,COMPLETE
1056,0.33713827133178714,2025-04-14 05:02:14.357405,2025-04-14 05:02:32.566287,0 days 00:00:18.208882,0.9997919612716389,0.13078536495002713,16,0.022546404297564136,0.07839920418758935,0.06398735575747361,0.09154247311898223,0.08577152902638746,0.08631654156459195,0.00542168812325422,15,33,0.08052185488667288,0.13865969961438487,True,True,False,0.000100521401870026,COMPLETE
1057,0.384067451953888,2025-04-14 05:02:32.895228,2025-04-14 05:02:51.016314,0 days 00:00:18.121086,0.9996316863630117,0.15558403286845926,16,0.022822968120760994,0.08072268646358803,0.06554006734245268,0.09193840495367846,0.08647944854534644,0.0883464084182796,0.004802676804114553,16,37,0.08296968598567105,0.140711781356176,False,True,True,0.00016419021121902235,COMPLETE
1058,0.19429724216461183,2025-04-14 05:02:51.357072,2025-04-14 05:03:09.358777,0 days 00:00:18.001705,0.979714487358995,0.13718567104812243,16,0.21404482490844262,0.07970772608655212,0.06307624950469753,0.014070504655476199,0.08744286587833615,0.0858472956117255,0.005291668515338583,15,29,0.0783688262021135,0.1294422045736817,True,True,True,0.00018428435632978892,COMPLETE
1059,0.4281757831573486,2025-04-14 05:03:09.699218,2025-04-14 05:03:28.335018,0 days 00:00:18.635800,0.983118934059941,0.16698878948449794,16,0.020432745022362312,0.08985632956171698,0.0666858263152212,0.09353250261425607,0.08844157043997722,0.08894371885574535,0.0064339543708004186,16,26,0.08431737644417467,0.13429422748240524,True,True,True,0.0003782445985091526,COMPLETE
1060,0.44703811407089233,2025-04-14 05:03:28.679504,2025-04-14 05:03:46.959101,0 days 00:00:18.279597,0.9655096259885092,0.25310660406367624,16,0.027965318312693138,0.09115618402174899,0.0659710175615356,0.09509970893797454,0.08509030102611949,0.09013177622880585,0.006509376769275575,15,34,0.08143003337619041,0.146797993421126,True,True,True,0.00028988195243129645,COMPLETE
1061,0.4078594446182251,2025-04-14 05:03:47.300699,2025-04-14 05:04:03.567531,0 days 00:00:16.266832,0.9807649604978181,0.11952088772086691,16,0.016792622248770032,0.0949265301790434,0.06352332201747794,0.09471077162257062,0.08919690096890567,0.08656176652756131,0.00708128028779148,11,20,0.08441551634919826,0.13408318490979815,True,True,True,0.0005237030522456735,COMPLETE
1062,0.28021193742752076,2025-04-14 05:04:03.911794,2025-04-14 05:04:22.176716,0 days 00:00:18.264922,0.45660727992516414,0.1699171453673038,16,0.16415018169999826,0.08558795392873363,0.06694530463232017,0.03228182037690931,0.09028569678430907,0.08921522631480677,0.0055871470463288615,15,32,0.08311711174753098,0.14060577373445377,True,True,True,0.0007537888872638149,COMPLETE
1063,0.41687132120132453,2025-04-14 05:04:22.521543,2025-04-14 05:04:40.813813,0 days 00:00:18.292270,0.9485839521544487,0.14708573934900832,16,0.0209585917836459,0.08496689241111127,0.06763752142389524,0.09180951780819636,0.08816260142172953,0.0910611629982579,0.007800897281626098,16,23,0.07909655778797584,0.12824973670296175,True,True,True,0.0001590940697586553,COMPLETE
1064,0.35233670473098755,2025-04-14 05:04:41.161306,2025-04-14 05:04:59.450900,0 days 00:00:18.289594,0.9996172581444095,0.7505371956852409,16,0.02581492253431613,0.08709748659621062,0.06558122403974703,0.09632575949412749,0.09058313888102419,0.08753891116351185,0.006264855616503425,15,30,0.08583155935302156,0.12445939704203778,True,True,True,0.0002458793876944194,COMPLETE
1065,0.40548115968704224,2025-04-14 05:04:59.800398,2025-04-14 05:05:18.649430,0 days 00:00:18.849032,0.9648773223351667,0.22206457300110913,16,0.03006983349337398,0.08558767002334043,0.0691382047883725,0.09482042674416627,0.08650345291885178,0.08413631437685538,0.00419393741426641,16,39,0.08451256613551308,0.1319869668155885,True,True,True,0.00032581586595478934,COMPLETE
1066,0.4308281898498536,2025-04-14 05:05:18.980227,2025-04-14 05:05:37.200187,0 days 00:00:18.219960,0.9342281590631402,0.25261577387751233,16,0.015767006646788387,0.09033610295639852,0.06876983461753922,0.09652617778126614,0.0914214192930706,0.09134903456656128,0.0077053239742530975,15,27,0.08161565278718377,0.1205567172596235,True,True,True,0.00040991378301192085,COMPLETE
1067,0.4035425424575806,2025-04-14 05:05:37.545046,2025-04-14 05:05:55.856304,0 days 00:00:18.311258,0.9654274781604493,0.20565493960435183,16,0.03557084149230117,0.10059135472229849,0.06313170940161839,0.09266517107874156,0.08909706267595338,0.0890556477424345,0.00904403847117319,15,35,0.08588357369209082,0.030843498411867405,True,False,True,0.00019816523281617678,COMPLETE
1068,0.42378294467926025,2025-04-14 05:05:56.200075,2025-04-14 05:06:14.912223,0 days 00:00:18.712148,0.923083193827583,0.16523584111942285,16,0.01577176776785687,0.08340540299388888,0.06873973215355728,0.0945713139304344,0.09191420183569321,0.08071424743327915,0.007270808827621455,16,31,0.08284735123454276,0.13561980713569782,True,True,True,0.00028180345477886687,COMPLETE
1069,0.342505294084549,2025-04-14 05:06:15.258490,2025-04-14 05:06:32.978757,0 days 00:00:17.720267,0.5694234383788457,0.18582703499264885,16,0.022233809958461536,0.09703711160277026,0.07038704628743774,0.09676743990361521,0.09036599543909112,0.09160365925085352,0.008396024895924791,14,28,0.08835669105349243,0.12876820263692704,True,True,True,0.000491071052384775,COMPLETE
1070,0.3624982476234436,2025-04-14 05:06:33.326081,2025-04-14 05:06:51.775269,0 days 00:00:18.449188,0.9815067247464422,0.27738317377763344,16,0.01518416183118295,0.08725495963660632,0.06618136793187863,0.09817395684026922,0.08800037253797315,0.09432304338125441,0.0276257586897121,15,36,0.08470034215458104,0.0341640377292694,True,True,True,0.00010917343861988541,COMPLETE
1071,0.29860517978668216,2025-04-14 05:06:52.123853,2025-04-14 05:07:10.656584,0 days 00:00:18.532731,0.9487446241003192,0.23627403675581668,16,0.027009658471398724,0.09991060852720128,0.07060075833583886,0.09994697775151454,0.09232136019003713,0.089631710020786,0.005362121058660881,16,24,0.07978980854544762,0.01093083162500242,True,True,True,0.00023947693554322627,COMPLETE
1072,0.20495274662971497,2025-04-14 05:07:11.005218,2025-04-14 05:07:28.045046,0 days 00:00:17.039828,0.9405270744312335,0.8176419155958078,16,0.15596828953305394,0.12437882664863795,0.032941342360100836,0.09384086354198845,0.09329729773926884,0.09485584516140924,0.009921200975538473,12,33,0.08728058947838482,0.12362100972778561,True,True,True,0.00013284407817619972,COMPLETE
1073,0.437529468536377,2025-04-14 05:07:28.394779,2025-04-14 05:07:46.588640,0 days 00:00:18.193861,0.9806294015246773,0.21084103905213744,16,0.02083598983470244,0.0780298095802965,0.06460950044813586,0.09094684879329862,0.08999444989500413,0.0858536103109435,0.006501866984130008,15,30,0.09532485822173176,0.11823189483894397,True,True,True,0.00035319372407051054,COMPLETE
1074,0.37626875638961793,2025-04-14 05:07:46.937669,2025-04-14 05:08:04.799460,0 days 00:00:17.861791,0.96083692245588,0.8419920629054539,16,0.014103663372046535,0.10620632706385014,0.06754200414376622,0.09572861458026431,0.08508310748842943,0.09139466349342891,0.009215291959192996,14,37,0.08187685722576038,0.12571952083811122,True,True,True,0.0001753735970048765,COMPLETE
1075,0.3649655818939209,2025-04-14 05:08:05.154944,2025-04-14 05:08:23.744960,0 days 00:00:18.590016,0.9045050225574344,0.25786180279288556,16,0.032905474641918286,0.12048025796007543,0.04779169915053086,0.0970679120003626,0.08761315044780753,0.08778344989636747,0.00719261535738473,15,42,0.09273397905025237,0.14021485920904594,True,True,True,0.0006199307463923145,COMPLETE
1076,0.3548046708106995,2025-04-14 05:08:24.081169,2025-04-14 05:08:40.965539,0 days 00:00:16.884370,0.9230763540380076,0.1952556524280424,16,0.019112051339228636,0.09363938766896839,0.07078380405266316,0.09290057774983669,0.09180683615128064,0.09245127495095769,0.00863474395536493,14,26,0.09010457835330926,0.13247438737148792,False,True,False,0.0004322476335701465,COMPLETE
1077,0.1888286888599396,2025-04-14 05:08:41.314011,2025-04-14 05:08:59.948611,0 days 00:00:18.634600,0.9506003026553264,0.15460797486047223,16,0.011946942525540774,0.20172712095878176,0.07209899181754324,0.09527348619813882,0.09319616383325109,0.09655797023475765,0.004570197503528084,16,33,0.08553367125872151,0.11759303737725782,True,True,True,0.0003035621425431013,COMPLETE
1078,0.44846856594085693,2025-04-14 05:09:00.297239,2025-04-14 05:09:17.901024,0 days 00:00:17.603785,0.9837133102886182,0.2339723470940432,16,0.025680725776069068,0.11647116884332413,0.08139767711045942,0.09997636397312723,0.09012816198912105,0.08279570181972445,0.012574215822715082,13,29,0.08305674836723632,0.12277184562733555,True,True,True,0.00021553768864737027,COMPLETE
1079,0.3748717784881592,2025-04-14 05:09:18.250890,2025-04-14 05:09:37.264860,0 days 00:00:19.013970,0.9667186459914308,0.1770856741567548,16,0.016633901753419736,0.10344311802946989,0.06977728098455944,0.04159011884767021,0.09411105020505658,0.09492204231582435,0.019730866473243645,17,32,0.0784291586001206,0.1307364462598259,True,True,True,0.00034302376885796154,COMPLETE
1080,0.38169944286346436,2025-04-14 05:09:37.614778,2025-04-14 05:09:55.844953,0 days 00:00:18.230175,0.9427359271069936,0.2136669161678041,16,0.010347270524064575,0.11147459107800835,0.07463150651933356,0.09724180924197207,0.08237851422423652,0.09000360791309274,0.010051289130074213,14,35,0.0882042212860553,0.1450779417749816,True,True,True,0.0002400299220933781,COMPLETE
1081,0.1888286888599396,2025-04-14 05:09:56.198489,2025-04-14 05:10:13.743574,0 days 00:00:17.545085,0.9292352582254911,0.10614740116842367,16,0.023383746677219014,0.09686965686180939,0.06764390385444823,0.09825938214078829,0.0912667365985655,0.09328929296730734,0.006769617314202517,15,11,0.08479994660735878,0.11918149582219259,True,True,True,0.0008607451310986067,COMPLETE
