number,value,datetime_start,datetime_complete,duration,params_alpha-eval,params_alpha-train,params_batch-size,params_eps-eval,params_eps-train,params_lambda-actions-eval,params_lambda-actions-train,params_lambda-frames-eval,params_lambda-frames-train,params_learning-rate,params_n-epochs,params_n-frames,params_radius-gw,params_rho,params_std-feats,params_ub-actions,params_ub-frames,params_weight-decay,state
0,0.2862352728843689,2025-04-15 18:19:49.981692,2025-04-15 18:20:12.761881,0 days 00:00:22.780189,0.6970289305330881,0.5506887760053014,16,0.15750301310789191,0.06868178294953871,0.018629168275082743,0.054632565462254805,0.021656361151458844,0.03946789658977875,9.47077296500289e-05,24,5,0.045685864499723165,0.21858673632041517,False,False,False,1.3775271266749473e-06,COMPLETE
1,0.1933658301830292,2025-04-15 18:20:12.766057,2025-04-15 18:20:42.501702,0 days 00:00:29.735645,0.06558667261181458,0.8357188201781662,2,0.06069417378484563,0.2557326341404804,0.039878914782649565,0.07167259832154856,0.055791123017860544,0.07304931614908086,0.00012415964502460192,5,91,0.0327218648524775,0.20534476609762958,False,True,False,5.0646036704880616e-08,COMPLETE
2,0.3616873025894165,2025-04-15 18:20:42.505394,2025-04-15 18:21:05.559635,0 days 00:00:23.054241,0.5313322382016346,0.5039108938443929,16,0.13965408833688076,0.1333763818370326,0.09705683517041704,0.07410761408962202,0.0017267091003444206,0.05819725212762616,0.0033061940593946382,25,85,0.07005027422337738,0.27134638175027,False,True,True,1.0630810984042101e-05,COMPLETE
3,0.22166707515716555,2025-04-15 18:21:05.563566,2025-04-15 18:21:36.650213,0 days 00:00:31.086647,0.24830307292791565,0.9528565161810179,8,0.16626367870352238,0.07576862670325604,0.013477265807414124,0.09616147254344759,0.07994812652901362,0.06084477064077227,0.0002088882547288662,26,64,0.02958910153187322,0.24975509586440184,False,True,False,3.594247200430233e-06,COMPLETE
4,0.1888286888599396,2025-04-15 18:21:36.654434,2025-04-15 18:22:01.733140,0 days 00:00:25.078706,0.49419876575577804,0.8319374422847383,8,0.05801354837600729,0.07029730502835727,0.02135011190945375,0.03888888369783162,0.05696866313007677,0.08950709082519114,0.00043129936217407155,16,132,0.0880296436037012,0.10643641304303109,False,True,False,1.2920622799769867e-07,COMPLETE
5,0.1888286888599396,2025-04-15 18:22:01.737616,2025-04-15 18:23:01.242959,0 days 00:00:59.505343,0.10742718340150904,0.6177883010948987,2,0.23131019544337433,0.22338498254820352,0.045015107975620854,0.023895029072813195,0.07490068947372328,0.09218249903864499,0.08722445797177679,16,84,0.07161758118980315,0.022234995020978116,False,True,False,4.936696091499874e-08,COMPLETE
6,0.34869371652603154,2025-04-15 18:23:01.249231,2025-04-15 18:23:20.552048,0 days 00:00:19.302817,0.32719478439423777,0.7242773967412842,8,0.06842988734187756,0.004421067750915758,0.032440501884235216,0.07789334038024,0.019226726926178186,0.06487821253217058,0.0011576183971742933,6,121,0.07271611203752301,0.23218020979161774,True,False,True,5.598711643568106e-05,COMPLETE
7,0.232263720035553,2025-04-15 18:23:20.557454,2025-04-15 18:24:02.969694,0 days 00:00:42.412240,0.7359862200461181,0.21009340163126705,2,0.21962600144362715,0.07836733008113048,0.08734284834939708,0.007387055161019901,0.017630657622201354,0.06787498365799209,0.052435036114503175,10,52,0.04018854557983253,0.04967044801842833,False,True,False,9.537824733105899e-05,COMPLETE
8,0.27892197370529176,2025-04-15 18:24:02.975465,2025-04-15 18:24:24.334550,0 days 00:00:21.359085,0.11403362539731636,0.6703512240018386,16,0.16554909666350187,0.21632358491109696,0.09439781693108754,0.09538636475732365,0.07452591665375233,0.0540021832967321,0.08640871102241292,16,93,0.010587508071698955,0.11223665595241998,False,False,False,2.3416077114746835e-07,COMPLETE
9,0.284222412109375,2025-04-15 18:24:24.340678,2025-04-15 18:24:53.878741,0 days 00:00:29.538063,0.9461008417934944,0.4362879613695934,8,0.0491604035752656,0.27152195240872307,0.011982723518960542,0.01696440086513819,0.08668740600781634,0.033820954277852235,0.0003913268084244998,18,91,0.08958116266109074,0.07618175077431215,False,False,False,7.835622892564496e-08,COMPLETE
10,0.1888286888599396,2025-04-15 18:24:53.885287,2025-04-15 18:25:17.984162,0 days 00:00:24.098875,0.5287244689794788,0.08302757444482434,16,0.28078769191558234,0.14881977900147425,0.07304638401175573,0.05843584272484877,0.003431099498277512,0.010221145447248031,0.004526555332381861,30,30,0.061935340748854345,0.28802293504830606,True,True,True,0.0008194935006308033,COMPLETE
11,0.2739701509475708,2025-04-15 18:25:17.990602,2025-04-15 18:25:51.895910,0 days 00:00:33.905308,0.36314979337774267,0.3924741771003242,8,0.0022283216527174687,0.024968919283444205,0.06207169873095102,0.07709712848150442,0.03245324111982252,0.03742572256714785,0.003453106761927376,21,133,0.07080319891831618,0.29984694623009256,True,False,True,2.6435090516191856e-05,COMPLETE
12,0.20282962918281555,2025-04-15 18:25:51.902753,2025-04-15 18:26:12.540827,0 days 00:00:20.638074,0.3869963430878921,0.30569457967781866,16,0.09764531164695513,0.14807124767169413,0.03575846091299341,0.0747965494752865,0.0017941209931014723,0.07749798451771658,1.3834929066790353e-05,10,115,0.0618070015990063,0.1742165429785275,True,False,True,2.8171621537104714e-05,COMPLETE
13,0.2195818364620209,2025-04-15 18:26:12.548541,2025-04-15 18:26:30.329008,0 days 00:00:17.780467,0.6390983623628823,0.7439927234691335,8,0.12200392346413812,0.016143986402740118,0.060190977736826475,0.08111741914470552,0.03814104365350859,0.019319397819173762,0.0037561708138018762,5,111,0.07906595415176607,0.2454527661129023,True,False,True,0.00019378456289619424,COMPLETE
14,0.1888286888599396,2025-04-15 18:26:30.336507,2025-04-15 18:26:51.255302,0 days 00:00:20.918795,0.29699462363102896,0.4902960241912262,16,0.10670813554428107,0.11843877123377836,0.0012252720993410904,0.06290515063143069,0.013326582575889062,0.05657556031543772,0.008639501683498476,11,113,0.09629723757682601,0.15330553904224803,True,True,True,4.014323748379474e-06,COMPLETE
15,0.29435985088348393,2025-04-15 18:26:51.263275,2025-04-15 18:27:31.323708,0 days 00:00:40.060433,0.8664165336104488,0.9942357260361705,16,0.00490848137629081,0.19484178994266266,0.07934089498331265,0.04235443718314199,0.03871540225778798,0.07689154778318602,0.0012579494607615307,30,147,0.056783130267580445,0.2582273372283704,True,False,True,1.5871595809598027e-05,COMPLETE
16,0.1888286888599396,2025-04-15 18:27:31.332114,2025-04-15 18:28:03.924507,0 days 00:00:32.592393,0.5103779526159279,0.7068225909704705,8,0.2082528153953971,0.004335236551659072,0.030379592281279025,0.08751862985234632,0.025782975438399483,0.04589369651399557,0.01449797004135818,25,63,0.07904738171945631,0.18317555238406613,True,True,True,6.276721966590335e-07,COMPLETE
17,0.15208763480186463,2025-04-15 18:28:03.933246,2025-04-15 18:28:35.511746,0 days 00:00:31.578500,0.19569929790467372,0.5722078132509741,16,0.12854818257949346,0.11370474494339923,0.05332648243662851,0.06593695465388247,0.006692398976143521,0.023319291306927743,0.0012301956420000754,20,150,0.015326571928589536,0.22976125094942673,True,False,True,0.00015778755989921442,COMPLETE
18,0.1888286888599396,2025-04-15 18:28:35.520650,2025-04-15 18:28:58.030767,0 days 00:00:22.510117,0.38951127030527183,0.33165831762449083,8,0.08577122393173522,0.29434377454513894,0.06916873383713724,0.046234930643005746,0.04437338004287885,0.09917314347143244,0.018665942537819485,13,105,0.05236563495114642,0.27810982046617216,False,True,True,1.3229130941718658e-05,COMPLETE
19,0.39863686561584477,2025-04-15 18:28:58.039615,2025-04-15 18:30:15.261261,0 days 00:01:17.221646,0.5418729533241641,0.822131101913757,2,0.029554970612165818,0.17690073149699226,0.030022457031301193,0.08624781236242925,0.09865102942176057,0.06244387120428729,3.835737811123667e-05,22,68,0.07015370429164557,0.20950689331800804,True,False,True,1.389994364818884e-08,COMPLETE
20,0.1888286888599396,2025-04-15 18:30:15.270395,2025-04-15 18:31:45.511670,0 days 00:01:30.241275,0.7982289972438485,0.11600118344525501,2,0.2634523301299637,0.18304473561117945,0.09433793156064031,0.08837004933355,0.09747355122201395,0.05122919819143903,1.0411267928425855e-05,27,46,0.0851857679607812,0.19076070551356772,True,True,True,1.433990497711575e-08,COMPLETE
21,0.38960024118423464,2025-04-15 18:31:45.522492,2025-04-15 18:33:05.575541,0 days 00:01:20.053049,0.5972598291281451,0.8214168867700709,2,0.02988160347673567,0.17323084054493568,0.028772479673356843,0.08488412660557033,0.06304900806849925,0.061423040463625664,3.369258746640525e-05,23,69,0.06938260168386062,0.22161808792156884,True,False,True,6.7768656354085005e-06,COMPLETE
22,0.3957420587539673,2025-04-15 18:33:05.585855,2025-04-15 18:34:23.297642,0 days 00:01:17.711787,0.5475935678014779,0.8547683410645283,2,0.029083507727584116,0.1780430908470139,0.04951086926106174,0.08744320006092349,0.06268161348990864,0.08083028395294692,3.057357105310225e-05,22,73,0.06476182176153836,0.2660702745090101,True,False,True,7.622356617058801e-07,COMPLETE
23,0.39003953933715824,2025-04-15 18:34:23.308216,2025-04-15 18:35:40.514763,0 days 00:01:17.206547,0.6182417649381717,0.8528743261531737,2,0.03290600180032601,0.17825016358327447,0.026498220977848975,0.09893763012014387,0.06546841428359763,0.08081617479190761,3.291678780397287e-05,22,67,0.0611102564772535,0.14609063956634294,True,False,True,1.2786918156619242e-08,COMPLETE
24,0.3866083979606629,2025-04-15 18:35:40.525160,2025-04-15 18:36:53.363526,0 days 00:01:12.838366,0.6263481108101071,0.9358506986238758,2,0.03254947896062642,0.21971278473185968,0.05057311165862375,0.09839066215435392,0.06574062453664374,0.0842474440744071,3.0771013529755516e-05,21,37,0.0506548115688935,0.13778929696033784,True,False,True,1.2817480291024213e-08,COMPLETE
25,0.38793530464172366,2025-04-15 18:36:53.374524,2025-04-15 18:38:11.037562,0 days 00:01:17.663038,0.7475522358045418,0.8888054951075132,2,0.0365169521536631,0.16848785641216873,0.04291660498200599,0.09068054935588434,0.09966967137782344,0.08082799567952823,4.2572900806405426e-05,22,75,0.06288221648028407,0.16637135023739055,True,False,True,2.449588113567017e-08,COMPLETE
26,0.3894499778747559,2025-04-15 18:38:11.048932,2025-04-15 18:39:19.841817,0 days 00:01:08.792885,0.4455264217683893,0.7865150960864717,2,0.018559064531601346,0.2024660478745212,0.02500026310703752,0.09929901514309589,0.08688596355948826,0.07036183768505366,8.662562769269253e-05,19,49,0.04515404448980178,0.12979541624393692,True,False,True,3.0043233002766053e-07,COMPLETE
27,0.2548628807067871,2025-04-15 18:39:19.853112,2025-04-15 18:40:50.703054,0 days 00:01:30.849942,0.5838381800883938,0.8923607939122521,2,0.07970528002136977,0.25627011892241514,0.0565503750280639,0.034029443988036936,0.06811745049327914,0.09838371844885285,2.2945544230603794e-05,28,24,0.0579071984877462,0.19419195872302203,True,False,True,9.731420265637246e-07,COMPLETE
28,0.30434728860855104,2025-04-15 18:40:50.714677,2025-04-15 18:42:11.435730,0 days 00:01:20.721053,0.44942454557641953,0.6434625593069188,2,0.04697921795538936,0.23926063803743225,0.0017299512650538786,0.06592762041438383,0.04944380062536091,0.08718571352459209,6.057632537745776e-05,23,58,0.07977451216455297,0.09351034914644094,True,False,True,2.5907832469060984e-08,COMPLETE
29,0.23585709333419802,2025-04-15 18:42:11.447795,2025-04-15 18:43:32.462601,0 days 00:01:21.014806,0.6704134568374799,0.8883113802137662,2,0.019762561966290924,0.10811535459787366,0.015251427127432552,0.04982816191603149,0.0890285541105198,0.04269834402042639,0.00015004987156340668,24,18,0.03924356140543474,0.210419393985328,True,False,True,4.519639328955387e-07,COMPLETE
30,0.17766051888465884,2025-04-15 18:43:32.474912,2025-04-15 18:44:39.722949,0 days 00:01:07.248037,0.8685912419637194,0.7549449623321908,2,0.10638913958222725,0.16803627130646848,0.04736702703054481,0.08393054902511762,0.05871026721022583,0.0723818725502794,1.8866720678971316e-05,18,72,0.02393247905887351,0.16431187469485203,True,False,True,1.59119394216542e-06,COMPLETE
31,0.38818643093109134,2025-04-15 18:44:39.735211,2025-04-15 18:45:59.385072,0 days 00:01:19.649861,0.6132529316837964,0.8266299138860844,2,0.02840368218689492,0.17219482746826703,0.02605945138114945,0.08873653469613182,0.06460247341464097,0.0612940050122509,4.671509838444831e-05,23,71,0.06785619250430214,0.22053180774287354,True,False,True,2.189668729639473e-06,COMPLETE
32,0.2829916000366211,2025-04-15 18:45:59.398563,2025-04-15 18:47:12.216773,0 days 00:01:12.818210,0.573305785534051,0.793538526674775,2,0.07400466073787725,0.19469679054362748,0.03713745911407536,0.0929730986734881,0.05052292049693317,0.06517876360487054,8.11146590597057e-05,20,80,0.06551479844868288,0.20327541099340263,True,False,True,5.439471684069068e-06,COMPLETE
33,0.36932185888290403,2025-04-15 18:47:12.229985,2025-04-15 18:48:34.610805,0 days 00:01:22.380820,0.6877020499259692,0.999250774419669,2,0.05016960277428428,0.15885717941672267,0.028344500359399078,0.0840782938168864,0.07118855299397944,0.08028759378818658,2.764812097912729e-05,23,100,0.05452173994741035,0.2596690998844182,True,False,True,1.5644039948549608e-07,COMPLETE
34,0.26721792817115786,2025-04-15 18:48:34.624220,2025-04-15 18:50:00.361800,0 days 00:01:25.737580,0.4641847680881216,0.8670624754302739,2,0.0017517709407140376,0.1316605513928481,0.008569719279975647,0.08077544663279655,0.06111727570670976,0.0735197827969353,0.00021189959387667864,25,67,0.07626295559719334,0.2391368974617487,True,False,True,3.293841147681158e-08,COMPLETE
35,0.3270293712615967,2025-04-15 18:50:00.375899,2025-04-15 18:51:29.707349,0 days 00:01:29.331450,0.5769514790825103,0.9338987605905628,2,0.021002360116310202,0.1855370303964014,0.01792290686164115,0.07164287643933603,0.048693949542385366,0.09294382480800162,0.0003692513635569201,27,41,0.044375071787583334,0.21525215218101956,True,False,True,7.910616959560252e-08,COMPLETE
36,0.2759439766407013,2025-04-15 18:51:29.721350,2025-04-15 18:52:58.403834,0 days 00:01:28.682484,0.7510902098147962,0.582189097776342,2,0.06190355783453869,0.09122375709348235,0.04049893773784879,0.07024153741098926,0.08202378746910974,0.06054294489395562,1.5023728946595427e-05,22,61,0.0014581346436001383,0.26936203254755825,True,False,False,5.678804851888291e-06,COMPLETE
37,0.2919208526611328,2025-04-15 18:52:58.418742,2025-04-15 18:53:55.524543,0 days 00:00:57.105801,0.5531867178849156,0.6826776460337022,2,0.03801581898311267,0.1359129828007939,0.02039689155045287,0.09397177832753799,0.07798015106686937,0.04964386734945145,0.0001414068910565146,15,55,0.09834253977491962,0.14047874764399995,True,False,True,1.216792083666345e-08,COMPLETE
38,0.2859153747558594,2025-04-15 18:53:55.539218,2025-04-15 18:55:18.953724,0 days 00:01:23.414506,0.6804177455454642,0.8275455234928617,2,0.06576386981042386,0.23329779208742848,0.036430691286620374,0.09977757249978607,0.09262890330334671,0.08348452929315717,3.67737425956936e-05,24,86,0.08489272725666921,0.12014000545298041,True,False,True,5.940027903276776e-08,COMPLETE
39,0.2482646465301514,2025-04-15 18:55:18.968506,2025-04-15 18:56:40.951313,0 days 00:01:21.982807,0.4861113362497552,0.7897755640413423,2,0.15128879069676718,0.20461078910705977,0.024397117076380596,0.05819174813041848,0.056578491986451325,0.06850823442408005,6.183106246796396e-05,20,80,0.07370494642044689,0.15357706425748147,False,False,False,1.6696153679002357e-07,COMPLETE
40,0.33094860315322877,2025-04-15 18:56:40.966852,2025-04-15 18:58:11.217437,0 days 00:01:30.250585,0.8039846237633026,0.9368550733627834,2,0.08820753645142487,0.18057887400096667,0.03293383909927683,0.0852385491218738,0.07133077197316734,0.09351835411384446,0.00020035070017818983,28,8,0.06662397178596025,0.22709269872001958,True,False,True,8.584133765378943e-07,COMPLETE
41,0.38981611728668214,2025-04-15 18:58:11.232879,2025-04-15 18:59:16.886529,0 days 00:01:05.653650,0.43796009926881013,0.7873907342803861,2,0.01645192354296625,0.20357653583210664,0.02454666698300774,0.09913210500739265,0.08482500948445335,0.07162542517693568,0.00010898489304000474,18,52,0.04502978448330719,0.134781288994362,True,False,True,3.413548082042217e-07,COMPLETE
42,0.3623164892196655,2025-04-15 18:59:16.902474,2025-04-15 19:00:23.374046,0 days 00:01:06.471572,0.5277760307803604,0.8466634373665592,2,0.015352386692686487,0.21480914912077068,0.021317826648619025,0.09312898036246868,0.08218428665792463,0.06404905145606347,0.00010418551006388599,18,70,0.03861207771048414,0.08883862546356985,True,False,True,2.2764655994408603e-06,COMPLETE
43,0.15740422010421756,2025-04-15 19:00:23.390527,2025-04-15 19:01:22.951890,0 days 00:00:59.561363,0.4236884398261396,0.7405337276665256,2,0.18187706796319014,0.15570443574913106,0.010745384113120853,0.07998675995914166,0.09315453492332469,0.07463938488527393,1.0433207183231158e-05,16,53,0.05870162220964775,0.06770459474109566,True,False,True,3.7025280163159104e-07,COMPLETE
44,0.2111804842948914,2025-04-15 19:01:22.968465,2025-04-15 19:02:47.726771,0 days 00:01:24.758306,0.2597813839999795,0.6249945034478235,2,0.04809648798768204,0.24597764168209857,0.04632172212972132,0.09541456643036614,0.07683656688253102,0.05571043781834938,2.529866400958455e-05,21,95,0.04815007573109782,0.12204117168927797,False,False,False,1.1284952820160167e-07,COMPLETE
45,0.27814223766326907,2025-04-15 19:02:47.743661,2025-04-15 19:03:55.422556,0 days 00:01:07.678895,0.022022769934931463,0.7893488466899428,2,0.011717430971390275,0.1395387031063977,0.031945052963272096,0.08870732570720291,0.06312771579340608,0.08775322249507295,5.338596551634352e-05,19,38,0.03571152488632997,0.1817341851162806,True,False,True,4.1383230508010175e-08,COMPLETE
46,0.3675480961799622,2025-04-15 19:03:55.439588,2025-04-15 19:04:50.156961,0 days 00:00:54.717373,0.49556398043382366,0.6902566723119076,2,0.03659841431469714,0.20436343367864718,0.04078361597154753,0.07701576931041318,0.05463147063556405,0.06469542553161804,1.8999490986603536e-05,14,64,0.0690190668135336,0.10427498817971145,True,False,True,6.3376890413465354e-06,COMPLETE
47,0.2547842800617218,2025-04-15 19:04:50.174620,2025-04-15 19:06:03.640788,0 days 00:01:13.466168,0.3448322348841862,0.5215164203167298,2,0.057607970176622225,0.16469907391962918,0.006534476107199844,0.09195171704242552,0.09443049469203903,0.07795965824786345,0.0005205454703576427,17,86,0.030564443053857006,0.2509261576895157,True,False,False,1.4041417135959726e-06,COMPLETE
48,0.30922901034355166,2025-04-15 19:06:03.658617,2025-04-15 19:06:38.710910,0 days 00:00:35.052293,0.5885399974202911,0.9673039951975891,2,0.026598749046220647,0.18953845032087185,0.017639724184083796,0.08351293366249665,0.06992973483825105,0.06853073108627641,3.69407051183497e-05,7,44,0.06407513618302192,0.2761280407494759,False,False,True,1.887306590589612e-08,COMPLETE
49,0.3779062390327454,2025-04-15 19:06:38.729099,2025-04-15 19:07:02.207959,0 days 00:00:23.478860,0.6328940683403447,0.9101967922493092,16,0.04489156039344154,0.05666083546631126,0.028664754799906888,0.025022355706158194,0.08144439639933865,0.00196322183392416,7.488183617681331e-05,22,59,0.07444109877578216,0.2978619919061696,True,True,True,2.2067837073793575e-05,COMPLETE
50,0.27546628117561345,2025-04-15 19:07:02.226321,2025-04-15 19:07:35.755351,0 days 00:00:33.529030,0.4013737507803076,0.8427651697308771,8,0.006591939633314949,0.14530204643457442,0.06645774306477417,0.09644281562546769,0.08863700243566039,0.058351465315518984,0.0005922429306732485,25,76,0.09339741471685181,0.20212461780360158,True,False,True,9.377046714218067e-06,COMPLETE
51,0.3890445947647095,2025-04-15 19:07:35.774496,2025-04-15 19:08:44.182423,0 days 00:01:08.407927,0.45528329296789677,0.8027152734570254,2,0.023978053095149946,0.20621090536974207,0.023720155892557805,0.09985979575849037,0.08339366085442611,0.07059327150373187,9.631175941176091e-05,19,48,0.04472301295033314,0.14140932947054577,True,False,True,2.976305293128444e-07,COMPLETE
52,0.2821759879589081,2025-04-15 19:08:44.201292,2025-04-15 19:09:51.673117,0 days 00:01:07.471825,0.5216307185433424,0.7629852446561355,2,0.0004998958356151745,0.22856663149841372,0.014072125135924131,0.09627973952825361,0.08721606998583945,0.07608413196232072,0.0002982269096720367,19,51,0.05962573961113223,0.13026662769634806,True,False,True,2.2463180850758657e-07,COMPLETE
53,0.3111505746841431,2025-04-15 19:09:51.692497,2025-04-15 19:10:55.182027,0 days 00:01:03.489530,0.4367886924096497,0.7184716920400014,2,0.014223291314158837,0.1762167264804234,0.03462217688512099,0.09081329097135861,0.07442029977800127,0.05259961161439134,0.00011506627814671643,17,67,0.054959665369826244,0.15901592522928018,True,False,True,6.397059962739474e-07,COMPLETE
54,0.21752328276634217,2025-04-15 19:10:55.201419,2025-04-15 19:12:04.677916,0 days 00:01:09.476497,0.30847670513648107,0.8570028871667268,2,0.05839996172325134,0.1994629248109786,0.024572814326248093,0.00551359767504947,0.09765707205650552,0.07022251756616617,1.4730303440756976e-05,20,28,0.04828306356765606,0.01139763221089693,True,False,True,9.481259768211155e-08,COMPLETE
55,0.3736474633216858,2025-04-15 19:12:04.697756,2025-04-15 19:13:20.816636,0 days 00:01:16.118880,0.6612784147096988,0.6639989790862089,2,0.03491003647957094,0.21992953851562924,0.028650938250938274,0.08608460479041656,0.09125169889261843,0.08313044225114463,3.255025993052869e-05,22,34,0.044200070287010285,0.17645592563434243,True,False,True,3.2958940691140403e-06,COMPLETE
