number,value,datetime_start,datetime_complete,duration,params_alpha-eval,params_alpha-train,params_batch-size,params_eps-eval,params_eps-train,params_lambda-actions-eval,params_lambda-actions-train,params_lambda-frames-eval,params_lambda-frames-train,params_learning-rate,params_n-epochs,params_n-frames,params_radius-gw,params_rho,params_std-feats,params_ub-actions,params_ub-frames,params_weight-decay,state
1595,0.378764545917511,2025-04-16 05:33:46.003915,2025-04-16 05:34:10.003675,0 days 00:00:23.999760,0.5397122308693287,0.3027019981096129,8,0.0774692180235084,0.12134211043229337,0.0844803968290764,0.03840349316072184,0.09990963877428256,0.08956770920915356,0.00470167748618661,16,25,0.0465956862019526,0.2616383585370417,True,False,True,0.00012634480021030386,COMPLETE
1596,0.40793849229812623,2025-04-16 05:34:10.515163,2025-04-16 05:34:35.134168,0 days 00:00:24.619005,0.5590126641440452,0.32464328103372597,8,0.07225241729996901,0.15208188397535422,0.08656010267299695,0.04099353422360485,0.09823176908662541,0.09210910860956097,0.0038741396301033956,17,23,0.04489729717915128,0.23508856100279468,True,False,True,7.829706680311714e-05,COMPLETE
1597,0.1888286888599396,2025-04-16 05:34:35.665975,2025-04-16 05:35:01.245420,0 days 00:00:25.579445,0.5963864767853615,0.27571607160177464,8,0.06070256569007201,0.17234900202169462,0.0822778048415323,0.043830840553456415,0.09755685356598859,0.09404879609160047,0.003078048747983756,18,19,0.043391298021083956,0.24926759755098699,True,True,True,0.00010197090580632666,COMPLETE
1598,0.4184222459793091,2025-04-16 05:35:01.758822,2025-04-16 05:35:26.704571,0 days 00:00:24.945749,0.6255521541599638,0.30091857305320113,8,0.06662122680686935,0.1369275058681355,0.09084359787866737,0.0339778870310507,0.0999751593405253,0.09725919020282613,0.005555417403110758,17,28,0.0480767803824487,0.2749139092993078,True,False,True,8.612381551855262e-05,COMPLETE
1599,0.4112770318984985,2025-04-16 05:35:27.239963,2025-04-16 05:35:51.581792,0 days 00:00:24.341829,0.5746548447357491,0.25569821143846977,8,0.08998688705811544,0.12839175506728398,0.08812715613837545,0.039337605945566574,0.09808823933846653,0.0911865821557463,0.006810634682882884,16,25,0.046538677959769514,0.24205733672697582,True,False,True,0.00013028192926008245,COMPLETE
1600,0.27814502716064454,2025-04-16 05:35:52.101190,2025-04-16 05:36:16.597552,0 days 00:00:24.496362,0.5342407961469702,0.3273935654194631,8,0.08031491279703916,0.1468345566328194,0.08518531761499486,0.03250357506870701,0.09989341765214883,0.09566280763042465,0.004624853976600265,17,14,0.0487592164540491,0.26672357392035245,True,False,True,5.757233845884565e-05,COMPLETE
1601,0.31810158491134644,2025-04-16 05:36:17.111950,2025-04-16 05:36:42.555598,0 days 00:00:25.443648,0.5524822182470304,0.2865323214837649,8,0.061309238572837,0.15646001140627216,0.08270644561952468,0.036222059592671704,0.09691762142694903,0.08845931912602996,0.003955307224865786,18,21,0.04483778645915822,0.2564796353834259,True,False,True,0.00010583974046224865,COMPLETE
1602,0.3818591237068176,2025-04-16 05:36:43.096480,2025-04-16 05:37:07.303339,0 days 00:00:24.206859,0.519958699296555,0.31326013786945667,8,0.07368188065295926,0.1669336578556477,0.08642986051003446,0.04199930941351204,0.09546944907457618,0.0934213416966281,0.005470359553070213,16,26,0.04215436345645547,0.24695014850632843,True,False,True,8.224542885206302e-05,COMPLETE
1603,0.4161085367202759,2025-04-16 05:37:07.823915,2025-04-16 05:37:32.418514,0 days 00:00:24.594599,0.5758271851580354,0.3321753211171801,8,0.068325800351608,0.1415040061214242,0.08391885868126411,0.03800113833790849,0.07060291958169408,0.09820518182360717,0.006853000967456045,17,23,0.048807323127649425,0.26190538923088325,True,False,True,0.00011983506814825092,COMPLETE
1604,0.31960960626602175,2025-04-16 05:37:32.935330,2025-04-16 05:37:58.293676,0 days 00:00:25.358346,0.553590075650292,0.299766537177634,8,0.06165865402028007,0.1588571434930172,0.08192826747545023,0.04488658194489036,0.09770847506707793,0.09063329219145486,0.004729962402926069,18,18,0.04650773944780144,0.25345279008555965,True,False,True,4.520020120196792e-05,COMPLETE
1605,0.37546346187591556,2025-04-16 05:37:58.828587,2025-04-16 05:38:22.947709,0 days 00:00:24.119122,0.5359764433482685,0.27512288816450925,8,0.08430345546258752,0.1499702848756494,0.0919675948569626,0.040514421487491764,0.09801776112499501,0.09538865969692593,0.0036779021017288483,16,27,0.04087491787861984,0.23524225910967997,True,False,True,6.563412732412276e-05,COMPLETE
1606,0.3019443988800049,2025-04-16 05:38:23.465744,2025-04-16 05:38:48.150102,0 days 00:00:24.684358,0.6019758883017045,0.31571400098165814,8,0.07611580700372694,0.15362587436553257,0.08777509338392597,0.03511290851317028,0.0957672864908062,0.09211576418131581,0.0057041114265502695,17,21,0.044157165629999766,0.27360340971956376,True,False,True,9.122053486568084e-05,COMPLETE
1607,0.39065364599227903,2025-04-16 05:38:48.676154,2025-04-16 05:39:13.344029,0 days 00:00:24.667875,0.5155520218534418,0.339677754346949,8,0.0697106667214185,0.16388942776835427,0.08425533305987015,0.04314627653923659,0.09988410542461461,0.09415138084919494,0.006473413157741617,17,28,0.04650819208591791,0.2675427547779932,True,False,True,0.00013151237390930767,COMPLETE
1608,0.39869644641876223,2025-04-16 05:39:13.884305,2025-04-16 05:39:39.444927,0 days 00:00:25.560622,0.5564320516489581,0.25666584664053,8,0.08089418520435468,0.14270197000454007,0.08594376261767209,0.038978845353968936,0.056237132132444474,0.09820084786560973,0.004301214637078965,18,24,0.048784548216463094,0.28006287352310993,True,False,True,9.993734115802367e-05,COMPLETE
1609,0.34955652952194216,2025-04-16 05:39:39.975176,2025-04-16 05:40:03.870699,0 days 00:00:23.895523,0.5808197783379657,0.30689197175293026,8,0.06060286928339673,0.13098300528083132,0.08239967250066653,0.03227079145189164,0.09690533184974132,0.09643406352448754,0.0052093428851214514,16,20,0.04470123076330469,0.24158381624867056,False,False,True,7.176516233997928e-05,COMPLETE
1610,0.30060042738914494,2025-04-16 05:40:04.415503,2025-04-16 05:40:28.927995,0 days 00:00:24.512492,0.5366713957477065,0.2832021198416116,8,0.06708087957723809,0.1722014501407675,0.08850316884032135,0.04741600223464941,0.09539122447822673,0.0874884936977981,0.00016589039515347483,17,16,0.04676996984658042,0.22912215804796607,True,False,True,0.00012957062145606323,COMPLETE
1611,0.3969557046890259,2025-04-16 05:40:29.462888,2025-04-16 05:40:54.796107,0 days 00:00:25.333219,0.5169161184936768,0.32176734536439267,8,0.08859645941594384,0.14860056128361004,0.08525610263509005,0.04072680476320265,0.09817765522757539,0.09334360168583995,0.003276125686985308,18,25,0.042428543014251204,0.2887464055629491,True,False,True,8.527209721833784e-05,COMPLETE
1612,0.43424153327941895,2025-04-16 05:40:55.313127,2025-04-16 05:41:19.868547,0 days 00:00:24.555420,0.5703035980803194,0.29352762284300443,8,0.07616950826750216,0.15996860545306857,0.08159910442113406,0.036209247841806194,0.09808401002049649,0.0898066049222904,0.004408271835764941,17,23,0.04903523666999351,0.2578617754533809,True,False,True,0.00010720062644784685,COMPLETE
1613,0.2896466076374054,2025-04-16 05:41:20.411407,2025-04-16 05:41:44.214184,0 days 00:00:23.802777,0.6678713867433912,0.2764170626748226,8,0.08526207486746307,0.1679103486845406,0.08101652781676662,0.03433662464235976,0.029344931637144907,0.08528173935353256,0.006607966838865424,16,18,0.049214165920706855,0.25091210716469853,True,False,True,0.00013661568363050483,COMPLETE
1614,0.4108983755111694,2025-04-16 05:41:44.734348,2025-04-16 05:42:10.091425,0 days 00:00:25.357077,0.6333484085511271,0.2714321596750191,8,0.09537193355451759,0.16022265616492337,0.08099919948772055,0.03635807532970438,0.09548822658082694,0.08656852048676215,0.004874018042064255,18,22,0.049042893738732864,0.2448680568839635,True,False,True,0.00013088408311389126,COMPLETE
1615,0.34943288564682007,2025-04-16 05:42:10.608750,2025-04-16 05:42:35.364199,0 days 00:00:24.755449,0.6068219092901143,0.29110034477232505,8,0.07850146613292258,0.16167847090247772,0.08129234016081817,0.031808605738023826,0.0950643896647273,0.08934721646777992,0.003094945580036635,17,28,0.04866755549151028,0.2551258705751957,True,True,False,0.00010513537963627667,COMPLETE
1616,0.2927324891090393,2025-04-16 05:42:35.905371,2025-04-16 05:43:01.294080,0 days 00:00:25.388709,0.5774903395879987,0.2534892411710606,8,0.07359317487712727,0.17226541248592478,0.08261833265744652,0.037231120252102304,0.09689842734245806,0.08986453288260389,0.00575408485416113,18,20,0.04723911880980902,0.23626085151328774,True,False,True,5.647767866880829e-05,COMPLETE
1617,0.28589733839035036,2025-04-16 05:43:01.813173,2025-04-16 05:43:26.212163,0 days 00:00:24.398990,0.5943680845410644,0.2534962169450178,8,0.0811606066766116,0.15599773138699852,0.08322660279582886,0.03552798999319199,0.09681235329602639,0.08915904746782921,0.004043053240317946,17,10,0.04881165499768827,0.25954075364067225,True,False,True,7.770166203352931e-05,COMPLETE
1618,0.38483692407608033,2025-04-16 05:43:26.759853,2025-04-16 05:43:50.662173,0 days 00:00:23.902320,0.5680302634463922,0.29284162591531465,8,0.07420509879439163,0.1644385115156513,0.08075429091546621,0.034318114386749754,0.0950719229861346,0.08366406734256829,0.005354137614894185,16,23,0.04683989817332944,0.24884749842255904,True,False,True,0.000107796431598661,COMPLETE
1619,0.28793628215789796,2025-04-16 05:43:51.184783,2025-04-16 05:44:15.778752,0 days 00:00:24.593969,0.5934498930535468,0.2991549832801394,8,0.07930872035991841,0.15906649571257656,0.08287222965817873,0.03802457674803318,0.09690924885229557,0.08794547136856962,0.006888709025123374,17,14,0.04879646609337495,0.22157138612265234,True,False,True,0.00013325938007507535,COMPLETE
1620,0.38862789869308473,2025-04-16 05:44:16.300127,2025-04-16 05:44:41.815522,0 days 00:00:25.515395,0.537315238466194,0.26938028151237026,8,0.08858615621444499,0.16727838147704763,0.08079673507890597,0.033135852696903605,0.09517026360876753,0.09101909260362445,0.003964196203433424,18,26,0.04292017181937644,0.2671532459440741,True,False,True,7.010160099145705e-05,COMPLETE
1621,0.43023771047592163,2025-04-16 05:44:42.377232,2025-04-16 05:45:06.455465,0 days 00:00:24.078233,0.5618281546855366,0.29097579413322,8,0.07415636769629028,0.15572703199097127,0.09025798936295298,0.03611776034443967,0.09801640145404344,0.09806562918325248,0.0048105123393987715,16,28,0.044544427915384086,0.24327969884604117,True,False,True,0.0001060057317562614,COMPLETE
1622,0.32211080789566043,2025-04-16 05:45:06.974901,2025-04-16 05:45:31.014200,0 days 00:00:24.039299,0.611468969804002,0.26337211104675556,8,0.07431327274136322,0.15524932477399417,0.0916256933879967,0.034824337758826124,0.09788803519399737,0.09854964522438746,0.00013207797932171007,16,25,0.03960398736421381,0.23813813211182686,True,False,True,0.00010836793329453715,COMPLETE
1623,0.3863749623298645,2025-04-16 05:45:31.535991,2025-04-16 05:45:55.674249,0 days 00:00:24.138258,0.5805193463666091,0.2764628983571062,8,0.08593597085863662,0.15329551478753753,0.09473243012390341,0.03754310696674384,0.09822082306426895,0.09819077351774336,0.003484146639285758,16,29,0.043822932938410594,0.2435776164512065,True,False,True,8.191788176756272e-05,COMPLETE
1624,0.3796886444091797,2025-04-16 05:45:56.215085,2025-04-16 05:46:20.351451,0 days 00:00:24.136366,0.5584350360006188,0.2807446895683378,8,0.0921137741575487,0.16248903817075547,0.09248683316514004,0.03621896915523622,0.09533802812850903,0.09812187808589899,0.0037716661180218418,16,29,0.045053664666153855,0.23033678489627796,True,False,True,0.0001035361190001456,COMPLETE
1625,0.4155859827995301,2025-04-16 05:46:20.876549,2025-04-16 05:46:44.810084,0 days 00:00:23.933535,0.56913586602018,0.25323995024710544,8,0.0805396765354383,0.14489354138601013,0.091205481812359,0.038917845999237824,0.09993670069028368,0.09660078147187177,0.002882050657150379,16,28,0.04032419545804232,0.2410296326254069,True,False,True,0.00013841601051087042,COMPLETE
1626,0.28091918230056767,2025-04-16 05:46:45.359802,2025-04-16 05:47:09.513052,0 days 00:00:24.153250,0.5901581767340301,0.29476955456376425,8,0.06777174774613692,0.15825645118472817,0.08997647632661306,0.033461735207130125,0.09528643971964945,0.09665645296661741,0.004514144677937435,16,26,0.03692396031534513,0.25065503291374974,True,False,True,8.843602980126683e-05,COMPLETE
1627,0.27282165288925175,2025-04-16 05:47:10.041766,2025-04-16 05:47:33.939837,0 days 00:00:23.898071,0.5670541557057592,0.25513659629777513,8,0.07326557479926372,0.15162050577084402,0.0940283616183177,0.03692817090480736,0.09801184547604543,0.09856043276775892,0.004931651046917662,16,21,0.04248731703452402,0.24592448218658294,True,False,True,5.743197177702351e-05,COMPLETE
1628,0.3485929012298584,2025-04-16 05:47:34.467184,2025-04-16 05:47:59.006803,0 days 00:00:24.539619,0.5564869453591338,0.28640349664557996,8,0.07804618361257115,0.16681745448207277,0.09014958381380976,0.035705882761912854,0.05069486024793734,0.09575673558039306,0.003511916145932691,17,28,0.04508008176650499,0.2357749457269631,False,False,True,0.00013373124562943422,COMPLETE
1629,0.3001413345336914,2025-04-16 05:47:59.548504,2025-04-16 05:48:23.744068,0 days 00:00:24.195564,0.627195828092676,0.30142517192053964,8,0.07195110091562255,0.13751100323516594,0.08896560726745957,0.03923134038120056,0.06361214562461912,0.09988332107015471,0.004454216610369704,16,19,0.04703509691168851,0.2549840467513223,True,False,True,0.00011057508151711296,COMPLETE
1630,0.2723303079605103,2025-04-16 05:48:24.278863,2025-04-16 05:48:48.419713,0 days 00:00:24.140850,0.584763314736197,0.2702227962072424,8,0.07908955973617661,0.1740187837982065,0.09364814627287728,0.03183480758716978,0.09691295561910332,0.0950835589530744,0.003134039020425497,16,23,0.04123871905400145,0.22821657088115085,True,False,True,0.00010033873983229631,COMPLETE
1631,0.4082963347434998,2025-04-16 05:48:48.971688,2025-04-16 05:49:13.923161,0 days 00:00:24.951473,0.5432515895292191,0.30123611952128937,8,0.08473232210092052,0.15932951645266724,0.08808652754881187,0.03795118086883879,0.09821931912747599,0.09705174730083613,0.005028204441096619,17,28,0.04377606365521419,0.24613123807741505,True,False,True,6.887385674931688e-05,COMPLETE
1632,0.3029752016067505,2025-04-16 05:49:14.455507,2025-04-16 05:49:45.460405,0 days 00:00:31.004898,0.6142524733734226,0.3340738251964224,8,0.0671367383140535,0.15041318942665696,0.08712578781181111,0.03501440178108113,0.09553907663048841,0.09476033834104787,0.0039039036015682915,17,145,0.046562667965562014,0.2393612162282843,True,False,True,8.049642807443144e-05,COMPLETE
1633,0.2944713056087494,2025-04-16 05:49:45.990379,2025-04-16 05:50:12.922938,0 days 00:00:26.932559,0.5626739758570154,0.25300566997740626,8,0.07256061941397403,0.14374474221992606,0.08950072620324434,0.03996917566152211,0.0667829774357509,0.09696201437373607,0.005490551611028905,16,22,0.045197182838172534,0.25727466115986364,True,False,False,4.5952941346754035e-05,COMPLETE
1634,0.1888286888599396,2025-04-16 05:50:13.472529,2025-04-16 05:50:36.670043,0 days 00:00:23.197514,0.5935521466891189,0.310526835302147,8,0.06409473131692361,0.15555337021965204,0.08612432728308479,0.03714418169622488,0.09833737959372724,0.0941433739498228,0.004383494802935216,15,17,0.04859578926618195,0.2726543409332638,True,True,True,0.00012607034163575096,COMPLETE
1635,0.38359773159027105,2025-04-16 05:50:37.198851,2025-04-16 05:51:01.114364,0 days 00:00:23.915513,0.5356354250643149,0.2751493445423954,8,0.07596023881783467,0.16602003438168764,0.08661211738963731,0.04206454886448001,0.09517557681547097,0.09760081622052932,0.0037793706150183047,16,26,0.0442043430560635,0.2637888021102076,True,False,True,8.76303843496772e-05,COMPLETE
1636,0.36177170276641846,2025-04-16 05:51:01.667784,2025-04-16 05:51:26.529985,0 days 00:00:24.862201,0.5730290001037854,0.3353950643725447,8,0.09084641830644392,0.16141800898903078,0.09202659413001989,0.039228679886449326,0.09689658834004222,0.09507081865711896,0.0030283843038621744,17,29,0.04685751629602302,0.2505053535921974,True,False,True,6.619199336963573e-05,COMPLETE
1637,0.2584157466888428,2025-04-16 05:51:27.059944,2025-04-16 05:51:51.797096,0 days 00:00:24.737152,0.5508643270113557,0.2873309455669323,8,0.08313526757161382,0.1495848084501991,0.09622634066996305,0.03452292625890364,0.09676075710847142,0.099960425755082,0.005123658326635208,17,23,0.04201500960171661,0.2836841388675169,True,False,True,0.00010823540025942965,COMPLETE
1638,0.3590152382850647,2025-04-16 05:51:52.336955,2025-04-16 05:52:16.335008,0 days 00:00:23.998053,0.5302649449242697,0.3214830271915344,8,0.07057529206505489,0.13469857545573374,0.08426100825960664,0.0364957586274989,0.09826067643142475,0.09406497822361357,0.005663336993562655,16,20,0.04826610434194421,0.29971009909817975,True,False,True,0.0001263530478692098,COMPLETE
1639,0.3153887987136841,2025-04-16 05:52:16.884495,2025-04-16 05:52:41.867274,0 days 00:00:24.982779,0.5796457705948562,0.3039283263122194,8,0.061421366433360915,0.17283381698836395,0.08779093139132942,0.032682979272723456,0.09512356871491531,0.09834504181470154,0.004471070011575034,17,25,0.03907246140587355,0.2338144257834628,True,False,True,9.036440383931707e-05,COMPLETE
1640,0.2720065236091614,2025-04-16 05:52:42.398022,2025-04-16 05:53:06.891292,0 days 00:00:24.493270,0.5512988531458523,0.34249895135882413,8,0.07919254997855238,0.15575982251516673,0.08956128523234475,0.04372130202965846,0.09985145834071006,0.09623232369307604,0.0037497087723978952,17,17,0.045929809859048806,0.2413477534591854,True,False,True,5.42105470584443e-05,COMPLETE
1641,0.41377025842666626,2025-04-16 05:53:07.439382,2025-04-16 05:53:31.473908,0 days 00:00:24.034526,0.5281858208513867,0.290978268890404,8,0.06843013343061122,0.14493971844378295,0.08486489257735622,0.04022519461729173,0.09998904079529292,0.09279276496759066,0.005996497705741399,16,29,0.04915056514148694,0.2543531167326997,True,False,True,0.00013608854590882807,COMPLETE
1642,0.37645748853683475,2025-04-16 05:53:32.009174,2025-04-16 05:53:56.768150,0 days 00:00:24.758976,0.604644805508484,0.25415020630634294,8,0.061368020261817854,0.12427705390018133,0.08631329025755236,0.0420912536112438,0.09682885405571674,0.09589194866579812,0.004540924219112988,17,26,0.04329473518213694,0.2251138618356001,True,False,True,7.758107770344973e-05,COMPLETE
1643,0.3753040194511414,2025-04-16 05:53:57.300664,2025-04-16 05:54:20.570534,0 days 00:00:23.269870,0.5633109978870837,0.3200781463148348,8,0.08616232497759307,0.1677361993318141,0.08414941614242351,0.0379022110142714,0.09504766150849518,0.0935552132136494,0.005952426658952787,15,22,0.04680059387900421,0.26209723563543785,True,False,True,0.00010619836763475215,COMPLETE
1644,0.3991674780845642,2025-04-16 05:54:21.122284,2025-04-16 05:54:45.007899,0 days 00:00:23.885615,0.6465161391518792,0.29004417513217307,8,0.07545220660735713,0.15320149802764135,0.09067451312750975,0.03392504089281478,0.09988585692725041,0.09835439255359633,0.004906211217280646,16,25,0.04472971932446178,0.27047651823332675,True,False,True,0.000137252812015371,COMPLETE
1645,0.2831548810005188,2025-04-16 05:54:45.534141,2025-04-16 05:55:10.027649,0 days 00:00:24.493508,0.5430666386958042,0.2717896667109873,8,0.07033259832362274,0.1392595420564015,0.08762618213271155,0.045694654271824696,0.09806226126014385,0.0921703270174666,0.003467721312030042,17,20,0.040892687046538805,0.2469367059123331,True,False,True,6.536334945725021e-05,COMPLETE
1646,0.2562000632286072,2025-04-16 05:55:10.586300,2025-04-16 05:55:34.348874,0 days 00:00:23.762574,0.515642960651194,0.33979158319181846,8,0.09673699156707206,0.1636839902025789,0.08334110315456543,0.03961450582063333,0.09512751354740959,0.09619768888697938,0.004217848197122686,16,14,0.04751662781209266,0.289656698380164,False,False,True,8.65065064592438e-05,COMPLETE
1647,0.2625465512275696,2025-04-16 05:55:34.882763,2025-04-16 05:55:59.789046,0 days 00:00:24.906283,0.5857130183687794,0.3093565476767121,8,0.08159498417411508,0.1476540363095778,0.08893858007851814,0.03607128783458688,0.09800361860163166,0.09097001970742254,0.0029757415843628806,17,23,0.04303754152811366,0.25916116304039716,True,False,True,0.00010902099419900018,COMPLETE
1648,0.378037166595459,2025-04-16 05:56:00.320928,2025-04-16 05:56:25.146400,0 days 00:00:24.825472,0.5605943822038554,0.3330529242891345,8,0.06060228081671991,0.15829580607429902,0.08598843285367747,0.031816298595662,0.09991956774987049,0.09446847280943795,0.005783415480496948,17,29,0.04922706060360662,0.27854240583789,True,False,True,0.00014107475745479118,COMPLETE
1649,0.29752871990203855,2025-04-16 05:56:25.701485,2025-04-16 05:56:50.137899,0 days 00:00:24.436414,0.5344996708954182,0.2798064178010958,8,0.06675416360960389,0.15328226519786398,0.08417383009346274,0.04136230079848204,0.0999866446290494,0.09780259322327747,0.005041314648523468,17,19,0.04529871958845553,0.23497584756078344,True,False,True,9.106938730702657e-05,COMPLETE
1650,0.4157676696777344,2025-04-16 05:56:50.667713,2025-04-16 05:57:16.056606,0 days 00:00:25.388893,0.5759552851682747,0.3077112028131995,8,0.0758903216880082,0.14114495349622036,0.08715009828150974,0.037980618075114506,0.09688411324530781,0.09320311754865243,0.006714099944762481,18,26,0.046539940907594925,0.25032270485497976,True,False,True,7.767381080107184e-05,COMPLETE
1651,0.2889061033725739,2025-04-16 05:57:16.608877,2025-04-16 05:57:43.571595,0 days 00:00:26.962718,0.5178954863474498,0.34732615693001073,8,0.07226171102722152,0.16076977436968662,0.08240472231028591,0.043881451666820295,0.09511469741492132,0.08669906109076668,0.07807659123780025,16,23,0.041656366839843674,0.2666934389000325,True,False,False,0.00011144841675931046,COMPLETE
