number,value,datetime_start,datetime_complete,duration,params_alpha-eval,params_alpha-train,params_batch-size,params_eps-eval,params_eps-train,params_lambda-actions-eval,params_lambda-actions-train,params_lambda-frames-eval,params_lambda-frames-train,params_learning-rate,params_n-epochs,params_n-frames,params_radius-gw,params_rho,params_std-feats,params_ub-actions,params_ub-frames,params_weight-decay,state
968,0.4523214340209961,2025-04-14 04:35:25.476933,2025-04-14 04:35:49.598734,0 days 00:00:24.121801,0.9486143547687433,0.20637088137449472,8,0.0192741386994352,0.100439300896401,0.0803724725106863,0.09423192007544895,0.08986394494829612,0.08458312805555696,0.011571195643020345,16,32,0.08834131399030729,0.1320233438380127,True,True,True,0.00035845476374038953,COMPLETE
969,0.40181813240051273,2025-04-14 04:35:49.898369,2025-04-14 04:36:08.868704,0 days 00:00:18.970335,0.9668911682031295,0.22301514160605693,16,0.02416422134098166,0.12318427921154645,0.03507701437233923,0.09825822303009028,0.09457283124742347,0.08879418727163513,0.01702111605808076,17,35,0.07984071355601152,0.10561142843328082,True,True,True,0.00018402868291310184,COMPLETE
970,0.38627746105194094,2025-04-14 04:36:09.183260,2025-04-14 04:36:31.811876,0 days 00:00:22.628616,0.9274043765822387,0.269284340073987,8,0.00796362013493617,0.08642983092707404,0.06829876647007621,0.08937955417336213,0.08805729110914999,0.09725939824326371,0.006500755354569124,14,23,0.08528341025641867,0.11346463679258502,True,True,True,0.0007352412546170689,COMPLETE
971,0.4633104920387269,2025-04-14 04:36:32.131583,2025-04-14 04:36:50.563575,0 days 00:00:18.431992,0.9411801261295284,0.16325046645680244,16,0.01301699137241231,0.1175369355571982,0.07620541515443388,0.09620314278665297,0.09121990523965705,0.08188706294165854,0.02063607923771028,15,30,0.08201640985772868,0.1285192689958158,True,True,True,0.0002604055968925696,COMPLETE
972,0.43507027626037603,2025-04-14 04:36:50.879124,2025-04-14 04:37:09.276978,0 days 00:00:18.397854,0.8912661457732663,0.16082331418622792,16,0.006056487258634973,0.12685090295447563,0.08073093586510022,0.0910097757410221,0.0964818761095464,0.08552879220480158,0.02484402993284098,15,26,0.07923739028071297,0.14027988507701222,True,True,True,0.0003083111350397024,COMPLETE
973,0.34677006006240846,2025-04-14 04:37:09.595267,2025-04-14 04:37:27.445914,0 days 00:00:17.850647,0.911224601458029,0.1536165847409357,16,0.004589716607784428,0.11959584781330578,0.0778753613970048,0.09365078192356933,0.09223025265737443,0.08505276862251954,0.028618966910785987,15,20,0.08130338720935791,0.13470546730532498,True,False,True,0.0004509895802962339,COMPLETE
974,0.41281858682632444,2025-04-14 04:37:27.747474,2025-04-14 04:37:46.028878,0 days 00:00:18.281404,0.9358729131825987,0.16100500827847944,16,0.012195737097754945,0.13462774997532934,0.0764134727715945,0.0919722764787336,0.09051235497975342,0.08408260232512278,0.028601661195822893,15,28,0.07906170994913025,0.12907790169234104,True,True,True,0.00036123172973289564,COMPLETE
975,0.35257121324539187,2025-04-14 04:37:46.344528,2025-04-14 04:38:08.732965,0 days 00:00:22.388437,0.914581856602406,0.18686953333889048,16,0.011059096265853276,0.12516695659368138,0.07872113059936427,0.09497153520808557,0.09432602404550561,0.08135584193086585,0.03454956489652408,14,138,0.08122280388079342,0.13615426443926915,True,True,True,0.00028143364025491727,COMPLETE
976,0.3742521405220032,2025-04-14 04:38:09.050238,2025-04-14 04:38:26.630603,0 days 00:00:17.580365,0.9356573930234205,0.1516967920576287,16,0.015425836635484481,0.1147139546089225,0.07617067784850898,0.09599740571950302,0.08840980106666338,0.08338480052115467,0.019499683350450506,14,23,0.08252371315441227,0.03914920826092671,True,True,True,0.0005648207489824764,COMPLETE
977,0.3389339089393616,2025-04-14 04:38:26.949808,2025-04-14 04:38:45.569925,0 days 00:00:18.620117,0.5207383230542834,0.17418762992201675,16,0.004738650325862267,0.12184291243996441,0.07498808319480547,0.093889805571427,0.09214421087552588,0.0781331243473911,0.021147052735463585,15,30,0.08269514175700621,0.1269410889841594,True,True,True,0.00026591625834614227,COMPLETE
978,0.3455040335655213,2025-04-14 04:38:45.890222,2025-04-14 04:39:03.311558,0 days 00:00:17.421336,0.9492240878457557,0.1762236029009819,16,0.00537677285289764,0.11805222374306684,0.07791688582990548,0.09633965816331863,0.09658545250363232,0.08627317071975053,0.006151128753519511,14,18,0.08019185816153405,0.1421094658327806,True,True,True,0.0003999643747003919,COMPLETE
979,0.2782384335994721,2025-04-14 04:39:03.617513,2025-04-14 04:39:21.800757,0 days 00:00:18.183244,0.8862262248789872,0.19702324713601013,16,0.00033766306334442496,0.13039663768810683,0.079313059964309,0.09228437669680205,0.0933123540783407,0.09824723464750452,0.022300072206544362,15,27,0.03635885242612013,0.13014701225077005,True,True,True,0.00023197481339078065,COMPLETE
980,0.32457708120346074,2025-04-14 04:39:22.117270,2025-04-14 04:39:39.349174,0 days 00:00:17.231904,0.921640026527688,0.1761355628689077,16,0.015176897626561964,0.11645615402048283,0.08181001440221827,0.09994840177940914,0.08986936902340649,0.08777338319842051,0.02491452035909281,13,30,0.08350351760976918,0.12120621161116478,True,True,False,0.00034211271044455924,COMPLETE
981,0.3103670120239258,2025-04-14 04:39:39.666196,2025-04-14 04:39:58.063748,0 days 00:00:18.397552,0.9786726452463309,0.20017866012999896,16,0.024656195210204828,0.26520585341544833,0.07581386021598928,0.0879865694654283,0.08588787611156283,0.08105640959315252,0.01943679994050321,15,35,0.07872326793873893,0.13395717611098837,True,True,True,0.0004870652240985134,COMPLETE
982,0.35729669332504277,2025-04-14 04:39:58.384817,2025-04-14 04:40:14.557331,0 days 00:00:16.172514,0.9549617569873892,0.1764248570856754,16,0.010596805087583672,0.11176486219272039,0.0733010917298579,0.09666886494667132,0.09461890776099185,0.09590459107805245,0.005112270213368214,11,25,0.08182294946566812,0.12514249956559073,False,True,True,0.00030439396495966965,COMPLETE
983,0.4666159510612488,2025-04-14 04:40:14.876594,2025-04-14 04:40:32.957884,0 days 00:00:18.081290,0.9992847665610128,0.1420646743398621,16,0.01996573478568215,0.1282042402550745,0.07528945283589872,0.09464807877000499,0.09142415086103753,0.08115936829091167,0.008198868661883388,14,32,0.08445069583515756,0.11550113079207612,True,True,True,0.00023574007886797174,COMPLETE
984,0.44451110363006596,2025-04-14 04:40:33.280792,2025-04-14 04:40:51.126740,0 days 00:00:17.845948,0.9989510008639937,0.1434571228601859,16,0.030350469803966586,0.14023895762875296,0.07746978960988628,0.09151447569692131,0.0867759495858266,0.08234654277368815,0.007641973406175295,14,28,0.08508192470168666,0.10086139869914296,True,True,True,0.00021314022732543637,COMPLETE
985,0.3728400707244873,2025-04-14 04:40:51.432270,2025-04-14 04:41:09.063590,0 days 00:00:17.631320,0.998265831728462,0.11275563258238494,16,0.022409607738237417,0.14622979555796667,0.07920912220212016,0.09332216868445743,0.08843328304417618,0.0843794884999641,0.006025127833742152,13,32,0.08494458962913412,0.10967345299004129,True,True,True,0.0001972811705580874,COMPLETE
986,0.3987313389778137,2025-04-14 04:41:09.381853,2025-04-14 04:41:27.091387,0 days 00:00:17.709534,0.9836560789947241,0.1331116206382379,16,0.02961973485669042,0.13605133593910873,0.0750016858032576,0.08981467478973891,0.09054158592089823,0.08456974416787537,0.004628253456630497,14,25,0.08404745422497023,0.11464963343703108,True,True,True,0.00023123175868336324,COMPLETE
987,0.43337539434432987,2025-04-14 04:41:27.410817,2025-04-14 04:41:44.937249,0 days 00:00:17.526432,0.9867373826315976,0.1252147801688866,16,0.02025965478482068,0.12957489925923577,0.07671823282924828,0.09143924292569769,0.09131909849394358,0.08216044829830615,0.0073879547760285985,13,30,0.08693047439731759,0.09525275341177615,True,True,True,0.0001598883619413422,COMPLETE
988,0.4427242755889893,2025-04-14 04:41:45.259870,2025-04-14 04:42:02.961491,0 days 00:00:17.701621,0.998889114651225,0.15454751373612968,16,0.03519812619329816,0.12689119452211856,0.07467772210565189,0.09415771188191333,0.08944583182591528,0.08187575910719298,0.008253140541861596,14,27,0.08523181599468643,0.10448216150033371,True,True,True,0.00023547785565770942,COMPLETE
989,0.20732020139694216,2025-04-14 04:42:03.284068,2025-04-14 04:42:20.732979,0 days 00:00:17.448911,0.972077921241493,0.14418929810945694,16,0.18010988548079018,0.13674801893668298,0.07178625689233184,0.09410860500730985,0.08739331092042259,0.0865704137753744,0.0089470912451875,13,31,0.0833679804980242,0.11439259531907175,True,False,True,0.0002530801959129107,COMPLETE
990,0.1888286888599396,2025-04-14 04:42:21.038640,2025-04-14 04:42:38.515888,0 days 00:00:17.477248,0.9756049034617289,0.1589181309401581,16,0.025799211530600538,0.15196382789643395,0.08115704523903935,0.09005118396382561,0.08419971428810438,0.08422813856584921,0.005993904959454593,14,23,0.08649305933309648,0.11697947683129203,True,True,True,0.00017580779324384433,COMPLETE
991,0.29929046630859374,2025-04-14 04:42:38.836673,2025-04-14 04:42:56.132926,0 days 00:00:17.296253,0.9828558044354457,0.5933354046398505,16,0.019026569443029575,0.12223479923633751,0.0661402843190652,0.09270107896745408,0.09190131167521834,0.08803698109842417,0.007036355355696537,12,32,0.0883733041123519,0.10729990107873666,True,True,True,0.0002781306482775985,COMPLETE
992,0.353648054599762,2025-04-14 04:42:56.457287,2025-04-14 04:43:15.860169,0 days 00:00:19.402882,0.9672704787643331,0.1250297520656815,16,0.01791751905393265,0.1323704578968894,0.07658465238851157,0.09515096367884439,0.08982664377202798,0.03888162620044437,0.009176591215221701,14,76,0.08407100088765007,0.1270939518023151,True,True,True,0.00032643815261049273,COMPLETE
993,0.4457889795303345,2025-04-14 04:43:16.197645,2025-04-14 04:43:33.993682,0 days 00:00:17.796037,0.9823974997131544,0.15715141593017623,16,0.02641579296689884,0.12328154674162156,0.07331322270444739,0.09539261887617441,0.09350411602954173,0.09035175978891852,0.009485799419762946,14,29,0.08607539562796902,0.1199725286318732,True,True,True,0.0002004512917491266,COMPLETE
994,0.34470590353012087,2025-04-14 04:43:34.319928,2025-04-14 04:43:51.884026,0 days 00:00:17.564098,0.9575270927117785,0.13930414951342723,16,0.08986129619238983,0.12906560726063238,0.06973469423909445,0.09290922191152086,0.09587623614456511,0.08050227615549296,0.040071229507718575,13,33,0.08952559214705193,0.14116723012801968,True,True,True,0.0002679489297121308,COMPLETE
995,0.4716109991073608,2025-04-14 04:43:52.210932,2025-04-14 04:44:10.119428,0 days 00:00:17.908496,0.9969896908348423,0.17238635130619448,16,0.015018275708723685,0.11991165304907897,0.07169367999102387,0.0858269134536424,0.09191694560052732,0.09983192482416597,0.007258696973024719,14,28,0.08229323207735365,0.1114479261992473,True,True,True,0.00033410232415183983,COMPLETE
996,0.399030339717865,2025-04-14 04:44:10.430123,2025-04-14 04:44:27.963642,0 days 00:00:17.533519,0.9987621561465324,0.16962611262952237,16,0.03254375610412518,0.13972995063991775,0.06789580991606274,0.08844046504822833,0.09736926978401543,0.07880196008399078,0.00584200506647605,13,30,0.08182031469767626,0.10843196987070214,True,True,True,0.0002033089881626281,COMPLETE
997,0.3709614396095276,2025-04-14 04:44:28.290774,2025-04-14 04:44:46.088565,0 days 00:00:17.797791,0.9838375985457104,0.9206011006721686,16,0.02254826477892173,0.12861536920097488,0.06638971727122492,0.08514870255329884,0.09445264440216264,0.09886646317209372,0.005071014309291879,14,34,0.08213682572155458,0.0883012947876946,True,True,True,0.0001537703545228584,COMPLETE
998,0.4347364783287049,2025-04-14 04:44:46.410100,2025-04-14 04:45:04.103708,0 days 00:00:17.693608,0.995982991707099,0.1319313205362565,16,0.01683857896540224,0.12414598192757142,0.07117230914623862,0.08619917434058741,0.09212088195592304,0.08169022438441102,0.007136822312317734,13,37,0.07944869657576842,0.10078226667989004,True,True,True,0.0002511755602252904,COMPLETE
999,0.32861151695251467,2025-04-14 04:45:04.430936,2025-04-14 04:45:21.259314,0 days 00:00:16.828378,0.9969112493211433,0.17322297784941254,16,0.02655231613660403,0.11956234277068813,0.07140088269793672,0.08958289776862936,0.09315951161681621,0.09974522140197678,0.010430832243348093,12,28,0.08303595399772917,0.09521722386884537,True,True,False,0.0003521504068686046,COMPLETE
1000,0.1888286888599396,2025-04-14 04:45:21.583133,2025-04-14 04:45:38.372243,0 days 00:00:16.789110,0.9825329229719041,0.10948776069525328,16,0.24172210453404147,0.13651253495753585,0.06892966797171242,0.08873366469817534,0.09553212808743296,0.07865367745700924,0.008627056536443753,13,33,0.04047844423263144,0.10958565344213447,False,True,True,0.00029745662790873676,COMPLETE
1001,0.42800258398056035,2025-04-14 04:45:38.699997,2025-04-14 04:45:56.478565,0 days 00:00:17.778568,0.3014830354807105,0.15383130040995385,16,0.11156839101336888,0.13188895734474368,0.074670110982061,0.08632604075106501,0.09789904283504344,0.08245535840913522,0.016413498937987436,14,31,0.08154880998400128,0.11286670993390241,True,True,True,0.00020530073344889057,COMPLETE
1002,0.44344565868377694,2025-04-14 04:45:56.790003,2025-04-14 04:46:14.492651,0 days 00:00:17.702648,0.9700008243813458,0.15874395177013703,16,0.03538490964760324,0.1197903008433492,0.06976997753307362,0.08473911155258515,0.09135821974651061,0.08255899176829413,0.006703248491490262,14,28,0.08387504486713229,0.10282549449226443,True,True,True,0.00028675131682563817,COMPLETE
1003,0.35839266777038575,2025-04-14 04:46:14.815986,2025-04-14 04:46:33.032137,0 days 00:00:18.216151,0.9422226981983974,0.17813936208059905,16,0.021612648907867085,0.12538601375121683,0.07231112802101243,0.08652523831533487,0.05494103078814445,0.08112958300545238,0.004476081786270381,14,35,0.07929649309117037,0.11538572593076944,True,True,True,0.00041964969746698897,COMPLETE
1004,0.33153332471847535,2025-04-14 04:46:33.356998,2025-04-14 04:46:50.956166,0 days 00:00:17.599168,0.9996222980652986,0.12388343885238051,16,0.015873687113964734,0.11343826563829464,0.06478353858100834,0.09050220642068511,0.09359691838244766,0.09985220122291708,0.01110834339961701,13,38,0.0922858269983819,0.10723724885366039,True,True,True,0.0002399608834882514,COMPLETE
1005,0.4440231800079346,2025-04-14 04:46:51.285549,2025-04-14 04:47:09.166171,0 days 00:00:17.880622,0.9995002775495259,0.14355647984469502,16,0.010272941701959132,0.12037890938075381,0.04087085767152617,0.0921872770389793,0.09145189710969881,0.09992024221662794,0.009096913662624651,14,32,0.08699551705759787,0.11611309473650656,True,True,True,0.00015504174746654802,COMPLETE
1006,0.3826568484306335,2025-04-14 04:47:09.494498,2025-04-14 04:47:27.303176,0 days 00:00:17.808678,0.9699046427682256,0.18501669475492408,16,0.028600351915600977,0.1269993706778086,0.0789339482929456,0.0892659422120514,0.09541730302220629,0.0801955158377638,0.013856863352006685,14,26,0.0832945073919176,0.10144698786101286,True,True,True,0.0003769816815214693,COMPLETE
1007,0.2983139514923096,2025-04-14 04:47:27.639484,2025-04-14 04:47:44.722219,0 days 00:00:17.082735,0.957511107530441,0.1628895606231166,16,0.13036602548874468,0.11293154679444142,0.07585197314160015,0.08839755602529063,0.09355622393370244,0.09994935307127649,0.019166386995894062,12,30,0.08109799261236193,0.12372037903742311,True,True,True,0.00017844082233652915,COMPLETE
1008,0.30983602404594424,2025-04-14 04:47:45.036449,2025-04-14 04:48:02.605617,0 days 00:00:17.569168,0.6966691921538319,0.18914666069703956,16,0.0003544412490615323,0.11720360268259365,0.06870210975739999,0.09044994125339005,0.0030652024009934498,0.08646538708335949,0.007962955845814272,13,35,0.08531960262707247,0.1113838197319591,True,False,True,0.00030893221071787126,COMPLETE
1009,0.38819810152053835,2025-04-14 04:48:02.932308,2025-04-14 04:48:21.348159,0 days 00:00:18.415851,0.9065213657020517,0.6550573036642634,16,0.015788234901042676,0.10982750571674382,0.07162441978550692,0.08758573776219335,0.09710666046835131,0.07858906572193115,0.005983537658268668,15,33,0.08855607339908485,0.13131328456212493,True,True,True,0.0002608621256031405,COMPLETE
1010,0.34186403751373295,2025-04-14 04:48:21.678237,2025-04-14 04:48:39.692921,0 days 00:00:18.014684,0.935995758896902,0.20417654425466503,16,0.020674469247730386,0.1304718814182652,0.06722301676344605,0.09225964553218712,0.09045502688889902,0.0803836616467233,0.010767203712448296,14,29,0.09075000543206097,0.12030652988805936,True,True,True,0.00039806153599907613,COMPLETE
1011,0.4078611016273499,2025-04-14 04:48:40.029897,2025-04-14 04:48:58.626652,0 days 00:00:18.596755,0.9813668315934546,0.17850451120490182,16,0.006164515920742429,0.12320880890871075,0.07412549281362364,0.09399595767720043,0.09260418592924288,0.0978440577291787,0.012170766933854027,15,38,0.08408368099720978,0.11548924780040198,True,True,True,0.00022938078762708915,COMPLETE
1012,0.1888286888599396,2025-04-14 04:48:58.958631,2025-04-14 04:49:15.338086,0 days 00:00:16.379455,0.9618549761699495,0.14844657256860966,16,0.013165578553138421,0.10843151161823417,0.07761196080423681,0.09173211462578544,0.088403668839063,0.09822970170152093,0.00024261542848566574,11,25,0.08676610280851442,0.09540086558245708,True,True,True,0.00033689175218794493,COMPLETE
1013,0.37759299278259284,2025-04-14 04:49:15.668347,2025-04-14 04:49:33.747651,0 days 00:00:18.079304,0.932429517124919,0.10201427203873328,16,0.02396960424778239,0.14366634794290256,0.07035184559255635,0.0852896508782903,0.09499850367123834,0.0800266046939397,0.006977272265773556,13,48,0.08226936649527876,0.1271134089149245,True,True,True,0.0002088965861001839,COMPLETE
1014,0.3730891942977905,2025-04-14 04:49:34.062807,2025-04-14 04:49:52.309747,0 days 00:00:18.246940,0.950090443598969,0.2093638225616586,16,0.00027485928150038384,0.1128752746641215,0.07285249175220415,0.09455447514926328,0.09132600220469954,0.08365765929925235,0.01557428810455948,14,41,0.08878818288142579,0.10661970567161606,True,True,True,0.00014357174954129592,COMPLETE
1015,0.2566235661506653,2025-04-14 04:49:52.640647,2025-04-14 04:50:11.029249,0 days 00:00:18.388602,0.36653382172487026,0.18082050913254988,16,0.03443308783805556,0.13497192896009574,0.07604001403409104,0.095909303603706,0.0981682072507347,0.09793194240009298,0.009583946446135003,15,33,0.08524023952578237,0.13120649714297586,True,True,True,0.00031918788216631934,COMPLETE
1016,0.3505869507789612,2025-04-14 04:50:11.355528,2025-04-14 04:50:29.203307,0 days 00:00:17.847779,0.980238851680156,0.2010146568954355,16,0.017151369834122916,0.12054976301173242,0.06659728912889869,0.0964613344960339,0.09389387136417565,0.09732036604432591,0.02240839789952141,14,29,0.07971588606338335,0.05220895028332724,True,True,True,0.0003960264874804754,COMPLETE
1017,0.25838505625724795,2025-04-14 04:50:29.538842,2025-04-14 04:50:46.335009,0 days 00:00:16.796167,0.9041083754698027,0.16321076470166387,16,0.00779252806803057,0.11751694533868147,0.0699370616233541,0.09402618446284687,0.08932841756723316,0.08587003553229841,0.008155869681125274,12,22,0.08341383527617485,0.1368945632161996,True,True,True,0.00026483031220129555,COMPLETE
1018,0.3810679435729981,2025-04-14 04:50:46.668054,2025-04-14 04:51:04.921579,0 days 00:00:18.253525,0.9236908644051919,0.21559248261952185,16,0.02743061794769716,0.21624479759199589,0.07409096054034506,0.09087887408183426,0.06664630432802765,0.09831295207473877,0.013143970193253082,15,36,0.09089470135448503,0.12402593301126376,True,True,False,0.00019778454009652168,COMPLETE
1019,0.4011245846748352,2025-04-14 04:51:05.257270,2025-04-14 04:51:22.592854,0 days 00:00:17.335584,0.9684098455935322,0.19182696698000495,16,0.010707096692941167,0.12615054141105528,0.08024080898684365,0.08747749077936458,0.09631231959316518,0.08761988371158426,0.011276461542547253,14,31,0.08699499264948106,0.11743292796994151,False,True,True,3.1686748333685106e-08,COMPLETE
1020,0.43160463571548463,2025-04-14 04:51:22.914534,2025-04-14 04:51:40.895459,0 days 00:00:17.980925,0.9475197582995433,0.12804713375102791,16,0.019368944644825473,0.10865688187739138,0.07161825411190673,0.09696163984818461,0.09138863887464142,0.09675826717495138,0.00536721558913015,15,27,0.0810832113672181,0.08725257974768764,True,True,True,0.0004522101355974864,COMPLETE
1021,0.34089064598083496,2025-04-14 04:51:41.224638,2025-04-14 04:51:58.613880,0 days 00:00:17.389242,0.8849812435298945,0.21926271276723008,16,0.013115436457746243,0.10495764914727493,0.0691316806733463,0.09267636614064419,0.09269216518372447,0.032471889772215386,0.009708848566381488,13,33,0.08532213285237912,0.01644222307376514,True,True,True,0.000262118991978387,COMPLETE
1022,0.3444291949272156,2025-04-14 04:51:58.943577,2025-04-14 04:52:17.434128,0 days 00:00:18.490551,0.9833317020522676,0.19983752863375814,16,0.006443034669996232,0.13061104696082573,0.07449563493443193,0.09519745837139741,0.09470890924637457,0.08964264428054637,0.014855106262158042,15,36,0.08929673244760183,0.11143122731676829,True,True,True,0.00016878273954612155,COMPLETE
1023,0.23097469806671145,2025-04-14 04:52:17.764041,2025-04-14 04:52:35.594660,0 days 00:00:17.830619,0.9618754403374014,0.16550593247223666,16,0.14433237634164314,0.11526703837685409,0.07785350599928946,0.09703752148613659,0.08762473973688023,0.0930682443426467,0.01759718733299773,14,29,0.09301781369222516,0.12233374217291806,True,True,True,0.00033354902334830944,COMPLETE
1024,0.4442608833312989,2025-04-14 04:52:35.930463,2025-04-14 04:52:53.189289,0 days 00:00:17.258826,0.9343858422493914,0.2232881704191772,16,0.025116565582101832,0.12363875335459391,0.07281453882039479,0.0954906970812535,0.08949638265574691,0.09622300781208994,0.006964262952109535,13,25,0.08333994433889855,0.1275604814713001,True,True,True,0.00042018048444324206,COMPLETE
