number,value,datetime_start,datetime_complete,duration,params_alpha-eval,params_alpha-train,params_batch-size,params_eps-eval,params_eps-train,params_lambda-actions-eval,params_lambda-actions-train,params_lambda-frames-eval,params_lambda-frames-train,params_learning-rate,params_n-epochs,params_n-frames,params_radius-gw,params_rho,params_std-feats,params_ub-actions,params_ub-frames,params_weight-decay,state
1538,0.41755229234695435,2025-04-16 05:09:45.830481,2025-04-16 05:10:10.406008,0 days 00:00:24.575527,0.5229857182804628,0.31242837050393013,8,0.07765739835305928,0.1394682857663348,0.0837027169983886,0.0368575127508234,0.09998594466992905,0.09562371667228126,0.004685301450343276,17,22,0.04809794647930366,0.28281706478447977,True,False,True,0.00010260121998758944,COMPLETE
1539,0.37379823923110966,2025-04-16 05:10:10.897783,2025-04-16 05:10:35.595074,0 days 00:00:24.697291,0.5459240391205126,0.336103002248428,8,0.08376592886554089,0.16297830095999266,0.08751181773297088,0.04123297214327995,0.09589270845998213,0.09310566282052699,0.0031822276168981755,17,25,0.04304942883050229,0.2629307476016791,True,False,True,7.838898139782589e-05,COMPLETE
1540,0.1888286888599396,2025-04-16 05:10:36.087429,2025-04-16 05:10:59.944313,0 days 00:00:23.856884,0.566814260836623,0.30181938948778886,8,0.0705032700046379,0.14757275088890348,0.08300388999187644,0.039895998194381325,0.09998854136678535,0.09012223805352694,0.003958279174389752,16,18,0.04598846885801941,0.22602260787457526,True,True,True,0.00011538605620023505,COMPLETE
1541,0.3949337720870972,2025-04-16 05:11:00.458966,2025-04-16 05:11:25.231246,0 days 00:00:24.772280,0.5343803328446661,0.32128755835471545,8,0.06881643451760679,0.13214072078680147,0.08556761689432939,0.03723621836304903,0.09603632600346257,0.09549392144709659,0.00632603345674135,17,28,0.048301236476324,0.26471127277283807,True,False,True,6.065766891067899e-05,COMPLETE
1542,0.2518952786922455,2025-04-16 05:11:25.727870,2025-04-16 05:11:50.454388,0 days 00:00:24.726518,0.6020712976276302,0.34160813484616076,8,0.08901404499620538,0.11508965071796559,0.08788116552253089,0.0347931872087996,0.09780073370543206,0.09386539169059425,0.00501315880370007,17,22,0.04053176420716937,0.25926046176608375,True,False,True,9.307986506121549e-05,COMPLETE
1543,0.42127503156661983,2025-04-16 05:11:50.949655,2025-04-16 05:12:15.785631,0 days 00:00:24.835976,0.5179768792108321,0.29505161510609706,8,0.07609096133006017,0.15583484998249666,0.08521993954143206,0.04110965495330407,0.09582468424960291,0.09139299794248933,0.005386246620949047,17,25,0.04561638649338897,0.26888758247720823,True,False,True,0.00012488971376699412,COMPLETE
1544,0.3842016220092774,2025-04-16 05:12:16.298887,2025-04-16 05:12:40.422274,0 days 00:00:24.123387,0.5749436062594497,0.2816810831333722,8,0.07920618845874022,0.15594705481887813,0.09052926486029328,0.04160002831840286,0.09591652977872384,0.0864610203841954,0.0038024927702360405,16,27,0.04322640969156948,0.27196917703936435,True,False,True,8.449819260121762e-05,COMPLETE
1545,0.41018286943435667,2025-04-16 05:12:40.918296,2025-04-16 05:13:05.855237,0 days 00:00:24.936941,0.546871128254998,0.262294253333637,8,0.07758585586841912,0.1504128648550803,0.08713286511521982,0.04055416488866569,0.09589971777872465,0.08898824758171679,0.004503968560377401,17,28,0.04481664711526326,0.27716578477090925,True,False,True,0.00012535474230149706,COMPLETE
1546,0.41986532211303706,2025-04-16 05:13:06.348738,2025-04-16 05:13:30.794243,0 days 00:00:24.445505,0.5243610372969136,0.2926068338401794,8,0.08464094747926089,0.14368666016727433,0.08519151278790443,0.04271327129966135,0.097955408589991,0.09097239004917664,0.0049100287332855454,16,25,0.041631117491995565,0.26840903965679425,True,False,True,0.00012871897142488852,COMPLETE
1547,0.24990214109420777,2025-04-16 05:13:31.309759,2025-04-16 05:13:55.659339,0 days 00:00:24.349580,0.5389997550600281,0.2741277774661805,8,0.08704781098904067,0.13825307282296265,0.08921343945503399,0.04308467205666895,0.09805143795239075,0.08811088152059383,0.0032577966808335873,16,24,0.03877796529944859,0.2646471481615351,True,False,True,0.00012452653986438464,COMPLETE
1548,0.24017397165298465,2025-04-16 05:13:56.156597,2025-04-16 05:14:20.179448,0 days 00:00:24.022851,0.5637108780204488,0.26624287898087057,8,0.0921561888799767,0.14210824365637295,0.08657441320240411,0.04348975038373475,0.09827754501335631,0.08482796266917295,0.004189754154113452,16,20,0.04128882450609505,0.26850543386959014,True,False,True,9.14788359722306e-05,COMPLETE
1549,0.2539838790893555,2025-04-16 05:14:20.676025,2025-04-16 05:14:44.735337,0 days 00:00:24.059312,0.5213060571793822,0.2918974891643683,8,0.08196149955124782,0.14601665742883682,0.08521111384368485,0.04111631288246675,0.09833352174562955,0.08997094951806225,0.004799966172521212,16,25,0.03764951572538554,0.2796910754332452,True,False,True,0.00010469658611271874,COMPLETE
1550,0.25996353626251223,2025-04-16 05:14:45.254739,2025-04-16 05:15:09.250339,0 days 00:00:23.995600,0.5559381453053208,0.29010502596806903,8,0.08417471606445444,0.13483153002842954,0.09311634782204818,0.03904849096294439,0.09821216939550426,0.09117468338077318,0.003623064325133248,16,24,0.04070577164471246,0.28704262551893295,True,False,True,7.513483912180228e-05,COMPLETE
1551,0.2858747959136963,2025-04-16 05:15:09.747370,2025-04-16 05:15:33.556439,0 days 00:00:23.809069,0.5292151351247197,0.26679903670350436,8,0.07303127024041328,0.12578008763945533,0.0882881178666129,0.0421594025798609,0.09590457789491984,0.08688182180940901,0.005011916780301893,16,16,0.04320316439436193,0.2695162907672491,True,False,True,0.00012532436849026256,COMPLETE
1552,0.3102016806602478,2025-04-16 05:15:34.057236,2025-04-16 05:15:57.856521,0 days 00:00:23.799285,0.5934801602635468,0.2945842889718901,8,0.0766490374919639,0.15451555772863934,0.08478224450493071,0.044661235197468896,0.09784183042992826,0.091584552974731,0.004232085407414332,16,20,0.04176119317782163,0.2763097643542652,False,False,True,5.2698391835975277e-05,COMPLETE
1553,0.3092708706855774,2025-04-16 05:15:58.379208,2025-04-16 05:16:22.266244,0 days 00:00:23.887036,0.5439320197119987,0.3029838526122306,8,0.09717318615906335,0.16009922738607685,0.08974684573959744,0.03978436825062443,0.09808390428889877,0.08875719039687086,0.003094305538727277,16,25,0.044382027781811204,0.26520830767387177,True,False,True,6.901992514270276e-05,COMPLETE
1554,0.2702570199966431,2025-04-16 05:16:22.777853,2025-04-16 05:16:47.640950,0 days 00:00:24.863097,0.5795437565625553,0.28048317068688955,8,0.07455330150958184,0.14899747966164276,0.08624012524395724,0.042877078348035134,0.09992366824179331,0.09090299203794076,0.005023492842199661,17,28,0.0350226475125259,0.25887511926848844,True,False,True,0.00010163725261594481,COMPLETE
1555,0.2465708374977112,2025-04-16 05:16:48.144711,2025-04-16 05:17:13.050845,0 days 00:00:24.906134,0.5247930872307374,0.2996841916611899,8,0.08479070881126433,0.1415659230764556,0.08399809815426765,0.03886078274273733,0.09582786347465562,0.09189350729094167,0.003804981882137725,17,22,0.03892367904717848,0.27261001982175953,True,False,True,0.00012555067380310244,COMPLETE
1556,0.29679211378097536,2025-04-16 05:17:13.569660,2025-04-16 05:17:41.667165,0 days 00:00:28.097505,0.562711947120282,0.2586661215126637,8,0.08999650230434007,0.15484063402052356,0.08687812029694832,0.04166467085176012,0.09812296438915281,0.08835071507548743,0.005489003273521803,17,25,0.04278541034149185,0.26178691163550893,True,False,False,8.851829344683726e-05,COMPLETE
1557,0.28394832611083987,2025-04-16 05:17:42.168583,2025-04-16 05:18:06.019030,0 days 00:00:23.850447,0.5424443739467661,0.2883644445253518,8,0.07982636400695317,0.14719465703003667,0.08837616076566535,0.03764042345114587,0.09596268144855684,0.0902054853252985,0.004347640328694661,16,19,0.04581077553728007,0.25388459441885564,True,False,True,0.00012292560350363145,COMPLETE
1558,0.40137267112731934,2025-04-16 05:18:06.517593,2025-04-16 05:18:31.004848,0 days 00:00:24.487255,0.6357044476989386,0.31211790906202647,8,0.06952982583833807,0.13045699504789804,0.09094616126936333,0.04484060266934748,0.09991105018703324,0.09258875222829617,0.0035514085977629657,16,28,0.04213685027587907,0.28062229041802206,True,True,True,6.495957164559818e-05,COMPLETE
1559,0.4332516789436341,2025-04-16 05:18:31.532757,2025-04-16 05:18:56.076325,0 days 00:00:24.543568,0.5201700513156652,0.268467546692377,8,0.0735485569904731,0.16048883189947635,0.08484919738367537,0.04060050621375272,0.0968569505637739,0.0922684742405263,0.005540518366316822,17,23,0.04519167906641711,0.2657505306241202,True,False,True,0.00010104058487470597,COMPLETE
1560,0.3000330328941345,2025-04-16 05:18:56.577233,2025-04-16 05:19:21.257015,0 days 00:00:24.679782,0.5162268170544595,0.26008809438017766,8,0.06707962975094324,0.1633419888202575,0.08585174229986244,0.0406963253035413,0.09541774133080913,0.08628754199709786,0.00630539171706879,17,18,0.040296896409889246,0.2696387030897396,True,False,True,4.8116651007902945e-05,COMPLETE
1561,0.3005878806114197,2025-04-16 05:19:21.762625,2025-04-16 05:19:45.807874,0 days 00:00:24.045249,0.5250631377631374,0.26578837043084125,8,0.07223387019063392,0.13819808115898835,0.08768567992882179,0.04301969120865637,0.09573605148423348,0.08955869845440637,0.006059606779258768,16,22,0.04383955073700924,0.2741763315164402,True,False,True,6.325898374079759e-05,COMPLETE
1562,0.29332698583602906,2025-04-16 05:19:46.328970,2025-04-16 05:20:09.863292,0 days 00:00:23.534322,0.5183228216310328,0.2607343365146306,8,0.06674896398977792,0.1528400755489266,0.08454265189859939,0.04050272309813561,0.09993018376015453,0.09203629855547298,0.005475605147234741,16,13,0.04517592240795828,0.2649340931075631,True,False,True,8.313563872569502e-05,COMPLETE
1563,0.2758532702922821,2025-04-16 05:20:10.364648,2025-04-16 05:20:34.997540,0 days 00:00:24.632892,0.5173223514717781,0.2823433466221382,8,0.07362593817149268,0.15942616692085165,0.09169212924240921,0.04274869668070544,0.0965812283319082,0.08816408441587069,0.006397190179440276,17,16,0.04190313155881178,0.28506551299673966,True,False,True,9.643534850132442e-05,COMPLETE
1564,0.30773226022720335,2025-04-16 05:20:35.502324,2025-04-16 05:20:59.899057,0 days 00:00:24.396733,0.5373400055841052,0.2776964103392852,8,0.06305013831043409,0.14448710667126966,0.08932067185122286,0.04455697247520129,0.09553034453840005,0.09047456875716162,0.004915002009174805,17,21,0.044121566250489304,0.2683241840054213,True,False,True,7.33373793959858e-05,COMPLETE
1565,0.28036863803863527,2025-04-16 05:21:00.417205,2025-04-16 05:21:24.396759,0 days 00:00:23.979554,0.5629808381510353,0.28376500567312385,8,0.07821946662032149,0.1490207776070374,0.0859352327067492,0.03933827229056005,0.09722828497366232,0.09249110675403432,0.0054933659046623,16,23,0.0391182144845137,0.261303857144963,True,False,True,0.00010109349183221458,COMPLETE
1566,0.28840360641479496,2025-04-16 05:21:24.901307,2025-04-16 05:21:49.393626,0 days 00:00:24.492319,0.5381445367763525,0.2979321088820636,8,0.07252107464537781,0.16102959485410148,0.08402556622049868,0.04169904363698188,0.09790273760550725,0.08554358180486635,0.006314638039290842,17,19,0.041033867404855595,0.2775665759947201,True,False,True,8.294640554041488e-05,COMPLETE
1567,0.3552237510681152,2025-04-16 05:21:49.896522,2025-04-16 05:22:13.892310,0 days 00:00:23.995788,0.5158572111366843,0.26767402386685424,8,0.06829474417595076,0.13775148370663354,0.08756243079848809,0.038243664229903114,0.09550482381931086,0.08973275775158511,0.004922422057614299,16,25,0.046021850474212575,0.2503258013463172,True,False,True,0.00010569329940774314,COMPLETE
1568,0.4291989088058472,2025-04-16 05:22:14.422173,2025-04-16 05:22:39.148206,0 days 00:00:24.726033,0.5615342872781094,0.2957102623972301,8,0.0832776986267919,0.1542840632901159,0.08497389026185308,0.040367888367136034,0.06782274840791817,0.09323735951595205,0.006294205110125296,17,23,0.04586398371724945,0.25884295655618594,True,False,True,5.684934139691641e-05,COMPLETE
1569,0.3367491841316223,2025-04-16 05:22:39.656748,2025-04-16 05:23:04.019601,0 days 00:00:24.362853,0.5894585417192487,0.25829048994696596,8,0.062084421774400114,0.16614590412067953,0.08367751655762679,0.03996858563642567,0.05806588524404816,0.09336084852827124,0.006402666044265729,17,20,0.04781983187303745,0.25659447823146486,True,False,True,4.9085370365819524e-05,COMPLETE
1570,0.37306177616119385,2025-04-16 05:23:04.523525,2025-04-16 05:23:29.128583,0 days 00:00:24.605058,0.5800980257075863,0.3070788314272487,8,0.08060390564248712,0.1556322366428088,0.08876861746672526,0.03748115803475137,0.06506370396117446,0.09654590073792925,0.00029079983985211136,17,16,0.046146851309461584,0.2507517329646086,True,False,True,5.524037214713081e-05,COMPLETE
1571,0.2945543169975281,2025-04-16 05:23:29.655114,2025-04-16 05:23:54.360863,0 days 00:00:24.705749,0.566930977051789,0.30960820652464116,8,0.07233309078329056,0.15296009569879374,0.09417621455953404,0.040552021231651386,0.05929761560308295,0.09382160471424938,0.006778356698622735,17,21,0.045801471244206464,0.25973917439023925,True,False,True,5.738714582166429e-05,COMPLETE
1572,0.38615946769714354,2025-04-16 05:23:54.867290,2025-04-16 05:24:19.276622,0 days 00:00:24.409332,0.5965877325220725,0.28005466779741467,8,0.06564273172468918,0.16348521094710622,0.086489334748985,0.0382052106040981,0.09577941253067304,0.09268305170580718,0.006407803170196436,17,23,0.04800097279831456,0.25270342944806645,False,False,True,6.18323666135624e-05,COMPLETE
1573,0.28968273997306826,2025-04-16 05:24:19.782614,2025-04-16 05:24:44.619926,0 days 00:00:24.837312,0.6170512766692641,0.3032059810886404,8,0.07587122430664663,0.15764056007403435,0.08315652157628967,0.03688420446621788,0.053192831795984906,0.09637600333785636,0.0056505131993443486,17,18,0.04424618477071417,0.24688451999129046,True,False,True,4.617702730809461e-05,COMPLETE
1574,0.40456933975219733,2025-04-16 05:24:45.144947,2025-04-16 05:25:10.134573,0 days 00:00:24.989626,0.5643244077969073,0.25978842204327224,8,0.10900034381808699,0.1504543771066558,0.08503579748878429,0.03969574213749252,0.09807019245758539,0.09445469006066408,0.006603566469647424,17,27,0.04777782100909329,0.2627886291551179,True,False,True,6.974984014345039e-05,COMPLETE
1575,0.39035097360610965,2025-04-16 05:25:10.637862,2025-04-16 05:25:35.115782,0 days 00:00:24.477920,0.5537924173495142,0.31148058739965945,8,0.08571384585366963,0.16422563696116899,0.090769176096904,0.04157812297639639,0.06181370820949472,0.09237235151036212,0.00543927114631753,17,22,0.04592040025179602,0.23960372306936362,True,False,True,7.5851955893335e-05,COMPLETE
1576,0.30557661652565005,2025-04-16 05:25:35.621649,2025-04-16 05:26:03.512708,0 days 00:00:27.891059,0.6051618060711823,0.29464405955332956,8,0.062403696674978026,0.15693812121155887,0.08273508350168718,0.045925771619393006,0.09541372241358781,0.09609745070513537,0.004513514152562083,17,28,0.043656349090032014,0.2569807806979474,True,False,False,8.225609343851157e-05,COMPLETE
1577,0.1888286888599396,2025-04-16 05:26:04.040161,2025-04-16 05:26:28.288271,0 days 00:00:24.248110,0.5822418023704943,0.28736133997224605,8,0.06927068108616245,0.15058156549348506,0.08709018131682952,0.03845570260334812,0.07697457641490886,0.0937486035981433,0.005525250714017818,17,12,0.048148879718122484,0.24918001036790532,True,True,True,8.926571382774597e-05,COMPLETE
1578,0.38927017450332646,2025-04-16 05:26:28.795583,2025-04-16 05:26:53.728896,0 days 00:00:24.933313,0.549870964855361,0.31653473128078924,8,0.07440001833686488,0.16727228083454462,0.084553905986789,0.043789119684164046,0.09703762739868285,0.0915396463535097,0.006636227914844314,17,23,0.045356722693838857,0.24325615969575926,True,False,True,6.507444622962685e-05,COMPLETE
1579,0.30434975624084476,2025-04-16 05:26:54.232774,2025-04-16 05:27:19.473031,0 days 00:00:25.240257,0.5719178891093889,0.28816857946640473,8,0.08208628416012309,0.14500620631240554,0.0883944550053642,0.03658662619514638,0.09986777497839626,0.09686845873602261,0.003897912801609922,18,17,0.04634172511386232,0.2922529344821689,True,False,True,7.484158236017486e-05,COMPLETE
1580,0.29013243913650516,2025-04-16 05:27:20.000579,2025-04-16 05:27:44.481984,0 days 00:00:24.481405,0.5445068503394985,0.26331417771519805,8,0.06447330762684281,0.16035625250960958,0.08239342249949577,0.041100967241094175,0.09543076677881804,0.08809211966937477,0.005109971885992645,17,20,0.0437281694707156,0.26464330488255927,True,False,True,5.341750398024892e-05,COMPLETE
1581,0.42317293882369994,2025-04-16 05:27:44.989753,2025-04-16 05:28:10.408607,0 days 00:00:25.418854,0.5782581191420896,0.31889328976154097,8,0.0684942969281193,0.1528725286902854,0.08572110296482836,0.0394041262152663,0.09992595047863179,0.09441500112785972,0.004368191919441814,18,25,0.047851318807581755,0.2737500654099544,True,False,True,9.937184320134717e-05,COMPLETE
1582,0.4085461378097534,2025-04-16 05:28:10.916560,2025-04-16 05:28:36.418852,0 days 00:00:25.502292,0.6033083329063031,0.27490552670859625,8,0.07017191835976044,0.15267929434467137,0.08984187426388059,0.03890071499954271,0.07527884538309819,0.09444065151474654,0.003141631135949888,18,25,0.048400103545300985,0.28354148625859127,True,False,True,9.77362469522844e-05,COMPLETE
1583,0.4182961583137512,2025-04-16 05:28:36.941949,2025-04-16 05:29:02.444152,0 days 00:00:25.502203,0.58501029697294,0.3190702164867136,8,0.07715476453067076,0.14635624642464837,0.08659671337399759,0.040188567244781696,0.0399451493819596,0.09534191843865931,0.004158731817605983,18,22,0.04816715903542073,0.27750615980181736,True,False,True,7.60358575723288e-05,COMPLETE
1584,0.3285717844963074,2025-04-16 05:29:02.951118,2025-04-16 05:29:28.215916,0 days 00:00:25.264798,0.6416466503525151,0.29721719237019056,8,0.06160387603190684,0.15581605254247471,0.08556565968817294,0.0362107418344538,0.0673656145911264,0.09108075976906871,0.0036814276641696556,18,19,0.04706281233964478,0.2702905370449771,True,False,True,9.838025167033736e-05,COMPLETE
1585,0.29857723712921147,2025-04-16 05:29:28.725203,2025-04-16 05:29:53.911457,0 days 00:00:25.186254,0.6212333985374892,0.3073150539978904,8,0.06806015220841433,0.1619346015247236,0.09268073347221709,0.04235286134513156,0.09993345426838732,0.0932140288683838,0.004568255800405509,18,15,0.045090904129776656,0.2635410859089596,True,False,True,6.0708661178437306e-05,COMPLETE
1586,0.3924835801124573,2025-04-16 05:29:54.440580,2025-04-16 05:30:19.899141,0 days 00:00:25.458561,0.6068520253235181,0.2552940578751179,8,0.09147359195230545,0.15171177793854895,0.08800205428075919,0.03825309478542907,0.04823233860205031,0.09654700273490525,0.003265267921404877,18,25,0.048651302078864055,0.27434359715448337,True,False,True,9.686268722315778e-05,COMPLETE
1587,0.405388081073761,2025-04-16 05:30:20.408567,2025-04-16 05:30:44.914543,0 days 00:00:24.505976,0.5816900935444623,0.2747278751156279,8,0.07560330473769399,0.14135893475841171,0.08424045802599409,0.04081431040574163,0.03643371266805022,0.09388524742289533,0.004403977838081038,17,23,0.0471664228321199,0.27190887853650764,True,False,True,8.17834460453948e-05,COMPLETE
1588,0.3866098642349244,2025-04-16 05:30:45.447610,2025-04-16 05:31:10.387877,0 days 00:00:24.940267,0.5618793243927938,0.31500096313481796,8,0.06139858237419464,0.13454069527489126,0.08631550167046181,0.04435968921921536,0.09982354063311373,0.09743814924377049,0.005405207308793955,17,28,0.04406754713174878,0.2813995002284025,True,False,True,0.00012690877434571576,COMPLETE
1589,0.3283935904502869,2025-04-16 05:31:10.902742,2025-04-16 05:31:36.124606,0 days 00:00:25.221864,0.581129124629567,0.2865775824364638,8,0.0685292037907028,0.1591908318524048,0.08981314060485864,0.0365024842335747,0.0983994387067714,0.08990814181126075,0.003942890223181149,18,20,0.045654024183385246,0.2868835496391531,True,False,True,0.00010747792922727788,COMPLETE
1590,0.30175731182098386,2025-04-16 05:31:36.640383,2025-04-16 05:32:00.396603,0 days 00:00:23.756220,0.5614414124986454,0.324792904105997,8,0.07983874196275342,0.16751638286755874,0.08380850897874847,0.03352599521786695,0.06853374880434224,0.09168732225965542,0.006651501322376228,16,26,0.04290317960394384,0.2578116592753795,False,False,True,6.803102853054606e-05,COMPLETE
1591,0.4169213294982911,2025-04-16 05:32:00.931376,2025-04-16 05:32:25.406685,0 days 00:00:24.475309,0.6142464502925005,0.3004368816397266,8,0.07211360869998074,0.1491583367076828,0.0874656274573828,0.039477125219978274,0.07348610050127903,0.09501099964221449,0.005411637359048064,17,23,0.04794617140373875,0.26891482922859833,True,False,True,4.681296891451207e-05,COMPLETE
1592,0.36026386022567747,2025-04-16 05:32:25.922691,2025-04-16 05:32:51.158778,0 days 00:00:25.236087,0.5917475743533303,0.26164192912867157,8,0.06594974394488183,0.15579250556600557,0.08541476020198886,0.042360791426578774,0.07189379724367306,0.09285716856958826,0.004523474700658014,18,17,0.04582542918230629,0.2540136538990855,True,False,True,8.815648823410455e-05,COMPLETE
1593,0.38676137924194337,2025-04-16 05:32:51.671085,2025-04-16 05:33:16.272252,0 days 00:00:24.601167,0.5423280494082976,0.320287998167351,8,0.0847297225688878,0.14412518983316194,0.0827256871247647,0.03673170774750266,0.09809644324135967,0.09756186457418464,0.003351742604254597,17,28,0.042781747096143505,0.2226154154481498,True,False,True,0.00010819114891032229,COMPLETE
1594,0.2941368639469147,2025-04-16 05:33:16.801123,2025-04-16 05:33:45.490786,0 days 00:00:28.689663,0.5689722979855069,0.2817557314391619,8,0.10071659720782317,0.1627713179446866,0.08912209149160563,0.04636916805115909,0.04179886545646482,0.09551277521450408,0.006044754064558619,18,21,0.048685798962497424,0.2783618669909885,True,False,False,6.663401620954216e-05,COMPLETE
