number,value,datetime_start,datetime_complete,duration,params_alpha-eval,params_alpha-train,params_batch-size,params_eps-eval,params_eps-train,params_lambda-actions-eval,params_lambda-actions-train,params_lambda-frames-eval,params_lambda-frames-train,params_learning-rate,params_n-epochs,params_n-frames,params_radius-gw,params_rho,params_std-feats,params_ub-actions,params_ub-frames,params_weight-decay,state
1766,0.2962001323699951,2025-04-16 06:48:05.249139,2025-04-16 06:48:34.706087,0 days 00:00:29.456948,0.6073514691970413,0.20372962176759402,8,0.07964988030864525,0.1659272137284845,0.09987974838566732,0.03303923805081235,0.0948473204619359,0.0976262097790694,0.008541825928974749,19,17,0.050692406763059035,0.22004218639796203,True,False,False,7.859880275857839e-06,COMPLETE
1767,0.274470192193985,2025-04-16 06:48:35.297076,2025-04-16 06:49:01.428367,0 days 00:00:26.131291,0.6604543785625991,0.23675890581756087,8,0.10430310325485564,0.17193595160884012,0.09670676819785032,0.029231929387126127,0.03150254720009564,0.09686564941426395,0.010227045788939253,19,14,0.0499648586353744,0.22551813091969894,True,False,True,5.745171754865796e-06,COMPLETE
1768,0.3363575100898743,2025-04-16 06:49:01.997282,2025-04-16 06:49:32.247961,0 days 00:00:30.250679,0.6457936589185616,0.22678135576317632,8,0.08588066943351992,0.16496173748808673,0.09963722358457132,0.03165444868812503,0.09469484450961163,0.09812950600439312,0.007894228351837479,19,94,0.05062898988927457,0.21787311911647453,True,True,True,1.620202184982223e-05,COMPLETE
1769,0.27940250635147096,2025-04-16 06:49:32.839955,2025-04-16 06:49:58.754355,0 days 00:00:25.914400,0.6529306887347262,0.1936040046367194,8,0.08510651602083072,0.16226998473258125,0.09649696591159633,0.03375063484635668,0.09999280788228046,0.09649239744764061,0.008466198253523889,19,16,0.05070451084065156,0.21287413116389517,True,False,True,8.985301935953705e-06,COMPLETE
1770,0.2887046456336975,2025-04-16 06:49:59.318821,2025-04-16 06:50:25.296069,0 days 00:00:25.977248,0.6231501623870521,0.23932618722100155,8,0.07969662561787963,0.17991987578831162,0.09788845265869903,0.031547170293885124,0.09522305679941839,0.09981192589291464,0.008343868890585505,19,19,0.04836669395205468,0.22659825112899334,True,False,True,4.6372774275560416e-06,COMPLETE
1771,0.22665094733238222,2025-04-16 06:50:25.887322,2025-04-16 06:50:51.826599,0 days 00:00:25.939277,0.6353967216025104,0.2129744309979656,8,0.09750646303226863,0.1713008801010261,0.09479902823644268,0.034468010319150436,0.09486229359121992,0.09677037978963453,0.0075905353250015845,19,20,0.04589950541440078,0.20874983192312596,True,False,True,1.0221025373192103e-05,COMPLETE
1772,0.24634851217269899,2025-04-16 06:50:52.393797,2025-04-16 06:51:17.749215,0 days 00:00:25.355418,0.5985410707256053,0.23620780534588437,8,0.09094759423868091,0.16051804096846478,0.09969498613873115,0.029477115169950194,0.096602292880452,0.09744669347093454,0.010264261848970935,18,19,0.048070111052298116,0.2183484022270181,True,False,True,1.3033379479325049e-05,COMPLETE
1773,0.29284601211547856,2025-04-16 06:51:18.336492,2025-04-16 06:51:44.465370,0 days 00:00:26.128878,0.6633389357343076,0.21873825049206314,8,0.07987293602152493,0.16735636373870041,0.09662809430355189,0.03421597570287103,0.06258523479892587,0.09810413402017884,0.01001709618834067,19,21,0.042470066384966795,0.22259557921054532,True,False,True,7.623820813256788e-06,COMPLETE
1774,0.3377771019935608,2025-04-16 06:51:45.058517,2025-04-16 06:52:10.093110,0 days 00:00:25.034593,0.6693752217011715,0.2386782728143792,8,0.08810795645901094,0.1625420910819158,0.09474408636269141,0.0325936519413949,0.09993344218054213,0.09989281777195969,0.007958934207561599,18,12,0.05071702616982087,0.20896630979284028,True,False,True,1.742311343644045e-05,COMPLETE
1775,0.26619175672531126,2025-04-16 06:52:10.665814,2025-04-16 06:52:37.014856,0 days 00:00:26.349042,0.6737632146598841,0.2013069913739451,8,0.07846164339909979,0.15842505081083566,0.0998535985706228,0.035914087272784494,0.09673400928945396,0.09642172413350446,0.007312131849838977,19,16,0.04611487853997697,0.2021964546092773,True,False,True,1.2985714679375176e-05,COMPLETE
1776,0.2703924894332886,2025-04-16 06:52:37.590121,2025-04-16 06:53:03.009839,0 days 00:00:25.419718,0.6214384170449234,0.24193496886150762,8,0.08409237032163124,0.17291469008091725,0.0975842467776322,0.03103479191953958,0.0945244395118061,0.0963434707547193,0.010022530412775453,18,22,0.04454526961532571,0.21408952917794336,True,False,True,6.148537507460436e-06,COMPLETE
1777,0.25576014518737794,2025-04-16 06:53:03.603465,2025-04-16 06:53:29.827339,0 days 00:00:26.223874,0.6861502612886533,0.2209051326066353,8,0.09243053485433642,0.16788691223109595,0.0938045555802957,0.0338963029729847,0.09803782144658364,0.09787293212096895,0.007909822306924602,19,18,0.048364420345698905,0.22661000305216547,True,False,True,1.0735093155424599e-05,COMPLETE
1778,0.37578870058059693,2025-04-16 06:53:30.398669,2025-04-16 06:53:55.795112,0 days 00:00:25.396443,0.6243754770723254,0.1917712792977271,8,0.07873354533145385,0.1765713367301438,0.09606176263258655,0.029592374530468108,0.09647504999110507,0.09992780208038522,0.007121265711735191,18,22,0.05037500786191993,0.21636154422267093,True,False,True,1.5780183866679143e-05,COMPLETE
1779,0.32143439054489137,2025-04-16 06:53:56.388607,2025-04-16 06:54:25.840404,0 days 00:00:29.451797,0.6081958641508495,0.2317685911041179,8,0.08461022317597865,0.15813768535011188,0.09776387296125585,0.03596779216090967,0.09447013375432695,0.09801036358485922,9.411025390655484e-05,19,90,0.04412626928840931,0.2211144824804518,True,False,True,9.499172380980553e-06,COMPLETE
1780,0.2925445079803467,2025-04-16 06:54:26.411005,2025-04-16 06:54:51.717639,0 days 00:00:25.306634,0.7055592489365047,0.24536824252029477,8,0.07819689475390498,0.16129391258901746,0.09985073233950424,0.03235908522520124,0.09793526899317495,0.0962015476833911,0.009337040396933635,18,20,0.046974030916294075,0.22750277416555123,True,False,True,1.2808411276141476e-05,COMPLETE
1781,0.22931324243545534,2025-04-16 06:54:52.308962,2025-04-16 06:55:17.667970,0 days 00:00:25.359008,0.6323495211782173,0.2223944805231138,8,0.09664814447881818,0.16689773581443898,0.0950827004291877,0.03450431591250976,0.07590919047905331,0.0983261401521914,0.007524282400717716,18,23,0.0412225668031493,0.2108858302968017,True,False,True,1.8858038160987657e-05,COMPLETE
1782,0.4282070636749268,2025-04-16 06:55:18.239623,2025-04-16 06:55:44.288037,0 days 00:00:26.048414,0.5779538828572144,0.24787442458886225,8,0.0874940081409639,0.15770790148579383,0.09769498071369787,0.03657590046015441,0.09668108163527449,0.09994072424774988,0.010344886818185642,19,25,0.04807376933582678,0.20598481554340914,True,False,True,7.684833236087969e-06,COMPLETE
1783,0.31807842254638674,2025-04-16 06:55:44.881253,2025-04-16 06:56:10.964215,0 days 00:00:26.082962,0.611643725045529,0.18628301433276565,8,0.0912444694847886,0.15804110579330316,0.0978355856953747,0.036599025349431664,0.0999708534951188,0.099966584759181,0.010465492912645204,20,16,0.05073036500710468,0.2064181273213883,False,False,True,4.517313739561737e-06,COMPLETE
1784,0.26172569990158084,2025-04-16 06:56:11.535554,2025-04-16 06:56:37.435116,0 days 00:00:25.899562,0.6030636388579007,0.21122632258725632,8,0.1109590102393528,0.15549932102714117,0.09638954854014468,0.036774591791982135,0.09772619046745817,0.09695643041428309,0.009667759893971744,19,20,0.08443743525635353,0.2093526750232881,True,False,True,7.668115330052276e-06,COMPLETE
1785,0.2566586792469025,2025-04-16 06:56:38.027240,2025-04-16 06:57:11.390800,0 days 00:00:33.363560,0.5932034412058298,0.2438797776924872,8,0.0953177424443249,0.15730300335940275,0.09468370926503304,0.03647494794193665,0.09829812399440793,0.09606222090351824,0.010837876629566149,20,83,0.04880858648496093,0.20302184580433638,True,False,False,5.5282331983343334e-06,COMPLETE
1786,0.4324023604393005,2025-04-16 06:57:11.983367,2025-04-16 06:57:38.821237,0 days 00:00:26.837870,0.5769316291027434,0.21492023119808465,8,0.08728220228379055,0.16111863636483295,0.09816592757120335,0.034974191673666756,0.09660806681676667,0.09620931202483557,0.009823483655738808,20,23,0.050896418695816556,0.20264633910655844,True,False,True,6.268756212060681e-06,COMPLETE
1787,0.1888286888599396,2025-04-16 06:57:39.397082,2025-04-16 06:58:06.095380,0 days 00:00:26.698298,0.6045521392586407,0.19489852523707452,8,0.10346321955446486,0.16282907691965218,0.09835865947106205,0.034561169449915635,0.09637994677450032,0.09814767487544158,0.010875190518322076,20,18,0.050763158373996364,0.2071374202176408,True,True,True,7.415095896086278e-06,COMPLETE
1788,0.35969238281250004,2025-04-16 06:58:06.665718,2025-04-16 06:58:33.435178,0 days 00:00:26.769460,0.5812969662365588,0.2088700488175382,8,0.0997038102675736,0.17355323978071016,0.09778655006897628,0.03492566354934825,0.09466643303083185,0.09626267781321082,0.011531138189952815,20,21,0.049861259754110175,0.2018650519722981,True,False,True,5.454701861306361e-06,COMPLETE
1789,0.24755532741546632,2025-04-16 06:58:34.041456,2025-04-16 06:59:00.749803,0 days 00:00:26.708347,0.6111152293784652,0.18784983845383624,8,0.09035140966587958,0.1631107268754383,0.09652162289112635,0.036124364468547575,0.09994995348777562,0.09813165601348756,0.010833877601140681,20,13,0.05096845300631934,0.2004710989527646,True,False,True,6.7041950784708235e-06,COMPLETE
1790,0.23641706705093385,2025-04-16 06:59:01.330010,2025-04-16 06:59:28.267127,0 days 00:00:26.937117,0.6512817894913416,0.21653395288084865,8,0.09708244518448639,0.17004712288899426,0.09364492125234843,0.033797846722929084,0.09664620820005204,0.09609482256695584,0.009303440804125042,20,16,0.05112782407221557,0.20395489801417768,True,False,True,3.592655766979448e-06,COMPLETE
1791,0.42752230167388916,2025-04-16 06:59:28.864050,2025-04-16 06:59:55.503818,0 days 00:00:26.639768,0.6384726639883744,0.21579753093212667,8,0.08760228347930765,0.1566000388534416,0.09818358183624884,0.03354786023993525,0.09634278173594536,0.09625426547548366,0.01062382869542396,20,22,0.0490235832378417,0.21086489961597513,True,False,True,9.518925517188695e-06,COMPLETE
1792,0.3395257830619812,2025-04-16 06:59:56.080334,2025-04-16 07:00:22.818158,0 days 00:00:26.737824,0.6243240594733376,0.19283682245385964,8,0.08678629301736154,0.181078909850917,0.09984118746023811,0.03667288759385292,0.09451218964301066,0.0980319496326532,0.009435449545475408,20,23,0.05094472923481208,0.2138121011482571,True,False,True,6.384542581615504e-06,COMPLETE
1793,0.36047205924987796,2025-04-16 07:00:23.411671,2025-04-16 07:00:50.040051,0 days 00:00:26.628380,0.5885875685085195,0.23369120263118753,8,0.09287302901248934,0.16276591725032966,0.09576065564532116,0.034987001448659766,0.05159617001201319,0.09987667347087835,0.008825163585782217,20,18,0.04856934787217314,0.2040297812722452,True,False,True,7.697818367683386e-06,COMPLETE
1794,0.29095665216445926,2025-04-16 07:00:50.638175,2025-04-16 07:02:00.360731,0 days 00:01:09.722556,0.5889091739283994,0.22613887207984779,2,0.10578900415693587,0.15378525719657546,0.09643586952844774,0.03214978810443319,0.09811178762860465,0.0958288522205983,0.011318415980324136,20,20,0.05071780615998381,0.21175433375945357,True,False,True,1.1208051963374765e-05,COMPLETE
1795,0.4286381840705872,2025-04-16 07:02:00.943928,2025-04-16 07:02:27.283486,0 days 00:00:26.339558,0.5766538437139146,0.2025897868372617,8,0.08564545216567372,0.16743937175260493,0.09380224348688682,0.03707635545420167,0.09996092085872332,0.0979903057891086,0.008729416698090952,19,23,0.048256090032883545,0.2021985801449576,True,False,True,8.591936164160254e-06,COMPLETE
1796,0.2763176202774048,2025-04-16 07:02:27.884749,2025-04-16 07:02:53.829252,0 days 00:00:25.944503,0.6301214086989053,0.18265959443704785,8,0.08614914014434541,0.17446256515339417,0.09326712359948228,0.03302952365292095,0.0998504633570531,0.09601625476083993,0.00851581321808251,19,16,0.05096420754286513,0.200078090076231,True,False,True,9.27221931544135e-06,COMPLETE
1797,0.28742281794548036,2025-04-16 07:02:54.412189,2025-04-16 07:03:20.462087,0 days 00:00:26.049898,0.969480824882787,0.1980584264596058,8,0.08263977161487177,0.16962025544766648,0.0934225461197172,0.035095073351185,0.09786935601229425,0.09592625906925042,0.008708172275891417,19,19,0.04798702746389657,0.21761658454398766,True,False,True,1.2030589860187594e-05,COMPLETE
1798,0.23106566667556763,2025-04-16 07:03:21.051951,2025-04-16 07:03:47.566349,0 days 00:00:26.514398,0.5781549108971266,0.20369512620331262,8,0.09897962710412914,0.17945806277876528,0.09461485952870667,0.037172530293456164,0.09824593569499597,0.09762117528812517,0.008679250217773396,20,13,0.04898124377474117,0.22182496608130112,True,False,True,4.0790168261211e-06,COMPLETE
1799,0.4161127209663391,2025-04-16 07:03:48.162330,2025-04-16 07:04:14.520020,0 days 00:00:26.357690,0.599891447267041,0.17776155564871549,8,0.08211132521654853,0.1663039173586348,0.09314651683493187,0.03114182965387534,0.098162230251657,0.09567722867808916,0.008174241788413915,19,23,0.05108099029940076,0.21222460637400017,True,False,True,8.785561836603416e-06,COMPLETE
1800,0.3318598985671997,2025-04-16 07:04:15.101292,2025-04-16 07:04:41.469790,0 days 00:00:26.368498,0.5654936821483258,0.21135925277868284,8,0.09461790994517053,0.17361080442839052,0.09534739727349141,0.03710427502297002,0.09814654671836362,0.09801419267863813,0.007637943571699532,20,19,0.04889834053863815,0.2020331619703751,False,False,True,1.3229919689311217e-05,COMPLETE
1801,0.3880513191223145,2025-04-16 07:04:42.071294,2025-04-16 07:05:08.175600,0 days 00:00:26.104306,0.6130402194033419,0.18561113215222377,8,0.09119546508640954,0.16728946556607094,0.09630013705836073,0.03382708633965492,0.023327761440962422,0.0956067870726035,0.010404192944746931,19,22,0.0468800535891448,0.22800677595025493,True,False,True,1.576560337136553e-05,COMPLETE
1802,0.2900966048240662,2025-04-16 07:05:08.756803,2025-04-16 07:05:34.747676,0 days 00:00:25.990873,0.5711735146099747,0.2064009747193917,8,0.08092832208444783,0.1609751364972321,0.09985694657871827,0.03494294902124744,0.09994312889376661,0.09782880107459066,0.008839812933019138,19,17,0.04932767873500772,0.2173245467540147,True,False,True,1.2642444708455192e-05,COMPLETE
1803,0.3483604669570923,2025-04-16 07:05:35.355984,2025-04-16 07:06:01.464315,0 days 00:00:26.108331,0.5867117000228522,0.18478251886268132,8,0.08443454691563725,0.17706991698678168,0.09828833486373392,0.032600553380554335,0.09847418982102824,0.09791270154327192,0.007303700493797955,19,24,0.05131822038727546,0.20936897184556508,True,False,True,9.566438175722182e-06,COMPLETE
1804,0.2975485444068909,2025-04-16 07:06:02.048921,2025-04-16 07:06:31.610103,0 days 00:00:29.561182,0.5711751611437714,0.2247414507940329,8,0.07924172279575341,0.17126411088784488,0.09422902201486115,0.030000655509730627,0.09799629343811567,0.09576451834355253,7.262308508334094e-05,19,21,0.04751600315159456,0.22280715950451072,True,False,False,5.363953463239327e-06,COMPLETE
1805,0.31250418424606324,2025-04-16 07:06:32.213591,2025-04-16 07:06:58.270223,0 days 00:00:26.056632,0.5999578555204214,0.22710117742920738,8,0.09075424877697211,0.16219981770977318,0.09278343310874203,0.03739044866396977,0.09985039461870195,0.09827315984636842,0.00718788157141307,20,9,0.05067879787751279,0.2169892848540717,True,False,True,1.705861059177069e-05,COMPLETE
1806,0.35819939374923704,2025-04-16 07:06:58.851604,2025-04-16 07:07:25.234244,0 days 00:00:26.382640,0.5699546032733237,0.20311574570057378,8,0.08485356727116561,0.1675797096515826,0.09622042894754436,0.03533200471353341,0.0999278046204279,0.09994364919830757,0.010709747753467941,19,24,0.04719826909660864,0.20097802941320514,True,True,True,6.325597117582822e-06,COMPLETE
1807,0.30184484720230104,2025-04-16 07:07:25.835474,2025-04-16 07:07:52.512808,0 days 00:00:26.677334,0.6430185741275587,0.2413979502060864,8,0.07750676240074532,0.18055558211287964,0.09983403532589055,0.029099337668485402,0.0965214935315387,0.09588911647008148,0.008745476359260396,20,15,0.04930139991364897,0.20946921337824376,True,False,True,2.0943325887168016e-05,COMPLETE
1808,0.24558493494987488,2025-04-16 07:07:53.115351,2025-04-16 07:08:19.222179,0 days 00:00:26.106828,0.529812440072234,0.21915170634047776,8,0.08913634181681898,0.1612536808028748,0.09779135792968272,0.032125279547006835,0.09998851719904325,0.0953545103525615,0.008081798325232509,19,19,0.05115410348848568,0.22132551464908531,True,False,True,1.015152088885076e-05,COMPLETE
1809,0.28529824018478395,2025-04-16 07:08:19.806687,2025-04-16 07:08:45.794518,0 days 00:00:25.987831,0.587364423087877,0.2356144865496948,8,0.07853641581255509,0.15390429215074028,0.09299204413533504,0.03742605662486162,0.09992670433359037,0.09798149263222118,0.0070818421292787575,19,21,0.04642699254357161,0.22640779757489643,True,False,True,1.1583384789800059e-05,COMPLETE
1810,0.3604039311408997,2025-04-16 07:08:46.405951,2025-04-16 07:09:12.641181,0 days 00:00:26.235230,0.5666935306756608,0.20606060750088565,8,0.1025980304756527,0.16675961924857194,0.09998813146377054,0.0337189650773056,0.09612028179636181,0.094916472746877,0.01032483805321367,19,25,0.04867698818367283,0.21322646004234447,True,False,True,1.6330312467522703e-05,COMPLETE
1811,0.35600440502166747,2025-04-16 07:09:13.228291,2025-04-16 07:09:38.795960,0 days 00:00:25.567669,0.6166894142073502,0.24491190049516254,8,0.08535570146743839,0.17344040785959833,0.09515489902108698,0.03084739613061231,0.09992334373249553,0.09727938052591165,0.006955908689775944,18,23,0.046586098961205906,0.20373983312925184,True,False,True,8.153046554903592e-06,COMPLETE
1812,0.16864002346992493,2025-04-16 07:09:39.399516,2025-04-16 07:10:05.267948,0 days 00:00:25.868432,0.6879707669183246,0.177851770287691,8,0.09447689602478823,0.16079825145932564,0.09673057169856461,0.035192394491029524,0.09811271133255851,0.09811207716932564,0.0089805564534674,19,18,0.007398437370887377,0.21498690052776973,True,False,True,6.341244689537638e-06,COMPLETE
1813,0.43301669359207157,2025-04-16 07:10:05.868115,2025-04-16 07:10:32.923105,0 days 00:00:27.054990,0.5258041369085058,0.22670917817355524,8,0.0773698510400156,0.15402097001042178,0.0943158680023634,0.032966635687761876,0.09632904814525002,0.09473642137693841,0.008320091269201958,20,26,0.048926029453393804,0.20801232012538276,True,False,True,1.3792305280812251e-05,COMPLETE
1814,0.29823442697525027,2025-04-16 07:10:33.535439,2025-04-16 07:11:00.416124,0 days 00:00:26.880685,0.5194916507077547,0.2442701985091298,8,0.0775417082139281,0.1536615845225872,0.09266355670900173,0.028931923224806345,0.09487993077896119,0.09476057485374076,0.010615209191741555,20,21,0.04620368340927515,0.2050819974949242,True,False,True,2.106351357825536e-05,COMPLETE
1815,0.34963418245315553,2025-04-16 07:11:01.002097,2025-04-16 07:12:10.865841,0 days 00:01:09.863744,0.5225112008368964,0.22812488060031297,2,0.08379081353728189,0.15082898718790108,0.09449466401034723,0.0312541679173592,0.09437546605754604,0.09438252078511788,0.011224216943556504,20,25,0.0482391632057685,0.19907781981427858,True,False,True,1.4872817985574104e-05,COMPLETE
1816,0.31832194328308105,2025-04-16 07:12:11.472228,2025-04-16 07:12:38.490390,0 days 00:00:27.018162,0.5233414306285482,0.01542683339356532,8,0.0765713754926384,0.15534437272054485,0.093124760541231,0.03234619051953727,0.09435673672625472,0.0941210874428443,0.009262357817431394,20,22,0.04625316987793675,0.20971538366968173,True,False,True,2.203263091136223e-05,COMPLETE
1817,0.2901714265346527,2025-04-16 07:12:39.079923,2025-04-16 07:13:05.554312,0 days 00:00:26.474389,0.5400811960081997,0.24697472884016655,8,0.08960042024636072,0.1651618950207016,0.09544988656684394,0.03325731529560844,0.09611969351395441,0.09605195146195922,0.01126648270296473,20,17,0.04927078051443727,0.20709555013450345,True,False,True,1.367922037344591e-05,COMPLETE
1818,0.2632592558860779,2025-04-16 07:13:06.140566,2025-04-16 07:13:32.519138,0 days 00:00:26.378572,0.5176776842307136,0.2258782102561848,8,0.08361618002720762,0.15391477289729058,0.0944294439979458,0.031146594820173873,0.09440338051630144,0.09526404563454541,0.008775709712815025,20,11,0.04809505976537486,0.2287243804668791,True,False,True,2.6792354235215695e-05,COMPLETE
1819,0.30451537370681764,2025-04-16 07:13:33.118863,2025-04-16 07:13:59.809374,0 days 00:00:26.690511,0.53098734703682,0.23734053106779443,8,0.09709709141758346,0.18242716387281868,0.092288313236022,0.0334367333454793,0.09639624312958547,0.09432426134607177,0.008016702482562761,20,25,0.04566639017398327,0.1988341010155463,True,False,True,1.8486559614427774e-05,COMPLETE
1820,0.31795303821563725,2025-04-16 07:14:00.420252,2025-04-16 07:14:25.478658,0 days 00:00:25.058406,0.5073636601892606,0.2507508629661714,8,0.0768490487367164,0.16911546594711188,0.09627749518215947,0.02938059469111055,0.09637651795495415,0.09635559848199907,0.009413024112046482,18,19,0.05090814422889046,0.21164084417685125,False,False,True,1.4528770052823773e-05,COMPLETE
1821,0.4179436326026917,2025-04-16 07:14:26.070460,2025-04-16 07:14:53.094093,0 days 00:00:27.023633,0.5410113933455402,0.21619452457424385,8,0.09010240901370661,0.15877688198030032,0.09261974262622226,0.028640565436313787,0.09447155635596616,0.09647203189740669,0.011182370150325532,20,22,0.04747582939489392,0.2207155223096524,True,False,True,4.497583072148685e-06,COMPLETE
1822,0.4198381781578064,2025-04-16 07:14:53.703625,2025-04-16 07:15:19.949176,0 days 00:00:26.245551,0.541591629917015,0.24908868810690105,8,0.07725035037185529,0.14840855519374885,0.09488579615343067,0.03443423236416696,0.0779046573907781,0.0941429787959622,0.007611151695856965,19,26,0.051013534724406874,0.20772821697745553,True,False,True,8.043466936351832e-06,COMPLETE
