number,value,datetime_start,datetime_complete,duration,params_alpha-eval,params_alpha-train,params_batch-size,params_eps-eval,params_eps-train,params_lambda-actions-eval,params_lambda-actions-train,params_lambda-frames-eval,params_lambda-frames-train,params_learning-rate,params_n-epochs,params_n-frames,params_radius-gw,params_rho,params_std-feats,params_ub-actions,params_ub-frames,params_weight-decay,state
740,0.33128062486648563,2025-04-14 03:23:04.016505,2025-04-14 03:23:27.260324,0 days 00:00:23.243819,0.960666266828379,0.16361223538834158,8,0.02014506641744404,0.13638555865041319,0.0701758848004927,0.09806306121206905,0.09807113721047565,0.09816693241453966,0.009325674562131209,15,28,0.08750739008832065,0.10999635764325658,True,True,True,0.00047687008144133984,COMPLETE
741,0.44428040981292727,2025-04-14 03:23:27.491080,2025-04-14 03:23:50.910560,0 days 00:00:23.419480,0.9832226825133071,0.11985110039419776,8,0.01402283373180274,0.11683470305391584,0.06422265716893133,0.09665213407511905,0.09904457382342323,0.09529040701220866,0.006610476008701082,15,24,0.08470980780416913,0.11335030737698919,True,True,True,0.0008198474555027836,COMPLETE
742,0.42051181793212894,2025-04-14 03:23:51.152958,2025-04-14 03:24:09.023628,0 days 00:00:17.870670,0.9528529276178447,0.1589644147224713,16,0.005392044362540583,0.12251889672308161,0.0674326407335472,0.09801939792394207,0.09726733028226196,0.09471882694789295,0.00786787431135465,14,28,0.08911312437847693,0.11729542007724122,True,True,True,0.00044289903636735386,COMPLETE
743,0.4358315825462342,2025-04-14 03:24:09.257861,2025-04-14 03:24:33.494866,0 days 00:00:24.237005,0.9690259512177528,0.14631366583750788,8,0.023871918476123986,0.11714535627614034,0.07009611811208231,0.09832002743963777,0.0957715163553192,0.09828006170274638,0.010180407931086837,16,28,0.08382485640368655,0.11681892373040402,True,True,True,0.0005983394192027174,COMPLETE
744,0.4474774718284607,2025-04-14 03:24:33.739559,2025-04-14 03:24:57.153845,0 days 00:00:23.414286,0.9346548730761337,0.14777392216602,8,0.013684673409150938,0.11065284709880521,0.07217766250750086,0.099882419257445,0.09989160641813426,0.09618817692423544,0.009877001590632371,15,25,0.08644108304291498,0.1269947956371731,True,True,True,0.0004470921088819405,COMPLETE
745,0.23701632022857666,2025-04-14 03:24:57.399355,2025-04-14 03:25:20.787765,0 days 00:00:23.388410,0.9163812742291799,0.1769790712524932,8,0.13716844822140975,0.1311247980200828,0.06585106728028828,0.09567799540352807,0.09390565466509267,0.09487416697856739,0.007182169005663022,15,29,0.08282329420566581,0.11882703104090123,True,True,True,0.000355885478433759,COMPLETE
746,0.1888286888599396,2025-04-14 03:25:21.018578,2025-04-14 03:25:44.981946,0 days 00:00:23.963368,0.9839121409269527,0.14944746199135506,8,0.006426488414235506,0.2940476075844094,0.06871361937272134,0.09637418558814737,0.09589028099189197,0.09346579447121171,0.011026507102346672,16,30,0.08885115057694297,0.10737139971186511,True,True,True,0.00032601429328121356,COMPLETE
747,0.435657000541687,2025-04-14 03:25:45.228725,2025-04-14 03:26:08.367436,0 days 00:00:23.138711,0.9542091851984207,0.1824033486886153,8,0.017917814826060384,0.11535832797643308,0.07265830373143878,0.09987583652512062,0.09530421303084852,0.09827169558928638,0.00889834293084158,14,24,0.08555235333912754,0.123116036957309,True,True,True,0.0005080845583087658,COMPLETE
748,0.3880143165588379,2025-04-14 03:26:08.599577,2025-04-14 03:26:32.690838,0 days 00:00:24.091261,0.9680032216647606,0.21039216016479914,8,0.009843105058662592,0.10903121814449505,0.06978122831529436,0.09487270268439904,0.0980169299112293,0.093415996775626,0.011696113718697046,16,27,0.09137066963922433,0.12992364722691363,True,True,True,0.0009292740184804085,COMPLETE
749,0.4388067126274109,2025-04-14 03:26:32.934885,2025-04-14 03:26:51.069629,0 days 00:00:18.134744,0.9331903816096895,0.19595491497467193,16,0.025820235557868006,0.12328189480766759,0.06728658481114827,0.09679751130080905,0.09202399343866964,0.09564059695523705,0.0060181688380897816,15,30,0.08125002231699407,0.11395470775242275,True,True,False,0.0002823742345998015,COMPLETE
750,0.38537894487380986,2025-04-14 03:26:51.317824,2025-04-14 03:27:14.073728,0 days 00:00:22.755904,0.4043620859055994,0.9697749012101988,8,0.0004837123531859309,0.1057560636901589,0.06312130341946096,0.09795698174878242,0.09440184218109757,0.09316011442785121,0.008354975311523983,14,31,0.08767304634708854,0.12376088889208502,True,True,True,0.0004102173766995714,COMPLETE
751,0.34443087577819825,2025-04-14 03:27:14.306606,2025-04-14 03:27:38.461559,0 days 00:00:24.154953,0.9993015103527836,0.5188604821451843,8,0.014393411097209279,0.10458263697233092,0.07151160128796809,0.09393621793449582,0.09065972229961877,0.09700345334865582,0.017541978118591282,16,27,0.08386262378778975,0.13062106040720095,False,True,True,0.0007013830990608496,COMPLETE
752,0.4651487469673157,2025-04-14 03:27:38.707953,2025-04-14 03:28:02.267407,0 days 00:00:23.559454,0.9519865476742698,0.21174263552807765,8,0.021777811258856875,0.11265479703122468,0.07408838676358936,0.0982620220353605,0.09613350257935363,0.09218537882733098,0.009875620470942072,15,30,0.08078847575952358,0.12041547308807148,True,True,True,0.00025926807583830265,COMPLETE
753,0.4329487085342407,2025-04-14 03:28:02.501687,2025-04-14 03:28:25.277340,0 days 00:00:22.775653,0.9088965769433782,0.15493443678820498,8,0.027432640818194715,0.11308804528564481,0.07335688521771758,0.09582367421588803,0.09807292935751805,0.09188330898040899,0.0077497160075175,14,25,0.08594726215958261,0.10977859577328235,True,True,True,0.0001444263010596384,COMPLETE
754,0.34468137025833134,2025-04-14 03:28:25.522731,2025-04-14 03:28:48.778704,0 days 00:00:23.255973,0.9348960609057025,0.2220202841150649,8,0.022403230836612824,0.10032008547062386,0.0745167907152259,0.09995985561975748,0.0960468771056424,0.09243171200535852,0.012191768035640793,15,22,0.09045139559905416,0.11560943069155169,True,True,True,0.00024621069597642473,COMPLETE
755,0.4473598599433899,2025-04-14 03:28:49.025221,2025-04-14 03:29:12.752132,0 days 00:00:23.726911,0.9147292353220907,0.17332072513340827,8,0.029057739437475912,0.10892434290085563,0.07538607821566226,0.09375427351033892,0.09618490132731332,0.02939111836245218,0.015312899909521428,15,30,0.08060131877615867,0.1031328117590415,True,True,True,0.00018271789767693717,COMPLETE
756,0.4287134170532227,2025-04-14 03:29:12.985807,2025-04-14 03:29:28.594172,0 days 00:00:15.608365,0.9446555557590948,0.19319538079431367,16,0.020188790083574562,0.09588918118806652,0.07580327888079916,0.09676021830947537,0.09391902038287475,0.09383745704791292,0.009391795030114777,8,27,0.09311928886117726,0.12149956578303547,True,True,True,0.0002519201693708819,COMPLETE
757,0.4542123794555665,2025-04-14 03:29:28.842570,2025-04-14 03:29:51.885948,0 days 00:00:23.043378,0.9522727687667812,0.2303392254531654,8,0.02936177298369106,0.10323242587559198,0.07254791403679882,0.09811312663068736,0.09639102262042165,0.09129775007089208,0.006547847455204773,14,29,0.0835624814870936,0.11488435186469417,True,True,True,0.0002001636443079092,COMPLETE
758,0.1888286888599396,2025-04-14 03:29:52.135804,2025-04-14 03:30:15.606251,0 days 00:00:23.470447,0.9254027577888442,0.21560702411836524,8,0.020781281968847966,0.1526717914023829,0.0711011704815679,0.09535762934115002,0.09974672466332621,0.09414158880755248,0.012038989087505022,15,32,0.08622615520229067,0.028180381294281506,True,True,True,0.0002992907122427843,COMPLETE
759,0.4339115619659424,2025-04-14 03:30:15.844226,2025-04-14 03:30:39.110527,0 days 00:00:23.266301,0.961068225263792,0.25161300297486366,8,0.01586867143874517,0.11393063992003788,0.07387573892625285,0.09793668269777313,0.09418437407359274,0.09062450176156188,0.009879924232977705,15,23,0.09688146775357656,0.12030141730601247,True,True,True,0.00015336729452845947,COMPLETE
760,0.43582923412323005,2025-04-14 03:30:39.361313,2025-04-14 03:31:02.603413,0 days 00:00:23.242100,0.947112498144809,0.19317483715965325,8,0.023315317907248775,0.09465849559344887,0.07572256004858574,0.09999161617559842,0.09811906964310028,0.09254457481004874,0.014927830818693687,14,32,0.08824285779372971,0.08090448232936846,True,True,True,0.0002282017598650525,COMPLETE
761,0.4220914006233215,2025-04-14 03:31:02.838790,2025-04-14 03:31:26.313148,0 days 00:00:23.474358,0.9117825684574242,0.23413453566061562,8,0.011292951336874928,0.10483255997195712,0.07089173676854992,0.09330879824362992,0.09252193063529124,0.0962291489479693,0.007677579117565549,15,26,0.08018196331710173,0.10850281178426428,True,True,True,0.00033896397013450616,COMPLETE
762,0.40468400716781616,2025-04-14 03:31:26.563125,2025-04-14 03:31:49.119914,0 days 00:00:22.556789,0.9659036725642026,0.26767903762661444,8,0.00037413203154329673,0.09831708622554747,0.07318442956016025,0.05131210342601034,0.09453228424340823,0.08880484704212643,0.019850393290198335,14,29,0.08290053231190009,0.12530290452881213,True,True,True,1.4953359387719108e-08,COMPLETE
763,0.4605448246002197,2025-04-14 03:31:49.370391,2025-04-14 03:32:08.205862,0 days 00:00:18.835471,0.9342555279234306,0.21110897970051715,16,0.017505346232028016,0.11124835395000068,0.06987835843119142,0.0964620783265666,0.09203437407362217,0.09407911011269884,0.012783374720115133,16,33,0.08471260005666884,0.11723813938189802,True,True,True,0.00027830634796747236,COMPLETE
764,0.44017574787139896,2025-04-14 03:32:08.457816,2025-04-14 03:32:27.669269,0 days 00:00:19.211453,0.9120082594592395,0.2031568443169101,16,0.029246711122675795,0.11734705647202584,0.06881792377223543,0.09721318334629064,0.09248875267418362,0.09133077864643342,0.010679324783107954,16,35,0.0855180756095864,0.11443822475312418,True,True,True,0.0001981028499705068,COMPLETE
765,0.4580485343933106,2025-04-14 03:32:27.918877,2025-04-14 03:32:46.775044,0 days 00:00:18.856167,0.9167049614925915,0.18645470579785453,16,0.02255735989628311,0.11099740719791096,0.06989076131530866,0.09995827347316164,0.09690911921369715,0.09333809349863816,0.008435013767940666,16,29,0.08747745490607765,0.10489679619464595,True,True,True,0.0002692024057425679,COMPLETE
766,0.43207368850708006,2025-04-14 03:32:47.013616,2025-04-14 03:33:05.002413,0 days 00:00:17.988797,0.903431482348641,0.13853448466467838,16,0.03006177170752101,0.11195084772281103,0.04819002061171972,0.09981827278125667,0.09804134187833377,0.0896216395847481,0.0057367400490160375,15,23,0.08976697356826417,0.10364101637333686,True,True,True,0.0001854397839942166,COMPLETE
767,0.44951496124267576,2025-04-14 03:33:05.256176,2025-04-14 03:33:23.724091,0 days 00:00:18.467915,0.9151368073590347,0.16555302780631476,16,0.023390436441954772,0.11985884664461866,0.07070581416938304,0.09837340954723195,0.09989613569359294,0.09245762863129726,0.007232115246930811,16,26,0.08816352254376415,0.10745547792951235,True,True,True,0.00012786056455576426,COMPLETE
768,0.39704004526138303,2025-04-14 03:33:23.975975,2025-04-14 03:33:42.856681,0 days 00:00:18.880706,0.9281046641023152,0.1712056394910345,16,0.02914118774040894,0.12533636692874708,0.0716412273218867,0.09817953099805726,0.09606665154529698,0.09059403005797215,0.008730634415867734,16,33,0.09130619230999577,0.1104877489231265,True,True,True,0.0003735341038744871,COMPLETE
769,0.23343333005905154,2025-04-14 03:33:43.096706,2025-04-14 03:34:01.124482,0 days 00:00:18.027776,0.9042716263879574,0.18563083838588296,16,0.021515632523532835,0.11032687687250121,0.06947465418027518,0.02836258858940023,0.09562735163284829,0.08764874029285462,0.006820404267799705,15,29,0.08704590914670922,0.1050079306950311,True,True,False,0.00025637017055092284,COMPLETE
770,0.3719076752662659,2025-04-14 03:34:01.377090,2025-04-14 03:34:19.627146,0 days 00:00:18.250056,0.9266004999335848,0.19022763094020703,16,0.026471046370070434,0.11641895441665584,0.07252437789763844,0.09995939118019775,0.09765591914325132,0.0937969974520956,0.00877803017089963,16,37,0.08819393796904562,0.11312414785766842,False,True,True,0.00031489066827692324,COMPLETE
771,0.31733971238136294,2025-04-14 03:34:19.880982,2025-04-14 03:34:38.050587,0 days 00:00:18.169605,0.49826463243339236,0.1798596980431005,16,0.019538847239744993,0.11025505536232787,0.06959014938018748,0.09653038628015227,0.09667349357250295,0.0925041644616344,0.005908682205223017,15,32,0.08995882393396827,0.11743276940836764,True,True,True,0.00014893900939523695,COMPLETE
772,0.3648309528827668,2025-04-14 03:34:38.289507,2025-04-14 03:34:57.236023,0 days 00:00:18.946516,0.6817443495731865,0.16283388568492338,16,0.020109912513878447,0.10627127219605877,0.0729916537856706,0.09797425704388404,0.0942406898963716,0.09498582868434677,0.009329149781486759,17,27,0.08553052177002457,0.05480115074848435,True,True,True,0.00022919049592586786,COMPLETE
773,0.43858946561813356,2025-04-14 03:34:57.488673,2025-04-14 03:35:16.065760,0 days 00:00:18.577087,0.9327805014546127,0.14194848589772757,16,0.02501269964614168,0.11849850226982009,0.07082141601950544,0.09521208940932996,0.09344007894043309,0.08985507273493361,0.007765707613381292,16,34,0.08769409595348901,0.11095650967811586,True,True,True,0.00038759803810084676,COMPLETE
774,0.1888286888599396,2025-04-14 03:35:16.307773,2025-04-14 03:35:35.460878,0 days 00:00:19.153105,0.9072495109919828,0.011654055463918789,16,0.01766409220997322,0.1146159921006861,0.07365077173344385,0.09823212458118448,0.0969338503907135,0.09207935522788309,0.07860279776098893,17,39,0.09183843259024319,0.11868369643422322,True,True,True,0.00019142855104502946,COMPLETE
775,0.47614912986755376,2025-04-14 03:35:35.711061,2025-04-14 03:35:54.052516,0 days 00:00:18.341455,0.9378603729210689,0.20775167170517483,16,0.03064976056596814,0.12444346424658483,0.06930656624367401,0.09997035009932989,0.0946779604925504,0.09813374321121608,0.01077952504830507,15,30,0.08480051072303035,0.11508707985026866,True,True,True,0.00028798701623084595,COMPLETE
776,0.3448338508605957,2025-04-14 03:35:54.306315,2025-04-14 03:36:12.729279,0 days 00:00:18.422964,0.9248283497780801,0.20336878816186785,16,0.03094873031939425,0.1397932220124128,0.06831773661754144,0.09640591607154143,0.09848122888012692,0.03482759269684392,0.011516113687145857,16,24,0.0866975309906147,0.10773903153659303,True,True,True,0.0002667643933678167,COMPLETE
777,0.41771256923675537,2025-04-14 03:36:12.970978,2025-04-14 03:36:31.174105,0 days 00:00:18.203127,0.9347333918345976,0.1875899426769111,16,0.030217917343225688,0.13312425372167092,0.06875810471905806,0.09834291077788104,0.09550147389461246,0.09934851984716872,0.005452590708272543,15,28,0.08957314155681236,0.10014644978864774,True,True,True,0.00015992501272074188,COMPLETE
778,0.3748204469680786,2025-04-14 03:36:31.427327,2025-04-14 03:36:50.456177,0 days 00:00:19.028850,0.9074633537127094,0.15474100410673206,16,0.026742608041240918,0.12827404313104035,0.07016167409890035,0.09494688021163525,0.09486024953149706,0.09569158113810644,0.009662068856701423,17,26,0.0847331589067719,0.11308759918926943,True,True,True,0.0002250669887151432,COMPLETE
779,0.4222474217414856,2025-04-14 03:36:50.709753,2025-04-14 03:37:08.400325,0 days 00:00:17.690572,0.9291248167309513,0.2091298439084045,16,0.02357723136341918,0.12296193973792062,0.0710779793813736,0.09672607867101811,0.09813064706741684,0.09797749882484445,0.0073043178572496,14,22,0.09314753785691965,0.1046134588620505,True,True,True,0.0002930661312963179,COMPLETE
780,0.4635383725166321,2025-04-14 03:37:08.644004,2025-04-14 03:37:27.293018,0 days 00:00:18.649014,0.9389486328062996,0.17339785544297648,16,0.022103110903008087,0.13155589656689798,0.06897657830198169,0.09873820278789779,0.09323582173525863,0.09754184763825646,0.01143926467116962,16,30,0.08394874102683964,0.11607139845651954,True,True,True,0.00018141188418419133,COMPLETE
781,0.3682808160781861,2025-04-14 03:37:27.550153,2025-04-14 03:37:45.874538,0 days 00:00:18.324385,0.9005701119713578,0.11086432413229452,16,0.01750071715799016,0.13837764151800802,0.06777699344223577,0.09839903429528545,0.0965600238587568,0.09758273083558588,0.012473528333070591,15,29,0.08705078899909395,0.11289644906839635,True,True,True,0.0003195579643464258,COMPLETE
782,0.34356038570404057,2025-04-14 03:37:46.131567,2025-04-14 03:38:04.491317,0 days 00:00:18.359750,0.9490651159814958,0.14922969952599746,16,0.03163266685583061,0.1308331102974296,0.07171751715397714,0.09998483744155108,0.0946251987127172,0.09763001459910635,0.012449379045747793,16,23,0.08370059418570039,0.1008489772237127,True,True,True,0.00012192636036843988,COMPLETE
783,0.3824962615966797,2025-04-14 03:38:04.736609,2025-04-14 03:38:22.805955,0 days 00:00:18.069346,0.9435728782632131,0.17840811951378174,16,0.017063463722251336,0.12930035496270076,0.06769844409741496,0.09489711639031327,0.0940334592093583,0.09930587129255812,0.04842014260708252,15,26,0.08835919108539173,0.11540903090089247,True,True,True,0.0002475087045156031,COMPLETE
784,0.4629032731056214,2025-04-14 03:38:23.059579,2025-04-14 03:38:41.618667,0 days 00:00:18.559088,0.917554007502056,0.16852894495352375,16,0.024814922765387874,0.1226076950728227,0.06991230387613394,0.09655248903990236,0.09994601992490486,0.09824696638826165,0.011191111465241332,16,29,0.08382435508748089,0.09081412144082651,True,True,True,0.0001697553765230886,COMPLETE
785,0.1888286888599396,2025-04-14 03:38:41.876532,2025-04-14 03:39:00.114891,0 days 00:00:18.238359,0.9107742094694451,0.13667364122135983,16,0.030246438246469366,0.1393562766637042,0.07203417049311227,0.0939773976453419,0.09974956306236424,0.09866851361785418,0.010613943560252661,16,24,0.08287341104414002,0.10541401423600767,True,True,True,9.90094379941972e-05,COMPLETE
786,0.3642242312431336,2025-04-14 03:39:00.359067,2025-04-14 03:39:18.944249,0 days 00:00:18.585182,0.9203384871303026,0.164113826863437,16,0.02366104086537718,0.13194517644601425,0.07019679460922226,0.09594535586217184,0.09956426692581952,0.09970035692486802,0.008283157742652307,16,27,0.09131285348898323,0.0685799862083531,True,True,True,0.0003551308969237669,COMPLETE
787,0.4592838525772095,2025-04-14 03:39:19.204642,2025-04-14 03:39:37.512153,0 days 00:00:18.307511,0.9002728044006555,0.14590339430365223,16,0.02496053331911914,0.12470822615514009,0.05630957595712664,0.09363817387497848,0.09802571388457643,0.0978869467995513,0.010259550732631146,15,29,0.08591475235401434,0.096034851593571,True,True,True,0.0002017212642731723,COMPLETE
788,0.34696869850158696,2025-04-14 03:39:37.760096,2025-04-14 03:39:55.000566,0 days 00:00:17.240470,0.8958251744179218,0.09170930916740465,16,0.030033153692778647,0.12817804032354468,0.0564277217677189,0.09112836233920758,0.09811420138562729,0.09858037350614837,0.0113273000427732,14,22,0.08248219118449933,0.08382842517650568,True,True,False,0.0001400272264228185,COMPLETE
789,0.3694365382194519,2025-04-14 03:39:55.257574,2025-04-14 03:40:12.821920,0 days 00:00:17.564346,0.9329875626539518,0.11676997120136787,16,0.014789360065383141,0.14382003563129783,0.06087908074399121,0.0926302276146062,0.09898037120903494,0.09876477355258824,0.01324714959580587,15,25,0.0845339505857166,0.0950395157663708,False,True,True,0.0001763648615460594,COMPLETE
790,0.45959373712539675,2025-04-14 03:40:13.083547,2025-04-14 03:40:31.251225,0 days 00:00:18.167678,0.9059165158137327,0.1442134109741406,16,0.024410184146722837,0.13534418631996997,0.05815546148956529,0.09342826759021437,0.09730766983081361,0.09742351199163325,0.010026865428042367,15,29,0.08121378309157559,0.07710186034069824,True,True,True,0.00020883474701180165,COMPLETE
791,0.1888286888599396,2025-04-14 03:40:31.501409,2025-04-14 03:40:48.816271,0 days 00:00:17.314862,0.907770177302517,0.09729333852143927,16,0.03135914634763425,0.1348311918484288,0.05487616534692834,0.08938818533664815,0.09846912137357024,0.09941751935635951,0.01094462630293168,14,26,0.03839453839464663,0.0737716393835757,True,True,True,0.00014089772718496092,COMPLETE
792,0.1888286888599396,2025-04-14 03:40:49.076251,2025-04-14 03:41:06.947032,0 days 00:00:17.870781,0.9120451717791654,0.13530351691863518,16,0.02648859234524776,0.13626653306786968,0.05697341792705547,0.09315845187115047,0.09991588403689765,0.09990533426518959,0.010724965540270378,15,21,0.08076186849337774,0.077096594241674,True,True,True,0.00021096357621494833,COMPLETE
793,0.2505279779434204,2025-04-14 03:41:07.208188,2025-04-14 03:41:25.571223,0 days 00:00:18.363035,0.9085321911826313,0.11405343105458216,16,0.12549112660660378,0.1261095337724706,0.05212247458711225,0.09144774277433909,0.0975247721016139,0.09771166726068345,0.013124665419920639,15,29,0.08581737150307141,0.06310877784325757,True,True,True,0.00017656534351183866,COMPLETE
794,0.1888286888599396,2025-04-14 03:41:25.819154,2025-04-14 03:41:43.379209,0 days 00:00:17.560055,0.9226766499877282,0.1313890544054603,16,0.11749024190560609,0.13521260459817278,0.05705295976599783,0.09445607503782104,0.09975040063152683,0.09698055055380325,0.012954421752465247,14,27,0.0838398752879687,0.06190328946886354,True,True,True,0.0001172178019073492,COMPLETE
795,0.43014780282974246,2025-04-14 03:41:43.639890,2025-04-14 03:42:01.986390,0 days 00:00:18.346500,0.887901832395123,0.15279158329245746,16,0.02533509632658726,0.12640830514701443,0.05440172857683151,0.09329758998545923,0.0974745533630941,0.09725592093530434,0.01003836159175308,15,30,0.08101182244889334,0.07086885747647825,True,True,True,0.00020926314451249277,COMPLETE
796,0.1904520153999329,2025-04-14 03:42:02.249552,2025-04-14 03:42:20.096588,0 days 00:00:17.847036,0.8954437454088185,0.12927656424489387,16,0.23685922841060186,0.14038540383762504,0.060551035474139335,0.0010125532753710725,0.0966293762111473,0.09721760092427509,0.00994701235595218,15,23,0.08662050510066183,0.09190581703871244,True,True,True,0.00017606830975093533,COMPLETE
