number,value,datetime_start,datetime_complete,duration,params_alpha-eval,params_alpha-train,params_batch-size,params_eps-eval,params_eps-train,params_lambda-actions-eval,params_lambda-actions-train,params_lambda-frames-eval,params_lambda-frames-train,params_learning-rate,params_n-epochs,params_n-frames,params_radius-gw,params_rho,params_std-feats,params_ub-actions,params_ub-frames,params_weight-decay,state
1709,0.26581802368164065,2025-04-16 06:22:30.526464,2025-04-16 06:22:56.480937,0 days 00:00:25.954473,0.5206432714241215,0.22651044958824146,8,0.08923904674620471,0.15625112830394325,0.09999994431553574,0.029815358209969885,0.09502532020273691,0.09491760060323713,0.008055096939324418,19,17,0.04809103960088777,0.21562400562095307,True,False,True,2.3945924168626367e-05,COMPLETE
1710,0.3811885952949524,2025-04-16 06:22:57.050858,2025-04-16 06:23:23.091657,0 days 00:00:26.040799,0.5293972477696818,0.2448085832158643,8,0.09777039599584122,0.16675228149440463,0.0987019826225633,0.0323492652464977,0.06065075558686517,0.09742728485900123,0.008352385332243042,19,21,0.04952553558222381,0.20828231121014443,True,False,True,2.0859112326220497e-05,COMPLETE
1711,0.27506880760192876,2025-04-16 06:23:23.639981,2025-04-16 06:23:49.935871,0 days 00:00:26.295890,0.503939935284217,0.2589843518052059,8,0.08305053911960504,0.1593933586942649,0.09957795268916937,0.033125005533372595,0.09825096326287165,0.09581725913754505,0.008438893193517172,19,18,0.047833071852442836,0.21807143160905493,True,True,True,2.0891404575872323e-05,COMPLETE
1712,0.2378047823905945,2025-04-16 06:23:50.511623,2025-04-16 06:24:17.038496,0 days 00:00:26.526873,0.5279398403543891,0.23657754603843473,8,0.09191817855696802,0.15170892239582806,0.09665820058968633,0.031262210372814764,0.09668489172516513,0.09780003945661907,0.00822661437712133,19,21,0.04530214227759748,0.20906819527731887,True,False,True,1.6576787964402618e-05,COMPLETE
1713,0.2128748416900635,2025-04-16 06:24:17.593824,2025-04-16 06:24:43.554014,0 days 00:00:25.960190,0.5269125998784472,0.25907745200825005,8,0.10797975392833262,0.1643538677706111,0.09607669166583113,0.03442666093561515,0.0998809836058709,0.09481292925884739,0.0070878297375259304,19,15,0.04998687691404057,0.21616691515709152,True,False,True,1.6239999751449444e-05,COMPLETE
1714,0.26087714433670045,2025-04-16 06:24:44.127654,2025-04-16 06:25:09.575763,0 days 00:00:25.448109,0.5030493826840693,0.26289537620945,8,0.08401712735152636,0.15501364856202338,0.09682645037734484,0.029937049580659816,0.09488247898418833,0.09674947540289569,0.0066105510390286944,18,20,0.04765779932706522,0.22404736346269688,True,False,True,1.926378266707274e-05,COMPLETE
1715,0.2452346682548523,2025-04-16 06:25:10.128561,2025-04-16 06:25:35.650220,0 days 00:00:25.521659,0.5431402802081149,0.22708251347409725,8,0.0932157560911558,0.16028713231504063,0.09717608024413335,0.03345860852013038,0.09824677753578573,0.09799383223685243,0.008547366101559636,18,18,0.050015153607396744,0.2130095250332444,True,False,True,9.722512460102014e-06,COMPLETE
1716,0.25991131067276,2025-04-16 06:25:36.226226,2025-04-16 06:26:02.320767,0 days 00:00:26.094541,0.5472485605243947,0.24527170906712165,8,0.08180834384766757,0.16972193032892205,0.09810481072170427,0.03516864458008007,0.0947448090696228,0.09492412018807339,0.006638406527242149,19,22,0.04364867281777669,0.20922148211641586,True,False,True,1.2974994532377115e-05,COMPLETE
1717,0.4344468474388123,2025-04-16 06:26:02.877107,2025-04-16 06:26:28.189679,0 days 00:00:25.312572,0.5231675091268176,0.2630327080121715,8,0.09487726048589629,0.15169661541167628,0.098167715794514,0.03168252624637789,0.09996467508364636,0.09469244070826466,0.006958684278056796,18,23,0.046448660166717316,0.21808042274687048,True,False,True,2.1529089913612055e-05,COMPLETE
1718,0.3356005549430847,2025-04-16 06:26:28.735433,2025-04-16 06:26:59.119345,0 days 00:00:30.383912,0.507614396660386,0.22518994145211924,8,0.09671663871824605,0.15148946043948894,0.09399311643139108,0.029676489483562333,0.09850672652558293,0.09440538419002162,0.008452668387857859,19,106,0.04528156314531895,0.2186177890447248,True,False,True,2.47160206335906e-05,COMPLETE
1719,0.2227124035358429,2025-04-16 06:26:59.691253,2025-04-16 06:27:25.507990,0 days 00:00:25.816737,0.5022980720461372,0.25885510941689105,8,0.09801734607654085,0.15163896170556257,0.09823449437863423,0.031520696077198235,0.09989266942685224,0.09812248336268178,0.00834984704226942,19,20,0.04321862741487738,0.22121851933352712,True,False,True,1.966165353666535e-05,COMPLETE
1720,0.3014471173286438,2025-04-16 06:27:26.064253,2025-04-16 06:27:51.006024,0 days 00:00:24.941771,0.5232111905078152,0.24229694176153907,8,0.10574226006117396,0.16088722841006314,0.09629784867088206,0.031499055648816825,0.09999390748797124,0.0942664937513195,0.00884609455785341,18,9,0.045741820406544204,0.21521018703515785,True,False,True,1.575591656028336e-05,COMPLETE
1721,0.23404812216758727,2025-04-16 06:27:51.580950,2025-04-16 06:28:16.094515,0 days 00:00:24.513565,0.5246224674957433,0.259945759369241,8,0.08882420652609384,0.1528826132959318,0.09924280980989197,0.03305388949309617,0.09678929122616453,0.09650628831968082,0.006776455147997204,18,5,0.04784002054606038,0.20731871394280071,True,False,True,1.7414669788664005e-05,COMPLETE
1722,0.2989688515663147,2025-04-16 06:28:16.644152,2025-04-16 06:28:42.603984,0 days 00:00:25.959832,0.500094825229532,0.23782643197172915,8,0.10034644831633618,0.16587946176447446,0.09578103206604036,0.03136409834011138,0.09983096356572785,0.097958064513474,0.006832926740771602,19,14,0.04966310074396296,0.2190316668821608,True,False,True,2.4281862296578654e-05,COMPLETE
1723,0.27009445428848267,2025-04-16 06:28:43.178414,2025-04-16 06:29:08.059470,0 days 00:00:24.881056,0.5269226036190457,0.26600640128160097,8,0.10458136958153443,0.1477342803885788,0.09674496716270235,0.029936791256549557,0.09815267976725986,0.09466167069398859,0.008602004813908253,18,17,0.04437014960578172,0.21442172051564987,False,False,True,2.645565087349981e-05,COMPLETE
1724,0.2555361270904541,2025-04-16 06:29:08.614824,2025-04-16 06:29:34.607191,0 days 00:00:25.992367,0.5150270785779285,0.2172160487680042,8,0.09087194109225993,0.15564983447918138,0.09824890886186627,0.034079631964395445,0.09678005297796818,0.09657237465914588,0.0072809967321375985,19,21,0.04607302190384791,0.22134640990273408,True,False,True,1.188847943889282e-05,COMPLETE
1725,0.3465665698051453,2025-04-16 06:29:35.183502,2025-04-16 06:30:00.993553,0 days 00:00:25.810051,0.5034033556757331,0.2583288337828238,8,0.0876424396545934,0.1783754692590215,0.09467130591561707,0.028749053706650825,0.09994872214804199,0.09833795075247395,0.0064501262180514645,18,24,0.04806310698446071,0.20537072702087775,True,False,True,2.0632855741968885e-05,COMPLETE
1726,0.23699843883514404,2025-04-16 06:30:01.549217,2025-04-16 06:30:27.159960,0 days 00:00:25.610743,0.5528167648753417,0.2646172183958626,8,0.09703148311668934,0.16021594719857676,0.09842976383021527,0.032720766041466676,0.09652969793352899,0.09415961897855167,0.008939411887692872,18,18,0.04354611226345995,0.22433744124444246,True,False,True,2.9712604525699067e-05,COMPLETE
1727,0.4166772127151489,2025-04-16 06:30:27.740448,2025-04-16 06:30:53.062905,0 days 00:00:25.322457,0.5320872308986626,0.23998028310383074,8,0.0836667205134595,0.16985583932871226,0.09591607891302123,0.034924502053881465,0.09838402210189963,0.09594591380572368,0.007004584976399527,18,22,0.050337576890084806,0.21158713337702426,True,False,True,1.9334546776631094e-05,COMPLETE
1728,0.2930759966373444,2025-04-16 06:30:53.616056,2025-04-16 06:31:23.135027,0 days 00:00:29.518971,0.5434440691882535,0.22758821881194302,8,0.09439683231234582,0.14862071778923472,0.09696131633262074,0.02975205749573314,0.037192343259039404,0.09991629459918491,0.006355975917934031,19,25,0.046060240999295704,0.22422867496411936,True,False,False,1.5023589810387886e-05,COMPLETE
1729,0.38428795337677,2025-04-16 06:31:23.689841,2025-04-16 06:31:49.100945,0 days 00:00:25.411104,0.503401813863228,0.2666944726628128,8,0.08092546246850825,0.16563076891631168,0.09921596375286638,0.035281719437908594,0.0947855220959072,0.09416112040139374,0.00779028428622757,18,27,0.042415759502986074,0.21835711772866548,True,False,True,2.5283984725514297e-05,COMPLETE
1730,0.27812492847442627,2025-04-16 06:31:49.672830,2025-04-16 06:32:15.964260,0 days 00:00:26.291430,0.5301767091817066,0.246652479259462,8,0.08733713489048224,0.1547244973845081,0.09425809439992848,0.0324045749415547,0.03406455534302405,0.09692227405562673,0.008706687112390884,19,20,0.047944612649971775,0.20739190811200814,True,True,True,2.3463806346390963e-05,COMPLETE
1731,0.43309142589569094,2025-04-16 06:32:16.526957,2025-04-16 06:32:42.131537,0 days 00:00:25.604580,0.5565575685720213,0.21879995694567062,8,0.08282126796721208,0.1602026689969296,0.09966994439424183,0.033618757770089366,0.09986679288448709,0.0983129067057498,0.006397481928327204,18,23,0.04987497862773792,0.2150486494523986,True,False,True,7.441895094100771e-06,COMPLETE
1732,0.3896443009376526,2025-04-16 06:32:42.705441,2025-04-16 06:33:08.497818,0 days 00:00:25.792377,0.5577950454253093,0.22310186931681839,8,0.08714265882393454,0.1746164076741748,0.0997901909104251,0.034660608979747945,0.09998463694563516,0.09994275334515709,0.007383755949242929,18,27,0.04947745539219757,0.22483436285333633,True,False,True,7.923046983446718e-06,COMPLETE
1733,0.4088021039962769,2025-04-16 06:33:09.051718,2025-04-16 06:33:34.643007,0 days 00:00:25.591289,0.5637520725839906,0.2120893691954561,8,0.09386531301165789,0.16582427016875345,0.09730131927599159,0.03350771914252955,0.09785576560187523,0.09855682420944925,0.009304610178035813,18,24,0.04772302320433114,0.2149959523167125,True,False,True,7.119109034186882e-06,COMPLETE
1734,0.4285250067710877,2025-04-16 06:33:35.220600,2025-04-16 06:34:01.330445,0 days 00:00:26.109845,0.5613823503029928,0.20862928935141256,8,0.08022793831139621,0.16009470623616426,0.09809354745121517,0.03548604690882952,0.09980840717635545,0.0984838898584483,0.006330665310397632,19,29,0.050102222494832975,0.2165209309916134,True,False,True,1.0518368033093174e-05,COMPLETE
1735,0.437379014492035,2025-04-16 06:34:01.884659,2025-04-16 06:34:27.413079,0 days 00:00:25.528420,0.566828722424347,0.22209170263774908,8,0.08086595523747894,0.1591094649400112,0.09469372866243035,0.03585416760868068,0.09842455016130044,0.09988576473051183,0.007556234739176951,18,29,0.050089087517309665,0.21226151008184663,True,False,True,9.417884164244696e-06,COMPLETE
1736,0.4298268556594849,2025-04-16 06:34:27.992063,2025-04-16 06:34:54.236422,0 days 00:00:26.244359,0.564817095533486,0.20640421523321684,8,0.08679631483198755,0.1606957466780375,0.0991408585523385,0.03544311247508,0.09985991920568754,0.09986190910186934,0.008429538823233848,19,28,0.049795190850297336,0.20959657096662695,True,False,True,9.521437549123002e-06,COMPLETE
1737,0.3599755525588989,2025-04-16 06:34:54.797478,2025-04-16 06:35:21.215527,0 days 00:00:26.418049,0.5555980422009316,0.2046974142581644,8,0.08841711951350084,0.16976340669066933,0.0988883819925428,0.03503268236401526,0.09877715179282759,0.09988933505643575,0.008209231016194744,19,29,0.05044253248597135,0.20956807443102649,True,False,True,9.263413645569843e-06,COMPLETE
1738,0.34198454618453983,2025-04-16 06:35:21.791638,2025-04-16 06:35:48.231975,0 days 00:00:26.440337,0.5660007501768513,0.20887951212090317,8,0.10767982272987184,0.16110941906193166,0.09780018971058918,0.035595069840878894,0.09997443235194063,0.09880078083322433,0.008061327706682551,19,29,0.05003978894331132,0.20557493547744027,True,False,True,6.20333566895524e-06,COMPLETE
1739,0.34314950704574587,2025-04-16 06:35:48.791143,2025-04-16 06:36:15.247172,0 days 00:00:26.456029,0.5579952772805521,0.2010496015025136,8,0.09506866897286688,0.1707285279790562,0.09974656337535402,0.033776469763567234,0.09841069874834375,0.09888847368848871,0.009510885998382648,19,28,0.049958563679386656,0.2128837601102717,True,False,True,1.806233991826174e-05,COMPLETE
1740,0.4182414174079895,2025-04-16 06:36:15.826283,2025-04-16 06:36:42.003902,0 days 00:00:26.177619,0.5509064976053241,0.21028793373394605,8,0.09220824259056498,0.16059590443444982,0.0997402902507981,0.03573930680546155,0.09812419955684015,0.09951857822835129,0.009533828257305213,19,29,0.049731698618269024,0.21568978812037518,True,False,True,9.515410714302122e-06,COMPLETE
1741,0.401324725151062,2025-04-16 06:36:42.565196,2025-04-16 06:37:08.911309,0 days 00:00:26.346113,0.5643296181098861,0.21790875810557522,8,0.08388140260182841,0.16532581866550666,0.0999901035015144,0.03350968177144273,0.09990290728075517,0.09947269296758957,0.008285513255199295,19,29,0.05026423258266463,0.21072178934662444,True,False,True,1.0385815007555536e-05,COMPLETE
1742,0.3565667986869812,2025-04-16 06:37:09.488612,2025-04-16 06:37:35.810033,0 days 00:00:26.321421,0.5469619336736717,0.22489634343800766,8,0.08868388163997566,0.1748805383144777,0.0961825073447045,0.03604978006261896,0.06892113958191755,0.09844363260751367,0.009082877009631608,19,29,0.048435461884012196,0.20438441774565286,True,False,True,8.499691468529461e-06,COMPLETE
1743,0.2756690621376038,2025-04-16 06:37:36.372173,2025-04-16 06:38:02.247247,0 days 00:00:25.875074,0.5418057188714069,0.2128476615254098,8,0.10218584687846491,0.15979545009903248,0.09751784847069897,0.032939952001187,0.09803627609699034,0.0995395488364239,0.009130134731788375,19,28,0.04981908116929825,0.21613798273690524,False,False,True,1.3734306324141462e-05,COMPLETE
1744,0.4058688163757324,2025-04-16 06:38:02.828132,2025-04-16 06:38:29.138023,0 days 00:00:26.309891,0.5649275581079533,0.21032722967751846,8,0.08603170062600851,0.1683373860562184,0.09557119905805547,0.035371956883780656,0.09995366802140888,0.09984997240515199,0.007729442801470483,19,30,0.04592534878425099,0.2099604150933915,True,False,True,1.1929524424243803e-05,COMPLETE
1745,0.4214415669441223,2025-04-16 06:38:29.701202,2025-04-16 06:38:55.259717,0 days 00:00:25.558515,0.53983198882297,0.22290633085690745,8,0.08155329881759753,0.15829890023149462,0.09735291157641694,0.03196924544676303,0.09823837775267458,0.09979339826397482,0.009739065251055333,18,29,0.04859382584380267,0.218573924654331,True,False,True,1.2054427028601809e-05,COMPLETE
1746,0.40498234033584596,2025-04-16 06:38:55.844516,2025-04-16 06:39:22.560999,0 days 00:00:26.716483,0.5679825556172038,0.21676049653145774,8,0.0941984876036762,0.164850371058879,0.0957284397792083,0.034280687548542785,0.09995519847295867,0.0980073973989829,0.009374579278624647,19,27,0.05009267338251985,0.20566972341056203,True,False,True,7.211940998353973e-06,COMPLETE
1747,0.29995487332344056,2025-04-16 06:39:23.125875,2025-04-16 06:39:52.136959,0 days 00:00:29.011084,0.5854516888222427,0.2236593925294713,8,0.08153728549910359,0.15710294682918133,0.09981809974791314,0.03540844248169695,0.09814273082631968,0.09987740875794283,0.00782567171500021,18,26,0.047641803402116045,0.21913659560719445,True,False,False,8.654135293729384e-06,COMPLETE
1748,0.3896663188934326,2025-04-16 06:39:52.722287,2025-04-16 06:40:19.326575,0 days 00:00:26.604288,0.5408791185383007,0.2019850178740723,8,0.08166442061032671,0.17452280897092298,0.09776735919843851,0.03258948355906523,0.09802419941970116,0.09786697675375292,0.007249026306804396,19,29,0.045629621071378336,0.21273031856936414,True,False,True,1.1430259504010239e-05,COMPLETE
1749,0.37440431118011475,2025-04-16 06:40:19.892629,2025-04-16 06:40:45.602148,0 days 00:00:25.709519,0.5606973604723927,0.24116829023395014,8,0.11593882199537481,0.16289518748696366,0.09522574729275572,0.036005057194162984,0.09670097149839173,0.09777544737318493,0.009640328894879242,18,26,0.050087840854669864,0.23101267104104814,True,True,True,1.2379370609227433e-05,COMPLETE
1750,0.4030382037162781,2025-04-16 06:40:46.192828,2025-04-16 06:41:11.709101,0 days 00:00:25.516273,0.5324694665968812,0.19753724218661847,8,0.09014344431438863,0.1543578598441438,0.09520116410819557,0.033504414395121876,0.018322840645322094,0.09753936367654797,0.007841989150175633,18,29,0.047940866124754296,0.22504947281679838,True,False,True,5.896844142319806e-06,COMPLETE
1751,0.3744532108306885,2025-04-16 06:41:12.273260,2025-04-16 06:41:38.480472,0 days 00:00:26.207212,0.5536081091349482,0.2289285714399972,8,0.09803486566983555,0.1692495424274781,0.09747593214318119,0.0313544794451465,0.0964834609879882,0.09714377793204468,0.006954804571734932,19,27,0.04429180894721191,0.21621670554573452,True,False,True,9.373585483349851e-06,COMPLETE
1752,0.43274729251861577,2025-04-16 06:41:39.044386,2025-04-16 06:42:04.550625,0 days 00:00:25.506239,0.5777812694492316,0.2163877069924275,8,0.08033232881540733,0.16023498189991137,0.09772846434872207,0.036324882904714806,0.09981755390187086,0.09988296340062215,0.009242775428164887,18,26,0.04626119554792869,0.20520438897033177,True,False,True,1.3347666567748491e-05,COMPLETE
1753,0.360018253326416,2025-04-16 06:42:05.134395,2025-04-16 06:42:31.271649,0 days 00:00:26.137254,0.5912954033581336,0.21152539104329668,8,0.08822548645473513,0.17957124899789023,0.09854032916427825,0.03656399993968984,0.09983452561620142,0.09975975919007996,0.00997106108014907,19,24,0.04449732870942127,0.20662238045013345,True,False,True,1.4389820468455096e-05,COMPLETE
1754,0.30398441553115846,2025-04-16 06:42:31.835505,2025-04-16 06:43:04.107914,0 days 00:00:32.272409,0.5994596311583351,0.21847899356548287,8,0.08183190032932613,0.16518665715846706,0.09999803811047103,0.03369247650566148,0.09669954345739505,0.09976156244730733,0.009830898599691234,19,134,0.04224971738540258,0.20917601812229994,True,False,True,6.956835821470567e-06,COMPLETE
1755,0.3508535146713257,2025-04-16 06:43:04.693414,2025-04-16 06:43:30.517004,0 days 00:00:25.823590,0.574086119170325,0.19935995568362502,8,0.09420716593515342,0.17332207436519023,0.09735796642694193,0.035183018029337806,0.09990921171195215,0.09799581272575543,0.00971563848668025,18,25,0.04611299206046121,0.21229549218055477,True,False,True,1.0572638493994084e-05,COMPLETE
1756,0.35098091363906864,2025-04-16 06:43:31.109424,2025-04-16 06:44:00.902079,0 days 00:00:29.792655,0.5978817922146646,0.23507653100742454,8,0.08725031182745521,0.16156350643743322,0.09513583699054277,0.03593887613291754,0.09986364439057305,0.09980858281070885,0.009108565854165557,18,111,0.09997067933925587,0.20458405011393474,True,False,True,1.3863475131744583e-05,COMPLETE
1757,0.43293421268463134,2025-04-16 06:44:01.469197,2025-04-16 06:44:27.463512,0 days 00:00:25.994315,0.5790555527358043,0.2218336314654688,8,0.07990063642114191,0.16861288897414162,0.09733227304804462,0.03188284540012921,0.09650101624731862,0.09796675317185463,0.008674777460620082,19,23,0.050309348275853726,0.21965766165855397,True,False,True,9.973030090730256e-06,COMPLETE
1758,0.38966203927993776,2025-04-16 06:44:28.025238,2025-04-16 06:44:53.999996,0 days 00:00:25.974758,0.6125195909363546,0.19741957373960844,8,0.0818832918734714,0.1790077304644832,0.09784118717146204,0.031956731794924684,0.09999402697709335,0.09770141667755283,0.009527418025267803,19,22,0.050610183607888,0.21942767303991795,True,False,True,7.553632470388238e-06,COMPLETE
1759,0.4156721711158753,2025-04-16 06:44:54.584516,2025-04-16 06:45:20.506082,0 days 00:00:25.921566,0.6188456927980092,0.22743354554392733,8,0.09261947857645443,0.16983838574130486,0.09597916217128093,0.030530083536481428,0.09996814302833351,0.09983244221924614,0.009927990668061914,19,23,0.050856572590858413,0.22197618725404514,True,False,True,4.816001984239355e-06,COMPLETE
1760,0.23421329855918888,2025-04-16 06:45:21.073095,2025-04-16 06:45:47.245340,0 days 00:00:26.172245,0.5735424326621938,0.21111912742460248,8,0.10026307141109037,0.17981511218677107,0.09764837556970277,0.03308099525809088,0.09680948586845255,0.09809544869749236,0.00900943732553314,19,19,0.050484703520346924,0.21348333431949415,True,False,True,1.0444559766290817e-05,COMPLETE
1761,0.2765379071235657,2025-04-16 06:45:47.830161,2025-04-16 06:46:13.649399,0 days 00:00:25.819238,0.5909518466576656,0.2160583596651651,8,0.08743244309002646,0.1751234301153176,0.09537393387557498,0.030569390721791947,0.07356517751040749,0.09983897618515451,0.00882921638518474,19,16,0.048651199280377026,0.2234442355808582,True,False,True,9.101540015970598e-06,COMPLETE
1762,0.313795793056488,2025-04-16 06:46:14.219696,2025-04-16 06:46:39.667551,0 days 00:00:25.447855,0.5884968069989127,0.19555944079757548,8,0.08055909836768606,0.16969733126771908,0.09362141546006861,0.034192862294020604,0.09757030244246837,0.09727933536565604,0.008016489273283552,19,23,0.05051417490344737,0.2038702742552578,False,False,True,1.103116718124511e-05,COMPLETE
1763,0.3614275097846985,2025-04-16 06:46:40.255805,2025-04-16 06:47:11.885446,0 days 00:00:31.629641,0.582572088703013,0.23171651491003895,8,0.08549213937320506,0.16707885443652476,0.09799201260498057,0.03195861841661974,0.09811357586910925,0.09994028615218169,0.009824486987934013,19,126,0.048751700617658406,0.21544372446398483,True,False,True,1.4342339597986162e-05,COMPLETE
1764,0.43604682683944707,2025-04-16 06:47:12.449856,2025-04-16 06:47:38.368409,0 days 00:00:25.918553,0.6275008723965338,0.2352189947365712,8,0.07875840536128327,0.16316264825443835,0.09988478536784116,0.03415035882293757,0.09492499706973728,0.09699228463859644,0.007781030512372052,19,20,0.05022831070588149,0.22625209079748385,True,False,True,7.5648702755405485e-06,COMPLETE
1765,0.32905354499816897,2025-04-16 06:47:38.959376,2025-04-16 06:48:04.677846,0 days 00:00:25.718470,0.6385002353417161,0.21373547997108872,8,0.09261773104993956,0.17350240517489338,0.0987603620655786,0.0301504462841779,0.09516422866319445,0.09790859282977618,0.010449892985265158,19,12,0.049508233491454626,0.22632349763498902,True,False,True,6.833179363761901e-06,COMPLETE
