number,value,datetime_start,datetime_complete,duration,params_alpha-eval,params_alpha-train,params_batch-size,params_eps-eval,params_eps-train,params_lambda-actions-eval,params_lambda-actions-train,params_lambda-frames-eval,params_lambda-frames-train,params_learning-rate,params_n-epochs,params_n-frames,params_radius-gw,params_rho,params_std-feats,params_ub-actions,params_ub-frames,params_weight-decay,state
569,0.28535735607147217,2025-04-15 22:29:11.860994,2025-04-15 22:29:40.168776,0 days 00:00:28.307782,0.40008106150982325,0.16167475308993584,8,0.02562377272164051,0.2607927754175864,0.06240666766508628,0.002753219767978688,0.08934704695114651,0.056375353765371096,0.0009561418975026081,17,40,0.04809891233781569,0.1401264491756052,True,False,False,0.00044938336743110814,COMPLETE
570,0.40574839115142824,2025-04-15 22:29:40.347405,2025-04-15 22:29:59.273639,0 days 00:00:18.926234,0.3675886891761488,0.1995693416796698,16,0.042099438947226654,0.27223508026049564,0.05854767625469059,0.006888563360910252,0.047396639798237224,0.06599455093745929,0.0017592594830955072,14,50,0.05727265562871488,0.1654410241825773,True,False,True,0.0009916177341447396,COMPLETE
571,0.418181848526001,2025-04-15 22:29:59.450729,2025-04-15 22:30:16.171683,0 days 00:00:16.720954,0.428784007010186,0.34739070969739705,16,0.03488670425331665,0.2532237347087883,0.05978342663724901,0.0049306310420440015,0.09436144558077386,0.058498022221594594,0.0023060545248771583,10,46,0.05027597522222998,0.17632388700276197,True,False,True,0.0006250801195367175,COMPLETE
572,0.2691847026348114,2025-04-15 22:30:16.361190,2025-04-15 22:30:35.181016,0 days 00:00:18.819826,0.432853175309203,0.2472830769346475,16,0.04665054660556872,0.24168979568027799,0.06282976916584838,0.004186245828383791,0.09511726976377131,0.06244604088761189,0.0023492455546899834,14,48,0.04633859990444528,0.177930216583088,True,True,True,0.0007241175593257546,COMPLETE
573,0.38705039024353033,2025-04-15 22:30:35.359364,2025-04-15 22:31:21.920725,0 days 00:00:46.561361,0.38329020512011974,0.2273498774473616,2,0.0340504382354786,0.2486195970323719,0.06045901414593434,0.0023269826964193233,0.09390237535441119,0.09144779646133697,0.002227153362452353,11,56,0.044305467497206735,0.1820936565962787,True,False,True,0.0006085372027358239,COMPLETE
574,0.3191946268081665,2025-04-15 22:31:22.110249,2025-04-15 22:31:41.659032,0 days 00:00:19.548783,0.18305668299223332,0.17510956978355965,16,0.04068466490668421,0.2538782294801679,0.06513007901196254,0.004841094108889401,0.08067820251649319,0.060127866603990374,0.001639370746655731,9,111,0.04863534474847576,0.17582551183323583,True,False,True,0.0003492228431385283,COMPLETE
575,0.39943747520446776,2025-04-15 22:31:41.838673,2025-04-15 22:31:58.340452,0 days 00:00:16.501779,0.40467536804507137,0.27508044715804325,16,0.03546623361735948,0.23778568808102474,0.07147995277448427,0.0010064351451679232,0.09639598879561775,0.058641505628041865,0.0019229217718319932,9,46,0.04985166438504239,0.18184682751611964,True,False,True,0.0004705958486401547,COMPLETE
576,0.3050503730773926,2025-04-15 22:31:58.533226,2025-04-15 22:32:16.164691,0 days 00:00:17.631465,0.48166753667349815,0.2620185143083199,16,0.01735416741573081,0.24539372344328836,0.06746798378023772,0.005386955161543082,0.09123089926771456,0.06430061269661759,0.0022977590772759056,11,52,0.051479748794728164,0.1723993794843841,True,False,True,2.05855044095671e-06,COMPLETE
577,0.33376036286354066,2025-04-15 22:32:16.345476,2025-04-15 22:32:33.839153,0 days 00:00:17.493677,0.3495490852291312,0.3206405909921739,16,0.0258500329599406,0.2571037315450192,0.06117213237444562,0.0037107446156063647,0.08482203922649405,0.06057477899229112,0.001439882458978295,11,49,0.05025502048695678,0.1723584888821233,True,False,True,0.0006151076702739218,COMPLETE
578,0.37089831829071046,2025-04-15 22:32:34.030449,2025-04-15 22:32:51.010396,0 days 00:00:16.979947,0.44958218862419036,0.29440717672052946,16,0.048335372777767595,0.2576775741255337,0.06375688019748588,0.006914627686219219,0.05412636712431765,0.05784319778400234,0.0024628612125506405,9,60,0.04008089345182225,0.17950422835582963,True,False,True,0.0007577286126657727,COMPLETE
579,0.15646502375602722,2025-04-15 22:32:51.195813,2025-04-15 22:33:07.398698,0 days 00:00:16.202885,0.37011218708885574,0.3588687397309702,16,0.13551965427575224,0.25084950423140423,0.05952036636981366,0.0027718043092256578,0.03565267444032207,0.05540993724811327,0.0018544555237668616,9,44,0.04753236469998101,0.15984032108052418,True,False,True,0.00029762686699036535,COMPLETE
580,0.3953323841094971,2025-04-15 22:33:07.593532,2025-04-15 22:33:27.052243,0 days 00:00:19.458711,0.42104571517435485,0.33579682541853,16,0.037640267661466886,0.25353800891476364,0.062329386477748626,0.005674869997355619,0.02987487404067737,0.05357091613957337,0.00265211797182186,15,53,0.05213168726610287,0.16655299294405448,True,False,True,0.0003957801783151778,COMPLETE
581,0.40857775211334235,2025-04-15 22:33:27.237193,2025-04-15 22:33:44.019132,0 days 00:00:16.781939,0.39647377566186576,0.3086537544698418,16,0.029798939644533236,0.263669152243794,0.06502472474474363,0.00808333972747368,0.09415137613022165,0.06100962220920353,0.0012506470416348734,10,46,0.05055190699006384,0.15393170438547257,True,False,True,0.0005190228729597922,COMPLETE
582,0.15537530183792114,2025-04-15 22:33:44.213648,2025-04-15 22:34:02.193338,0 days 00:00:17.979690,0.3152598090657025,0.13698151387912294,8,0.17894704221033303,0.29464209069143793,0.06886325647535183,0.054546512818630905,0.08773873142238989,0.051287775177197,0.013093683766397924,7,50,0.013270473880340049,0.17484628170023583,True,False,True,0.0002556836587904149,COMPLETE
583,0.2751302599906922,2025-04-15 22:34:02.376923,2025-04-15 22:34:20.904467,0 days 00:00:18.527544,0.4675210476831455,0.6916235551417929,16,0.07702199071789743,0.2635079741209737,0.05891206483258982,0.0039623510009962155,0.04250268904863915,0.05789709367227961,0.0019488300402362116,14,43,0.05380127284721177,0.18798268371963622,True,False,True,0.0008035571563200625,COMPLETE
584,0.2826433062553406,2025-04-15 22:34:21.086625,2025-04-15 22:34:38.040066,0 days 00:00:16.953441,0.38207270406763844,0.15341473528840496,16,0.0068539635693772236,0.26721042838129344,0.06127041079640598,0.00595778250550621,0.09237670174640993,0.045287911879726854,0.0024175752427460727,10,46,0.045297821755428354,0.16856940893797834,True,False,True,2.6518482386301255e-05,COMPLETE
585,0.3422735929489136,2025-04-15 22:34:38.230573,2025-04-15 22:34:57.700477,0 days 00:00:19.469904,0.40722995030599096,0.2130320974377397,16,0.02328568947934566,0.256174609835947,0.05637808753769809,0.008202079101887576,0.08599450496096112,0.06225332581075655,0.0014580916170613596,15,54,0.05260531334216978,0.16160688701976522,True,False,True,9.054354195669085e-07,COMPLETE
586,0.400823450088501,2025-04-15 22:34:57.884898,2025-04-15 22:35:13.851606,0 days 00:00:15.966708,0.43694416582779594,0.3889974509247555,16,0.032825790080757096,0.2999800142577375,0.06363655182701165,0.0011073836188411042,0.09568841560784438,0.055323713254817226,0.0029716812394912457,10,48,0.04842598013726735,0.181635746878292,False,False,True,0.0003472089566860837,COMPLETE
587,0.3945008873939514,2025-04-15 22:35:14.046188,2025-04-15 22:35:30.910805,0 days 00:00:16.864617,0.3541101213257893,0.5582602592650089,16,0.04182137186154867,0.2426640274564444,0.05325951747773011,0.003546843051607284,0.09039653098844283,0.05968633948021254,0.0017199387927884066,10,42,0.055010971212660915,0.1755238946426845,True,False,True,0.0004268585740481342,COMPLETE
588,0.3011649310588837,2025-04-15 22:35:31.092651,2025-04-15 22:35:49.918421,0 days 00:00:18.825770,0.33322552985905846,0.5884713450051829,16,0.014442714221414965,0.28918178491724766,0.029513411949115474,0.005754373828754174,0.0884554537019738,0.04882911442436385,0.002199031094056879,14,51,0.05124312517406906,0.1496470850695403,True,False,True,0.0005796417637217243,COMPLETE
589,0.28515818119049074,2025-04-15 22:35:50.113987,2025-04-15 22:36:08.310127,0 days 00:00:18.196140,0.41776880539401223,0.19476637455329118,16,0.027517179257930503,0.2819879161212766,0.07382112574756808,0.007545850519277126,0.08329707940340937,0.053418398165384635,0.010390720767236792,10,40,0.053941898159477183,0.15705056716857113,True,False,False,0.0002886020115367415,COMPLETE
590,0.405858314037323,2025-04-15 22:36:08.495019,2025-04-15 22:36:27.636024,0 days 00:00:19.141005,0.39058877859212615,0.7070916044053328,16,0.02035309132196223,0.24929842579068487,0.05896291528711199,0.010542791862394551,0.09822379495290726,0.05724967709046172,0.0026424340729178947,15,44,0.05797130994236464,0.14301460153997403,True,False,True,0.0002119009992060746,COMPLETE
591,0.1888286888599396,2025-04-15 22:36:27.831557,2025-04-15 22:36:44.667309,0 days 00:00:16.835752,0.3650318223308388,0.09404852927695424,8,0.08726436998821682,0.047783795649563865,0.06665681039049191,0.0029145550782073443,0.09273401647870577,0.06344039352361562,0.0020247132951672774,5,57,0.04981222457673052,0.1706133181766677,True,True,True,0.000527784940119754,COMPLETE
592,0.2098021924495697,2025-04-15 22:36:44.852150,2025-04-15 22:37:00.894908,0 days 00:00:16.042758,0.43494542990205276,0.7247553719360996,16,0.03563347774816176,0.2715850428640238,0.05000039681408202,0.005248424941848987,0.021040246375149292,0.05960493912647667,0.03522286733128815,8,47,0.027576642021523205,0.16365422740533794,True,False,True,0.0009886428894579416,COMPLETE
593,0.35943256616592406,2025-04-15 22:37:01.092252,2025-04-15 22:37:20.992825,0 days 00:00:19.900573,0.40189474585688273,0.12046204349267539,16,0.055246891684561386,0.2606720384410254,0.061880009466420666,0.001000482378927308,0.08667904766796138,0.05586400312972699,0.022828038125057078,18,37,0.05578425018366076,0.191120562897224,True,False,True,1.7072356860379875e-05,COMPLETE
594,0.4074772834777832,2025-04-15 22:37:21.179714,2025-04-15 22:38:17.518219,0 days 00:00:56.338505,0.27478803958507575,0.16960796803102254,2,0.028769146435796096,0.27715458441625584,0.05737921162352821,0.007353983390784954,0.09091583091353307,0.051622988212863714,0.0016696615546163208,15,42,0.0526700950260303,0.18374976967722217,True,False,True,0.00039563296849816094,COMPLETE
595,0.4001047253608704,2025-04-15 22:38:17.719274,2025-04-15 22:38:36.093315,0 days 00:00:18.374041,0.3768992232674536,0.19183408318521805,16,0.0380130932834654,0.2677054786306941,0.06025102974736231,0.004025101145609569,0.09454912657614523,0.058430732209017455,0.003283946365047503,15,27,0.055901618267640486,0.16819025501064272,True,False,True,0.0006794105382641631,COMPLETE
596,0.32349662780761723,2025-04-15 22:38:36.279491,2025-04-15 22:38:51.486669,0 days 00:00:15.207178,0.45195184199892835,0.3389541602397948,16,0.04458902807384331,0.29288075245107703,0.06515334299188619,0.009484263541413367,0.08941123549550817,0.04735831752586321,0.0011394438907787292,6,50,0.04745476543122211,0.08041323255623486,True,False,True,0.00033977649370976325,COMPLETE
597,0.32072200775146487,2025-04-15 22:38:51.686274,2025-04-15 22:39:14.184304,0 days 00:00:22.498030,0.4192905818769444,0.6882467714160874,16,0.02129452097755807,0.2842616542255974,0.05536548463431402,0.005599436053896259,0.09562209741180297,0.061762305842738126,0.00032702386671253764,16,86,0.053698975398192295,0.17620005038760292,True,False,True,0.00045669966754367883,COMPLETE
598,0.41064541339874266,2025-04-15 22:39:14.370488,2025-04-15 22:39:33.502829,0 days 00:00:19.132341,0.3431591349693966,0.6691674132396037,16,0.031778053847583296,0.25893243781923586,0.06291387860591312,0.0026547568833648126,0.09211949631801301,0.06605542882438009,0.0023064749820766663,14,54,0.05866957587114833,0.15630921859976912,True,False,True,0.0007627957661637584,COMPLETE
599,0.4144555330276489,2025-04-15 22:39:33.692328,2025-04-15 22:39:53.077311,0 days 00:00:19.384983,0.39325146475050116,0.72868347578602,16,0.025283228952195272,0.2719608575075485,0.059564567034737684,0.012027757409940412,0.08403783018725536,0.0547887298666063,0.0015400965847817893,16,45,0.05154614517451266,0.16362564288254125,True,False,True,3.767974083432848e-05,COMPLETE
600,0.293961638212204,2025-04-15 22:39:53.276274,2025-04-15 22:40:12.478033,0 days 00:00:19.201759,0.39524131417323194,0.14709024923852634,16,0.01153827201684136,0.2666330410358677,0.06040954459334874,0.012745499211012909,0.08163566131613206,0.05289741843017397,0.0013654767394663005,16,40,0.05185557788462246,0.16434601520985326,True,False,True,0.000174646707214108,COMPLETE
601,0.3257605791091919,2025-04-15 22:40:12.668257,2025-04-15 22:40:38.025962,0 days 00:00:25.357705,0.37587926054881393,0.7291839167065424,8,0.023741771164064226,0.27264189399390276,0.05908257204885438,0.010426410734373583,0.0802212005827377,0.05066099466826771,0.0012036839924476118,17,44,0.05526794405111274,0.1697292654301631,True,False,True,7.953825262236376e-06,COMPLETE
602,0.25210615396499636,2025-04-15 22:40:38.223598,2025-04-15 22:40:57.060155,0 days 00:00:18.836557,0.41230125905267095,0.6127462203533013,16,0.015847314640620225,0.2633860438549268,0.06347278069217832,0.014262596972543196,0.08245221272730936,0.05415409760777812,0.00161801642337602,16,34,0.022157025907804863,0.17518488912932637,True,False,True,0.00010959815011509186,COMPLETE
603,0.32114101052284244,2025-04-15 22:40:57.247805,2025-04-15 22:41:16.391083,0 days 00:00:19.143278,0.39461408104986606,0.7073968319384659,16,0.024176699391436025,0.25158040840346707,0.06074375687642359,0.011746276049252241,0.08009772338173768,0.04909026001875377,0.0006730526646011904,16,38,0.07481998186688595,0.16330249010614642,True,False,True,0.0006281102822361604,COMPLETE
604,0.4042222976684571,2025-04-15 22:41:16.589132,2025-04-15 22:41:37.606161,0 days 00:00:21.017029,0.4381220111180684,0.20855975712554572,16,0.033837468328484936,0.2716044703940195,0.013619198833120079,0.011973334854702363,0.0839822255126585,0.054930760847044464,0.0009549447115724775,17,62,0.057052933445153685,0.17958368787774512,True,False,True,0.00013792782518082605,COMPLETE
605,0.16099563241004944,2025-04-15 22:41:37.795065,2025-04-15 22:41:56.919963,0 days 00:00:19.124898,0.3644182785839244,0.16676874545081025,16,0.24420362072264243,0.2567219642701439,0.058416249538504446,0.017168542813677766,0.09993336037183595,0.05220570962484134,0.0015413175021936163,16,41,0.05322091067093272,0.1699103606917361,True,False,True,7.851810005033025e-05,COMPLETE
606,0.31237970590591435,2025-04-15 22:41:57.119621,2025-04-15 22:42:15.112113,0 days 00:00:17.992492,0.40968350941151915,0.24691433173999064,16,0.06119843037666241,0.2664225276823582,0.06607442059942407,0.009171330395630579,0.08432350973151301,0.0562291653322296,0.014379143642484256,15,45,0.05087184465549285,0.16458683465617216,False,False,True,8.866924925813472e-05,COMPLETE
607,0.3188660025596619,2025-04-15 22:42:15.300339,2025-04-15 22:42:39.357671,0 days 00:00:24.057332,0.3868843456590441,0.22790468234404865,16,0.017106800518773328,0.27612288632168736,0.039345455421660416,0.008055839236297537,0.09705420008505278,0.05031447070754856,0.001850222440459531,16,103,0.060807305371582375,0.1575382398149113,True,False,True,2.8012223889130013e-05,COMPLETE
608,0.26768186688423157,2025-04-15 22:42:39.557779,2025-04-15 22:43:06.361121,0 days 00:00:26.803342,0.4716373212318647,0.7381913990383963,16,0.03989453848648921,0.26184409546570875,0.06267177837971416,0.015185992577123372,0.08543848543712763,0.03657774392794704,0.0011071911837060575,29,37,0.054123514022452295,0.017475525834162786,True,False,False,0.000792570235309416,COMPLETE
609,0.28108992576599123,2025-04-15 22:43:06.551758,2025-04-15 22:43:32.270967,0 days 00:00:25.719209,0.4235442086323962,0.6589741200552276,8,0.0012313311224578377,0.26901712910181247,0.061032428830705594,0.010013812047271847,0.08715897166555568,0.05386059507150416,0.07293699055346482,17,48,0.05619149789790766,0.17255191361890693,True,False,True,5.564447179866212e-05,COMPLETE
610,0.3308065891265869,2025-04-15 22:43:32.471247,2025-04-15 22:43:51.251315,0 days 00:00:18.780068,0.3732723535639152,0.18253155998815068,16,0.028945488669837,0.27656121593054683,0.06438170517324819,0.0047015152867602135,0.09382561572685207,0.056866427104325025,0.0013900867728228361,15,42,0.049183330102287835,0.1856378336206403,True,False,True,0.0005228121578072413,COMPLETE
611,0.3013135671615601,2025-04-15 22:43:51.442295,2025-04-15 22:44:10.975680,0 days 00:00:19.533385,0.4039013691795781,0.28122181889231807,16,0.020677352432514107,0.2565870923531985,0.057875728072250755,0.007556802782272167,0.08929444096985274,0.052044656824120156,0.0019236302040085691,16,45,0.051998063171988525,0.17998819320299145,True,False,True,0.0006123615062831167,COMPLETE
612,0.32866295576095583,2025-04-15 22:44:11.175446,2025-04-15 22:44:27.943125,0 days 00:00:16.767679,0.45150460899170125,0.7549907209383753,16,0.04887499135775246,0.24632210755630576,0.0625393024092896,0.05023209285264369,0.08216260922784623,0.05486435448675546,0.0008709356953963807,10,39,0.05957976635935664,0.1609339924184303,True,True,True,4.263600885043408e-05,COMPLETE
613,0.39357106685638427,2025-04-15 22:44:28.135689,2025-04-15 22:44:46.409730,0 days 00:00:18.274041,0.4334342309115436,0.7055723677388908,16,0.03430096783912645,0.27913712695369775,0.0593129784468492,0.0028559342550902866,0.07897042400592438,0.05863119218869838,0.017126209354905428,15,31,0.05426948446848488,0.16857684974612672,True,False,True,7.105215712370975e-05,COMPLETE
614,0.3342336773872375,2025-04-15 22:44:46.612723,2025-04-15 22:45:07.253163,0 days 00:00:20.640440,0.3567406845671661,0.12637579100356533,16,0.02664768827021743,0.2706718220319671,0.06796347940455308,0.0067073430528454435,0.09168361386501232,0.05630869204320668,0.00390496418223067,18,51,0.057942568335304756,0.20253982445304072,True,False,True,0.00043624649835166023,COMPLETE
615,0.37907029390335084,2025-04-15 22:45:07.445345,2025-04-15 22:45:26.550853,0 days 00:00:19.105508,0.3884991924585383,0.7236185425847138,16,0.0435535579469403,0.2648605181769277,0.057216835557847553,0.013125392862743675,0.07776998589778274,0.04662637238119448,0.0029064209242111844,16,35,0.05196900250438093,0.17494430372928574,True,False,True,0.0009828526506539838,COMPLETE
616,0.30129046440124513,2025-04-15 22:45:26.754635,2025-04-15 22:46:24.238303,0 days 00:00:57.483668,0.41587365091495604,0.16023075917985338,2,0.011115568141936743,0.2812100588431457,0.061464238278569866,0.00467107745854832,0.09499171546434042,0.07009609362151424,0.002085011166621598,15,56,0.056402258433790625,0.1609637088843073,True,False,True,0.0002461985005737135,COMPLETE
617,0.15615291595458985,2025-04-15 22:46:24.431458,2025-04-15 22:46:44.516827,0 days 00:00:20.085369,0.37954798483870283,0.5373064443397373,16,0.14576935617394463,0.2525470304768362,0.06362522621591093,0.010979551880385355,0.09828499369991724,0.06127543908795634,0.012080938886231473,17,48,0.054253555888161505,0.1681296204634335,True,False,True,1.759910493219428e-05,COMPLETE
618,0.4139226198196411,2025-04-15 22:46:44.724782,2025-04-15 22:47:09.308157,0 days 00:00:24.583375,0.39922204767220426,0.7539558891495324,8,0.037620912084699545,0.2729954193034699,0.06589763508885851,0.04659485384008874,0.08754040212094209,0.04415208075134883,0.0015489615410070416,16,42,0.04954687454136739,0.19234238294040476,True,False,True,3.204077299615757e-05,COMPLETE
619,0.39723775386810306,2025-04-15 22:47:09.503198,2025-04-15 22:47:34.543837,0 days 00:00:25.040639,0.3546181398796044,0.743155216064687,8,0.0397554439711899,0.28697344439543143,0.06662639520072315,0.04358006671677481,0.0849439207689357,0.04229235881425381,0.001227006460611646,17,40,0.04806343677253449,0.18782732695216617,True,False,True,4.035367829297844e-06,COMPLETE
620,0.40534744262695316,2025-04-15 22:47:34.748380,2025-04-15 22:47:59.809996,0 days 00:00:25.061616,0.39585268370785054,0.4870423194284023,8,0.03603011329973531,0.2758537163353913,0.06619263725157443,0.04785414355159535,0.09332410773710491,0.04771047903441977,0.0014234268426527759,17,37,0.04698634734525087,0.20391698280884518,True,False,True,4.3141518434390563e-05,COMPLETE
621,0.34441938400268557,2025-04-15 22:48:00.003041,2025-04-15 22:48:24.343269,0 days 00:00:24.340228,0.3683879566270463,0.6847519569859055,8,0.04638892082445162,0.29503588091619576,0.06801230228232663,0.008456123694364963,0.08721134758813275,0.04391976338117828,0.0015497888895530795,16,42,0.043400479020350116,0.19708890844953483,True,False,True,9.606116390650824e-05,COMPLETE
622,0.40720310211181643,2025-04-15 22:48:24.549011,2025-04-15 22:48:49.087816,0 days 00:00:24.538805,0.3932354851687013,0.7204456508187994,8,0.030255450648772934,0.2736957570843238,0.0703161424076906,0.014185026009904105,0.08348447537732709,0.03998772619731395,0.00158467909219001,16,43,0.0494380289718567,0.1938186699546443,True,False,True,2.3655554642573822e-05,COMPLETE
623,0.380466902256012,2025-04-15 22:48:49.282561,2025-04-15 22:49:13.549270,0 days 00:00:24.266709,0.373756988127935,0.7469703133227801,8,0.024629432182136844,0.29999748138968874,0.05604531863954253,0.060788943155398664,0.09650624675000574,0.03993531742073417,0.0010993691228695704,16,33,0.049845029069934335,0.18684891610938378,True,False,True,1.4435469017955221e-05,COMPLETE
624,0.3034625589847565,2025-04-15 22:49:13.754840,2025-04-15 22:49:38.493973,0 days 00:00:24.739133,0.20175695913613423,0.7008768697583155,8,0.03906703006318721,0.28165179360965575,0.065168480118861,0.045970898074168834,0.09071619453789348,0.04246927279400891,0.001450403032516165,17,39,0.05098079292771277,0.1960966054386968,False,False,True,3.5366243635037925e-05,COMPLETE
625,0.40243415832519536,2025-04-15 22:49:38.690772,2025-04-15 22:50:03.256411,0 days 00:00:24.565639,0.40789722093172454,0.14135276202937153,8,0.03269047063061233,0.17941443172501303,0.06044100080852929,0.002383598049083095,0.08861704908467637,0.04536934401086755,0.0018844275658784176,16,36,0.045690735796952084,0.19168636211277976,True,False,True,1.0771022626828326e-05,COMPLETE
