number,value,datetime_start,datetime_complete,duration,params_alpha-eval,params_alpha-train,params_batch-size,params_eps-eval,params_eps-train,params_lambda-actions-eval,params_lambda-actions-train,params_lambda-frames-eval,params_lambda-frames-train,params_learning-rate,params_n-epochs,params_n-frames,params_radius-gw,params_rho,params_std-feats,params_ub-actions,params_ub-frames,params_weight-decay,state
512,0.3065632998943329,2025-04-15 22:07:19.311222,2025-04-15 22:07:37.738009,0 days 00:00:18.426787,0.3895927747842395,0.23005288364756654,16,0.007990792549374782,0.002761080216046624,0.09767571278941801,0.04652618641503562,0.0873691821723447,0.05822481243310735,0.0017616087097198877,14,39,0.05367200938142,0.1582895830418081,True,False,True,0.0005190448227282927,COMPLETE
513,0.3266753077507019,2025-04-15 22:07:37.910453,2025-04-15 22:07:55.141693,0 days 00:00:17.231240,0.9285493955281585,0.7558718495863904,16,0.049542137614177105,0.2586501139282388,0.06278028857755896,0.011288975090387133,0.09955311645217962,0.053306123076304855,0.0025505015027001547,11,46,0.05653708068999735,0.16944190648025725,True,False,True,0.0003867918603283487,COMPLETE
514,0.37945147752761843,2025-04-15 22:07:55.302579,2025-04-15 22:08:19.646968,0 days 00:00:24.344389,0.35336613750442114,0.18324413721170146,16,0.03550660664946524,0.2914983095770528,0.058559502469470025,0.003392510350455317,0.08969579865345186,0.050575855763912436,0.022529493213263724,26,50,0.05105618805125051,0.14612269824631433,True,False,True,0.0002958958131287199,COMPLETE
515,0.21517270207405093,2025-04-15 22:08:19.820923,2025-04-15 22:08:46.930015,0 days 00:00:27.109092,0.46454638566406636,0.6950449941829093,16,0.028980558403855588,0.26436701977385635,0.04536142419126325,0.005894750865507869,0.09412454021118052,0.05659799102407685,0.002998363116829116,15,150,0.05934129425203797,0.17568200725637062,True,True,True,0.00044242530832795944,COMPLETE
516,0.3235890626907349,2025-04-15 22:08:47.089061,2025-04-15 22:09:07.625215,0 days 00:00:20.536154,0.21884040728432486,0.15398018984825612,16,0.022048035244409472,0.2841701808718739,0.06569640579622558,0.009512076756072711,0.09101562629831458,0.05861820637081863,0.002090887370670765,19,41,0.0543808572131147,0.16381401696460124,True,False,True,0.00022374385380027401,COMPLETE
517,0.3928054213523865,2025-04-15 22:09:07.788066,2025-04-15 22:09:26.871810,0 days 00:00:19.083744,0.4349747079518157,0.7705373962199378,16,0.037573479461081964,0.27406280650997206,0.0607856610911452,0.013785148942543747,0.08644949019268539,0.05326409363519612,0.0011633003670012143,13,62,0.04659374224866127,0.17130070076127513,True,False,True,1.565302628923003e-06,COMPLETE
518,0.377504301071167,2025-04-15 22:09:27.043605,2025-04-15 22:09:45.943362,0 days 00:00:18.899757,0.40844690351539115,0.4282630148375322,16,0.03015711234551011,0.29494613578462797,0.06942677673363212,0.007928401743041345,0.09586221676831272,0.04789058858006696,0.001543672394040904,16,36,0.05273212832489944,0.18690651019749174,True,False,True,0.0005717253207674823,COMPLETE
519,0.35302308797836307,2025-04-15 22:09:46.107376,2025-04-15 22:10:06.042667,0 days 00:00:19.935291,0.38081850932467526,0.6721517037037182,16,0.04410013657899345,0.28802923424546056,0.06402209281012487,0.003965223126329112,0.08859368207292787,0.05515014561489614,0.003700892742689623,17,44,0.04988873398612536,0.15383987654279097,True,False,True,0.0003577872096615213,COMPLETE
520,0.4094936609268188,2025-04-15 22:10:06.217851,2025-04-15 22:10:30.451932,0 days 00:00:24.234081,0.3644283468506788,0.8107455420842462,8,0.024919977490527864,0.06712537977369765,0.058954355803623126,0.00639210630650174,0.09312932193197096,0.05954388679142828,0.002955926097698082,15,56,0.05729369969145664,0.17882920143487524,True,False,True,0.0004914206206572367,COMPLETE
521,0.320757120847702,2025-04-15 22:10:30.616897,2025-04-15 22:10:45.339719,0 days 00:00:14.722822,0.40240952305180866,0.7360556891803406,16,0.018579441092920992,0.2792523331140884,0.04744131508416912,0.0025152732659915185,0.09174889263335716,0.05184529196155991,0.016054753871536473,6,29,0.055110571161496244,0.15987791460766282,True,False,True,0.0002685551898071389,COMPLETE
522,0.3916965007781983,2025-04-15 22:10:45.503068,2025-04-15 22:11:04.176230,0 days 00:00:18.673162,0.4267171453557488,0.7130210670146699,16,0.0337606551715083,0.11322906686308379,0.06214228925833335,0.011725685832113027,0.08862184697742592,0.05759404934584663,0.0018669502953248178,14,48,0.04378093560933399,0.1664876268209588,True,False,True,0.0003873154789071042,COMPLETE
523,0.39524402618408205,2025-04-15 22:11:04.352170,2025-04-15 22:11:22.002567,0 days 00:00:17.650397,0.38308649073401435,0.7899182015072546,16,0.038866648411772654,0.26707489563945275,0.05772680159887863,0.004853306236883361,0.08564278084863534,0.04076024536159701,0.0024678665144219074,12,42,0.05186913464303563,0.19263926996414546,True,False,True,0.0005755566556627928,COMPLETE
524,0.410551643371582,2025-04-15 22:11:22.163978,2025-04-15 22:11:40.777679,0 days 00:00:18.613701,0.4509616622947629,0.1985596375335557,16,0.02790648585578933,0.27494981553093084,0.0653794201195844,0.00858021304837794,0.06046449517421975,0.05483817555286944,0.002204968575390121,16,32,0.05372081808220319,0.17366722524831524,True,False,True,0.00032050671263992897,COMPLETE
525,0.3119176208972931,2025-04-15 22:11:40.953195,2025-04-15 22:11:58.779752,0 days 00:00:17.826557,0.34191675559163476,0.7589810248158966,16,0.0128067422067292,0.16513234143941835,0.06048698649724818,0.002779816732218211,0.09652506695352729,0.049396130448294,0.0025960431408386902,13,39,0.05844933385782458,0.14946539009360374,True,False,True,0.00016062084323329492,COMPLETE
526,0.41033506393432617,2025-04-15 22:11:58.945108,2025-04-15 22:12:18.201285,0 days 00:00:19.256177,0.4002623089418045,0.2905884794077757,16,0.0318767546758267,0.25772596227036004,0.06292623282252212,0.0062127324991554655,0.06374340411421676,0.059991403190104625,0.0017223282863622405,15,46,0.06169147340882423,0.09702053931038004,True,False,True,0.00022974336370228747,COMPLETE
527,0.32345501184463504,2025-04-15 22:12:18.364894,2025-04-15 22:12:35.977209,0 days 00:00:17.612315,0.4201261662088899,0.7433005097375796,16,0.02166292251944621,0.2834175545632579,0.05289606111209339,0.0010836404225818292,0.09989866553079263,0.0565688760368272,0.0032976565155783642,14,53,0.05616495653973616,0.18306156063844167,False,False,True,0.0004370476303840179,COMPLETE
528,0.3384701490402222,2025-04-15 22:12:36.152223,2025-04-15 22:13:35.130538,0 days 00:00:58.978315,0.3611893104672749,0.7156436847248451,2,0.04686644680127551,0.27087871140394026,0.0999993511952571,0.015287154897492595,0.09448663114444081,0.052594693808898474,0.004773234816446484,16,36,0.05095300769632247,0.16340844735385604,True,False,True,0.0007243943068342373,COMPLETE
529,0.3881360411643982,2025-04-15 22:13:35.296456,2025-04-15 22:13:55.101035,0 days 00:00:19.804579,0.43859284425554906,0.7799663789276496,16,0.038915791027622444,0.26349829031991817,0.06813547135667153,0.00982928410792293,0.09036035735907447,0.05814170501595236,0.0038108421297739442,17,44,0.0534611156425951,0.15720147047297015,True,False,True,0.0005979452002479154,COMPLETE
530,0.2789830327033997,2025-04-15 22:13:55.278077,2025-04-15 22:14:17.975944,0 days 00:00:22.697867,0.38826118117856856,0.7291938499374857,16,0.02716542680661973,0.2902050102365898,0.058795444070591285,0.004367618314321197,0.08729611809247655,0.04716755559013539,0.0020844559473795505,18,49,0.04868680259395111,0.16843639869910168,True,False,False,0.00033262954796306113,COMPLETE
531,0.2993643879890442,2025-04-15 22:14:18.141326,2025-04-15 22:14:33.521353,0 days 00:00:15.380027,0.49497726304976175,0.21938035980968748,16,0.01784792297762577,0.27857151254654683,0.05005744681154223,0.007716175715856302,0.09315623023157284,0.05544238549840237,0.0002298290071939177,7,39,0.05559350034742607,0.17730358688149922,True,False,True,0.0004593593483518863,COMPLETE
532,0.3202107310295105,2025-04-15 22:14:33.702161,2025-04-15 22:14:52.498721,0 days 00:00:18.796560,0.32294960378752696,0.7573228623012263,16,0.03380021512406285,0.2996551725561762,0.08813386789057752,0.005783967707552596,0.09819993037313035,0.050142036507192976,0.0009350737637589244,15,41,0.059953969447377,0.1716274818914301,True,False,True,0.0002433130253922174,COMPLETE
533,0.4081492900848389,2025-04-15 22:14:52.664608,2025-04-15 22:15:10.297993,0 days 00:00:17.633385,0.40367947353224043,0.16335374822839363,16,0.026897014030426006,0.26969311730516116,0.061541112301576925,0.011212646771000588,0.0905220003336513,0.061098642215269394,0.0007197598626777832,14,22,0.057446093612727095,0.14170041081203072,True,False,True,0.0003731955407387022,COMPLETE
534,0.39329143762588503,2025-04-15 22:15:10.464680,2025-04-15 22:15:29.782407,0 days 00:00:19.317727,0.9868756520663893,0.3677440856430221,16,0.04266519829434244,0.28525331096191686,0.0643147596119106,0.003355716820843439,0.09522706620029972,0.0535174769224378,0.002773398999290657,15,47,0.051740019803613695,0.061684052372154005,True,True,True,1.165769758523324e-06,COMPLETE
535,0.24101057052612304,2025-04-15 22:15:29.960690,2025-04-15 22:15:49.010949,0 days 00:00:19.050259,0.37068988528932134,0.0802121618530206,16,0.10337603765508586,0.292083886797431,0.05544410919624531,0.008016351488600606,0.08561882093476227,0.01980871193864288,0.02835455405533738,16,34,0.04963489212188017,0.1630826546471454,True,False,True,0.0006795463350485057,COMPLETE
536,0.2844217360019684,2025-04-15 22:15:49.177702,2025-04-15 22:16:08.671152,0 days 00:00:19.493450,0.4208594574224537,0.69298183044132,16,0.021876436905796937,0.2543822616523209,0.06019066486580992,0.01283625343845454,0.08823655774996535,0.05959815416592184,0.0012569419933114432,15,51,0.05497359115648645,0.18606889489839126,True,False,True,0.0005082741717205063,COMPLETE
537,0.40756862163543706,2025-04-15 22:16:08.849975,2025-04-15 22:16:29.435675,0 days 00:00:20.585700,0.4616451423057766,0.8003301909649321,16,0.031187752708694217,0.1274177548324398,0.06674528484305602,0.0615863840509579,0.09208171400052274,0.05686942237943162,8.916787447036497e-05,17,58,0.05306050426095772,0.1186928776613116,True,False,True,0.0001909198159931092,COMPLETE
538,0.3816732168197632,2025-04-15 22:16:29.603280,2025-04-15 22:16:47.797535,0 days 00:00:18.194255,0.35232006132718363,0.7725943494941612,16,0.03714400730625465,0.2756115586368968,0.027588987699750486,0.005117518319259145,0.08964971323322524,0.05468566175991434,0.0023933094340797853,13,43,0.05718046892495477,0.1558549266061035,True,False,True,0.00031017572679002545,COMPLETE
539,0.28409014344215394,2025-04-15 22:16:47.964978,2025-04-15 22:17:07.167106,0 days 00:00:19.202128,0.3821536944774954,0.7475167223079537,16,0.012907315412575535,0.18523925070134772,0.05793991893080717,0.006898045036378438,0.08444564515260256,0.007107524719236008,0.0017011241273542652,16,37,0.06363964715614148,0.1759369881497814,True,False,True,0.0004130724426971426,COMPLETE
540,0.40887668132781985,2025-04-15 22:17:07.346082,2025-04-15 22:17:25.981656,0 days 00:00:18.635574,0.40993905094778055,0.712063175746301,16,0.026533821183295378,0.26081303882334045,0.09561337536158473,0.00999991733170293,0.052121027399888026,0.05171881412325413,0.0029617415228951616,14,45,0.05519568771216729,0.14923005792211466,True,False,True,0.000564357248090461,COMPLETE
541,0.3483621716499329,2025-04-15 22:17:26.151669,2025-04-15 22:17:44.405661,0 days 00:00:18.253992,0.4441470410827776,0.6755599975457132,16,0.053114933496022775,0.2814690679269325,0.06282497703198375,0.0028732705068062886,0.09692589992675127,0.06300128123820159,0.001979427461705857,12,54,0.04707771029971863,0.1968755651560673,True,False,True,0.00027792369539851597,COMPLETE
542,0.41669510602951054,2025-04-15 22:17:44.584929,2025-04-15 22:18:08.474781,0 days 00:00:23.889852,0.3969912731784653,0.17834480629859437,8,0.03283157760370021,0.26539441623762067,0.054149856759546255,0.004224391298805089,0.09283787658101623,0.05814077074715903,0.0014467180383760433,15,49,0.051863407640832346,0.1660249042505554,True,False,True,0.0006975749115382369,COMPLETE
543,0.37687149047851565,2025-04-15 22:18:08.645213,2025-04-15 22:18:32.534545,0 days 00:00:23.889332,0.36882139595572316,0.1860284375935762,8,0.021376494774227477,0.2646620029580027,0.09245011610467754,0.00362229247416726,0.09429617011591626,0.05900088249410813,0.0013411033533780455,15,50,0.0592118747443637,0.16139692790367993,True,False,True,0.000771883325204027,COMPLETE
544,0.4126513123512269,2025-04-15 22:18:32.717342,2025-04-15 22:18:56.946233,0 days 00:00:24.228891,0.28668099979991524,0.14301766381621794,8,0.03204685822397282,0.2556205041293355,0.057321327554843704,0.0023759166331408415,0.0466974759685073,0.06130192120709145,0.001463965327461982,15,55,0.053709717574373365,0.16719756187662616,True,False,True,0.0009668164658761488,COMPLETE
545,0.40322079658508303,2025-04-15 22:18:57.116075,2025-04-15 22:19:54.451872,0 days 00:00:57.335797,0.3030802981504924,0.12381356747947989,2,0.030608724607846083,0.25432662884795126,0.05642092864722411,0.00512086489992959,0.08112533210813443,0.06561463271076948,0.001057931373776469,15,56,0.05031180881920069,0.16413291839161986,True,False,True,0.0009067054064210398,COMPLETE
546,0.2795464634895325,2025-04-15 22:19:54.623353,2025-04-15 22:20:18.817391,0 days 00:00:24.194038,0.3256709668583121,0.14595554712962655,8,0.016382934063649768,0.2528539473228695,0.05428535829543143,0.005982018598832813,0.04597096158257134,0.06197224892917201,0.0012780118000991372,16,63,0.05272677820383471,0.15622204124461964,False,False,True,0.0009942429045063199,COMPLETE
547,0.2779947578907013,2025-04-15 22:20:19.000988,2025-04-15 22:20:43.490293,0 days 00:00:24.489305,0.26633211472693885,0.09350414737613956,8,0.006517195973860607,0.26052888444455213,0.057823446985841236,0.0048852314750885304,0.04399414017116932,0.06080911158608663,0.0014494714071720176,15,59,0.04877061010505238,0.1685349141186939,True,False,True,0.0008573998464116139,COMPLETE
548,0.30973642468452456,2025-04-15 22:20:43.661773,2025-04-15 22:21:08.860249,0 days 00:00:25.198476,0.2564667922216924,0.1635519950097099,8,0.023165256803727212,0.24401852341146402,0.022426759711796515,0.002731342286423283,0.0440739882697694,0.06405536301176465,0.0011205729179232984,16,55,0.05142105022436112,0.15951941225586144,True,False,True,0.0007883013183661954,COMPLETE
549,0.3683927059173584,2025-04-15 22:21:09.042853,2025-04-15 22:21:36.491318,0 days 00:00:27.448465,0.3444210856056759,0.14835556120920743,8,0.0398420841750338,0.2554010800793451,0.056566881938772434,0.00719825687774811,0.0871131471074549,0.06257434413170336,0.0013619671779019967,19,59,0.05404065522033552,0.16441363383086163,True,False,True,0.0006893216997167783,COMPLETE
550,0.2882259368896485,2025-04-15 22:21:36.664912,2025-04-15 22:22:03.993471,0 days 00:00:27.328559,0.28731801747970004,0.17470535898952608,8,0.033699094434303106,0.2599596056328528,0.05979161141297229,0.003836042816138524,0.04162442658947943,0.059688181354778,0.001600467892131748,15,54,0.053594030622682406,0.15144357524141477,True,False,False,0.0008122239782780385,COMPLETE
551,0.29394941926002505,2025-04-15 22:22:04.176756,2025-04-15 22:22:28.428275,0 days 00:00:24.251519,0.31827015607311726,0.20389520232711314,8,0.026931790630245825,0.26615055618757916,0.054542840372810396,0.05030712330929065,0.0451748236130549,0.06117170896959609,0.0017067790548817576,16,39,0.049989629730144126,0.24792054243926978,True,False,True,0.0006573449706595551,COMPLETE
552,0.34675241708755494,2025-04-15 22:22:28.600335,2025-04-15 22:22:55.207139,0 days 00:00:26.606804,0.2764100215592436,0.14049164192811908,8,0.045458918065759635,0.2966022030024317,0.05924402033294539,0.008099603059412111,0.04605855720139976,0.057794930963407744,0.0008547139112981515,17,70,0.05502767901429512,0.16798275772680252,True,False,True,0.000956427057091574,COMPLETE
553,0.1888286888599396,2025-04-15 22:22:55.391799,2025-04-15 22:23:20.408217,0 days 00:00:25.016418,0.3397428562380531,0.1981353965170821,8,0.03704525781429682,0.2887383706667874,0.061216288553103224,0.006077746903953402,0.0911303233159652,0.059390312639772104,0.0014865553266630535,16,53,0.052042077890624316,0.1445565567707828,True,True,True,4.4041265518373185e-06,COMPLETE
554,0.31202515959739685,2025-04-15 22:23:20.581350,2025-04-15 22:23:44.887045,0 days 00:00:24.305695,0.29335242669464406,0.17720022091803625,8,0.024190452582668703,0.2488064144604123,0.05637807252239619,0.0027903650321649304,0.04682622675705267,0.06221065314995809,0.001796719588493497,15,57,0.046257802537764056,0.15921806378214576,True,False,True,0.0006348072123926038,COMPLETE
555,0.3261002004146576,2025-04-15 22:23:45.059928,2025-04-15 22:24:04.378791,0 days 00:00:19.318863,0.3869096064381364,0.1310209666999979,8,0.017231707740858873,0.2997448484682017,0.05788279120956982,0.004189325056671421,0.08877515777420139,0.05773794875133074,0.0011734794642969909,8,66,0.056212430507813674,0.1708325592061611,True,False,True,0.0005611863067198913,COMPLETE
556,0.405163311958313,2025-04-15 22:24:04.562495,2025-04-15 22:24:28.964882,0 days 00:00:24.402387,0.2844898210373268,0.11945520110303165,8,0.029494069234156022,0.2573695888763148,0.06425087494016056,0.006972931744678516,0.04963251581408551,0.06003878800577781,0.001531569621785406,16,33,0.05300178812533967,0.15639946426613477,True,False,True,0.0005003474475462335,COMPLETE
557,0.3826013207435608,2025-04-15 22:24:29.138811,2025-04-15 22:24:53.545958,0 days 00:00:24.407147,0.24074412857763317,0.15589032544309123,8,0.032433855409420426,0.2645110763704961,0.06141266512546992,0.0010912537311277542,0.08464599590897427,0.06783091086626412,0.001948861529434673,15,51,0.050847166901346344,0.16608975356606798,True,False,True,0.0006832112944380328,COMPLETE
558,0.3845637083053589,2025-04-15 22:24:53.730748,2025-04-15 22:25:17.669082,0 days 00:00:23.938334,0.356260919720256,0.17533042831439222,8,0.04257740594533937,0.26985865705958806,0.05400281092399994,0.009122382562526447,0.04866365302791825,0.06426721676265731,0.0015982196080987071,15,41,0.05468450135884615,0.15139963362765885,True,False,True,0.0009958291238124234,COMPLETE
559,0.28008886575698855,2025-04-15 22:25:17.843609,2025-04-15 22:25:42.959142,0 days 00:00:25.115533,0.37303968120737124,0.11154254063539876,8,0.020615060358696747,0.29286897071077345,0.0430977853521484,0.0048711747523347846,0.04817473604405525,0.05690191711671567,0.015024315981251141,17,36,0.048020690344428046,0.2373708339739127,True,False,True,0.0004431946448976917,COMPLETE
560,0.15757634639739992,2025-04-15 22:25:43.147959,2025-04-15 22:26:07.890735,0 days 00:00:24.742776,0.3990396490743132,0.2379665435397987,8,0.15930835723255263,0.2858199950434123,0.05965744344824397,0.0068593388895581715,0.09252133095809295,0.05839528952608589,0.01853476427012797,16,48,0.05647700063236547,0.17258624784260018,True,False,True,0.000511173401643106,COMPLETE
561,0.3486520528793335,2025-04-15 22:26:08.066582,2025-04-15 22:26:32.250638,0 days 00:00:24.184056,0.3015248126362531,0.2200243149202738,8,0.03602836629931738,0.27326782695409624,0.0661149055524802,0.0027044972796068135,0.0860913156760684,0.05565446895999157,0.002021800019500738,16,31,0.052417573833665375,0.1327579905230271,True,False,True,0.000740287432281751,COMPLETE
562,0.3180071711540222,2025-04-15 22:26:32.427430,2025-04-15 22:26:56.625165,0 days 00:00:24.197735,0.3847722625007674,0.18687039037747274,8,0.025797125251384063,0.2813393367987192,0.06277310688113623,0.0010601231678601802,0.04070398767169218,0.061164840926311415,0.00011389284044145479,15,52,0.04967519540118456,0.1618494269816771,True,False,True,0.00039971692836820717,COMPLETE
563,0.3948200702667236,2025-04-15 22:26:56.812892,2025-04-15 22:27:20.856512,0 days 00:00:24.043620,0.41485845846591757,0.15982387019477975,8,0.02998980902195926,0.2627366927671441,0.05739524662479228,0.008520821945970017,0.09001380782960336,0.05868969745179035,0.0010954830728813626,15,42,0.08195847118108684,0.16671578953578275,True,False,True,0.0006277012547109523,COMPLETE
564,0.29539401531219484,2025-04-15 22:27:21.031356,2025-04-15 22:27:45.974175,0 days 00:00:24.942819,0.36235242677164053,0.13797693218043017,8,0.012577589695511284,0.2929937161240123,0.07642274602065152,0.005083845963502371,0.09303959774830074,0.05467638225827036,0.011794261694016362,17,38,0.053982760017100125,0.17828342945301348,True,False,True,0.0003868437965180777,COMPLETE
565,0.36321027278900153,2025-04-15 22:27:46.165121,2025-04-15 22:28:10.828720,0 days 00:00:24.663599,0.317160527770627,0.5172468949445419,8,0.03857638324556072,0.24932491507653248,0.05219986823339782,0.009061009077847328,0.08783261424106573,0.06273339210861623,0.0013613676974153432,16,47,0.05695525476795107,0.15972067925824224,True,False,True,0.0007902707181539222,COMPLETE
566,0.3150457561016083,2025-04-15 22:28:11.006028,2025-04-15 22:28:29.872661,0 days 00:00:18.866633,0.3882264295432676,0.213234298202836,16,0.02097518971171222,0.2682005141002913,0.0607103841674192,0.004140368786305587,0.08272390411720232,0.05687591218663272,0.0020949035305674888,18,35,0.051485703768427316,0.1531693970400921,False,False,True,0.0005069438004796773,COMPLETE
567,0.3207222819328308,2025-04-15 22:28:30.061628,2025-04-15 22:28:52.298205,0 days 00:00:22.236577,0.33913926972667796,0.18341420035744121,16,0.05112063917746992,0.2779494382245664,0.05538744449962375,0.006402950341376935,0.038260011632635316,0.06004891846891615,4.59227550115506e-05,15,90,0.055098021039811734,0.17128784918215273,True,False,True,0.00032845796336417076,COMPLETE
568,0.38621120452880864,2025-04-15 22:28:52.474711,2025-04-15 22:29:11.670489,0 days 00:00:19.195778,0.4210194731432981,0.2541406162669322,16,0.031322601099924685,0.2874550316648556,0.06449101020083234,0.010143552545063717,0.05122028435966191,0.053685051690623126,0.00044636709108228,16,44,0.053224322750313004,0.14749101500967135,True,False,True,1.4294989169994093e-05,COMPLETE
