number,value,datetime_start,datetime_complete,duration,params_alpha-eval,params_alpha-train,params_batch-size,params_eps-eval,params_eps-train,params_lambda-actions-eval,params_lambda-actions-train,params_lambda-frames-eval,params_lambda-frames-train,params_learning-rate,params_n-epochs,params_n-frames,params_radius-gw,params_rho,params_std-feats,params_ub-actions,params_ub-frames,params_weight-decay,state
398,0.3597643613815308,2025-04-14 01:09:27.195354,2025-04-14 01:09:54.638151,0 days 00:00:27.442797,0.8339907126174547,0.3625321012915844,8,0.027649752297835454,0.04923802088167846,0.0857669871372111,0.0717278742390196,0.02806522549316151,0.07109485081130702,0.0011023761017555727,20,31,0.085053187212538,0.1569784575802495,True,True,True,1.00642784592038e-06,COMPLETE
399,0.42641781568527226,2025-04-14 01:09:54.774874,2025-04-14 01:10:22.272361,0 days 00:00:27.497487,0.8993015685323137,0.39219453694784456,8,0.038917004975363004,0.04527329260629098,0.08448660269834127,0.07525697675930665,0.027024151382574496,0.06923511976668029,0.0008827566078695162,20,31,0.08653530080128108,0.1626602958388339,True,True,True,2.942565077901358e-06,COMPLETE
400,0.42328619956970215,2025-04-14 01:10:22.397652,2025-04-14 01:10:49.071309,0 days 00:00:26.673657,0.9061761175350367,0.3855552343655661,8,0.03788719706339698,0.047619734208467906,0.0843484562299481,0.0756919288758681,0.025473710270858062,0.08593204949192948,0.0008504499198960033,19,31,0.08270729216362314,0.16139978357277313,True,True,True,3.019520669686474e-06,COMPLETE
401,0.42781727313995366,2025-04-14 01:10:49.196344,2025-04-14 01:11:15.697301,0 days 00:00:26.500957,0.9146569493248946,0.3447728297637061,8,0.034777387377401915,0.04940147720605803,0.08294282229890013,0.07689525068976658,0.023155093203566266,0.06855969280826396,0.0012626068251240265,19,31,0.08296316724991828,0.15383839668760715,True,True,True,3.429202926964222e-06,COMPLETE
402,0.3254948854446411,2025-04-14 01:11:15.833513,2025-04-14 01:11:42.259532,0 days 00:00:26.426019,0.3190571350950385,0.34604523363620554,8,0.026895203000372563,0.053412961938437045,0.08209882375667095,0.07736769943686185,0.022561350564293432,0.08504802372962843,0.0012848351597464875,19,31,0.08159295888781887,0.15752631558182173,True,True,True,4.940565383841432e-06,COMPLETE
403,0.43178747892379765,2025-04-14 01:11:42.387306,2025-04-14 01:12:09.745622,0 days 00:00:27.358316,0.9081229698324543,0.3360415287636176,8,0.03202508885595877,0.049046011579369816,0.08391006298650384,0.07754667317003336,0.02379616208683263,0.0884419577973679,0.0009394928690570596,20,31,0.08353042689373753,0.15355067497402813,True,True,True,2.822907407484374e-06,COMPLETE
404,0.42207663059234624,2025-04-14 01:12:09.872181,2025-04-14 01:12:36.389621,0 days 00:00:26.517440,0.9103750655758482,0.33602756160864494,8,0.023233303012961823,0.05819192856251227,0.08482622818122817,0.07774896042969691,0.020863568657462618,0.08852061100686699,0.000942798832395174,19,31,0.0793891846069212,0.15362171449090498,True,True,True,2.88874821916365e-06,COMPLETE
405,0.4090555429458619,2025-04-14 01:12:36.515243,2025-04-14 01:13:01.985800,0 days 00:00:25.470557,0.9127812077789067,0.33364874585520826,8,0.018461634334154493,0.05718979308915405,0.08434515398514882,0.07904087081258801,0.021356365130492834,0.08697111684734973,0.0011020292789401672,18,30,0.07958419527362426,0.16031100799515893,True,True,True,2.8217104249702027e-06,COMPLETE
406,0.431584894657135,2025-04-14 01:13:02.122339,2025-04-14 01:13:28.783697,0 days 00:00:26.661358,0.9060266940643764,0.35968670835905725,8,0.033166794479390124,0.048891094207718734,0.08317676443968756,0.07837736643207706,0.02344222760808747,0.08799083312801645,0.0009408291668405217,19,31,0.0835088458965195,0.1542363595139643,True,True,True,3.715941041900581e-06,COMPLETE
407,0.42606006860733037,2025-04-14 01:13:28.911726,2025-04-14 01:13:55.007505,0 days 00:00:26.095779,0.9031906117253293,0.3621829752520745,8,0.03322545117276273,0.05057645091915115,0.08294555277245673,0.0784866076974196,0.023390947219463526,0.08813566419726301,0.0008793899028977139,19,30,0.08330143601008999,0.1542654924482448,True,True,True,3.550962078476963e-06,COMPLETE
408,0.4266619443893433,2025-04-14 01:13:55.135480,2025-04-14 01:14:21.360124,0 days 00:00:26.224644,0.905903874697953,0.3640982123932793,8,0.03066610307440052,0.05095496561867871,0.08237526457135089,0.07956183889931534,0.02330212746783331,0.08605684561307538,0.000896930900638827,19,30,0.0823104776207384,0.1556263025344477,True,True,True,3.821243871731281e-06,COMPLETE
409,0.42678165435791016,2025-04-14 01:14:21.499079,2025-04-14 01:14:47.780634,0 days 00:00:26.281555,0.9072714216041774,0.3624623209985437,8,0.028883514193267644,0.052644355233735896,0.08385999977747821,0.07991206894351992,0.023910599302653088,0.09246407695377269,0.0009262120501552704,19,30,0.08360619873704153,0.15333166326584374,True,True,True,3.794652045197218e-06,COMPLETE
410,0.4237931609153748,2025-04-14 01:14:47.908604,2025-04-14 01:15:14.423246,0 days 00:00:26.514642,0.9241313173503642,0.3632385079283836,8,0.029998595797423554,0.051544457585343366,0.08400803286336547,0.08027956118651229,0.02319709983159172,0.09164263101128794,0.0012670063757020593,19,30,0.08332050212976867,0.15464935537320432,True,True,True,3.7450218205712078e-06,COMPLETE
411,0.42263457775115965,2025-04-14 01:15:14.552690,2025-04-14 01:15:40.390906,0 days 00:00:25.838216,0.9231384218900116,0.35530732820392585,8,0.029108276739456103,0.052426672603546755,0.08002483588046364,0.07998521997429896,0.02326598287696353,0.09344421281941043,0.0013291485673129965,18,30,0.084377330599028,0.1557587970123961,True,True,True,3.8151865831169884e-06,COMPLETE
412,0.41946187019348147,2025-04-14 01:15:40.529512,2025-04-14 01:16:06.916423,0 days 00:00:26.386911,0.9259438138899585,0.35902373590854453,8,0.017296651751155887,0.059225437187613694,0.082529877361605,0.07916742392565815,0.022649812706279734,0.08902050316485159,0.0010823206307069677,19,30,0.08298488348901238,0.15315863428428625,True,True,True,4.2139114917541065e-06,COMPLETE
413,0.4252619743347168,2025-04-14 01:16:07.045716,2025-04-14 01:16:32.966248,0 days 00:00:25.920532,0.9480274495715217,0.342370123036648,8,0.022143786837341122,0.05206741578014205,0.08084588489764676,0.08016414208635526,0.02071220710996357,0.09061582234955383,0.001371326631904047,18,29,0.0845440720421148,0.15290064828645547,True,True,True,6.061465914922362e-06,COMPLETE
414,0.4200724005699158,2025-04-14 01:16:33.095077,2025-04-14 01:16:58.998357,0 days 00:00:25.903280,0.9559603306434492,0.3518970420378722,8,0.012959689149278291,0.050644304351438435,0.07725638225663475,0.08075382828833276,0.004582878375990468,0.09205984847311317,0.0013947877199580526,18,30,0.08136968279724001,0.15058506395796664,True,True,True,3.998629708805873e-06,COMPLETE
415,0.1888286888599396,2025-04-14 01:16:59.142196,2025-04-14 01:17:26.744366,0 days 00:00:27.602170,0.9111031438685107,0.3634908961015543,8,0.01875356812907541,0.06227899638157543,0.08170492476757263,0.08052291270705855,0.02358878723284755,0.08712276260531304,0.0375097489224362,20,64,0.08653265176744104,0.15163423142316426,True,True,False,6.233440449833888e-06,COMPLETE
416,0.3113673090934754,2025-04-14 01:17:26.873960,2025-04-14 01:17:52.579457,0 days 00:00:25.705497,0.903386715822784,0.33561347480912196,8,0.021822157105628525,0.05170676733547336,0.07908832358782507,0.07888989840729982,0.020868552903438944,0.096716573737653,0.0011967157021221056,19,29,0.08503110010291255,0.15540277025170804,False,True,True,3.538987144727054e-06,COMPLETE
417,0.43242043256759644,2025-04-14 01:17:52.710373,2025-04-14 01:18:18.616750,0 days 00:00:25.906377,0.9283901949939607,0.3667362682683436,8,0.026823448761947317,0.056194728551086565,0.08304461940995028,0.07840390020502024,0.022594620527651384,0.09165590388114446,0.001519509948810332,18,31,0.0827340732566905,0.15350236894553765,True,True,True,5.685367414226153e-06,COMPLETE
418,0.4307820558547974,2025-04-14 01:18:18.759187,2025-04-14 01:18:44.590210,0 days 00:00:25.831023,0.9488757285968805,0.3678770243771293,8,0.012238313454057806,0.05608570371626145,0.08208332817842268,0.08011970197034139,0.023293297207451612,0.09172943878697513,0.0020267880257543555,18,30,0.0830206607150939,0.15456321590932473,True,True,True,5.860293119621293e-06,COMPLETE
419,0.4399866580963135,2025-04-14 01:18:44.722483,2025-04-14 01:19:10.416480,0 days 00:00:25.693997,0.9673070460390113,0.37477905032203407,8,0.015358574678958377,0.05986231011973146,0.08325741078425783,0.07898944604159339,0.02386432719979467,0.09073023564119705,0.0020168197833940085,18,32,0.08097504695438558,0.15541425282444005,True,True,True,5.295649605852511e-06,COMPLETE
420,0.43950648307800294,2025-04-14 01:19:10.547759,2025-04-14 01:19:35.481148,0 days 00:00:24.933389,0.9862023052510372,0.3398905726033857,8,0.009002198585602854,0.056638420585915734,0.0809521636819889,0.0788444531348913,0.022205943484886654,0.0907242586465197,0.0018427667377711441,17,31,0.08110488439911956,0.14723275467081437,True,True,True,6.41186113022491e-06,COMPLETE
421,0.38418092727661135,2025-04-14 01:19:35.625742,2025-04-14 01:20:01.362104,0 days 00:00:25.736362,0.9588894066384311,0.37087758729715953,8,0.0016592088038655355,0.06426837078103968,0.07351308665266841,0.07857817683157915,0.02281383311564175,0.09004641448053856,0.0019756140246716633,18,32,0.07951412733712326,0.1473938551509645,True,True,True,6.7116009849445514e-06,COMPLETE
422,0.43439755439758304,2025-04-14 01:20:01.492104,2025-04-14 01:20:25.813470,0 days 00:00:24.321366,0.9960971377044663,0.3510580304558412,8,0.004916264827529644,0.05820123659181095,0.08284300387024156,0.07795600176083645,0.02390066940067946,0.09465995876947743,0.0017567644095885751,16,31,0.08110770671612344,0.145249260765081,True,True,True,5.57272256824796e-06,COMPLETE
423,0.4410241484642029,2025-04-14 01:20:25.945440,2025-04-14 01:20:50.339509,0 days 00:00:24.394069,0.9913872423179015,0.32480909077553294,8,0.004964420598478931,0.07035227549168067,0.07794777504782098,0.07815917592695579,0.022073947502156507,0.0944129370275346,0.0019396596222255626,16,31,0.08095482157394925,0.14888311916914226,True,True,True,5.1737597882580636e-06,COMPLETE
424,0.4290522575378418,2025-04-14 01:20:50.485765,2025-04-14 01:21:14.599230,0 days 00:00:24.113465,0.9748783336588541,0.32744144071474224,8,0.007122452364185294,0.06156912364421874,0.0782401198869105,0.08130458172529235,0.021757427718571837,0.09521397568507117,0.0017645629524351795,16,29,0.08089776312988874,0.14495727969280503,True,True,True,5.395807483451075e-06,COMPLETE
425,0.44276705980300907,2025-04-14 01:21:14.733310,2025-04-14 01:21:39.159999,0 days 00:00:24.426689,0.9986385218912756,0.31675336305776475,8,0.00867062878861097,0.07020190886194864,0.07818473125490003,0.08154311511642658,0.09949603716003559,0.09432669287796214,0.0028986411715251226,16,31,0.08120993639991718,0.14418464541244108,True,True,True,5.505324055237251e-06,COMPLETE
426,0.431336522102356,2025-04-14 01:21:39.292940,2025-04-14 01:22:03.604414,0 days 00:00:24.311474,0.9972535910584922,0.32242400717612535,8,0.006817444230801684,0.0676895200669431,0.07736427326597452,0.08085638535453855,0.020116259514126312,0.09444099174946802,0.0028527483982889426,16,28,0.08071453883492392,0.14501778845571925,True,True,True,6.242445093104304e-06,COMPLETE
427,0.44209921360015875,2025-04-14 01:22:03.739198,2025-04-14 01:22:28.156291,0 days 00:00:24.417093,0.9933513729337871,0.3280226574440502,8,0.0009606549004530403,0.0728560573802667,0.07741446942110423,0.08209610286637439,0.0970788422447983,0.09423384776915168,0.002962902565044718,16,28,0.08109243474786261,0.1444333179685206,True,True,True,7.270303520310726e-06,COMPLETE
428,0.4454875588417054,2025-04-14 01:22:28.299936,2025-04-14 01:22:52.860533,0 days 00:00:24.560597,0.9986999825021533,0.3299758168937217,8,0.007284532502876394,0.07122734259549353,0.07663721488854935,0.08158578431708717,0.09810782704280165,0.09769767937975107,0.003224583883340818,16,28,0.08073614139647081,0.14375357861716162,True,True,True,7.4582826357102575e-06,COMPLETE
429,0.4391348242759705,2025-04-14 01:22:52.996427,2025-04-14 01:23:17.020713,0 days 00:00:24.024286,0.9995724229429327,0.33498256873043863,8,0.00437867011577019,0.072765477246339,0.07769289616651437,0.08186179821734976,0.09969242224239816,0.0983435078110563,0.003517965643367605,16,28,0.08108684609900443,0.1392148437895507,True,True,True,8.324760427760401e-06,COMPLETE
430,0.43188962936401365,2025-04-14 01:23:17.155752,2025-04-14 01:23:41.262779,0 days 00:00:24.107027,0.9979076982810543,0.3249205726682843,8,0.004719503713932538,0.07454676253316433,0.07733503254737728,0.08203093861771445,0.09698467874621722,0.0981625370880768,0.003259774529768714,16,28,0.07860815315933761,0.13392999970226274,True,True,True,6.646566284159795e-06,COMPLETE
431,0.4440861105918885,2025-04-14 01:23:41.406362,2025-04-14 01:24:05.521091,0 days 00:00:24.114729,0.9956356161471763,0.3216916956496489,8,0.0005261421760026537,0.0721361479091962,0.07758857072198773,0.0834451316590526,0.09700426916539678,0.09470400171258954,0.00371670370378463,16,28,0.08094530330258587,0.12539265937444002,True,True,True,7.453487750715869e-06,COMPLETE
432,0.3991930007934571,2025-04-14 01:24:05.655851,2025-04-14 01:24:29.807635,0 days 00:00:24.151784,0.987735861606417,0.31966833897200503,8,0.005120724515624648,0.0807131651045084,0.07786970563036812,0.08232022822886301,0.09716585033221894,0.09840098788513849,0.003982330546761128,16,27,0.08042085215834385,0.12409262940993862,True,True,True,6.984473405030321e-06,COMPLETE
433,0.4404300570487977,2025-04-14 01:24:29.942347,2025-04-14 01:24:53.488809,0 days 00:00:23.546462,0.9957345926851943,0.3260939332018945,8,0.0034025821739330758,0.07167964810047937,0.0753011358062443,0.08222300103379077,0.09991778929046825,0.09598271672978105,0.003221517383792392,15,28,0.07920976260702085,0.11393133247977591,True,True,True,9.213456221578322e-06,COMPLETE
434,0.43633475303649905,2025-04-14 01:24:53.634094,2025-04-14 01:25:17.103673,0 days 00:00:23.469579,0.9979279092958231,0.31995948112139255,8,0.0005419696144682851,0.07374085360238271,0.07590534462457692,0.08296592821173483,0.096770881189055,0.09547575753533039,0.003152431259896812,15,28,0.07784804024371883,0.10551749406464277,True,True,True,7.723824043490525e-06,COMPLETE
435,0.35657905340194707,2025-04-14 01:25:17.240355,2025-04-14 01:25:44.072593,0 days 00:00:26.832238,0.9945815769363803,0.31349625286475125,8,0.00028351781090733136,0.07103958623619519,0.07508651565149219,0.08401002481236011,0.09944508078234615,0.09498919765524118,0.0030449544262432173,15,144,0.0785071000624844,0.11242106620812893,True,True,True,8.799900601506871e-06,COMPLETE
436,0.2969865918159485,2025-04-14 01:25:44.208988,2025-04-14 01:26:07.160870,0 days 00:00:22.951882,0.9939371017368499,0.31632134394130673,8,0.0072387492264886135,0.07562938583352694,0.07642809139558761,0.08184191230466521,0.09587952840693824,0.09840332087760385,0.00277821307831975,15,28,0.08073512540587684,0.1169621224868518,True,True,False,7.976225113753228e-06,COMPLETE
437,0.3738712668418884,2025-04-14 01:26:07.308214,2025-04-14 01:26:31.928147,0 days 00:00:24.619933,0.9970163641452667,0.3274021826699098,8,0.0007276199828163358,0.08791678613772914,0.07372640197589403,0.082911307874389,0.0946427990707656,0.09441717517720385,0.0033491368726949,17,28,0.07788168728012415,0.09199442264427757,False,True,True,5.862785474696617e-06,COMPLETE
438,0.4408252358436585,2025-04-14 01:26:32.065448,2025-04-14 01:26:56.103666,0 days 00:00:24.038218,0.9952240267927961,0.32633572077847883,8,0.007506000245812493,0.06821016039152923,0.07762748112476472,0.08215317321308127,0.0995685647161389,0.09702959418120966,0.0045437226838248475,16,28,0.08042444114444557,0.10630721888376128,True,True,True,8.175957538922455e-06,COMPLETE
439,0.4381644487380981,2025-04-14 01:26:56.241936,2025-04-14 01:27:21.014835,0 days 00:00:24.772899,0.9952764964871491,0.3214919003535939,8,0.008966481555816688,0.07044039172386805,0.07275511874674181,0.08313580705535073,0.09936220058617137,0.09707910210997417,0.004461821606508562,17,28,0.07900876871694365,0.09742264348603437,True,True,True,7.812989138550603e-06,COMPLETE
440,0.4258622646331787,2025-04-14 01:27:21.162058,2025-04-14 01:27:46.059572,0 days 00:00:24.897514,0.9980326356888248,0.3133751929212264,8,0.006493002861647706,0.06966392862538136,0.07146158255571373,0.08354833534069993,0.09952490128568765,0.09660455292266043,0.005735429149095732,17,28,0.07964264358939889,0.10364991736778592,True,True,True,8.789902765101316e-06,COMPLETE
441,0.443602466583252,2025-04-14 01:27:46.199474,2025-04-14 01:28:09.128263,0 days 00:00:22.928789,0.9993012011346155,0.31894994346760924,8,0.00922511033643074,0.07555289402360071,0.07643771594575759,0.08272615300316752,0.09476950676503021,0.09945712103574425,0.004667511405793164,14,27,0.07689231012226662,0.10137778306090589,True,True,True,7.612295408973642e-06,COMPLETE
442,0.43783328533172605,2025-04-14 01:28:09.266126,2025-04-14 01:28:31.872541,0 days 00:00:22.606415,0.9990491073826037,0.31756886678647717,8,0.00974902564427456,0.0756327941520034,0.07653652511280559,0.08419464964934306,0.09310460628205552,0.09942287259843256,0.004549930003232398,14,28,0.07816305064270278,0.10199690708665364,True,True,True,7.781550545809449e-06,COMPLETE
443,0.44332026243209843,2025-04-14 01:28:32.020188,2025-04-14 01:28:54.546733,0 days 00:00:22.526545,0.9953768147469523,0.3150199230290949,8,0.000810661790348572,0.07719273796039253,0.07677142524301273,0.08810183037697912,0.09402013626207327,0.09993290539108682,0.004466564053214948,14,27,0.0776065163224338,0.10072095609440473,True,True,True,7.5499839967236995e-06,COMPLETE
444,0.4210155963897705,2025-04-14 01:28:54.685020,2025-04-14 01:29:17.292448,0 days 00:00:22.607428,0.9996370074408748,0.30724079973037255,8,0.0016589041943231566,0.07624994412578798,0.0747966036491414,0.08840195295765842,0.09398695652958612,0.09907610683207231,0.004614256194282205,14,27,0.07733580116715028,0.10161999408062913,True,True,True,9.459499977848574e-06,COMPLETE
445,0.43401076793670657,2025-04-14 01:29:17.449182,2025-04-14 01:29:41.098218,0 days 00:00:23.649036,0.9806291359718472,0.3208690091681302,8,0.009148952258140662,0.08213675369018392,0.07266810944531198,0.08579109463618897,0.09742344903775486,0.09744206674471971,0.006218236198917177,15,27,0.07726380939926729,0.10725516374450063,True,True,True,7.478656083776542e-06,COMPLETE
446,0.38959472179412846,2025-04-14 01:29:41.237124,2025-04-14 01:30:04.688907,0 days 00:00:23.451783,0.9852716032066379,0.31843083705756187,8,0.00031011978116031545,0.09331561605096506,0.07622109987408987,0.08728973131172192,0.09701238061313448,0.09989620185260106,0.007208328442618217,15,27,0.0768873298820511,0.09724515728026023,True,True,True,7.87393183084988e-06,COMPLETE
447,0.44144438505172734,2025-04-14 01:30:04.829259,2025-04-14 01:30:27.563604,0 days 00:00:22.734345,0.9837283753675449,0.3062318496795742,8,0.009579715743354514,0.08474067736742556,0.07269785615631572,0.09063519139365435,0.0982928221035058,0.09733516523301934,0.00584574831795708,14,27,0.07826168664915391,0.10425760631924383,True,True,True,7.710832303139507e-06,COMPLETE
448,0.4318454027175903,2025-04-14 01:30:27.716467,2025-04-14 01:30:50.482229,0 days 00:00:22.765762,0.9808373388018947,0.30851525795951334,8,0.009738609545987048,0.08697275599831972,0.07249921030363148,0.09145240354296424,0.09842547043300084,0.09725970123761875,0.005822452320181012,14,27,0.07791067642518247,0.10006151644177289,True,True,True,7.5642305994030234e-06,COMPLETE
449,0.42307660579681394,2025-04-14 01:30:50.622248,2025-04-14 01:31:13.476929,0 days 00:00:22.854681,0.9793954684759196,0.302662618771554,8,0.010445167882134433,0.08706614562394113,0.06831869458082014,0.09092929510017414,0.09829312655977264,0.09755204979664481,0.005961461525982171,14,27,0.07775907951618723,0.10777772073002129,True,True,True,1.0183779784806444e-05,COMPLETE
450,0.44331957101821906,2025-04-14 01:31:13.618730,2025-04-14 01:31:35.522572,0 days 00:00:21.903842,0.9807839089740386,0.30879249634802647,8,0.008250978329101327,0.08259265474073264,0.07285521529488394,0.09163691134663811,0.09271648305213302,0.09667908400408336,0.004073362536194001,13,27,0.07869002299500294,0.09834932944730344,True,True,True,8.105054849207818e-06,COMPLETE
451,0.3136151432991028,2025-04-14 01:31:35.675965,2025-04-14 01:32:02.152006,0 days 00:00:26.476041,0.9990945756275349,0.3156973782441857,8,0.006084916679064594,0.08248370107373587,0.07374605778301899,0.08957294331727389,0.09246927597400575,0.0961744732615578,0.004011849975084141,15,128,0.07617745646037374,0.0854715883957315,True,True,True,7.67535420272627e-06,COMPLETE
452,0.4507964134216309,2025-04-14 01:32:02.292331,2025-04-14 01:32:26.511262,0 days 00:00:24.218931,0.9980126224628679,0.33007035205050883,8,0.011172797617937002,0.07511562362295561,0.07828219528470104,0.09320333272998423,0.08751002914402727,0.09988882860985568,0.004555737474517751,16,28,0.0788272870527447,0.10659087184040866,True,True,True,9.424314203566932e-06,COMPLETE
453,0.44192934036254883,2025-04-14 01:32:26.654107,2025-04-14 01:32:49.318189,0 days 00:00:22.664082,0.9774670739716613,0.2960541748520701,8,0.009824898844271847,0.0992135971764102,0.0794660558604886,0.09452576104887955,0.0937969600770733,0.0936988135104419,0.004637523116348519,14,26,0.076601776495422,0.10610495969723593,True,True,True,0.00022823320834714495,COMPLETE
454,0.43324923515319824,2025-04-14 01:32:49.472173,2025-04-14 01:33:12.231990,0 days 00:00:22.759817,0.9799732644624926,0.2956043380331682,8,0.010806172868532988,0.09897320536758515,0.079293810453114,0.09494183415075595,0.08810775259185022,0.09937399283800467,0.004332875181716743,14,26,0.0762639550165335,0.10951571465607533,True,True,True,0.00024162345997964492,COMPLETE
