number,value,datetime_start,datetime_complete,duration,params_alpha-eval,params_alpha-train,params_batch-size,params_eps-eval,params_eps-train,params_lambda-actions-eval,params_lambda-actions-train,params_lambda-frames-eval,params_lambda-frames-train,params_learning-rate,params_n-epochs,params_n-frames,params_radius-gw,params_rho,params_std-feats,params_ub-actions,params_ub-frames,params_weight-decay,state
170,0.3993679523468018,2025-04-15 20:14:53.345071,2025-04-15 20:15:12.205918,0 days 00:00:18.860847,0.36736496071013497,0.7885409988769513,16,0.029592085939867938,0.2597439354022181,0.04926224705058323,0.0030121212653647883,0.07483776948180938,0.041980608230926225,0.013037385482166335,15,42,0.046547984507491334,0.16774068327823957,True,False,True,0.00045952563272335127,COMPLETE
171,0.38937497138977056,2025-04-15 20:15:12.260395,2025-04-15 20:15:31.640274,0 days 00:00:19.379879,0.4081436431747667,0.8208841807097935,16,0.038529302315733,0.24747435386756703,0.05669457175988492,0.00691385443862555,0.0769004133984291,0.054490742634972965,3.083959628658728e-05,14,56,0.05224809580982175,0.1695199875860804,True,False,True,0.0006238114303748481,COMPLETE
172,0.40783231258392333,2025-04-15 20:15:31.704986,2025-04-15 20:15:52.414010,0 days 00:00:20.709024,0.42536822365544463,0.7538698884797289,16,0.03265914713050498,0.25401665597339196,0.05827714750844635,0.003355736132206232,0.07554699453752539,0.06645000503299844,2.4898385217294808e-05,17,53,0.05117812746574596,0.1579752320231221,True,False,True,0.0007436758662551328,COMPLETE
173,0.37993935346603397,2025-04-15 20:15:52.469887,2025-04-15 20:16:12.691553,0 days 00:00:20.221666,0.44068736254624236,0.735287023587949,16,0.02254706984652347,0.2549713452164435,0.05822970085647003,0.010053900540288103,0.07820895023088136,0.04526109824210873,2.8600803465093988e-05,17,52,0.050804789178825416,0.035101184499524485,True,False,True,0.0008145734728770133,COMPLETE
174,0.3674645900726319,2025-04-15 20:16:12.748500,2025-04-15 20:16:32.130140,0 days 00:00:19.381640,0.3896219186690004,0.7748453783503745,16,0.044943180987218445,0.25150162890460964,0.05384667731363904,0.004132278842928363,0.07402517073635927,0.06734891197815071,3.775271345665658e-05,16,45,0.04831997014481498,0.1591726369700487,True,False,True,0.0002982904866309222,COMPLETE
175,0.38981832265853883,2025-04-15 20:16:32.186813,2025-04-15 20:16:52.844195,0 days 00:00:20.657382,0.422493359851083,0.6760928204678429,16,0.029673617303237802,0.26072967318476525,0.04760043185929595,0.0024366942227737353,0.08105344260163198,0.06579064988255486,2.1337014102890574e-05,17,57,0.045137298161582164,0.1488566615561935,True,False,True,0.0005562551282585526,COMPLETE
176,0.31169160008430485,2025-04-15 20:16:52.899969,2025-04-15 20:17:13.567312,0 days 00:00:20.667343,0.35384906696720503,0.7538764386206165,16,0.015118296447503487,0.2387377009701876,0.05046355975106468,0.0011779193727562212,0.0705753020686361,0.050356460515642146,3.2263893521613835e-05,18,49,0.0543879981545216,0.15471912364207124,True,False,True,0.0007898950121768782,COMPLETE
177,0.4061487197875977,2025-04-15 20:17:13.624853,2025-04-15 20:17:34.090026,0 days 00:00:20.465173,0.4417986967391249,0.8015994084030462,16,0.03608390106873233,0.24840101588084915,0.055875918445610157,0.007177228640376335,0.08429442096060835,0.05690483259924407,2.4911145808474045e-05,16,60,0.051711669746361585,0.1763861268394461,True,False,True,0.0004511006389709285,COMPLETE
178,0.2887345552444458,2025-04-15 20:17:34.147160,2025-04-15 20:17:53.468334,0 days 00:00:19.321174,0.4125563069566397,0.4624018080856003,16,0.025149506369898558,0.23711380318575595,0.05878036911328553,0.006051263930250829,0.07481972797801613,0.044162360387746756,6.27168473357998e-05,15,52,0.049729907002070445,0.1637771911174426,True,False,True,0.0006415080946272351,COMPLETE
179,0.27218706607818605,2025-04-15 20:17:53.527029,2025-04-15 20:18:12.415627,0 days 00:00:18.888598,0.39092132817934633,0.5350511553525822,16,0.010255869226962429,0.263322252001151,0.05235830265613642,0.008519962203424283,0.02715884770268923,0.05958619839395957,1.6650998048766954e-05,16,36,0.053039767775864964,0.1467798984223208,True,False,True,0.00037070264594996674,COMPLETE
180,0.32008373737335205,2025-04-15 20:18:12.472733,2025-04-15 20:18:30.187908,0 days 00:00:17.715175,0.4547912738187595,0.7561278734861652,16,0.01970540455699847,0.24379294345315905,0.06689811481830059,0.0033873294272775663,0.07699362764273025,0.06903950839249123,0.05401558814369914,14,55,0.047403894279904074,0.1570217466338516,False,False,True,0.00017593573022989134,COMPLETE
181,0.4079479217529297,2025-04-15 20:18:30.256605,2025-04-15 20:18:49.848143,0 days 00:00:19.591538,0.43033212222551304,0.8097549505761422,16,0.03267695158743462,0.25543936711512166,0.06105681679368512,0.004575403772709045,0.07610433246524573,0.06189501149200107,2.0974842188549334e-05,15,53,0.05438135531569337,0.1683973038397157,True,False,True,0.0005217135761255746,COMPLETE
182,0.408527135848999,2025-04-15 20:18:49.906933,2025-04-15 20:19:08.923185,0 days 00:00:19.016252,0.42677510287773307,0.7966169374238605,16,0.03026437239190205,0.2550042214693685,0.06048370667133192,0.005235205239260412,0.0792000861714047,0.06259863134876176,1.9930030273154437e-05,15,47,0.054762203248046794,0.17001003409121543,True,False,True,0.0007850381313026836,COMPLETE
183,0.409604823589325,2025-04-15 20:19:08.982154,2025-04-15 20:19:28.041629,0 days 00:00:19.059475,0.40519163852695755,0.7931074451099734,16,0.028015717687198908,0.25307875197927215,0.05568390111876281,0.009958792145836766,0.07962724161138893,0.06237847556978298,2.0078862688823643e-05,15,47,0.051064672843711745,0.16371828222005502,True,False,True,0.00073012050680388,COMPLETE
184,0.4120161414146424,2025-04-15 20:19:28.102941,2025-04-15 20:19:46.734559,0 days 00:00:18.631618,0.3747455832126814,0.7905268977378407,16,0.027420041247544245,0.253286480765072,0.056949146513365544,0.0045713688743905375,0.07972274488594312,0.06242578732107512,2.701930217470827e-05,15,42,0.05338558501635737,0.16235489218184349,True,False,True,0.0008163428180399939,COMPLETE
185,0.3657010555267334,2025-04-15 20:19:46.793591,2025-04-15 20:20:05.919078,0 days 00:00:19.125487,0.37530690514219267,0.7851007795130257,16,0.04095726805348765,0.25462603029609343,0.05629821987747053,0.00468630177007969,0.08174216518344264,0.062334153531744076,2.2305723651916975e-05,15,48,0.05446549072232952,0.16278998625239158,True,False,True,0.0005549697269041735,COMPLETE
186,0.1656724214553833,2025-04-15 20:20:05.979586,2025-04-15 20:20:24.862891,0 days 00:00:18.883305,0.3432601234283195,0.7356025101855365,16,0.24196789243314418,0.2699434519573555,0.0598630431438857,0.009861709993708856,0.07910143013946155,0.062140894465319584,4.101039231511546e-05,15,42,0.05331093660001087,0.16332861923773467,True,False,True,0.0007502754893109285,COMPLETE
187,0.28165076971054076,2025-04-15 20:20:24.922443,2025-04-15 20:20:44.001742,0 days 00:00:19.079299,0.3908758660501898,0.8021742988276824,16,0.028612949196269288,0.25796362873097717,0.0587215795985133,0.0011091810039761628,0.0843476347939826,0.06546589752611419,2.5795612145182203e-05,15,47,0.0013116587977995697,0.170036339855851,True,False,True,0.0004896691293969312,COMPLETE
188,0.26590250730514525,2025-04-15 20:20:44.061930,2025-04-15 20:21:12.262318,0 days 00:00:28.200388,0.36905539629941436,0.7570779164014524,8,0.019323627757580876,0.2643531404102852,0.055693240949475836,0.005443509953608984,0.07125045900569635,0.06411543366505261,1.9547276414888816e-05,16,50,0.05147514315836563,0.1541822827263643,True,False,False,0.000646111551216615,COMPLETE
189,0.4129684329032898,2025-04-15 20:21:12.323307,2025-04-15 20:21:30.935786,0 days 00:00:18.612479,0.40423755740991635,0.771836023831728,16,0.029087624749936026,0.25116971328641063,0.06346828055411223,0.003962546834508893,0.08700302534991741,0.05795944862763385,3.446061257323184e-05,15,39,0.05489430539542233,0.16933277980683076,True,False,True,0.0008279655877740801,COMPLETE
190,0.3443998217582703,2025-04-15 20:21:31.005277,2025-04-15 20:21:49.515532,0 days 00:00:18.510255,0.40295882395836186,0.8031667830251601,16,0.0458748685173276,0.25444918503777264,0.06334108802751497,0.003860988394993191,0.08928574341403896,0.059560900275023775,1.608952313348765e-05,15,33,0.054120894964815404,0.15869007438582822,True,False,True,0.000999941789031017,COMPLETE
191,0.40949530601501466,2025-04-15 20:21:49.577069,2025-04-15 20:22:08.690722,0 days 00:00:19.113653,0.4218815020736967,0.7713471216504251,16,0.029438384625847795,0.27668744590425054,0.05815232812439726,0.006085385105380569,0.07824490914167495,0.058517546254246856,3.0663763301890506e-05,15,44,0.05499496924919991,0.16882312002431601,True,False,True,0.0007098245914866668,COMPLETE
192,0.4124935865402222,2025-04-15 20:22:08.752276,2025-04-15 20:22:27.850026,0 days 00:00:19.097750,0.42136597007267557,0.7845048096155539,16,0.030246268260101246,0.2780623913008618,0.05745577147416312,0.00915895782160548,0.0923820143698519,0.05716863273367993,4.82876549137595e-05,16,39,0.055443089073249796,0.16664734095456252,True,False,True,0.0005500681264143387,COMPLETE
193,0.41058858633041384,2025-04-15 20:22:27.912954,2025-04-15 20:22:47.338088,0 days 00:00:19.425134,0.42068739689410856,0.7839286911994122,16,0.032342082933055905,0.2786920804421405,0.056961084560015,0.0062902364743848155,0.09578249563703828,0.05765298765378809,2.6006540095376996e-05,17,39,0.05531394132483902,0.16668069965410848,True,False,True,0.0005476391518143833,COMPLETE
194,0.3877434372901917,2025-04-15 20:22:47.399759,2025-04-15 20:23:06.781029,0 days 00:00:19.381270,0.417630758058227,0.7253435009489517,16,0.03911705797985967,0.2762233454774329,0.05806015349377609,0.009063954031167233,0.09460325897446308,0.057677885850827976,3.347205689018893e-05,17,39,0.05544590096073881,0.16607154000561639,True,False,True,0.0006051973860258202,COMPLETE
195,0.4107565522193909,2025-04-15 20:23:06.843305,2025-04-15 20:23:26.261007,0 days 00:00:19.417702,0.42506787311421956,0.7706169793363571,16,0.03359196109899294,0.2819619033722607,0.061257995403231305,0.011428527772427068,0.09094910214712248,0.05554155779733424,5.01337774083191e-05,17,35,0.05705908543518837,0.16659459359125572,True,False,True,0.000533856072663709,COMPLETE
196,0.4014411211013794,2025-04-15 20:23:26.323970,2025-04-15 20:23:45.603155,0 days 00:00:19.279185,0.4272520835074439,0.7673332344635114,16,0.03344542134875793,0.29048904318884133,0.060806631307756785,0.011935894019474244,0.09217095037521103,0.05694707268695041,5.597843098240716e-05,17,35,0.057427110584956434,0.17996494812056613,True,True,True,3.399857135128107e-05,COMPLETE
197,0.3302718997001648,2025-04-15 20:23:45.667006,2025-04-15 20:24:05.620010,0 days 00:00:19.953004,0.4074044429976807,0.7427774719790157,16,0.05436671676649952,0.27954600632543475,0.05957611014645975,0.00746248660289197,0.095214520558406,0.05463285766557872,4.779458142007798e-05,18,39,0.05696019385125874,0.1602989810572758,True,False,True,0.0005004952193997267,COMPLETE
198,0.3719783306121826,2025-04-15 20:24:05.692512,2025-04-15 20:24:24.732975,0 days 00:00:19.040463,0.3643979757929495,0.774305200802212,16,0.038541733465878004,0.2919189926997659,0.05668876073871561,0.010874507970864925,0.09351601158641075,0.055851207457787634,2.7301778676126747e-05,17,30,0.060053113939357416,0.17047196487484445,True,False,True,0.00039018373039823023,COMPLETE
199,0.4134279727935791,2025-04-15 20:24:24.795938,2025-04-15 20:24:43.946932,0 days 00:00:19.150994,0.43180356894647426,0.7928322253437744,16,0.031986401833329986,0.28635328853935893,0.062126013479042716,0.00651889211130725,0.09059049767195482,0.05989257568843877,2.5154438142028826e-05,16,37,0.05508506126996387,0.1785442327844409,True,False,True,9.15486310925363e-06,COMPLETE
200,0.41467938423156736,2025-04-15 20:24:44.012537,2025-04-15 20:25:02.921357,0 days 00:00:18.908820,0.40211258229243657,0.1678379068834916,16,0.02945312361485776,0.2868300134670591,0.06229397456261592,0.007240271185710034,0.09103711535955304,0.05832413059987534,0.0007415453993650471,16,36,0.05535756022872756,0.17858323540833257,True,False,True,0.0002771241820843034,COMPLETE
201,0.4024549126625061,2025-04-15 20:25:02.987216,2025-04-15 20:25:21.797252,0 days 00:00:18.810036,0.39645294281975646,0.07169580345465051,16,0.031247263137269023,0.298694528874097,0.06237243268878349,0.013979105431211135,0.09091815022019853,0.058561226633883585,1.854885270181355e-05,16,33,0.0549846576835146,0.17936220862691224,True,False,True,1.8923422502054652e-05,COMPLETE
202,0.40916681289672857,2025-04-15 20:25:21.863980,2025-04-15 20:25:41.135547,0 days 00:00:19.271567,0.43812699155521767,0.7905308980545794,16,0.0374805353191298,0.28378577243583003,0.06377045136368988,0.006153303781710509,0.09092158738859371,0.060051371973144474,0.0013908760802826597,16,37,0.05742821458273789,0.17420300652346155,True,False,True,0.00029079265099803917,COMPLETE
203,0.15642590522766114,2025-04-15 20:25:41.200431,2025-04-15 20:26:00.324821,0 days 00:00:19.124390,0.3754749244611089,0.23249989378454183,16,0.1441744740926117,0.2827663924767453,0.06122544982494944,0.006477221950561082,0.09683008142950009,0.05990382977693569,0.0008512578461897946,16,38,0.06103517938107068,0.17753017843375488,True,False,True,0.0002500845170030784,COMPLETE
204,0.36018738746643064,2025-04-15 20:26:00.389679,2025-04-15 20:26:19.875591,0 days 00:00:19.485912,0.40598219540519187,0.7804413259936336,16,0.0467302640444172,0.28871317471989194,0.064281716273462,0.006140324248373306,0.09083670100407999,0.05778907689160328,0.001039277523940989,18,31,0.058003571774074975,0.16677996378855628,True,False,True,3.972950232967882e-06,COMPLETE
205,0.39703278541564946,2025-04-15 20:26:19.950659,2025-04-15 20:26:39.070280,0 days 00:00:19.119621,0.4405073848120913,0.14105572484266973,16,0.0376886742190576,0.28719280124178503,0.06289919969582461,0.00873020788930448,0.08832746266713908,0.05353926750640286,1.551073488932705e-05,16,41,0.05612958929170265,0.18314842694356165,True,False,True,9.158336758753674e-06,COMPLETE
206,0.4051281094551087,2025-04-15 20:26:39.136450,2025-04-15 20:26:58.091900,0 days 00:00:18.955450,0.42426944808211986,0.7949710919547572,16,0.028764824935442617,0.27244141278039946,0.059988661389987916,0.009569473047660773,0.09234423547364373,0.05582163888790743,0.0014586606915019716,16,36,0.054658045819549424,0.1693444720383343,True,False,True,0.0003287462754657805,COMPLETE
207,0.3203280806541443,2025-04-15 20:26:58.160083,2025-04-15 20:27:17.730503,0 days 00:00:19.570420,0.34546477149988497,0.4017587245983415,16,0.04093027574301366,0.27728939038745476,0.05702533590578691,0.0031106223257535886,0.08626470786337992,0.05994630015114289,2.1616747647240373e-05,17,37,0.05790698202004035,0.175752989120875,True,False,True,0.00043945621803428536,COMPLETE
208,0.3671427607536316,2025-04-15 20:27:17.796974,2025-04-15 20:27:36.360008,0 days 00:00:18.563034,0.3247242723889193,0.814526294867759,16,0.03340698785964328,0.2948079046860961,0.06170766567612076,0.006470540191110214,0.09976189436667535,0.06145868743523193,1.9161248081792005e-05,16,28,0.06002959912273755,0.16343460686423536,True,False,True,0.00010327593119595397,COMPLETE
209,0.2823318958282471,2025-04-15 20:27:36.426265,2025-04-15 20:27:56.006337,0 days 00:00:19.580072,0.38490421722446044,0.7860967625412799,16,0.016745727795748074,0.2839579395298315,0.06483552514411894,0.0010104790249335419,0.08982522213748573,0.05852953449225478,0.0012317808716431566,17,42,0.05505017652134784,0.2837957569526127,True,False,True,0.000277715080451264,COMPLETE
210,0.3697291731834412,2025-04-15 20:27:56.073439,2025-04-15 20:28:14.948375,0 days 00:00:18.874936,0.4095681023750349,0.7045131734384711,16,0.04987730372456756,0.27390886566325,0.06005714321952688,0.0037927939091066875,0.09602892332705645,0.06275762373501634,0.0002906388101894909,16,34,0.05360529397207775,0.17297378061577492,True,False,True,0.0005672954775953204,COMPLETE
211,0.3905508995056152,2025-04-15 20:28:15.014981,2025-04-15 20:28:33.673541,0 days 00:00:18.658560,0.4366544083022512,0.8228296364831098,16,0.027120731647189793,0.2809598610725726,0.06395808421555838,0.0049724864003723515,0.09431736084289673,0.06069009270322423,0.0015428382181048074,15,41,0.0567493732175011,0.17705787038903054,True,False,True,0.0006547387167450782,COMPLETE
212,0.4094931244850159,2025-04-15 20:28:33.740616,2025-04-15 20:28:52.529076,0 days 00:00:18.788460,0.44797593033504307,0.80387461037564,16,0.026859450105751925,0.2697357976356076,0.06229801653126382,0.007944303300720323,0.0874654674976845,0.06363691353595563,0.002466263573679182,15,37,0.052877778003990385,0.17117789282269125,True,False,True,0.0005351947220669951,COMPLETE
213,0.35266606807708745,2025-04-15 20:28:52.605697,2025-04-15 20:29:11.633454,0 days 00:00:19.027757,0.4221694622624231,0.7989662649605271,16,0.03415110599477716,0.26962903069472455,0.0621623574253016,0.008563647441121806,0.08828194699205207,0.06358599860317628,0.0007755485944767106,16,38,0.05337749074777579,0.16696304089060246,True,False,True,0.00038998781513311824,COMPLETE
214,0.41180901527404784,2025-04-15 20:29:11.701209,2025-04-15 20:29:30.645880,0 days 00:00:18.944671,0.40114550057653087,0.6494140159901493,16,0.028156773088067,0.28640690149159054,0.05853202425064947,0.006514879241362521,0.09215046133053531,0.055410618250702905,0.006049657864117949,15,44,0.05615911581523114,0.16100632168153492,True,False,True,0.0004935151727320341,COMPLETE
215,0.15590558648109437,2025-04-15 20:29:30.713159,2025-04-15 20:29:50.296197,0 days 00:00:19.583038,0.36288399187496223,0.764311965275537,16,0.11552575101370709,0.2902386007093015,0.05814217856471845,0.011291556308039758,0.09219236559188067,0.054413358247061595,0.0023717369241120453,17,44,0.05735354294146376,0.15574397110701507,True,False,True,0.0009758556104945776,COMPLETE
216,0.3884005904197693,2025-04-15 20:29:50.365205,2025-04-15 20:30:09.388992,0 days 00:00:19.023787,0.3864601725771421,0.6335780886456079,16,0.018198715718621368,0.28379391370634277,0.05308884858448594,0.007662779372546454,0.09027648319838019,0.058014922212559515,0.005658078559604964,16,33,0.059268323626022405,0.16065377478311366,True,False,True,0.0004996628289742493,COMPLETE
217,0.3541240930557251,2025-04-15 20:30:09.458310,2025-04-15 20:30:27.270015,0 days 00:00:17.811705,0.40217341405516815,0.5616117838468887,16,0.027029896324254406,0.2993583692031019,0.0553822065407927,0.006429076878416429,0.08678621992761941,0.01241336192515343,0.02283263167636001,15,41,0.05235631990444989,0.1830392141857906,False,False,True,0.0007504321375509162,COMPLETE
218,0.40750603675842284,2025-04-15 20:30:27.339022,2025-04-15 20:30:45.944059,0 days 00:00:18.605037,0.44599464738379035,0.731911128534858,16,0.026181335467120096,0.2775823765971584,0.05762642946133127,0.013641287683781905,0.09361325178502247,0.056799288926686384,0.002858875945491005,15,36,0.055678913740892164,0.15294766461771037,True,False,True,0.00034261597107966096,COMPLETE
219,0.3935787796974182,2025-04-15 20:30:46.013884,2025-04-15 20:31:05.472000,0 days 00:00:19.458116,0.40647693618862873,0.607344507916398,16,0.041199926065438486,0.2694590303825891,0.059175411617822485,0.009707688090433424,0.09148742338832784,0.05357563223142902,0.005953859168961887,16,44,0.062056529826538115,0.1611572980139951,True,False,True,2.772480287951703e-06,COMPLETE
220,0.3488195419311524,2025-04-15 20:31:05.550680,2025-04-15 20:31:25.061393,0 days 00:00:19.510713,0.37469400081474147,0.6540560231393546,16,0.018944944562381164,0.2898345428507354,0.06516135523301453,0.002671159734009533,0.09737875451672794,0.05580474637128443,0.004986782731276684,17,39,0.05189125660422775,0.007703467896146288,True,False,True,0.0006057690703448252,COMPLETE
221,0.41127018928527836,2025-04-15 20:31:25.134278,2025-04-15 20:31:44.061993,0 days 00:00:18.927715,0.4214374368902325,0.8106070081956804,16,0.03202773469894818,0.2659485949327492,0.06112524324739595,0.004566009262764558,0.08921431173487883,0.06075235873061916,0.003851726568843925,15,46,0.05493601652063442,0.17028024479665002,True,False,True,0.000514503128289514,COMPLETE
222,0.41263239383697514,2025-04-15 20:31:44.132933,2025-04-15 20:32:03.263282,0 days 00:00:19.130349,0.4165548760632021,0.7736823362203029,16,0.03069571991163813,0.26677637409490457,0.06306488659845892,0.005165477308610463,0.08791999235544169,0.05930624810245033,0.002812519789886339,15,46,0.05548659061275601,0.17200534674819318,True,False,True,0.0004327764172784553,COMPLETE
223,0.4023408889770508,2025-04-15 20:32:03.334729,2025-04-15 20:32:22.472505,0 days 00:00:19.137776,0.4442401045070915,0.7778327455842292,16,0.03618679806661468,0.2744633698756971,0.06082391060342247,0.005479028904741158,0.08815740567117238,0.05997684523700447,0.0033519019645646543,15,45,0.05651644763214814,0.17168030646074833,True,False,True,0.0004313449470839052,COMPLETE
224,0.17793542742729188,2025-04-15 20:32:22.544148,2025-04-15 20:32:41.915841,0 days 00:00:19.371693,0.3874278327267566,0.49716576690700903,16,0.03230808228845665,0.26856219354959826,0.056538573447726864,0.007432934233194334,0.08974827658883358,0.0583955139202968,0.004334111348621923,16,42,0.00919849876635119,0.1729932987114853,True,False,True,0.0002732803551963841,COMPLETE
225,0.39020996093750004,2025-04-15 20:32:41.986702,2025-04-15 20:33:06.150705,0 days 00:00:24.164003,0.40393499015614487,0.7728621179905978,8,0.02222798494484607,0.2632526277852667,0.06239296834248087,0.0027883980590151674,0.08731485031625193,0.060543945368039996,0.008292109093895078,16,31,0.05474150451139655,0.18004151205686786,True,False,True,0.00048058742291599816,COMPLETE
226,0.4112998366355896,2025-04-15 20:33:06.221466,2025-04-15 20:33:24.713782,0 days 00:00:18.492316,0.42475375356398665,0.743571280420519,16,0.02926729045914675,0.284447735748469,0.059238273413874235,0.003938706709667273,0.0930064546850133,0.05672347866464932,0.0024784327643693877,14,46,0.058362298605478445,0.19112196398794942,True,False,True,0.0003693990200033151,COMPLETE
