number,value,datetime_start,datetime_complete,duration,params_alpha-eval,params_alpha-train,params_batch-size,params_eps-eval,params_eps-train,params_lambda-actions-eval,params_lambda-actions-train,params_lambda-frames-eval,params_lambda-frames-train,params_learning-rate,params_n-epochs,params_n-frames,params_radius-gw,params_rho,params_std-feats,params_ub-actions,params_ub-frames,params_weight-decay,state
284,0.4114115357398987,2025-04-13 23:31:28.141927,2025-04-13 23:33:00.850575,0 days 00:01:32.708648,0.9266623751056983,0.25990226949389544,2,0.05258974870293911,0.014980202084259372,0.00832666208499539,0.07215522659751458,0.0196616917925609,0.0554663946099233,7.390891256957744e-05,28,23,0.06665225533755771,0.16889151492063373,True,True,True,6.044638454212293e-05,COMPLETE
285,0.3973735809326172,2025-04-13 23:33:00.941102,2025-04-13 23:34:32.637081,0 days 00:01:31.695979,0.9703907655697511,0.4901946245425042,2,0.05142984885160401,0.02479381798806873,0.009873548502330562,0.07283971605997704,0.019421513749406934,0.05555023747054457,7.556557864206879e-05,28,27,0.06682190074839629,0.1729446290094439,True,True,True,4.3125198531112283e-05,COMPLETE
286,0.4237531065940857,2025-04-13 23:34:32.726255,2025-04-13 23:36:04.954975,0 days 00:01:32.228720,0.8959580503222407,0.2501716720902232,2,0.052613771690510826,0.016868104664950832,0.020322452908614116,0.07247461639982539,0.018391566990277913,0.05892811824129624,8.29469691235045e-05,28,24,0.06531341016516781,0.16820755886045136,True,True,True,6.516838226491975e-05,COMPLETE
287,0.22348031997680665,2025-04-13 23:36:05.045025,2025-04-13 23:37:39.921692,0 days 00:01:34.876667,0.9389390625766333,0.2537568477487759,2,0.054097985964494666,0.01538355109837194,0.024157541325051365,0.0015743775523618456,0.018522210291997566,0.06128005245691028,0.008126721257350804,29,23,0.06513297537415234,0.16852140909986335,True,True,True,6.338992613207542e-05,COMPLETE
288,0.20171829462051394,2025-04-13 23:37:40.020777,2025-04-13 23:39:11.996128,0 days 00:01:31.975351,0.8990852321323025,0.2458943580170309,2,0.19767594330797747,0.018493451648608574,0.02099251122900874,0.07534832896602724,0.017122685518635085,0.06019479402665787,6.469384498606659e-05,28,28,0.06547619909719546,0.1868584450808399,True,True,True,8.310088175501463e-05,COMPLETE
289,0.40349247455596926,2025-04-13 23:39:12.088577,2025-04-13 23:40:47.331434,0 days 00:01:35.242857,0.8701972434309055,0.281691212583806,2,0.047530283963359746,0.013933240175009834,0.02671470239838595,0.071865232097041,0.0204915133531994,0.058624205116993275,8.989976873937992e-05,29,31,0.06804997874268172,0.11295364652607581,True,True,True,5.223844320256811e-05,COMPLETE
290,0.1888286888599396,2025-04-13 23:40:47.421565,2025-04-13 23:42:24.742514,0 days 00:01:37.320949,0.9116703741736397,0.22331129697507499,2,0.2627530547538507,0.026027695790011938,0.019634274544618833,0.06777189009537575,0.013704206596481286,0.05831554018842756,8.475568358417197e-05,30,24,0.06229057752473139,0.16015147628192983,True,True,True,7.406073935286088e-05,COMPLETE
291,0.24599679708480837,2025-04-13 23:42:24.833594,2025-04-13 23:44:04.928420,0 days 00:01:40.094826,0.9365182423817298,0.2594455768705805,2,0.05321803155784325,0.009323307121945673,0.022380333497570598,0.07664063916619958,0.016218743616598415,0.053464255122584174,7.649194304719934e-05,29,134,0.06692051446436924,0.17822925706031745,True,True,True,3.7712629098606813e-05,COMPLETE
292,0.33740035295486454,2025-04-13 23:44:05.018766,2025-04-13 23:45:35.728529,0 days 00:01:30.709763,0.8486569605737372,0.23983037089690576,2,0.04425013731256533,0.018893703113628865,0.01745394581471874,0.07273902870606809,0.02706667947783467,0.061536892731458265,6.396481266438935e-05,28,20,0.06398261430750121,0.16891999409619282,True,True,False,2.4481383233809174e-05,COMPLETE
293,0.3521866321563721,2025-04-13 23:45:35.830577,2025-04-13 23:46:21.790242,0 days 00:00:45.959665,0.958404510125716,0.27918659397581586,2,0.03846022224695933,0.02264003187612207,0.016023223485438685,0.07499488801917967,0.025133238765491308,0.056442613154222374,9.646084145648548e-05,11,16,0.06920171877207733,0.15950048801672867,True,True,True,6.301956127582332e-05,COMPLETE
294,0.226429283618927,2025-04-13 23:46:21.884335,2025-04-13 23:47:52.982269,0 days 00:01:31.097934,0.6995089139642311,0.22317737926804115,2,0.021966902811209218,0.010771382357034433,0.019170952663999083,0.06979409309930285,0.019414008450913324,0.05944133194438248,5.2417213229569536e-05,28,27,0.07833699038040892,0.1669634391366805,False,True,True,1.921730780345067e-05,COMPLETE
295,0.32632933855056767,2025-04-13 23:47:53.074610,2025-04-13 23:49:27.860609,0 days 00:01:34.785999,0.8923076473280085,0.38813838902178394,2,0.016940440530770838,0.027769155941853182,0.016174371068442547,0.07828687995220995,0.011107110879312902,0.05390435054462318,2.4463042184109432e-05,29,24,0.06592624408113923,0.18371358824335485,True,True,True,5.18668032984996e-05,COMPLETE
296,0.1888286888599396,2025-04-13 23:49:27.951423,2025-04-13 23:51:00.697660,0 days 00:01:32.746237,0.9129402885567844,0.26169651523257403,2,0.047353097727917494,0.18853870743728673,0.018299477375680245,0.0645456244487203,0.015439471601056166,0.05704996354868315,3.040658638633006e-05,28,30,0.07276131586600411,0.1746660817015684,True,True,True,3.631353101169687e-05,COMPLETE
297,0.4055538892745972,2025-04-13 23:51:00.790544,2025-04-13 23:52:38.656914,0 days 00:01:37.866370,0.9286741659127693,0.24070809989832775,2,0.05474644339568878,0.015733552404230668,0.014920374572906044,0.07370462389850108,0.02137764443676466,0.06184149088108846,6.919360726364597e-05,30,21,0.0695885230572145,0.159308396217147,True,True,True,1.2771695444321524e-05,COMPLETE
298,0.30666517019271855,2025-04-13 23:52:38.759252,2025-04-13 23:54:14.531302,0 days 00:01:35.772050,0.8661386288254274,0.2705516047999079,2,0.03771203130898522,0.006325100664965501,0.007989366308822674,0.05945717386792789,0.017460083749347207,0.06609267460213498,0.004892724567245393,29,26,0.0810641786685573,0.16411635801464391,True,True,True,7.471945480413263e-06,COMPLETE
299,0.36719479560852053,2025-04-13 23:54:14.625841,2025-04-13 23:55:46.907517,0 days 00:01:32.281676,0.8901021904518626,0.21809416489507832,2,0.032581764686805625,0.022636632638144936,0.020430458497454215,0.07151057977721793,0.013760940159657573,0.05526286531478231,3.554496270896133e-05,28,33,0.06737587840181342,0.15364928915375614,True,True,True,9.171617227489631e-05,COMPLETE
300,0.4067233920097352,2025-04-13 23:55:47.000554,2025-04-13 23:57:24.394188,0 days 00:01:37.393634,0.946220637021937,0.2398269798188702,2,0.025427719236291804,0.012215418186305813,0.01748479996868716,0.06815730899589299,0.02380918872103589,0.059559043030886785,0.00032456191045581714,30,24,0.062314421794554056,0.13149730128887602,True,True,True,2.6854743236321477e-05,COMPLETE
301,0.34716023206710817,2025-04-13 23:57:24.487324,2025-04-13 23:58:56.917489,0 days 00:01:32.430165,0.9099933471593541,0.285063504729543,2,0.041193967711488144,0.005303250894717615,0.013711448438597222,0.06687676165218817,0.027935306396032533,0.057376155702054996,4.77393726460424e-05,28,13,0.0760078077760276,0.14338498089990276,True,True,True,4.5381000981424894e-05,COMPLETE
302,0.1888286888599396,2025-04-13 23:58:57.010937,2025-04-13 23:59:48.865776,0 days 00:00:51.854839,0.9730242173111847,0.6078121423459814,2,0.1586279291985852,0.028806046963298908,0.015703596184665155,0.06996507659925218,0.019684943093174936,0.053580888372229914,3.960069110592523e-05,13,19,0.00480886819488998,0.17255696299316822,True,True,True,1.757626732797933e-05,COMPLETE
303,0.3995983481407166,2025-04-13 23:59:48.969632,2025-04-14 00:01:23.553225,0 days 00:01:34.583593,0.8390412720713298,0.2609367257798055,2,0.06019524044810795,0.01690281238719429,0.020938835170835696,0.07622491355345855,0.02535263006604443,0.058739461763177715,5.5641575456675114e-05,29,28,0.07241130096384814,0.18956519614798406,True,True,True,7.126115371193681e-05,COMPLETE
304,0.3286858439445496,2025-04-14 00:01:23.648444,2025-04-14 00:02:52.626583,0 days 00:01:28.978139,0.8828935457481304,0.21458831347656548,2,0.005619376860074767,0.009195962841113276,0.02350842335568889,0.07306923314900966,0.016714237474478776,0.05534153689023092,3.228304729371022e-05,27,22,0.06521004483119823,0.18305714936971335,True,True,True,2.1806992373126332e-05,COMPLETE
305,0.34558093547821045,2025-04-14 00:02:52.721265,2025-04-14 00:04:25.125427,0 days 00:01:32.404162,0.9301126928570647,0.3205832426945298,2,0.044851330791947655,0.021191292047359464,0.016976748482399013,0.07139741808962044,0.02182336754611351,0.06378777589866118,2.4571231088282704e-05,28,16,0.06874705629041028,0.14962803010622494,True,True,True,5.614060404905437e-05,COMPLETE
306,0.3728685855865479,2025-04-14 00:04:25.221089,2025-04-14 00:06:03.640334,0 days 00:01:38.419245,0.9076468394858325,0.9882789466393311,2,0.03284331258894674,0.015105855202702712,0.013397785480486504,0.07870163525673679,0.030723483545967382,0.0614605159602043,0.018619784602983292,30,30,0.07064702879566542,0.13788464489360047,True,True,True,3.259485957138877e-05,COMPLETE
307,0.34631595611572263,2025-04-14 00:06:03.746177,2025-04-14 00:07:38.607876,0 days 00:01:34.861699,0.8667289062001939,0.305465918060731,2,0.013385292320168121,0.0002575618506793064,0.019172517741745686,0.06588640076922372,0.018981603165204666,0.05211155446062854,4.5729430110623945e-05,29,26,0.06393590359210814,0.17899569034972102,True,True,True,1.323932100000866e-05,COMPLETE
308,0.1888286888599396,2025-04-14 00:07:38.703949,2025-04-14 00:08:10.324380,0 days 00:00:31.620431,0.9552829402289157,0.36745846820839617,8,0.23229142964595395,0.2603226626485312,0.014886468932081932,0.0751819974132839,0.01357095031947387,0.056521897822272606,7.493515643884377e-05,27,24,0.06758484291019498,0.16491244061265398,True,True,True,4.0450005596802414e-05,COMPLETE
309,0.23636291027069095,2025-04-14 00:08:10.421501,2025-04-14 00:09:43.595307,0 days 00:01:33.173806,0.8974229388773043,0.5416700294301987,2,0.144225711981626,0.007234619768436618,0.011979968048878357,0.06832456839436032,0.09127030640709996,0.0588611256779689,3.817353870078194e-05,28,20,0.07362223293670526,0.17207694927184747,True,True,True,1.5395458144653075e-05,COMPLETE
310,0.2888467073440552,2025-04-14 00:09:43.692245,2025-04-14 00:11:19.717815,0 days 00:01:36.025570,0.9197482510001971,0.25130189630239724,2,0.13273436881676007,0.028796833367288246,0.01747388954186719,0.07158961323044347,0.026231567221973263,0.054498870960333776,5.443226990830678e-05,29,28,0.07590548292649883,0.15717555180375048,True,True,True,2.607234366896731e-05,COMPLETE
311,0.34652358293533325,2025-04-14 00:11:19.813948,2025-04-14 00:12:50.416017,0 days 00:01:30.602069,0.0631422621123306,0.23187446866418418,2,0.049179908609686754,0.01310513497751132,0.015385552426309153,0.07787463441889766,0.015033153597751427,0.06021889004289522,3.0784532320008e-05,28,32,0.06580947057658021,0.14606683881576835,True,True,False,1.0348370370143801e-05,COMPLETE
312,0.1888286888599396,2025-04-14 00:12:50.522759,2025-04-14 00:14:27.825215,0 days 00:01:37.302456,0.9828473037928854,0.883539375266566,2,0.05499821384848875,0.01966049601693365,0.07535934775142263,0.07396003808705041,0.023122596220373152,0.0569332013166968,0.00010878266219379392,30,10,0.06961278665856771,0.08739408276964869,False,True,True,5.925325700490955e-05,COMPLETE
313,0.40571423768997195,2025-04-14 00:14:27.923001,2025-04-14 00:15:58.030336,0 days 00:01:30.107335,0.9504265920348474,0.34860181449081334,2,0.028357589420423473,0.005591964987020463,0.008022661985919383,0.0697987588965919,0.029318107105138883,0.06240512213315661,2.5042361933696116e-05,27,22,0.06808487808693599,0.1563467805165422,True,True,True,1.8648955639104554e-05,COMPLETE
314,0.1888286888599396,2025-04-14 00:15:58.129414,2025-04-14 00:17:33.347533,0 days 00:01:35.218119,0.6501360795254167,0.28463388227938935,2,0.01991699860744512,0.11888265545253757,0.0222340566909384,0.06851754192683156,0.017588544736008727,0.052585040695730174,0.02381861508849637,29,25,0.016185242852660375,0.16862600882853396,True,True,True,8.823694400777885e-05,COMPLETE
315,0.40234373807907103,2025-04-14 00:17:33.446062,2025-04-14 00:19:05.029980,0 days 00:01:31.583918,0.9284002926107212,0.17338219846186814,2,0.037976880041420365,0.03372650243035847,0.0102192228978637,0.06369276487899198,0.02086206423846884,0.06550044755835882,4.78241820841158e-05,28,17,0.06278282047061086,0.13398707173502347,True,True,True,3.394435491636809e-05,COMPLETE
316,0.438257896900177,2025-04-14 00:19:05.137080,2025-04-14 00:20:12.663928,0 days 00:01:07.526848,0.8812731140905554,0.2077558752023065,2,0.04315104585076603,0.024452878762604522,0.08141736544948608,0.07331736888685245,0.024336740678208298,0.058724093525574984,0.0008127500364091257,19,28,0.07154478303155809,0.14091589721653078,True,True,True,7.412671276551375e-05,COMPLETE
317,0.3465463757514954,2025-04-14 00:20:12.762714,2025-04-14 00:21:17.536494,0 days 00:01:04.773780,0.8509873174224672,0.2306648698554892,2,0.04390510214990713,0.012543437913179656,0.07931577166054454,0.0731007024839326,0.024161538078338794,0.058266223347592634,0.0009085018105697816,18,27,0.0721811669436862,0.1406714249534785,True,True,True,7.208767563123073e-05,COMPLETE
318,0.3926421523094178,2025-04-14 00:21:17.635902,2025-04-14 00:22:19.329464,0 days 00:01:01.693562,0.8819491736334276,0.26744128779229254,2,0.05079386817944371,0.020416804873542152,0.09061039740605903,0.07543776519727023,0.028110728788552763,0.05511146370185536,0.0007066541711037911,17,19,0.07097115919759436,0.14504945104029932,True,True,True,0.00010322408452241435,COMPLETE
319,0.322117292881012,2025-04-14 00:22:19.428975,2025-04-14 00:23:49.886606,0 days 00:01:30.457631,0.8734229541121585,0.21420142495475933,2,0.06276998485129286,0.009300016666187272,0.09798889614718034,0.07143222705753434,0.026016495310417796,0.09609471901378058,0.0006636941474503673,27,53,0.07436812911102939,0.15179187653551612,True,True,True,4.490771477714741e-05,COMPLETE
320,0.1888286888599396,2025-04-14 00:23:49.996404,2025-04-14 00:25:22.828273,0 days 00:01:32.831869,0.8963866574539677,0.31575752307886423,2,0.0413709171736203,0.017037895385521997,0.012992760315194678,0.07402063180315616,0.022043019921444338,0.05668378777201111,0.0013120046960829375,28,24,0.02513321464468806,0.13708800811991478,True,True,True,5.8428267309937006e-05,COMPLETE
321,0.321851658821106,2025-04-14 00:25:22.927510,2025-04-14 00:26:53.614460,0 days 00:01:30.686950,0.8665013942349254,0.1933114559114482,2,0.03528845454538565,0.023908062431008195,0.0761823663928955,0.06671010752935928,0.007607473007501964,0.052177281205935865,0.0008237117928174657,27,22,0.0777483679023879,0.16130215418864297,True,True,True,6.617925940601557e-06,COMPLETE
322,0.36930898427963255,2025-04-14 00:26:53.714571,2025-04-14 00:28:01.391159,0 days 00:01:07.676588,0.8362979349402505,0.24671101820504426,2,0.0563511339839272,0.0059252178485883315,0.04392266654886822,0.06968690789266366,0.019886825516342178,0.05825527106076735,0.0004984093427423511,19,27,0.06670810534361413,0.17927676710023338,True,True,True,7.49321223251209e-05,COMPLETE
323,0.33800424337387086,2025-04-14 00:28:01.490849,2025-04-14 00:29:33.552837,0 days 00:01:32.061988,0.9107769976032952,0.16135819536947965,2,0.04623623175642112,0.000771837856790825,0.08331928790017008,0.07659366951500599,0.024319539694575565,0.05416608344151504,6.466637373945644e-05,28,35,0.07024743871216983,0.18835042446790873,True,True,True,2.1385369830939927e-05,COMPLETE
324,0.3982141613960266,2025-04-14 00:29:33.653491,2025-04-14 00:31:04.979961,0 days 00:01:31.326470,0.8937136795157374,0.29429990949168494,2,0.03267394295036353,0.012913341350634745,0.046573752841514715,0.07202953427673575,0.01191039959370899,0.04995531796391513,4.096325381930237e-05,28,21,0.06853962276854068,0.14894223620793992,True,True,True,2.9105862283370278e-06,COMPLETE
325,0.1888286888599396,2025-04-14 00:31:05.090893,2025-04-14 00:32:35.495179,0 days 00:01:30.404286,0.8844995450903175,0.4168771386436012,2,0.0396734621205974,0.24890433562950626,0.07056137051915812,0.07930413390043647,0.018526338999209795,0.05993690333495041,3.501732362164276e-05,27,15,0.07282313576157615,0.16533225735536516,True,True,True,0.00013125788931231196,COMPLETE
326,0.39914649724960327,2025-04-14 00:32:35.596123,2025-04-14 00:34:10.310141,0 days 00:01:34.714018,0.8571502570787888,0.2706368285170168,2,0.05173790976146433,0.024689003540239857,0.014063125643433191,0.06878327648957831,0.015551795426615432,0.05616302351756302,8.469695584152272e-05,29,30,0.0648516363020205,0.12963683760059358,True,True,True,4.538835212443816e-05,COMPLETE
327,0.39131184816360476,2025-04-14 00:34:10.411464,2025-04-14 00:35:46.785414,0 days 00:01:36.373950,0.9178059955009628,0.3407551396017428,2,0.044605275643672684,0.016687396599684948,0.09565031341036459,0.06563109361551506,0.030703346491352135,0.007713915859620023,0.0013730639342272584,29,24,0.07163472233953821,0.1752330774793841,True,True,True,1.1500179411731734e-05,COMPLETE
328,0.4325730681419373,2025-04-14 00:35:46.887724,2025-04-14 00:36:14.505117,0 days 00:00:27.617393,0.9373304171479455,0.20594483208085923,8,0.027963389838038692,0.032536421605238494,0.08200177275191978,0.073862329101628,0.021697664678233225,0.06197556422988639,0.0010087669841975472,21,27,0.07921245413393219,0.15540321648677613,True,True,True,8.54600363252293e-06,COMPLETE
329,0.4057096719741822,2025-04-14 00:36:14.617626,2025-04-14 00:36:42.014452,0 days 00:00:27.396826,0.9407942353210326,0.17417986968209717,8,0.028778974942260543,0.035687638605995387,0.07876077438219183,0.07443752018777407,0.02229196204112331,0.06365555130038968,0.0010748610989083048,21,18,0.0777517309288923,0.15796758828217392,True,True,True,2.9963889483539023e-05,COMPLETE
330,0.1888286888599396,2025-04-14 00:36:42.117516,2025-04-14 00:37:47.162828,0 days 00:01:05.045312,0.9299450850601247,0.20981425800062614,2,0.02815779808757509,0.1747658526615536,0.010644959566484879,0.07547387026214132,0.026799833703473167,0.061712895982532975,0.0023688993999095584,18,31,0.08050814798496278,0.14214404725602897,True,True,True,8.596501512693304e-06,COMPLETE
331,0.4142236471176148,2025-04-14 00:37:47.265392,2025-04-14 00:38:15.226387,0 days 00:00:27.960995,0.8974878898164164,0.45851415358605346,8,0.03670473263814643,0.030710824900352107,0.08087842024524838,0.07773912577588085,0.02156018914311432,0.06724752324441972,0.0007736330470078574,21,28,0.06638387961759543,0.16972213379912135,True,True,True,5.751580816734409e-06,COMPLETE
332,0.31251752376556396,2025-04-14 00:38:15.330641,2025-04-14 00:38:42.121374,0 days 00:00:26.790733,0.9025125158127202,0.4671954478917799,8,0.034662879560610725,0.030541548195425185,0.08441190938769222,0.07776633190085715,0.021118547568128452,0.0678734934264407,0.0008795145205595692,21,21,0.08434910541692832,0.16900335423670226,False,True,False,5.323197182135249e-06,COMPLETE
333,0.40578354597091676,2025-04-14 00:38:42.234379,2025-04-14 00:39:09.556614,0 days 00:00:27.322235,0.9403193846499682,0.5265697895831325,8,0.023947618021943638,0.034047390792560195,0.08617977384753549,0.07290784282821194,0.02425118683665601,0.07152568853391962,0.0007846195758362503,20,28,0.08016669455697499,0.1632866870465006,True,True,True,7.860415128087429e-06,COMPLETE
334,0.4283191680908204,2025-04-14 00:39:09.661647,2025-04-14 00:39:36.729632,0 days 00:00:27.067985,0.8926698495326293,0.360168577880887,8,0.03619393152213873,0.02825752986403108,0.08849612240223485,0.07646632170117831,0.023260104772945062,0.07007208832272155,0.001114312069214927,20,23,0.08287976444919999,0.1735966566393187,True,True,True,6.4425205038925475e-06,COMPLETE
335,0.38269274234771733,2025-04-14 00:39:36.832897,2025-04-14 00:40:03.652587,0 days 00:00:26.819690,0.9085562272489651,0.4468620069911963,8,0.03266839657500896,0.02968205036066605,0.08748526155765395,0.07784804710160242,0.019654250311619412,0.06867259208793454,0.0009618786181198654,20,19,0.08044230407204468,0.17693852908675398,True,True,True,5.662052213355948e-06,COMPLETE
336,0.40349040031433103,2025-04-14 00:40:03.756838,2025-04-14 00:40:30.089085,0 days 00:00:26.332247,0.9646264174239394,0.3584185362610999,8,0.039407194483293495,0.03797251284257957,0.08305508932186835,0.07628674610379439,0.025008115553644274,0.07367771950226182,0.0011054811294666119,19,24,0.08546321883585328,0.18571631167405314,True,True,True,4.474020479488007e-06,COMPLETE
337,0.3927518486976624,2025-04-14 00:40:30.205012,2025-04-14 00:40:56.709865,0 days 00:00:26.504853,0.9216357940611489,0.38672751070950434,8,0.024724746049612643,0.03129350718318022,0.08144883310521957,0.07911610259474913,0.0226262032157067,0.0675489298070646,0.0005336636499593954,20,13,0.08236036349493249,0.17096654943558368,True,True,True,6.9154080669887646e-06,COMPLETE
338,0.40463051795959476,2025-04-14 00:40:56.818189,2025-04-14 00:41:23.532352,0 days 00:00:26.714163,0.8918836582312278,0.3553352154774729,8,0.031093972092060492,0.022381637749750657,0.08105232195651729,0.07657804792778794,0.027559336671765498,0.07026164834641617,0.0012238272636754437,20,22,0.08270156988316478,0.17679595793506814,True,True,True,3.918932784996301e-06,COMPLETE
339,0.4236440896987915,2025-04-14 00:41:23.637666,2025-04-14 00:41:51.693408,0 days 00:00:28.055742,0.9385014768911217,0.3339521274299197,8,0.038941054452371004,0.025846292208697844,0.08853437063305442,0.07237224553996725,0.020625395681848173,0.06685776899791764,0.000909587590301426,21,28,0.08388193374047749,0.16408234448595324,True,True,True,5.1081509462005395e-06,COMPLETE
340,0.43367823362350466,2025-04-14 00:41:51.798551,2025-04-14 00:42:23.018402,0 days 00:00:31.219851,0.9288683935645503,0.3830195642967502,8,0.04101660780344337,0.03835906643173688,0.08993678616663642,0.07423969656308858,0.021022109589538686,0.07176143499722491,0.0009807272556537439,26,29,0.08695968200691542,0.1655343071721298,True,True,True,5.126425090612238e-06,COMPLETE
