number,value,datetime_start,datetime_complete,duration,params_alpha-eval,params_alpha-train,params_batch-size,params_eps-eval,params_eps-train,params_lambda-actions-eval,params_lambda-actions-train,params_lambda-frames-eval,params_lambda-frames-train,params_learning-rate,params_n-epochs,params_n-frames,params_radius-gw,params_rho,params_std-feats,params_ub-actions,params_ub-frames,params_weight-decay,state
1367,0.4094184637069702,2025-04-14 06:40:24.897421,2025-04-14 06:40:41.067509,0 days 00:00:16.170088,0.997534638042343,0.23853199925396923,16,0.03355621572684411,0.10472809061752339,0.07383191877482351,0.08702213266420035,0.08398489713261774,0.09841490149857277,0.006214316042032913,10,25,0.09037676890441529,0.09095696388736424,True,False,True,0.00010196463210627076,COMPLETE
1368,0.4490728855133057,2025-04-14 06:40:41.509588,2025-04-14 06:40:59.992370,0 days 00:00:18.482782,0.9983274396172238,0.2263839233091011,16,0.040098387998074164,0.1101585035634717,0.0768053599377522,0.08955090027654831,0.08503322981800723,0.09824614635187912,0.006897186751133194,16,27,0.08905100231132547,0.0919965673142461,True,True,True,9.001937325872052e-05,COMPLETE
1369,0.4127375006675721,2025-04-14 06:41:00.437622,2025-04-14 06:41:18.711492,0 days 00:00:18.273870,0.9836553744664813,0.21665984753426903,16,0.03538325900580528,0.1007278488504203,0.08171385745136332,0.0907544213380243,0.08314420197258095,0.09984743448323408,0.007406218478209758,16,20,0.0948091380087183,0.09052935926229962,True,True,True,0.0001157791463936787,COMPLETE
1370,0.4207667112350464,2025-04-14 06:41:19.157156,2025-04-14 06:41:37.707692,0 days 00:00:18.550536,0.9808126253958499,0.25155675488045764,16,0.024237528066976065,0.11023496073759352,0.07235171428159264,0.09217332176625043,0.08161973768133406,0.09729858590730411,0.004532839907075874,16,23,0.09272857716195383,0.08601948815106476,True,True,True,0.00013738483655237988,COMPLETE
1371,0.4408753275871277,2025-04-14 06:41:38.145648,2025-04-14 06:41:54.508423,0 days 00:00:16.362775,0.9975349751898133,0.24860023120978972,16,0.028651358309644565,0.09899529284907624,0.0742796008018633,0.08735356023150014,0.0789777366591589,0.09874042289144438,0.005144322050447947,10,28,0.0873657540046931,0.09176373344950207,True,True,True,0.0001534882803549804,COMPLETE
1372,0.3522253394126892,2025-04-14 06:41:54.951188,2025-04-14 06:42:13.488601,0 days 00:00:18.537413,0.9822060570643518,0.13901890662966576,16,0.025556202642917802,0.10672926703847725,0.06965944860803705,0.09216323443449372,0.04784862984424867,0.09830385047846772,0.007921145473235343,16,20,0.09000414880607405,0.07893075489575177,True,True,True,0.00012105086703352678,COMPLETE
1373,0.3495581865310669,2025-04-14 06:42:13.947934,2025-04-14 06:42:32.275830,0 days 00:00:18.327896,0.9818520380029857,0.18768701665835902,16,0.03292053214211808,0.11517199226330402,0.07202384611026916,0.09259972759140092,0.08266411819608882,0.09688171248920581,0.006761183388785017,16,23,0.08808545564601343,0.08805950194751291,True,True,True,0.00015023288258772684,COMPLETE
1374,0.32226009368896485,2025-04-14 06:42:32.721764,2025-04-14 06:42:51.351294,0 days 00:00:18.629530,0.9992843103714758,0.22944796757243408,16,0.0980897851042884,0.11258754049130552,0.07578090076021013,0.08880170021743193,0.08553283444439544,0.09977112902226794,0.005663476616251492,16,30,0.0914142753602947,0.08883748720767629,True,True,True,8.245102094367876e-05,COMPLETE
1375,0.1888286888599396,2025-04-14 06:42:51.790963,2025-04-14 06:43:07.890254,0 days 00:00:16.099291,0.9717699504898435,0.21299228412761267,16,0.2978029203786152,0.09777020788830143,0.07976070372895719,0.09037106405935215,0.0855489908940191,0.09991274139892724,0.007761425937866456,10,25,0.08652776474154322,0.07690303051484312,True,True,True,0.00016964938437520272,COMPLETE
1376,0.3533926844596863,2025-04-14 06:43:08.331906,2025-04-14 06:43:29.761024,0 days 00:00:21.429118,0.9827554364424701,0.1646781533401993,16,0.019199290535712094,0.10382844350825689,0.06942379490727543,0.0936352327647566,0.08380862982054277,0.096614091677702,0.008969835521126025,16,100,0.09992775005055457,0.08708813116902529,True,True,True,0.00016102589158384088,COMPLETE
1377,0.45379421710968015,2025-04-14 06:43:30.203939,2025-04-14 06:43:48.784647,0 days 00:00:18.580708,0.9692207713571128,0.24184659927312646,16,0.04173166134196603,0.11916853129583878,0.07165474599717128,0.09343600616577431,0.08073428899018914,0.09798525706752984,0.006571319297759215,16,28,0.08958414278638525,0.07998332299072478,True,True,True,0.00012481466054458087,COMPLETE
1378,0.43202552795410154,2025-04-14 06:43:49.226500,2025-04-14 06:44:07.671969,0 days 00:00:18.445469,0.9867041749224474,0.18709399241787011,16,0.024045006097595363,0.10534252320708709,0.07759240213474217,0.09106887447108464,0.08662471963344802,0.09998487413523895,0.00881889627624278,16,30,0.08700983017811814,0.09621330839626661,True,True,False,0.0001835045317212197,COMPLETE
1379,0.1888286888599396,2025-04-14 06:44:08.133768,2025-04-14 06:44:26.117720,0 days 00:00:17.983952,0.9976744706376013,0.2042284354037504,16,0.009560148668377268,0.11254637657202465,0.07385469733283741,0.09448720760927484,0.08677552367774417,0.09596250832185074,0.008201313714148086,16,26,0.09295928094185098,0.08596496520099288,False,True,True,0.00017194653999616836,COMPLETE
1380,0.1894162952899933,2025-04-14 06:44:26.564225,2025-04-14 06:44:44.947104,0 days 00:00:18.382879,0.9678264886496895,0.16609562530703825,16,0.26324891841420794,0.0967648735023324,0.06802948549240787,0.08524785587372352,0.08488862691645423,0.09645596103571065,0.010043151599780897,15,32,0.08417808260021108,0.0848078142140916,True,True,True,0.00010584945845284418,COMPLETE
1381,0.1888286888599396,2025-04-14 06:44:45.390022,2025-04-14 06:45:03.391568,0 days 00:00:18.001546,0.9678777542514839,0.22191427515221973,16,0.06657767493339606,0.12706630605053906,0.07083246005445126,0.09303725042735747,0.08846098667316203,0.09992696798126566,0.006734767477167843,16,17,0.08539127202765294,0.09851223415214738,True,True,True,0.00020201160980659453,COMPLETE
1382,0.3385342419147491,2025-04-14 06:45:03.839166,2025-04-14 06:45:22.081863,0 days 00:00:18.242697,0.7322773632582564,0.24420161558074385,16,0.005698204598803441,0.1205778333048608,0.07510647069021545,0.08876496964376153,0.08708226947711198,0.09530342938422298,0.005369301706416817,15,28,0.08842416646213107,0.0929596322686992,True,True,True,0.0001368814764019314,COMPLETE
1383,0.43270206451416016,2025-04-14 06:45:22.525749,2025-04-14 06:45:40.495418,0 days 00:00:17.969669,0.9812808199799288,0.14612195293272273,16,0.017058184911200765,0.10982727295546589,0.07273958988526343,0.09523678508101537,0.08813107347973202,0.09773508028785567,0.009622161650202507,15,23,0.09699772934054784,0.08177951579374439,True,True,True,0.00021569551643173062,COMPLETE
1384,0.45341321229934695,2025-04-14 06:45:40.939803,2025-04-14 06:45:56.799409,0 days 00:00:15.859606,0.9639383230859399,0.1818662346697914,16,0.0002540900769319569,0.1028988121086172,0.06919279205191077,0.09069273610618706,0.08432314720756735,0.09465165167104983,0.007690687517676066,9,34,0.0820350428685844,0.10179587277505345,True,True,True,0.00017528019171207616,COMPLETE
1385,0.2907508790493012,2025-04-14 06:45:57.261986,2025-04-14 06:46:16.044678,0 days 00:00:18.782692,0.6089231654273287,0.20141237093647002,16,0.028024464771985856,0.11577751205482899,0.07645274123553454,0.011215712354030669,0.0880476703856901,0.09807034251748287,0.004278047053200677,16,30,0.09172543690445686,0.09678728375830264,True,True,True,0.00023847302449992344,COMPLETE
1386,0.4472197890281678,2025-04-14 06:46:16.492890,2025-04-14 06:46:34.497888,0 days 00:00:18.004998,0.9850569593927176,0.2558819380978236,16,0.013111204518125278,0.13788217975181266,0.0731773110548716,0.094743701052759,0.08945418853948378,0.08200815454197917,0.009703640130026697,15,26,0.07890485563928873,0.09554705990848024,True,False,True,0.00019592060953070158,COMPLETE
1387,0.3821332097053528,2025-04-14 06:46:34.949694,2025-04-14 06:46:53.649390,0 days 00:00:18.699696,0.9985386387414251,0.2213013947405289,16,0.021784786276510093,0.12489006132478372,0.07087369290282858,0.09810296157062298,0.008263028345915573,0.0963316031412711,0.005964699374762076,16,36,0.08657575618453217,0.10162010217725051,True,True,True,0.0006818087906587333,COMPLETE
1388,0.1888286888599396,2025-04-14 06:46:54.104688,2025-04-14 06:47:11.963762,0 days 00:00:17.859074,0.9985333946389099,0.12781625554721338,16,0.009795762192363196,0.0973313909176398,0.07854073812053887,0.09269474371059813,0.06213137223419202,0.09442521464123925,0.008290305583270078,15,30,0.024908408542559733,0.10590433676664698,True,True,True,0.00014380823908260993,COMPLETE
1389,0.37481946945190436,2025-04-14 06:47:12.407672,2025-04-14 06:47:31.006004,0 days 00:00:18.598332,0.9541135118219705,0.4564958389461126,16,0.03488938483132176,0.11015675796966075,0.07466877300067545,0.0999735954398174,0.09705486956818839,0.0980089473777592,0.010698527809221675,16,28,0.0831673388460934,0.10731466014975881,True,True,True,0.0002347592426612866,COMPLETE
1390,0.2964328169822693,2025-04-14 06:47:31.474569,2025-04-14 06:47:49.993150,0 days 00:00:18.518581,0.9993728436560437,0.17602540347278645,16,0.018759799227641597,0.11682093170460665,0.06752509113810691,0.09605885403449224,0.08647653868949101,0.07760852192109195,0.007038780405235957,15,33,0.0904708603473171,0.04207180691655112,True,True,True,0.0005704034046013742,COMPLETE
1391,0.362268877029419,2025-04-14 06:47:50.444814,2025-04-14 06:48:08.362304,0 days 00:00:17.917490,0.9651621240782379,0.15396743468715005,16,0.005434519979300036,0.12898909289568808,0.07161479512725562,0.09409466817940179,0.09211116002212301,0.09597093727851966,0.008518207977539563,15,22,0.08503548792838603,0.09912680639718556,True,True,True,0.0003353721612247399,COMPLETE
1392,0.4749758362770081,2025-04-14 06:48:08.814701,2025-04-14 06:48:27.614777,0 days 00:00:18.800076,0.9448420899584625,0.1980088709343394,16,0.02570185095396976,0.10708811040761232,0.06929123185023836,0.09701736788359316,0.08918334370054054,0.09426493046067062,0.011464488093756022,16,30,0.08848767222354892,0.08099109412953505,True,True,True,0.0004514236594729142,COMPLETE
1393,0.29920001029968263,2025-04-14 06:48:28.064950,2025-04-14 06:48:48.229786,0 days 00:00:20.164836,0.9550182741039895,0.21330106590226522,16,0.03006920283041243,0.10002952876117052,0.06795462956788713,0.09833072797719074,0.07030226913225232,0.0933282952362998,0.012450407870004832,15,87,0.0908043544008256,0.03276153856202593,True,True,True,0.0007383160833300113,COMPLETE
1394,0.35300784111022954,2025-04-14 06:48:48.673450,2025-04-14 06:49:04.415487,0 days 00:00:15.742037,0.9997163502023478,0.24463030978188288,16,0.013621602095006756,0.09450250553240776,0.08446648383637456,0.09680014263181283,0.08486748473007744,0.09341895938656519,0.009815627641392332,8,36,0.09487580495080958,0.08079265883670106,True,True,True,0.0005407314310785739,COMPLETE
1395,0.36320210695266725,2025-04-14 06:49:04.864598,2025-04-14 06:49:23.547834,0 days 00:00:18.683236,0.9695119598856763,0.2197952957919015,16,0.02323771635376388,0.10775003167308529,0.06633314517517329,0.09802486853800738,0.08740729904413973,0.09247983476947763,0.0073562462448941435,16,33,0.09281014553237957,0.07845530401061253,True,True,True,0.0004708412292412994,COMPLETE
1396,0.3119923949241638,2025-04-14 06:49:24.013029,2025-04-14 06:49:42.593234,0 days 00:00:18.580205,0.9485401457273567,0.23550443012065442,16,0.03981343164443708,0.10365958303285816,0.07647724561438866,0.09991812656719355,0.08827870799307644,0.09395486286574571,0.014169446664331705,15,32,0.03729416145418791,0.07585831771098868,True,True,True,0.0007533740935366138,COMPLETE
1397,0.24533445835113527,2025-04-14 06:49:43.044935,2025-04-14 06:49:57.942006,0 days 00:00:14.897071,0.9740843492902863,0.21038494510933436,16,0.1325867286631112,0.0917218352701912,0.08074793410436731,0.09490508526933608,0.08584637462013742,0.09192200656428329,0.024844203137664504,6,37,0.08972481969419085,0.11128050610868434,True,True,True,0.0005363760222780277,COMPLETE
1398,0.3563791632652283,2025-04-14 06:49:58.397033,2025-04-14 06:50:16.993155,0 days 00:00:18.596122,0.9409417972144984,0.25685860948436334,16,0.004845975555739897,0.10153667300713727,0.04902405142726671,0.09138436529423329,0.08895993147380632,0.08059709108250024,0.005877280672883638,16,30,0.089042636129714,0.07447638917084264,True,True,False,0.00042227193610451215,COMPLETE
1399,0.1888286888599396,2025-04-14 06:50:17.440389,2025-04-14 06:50:32.671992,0 days 00:00:15.231603,0.999770349680812,0.1988518771811162,16,0.015637293992545088,0.1069978670729357,0.06917350392196621,0.09619032183855916,0.08303034526265762,0.0947727002970859,0.011507312693740663,9,26,0.0913228766380517,0.08091583409297846,False,True,True,0.0008924384313358915,COMPLETE
1400,0.3543671727180481,2025-04-14 06:50:33.121600,2025-04-14 06:50:51.610280,0 days 00:00:18.488680,0.9673500668555509,0.23306371412437993,16,0.009754270363964897,0.09516824178384033,0.07315525088360716,0.09286690700951473,0.08937802745101728,0.09080070460888054,0.01820558360644611,15,34,0.08849490189203753,0.08356577113531982,True,True,True,0.0005932553293174428,COMPLETE
1401,0.39705847501754765,2025-04-14 06:50:52.079995,2025-04-14 06:51:11.024820,0 days 00:00:18.944825,0.9527261926474039,0.19197975113383614,16,0.019967917359909743,0.10192497531508607,0.0706517932968679,0.08849887344665244,0.08723756695132065,0.09469032782698593,0.00863105341307417,16,41,0.09280029950469765,0.11404055752541138,True,True,True,0.00046993080347697123,COMPLETE
1402,0.3559625864028931,2025-04-14 06:51:11.481669,2025-04-14 06:51:29.736183,0 days 00:00:18.254514,0.9756478860097485,0.2624400548103244,16,0.02967502048106917,0.10633469926886763,0.0749387558047336,0.09814779379416501,0.0910100455732273,0.08535839496617188,0.010170820078588837,15,31,0.08788881892699912,0.06742282924394764,True,True,True,0.0006297947366712349,COMPLETE
1403,0.43487267494201665,2025-04-14 06:51:30.186162,2025-04-14 06:51:48.366051,0 days 00:00:18.179889,0.9363383856120978,0.2271944206024533,16,0.0056981707821041425,0.0871265414898787,0.07876595851096818,0.09467125745788355,0.08980198853288927,0.09307760847274649,0.0022648165228821107,15,28,0.09041278668699723,0.110654198641736,True,True,True,0.0004118959893448042,COMPLETE
1404,0.4043499231338501,2025-04-14 06:51:48.815234,2025-04-14 06:52:05.240372,0 days 00:00:16.425138,0.9568025435896669,0.20473953418375251,16,0.01351022502162517,0.10854039062995899,0.07249253418179892,0.09678179598633585,0.08746365025990842,0.09065321987209757,0.015176637628130594,10,25,0.08809569248930159,0.07157769571800747,True,True,True,0.00040495650221972353,COMPLETE
1405,0.40152795314788825,2025-04-14 06:52:05.689129,2025-04-14 06:52:23.728471,0 days 00:00:18.039342,0.981639274633332,0.1949009370725498,16,0.02384077259698614,0.09904234320261829,0.06835467278509255,0.09992780260693192,0.08547414581045407,0.08326720485755562,0.006864776245482835,16,12,0.09463181472768233,0.1082464606929904,True,False,True,0.0003826886577579172,COMPLETE
1406,0.44052515029907224,2025-04-14 06:52:24.180388,2025-04-14 06:52:42.762651,0 days 00:00:18.582263,0.9356193502664683,0.24256663260963474,16,0.00033620045031847005,0.11238028089834019,0.06632696085469993,0.09046296789946184,0.08958102043736445,0.09466593249492831,0.008490010592429636,15,33,0.08962465915645054,0.10456963814302257,True,True,True,0.0004904664756009158,COMPLETE
1407,0.1888286888599396,2025-04-14 06:52:43.233184,2025-04-14 06:53:02.160974,0 days 00:00:18.927790,0.9811454315095582,0.21725362381068938,16,0.017700035936986873,0.09512841274715901,0.07654653052901243,0.00713624282232702,0.0911347863416714,0.08690802219944088,0.004649244127634901,17,38,0.010198996863307087,0.1164263599589155,True,True,True,0.000664369537024841,COMPLETE
1408,0.4388138055801392,2025-04-14 06:53:02.616312,2025-04-14 06:53:21.030607,0 days 00:00:18.414295,0.955761838495045,0.19004266544745546,16,0.03452203118936587,0.10555700625379517,0.07400701583770669,0.09485699505378574,0.0818644569315155,0.09209092804980727,0.012183676911623937,15,30,0.08666738129936481,0.10206891087987115,True,True,True,0.00032484510930334885,COMPLETE
1409,0.3997580647468567,2025-04-14 06:53:21.481172,2025-04-14 06:53:40.189645,0 days 00:00:18.708473,0.967782575573508,0.2641536681782537,16,0.00930708725274046,0.11435130862431264,0.0706286705190905,0.09809696132882767,0.09071089096034576,0.09519993747293157,0.009924000806786508,16,35,0.09348582211021363,0.09569613550213212,True,True,True,0.0003564270408678755,COMPLETE
1410,0.44722741842269903,2025-04-14 06:53:40.640381,2025-04-14 06:53:58.804897,0 days 00:00:18.164516,0.9325533009649037,0.23309554700292953,16,0.026931297675162492,0.10004969238862552,0.0033268074466143993,0.09278989069888872,0.08793026690069652,0.08994168204364138,0.0075383270839982225,15,27,0.09077410545369936,0.11615613130699855,True,True,True,0.0004951461010918706,COMPLETE
1411,0.44238874912261966,2025-04-14 06:53:59.254159,2025-04-14 06:54:17.339409,0 days 00:00:18.085250,0.9995635820544425,0.21317513063682256,16,0.013690980440127141,0.1104321525249315,0.07218812831711759,0.09619577517371819,0.04487253246784499,0.09601206092320555,0.012725871133630499,14,32,0.08725602875615925,0.08337966395961233,True,True,True,0.0003089141750290014,COMPLETE
1412,0.4214653015136719,2025-04-14 06:54:17.811742,2025-04-14 06:54:36.192317,0 days 00:00:18.380575,0.9812314929424256,0.19074344237230312,16,0.018499239243782037,0.09058609287013612,0.0696845843537491,0.08663521705446896,0.09261908583195629,0.09287174885556855,0.005440053699067273,16,21,0.08891671257030166,0.1092527010882896,True,True,True,0.0003922422721935136,COMPLETE
1413,0.42082762718200684,2025-04-14 06:54:36.647532,2025-04-14 06:54:54.853339,0 days 00:00:18.205807,0.9467052571711552,0.24425187634898216,16,0.004788965957723969,0.10409971255060357,0.07765114614609521,0.09825699034849439,0.08975455028909048,0.08834600681198398,0.009087594775190212,15,25,0.09596881124790735,0.25690111436408886,True,True,True,0.000592035116325026,COMPLETE
1414,0.4423830032348633,2025-04-14 06:54:55.306246,2025-04-14 06:55:13.256110,0 days 00:00:17.949864,0.965803961288538,0.21359147941179135,16,0.023084894583226052,0.11262949472606226,0.07475588326207178,0.09415847642159797,0.08491952613995479,0.09371375828254222,0.0062729847421207595,14,29,0.09176965493201561,0.11870912066274408,True,True,True,0.0004440356887105494,COMPLETE
1415,0.3381770610809326,2025-04-14 06:55:13.708508,2025-04-14 06:55:41.836217,0 days 00:00:28.127709,0.9230110870896163,0.18020615756521946,8,0.00021792820635597662,0.10627179942979588,0.06855255708214181,0.09998133326615458,0.09215311049669409,0.0965424170401548,0.01686363103204763,17,118,0.08632417328355253,0.11074716864979703,True,True,True,0.0002870884717408008,COMPLETE
1416,0.2323752284049988,2025-04-14 06:55:42.289869,2025-04-14 06:56:00.012380,0 days 00:00:17.722511,0.9998784629127574,0.2293946905602365,16,0.01019845071888091,0.08311485902759708,0.07227275687482672,0.09656582489899164,0.08859936393836032,0.08354106380219449,0.05781783517253278,14,36,0.08851624693211639,0.12145436930244717,True,True,False,0.0003626771545497701,COMPLETE
1417,0.1888286888599396,2025-04-14 06:56:00.484045,2025-04-14 06:56:17.951628,0 days 00:00:17.467583,0.952082069137628,0.272701119745922,16,0.032418565180993036,0.11687226885203239,0.06515517358452075,0.09171745309767299,0.0916927366544453,0.09047728111985717,0.010918930630595408,15,31,0.08680178173047014,0.08865316230991786,False,True,True,0.0007795001267767214,COMPLETE
1418,0.4391705513000489,2025-04-14 06:56:18.409406,2025-04-14 06:56:36.975027,0 days 00:00:18.565621,0.9792092390382034,0.2028428418681153,16,0.01844181333106896,0.09887539555972193,0.07558140453662884,0.09537558519869833,0.07677270399971806,0.09601305142280851,0.023018989331656622,16,28,0.09128772230514123,0.07208053187480223,True,True,True,0.00028294324657657607,COMPLETE
1419,0.40361713171005253,2025-04-14 06:56:37.434625,2025-04-14 06:57:00.210317,0 days 00:00:22.775692,0.933031170615175,0.17275651341163392,8,0.012141886565866858,0.11309151354791955,0.07111777010716006,0.08947124707596389,0.09289202503501605,0.08046508470708998,0.008081417190697148,14,34,0.0977106815477945,0.10113629329662599,True,True,True,0.00047046823329663124,COMPLETE
1420,0.41287875175476074,2025-04-14 06:57:00.663881,2025-04-14 06:57:18.808610,0 days 00:00:18.144729,0.9604173653590519,0.24828187276957217,16,0.027129640219648837,0.09391181762502247,0.0736781339222469,0.09333493187379546,0.08676343561868678,0.0924144716458283,0.013930734332228535,15,23,0.0893937715167271,0.11656668558887347,True,True,True,0.00035887302908043685,COMPLETE
1421,0.44346209764480593,2025-04-14 06:57:19.283284,2025-04-14 06:57:37.513485,0 days 00:00:18.230201,0.9806860546775663,0.2262785104345141,16,0.005644496281339115,0.10843943271744388,0.06701103128740715,0.09778539600822783,0.09074048027295158,0.09410221298296637,0.0037066389173549853,15,31,0.09354111567961446,0.112557821183798,True,True,True,0.0002620128886250553,COMPLETE
1422,0.3600317358970642,2025-04-14 06:57:37.972682,2025-04-14 06:57:56.683885,0 days 00:00:18.711203,0.9424912120236315,0.19462199789843096,16,0.020324737387658956,0.1180658512787161,0.08201064565416909,0.09997355348384619,0.09343941447981073,0.09648042052086236,0.010649970556404207,16,38,0.08570442996380216,0.12575772884248934,True,True,True,0.0006344666163436034,COMPLETE
1423,0.4375608563423157,2025-04-14 06:57:57.147994,2025-04-14 06:58:21.178634,0 days 00:00:24.030640,0.9191122768316886,0.20732251113581407,8,0.010558635581461865,0.10262939740165525,0.06925396509752604,0.0965797825237294,0.08932466238242354,0.09117321637293763,0.006824805631018864,16,26,0.08771051284936905,0.10370873805791275,True,True,True,0.0002968213845102357,COMPLETE
