number,value,datetime_start,datetime_complete,duration,params_alpha-eval,params_alpha-train,params_batch-size,params_eps-eval,params_eps-train,params_lambda-actions-eval,params_lambda-actions-train,params_lambda-frames-eval,params_lambda-frames-train,params_learning-rate,params_n-epochs,params_n-frames,params_radius-gw,params_rho,params_std-feats,params_ub-actions,params_ub-frames,params_weight-decay,state
1766,0.2713840663433075,2025-04-14 08:57:20.247784,2025-04-14 08:57:38.227469,0 days 00:00:17.979685,0.2913655565737772,0.279472610941136,16,0.04441171697564261,0.06667468906497667,0.07493281735803349,0.09809632074441449,0.09761094578556496,0.09509699730393453,0.01022153300669892,14,32,0.08250865253836825,0.030773511352617407,True,True,True,0.0003291692870870621,COMPLETE
1767,0.41063628196716306,2025-04-14 08:57:38.829484,2025-04-14 08:57:57.505888,0 days 00:00:18.676404,0.9570308092533851,0.18663936847233575,16,0.028278011079074794,0.08609342438729463,0.07304487191161173,0.04280647874207126,0.0796556257739961,0.09989009289643813,0.012677976615453806,16,27,0.08617777245364364,0.06705139818964741,True,True,True,0.00017911792691929413,COMPLETE
1768,0.3932922840118408,2025-04-14 08:57:58.074989,2025-04-14 08:58:22.588603,0 days 00:00:24.513614,0.9653047794805514,0.26101566830886075,8,0.015457807075754438,0.09210673679963827,0.06876582021630381,0.09616970782352237,0.09543071713064828,0.0974769544815762,0.008518285906583064,16,37,0.08862433321281464,0.06274290263197332,True,True,True,4.796077047678971e-07,COMPLETE
1769,0.35803668498992924,2025-04-14 08:58:23.176221,2025-04-14 08:58:43.567673,0 days 00:00:20.391452,0.9824104371015936,0.12016618580122182,16,0.02359765069997531,0.08135344060557591,0.07949255067463641,0.09353505304636384,0.08753126345228254,0.09999942821188099,0.005955170991806694,17,60,0.07978102205372174,0.041501248770082676,True,True,True,0.0004139352658107752,COMPLETE
1770,0.3170380711555481,2025-04-14 08:58:44.138944,2025-04-14 08:59:04.145301,0 days 00:00:20.006357,0.9994576006580668,0.23668812176441387,16,0.030068270690444477,0.08929534734674757,0.05722326401535285,0.09699498431624985,0.09178768290604136,0.026418685046883307,0.007445296892255605,15,77,0.08525553336159716,0.07047314770788396,True,True,True,0.0002430697934700374,COMPLETE
1771,0.37017350196838383,2025-04-14 08:59:04.735401,2025-04-14 08:59:24.179389,0 days 00:00:19.443988,0.826629258009889,0.1802468462311089,16,0.03955060853335826,0.14731734903453703,0.08305979210599856,0.09845605845555969,0.0979278092867535,0.095248369560156,0.010793223328915476,18,30,0.0836350039986658,0.036243363384072615,True,True,True,0.0006681057357958033,COMPLETE
1772,0.38254532814025877,2025-04-14 08:59:24.749712,2025-04-14 08:59:42.862074,0 days 00:00:18.112362,0.9545236344302472,0.19919604303151844,16,0.0855958602728085,0.093709968389616,0.06595792788993321,0.09475717547359824,0.09486700650236202,0.09721102194176696,0.009063102779201795,15,25,0.08144204816296119,0.056086285163297195,True,True,True,0.0003072513112198435,COMPLETE
1773,0.3707503437995911,2025-04-14 08:59:43.446573,2025-04-14 09:00:06.182323,0 days 00:00:22.735750,0.9994621515094118,0.3177715007795401,8,0.013226504176827811,0.0753612198107244,0.07666954635473956,0.09826520646074749,0.09995436659316317,0.09406201811902166,0.012523943323430969,14,32,0.03467619161448893,0.10604744163372191,True,True,True,0.00020107022900153382,COMPLETE
1774,0.1888286888599396,2025-04-14 09:00:06.773706,2025-04-14 09:01:05.196033,0 days 00:00:58.422327,0.9709760680814852,0.35296135820299046,2,0.021340653529724366,0.08777730112072268,0.06963411300728417,0.09131169088237374,0.08434273011022306,0.09531775686515642,0.006945996952219833,15,40,0.0013115503700691505,0.05985119947013024,True,True,True,0.00039928060918248865,COMPLETE
1775,0.1888286888599396,2025-04-14 09:01:05.768972,2025-04-14 09:01:24.157477,0 days 00:00:18.388505,0.9474242801439687,0.1480848659732238,16,0.033526587754736645,0.2877753974689259,0.07273690365762481,0.09995101079462175,0.09030882073957269,0.0980782131983421,0.01019311845626865,16,29,0.08695311818602146,0.05069787625819114,True,True,True,0.0004997848005763814,COMPLETE
1776,0.1888286888599396,2025-04-14 09:01:24.726762,2025-04-14 09:01:43.039670,0 days 00:00:18.312908,0.9746270926488776,0.22263592607774532,16,0.017105537662496655,0.2430441371509151,0.07481160494185345,0.09521725773883202,0.09259507603914224,0.09665717861779957,0.008039506080781866,15,35,0.08868722023084998,0.047975420856741315,True,True,True,0.00015627699414110478,COMPLETE
1777,0.3007545351982117,2025-04-14 09:01:43.630712,2025-04-14 09:02:01.657792,0 days 00:00:18.027080,0.6455552392428061,0.2947856909921044,16,0.010515701467510427,0.09468219843135925,0.07167010508954443,0.09644994060833186,0.09550576195881004,0.09995039225667166,0.006302539798173384,14,45,0.08458458325257319,0.03412425241962562,True,True,False,0.00026901066296293404,COMPLETE
1778,0.3759819746017456,2025-04-14 09:02:02.230532,2025-04-14 09:02:20.169843,0 days 00:00:17.939311,0.8721725623653914,0.2510971462283417,16,0.024265853447848394,0.08583311413520647,0.06703320932474766,0.093454922016056,0.0886436260275726,0.09486609965887637,0.009409214597578151,16,23,0.08214606278291298,0.1060962061495038,False,True,True,0.0007692042836353024,COMPLETE
1779,0.42690062522888184,2025-04-14 09:02:20.764215,2025-04-14 09:02:43.824541,0 days 00:00:23.060326,0.9998951342354918,0.1688589727509417,8,0.017835378446945875,0.06433695562993716,0.0696660463083275,0.0999322439072679,0.09689932136370331,0.09731243129445678,0.012075683724961131,14,27,0.08636458740337884,0.10558739449715975,True,True,True,0.00036358589037308677,COMPLETE
1780,0.34757949113845826,2025-04-14 09:02:44.396938,2025-04-14 09:03:03.652866,0 days 00:00:19.255928,0.24820164641306358,0.20109284965318436,16,0.02755368557192763,0.07863307147883108,0.07468074205737066,0.09703398194130368,0.0932293560106564,0.09423543891346219,0.007298025447110269,17,33,0.07993111217689693,0.10778649104546906,True,True,True,0.0005733432345294651,COMPLETE
1781,0.4315661311149598,2025-04-14 09:03:04.245619,2025-04-14 09:03:22.499352,0 days 00:00:18.253733,0.9504076177810986,0.2704514701496535,16,0.012745458164829289,0.09559488302379446,0.07739979768774653,0.09826501947905161,0.09821459528615051,0.09828514501700687,0.0055347902001146206,15,30,0.0887327132544198,0.06578279008898867,True,True,True,4.797556600361496e-08,COMPLETE
1782,0.36608386039733887,2025-04-14 09:03:23.075989,2025-04-14 09:03:42.027306,0 days 00:00:18.951317,0.9644926789630314,0.23255219689467913,16,0.03419701684595964,0.09024092872507426,0.07185545171027462,0.09301595765986401,0.08219342394636049,0.09458806801050323,0.008635599505623065,16,37,0.08410607278813167,0.04426648146807581,True,True,True,0.00029733947287099267,COMPLETE
1783,0.4520162343978882,2025-04-14 09:03:42.622489,2025-04-14 09:04:00.602577,0 days 00:00:17.980088,0.9807063497092066,0.21098408667797264,16,0.006304292396734379,0.07160855588450984,0.04665439361134982,0.09546881462163703,0.08647901118986512,0.09997592044100456,0.010753457900977039,14,28,0.08711237142137897,0.02698279771026323,True,True,True,0.00046245369075191594,COMPLETE
1784,0.37721917629241947,2025-04-14 09:04:01.171638,2025-04-14 09:04:19.426789,0 days 00:00:18.255151,0.9464620788053674,0.18763613636727644,16,0.020134805736585493,0.08255333160225217,0.07341912028725725,0.09994980152678756,0.09097616098468454,0.09652172992172507,0.012910539612999785,15,33,0.08312284978650554,0.02103516148708655,True,True,True,0.00021104260865120774,COMPLETE
1785,0.32192525267601013,2025-04-14 09:04:20.017566,2025-04-14 09:04:43.949597,0 days 00:00:23.932031,0.49291575137613625,0.24691790384423812,8,0.041543670049779546,0.09703429969776736,0.0628154796422096,0.09710609231321646,0.09999447823335159,0.09422494388429029,0.0065865356669364,16,24,0.0851080032079357,0.1135394456093495,True,False,True,0.00011384654681186824,COMPLETE
1786,0.1888286888599396,2025-04-14 09:04:44.543853,2025-04-14 09:05:02.594464,0 days 00:00:18.050611,0.8435764597916547,0.1376714931218673,16,0.026228854745822493,0.09204842480202088,0.06542025169703956,0.09160429152466375,0.06503253658669415,0.09790530623024489,0.008362650993760348,15,30,0.00741736434872424,0.06984456389587296,True,True,True,3.252984386788956e-05,COMPLETE
1787,0.33595526218414307,2025-04-14 09:05:03.172689,2025-04-14 09:05:21.424804,0 days 00:00:18.252115,0.9804052439976749,0.10807614274525237,16,0.013333078819935902,0.13612927928289897,0.07895075746873678,0.09998305198415336,0.09434004509403572,0.09640676755051313,0.010289816181255863,14,42,0.08919931093211754,0.0534041763599941,True,True,True,0.0003725308738696131,COMPLETE
1788,0.4454526782035828,2025-04-14 09:05:21.997396,2025-04-14 09:05:41.215580,0 days 00:00:19.218184,0.9502832886182645,0.1584527189103711,16,0.04824608966406432,0.09823418289762538,0.06868305530952222,0.0947865276501837,0.09232526448518899,0.09367360157970467,0.007013907800398587,17,34,0.08115540512605615,0.10399540213235155,True,True,True,0.0006012323703291893,COMPLETE
1789,0.1888286888599396,2025-04-14 09:05:41.808036,2025-04-14 09:05:59.026029,0 days 00:00:17.217993,0.9662585095157055,0.2163187105141196,16,0.2880699807939909,0.09924616268856215,0.05511932781925723,0.0980612779329525,0.09625750931186838,0.0954046234582926,0.005793818817570306,13,26,0.08709454004237059,0.11392851060092307,True,True,True,0.0002606270294356087,COMPLETE
1790,0.19704132676124575,2025-04-14 09:05:59.603937,2025-04-14 09:06:23.656647,0 days 00:00:24.052710,0.8724185844778887,0.276867654132869,8,0.20416886236067355,0.08376997486521755,0.0754368172121194,0.09602941706022505,0.08948885511060514,0.04654756409745043,0.009055503106592318,16,20,0.08371576058123813,0.10900757523481078,True,True,True,0.00014015482377299337,COMPLETE
1791,0.3635915517807007,2025-04-14 09:06:24.251331,2025-04-14 09:06:42.704291,0 days 00:00:18.452960,0.9365609623488523,0.18480501333392324,16,0.009931533177543517,0.13187325996236396,0.07057806858114171,0.09303629107369887,0.09407944552919041,0.09827656591144177,0.012237775380106508,15,31,0.08574226307774405,0.11593314475103039,True,True,True,0.0004540192758393388,COMPLETE
1792,0.3899218320846558,2025-04-14 09:06:43.277494,2025-04-14 09:07:01.141885,0 days 00:00:17.864391,0.9829788743464937,0.23374046480633162,16,0.02089180784745623,0.08891294091345117,0.05861596724201517,0.09670779908500715,0.09716259956927058,0.0966637183766301,0.007903972177859231,14,37,0.08186803666089856,0.10547373580546152,True,True,True,0.00018080876576452717,COMPLETE
1793,0.1888286888599396,2025-04-14 09:07:01.740332,2025-04-14 09:07:56.437470,0 days 00:00:54.697138,0.7735042714801658,0.6702252482124449,2,0.031068533716515398,0.17338079157839825,0.07312240947160292,0.09821940149959567,0.0905901785176159,0.09372861590971598,0.010556918471598732,14,28,0.08907406590176259,0.05725707532585889,True,True,True,2.999004629078915e-07,COMPLETE
1794,0.42719845771789555,2025-04-14 09:07:57.037892,2025-04-14 09:08:15.436771,0 days 00:00:18.398879,0.9539911836752716,0.29960959666942893,16,0.00670022014132493,0.07541661926322722,0.07704325142092727,0.09996191118903888,0.08799847446260826,0.0980244283859668,0.006999323974474907,15,33,0.07961953595814561,0.01587627087060823,True,True,True,0.00033456438526837637,COMPLETE
1795,0.3561819314956665,2025-04-14 09:08:16.020228,2025-04-14 09:08:34.960811,0 days 00:00:18.940583,0.966220046875078,0.2582865307742338,16,0.025696211384453722,0.10148546114076779,0.06999232550018313,0.02948014414037066,0.09513293623937776,0.095462545169494,0.005534176695864511,17,24,0.08435272628942331,0.11752863885294981,True,True,True,0.0007644474768141275,COMPLETE
1796,0.37172112464904783,2025-04-14 09:08:35.562862,2025-04-14 09:08:59.450975,0 days 00:00:23.888113,0.9516426007395954,0.2004929301890484,8,0.015166866238901707,0.09441559224313814,0.08072939215032315,0.09421374027882247,0.010071405902767581,0.09374844678615546,0.008764152719080478,16,29,0.08693088155067297,0.10232594328612284,True,True,False,9.376188411623014e-07,COMPLETE
1797,0.1888286888599396,2025-04-14 09:09:00.038732,2025-04-14 09:09:17.761091,0 days 00:00:17.722359,0.9806799862727015,0.17128645377013782,16,0.03703254925071305,0.14248494060336192,0.06750381619509546,0.09562284682728764,0.09807099673272254,0.09622805323685567,0.013082339938031264,15,39,0.08226110421379743,0.10941203986932634,False,True,True,0.00023720003702422084,COMPLETE
1798,0.37021764516830447,2025-04-14 09:09:18.342629,2025-04-14 09:09:37.250851,0 days 00:00:18.908222,0.9385579939799508,0.22195763673222924,16,0.019222628322535563,0.12837756667461492,0.07467956549669744,0.09997571921779358,0.09238229276724236,0.09820580055017258,0.01076931847430549,16,34,0.08934864341720121,0.11826968907881533,True,True,True,0.0003024280877331064,COMPLETE
1799,0.35268362760543825,2025-04-14 09:09:37.847279,2025-04-14 09:09:55.468237,0 days 00:00:17.620958,0.8194640198173191,0.20364186563344186,16,0.0052226385503245515,0.10477559014744366,0.07220991806783573,0.0911022853828651,0.09376746019180378,0.06796317482008937,0.007963583206927319,14,26,0.041957530137952545,0.006340639800461401,True,True,True,6.654188199048487e-07,COMPLETE
1800,0.33325105905532837,2025-04-14 09:09:56.048161,2025-04-14 09:10:14.357478,0 days 00:00:18.309317,0.9831031677096752,0.2519606871313938,16,0.02872754770540838,0.12624040521854615,0.07601171401894694,0.09688389816627757,0.08519759320880238,0.02901770018129047,0.006493310699952506,15,30,0.08554051856864746,0.07083869841611493,True,True,True,0.0005628142279226772,COMPLETE
1801,0.33485724925994875,2025-04-14 09:10:14.958202,2025-04-14 09:10:37.012387,0 days 00:00:22.054185,0.9355144704819818,0.5829470543984195,8,0.013123492295795621,0.08266924090624723,0.07075213897282404,0.09363304475615919,0.09573942615542201,0.09363780987723284,0.009440387021718632,13,36,0.08028709215142459,0.06399951296038464,True,True,True,0.000415629476426626,COMPLETE
1802,0.4806442499160767,2025-04-14 09:10:37.589803,2025-04-14 09:10:55.782641,0 days 00:00:18.192838,0.9989260781735197,0.23160307270230396,16,0.022648960908803098,0.10116078553157568,0.06840133066020768,0.09826757970528358,0.09824391580831557,0.09514007611371689,0.012822906354752299,15,31,0.0876886522314062,0.11027808329738274,True,True,True,0.00020324601010920565,COMPLETE
1803,0.44418618679046634,2025-04-14 09:10:56.379475,2025-04-14 09:11:13.978221,0 days 00:00:17.598746,0.9884405510042568,0.42461228670084555,16,0.021580564821186504,0.10083340186543051,0.06456393237634725,0.09542335456710041,0.09098423475117923,0.09292616484030572,0.01465536653688591,14,27,0.0896265019600042,0.1087028120296854,True,False,True,0.00014552585821055365,COMPLETE
1804,0.4096022844314575,2025-04-14 09:11:14.561330,2025-04-14 09:11:32.184660,0 days 00:00:17.623330,0.9988770291470842,0.20926217528303936,16,0.01954895736330543,0.1059599989579757,0.0660721211663518,0.09802161503477533,0.08849192904241887,0.09311332711069806,0.015048313571132841,14,22,0.09006336208806967,0.10451713479684072,True,True,True,0.00012148160700468374,COMPLETE
1805,0.4486205935478211,2025-04-14 09:11:32.785495,2025-04-14 09:11:51.210619,0 days 00:00:18.425124,0.9806868403743308,0.1911429368638956,16,0.024443097546832358,0.10265222002784956,0.06418221051214142,0.09674455522523094,0.09304909262854091,0.09484378491926411,0.012632800302373487,15,32,0.0902663383223752,0.1111885877712345,True,True,True,0.00018463957405853362,COMPLETE
1806,0.28234807252883914,2025-04-14 09:11:51.791863,2025-04-14 09:12:14.022956,0 days 00:00:22.231093,0.7082435876685316,0.21768282986335,8,0.01692996915877545,0.10417132473972075,0.0676786808153051,0.06507883216712688,0.09536350054937144,0.09267176158887463,0.013021226855910012,13,35,0.0888856294947445,0.10337294742567255,True,True,True,0.00016439608704118093,COMPLETE
1807,0.39424518346786497,2025-04-14 09:12:14.631140,2025-04-14 09:12:32.465495,0 days 00:00:17.834355,0.9805636266775148,0.18655382454000105,16,0.02387617087229774,0.11165843124376168,0.06628218202178675,0.06088224319861278,0.09702996426484661,0.09393462837331662,0.01399457288979033,14,28,0.08796771710358439,0.113305349777402,True,True,True,0.00019417550975268604,COMPLETE
1808,0.4535847187042237,2025-04-14 09:12:33.072953,2025-04-14 09:12:51.249602,0 days 00:00:18.176649,0.9836808365175094,0.2256758157170145,16,0.01486341054842892,0.10671436349193676,0.06204948839145383,0.09277327892314675,0.0902115924358616,0.0951958591622509,0.013984545881213267,14,32,0.08748053011950067,0.10888287462503551,True,True,True,8.015204143795353e-05,COMPLETE
1809,0.4225056529045105,2025-04-14 09:12:51.836303,2025-04-14 09:13:09.969914,0 days 00:00:18.133611,0.9990525416477478,0.171222615540341,16,0.01108567094028602,0.10095393389999065,0.06797788131807145,0.09824988546257392,0.09207015794913592,0.09212446418036993,0.013603718390818767,15,25,0.0872415737336071,0.102185156436632,True,True,True,0.00015396739022402104,COMPLETE
1810,0.3852296113967896,2025-04-14 09:13:10.574672,2025-04-14 09:13:29.070915,0 days 00:00:18.496243,0.9696009194223215,0.20730423290444158,16,0.019116635967876376,0.11085490407876372,0.06547190304887436,0.09504916696508814,0.09428414837356285,0.09594726070879911,0.011636061253424815,15,37,0.09073248025259421,0.11542840539827501,True,True,True,0.00021240023394482354,COMPLETE
1811,0.45531257390975954,2025-04-14 09:13:29.657748,2025-04-14 09:13:47.425748,0 days 00:00:17.768000,0.9831716401829719,0.20056043514269004,16,0.022674335158307912,0.11412950609663743,0.06843242288337904,0.09079538207815849,0.08660154100814435,0.0942888464330378,0.010913180022158945,14,29,0.09092959974119849,0.11126598074923888,True,True,True,0.00011143313461217055,COMPLETE
1812,0.4561519265174866,2025-04-14 09:13:48.034016,2025-04-14 09:14:11.808001,0 days 00:00:23.773985,0.9627576798763854,0.15343715204008113,8,0.02717005262941073,0.10014577737917155,0.06862065603003424,0.09829940125005879,0.09833153882010022,0.09296898876186255,0.012192073732595598,15,32,0.08858645553946456,0.10025353025765886,True,True,True,0.00019647152621099124,COMPLETE
1813,0.32653986215591435,2025-04-14 09:14:12.400210,2025-04-14 09:14:30.172447,0 days 00:00:17.772237,0.9983411662359402,0.2301647565955372,16,0.011258361727974035,0.1065839816736945,0.06688254655305752,0.09442095091089728,0.09650278596890288,0.09994731762328422,0.013350665941319883,14,21,0.09081873088704766,0.10588586510032645,True,True,True,0.00016723942779581645,COMPLETE
1814,0.1888286888599396,2025-04-14 09:14:30.777490,2025-04-14 09:14:48.942263,0 days 00:00:18.164773,0.9664062001814749,0.18294625602264114,16,0.2691500844521127,0.09799692728595172,0.06939116519203352,0.09651142938022382,0.09303570748427346,0.09677475492392958,0.010997375920609342,15,35,0.08693182733360431,0.27555034596827693,True,True,True,0.00022652158909735156,COMPLETE
1815,0.3598580598831177,2025-04-14 09:14:49.531210,2025-04-14 09:15:45.551790,0 days 00:00:56.020580,0.9808963005170926,0.2247236593950246,2,0.01706912921379157,0.11578972010227215,0.06535055665372239,0.09666782601302715,0.0999641976805857,0.09181967944042335,0.011292099766152003,15,27,0.08899356754341091,0.11831153650387807,True,True,False,0.00024033952634547508,COMPLETE
1816,0.3784203052520752,2025-04-14 09:15:46.159056,2025-04-14 09:16:03.824289,0 days 00:00:17.665233,0.9977938201546118,0.20884830948393907,16,0.006449008986909251,0.10760134038623885,0.06908974934067857,0.09992137879240406,0.08965506390171493,0.09479616216590188,0.015391080239244726,15,40,0.08622919130145477,0.11479472289751702,False,True,True,0.00013831458075090264,COMPLETE
1817,0.35447100400924686,2025-04-14 09:16:04.413671,2025-04-14 09:16:22.332251,0 days 00:00:17.918580,0.9996996826553253,0.16932593863404996,16,0.024007995525612887,0.11403995138403265,0.06259475858771164,0.09998284185920985,0.09524973479351094,0.0982900369176632,0.009832567919939503,14,30,0.09077542941256171,0.10850225301443149,True,True,True,0.0001912721149428956,COMPLETE
1818,0.37531242370605467,2025-04-14 09:16:22.915327,2025-04-14 09:16:44.982175,0 days 00:00:22.066848,0.9642762115569908,0.2345418813322005,8,0.01682723955195956,0.12105120084376621,0.07008309190299487,0.09295081547471147,0.09152015391585347,0.09619560682895667,0.014569799650836168,13,24,0.08811648668047457,0.10011482154921172,True,True,True,0.00025354468018338756,COMPLETE
1819,0.46291619539260864,2025-04-14 09:16:45.592554,2025-04-14 09:17:03.584528,0 days 00:00:17.991974,0.9690317169114739,0.19048505840981952,16,0.028623955236200944,0.10562710111322046,0.06703691710773627,0.09522508182178323,0.09801427347275866,0.09192868509622033,0.010394012870607068,14,34,0.0855003709595399,0.11941585937993462,True,True,True,0.00014642573311765994,COMPLETE
1820,0.453693187236786,2025-04-14 09:17:04.198794,2025-04-14 09:17:22.577632,0 days 00:00:18.378838,0.9501973535992685,0.21463504994678037,16,0.009939996316337445,0.09839329111548194,0.06389979141772281,0.09797481326110034,0.08833430971110319,0.09407299227595678,0.012368742068128671,15,29,0.08805829590234938,0.11262610541894184,True,True,True,9.494496508215916e-05,COMPLETE
1821,0.3575524091720581,2025-04-14 09:17:23.167817,2025-04-14 09:17:41.484348,0 days 00:00:18.316531,0.9836853312363161,0.13528126788044592,16,0.02051438574523521,0.12339368879787883,0.07024785889887958,0.03103708135665621,0.09375456925330793,0.09829653759398212,0.009509719722492314,15,26,0.09150745270135782,0.10470373393941847,True,True,True,0.00022201431074567743,COMPLETE
1822,0.3342478394508362,2025-04-14 09:17:42.101043,2025-04-14 09:18:02.513425,0 days 00:00:20.412382,0.9644909668540526,0.23746362339755886,16,0.005588937657377382,0.11082481865195758,0.06671388592946495,0.09425161672476812,0.09616288999318567,0.09539925524767195,0.00010582267642950947,14,101,0.08371976091853717,0.11888758692706533,True,False,True,0.00025963597768506857,COMPLETE
