number,value,datetime_start,datetime_complete,duration,params_alpha-eval,params_alpha-train,params_batch-size,params_eps-eval,params_eps-train,params_lambda-actions-eval,params_lambda-actions-train,params_lambda-frames-eval,params_lambda-frames-train,params_learning-rate,params_n-epochs,params_n-frames,params_radius-gw,params_rho,params_std-feats,params_ub-actions,params_ub-frames,params_weight-decay,state
569,0.36178987026214604,2025-04-14 02:18:20.086633,2025-04-14 02:18:44.360249,0 days 00:00:24.273616,0.9658654778432763,0.21466019175163234,8,0.014146041289430618,0.11806104850035781,0.06996320411916401,0.09819337797950688,0.08914537600225178,0.08469951988853,0.010972129476151237,16,40,0.08255859260307047,0.12157092651973266,True,True,True,0.0005310932531100944,COMPLETE
570,0.3572102189064026,2025-04-14 02:18:44.537262,2025-04-14 02:19:10.586799,0 days 00:00:26.049537,0.9421194059097988,0.2645515582887506,8,0.02237057297869188,0.1121249462946628,0.0741046720577301,0.09611366664938624,0.08734193424561384,0.09139792408787242,0.014027417754835297,16,104,0.08509427942681667,0.13536268670309093,True,True,True,0.00032623808742760657,COMPLETE
571,0.36601617336273196,2025-04-14 02:19:10.764701,2025-04-14 02:19:36.854970,0 days 00:00:26.090269,0.9789367911736595,0.23571300148823893,8,0.013852692359864128,0.09778897967676706,0.0743825510976282,0.0938644698496548,0.09067628559103831,0.08841568212273143,0.01063702866116351,18,55,0.08251597624461926,0.13123306092870277,True,True,True,0.0002608142820989113,COMPLETE
572,0.460568904876709,2025-04-14 02:19:37.044638,2025-04-14 02:20:02.281041,0 days 00:00:25.236403,0.9583131581001406,0.26547395568377236,8,0.01881055604305841,0.10506557934182911,0.07169536488227968,0.09834513470189213,0.09128076861074193,0.0920888664253451,0.013605737484823443,17,32,0.08743977430470234,0.12126461873321408,True,True,True,0.00012128665204561644,COMPLETE
573,0.4397158265113831,2025-04-14 02:20:02.457551,2025-04-14 02:20:27.646510,0 days 00:00:25.188959,0.9375365909842955,0.22288893633639717,8,0.021777430232101224,0.1056518305309177,0.06703429329748947,0.09600233673011788,0.0912432338193152,0.09029902751839712,0.016651927947149717,17,33,0.08756673925629868,0.12101934863098797,True,True,True,0.00012401999638854362,COMPLETE
574,0.1888286888599396,2025-04-14 02:20:27.836893,2025-04-14 02:20:53.374116,0 days 00:00:25.537223,0.957008984689364,0.2674474375469222,8,0.29921975679516066,0.09912860753122962,0.07125146272507436,0.09393235377248087,0.08904002430818596,0.08639883945265801,0.01309871025046992,18,38,0.08660549791577028,0.12837684476193645,True,True,True,0.0001605156426471046,COMPLETE
575,0.45782719850540166,2025-04-14 02:20:53.553759,2025-04-14 02:21:18.677788,0 days 00:00:25.124029,0.9356211167227653,0.24576407800001315,8,0.023274410778223988,0.1106976469346326,0.0689490684977364,0.09824931030371692,0.09180395940145966,0.09254017081661817,0.009459711172369429,17,35,0.08490336058377806,0.12055628925464246,True,True,True,0.00018980598737385336,COMPLETE
576,0.21623995304107668,2025-04-14 02:21:18.869466,2025-04-14 02:21:44.381483,0 days 00:00:25.512017,0.9438931611572983,0.26311403900881414,8,0.23005985909476634,0.1077896802900331,0.06837212926617614,0.09841742996762251,0.09268197781429618,0.092447243387036,0.00966478275948062,18,43,0.08347929841175943,0.1117202437408581,True,True,False,0.00010157974503291574,COMPLETE
577,0.3693515777587891,2025-04-14 02:21:44.561104,2025-04-14 02:22:09.316992,0 days 00:00:24.755888,0.9327835043438775,0.24196456935194394,8,0.022418144791611704,0.12436875686098953,0.06966810694944775,0.09981531383440752,0.08697348029997105,0.09298608169649014,0.008216824752304088,17,36,0.08487503223995521,0.11963381044375675,False,True,True,0.00014550642581850787,COMPLETE
578,0.37978804111480713,2025-04-14 02:22:09.511350,2025-04-14 02:22:34.622109,0 days 00:00:25.110759,0.9332045915394213,0.2649252599152745,8,0.023145061278801927,0.11797078191727055,0.0660925810900667,0.09539599542680223,0.08909662582256564,0.08809162030391193,0.010580972299016722,17,39,0.08216848991459873,0.11406085122619639,True,True,True,0.0001912870202726167,COMPLETE
579,0.45405977964401245,2025-04-14 02:22:34.800285,2025-04-14 02:22:59.741920,0 days 00:00:24.941635,0.9600775965662814,0.24949518593009135,8,0.016691043664259546,0.11263029319751222,0.07279295781824528,0.0929682623710697,0.09242264659119519,0.09290253237716448,0.00860741412221682,17,35,0.08445240263771633,0.12257319132011893,True,True,True,0.00012193751840413255,COMPLETE
580,0.37280046939849854,2025-04-14 02:22:59.937992,2025-04-14 02:23:25.150658,0 days 00:00:25.212666,0.9530962804330129,0.24819968332747122,8,0.019397173695038794,0.11175392356355315,0.07276530455078793,0.09270493193681702,0.09340913728476428,0.09160515870077543,0.008133821460280747,17,36,0.08816140597025379,0.12103501813448925,True,True,True,0.00011690169537139036,COMPLETE
581,0.35014244318008425,2025-04-14 02:23:25.333177,2025-04-14 02:23:51.373402,0 days 00:00:26.040225,0.9349821120098852,0.2427936414185196,8,0.02419304109560151,0.1283309781272065,0.06923036195789627,0.09320320170456357,0.09142092871191437,0.08953337052235595,0.00988635175385254,18,40,0.0840408881231073,0.12401998702871123,True,True,True,0.00022286774227182126,COMPLETE
582,0.35419061183929446,2025-04-14 02:23:51.566826,2025-04-14 02:24:17.638133,0 days 00:00:26.071307,0.9604188219022401,0.2631553142659626,8,0.01720160704132296,0.11395623712150812,0.07045449912739357,0.09788496705862965,0.09327352378822185,0.09294942447964775,0.011878281340103509,17,71,0.08431315188782193,0.13624663876843884,True,True,True,0.0001715531458587812,COMPLETE
583,0.36698577404022215,2025-04-14 02:24:17.820283,2025-04-14 02:24:43.749909,0 days 00:00:25.929626,0.9739134379553216,0.22355909597824206,8,0.012787633918825128,0.09900735114838506,0.07493017777407115,0.0998040052502835,0.09166684491054591,0.0904815082017156,0.06098981811492696,18,35,0.08867058475879216,0.11890127941560313,True,True,True,0.00013523679804174017,COMPLETE
584,0.3896898746490479,2025-04-14 02:24:43.934836,2025-04-14 02:25:03.537661,0 days 00:00:19.602825,0.9551768035573873,0.27172118510705884,8,0.023472811281074375,0.11751889009517233,0.0722111893522135,0.09153109448174825,0.08957337781556797,0.08785925927691889,0.008714428050385496,9,32,0.08593782065581401,0.12738788974012966,True,True,True,0.0002354064165995547,COMPLETE
585,0.3596879363059998,2025-04-14 02:25:03.732249,2025-04-14 02:25:28.773127,0 days 00:00:25.040878,0.9348234549432684,0.24280226344489636,8,0.01653140437755055,0.10923276160807983,0.06439986624720442,0.09452054660252643,0.09479848379386448,0.09334216494789709,0.012795151023879146,17,38,0.08205190919547789,0.11411736550275585,True,True,True,0.00011444080460632256,COMPLETE
586,0.3573513150215149,2025-04-14 02:25:28.957563,2025-04-14 02:25:55.817772,0 days 00:00:26.860209,0.9705291589971782,0.21744717990678636,8,0.011251594865386742,0.09078809078182694,0.07486454012784427,0.09649136624580484,0.09240195753423264,0.09148354820474969,0.027135464207551505,17,92,0.08631703569876006,0.12413834777853919,True,True,True,0.0003628720489181054,COMPLETE
587,0.24524524807929993,2025-04-14 02:25:56.013425,2025-04-14 02:26:21.010836,0 days 00:00:24.997411,0.393164440412625,0.25272837253539404,8,0.018143760511658398,0.0996165085985929,0.06765217123788692,0.09784388536554617,0.0727773872837635,0.09477068574848052,0.00788672515639827,16,61,0.022399218133390204,0.13782032579801815,True,True,True,0.0002655657437067551,COMPLETE
588,0.3676849722862244,2025-04-14 02:26:21.195605,2025-04-14 02:26:46.644435,0 days 00:00:25.448830,0.954241632505513,0.2716054245470263,8,0.023682145298159603,0.10506293641747906,0.07291954029152654,0.09457821091421975,0.09053775151412667,0.08921307974259364,0.010707960855061094,17,42,0.08183406083227436,0.13052977597002538,True,True,True,0.00021367394592327436,COMPLETE
589,0.34791826605796816,2025-04-14 02:26:46.843184,2025-04-14 02:27:12.595586,0 days 00:00:25.752402,0.27729493956424,0.25457779946642456,8,0.011808794906641235,0.09711646974640747,0.07059960510299189,0.09812078541219517,0.09437135017171194,0.08503170156137002,0.017633272912598093,18,33,0.0838190876878594,0.11937213279844669,True,True,True,0.00015030035364581982,COMPLETE
590,0.33719255924224856,2025-04-14 02:27:12.779603,2025-04-14 02:27:36.772494,0 days 00:00:23.992891,0.9790413925523339,0.5757311843070068,8,0.017263770396335774,0.09025915450849345,0.0742166684697033,0.09156972394431427,0.08811866830945939,0.09242891566339878,0.009068610085037863,15,36,0.08488986294487878,0.1250380146355858,True,True,True,0.00029026869191343014,COMPLETE
591,0.4378903985023499,2025-04-14 02:27:36.967725,2025-04-14 02:28:01.589011,0 days 00:00:24.621286,0.9320936152261575,0.23152512684214116,8,0.011199248337946232,0.11345622402808814,0.07202656023308829,0.09639900492628231,0.09162132977869723,0.09408164520317659,0.013751823636607064,16,32,0.08821631073979644,0.11225503746129058,True,True,True,0.0001923005328448109,COMPLETE
592,0.3634546995162964,2025-04-14 02:28:01.774005,2025-04-14 02:28:20.374260,0 days 00:00:18.600255,0.9800121944531597,0.20352254874176748,8,0.02218442351767286,0.13204538907880664,0.06906586429496578,0.09991129182196912,0.09587385890112622,0.09070209725810108,0.020499543336602085,8,38,0.08122637575099763,0.13158264275233142,True,True,True,0.00010649791669337955,COMPLETE
593,0.1981647551059723,2025-04-14 02:28:20.571727,2025-04-14 02:28:45.745770,0 days 00:00:25.174043,0.6778948191744385,0.2726342118075943,8,0.1666840969589339,0.10377176215497122,0.07537319147333435,0.09365699870218885,0.0893048099605775,0.08697790749162504,0.0072774072563204315,17,45,0.08330171694985958,0.11676576964600689,True,True,True,0.0003686602627312491,COMPLETE
594,0.4607088327407837,2025-04-14 02:28:45.931794,2025-04-14 02:29:10.468130,0 days 00:00:24.536336,0.9528577150164343,0.24143380361514533,8,0.011758013096165703,0.09402342196464139,0.07369933437843969,0.09994079484219064,0.09324508674172781,0.09506818380657649,0.011407518224230738,16,35,0.080900468369651,0.12124267140480903,True,True,True,0.0005143950638122874,COMPLETE
595,0.40497462749481206,2025-04-14 02:29:10.668343,2025-04-14 02:29:36.016145,0 days 00:00:25.347802,0.9345207203340419,0.22778598317197604,8,0.025092156119027903,0.0899842317518609,0.07539007911170935,0.09808609687699707,0.09336513160093171,0.09525350571383122,0.011252187676287868,18,32,0.08636802599346212,0.13481925291155133,True,True,False,0.0006817291420157395,COMPLETE
596,0.1888286888599396,2025-04-14 02:29:36.201559,2025-04-14 02:29:59.942226,0 days 00:00:23.740667,0.9519660208322502,0.23959393230637227,8,0.016306809217662605,0.10855231474590167,0.07114163031229823,0.09701898408740843,0.09528448074746523,0.01775629659659083,0.013570513822763516,16,35,0.00859551106989452,0.12337926698073613,False,True,True,0.0005313896170726879,COMPLETE
597,0.45738865137100226,2025-04-14 02:30:00.140639,2025-04-14 02:30:24.496617,0 days 00:00:24.355978,0.9789281506926922,0.2112181582946745,8,0.011057534352391762,0.12065385098440758,0.06575212721239011,0.09861447974485436,0.0876666930734698,0.09552405124993515,0.010259858497127483,16,32,0.08151089537801319,0.1284196373179411,True,True,True,0.00046902351151678954,COMPLETE
598,0.37556477785110476,2025-04-14 02:30:24.683418,2025-04-14 02:30:49.785452,0 days 00:00:25.102034,0.9802514729628113,0.2001622254874759,8,0.009184006854542202,0.12037754821393329,0.06352716104442212,0.0998724890952018,0.08521873523967922,0.09630461024629706,0.01638256955462312,17,32,0.08397493401470092,0.13077350468367654,True,True,True,0.0006838610090530222,COMPLETE
599,0.3467723488807678,2025-04-14 02:30:49.974303,2025-04-14 02:31:15.252065,0 days 00:00:25.277762,0.9788376438329912,0.20870582356981093,8,0.02487997122605755,0.14913398299603473,0.06796603723866464,0.008196935429972504,0.08721481395680926,0.09511741553550652,0.011773734628379197,17,34,0.08091157992123924,0.13858144899055197,True,True,True,0.0004847390246550091,COMPLETE
600,0.36517218351364134,2025-04-14 02:31:15.450870,2025-04-14 02:31:41.173573,0 days 00:00:25.722703,0.9768650196311301,0.21401774588343578,8,0.01853550381976911,0.12349742457992612,0.06412361352029594,0.09850740261537504,0.08855882829486016,0.09353784310621646,0.006277371947281215,18,35,0.08528833804415414,0.12823536658859566,True,True,True,0.0006125728401489063,COMPLETE
601,0.37840363979339603,2025-04-14 02:31:41.362242,2025-04-14 02:32:05.587275,0 days 00:00:24.225033,0.9455895727924697,0.22749686515897283,8,0.010528145929452228,0.11441100606377716,0.06531737187540179,0.09990910604167276,0.0899932098584132,0.09597967208848347,0.009386512230039962,16,40,0.08296819243192065,0.1377553975623754,True,True,True,0.00044489611790265576,COMPLETE
602,0.1888286888599396,2025-04-14 02:32:05.786214,2025-04-14 02:32:30.717349,0 days 00:00:24.931135,0.9644354777522381,0.19070686799899403,8,0.2543126014513974,0.1080186145189799,0.06888639633853387,0.09565728539881199,0.0854520445692137,0.09349964535202838,0.014706785476655626,17,32,0.08961897483244953,0.1166090928730688,True,True,True,0.0008236362249410903,COMPLETE
603,0.3993972063064576,2025-04-14 02:32:30.906881,2025-04-14 02:32:55.822153,0 days 00:00:24.915272,0.934723143373741,0.24429447812892358,8,0.018428990795158733,0.10161939505022186,0.06574330659192783,0.09989847347037709,0.08821535113793962,0.09675299097617653,0.02245839580798575,17,31,0.08721567825491947,0.10952298442706349,True,True,True,0.0005443883768538037,COMPLETE
604,0.32686911821365355,2025-04-14 02:32:56.021986,2025-04-14 02:33:20.400825,0 days 00:00:24.378839,0.039926583918140635,0.21477595859631451,8,0.011182067980382827,0.09318202922814228,0.06702514490142929,0.09774389878496981,0.09349991288259178,0.09452286580225983,0.007631623600237554,16,36,0.08101914169357886,0.12308765895321247,True,True,True,0.0003742011711968356,COMPLETE
605,0.32979378700256345,2025-04-14 02:33:20.591418,2025-04-14 02:33:37.253630,0 days 00:00:16.662212,0.9826995935951135,0.248806805902085,8,0.025003105671765273,0.14185831567987878,0.07111373654845785,0.09498853412444369,0.09080649536274077,0.09307549700569093,0.011820721530600539,5,38,0.08333347519261089,0.13018421615851553,True,True,True,0.00042978475761245585,COMPLETE
606,0.4533189892768861,2025-04-14 02:33:37.454348,2025-04-14 02:34:03.114667,0 days 00:00:25.660319,0.9541044902370617,0.255142069580523,8,0.012277994970430993,0.1160096828251394,0.07813382271630365,0.09651380758065603,0.09608031521476391,0.09747632257689995,0.017210804649115983,18,32,0.08047796610954712,0.11959098794194653,True,True,True,0.0003428771633411412,COMPLETE
607,0.39275794029235844,2025-04-14 02:34:03.305062,2025-04-14 02:34:29.264600,0 days 00:00:25.959538,0.9311790010221607,0.22594278903305307,8,0.017387235827804857,0.11796122687742502,0.07744883794722476,0.09665424348354369,0.08413760708026673,0.09777884916212733,0.03848803780129626,18,35,0.08542970545181999,0.11984865832179453,True,True,True,0.00013706577337953103,COMPLETE
608,0.34878963232040405,2025-04-14 02:34:29.468354,2025-04-14 02:34:55.100031,0 days 00:00:25.631677,0.9527081181903895,0.19656850379214255,8,0.007215081610657182,0.13016109601978698,0.078185338245672,0.09830453807867481,0.08693456696327115,0.09708442980809304,0.017845020697948667,18,31,0.03518657436162095,0.1191881386502355,True,True,True,0.0004003339286812484,COMPLETE
609,0.35027459859848026,2025-04-14 02:34:55.291263,2025-04-14 02:35:21.317249,0 days 00:00:26.025986,0.94869230565391,0.2549941296097261,8,0.024481058297010184,0.11059989981350542,0.08086542518126946,0.09555847046556984,0.0899810187250994,0.09533344604474892,0.021385196221670053,18,41,0.08235808898471547,0.11155086415175276,True,True,True,0.00019344400801942312,COMPLETE
610,0.3875755429267883,2025-04-14 02:35:21.519211,2025-04-14 02:35:46.592490,0 days 00:00:25.073279,0.9277672034501154,0.2334639006966393,8,0.013620292480289014,0.12113232061214815,0.06887595057634573,0.09815318360638758,0.09684384972290262,0.09712943549816237,0.015808157550562352,17,31,0.0800772436835854,0.1264515964614578,True,True,True,0.0005372735000012262,COMPLETE
611,0.34995354413986207,2025-04-14 02:35:46.785318,2025-04-14 02:36:11.186545,0 days 00:00:24.401227,0.9591795601063661,0.2555196292701279,8,0.019223953051276638,0.11599805351887195,0.07366824681197087,0.09649091595240707,0.09288278363553819,0.09540263472233629,0.013390283732224973,16,38,0.08443506480978395,0.10938267115318373,True,True,True,0.0003187054666538447,COMPLETE
612,0.44884254932403567,2025-04-14 02:36:11.389486,2025-04-14 02:36:36.808157,0 days 00:00:25.418671,0.9637657399134643,0.20594035271838973,8,0.008300206045832778,0.10489410035442304,0.07044269876130041,0.09980428153322454,0.08855750122159108,0.09788021349696012,0.018251085440555478,17,35,0.08072164020781554,0.11934753621575055,True,True,True,0.00015918865982660806,COMPLETE
613,0.468652880191803,2025-04-14 02:36:37.001993,2025-04-14 02:37:00.524498,0 days 00:00:23.522505,0.9292009751041487,0.23810016033601894,8,0.014034224465841575,0.11320495753978378,0.07876209159826854,0.09490849529201173,0.09194528011233764,0.09418089213835608,0.009853976903587398,15,31,0.08687138455747528,0.12431575035938955,True,True,True,0.00023901736966532621,COMPLETE
614,0.4715870380401611,2025-04-14 02:37:00.727526,2025-04-14 02:37:24.356084,0 days 00:00:23.628558,0.9400127500646148,0.23227526914249197,8,0.025486323850595682,0.1255852202928577,0.06091957091412751,0.09996013709068387,0.09409564237372597,0.09390180775895682,0.010395850789480193,15,32,0.08947620947422483,0.12035989716767077,True,True,True,0.0002259735419394603,COMPLETE
615,0.32390292882919314,2025-04-14 02:37:24.548728,2025-04-14 02:37:48.262608,0 days 00:00:23.713880,0.9271089422217262,0.2177333186124619,8,0.025405997143159182,0.12414790066341044,0.06671266783797998,0.0332989385332217,0.09607649974097861,0.09347504255927379,0.011312973267293266,15,31,0.09054270741843432,0.11817708502690458,True,True,True,0.00021940096755334527,COMPLETE
616,0.39463989734649657,2025-04-14 02:37:48.466048,2025-04-14 02:38:11.615826,0 days 00:00:23.149778,0.9278714732119212,0.23866704522455442,8,0.02460796639348964,0.12600448170334586,0.06549123401151688,0.09505254036942105,0.09415776253228002,0.09482589241391072,0.014027801223908868,15,36,0.08843485434354692,0.12713605149532853,False,True,True,0.0001019501089896865,COMPLETE
617,0.45240947008132937,2025-04-14 02:38:11.810051,2025-04-14 02:38:35.694000,0 days 00:00:23.883949,0.9311163271544248,0.2060491665021887,8,0.01892217463176147,0.13274694568293244,0.06790353888426286,0.09769002868890751,0.09274407492352503,0.09313921705967074,0.009907374071476882,15,31,0.0903558736545276,0.12292804715739616,True,True,True,0.0001824144068169262,COMPLETE
618,0.17844122648239136,2025-04-14 02:38:35.899124,2025-04-14 02:39:01.282983,0 days 00:00:25.383859,0.9265988411370015,0.1799439398734926,8,0.018216989487128937,0.15639623316121234,0.06701284823828821,0.09698972753580895,0.09673654161788454,0.0942584908043115,0.009610516006634177,15,114,0.09109167351498719,0.11530539281463162,True,True,False,0.00015802894973945575,COMPLETE
619,0.422339153289795,2025-04-14 02:39:01.482558,2025-04-14 02:39:25.178627,0 days 00:00:23.696069,0.931175374852696,0.19876681988799347,8,0.008008282594761874,0.1345627161780103,0.06760412164146258,0.09435036906357756,0.09391861002842244,0.09585745090979461,0.01085570526514839,15,31,0.09046226835468942,0.12192850547954723,True,True,True,0.0003566105884588236,COMPLETE
620,0.4599385380744934,2025-04-14 02:39:25.383809,2025-04-14 02:39:48.895090,0 days 00:00:23.511281,0.9267612644195,0.2221402127642747,8,0.01488415774463285,0.1302224142687857,0.060774146186375326,0.0974215193275516,0.09225752196806371,0.09266765570977399,0.00982721851591727,15,31,0.08888153208622537,0.12172490513170221,True,True,True,0.00012405030030018436,COMPLETE
621,0.1888286888599396,2025-04-14 02:39:49.091021,2025-04-14 02:40:10.750685,0 days 00:00:21.659664,0.9272724264985377,0.20246375571140168,8,0.012410157100389917,0.12918044681116617,0.06041083924706005,0.09749496557052376,0.09278907644568143,0.0924642849249819,0.009822167101318172,14,5,0.08966492229213627,0.1227433254882397,True,True,True,0.00024406822638685523,COMPLETE
622,0.378414511680603,2025-04-14 02:40:10.954907,2025-04-14 02:40:34.630719,0 days 00:00:23.675812,0.9210856509148722,0.2106817714715243,8,0.00586981079553249,0.14380599086131637,0.06295278197453592,0.09781727560024936,0.09530696588982975,0.09288262735923794,0.012853610159354323,15,31,0.08957118014154085,0.12940590480833328,True,True,True,0.0004625952835378761,COMPLETE
623,0.38315860033035276,2025-04-14 02:40:34.822070,2025-04-14 02:40:58.350209,0 days 00:00:23.528139,0.9422828905540344,0.1977448767438843,8,0.02563717655115702,0.13189621578510563,0.06184223073871006,0.09813340355088554,0.09173259783097332,0.09249447907783383,0.01019731860182902,15,31,0.08772077871355452,0.12108703718034333,True,True,True,0.00033582961383012903,COMPLETE
624,0.37137293815612793,2025-04-14 02:40:58.556477,2025-04-14 02:41:24.104767,0 days 00:00:25.548290,0.9446863076475756,0.1868450924034963,8,0.013841291957957438,0.13567829553783775,0.0594564599250882,0.09586624356333753,0.09408922147159934,0.09473698157432787,0.012158169391170854,18,31,0.0916676949975099,0.12807030793206184,True,True,True,0.00017366344722972705,COMPLETE
625,0.3826038956642151,2025-04-14 02:41:24.299513,2025-04-14 02:41:48.659884,0 days 00:00:24.360371,0.925002090251982,0.22282980911059808,8,0.006557714171594475,0.12200547752542601,0.06657547295512149,0.09369349968622132,0.09585959249256189,0.09250442763463423,0.01636159911743198,16,34,0.08874000953321341,0.11409353971580093,True,True,True,0.0007767146565253093,COMPLETE
