number,value,datetime_start,datetime_complete,duration,params_alpha-eval,params_alpha-train,params_batch-size,params_eps-eval,params_eps-train,params_lambda-actions-eval,params_lambda-actions-train,params_lambda-frames-eval,params_lambda-frames-train,params_learning-rate,params_n-epochs,params_n-frames,params_radius-gw,params_rho,params_std-feats,params_ub-actions,params_ub-frames,params_weight-decay,state
1310,0.2852103352546692,2025-04-16 03:32:43.142039,2025-04-16 03:33:02.320494,0 days 00:00:19.178455,0.47461754642831855,0.32100085435455566,16,0.04670941808995147,0.2107944864974842,0.07701050791407048,0.02678767406357961,0.09141267123857276,0.09653601463941476,0.007155200171263366,18,25,0.033022650964298475,0.1883103048694272,True,False,True,0.0003493586059274531,COMPLETE
1311,0.4196587562561035,2025-04-16 03:33:02.756461,2025-04-16 03:33:28.308934,0 days 00:00:25.552473,0.47532884303381995,0.36771092560666047,8,0.04455225421887817,0.2136441529613898,0.081583567935085,0.023367409011586484,0.09422839543596873,0.09417609185700455,0.009001523840092718,18,28,0.05616259140550907,0.18200425230579237,True,False,True,0.00024003733411544342,COMPLETE
1312,0.374442994594574,2025-04-16 03:33:28.728206,2025-04-16 03:33:54.956859,0 days 00:00:26.228653,0.5181631110298298,0.3645411516015463,8,0.056163757955439444,0.21236900889755975,0.08122438587809434,0.024754216009724113,0.09832307438886602,0.09637299136877701,0.008406852369875312,19,21,0.05819280459598841,0.1876710727063889,True,False,True,0.00021184925274838929,COMPLETE
1313,0.39133467674255373,2025-04-16 03:33:55.376276,2025-04-16 03:34:20.997289,0 days 00:00:25.621013,0.49309001728689905,0.36606314399455636,8,0.05078300810315731,0.21488219043380263,0.08199366168953315,0.023398484209216436,0.09521947257856797,0.09145026104118263,0.00922352176254682,18,24,0.056035301656930124,0.17828519152825878,True,False,True,0.00022307120487025678,COMPLETE
1314,0.3607775211334229,2025-04-16 03:34:21.418324,2025-04-16 03:34:47.736981,0 days 00:00:26.318657,0.47984550908837964,0.3490730087190211,8,0.05909619172244476,0.20387508547594063,0.0824896236627282,0.024956626944523892,0.09397118329071678,0.09841001781193234,0.006980468069318592,19,25,0.05857062289384699,0.18643226460098847,True,False,True,0.00014472424343734514,COMPLETE
1315,0.35089319944381714,2025-04-16 03:34:48.177029,2025-04-16 03:35:13.893032,0 days 00:00:25.716003,0.4765310375691813,0.3738665239518641,8,0.06106754368087401,0.21609532271599213,0.0832689900595543,0.030047196561228555,0.09709694402227433,0.09465919050039007,0.007928780997168023,18,28,0.05623449801475391,0.18342816720614868,True,False,True,0.0002275042368870024,COMPLETE
1316,0.41176139116287236,2025-04-16 03:35:14.324657,2025-04-16 03:35:40.101104,0 days 00:00:25.776447,0.5129765371114847,0.3467736853772733,8,0.04768276789133758,0.20386528390027256,0.08196807606491187,0.027446725495987142,0.0898689073500576,0.09270734329028775,0.009762565798155577,19,19,0.05797027266621452,0.1814852193752251,True,False,True,0.00016513707993538772,COMPLETE
1317,0.4122753381729126,2025-04-16 03:35:40.525806,2025-04-16 03:36:06.623691,0 days 00:00:26.097885,0.497646439866882,0.31579035178787174,8,0.05100328103085715,0.21022503340313559,0.07978339683404514,0.02342004882573465,0.0922342137490443,0.09766817667681602,0.009378251474100877,19,21,0.05568187765978753,0.19145782849874787,True,False,True,0.00019730766619949886,COMPLETE
1318,0.4136888265609741,2025-04-16 03:36:07.048254,2025-04-16 03:36:32.255471,0 days 00:00:25.207217,0.46706341744471425,0.38257210009835185,8,0.04678841459236349,0.1987842301033872,0.08112594110608781,0.0252873785761552,0.09564812073880526,0.09467027953206747,0.006609753314753346,18,22,0.058190926569653426,0.18848411349593044,True,False,True,3.7478236233562944e-06,COMPLETE
1319,0.41668201684951783,2025-04-16 03:36:32.678788,2025-04-16 03:36:59.094790,0 days 00:00:26.416002,0.4952520914612277,0.3339805508696034,8,0.04408230579440176,0.21382369571478022,0.08039650720947408,0.02377127371906408,0.09363727194663124,0.09574263942584801,0.00865531173693567,19,27,0.05600277497026848,0.180349428130822,True,False,True,0.00027568018729625244,COMPLETE
1320,0.35187995433807373,2025-04-16 03:36:59.515706,2025-04-16 03:37:25.743485,0 days 00:00:26.227779,0.5223979164327586,0.32505067417155153,8,0.061035716546317564,0.21546564077786995,0.07809123258198218,0.027802355287346973,0.09784192040057685,0.09423634612014688,0.005614574770384461,19,27,0.05877795414433066,0.19420144846077933,True,False,True,0.00027269695735086975,COMPLETE
1321,0.3976348876953125,2025-04-16 03:37:26.166863,2025-04-16 03:37:51.812586,0 days 00:00:25.645723,0.5122580677396998,0.33238546049065076,8,0.0453932801681808,0.21325825630952888,0.08355613807048552,0.025878345721378895,0.09515316228753674,0.09599124694594274,0.007043444722795388,19,25,0.05757172250214684,0.18889062255306363,False,False,True,0.00032511904719502796,COMPLETE
1322,0.3731361150741577,2025-04-16 03:37:52.236261,2025-04-16 03:38:18.262837,0 days 00:00:26.026576,0.5008423264419233,0.31754232190464493,8,0.05256340667892584,0.20759348329483693,0.08216142499931824,0.02398256790816476,0.015500134063063067,0.09369125769676268,0.007877459283129398,19,22,0.0557706508336235,0.18453454320258236,True,False,True,0.00028842216985529306,COMPLETE
1323,0.37479993104934695,2025-04-16 03:38:18.705954,2025-04-16 03:38:43.988274,0 days 00:00:25.282320,0.5201588020632223,0.3327918057940307,8,0.053720009013202535,0.20665095073148085,0.08136587653393353,0.026139635097961755,0.09641898559117384,0.09668766262328313,0.008388525431648364,18,23,0.05907529687381933,0.18166357116323104,True,False,True,0.000265057149893465,COMPLETE
1324,0.3148953199386597,2025-04-16 03:38:44.415854,2025-04-16 03:39:10.446037,0 days 00:00:26.030183,0.4825477320956315,0.3417917486182207,8,0.0675641372714289,0.21735966650900118,0.08087156636439297,0.02384761991084717,0.09366722798445992,0.09465872588404746,0.006236469230048441,19,27,0.0568996490239441,0.18039354788588008,True,False,True,0.000243289500625181,COMPLETE
1325,0.42002297639846803,2025-04-16 03:39:10.873097,2025-04-16 03:39:36.279175,0 days 00:00:25.406078,0.49354338315083673,0.3132093697197156,8,0.04488368338088032,0.1974673696612989,0.07991631070051256,0.022396145239664957,0.09759959825705118,0.09164859542065215,0.007153642378331079,18,24,0.05567165409201282,0.18943042357767942,True,False,True,0.00030393827366989666,COMPLETE
1326,0.31125199794769287,2025-04-16 03:39:36.821267,2025-04-16 03:40:05.361277,0 days 00:00:28.540010,0.49692101858795756,0.31892136382882147,8,0.05738578601343143,0.19198188468689825,0.08309873838191226,0.027687947804764884,0.09914191671293196,0.09091655256118271,0.005821223630440075,18,21,0.05524092544291291,0.1998011903769547,True,False,False,0.0003835106369616278,COMPLETE
1327,0.36473926305770876,2025-04-16 03:40:05.787197,2025-04-16 03:40:31.077042,0 days 00:00:25.289845,0.5154953839642589,0.32403555675104695,8,0.06314775057086125,0.18557238566055165,0.08026858207401295,0.02437309666366738,0.09915850243208645,0.09090254228607257,0.007184651929076391,18,23,0.05648006211300843,0.19771227249523882,True,False,True,0.0003259828671506314,COMPLETE
1328,0.1888286888599396,2025-04-16 03:40:31.505967,2025-04-16 03:40:57.392821,0 days 00:00:25.886854,0.5196747446429354,0.3069124553206464,8,0.050048810420057877,0.19873068858695736,0.08172539682478946,0.024513464451834437,0.09866488806634013,0.09184649708158901,0.0062841036018057485,19,18,0.05549162599099901,0.19354815957063057,True,True,True,0.00019247478364328084,COMPLETE
1329,0.3864589691162109,2025-04-16 03:40:57.814845,2025-04-16 03:41:23.296890,0 days 00:00:25.482045,0.5030793493064887,0.3536735577816392,8,0.05511837773816366,0.18885851764423855,0.08047601262965776,0.022558116127487385,0.09656363369207409,0.09331327278900496,0.008533759032291125,18,26,0.05674089601179462,0.1937959796093063,True,False,True,0.0002973100869049072,COMPLETE
1330,0.3958222508430481,2025-04-16 03:41:23.724270,2025-04-16 03:41:48.982497,0 days 00:00:25.258227,0.4982500630844792,0.31858511124212185,8,0.05168231933163739,0.19965770907587932,0.08286285084836534,0.03185588124659038,0.09715704300341634,0.08933513956374196,0.007108259485352428,18,23,0.05414790887854549,0.1916353163588953,True,False,True,0.0004251307778670808,COMPLETE
1331,0.4221924543380738,2025-04-16 03:41:49.411791,2025-04-16 03:42:14.696528,0 days 00:00:25.284737,0.49485958873976277,0.31063827334434935,8,0.046232619701217004,0.19734834707834703,0.07885673818501066,0.027399697265321828,0.09821732008764125,0.09579856568148944,0.005985347629026053,18,21,0.05481510059874128,0.20441022640558712,True,False,True,0.00022366020950943233,COMPLETE
1332,0.39078693389892577,2025-04-16 03:42:15.149396,2025-04-16 03:42:40.411577,0 days 00:00:25.262181,0.5247139651462371,0.3140428137891897,8,0.05524844181667003,0.19189893588878068,0.07860030089628882,0.026733130609960454,0.09988822334441237,0.09326580949070667,0.0052474156666223095,18,19,0.05485568374917821,0.18813701626351828,True,False,True,0.0001400434272177415,COMPLETE
1333,0.4178253769874573,2025-04-16 03:42:40.840587,2025-04-16 03:43:06.222552,0 days 00:00:25.381965,0.48794694439587244,0.29944654742025095,8,0.047461113834964826,0.19119346896369133,0.07845623973533622,0.028721004451728156,0.09977676376723442,0.0983310842175693,0.005740476532182854,18,19,0.053902871952700715,0.20755276936458644,True,False,True,0.0001915629001798027,COMPLETE
1334,0.3926923513412476,2025-04-16 03:43:06.653681,2025-04-16 03:43:31.839420,0 days 00:00:25.185739,0.5275487596092668,0.29703717958610554,8,0.054535239532160606,0.1878523495400061,0.07799641290165603,0.0347597598824664,0.09943280861644585,0.09998858996556119,0.005384465806602644,18,15,0.09221694862051744,0.21525978436376098,True,False,True,0.00013171169801041933,COMPLETE
1335,0.314364767074585,2025-04-16 03:43:32.272556,2025-04-16 03:43:57.440161,0 days 00:00:25.167605,0.4966233112594337,0.30663779361866716,8,0.058307268660926406,0.19282407959887327,0.07936110345324016,0.02795151026752552,0.09855426602307779,0.09731840087690466,0.00587860528632551,18,14,0.05449479460681474,0.204849491780489,True,False,True,0.0001664479035633438,COMPLETE
1336,0.3322560548782349,2025-04-16 03:43:57.874309,2025-04-16 03:44:22.687019,0 days 00:00:24.812710,0.487529114709914,0.29379905537916107,8,0.050324596693809134,0.17944133148757363,0.07884918726021053,0.02618231830486814,0.09929959369207425,0.0970991748730675,0.0054367146346613465,18,15,0.05764997204628298,0.20214245620329926,True,False,True,0.00017065507799613602,COMPLETE
1337,0.4144527316093445,2025-04-16 03:44:23.118839,2025-04-16 03:44:48.607047,0 days 00:00:25.488208,0.5237552193208572,0.3252811539212629,8,0.04781900302948787,0.18259544072420206,0.08060579304085441,0.03197077282458828,0.09921679438342271,0.0946656274528984,0.005507377684086739,18,19,0.054825082042012196,0.20382631151893216,True,False,True,0.0001352523341687691,COMPLETE
1338,0.41855725049972536,2025-04-16 03:44:49.034867,2025-04-16 03:45:14.222345,0 days 00:00:25.187478,0.48452219032963517,0.2927661655398261,8,0.04641658592198238,0.19647497579946696,0.07959116369928537,0.030613271908310445,0.09871889738597313,0.09597026859128614,0.006615919210023573,18,21,0.05728483166755594,0.19508084663637668,True,False,True,0.00020038956049925818,COMPLETE
1339,0.2805485486984253,2025-04-16 03:45:14.673084,2025-04-16 03:45:40.047145,0 days 00:00:25.374061,0.5064302375529773,0.29087129857164135,8,0.058627649837740735,0.19797260022307386,0.08358417773798171,0.03074188974467388,0.09799589260654601,0.097075110468509,0.00609146382755688,18,17,0.05364601954926587,0.21302624972786577,True,False,True,1.7216428384030094e-07,COMPLETE
1340,0.2915189743041992,2025-04-16 03:45:40.482669,2025-04-16 03:46:05.424232,0 days 00:00:24.941563,0.4809394909800673,0.2989575408906625,8,0.0672916242644766,0.18943047492639797,0.08109545436369854,0.025103265524685347,0.0998943455856001,0.09807802768161711,0.005305124941154936,18,13,0.056771653709778554,0.20962432911328827,True,False,True,0.00017056853407529997,COMPLETE
1341,0.30762176513671874,2025-04-16 03:46:05.855483,2025-04-16 03:46:30.268249,0 days 00:00:24.412766,0.5075525569486583,0.29172981263649,8,0.06097951451390266,0.19638560281568676,0.07949919746995544,0.02945501751375459,0.09968917891769644,0.09867997451678986,0.0064095377516232895,17,16,0.05432417783802182,0.20176753388852167,True,False,True,0.00013821111734876266,COMPLETE
1342,0.3570403099060059,2025-04-16 03:46:30.698688,2025-04-16 03:46:55.746572,0 days 00:00:25.047884,0.47946052888256246,0.31031358931819875,8,0.05163977540847681,0.18574723060493056,0.08235690345251069,0.03302980607695636,0.09948154225036084,0.09568303621692953,0.006809527210561199,18,16,0.05593290516506052,0.2114134658040602,False,False,True,2.559074536104813e-08,COMPLETE
1343,0.18957867026329042,2025-04-16 03:46:56.178597,2025-04-16 03:47:20.856208,0 days 00:00:24.677611,0.5265407014169745,0.3024898388909868,8,0.05592994402348673,0.1928477457374546,0.0786283114228666,0.030138902134597762,0.09990619516248507,0.09814320834738663,0.0053775691093794825,18,8,0.0032175006196267994,0.2143197301993517,True,False,True,0.0001913025339105698,COMPLETE
1344,0.39906110763549807,2025-04-16 03:47:21.286903,2025-04-16 03:47:46.503236,0 days 00:00:25.216333,0.49737672552148965,0.28158532262140823,8,0.05112766831717968,0.19780921030702145,0.0817127007511253,0.030142109978292322,0.09833008749148998,0.0958091096470158,0.006852746370207211,18,19,0.07900091832869761,0.21034220349076851,True,False,True,0.0002050089696785781,COMPLETE
1345,0.2887995958328247,2025-04-16 03:47:46.935614,2025-04-16 03:48:14.958542,0 days 00:00:28.022928,0.4771174685412287,0.2932793235929087,8,0.04771642771313002,0.18316397478231278,0.07878498562588915,0.029688520555122992,0.09970409721066013,0.0933993780811341,0.0056911608660845225,17,17,0.05854675625189365,0.20258480581001947,True,False,False,0.0001704821550824102,COMPLETE
1346,0.3902334451675415,2025-04-16 03:48:15.386397,2025-04-16 03:48:41.166352,0 days 00:00:25.779955,0.5079093567979095,0.3142508194032527,8,0.06418598187235472,0.19281443956706867,0.08275765054419669,0.029876206562000535,0.09740769096181204,0.09733743373516805,0.0065209117515012726,19,20,0.05335948103193637,0.2173812284685304,True,False,True,0.0001389076627491806,COMPLETE
1347,0.1888286888599396,2025-04-16 03:48:41.614086,2025-04-16 03:49:06.803494,0 days 00:00:25.189408,0.5280871731493626,0.299055126920904,8,0.05415972543894839,0.19941086084136728,0.08051442210333967,0.02797288774937609,0.09811138968189767,0.09999558384809322,0.007413405458318411,18,18,0.0561159271847823,0.19709690827449095,True,True,True,3.7060923007788305e-08,COMPLETE
1348,0.3456048130989075,2025-04-16 03:49:07.239372,2025-04-16 03:49:31.675493,0 days 00:00:24.436121,0.4745800034120418,0.39300111229325985,8,0.046093150410469116,0.20317140379846915,0.07880384114522829,0.027565513506769192,0.0983061117364239,0.0910388536344908,0.005189174404881345,17,14,0.05776503318692881,0.2042200996557139,True,False,True,0.00021631312116858473,COMPLETE
1349,0.2901214361190796,2025-04-16 03:49:32.106047,2025-04-16 03:49:58.071118,0 days 00:00:25.965071,0.047518665417769224,0.2834749234971065,8,0.0460140676833911,0.1766151187992662,0.07772356122406372,0.027505522558725515,0.0982162564143173,0.09612086107842768,0.007316236171921892,19,19,0.05353131419137103,0.208621563670238,True,False,True,0.00020660575566105365,COMPLETE
1350,0.3988999962806702,2025-04-16 03:49:58.508801,2025-04-16 03:50:23.846262,0 days 00:00:25.337461,0.4917844884170234,0.3145386173602606,8,0.06138604435354359,0.19027406551252182,0.07927486492867865,0.028883546766875864,0.09956001969248643,0.09297479259453154,0.006421304748679007,18,24,0.05517108614791524,0.21920779729376783,True,False,True,0.0001630351780455059,COMPLETE
1351,0.3984929919242859,2025-04-16 03:50:24.279959,2025-04-16 03:50:49.315093,0 days 00:00:25.035134,0.47354850299568024,0.36054757780591745,8,0.05253807440843426,0.19664783781731734,0.0831143140080042,0.03084550406825391,0.09777904798936404,0.09493602890990219,0.005243989247118279,18,20,0.057648926043556585,0.20244834088318034,True,False,True,0.00023355615454559133,COMPLETE
1352,0.4153146505355835,2025-04-16 03:50:49.748735,2025-04-16 03:51:15.963796,0 days 00:00:26.215061,0.5094427617409868,0.30822356390176725,8,0.04546454807320644,0.20501202695099224,0.08004998475662563,0.028640632221923517,0.09714235046228016,0.09844144419940068,0.008013558833073526,19,20,0.059063719215179895,0.20961971763393428,True,False,True,0.00012872148630193602,COMPLETE
1353,0.2853176534175873,2025-04-16 03:51:16.396803,2025-04-16 03:51:40.610014,0 days 00:00:24.213211,0.4712424490251661,0.40074429039512355,8,0.04591649410740478,0.20107598497014056,0.07763436448447418,0.03398601959328543,0.09973199982015513,0.09638897258834715,0.006596440214687426,17,17,0.055397430692176695,0.19658690629323522,True,False,True,0.00018172391221986443,COMPLETE
1354,0.40326856374740605,2025-04-16 03:51:41.061869,2025-04-16 03:52:07.310628,0 days 00:00:26.248759,0.49681391713874484,0.39081111779854155,8,0.0517253161736589,0.1847216576653046,0.07669999784020703,0.031112794630524417,0.09760275226574117,0.08871059039953354,0.005209680938952532,19,22,0.053080446184832146,0.20773557752488536,True,False,True,0.00026129528471148565,COMPLETE
1355,0.40202558040618896,2025-04-16 03:52:07.750651,2025-04-16 03:52:32.912571,0 days 00:00:25.161920,0.46784075219537863,0.28434195576273624,8,0.043942999776495614,0.20655151863186058,0.08168323580430038,0.024366138072278967,0.09984287332120678,0.09825123518977677,0.008158872892774175,18,20,0.05619169947157222,0.22710782449689826,True,False,True,0.00021263359840745208,COMPLETE
1356,0.4187362909317017,2025-04-16 03:52:33.350006,2025-04-16 03:52:59.490510,0 days 00:00:26.140504,0.4876627702713043,0.34697208678825725,8,0.04334050719539086,0.19590726365740208,0.07998488947891419,0.026956540738729207,0.09996883334734992,0.099970671374766,0.006154513960888886,19,23,0.059352080472100235,0.198793874211261,True,False,True,0.00014192002660239658,COMPLETE
1357,0.4004939317703247,2025-04-16 03:52:59.925594,2025-04-16 03:53:25.401154,0 days 00:00:25.475560,0.46941959539353,0.376698725977382,8,0.05409098505906833,0.18811068701620326,0.08179208761167443,0.029097443833565204,0.09881604405616543,0.09998366048279295,0.007855922473005752,18,17,0.05944911305054333,0.20557412713716142,True,False,True,0.00012474979120038416,COMPLETE
1358,0.2846022844314575,2025-04-16 03:53:25.835010,2025-04-16 03:53:50.183252,0 days 00:00:24.348242,0.4855144943748457,0.4172567433360547,8,0.047614017559208195,0.1884642200400072,0.08422848003423865,0.027468946199160946,0.09975474903056394,0.09489410840668304,0.00879435519767163,17,12,0.05930003640286924,0.20850656508787577,True,False,True,0.00013643201443498042,COMPLETE
1359,0.4176722049713135,2025-04-16 03:53:50.617740,2025-04-16 03:54:16.543294,0 days 00:00:25.925554,0.46688555059148173,0.4035384244612675,8,0.04308196964567938,0.17844274312744438,0.08305375981681236,0.02693611684669525,0.09986813881050217,0.09381869890535535,0.005177125492051432,19,22,0.05878973338123893,0.19150222789762886,True,False,True,0.00012466883274202584,COMPLETE
1360,0.36251718997955323,2025-04-16 03:54:16.998724,2025-04-16 03:54:42.976569,0 days 00:00:25.977845,0.46610407315139385,0.396578842163038,8,0.05985401851348923,0.19390361238991982,0.08449335400530064,0.028370476954001335,0.09905333261236694,0.09127637184140204,0.005036731525721232,19,22,0.05982266193334909,0.2205779112066869,True,False,True,0.000130643438421684,COMPLETE
1361,0.30156917572021485,2025-04-16 03:54:43.417602,2025-04-16 03:55:09.000072,0 days 00:00:25.582470,0.4666787273598203,0.39755801947816677,8,0.07530283338777471,0.16475646703626995,0.08303413130241363,0.027115216903562635,0.09974021541123047,0.09239462689134896,0.005515687861272874,19,21,0.058766410606400296,0.1968410461596627,False,False,True,0.00012693125432333615,COMPLETE
1362,0.31195300817489624,2025-04-16 03:55:09.441384,2025-04-16 03:55:35.056518,0 days 00:00:25.615134,0.4864122491626148,0.41142497212338386,8,0.055760984118616616,0.18195941656212716,0.08218981272988139,0.0329848780167034,0.0983066300290673,0.09394178039949051,0.006077744150829326,19,14,0.059921459787936754,0.1991952137232906,True,False,True,0.00012913312547614713,COMPLETE
1363,0.40614176988601686,2025-04-16 03:55:35.494483,2025-04-16 03:56:00.850551,0 days 00:00:25.356068,0.47056861195821587,0.4186092159779305,8,0.04816560550035123,0.17728077474239431,0.0842451839564933,0.03021646664780816,0.09940903668384196,0.09669530210910127,0.00483681467784094,18,21,0.057557433013374334,0.19456596949355842,True,False,True,0.0001449761064959585,COMPLETE
1364,0.29084360003471377,2025-04-16 03:56:01.290253,2025-04-16 03:56:30.338123,0 days 00:00:29.047870,0.4911950760834115,0.4245215371854826,8,0.050752608225243016,0.17146616599298858,0.08037408163881744,0.03262776634533634,0.0983004237847953,0.0928382261126378,0.006868392329145966,19,17,0.06014177821447072,0.1998922061862405,True,False,False,0.00012666508802840372,COMPLETE
1365,0.3442394733428955,2025-04-16 03:56:30.775415,2025-04-16 03:56:55.867192,0 days 00:00:25.091777,0.4694687505392377,0.3868254481576252,8,0.0652587142496032,0.19482063324754254,0.08445375181975305,0.026566991814078643,0.09975841419185989,0.08977700770369335,0.005018139392944266,18,21,0.05799355098071746,0.2049084857178587,True,False,True,0.00015636299180008426,COMPLETE
1366,0.1888286888599396,2025-04-16 03:56:56.306461,2025-04-16 03:57:22.401439,0 days 00:00:26.094978,0.460310532354437,0.4051237750491696,8,0.04340257918194906,0.18983362446197585,0.08014756927860521,0.029058985854676932,0.09965801418145256,0.0951859558082967,0.006169992676248824,19,23,0.05711209620533798,0.19170977176972706,True,True,True,0.0001163020967881594,COMPLETE
