number,value,datetime_start,datetime_complete,duration,params_alpha-eval,params_alpha-train,params_batch-size,params_eps-eval,params_eps-train,params_lambda-actions-eval,params_lambda-actions-train,params_lambda-frames-eval,params_lambda-frames-train,params_learning-rate,params_n-epochs,params_n-frames,params_radius-gw,params_rho,params_std-feats,params_ub-actions,params_ub-frames,params_weight-decay,state
1994,0.4372760176658631,2025-04-14 10:18:38.498082,2025-04-14 10:18:57.810557,0 days 00:00:19.312475,0.9997493723033076,0.15936803001781755,16,0.037694817816579164,0.1311613129948456,0.08333411931865273,0.09999940264205913,0.09515229428786867,0.09827177833199341,0.008151213755782897,17,32,0.0816328841653946,0.12117993731458827,True,True,True,0.00021549499386568904,COMPLETE
1995,0.44713830947875977,2025-04-14 10:18:58.465981,2025-04-14 10:19:17.452703,0 days 00:00:18.986722,0.9711463324293469,0.15563204477908302,16,0.04838480502226551,0.12057443202520057,0.08466457439399443,0.09570225001528888,0.09348726389266276,0.0935673610514832,0.00972824818424989,17,29,0.07356085242972542,0.09551831688513482,True,True,True,0.00010084514122556571,COMPLETE
1996,0.34118481874465945,2025-04-14 10:19:18.115895,2025-04-14 10:19:36.880081,0 days 00:00:18.764186,0.9691211775900389,0.1499252535412397,16,0.040790872954877405,0.12268836255154177,0.08148391538519999,0.09650766980574657,0.06306695559700791,0.0958284959716447,0.006892510340808155,16,34,0.08545228770651134,0.08629658361473658,True,True,True,0.00026075699505174636,COMPLETE
1997,0.3387320518493653,2025-04-14 10:19:37.521434,2025-04-14 10:19:56.354461,0 days 00:00:18.833027,0.9828500402592497,0.11848772097886784,16,0.04454978907508612,0.12022733567789877,0.08193914987956576,0.0971413720667752,0.0670307031039046,0.0999006689898076,0.008662951946540046,16,38,0.08705153163052833,0.1144943475728466,True,True,True,0.00013802770498855802,COMPLETE
1998,0.44096629619598393,2025-04-14 10:19:57.011581,2025-04-14 10:20:16.048532,0 days 00:00:19.036951,0.9666804355229514,0.14588252409221925,16,0.0398243326611554,0.12768909928682934,0.08518216983235605,0.09332635913077847,0.05751677686691739,0.09372816073108946,0.010859629994505267,17,30,0.09304927060572774,0.1020487662165555,True,True,True,0.00019453449746920163,COMPLETE
1999,0.4001912355422974,2025-04-14 10:20:16.712956,2025-04-14 10:20:35.498607,0 days 00:00:18.785651,0.9982940992147498,0.16663143160646424,16,0.03407841239756911,0.13523805464508482,0.07880917526221909,0.05032306812769531,0.09859504193001895,0.09685592538241042,0.006729020896597415,16,33,0.08446431879967553,0.10807120615983105,True,True,True,0.00027369605816557997,COMPLETE
