number,value,datetime_start,datetime_complete,duration,params_alpha-eval,params_alpha-train,params_batch-size,params_eps-eval,params_eps-train,params_lambda-actions-eval,params_lambda-actions-train,params_lambda-frames-eval,params_lambda-frames-train,params_learning-rate,params_n-epochs,params_n-frames,params_radius-gw,params_rho,params_std-feats,params_ub-actions,params_ub-frames,params_weight-decay,state
284,0.3435181856155396,2025-04-15 20:52:00.833714,2025-04-15 20:52:23.685690,0 days 00:00:22.851976,0.3845042388583675,0.7281942677380953,8,0.05071747572564337,0.28060726787799484,0.052698894277121155,0.0037011859050267927,0.0923364810814363,0.05723067247565001,0.011103338627235825,14,39,0.06149432234274879,0.20565395868476902,True,False,True,0.000168038834776152,COMPLETE
285,0.2493497729301453,2025-04-15 20:52:23.776330,2025-04-15 20:52:47.836854,0 days 00:00:24.060524,0.3584528456999906,0.756923869692721,8,0.04223035959116029,0.26788471950986376,0.08481917471243178,0.006627113208491219,0.09738489963525984,0.054260709077542844,0.0032154598294895733,15,49,0.02699528027323716,0.17120687699078804,True,False,True,3.2362071801404916e-05,COMPLETE
286,0.41375396251678465,2025-04-15 20:52:47.926433,2025-04-15 20:53:06.177739,0 days 00:00:18.251306,0.39851950505744194,0.7163013353898379,16,0.025821112847121328,0.2771918275011882,0.054465161884212056,0.00966281184726065,0.08636499000388496,0.04987475456316721,0.002521891068302147,13,45,0.052256863101622746,0.1873862093794635,True,False,True,0.00033062500963872057,COMPLETE
287,0.31339449882507325,2025-04-15 20:53:06.267819,2025-04-15 20:53:24.471045,0 days 00:00:18.203226,0.41474066844535235,0.7640289536374834,16,0.016294521705443536,0.2583473374587742,0.05431281509459561,0.010157650539950255,0.085802918702362,0.046299873584646774,0.0026013322243752055,13,45,0.050757074971079064,0.19040093446899942,True,False,True,0.00030154477037130353,COMPLETE
288,0.3196454465389252,2025-04-15 20:53:24.572491,2025-04-15 20:53:42.942692,0 days 00:00:18.370201,0.3206344947647706,0.7404161562977042,16,0.024306892870100967,0.29099957985059627,0.04960702197342218,0.008637791466137468,0.09399190190339006,0.04975452597379797,0.0019712195510397696,13,50,0.05254840669490521,0.18383317602739607,True,False,True,0.00020561952113482197,COMPLETE
289,0.4120426416397095,2025-04-15 20:53:43.034387,2025-04-15 20:54:01.208391,0 days 00:00:18.174004,0.43298390469624903,0.7736577947916407,16,0.0353980431082728,0.27033917213407055,0.05189890908129156,0.011754463179437536,0.09118873294868364,0.05062470858361552,0.0028199578415233624,13,45,0.05220134773755409,0.1872192049856954,True,False,True,0.0005715553805801216,COMPLETE
290,0.37007533311843877,2025-04-15 20:54:01.298213,2025-04-15 20:54:19.213902,0 days 00:00:17.915689,0.43590663596252893,0.014908088655167961,16,0.039869449586355715,0.2775642642759007,0.09343054015474503,0.011672694818268627,0.09133321402847773,0.05012163664268744,0.002634391384554023,13,43,0.050577770135011066,0.18893239061689013,True,False,True,0.0006460752994334197,COMPLETE
291,0.3844938755035401,2025-04-15 20:54:19.303920,2025-04-15 20:54:36.628853,0 days 00:00:17.324933,0.37150735092143505,0.35934000283570827,16,0.032937102982233984,0.28361448942974543,0.05200154848537887,0.015201769672976956,0.08356174061272499,0.05300559176271659,0.003502575442356886,12,38,0.05302270951867144,0.2001257537515513,True,False,True,0.0005090987659117631,COMPLETE
292,0.3969125866889954,2025-04-15 20:54:36.720989,2025-04-15 20:54:55.208925,0 days 00:00:18.487936,0.34352006083846953,0.7762781370538885,16,0.03774933517155513,0.26429232214212395,0.05663598225645622,0.012472616372129146,0.08744776367489887,0.051173156830222784,0.001176095876041329,16,48,0.051710332712031425,0.19595145164383548,False,False,True,0.000836851688910102,COMPLETE
293,0.3999789476394654,2025-04-15 20:54:55.311376,2025-04-15 20:55:13.505687,0 days 00:00:18.194311,0.39453307350297145,0.7703428834161825,16,0.032429753542915024,0.2746314813721367,0.05515348406739614,0.010534995340662351,0.09044236834644441,0.053878790303876524,0.0015767857164771094,13,45,0.05517573131444163,0.18596067138870465,True,False,True,0.0006054441218707118,COMPLETE
294,0.3724897027015686,2025-04-15 20:55:13.597295,2025-04-15 20:55:32.410177,0 days 00:00:18.812882,0.43266042857412357,0.712224918780195,16,0.04490467620617702,0.29165037381346703,0.057699573383417864,0.008524294584353264,0.0920514943211361,0.06036729459922073,0.0041082553612779215,16,34,0.049038674292110514,0.17752763699503835,True,False,True,0.0004701082694602316,COMPLETE
295,0.41403357982635497,2025-04-15 20:55:32.501641,2025-04-15 20:55:51.432691,0 days 00:00:18.931050,0.3764397880457421,0.6955347491222605,16,0.027580320238967292,0.2590221626013395,0.05429981648174501,0.005699304429862093,0.08574771217558866,0.056173655904903586,0.0022644511283426865,14,51,0.05424018613268408,0.14462398663923937,True,False,True,0.00034256229483005054,COMPLETE
296,0.3836433529853821,2025-04-15 20:55:51.526147,2025-04-15 20:56:10.570595,0 days 00:00:19.044448,0.3621584875260089,0.7825517673781603,16,0.0363996225829191,0.26098726058454985,0.0552730311664852,0.006753592248745895,0.0846918038550455,0.055452868965080476,0.002250996908406828,14,51,0.052292709756697225,0.14159704259917733,True,False,True,0.00031364026743759265,COMPLETE
297,0.32263798713684083,2025-04-15 20:56:10.662696,2025-04-15 20:56:29.542381,0 days 00:00:18.879685,0.3724595964202042,0.17479148904021227,16,0.021529877198177425,0.25580334784889,0.051601970723740315,0.009524636034066612,0.08756301915808556,0.059340887133958214,0.002923786342091797,14,50,0.053718433998170625,0.15199248120551154,True,False,True,5.3735150025742454e-06,COMPLETE
298,0.4125476598739624,2025-04-15 20:56:29.645532,2025-04-15 20:56:47.838578,0 days 00:00:18.193046,0.30161773087034427,0.7283138153594669,16,0.028682394936735595,0.2859009014754875,0.05346905613692095,0.006285166301702699,0.0863606001283724,0.058272075147599765,0.002295099878399103,13,47,0.050366038754565384,0.14971677790179297,True,False,True,0.0003371129419136217,COMPLETE
299,0.28197816610336307,2025-04-15 20:56:47.931370,2025-04-15 20:57:07.573492,0 days 00:00:19.642122,0.2725958131178884,0.7627242797641979,16,0.011582072298962024,0.29421181926493695,0.05352754382807788,0.007497294902817331,0.08304907549824837,0.056245841475694544,0.0018158371930556614,12,52,0.04999213967049215,0.1449386997258263,True,False,False,0.00031170285384845436,COMPLETE
300,0.34720712900161743,2025-04-15 20:57:07.668957,2025-04-15 20:57:29.203938,0 days 00:00:21.534981,0.23101067245393667,0.72244000756873,16,0.02660776735366359,0.28687505786866563,0.051355965033839775,0.006222796416198409,0.08592949844430384,0.06070465809989626,0.0023267076286491717,13,101,0.04775581346987966,0.1446176648374652,True,True,True,0.00055853158408819,COMPLETE
301,0.35100649595260625,2025-04-15 20:57:29.299428,2025-04-15 20:57:47.330692,0 days 00:00:18.031264,0.317781555049347,0.6896810129551153,16,0.04294506813058478,0.28174893299861925,0.03855571634268029,0.008629553594490654,0.09321788566414675,0.04942336993779659,0.0028382313383262295,13,41,0.05080249452561825,0.14867818150219658,True,False,True,1.7828476726079783e-06,COMPLETE
302,0.388056218624115,2025-04-15 20:57:47.426675,2025-04-15 20:58:05.883278,0 days 00:00:18.456603,0.3382367373170199,0.7883442336947714,16,0.0354891768893278,0.08311084517548357,0.05370804176177559,0.006080729911141941,0.08620100096762753,0.05636509441092324,0.002209466092348359,13,48,0.09378673114575517,0.13244336540971313,True,False,True,0.0003457304488617397,COMPLETE
303,0.32496161460876466,2025-04-15 20:58:05.987301,2025-04-15 20:58:23.294768,0 days 00:00:17.307467,0.2939401879382575,0.7544673700872757,16,0.017680164327044036,0.26634425651640664,0.05452732346488613,0.010759055888764248,0.09111871556307863,0.05884177808381103,0.003461278978601051,12,37,0.05203855197475972,0.15811924104094977,True,False,True,0.0008227140798271558,COMPLETE
304,0.40921999216079713,2025-04-15 20:58:23.391242,2025-04-15 20:58:41.809427,0 days 00:00:18.418185,0.45501742369588005,0.6731374656407187,16,0.03151168157742375,0.2856010172693717,0.09604148178684799,0.0051982835598361355,0.0841464627515243,0.054561034184781504,0.0016759352387953972,14,42,0.05416018828375276,0.13799827775287812,True,False,True,0.0009871726707351997,COMPLETE
305,0.40653510093688966,2025-04-15 20:58:41.904581,2025-04-15 20:59:00.004219,0 days 00:00:18.099638,0.3097786621465395,0.8060034617268785,16,0.02377142138842473,0.25926419183176225,0.049863351027065995,0.012933168584294824,0.09410400937530669,0.051153745198053956,0.0025615291658012433,13,47,0.049694231107225435,0.1539445459359916,True,False,True,0.0004781205595425398,COMPLETE
306,0.38899530172348024,2025-04-15 20:59:00.100423,2025-04-15 20:59:19.432084,0 days 00:00:19.331661,0.42684455476110544,0.46716035427995406,16,0.05055175018554251,0.292938530100458,0.05571860148944021,0.008071777519339152,0.08702026697638719,0.061036223361433065,0.00131194300069972,16,39,0.05273816678927394,0.18595536173029564,True,False,True,0.0006263375926063815,COMPLETE
307,0.3569717645645142,2025-04-15 20:59:19.537950,2025-04-15 20:59:38.458093,0 days 00:00:18.920143,0.2558786517886992,0.7350252737817387,16,0.03734814905192642,0.27896274325024834,0.05264971133678957,0.005124610114971047,0.09020466472036726,0.058609481268639387,0.00510239427234719,14,49,0.04762342179618737,0.1620425864165906,True,False,True,0.000355067473450497,COMPLETE
308,0.25424239635467527,2025-04-15 20:59:38.555225,2025-04-15 20:59:57.011946,0 days 00:00:18.456721,0.3496364069009421,0.7707228705992846,16,0.029433333236834246,0.24978320411210392,0.05741399418854675,0.0028853364436025263,0.09246307630483995,0.04855416913402535,0.0019857842805316456,13,52,0.018149998485477416,0.1935677967431479,True,False,True,0.00025684284882029234,COMPLETE
309,0.285435962677002,2025-04-15 20:59:57.107988,2025-04-15 21:00:16.295406,0 days 00:00:19.187418,0.2338879758180753,0.06295687263556644,16,0.020451757649782368,0.26884301673749206,0.06403626551913091,0.010494273281850972,0.08205565911146563,0.05493437220928609,0.003145705234320336,16,43,0.05476222463198743,0.14812234671093685,True,False,True,1.1362493874641841e-05,COMPLETE
310,0.3789357662200928,2025-04-15 21:00:16.393230,2025-04-15 21:00:35.252704,0 days 00:00:18.859474,0.40333211059403185,0.6927576270472218,16,0.04197606134754943,0.2867113471619144,0.058374361444994916,0.05347237417156709,0.08878423098060179,0.053120417970063505,0.004240753060122848,14,45,0.05121830744511524,0.17471897441362957,True,False,True,0.0004908144473579603,COMPLETE
311,0.4095827460289002,2025-04-15 21:00:35.349318,2025-04-15 21:00:53.804083,0 days 00:00:18.454765,0.4442242039472024,0.7234343737299933,16,0.02610570794332227,0.2581163875390886,0.05498046622558397,0.007377370284229634,0.09531104146648545,0.05710481412995157,0.002563181156127891,15,32,0.05398127135238215,0.15541048298123653,True,False,True,0.0003969155448766353,COMPLETE
312,0.40873650312423704,2025-04-15 21:00:53.911450,2025-04-15 21:01:12.000857,0 days 00:00:18.089407,0.3781363019975358,0.7905376762040094,16,0.03401254691091732,0.27987374000757437,0.06672796228149327,0.0027579301776671666,0.09054144163821347,0.061145136978545435,0.001988153366715,16,40,0.056203440998615864,0.1789187620779735,False,False,True,0.0006072790281110277,COMPLETE
313,0.31171287894248967,2025-04-15 21:01:12.098643,2025-04-15 21:01:31.321759,0 days 00:00:19.223116,0.4163310498345161,0.7541631228684105,16,0.015101023514588604,0.2642295461245304,0.06282723639554995,0.005285788015054877,0.08639316816929837,0.050809163695215556,0.0009768774899229055,14,54,0.04978363707079549,0.1640994020686164,True,False,True,0.00028178215407985874,COMPLETE
314,0.333086508512497,2025-04-15 21:01:31.419508,2025-04-15 21:01:49.994309,0 days 00:00:18.574801,0.35951249243052047,0.6461949676270374,16,0.026860749012860126,0.27146327170668144,0.056648413169377416,0.0679963573052967,0.09256170885165778,0.05563433699710267,0.0005138478756664832,15,36,0.0525908405664398,0.17375019769741917,True,False,True,0.00020279621378718364,COMPLETE
315,0.20244731307029723,2025-04-15 21:01:50.091592,2025-04-15 21:02:07.997298,0 days 00:00:17.905706,0.38140718567770016,0.7724483884336271,16,0.09132570743403479,0.12532028474330165,0.050995974504860375,0.009150139458258717,0.03969901589784429,0.05816658619678917,0.0027517138629347478,12,47,0.056904392511272765,0.18809397532168337,True,False,True,0.0007312174350514552,COMPLETE
316,0.2946885943412781,2025-04-15 21:02:08.105726,2025-04-15 21:02:27.851781,0 days 00:00:19.746055,0.4290721264287972,0.7413575701633057,16,0.03842510050882832,0.28214531470279774,0.05848855963250024,0.003001539047248483,0.08449917060513963,0.04534122150913782,0.0037054661984136,13,42,0.05459884225839999,0.16461891857697356,True,False,False,0.0003670895170896995,COMPLETE
317,0.31676408648490906,2025-04-15 21:02:27.949951,2025-04-15 21:02:46.697808,0 days 00:00:18.747857,0.39955677759415986,0.8086923019219588,16,0.021263920491687356,0.297658299200738,0.09089520395844683,0.006087499413916976,0.08850112331723166,0.05302267597855281,0.0015423312241869497,14,50,0.05179950958461742,0.20837016136084227,True,False,True,0.0005122059663378834,COMPLETE
318,0.40420461893081666,2025-04-15 21:02:46.797529,2025-04-15 21:03:05.917312,0 days 00:00:19.119783,0.4119494416070419,0.7046124300834103,16,0.03171639729685302,0.25153743003937545,0.06416741995984226,0.004421926768473649,0.09513303175561967,0.05668391833814633,0.0021809020530964983,15,45,0.060390312796907354,0.18267886010914802,True,True,True,0.00036594780309388066,COMPLETE
319,0.3406109094619751,2025-04-15 21:03:06.017508,2025-04-15 21:03:24.791556,0 days 00:00:18.774048,0.3400678049283221,0.5979360736875426,16,0.047367143100078765,0.27021430769700916,0.053056799555773394,0.007389154403910195,0.0904879176696001,0.048186269362708506,0.0063917663374261436,15,39,0.05441202719337522,0.15796321707274585,True,False,True,0.0002678454372431925,COMPLETE
320,0.3005514144897461,2025-04-15 21:03:24.900834,2025-04-15 21:03:44.344147,0 days 00:00:19.443313,0.4616072386625062,0.7828344782570537,16,0.05751311285002274,0.28848348252362893,0.06243331064249443,0.0026785370307219605,0.08725374318708837,0.026524609547249844,0.0018667519669558702,16,44,0.04882993940771154,0.14751012724349724,True,False,True,0.0006174046278312177,COMPLETE
321,0.3096385598182678,2025-04-15 21:03:44.443977,2025-04-15 21:04:03.085589,0 days 00:00:18.641612,0.37822870490624194,0.7244780233989844,16,0.009551116836636665,0.27595720582768946,0.043054315829539024,0.005208483817659339,0.09251511598419608,0.061832565596425255,0.0056205469256590855,14,48,0.057125387820519305,0.1689987361924915,True,False,True,0.00042893702302671606,COMPLETE
322,0.2836654782295227,2025-04-15 21:04:03.184852,2025-04-15 21:04:21.320641,0 days 00:00:18.135789,0.4415851218833401,0.7551599362053553,16,0.0325378224653527,0.01207098865164502,0.0569146854181361,0.009145156257282044,0.08945239129915937,0.0590150494316703,0.003178960749266296,15,28,0.05304553812793414,0.17888286072690057,True,False,True,0.00018130453212606462,COMPLETE
323,0.2769867181777954,2025-04-15 21:04:21.419950,2025-04-15 21:04:39.006344,0 days 00:00:17.586394,0.35969985132741467,0.6794772810795111,16,0.025689738609264434,0.2623231636380213,0.04654650157486912,0.00289063469257616,0.034278413286086266,0.05208007417112292,0.00017278655797690182,13,35,0.058500405637058606,0.20189464494983564,True,False,True,0.0008456838937473516,COMPLETE
324,0.3146651446819306,2025-04-15 21:04:39.106806,2025-04-15 21:04:58.852929,0 days 00:00:19.746123,0.2962827761462783,0.7395965139071825,16,0.016622136806136154,0.28013967873656875,0.003457783383748733,0.0011329615428190927,0.09443874759075105,0.05457744419554228,0.002409416958500788,16,51,0.05569311623073729,0.1539538307572817,True,False,True,0.0004575463013874628,COMPLETE
325,0.18789692521095275,2025-04-15 21:04:58.964120,2025-04-15 21:05:20.278993,0 days 00:00:21.314873,0.39262857800737105,0.7677945684485477,16,0.09756825084475523,0.26874770750824295,0.05962034363228218,0.0063298401616052845,0.09090821111398725,0.04991776263594853,0.001649634481427663,14,88,0.05068026776998502,0.16395519732557354,True,False,True,0.0003214950445679437,COMPLETE
326,0.15680181980133057,2025-04-15 21:05:20.383662,2025-04-15 21:05:39.141247,0 days 00:00:18.757585,0.4189432894754314,0.7963301985263044,16,0.13100103284712178,0.2870842627721685,0.06612757889184356,0.011101835383718197,0.08199086358097026,0.0026951021706088304,0.00401179040906298,15,42,0.06340023996581523,0.19214458302664725,True,False,True,0.0005655290206519832,COMPLETE
327,0.39702733755111697,2025-04-15 21:05:39.243150,2025-04-15 21:05:57.390490,0 days 00:00:18.147340,0.3996621119360931,0.81539974582678,16,0.039842770625531036,0.25809394641792405,0.06253133366297242,0.004319792076642745,0.08632082286029062,0.056368241338396546,0.001272506156034548,14,38,0.05400027058197725,0.17240320846892454,True,False,True,0.0007123474955778544,COMPLETE
328,0.40102639198303225,2025-04-15 21:05:57.494372,2025-04-15 21:06:12.620847,0 days 00:00:15.126475,0.36858505472076064,0.7068171110235503,16,0.028673716010383127,0.27465189801599293,0.05447085780611388,0.014907054086922947,0.08859658280145212,0.05894013109040536,0.002886974080914816,6,47,0.04725622977196374,0.1427854089086294,True,False,True,0.00024333594820355873,COMPLETE
329,0.38954713344573977,2025-04-15 21:06:12.732579,2025-04-15 21:06:32.997392,0 days 00:00:20.264813,0.3344356326607563,0.7759094546624075,16,0.021009149711862178,0.26591306739883636,0.05865588307303897,0.001041639368850304,0.09723146560290538,0.05331812716487291,0.001998082081298969,16,55,0.05678815367712392,0.1615132622996747,True,False,True,0.000360858827466462,COMPLETE
330,0.40657844543457033,2025-04-15 21:06:33.099910,2025-04-15 21:06:51.261539,0 days 00:00:18.161629,0.4297274125299114,0.7481615720870138,16,0.03522653404924102,0.292867355696829,0.06477644496470522,0.007554649765488072,0.09235365706885187,0.06208876354514212,0.0023932240085021254,15,24,0.06002804266508043,0.18054426190663642,True,False,True,0.00046377846481530634,COMPLETE
331,0.3833662986755371,2025-04-15 21:06:51.365041,2025-04-15 21:07:08.067408,0 days 00:00:16.702367,0.3853263538383032,0.7209734876270394,16,0.04345984046973462,0.2813853731918558,0.06183357993433942,0.0051863314744678085,0.08464626320777553,0.0547728472049281,0.0049851895716912144,12,41,0.051898518658056524,0.16855878041621736,False,False,True,0.0005747252043988635,COMPLETE
332,0.38881801366806035,2025-04-15 21:07:08.171070,2025-04-15 21:07:28.278736,0 days 00:00:20.107666,0.4085407771262905,0.7884289489271363,16,0.026072351303736304,0.2534188417390719,0.05005593841079581,0.003413199962586381,0.004323283688699289,0.05996214349153338,0.003024650215728042,17,45,0.05523819960960777,0.1733546989083716,True,False,True,0.0002947225298588045,COMPLETE
333,0.3747938275337219,2025-04-15 21:07:28.392549,2025-04-15 21:07:48.113721,0 days 00:00:19.721172,0.930162344638133,0.7591053497687335,16,0.03269682778794721,0.27370138902287466,0.010784859863585336,0.008443276803823516,0.09405587377859093,0.05718730866239968,0.0014820703424140852,16,51,0.058192372116686236,0.18763135077021706,True,False,True,0.0007969868323685278,COMPLETE
334,0.32658365964889524,2025-04-15 21:07:48.218793,2025-04-15 21:08:07.090756,0 days 00:00:18.871963,0.4452003916775038,0.7331037711758341,16,0.019651591024051826,0.14936872421228742,0.05570420319241711,0.0069453138831494735,0.08928439959939972,0.051876159111629905,0.0002688295413918,15,43,0.05318466825076279,0.15174728631120987,True,False,True,0.0004349265244766803,COMPLETE
335,0.2902376532554627,2025-04-15 21:08:07.193669,2025-04-15 21:08:27.157080,0 days 00:00:19.963411,0.35527629730949817,0.6993865023012367,16,0.03741017451132817,0.2478800980175245,0.06785795254409092,0.012147469964425346,0.09137000632478279,0.047809077301103856,0.003366296343486497,14,38,0.04955672897590167,0.12527466078361593,True,False,False,0.00014227955618021905,COMPLETE
336,0.40866408348083494,2025-04-15 21:08:27.261227,2025-04-15 21:08:52.049932,0 days 00:00:24.788705,0.37616711901211763,0.8224843410536075,16,0.027114105819766438,0.26384828015581935,0.059459899402514296,0.004884963880732499,0.08697552888872143,0.05552983946296457,0.007697019450288805,13,141,0.056324966528180816,0.15878096503038072,True,False,True,0.00010114499159731349,COMPLETE
337,0.29118797779083255,2025-04-15 21:08:52.166405,2025-04-15 21:09:11.438504,0 days 00:00:19.272099,0.46762247177957605,0.4034662095461637,16,0.013836190541143108,0.2860322396532995,0.05294707993460786,0.0029558274570310504,0.09592523673424286,0.058144105106164495,0.00012714008651825033,15,48,0.05117306855436563,0.16581643565366933,True,False,True,0.00034059645072842624,COMPLETE
338,0.387078869342804,2025-04-15 21:09:11.544074,2025-04-15 21:09:30.263289,0 days 00:00:18.719215,0.41382986860233534,0.7618035718200958,16,0.03132779709128555,0.2785504256088092,0.05702356928832553,0.009742232546706692,0.01624086824065147,0.060823676020642196,0.0010414395068100355,16,33,0.06243601084608255,0.1963269671763462,True,False,True,4.6412513649250624e-05,COMPLETE
339,0.3202655971050263,2025-04-15 21:09:30.368998,2025-04-15 21:09:49.411149,0 days 00:00:19.042151,0.3269343406273239,0.7191128464728291,16,0.023490461806485598,0.26930443707984897,0.06138028764826845,0.006950003671971936,0.08877043811617856,0.05029028578533779,0.0022383092696150807,15,45,0.05439700512198584,0.17586966804158233,True,False,True,0.0009704231352312127,COMPLETE
340,0.3668747544288635,2025-04-15 21:09:49.515939,2025-04-15 21:10:07.642488,0 days 00:00:18.126549,0.3962785075975363,0.7949995637641196,16,0.04538170473533633,0.25782725914053445,0.06350191374411651,0.004918654324280661,0.09278732321959611,0.052465055072665225,0.001938203543508691,14,40,0.05879142455145403,0.18305185680857813,True,False,True,0.00023273808225974813,COMPLETE
