number,value,datetime_start,datetime_complete,duration,params_alpha-eval,params_alpha-train,params_batch-size,params_eps-eval,params_eps-train,params_lambda-actions-eval,params_lambda-actions-train,params_lambda-frames-eval,params_lambda-frames-train,params_learning-rate,params_n-epochs,params_n-frames,params_radius-gw,params_rho,params_std-feats,params_ub-actions,params_ub-frames,params_weight-decay,state
1424,0.19423680901527407,2025-04-14 06:58:21.637125,2025-04-14 06:58:39.769182,0 days 00:00:18.132057,0.962303453389901,0.17661551170003364,16,0.21157620694999113,0.11269104277966246,0.07317047987110893,0.09403981182193034,0.09115748771223159,0.08692219227055192,0.00909121049590515,15,34,0.08538473532796968,0.12101277623034347,True,True,True,0.0004624491243447802,COMPLETE
1425,0.4156812071800232,2025-04-14 06:58:40.221394,2025-04-14 06:58:57.874793,0 days 00:00:17.653399,0.9821224607219666,0.2565565815084732,16,0.0372412770098806,0.12012742563678946,0.077254029948068,0.0983735177631908,0.0937736977908188,0.09429104535198493,0.01235926192667026,14,29,0.08998679540220611,0.1147969510439686,True,False,True,0.0003550644528310164,COMPLETE
1426,0.40679080486297603,2025-04-14 06:58:58.353589,2025-04-14 06:59:23.037082,0 days 00:00:24.683493,0.9997853039382518,0.22588172608207133,8,0.013769484924522585,0.09497631629664077,0.07155894729971525,0.09162252881710609,0.07984500589914657,0.09797682675162651,0.01598472979992693,17,19,0.08776799112821174,0.10786741877277838,True,True,True,0.0002492866607863273,COMPLETE
1427,0.2799070358276367,2025-04-14 06:59:23.498313,2025-04-14 06:59:41.830523,0 days 00:00:18.332210,0.908497970107734,0.1642069689844902,16,0.0002663117308978484,0.08753292092067708,0.0792583422063004,0.09558950256215275,0.08724570226562757,0.08886630788277765,0.030207765291248537,14,43,0.0848404176987193,0.09521287826976059,True,True,True,1.2676247916157885e-08,COMPLETE
1428,0.44551324844360357,2025-04-14 06:59:42.289878,2025-04-14 07:00:00.208372,0 days 00:00:17.918494,0.9461264788854244,0.20264496085484673,16,0.027217915513971604,0.1077698676400187,0.07595383855999552,0.09729516171096886,0.08389936547104303,0.092619219434436,0.007793641301611618,15,24,0.09214919838863796,0.1317004516482012,True,True,True,0.0003310753733840391,COMPLETE
1429,0.4076280117034913,2025-04-14 07:00:00.667828,2025-04-14 07:00:18.743964,0 days 00:00:18.076136,0.9669648393034201,0.1862493212642132,16,0.04521975739868482,0.10074903761633061,0.0696842151175351,0.09302246172764489,0.08991652322079177,0.08482255061909981,0.010377573145361542,14,32,0.09457412178994014,0.12389505297012893,True,True,True,0.0005109461176738069,COMPLETE
1430,0.29586545228958133,2025-04-14 07:00:19.203269,2025-04-14 07:00:43.259197,0 days 00:00:24.055928,0.13306713633132017,0.23578397622220815,8,0.005978089429319719,0.12123461723881358,0.07400408165160102,0.09536326572295575,0.09276960470888766,0.005994633408993068,0.019420065318759526,16,28,0.08917086476932616,0.11694114240239922,True,True,True,5.916947939796826e-08,COMPLETE
1431,0.3617000460624695,2025-04-14 07:00:43.738232,2025-04-14 07:01:02.404698,0 days 00:00:18.666466,0.9293908840799501,0.21525591288435902,16,0.021319033852960592,0.11372836681324006,0.06721966651091717,0.0839524140102406,0.09441305952243721,0.09560711231781836,0.004973441310940589,15,36,0.08390813812181779,0.10709309528549972,True,True,True,0.0002482603369893506,COMPLETE
1432,0.31036523580551145,2025-04-14 07:01:02.869342,2025-04-14 07:01:21.503653,0 days 00:00:18.634311,0.954713577574634,0.2724593871516845,16,0.016244074687590485,0.10511110062244013,0.07099746696984723,0.04665444633838212,0.08911667622049449,0.09751692896293229,0.006304639254921602,15,39,0.0870402924179526,0.08590610447146389,True,True,True,0.0004315923599710761,COMPLETE
1433,0.4553071379661561,2025-04-14 07:01:21.963781,2025-04-14 07:01:40.735412,0 days 00:00:18.771631,0.9803955725419137,0.16404675951676415,16,0.010375082295607308,0.110845935298097,0.07511253567472997,0.08780040548944994,0.09148874117223252,0.0909222157541192,0.00933204007597699,16,31,0.08149498410440273,0.12634331447305241,True,True,True,0.00030765508019013426,COMPLETE
1434,0.43542593717575073,2025-04-14 07:01:41.196072,2025-04-14 07:02:04.071610,0 days 00:00:22.875538,0.9997276786786918,0.24681541348103864,8,0.03200036417921936,0.0965434389142655,0.06391761144265741,0.09825598947878982,0.08573887331464496,0.09381437345830385,0.014128295221526683,14,26,0.09055072208218724,0.11236428123265127,True,True,True,0.0002178310326676988,COMPLETE
1435,0.3510897040367127,2025-04-14 07:02:04.528145,2025-04-14 07:02:23.548464,0 days 00:00:19.020319,0.9385680543654659,0.1939606989230779,16,0.024058583963006783,0.16835272976656346,0.07257496766672139,0.0999937356127847,0.08795210361666629,0.07931517901967496,0.007574662393335072,17,33,0.0855880237280665,0.13399476652597628,True,True,False,0.0005881617632245138,COMPLETE
1436,0.1888286888599396,2025-04-14 07:02:24.031477,2025-04-14 07:02:41.841743,0 days 00:00:17.810266,0.9659656848137463,0.14838502116595406,16,0.016116362229127115,0.11735967936102121,0.06848057233335857,0.08995394071711377,0.09325482760655633,0.09990028843066386,0.011848546173035065,15,29,0.0826717672262644,0.12041284572112643,False,True,True,0.000997664023756659,COMPLETE
1437,0.33606109023094183,2025-04-14 07:02:42.307429,2025-04-14 07:03:00.111990,0 days 00:00:17.804561,0.9074978199065246,0.21979794312636172,16,0.00012979090411644606,0.08829086638972636,0.0791491128940505,0.09613213959436552,0.09056157286585252,0.09631762047613107,0.008911833597917444,14,34,0.08778823322390307,0.10121165820331486,True,True,True,0.00038649941296620995,COMPLETE
1438,0.4120330691337586,2025-04-14 07:03:00.575601,2025-04-14 07:03:24.775683,0 days 00:00:24.200082,0.9815580903905957,0.1808959549202172,8,0.008399793354521989,0.12365270588892274,0.07018915646614478,0.09398190583799163,0.09203821464230208,0.0818922361837807,0.011072110309956864,16,24,0.09172601722125621,0.09315014134883044,True,True,True,0.0002705213565340866,COMPLETE
1439,0.20201879143714907,2025-04-14 07:03:25.239786,2025-04-14 07:03:43.274823,0 days 00:00:18.035037,0.9489189868677996,0.25511842180318106,16,0.162251569106346,0.10118649847017777,0.0662374875944374,0.05127270351497931,0.09437486243714682,0.07537779407201961,0.0071135439217957595,15,27,0.07690201259671936,0.1155220540690542,True,True,True,0.0002126123854148252,COMPLETE
1440,0.44374514818191535,2025-04-14 07:03:43.759082,2025-04-14 07:04:01.547883,0 days 00:00:17.788801,0.9284562523451729,0.2056382999596089,16,0.02102704258244569,0.10781189154812396,0.073784325723535,0.09232430807095263,0.08908775609651806,0.08875736796266447,0.013373596790989034,14,31,0.08465827968188257,0.12540401360560752,True,True,True,0.00040820276168308654,COMPLETE
1441,0.3951638698577881,2025-04-14 07:04:02.014652,2025-04-14 07:04:18.599884,0 days 00:00:16.585232,0.9579620112417793,0.23152555918735568,16,0.013727620045199727,0.11571927120379152,0.07626911418768281,0.0981977541267507,0.09474616600376175,0.09223780788110648,0.009070063000493463,10,36,0.044482821129750674,0.10988925047304046,True,True,True,0.0003098909974599287,COMPLETE
1442,0.1888286888599396,2025-04-14 07:04:19.064846,2025-04-14 07:04:42.999250,0 days 00:00:23.934404,0.47026991539141466,0.18256957986575265,8,0.027867642416920697,0.1430319713319778,0.07078373723935164,0.0967663001847323,0.09115509396803456,0.09519835621842405,0.018619751787625233,16,29,0.08654831962109731,0.14223336751290774,True,True,True,0.0005347180385116809,COMPLETE
1443,0.36070523262023924,2025-04-14 07:04:43.460946,2025-04-14 07:05:01.327119,0 days 00:00:17.866173,0.982445123247296,0.16287981887816874,16,0.007421251129493334,0.13087862313487442,0.07235865045851707,0.09438286648860958,0.08626741547453014,0.09761283006629644,0.005777765908336953,15,21,0.08020041959473542,0.13025125376638041,True,True,True,0.0002665572127485397,COMPLETE
1444,0.4469536900520325,2025-04-14 07:05:01.789318,2025-04-14 07:05:19.663193,0 days 00:00:17.873875,0.9230418375855113,0.27562542366224313,16,0.01978462381928245,0.1230792491444681,0.07729778319010348,0.09998295069147363,0.09282082474925205,0.09384729655992163,0.010459630464037434,14,40,0.08905963303811354,0.11973391997548083,True,False,True,0.00035876581156705784,COMPLETE
1445,0.3420501947402954,2025-04-14 07:05:20.147109,2025-04-14 07:05:43.960487,0 days 00:00:23.813378,0.9005805359041316,0.2126664015042685,8,0.0001345135987056087,0.11030199200604442,0.08100286042275637,0.09097239631353417,0.08798417053139099,0.09034913740898011,0.007759510055089485,15,33,0.093012474271934,0.10117680433655643,True,True,True,0.00020616617841087337,COMPLETE
1446,0.4318957567214966,2025-04-14 07:05:44.427676,2025-04-14 07:06:02.978829,0 days 00:00:18.551153,0.9681418068053866,0.14670046708799458,16,0.014571013771083536,0.07888822021934383,0.06792033263369218,0.09639598622040954,0.09034151918189735,0.08718498582762585,0.015347562080692878,16,26,0.09649900028023314,0.10714931890074025,True,True,True,0.0007075551625036338,COMPLETE
1447,0.4671331882476807,2025-04-14 07:06:03.451543,2025-04-14 07:06:21.442404,0 days 00:00:17.990861,0.9428628943055785,0.19685925248285918,16,0.006098109643080076,0.09337352925633455,0.051693545553975984,0.09809694103516844,0.09488434010592468,0.09672882175618171,0.011930515496111248,14,30,0.08309227336001954,0.13674229052360368,True,True,True,0.0004447367982772522,COMPLETE
1448,0.4158920407295227,2025-04-14 07:06:21.907746,2025-04-14 07:06:40.695047,0 days 00:00:18.787301,0.9825564559799388,0.18154517278920002,16,0.004938346195270591,0.07798555033056198,0.029486046685230666,0.09383624910167515,0.09559547903441817,0.09804821339054968,0.01123486440421133,17,23,0.07869806805977084,0.1466459091991559,True,True,True,0.00033396643540055946,COMPLETE
1449,0.28460190892219545,2025-04-14 07:06:41.181693,2025-04-14 07:07:04.381924,0 days 00:00:23.200231,0.9533651099205113,0.15934099530828055,8,0.003915446454092256,0.0822467784986018,0.06288458447179057,0.09203452072584381,0.050116135533572165,0.09838482194466579,0.011916178999770871,15,16,0.08078796848700635,0.13805435839381663,True,True,True,0.00026809356741650317,COMPLETE
1450,0.4493989944458008,2025-04-14 07:07:04.849880,2025-04-14 07:07:22.765315,0 days 00:00:17.915435,0.9676922992966726,0.13572792053031107,16,0.005944709653831431,0.08563399974227334,0.04118452952291339,0.09513490733240655,0.09530518743625589,0.09802588691124856,0.009575330065117052,14,28,0.08137920742487056,0.13803093404259392,True,True,True,0.00042992582038390214,COMPLETE
1451,0.3941779494285583,2025-04-14 07:07:23.244155,2025-04-14 07:07:41.315947,0 days 00:00:18.071792,0.9428842795294003,0.17396348727748343,16,0.00022675527476425164,0.09303478587352794,0.06486723730194834,0.0951366859148414,0.09563314817375836,0.09676876459350703,0.009125570679519742,15,25,0.08232928222450382,0.14914170356178486,True,True,True,0.00031735881486666666,COMPLETE
1452,0.45522719621658325,2025-04-14 07:07:41.775643,2025-04-14 07:07:57.354524,0 days 00:00:15.578881,0.9997833110568948,0.19122047332223627,16,0.005747950711783105,0.0915317337635321,0.05497902654311692,0.08994206464784754,0.09519824617105815,0.0965454646512463,0.012495583662158492,8,30,0.07923429608261501,0.145563621746347,True,True,True,0.00023405234702362357,COMPLETE
1453,0.34114795327186587,2025-04-14 07:07:57.838799,2025-04-14 07:08:22.320572,0 days 00:00:24.481773,0.4425411024167326,0.19610902395938357,8,0.009607189671888967,0.08521873916896003,0.060472330871550364,0.09296007710927442,0.093640566191568,0.09855941441976668,0.010249444859967271,16,28,0.07563030685441445,0.13757571984674746,True,True,True,0.00039368351866556685,COMPLETE
1454,0.45283173322677617,2025-04-14 07:08:22.792132,2025-04-14 07:08:40.962347,0 days 00:00:18.170215,0.9698139820614688,0.15690020563790213,16,0.005203085536617758,0.12626926277287095,0.05195232544157359,0.09684058114169788,0.09560635188416752,0.0960288361480311,0.007806147145670134,15,35,0.08299097256159671,0.13581537988261166,True,True,False,0.0002583405259008774,COMPLETE
1455,0.1888286888599396,2025-04-14 07:08:41.432574,2025-04-14 07:08:57.469398,0 days 00:00:16.036824,0.9485396424169333,0.529262563476024,16,0.009771842196672641,0.08908421625343926,0.04990826886783848,0.09478692588219025,0.09394433564431606,0.09582807333499359,0.01164598564811996,11,32,0.02015992254953631,0.14960448154786102,False,True,True,0.00019124302969484634,COMPLETE
1456,0.4310703277587891,2025-04-14 07:08:57.932566,2025-04-14 07:09:15.819869,0 days 00:00:17.887303,0.9775120799959385,0.17611892416822883,16,0.010218459558765393,0.1193913225531932,0.05318023630297444,0.08763919680676482,0.09377266383822995,0.09832010591821763,0.008634125391661751,14,26,0.08056867234740732,0.13386740480717882,True,True,True,0.0003231977528236828,COMPLETE
1457,0.37204363346099856,2025-04-14 07:09:16.306439,2025-04-14 07:09:40.301840,0 days 00:00:23.995401,0.9303187672996787,0.20439572229951886,8,0.005407736348300763,0.09854578363850484,0.059194013099186656,0.09688969496259918,0.0958684265287168,0.03383408721080382,0.006616117834042363,16,21,0.08273581953402769,0.28327562393960704,True,True,True,0.0004093823047975058,COMPLETE
1458,0.4617836833000183,2025-04-14 07:09:40.773449,2025-04-14 07:09:59.024471,0 days 00:00:18.251022,0.9580898384747217,0.1687178953555245,16,0.010957645930800616,0.13373288058602117,0.033899634179106464,0.0917310331146907,0.09261468762606527,0.0986517969627448,0.010422169036203325,15,30,0.08388135149257993,0.14173451857006392,True,True,True,0.00023035389200909824,COMPLETE
1459,0.3239186525344849,2025-04-14 07:09:59.492336,2025-04-14 07:10:18.465510,0 days 00:00:18.973174,0.982878365223869,0.13329009131797243,16,0.004630340035914818,0.11732449396522812,0.0372310978628176,0.09358021053248104,0.09593392379923366,0.09993469870417267,0.013321023107376989,14,70,0.08111495993853306,0.14145172866189035,True,True,True,0.0003520024266330026,COMPLETE
1460,0.4452158808708191,2025-04-14 07:10:18.931625,2025-04-14 07:10:37.682542,0 days 00:00:18.750917,0.9454359327829494,0.11806381073057391,16,0.014618004183126632,0.09416701819429826,0.046651724116028984,0.09565790282327055,0.09304524907988489,0.09539076716330809,0.008015310684442636,16,37,0.07861418780594061,0.1437278300894739,True,True,True,0.00028950142546300825,COMPLETE
1461,0.34274629354476926,2025-04-14 07:10:38.153076,2025-04-14 07:11:03.084752,0 days 00:00:24.931676,0.9827018163988109,0.09912748839494577,8,0.03766826712863946,0.12416318127705626,0.04810625419214089,0.09777730459600308,0.09385976122635437,0.0966739323850486,0.009833472501704518,17,34,0.0837237340964359,0.13187228534018713,True,True,True,0.0004626999481029666,COMPLETE
1462,0.3995544910430908,2025-04-14 07:11:03.579173,2025-04-14 07:11:21.678624,0 days 00:00:18.099451,0.9218741256161481,0.1930340738407834,16,0.010853499284018636,0.11323495811317454,0.0642519587807617,0.09377512739805653,0.09645639122254623,0.09514995551976427,0.0057841336068306,15,29,0.08453346879604978,0.09640592945728173,True,False,True,0.00018672752574071336,COMPLETE
1463,0.1888286888599396,2025-04-14 07:11:22.151934,2025-04-14 07:12:16.550908,0 days 00:00:54.398974,0.9659942141164024,0.14873114316117036,2,0.2793839312147285,0.10566969666378179,0.042937460346429826,0.09011906357949438,0.09228892105806308,0.0999051399910041,0.013285316455982032,14,32,0.08190705738818485,0.131997510721063,True,True,True,0.00026327374374851976,COMPLETE
1464,0.39593354463577274,2025-04-14 07:12:17.021192,2025-04-14 07:12:35.215427,0 days 00:00:18.194235,0.9410028754723361,0.20563626778469782,16,0.005406749549512722,0.1202270284856425,0.06119769048579395,0.08563213491266816,0.09685575087209776,0.09991022786607219,0.008410695116812745,15,25,0.0853181672176977,0.0453859309102528,True,True,True,0.0003459976364737641,COMPLETE
1465,0.4461524248123169,2025-04-14 07:12:35.683579,2025-04-14 07:12:59.793758,0 days 00:00:24.110179,0.9995012196699364,0.17863023835519257,8,0.018144750581245817,0.1047056462427047,0.04604397048559229,0.09709177977270149,0.09441570346549666,0.09446343566784238,0.006698781949518745,16,23,0.08341687868162243,0.08659686996639547,True,True,True,0.00021420967130177356,COMPLETE
1466,0.35171614885330205,2025-04-14 07:13:00.283090,2025-04-14 07:13:19.411160,0 days 00:00:19.128070,0.9649326192376413,0.19255680884211712,16,0.02426744936165942,0.11427049824325378,0.04013889615618188,0.09522009889068965,0.09173261042946294,0.09778459241415828,0.011360443651001693,15,55,0.07680263247552152,0.14378694888106952,True,True,True,0.00043547844365322467,COMPLETE
1467,0.3800594925880432,2025-04-14 07:13:19.884289,2025-04-14 07:13:37.884331,0 days 00:00:18.000042,0.9136687242213544,0.7457362221021159,16,0.013944008025710788,0.12655573342364618,0.047549491035005526,0.09220686268163007,0.09483125974394586,0.09680046690855483,0.00983067468426188,14,27,0.08025854826270111,0.12921181105842733,True,True,True,0.00017591389022921013,COMPLETE
1468,0.1888286888599396,2025-04-14 07:13:38.356673,2025-04-14 07:13:56.870924,0 days 00:00:18.514251,0.9524754427639293,0.1598048526296906,16,0.005287542292343801,0.1973475588254089,0.05329526425023082,0.039876988861740625,0.0924117360563575,0.09425769451857378,0.005010326638670203,16,31,0.08549260445564048,0.13681655977986057,True,True,True,0.00028747432956212473,COMPLETE
1469,0.4589259266853333,2025-04-14 07:13:57.341755,2025-04-14 07:14:21.193850,0 days 00:00:23.852095,0.9831731063815231,0.21527536877383388,8,0.0005949041908034237,0.0900525791100396,0.044110222127954526,0.09792713788667672,0.0965850048393808,0.09650030189123583,0.007152388852227387,15,35,0.0826109863711011,0.10386515058087123,True,True,True,0.00024446842352965646,COMPLETE
1470,0.33864057064056396,2025-04-14 07:14:21.683602,2025-04-14 07:14:40.952928,0 days 00:00:19.269326,0.9403661588758351,0.17945893450156175,16,0.0002789948951225484,0.09676195613834161,0.06647152308814731,0.09558681876537933,0.09141975660523988,0.08282074581328586,0.014235282839408753,17,29,0.08452597642096034,0.09333923549235812,True,True,True,0.0003646290899389394,COMPLETE
1471,0.41776374578475955,2025-04-14 07:14:41.426111,2025-04-14 07:14:59.410963,0 days 00:00:17.984852,0.893904455009442,0.21178407763573265,16,0.019035917465983595,0.13083664554592955,0.06107069283892248,0.09811363510902048,0.07285416162337803,0.09399055717574344,0.008712241642786809,14,37,0.07876714803352614,0.11241055326431623,True,True,True,0.0004906635229975213,COMPLETE
1472,0.4510257005691529,2025-04-14 07:14:59.888242,2025-04-14 07:15:18.876529,0 days 00:00:18.988287,0.969924838289241,0.1955036751862193,16,0.00011535597561076333,0.11000442009157181,0.06877970505334169,0.09362409814597827,0.0937628331636463,0.09771763875149132,0.011594176781801533,16,33,0.0815223266068037,0.12650763408958163,True,True,True,0.00030490875605040447,COMPLETE
1473,0.17614206075668337,2025-04-14 07:15:19.348370,2025-04-14 07:15:40.393057,0 days 00:00:21.044687,0.9273231516345704,0.47845292970215286,8,0.032037529298941866,0.1191961828758824,0.05225629260870465,0.08958779022925699,0.09099494173798028,0.09999167785576207,0.00983517951758087,10,113,0.08680253236002546,0.11660935957434375,True,True,False,0.00021454225294536007,COMPLETE
1474,0.1888286888599396,2025-04-14 07:15:40.886362,2025-04-14 07:15:57.092766,0 days 00:00:16.206404,0.9811329642929372,0.22758302801703023,16,0.010955804954155761,0.2646874667919859,0.0680066640466448,0.09635835226101848,0.09397221963793882,0.09522421073835263,0.007645760071359709,9,47,0.08386417375685852,0.10030486495711657,True,True,True,3.790177906815144e-07,COMPLETE
1475,0.32765362262725833,2025-04-14 07:15:57.570573,2025-04-14 07:16:15.184010,0 days 00:00:17.613437,0.9652940053713572,0.1474594757951689,16,0.02523329927439981,0.1394414689089045,0.06509247766483736,0.09167295235379802,0.0969123407316422,0.08506073879585321,0.012931812627781356,15,27,0.08583750962781532,0.12218244510403752,False,True,True,0.00016427185372445578,COMPLETE
1476,0.40982952117919924,2025-04-14 07:16:15.658248,2025-04-14 07:16:33.407997,0 days 00:00:17.749749,0.9518093997228922,0.16480804863354592,16,0.014521958935209313,0.10078773933984485,0.0697068524694596,0.09471405647548477,0.09221966681245863,0.07839742213758302,0.006145879381147635,14,19,0.08276382948496713,0.10902022138483765,True,True,True,0.000348370762051661,COMPLETE
1477,0.3572851777076721,2025-04-14 07:16:33.901337,2025-04-14 07:16:57.767368,0 days 00:00:23.866031,0.9138234378626425,0.2042197637047982,8,0.020595093045288494,0.11242187703960334,0.05122544650805681,0.09840561894968795,0.09517314907919472,0.09692257497644954,0.01043497494301447,15,42,0.07995005556884105,0.15115339739118647,True,True,True,0.0004536915951275162,COMPLETE
1478,0.4364896893501282,2025-04-14 07:16:58.246988,2025-04-14 07:17:16.080206,0 days 00:00:17.833218,0.93462196099136,0.17901527363003933,16,0.00840688889840486,0.0798205159150431,0.06662170692467886,0.09687549842758247,0.09048243143893375,0.09301044158400576,0.00846425541374426,14,31,0.08550657945991805,0.03831146377395363,True,True,True,0.00024277587618794553,COMPLETE
1479,0.43092883825302125,2025-04-14 07:17:16.556502,2025-04-14 07:17:34.896585,0 days 00:00:18.340083,0.984452754911047,0.22525443930137884,16,0.029550682155478646,0.10459693860925748,0.05576664959448106,0.09327944789634188,0.09313519954636564,0.09523026435253949,0.014391288365645412,16,24,0.08222104778749385,0.028029155660452342,True,True,True,0.00029067299820879135,COMPLETE
1480,0.33038610219955444,2025-04-14 07:17:35.374539,2025-04-14 07:17:59.001639,0 days 00:00:23.627100,0.9999051481110176,0.1927704500424159,8,0.015482205598210265,0.12815789169638941,0.07053516678681293,0.09822241150657975,0.09511299307566884,0.08172139164233243,0.007249322541526004,15,39,0.08616317988921421,0.08147634197635417,True,True,True,0.00039044044173479694,COMPLETE
