number,value,datetime_start,datetime_complete,duration,params_alpha-eval,params_alpha-train,params_batch-size,params_eps-eval,params_eps-train,params_lambda-actions-eval,params_lambda-actions-train,params_lambda-frames-eval,params_lambda-frames-train,params_learning-rate,params_n-epochs,params_n-frames,params_radius-gw,params_rho,params_std-feats,params_ub-actions,params_ub-frames,params_weight-decay,state
854,0.41174366474151614,2025-04-16 00:23:02.037752,2025-04-16 00:23:26.833455,0 days 00:00:24.795703,0.5270184547373661,0.25071750357686357,16,0.033372267359772584,0.27070358112955173,0.09172085898343633,0.010722491831163253,0.028166521764584066,0.045239164515416604,0.003348222020000091,27,47,0.0523224124998196,0.14596755664779534,True,False,True,8.238477736727624e-05,COMPLETE
855,0.1612787663936615,2025-04-16 00:23:27.113477,2025-04-16 00:23:51.990966,0 days 00:00:24.877489,0.5414616676261396,0.27053330039566426,16,0.1502438065803157,0.27863307636858026,0.08069499426613957,0.00893943638668625,0.09955670587724275,0.049505876882806395,0.0030088563577023034,28,46,0.05185773160631264,0.1399244430488437,True,False,True,6.539318870250508e-05,COMPLETE
856,0.267792683839798,2025-04-16 00:23:52.257498,2025-04-16 00:24:16.428542,0 days 00:00:24.171044,0.5329341838893163,0.2847189147870736,16,0.025328273764732772,0.14561399552679455,0.08594605638380712,0.01193906975686454,0.09957691261593044,0.04689945016996633,0.0035429379908368183,26,48,0.05375253582728433,0.1338881539534971,True,False,True,9.812259414867368e-05,COMPLETE
857,0.4132214426994324,2025-04-16 00:24:16.708985,2025-04-16 00:24:40.376626,0 days 00:00:23.667641,0.5416005173831414,0.2616215957753983,16,0.030993444389700517,0.2732323707473998,0.09576208366580961,0.008005677014129159,0.099396073919004,0.024113191486358463,0.0029745360620917643,26,44,0.051475584978630314,0.14788555772301543,True,False,True,0.00011248269684939611,COMPLETE
858,0.21745591163635253,2025-04-16 00:24:40.658038,2025-04-16 00:25:04.865014,0 days 00:00:24.206976,0.503710239241553,0.25291509831806136,16,0.03546599958739301,0.28829781943862237,0.08755562283885138,0.012785933867567824,0.09733514699413724,0.049889090151570205,0.002820745116507887,27,45,0.023095498647773494,0.12961318145443193,True,False,True,5.9246728616771994e-05,COMPLETE
859,0.4112584590911866,2025-04-16 00:25:05.131755,2025-04-16 00:25:27.496793,0 days 00:00:22.365038,0.5210174486648806,0.2922256682725484,16,0.02102310222165998,0.26539694142157055,0.09116411612972164,0.009826809004670816,0.09993249996398477,0.046045583226848916,0.0037130886649209957,27,48,0.05400284358706123,0.12578721616571661,False,False,True,0.00011159179575057197,COMPLETE
860,0.41408816576004026,2025-04-16 00:25:27.777060,2025-04-16 00:25:52.398765,0 days 00:00:24.621705,0.559603544102489,0.27495146119110864,16,0.028919624991410244,0.27918775835911286,0.0899076547218521,0.015659541179629727,0.09735234847602957,0.049284004389873924,0.0028437073582528788,28,45,0.05232967471431486,0.14123980530761995,True,False,True,8.107758299178036e-05,COMPLETE
861,0.2957012176513672,2025-04-16 00:25:52.686180,2025-04-16 00:26:17.349193,0 days 00:00:24.663013,0.6132014621606555,0.28624110401746095,16,0.07214737743792689,0.2821035540034702,0.09228690112616254,0.015991332642861737,0.09764660583796418,0.04760203218377642,0.0029908797117108965,27,49,0.05067890630700462,0.13809273447958414,True,False,True,7.913311296671772e-05,COMPLETE
862,0.3306435108184815,2025-04-16 00:26:17.616446,2025-04-16 00:26:42.377476,0 days 00:00:24.761030,0.5684697163560242,0.2720316740188381,16,0.012864623518584528,0.27958863397935835,0.08884874856035886,0.01805303005451172,0.09969003755067903,0.04531479704812762,0.0028482606955423932,28,46,0.05239244093156088,0.141693687742574,True,False,True,4.841479750608874e-05,COMPLETE
863,0.4120844841003418,2025-04-16 00:26:42.655776,2025-04-16 00:27:07.422263,0 days 00:00:24.766487,0.5876505173518224,0.32860598053580353,16,0.02505059067503036,0.286930084675964,0.08944761698658432,0.015691681535999823,0.09698774818381951,0.04747985933880108,0.0035176568337064985,27,51,0.049541728004624995,0.1483266261249709,True,False,True,7.62312949809723e-05,COMPLETE
864,0.28083404898643494,2025-04-16 00:27:07.702765,2025-04-16 00:27:35.502907,0 days 00:00:27.800142,0.5376378605748903,0.27414464873323463,16,0.016455399861800488,0.2767879259512095,0.08175268142272904,0.01545816074956727,0.03857521878734828,0.04877002330775234,0.0026925555292223713,28,48,0.051158444184458814,0.14348843392536886,True,False,False,7.216779371196202e-05,COMPLETE
865,0.41479866504669194,2025-04-16 00:27:35.787423,2025-04-16 00:28:00.712380,0 days 00:00:24.924957,0.5695412015017388,0.24241526293741517,16,0.027320286364381816,0.28659220267826746,0.08609420923548705,0.014298682699702022,0.09715416136507198,0.035612307334345825,0.004081741924433299,28,44,0.05300715789440094,0.13431958030205074,True,False,True,6.626305129372808e-05,COMPLETE
866,0.4145126223564148,2025-04-16 00:28:00.983536,2025-04-16 00:28:25.599047,0 days 00:00:24.615511,0.5816539097743368,0.23684027131249297,16,0.01964791495490039,0.28903061391493934,0.07872912761812859,0.013338455199197694,0.09660861296866624,0.046208455119832834,0.004224187082210486,28,42,0.055035226015336385,0.13291329759691617,True,False,True,4.5440567514987477e-05,COMPLETE
867,0.1888286888599396,2025-04-16 00:28:25.881168,2025-04-16 00:28:50.924088,0 days 00:00:25.042920,0.6175228889130446,0.24713705492376536,16,0.004289052959693049,0.29412541289043326,0.08488868947676174,0.017181515813857726,0.0961324629139849,0.03609212719374759,0.004274356203594937,29,42,0.0562038017155669,0.1255861283081131,True,True,True,5.561312706709484e-05,COMPLETE
868,0.320416796207428,2025-04-16 00:28:51.208498,2025-04-16 00:29:15.622475,0 days 00:00:24.413977,0.574165201215585,0.23884719447433758,16,0.0081723738557389,0.29060416815246143,0.07738827671412535,0.014633979177886627,0.059097745879971665,0.03454148643608179,0.0039881351975019855,28,42,0.055037863803996924,0.12212472140940288,True,False,True,4.292903214825225e-05,COMPLETE
869,0.15840878486633303,2025-04-16 00:29:15.892914,2025-04-16 00:29:40.897668,0 days 00:00:25.004754,0.5263452725554149,0.24665987279801418,16,0.23584562265362408,0.28934775849232125,0.0825104813448083,0.013847637806210285,0.09997883239752882,0.04501234340609964,0.004644665400683174,29,43,0.056860508769157825,0.13191345952042327,True,False,True,3.98391603414308e-05,COMPLETE
870,0.41405428647994996,2025-04-16 00:29:41.179931,2025-04-16 00:30:05.820992,0 days 00:00:24.641061,0.5851854956054394,0.240644506854984,16,0.015353107206608955,0.2905325422363934,0.087341487825225,0.014101280278847744,0.09522506844465668,0.038952458568910706,0.004193674243501851,28,46,0.05521193194808,0.12701373219107506,True,False,True,5.117972329408204e-05,COMPLETE
871,0.4077551484107971,2025-04-16 00:30:06.102811,2025-04-16 00:30:31.375437,0 days 00:00:25.272626,0.6317204991569322,0.24395276466146892,16,0.011709485306168912,0.28991598420511144,0.08196834113751486,0.012548994508561869,0.09642914562184847,0.03044571123792507,0.004827369233493346,28,49,0.0576716032733583,0.12933159800560967,True,False,True,5.241431680017667e-05,COMPLETE
872,0.4116239666938782,2025-04-16 00:30:31.659704,2025-04-16 00:30:56.080773,0 days 00:00:24.421069,0.6090141110724093,0.25756869239265734,16,0.020814756580526887,0.28617330659770823,0.08620286700116081,0.01406091334867312,0.09507507641555416,0.03136506769847475,0.0038897657928390747,29,40,0.05566868632971655,0.12862715051375986,True,False,True,4.499813393232414e-05,COMPLETE
873,0.4010796308517456,2025-04-16 00:30:56.352371,2025-04-16 00:32:33.860621,0 days 00:01:37.508250,0.5715327841901522,0.21310179518273817,2,0.020297320090950876,0.2948467036597114,0.0847128961798539,0.011920694996796075,0.0970219013038963,0.04315452167437871,0.005249966154416951,30,43,0.05275053566247126,0.1331401530342788,True,False,True,6.977781630741223e-05,COMPLETE
874,0.32711272239685063,2025-04-16 00:32:34.146057,2025-04-16 00:32:59.204417,0 days 00:00:25.058360,0.5885111336101672,0.2356380550200508,16,0.007570371426783264,0.2848005941725317,0.07519904668282643,0.01724848617583763,0.09464165125812982,0.025659289618292207,0.0035211955292203884,28,47,0.05386285310076763,0.12215735377274677,True,False,True,5.6590088761836916e-05,COMPLETE
875,0.3306461930274963,2025-04-16 00:32:59.490376,2025-04-16 00:33:25.581840,0 days 00:00:26.091464,0.5588947068870151,0.2531001034186308,16,0.015672819434460694,0.28538485013137616,0.08405277616367728,0.01309563166245223,0.09453175519157908,0.045376248556782656,0.004686773839806524,29,53,0.049732433734390326,0.1328122635185805,True,False,True,3.587065500250922e-05,COMPLETE
876,0.16071680188179016,2025-04-16 00:33:25.868373,2025-04-16 00:33:50.405435,0 days 00:00:24.537062,0.5688164271633354,0.5933696688540224,16,0.2889456608429629,0.2933633173052711,0.08691315387936098,0.017501449622199208,0.09709478464981885,0.03254380836492631,0.004094639148642725,28,41,0.08701825885171754,0.13620690171925762,True,False,True,5.832535324046258e-05,COMPLETE
877,0.41425729990005494,2025-04-16 00:33:50.678072,2025-04-16 00:34:15.070334,0 days 00:00:24.392262,0.5919479455448069,0.23482099315932456,16,0.0189584083641465,0.2851576198655584,0.08746071159607183,0.011842965509179137,0.09602719057342013,0.049792288963327755,0.0035038735779109086,27,44,0.054464572617753816,0.12162511614195334,True,False,True,4.060011260880228e-05,COMPLETE
878,0.31441812515258794,2025-04-16 00:34:15.353565,2025-04-16 00:34:37.696979,0 days 00:00:22.343414,0.5533377645301063,0.23554043183343354,16,0.008237984419036871,0.2997114590059529,0.07445566181043663,0.020147863823053353,0.09683705553917742,0.05015816693762466,0.0006931149597571716,27,39,0.05791725975373954,0.1201678093767235,False,False,True,4.013416555558413e-05,COMPLETE
879,0.40034701824188235,2025-04-16 00:34:37.984078,2025-04-16 00:35:02.452777,0 days 00:00:24.468699,0.6539752667433097,0.226032345326816,16,0.012155452028304004,0.2891220475149077,0.07543257218301508,0.014496118263231677,0.09990897254850181,0.03452182692875353,0.003952465919253346,28,43,0.055933342416274706,0.1205674051549461,True,False,True,3.62128603270745e-05,COMPLETE
880,0.3107571959495544,2025-04-16 00:35:02.725912,2025-04-16 00:35:27.745544,0 days 00:00:25.019632,0.6109818058492003,0.21965847338126476,16,0.00478445070081512,0.2836547231903381,0.07759545485402804,0.015893181468274294,0.09483085354692615,0.035755851342950284,0.00515097971637416,29,40,0.04812650122631041,0.11663036278407113,True,False,True,8.473361667433565e-05,COMPLETE
881,0.41153595447540287,2025-04-16 00:35:28.030240,2025-04-16 00:35:52.488183,0 days 00:00:24.457943,0.602120413369577,0.23536626116126969,16,0.018831920562047764,0.29325667556163715,0.08686575074229633,0.0122573638956816,0.09816171937806206,0.05117899496178917,0.0034672034147089866,28,44,0.05069352028202022,0.12303718602940106,True,False,True,2.6498800786051804e-05,COMPLETE
882,0.2882625222206116,2025-04-16 00:35:52.776496,2025-04-16 00:36:17.266697,0 days 00:00:24.490201,0.5651250115322157,0.20704736260759293,16,0.017853213386757886,0.28842338210158225,0.07921614875393565,0.014165645627285773,0.09524861028962991,0.019399193741432074,0.004529575132991009,23,41,0.054307948683392795,0.12514079890621946,True,False,False,3.104155382252613e-05,COMPLETE
883,0.3221578121185303,2025-04-16 00:36:17.554637,2025-04-16 00:36:41.454172,0 days 00:00:23.899535,0.5502910005716334,0.25347455603465835,16,0.01319644429583167,0.2819999572811049,0.0843124791056406,0.011919803922435915,0.09395987116465317,0.051377757229202514,0.005485404015006899,27,38,0.05727760882096973,0.12699039723133917,True,False,True,4.824601767881973e-05,COMPLETE
884,0.40794620513916013,2025-04-16 00:36:41.729196,2025-04-16 00:37:06.550364,0 days 00:00:24.821168,0.5995283400579737,0.5216062463785168,16,0.021925372224636593,0.28499669882961254,0.09300576081271236,0.010734296894030921,0.09682102214120049,0.03325489701525682,0.003832766882931262,27,50,0.05221604005951247,0.13112657470289923,True,False,True,9.749631387206625e-05,COMPLETE
885,0.40835796594619755,2025-04-16 00:37:06.836933,2025-04-16 00:37:31.576737,0 days 00:00:24.739804,0.6401766431984164,0.2258899296730805,16,0.02307219799539794,0.29314708856438526,0.08357198210098646,0.015867379168212577,0.09583642863227806,0.05050390398955204,0.003460936238633833,28,44,0.04996887006957779,0.11752378197203703,True,False,True,4.2423957804038613e-05,COMPLETE
886,0.17916607260704043,2025-04-16 00:37:31.866084,2025-04-16 00:37:56.653082,0 days 00:00:24.786998,0.5938063318463295,0.1965407007111944,16,0.13577967106005814,0.28311438862952143,0.07884962254681585,0.013143876351001275,0.09378867308758555,0.05093622796458169,0.00437774874569971,28,46,0.05523224064842412,0.11718055793377893,True,False,True,6.633824250525367e-05,COMPLETE
887,0.1888286888599396,2025-04-16 00:37:56.926301,2025-04-16 00:38:21.000277,0 days 00:00:24.073976,0.6188065242154127,0.25894355584966733,16,0.16827349172702036,0.2903219645530919,0.08749751236839093,0.009761562272805816,0.09796820619108246,0.04632278030055272,0.005482275861588595,27,40,0.05921103312991708,0.12435400338686461,True,True,True,4.687333197664127e-05,COMPLETE
888,0.39961851835250856,2025-04-16 00:38:21.285906,2025-04-16 00:38:46.072843,0 days 00:00:24.786937,0.5978309143177886,0.24219333145460642,16,0.01489447754024416,0.28155520085092733,0.08288482862889315,0.008149383966486541,0.09357475498692372,0.04065692055146068,0.0009149140512412461,27,49,0.04637761077226496,0.13418675066794267,True,False,True,9.679962263875646e-05,COMPLETE
889,0.4049433708190918,2025-04-16 00:38:46.363197,2025-04-16 00:39:11.716223,0 days 00:00:25.353026,0.5982204578983898,0.20930700651020168,16,0.02491831148538894,0.295018706548003,0.08008754333222229,0.018508434586286066,0.0999715750180447,0.03646597259463796,0.0033622358233215423,30,43,0.05300161570410914,0.11323465258916712,True,False,True,0.00012941290695092381,COMPLETE
890,0.4065387129783631,2025-04-16 00:39:12.006615,2025-04-16 00:39:36.190004,0 days 00:00:24.183389,0.6097693071844594,0.19062069771226436,16,0.018072483898619693,0.28803924916435436,0.08935008559228219,0.011040308741031526,0.0963544040703554,0.048823309456127534,0.004269217333789308,28,38,0.05630056120240212,0.13180918833003422,True,False,True,7.404432142344062e-05,COMPLETE
891,0.31963695883750914,2025-04-16 00:39:36.465290,2025-04-16 00:40:00.859284,0 days 00:00:24.393994,0.6284129998240562,0.22756894119482218,16,0.004515028164435426,0.2788558934396853,0.08553324386329403,0.014133885616315092,0.09433498388206117,0.03055528557401509,0.004926974619937288,27,47,0.05088138434638963,0.12227824695465973,True,False,True,0.00011703837964609599,COMPLETE
892,0.40747784376144414,2025-04-16 00:40:01.150519,2025-04-16 00:40:27.411867,0 days 00:00:26.261348,0.5836710528986465,0.2601295058328903,16,0.024587274723808044,0.29942336788685386,0.07309608907531544,0.011731251433635636,0.09832417076506506,0.05157696651160925,0.0008082776044224366,29,52,0.04861007349689085,0.12593826939128236,True,False,True,3.5994723525815406e-05,COMPLETE
893,0.4034154772758484,2025-04-16 00:40:27.699910,2025-04-16 00:41:59.588963,0 days 00:01:31.889053,0.5756936790682528,0.17200608528999603,2,0.020519161394676758,0.2863722304336701,0.020539212803328953,0.00856776428943595,0.09310273749895306,0.04731815815825812,0.0026059063406374755,28,42,0.05399364257219096,0.13467286953524624,True,False,True,5.66152358953576e-05,COMPLETE
894,0.329235315322876,2025-04-16 00:41:59.882121,2025-04-16 00:42:24.222152,0 days 00:00:24.340031,0.5662192580405058,0.19986082082403228,16,0.010368425899441841,0.2795511210250284,0.07728533155785196,0.007635638297923528,0.09581990089431211,0.044029455752823875,0.0034642775357809218,27,45,0.05179648468440893,0.15030232532050977,True,False,True,0.00013059663141600089,COMPLETE
895,0.40553281307220457,2025-04-16 00:42:24.500184,2025-04-16 00:42:48.788094,0 days 00:00:24.287910,0.5817970576522806,0.23811827962078058,16,0.026710686799270054,0.29045229538096656,0.017656847921492937,0.06192619495458003,0.09789401415492585,0.04956090774940224,0.0006126511039266433,29,37,0.05640532937577269,0.11941278966598134,True,False,True,8.210405022223091e-05,COMPLETE
896,0.4032706022262573,2025-04-16 00:42:49.080891,2025-04-16 00:43:11.611072,0 days 00:00:22.530181,0.5682200031995981,0.41715411424157284,16,0.015122476521627907,0.2842189414468097,0.09306626185511528,0.01618606960252792,0.09291287722952994,0.038355172530456304,0.0040460383792147465,24,41,0.058779905515466815,0.12936647816122415,True,False,True,0.000110799106364789,COMPLETE
897,0.4092785954475403,2025-04-16 00:43:11.905959,2025-04-16 00:43:34.590058,0 days 00:00:22.684099,0.5480979033889971,0.26091604828260373,16,0.02654651026274381,0.2772299660178526,0.014342149695311798,0.012604612612971142,0.094786515150689,0.028252859296365854,0.002924015880887509,27,49,0.053038950109280704,0.15087844171117365,False,False,True,9.459755508400841e-05,COMPLETE
898,0.4077822804450989,2025-04-16 00:43:34.885127,2025-04-16 00:43:59.977795,0 days 00:00:25.092668,0.6239828930838415,0.3654894701055249,16,0.020613664526822537,0.2945949769688113,0.08866330360199096,0.01009053441628495,0.09635278288156346,0.0823459726238583,0.005108684826648745,29,44,0.04918452297148877,0.13749340633828896,True,False,True,6.479428406550737e-05,COMPLETE
899,0.4103676557540894,2025-04-16 00:44:00.256871,2025-04-16 00:44:22.700377,0 days 00:00:22.443506,0.5865551606816741,0.22466977216150322,16,0.026298953683460878,0.27606358444761736,0.0796411584157888,0.014491305557454297,0.09282654124415843,0.051445776503006566,0.003415860879698284,24,39,0.05499925070055214,0.11511910127664457,True,False,True,0.00014404658916006242,COMPLETE
900,0.4136337518692017,2025-04-16 00:44:22.996215,2025-04-16 00:44:45.626337,0 days 00:00:22.630122,0.5329529236986422,0.20720335391029424,16,0.018205325110867795,0.28305560147162956,0.08367770123948032,0.010362874906461135,0.09770001991034269,0.04605838903733547,0.005995304508598365,23,47,0.05154537487101451,0.12514374099493483,True,False,True,4.0189009239185735e-05,COMPLETE
901,0.28883294463157655,2025-04-16 00:44:45.919853,2025-04-16 00:45:25.593949,0 days 00:00:39.674096,0.5104263952438641,0.1791041979441342,16,0.026035400732746475,0.28879520226245137,0.08685415700970188,0.05961820355060209,0.09558623176235585,0.049248822077022636,0.0027855087078488706,28,138,0.054106215089674725,0.11189711064149083,True,False,False,5.0298609866469986e-05,COMPLETE
902,0.28344690799713135,2025-04-16 00:45:25.887896,2025-04-16 00:45:49.061285,0 days 00:00:23.173389,0.5687299752846432,0.15280928383456688,16,0.011762292140470273,0.2751321946970482,0.024111441634240973,0.007894344049815476,0.09419661398296689,0.05170229519072502,0.0041764611951052915,23,52,0.047507641730586116,0.2944298255849827,True,False,True,0.000134586159037457,COMPLETE
903,0.2806838095188141,2025-04-16 00:45:49.347744,2025-04-16 00:46:12.745404,0 days 00:00:23.397660,0.5841490955800401,0.24154530504467378,16,0.00043044474298602545,0.29390373843993584,0.018696877319664185,0.01224799317718941,0.09778968028162753,0.0628464436718961,0.0004971835137440414,26,41,0.0574185533656115,0.1348072530609988,True,False,True,0.00010998740228946562,COMPLETE
904,0.1888286888599396,2025-04-16 00:46:13.039437,2025-04-16 00:46:37.900297,0 days 00:00:24.860860,0.6386669976892757,0.1862441977159743,16,0.028793404353486006,0.28138270084957456,0.011650607924513903,0.007080328408673814,0.09229827036893769,0.046953077167352864,0.005085736476081193,30,36,0.03816685751333769,0.15225437919285553,True,True,True,7.83999271702483e-05,COMPLETE
905,0.41118607521057127,2025-04-16 00:46:38.197270,2025-04-16 00:47:00.917029,0 days 00:00:22.719759,0.5000402438142869,0.26358873433717234,16,0.02156963657576215,0.29929251835248244,0.08061556069293173,0.009856609471632485,0.09588432438453517,0.043695846833356485,0.0032019100332055196,24,44,0.050589237610517694,0.1301665343222757,True,False,True,2.7641545808682646e-05,COMPLETE
906,0.4072957754135132,2025-04-16 00:47:01.213038,2025-04-16 00:47:25.667845,0 days 00:00:24.454807,0.5976641885945773,0.21574079577868654,16,0.03167582038859541,0.28530186839901217,0.027988686579393903,0.013435640892699814,0.09234970417828207,0.05246499132112681,0.002619328575540174,27,47,0.05283229140050996,0.12225761036654836,True,False,True,9.80906269412832e-05,COMPLETE
907,0.40654332637786866,2025-04-16 00:47:25.949183,2025-04-16 00:47:50.631841,0 days 00:00:24.682658,0.5395379646008457,0.23404564044961673,16,0.03721201243925824,0.27442883437795806,0.073130192813263,0.015752719177808846,0.09818026051373406,0.0612296546861399,0.0034919852236741477,28,42,0.05480059325765993,0.10751969329678396,True,False,True,0.0001317174356467206,COMPLETE
908,0.4047831058502197,2025-04-16 00:47:50.928991,2025-04-16 00:48:20.485602,0 days 00:00:29.556611,0.5628601994979547,0.15961286411155584,16,0.018589260355861233,0.2893208374468002,0.08557330802748586,0.011441667747835987,0.09401879587095191,0.049667713432876646,0.004792785990317522,26,92,0.058454336690692985,0.14560866904093778,True,False,True,0.000850911447957221,COMPLETE
909,0.24073555469512942,2025-04-16 00:48:20.783162,2025-04-16 00:48:44.608128,0 days 00:00:23.824966,0.5102372603423753,0.2071658536606389,16,0.030549560452554234,0.08375937469798304,0.021551867334094466,0.017449792334910168,0.09533191482954671,0.052281769119681715,0.0009911230488962265,23,55,0.04426286007968628,0.13938408105791045,True,False,True,8.91504963203568e-05,COMPLETE
910,0.16147367954254152,2025-04-16 00:48:44.905760,2025-04-16 00:49:09.353832,0 days 00:00:24.448072,0.5233272184654898,0.9543820347828136,16,0.22257723832531223,0.2790546279274388,0.08210127224514996,0.022554423042157372,0.0928888464254099,0.04823727029077244,0.006409992672172008,29,39,0.04967203833455433,0.15227384240322117,True,False,True,0.0001562693896806212,COMPLETE
