number,value,datetime_start,datetime_complete,duration,params_alpha-eval,params_alpha-train,params_batch-size,params_eps-eval,params_eps-train,params_lambda-actions-eval,params_lambda-actions-train,params_lambda-frames-eval,params_lambda-frames-train,params_learning-rate,params_n-epochs,params_n-frames,params_radius-gw,params_rho,params_std-feats,params_ub-actions,params_ub-frames,params_weight-decay,state
1082,0.3561673164367676,2025-04-14 05:10:14.097026,2025-04-14 05:10:32.903122,0 days 00:00:18.806096,0.9689750756003829,0.24280325788456122,16,0.030469722326322772,0.121827187605376,0.06191917475270216,0.09469970022686229,0.09993996056235933,0.0958000101359222,0.014460831949905438,16,39,0.08054028211336227,0.1268462884812174,True,True,True,0.0005127084683812052,COMPLETE
1083,0.3322155833244324,2025-04-14 05:10:33.257246,2025-04-14 05:10:51.194721,0 days 00:00:17.937475,0.981562853131866,0.28087989628236687,16,0.01456934412992234,0.10701346416935027,0.07943596806602574,0.049432703169477434,0.09469345731617314,0.09201981825704149,0.008271601934219342,14,28,0.08709647699608819,0.1372925893670101,True,True,True,0.00015037018892280395,COMPLETE
1084,0.3399790287017822,2025-04-14 05:10:51.547708,2025-04-14 05:11:08.632329,0 days 00:00:17.084621,0.9114418236625159,0.13761123821389296,16,0.009721229210118353,0.08958911165165549,0.07658459472346149,0.09126518543698033,0.0889714190727369,0.08711096330667267,0.011331277339559197,13,24,0.0898698546262949,0.12153499057044857,True,False,True,0.00028166687556517307,COMPLETE
1085,0.42683321237564087,2025-04-14 05:11:08.987989,2025-04-14 05:11:27.249052,0 days 00:00:18.261063,0.9999349364150142,0.22010888291310665,16,0.02210300287847804,0.0797654749541743,0.07196008726936806,0.09685232447085132,0.09284618762494776,0.09812093484120955,0.010150974995867769,15,30,0.08302761008428373,0.11363197821107991,True,True,True,0.00039409998402270183,COMPLETE
1086,0.296992027759552,2025-04-14 05:11:27.584801,2025-04-14 05:11:45.796350,0 days 00:00:18.211549,0.9534558263582485,0.19889623842644888,16,0.01774683025229976,0.2834054712849742,0.06923614689641532,0.09315946284997378,0.08703331602511705,0.08949068007427113,0.023625718918901046,16,21,0.08658770435183334,0.13128591951925805,True,True,True,0.00019440534884303785,COMPLETE
1087,0.3459077954292298,2025-04-14 05:11:46.148538,2025-04-14 05:12:04.416811,0 days 00:00:18.268273,0.9294514768580715,0.17555179497964515,16,0.07726189721062104,0.1263707932716457,0.0655650458863002,0.0956112625515638,0.09726582024500431,0.08461184064686905,0.01741308301718717,15,34,0.0909470594097062,0.1091039772642871,True,True,True,0.00030189376108803853,COMPLETE
1088,0.36415078639984133,2025-04-14 05:12:04.769433,2025-04-14 05:12:23.131720,0 days 00:00:18.362287,0.9624194849156786,0.2588683354514187,16,0.009559688250452057,0.11476941838863002,0.07328256704189019,0.0887988758705277,0.09060021037838174,0.09415577707463355,0.013717743342910736,14,45,0.08165484439129607,0.1270575782557896,True,True,True,0.0006525972268354775,COMPLETE
1089,0.4294398546218873,2025-04-14 05:12:23.483862,2025-04-14 05:12:40.435738,0 days 00:00:16.951876,0.982134538957234,0.22495610466262417,16,0.03006552561618348,0.10068976360913559,0.07567082090641397,0.09836380174414858,0.09494577365774601,0.09589710962371106,0.008061089551478738,12,26,0.08460918818869623,0.11807362208605725,True,True,True,0.0004152688834659346,COMPLETE
1090,0.35000928640365603,2025-04-14 05:12:40.788345,2025-04-14 05:12:57.156466,0 days 00:00:16.368121,0.9464849285273469,0.15638759254156162,16,0.014746215577942494,0.11966729916537296,0.07132237319143829,0.09648711159843966,0.09237955297459113,0.09235023577733137,0.005381187692993993,10,31,0.08923796161834893,0.12353119348526599,True,True,True,0.000237014618080103,COMPLETE
1091,0.38813033103942873,2025-04-14 05:12:57.507836,2025-04-14 05:13:16.717432,0 days 00:00:19.209596,0.904849144163246,0.2034543992326322,16,0.020562068464399556,0.11005049953756182,0.06860796794454282,0.09284425261019921,0.08869787398125804,0.09824750147015929,0.006191048563456686,11,111,0.09290632634915737,0.14089277429983363,True,True,True,0.00019216285693136252,COMPLETE
1092,0.1888286888599396,2025-04-14 05:13:17.071673,2025-04-14 05:13:34.422857,0 days 00:00:17.351184,0.9378723836506633,0.06431005318158928,16,0.007457064749243455,0.09479716304304953,0.07775493667276766,0.0947847734550705,0.09616666160409931,0.09050267011782874,0.009933972552192001,13,38,0.01285839090164096,0.13371238645147202,True,True,True,0.00033786014302878304,COMPLETE
1093,0.3917650580406189,2025-04-14 05:13:34.780584,2025-04-14 05:13:53.656074,0 days 00:00:18.875490,0.9638961496454682,0.23725226085724863,16,0.03745491667829989,0.12596876077201255,0.07465862303577361,0.09993234939627048,0.09325823273296671,0.09380851911099858,0.01234061858631811,17,28,0.08618935011501713,0.09910454475747425,True,True,True,0.0004889379108503728,COMPLETE
1094,0.4674585223197938,2025-04-14 05:13:54.012424,2025-04-14 05:14:12.367259,0 days 00:00:18.354835,0.9999176183172366,0.17919303351031743,16,0.025502433655385737,0.10417394988351167,0.07235593685873944,0.09789440590962603,0.09159267628957125,0.09666656080472447,0.007758768730556673,15,35,0.08371897939472556,0.11267232372394373,True,True,True,0.0001461094961191737,COMPLETE
1095,0.2698615908622742,2025-04-14 05:14:12.726195,2025-04-14 05:14:30.609043,0 days 00:00:17.882848,0.9843999006365328,0.18859563190866843,16,0.03590028928680833,0.10492944357526968,0.0011766811799650764,0.09820819699377722,0.09484072803176358,0.09966492406098218,0.008875882379776953,16,36,0.07890282481636632,0.10494545245372124,False,True,False,0.00010971848141347593,COMPLETE
1096,0.4003233551979065,2025-04-14 05:14:30.969271,2025-04-14 05:14:49.099907,0 days 00:00:18.130636,0.9994502703138379,0.21391554882871458,16,0.027870748724643405,0.1091097056053827,0.07305304404143367,0.09990362305976727,0.0917212411249722,0.09688670672226088,0.010614409732747243,14,41,0.08068685500911404,0.10776940693015785,True,True,True,0.00026437555194900773,COMPLETE
1097,0.4532467126846314,2025-04-14 05:14:49.439758,2025-04-14 05:15:07.434592,0 days 00:00:17.994834,0.9837205750242836,0.2502090382870094,16,0.028453044380749602,0.10367926569605947,0.07441641628198557,0.0983569626299314,0.043285165354849574,0.09984960050372302,0.014635625720298924,14,32,0.0821298569202072,0.1122355029603377,True,True,True,0.0001402916148267776,COMPLETE
1098,0.1888286888599396,2025-04-14 05:15:07.786078,2025-04-14 05:15:26.013739,0 days 00:00:18.227661,0.968061644411987,0.27892387432858595,16,0.025605081332305567,0.2544996993775666,0.07186404391681292,0.09998223290375029,0.09406432761579024,0.0970219798433252,0.01240756617388409,15,38,0.0838309368295439,0.09955777057994554,True,True,True,8.44768101855478e-05,COMPLETE
1099,0.1888286888599396,2025-04-14 05:15:26.365750,2025-04-14 05:15:44.522248,0 days 00:00:18.156498,0.9976731707694096,0.19972562521770412,16,0.013973857033979263,0.11485571202141318,0.0766327242948434,0.09700236611624159,0.0968794344756458,0.09803691724548824,0.008247934346148034,16,25,0.027827383769575394,0.10907804462110277,True,True,True,0.00035024713675150366,COMPLETE
1100,0.36929338574409487,2025-04-14 05:15:44.877823,2025-04-14 05:16:03.263726,0 days 00:00:18.385903,0.6560045893788713,0.22792931323363352,16,0.007092595346598646,0.11070306526507048,0.07325473499635145,0.09843344939865145,0.09109889511263386,0.09590953809690887,0.017233333993678025,15,30,0.07821313212107277,0.113917746367742,True,True,True,0.00023406288809699896,COMPLETE
1101,0.39069720506668093,2025-04-14 05:16:03.621911,2025-04-14 05:16:22.317410,0 days 00:00:18.695499,0.8851037032142699,0.18151161591905904,16,0.03615002225854612,0.10029444761786317,0.07097460297831434,0.09685930971935112,0.09360906288228756,0.09574580652998997,0.010791058414855403,13,72,0.08861477680984768,0.09258822651751687,True,True,True,0.00043440954389477445,COMPLETE
1102,0.43754264116287234,2025-04-14 05:16:22.673659,2025-04-14 05:16:39.810858,0 days 00:00:17.137199,0.9293735834509559,0.2630123975341109,16,0.020454741657923242,0.11564748536838522,0.07505555319135862,0.09825905993495178,0.09637599112920289,0.09841766763103683,0.009813466229580889,12,34,0.08263033292166053,0.11524767169274595,True,True,True,0.0005695290406816766,COMPLETE
1103,0.4350221514701844,2025-04-14 05:16:40.169870,2025-04-14 05:16:59.184021,0 days 00:00:19.014151,0.9984395884591718,0.21883343624940882,16,0.012206103053618652,0.10606384080831158,0.07251631662825529,0.09679828127565775,0.09233581694980482,0.09459007261181357,0.013662225085868387,17,29,0.08061158493033145,0.1022535955789734,True,True,True,0.0003063387201056788,COMPLETE
1104,0.378917133808136,2025-04-14 05:16:59.552758,2025-04-14 05:17:20.244279,0 days 00:00:20.691521,0.9548673570335431,0.19509257858860093,16,0.03249672332754745,0.10070472748168001,0.07041457175586882,0.09993365890485785,0.09007089236877111,0.09638432000006351,0.00744740458517015,14,102,0.08686576117233863,0.11021329754076968,True,True,True,0.00020970736825426948,COMPLETE
1105,0.38511954545974736,2025-04-14 05:17:20.601724,2025-04-14 05:17:41.290326,0 days 00:00:20.688602,0.9149393294507958,0.21291268356150056,16,0.016399854620330234,0.12003983548051884,0.07964016382869614,0.09553599334266889,0.09448724377597281,0.09849545948173093,0.031877173079768145,16,85,0.09130884033191053,0.29554335656085773,True,False,True,0.0007671573439088164,COMPLETE
1106,0.4606190204620362,2025-04-14 05:17:41.649027,2025-04-14 05:17:59.938908,0 days 00:00:18.289881,0.9997255458328872,0.24579770803838402,16,0.009553589153050275,0.11348905412463621,0.07654923617122285,0.09832840118977056,0.09847621538088668,0.0943333826039697,0.00899131877160148,15,32,0.08570557711435348,0.11715334869591887,True,True,True,0.0002744834966747668,COMPLETE
1107,0.3685588717460633,2025-04-14 05:18:00.298835,2025-04-14 05:18:18.257906,0 days 00:00:17.959071,0.9699347501250953,0.23657739524906568,16,0.026008324316196683,0.10751457735435274,0.07411380562452455,0.09647238898570751,0.09240724359008558,0.09679630219633215,0.02142411272732345,14,36,0.0883901399145541,0.119625274164149,True,True,True,0.00038780200116161613,COMPLETE
1108,0.3253045439720154,2025-04-14 05:18:18.621184,2025-04-14 05:18:35.741643,0 days 00:00:17.120459,0.949791286496806,0.4715946052978348,16,0.09557499777221286,0.23904788441818958,0.07206423434835854,0.09427426428675949,0.09032872454982607,0.0947389259193645,0.011730710065903921,13,22,0.08300408351475892,0.1038818527538935,True,True,True,0.00016372311259236155,COMPLETE
1109,0.4449349880218506,2025-04-14 05:18:36.104696,2025-04-14 05:18:54.206943,0 days 00:00:18.102247,0.937557385925733,0.17969768147425935,16,0.005120202186111554,0.13313861280975944,0.07022095645019177,0.09803490901586517,0.09518995424184618,0.0980319017379744,0.01612021719131304,15,27,0.08001790590913609,0.11088696815140557,True,True,True,0.0005244363784885628,COMPLETE
1110,0.34073939323425295,2025-04-14 05:18:54.549577,2025-04-14 05:19:13.194982,0 days 00:00:18.645405,0.9728912390703223,0.5376824000581044,16,0.02191376785331686,0.12460460640062442,0.07714129337893173,0.09608366138238457,0.09261061218358058,0.09291548752969453,0.00803291356730342,16,32,0.0948110511030814,0.11925084827018653,True,True,True,0.00025859196549311766,COMPLETE
1111,0.34928421974182133,2025-04-14 05:19:13.555105,2025-04-14 05:19:31.548443,0 days 00:00:17.993338,0.9007705790539718,0.2694336403209089,16,0.01589690352160103,0.11811622512465486,0.07496453206218562,0.03785263850697769,0.09740411453723767,0.005667450192597748,0.010005717429824947,14,40,0.08400841810604609,0.11435842029152624,True,True,True,0.00037176962244361616,COMPLETE
1112,0.43924090862274173,2025-04-14 05:19:31.912773,2025-04-14 05:19:50.929991,0 days 00:00:19.017218,0.9997403957901936,0.1996578139218538,16,0.006652954230567869,0.09827214447162372,0.07291136921847599,0.09163293066117256,0.08948439629138188,0.09560930882931376,0.012833852726497442,17,27,0.08700514965663701,0.10678444842054137,True,True,True,0.00012450752853579891,COMPLETE
1113,0.44890769720077517,2025-04-14 05:19:51.290735,2025-04-14 05:20:09.721486,0 days 00:00:18.430751,0.9205691943671572,0.2272539338111666,16,0.024730422108595107,0.11109425894107193,0.0788404353690948,0.09424100681661755,0.09384437764411027,0.0795835365665325,0.006659537770270256,15,36,0.07761703297800839,0.12285767177165871,True,True,True,0.00020692864332165302,COMPLETE
1114,0.4312540769577027,2025-04-14 05:20:10.081581,2025-04-14 05:20:27.406436,0 days 00:00:17.324855,0.9576980196829986,0.16323976181770158,16,0.015217092290589599,0.10355041963364849,0.0704555492683851,0.09719472612724284,0.09100350641669437,0.09657047039437229,0.008531001984322025,13,30,0.08989511043751619,0.11887335793291537,True,True,False,0.0002940094701676176,COMPLETE
1115,0.1888286888599396,2025-04-14 05:20:27.767707,2025-04-14 05:20:43.632479,0 days 00:00:15.864772,0.9762672950808681,0.2458027018367612,16,0.030608454872884324,0.1279988373447319,0.07450734506486818,0.09332176138694331,0.09643609227062497,0.09352270872282901,0.01097966274021812,11,25,0.08493378204128767,0.09867877882170689,False,True,True,0.00044388205175861995,COMPLETE
1116,0.37723876237869264,2025-04-14 05:20:43.989999,2025-04-14 05:21:01.561677,0 days 00:00:17.571678,0.9432968507847957,0.18452571388112043,16,0.010236674874497028,0.1207876150560719,0.08126243673367832,0.09846005541918007,0.09454309104173178,0.09968945501363469,0.01913763123999133,14,19,0.09670070114923157,0.11216925478706286,True,True,True,0.00016257585123399972,COMPLETE
1117,0.44378499984741215,2025-04-14 05:21:01.921864,2025-04-14 05:21:20.847552,0 days 00:00:18.925688,0.9575092970873611,0.2063392715162863,16,0.019721303745588253,0.11362238707330717,0.07221568549347,0.08997636987604904,0.09194011229946958,0.09509049186301143,0.015047175507670983,16,33,0.08159683019186685,0.12509249531981265,True,True,True,0.0003341505752005758,COMPLETE
1118,0.4508973836898804,2025-04-14 05:21:21.208875,2025-04-14 05:21:39.474068,0 days 00:00:18.265193,0.9238026725861944,0.27845769069328474,16,0.006088534123281707,0.10664754539491941,0.0689753965920645,0.09563574630662736,0.08856494770567336,0.09828691031221182,0.006099728733031717,15,29,0.08797162507575428,0.10632586873594141,True,True,True,0.000612039407919254,COMPLETE
1119,0.44372664690017705,2025-04-14 05:21:39.836111,2025-04-14 05:21:58.070042,0 days 00:00:18.233931,0.9810831142666395,0.14014484654256038,16,0.014470775802791153,0.09578629125682299,0.07685618208397556,0.0999294146874298,0.09819699238359961,0.09233583173675802,0.00916997266871254,15,35,0.09174420253831914,0.1157654646127408,True,True,True,0.00023141331567356243,COMPLETE
1120,0.37857649326324466,2025-04-14 05:21:58.436506,2025-04-14 05:22:18.717506,0 days 00:00:20.281000,0.8943579256567453,0.23050699979765313,16,0.023310354197749003,0.11774493982389596,0.07378336680318266,0.096831531455853,0.09283963402346279,0.09667884565110689,0.007381132783892833,17,58,0.08568584367936848,0.12372892560314061,True,True,True,0.0004396087250624908,COMPLETE
1121,0.363844633102417,2025-04-14 05:22:19.083793,2025-04-14 05:22:37.287839,0 days 00:00:18.204046,0.9384044465805343,0.1789860231261992,16,0.036269940041492414,0.13274779544248355,0.07161116180452098,0.0981960674860277,0.09038381863699586,0.09356474959375148,0.012070524057947953,14,44,0.08826668524176437,0.11869171254180784,True,True,True,0.00027353065085951826,COMPLETE
1122,0.40792250633239746,2025-04-14 05:22:37.650094,2025-04-14 05:22:56.376078,0 days 00:00:18.725984,0.9702073355468024,0.21466292482331176,16,0.011927477806688715,0.162837326422397,0.06884197513099359,0.09372229649203478,0.09558828560275331,0.09472007450039881,0.010183149867633419,16,38,0.0830772254327285,0.11245665618641446,True,False,True,0.00018615056558060863,COMPLETE
1123,0.4419731140136719,2025-04-14 05:22:56.740972,2025-04-14 05:23:13.968415,0 days 00:00:17.227443,0.9540168485429339,0.2586080040006338,16,0.01834080511368351,0.10134697664267314,0.07605637753376525,0.09995838436453687,0.08765690337974971,0.09979148463285198,0.01389908420115726,12,32,0.08059943705812299,0.1253386586234068,True,True,True,0.00034896038819925583,COMPLETE
1124,0.4525623202323914,2025-04-14 05:23:14.335741,2025-04-14 05:23:32.219884,0 days 00:00:17.884143,0.9161519670855569,0.1516792269881289,16,0.028859020796436607,0.10887703420279524,0.07063276312217691,0.09522901665064296,0.09326727467436136,0.09996078036581893,0.017413860632993577,14,27,0.08427804544297997,0.10611796071182061,True,True,True,0.00022869006902447348,COMPLETE
1125,0.23378260135650636,2025-04-14 05:23:32.583893,2025-04-14 05:23:50.525135,0 days 00:00:17.941242,0.15594478042362786,0.18873052181864242,16,0.005292014635860657,0.12632426553213627,0.07311660704395727,0.091894654711625,0.09114309331055181,0.09163975333951156,0.0077493498313097285,15,22,0.0863376008040768,0.1194577221536884,True,True,True,0.0003152317333672101,COMPLETE
1126,0.4514126896858216,2025-04-14 05:23:50.874604,2025-04-14 05:24:08.248480,0 days 00:00:17.373876,0.9722715820617207,0.24206661960300435,16,0.02003486509693331,0.1132803200498855,0.07815918506205653,0.0970434463114791,0.09472511717577822,0.09652073074492831,0.026208400960449928,13,30,0.09064595262190445,0.12689603512508724,True,True,True,0.00013830372593370716,COMPLETE
1127,0.1888286888599396,2025-04-14 05:24:08.609675,2025-04-14 05:24:23.481386,0 days 00:00:14.871711,0.9377667887172221,0.21392256486636493,16,0.010472091136772867,0.12240887262081455,0.07535499939121484,0.08832393459598263,0.08936016217807786,0.07785832373617028,0.005323686791850863,7,24,0.08239803747568929,0.09440297761678816,True,True,True,0.0005042460752239816,COMPLETE
1128,0.3044355392456055,2025-04-14 05:24:23.847390,2025-04-14 05:24:43.452557,0 days 00:00:19.605167,0.9842985960599041,0.16554192484892638,16,0.0056518130975055925,0.09737522604876948,0.0692334560459259,0.0032351115683166565,0.09665702897206703,0.09363585046629248,0.010690125756766335,18,34,0.0935102864525864,0.11351767657434339,True,True,True,0.00037641782453435457,COMPLETE
1129,0.357333517074585,2025-04-14 05:24:43.817560,2025-04-14 05:25:01.822985,0 days 00:00:18.005425,0.9498119731978759,0.19881916154322823,16,0.014448962397954231,0.10537814906646417,0.07123784589236981,0.052514268490381315,0.09230824934939014,0.09189014152315304,0.008646172887828254,15,31,0.08622632824582707,0.1202668056660936,True,True,True,0.0002535709324494718,COMPLETE
1130,0.38400248289108274,2025-04-14 05:25:02.185172,2025-04-14 05:25:22.587246,0 days 00:00:20.402074,0.9240412179681875,0.13325859325647108,16,0.025011499620855852,0.11774269555462827,0.07377953747639854,0.09827497324931686,0.05726856633489913,0.09740052334520888,0.012873534804494678,12,127,0.0891912346744104,0.1292212802035289,True,True,True,0.00019033777165888182,COMPLETE
1131,0.4633341550827027,2025-04-14 05:25:22.951206,2025-04-14 05:25:41.543508,0 days 00:00:18.592302,0.9620553076808538,0.2838710146990502,16,0.01796185688802285,0.09282294789679275,0.06769620210224399,0.09518436706393424,0.09875734332976051,0.08225099308523662,0.0069145236565795725,16,28,0.08389643944199811,0.10813099396051248,True,True,True,0.000299852083120158,COMPLETE
1132,0.30142395496368407,2025-04-14 05:25:41.909687,2025-04-14 05:26:00.129008,0 days 00:00:18.219321,0.8815480708554981,0.16974371538089691,16,0.0294567678581971,0.09134738439171253,0.06727892890827462,0.0908979855239127,0.0996141063137118,0.08251415369640443,0.009090259349293679,16,17,0.08755968519524092,0.09776780668936319,True,True,False,0.0006932961005238062,COMPLETE
1133,0.1888286888599396,2025-04-14 05:26:00.494428,2025-04-14 05:26:18.260288,0 days 00:00:17.765860,0.9063147840119938,0.22385729827379405,16,0.13711853432418852,0.12854096541733517,0.06725411963053524,0.09314715802179432,0.0982410918375726,0.08626823852751431,0.007144040672275415,16,24,0.08453377287130805,0.09220630931954944,False,True,True,0.0004456388711596989,COMPLETE
1134,0.38398160934448244,2025-04-14 05:26:18.626334,2025-04-14 05:26:36.828707,0 days 00:00:18.202373,0.9358654253057441,0.19957372165540554,16,0.03277602244029018,0.1229061077743214,0.06801619612324274,0.09318061608720844,0.09894092156647959,0.08138686520868343,0.010744434535871771,15,26,0.08629867472091819,0.10292494062556386,True,True,True,0.000986651573270463,COMPLETE
1135,0.1888286888599396,2025-04-14 05:26:37.194137,2025-04-14 05:26:55.117929,0 days 00:00:17.923792,0.9541385307568463,0.2535484899363486,16,0.28941738431120617,0.1121380848499319,0.07934110262878581,0.09073011863684019,0.09815140967809526,0.07880601578571084,0.007937997207599176,15,22,0.08907240261885462,0.09875320972716092,True,True,True,0.00032455014660634875,COMPLETE
1136,0.37873481512069707,2025-04-14 05:26:55.481873,2025-04-14 05:27:13.914520,0 days 00:00:18.432647,0.9276414856481561,0.18812520844983213,16,0.02333928922387803,0.13938284585583588,0.06456436939313322,0.08527490659846758,0.09835467979457758,0.0814827957329598,0.009816879092617704,16,26,0.08429908046819136,0.08914185306247818,True,True,True,0.000543124172077106,COMPLETE
1137,0.2519064784049988,2025-04-14 05:27:14.282389,2025-04-14 05:27:32.030899,0 days 00:00:17.748510,0.9055552896236445,0.9957251248814245,16,0.1228452178502634,0.10058994263909692,0.06808383750723412,0.09455248934637837,0.09987987463742401,0.08292358405334364,0.015209142283224317,14,28,0.08751259962071425,0.10807009884898194,True,True,True,0.0003719832626225869,COMPLETE
1138,0.39566342830657963,2025-04-14 05:27:32.399860,2025-04-14 05:27:50.632782,0 days 00:00:18.232922,0.9454069873584684,0.1551094006265373,16,0.018624270742951303,0.09183980524108562,0.06969981357638302,0.035088037946099535,0.09742590297167228,0.07803501047962919,0.012440237791943524,15,24,0.09174888583236258,0.10208358074131012,True,True,True,0.00028562189700028656,COMPLETE
