number,value,datetime_start,datetime_complete,duration,params_alpha-eval,params_alpha-train,params_batch-size,params_eps-eval,params_eps-train,params_lambda-actions-eval,params_lambda-actions-train,params_lambda-frames-eval,params_lambda-frames-train,params_learning-rate,params_n-epochs,params_n-frames,params_radius-gw,params_rho,params_std-feats,params_ub-actions,params_ub-frames,params_weight-decay,state
1937,0.39933295249938966,2025-04-14 09:59:14.526081,2025-04-14 09:59:37.276357,0 days 00:00:22.750276,0.9421100464478366,0.2379374475000013,8,0.014188332065494497,0.11275748293976985,0.0683020480865786,0.052655996521807996,0.08727544653590368,0.09175340446928812,0.006359184955975479,14,27,0.0890761063017898,0.12914366303617128,True,True,True,0.0005695556835795946,COMPLETE
1938,0.4323502659797669,2025-04-14 09:59:37.923524,2025-04-14 09:59:56.349629,0 days 00:00:18.426105,0.9995475434025112,0.17259517387163006,16,0.02445574122574078,0.09097896175256028,0.0729953789919638,0.09579673846923564,0.09626594924721059,0.09480224117559694,0.005171914572115352,15,33,0.09395482943351653,0.11146972723645256,True,True,True,0.0002788699912430843,COMPLETE
1939,0.4485145807266236,2025-04-14 09:59:56.969758,2025-04-14 10:00:15.736903,0 days 00:00:18.767145,0.9825199903554762,0.2039938970517396,16,0.0366807190462768,0.10606780924437618,0.06598183535136762,0.09396807747650571,0.08947984188773572,0.013278207982377055,0.007769805431593418,16,30,0.08591027804766636,0.1189211444601539,True,True,True,9.547247304703362e-05,COMPLETE
1940,0.3914193391799927,2025-04-14 10:00:16.380873,2025-04-14 10:00:34.677343,0 days 00:00:18.296470,0.9636946554771848,0.2696844495794018,16,0.006564455259556276,0.13824882325417961,0.07683552484199482,0.09673281524377111,0.09324186078884858,0.09808157937472303,0.010851049860507936,15,36,0.08105512877193967,0.08353888893463124,True,True,True,0.0008012006407974259,COMPLETE
1941,0.3711820483207703,2025-04-14 10:00:35.303413,2025-04-14 10:00:54.710678,0 days 00:00:19.407265,0.9069529898746926,0.9344397227649788,16,0.02907747228035067,0.11408789098666357,0.08121992831459561,0.09811367519983422,0.09831425926356269,0.0888134762416677,0.012752277263801515,18,27,0.08392213700609857,0.03912045999154642,True,True,True,0.0004522409167593287,COMPLETE
1942,0.40730876922607423,2025-04-14 10:00:55.351498,2025-04-14 10:01:18.375347,0 days 00:00:23.023849,0.9295078731201036,0.1861742793090011,8,0.020406370187582845,0.1270471637207186,0.06965450299044604,0.09566355938407956,0.0914599920555981,0.09656849845609233,0.008826450603119828,14,33,0.09010366249197166,0.07606369074306409,True,True,True,0.00022319873074787665,COMPLETE
1943,0.4420600295066834,2025-04-14 10:01:19.023784,2025-04-14 10:01:37.671322,0 days 00:00:18.647538,0.9798212869969728,0.22933289062389958,16,0.009835013290617908,0.09598428497933897,0.07233227517028967,0.09147656670062458,0.09535798628205484,0.09266672756233216,0.006686098918729464,16,24,0.08752350787412036,0.10165952214594523,True,True,True,0.0003198208325663346,COMPLETE
1944,0.32939705848693845,2025-04-14 10:01:38.291772,2025-04-14 10:01:56.574188,0 days 00:00:18.282416,0.955084639733695,0.1579965531778135,16,0.01637199414429766,0.11845736935726509,0.07433618578904816,0.09807803397132724,0.08584663562352482,0.09487279388451968,0.009079595425422598,15,29,0.08352093825676885,0.12354903341942243,True,True,True,0.00014530745944763031,COMPLETE
1945,0.3525798678398132,2025-04-14 10:01:57.221564,2025-04-14 10:02:14.976319,0 days 00:00:17.754755,0.8833762927026522,0.38571820180665645,16,0.024258948886893197,0.105830417100059,0.07882767332097253,0.09356628667812691,0.09339793209744783,0.09064238245695702,0.016986771752388295,13,38,0.08603269969038027,0.11385130278929885,True,True,True,0.0003767115508929809,COMPLETE
1946,0.19442673921585085,2025-04-14 10:02:15.635162,2025-04-14 10:03:09.554846,0 days 00:00:53.919684,0.9293904644607065,0.2471365078644422,2,0.03218269174570046,0.10943287948806289,0.06736918127166476,0.09661065350017527,0.08959602791192436,0.09410462166629557,0.09873508974827187,14,32,0.08085316970397188,0.08853320587078926,True,True,False,0.0005360506257625358,COMPLETE
1947,0.3684106230735779,2025-04-14 10:03:10.185174,2025-04-14 10:03:28.718412,0 days 00:00:18.533238,0.9809455696411848,0.8249751041571776,16,0.0053386598095538,0.09929388621345908,0.05409482103514993,0.098355201060655,0.09665417872069461,0.09645617671688651,0.007373086300299939,17,26,0.0911135317178374,0.10629123956221295,False,True,True,0.0002391154237255774,COMPLETE
1948,0.41446565389633183,2025-04-14 10:03:29.371085,2025-04-14 10:03:52.678466,0 days 00:00:23.307381,0.9452688202989561,0.2073891154983642,8,0.014810107149073567,0.12305449093232468,0.07142335252559556,0.09484629907352227,0.0922176270988574,0.09813194399938659,0.005883748782215902,15,21,0.09775053882411244,0.1289923665145083,True,True,True,0.0001691300075918531,COMPLETE
1949,0.25517356395721436,2025-04-14 10:03:53.302877,2025-04-14 10:04:12.017327,0 days 00:00:18.714450,0.9650043487175202,0.22102682987432395,16,0.14565709197529658,0.05690673790627291,0.06360671102038878,0.0932377662738976,0.09828065481278889,0.09264163069404194,0.011716769080979194,16,35,0.07755671305390376,0.11766555352044737,True,True,True,0.0006790179372475845,COMPLETE
1950,0.4037158370018005,2025-04-14 10:04:12.661293,2025-04-14 10:04:30.644589,0 days 00:00:17.983296,0.9212942337040951,0.1905468867114006,16,0.020995628983733583,0.13339121117369612,0.06923302602744191,0.09679059818427067,0.09996707122941355,0.09515789669378272,0.009597052185549557,14,30,0.09294322399058723,0.09528276255354343,True,True,True,0.00033032718446635386,COMPLETE
1951,0.1888286888599396,2025-04-14 10:04:31.296167,2025-04-14 10:04:49.939033,0 days 00:00:18.642866,0.9995889140287507,0.1313034599710593,16,0.039498582355673766,0.11536782829039172,0.07525082522699672,0.08979144754331028,0.09417930364889894,0.08973650736971198,0.013727464044817336,15,42,0.012366986304766077,0.11071173001843587,True,True,True,0.0004772995677595867,COMPLETE
1952,0.1888286888599396,2025-04-14 10:04:50.566518,2025-04-14 10:05:09.401964,0 days 00:00:18.835446,0.8979156008053965,0.2520864647977323,16,0.0002290662415573855,0.21398596799019542,0.07253062829119994,0.02426377270001745,0.07037289321436649,0.09672107268155763,0.007681332374796207,16,32,0.08792865029758411,0.033446298199998906,True,True,True,0.00020635788945155682,COMPLETE
1953,0.38174556493759154,2025-04-14 10:05:10.049208,2025-04-14 10:05:32.541879,0 days 00:00:22.492671,0.9668590673643329,0.17281161245161986,8,0.010521320392235104,0.09161289666000733,0.07725574976854505,0.09999791671677521,0.09065384364045653,0.08693771699038577,0.010487322209150055,14,27,0.08255401694013034,0.12268065072116974,True,False,True,1.8324720397045425e-07,COMPLETE
1954,0.38146946430206297,2025-04-14 10:05:33.199558,2025-04-14 10:05:51.494022,0 days 00:00:18.294464,0.9469079960091321,0.23086919479409013,16,0.029741938284283988,0.10408614166303819,0.07063270494403691,0.09826866761051106,0.09652714571402941,0.0925865174526901,0.00506593813789078,15,35,0.09998628695457062,0.10474180614001107,True,True,True,0.00039549109257925707,COMPLETE
1955,0.1888286888599396,2025-04-14 10:05:52.124218,2025-04-14 10:06:11.092532,0 days 00:00:18.968314,0.9837534368297515,0.20367105934825744,16,0.018118420597227947,0.14347644522263145,0.06705877500122752,0.09533214739971971,0.08796337479447575,0.09847173982315725,0.00634305682524275,17,29,0.08485160080435675,0.11550427026830548,True,True,True,0.0002941090561826297,COMPLETE
1956,0.2784369230270386,2025-04-14 10:06:11.744722,2025-04-14 10:06:29.489999,0 days 00:00:17.745277,0.4496276719619391,0.27140048373583603,16,0.009468302203959575,0.12229540299217517,0.07495773624337843,0.0927757905382593,0.08380916740919896,0.09996468093869279,0.00865191415986391,13,39,0.09583456890766238,0.09085091431499963,True,True,True,0.00011514556226022876,COMPLETE
1957,0.45277093648910527,2025-04-14 10:06:30.150984,2025-04-14 10:06:48.390046,0 days 00:00:18.239062,0.9107645724258926,0.21318508479719536,16,0.02548763257350549,0.11055023267869238,0.07320216371517252,0.09654840090406933,0.09473626310892175,0.09432552585976436,0.015200909949730407,15,25,0.08914312247103802,0.09859764083525507,True,True,True,3.893819243846302e-05,COMPLETE
1958,0.1888286888599396,2025-04-14 10:06:49.024019,2025-04-14 10:07:07.545525,0 days 00:00:18.521506,0.938120196613838,0.1852285707744738,16,0.014998557428610233,0.08809931251949883,0.06542122206303493,0.09786507248019159,0.09250753140330722,0.09095868536011029,0.011743404930611288,16,31,0.023933683830922755,0.1274741449523647,True,True,True,0.000253866212619286,COMPLETE
1959,0.43070554733276367,2025-04-14 10:07:08.199177,2025-04-14 10:07:31.043624,0 days 00:00:22.844447,0.9632339221068499,0.24528201055881507,8,0.02189121854006683,0.11712184334868873,0.06932926441184326,0.09436164809230486,0.07834552645970634,0.08463950783174397,0.007179413818368742,14,34,0.07928194122106998,0.10897429186487706,True,True,True,0.0006173877360016002,COMPLETE
1960,0.3851101756095886,2025-04-14 10:07:31.675717,2025-04-14 10:07:49.870828,0 days 00:00:18.195111,0.975239096435035,0.3567104442231801,16,0.0052953961182151685,0.10173817267704696,0.07131334171624579,0.09105009937869166,0.09632508831513498,0.08846743151580977,0.009832678818924055,15,28,0.08658354694581433,0.08016584666912138,True,True,True,0.00038994514764061414,COMPLETE
1961,0.46637284755706787,2025-04-14 10:07:50.528295,2025-04-14 10:08:09.318517,0 days 00:00:18.790222,0.9994939796646367,0.1579015649696969,16,0.034603502111996566,0.12627008954377783,0.07862700275771438,0.09820079418813628,0.09794801011681424,0.09659822195743747,0.008429005019578363,16,32,0.08413167841399838,0.11747522719020291,True,True,True,0.00019277195799365885,COMPLETE
1962,0.3264093637466431,2025-04-14 10:08:09.947769,2025-04-14 10:08:28.847091,0 days 00:00:18.899322,0.9998565877864174,0.11144012541007078,16,0.04375085595100484,0.14038440281552697,0.08184414212694281,0.095723054541799,0.09837434689476264,0.09651079247266232,0.004568670796579564,17,23,0.08131228071445215,0.1113006066424414,True,True,True,0.00011265375305011399,COMPLETE
1963,0.34619514942169194,2025-04-14 10:08:29.497939,2025-04-14 10:08:48.327284,0 days 00:00:18.829345,0.9855146854759398,0.1194853487286803,16,0.04329985515006416,0.1297907561559594,0.0797813519204398,0.0982997107338256,0.09992100010780716,0.09758839447903346,0.0057746080907339166,17,27,0.08353461183915845,0.10714492795300655,True,True,True,0.00014384567720132426,COMPLETE
1964,0.35309314727783203,2025-04-14 10:08:48.983755,2025-04-14 10:09:08.037270,0 days 00:00:19.053515,0.9998959264336436,0.09675200126368022,16,0.04165941670015138,0.13078118640950406,0.08382370655113572,0.047232348132666135,0.09799087162515269,0.09670429592400823,0.006389685481353201,18,20,0.0944319345763933,0.11380240601851546,True,True,True,0.00013089737883272497,COMPLETE
1965,0.1888286888599396,2025-04-14 10:09:08.670521,2025-04-14 10:09:27.515850,0 days 00:00:18.845329,0.9833112520320337,0.1429124110877342,16,0.03909135751508992,0.1447818058402355,0.08466516748060113,0.09996770765119768,0.09838924655740633,0.09794120534177994,0.007294133886280468,17,30,0.09088856944105198,0.10453566457829985,True,True,True,7.536223310341056e-05,COMPLETE
1966,0.389387309551239,2025-04-14 10:09:28.174192,2025-04-14 10:09:47.010826,0 days 00:00:18.836634,0.9826728307512289,0.13222043962494776,16,0.032507953133539554,0.137591041025879,0.08075915085871489,0.09545227061269305,0.09805003420594735,0.09573250277915839,0.005891440750016175,17,25,0.08511204822969852,0.11417909261962417,True,True,False,0.0001645479880470393,COMPLETE
1967,0.32847175598144535,2025-04-14 10:09:47.666829,2025-04-14 10:10:05.782408,0 days 00:00:18.115579,0.06276395624052677,0.14768167114444064,16,0.03662217401037283,0.1308816980748434,0.08331823651644579,0.09294977215040534,0.09744476353928866,0.0983829400004135,0.007954473178796112,16,28,0.08875964341231907,0.10172049767303491,False,True,True,0.0001201826384597984,COMPLETE
1968,0.36677801609039307,2025-04-14 10:10:06.422673,2025-04-14 10:10:25.496664,0 days 00:00:19.073991,0.9866433762568179,0.12943135246253762,16,0.040633774237094585,0.1325543472317733,0.08127195212922919,0.017469033441092408,0.0981969987718314,0.0999234037296301,0.006957726427970355,17,31,0.07620187345235482,0.10874267674997623,True,True,True,0.0001528586334385158,COMPLETE
1969,0.3546546220779419,2025-04-14 10:10:26.154745,2025-04-14 10:10:44.631374,0 days 00:00:18.476629,0.9992412477548004,0.15709482939946648,16,0.03455368770682188,0.13655308411061187,0.07928375127404026,0.09820419576986461,0.09999753316157173,0.09549343089931546,0.0051424745661026346,16,24,0.07962919860794306,0.11711181984605491,True,True,True,0.00015566222681218052,COMPLETE
1970,0.3654370903968811,2025-04-14 10:10:45.270623,2025-04-14 10:11:03.772115,0 days 00:00:18.501492,0.9792649711389952,0.11840247555280228,16,0.0383622988894667,0.12746671435850512,0.07805489173218765,0.09647445179114415,0.0967977308231286,0.09691555479291394,0.008397063745439706,16,28,0.08280450514762751,0.11050343499239514,True,True,True,0.00018379260123507787,COMPLETE
1971,0.3630321264266968,2025-04-14 10:11:04.429802,2025-04-14 10:11:23.036248,0 days 00:00:18.606446,0.982375200416147,0.1507350821832383,16,0.03231720293861904,0.12496197359215645,0.08034538523138027,0.09435090477829147,0.09623300440074012,0.0958393383816098,0.006688573200524034,16,32,0.09219999772348768,0.0014120386355575137,True,True,True,0.00018603066077158565,COMPLETE
1972,0.3316984534263611,2025-04-14 10:11:23.696512,2025-04-14 10:11:42.917235,0 days 00:00:19.220723,0.9990166380868807,0.15595117453705232,16,0.03643280592066368,0.12797182969388055,0.07973977091354773,0.09155903189014832,0.09998153519875605,0.09815518299681784,0.008031665726917226,17,30,0.0867910649787447,0.09808760344397147,True,True,True,9.540014354688426e-05,COMPLETE
1973,0.40376657247543335,2025-04-14 10:11:43.553058,2025-04-14 10:12:01.969864,0 days 00:00:18.416806,0.9798120439241502,0.1621804525495896,16,0.038499309824419,0.13318047707448577,0.0816598595068517,0.09823384330825294,0.09671774651019178,0.09455863159478334,0.005776406047288908,16,27,0.08479655529807144,0.11781731774001983,True,False,True,0.00019078800346184372,COMPLETE
1974,0.36340612173080444,2025-04-14 10:12:02.632311,2025-04-14 10:12:23.663879,0 days 00:00:21.031568,0.9663872446730305,0.13891503715033218,16,0.0342869559486043,0.12466852389574833,0.07889317667783154,0.09665031145123926,0.09550212404436129,0.09440074235305827,0.004582577169257409,18,64,0.08218664112266598,0.10834248896160745,True,True,True,0.00013339588230785383,COMPLETE
1975,0.1888286888599396,2025-04-14 10:12:24.295640,2025-04-14 10:12:42.904890,0 days 00:00:18.609250,0.9830489388073573,0.03554937481390735,16,0.028833431174945242,0.13374093155125213,0.07902354263414436,0.09435632218116985,0.09994313529400703,0.0983337949355759,0.008241281850978846,16,31,0.08854922912105043,0.1020443547501797,True,True,True,0.00018978088235082366,COMPLETE
1976,0.3857253551483154,2025-04-14 10:12:43.563708,2025-04-14 10:13:02.318439,0 days 00:00:18.754731,0.8802900679362995,0.16042088257124515,16,0.03487459826962577,0.12570726385090625,0.07754017105150351,0.011747623289159084,0.09669484870084277,0.09676632587617656,0.006595218637238197,17,22,0.0806685202001795,0.11841493246012526,True,True,True,0.0001331616163515863,COMPLETE
1977,0.43776631355285645,2025-04-14 10:13:02.978720,2025-04-14 10:13:21.718161,0 days 00:00:18.739441,0.9616544807239278,0.11803912863991244,16,0.03119747537132822,0.1356800792863482,0.07782777767359965,0.09818960497019602,0.09802590304137544,0.024333673584234366,0.008691860818972472,16,26,0.0897090611689259,0.1135744184042646,True,True,True,0.0008246166689719747,COMPLETE
1978,0.4661874294281006,2025-04-14 10:13:22.355117,2025-04-14 10:13:41.359569,0 days 00:00:19.004452,0.9994017869564386,0.14212609900000017,16,0.041517774715877837,0.12284587262165812,0.0826942687337822,0.09660249382105213,0.09999216939038014,0.09432564327231331,0.007359596369182432,16,32,0.0934623192501809,0.09490061126902706,True,True,True,0.00022173663465625202,COMPLETE
1979,0.36825202703475957,2025-04-14 10:13:42.019218,2025-04-14 10:14:01.180837,0 days 00:00:19.161619,0.9830338637934288,0.14267527936245394,16,0.04739571920773562,0.13940766100453836,0.08374046667789363,0.09840369705455042,0.09816561213944797,0.03552595835154862,0.005534831519849411,17,35,0.09194368717131797,0.10487493627928397,True,True,True,0.00018263708445895774,COMPLETE
1980,0.36721291542053225,2025-04-14 10:14:01.817279,2025-04-14 10:14:21.025485,0 days 00:00:19.208206,0.9992462032939979,0.10342251208333612,16,0.05587526075623207,0.12699404508430998,0.0843348864531974,0.09992594704898247,0.09528083031111538,0.09999258775637872,0.00929958204827091,17,34,0.09013013119947944,0.09905740308147196,True,True,True,0.00016648220857917194,COMPLETE
1981,0.34693346023559574,2025-04-14 10:14:21.679193,2025-04-14 10:14:41.633113,0 days 00:00:19.953920,0.9871547225536321,0.08801499245944007,16,0.05075643357297513,0.13394043908077669,0.08760457336459215,0.09696074717859665,0.09491790365496706,0.0966711476540254,0.006618114466733096,18,36,0.08693094368321838,0.10550819057830396,True,True,True,0.00019339389019791715,COMPLETE
1982,0.1888286888599396,2025-04-14 10:14:42.296047,2025-04-14 10:15:01.421448,0 days 00:00:19.125401,0.9963547011670549,0.0637940387701793,16,0.0348499096332688,0.13009943845378386,0.08623970395600561,0.0982612220627476,0.09999695758333342,0.09827895575357522,0.004539896634326522,17,33,0.09057896523418447,0.11114325752779135,True,True,True,0.00010428556213728901,COMPLETE
1983,0.1888286888599396,2025-04-14 10:15:02.058372,2025-04-14 10:15:21.007147,0 days 00:00:18.948775,0.9994029801663135,0.1382101987067958,16,0.04379031764772892,0.1278887817846076,0.08257441031344794,0.09692598391142809,0.0966594998469974,0.09549790770252746,0.007627210951419798,17,33,0.08775027849911453,0.020909174881752337,True,True,True,0.00023355295839933647,COMPLETE
1984,0.26378962993621824,2025-04-14 10:15:21.688947,2025-04-14 10:15:42.242092,0 days 00:00:20.553145,0.9791576035446325,0.12609484593076886,16,0.040206257765264784,0.13983022262230527,0.07665630733826106,0.09815224400677702,0.09793862716472758,0.09522876974763975,0.00964557494933957,16,89,0.09318299742815844,0.11969224630009806,True,True,False,0.00015975271467767458,COMPLETE
1985,0.4184139609336853,2025-04-14 10:15:42.902144,2025-04-14 10:16:02.231646,0 days 00:00:19.329502,0.9872469850704205,0.12594730745157867,16,0.044247432696902844,0.12348262556183301,0.08153681278900084,0.09582996616945177,0.09514751747603341,0.09998491533132982,0.005699612155016611,17,37,0.0847968782010649,0.11329706468653022,True,True,True,0.00022050281733006902,COMPLETE
1986,0.1888286888599396,2025-04-14 10:16:02.869182,2025-04-14 10:16:21.349494,0 days 00:00:18.480312,0.14592093447174193,0.13703772716796114,16,0.054832216357884045,0.13121260708321153,0.07794846184979777,0.09832576516822186,0.09490660313622949,0.09725361394019613,0.007005678497359193,16,32,0.021100883901674927,0.09866174490080518,True,True,True,0.00014021187614032352,COMPLETE
1987,0.336241090297699,2025-04-14 10:16:22.014890,2025-04-14 10:16:40.193495,0 days 00:00:18.178605,0.9837378690629939,0.11670969654660941,16,0.041725086709588625,0.15342415099387793,0.08045554594573852,0.09656320695574627,0.09998260440917159,0.09446681159257522,0.0018022494078504473,16,36,0.08947692593394246,0.10521363558505534,False,True,True,0.0002086177960127454,COMPLETE
1988,0.1888286888599396,2025-04-14 10:16:40.860855,2025-04-14 10:16:59.690002,0 days 00:00:18.829147,0.9987324211865749,0.1417212497203552,16,0.037684560891541374,0.1455867160749706,0.0815074655782182,0.0999120612562618,0.09732840186275538,0.09639205650488657,0.008724589418409992,17,32,0.030609801718735296,0.12061052447391635,True,True,True,0.00021580325429305767,COMPLETE
1989,0.37144166231155396,2025-04-14 10:17:00.330350,2025-04-14 10:17:19.102840,0 days 00:00:18.772490,0.9846251468031356,0.09457332824132028,16,0.04846002829750074,0.12488859396848613,0.08015045331780167,0.09503819817867859,0.09486104574314985,0.09786929441293556,0.00992094573421697,16,34,0.08633922583863443,0.0948426242460352,True,True,True,0.00016922696699628567,COMPLETE
1990,0.42916685342788696,2025-04-14 10:17:19.765388,2025-04-14 10:17:39.430742,0 days 00:00:19.665354,0.9976626221561293,0.1218785964022599,16,0.04334591066928439,0.12170018616699553,0.0860293566194324,0.09829940649960978,0.09696940890821794,0.09501088377530162,0.007913956330810974,18,31,0.09167080182002646,0.11112794616187643,True,True,True,0.00024528746399916625,COMPLETE
1991,0.32843922376632695,2025-04-14 10:17:40.096958,2025-04-14 10:17:58.930731,0 days 00:00:18.833773,0.9987081698593515,0.09983939266240893,16,0.05617246284475196,0.13682106209426673,0.08868811369225262,0.03955339809766472,0.09408558165932768,0.09836465568530998,0.006225312442201312,16,38,0.07791425727254953,0.11701191394258925,True,False,True,0.00012377560716403407,COMPLETE
1992,0.4477123260498047,2025-04-14 10:17:59.569677,2025-04-14 10:18:18.199089,0 days 00:00:18.629412,0.9989130744484178,0.10364881827526691,16,0.04872330341530969,0.12326778007557271,0.08395855767611844,0.09996547564711178,0.09652199366801233,0.09390093067657813,0.010713105304743857,16,30,0.08347036741795906,0.10359614015698881,True,True,True,0.00023682367762037623,COMPLETE
1993,0.4423586010932923,2025-04-14 10:18:18.863284,2025-04-14 10:18:37.858488,0 days 00:00:18.995204,0.9735568310138077,0.13566604541578514,16,0.04101076178066248,0.1288698440816228,0.08338989263801758,0.09363532451027275,0.09804877984702857,0.09610753855137714,0.005303400648023314,16,35,0.08862218257525852,0.10941473750544224,True,True,True,0.00016527709647807772,COMPLETE
