number,value,datetime_start,datetime_complete,duration,params_alpha-eval,params_alpha-train,params_batch-size,params_eps-eval,params_eps-train,params_lambda-actions-eval,params_lambda-actions-train,params_lambda-frames-eval,params_lambda-frames-train,params_learning-rate,params_n-epochs,params_n-frames,params_radius-gw,params_rho,params_std-feats,params_ub-actions,params_ub-frames,params_weight-decay,state
1652,0.38580780029296874,2025-04-14 08:16:57.148371,2025-04-14 08:17:15.938104,0 days 00:00:18.789733,0.8663108426510071,0.23507976958067628,16,0.015118345644371409,0.11827158786362695,0.07165201659510613,0.09487696173557117,0.09383353308235551,0.090593362238294,0.008124541660279306,16,40,0.09560194493186126,0.08526934429165561,True,False,True,0.0006276294202113788,COMPLETE
1653,0.3559011459350586,2025-04-14 08:17:16.470008,2025-04-14 08:17:33.993900,0 days 00:00:17.523892,0.9358121845123396,0.26489728928601164,16,0.02535240146886164,0.08886153967764397,0.0751213860127195,0.09826724549733172,0.09544886438799662,0.09405656442819954,0.006033816949508412,13,37,0.09195805499673168,0.09027725147714263,True,True,True,0.00038576980641488897,COMPLETE
1654,0.1888286888599396,2025-04-14 08:17:34.549920,2025-04-14 08:17:52.523760,0 days 00:00:17.973840,0.8920540323780095,0.21767781274959927,16,0.014097988099781968,0.09966738982781566,0.06937237414159081,0.09992395905954513,0.09139269928000093,0.08818344520061278,0.008229726162822047,15,31,0.014280064877240789,0.0978832315074253,True,True,True,0.0005729026258978941,COMPLETE
1655,0.40651935338974,2025-04-14 08:17:53.055162,2025-04-14 08:18:10.856829,0 days 00:00:17.801667,0.9440667873182508,0.24762486690624802,16,0.02237375733879171,0.10604938406176191,0.07667154929161915,0.09598405967374382,0.08824191816513156,0.09589829253342762,0.006825646877843365,14,22,0.09395721068794473,0.08310021223951876,True,True,True,0.00046716902789085117,COMPLETE
1656,0.38628346920013434,2025-04-14 08:18:11.415479,2025-04-14 08:18:29.937956,0 days 00:00:18.522477,0.9098453281559318,0.19686777293014754,16,0.028820481366344665,0.12305584697173207,0.06656364437890164,0.09363588870704785,0.06945873162212499,0.09834004655769171,0.0050209659826152275,16,26,0.09776863936138361,0.04775011177499257,True,True,True,0.0003371191065634856,COMPLETE
1657,0.3259080767631531,2025-04-14 08:18:30.478697,2025-04-14 08:18:49.586037,0 days 00:00:19.107340,0.9358737770806542,0.18047061484917526,16,0.03859270404636972,0.1619571847199408,0.07175558001395846,0.09679244091312306,0.09813999726083915,0.09298375460118558,0.008311451385017054,17,34,0.09100294670002584,0.09818206931253017,True,True,True,0.0003483165304344863,COMPLETE
1658,0.4012485146522522,2025-04-14 08:18:50.119722,2025-04-14 08:19:08.439210,0 days 00:00:18.319488,0.9514518645264224,0.2287099474782856,16,0.01140315982463025,0.11390668883435205,0.07335098588183842,0.09211615630085038,0.08496091542799068,0.08613710254935211,0.0055882185847922075,15,29,0.09030779079173672,0.06957991679152488,True,True,True,2.36735500100087e-07,COMPLETE
1659,0.38095649480819704,2025-04-14 08:19:08.990413,2025-04-14 08:19:27.342086,0 days 00:00:18.351673,0.9189011880564337,0.20922110043422698,16,0.019106919967290355,0.09797262451791858,0.057706058543580185,0.09832357272453876,0.09598858885690921,0.09123536626822085,0.006814285560526398,15,32,0.09541562754177436,0.09005874121955595,True,True,True,0.0004898790769089929,COMPLETE
1660,0.36326141357421876,2025-04-14 08:19:27.873919,2025-04-14 08:19:46.260527,0 days 00:00:18.386608,0.8865675044944914,0.2832454200311466,16,0.012526216351373493,0.10848117515922792,0.0700140402861787,0.03406596247225102,0.09355027927346764,0.039850769664153796,0.008778276288507544,16,17,0.0929576266290618,0.08319859442455704,True,True,True,0.0006503584455171777,COMPLETE
1661,0.33815456032752994,2025-04-14 08:19:46.819823,2025-04-14 08:20:04.586980,0 days 00:00:17.767157,0.6200529140261808,0.247386185313506,16,0.026107826613113738,0.11878197971787813,0.07820354435962569,0.09455634686859808,0.09201267905089634,0.09493981626668914,0.006991636031295676,14,26,0.09936762614909729,0.09638089237508014,True,True,True,0.0004024827931335425,COMPLETE
1662,0.436097276210785,2025-04-14 08:20:05.125593,2025-04-14 08:20:23.139042,0 days 00:00:18.013449,0.8483941448863745,0.17526378163328923,16,0.0335407431072515,0.10466549433711433,0.07472134948606061,0.09998335129693549,0.09805042158881867,0.09638926013052716,0.0043241710690933395,14,36,0.09030330956910697,0.09726964356525436,True,True,True,0.0003219475328310742,COMPLETE
1663,0.1888286888599396,2025-04-14 08:20:23.675706,2025-04-14 08:21:26.955481,0 days 00:01:03.279775,0.9480490115487573,0.20242756002774426,2,0.018739412886095746,0.13054725245602586,0.06782470734355318,0.09660748617447192,0.08946843545965374,0.09013055237575167,0.008933072383287898,17,30,0.0941690331435824,0.08010724343948607,True,True,True,0.00039785567054036566,COMPLETE
1664,0.34064598083496095,2025-04-14 08:21:27.512547,2025-04-14 08:21:45.565128,0 days 00:00:18.052581,0.9270634205160837,0.22762198913280363,16,0.01155755280927261,0.09214434485170866,0.0722496467285835,0.09523713373584862,0.09508208937536343,0.09363315794681196,0.005602737139658742,15,28,0.09109531185581383,0.0888018398510668,True,True,False,0.0004696878439121756,COMPLETE
1665,0.3935104370117188,2025-04-14 08:21:46.102832,2025-04-14 08:22:04.157847,0 days 00:00:18.055015,0.9528258944033062,0.2620321307016145,16,0.04185744048872228,0.11321554036134762,0.06503762668075647,0.09821594043176406,0.08617008967881447,0.09849706908693548,0.008673475065274949,13,44,0.09001373551006407,0.0520620858521765,True,True,True,0.0003035180807638818,COMPLETE
1666,0.1888286888599396,2025-04-14 08:22:04.713411,2025-04-14 08:22:22.569199,0 days 00:00:17.855788,0.9158310650807622,0.19240824432797352,16,0.024172040017188125,0.12145065232010853,0.07024325939794675,0.09242228870484544,0.09312449973092403,0.017228971352580495,0.007186472379636622,16,34,0.09557272379796938,0.07111717425664028,False,True,True,0.0007695443664717184,COMPLETE
1667,0.37256773710250857,2025-04-14 08:22:23.099974,2025-04-14 08:22:41.493385,0 days 00:00:18.393411,0.8934866239586657,0.2182011572200404,16,0.01753594901708546,0.10127791087511445,0.07474343326484653,0.09690203235375976,0.09995211805055666,0.09174643940366457,0.006020967841143078,15,38,0.09346519251411425,0.07487862848286936,True,True,True,0.000554431141231225,COMPLETE
1668,0.4168768405914307,2025-04-14 08:22:42.055865,2025-04-14 08:22:59.891758,0 days 00:00:17.835893,0.9571636262045239,0.24041455206435894,16,0.032002628298766767,0.11087297782985708,0.07979595265304333,0.09998743973432075,0.09669779200674149,0.08810127788101049,0.008822605369211178,14,24,0.09223606065073764,0.09245882617523633,True,True,True,0.0003069957472618564,COMPLETE
1669,0.45005240440368655,2025-04-14 08:23:00.435611,2025-04-14 08:23:18.771941,0 days 00:00:18.336330,0.9309052512495607,0.1758780362586809,16,0.012037399993903465,0.08489037052933518,0.0769481950496816,0.09410853540086642,0.09086499389504661,0.09581419390201144,0.008241017129423248,15,31,0.08936666329328426,0.09812900402263942,True,True,True,0.0003942843345642835,COMPLETE
1670,0.1888286888599396,2025-04-14 08:23:19.312118,2025-04-14 08:23:37.466480,0 days 00:00:18.154362,0.9636623677886961,0.05689349723751588,16,0.022618058772209168,0.11614474072763036,0.061815795031844305,0.04922080835643874,0.09429468750930818,0.09404839200611521,0.004709509961876096,16,21,0.09707240564996124,0.08780125157131459,True,True,True,0.00048588876563671724,COMPLETE
1671,0.3722556114196778,2025-04-14 08:23:38.029761,2025-04-14 08:23:55.558958,0 days 00:00:17.529197,0.9018345141592828,0.7127593015622232,16,0.028440133960098677,0.09403401377444058,0.06923311485723586,0.09543640546692454,0.08263823216091402,0.0022761774103973245,0.006845252516446508,13,34,0.0892189260542597,0.10045049142248337,True,True,True,0.0002872194537944223,COMPLETE
1672,0.37726793289184574,2025-04-14 08:23:56.098607,2025-04-14 08:24:14.115947,0 days 00:00:18.017340,0.870535766306002,0.2990331389749892,16,0.017371423004097775,0.1262836235722007,0.07311481009444748,0.09781233613646996,0.0885337895785049,0.09831984963939665,0.009238818572851639,14,27,0.09211777357524537,0.055366732059799965,True,True,True,0.0006684564528709645,COMPLETE
1673,0.1888286888599396,2025-04-14 08:24:14.678769,2025-04-14 08:24:33.531724,0 days 00:00:18.852955,0.8206218028527017,0.20510462325879175,16,0.009653583458406431,0.1344483451741669,0.05551133203872414,0.0915978435723909,0.09782287109745869,0.09006982364182449,0.006036126176025787,17,31,0.026633250141880692,0.06705042179335843,True,True,True,0.00034749249118754504,COMPLETE
1674,0.4234008669853211,2025-04-14 08:24:34.077600,2025-04-14 08:24:53.253233,0 days 00:00:19.175633,0.9386164182738683,0.2579170080471143,16,0.020818345264859216,0.10488782944492606,0.07169251649264971,0.09817642153802145,0.05658457092141055,0.09650662160043952,0.007546442827603093,18,29,0.09577583787786054,0.08243750474722773,True,False,True,0.000507713550389817,COMPLETE
1675,0.2050555169582367,2025-04-14 08:24:53.792100,2025-04-14 08:25:12.548149,0 days 00:00:18.756049,0.09537441858617923,0.9107509943328902,16,0.012363447714669362,0.12083387621011063,0.06812832505153141,0.09585376922580913,0.09252831892769725,0.09310950252705885,0.009265488252289879,16,36,0.09084358958253122,0.09308319677432561,True,True,True,0.00027702238845257683,COMPLETE
1676,0.4020475268363953,2025-04-14 08:25:13.108237,2025-04-14 08:25:31.196712,0 days 00:00:18.088475,0.9706560489854611,0.23817389489014593,16,0.029302335969236967,0.11112288117119935,0.07514163090355076,0.09380144321375385,0.09605646060494527,0.09238863343769509,0.004992191193160619,15,25,0.04725039588790342,0.062040775692092986,True,True,True,0.000412989128125609,COMPLETE
1677,0.39475442171096803,2025-04-14 08:25:31.737765,2025-04-14 08:25:50.508793,0 days 00:00:18.771028,0.999525974409944,0.22174726225990138,16,0.03749021652574859,0.10200022410250242,0.0703806385912373,0.09685877245517599,0.09022202041175979,0.048836806574225816,0.007132214058248305,15,41,0.0891718330870601,0.07710952905048249,True,True,True,0.0005705671137890471,COMPLETE
1678,0.3779017686843872,2025-04-14 08:25:51.072151,2025-04-14 08:26:09.317242,0 days 00:00:18.245091,0.9148620943646528,0.2817975714568082,16,0.02366827089323826,0.1162886955139598,0.06674042047616244,0.09831073946958621,0.09440597030652906,0.09510308349429485,0.004033032464680969,14,33,0.09381416613058846,0.10197723266472651,True,True,True,0.00033081638848163396,COMPLETE
1679,0.3860175132751465,2025-04-14 08:26:09.859333,2025-04-14 08:26:28.570320,0 days 00:00:18.710987,0.9505802072140652,0.4869247218805148,16,0.015668031967561783,0.09740878074682631,0.07328513731614832,0.0941619549919093,0.07356939855364679,0.09825968547777297,0.005897508422306517,16,29,0.06268179473988898,0.09575591895474934,True,True,True,0.0008028125189739114,COMPLETE
1680,0.1888286888599396,2025-04-14 08:26:29.134601,2025-04-14 08:27:23.747432,0 days 00:00:54.612831,0.9351511531538435,0.18664391252606957,2,0.009822571181831231,0.1086108425716762,0.07723257258730479,0.09670232113543482,0.09218992451002628,0.0859424705927432,0.008817614833426524,14,32,0.0995030307191283,0.10265861166172595,True,True,True,0.00027015469258959135,COMPLETE
1681,0.3789414763450623,2025-04-14 08:27:24.290486,2025-04-14 08:27:42.620828,0 days 00:00:18.330342,0.9739780174880326,0.19574370066329602,16,0.03261532253078346,0.1251862463440553,0.071189109444766,0.0917440366692512,0.042652664170364216,0.09035395271573654,0.007160832741486339,15,38,0.08837972758555403,0.0872840599525762,True,True,True,0.00040275805210728406,COMPLETE
1682,0.3399598360061646,2025-04-14 08:27:43.160514,2025-04-14 08:28:02.866284,0 days 00:00:19.705770,0.9997584129003709,0.21882206620755085,16,0.019730405951286972,0.11644642550662432,0.06461045418982421,0.09991337172832694,0.08701142346500866,0.09594452768998786,0.009646646595075848,15,73,0.0999069325457315,0.08581328468251648,True,True,True,0.00048562952641910547,COMPLETE
1683,0.3415250897407532,2025-04-14 08:28:03.425384,2025-04-14 08:28:21.773467,0 days 00:00:18.348083,0.905351293190792,0.26523840694685324,16,0.02586188863034159,0.08826318128016848,0.06862351383593943,0.09516983770394194,0.09754960277964934,0.09364102412142425,0.0033793670437394347,16,27,0.09199723807004802,0.09590569926792784,True,True,False,0.0006595814444284688,COMPLETE
1684,0.1888286888599396,2025-04-14 08:28:22.316811,2025-04-14 08:28:39.662610,0 days 00:00:17.345799,0.9519027648885366,0.17399607020900656,16,0.014294262504253308,0.1317643429833295,0.04838576102925534,0.09826666039892545,0.09594618806683303,0.08795847428215003,0.007390046858977108,14,35,0.09545029192407005,0.07971973429490095,False,True,True,0.00035093022109010554,COMPLETE
1685,0.38976525068283085,2025-04-14 08:28:40.226551,2025-04-14 08:28:57.558966,0 days 00:00:17.332415,0.9699633564278763,0.2372838849664358,16,0.0688262932475279,0.10785312037636277,0.07366969338910073,0.0999829122623784,0.09091753938760684,0.09144251477813725,0.0057669511290552216,13,23,0.08801974395734756,0.1012494670241987,True,True,True,0.0002531919965310917,COMPLETE
1686,0.27670964002609255,2025-04-14 08:28:58.103870,2025-04-14 08:29:13.635622,0 days 00:00:15.531752,0.37722345363295495,0.19635584751838178,16,0.04375412881221884,0.11997753649227605,0.06013906825091466,0.09576478460396269,0.09376368991559457,0.0422536336459633,0.009938409324818343,8,31,0.09073886187621623,0.10205489372679401,True,True,True,0.0004160331761588924,COMPLETE
1687,0.45980224609375003,2025-04-14 08:29:14.206958,2025-04-14 08:29:33.231285,0 days 00:00:19.024327,0.9272992375216998,0.21282686935092468,16,0.009343000540148232,0.09609394670386535,0.07149596731049657,0.09291498852014068,0.08926544681102874,0.09834410687835776,0.00793313721935497,17,27,0.08591990147089568,0.09383129661234155,True,True,True,0.0003084768683158891,COMPLETE
1688,0.42903091907501223,2025-04-14 08:29:33.771860,2025-04-14 08:29:51.879544,0 days 00:00:18.107684,0.9548424940021157,0.24718369344556884,16,0.019807631933957886,0.10246806832331937,0.07578548696097287,0.09693248872934586,0.09835951990481753,0.09442584825591085,0.010066087371576464,15,20,0.09721505275902817,0.04127306435889652,True,True,True,0.0005471678909980339,COMPLETE
1689,0.388656222820282,2025-04-14 08:29:52.417247,2025-04-14 08:30:11.272607,0 days 00:00:18.855360,0.98033794375002,0.1762871771094075,16,0.03690431793833163,0.11299924954173649,0.06912389092171085,0.09419336856934812,0.09527890288584026,0.09640663570309117,0.0063948881455287675,16,34,0.09327512822076282,0.08950048880905234,True,True,True,0.00037140159819708664,COMPLETE
1690,0.33068720102310184,2025-04-14 08:30:11.838045,2025-04-14 08:30:29.780225,0 days 00:00:17.942180,0.34739064208241477,0.21516928824160758,16,0.015158707205094515,0.12486231581202217,0.07330416400591996,0.09782562444820497,0.09250908300492121,0.09207221979902738,0.008548327375190736,14,29,0.08869931324031749,0.07413971581561801,True,False,True,0.0002660773766065315,COMPLETE
1691,0.4413935780525208,2025-04-14 08:30:30.331092,2025-04-14 08:30:48.526923,0 days 00:00:18.195831,0.925318523559127,0.26904460007764147,16,0.027840892413445645,0.10770539378635258,0.0796066577078283,0.09569027759773567,0.08778938295361982,0.09027327831230302,0.005130964289542084,15,25,0.09050735667454748,0.08255758331646075,True,True,True,0.00047314130285040947,COMPLETE
1692,0.1888286888599396,2025-04-14 08:30:49.093962,2025-04-14 08:31:06.613675,0 days 00:00:17.519713,0.8823210687478295,0.22515926085101046,16,0.009019982976477148,0.11470171491025997,0.07083654973066203,0.09817901743568455,0.0999646945424998,0.08831117305016128,0.000214746189362197,13,32,0.08527403822364014,0.09272309581042035,True,True,True,0.0006462704952653333,COMPLETE
1693,0.4009339332580566,2025-04-14 08:31:07.164650,2025-04-14 08:31:26.013754,0 days 00:00:18.849104,0.9412163934350373,0.19762260767653175,16,0.020914823062413775,0.08199080638410645,0.06632716025551055,0.09188860805269214,0.09643097295097301,0.09655617241654336,0.007842019663007172,16,35,0.08715121087453097,0.10202955222309429,True,True,True,0.0009916962023690436,COMPLETE
1694,0.3981021285057068,2025-04-14 08:31:26.584089,2025-04-14 08:31:45.305720,0 days 00:00:18.721631,0.9796823399102338,0.16631838356132278,16,0.03103690696290157,0.09269161173180901,0.07501929535595844,0.09386361227736523,0.03869712049498471,0.09436946448249998,0.010366037729726853,15,39,0.09488884641191196,0.09793225053559644,True,True,True,0.0002586072325542083,COMPLETE
1695,0.376837944984436,2025-04-14 08:31:45.851730,2025-04-14 08:32:03.692901,0 days 00:00:17.841171,0.9036028146858611,0.23975594648462484,16,0.009471628230681517,0.1298379551748515,0.07755710042733482,0.004731906926362411,0.09069641743647482,0.09799869425983847,0.0041941738276056965,14,29,0.09253513703441646,0.08611275263504864,True,True,True,0.00033913567340219307,COMPLETE
1696,0.344943106174469,2025-04-14 08:32:04.271907,2025-04-14 08:32:22.510497,0 days 00:00:18.238590,0.9557445923881455,0.09393537889246764,16,0.023400479260638353,0.15327707895113457,0.0719340669469437,0.0961210172643084,0.09328637437046253,0.09302617135190105,0.006225691497472687,15,31,0.08928924275796739,0.07709785426678356,True,True,True,0.00044951749237709415,COMPLETE
1697,0.4290450572967529,2025-04-14 08:32:23.059472,2025-04-14 08:32:44.653652,0 days 00:00:21.594180,0.964011997853266,0.25375048976041914,16,0.015190575328895502,0.10260849980582001,0.06752666423899734,0.09819101820970848,0.08054564707535086,0.0997859947027307,0.009235163221567385,24,24,0.08494472072453292,0.06735389626697082,True,True,True,8.447892126779118e-05,COMPLETE
1698,0.1888286888599396,2025-04-14 08:32:45.223938,2025-04-14 08:33:47.412200,0 days 00:01:02.188262,0.9364058844079781,0.3162547408101343,2,0.0062826725894230715,0.1211698382436214,0.06317452743432815,0.09489163978632661,0.09484608412056243,0.020911065448043727,0.011374508941322529,17,37,0.08732741864957348,0.10223344728899833,True,True,True,0.0007715085113292359,COMPLETE
1699,0.3711571335792542,2025-04-14 08:33:47.968451,2025-04-14 08:34:06.958029,0 days 00:00:18.989578,0.9816088397131376,0.18562854135670775,16,0.026141895652981667,0.1382565100892572,0.06975693239057727,0.0982968040586742,0.08495546346476888,0.09496584659721527,0.007668944473945287,16,33,0.09062586896989216,0.09277888030089972,True,True,True,0.0003182625673629,COMPLETE
1700,0.4051268458366394,2025-04-14 08:34:07.510614,2025-04-14 08:34:25.264863,0 days 00:00:17.754249,0.9196098848731826,0.20844435991360463,16,0.017529125466416814,0.11072651232884229,0.07398819763408827,0.09999984479690122,0.09142633631024782,0.09988960578452682,0.0003494205042470046,14,27,0.05659743005399252,0.08584798542067146,True,True,True,0.0002501040906398844,COMPLETE
1701,0.38291090726852417,2025-04-14 08:34:25.835228,2025-04-14 08:34:44.009066,0 days 00:00:18.173838,0.9994539602803092,0.2781733964710809,16,0.03511009461518047,0.11778775294102975,0.0762194052966052,0.0965174939208846,0.0982293444769099,0.08989850183943633,0.005000208484101445,15,29,0.09702703283232438,0.09607976311299055,True,True,True,0.0005578938210626164,COMPLETE
1702,0.28861101865768435,2025-04-14 08:34:44.556055,2025-04-14 08:35:01.719371,0 days 00:00:17.163316,0.8938666952667779,0.22795024562592098,16,0.012123686420183964,0.10123263750520964,0.0707624418819778,0.09247834912680788,0.08950327774128869,0.09167564408191532,0.006454936145627972,14,33,0.09484394567333755,0.09846191218120111,False,True,False,0.00036671839639116423,COMPLETE
1703,0.4156232357025147,2025-04-14 08:35:02.290864,2025-04-14 08:35:20.475184,0 days 00:00:18.184320,0.9657699749929466,0.1597985587484781,16,0.02323209030147823,0.10747533867031558,0.07189710630921498,0.09420951755569448,0.09386590450855822,0.08662604210781172,0.011555882212805438,15,23,0.08530384712594269,0.24854085532424833,True,True,True,0.0004273754709262165,COMPLETE
1704,0.36051067113876345,2025-04-14 08:35:21.031601,2025-04-14 08:35:39.982779,0 days 00:00:18.951178,0.9391834623433309,0.25222522221067495,16,0.017491707300703995,0.12273513864821303,0.08248099932069586,0.09681632153796793,0.09618510077087689,0.09623451940994904,0.009041587077585697,16,36,0.08824161159128459,0.10322181863143524,True,True,True,0.00023015463417199098,COMPLETE
1705,0.1888286888599396,2025-04-14 08:35:40.556198,2025-04-14 08:35:57.916893,0 days 00:00:17.360695,0.912490151035426,0.2047464150777077,16,0.006679745565371507,0.09674824536935295,0.06787094760751167,0.09999506129285003,0.08686588358784263,0.09245315243205539,0.00015234050609589666,13,27,0.09267696745144383,0.09032386772628438,True,True,True,0.0002908648721531803,COMPLETE
1706,0.4672621607780457,2025-04-14 08:35:58.474132,2025-04-14 08:36:17.227536,0 days 00:00:18.753404,0.8611191565965989,0.23046087384409544,16,0.03143861703150623,0.08928202055934785,0.07345475525188375,0.09574569786480115,0.09814966713143611,0.09697792640055336,0.007657804785359999,16,31,0.0843169193528663,0.059333261466861506,True,True,True,0.0005746112641600543,COMPLETE
1707,0.3652076244354248,2025-04-14 08:36:17.774656,2025-04-14 08:36:37.153046,0 days 00:00:19.378390,0.8509287686044936,0.2961524188007605,16,0.04973827978714474,0.07811906604161384,0.07837271776594365,0.09785386848776724,0.09835572284663281,0.09809084571101982,0.006772346358576107,17,41,0.08406760603095637,0.06627056606291248,True,True,True,0.0007878524894118227,COMPLETE
1708,0.377109968662262,2025-04-14 08:36:37.723042,2025-04-14 08:36:56.932245,0 days 00:00:19.209203,0.867016168793469,0.2703289127505466,16,0.0381006887609187,0.07920933524602396,0.07598037108144486,0.09813338870970743,0.09850378106042636,0.09981651091875098,0.005525381143861852,17,37,0.08351588251480238,0.04903762668970024,True,True,True,0.0007517428169674005,COMPLETE
