number,value,datetime_start,datetime_complete,duration,params_alpha-eval,params_alpha-train,params_batch-size,params_eps-eval,params_eps-train,params_lambda-actions-eval,params_lambda-actions-train,params_lambda-frames-eval,params_lambda-frames-train,params_learning-rate,params_n-epochs,params_n-frames,params_radius-gw,params_rho,params_std-feats,params_ub-actions,params_ub-frames,params_weight-decay,state
797,0.3224630355834961,2025-04-15 23:58:33.620384,2025-04-15 23:59:04.209811,0 days 00:00:30.589427,0.4551491976816222,0.3444398281456704,8,0.015784033456829938,0.25401007953925614,0.004843152343886325,0.013113721117885559,0.09689753687002453,0.06873101191797593,0.00788357333890222,24,39,0.053742598928167094,0.11407498255873567,True,False,True,0.0001316162287125521,COMPLETE
798,0.4185067892074585,2025-04-15 23:59:04.473104,2025-04-15 23:59:26.905894,0 days 00:00:22.432790,0.4076540267579082,0.2836239086844079,16,0.024046706524235763,0.26416052476675567,0.01686329754495294,0.009215914744263708,0.08763009870695383,0.04698241207925957,0.004058994614969028,23,43,0.051225339698513006,0.12149993295607929,True,False,True,0.00020506281185685257,COMPLETE
799,0.3875908970832825,2025-04-15 23:59:27.169119,2025-04-15 23:59:49.973843,0 days 00:00:22.804724,0.7924121892034216,0.2779499744473672,16,0.009332048048528652,0.26359224119217894,0.018794567128805922,0.011463631142166643,0.08963626876616151,0.04661040371659735,0.004559047486129115,23,47,0.04623202344709966,0.12099698661839031,True,False,True,0.00020264106276351212,COMPLETE
800,0.3310117721557617,2025-04-15 23:59:50.221736,2025-04-16 00:00:10.976275,0 days 00:00:20.754539,0.4398542673963093,0.2958116236370558,16,0.017931409886682077,0.25771862082502217,0.02143173033777829,0.00894688157614888,0.09067247120537894,0.04399640775579794,0.004048534964024003,23,43,0.049018504650840684,0.11751234169925377,False,False,True,0.00015394518448601902,COMPLETE
801,0.3826961636543274,2025-04-16 00:00:11.239074,2025-04-16 00:00:33.103777,0 days 00:00:21.864703,0.4251835763532511,0.3255993388857766,16,0.022262894115667446,0.2514847625638152,0.022375214011128977,0.011302621389090599,0.08744303478422935,0.044198772062720985,0.005591994542147953,22,44,0.041898631415018796,0.11192254894246563,True,False,True,0.00020082707742528552,COMPLETE
802,0.3478874206542969,2025-04-16 00:00:33.366763,2025-04-16 00:00:55.690791,0 days 00:00:22.324028,0.4064062649871867,0.30008097794083327,16,0.015144801218042743,0.2777250114120588,0.020211024496834047,0.008824634126522506,0.0885274604403235,0.04561194608721563,0.0040829237776544925,22,49,0.047767534111389,0.10573007913266821,True,False,True,0.00020951190506113246,COMPLETE
803,0.41553678512573244,2025-04-16 00:00:55.940579,2025-04-16 00:01:19.645523,0 days 00:00:23.704944,0.4420655820311581,0.37363236493101276,16,0.025173463982164364,0.2692443581743018,0.017227913563063052,0.017235171619634403,0.09154425137063271,0.04663939590115503,0.005062421508956452,25,46,0.050794246148730744,0.12200700002326237,True,False,True,0.00010418679739162191,COMPLETE
804,0.1888286888599396,2025-04-16 00:01:19.909317,2025-04-16 00:01:54.962432,0 days 00:00:35.053115,0.4063775935630543,0.3249842155773699,8,0.02279839228345959,0.021423798543328446,0.017177500551328228,0.01632214398804623,0.09413204482048701,0.04704074431244755,0.004960714520259076,25,50,0.05148083074840292,0.12642723587022947,True,False,False,6.549418880915732e-05,COMPLETE
805,0.2530053973197937,2025-04-16 00:01:55.212572,2025-04-16 00:02:19.309439,0 days 00:00:24.096867,0.42565819299610264,0.4294048007289369,16,0.012470499549226077,0.24170196489724,0.01768778637945445,0.016706809630286142,0.09794493036024471,0.046304077329384394,0.004043372083237338,26,47,0.009631760736975623,0.13103300499174794,True,False,True,8.712147354351837e-05,COMPLETE
806,0.23290244936943055,2025-04-16 00:02:19.571186,2025-04-16 00:02:43.284599,0 days 00:00:23.713413,0.39385849126015526,0.38897357495400053,16,0.027133763413128825,0.05576661983389643,0.015918185598123052,0.01901746935971072,0.09292964365782448,0.043196192438466695,0.004320680044221494,25,51,0.048961862192942386,0.12584848715059296,True,False,True,0.0001051849124973156,COMPLETE
807,0.3630455136299134,2025-04-16 00:02:43.547003,2025-04-16 00:03:06.893600,0 days 00:00:23.346597,0.4133541232332853,0.3997351192568226,16,0.01895066207350436,0.262543412599317,0.01913164010945603,0.014490367013559158,0.09529647716466123,0.043876782326315,0.0036565341734821626,24,46,0.05146440811697319,0.11728611151991114,True,True,True,0.00010334002445964428,COMPLETE
808,0.1590706527233124,2025-04-16 00:03:07.145369,2025-04-16 00:03:31.045370,0 days 00:00:23.900001,0.3766454464603056,0.37585537108780454,16,0.20773814002647056,0.27521314575513434,0.020574907050275083,0.0209791379151595,0.09128501214801973,0.04746977858588644,0.003742038490852298,26,48,0.03488982033266927,0.13705088311938088,True,False,True,6.328202504597343e-05,COMPLETE
809,0.4122279405593872,2025-04-16 00:03:31.307195,2025-04-16 00:03:54.668069,0 days 00:00:23.360874,0.39651860492183627,0.3753444537859813,16,0.024031264189835606,0.2814251033978855,0.024809465038973064,0.06380610803767707,0.061839717264622354,0.04852040422592314,0.005247032573056555,25,45,0.053169156156053415,0.10923906780492716,True,False,True,8.01920531967538e-05,COMPLETE
810,0.4095250725746155,2025-04-16 00:03:54.930636,2025-04-16 00:04:18.387028,0 days 00:00:23.456392,0.42546282943717034,0.33654388011648273,16,0.030391790464026264,0.26847279062616425,0.016059382661591043,0.009445288371129061,0.08747383387351275,0.046550585774267454,0.004654224227462989,25,44,0.06798384659154619,0.1233135456772178,True,False,True,0.00010509638434917563,COMPLETE
811,0.30900592207908634,2025-04-16 00:04:18.639586,2025-04-16 00:04:49.861571,0 days 00:00:31.221985,0.43876765191427497,0.3130045040597538,8,0.0068182017753244395,0.2607514145221693,0.014724918773681865,0.012809210650245557,0.09362516702493555,0.04528403410100444,0.005023095833438251,24,51,0.04699286965380863,0.13213748878298218,True,False,True,0.0001387558206681106,COMPLETE
812,0.303491222858429,2025-04-16 00:04:50.123709,2025-04-16 00:05:13.848560,0 days 00:00:23.724851,0.3688424299051042,0.3455620514866865,16,0.03497196679651787,0.15571181730968828,0.013992865261042658,0.008819151737164195,0.08929778550954712,0.048096789569467946,0.0005407183339458137,25,47,0.04999080191942856,0.13837418047805827,True,False,True,0.00011926546310402882,COMPLETE
813,0.3250069856643677,2025-04-16 00:05:14.112826,2025-04-16 00:05:37.645277,0 days 00:00:23.532451,0.4011029783457464,0.27502789574679576,16,0.017134454618204273,0.17637233801659957,0.017594485882913864,0.014538049622226087,0.09633811311609951,0.04556095122265908,0.006452200915319668,25,43,0.045238471032249324,0.09020665778159961,True,False,True,5.3238596291364925e-05,COMPLETE
814,0.41448899507522585,2025-04-16 00:05:37.897641,2025-04-16 00:06:01.702043,0 days 00:00:23.804402,0.54203867330691,0.2827074908894751,16,0.026005194139118087,0.28170765343459325,0.024500631860737206,0.05432864713401272,0.09199719421371717,0.041981448199080555,0.0035366247343448106,25,50,0.05466627023316199,0.1285619015969688,True,False,True,0.00012977002609074436,COMPLETE
815,0.4087156891822815,2025-04-16 00:06:01.966881,2025-04-16 00:06:29.394492,0 days 00:00:27.427611,0.4853510300731946,0.29494374816155405,16,0.030008715741701712,0.2831836647782694,0.026704918818644858,0.05364915601564434,0.09251843914406173,0.04046338517748351,0.0037035733920179775,26,77,0.05500347510005301,0.1292665034002498,True,False,True,8.264421888742654e-05,COMPLETE
816,0.41137764453887943,2025-04-16 00:06:29.660159,2025-04-16 00:06:53.415123,0 days 00:00:23.754964,0.5631263582355236,0.3466372203331825,16,0.022520220454130407,0.2831486482780638,0.02217978691650388,0.05740572702224653,0.09458832214762096,0.04102853037949197,0.004157828732249101,25,51,0.0550031812980107,0.12165693190499893,True,False,True,0.00012020287101316255,COMPLETE
817,0.4056304574012756,2025-04-16 00:06:53.669968,2025-04-16 00:07:18.445170,0 days 00:00:24.775202,0.5014805266892645,0.289517329990895,16,0.038601579228692125,0.25255202407534094,0.023886636287317572,0.056514763865253316,0.09179934179046197,0.03707787218888061,0.005004481039039815,26,53,0.0540320748464663,0.12827888470596144,True,False,True,9.589033768292878e-05,COMPLETE
818,0.4121947765350342,2025-04-16 00:07:18.710419,2025-04-16 00:07:50.091176,0 days 00:00:31.380757,0.517179974029021,0.2868216994013039,8,0.027676605440944448,0.27604903910409984,0.023618023734699654,0.05386587737014732,0.09844816575952581,0.04422014246975927,0.00359752386081493,25,49,0.052713836396726305,0.1360773584132778,True,False,True,0.00014012248910225442,COMPLETE
819,0.35998910665512085,2025-04-16 00:07:50.363606,2025-04-16 00:08:13.899048,0 days 00:00:23.535442,0.463135307848773,0.3118180900589459,16,0.04539149708876383,0.27126012003362543,0.026072300489398757,0.05560901650214151,0.09552067972051054,0.04233401390552992,0.004553800665350499,24,50,0.055715109647371905,0.11866904219941568,True,False,True,7.86328858833765e-05,COMPLETE
820,0.18936685323715213,2025-04-16 00:08:14.153337,2025-04-16 00:08:35.066647,0 days 00:00:20.913310,0.5245938828447153,0.2678171521705697,16,0.033979402024037514,0.013472209667156409,0.02781850286061223,0.05951029003202157,0.09402161405716238,0.03848949156136482,0.008710002095938921,23,46,0.05105803620739231,0.13190207730093598,False,False,True,0.0001062739238560342,COMPLETE
821,0.3174156665802002,2025-04-16 00:08:35.333875,2025-04-16 00:10:00.609082,0 days 00:01:25.275207,0.5387472129129377,0.3180531508867726,2,0.05293500312644665,0.2652997333802901,0.02060186227391373,0.052980987697733635,0.09125444481285759,0.03949761259378155,0.00569972538134014,25,52,0.05670260153050501,0.12299152628635687,True,False,True,0.0001345322617925316,COMPLETE
822,0.41222867965698246,2025-04-16 00:10:00.878518,2025-04-16 00:10:23.503073,0 days 00:00:22.624555,0.5680496356919638,0.27587011070854606,16,0.016795508179302934,0.2832185060440031,0.01848996544647653,0.0514698615002191,0.09699649937557404,0.04282669322064118,0.0034288840720015567,24,42,0.05451306993250238,0.10999318288587374,True,False,True,0.00015622083650225016,COMPLETE
823,0.41117149591445923,2025-04-16 00:10:23.773780,2025-04-16 00:10:47.242314,0 days 00:00:23.468534,0.5245985584749732,0.4063166455375049,16,0.024503041754429543,0.27790253591132946,0.022645119852649012,0.054576119561431165,0.09282228858235897,0.0414525902037018,0.0008254707931463189,24,49,0.04890363853612294,0.14026824470981905,True,False,True,9.84947696431151e-05,COMPLETE
824,0.2930279850959778,2025-04-16 00:10:47.497405,2025-04-16 00:11:14.493571,0 days 00:00:26.996166,0.5467305467000783,0.25660567041870175,16,0.03828966223670433,0.2577169691790476,0.012742528228959663,0.05758903232490764,0.09994172157807382,0.04505284764296415,0.007158492997613831,25,53,0.0524958765095415,0.13054967150082714,True,False,False,0.00016530448203173735,COMPLETE
825,0.4075300097465515,2025-04-16 00:11:14.763937,2025-04-16 00:11:47.315888,0 days 00:00:32.551951,0.5899717510914609,0.2941777487573838,8,0.030945295626461367,0.27163452417255096,0.018381653036613533,0.04987079773680354,0.09002907996607108,0.04411006445140411,0.012689812447278367,26,45,0.05055495684941551,0.11507008045957907,True,False,True,7.020282265815633e-05,COMPLETE
826,0.27328325510025026,2025-04-16 00:11:47.587900,2025-04-16 00:12:11.014820,0 days 00:00:23.426920,0.3515015492862248,0.3036099617584848,16,0.02129887409762176,0.2496346168840993,0.012256342028121342,0.06097842052636079,0.09458994167262892,0.042157198194697806,0.005699841092867209,25,42,0.05602732297745084,0.12556785428972247,True,True,True,0.00012531918013718423,COMPLETE
827,0.2918446123600006,2025-04-16 00:12:11.273529,2025-04-16 00:12:32.304350,0 days 00:00:21.030821,0.3243988740956803,0.2717227304018124,16,0.011436701634582413,0.2635027666799703,0.021697110004564348,0.055159238090178454,0.09630970768273513,0.0415247683488879,0.0006263611348714123,19,48,0.05386966265873709,0.13706385343465277,True,False,True,0.00016689752134701664,COMPLETE
828,0.38239047527313236,2025-04-16 00:12:32.574335,2025-04-16 00:12:55.317471,0 days 00:00:22.743136,0.4396525087991838,0.45038380251023014,16,0.04375726856675567,0.28184228036726855,0.016829285081211467,0.05306387400860536,0.09178049462029099,0.04639152323042066,0.010759080231654712,24,41,0.05196039410333148,0.14093301512306564,True,False,True,0.00012036934635517638,COMPLETE
829,0.3975516557693482,2025-04-16 00:12:55.593588,2025-04-16 00:13:18.971731,0 days 00:00:23.378143,0.471960531780117,0.47546619130594525,16,0.028796734091648107,0.2753548317060727,0.016347002053564676,0.05198672466776386,0.08976593071610879,0.04869128266056664,0.004616427123931129,25,45,0.047603008414223796,0.10330193513269459,True,False,True,0.0001595768014214902,COMPLETE
830,0.2645991206169129,2025-04-16 00:13:19.228786,2025-04-16 00:13:42.771732,0 days 00:00:23.542946,0.5940033524524997,0.25902584827714775,16,0.03479231132939531,0.031112055856546104,0.02831385832278248,0.05636880595674404,0.0932993547147291,0.03883303766232242,0.00911965130834864,26,43,0.05750120727971805,0.13431364016936193,True,False,True,8.837121933522043e-05,COMPLETE
831,0.3029745936393738,2025-04-16 00:13:43.043063,2025-04-16 00:14:13.987108,0 days 00:00:30.944045,0.41897987013743343,0.32671826121097647,8,0.11720812888667403,0.008948177601219628,0.019988183985661222,0.01882545617363045,0.0983487923205672,0.047306129062505246,0.0073231967626126064,24,49,0.06184827604713809,0.12222212147644879,True,False,True,0.00022285098236415294,COMPLETE
832,0.35263590812683104,2025-04-16 00:14:14.263605,2025-04-16 00:14:36.779814,0 days 00:00:22.516209,0.3832191236283073,0.2945961083453352,16,0.022811515237287375,0.25640259952561056,0.02569404689158489,0.05431082891494484,0.09564045740135851,0.04883567664787956,0.0032013499315663636,24,40,0.050069664523952784,0.11708283787693184,True,False,True,0.00013544295646029667,COMPLETE
833,0.20827782750129703,2025-04-16 00:14:37.037547,2025-04-16 00:14:58.258864,0 days 00:00:21.221317,0.5538620030073509,0.2856098592204136,16,0.1043759120097533,0.26707904991264225,0.02481787935829693,0.05687440926615963,0.0911953135283099,0.04231103835367522,0.0035674745958316567,19,54,0.05523888958931911,0.12912584259610854,True,False,True,0.00017828300688037683,COMPLETE
834,0.40677706003189085,2025-04-16 00:14:58.531323,2025-04-16 00:15:21.140964,0 days 00:00:22.609641,0.572963779832214,0.2491077812374614,16,0.040380801952311494,0.28498082078396825,0.02316437080899288,0.05833474156426001,0.09317896620783403,0.07261604389019993,0.004802170617516966,23,46,0.053307919472586424,0.14144707448535118,True,False,True,1.2322228701903788e-07,COMPLETE
835,0.3250147044658661,2025-04-16 00:15:21.414205,2025-04-16 00:15:43.595073,0 days 00:00:22.180868,0.49989465749865103,0.17421900659193115,16,0.0158977659734961,0.01958974669552035,0.013207323300984258,0.049022712652997597,0.08930696153330252,0.04491778243190133,0.006366768173123852,23,38,0.048363148684166975,0.13261643620969246,True,False,True,0.0002723602957248881,COMPLETE
836,0.41513671875,2025-04-16 00:15:43.854926,2025-04-16 00:16:06.544437,0 days 00:00:22.689511,0.5487918354947395,0.262702595240689,16,0.028521900670269152,0.26081456611384984,0.08044256919569975,0.01074019414506971,0.09450700961922602,0.049124663282349296,0.003914851728240357,24,43,0.05182226564385247,0.14412961811314134,True,False,True,0.00010779977163949663,COMPLETE
837,0.4068323850631714,2025-04-16 00:16:06.816055,2025-04-16 00:16:31.460867,0 days 00:00:24.644812,0.5835654793770148,0.3141884893055415,16,0.03664530859162269,0.2729345789566239,0.07942345503297024,0.008809245184765883,0.0971571854318119,0.04687988020258549,0.003812540903490066,27,51,0.056318387961655864,0.14222845626056715,True,False,True,0.00010745880507708364,COMPLETE
838,0.4140997648239136,2025-04-16 00:16:31.737850,2025-04-16 00:16:55.256094,0 days 00:00:23.518244,0.5164788325683739,0.28500345847475406,16,0.030502586033558647,0.2665336031805865,0.09074580312965339,0.010776492838190911,0.0362683181612804,0.04845483556265972,0.003169386624903017,25,46,0.054058666016435046,0.14258931480194906,True,False,True,6.075248504599714e-05,COMPLETE
839,0.4066989541053772,2025-04-16 00:16:55.517223,2025-04-16 00:17:17.812971,0 days 00:00:22.295748,0.5423561699516154,0.2711742377173103,16,0.02854033334531642,0.26246947650894326,0.09713641621700322,0.01048617239659671,0.09592944764352843,0.049648227923812516,0.0032150383511185127,26,48,0.05901933670359415,0.1438502343827792,False,False,True,5.09201694287966e-05,COMPLETE
840,0.4106425523757935,2025-04-16 00:17:18.084454,2025-04-16 00:17:42.155888,0 days 00:00:24.071434,0.5417915914864468,0.2846119744112041,16,0.030476045911272433,0.26520437742420566,0.08072236702298159,0.011636248146155428,0.02763955402369654,0.049795361730767096,0.0038334790018665693,25,52,0.05486408485405192,0.14347622346488756,True,False,True,6.300694815295437e-05,COMPLETE
841,0.4099183678627014,2025-04-16 00:17:42.435164,2025-04-16 00:18:05.907639,0 days 00:00:23.472475,0.6121496943188093,0.35841360539743183,16,0.026948513140907463,0.26038375592024043,0.08433828675616119,0.00801977382173747,0.033459215842432354,0.048582167484483275,0.004003351176712347,25,47,0.05708952386144817,0.14553928223579626,True,False,True,7.062421817698567e-05,COMPLETE
842,0.37550716400146483,2025-04-16 00:18:06.182921,2025-04-16 00:18:35.320488,0 days 00:00:29.137567,0.5616404301330326,0.3132120605687814,16,0.03279287223564191,0.267541505160856,0.08789810331298283,0.012006679394721219,0.03504918355061384,0.05032753675813237,0.0033880527416999995,25,96,0.0542056611879038,0.13645695970398974,True,False,True,8.552976760662609e-05,COMPLETE
843,0.2943622887134552,2025-04-16 00:18:35.581336,2025-04-16 00:19:02.065924,0 days 00:00:26.484588,0.5457736314986121,0.28455552469049455,16,0.025225926823172942,0.2514880538756926,0.09425644831240738,0.009962135194050233,0.03230343865327309,0.04768036636504595,0.003122442219049059,25,50,0.05771487685659323,0.14051056382761715,True,False,False,6.894050176215843e-05,COMPLETE
844,0.41172746419906614,2025-04-16 00:19:02.340462,2025-04-16 00:19:25.392528,0 days 00:00:23.052066,0.5629545739190794,0.26351171168709475,16,0.03320971795947721,0.2613406440158357,0.015775210623836657,0.007791807785191218,0.09824142738103515,0.03162492179431693,0.003302789000195821,24,47,0.055779550062751294,0.14643798524181267,True,False,True,7.327009749431515e-05,COMPLETE
845,0.3923738718032837,2025-04-16 00:19:25.670602,2025-04-16 00:19:49.630447,0 days 00:00:23.959845,0.5218490176263886,0.28797072683572655,16,0.01977998841199827,0.26936894226160596,0.09429305279113949,0.010854465328214383,0.023922682239361708,0.050567358992664686,0.00386421013169007,24,55,0.05341459972365492,0.13650535229748717,True,True,True,9.182712987688514e-05,COMPLETE
846,0.39522767066955566,2025-04-16 00:19:49.894350,2025-04-16 00:20:13.024415,0 days 00:00:23.130065,0.5513163450206883,0.30616815440464273,16,0.028164754969351734,0.2860155214434762,0.07711667499956233,0.007647620917458891,0.09499963387432413,0.049032382163975485,0.0045922302458513515,24,45,0.07699673466527665,0.14486915811043036,True,False,True,5.459917706100822e-05,COMPLETE
847,0.37835737466812136,2025-04-16 00:20:13.300322,2025-04-16 00:20:36.925866,0 days 00:00:23.625544,0.533770105070773,0.3242479249081131,16,0.042050109081991804,0.2802042800069255,0.08446689630817528,0.01056387684254881,0.03059434176443669,0.05111405420872012,0.0033219154398993755,25,50,0.06026329814575795,0.13449667580414112,True,False,True,9.645845618521884e-05,COMPLETE
848,0.4140886664390564,2025-04-16 00:20:37.203546,2025-04-16 00:21:00.960919,0 days 00:00:23.757373,0.5368311472799042,0.27917541992628897,16,0.03374087373539363,0.26577274827166253,0.0808028127991356,0.008634510417954074,0.09839163733608798,0.047414929668309194,0.002964286602001433,26,44,0.05286970271248069,0.1402850683828331,True,False,True,0.00011075828097866538,COMPLETE
849,0.3748594999313355,2025-04-16 00:21:01.228766,2025-04-16 00:21:24.929861,0 days 00:00:23.701095,0.5805193031999407,0.30364352686064777,16,0.05042259284195193,0.2749348244807464,0.08873327993948066,0.012890143210052975,0.09860430444268364,0.04673320654490089,0.003954141470946924,26,44,0.05176020187087456,0.12914413540914524,True,False,True,9.963377017164417e-05,COMPLETE
850,0.3730242848396301,2025-04-16 00:21:25.206265,2025-04-16 00:21:49.255344,0 days 00:00:24.049079,0.553176812994222,0.27105538091178333,16,0.038977733700140994,0.26966368837595156,0.09098876951619585,0.010889227404395725,0.017942085748868068,0.048080254974565466,0.0030594888866496313,27,43,0.05308880832558271,0.1384764309037435,True,False,True,6.489522814944693e-05,COMPLETE
851,0.37010735273361206,2025-04-16 00:21:49.532681,2025-04-16 00:22:12.915557,0 days 00:00:23.382876,0.5070336531504348,0.5711961676081145,16,0.04525142180369229,0.27738110068176786,0.08530528520685697,0.008892157975244461,0.09907019928599131,0.04781384309718455,0.004274302049637608,25,45,0.0910630890167552,0.13339408754100618,True,False,True,8.345642037280012e-05,COMPLETE
852,0.4070736289024353,2025-04-16 00:22:13.179073,2025-04-16 00:22:36.839374,0 days 00:00:23.660301,0.5900618293735889,0.3080361410063526,16,0.03378001452240155,0.2657886930008454,0.08249272993645393,0.013296454038647506,0.098243733027315,0.0484069310862045,0.004636503817260601,26,42,0.05524476272656505,0.12741595946869202,True,False,True,0.00012251573947922605,COMPLETE
853,0.4143428444862366,2025-04-16 00:22:37.117273,2025-04-16 00:23:01.759831,0 days 00:00:24.642558,0.5138115327608503,0.25372894855284495,16,0.034523196834590354,0.2726527248592421,0.08661976705016142,0.010218024429549187,0.09969972980720598,0.050239629125328575,0.0030528859348213483,27,46,0.05233103688621768,0.13738930513228992,True,False,True,0.0001076274931997268,COMPLETE
