number,value,datetime_start,datetime_complete,duration,params_alpha-eval,params_alpha-train,params_batch-size,params_eps-eval,params_eps-train,params_lambda-actions-eval,params_lambda-actions-train,params_lambda-frames-eval,params_lambda-frames-train,params_learning-rate,params_n-epochs,params_n-frames,params_radius-gw,params_rho,params_std-feats,params_ub-actions,params_ub-frames,params_weight-decay,state
1196,0.38872932195663457,2025-04-14 05:45:37.960617,2025-04-14 05:46:02.999754,0 days 00:00:25.039137,0.9503172221761563,0.20989898208178942,8,0.005186701797977712,0.11439443044659497,0.06757477073307118,0.09684006246398061,0.09352498573494199,0.08866203728177238,0.008256424494023333,17,30,0.08152879663174088,0.10716738883479415,True,True,True,0.0008244116445427017,COMPLETE
1197,0.4179763436317444,2025-04-14 05:46:03.387459,2025-04-14 05:46:21.502225,0 days 00:00:18.114766,0.973149516866895,0.18439229800244328,16,0.010527095518892405,0.1296904144600189,0.0765665627755176,0.08616639145820842,0.09801394737546876,0.09080802877787612,0.01717942047529635,16,19,0.09055860561061575,0.11772719217753144,True,False,True,0.00014801602133938767,COMPLETE
1198,0.43902171850204474,2025-04-14 05:46:21.891734,2025-04-14 05:46:39.166164,0 days 00:00:17.274430,0.982666738301061,0.25810718336215244,16,0.017205980738262412,0.10280523438962665,0.07002979331651263,0.09228905805089846,0.09075221567833854,0.09689130455881233,0.006690055037245207,13,25,0.0864722244869932,0.1330633348156052,True,True,True,0.0003474491958207561,COMPLETE
1199,0.3554149270057678,2025-04-14 05:46:39.553324,2025-04-14 05:47:03.361769,0 days 00:00:23.808445,0.9371913517779812,0.15800518819348333,8,0.0255405911383446,0.12286990395930296,0.07304473883006425,0.09817948421883396,0.09465226547305368,0.09452097264246354,0.013666885720009035,15,37,0.08319503607206154,0.14184615257958755,True,True,True,0.0005851286249372738,COMPLETE
1200,0.43382123708724984,2025-04-14 05:47:03.750547,2025-04-14 05:47:20.935416,0 days 00:00:17.184869,0.961264756981821,0.21920684629637238,16,0.004910840706844576,0.09163546730029641,0.07939748890274231,0.09438216987676996,0.09226344159363105,0.08005618753154407,0.004748672604430837,12,32,0.09560032125685841,0.11259302575544665,True,True,True,0.00022964848255110402,COMPLETE
1201,0.353304922580719,2025-04-14 05:47:21.325247,2025-04-14 05:47:42.988693,0 days 00:00:21.663446,0.9136186217281724,0.23390632587563476,16,0.03722653401075088,0.11019140579625819,0.0650613829581167,0.09691721789860067,0.08581231841094605,0.09802425254693947,0.023072937367210677,16,92,0.07749887958003834,0.12273535720479628,True,True,True,0.00029133643733665864,COMPLETE
1202,0.37257951498031616,2025-04-14 05:47:43.379696,2025-04-14 05:48:08.597040,0 days 00:00:25.217344,0.9489852277304807,0.29153863916666584,8,0.013404450153742704,0.09728692245029585,0.07493330937547793,0.09524951409634899,0.09606896769266689,0.09155198322971435,0.009907726968200765,14,124,0.08865260203899888,0.2689823239897622,True,True,True,0.00041121011662660704,COMPLETE
1203,0.44543435573577883,2025-04-14 05:48:08.986190,2025-04-14 05:48:26.652842,0 days 00:00:17.666652,0.8740538189908514,0.2036357882333999,16,0.02221158405051651,0.11611465586684432,0.07158838341660402,0.09845275591637358,0.08979506225240788,0.09556122681152987,0.008218103607683986,14,28,0.0846756607275355,0.037082649973494544,True,True,True,0.00017434753332431664,COMPLETE
1204,0.3662298083305359,2025-04-14 05:48:27.044332,2025-04-14 05:48:46.295562,0 days 00:00:19.251230,0.9788884270550203,0.1724983948133717,16,0.010583506406700223,0.12341860050597066,0.06926109417892792,0.0999852137981407,0.09362390848279865,0.09301271124280765,0.011724321023612053,15,61,0.08149960527828427,0.14776527208859663,True,True,True,0.0003168398148649274,COMPLETE
1205,0.1888286888599396,2025-04-14 05:48:46.686529,2025-04-14 05:49:08.445937,0 days 00:00:21.759408,0.9359836633308797,0.25347949268948294,8,0.017926099078572625,0.1328219609369382,0.07706284365450847,0.09228453554017486,0.0881322239593797,0.08977745750148516,0.016036698743948436,13,34,0.022994524402678216,0.12961571047860249,True,True,True,0.0001197440954859809,COMPLETE
1206,0.42628718614578254,2025-04-14 05:49:08.836654,2025-04-14 05:49:25.446697,0 days 00:00:16.610043,0.9995416348683797,0.12537749878524518,16,0.0284768080408183,0.10651145851447594,0.06693379938598899,0.09678609076810692,0.09186490399022995,0.08463347583843175,0.005950810382713993,11,23,0.08674028962427731,0.11891515276171673,True,True,True,0.00021618777302721755,COMPLETE
1207,0.40604441165924077,2025-04-14 05:49:25.838006,2025-04-14 05:49:44.519418,0 days 00:00:18.681412,0.9631549971715446,0.18921167028899577,16,0.009350027036859554,0.1427519262768585,0.07312019987918948,0.09074821863111876,0.09623345103328673,0.09982169908390022,0.009546378286529746,16,26,0.09355196883373683,0.10987268610959305,True,True,True,0.000488503236812079,COMPLETE
1208,0.254944384098053,2025-04-14 05:49:44.913402,2025-04-14 05:50:07.770103,0 days 00:00:22.856701,0.9145816151246735,0.2234561662158323,8,0.004191879500859166,0.08617724452370142,0.07503724286431665,0.09405819970257383,0.05274943583776193,0.09641360620477996,0.026872276285594267,15,31,0.09002360480994993,0.08294574715620391,False,True,False,0.0006634396682134003,COMPLETE
1209,0.3595239520072937,2025-04-14 05:50:08.159938,2025-04-14 05:50:26.474541,0 days 00:00:18.314603,0.8867969005319594,0.2371701089662527,16,0.015451595203778867,0.11648211581426024,0.07109955805349186,0.09814579657045946,0.0982917206689117,0.03583383358435875,0.012414669956502741,14,46,0.07984309229190052,0.10242367445529811,True,True,True,0.00025265550759604366,COMPLETE
1210,0.37796996831893925,2025-04-14 05:50:26.870112,2025-04-14 05:50:51.961771,0 days 00:00:25.091659,0.9803203906377158,0.16416762989418532,8,0.024834499450983726,0.09886636687566397,0.08260374096916333,0.09544156838406666,0.09441468245163945,0.08733530453107652,0.019772119185164104,17,37,0.08308176908619527,0.13623771476422655,True,True,True,0.00032205382680769993,COMPLETE
1211,0.4485775589942933,2025-04-14 05:50:52.353628,2025-04-14 05:51:10.601399,0 days 00:00:18.247771,0.9458609780053215,0.20322759582265146,16,0.019234359086364238,0.10942681304812113,0.0685069837211749,0.0969616733524209,0.09046865077154542,0.09408073951872226,0.007261800666784446,15,28,0.08531156905225935,0.12218935686508647,True,True,True,0.00042779717465981856,COMPLETE
1212,0.4062948107719422,2025-04-14 05:51:10.994699,2025-04-14 05:51:28.369515,0 days 00:00:17.374816,0.965282219343124,0.14383846668997563,16,0.000550061024881518,0.12798993986631144,0.07256772422919633,0.08829756932895187,0.06828283040124487,0.09162811030120971,0.01059254622222007,13,34,0.08832035956646914,0.11444042567590693,True,True,True,0.00019513102706076585,COMPLETE
1213,0.44625794887542725,2025-04-14 05:51:28.764075,2025-04-14 05:51:51.804272,0 days 00:00:23.040197,0.9994112555024316,0.27031723757886406,8,0.012050203524940503,0.09306882941091266,0.0745710696395666,0.09402120523673994,0.09254914396898652,0.09781780951832689,0.013923826049628224,14,31,0.0920495706320005,0.1277899551516471,True,True,True,0.0002630087795689818,COMPLETE
1214,0.4296332478523255,2025-04-14 05:51:52.197588,2025-04-14 05:52:10.559566,0 days 00:00:18.361978,0.927307520475006,0.18572217328730617,16,0.0328708639127001,0.11986344982784229,0.07812957378722575,0.09836011071347768,0.0865443950426848,0.08176756191580539,0.00827060650178427,16,26,0.08372069232428943,0.09142724596600484,True,True,True,0.00037982619314735157,COMPLETE
1215,0.1888286888599396,2025-04-14 05:52:10.951693,2025-04-14 05:52:29.052447,0 days 00:00:18.100754,0.9531772905280119,0.2185335135713583,16,0.01978137494703042,0.10191144526055393,0.07016657769299714,0.09250457048321904,0.09536864582116739,0.09497311061729516,0.009559324318930182,15,39,0.0030218633383784846,0.10799212131580488,True,True,True,0.0005642603956844291,COMPLETE
1216,0.3583158731460571,2025-04-14 05:52:29.447026,2025-04-14 05:52:50.618172,0 days 00:00:21.171146,0.8989639296640505,0.24678728863576677,8,0.10610141702303091,0.11147390182296199,0.06704516281678449,0.09997654849918976,0.07844705747354916,0.028005072584428737,0.0072798371793453215,12,33,0.08665913452425116,0.11850715716646354,True,False,True,0.000324854111295266,COMPLETE
1217,0.4283460140228272,2025-04-14 05:52:51.012262,2025-04-14 05:53:08.919842,0 days 00:00:17.907580,0.9793362661874777,0.2011112645336555,16,0.005719363865248831,0.10462855433250148,0.07579600364139241,0.06214503954305227,0.08370584129411003,0.09999645921454178,0.011828649890159894,14,30,0.08071350891780858,0.12563483890867497,True,True,True,0.0001522569291940423,COMPLETE
1218,0.34667688608169556,2025-04-14 05:53:09.315960,2025-04-14 05:53:27.824193,0 days 00:00:18.508233,0.9362478511925345,0.17398943696855929,16,0.014605931176502641,0.12286172637741434,0.07227979519874872,0.09582723453267915,0.08900266769541117,0.08991192551757013,0.01647298027677055,15,36,0.03412028136426758,0.1323134454522312,True,True,True,0.00020421648271298778,COMPLETE
1219,0.3614981651306152,2025-04-14 05:53:28.218147,2025-04-14 05:53:52.924316,0 days 00:00:24.706169,0.9626161636104269,0.2320041795684504,8,0.023497857595358884,0.11506643299272865,0.06386060224113256,0.09701451011392125,0.09982359877417443,0.09267163213067037,0.005428752548961923,16,43,0.08948023253161491,0.11340826421851663,True,True,True,0.0002501818513616452,COMPLETE
1220,0.1888286888599396,2025-04-14 05:53:53.320472,2025-04-14 05:54:10.455815,0 days 00:00:17.135343,0.9173156843431785,0.2640028259132447,16,0.0075348513180029985,0.1310443340869827,0.0689363006544852,0.09404085588333308,0.09151780354964466,0.09613151881848643,0.00870445485521133,13,23,0.08501483995234366,0.09813217693288157,True,True,True,0.00037505600337978996,COMPLETE
1221,0.45154705047607424,2025-04-14 05:54:10.853840,2025-04-14 05:54:29.861219,0 days 00:00:19.007379,0.9799347869245016,0.2876425920140523,16,0.029658633694417364,0.08920760808051847,0.07416090484634041,0.09819416505789862,0.09673109933541198,0.08616511027387208,0.011131389760801679,17,29,0.08218428076038106,0.14021975278793294,True,True,True,0.00045666027297179925,COMPLETE
1222,0.3919071555137634,2025-04-14 05:54:30.255846,2025-04-14 05:54:53.094439,0 days 00:00:22.838593,0.945278225532734,0.21064073492600507,8,0.00010973212732352366,0.08169196908258596,0.07991344986076142,0.09122694835000209,0.09352376259374257,0.08850096740671656,0.000289804503422588,14,33,0.08747641807143039,0.1203919661090936,True,True,True,0.0002927039229387671,COMPLETE
1223,0.3764091014862061,2025-04-14 05:54:53.489245,2025-04-14 05:55:12.015670,0 days 00:00:18.526425,0.9652747804437606,0.7911397176346003,16,0.013538292492111605,0.09877754138671176,0.07099231406075164,0.09999142073524787,0.08982219047711028,0.09366025470160308,0.014643862459265054,16,27,0.07804949712346002,0.1285154896932532,True,True,True,0.00013319410700927064,COMPLETE
1224,0.35157438516616824,2025-04-14 05:55:12.408775,2025-04-14 05:55:30.903537,0 days 00:00:18.494762,0.9191774287944291,0.15060752000728114,16,0.02009741763257381,0.10891532268372965,0.06541814738794592,0.04437341593819673,0.09427442365538351,0.09745693208934354,0.0064931188900712875,15,36,0.09058608300029856,0.10430524134726767,True,True,True,9.438797597721557e-05,COMPLETE
1225,0.1888286888599396,2025-04-14 05:55:31.298777,2025-04-14 05:55:53.610399,0 days 00:00:22.311622,0.9823023420057081,0.1868370467843002,8,0.008086923541388017,0.275693323290473,0.07302806235403027,0.09575507727849841,0.09217960601049642,0.09138187030947521,0.009231418247222236,14,20,0.08415128292699187,0.11257663473192303,True,True,True,0.00018233656528382646,COMPLETE
1226,0.4062915682792664,2025-04-14 05:55:54.002707,2025-04-14 05:56:12.404079,0 days 00:00:18.401372,0.2844816063845539,0.11568693555634114,16,0.037690141777536296,0.12061423269674718,0.07597882293282628,0.09372207559825163,0.09831457401622139,0.0954014215412375,0.019557952900573543,15,31,0.08599655595029503,0.12384376229083176,True,True,False,0.0006860050189532736,COMPLETE
1227,0.39728213548660285,2025-04-14 05:56:12.797309,2025-04-14 05:56:29.710352,0 days 00:00:16.913043,0.9417524556606331,0.22301892614037863,16,0.014984392024461664,0.13742741079169932,0.06841436454351568,0.08719183816118135,0.08759395309378269,0.08336275613655539,0.013233272101534738,13,25,0.08216803064336452,0.13336085434159137,False,True,True,0.00026386128399864855,COMPLETE
1228,0.3725392818450928,2025-04-14 05:56:30.101925,2025-04-14 05:56:54.380858,0 days 00:00:24.278933,0.9584256822987306,0.24298605646797639,8,0.027436238695662512,0.11317741145937332,0.0706820851094893,0.09689635089474058,0.09063655403146281,0.09834407422428125,0.010352945596293267,16,40,0.08866693915653241,0.11707537767193348,True,True,True,0.0005103190901637767,COMPLETE
1229,0.3642129898071289,2025-04-14 05:56:54.778059,2025-04-14 05:57:11.833648,0 days 00:00:17.055589,0.9062109144684132,0.19508365486582813,16,0.0001896237454163087,0.12621341763426128,0.07848251864610956,0.025375888944278783,0.0953697081152903,0.09397700237013636,0.007891921458710788,12,28,0.0802859753004416,0.10732356490255483,True,True,True,0.00023315152451179973,COMPLETE
1230,0.45915304422378544,2025-04-14 05:57:12.229172,2025-04-14 05:57:31.509008,0 days 00:00:19.279836,0.9837992803286444,0.16389642878561944,16,0.010569250421204478,0.09610187591542817,0.07388217508072957,0.0901016100901989,0.0932439399423792,0.08889830479415899,0.011644840300666393,17,34,0.08413209872591604,0.12712462052309975,True,True,True,0.0003515037193754571,COMPLETE
1231,0.4562289357185364,2025-04-14 05:57:31.906720,2025-04-14 05:57:54.900854,0 days 00:00:22.994134,0.9471732340020381,0.1358893305015504,8,0.020785406990948788,0.10510675479443506,0.07684648526705724,0.09524647817708368,0.0968988156135017,0.0999699712311742,0.0062625077647649385,14,31,0.08691807213587356,0.12178238580658586,True,True,True,0.00040073362151520466,COMPLETE
1232,0.33570916652679444,2025-04-14 05:57:55.298427,2025-04-14 05:58:13.903430,0 days 00:00:18.605003,0.9998398333880203,0.25150753114134994,16,0.016911129871680673,0.15463358796101753,0.07195207278583345,0.0983018180120213,0.09091845680634099,0.09228704345065282,0.015442092643067715,15,37,0.09201702293736674,0.07667549383010837,True,True,True,0.00017375616866263104,COMPLETE
1233,0.44844366312026984,2025-04-14 05:58:14.302602,2025-04-14 05:58:32.626978,0 days 00:00:18.324376,0.9284146289400201,0.21112969893737066,16,0.08369072457270527,0.11734544681686375,0.06675236875385718,0.09255833414175402,0.08898832223444984,0.07937331093435283,0.008918216164457673,15,29,0.08572366717957292,0.13582444255447235,True,True,True,0.0002966118556487432,COMPLETE
1234,0.3067056596279144,2025-04-14 05:58:33.045194,2025-04-14 05:58:53.118375,0 days 00:00:20.073181,0.07339890930855564,0.1791919795189565,8,0.005957094763215329,0.10235320034240117,0.06279301150124604,0.09685003359761825,0.09997285260496792,0.04100606517500599,0.007433544343316469,10,24,0.08258016473687903,0.11397014860603986,True,True,True,0.00022091619807036288,COMPLETE
1235,0.2918540477752686,2025-04-14 05:58:53.517792,2025-04-14 05:59:09.772750,0 days 00:00:16.254958,0.385386942622457,0.2819345069556071,16,0.02602190290757721,0.09257682785775168,0.06988927732153702,0.055031797312661855,0.09329402900787058,0.09580675028158808,0.02415157716238242,13,5,0.088349744980786,0.11995062910225823,True,False,True,0.0005084936543070103,COMPLETE
1236,0.350831663608551,2025-04-14 05:59:10.177244,2025-04-14 05:59:27.043354,0 days 00:00:16.866110,0.9638593135037172,0.22929227684108042,16,0.010580391755391355,0.1107587117086089,0.0809337293625403,0.09837048214888994,0.09521729765402497,0.09056572173192272,0.010795464518227478,11,34,0.09003133595128279,0.14284311801809443,True,True,True,2.4712108010582467e-08,COMPLETE
1237,0.34763013124465947,2025-04-14 05:59:27.446744,2025-04-14 05:59:51.978319,0 days 00:00:24.531575,0.9344042407955426,0.2626049344068577,8,0.019120495753619217,0.12304158131394304,0.07432652514223231,0.09500190500990482,0.09152169620552561,0.09695147825740409,0.04200010302744989,16,32,0.0793955866416279,0.12963762846897556,True,True,True,0.0009998557752406746,COMPLETE
1238,0.36992692947387695,2025-04-14 05:59:52.381575,2025-04-14 06:00:11.521447,0 days 00:00:19.139872,0.8966114052113642,0.20322886301585824,16,0.03564355559890478,0.13246250583387698,0.07169078024021072,0.09361785191338344,0.08765806544086148,0.08591878737873607,0.005008188915428067,14,68,0.09395891897091765,0.1093121179572817,True,True,True,0.0003363015077791083,COMPLETE
1239,0.4499528408050537,2025-04-14 06:00:11.924217,2025-04-14 06:00:30.203580,0 days 00:00:18.279363,0.9679057397885675,0.23481067518605958,16,0.031360682886700755,0.11673645101518329,0.0680927992906553,0.09675350232701074,0.0940026178535988,0.09392786628248348,0.013522673362798995,15,27,0.08428573518020639,0.11468042448644719,True,True,True,0.00026179775576523645,COMPLETE
1240,0.42229437828063965,2025-04-14 06:00:30.607369,2025-04-14 06:00:53.275977,0 days 00:00:22.668608,0.950275508663668,0.1751714745470795,8,0.012873696128786942,0.08675657993892823,0.07656502861435019,0.09153461237920127,0.09653235073556696,0.08852229205453727,0.018335234780035865,14,30,0.08720857113167506,0.10069566497362854,True,True,True,0.00015089337053617304,COMPLETE
1241,0.45102471113204956,2025-04-14 06:00:53.678565,2025-04-14 06:01:12.682306,0 days 00:00:19.003741,0.9827859911893257,0.1534087052871539,16,0.022158785337920976,0.10681260096526105,0.06952827100198035,0.0984981429174743,0.09026270303847801,0.03089239223510335,0.009407309625032395,16,36,0.08197207114688257,0.12357311718566145,True,True,True,0.0004292993660121498,COMPLETE
1242,0.39274467229843146,2025-04-14 06:01:13.085615,2025-04-14 06:01:30.519557,0 days 00:00:17.433942,0.9212144029594994,0.5682054391710567,16,0.0076629344423418426,0.09917543680150055,0.07304878518408088,0.09995770072560854,0.09287458485345855,0.09205399435832924,0.007714146389457297,13,22,0.0770881991891548,0.11695055584218202,True,True,True,0.00020867856854675485,COMPLETE
1243,0.1888286888599396,2025-04-14 06:01:30.922018,2025-04-14 06:01:53.984474,0 days 00:00:23.062456,0.9639879242602015,0.04697190821023804,8,0.015834483673329285,0.12587062464377408,0.06503421120505572,0.09542961684736818,0.0977563602905618,0.09631007278833384,0.012996916979809696,14,40,0.08557803571186264,0.12884085060400507,True,True,True,0.000695437198224501,COMPLETE
1244,0.40684535503387453,2025-04-14 06:01:54.386173,2025-04-14 06:02:08.660861,0 days 00:00:14.274688,0.9823219891430658,0.21672005572912972,16,0.0052074323339327995,0.11210775534554172,0.0751644582514096,0.09690284340690877,0.0850284126421284,0.09375197111643248,0.00682400286830254,5,33,0.08349584145939182,0.1371844214632628,True,True,True,0.00031678151984400094,COMPLETE
1245,0.2736016690731049,2025-04-14 06:02:09.063938,2025-04-14 06:02:28.022428,0 days 00:00:18.958490,0.7017255801285667,0.1945752437183188,16,0.00015836686690809659,0.11976065544471477,0.071359871504421,0.09325282849171482,0.09207874025895273,0.09811593239479456,0.01022016481755371,17,26,0.01623098733674351,0.09407594681520262,True,True,False,0.0005609369648213323,COMPLETE
1246,0.3551138162612915,2025-04-14 06:02:28.425925,2025-04-14 06:02:51.637676,0 days 00:00:23.211751,0.9394412701587408,0.24012808843320568,8,0.02556883749616922,0.07874991174111881,0.06651421616139232,0.0889402598662722,0.09522993234049185,0.0903759965138635,0.015709237200257346,15,30,0.09154746304818683,0.14756095416494144,False,True,True,0.00037376595421582845,COMPLETE
1247,0.27918796539306645,2025-04-14 06:02:52.038197,2025-04-14 06:03:10.940270,0 days 00:00:18.902073,0.6353566191251862,0.2609053819104716,16,0.016279988090407836,0.1474738906987639,0.07866805609277312,0.09516357498304177,0.08963869168907121,0.08182473313716926,0.008552306798167547,16,35,0.08871147392174866,0.10951134407740079,True,True,True,0.00025640864173747497,COMPLETE
1248,0.37450519800186155,2025-04-14 06:03:11.346935,2025-04-14 06:03:29.628923,0 days 00:00:18.281988,0.8768087779255983,0.28860672724500785,16,0.009201446759541078,0.10559629188866501,0.0731748962319485,0.09823477138724232,0.09417903673020857,0.0951199461103454,0.011370722347796892,15,28,0.08045221975621807,0.12372452103210434,True,True,True,0.00017850127683437196,COMPLETE
1249,0.45641691684722907,2025-04-14 06:03:30.038401,2025-04-14 06:03:53.102641,0 days 00:00:23.064240,0.9992162978334537,0.16545775450352776,8,0.02306771310763761,0.09780917520663407,0.0693150494278421,0.0954124688412004,0.09134273843294001,0.09221058714847447,0.012398437837362287,14,32,0.08596451319589078,0.10476117657447667,True,True,True,0.00013009958106977883,COMPLETE
1250,0.4423084139823914,2025-04-14 06:03:53.504788,2025-04-14 06:04:10.889648,0 days 00:00:17.384860,0.9100134084150296,0.22055603645841895,16,0.03070509087334293,0.12809057266542603,0.07656541166486489,0.09182604133855085,0.0873876359960908,0.08722649841183239,0.005817895168968308,13,25,0.08281099661516822,0.11613345647089879,True,True,True,0.00021709832771706156,COMPLETE
1251,0.24989135861396788,2025-04-14 06:04:11.289014,2025-04-14 06:04:29.260172,0 days 00:00:17.971158,0.418415250788345,0.1916023657115984,16,0.011575775890846657,0.11369363821708688,0.07042631220742987,0.0983725285624997,0.09664506584082501,0.010903854023724235,0.009293909983294801,14,38,0.08758362032066044,0.13044576642907854,True,True,True,0.00028954341703192615,COMPLETE
1252,0.43543076515197754,2025-04-14 06:04:29.663296,2025-04-14 06:04:53.287682,0 days 00:00:23.624386,0.9541717569988442,0.13160170401421273,8,0.01813886705027155,0.09126845936317518,0.07465444991744638,0.0999400904312249,0.09281184450042089,0.09778135024384452,0.021899070720070427,15,29,0.08980233111115274,0.08770760066095001,True,True,True,0.00040609107709392285,COMPLETE
