number,value,datetime_start,datetime_complete,duration,params_alpha-eval,params_alpha-train,params_batch-size,params_eps-eval,params_eps-train,params_lambda-actions-eval,params_lambda-actions-train,params_lambda-frames-eval,params_lambda-frames-train,params_learning-rate,params_n-epochs,params_n-frames,params_radius-gw,params_rho,params_std-feats,params_ub-actions,params_ub-frames,params_weight-decay,state
1994,0.44465150833129885,2025-04-16 08:40:35.906976,2025-04-16 08:41:01.818408,0 days 00:00:25.911432,0.5708520143945406,0.2116521592964266,8,0.08733808753419392,0.1552903550518414,0.09701512819220297,0.03940483069875899,0.0943845686413845,0.0958321677055361,0.01274224849368204,19,21,0.05073323496978234,0.20934691342242165,True,False,True,1.8776226385980916e-05,COMPLETE
1995,0.43939363956451416,2025-04-16 08:41:02.475150,2025-04-16 08:41:29.997192,0 days 00:00:27.522042,0.6254371973300543,0.2037839914194428,8,0.10262636490002308,0.15548955382629645,0.09402983893052622,0.03972043689487467,0.0920194166447878,0.0953663582747406,0.018170200280859243,20,27,0.0520426781295029,0.2030833145821567,True,True,True,2.0764744952810403e-05,COMPLETE
1996,0.3551770210266113,2025-04-16 08:41:30.660760,2025-04-16 08:41:57.840908,0 days 00:00:27.180148,0.6585510081759565,0.19516359937579497,8,0.10153696016737766,0.15452693852236998,0.09284652897818398,0.04029704605965653,0.0928879213293304,0.0949788530208677,0.020754441334280643,20,28,0.05304799861833111,0.19584564118750983,True,True,True,2.4131237879088006e-05,COMPLETE
1997,0.33061671257019043,2025-04-16 08:41:58.479705,2025-04-16 08:42:24.894414,0 days 00:00:26.414709,0.6393022256753443,0.19861477297686864,8,0.11182290119631635,0.15315514101239958,0.09173249026621051,0.03938496704010572,0.09315542423533575,0.09800077753953186,0.016449344296082396,19,30,0.053037323015917945,0.20655810150799953,True,True,True,2.0951099424057217e-05,COMPLETE
1998,0.33312000036239625,2025-04-16 08:42:25.564030,2025-04-16 08:42:53.073553,0 days 00:00:27.509523,0.6810322844864336,0.1888867177015181,8,0.10891293938770327,0.15126498888123274,0.09373534786766169,0.03996305083083836,0.0928649657648864,0.09998487663088368,0.017943899818474864,20,28,0.05262273911654692,0.20601269554296564,True,True,True,3.0265635555670486e-05,COMPLETE
1999,0.3938000321388245,2025-04-16 08:42:53.737297,2025-04-16 08:43:21.250772,0 days 00:00:27.513475,0.6549578595876483,0.20819998511689952,8,0.09125842201457415,0.15585588712041312,0.0943477356915777,0.0398994563301235,0.09180137521808295,0.09530902711309823,0.020504607347156114,20,26,0.05267147361333284,0.2106769351738465,True,True,True,2.0535958107251864e-05,COMPLETE
