number,value,datetime_start,datetime_complete,duration,params_alpha-eval,params_alpha-train,params_batch-size,params_eps-eval,params_eps-train,params_lambda-actions-eval,params_lambda-actions-train,params_lambda-frames-eval,params_lambda-frames-train,params_learning-rate,params_n-epochs,params_n-frames,params_radius-gw,params_rho,params_std-feats,params_ub-actions,params_ub-frames,params_weight-decay,state
1709,0.34753615856170655,2025-04-14 08:36:57.479445,2025-04-14 08:37:16.220353,0 days 00:00:18.740908,0.8722104678597276,0.24639698515286987,16,0.04040545288500391,0.0713374326751346,0.07882745693257756,0.09584515369655047,0.09790442631472848,0.09809732613585057,0.007587989383941701,16,32,0.0835294503931212,0.057331812303830894,True,True,True,0.0007580379011953856,COMPLETE
1710,0.39526213407516475,2025-04-14 08:37:16.796081,2025-04-14 08:37:35.472495,0 days 00:00:18.676414,0.8413179252479197,0.2300513974671912,16,0.041937815250277614,0.08829651551081191,0.07487061309457006,0.09666727866783208,0.09867442680106253,0.098029831334414,0.006073738444362288,16,35,0.08309207671787126,0.062211875126656165,True,False,True,0.0006785202268298918,COMPLETE
1711,0.46585084199905397,2025-04-14 08:37:36.023813,2025-04-14 08:37:54.876637,0 days 00:00:18.852824,0.83648756640844,0.2873420662844144,16,0.04710293385018527,0.08274386354631445,0.07692718366657404,0.09805597983457383,0.09834986511529858,0.0968979342319739,0.007274046413392843,16,31,0.08479437919308135,0.060367610569088265,True,True,True,0.0006046500311308868,COMPLETE
1712,0.4208846926689148,2025-04-14 08:37:55.450754,2025-04-14 08:38:14.645573,0 days 00:00:19.194819,0.8447978942931571,0.27474301838357085,16,0.047780856995116625,0.09156725647983635,0.0810987644902387,0.0999676694951266,0.09683728204288748,0.09840089011510468,0.00808921665682642,17,33,0.08459907458070157,0.05442044723027903,True,True,True,0.0005700293982127486,COMPLETE
1713,0.45711368322372437,2025-04-14 08:38:15.198355,2025-04-14 08:38:34.280866,0 days 00:00:19.082511,0.8522326531185437,0.25206677437444397,16,0.051038358737186276,0.093833424384911,0.08091666005870982,0.09820874280351087,0.09687979045350675,0.09675172271674984,0.007895209752508896,17,29,0.08481082361541906,0.06712848550848874,True,True,True,0.0005961051690842788,COMPLETE
1714,0.3606468796730042,2025-04-14 08:38:34.866037,2025-04-14 08:38:54.011153,0 days 00:00:19.145116,0.849534484974882,0.29927824920858254,16,0.05549313665190246,0.08790814143103853,0.08489511534863561,0.09839759847968522,0.09630801184110013,0.0999142237703082,0.008303316353117264,17,38,0.083582752669471,0.05747270986526107,True,True,True,0.0005234058125380967,COMPLETE
1715,0.4024381279945374,2025-04-14 08:38:54.562056,2025-04-14 08:39:14.114021,0 days 00:00:19.551965,0.8572699793572822,0.3138369134681793,16,0.048002093766352456,0.08245240522771194,0.07945088719614748,0.09763350706247795,0.09732594943366246,0.09714592302090659,0.0070500236543141375,18,35,0.0828901146709346,0.044458137382762206,True,True,True,0.0005485307581365553,COMPLETE
1716,0.4676943540573121,2025-04-14 08:39:14.698267,2025-04-14 08:39:33.890128,0 days 00:00:19.191861,0.8406919089505897,0.30813067430417995,16,0.04342540458560466,0.07035413491711164,0.07849369616081958,0.09985223938151613,0.09681136767826824,0.09999111760912698,0.008674307202170288,17,30,0.08203583086719601,0.03968450789365971,True,True,True,0.0006405436661196468,COMPLETE
1717,0.3425107002258301,2025-04-14 08:39:34.447376,2025-04-14 08:40:33.532252,0 days 00:00:59.084876,0.8607278248884939,0.27637325607462904,2,0.047420055186950555,0.065556472452123,0.07951737730833382,0.09855101046779902,0.051757386602814225,0.09858403823724715,0.00983755918695816,16,25,0.08548080102303103,0.04929742872119617,True,True,True,0.0007978263887486417,COMPLETE
1718,0.37410831451416016,2025-04-14 08:40:34.080173,2025-04-14 08:40:52.978929,0 days 00:00:18.898756,0.8077877849440152,0.33199178692281156,16,0.03870171680560314,0.06013487110396325,0.07982350500703989,0.09852022265446019,0.09998603965189594,0.09918943838332492,0.009220767975880203,17,23,0.08543756402179208,0.0472725948680524,True,True,True,0.0008641269128803952,COMPLETE
1719,0.37032389640808105,2025-04-14 08:40:53.549805,2025-04-14 08:41:12.266236,0 days 00:00:18.716431,0.9850430088535378,0.3308731583008748,16,0.05562483705652014,0.06981322900337926,0.08155938296531522,0.09992543133124629,0.09495344757943566,0.09977593421667087,0.009686206303201274,16,27,0.08478896122139928,0.05213648941125522,True,True,True,0.0009134505411172107,COMPLETE
1720,0.1888286888599396,2025-04-14 08:41:12.817596,2025-04-14 08:41:30.675696,0 days 00:00:17.858100,0.77757082332237,0.3409534087742666,16,0.04388083555406774,0.07096791051192387,0.08246751151929617,0.09989346008202298,0.09587263142789326,0.09875876466716124,0.009201399086406171,16,19,0.003976201796416105,0.023527817488430018,True,True,True,0.0006940579172958932,COMPLETE
1721,0.3435080170631409,2025-04-14 08:41:31.252149,2025-04-14 08:41:49.535759,0 days 00:00:18.283610,0.7952399769824806,0.28816679023698044,16,0.04076691485318745,0.07009593656818787,0.08007339939566263,0.09997039123664907,0.09819197287127913,0.09877722777011509,0.008344265774783482,16,26,0.08369759563750882,0.03652453256226249,True,True,False,0.0009597319298565822,COMPLETE
1722,0.31863604784011845,2025-04-14 08:41:50.086649,2025-04-14 08:42:09.981246,0 days 00:00:19.894597,0.8499252752144117,0.3284228445507912,16,0.06096488618528451,0.07260247309807165,0.08062472622241615,0.0969641442708517,0.09998063768335852,0.09977732064359408,0.009228009800476658,17,124,0.08220100356773952,0.03844662926342486,False,True,True,0.0006357194368193537,COMPLETE
1723,0.3630118250846863,2025-04-14 08:42:10.555838,2025-04-14 08:42:29.875862,0 days 00:00:19.320024,0.7872508532483685,0.3164945586849639,16,0.05417132379448708,0.0759515956617653,0.07878722166625123,0.09814344469110668,0.09533296056595321,0.09989167668388785,0.010508890913402853,18,29,0.08646147460639196,0.027451331731792872,True,True,True,0.0008225937514178443,COMPLETE
1724,0.44134856462478644,2025-04-14 08:42:30.429337,2025-04-14 08:42:48.610047,0 days 00:00:18.180710,0.8202444610855214,0.3127434975632015,16,0.03731479932794741,0.07825673708992774,0.07811755902080429,0.0958575363420336,0.09612370050218491,0.09680927840465631,0.007778903798336498,16,21,0.08557310458206958,0.0334117205035342,True,True,True,0.0006569935345025606,COMPLETE
1725,0.38525481224060065,2025-04-14 08:42:49.186030,2025-04-14 08:43:07.714414,0 days 00:00:18.528384,0.7436237823455248,0.35517128134711873,16,0.06218542071127507,0.07561141900737493,0.07790250128978438,0.09540860564577705,0.09997952412213211,0.09993502498646795,0.01059558127008517,16,26,0.08387642791330177,0.04282281718352881,True,True,True,0.0006666988159782694,COMPLETE
1726,0.4315310239791871,2025-04-14 08:43:08.269156,2025-04-14 08:43:27.492219,0 days 00:00:19.223063,0.8197137564702868,0.3063556203103597,16,0.05680934202812853,0.06506697647405597,0.08375195014638952,0.09843233350194323,0.0942473155243384,0.09861271935416023,0.008686839946772627,17,30,0.08221622951090823,0.038794741580349776,True,True,True,0.0005472929142013706,COMPLETE
1727,0.41611264944076537,2025-04-14 08:43:28.072078,2025-04-14 08:43:46.662474,0 days 00:00:18.590396,0.8558155657517518,0.31525423432941235,16,0.05052063344622883,0.07527366580452532,0.08042874581935565,0.09995802390769887,0.09802397077195776,0.09749558625940978,0.010793407006868995,16,29,0.08580910058168918,0.032633750301941336,True,True,True,0.0006651540271683784,COMPLETE
1728,0.43231326341629034,2025-04-14 08:43:47.220227,2025-04-14 08:44:05.865436,0 days 00:00:18.645209,0.8332767154008063,0.3026275697328894,16,0.045103440458352316,0.0673251206599093,0.08081563820043508,0.09986278607241013,0.09694033145485584,0.09767694440756763,0.08384985966768793,16,25,0.08648024670415813,0.05447830210053945,True,False,True,0.0009667605643984639,COMPLETE
1729,0.376489269733429,2025-04-14 08:44:06.417804,2025-04-14 08:44:25.103705,0 days 00:00:18.685901,0.8579779928687855,0.2822960982724694,16,0.0462483289290063,0.07407275472749589,0.07681714861572903,0.09662625400729595,0.0943904481275732,0.09865453538936306,0.007656978168983602,16,31,0.08302718272176636,0.01551496565080597,True,True,True,0.0005328105122286477,COMPLETE
1730,0.37172638177871703,2025-04-14 08:44:25.681607,2025-04-14 08:44:44.655820,0 days 00:00:18.974213,0.8086712418077275,0.32772904269713965,16,0.04401679203940471,0.07819935261043007,0.0789869759788746,0.09368278924530239,0.04672003980761691,0.09774592713581817,0.009387678741937081,17,28,0.08450982859641817,0.04642445769550442,True,True,True,0.0008372142244768813,COMPLETE
1731,0.4083823323249817,2025-04-14 08:44:45.209690,2025-04-14 08:45:03.670347,0 days 00:00:18.460657,0.8163495421502359,0.2989533527975786,16,0.04267253128767304,0.07466051699192554,0.0824361018172972,0.09532843396553449,0.0953409944379852,0.0997986111711428,0.00764129194788311,16,22,0.08139460946891089,0.05221425794173285,True,True,True,0.0005634695668512513,COMPLETE
1732,0.40748807191848757,2025-04-14 08:45:04.249993,2025-04-14 08:45:23.062665,0 days 00:00:18.812672,0.8319144708092641,0.30003094912213923,16,0.03522111310005948,0.08081550452249664,0.07731643420736106,0.09995023920070858,0.09795855641427356,0.09985969326698219,0.01137176562389888,16,31,0.08685714983811701,0.06492608039618847,True,True,True,0.0005073680698673429,COMPLETE
1733,0.43661384582519536,2025-04-14 08:45:23.622138,2025-04-14 08:45:42.276988,0 days 00:00:18.654850,0.8280927787187639,0.2857668674788027,16,0.05100517893193074,0.0629973964509074,0.08642558955105352,0.09675036801936317,0.09382614593361717,0.0970361460079517,0.0073076526187302,16,27,0.08406673886091179,0.040863255217832996,True,True,True,0.0007577062842736624,COMPLETE
1734,0.2697841763496399,2025-04-14 08:45:42.854370,2025-04-14 08:46:44.821003,0 days 00:01:01.966633,0.831107771420598,0.34148865449694177,2,0.027770103242692516,0.07143058346004882,0.07903319081785465,0.09829460278902959,0.09648312187715075,0.09712563299942117,0.009526649632262312,17,30,0.08138363023139635,0.04725224478869276,True,True,True,0.0004568000597971363,COMPLETE
1735,0.3017057001590729,2025-04-14 08:46:45.377418,2025-04-14 08:47:03.229095,0 days 00:00:17.851677,0.8452614701175581,0.29453102609473664,16,0.033038668418821096,0.06716730624699663,0.07650855214459192,0.09387740780483338,0.09802551121740875,0.09688937488657061,0.008485827239783042,15,16,0.08539418562299901,0.057215111852632984,True,True,True,0.0006658916556688966,COMPLETE
1736,0.3083355009555817,2025-04-14 08:47:03.813853,2025-04-14 08:47:22.744283,0 days 00:00:18.930430,0.7890484912029689,0.31989996001517335,16,0.03995344889416739,0.06308516314639304,0.08217086262806621,0.09128768984872847,0.08280504334776143,0.09713678424577639,0.011636993014746681,17,24,0.08685950229268127,0.059356773060660006,True,True,True,0.00047412047093043123,COMPLETE
1737,0.4413878679275513,2025-04-14 08:47:23.312321,2025-04-14 08:47:41.823418,0 days 00:00:18.511097,0.8382789476082584,0.33069678808194125,16,0.030998767145251474,0.08453674826909946,0.08349181104935179,0.09672486522860933,0.0928858636983813,0.0964768314863643,0.007481389853995471,15,32,0.08251417852488081,0.06264232987058821,True,True,True,0.0006175289692471563,COMPLETE
1738,0.4266052365303039,2025-04-14 08:47:42.400901,2025-04-14 08:48:01.055156,0 days 00:00:18.654255,0.8352599795934119,0.3447472305123492,16,0.07605495684738721,0.061272826677473455,0.0768870685490596,0.09989575269846794,0.09491889952788422,0.09994352669288166,0.010172713195970583,16,27,0.08621104953781103,0.05378267122417286,True,True,True,0.0009807593909921467,COMPLETE
1739,0.3420014262199402,2025-04-14 08:48:01.614398,2025-04-14 08:48:20.048078,0 days 00:00:18.433680,0.804011948974581,0.28285888748950827,16,0.044255130769005675,0.08220172882789847,0.07801388253386664,0.09533195531069637,0.09270737778199314,0.09614873635228521,0.006794156435208722,15,34,0.08369931966497868,0.022409160502512893,True,True,True,0.00042583422213944734,COMPLETE
1740,0.37377200126647947,2025-04-14 08:48:20.627127,2025-04-14 08:48:39.410053,0 days 00:00:18.782926,0.8300358162021335,0.27536627947020964,16,0.03325378361404595,0.07017754498798708,0.0778139000738832,0.09807152100427,0.09626228934248568,0.09995064638720304,0.0096921946687571,16,29,0.08140639724227983,0.06121842143626203,True,True,True,0.00011168567382369301,COMPLETE
1741,0.2708022356033325,2025-04-14 08:48:39.971457,2025-04-14 08:48:57.396485,0 days 00:00:17.425028,0.8079789256062746,0.2910479818198551,16,0.037246460204932504,0.07494487186073326,0.0794614300656273,0.09997723217742624,0.09449359424862845,0.09815288026058669,0.008425937608333177,15,24,0.08715823335365436,0.042901527605337525,False,True,False,0.0005277132335700799,COMPLETE
1742,0.3057229518890381,2025-04-14 08:48:57.980907,2025-04-14 08:49:18.898154,0 days 00:00:20.917247,0.834696519128864,0.3032454132859784,16,0.03039817859355098,0.06647837363871685,0.0766412301802881,0.02288401919251195,0.0980460022214063,0.0961913073441903,0.011690743447358883,16,84,0.08425965054566481,0.05449137289479878,True,True,True,0.00014136420171481558,COMPLETE
1743,0.35438146591186526,2025-04-14 08:49:19.459189,2025-04-14 08:49:37.400846,0 days 00:00:17.941657,0.8226895496940047,0.3084744272438094,16,0.029994510590127803,0.08517389391521388,0.07628730746323573,0.09296219223638487,0.07677886325711307,0.09625351332315422,0.007144709924150595,14,31,0.08524537702729934,0.028235656053062205,True,True,True,0.00041080495752147044,COMPLETE
1744,0.3121222615242004,2025-04-14 08:49:37.986129,2025-04-14 08:49:56.272557,0 days 00:00:18.286428,0.7602271610973134,0.31240004488764594,16,0.0387820897588587,0.0796942870033467,0.08214973148590013,0.09533227453454728,0.09284649442539909,0.09812682075259306,0.008690714377752512,15,27,0.0808601956896761,0.04608390706393022,True,True,True,0.00019407220684709682,COMPLETE
1745,0.3600926280021668,2025-04-14 08:49:56.832819,2025-04-14 08:50:16.410576,0 days 00:00:19.577757,0.9828276084607948,0.2864937461588537,16,0.02476613171374483,0.08438055604098248,0.08045613476844474,0.09998861148836137,0.09625335564934624,0.09616755912328429,0.011882946229678741,18,34,0.08693620501800053,0.03689375770517989,True,True,True,0.0007314103776933327,COMPLETE
1746,0.1890681862831116,2025-04-14 08:50:16.993921,2025-04-14 08:50:35.144600,0 days 00:00:18.150679,0.8019033909902642,0.2717641859747985,16,0.25483092440672556,0.08388110547279493,0.0394945400595112,0.09716388833735135,0.0910836033722754,0.09773592612342864,0.006787059912456497,16,21,0.08227347904559865,0.05639997863537613,True,True,True,0.0004734069127654697,COMPLETE
1747,0.3887950420379639,2025-04-14 08:50:35.709924,2025-04-14 08:50:54.126312,0 days 00:00:18.416388,0.9999388110732488,0.2938170664669072,16,0.05040095893611178,0.07507395971489894,0.09975467226304188,0.09382209978941773,0.09793647810610205,0.09567539855933162,0.009976760134184769,15,30,0.08760471397877873,0.027194930099327823,True,True,True,6.002967047553334e-05,COMPLETE
1748,0.39846962690353394,2025-04-14 08:50:54.713282,2025-04-14 08:51:14.007757,0 days 00:00:19.294475,0.8040502035042925,0.31741291598862265,16,0.06325657822076755,0.060095903998973195,0.07588586014123817,0.09724451842224446,0.08836564026567455,0.09856360271074315,0.00772887554582811,17,33,0.08436298351327827,0.05878718308525079,True,False,True,0.0003775949723423638,COMPLETE
1749,0.36360994577407835,2025-04-14 08:51:14.572329,2025-04-14 08:51:37.173388,0 days 00:00:22.601059,0.8472178724487147,0.2654580476867729,16,0.03566296655255077,0.08179627824057843,0.07836288131449635,0.09116504513411505,0.0850137198487916,0.09579726129911677,0.0090119705073051,14,141,0.08323328313737731,0.06845744531429145,True,True,True,0.0006067697995741644,COMPLETE
1750,0.38553217649459837,2025-04-14 08:51:37.761686,2025-04-14 08:51:55.833043,0 days 00:00:18.071357,0.9806801375803147,0.29131679831673163,16,0.02580482127125564,0.08541666206144738,0.05212783226676727,0.09537189018122819,0.09999119408602627,0.0981240204150288,0.01267421286136127,15,25,0.08590366647662323,0.04899726434353572,True,True,True,0.00022343602844329195,COMPLETE
1751,0.28211063146591187,2025-04-14 08:51:56.401037,2025-04-14 08:52:15.338034,0 days 00:00:18.936997,0.6800319913858252,0.2615673701963585,16,0.15689428414333909,0.07697458573787326,0.042420948275298,0.0976564012816934,0.09470551429120627,0.09993703986599234,0.006384808458334215,16,36,0.08001024830099528,0.04066993957272537,True,True,True,0.00037958705340770016,COMPLETE
1752,0.4256987810134888,2025-04-14 08:52:15.901606,2025-04-14 08:52:34.762499,0 days 00:00:18.860893,0.8104432529953656,0.26526579831908087,16,0.04285186685474929,0.0804691070871848,0.07559359364035997,0.09445466628008134,0.09110480569145529,0.09545341626276002,0.010310346867825762,17,28,0.08769989305596851,0.05183893595428407,True,True,True,0.00017053546156640625,COMPLETE
1753,0.2806639790534973,2025-04-14 08:52:35.350643,2025-04-14 08:53:29.870447,0 days 00:00:54.519804,0.8320744637000382,0.28445038873026707,2,0.03106301800985297,0.06646606454431435,0.06583452148647492,0.09812813079830734,0.09342129564877551,0.09994446724345737,0.008644142024093962,14,32,0.08473943782625401,0.06116714272657673,True,True,True,0.00046689971785455494,COMPLETE
1754,0.279931378364563,2025-04-14 08:53:30.431423,2025-04-14 08:53:48.683153,0 days 00:00:18.251730,0.8665216918798125,0.2665050514560781,16,0.023672816744671973,0.08224620149070866,0.06344371784829728,0.09599085942010796,0.09633702643933599,0.09700541083893115,0.00678067794325695,15,29,0.08118454141507621,0.011124841044337752,True,True,True,0.000303502468642198,COMPLETE
1755,0.1888286888599396,2025-04-14 08:53:49.264459,2025-04-14 08:54:06.665202,0 days 00:00:17.400743,0.9998390351182552,0.2905429133065499,16,0.02169649226639331,0.08505525270157298,0.07845011296104255,0.09230995890438685,0.09825764332021887,0.09470454191097817,0.012028888945661533,15,11,0.08280002367148168,0.043983500715938505,True,True,True,0.0005772611325262677,COMPLETE
1756,0.3553376913070679,2025-04-14 08:54:07.251213,2025-04-14 08:54:26.078392,0 days 00:00:18.827179,0.9697524943869491,0.25487373002435726,16,0.029105028306084683,0.08765379357721492,0.07475535535815499,0.0982576626509786,0.09995923963163363,0.09785339468798443,0.010352524303714408,16,39,0.08835123463324263,0.0629426046485936,True,True,True,0.00022130138349719377,COMPLETE
1757,0.41934753656387336,2025-04-14 08:54:26.645273,2025-04-14 08:54:44.476053,0 days 00:00:17.830780,0.9697159016356031,0.31202249678876504,16,0.02012415188955642,0.07379928651777855,0.08525638623017695,0.09549953461428745,0.09220235280510172,0.09993679935158167,0.00793700784074601,14,25,0.08585281222846218,0.057056762192141994,True,True,True,0.0007719984142541193,COMPLETE
1758,0.3177701115608216,2025-04-14 08:54:45.040772,2025-04-14 08:55:03.733479,0 days 00:00:18.692707,0.9823145972412253,0.14397177199705535,16,0.03609961325366699,0.08951523185256965,0.07548298158789053,0.09396263349576552,0.089424682695195,0.09542363743365574,0.006268181921991007,16,32,0.08303980530778597,0.036456194851351736,True,True,False,7.699700581940435e-08,COMPLETE
1759,0.2959707021713257,2025-04-14 08:55:04.319814,2025-04-14 08:55:27.251702,0 days 00:00:22.931888,0.9625722399207867,0.26651020081992777,16,0.026441736793624045,0.08880473646963338,0.061077433227568444,0.09686735395163285,0.08653886675690271,0.09555415297999859,0.008599140596503461,14,147,0.08777627385258495,0.04509012667554455,True,True,True,0.00034896323898886856,COMPLETE
1760,0.3148285150527954,2025-04-14 08:55:27.818550,2025-04-14 08:55:45.519703,0 days 00:00:17.701153,0.8698593128285151,0.16089494301671506,16,0.018876346774062275,0.07946989420378102,0.07741757486025085,0.0981629363576667,0.09533442886584183,0.0979502589844672,0.012398916469312371,15,35,0.08519751734112593,0.031751650771698545,False,True,True,0.0001364280452596349,COMPLETE
1761,0.29186339378356935,2025-04-14 08:55:46.105767,2025-04-14 08:56:05.023792,0 days 00:00:18.918025,0.7905070873648326,0.23758440456729832,16,0.033927033254062,0.0716181065489677,0.06472475185913967,0.09283421912810977,0.0940149201429375,0.09529955256687883,0.007184796167684042,17,27,0.0802807427445761,0.04885547872688684,True,True,True,0.0002537018260456414,COMPLETE
1762,0.3606509566307068,2025-04-14 08:56:05.592098,2025-04-14 08:56:23.962042,0 days 00:00:18.369944,0.9808071124696361,0.24949014158744542,16,0.022711761821047498,0.05753297393129729,0.08074885949929293,0.09649988001615557,0.09667807061238204,0.09700200997211422,0.010400680464881427,15,30,0.08247754655494967,0.06102776337729698,True,True,True,9.773163427642789e-05,COMPLETE
1763,0.4343128085136414,2025-04-14 08:56:24.551347,2025-04-14 08:56:42.829839,0 days 00:00:18.278492,0.9591539980240374,0.34007844703548235,16,0.016396333881873563,0.0878194472383332,0.07338882478063131,0.09992330483243912,0.09150444087265489,0.09482631865517212,0.0088868660540431,16,22,0.08669085697966433,0.053109435764462795,True,True,True,0.00046229073726927614,COMPLETE
1764,0.36765862703323365,2025-04-14 08:56:43.396727,2025-04-14 08:57:01.676875,0 days 00:00:18.280148,0.981377505470777,0.1731389690615203,16,0.05324718252137686,0.07784814857623974,0.07722509223846519,0.0947526504836542,0.09354901439826635,0.09801504749939771,0.006043883272211748,15,35,0.08444689466491116,0.06096392042232142,True,True,True,0.0009960618099352791,COMPLETE
1765,0.19790526032447817,2025-04-14 08:57:02.265336,2025-04-14 08:57:19.679555,0 days 00:00:17.414219,0.9992203478571051,0.23805447999869125,16,0.22812003614276866,0.0918452480768864,0.06759129797823787,0.09111017146500477,0.0895183484600549,0.0965331266522694,0.007583864091746654,14,18,0.0884152912133416,0.05377563722891912,True,False,True,0.0005552803872532731,COMPLETE
