number,value,datetime_start,datetime_complete,duration,params_alpha-eval,params_alpha-train,params_batch-size,params_eps-eval,params_eps-train,params_lambda-actions-eval,params_lambda-actions-train,params_lambda-frames-eval,params_lambda-frames-train,params_learning-rate,params_n-epochs,params_n-frames,params_radius-gw,params_rho,params_std-feats,params_ub-actions,params_ub-frames,params_weight-decay,state
626,0.3221705198287964,2025-04-15 22:50:03.468605,2025-04-15 22:50:27.646062,0 days 00:00:24.177457,0.35119952484328276,0.19541352356462682,8,0.02090723054094689,0.2888840844162517,0.05811237947807174,0.010174854094196772,0.09228021666641849,0.043094914403826866,0.001724900286031832,15,45,0.04923028501994206,0.17962457030235723,True,False,True,3.456798678718605e-05,COMPLETE
627,0.16945049762725833,2025-04-15 22:50:27.844596,2025-04-15 22:50:52.923932,0 days 00:00:25.079336,0.4324617710466245,0.39044698809397815,8,0.1248253628643691,0.27151876754818033,0.06456691158122317,0.05193210369708929,0.0896296119515319,0.049576603007080146,0.0011155573234944555,17,41,0.05210895400798962,0.0031428955815618054,True,False,True,8.061037273353449e-06,COMPLETE
628,0.26691599488258366,2025-04-15 22:50:53.130974,2025-04-15 22:51:29.371566,0 days 00:00:36.240592,0.49494555565668985,0.7621959217495214,8,0.22768748096191577,0.2610582011546538,0.062187376621580956,0.011832489110076339,0.08615382097195101,0.044397091949489334,0.0012566477688281653,25,59,0.047697299383622015,0.212208320001696,True,False,False,0.0008246087453398772,COMPLETE
629,0.3445390462875366,2025-04-15 22:51:29.567601,2025-04-15 22:51:54.803574,0 days 00:00:25.235973,0.38903714601080824,0.7303884999555822,8,0.05248354119693795,0.281709452173856,0.05966173799052008,0.018137528462273095,0.0944765434001748,0.05277453979460949,0.001836459990918592,16,53,0.05252751413447972,0.19068610659342536,True,False,True,0.00012839574023152452,COMPLETE
630,0.1888286888599396,2025-04-15 22:51:55.011904,2025-04-15 22:52:13.556186,0 days 00:00:18.544282,0.4181721512830473,0.108221682968982,8,0.027882648674436544,0.2896577524885134,0.07004967265077008,0.03732912927104298,0.08076341945249808,0.050250916359053904,0.011087240566154394,8,38,0.050374613373326216,0.22964014312052616,True,True,True,0.00016626293413333422,COMPLETE
631,0.39839848279953005,2025-04-15 22:52:13.755007,2025-04-15 22:52:37.496448,0 days 00:00:23.741441,0.3661741904977853,0.17180350672400393,8,0.037417665439567996,0.27474042268842325,0.05570070848914864,0.006931985469680696,0.04988091279831519,0.05387515251614398,0.0022076545695268457,15,43,0.045494250921420475,0.2546746540297359,True,False,True,2.2427284407019376e-05,COMPLETE
632,0.3739208698272705,2025-04-15 22:52:37.705306,2025-04-15 22:52:57.201472,0 days 00:00:19.496166,0.46320244193209037,0.7181424991302514,16,0.017476628822324425,0.2657283851655529,0.0683098870903733,0.05687207462563228,0.09810253760921749,0.04622509123462297,0.000870769783120359,18,29,0.05364504182501489,0.1557224897709338,True,False,True,5.741614503492255e-05,COMPLETE
633,0.4011415481567383,2025-04-15 22:52:57.397584,2025-04-15 22:53:18.186263,0 days 00:00:20.788679,0.40097433740414323,0.23479528694776694,16,0.04193226611619294,0.28044525792219555,0.062086227758802924,0.004064920372127288,0.09086483767065501,0.04863222065473426,0.0013796704711916223,19,46,0.05130725978929533,0.18443671521396346,True,False,True,4.8169219258829414e-06,COMPLETE
634,0.29000359773635864,2025-04-15 22:53:18.396448,2025-04-15 22:53:37.312574,0 days 00:00:18.916126,0.33752516765690643,0.7597905873650448,16,0.033323191469595406,0.29429356890779373,0.05773776093481096,0.0010333068425164285,0.09648372665899137,0.05221339049025271,0.019433652001675402,16,34,0.048853028181843804,0.15100434842864832,True,False,True,2.797447490334679e-06,COMPLETE
635,0.1702275335788727,2025-04-15 22:53:37.509332,2025-04-15 22:53:56.991315,0 days 00:00:19.481983,0.3847807869297779,0.30578459671036606,8,0.11509847645315018,0.26836161936126607,0.06439505102742946,0.009236443308425962,0.08843213454460508,0.05649792663139329,0.0024911913309245875,9,41,0.05405570618657581,0.16338294573047313,True,False,True,0.0002100768845817702,COMPLETE
636,0.4107714653015137,2025-04-15 22:53:57.200896,2025-04-15 22:54:16.521065,0 days 00:00:19.320169,0.42943224376549505,0.7369014799328477,16,0.026423570623341653,0.2607483063751046,0.05994845432827082,0.0063099110291783556,0.09311524513525513,0.038758646075323706,0.0017391220572498197,15,50,0.05581795935623395,0.18145337909789033,True,False,True,1.8476224639706976e-05,COMPLETE
637,0.402333128452301,2025-04-15 22:54:16.721267,2025-04-15 22:54:35.801885,0 days 00:00:19.080618,0.4060295269970145,0.3538937976072376,16,0.03095520150944177,0.19498197044269922,0.04635200012733108,0.002976480414973559,0.08383413128852722,0.03705900986734605,0.002187002166132109,16,38,0.05226817024610967,0.1745319532452187,True,False,True,0.0006664474600981796,COMPLETE
638,0.1576149344444275,2025-04-15 22:54:36.012386,2025-04-15 22:55:41.815567,0 days 00:01:05.803181,0.44568773778193915,0.6763401917419954,2,0.1639503883973324,0.2851680890281588,0.06652609170719359,0.008807559636505915,0.08648400951403039,0.054936355782630314,0.001302886143836976,17,117,0.050752755444924226,0.21955850010643765,True,False,True,6.184900136354819e-05,COMPLETE
639,0.38188745975494387,2025-04-15 22:55:42.015554,2025-04-15 22:56:01.117711,0 days 00:00:19.102157,0.3668918462075884,0.7000164035284939,16,0.044090777197400406,0.23794076436830613,0.06146085494939102,0.035370379102113374,0.0026469761011615398,0.05756514107728658,0.001656476191818274,15,45,0.058537693251400846,0.15782537395526203,True,False,True,0.000510284845637266,COMPLETE
640,0.3205644845962524,2025-04-15 22:56:01.328665,2025-04-15 22:56:19.992791,0 days 00:00:18.664126,0.3470130191729616,0.21136805128977465,16,0.021064939341018694,0.2678451731554224,0.0549427058645864,0.00508049408295896,0.09121347503271698,0.05149522805059767,0.009250641433666414,14,48,0.04663453645483393,0.16683645951815373,True,False,True,0.0003082386793116775,COMPLETE
641,0.41203794479370115,2025-04-15 22:56:20.191214,2025-04-15 22:56:37.850820,0 days 00:00:17.659606,0.3864450407244514,0.15211708183985553,16,0.03575880419394192,0.2781361562738977,0.06406225682799067,0.011985872559219988,0.09553696804568716,0.053995548611668887,0.014726223447553817,11,56,0.05513682825248028,0.20288860568957454,True,False,True,0.0003813640173158014,COMPLETE
642,0.3316860318183899,2025-04-15 22:56:38.061794,2025-04-15 22:56:58.135429,0 days 00:00:20.073635,0.4190373715527524,0.4467166145189601,16,0.025695240764934013,0.273979290008888,0.05895422584240821,0.007059113252599236,0.08895907844468691,0.06002100077970333,0.0020327444502637256,18,43,0.053075529869296485,0.1770944046258324,True,False,True,0.0007806213492207038,COMPLETE
643,0.27883445620536806,2025-04-15 22:56:58.337543,2025-04-15 22:57:21.325167,0 days 00:00:22.987624,0.3707884408657499,0.18830398714175994,8,0.008042771514825523,0.2554911316428538,0.05747835552934415,0.016157530888613967,0.0939057992709299,0.047452811565184966,0.006228020814492091,15,11,0.04870537804945979,0.17147334561840444,False,False,True,0.0005722622029938668,COMPLETE
644,0.40447952747344973,2025-04-15 22:57:21.535616,2025-04-15 22:57:40.249853,0 days 00:00:18.714237,0.7061421191398396,0.6314179663070513,16,0.014690634452769444,0.28630521055413194,0.061706281896757205,0.08294067221330734,0.08746257442276754,0.06429771596442434,0.0025965986980103846,16,35,0.05677312552970762,0.18434679924125622,True,False,True,1.2402995901262606e-05,COMPLETE
645,0.16163503527641299,2025-04-15 22:57:40.456322,2025-04-15 22:57:55.998626,0 days 00:00:15.542304,0.3988566381766355,0.42087950587256745,16,0.26515990946826185,0.29453405072009214,0.060077332456879365,0.0027470886659055147,0.08206222752869997,0.05589525391403421,0.0015228951533422562,7,50,0.042108921338370436,0.16089753349908886,True,False,True,0.0002732231656360568,COMPLETE
646,0.3225553095340729,2025-04-15 22:57:56.214455,2025-04-15 22:58:15.351918,0 days 00:00:19.137463,0.440911222969203,0.761242524945801,16,0.02968199344939871,0.2616085661644317,0.0656201647571203,0.020376097261010088,0.08461205485651205,0.05045145367593488,0.0010142486603666157,16,39,0.06127347465091977,0.19209166654276633,True,False,True,0.0004590381941077303,COMPLETE
647,0.2835612893104553,2025-04-15 22:58:15.565121,2025-04-15 22:58:36.857909,0 days 00:00:21.292788,0.4211819685059423,0.7868012037987485,16,0.037695093321256465,0.2734156992178717,0.06352738361093893,0.0010710546959777929,0.0918183802963256,0.05813034441360803,0.0018545134867383216,15,52,0.05051826698854976,0.15494359296638702,True,False,False,0.000653975085677228,COMPLETE
648,0.3660518527030945,2025-04-15 22:58:37.060660,2025-04-15 22:58:56.264596,0 days 00:00:19.203936,0.3848241327761317,0.7372543064084105,16,0.022162878035773114,0.13563247895407882,0.056760566239670907,0.004564041170697344,0.09752165537796526,0.05355616514157466,0.008202135321807883,17,32,0.09603679280925631,0.16660052158592506,True,False,True,0.00037420866034725166,COMPLETE
649,0.27914583683013916,2025-04-15 22:58:56.480295,2025-04-15 22:59:14.865989,0 days 00:00:18.385694,0.36144929092635597,0.7084315758668777,16,0.05006585157615152,0.2519742382951796,0.044569801597727145,0.010097684368342684,0.08944335052511286,0.061446980001575766,0.003014214132834134,14,41,0.054464557851344436,0.14716299825040252,True,True,True,0.0005319825848334794,COMPLETE
650,0.4090544104576111,2025-04-15 22:59:15.068568,2025-04-15 22:59:34.449328,0 days 00:00:19.380760,0.46113932770443317,0.2604145523324106,16,0.03219999145597234,0.2824479641899532,0.07245824313718317,0.008129483750305208,0.09324544394265241,0.055639121501720845,0.002296994291502827,15,46,0.05769915990022904,0.17762680511171197,True,False,True,9.500698597498538e-06,COMPLETE
651,0.3939595341682434,2025-04-15 22:59:34.663938,2025-04-15 22:59:59.419488,0 days 00:00:24.755550,0.4043591322617379,0.6519780784229621,8,0.04410951384178581,0.24400601876927042,0.05393148674000193,0.005823404736092554,0.08538406645475005,0.05868574215523365,2.360712665261455e-05,16,48,0.05256452658433633,0.17006889357894692,True,False,True,5.884447625534453e-06,COMPLETE
652,0.4143608331680298,2025-04-15 22:59:59.622453,2025-04-15 23:00:19.337390,0 days 00:00:19.714937,0.3339775022426475,0.1797374104420013,16,0.025087657490516144,0.289822954995746,0.06165136080537551,0.0534054769579036,0.09530346365547776,0.05196522696701025,0.0007552376377276638,17,43,0.05536038784224224,0.16012700941068975,True,False,True,0.0008337844229931275,COMPLETE
653,0.3084898054599762,2025-04-15 23:00:19.555039,2025-04-15 23:00:39.774934,0 days 00:00:20.219895,0.33242699706648304,0.20423448859237903,16,0.013965458204830139,0.2910273260658987,0.06313678650993744,0.0536497521731742,0.09586828609034036,0.04905683831760771,0.00038615516429299875,18,43,0.06011302407830249,0.14946016144593022,True,False,True,0.0003008072179581506,COMPLETE
654,0.3190186619758606,2025-04-15 23:00:39.977387,2025-04-15 23:00:59.550313,0 days 00:00:19.572926,0.32953569641633684,0.18170836481750233,16,0.019191534380228886,0.29395483746080464,0.06672490899850882,0.05302662463307436,0.09912517249672237,0.051723233843811285,0.0008874774579306181,17,39,0.056697971473460264,0.15455814504480497,True,False,True,0.00021991110829488544,COMPLETE
655,0.38699231147766117,2025-04-15 23:00:59.769454,2025-04-15 23:01:19.634787,0 days 00:00:19.865333,0.3445412074058396,0.18706350506450503,16,0.024523682104246627,0.286686647216152,0.08246476892791607,0.055644219341849925,0.09516018276954472,0.05220722357386366,0.01185798097680337,17,44,0.05854702803192822,0.1608388456633281,True,False,True,0.0004419536935625852,COMPLETE
656,0.32809799909591675,2025-04-15 23:01:19.840085,2025-04-15 23:01:39.150311,0 days 00:00:19.310226,0.36448818629683755,0.21189553426948451,16,0.018009036248469605,0.2945770510209766,0.0652879013282917,0.04893428801511711,0.09993900686681037,0.049478949346352455,0.000593221315833042,17,36,0.055285261179457784,0.14314289600635108,True,False,True,0.0006547019645518679,COMPLETE
657,0.32377707958221436,2025-04-15 23:01:39.367222,2025-04-15 23:01:59.362950,0 days 00:00:19.995728,0.350536457330905,0.2302801030878033,16,0.025897245473011893,0.2889314695177212,0.062341879499240464,0.013684126604566627,0.09696436731966701,0.04501027825578806,0.000681490703847429,18,41,0.05543343843097594,0.15630257308626078,True,False,True,4.262587523618122e-05,COMPLETE
658,0.28435286283493044,2025-04-15 23:01:59.567515,2025-04-15 23:02:19.850601,0 days 00:00:20.283086,0.37523885074526225,0.7739154037966783,16,0.009878363977763205,0.15205780499499946,0.06138853909604082,0.050715104083294126,0.09365854601806244,0.05406347544527977,0.0008543522616842851,18,45,0.05075529688570218,0.1994660103985384,True,False,True,0.0004953638456061158,COMPLETE
659,0.4083306074142456,2025-04-15 23:02:20.068878,2025-04-15 23:02:39.732654,0 days 00:00:19.663776,0.3341574342627844,0.16689351470960667,16,0.027308038297027555,0.28079002859055696,0.06830884653865861,0.010476900924740276,0.09112483895793293,0.04669593474401931,0.0006395645218661679,17,41,0.052957589599817285,0.1613923217806113,True,False,True,3.121110216664695e-05,COMPLETE
660,0.1988924562931061,2025-04-15 23:02:39.941035,2025-04-15 23:02:59.030625,0 days 00:00:19.089590,0.3546941181593219,0.7436178406672235,16,0.0974412498724044,0.29896835367918895,0.048251876625733374,0.04986009687160061,0.025077899257668738,0.05090450715404935,0.0005651177874164036,16,38,0.04776224268338894,0.15231472865367623,True,False,True,0.00036657417719209145,COMPLETE
661,0.41783872842788694,2025-04-15 23:02:59.247154,2025-04-15 23:03:18.891295,0 days 00:00:19.644141,0.3877997931631106,0.7212789193429728,16,0.03636267295672504,0.013523047550539624,0.06435139141137723,0.051658312770159975,0.09490867789967151,0.052665037934581514,0.0054520986154075225,17,43,0.05772341200601659,0.1361713100777044,True,False,True,0.0002638004613690199,COMPLETE
662,0.41404640674591064,2025-04-15 23:03:19.096706,2025-04-15 23:03:38.863136,0 days 00:00:19.766430,0.39338306366737924,0.7276669461312323,16,0.03971212909919148,0.021355096908327806,0.0658557341419593,0.05239614935295195,0.09653205000823747,0.05384967610323298,0.006443133685204782,18,36,0.06196958009556722,0.13734663044546286,True,False,True,0.00014565503279723085,COMPLETE
663,0.297594690322876,2025-04-15 23:03:39.080020,2025-04-15 23:03:58.280176,0 days 00:00:19.200156,0.42309033483398856,0.7280911327140615,16,0.06731365245034411,0.011657721235262448,0.0661233670417299,0.05193602168393927,0.0986884799641642,0.055366426859246934,0.0050089551373810465,19,34,0.06546824270630182,0.13229248074838867,False,False,True,0.00016421504866960955,COMPLETE
664,0.3160103917121887,2025-04-15 23:03:58.489494,2025-04-15 23:04:18.174848,0 days 00:00:19.685354,0.40203042169526443,0.7168033799695215,16,0.049553511631467276,0.28915179727555995,0.06914474795163156,0.05502487640683466,0.09713338192033438,0.053478578840577905,0.004251051331871885,18,32,0.06255570215020173,0.12961202431724378,True,False,True,0.00021539449661497795,COMPLETE
665,0.4040831804275513,2025-04-15 23:04:18.396226,2025-04-15 23:04:38.216659,0 days 00:00:19.820433,0.38918853135865894,0.7508125311430837,16,0.04439201210454929,0.014121743046654962,0.07089673559560579,0.05352888776230954,0.09622033599962505,0.054866266920382,0.0043781225649497275,19,29,0.0647500210491824,0.13790242453866675,True,False,True,0.00020858691206638056,COMPLETE
666,0.3580356597900391,2025-04-15 23:04:38.438089,2025-04-15 23:05:07.602082,0 days 00:00:29.163993,0.43672597601863217,0.7111337002532528,16,0.04020011876886747,0.08446872925688356,0.06790257960267851,0.051618704218387435,0.09526075347402176,0.056831991708430604,0.005910711940882331,18,144,0.058926285622368096,0.1290840812822211,True,False,True,0.0001689155563039942,COMPLETE
667,0.2789440989494324,2025-04-15 23:05:07.811123,2025-04-15 23:05:27.497937,0 days 00:00:19.686814,0.41036408693330845,0.20345903839689977,16,0.05314063236134521,0.025226879317066214,0.06531276989589972,0.05486458475990383,0.09789867192690359,0.053082982370478725,0.005702364519749601,18,35,0.06198094778527555,0.14174651896971513,True,False,True,0.00013393108279088092,COMPLETE
668,0.1888286888599396,2025-04-15 23:05:27.719225,2025-04-15 23:05:49.360930,0 days 00:00:21.641705,0.38283237646109014,0.7285999858920258,16,0.03808690310999209,0.01656187753861137,0.06926684453571473,0.05243818204262152,0.09453651630530388,0.056127716749452466,0.005321310290393699,18,37,0.06175195044143897,0.14088866224943325,True,False,False,0.0002044855593823194,COMPLETE
669,0.26690229773521423,2025-04-15 23:05:49.567123,2025-04-15 23:06:09.261137,0 days 00:00:19.694014,0.4067024345885007,0.17138381047235188,16,0.04544760105352752,0.01899078066550953,0.0670513484879617,0.05876908568943225,0.09654185176239521,0.05423698513512169,0.005640752405259001,17,39,0.06261412314251297,0.12403827403089512,True,False,True,0.0002513759589096499,COMPLETE
670,0.3871329784393311,2025-04-15 23:06:09.481793,2025-04-15 23:06:29.103763,0 days 00:00:19.621970,0.4249283442842185,0.6949202844146134,16,0.036298442339546405,0.11768990271612774,0.06408813431030218,0.04905160056077968,0.09834272191272372,0.05684997989679716,0.008174890234624053,18,32,0.06023041235294685,0.11367636063722275,True,False,True,0.00011707540480909712,COMPLETE
671,0.31483418941497804,2025-04-15 23:06:29.315199,2025-04-15 23:06:49.835543,0 days 00:00:20.520344,0.3893560730779983,0.7549285191731606,16,0.04032019912284385,0.29934793354644557,0.06457337257499962,0.05148774127983488,0.09450881713733571,0.05223115250160996,0.005226795921304554,19,36,0.05940772792578882,0.13860705416646896,True,True,True,0.0001495036606307116,COMPLETE
672,0.2642747700214386,2025-04-15 23:06:50.059110,2025-04-15 23:07:58.115176,0 days 00:01:08.056066,0.44815341119018476,0.7719875674971048,2,0.03411877253599587,0.005459291876372964,0.06692186664523238,0.05631914857577941,0.0931492118134037,0.05547719871496818,0.0076888698548292535,19,41,0.060177502734583097,0.13364605228658388,True,False,True,0.0001062770299412681,COMPLETE
673,0.3810964703559876,2025-04-15 23:07:58.327395,2025-04-15 23:08:17.755944,0 days 00:00:19.428549,0.8382590798825924,0.7362582605133844,16,0.035078496764496904,0.10363413654838152,0.0634797087873929,0.04741645405885013,0.09604722171845013,0.0585351829982089,0.006710416921763023,17,38,0.06749708330393968,0.1233489378928732,True,False,True,0.00020664355836803592,COMPLETE
674,0.2940653085708618,2025-04-15 23:08:17.977345,2025-04-15 23:08:37.883348,0 days 00:00:19.906003,0.3702374770709845,0.22854411904317645,16,0.061414420510687004,0.011876183692795306,0.08651595588158838,0.0547945984160687,0.09790324188002551,0.05303336014578046,0.007192655527495822,17,42,0.05744290469588866,0.13655650003821745,True,False,True,0.00018943440747500666,COMPLETE
675,0.36737277507781985,2025-04-15 23:08:38.096790,2025-04-15 23:08:58.023022,0 days 00:00:19.926232,0.4820542134057527,0.8096221155451482,16,0.04575062510210999,0.007135327081181323,0.06607960810994222,0.05317255320657487,0.0933850187781512,0.057091592332412996,0.006459569255659196,18,35,0.06385874015434119,0.1369549412848365,True,False,True,0.00012719589672115965,COMPLETE
676,0.4156116843223572,2025-04-15 23:08:58.244228,2025-04-15 23:09:17.742932,0 days 00:00:19.498704,0.40225861757975845,0.8321987114692643,16,0.030879885110445378,0.021368870474585716,0.06391842365866277,0.0568919363604341,0.09593264287151944,0.05427096164632603,0.003471014357710639,17,39,0.05804273998542356,0.1434869090706543,True,False,True,8.38327736631041e-05,COMPLETE
677,0.2526710689067841,2025-04-15 23:09:17.953267,2025-04-15 23:09:39.864597,0 days 00:00:21.911330,0.39890364096186515,0.32375509804471797,16,0.18950714919278255,0.032553462025134025,0.06455383804697191,0.05876939358609439,0.09980229806549085,0.051255736815073116,0.0036699937415694554,17,73,0.06177131552510295,0.13430639608677625,True,False,True,0.00013255226341903856,COMPLETE
678,0.23632532358169556,2025-04-15 23:09:40.085434,2025-04-15 23:10:00.275024,0 days 00:00:20.189590,0.42522600696906504,0.19612740221508582,16,0.05589508089260226,0.03451502039925286,0.0017617887193435988,0.05680633235410002,0.09499638505556138,0.053680710100072915,0.004573594122956563,18,43,0.059780737797330424,0.1437562845768515,True,False,True,0.00015094521406365944,COMPLETE
679,0.3557412981987,2025-04-15 23:10:00.499095,2025-04-15 23:10:20.080173,0 days 00:00:19.581078,0.37710066363036876,0.8264454917004851,16,0.04023230698986301,0.2998359964428099,0.06851538683585459,0.06046868653064135,0.09650774741125723,0.05462358633837036,0.003584839175318384,17,39,0.059001554345789235,0.13856037616450215,True,False,True,5.1026299955591726e-05,COMPLETE
680,0.22514693140983583,2025-04-15 23:10:20.291887,2025-04-15 23:10:39.869569,0 days 00:00:19.577682,0.40980536262700257,0.17797101539048799,16,0.03246046356272543,0.02462426131288144,0.06274248193381349,0.05742442932861172,0.09807516933739839,0.0510473317462996,0.0032319388677273077,17,36,0.06395924268881933,0.12886790229462647,True,False,True,0.00014213006054172227,COMPLETE
681,0.2839246928691864,2025-04-15 23:10:40.095442,2025-04-15 23:10:59.663211,0 days 00:00:19.567769,0.35520494596902996,0.7027458945929675,16,0.02441699295574161,0.014879614189905133,0.06532512608372128,0.0533625183582199,0.0951225717874042,0.05255707381373985,0.004132772930710415,17,43,0.057577630730943664,0.1179940615665766,True,False,True,9.101648947224444e-05,COMPLETE
682,0.2687108337879181,2025-04-15 23:10:59.874378,2025-04-15 23:11:20.090218,0 days 00:00:20.215840,0.44435111659505544,0.2668701989871799,16,0.030845074370687012,0.022580304307566613,0.06152042485260972,0.04941375230646584,0.0966917019813899,0.05531864328952249,0.00327275296259854,20,31,0.060894887243722017,0.12633937330675354,True,False,True,6.930651971055141e-05,COMPLETE
