number,value,datetime_start,datetime_complete,duration,params_alpha-eval,params_alpha-train,params_batch-size,params_eps-eval,params_eps-train,params_lambda-actions-eval,params_lambda-actions-train,params_lambda-frames-eval,params_lambda-frames-train,params_learning-rate,params_n-epochs,params_n-frames,params_radius-gw,params_rho,params_std-feats,params_ub-actions,params_ub-frames,params_weight-decay,state
1652,0.31240825653076176,2025-04-16 05:57:44.104238,2025-04-16 05:58:08.677450,0 days 00:00:24.573212,0.549504944988903,0.3230908562858318,8,0.0651739392166919,0.16976691529014962,0.08518531147338476,0.035709439243080385,0.09691850933757953,0.09999758915401905,0.00392896405819191,17,17,0.04889468623442881,0.24073293369702384,True,False,True,0.00013415553166354645,COMPLETE
1653,0.3721094489097595,2025-04-16 05:58:09.207370,2025-04-16 05:58:35.358256,0 days 00:00:26.150886,0.7857000779809236,0.25335763735251926,8,0.08358873161731176,0.14691125625883972,0.0896294771785694,0.03957041526512686,0.09808240210604025,0.09025786233598868,0.004759410123809245,18,28,0.04448422706994476,0.2577956090931222,True,True,True,6.029859721004722e-05,COMPLETE
1654,0.28471195697784424,2025-04-16 05:58:35.909912,2025-04-16 05:59:00.184660,0 days 00:00:24.274748,0.5984035032820064,0.29378148906471135,8,0.07667541323689996,0.15238622417160555,0.09232755298145993,0.04159314436601567,0.09485042790429384,0.09587801582260053,0.005873018853835766,16,21,0.04715110425061031,0.27347059117628997,True,False,True,9.699101377475043e-05,COMPLETE
1655,0.3954679608345032,2025-04-16 05:59:00.719282,2025-04-16 05:59:25.522125,0 days 00:00:24.802843,0.5667459465068344,0.30666776493426695,8,0.06075015319711086,0.1339445623632744,0.08349755052934087,0.037416635332852506,0.09995235226797808,0.09414290245394233,0.003434821946657942,17,25,0.04933889435322468,0.2538516473802863,True,False,True,0.00013860632864642834,COMPLETE
1656,0.37419847249984745,2025-04-16 05:59:26.076816,2025-04-16 05:59:49.528235,0 days 00:00:23.451419,0.5325585227406503,0.32646017962845914,8,0.0921397534638567,0.16174904639012577,0.08752592831799468,0.04752461657189089,0.09662172084577998,0.09201553860697803,0.004208779593480366,15,29,0.043304711743181006,0.23133980966098827,True,False,True,7.34533496466982e-05,COMPLETE
1657,0.43001978397369384,2025-04-16 05:59:50.059819,2025-04-16 06:00:15.236604,0 days 00:00:25.176785,0.5493788199586208,0.2730056658691847,8,0.07121574518260543,0.1571884024892817,0.08156326385646138,0.0343499981270923,0.0999559627175609,0.09817116841676188,0.006872116265084689,18,22,0.045869853759994084,0.2217152538013329,True,False,True,0.00010863919422116247,COMPLETE
1658,0.3263452410697937,2025-04-16 06:00:15.767519,2025-04-16 06:00:41.152721,0 days 00:00:25.385202,0.6235479780709214,0.24932939404752205,8,0.06601284413465268,0.16879342068630024,0.08168201390779606,0.03182686205848254,0.0981594647995035,0.09832011519106001,0.007082320990128101,18,16,0.0487973182547794,0.22177921711555865,True,False,True,0.00012798519040797764,COMPLETE
1659,0.33482720851898196,2025-04-16 06:00:41.709218,2025-04-16 06:01:06.495198,0 days 00:00:24.785980,0.5892624203821523,0.2636546859724744,8,0.06003609495139688,0.1645015782291639,0.08159652849006495,0.03387020133575657,0.09846305866146365,0.09991212254558059,0.007110710566171682,18,11,0.04677919610100492,0.21883177774243207,True,False,True,0.0001414800103411196,COMPLETE
1660,0.3023481011390686,2025-04-16 06:01:07.027111,2025-04-16 06:01:32.765311,0 days 00:00:25.738200,0.5649303253595515,0.27158915113112214,8,0.07045079007269067,0.1745603588740498,0.08157620960866922,0.03238317773037847,0.09831581919112453,0.09812719898661319,0.007176518337872739,18,19,0.048917249193388704,0.2243240175843088,True,False,True,0.00011120635313226985,COMPLETE
1661,0.3090212345123291,2025-04-16 06:01:33.322135,2025-04-16 06:01:58.778156,0 days 00:00:25.456021,0.5515330839837526,0.34718819874755696,8,0.0663430294358828,0.15748504420317316,0.08021793688612204,0.03292373827666474,0.0998413360965363,0.0970267680422905,0.006613249335344389,18,21,0.045523739651854946,0.22715457666111066,True,False,True,8.613580797597504e-05,COMPLETE
1662,0.40945019721984866,2025-04-16 06:01:59.318719,2025-04-16 06:02:24.405691,0 days 00:00:25.086972,0.580841933977808,0.29106074974733653,8,0.05940128397175059,0.15725425772046095,0.0832902803041586,0.03445125872551635,0.0999889040571538,0.0980665891471455,0.006158893350345446,18,22,0.047164570201141426,0.23174439699865185,True,False,True,0.0001388445752428746,COMPLETE
1663,0.30040576457977297,2025-04-16 06:02:24.947139,2025-04-16 06:02:50.256731,0 days 00:00:25.309592,0.6077677151747785,0.27221994704347063,8,0.07227923133846852,0.1641455880168661,0.08058034563446771,0.03587713130168907,0.09678768912315393,0.0959817493128671,0.007284892690560192,18,18,0.049496298279224527,0.2374749177161777,True,False,True,0.00011301951698720281,COMPLETE
1664,0.38942005634307864,2025-04-16 06:02:50.807533,2025-04-16 06:03:16.169301,0 days 00:00:25.361768,0.512469135809994,0.31327680748290543,8,0.06990924291073762,0.17206939104879498,0.08370915516836311,0.03410479450752113,0.026607423590240504,0.09696820145976948,0.005958265128490529,18,26,0.045389043193799335,0.24342481642077357,True,False,True,4.563329218631398e-05,COMPLETE
1665,0.32517873048782353,2025-04-16 06:03:16.704499,2025-04-16 06:03:42.125818,0 days 00:00:25.421319,0.5481732730977292,0.2458564629752215,8,0.06533801676699473,0.15439629406590272,0.08004749850847816,0.030920505681689435,0.09524699958686493,0.09556328798372651,0.005276113530127161,17,98,0.04770541578699322,0.2233114752066992,False,False,True,7.00849113116514e-05,COMPLETE
1666,0.29460853338241577,2025-04-16 06:03:42.677432,2025-04-16 06:04:07.371129,0 days 00:00:24.693697,0.5720831661923895,0.3484449902121691,8,0.07315976217899153,0.1617509386678348,0.08259892707130974,0.03564311187240084,0.09812964903844641,0.0985019046147347,0.007195623635662801,17,15,0.04555645975578259,0.2323368997867448,True,False,True,9.072699410880448e-05,COMPLETE
1667,0.41059705018997195,2025-04-16 06:04:07.908816,2025-04-16 06:04:33.581252,0 days 00:00:25.672436,0.529008037515989,0.3004408636196092,8,0.05893055621728129,0.14198952588775285,0.08522495181690201,0.03732643561831203,0.0965975730314815,0.09832390666483116,0.0056430637146987666,18,23,0.04932039954211822,0.23866351164586644,True,False,True,0.00010660912260495189,COMPLETE
1668,0.27409455776214603,2025-04-16 06:04:34.144928,2025-04-16 06:04:58.061991,0 days 00:00:23.917063,0.5156458248549838,0.3282280526221407,8,0.07779972205746674,0.14982186261194505,0.08184155113053364,0.044793287210483756,0.0999586346688256,0.09576822099193812,0.00519612141045789,16,20,0.047389168610380124,0.2290130625703555,True,False,True,0.0001431175914870346,COMPLETE
1669,0.42703492641448976,2025-04-16 06:04:58.597829,2025-04-16 06:05:24.318492,0 days 00:00:25.720663,0.5538310115252327,0.2662015601109453,8,0.06482196050267597,0.16652198626845588,0.08623825658676393,0.03173535341557023,0.09503400253162857,0.09999039760209133,0.006996804373578518,18,27,0.04434407571880212,0.2179625209001493,True,False,True,7.184774857002216e-05,COMPLETE
1670,0.4114630222320557,2025-04-16 06:05:24.853328,2025-04-16 06:05:50.395638,0 days 00:00:25.542310,0.5526153710735876,0.2500152608848668,8,0.06362058671258491,0.17056447363065222,0.08842576353033633,0.03095956879766973,0.09511185984336239,0.09928442277367805,0.006264636407856407,18,25,0.041378835231521215,0.22653933167299029,True,False,True,4.892848215165145e-05,COMPLETE
1671,0.2895924210548401,2025-04-16 06:05:50.951286,2025-04-16 06:06:16.498256,0 days 00:00:25.546970,0.5293787274225671,0.24867303918233868,8,0.06930423680987353,0.17574470241780044,0.09030585369563866,0.03102964699115763,0.0999189073354266,0.09964639202002365,0.006684579525070109,18,21,0.043488519086515326,0.21949268764509958,True,False,True,4.023732764507207e-05,COMPLETE
1672,0.3540835022926331,2025-04-16 06:06:17.031745,2025-04-16 06:06:42.476714,0 days 00:00:25.444969,0.5942935925156324,0.26149631304179316,8,0.06007599754073713,0.16728613278759008,0.08640741254424254,0.032830378047427874,0.09710645521417625,0.09977450055508362,0.007320466868026091,18,28,0.04514734916602714,0.21859146422353654,True,True,False,5.350332828891608e-05,COMPLETE
1673,0.3006700158119202,2025-04-16 06:06:43.040682,2025-04-16 06:07:08.481295,0 days 00:00:25.440613,0.5721849016507745,0.27005409810055125,8,0.06566547662251691,0.16321038413558833,0.09341680787198874,0.03141366897992747,0.0551432670640149,0.09995058660528296,0.006349277025334442,18,18,0.03872444543853911,0.22350200187341848,True,False,True,5.969759976837429e-05,COMPLETE
1674,0.43592673540115356,2025-04-16 06:07:09.019159,2025-04-16 06:07:34.556443,0 days 00:00:25.537284,0.5114524454434469,0.24719871057089982,8,0.0735278142778454,0.15795306157468178,0.08675333569501906,0.033762696532123465,0.09797794350514387,0.09738291078755407,0.005296931711867885,18,23,0.04428866809396018,0.21491694628095886,True,False,True,7.099645097236981e-05,COMPLETE
1675,0.41536314487457277,2025-04-16 06:07:35.088556,2025-04-16 06:08:00.426428,0 days 00:00:25.337872,0.512187008814035,0.24222692561786707,8,0.08314725964982105,0.16870270470805437,0.08776247387126089,0.03332343818781503,0.0948730354402232,0.09774292675888846,0.005592084001805465,18,26,0.04509271568729164,0.21693361728960947,True,False,True,4.509036246680865e-05,COMPLETE
1676,0.4293476939201355,2025-04-16 06:08:00.982104,2025-04-16 06:08:26.412980,0 days 00:00:25.430876,0.5143700505566916,0.24944432844709186,8,0.07663144261491325,0.16105660649138404,0.09029297694033683,0.031782978883097106,0.09674709755020347,0.0979108546214384,0.006915664970065387,18,23,0.04660840903734074,0.22205252787690039,True,False,True,4.0543983577664195e-05,COMPLETE
1677,0.3111663043498993,2025-04-16 06:08:26.951535,2025-04-16 06:08:52.057770,0 days 00:00:25.106235,0.511155266463716,0.2523101406327199,8,0.08642122965889772,0.17695872268782656,0.09492972020653456,0.03072683552618199,0.09512618300883599,0.09988313645743965,0.007456255045758058,18,14,0.04737485515056949,0.22754156392678515,True,False,True,3.7916257117433946e-05,COMPLETE
1678,0.26371625661849973,2025-04-16 06:08:52.621164,2025-04-16 06:09:18.008052,0 days 00:00:25.386888,0.5184514361419814,0.2512977109775211,8,0.07796445889310284,0.16479830478151244,0.09342159406968473,0.03125850150932279,0.04420878982622261,0.09830694224531046,0.007155881429072674,18,18,0.0490366454853004,0.21492901637353798,True,False,True,4.686951441169242e-05,COMPLETE
1679,0.3411009907722473,2025-04-16 06:09:18.549676,2025-04-16 06:09:49.034822,0 days 00:00:30.485146,0.5067440224604044,0.2409852287819444,8,0.08161961600235511,0.15973957543746992,0.0916127013998046,0.03252997151407365,0.09482069565855863,0.09998325612076357,0.007400635385786177,18,121,0.046337923577460936,0.21421366617366183,True,False,True,4.423398848363439e-05,COMPLETE
1680,0.27424938678741456,2025-04-16 06:09:49.599171,2025-04-16 06:10:15.048660,0 days 00:00:25.449489,0.5116710484767346,0.23752540930128488,8,0.07387646181907205,0.16669831886748643,0.09095684805082155,0.030261762673638056,0.09662829094430957,0.09773307415997726,0.00738095821202189,18,20,0.04734434940434461,0.2196587098559314,True,False,True,5.1735524940284036e-05,COMPLETE
1681,0.42953978776931767,2025-04-16 06:10:15.589877,2025-04-16 06:10:41.121501,0 days 00:00:25.531624,0.5116129757565732,0.2337714630449297,8,0.0884277685331944,0.17125999290862912,0.09045044296300628,0.033505190909172936,0.09499829918708105,0.0978517278578334,0.006270969490724278,18,22,0.04582513931595444,0.2191313354316491,True,False,True,5.2841606358972674e-05,COMPLETE
1682,0.23510510921478273,2025-04-16 06:10:41.659234,2025-04-16 06:11:07.023924,0 days 00:00:25.364690,0.530312838125435,0.24025263083096104,8,0.10198617474558408,0.17496912332913808,0.09408579283238618,0.032782455364462,0.09468440474746358,0.09993147638436584,0.007453771296715902,18,16,0.04920254318985398,0.21923890140585386,True,False,True,4.151019560651253e-05,COMPLETE
1683,0.29755576848983767,2025-04-16 06:11:07.586913,2025-04-16 06:11:32.951504,0 days 00:00:25.364591,0.5113811594765715,0.24011771912406749,8,0.09057478320884046,0.17598913808138966,0.09197746545291619,0.033728291788912,0.09999195570536386,0.09772462655681288,0.006661338110100409,18,12,0.04781766719497663,0.21836521190805497,True,False,True,3.0160890128526842e-05,COMPLETE
1684,0.24967404007911687,2025-04-16 06:11:33.495008,2025-04-16 06:11:58.809168,0 days 00:00:25.314160,0.5307144010597252,0.24099579454132866,8,0.08762660349774262,0.170412329747684,0.09585817948385132,0.03176155028577946,0.09679254358086446,0.09802896300439974,0.00634913781804517,18,20,0.049393893210905454,0.21228712183697748,True,False,True,4.463240613129102e-05,COMPLETE
1685,0.2526492238044739,2025-04-16 06:11:59.371549,2025-04-16 06:12:24.648839,0 days 00:00:25.277290,0.5113621381593055,0.2295016962822879,8,0.09285574774482452,0.17548345974639912,0.09125610360988652,0.03317979921642296,0.09656382063808071,0.09756209026897772,0.007195983575484139,18,17,0.04570198790861237,0.22019449237052,False,False,True,5.6310962714275176e-05,COMPLETE
1686,0.4368382573127747,2025-04-16 06:12:25.187647,2025-04-16 06:12:50.531745,0 days 00:00:25.344098,0.5262150019407982,0.2420844357235698,8,0.08029018414697839,0.16976487549066238,0.09261095865138759,0.03049317869790119,0.09995143486641121,0.0969699601593509,0.007542494461285946,18,22,0.047056021712366725,0.21279236557509743,True,False,True,2.875315914302812e-05,COMPLETE
1687,0.2431567430496216,2025-04-16 06:12:51.092908,2025-04-16 06:13:16.424711,0 days 00:00:25.331803,0.5081193222171257,0.23332106241339662,8,0.08456710565589456,0.17371515380720184,0.09286063133819641,0.030773879118028327,0.09817099230075971,0.09989665584632455,0.007860394106414117,18,20,0.044596061971928794,0.21454358244493663,True,False,True,5.69822674848638e-05,COMPLETE
1688,0.24043086767196659,2025-04-16 06:13:16.969585,2025-04-16 06:13:42.170064,0 days 00:00:25.200479,0.5364360684845129,0.24305568813964135,8,0.09576140266447791,0.1689059570419571,0.08894162753714072,0.03425705644854386,0.09983890543580522,0.09779915692474775,0.00766070679806414,18,13,0.04681669390219314,0.21593286026008626,True,False,True,3.273289639639774e-05,COMPLETE
1689,0.2948746085166931,2025-04-16 06:13:42.708723,2025-04-16 06:14:11.343003,0 days 00:00:28.634280,0.512043718899033,0.25279684885686543,8,0.08532869648377149,0.17174286021942414,0.09078346128784417,0.030050574536439653,0.0982344697945435,0.0970954015186927,0.0075136164833054095,18,16,0.04459573091791005,0.21171177029629,True,False,False,2.2737522990236238e-05,COMPLETE
1690,0.4216638207435608,2025-04-16 06:14:11.906929,2025-04-16 06:14:37.276153,0 days 00:00:25.369224,0.5405979168922146,0.2323143730119589,8,0.10004219719306998,0.1614154231958334,0.09290977355262003,0.034525034851544616,0.09999208554191732,0.09664961527184533,0.007568955670326805,18,22,0.04673635990515865,0.22152610769683304,True,False,True,3.8909999733228144e-05,COMPLETE
1691,0.2925982534885407,2025-04-16 06:14:37.820899,2025-04-16 06:15:03.166434,0 days 00:00:25.345535,0.5467919876137537,0.23374421262204917,8,0.10225005738436951,0.17870111063185096,0.09759415372553165,0.030121541829589933,0.09802455178076003,0.09830439518891838,0.00714615728270478,18,17,0.04737693881891412,0.22155428087971818,True,False,True,3.1750275999533204e-05,COMPLETE
1692,0.1888286888599396,2025-04-16 06:15:03.734411,2025-04-16 06:15:28.670552,0 days 00:00:24.936141,0.5470016174820664,0.23170897857272957,8,0.08939645104856812,0.16450798273196574,0.09575591910637242,0.033951505071351314,0.09819837219667378,0.09669857301718801,0.007543096166537657,18,8,0.04960889211498713,0.2122092208933567,True,True,True,3.0997551103951124e-05,COMPLETE
1693,0.23671144247055054,2025-04-16 06:15:29.220501,2025-04-16 06:15:54.651283,0 days 00:00:25.430782,0.532565460575111,0.22799323978588334,8,0.093265806744006,0.16941271193580984,0.09577651942443965,0.031914531316210415,0.09975272534809825,0.09858106035042265,0.007518008631062897,18,21,0.04746046040456323,0.22050605714436616,True,False,True,3.520100740754379e-05,COMPLETE
1694,0.23953703045845032,2025-04-16 06:15:55.216640,2025-04-16 06:16:20.497683,0 days 00:00:25.281043,0.518522093389156,0.24238737169494773,8,0.09487487790643105,0.16112213979117346,0.09441743134371644,0.034721725952675635,0.09974057600751486,0.09678063396418345,0.007783737746038719,18,19,0.04648193665383614,0.21840958156029214,True,False,True,2.3168461341117617e-05,COMPLETE
1695,0.30490158796310424,2025-04-16 06:16:21.042370,2025-04-16 06:16:46.071553,0 days 00:00:25.029183,0.5455736727096825,0.23168522303168312,8,0.0998854624278037,0.1612341950121568,0.09326158845002104,0.03134266360152733,0.09979318166561298,0.09844113142440064,0.007816725623829488,18,14,0.04394726462715336,0.2110191477910816,True,False,True,2.9015847126788963e-05,COMPLETE
1696,0.3750529527664185,2025-04-16 06:16:46.644702,2025-04-16 06:17:11.976352,0 days 00:00:25.331650,0.5060970267390655,0.2527535040985382,8,0.08915448327947798,0.17709013770636461,0.09607477297385195,0.03304045654050312,0.09814197315313465,0.09994919041649213,0.006093247100760135,18,22,0.049018232741254275,0.22156684773733637,True,False,True,3.724907546297388e-05,COMPLETE
1697,0.2380520224571228,2025-04-16 06:17:12.520966,2025-04-16 06:17:37.762807,0 days 00:00:25.241841,0.5560574059234887,0.2438167349320987,8,0.09831334451125509,0.16974664385994057,0.0978368866876757,0.030152860302640534,0.09990241830811825,0.09631983290690811,0.006415766995297991,18,19,0.04637496937904941,0.22435308088550746,True,False,True,3.909790051490482e-05,COMPLETE
1698,0.4445725679397583,2025-04-16 06:17:38.328820,2025-04-16 06:18:04.211959,0 days 00:00:25.883139,0.5291114574229369,0.2561952617273482,8,0.08394672254734763,0.16453508991193744,0.09480561806676961,0.033051646790317454,0.09993083930546806,0.09619312430796949,0.007887902384137106,19,22,0.050027968097688294,0.2127462649833027,True,False,True,3.732518697153701e-05,COMPLETE
1699,0.43554283380508424,2025-04-16 06:18:04.759545,2025-04-16 06:18:30.066745,0 days 00:00:25.307200,0.5059226345007191,0.25591702564996954,8,0.08326570765779112,0.17140232509711395,0.09330742171148072,0.030853741108751172,0.09819281764295834,0.09782780201840227,0.008021184253588052,18,22,0.049812755738967554,0.2139350022978741,True,False,True,1.8665485943736244e-05,COMPLETE
1700,0.2750268578529358,2025-04-16 06:18:30.613778,2025-04-16 06:18:56.018923,0 days 00:00:25.405145,0.5039073970883569,0.24781018668476515,8,0.0820667529380646,0.16906295512480776,0.09375884701688213,0.032565536733017736,0.09817981758235107,0.09554183875535431,0.00805910526263548,18,16,0.04981302699136881,0.2166742122605383,True,False,True,2.836329383960982e-05,COMPLETE
1701,0.2564724922180176,2025-04-16 06:18:56.588945,2025-04-16 06:19:23.113318,0 days 00:00:26.524373,0.5327657200007487,0.25310171252180547,8,0.08837541728150879,0.16513639573156122,0.09446817679325968,0.030332897875664528,0.09845530896308838,0.09640444539278714,0.00649510075444568,19,19,0.04916699503328656,0.21045098959103434,True,False,True,3.2337291603616666e-05,COMPLETE
1702,0.43231974840164183,2025-04-16 06:19:23.661106,2025-04-16 06:19:48.952248,0 days 00:00:25.291142,0.505412713441069,0.25660996556500326,8,0.08270644370409981,0.15865275136949228,0.09826574199979861,0.03523935567780698,0.0966794265184298,0.09591873041568255,0.008085661480240619,18,21,0.04983062273398164,0.21519856469891416,True,False,True,1.2677134780592156e-05,COMPLETE
1703,0.24173280000686645,2025-04-16 06:19:49.519633,2025-04-16 06:20:15.254078,0 days 00:00:25.734445,0.510506857020248,0.2605485269327075,8,0.09135208718886409,0.15744883114831668,0.09799781727054069,0.03382604408894831,0.09993884670342662,0.09495948564558104,0.008117816360156424,19,14,0.04977230289692715,0.2065213178794996,True,False,True,2.529714760424511e-05,COMPLETE
1704,0.3354351043701172,2025-04-16 06:20:15.800756,2025-04-16 06:20:41.851415,0 days 00:00:26.050659,0.510467904115619,0.24740666887934548,8,0.08524881888330507,0.15742296550405263,0.09409319906057771,0.03137315495241727,0.09992789619891351,0.09507796084439,0.008027284225374912,19,17,0.048030217293163466,0.2141828701210633,True,False,True,1.4475444229208571e-05,COMPLETE
1705,0.3288682579994202,2025-04-16 06:20:42.425771,2025-04-16 06:21:07.551160,0 days 00:00:25.125389,0.5058185843509705,0.22920318632361913,8,0.08391416483626463,0.15387878899087423,0.09711867603196,0.03510450544453057,0.09669371791178959,0.09512619477295631,0.008006543175246317,18,19,0.04951498411805054,0.21355195722903678,False,False,True,1.986770505659644e-05,COMPLETE
1706,0.4360187530517578,2025-04-16 06:21:08.101370,2025-04-16 06:21:34.126368,0 days 00:00:26.024998,0.5277851428025403,0.2626274546577359,8,0.08963557160844209,0.16078288035644664,0.09700369718236362,0.03281382177375003,0.09529672156543288,0.09624629708288313,0.008082592057614104,19,21,0.04962455176371057,0.21509057072671273,True,False,True,2.0593655956662358e-05,COMPLETE
1707,0.3355462312698364,2025-04-16 06:21:34.669144,2025-04-16 06:22:00.261448,0 days 00:00:25.592304,0.5076208518436386,0.22225370558421864,8,0.08798994021559915,0.16358305836261866,0.09519609413039704,0.030139246663255948,0.09452123938572708,0.09661027589445076,0.008119705154171177,19,14,0.04979286516808023,0.2116247800210425,True,False,True,1.5950821390533987e-05,COMPLETE
1708,0.29480876922607424,2025-04-16 06:22:00.828931,2025-04-16 06:22:29.971935,0 days 00:00:29.143004,0.5038277474425945,0.25642010056271414,8,0.0923568109909449,0.1627515690372635,0.09912268740461302,0.03243746907615464,0.09669944504602213,0.0966853645659105,0.008403346143759587,19,11,0.04985322556837045,0.20918050252142362,True,False,False,1.1280556698929524e-05,COMPLETE
