number,value,datetime_start,datetime_complete,duration,params_alpha-eval,params_alpha-train,params_batch-size,params_eps-eval,params_eps-train,params_lambda-actions-eval,params_lambda-actions-train,params_lambda-frames-eval,params_lambda-frames-train,params_learning-rate,params_n-epochs,params_n-frames,params_radius-gw,params_rho,params_std-feats,params_ub-actions,params_ub-frames,params_weight-decay,state
1253,0.364112913608551,2025-04-14 06:04:53.689464,2025-04-14 06:05:12.366006,0 days 00:00:18.676542,0.9993831449122522,0.09208795151480097,16,0.005126017934565016,0.1404358127083254,0.061506826496277256,0.08469983458482165,0.08921453084016909,0.08451164614694978,0.004260557330415888,16,34,0.08473489341140449,0.12058591240917421,True,False,True,0.0003378406258112656,COMPLETE
1254,0.33990619182586673,2025-04-14 06:05:12.770939,2025-04-14 06:05:29.508040,0 days 00:00:16.737101,0.9690361447622957,0.2042473831343476,16,0.02572206931621806,0.11889038038903843,0.06823511185060502,0.09394889747740989,0.09817523252997927,0.09456521693066758,0.007057685510693078,12,17,0.08046784338685527,0.13703284459262982,True,True,True,0.0004916801977367417,COMPLETE
1255,0.4070321202278137,2025-04-14 06:05:29.930854,2025-04-14 06:05:55.084352,0 days 00:00:25.153498,0.9278192771463337,0.24154485963149727,8,0.015986827363558675,0.10306131665301423,0.07227419715041113,0.09694415168230651,0.09200336035148354,0.0897733968520253,0.030554859877724234,17,31,0.08681245040430959,0.11147829011616125,True,True,True,0.0002333219924606097,COMPLETE
1256,0.43069257736206057,2025-04-14 06:05:55.492340,2025-04-14 06:06:13.565148,0 days 00:00:18.072808,0.9451690435441397,0.1743878468220433,16,0.011228752705518527,0.11257282733955225,0.07764327196603267,0.09685742497790413,0.09999147398231287,0.0963604031291029,0.01083331314290673,15,22,0.0836110824513434,0.126338772390546,True,True,True,0.0007995773745150488,COMPLETE
1257,0.34761857986450195,2025-04-14 06:06:13.973486,2025-04-14 06:06:32.470672,0 days 00:00:18.497186,0.9758890076429518,0.2246601424802766,16,0.019150105612507354,0.18448594745793556,0.08304048860204298,0.08994348253571885,0.09442028732647671,0.09263972834391002,0.01614382064387612,16,27,0.09082078586022826,0.12107581193067928,True,True,True,0.000303240536729102,COMPLETE
1258,0.36883000135421756,2025-04-14 06:06:32.881507,2025-04-14 06:06:55.085433,0 days 00:00:22.203926,0.8998270850213452,0.2663946969064188,8,0.03969225999603829,0.09390715025324169,0.07401052482360652,0.09496876590397382,0.05918600715597618,0.09106575710231464,0.008467541987493903,13,37,0.08187153303067043,0.10069771452496011,True,True,True,0.00017153177807032144,COMPLETE
1259,0.4305999636650086,2025-04-14 06:06:55.496598,2025-04-14 06:07:13.356023,0 days 00:00:17.859425,0.9322426119590477,0.20555828959152794,16,0.004898838738692077,0.13134481670924866,0.07061200632004382,0.0931521811699165,0.0955690133469946,0.09784351225723374,0.013363708969973508,14,32,0.0855121415178388,0.1326022481078225,True,True,True,0.0004041344392498062,COMPLETE
1260,0.46647282838821413,2025-04-14 06:07:13.769804,2025-04-14 06:07:31.914261,0 days 00:00:18.144457,0.9996908302549531,0.1845712859065437,16,0.00015192397944402067,0.1227901464357035,0.06779180781833698,0.09827205889860705,0.09016585634528815,0.0940889707694872,0.01006860201740949,15,29,0.088877432264855,0.11739850804210712,True,True,True,0.00021321511138423874,COMPLETE
1261,0.3585464358329773,2025-04-14 06:07:32.321103,2025-04-14 06:07:50.432474,0 days 00:00:18.111371,0.9861212800993792,0.700770340844773,16,0.003944451156196075,0.12570470388241195,0.06412327678791503,0.09826527458852953,0.0860602002468893,0.09554423940406985,0.006802800922391845,15,24,0.09398093132207067,0.10505728913997943,True,True,True,0.00026767296393417586,COMPLETE
1262,0.3700520992279053,2025-04-14 06:07:50.840880,2025-04-14 06:08:08.817985,0 days 00:00:17.977105,0.9980156644950712,0.1537630582011846,16,0.001470785691507542,0.13499669238030895,0.06593790145414208,0.09826471035723876,0.08841855568972463,0.09446298280716924,0.008433371472922441,15,20,0.09226492831698387,0.11266469386508837,True,True,True,0.000522742728519686,COMPLETE
1263,0.44536843299865725,2025-04-14 06:08:09.226123,2025-04-14 06:08:27.587575,0 days 00:00:18.361452,0.9845715152117255,0.13650471503329215,16,0.004861242617147252,0.12382370061401501,0.06426294832571634,0.09851999366112575,0.0903459653203068,0.09644446327892507,0.005551318823140927,15,25,0.09578930833493801,0.10904497434751326,True,True,True,0.0003452590120721443,COMPLETE
1264,0.3010961651802063,2025-04-14 06:08:27.996222,2025-04-14 06:08:45.619404,0 days 00:00:17.623182,0.9998780633508976,0.16450252442897292,16,0.0010890552645990495,0.2997983451016304,0.06668212598454833,0.09981388105259378,0.09325049487071334,0.09841535971324383,0.007926013950909984,14,27,0.09051171528298173,0.11583449046319905,True,True,False,0.00010330342273687369,COMPLETE
1265,0.1888286888599396,2025-04-14 06:08:46.027734,2025-04-14 06:09:03.623207,0 days 00:00:17.595473,0.9993002437253455,0.18150421581949655,16,0.005792138233569489,0.13158627238964787,0.06605270723175852,0.09632516620703302,0.08102828869725912,0.09453663177737441,0.009630651610207774,15,23,0.08955198559582067,0.09740437982557319,False,True,True,0.00021036672363459511,COMPLETE
1266,0.3727055788040161,2025-04-14 06:09:04.030825,2025-04-14 06:09:21.947237,0 days 00:00:17.916412,0.9815291439218707,0.1549310894866167,16,0.0044621591594667265,0.1187679574480942,0.06338306217890359,0.09829627899885018,0.08937209372746877,0.09827947449258215,0.006425237454880424,14,28,0.0915284378504175,0.1043477880909657,True,True,True,4.0312237684984033e-08,COMPLETE
1267,0.40757905244827275,2025-04-14 06:09:22.351904,2025-04-14 06:09:40.500517,0 days 00:00:18.148613,0.9831809358278164,0.18297054255823472,16,0.004144102398326908,0.1265699033881055,0.06771891791979531,0.09663383919259469,0.08676778006149077,0.0966380292629403,0.009747276429793545,15,28,0.09361031711446169,0.11819391772102344,True,True,True,0.0006237988092075955,COMPLETE
1268,0.4526789784431458,2025-04-14 06:09:40.908365,2025-04-14 06:09:58.714309,0 days 00:00:17.805944,0.9683228573683814,0.17191897108619753,16,0.00013778963223588792,0.12251141552144224,0.06661754083165887,0.0981181529810913,0.09179233688335932,0.09327733925046934,0.008012124581424054,14,25,0.08798051439777947,0.11321905999535917,True,True,True,0.0002733695130094277,COMPLETE
1269,0.3699510216712952,2025-04-14 06:09:59.121687,2025-04-14 06:10:17.500705,0 days 00:00:18.379018,0.9632887631584189,0.12456452867436334,16,0.010639019153181007,0.13379901211313774,0.06827443261657438,0.09989001817484182,0.0964325607945391,0.09533959956017471,0.010725602738323875,15,29,0.08872072274925955,0.10921993213777925,True,True,True,0.00041838955535729137,COMPLETE
1270,0.40536601543426515,2025-04-14 06:10:17.908057,2025-04-14 06:10:35.706677,0 days 00:00:17.798620,0.9796277605286231,0.14753383156204347,16,0.009374823774282769,0.12140032280834362,0.06484643432944848,0.020757574188632784,0.09463570744788902,0.09310192474371028,0.006877508540127998,14,30,0.08991858197053168,0.11857407868853052,True,True,True,0.00015538771773383186,COMPLETE
1271,0.21570519208908082,2025-04-14 06:10:36.133069,2025-04-14 06:10:54.152114,0 days 00:00:18.019045,0.983007143570475,0.19105976778303407,16,0.14846820306710715,0.1288818096730076,0.0680064901184238,0.09558303042369685,0.09800010543098849,0.09660173085198512,0.008963192058140237,15,26,0.0919300924140243,0.12402185890342424,True,True,True,0.0003634104707119196,COMPLETE
1272,0.378395426273346,2025-04-14 06:10:54.564983,2025-04-14 06:11:12.311785,0 days 00:00:17.746802,0.9524897048094866,0.16547355054688523,16,0.0009772732154453706,0.13855163218154415,0.06282790198930002,0.09691108674908806,0.09060615902711458,0.09394489841432807,0.00771595953233219,15,21,0.0885058510570056,0.11252098426644762,True,False,True,0.00022876710981650067,COMPLETE
1273,0.4474440932273865,2025-04-14 06:11:12.727987,2025-04-14 06:11:30.311814,0 days 00:00:17.583827,0.9638424918708606,0.1866096217311575,16,0.0005092017241965854,0.11640247815314946,0.02708388604109524,0.0998865265535905,0.09309444682868329,0.09995828154224104,0.004907235276782756,13,31,0.08737934578088458,0.1061247068139938,True,True,True,0.00028203700747608346,COMPLETE
1274,0.4551634073257447,2025-04-14 06:11:30.725610,2025-04-14 06:11:48.522508,0 days 00:00:17.796898,0.9802007263566809,0.11395684231734862,16,0.007559174643732175,0.12190261346609048,0.0693117399067691,0.09404120747518684,0.08877080518972262,0.09558294578585748,0.01103569459774,14,27,0.09050148393304842,0.11849673942115369,True,True,True,0.00019080543148583589,COMPLETE
1275,0.4736698746681214,2025-04-14 06:11:48.942141,2025-04-14 06:12:07.267129,0 days 00:00:18.324988,0.950190779550206,0.19994409478916988,16,0.012101712741344863,0.11571321355734149,0.06972638950329779,0.09717895613380428,0.08342279837369311,0.09810044057988279,0.00972781881142056,15,30,0.09294974637397647,0.09843965716008517,True,True,True,0.00045156509097260994,COMPLETE
1276,0.4251735210418701,2025-04-14 06:12:07.679702,2025-04-14 06:12:25.387641,0 days 00:00:17.707939,0.9072657456968377,0.1956733921798758,16,0.010264019377575054,0.11730018943296543,0.0702279319727401,0.08677646036476486,0.08470097351339291,0.09813094935226369,0.011078724965637023,14,23,0.09529293511794767,0.09279907074663603,True,True,True,0.00035840038278643177,COMPLETE
1277,0.4000824213027955,2025-04-14 06:12:25.801799,2025-04-14 06:12:43.956515,0 days 00:00:18.154716,0.8876246571194121,0.17963085911862176,16,0.013994760284933148,0.12763649538281366,0.07166073556923341,0.09153203814633888,0.08661103276108573,0.09853524277458782,0.01218562942757992,15,25,0.09460126829751173,0.08802619508543355,True,True,True,0.00027861240179078697,COMPLETE
1278,0.41686983108520514,2025-04-14 06:12:44.368140,2025-04-14 06:13:01.966280,0 days 00:00:17.598140,0.9217203376677772,0.1587071378755269,16,0.008847584339258776,0.11549023298025178,0.06998799707018644,0.09484218923717762,0.08011243404092633,0.0988728498446199,0.009933631595072637,14,19,0.09391607992355012,0.0968008741304685,True,True,True,0.0004349883693968251,COMPLETE
1279,0.4351765394210816,2025-04-14 06:13:02.381097,2025-04-14 06:13:20.590667,0 days 00:00:18.209570,0.9383074699021321,0.20167672223465327,16,0.021762387067962175,0.12047039378736102,0.07233215237121318,0.09322969526071923,0.08333857466822098,0.099624091038718,0.011947942162972276,15,29,0.09567809509144519,0.09326450453211368,True,True,True,0.0003000038589219389,COMPLETE
1280,0.3804165840148926,2025-04-14 06:13:21.002625,2025-04-14 06:13:38.825669,0 days 00:00:17.823044,0.9079181559321532,0.18438986434900398,16,0.032511647808349795,0.126272064030698,0.07959889782316194,0.09578169695575638,0.0816636803642538,0.09765057632803992,0.009648196621998338,14,27,0.0612108484501897,0.08404531642565588,True,True,True,0.000229704970719488,COMPLETE
1281,0.4485527276992798,2025-04-14 06:13:39.237740,2025-04-14 06:13:57.391247,0 days 00:00:18.153507,0.9248763573747685,0.20551458907237002,16,0.015273630862088541,0.1128184035288434,0.07566195115221415,0.09995477888225511,0.0848641777294931,0.0985140924943688,0.013922264037803084,15,24,0.09842360517743547,0.0891309700891253,True,True,True,0.00033945911843159837,COMPLETE
1282,0.3724932432174683,2025-04-14 06:13:57.809801,2025-04-14 06:14:15.182569,0 days 00:00:17.372768,0.940489363484042,0.14004958827006223,16,0.008159956738340182,0.1204023489277683,0.07363354284421467,0.009127200140206612,0.07783802439162528,0.09679998120919152,0.009412490123215858,14,14,0.09848712322352848,0.10191721645921918,True,True,True,0.00012655492354411995,COMPLETE
1283,0.4666653633117676,2025-04-14 06:14:15.595345,2025-04-14 06:14:34.025409,0 days 00:00:18.430064,0.9477048218136788,0.1696149103108117,16,0.027279370378992134,0.11495237038404729,0.0698333498051597,0.0916752580302539,0.07352457867193533,0.09706830135288995,0.007775705822244752,15,30,0.09620395600755421,0.09771536719428887,True,True,True,0.00017969939786104434,COMPLETE
1284,0.3542400479316712,2025-04-14 06:14:34.457470,2025-04-14 06:14:52.105626,0 days 00:00:17.648156,0.882907654907066,0.13616796833794392,16,0.04058137201475021,0.11117863507334796,0.07089689268435985,0.08843225533607027,0.07416269893200562,0.09971807266559199,0.07491370375770619,15,23,0.09584858312671897,0.10245550020131906,True,True,False,9.330678610366165e-05,COMPLETE
1285,0.1888286888599396,2025-04-14 06:14:52.523880,2025-04-14 06:15:10.065903,0 days 00:00:17.542023,0.9201178874531264,0.15738960628160556,16,0.03671248818817673,0.13266488661145573,0.07255702012167016,0.08896808406147556,0.0861062458304132,0.09819801834165771,0.005574673409179261,15,27,0.09956550153276564,0.09770753862303469,False,True,True,0.00012624677165578305,COMPLETE
1286,0.4330477237701416,2025-04-14 06:15:10.482796,2025-04-14 06:15:28.647796,0 days 00:00:18.165000,0.9486260618422944,0.16371162558301722,16,0.03139725003359546,0.12332379744300788,0.07509526029066149,0.09248213396310329,0.07987253854951874,0.09715246630806372,0.006069755553884558,15,29,0.0963865466751997,0.09500459777023705,True,True,True,0.00014382801480228934,COMPLETE
1287,0.41740404367446904,2025-04-14 06:15:29.064121,2025-04-14 06:15:47.140652,0 days 00:00:18.076531,0.9995986676617502,0.13346283896647984,16,0.00023779990074425036,0.11614610826496403,0.0713847640378898,0.08817008589115728,0.08435507248688584,0.09849429216413941,0.006461777197065626,15,21,0.09863394914806277,0.09693055508343097,True,True,True,0.00017153581502961208,COMPLETE
1288,0.33077175617218024,2025-04-14 06:15:47.559501,2025-04-14 06:16:05.898729,0 days 00:00:18.339228,0.9362325710079524,0.10844923861047592,16,0.029192486467623652,0.1097140984049764,0.05096712137703843,0.09033557417378754,0.08573459401149598,0.09673622239469873,0.007303849560364237,15,25,0.09585193144545522,0.09926940993267672,True,True,True,0.00015249389623389427,COMPLETE
1289,0.3663780093193054,2025-04-14 06:16:06.315663,2025-04-14 06:16:24.663070,0 days 00:00:18.347407,0.955676851180949,0.1498227299035451,16,0.03512371766839638,0.1438645981850647,0.07797216649420344,0.09053998894447707,0.08184044574139242,0.09872120843444346,0.007397401095188665,15,30,0.09506291280466883,0.10275484330174847,True,True,True,0.00010634857087643277,COMPLETE
1290,0.1888286888599396,2025-04-14 06:16:25.077768,2025-04-14 06:16:43.291562,0 days 00:00:18.213794,0.8990413856629825,0.1716440464138292,16,0.027811194922170844,0.21034339225836074,0.07368423500702008,0.09105833723141459,0.06678966274898235,0.08054368150320983,0.005213095938041221,15,27,0.09767008781959878,0.10529757334723654,True,True,True,0.0001776060420944254,COMPLETE
1291,0.3505754113197327,2025-04-14 06:16:43.707617,2025-04-14 06:17:02.177454,0 days 00:00:18.469837,0.9200851148472697,0.16823762715788584,16,0.024801505778016982,0.1277961810118343,0.0694335831314245,0.08998066312167602,0.07327136407639484,0.07752910953294034,0.004335960378580228,15,29,0.09716582748971314,0.10045353197700153,True,True,True,0.00012134130903184436,COMPLETE
1292,0.19319928884506227,2025-04-14 06:17:02.593663,2025-04-14 06:17:20.640871,0 days 00:00:18.047208,0.9598550544388765,0.14572608885789184,16,0.22229741851151877,0.1144353557182277,0.075462524678165,0.08809279148245458,0.07521661658748503,0.09991723736804856,0.008215620839337735,15,31,0.09859202430881721,0.10655124977031417,True,False,True,0.0001909388356304973,COMPLETE
1293,0.403760826587677,2025-04-14 06:17:21.054067,2025-04-14 06:17:38.921667,0 days 00:00:17.867600,0.9366791382911182,0.17537028145350808,16,0.03856555085793137,0.12109282549087859,0.08137593676411006,0.09123759173177391,0.07900795162479643,0.09677607636499293,0.006300220829364339,14,25,0.09346619761529028,0.09231964601624854,True,True,True,0.00014589062120123105,COMPLETE
1294,0.4414695739746094,2025-04-14 06:17:39.336435,2025-04-14 06:17:57.760009,0 days 00:00:18.423574,0.8623663905868716,0.18341520164762348,16,0.023033615232813644,0.1132186274816196,0.07187139874803532,0.08656143643333804,0.08376210327407979,0.09592091361246695,0.00819233713844274,15,29,0.09675446709534845,0.10622123766933422,True,True,True,7.098158707452752e-05,COMPLETE
1295,0.1888286888599396,2025-04-14 06:17:58.176800,2025-04-14 06:18:21.572250,0 days 00:00:23.395450,0.9631298317976351,0.07316839934080598,16,0.0328086796063856,0.13726136690757146,0.06978219140277517,0.09248020134426052,0.08750031099800533,0.09541674376966039,0.007137156307181049,16,136,0.09487054443452972,0.0982561495852003,True,True,True,0.00020112709586071124,COMPLETE
1296,0.40730745792388917,2025-04-14 06:18:22.007887,2025-04-14 06:18:39.570484,0 days 00:00:17.562597,0.9175927759126175,0.1581371302831568,16,0.014513733798719496,0.10877436336280674,0.07654086281833747,0.05871485161786663,0.08295973103405602,0.08303049400873617,0.009323702065175589,14,18,0.09232963575612217,0.11014853889664498,True,True,True,0.00023778589221550218,COMPLETE
1297,0.3564279913902283,2025-04-14 06:18:39.996720,2025-04-14 06:18:58.232133,0 days 00:00:18.235413,0.9462207247386326,0.1921397859894291,16,0.026724197019041836,0.12283371157184525,0.07329623860905903,0.09206620957532874,0.08815522578447924,0.09999099265697982,0.011636628514813032,15,31,0.09667737735202814,0.10204836780283383,True,True,True,0.00016573570364095575,COMPLETE
1298,0.34576054811477663,2025-04-14 06:18:58.653625,2025-04-14 06:19:17.029594,0 days 00:00:18.375969,0.9692891209127358,0.13257818768528057,16,0.007637690229804513,0.11640122186490695,0.07069479917260671,0.09320900405140725,0.07748930770022061,0.09606110780488719,0.008440125519787532,16,23,0.09382863650220527,0.10981678346900942,True,True,True,0.00020271652404849912,COMPLETE
1299,0.4251720905303955,2025-04-14 06:19:17.448427,2025-04-14 06:19:35.636927,0 days 00:00:18.188500,0.9999668760001874,0.17741916710476474,16,0.020888595425281077,0.130638500929488,0.074015911586115,0.09073711517424653,0.08104504278435254,0.09817989691913406,0.005884432783192642,15,27,0.09710058683479272,0.10596347715879065,True,True,True,0.00022939474304409555,COMPLETE
1300,0.4011682510375977,2025-04-14 06:19:36.059553,2025-04-14 06:19:53.949878,0 days 00:00:17.890325,0.9315553466727517,0.1573963522173847,16,0.0001583661300325229,0.10893621340533881,0.06823944771546415,0.09390217463694653,0.06939794104209121,0.09409734297702493,0.010944910288576009,14,32,0.09491689400159051,0.09721267768566645,True,True,True,0.00013767411406124839,COMPLETE
1301,0.43716678619384763,2025-04-14 06:19:54.373532,2025-04-14 06:20:12.952336,0 days 00:00:18.578804,0.8985753161763204,0.19337786402736717,16,0.014416990754016368,0.12486233496794533,0.07745389478572866,0.09385571253514333,0.06408562609059058,0.0965702614227802,0.014391035955714964,16,27,0.09185127667815275,0.11142584489217859,True,True,True,0.000184807481638863,COMPLETE
1302,0.3659234881401062,2025-04-14 06:20:13.372838,2025-04-14 06:20:31.877005,0 days 00:00:18.504167,0.9536681805271582,0.20158803314928822,16,0.009094624122274872,0.11944962940100615,0.07224869234596382,0.029995230881195885,0.08795995007275206,0.01942316311848845,0.007410434372390128,15,33,0.0995251100206749,0.10397238722972242,True,True,True,0.0002542704805145616,COMPLETE
1303,0.4233226776123047,2025-04-14 06:20:32.298055,2025-04-14 06:20:49.821831,0 days 00:00:17.523776,0.9695264867558983,0.17121663532072587,16,0.028505137678062797,0.1093039678072107,0.07505296166840802,0.09018053862888394,0.08967904939519218,0.09436251554827058,0.017867913476197046,14,29,0.09354087800385612,0.11313884467049852,True,True,False,0.00011090190964010243,COMPLETE
1304,0.43188749551773076,2025-04-14 06:20:50.239605,2025-04-14 06:21:08.335953,0 days 00:00:18.096348,0.9348655891979509,0.11976857154313904,16,0.020292461191252376,0.11630685052014321,0.07953448352431465,0.09195668686982861,0.08597149611275597,0.0997203025311364,0.009448902754421257,15,21,0.09718835482258265,0.10774580396119199,True,True,True,0.00024581359300301177,COMPLETE
1305,0.24807113409042358,2025-04-14 06:21:08.755430,2025-04-14 06:21:31.564487,0 days 00:00:22.809057,0.9168811299036242,0.14512692733674232,16,0.00020013758235542384,0.1298719053224732,0.0689484816070348,0.08934363172385544,0.09805270874527892,0.09987534089814215,0.012608852638550867,14,143,0.09424750648059353,0.11314214495665896,True,True,True,0.00017170932259600216,COMPLETE
1306,0.43959387540817263,2025-04-14 06:21:32.005966,2025-04-14 06:21:50.414015,0 days 00:00:18.408049,0.9992984405083021,0.18568007189133992,16,0.01348221233250848,0.12446157270881193,0.07122674142948106,0.0947848789535061,0.09005597386465532,0.09218652036195174,0.00479162723578214,16,25,0.09087130761258978,0.09236581971769302,True,True,True,0.000299385326663243,COMPLETE
1307,0.3436012387275696,2025-04-14 06:21:50.841124,2025-04-14 06:22:08.740785,0 days 00:00:17.899661,0.7754842159854509,0.2000335884016329,16,0.00585271164051487,0.10962552127898151,0.07332517203833915,0.09532796254499537,0.09577650323768253,0.07919408631853635,0.008311963750192091,15,32,0.09297954483428864,0.09918591758853999,False,True,True,5.63271540144002e-07,COMPLETE
1308,0.19042646288871767,2025-04-14 06:22:09.161725,2025-04-14 06:22:27.310933,0 days 00:00:18.149208,0.9505517756968691,0.17195586038067354,16,0.2474807785920164,0.13761673962026194,0.07665344080533681,0.09276344375321255,0.04075693187945636,0.04739235709617851,0.006493972276870336,15,30,0.0917765752874296,0.11478182916684372,True,True,True,0.0004474316766068721,COMPLETE
1309,0.3548134922981262,2025-04-14 06:22:27.734103,2025-04-14 06:22:46.341314,0 days 00:00:18.607211,0.9729860782821235,0.21159669297912564,16,0.03320563305823221,0.11787046424341092,0.0683960179400998,0.09517782596001334,0.08767626711715273,0.0970634536193451,0.010735357456733046,16,34,0.09316314525410477,0.10721677493155819,True,True,True,0.00020494287927536726,COMPLETE
