number,value,datetime_start,datetime_complete,duration,params_alpha-eval,params_alpha-train,params_batch-size,params_eps-eval,params_eps-train,params_lambda-actions-eval,params_lambda-actions-train,params_lambda-frames-eval,params_lambda-frames-train,params_learning-rate,params_n-epochs,params_n-frames,params_radius-gw,params_rho,params_std-feats,params_ub-actions,params_ub-frames,params_weight-decay,state
911,0.40416457653045657,2025-04-16 00:49:09.636241,2025-04-16 00:49:34.669140,0 days 00:00:25.032899,0.6115917083321716,0.6091786991943337,16,0.02393252524983474,0.2948588568433179,0.013927106422647342,0.007693064780330351,0.09995177894863724,0.015573542460891716,0.003912403627778697,28,50,0.05619570661526315,0.12711798540436445,True,False,True,6.361105756935485e-05,COMPLETE
912,0.32230839133262634,2025-04-16 00:49:34.965565,2025-04-16 00:50:56.822852,0 days 00:01:21.857287,0.5743949895823134,0.2589472855055248,2,0.009984582887462684,0.27302378798852767,0.08963111864182181,0.012995324574005773,0.09614940932234399,0.04609593591062971,0.002702191300512998,24,45,0.0523361711893581,0.11826276228945262,True,False,True,4.785830230697421e-05,COMPLETE
913,0.4005786895751953,2025-04-16 00:50:57.121365,2025-04-16 00:51:18.784448,0 days 00:00:21.663083,0.5402689178039953,0.4929901490670644,16,0.03660225537650131,0.20661087509177375,0.07707486767080993,0.009575704440782767,0.09192868876554236,0.0635671254113009,0.004361878722443906,23,35,0.047200072882977895,0.13507378536532813,True,False,True,3.074864537070344e-05,COMPLETE
914,0.4077537178993226,2025-04-16 00:51:19.089164,2025-04-16 00:51:45.774538,0 days 00:00:26.685374,0.5477519555068723,0.3021043656103106,16,0.029324646699259785,0.2831203843055232,0.010824320917907736,0.007159963754617853,0.0938614211423343,0.001632869725068313,0.005825198427857706,26,72,0.05101761169868484,0.14547785541895722,True,False,True,0.00016050937812172006,COMPLETE
915,0.40768830776214604,2025-04-16 00:51:46.057545,2025-04-16 00:52:09.991920,0 days 00:00:23.934375,0.5539147107821356,0.9085878384248829,16,0.016646020144083788,0.2883236658891052,0.01977178666004628,0.014479392928744145,0.09774364016304656,0.05006612025096459,0.000706427447674446,27,41,0.05406656534332422,0.13046086704364834,True,False,True,1.5491936676467166e-07,COMPLETE
916,0.39094315767288207,2025-04-16 00:52:10.288219,2025-04-16 00:52:31.210384,0 days 00:00:20.922165,0.57760200336708,0.19019733138089848,16,0.04317109839445859,0.27729149440195183,0.09088550880770423,0.010441583742867359,0.09564319816267053,0.060783280533933406,0.01511352869076612,23,48,0.05668976387595849,0.1537818257936537,False,False,True,0.00010177052295681252,COMPLETE
917,0.4045605778694153,2025-04-16 00:52:31.511289,2025-04-16 00:52:53.860394,0 days 00:00:22.349105,0.6597644870826065,0.5479798622482943,16,0.02410007623069496,0.2810774690011184,0.015732964370597808,0.00695602223607296,0.09187391431378643,0.052255164139831375,0.003112801612087747,24,38,0.04852686996883779,0.12085417911993548,True,False,True,0.00012310735031704996,COMPLETE
918,0.15961171984672548,2025-04-16 00:52:54.161642,2025-04-16 00:53:16.819992,0 days 00:00:22.658350,0.5239924341783558,0.1635490954736694,16,0.20104318214813022,0.2721947158235384,0.017807892239983105,0.05821325225066371,0.09800342852983156,0.04293297457341071,0.0036375169063438267,24,43,0.05168691535634669,0.13841243748323048,True,False,True,0.00077336984323318,COMPLETE
919,0.39037580490112306,2025-04-16 00:53:17.104961,2025-04-16 00:53:41.398659,0 days 00:00:24.293698,0.595448925336274,0.21727897791884532,16,0.03207419107749241,0.2948801421869391,0.08352421270542038,0.012213794029523193,0.09445874449118855,0.06110730478905283,0.002591838431095431,27,45,0.05464956903877553,0.07527463026907244,True,False,True,7.292059720874598e-05,COMPLETE
920,0.3806403279304505,2025-04-16 00:53:41.695625,2025-04-16 00:54:05.423510,0 days 00:00:23.727885,0.496597448937608,0.9994865330012055,16,0.03769365105059437,0.2866888760632242,0.08627711983168147,0.00996463700975178,0.09322378502255331,0.021371927954264153,0.0071661806904933165,24,53,0.058808269675738704,0.1260373166500712,True,False,True,0.0009622005626840882,COMPLETE
921,0.28157947659492494,2025-04-16 00:54:05.722707,2025-04-16 00:54:30.946201,0 days 00:00:25.223494,0.5438140019341041,0.24640018583936563,16,0.02463258256890589,0.29983980465531174,0.07578512409491005,0.05615841132981908,0.09985546548695684,0.008357592586888583,0.004940834742997964,25,37,0.045596959440839496,0.14715550524048523,True,False,False,9.313731167610748e-05,COMPLETE
922,0.4067703247070313,2025-04-16 00:54:31.247585,2025-04-16 00:54:56.229407,0 days 00:00:24.981822,0.573732194201301,0.2731583736369904,16,0.014769568541113796,0.2741354249874764,0.08193949181199511,0.016155356701064317,0.09673740082105596,0.04805065766549422,0.003918321385392571,28,50,0.053138347468498034,0.1378393801014548,True,False,True,0.00018687948434921328,COMPLETE
923,0.40753626823425293,2025-04-16 00:54:56.517341,2025-04-16 00:55:18.879225,0 days 00:00:22.361884,0.5597161405112302,0.1811173992950677,16,0.030474428969004465,0.2804854114869508,0.021848142320768118,0.019498769966826146,0.09167527288681958,0.05103428253395579,0.0031234404469329792,23,41,0.050033271541085216,0.10980653924709562,True,False,True,0.0001599062948795269,COMPLETE
924,0.1888286888599396,2025-04-16 00:55:19.176453,2025-04-16 00:55:42.593167,0 days 00:00:23.416714,0.09997696095252478,0.22293138274394164,16,0.020776291901969737,0.27165068887508315,0.08818487149221063,0.008527019952852245,0.09457712821715748,0.029143594518804643,0.002614541477077689,27,34,0.0559904548724627,0.13090063042990469,True,True,True,6.473017806654626e-05,COMPLETE
925,0.3934191107749939,2025-04-16 00:55:42.896371,2025-04-16 00:56:06.647235,0 days 00:00:23.750864,0.6277750970876117,0.13442749171557178,16,0.035619555074791906,0.2905930282547667,0.07280711650026461,0.013851206952127099,0.09656101661456641,0.040537743816920574,0.005532535583200069,26,45,0.05181435036949434,0.11606709249603739,True,False,True,0.00011633344730656562,COMPLETE
926,0.41048244237899784,2025-04-16 00:56:06.953861,2025-04-16 00:56:31.645690,0 days 00:00:24.691829,0.47098603494122804,0.3491271130927365,16,0.027860423852608653,0.2846081215572022,0.024335115712362736,0.011394100476930772,0.09043761689593828,0.04531196627091548,0.004383253032312265,24,64,0.0540716919298044,0.15432884290122723,True,False,True,3.94097591602701e-05,COMPLETE
927,0.37715352773666383,2025-04-16 00:56:31.935524,2025-04-16 00:56:57.236229,0 days 00:00:25.300705,0.3289994741532325,0.38297365555383817,16,0.04182333025715789,0.27826319426973567,0.014011546052612275,0.006866619861951407,0.09832373936968351,0.06334800169801007,0.0032849108375233443,29,47,0.04863174666856281,0.14191053525188435,True,False,True,0.00015426890126318785,COMPLETE
928,0.3563949763774872,2025-04-16 00:56:57.536299,2025-04-16 00:57:19.555580,0 days 00:00:22.019281,0.6096398158467984,0.1973334181143923,16,0.01948916159553745,0.10715438461407087,0.09322230515090703,0.012220221502985856,0.09340189470027702,0.052825276651333075,0.020809453272126705,23,39,0.05788593467592527,0.12334541196228593,True,False,True,0.0007813785491553557,COMPLETE
929,0.3052767634391785,2025-04-16 00:57:19.855760,2025-04-16 00:57:43.111278,0 days 00:00:23.255518,0.30346546865807356,0.24190496975436265,16,0.06277548808856272,0.2923107117491275,0.016170940147789224,0.009152845063053708,0.09997379648470277,0.04969711191276224,0.003844316028161994,25,42,0.0506799720970511,0.13434634619835772,True,False,True,4.902947973570327e-05,COMPLETE
930,0.3194094836711884,2025-04-16 00:57:43.415472,2025-04-16 00:58:08.795319,0 days 00:00:25.379847,0.5203686080567715,0.25772307026037566,16,0.00929293322826652,0.27078069380453856,0.07164190706056156,0.014635292346486486,0.0956574600268932,0.06117949107400492,0.0025162903269482953,28,49,0.05492249118008999,0.14967291178207504,True,False,True,0.0002752654948250129,COMPLETE
931,0.4035566806793213,2025-04-16 00:58:09.083878,2025-04-16 00:58:28.874357,0 days 00:00:19.790479,0.4899580548363352,0.15690847202475244,16,0.032532682615553934,0.28327787507410024,0.010721393345667426,0.05516831488726919,0.09128360253610077,0.04791673125534228,0.0007971347841190704,17,43,0.0597004113171716,0.15949930862813916,True,False,True,9.435951941756527e-05,COMPLETE
932,0.19496048092842105,2025-04-16 00:58:29.173571,2025-04-16 00:58:48.534428,0 days 00:00:19.360857,0.4511767871248721,0.29961339731011377,16,0.02526879376036647,0.2786253878133395,0.07908289369532762,0.006629628022095683,0.09375374634473697,0.052547673160906985,0.006256341267037648,9,109,0.020275536429073936,0.12769852302933415,True,False,True,0.00017497363765123843,COMPLETE
933,0.354545795917511,2025-04-16 00:58:48.835747,2025-04-16 01:00:19.262601,0 days 00:01:30.426854,0.3431865858224867,0.21713823137022772,2,0.039217662247610224,0.29990480037770617,0.08589455013337519,0.010319706306463691,0.09677831466998836,0.06304139840208961,0.004654253885241463,27,39,0.05250680982634274,0.14187099747639423,True,False,True,0.0001316419565514203,COMPLETE
934,0.34955945014953616,2025-04-16 01:00:19.567862,2025-04-16 01:00:43.746283,0 days 00:00:24.178421,0.43517489286468425,0.17492848174046566,16,0.047428532199971535,0.28815071037450696,0.02671929829124673,0.01729485516895222,0.0913765910973547,0.0497358471443863,0.008195715039596716,24,57,0.05576579763388177,0.15704069751761474,True,False,True,0.00023526817192946986,COMPLETE
935,0.40213645696640016,2025-04-16 01:00:44.054312,2025-04-16 01:01:03.022194,0 days 00:00:18.967882,0.5920332279640222,0.2350484722902083,16,0.030613362421540564,0.2732777502228343,0.08315110749546832,0.012844098475181467,0.09487800345901416,0.06042329737307298,0.003111351787088696,18,46,0.047678678553271736,0.13319690013082935,False,False,True,7.753551077778772e-05,COMPLETE
936,0.3198462128639221,2025-04-16 01:01:03.312226,2025-04-16 01:01:26.073889,0 days 00:00:22.761663,0.4178364654302074,0.27219030507349123,16,0.01478826310199602,0.29323678143852216,0.03157491880367769,0.007750377581952503,0.0926393080250663,0.04494200508696859,0.0056201631269743885,25,36,0.0528736713640562,0.14630806520369943,True,False,True,0.0009877130026903751,COMPLETE
937,0.2690566420555115,2025-04-16 01:01:26.377470,2025-04-16 01:01:50.712284,0 days 00:00:24.334814,0.5084520137342453,0.20980892615177,16,0.022611015377842495,0.06514546976895885,0.09589477220343653,0.00931137087726943,0.09803155018170719,0.03768004701290595,0.012421576690462191,26,51,0.057312483490158904,0.11784071478799153,True,False,True,5.9909613167043166e-05,COMPLETE
938,0.40388854742050173,2025-04-16 01:01:51.020196,2025-04-16 01:02:14.227138,0 days 00:00:23.206942,0.5497030269772182,0.3331386194795502,16,0.035917263280618617,0.27674266044812706,0.018711302745015805,0.05938319063672995,0.08988979795575378,0.034057419856904456,0.026112791547321393,24,43,0.04920961797936683,0.12293322914108792,True,False,True,0.0002956302997471259,COMPLETE
939,0.2467692494392395,2025-04-16 01:02:14.534721,2025-04-16 01:02:34.661713,0 days 00:00:20.126992,0.061735937953064535,0.18737310455513795,16,0.02809356316768949,0.2712857044808481,0.08820141197341214,0.015309338893141478,0.09606076542784774,0.053008955995569706,0.0024002352020252842,17,47,0.05062373575575897,0.13703441200625208,True,False,True,0.000720760529442635,COMPLETE
940,0.2829902827739716,2025-04-16 01:02:34.962970,2025-04-16 01:03:01.492997,0 days 00:00:26.530027,0.36309269283576134,0.25630015409180973,16,0.018632665665288373,0.28402893574963334,0.020500049483567425,0.01068579333518369,0.06809304918970427,0.05123161762605399,0.0037849734797360678,28,33,0.053450494405071346,0.12848751851238704,True,False,False,0.0001292025728919833,COMPLETE
941,0.36666027307510374,2025-04-16 01:03:01.795873,2025-04-16 01:03:24.134172,0 days 00:00:22.338299,0.4551020533251234,0.2851872800323595,16,0.043472109750575375,0.2879130365950748,0.09126859410119048,0.05445091425134747,0.09342521514881243,0.046988439917624504,0.0030475269144858686,23,39,0.055772704637981216,0.1523990780370073,True,True,True,0.00019275210162536164,COMPLETE
942,0.4037383794784546,2025-04-16 01:03:24.437999,2025-04-16 01:03:44.981870,0 days 00:00:20.543871,0.3191826073612069,0.20182364954779436,16,0.033639508537037476,0.1957219566338557,0.08059428015979327,0.012235034657951796,0.09817434784881887,0.06167549718564406,0.0045881031016297095,17,53,0.04641590180743243,0.11296274503558941,True,False,True,0.00010881702351267547,COMPLETE
943,0.41182956695556644,2025-04-16 01:03:45.291039,2025-04-16 01:04:09.513478,0 days 00:00:24.222439,0.4247467476031144,0.1383528774020829,16,0.025342952102448902,0.2688224753869575,0.02966847285293663,0.007582526331963785,0.0910527199609454,0.04975140116207168,0.0068111658664274264,27,44,0.05159860769575658,0.1442249305771065,True,False,True,0.0003327198789509911,COMPLETE
944,0.3216448962688446,2025-04-16 01:04:09.822901,2025-04-16 01:04:29.878954,0 days 00:00:20.056053,0.3790325747965275,0.2351362126723349,16,0.016328010696305507,0.2801775533094061,0.0848094299817629,0.006321841926196014,0.09494483235689134,0.05987740460745456,0.002443241706437975,18,41,0.05425647539100994,0.1577876103267255,True,False,True,0.00023756022032020622,COMPLETE
945,0.40442875623703,2025-04-16 01:04:30.173801,2025-04-16 01:04:55.914396,0 days 00:00:25.740595,0.47979891387035367,0.16842761249483615,16,0.02891247665309529,0.29437699431543346,0.017043024169729054,0.01375736940085631,0.09287632084162271,0.042303443632297065,0.0035847085531440378,29,49,0.060004980029999606,0.13737894424686553,True,False,True,8.251401516605551e-05,COMPLETE
946,0.2960374474525452,2025-04-16 01:04:56.221299,2025-04-16 01:05:18.033485,0 days 00:00:21.812186,0.4144137901954767,0.9258571401917124,16,0.03905967148601401,0.27351943485210545,0.07137942291727759,0.05689167494067457,0.09624289222980187,0.05337237207259911,0.0010196101146438834,23,35,0.05763285798194525,0.025864738577698235,True,False,True,0.00015069848399243223,COMPLETE
947,0.31626953482627873,2025-04-16 01:05:18.343811,2025-04-16 01:05:40.640470,0 days 00:00:22.296659,0.43690648550337363,0.2618554803537037,16,0.008224503480741843,0.28695262497125285,0.013554620017832265,0.009350777843697176,0.09003505542984522,0.04696115198568651,0.0005785723640759227,22,46,0.0502563006503749,0.12940125709787534,True,False,True,3.530282610603889e-05,COMPLETE
948,0.387001097202301,2025-04-16 01:05:40.951965,2025-04-16 01:06:00.760622,0 days 00:00:19.808657,0.355935305298868,0.11048217944013577,16,0.022118858088699157,0.2775059072174744,0.022627873769778435,0.051885832087967855,0.09831692622864784,0.0644047653096623,0.005407562414394434,17,40,0.05376421159065357,0.12256702793185252,True,False,True,0.0006926141955040361,COMPLETE
949,0.4149059057235718,2025-04-16 01:06:01.054580,2025-04-16 01:06:24.163912,0 days 00:00:23.109332,0.5554643283269279,0.22371908785425088,16,0.0337061738076714,0.2678497606446115,0.07663837918116931,0.011455017093939113,0.09503775079547144,0.05087299335491789,0.011012872521729342,25,43,0.05178017863009579,0.14811054335277152,True,False,True,4.992653673278893e-05,COMPLETE
950,0.35414451360702515,2025-04-16 01:06:24.469913,2025-04-16 01:06:47.198581,0 days 00:00:22.728668,0.5397493841641097,0.8883729896948102,16,0.05324017394481744,0.26392122654491124,0.080338691898729,0.008725461746168277,0.09187405727003023,0.053762730399598904,0.010015150040172862,25,37,0.08232716909377681,0.15044699100813033,True,False,True,9.492852221174905e-08,COMPLETE
951,0.39568454027175903,2025-04-16 01:06:47.505230,2025-04-16 01:07:09.794880,0 days 00:00:22.289650,0.520998303842489,0.19771511090881844,16,0.04727239502955416,0.26711592389628525,0.0741304183118176,0.010847023171857803,0.09400315132781581,0.05910606944944541,0.010339451550611356,25,31,0.04821469817260595,0.14949698408614945,True,False,True,5.499107825363975e-05,COMPLETE
952,0.26266649961471555,2025-04-16 01:07:10.107200,2025-04-16 01:08:31.222961,0 days 00:01:21.115761,0.5266196947654513,0.15684106203851714,2,0.08938668767495354,0.2603903672102448,0.07553439106009466,0.006557266880529634,0.08960949691737966,0.051905959056483306,0.008331010497779645,24,41,0.045671890017039946,0.15705018396186712,True,False,True,7.86636835981357e-05,COMPLETE
953,0.4050414562225342,2025-04-16 01:08:31.534773,2025-04-16 01:08:54.388514,0 days 00:00:22.853741,0.5565855145096757,0.18353506307494521,16,0.04199832247204885,0.2680756084565486,0.07720327084314872,0.017765493204478303,0.092240444433775,0.06015884617546711,0.008732482540561934,25,37,0.04932800230612933,0.14519840285158914,True,False,True,5.770542273528823e-05,COMPLETE
954,0.41195473670959476,2025-04-16 01:08:54.683071,2025-04-16 01:09:16.258752,0 days 00:00:21.575681,0.49877019848109827,0.221025162625259,16,0.038040037678498194,0.2608625110479444,0.07811562457557347,0.014925306018954698,0.09476200136580638,0.062113669770555664,0.011661135658375022,25,43,0.05168094059374303,0.152063034930314,False,False,True,3.1144156835876055e-07,COMPLETE
955,0.41186677217483525,2025-04-16 01:09:16.567149,2025-04-16 01:09:39.569480,0 days 00:00:23.002331,0.5394776885066035,0.3063063039902835,16,0.033249824466536744,0.26781106577316094,0.07864883945370267,0.00869732344196962,0.09097137669102624,0.053979161976059835,0.013909381188030484,24,48,0.0498459049513068,0.16148903135663176,True,False,True,0.00010462853359557613,COMPLETE
956,0.3976667165756226,2025-04-16 01:09:39.883898,2025-04-16 01:10:02.999470,0 days 00:00:23.115572,0.5685130682301814,0.21219563993708626,16,0.03653967529692481,0.27161357735715735,0.07530627789494201,0.011158267138828079,0.09362282233730863,0.05130826163579463,0.01776646241851912,25,39,0.04732569963298015,0.1451956143817709,True,False,True,9.352125921731656e-05,COMPLETE
957,0.3714990496635437,2025-04-16 01:10:03.313726,2025-04-16 01:10:26.573473,0 days 00:00:23.259747,0.395392522182967,0.17314144389400565,16,0.044598037632941775,0.2554204441333713,0.07907028143863942,0.013281618074584008,0.0888690106126575,0.06323600639969028,0.012610909174065668,24,51,0.05157542100553905,0.14085346969312074,True,False,True,0.00019049932808984287,COMPLETE
958,0.29165197610855104,2025-04-16 01:10:26.889908,2025-04-16 01:10:51.164443,0 days 00:00:24.274535,0.5107649896899862,0.14450048552765377,16,0.03360086909587025,0.2641812097111379,0.07277987486644603,0.006420712790267907,0.09669464409957605,0.04884803702090984,0.009938817116568605,24,27,0.05222711865480717,0.15408784640999076,True,False,False,6.63564943735597e-05,COMPLETE
959,0.41301531791687013,2025-04-16 01:10:51.460926,2025-04-16 01:11:15.172087,0 days 00:00:23.711161,0.46342707203105704,0.28242241574899063,16,0.030494989671336806,0.2699696338800514,0.06910981410234707,0.05368625944905174,0.09205837814303083,0.053551904145263986,0.01085421576943736,25,46,0.04899232954953387,0.1595298544185619,True,False,True,0.00029010111071108236,COMPLETE
960,0.27506518363952637,2025-04-16 01:11:15.483258,2025-04-16 01:11:37.842993,0 days 00:00:22.359735,0.34380093216926005,0.1905893902375952,16,0.042034554402054655,0.26019798872722794,0.0763636479696253,0.009816163393923914,0.09471731962314042,0.059052636064391595,0.015515564968870185,23,42,0.050585840255836775,0.14612883842715796,True,True,True,0.0001507242590909014,COMPLETE
961,0.27563501596450807,2025-04-16 01:11:38.154127,2025-04-16 01:12:06.071369,0 days 00:00:27.917242,0.37690164492265055,0.46323108642400007,16,0.05780505537276873,0.2750053948191798,0.08087692397941545,0.016407415571184875,0.09768192583342376,0.04412514396921655,0.013517400538169987,26,80,0.05261100820602344,0.13973804666755993,True,False,True,0.0007862844244054165,COMPLETE
962,0.346562135219574,2025-04-16 01:12:06.387023,2025-04-16 01:12:25.526406,0 days 00:00:19.139383,0.40851314536834243,0.2465126384691506,16,0.04988476637028027,0.2666632498083714,0.019537311409025968,0.060751060700295,0.09995801562401585,0.05086104350061544,0.016547661112560702,17,33,0.044378056066988664,0.15136153323529794,True,False,True,0.00012591589096267768,COMPLETE
963,0.40818743705749516,2025-04-16 01:12:25.842106,2025-04-16 01:12:42.600728,0 days 00:00:16.758622,0.5336248419917056,0.21581452894587105,16,0.037887007822580934,0.2752938688966265,0.07517039974311636,0.006267582885376755,0.09001572415244535,0.06484961269704925,0.007584555763393483,9,55,0.04781615898188382,0.16347519870478436,True,False,True,0.0003247246585576561,COMPLETE
964,0.4056972146034241,2025-04-16 01:12:42.900530,2025-04-16 01:13:02.607948,0 days 00:00:19.707418,0.5544958266789873,0.19770400181337988,16,0.029499658179531426,0.258996757739204,0.07764226977195364,0.01277655493694828,0.09435721412008956,0.04611837050260106,0.01389179346726615,18,36,0.05546945423527367,0.14097637850159797,True,False,True,0.0006301969027027994,COMPLETE
965,0.416139554977417,2025-04-16 01:13:02.919236,2025-04-16 01:13:25.874271,0 days 00:00:22.955035,0.4397299925353085,0.23292869043662184,16,0.02737917796389875,0.26973919638604155,0.07050328852974125,0.009322303507572089,0.0922609239183009,0.0484036273124671,0.009903241417782935,24,43,0.05319738727759236,0.16016697392974813,True,False,True,0.00018786604206538215,COMPLETE
966,0.3352736115455628,2025-04-16 01:13:26.187987,2025-04-16 01:13:48.700490,0 days 00:00:22.512503,0.44101709963929564,0.2260732797347442,16,0.02569950753208705,0.2645649623215848,0.07366226761388812,0.008200311842719502,0.08901696264206772,0.04370595513763662,0.00943863525779827,24,39,0.05639412117749064,0.15777841013859156,True,False,True,0.00026670105488735746,COMPLETE
967,0.36047861576080326,2025-04-16 01:13:49.015313,2025-04-16 01:14:11.839791,0 days 00:00:22.824478,0.43545385993427643,0.18042955395633942,16,0.024863279950219586,0.2556914966393294,0.06723500981108213,0.050455196262136015,0.09183126709257348,0.047244168302493894,0.010961260867011892,24,41,0.05417978903317452,0.16610843676210466,True,False,True,0.00027750427557250354,COMPLETE
