number,value,datetime_start,datetime_complete,duration,params_alpha-eval,params_alpha-train,params_batch-size,params_eps-eval,params_eps-train,params_lambda-actions-eval,params_lambda-actions-train,params_lambda-frames-eval,params_lambda-frames-train,params_learning-rate,params_n-epochs,params_n-frames,params_radius-gw,params_rho,params_std-feats,params_ub-actions,params_ub-frames,params_weight-decay,state
512,0.35230417251586915,2025-04-14 01:55:50.586229,2025-04-14 01:56:15.899958,0 days 00:00:25.313729,0.9808321683591883,0.26088784293884926,8,0.0005081271488028456,0.08140392719746102,0.0654205925727913,0.0976099964233291,0.09392559829925806,0.0960704719345273,0.005308429628836011,17,39,0.0796103639274295,0.11200542752206333,True,True,True,0.0005390131332946925,COMPLETE
513,0.4422630190849305,2025-04-14 01:56:16.072564,2025-04-14 01:56:41.200068,0 days 00:00:25.127504,0.9520475559544918,0.29484634681359667,8,0.01763763532128762,0.10018213313805333,0.07336776776606624,0.09511815820906072,0.09142346671501766,0.09997916601311269,0.0069038420335552015,17,37,0.07702243198438989,0.12916976100705935,True,True,True,0.00015290830057210398,COMPLETE
514,0.41167117357254035,2025-04-14 01:56:41.362570,2025-04-14 01:57:06.505922,0 days 00:00:25.143352,0.9507631141061901,0.27471710044725656,8,0.018960968739718753,0.09303709614329575,0.07290158632251467,0.09814482472279554,0.0878682181771678,0.09824913147067904,0.006897196295096412,17,38,0.0796294282962818,0.12799517293614218,True,True,True,0.00015144836323481562,COMPLETE
515,0.34293551445007325,2025-04-14 01:57:06.680423,2025-04-14 01:57:31.121250,0 days 00:00:24.440827,0.9518737650862298,0.30923644159908475,8,0.014572362961455495,0.08481150683351943,0.07438685673000991,0.09201465657252843,0.09036654885989075,0.09992622093202118,0.014190113923277186,16,41,0.08232793545031324,0.12139312626176717,True,True,True,0.0004296424196284574,COMPLETE
516,0.3958039402961731,2025-04-14 01:57:31.282971,2025-04-14 01:57:56.513579,0 days 00:00:25.230608,0.9603918350866221,0.2859018330222445,8,0.005636257989015504,0.08002711974282341,0.0708650084146764,0.09570953458915141,0.0960463178774376,0.09613870157176337,0.009433184203280338,17,36,0.07834045958871509,0.1282612295347385,True,True,True,0.0008178502783442376,COMPLETE
517,0.4523687839508057,2025-04-14 01:57:56.676826,2025-04-14 01:58:20.574619,0 days 00:00:23.897793,0.9979568978971369,0.2557925168101464,8,0.018398437077264428,0.10024836635727863,0.07589720092283123,0.09562616987799272,0.08571052885454926,0.09823367467538072,0.007903569978311235,15,37,0.0796589090126682,0.1151509760446226,True,True,True,0.00013651251209890626,COMPLETE
518,0.327267062664032,2025-04-14 01:58:20.747183,2025-04-14 01:58:43.805521,0 days 00:00:23.058338,0.9987169995939574,0.25652468254991856,8,0.018055945420421472,0.10067280623602255,0.07319562537186158,0.09572798406213369,0.08432145994253906,0.09808361098880962,0.007510907094458825,15,44,0.07509450176224158,0.11691378766202982,False,True,False,0.00011873454358646942,COMPLETE
519,0.389749550819397,2025-04-14 01:58:43.966213,2025-04-14 01:59:07.847291,0 days 00:00:23.881078,0.9674380075648118,0.2580671597188434,8,0.012756195573624344,0.12577057816002155,0.07574443901526878,0.09277877197182079,0.08626262597896048,0.0981360476749747,0.010201579052959339,15,40,0.07708391902377985,0.12169114303394524,True,True,True,0.00015545476964977996,COMPLETE
520,0.39640195369720466,2025-04-14 01:59:08.023921,2025-04-14 01:59:33.529543,0 days 00:00:25.505622,0.9482163012425395,0.27273956098886354,8,0.01774522389554082,0.10600922995521728,0.06970289417513467,0.08859583595406173,0.08192522652474891,0.09981285626861762,0.006210857848310767,17,38,0.07967102717231286,0.11190174571974265,True,True,True,0.0001810141498092914,COMPLETE
521,0.35033884048461916,2025-04-14 01:59:33.695067,2025-04-14 01:59:58.490376,0 days 00:00:24.795309,0.9779959129882343,0.6406929350956346,8,0.010833500970392033,0.09552564148757094,0.07493515935638885,0.09845880473217887,0.09147572635974197,0.09608195632981026,0.008584490275563116,16,41,0.08298518143063659,0.13194183931057643,True,True,True,0.0003277306198253195,COMPLETE
522,0.4220866322517395,2025-04-14 01:59:58.657087,2025-04-14 02:00:22.368584,0 days 00:00:23.711497,0.9809195444856031,0.2884328066780301,8,0.01789267288097028,0.08787115571151687,0.0727150261444783,0.09394599724898325,0.08873730168922937,0.09180897025273808,0.005384958819605923,15,36,0.07771030566026199,0.11478877102556928,True,True,True,0.0002622080167070038,COMPLETE
523,0.35879813432693486,2025-04-14 02:00:22.544135,2025-04-14 02:00:46.800034,0 days 00:00:24.255899,0.9633922781172436,0.25168058048835223,8,0.009018286579846293,0.11162655616237152,0.06785823027095035,0.09687268496244793,0.0917081820611515,0.0893426239460841,0.0068666267243610085,16,37,0.07975936011454539,0.07467326768176084,True,True,True,0.00096718456951871,COMPLETE
524,0.3235403299331665,2025-04-14 02:00:46.965689,2025-04-14 02:01:12.553316,0 days 00:00:25.587627,0.998593291589087,0.3066992022228832,8,0.019662290658239115,0.10239093380576965,0.0758791382654326,0.09790021596374585,0.08569114928699056,0.0967033393975758,0.010817935156546554,17,47,0.07454425127593847,0.12256866731663968,True,True,True,0.00037576099784170384,COMPLETE
525,0.3766745805740357,2025-04-14 02:01:12.730482,2025-04-14 02:01:36.314593,0 days 00:00:23.584111,0.9456631196077141,0.730410098944855,8,0.006154657448535942,0.09318599368459324,0.07059935366943698,0.09995440344084286,0.08891419136243157,0.09991021079210083,0.008127860885621688,15,35,0.08467025726083265,0.10960289689835215,True,True,True,0.00020648075776953922,COMPLETE
526,0.3544640064239502,2025-04-14 02:01:36.479804,2025-04-14 02:02:01.091837,0 days 00:00:24.612033,0.9699062237125544,0.27687599532666934,8,0.012748870565398338,0.08510547410530711,0.0736025059213384,0.09084745569869532,0.09293906032297149,0.09444142795768669,0.005375230810174127,16,50,0.08182677548484918,0.11678464103636221,True,True,True,0.0005284363585437712,COMPLETE
527,0.1888286888599396,2025-04-14 02:02:01.256031,2025-04-14 02:02:26.258980,0 days 00:00:25.002949,0.9993927483684272,0.8105219958457575,8,0.005759788866916218,0.09764009064091306,0.07722157740745955,0.09537705642944855,0.09057162357278932,0.09739828848832836,0.006425000529209347,17,40,0.011490928258660264,0.12593200411566305,True,True,True,0.00013021680177673713,COMPLETE
528,0.4490957260131836,2025-04-14 02:02:26.433763,2025-04-14 02:02:47.742210,0 days 00:00:21.308447,0.9997951051713945,0.30626565968102903,8,0.011931396867593865,0.0903970045606343,0.07532423037490896,0.09304359096277724,0.09503626704417073,0.09154972953789531,0.008463531997051644,12,33,0.07767757955968688,0.13312984358698124,True,True,True,0.0003093236590467207,COMPLETE
529,0.1888286888599396,2025-04-14 02:02:47.907785,2025-04-14 02:03:09.236674,0 days 00:00:21.328889,0.9997337879549623,0.3100183604381632,8,0.018727817066565535,0.08133498353492315,0.0750663876987783,0.08908486000968482,0.09555408537406912,0.09046406726131734,0.011131201610769784,12,33,0.028860508088339232,0.1328703304830586,True,True,True,0.0006747531793729475,COMPLETE
530,0.4574836015701294,2025-04-14 02:03:09.414598,2025-04-14 02:03:30.883344,0 days 00:00:21.468746,0.9809786159651012,0.2976358151425163,8,0.004482585188123294,0.08768915561989805,0.0783310208576447,0.09244920133311997,0.08732874010011112,0.09616952925020096,0.014872418949782425,12,33,0.0741703722682261,0.12982810443202336,True,True,True,0.00030840163448188053,COMPLETE
531,0.45678287744522095,2025-04-14 02:03:31.051075,2025-04-14 02:03:52.527590,0 days 00:00:21.476515,0.9830479730781407,0.3129128774593928,8,0.004533797518640935,0.08827189151589337,0.07853823164390622,0.09197611837430847,0.0822613778401927,0.09134327897655804,0.012349088735095945,12,34,0.07566657977971863,0.12447604452335917,True,True,True,0.00032188451181772675,COMPLETE
532,0.3896109700202942,2025-04-14 02:03:52.705325,2025-04-14 02:04:14.017503,0 days 00:00:21.312178,0.9808717065059309,0.29778706147625994,8,0.0017463902237605093,0.08842928603227747,0.08028694503818237,0.0916444922083182,0.07985647172602367,0.012923230023337229,0.017591076399569607,12,33,0.07612464697650877,0.12347963501175328,True,True,True,0.00032238894843087345,COMPLETE
533,0.4408093333244324,2025-04-14 02:04:14.183024,2025-04-14 02:04:35.458713,0 days 00:00:21.275689,0.9691081392339039,0.31391003530816736,8,0.0008662924158374437,0.08109263589904568,0.07682500948576436,0.09302450452057971,0.08261252174492266,0.0875964150989109,0.012327996812765689,12,33,0.07427939741069188,0.1097650851193669,True,True,True,0.00039805273872361275,COMPLETE
534,0.3594714403152466,2025-04-14 02:04:35.626973,2025-04-14 02:04:56.308507,0 days 00:00:20.681534,0.9812161728141162,0.286722763291622,8,0.006041301572660942,0.08865666194258741,0.07877125638243088,0.0905070629998665,0.08644621072603897,0.0917609437848102,0.022197055807797312,11,34,0.07346564368507709,0.13308623566626435,True,True,True,0.0002897383405640541,COMPLETE
535,0.3864203453063965,2025-04-14 02:04:56.484568,2025-04-14 02:05:17.786281,0 days 00:00:21.301713,0.9483302538537836,0.26376180849517056,8,0.0004131461321763043,0.07945950208163095,0.07597894630632362,0.09268238697548281,0.08878048082834993,0.08912234520450976,0.015596558841088716,12,34,0.07500978257682359,0.12139639832925006,True,True,True,0.00045976081171103614,COMPLETE
536,0.3704657077789307,2025-04-14 02:05:17.953731,2025-04-14 02:05:39.788699,0 days 00:00:21.834968,0.9664992402244977,0.31509642902364504,8,0.011158659094761414,0.09200114795624775,0.07829935657989258,0.08934124612222763,0.08379942463652194,0.09154067604812836,0.013054755793485168,13,32,0.07732435028234733,0.11414311310624979,True,True,False,0.00025088900953902285,COMPLETE
537,0.3495139837265015,2025-04-14 02:05:39.966763,2025-04-14 02:06:00.986797,0 days 00:00:21.020034,0.9832013572002474,0.29134646776316686,8,0.006259070695978748,0.08610146641858177,0.07478164236442947,0.09387436733247759,0.08736794863345974,0.0957430589744375,0.014019359884108051,12,36,0.07824786551075351,0.09122465344178671,False,True,True,0.0003910458840753818,COMPLETE
538,0.4184322476387024,2025-04-14 02:06:01.153709,2025-04-14 02:06:23.280011,0 days 00:00:22.126302,0.9460639439123958,0.33033849499543955,8,0.011883256238258389,0.09461858402660105,0.07183923214758997,0.09153952455053908,0.08964303596787787,0.09581237268558496,0.009504168958996615,13,32,0.0737746393518735,0.12805486446205547,True,True,True,0.000509709192997754,COMPLETE
539,0.3422903180122376,2025-04-14 02:06:23.449299,2025-04-14 02:06:44.929748,0 days 00:00:21.480449,0.9818817979138947,0.24561990351837631,8,0.00047041933475814885,0.10842942075744778,0.08016376894512799,0.09632576259753867,0.08558340822820609,0.0037886269002231146,0.009465526920518197,12,36,0.0758979320232702,0.12081515837919321,True,True,True,0.00032593462078046436,COMPLETE
540,0.44329650402069093,2025-04-14 02:06:45.110395,2025-04-14 02:07:05.882119,0 days 00:00:20.771724,0.999517938832932,0.3053292497932946,8,0.014015868113655265,0.07901137475332103,0.07739210190651735,0.08855856381828327,0.09236030108393373,0.09774347848638949,0.005226248051628018,11,32,0.07952297849261573,0.10347326725323891,True,True,True,0.00024881309855810814,COMPLETE
541,0.22758137583732607,2025-04-14 02:07:06.052962,2025-04-14 02:07:26.049981,0 days 00:00:19.997019,0.5772251825336773,0.2771180966807543,8,0.008938280675801585,0.0849409077488586,0.07585525397676968,0.09421811740719722,0.07736932012947369,0.09240518577688552,0.008705073273813865,10,40,0.08319006582096429,0.10762250431870088,True,True,True,0.000326443668616906,COMPLETE
542,0.4082638025283814,2025-04-14 02:07:26.230342,2025-04-14 02:07:50.103939,0 days 00:00:23.873597,0.9616871410462705,0.33840564922989136,8,0.0061179823405668465,0.1010833858553502,0.07993392775519677,0.09638029603193607,0.0874483076791657,0.08995607678076871,0.004363107906607414,15,35,0.0782245185439298,0.11594666271547709,True,True,True,0.0006420724819242246,COMPLETE
543,0.45978356599807746,2025-04-14 02:07:50.274971,2025-04-14 02:08:11.597409,0 days 00:00:21.322438,0.9665049193234538,0.26181574439593186,8,0.01885314544310388,0.09032519868598828,0.0733349615819738,0.09999907983343018,0.09429347615975565,0.09515741377896107,0.011339250256709508,12,32,0.08048473497750222,0.12624715443454293,True,True,True,0.00022779293797762303,COMPLETE
544,0.3844373822212219,2025-04-14 02:08:11.780718,2025-04-14 02:08:33.262951,0 days 00:00:21.482233,0.9449402527106926,0.2538116658930443,8,0.020617386551209045,0.09474708548762131,0.07715084957972615,0.09833964231855107,0.0949601025820459,0.09349856671745185,0.018848452211130896,12,39,0.0816610043443555,0.12599148712795144,True,True,True,0.00022801040611503874,COMPLETE
545,0.4577813029289246,2025-04-14 02:08:33.434234,2025-04-14 02:08:57.086664,0 days 00:00:23.652430,0.959428019847878,0.2489307255377889,8,0.016375382441151054,0.10498212443712654,0.07433082369082386,0.09978567430870604,0.09043400366657964,0.09503971055875199,0.010593589351293866,15,34,0.08493155726158808,0.13315941342926352,True,True,True,0.0004626122751397787,COMPLETE
546,0.3303622126579285,2025-04-14 02:08:57.257334,2025-04-14 02:09:18.110082,0 days 00:00:20.852748,0.9478479928359057,0.2530461441060635,8,0.020397403306556736,0.11960115524021031,0.07439507941809108,0.09990689473111328,0.0825050667733405,0.09162057437490387,0.015657252869675523,11,43,0.0858340833017478,0.13476098021993016,True,True,True,0.0004396756244776109,COMPLETE
547,0.4659849286079407,2025-04-14 02:09:18.291776,2025-04-14 02:09:41.941175,0 days 00:00:23.649399,0.9644240111796456,0.23830400263994905,8,0.016163215504897424,0.10681262030669822,0.07095464404187914,0.09821330472260804,0.08984685845414782,0.0876673667854878,0.011728937736904314,15,35,0.0844040774004212,0.12981075805519587,True,True,True,0.00028284513065358506,COMPLETE
548,0.37018415927886966,2025-04-14 02:09:42.113240,2025-04-14 02:10:02.129177,0 days 00:00:20.015937,0.9444857831946077,0.2368016998541088,8,0.02127363636449086,0.10832374424702852,0.07051564261798692,0.09739005880346954,0.0896066182250255,0.08644718678696187,0.011897447311877996,10,37,0.08454763927075587,0.13250147537520512,True,True,True,0.00028928815066460044,COMPLETE
549,0.31210718154907224,2025-04-14 02:10:02.311603,2025-04-14 02:10:25.687008,0 days 00:00:23.375405,0.9642863242095842,0.25134295455775935,8,0.10367743118861514,0.1038794666500525,0.06890303534434541,0.09812890623565694,0.08740246270055654,0.08804152664264898,0.01042921577577957,15,39,0.08566570898843383,0.12943054717002128,True,True,True,0.00037226526741004803,COMPLETE
550,0.4617594242095948,2025-04-14 02:10:25.859953,2025-04-14 02:10:50.734982,0 days 00:00:24.875029,0.9640764405695966,0.24041020414391345,8,0.015959009032017274,0.09768299737969048,0.07184212703276614,0.09611796660614796,0.09079305306706449,0.09015302822955142,0.01374312594229249,17,35,0.08266335062225623,0.12390764988655363,True,True,True,0.000206787729511831,COMPLETE
551,0.45663377046585085,2025-04-14 02:10:50.918065,2025-04-14 02:11:15.780639,0 days 00:00:24.862574,0.9493350304928401,0.24259101529690147,8,0.016479692610427553,0.11360428446247016,0.07142520030516439,0.09997832807959951,0.09036315923816585,0.08951870444585992,0.013809414288858174,17,35,0.08426106242274925,0.13542422489902653,True,True,True,0.00020841363386415548,COMPLETE
552,0.4517730712890625,2025-04-14 02:11:15.951713,2025-04-14 02:11:40.988905,0 days 00:00:25.037192,0.9440308572491395,0.23065248555104637,8,0.021033048920884947,0.1121109128317613,0.07218240541055221,0.09993936407399591,0.08904096427854558,0.08968689430041937,0.014115877058721048,17,35,0.08483634389524124,0.13584712294622375,True,True,True,0.00020717314942442293,COMPLETE
553,0.336201548576355,2025-04-14 02:11:41.174343,2025-04-14 02:12:06.493308,0 days 00:00:25.318965,0.9406800284660239,0.2285240283530408,8,0.020390375010195267,0.11279868494975301,0.07171514399035321,0.09582281726680467,0.07508188379412692,0.08870532908045202,0.01394452237621319,17,42,0.08559118882245337,0.1379791753459336,True,True,True,0.0002090101659905341,COMPLETE
554,0.457884693145752,2025-04-14 02:12:06.668089,2025-04-14 02:12:32.404131,0 days 00:00:25.736042,0.9451426188215039,0.23170065049193106,8,0.01998087070977033,0.10604461884158776,0.06951800108340475,0.09988790457886174,0.08866561201147322,0.08985853259616315,0.01630471342947261,18,35,0.08460299587538517,0.13437331329262261,True,True,True,0.00017163979807125937,COMPLETE
555,0.28814045786857606,2025-04-14 02:12:32.577992,2025-04-14 02:12:58.224225,0 days 00:00:25.646233,0.7342466554651074,0.23334956465266904,8,0.02182916877985117,0.12024483309693079,0.06866289468876617,0.09998069889436273,0.0859186468545157,0.08678549630765965,0.028704151847534384,18,35,0.0857601193045598,0.1357558739930024,True,True,True,0.00021594871634856343,COMPLETE
556,0.3684181928634644,2025-04-14 02:12:58.409005,2025-04-14 02:13:23.073830,0 days 00:00:24.664825,0.9465857483478094,0.2386168374357833,8,0.021078458356432385,0.10763840624759778,0.07308282995712076,0.09747649903666397,0.08824021415758948,0.08463631396760204,0.018005173335670796,17,37,0.08582283030534116,0.13374607287002774,True,True,False,0.00025634148471451504,COMPLETE
557,0.40326048135757453,2025-04-14 02:13:23.247527,2025-04-14 02:13:48.488747,0 days 00:00:25.241220,0.9393117833047607,0.23305143132524314,8,0.017200069613587405,0.12443288956680358,0.06688281007787014,0.09614324505626885,0.08449035721460924,0.08779689575736513,0.015237729209997943,18,39,0.08335046605782899,0.13078858287283707,False,True,True,0.0001990498557441059,COMPLETE
558,0.3766711711883545,2025-04-14 02:13:48.674437,2025-04-14 02:14:14.901612,0 days 00:00:26.227175,0.9442542240622589,0.24198042063977393,8,0.021277939033950942,0.11621836806042184,0.07275922333722613,0.09837381158682754,0.0897339530081118,0.08924006334922664,0.01948724357841088,18,45,0.08501731349866493,0.13729205221411253,True,True,True,0.0001330176913584197,COMPLETE
559,0.44350041151046754,2025-04-14 02:14:15.075833,2025-04-14 02:14:40.079998,0 days 00:00:25.004165,0.961360657744123,0.24234569350366486,8,0.015130745765606062,0.10562185911309713,0.06868253257630909,0.09982657033705171,0.08791578881037175,0.08990822839501099,0.012606706427380638,17,35,0.08427311620692894,0.12631537530416356,True,True,True,0.0002876219727891238,COMPLETE
560,0.36544029712677006,2025-04-14 02:14:40.269843,2025-04-14 02:15:05.267388,0 days 00:00:24.997545,0.9633809506936076,0.22956930015196325,8,0.014649826994979187,0.11313210010041061,0.0740079286880613,0.09998982199612037,0.08923359040376896,0.09068891573706106,0.013361564372109403,17,40,0.08433021126684381,0.13297120429425632,True,True,True,0.00017510612993201438,COMPLETE
561,0.38926154375076294,2025-04-14 02:15:05.443561,2025-04-14 02:15:30.442863,0 days 00:00:24.999302,0.9425288444754956,0.2577910482229407,8,0.022576633520813072,0.10122721045445482,0.06959853442338766,0.0953159749877189,0.08137474980792442,0.08638441370313628,0.02398242316018622,17,35,0.08378218798641666,0.12567899478641373,True,True,True,0.0002438828693125524,COMPLETE
562,0.4459801554679871,2025-04-14 02:15:30.618860,2025-04-14 02:15:55.039147,0 days 00:00:24.420287,0.9638980327424543,0.2224889751287923,8,0.015774487550518686,0.1040264771218062,0.07184993110426079,0.09722564308067687,0.09061202080370975,0.09059015380340708,0.014912920986939786,16,33,0.08640299388943631,0.12974540233628692,True,True,True,0.0003069172274566404,COMPLETE
563,0.3704195261001587,2025-04-14 02:15:55.226014,2025-04-14 02:16:18.850011,0 days 00:00:23.623997,0.9432555826207409,0.22260628011593397,8,0.015998362057579756,0.10356604913763796,0.07142795782852766,0.0971753626533491,0.08572796700680463,0.08917986848397147,0.015429880925539888,15,38,0.08705563880354168,0.1231219684029159,True,True,True,0.00030871640438964563,COMPLETE
564,0.3423258900642395,2025-04-14 02:16:19.027648,2025-04-14 02:16:43.624281,0 days 00:00:24.596633,0.96316138388859,0.21925140905458546,8,0.021722050013487443,0.13674715988897282,0.06718063821910134,0.09634461269795531,0.09037701685801873,0.09081195749906625,0.018407630842141226,16,34,0.08706025411613605,0.12992942047302114,True,True,True,0.00022122806495608195,COMPLETE
565,0.2866637110710144,2025-04-14 02:16:43.812900,2025-04-14 02:17:04.828179,0 days 00:00:21.015279,0.9419054924649601,0.24129980801424353,8,0.12706329917739856,0.10972276277618287,0.07011386434537094,0.09810091271633849,0.08754277484443863,0.09101918920355258,0.011885485788306619,11,42,0.08354406094507934,0.12394224740830519,True,True,True,0.00015574020679039137,COMPLETE
566,0.44366585016250615,2025-04-14 02:17:05.004816,2025-04-14 02:17:30.670266,0 days 00:00:25.665450,0.9643015198278839,0.25720633729733,8,0.015389833484730922,0.10036759593181895,0.07219458997612262,0.0945031476756981,0.09111326697034412,0.08727234091953893,0.011650693214038247,18,33,0.08682881001921725,0.13568045436245268,True,True,True,0.00033771615479932115,COMPLETE
567,0.39013826847076416,2025-04-14 02:17:30.860924,2025-04-14 02:17:54.522853,0 days 00:00:23.661929,0.9371546585390184,0.24308886817908862,8,0.021169328658421634,0.09724408527740191,0.07403836451712811,0.09786320269283945,0.08496773673584045,0.08939883798143466,0.015720785186197708,15,37,0.08312402115062281,0.1292158842297959,True,True,True,0.0002662483628938401,COMPLETE
568,0.415172803401947,2025-04-14 02:17:54.700013,2025-04-14 02:18:19.893219,0 days 00:00:25.193206,0.9654793871379121,0.2555930592782953,8,0.014440736317161851,0.10564504099886374,0.07247409051302961,0.09512060274338771,0.08294655320314745,0.09231462934891385,0.021113993145948074,17,35,0.08529242850056326,0.12486195945430163,True,True,True,0.00019773019511001294,COMPLETE
