number,value,datetime_start,datetime_complete,duration,params_alpha-eval,params_alpha-train,params_batch-size,params_eps-eval,params_eps-train,params_lambda-actions-eval,params_lambda-actions-train,params_lambda-frames-eval,params_lambda-frames-train,params_learning-rate,params_n-epochs,params_n-frames,params_radius-gw,params_rho,params_std-feats,params_ub-actions,params_ub-frames,params_weight-decay,state
227,0.41525360345840456,2025-04-13 22:08:37.856901,2025-04-13 22:10:09.743798,0 days 00:01:31.886897,0.8889181919578771,0.25258539442815303,2,0.03810904083952084,0.0065933601247056325,0.012176405981250624,0.07047807174377384,0.021197216810412697,0.05371786019523638,5.314073394569322e-05,28,23,0.06780741125585082,0.14038070984848616,True,True,True,5.339033063092101e-05,COMPLETE
228,0.28552812337875366,2025-04-13 22:10:09.816106,2025-04-13 22:10:46.614456,0 days 00:00:36.798350,0.890543489339314,0.26220153409993846,8,0.03795181729556631,0.00661174209724698,0.013114288275347722,0.07052784979613767,0.02057098842641991,0.053602625398628756,5.542156279626456e-05,28,109,0.0688429658893144,0.15299782118471097,True,True,True,8.904346580142821e-05,COMPLETE
229,0.4043378472328186,2025-04-13 22:10:46.686179,2025-04-13 22:12:16.022335,0 days 00:01:29.336156,0.867114437404595,0.26993761003734484,2,0.04619291158107652,0.004794575640783762,0.012286777281082635,0.072129764450597,0.02487304597125383,0.05296769371572068,4.193138592108319e-05,27,21,0.06460841078249323,0.16387254434608403,True,True,True,5.1339379545431783e-05,COMPLETE
230,0.3766995072364807,2025-04-13 22:12:16.095421,2025-04-13 22:13:44.984438,0 days 00:01:28.889017,0.8667776642641026,0.24927032814233935,2,0.044776156458973065,0.005341623820625915,0.01527500769567529,0.06791438403146854,0.016406416142133846,0.05227324481868766,4.272560671140972e-05,27,17,0.06587940098048505,0.13517053406982957,True,True,True,5.208331350619475e-05,COMPLETE
231,0.37348231077194216,2025-04-13 22:13:45.057106,2025-04-13 22:15:14.127077,0 days 00:01:29.069971,0.8803927997476892,0.2739312524353307,2,0.03827727937167446,0.008768891440694664,0.011996328352993673,0.07293606822335312,0.02491352740359744,0.05587774129777202,6.800253771862347e-05,27,22,0.06566606626628406,0.1279156752178783,True,True,True,7.104695317791687e-05,COMPLETE
232,0.41458513736724856,2025-04-13 22:15:14.202284,2025-04-13 22:16:46.191011,0 days 00:01:31.988727,0.9106566143066137,0.2940317982131179,2,0.03143803048077656,0.012392432536758658,0.016637504369474802,0.07147304224576474,0.022537890175743057,0.053063515509880976,4.977193626145381e-05,28,24,0.06732426777618669,0.1619097726986627,True,True,True,2.8601845104310357e-05,COMPLETE
233,0.41010288000106815,2025-04-13 22:16:46.274451,2025-04-13 22:18:18.838510,0 days 00:01:32.564059,0.9167387753437095,0.30134788126666745,2,0.030576505498473384,0.013209580164435748,0.0174468941686859,0.07151913252477786,0.018892164937257826,0.053323764413932974,4.96087118615168e-05,28,24,0.0676708776484289,0.14622999320417648,True,True,True,2.9331039032937497e-05,COMPLETE
234,0.39424548149108884,2025-04-13 22:18:18.912624,2025-04-13 22:19:50.182408,0 days 00:01:31.269784,0.9144445673908006,0.28629233363868367,2,0.029661682303787962,0.013771158056170915,0.014727453334129139,0.0725136016021418,0.019415042361954397,0.053661828572708216,3.82951688581728e-05,28,19,0.06868107102151927,0.14112650901057328,True,True,True,6.010610341449497e-05,COMPLETE
235,0.40831646919250486,2025-04-13 22:19:50.256573,2025-04-13 22:21:19.458823,0 days 00:01:29.202250,0.9239732409948084,0.3057340276130309,2,0.030137644343778552,0.0040580063381626275,0.012323114614460827,0.07035361546316539,0.022636028287158553,0.05101176689358754,4.3731251328373876e-05,27,21,0.07073389384972997,0.1497155750576637,True,True,True,0.0001082055596542533,COMPLETE
236,0.38756932020187385,2025-04-13 22:21:19.533035,2025-04-13 22:22:48.940443,0 days 00:01:29.407408,0.9268176138231049,0.303533245920019,2,0.03221433712202719,0.0043759154647800835,0.011495601363667259,0.06599361574078834,0.021114638669495794,0.05199396785746294,4.518304414224888e-05,27,24,0.07182282272076472,0.1485354778709538,True,True,True,0.00012741842702670395,COMPLETE
237,0.37002488374710085,2025-04-13 22:22:49.015019,2025-04-13 22:24:18.351376,0 days 00:01:29.336357,0.9196976499768702,0.31051540247191,2,0.045743271613015675,0.0001650080236370458,0.012574597956601173,0.06968092726744818,0.021776199934792784,0.05056574202629712,3.687806584777841e-05,27,21,0.06751068096057816,0.15666827900878627,True,True,True,0.00015702364080088867,COMPLETE
238,0.4059821605682373,2025-04-13 22:24:18.427069,2025-04-13 22:25:51.259913,0 days 00:01:32.832844,0.9005067859380949,0.3327222973220225,2,0.02852337644883375,0.010530197523007148,0.016878703213569757,0.07157553505900353,0.023423327697811105,0.05293809034170863,3.5157298905037354e-05,28,25,0.06370452017536353,0.16328227198042317,True,True,True,2.787810040393259e-05,COMPLETE
239,0.4051206946372986,2025-04-13 22:25:51.345181,2025-04-13 22:27:23.244130,0 days 00:01:31.898949,0.907448053219055,0.2960724601796285,2,0.027697880885539806,0.006659307000741388,0.017183212893744058,0.06935080256167585,0.014449453213445465,0.05541589432419076,3.5582295547341265e-05,28,26,0.07396234582266685,0.14187985747019632,True,True,True,2.8617682876385647e-05,COMPLETE
240,0.37984520196914673,2025-04-13 22:27:23.318724,2025-04-13 22:28:55.046927,0 days 00:01:31.728203,0.8997474313784601,0.296939389275171,2,0.028783938025531062,0.01004705908893049,0.017552608689515668,0.06716540883410221,0.012902443766332039,0.05494279975825428,5.152915482198319e-05,28,24,0.07356992178845084,0.14291099110314917,True,True,True,2.960227356020594e-05,COMPLETE
241,0.42890117168426517,2025-04-13 22:28:55.122331,2025-04-13 22:30:27.981777,0 days 00:01:32.859446,0.9291156656306967,0.34172245900839554,2,0.027265791172430356,0.012814039920959235,0.015939417598186508,0.06970612483952035,0.01384919228124374,0.05552504376712892,3.421737798211671e-05,28,26,0.06975192411999705,0.1575101626858245,True,True,True,2.3499861872683468e-05,COMPLETE
242,0.37253220081329347,2025-04-13 22:30:28.058173,2025-04-13 22:32:01.112707,0 days 00:01:33.054534,0.9062613316376873,0.35056125675527744,2,0.026085739323041944,0.012366553698151579,0.01710736705823363,0.06988194068308637,0.012076312928213333,0.05478195620982098,3.417373864711917e-05,28,26,0.07115935867192578,0.15580045566263528,True,True,True,2.472293717574614e-05,COMPLETE
243,0.4213636040687561,2025-04-13 22:32:01.189069,2025-04-13 22:33:32.579186,0 days 00:01:31.390117,0.9350810936069477,0.3244324896753896,2,0.025149721674501597,0.0082287964939176,0.014131288790342946,0.06875405942310635,0.014825073263861054,0.05302025295790272,4.0256895137358024e-05,28,25,0.07706004462845933,0.14962759592301728,True,True,True,1.7976609529840557e-05,COMPLETE
244,0.30956095457077026,2025-04-13 22:33:32.655481,2025-04-13 22:35:04.890637,0 days 00:01:32.235156,0.8860332122643577,0.3267940898680135,2,0.028355230804259866,0.008364887628012012,0.015200586177534711,0.06456237646319034,0.014133582936568141,0.051341393808796223,4.5779949036932066e-05,28,24,0.07598015583416377,0.14610352445430191,True,True,True,1.9587500421560758e-05,COMPLETE
245,0.4125216841697693,2025-04-13 22:35:04.976985,2025-04-13 22:36:36.506534,0 days 00:01:31.529549,0.9362769337865876,0.36411845241049956,2,0.02377062142189118,0.011817221084679662,0.013139597544088529,0.067938192226279,0.018859334820799878,0.05309415290808228,5.866006359675337e-05,28,21,0.0706269672314703,0.14997171022400255,True,True,True,1.2174365529632662e-05,COMPLETE
246,0.4135814905166626,2025-04-13 22:36:36.583551,2025-04-13 22:38:05.740299,0 days 00:01:29.156748,0.9367562652022234,0.36999041258124893,2,0.022571654944644585,0.013097559574957836,0.014155845639379907,0.07091465867171644,0.017973092951454796,0.053339125049358005,5.358028719363944e-05,27,18,0.0694052361908941,0.16430155137390945,True,True,True,1.1754590829036899e-05,COMPLETE
247,0.3677008390426636,2025-04-13 22:38:05.818469,2025-04-13 22:39:35.398414,0 days 00:01:29.579945,0.9381251126526257,0.38439199182615563,2,0.0225336296323813,0.012503405959982327,0.013650329944393226,0.06743418662057553,0.017711079788271748,0.04899551424983146,6.40713584735611e-05,27,16,0.0696691870696138,0.1315038050713117,True,True,True,2.024670101378088e-05,COMPLETE
248,0.4016745090484619,2025-04-13 22:39:35.475760,2025-04-13 22:41:04.625051,0 days 00:01:29.149291,0.9370768575025182,0.35520167063792374,2,0.020271968076049574,0.0011375643955470935,0.012751379061343911,0.06883698421453244,0.01816630261344774,0.05300752327006788,5.6118987522105864e-05,27,19,0.07124644593387872,0.166593291108705,True,True,True,1.2595459180255221e-05,COMPLETE
249,0.3555753588676453,2025-04-13 22:41:04.702907,2025-04-13 22:41:39.858020,0 days 00:00:35.155113,0.9416049776382044,0.3235814373727384,2,0.03507180527070855,0.013685778013623215,0.01425871579412767,0.07073616450224854,0.011833584374020928,0.051231701854638226,5.407997920027621e-05,7,20,0.0675316788246968,0.15867561820561027,True,True,True,1.4516670693374927e-05,COMPLETE
250,0.28931196928024294,2025-04-13 22:41:39.937589,2025-04-13 22:43:11.096819,0 days 00:01:31.159230,0.9239514008703167,0.400652588891736,2,0.0097122247572826,0.006630619113121681,0.011220627975854158,0.06561249819427875,0.010039245605347826,0.05390322026254914,3.8963418325843325e-05,28,14,0.07912764215830341,0.1627466887026524,True,True,True,2.5376887979322267e-05,COMPLETE
251,0.34134703278541567,2025-04-13 22:43:11.184813,2025-04-13 22:44:40.493413,0 days 00:01:29.308600,0.9116740332630952,0.3491154052722698,2,0.024265247194881885,0.01102144664922398,0.015106899336634828,0.0709678718731683,0.019327149801799618,0.049555455745704385,5.0320379804535166e-05,27,18,0.06714015951089532,0.1488282270958513,True,True,True,1.8904030142479743e-05,COMPLETE
252,0.3115204691886902,2025-04-13 22:44:40.572030,2025-04-13 22:46:10.663158,0 days 00:01:30.091128,0.8577007833224702,0.3682330970020593,2,0.0353455167466537,0.0060911450918701565,0.013523294911924538,0.06315539294547463,0.015783444370151434,0.05276094092391236,7.882043392556637e-05,28,22,0.06932413250037514,0.16208834427222327,True,True,False,1.2089000283794995e-05,COMPLETE
253,0.2636231005191803,2025-04-13 22:46:10.742256,2025-04-13 22:47:42.021402,0 days 00:01:31.279146,0.8773391458507538,0.33517111274181166,2,0.017206248182452696,0.015065072555704403,0.01632917176815677,0.06774755408917862,0.01927341883622341,0.055769066833121744,3.804280022905981e-05,28,22,0.06448568362940865,0.1490689481903579,False,True,True,2.5520406436870206e-05,COMPLETE
254,0.293805193901062,2025-04-13 22:47:42.101754,2025-04-13 22:49:16.234305,0 days 00:01:34.132551,0.9526267205045098,0.31647929277073306,2,0.024172883149157175,0.004935019345652589,0.011202705787731073,0.07104421566413362,0.02129356278053431,0.051254083536298845,6.47832648685809e-05,27,103,0.07035638149796396,0.17046748395704286,True,True,True,3.9298205240299415e-05,COMPLETE
255,0.3756285548210144,2025-04-13 22:49:16.313196,2025-04-13 22:50:46.508911,0 days 00:01:30.195715,0.9250608932308144,0.32675309356746557,2,0.03941403690922028,0.0003125875119657489,0.014211862739083005,0.07326557285768981,0.0015645943879876514,0.04727976999688099,3.301231264510135e-05,27,26,0.06791304753406505,0.12092733175653107,True,True,True,1.7287298696099717e-05,COMPLETE
256,0.23750867843627932,2025-04-13 22:50:46.589469,2025-04-13 22:52:23.353222,0 days 00:01:36.763753,0.9067918319976308,0.2787103699431468,2,0.03161360675471457,0.016588581163058298,0.01883138720162689,0.06807373660114444,0.022315148148765247,0.05384431537631681,4.436439546196459e-05,28,115,0.07723539549478364,0.1564597413315687,True,True,True,0.00010758056329122883,COMPLETE
257,0.2713345050811768,2025-04-13 22:52:23.443242,2025-04-13 22:53:59.332663,0 days 00:01:35.889421,0.5908664074357197,0.39756393456111916,2,0.04223310255109645,0.012112219872584224,0.009509945149449656,0.07025855896006644,0.016015247709353787,0.05662604831442558,3.1866396894478826e-05,28,67,0.07171903026632029,0.1661663908968531,True,True,True,2.8440367069283906e-05,COMPLETE
258,0.39940361976623534,2025-04-13 22:53:59.413631,2025-04-13 22:55:34.832462,0 days 00:01:35.418831,0.9495330782424303,0.367415977080609,2,0.047567484564108586,0.008376648168353262,0.01594198167472648,0.06629041561686903,0.023161693125166288,0.05492551956304594,5.453184365797511e-05,29,31,0.06528649407049572,0.1356303094798501,True,True,True,4.6922855786153384e-05,COMPLETE
259,0.1888286888599396,2025-04-13 22:55:34.913798,2025-04-13 22:57:04.823230,0 days 00:01:29.909432,0.9746881067575979,0.3396328959196927,2,0.02755373255607913,0.1324815833296231,0.012212684343786594,0.07408015013607967,0.01740673702156626,0.05750173421814034,4.0337629865317316e-05,27,17,0.08184617270584846,0.1764276582812241,True,True,True,2.2001399449182432e-05,COMPLETE
260,0.39800350666046147,2025-04-13 22:57:04.905099,2025-04-13 22:58:40.149963,0 days 00:01:35.244864,0.8948132736826157,0.30338445737675784,2,0.03565386166371032,0.0164180053155137,0.01803045591123478,0.06901800832950784,0.0063275263443807765,0.05248169556560994,5.869439499594349e-05,29,30,0.06839772400866782,0.15341883069376722,True,True,True,8.491792034120479e-05,COMPLETE
261,0.2014796078205109,2025-04-13 22:58:40.231806,2025-04-13 23:00:24.647931,0 days 00:01:44.416125,0.8546400551448015,0.27927908085131076,2,0.015336714566592134,0.010454870410138777,0.01441938909429766,0.07169484979350593,0.019181065868962153,0.05975358708840215,4.54161897709008e-05,30,149,0.07239720866035339,0.1394118476868148,True,True,True,3.1362162175649404e-05,COMPLETE
262,0.3821490049362183,2025-04-13 23:00:24.729258,2025-04-13 23:00:57.437164,0 days 00:00:32.707906,0.9286854858449192,0.3248042750547491,8,0.03111690145606361,0.0003964257327321308,0.01580209189695157,0.07533318792256806,0.02081725529770228,0.04951387943811568,3.429031156433571e-05,28,22,0.06338805930724203,0.14531759618679255,True,True,True,4.311689803853643e-05,COMPLETE
263,0.34217154383659365,2025-04-13 23:00:57.529329,2025-04-13 23:02:29.585357,0 days 00:01:32.056028,0.5144552921652146,0.35446089342486553,2,0.023888692125584587,0.018396793445347837,0.021751365875350558,0.07092093958726263,0.02681335297788697,0.05605548028383247,3.0123491211801e-05,28,25,0.06750306049080795,0.16182518502789606,True,True,True,2.18746090407059e-05,COMPLETE
264,0.3399248600006104,2025-04-13 23:02:29.668057,2025-04-13 23:04:04.917330,0 days 00:01:35.249273,0.8793981974667161,0.28975286821052537,2,0.03961631384857787,0.0075133941660651335,0.012548443978202942,0.0727161649519104,0.022714089920752717,0.053583985369934195,7.546034921247545e-05,29,20,0.06579711023294693,0.16862288543830023,True,True,True,3.2846272662328456e-05,COMPLETE
265,0.40890871286392216,2025-04-13 23:04:04.999833,2025-04-13 23:05:42.075106,0 days 00:01:37.075273,0.9158895747131766,0.26017562080044343,2,0.04707076686274829,0.01829274997357619,0.0179429838467064,0.06833317607724532,0.015942606228876496,0.059300837572805645,3.867551719889949e-05,30,26,0.07035068680866935,0.15051473113221345,True,True,True,1.4313554756467367e-05,COMPLETE
266,0.3863853931427002,2025-04-13 23:05:42.158071,2025-04-13 23:07:19.924528,0 days 00:01:37.766457,0.9434653403747988,0.2529835408787339,2,0.04921635987848033,0.01929532195004354,0.0184852566770213,0.06527261519503026,0.014122250826928761,0.059788459982152965,4.7689918405130344e-05,30,30,0.0702715529241383,0.14989156925922792,True,True,True,1.4974945320277837e-05,COMPLETE
267,0.41038562059402467,2025-04-13 23:07:20.008965,2025-04-13 23:08:57.277235,0 days 00:01:37.268270,0.9166365378124064,0.2550651660710526,2,0.04480296290642194,0.015942089703680405,0.01412207830155962,0.06879178621093443,0.0160226783797069,0.057932437613631364,5.885088908967427e-05,30,27,0.07508830986058274,0.14322872320657415,True,True,True,8.240726177281492e-06,COMPLETE
268,0.3550940752029419,2025-04-13 23:08:57.371645,2025-04-13 23:10:38.001456,0 days 00:01:40.629811,0.9234722785612896,0.2755973363343244,2,0.049226175304677613,0.015849174220870788,0.009645554934543221,0.06694478573094509,0.015925801559392994,0.05885876014738911,5.961908409223054e-05,30,58,0.07484878073269557,0.14286231534646388,True,True,True,9.104325804189762e-06,COMPLETE
269,0.31906493902206423,2025-04-13 23:10:38.085556,2025-04-13 23:12:15.444371,0 days 00:01:37.358815,0.3637227828192898,0.4268631313873317,2,0.045298059880736624,0.015794098825003874,0.01309298406364463,0.06902735308178146,0.018265633900284912,0.05761665039626396,8.26923520168205e-05,30,23,0.07804200679147175,0.13563641084115596,True,True,True,5.6905179757432e-06,COMPLETE
270,0.40983655452728274,2025-04-13 23:12:15.528716,2025-04-13 23:13:52.583763,0 days 00:01:37.055047,0.9673096078574155,0.2627568193675302,2,0.03526379146298485,0.021239091357055033,0.014026066384096102,0.06326406313796126,0.013059029075652439,0.06002835669325579,0.0007308020911297965,30,18,0.07362116551600642,0.14932310062851775,True,True,True,1.3916602828625809e-05,COMPLETE
271,0.2130837678909302,2025-04-13 23:13:52.669457,2025-04-13 23:15:34.488944,0 days 00:01:41.819487,0.9706494810291575,0.26698367724024885,2,0.1762537625691623,0.021606326128073707,0.010945990511416929,0.062219433591127596,0.012308495364257072,0.060058008019236685,0.003317620603960839,30,85,0.07262694787757532,0.1472812085280808,True,True,True,1.1518358684965002e-05,COMPLETE
272,0.26004891395568847,2025-04-13 23:15:34.574470,2025-04-13 23:17:09.688410,0 days 00:01:35.113940,0.956071235207143,0.2591579092604883,2,0.033669474350042056,0.006485181911927064,0.014294190603286419,0.06500519901881592,0.01370017686326559,0.05519508008291806,6.219556607143285e-05,30,15,0.07487980688265293,0.15421398233968606,True,True,False,1.3125636344380037e-05,COMPLETE
273,0.2888157725334167,2025-04-13 23:17:09.784203,2025-04-13 23:18:46.215553,0 days 00:01:36.431350,0.9817540762042541,0.29297397049129037,2,0.04942932080788743,0.01343391740796828,0.009390244830658985,0.06869607869039701,0.01636246254183215,0.05726169335525802,4.7299818176724385e-05,30,18,0.07041186561399441,0.14282283373529203,False,True,True,1.5531050994298893e-05,COMPLETE
274,0.1888286888599396,2025-04-13 23:18:46.301410,2025-04-13 23:20:15.198067,0 days 00:01:28.896657,0.9447947868739915,0.23036386249564564,2,0.019514404864918542,0.21873604834532073,0.01158699225284089,0.06352466635638628,0.015480985579629852,0.060831929265490206,4.056254822509231e-05,27,13,0.07657427066244012,0.13092407123178143,True,True,True,1.01772070644869e-05,COMPLETE
275,0.24302608370780948,2025-04-13 23:20:15.283547,2025-04-13 23:21:51.752773,0 days 00:01:36.469226,0.873725276537946,0.30715420936481846,2,0.036242776528247186,0.003891815114250503,0.014177906524552192,0.06711703997071683,0.018301893834043126,0.055360526569995745,0.012859594557004014,30,20,0.07245266414659389,0.1581464638671427,True,True,True,8.644074881517827e-06,COMPLETE
276,0.3480595231056214,2025-04-13 23:21:51.839451,2025-04-13 23:23:28.455833,0 days 00:01:36.616382,0.9636638710657484,0.24309412061572788,2,0.043795471974556986,0.01992700116237968,0.021213895130820885,0.0696905461667815,0.009218989200578653,0.05121674424788767,0.0016065621544256422,29,17,0.07424221013614805,0.15072052804625785,True,True,True,1.2735274915836524e-05,COMPLETE
277,0.1888286888599396,2025-04-13 23:23:28.542677,2025-04-13 23:24:59.333052,0 days 00:01:30.790375,0.2307807686338249,0.26979344342452233,2,0.052367994537296986,0.14817433398332777,0.018749954879995596,0.07353911930319648,0.006744234683619167,0.0573684476956756,0.0004916617193174753,27,26,0.06932305885240739,0.18147516185488197,True,True,True,7.3996916738988725e-06,COMPLETE
278,0.2858330845832825,2025-04-13 23:24:59.429541,2025-04-13 23:26:34.054356,0 days 00:01:34.624815,0.8510439625572818,0.22431128405086903,2,0.03434517319687508,0.012091727855535677,0.014978058417337781,0.06861062209939388,0.02045740321780383,0.0587330883577596,0.0006953932752529834,29,22,0.07350693631157024,0.1453066473578795,True,True,True,4.284551556992112e-06,COMPLETE
279,0.1888286888599396,2025-04-13 23:26:34.141321,2025-04-13 23:27:14.336978,0 days 00:00:40.195657,0.9376664324948704,0.2557220121745075,2,0.024141094044069184,0.2863948872036002,0.012686684827211598,0.07111199532848782,0.010032488334320716,0.054379543745072804,5.4921826688616405e-05,9,23,0.07070485494455785,0.03315898283021243,True,True,True,1.6632738476259536e-05,COMPLETE
280,0.3612466931343079,2025-04-13 23:27:14.425395,2025-04-13 23:27:46.826476,0 days 00:00:32.401081,0.899147354084966,0.28902126511638465,2,0.04235182208540227,0.02014269415916115,0.015878368620242066,0.07600583268351804,0.011928680393373891,0.0603878321337523,6.348962560852432e-05,6,20,0.06736201964544235,0.1243116534255142,True,True,True,2.0524749730394384e-05,COMPLETE
281,0.3480454206466675,2025-04-13 23:27:46.914213,2025-04-13 23:29:19.058592,0 days 00:01:32.144379,0.8815797025759948,0.3048330669577271,2,0.0104128574424934,0.0004721537651325453,0.01129411257661685,0.07411088966365083,0.0172940896787608,0.0572519500280443,4.096086791666044e-05,28,26,0.06886086098936063,0.1768466297306642,True,True,True,5.3270591952175865e-05,COMPLETE
282,0.3412787675857544,2025-04-13 23:29:19.146726,2025-04-13 23:29:53.338219,0 days 00:00:34.191493,0.9155675185983115,0.22216074887610637,8,0.029353000715514038,0.010181735972001045,0.018363911032724615,0.06638850328933925,0.02191722991001978,0.048243926383608395,5.0595394122170513e-05,30,26,0.0747961729782691,0.13853984676371253,True,True,True,1.0784437441066084e-05,COMPLETE
283,0.3757996201515198,2025-04-13 23:29:53.426309,2025-04-13 23:31:28.044045,0 days 00:01:34.617736,0.9996084311180399,0.7599193852248748,2,0.038246542267426326,0.020907545955067296,0.01370928896627373,0.07017027982025123,0.014830289176582615,0.051131514342381786,3.749808753460434e-05,29,18,0.07118477003152594,0.15422440318284497,True,True,True,1.5453000348435245e-05,COMPLETE
