number,value,datetime_start,datetime_complete,duration,params_alpha-eval,params_alpha-train,params_batch-size,params_eps-eval,params_eps-train,params_lambda-actions-eval,params_lambda-actions-train,params_lambda-frames-eval,params_lambda-frames-train,params_learning-rate,params_n-epochs,params_n-frames,params_radius-gw,params_rho,params_std-feats,params_ub-actions,params_ub-frames,params_weight-decay,state
1310,0.32108625769615173,2025-04-14 06:22:46.765170,2025-04-14 06:23:04.549526,0 days 00:00:17.784356,0.6801148077795253,0.1503207545978243,16,0.0204435802428625,0.10702065181257668,0.07005946047415697,0.09681493080690283,0.09991470896617448,0.09481945405035909,0.014178294045747676,14,26,0.0961295136128807,0.11736124319058368,True,False,True,0.00035063524681457916,COMPLETE
1311,0.1955632448196411,2025-04-14 06:23:04.972525,2025-04-14 06:23:22.740349,0 days 00:00:17.767824,0.9476252753406331,0.18663444839222867,16,0.1828972308295152,0.11234675829916627,0.07507554487853453,0.08747496526833959,0.07195363541953498,0.09303114464942923,0.008519864451201826,14,30,0.09293632030219459,0.1018532536917344,True,True,True,0.0002502160983907815,COMPLETE
1312,0.37279169559478764,2025-04-14 06:23:23.164510,2025-04-14 06:23:41.551428,0 days 00:00:18.386918,0.8854876151402384,0.21003616442417208,16,0.014065560621757955,0.12101403426227267,0.07236425214458743,0.09386450674633345,0.09163537448057008,0.09734898053049307,0.010171364390490935,15,33,0.09162471510572744,0.11073595839300043,True,True,True,0.00015313724330724007,COMPLETE
1313,0.3445576548576355,2025-04-14 06:23:41.971945,2025-04-14 06:24:00.423540,0 days 00:00:18.451595,0.9823401109904245,0.10203249682039577,16,0.025481646686277,0.12736287809520652,0.06763413329205344,0.09199104808271653,0.08917389914387316,0.08231873102248702,0.020041344886068263,16,24,0.09023864524577474,0.1162103380586689,True,True,True,0.0004498956203618753,COMPLETE
1314,0.43840787410736093,2025-04-14 06:24:00.843660,2025-04-14 06:24:18.766522,0 days 00:00:17.922862,0.9167973812637561,0.1647625765601128,16,0.005453025567423973,0.11637723892804512,0.07054659233335611,0.09693114325905089,0.09630869671776182,0.09516999573097183,0.006987632039069024,14,28,0.09483448150525417,0.10852096811519896,True,True,True,8.268708074717403e-05,COMPLETE
1315,0.1888286888599396,2025-04-14 06:24:19.206820,2025-04-14 06:24:36.361463,0 days 00:00:17.154643,0.964131811879727,0.19467599133576852,16,0.000247740702652717,0.29240475301609337,0.0736436824165393,0.09510447583305438,0.09189355119987497,0.09189820650377625,0.011665403121365695,15,9,0.09246939098830005,0.11900164808802889,True,True,True,0.0003071457792897575,COMPLETE
1316,0.4025174260139466,2025-04-14 06:24:36.788503,2025-04-14 06:24:55.011253,0 days 00:00:18.222750,0.9334344755073878,0.21627205164316,16,0.010313600046226949,0.1335255217589468,0.07850052944247804,0.08905227884072663,0.09455202074093738,0.08451490665899053,0.005596479370357655,15,34,0.08837767532189955,0.09341777064521263,True,True,True,0.00020435446212955643,COMPLETE
1317,0.4601360440254212,2025-04-14 06:24:55.438760,2025-04-14 06:25:14.078882,0 days 00:00:18.640122,0.9654565799996226,0.17690305961881264,16,0.01899419706820816,0.10548825090618055,0.07576506065239615,0.09825140471868428,0.09812230861305384,0.09738153172704249,0.016568905192347695,16,30,0.08940698477201806,0.10168395113018269,True,True,True,0.0002615633744428342,COMPLETE
1318,0.3707919239997864,2025-04-14 06:25:14.503725,2025-04-14 06:25:32.370668,0 days 00:00:17.866943,0.9467879396475305,0.12136993248946616,16,0.04045726913532931,0.11284817026834601,0.07174554964424816,0.0938774950818301,0.09065968783927489,0.09999143348057883,0.012553755398841265,14,22,0.09720604925036005,0.1126685889269049,True,True,True,0.000387334565373674,COMPLETE
1319,0.45094468593597414,2025-04-14 06:25:32.797402,2025-04-14 06:25:51.200855,0 days 00:00:18.403453,0.9086338533429367,0.142652887274486,16,0.013847821629518541,0.12497275358419424,0.06718249211131645,0.09675548923567447,0.09350557448085645,0.0937426240270926,0.008534308489475229,15,27,0.09111797815332547,0.12199712617788082,True,True,True,0.000546619583680838,COMPLETE
1320,0.45331667661666875,2025-04-14 06:25:51.625024,2025-04-14 06:26:10.431212,0 days 00:00:18.806188,0.9834866013127039,0.20728795431438007,16,0.029174222926230335,0.11862432573350656,0.0696453063581546,0.08565732217889221,0.08266943806103065,0.09568572930422752,0.009862647494530297,16,32,0.08685352694423339,0.1166096485389136,True,True,True,0.00021930926355449024,COMPLETE
1321,0.3723834037780762,2025-04-14 06:26:10.852339,2025-04-14 06:26:29.573726,0 days 00:00:18.721387,0.9313053724661543,0.1639590436964565,16,0.02290415257304107,0.10609120686615706,0.0738137299832185,0.09193488590983108,0.07517981344159798,0.09121498176258239,0.0070510026807274135,14,53,0.0897491792903362,0.10490148800226388,True,True,True,0.00031173717689098827,COMPLETE
1322,0.35856564044952394,2025-04-14 06:26:29.996496,2025-04-14 06:26:47.830334,0 days 00:00:17.833838,0.9540685747827264,0.1937766934020686,16,0.006285178194973583,0.11213893389291331,0.08068937646207457,0.0999923535830857,0.08815153244258547,0.09790407199724145,0.01314045114650275,15,35,0.08712625877272082,0.01917807178391323,False,True,True,0.00015206122359784805,COMPLETE
1323,0.4558958649635315,2025-04-14 06:26:48.271940,2025-04-14 06:27:06.183316,0 days 00:00:17.911376,0.9821738283781066,0.21953721069908344,16,0.010717995576182573,0.12127367996210396,0.07704556930454617,0.09568863648425849,0.09598086536547715,0.08797918920583377,0.009597396155370936,14,29,0.09948566169733053,0.12191302746706502,True,True,True,0.0003887320589268097,COMPLETE
1324,0.3705112457275391,2025-04-14 06:27:06.615734,2025-04-14 06:27:24.400170,0 days 00:00:17.784436,0.8962744752314974,0.17981552691072966,16,0.018699102913171298,0.131562781957886,0.07205249505709133,0.09777267482544233,0.0923580094756212,0.07599949537207648,0.024743547423065695,15,26,0.09228346352220534,0.11242374654809502,True,True,False,0.00026693799483632483,COMPLETE
1325,0.3800079941749573,2025-04-14 06:27:24.829051,2025-04-14 06:27:43.599220,0 days 00:00:18.770169,0.999893682231035,0.20720372932268233,16,0.0248844983302487,0.14378219863719738,0.07518700843407772,0.093757683940965,0.08582610713940661,0.09305210070388682,0.01568766139922565,16,31,0.08823293793450175,0.10911527949305433,True,True,True,0.00017763201409186022,COMPLETE
1326,0.43374123573303225,2025-04-14 06:27:44.027264,2025-04-14 06:28:01.754244,0 days 00:00:17.726980,0.9658984354367312,0.14645010393744295,16,0.03375217395986603,0.10561325820395163,0.04553226292548224,0.0967730997334794,0.09019970813085872,0.09492880109367854,0.007737586318556678,14,24,0.08577159329331933,0.11809964676014521,True,True,True,0.00012492066054354533,COMPLETE
1327,0.20487986803054808,2025-04-14 06:28:02.183236,2025-04-14 06:28:20.689900,0 days 00:00:18.506664,0.48807998132970576,0.17982361984744144,16,0.1703626937806267,0.11443918917764104,0.07045030397678996,0.09033298676289021,0.09455803262375222,0.09692720315827125,0.010817176620655674,15,35,0.09337964852359833,0.12512499190553594,True,True,True,0.0004580444011906347,COMPLETE
1328,0.3748507022857666,2025-04-14 06:28:21.121482,2025-04-14 06:28:39.777120,0 days 00:00:18.655638,0.9292826292856637,0.22495588625048057,16,0.015896764897659996,0.12616418576616914,0.06888379506932364,0.09549200466800106,0.09815227476208463,0.09106330630277171,0.006239019726892875,16,28,0.09025629431480552,0.11569009362924475,True,True,True,0.0003399534736516634,COMPLETE
1329,0.45287979841232306,2025-04-14 06:28:40.202187,2025-04-14 06:28:57.836483,0 days 00:00:17.634296,0.9999362437812083,0.1596438790013231,16,0.006118982445122965,0.12057583049932019,0.07375209477955327,0.09810129543934243,0.09261058936488745,0.08600764150775807,0.01227217086486726,14,32,0.08475988712167351,0.10272178053120101,True,False,True,0.00022792311522952332,COMPLETE
1330,0.42618230581283567,2025-04-14 06:28:58.264960,2025-04-14 06:29:16.675333,0 days 00:00:18.410373,0.9469725774998636,0.19590038568405754,16,0.011638490483192295,0.10917302140316587,0.04278042746755131,0.0928684811355269,0.09086960651040878,0.09994509338066411,0.008709962487682793,15,29,0.08818854914696563,0.12361147073705836,True,True,True,7.761879279853808e-07,COMPLETE
1331,0.1888286888599396,2025-04-14 06:29:17.101239,2025-04-14 06:29:34.535457,0 days 00:00:17.434218,0.9722198024924257,0.21357517983545526,16,0.021262375056590056,0.1356891191943128,0.06678627180394017,0.09506728328890351,0.08895503831869729,0.09346541191360416,0.01875063737107807,14,21,0.08627595964709273,0.09758048633733582,True,True,True,0.0002925340055095508,COMPLETE
1332,0.4162618160247803,2025-04-14 06:29:34.980877,2025-04-14 06:29:53.284455,0 days 00:00:18.303578,0.8761539343454811,0.18480967391222655,16,0.028590426657309334,0.11577449278492938,0.07820254904273483,0.09816121984953434,0.09691051042968173,0.08973068099983368,0.010172073711258197,15,33,0.09510479776709416,0.11178390886481586,True,True,True,0.0006011737853219699,COMPLETE
1333,0.4183966994285584,2025-04-14 06:29:53.716765,2025-04-14 06:30:12.464682,0 days 00:00:18.747917,0.9136631272986857,0.12886456331130433,16,0.00790863954084126,0.10278721205142478,0.07171424305618403,0.09176702995667756,0.0948439508875413,0.09594048003543076,0.004002250505921869,16,26,0.07844663325028216,0.0903357359013624,True,True,True,0.0001941645089769214,COMPLETE
1334,0.31162549853324895,2025-04-14 06:30:12.896887,2025-04-14 06:30:31.158853,0 days 00:00:18.261966,0.03275151311482527,0.22691579759236546,16,0.015513819293545079,0.12627175504103433,0.07585449759899673,0.09658177201102347,0.09365010751017516,0.08045427969665049,0.00773829570197983,15,36,0.08423659921394909,0.12082752806423454,True,True,True,0.0003943403108415231,COMPLETE
1335,0.45082933902740485,2025-04-14 06:30:31.588434,2025-04-14 06:30:49.688605,0 days 00:00:18.100171,0.9469935285584122,0.16468522639559513,16,0.02321816968977525,0.11012433816401702,0.07294806251027358,0.0940060140651965,0.08635208935640787,0.09775629380289824,0.014440651594759941,14,31,0.0903857155937418,0.10680279745519455,True,True,True,0.0002481318402541202,COMPLETE
1336,0.34326578974723815,2025-04-14 06:30:50.119604,2025-04-14 06:31:08.543681,0 days 00:00:18.424077,0.5469440158573289,0.19785476439668087,16,0.004927421908467548,0.1198850583837742,0.06946025635958529,0.09832004426940946,0.09135427519871914,0.09179833677832729,0.005452970444517756,16,24,0.08726201457571817,0.12546368252523266,True,True,True,0.0004924076483167624,COMPLETE
1337,0.4575518488883973,2025-04-14 06:31:08.969149,2025-04-14 06:31:27.227400,0 days 00:00:18.258251,0.9788005080306145,0.22794077862496812,16,0.015574088072744113,0.10194500242488151,0.06776197316081882,0.08968074174657141,0.08367783569640837,0.09490164377568101,0.01182709049481434,15,28,0.08311165327064853,0.11626637931931899,True,True,True,0.00032106402588583127,COMPLETE
1338,0.46222127676010133,2025-04-14 06:31:27.658936,2025-04-14 06:31:45.571791,0 days 00:00:17.912855,0.9256791163632248,0.14760692356512256,16,0.03863055029752537,0.11541327819938174,0.07097283787635242,0.09561581480925962,0.07611734962937204,0.083866611302532,0.008940597576951974,14,33,0.08565146429602398,0.10911600878015372,True,True,True,0.0001560695263484509,COMPLETE
1339,0.1888286888599396,2025-04-14 06:31:46.021429,2025-04-14 06:32:03.646493,0 days 00:00:17.625064,0.9641658692105912,0.207335301956032,16,0.010022058484000954,0.12997165718975062,0.07458092759648621,0.09831628781238338,0.08876926212255937,0.08841164123574749,0.006821073892271804,15,18,0.08961361982099614,0.12836319075455738,True,True,True,0.00021984660346689453,COMPLETE
1340,0.36098756790161135,2025-04-14 06:32:04.084341,2025-04-14 06:32:21.411768,0 days 00:00:17.327427,0.9405785809291817,0.17748733157881047,16,0.029206410390060666,0.12315323737769272,0.07672525081940514,0.09356638644850629,0.09660653750997067,0.09805990107458587,0.015083636912730448,13,30,0.09318020972482172,0.11967352122126902,True,True,False,0.0003727916092258974,COMPLETE
1341,0.4038421750068665,2025-04-14 06:32:21.841859,2025-04-14 06:32:40.602420,0 days 00:00:18.760561,0.9844353318865009,0.19241653261441521,16,0.019475774975843477,0.10756709285680364,0.07265086328241867,0.09673529516256833,0.09264088503275889,0.0936076328400373,0.010668579849318472,16,35,0.08851256185387714,0.09955532809141648,True,True,True,0.0002743141240666192,COMPLETE
1342,0.3877339482307434,2025-04-14 06:32:41.034278,2025-04-14 06:32:58.897641,0 days 00:00:17.863363,0.9605756124953269,0.6100840056259302,16,0.00014969358695011916,0.11276710159125253,0.08294638572040315,0.09989771021991838,0.09482968145872143,0.09656161775232759,0.007751900266587855,14,26,0.08068992712684575,0.11528220084740802,True,True,True,0.00012382381351559675,COMPLETE
1343,0.3499970674514771,2025-04-14 06:32:59.329876,2025-04-14 06:33:15.719629,0 days 00:00:16.389753,0.8996210212831142,0.2227727749301385,16,0.07343303225661335,0.10404934736683871,0.07932760737079853,0.08671076804400477,0.0999449065492292,0.09042544662852149,0.028223732167096068,11,31,0.08472250068738561,0.1265934107393109,False,True,True,0.0004949488039225111,COMPLETE
1344,0.277301549911499,2025-04-14 06:33:16.150320,2025-04-14 06:33:34.296229,0 days 00:00:18.145909,0.9238867838819009,0.1625729474122294,16,0.11884313824799517,0.13968092746942853,0.06946453453887931,0.09160236260863282,0.09038613889829518,0.09237590949913664,0.009446404696905041,15,28,0.08236895567940931,0.10569670578657774,True,True,True,0.00018413678128658884,COMPLETE
1345,0.39232507944107053,2025-04-14 06:33:34.730431,2025-04-14 06:33:53.026854,0 days 00:00:18.296423,0.9533154939360654,0.20537172309581186,16,0.005771509043061383,0.11820330900798898,0.0742520704244964,0.09999386361178106,0.08728250401076147,0.08626639699235163,0.013225850223724904,14,37,0.09149148565015391,0.12075322039725203,True,True,True,0.00031651271161005823,COMPLETE
1346,0.33803843259811406,2025-04-14 06:33:53.460993,2025-04-14 06:34:11.397203,0 days 00:00:17.936210,0.9825863855753034,0.1378085011289685,16,0.012740151653991855,0.12915347730748045,0.0658132642561537,0.09515032635667128,0.09294189325596884,0.09994491808450087,0.004948958021230134,15,22,0.08641089912927263,0.11210344979065691,True,True,True,0.0002461227468132277,COMPLETE
1347,0.1888286888599396,2025-04-14 06:34:11.845731,2025-04-14 06:34:29.269181,0 days 00:00:17.423450,0.9380329256815896,0.18053953388629984,16,0.026339715613216498,0.1576344084037701,0.07144408740002338,0.09679791561841027,0.09739678322374475,0.0946660208523873,0.020571565127468126,13,33,0.03217524589579041,0.0942215679800669,True,True,True,0.0006121582864686461,COMPLETE
1348,0.4230426549911499,2025-04-14 06:34:29.706197,2025-04-14 06:34:48.232506,0 days 00:00:18.526309,0.969026895955314,0.23854969665099138,16,0.018257468352623818,0.11079464059183924,0.0677948148680092,0.0934243716372892,0.09121920190101487,0.08212852305581529,0.006578122705349539,16,29,0.08401891103226077,0.13001502867402237,True,False,True,0.0004192589668656138,COMPLETE
1349,0.34505255222320563,2025-04-14 06:34:48.667467,2025-04-14 06:35:06.649023,0 days 00:00:17.981556,0.9827657686789393,0.11148658321284588,16,0.03444472980315896,0.12296187763273685,0.07627606209381753,0.0972793583220943,0.09527716437278638,0.09605081920574196,0.011256228200396939,14,25,0.09679210528035267,0.12067614257811479,True,True,True,0.0001015428838184106,COMPLETE
1350,0.3062621593475342,2025-04-14 06:35:07.085609,2025-04-14 06:35:25.883886,0 days 00:00:18.798277,0.18678672804505464,0.21509993252240553,16,0.009873204994430215,0.11681513229453955,0.07241886523322827,0.09529501090845122,0.08929828110057123,0.09844073807502697,0.008888894837666346,16,35,0.08766758697209302,0.11462697827559448,True,True,True,0.0007655410906335505,COMPLETE
1351,0.45046150684356695,2025-04-14 06:35:26.317426,2025-04-14 06:35:44.665219,0 days 00:00:18.347793,0.9077326250773904,0.1632878890774074,16,0.023451200219243882,0.10230995537584835,0.07009446295364734,0.09996687410915525,0.05563337112308442,0.09176160745386343,0.01702677623949419,15,31,0.08146747394132822,0.1067993686378465,True,True,True,0.0001896673288393328,COMPLETE
1352,0.33978724479675293,2025-04-14 06:35:45.100278,2025-04-14 06:36:03.378668,0 days 00:00:18.278390,0.954877133742227,0.1981401211448564,16,0.00018396822171246527,0.1338350819654507,0.07435401913478626,0.0886124881929162,0.09347452332864341,0.08903055976034338,0.0077376512640430686,15,27,0.07870810847676937,0.12568834045136218,True,True,True,0.0003460220727223615,COMPLETE
1353,0.40281209945678714,2025-04-14 06:36:03.813273,2025-04-14 06:36:23.445257,0 days 00:00:19.631984,0.9326266564957272,0.22945501902149099,16,0.01580754603720193,0.1075893442653658,0.06868743748907692,0.09781727522246332,0.06516229020442915,0.09482370415963728,0.03516844678639788,14,82,0.07654167286140434,0.10185803916156871,True,True,True,0.00025665818288897046,COMPLETE
1354,0.3450639843940735,2025-04-14 06:36:23.898406,2025-04-14 06:36:41.462256,0 days 00:00:17.563850,0.9991376221935692,0.18015201699811445,16,0.005371469171713889,0.12184921666936073,0.07777643759791168,0.08384317907491608,0.09802042013158437,0.07888968119982648,0.01331935161102073,13,38,0.08594585781435152,0.13365475221017853,True,True,True,0.00015753412247655396,COMPLETE
1355,0.4540036916732788,2025-04-14 06:36:41.902736,2025-04-14 06:37:00.373217,0 days 00:00:18.470481,0.9668229149314002,0.15160980147085423,16,0.011491464737263427,0.11449745946404834,0.07120290485522472,0.09168135669327664,0.09163767898669829,0.09303918671571412,0.010508348395139123,15,34,0.08957569221928635,0.1111709016406126,True,True,True,0.00029278845296075586,COMPLETE
1356,0.3667046546936035,2025-04-14 06:37:00.812047,2025-04-14 06:37:19.711900,0 days 00:00:18.899853,0.9469727591832657,0.24138294875067676,16,0.00014791327819747038,0.127119560970916,0.08001415296603573,0.09446822487776924,0.09502356732813358,0.09669385911768019,0.008930110911306202,16,30,0.09427366213577976,0.14963308099132072,True,True,True,0.00045083903672527427,COMPLETE
1357,0.1888286888599396,2025-04-14 06:37:20.147233,2025-04-14 06:37:37.672286,0 days 00:00:17.525053,0.9131765868058024,0.5078189790515705,16,0.02020984826038405,0.14983473773981645,0.07314452675699297,0.09641290191532907,0.08871066563746016,0.09045444077155029,0.006089571610858517,14,23,0.08253720146773226,0.11904386399685939,True,True,True,0.00021833833204803379,COMPLETE
1358,0.43444850444793703,2025-04-14 06:37:38.105685,2025-04-14 06:37:56.036972,0 days 00:00:17.931287,0.8852481868364542,0.2109149571275139,16,0.028360098358905527,0.10164234575886219,0.06732306904275107,0.09825735178819586,0.09344740830162299,0.09810176687296511,0.011669685789138844,14,27,0.09141211243665043,0.12486411544282977,True,True,True,0.0003497906219684701,COMPLETE
1359,0.2667859077453614,2025-04-14 06:37:56.472478,2025-04-14 06:38:15.964449,0 days 00:00:19.491971,0.9799091387993126,0.190082382313154,16,0.01625221397263093,0.10955078253971189,0.07559817787464103,0.09359768320818546,0.09019583122862372,0.08743948353961686,0.016098415503938555,15,75,0.08420365672262062,0.11392386377291756,True,True,False,0.0002716848409757488,COMPLETE
1360,0.36159081459045417,2025-04-14 06:38:16.423387,2025-04-14 06:38:33.405731,0 days 00:00:16.982344,0.937198014143599,0.12327241091239526,16,0.010006684070805565,0.11920251789998988,0.0702379009418301,0.09533032452248097,0.08681564086570587,0.08495649940815303,0.007475441629528648,13,32,0.08801416199216451,0.14010594161452783,False,True,True,0.0005219032811406793,COMPLETE
1361,0.44885159730911256,2025-04-14 06:38:33.845714,2025-04-14 06:38:52.585796,0 days 00:00:18.740082,0.9623058417288067,0.2270293739093079,16,0.021975224351490748,0.12405668127315359,0.06512349293354819,0.09129128249899368,0.09631332692678736,0.09447149204006089,0.010593454584763493,16,29,0.08620291972360296,0.12991893105774954,True,True,True,0.0002026709752901466,COMPLETE
1362,0.455030369758606,2025-04-14 06:38:53.026338,2025-04-14 06:39:11.407790,0 days 00:00:18.381452,0.9233127000939759,0.16957305527439556,16,0.005982875308305856,0.11478444152746253,0.07294233901727155,0.09813724691506608,0.09195433775735358,0.09282105537910994,0.021401652690213557,15,35,0.08027920507996537,0.11920480542149132,True,True,True,0.00013715761407959975,COMPLETE
1363,0.36047810316085815,2025-04-14 06:39:11.845651,2025-04-14 06:39:29.557548,0 days 00:00:17.711897,0.9827707238070874,0.6738490230146359,16,0.014194684937664069,0.13335655013215922,0.07794220935046445,0.09625499055471054,0.09425771801788355,0.09697695590901735,0.013221119452743953,14,25,0.08888011888644468,0.10582738551559623,True,True,True,0.000384368079395378,COMPLETE
1364,0.46095613241195676,2025-04-14 06:39:30.001096,2025-04-14 06:39:48.367192,0 days 00:00:18.366096,0.9584228285661319,0.19901332716874584,16,0.030118836812340632,0.10635201167035818,0.07522419500626211,0.08953973202858856,0.09012093976346079,0.09551963719987669,0.009114019303113383,15,32,0.08393601422938533,0.09782961444289773,True,True,True,0.000286028562933058,COMPLETE
1365,0.1888286888599396,2025-04-14 06:39:48.802595,2025-04-14 06:40:05.519810,0 days 00:00:16.717215,0.9456144138620795,0.08857349666731837,16,0.23299165264334315,0.10054222316993545,0.07090892599640554,0.015901880157137907,0.09858632828639544,0.08913838631370444,0.0057034479920844905,11,39,0.09197131314281205,0.12252730974630228,True,True,True,0.00022776539765971852,COMPLETE
1366,0.472036349773407,2025-04-14 06:40:05.958977,2025-04-14 06:40:24.437927,0 days 00:00:18.478950,0.9994686612577168,0.2163909917886456,16,0.022892040906336016,0.11202773472046476,0.06851584827725286,0.0929953908766736,0.08539568152043507,0.09840772134968497,0.008254626039202902,16,29,0.08709119162826179,0.08780501137925216,True,True,True,0.0001661553014270533,COMPLETE
