number,value,datetime_start,datetime_complete,duration,params_alpha-eval,params_alpha-train,params_batch-size,params_eps-eval,params_eps-train,params_lambda-actions-eval,params_lambda-actions-train,params_lambda-frames-eval,params_lambda-frames-train,params_learning-rate,params_n-epochs,params_n-frames,params_radius-gw,params_rho,params_std-feats,params_ub-actions,params_ub-frames,params_weight-decay,state
1937,0.2854064762592316,2025-04-16 08:11:56.643211,2025-04-16 08:12:23.652664,0 days 00:00:27.009453,0.5268848293251683,0.18326647316491876,8,0.08842319854530796,0.18335297980503756,0.09804257244135563,0.03487131214909433,0.016676659002412046,0.09820801042679533,0.015014508320180203,20,17,0.052242176591646275,0.21082552660628187,True,False,True,1.7041899178530059e-06,COMPLETE
1938,0.3112676620483399,2025-04-16 08:12:24.298459,2025-04-16 08:12:51.218810,0 days 00:00:26.920351,0.5020869125691654,0.2071139542547025,8,0.07167045411843193,0.16406851541771367,0.09405934403991448,0.03789722192520405,0.09658431874445732,0.09997785497303012,0.009214883521818986,20,23,0.047065550857269274,0.2353493416827685,True,True,True,6.838708086088149e-06,COMPLETE
1939,0.25705862045288086,2025-04-16 08:12:51.838746,2025-04-16 08:13:18.962606,0 days 00:00:27.123860,0.54124448868112,0.18110062186680714,8,0.08331598990520622,0.14900235382026583,0.09991477959290682,0.032191317962375954,0.09434247880505203,0.09673438987587082,0.009426478110116331,20,20,0.04871022136744656,0.20426539707738686,True,False,True,7.578122627083029e-06,COMPLETE
1940,0.2977746188640595,2025-04-16 08:13:19.611948,2025-04-16 08:14:29.801850,0 days 00:01:10.189902,0.48378815413320947,0.206765313700051,2,0.06896140365408392,0.16978160715763901,0.09177620792211376,0.030160060104870746,0.02446938945549773,0.09302388947882519,0.011922439826597369,20,27,0.04713418151886157,0.21660010939776458,True,False,True,5.488973490961983e-06,COMPLETE
1941,0.3095258891582489,2025-04-16 08:14:30.421340,2025-04-16 08:14:57.755632,0 days 00:00:27.334292,0.08452231838993635,0.14776777693385845,8,0.09622727779610937,0.15912133713429757,0.09654221115213926,0.0366920906198982,0.0011131837989061602,0.09815014425889257,0.011733506887288537,20,31,0.04998130322419735,0.22574505271314574,True,False,True,3.9965859423236056e-06,COMPLETE
1942,0.4278514981269837,2025-04-16 08:14:58.401734,2025-04-16 08:15:25.881977,0 days 00:00:27.480243,0.5214693404921269,0.1694140605130025,8,0.07604378993000158,0.15193332908605478,0.09450134605241493,0.03368093518331861,0.09652226052364467,0.09523321460719221,0.00909338385147035,21,24,0.052302237134267425,0.21904989298873273,True,False,True,2.650764417607234e-06,COMPLETE
1943,0.4394188165664673,2025-04-16 08:15:26.524883,2025-04-16 08:15:53.294494,0 days 00:00:26.769611,0.5355206715614648,0.20783465790202454,8,0.08919628008127797,0.16393952856568184,0.09819160163866518,0.03874430839934523,0.09298895726590527,0.09994809012251006,0.015616074117055763,20,22,0.04838515657417142,0.20700047872905278,True,False,True,4.753453507052073e-06,COMPLETE
1944,0.2957199215888977,2025-04-16 08:15:53.917443,2025-04-16 08:16:21.258516,0 days 00:00:27.341073,0.5460732044564367,0.2124295364965818,8,0.09752617804841868,0.14656893220756595,0.09750509143639419,0.06793301027365829,0.09662851131043126,0.0966778435542343,0.014818827276623663,21,15,0.04700565648261646,0.19867871575399826,True,False,True,5.142900125327406e-06,COMPLETE
1945,0.28740352988243106,2025-04-16 08:16:21.902350,2025-04-16 08:16:48.716263,0 days 00:00:26.813913,0.5432688583271379,0.20106617528927398,8,0.09212963251402066,0.1557625642046242,0.09998914665266072,0.03945135595097419,0.031707997693959315,0.09434847581392647,0.014684890763869172,20,17,0.04651879104784766,0.20544678064547844,True,False,True,6.588268793285289e-06,COMPLETE
1946,0.31620761156082156,2025-04-16 08:16:49.366599,2025-04-16 08:17:23.923627,0 days 00:00:34.557028,0.5422208888314495,0.20878255280613772,8,0.10133963205329619,0.16089501073722406,0.09818929671406514,0.027973358148781036,0.09669350425299852,0.09199493223386072,0.013287130502322718,21,142,0.04793551666413194,0.2019766938721917,True,False,True,4.783172777491151e-06,COMPLETE
1947,0.2386084020137787,2025-04-16 08:17:24.552887,2025-04-16 08:17:51.447332,0 days 00:00:26.894445,0.5393351490758269,0.21179694172589456,8,0.09255078032491007,0.17278796583889758,0.0983850616998484,0.035196763953302325,0.09285280938438065,0.09804555511636112,0.01400279445158894,20,19,0.04688357920976615,0.20683716903577162,True,False,True,7.759618826701079e-06,COMPLETE
1948,0.426718282699585,2025-04-16 08:17:52.098039,2025-04-16 08:18:19.671189,0 days 00:00:27.573150,0.5249359667897935,0.21442504039071042,8,0.08971589416410367,0.15353350928433007,0.09851230333730769,0.03218145067528421,0.09501980050768905,0.0967712058317622,0.014864166921861424,21,21,0.049008786338203346,0.19811893376771905,True,False,True,5.775157379737753e-06,COMPLETE
1949,0.2719202756881714,2025-04-16 08:18:20.296881,2025-04-16 08:18:47.229882,0 days 00:00:26.933001,0.5337413336673106,0.1922768065418175,8,0.0885225508814543,0.16657883678094826,0.09661007835776467,0.029800856950708676,0.09688269688842986,0.09463446195268467,0.009131901535645193,20,18,0.046315974149504224,0.20841252563809137,True,False,True,7.844545427666328e-06,COMPLETE
1950,0.32477174997329716,2025-04-16 08:18:47.876234,2025-04-16 08:19:13.899409,0 days 00:00:26.023175,0.5517314134347223,0.2096808112186318,8,0.09761172578584847,0.16066220362408212,0.09821876707487973,0.08261664712101485,0.09294781114651655,0.09800533481731606,0.016022223955288642,20,6,0.048646545861604114,0.21247507521847653,True,False,True,4.608059296242037e-06,COMPLETE
1951,0.2855986595153809,2025-04-16 08:19:14.546675,2025-04-16 08:19:41.153395,0 days 00:00:26.606720,0.22011111240750952,0.19278443455217995,8,0.08580115098559236,0.1779349251053601,0.09988719239682832,0.033962137943346654,0.0969078535073842,0.09601237538110742,0.015554148870543703,20,21,0.045917299761330695,0.20134911236974395,False,False,True,6.061853318199483e-06,COMPLETE
1952,0.2745871901512146,2025-04-16 08:19:41.779545,2025-04-16 08:20:09.128339,0 days 00:00:27.348794,0.6573426922899321,0.21793617457443223,8,0.09298124253775912,0.15024663792493212,0.09566086347322614,0.03677253225142922,0.09490995971769868,0.0926265405534486,0.01623041379698917,21,11,0.04873002973025764,0.20925752172464826,True,False,True,8.319474945513973e-06,COMPLETE
1953,0.15848286747932433,2025-04-16 08:20:09.774502,2025-04-16 08:20:35.731510,0 days 00:00:25.957008,0.5507891245040744,0.18921384009678824,8,0.20933487531469192,0.16755903477608955,0.09994067766573311,0.03203908158827326,0.09751494053310024,0.09833188720637487,0.011211614425381785,19,15,0.0499029303154423,0.21376068370219656,True,False,True,2.1058133181131163e-05,COMPLETE
1954,0.21591116786003114,2025-04-16 08:20:36.386549,2025-04-16 08:21:03.438020,0 days 00:00:27.051471,0.5263784052072366,0.19245442226079995,8,0.10667819289813031,0.14493931783874917,0.09627281354663564,0.039338517931814976,0.006418022301763852,0.09485020914096767,0.009084265393185348,20,19,0.0467695689982764,0.20407837660221445,True,False,True,4.043878951442296e-06,COMPLETE
1955,0.3542902827262879,2025-04-16 08:21:04.067593,2025-04-16 08:21:30.428601,0 days 00:00:26.361008,0.5167060059879751,0.21390073797433154,8,0.08242660341830726,0.15726552126453563,0.0933171743016804,0.03462305901223795,0.0355216617223134,0.09659786338017923,0.0606253085678562,19,24,0.048497303475289556,0.209847064783217,True,False,True,1.7302985728488625e-05,COMPLETE
1956,0.3059829950332642,2025-04-16 08:21:31.083202,2025-04-16 08:22:00.494019,0 days 00:00:29.410817,0.5452320903855371,0.22033928001513456,8,0.08740942340540807,0.16281132692435585,0.09670069334765928,0.03673193834438942,0.09518900759001975,0.0999710896930089,0.012415307492715253,19,22,0.05047755968750678,0.19704763465747346,True,False,False,7.74385549074229e-06,COMPLETE
1957,0.2466215252876282,2025-04-16 08:22:01.156377,2025-04-16 08:22:27.253737,0 days 00:00:26.097360,0.518807008665966,0.21536048947891273,8,0.09504497894524572,0.1715677010025758,0.09808281545455715,0.03048034752119933,0.09723282611467343,0.09208172892139334,0.017123297250976867,19,19,0.04558387004679057,0.2151770611672367,True,False,True,5.5261985461298545e-06,COMPLETE
1958,0.42262889146804816,2025-04-16 08:22:27.884555,2025-04-16 08:22:54.921776,0 days 00:00:27.037221,0.5567171799023645,0.19958960483952998,8,0.08171506772410278,0.15609231325285913,0.09528003516430343,0.03263486925467925,0.09310464636052343,0.09465009362027646,0.009868836097619996,20,22,0.048117665626386495,0.20471889035886898,True,True,True,1.1296739468442318e-05,COMPLETE
1959,0.25486322641372683,2025-04-16 08:22:55.576205,2025-04-16 08:23:23.080237,0 days 00:00:27.504032,0.534467293373018,0.18662641965205426,8,0.08906143587240857,0.1499367357729963,0.09219822743291409,0.09934480963837458,0.09485274715559726,0.09680258110854564,0.009083949274223601,21,18,0.05024891836180279,0.21537417357046262,True,False,True,9.423997974381283e-06,COMPLETE
1960,0.16784682869911194,2025-04-16 08:23:23.709141,2025-04-16 08:23:50.926495,0 days 00:00:27.217354,0.5603806974629232,0.21786701482734222,8,0.10312439195736212,0.16438927188076552,0.099944558766966,0.02827999773025402,0.09732784779603597,0.09997528560278322,0.01220555613503796,20,23,0.015925805698371702,0.20886002305173407,True,False,True,1.537037198911651e-05,COMPLETE
1961,0.19338322281837464,2025-04-16 08:23:51.578258,2025-04-16 08:25:00.848080,0 days 00:01:09.269822,0.5247722771368972,0.17707041332424583,2,0.08240706787300595,0.17126135608317952,0.0970347832734943,0.03571642591118739,0.09515989405899188,0.0981522792245171,0.016653592883765927,20,15,0.024425239448110567,0.22003716681413565,True,False,True,6.56801131485198e-06,COMPLETE
1962,0.2608489036560059,2025-04-16 08:25:01.514080,2025-04-16 08:25:27.143393,0 days 00:00:25.629313,0.5044727736030445,0.22710282465353301,8,0.07879336320820182,0.18203697518077605,0.09435871068495501,0.039437857276481476,0.09272553540082219,0.09382887213368352,0.01092018883532129,19,12,0.04643482198331476,0.21380683840816078,True,False,True,2.3724517351669854e-05,COMPLETE
1963,0.40786501169204714,2025-04-16 08:25:27.788878,2025-04-16 08:25:53.911835,0 days 00:00:26.122957,0.6891590931299483,0.20321927777078533,8,0.08675916823540337,0.15921334998545716,0.0962133411905364,0.03430797906530373,0.09767791894533481,0.09642829581772966,0.008861263562501415,19,21,0.04843295624380362,0.2301554654111605,True,False,True,4.571162219522507e-06,COMPLETE
1964,0.40919331312179563,2025-04-16 08:25:54.567936,2025-04-16 08:26:22.001915,0 days 00:00:27.433979,0.5448467111539325,0.17572390056740267,8,0.07873948141104574,0.1666399879879021,0.09814526318900056,0.03717026533439649,0.09702721133498196,0.09814423539876024,0.008928090857478877,21,24,0.050904139852859825,0.20573021930451768,True,False,True,1.3447879041210626e-05,COMPLETE
1965,0.2923429667949677,2025-04-16 08:26:22.630012,2025-04-16 08:26:48.723914,0 days 00:00:26.093902,0.5079041405777459,0.22515778228787736,8,0.11707052519647061,0.15359917309640686,0.09248351413415912,0.0308582705103943,0.0445741187514252,0.0925016116834331,0.012864002454426204,19,17,0.04516949485071154,0.220121196020656,True,False,True,3.4591889129687413e-06,COMPLETE
1966,0.22521597743034363,2025-04-16 08:26:49.375809,2025-04-16 08:27:17.031412,0 days 00:00:27.655603,0.5611537544225307,0.20366102978926595,8,0.09399809940268637,0.17453346969156808,0.09462105747687395,0.03261541290981224,0.09490664515501597,0.0999874697227922,0.010550355166085075,21,25,0.04893462974144055,0.06870749149597279,True,False,True,7.353823937787041e-06,COMPLETE
1967,0.4442602396011353,2025-04-16 08:27:17.689674,2025-04-16 08:27:44.325328,0 days 00:00:26.635654,0.531604835057222,0.2242846132078633,8,0.08409462121785993,0.1607541604379047,0.09829020445775975,0.03528586406449732,0.09753254412718197,0.09509016806287185,0.011220633473115561,20,21,0.05222283163526188,0.1982901629065271,True,False,True,2.140451926495875e-05,COMPLETE
1968,0.4153840065002442,2025-04-16 08:27:44.964076,2025-04-16 08:28:15.010334,0 days 00:00:30.046258,0.5081237449618013,0.22262720264954258,8,0.09406442812261276,0.16653499764638294,0.0980632064153133,0.03378122727101776,0.09324909324585254,0.09202741749602401,0.017312338308540565,20,87,0.07611973629407112,0.1951562271915599,True,False,True,2.0244776260136257e-05,COMPLETE
1969,0.30079743862152103,2025-04-16 08:28:15.667314,2025-04-16 08:28:43.022383,0 days 00:00:27.355069,0.5222237226450109,0.22232627283027634,8,0.09814585241893901,0.17558340204290623,0.0968135226307413,0.030346639350879008,0.09271741293074104,0.09377946103795096,0.013276484846722591,21,16,0.05220104190300795,0.2025388493724069,True,False,True,2.5151908790710302e-05,COMPLETE
1970,0.3311513066291809,2025-04-16 08:28:43.655516,2025-04-16 08:29:10.100393,0 days 00:00:26.444877,0.5087409575362003,0.19548554619803862,8,0.08787264436036005,0.1614139333826188,0.09837876500931085,0.03513025614973287,0.09486743317468405,0.09422233829848625,0.011681008719792493,20,12,0.05220964773351306,0.20248206626085521,False,False,True,1.8170297171940224e-05,COMPLETE
1971,0.24173217415809634,2025-04-16 08:29:10.754853,2025-04-16 08:29:37.837068,0 days 00:00:27.082215,0.5378869514260765,0.20664226829661417,8,0.08698559896232635,0.16944942114337547,0.09624202735497107,0.028365259774938943,0.03955254643378815,0.09220622563713574,0.014424209619605222,20,19,0.0525846396590685,0.19570169365754309,True,False,True,2.4877030216519464e-05,COMPLETE
1972,0.40496968030929564,2025-04-16 08:29:38.502405,2025-04-16 08:30:05.737464,0 days 00:00:27.235059,0.6426897956700479,0.1808417473594029,8,0.09140964637317031,0.16223966420892286,0.0985693326564109,0.0321304621907551,0.09285829562355918,0.09516298913279876,0.011390209184551994,21,20,0.05197408823874476,0.1994914104983887,True,False,True,1.7287612664360544e-05,COMPLETE
1973,0.33554530143737793,2025-04-16 08:30:06.375435,2025-04-16 08:30:33.840885,0 days 00:00:27.465450,0.4880187644549168,0.2275818475157554,8,0.1028435394807901,0.15658262432800343,0.09395442698173552,0.03414586398952403,0.04634848189000239,0.09543373926406463,0.017314767239158518,21,14,0.050669710939638374,0.20757128399551814,True,False,True,2.072084225996458e-05,COMPLETE
1974,0.29549880027770997,2025-04-16 08:30:34.498354,2025-04-16 08:31:04.790111,0 days 00:00:30.291757,0.5712902431748857,0.22450508832309315,8,0.08526032475612094,0.145555062149481,0.09597265292317594,0.0316844614855863,0.09547059640050025,0.09145336966291666,0.012892969033688298,20,18,0.05235615558222141,0.2010221409648527,True,False,False,1.3697849299985631e-05,COMPLETE
1975,0.30546299219131473,2025-04-16 08:31:05.417835,2025-04-16 08:31:32.608110,0 days 00:00:27.190275,0.010752682896381649,0.20198559985045894,8,0.08442041339174591,0.1829423114664256,0.09990821836584246,0.07354226674359976,0.09460395555030945,0.0979959980782188,0.010707122962745992,21,20,0.05052950082364368,0.21017035683539417,True,False,True,9.862265140591485e-06,COMPLETE
1976,0.31019320487976076,2025-04-16 08:31:33.265994,2025-04-16 08:32:00.097803,0 days 00:00:26.831809,0.5206203430379922,0.1773750703668842,8,0.09812331594482179,0.17730051980845074,0.09745138793675186,0.03721059830944792,0.09653072793397997,0.09395926459858911,0.009333894077792068,20,16,0.05228101716405736,0.21030046856526854,True,False,True,2.6982087298635873e-05,COMPLETE
1977,0.43405035734176634,2025-04-16 08:32:00.763565,2025-04-16 08:32:27.370400,0 days 00:00:26.606835,0.5419017339827105,0.19751347617194148,8,0.08101334888744989,0.16686512352409924,0.09998326239021253,0.03876959337766477,0.09506679979850671,0.09630410372106334,0.015595328606434637,20,22,0.05021909813926736,0.21635861117604527,True,False,True,1.549541379022971e-05,COMPLETE
1978,0.31092000007629395,2025-04-16 08:32:28.006414,2025-04-16 08:32:54.356164,0 days 00:00:26.349750,0.5023561834227361,0.18534856966022054,8,0.09343087447267512,0.17126114346078591,0.09976490281207473,0.03556765727039477,0.09330552897071709,0.09805443984197536,0.016632438227991726,20,13,0.05236822839977646,0.21448282139366767,True,False,True,1.4633122151072518e-05,COMPLETE
1979,0.1888286888599396,2025-04-16 08:32:55.021175,2025-04-16 08:33:22.559390,0 days 00:00:27.538215,0.5311646769813325,0.1759021925089038,8,0.09121300610341834,0.1772052317881666,0.09820367886049192,0.03338718723798543,0.09286955907146002,0.0965589342353049,0.018542405734302887,21,17,0.05072105399670825,0.2039384541610511,True,True,True,1.63193348580575e-05,COMPLETE
1980,0.293394410610199,2025-04-16 08:33:23.204385,2025-04-16 08:33:50.000729,0 days 00:00:26.796344,0.485670684834093,0.16365144291093214,8,0.08322222953949233,0.168906241564515,0.09834017345863019,0.09002668269537219,0.09225181333705623,0.09846975306602593,1.017396461840966e-05,20,20,0.04995325148824686,0.1965103133887424,True,False,True,2.0919146388838728e-05,COMPLETE
1981,0.40210535526275637,2025-04-16 08:33:50.654459,2025-04-16 08:34:17.470128,0 days 00:00:26.815669,0.5059865182774839,0.1885678004010093,8,0.0890332650454408,0.16634199632307717,0.09975793763318386,0.03767707006087819,0.09219543783209617,0.09993768615849057,0.01652278450644719,20,21,0.05254646810580668,0.20792073867137426,True,False,True,1.1961866888505996e-05,COMPLETE
1982,0.3318193316459656,2025-04-16 08:34:18.131426,2025-04-16 08:34:44.744513,0 days 00:00:26.613087,0.5302035580627054,0.21175434353859307,8,0.08216863068491335,0.17255467812613529,0.09988113432814373,0.029710081934197018,0.09430521998714418,0.09644158520896552,0.01722163739245287,20,16,0.05078018112129403,0.196055510559943,True,False,True,1.6927853186060073e-05,COMPLETE
1983,0.4081010341644287,2025-04-16 08:34:45.382998,2025-04-16 08:35:12.735956,0 days 00:00:27.352958,0.5499766772006666,0.19901075993232323,8,0.0997345009802515,0.1645983267890938,0.0999791198166655,0.03525756441879297,0.09421496317867195,0.09651732145439615,0.014958815999426717,21,22,0.05024239079031661,0.2146739745039611,True,False,True,2.117144380290367e-05,COMPLETE
1984,0.3277406930923462,2025-04-16 08:35:13.393080,2025-04-16 08:35:40.286667,0 days 00:00:26.893587,0.4835446294398071,0.20909621050252192,8,0.08122658591408116,0.1830719125066164,0.0961843732746577,0.03317744181800238,0.092661133245768,0.09830193014736494,0.013468876531042114,20,18,0.05246919679275782,0.2050762329216313,True,False,True,1.3185754386426764e-05,COMPLETE
1985,0.2976338028907776,2025-04-16 08:35:40.950680,2025-04-16 08:36:51.150735,0 days 00:01:10.200055,0.5161073827488665,0.06842001002258712,2,0.09112139166952526,0.17629779188873188,0.09706267256261111,0.03897971052889982,0.09458926172826969,0.09530193892114897,0.01558974226380834,20,22,0.05263240179249881,0.21643832911090702,True,False,True,2.4799075809348468e-05,COMPLETE
1986,0.38267112970352174,2025-04-16 08:36:51.787904,2025-04-16 08:37:19.211561,0 days 00:00:27.423657,0.5708301017982407,0.15997049684126913,8,0.08291791640713365,0.16921525763836864,0.09529015544606854,0.06595123922661061,0.09228290365533713,0.09846646045072631,0.013661430374041331,21,21,0.04917404504108734,0.21020251788594327,True,False,True,1.0234572700765318e-05,COMPLETE
1987,0.44481981992721564,2025-04-16 08:37:19.873864,2025-04-16 08:37:46.801729,0 days 00:00:26.927865,0.5023386713037479,0.22616084483773258,8,0.08705022844855669,0.16178411383734373,0.09802437878040358,0.03583142705827965,0.09510788762611042,0.09655745262287134,0.012849721778611656,20,25,0.05045000262129342,0.2199381408212622,True,False,True,1.8997094342342696e-05,COMPLETE
1988,0.264449942111969,2025-04-16 08:37:47.464750,2025-04-16 08:38:15.008465,0 days 00:00:27.543715,0.5402508073046035,0.2267044647434331,8,0.10868470843043543,0.16060239988642008,0.09812065948550172,0.03840497468879216,0.09230258228078404,0.09998874298997544,0.017509054662287596,21,19,0.05260106280360507,0.20182127154500268,True,False,True,1.7358559729427116e-05,COMPLETE
1989,0.25584768056869506,2025-04-16 08:38:15.649255,2025-04-16 08:38:41.941490,0 days 00:00:26.292235,0.5208944153918817,0.22803343382636868,8,0.09415283877627283,0.17042301465063134,0.09554385268514053,0.03675207382357391,0.09257161996597911,0.0968056625208673,0.01411506013068256,20,14,0.05069815207128768,0.21394330425521355,False,False,True,1.9597056786536708e-05,COMPLETE
1990,0.41749144792556764,2025-04-16 08:38:42.600880,2025-04-16 08:39:09.471361,0 days 00:00:26.870481,0.5529507242144428,0.22472839467102815,8,0.09983663360757104,0.16342892074267898,0.09687012435278808,0.039135675728230034,0.09451388660728205,0.09705940276218238,0.01907093985465761,20,24,0.05270790631497774,0.2095578064501739,True,False,True,2.733151295353975e-05,COMPLETE
1991,0.2507108211517334,2025-04-16 08:39:10.144490,2025-04-16 08:39:37.026345,0 days 00:00:26.881855,0.5277042051547439,0.21550491455851556,8,0.08987810518392951,0.1595328357669848,0.09398003441288136,0.03638974917662809,0.09518065959665468,0.09788442373786253,0.012725191229997228,20,18,0.048444681356893865,0.2197871479908053,True,False,True,1.3957311060878856e-05,COMPLETE
1992,0.15698196291923525,2025-04-16 08:39:37.667586,2025-04-16 08:40:03.825301,0 days 00:00:26.157715,0.5061980488830781,0.2320798723382712,8,0.19272774688722316,0.17605028917630963,0.0998676048525313,0.03549519849767088,0.09253730232390231,0.09830188492977043,0.015803872012723853,19,23,0.05062580526048805,0.19731414121338284,True,False,True,1.6107137863825723e-05,COMPLETE
1993,0.29502804875373845,2025-04-16 08:40:04.490309,2025-04-16 08:40:35.263643,0 days 00:00:30.773334,0.5416172653859931,0.20171211378883347,8,0.09758450047487527,0.16750597849505933,0.09995528654007253,0.03810394819039813,0.09519150814839245,0.09993680934586971,0.011007902623840214,21,10,0.048312960578303143,0.2163119578258272,True,False,False,2.540766183163441e-05,COMPLETE
