number,value,datetime_start,datetime_complete,duration,params_alpha-eval,params_alpha-train,params_batch-size,params_eps-eval,params_eps-train,params_lambda-actions-eval,params_lambda-actions-train,params_lambda-frames-eval,params_lambda-frames-train,params_learning-rate,params_n-epochs,params_n-frames,params_radius-gw,params_rho,params_std-feats,params_ub-actions,params_ub-frames,params_weight-decay,state
683,0.3931947827339172,2025-04-15 23:11:20.314408,2025-04-15 23:11:39.256296,0 days 00:00:18.941888,0.3888881647030851,0.7237535881877981,16,0.039671931550610516,0.029143298452358996,0.06423944325481334,0.05573008681450765,0.0936328258146101,0.028314495766749208,0.006824697868113091,18,40,0.057817306700563016,0.145170916649506,False,False,True,9.335903376136942e-05,COMPLETE
684,0.4100772738456726,2025-04-15 23:11:39.471144,2025-04-15 23:11:56.437780,0 days 00:00:16.966636,0.4196919945360551,0.8280189100114215,16,0.020559768742487234,0.0052949211761203,0.07061843673697447,0.0505640999076494,0.0954572023091901,0.05303450557801652,0.002643415149580324,10,45,0.05652292821987818,0.13477526392409075,True,False,True,2.677604140005892e-05,COMPLETE
685,0.4095694541931153,2025-04-15 23:11:56.662330,2025-04-15 23:12:15.700387,0 days 00:00:19.038057,0.39584432414841875,0.8504644760876694,16,0.028235231274615108,0.02559864847507817,0.06274841395303228,0.06281518497914046,0.09271245425630674,0.05045114700622896,0.0048207601467283034,17,26,0.06588587077957561,0.14417158389313817,True,False,True,0.00018035065880004085,COMPLETE
686,0.340006697177887,2025-04-15 23:12:15.914668,2025-04-15 23:12:35.614654,0 days 00:00:19.699986,0.3742778398430913,0.842884730444181,16,0.04777636523639737,0.28936994560085755,0.08993703157260541,0.05756809882284412,0.09729147783411482,0.05461342213923796,0.0007423592891463563,18,37,0.055974472516332516,0.14729409919769804,True,False,True,6.716635123476873e-05,COMPLETE
687,0.2723815023899079,2025-04-15 23:12:35.839562,2025-04-15 23:12:57.469449,0 days 00:00:21.629887,0.43135287093072666,0.8648464940589529,16,0.03686363072815889,0.038172563177058666,0.0667635121011764,0.05321000203614659,0.09992639569645305,0.056663920109129864,0.0036999546378681555,17,41,0.05885877318063167,0.12988329476053032,True,False,False,0.00025594375171956454,COMPLETE
688,0.4123715996742249,2025-04-15 23:12:57.694751,2025-04-15 23:13:16.878579,0 days 00:00:19.183828,0.45697048433455156,0.21552166165287617,16,0.030669153983945558,0.2846025188376336,0.06107974540006557,0.05526422711185586,0.09469400170542525,0.05246978455414359,0.0028352803196758374,17,34,0.05437615928132457,0.1377030078458229,True,False,True,3.6088121628889995e-05,COMPLETE
689,0.23379112482070924,2025-04-15 23:13:17.093596,2025-04-15 23:13:46.094852,0 days 00:00:29.001256,0.35670889221485436,0.15835634175624952,16,0.023182454416902486,0.02514261530250474,0.06344849085927583,0.05066250777482665,0.09219211999652155,0.057508441626474574,0.0004992507388011656,19,136,0.06277495955236935,0.14595112211529354,True,False,True,0.0001658877346862241,COMPLETE
690,0.26638788580894474,2025-04-15 23:13:46.323669,2025-04-15 23:14:06.648041,0 days 00:00:20.324372,0.4097310956976224,0.18593581969185086,16,0.04337563495032911,0.009520847607516092,0.06037435825697099,0.057202819457404665,0.0981334848500794,0.05485269250585233,0.007525902464655725,18,46,0.056245972505002434,0.14096654027227573,True,False,True,0.00011752270212158977,COMPLETE
691,0.1888286888599396,2025-04-15 23:14:06.862677,2025-04-15 23:14:23.635039,0 days 00:00:16.772362,0.38170050010572604,0.2866229221822084,16,0.01599836010726855,0.00541564125244591,0.06577495259004272,0.053571431083374546,0.09339005793116052,0.04996544627987022,0.002724626615706342,10,42,0.06089009845196871,0.13360527718698872,True,True,True,8.134065503773898e-05,COMPLETE
692,0.35850110054016116,2025-04-15 23:14:23.864043,2025-04-15 23:14:56.013450,0 days 00:00:32.149407,0.3333733554903853,0.24536382077766006,2,0.03597451702440003,0.019439641381131002,0.06266330857449567,0.051670098335722024,0.0964583723210486,0.058372716892128154,0.009262963226525608,6,39,0.05797102335874907,0.14957510452087217,True,False,True,8.03050759558958e-05,COMPLETE
693,0.3475091338157654,2025-04-15 23:14:56.229631,2025-04-15 23:15:15.991772,0 days 00:00:19.762141,0.3986606184475351,0.6810660064363251,16,0.02740382960186056,0.05902621956329734,0.06741579360816281,0.04736411690544889,0.09205894968546154,0.0556452034849171,0.003453316909830239,17,44,0.05443098011006397,0.1442957107298604,True,False,True,4.411031436019333e-05,COMPLETE
694,0.4103799104690552,2025-04-15 23:15:16.220642,2025-04-15 23:15:32.882208,0 days 00:00:16.661566,0.4303281307129893,0.7159179449910616,16,0.033533435747805235,0.016719512140565686,0.06042072712520081,0.04437354250168403,0.09448483643625898,0.05289839203377422,0.004808066557251161,9,47,0.05228098393054636,0.12149812187301887,True,False,True,0.0002831553858754971,COMPLETE
695,0.3280816555023194,2025-04-15 23:15:33.096305,2025-04-15 23:15:47.600454,0 days 00:00:14.504149,0.3678957711810099,0.8020373450513363,16,0.017904155402687326,0.049782690634216795,0.06418757026723677,0.05927363230576497,0.09157927086879165,0.05957768846715586,0.00247649114419522,5,33,0.05518176374503013,0.15014477797219047,True,False,True,5.9491879601185464e-05,COMPLETE
696,0.4031095266342163,2025-04-15 23:15:47.828042,2025-04-15 23:16:07.353124,0 days 00:00:19.525082,0.4090268792874442,0.8256214407851191,16,0.040798589492744564,0.020435582311964472,0.06186567484999714,0.05433511333378884,0.09579644376746785,0.048884947970175334,0.0030673258105461516,17,37,0.05328238011770526,0.18948302367088402,True,False,True,0.0001812953769589231,COMPLETE
697,0.2691530048847199,2025-04-15 23:16:07.581717,2025-04-15 23:16:27.719412,0 days 00:00:20.137695,0.4712716859432435,0.1554584187785376,16,0.023315649018794942,0.028560401897998022,0.059708749163700364,0.050710052846866145,0.012387950312084534,0.09952574438781212,0.005968653413894982,18,41,0.05753341443726431,0.1949272739732084,True,False,True,0.0001481515767319278,COMPLETE
698,0.39077668190002446,2025-04-15 23:16:27.935408,2025-04-15 23:16:47.600036,0 days 00:00:19.664628,0.3514300455128679,0.7403211413909747,16,0.03017050558625583,0.29103590950663677,0.06554546096482596,0.04930017577692528,0.09788059690497998,0.0568544075341654,0.002186887615412634,16,47,0.05145607306914446,0.12990813034980955,True,False,True,0.00023943054149658087,COMPLETE
699,0.23551824092864992,2025-04-15 23:16:47.830553,2025-04-15 23:17:07.704321,0 days 00:00:19.873768,0.38105501497001476,0.20063163868386188,16,0.04763969161008399,0.03893639222490494,0.06288363625495236,0.0558609130954152,0.09299252193617406,0.054310481204795265,0.002453946126681577,17,44,0.059215327505087366,0.054546141589679145,True,False,True,0.00011096258328857338,COMPLETE
700,0.28659787178039553,2025-04-15 23:17:07.921267,2025-04-15 23:17:26.996667,0 days 00:00:19.075400,0.4376390514482639,0.1316537262161266,16,0.03767780715468142,0.09746150933762665,0.06897090759938398,0.05327383246504403,0.09477704719471317,0.050608261946305286,0.004274229524794988,16,39,0.055296944072747045,0.14037327699701815,True,False,True,0.00026511305277209543,COMPLETE
701,0.2816836655139923,2025-04-15 23:17:27.228083,2025-04-15 23:17:46.992369,0 days 00:00:19.764286,0.31954904048512267,0.989307813151098,16,0.005304018762731715,0.022772509564078985,0.06138130820625869,0.048135878234164924,0.09162113448406481,0.059438181978912694,0.0031747860008078874,18,35,0.05395903173101984,0.151673162023005,True,False,True,0.00024082874089949603,COMPLETE
702,0.3861235976219177,2025-04-15 23:17:47.213522,2025-04-15 23:18:05.157552,0 days 00:00:17.944030,0.6739446086190594,0.7016091385397979,16,0.02580104215247045,0.04107640167168655,0.07838357552016242,0.050861026822920166,0.09691412540587177,0.05207246282669486,0.0020639531234357324,16,30,0.05683684516984408,0.2808720515505366,False,False,True,0.00010888433278735554,COMPLETE
703,0.28716676235198973,2025-04-15 23:18:05.388085,2025-04-15 23:18:25.205372,0 days 00:00:19.817287,0.39165113738571866,0.7213907106400304,16,0.012280681416135628,0.01034298579720789,0.06445745702148974,0.05785948854793974,0.0903842680452987,0.056124265475751514,0.002753249590016966,17,43,0.050328929780616816,0.18427457507914222,True,False,True,0.0003439753559665168,COMPLETE
704,0.2626061320304871,2025-04-15 23:18:25.438010,2025-04-15 23:18:42.939006,0 days 00:00:17.500996,0.41637209140190995,0.1742680803427861,16,0.03172547966162969,0.01906458640755265,0.05893363362966214,0.055609012657147454,0.09968671275138818,0.05746120622977325,0.0019242720192996423,11,48,0.06054669903043307,0.20701232617132118,True,False,True,0.0003195472193151825,COMPLETE
705,0.36312996149063115,2025-04-15 23:18:43.158688,2025-04-15 23:19:02.403120,0 days 00:00:19.244432,0.36582098769528515,0.7501241942199125,16,0.04246648123561072,0.14279372774263852,0.06683835770433938,0.06262742896670255,0.09439980732414172,0.053101396646687476,0.003730312499706187,16,40,0.05257790895624928,0.14870344554697085,True,False,True,0.00018418071903340472,COMPLETE
706,0.39272700548172,2025-04-15 23:19:02.637683,2025-04-15 23:19:22.523127,0 days 00:00:19.885444,0.7381032371903667,0.7906776003631784,16,0.023265368976597145,0.015230419488084183,0.06250110075310049,0.03986551220084209,0.0929915207342738,0.08659191684704243,0.0023439336000674205,17,44,0.05665447831384687,0.18730929990399728,True,False,True,1.8653725645860182e-05,COMPLETE
707,0.2977822482585907,2025-04-15 23:19:22.742441,2025-04-15 23:19:40.949785,0 days 00:00:18.207344,0.45092915488507646,0.22366824603565613,16,0.03497530692600631,0.06791116228285403,0.07493809500404505,0.045308851998078783,0.09622538832398418,0.059772816750989576,0.009384866553995634,16,19,0.05387429974477192,0.13555077613646113,True,False,True,0.00031929512197596284,COMPLETE
708,0.27224234342575077,2025-04-15 23:19:41.181072,2025-04-15 23:20:01.838621,0 days 00:00:20.657549,0.4001914339955162,0.6889408435482574,16,0.019413195565701008,0.2940812812358262,0.034111734101604826,0.053240107004170686,0.09056796258455171,0.03463215984510784,0.006835234736021671,19,38,0.04975340195211407,0.26213169667849967,True,True,True,0.00023540398849706854,COMPLETE
709,0.2506943643093109,2025-04-15 23:20:02.056028,2025-04-15 23:20:20.131323,0 days 00:00:18.075295,0.3459060873747184,0.7631571909845966,16,0.05590320198328519,0.2854455322312597,0.0599056361183527,0.013028665709230731,0.0945275118236387,0.054548823641990214,0.005208191536604399,9,46,0.051503959040746186,0.15590195845042493,True,False,False,5.3778984005287e-05,COMPLETE
710,0.3992995500564575,2025-04-15 23:20:20.361753,2025-04-15 23:20:40.282809,0 days 00:00:19.921056,0.38032526812436696,0.7400602090131725,16,0.027505889372635768,0.2830206484105405,0.06484050829072059,0.011720068923183337,0.09194029851710395,0.058043067441286726,0.0026535213065498084,18,42,0.05544989607794568,0.18079910441353184,True,False,True,2.38494003154786e-05,COMPLETE
711,0.3969737648963928,2025-04-15 23:20:40.519633,2025-04-15 23:21:39.869568,0 days 00:00:59.349935,0.6391028501381727,0.839626930250192,2,0.03671639392491857,0.27820597127631275,0.07266483144814202,0.05438933607041317,0.09997553076417277,0.055986498608262394,0.0020093059416215475,16,37,0.06299938596610724,0.14669206366068113,True,False,True,0.00031197007556170117,COMPLETE
712,0.39511831998825075,2025-04-15 23:21:40.090861,2025-04-15 23:21:58.871900,0 days 00:00:18.781039,0.4213458483995476,0.8825794380336774,16,0.0304510029998256,0.2918075810236619,0.06106770799389309,0.051785630864502864,0.09794996203321327,0.051325178289838125,0.0033041498989759186,16,33,0.058371120317282255,0.10905756085559777,True,False,True,9.29583446064741e-05,COMPLETE
713,0.4069669604301453,2025-04-15 23:21:59.108965,2025-04-15 23:22:19.111417,0 days 00:00:20.002452,0.5021368534194134,0.19118089070678954,16,0.04283192041230673,0.2958838357120698,0.06354267864983236,0.015283840390230036,0.09022523991045771,0.04862468522339495,0.004105653860480887,17,49,0.05286055699816826,0.19793382521163055,True,False,True,0.00019475531850055472,COMPLETE
714,0.2580929577350617,2025-04-15 23:22:19.335182,2025-04-15 23:22:39.291813,0 days 00:00:19.956631,0.4041463288141433,0.15675322385647994,16,0.018170011208139568,0.2771335269252183,0.06934390305817732,0.08925826102893791,0.096217784980929,0.06254938278904097,0.0016735846180020303,17,42,0.0038108414073615843,0.1821677198083207,True,False,True,0.00040922681472159,COMPLETE
715,0.2613207519054413,2025-04-15 23:22:39.526089,2025-04-15 23:22:58.712409,0 days 00:00:19.186320,0.3742901570044588,0.7175673987946505,16,0.050166788648513386,0.001096228542695532,0.06648832175973751,0.0473255776206945,0.09322406662867225,0.05417899168243542,0.0007798105123582905,16,40,0.05559890693786865,0.15321369672015928,True,False,True,0.00028335777686703194,COMPLETE
716,0.4089817881584168,2025-04-15 23:22:58.934872,2025-04-15 23:23:19.169133,0 days 00:00:20.234261,0.4344031631244089,0.7765789793313487,16,0.026118888916981105,0.28410182419437413,0.058951926302279176,0.08694430722114807,0.09467384742289173,0.06003899262026109,0.0022174670603549254,18,45,0.06014860473325666,0.18979589215097006,True,False,True,0.0005356917625758292,COMPLETE
717,0.3974571943283081,2025-04-15 23:23:19.401142,2025-04-15 23:23:36.412252,0 days 00:00:17.011110,0.3904937560808847,0.7352908937962672,16,0.035113658671683645,0.28890852968642805,0.06225036288513178,0.06583957665999465,0.09024212661399313,0.05761527439216292,0.002913373806835571,11,35,0.049340198913526076,0.14113144478876685,True,False,True,0.00014872005828064303,COMPLETE
718,0.32702574729919437,2025-04-15 23:23:36.648740,2025-04-15 23:23:56.811301,0 days 00:00:20.162561,0.35800878500901523,0.6681322994795676,16,0.01139611179449093,0.2998560344123743,0.06477255722196242,0.011130154824519232,0.09810569214847198,0.05213433656099127,0.0018248929360413404,17,48,0.05231159066870574,0.17713026522972092,True,False,True,0.0003890471984550708,COMPLETE
719,0.4128029704093933,2025-04-15 23:23:57.032256,2025-04-15 23:24:16.184173,0 days 00:00:19.151917,0.4140305144864996,0.7003840381496937,16,0.03068426475548032,0.2792718909684954,0.05835574118578502,0.009285517537778377,0.09271420571933252,0.054656072229582436,0.0010146008193416428,16,38,0.057363696398603545,0.15597912144458712,True,False,True,6.661299720265127e-06,COMPLETE
720,0.38429492712020874,2025-04-15 23:24:16.423910,2025-04-15 23:24:31.475480,0 days 00:00:15.051570,0.46061356145665444,0.8137201649245781,16,0.021888607786429856,0.27300283660908914,0.06075921567880821,0.05218492052759848,0.09611108587817283,0.05048529688264745,0.002497427609788253,8,29,0.05375668445089274,0.03721500400682215,False,False,True,0.0004776503868315324,COMPLETE
721,0.37137304544448857,2025-04-15 23:24:31.696951,2025-04-15 23:24:51.268102,0 days 00:00:19.571151,0.33423126383534846,0.13789590359172332,16,0.03977223380801948,0.29344030813457117,0.06742475944048978,0.0492473459677156,0.08814436415281116,0.05618065644952165,0.0002052262946149698,16,45,0.05089323487221821,0.1729774976731071,True,False,True,1.3633959256060228e-05,COMPLETE
722,0.41593017578125,2025-04-15 23:24:51.504904,2025-04-15 23:25:14.268355,0 days 00:00:22.763451,0.3920156945675147,0.17432593006648187,16,0.02692105195557292,0.28394615497144865,0.02477424836015539,0.012436597456244633,0.0912750547149847,0.06094637745929613,0.007937364617678437,24,41,0.05497248541275775,0.14555333601780074,True,False,True,0.0003260363726843764,COMPLETE
723,0.409433925151825,2025-04-15 23:25:14.493834,2025-04-15 23:25:37.421914,0 days 00:00:22.928080,0.4286153827947804,0.1724685700406056,16,0.017259709726557177,0.28100354761435603,0.009460334398943518,0.010336955467744246,0.08929748758831484,0.05863419789291969,0.008347938430248692,26,36,0.05424376053547978,0.13652680297204575,True,False,True,0.0005969626172723403,COMPLETE
724,0.20605731606483457,2025-04-15 23:25:37.659906,2025-04-15 23:25:59.373735,0 days 00:00:21.713829,0.3990300047498215,0.20578179229590482,16,0.02305812427196731,0.0005253453527120089,0.032876429573115915,0.011882197491882197,0.08978941632968482,0.06441107182673343,0.0069062393629123605,22,41,0.04874394147546579,0.13211196521653798,True,False,True,0.00036824130852403954,COMPLETE
725,0.28502328395843507,2025-04-15 23:25:59.614168,2025-04-15 23:26:25.433403,0 days 00:00:25.819235,0.4472739470344601,0.15247699298125017,16,0.027301898551877608,0.2718519774231624,0.05590686941892153,0.013024077675636498,0.0915739954720658,0.06217586923613873,0.009959313110587807,27,33,0.05086308579887129,0.1478845263533201,True,False,False,0.00022397172440417995,COMPLETE
726,0.3264525294303894,2025-04-15 23:26:25.659455,2025-04-15 23:26:48.143527,0 days 00:00:22.484072,0.41223220307028763,0.18461876150371237,16,0.01632420645608223,0.27702870465959895,0.0584009637975378,0.014279794548594113,0.08715750687931714,0.06322146133239673,0.008325037482885938,24,39,0.05258714889644999,0.1428044114041397,True,False,True,0.0004858451428709553,COMPLETE
727,0.3150332152843476,2025-04-15 23:26:48.381492,2025-04-15 23:27:11.525955,0 days 00:00:23.144463,0.39399623066145345,0.17547384166883215,16,0.03441737087323633,0.13161261394444493,0.01585690648741972,0.01359574337031459,0.09194130232730202,0.0683578005397445,0.006194963484938766,25,42,0.05526047784428962,0.14202813981913961,True,False,True,0.00027018378913671123,COMPLETE
728,0.254471755027771,2025-04-15 23:27:11.752597,2025-04-15 23:27:28.309173,0 days 00:00:16.556576,0.42318435864275783,0.24146564476112986,16,0.024591650661793675,0.111314863887084,0.02427887174009423,0.01860934327053453,0.0939543833810412,0.0654053028266199,0.007747325299244298,10,36,0.0581254368743184,0.12413480875095656,True,True,True,0.0006709548923508241,COMPLETE
729,0.22899627685546878,2025-04-15 23:27:28.545239,2025-04-15 23:27:50.302724,0 days 00:00:21.757485,0.3789171184428207,0.21655270230283027,16,0.030061264497894036,0.02954104167963035,0.03045524651208556,0.015057094667757858,0.08831389776713504,0.012677558738325663,0.005193851735758738,21,48,0.046446366567500924,0.1453912888339482,True,False,True,3.064526208505966e-05,COMPLETE
730,0.35875819921493535,2025-04-15 23:27:50.543633,2025-04-15 23:28:11.596371,0 days 00:00:21.052738,0.46944332542983536,0.12348874370809282,16,0.04337354960504657,0.28873433038005475,0.060276647286694705,0.01658439023709472,0.09071257262010235,0.060719633615387854,0.010198698156976622,21,39,0.053494415133986235,0.13450681486094393,True,False,True,0.00033817085027359236,COMPLETE
731,0.2274466931819916,2025-04-15 23:28:11.824430,2025-04-15 23:28:34.142451,0 days 00:00:22.318021,0.443586394773915,0.144294383554695,16,0.006463409011081833,0.043857176909263065,0.0254945690999573,0.04173634223947953,0.05696571284072022,0.061008480378494996,0.0062992900591127676,22,50,0.0568274413879473,0.1370880064844463,True,False,True,7.605138108385963e-05,COMPLETE
732,0.4067245483398438,2025-04-15 23:28:34.384672,2025-04-15 23:28:51.127590,0 days 00:00:16.742918,0.40726495808796137,0.18585974275772227,16,0.03639843378652393,0.28100355102492525,0.05287593117769707,0.011621662371172455,0.09790799917717714,0.06010490673054313,0.008151430238424026,10,44,0.05075309606348235,0.14836827769149044,True,False,True,0.00044470849318344285,COMPLETE
733,0.1628113448619843,2025-04-15 23:28:51.354971,2025-04-15 23:30:26.541896,0 days 00:01:35.186925,0.36312792513803915,0.16208090158903893,2,0.2523597127765663,0.2712232281944175,0.03803605476988853,0.009241610533508044,0.09561071425730784,0.06371791846194101,0.00403393580048603,29,31,0.05432856259338127,0.19308459141934556,True,False,True,4.09760935626548e-05,COMPLETE
734,0.31247109174728394,2025-04-15 23:30:26.779948,2025-04-15 23:30:42.447757,0 days 00:00:15.667809,0.38795023468630374,0.21346957624851498,16,0.013281263751362318,0.28633735790859016,0.05691989135143447,0.010306173374351439,0.09339999741024986,0.059104499830744915,0.006967987978316665,8,40,0.048266370572967836,0.1513855648473247,True,False,True,0.0005628127367734867,COMPLETE
735,0.256516695022583,2025-04-15 23:30:42.689319,2025-04-15 23:30:57.815732,0 days 00:00:15.126413,0.4303365731928449,0.17073464442150982,16,0.02114844441974527,0.013434046086818295,0.06304190399911772,0.013276050919741851,0.0891769079681958,0.06089921954795463,0.011331993299736368,6,46,0.06049280439478698,0.1527824756482274,True,False,True,0.0001731320238134799,COMPLETE
736,0.41450700759887693,2025-04-15 23:30:58.044417,2025-04-15 23:31:19.859152,0 days 00:00:21.814735,0.40393997031026485,0.1997573009883987,16,0.026884454870767825,0.2683340034181967,0.004659201131560653,0.056605850037851846,0.08647045760052403,0.06260004730549602,0.0032302054209069515,23,36,0.05235883243688822,0.1284844902196193,True,False,True,0.00012662425899478613,COMPLETE
737,0.41177910566329956,2025-04-15 23:31:20.100993,2025-04-15 23:31:41.749798,0 days 00:00:21.648805,0.3814602982079516,0.19852543844774675,16,0.03229867221151991,0.26715301049604556,0.004505029615734818,0.05908803357943093,0.08551107116544715,0.06589807872985384,0.00490303460932389,23,33,0.04967069265039495,0.12652537601302608,True,False,True,0.00011716793974289068,COMPLETE
738,0.38631939888000494,2025-04-15 23:31:41.975906,2025-04-15 23:32:04.003537,0 days 00:00:22.027631,0.35584089348974934,0.2566919872496066,16,0.040531641585870096,0.26967944814717426,0.03611339364552862,0.06131168584503745,0.08579720573973924,0.06264814766766881,0.003713739516276086,24,29,0.05169763274090864,0.1481736353316414,True,False,True,9.615151078134118e-05,COMPLETE
739,0.35445461273193357,2025-04-15 23:32:04.246384,2025-04-15 23:32:26.293825,0 days 00:00:22.047441,0.40032641266143626,0.22844115764102801,16,0.0467725252226638,0.26407739201688274,0.008810715693450856,0.059926074700776176,0.08708137884955548,0.06317923610815272,0.003344985119503431,25,27,0.05192700286181532,0.12776433633751502,True,False,True,0.00013335821197945784,COMPLETE
