number,value,datetime_start,datetime_complete,duration,params_alpha-eval,params_alpha-train,params_batch-size,params_eps-eval,params_eps-train,params_lambda-actions-eval,params_lambda-actions-train,params_lambda-frames-eval,params_lambda-frames-train,params_learning-rate,params_n-epochs,params_n-frames,params_radius-gw,params_rho,params_std-feats,params_ub-actions,params_ub-frames,params_weight-decay,state
1595,0.29168026447296147,2025-04-14 07:57:29.324332,2025-04-14 07:57:49.336820,0 days 00:00:20.012488,0.9246609763984579,0.22823982320228298,16,0.11494022362690204,0.11002484889061384,0.07237579328638123,0.09331856299983247,0.09376777504171388,0.093519889201323,0.005101942907098229,14,95,0.09405142794044274,0.08105559999155026,True,False,True,0.0005655105886587818,COMPLETE
1596,0.46545319557189946,2025-04-14 07:57:49.863333,2025-04-14 07:58:08.236266,0 days 00:00:18.372933,0.8922061970166213,0.2195326336915697,16,0.029052268726490783,0.11770996771555699,0.07422442058909953,0.09676600913045631,0.0999822419405013,0.09042642793257472,0.003762635681795767,15,31,0.09561657836319541,0.07515666318414667,True,True,True,0.0006606967909776203,COMPLETE
1597,0.1888286888599396,2025-04-14 07:58:08.771768,2025-04-14 07:59:04.771117,0 days 00:00:55.999349,0.8682206017186244,0.23480198616566428,2,0.03790332527926688,0.11902101833337207,0.0782925263625202,0.09712514281224915,0.09951567886653333,0.0869741461480067,0.00316618760808093,15,14,0.09688705707038357,0.06775444700284795,True,True,True,0.0007647097563267373,COMPLETE
1598,0.3617154598236084,2025-04-14 07:59:05.289574,2025-04-14 07:59:23.594963,0 days 00:00:18.305389,0.8588453381481141,0.22782898288758896,16,0.0394181584894236,0.09245279297954619,0.0799149466843772,0.09726926677124706,0.09961072312386039,0.08793923465362948,0.004207692874969659,15,26,0.09767842830011239,0.06734998724858803,True,True,True,0.0008537135661499015,COMPLETE
1599,0.4186944484710694,2025-04-14 07:59:24.139302,2025-04-14 07:59:42.426513,0 days 00:00:18.287211,0.8482293102485621,0.22166921795812694,16,0.03432722311458837,0.1189306480381198,0.0759605207009344,0.09725711940038453,0.09975273670180573,0.08980047027242415,0.003471774380656616,15,28,0.09833150876319685,0.07446373320883816,True,True,True,0.0009996949347989765,COMPLETE
1600,0.33398662805557255,2025-04-14 07:59:42.949956,2025-04-14 08:00:00.844174,0 days 00:00:17.894218,0.8202512247426185,0.2377619840086175,16,0.04263381299787312,0.07793538580888518,0.0765869160303971,0.09588614999667079,0.09821176587129163,0.08664281946306111,0.004449350926035954,15,18,0.09598995777490554,0.05959208427577245,True,True,True,0.0007813789937965028,COMPLETE
1601,0.3384580731391907,2025-04-14 08:00:01.363962,2025-04-14 08:00:19.505086,0 days 00:00:18.141124,0.8924302809952787,0.2172195552923962,16,0.04692475137053541,0.0992001072471817,0.0743982392187592,0.09445019589993792,0.0996549556242127,0.08895598309793276,0.004551144553338829,15,23,0.09460301974738602,0.07259305119667077,True,True,True,0.0007117630571364434,COMPLETE
1602,0.37904832363128665,2025-04-14 08:00:20.046809,2025-04-14 08:00:38.917186,0 days 00:00:18.870377,0.8751881577896392,0.2515201200252016,16,0.029112527907268114,0.1150749370684084,0.07811430704793225,0.03712987159351976,0.09803651280483058,0.09005728195905106,0.0036865603901864523,16,27,0.09711868227883122,0.07411225003498245,True,True,True,0.0008113444653449463,COMPLETE
1603,0.45319701433181764,2025-04-14 08:00:39.434596,2025-04-14 08:00:57.942889,0 days 00:00:18.508293,0.8813598342875892,0.2177651786317557,16,0.03211193777471104,0.10416420547156556,0.07104184182108601,0.09827564478256559,0.09888861830918508,0.0878048104377825,0.004176650751201024,15,30,0.09548384797758243,0.078778460459277,True,True,True,0.0006647330187387072,COMPLETE
1604,0.37154698371887207,2025-04-14 08:00:58.459572,2025-04-14 08:01:21.959285,0 days 00:00:23.499713,0.8973002874265462,0.24068610613722122,8,0.0349962875286968,0.11982733088899641,0.07505821862037683,0.09767472520056598,0.09766895535757296,0.0909193587939641,0.002593721182717429,15,31,0.09583868433146994,0.07560535993383176,True,True,True,0.0008597071822835805,COMPLETE
1605,0.38925771713256835,2025-04-14 08:01:22.500342,2025-04-14 08:01:40.838978,0 days 00:00:18.338636,0.8749065183093986,0.1989912057123017,16,0.030343845349077508,0.10948268403685962,0.06969914924142917,0.09564064926739156,0.09728788154332092,0.08918023471720025,0.0039731129066700385,16,21,0.0968604009372972,0.05871774394867593,True,True,True,0.0006885758386707077,COMPLETE
1606,0.3916180849075317,2025-04-14 08:01:41.362357,2025-04-14 08:01:59.961354,0 days 00:00:18.598997,0.88608024915023,0.22263120557322996,16,0.04193045509164213,0.08954210756342391,0.07257767366447161,0.09379030159162215,0.09993269015359331,0.09088900172603655,0.003176667330289299,16,26,0.09956634210621396,0.07829428389886363,True,True,True,0.0007885001072243162,COMPLETE
1607,0.3688104867935181,2025-04-14 08:02:00.477824,2025-04-14 08:02:18.505295,0 days 00:00:18.027471,0.8999968144830447,0.25009462683293904,16,0.027331135568065205,0.1216010286240635,0.07387341394652382,0.09998932568481769,0.07143389846117644,0.09149064856040272,0.004807650473342751,15,29,0.09802481266249584,0.06393048501012986,True,True,False,0.000575287313770944,COMPLETE
1608,0.39467635154724123,2025-04-14 08:02:19.046505,2025-04-14 08:02:42.705667,0 days 00:00:23.659162,0.8656464181975825,0.20525765702241658,8,0.03561551682558058,0.0964884234118646,0.0765729169311224,0.09721567970137698,0.09808613239249227,0.0921836613178582,0.004739280567534693,15,31,0.09865162187241489,0.068480424323024,True,True,True,0.0005945830282579295,COMPLETE
1609,0.3434898257255554,2025-04-14 08:02:43.224329,2025-04-14 08:03:01.381520,0 days 00:00:18.157191,0.8993496840693481,0.2323309618364869,16,0.02661999585706102,0.11363867855884952,0.08411857917488721,0.09552409967806606,0.09764865719229182,0.08756709500077997,0.003592448663299972,16,25,0.09639257809787805,0.08308907358039179,False,True,True,0.0005983303769172153,COMPLETE
1610,0.44861840009689335,2025-04-14 08:03:01.921243,2025-04-14 08:03:20.285881,0 days 00:00:18.364638,0.8514269932161471,0.20210011633925296,16,0.03113094758827483,0.10598759946523585,0.0815675258068609,0.09825336577908203,0.0968030584135633,0.0890130429010848,0.0056306348212371805,15,27,0.09938303942781292,0.0749284305438328,True,True,True,0.0005233857364927941,COMPLETE
1611,0.1888286888599396,2025-04-14 08:03:20.807979,2025-04-14 08:03:38.407923,0 days 00:00:17.599944,0.888053959222047,0.2490101811301583,16,0.024104137035800974,0.1005945407634775,0.07069177206149559,0.09451844918972492,0.0997588746794669,0.0869835907207295,0.005806030265225146,16,7,0.09990481349033425,0.08512150822196851,True,True,True,0.0006276826045031443,COMPLETE
1612,0.38594375848770146,2025-04-14 08:03:38.924295,2025-04-14 08:04:02.539417,0 days 00:00:23.615122,0.9101266463627886,0.22110807939062457,8,0.03456507382810638,0.11114421543233982,0.0690506689859662,0.09677588607253174,0.09993124410046125,0.09205145820657853,0.004909743228828101,15,31,0.0948180681960458,0.0771159645305782,True,True,True,0.0009306711663244922,COMPLETE
1613,0.34838443994522095,2025-04-14 08:04:03.081671,2025-04-14 08:04:21.692892,0 days 00:00:18.611221,0.8865623906416843,0.19987773073360654,16,0.02660767981715292,0.12020839230267989,0.05949513244058015,0.01897849347463526,0.09683284007308073,0.09055330320012257,0.005557323145448145,16,28,0.0955895305758935,0.0558795275252813,True,True,True,0.0005233959196977376,COMPLETE
1614,0.3608184337615967,2025-04-14 08:04:22.222805,2025-04-14 08:04:40.486808,0 days 00:00:18.264003,0.9111612162297525,0.18818940795416478,16,0.03993751430193994,0.09450508573754339,0.07395895171849395,0.09267961927794781,0.096375551354243,0.08612820796604045,0.006079682066252396,15,32,0.09395176446313346,0.08336979140213199,True,True,True,0.0005087685172800472,COMPLETE
1615,0.39995820522308356,2025-04-14 08:04:41.011288,2025-04-14 08:04:59.062109,0 days 00:00:18.050821,0.9143578337669499,0.23331080250658903,16,0.022589057079887835,0.1152969722353903,0.07188642031589117,0.09783281296671988,0.0959923456013739,0.09326493907937221,0.0022309790697063805,15,23,0.09593496591493189,0.07001712618835414,True,False,True,0.0005408590993967936,COMPLETE
1616,0.1888286888599396,2025-04-14 08:04:59.600181,2025-04-14 08:05:58.961947,0 days 00:00:59.361766,0.8496217015264398,0.22068877207810533,2,0.029067452445181496,0.10659295719269174,0.0783985915151294,0.09506140017594433,0.09790055616530549,0.08951176897361085,0.0053239511315682385,16,29,0.093154866234217,0.07582290541039131,True,True,True,0.0007338356352478827,COMPLETE
1617,0.28054429888725285,2025-04-14 08:05:59.481208,2025-04-14 08:06:17.460179,0 days 00:00:17.978971,0.17011848483067615,0.2572280121315043,16,0.021767623222254655,0.08431036350343465,0.04606327089982567,0.09804104911804859,0.058572015281376795,0.0953917026789367,0.002902047883231881,14,34,0.09340342201096809,0.08219626660842995,True,True,True,0.0006670175336636056,COMPLETE
1618,0.4142420649528503,2025-04-14 08:06:18.005782,2025-04-14 08:06:41.375838,0 days 00:00:23.370056,0.9263289769778694,0.18876569748853148,8,0.046075306514275494,0.10282693440891298,0.07558448298903175,0.09305203607054105,0.0953487689214774,0.0927712724352533,0.003922037806156944,15,25,0.09789134712303701,0.08029489029242297,True,True,True,0.0004678617778092028,COMPLETE
1619,0.33182510137557986,2025-04-14 08:06:41.901666,2025-04-14 08:07:00.145712,0 days 00:00:18.244046,0.8872785948781345,0.21462652872614063,16,0.03487676374503763,0.1123816669698054,0.06891198469930557,0.09634439802392965,0.09759330310093131,0.09100848023226663,0.006352487805580538,16,20,0.09479029843099526,0.08757459350983311,True,True,True,0.0005277090140222427,COMPLETE
1620,0.467562198638916,2025-04-14 08:07:00.671469,2025-04-14 08:07:18.754015,0 days 00:00:18.082546,0.9054109936405579,0.24662129646847314,16,0.0229909398023954,0.1213708406471034,0.07158808459425618,0.09838405350552126,0.09537881769720247,0.09516252696611124,0.006469676814266147,14,31,0.09499707510504472,0.08942375068037987,True,True,True,0.00045470351416652873,COMPLETE
1621,0.3703011989593506,2025-04-14 08:07:19.302590,2025-04-14 08:07:37.233893,0 days 00:00:17.931303,0.855793174252548,0.26624949097672373,16,0.02816142248978321,0.12651006291162242,0.06946982123538946,0.0982310380850857,0.07543162607099808,0.0957756618527261,0.005243967508923171,14,35,0.09810576833036551,0.08757611864483959,True,True,True,0.000650514890145694,COMPLETE
1622,0.38212320804595945,2025-04-14 08:07:37.755224,2025-04-14 08:07:55.261510,0 days 00:00:17.506286,0.8328434886557323,0.24658426835651506,16,0.020660015453303635,0.17967768610285298,0.0681073059996651,0.09476604987332463,0.09998009324914407,0.09568897307291305,0.004435498749385884,13,32,0.09395237094976594,0.09163379348619653,True,True,True,0.000877200699285479,COMPLETE
1623,0.37879600524902346,2025-04-14 08:07:55.782051,2025-04-14 08:08:13.777518,0 days 00:00:17.995467,0.8741339329092527,0.28645571486966814,16,0.03160230981214918,0.1234259308569039,0.0709404431144462,0.09234828992807337,0.0799078397753557,0.0949588947342732,0.003934824979070699,14,35,0.09661387394558246,0.0880123355962602,True,True,True,0.0004775005783696066,COMPLETE
1624,0.41621717214584353,2025-04-14 08:08:14.319154,2025-04-14 08:08:31.934470,0 days 00:00:17.615316,0.8863319413598826,0.26659799625563063,16,0.03848485005255257,0.12399214938434827,0.07070371738461115,0.09626131659024825,0.09529460909222566,0.09533494731170455,0.004666652450317898,13,31,0.09586923410097153,0.08561602108538621,True,True,True,0.000652400813817591,COMPLETE
1625,0.3940370440483093,2025-04-14 08:08:32.456249,2025-04-14 08:08:50.284964,0 days 00:00:17.828715,0.8653051791999172,0.2781109490037633,16,0.026010737198711692,0.12293448812590704,0.06793406378148326,0.09847986122359488,0.08346405069484274,0.09391303986100176,0.005413697047383332,14,28,0.09660284056028108,0.08279906612952773,True,True,True,0.0009775745991394192,COMPLETE
1626,0.18918017745018006,2025-04-14 08:08:50.832694,2025-04-14 08:09:09.225998,0 days 00:00:18.393304,0.8943999358816385,0.2549895032850388,16,0.01896926662356459,0.11935374337571764,0.0717038787384866,0.09427163062984932,0.09500575959622796,0.09672437338471324,0.00631491964274795,14,58,0.09513115002808249,0.08933001550826564,True,True,False,0.0005468625187357155,COMPLETE
1627,0.39106937646865847,2025-04-14 08:09:09.754487,2025-04-14 08:09:27.028801,0 days 00:00:17.274314,0.8712260373028786,0.2514012025025313,16,0.024063991079222406,0.11877609341107176,0.06952951936969758,0.09671265308969877,0.09798767003002896,0.09539912161072933,0.0062687944463793435,14,33,0.09821710009470609,0.09292685052729184,False,True,True,0.0006830460830374776,COMPLETE
1628,0.3300432085990906,2025-04-14 08:09:27.555629,2025-04-14 08:09:47.758151,0 days 00:00:20.202522,0.904610287724136,0.24534968486226083,16,0.03208617986788515,0.12267763406805005,0.07230182601321185,0.09856350529033356,0.09404259351027766,0.0944247369554736,0.005642807966321493,14,91,0.09337606617858574,0.06291914768303623,True,True,True,0.00048111894745389734,COMPLETE
1629,0.3476434469223023,2025-04-14 08:09:48.302423,2025-04-14 08:10:06.028136,0 days 00:00:17.725713,0.8983091532254749,0.2629113602531428,16,0.019257766080239103,0.12698971867967615,0.0685654084333752,0.09628319354103247,0.09996586269069446,0.09341367256200284,0.006729777116792784,13,28,0.09562835505386293,0.0772996952601194,True,True,True,0.0004706940402451411,COMPLETE
1630,0.34459503889083865,2025-04-14 08:10:06.549938,2025-04-14 08:10:24.494535,0 days 00:00:17.944597,0.8838618812557045,0.23411938237587931,16,0.026798963936479007,0.11491886363342199,0.07042706185767346,0.09988403249711206,0.09612555902194087,0.09633632708500153,0.004767610999799065,14,36,0.09237420487085887,0.09332321953259425,True,True,True,0.0007407817068252244,COMPLETE
1631,0.2044096946716309,2025-04-14 08:10:25.044894,2025-04-14 08:10:42.472227,0 days 00:00:17.427333,0.9086230506487531,0.23936252582003142,16,0.17571044327267224,0.11738273846189855,0.03164154953365263,0.09998556705325892,0.0925730691727617,0.09348488031012028,0.0038015392387140243,13,31,0.09320403009483241,0.07976357260653341,True,True,True,0.0004217667913805845,COMPLETE
1632,0.34192862510681155,2025-04-14 08:10:42.997145,2025-04-14 08:11:00.691030,0 days 00:00:17.693885,0.8400202733548817,0.2726511900257863,16,0.019456948297758802,0.08779531336395284,0.0670135236972403,0.0928241671056983,0.0949020196661938,0.09637512081113453,0.00689124852200384,14,25,0.09988299756932678,0.09304291827076717,True,True,True,0.0005894626651733168,COMPLETE
1633,0.393296480178833,2025-04-14 08:11:01.219747,2025-04-14 08:11:20.845943,0 days 00:00:19.626196,0.9128469019699037,0.3027112910809088,16,0.05652354580394264,0.12367430052290077,0.07205030571564458,0.09461813058918254,0.0977063432935582,0.09347543113656794,0.0052671221738761,18,33,0.09562113968269109,0.07295123847284102,True,False,True,0.00043160332397907005,COMPLETE
1634,0.3809379696846008,2025-04-14 08:11:21.394034,2025-04-14 08:11:39.251998,0 days 00:00:17.857964,0.8833971507453195,0.44532164430209026,16,0.04501266676285011,0.10841900045054412,0.050254456006896694,0.09680315437017538,0.09305612558685837,0.09566300417618974,0.006875376062541778,14,29,0.0977816458585731,0.08587198971938345,True,True,True,0.0005600269185411942,COMPLETE
1635,0.34700506925582886,2025-04-14 08:11:39.781753,2025-04-14 08:11:58.092210,0 days 00:00:18.310457,0.917488382887047,0.23301378290342004,16,0.035741765111889104,0.09372470497306767,0.0731848583841787,0.09993097819567288,0.09640982696785945,0.09264575084044396,0.005646218567534993,15,36,0.0924207815023222,0.09440271690279937,True,True,True,0.00043446525503586556,COMPLETE
1636,0.43973011970520026,2025-04-14 08:11:58.645042,2025-04-14 08:12:16.455003,0 days 00:00:17.809961,0.9045627152848325,0.27846833150659256,16,0.016395575576673867,0.10011721092319667,0.06999314537533138,0.09532104174295926,0.0942590088582499,0.09657368794374416,0.0016273722289737674,14,27,0.09353547366022719,0.08272533845471063,True,True,True,0.0007903140775245137,COMPLETE
1637,0.3533276617527008,2025-04-14 08:12:16.986386,2025-04-14 08:12:34.476174,0 days 00:00:17.489788,0.41897081089161337,0.25145685487639924,16,0.024313955791701706,0.1165236586129815,0.06765316135555913,0.09248229364004976,0.09199451724546356,0.09110516722341615,0.007088095752530317,13,31,0.09417300772507525,0.08775639405728834,True,True,True,0.000512198371265761,COMPLETE
1638,0.1888286888599396,2025-04-14 08:12:35.006099,2025-04-14 08:12:52.678143,0 days 00:00:17.672044,0.9226442103643362,0.22544063135764264,16,0.02919942333357862,0.07630979096117615,0.05313021184762,0.09836755619173694,0.09794010283479918,0.094444429659056,1.0758367007894269e-05,15,22,0.09677150452266793,0.09193925483950012,True,True,True,0.00043591607369737097,COMPLETE
1639,0.3979464411735535,2025-04-14 08:12:53.225753,2025-04-14 08:13:11.160483,0 days 00:00:17.934730,0.88226132388802,0.21072565081296024,16,0.016120501246807622,0.12779288107401343,0.07401443848396305,0.09677672344954676,0.09678101209335913,0.08928813243181737,0.004775022966925423,14,34,0.09551018770142247,0.07071436224773325,True,True,True,0.0005815988702417715,COMPLETE
1640,0.4130456805229187,2025-04-14 08:13:11.690580,2025-04-14 08:13:30.222689,0 days 00:00:18.532109,0.9239850862891017,0.25578462062909924,16,0.022778293080772644,0.1076527750783267,0.07175985347817408,0.09995824365458393,0.08385048560626147,0.09708419073962372,0.007187874640494732,15,39,0.09194333812794829,0.09518599243342121,True,True,True,0.00041147502882227054,COMPLETE
1641,0.3041906476020813,2025-04-14 08:13:30.775260,2025-04-14 08:13:49.022487,0 days 00:00:18.247227,0.9227205099183476,0.599030588939801,16,0.039084645414725415,0.12033096140556171,0.06890334207402424,0.05386154088502705,0.09479497530250967,0.0916492908486484,0.0063837089609272875,15,30,0.0923960863754213,0.07840733334526769,True,True,True,0.0006598549479386436,COMPLETE
1642,0.350699657201767,2025-04-14 08:13:49.554745,2025-04-14 08:14:07.278043,0 days 00:00:17.723298,0.765186452697419,0.23298567008125845,16,0.015584034254977244,0.11120774169540519,0.07410095548155257,0.09396076260829833,0.09196926408848469,0.09442780217458997,0.007774658881600061,14,27,0.09831619018797853,0.06416183124950936,True,True,True,0.0004054562595286743,COMPLETE
1643,0.41908658742904664,2025-04-14 08:14:07.804832,2025-04-14 08:14:25.187491,0 days 00:00:17.382659,0.8666018792788285,0.20081897701265844,16,0.031987051676366306,0.09322266971266897,0.07081143196346698,0.09686320150039263,0.09560460835989787,0.09663145235612616,0.006050353949808803,13,24,0.09353905825823157,0.26239061118218293,True,True,True,0.000504887984370262,COMPLETE
1644,0.3079762578010559,2025-04-14 08:14:25.741115,2025-04-14 08:14:44.712683,0 days 00:00:18.971568,0.90236691338402,0.2998342204291428,16,0.1265840310844464,0.09980599230876291,0.07264886177059819,0.09517593096162057,0.09349039062302884,0.09265792040560644,0.00310763224972054,16,33,0.09436754061093469,0.08498333561187844,True,True,True,0.0007365325562744347,COMPLETE
1645,0.3663665294647217,2025-04-14 08:14:45.247408,2025-04-14 08:15:03.307523,0 days 00:00:18.060115,0.27248841725000056,0.22106450662253202,16,0.021166519707711964,0.1156875271367346,0.006094743025804802,0.09821978207872563,0.0663199330298857,0.0861070697955263,0.007366617968193333,15,36,0.09213080501950356,0.09374483053175729,True,True,False,0.0004043112766881482,COMPLETE
1646,0.3644303321838379,2025-04-14 08:15:03.866654,2025-04-14 08:15:23.049107,0 days 00:00:19.182453,0.9291315732175325,0.27245257207639584,16,0.014600294631889894,0.08144304465840099,0.06592814883070262,0.09336552621022044,0.091655607278819,0.09781042185168844,0.005425820113553823,17,66,0.09117150433183463,0.08864356566235422,False,True,True,0.000580408071204499,COMPLETE
1647,0.4269204378128052,2025-04-14 08:15:23.583897,2025-04-14 08:15:41.461243,0 days 00:00:17.877346,0.8954652778191946,0.1879408410307204,16,0.10147600393442183,0.10522490862807327,0.07017450425341025,0.09644687780800461,0.09997165955745704,0.08892175909587215,0.007839185143244366,14,31,0.09458406990821129,0.09058806775380925,True,True,True,0.00039935151572571646,COMPLETE
1648,0.36046556234359745,2025-04-14 08:15:41.990613,2025-04-14 08:16:00.332897,0 days 00:00:18.342284,0.9336330576941043,0.24464579853657778,16,0.02793846118962143,0.13018290050811973,0.07598396431459824,0.02661123031747606,0.07764967917141759,0.0950100062733306,0.0037758448023706157,15,28,0.09649311775570167,0.09693257597538382,True,True,True,0.0004799742690831744,COMPLETE
1649,0.37535343170166013,2025-04-14 08:16:00.892013,2025-04-14 08:16:19.323024,0 days 00:00:18.431011,0.9068663122485132,0.21035891108500934,16,0.019813994415412317,0.25112580906803156,0.06792327248257188,0.04438593210846494,0.09737573521362966,0.008486368858473092,0.006299676873152194,16,25,0.09108718125963483,0.0796424332771131,True,True,True,0.0003597561153852917,COMPLETE
1650,0.347178590297699,2025-04-14 08:16:19.854646,2025-04-14 08:16:37.817390,0 days 00:00:17.962744,0.9350453749420921,0.7747238303448654,16,0.050687245417709324,0.12503014304010807,0.0735012866528144,0.09818050950682275,0.09996870169845588,0.09209314634238579,0.0076036974404956464,14,33,0.09756667042665047,0.09812467420652414,True,True,True,0.0008293759434266606,COMPLETE
1651,0.4477418422698975,2025-04-14 08:16:38.371254,2025-04-14 08:16:56.614164,0 days 00:00:18.242910,0.916420887274043,0.18603080253284168,16,0.03370864491172003,0.1114147440152213,0.08058694616514804,0.09207576236419614,0.08970466659993047,0.09795607861614972,0.004588427012249397,15,29,0.09165086302210305,0.07535178359811523,True,True,True,0.000995502515743437,COMPLETE
