number,value,datetime_start,datetime_complete,duration,params_alpha-eval,params_alpha-train,params_batch-size,params_eps-eval,params_eps-train,params_lambda-actions-eval,params_lambda-actions-train,params_lambda-frames-eval,params_lambda-frames-train,params_learning-rate,params_n-epochs,params_n-frames,params_radius-gw,params_rho,params_std-feats,params_ub-actions,params_ub-frames,params_weight-decay,state
740,0.3094469547271729,2025-04-15 23:32:26.538679,2025-04-15 23:32:48.780069,0 days 00:00:22.241390,0.3722559419809995,0.18996997883189662,16,0.029851672150535538,0.12234385095043443,0.017716965624147943,0.05586065754366791,0.0836882848913256,0.06668385909546441,0.004556376927949564,26,23,0.04764035908364579,0.1310384720096074,True,False,True,0.0001454468360541559,COMPLETE
741,0.15885507464408877,2025-04-15 23:32:49.011134,2025-04-15 23:33:09.591240,0 days 00:00:20.580106,0.3934104593700017,0.2106331644331632,16,0.2147919289004455,0.2740503425550077,0.006930554201024973,0.057258862404699115,0.0880098648569405,0.06440337089422651,0.00580616646289267,23,35,0.049433276713586376,0.13731292888998547,False,False,True,0.00018642689115775624,COMPLETE
742,0.3889723658561707,2025-04-15 23:33:09.837890,2025-04-15 23:33:31.779519,0 days 00:00:21.941629,0.41052906013630847,0.1883961769359657,16,0.03655403212793442,0.267771145476771,0.012045064110524882,0.05581930733049008,0.08683064980094365,0.06180249079084063,0.0032919831534063606,24,32,0.052368828598436154,0.12095286856717904,True,False,True,0.00010813958717706561,COMPLETE
743,0.393963634967804,2025-04-15 23:33:32.009261,2025-04-15 23:33:54.273238,0 days 00:00:22.263977,0.35013732040751583,0.23275555597648942,16,0.027798456785855838,0.2735815924238826,0.031793426181274814,0.06029534300572042,0.08939211476680234,0.05764086876857797,0.003986655881261203,24,36,0.044819914324154296,0.1310823155392562,True,False,True,0.00010983583300371838,COMPLETE
744,0.3681835770606995,2025-04-15 23:33:54.514051,2025-04-15 23:34:16.905368,0 days 00:00:22.391317,0.31404034702783246,0.7991005024201148,16,0.035387414912452356,0.2782764095765642,0.07046413908514554,0.05784664279650256,0.08357127966516721,0.05724539172908773,0.009215075590316951,24,37,0.06453297529587582,0.15758710344028412,True,False,True,0.00018785097507025776,COMPLETE
745,0.3327201962471008,2025-04-15 23:34:17.155303,2025-04-15 23:34:41.185607,0 days 00:00:24.030304,0.3875233255789862,0.19623262009664977,16,0.050549339144665056,0.26491381720645596,0.007205042798683302,0.008542476576634876,0.08582455204145706,0.06689894213913211,0.0027433383461729854,25,51,0.056399273918865137,0.12437574537898721,True,False,True,8.03911498381965e-05,COMPLETE
746,0.2864439964294434,2025-04-15 23:34:41.418345,2025-04-15 23:35:10.131131,0 days 00:00:28.712786,0.3713639324314964,0.27233510849781073,16,0.026671697321898745,0.27568374103854826,0.0055677300107647805,0.057425480477758736,0.09116603910956057,0.05927453183268866,0.005483125744985145,23,82,0.058904657644222994,0.14113697536343173,True,False,False,0.0001349763808486411,COMPLETE
747,0.1888286888599396,2025-04-15 23:35:10.373279,2025-04-15 23:35:32.299477,0 days 00:00:21.926198,0.017910599805507132,0.29578203476796117,16,0.04112871666727216,0.26991973985670653,0.02643217661817305,0.022270067835580963,0.0876715763351055,0.06125624333387948,0.0029965912488857317,23,38,0.05497318197682728,0.13887770288715454,True,True,True,0.00011279727882872889,COMPLETE
748,0.4182711362838745,2025-04-15 23:35:32.531260,2025-04-15 23:35:53.391949,0 days 00:00:20.860689,0.41997930773607167,0.2169171110302639,16,0.03217798469222847,0.28000133658611887,0.02006583325726566,0.012111540671192108,0.08955896947909582,0.06397235867280417,0.007363146676494575,20,42,0.050495496571146194,0.12064657870379335,True,False,True,0.00020142354308629455,COMPLETE
749,0.4019794940948486,2025-04-15 23:35:53.633588,2025-04-15 23:36:14.657099,0 days 00:00:21.023511,0.4220925404366616,0.24982178394236723,16,0.02020618701664939,0.27694524542495963,0.029460161884587367,0.016710089284184583,0.08927104724738018,0.06537289421882374,0.007444171891552714,20,41,0.04727727210207123,0.11268476380856332,True,False,True,0.00014590748408271914,COMPLETE
750,0.41533913612365725,2025-04-15 23:36:14.904015,2025-04-15 23:36:37.377855,0 days 00:00:22.473840,0.421744833426777,0.24624229805687542,16,0.03517079394163048,0.2633906737641114,0.009789357502808432,0.014200479093897864,0.09075397478264734,0.06256832469619635,0.00785965035402488,23,43,0.04956455988013185,0.12425996493942854,True,False,True,0.00015810645735610644,COMPLETE
751,0.3444712042808533,2025-04-15 23:36:37.612669,2025-04-15 23:36:59.888530,0 days 00:00:22.275861,0.4340772178736444,0.2555303795464135,16,0.047525851093962575,0.26568187433501356,0.0012123735946878572,0.014999617670529805,0.09070858403020125,0.06661587827882873,0.00827544447412836,22,43,0.044802392453994526,0.12193817733371924,True,False,True,0.00014578201432600653,COMPLETE
752,0.36144150495529176,2025-04-15 23:37:00.133592,2025-04-15 23:38:18.555094,0 days 00:01:18.421502,0.45278456033121306,0.23617766253887776,2,0.03892352302696719,0.26015267805673703,0.011580426735970581,0.015288776145454935,0.09141146618527946,0.0672798986294276,0.006779712394804142,23,34,0.04602314224194002,0.09916996651903712,True,False,True,0.00017821708468798478,COMPLETE
753,0.40460603237152104,2025-04-15 23:38:18.791145,2025-04-15 23:38:40.541277,0 days 00:00:21.750132,0.4148958575385793,0.2155277200420903,16,0.0342809648310487,0.2616608357055983,0.007611060447883369,0.012037782331648447,0.08928661333797651,0.0641457905570119,0.007651098182755268,23,38,0.04826233321126248,0.11926891448350685,True,False,True,0.00015583765152884333,COMPLETE
754,0.393316650390625,2025-04-15 23:38:40.786279,2025-04-15 23:39:02.959194,0 days 00:00:22.172915,0.4271245238459817,0.27140089508345766,16,0.042391754441840485,0.26950988223468225,0.0036993442473803448,0.018209964900928955,0.09227195593420816,0.06865232720913134,0.010399568863284012,23,42,0.04922044329594859,0.12540197230994343,True,False,True,9.693555922169623e-05,COMPLETE
755,0.30019410848617556,2025-04-15 23:39:03.208152,2025-04-15 23:39:26.284111,0 days 00:00:23.075959,0.4182811249919129,0.25138063815836964,16,0.055721779533228585,0.2612647755835117,0.022928119236500507,0.013519440192747497,0.08781862660184313,0.06459251397631474,0.009285552640196454,24,46,0.047612258980621866,0.11414751501791821,True,False,True,0.00013770993763198024,COMPLETE
756,0.41369822025299074,2025-04-15 23:39:26.518366,2025-04-15 23:39:48.173078,0 days 00:00:21.654712,0.4514275015230089,0.22317106446510232,16,0.02624518889413367,0.2691122289635116,0.005580975067987595,0.012478147762847263,0.09087688420776928,0.0655215783514628,0.0062922126945335185,22,40,0.05073444173337754,0.12083768856882346,True,False,True,0.0002030438362411346,COMPLETE
757,0.24990520477294925,2025-04-15 23:39:48.420060,2025-04-15 23:40:09.974655,0 days 00:00:21.554595,0.4821911179193561,0.2438979552281184,16,0.02610120772843294,0.02139757232322469,0.003998610435648189,0.01540133267781647,0.06540627575488715,0.06618316549221684,0.006463533399160016,22,36,0.0467690308102177,0.13072042651082416,True,False,True,0.00016321825712968654,COMPLETE
758,0.16081604957580567,2025-04-15 23:40:10.226144,2025-04-15 23:40:31.192355,0 days 00:00:20.966211,0.469902518171557,0.22371543792370793,16,0.27620779647981775,0.18846082977859477,0.004607937602423172,0.013600523638158214,0.09249804260192673,0.06915099710957036,0.006111030261053279,22,33,0.04432877253406625,0.11774986376997303,True,False,True,0.00019699958776535345,COMPLETE
759,0.4103905320167542,2025-04-15 23:40:31.430286,2025-04-15 23:40:53.556598,0 days 00:00:22.126312,0.4461091004911645,0.2436893264775753,16,0.017363022597837965,0.26414878795254965,0.009248622437434642,0.017170902603495478,0.09369188452464179,0.0718370876101529,0.007717478660042102,23,38,0.04896618838412918,0.10875977873619919,True,False,True,0.00011830905850684905,COMPLETE
760,0.4137571454048157,2025-04-15 23:40:53.810799,2025-04-15 23:41:21.908511,0 days 00:00:28.097712,0.48546363783215885,0.22790602347142727,8,0.02226708997872716,0.2568104462894027,0.0027624792725474403,0.013932679537241532,0.09101184538232895,0.06877593312288698,0.005490038307049208,21,40,0.050608156524467825,0.11273535091293377,True,False,True,0.0002019339328663351,COMPLETE
761,0.39557369947433474,2025-04-15 23:41:22.143201,2025-04-15 23:42:35.279349,0 days 00:01:13.136148,0.4902741028638912,0.22533933747971696,2,0.014341336688680652,0.2558876056894099,0.0020614036087907976,0.014345882978421867,0.09106583680633352,0.07151045465049159,0.0056620650245464785,21,40,0.04708753541786062,0.11655307532742147,True,False,True,0.00019498600601358855,COMPLETE
762,0.40641976594924933,2025-04-15 23:42:35.526240,2025-04-15 23:43:04.450696,0 days 00:00:28.924456,0.49745777034081573,0.9342068671200907,8,0.010694997160175364,0.25417337567999887,0.019497791996734598,0.016874683316007905,0.09370598988943662,0.0681342518086365,0.005393914569016658,22,42,0.04984871647443933,0.10574503714251253,True,False,True,0.00015177878472139524,COMPLETE
763,0.4075815320014954,2025-04-15 23:43:04.703606,2025-04-15 23:43:32.661443,0 days 00:00:27.957837,0.46731125610084706,0.2825301794869794,8,0.023331036128674057,0.25749555333669194,0.0010176160474861889,0.015111761993589778,0.09061633593433956,0.06924924023074415,0.006937079495928612,21,39,0.050271134887341966,0.10805402024596222,True,False,True,0.00019977697789179988,COMPLETE
764,0.32714141607284547,2025-04-15 23:43:32.899910,2025-04-15 23:44:01.189084,0 days 00:00:28.289174,0.48963952274013683,0.26119794806925695,8,0.018541051695737346,0.24890959761948717,0.0022679664893544226,0.011598703907638662,0.09456980238022183,0.0672908406373056,0.0007477599502711948,21,42,0.05000990149819684,0.12581778464730914,True,False,True,0.0002254317359792729,COMPLETE
765,0.29477431774139407,2025-04-15 23:44:01.438893,2025-04-15 23:44:29.856182,0 days 00:00:28.417289,0.4618079423305773,0.2298102621242414,8,0.005868888228055397,0.2579262851810967,0.006315320296726922,0.014662697450853291,0.09200529945849935,0.06632480499434627,0.005264684327556074,21,44,0.04535052154596908,0.12238212472113069,True,False,True,0.0001198513078832201,COMPLETE
766,0.28560289144515993,2025-04-15 23:44:30.095070,2025-04-15 23:45:01.822118,0 days 00:00:31.727048,0.5205502464526989,0.2353179735808821,8,0.021541714902509727,0.2666117552670872,0.006066501946879693,0.020121408905459284,0.08962796331662802,0.0654149225462376,0.00880812255679941,22,35,0.04759250211678085,0.11701223440748702,False,False,False,0.0001906643853920668,COMPLETE
767,0.329875648021698,2025-04-15 23:45:02.078373,2025-04-15 23:45:29.924828,0 days 00:00:27.846455,0.46541104255730564,0.27290820127477744,8,0.011307777345319254,0.2589394621820667,0.002449203536140723,0.013178865692825276,0.08771032638784358,0.06876691994241327,0.0072474786505460275,20,40,0.05061481721091529,0.1193590546495958,True,False,True,0.00017612230895859652,COMPLETE
768,0.3512897849082947,2025-04-15 23:45:30.179540,2025-04-15 23:45:59.537950,0 days 00:00:29.358410,0.9010950288943833,0.2108615041750138,8,0.00023588067938745683,0.26659271998881534,0.01483187454894275,0.012430326772289047,0.09567752576204352,0.06416973391692916,0.0058335206594933185,23,37,0.043206327223240595,0.10770183615329293,True,False,True,0.00015823007522221513,COMPLETE
769,0.4112707972526551,2025-04-15 23:45:59.775542,2025-04-15 23:46:29.018855,0 days 00:00:29.243313,0.5255053507100009,0.23974690164918125,8,0.02687315660292932,0.2622530695374595,0.003503148491955906,0.01913126450713599,0.0929127319549107,0.06994378912683585,0.0005609591412866037,22,44,0.048937541610235114,0.11246316861492897,True,False,True,0.00022558503481864332,COMPLETE
770,0.3866793990135193,2025-04-15 23:46:29.269676,2025-04-15 23:46:58.020690,0 days 00:00:28.751014,0.4803566641527324,0.9665203713123748,8,0.02154398713475604,0.2603437875945758,0.006102556174419738,0.0156951591351426,0.09105072577391893,0.06997133977496149,0.00466207973527476,21,40,0.05136241169146283,0.1179004290792516,True,True,True,0.00013572470886678853,COMPLETE
771,0.39556198120117186,2025-04-15 23:46:58.276509,2025-04-15 23:47:28.283851,0 days 00:00:30.007342,0.4541415760654638,0.9112569251476466,8,0.029727565235217752,0.2510173054628591,0.004750823481686413,0.01248295511701204,0.09709065560374985,0.06812078936962451,0.006726155248909945,24,31,0.04677530124310427,0.12446478060234265,True,False,True,0.00022366968842302352,COMPLETE
772,0.3558036684989929,2025-04-15 23:47:28.520990,2025-04-15 23:47:57.393846,0 days 00:00:28.872856,0.5551004480151671,0.21209904011148661,8,0.016441285987787574,0.2686054436092185,0.00615602730577825,0.012756084827748454,0.0862254792819003,0.07325889876891305,0.010107836749285913,22,46,0.0483092946152988,0.11887135548042777,True,False,True,0.00016276892205512077,COMPLETE
773,0.2687696158885956,2025-04-15 23:47:57.645773,2025-04-15 23:48:27.399084,0 days 00:00:29.753311,0.5078558206895099,0.25819480736119843,8,0.025627666025867767,0.008355918342559252,0.008689695015333686,0.011375004342286688,0.09995911833907933,0.07047979280070876,0.008680051774805951,23,42,0.051998122211658164,0.11145322354279306,True,False,True,0.00023969160788064244,COMPLETE
774,0.3909345984458924,2025-04-15 23:48:27.637835,2025-04-15 23:48:56.919232,0 days 00:00:29.281397,0.438911375651351,0.22150315559498218,8,0.03397513370131752,0.2687084144078585,0.0051184731966376195,0.016932554387818946,0.09450346747742888,0.073809832882436,0.005895218502653677,23,37,0.05046087782679528,0.11311084340119319,True,False,True,0.00011177710120835785,COMPLETE
775,0.40611571073532104,2025-04-15 23:48:57.172612,2025-04-15 23:49:24.812056,0 days 00:00:27.639444,0.45039374572087426,0.24067617708356762,8,0.0290146476522766,0.2545543117057511,0.003065699653628944,0.013931754935817124,0.08839827952654747,0.06533251947355162,0.004646930699386349,20,40,0.04895190443411912,0.09853630731867076,True,False,True,0.00017188920381348616,COMPLETE
776,0.309873104095459,2025-04-15 23:49:25.067973,2025-04-15 23:49:54.380549,0 days 00:00:29.312576,0.48468859688557303,0.20534275455337814,8,0.035913378989325784,0.17020022713078625,0.0010818785668005905,0.011688227553580986,0.0062869388216242605,0.06421039907829024,0.00065301188930783,22,44,0.07163437588076295,0.12249675440134158,True,False,True,9.238938083224844e-05,COMPLETE
777,0.41033483743667604,2025-04-15 23:49:54.625805,2025-04-15 23:50:24.514914,0 days 00:00:29.889109,0.4328470841860602,0.25409511603962803,8,0.020628932650927433,0.27154193984467445,0.012687646902391053,0.01611867241095803,0.09240384388017593,0.06647614509713572,0.008008986920098852,24,34,0.05139716158310249,0.10527762877261843,True,False,True,0.00024255517786353888,COMPLETE
778,0.3849959492683411,2025-04-15 23:50:24.767001,2025-04-15 23:50:46.457946,0 days 00:00:21.690945,0.5120503889693718,0.21815490269455573,16,0.014961689591103177,0.26261532473351906,0.004292420388246343,0.010659574520721906,0.08985849733553329,0.06255850680029934,0.006217117842951744,21,47,0.0461216489712252,0.11336278123179287,True,False,True,0.00013185366914917116,COMPLETE
779,0.4123856902122498,2025-04-15 23:50:46.714336,2025-04-15 23:51:07.869951,0 days 00:00:21.155615,0.45274049735664607,0.2963696450996629,16,0.02484091117349456,0.2738731900456892,0.0034948937180553146,0.013283877059082624,0.09473155803209672,0.06781727992511266,0.010371247428622285,21,38,0.05093862824879916,0.12996483804708772,True,False,True,0.00020763533775762903,COMPLETE
780,0.29117149114608765,2025-04-15 23:51:08.112445,2025-04-15 23:51:29.323135,0 days 00:00:21.210690,0.42613703562590327,0.22556204915216654,16,0.04433716220958838,0.1619655423205295,0.006204810881679328,0.011656993461556547,0.09717104760916093,0.04113198311351596,0.005181022856187086,20,43,0.04892596876646361,0.10197696626253008,True,False,True,0.00026605224470003234,COMPLETE
781,0.40898792743682866,2025-04-15 23:51:29.576778,2025-04-15 23:51:50.367899,0 days 00:00:20.791121,0.4109786775635727,0.20103776654324282,16,0.03170042749779331,0.24839222130215394,0.0039240864650276945,0.01790635604150334,0.09246576519728732,0.06399355764233826,0.007326887593256939,23,40,0.05178405215584417,0.1291380887496352,False,False,True,0.0001583186877998451,COMPLETE
782,0.385104775428772,2025-04-15 23:51:50.627409,2025-04-15 23:52:19.420593,0 days 00:00:28.793184,0.4718703179555886,0.22852292381650868,8,0.03818184802219272,0.2631766306885756,0.00863937401818174,0.013978307431022867,0.08545702519164296,0.06281239090543417,0.011585363105874172,22,35,0.04988242347381814,0.11955619544510433,True,False,True,0.00022510782635350887,COMPLETE
783,0.2504141092300415,2025-04-15 23:52:19.663857,2025-04-15 23:52:42.620903,0 days 00:00:22.957046,0.41262091354434216,0.2702720845049202,16,0.026720166296829814,0.015644667562849886,0.021336780387566423,0.011395703185560569,0.08874991123457364,0.070639014542539,0.004447656631435562,24,47,0.05235050812809265,0.12604280121427874,True,False,True,0.00012679582464199919,COMPLETE
784,0.364038896560669,2025-04-15 23:52:42.875453,2025-04-15 23:53:04.691954,0 days 00:00:21.816501,0.4358673758436755,0.20123457633019154,16,0.0200149545108618,0.2574032667580967,0.009034691412902768,0.010110719106846152,0.09094921036921545,0.06460029340189428,0.00665400386292452,22,43,0.04889028529177503,0.12715816676762487,True,False,True,0.00019093862564226985,COMPLETE
785,0.2946785151958466,2025-04-15 23:53:04.951500,2025-04-15 23:53:30.477303,0 days 00:00:25.525803,0.4058259888374402,0.24989157877050344,16,0.03276717116879243,0.2687353081330822,0.014643076273367406,0.05487767318039779,0.09536512194728758,0.06640802991648724,0.0007198560765843262,20,68,0.052714547162716965,0.10471926199348641,True,False,False,0.00024873198330604155,COMPLETE
786,0.390148401260376,2025-04-15 23:53:30.720729,2025-04-15 23:53:52.594264,0 days 00:00:21.873535,0.4489693568840904,0.20275340611338363,16,0.03903389406642592,0.27721713803860354,0.0061662928931528705,0.015466743842501813,0.08681478084440468,0.06405687504339415,0.008752667122855372,23,37,0.046459332073302974,0.11333392854331421,True,False,True,6.534363571603043e-07,COMPLETE
787,0.1888286888599396,2025-04-15 23:53:52.850800,2025-04-15 23:54:21.612094,0 days 00:00:28.761294,0.42515432451825014,0.23080773860000936,16,0.010857910601351734,0.27293456563980106,0.00959454514552481,0.010424136321749159,0.09410780093189844,0.0626470102245614,0.004819410702685158,20,125,0.05073239056390992,0.13259824912749613,True,True,True,8.719548986446902e-05,COMPLETE
788,0.3583459973335266,2025-04-15 23:54:21.856660,2025-04-15 23:54:43.266793,0 days 00:00:21.410133,0.39376037384059503,0.21806684211088387,16,0.047918471990337,0.2015430165454102,0.01590853605892867,0.012367884694505218,0.09817760714077862,0.06556296457593913,0.010048397394861878,23,30,0.05284944519881845,0.12187712144284281,True,False,True,0.00017188417437950484,COMPLETE
789,0.23115441203117373,2025-04-15 23:54:43.522649,2025-04-15 23:55:11.878259,0 days 00:00:28.355610,0.33746952010401254,0.2673753041664651,8,0.08107227938262715,0.2650151804635839,0.009925072062155833,0.05871172151171814,0.09288491483433003,0.06239311937426144,0.013059433544616488,21,45,0.047583921434588686,0.11891255251447352,True,False,True,0.0002507461044756938,COMPLETE
790,0.3358259618282318,2025-04-15 23:55:12.142078,2025-04-15 23:55:34.840171,0 days 00:00:22.698093,0.4795336679101446,0.2407290617165933,16,0.026258299725364267,0.028579530747641718,0.013421162574668112,0.009804875912724878,0.08996656133773796,0.06297028580468784,0.005906469137560057,24,41,0.050543285936655295,0.13164459572308918,True,False,True,0.00015009908808609216,COMPLETE
791,0.1660706102848053,2025-04-15 23:55:35.089950,2025-04-15 23:55:55.907556,0 days 00:00:20.817606,0.40758346999376655,0.19180810123186945,16,0.29872915630705077,0.2586183412353982,0.019095721176866455,0.01364644273075099,0.09581026493872122,0.06727596092219545,0.007779658171898535,20,38,0.0529825272250256,0.0931971484132281,True,False,True,0.00011614873855348386,COMPLETE
792,0.36403043270111085,2025-04-15 23:55:56.167467,2025-04-15 23:56:18.373524,0 days 00:00:22.206057,0.37539398741850055,0.3135108266508441,16,0.03242916644658221,0.28034292206240097,0.0104917313252102,0.055407741837528245,0.015508598587993666,0.043164484112788,0.004155074260714298,22,48,0.044273550259735305,0.11442796272886453,True,False,True,0.00021264048933314385,COMPLETE
793,0.40186601877212524,2025-04-15 23:56:18.635115,2025-04-15 23:56:40.382906,0 days 00:00:21.747791,0.43896553264609395,0.20807565972783035,16,0.02075971240991764,0.2715460946759889,0.007654784340146152,0.010555469146588066,0.08836316770253021,0.07548271956753966,0.000450655487798035,23,34,0.04874402264163172,0.13483570843039433,True,False,True,0.00027747128884396334,COMPLETE
794,0.3952222347259522,2025-04-15 23:56:40.631507,2025-04-15 23:57:03.208339,0 days 00:00:22.576832,0.41873125178758525,0.19427637809640497,16,0.04212701144646253,0.2454944168155587,0.011689419309782852,0.05338535165355072,0.08502942425065461,0.06536518133349829,0.006299223420174632,24,41,0.05189680797848509,0.12580663069639403,True,False,True,0.0002802510377152609,COMPLETE
795,0.2402644515037537,2025-04-15 23:57:03.469257,2025-04-15 23:57:25.432323,0 days 00:00:21.963066,0.38837882897645554,0.22208210035161893,16,0.030185556312147515,0.09267275656585075,0.002458275319462574,0.014937558818962044,0.09167104428358466,0.06190406689209111,0.005424672952361823,22,45,0.05369998447791383,0.12677040320850536,True,False,True,0.00017280346329545389,COMPLETE
796,0.25494678020477296,2025-04-15 23:57:25.692393,2025-04-15 23:58:33.371810,0 days 00:01:07.679417,0.3602009214339012,0.24781358321588678,2,0.03736869417721177,0.07454527027131103,0.020233195350711643,0.00958917098533267,0.09307098361756627,0.06164144299643262,0.0008554436245571376,19,49,0.05025053755472117,0.1351626542879595,True,False,True,7.785034316653495e-05,COMPLETE
