number,value,datetime_start,datetime_complete,duration,params_alpha-eval,params_alpha-train,params_batch-size,params_eps-eval,params_eps-train,params_lambda-actions-eval,params_lambda-actions-train,params_lambda-frames-eval,params_lambda-frames-train,params_learning-rate,params_n-epochs,params_n-frames,params_radius-gw,params_rho,params_std-feats,params_ub-actions,params_ub-frames,params_weight-decay,state
1139,0.1888286888599396,2025-04-14 05:27:51.000657,2025-04-14 05:28:09.582263,0 days 00:00:18.581606,0.9647238972236849,0.2288122304440477,16,0.2731075350284185,0.11584088846358143,0.07516480005217724,0.09248399584951947,0.09626335969109567,0.08388975283814633,0.02095196884629324,16,28,0.08526217567118863,0.10806756751039595,True,True,True,0.00022408932959061195,COMPLETE
1140,0.30392916202545167,2025-04-14 05:28:09.951743,2025-04-14 05:28:26.997432,0 days 00:00:17.045689,0.5062046995938353,0.20671313107235242,16,0.00012988194282789398,0.11057956059784124,0.06648647767888419,0.09507360336948463,0.09951385490210492,0.08096405019510203,0.006796384977516903,13,21,0.08320653284184834,0.08351454198772844,True,False,True,0.0004473086624274796,COMPLETE
1141,0.3457908034324646,2025-04-14 05:28:27.366433,2025-04-14 05:28:45.374746,0 days 00:00:18.008313,0.9995978534827747,0.12116487639446691,16,0.00951882604272691,0.1216284829867189,0.07174365812496152,0.0897124768686918,0.09706908938806487,0.08225768595572017,0.008341403852190489,15,28,0.08985445083278301,0.11228277213750955,True,True,True,0.00017090975934913263,COMPLETE
1142,0.35043785572052005,2025-04-14 05:28:45.746977,2025-04-14 05:29:03.975992,0 days 00:00:18.229015,0.9616824825106609,0.284112108073664,16,0.025736927695344372,0.13214155124247415,0.07738350174370906,0.09526435161662267,0.09597312177681207,0.0845745623832148,0.01204085196494917,14,31,0.08604498169967158,0.10557809969912424,True,True,True,0.0006213758548047783,COMPLETE
1143,0.4266283035278321,2025-04-14 05:29:04.346131,2025-04-14 05:29:20.964081,0 days 00:00:16.617950,0.9202631402771917,0.23675209285379356,16,0.017124043993461617,0.10515689033402577,0.073500881880921,0.09263069117661445,0.09543464360904222,0.08314021561332326,0.010240519835009041,11,25,0.08784611585145766,0.1129631069115643,True,True,True,0.0003077973269273464,COMPLETE
1144,0.4573261857032776,2025-04-14 05:29:21.337272,2025-04-14 05:29:39.874773,0 days 00:00:18.537501,0.9403561795000606,0.16888599980685678,16,0.012597050604793894,0.09521213666503428,0.08199480305983468,0.09510459515967576,0.09984877136232435,0.022789605300267753,0.009052316945013919,16,29,0.08354972457123752,0.11565369632901698,True,True,True,0.00041062946412147533,COMPLETE
1145,0.35934293270111084,2025-04-14 05:29:40.247156,2025-04-14 05:29:57.853725,0 days 00:00:17.606569,0.8889336482284647,0.09076383463921373,16,0.02136864990567576,0.12509215454532874,0.06997389174019111,0.08769967384020304,0.09985069025919593,0.08571023778414248,0.016788348989466385,14,19,0.08545511090655919,0.09975956162452354,True,True,True,0.0002308033873909102,COMPLETE
1146,0.34754035472869876,2025-04-14 05:29:58.228151,2025-04-14 05:30:16.657761,0 days 00:00:18.429610,0.9811797795512337,0.21326261397176727,16,0.006726658429764751,0.1170432061644786,0.07533238351207913,0.09384289419862661,0.06130982551226247,0.08753545160154114,0.006393473924693144,15,33,0.09294281303417128,0.11078381131552187,True,True,True,0.00015569674001883487,COMPLETE
1147,0.43864048719406135,2025-04-14 05:30:17.033852,2025-04-14 05:30:34.448333,0 days 00:00:17.414481,0.9587361600779024,0.18569623707438593,16,0.03055976647763925,0.10770786192210442,0.06872946676100439,0.09615492203594199,0.09673114768696532,0.08064759508098544,0.014058823467659255,13,30,0.09003890808350569,0.12181806392442993,True,True,True,0.0002719403050434877,COMPLETE
1148,0.35036529302597047,2025-04-14 05:30:34.802562,2025-04-14 05:30:56.925815,0 days 00:00:22.123253,0.9300401758527261,0.22114992500409442,16,0.037009825895750054,0.10136035803144475,0.07226849004172589,0.09142136104728081,0.09460351331045189,0.08473004273966851,0.01099602809609222,16,107,0.08218236716674301,0.10446738746916326,True,True,True,0.00035619719076960215,COMPLETE
1149,0.271076238155365,2025-04-14 05:30:57.293028,2025-04-14 05:31:13.587808,0 days 00:00:16.294780,0.7981032465634372,0.2610637316028916,16,0.00014232416284045216,0.14388845162467861,0.07800387837535576,0.09662124007411196,0.09710213343463896,0.08062891095320512,0.008681851287232317,10,35,0.08788247551375532,0.11597363204583404,True,True,True,0.00011093939315447156,COMPLETE
1150,0.43860907554626466,2025-04-14 05:31:13.958096,2025-04-14 05:31:31.681049,0 days 00:00:17.722953,0.9999551826557772,0.2419525577489956,16,0.018068540723769677,0.11149762459286117,0.06574076584051793,0.09371145722022474,0.09600348418760439,0.08780506510159611,0.007512335027214905,14,27,0.08420652417657486,0.1248416001359165,True,True,True,0.0005104153889241476,COMPLETE
1151,0.27656661272048955,2025-04-14 05:31:32.051051,2025-04-14 05:31:50.160674,0 days 00:00:18.109623,0.9685339262560698,0.1426363815238925,16,0.0110143117582082,0.13471219792680306,0.07073797162084604,0.09627829322038263,0.0935068486228776,0.07728820337314797,0.04931393646212802,15,38,0.0805162259152842,0.00791435025931203,True,True,False,0.00020177572838426288,COMPLETE
1152,0.1888286888599396,2025-04-14 05:31:50.534701,2025-04-14 05:32:08.066814,0 days 00:00:17.532113,0.9082835673601244,0.19645091905119194,16,0.0253774844890528,0.11984911016183139,0.07302842681729761,0.09466191081246055,0.09438553392094629,0.079342221739881,0.011738597564418944,15,32,0.08621813648443807,0.10949266562003705,False,True,True,0.000261976957478267,COMPLETE
1153,0.1888286888599396,2025-04-14 05:32:08.435637,2025-04-14 05:32:25.518310,0 days 00:00:17.082673,0.9479513280035421,0.1732868293876366,16,0.006343058912414883,0.1286058252277302,0.07540895488848305,0.08953043496189882,0.09511734784138229,0.0828987938386537,0.018049686687343247,13,24,0.08280041397746504,0.09232357272513779,True,True,True,0.0007956448355893354,COMPLETE
1154,0.4315451502799988,2025-04-14 05:32:25.889164,2025-04-14 05:32:44.698367,0 days 00:00:18.809203,0.9812054420313224,0.21201474932543057,16,0.015098329960947942,0.09086253125828686,0.08044562428337607,0.09684584040394781,0.09810743689524135,0.09021249107455598,0.023336989699006213,16,29,0.0918531366302685,0.12187879468198427,True,True,True,0.0003785733168477259,COMPLETE
1155,0.3805537819862366,2025-04-14 05:32:45.068381,2025-04-14 05:33:07.970003,0 days 00:00:22.901622,0.9364165402654211,0.25672977860630525,16,0.021403069013541304,0.22776913371991675,0.06966773224028941,0.09209655105533796,0.09363915359100604,0.08510617922903087,0.014153799133873617,14,150,0.08836321624574,0.1303962840446532,True,True,True,0.00029871215462462807,COMPLETE
1156,0.3918417692184448,2025-04-14 05:33:08.343575,2025-04-14 05:33:26.343348,0 days 00:00:17.999773,0.9691473876167717,0.2846353156788512,16,0.012582558520396268,0.10394174863360799,0.06792608794218012,0.09799187305778002,0.09780926241344762,0.09838397531568842,0.009607552620123389,14,36,0.08550387630775916,0.11767168616775919,True,True,True,0.0002148302626364157,COMPLETE
1157,0.45171647071838383,2025-04-14 05:33:26.715548,2025-04-14 05:33:45.004586,0 days 00:00:18.289038,0.919096242568002,0.15506279105532716,16,0.005761497044096399,0.11328867075640592,0.07174280970917608,0.09502144594091189,0.09188464823393859,0.095455621338936,0.007418452224892732,15,27,0.08964568780089041,0.13408746854408995,True,True,True,0.0005667129273087887,COMPLETE
1158,0.3743972182273865,2025-04-14 05:33:45.377820,2025-04-14 05:34:04.461638,0 days 00:00:19.083818,0.9530059512981547,0.947090818577623,16,0.030140570105548523,0.09491649742933128,0.0630713233982257,0.09327551159858688,0.09473514050147731,0.0999635470753535,0.010126885327897104,16,42,0.0821923588616915,0.12643920925091603,True,True,True,0.00043497416508054626,COMPLETE
1159,0.4409260272979737,2025-04-14 05:34:04.834668,2025-04-14 05:34:21.756300,0 days 00:00:16.921632,0.999981209582693,0.22886362395393156,16,0.019290100372755248,0.12373551043874215,0.07647569058182509,0.09691463057362572,0.09305588661814064,0.09120197603332794,0.01270926237060627,12,32,0.08714136719399357,0.10873802790655317,True,False,True,0.00013804117896847645,COMPLETE
1160,0.1888286888599396,2025-04-14 05:34:22.128475,2025-04-14 05:34:40.271845,0 days 00:00:18.143370,0.9783511419598118,0.18813994902451575,16,0.011134496749659339,0.1506416516542384,0.07429431586642979,0.09804540463999283,0.09642473682871705,0.08803320442713183,0.006881900886907046,15,34,0.007207601513224797,0.11986863611454371,True,True,True,0.0003363595240983096,COMPLETE
1161,0.45875579118728643,2025-04-14 05:34:40.643944,2025-04-14 05:34:58.488406,0 days 00:00:17.844462,0.94020734529231,0.2027491427920784,16,0.02443512946116377,0.0999221961218642,0.06625034756907616,0.0955364318979012,0.09074808200418363,0.07972329347145235,0.008433517832892883,14,30,0.09792194235168153,0.11603107528140905,True,True,True,0.00017540667106085925,COMPLETE
1162,0.4322247982025147,2025-04-14 05:34:58.864288,2025-04-14 05:35:16.042442,0 days 00:00:17.178154,0.8965480357224876,0.12314552237544618,16,0.015633774357628232,0.11718960793654468,0.07307199454581105,0.0913338893793983,0.09374584716274881,0.0928630306795402,0.005913120246596208,13,23,0.08402138642475804,0.1485241224345171,True,True,True,0.0002512636054915093,COMPLETE
1163,0.3353473901748657,2025-04-14 05:35:16.416017,2025-04-14 05:35:34.715005,0 days 00:00:18.298988,0.9611896091269657,0.24723655086394017,16,0.03533665021937773,0.10734964669147377,0.06971682487489073,0.09348405980833771,0.0920022928101509,0.09804205356909818,0.01572045591526451,15,39,0.08086070058833558,0.024042070336748336,True,True,True,0.00040751053007563446,COMPLETE
1164,0.33632581233978276,2025-04-14 05:35:35.090432,2025-04-14 05:35:53.722178,0 days 00:00:18.631746,0.9235442997166665,0.17297377276202924,16,0.00012814140687311687,0.08708164828572083,0.07879072209268848,0.09822964238464371,0.09979649249528398,0.09512635634117438,0.010306714500964972,16,27,0.09460143048069504,0.09699854178989269,True,True,True,0.0003024832912862422,COMPLETE
1165,0.36326508522033696,2025-04-14 05:35:54.097260,2025-04-14 05:36:12.030700,0 days 00:00:17.933440,0.9797424422118169,0.6305007946164316,16,0.006001601621586493,0.11171977381555354,0.07164157724314238,0.09606450149760684,0.09565468680995608,0.013446907025562962,0.012698479711776685,14,35,0.08509723813173911,0.12732495995841409,True,True,True,8.3968599802873e-05,COMPLETE
1166,0.1888286888599396,2025-04-14 05:36:12.406044,2025-04-14 05:36:29.924210,0 days 00:00:17.518166,0.9496512053332812,0.22315703579066148,16,0.02451528824207992,0.1281508004858471,0.06746562947118835,0.0982212626909829,0.09778895190750779,0.08961534967995355,0.00013279244241489434,13,32,0.09107554480056898,0.10427649402913926,True,True,True,0.00022529822820630292,COMPLETE
1167,0.44867390394210815,2025-04-14 05:36:30.301674,2025-04-14 05:36:49.058767,0 days 00:00:18.757093,0.9581477659316989,0.2688933602092405,16,0.011145914462787211,0.12137705012823165,0.07633386555048616,0.0877664553990644,0.08915583599773325,0.09692959799278349,0.008855290517868823,16,29,0.08767655174720021,0.1373739501950343,True,True,True,0.0004983205258908814,COMPLETE
1168,0.40154141187667847,2025-04-14 05:36:49.436985,2025-04-14 05:37:07.659152,0 days 00:00:18.222167,0.9128214890444897,0.1956871116830669,16,0.01847461521407956,0.09904805414074916,0.07379613529555676,0.09431192002952893,0.09226010714966493,0.09999341068258272,0.011193808658827997,15,26,0.04245171593730006,0.11247513316813054,True,True,True,0.0007182821248184045,COMPLETE
1169,0.34975517988204957,2025-04-14 05:37:08.032477,2025-04-14 05:37:26.089966,0 days 00:00:18.057489,0.9810310406304833,0.23700076800591569,16,0.028645409435610197,0.13618469939052208,0.07028867476423717,0.09655561199225003,0.09455170167486766,0.09230091397613835,0.018458770754026285,14,36,0.07822647660403428,0.12251634989095718,True,True,True,0.00018771640202933497,COMPLETE
1170,0.37964739799499514,2025-04-14 05:37:26.465549,2025-04-14 05:37:44.824087,0 days 00:00:18.358538,0.8765297991464273,0.1568702416846554,16,0.006231678663665001,0.10633317123418366,0.07494886448210446,0.09150495419535935,0.09999306748925502,0.08671598390591194,0.007201367774794067,15,31,0.08381367962834502,0.13082435481567553,True,True,True,0.0003252584255743759,COMPLETE
1171,0.41541188955307007,2025-04-14 05:37:45.203224,2025-04-14 05:38:02.546888,0 days 00:00:17.343664,0.11250084320014964,0.21692511458305083,16,0.015154220578864721,0.11588725084326551,0.06409657159817327,0.09829409678339777,0.09057257109185539,0.08313223942071962,0.0087906299313053,14,21,0.07992889393069237,0.08644075078804117,True,True,False,0.00025496466270234,COMPLETE
1172,0.45366590023040776,2025-04-14 05:38:02.928229,2025-04-14 05:38:20.245549,0 days 00:00:17.317320,0.9334107784824566,0.18319644045466868,16,0.010802994106171806,0.09532044080352867,0.07241168088019433,0.0999238495748971,0.09353791322160694,0.09347895581254569,0.012970620475158259,12,33,0.0896394350993156,0.11336028582835114,True,True,True,0.0003719841035934302,COMPLETE
1173,0.42094916105270386,2025-04-14 05:38:20.624241,2025-04-14 05:38:39.194612,0 days 00:00:18.570371,0.9660020127977378,0.2489931881272032,16,0.021790146155709216,0.11051747437184613,0.06933829240017544,0.09524364674469811,0.08768059886835887,0.09088983493655063,0.030282667251983576,16,24,0.086527161541537,0.12274972707169458,True,True,True,0.00015484761896464885,COMPLETE
1174,0.37003704309463503,2025-04-14 05:38:39.579431,2025-04-14 05:38:57.089994,0 days 00:00:17.510563,0.34915598094420275,0.8841410756076993,16,0.0055022356464702596,0.12381369791896955,0.07751273817965544,0.09634513771612162,0.07104403264383317,0.09577083068108,0.0057303440078733565,15,15,0.08219321501510612,0.13683112823454296,False,True,True,0.00045480503189617013,COMPLETE
1175,0.44570951461791997,2025-04-14 05:38:57.470381,2025-04-14 05:39:13.362326,0 days 00:00:15.891945,0.9412321989813425,0.2004613879184413,16,0.01769340650001864,0.08931765147182848,0.06757745118559164,0.08959450955339436,0.09122378008294488,0.08928366559862251,0.01510394713693423,9,29,0.08506699734239175,0.1168882191309177,True,True,True,0.0005757290713359888,COMPLETE
1176,0.29387426972389225,2025-04-14 05:39:13.742336,2025-04-14 05:39:31.278763,0 days 00:00:17.536427,0.7530855626937586,0.22556097373807976,16,0.03148686180160472,0.10452244741764499,0.07161723073542774,0.09301205688937338,0.09668664907291273,0.04377553839424142,0.010676654502426806,13,37,0.08859490250207351,0.10688446297678574,True,True,True,0.00021790212737739093,COMPLETE
1177,0.1888286888599396,2025-04-14 05:39:31.657184,2025-04-14 05:39:50.845642,0 days 00:00:19.188458,0.9790508848525542,0.13451602925933995,16,0.025270095263663042,0.11787045713874719,0.07442763425566076,0.09820921417063966,0.09463491734427397,0.09723606274418703,0.00019433737662245633,17,41,0.08359592562103937,0.001708639005067042,True,True,True,0.00029215901912086424,COMPLETE
1178,0.4101531028747558,2025-04-14 05:39:51.228167,2025-04-14 05:40:08.900473,0 days 00:00:17.672306,0.9022730917293813,0.27132194993712727,16,0.011620864742922093,0.1319955125013224,0.07607595688204466,0.09432825495799374,0.08911408078321006,0.09290179643514018,0.007483209113907365,14,31,0.09202011235172185,0.12823540289934945,True,False,True,0.00011563941248807902,COMPLETE
1179,0.4526110172271729,2025-04-14 05:40:09.280343,2025-04-14 05:40:27.901494,0 days 00:00:18.621151,0.9571898563224083,0.17407048065876435,16,0.0050416937005516565,0.11257769905302187,0.08071965885738656,0.08520629623206866,0.0931694439743403,0.0856150898801917,0.009223264279136285,16,27,0.08563624907393963,0.10098229973099632,True,True,True,0.0003534031323714077,COMPLETE
1180,0.4236611366271973,2025-04-14 05:40:28.282186,2025-04-14 05:40:45.040163,0 days 00:00:16.757977,0.9289595226977901,0.20907084410542642,16,0.03676968434557348,0.10131062947253942,0.06617112409514425,0.0960455281438327,0.09588250849125735,0.09496448578680258,0.021684882342301513,11,34,0.08734598816563699,0.12078533137113208,True,True,True,0.00019999928274682394,COMPLETE
1181,0.45728492736816406,2025-04-14 05:40:45.422597,2025-04-14 05:41:03.829688,0 days 00:00:18.407091,0.98527974942284,0.24183549133712845,16,0.019758434004148253,0.12058249945235164,0.06927541488041644,0.09818070148903038,0.09190594277902737,0.09143207527671177,0.011814160615980044,15,31,0.08188187445113852,0.11055902022522952,True,True,True,0.0002619620967284376,COMPLETE
1182,0.43907312154769906,2025-04-14 05:41:04.212367,2025-04-14 05:41:21.977592,0 days 00:00:17.765225,0.9478242188976014,0.15284319852810527,16,0.01306734106164797,0.10824630287003137,0.07318009994666916,0.09286756947130281,0.09752083890754143,0.09790399636260358,0.015661415708404656,14,26,0.0797475215762898,0.13318934236338595,True,True,True,0.0004258822924338719,COMPLETE
1183,0.4056755304336548,2025-04-14 05:41:22.361631,2025-04-14 05:41:39.785459,0 days 00:00:17.423828,0.9137010205112959,0.18187138622767912,16,0.025573331656239085,0.12736238887105253,0.07106974622126805,0.09640866396447365,0.08697210057146626,0.0816954494861978,0.006187121726489079,13,34,0.0897205466202869,0.11532971163468828,True,True,True,0.00014621095587379887,COMPLETE
1184,0.36094354391098027,2025-04-14 05:41:40.168625,2025-04-14 05:41:58.513097,0 days 00:00:18.344472,0.9674333863928701,0.2866714426308869,16,0.018660640463065977,0.09520073713588431,0.07745979486596301,0.09444938285234021,0.09034133668159777,0.09462853769059756,0.008518443399380635,15,38,0.0836859134027094,0.14310267326847653,True,True,True,0.0003059233718302329,COMPLETE
1185,0.33710259199142456,2025-04-14 05:41:58.895218,2025-04-14 05:42:17.535255,0 days 00:00:18.640037,0.215299874884537,0.25785781951251124,16,0.00023470062325940504,0.11749714034028007,0.06800405519812437,0.09850495612177247,0.0930088893004499,0.088634847704422,0.010383156971252226,16,29,0.08652788335475044,0.1242890600617822,True,True,True,0.0006272848763963709,COMPLETE
1186,0.43173007965087895,2025-04-14 05:42:17.918798,2025-04-14 05:42:35.549864,0 days 00:00:17.631066,0.9847398100578798,0.21412175808620118,16,0.009582428679832555,0.10172333641320422,0.07336937398228104,0.09083203425343422,0.09486426900353738,0.09656000002991436,0.013629941618168237,14,25,0.08859896815938413,0.1272391273156501,True,True,True,0.00018601270475208175,COMPLETE
1187,0.19042646288871767,2025-04-14 05:42:35.935326,2025-04-14 05:42:59.629374,0 days 00:00:23.694048,0.9364130207609036,0.10318163552702989,8,0.19625833565607498,0.08339255492508424,0.07091625354209823,0.09648678374936369,0.08966076351616518,0.09322964151798716,0.007764372982439438,15,29,0.09314431508680097,0.11807376548856802,True,True,True,0.0003671863694197033,COMPLETE
1188,0.4582377195358277,2025-04-14 05:43:00.014008,2025-04-14 05:43:17.121221,0 days 00:00:17.107213,0.9601797088323794,0.19663838982901807,16,0.01630065498179071,0.11345250767333889,0.0651959399806789,0.09997312502490421,0.09153639816765405,0.09091578658724535,0.009729212683704797,12,33,0.08164880899616254,0.11014277861769976,True,True,True,0.00024888463912367233,COMPLETE
1189,0.41168003082275395,2025-04-14 05:43:17.505516,2025-04-14 05:43:36.123780,0 days 00:00:18.618264,0.9276494887913216,0.23561081723950636,16,0.031814271560208156,0.09010549127776081,0.07548956718450471,0.0944584445286744,0.09803586992629205,0.07731772282323637,0.018632253043608514,17,22,0.08508684792250636,0.1368488120671307,True,True,False,0.0004967555377675245,COMPLETE
1190,0.40365445613861084,2025-04-14 05:43:36.508542,2025-04-14 05:43:59.479773,0 days 00:00:22.971231,0.9993774693531543,0.16943774716195353,8,0.022767921570519874,0.125854978376367,0.0786641847557177,0.0969369378654302,0.09509706616244053,0.09831548973180605,0.006313869818102764,14,36,0.0910546536451813,0.10347330933824077,True,True,True,0.0003039813857824934,COMPLETE
1191,0.36961297988891606,2025-04-14 05:43:59.866601,2025-04-14 05:44:17.837625,0 days 00:00:17.971024,0.9501075929873335,0.2209649758775736,16,0.004543501432283985,0.10531991869328243,0.0726787576040843,0.0999984355740117,0.09309335463937406,0.08435418300686744,0.011580780809681253,13,50,0.08675856040174763,0.12258550245296593,True,True,True,0.0002254607962055697,COMPLETE
1192,0.38588927984237675,2025-04-14 05:44:18.227123,2025-04-14 05:44:36.947168,0 days 00:00:18.720045,0.999507033287333,0.19409896312545563,16,0.010752978052976281,0.1372110421647904,0.06913238968095442,0.0927424772850208,0.08905861173348387,0.09515391891237641,0.007550114952113373,16,31,0.07916467861009911,0.09601589324491125,True,True,True,0.0003855769565361305,COMPLETE
1193,0.3864160180091858,2025-04-14 05:44:37.336234,2025-04-14 05:45:00.393907,0 days 00:00:23.057673,0.9707573993621222,0.146196518507209,8,0.015469643849760843,0.09730408783107435,0.06222436127864324,0.08950830040041971,0.09640244054943455,0.08696996062542357,0.014017122530332911,15,28,0.08347350877157979,0.11630226574093064,False,True,True,0.00018278502222334651,COMPLETE
1194,0.43039339780807495,2025-04-14 05:45:00.781834,2025-04-14 05:45:19.315646,0 days 00:00:18.533812,0.8965243344037936,0.27034902844914205,16,0.028971408569357263,0.10845944181064546,0.07443424467710562,0.09996553059947648,0.091507116073724,0.02463113104291162,0.00959564227415219,15,40,0.08798684825923392,0.13005887351754122,True,True,True,0.0002685317634777565,COMPLETE
1195,0.43717305660247807,2025-04-14 05:45:19.707234,2025-04-14 05:45:37.574433,0 days 00:00:17.867199,0.9233121447843639,0.2414402440181971,16,0.02200726150402893,0.11946849902837917,0.07119287204525801,0.09515356904408928,0.08789990799616407,0.09299796077573927,0.011454169915280475,14,34,0.0849632858725434,0.1253220080562815,True,True,True,0.0004683472582307055,COMPLETE
