number,value,datetime_start,datetime_complete,duration,params_alpha-eval,params_alpha-train,params_batch-size,params_eps-eval,params_eps-train,params_lambda-actions-eval,params_lambda-actions-train,params_lambda-frames-eval,params_lambda-frames-train,params_learning-rate,params_n-epochs,params_n-frames,params_radius-gw,params_rho,params_std-feats,params_ub-actions,params_ub-frames,params_weight-decay,state
341,0.34646172523498536,2025-04-14 00:42:23.136005,2025-04-14 00:42:53.204938,0 days 00:00:30.068933,0.9390347010889213,0.410253509280866,8,0.041579025666575224,0.0371791363788447,0.09326729144783116,0.07525190893569278,0.020994737824334097,0.07124926122248258,0.001502723558873399,21,94,0.08390576960937945,0.1703629356825531,True,True,True,5.304512836635791e-06,COMPLETE
342,0.4257656812667847,2025-04-14 00:42:53.310684,2025-04-14 00:43:21.203524,0 days 00:00:27.892840,0.8802827858511113,0.3782538867265248,8,0.04123796825626441,0.041499290303207745,0.08752310695716735,0.07414078893144908,0.024024436464162233,0.07097880327401826,0.0010614321642307364,21,33,0.07921313617980409,0.1642045476096224,True,True,True,4.457306320119264e-06,COMPLETE
343,0.4257703185081482,2025-04-14 00:43:21.308722,2025-04-14 00:43:49.131405,0 days 00:00:27.822683,0.8697822194874788,0.387025761390147,8,0.037353071107617486,0.03986984843719847,0.09102802363676284,0.07369577254141761,0.023581111067520217,0.07309497088416032,0.0011710655563077932,21,35,0.08426693740619005,0.16421385174775513,True,True,True,3.7244979124592995e-06,COMPLETE
344,0.33513222336769105,2025-04-14 00:43:49.238818,2025-04-14 00:44:17.129692,0 days 00:00:27.890874,0.26036775584991373,0.3859632388937122,8,0.03940524708652618,0.04294922551071023,0.08779812804529935,0.07382301607867621,0.023831079423561184,0.07597189101248326,0.0012200730875623824,21,36,0.09017375477486458,0.1641290193599676,True,True,True,3.118659567158059e-06,COMPLETE
345,0.4330989837646485,2025-04-14 00:44:17.246838,2025-04-14 00:44:46.178304,0 days 00:00:28.931466,0.8773111896468326,0.3983066233854637,8,0.03529112844167718,0.03769616661628156,0.09050334244833791,0.07453091626597867,0.023035932129308573,0.07655285964781577,0.0011479698445949703,22,34,0.08474906197458465,0.16651264105771207,True,True,True,3.845562502506805e-06,COMPLETE
346,0.36987999677658084,2025-04-14 00:44:46.285924,2025-04-14 00:45:15.034039,0 days 00:00:28.748115,0.8730488108882782,0.3804055254307207,8,0.024704139671627864,0.04617491901235176,0.0897107908604591,0.07430861583351145,0.02304882415761136,0.07450870235043425,0.000864723795212082,22,36,0.08790231744989914,0.16590523859086181,True,True,True,2.322635280904868e-06,COMPLETE
347,0.4156903862953186,2025-04-14 00:45:15.141185,2025-04-14 00:45:42.936135,0 days 00:00:27.794950,0.8725124668405627,0.42832440303462266,8,0.03476469261997861,0.038886728039611226,0.09191173456407417,0.07341644860188916,0.025038566754504474,0.07639558575600762,0.0016919892254083954,21,39,0.08754388601742294,0.1714657193817602,True,True,True,3.757364613792343e-06,COMPLETE
348,0.3388836860656739,2025-04-14 00:45:43.042675,2025-04-14 00:46:11.411112,0 days 00:00:28.368437,0.8556022219886349,0.43115659307103693,8,0.01778085149680908,0.039815796083679564,0.093305420667927,0.07604573935613791,0.026080104950244525,0.07970467050121025,0.0011072340958439583,21,41,0.08571810717911134,0.15999595066717986,True,True,True,3.1694659303620572e-06,COMPLETE
349,0.42513250112533574,2025-04-14 00:46:11.530210,2025-04-14 00:46:40.415216,0 days 00:00:28.885006,0.8683151081515744,0.40733957236631174,8,0.03343696313538905,0.046348078598059464,0.09119323523653018,0.07404198804546284,0.02501391292215719,0.07257915600959493,0.0023198601730232303,22,34,0.08861248464620312,0.17007295760336352,True,True,True,3.896860132410418e-06,COMPLETE
350,0.37810951471328735,2025-04-14 00:46:40.524542,2025-04-14 00:47:09.162932,0 days 00:00:28.638390,0.8476271052885931,0.44818433955613496,8,0.033182950316360905,0.04608328581709405,0.09168691777337727,0.07409553594809053,0.025283829837389298,0.07253581263807601,0.0018569720736812635,22,39,0.08823336604861752,0.17342853615084092,True,True,True,3.873931374513132e-06,COMPLETE
351,0.38851275444030764,2025-04-14 00:47:09.274097,2025-04-14 00:47:37.367335,0 days 00:00:28.093238,0.8389677214742959,0.4024690986501776,8,0.03562680398747637,0.04169928476109192,0.08906593120032733,0.07607279177328297,0.0229537605352901,0.07774547826560614,0.002098074963997434,21,36,0.0864050029499494,0.17834660742028938,True,True,True,5.105790614886198e-06,COMPLETE
352,0.18244650959968567,2025-04-14 00:47:37.478062,2025-04-14 00:48:06.251358,0 days 00:00:28.773296,0.8707800546296953,0.4200995122194696,8,0.040568222515936385,0.04769298316657249,0.08752874656998831,0.07339822232082878,0.025637702704321915,0.07632893401347825,0.0017846483227917927,22,48,0.08987288913152947,0.1722620740512706,True,True,False,3.334052144313308e-06,COMPLETE
353,0.35695608854293825,2025-04-14 00:48:06.371041,2025-04-14 00:48:35.258575,0 days 00:00:28.887534,0.8810249058919704,0.46772146531630354,8,0.028659125842642543,0.03862850329644147,0.09130921814475783,0.028175064275298242,0.024173724483695678,0.07035084779056654,0.001556551530379933,22,44,0.08856873564378018,0.16425407466772537,True,True,True,4.305149921857016e-06,COMPLETE
354,0.31239384412765503,2025-04-14 00:48:35.368099,2025-04-14 00:49:02.484833,0 days 00:00:27.116734,0.8672975309918968,0.4148646514351936,8,0.033101422461691885,0.04582432374825962,0.09324514659084814,0.07763481137168841,0.021926747521738073,0.07270473167094722,0.0023715846977264365,21,33,0.08428157996645895,0.18196186432543698,False,True,True,4.797072503017057e-06,COMPLETE
355,0.31677134633064274,2025-04-14 00:49:02.594526,2025-04-14 00:49:29.820686,0 days 00:00:27.226160,0.838677862414509,0.38623121223431306,8,0.03915949672527733,0.03757945148003867,0.0856109672776693,0.07487844391158956,0.024242857327599347,0.0770827525863914,0.0028363100536724743,20,37,0.08707378004848697,0.16901201521110465,True,True,True,2.22480353967018e-06,COMPLETE
356,0.40629762411117554,2025-04-14 00:49:29.934134,2025-04-14 00:49:57.809101,0 days 00:00:27.874967,0.8840949534870233,0.40397720207961296,8,0.04459450153697742,0.05485868074442043,0.09524202914062505,0.07285378353318228,0.027257039470207294,0.07046448265518578,0.0010026445719918122,21,35,0.08303992154182024,0.17443908833546476,True,True,True,2.7903035980795024e-06,COMPLETE
357,0.1888286888599396,2025-04-14 00:49:57.930371,2025-04-14 00:50:25.755952,0 days 00:00:27.825581,0.8656605459991331,0.45785030111054037,8,0.2936388478364632,0.03670890993277259,0.08895551225443232,0.07666975154828969,0.021324544533421436,0.07397633349672512,0.0012461333175774888,21,33,0.09282824793208477,0.15975033054771717,True,True,True,6.161507662167174e-06,COMPLETE
358,0.40888384580612186,2025-04-14 00:50:25.866073,2025-04-14 00:50:53.038713,0 days 00:00:27.172640,0.8933109026350909,0.37463990650902657,8,0.028810044846034166,0.04862012946844278,0.0901989977971616,0.07435847841051679,0.024933085037044975,0.08040459601952789,0.0013999235396367903,20,38,0.09211587142900562,0.16140143415634037,True,True,True,4.41077133420291e-06,COMPLETE
359,0.34190658330917356,2025-04-14 00:50:53.149478,2025-04-14 00:51:20.492647,0 days 00:00:27.343169,0.8641206161606992,0.4146809561627358,8,0.034555791826016605,0.04019173050943314,0.08688786844415468,0.018983938037630578,0.023036060782603125,0.07235431062614459,0.0010308894286852992,20,34,0.0864002664073335,0.16632510043244422,True,True,True,3.8992181098215265e-06,COMPLETE
360,0.4276871919631958,2025-04-14 00:51:20.616040,2025-04-14 00:51:47.358129,0 days 00:00:26.742089,0.8938429939519856,0.3691304214958417,8,0.0416129827508171,0.034644387703960756,0.09196500283797188,0.07201915528380483,0.025975142178183513,0.06974966282027192,0.0009344832332508098,19,32,0.08395382106870711,0.1812885255084465,True,True,True,1.7114886666146592e-06,COMPLETE
361,0.4045392751693726,2025-04-14 00:51:47.470378,2025-04-14 00:52:14.224432,0 days 00:00:26.754054,0.8879832528668969,0.4367497125122702,8,0.03794772979667767,0.03377628576025934,0.09231849994894317,0.07182625212917733,0.026597627566624833,0.06905530320266615,0.0009852714346221274,19,39,0.08384671470383871,0.18124971500980566,True,True,True,1.9935469811215057e-06,COMPLETE
362,0.4296013116836548,2025-04-14 00:52:14.336113,2025-04-14 00:52:43.347617,0 days 00:00:29.011504,0.8943502567901731,0.3746660154560124,8,0.04222195145317786,0.034447012406533375,0.08855915671578751,0.0724342062419553,0.027553830221858484,0.075215221608522,0.0008597539704953944,22,33,0.08913236750813193,0.17384853767102695,True,True,True,3.683720424003015e-06,COMPLETE
363,0.4151807427406311,2025-04-14 00:52:43.460684,2025-04-14 00:53:12.023801,0 days 00:00:28.563117,0.899605521148931,0.39748771860591214,8,0.04049300850935548,0.03251449053789076,0.09008055678383411,0.0731946382116294,0.02838941003396088,0.07584438636161346,0.0005790977687865639,22,33,0.09136778396315605,0.171134829636971,True,True,True,1.6743118249961907e-06,COMPLETE
364,0.4230546712875366,2025-04-14 00:53:12.147149,2025-04-14 00:53:40.735165,0 days 00:00:28.588016,0.9027864530428638,0.39415320139690946,8,0.04475932048999644,0.037821469451349704,0.0887512121987951,0.07195831644766121,0.02813902201648735,0.07514758319531095,0.0007912795280023574,22,34,0.09357299124317664,0.1709333706064616,True,True,True,1.6680080663225478e-06,COMPLETE
365,0.4195196866989136,2025-04-14 00:53:40.848273,2025-04-14 00:54:09.646621,0 days 00:00:28.798348,0.8928374503413065,0.4004607188216795,8,0.04338645145680424,0.032746429879295436,0.09442334304537332,0.07332494699942868,0.027755771736338763,0.07670271382696843,0.0007577416043151523,22,35,0.08998329724748028,0.17204356520023337,True,True,True,1.6341435616300903e-06,COMPLETE
366,0.39179378747940063,2025-04-14 00:54:09.759996,2025-04-14 00:54:38.638531,0 days 00:00:28.878535,0.8926358870585409,0.3954810428278299,8,0.04489170492517054,0.03422173619531092,0.08930465482832746,0.07338564199516628,0.026849886594832555,0.07558594078161816,0.0006525143751389284,22,42,0.09550283722276169,0.1715169032969765,True,True,True,1.7503028055291429e-06,COMPLETE
367,0.2960383713245392,2025-04-14 00:54:38.752463,2025-04-14 00:55:07.681916,0 days 00:00:28.929453,0.1830911491051413,0.3911978604368002,8,0.04634022285116486,0.0417999664715302,0.09740256368260981,0.07250000778634676,0.02838435897075863,0.07828739685978098,0.0008202693174114414,22,40,0.0910119140430429,0.16921386530358973,True,True,True,2.6085883890481704e-06,COMPLETE
368,0.419921088218689,2025-04-14 00:55:07.807456,2025-04-14 00:55:36.989829,0 days 00:00:29.182373,0.881780293456894,0.42188709684953485,8,0.040963440969718434,0.033550141726815336,0.09359618071137728,0.071500323183953,0.02872572933142778,0.07492810270064092,0.0006152779441823712,23,35,0.09291265454002182,0.17718103293879672,True,True,True,1.2043808675940204e-06,COMPLETE
369,0.4200481176376343,2025-04-14 00:55:37.103895,2025-04-14 00:56:06.389651,0 days 00:00:29.285756,0.8747303937826295,0.42982336822844086,8,0.04203192220409255,0.03531851644923552,0.09427607448276823,0.07096160286326543,0.02866342892762996,0.07573580968414992,0.0005673412947968482,23,36,0.09250436571062069,0.1783291807728013,True,True,True,3.2147584911277114e-06,COMPLETE
370,0.37044349908828733,2025-04-14 00:56:06.504927,2025-04-14 00:56:36.132345,0 days 00:00:29.627418,0.8744623659633552,0.4093888553841359,8,0.04791455642154408,0.036150480311705806,0.0943730188165535,0.07101142463254903,0.02933562568148642,0.07512477177734372,0.000557383803906706,23,45,0.09486749280948127,0.1802343108083263,True,True,True,1.6502996886145102e-06,COMPLETE
371,0.4038268566131592,2025-04-14 00:56:36.258364,2025-04-14 00:57:05.737870,0 days 00:00:29.479506,0.847218346823531,0.43151893788478723,8,0.04178594357082472,0.04314991272304436,0.09184141403306627,0.07339183132352438,0.028289984263081873,0.07872534332616335,0.0006051580338339556,23,37,0.09695629593931586,0.05870731581748212,True,True,True,1.2163767938252243e-06,COMPLETE
372,0.4221978306770325,2025-04-14 00:57:05.857773,2025-04-14 00:57:34.446225,0 days 00:00:28.588452,0.8759100894553377,0.3739695684571716,8,0.043388369541388305,0.03448669567629423,0.09537880122665912,0.07199482473547857,0.030548368279548717,0.07620182905672043,0.00043870623890159206,22,34,0.09295457804834101,0.17620751800001874,True,True,True,1.3892058627502468e-06,COMPLETE
373,0.415588116645813,2025-04-14 00:57:34.562296,2025-04-14 00:58:03.041524,0 days 00:00:28.479228,0.8560470897448916,0.3758063616722415,8,0.04571943992914503,0.03319769372185585,0.09691025006271002,0.07229125240329735,0.030091701970766313,0.07581483826718316,0.00037712421487400883,22,35,0.0931604534362723,0.17556082026936995,True,True,True,1.540043415871495e-06,COMPLETE
374,0.3933972001075745,2025-04-14 00:58:03.158605,2025-04-14 00:58:32.187834,0 days 00:00:29.029229,0.8291751235266955,0.36231843467776687,8,0.04905399885364332,0.03832181386618432,0.09693956233085649,0.0709276024681719,0.02974972550780923,0.07436195721717287,0.000824458812103253,22,40,0.09293333891847133,0.1757578249553137,True,True,True,1.2987417582855052e-06,COMPLETE
375,0.1888286888599396,2025-04-14 00:58:32.317383,2025-04-14 00:59:01.047804,0 days 00:00:28.730421,0.8558510610848055,0.37634209892713955,8,0.28194950761883186,0.03394068490296743,0.09467844188944763,0.07461222076790598,0.026716104433613334,0.07794979195321418,0.00048315127263651235,22,37,0.08889571947644481,0.18455337781259004,True,True,True,3.236345907969176e-06,COMPLETE
376,0.21517899036407473,2025-04-14 00:59:01.164764,2025-04-14 00:59:29.551894,0 days 00:00:28.387130,0.873644056317687,0.42598203867155027,8,0.18692205908514728,0.042349717758101216,0.09866838798895365,0.07204628567697773,0.03097117626123315,0.08284860955512477,0.0006631013026927732,23,35,0.09399350190615655,0.17549952229427712,False,True,False,2.6144818641008825e-06,COMPLETE
377,0.39097559452056885,2025-04-14 00:59:29.668974,2025-04-14 00:59:59.432209,0 days 00:00:29.763235,0.8457883768960591,0.3802742023110867,8,0.047954760728603656,0.030083999913679247,0.09585029741968276,0.07068939047209616,0.026425101297101718,0.07292335854209671,0.0009483318555681458,23,42,0.09065630871855099,0.157220146032525,True,True,True,2.15318216404695e-06,COMPLETE
378,0.3227513551712036,2025-04-14 00:59:59.550650,2025-04-14 01:00:27.749608,0 days 00:00:28.198958,0.13362295265206248,0.40665879369612384,8,0.04369780474591328,0.038403001292979494,0.09977313366474587,0.07506474479314093,0.028473222927980123,0.07637869130050137,0.00119493836408358,21,34,0.09646630702233766,0.18299953166479319,True,True,True,1.5260748954201518e-06,COMPLETE
379,0.39831546545028684,2025-04-14 01:00:27.878152,2025-04-14 01:00:54.607272,0 days 00:00:26.729120,0.8135554041409581,0.3448486687461862,8,0.04944739471438854,0.029557890513185935,0.09183245233394453,0.07270353519363713,0.025628322173874483,0.07408606296770652,0.0003832376821667721,19,38,0.09822937065509842,0.16669033853093612,True,True,True,3.6281723336726303e-06,COMPLETE
380,0.4140791654586792,2025-04-14 01:00:54.725509,2025-04-14 01:01:23.622912,0 days 00:00:28.897403,0.882299797902903,0.3715886943036412,8,0.03672461222498087,0.03538268833920517,0.0940296377893255,0.07034104803394471,0.030850241538537312,0.07900603885793141,0.0003866558270659941,22,36,0.09300653535325137,0.1763746416218974,True,True,True,2.260714013191482e-06,COMPLETE
381,0.42115600109100343,2025-04-14 01:01:23.741851,2025-04-14 01:01:52.608412,0 days 00:00:28.866561,0.861282406333258,0.3933873240082358,8,0.04323192100764979,0.043429241192433854,0.08845350340070933,0.07484883235651019,0.025589626314517718,0.07099959408006846,0.0004305083745824018,22,34,0.08760909753023405,0.16396344109186467,True,True,True,1.3990177058373495e-06,COMPLETE
382,0.42219003438949587,2025-04-14 01:01:52.738934,2025-04-14 01:02:21.293868,0 days 00:00:28.554934,0.8555562673707107,0.39530970912087476,8,0.045284532509597214,0.0448428160200322,0.08602773396367887,0.07545205392551724,0.028009149181697952,0.07164789410224642,0.00044997126401278686,22,34,0.08795815664904245,0.16483426636663492,True,True,True,1.0628207492966364e-06,COMPLETE
383,0.4012034416198731,2025-04-14 01:02:21.413677,2025-04-14 01:02:50.140280,0 days 00:00:28.726603,0.8368075589038679,0.3970309284840007,8,0.05262591448176358,0.04546268994591893,0.08572172130146383,0.07494160360388143,0.026274381804022764,0.07140184916550275,0.0003846946216766141,22,40,0.08768414116703226,0.16437238694236428,True,True,True,1.0319143737180368e-06,COMPLETE
384,0.3683862447738647,2025-04-14 01:02:50.259350,2025-04-14 01:03:19.572050,0 days 00:00:29.312700,0.7922843252587286,0.41494063466939857,8,0.044407310727409936,0.041171050836150684,0.08841474815561069,0.0735234095568014,0.028547006669880966,0.07234459591741543,0.0004398884052027087,23,34,0.08964530607612042,0.17277578122548234,True,True,True,1.3804750443113209e-06,COMPLETE
385,0.39224879741668706,2025-04-14 01:03:19.704577,2025-04-14 01:03:47.675837,0 days 00:00:27.971260,0.8575037698428033,0.3819594387373883,8,0.1162153928875641,0.03468684030823526,0.09117462682472172,0.07592767924080003,0.0248574560497873,0.07551576479025403,0.00031227755993419923,21,33,0.08641078923523066,0.15762056149458537,True,True,True,1.1004506818487582e-06,COMPLETE
386,0.39225085973739626,2025-04-14 01:03:47.796793,2025-04-14 01:04:16.738160,0 days 00:00:28.941367,0.8166957958127673,0.35677802034463474,8,0.05031542200579972,0.046803741019867305,0.08667750209990421,0.07243787048524677,0.025056683853884255,0.07033593619990203,0.000603471720268403,22,38,0.09146705001441342,0.17917387841301194,True,True,True,1.8029294179108764e-06,COMPLETE
387,0.3770614981651306,2025-04-14 01:04:16.858640,2025-04-14 01:04:45.605844,0 days 00:00:28.747204,0.8302173709244343,0.49741566789597824,8,0.04432190091560929,0.03860196102488418,0.08892212370801934,0.0743629591603862,0.02805497303331643,0.07378810941565174,0.0007475465788254078,22,35,0.08839824133020431,0.1655925517753565,True,True,True,1.4230298843265832e-06,COMPLETE
388,0.3737458467483521,2025-04-14 01:04:45.725234,2025-04-14 01:05:13.750933,0 days 00:00:28.025699,0.8598458904952012,0.39701771126932434,8,0.03229601744623898,0.02901183907044073,0.095926393177245,0.07678059743207624,0.026749284403994707,0.07673025574059932,0.0004533648293912331,21,43,0.08545444741931078,0.17291610208821873,True,True,True,8.567003566587275e-07,COMPLETE
389,0.4149644494056701,2025-04-14 01:05:13.884081,2025-04-14 01:05:43.075613,0 days 00:00:29.191532,0.8497354458535742,0.43098380896689015,8,0.04147008700780028,0.0442729835767058,0.09279063777176234,0.07200483673162558,0.029864783632680483,0.07199041035839181,0.0002443985998553275,23,32,0.09434621010829454,0.18444337801270444,True,True,True,3.3294262131403254e-06,COMPLETE
390,0.4051944732666016,2025-04-14 01:05:43.196357,2025-04-14 01:06:11.243358,0 days 00:00:28.047001,0.870822964553674,0.3745975530538774,8,0.04844122025187357,0.028451353441130738,0.08505165921412913,0.07435117779499717,0.025285045472439198,0.06915452286958199,0.0015984435631460324,21,37,0.08260613092337264,0.1620345073786787,True,True,True,1.169699466724748e-06,COMPLETE
391,0.41875702142715454,2025-04-14 01:06:11.364820,2025-04-14 01:06:40.076079,0 days 00:00:28.711259,0.8757156711433254,0.43698638768758497,8,0.0347349783664617,0.0349477539909372,0.09028434570717375,0.06987213630591796,0.024420952462236894,0.08062352247365757,0.00075144585808183,22,33,0.08969837054595256,0.16852939930842867,True,True,True,1.8919327086246446e-06,COMPLETE
392,0.3258163332939148,2025-04-14 01:06:40.210171,2025-04-14 01:07:08.814017,0 days 00:00:28.603846,0.5280902291666862,0.44295822815071667,8,0.03093549687516355,0.03995457624747001,0.09005458098380657,0.07075845033863368,0.024575666194168164,0.08077017971024296,0.0009180321892551851,22,33,0.08892796575066872,0.15567652114650662,True,True,True,2.3696660928940625e-06,COMPLETE
393,0.4316523432731628,2025-04-14 01:07:08.937577,2025-04-14 01:07:36.069142,0 days 00:00:27.131565,0.8762028565672884,0.4048990159143411,8,0.03613351614627873,0.02748129662051401,0.08745484736690937,0.0701755914070367,0.02381351136525648,0.08069481955823744,0.0006847166012186182,20,32,0.08718323774346574,0.17029027752255055,True,True,True,3.737143169816522e-06,COMPLETE
394,0.3129960119724274,2025-04-14 01:07:36.191519,2025-04-14 01:08:03.659505,0 days 00:00:27.467986,0.4275824477664076,0.40347241769808617,8,0.026997556051471014,0.026902227655414078,0.08767936601776959,0.06960114667699399,0.023013583239651025,0.08499031986350758,0.0007080869085474816,20,31,0.08480676763177038,0.1667889363394934,True,True,True,2.662573218821438e-06,COMPLETE
395,0.18255956172943116,2025-04-14 01:08:03.783461,2025-04-14 01:08:33.773418,0 days 00:00:29.989957,0.8819380402596556,0.34489307616565695,8,0.03920800070717716,0.03257397079752314,0.08760196741294528,0.0699894401188341,0.02680801790985314,0.08121121141486383,0.0005727758805978635,23,74,0.09037425780680142,0.1599029288937473,True,True,False,2.0130998217682715e-06,COMPLETE
396,0.26721302270889286,2025-04-14 01:08:33.906144,2025-04-14 01:08:59.824509,0 days 00:00:25.918365,0.4770026576955224,0.417856426202212,8,0.20637948733946748,0.02594923477218831,0.08328660801034347,0.07671543936231771,0.0238999018808106,0.07368693596592236,0.00401048600406635,19,33,0.0814703927749969,0.16864124240626102,False,True,True,4.636941845992391e-06,COMPLETE
397,0.4261688947677612,2025-04-14 01:08:59.948146,2025-04-14 01:09:27.072199,0 days 00:00:27.124053,0.8775947723808701,0.39523441068497933,8,0.03562275269798827,0.04863144916776449,0.08546197269541134,0.06964072032181731,0.027492617515387344,0.08326398066678865,0.0007939573937508475,20,31,0.08505576682402191,0.162712402414184,True,True,True,1.9185836165573845e-06,COMPLETE
