number,value,datetime_start,datetime_complete,duration,params_alpha-eval,params_alpha-train,params_batch-size,params_eps-eval,params_eps-train,params_lambda-actions-eval,params_lambda-actions-train,params_lambda-frames-eval,params_lambda-frames-train,params_learning-rate,params_n-epochs,params_n-frames,params_radius-gw,params_rho,params_std-feats,params_ub-actions,params_ub-frames,params_weight-decay,state
226,0.5516988039016724,2025-04-21 18:19:33.969960,2025-04-21 18:19:53.232377,0 days 00:00:19.262417,0.4507246138880263,0.4007961250926183,8,0.18919785753897703,0.22025905475244828,0.011580458275920568,0.06372692696927316,0.0051075817337774675,0.010598815194874553,1.0240775187023516e-05,6,83,0.06630433494160153,0.18282822359667564,True,False,False,1.9424607722713115e-05,COMPLETE
227,0.44316318035125735,2025-04-21 18:19:53.313525,2025-04-21 18:20:13.262253,0 days 00:00:19.948728,0.443172149476832,0.3971072998122751,8,0.1894887157964305,0.22092476149247248,0.01091920732198217,0.06294328716191805,0.00540265395389104,0.010938947926216108,1.4353844394408617e-05,7,83,0.06727185352182152,0.19488985521736116,True,False,False,1.8940041724506376e-05,COMPLETE
228,0.4395284533500672,2025-04-21 18:20:13.334306,2025-04-21 18:20:32.377540,0 days 00:00:19.043234,0.4192673223267588,0.35706654465315624,8,0.1786971884799006,0.21479612501913153,0.012409437969819479,0.06711811653230605,0.003774884817814881,0.0027907958509886628,1.0109421060837072e-05,6,78,0.0619361559690313,0.1838597993793027,True,False,False,1.3262353444395302e-05,COMPLETE
229,0.529586112499237,2025-04-21 18:20:32.449654,2025-04-21 18:21:12.669470,0 days 00:00:40.219816,0.4464487590234894,0.3810154153779373,2,0.18537442245518004,0.19696408551068936,0.010295676152841163,0.06441405840379436,0.008649262056487972,0.010609086679949037,2.239652867688781e-05,7,81,0.06988006842214003,0.1657905843916925,True,False,False,2.392910011118237e-05,COMPLETE
230,0.43897606134414674,2025-04-21 18:21:12.742424,2025-04-21 18:21:31.774683,0 days 00:00:19.032259,0.49568032257853445,0.322017692030608,8,0.1947295842373302,0.20928991735226035,0.014007191951683417,0.059840993051774156,0.00620141930825822,0.0060240100536135465,1.1947961795022139e-05,6,76,0.06589546242393862,0.21112906672383736,True,False,False,3.200527696245369e-05,COMPLETE
231,0.5420454859733581,2025-04-21 18:21:31.848785,2025-04-21 18:21:50.064050,0 days 00:00:18.215265,0.47520755448108826,0.4299424137508865,8,0.2041031642569976,0.20238651785065492,0.007588059434588862,0.06613133132289609,0.010884675437390693,0.008552713771418405,1.0202533253336505e-05,5,88,0.07201006023287657,0.1790813186119837,True,False,False,1.8739096952341867e-05,COMPLETE
232,0.5416538834571839,2025-04-21 18:21:50.136490,2025-04-21 18:22:08.382218,0 days 00:00:18.245728,0.4557413385105447,0.41191736726651595,8,0.1888577637949099,0.21909447367027637,0.008940567599741066,0.0628743089245298,0.012827653610459646,0.0070243445694561915,1.001616246021227e-05,5,84,0.07313152905383971,0.17818221471742818,True,False,False,3.594370496778787e-05,COMPLETE
233,0.5538615465164185,2025-04-21 18:22:08.465394,2025-04-21 18:22:26.836624,0 days 00:00:18.371230,0.4703343059281967,0.4456769880515787,8,0.18080498543330634,0.21260514296742453,0.06879255998505295,0.06804058721495498,0.007678232241054331,0.0059790564884700135,1.3657089239353213e-05,5,85,0.06834722515354674,0.17336591107998567,True,False,False,2.719939760524091e-05,COMPLETE
234,0.5518999338150025,2025-04-21 18:22:26.910175,2025-04-21 18:22:46.223074,0 days 00:00:19.312899,0.5022367813474534,0.4704151781374306,8,0.1825588233450831,0.2099810251302334,0.006668460925473437,0.0675014339272091,0.003499106928679926,0.0051942110265993605,1.3332891449353448e-05,6,81,0.06852563280348256,0.16908012278356935,True,False,False,2.7023042887646033e-05,COMPLETE
235,0.5498671770095825,2025-04-21 18:22:46.296923,2025-04-21 18:23:05.490666,0 days 00:00:19.193743,0.5045319253352208,0.4601212450225194,8,0.18365017522936142,0.21248025217008346,0.06887879113163772,0.06731228403857994,0.00420529121996526,0.00450031744287987,1.3756073415128145e-05,6,89,0.06833288025864899,0.17237141978540046,True,False,False,2.3309308015680138e-05,COMPLETE
236,0.5470503091812134,2025-04-21 18:23:05.565565,2025-04-21 18:23:25.064685,0 days 00:00:19.499120,0.5172171960325604,0.4504841323462727,8,0.18078647524797142,0.21448325395575354,0.06937168181252584,0.06549545865975022,0.004927424418078878,0.0011734778375071249,1.6947474493212315e-05,6,90,0.06829923087384776,0.17231526391679466,True,False,False,2.3314985949706414e-05,COMPLETE
237,0.5350444793701172,2025-04-21 18:23:25.139400,2025-04-21 18:23:45.193826,0 days 00:00:20.054426,0.5082690501925797,0.4565538310663353,8,0.16645424107440993,0.21576659285708544,0.07132498884645248,0.06510017579270219,0.005027354228982104,0.0015775108619594815,1.8557989534435557e-05,7,90,0.06782344132702157,0.18950117099693156,True,False,False,2.6627018242924144e-05,COMPLETE
238,0.5537690758705139,2025-04-21 18:23:45.268932,2025-04-21 18:24:04.568554,0 days 00:00:19.299622,0.5153153026269247,0.4704160281056857,8,0.17680837062786517,0.22070812146522767,0.06986686317162466,0.0675893726877826,0.007334015061635356,0.00366619522809304,1.5101237847504612e-05,6,87,0.06447944588352024,0.17431010337238925,True,False,False,2.4945881333245895e-05,COMPLETE
239,0.5385945677757263,2025-04-21 18:24:04.653334,2025-04-21 18:24:25.075784,0 days 00:00:20.422450,0.5220872424529437,0.47020368571156085,8,0.17528666173802712,0.22263123219629247,0.06795003711236534,0.06735557148134798,0.0070832501661613635,0.0031821496872238937,1.6509203519146283e-05,7,93,0.06944189592495605,0.17370349246098515,True,False,False,1.5841594570165637e-05,COMPLETE
240,0.43091969490051274,2025-04-21 18:24:25.151209,2025-04-21 18:24:44.020811,0 days 00:00:18.869602,0.5268217696367166,0.44282977522793665,8,0.18142095418314974,0.22100004818024577,0.06548819175837993,0.06592445670051501,0.004638456960787948,0.0012049088862668778,2.017191121298695e-05,6,9,0.06486018768559702,0.1747488707496726,True,False,False,2.1960303440915806e-05,COMPLETE
241,0.5517162442207337,2025-04-21 18:24:44.095830,2025-04-21 18:25:03.211025,0 days 00:00:19.115195,0.5089984183668537,0.4766837796086355,8,0.17783953443147443,0.2141595427029083,0.07092253039357257,0.06389276707474725,0.005888237915015829,0.003966812778000244,1.4673836053609673e-05,6,88,0.06304144204375468,0.1825319946921866,True,False,False,2.7895613577766157e-05,COMPLETE
242,0.5530077695846558,2025-04-21 18:25:03.286828,2025-04-21 18:25:22.621900,0 days 00:00:19.335072,0.5024027818997723,0.47552221311523685,8,0.16037521796751197,0.2154811343423763,0.07408829107063024,0.06747675852759316,0.006665591584847588,0.0037742471961341,1.4294589316925987e-05,6,91,0.06342559430143807,0.1819665689497035,True,False,False,2.9655402291524593e-05,COMPLETE
243,0.5581345558166504,2025-04-21 18:25:22.698192,2025-04-21 18:25:42.139129,0 days 00:00:19.440937,0.5043350702284816,0.47958724199606767,8,0.16482275597631135,0.22350287849733463,0.07392541662710224,0.06757570801140145,0.007010410299914437,0.003989487869224429,1.4136075386908386e-05,6,87,0.06142836399606654,0.183042839475527,True,False,False,3.1102637257358436e-05,COMPLETE
244,0.5547688722610473,2025-04-21 18:25:42.217581,2025-04-21 18:26:02.343229,0 days 00:00:20.125648,0.500144971411797,0.4734108251031043,8,0.1582015413402059,0.2229245525027574,0.07158240055400153,0.06708998459301652,0.006807040889173057,0.003805955511065974,1.3769167345978944e-05,7,92,0.062273340554580434,0.1836283199527991,True,False,False,2.9827620083889808e-05,COMPLETE
245,0.5509226560592652,2025-04-21 18:26:02.430113,2025-04-21 18:26:22.543132,0 days 00:00:20.113019,0.500607110457837,0.4800099065153566,8,0.15302073200720434,0.2230474031446528,0.0755851114177171,0.06348600717103628,0.006949246897873007,0.0031960840040521463,1.4091414327482672e-05,7,92,0.06293155641917358,0.18402389569966016,True,False,False,3.0024714718334828e-05,COMPLETE
246,0.5224366426467896,2025-04-21 18:26:22.621506,2025-04-21 18:26:42.885757,0 days 00:00:20.264251,0.5034544332974712,0.4803292986740511,8,0.1619903694378781,0.22662157896222615,0.07465881446960713,0.06675020211978965,0.007896973261543705,0.0030762286532089247,2.5287812329484454e-05,7,92,0.05584677130742045,0.18245281701473273,True,False,False,3.1473015044194774e-05,COMPLETE
247,0.551516592502594,2025-04-21 18:26:42.963063,2025-04-21 18:27:03.124882,0 days 00:00:20.161819,0.4973720760941224,0.48226702753851436,8,0.155483866843162,0.2192066171419419,0.07297568460373868,0.06751926074710385,0.007130675620279586,0.0035792950307749353,1.4966175723330074e-05,7,92,0.05983327000322734,0.18559785399318132,True,False,False,3.387642069614146e-05,COMPLETE
248,0.33035160899162297,2025-04-21 18:27:03.202492,2025-04-21 18:27:21.209639,0 days 00:00:18.007147,0.5319574821974359,0.4811262171047164,8,0.15409414293458504,0.22103460530671185,0.0729156986485856,0.06353472503454662,0.00849502237840095,0.003502139894652956,1.4662403626987232e-05,7,93,0.059893243942374254,0.18743385217273545,True,False,True,3.143127654312041e-05,COMPLETE
249,0.5320135593414307,2025-04-21 18:27:21.286869,2025-04-21 18:27:41.478049,0 days 00:00:20.191180,0.4983798327647384,0.5117053411249145,8,0.13770448001971494,0.22230568204467502,0.07730776350867458,0.06751787412712562,0.0069781659316279455,0.003963658199609927,1.9693394968649034e-05,7,92,0.061956341151418085,0.18206014884877317,True,False,False,1.9086292200611e-05,COMPLETE
250,0.5501763224601746,2025-04-21 18:27:41.556362,2025-04-21 18:28:01.550519,0 days 00:00:19.994157,0.49788363510936334,0.46994242193901137,8,0.16114045409467803,0.21987325421056036,0.0758343145618468,0.06566747376515211,0.009132180936623054,0.002734807537497756,1.4672425810000596e-05,7,90,0.06316888050277471,0.18802340157743136,True,False,False,2.63642216563873e-05,COMPLETE
251,0.3375173270702362,2025-04-21 18:28:01.637893,2025-04-21 18:28:20.285456,0 days 00:00:18.647563,0.5012120403486306,0.4700549218690761,8,0.1508110023214081,0.22490106508336294,0.07524579786530096,0.06541622858224133,0.00673748964720667,0.0029082570699619573,1.6748285291301735e-05,8,90,0.06329344206780337,0.18411360934916476,True,True,False,2.301499433178176e-05,COMPLETE
252,0.5527713179588318,2025-04-21 18:28:20.366065,2025-04-21 18:28:40.573148,0 days 00:00:20.207083,0.5235888360509057,0.4893191723161005,8,0.15931850064091302,0.21687798530621766,0.08050940659406436,0.06229580151810569,0.009553082518745249,0.0012059845300161744,1.4561003163716705e-05,7,93,0.05967789795570919,0.19154093299651606,True,False,False,1.2569228601377189e-05,COMPLETE
253,0.5280977129936218,2025-04-21 18:28:40.652965,2025-04-21 18:29:00.814025,0 days 00:00:20.161060,0.5339839574327567,0.4840733071921593,8,0.15886734630819002,0.21714901883585952,0.07829440514616698,0.06087572301648199,0.009851938840967552,0.0012222209218413099,2.221854963932052e-05,7,94,0.05978599757132978,0.19211103591866038,True,False,False,8.002547605362987e-06,COMPLETE
254,0.5161063551902771,2025-04-21 18:29:00.895027,2025-04-21 18:29:20.977211,0 days 00:00:20.082184,0.5339250466259399,0.5018996655979246,8,0.14269735858449334,0.2179007885354683,0.08572814600070162,0.06310567903225127,0.014988158215884626,0.002829935794892255,0.0002992732296654088,7,91,0.062030066799237074,0.19711334559413007,True,False,False,4.920931510636773e-06,COMPLETE
255,0.5453283190727234,2025-04-21 18:29:21.057457,2025-04-21 18:29:42.001421,0 days 00:00:20.943964,0.5079034713449224,0.4622469386910788,8,0.14833841761861538,0.22127419144759916,0.07225481171528303,0.05764340179788341,0.009583487528782395,0.004183897764260777,1.4472017893749443e-05,8,94,0.05386029412934806,0.18568057186517206,True,False,False,1.1336565804371657e-05,COMPLETE
256,0.44599466323852544,2025-04-21 18:29:42.081997,2025-04-21 18:30:01.790408,0 days 00:00:19.708411,0.49839006525466883,0.49190888335919913,8,0.15191366817543894,0.22665901482951817,0.08172766840265656,0.061646788927290225,0.04983337862320005,0.0011795346427487122,1.8403191087445336e-05,7,87,0.057413800479932844,0.18941180083015086,False,False,False,1.3191570194133174e-05,COMPLETE
257,0.5446983695030213,2025-04-21 18:30:01.880048,2025-04-21 18:30:22.825100,0 days 00:00:20.945052,0.5219609206974014,0.5141009000659873,8,0.15892407488617327,0.21528979916340113,0.07361662369478199,0.06439317163792448,0.0057503045115284875,0.0043149831146812225,1.4302304290910724e-05,8,90,0.06422373333705739,0.18089894399667922,True,False,False,1.688589192339796e-05,COMPLETE
258,0.52505202293396,2025-04-21 18:30:22.906200,2025-04-21 18:30:42.985091,0 days 00:00:20.078891,0.4954872193278783,0.47281760078144974,8,0.16018963860283034,0.23273333957837272,0.07711096485919149,0.06592646665430475,0.013459135673459204,0.00304314378318564,2.633669548065731e-05,7,86,0.06076493812996592,0.18827607987741188,True,False,False,2.9025488705976383e-06,COMPLETE
259,0.5433849334716797,2025-04-21 18:30:43.065338,2025-04-21 18:31:03.440648,0 days 00:00:20.375310,0.5313813569809598,0.493214363455062,8,0.16565077156061017,0.2256178083688219,0.06972906478048084,0.0546285242597447,0.009473206181011343,0.004845623753025215,1.645146564642014e-05,7,95,0.06356636915460084,0.19655240109776353,True,False,False,2.0020516091948838e-05,COMPLETE
260,0.5329629421234131,2025-04-21 18:31:03.521441,2025-04-21 18:32:42.285704,0 days 00:01:38.764263,0.48597030802022645,0.4588209268688328,2,0.15981264860761113,0.215527357250835,0.07890505952837676,0.059517589268594843,0.007588490195877363,0.002636601021996605,1.3386592206663479e-05,25,89,0.06542505177028834,0.1805312453206557,True,False,False,2.5588388982815284e-05,COMPLETE
261,0.5333556652069092,2025-04-21 18:32:42.367968,2025-04-21 18:33:02.210786,0 days 00:00:19.842818,0.5156490406615178,0.5188968446063401,8,0.1538109866395258,0.2222321002913571,0.06637506589681187,0.0640974909519126,0.0061063910496538575,0.005119026150153651,1.9360627237254348e-05,7,87,0.06127709561655744,0.18995507562307254,True,False,False,1.3773398981777604e-05,COMPLETE
262,0.5576834082603455,2025-04-21 18:33:02.292186,2025-04-21 18:33:21.475978,0 days 00:00:19.183792,0.5027682933816708,0.48273564955569437,8,0.16394088667165044,0.2127392572042986,0.07123615300153303,0.06695491363972818,0.010718503897775835,0.004527174816070959,1.3800697655196133e-05,6,92,0.058648894852740927,0.17975457160254563,True,False,False,2.837016530197495e-05,COMPLETE
263,0.5575942158699037,2025-04-21 18:33:21.568504,2025-04-21 18:33:41.008919,0 days 00:00:19.440415,0.48814448975325164,0.4796077161333078,8,0.16710324869291074,0.21191899595794167,0.07148430735609863,0.06677092080894398,0.010351546785833424,0.0026260083058725495,1.569069579750617e-05,6,93,0.057280629557907164,0.17896037466252776,True,False,False,2.906833214524028e-05,COMPLETE
264,0.38915426135063175,2025-04-21 18:33:41.093285,2025-04-21 18:34:00.520908,0 days 00:00:19.427623,0.4877534294713031,0.47997446730975557,8,0.1668078503338359,0.21470043859701693,0.07030562775097944,0.06167414426083624,0.011433017084530924,0.00465559875568657,2.2886360183022267e-05,6,96,0.051320343585228995,0.17478031538312003,True,False,False,2.8046896363961116e-05,COMPLETE
265,0.555039644241333,2025-04-21 18:34:00.603371,2025-04-21 18:34:20.033324,0 days 00:00:19.429953,0.5042639209933323,0.4610807683301047,8,0.1571299743404382,0.21148235816742902,0.0733511994007431,0.06390736353503224,0.010489416288859205,0.005816873044560622,1.653363963333185e-05,6,92,0.05983424702381031,0.18454272994924978,True,False,False,3.483913453657163e-05,COMPLETE
266,0.38441609144210814,2025-04-21 18:34:20.117378,2025-04-21 18:34:39.468289,0 days 00:00:19.350911,0.5073063902635515,0.45364706237939645,8,0.14616841291107682,0.21197863029477731,0.07276468835060491,0.06421631250364712,0.010540142940514094,0.0034758987133756266,1.8444332999831372e-05,6,99,0.05845983049677452,0.18570942905493584,True,False,False,2.805315401866374e-05,COMPLETE
267,0.3322937488555909,2025-04-21 18:34:39.551603,2025-04-21 18:34:56.961996,0 days 00:00:17.410393,0.5201942981125766,0.46727333976399943,8,0.15432077833028637,0.22077009877537632,0.07552394213961439,0.063059960331069,0.013528860875862345,0.00603260438577745,1.6248926068484332e-05,6,93,0.05570486709439112,0.191997874702415,True,False,True,2.2235697787194935e-05,COMPLETE
268,0.527538275718689,2025-04-21 18:34:57.055145,2025-04-21 18:35:17.243184,0 days 00:00:20.188039,0.4902044709963248,0.49150381908979185,8,0.15889953663084266,0.21117560803695098,0.06801896319276657,0.06127032280786038,0.012244821703749662,0.0052823738880522515,2.0955059888642658e-05,7,92,0.05854802274796284,0.17866183116839945,True,False,False,3.241500011133452e-05,COMPLETE
269,0.5478787302970887,2025-04-21 18:35:17.327294,2025-04-21 18:35:36.662138,0 days 00:00:19.334844,0.5371820234585125,0.4769091582945348,8,0.16555874558580605,0.21759191891311994,0.06074411235099262,0.06506184534368972,0.009434843940686607,0.003306999047565984,1.4085574540573013e-05,6,97,0.05983644227065957,0.20122765821971267,True,False,False,2.4336614778144484e-05,COMPLETE
270,0.5364190816879273,2025-04-21 18:35:36.746795,2025-04-21 18:35:57.870758,0 days 00:00:21.123963,0.4956724781577297,0.44981439903344606,8,0.16273995215106737,0.226729373092304,0.07392721727613774,0.06791131549565016,0.008858069330696692,0.005597791044923165,1.6150317680107338e-05,8,94,0.06267040324175166,0.18402939059979412,True,False,False,3.3978815433512996e-05,COMPLETE
271,0.553310525417328,2025-04-21 18:35:57.955242,2025-04-21 18:36:17.241994,0 days 00:00:19.286752,0.5063964578734848,0.49860292773050724,8,0.1393390540533182,0.21169812290581394,0.07138453659627639,0.06627896701752684,0.010841058154495509,0.0025873463106247663,1.3107263780451602e-05,6,90,0.057601002461950025,0.19477797883897813,True,False,False,1.56365080073849e-05,COMPLETE
272,0.2797684073448181,2025-04-21 18:36:17.328237,2025-04-21 18:36:34.971734,0 days 00:00:17.643497,0.5201724064334763,0.5056535803288646,8,0.1321727195843765,0.22066177090661643,0.07149388771584922,0.06293946002036827,0.012104964516682346,0.0011407698683561305,0.0007114597469000926,7,91,0.05687466924321407,0.19641686939301917,True,True,False,1.6868668233190494e-05,COMPLETE
273,0.5239734768867493,2025-04-21 18:36:35.067455,2025-04-21 18:36:54.232203,0 days 00:00:19.164748,0.4807643374547633,0.5226265577269091,8,0.14079608291866502,0.2336451911741082,0.09895920260151364,0.060310810380212625,0.010292626220826353,0.003092346351767981,2.8143997716971172e-05,6,93,0.05967730269803271,0.19292529889717425,True,False,False,9.208740292744919e-06,COMPLETE
274,0.40742812156677244,2025-04-21 18:36:54.318097,2025-04-21 18:37:13.938150,0 days 00:00:19.620053,0.5117504810550817,0.49133178699252367,8,0.15204323635713626,0.21122244701740395,0.0843005424227931,0.06559199176844092,0.014535350145619597,0.08773124644330575,1.295611235190136e-05,6,99,0.052890332047899086,0.1874875952231222,True,False,False,1.4098424089372865e-05,COMPLETE
275,0.44031070470809935,2025-04-21 18:37:14.023796,2025-04-21 18:37:33.356750,0 days 00:00:19.332954,0.54374746095557,0.5076927607810113,8,0.15487193991038312,0.226180508290528,0.07638377243092319,0.06370686977403178,0.008369833642971572,0.0010643419809191236,1.7065967021550824e-05,7,37,0.06200805383635579,0.2001459781015157,False,False,False,3.7015594696397044e-05,COMPLETE
276,0.5677554965019227,2025-04-21 18:37:33.445005,2025-04-21 18:37:52.856044,0 days 00:00:19.411039,0.4868873860261488,0.4768822851263139,8,0.12203728231555203,0.21758428056500392,0.07351299379767527,0.06621235225098038,0.01100443204927371,0.06341858156885558,1.3081322135609134e-05,6,89,0.047703313694123624,0.18003686260926485,True,False,False,2.8679008962523934e-05,COMPLETE
277,0.5615991473197937,2025-04-21 18:37:52.942260,2025-04-21 18:38:12.433577,0 days 00:00:19.491317,0.48334764365405614,0.4726863655989616,8,0.111542886766553,0.21756164906735273,0.07109471812994006,0.058833453474122756,0.011075051377078322,0.06050427634821345,1.756251829932978e-05,6,89,0.049277563421949035,0.17879355296493435,True,False,False,2.818213010413526e-05,COMPLETE
278,0.5406162023544312,2025-04-21 18:38:12.530396,2025-04-21 18:38:31.764103,0 days 00:00:19.233707,0.4786187072454628,0.4423788170686701,8,0.10574801167501637,0.20924851654966,0.07124525019086184,0.05625169939810164,0.04275693539272444,0.06755582394225024,1.971147874400635e-05,6,88,0.05620946862404991,0.1778308428505119,True,False,False,1.92080752150024e-05,COMPLETE
279,0.5296486020088196,2025-04-21 18:38:31.851346,2025-04-21 18:38:51.327243,0 days 00:00:19.475897,0.48063580128269245,0.4812686891209175,8,0.11204012039277372,0.061832831517584286,0.07955731229765015,0.06000788600722003,0.011555109135316346,0.060857307823254894,2.190889078558595e-05,6,96,0.04878392706258832,0.18322225322774113,True,False,False,3.146892089891441e-05,COMPLETE
280,0.5671605587005616,2025-04-21 18:38:51.415468,2025-04-21 18:39:10.647494,0 days 00:00:19.232026,0.524655275808952,0.527456079426614,8,0.13184729040301194,0.216667241747949,0.073955107216001,0.0585006572482551,0.012936195867660647,0.06523762811982425,1.270151010841694e-05,6,87,0.049162896458068296,0.1791441128958565,True,False,False,4.133550288110085e-05,COMPLETE
281,0.5712729573249817,2025-04-21 18:39:10.736352,2025-04-21 18:39:30.017157,0 days 00:00:19.280805,0.532235213796481,0.43819592513252925,8,0.11786878088806421,0.21552010436891625,0.07347356179040553,0.05817875236445607,0.01288644782867266,0.05626578648536031,1.6549996016188387e-05,6,87,0.045314751159580786,0.18030579605017666,True,False,False,3.5110540533246995e-05,COMPLETE
282,0.5357510089874268,2025-04-21 18:39:30.105224,2025-04-21 18:39:50.217991,0 days 00:00:20.112767,0.5410707737946194,0.4344438649210257,8,0.1205710600825402,0.21418119258090362,0.07301112493366654,0.057682947762327144,0.011129197610683251,0.06511808660026125,1.7989555054456343e-05,7,91,0.04948687408424571,0.17780703909495907,True,False,False,3.925032022193205e-05,COMPLETE
