number,value,datetime_start,datetime_complete,duration,params_alpha-eval,params_alpha-train,params_batch-size,params_eps-eval,params_eps-train,params_lambda-actions-eval,params_lambda-actions-train,params_lambda-frames-eval,params_lambda-frames-train,params_learning-rate,params_n-epochs,params_n-frames,params_radius-gw,params_rho,params_std-feats,params_ub-actions,params_ub-frames,params_weight-decay,state
113,0.44110400676727296,2025-04-01 01:07:18.386568,2025-04-01 01:07:49.786199,0 days 00:00:31.399631,0.6422777812486706,0.8628602258545867,16,0.2038273516795619,0.27547709990495045,0.05255514512404953,0.0775991486676062,0.07654607716590607,0.01786539507184945,0.00013662208108528254,28,143,0.08483839999526252,0.2647001324892606,True,False,False,3.8109234915162187e-06,COMPLETE
114,0.419430422782898,2025-04-01 01:07:49.824557,2025-04-01 01:08:21.138477,0 days 00:00:31.313920,0.08525007861139844,0.9739741577089807,16,0.16965422507360517,0.22538451872231222,0.04081386075175876,0.08655609057429922,0.08803058873945221,0.013160361627822815,9.303220649483066e-05,30,118,0.0679934103744802,0.15834814736481578,True,False,False,0.00014017674363420526,COMPLETE
115,0.5704828143119812,2025-04-01 01:08:21.177643,2025-04-01 01:08:50.943175,0 days 00:00:29.765532,0.50446903232752,0.9324743119520356,16,0.1783419330546256,0.25671627749257314,0.019626826194917003,0.0898812841462774,0.09074615187212487,0.00808635431189967,5.9058793064345046e-05,26,130,0.06484219574654801,0.24595614827939635,True,False,False,0.00043223220121165547,COMPLETE
116,0.5071171641349792,2025-04-01 01:08:50.982269,2025-04-01 01:09:20.224464,0 days 00:00:29.242195,0.2154358786577127,0.63054803537151,16,0.17708634611566548,0.05415331386852052,0.06357725658900748,0.054301490029207505,0.09030248277036206,0.008120173858846402,0.012612610367965859,26,122,0.05354924206337788,0.24593961776868928,True,False,False,0.00017284828638138955,COMPLETE
117,0.42868814468383787,2025-04-01 01:09:20.264071,2025-04-01 01:09:48.898015,0 days 00:00:28.633944,0.5082686998802186,0.956630503184872,16,0.14541313218443397,0.24861702617938114,0.08821009187727817,0.09011833007002437,0.0921766688568426,0.005849624657704667,7.580728408149035e-05,25,125,0.0660254339232641,0.10244176315248524,True,False,False,0.00044690563163481313,COMPLETE
118,0.529561448097229,2025-04-01 01:09:48.937958,2025-04-01 01:10:18.763675,0 days 00:00:29.825717,0.44188320219571625,0.6860196313420853,16,0.18577805025077154,0.1808002178835803,0.05813873744420671,0.02024020067472208,0.06947097999676978,0.0011436845235787366,0.0011353652449741047,29,107,0.07254864306901199,0.22784379221038217,True,False,False,6.575670496667081e-05,COMPLETE
119,0.4506102800369263,2025-04-01 01:10:18.803986,2025-04-01 01:10:52.697880,0 days 00:00:33.893894,0.48271120298132014,0.7608392897811711,8,0.15990029925551788,0.2578451649400817,0.007807047870663571,0.09630085337713586,0.09868297602604328,0.010273921290690364,4.1313799955159415e-05,26,137,0.06412846933129492,0.13009663345031702,True,False,True,3.874229501771595e-05,COMPLETE
120,0.4213541626930237,2025-04-01 01:10:52.740095,2025-04-01 01:11:20.335115,0 days 00:00:27.595020,0.5367106787965984,0.9219364607287485,16,0.15124753442114627,0.2627589278970402,0.02840670835594354,0.09433174851754449,0.09717105273123584,0.0030192446087989127,6.588273929518577e-05,24,117,0.05900353691674439,0.189176336524586,True,False,False,8.781748654197986e-05,COMPLETE
121,0.5309668183326721,2025-04-01 01:11:20.376259,2025-04-01 01:11:38.285735,0 days 00:00:17.909476,0.5737262658955862,0.8962470457812486,16,0.18044682205383464,0.24091999136433165,0.020283749476678575,0.08483491530000516,0.08267237984329139,0.015047482398970632,5.0247871865207867e-05,7,129,0.07611431621409648,0.2598175250277939,True,False,False,0.00024274476501912209,COMPLETE
122,0.42443890571594245,2025-04-01 01:11:38.326702,2025-04-01 01:12:08.797613,0 days 00:00:30.470911,0.5585478716308857,0.9213865086988254,16,0.1889640890935339,0.25518420702738853,0.016861057766321276,0.08772316761043386,0.08527586905446448,0.0069306637832588095,9.964696658001484e-05,27,132,0.07465550808851255,0.19887456795097141,True,False,False,0.0004860682589391066,COMPLETE
123,0.54468914270401,2025-04-01 01:12:08.849907,2025-04-01 01:12:39.455491,0 days 00:00:30.605584,0.5034779658668224,0.567840194830894,16,0.16600493835482216,0.27392932992810093,0.01430177499423537,0.0834474048729874,0.08010173242997527,0.009772595522940682,5.734869083276972e-05,28,127,0.07910410507078576,0.24156396237251002,True,False,False,0.0007093817331448802,COMPLETE
124,0.550051212310791,2025-04-01 01:12:39.497470,2025-04-01 01:13:08.026914,0 days 00:00:28.529444,0.526723402189242,0.9484003107313458,16,0.13730897075787502,0.250708320725366,0.01234080523785408,0.08080449872025143,0.09317357304674556,0.0051211396916451875,3.365123951618574e-05,25,122,0.07007775947594391,0.2703141739492517,True,False,False,0.0003701084601371612,COMPLETE
125,0.60584055185318,2025-04-01 01:13:08.069302,2025-04-01 01:13:39.991956,0 days 00:00:31.922654,0.29792009911180223,0.8445099631389829,16,0.21171360097555028,0.20626202572186458,0.015097739340725764,0.09307198837943746,0.08678283389488073,0.06058244312219359,1.981211274726904e-05,30,130,0.07147753619993254,0.25208350626784354,True,False,False,2.7932960661280257e-05,COMPLETE
126,0.4645113945007325,2025-04-01 01:13:40.036113,2025-04-01 01:15:33.316036,0 days 00:01:53.279923,0.31573284964567105,0.8081436133210109,2,0.01220098431245209,0.1999501032400626,0.009560257304349598,0.09292131457116856,0.08773870778507105,0.06205445951282922,0.0007910484053514592,30,140,0.07211629045770795,0.25202906293576677,False,False,False,1.859553792206555e-05,COMPLETE
127,0.5571308493614197,2025-04-01 01:15:33.358859,2025-04-01 01:16:04.380309,0 days 00:00:31.021450,0.3798746273324792,0.648992762321776,16,0.22951530542716728,0.20672944760996986,0.015445361004250676,0.0895031464637724,0.08977230735954661,0.0687833912958969,2.6816208291099323e-05,29,125,0.06730115922234534,0.23542646043643092,True,False,False,0.00012379304800806773,COMPLETE
128,0.2831683099269867,2025-04-01 01:16:04.422852,2025-04-01 01:16:31.638783,0 days 00:00:27.215931,0.24481173616863885,0.8538861283157461,16,0.2126249955904553,0.19162685664590046,0.04357129867313012,0.09085517239503986,0.09564311411818359,0.0575173754592985,0.00014798545097399044,30,111,0.07690709193696071,0.2786262084530917,True,True,False,1.2086537482908489e-05,COMPLETE
129,0.5750101804733276,2025-04-01 01:16:31.681232,2025-04-01 01:17:03.708368,0 days 00:00:32.027136,0.4657905671324294,0.6697954691120422,16,0.1735831675442416,0.23417453183329892,0.019315952292191522,0.052042244428197,0.08432109351269329,0.05415436255627782,0.00010860811868075513,29,134,0.03575336107555007,0.2880831994348346,True,False,False,2.9859619943805543e-05,COMPLETE
130,0.40161622762680055,2025-04-01 01:17:03.752433,2025-04-01 01:17:36.654228,0 days 00:00:32.901795,0.2980026894408204,0.5427638028916031,16,0.17340536611112253,0.231195995560632,0.02365320811596293,0.08759726719175855,0.08398988336364867,0.054385541454488935,0.00023802023250867367,29,147,0.035753508748956254,0.29150142542109386,True,False,False,2.547009003657625e-05,COMPLETE
131,0.5693794846534729,2025-04-01 01:17:36.697751,2025-04-01 01:18:08.987247,0 days 00:00:32.289496,0.4716092168397418,0.6128465087505215,16,0.1555869363392601,0.2229655080918444,0.03176558231573959,0.05259765847956844,0.07818353937570052,0.05971567812740359,0.00011465213974919591,30,135,0.0334942902673187,0.28511559207447834,True,False,False,3.942108391102016e-05,COMPLETE
132,0.5588266372680665,2025-04-01 01:18:09.032165,2025-04-01 01:18:41.578577,0 days 00:00:32.546412,0.47240804341206066,0.6119147305890495,16,0.15479431343691905,0.2048158480745963,0.032375667975494904,0.058566156435585354,0.07834291008033324,0.058209931349086724,1.9995233382083066e-05,30,134,0.03342521956418738,0.28647713060121427,True,False,False,3.6041774677936866e-05,COMPLETE
133,0.4063461899757385,2025-04-01 01:18:41.622222,2025-04-01 01:19:14.215380,0 days 00:00:32.593158,0.4481652386327505,0.6616077449398057,16,0.14471718398771288,0.21639242969177347,0.03797429928951877,0.09257961263256662,0.09148439197765162,0.06106801571724909,0.00011575571966402652,30,136,0.039803096350857534,0.27535557764373725,True,False,False,2.7698653604924007e-05,COMPLETE
134,0.551542890071869,2025-04-01 01:19:14.260762,2025-04-01 01:19:46.394105,0 days 00:00:32.133343,0.3952589199554999,0.582620383168817,16,0.16256206474100662,0.22372526528730194,0.02988961963272057,0.09521166642938278,0.06151639993878284,0.0674181576727876,0.0001745506772540583,30,130,0.02658280299194528,0.2937982176003903,True,False,False,2.129520938898634e-05,COMPLETE
135,0.40572524070739746,2025-04-01 01:19:46.438896,2025-04-01 01:20:14.223694,0 days 00:00:27.784798,0.4830703802309705,0.11324246660282389,16,0.15735098451378146,0.23568654958552493,0.03449386698436026,0.052713697597465504,0.09399411889128965,0.05532807263552029,7.889387603186018e-05,22,139,0.03742362895338466,0.28315223840653414,True,False,False,1.5880374463842787e-05,COMPLETE
136,0.4062275648117066,2025-04-01 01:20:14.269330,2025-04-01 01:20:46.773782,0 days 00:00:32.504452,0.41963173999016834,0.6100141614662096,16,0.17000866241310195,0.2411395922232492,0.020856223347570788,0.04193098938231843,0.08604715525997714,0.0515817988314003,0.00012694611677042757,29,143,0.04242137239556034,0.26381605044677087,True,False,False,5.794089725903262e-05,COMPLETE
137,0.4169969201087952,2025-04-01 01:20:46.820812,2025-04-01 01:21:17.811326,0 days 00:00:30.990514,0.5885220371105669,0.7217426424711223,16,0.149374113892789,0.21117513849095526,0.025913069287833858,0.056496691948965776,0.05490438953698252,0.046754491501395774,1.90476920493304e-05,28,133,0.031063156898660148,0.27226960497818303,True,False,False,4.551756188820278e-05,COMPLETE
138,0.5759329795837402,2025-04-01 01:21:17.865733,2025-04-01 01:21:49.181453,0 days 00:00:31.315720,0.46352163067555197,0.6412453434835339,16,0.18190812600126618,0.2196386892898409,0.0196715920502871,0.048399508944782545,0.09999986913584441,0.05620190372811422,8.620742496570168e-05,29,127,0.03441160471296933,0.27988497389990613,True,False,False,6.866587626034817e-05,COMPLETE
139,0.5818636298179627,2025-04-01 01:21:49.228382,2025-04-01 01:22:19.004517,0 days 00:00:29.776135,0.46789522676939255,0.4839116787432415,16,0.1820813051520036,0.21816118170966867,0.0181988616616996,0.05203141947803565,0.09748156325030252,0.061431010723626306,8.818989290189015e-05,27,126,0.028728013155843894,0.28708150317127723,True,False,False,7.029990234939253e-05,COMPLETE
140,0.5794670224189759,2025-04-01 01:22:19.051492,2025-04-01 01:22:48.839960,0 days 00:00:29.788468,0.4354627740685736,0.5533434782088286,16,0.18139524499311607,0.215361005809367,0.019256156622529382,0.05042095839840811,0.09692209918459886,0.05947322466306609,9.249728162011309e-05,27,127,0.02174193957985928,0.28157528378022845,True,False,False,7.439748395799142e-05,COMPLETE
141,0.5627318501472474,2025-04-01 01:22:48.887477,2025-04-01 01:23:18.074342,0 days 00:00:29.186865,0.43788702831696835,0.447233641200555,16,0.17694395355523695,0.21993649752323693,0.019477464449769086,0.049763476804376865,0.09876484024642938,0.06140568624237824,8.91181748024361e-05,26,127,0.0213021806582283,0.2787534398004223,True,False,False,6.685232006199561e-05,COMPLETE
142,0.5698191285133362,2025-04-01 01:23:18.122365,2025-04-01 01:23:48.266219,0 days 00:00:30.143854,0.3683636400520674,0.49320708313221834,16,0.18511977268284951,0.21374560262891418,0.01773239124160847,0.05241710729511877,0.09970188749805174,0.05604079117023709,0.00010051953829257325,27,131,0.028259347620024283,0.2864163927207596,True,False,False,7.535526418939883e-05,COMPLETE
143,0.5844669342041016,2025-04-01 01:23:48.315757,2025-04-01 01:24:19.104998,0 days 00:00:30.789241,0.3838753536742913,0.46594644172830696,16,0.18415915711821088,0.20175227832245105,0.016833103818569454,0.051240763711354415,0.09977205711499579,0.059021428970147685,0.00010616594893928266,27,131,0.017197233547697192,0.2979696163363788,True,False,False,9.583216751720485e-05,COMPLETE
144,0.5824299335479737,2025-04-01 01:24:19.153393,2025-04-01 01:24:49.394089,0 days 00:00:30.240696,0.36842120642188814,0.48687449533045885,16,0.18544423115529815,0.20138695491722416,0.017815552681575295,0.05282312302349878,0.0997924092539694,0.05580351016335676,0.0001066548118548765,27,131,0.028807946585571044,0.2980947432585405,True,False,False,0.00010078930536875567,COMPLETE
145,0.48450802564620976,2025-04-01 01:24:49.442397,2025-04-01 01:25:19.800768,0 days 00:00:30.358371,0.36759068304161946,0.48503701154131584,16,0.18574586158889225,0.19880119967785853,0.02278024727965261,0.050827515832996696,0.09977659619131987,0.056543742242661295,1.043571239281137e-05,27,130,0.01533465052532549,0.2985401477880118,True,False,False,7.79998495644927e-05,COMPLETE
146,0.3589145839214325,2025-04-01 01:25:19.851427,2025-04-01 01:25:46.839142,0 days 00:00:26.987715,0.3421863890906378,0.45623747294651673,16,0.18188772944955167,0.21356235334360876,0.01589588004094821,0.04727887779869539,0.09677170240438777,0.06406690180628345,6.45340781699665e-05,26,133,0.02462458630416202,0.2998579528752161,True,False,True,9.270550010069149e-05,COMPLETE
147,0.5888841509819032,2025-04-01 01:25:46.888081,2025-04-01 01:26:17.088194,0 days 00:00:30.200113,0.39807204529474416,0.5131579672542792,16,0.19562090073460417,0.20294614007659154,0.017849895584326234,0.05553865188283082,0.09741622540911743,0.05595802775358354,8.27757589504802e-05,27,128,0.021800896249160834,0.2914506147249103,True,False,False,9.780276620289206e-05,COMPLETE
148,0.44634308815002444,2025-04-01 01:26:17.137081,2025-04-01 01:26:42.671086,0 days 00:00:25.534005,0.4037637499343689,0.4651956655708209,16,0.19585319461180367,0.20428215170630729,0.02159759941848018,0.05942385264736857,0.09535439991780587,0.05237466344007957,7.769529990600347e-05,27,126,0.019672755072286628,0.2825819336988403,False,False,False,0.000115436771488999,COMPLETE
149,0.5553219437599182,2025-04-01 01:26:42.721009,2025-04-01 01:27:19.993995,0 days 00:00:37.272986,0.3986288954073231,0.3833397262175455,8,0.20667574036244596,0.19881645341591186,0.014452958558041303,0.05592040960935147,0.09766068681466425,0.05916086589249367,0.00014211487842867034,25,137,0.022132379860364093,0.2897898759077919,True,False,False,0.00015414685019125995,COMPLETE
150,0.3954649090766907,2025-04-01 01:27:20.045527,2025-04-01 01:27:49.578096,0 days 00:00:29.532569,0.28993593236017984,0.5226059081865266,16,0.20159056852458773,0.229810720967015,0.018777742262906422,0.06374212296132534,0.09691779753234228,0.04992697348291079,0.0001053725682053712,26,129,0.010259201361256031,0.29379356907879256,True,False,False,0.00010719315399946212,COMPLETE
151,0.5768667697906494,2025-04-01 01:27:49.636664,2025-04-01 01:28:20.142005,0 days 00:00:30.505341,0.31716015573031175,0.4860143689628141,16,0.1852983580271641,0.21745377751432757,0.017065244902757643,0.0525639909807047,0.09963836780103204,0.05592223796461034,9.205860039008423e-05,27,131,0.028851041089352374,0.292394442919766,True,False,False,7.530334747173205e-05,COMPLETE
152,0.5904269814491272,2025-04-01 01:28:20.192578,2025-04-01 01:28:50.279555,0 days 00:00:30.086977,0.31124553976213853,0.47712502205280655,16,0.19243664751171252,0.2037320274071616,0.016656921233414213,0.04852988053401398,0.09991431542516753,0.06628537312719548,8.452169399688761e-05,27,128,0.026856551191696772,0.29389250749724466,True,False,False,5.084695334191006e-05,COMPLETE
153,0.5672032117843628,2025-04-01 01:28:50.331005,2025-04-01 01:29:20.192765,0 days 00:00:29.861760,0.3050482725240313,0.4393605981251145,16,0.19007257380825598,0.20468951455541093,0.0169918143306134,0.04848815066420398,0.09974689399732463,0.06438388003729296,0.00020978349748104356,27,122,0.0245964482234377,0.2940930540572611,True,False,False,5.5689718574337526e-05,COMPLETE
154,0.590172266960144,2025-04-01 01:29:20.245412,2025-04-01 01:29:50.220092,0 days 00:00:29.974680,0.32780220938062804,0.4756255642645367,16,0.19967106591031017,0.20979832256215786,0.011335211706225657,0.051090108290972894,0.09690636836266683,0.06654893952559542,8.328417265826033e-05,27,127,0.028380852777468598,0.291141009784028,True,False,False,4.790128689495342e-05,COMPLETE
155,0.5872011184692383,2025-04-01 01:29:50.272419,2025-04-01 01:30:19.997085,0 days 00:00:29.724666,0.3275464109682458,0.47695873822444396,16,0.20840219879415672,0.19426663663662114,0.01225870020427457,0.054456250366672586,0.09835216460431681,0.06837404510948823,7.872665252246566e-05,27,127,0.02911387025931798,0.29844485035264684,True,False,False,9.242574308889903e-05,COMPLETE
156,0.5605339288711548,2025-04-01 01:30:20.049428,2025-04-01 01:32:05.206667,0 days 00:01:45.157239,0.3416695792025262,0.4731809620329795,2,0.21408130352053953,0.19291210442620813,0.010068928813439633,0.05388777336776674,0.09736546587303377,0.07475912997846784,7.698261733477776e-05,27,126,0.02864748039132135,0.2952394458609647,True,False,False,9.30704222273039e-05,COMPLETE
157,0.2797684073448181,2025-04-01 01:32:05.259064,2025-04-01 01:32:31.082141,0 days 00:00:25.823077,0.26483021495347925,0.5155397667499315,16,0.2038033911863001,0.20987582769451188,0.0055107900863845625,0.04581456893117964,0.09996963875108646,0.06887163959026141,4.494203673767244e-05,25,124,0.02742444562761051,0.2908280901521812,True,True,False,6.650639787404392e-05,COMPLETE
158,0.5641444683074952,2025-04-01 01:32:31.134819,2025-04-01 01:33:00.260488,0 days 00:00:29.125669,0.3241848008221774,0.4054325574986089,16,0.19593967670160875,0.21714973449638805,0.011653641863366121,0.05651110540060153,0.09715199200643597,0.07169863760961416,8.739291338586054e-05,26,128,0.018815949354001556,0.2974795399286561,True,False,False,5.267428555818562e-05,COMPLETE
159,0.5631390929222108,2025-04-01 01:33:00.313740,2025-04-01 01:33:31.620425,0 days 00:00:31.306685,0.28116450019173966,0.502728316026033,16,0.2074114797999011,0.18527469077883008,0.015947303944954888,0.05097022374375624,0.09258731090085649,0.06279934394616611,0.00012508400601481223,28,138,0.031107263900839677,0.27977257451419446,True,False,False,0.00010470974132641339,COMPLETE
160,0.588923180103302,2025-04-01 01:33:31.673182,2025-04-01 01:34:01.748247,0 days 00:00:30.075065,0.3489074501033505,0.47810263946563736,16,0.22424009299275074,0.20320322014317818,0.01330081586351381,0.0612462891053437,0.09485064634464929,0.059753747484763704,6.391197268334348e-05,27,128,0.021744525810336132,0.29954099074386875,True,False,False,7.828509012482363e-05,COMPLETE
161,0.5891291737556458,2025-04-01 01:34:01.802254,2025-04-01 01:34:31.928752,0 days 00:00:30.126498,0.3495515753412839,0.48690543527438274,16,0.2314069928307183,0.19772593938144783,0.012939493312019315,0.0661348668608763,0.09614777432381111,0.06611472892697581,6.302067074105008e-05,27,132,0.022187248228570787,0.2988969050061187,True,False,False,7.863695556220578e-05,COMPLETE
162,0.5902956008911133,2025-04-01 01:34:31.992153,2025-04-01 01:35:02.336530,0 days 00:00:30.344377,0.3507975117054823,0.48257916297625025,16,0.22294395205802703,0.1963922854657221,0.013426084996900242,0.06038767653923707,0.09504260326955931,0.05981262542750195,6.411230539264036e-05,27,132,0.020963520590290056,0.29887313759735257,True,False,False,0.00012707743116103904,COMPLETE
163,0.5741426467895507,2025-04-01 01:35:02.391089,2025-04-01 01:35:32.814192,0 days 00:00:30.423103,0.38143387697179587,0.4687298633572776,16,0.23827354323284783,0.19742700139379324,0.008741880583222407,0.0652071938120857,0.09446026429633882,0.06684892706649341,4.0962293369763275e-05,27,133,0.015990225156759585,0.2993165146503384,True,False,False,0.00017754627133445008,COMPLETE
164,0.5891352653503418,2025-04-01 01:35:32.868794,2025-04-01 01:36:03.299918,0 days 00:00:30.431124,0.35538196674965333,0.4350690712975785,16,0.2255122025650133,0.2048125054546281,0.01119192237492027,0.0627049217512874,0.09592753742363207,0.0662452415473576,6.280591207062055e-05,27,136,0.021383724918960574,0.2995362072233412,True,False,False,0.00012943814652198267,COMPLETE
165,0.5689082026481629,2025-04-01 01:36:03.355930,2025-04-01 01:36:33.796634,0 days 00:00:30.440704,0.35824183968031287,0.4460732262157669,16,0.22458855734616784,0.19362180866054848,0.012218468530619954,0.061122458021606416,0.09317850170389713,0.06692495620997338,6.340332021892374e-05,26,140,0.019604854439785234,0.29920265477175917,True,False,False,0.00012448159204753946,COMPLETE
166,0.4296867847442627,2025-04-01 01:36:33.851748,2025-04-01 01:37:04.873808,0 days 00:00:31.022060,0.34997356235983207,0.43739564677094545,16,0.24254498266459618,0.203387405064391,0.01092471261290202,0.06320223185772438,0.09535981456075462,0.0699941770410316,0.0017972821650125259,28,136,0.012764463284571908,0.29947697856210564,True,False,False,0.0001337976268355257,COMPLETE
167,0.41963262557983405,2025-04-01 01:37:04.928550,2025-04-01 01:37:35.236301,0 days 00:00:30.307751,0.3250705647604275,0.34525406704667694,16,0.23232365243430175,0.206414394317275,0.006334950039336688,0.061863460987126785,0.09553934541334833,0.07755177158682637,4.902535877972538e-05,26,142,0.023676375180285536,0.2898532292485442,True,False,False,8.667549208560911e-05,COMPLETE
168,0.5793810844421388,2025-04-01 01:37:35.292319,2025-04-01 01:38:04.629068,0 days 00:00:29.336749,0.37928907847781984,0.417066261518519,16,0.22105789480098514,0.18189122339401778,0.01376955689463459,0.057875633699225805,0.09309741232355848,0.0653628159852896,6.972501003647184e-05,25,132,0.01797264671687208,0.288141949688022,True,False,False,4.478284466972687e-05,COMPLETE
169,0.3768345355987549,2025-04-01 01:38:04.684843,2025-04-01 01:38:32.586143,0 days 00:00:27.901300,0.23678936678492313,0.5103330477406178,16,0.22230047378184623,0.19483494486934622,0.013096774983579354,0.05989045186306297,0.09781212929187898,0.06567314798238887,5.500650552766809e-05,27,136,0.02650277746729777,0.29329767496557857,True,False,True,9.968135847285902e-05,COMPLETE
