number,value,datetime_start,datetime_complete,duration,params_alpha-eval,params_alpha-train,params_batch-size,params_eps-eval,params_eps-train,params_lambda-actions-eval,params_lambda-actions-train,params_lambda-frames-eval,params_lambda-frames-train,params_learning-rate,params_n-epochs,params_n-frames,params_radius-gw,params_rho,params_std-feats,params_ub-actions,params_ub-frames,params_weight-decay,state
739,0.391789984703064,2025-04-21 21:29:47.578180,2025-04-21 21:30:08.318675,0 days 00:00:20.740495,0.8460420455620024,0.4996941612171737,8,0.03754744904114187,0.04797698471967577,0.09061858316600725,0.02578036996950863,0.02787556981685097,0.03782022739636713,5.5394361469199216e-05,8,75,0.013431450299758002,0.15999358978971923,True,False,False,2.330531613416646e-07,COMPLETE
740,0.4230143427848816,2025-04-21 21:30:08.559811,2025-04-21 21:30:28.352509,0 days 00:00:19.792698,0.828150887158593,0.5384538267057306,8,0.05921086879666428,0.06308091216306465,0.09698921396725542,0.023425926821358512,0.037592823859301815,0.030360083685537463,3.7879065074405284e-05,7,72,0.020253694130085927,0.1673037289704529,True,False,False,4.01676823924334e-07,COMPLETE
741,0.6391515254974365,2025-04-21 21:30:28.581558,2025-04-21 21:30:49.524893,0 days 00:00:20.943335,0.33460933423453265,0.5221826377823059,8,0.04221010955355369,0.05523260301040812,0.09298555716694436,0.028667582531421206,0.03425000907866032,0.034274990923117504,2.3193990981740674e-05,8,79,0.018748305015022185,0.15806803539393338,True,False,False,1.3546619357385248e-07,COMPLETE
742,0.4191960334777832,2025-04-21 21:30:49.764305,2025-04-21 21:31:20.826436,0 days 00:00:31.062131,0.8159061410263357,0.4895643286335153,8,0.04295892463032592,0.0604835180413563,0.09121102650796796,0.028487956582957365,0.03391259246303792,0.03411456188366151,2.9996425697867953e-05,20,77,0.018020014606548777,0.15646121793306547,True,False,False,1.5593501939563884e-07,COMPLETE
743,0.579352879524231,2025-04-21 21:31:21.052709,2025-04-21 21:31:41.859824,0 days 00:00:20.807115,0.37623949331095063,0.5132385758056179,8,0.052447614628967625,0.04093772040466123,0.09329097216182618,0.026153348821232825,0.03160215036061045,0.03543034420356879,2.3765833691599178e-05,8,79,0.015522750229757616,0.15086662468917647,True,False,False,1.264461997202584e-07,COMPLETE
744,0.4340522170066834,2025-04-21 21:31:42.100991,2025-04-21 21:32:01.966774,0 days 00:00:19.865783,0.8616629879468626,0.4742953642561027,8,0.04274521871179762,0.0789699109905378,0.09063930600939729,0.02858065774319278,0.034011113790604106,0.032942255943205115,2.7470880601887033e-05,7,70,0.011341119323507967,0.1640753193675348,True,False,False,1.8817159359189805e-07,COMPLETE
745,0.6326763391494752,2025-04-21 21:32:02.211651,2025-04-21 21:32:22.206478,0 days 00:00:19.994827,0.7950486115436013,0.5302041347475989,8,0.0475027212934559,0.0680449695946961,0.08943791054485574,0.02217032732961869,0.03588211970512619,0.037416219217750964,2.3237776620030883e-05,7,75,0.01847128557333154,0.14607423273665845,True,False,False,1.3773543319536512e-07,COMPLETE
746,0.5201380968093873,2025-04-21 21:32:22.436244,2025-04-21 21:32:42.375531,0 days 00:00:19.939287,0.7875501500752397,0.4887907375128042,8,0.047763665662102876,0.06832662303864487,0.08906427506789147,0.023389472535444353,0.037238886203376724,0.036862607804106516,3.331695427201047e-05,7,73,0.015473349773158035,0.1456968714146144,True,False,False,1.3627358212898087e-07,COMPLETE
747,0.43065930604934693,2025-04-21 21:32:42.617675,2025-04-21 21:33:02.488481,0 days 00:00:19.870806,0.15832204731769414,0.5160192464447109,8,0.05565281036833335,0.05594084771455137,0.0891814588772999,0.02071761588624003,0.03554353211544075,0.03496518157821835,2.33756718124647e-05,7,66,0.018646307939977784,0.14310379951740515,True,False,False,1.3773982934072234e-07,COMPLETE
748,0.4648877501487732,2025-04-21 21:33:02.716567,2025-04-21 21:33:20.602497,0 days 00:00:17.885930,0.2815629711043035,0.49710325976019,8,0.0644073970625896,0.03612489005582989,0.09073888268981462,0.01904371711969178,0.030020550415779515,0.0370507744478964,2.7820686766512126e-05,7,59,0.017204131011340537,0.13977875844674725,True,False,True,1.9849855819889503e-07,COMPLETE
749,0.4928859829902649,2025-04-21 21:33:20.845324,2025-04-21 21:33:38.058791,0 days 00:00:17.213467,0.7954276262959008,0.5253027440111693,16,0.04615591036416704,0.04710818492841862,0.09239077550535796,0.013987462758880975,0.03223185111271796,0.031574363877494495,2.255238376259739e-05,7,75,0.013754559673811007,0.14838877602760786,True,False,False,2.525594994714992e-07,COMPLETE
750,0.4365760087966919,2025-04-21 21:33:38.303102,2025-04-21 21:33:59.345230,0 days 00:00:21.042128,0.7718544531313166,0.5184515972075208,8,0.053196467025975434,0.09206568894108053,0.08990317100513658,0.016677908912785838,0.03530013603959445,0.038372736315262675,4.5566743887334575e-05,8,70,0.01907647098403608,0.15615200375676058,True,False,False,1.6086320198054727e-07,COMPLETE
751,0.2797684073448181,2025-04-21 21:33:59.577112,2025-04-21 21:34:17.190167,0 days 00:00:17.613055,0.7943696633134765,0.47951880728518653,8,0.03925099802814246,0.07226693094728359,0.09255041216187447,0.022172070514702786,0.0380269574725624,0.030050549362775705,3.384639720623943e-05,7,76,0.01648768743625992,0.1384877306031057,True,True,False,2.873120789319114e-07,COMPLETE
752,0.6278189539909362,2025-04-21 21:34:17.432813,2025-04-21 21:34:38.122665,0 days 00:00:20.689852,0.8369215326746646,0.5393425437678261,8,0.0595153703440517,0.05298318209326137,0.0890756443010622,0.02121889467676192,0.042017733577174615,0.03408232647570842,2.3544215752977628e-05,8,73,0.019443503657677393,0.15063672045614426,True,False,False,2.1887336962732734e-07,COMPLETE
753,0.4508018732070923,2025-04-21 21:34:38.354697,2025-04-21 21:34:58.442777,0 days 00:00:20.088080,0.8456975094597321,0.5433061706592431,8,0.06973934674496717,0.04318838823577198,0.08848156232394089,0.019063181872981175,0.039957428588769,0.033851897144694686,2.6478738543054786e-05,7,67,0.019040564926796424,0.1489394369690819,True,False,False,2.1274908986464226e-07,COMPLETE
754,0.49617909193038945,2025-04-21 21:34:58.686916,2025-04-21 21:35:19.524202,0 days 00:00:20.837286,0.8722049581809355,0.5390462846277555,8,0.0610851958867165,0.053079964193734105,0.0888658437582645,0.021818968915930242,0.041484939459871695,0.028601571329201776,3.9614656494621215e-05,8,71,0.015428171808570007,0.1363737976904115,True,False,False,3.257622794002471e-07,COMPLETE
755,0.44340182542800904,2025-04-21 21:35:19.768192,2025-04-21 21:35:40.126220,0 days 00:00:20.358028,0.8362675508927022,0.4995754861707241,8,0.05697496213790229,0.03622434216467941,0.09019659964884008,0.020066259152555495,0.0369114400764975,0.032424146728964175,3.091601694624034e-05,8,73,0.01723146783512556,0.15260680049629852,False,False,False,1.3999707187865322e-07,COMPLETE
756,0.4235138058662415,2025-04-21 21:35:40.357398,2025-04-21 21:36:00.029240,0 days 00:00:19.671842,0.23707372666748483,0.5399071297239658,8,0.05017859973564561,0.047765796555568674,0.08765633348388932,0.024412608792904134,0.03421198318337506,0.03529482879273799,2.3388557328774047e-05,7,64,0.013039998656527406,0.14804280163784383,True,False,False,2.7020206892400686e-07,COMPLETE
757,0.4471697092056275,2025-04-21 21:36:00.275402,2025-04-21 21:36:20.949213,0 days 00:00:20.673811,0.7746999383974545,0.5057773462842537,8,0.06494580219775506,0.053632344163552045,0.09136010298974963,0.022764732544328387,0.0384764917043797,0.03200190882936435,2.758959427684517e-05,8,69,0.020086931758624655,0.15711103240851224,True,False,False,1.0189104413890169e-07,COMPLETE
758,0.617979085445404,2025-04-21 21:36:21.198679,2025-04-21 21:36:41.085093,0 days 00:00:19.886414,0.3282671172419794,0.5332259860003279,8,0.05937733503310541,0.04048264576339295,0.08928075205976144,0.02551936693881779,0.0402412968508917,0.034042142677559076,2.2580361935480715e-05,7,74,0.014722927410738988,0.14619412198769693,True,False,False,1.673919193853488e-07,COMPLETE
759,0.5145566225051881,2025-04-21 21:36:41.320102,2025-04-21 21:37:08.684129,0 days 00:00:27.364027,0.32683179098976173,0.5328018965539646,8,0.05553001105980909,0.03046435404553682,0.08989973449298035,0.025146000533120556,0.04164415225511166,0.033330629245042535,3.152702530433398e-05,16,72,0.013338445053546604,0.14314885393328575,True,False,False,1.7385161125257943e-07,COMPLETE
760,0.45227689743041993,2025-04-21 21:37:08.929878,2025-04-21 21:37:28.784368,0 days 00:00:19.854490,0.7505164596544958,0.5467020227163578,8,0.07745335069570476,0.04065086837499452,0.08782078934817548,0.02120345208853995,0.038691123405079915,0.03004885664751841,2.4181621774002905e-05,7,74,0.011375985425884692,0.13951746702942233,True,False,False,6.971422416761009e-08,COMPLETE
761,0.4188019990921021,2025-04-21 21:37:29.016405,2025-04-21 21:38:09.518165,0 days 00:00:40.501760,0.3328516667781332,0.5509779291056819,2,0.06896580380795596,0.033804501032906456,0.08807323208230489,0.025092193980999086,0.03616839277532914,0.03504419038536836,3.725276184635752e-05,7,67,0.016868034981876737,0.130917412679403,True,False,False,1.2600072109604076e-07,COMPLETE
762,0.4323589205741883,2025-04-21 21:38:09.766354,2025-04-21 21:38:29.603111,0 days 00:00:19.836757,0.27588257885974743,0.5316286016723394,8,0.06211708501007353,0.043745277898097484,0.08993591009790165,0.017177056265002287,0.040345891483047056,0.02617493087302231,2.892590023382025e-05,7,70,0.01477733718197901,0.15147649350074485,True,False,False,1.6663134642641864e-07,COMPLETE
763,0.6193970680236817,2025-04-21 21:38:29.850732,2025-04-21 21:38:50.097000,0 days 00:00:20.246268,0.3662657041380907,0.5187187032546093,8,0.049470621666801995,0.047874807249492536,0.0915945883098999,0.023488199388348542,0.045810999625123076,0.036414217519839046,2.31112627444562e-05,7,76,0.014615434078690447,0.14429085536555047,True,False,False,2.1173507972312863e-07,COMPLETE
764,0.4426143169403076,2025-04-21 21:38:50.332592,2025-04-21 21:39:10.446622,0 days 00:00:20.114030,0.3359508667403075,0.5528121477945,8,0.0606623307586635,0.040019672975863466,0.08808757382286547,0.022125666515596266,0.045095209795456635,0.03610345722887868,2.3493783195780036e-05,7,73,0.012724922835946567,0.14382013552674247,True,False,False,1.9656407807856326e-07,COMPLETE
765,0.6569016814231873,2025-04-21 21:39:10.694120,2025-04-21 21:39:30.720401,0 days 00:00:20.026281,0.34968014158431954,0.49195535628412845,8,0.05107070035632516,0.047015663331769014,0.09071024943385479,0.023852895796279514,0.04777982042650501,0.03409272943670192,3.443776079141685e-05,7,76,0.01803721542047178,0.1365727245299461,True,False,False,1.402023854153678e-07,COMPLETE
766,0.5202197313308716,2025-04-21 21:39:30.955121,2025-04-21 21:39:48.750079,0 days 00:00:17.794958,0.3505801588466026,0.4942556107636682,8,0.052552480358968874,0.04894098446859258,0.08693240901354005,0.019984247965896863,0.0464981126384772,0.033507468060748925,5.409637227661331e-05,7,76,0.01756166136434184,0.13630709642296088,True,False,True,1.2173598151862775e-07,COMPLETE
767,0.6173179626464844,2025-04-21 21:39:49.004094,2025-04-21 21:40:09.005706,0 days 00:00:20.001612,0.31164542169345144,0.13012638046177927,8,0.06662452495936713,0.0479330552190346,0.08960254237785101,0.024538911169399394,0.04833679508260045,0.029625860849337177,4.5190105765703134e-05,7,76,0.01529700530381182,0.12856459111193486,True,False,False,8.944860239188151e-08,COMPLETE
768,0.5268163681030273,2025-04-21 21:40:09.255171,2025-04-21 21:40:29.212915,0 days 00:00:19.957744,0.3670964975216098,0.481739712731355,8,0.058331735168666035,0.022865094402880398,0.0911564155504122,0.018768553736948343,0.04631337591660922,0.032570487055540276,3.6996065418285314e-05,7,77,0.01872341577301389,0.13569856794943028,True,False,False,1.3330594062342124e-07,COMPLETE
769,0.6145533084869385,2025-04-21 21:40:29.447903,2025-04-21 21:40:49.476668,0 days 00:00:20.028765,0.3505156172372565,0.47507324466361167,8,0.07376104627523175,0.03321940961894736,0.08953300819710107,0.02324562589488749,0.04433542881529011,0.034534887696256664,3.504823489982146e-05,7,74,0.011396155541835772,0.14412959666888017,True,False,False,1.0053446744893878e-07,COMPLETE
770,0.2797684073448181,2025-04-21 21:40:49.726108,2025-04-21 21:41:07.294438,0 days 00:00:17.568330,0.3153468900772245,0.4725452044932348,8,0.052461076408362686,0.04000780253538772,0.08753832516713536,0.0210324296161496,0.04932984373313942,0.03135447847370213,3.1393223326804304e-05,7,80,0.016932847117342817,0.12792675699214895,True,True,False,6.536542455932968e-08,COMPLETE
771,0.4306480765342713,2025-04-21 21:41:07.545950,2025-04-21 21:41:27.303792,0 days 00:00:19.757842,0.3561841445929508,0.5061897992824431,8,0.04829958890313464,0.05665090228305805,0.09168343233940772,0.022774324289254255,0.043076053700191234,0.036394129805049476,2.732622244065411e-05,7,70,0.01479900584443013,0.13970364375654562,True,False,False,1.490419206767964e-07,COMPLETE
772,0.43638498783111573,2025-04-21 21:41:27.540093,2025-04-21 21:41:44.586956,0 days 00:00:17.046863,0.31122240603074897,0.5145372226891797,16,0.05726275081001566,0.04967220890469232,0.09129763036018437,0.023980697391536642,0.02996174403927438,0.03398352763451059,4.38701303693656e-05,7,77,0.00836179060200962,0.1431495580042142,True,False,False,1.7276107389387167e-07,COMPLETE
773,0.6345291018486023,2025-04-21 21:41:44.836957,2025-04-21 21:42:04.664025,0 days 00:00:19.827068,0.3405611729378783,0.49915915528017435,8,0.04726639518797001,0.03637940235385151,0.08912092206767162,0.026058854465685326,0.0326070049500658,0.030986991126461947,3.952750160865921e-05,7,72,0.019325040115609392,0.14776187153937995,True,False,False,2.1133166295851608e-07,COMPLETE
774,0.44066359996795657,2025-04-21 21:42:04.903694,2025-04-21 21:42:25.370972,0 days 00:00:20.467278,0.2951039176758451,0.4733475804385571,8,0.04670140368340454,0.02891790201514685,0.08690967476414564,0.021605030877968213,0.03098898885320542,0.028812506284212967,5.141681213650513e-05,8,62,0.019440979985185007,0.15383034200173534,False,False,False,2.140168064675259e-07,COMPLETE
775,0.4052335619926453,2025-04-21 21:42:25.620054,2025-04-21 21:42:45.322667,0 days 00:00:19.702613,0.37388030835433567,0.4948079405124624,8,0.04633959977788596,0.03443519839066229,0.0926191280554628,0.014980225712651481,0.033218932426172514,0.027534597350707787,8.750001402696237e-05,7,69,0.019442402424603142,0.1494155180099241,True,False,False,2.3010659727942323e-07,COMPLETE
776,0.2797684073448181,2025-04-21 21:42:45.572202,2025-04-21 21:43:05.126074,0 days 00:00:19.553872,0.299490904612104,0.4944069892090461,8,0.048952627153805967,0.0003637081908954426,0.09122686163574736,0.019861075312038297,0.03217882135328517,0.030553609583092393,3.500990480883955e-05,7,72,0.017661932467389483,0.13353334888806104,True,False,False,2.793922766521176e-07,COMPLETE
777,0.422626793384552,2025-04-21 21:43:05.361852,2025-04-21 21:43:42.433510,0 days 00:00:37.071658,0.2991709113602133,0.47886255961533447,8,0.043615198835164785,0.046035977980945074,0.0329319183970907,0.02589447775441276,0.047363666466246714,0.03117086032779675,4.1187989331816676e-05,27,79,0.019763514130322516,0.15871122726534165,True,False,False,2.0053152090019924e-07,COMPLETE
778,0.41004149913787846,2025-04-21 21:43:42.684609,2025-04-21 21:44:03.411496,0 days 00:00:20.726887,0.3361548423525852,0.5107505738880016,8,0.054586907727983934,0.057207288587538985,0.08885980804331423,0.023585258766431486,0.0345823163613585,0.03638513751776032,5.884876541255694e-05,8,67,0.01795851585806247,0.14768087401653518,True,False,False,1.609874521821745e-07,COMPLETE
779,0.40102906227111823,2025-04-21 21:44:03.666371,2025-04-21 21:44:24.286761,0 days 00:00:20.620390,0.35161654542674636,0.47210857509836784,8,0.042838168641542884,0.05158681048993144,0.09051619661552321,0.02878783276078855,0.0449171183969462,0.03200607455936318,7.36975750916268e-05,8,76,0.016879056164020242,0.15535092275249143,True,False,False,1.1175310493797255e-07,COMPLETE
780,0.42439625263214115,2025-04-21 21:44:24.525332,2025-04-21 21:44:58.746513,0 days 00:00:34.221181,0.3673878151905259,0.49370935868205357,8,0.051150650869541556,0.015296821787624718,0.09251822131747352,0.025953438152746786,0.027696746530385827,0.028429404221113164,4.030918990650695e-05,24,80,0.020287225965808755,0.15244127043402148,True,False,False,2.9253170902295697e-07,COMPLETE
781,0.5669288635253906,2025-04-21 21:44:58.996915,2025-04-21 21:45:18.868903,0 days 00:00:19.871988,0.3413307365476382,0.5166970924977374,8,0.04250755381444503,0.03464397836799239,0.09246449866710146,0.0011173313354870956,0.032279080356596955,0.035581750419329726,3.1392424132532576e-05,7,72,0.016294650184526718,0.140507114419041,True,False,False,2.2651125057512686e-07,COMPLETE
782,0.4269462943077088,2025-04-21 21:45:19.125132,2025-04-21 21:45:39.770153,0 days 00:00:20.645021,0.3883797158085229,0.5177161062840058,8,0.04930689165294788,0.041094715103161164,0.08720920020337186,0.018600730612413255,0.035364634699699395,0.025652028317638777,4.782467558628288e-05,8,75,0.018482315285539414,0.15871924754657835,True,False,False,1.4902181599333059e-07,COMPLETE
783,0.4336335778236389,2025-04-21 21:45:40.008507,2025-04-21 21:46:13.028860,0 days 00:00:33.020353,0.32540468070186346,0.4961279152942885,8,0.04485238242097902,0.0263172011224163,0.08986029341535928,0.021128293019060714,0.029550727644280024,0.03264675837028551,3.45729858048792e-05,22,78,0.013996787176955103,0.1469534464206365,True,False,False,2.588774416873544e-07,COMPLETE
784,0.44029581546783453,2025-04-21 21:46:13.282595,2025-04-21 21:46:33.244458,0 days 00:00:19.961863,0.3944012353003712,0.5436563662686985,8,0.06365003816380546,0.04608977887885734,0.09282627986847071,0.024106376262098463,0.037397268178427354,0.03650941557960272,2.7384803807332788e-05,7,70,0.02032268856141069,0.158725395587607,True,False,False,8.583931457306956e-08,COMPLETE
785,0.6058225035667419,2025-04-21 21:46:33.499777,2025-04-21 21:47:11.381685,0 days 00:00:37.881908,0.3603515142705644,0.4666819435807641,2,0.05265341215372431,0.056983171742443925,0.09116235030645366,0.026932901728460308,0.043154830869258885,0.037434208815130064,3.885359961812318e-05,8,80,0.016609074473118567,0.1358317033046635,True,False,True,2.0965941980752492e-07,COMPLETE
786,0.6215825080871582,2025-04-21 21:47:11.624489,2025-04-21 21:47:31.242926,0 days 00:00:19.618437,0.3796096555441816,0.5280657612901682,8,0.03994032289007235,0.05151100244947528,0.08886842632037335,0.029319183629635183,0.0334549667322832,0.02205475008717645,2.7415341826150743e-05,7,74,0.019107263637729004,0.15024526513227657,True,False,False,3.111288855274865e-07,COMPLETE
787,0.405293619632721,2025-04-21 21:47:31.495528,2025-04-21 21:47:51.955592,0 days 00:00:20.460064,0.3305832192729814,0.5614538869419032,8,0.038152220589722424,0.06925369038369734,0.08730839713712789,0.0295898170769747,0.0328050958151013,0.029895505175648585,4.6779627878374504e-05,8,66,0.019961308693686845,0.1516809801861778,True,False,False,3.1175980712959347e-07,COMPLETE
788,0.5164699554443359,2025-04-21 21:47:52.199683,2025-04-21 21:48:12.104402,0 days 00:00:19.904719,0.7633727287410326,0.5391665615938573,8,0.04151823912342838,0.0587014174742927,0.089422825289534,0.02942516562788565,0.03375482107472931,0.022762639571967034,3.1142708217488636e-05,7,72,0.018603133679225694,0.1625211209774885,True,False,False,3.479871737339404e-07,COMPLETE
789,0.30706035494804385,2025-04-21 21:48:12.358957,2025-04-21 21:48:30.961610,0 days 00:00:18.602653,0.35205006442371134,0.5626398671295388,8,0.03788074321553302,0.06486521480761456,0.08668044593883702,0.027750757812801462,0.035585655873831765,0.024578150306475924,2.6835633078073525e-05,8,73,0.020480276452102618,0.15466687218961567,True,True,False,2.76058180796602e-07,COMPLETE
790,0.4128222942352295,2025-04-21 21:48:31.219858,2025-04-21 21:48:51.874581,0 days 00:00:20.654723,0.38704893134163115,0.499318254414686,8,0.04326265298831274,0.050945881303882806,0.05822903838276981,0.0290791998534958,0.030173613694575413,0.033859132041276184,3.3340537544104575e-05,8,69,0.018426603328985616,0.15714461347714243,True,False,False,1.7747553177114593e-07,COMPLETE
791,0.5641175150871277,2025-04-21 21:48:52.119639,2025-04-21 21:49:12.010995,0 days 00:00:19.891356,0.7539336858684674,0.5338523564357689,8,0.03675195642558382,0.03665603634592894,0.08842650277798077,0.026551918013515922,0.0371677740340144,0.027279987624602008,4.0089355083288505e-05,7,81,0.02057569230011768,0.14807515522232517,True,False,False,1.3588430001001715e-07,COMPLETE
792,0.4225484371185303,2025-04-21 21:49:12.267747,2025-04-21 21:49:33.099322,0 days 00:00:20.831575,0.2679486622000986,0.5212473038127792,8,0.0551802437255788,0.08127050442605438,0.0934860397125414,0.016826015677229827,0.03213491994234119,0.031584640572921936,2.8181394422477416e-05,8,75,0.016429898704671857,0.163591361392944,True,False,False,3.612925655641057e-07,COMPLETE
793,0.4488933086395264,2025-04-21 21:49:33.357262,2025-04-21 21:49:49.827539,0 days 00:00:16.470277,0.7818541148148194,0.548941092951427,16,0.04404257683146106,0.05195756328932861,0.08939343121238863,0.029720238118688444,0.0254536703101434,0.037408914100829034,2.568769779818604e-05,7,78,0.021024608213841826,0.15181241394068584,False,False,False,2.5201185936260386e-07,COMPLETE
794,0.5710698008537293,2025-04-21 21:49:50.071492,2025-04-21 21:50:09.887134,0 days 00:00:19.815642,0.21159100795111963,0.48706950214948674,8,0.03622571118007701,0.04325543088065506,0.09337009535886319,0.02560169017263273,0.034885085038765536,0.03476681886325567,3.451150973338252e-05,7,72,0.01809494636181725,0.14001470995891163,True,False,False,1.792291525293968e-07,COMPLETE
795,0.5988959550857544,2025-04-21 21:50:10.145669,2025-04-21 21:50:30.904395,0 days 00:00:20.758726,0.3139318542418599,0.5076174665465145,8,0.04738088243810925,0.060999848979763474,0.09096843842667603,0.027843979098047884,0.03870653180986659,0.018327513246027223,2.2562084736161083e-05,8,77,0.01842998850470645,0.15998226083072928,True,False,False,3.1304696429835366e-07,COMPLETE
