number,value,datetime_start,datetime_complete,duration,params_alpha-eval,params_alpha-train,params_batch-size,params_eps-eval,params_eps-train,params_lambda-actions-eval,params_lambda-actions-train,params_lambda-frames-eval,params_lambda-frames-train,params_learning-rate,params_n-epochs,params_n-frames,params_radius-gw,params_rho,params_std-feats,params_ub-actions,params_ub-frames,params_weight-decay,state
170,0.5497507452964783,2025-04-01 01:38:32.642573,2025-04-01 01:39:04.457486,0 days 00:00:31.814913,0.28222363740837286,0.4791622542107381,16,0.21587824300204972,0.18806400714897134,0.008805719619980914,0.055020488130085574,0.09150239339823117,0.062409335584982,0.00016013504242043402,28,145,0.008851097449177472,0.2861668133894231,True,False,False,0.0002166408751258167,COMPLETE
171,0.5868623852729797,2025-04-01 01:39:04.514975,2025-04-01 01:39:34.661990,0 days 00:00:30.147015,0.30938516504731006,0.5389876746473021,16,0.23128865737043475,0.2101081880442384,0.015401212471875937,0.06603926892187516,0.09727937098130035,0.06017334728511774,6.690843220169657e-05,27,129,0.023219921474846007,0.2926197689913417,True,False,False,5.004227207707787e-05,COMPLETE
172,0.5879963278770447,2025-04-01 01:39:34.728365,2025-04-01 01:40:04.934336,0 days 00:00:30.205971,0.3138791131207256,0.46182245871266375,16,0.23667159330616364,0.20319278216616238,0.015142702873414876,0.0683850222668085,0.09770491088454858,0.060412318202449536,6.714965441280498e-05,27,129,0.021891348960719682,0.2989662120913708,True,False,False,5.0217043165396764e-05,COMPLETE
173,0.5660017967224121,2025-04-01 01:40:04.991654,2025-04-01 01:40:34.662135,0 days 00:00:29.670481,0.29916560833128747,0.5300945700465747,16,0.23365690993529212,0.1990993896535669,0.010734907788918498,0.06665460810591475,0.09523233744417962,0.07153564555620363,6.400104192729333e-05,26,130,0.02125847167660815,0.29470059954589223,True,False,False,3.4813488274879364e-05,COMPLETE
174,0.5674871683120728,2025-04-01 01:40:34.719676,2025-04-01 01:41:05.639667,0 days 00:00:30.919991,0.34792695748785035,0.4498172330836615,16,0.24121009648469027,0.20408309300185765,0.01419794018859005,0.07059270692037317,0.0897032269094891,0.05990648709665647,3.0678604035166943e-05,28,133,0.02287815074683886,0.293645310237522,True,False,False,4.703678138881835e-05,COMPLETE
175,0.5668398261070252,2025-04-01 01:41:05.697145,2025-04-01 01:41:35.386536,0 days 00:00:29.689391,0.3147803044985894,0.38728675347691605,16,0.22274040628282166,0.21049781618578803,0.015266372607107545,0.06705068763176462,0.09415241287805137,0.06356142260289527,3.80514970660283e-05,27,122,0.024832165138807264,0.2996213880407969,True,False,False,5.5787105893124665e-05,COMPLETE
176,0.5781881570816041,2025-04-01 01:41:35.445966,2025-04-01 01:42:03.954128,0 days 00:00:28.508162,0.2635734829729601,0.46079012413483955,16,0.23269215261636866,0.1929388810616164,0.004311164123071584,0.06897159082167112,0.09746139350138663,0.06579526832126463,5.340443035145871e-05,24,129,0.016968965160577526,0.2999262931787579,True,False,False,0.00015008989409431327,COMPLETE
177,0.5684847235679626,2025-04-01 01:42:04.012748,2025-04-01 01:42:34.307094,0 days 00:00:30.294346,0.3341590573257266,0.5046818057917196,16,0.2591934184794029,0.2069969131614266,0.012251203371178195,0.06455535021078522,0.09215941694672092,0.06980007602390832,7.044744965261848e-05,26,139,0.02005258080921198,0.2918684650609608,True,False,False,0.00011888813998306093,COMPLETE
178,0.44894275665283206,2025-04-01 01:42:34.365557,2025-04-01 01:43:00.476671,0 days 00:00:26.111114,0.3547999880954723,0.4267126467112085,16,0.24722970687288887,0.17582549000650377,0.016214973412070417,0.0624756153377849,0.09606194583088377,0.06331765889708597,0.00012971264083221028,28,135,0.026292669342621155,0.015657547802298555,False,False,False,1.3981752493600397e-07,COMPLETE
179,0.4364470839500427,2025-04-01 01:43:00.536094,2025-04-01 01:43:35.018274,0 days 00:00:34.482180,0.3146462327067598,0.3657875003501139,8,0.22880013669082855,0.19985127252621407,0.008397803581698487,0.06810382525754473,0.09845586233854184,0.057918501305775576,7.308579900413164e-05,25,47,0.013633283369996814,0.2838308732391654,True,False,False,9.500080181635411e-05,COMPLETE
180,0.580304741859436,2025-04-01 01:43:35.078163,2025-04-01 01:44:05.192148,0 days 00:00:30.113985,0.2832404094698719,0.4630848770286882,16,0.21179385487853775,0.18826725242564213,0.010690732990838187,0.07225113837371051,0.09355810493365442,0.06068318654027995,4.799361082860546e-05,27,129,0.02262487014435038,0.27466303772093315,True,False,False,4.4703796299009637e-05,COMPLETE
181,0.58022700548172,2025-04-01 01:44:05.262067,2025-04-01 01:44:35.235495,0 days 00:00:29.973428,0.3746596664976612,0.48796685772669207,16,0.22798231104961883,0.20902320297486301,0.013974575820001505,0.057915990719369925,0.0977884233856232,0.05837595099013882,0.00010449240382226386,27,125,0.02521038471048441,0.2878331202435352,True,False,False,6.394505867905792e-05,COMPLETE
182,0.5635218143463135,2025-04-01 01:44:35.295788,2025-04-01 01:45:04.728471,0 days 00:00:29.432683,0.38935106536325054,0.48113763827557726,16,0.2153359836924847,0.22673212363868805,0.016908131911346845,0.06471399481905653,0.09632382526517566,0.06147075546841565,8.234983578650975e-05,26,124,0.03012907132847644,0.28864568104666505,True,False,False,3.7569911496695707e-05,COMPLETE
183,0.589300560951233,2025-04-01 01:45:04.790242,2025-04-01 01:45:35.097952,0 days 00:00:30.307710,0.33648350226858775,0.5091434319263967,16,0.23602950058177039,0.1987284580954766,0.012792336134959384,0.05996847835025984,0.09807113448480745,0.06864891015342578,6.31491312327408e-05,27,131,0.018497356559997555,0.29470051328602814,True,False,False,8.602460008147927e-05,COMPLETE
184,0.4083465099334717,2025-04-01 01:45:35.158444,2025-04-01 01:46:05.383889,0 days 00:00:30.225445,0.34282667272109346,0.5375495630827338,16,0.23862690617101398,0.2010734479567469,0.01228054544695557,0.059392482119232176,0.09479312834724844,0.06790749920513622,5.938130609716182e-05,27,131,0.015049594578377165,0.2953690259924323,True,False,False,9.098540695437666e-05,COMPLETE
185,0.5715517640113831,2025-04-01 01:46:05.444829,2025-04-01 01:46:37.026955,0 days 00:00:31.582126,0.3077309301261335,0.5156280151847662,16,0.2184128452376976,0.1955060940722197,0.015076920157558304,0.06099806654952561,0.0896395499814376,0.06539682850431101,4.192217243327823e-05,28,134,0.01823773445396825,0.2995560377601218,True,False,False,2.2488229306023223e-08,COMPLETE
186,0.5292003273963928,2025-04-01 01:46:37.087829,2025-04-01 01:47:03.139607,0 days 00:00:26.051778,0.22180796964133248,0.4261809652130229,16,0.2270646777728392,0.1845467156704044,0.013472092973048756,0.06623596435015905,0.09811104788046733,0.0747677434044473,0.00012339790566029488,26,72,0.02094865102228436,0.07396802614233919,True,False,False,0.00018863374514174478,COMPLETE
187,0.3023536384105682,2025-04-01 01:47:03.203376,2025-04-01 01:47:30.821890,0 days 00:00:27.618514,0.36245499116195173,0.515709108516922,16,0.25077368505864334,0.21118666463750085,0.007832646502970417,0.06305891229569235,0.09268962166109508,0.071149303656035,0.000195448191818954,28,128,0.0176162137257408,0.292661146383701,True,True,False,5.402930013013352e-05,COMPLETE
188,0.40860687494277953,2025-04-01 01:47:30.883641,2025-04-01 01:49:16.237574,0 days 00:01:45.353933,0.33148850379775135,0.5011357921037153,2,0.20919645282693694,0.2033845848591228,0.01111361350132278,0.05613747867841741,0.09587041777147978,0.05310821894357764,6.621020320433478e-05,27,137,0.02332058413328695,0.2816974364312531,True,False,False,0.00013710616503305204,COMPLETE
189,0.5609737515449524,2025-04-01 01:49:16.299134,2025-04-01 01:49:47.648103,0 days 00:00:31.348969,0.4106745563689401,0.4618301679868496,16,0.24556419500459392,0.19364739159018754,0.015379252153461852,0.06054402105424037,0.09997193561326971,0.06777759737087358,0.00014895506694229593,28,132,0.020945070649552044,0.299834154442722,True,False,False,8.139436073323723e-05,COMPLETE
190,0.5544394493103028,2025-04-01 01:49:47.719657,2025-04-01 01:50:08.973938,0 days 00:00:21.254281,0.328955068937018,0.5331521614635475,16,0.2339408665839144,0.20793966186856858,0.0175826020577485,0.06932266347206553,0.09106033447074274,0.06386812401413886,0.00010400908350878353,13,121,0.025743027451493775,0.2850379042143039,True,False,False,0.00011295000725878756,COMPLETE
191,0.5894332647323609,2025-04-01 01:50:09.037078,2025-04-01 01:50:39.224110,0 days 00:00:30.187032,0.37067205309503437,0.49220026040804454,16,0.21799491125325293,0.22116874597097622,0.02234474957496784,0.05484097352130928,0.09753248898792771,0.060395959848026974,7.874334177482325e-05,27,126,0.03202589948418689,0.29206632628967083,True,False,False,6.613883905370382e-05,COMPLETE
192,0.5688457608222961,2025-04-01 01:50:39.287805,2025-04-01 01:51:08.765247,0 days 00:00:29.477442,0.38342024662481805,0.49550459554899856,16,0.2232117304920621,0.2243863058386147,0.02441917004600514,0.05450936299156716,0.09775970266922909,0.05842253301580182,7.77250695850331e-05,26,129,0.023186271420716126,0.29462288206677284,True,False,False,6.0394089590957094e-05,COMPLETE
193,0.5865322947502136,2025-04-01 01:51:08.828453,2025-04-01 01:51:38.686959,0 days 00:00:29.858506,0.30325240526055314,0.4721450305926527,16,0.2185201821423391,0.20218963461903275,0.022311131650939217,0.057367209871796124,0.09496944161400343,0.06073913190132413,5.346750738202966e-05,27,124,0.018911594468465937,0.2895987106791414,True,False,False,7.856510454160252e-05,COMPLETE
194,0.5868741631507874,2025-04-01 01:51:38.751551,2025-04-01 01:52:08.492708,0 days 00:00:29.741157,0.30219545730307285,0.44228655710142706,16,0.21575477784863295,0.21302006792534478,0.02100964215710355,0.05877334900225128,0.09418190749380201,0.06051058671960487,5.4927750595359634e-05,27,125,0.018862576485176603,0.2890736591065544,True,False,False,3.4598612809797125e-05,COMPLETE
195,0.410781216621399,2025-04-01 01:52:08.558090,2025-04-01 01:52:38.417173,0 days 00:00:29.859083,0.29520476058164347,0.4377893451630164,16,0.21890367159420754,0.2123716846279144,0.02197845206447887,0.057743411815940726,0.09373059144894291,0.059535886274070506,5.607816872307519e-05,27,124,0.015477378371893596,0.28936140535359717,True,False,False,3.504484470078471e-05,COMPLETE
196,0.5730605125427246,2025-04-01 01:52:38.481670,2025-04-01 01:53:07.461860,0 days 00:00:28.980190,0.26749699514535585,0.399576576284963,16,0.20211278565307397,0.19937419067123474,0.02064004871268476,0.05969904364736071,0.09575272032087696,0.06049814771027555,4.973667018852205e-05,26,120,0.01849329807324883,0.27618128493750743,True,False,False,4.743995487636106e-05,COMPLETE
197,0.5740333318710327,2025-04-01 01:53:07.527359,2025-04-01 01:53:37.303943,0 days 00:00:29.776584,0.314548622403201,0.45674421423601713,16,0.2106314636939227,0.20617687548046512,0.023607038007968456,0.06361181649505825,0.09443291365455937,0.06277596563744371,3.5674357074648533e-05,27,125,0.020497925016939245,0.2836457338532233,True,False,False,7.874269283436923e-05,COMPLETE
198,0.568279504776001,2025-04-01 01:53:37.378668,2025-04-01 01:54:06.698083,0 days 00:00:29.319415,0.3023948275828199,0.469940809304365,16,0.23011224659386834,0.21488875692103407,0.02568718042429536,0.056783067095628414,0.09712854486436286,0.06602301352640239,6.251318678248037e-05,26,128,0.01853070114665254,0.29018484657756,True,False,False,5.718481269518663e-05,COMPLETE
199,0.5731267094612121,2025-04-01 01:54:06.763388,2025-04-01 01:54:37.293395,0 days 00:00:30.530007,0.3448590947762577,0.4230614311192127,16,0.23676681641663502,0.19074266930582742,0.022974287460392345,0.0664869365113075,0.0959518816316566,0.06270183143660564,4.4352548636221264e-05,28,123,0.01687951930860233,0.29280427032716155,True,False,False,3.9940467353150585e-05,COMPLETE
200,0.5831591486930847,2025-04-01 01:54:37.359992,2025-04-01 01:55:06.064536,0 days 00:00:28.704544,0.2820151073331802,0.8973721629782125,16,0.21892755352251364,0.19656404870295682,0.021615425370270835,0.061519915127631775,0.09253445947856788,0.07399631211490985,7.652637266514154e-05,25,126,0.022234268675234745,0.28181445502551794,True,False,False,3.19208140708905e-05,COMPLETE
201,0.5845319986343385,2025-04-01 01:55:06.130527,2025-04-01 01:55:35.104169,0 days 00:00:28.973642,0.25003777160027135,0.9015968216243113,16,0.2251572126313695,0.1970450628041803,0.028124756521210853,0.06206073805725715,0.09318030101285225,0.07343022204961064,8.175355533950394e-05,25,126,0.02247874752767091,0.2812880811699353,True,False,False,3.035256601774662e-05,COMPLETE
202,0.5795185923576356,2025-04-01 01:55:35.171860,2025-04-01 01:56:02.914708,0 days 00:00:27.742848,0.323771817926312,0.8755185781652908,16,0.22526487574243145,0.20462605712420606,0.028118337704864386,0.05941376293612629,0.08874035668301539,0.06954249950814519,8.476688110463903e-05,24,120,0.01990629451310332,0.2872066576663615,True,False,False,2.509529754725278e-05,COMPLETE
203,0.5861022353172303,2025-04-01 01:56:02.981606,2025-04-01 01:56:33.043397,0 days 00:00:30.061791,0.2466058756349915,0.28477127782149525,16,0.21359485281806115,0.21094709787809873,0.01616606162819205,0.05525705535617104,0.0945705853198406,0.0646269454170841,5.9306025801908344e-05,27,128,0.024182542203921784,0.27634348067057957,True,False,False,6.965811798624038e-05,COMPLETE
204,0.5630656480789185,2025-04-01 01:56:33.111332,2025-04-01 01:57:00.581124,0 days 00:00:27.469792,0.19761972884814097,0.2553181904572711,16,0.21521677619874105,0.21085099339896404,0.012842651166025995,0.05557443659765291,0.09393935266421256,0.06520284506679927,5.634308652275762e-05,23,128,0.02481000950786734,0.269907718782655,True,False,False,2.099276900443099e-05,COMPLETE
205,0.5795858025550842,2025-04-01 01:57:00.657472,2025-04-01 01:57:31.160944,0 days 00:00:30.503472,0.2499737392295972,0.9135101216641797,16,0.20827805364999563,0.2192587979340954,0.020365598343869307,0.0646290057229497,0.09142698457972918,0.06735566744414985,7.116401386683563e-05,28,123,0.026671330090000982,0.2766767213308887,True,False,False,6.462195933073138e-05,COMPLETE
206,0.4384416937828064,2025-04-01 01:57:31.228356,2025-04-01 01:57:58.293864,0 days 00:00:27.065508,0.24110297460950184,0.18471916397667593,16,0.22396229583247132,0.21459131337757348,0.027017803325977547,0.0622974284860037,0.09566302614320012,0.07823797307184806,2.846117135980958e-05,27,126,0.023490164632376194,0.2814044652531377,True,False,True,4.42200035352228e-05,COMPLETE
207,0.5584960818290711,2025-04-01 01:57:58.361433,2025-04-01 01:58:28.023801,0 days 00:00:29.662368,0.30214310361452695,0.13641636231676257,16,0.2176708397284854,0.19024883605005574,0.010218132652623457,0.05809881215680998,0.09764577131959135,0.08732289153469663,6.023778686768239e-05,26,133,0.021723220132786974,0.26976316142390744,True,False,False,7.9283809322247e-05,COMPLETE
208,0.5657437682151795,2025-04-01 01:58:28.092001,2025-04-01 01:58:56.474545,0 days 00:00:28.382544,0.6637293378943832,0.20428859244618078,16,0.20253634386310862,0.2088679509326164,0.015301673475467924,0.05502781563165127,0.09375647015970953,0.061232024375370495,4.654593251583331e-05,25,118,0.031667865955634436,0.27671114319086454,True,False,False,3.087882788167921e-05,COMPLETE
209,0.5883433103561402,2025-04-01 01:58:56.543332,2025-04-01 01:59:26.560268,0 days 00:00:30.016936,0.27455186115021646,0.29029349391996256,16,0.23016175150357576,0.22319980188315874,0.018935966254037217,0.061566387565269366,0.08853237163893653,0.057558686869393534,7.028450385293205e-05,27,128,0.02732320031653851,0.2909257473534919,True,False,False,5.4185761287355594e-05,COMPLETE
210,0.44723601341247565,2025-04-01 01:59:26.632641,2025-04-01 01:59:52.042004,0 days 00:00:25.409363,0.26582464184935406,0.3043783969984505,16,0.24030766035326018,0.22110858887752363,0.017799698136604244,0.06806718988935359,0.08833228167961173,0.057941477535554724,4.041765632830029e-05,27,130,0.02777480534642686,0.05090937224918997,False,False,False,5.500900595653428e-05,COMPLETE
211,0.5674549579620362,2025-04-01 01:59:52.110740,2025-04-01 02:00:21.936501,0 days 00:00:29.825761,0.21541235905068462,0.046420027861171,16,0.22921863979219043,0.1996136452103195,0.019079032319128792,0.06096949695967756,0.09103495033931258,0.06390741629728233,6.769680684340744e-05,27,127,0.025070469796557558,0.2913708218114492,True,False,False,6.906640600277863e-05,COMPLETE
212,0.5701258182525635,2025-04-01 02:00:22.006479,2025-04-01 02:00:51.157365,0 days 00:00:29.150886,0.2816011456488471,0.27602013456336416,16,0.23641114123917245,0.2126224709076566,0.01456750410827265,0.06329874794072027,0.09526118129740734,0.06089575487673991,5.404689704650113e-05,26,124,0.019578970050856962,0.28532298275694407,True,False,False,4.858626820343966e-05,COMPLETE
213,0.4345354318618775,2025-04-01 02:00:51.235481,2025-04-01 02:01:15.878432,0 days 00:00:24.642951,0.2675231024052379,0.30358078090180707,16,0.2125944781749356,0.22403643792752267,0.021439088432676036,0.05867458587655284,0.08699255669390771,0.07252898230041331,8.542293247115783e-05,27,24,0.022639959013787684,0.2930578299915509,True,False,False,3.679966472806285e-05,COMPLETE
214,0.5740108728408814,2025-04-01 02:01:15.948859,2025-04-01 02:01:46.902120,0 days 00:00:30.953261,0.3354971853602398,0.25035769264044316,16,0.225566504674248,0.1959542721463599,0.01224510011644698,0.056954159619014025,0.0933436310544263,0.05701114627736661,6.922349861160252e-05,28,129,0.024342026492419587,0.2881581501604363,True,False,False,0.00012502650544833591,COMPLETE
215,0.5672613859176636,2025-04-01 02:01:46.972828,2025-04-01 02:02:16.784875,0 days 00:00:29.812047,0.29263440139119157,0.9584080305319918,16,0.21969517733291258,0.20528505714765227,0.01603608535010811,0.07111417605758726,0.09809265429119808,0.06985905297006642,9.247334787087896e-05,26,133,0.026606378097024482,0.29313833789285115,True,False,False,8.208394836044162e-05,COMPLETE
216,0.5776639342308044,2025-04-01 02:02:16.856065,2025-04-01 02:02:46.305266,0 days 00:00:29.449201,0.6149171011463005,0.2282783788224338,16,0.22961095944951604,0.18203907292663982,0.035620262368371756,0.0659209494637544,0.08974477081821323,0.064137850305517,5.1333170568944614e-05,27,121,0.02115618331043825,0.28111103504452334,True,False,False,6.362282037168513e-05,COMPLETE
217,0.5762669920921326,2025-04-01 02:02:46.376196,2025-04-01 02:03:17.070543,0 days 00:00:30.694347,0.3547459002008279,0.9326576758783538,16,0.20616695418666825,0.21694347758188695,0.0402816696906834,0.06126519375858079,0.09591785627130552,0.06628007349087074,6.236804155117993e-05,28,127,0.02719815070917016,0.2861905374982151,True,False,False,2.763830943198264e-05,COMPLETE
218,0.5299729108810425,2025-04-01 02:03:17.141630,2025-04-01 02:03:35.587796,0 days 00:00:18.446166,0.3181532508391341,0.49854921714523887,8,0.1969725561257943,0.23177043547127535,0.024400845987026132,0.05427248924515646,0.09230733819366331,0.06297748268120827,7.976810620807779e-05,5,131,0.02371527884545919,0.2942670624244581,True,False,False,4.278150544047108e-05,COMPLETE
219,0.31867699027061464,2025-04-01 02:03:35.659247,2025-04-01 02:04:02.420569,0 days 00:00:26.761322,0.248627614460488,0.4439170507605212,16,0.23475512564749232,0.2808611345191192,0.01833416402515539,0.06459904958812046,0.09795519065560918,0.06863048238949242,3.6720339938610905e-05,26,135,0.02937854900362487,0.27365528621768254,True,True,False,0.00015266498647472518,COMPLETE
220,0.5846206665039063,2025-04-01 02:04:02.502530,2025-04-01 02:04:31.285888,0 days 00:00:28.783358,0.2262351808304682,0.9063810698050214,16,0.22337266425821478,0.20753920872773807,0.029742731350885454,0.05902147851280691,0.09469608626525465,0.06036208636155618,7.583400494756122e-05,25,124,0.019765065329269988,0.29954023986368783,True,False,False,5.314007842069616e-05,COMPLETE
221,0.5885501027107238,2025-04-01 02:04:31.357945,2025-04-01 02:05:01.031975,0 days 00:00:29.674030,0.1829746128745931,0.9065881627701937,16,0.223309994142058,0.20617906260985822,0.03689359448168598,0.05841154968433324,0.09512576645176749,0.05942352195251642,7.177188027607809e-05,27,124,0.01944357189013757,0.29902480295872935,True,False,False,5.318520053775882e-05,COMPLETE
222,0.5898046970367432,2025-04-01 02:05:01.104669,2025-04-01 02:05:30.878440,0 days 00:00:29.773771,0.1460312224623418,0.9438534831400973,16,0.21691583995822677,0.20900900877287903,0.03087302784158792,0.05937769160537088,0.0965042340235949,0.06004965841737746,6.363609796329923e-05,27,123,0.01902528583133422,0.2997864842341066,True,False,False,5.301897179500031e-05,COMPLETE
223,0.40035221576690677,2025-04-01 02:05:30.950588,2025-04-01 02:06:00.728997,0 days 00:00:29.778409,0.18044583234915415,0.9819733485404749,16,0.21441189845127592,0.21362642376106694,0.036074776650626146,0.05793193631404278,0.0968019455383459,0.05784807467139231,5.6254341231844065e-05,27,123,0.01553834081633279,0.2927411647822996,True,False,False,9.92205068075502e-05,COMPLETE
224,0.5807233691215515,2025-04-01 02:06:00.803451,2025-04-01 02:06:30.767465,0 days 00:00:29.964014,0.1228813447223911,0.9385916278414004,16,0.21091502707263357,0.2029005745699715,0.038451760836486826,0.05627992470522328,0.0965454317800031,0.05435480192646673,4.937619914779118e-05,27,129,0.017943753582623987,0.29951809102309335,True,False,False,7.278685788009054e-05,COMPLETE
225,0.5748231410980225,2025-04-01 02:06:30.842000,2025-04-01 02:07:00.977887,0 days 00:00:30.135887,0.1271125356715813,0.330363028558753,16,0.2183034024180437,0.22032071911357454,0.03235397927129011,0.05398810375061484,0.09852585060347292,0.062011542023875134,6.425111969012481e-05,28,120,0.020715780159725125,0.29986490690761386,True,False,False,5.9163504389976837e-05,COMPLETE
226,0.5819035172462463,2025-04-01 02:07:01.051708,2025-04-01 02:07:31.368285,0 days 00:00:30.316577,0.3363970136846264,0.475221151693702,16,0.23094624240531464,0.20870115830736907,0.036794047439689045,0.060386382331294924,0.09485566430617574,0.05947833820192222,9.434396306548458e-05,27,131,0.0184970707107163,0.2894880319157469,True,False,False,8.391232122433955e-05,COMPLETE
