number,value,datetime_start,datetime_complete,duration,params_alpha-eval,params_alpha-train,params_batch-size,params_eps-eval,params_eps-train,params_lambda-actions-eval,params_lambda-actions-train,params_lambda-frames-eval,params_lambda-frames-train,params_learning-rate,params_n-epochs,params_n-frames,params_radius-gw,params_rho,params_std-feats,params_ub-actions,params_ub-frames,params_weight-decay,state
451,0.6100037097930908,2025-04-01 04:12:56.108928,2025-04-01 04:13:16.661335,0 days 00:00:20.552407,0.063069883514108,0.9546289948107742,16,0.23348825409154667,0.26253787296741876,0.02478506436643465,0.022031397363608273,0.0564567110636868,0.0563671473573523,0.00013536045498015737,11,140,0.07530713890540279,0.23420212608050658,True,False,False,0.0007296989423061344,COMPLETE
452,0.4341927170753479,2025-04-01 04:13:16.809380,2025-04-01 04:13:36.126292,0 days 00:00:19.316912,0.028911926097633774,0.9313065709313049,16,0.2410942072867712,0.27202090145584523,0.023216386310670398,0.028347293133551978,0.06414428334420519,0.050599776345692335,0.00011707734454472834,13,61,0.07842033316255362,0.2403273016655342,True,False,False,0.000685459787400728,COMPLETE
453,0.40592868328094484,2025-04-01 04:13:36.273008,2025-04-01 04:13:57.074988,0 days 00:00:20.801980,0.049413687520314394,0.9096841551373082,16,0.2558673718729325,0.2540315210913264,0.028364521127022195,0.012424523034085713,0.07060437628251982,0.053972866653125624,0.00020128776849560304,12,130,0.0454999864231581,0.21338127305904345,True,False,False,0.0009991642443972614,COMPLETE
454,0.5771462202072144,2025-04-01 04:13:57.230638,2025-04-01 04:14:18.027947,0 days 00:00:20.797309,0.02699660830710587,0.8897053747879099,16,0.0680294141345348,0.1170996057626168,0.025932827556045958,0.019519635949932897,0.06087922779238786,0.04848057078215154,0.00016101766937202762,11,136,0.0811619060335152,0.23368274200752612,True,False,False,0.0007687616623617071,COMPLETE
455,0.42704601287841804,2025-04-01 04:14:18.175511,2025-04-01 04:14:35.867447,0 days 00:00:17.691936,0.010612259320767713,0.8382298551195944,16,0.09637501182798601,0.23570744347596911,0.018494084038391354,0.024984350726105862,0.050309710029932196,0.05146871898365028,9.09612471623904e-05,10,133,0.07412869536094559,0.22436711181198832,False,False,False,0.0005833233024616679,COMPLETE
456,0.4095243573188782,2025-04-01 04:14:36.014019,2025-04-01 04:14:57.394173,0 days 00:00:21.380154,0.07875729083152094,0.9288942133436818,16,0.24657768457614931,0.26030740299234045,0.021572298054133132,0.009867953360997429,0.06791895524409655,0.054393043173446204,0.00011524143351800284,12,146,0.07683030590650197,0.24557888754969617,True,False,False,0.00079566262306398,COMPLETE
457,0.2805764973163605,2025-04-01 04:14:57.552768,2025-04-01 04:15:16.044419,0 days 00:00:18.491651,0.04333095439718716,0.9570135628222626,16,0.237651806196929,0.24553097714317645,0.02370844810846588,0.02257202180365246,0.0722239889293717,0.04653453400837206,0.00014405074545690652,11,138,0.07221892739074301,0.23097517155452008,True,True,False,0.0004982194404078359,COMPLETE
458,0.6158705115318299,2025-04-01 04:15:16.191794,2025-04-01 04:15:34.829843,0 days 00:00:18.638049,0.010765089066841448,0.9102452532896906,16,0.08304290922259884,0.0646303123781179,0.027024667358141217,0.01693589250727613,0.06284778289937155,0.049226386205748165,0.0001062282159527371,8,142,0.08368430875334858,0.24061249736757512,True,False,False,0.0006423806487252144,COMPLETE
459,0.5276980638504029,2025-04-01 04:15:34.976372,2025-04-01 04:15:56.611783,0 days 00:00:21.635411,0.05808061291396667,0.9417583857756271,16,0.241836107731858,0.2687604923924026,0.02012627833245331,0.01916795824591226,0.05793592430909967,0.05266101245554988,0.00021244179533397143,13,134,0.079622590434191,0.21873777226659216,True,False,False,0.0008363738571731153,COMPLETE
460,0.6211992740631104,2025-04-01 04:15:56.773082,2025-04-01 04:16:17.956050,0 days 00:00:21.182968,0.029015578412690632,0.9585105541176178,16,0.12615530540971745,0.2390372023937194,0.029047908464273003,0.0247396377420764,0.06564164656574516,0.05570366057894796,0.00013370699005099335,12,137,0.07583996220836518,0.2294807452541483,True,False,False,0.0004751920732676968,COMPLETE
461,0.5870197534561157,2025-04-01 04:16:18.105316,2025-04-01 04:16:39.068981,0 days 00:00:20.963665,0.02423771258616089,0.7774223640046609,16,0.1273732628542148,0.24019664700107307,0.02909926531029678,0.02638034433307625,0.06508520616351607,0.07977733258216416,0.00012322230842596818,12,136,0.07664154592094966,0.20766841882705622,True,False,False,0.0009955451533003544,COMPLETE
462,0.6254427313804627,2025-04-01 04:16:39.217373,2025-04-01 04:17:00.223307,0 days 00:00:21.005934,0.03227021280659447,0.9211271578140631,16,0.07520251762483164,0.23865743910517054,0.02520540058839997,0.023439233883829607,0.06884161501723414,0.05692551536447149,0.00017703057363523345,12,133,0.0779121323336925,0.22761807566932207,True,False,False,0.00047115915315471435,COMPLETE
463,0.6117055058479309,2025-04-01 04:17:00.383328,2025-04-01 04:17:20.894393,0 days 00:00:20.511065,0.03390557015184298,0.8885627210638954,16,0.0783054540821558,0.23594319858350216,0.026901467320254675,0.025825261192207204,0.06848110209658166,0.056580669695499915,0.0001814467811560613,12,130,0.08079795736409102,0.2272314642589771,True,False,False,1.2538225706447797e-08,COMPLETE
464,0.3534501075744629,2025-04-01 04:17:21.047986,2025-04-01 04:17:45.091795,0 days 00:00:24.043809,0.07340483743405445,0.8570295788541432,8,0.07227737197269539,0.23110225263927542,0.025006291401245877,0.023608786572930144,0.0663609326357282,0.05679958917940148,0.00022503834249617725,11,138,0.07858218235113684,0.21880673342256368,True,False,False,0.0004826639823997822,COMPLETE
465,0.6258103370666505,2025-04-01 04:17:45.256413,2025-04-01 04:18:06.225681,0 days 00:00:20.969268,0.04514965875306066,0.9182246884624716,16,0.09018143192293418,0.2409413598072538,0.028039781782969418,0.02133322742734556,0.070668492207959,0.05509120034898468,0.00017850351176427437,12,133,0.07739221454251337,0.2366147588943593,True,False,False,0.0006149252005224423,COMPLETE
466,0.5945091962814331,2025-04-01 04:18:06.377842,2025-04-01 04:18:27.649442,0 days 00:00:21.271600,0.06036736596555861,0.8739180383623689,16,0.08868271969356663,0.2434840947772475,0.024901971233987828,0.021713022278291527,0.07051587496528808,0.05461407593918992,0.00017697702485895412,13,129,0.08175693165215331,0.2361756125566281,True,False,False,0.0006152719440505053,COMPLETE
467,0.6049737215042115,2025-04-01 04:18:27.801017,2025-04-01 04:18:48.031154,0 days 00:00:20.230137,0.010519905606579588,0.9007737935141484,16,0.08950801941193295,0.23166499887205147,0.027202108785039134,0.020986332573372703,0.07314127552842235,0.08476756967349618,0.0002068488445518834,11,133,0.07807878068905356,0.2364290007049455,True,False,False,0.000758365887969424,COMPLETE
468,0.6030739545822144,2025-04-01 04:18:48.194480,2025-04-01 04:19:08.959667,0 days 00:00:20.765187,0.9466829941077999,0.9150985362852233,16,0.08209951327743287,0.24854472567098113,0.023321460947268804,0.018847760540826326,0.06954441947271059,0.057090658058753796,0.0001627351921252383,12,130,0.07958543585130691,0.2232244351873706,True,False,False,0.0006228514310119518,COMPLETE
469,0.4337135434150696,2025-04-01 04:19:09.109737,2025-04-01 04:19:27.514898,0 days 00:00:18.405161,0.04538921339033673,0.9218992767356032,16,0.0758015942323946,0.2427252440343348,0.026532175827451265,0.013954770163657947,0.06780138911288998,0.05419806572237717,0.0002341302923369941,13,39,0.07743514438835365,0.2301887656825644,True,False,False,0.0008209394936930637,COMPLETE
470,0.44193806648254397,2025-04-01 04:19:27.667037,2025-04-01 04:19:46.251886,0 days 00:00:18.584849,0.07489471542097995,0.8903417185034342,16,0.10364182871611499,0.2510689006149716,0.02247339948663246,0.022989858373902612,0.06953793875459197,0.053713952228353706,0.00016063470571919559,11,134,0.07512850054167375,0.24366199365641314,True,False,True,7.152906805306226e-08,COMPLETE
471,0.6219711303710938,2025-04-01 04:19:46.415947,2025-04-01 04:20:06.940566,0 days 00:00:20.524619,0.010035528209513917,0.9042514209812615,16,0.06375452158248365,0.24037293434440896,0.02492923704924583,0.020557103514769824,0.07203804587230105,0.055353611481068814,0.00018585635379709414,12,132,0.08276892144682405,0.2141889764271404,True,False,False,0.0008008537140335737,COMPLETE
472,0.4299299120903015,2025-04-01 04:20:07.093207,2025-04-01 04:20:25.706759,0 days 00:00:18.613552,0.04518329363569158,0.8702161522804853,16,0.06879884068851952,0.2379998911810287,0.02450710194387641,0.02113872558698189,0.07127166507250988,0.05689634997570948,0.0001861034084503021,12,131,0.08361444813571202,0.21501466417652876,False,False,False,0.0006774531457916186,COMPLETE
473,0.42859177589416503,2025-04-01 04:20:25.858647,2025-04-01 04:20:47.437892,0 days 00:00:21.579245,0.031456185975150756,0.014856816513798943,16,0.06068568014814582,0.23103089400126828,0.028621438039502844,0.01744994030651995,0.07280633633958623,0.055082502089217306,0.0002573354681698051,12,140,0.08243992747143819,0.20713602008750617,True,False,False,0.0009900923847428655,COMPLETE
474,0.38190773725509647,2025-04-01 04:20:47.602094,2025-04-01 04:21:07.238299,0 days 00:00:19.636205,0.062358592698238964,0.901616175546128,16,0.049284904158828205,0.23837713006522154,0.026025915444497817,0.019336207789094537,0.06771886319857334,0.05290924346076211,0.00019149537916079642,10,135,0.08416563388257102,0.1579510918850893,True,False,False,0.0007940468638693465,COMPLETE
475,0.4045096278190613,2025-04-01 04:21:07.392073,2025-04-01 04:21:27.724905,0 days 00:00:20.332832,0.029694874601859822,0.8867510555258921,16,0.06713488147048925,0.24861554903455665,0.023345494870445033,0.023786090291393166,0.06330767390815227,0.05727030039086922,0.00016311950707818257,11,138,0.08566033922019863,0.22180668175576773,True,False,False,0.0005397767978891735,COMPLETE
476,0.4411573052406311,2025-04-01 04:21:27.891523,2025-04-01 04:21:49.432322,0 days 00:00:21.540799,0.010075360727029827,0.9236806764703706,16,0.09316917579097024,0.1636498228011124,0.029272274012310074,0.027212421048355667,0.06981713918302561,0.05249470084122325,0.0002307748804981045,13,132,0.08038830569547145,0.21394716020617963,True,False,False,0.0006477488375299054,COMPLETE
477,0.2797684073448181,2025-04-01 04:21:49.587500,2025-04-01 04:22:07.552981,0 days 00:00:17.965481,0.04994604290288675,0.9121307157925992,16,0.06117262951142443,0.24523619477718075,0.025387786016275518,0.020670171181144885,0.07236883569126311,0.04986318713163755,0.00014411453883557692,11,129,0.08678319560735409,0.22767407074113993,True,True,False,0.0007951517555452055,COMPLETE
478,0.6368978261947632,2025-04-01 04:22:07.707019,2025-04-01 04:22:28.483713,0 days 00:00:20.776694,0.08009437318403505,0.8991832296583051,16,0.08041338178710597,0.24040429092269297,0.027512470418504267,0.015876713636697657,0.05962853094827027,0.05538725383974927,0.0001985171081560829,12,136,0.07936043794643392,0.2365123571775542,True,False,False,0.000993501974732076,COMPLETE
479,0.570810329914093,2025-04-01 04:22:28.651023,2025-04-01 04:22:50.490416,0 days 00:00:21.839393,0.0671626588859632,0.8724365534676051,16,0.0853445423264678,0.25211312850862766,0.027699980175004,0.014418067484909855,0.05994156740564929,0.053093043623030786,0.0001511216805100088,13,140,0.07808213230285858,0.2374931068998575,True,False,False,0.0009927253574304614,COMPLETE
480,0.6339432239532471,2025-04-01 04:22:50.644379,2025-04-01 04:23:11.584682,0 days 00:00:20.940303,0.08555631626830346,0.8499724514354177,16,0.07648445424389229,0.23398650477232655,0.027543276619456155,0.01572791625946612,0.055079003805763034,0.05116836781482292,0.0001296376910971319,12,136,0.07977911548214256,0.24811225583939173,True,False,False,0.0005803353444589842,COMPLETE
481,0.41222331523895267,2025-04-01 04:23:11.739344,2025-04-01 04:23:30.605104,0 days 00:00:18.865760,0.0984440787137411,0.8254770233928901,16,0.07613577839915991,0.23064940140880735,0.029476214837146325,0.011690076202602347,0.059299281111630665,0.08968387115578129,0.00011005958092004579,12,75,0.08014004355778108,0.23400284857645723,True,False,False,0.00048544620653128616,COMPLETE
482,0.6318471312522889,2025-04-01 04:23:30.769551,2025-04-01 04:23:50.517140,0 days 00:00:19.747589,0.07995239244904848,0.8565828082791934,16,0.08070139113789493,0.23160168079435536,0.027539020725081832,0.015685852815615332,0.0534895076935127,0.05525100693018151,0.00012931189152320875,10,136,0.0794406797084581,0.24098181244898909,True,False,False,0.0006035135933888505,COMPLETE
483,0.4188160538673401,2025-04-01 04:23:50.675083,2025-04-01 04:24:10.602221,0 days 00:00:19.927138,0.07970703401948107,0.8489777280961569,16,0.07903292864424726,0.2294858522263498,0.029358656505724036,0.016121252559978042,0.054640255854055846,0.05801954098655808,0.00011605219721257027,10,137,0.08147643388579481,0.2416307104308022,True,False,False,0.0005751073680704371,COMPLETE
484,0.4380022883415223,2025-04-01 04:24:10.769409,2025-04-01 04:24:30.008837,0 days 00:00:19.239428,0.08466316315744002,0.8511332147304271,16,0.07345776611086807,0.23364411056906212,0.027519807827799565,0.013896543510172617,0.0553643611900969,0.055439436709716454,0.00010260795818540654,9,142,0.07984582806594706,0.24702856458912784,True,False,False,0.0004938989397852391,COMPLETE
485,0.6286479353904725,2025-04-01 04:24:30.165074,2025-04-01 04:24:49.951943,0 days 00:00:19.786869,0.0878643937539054,0.8338765781626307,16,0.08781249045457318,0.23672610508448158,0.027347389051658236,0.015615955616725666,0.05235029655466855,0.05494227828015982,0.00013923160450898548,10,136,0.07887157597155854,0.23906260302291668,True,False,False,0.0006547333346567346,COMPLETE
486,0.4227795720100403,2025-04-01 04:24:50.108854,2025-04-01 04:25:12.337692,0 days 00:00:22.228838,0.09496927504707514,0.8212933068732524,8,0.0870685059172111,0.2361102762080097,0.028951025556452077,0.014570999605761702,0.05673331304735633,0.08707935790472097,0.0001488382982621037,9,136,0.08139287379164122,0.2427903361470518,True,False,False,0.0006447970183894411,COMPLETE
487,0.4426445603370667,2025-04-01 04:25:12.506790,2025-04-01 04:25:32.582425,0 days 00:00:20.075635,0.08209500179058193,0.8403054759609276,16,0.08288884667087228,0.22865968705146705,0.02678263304827729,0.015549271607884385,0.05196295691696829,0.0582970531523349,0.0002047627606790638,10,140,0.07912872586623002,0.23858051622405602,True,False,False,0.0006026485108629905,COMPLETE
488,0.4406312942504883,2025-04-01 04:25:32.743502,2025-04-01 04:25:50.840207,0 days 00:00:18.096705,0.08027117968123709,0.8620129252701338,16,0.09388420240899592,0.2401766613846685,0.027730171291904998,0.017019191933620892,0.05339851068291641,0.05599129374056135,0.00012517812344246785,10,136,0.07895190509255158,0.22947572876300737,True,False,True,0.0004694030094728287,COMPLETE
489,0.44669544696807867,2025-04-01 04:25:50.999014,2025-04-01 04:26:10.840072,0 days 00:00:19.841058,0.10166419944146696,0.827050337511974,16,0.082112916013308,0.23445665364706425,0.02887826940246469,0.012909244274138866,0.04838771249408805,0.05431027324361326,0.001095160605151075,10,142,0.09158419993592279,0.23726900198344344,True,False,False,0.0006845800111324545,COMPLETE
490,0.41366206407547,2025-04-01 04:26:11.009264,2025-04-01 04:26:30.088182,0 days 00:00:19.078918,0.0714466943485158,0.8559880989370926,16,0.09881656578566016,0.24421209911439198,0.026651363514511087,0.01763122038947998,0.050469233803827424,0.0575272112183339,9.318641447600054e-05,9,135,0.08150882869555676,0.22477900500628784,True,False,False,0.0007455766214124617,COMPLETE
491,0.6315643548965455,2025-04-01 04:26:30.248717,2025-04-01 04:26:50.575049,0 days 00:00:20.326332,0.060821070130111496,0.8732960266782548,16,0.07580318366169843,0.23749094743093446,0.029694306161375382,0.009247284168946069,0.055210006971102406,0.05520078956622684,0.00015878388675062723,11,138,0.07736878810694076,0.24058717613098266,True,False,False,0.0005547838161897344,COMPLETE
492,0.5792192816734314,2025-04-01 04:26:50.747134,2025-04-01 04:27:11.126773,0 days 00:00:20.379639,0.08391450563214248,0.7974056173936274,16,0.07772904220378855,0.2369080179249008,0.029752738615515924,0.010156193769020386,0.05591952537313793,0.056134389491610884,0.0007507944742682768,11,140,0.07769770340869078,0.24141935878195556,True,False,False,1.5837615032268828e-06,COMPLETE
493,0.43481270074844364,2025-04-01 04:27:11.285928,2025-04-01 04:27:31.819429,0 days 00:00:20.533501,0.13074599868715117,0.8712472526544621,16,0.07220769767533194,0.22570585135968904,0.02667966059432042,0.0060693928426289795,0.053648006772849866,0.05430504439885466,0.0002567579468478693,11,143,0.07858502945800051,0.23373737093786548,True,False,False,0.0005726229768986161,COMPLETE
494,0.4260383367538452,2025-04-01 04:27:31.981805,2025-04-01 04:27:49.789277,0 days 00:00:17.807472,0.05753592749935314,0.8471225771802638,16,0.08802192280555224,0.24197205063149632,0.025060250456133942,0.011586215840782833,0.058111553206423444,0.055608243033088756,0.0002046979450180205,10,138,0.08508962390429085,0.24566277547266308,False,False,False,0.0008045568562415897,COMPLETE
495,0.43333456516265867,2025-04-01 04:27:49.960104,2025-04-01 04:28:08.170328,0 days 00:00:18.210224,0.09218618560558997,0.8768363493520087,16,0.0689253650362581,0.23160100148476157,0.029963830534128325,0.007933469900944923,0.05699513919089566,0.0578958612362561,0.00016237249920021544,12,11,0.07996906210191317,0.24921578554997326,True,False,False,0.00046722428930721444,COMPLETE
496,0.42468723058700564,2025-04-01 04:28:08.332292,2025-04-01 04:28:28.760880,0 days 00:00:20.428588,0.06373011741117243,0.8848659770295993,16,0.07795230599715176,0.23870105089446264,0.02777907696064789,0.015701390892331798,0.05127234427141838,0.053137655862368544,0.00017889103039129517,11,138,0.08295778152179306,0.24708483226573616,True,False,False,0.0006552836065673904,COMPLETE
497,0.590793776512146,2025-04-01 04:28:28.923758,2025-04-01 04:28:46.331707,0 days 00:00:17.407949,0.05865400713468935,0.81601799807287,16,0.0883299013356551,0.24531831880381433,0.06881577670687188,0.009627820212344386,0.05618936223122585,0.05179571462404684,0.0001499887600810387,6,141,0.07728362162798914,0.239393170306754,True,False,False,0.0008047915383003979,COMPLETE
498,0.2797684073448181,2025-04-01 04:28:46.502599,2025-04-01 04:29:03.324131,0 days 00:00:16.821532,0.09598118273905226,0.8612669690954947,16,0.07440924093368532,0.2351431678293252,0.024210024344169363,0.012945081583052548,0.053937431881359924,0.054631602807654105,0.00022970481993034924,8,144,0.07630877574640739,0.23142566528447941,True,True,False,0.0005605036638943567,COMPLETE
499,0.5775998711585999,2025-04-01 04:29:03.488422,2025-04-01 04:29:23.626994,0 days 00:00:20.138572,0.049757120791839374,0.8426894278037037,16,0.08159819312221951,0.24652372098470668,0.02584541434032101,0.018317166502119734,0.052432107444764044,0.057271080086593686,0.0001332505082635861,11,136,0.08043923462058832,0.2258211799630399,True,False,False,0.0008045621900132726,COMPLETE
500,0.5949228167533874,2025-04-01 04:29:23.799300,2025-04-01 04:29:43.672188,0 days 00:00:19.872888,0.07346396801471398,0.8864127906970048,16,0.06480622331792943,0.228351121396331,0.027909474454440905,0.016317101041023158,0.05886844810794193,0.0532836354548792,0.0001061282207311792,10,139,0.07813265631320086,0.2355890740321974,True,False,False,0.0006635120334931613,COMPLETE
501,0.395098227262497,2025-04-01 04:29:43.833675,2025-04-01 04:30:04.637466,0 days 00:00:20.803791,0.043282221030303436,0.8887120324254476,16,0.05697079406257606,0.24143840567093353,0.023852033312409492,0.014677118452505382,0.05516768719461219,0.051068004114999004,0.00018197610881565381,12,134,0.07645767906500305,0.14449738847052762,True,False,False,0.0004746766863785269,COMPLETE
502,0.437954580783844,2025-04-01 04:30:04.801667,2025-04-01 04:30:22.504418,0 days 00:00:17.702751,0.7875464200985494,0.8653549894285687,16,0.09131633454179701,0.24867982576145103,0.03012394588065331,0.018970493427547898,0.061663706094276675,0.056099108490138286,0.00015117847990478594,11,5,0.08240218182566847,0.24192279662959,True,False,False,0.0008173016659931292,COMPLETE
503,0.40464421510696413,2025-04-01 04:30:22.676953,2025-04-01 04:30:44.025039,0 days 00:00:21.348086,0.06389402422673848,0.8946431885161817,16,0.07088351971912263,0.2373073670128378,0.026413062434132547,0.017339574680909513,0.04975938922336707,0.05394984693323067,0.001370323497637153,12,141,0.0795479158178528,0.2200069747869873,True,False,False,0.0009780952339382826,COMPLETE
504,0.6297199368476868,2025-04-01 04:30:44.189144,2025-04-01 04:31:04.666220,0 days 00:00:20.477076,0.043793575683680516,0.8366822991653472,16,0.09800404644312492,0.2439664394463993,0.022472019409619022,0.010881689415681718,0.057833621062540336,0.05172550718372268,0.00012566302867417648,11,137,0.0764035157363935,0.2492042386393015,True,False,False,0.0005837634224358533,COMPLETE
505,0.4162108778953552,2025-04-01 04:31:04.843153,2025-04-01 04:31:22.468105,0 days 00:00:17.624952,0.08343705305530406,0.8320152909944576,16,0.1008217696171426,0.25050547949260893,0.022462912352168563,0.011203171494143536,0.058754101591354746,0.05076341553801976,9.48121472285121e-05,9,80,0.07532498631635905,0.2488614394337707,True,False,False,0.0006657739584173156,COMPLETE
506,0.6248601198196411,2025-04-01 04:31:22.633722,2025-04-01 04:31:42.690958,0 days 00:00:20.057236,0.11531634226467417,0.8131976787504593,16,0.09570069145160755,0.2507198179115166,0.07340060530767238,0.008652415042933065,0.05532835386383477,0.05212663462110385,0.00011113249702513742,10,144,0.07570633873795815,0.24828773694855297,True,False,False,0.0005743457476818005,COMPLETE
