number,value,datetime_start,datetime_complete,duration,params_alpha-eval,params_alpha-train,params_batch-size,params_eps-eval,params_eps-train,params_lambda-actions-eval,params_lambda-actions-train,params_lambda-frames-eval,params_lambda-frames-train,params_learning-rate,params_n-epochs,params_n-frames,params_radius-gw,params_rho,params_std-feats,params_ub-actions,params_ub-frames,params_weight-decay,state
619,0.34846428632736204,2025-04-01 05:09:57.209643,2025-04-01 05:10:17.165765,0 days 00:00:19.956122,0.18672021195489918,0.7988820529203874,16,0.02447464654952419,0.2315269855223898,0.03603159215727253,0.005881636004493255,0.048604943724891096,0.07399620636684585,0.00023686336778667644,10,150,0.040892040666456526,0.12034594521017154,True,False,False,7.841899378016537e-08,COMPLETE
620,0.6353271126747132,2025-04-01 05:10:17.376726,2025-04-01 05:10:38.058872,0 days 00:00:20.682146,0.2207530895260042,0.8134949302449324,16,0.039710398119756456,0.22808830086424378,0.03724431033433167,0.009692755774158807,0.0468154314393238,0.08299800232001472,0.00017285973493817502,11,146,0.06975457941226706,0.2460696957149725,True,False,False,5.830799989886704e-08,COMPLETE
621,0.6176016688346864,2025-04-01 05:10:38.258531,2025-04-01 05:10:59.551425,0 days 00:00:21.292894,0.2149537279357135,0.8041416382770608,16,0.03168882406909025,0.2245876129682641,0.03655382636646755,0.004811063964973912,0.04550676190387664,0.08251899555949971,0.00019971769500825933,12,146,0.06963245797842149,0.24897782124080317,True,False,False,5.4849905083647367e-08,COMPLETE
622,0.6076272487640382,2025-04-01 05:10:59.763317,2025-04-01 05:11:20.330640,0 days 00:00:20.567323,0.23157391772028,0.7807060655558272,16,0.03997186246323182,0.220685728473492,0.03627839917876458,0.010205742381303808,0.04615162653061027,0.08602209294699448,0.0003042871391700258,11,148,0.07049703489272649,0.2531768165583827,True,False,False,9.873603987062876e-08,COMPLETE
623,0.5557957768440247,2025-04-01 05:11:20.531753,2025-04-01 05:11:41.202306,0 days 00:00:20.670553,0.20443746276179145,0.8130816949716332,16,0.044265406059555826,0.229350677757763,0.03872006928786637,0.0066473200556879134,0.04941020368377379,0.08361003061555655,0.00016965183538660488,11,146,0.06772344291680069,0.2465811611510332,True,False,False,6.406837268773235e-08,COMPLETE
624,0.3515692412853241,2025-04-01 05:11:41.413973,2025-04-01 05:12:02.628612,0 days 00:00:21.214639,0.18514597197615054,0.7889157023647568,16,0.03634708786817438,0.2153070741945613,0.03482816299905081,0.0032071411041161967,0.03627196527201491,0.07745897026325652,0.00026855210495976573,12,150,0.05262186560273255,0.2589413920636119,True,False,False,3.2858927217680694e-08,COMPLETE
625,0.6224358677864075,2025-04-01 05:12:02.830099,2025-04-01 05:12:22.854445,0 days 00:00:20.024346,0.15936559577416104,0.7657022902054009,16,0.05530622521920371,0.22244745077261338,0.03351290403063052,0.00823290117170257,0.04386760877613574,0.08017329688559131,0.00019894718282623561,10,146,0.07064154842536076,0.24637268932007853,True,False,False,1.3604537827056295e-08,COMPLETE
626,0.4316421508789063,2025-04-01 05:12:23.066766,2025-04-01 05:12:42.220021,0 days 00:00:19.153255,0.15376029617625667,0.8176949670043302,16,0.05439651050453083,0.23142219299093592,0.0400048290171304,0.01009849993973915,0.041034161387922645,0.07577117028600604,0.00015603950478885434,11,148,0.06834555957646961,0.2537122872236497,True,False,True,2.317155548339895e-08,COMPLETE
627,0.5986722111701965,2025-04-01 05:12:42.424211,2025-04-01 05:13:03.794829,0 days 00:00:21.370618,0.13477975017394436,0.7450777343627263,16,0.04334679392543331,0.2261511363532159,0.03759194337599211,0.0057054210929202084,0.047797861411524104,0.08519799355802739,0.0002265177730676328,12,145,0.072983643161839,0.2450410335760803,True,False,False,3.598779287475254e-08,COMPLETE
628,0.5873513102531434,2025-04-01 05:13:04.010247,2025-04-01 05:13:31.430071,0 days 00:00:27.419824,0.2347544652238482,0.7936084690228484,16,0.04867676770557233,0.2309648416310098,0.033674630843396385,0.011033952113914353,0.04680871069330264,0.08079796244832155,0.00017864166369047064,21,148,0.07129288068260982,0.25999009830551767,True,False,False,1.9400986275088225e-08,COMPLETE
629,0.6466151952743531,2025-04-01 05:13:31.634403,2025-04-01 05:13:52.481925,0 days 00:00:20.847522,0.20987017208828482,0.7700569495272993,16,0.029476288221094674,0.2186477073143233,0.030107405560145444,0.007982517464923792,0.04406314298466756,0.07281014206376812,0.0001553981551122827,11,150,0.07280001099657718,0.25206125222480136,True,False,False,1.005485492433245e-08,COMPLETE
630,0.6226775884628296,2025-04-01 05:13:52.698403,2025-04-01 05:14:12.713142,0 days 00:00:20.014739,0.217108395604895,0.7686061129839775,16,0.03068597833624377,0.21589948160465253,0.03186206825152004,0.007342620311396096,0.04390754164081397,0.07324226236417203,0.00015420536282146043,10,150,0.06932262445701388,0.25314144565576235,True,False,False,1.1314750370173107e-08,COMPLETE
631,0.43079417943954473,2025-04-01 05:14:12.918055,2025-04-01 05:14:31.162056,0 days 00:00:18.244001,0.25222337056254457,0.7380408578903086,16,0.022834248783748297,0.22212658609838778,0.030198441942215506,0.0041798729312085186,0.04051058949988521,0.07840483063382955,0.00025101309560851456,11,150,0.06630622798143401,0.25840537640942324,False,False,False,1.6265316336257206e-08,COMPLETE
632,0.6088685870170594,2025-04-01 05:14:31.377336,2025-04-01 05:14:52.652995,0 days 00:00:21.275659,0.19146327215815115,0.7852008592009938,16,0.029455459497895863,0.21414732576504533,0.034104707805088764,0.00928012296025197,0.04331418381980847,0.07262541382632991,0.000190683633083787,12,146,0.0718916880209701,0.2514116483785134,True,False,False,4.519639225621399e-08,COMPLETE
633,0.6239799380302429,2025-04-01 05:14:52.856428,2025-04-01 05:15:13.059369,0 days 00:00:20.202941,0.2068474979006202,0.8080086771172706,16,0.03809053040086621,0.22376033024460243,0.031852993896485285,0.007037288228961663,0.04981783892338719,0.07625455507174356,0.00014977696822581412,10,147,0.06961846987796737,0.2454527481646342,True,False,False,1.338885910926604e-08,COMPLETE
634,0.6264611601829528,2025-04-01 05:15:13.274682,2025-04-01 05:15:33.806192,0 days 00:00:20.531510,0.17365473255953526,0.7623759513790599,16,0.015299274980738225,0.23122590798577075,0.03037511222345574,0.011899012143121931,0.03936280629696274,0.0826189518673822,0.00019414418635274122,11,145,0.07327475583614637,0.25921273956159907,True,False,False,7.101609710363441e-08,COMPLETE
635,0.6236719369888306,2025-04-01 05:15:34.009717,2025-04-01 05:15:55.345214,0 days 00:00:21.335497,0.1298656066594277,0.8207640585381284,16,0.05210683869510856,0.22534381588019162,0.030155092330360164,0.008929940787878855,0.04729528644563449,0.086932084373451,0.00015356890802994998,12,148,0.07109512781020118,0.25040114186837514,True,False,False,1.0357740580454247e-08,COMPLETE
636,0.4142021179199219,2025-04-01 05:15:55.565531,2025-04-01 05:16:16.514697,0 days 00:00:20.949166,0.23256799865486205,0.721307117926058,16,0.03487734989762113,0.21877087745666549,0.03679298551612411,0.005073846106549489,0.04515929280907743,0.07795211320942266,0.00022968173559788417,11,150,0.07338930668918629,0.2447079045031094,True,False,False,2.291241249568038e-08,COMPLETE
637,0.2797684073448181,2025-04-01 05:16:16.721055,2025-04-01 05:16:34.699396,0 days 00:00:17.978341,0.1762363736418173,0.780841129598504,16,0.04268321403169567,0.2340271313332881,0.03246224233658222,0.0027413324932355973,0.05001625887992501,0.08035717481577918,0.0003486105348913534,10,145,0.06711084180318312,0.25497443035596584,True,True,False,3.066257379148626e-08,COMPLETE
638,0.6378819346427917,2025-04-01 05:16:34.918933,2025-04-01 05:16:55.724675,0 days 00:00:20.805742,0.15816764951802853,0.8010851085919237,16,0.02580865672510315,0.22755955858184154,0.02929423750940476,0.011344766577783456,0.042423138108492485,0.07613012131615443,0.00016215632201905218,11,148,0.07162253741284852,0.25113496895399656,True,False,False,5.684143568490089e-08,COMPLETE
639,0.35845394134521485,2025-04-01 05:16:55.934134,2025-04-01 05:17:20.902583,0 days 00:00:24.968449,0.19175248756727303,0.802921134356064,8,0.01966167273015337,0.22690000155318701,0.034818583784867796,0.011547487008765251,0.041488812490098365,0.07499848034620239,0.0001856404723013383,12,150,0.06870441003369107,0.2624111803217261,True,False,False,5.8844061513833205e-08,COMPLETE
640,0.6177820563316345,2025-04-01 05:17:21.119156,2025-04-01 05:17:40.387589,0 days 00:00:19.268433,0.14672569599380125,0.7764963645828413,16,0.02959602890182491,0.21712373498086218,0.029612491450826273,0.010059262845394773,0.04248567611074013,0.0766424525186491,0.00022999872436471868,9,145,0.07117565615485684,0.2510549514454645,True,False,False,4.275118380462395e-08,COMPLETE
641,0.6342133760452271,2025-04-01 05:17:40.595190,2025-04-01 05:18:01.557666,0 days 00:00:20.962476,0.15813642671879471,0.814094557875111,16,0.039841029042561225,0.23157054389138343,0.03297758019780047,0.00789653160616826,0.03746792441923519,0.07147312657403304,0.00017168119124206567,11,148,0.06947778274984114,0.2482665903176753,True,False,False,9.582470452394898e-08,COMPLETE
642,0.6027746677398682,2025-04-01 05:18:01.778102,2025-04-01 05:18:23.063982,0 days 00:00:21.285880,0.15740813537732534,0.8166242743410621,16,0.03879720012502868,0.2222448333932473,0.03361084056616639,0.00840436438264161,0.04483178848144222,0.07279378475373308,0.00027171417711268053,12,148,0.06831300132274992,0.2546907970690413,True,False,False,5.303994362195464e-08,COMPLETE
643,0.5945053100585938,2025-04-01 05:18:23.271651,2025-04-01 05:18:44.028524,0 days 00:00:20.756873,0.16213603938976318,0.7502921771361164,16,0.02909087459179796,0.21148464741663528,0.03793296082421236,0.006704264980118011,0.03774193776127055,0.0713799173660262,0.0002093719443703421,11,147,0.0643377150724154,0.2590043956792155,True,False,False,6.325742339423446e-08,COMPLETE
644,0.5633309960365296,2025-04-01 05:18:44.251428,2025-04-01 05:19:05.076895,0 days 00:00:20.825467,0.19127626783382534,0.7952937243364337,16,0.04668589414825436,0.23218623320051818,0.03527394777489303,0.008003844168744893,0.039720223980413305,0.07419763647917373,0.00018691035599153926,11,145,0.06888475758509965,0.24649475374463917,True,False,False,9.845655724891702e-08,COMPLETE
645,0.5958295822143556,2025-04-01 05:19:05.287858,2025-04-01 05:19:26.600365,0 days 00:00:21.312507,0.13105348953622276,0.8137636978755873,16,0.024551009974175492,0.2259228223495871,0.032317897089345425,0.005132697799118386,0.03481265712098236,0.07729398163450675,0.00016623881973702425,12,150,0.06606549335467553,0.2527436228957971,True,False,False,7.628820396634533e-08,COMPLETE
646,0.381536602973938,2025-04-01 05:19:26.819807,2025-04-01 05:19:47.244663,0 days 00:00:20.424856,0.20493801881322804,0.7736342094140074,16,0.03511427385087019,0.21841984447908125,0.04923207699283114,0.010734755757435668,0.03870205812736397,0.07943111614575006,0.0002359153664795302,11,145,0.0710651638786079,0.022004216459384773,True,False,False,3.696732181064737e-08,COMPLETE
647,0.44612615108489995,2025-04-01 05:19:47.467226,2025-04-01 05:20:09.009913,0 days 00:00:21.542687,0.1693728421083442,0.7850833731367296,16,0.05239167432935609,0.2287910360493227,0.04201485085393725,0.006311119449052002,0.03539136754858502,0.07509751586400748,0.00016814074914655672,12,148,0.06962535713086918,0.18497098639728957,True,False,False,2.8001375301982205e-08,COMPLETE
648,0.42716957330703736,2025-04-01 05:20:09.220916,2025-04-01 05:20:28.534038,0 days 00:00:19.313122,0.25321691176388517,0.7946963673309628,16,0.04348397368576723,0.22197262470809484,0.031834488006697595,0.012199763365645419,0.04181645884170605,0.07120402804128388,0.00020645216700934047,11,150,0.07261618434627172,0.26389371152603014,True,False,True,1.673165883850414e-08,COMPLETE
649,0.5850739717483521,2025-04-01 05:20:28.756343,2025-04-01 05:20:49.879670,0 days 00:00:21.123327,0.1475198609759637,0.7578853089492568,16,0.017542584413800202,0.2329759736491205,0.036277944219353285,0.009275171305091819,0.03684079923478903,0.0832290784107263,0.0002822758159835663,12,145,0.06742025119794558,0.24897977120034923,True,False,False,4.315608505714866e-08,COMPLETE
650,0.630109965801239,2025-04-01 05:20:50.087904,2025-04-01 05:21:10.830963,0 days 00:00:20.743059,0.2242364186024845,0.819499287349193,16,0.03852330091177714,0.21411693821981867,0.03352955876248411,0.003807023449588826,0.04712217419848705,0.08122741532596642,0.0001499458627214904,11,147,0.07121308495769683,0.24437887357368665,True,False,False,1.936425897843997e-08,COMPLETE
651,0.4281266570091248,2025-04-01 05:21:11.055916,2025-04-01 05:21:29.136684,0 days 00:00:18.080768,0.12710322778474153,0.8004848813511403,16,0.026491958166049476,0.23284990304281003,0.029624759723189745,0.007765193757169239,0.04337558954912209,0.07701121502053265,0.0001698847431231717,11,144,0.0734668650228132,0.25829780392704876,False,False,False,5.9151685992842954e-06,COMPLETE
652,0.6192084670066833,2025-04-01 05:21:29.350700,2025-04-01 05:21:50.713986,0 days 00:00:21.363286,0.1883597897293449,0.8249085026370636,16,0.01022495924718928,0.22562459025048048,0.03205703838780412,0.01011902684526576,0.04024203839507658,0.07884391956312364,0.00014703325390832123,12,147,0.06946527076055162,0.24967696166246434,True,False,False,5.05597830283259e-08,COMPLETE
653,0.36509918570518496,2025-04-01 05:21:50.937497,2025-04-01 05:22:10.888845,0 days 00:00:19.951348,0.15388226432306862,0.7667021816158046,16,0.054548453994125584,0.23281440008076795,0.02954943875084565,0.012770996624882939,0.04557290577609526,0.08428025513123581,0.00019713687859864985,10,150,0.07241445545844336,0.17316877753355908,True,False,False,1.057591402990835e-07,COMPLETE
654,0.6038305521011353,2025-04-01 05:22:11.099520,2025-04-01 05:22:31.571989,0 days 00:00:20.472469,0.21608942764455785,0.7453427254118375,16,0.04707296570983565,0.22219648517655838,0.03907361198326245,0.006096669931259445,0.04858062530957509,0.07311083410522262,0.0002481458696800448,11,144,0.07022856307612708,0.25638376339111674,True,False,False,1.8599573710345445e-07,COMPLETE
655,0.3591249525547028,2025-04-01 05:22:31.796686,2025-04-01 05:22:53.098025,0 days 00:00:21.301339,0.17989376406557303,0.8019244379316618,16,0.03366261459617631,0.2278727010614465,0.03458180860829285,0.0010668430931487696,0.04362883388125087,0.07576576348149705,0.00014391002924124213,12,148,0.06644877496610602,0.24385481229972353,True,False,False,1.299841986757552e-08,COMPLETE
656,0.2797684073448181,2025-04-01 05:22:53.307839,2025-04-01 05:23:11.868181,0 days 00:00:18.560342,0.13032325694931743,0.7802934025969651,16,0.05882190964552193,0.23445714711845075,0.03124686640773926,0.008722651522610885,0.04669058267657214,0.08674448452228262,0.00017891089302280572,11,145,0.07300834125756864,0.2632817355345049,True,True,False,7.273724777144457e-08,COMPLETE
657,0.606991708278656,2025-04-01 05:23:12.093877,2025-04-01 05:23:31.906578,0 days 00:00:19.812701,0.1561774676533184,0.8209631831300308,16,0.03980021728359301,0.21809791134051829,0.034007416643169086,0.0039742735242019826,0.03786199557701142,0.08181206937521165,0.0002098273462291471,10,148,0.07422027802088264,0.2494920604846505,True,False,False,2.9266972323611834e-08,COMPLETE
658,0.5428587317466737,2025-04-01 05:23:32.122408,2025-04-01 05:23:57.814461,0 days 00:00:25.692053,0.20708859545740887,0.7968823669211276,16,0.04903020326959816,0.22700141320294406,0.029016814820693394,0.01278019232865959,0.04165528865428868,0.07926070930100107,2.4049530424685812e-05,18,150,0.07102157755342618,0.25434594581682535,True,False,False,3.381558485008396e-08,COMPLETE
659,0.627858304977417,2025-04-01 05:23:58.038899,2025-04-01 05:24:19.398685,0 days 00:00:21.359786,0.1185837541851888,0.7279924582551904,16,0.03313760179539152,0.21220800962644668,0.031814379951162194,0.010808303312143129,0.04946764803673175,0.07787960047588788,0.000152677491954256,12,144,0.07402430679023624,0.2439841211378389,True,False,False,2.235942903206179e-08,COMPLETE
660,0.5123086452484131,2025-04-01 05:24:19.612595,2025-04-01 05:24:40.075770,0 days 00:00:20.463175,0.1730024070555402,0.7588940662201956,16,0.04279585532250478,0.23299919061794044,0.03690225322479659,0.007241481550687147,0.04577428451789466,0.07495546439719236,0.0003303892153665743,11,147,0.07185335817062863,0.2576081687298876,True,False,False,6.096869092643991e-08,COMPLETE
661,0.3533504128456116,2025-04-01 05:24:40.300326,2025-04-01 05:25:04.019645,0 days 00:00:23.719319,0.1379211910439931,0.8290796814112773,8,0.057329287137806405,0.22019628501637345,0.029324492412983752,0.00496842747057489,0.04396321110788447,0.08502532029222903,0.00018289020224908072,10,150,0.06817391685963799,0.25083887672917554,True,False,False,1.0522346071534231e-08,COMPLETE
662,0.61320139169693,2025-04-01 05:25:04.233105,2025-04-01 05:25:24.590594,0 days 00:00:20.357489,0.1813217591914674,0.7909427872738974,16,0.050749644353290504,0.2356486957738362,0.03308899818736634,0.013128771905200995,0.03657643347100617,0.08022167997119044,0.0001269623061914961,11,146,0.07354504253987232,0.24367180740634034,True,False,False,4.706181415815915e-08,COMPLETE
663,0.6145553350448609,2025-04-01 05:25:24.816891,2025-04-01 05:25:45.906962,0 days 00:00:21.090071,0.15724225446148937,0.7754914253541101,16,0.026763981247444543,0.23023110388252613,0.03100127830595118,0.010207154580241505,0.05062120206882969,0.08292650190815266,0.00014324297990786684,12,144,0.07006151706864466,0.2619171784143434,True,False,False,1.4798771129216776e-08,COMPLETE
664,0.6082731723785401,2025-04-01 05:25:46.121228,2025-04-01 05:26:06.341627,0 days 00:00:20.220399,0.22925795136222057,0.808204424079426,16,0.059704712322153096,0.22576694665887892,0.06470211133117815,0.00803282776602009,0.039509712539543426,0.07033747620459854,0.0002155080389878949,10,147,0.0719806872512342,0.24214313353479297,True,False,False,2.5000844469263618e-08,COMPLETE
665,0.43498421907424933,2025-04-01 05:26:06.571287,2025-04-01 05:26:25.558484,0 days 00:00:18.987197,0.12234129548233232,0.8302701149744113,16,0.04560370140826893,0.23504425278087132,0.05653728347835703,0.003070799102397122,0.04228478290191408,0.07775139985726691,0.0001637949483761189,11,144,0.07415709531752232,0.24974477233159753,True,False,True,4.045511819460787e-08,COMPLETE
666,0.5924262046813965,2025-04-01 05:26:25.787788,2025-04-01 05:26:47.172570,0 days 00:00:21.384782,0.21012161062342544,0.8129944912797369,16,0.03927448880359966,0.22101717171068355,0.03556237526970762,0.011761174119721869,0.04818708376573073,0.08801025759548108,0.00024508169781288773,12,148,0.06962015583505578,0.2555829917765357,True,False,False,7.966800434724818e-08,COMPLETE
667,0.5727466821670533,2025-04-01 05:26:47.388996,2025-04-01 05:27:08.046451,0 days 00:00:20.657455,0.24845145963376702,0.7389620745905716,16,0.05209950350419937,0.21307524427000274,0.02999326153334216,0.006350203484062366,0.04515698614785963,0.0733295734336994,0.022171119608070274,11,150,0.06492609511137203,0.2468302117992171,True,False,False,1.8374568156890095e-08,COMPLETE
668,0.572663152217865,2025-04-01 05:27:08.273587,2025-04-01 05:27:27.929430,0 days 00:00:19.655843,0.1921266677959357,0.7795884911956609,16,0.020501972589038374,0.22480066946536698,0.02909585345109872,0.009187042482319684,0.047613959142850215,0.08120567728822586,0.0001736730976164336,10,144,0.06742754226569081,0.2409349274992694,True,False,False,3.549653612366378e-08,COMPLETE
669,0.42335743904113776,2025-04-01 05:27:28.146914,2025-04-01 05:27:46.334149,0 days 00:00:18.187235,0.14660213185962595,0.7646073362488974,16,0.03210533445095358,0.2352025345428695,0.03364679375605569,0.013955922953141901,0.04107716281568397,0.07682046845966506,0.00013357198067552868,11,144,0.07195302950249444,0.26435442490952976,False,False,False,5.123869213432206e-08,COMPLETE
670,0.4499359965324402,2025-04-01 05:27:46.565523,2025-04-01 05:28:08.001425,0 days 00:00:21.435902,0.11673506418628733,0.7974485394760664,16,0.059210893402090604,0.22807177813489837,0.030911045298312338,0.0059297842607578515,0.05004253828370408,0.08312657173451066,0.00020258049084289313,12,147,0.09120721299670922,0.25345398152926196,True,False,False,1.0116401282974538e-08,COMPLETE
671,0.4166406273841858,2025-04-01 05:28:08.216410,2025-04-01 05:28:29.053464,0 days 00:00:20.837054,0.17451538159413138,0.8283234352678671,16,0.04333792371731497,0.21719172901971623,0.03733446584908046,0.011441622130949645,0.043848061817093865,0.07914434437049203,0.0001492664221561902,11,150,0.07464751501929354,0.2480539412911923,True,False,False,2.82196967073398e-08,COMPLETE
672,0.36277135014533995,2025-04-01 05:28:29.281198,2025-04-01 05:28:49.253938,0 days 00:00:19.972740,0.14138654735019793,0.7864268726983005,16,0.025310615227864222,0.22890910537162276,0.02896869225523785,0.007934652492582914,0.03763149706442447,0.07557326389214168,0.00012338639253136493,10,144,0.07067454955169362,0.06769510998634355,True,False,False,1.2209519006502829e-05,COMPLETE
673,0.2797684073448181,2025-04-01 05:28:49.470129,2025-04-01 05:29:10.349270,0 days 00:00:20.879141,0.19465892973448765,0.8106459337122164,16,0.05313357037622694,0.0007383944681057519,0.0793766635836912,0.013545334717438273,0.04651115746004841,0.0852275654101168,0.00018333994309335311,12,147,0.07365446364074507,0.2406189498309097,True,False,False,5.997926984033413e-08,COMPLETE
674,0.2797684073448181,2025-04-01 05:29:10.579064,2025-04-01 05:29:29.149116,0 days 00:00:18.570052,0.1625136737955983,0.7597099916474908,16,0.03446782636002865,0.23745405788688165,0.03278988723560246,0.004681270130965742,0.03972920442313352,0.0805159839610721,0.0004787602610478482,11,150,0.06887228199760256,0.15004591535189518,True,True,False,1.4076141939514347e-08,COMPLETE
