number,value,datetime_start,datetime_complete,duration,params_alpha-eval,params_alpha-train,params_batch-size,params_eps-eval,params_eps-train,params_lambda-actions-eval,params_lambda-actions-train,params_lambda-frames-eval,params_lambda-frames-train,params_learning-rate,params_n-epochs,params_n-frames,params_radius-gw,params_rho,params_std-feats,params_ub-actions,params_ub-frames,params_weight-decay,state
227,0.5671523690223694,2025-04-01 02:07:31.451310,2025-04-01 02:09:20.428169,0 days 00:01:48.976859,0.14811899095861636,0.9649132496094871,2,0.198475871171326,0.2012864450320759,0.03417203731848479,0.05976589334827354,0.09841248083512816,0.06490060251955919,4.438938699320128e-05,28,127,0.02538928161908763,0.2935781537458228,True,False,False,0.00010936990833092327,COMPLETE
228,0.5816617608070374,2025-04-01 02:09:20.502074,2025-04-01 02:09:51.409644,0 days 00:00:30.907570,0.17030148278254706,0.5137307258928472,16,0.20667476195806048,0.2650382916318986,0.04228489858847991,0.06744563558700649,0.09114501069169591,0.05647362795027696,6.764951964204191e-05,27,134,0.012937174127815646,0.2869289564018855,True,False,False,4.8791763437900606e-05,COMPLETE
229,0.5626952886581421,2025-04-01 02:09:51.484045,2025-04-01 02:10:20.638667,0 days 00:00:29.154622,0.6409928113625979,0.4849593682157767,16,0.23984733828904334,0.2277064709406827,0.013148886141948354,0.07357660612983645,0.09616097269105847,0.05974951417518653,0.00010502750752310289,26,122,0.01999591091883964,0.29310998744659356,True,False,False,6.882153510135744e-05,COMPLETE
230,0.5876298427581788,2025-04-01 02:10:20.713744,2025-04-01 02:10:50.334845,0 days 00:00:29.621101,0.10537496393308032,0.9405467241653274,16,0.21908684399483466,0.2124443440540922,0.009384441865640086,0.05689271318747115,0.09405554545910443,0.061578225420108886,5.774484452766748e-05,27,125,0.022481585665977032,0.29949933076936214,True,False,False,8.938175961469958e-05,COMPLETE
231,0.5867089867591858,2025-04-01 02:10:50.412557,2025-04-01 02:11:20.160463,0 days 00:00:29.747906,0.08000849510692547,0.9399242537125284,16,0.2174207499916904,0.2140204558458824,0.009978863259069803,0.0564213280426945,0.09444374644589443,0.06180280808772087,5.9853329947019316e-05,27,125,0.022568342020629874,0.29480146991263756,True,False,False,8.553590552362716e-05,COMPLETE
232,0.5842257261276246,2025-04-01 02:11:20.235892,2025-04-01 02:11:50.524870,0 days 00:00:30.288978,0.0790577714776845,0.9241339071586133,16,0.2204342596428135,0.21742804152536613,0.009332657322844657,0.057260849697571906,0.09252560139500293,0.0623498463649362,7.381398774712637e-05,28,125,0.021856850126390694,0.2952073680485636,True,False,False,0.00010724921222821974,COMPLETE
233,0.5834229826927185,2025-04-01 02:11:50.611351,2025-04-01 02:12:20.514615,0 days 00:00:29.903264,0.10362169848822204,0.9550319117706931,16,0.22720084105030305,0.20623159144578054,0.006231010969658884,0.06297184900848292,0.09678394841536735,0.058299689696962066,5.0912668528672555e-05,27,125,0.019026540094275592,0.2993801985163621,True,False,False,8.890090050273269e-05,COMPLETE
234,0.5713782906532288,2025-04-01 02:12:20.591859,2025-04-01 02:12:50.318758,0 days 00:00:29.726899,0.15047152758291976,0.9402782847494746,16,0.21888793693758885,0.21423985661448908,0.010508346685194873,0.05905287883339897,0.0941609077838686,0.06171300611519138,6.515854238373577e-05,26,131,0.016770335670523488,0.2895802729816996,True,False,False,0.0001245839541544737,COMPLETE
235,0.4042938590049744,2025-04-01 02:12:50.395713,2025-04-01 02:13:17.648554,0 days 00:00:27.252841,0.10029081374247913,0.9698589146185268,16,0.23240357316798335,0.22240033942346862,0.011420906352647496,0.053911197422914635,0.09997538935122866,0.060329417502036145,1.678782060344207e-05,27,91,0.021753940915686207,0.29475060096194633,True,False,False,5.749779667247027e-05,COMPLETE
236,0.4065932393074036,2025-04-01 02:13:17.726123,2025-04-01 02:13:47.101629,0 days 00:00:29.375506,0.11542016272399491,0.8855123031641958,16,0.21011741923352104,0.2027589519338845,0.007881378903895061,0.05691262139206521,0.09815202933121764,0.05543733716827701,8.588833145327761e-05,27,118,0.014680036574882087,0.2993929201186639,True,False,False,4.033714174271291e-05,COMPLETE
237,0.5632555484771729,2025-04-01 02:13:47.179491,2025-04-01 02:14:17.346566,0 days 00:00:30.167075,0.3549945939365611,0.4553868685549427,16,0.21656046904518672,0.19712627507064603,0.01268918933285277,0.06127570510430291,0.09603773826427547,0.05788407641072606,0.00012360026295819918,28,122,0.03239237982639976,0.2889657875791746,True,False,False,9.292873844898942e-05,COMPLETE
238,0.5677188396453858,2025-04-01 02:14:17.424497,2025-04-01 02:14:46.892306,0 days 00:00:29.467809,0.08861318403855167,0.9210860093596891,16,0.22266394306855192,0.20808787303995896,0.014629733670577804,0.06437372703964421,0.08945339379409843,0.06267354206542904,5.646860286688484e-05,26,128,0.02359435182209458,0.2935327500851684,True,False,False,5.0927146706420424e-05,COMPLETE
239,0.3076351761817932,2025-04-01 02:14:46.980417,2025-04-01 02:15:14.443583,0 days 00:00:27.463166,0.313597171776997,0.9454247041670023,16,0.23244635460765095,0.19243118234610787,0.009785438757836188,0.05806928224088888,0.09294876641704991,0.0668472580334072,3.8890600944039284e-05,28,125,0.02741827626926861,0.2853833429449116,True,False,True,7.257057113451503e-05,COMPLETE
240,0.5913603067398071,2025-04-01 02:15:14.522101,2025-04-01 02:15:44.823217,0 days 00:00:30.301116,0.0409185637896442,0.9090280776904495,16,0.2027146184214638,0.21364811324639188,0.011343924550571712,0.060495245235269064,0.09499779766609626,0.05967237936091183,7.23889890329058e-05,27,132,0.020527263721021077,0.2993924552694197,True,False,False,0.00014377557326550772,COMPLETE
241,0.5944901704788208,2025-04-01 02:15:44.901557,2025-04-01 02:16:15.183134,0 days 00:00:30.281577,0.0680693508848727,0.9113288444994055,16,0.20139227018913222,0.21434721286547198,0.011854706711417643,0.060574091336285635,0.09498136760354535,0.059586939897588204,7.548625671541943e-05,27,132,0.020546449356046523,0.29991343550786675,True,False,False,0.00016324670096473697,COMPLETE
242,0.5970715045928956,2025-04-01 02:16:15.263433,2025-04-01 02:16:45.836479,0 days 00:00:30.573046,0.04591403350425251,0.8864363791737071,16,0.20302768652096811,0.2160393022912228,0.011239641248076337,0.06257450156211852,0.0970926473030316,0.0575738207822472,7.531357037074457e-05,27,133,0.02186085951686542,0.295404936150041,True,False,False,0.0001641211516469938,COMPLETE
243,0.5935815334320069,2025-04-01 02:16:45.915837,2025-04-01 02:17:16.404871,0 days 00:00:30.489034,0.025654920703165288,0.8622967233537842,16,0.2006436690674508,0.22464020255472433,0.012702315607264335,0.06281299825640588,0.09822593545100262,0.05668555472742927,7.918338897205356e-05,27,135,0.021259628232626993,0.29921143897118385,True,False,False,0.0001662509910199814,COMPLETE
244,0.5689903855323792,2025-04-01 02:17:16.484220,2025-04-01 02:17:46.628115,0 days 00:00:30.143895,0.028053819702675897,0.8447456401957489,16,0.20097629913022777,0.23151081226301812,0.01186901252944492,0.06263984875363325,0.09692823351417558,0.05221603942169286,9.574623145257613e-05,26,136,0.020901305066103798,0.2999100907993233,True,False,False,0.00014437889625131228,COMPLETE
245,0.5786400079727173,2025-04-01 02:17:46.717098,2025-04-01 02:18:18.033034,0 days 00:00:31.315936,0.07808468703406905,0.8657546384991803,16,0.19318411849102085,0.2244440557532374,0.008165701625070219,0.06274198163227829,0.09997096840903395,0.05652531956245921,7.829721262233749e-05,28,134,0.016817350555135165,0.29917051498442365,True,False,False,0.00025766253209825833,COMPLETE
246,0.5867842674255371,2025-04-01 02:18:18.113001,2025-04-01 02:18:48.861963,0 days 00:00:30.748962,0.051420870137113515,0.8772970770426785,16,0.19992727894456888,0.2194836656420862,0.013411551023785615,0.061192738459949825,0.09865193065107399,0.057781966361727874,0.00011323148275240214,27,139,0.020109279547260134,0.29990655625167995,True,False,False,0.00018419186961375291,COMPLETE
247,0.5739619612693787,2025-04-01 02:18:48.942676,2025-04-01 02:19:18.649918,0 days 00:00:29.707242,0.04996654335250025,0.901067092673854,16,0.20582142740013926,0.21849742469153316,0.011337933840633443,0.05954544176026025,0.09631576813030378,0.05456261031701398,8.382382652400321e-05,26,132,0.019190424467096116,0.29377105438334444,True,False,False,0.00018841224166642602,COMPLETE
248,0.5852161407470703,2025-04-01 02:19:18.730619,2025-04-01 02:19:49.194952,0 days 00:00:30.464333,0.018034020895631497,0.8913055057829449,16,0.19512484439926886,0.23731358932286817,0.013201229814155845,0.06437986707797122,0.09806585639172175,0.05926921796948789,7.248480526346968e-05,27,136,0.025813388938606453,0.2949714325136351,True,False,False,0.00017087057173595607,COMPLETE
249,0.42065209150314337,2025-04-01 02:19:49.275370,2025-04-01 02:20:15.248112,0 days 00:00:25.972742,0.040881462235959065,0.9156073316438335,16,0.2038359199181478,0.22701890814677445,0.008842183900065165,0.0618622311637782,0.09131819429595031,0.05470173241015851,0.00015197415340928016,28,132,0.0735798189102972,0.2870961080745665,False,False,False,0.00021617513463769556,COMPLETE
250,0.5864787340164185,2025-04-01 02:20:15.329566,2025-04-01 02:20:45.911532,0 days 00:00:30.581966,0.05687111436313863,0.8645162609796511,16,0.19302235263060694,0.21286948579069181,0.011152653630668773,0.05988363021758388,0.09487703141778106,0.056794356919972026,9.241468691328542e-05,27,131,0.021489800967782958,0.29413866902930935,True,False,False,0.00012743523209230424,COMPLETE
251,0.5727888584136963,2025-04-01 02:20:46.002736,2025-04-01 02:21:16.207860,0 days 00:00:30.205124,0.03209272464362386,0.9104504170229094,16,0.2042202611464597,0.22241488516821104,0.014165742924324147,0.0652260129359949,0.09321322280948276,0.05955722334526705,7.363307341459713e-05,26,134,0.017767310174935134,0.28855706528415953,True,False,False,0.0001535766507471212,COMPLETE
252,0.5833430528640747,2025-04-01 02:21:16.290252,2025-04-01 02:21:46.743601,0 days 00:00:30.453349,0.012281380029933803,0.8410284061499997,16,0.20005458655856273,0.20645372587544644,0.006498247974627742,0.005942871234077815,0.09646415732750463,0.05726892754390427,0.00010218617339976295,27,129,0.030283840811333222,0.2993452415174196,True,False,False,0.00012162907062186867,COMPLETE
253,0.40850684642791746,2025-04-01 02:21:46.827459,2025-04-01 02:22:18.504206,0 days 00:00:31.676747,0.06709325128686189,0.8931158246789402,16,0.2121193653063074,0.21595756358317816,0.03968055253128335,0.06083995268524822,0.08742128481098044,0.06779468720171397,0.00013156548751360158,28,140,0.024383733815346798,0.28483410533948184,True,False,False,0.00015772102184186067,COMPLETE
254,0.5873218059539795,2025-04-01 02:22:18.586540,2025-04-01 02:22:49.522597,0 days 00:00:30.936057,0.06368778627829351,0.9244460534640007,16,0.2092679271258012,0.20075679146375672,0.016710646082233147,0.04904488455134918,0.09998090976387605,0.06390203982487488,8.297957561051351e-05,27,137,0.02219141763223664,0.2939030191576783,True,False,False,0.00020597878412914128,COMPLETE
255,0.5433776617050171,2025-04-01 02:22:49.604950,2025-04-01 02:23:27.731996,0 days 00:00:38.127046,0.06867083605091388,0.9261270550744358,8,0.2089718684557949,0.19711969045474337,0.01597724699610468,0.050028008997135213,0.09971456700611299,0.06483736166736084,0.00019466040928697937,26,135,0.02242808171634253,0.2998659076507847,True,False,False,0.00028462405178829965,COMPLETE
256,0.2797684073448181,2025-04-01 02:23:27.815574,2025-04-01 02:23:55.779986,0 days 00:00:27.964412,0.0340337293166946,0.9121688191260506,16,0.19214752170435517,0.18777326351954762,0.013405191522441668,0.04718512562405534,0.098331730123031,0.06395539070859063,8.837164466884977e-05,27,137,0.021131196166107313,0.29338831434590307,True,True,False,0.00018696529404077964,COMPLETE
257,0.5766999363899231,2025-04-01 02:23:55.873086,2025-04-01 02:24:26.811117,0 days 00:00:30.938031,0.06366646493044494,0.9991008917633126,16,0.19890058243359365,0.20484754539110583,0.010876733590574133,0.06944595690088198,0.09800051339837394,0.06611098394630824,0.00010562479932577159,28,132,0.02582524632924455,0.2996922131347214,True,False,False,0.00025034286396956914,COMPLETE
258,0.410534691810608,2025-04-01 02:24:26.894219,2025-04-01 02:24:57.063338,0 days 00:00:30.169119,0.03684425265149979,0.8747023775888386,16,0.20622160087206254,0.20166827376754012,0.01506565104033393,0.07600820188218892,0.09630034451037119,0.06288462884702474,7.534326893454377e-05,26,139,0.02826965846918473,0.2934161268139314,True,False,False,0.00011351372784680939,COMPLETE
259,0.5647094964981079,2025-04-01 02:24:57.147540,2025-04-01 02:26:43.778218,0 days 00:01:46.630678,0.10136973116918367,0.9422568465395829,2,0.2109422090672538,0.24609447982882557,0.017359280207401153,0.06692892370471835,0.09969534105346363,0.0700886804207016,6.753538890836002e-05,27,130,0.02345496586328737,0.2840201059568851,True,False,False,0.00013357676884127767,COMPLETE
260,0.5773966670036317,2025-04-01 02:26:43.862223,2025-04-01 02:27:15.899710,0 days 00:00:32.037487,0.054057772614986545,0.8886635009684274,16,0.19645675183474298,0.19372977572106093,0.012205730639285471,0.06376076525545006,0.0954751873218145,0.058709404669885557,0.00012208420895562863,29,136,0.020622798025910098,0.2906901334234373,True,False,False,0.00010664912154385029,COMPLETE
261,0.6218325257301331,2025-04-01 02:27:15.985328,2025-04-01 02:27:38.851432,0 days 00:00:22.866104,0.011388390409311333,0.9746419716344356,16,0.24226908896197763,0.2701278994414322,0.01718265913998425,0.04956962990901108,0.09798644145264153,0.06773869034037092,8.438946219976997e-05,15,133,0.07353016698634224,0.2998850453996884,True,False,False,0.00020244718884592877,COMPLETE
262,0.40957881212234504,2025-04-01 02:27:38.939696,2025-04-01 02:27:59.476249,0 days 00:00:20.536553,0.012372638527957136,0.9849058412842753,16,0.2442149577563525,0.25990517510960726,0.01774766014512128,0.0473639776771775,0.09254956612384274,0.05473177299682967,0.00016547027330641033,11,141,0.07784871090718112,0.294263711506716,True,False,False,0.0002227766902189738,COMPLETE
263,0.6145873665809631,2025-04-01 02:27:59.569742,2025-04-01 02:28:23.008038,0 days 00:00:23.438296,0.04340540851498293,0.9561035462880331,16,0.23553873545271217,0.2669152684755593,0.01855931295833769,0.04495072788319068,0.09055087207371974,0.0615777371250226,9.320093994889915e-05,16,133,0.07477148005487456,0.28158512313768097,True,False,False,0.00030227424699665403,COMPLETE
264,0.4300826787948609,2025-04-01 02:28:23.094089,2025-04-01 02:28:47.759012,0 days 00:00:24.664923,0.034460907227568185,0.9449034813563798,16,0.2407849458329154,0.2755992265437563,0.00356174732410882,0.04350413255138147,0.0856746710040472,0.060980938473680316,9.819389723079765e-05,22,133,0.07400648362363549,0.2810244870074446,True,False,True,0.00030154491564661284,COMPLETE
265,0.6228979110717774,2025-04-01 02:28:47.845631,2025-04-01 02:29:09.883341,0 days 00:00:22.037710,0.02185129646513418,0.967258133947229,16,0.24386359014824105,0.27397498290498645,0.018684902966968092,0.06282836122596407,0.09034211482709513,0.05238157618123296,0.0001358583019352133,14,130,0.07207293008350937,0.2842756122205187,True,False,False,0.0001555904351365649,COMPLETE
266,0.619114363193512,2025-04-01 02:29:09.969378,2025-04-01 02:29:32.761043,0 days 00:00:22.791665,0.014755552198957095,0.9577020619457082,16,0.26301758457781377,0.26631531337725217,0.020304898312952173,0.04591212438950991,0.0056337633611076715,0.051158866404005125,0.00013065729376555426,15,133,0.0723393200669256,0.28154315153430387,True,False,False,0.00024090958798986958,COMPLETE
267,0.4134372591972351,2025-04-01 02:29:32.848802,2025-04-01 02:29:55.693198,0 days 00:00:22.844396,0.01790784658940227,0.9690879612337294,16,0.2627394439928722,0.26778229197847103,0.019534299546973336,0.04825283517496739,0.03997097580714464,0.04878685306779758,0.00014066619742867783,15,132,0.07158055593814984,0.2792149245246271,True,False,False,0.0003316457063273552,COMPLETE
268,0.4155920505523682,2025-04-01 02:29:55.789815,2025-04-01 02:30:15.388825,0 days 00:00:19.599010,0.011304704516943088,0.9531394755087897,16,0.23600544060843537,0.2864889530095162,0.019033817646878143,0.04590755110830218,0.08839424542436054,0.05362159760422879,0.00018258534184797256,14,134,0.07508918088878715,0.2641440973912326,False,False,False,0.0002439172650465694,COMPLETE
269,0.4141971588134766,2025-04-01 02:30:15.477041,2025-04-01 02:30:38.479807,0 days 00:00:23.002766,0.04160883032647847,0.980919844615534,16,0.25395022088859676,0.27059670466848934,0.01977205720272643,0.03788244914608084,0.08913285293253939,0.05215096098299002,0.0001396834185099235,15,134,0.07383518956748585,0.28310928978647937,True,False,False,0.00016270973502372114,COMPLETE
270,0.6010282158851623,2025-04-01 02:30:38.571807,2025-04-01 02:31:00.728784,0 days 00:00:22.156977,0.04271251554269657,0.9705800935891638,16,0.2655895489056297,0.28074311095898363,0.017481267821071348,0.042692023437940534,0.0903616387849653,0.04838585631015698,0.00011651159100785284,14,130,0.06898444084166465,0.27552938187753373,True,False,False,0.00020949658383195293,COMPLETE
271,0.6182531595230103,2025-04-01 02:31:00.817508,2025-04-01 02:31:22.849539,0 days 00:00:22.032031,0.03685980841758789,0.9707796861519828,16,0.26748760612245914,0.264055125779399,0.03330653530951462,0.05086471374373852,0.030637231797004956,0.04835302291347046,0.00012032731330400138,14,131,0.06921177734237575,0.26952458978686367,True,False,False,0.00029584224352928934,COMPLETE
272,0.2795974612236023,2025-04-01 02:31:22.937340,2025-04-01 02:31:43.073720,0 days 00:00:20.136380,0.030658398484520854,0.9996895181668828,16,0.2838583761453068,0.2796735667566341,0.016765909596107405,0.042112351507583176,0.010796128163474344,0.0483503813202709,0.00016662772194242942,14,138,0.06870493328553481,0.26877120613767685,True,True,False,0.00026128177900626226,COMPLETE
273,0.6128389835357666,2025-04-01 02:31:43.172491,2025-04-01 02:32:06.619900,0 days 00:00:23.447409,0.05349568144977345,0.9684485839823083,16,0.267888680677699,0.2678353836178221,0.03037608671366362,0.04403153425419268,0.0486306220300726,0.050645329055278174,0.0001217154741847167,16,131,0.07196657742632365,0.2618974817209533,True,False,False,0.0003868952709480495,COMPLETE
274,0.6126849293708801,2025-04-01 02:32:06.707936,2025-04-01 02:32:30.281839,0 days 00:00:23.573903,0.05526246000720137,0.9694003787510861,16,0.2750392764514539,0.27292012886648015,0.02841135271385136,0.0441650370247956,0.006503235080228083,0.04258965047479922,0.0002332710649590399,16,131,0.07258121253933743,0.2628749778692772,True,False,False,0.00036700620295927234,COMPLETE
275,0.5738047122955323,2025-04-01 02:32:30.372866,2025-04-01 02:32:53.882882,0 days 00:00:23.510016,0.05009039928015641,0.9680339300531825,16,0.2599756480519026,0.2717052166146145,0.03082248304497034,0.04524778153703405,0.0035334671979118286,0.04284936322211614,0.00023915247171535546,16,135,0.07238059412523143,0.2608645857306879,True,False,False,0.0005294057200839875,COMPLETE
276,0.527034342288971,2025-04-01 02:32:53.972433,2025-04-01 02:33:17.666002,0 days 00:00:23.693569,0.03762556717817967,0.9776596332511018,16,0.27480245715279095,0.2629053177122726,0.03355621336998775,0.04047566937174979,0.05318890544198969,0.04690482416349097,0.00020662871999278259,16,132,0.07005934408107353,0.2562918774205548,True,False,False,0.0003819190473945891,COMPLETE
277,0.5876499176025392,2025-04-01 02:33:17.756021,2025-04-01 02:33:40.760828,0 days 00:00:23.004807,0.02471679260922871,0.9590271117168543,16,0.2677516118563199,0.2742556073091293,0.02875618132587624,0.043939374977713455,0.005625258171695189,0.049677001781979466,0.00012645000687759453,15,138,0.07025833504441227,0.26382877909095154,True,False,False,0.0002913080644496292,COMPLETE
278,0.43512222766876224,2025-04-01 02:33:40.860372,2025-04-01 02:34:06.862494,0 days 00:00:26.002122,0.01200443125720332,0.9703733996867066,8,0.27528372370795084,0.284735433443754,0.03230960391668808,0.04467252254573238,0.032886520513220184,0.03631359228650118,0.00015737197774389107,13,131,0.07277306945763455,0.2673652928494653,True,False,False,0.00044634807585459626,COMPLETE
279,0.6245818614959717,2025-04-01 02:34:06.952413,2025-04-01 02:34:30.114374,0 days 00:00:23.161961,0.05321135249643542,0.9804477818191502,16,0.28006271625274126,0.26613429693941343,0.033998301935687064,0.04100254459654273,0.026237848201743116,0.045486826796553186,0.00012419589746642877,15,135,0.0676166509074935,0.2724452060082024,True,False,False,0.00031831539725667293,COMPLETE
280,0.6031052589416505,2025-04-01 02:34:30.205291,2025-04-01 02:34:53.520328,0 days 00:00:23.315037,0.05950418260501726,0.9933956426572444,16,0.28171854579348377,0.2680018033409678,0.0344355226411228,0.043065962345486056,0.020641248468081044,0.0468523153352105,0.00011952065897433676,15,142,0.06808161378345254,0.27422508805373785,True,False,False,0.0003402146798437645,COMPLETE
281,0.4204460144042969,2025-04-01 02:34:53.610430,2025-04-01 02:35:18.612614,0 days 00:00:25.002184,0.056188443500472314,0.9992981901780008,16,0.28320648657321373,0.26628976114196373,0.0351150679544754,0.04312677966268432,0.022281761808511623,0.04226717020516952,0.0001236565961463652,17,148,0.06864152779951634,0.2716082913913697,True,False,False,0.00034511632974194194,COMPLETE
282,0.5921413421630859,2025-04-01 02:35:18.703816,2025-04-01 02:36:22.277700,0 days 00:01:03.573884,0.0859775064775937,0.9813215577041816,2,0.2667001469709651,0.27755409844643414,0.031959265699839784,0.03978854686327483,0.029548022163636924,0.045067446212824,0.00018591839590450512,14,142,0.06810222721356013,0.2726712791816185,True,False,False,0.0003218686560557901,COMPLETE
