number,value,datetime_start,datetime_complete,duration,params_alpha-eval,params_alpha-train,params_batch-size,params_eps-eval,params_eps-train,params_lambda-actions-eval,params_lambda-actions-train,params_lambda-frames-eval,params_lambda-frames-train,params_learning-rate,params_n-epochs,params_n-frames,params_radius-gw,params_rho,params_std-feats,params_ub-actions,params_ub-frames,params_weight-decay,state
1851,0.6236794233322144,2025-04-01 12:43:20.378920,2025-04-01 12:43:45.530674,0 days 00:00:25.151754,0.048771143658016616,0.9969178386022909,8,0.024011605310158626,0.1719827373143827,0.04287759186063799,0.08668305684969997,0.006468884629137325,0.0946927161895521,2.887510203654997e-05,13,104,0.09258445449760346,0.1685514458371838,True,False,False,5.735461524653425e-06,COMPLETE
1852,0.40620683431625365,2025-04-01 12:43:46.130726,2025-04-01 12:44:08.747779,0 days 00:00:22.617053,0.02795653914464489,0.9782846234108734,8,0.012381692042053964,0.18059636391317327,0.04119773103991353,0.08959677552060973,0.008159024555368209,0.09656022976831326,4.105976862107866e-05,13,110,0.09768164043573926,0.1630247696454822,True,False,True,7.376516492429498e-06,COMPLETE
1853,0.6354900479316712,2025-04-01 12:44:09.363882,2025-04-01 12:44:34.217451,0 days 00:00:24.853569,0.010869214369610752,0.9753726068886202,8,0.025737681866051465,0.1842445391316246,0.044280067662014054,0.08562668066819906,0.005243233460029528,0.09431370115511564,2.9264307687801903e-05,12,112,0.09180327742543351,0.15196649839320664,True,False,False,3.0637713462882684e-06,COMPLETE
1854,0.6424641847610474,2025-04-01 12:44:34.815247,2025-04-01 12:44:59.466572,0 days 00:00:24.651325,0.05373713626069276,0.9967762257547479,8,0.030987447748009808,0.1766688430252099,0.041979986412970155,0.09394999034905167,0.008989963485903129,0.09800497894771606,3.5801899717935406e-05,12,110,0.09338453508094098,0.17158555422104252,True,False,False,4.790897379254771e-06,COMPLETE
1855,0.6348585963249207,2025-04-01 12:45:00.089263,2025-04-01 12:45:24.357717,0 days 00:00:24.268454,0.040402032846155844,0.9746761910939252,8,0.019859607007268684,0.18764398553121786,0.04427813565652017,0.08775897112873336,0.006650494202757779,0.09588176209357448,3.0234846130240768e-05,12,107,0.09414051165600651,0.16890793462189974,True,False,False,3.902821660098924e-06,COMPLETE
1856,0.39735221862792974,2025-04-01 12:45:24.954448,2025-04-01 12:45:49.433013,0 days 00:00:24.478565,0.028976706078722998,0.9702673128887183,8,0.02904922557436144,0.17848433375111286,0.04238116843048082,0.08684918739575534,0.009960480289244955,0.09978377285732766,4.1466504299879375e-05,13,112,0.09602359494181281,0.16177904664813278,False,False,False,6.093857927708188e-06,COMPLETE
1857,0.6503126502037049,2025-04-01 12:45:50.049346,2025-04-01 12:46:14.638916,0 days 00:00:24.589570,0.010453592759969335,0.9836227429423562,8,0.02289717193052008,0.1703783351689184,0.0446372809384542,0.08482221733434597,0.001097382799967391,0.0936804384706496,4.703595692728276e-05,12,114,0.09032846397912145,0.17470042455528428,True,False,False,7.487838995262719e-06,COMPLETE
1858,0.6579179883003236,2025-04-01 12:46:15.266428,2025-04-01 12:46:39.649993,0 days 00:00:24.383565,0.05750481608035411,0.9976050019506553,8,0.03149885725077471,0.17500586885838038,0.041606732700571386,0.0838715925931753,0.00485871966093238,0.09782484385590613,5.043792700565183e-05,12,111,0.09173166070359788,0.1756046652335666,True,False,False,9.186384737971543e-06,COMPLETE
1859,0.6249239087104798,2025-04-01 12:46:40.249203,2025-04-01 12:47:05.254309,0 days 00:00:25.005106,0.05919656508288711,0.9947750302443852,8,0.01492690752838326,0.1763800619376051,0.04146323964555648,0.0912838273730981,0.0034908448991167462,0.0999907381587862,3.2075275222332155e-05,13,107,0.09132240113910133,0.15493189365524418,True,False,False,8.442979648274563e-06,COMPLETE
1860,0.618772292137146,2025-04-01 12:47:05.877082,2025-04-01 12:47:30.102034,0 days 00:00:24.224952,0.06142285873102471,0.9974581176003424,8,0.02573715927948591,0.1689992224588943,0.04130433765291047,0.08593978767357512,0.004210206665379356,0.09800240142594771,4.02632623048702e-05,12,104,0.09495169223640958,0.1668063242313054,True,False,False,6.019692980301126e-06,COMPLETE
1861,0.2797684073448181,2025-04-01 12:47:30.706725,2025-04-01 12:47:52.220026,0 days 00:00:21.513301,0.0574341956807145,0.998714537188579,8,0.027368656004460194,0.17266183469588725,0.041135368163877514,0.0827668679169955,0.005587848822731247,0.09743925882311398,2.2932832597784462e-05,12,105,0.09008961816039075,0.17140774483602894,True,True,False,4.913069661118433e-06,COMPLETE
1862,0.6138627886772156,2025-04-01 12:47:52.820722,2025-04-01 12:48:17.110682,0 days 00:00:24.289960,0.05141962213378256,0.9620986966600893,8,0.030639937484352286,0.1741237689163463,0.04151923427089718,0.0878823557633367,0.006299079527324348,0.09992691005333725,4.0744752292871466e-05,12,101,0.09360092608122289,0.17737894413178748,True,False,False,3.8949895304259524e-06,COMPLETE
1863,0.6148495078086853,2025-04-01 12:48:17.725560,2025-04-01 12:48:42.946224,0 days 00:00:25.220664,0.06005148500911665,0.9989498400341909,8,0.02252188822518312,0.17867243357350832,0.04281289092707078,0.08932479407600953,0.002206148953160299,0.09815590215469551,4.918390540123591e-05,13,109,0.08934591782389734,0.16196784597713057,True,False,False,7.343338404145957e-06,COMPLETE
1864,0.6600826144218446,2025-04-01 12:48:43.570280,2025-04-01 12:49:07.991027,0 days 00:00:24.420747,0.06083718972083901,0.9674541690600672,8,0.03177466978150151,0.16852458045048704,0.043448152739225844,0.08420919750936422,0.004583381668533563,0.09595891108399275,4.9259309629703e-05,12,111,0.09189314565006584,0.17143672160121837,True,False,False,8.98842741119727e-06,COMPLETE
1865,0.6570230245590211,2025-04-01 12:49:08.595417,2025-04-01 12:49:33.729046,0 days 00:00:25.133629,0.05936219893693486,0.971950656344921,8,0.01983905036367824,0.17764852721912325,0.04116602790569293,0.0834056441373131,0.0010217447285819359,0.09616815911151572,5.2606607663568767e-05,13,109,0.09707396120403457,0.1605461935097579,True,False,False,8.754727452097052e-06,COMPLETE
1866,0.652869725227356,2025-04-01 12:49:34.348463,2025-04-01 12:50:00.359504,0 days 00:00:26.011041,0.05793153867733691,0.9645977436685342,8,0.016887235766188054,0.165680572770452,0.04300650659517132,0.0836989846530587,0.004082970580385259,0.09660538738558398,2.9574608027373054e-05,14,105,0.09865450194930338,0.16123008742668285,True,False,False,1.0979400036325173e-05,COMPLETE
1867,0.6618954658508301,2025-04-01 12:50:00.964437,2025-04-01 12:50:26.829127,0 days 00:00:25.864690,0.05898631496426524,0.9662116014107063,8,0.014522826511249006,0.1676142417225491,0.04443826242430278,0.08282583576748273,0.0010349107941423164,0.09675103570705794,4.985394698402301e-05,14,108,0.0974791427047221,0.14460252658926573,True,False,False,8.978954676533466e-06,COMPLETE
1868,0.6601354837417603,2025-04-01 12:50:27.449116,2025-04-01 12:50:53.449160,0 days 00:00:26.000044,0.06334780722108002,0.9728389554959807,8,0.013647005452316303,0.1679833930296219,0.0451686433319554,0.08284589830611604,0.001102000751048726,0.09611973293186804,3.703895123597045e-05,14,106,0.09509459059639018,0.13909026511206524,True,False,False,1.208558362471255e-05,COMPLETE
1869,0.6090538263320923,2025-04-01 12:50:54.071490,2025-04-01 12:51:20.571186,0 days 00:00:26.499696,0.0633083275623974,0.9986980824471747,8,0.012432066482621625,0.16211601380621096,0.045183108920876895,0.08290206694927979,0.0012669896566284522,0.09503203906243464,4.243046950651398e-05,15,98,0.09975117067191092,0.14492427166279548,True,False,False,1.441711451257279e-05,COMPLETE
1870,0.650877046585083,2025-04-01 12:51:21.165792,2025-04-01 12:51:47.318226,0 days 00:00:26.152434,0.06079471935582085,0.9753832168776598,8,0.005993298960119161,0.16421894591655684,0.045006754837813134,0.08021482640559383,0.0011889457581171082,0.09534985965359374,3.358102105495614e-05,14,110,0.09662426142592265,0.14049112939348032,True,False,False,1.237604243639379e-05,COMPLETE
1871,0.410004985332489,2025-04-01 12:51:47.915752,2025-04-01 12:52:11.926157,0 days 00:00:24.010405,0.06109400431232003,0.9996416989346677,8,0.00895661262037049,0.1705554976443804,0.04338639230486645,0.08130513013066128,0.0029040316229439664,0.09779333306628447,3.2370057893721904e-05,15,105,0.09780821814640377,0.15941918221846937,True,False,True,1.7144545727139904e-05,COMPLETE
1872,0.6524342775344849,2025-04-01 12:52:12.546139,2025-04-01 12:52:38.517229,0 days 00:00:25.971090,0.043679675483837443,0.9732395770547991,8,0.008288632152781587,0.16547222703873435,0.04145115034779973,0.08351244480329968,0.0016663877744353167,0.09649997908764897,3.394041797026506e-05,14,108,0.09942970285462233,0.1530019308799016,True,False,False,9.889988978454441e-06,COMPLETE
1873,0.5407301425933838,2025-04-01 12:52:39.144597,2025-04-01 12:53:03.923590,0 days 00:00:24.778993,0.061721591117361765,0.999834136704695,8,0.002065122272568217,0.18292363779574877,0.04559097970883574,0.08547469973345877,0.0024872064860750843,0.09993090615423281,3.7025056765127306e-05,13,106,0.09873509002306201,0.13004064906892598,True,False,False,9.830621328239119e-06,COMPLETE
1874,0.6523518443107605,2025-04-01 12:53:04.523556,2025-04-01 12:53:31.657815,0 days 00:00:27.134259,0.04554372608738272,0.974566669965343,8,0.012121155415096306,0.1652349982192352,0.04375605477297634,0.08255969592426797,0.0014063820429236638,0.09512038056415399,2.7101174837728832e-05,15,109,0.09639212376046148,0.14238173327265274,True,False,False,1.2115088671866931e-05,COMPLETE
1875,0.37785808444023133,2025-04-01 12:53:32.282623,2025-04-01 12:53:58.099443,0 days 00:00:25.816820,0.06056676267784737,0.964959068428104,8,0.006840404528185027,0.1667829829345425,0.041548822156361825,0.08609333351707489,0.0028902579006976122,0.09737105377849882,3.496262532032143e-05,15,107,0.09742523780811826,0.1486715696957167,False,False,False,1.591999023677873e-05,COMPLETE
1876,0.6600780606269836,2025-04-01 12:53:58.701797,2025-04-01 12:54:24.894351,0 days 00:00:26.192554,0.041522046919421185,0.9794069020309479,8,0.017009157561612788,0.15790718425013997,0.04475589954441268,0.08449696921176328,0.0012750897968084006,0.09386267940753573,2.7684880198592416e-05,14,102,0.09963799975081132,0.1380055923720147,True,False,False,9.426574266494144e-06,COMPLETE
1877,0.6283854842185974,2025-04-01 12:54:25.517836,2025-04-01 12:54:52.205157,0 days 00:00:26.687321,0.039188496257920646,0.980300741365131,8,0.008957694530347088,0.15273862685636605,0.04564062865170927,0.08420886279061522,0.0028708849027688087,0.09437211409435399,3.082259224715787e-05,15,99,0.0999615923440042,0.13773921450497256,True,False,False,9.792855797726086e-06,COMPLETE
1878,0.6238471150398255,2025-04-01 12:54:52.835073,2025-04-01 12:55:18.764672,0 days 00:00:25.929599,0.03918170359266483,0.9800881800498777,8,0.011057255763451332,0.15967365758060367,0.046178802584551,0.08121747971148276,0.0015215328705338082,0.09397451273847142,2.6629524014160177e-05,14,101,0.09824222261072915,0.13959107157165865,True,False,False,1.2352193423126673e-05,COMPLETE
1879,0.6542360424995423,2025-04-01 12:55:19.370757,2025-04-01 12:55:45.409465,0 days 00:00:26.038708,0.04118207744564283,0.9589320272547284,8,0.007432805332282289,0.15442384531241946,0.04781947362673771,0.08579536227060341,0.0011878908464391363,0.09596749785732286,1.7571945450533884e-05,14,108,0.09787415643720802,0.13387704860485922,True,False,False,8.16841758830361e-06,COMPLETE
1880,0.5716578483581543,2025-04-01 12:55:46.035014,2025-04-01 12:56:11.993547,0 days 00:00:25.958533,0.04241726251451616,0.9653767329925833,8,0.0012125303835581244,0.1599329874983859,0.04885310590059842,0.08471129176139726,0.0013056005766775036,0.09639082834227512,1.5972039559075243e-05,14,105,0.09893366343370841,0.135245004114682,True,False,False,8.807525098977524e-06,COMPLETE
1881,0.2797684073448181,2025-04-01 12:56:12.602434,2025-04-01 12:56:36.364147,0 days 00:00:23.761713,0.03926007802406707,0.963931556009422,8,0.009845431333059276,0.15830876403944705,0.04897331255079259,0.08608450225359851,0.0011239312352474722,0.09405410142058448,1.3054717244671915e-05,15,104,0.0995706837249212,0.13206351402840666,True,True,False,9.476961510705127e-06,COMPLETE
1882,0.6506478548049927,2025-04-01 12:56:36.991536,2025-04-01 12:57:03.231517,0 days 00:00:26.239981,0.04114235648768145,0.9804902146260303,8,0.011814118609015253,0.1524385665529615,0.0475962252550136,0.08321210790372094,0.003538542524555952,0.09574474125138635,1.7745951550606248e-05,14,107,0.09725018690502478,0.14482461916115544,True,False,False,8.924167862382626e-06,COMPLETE
1883,0.5884643197059631,2025-04-01 12:57:03.834235,2025-04-01 12:57:30.407793,0 days 00:00:26.573558,0.062235160668661055,0.9629386359004263,8,0.0013781443173340735,0.14860054530580336,0.04708027602062459,0.08592294426570092,0.0010040910682704027,0.09765244422836167,2.3987020744029845e-05,15,108,0.09994040978310093,0.1256081673828202,True,False,False,1.2817039521070582e-05,COMPLETE
1884,0.3297753632068634,2025-04-01 12:57:31.037999,2025-04-01 12:57:56.758824,0 days 00:00:25.720825,0.02926227697085186,0.9997109134130864,8,0.013509627873209999,0.1698716179372045,0.050283973526647284,0.08227250867370885,0.0036849537878566917,0.09365952321221374,1.5060025049564976e-05,14,102,0.09568135120971975,0.12676311610530255,True,False,False,7.653253109095555e-06,COMPLETE
1885,0.6524329900741577,2025-04-01 12:57:57.376517,2025-04-01 12:58:24.505569,0 days 00:00:27.129052,0.04320389392726749,0.9605018709475247,8,0.009088719427299207,0.15588890778774295,0.045668492242653874,0.08702467060591207,0.003155454674846913,0.09813307450077674,2.0981937059575128e-05,15,104,0.09751342764375753,0.13992043027564333,True,False,False,1.0439418323341915e-05,COMPLETE
1886,0.6579851388931275,2025-04-01 12:58:25.115497,2025-04-01 12:58:51.296306,0 days 00:00:26.180809,0.05865014812214168,0.9769805896502712,8,0.016823825934803752,0.1594866275752024,0.04773899261916767,0.08019255735057311,0.004076123503038541,0.09591552994637002,2.60395958754682e-05,14,110,0.09697150486268892,0.13343311146554737,True,False,False,6.352270557905574e-06,COMPLETE
1887,0.6515455842018127,2025-04-01 12:58:51.921045,2025-04-01 12:59:19.735992,0 days 00:00:27.814947,0.06280999574900477,0.9989978134638943,8,0.01593280292741209,0.1615915924754987,0.04580975055254087,0.08420032139004707,0.0010184238356481057,0.09602535588104966,2.8404213267918056e-05,16,103,0.09746309116782324,0.14528258293800556,True,False,False,1.4103836914229515e-05,COMPLETE
1888,0.6596994638442994,2025-04-01 12:59:20.371045,2025-04-01 12:59:46.212385,0 days 00:00:25.841340,0.06307719497555653,0.9780023280036229,8,0.01590380996537008,0.16002411828935414,0.045014225024459446,0.08282449180768835,0.0041720727424826715,0.09610178218818352,2.0029055419468752e-05,14,106,0.09695248871645747,0.13316536483896355,True,False,False,7.803522689596696e-06,COMPLETE
1889,0.3098840653896332,2025-04-01 12:59:46.822780,2025-04-01 13:00:13.495365,0 days 00:00:26.672585,0.06157265358822087,0.9804576584006646,8,0.010023506569907257,0.1556326807473226,0.04456306425872182,0.0788654679044067,0.0036481904544945,0.09591786861095408,1.8266506710327866e-05,15,100,0.09810858657281848,0.12359675746666011,True,False,False,8.406594244992835e-06,COMPLETE
1890,0.651338541507721,2025-04-01 13:00:14.125650,2025-04-01 13:00:40.019139,0 days 00:00:25.893489,0.06149562872904797,0.9808901052525473,8,0.006335846898606987,0.15689690090770628,0.0468564026125932,0.08074415308816331,0.004136835176692905,0.09759741236652515,2.2704883064972093e-05,14,106,0.09657716308858381,0.14362550749808697,True,False,False,6.28138998346179e-06,COMPLETE
1891,0.4296263217926026,2025-04-01 13:00:40.633975,2025-04-01 13:01:03.996916,0 days 00:00:23.362941,0.05990210286670672,0.9583585034862976,8,0.014604025915333451,0.15000257212836718,0.0449094258020209,0.08220047166369074,0.002990779814303219,0.09422051815290437,2.045931925344549e-05,14,109,0.09989315524946513,0.12002336893215676,True,False,True,1.0774230018648186e-05,COMPLETE
1892,0.6500529408454895,2025-04-01 13:01:04.622759,2025-04-01 13:01:31.584567,0 days 00:00:26.961808,0.04705416459679759,0.9798836589818316,8,0.003965424077176288,0.1640086775547991,0.0485180674085331,0.08440962520712253,0.00409035510726379,0.09593562528220699,1.9222297241075286e-05,15,107,0.0968195724713278,0.13486457769805543,True,False,False,8.039661970465673e-06,COMPLETE
1893,0.6497530221939087,2025-04-01 13:01:32.216337,2025-04-01 13:01:57.507098,0 days 00:00:25.290761,0.04388703551130635,0.982069726877394,8,0.013894201530533352,0.15813468240546594,0.04647165315659036,0.07977586174356667,0.004865133768661294,0.09999435615518296,2.1262123538534844e-05,13,103,0.09797034739589636,0.13267131794592554,True,False,False,6.753339731834125e-06,COMPLETE
1894,0.6562567353248596,2025-04-01 13:01:58.114997,2025-04-01 13:02:24.249933,0 days 00:00:26.134936,0.06046848387982662,0.9608693988690367,8,0.0064548730076340495,0.16802407330715188,0.04359352252746716,0.08137160460581006,0.0025598062165316134,0.09387473623383448,1.6400724211652333e-05,14,109,0.09555894836622195,0.1281402169173306,True,False,False,1.804453195138503e-05,COMPLETE
1895,0.3518994748592377,2025-04-01 13:02:24.881968,2025-04-01 13:02:50.753244,0 days 00:00:25.871276,0.04318126861435054,0.9992004519035719,8,0.0009927578333506371,0.16738575508157388,0.043733706562564076,0.08136429587892574,0.001079513461347466,0.09486076414752868,1.6025449794350803e-05,14,110,0.09577792004795911,0.11452760117694863,True,False,False,2.867461807136069e-05,COMPLETE
1896,0.4026428461074829,2025-04-01 13:02:51.359130,2025-04-01 13:03:16.873264,0 days 00:00:25.514134,0.06015721441246104,0.9599117983122455,8,0.006433668399411244,0.14476162555542335,0.04334206908504633,0.07622366376527812,0.002801259818074768,0.09343782851003364,1.1809558756103328e-05,15,107,0.0999037904471235,0.13486955329523692,False,False,False,1.8364226096235625e-05,COMPLETE
1897,0.6140002727508544,2025-04-01 13:03:17.500509,2025-04-01 13:03:43.460889,0 days 00:00:25.960380,0.030879224517359253,0.9617324237755231,8,0.008206478417497377,0.1538958766168488,0.04388886960858442,0.08288184970487711,0.001140934443685597,0.09394592007510924,1.6744762915525836e-05,14,102,0.09614996972885873,0.12881811522408676,True,False,False,2.3021644761180968e-05,COMPLETE
1898,0.3180732786655426,2025-04-01 13:03:44.065098,2025-04-01 13:04:09.893912,0 days 00:00:25.828814,0.043067719186535215,0.9701490480807755,8,0.0007858103189603075,0.1610853840081472,0.045102431932621125,0.0866030230031055,0.0032409048351116692,0.09760337622864068,1.3794842016032962e-05,14,111,0.09552010000126067,0.13002588087399636,True,False,False,1.750388233906182e-05,COMPLETE
1899,0.6528522968292236,2025-04-01 13:04:10.521793,2025-04-01 13:04:37.526507,0 days 00:00:27.004714,0.06320827061881826,0.9997635171255916,8,0.015258925265963983,0.1688994142209353,0.044073918461512755,0.08034751695530518,0.004476082447365097,0.09633844828891576,1.8374107844594383e-05,15,105,0.09778165906291504,0.13866183429913242,True,False,False,1.402242722572306e-05,COMPLETE
1900,0.6560710549354554,2025-04-01 13:04:38.163616,2025-04-01 13:05:04.372298,0 days 00:00:26.208682,0.03119759228944946,0.9778900002180894,8,0.01212251920172426,0.1626085868026327,0.042613639403724646,0.08469864623634529,0.0010861901276706274,0.09798059342201901,2.2064755710541634e-05,14,110,0.09514605351707706,0.13411870934012124,True,False,False,3.360010960107063e-05,COMPLETE
1901,0.2797684073448181,2025-04-01 13:05:04.988209,2025-04-01 13:05:28.475389,0 days 00:00:23.487180,0.06187342394040164,0.958569740493315,8,0.01025146255730103,0.16104914627818392,0.04209985240209447,0.08444123736810062,0.0012148335480283105,0.09784979128213214,2.2112952348460707e-05,15,96,0.09712988215185034,0.12429743940838646,True,True,False,3.420330300935767e-05,COMPLETE
1902,0.6550132036209106,2025-04-01 13:05:29.114938,2025-04-01 13:05:55.021906,0 days 00:00:25.906968,0.04338114158961251,0.9567326669277686,8,0.007715146036646805,0.15435196719970715,0.042962129444269435,0.08138135882070067,0.002939595656252564,0.09424206425910309,2.478332955735005e-05,14,107,0.09542993262123056,0.11998132054613928,True,False,False,2.985466399290408e-05,COMPLETE
1903,0.6603482842445374,2025-04-01 13:05:55.627926,2025-04-01 13:06:21.801584,0 days 00:00:26.173658,0.045600617161467676,0.9790575812737208,8,0.014197517826447875,0.1476772340190856,0.04229589014014266,0.07904534825313637,0.0042139540727454145,0.09352801113564206,2.6134911495923773e-05,14,106,0.09533070745662847,0.12092892001064352,True,False,False,3.7492569843049e-05,COMPLETE
1904,0.5674007654190063,2025-04-01 13:06:22.435271,2025-04-01 13:06:48.344168,0 days 00:00:25.908897,0.06425011665657615,0.9534163491749237,8,0.014168305210262577,0.14236466931147992,0.0430458137163457,0.07993499729899096,0.0031191842366002104,0.0931377888639597,2.05811542879779e-05,14,100,0.09558402512111501,0.12761107319636475,True,False,False,2.985259483595825e-05,COMPLETE
1905,0.3045383632183075,2025-04-01 13:06:48.982732,2025-04-01 13:07:15.101372,0 days 00:00:26.118640,0.06124736250925433,0.9741577294902708,8,0.005576569855148435,0.1437365987645116,0.0418445580036465,0.07847364938557225,0.0029296962413725373,0.09342868360387736,2.364410638903429e-05,14,105,0.09520935122308798,0.11895158207685569,True,False,False,3.0763435957874113e-05,COMPLETE
1906,0.2797684073448181,2025-04-01 13:07:15.720248,2025-04-01 13:07:42.201257,0 days 00:00:26.481009,0.027587682749098875,0.9552948932544764,8,0.0005355350930136404,0.1462466861164253,0.04288849846133261,0.07630136178673141,0.004635019143637871,0.0938592972246215,2.5157402776922346e-05,15,102,0.09509016203394105,0.11692461041552274,True,False,False,4.991172247970915e-05,COMPLETE
