number,value,datetime_start,datetime_complete,duration,params_alpha-eval,params_alpha-train,params_batch-size,params_eps-eval,params_eps-train,params_lambda-actions-eval,params_lambda-actions-train,params_lambda-frames-eval,params_lambda-frames-train,params_learning-rate,params_n-epochs,params_n-frames,params_radius-gw,params_rho,params_std-feats,params_ub-actions,params_ub-frames,params_weight-decay,state
1739,0.6483865261077881,2025-04-01 11:56:12.285286,2025-04-01 11:56:34.986379,0 days 00:00:22.701093,0.0371211119985646,0.9815594824263488,8,0.02425806277224348,0.19365938505290162,0.045783419338088646,0.013182049391361193,0.008594579305110617,0.0990600072497035,6.144446062709155e-05,10,116,0.09077916652071731,0.18041586543208532,True,False,False,6.048422890181599e-06,COMPLETE
1740,0.5325049757957458,2025-04-01 11:56:35.565425,2025-04-01 11:56:54.819842,0 days 00:00:19.254417,0.03723487657290876,0.970171561737345,16,0.024240820066075676,0.19333995247575567,0.0450468712333163,0.014880058061031612,0.003164241531944425,0.09555031928610044,9.226481089366806e-05,10,119,0.0953213037546856,0.17556425428832328,True,False,False,7.475126014792927e-06,COMPLETE
1741,0.45709524154663084,2025-04-01 11:56:55.376489,2025-04-01 11:57:14.584856,0 days 00:00:19.208367,0.03554684236053589,0.999971654420379,16,0.02828164641370463,0.18285658934582794,0.04246651415699129,0.01273740385222403,0.01241577249348949,0.09960791603455814,7.581035935456441e-05,10,119,0.09820639694309988,0.16247097954730674,True,False,False,8.556784768636569e-06,COMPLETE
1742,0.6470991969108582,2025-04-01 11:57:15.164452,2025-04-01 11:57:33.622715,0 days 00:00:18.458263,0.03957587666699806,0.9615247925506789,16,0.02173074897042917,0.18514108915833472,0.04576861027647408,0.011139363095048323,0.00100403106179992,0.09543916949262014,9.617784880745095e-05,9,114,0.08948800398064824,0.18009915425504192,True,False,False,5.224823889135903e-06,COMPLETE
1743,0.6474575877189637,2025-04-01 11:57:34.186978,2025-04-01 11:57:52.661429,0 days 00:00:18.474451,0.04062020334735565,0.9822023019683133,16,0.03029205110614372,0.1878969224181833,0.04073034326123845,0.015158240097397885,0.009961432633030017,0.09566218343248173,9.39005552146373e-05,9,113,0.09218302521936698,0.16899476551395828,True,False,False,4.1327387781683725e-06,COMPLETE
1744,0.39542416334152225,2025-04-01 11:57:53.239562,2025-04-01 11:58:10.481170,0 days 00:00:17.241608,0.011133810315381482,0.9583308660183573,16,0.01974672958373655,0.18862345833829985,0.04334971213325306,0.011717798981057712,0.006241951515803866,0.0969996682558551,7.054590660947747e-05,10,113,0.09371769653378834,0.17295375058219198,False,False,False,8.893531142475569e-06,COMPLETE
1745,0.6077472448349,2025-04-01 11:58:11.043642,2025-04-01 11:58:29.017267,0 days 00:00:17.973625,0.03815533202343881,0.9599288555962691,16,0.035052110248781895,0.19584557014505294,0.0462172014189629,0.013197313744938382,0.007756956877242144,0.09531109715344294,5.557758682564554e-05,9,104,0.09537786538309385,0.18256459264643757,True,False,False,1.2153047046725067e-05,COMPLETE
1746,0.2797684073448181,2025-04-01 11:58:29.597645,2025-04-01 11:58:46.710597,0 days 00:00:17.112952,0.028184760962964836,0.9780058179597435,16,0.035948991278993654,0.199307279378187,0.04000208353971021,0.011612569643722273,0.013096478897613676,0.09691127163450912,9.412101174422604e-05,10,117,0.09725695239739249,0.1645454798108939,True,True,False,6.0527741585905865e-06,COMPLETE
1747,0.6101320862770081,2025-04-01 11:58:47.270615,2025-04-01 11:59:05.893993,0 days 00:00:18.623378,0.03825520006664324,0.9563023444123945,16,0.026817519771816813,0.1863024443116806,0.0439122901931357,0.07637795479060314,0.004190246917669468,0.09885460899513467,7.285261068079913e-05,10,105,0.09287019000005696,0.17937394729104944,True,False,False,3.3943425223246564e-06,COMPLETE
1748,0.6441441416740418,2025-04-01 11:59:06.483695,2025-04-01 11:59:24.849661,0 days 00:00:18.365966,0.02508075966924264,0.9808114886617131,16,0.03492796177885775,0.19853116938702628,0.04224262605734904,0.015701233744245306,0.010403216813671288,0.09368217906278296,9.459440402012097e-05,9,114,0.09015542128645418,0.1726456457758407,True,False,False,4.453566628173493e-06,COMPLETE
1749,0.4197289466857911,2025-04-01 11:59:25.414384,2025-04-01 12:00:15.331686,0 days 00:00:49.917302,0.04380849141387318,0.9525184086901944,2,0.02838121929287868,0.1870734006629735,0.048144362003264274,0.011581135187095222,0.007732708846930543,0.09541519640249446,7.620212774898061e-05,10,115,0.09239699248893894,0.18134144314789105,True,False,False,1.3774821105970403e-05,COMPLETE
1750,0.5957594513893127,2025-04-01 12:00:15.915010,2025-04-01 12:00:35.276960,0 days 00:00:19.361950,0.010920123969259999,0.9717172910593039,16,0.038096376604119936,0.199601575637934,0.04066154984175006,0.013896176270127484,0.011386564977053482,0.09419500438061762,6.068266212401898e-05,10,123,0.09132261300752909,0.15008162884173415,True,False,False,6.046275006258313e-06,COMPLETE
1751,0.5850866675376892,2025-04-01 12:00:35.842097,2025-04-01 12:00:54.596996,0 days 00:00:18.754899,0.04200288581513818,0.9548918126363857,16,0.014654361775705869,0.19371919065253387,0.04665412161165236,0.011510597719845,0.009145520479961923,0.09559873102219042,1.4130250498130445e-05,10,110,0.09119471476438379,0.17682390670690695,True,False,False,8.928393117705594e-06,COMPLETE
1752,0.5891861915588379,2025-04-01 12:00:55.155242,2025-04-01 12:01:14.436229,0 days 00:00:19.280987,0.04641368779775192,0.990263798722482,16,0.030368196168587037,0.18369210075171338,0.044019572644310556,0.013775795175753155,0.007177052372201551,0.09218795854249777,9.377966540683381e-05,10,120,0.09922990766539895,0.15725115511223237,True,False,False,3.275797157096121e-06,COMPLETE
1753,0.5679826378822327,2025-04-01 12:01:15.015944,2025-04-01 12:01:34.810163,0 days 00:00:19.794219,0.023950086626975214,0.9976386541254336,16,0.035168801054262296,0.19195037781891017,0.03987711670512624,0.010733903724768642,0.012618543949485162,0.09282372990761986,8.26244637430844e-05,11,118,0.0938643036165181,0.17354943560276762,True,False,False,4.53832397351478e-06,COMPLETE
1754,0.551313066482544,2025-04-01 12:01:35.370718,2025-04-01 12:01:54.192977,0 days 00:00:18.822259,0.04573881434770902,0.9571809144841507,16,0.022680441381598106,0.200372290769809,0.04224370712960548,0.01295308533941208,0.010430087878168985,0.09643980043503457,9.92641468911453e-05,9,120,0.09742027325472626,0.16434440435858957,True,False,False,6.705210764067879e-06,COMPLETE
1755,0.6110184311866761,2025-04-01 12:01:54.776756,2025-04-01 12:02:14.242094,0 days 00:00:19.465338,0.028749563281355518,0.9987746098093739,16,0.037565073388773414,0.19932245436774298,0.04889404726613946,0.01541663175801692,0.004989752918313638,0.09476139152480242,7.768429904510706e-05,11,115,0.09431473598655399,0.16880985093701276,True,False,False,5.408850877718322e-06,COMPLETE
1756,0.4216365694999695,2025-04-01 12:02:14.828188,2025-04-01 12:02:32.300653,0 days 00:00:17.472465,0.046422565076644634,0.9733168103524468,16,0.03869348979530729,0.18251805828800155,0.04526421953737144,0.011259474484106299,0.006062813357740851,0.09981062971697632,6.337825031143307e-05,10,119,0.09690442722712707,0.184016877523395,True,False,True,8.772260053240633e-06,COMPLETE
1757,0.5267004251480103,2025-04-01 12:02:32.871334,2025-04-01 12:02:52.706433,0 days 00:00:19.835099,0.010479924060824621,0.9513200543127005,16,0.029165612607951984,0.1934098839662343,0.04167879921694481,0.013208467222194244,0.013752314177700911,0.09763330485346924,9.46117567823807e-05,11,120,0.09200486247293002,0.18191816572276923,True,False,False,5.017024615652908e-06,COMPLETE
1758,0.5479074716567993,2025-04-01 12:02:53.281778,2025-04-01 12:03:13.206099,0 days 00:00:19.924321,0.010367819795538972,0.9704686170923225,16,0.037434239913892414,0.19984257568298422,0.03965567813385482,0.010359637447068876,0.009232442731020871,0.09208140666890181,4.8115981380769756e-05,11,123,0.09948883822383668,0.17234825663206688,True,False,False,7.355841058409292e-06,COMPLETE
1759,0.571727740764618,2025-04-01 12:03:13.791763,2025-04-01 12:03:31.799325,0 days 00:00:18.007562,0.042683636067052944,0.9539421875077939,16,0.031209179422049364,0.19067720632060786,0.04694930868199577,0.015446142961513172,0.010828077392074613,0.09387160466300343,7.934955283203724e-05,8,122,0.09436412043002433,0.17686064347690347,True,False,False,1.0075317203783748e-05,COMPLETE
1760,0.41586889028549195,2025-04-01 12:03:32.365222,2025-04-01 12:03:51.854642,0 days 00:00:19.489420,0.049258221990694115,0.9996094780372478,16,0.026552718714693856,0.19734174843144375,0.04221539180585255,0.01060596921974113,0.003613771601918639,0.09184874663977194,9.584306330955063e-05,10,118,0.09602467047761115,0.1847351410835901,True,False,False,5.778887482765344e-06,COMPLETE
1761,0.392894983291626,2025-04-01 12:03:52.444969,2025-04-01 12:04:15.031165,0 days 00:00:22.586196,0.026021878660229814,0.9789527159367691,8,0.036900617270478664,0.1889726807003797,0.044896694315272316,0.012415930932216802,0.008713312080492766,0.09370479098537068,6.646819943969086e-05,11,124,0.09256959170212933,0.15970730952863996,False,False,False,1.349593401579629e-05,COMPLETE
1762,0.5778100252151489,2025-04-01 12:04:15.596438,2025-04-01 12:04:35.457398,0 days 00:00:19.860960,0.010803695453434459,0.9577391390420217,16,0.017988541234002377,0.1963430818304544,0.04389388515710301,0.010379041991856703,0.012963505653765162,0.09090501193112298,9.637018809553032e-05,11,121,0.09433136917467028,0.1693256095560382,True,False,False,3.4400853854213427e-06,COMPLETE
1763,0.64455486536026,2025-04-01 12:04:36.045100,2025-04-01 12:04:54.410670,0 days 00:00:18.365570,0.0492553022030594,0.9479564337590939,16,0.031703174442220074,0.1905178614353616,0.04864289257071208,0.016085083775349087,0.007523847436008138,0.09611246759639355,7.767448885279959e-05,9,112,0.09567987205392509,0.18558198394762712,True,False,False,7.027584953666431e-06,COMPLETE
1764,0.39115333557128906,2025-04-01 12:04:54.973003,2025-04-01 12:05:13.922491,0 days 00:00:18.949488,0.02651825209847627,0.9753266343975499,16,0.04025617262185234,0.18578791459504584,0.03992290909290226,0.014112561265290185,0.011932765103539418,0.09302200040352623,0.035257857958657726,10,115,0.09319421600346718,0.17506438259441476,True,False,False,7.809335634212991e-06,COMPLETE
1765,0.2797684073448181,2025-04-01 12:05:14.516700,2025-04-01 12:05:32.546531,0 days 00:00:18.029831,0.050406891143652786,0.9682451502539351,16,0.03433222331832381,0.2017802620652808,0.046851100730799025,0.012341774394303066,0.009041704724073767,0.09756807966829499,9.804180181021275e-05,11,127,0.09794626557203934,0.1533556184255237,True,True,False,4.9935153855356e-06,COMPLETE
1766,0.40506615042686467,2025-04-01 12:05:33.113431,2025-04-01 12:05:52.454973,0 days 00:00:19.341542,0.04757725010831551,0.9414158811307171,16,0.024341816447719843,0.2010389590083015,0.04304951568962347,0.009725663758092766,0.005658960056971883,0.09083582874967529,0.005403388412138289,10,126,0.08840012155517024,0.17774948475948815,True,False,False,1.0457600184786985e-05,COMPLETE
1767,0.6321611642837525,2025-04-01 12:05:53.048444,2025-04-01 12:06:12.438453,0 days 00:00:19.390009,0.03300690962441227,0.9841191073068674,16,0.03884093871608329,0.1819752997867538,0.03936261025925927,0.014021931977492921,0.013197090182707923,0.09285437482422096,5.489946964914971e-05,11,111,0.09172286323049876,0.18305006691647438,True,False,False,4.083078097859717e-06,COMPLETE
1768,0.589995551109314,2025-04-01 12:06:13.003945,2025-04-01 12:06:33.274975,0 days 00:00:20.271030,0.05084182926726877,0.948258266823891,16,0.03139394252624432,0.20299494326088582,0.0413125157365805,0.009571151191304023,0.008575006182192039,0.09173765126936845,8.086689747766623e-05,11,129,0.09344413410639367,0.16637202894836356,True,False,False,7.1932004431018185e-06,COMPLETE
1769,0.643617069721222,2025-04-01 12:06:33.866334,2025-04-01 12:06:52.990849,0 days 00:00:19.124515,0.0272289425609909,0.9499005367705806,16,0.02127788939357936,0.19529244605289295,0.044736276990772234,0.011656394089337432,0.010955706053602458,0.09063679548402827,9.895816306640764e-05,10,119,0.08865583356449572,0.18844316787466106,True,False,False,4.781088926280787e-06,COMPLETE
1770,0.609289014339447,2025-04-01 12:06:53.559344,2025-04-01 12:07:13.521074,0 days 00:00:19.961730,0.05028832425249327,0.9767580572333925,16,0.037648197459378197,0.201214277554391,0.049188481781948026,0.015419625790726189,0.010514500621603012,0.09486126816768235,6.617948442756137e-05,11,130,0.087993887126982,0.17025081626939004,True,False,False,6.205608977017071e-06,COMPLETE
1771,0.43396581411361695,2025-04-01 12:07:14.113862,2025-04-01 12:08:03.996639,0 days 00:00:49.882777,0.03067422316177941,0.9437004621998604,2,0.02625695982133268,0.19117911099814316,0.043134277595198126,0.00997417524319515,0.006188935355313572,0.09074328918537317,7.503435439307707e-05,10,123,0.0908775964187563,0.1779868775768297,True,False,False,9.768822067589015e-06,COMPLETE
1772,0.46665799617767334,2025-04-01 12:08:04.566692,2025-04-01 12:08:24.395761,0 days 00:00:19.829069,0.05392299328555041,0.9604386863791395,16,0.013474084332006756,0.2003509919441121,0.04636986231135973,0.012345737712714504,0.007136193447331488,0.09998577549079801,9.823654935842111e-05,11,130,0.0950776077585036,0.18747314532833825,True,False,False,4.07235962496533e-06,COMPLETE
1773,0.6009472131729126,2025-04-01 12:08:24.984868,2025-04-01 12:08:50.503638,0 days 00:00:25.518770,0.02477590974424261,0.9983574574756798,16,0.039278425675548824,0.2031787261644307,0.03957308311366823,0.009236860275148142,0.014383016618734578,0.09574558885484898,3.043044920200779e-05,20,125,0.08747052619674602,0.18150848643306525,True,False,False,1.4192051567152206e-05,COMPLETE
1774,0.6238921284675598,2025-04-01 12:08:51.094052,2025-04-01 12:09:10.329488,0 days 00:00:19.235436,0.011916127868910269,0.9783478441373303,16,0.03221134392966732,0.19498701062462667,0.040848587687909166,0.0851178356633824,0.004162652390662451,0.09774961566950802,8.63929604732706e-05,11,107,0.08632210708148096,0.1636457464860618,True,False,False,7.986245400190694e-06,COMPLETE
1775,0.424808657169342,2025-04-01 12:09:10.900920,2025-04-01 12:09:28.407240,0 days 00:00:17.506320,0.053053588550709206,0.9423028685924785,16,0.041879149733649514,0.18476454653569194,0.04591727197592004,0.013718359097616383,0.010174578731602008,0.09358505658493418,6.520634879530722e-05,10,121,0.09241258309255418,0.18230042609410835,True,False,True,4.590143371535971e-06,COMPLETE
1776,0.4786810874938965,2025-04-01 12:09:28.983107,2025-04-01 12:09:49.008262,0 days 00:00:20.025155,0.030018822691949904,0.9631724408606439,16,0.03951303487762748,0.19187811013546818,0.043456399855021095,0.011441654874796273,0.011606378895505344,0.09102704690165259,0.00010313510568334162,11,117,0.09800609612695226,0.17435048788959562,True,False,False,3.0086146950141403e-06,COMPLETE
1777,0.5858726143836975,2025-04-01 12:09:49.596464,2025-04-01 12:10:13.722364,0 days 00:00:24.125900,0.0490953153766301,0.9456162916479331,16,0.028655552336279446,0.18166170997378478,0.04891430104402069,0.00922311137130681,0.009058292757135631,0.09288494104700434,8.174047749489395e-05,17,130,0.08982643612762155,0.18711710000250015,True,False,False,8.27218498084401e-06,COMPLETE
1778,0.40360436439514163,2025-04-01 12:10:14.291746,2025-04-01 12:10:35.062209,0 days 00:00:20.770463,0.054035699724086894,0.9995977290932219,16,0.03341214617402743,0.20189246985284914,0.03914119652058762,0.014013766490483187,0.00780728479616967,0.09028503097456583,0.00010178886909934643,12,126,0.08972074315165682,0.17728492490337705,True,False,False,5.689511834083232e-06,COMPLETE
1779,0.41193681955337524,2025-04-01 12:10:35.652577,2025-04-01 12:10:53.284872,0 days 00:00:17.632295,0.025413832979721766,0.9746724873253653,16,0.039463262491868926,0.20365662889095204,0.04211058482943365,0.01620915464655238,0.012658694151726917,0.09513366436012682,8.263668275098175e-05,10,108,0.09240779216925175,0.16790397882634503,False,False,False,5.106420356915206e-06,COMPLETE
1780,0.6232269167900085,2025-04-01 12:10:53.863749,2025-04-01 12:11:14.258114,0 days 00:00:20.394365,0.010765321757389108,0.9628589727607161,16,0.026499768281467134,0.19852641622759473,0.0475907578433056,0.011211179684645797,0.005378955518646977,0.09004097310108812,5.745048470881849e-05,11,130,0.08794582966423259,0.1610322597613247,True,False,False,6.283640331909844e-06,COMPLETE
1781,0.596437418460846,2025-04-01 12:11:14.852121,2025-04-01 12:11:33.534797,0 days 00:00:18.682676,0.052465713578762875,0.9426334681379323,16,0.0180625029856258,0.20334503016462474,0.04491723087827352,0.009758938508605514,0.007669148436738241,0.09335842148601979,9.918471380183782e-05,9,124,0.08692595717357617,0.15348440740100477,True,False,False,1.1169021457424683e-05,COMPLETE
1782,0.5053912281990052,2025-04-01 12:11:34.112209,2025-04-01 12:11:54.175283,0 days 00:00:20.063074,0.037506235392646844,0.9824091251310494,16,0.037170141838367594,0.19000510326897338,0.04097598550970622,0.012588007911136321,0.014023698809109145,0.09146708462377663,7.034716732590717e-05,11,127,0.09623236862009643,0.1832953253457199,True,False,False,3.261869580504047e-06,COMPLETE
1783,0.6533414125442506,2025-04-01 12:11:54.768643,2025-04-01 12:12:15.422150,0 days 00:00:20.653507,0.05136213021735079,0.9428543981453265,16,0.04018164221321421,0.19249648001381106,0.04403422356525157,0.008793957591307012,0.010521768556024456,0.0970501127511677,0.00010332288109647772,12,121,0.08620442373889936,0.18825567030805454,True,False,False,7.427514996700833e-06,COMPLETE
1784,0.6548781752586365,2025-04-01 12:12:15.989119,2025-04-01 12:12:40.524818,0 days 00:00:24.535699,0.029016400412459793,0.9467869470067815,8,0.04061043493795118,0.18577475197691198,0.044797986614112724,0.008514314491964688,0.01120608979108493,0.09852907371042437,8.054668559453424e-05,12,116,0.08781515870668308,0.19004072689721135,True,False,False,1.6988131419805093e-05,COMPLETE
1785,0.2797684073448181,2025-04-01 12:12:41.117424,2025-04-01 12:13:03.572934,0 days 00:00:22.455510,0.03171460991560564,0.9443589443667509,8,0.034832187752596236,0.18386769660212932,0.04582665619282806,0.008456730307384112,0.011684835070360926,0.09555050620257705,4.023782505071384e-05,13,114,0.08874086621892466,0.18942331935549725,True,True,False,1.6989545144880317e-05,COMPLETE
1786,0.6184030532836915,2025-04-01 12:13:04.172327,2025-04-01 12:13:29.508220,0 days 00:00:25.335893,0.01017517987351885,0.9453622954929158,8,0.04173464031807971,0.17899643487130995,0.044554110045821105,0.00810655683687422,0.009647109240247604,0.09880243141055894,4.631944780319835e-05,13,110,0.09075790238631086,0.18989408957648524,True,False,False,2.4229801275938668e-05,COMPLETE
1787,0.42646847963333134,2025-04-01 12:13:30.087792,2025-04-01 12:14:26.406056,0 days 00:00:56.318264,0.011462506749054122,0.9580347231038439,2,0.032850906887109406,0.1937177994896647,0.04600065435326625,0.007466926252223071,0.014343847458699916,0.09811531367238509,6.162478531916402e-05,12,108,0.08789120717822806,0.18752100447441297,True,False,False,9.823278717755183e-06,COMPLETE
1788,0.6123141884803772,2025-04-01 12:14:26.979793,2025-04-01 12:14:47.342909,0 days 00:00:20.363116,0.032668906091551785,0.9633972021803886,16,0.039215982345339906,0.18083339738731083,0.047147707681612215,0.008490754901303375,0.012618073621214247,0.09834158917882208,4.840439684784749e-05,12,117,0.08690486482114383,0.1807892217785945,True,False,False,6.727854568660053e-06,COMPLETE
1789,0.641198992729187,2025-04-01 12:14:47.934390,2025-04-01 12:15:14.382287,0 days 00:00:26.447897,0.03140030026545315,0.9407928288390407,8,0.04182530460971392,0.1904462965185937,0.049383034729433915,0.008158234590153355,0.01055517120953038,0.09791150752007603,5.648934564870058e-05,14,115,0.08864618562259569,0.18847429712215694,True,False,False,1.3506424642386249e-05,COMPLETE
1790,0.65693598985672,2025-04-01 12:15:14.959328,2025-04-01 12:15:39.487183,0 days 00:00:24.527855,0.04069665322968197,0.9657646251507805,8,0.034070786990915834,0.18662013317136877,0.0447056585796679,0.09376174159731315,0.0091224963622494,0.09905864600996384,6.884426915804246e-05,12,116,0.08968144031593926,0.17926639178516143,True,False,False,1.189880405661005e-05,COMPLETE
1791,0.6476423144340515,2025-04-01 12:15:40.082538,2025-04-01 12:16:05.333322,0 days 00:00:25.250784,0.02678624262429581,0.9758622247279335,8,0.02573600353793526,0.18106435502164953,0.047406131273580156,0.053423911426494025,0.009541696989850357,0.09601558417367878,4.959960404962619e-05,13,112,0.09068041077179254,0.1803652962147754,True,False,False,8.16461571364643e-06,COMPLETE
1792,0.603062915802002,2025-04-01 12:16:05.905577,2025-04-01 12:16:30.814879,0 days 00:00:24.909302,0.04059667385117013,0.9623056654242884,8,0.03084611968195619,0.18465593280930062,0.0452308278855125,0.00956920323442989,0.007544351934283905,0.09918130731084457,2.1429288379622734e-05,12,117,0.09052298129126811,0.17245581111643288,True,False,False,1.9779951904089916e-05,COMPLETE
1793,0.642558789253235,2025-04-01 12:16:31.411149,2025-04-01 12:16:56.567389,0 days 00:00:25.156240,0.026736837015488443,0.9830946710187586,8,0.022733468150192192,0.17921069578743115,0.04664620320250672,0.09379537406106161,0.011245776314087743,0.09865391857006837,3.8920786012433566e-05,13,110,0.09173446450255535,0.17812437616281585,True,False,False,1.7233459119345233e-05,COMPLETE
1794,0.6431890010833741,2025-04-01 12:16:57.168229,2025-04-01 12:17:22.615879,0 days 00:00:25.447650,0.043763613993517296,0.9587933635207665,8,0.031050371606973205,0.18166872210809987,0.0488175665449699,0.008538939283618503,0.008949699229511079,0.09750611325763346,5.6923586732965866e-05,13,115,0.08907276566798115,0.18459569916545165,True,False,False,1.5565466372419742e-05,COMPLETE
