number,value,datetime_start,datetime_complete,duration,params_alpha-eval,params_alpha-train,params_batch-size,params_eps-eval,params_eps-train,params_lambda-actions-eval,params_lambda-actions-train,params_lambda-frames-eval,params_lambda-frames-train,params_learning-rate,params_n-epochs,params_n-frames,params_radius-gw,params_rho,params_std-feats,params_ub-actions,params_ub-frames,params_weight-decay,state
1190,0.5141242146492004,2025-04-22 00:11:27.300792,2025-04-22 00:12:04.598282,0 days 00:00:37.297490,0.38489810780038697,0.3468346662363992,2,0.26532588529362544,0.020572954926786517,0.09796654945719264,0.020203601472477777,0.026052784496982083,0.027192928353633034,0.0001348244154148286,6,77,0.022108841389638704,0.16605916929616438,True,False,False,1.2929149099382754e-08,COMPLETE
1191,0.6106593132019044,2025-04-22 00:12:04.983521,2025-04-22 00:12:20.987857,0 days 00:00:16.004336,0.40460361396476896,0.3199525995525766,16,0.28182052869272906,0.04272069583827797,0.09988051120524183,0.021138777230680805,0.02896622813377502,0.029180151342151513,9.673304450275358e-05,5,72,0.01823645770878241,0.16090790352412043,True,False,False,1.715573359217258e-08,COMPLETE
1192,0.309752368927002,2025-04-22 00:12:21.371031,2025-04-22 00:12:38.269258,0 days 00:00:16.898227,0.46528351457881584,0.20328303393565772,8,0.23662049346022415,0.031509964456305654,0.09504317216485456,0.017729619743485036,0.02399504714326769,0.014276060617759299,7.153178778812352e-05,6,79,0.017351233866861118,0.1819078057205842,True,True,False,1.2859601823096338e-08,COMPLETE
1193,0.4958864331245423,2025-04-22 00:12:38.652484,2025-04-22 00:13:15.679073,0 days 00:00:37.026589,0.4265552226856454,0.28301397441432474,2,0.06425283147294242,0.024142601802449995,0.0999856013929027,0.021166352513359753,0.026267358539223778,0.024448657308341164,0.00011517582894765816,6,75,0.02028279348905957,0.1690621266615755,True,False,False,1.9765879885621377e-08,COMPLETE
1194,0.5785829186439515,2025-04-22 00:13:16.062711,2025-04-22 00:13:32.094494,0 days 00:00:16.031783,0.3419847353079622,0.39281239481830166,16,0.29127805157298875,0.04276685723782194,0.09668408462417924,0.013743761739329733,0.028177151033512485,0.018994531941120697,8.945909569665635e-05,5,77,0.024861615773702682,0.16199706364002361,True,False,False,1.7790641058602443e-08,COMPLETE
1195,0.42705366611480716,2025-04-22 00:13:32.480824,2025-04-22 00:14:06.609604,0 days 00:00:34.128780,0.37174465340353985,0.2676022832239532,2,0.25309901749815816,0.037311795846516956,0.09703490497424962,0.018478923741943404,0.022982146479473844,0.02736957880411147,7.1117184958059e-05,5,71,0.016968423360698575,0.1754539228576705,True,False,False,1.0219531122327057e-08,COMPLETE
1196,0.583062481880188,2025-04-22 00:14:06.994080,2025-04-22 00:14:23.642012,0 days 00:00:16.647932,0.394563331714054,0.2979278915535395,16,0.24556281784932285,0.043231655660165395,0.0950519389034225,0.015907383498931938,0.0297036933404836,0.02198441716039941,0.00010027664795313532,6,80,0.019319192732207186,0.16928607014467398,True,False,False,1.389030225987398e-08,COMPLETE
1197,0.5314283847808838,2025-04-22 00:14:24.026742,2025-04-22 00:14:40.545062,0 days 00:00:16.518320,0.3594993189828699,0.148058130600785,16,0.23467906219988874,0.028449613323629556,0.09834453213258634,0.021282153884623047,0.021238168653308263,0.03025173202681965,0.0001283507843291941,6,74,0.017157372373647443,0.15978210255857714,True,False,False,1.2755633849951292e-08,COMPLETE
1198,0.44349528551101686,2025-04-22 00:14:40.930038,2025-04-22 00:14:56.542661,0 days 00:00:15.612623,0.4377764184760231,0.3847739498204067,16,0.29677857464589824,0.03416810013993844,0.09465960336788937,0.019510939528774827,0.027004207787614844,0.02530620063591704,7.8651947389032e-05,5,69,0.021905585850517394,0.17340145177817018,False,False,False,3.4399166881630295e-08,COMPLETE
1199,0.44263786077499395,2025-04-22 00:14:56.927939,2025-04-22 00:15:33.424858,0 days 00:00:36.496919,0.4160729061181481,0.3372675067772353,2,0.25640223451051314,0.04612389027588831,0.09804362958207884,0.02120141044286241,0.02486506305787292,0.02846079166113132,6.772015924241069e-05,6,58,0.019246859398245234,0.18335400020791104,True,False,False,1.0022172467641888e-08,COMPLETE
1200,0.5176705598831177,2025-04-22 00:15:33.813981,2025-04-22 00:16:07.755096,0 days 00:00:33.941115,0.37699114638414505,0.375582015110145,2,0.23061849786575306,0.10545863838767244,0.09645994472771241,0.01842062465297694,0.028182216491530104,0.07183543876594602,0.00018470560530709466,5,83,0.02316607138115488,0.16456224300804495,True,False,False,2.3701345429371423e-08,COMPLETE
1201,0.5744776606559754,2025-04-22 00:16:08.142337,2025-04-22 00:16:24.321987,0 days 00:00:16.179650,0.40105850097920853,0.3627401556414534,16,0.25495913752596205,0.0398839776873558,0.09997480218439561,0.011697406861535536,0.02989012011319063,0.01736362100243857,9.091210070478158e-05,5,76,0.021240241179170696,0.17047594418924097,True,False,False,3.410244581400556e-08,COMPLETE
1202,0.5694058656692506,2025-04-22 00:16:24.710932,2025-04-22 00:16:41.391111,0 days 00:00:16.680179,0.3483114018852344,0.3085071382214779,16,0.22899284997126124,0.04696840026187507,0.09665785524391593,0.020988776776564928,0.023698199936821287,0.026533140793043333,0.000108051415699585,6,79,0.01633585330404713,0.16165918872024732,True,False,False,1.4021232088618522e-08,COMPLETE
1203,0.4328843474388123,2025-04-22 00:16:41.778235,2025-04-22 00:17:15.760817,0 days 00:00:33.982582,0.38368180932061724,0.33731956255823037,2,0.286098683670803,0.03497550125285,0.09828062383944097,0.009923484486056226,0.02642419611544692,0.023270448812417847,6.608035399835712e-05,5,74,0.018417949555650147,0.17756107968178558,True,False,False,1.6278380404108594e-08,COMPLETE
1204,0.44581905603408817,2025-04-22 00:17:16.149438,2025-04-22 00:17:32.588350,0 days 00:00:16.438912,0.43889331522527186,0.2925420247937068,16,0.08758671439900262,0.02749740003677601,0.0946248908549932,0.015926422308965956,0.019006849317595123,0.030040848773908887,7.950073780894962e-05,6,66,0.020326897630465537,0.164761559063771,True,False,False,4.2391371680690924e-08,COMPLETE
1205,0.4540792465209961,2025-04-22 00:17:32.974294,2025-04-22 00:18:10.260696,0 days 00:00:37.286402,0.41225295761285013,0.35591720800810545,2,0.26647705420941975,0.04145363986446475,0.09998116699704793,0.021451724996434034,0.025127762058346385,0.03177122603895179,0.00013200269933069794,6,82,0.016446030726198532,0.15936410582300437,True,False,False,1.2695724690717106e-08,COMPLETE
1206,0.44116349220275886,2025-04-22 00:18:10.650028,2025-04-22 00:18:26.627961,0 days 00:00:15.977933,0.3762866633110583,0.26735040622847467,16,0.21981035949671768,0.05012219954583324,0.09667891811878254,0.0182808426366495,0.020850008564480417,0.0205466485108227,6.135798427942094e-05,5,77,0.0957202174253885,0.17482375945254558,True,False,False,5.447545435282098e-08,COMPLETE
1207,0.3095207154750824,2025-04-22 00:18:27.016273,2025-04-22 00:18:41.775819,0 days 00:00:14.759546,0.35905932316700045,0.3918715146929773,16,0.28663500368682104,0.03263383583706701,0.09478905530044371,0.02205106699500819,0.029381666662656434,0.02762552685299338,0.00010315779464952609,5,71,0.018335128662963773,0.169229915581918,True,False,True,1.4940296894061065e-08,COMPLETE
1208,0.5105532288551331,2025-04-22 00:18:42.163207,2025-04-22 00:19:19.452431,0 days 00:00:37.289224,0.4524256569528855,0.23863660400806855,2,0.24224335116639567,0.042659545672319554,0.09816681737295134,0.014246617882801942,0.022451695082451224,0.029532712061508426,0.00035025825414972757,6,79,0.023326145564413023,0.17880041978952294,True,False,False,2.2427475259153683e-08,COMPLETE
1209,0.516136634349823,2025-04-22 00:19:19.841755,2025-04-22 00:19:36.180376,0 days 00:00:16.338621,0.3957009842952333,0.3265384887038077,16,0.2636023590066143,0.022712463984041024,0.09819075638859869,0.007138281568003618,0.027112185171559323,0.02526241010488055,0.00017431272590264638,5,83,0.025736570033805046,0.1588872951936918,True,False,False,1.0395552337121471e-08,COMPLETE
1210,0.5196241021156311,2025-04-22 00:19:36.573403,2025-04-22 00:20:10.496980,0 days 00:00:33.923577,0.4286646804138435,0.3698158997063691,2,0.24003549782149106,0.050512407121361354,0.09498836965723106,0.016868545073564566,0.025164043366211423,0.031472201636084836,8.065837250260141e-05,5,74,0.09007745623251728,0.16540832095659702,True,False,False,4.5571807410205524e-08,COMPLETE
1211,0.33614188432693487,2025-04-22 00:20:10.888798,2025-04-22 00:20:25.887898,0 days 00:00:14.999100,0.3453894107395627,0.31462654039074034,16,0.25406441259596785,0.035672435540318834,0.09664753316766717,0.019510985377251586,0.029208261356346417,0.023088353314728412,0.00015234673407652207,6,85,0.016699276055343985,0.18281861379470873,True,True,False,6.442416200319775e-08,COMPLETE
1212,0.5899508833885193,2025-04-22 00:20:26.277502,2025-04-22 00:20:42.516474,0 days 00:00:16.238972,0.40818701265680063,0.3475853700366929,16,0.2718739100323932,0.044717184073599966,0.09831918800061082,0.02266286828700038,0.023461686646701944,0.011754230878470258,5.7044499389214705e-05,5,80,0.0211944357728603,0.17103907725439896,True,False,False,1.6628379784028794e-08,COMPLETE
1213,0.518951416015625,2025-04-22 00:20:42.909089,2025-04-22 00:21:19.958492,0 days 00:00:37.049403,0.3331080533371431,0.38982194756005706,2,0.07600772225583775,0.053344633570579225,0.09998171521113325,0.01893109844420782,0.027732853967275865,0.09739478932233185,0.00011288676766924384,6,76,0.019337271238474545,0.16020875629731599,True,False,False,3.96856644634302e-08,COMPLETE
1214,0.44631543159484866,2025-04-22 00:21:20.348909,2025-04-22 00:21:36.088548,0 days 00:00:15.739639,0.3781310113272571,0.07109839348849772,16,0.2586370704856241,0.038767550647301044,0.09465441449778851,0.021162066977299148,0.02541532356460498,0.028143818902495225,7.17351934691858e-05,5,72,0.015973045492316724,0.1666426103684487,False,False,False,1.0030791775255764e-08,COMPLETE
1215,0.417204475402832,2025-04-22 00:21:36.481210,2025-04-22 00:22:13.516173,0 days 00:00:37.034963,0.36285329670652355,0.09785330049990437,2,0.27584627276155665,0.01073153548031959,0.09654508683457978,0.015613301598515228,0.029679587676625572,0.015506806375913666,8.834712940393552e-05,6,68,0.022307730042189212,0.17386277879930156,True,False,False,2.8172971535521964e-08,COMPLETE
1216,0.5755374312400818,2025-04-22 00:22:13.906811,2025-04-22 00:22:29.893029,0 days 00:00:15.986218,0.4211007384439253,0.30706947683472674,16,0.07043225598302513,0.04699682107780463,0.09468844738894507,0.02201928165367678,0.02088002198494673,0.02610832404084348,6.049813215637901e-05,5,77,0.017327263877734502,0.15838649491574666,True,False,False,5.171037854897119e-08,COMPLETE
1217,0.5800077438354493,2025-04-22 00:22:30.283430,2025-04-22 00:23:07.231772,0 days 00:00:36.948342,0.39283844493948017,0.33197337075441624,2,0.08158624622943825,0.031565128350537,0.09692846853607126,0.019100110201957964,0.023005491592006003,0.020857572157561118,5.460127533923327e-05,6,81,0.01964698416664408,0.17890178932667053,True,False,False,7.046840093243968e-08,COMPLETE
1218,0.5669518232345582,2025-04-22 00:23:07.625728,2025-04-22 00:23:24.099340,0 days 00:00:16.473612,0.36708818556904266,0.264403180925807,16,0.22272553463573763,0.03936568401775033,0.09847369790563267,0.01701944121869443,0.027409835967844864,0.029615132776008756,9.703076133088147e-05,6,73,0.02351323562217237,0.1648360575856522,True,False,False,1.2516148737338837e-08,COMPLETE
1219,0.5742242336273193,2025-04-22 00:23:24.490371,2025-04-22 00:23:40.643792,0 days 00:00:16.153421,0.4697847310089814,0.19472418120513088,16,0.28115230361738086,0.05631778020477085,0.09438078384148856,0.0011929664400066372,0.02989418318659043,0.01943368762625094,0.0001249049780782881,5,85,0.018066736846968013,0.17129695418033103,True,False,False,1.043107971766859e-07,COMPLETE
1220,0.41462045907974243,2025-04-22 00:23:41.042940,2025-04-22 00:24:15.037915,0 days 00:00:33.994975,0.3942590284957017,0.36922655940440013,2,0.0697856865278873,0.049231215790372075,0.09674732542625818,0.022456102971786965,0.02583982481964608,0.031749943577502625,6.626028298332783e-05,5,79,0.015394473908726291,0.18311504074053714,True,False,False,1.986553333149249e-08,COMPLETE
1221,0.44902819395065313,2025-04-22 00:24:15.429536,2025-04-22 00:24:31.923913,0 days 00:00:16.494377,0.3435561659961691,0.40201644122162333,16,0.26291438175476467,0.018830480611559567,0.09990825351630725,0.01979772863143722,0.024618936575735637,0.027408816324935616,5.298466533417068e-05,6,70,0.021040229157605634,0.15952457976609727,True,False,False,5.887610979494989e-08,COMPLETE
1222,0.5791204810142517,2025-04-22 00:24:32.314120,2025-04-22 00:24:48.267819,0 days 00:00:15.953699,0.4212873007466943,0.2816758959378455,16,0.2975838874768687,0.04255332313906553,0.09657070119660043,0.023696614895798947,0.01876886591319681,0.0224993409440716,8.038330660379665e-05,5,75,0.0181948005708674,0.16572600386359376,True,False,False,8.37695905530721e-08,COMPLETE
1223,0.522798478603363,2025-04-22 00:24:48.660155,2025-04-22 00:25:25.630625,0 days 00:00:36.970470,0.4515774496966123,0.3465171185578668,2,0.07409035545731259,0.02755749398482217,0.09443438969791577,0.013676332676513157,0.02715921702844925,0.024740631829452225,0.0001451249423560076,6,82,0.02594201959415345,0.17609668385964244,True,False,False,1.0071632132333298e-08,COMPLETE
1224,0.5753445982933045,2025-04-22 00:25:26.023374,2025-04-22 00:25:42.340872,0 days 00:00:16.317498,0.38257904510935326,0.38380863079835437,16,0.06609810235795065,0.05543104557788765,0.0982660914355087,0.02042246713393678,0.02245176983954731,0.029545065388990537,0.00010997250537725123,5,77,0.015717826093358502,0.1580023323752274,True,False,False,1.1145479004903016e-07,COMPLETE
1225,0.41632280349731443,2025-04-22 00:25:42.732229,2025-04-22 00:26:16.606323,0 days 00:00:33.874094,0.4067610608518981,0.29782355395778304,2,0.2731393944470568,0.11272887420093496,0.09821682676334328,0.011984005319094455,0.030065619938823836,0.01826303696549183,6.592464802345642e-05,5,74,0.020240050982997276,0.17011570470569712,True,False,False,6.548489778042833e-08,COMPLETE
1226,0.42648553848266607,2025-04-22 00:26:16.995523,2025-04-22 00:26:36.060066,0 days 00:00:19.064543,0.3648042704341982,0.3206396408905313,8,0.06675343198361576,0.03678658741613336,0.09523119862434487,0.023448658577150207,0.024103122020730023,0.031252852798193446,0.000213449743441113,6,65,0.017722763125313654,0.16386613637406894,True,False,False,1.617664739025128e-08,COMPLETE
1227,0.2968894481658936,2025-04-22 00:26:36.452035,2025-04-22 00:26:52.733001,0 days 00:00:16.280966,0.32752770137517007,0.22997473673420543,8,0.23207988067747576,0.04581592317301132,0.0966319428328132,0.017477470442622163,0.027850183598219315,0.027057598512630714,5.21320720599161e-05,5,79,0.02407099172438065,0.17486618493751444,True,False,True,4.0396828797876594e-08,COMPLETE
1228,0.38739287853240967,2025-04-22 00:26:53.126002,2025-04-22 00:27:12.188432,0 days 00:00:19.062430,0.38552466606270774,0.36436171518199295,8,0.24839448926485508,0.05134708582214389,0.09388398029583263,0.022696285866401638,0.020881885485312328,0.024393071651146417,9.125468554385732e-05,6,71,0.021770327691333538,0.15671180958861397,True,False,False,5.238567669251526e-08,COMPLETE
1229,0.5775553107261657,2025-04-22 00:27:12.583787,2025-04-22 00:27:31.212048,0 days 00:00:18.628261,0.4453263623433794,0.3912014479136793,8,0.09695542999730536,0.0378230794016508,0.09829873236172419,0.015936945470298544,0.02610619538313504,0.028822432181337627,7.764537022270828e-05,5,83,0.015111853832688791,0.18455356353505467,True,False,False,8.64798731971864e-08,COMPLETE
1230,0.2797684073448181,2025-04-22 00:27:31.606138,2025-04-22 00:27:46.365777,0 days 00:00:14.759639,0.3479200502671639,0.35330351091547896,16,0.07747224872941078,0.029794548020485173,0.09630052632236423,0.020719152655971025,0.03025106347089009,0.031374170102641555,6.511233085107429e-05,6,77,0.019262292785614952,0.10051968779840162,True,True,False,1.2639345768744133e-08,COMPLETE
1231,0.48981107473373414,2025-04-22 00:27:46.757027,2025-04-22 00:28:05.681937,0 days 00:00:18.924910,0.41595066132173975,0.32597949120638187,8,0.2839353504116454,0.045006982907124835,0.09837806343168064,0.02373654826374263,0.023834948213262843,0.026287139504748324,0.03989567289178028,5,129,0.016470822660123202,0.16924269730562114,True,False,False,7.128751542965947e-08,COMPLETE
1232,0.6293681144714356,2025-04-22 00:28:06.075647,2025-04-22 00:28:24.413392,0 days 00:00:18.337745,0.40222618557602874,0.2554756166510094,8,0.08732130974679428,0.05627736287957922,0.09592368218538601,0.018379651957247018,0.028163587342157584,0.017264125701890298,5.390428309972185e-05,5,85,0.014126580881038171,0.16160700297391187,True,False,False,1.1108108248701244e-07,COMPLETE
1233,0.44400976896286015,2025-04-22 00:28:24.808909,2025-04-22 00:28:43.454139,0 days 00:00:18.645230,0.3652576622267645,0.29668318476158684,8,0.2606591885062106,0.05016041162593391,0.0999317069730352,0.004738534178814213,0.02575986857706439,0.02079243376529008,8.830750832786891e-05,6,73,0.020548300950301454,0.17534266958643713,False,False,False,3.158889835503588e-08,COMPLETE
1234,0.4794900417327881,2025-04-22 00:28:43.865117,2025-04-22 00:29:02.209044,0 days 00:00:18.343927,0.42897985075379347,0.33855946790876734,8,0.07139565540924554,0.024598585851981634,0.099952432961032,0.021103178042060317,0.030442151278222897,0.02872110730013671,0.0663357498306543,5,81,0.01823011584075648,0.15688087140631404,True,False,False,9.235914700736809e-08,COMPLETE
1235,0.6474939227104187,2025-04-22 00:29:02.608547,2025-04-22 00:29:21.630821,0 days 00:00:19.022274,0.38485185912777364,0.40231571243989017,8,0.0629304930835119,0.034259257435376556,0.09407133374514555,0.02445416382944741,0.022826558660209724,0.032390575749386634,0.00012418586394800227,6,75,0.02270975569073747,0.16709910371966702,True,False,False,6.593104177686198e-08,COMPLETE
1236,0.42454665899276733,2025-04-22 00:29:22.027171,2025-04-22 00:29:59.372487,0 days 00:00:37.345316,0.38304774052918167,0.38050511954975175,2,0.07121658317074532,0.03128299109927835,0.0945370608248011,0.021748210420495195,0.02029134113112202,0.0773865068836415,0.00011168119274824625,6,68,0.016700549468046784,0.16356126532641915,True,False,False,5.280075564991645e-08,COMPLETE
1237,0.4146113753318787,2025-04-22 00:29:59.770532,2025-04-22 00:30:18.012754,0 days 00:00:18.242222,0.39772621164163674,0.4001352593677266,8,0.0624454627640429,0.03303310577014474,0.09354835899597401,0.023672437630364633,0.021763328506946268,0.032269573334343604,0.00016456553812250427,5,70,0.018893261365080658,0.15742763689391215,True,False,False,4.10082775839421e-08,COMPLETE
1238,0.6182223439216614,2025-04-22 00:30:18.412336,2025-04-22 00:30:37.399416,0 days 00:00:18.987080,0.3641397627982834,0.3659100169502885,8,0.0665050835902988,0.01933327533163904,0.0969324109420743,0.008147942830146988,0.022867595810082606,0.032236503842896926,0.0001888776160375668,6,72,0.01405934493132969,0.1662488471731073,True,False,False,6.20588371316845e-08,COMPLETE
1239,0.5894065260887146,2025-04-22 00:30:37.806746,2025-04-22 00:30:56.300859,0 days 00:00:18.494113,0.3789167426440812,0.40326341013930095,8,0.07834350535759106,0.023618911389961104,0.09827866969286345,0.019621777386964,0.017931733413048507,0.0329792635393203,0.00014214861989843912,5,74,0.023586365955752427,0.15689561041061795,True,False,False,4.3932027065281906e-08,COMPLETE
1240,0.40778212547302245,2025-04-22 00:30:56.699182,2025-04-22 00:31:15.708117,0 days 00:00:19.008935,0.3299189931247826,0.31499012382505565,8,0.06213304515802854,0.036593629768860984,0.09679375286360559,0.022209656002602905,0.020296218319681293,0.032894174525064816,0.0001355478105564251,6,68,0.02036184693762639,0.17716426057601004,True,False,False,6.549677293684989e-08,COMPLETE
1241,0.5691550493240356,2025-04-22 00:31:16.108320,2025-04-22 00:31:32.041725,0 days 00:00:15.933405,0.41050933320195276,0.347638989251561,16,0.07305639582690789,0.030006931974198518,0.09386431092167244,0.013551221702932924,0.023845912352507125,0.030351783513340665,0.00012131852431637842,5,75,0.01600781510517176,0.16351261091955832,True,False,False,5.112045597632968e-08,COMPLETE
1242,0.4111823797225952,2025-04-22 00:31:32.442334,2025-04-22 00:31:51.341094,0 days 00:00:18.898760,0.3440993587753874,0.35325897931642036,8,0.062113688148201444,0.03725118166057131,0.09820994167092723,0.01733593771100967,0.022137137765506753,0.030574157912628956,0.00014983600719049107,6,63,0.017727882959524315,0.17061167397127758,True,False,False,3.562523620468532e-08,COMPLETE
1243,0.40618419647216797,2025-04-22 00:31:51.748000,2025-04-22 00:32:10.308677,0 days 00:00:18.560677,0.3931027820772913,0.37847985395312816,8,0.06710681978971594,0.026394467604875883,0.09606819539789886,0.023691902309424473,0.0248268717390216,0.03249815507123304,0.00010309162099889294,5,71,0.021486935621779907,0.18432067101512067,True,False,False,2.364921089181921e-08,COMPLETE
1244,0.4548360705375672,2025-04-22 00:32:10.709814,2025-04-22 00:32:29.076904,0 days 00:00:18.367090,0.3565012512281239,0.39856682387988773,8,0.06173525817782932,0.04099062283484457,0.09384369579320845,0.019800759445276792,0.018022746251989248,0.029878047744471625,0.00012068530615440017,5,76,0.02559209416713335,0.15669678734409137,True,False,False,7.277150768612462e-08,COMPLETE
1245,0.6682767510414124,2025-04-22 00:32:29.474771,2025-04-22 00:32:48.611677,0 days 00:00:19.136906,0.4317588974566893,0.3264808472907963,8,0.07663135356197084,0.03585308936387733,0.09837901782543068,0.024364870870787262,0.022515536548937416,0.014569501805909994,0.0001791915483874192,6,74,0.013874226613262042,0.16446592606692603,True,False,False,5.53389935958048e-08,COMPLETE
