number,value,datetime_start,datetime_complete,duration,params_alpha-eval,params_alpha-train,params_batch-size,params_eps-eval,params_eps-train,params_lambda-actions-eval,params_lambda-actions-train,params_lambda-frames-eval,params_lambda-frames-train,params_learning-rate,params_n-epochs,params_n-frames,params_radius-gw,params_rho,params_std-feats,params_ub-actions,params_ub-frames,params_weight-decay,state
1571,0.4671965718269348,2025-04-01 10:55:36.429065,2025-04-01 10:55:56.915722,0 days 00:00:20.486657,0.3716859704976371,0.9382238580182581,16,0.06189303038454883,0.2255713598895148,0.0291324183685838,0.0026445300873612953,0.034724598597513735,0.08121208976243599,0.00010585083106514744,11,134,0.0889101809845467,0.2057300396912983,True,False,False,8.280947983711917e-07,COMPLETE
1572,0.2797684073448181,2025-04-01 10:55:57.421460,2025-04-01 10:56:15.540380,0 days 00:00:18.118920,0.11970362190098857,0.8929704004255947,16,0.050418428956075595,0.2451131971886564,0.034530278712524176,0.009888829143820273,0.030917530368823918,0.049643033368834626,6.662070430518936e-05,11,132,0.09216528103588237,0.21490640398726485,True,True,False,4.2132220644440804e-07,COMPLETE
1573,0.422834324836731,2025-04-01 10:56:16.045965,2025-04-01 10:56:37.074144,0 days 00:00:21.028179,0.17009827142380468,0.923791850881972,16,0.06953985455207454,0.23957572835901952,0.029679284070305186,0.005578923523995058,0.03016971361364484,0.08253452721190976,0.00012438727086245188,12,128,0.08620973747524205,0.22262212325756933,True,False,False,2.475591191305e-07,COMPLETE
1574,0.4890992403030396,2025-04-01 10:56:37.597822,2025-04-01 10:56:58.169191,0 days 00:00:20.571369,0.09323499033476207,0.9135707480219993,16,0.05698515864722146,0.21814314940496507,0.041783307595750586,0.011964200341408226,0.02696039867228073,0.08543185816459199,4.308428151428415e-05,11,134,0.08379700784969939,0.21326385830389205,True,False,False,3.005001907844161e-07,COMPLETE
1575,0.4392198324203492,2025-04-01 10:56:58.673757,2025-04-01 10:57:20.215600,0 days 00:00:21.541843,0.14347724856412997,0.9578323075855082,16,0.06424640455016406,0.23207751830406328,0.03812909277237764,0.008187130836056052,0.03337706610890789,0.08831386816876027,9.257930342862685e-05,13,131,0.08445424179752722,0.2225804644413307,True,False,False,6.439027076111035e-07,COMPLETE
1576,0.6268895626068116,2025-04-01 10:57:20.721639,2025-04-01 10:57:40.449663,0 days 00:00:19.728024,0.07164580828047613,0.8958110040107665,16,0.048688325659769736,0.2517871090707645,0.031428664028672046,0.004420674074511232,0.02799643702934262,0.07999919386300408,0.00010600915871398532,11,125,0.085843637986644,0.21632053503418672,True,False,False,1.2632510402818478e-06,COMPLETE
1577,0.4132810115814209,2025-04-01 10:57:40.976065,2025-04-01 10:58:02.008857,0 days 00:00:21.032792,0.03623767016409326,0.8888745195908712,16,0.058272454633495396,0.24596453384114947,0.03621985397418226,0.010675880533218097,0.0303650167095391,0.08396619738650338,0.00013102898013941458,12,136,0.08330678208981361,0.22351689634388383,True,False,False,4.436209367448544e-07,COMPLETE
1578,0.42195651531219486,2025-04-01 10:58:02.516051,2025-04-01 10:58:22.944101,0 days 00:00:20.428050,0.12171346999823805,0.940601611818598,16,0.18940097690198537,0.25913153723332744,0.03375340274238847,0.007184637605102979,0.03522081659901603,0.08706542873244831,7.864677687639471e-05,11,135,0.09298013580941135,0.21168738991629302,True,False,False,3.3515436463798874e-07,COMPLETE
1579,0.42422786951065067,2025-04-01 10:58:23.455127,2025-04-01 10:58:43.816355,0 days 00:00:20.361228,0.10412875805878921,0.8902396713737575,16,0.06855439280198886,0.23624298707357974,0.03952711873595751,0.008934905074375865,0.0321916639927495,0.04687111181135906,9.555943011154557e-05,11,135,0.09145007314009419,0.2235785189640968,True,False,False,5.422548789899738e-07,COMPLETE
1580,0.4230945467948914,2025-04-01 10:58:44.344170,2025-04-01 10:59:05.163552,0 days 00:00:20.819382,0.1456094134752145,0.916144728649129,16,0.07286964129293783,0.22539201127766417,0.030682039336251927,0.0023418826215663774,0.031346973057647734,0.07955971138651362,0.00012826251916152464,12,132,0.08442752481781529,0.20781843360511942,True,False,False,1.0391012829921216e-06,COMPLETE
1581,0.6412427663803101,2025-04-01 10:59:05.674110,2025-04-01 10:59:25.059472,0 days 00:00:19.385362,0.08033171817878146,0.9057647855809361,16,0.06559435388383127,0.22981119261105482,0.037475111846237176,0.011696914574355594,0.03237872799178153,0.08188376193466619,0.00010729435828803206,10,130,0.08091185626688431,0.21740901842474997,True,False,False,7.103565441840764e-07,COMPLETE
1582,0.434915566444397,2025-04-01 10:59:25.569214,2025-04-01 10:59:50.686466,0 days 00:00:25.117252,0.16637660175133162,0.8863477917336857,8,0.05588712952342137,0.2417615910876842,0.03474166284859687,0.005203385259990047,0.035743645164117606,0.08543075245952483,5.983345414282022e-05,12,135,0.08995992176380471,0.21978231983580027,True,False,False,2.215548178446188e-07,COMPLETE
1583,0.43418858051300047,2025-04-01 10:59:51.212060,2025-04-01 11:00:09.360656,0 days 00:00:18.148596,0.05634842599149656,0.9182884491990176,16,0.07322828420454276,0.24938349245614938,0.032945845310822466,0.05107117935635137,0.036824262660477926,0.08355895229772467,8.557310651856896e-05,11,124,0.08827105521967948,0.198792755444542,True,False,True,1.5536133782347622e-06,COMPLETE
1584,0.6426732420921326,2025-04-01 11:00:09.872826,2025-04-01 11:00:29.382386,0 days 00:00:19.509560,0.12198495176790064,0.9555862551841073,16,0.06274853768830788,0.21935016103343588,0.029547874476300136,0.006589153041693874,0.03507007154773506,0.08856911662086724,0.00013060130676893883,10,127,0.0832186072496896,0.22488223229058033,True,False,False,3.7663309057820856e-07,COMPLETE
1585,0.6533644199371338,2025-04-01 11:00:29.897448,2025-04-01 11:00:50.212522,0 days 00:00:20.315074,0.09913595553090752,0.8890275698540894,16,0.049077007169419665,0.23386886746683605,0.04135720371217434,0.00945319223423834,0.030504061677485702,0.08196541313374568,0.00010355221514022387,11,136,0.07915022508378891,0.22604305091556595,True,False,False,8.326971207500978e-07,COMPLETE
1586,0.4036224961280823,2025-04-01 11:00:50.740705,2025-04-01 11:01:08.891086,0 days 00:00:18.150381,0.07192994485476831,0.9309863424509738,16,0.0471046873835375,0.22450909936723196,0.04215978338409103,0.008630678116032731,0.03002576491982514,0.07966975477671895,0.0001289511220134785,11,133,0.08305811577100003,0.210718829021978,False,False,False,4.7581120991317173e-07,COMPLETE
1587,0.6457574963569641,2025-04-01 11:01:09.403904,2025-04-01 11:01:30.476531,0 days 00:00:21.072627,0.08976988680235125,0.8821196833777643,16,0.046129024807522706,0.23047220674979024,0.04257200811187822,0.007800133798027343,0.029504937445938805,0.08093975671591763,0.00011119443696923294,12,132,0.08214574683207942,0.21716625482044313,True,False,False,2.731335099937296e-07,COMPLETE
1588,0.6024608492851258,2025-04-01 11:01:31.009166,2025-04-01 11:01:50.427699,0 days 00:00:19.418533,0.048663331873644945,0.9059627535799678,16,0.04875607364187948,0.2698341544960133,0.0410992734056436,0.009209083907586556,0.029808264747455297,0.07855259114442706,8.055618798917355e-05,10,130,0.07981783770762381,0.2255102912085209,True,False,False,5.878870901278968e-07,COMPLETE
1589,0.5853952884674072,2025-04-01 11:01:50.943435,2025-04-01 11:02:11.136504,0 days 00:00:20.193069,0.08575719227513617,0.9490016842631358,16,0.05339432752087803,0.22020367653666637,0.03762507591827969,0.0060521933900392726,0.0326087899305027,0.08110525889402112,0.0001343642644314737,11,135,0.08184345968279014,0.20435823338999004,True,False,False,1.8912480223502712e-07,COMPLETE
1590,0.6286843776702882,2025-04-01 11:02:11.648251,2025-04-01 11:02:32.407367,0 days 00:00:20.759116,0.46618572593679064,0.9087119044353429,16,0.0478390761220004,0.23948795970100345,0.04244586285221224,0.00994721676958399,0.029287374036969,0.08148122049650999,0.00011704118226650352,12,135,0.08062101236451827,0.22111311868587727,True,False,False,6.322285113596414e-06,COMPLETE
1591,0.2797684073448181,2025-04-01 11:02:32.940627,2025-04-01 11:02:50.890294,0 days 00:00:17.949667,0.06605742656131511,0.9775561747740866,16,0.047392704605548744,0.22894911449933944,0.04433860311920742,0.00761977960608344,0.02883323767996377,0.07911873602696361,9.387386679452499e-05,11,128,0.07960780394688145,0.21387133085485924,True,True,False,3.036198088259727e-07,COMPLETE
1592,0.43298575878143314,2025-04-01 11:02:51.405344,2025-04-01 11:03:51.750504,0 days 00:01:00.345160,0.09521518537514584,0.8819213521382206,2,0.05199092345612912,0.2348117332449705,0.040736359993373855,0.0037916743122666436,0.0303312242962073,0.0821295130692961,0.00013494912586111999,13,136,0.0841749379625099,0.22469463295824915,True,False,False,4.701006942468847e-07,COMPLETE
1593,0.5275421023368836,2025-04-01 11:03:52.262655,2025-04-01 11:04:11.904138,0 days 00:00:19.641483,0.07289816790000714,0.8873498494680782,16,0.05429225991999817,0.2606050550522066,0.04281992867190222,0.006157281633534689,0.026349668938602914,0.08010146646640873,7.18329660336303e-05,10,133,0.0810048728845503,0.18041208107359594,True,False,False,3.630728071820666e-07,COMPLETE
1594,0.6360955715179444,2025-04-01 11:04:12.438489,2025-04-01 11:04:33.156467,0 days 00:00:20.717978,0.03635483891019649,0.924473120693228,16,0.04603659706738204,0.24499451975528463,0.0405227577298632,0.009725252451565226,0.03404532972696366,0.035995626047476637,0.0001037758470037033,12,130,0.07922383705682358,0.2207545458905509,True,False,False,6.264622056461145e-07,COMPLETE
1595,0.4219954013824463,2025-04-01 11:04:33.672438,2025-04-01 11:04:54.051534,0 days 00:00:20.379096,0.10032541134875565,0.9071815377942122,16,0.051758246171361155,0.25407266019811364,0.04406307172806559,0.008138461930966762,0.028479695874224862,0.08215463235525527,9.006812319579689e-05,11,136,0.0849121816823525,0.2081454360083487,True,False,False,7.931054413167531e-07,COMPLETE
1596,0.41064659357070926,2025-04-01 11:04:54.558830,2025-04-01 11:05:14.386764,0 days 00:00:19.827934,0.056619763572260784,0.19404217065415563,16,0.057503803006787195,0.22916002956620493,0.03861530403821923,0.004199879814350074,0.02748113869132759,0.07907893459677813,0.00014165894970045865,10,136,0.08114358710017633,0.21698335110512362,True,False,False,4.5700695276989074e-07,COMPLETE
1597,0.6556438803672792,2025-04-01 11:05:14.920468,2025-04-01 11:05:35.157053,0 days 00:00:20.236585,0.10474153244624897,0.8774039311471202,16,0.04516070947425779,0.21650174940395478,0.04007523106049822,0.010613095496900406,0.023193615355377846,0.08273612444400648,0.00010869476728109428,11,132,0.07838460691414503,0.22941977876302633,True,False,False,3.559642936619863e-07,COMPLETE
1598,0.5811463713645936,2025-04-01 11:05:35.669737,2025-04-01 11:05:54.369408,0 days 00:00:18.699671,0.10156841205369034,0.934610060854352,16,0.04341727344301581,0.21248153051862764,0.040876288171102705,0.010998278343299013,0.02021541383597382,0.08629634072865179,7.041115246132784e-05,9,129,0.08209561832934112,0.22273840683901494,True,False,False,3.311514072008396e-07,COMPLETE
1599,0.6022791147232056,2025-04-01 11:05:54.906648,2025-04-01 11:06:15.274965,0 days 00:00:20.368317,0.08498259262683214,0.9026673162002666,16,0.042777933612525944,0.2207286663710265,0.043103118897270455,0.011262829808152902,0.023284217299165,0.08365101109200913,7.947733887743086e-05,12,125,0.07896174217244666,0.22696891207266043,True,False,False,2.3803189884014628e-07,COMPLETE
1600,0.6291403889656068,2025-04-01 11:06:15.792129,2025-04-01 11:06:37.849264,0 days 00:00:22.057135,0.1061057373319334,0.9153565718846233,16,0.04323437831535893,0.22050368089295255,0.0401694429962069,0.01191373350552496,0.019787288215492266,0.08266092827048681,5.610816406142645e-05,14,133,0.08074799611158476,0.21574649533110193,True,False,False,2.747346043788968e-07,COMPLETE
1601,0.43179867267608646,2025-04-01 11:06:38.365706,2025-04-01 11:06:56.376416,0 days 00:00:18.010710,0.08124674784056685,0.8849642046678593,16,0.04506071032446684,0.21934015606020082,0.04116830266926703,0.006954164896729675,0.020642557991247038,0.084283330288553,8.995311691215614e-05,11,122,0.08251680721182916,0.2293579046532666,True,False,True,3.739664574977731e-07,COMPLETE
1602,0.6434296488761903,2025-04-01 11:06:56.911944,2025-04-01 11:07:16.594277,0 days 00:00:19.682333,0.11239485699861389,0.9349782358006372,16,0.04693522147650095,0.21523363660636335,0.04240778861450109,0.0100159844280123,0.022954789628671802,0.08377577115247586,0.00010359066714703311,10,129,0.07925542841782855,0.21961142478026371,True,False,False,1.9842109325172408e-07,COMPLETE
1603,0.650406551361084,2025-04-01 11:07:17.109621,2025-04-01 11:07:37.251494,0 days 00:00:20.141873,0.09508340131887766,0.8770217674308837,16,0.05106672274883743,0.2148743273470437,0.03977739357379234,0.008807188325055598,0.033751307337177704,0.08319342213732879,8.397172997605012e-05,11,128,0.07989026915955315,0.20907842145015465,True,False,False,2.898534910179729e-07,COMPLETE
1604,0.6422842621803284,2025-04-01 11:07:37.765027,2025-04-01 11:08:02.432807,0 days 00:00:24.667780,0.07150763443507797,0.8855372876465909,8,0.04357738113537131,0.21801641469950045,0.04036799538234201,0.012148233991419887,0.02348132680125735,0.08300783507106481,6.505045525758756e-05,12,119,0.08427776618923818,0.2098242747751469,True,False,False,2.0680435170706203e-07,COMPLETE
1605,0.6108844161033631,2025-04-01 11:08:02.967830,2025-04-01 11:08:23.200210,0 days 00:00:20.232380,0.09178690156000996,0.8964583916974006,16,0.04184621637319437,0.21305269537131036,0.04206331343620277,0.009974571334541445,0.010092679114179683,0.08300442063614775,5.119252478268968e-05,11,129,0.08234139706441032,0.2022224117897443,True,False,False,2.6544184363827023e-07,COMPLETE
1606,0.4232269406318665,2025-04-01 11:08:23.717877,2025-04-01 11:08:42.722108,0 days 00:00:19.004231,0.06744857310037838,0.8803417678557511,16,0.04677764367570282,0.2136845202033031,0.03934204683539814,0.01188678137720616,0.026322115478949176,0.08447994797351344,5.458747665909405e-05,13,120,0.08554984133046621,0.20449465069059153,False,False,False,1.7312492730393187e-07,COMPLETE
1607,0.5622239947319031,2025-04-01 11:08:43.237141,2025-04-01 11:09:02.681109,0 days 00:00:19.443968,0.08792485336888874,0.9018022738511898,16,0.05070573678514026,0.20955233860564296,0.03962685034562976,0.009966130866484506,0.014749195525714374,0.08250166365733459,7.613549581606461e-05,10,123,0.07962764548576105,0.19030784415201393,True,False,False,2.422853354734991e-07,COMPLETE
1608,0.6165310263633729,2025-04-01 11:09:03.218444,2025-04-01 11:09:23.791327,0 days 00:00:20.572883,0.09856767288579356,0.8821230684001458,16,0.04510478003338475,0.20015057628902885,0.04287571955864289,0.012080015697388107,0.017407564477793118,0.08125113719493371,6.280277844744566e-05,12,127,0.08299297217809364,0.1992220808627119,True,False,False,3.1185967265875575e-07,COMPLETE
1609,0.6365320920944214,2025-04-01 11:09:24.308797,2025-04-01 11:09:44.259008,0 days 00:00:19.950211,0.04849412616752002,0.9172774191456585,16,0.03957924527159117,0.2087378240815049,0.043764703451595374,0.009134107585115781,0.023100068338293415,0.08485693347222066,6.820587332556435e-05,11,124,0.08118113121667843,0.20662265024937249,True,False,False,2.9180795823321826e-07,COMPLETE
1610,0.2797684073448181,2025-04-01 11:09:44.800805,2025-04-01 11:10:02.601435,0 days 00:00:17.800630,0.0771653499339236,0.8812986711133979,16,0.05234782819210706,0.20684527490342508,0.04148039492687482,0.008830989383098405,0.01781925872072602,0.0816954035829707,8.070219287975805e-05,11,123,0.08178227068345714,0.19548581548467753,True,True,False,3.9233491644765745e-07,COMPLETE
1611,0.6525480508804322,2025-04-01 11:10:03.122926,2025-04-01 11:10:23.104487,0 days 00:00:19.981561,0.10389298568317457,0.9067631689272474,16,0.050438603410969285,0.21813872781022092,0.04339354095875128,0.01234387767724185,0.022134774857577585,0.08536468881742709,8.360689886515802e-05,11,127,0.08109643599963977,0.19364517457274216,True,False,False,2.065096053051551e-07,COMPLETE
1612,0.5777888536453247,2025-04-01 11:10:23.621560,2025-04-01 11:10:43.222341,0 days 00:00:19.600781,0.10310881979962348,0.9498344885760202,16,0.04834355020962136,0.2071418673874913,0.04413123057374902,0.012707720572183227,0.01864622573521574,0.08547706895368812,4.7043565681768073e-05,10,127,0.08371500068460944,0.1992710598794779,True,False,False,2.0211821425635094e-07,COMPLETE
1613,0.5798768281936646,2025-04-01 11:10:43.761326,2025-04-01 11:11:00.833953,0 days 00:00:17.072627,0.0775161036690953,0.9152265139744327,16,0.042466891787479207,0.21563750183993427,0.04242303668579171,0.01250616464488407,0.021276942707445675,0.08491871870541809,6.82064727128191e-05,6,126,0.08532699721605044,0.20166401479759877,True,False,False,1.6806337692164647e-07,COMPLETE
1614,0.6207681179046631,2025-04-01 11:11:01.351710,2025-04-01 11:11:22.010246,0 days 00:00:20.658536,0.09351835082309382,0.9266889889254397,16,0.0393025015247613,0.21243600543771798,0.0444535422836549,0.01285000325036038,0.021609638812293427,0.08657251196784466,5.694445720575667e-05,12,128,0.08358016126349324,0.19535879674256285,True,False,False,1.9588869235712707e-07,COMPLETE
1615,0.5781039953231811,2025-04-01 11:11:22.548794,2025-04-01 11:12:15.766270,0 days 00:00:53.217476,0.11200714127779038,0.8977027493348209,2,0.04808740155986846,0.19918666198848423,0.04524654464887748,0.011126723017729835,0.024517747407998957,0.08403571993320812,6.374828943913518e-05,11,122,0.08125265641724186,0.206146382121264,True,False,False,1.3912592440078837e-07,COMPLETE
1616,0.6374251008033753,2025-04-01 11:12:16.307772,2025-04-01 11:12:37.013145,0 days 00:00:20.705373,0.09456663731341355,0.9273564540296406,16,0.04867429082481675,0.20553036127986096,0.04073626892965948,0.01232108545862294,0.02690933279773987,0.08748747675749088,7.613157100623633e-05,12,126,0.08047358063024786,0.19487074964282408,True,False,False,1.636322005502572e-07,COMPLETE
1617,0.5926235556602478,2025-04-01 11:12:37.535141,2025-04-01 11:12:56.382566,0 days 00:00:18.847425,0.065199043231114,0.944504479169483,16,0.0404986671181472,0.21407496187578254,0.044003880846992784,0.013110800759586044,0.020606238968967648,0.08340859937903654,5.522430172207939e-05,9,122,0.08720716094286836,0.20269241735784937,True,False,False,2.1421614933061726e-07,COMPLETE
1618,0.6324044346809388,2025-04-01 11:12:56.928307,2025-04-01 11:13:16.354196,0 days 00:00:19.425889,0.10703430561924257,0.9041882386756933,16,0.05123702869176876,0.2153042476967532,0.04255360364073221,0.010872397401430357,0.02130386369368833,0.0862691451129426,7.018052500058188e-05,10,125,0.08277803814355722,0.19715203038231105,True,False,False,2.1149305491857855e-07,COMPLETE
1619,0.648311996459961,2025-04-01 11:13:16.876267,2025-04-01 11:13:37.013080,0 days 00:00:20.136813,0.0849877333282509,0.9038084259129885,16,0.04497147044072507,0.21516823616881187,0.04505490754071301,0.01073488303495614,0.019463441388104456,0.08468244228622389,8.051100428201439e-05,11,126,0.08133681701358461,0.2064714195954605,True,False,False,1.5350656790880197e-07,COMPLETE
1620,0.5647921085357667,2025-04-01 11:13:37.533313,2025-04-01 11:13:57.095578,0 days 00:00:19.562265,0.11248546798360419,0.9171421067442561,16,0.03730802754835632,0.20614501692882609,0.04299803739929907,0.013162362601329093,0.01886807093245308,0.0823674652186702,5.697039184867939e-05,11,117,0.08263206506362587,0.21255132080835473,True,False,False,1.4280582427287284e-07,COMPLETE
1621,0.41983081102371217,2025-04-01 11:13:57.637397,2025-04-01 11:14:17.044158,0 days 00:00:19.406761,0.09053554520008839,0.9037428981390095,16,0.046779483645992985,0.20221804441884067,0.0435008537919179,0.010478972429888543,0.0249551066034897,0.08356072004326023,6.663371515003504e-05,13,123,0.08377761320770355,0.1947592457375008,True,False,True,2.3569387239278252e-07,COMPLETE
1622,0.6209773540496826,2025-04-01 11:14:17.566704,2025-04-01 11:14:38.066264,0 days 00:00:20.499560,0.1104183433430322,0.9336074644135349,16,0.03644588323333014,0.21282533555346364,0.043399529171901256,0.013459971264952767,0.01936812517759577,0.08131560818749511,5.826781579691645e-05,12,125,0.08490966408683609,0.20161541457840065,True,False,False,1.5590121840310572e-07,COMPLETE
1623,0.6048789262771607,2025-04-01 11:14:38.585888,2025-04-01 11:14:58.773064,0 days 00:00:20.187176,0.08569257555698434,0.9641741710659446,16,0.04041715744866664,0.2107415112081185,0.045214490421260294,0.011024108843984066,0.022680702161021776,0.08439819575045557,4.430429932548332e-05,11,123,0.08513878064757872,0.19281903075611714,True,False,False,1.5707235857124523e-07,COMPLETE
1624,0.5607237696647644,2025-04-01 11:14:59.316986,2025-04-01 11:15:18.505260,0 days 00:00:19.188274,0.10954977884349079,0.8971589638602305,16,0.04573937947306067,0.2106822683793537,0.04592494999357688,0.013337117914089432,0.01202662228461176,0.08300433545658667,7.707661277565084e-05,10,117,0.08409463976326222,0.1968274105238228,True,False,False,2.711675150846564e-07,COMPLETE
1625,0.5606253623962403,2025-04-01 11:15:19.027260,2025-04-01 11:15:39.273607,0 days 00:00:20.246347,0.08655875204780711,0.9167733832106397,16,0.04424575959979068,0.20416123061789215,0.04428186692091363,0.009558085086739146,0.016884490662320832,0.08472388789777031,5.0145894460204216e-05,12,120,0.0817300924795156,0.20520785699886118,True,False,False,1.6229125455152497e-07,COMPLETE
1626,0.41766798496246343,2025-04-01 11:15:39.820225,2025-04-01 11:16:02.735151,0 days 00:00:22.914926,0.11018252840084682,0.8874103458165841,8,0.039456922804524945,0.19733940839668504,0.04155772497230251,0.011428521277448075,0.02577577821393059,0.08167829060401781,7.171091317910535e-05,11,126,0.08145048737902631,0.18487464265292897,False,False,False,2.2228469935229543e-07,COMPLETE
