number,value,datetime_start,datetime_complete,duration,params_alpha-eval,params_alpha-train,params_batch-size,params_eps-eval,params_eps-train,params_lambda-actions-eval,params_lambda-actions-train,params_lambda-frames-eval,params_lambda-frames-train,params_learning-rate,params_n-epochs,params_n-frames,params_radius-gw,params_rho,params_std-feats,params_ub-actions,params_ub-frames,params_weight-decay,state
1302,0.526358997821808,2025-04-22 00:51:42.169095,2025-04-22 00:51:57.296694,0 days 00:00:15.127599,0.3811500876139073,0.22916353108161827,16,0.08734572213887999,0.04524405247130086,0.0948876832362776,0.018664818028990858,0.028302448062564368,0.08515883605650992,0.00020561033367451326,6,76,0.015935520253011815,0.1651267198846963,True,False,True,1.219262225355933e-08,COMPLETE
1303,0.4186445832252503,2025-04-22 00:51:57.711125,2025-04-22 00:52:16.021618,0 days 00:00:18.310493,0.3667112057713761,0.31402923171233804,8,0.0947310925299534,0.03325594213993549,0.09638322535710384,0.01970830602110942,0.027222516196177736,0.08737369856909148,0.0001071508298193823,5,71,0.009450197878369817,0.10689150539651046,True,False,False,4.314366816668931e-08,COMPLETE
1304,0.44083795547485355,2025-04-22 00:52:16.441153,2025-04-22 00:52:35.715694,0 days 00:00:19.274541,0.4087589985908044,0.2520239617373537,8,0.0827976684577211,0.023948352770405114,0.09282677434768499,0.017044502108247393,0.018296652383191354,0.016938416650724254,8.752869398204329e-05,6,79,0.012187343755036889,0.17597363366393323,True,False,False,7.308133683847948e-06,COMPLETE
1305,0.4481227040290833,2025-04-22 00:52:36.131524,2025-04-22 00:52:55.169189,0 days 00:00:19.037665,0.44929743223376245,0.2936874039227676,8,0.09641680804339767,0.014657536899531733,0.0969829736492888,0.011565636555178685,0.023876810571686613,0.09010036359146008,0.00012063433184467367,6,74,0.01555915229843309,0.16120067684614275,True,False,False,6.565594244557095e-08,COMPLETE
1306,0.2797684073448181,2025-04-22 00:52:55.601606,2025-04-22 00:53:11.959953,0 days 00:00:16.358347,0.028058127747686346,0.2798225118041002,8,0.0833086715379155,0.043588944268577665,0.09515703679718107,0.019900308095662494,0.02828908066910085,0.08822991723964874,8.243746346155471e-05,5,77,0.016665075745572237,0.17079179383981918,True,True,False,5.631534577722431e-08,COMPLETE
1307,0.39191448688507086,2025-04-22 00:53:12.382552,2025-04-22 00:53:30.801704,0 days 00:00:18.419152,0.386119809786095,0.3196876286549609,8,0.10527577422222416,0.05176598412853603,0.09271176042915613,0.01541537256761073,0.02154013649341216,0.09548325413598346,0.00017474887513009173,5,80,0.013499845952398322,0.16444897879369688,True,False,False,1.4166590679906718e-08,COMPLETE
1308,0.4143374800682068,2025-04-22 00:53:31.226595,2025-04-22 00:53:50.536859,0 days 00:00:19.310264,0.3596197050318976,0.30725545676801486,8,0.10451530751103298,0.03994843884475917,0.09685095759496523,0.020921316864527764,0.02560765134247849,0.09197062946021403,9.682178411335869e-05,6,72,0.016706909247983844,0.1808149116580259,True,False,False,4.56933913644627e-08,COMPLETE
1309,0.42700994014739996,2025-04-22 00:53:50.956217,2025-04-22 00:54:08.847120,0 days 00:00:17.890903,0.4201655159722373,0.3288292168461661,8,0.08225404140546115,0.03545979282120072,0.09998055588108559,0.017307102056523437,0.019979658329951196,0.08898749086406846,0.00014230570587676745,5,68,0.014299617974656818,0.1854964711570743,False,False,False,7.161442232221664e-08,COMPLETE
1310,0.5794225573539734,2025-04-22 00:54:09.266289,2025-04-22 00:54:25.905876,0 days 00:00:16.639587,0.3964684633770797,0.27226664539576717,16,0.0945681700821175,0.04582655770150687,0.09491493766926373,0.01839063237130729,0.023056769880034456,0.07872833327032308,0.00011157918416635165,6,76,0.01681347013524328,0.15650488998262838,True,False,False,1.246447926233743e-08,COMPLETE
1311,0.4342773795127869,2025-04-22 00:54:26.323353,2025-04-22 00:54:44.506325,0 days 00:00:18.182972,0.3422586613943586,0.30118337260747613,8,0.09846779916917792,0.029143458779774895,0.09747677885581604,0.013306796480849571,0.026923844761711654,0.06801350410735668,7.739195819503721e-05,5,64,0.012421681606050453,0.17337408700507984,True,False,False,3.524264676200922e-08,COMPLETE
1312,0.4166246771812439,2025-04-22 00:54:44.925265,2025-04-22 00:55:18.639839,0 days 00:00:33.714574,0.38703608975219117,0.3235853918570872,2,0.10198337151243622,0.04924036938962483,0.09342835760355193,0.020296349497642453,0.023983374122447144,0.083228817067554,8.682423283771682e-05,5,79,0.009532536266038694,0.1614410290014014,True,False,False,1.950652623684816e-08,COMPLETE
1313,0.42086858749389655,2025-04-22 00:55:19.056892,2025-04-22 00:55:38.074731,0 days 00:00:19.017839,0.43433405144103393,0.3368913839481973,8,0.07894919609966099,0.03830343313436886,0.09703286902697095,0.017861688741653416,0.029271085587098466,0.09224400671294439,0.00023653771916137784,6,74,0.014596251147509452,0.15214515596628111,True,False,False,6.133728551816607e-08,COMPLETE
1314,0.39594014883041384,2025-04-22 00:55:38.492245,2025-04-22 00:55:56.772124,0 days 00:00:18.279879,0.3648970386787411,0.2919205594356983,8,0.09581287453127525,0.05191060947497953,0.09446258505985528,0.01476887150996205,0.025328382649664034,0.03332626881089237,0.00013326969925881986,5,71,0.017725399628009467,0.16735050069021132,True,False,False,7.870749450186286e-08,COMPLETE
1315,0.6425263166427613,2025-04-22 00:55:57.208781,2025-04-22 00:56:16.297207,0 days 00:00:19.088426,0.4077958519529426,0.24641157197845884,8,0.07520994866489922,0.04330517436898568,0.09813429444106375,0.02106271500872774,0.021010743863638125,0.08208631209420392,7.29052737492941e-05,6,78,0.015517261759233944,0.178335244576356,True,False,False,2.56443289384197e-08,COMPLETE
1316,0.5871317505836486,2025-04-22 00:56:16.720159,2025-04-22 00:56:34.809024,0 days 00:00:18.088865,0.4813347593033236,0.3184743720659902,8,0.08888132600052609,0.03277583947903205,0.09250038403067189,0.019432592885970754,0.02749122660003244,0.031465334824001386,5.3667555660169406e-05,5,74,0.01820898720535234,0.1667884245887962,True,False,False,3.731228310460289e-08,COMPLETE
1317,0.4395555853843689,2025-04-22 00:56:35.230266,2025-04-22 00:56:54.454971,0 days 00:00:19.224705,0.3453083441957319,0.34413736895246444,8,0.2715160296751536,0.027048725544578007,0.09565075916856505,0.022090862506299304,0.029351072634886396,0.013556232876754917,0.00011708741161056753,6,77,0.09282507594156292,0.044323371182373325,True,False,False,1.0100019309901798e-08,COMPLETE
1318,0.4117971420288086,2025-04-22 00:56:54.877231,2025-04-22 00:57:13.443615,0 days 00:00:18.566384,0.3176746651843782,0.2687828746037518,8,0.21276165397506325,0.03921525471124289,0.09791383063406886,0.01567159471584985,0.024278506577185607,0.09920285403610934,9.356128926015452e-05,5,80,0.011445810453789894,0.1584747684142004,True,False,False,0.0009892970881183792,COMPLETE
1319,0.4167913794517517,2025-04-22 00:57:13.863903,2025-04-22 00:57:33.108146,0 days 00:00:19.244243,0.41848236675602674,0.301958169363778,8,0.07026292205592126,0.05192952722344824,0.09994919198435773,0.024841366052510836,0.026427541902506145,0.09454262259263897,0.0001520423977721109,6,69,0.013993712246337515,0.1523483090692796,True,False,False,5.046357318822855e-08,COMPLETE
1320,0.4340029835700989,2025-04-22 00:57:33.533246,2025-04-22 00:57:49.430160,0 days 00:00:15.896914,0.3934765947599026,0.33274999876226424,16,0.07664272275259304,0.045248304089869185,0.09483585710712251,0.01793560400514506,0.01718658282628608,0.09372330979662702,5.8624965968837884e-05,5,72,0.02036731652479714,0.12397866730418217,True,False,False,6.646169609423051e-08,COMPLETE
1321,0.3730467200279236,2025-04-22 00:57:49.850734,2025-04-22 00:58:07.089208,0 days 00:00:17.238474,0.3703894299555845,0.11256016940572487,8,0.06877996866656774,0.03431450849121121,0.09666422275214259,0.02104072761372373,0.02265463401032471,0.07040190683397939,0.0010534700792298394,6,75,0.016259328843798743,0.17284535388423614,True,False,True,1.5819871326308555e-08,COMPLETE
1322,0.5256044983863831,2025-04-22 00:58:07.510711,2025-04-22 00:58:26.532279,0 days 00:00:19.021568,0.43895424977970654,0.2762820261308667,8,0.11124771198147951,0.021892874075389857,0.09809517396195941,0.023193571692589034,0.025615254663679463,0.07994103977570884,7.635772693512021e-05,6,49,0.01833341814868097,0.1787783340315999,True,False,False,8.406245980142544e-08,COMPLETE
1323,0.4711575508117676,2025-04-22 00:58:26.974788,2025-04-22 00:58:44.858005,0 days 00:00:17.883217,0.45541194217869135,0.30505480198365503,8,0.265327280332471,0.04789751099447504,0.09999434323423945,0.011934883824858054,0.02030123035864172,0.03393194720896336,0.00010772734809247518,5,28,0.015600332166713866,0.16261909096959126,True,False,False,4.978022877064251e-08,COMPLETE
1324,0.5067741632461548,2025-04-22 00:58:45.283575,2025-04-22 00:59:18.729346,0 days 00:00:33.445771,0.3841841387350227,0.3561848314348628,2,0.08550289592577627,0.04090540596901668,0.09249495876138451,0.019412071553791297,0.029254316022897207,0.03182749753375201,0.00018007352259268223,5,80,0.0210191908998517,0.18676794806334474,True,False,False,6.030738824316875e-08,COMPLETE
1325,0.28074976801872253,2025-04-22 00:59:19.158788,2025-04-22 00:59:36.412943,0 days 00:00:17.254155,0.4166931337164968,0.31807423706460547,8,0.2556386994970438,0.05319521905960895,0.09526800985280663,0.017287669944249576,0.02276035082403758,0.09995590693483843,5.22729785654483e-05,6,77,0.013047056601700427,0.16898640932214798,True,True,False,1.2568862969155728e-08,COMPLETE
1326,0.4364820957183838,2025-04-22 00:59:36.835898,2025-04-22 00:59:55.216992,0 days 00:00:18.381094,0.3651858752066283,0.2946323282414917,8,0.10848357502721692,0.031224583365158744,0.09688194078366937,0.022460565721623846,0.0271567770644881,0.07673565484694668,6.599292535729994e-05,5,67,0.017655828362407616,0.15533363865354738,True,False,False,7.739723805915423e-08,COMPLETE
1327,0.618729329109192,2025-04-22 00:59:55.641727,2025-04-22 01:00:14.867138,0 days 00:00:19.225411,0.3483076071699571,0.1942517039092396,8,0.0649996209219945,0.009999754741205638,0.05757495048163448,0.024778127149831942,0.024271845656686285,0.017944318599184047,9.801740306941767e-05,6,73,0.007530130315113076,0.29467207276937385,True,False,False,3.9010944002986995e-08,COMPLETE
1328,0.44585751295089726,2025-04-22 01:00:15.298561,2025-04-22 01:00:33.353297,0 days 00:00:18.054736,0.39446390768766854,0.33290455587172324,8,0.2842078614047134,0.03824924841186936,0.09352582533485147,0.01587542011393743,0.028766895347405317,0.009430913279042653,0.00014177089140801936,5,76,0.01945216955738492,0.16026364727869802,False,False,False,9.622522121102228e-08,COMPLETE
1329,0.5813590407371522,2025-04-22 01:00:33.776324,2025-04-22 01:00:51.017830,0 days 00:00:17.241506,0.325718280545188,0.3499426039483486,16,0.09730475162226077,0.04418879131005474,0.0976065715019047,0.02078197494325194,0.021510153714026543,0.08319790310612908,7.369883449909839e-05,7,80,0.02231720475491566,0.17474700533730586,True,False,False,2.9020406071375888e-08,COMPLETE
1330,0.40788217782974245,2025-04-22 01:00:51.443270,2025-04-22 01:01:10.653651,0 days 00:00:19.210381,0.40906176098332925,0.22673461479908097,8,0.07314634466711412,0.025036662944082834,0.0949228463267115,0.025023751829351862,0.025121561988557417,0.02982203591454304,0.00012051634286277746,6,70,0.011255004527897012,0.14982016077956967,True,False,False,6.330214720736589e-08,COMPLETE
1331,0.44655374288558963,2025-04-22 01:01:11.076779,2025-04-22 01:01:29.426450,0 days 00:00:18.349671,0.4336954803177201,0.2887097166072957,8,0.23447577393828833,0.05030866119436643,0.099982985142517,0.018628568639990514,0.03003237341720106,0.03368899556427699,8.498871466613895e-05,5,74,0.014650757528914116,0.1646564264791347,True,False,False,1.0140522040727959e-08,COMPLETE
1332,0.37632585763931276,2025-04-22 01:01:29.867518,2025-04-22 01:01:49.043044,0 days 00:00:19.175526,0.37545498555496604,0.2573977094665265,8,0.06379522586856635,0.12301775829944464,0.09229121078773553,0.02310249083489529,0.01892434042444105,0.09841747857647093,6.146709758769498e-05,6,78,0.016998695683720602,0.17047569872626753,True,False,False,4.724712165106185e-08,COMPLETE
1333,0.5857666611671448,2025-04-22 01:01:49.470101,2025-04-22 01:02:08.014671,0 days 00:00:18.544570,0.39912934138247413,0.3191689361662342,8,0.07368737456734446,0.03661613381638947,0.09808795202846263,0.014001964379149086,0.027022499305081753,0.01593869427858199,5.3705291359150736e-05,5,81,0.01900691514732094,0.1786944257850774,True,False,False,1.5614213339185164e-08,COMPLETE
1334,0.40762010812759397,2025-04-22 01:02:08.440055,2025-04-22 01:02:28.518648,0 days 00:00:20.078593,0.35943785186061716,0.3657221546600267,8,0.08816604695987544,0.045155929059322746,0.09545123033209854,0.020581883200843736,0.024015952688473542,0.02988023447443947,0.00010205461451716785,7,72,0.015325241911949488,0.15673904290746696,True,False,False,2.1227945155918465e-08,COMPLETE
1335,0.41490674018859863,2025-04-22 01:02:28.946553,2025-04-22 01:02:48.138702,0 days 00:00:19.192149,0.42535777627760396,0.33784694391748993,8,0.07882586813296989,0.030048698992853257,0.09662937249197502,0.02455034248791037,0.02227477247152568,0.07188907414485604,0.00013020730100706286,6,75,0.021228443281498817,0.18609371448234327,True,False,False,5.636870804282823e-08,COMPLETE
1336,0.530822241306305,2025-04-22 01:02:48.563543,2025-04-22 01:03:22.808220,0 days 00:00:34.244677,0.33710245098068203,0.28474315124000443,2,0.06860765775312501,0.05288342389327304,0.09804415200622503,0.017211157999903033,0.02623031672419809,0.09709204425904407,0.0002044077898227696,5,66,0.013012189786723808,0.16717933897541928,True,False,False,1.2107152565190095e-07,COMPLETE
1337,0.4159088611602783,2025-04-22 01:03:23.233927,2025-04-22 01:03:41.467801,0 days 00:00:18.233874,0.4604115385609437,0.302448795681111,8,0.2799259949808408,0.042017686801441446,0.09280563188508129,0.02239086243190151,0.027667091757767964,0.08714865431506186,0.0006682562311192417,5,77,0.017591232413103598,0.1617693786233829,True,False,False,7.596278363916784e-08,COMPLETE
1338,0.5117367744445801,2025-04-22 01:03:41.890243,2025-04-22 01:04:00.934621,0 days 00:00:19.044378,0.37227780656941645,0.3557375635072127,8,0.06257548408150254,0.03605087303268757,0.0945443723560004,0.019416519901330802,0.024604237000169032,0.03163269115896468,8.83317615041129e-05,6,71,0.00987821760001709,0.14983868019430863,True,False,False,3.5606169644226544e-08,COMPLETE
1339,0.30998348593711855,2025-04-22 01:04:01.378524,2025-04-22 01:04:16.793610,0 days 00:00:15.415086,0.3907427629887956,0.32162403070648593,16,0.26081126165664487,0.018042294435748094,0.09827025546240496,0.012605307776160089,0.03025651059920582,0.028498214899271873,5.077202736624643e-05,7,81,0.019482766719686073,0.17274822034246373,True,False,True,9.5735749271483e-08,COMPLETE
1340,0.6384888172149659,2025-04-22 01:04:17.227543,2025-04-22 01:04:35.489799,0 days 00:00:18.262256,0.4139524317146679,0.3712458093434342,8,0.058834114513988914,0.047419785446835436,0.09632788541830563,0.025494425715279913,0.022561976406072232,0.032128029821349706,7.388964074177714e-05,5,75,0.016459830782229654,0.155326400923248,True,False,False,7.608696307896499e-08,COMPLETE
1341,0.40679441690444945,2025-04-22 01:04:35.921359,2025-04-22 01:04:55.115718,0 days 00:00:19.194359,0.3812867917333079,0.3455126027185704,8,0.2509075299291001,0.05252993483759506,0.09999525543234106,0.016039302193430804,0.019353221362873915,0.08678058262589135,0.00016600657066935586,6,78,0.023657277478482376,0.16616473087209516,True,False,False,1.2014728500435987e-08,COMPLETE
1342,0.471152937412262,2025-04-22 01:04:55.545676,2025-04-22 01:05:14.712493,0 days 00:00:19.166817,0.4405895418063852,0.31188616985007234,8,0.2913482355548645,0.04007232742717009,0.09409808908209007,0.021516514126498278,0.028158275247045055,0.027943534051804164,0.00010785091404947755,6,69,0.014076517468063179,0.17823778856537492,True,False,False,4.5507605666684296e-08,COMPLETE
1343,0.2797684073448181,2025-04-22 01:05:15.145693,2025-04-22 01:05:31.168028,0 days 00:00:16.022335,0.35167802125514763,0.2639388530973964,8,0.06950571735784128,0.029947816529811412,0.09627244962517233,0.02323282533952921,0.025297855825324907,0.01719298984049822,8.734673886548716e-05,5,73,0.017781922385460936,0.17120446082579444,True,True,False,1.2876551828346466e-07,COMPLETE
