number,value,datetime_start,datetime_complete,duration,params_alpha-eval,params_alpha-train,params_batch-size,params_eps-eval,params_eps-train,params_lambda-actions-eval,params_lambda-actions-train,params_lambda-frames-eval,params_lambda-frames-train,params_learning-rate,params_n-epochs,params_n-frames,params_radius-gw,params_rho,params_std-feats,params_ub-actions,params_ub-frames,params_weight-decay,state
1179,0.6021681189537049,2025-04-01 08:29:24.899752,2025-04-01 08:29:45.336637,0 days 00:00:20.436885,0.10889682200750771,0.669304322921158,16,0.07618947892552268,0.2435162701337497,0.08393764510509907,0.017840867401331142,0.04840932131878571,0.08724771878400914,8.953891143143495e-05,11,140,0.06842557404147741,0.2369019315434304,True,False,False,2.7741184152613568e-08,COMPLETE
1180,0.6022125124931336,2025-04-01 08:29:45.716262,2025-04-01 08:30:05.509619,0 days 00:00:19.793357,0.10740144692551404,0.7214182070854278,16,0.08776225359240247,0.23869710912050496,0.06941715258285718,0.01697371613468281,0.05194676549943071,0.08936475562013722,0.00010412910816968474,10,143,0.06965131217464396,0.23941589902276314,True,False,False,3.815524156063803e-08,COMPLETE
1181,0.35764826536178596,2025-04-01 08:30:05.893912,2025-04-01 08:30:30.855834,0 days 00:00:24.961922,0.08561267522134175,0.6924202550868217,8,0.07371882873340545,0.24711238638533056,0.028515256407996837,0.018534002976293346,0.04681391555603873,0.0864653923066867,9.70747432405398e-05,12,138,0.06652036406165908,0.2307895153138002,True,False,False,2.637254949048497e-08,COMPLETE
1182,0.40922348499298095,2025-04-01 08:30:31.236991,2025-04-01 08:30:51.764729,0 days 00:00:20.527738,0.08666035116506887,0.7497972193289618,16,0.07968871553597501,0.25260393926532426,0.05830618801071619,0.015994424716908196,0.049457926556769276,0.0920315243198871,9.81752067204353e-05,11,144,0.07020791326655647,0.2407226875787019,True,False,False,3.4346460192295295e-08,COMPLETE
1183,0.36617017388343814,2025-04-01 08:30:52.146863,2025-04-01 08:31:11.929500,0 days 00:00:19.782637,0.12281943404583484,0.6497967397543443,16,0.07139725999874809,0.23899128197045366,0.061996599128250784,0.017654186140561964,0.053894023781765076,0.08249514339307552,0.00010309953572980455,10,141,0.069085176790883,0.23167693816116958,True,False,False,4.1987081513337866e-08,COMPLETE
1184,0.4391360878944397,2025-04-01 08:31:12.313174,2025-04-01 08:31:31.224216,0 days 00:00:18.911042,0.11436268574173411,0.8199413167452516,16,0.08150091490949181,0.2419317863683503,0.0241399738315518,0.015899748305245327,0.047008202576853515,0.08725667306695149,8.447424088359057e-05,11,145,0.07094887453589226,0.2275329481436009,True,False,True,2.663817269239613e-08,COMPLETE
1185,0.42485903501510625,2025-04-01 08:31:31.609682,2025-04-01 08:31:50.254495,0 days 00:00:18.644813,0.10406742730332129,0.8057432747315882,16,0.07212209055000404,0.23543258738898962,0.027494394106683327,0.013843303926689157,0.050533389533818036,0.08854757636004412,0.00010456363066034579,12,143,0.06789821701081884,0.03395443490708393,False,False,False,3.281882586792713e-08,COMPLETE
1186,0.36723140478134153,2025-04-01 08:31:50.640046,2025-04-01 08:32:10.400857,0 days 00:00:19.760811,0.0965899428625805,0.7543441324897385,16,0.07364840259445855,0.24751335917660688,0.06567827894168783,0.01977690072232973,0.048577481011948226,0.08652560175066526,0.00011088675181676596,10,138,0.05278150734811826,0.23701480259437233,True,False,False,4.922028171021926e-08,COMPLETE
1187,0.40838006734848026,2025-04-01 08:32:10.786938,2025-04-01 08:32:31.450229,0 days 00:00:20.663291,0.08278000460813997,0.7960688632891236,16,0.07003164320988983,0.25607293467303244,0.08636762731548568,0.016169494574575154,0.04547143997788334,0.08643273181272443,8.977221754804446e-05,11,147,0.07143718511989085,0.24289691350757048,True,False,False,4.4027395949061386e-08,COMPLETE
1188,0.5641794800758362,2025-04-01 08:32:31.836623,2025-04-01 08:32:53.149325,0 days 00:00:21.312702,0.12445105440054882,0.7733957728924366,16,0.08710131359141539,0.2359592898997494,0.029857915833739652,0.013281680121497963,0.05280612579299002,0.08559754820270961,6.447984537603537e-05,12,134,0.0722941433376419,0.23436830702062414,True,False,False,2.5019668401038623e-08,COMPLETE
1189,0.5896087646484375,2025-04-01 08:32:53.532793,2025-04-01 08:33:13.169041,0 days 00:00:19.636248,0.11386383702971142,0.6222725916387448,16,0.07710542638022365,0.23313776936169653,0.052681334082942906,0.01706646450529977,0.04729621068761605,0.08470358448308439,0.00011169052101564732,10,141,0.06632321276350595,0.2419138989365441,True,False,False,3.170582169816563e-08,COMPLETE
1190,0.2797684073448181,2025-04-01 08:33:13.552694,2025-04-01 08:33:31.992272,0 days 00:00:18.439578,0.12583166742193846,0.7258098501511977,16,0.06786856455017923,0.24317277097088807,0.026934982649358313,0.01398882245532609,0.04927193900658638,0.08478988979441847,5.370958960452052e-05,11,145,0.0695837902089609,0.22661946887126133,True,True,False,3.8267655604346316e-08,COMPLETE
1191,0.64760320186615,2025-04-01 08:33:32.377083,2025-04-01 08:33:53.052614,0 days 00:00:20.675531,0.08178605372055842,0.8228092501240324,16,0.06846481309717246,0.25045222415551754,0.03154365144593147,0.014773304382117379,0.051376612899450474,0.08384062984498569,0.00011865514582341927,11,147,0.07242329946595559,0.2456922249026826,True,False,False,5.160232588687344e-08,COMPLETE
1192,0.4127249836921692,2025-04-01 08:33:53.437823,2025-04-01 08:34:12.152319,0 days 00:00:18.714496,0.08962480738910943,0.15788200672816421,16,0.07361158308395935,0.2557504312820625,0.02927938334856498,0.012858204027480195,0.05538917175205394,0.0904126886350442,8.271965761936633e-05,12,71,0.07336459521976456,0.23782868111604955,True,False,False,8.209071924768306e-08,COMPLETE
1193,0.6028424501419067,2025-04-01 08:34:12.541663,2025-04-01 08:34:33.064767,0 days 00:00:20.523104,0.07884610592747354,0.8259711905173207,16,0.07977106577323471,0.24947045954005975,0.04635381861434035,0.015975825396758462,0.05336007357235911,0.08844775979194883,7.278890176926651e-05,11,138,0.07308500939600357,0.2439509145241873,True,False,False,5.598075903478996e-08,COMPLETE
1194,0.4186779856681824,2025-04-01 08:34:33.452804,2025-04-01 08:35:23.531118,0 days 00:00:50.078314,0.10952302902515848,0.8488576552728028,2,0.06855869646123555,0.2570472386998472,0.024027197075981548,0.019147373063223824,0.051406726044367246,0.08760428581069282,0.00011068973070147186,10,142,0.07402869059621758,0.23267513845255797,True,False,False,1.5161988159813022e-07,COMPLETE
1195,0.4109637975692749,2025-04-01 08:35:23.918224,2025-04-01 08:35:44.561413,0 days 00:00:20.643189,0.07787298618592656,0.8796281878874634,16,0.06666066356436863,0.2502002693102239,0.05567587812355848,0.016072053845727522,0.05173515253418587,0.08533015995723482,9.383786702400895e-05,11,144,0.07263834968335622,0.2358883919893943,True,False,False,5.9374475303049365e-08,COMPLETE
1196,0.6248175978660584,2025-04-01 08:35:44.950540,2025-04-01 08:36:05.971273,0 days 00:00:21.020733,0.08936559202963748,0.821025843680502,16,0.07528242784251662,0.2552363350858119,0.08210662909821986,0.014909275029206338,0.056551210003709676,0.08428483596026724,9.540036372912236e-05,12,140,0.07527069227761746,0.24202834490943773,True,False,False,1.0547847189179242e-07,COMPLETE
1197,0.4099199652671814,2025-04-01 08:36:06.359749,2025-04-01 08:36:26.483744,0 days 00:00:20.123995,0.10048151581199363,0.8351658875346198,16,0.06797655699092374,0.24671262574094455,0.050319484162166354,0.014490700612035175,0.05386707374494408,0.08995925674512806,0.00011293713013763235,10,147,0.07170821412621013,0.22899376620663153,True,False,False,7.07964791526063e-08,COMPLETE
1198,0.607393229007721,2025-04-01 08:36:26.872126,2025-04-01 08:36:47.100454,0 days 00:00:20.228328,0.07279262901250431,0.8185113962201728,16,0.07920749670907859,0.2523636185979285,0.07889438226081294,0.019246626147499103,0.05094884717500925,0.08315959605401532,8.132485818917554e-05,11,136,0.07478417830466157,0.24409199612920196,True,False,False,8.38628665807867e-08,COMPLETE
1199,0.41123965978622434,2025-04-01 08:36:47.493751,2025-04-01 08:37:08.160847,0 days 00:00:20.667096,0.07783859206985128,0.8659785708438867,16,0.07065833026042603,0.24304547739391127,0.03167869736466557,0.016913841507845574,0.052975612484454336,0.08780134549674186,0.0001172256892666865,11,145,0.07192978468165298,0.23520316463305452,True,False,False,2.1276861065448391e-07,COMPLETE
1200,0.4435063123703003,2025-04-01 08:37:08.551826,2025-04-01 08:37:27.872853,0 days 00:00:19.321027,0.1176110561614277,0.8432053091800078,16,0.06391048235756734,0.24933472333100873,0.02718025228064361,0.014192058744926368,0.050015370183934815,0.0863946857534701,9.697213841063904e-05,12,142,0.07383225501429626,0.2268438288821572,True,False,True,5.0396980966733345e-08,COMPLETE
1201,0.4047046899795533,2025-04-01 08:37:28.263352,2025-04-01 08:37:48.568604,0 days 00:00:20.305252,0.0986967786271339,0.329718930065537,16,0.0731076528834213,0.24571982037101758,0.07281350925499451,0.01630106196649544,0.049552273962680304,0.08808741672737844,0.00012156985296040241,11,139,0.07155115409318784,0.24552857706793077,True,False,False,4.6543167824189976e-08,COMPLETE
1202,0.3910458207130432,2025-04-01 08:37:48.958130,2025-04-01 08:38:09.057049,0 days 00:00:20.098919,0.13204384137130262,0.22414954217883326,16,0.06398966190095527,0.2605316253868698,0.029198863760360114,0.013492351743527631,0.05197961501858495,0.0858249266919099,6.652524285468279e-05,10,147,0.07553659778666633,0.14071407410050554,True,False,False,1.2639352389655304e-07,COMPLETE
1203,0.6472627878189088,2025-04-01 08:38:09.446070,2025-04-01 08:38:30.028531,0 days 00:00:20.582461,0.09874257079318645,0.8134357752296754,16,0.08847814029808418,0.24094109604971672,0.0360790287851586,0.012826645404738518,0.048173167362246576,0.08579257351101763,0.00011903311052555388,11,143,0.07319058362550565,0.23962003851359623,True,False,False,5.281767407785394e-07,COMPLETE
1204,0.5692384243011475,2025-04-01 08:38:30.419262,2025-04-01 08:38:51.411721,0 days 00:00:20.992459,0.08157173685606714,0.8609231681982583,16,0.08785160465836425,0.25605292180494665,0.03779442224789761,0.014122962846974906,0.04993870263423552,0.09570654961402647,9.070143977128373e-05,12,134,0.07021050722784423,0.2311372435893563,True,False,False,4.823854979046742e-07,COMPLETE
1205,0.4272605419158936,2025-04-01 08:38:51.805131,2025-04-01 08:39:14.813109,0 days 00:00:23.007978,0.09081376181528758,0.8386548000494065,8,0.09100033913862823,0.2512702235723155,0.03865466819104362,0.01609157138716045,0.04786963298359133,0.09093042778806155,7.70336271020973e-05,11,138,0.07247581276521192,0.2374929887776672,False,False,False,5.316977647120428e-07,COMPLETE
1206,0.35555663108825686,2025-04-01 08:39:15.208117,2025-04-01 08:39:35.063427,0 days 00:00:19.855310,0.11868375242972384,0.8135804183429352,16,0.0816912355899905,0.24814490520394503,0.04246993278953222,0.013752473933098251,0.05055201124745826,0.09255925628839178,0.00010262335604872576,10,140,0.06971074729579503,0.23039131224676948,True,False,False,3.5030232328384187e-07,COMPLETE
1207,0.6570546507835389,2025-04-01 08:39:35.455099,2025-04-01 08:39:55.823135,0 days 00:00:20.368036,0.09835343683635599,0.8893587019460382,16,0.08048281710149648,0.24409376840543406,0.036232747113836054,0.012149581308135492,0.048897173436080923,0.08785166067992564,0.00011028208464453185,11,137,0.07552503678060753,0.222800785792413,True,False,False,4.589564974453686e-07,COMPLETE
1208,0.5921718120574951,2025-04-01 08:39:56.213856,2025-04-01 08:40:17.326400,0 days 00:00:21.112544,0.07641819100424294,0.8759418052521197,16,0.0883925705345839,0.25263334102458135,0.038894876183174665,0.015488665320080055,0.05268351915667806,0.08984202522978202,6.881426205681528e-05,12,134,0.07678038048446839,0.2237058652700054,True,False,False,5.946570492714157e-07,COMPLETE
1209,0.6376784801483154,2025-04-01 08:40:17.716636,2025-04-01 08:40:37.921477,0 days 00:00:20.204841,0.09547937571839467,0.895136105380942,16,0.0828017700699335,0.2466080964241861,0.036685625734142156,0.01297589951407161,0.054891573414818234,0.09139504569115763,8.259350713736643e-05,11,135,0.07576649280588482,0.2225620988274208,True,False,False,4.1681647130652365e-07,COMPLETE
1210,0.6410539388656616,2025-04-01 08:40:38.311635,2025-04-01 08:40:58.017601,0 days 00:00:19.705966,0.10108619140398373,0.8555495826063159,16,0.08256554892676718,0.2429670206513156,0.040642205412592045,0.018432561711473238,0.05129297262775943,0.08890670815845841,9.253413956569036e-05,10,137,0.07575575856992182,0.2217326561079967,True,False,False,4.2977438500971276e-07,COMPLETE
1211,0.2797684073448181,2025-04-01 08:40:58.411565,2025-04-01 08:41:16.486327,0 days 00:00:18.074762,0.0786593682948649,0.8716650228413546,16,0.09290916996438542,0.2583552489699906,0.03915387509572188,0.014577057132846386,0.04970158982344973,0.0871612276484756,5.72884974255809e-05,11,134,0.07464483915586635,0.22312332941271948,True,True,False,4.672326033619586e-07,COMPLETE
1212,0.5438173174858093,2025-04-01 08:41:16.880210,2025-04-01 08:41:37.971535,0 days 00:00:21.091325,0.10489721509988778,0.8716520022822772,16,0.08711157816205688,0.2514755080227295,0.04110545252795302,0.016443249161400695,0.04835158238162966,0.08804388431449375,0.00010162916424451133,12,137,0.07841111979447395,0.21713478606814343,True,False,False,6.657554711827553e-07,COMPLETE
1213,0.642119824886322,2025-04-01 08:41:38.366279,2025-04-01 08:41:58.659276,0 days 00:00:20.292997,0.11575652818598944,0.8940200118360633,16,0.08263481283540171,0.24178993496131493,0.03713337143620579,0.012743757697010735,0.05387792869977945,0.09410375000278351,8.43492990706682e-05,11,136,0.07627488102158396,0.2257832068581583,True,False,False,3.653674942727825e-07,COMPLETE
1214,0.5787712335586548,2025-04-01 08:41:59.049760,2025-04-01 08:42:20.318051,0 days 00:00:21.268291,0.07747293033453055,0.8876564198864646,16,0.09222394456610511,0.24609611428367928,0.053410324277969955,0.0717142993443591,0.05168857471300022,0.08849319569169624,0.00010752723360886736,13,133,0.0742326025073364,0.22980817674582682,True,False,False,3.899198351934769e-07,COMPLETE
1215,0.6448633193969727,2025-04-01 08:42:20.713617,2025-04-01 08:42:40.507268,0 days 00:00:19.793651,0.1027634348119678,0.8851127276206262,16,0.0803952485960695,0.24022189853512793,0.04393688645319209,0.012733885834761208,0.04907138761013304,0.08997826753278346,0.00010966759035584805,10,138,0.07368985558289676,0.2213369680632075,True,False,False,5.506765920290523e-07,COMPLETE
1216,0.5827423453330994,2025-04-01 08:42:40.900451,2025-04-01 08:43:05.354849,0 days 00:00:24.454398,0.09166296544994382,0.8920948883470246,16,0.08464071381506247,0.24130618071571175,0.04452024099149475,0.015029597337329394,0.021994674468092806,0.09097532476735525,7.480708404208215e-05,18,132,0.07324122008422763,0.22245827509887375,True,False,False,7.911720740919107e-07,COMPLETE
1217,0.5734503030776978,2025-04-01 08:43:05.750442,2025-04-01 08:43:56.742699,0 days 00:00:50.992257,0.11342197049956262,0.893941722572933,2,0.09355984436056292,0.24895179502797155,0.04388703881983115,0.014566064827086205,0.05486065391613872,0.08617293097242898,8.530218047229492e-05,10,132,0.07206928388459859,0.21710737031686345,True,False,False,6.26793645013084e-07,COMPLETE
1218,0.37696624994277955,2025-04-01 08:43:57.138608,2025-04-01 08:44:16.812771,0 days 00:00:19.674163,0.07258251896537116,0.895577909112279,16,0.08200156672957033,0.24123458351781002,0.04512836391769022,0.01264280393755997,0.05063715351276206,0.09008189723488785,9.770322170402667e-05,10,137,0.059587548161941575,0.21739818771965258,True,False,False,5.521295907542723e-07,COMPLETE
1219,0.5705515265464783,2025-04-01 08:44:17.206690,2025-04-01 08:44:36.345353,0 days 00:00:19.138663,0.10294733944367856,0.8856556237964927,16,0.0790024802928905,0.2408393603414654,0.04706434850039272,0.017343032613840497,0.05286915334275764,0.0955041960180778,0.00010612657138262289,9,134,0.07047669912477657,0.2178714560822133,True,False,False,4.580294625393872e-07,COMPLETE
1220,0.539930272102356,2025-04-01 08:44:36.742506,2025-04-01 08:44:56.497312,0 days 00:00:19.754806,0.1289302234194294,0.8742809173376501,16,0.09044253426773462,0.25756878841761055,0.04032328952917253,0.0122891546496695,0.0490924976799561,0.09266901863476927,6.756324444441191e-05,10,136,0.07376381116817986,0.2198469874219928,True,False,False,5.680445461997748e-07,COMPLETE
1221,0.6268108129501343,2025-04-01 08:44:56.891057,2025-04-01 08:45:16.615355,0 days 00:00:19.724298,0.10433378936119297,0.8890139467417361,16,0.08050123915383126,0.2453163888774998,0.04870574888299786,0.015294836860749162,0.048915312998446536,0.09180247633411402,9.044233098576045e-05,10,137,0.0759610170476245,0.22495903937238737,True,False,False,3.4400291736380923e-07,COMPLETE
1222,0.4467902779579163,2025-04-01 08:45:17.019737,2025-04-01 08:45:35.141063,0 days 00:00:18.121326,0.07176294435757918,0.8673251184242925,16,0.08742785860933956,0.253211531798275,0.04283463042672571,0.012268988162210878,0.05138988777192079,0.09404514384750555,0.00011698335478785585,10,139,0.06823909979958646,0.213225598386922,True,False,True,5.450633086566608e-07,COMPLETE
1223,0.43892633914947515,2025-04-01 08:45:35.535691,2025-04-01 08:45:55.306166,0 days 00:00:19.770475,0.11949718385275414,0.8838877551998198,16,0.07433866752650314,0.240061146982598,0.04438140325294698,0.01774181071958279,0.047956492255262086,0.08745073546150907,0.00011514908372134185,10,139,0.07946307241343192,0.2199176593954179,True,False,False,9.023693895713859e-07,COMPLETE
1224,0.554760229587555,2025-04-01 08:45:55.696661,2025-04-01 08:46:14.757985,0 days 00:00:19.061324,0.08868666162755189,0.8530948862796093,16,0.08526340900489754,0.24929593832930946,0.04762568299473053,0.01349399277855295,0.056275889702535706,0.08869877632995511,8.144981039100593e-05,9,134,0.07198180838183936,0.2261861573326447,True,False,False,6.308370354208889e-07,COMPLETE
1225,0.427294933795929,2025-04-01 08:46:15.150374,2025-04-01 08:46:32.849460,0 days 00:00:17.699086,0.12117596534944322,0.8640618638750189,16,0.07802902535306347,0.23957057722596117,0.04230971829502031,0.020645320084395104,0.0530735033879024,0.08999038064145003,9.583703543403845e-05,10,137,0.07722801241024284,0.20895717550935686,False,False,False,7.712356540907903e-07,COMPLETE
1226,0.6419014930725098,2025-04-01 08:46:33.243641,2025-04-01 08:46:53.021303,0 days 00:00:19.777662,0.0913090739915535,0.8604092356497207,16,0.07758759982024936,0.24800118913207891,0.05005082176856595,0.015614901601132002,0.05040217035104485,0.08900398897746992,0.00011258793349818188,10,139,0.07472478788813426,0.22423565341664525,True,False,False,6.770328549919802e-07,COMPLETE
1227,0.617547357082367,2025-04-01 08:46:53.415300,2025-04-01 08:47:17.378459,0 days 00:00:23.963159,0.07597079485070803,0.8986404300520859,8,0.07689674794683654,0.2546194191891133,0.04635585619965159,0.013560921685637085,0.0471631271975714,0.09291629778687788,7.504348601045767e-05,11,131,0.07019005524958005,0.23051523317845754,True,False,False,4.96338139137959e-07,COMPLETE
1228,0.4192288160324097,2025-04-01 08:47:17.775182,2025-04-01 08:47:38.193429,0 days 00:00:20.418247,0.0997781839729723,0.8785666931981794,16,0.0761587641287189,0.23968435713755368,0.05691049101000927,0.012804945564490683,0.049426991514803245,0.08601003638699153,5.622030792467855e-05,11,140,0.07333623295502459,0.217967031057974,True,False,False,3.0016731237287466e-07,COMPLETE
1229,0.42304410934448244,2025-04-01 08:47:38.591864,2025-04-01 08:47:59.095003,0 days 00:00:20.503139,0.12286350436779636,0.8515911075854379,16,0.085586151139595,0.26231066073555154,0.05184271786545595,0.018650116544201952,0.05159194253218033,0.09008856428916232,3.868641818503874e-05,11,135,0.07664851050235048,0.22665713046535252,True,False,False,4.348130661851655e-07,COMPLETE
1230,0.2797684073448181,2025-04-01 08:47:59.493906,2025-04-01 08:48:17.555064,0 days 00:00:18.061158,0.12779829658369826,0.8737906481058821,16,0.07455427198293205,0.2414727605779168,0.04855222018070907,0.011748806468038659,0.04687011402031706,0.08556252031080966,0.00012362694270506229,10,140,0.07165682312998325,0.23033822565801126,True,True,False,3.0148907158384144e-07,COMPLETE
1231,0.37760151028633115,2025-04-01 08:48:17.956512,2025-04-01 08:48:39.120176,0 days 00:00:21.163664,0.06997713361183341,0.8427973909798337,16,0.09748563107489752,0.2466562623641895,0.05134539579258899,0.016188755671119007,0.0546871972468236,0.08719106439578159,9.758181568167504e-05,12,137,0.0682027354884894,0.21142726929593975,True,False,False,9.03097602805606e-07,COMPLETE
1232,0.411090350151062,2025-04-01 08:48:39.515253,2025-04-01 08:48:59.995850,0 days 00:00:20.480597,0.10187040531712369,0.8601896760919097,16,0.08163305603381046,0.2376274807598621,0.054916428223222964,0.01464930955300405,0.057790927139269525,0.08512446629039767,0.00012106094037561235,11,141,0.07463819775560104,0.2222415330009665,True,False,False,3.4895031306019226e-07,COMPLETE
1233,0.6436078786849976,2025-04-01 08:49:00.390649,2025-04-01 08:49:20.711439,0 days 00:00:20.320790,0.12852426644134923,0.8893172761361403,16,0.08620943609415589,0.24626057329700202,0.026057177337011846,0.017631452281164518,0.048573532586871374,0.09224933888802647,9.02184534946801e-05,11,137,0.07883836238238821,0.23040565721202505,True,False,False,6.576639977819294e-07,COMPLETE
1234,0.5941368579864502,2025-04-01 08:49:21.127727,2025-04-01 08:49:42.001474,0 days 00:00:20.873747,0.1317837076316722,0.8778592733741701,16,0.10311556817314903,0.2557527460031179,0.023451206236058394,0.01663588346748286,0.050375991539687456,0.09113507370729089,5.058200571041345e-05,12,130,0.07767441473917791,0.2191332182392183,True,False,False,7.487882588375833e-07,COMPLETE
