number,value,datetime_start,datetime_complete,duration,params_alpha-eval,params_alpha-train,params_batch-size,params_eps-eval,params_eps-train,params_lambda-actions-eval,params_lambda-actions-train,params_lambda-frames-eval,params_lambda-frames-train,params_learning-rate,params_n-epochs,params_n-frames,params_radius-gw,params_rho,params_std-feats,params_ub-actions,params_ub-frames,params_weight-decay,state
1246,0.49833580255508425,2025-04-22 00:32:49.010768,2025-04-22 00:33:06.079104,0 days 00:00:17.068336,0.4621463801441351,0.3167825832556787,8,0.08082650216742147,0.027760992717605053,0.09998681173885587,0.0219437053097917,0.019411004292470665,0.01389402115874204,0.00019055970849664395,5,138,0.01165033396449012,0.11570882551120464,True,False,True,3.5413150812521406e-08,COMPLETE
1247,0.39011735916137696,2025-04-22 00:33:06.480403,2025-04-22 00:33:25.480015,0 days 00:00:18.999612,0.44554199914671394,0.34556557068048543,8,0.08981745987924065,0.018230557560094802,0.0984068819971774,0.023766702796419147,0.022334612045936002,0.010639090903301231,0.0002180260686884939,6,68,0.013623566145643076,0.17157428068341352,True,False,False,4.4618064990432446e-08,COMPLETE
1248,0.40842236280441285,2025-04-22 00:33:25.878776,2025-04-22 00:34:03.323871,0 days 00:00:37.445095,0.4327223227615605,0.2997613840620655,2,0.08355747047161301,0.03425116853672594,0.09834254643878827,0.020573192576112814,0.02027759605005266,0.012334610668862905,0.00023247356278736838,6,72,0.012540643598002204,0.16110162200123132,True,False,False,5.189019166312374e-08,COMPLETE
1249,0.4336369156837464,2025-04-22 00:34:03.722346,2025-04-22 00:34:20.344230,0 days 00:00:16.621884,0.4306705016818738,0.32650939528843614,8,0.09254881529281546,0.030954633973649615,0.09979905382189849,0.02187670208829653,0.021532027334154075,0.014599248709029329,0.00026527405916404364,5,70,0.010636444883022261,0.1800556520217876,True,True,False,2.764025500217253e-08,COMPLETE
1250,0.5553548216819764,2025-04-22 00:34:20.745065,2025-04-22 00:34:37.195168,0 days 00:00:16.450103,0.4119142083668707,0.28117477191936807,16,0.0791265194011247,0.035276833248791724,0.09989327315558705,0.02436374749554373,0.023746196780320486,0.012664163881981551,0.00016873645289990227,6,73,0.014186750992837187,0.15518921961002557,True,False,False,1.522202714567627e-08,COMPLETE
1251,0.5067621588706971,2025-04-22 00:34:37.593898,2025-04-22 00:34:55.764676,0 days 00:00:18.170778,0.4691092292246387,0.330695256920927,8,0.0702741344501802,0.023189323251384363,0.09758767815864594,0.01850227594858673,0.024979380783023558,0.011888078509999154,0.00015389739455351226,5,66,0.0146945435184104,0.16875532473328783,True,False,False,5.192928292298031e-08,COMPLETE
1252,0.4184001922607422,2025-04-22 00:34:56.162497,2025-04-22 00:35:14.576625,0 days 00:00:18.414128,0.44060633115788067,0.3046650500831857,8,0.07675880473384308,0.04004017598396918,0.09657077244043966,0.024320747927258652,0.018337354355584146,0.016947743521499335,0.00019244766314113076,5,74,0.013215339019887558,0.28155826782038346,True,False,False,6.289272577147867e-08,COMPLETE
1253,0.44280711412429813,2025-04-22 00:35:14.977493,2025-04-22 00:35:33.590189,0 days 00:00:18.612696,0.4199144813943954,0.28793506895589316,8,0.08727893879982028,0.032825411528326714,0.09809078318464383,0.015788034982347113,0.022509892221421437,0.014592712792904451,0.00014240231198354154,6,70,0.01512635757294819,0.161742969778607,False,False,False,1.2894131173701498e-08,COMPLETE
1254,0.39893015623092654,2025-04-22 00:35:33.989210,2025-04-22 00:35:52.339837,0 days 00:00:18.350627,0.3983148374094024,0.33351488592387024,8,0.072959136734554,0.040251520608601314,0.09708830741369197,0.02202198225658714,0.02498152300950546,0.015823121110700483,0.00012240372095814102,5,76,0.010308763427614791,0.1744481487779409,True,False,False,3.8453151524665104e-08,COMPLETE
1255,0.44060595035552985,2025-04-22 00:35:52.759668,2025-04-22 00:36:12.059144,0 days 00:00:19.299476,0.3868205426961503,0.31094308124466385,8,0.0847917165679238,0.02486940679103633,0.09818418269303482,0.02003566472366842,0.01994448904854922,0.015360586660451068,0.00017531364856579576,6,74,0.012361106514036475,0.16627539305574876,True,False,False,1.0060483345934673e-08,COMPLETE
1256,0.4049485921859741,2025-04-22 00:36:12.467454,2025-04-22 00:36:30.881632,0 days 00:00:18.414178,0.4192700621923081,0.3670674879264225,8,0.07193506067397962,0.03662960647873815,0.09595799394951893,0.010398827210726515,0.02321138231620216,0.01434778387557106,0.0004945631567871188,5,72,0.007206313602199914,0.15597661740340288,True,False,False,1.9077644646860648e-08,COMPLETE
1257,0.5345935344696046,2025-04-22 00:36:31.286343,2025-04-22 00:36:50.423880,0 days 00:00:19.137537,0.37265984868905294,0.34912894023403857,8,0.07819892578844152,0.029716545295031926,0.0999395056019285,0.02381444365488402,0.026524594719368928,0.017988938478222954,0.00014094554545011887,6,76,0.015940824880506653,0.17852752567936875,True,False,False,6.095422853449644e-08,COMPLETE
1258,0.5762479543685913,2025-04-22 00:36:50.831182,2025-04-22 00:37:06.752262,0 days 00:00:15.921080,0.44597688324154805,0.2694075664387367,16,0.29292052726568646,0.04346398467257777,0.0999557157983389,0.01777125640981076,0.021924574334076564,0.01680420337261347,0.00010453915530951518,5,73,0.016154781744227027,0.1629509363533953,True,False,False,8.019987632968962e-08,COMPLETE
1259,0.38828606605529786,2025-04-22 00:37:07.163628,2025-04-22 00:37:26.372553,0 days 00:00:19.208925,0.4085976302274592,0.3662522805707692,8,0.0678051906010685,0.011076782486008331,0.09624716072196876,0.024413711938491598,0.02614638486395818,0.03257267330126892,9.625311323350214e-05,6,68,0.014439787278252918,0.17116364356621036,True,False,False,5.5146297201795576e-08,COMPLETE
1260,0.43041056394577026,2025-04-22 00:37:26.771450,2025-04-22 00:37:44.985466,0 days 00:00:18.214016,0.39273553749121615,0.32953417205218966,8,0.07532021813238285,0.04057770169404319,0.09805525349604788,0.021783112659806654,0.02323119913132413,0.03284174756037683,0.00015708768101969,5,77,0.01282705517163149,0.058930082828075686,True,False,False,4.5350213056264194e-08,COMPLETE
1261,0.39954495429992676,2025-04-22 00:37:45.389886,2025-04-22 00:38:03.690593,0 days 00:00:18.300707,0.37025164148378936,0.2866972753218103,8,0.0663746706634887,0.031936487570822146,0.09617306673833405,0.014812430060309089,0.024968836180369082,0.012586043209138292,0.00024725238734950094,5,70,0.017090029367300093,0.15356054840747768,True,False,False,3.1847686004649914e-08,COMPLETE
1262,0.3965844869613648,2025-04-22 00:38:04.097668,2025-04-22 00:38:23.151900,0 days 00:00:19.054232,0.453556204650849,0.3426541493792458,8,0.06021709615301628,0.043777206961049045,0.09417364051743991,0.019308759532233294,0.02042034839147087,0.0303007005780978,0.0001052073100725565,6,75,0.015187614183430035,0.1833421365225996,True,False,False,1.2703387910657063e-08,COMPLETE
1263,0.4904750108718872,2025-04-22 00:38:23.555196,2025-04-22 00:38:42.554540,0 days 00:00:18.999344,0.4788152937418793,0.3112220892282044,8,0.07211208024515013,0.03556049451690919,0.09804348377319312,0.02256323177211292,0.026944462120324295,0.01591502222385448,0.0027177039172646632,6,64,0.016993904825445424,0.16746706865422534,True,False,False,7.27476324326774e-08,COMPLETE
1264,0.4403956294059754,2025-04-22 00:38:42.962522,2025-04-22 00:39:16.878940,0 days 00:00:33.916418,0.4236086816431278,0.3649342859186704,2,0.05936290502832853,0.026737690872127053,0.09592567827567561,0.020314314870249494,0.02523961321089056,0.0306926563588947,0.0001236049749045567,5,78,0.01208024989665978,0.15935137068423139,True,False,False,1.705070795562257e-08,COMPLETE
1265,0.42440835237503055,2025-04-22 00:39:17.283497,2025-04-22 00:39:33.716623,0 days 00:00:16.433126,0.34319705472647344,0.16714896504339743,8,0.08428196885617599,0.039768045841773264,0.09824449085449656,0.024579643934253145,0.022216261505331878,0.032528153552061685,8.303207024193372e-05,5,73,0.018237028681287383,0.1703594130765811,True,False,True,8.619401779566197e-08,COMPLETE
1266,0.5194725155830384,2025-04-22 00:39:34.120008,2025-04-22 00:39:53.090887,0 days 00:00:18.970879,0.3824800382968501,0.13410267958431954,8,0.06549057209275834,0.04545197586584243,0.09987961066176339,0.01657143562471068,0.02759812798851229,0.02932822246591077,0.0001256075993104363,6,76,0.010145246143183932,0.1773957508603547,True,False,False,5.9496597314150505e-08,COMPLETE
1267,0.5490307927131653,2025-04-22 00:39:53.496137,2025-04-22 00:40:10.729659,0 days 00:00:17.233522,0.40602328925629033,0.8765673677323068,16,0.07379122185508577,0.03634756846195706,0.09418235523157394,0.022189607617048353,0.024108689273612975,0.01868697570440476,8.842022409326037e-05,5,146,0.01348384583796347,0.15576180669683495,True,False,False,9.28101222703761e-08,COMPLETE
1268,0.2797684073448181,2025-04-22 00:40:11.134107,2025-04-22 00:40:27.892710,0 days 00:00:16.758603,0.3535781950648722,0.25745810521161033,8,0.06662117068391515,0.01677391135351619,0.0964213604516321,0.018502614163545362,0.02671083944877771,0.03081766480057099,7.676723674572078e-05,6,71,0.016105192403033305,0.16144070833462348,True,True,False,2.32861882630219e-08,COMPLETE
1269,0.480866277217865,2025-04-22 00:40:28.297406,2025-04-22 00:40:46.194641,0 days 00:00:17.897235,0.43869115683635346,0.3157799756114326,8,0.05816282352064243,0.04512481282874632,0.09814497263072101,0.012612616784836413,0.018982584363515888,0.03287665178891931,0.0016396396546458798,5,78,0.018546214849194297,0.17410156530328805,True,False,False,4.5853369058722116e-08,COMPLETE
1270,0.5371682167053222,2025-04-22 00:40:46.599308,2025-04-22 00:41:05.322418,0 days 00:00:18.723110,0.9931090373191918,0.34499312276990934,8,0.06927753777882402,0.028741741258658457,0.09366971568500872,0.02464547995789463,0.02384776922267346,0.013657981443046734,0.00019426564952542186,6,33,0.014731335365847488,0.16559638237467808,True,False,False,1.1440619517149947e-07,COMPLETE
1271,0.44263666868209844,2025-04-22 00:41:05.746498,2025-04-22 00:41:23.683894,0 days 00:00:17.937396,0.3254863481480321,0.3256621990061805,8,0.07920967114578875,0.03619074715002233,0.09576862985232232,0.02043522332167423,0.021648105787661652,0.028556357312133296,0.00015825259438618066,5,74,0.01673361736571756,0.15213323416787541,False,False,False,7.135862128952174e-08,COMPLETE
1272,0.41605415344238283,2025-04-22 00:41:24.093066,2025-04-22 00:41:43.224543,0 days 00:00:19.131477,0.4755414179121167,0.3800548684558893,8,0.06095652659723085,0.04250615828327595,0.09989303779184383,0.02278349412014175,0.028123440459091355,0.01695512027787213,8.98046745727625e-05,6,67,0.0191362453270791,0.18391893963715944,True,False,False,1.2661549789937366e-08,COMPLETE
1273,0.4410477638244629,2025-04-22 00:41:43.637894,2025-04-22 00:42:01.948549,0 days 00:00:18.310655,0.37251175126792274,0.2982108588580599,8,0.056711422961238725,0.022166280889241566,0.09650698204988184,0.02451584557099451,0.02508548741976818,0.028839728342733,0.0001165735630616295,5,78,0.01244562951324335,0.1603708283445853,True,False,False,1.0037389310696555e-08,COMPLETE
1274,0.4240960717201233,2025-04-22 00:42:02.364683,2025-04-22 00:42:39.241731,0 days 00:00:36.877048,0.41012696890031947,0.3801001066643752,2,0.07538804926180245,0.046551243988887624,0.09370869805869785,0.0172776720163115,0.02672988828668591,0.031284581853669294,7.614335013829509e-05,6,71,0.014145920769830159,0.17460968962317777,True,False,False,9.18268779691158e-08,COMPLETE
1275,0.44534763693809515,2025-04-22 00:42:39.650520,2025-04-22 00:42:58.022237,0 days 00:00:18.371717,0.3903056510493743,0.21433374939737976,8,0.10280998470452116,0.030705199744884268,0.0980617727437815,0.014294501403462808,0.023910272483467353,0.01935237662799826,0.00010302926074209726,5,75,0.017410280374988304,0.16479714876028317,True,False,False,1.6490048687350123e-08,COMPLETE
1276,0.5725514650344848,2025-04-22 00:42:58.432446,2025-04-22 00:43:14.469766,0 days 00:00:16.037320,0.36377956502950387,0.3616959745389733,16,0.24480003500049693,0.039047637020884665,0.09533508139125504,0.01957811013835304,0.02832560954711432,0.033449907041897146,0.00014572774718678408,5,77,0.01561870634048556,0.15245797045614418,True,False,False,5.89003651604903e-08,COMPLETE
1277,0.4129481792449951,2025-04-22 00:43:14.879180,2025-04-22 00:43:33.947527,0 days 00:00:19.068347,0.4288433470404285,0.3394793069097323,8,0.0621376298677064,0.0476865727897193,0.09830367046202357,0.022446780421975687,0.025738598565516066,0.027965843602112895,0.00012200210298674615,6,69,0.019397524867117287,0.16974463423787753,True,False,False,1.0861054156388636e-07,COMPLETE
1278,0.4236644983291626,2025-04-22 00:43:34.354432,2025-04-22 00:43:53.604491,0 days 00:00:19.250059,0.3980162473274479,0.24233916814984763,8,0.055901238786284814,0.03405645098897615,0.0965422233182917,0.02491148854405318,0.02026899517126525,0.030629660900106312,6.192755101243401e-05,6,73,0.008889624185228099,0.1571852085735429,True,False,False,7.156357926274717e-08,COMPLETE
1279,0.62802734375,2025-04-22 00:43:54.015818,2025-04-22 00:44:12.334441,0 days 00:00:18.318623,0.34006263125669733,0.2723802060217946,8,0.06634150183486463,0.042395284685844775,0.09995377736961011,0.020962526252913026,0.0214681144407402,0.03288802705536223,9.79501649307346e-05,5,79,0.017775978319930393,0.17864001761335363,True,False,False,3.6287026478476075e-08,COMPLETE
1280,0.6659273028373719,2025-04-22 00:44:12.742359,2025-04-22 00:44:31.167103,0 days 00:00:18.424744,0.37816900636319334,0.32443858489150135,8,0.0924085899277869,0.049686637415999574,0.0937313252347956,0.018038692472454557,0.022892744712238892,0.08057273937345823,6.694252679658167e-05,5,76,0.015151139829495933,0.16487590013361567,True,False,False,4.653366396329259e-08,COMPLETE
1281,0.40117201805114744,2025-04-22 00:44:31.574080,2025-04-22 00:44:50.488665,0 days 00:00:18.914585,0.42033909059344204,0.29592311039299746,8,0.09146074148209558,0.04813632645684095,0.0930150211911058,0.016008348612941464,0.022632131932845804,0.012630172137342275,7.480693453659373e-05,6,72,0.019766111857534102,0.16790801692379356,True,False,False,3.321959980462256e-08,COMPLETE
1282,0.4281019091606141,2025-04-22 00:44:50.898343,2025-04-22 00:45:09.028668,0 days 00:00:18.130325,0.3824891780374577,0.32316465335797506,8,0.08716052751793074,0.04124512990981643,0.09433610727121776,0.015848613958205866,0.018400709624221162,0.010975100059748132,6.704416933431923e-05,5,67,0.016954265699998482,0.17383548135993526,True,False,False,4.04300838055186e-08,COMPLETE
1283,0.3957638859748841,2025-04-22 00:45:09.439339,2025-04-22 00:45:31.879514,0 days 00:00:22.440175,0.4033477543275904,0.3078487241512736,8,0.10147870891613188,0.03576119151665927,0.09335235076719023,0.013819934729231792,0.020647451684161704,0.03137104510562323,7.870485271189179e-05,13,74,0.015298274538142144,0.1826841539824603,True,False,True,4.597554024245223e-08,COMPLETE
1284,0.45158168077468874,2025-04-22 00:45:32.309710,2025-04-22 00:45:48.624514,0 days 00:00:16.314804,0.4494000411493849,0.3365223872928828,16,0.1079047808644008,0.048429370799086345,0.0931404346694434,0.017444967781645757,0.023769867519971954,0.0737564894914171,6.61871759147766e-05,6,70,0.01864133659966281,0.17592364822387987,True,False,False,5.079575243295279e-08,COMPLETE
1285,0.38925344944000245,2025-04-22 00:45:49.042316,2025-04-22 00:46:08.105315,0 days 00:00:19.062999,0.4319204751725435,0.2800588858285273,8,0.08376548553828703,0.041685413195564666,0.09511014300846991,0.01823574813879897,0.022735462666617048,0.0330282214391429,8.78283011341396e-05,6,73,0.017161232983224167,0.1676982092024042,True,False,False,3.3081122788642125e-08,COMPLETE
1286,0.60117107629776,2025-04-22 00:46:08.520964,2025-04-22 00:46:26.697801,0 days 00:00:18.176837,0.3824045417415033,0.32370306758884293,8,0.0921225619874218,0.027476852251897423,0.09348920018251967,0.01487116352714248,0.01892551611403097,0.01059592764272166,9.96021583676543e-05,5,76,0.019515118020253245,0.17087926410401214,True,False,False,2.875821335290373e-08,COMPLETE
1287,0.2797684073448181,2025-04-22 00:46:27.116336,2025-04-22 00:46:56.234943,0 days 00:00:29.118607,0.4062727705263681,0.36188599025977025,2,0.09162838269675463,0.03249235963040085,0.09525692723479033,0.08804227455639334,0.024856270305506217,0.030949759471958,6.117098635696582e-05,5,75,0.015440171607227816,0.17986307904901444,True,True,False,4.281135786236081e-08,COMPLETE
1288,0.42898135185241704,2025-04-22 00:46:56.647980,2025-04-22 00:47:14.808581,0 days 00:00:18.160601,0.37300222351153706,0.3048907598590585,8,0.0995032920166858,0.13157913290510181,0.0964971796610173,0.01635691171842172,0.02129628083783168,0.09659021635663262,7.078929579033319e-05,5,70,0.020834169743430216,0.1615492518367161,True,False,False,5.172127084616692e-08,COMPLETE
1289,0.42662432193756106,2025-04-22 00:47:15.221276,2025-04-22 00:47:34.471890,0 days 00:00:19.250614,0.46127105173804284,0.3473262629481658,8,0.07314050505211125,0.04831434277584278,0.0929575935559995,0.01817660400595966,0.023668452549198655,0.014972199444107622,0.00018025297602738502,6,76,0.01782608427059699,0.16500310234653953,True,False,False,2.2428328134201094e-08,COMPLETE
1290,0.4227206349372864,2025-04-22 00:47:34.886175,2025-04-22 00:47:53.096733,0 days 00:00:18.210558,0.396929319682903,0.32525124256441323,8,0.09207006869759075,0.0405227762590296,0.09523287506309103,0.019378908718004028,0.025311343744727714,0.033679887599680845,8.55203858930383e-05,5,66,0.01580078653833706,0.1711765057477394,True,False,False,5.431964420205651e-08,COMPLETE
1291,0.44325180053710944,2025-04-22 00:47:53.509208,2025-04-22 00:48:12.238250,0 days 00:00:18.729042,0.41959664245093137,0.3480049861514021,8,0.1076519051269418,0.022044159756184428,0.09690541193174683,0.014369232159900902,0.022006727845359654,0.029727046460239624,0.00013136870769727175,6,73,0.019851635379438307,0.184121439993221,False,False,False,2.719462612127875e-08,COMPLETE
1292,0.6530033707618714,2025-04-22 00:48:12.652379,2025-04-22 00:48:31.839651,0 days 00:00:19.187272,0.38621025191344405,0.281422433859035,8,0.09779571190330363,0.03831428624945846,0.09365381350229389,0.018123223481382476,0.026146929878076788,0.09034900517992614,0.00010196484713269391,6,78,0.014140397304531154,0.17664841172798856,True,False,False,6.270585407277141e-08,COMPLETE
1293,0.2797684073448181,2025-04-22 00:48:32.251799,2025-04-22 00:48:48.390595,0 days 00:00:16.138796,0.426015962227363,0.26484620454111396,16,0.10381651460120243,0.0005015262950011992,0.09235448687613498,0.016268900999582604,0.026396827899988578,0.07883357787586177,0.00011877741867769167,6,78,0.010937818344374144,0.18470136868548823,True,False,False,4.054610159486679e-08,COMPLETE
1294,0.533850908279419,2025-04-22 00:48:48.804036,2025-04-22 00:49:08.049153,0 days 00:00:19.245117,0.3980661170501843,0.2822570187158742,8,0.09706309928255637,0.03054526310295069,0.09311807112139896,0.013033379982701624,0.01672686273372752,0.09015318600513597,0.00013958973162366703,6,79,0.013009442034482585,0.18000853430586564,True,False,False,3.8024526282250224e-08,COMPLETE
1295,0.41278065443038947,2025-04-22 00:49:08.461288,2025-04-22 00:49:27.638176,0 days 00:00:19.176888,0.4430976027502783,0.25564437927838685,8,0.09977165689612628,0.03598450045570973,0.09331518427742845,0.017844966805601662,0.028047873046407112,0.09405998695440135,0.00010179422030076351,6,79,0.012076225082878611,0.1776187166475879,True,False,False,4.872565443047458e-08,COMPLETE
1296,0.4408223032951355,2025-04-22 00:49:28.071511,2025-04-22 00:49:47.108414,0 days 00:00:19.036903,0.41363982383510567,0.30579669191077796,8,0.08023393687858174,0.019197809397446884,0.09354917975234749,0.014891225688192513,0.020296556823252793,0.07435413050983636,0.00016446284450946647,6,72,0.01361601991471567,0.2562807293068973,True,False,False,6.174894518949571e-08,COMPLETE
1297,0.44015218019485475,2025-04-22 00:49:47.530305,2025-04-22 00:50:06.588542,0 days 00:00:19.058237,0.3866380887885886,0.285598894650601,8,0.08432693337871572,0.02581256731246899,0.0946614646089611,0.016607109990387784,0.02646107939108761,0.09138558803309232,0.00030696554372708167,6,76,0.011933474591589133,0.18365700821504205,True,False,False,5.2668161525095286e-08,COMPLETE
1298,0.5694956064224244,2025-04-22 00:50:07.009041,2025-04-22 00:50:26.060940,0 days 00:00:19.051899,0.36005791380934044,0.29161859105444365,8,0.09218705259065926,0.036365274945716376,0.09323862761600306,0.016811882818136125,0.022079872481651372,0.08087352616189536,0.00010922996202716203,6,79,0.013894448578635343,0.17752007450011412,True,False,False,1.5173548044085748e-08,COMPLETE
1299,0.513493287563324,2025-04-22 00:50:26.476574,2025-04-22 00:51:03.559025,0 days 00:00:37.082451,0.4328154421643464,0.2853524010108127,2,0.07991342943698726,0.030627605351547238,0.09511597694006615,0.01893093512648674,0.023967638651929607,0.014518527622017413,0.00012593079016310463,6,74,0.014474219103252025,0.1738500571587804,True,False,False,6.308409432771883e-08,COMPLETE
1300,0.4414512872695923,2025-04-22 00:51:03.978580,2025-04-22 00:51:22.961626,0 days 00:00:18.983046,0.4049474090905709,0.2648828944679259,8,0.11361374536748504,0.04962285873323027,0.09316918476175212,0.013615969997763225,0.023210562010774302,0.08457272981863753,9.647255602936024e-05,6,61,0.014611204695220321,0.17296674550932578,True,False,False,1.9760340336432115e-08,COMPLETE
1301,0.43495883941650393,2025-04-22 00:51:23.376403,2025-04-22 00:51:41.750835,0 days 00:00:18.374432,0.4662566242472548,0.3044087751205564,8,0.09009767663698984,0.038805887444123104,0.09565786148049392,0.015260154174671057,0.02553918085199626,0.015501475299650364,0.0001492525608420142,5,69,0.01097506891246312,0.18416714414779867,True,False,False,2.8572297242529843e-08,COMPLETE
