number,value,datetime_start,datetime_complete,duration,params_alpha-eval,params_alpha-train,params_batch-size,params_eps-eval,params_eps-train,params_lambda-actions-eval,params_lambda-actions-train,params_lambda-frames-eval,params_lambda-frames-train,params_learning-rate,params_n-epochs,params_n-frames,params_radius-gw,params_rho,params_std-feats,params_ub-actions,params_ub-frames,params_weight-decay,state
1078,0.38821349143981937,2025-04-21 23:33:56.149323,2025-04-21 23:34:14.402980,0 days 00:00:18.253657,0.3993010048367282,0.37029686284839447,8,0.06305855488452923,0.04619647435542883,0.0983639749183016,0.021973147472361777,0.0222781887731939,0.027202085292016145,9.155904717799225e-05,5,75,0.0123868732691108,0.17298424834492546,True,False,False,4.460270606773685e-08,COMPLETE
1079,0.6515151143074036,2025-04-21 23:34:14.748747,2025-04-21 23:34:33.004635,0 days 00:00:18.255888,0.43758469355835133,0.3203439895830327,8,0.07652494493681089,0.041236309288939794,0.09817956339501613,0.019543113751425527,0.0247716182411176,0.028940489652646954,8.164881882779868e-05,5,77,0.01729257515887351,0.17053257403223307,True,False,False,6.225151703872987e-08,COMPLETE
1080,0.5754396557807923,2025-04-21 23:34:33.350962,2025-04-21 23:34:51.590637,0 days 00:00:18.239675,0.40283916030518835,0.32926586732811164,8,0.07623250863105424,0.033970043484207874,0.09829876471546771,0.018158784084147134,0.024131382374412827,0.028637089873186545,8.216812333105264e-05,5,75,0.01340184821459131,0.17598390884134432,True,False,False,6.287951818307111e-08,COMPLETE
1081,0.441518771648407,2025-04-21 23:34:51.937298,2025-04-21 23:35:10.256019,0 days 00:00:18.318721,0.4338762848023247,0.27539309328137246,8,0.07270892744179693,0.024906434489959318,0.09973009677535541,0.018866808689121273,0.025121579941741704,0.029695658544510044,7.271138127102468e-05,5,142,0.015948159093224154,0.17431899583788724,False,False,False,1.057649328015127e-08,COMPLETE
1082,0.6523378491401672,2025-04-21 23:35:10.604644,2025-04-21 23:35:28.758243,0 days 00:00:18.153599,0.38356905567317806,0.3262059866280499,8,0.06948271314448555,0.03840605036948652,0.09998051788415617,0.014961277148106092,0.025135823307460607,0.029105091211314677,7.850418075550149e-05,5,73,0.014819080475252584,0.16992555252914773,True,False,False,5.0007938891250675e-08,COMPLETE
1083,0.5092420339584351,2025-04-21 23:35:29.109569,2025-04-21 23:35:47.756001,0 days 00:00:18.646432,0.39258260030680076,0.33627033716333016,8,0.07600446811493346,0.03431170334106418,0.09993426717394081,0.01510996311679706,0.02533492137227296,0.029840202983086588,9.681717012225758e-05,5,72,0.010951703663196467,0.17405885184628272,True,False,False,2.425227301849623e-08,COMPLETE
1084,0.44010772705078127,2025-04-21 23:35:48.106862,2025-04-21 23:36:06.419615,0 days 00:00:18.312753,0.4352505936032658,0.33102508765288513,8,0.07199000908271344,0.02863086863232922,0.09822427071273783,0.012653621641191812,0.02212228863824063,0.02760182494119369,0.00010952577627173594,5,73,0.013370370306911244,0.16925085557972425,True,False,False,3.5549543854807585e-08,COMPLETE
1085,0.5145660996437073,2025-04-21 23:36:06.770566,2025-04-21 23:36:22.802002,0 days 00:00:16.031436,0.40326602352223806,0.2939019969164797,16,0.06937070244916602,0.03670766651521008,0.09971222664551713,0.01594018241674504,0.02388560362953568,0.02974075539143007,0.00013523355809404302,5,73,0.010664382302588957,0.17734831940948287,True,False,False,4.7239159232138185e-08,COMPLETE
1086,0.37442520856857303,2025-04-21 23:36:23.138390,2025-04-21 23:36:41.346498,0 days 00:00:18.208108,0.3761032884450135,0.3030925811526869,8,0.07860861614497433,0.03754629247340234,0.09987302300114753,0.017194592699336046,0.02134834346644362,0.0295382352953391,8.180473481974511e-05,5,71,0.014246926333400259,0.16704247474668937,True,False,False,4.5135344973648144e-08,COMPLETE
1087,0.3932024240493775,2025-04-21 23:36:41.694363,2025-04-21 23:36:59.942843,0 days 00:00:18.248480,0.4166317831644484,0.3090754433062797,8,0.07194133518634332,0.0398005936192743,0.09993816497378295,0.013179503118165733,0.02609185828844174,0.027055479149586347,7.580233590288286e-05,5,74,0.012391045293509872,0.17046528000117608,True,False,False,3.23256250140814e-08,COMPLETE
1088,0.5707778334617615,2025-04-21 23:37:00.289700,2025-04-21 23:37:18.554078,0 days 00:00:18.264378,0.4439276041567651,0.3177125832331654,8,0.06645802154381461,0.024053878043095247,0.09765218711159172,0.018653635452166556,0.02600692218164455,0.029387419980168514,8.293133457797909e-05,5,76,0.015335014454917783,0.16726038855086808,True,False,False,5.690866092640148e-08,COMPLETE
1089,0.580641257762909,2025-04-21 23:37:18.902273,2025-04-21 23:37:37.061171,0 days 00:00:18.158898,0.3875986920228741,0.3416357092303344,8,0.08098461825855048,0.030262943401588006,0.09800536777962147,0.0197301075281392,0.024624081824413363,0.02646621785852357,9.677326406404495e-05,5,76,0.015041792885830817,0.1703134715491269,True,False,False,3.943073159158331e-08,COMPLETE
1090,0.40890969038009645,2025-04-21 23:37:37.407294,2025-04-21 23:37:55.674919,0 days 00:00:18.267625,0.4236506523939333,0.33752855143791677,8,0.06501432508186164,0.04282655242234042,0.09777316719466872,0.020740987003148473,0.02170259221072458,0.029567408839204706,7.002482175406603e-05,5,71,0.012067796246859898,0.17804371923093987,True,False,False,5.1850386076775055e-08,COMPLETE
1091,0.404129558801651,2025-04-21 23:37:56.021450,2025-04-21 23:38:14.269559,0 days 00:00:18.248109,0.3902722216673928,0.35475901971126783,8,0.08649554270082213,0.03380268291424546,0.09768497718939803,0.019598602846364152,0.026506492689919284,0.027735121800247724,6.844248462717501e-05,5,74,0.010157231577543308,0.16727867262881557,True,False,False,6.934158203076656e-08,COMPLETE
1092,0.6360109448432922,2025-04-21 23:38:14.619673,2025-04-21 23:38:32.875006,0 days 00:00:18.255333,0.4109263721458236,0.2863015658737559,8,0.06715109558397096,0.046743040699736074,0.09991117053432218,0.020555939338324305,0.0227263835967526,0.030167566076863148,8.63235065653731e-05,5,77,0.013882527768765914,0.1773327931025897,True,False,False,5.627951739907579e-08,COMPLETE
1093,0.40776681900024414,2025-04-21 23:38:33.228120,2025-04-21 23:38:51.573064,0 days 00:00:18.344944,0.3823877598020927,0.3794197789136528,8,0.07432187057814651,0.04023929164705976,0.09747951321558311,0.014477399862287153,0.026883414998332883,0.025844661655672164,0.00012751933283506036,5,70,0.017015353047260873,0.17086873462395408,True,False,False,6.357347767445176e-08,COMPLETE
1094,0.40193029642105105,2025-04-21 23:38:51.925786,2025-04-21 23:39:08.290012,0 days 00:00:16.364226,0.4000445767927683,0.32294823343274415,8,0.06435685971132805,0.0182194796558021,0.09818366791696584,0.017072423822464076,0.02441188569338384,0.02593873103529244,0.0001518854495753065,5,77,0.016081970106183244,0.1666420259437382,True,False,True,4.319271746685923e-08,COMPLETE
1095,0.4084320902824402,2025-04-21 23:39:08.643981,2025-04-21 23:39:42.080335,0 days 00:00:33.436354,0.3747763048789774,0.33896686634288237,2,0.0697447278637949,0.04778910459632777,0.0978785379375285,0.018488153210556708,0.020890814545402085,0.028920314766811513,6.346482316129706e-05,5,74,0.019370326835166804,0.1659856671639103,True,False,False,6.007607671570002e-08,COMPLETE
1096,0.4405870795249939,2025-04-21 23:39:42.435108,2025-04-21 23:40:00.889600,0 days 00:00:18.454492,0.4118272584950052,0.2773416772073829,8,0.062264520131899176,0.041280732365244925,0.09739681426893228,0.021918802207400452,0.026605291942619666,0.030461733822292822,0.00011504880624869141,5,77,0.01839012320379117,0.17574213712996067,True,False,False,7.434339511895327e-08,COMPLETE
1097,0.5145064473152161,2025-04-21 23:40:01.230266,2025-04-21 23:40:19.435158,0 days 00:00:18.204892,0.44237261459667127,0.2982049960274839,8,0.061182747667241646,0.03445648108417963,0.09830087054828326,0.0218568030886876,0.023736912215920423,0.02756791337497412,7.019325691496799e-05,5,73,0.013019434160105522,0.17071931790159195,True,False,False,3.196305329734326e-08,COMPLETE
1098,0.2797684073448181,2025-04-21 23:40:19.785208,2025-04-21 23:40:36.041072,0 days 00:00:16.255864,0.37716287122987907,0.36060944679725704,8,0.0786720636566075,0.048730613166686004,0.09726318285340549,0.0035969793654703416,0.026762205494393253,0.025757399280189146,6.08797758376294e-05,5,77,0.015504234406888983,0.17846033543809595,True,True,False,6.936053418124988e-08,COMPLETE
1099,0.4130386233329773,2025-04-21 23:40:36.393223,2025-04-21 23:40:54.637063,0 days 00:00:18.243840,0.38704023851555924,0.3461712315864304,8,0.06796218734714014,0.041420709322915084,0.09951262213688761,0.016037562879629194,0.025075165251945558,0.030440035439954945,9.014606923836966e-05,5,69,0.017447266312755148,0.16534999060795705,True,False,False,7.926198315529399e-08,COMPLETE
1100,0.39232991933822636,2025-04-21 23:40:54.987307,2025-04-21 23:41:13.265971,0 days 00:00:18.278664,0.4252880067319551,0.3584639606469009,8,0.06133256046102013,0.028331003703681433,0.09978539417098566,0.022342256879886176,0.02762795361664351,0.028905862444085325,7.116255662840855e-05,5,72,0.011433920700890807,0.16522321236312848,True,False,False,5.3847884902426145e-08,COMPLETE
1101,0.4446021914482117,2025-04-21 23:41:13.618328,2025-04-21 23:41:31.533224,0 days 00:00:17.914896,0.3778104295382408,0.3225884001099083,8,0.07582311776355337,0.049810336002841495,0.09999219633723941,0.019886758666209398,0.02283393195325755,0.02764260763645354,0.00010021243981304839,5,74,0.01430202287757345,0.17194097591778384,False,False,False,2.5032672399300554e-08,COMPLETE
1102,0.6317881226539612,2025-04-21 23:41:31.883879,2025-04-21 23:41:51.132399,0 days 00:00:19.248520,0.41089202794167723,0.37014742542612533,8,0.06018530841788484,0.03745988255170078,0.09665026159424833,0.017755911389802016,0.027459193349565095,0.024960663137663465,6.498747569183238e-05,6,75,0.019506400672617094,0.16643141055527838,True,False,False,4.05871728347112e-08,COMPLETE
1103,0.6502609252929688,2025-04-21 23:41:51.486635,2025-04-21 23:42:09.830663,0 days 00:00:18.344028,0.3947792118575759,0.3163899850503229,8,0.06629850435776206,0.04312691646380382,0.09675040886678138,0.020570772360581104,0.0254955998215711,0.030675173215798098,7.908155662650941e-05,5,78,0.017301893839175415,0.17899401141043236,True,False,False,8.452076952742455e-08,COMPLETE
1104,0.4599700093269348,2025-04-21 23:42:10.184213,2025-04-21 23:42:28.624956,0 days 00:00:18.440743,0.3920157156107642,0.25194281564822274,8,0.06962207496165519,0.046260273162318045,0.09717527906412309,0.01762795702261364,0.020237709149598472,0.02711646280854289,0.00010885424412863307,5,79,0.019896114925590954,0.18020176981186486,True,False,False,8.521051147631177e-08,COMPLETE
1105,0.5823723793029786,2025-04-21 23:42:28.981613,2025-04-21 23:42:44.744786,0 days 00:00:15.763173,0.4249032226944408,0.2892755245483394,16,0.07691182602411316,0.035463516984593116,0.09679095088417712,0.020123375748917656,0.02426025138784625,0.0299464768594005,7.905862826162663e-05,5,78,0.017979372216211827,0.17498915828242478,True,False,False,8.585030281676813e-08,COMPLETE
1106,0.4542922377586365,2025-04-21 23:42:45.100140,2025-04-21 23:43:03.412866,0 days 00:00:18.312726,0.44834819332530507,0.296187770427704,8,0.07158659099481594,0.042574410094475316,0.09800969910522923,0.020997521919948765,0.026062662352100974,0.028611934607378896,8.907685753797657e-05,5,78,0.022729825086509756,0.17724297257689395,True,False,False,6.703010782972903e-08,COMPLETE
1107,0.5669589638710022,2025-04-21 23:43:03.768373,2025-04-21 23:43:21.887418,0 days 00:00:18.119045,0.37370870137437917,0.2651119490820045,8,0.06591882564204521,0.04828566121514918,0.09651659136096001,0.019948135086647552,0.02355291659507746,0.08935353555428041,7.487670743264975e-05,5,78,0.020477138079197384,0.1726581206316326,True,False,False,4.720296581360393e-08,COMPLETE
1108,0.5869646191596984,2025-04-21 23:43:22.247027,2025-04-21 23:43:40.571976,0 days 00:00:18.324949,0.3930388043922638,0.3215585357292756,8,0.07096899372150532,0.02936012818803556,0.09813318346875463,0.0916527074665191,0.02803734599817155,0.025062250258064165,8.072378217060837e-05,5,78,0.017812387612159235,0.17755562445820786,True,False,False,8.575902271946581e-08,COMPLETE
1109,0.6465153217315673,2025-04-21 23:43:40.928114,2025-04-21 23:43:59.998927,0 days 00:00:19.070813,0.4101240085182724,0.31508443337989955,8,0.0938874579638829,0.04224501745207974,0.09833933346506865,0.015993690980885183,0.025437543538765664,0.030855402860876395,0.00012567245388466408,6,76,0.016873008719111862,0.1713018683348868,True,False,False,7.13259603059077e-08,COMPLETE
1110,0.5704693675041199,2025-04-21 23:44:00.340015,2025-04-21 23:44:19.360867,0 days 00:00:19.020852,0.41008381621786333,0.31988697027341767,8,0.09130667870772988,0.024841121142430984,0.0982067131587211,0.01473133040333361,0.02169579888196563,0.030813634726862528,0.00010096737002218537,6,75,0.015936803403469285,0.17859797798592114,True,False,False,6.3228198747698e-08,COMPLETE
1111,0.4051737427711487,2025-04-21 23:44:19.713439,2025-04-21 23:44:38.999750,0 days 00:00:19.286311,0.4187747900785502,0.3008264819130688,8,0.08040186129228379,0.034850882220528706,0.09972611788815437,0.012598104183382926,0.025055092585730326,0.02857676730417969,9.172689663727132e-05,6,71,0.01693790586023491,0.17994077454665716,True,False,False,5.0275748755729895e-08,COMPLETE
1112,0.4055792212486267,2025-04-21 23:44:39.354420,2025-04-21 23:44:56.050313,0 days 00:00:16.695893,0.4564199251870389,0.3162931497376758,8,0.088577427418603,0.03953932350466304,0.09996405424948941,0.014105011365593449,0.02581428121449942,0.026801515856307304,6.339870782612065e-05,5,76,0.013922215239427473,0.1718456514822648,True,False,True,6.687493302534417e-08,COMPLETE
1113,0.3966984033584595,2025-04-21 23:44:56.405926,2025-04-21 23:45:14.551462,0 days 00:00:18.145536,0.40018579142335625,0.2735219836163083,8,0.0847941480513289,0.0314148127923364,0.09620393221520679,0.01646634959112539,0.02299664666035063,0.013223431314253836,0.00014649634007183685,5,72,0.016199987227545485,0.17143124187214537,True,False,False,8.128500071637566e-08,COMPLETE
1114,0.399509334564209,2025-04-21 23:45:14.907923,2025-04-21 23:45:34.271836,0 days 00:00:19.363913,0.4406581589520009,0.3421702031013534,8,0.08369077237103652,0.0417237191223128,0.09991375669547209,0.015192724077714007,0.020344807068275492,0.08390164124781703,0.00012828665115879518,6,75,0.013002662880444507,0.1641439335287717,True,False,False,6.542984519544314e-08,COMPLETE
1115,0.5841347217559815,2025-04-21 23:45:34.629251,2025-04-21 23:45:53.897974,0 days 00:00:19.268723,0.37371680616785236,0.30329114230293164,8,0.0829896303200019,0.0364154616933053,0.09650470468564004,0.017724327103917154,0.027497310783011025,0.03118762211525952,7.179822546412074e-05,6,79,0.01533659699096037,0.169363888395743,True,False,False,9.097898534072396e-08,COMPLETE
1116,0.2797684073448181,2025-04-21 23:45:54.255548,2025-04-21 23:46:10.512701,0 days 00:00:16.257153,0.42147457010851647,0.3534110074560954,8,0.0722587676238403,0.04616168543613669,0.09647848597210043,0.016964145025205688,0.025187217255437967,0.028012036403207513,0.0001155820750065448,5,69,0.018225638264123368,0.1798793853755216,True,True,False,5.2614800050720664e-08,COMPLETE
1117,0.4405093550682068,2025-04-21 23:46:10.867861,2025-04-21 23:46:44.892731,0 days 00:00:34.024870,0.4041113356321734,0.3228084789648393,2,0.07611944424008736,0.02086081512871259,0.09998100413938275,0.01102330384865953,0.027902030039717675,0.025112855233459318,9.057001162964467e-05,5,76,0.009036525692698433,0.17491965717908756,True,False,False,4.007178190059081e-08,COMPLETE
1118,0.4165524005889893,2025-04-21 23:46:45.253064,2025-04-21 23:47:04.545550,0 days 00:00:19.292486,0.3723205770818382,0.3350922845207454,8,0.06806982762969276,0.04205771548134634,0.0978557896028166,0.012381639222337624,0.023239575830387188,0.03042829238323998,7.116200201011196e-05,6,73,0.01677221929426084,0.2657824587793065,True,False,False,7.671277659867415e-08,COMPLETE
1119,0.4405561685562134,2025-04-21 23:47:04.904827,2025-04-21 23:47:22.942428,0 days 00:00:18.037601,0.393015275962576,0.28750238668605343,8,0.09800402775506224,0.050526474979863525,0.0964114415910741,0.014407674864348055,0.025650956519148147,0.027072681362344947,6.313313719026243e-05,5,78,0.014546097367896672,0.1637623457985297,False,False,False,8.97532675820208e-08,COMPLETE
1120,0.5941496968269349,2025-04-21 23:47:23.303986,2025-04-21 23:47:42.716517,0 days 00:00:19.412531,0.37017734549139686,0.3097809186833388,8,0.09196209765442687,0.035758062754994796,0.09776047995473744,0.018677464467715586,0.026729863616013566,0.029267140238509955,8.61944294205485e-05,6,80,0.018661184107141578,0.1633294211727191,True,False,False,6.483369397345659e-08,COMPLETE
1121,0.40914534330368046,2025-04-21 23:47:43.076258,2025-04-21 23:48:01.172202,0 days 00:00:18.095944,0.429045731052333,0.3476706680877986,8,0.06322529854045367,0.04531209977108953,0.09617999354221571,0.01605615554614436,0.027819130810010112,0.024962424118044106,6.0374431198461365e-05,5,74,0.011363081379197594,0.1716901310481744,True,False,False,9.480244163141488e-08,COMPLETE
1122,0.5694658398628235,2025-04-21 23:48:01.536429,2025-04-21 23:48:21.010123,0 days 00:00:19.473694,0.36116658134557456,0.37158902538588917,8,0.10436154289838784,0.027964351049288252,0.09830129943604896,0.019103934438563043,0.02358873570446634,0.030888292273167226,0.00011796592005221539,6,77,0.016977295752975238,0.1636678031776286,True,False,False,5.399466383747629e-08,COMPLETE
1123,0.45812430381774905,2025-04-21 23:48:21.373500,2025-04-21 23:48:40.566391,0 days 00:00:19.192891,0.40026470609122716,0.34487351121689014,8,0.07712476608860763,0.05153504874092485,0.09621513209665065,0.02085238493508337,0.02505813014806684,0.02723200351853633,7.945427918261344e-05,6,71,0.013282346813740808,0.16886184005880833,True,False,False,7.390358692703584e-08,COMPLETE
1124,0.42039848566055305,2025-04-21 23:48:40.930544,2025-04-21 23:48:59.293663,0 days 00:00:18.363119,0.38676650096801607,0.2603960804387917,8,0.06688483036598512,0.03971295277841807,0.09798808225244107,0.01793733878218906,0.021161803713345986,0.02926785442064378,5.95604214914439e-05,5,80,0.005373891507105506,0.1771679297265392,True,False,False,1.8083737633495713e-08,COMPLETE
1125,0.5649667859077454,2025-04-21 23:48:59.658625,2025-04-21 23:49:18.729171,0 days 00:00:19.070546,0.41601704453688776,0.3185417725762109,8,0.06363482032887355,0.03139907515146473,0.09991218319040428,0.022992450996296866,0.028416892141303586,0.024339175980840275,6.880900623898867e-05,6,76,0.015073443125769043,0.16340211398267399,True,False,False,3.51096998358702e-08,COMPLETE
1126,0.4133716344833374,2025-04-21 23:49:19.071082,2025-04-21 23:49:37.303930,0 days 00:00:18.232848,0.4386604160783309,0.3762598753872231,8,0.07329021852048127,0.05068834036561777,0.09589498038904523,0.022985744514635385,0.02590634934500127,0.03112140200084091,9.353656187740222e-05,5,67,0.018745946163108637,0.17186272040899256,True,False,False,4.7211972592930095e-08,COMPLETE
1127,0.6118773818016052,2025-04-21 23:49:37.665256,2025-04-21 23:49:54.150400,0 days 00:00:16.485144,0.3576000088030788,0.2873157807771529,16,0.06043857908229907,0.04427625020968675,0.09828407030301999,0.019684175250050378,0.028026737448219093,0.016317382653943356,5.6335330675914875e-05,6,73,0.01632044610931414,0.1803726603186865,True,False,False,9.731104281456269e-08,COMPLETE
1128,0.5783984303474426,2025-04-21 23:49:54.510594,2025-04-21 23:50:12.825522,0 days 00:00:18.314928,0.3805796536560974,0.36343862056689846,8,0.06583744363828634,0.03818249756987925,0.09609564338833877,0.02172738972091673,0.022253149390294994,0.02603800693806759,7.23243283160896e-05,5,80,0.019731136898857967,0.16483171790096984,True,False,False,2.866563146409442e-08,COMPLETE
1129,0.4082216262817383,2025-04-21 23:50:13.186928,2025-04-21 23:50:31.594377,0 days 00:00:18.407449,0.4032757817132774,0.33649790232387855,8,0.09592357727833889,0.05242697068560367,0.09804329438773576,0.023200057539833792,0.01952139957283608,0.028730756968508724,0.00011249726667645704,5,77,0.012809512316752472,0.17039448560324325,True,False,False,6.487025178219907e-08,COMPLETE
1130,0.42808332443237307,2025-04-21 23:50:31.954566,2025-04-21 23:50:50.960356,0 days 00:00:19.005790,0.45440348031187194,0.30697857940141965,8,0.08077104702389039,0.04575594331429449,0.09987512755588934,0.020182223084468272,0.024741453742934617,0.03154570543917329,5.893077236790517e-05,6,70,0.01701355596684979,0.16345209219117487,True,False,False,1.0294371437108542e-07,COMPLETE
1131,0.41816115379333496,2025-04-21 23:50:51.323477,2025-04-21 23:51:07.858649,0 days 00:00:16.535172,0.37558255499031284,0.3772144199632946,8,0.058968230037360334,0.03339759593619171,0.09999599630516441,0.016464844198751053,0.028500275476442356,0.02690370047898831,8.369280998528862e-05,5,74,0.014960271510445659,0.17913359472845186,True,False,True,7.45244909819851e-08,COMPLETE
1132,0.57378671169281,2025-04-21 23:51:08.221789,2025-04-21 23:51:27.458744,0 days 00:00:19.236955,0.35874294049838706,0.39521883510749367,8,0.06905574378872688,0.04218005534397826,0.09590555628600766,0.010536871023037471,0.026240467877097124,0.02324971829325484,9.95460082361832e-05,6,82,0.019618794324690898,0.16050645079898293,True,False,False,5.5365956756754435e-08,COMPLETE
1133,0.4500239133834839,2025-04-21 23:51:27.819624,2025-04-21 23:51:46.183790,0 days 00:00:18.364166,0.42435685013991,0.3388264605395458,8,0.05953467797395316,0.053575264175673765,0.09654149259479661,0.01828112216433901,0.024448592873575963,0.029463750813387014,5.4947927890505216e-05,5,78,0.010818589199523991,0.16795423724426597,True,False,False,9.665137275924122e-08,COMPLETE
