number,value,datetime_start,datetime_complete,duration,params_alpha-eval,params_alpha-train,params_batch-size,params_eps-eval,params_eps-train,params_lambda-actions-eval,params_lambda-actions-train,params_lambda-frames-eval,params_lambda-frames-train,params_learning-rate,params_n-epochs,params_n-frames,params_radius-gw,params_rho,params_std-feats,params_ub-actions,params_ub-frames,params_weight-decay,state
563,0.573464071750641,2025-04-01 04:50:41.240423,2025-04-01 04:51:00.360589,0 days 00:00:19.120166,0.060319629366894625,0.9008112003933597,16,0.09060618748717245,0.04749980031339307,0.025226396897763043,0.010704850605075845,0.06487426116042984,0.057300789454642086,0.00015290340594569147,9,138,0.07616013496966434,0.23918730151603004,True,False,False,0.00041583613227402533,COMPLETE
564,0.411484956741333,2025-04-01 04:51:00.543849,2025-04-01 04:51:21.800740,0 days 00:00:21.256891,0.04075680048653298,0.9295340886977181,16,0.08092713853936907,0.2392395456223093,0.02237437890506257,0.016493013826262174,0.05989913894039731,0.09002141910246687,9.848605882613264e-05,12,140,0.07371847314538355,0.224790826352602,True,False,False,0.0008241772035451763,COMPLETE
565,0.43552797436714175,2025-04-01 04:51:21.996378,2025-04-01 04:51:42.723682,0 days 00:00:20.727304,0.07606258859999762,0.879098895930579,16,0.06294829912381317,0.25553405811365715,0.018607586222203577,0.02078176184798779,0.06911213451815519,0.08265994978981216,0.00018545398424163356,11,147,0.08283891399501034,0.07688571080460922,True,False,False,0.0006577696080390977,COMPLETE
566,0.41513085365295416,2025-04-01 04:51:42.911215,2025-04-01 04:52:02.570538,0 days 00:00:19.659323,0.024712561880186473,0.9413371052059475,16,0.07302945941893692,0.23213723135992542,0.023774188657112064,0.007764822849234792,0.06691449147949873,0.054674600290915816,0.00012239247334319816,10,135,0.08831278790336505,0.23502438897600286,True,False,False,0.0009929837347106675,COMPLETE
567,0.43565241098403934,2025-04-01 04:52:02.764285,2025-04-01 04:52:22.163415,0 days 00:00:19.399130,0.10895610119113212,0.9139873031763147,16,0.07896995156772048,0.26084536397846325,0.029322521572686153,0.01786482132781497,0.062374269874950594,0.04903991533186592,8.60981096525561e-05,12,144,0.07913425964245471,0.2088820395385157,True,False,True,9.422018767321797e-08,COMPLETE
568,0.6130446672439576,2025-04-01 04:52:22.346719,2025-04-01 04:52:40.597981,0 days 00:00:18.251262,0.010017374990701843,0.8976224149783018,16,0.09689503177180668,0.2514839862273489,0.02667514766981209,0.02234426097020172,0.06441184488663498,0.046059766140466175,0.000232048533144907,8,137,0.07628039438270673,0.24542068582673612,True,False,False,0.0005239794541695029,COMPLETE
569,0.4354029178619385,2025-04-01 04:52:40.798792,2025-04-01 04:52:58.876609,0 days 00:00:18.077817,0.8800347512905238,0.8635831224070877,16,0.11018461661087228,0.24278989173157564,0.02133438176482525,0.012360814198511885,0.04723268258667802,0.05248884342197324,0.00014954351267887472,11,133,0.08119239862879447,0.2295147401688858,False,False,False,0.0008046079465585586,COMPLETE
570,0.6277456760406495,2025-04-01 04:52:59.060869,2025-04-01 04:53:20.907371,0 days 00:00:21.846502,0.05912975727066242,0.9212697441804324,16,0.06826677327524129,0.2486120993393983,0.024388962031054222,0.015524492481625261,0.05308763839075596,0.058994328440787024,0.0001322131636802264,13,142,0.07221408114535707,0.2409222132012162,True,False,False,3.279820710299625e-08,COMPLETE
571,0.6232770800590515,2025-04-01 04:53:21.091745,2025-04-01 04:53:42.969681,0 days 00:00:21.877936,0.08312116660059367,0.9441826521920603,16,0.05776588778145613,0.257730545814644,0.02395258137965625,0.014804045930973498,0.05283324789062998,0.05857638566636333,0.00011059659363081026,13,144,0.07117428610092172,0.2490076356435381,True,False,False,2.8439174069265315e-08,COMPLETE
572,0.37313392758369446,2025-04-01 04:53:43.165305,2025-04-01 04:54:05.306825,0 days 00:00:22.141520,0.12515738070403848,0.8873854718088822,16,0.06711659345821373,0.251386684395163,0.02197833705829553,0.01617952375487966,0.043914224051275014,0.05139596751395499,8.681507533941029e-05,13,146,0.07304550313371143,0.0864390227823359,True,False,False,0.0007958126856596489,COMPLETE
573,0.4188523173332214,2025-04-01 04:54:05.491595,2025-04-01 04:54:24.852572,0 days 00:00:19.360977,0.05942051524960704,0.923430625923596,16,0.06445726931598571,0.26115726559462077,0.018433139401220665,0.013202538742567573,0.0508675587152541,0.05366787191957621,0.00012193814082856735,9,142,0.07170077389446053,0.21984243606116963,True,False,False,0.0008311444136544941,COMPLETE
574,0.4094008088111878,2025-04-01 04:54:25.047676,2025-04-01 04:54:51.329130,0 days 00:00:26.281454,0.029283820968565244,0.8488443914648234,8,0.0568667261456155,0.24646611914239894,0.02420033249419217,0.016915314961467316,0.05430506010758907,0.09975914973098514,0.00013871114230995627,13,148,0.07460892486628341,0.24124092740131167,True,False,False,0.0006577724740472909,COMPLETE
575,0.2797684073448181,2025-04-01 04:54:51.514581,2025-04-01 04:55:09.571562,0 days 00:00:18.056981,0.06278312225421424,0.9467516072845886,16,0.0742544725268193,0.2555930541717756,0.020775180946434095,0.010657749725926199,0.05677554490120207,0.0567587298473607,0.00010220962682985026,10,141,0.07485643388925993,0.25224232597158686,True,True,False,1.9701109743560736e-08,COMPLETE
576,0.6502958655357362,2025-04-01 04:55:09.768834,2025-04-01 04:55:30.264883,0 days 00:00:20.496049,0.09007249415743654,0.872308500521076,16,0.06868111581449608,0.24869292614129973,0.024974697391660607,0.019237092514157,0.049141266807737394,0.048771013843178446,0.00013639694447954996,11,139,0.07306393152313158,0.22808995021154108,True,False,False,5.998369154653945e-06,COMPLETE
577,0.6462446093559265,2025-04-01 04:55:30.453615,2025-04-01 04:55:51.035725,0 days 00:00:20.582110,0.10904193825163777,0.8364291171801792,16,0.06662074338318996,0.24656069651665502,0.025098735753199757,0.0185663574640737,0.04828784540048535,0.07622864461928563,0.0001593747858615783,11,143,0.0716273261927141,0.23038614001323895,True,False,False,3.01700309288512e-08,COMPLETE
578,0.38613194823265073,2025-04-01 04:55:51.232793,2025-04-01 04:56:12.101625,0 days 00:00:20.868832,0.16912808904219476,0.8225289728306903,16,0.0658235261937839,0.2375287488349878,0.025089495740153626,0.014759060833873922,0.04765020920004353,0.07192527384997079,0.00015762642938960757,11,145,0.07162881643086347,0.061368319894351916,True,False,False,3.2394439792757435e-08,COMPLETE
579,0.5732560276985168,2025-04-01 04:56:12.290579,2025-04-01 04:56:33.022661,0 days 00:00:20.732082,0.11407635957835194,0.8335973782750504,16,0.05437102521555887,0.24608481022112622,0.025912900632480522,0.018007382982613448,0.045853924188718725,0.07689290025711248,0.000178068637776573,11,150,0.07074727494122068,0.24251061239579563,True,False,False,5.1085365104226945e-08,COMPLETE
580,0.5448746204376221,2025-04-01 04:56:33.225071,2025-04-01 04:56:53.600747,0 days 00:00:20.375676,0.15342408139262229,0.8193651442447079,16,0.06813892880777629,0.23059682999909784,0.02380690348018041,0.01870845334195873,0.04855599102319111,0.0810323301703235,0.0002089727163695889,11,144,0.07221730025754236,0.2343938679904035,True,False,False,3.587090667311964e-08,COMPLETE
581,0.6442744255065918,2025-04-01 04:56:53.788857,2025-04-01 04:57:14.594709,0 days 00:00:20.805852,0.19470321790735234,0.7812648226974833,16,0.061124605420745236,0.22349135637148587,0.027304721457044115,0.016093468379131476,0.05105515194249873,0.07850987911921838,0.00014649035329361945,11,147,0.07302859971723105,0.24653892208690595,True,False,False,3.837707941868482e-08,COMPLETE
582,0.637579894065857,2025-04-01 04:57:14.795530,2025-04-01 04:57:35.640046,0 days 00:00:20.844516,0.1277154621512971,0.7903857696657766,16,0.04581024703867585,0.22749457685482302,0.028115452282147447,0.012461336917584625,0.04946186255406147,0.07868160604549264,0.0001386790215305043,11,148,0.07119657619943762,0.24843166705595626,True,False,False,5.7203433634295026e-08,COMPLETE
583,0.6402904152870179,2025-04-01 04:57:35.826986,2025-04-01 04:57:56.348659,0 days 00:00:20.521673,0.12808860723151724,0.801389053742294,16,0.04680811069913528,0.2252500987193275,0.030673845439921445,0.013721608492103469,0.04297360921675056,0.07495693586711338,0.0001351028900206388,11,148,0.07157901880979807,0.25463512617856665,True,False,False,2.4203113228902827e-08,COMPLETE
584,0.6237604260444641,2025-04-01 04:57:56.536180,2025-04-01 04:58:16.631149,0 days 00:00:20.094969,0.10136653059103126,0.7705647896979517,16,0.05893491349823144,0.22151318330566092,0.031550596080925225,0.014356575053222374,0.04622321402288869,0.07446399662636394,0.00013904482869659104,10,150,0.07147918118386536,0.25424305098852484,True,False,False,2.3535068523454434e-08,COMPLETE
585,0.6339564919471741,2025-04-01 04:58:16.830455,2025-04-01 04:58:37.439421,0 days 00:00:20.608966,0.14204157562871197,0.787927765481016,16,0.036663997836458254,0.22571086747504027,0.03093801669106596,0.01206812291320528,0.04907434242347277,0.07884641827191269,0.00016106742442313372,11,149,0.07098133932642604,0.25414468247089106,True,False,False,1.0077041471242189e-08,COMPLETE
586,0.5490036129951477,2025-04-01 04:58:37.629421,2025-04-01 04:58:58.333196,0 days 00:00:20.703775,0.14362296265969543,0.7454959832189204,16,0.03768145573489018,0.22389421993499667,0.03231671693408569,0.009072310705413273,0.042289480651847636,0.0790879701649699,0.00020471323569708845,11,150,0.07126680307619584,0.25390935998200104,True,False,False,1.5423988935120035e-08,COMPLETE
587,0.4553256630897522,2025-04-01 04:58:58.532769,2025-04-01 04:59:17.209622,0 days 00:00:18.676853,0.19832872960816766,0.7860992062795155,16,0.03254884794397878,0.2219065629911259,0.03083742389652303,0.011957153854775998,0.049114470285284775,0.07632427031885826,0.0002712200747805307,10,148,0.06915905402465362,0.2540939216933215,True,False,True,6.403218808560586e-08,COMPLETE
588,0.6419637203216553,2025-04-01 04:59:17.402498,2025-04-01 04:59:38.242213,0 days 00:00:20.839715,0.18030127318642247,0.7893386429721704,16,0.04875523161183412,0.2222112053986135,0.03135451650802403,0.00515886754808685,0.04936054096681469,0.07861817590016497,0.00016070311573170438,11,150,0.07117268411266223,0.2491678925803211,True,False,False,1.2239494439912899e-08,COMPLETE
589,0.5644248723983765,2025-04-01 04:59:38.446140,2025-04-01 04:59:59.155280,0 days 00:00:20.709140,0.1879917312034338,0.7327481010691238,16,0.050171728442418975,0.21953336468279425,0.03244085393784381,0.007480705427777075,0.04785945519779962,0.07890496902539432,0.00022344077002017522,11,150,0.07107616066618916,0.2538920555936036,True,False,False,1.3706705814527496e-08,COMPLETE
590,0.6451109766960145,2025-04-01 04:59:59.346417,2025-04-01 05:00:20.156307,0 days 00:00:20.809890,0.19140830398812458,0.7937300694117865,16,0.046896873113108,0.22425461015793788,0.03171759991527632,0.006667710174032406,0.04449818795653283,0.07700691045970585,0.00016662530807026006,11,149,0.07261378756799795,0.24898617570791437,True,False,False,2.418941040069517e-08,COMPLETE
591,0.42861212491989137,2025-04-01 05:00:20.356779,2025-04-01 05:00:38.656963,0 days 00:00:18.300184,0.20220090783885092,0.7919485051192664,16,0.04170416104350039,0.2194858488628143,0.031857029060490746,0.004051472569727387,0.04299985850360703,0.07705261199005048,0.00017988856346603003,11,150,0.06961758001153388,0.2497774841541508,False,False,False,1.1243859790896271e-08,COMPLETE
592,0.6235038399696351,2025-04-01 05:00:38.848441,2025-04-01 05:00:59.766938,0 days 00:00:20.918497,0.16852230358195477,0.7583764344545,16,0.040459951898453625,0.22674409701625844,0.03209162850185034,0.00933904887134678,0.04569133066361941,0.07598888605818697,0.00023765533638006787,11,148,0.07105013347187994,0.2562249669925397,True,False,False,1.0858742989961325e-08,COMPLETE
593,0.5675220608711243,2025-04-01 05:00:59.968776,2025-04-01 05:01:20.257724,0 days 00:00:20.288948,0.15620128710714687,0.7749327837150755,16,0.04657678665355361,0.22353763353476747,0.030180488894416508,0.0043681273226977724,0.045031241669155425,0.07381719402019432,0.0003295093617147671,10,150,0.07313498268860391,0.24998067908184157,True,False,False,2.614992033003722e-08,COMPLETE
594,0.6423091769218445,2025-04-01 05:01:20.451005,2025-04-01 05:01:41.360055,0 days 00:00:20.909050,0.21091472527391802,0.7899620379222466,16,0.035595560216973625,0.2259303485074283,0.03211433162295048,0.006303412134760794,0.041211129750013266,0.0804104996808896,0.0001707782876146134,11,148,0.07004377733552208,0.25452128937377827,True,False,False,3.9504561024885594e-08,COMPLETE
595,0.37163519859313965,2025-04-01 05:01:41.564338,2025-04-01 05:02:05.701665,0 days 00:00:24.137327,0.18347505856251764,0.8010545434928884,8,0.03302751762902002,0.2281268920491615,0.03392297192285508,0.00353311022217522,0.04110535219514494,0.08123138724420943,0.00019739257445960725,11,148,0.06976943205037253,0.2536449760105289,True,False,False,4.067449080014244e-08,COMPLETE
596,0.6281081914901734,2025-04-01 05:02:05.894429,2025-04-01 05:02:26.577051,0 days 00:00:20.682622,0.20413617114887642,0.7852117027917566,16,0.03754313891138922,0.22119779356212857,0.032871578088086634,0.0047103817859346095,0.04521473803414342,0.07856206845204729,0.0002598584708850091,11,147,0.06989735801670482,0.24778493420328926,True,False,False,2.5540122405344743e-08,COMPLETE
597,0.2797684073448181,2025-04-01 05:02:26.781462,2025-04-01 05:02:45.541726,0 days 00:00:18.760264,0.1473379172715596,0.7586097591034532,16,0.028567502996086333,0.22400333274375042,0.030304778635836152,0.006934617846924599,0.04429944222283657,0.08013147085321176,0.0001691565951233207,11,150,0.07022640217556159,0.2538512273461943,True,True,False,1.0102717635164216e-08,COMPLETE
598,0.6401622056961059,2025-04-01 05:02:45.733284,2025-04-01 05:03:06.363800,0 days 00:00:20.630516,0.22104644115160757,0.7931225854638714,16,0.04429501354118421,0.22772081846972603,0.03190820931053977,0.006435182586382403,0.043731478591490625,0.07844937762635808,0.00019684910626375978,11,148,0.07255708638045744,0.2550156354431205,True,False,False,1.8954242098430516e-08,COMPLETE
599,0.5987733244895935,2025-04-01 05:03:06.563279,2025-04-01 05:03:27.049961,0 days 00:00:20.486682,0.1741811098405161,0.7861254816894165,16,0.04538243714963617,0.21981272639618757,0.0324472901807284,0.0020191335347401343,0.04184499249053566,0.07518141638973058,0.000279846931296451,11,147,0.07019457186682855,0.25708771116072265,True,False,False,1.9607717576107237e-08,COMPLETE
600,0.5671380639076233,2025-04-01 05:03:27.254844,2025-04-01 05:03:47.138269,0 days 00:00:19.883425,0.1996810205839128,0.7497897218319847,16,0.04517722184336577,0.22147044448050443,0.031948527677745364,0.005196713584672066,0.042871609978887684,0.07870329339744853,0.00021762218191503972,10,150,0.07230388000271618,0.2542480154046887,True,False,False,1.551459801815496e-08,COMPLETE
601,0.6251964449882508,2025-04-01 05:03:47.336647,2025-04-01 05:04:08.281097,0 days 00:00:20.944450,0.1791479651221785,0.8101033952335543,16,0.03704404387850796,0.2302550850395354,0.030624178387908412,0.005963650000181922,0.04072094071715929,0.07727533921506986,0.00020338947030110316,11,147,0.06940896347478091,0.24824032471062496,True,False,False,2.0617535751874418e-08,COMPLETE
602,0.640547776222229,2025-04-01 05:04:08.488027,2025-04-01 05:04:29.084845,0 days 00:00:20.596818,0.140894836263154,0.788291475448206,16,0.04249272650232104,0.22823766248064378,0.032782683359823386,0.0057680771789869,0.03855930253567692,0.08271069204907097,0.00017270134232516551,11,147,0.07259049454021985,0.2482978098202455,True,False,False,6.113259155594736e-08,COMPLETE
603,0.5540953516960144,2025-04-01 05:04:29.281383,2025-04-01 05:04:49.863627,0 days 00:00:20.582244,0.22342614536794853,0.7243968350106844,16,0.042482344895583696,0.22677653916104945,0.03273196637649655,0.005706535579150074,0.03970883731845508,0.08302805065629287,0.0002380626654521083,11,147,0.07224943726771123,0.24893769732142013,True,False,False,3.477717240190821e-08,COMPLETE
604,0.5604998230934143,2025-04-01 05:04:50.074161,2025-04-01 05:05:10.343128,0 days 00:00:20.268967,0.2181700990760885,0.7920511975483471,16,0.04554360382805614,0.21756977596730068,0.034907624726415835,0.006676024052468911,0.0372896204129871,0.08109496874986585,0.00018404455704537463,10,150,0.06810505971508407,0.2577587166670421,True,False,False,4.0810211113260253e-08,COMPLETE
605,0.6225795745849609,2025-04-01 05:05:10.539906,2025-04-01 05:05:31.357529,0 days 00:00:20.817623,0.1641541844818034,0.7655011336709997,16,0.029425831993821552,0.21841025453376853,0.03110883957834263,0.0016445588223209483,0.04473003447508114,0.08236711814839662,0.00028198451084028857,11,150,0.07083374165016806,0.2578988639719111,True,False,False,5.163330444235463e-08,COMPLETE
606,0.6287305712699891,2025-04-01 05:05:31.563236,2025-04-01 05:05:51.488309,0 days 00:00:19.925073,0.1403758007721253,0.7913671577747948,16,0.049755755470411805,0.22675052628525022,0.03070732274511686,0.008559147610051185,0.038283558565501294,0.07794877472997837,0.00016648543517849113,10,147,0.07298331112546455,0.24703037246046408,True,False,False,1.831892946941756e-08,COMPLETE
607,0.42869211435317994,2025-04-01 05:05:51.683398,2025-04-01 05:06:11.007061,0 days 00:00:19.323663,0.13912143467685295,0.7720140926963841,16,0.038745668166553844,0.2257874516279991,0.03299200657144494,0.006778922358536984,0.04298284828846211,0.07504980767072027,0.00020831809528588707,11,147,0.07017705183731807,0.2548299381988834,True,False,True,8.381303767415097e-08,COMPLETE
608,0.6426559567451477,2025-04-01 05:06:11.214058,2025-04-01 05:06:31.987999,0 days 00:00:20.773941,0.19492134539951,0.8059860683431673,16,0.02265419324821104,0.22871061097280584,0.034996432897323126,0.008596174083736613,0.0398363543042092,0.08112549036131295,0.0001705030619773584,11,148,0.07343738292108146,0.2504355740565678,True,False,False,5.815361191327512e-08,COMPLETE
609,0.6014224767684937,2025-04-01 05:06:32.183573,2025-04-01 05:06:52.022086,0 days 00:00:19.838513,0.2362776265677408,0.7511293593181215,16,0.025741269146530847,0.2241516440716742,0.03541468513173697,0.004883418874610877,0.03792049999290277,0.08105698758695946,0.00022700503473404668,10,147,0.06850154196917559,0.2561395589245823,True,False,False,6.004691712010849e-08,COMPLETE
610,0.6088631749153137,2025-04-01 05:06:52.230736,2025-04-01 05:07:12.885069,0 days 00:00:20.654333,0.19125237730953876,0.7800688256963577,16,0.0207811955135487,0.22824498444999192,0.03430332558207592,0.008022750186243365,0.047011169939899025,0.08433628627599882,0.0001977230922755649,11,150,0.07207157710298392,0.24909039517014975,True,False,False,5.287872166559595e-08,COMPLETE
611,0.42876540422439574,2025-04-01 05:07:13.084353,2025-04-01 05:07:31.356343,0 days 00:00:18.271990,0.21849616667482558,0.8021588857836013,16,0.03354468878122506,0.22018126372781982,0.033609991333986136,0.007655289972643222,0.04169129636280462,0.07988341054705522,0.000318922758023862,11,147,0.072874517695941,0.2455555174907444,False,False,False,1.3322320316408791e-08,COMPLETE
612,0.5193362712860108,2025-04-01 05:07:31.567168,2025-04-01 05:07:52.096795,0 days 00:00:20.529627,0.17814609437026618,0.8088244503286051,16,0.015573533281768387,0.23142906940724509,0.03259490124606992,0.0034902956927042447,0.038221679342799755,0.07681744962589675,0.0004164869409805339,11,146,0.07054337109784917,0.2509255256995702,True,False,False,2.8908016985620886e-08,COMPLETE
613,0.6353620648384095,2025-04-01 05:07:52.296463,2025-04-01 05:08:12.698419,0 days 00:00:20.401956,0.16748514537665185,0.7707719997331971,16,0.051267100361249485,0.22731583659013713,0.03559394983518038,0.005937552511690491,0.04056426054131421,0.08246245113685288,0.0001643888351701203,10,150,0.07246433579862832,0.25584378786817574,True,False,False,2.2997537504919003e-08,COMPLETE
614,0.6061084270477295,2025-04-01 05:08:12.911389,2025-04-01 05:08:33.155337,0 days 00:00:20.243948,0.1663989650113582,0.7109696454257481,16,0.050800575867405634,0.21623134532252158,0.03565732338116979,0.005815552685375667,0.040274138822394945,0.08167895602891345,0.0002498139639405916,10,150,0.06857680255832041,0.25876248177383115,True,False,False,3.851056928797007e-08,COMPLETE
615,0.6195642352104187,2025-04-01 05:08:33.359472,2025-04-01 05:08:53.470441,0 days 00:00:20.110969,0.14572690747312333,0.7427883006126047,16,0.04898507462616171,0.22706163708121438,0.035266157947092,0.0030106708504193235,0.04015886913487322,0.08416053054143588,0.00017159168479168074,10,147,0.07128075400111579,0.25645835014641716,True,False,False,1.6041584198098718e-08,COMPLETE
616,0.2797684073448181,2025-04-01 05:08:53.682076,2025-04-01 05:09:11.803196,0 days 00:00:18.121120,0.20188020271796403,0.7751024938914662,16,0.036759334942402674,0.22343911309131892,0.03339641255578074,0.009343277329289384,0.04268009707599521,0.07868694406318551,0.0002011774583524927,10,150,0.0730984727343675,0.2522871743125818,True,True,False,2.6091925246845798e-08,COMPLETE
617,0.3658830463886261,2025-04-01 05:09:12.003938,2025-04-01 05:09:35.393868,0 days 00:00:23.389930,0.167496200241881,0.8018280689421498,8,0.04374780665126919,0.22948096169004878,0.03076457590990963,0.0076210960609247765,0.04385434507457987,0.081813539931045,0.0001661469923296544,10,147,0.07287689273509224,0.24533822542960876,True,False,False,2.2657574862553115e-08,COMPLETE
618,0.5551719903945923,2025-04-01 05:09:35.604801,2025-04-01 05:09:57.010920,0 days 00:00:21.406119,0.13624003044246272,0.7641627226499558,16,0.05014481805330806,0.21659655981275824,0.031992982550017195,0.00123151385758159,0.03890523188170414,0.07964366681656487,0.016345407887465573,12,146,0.06725964549595417,0.2571531019725991,True,False,False,4.2888010338865314e-08,COMPLETE
