number,value,datetime_start,datetime_complete,duration,params_alpha-eval,params_alpha-train,params_batch-size,params_eps-eval,params_eps-train,params_lambda-actions-eval,params_lambda-actions-train,params_lambda-frames-eval,params_lambda-frames-train,params_learning-rate,params_n-epochs,params_n-frames,params_radius-gw,params_rho,params_std-feats,params_ub-actions,params_ub-frames,params_weight-decay,state
1907,0.6510354161262513,2025-04-01 13:07:42.837621,2025-04-01 13:08:10.009441,0 days 00:00:27.171820,0.04102776511008099,0.9755227925778217,8,0.014932903195104106,0.1535541568848193,0.041306913983120586,0.08193200122376904,0.0028175104973449435,0.09306823985218124,2.2932722974311816e-05,15,105,0.09776096132184581,0.11213330304625904,True,False,False,4.4960488049170254e-05,COMPLETE
1908,0.6579734802246094,2025-04-01 13:08:10.623022,2025-04-01 13:08:37.555182,0 days 00:00:26.932160,0.061180645921146776,0.9549527682349935,8,0.009314791656185145,0.14936764963329333,0.04350053715327376,0.07986132442639038,0.004983751701170811,0.0940869111854612,2.4980584422907632e-05,15,108,0.09986544117950359,0.12734863916356723,True,False,False,3.47158850055327e-05,COMPLETE
1909,0.6596853375434876,2025-04-01 13:08:38.191122,2025-04-01 13:09:05.175369,0 days 00:00:26.984247,0.06553980113507016,0.9758551081917161,8,0.007334228545475505,0.14804767582561615,0.041096795748471325,0.07944088093099509,0.0046582512652703235,0.09375816462416486,2.4422137079131575e-05,15,106,0.09653109255933975,0.1248074311106348,True,False,False,3.330679372032437e-05,COMPLETE
1910,0.4542067408561707,2025-04-01 13:09:05.789832,2025-04-01 13:09:30.453316,0 days 00:00:24.663484,0.06762972102361216,0.9765584803457208,8,0.008566481426613762,0.1389021425687857,0.04110103143433642,0.07494990229582402,0.00491889517584022,0.0923893842450269,2.2610380368638945e-05,16,97,0.09974784351544212,0.12703842262995702,True,False,True,4.040055594384205e-05,COMPLETE
1911,0.6627825617790222,2025-04-01 13:09:31.097908,2025-04-01 13:09:58.085775,0 days 00:00:26.987867,0.06525215414600866,0.9827024806278093,8,0.014944453653669441,0.15056329347405714,0.04154866407644718,0.07817897595060166,0.005290150581527479,0.0927560049703351,2.6069473140045623e-05,15,103,0.09858029256661398,0.13100295784478144,True,False,False,2.7084025559986572e-05,COMPLETE
1912,0.3209368646144867,2025-04-01 13:09:58.703084,2025-04-01 13:10:26.159196,0 days 00:00:27.456112,0.06014070445417969,0.9807639529046994,8,0.010241228374021801,0.14758742241617345,0.04285046688531706,0.0774344484316038,0.004940024633176326,0.09280872157365017,1.869769922603718e-05,16,99,0.09862633953766087,0.12114682140023467,True,False,False,4.1544982595205485e-05,COMPLETE
1913,0.2797684073448181,2025-04-01 13:10:26.805563,2025-04-01 13:10:54.023071,0 days 00:00:27.217508,0.06933353475579959,0.9780981740163716,8,0.00034682911300298706,0.1384255174145443,0.0420301606410953,0.0785524531687871,0.0054075760537495715,0.09279254576755412,2.5823687724682978e-05,16,101,0.09992666575070955,0.13260388005097284,True,False,False,4.2807355968806845e-05,COMPLETE
1914,0.6586888670921326,2025-04-01 13:10:54.643955,2025-04-01 13:11:21.520264,0 days 00:00:26.876309,0.06419481998859194,0.9798584556673341,8,0.014450085347152008,0.14545390719365778,0.04068453245577505,0.07910170655661444,0.004995958634142619,0.09480274565515474,2.4846566380865706e-05,15,103,0.09996231597229333,0.13638701480898058,True,False,False,3.573041358349912e-05,COMPLETE
1915,0.6610954284667969,2025-04-01 13:11:22.157054,2025-04-01 13:11:49.895861,0 days 00:00:27.738807,0.06818569968979679,0.9822158625592612,8,0.015700829035473984,0.14078620106230758,0.040996846662029005,0.07660251560859668,0.005140773304485868,0.09435894168642167,2.5349595560570428e-05,16,104,0.09975046722768902,0.12669530282218613,True,False,False,3.675266137426683e-05,COMPLETE
1916,0.4108580231666565,2025-04-01 13:11:50.515366,2025-04-01 13:12:17.182870,0 days 00:00:26.667504,0.06448971052674392,0.9989883272327786,8,0.017045388876197196,0.13102801378836787,0.04065707123180809,0.07528027127441786,0.005956853722513716,0.09479063991910532,2.4725605164402423e-05,16,95,0.09930177154419582,0.11650587018267694,False,False,False,3.5790760255598074e-05,COMPLETE
1917,0.6549325823783875,2025-04-01 13:12:17.824651,2025-04-01 13:12:45.554900,0 days 00:00:27.730249,0.06770898803763722,0.9793432041750856,8,0.01656642263558497,0.13772113100190284,0.039681007279645616,0.07705286348281518,0.0058313745492969485,0.09278491957653401,2.6459520342002286e-05,16,102,0.09842473059221374,0.13948471705408286,True,False,False,3.833272419297902e-05,COMPLETE
1918,0.618619191646576,2025-04-01 13:12:46.171702,2025-04-01 13:13:12.793793,0 days 00:00:26.622091,0.06792438604227133,0.9985878064564466,8,0.011054934099500579,0.14607168503112114,0.040831578424704335,0.07819911341468579,0.004910207029503074,0.09481040130154851,2.6330722245999868e-05,15,99,0.09983398759898261,0.13457570447661207,True,False,False,3.797613030447594e-05,COMPLETE
1919,0.6617841839790344,2025-04-01 13:13:13.435295,2025-04-01 13:13:40.643813,0 days 00:00:27.208518,0.06670348178124304,0.9797656476176141,8,0.01577815563073927,0.13522653921923009,0.04037578392931083,0.07914757527995887,0.004883455444652426,0.09285432517808183,2.8230241612484596e-05,15,103,0.09786796341057091,0.12253930008517426,True,False,False,6.26247437113684e-05,COMPLETE
1920,0.6605198144912721,2025-04-01 13:13:41.264792,2025-04-01 13:14:09.421935,0 days 00:00:28.157143,0.06960896904406726,0.9821459777208279,8,0.017022070139239173,0.13295223877822204,0.04036819694654625,0.0791363193090247,0.0050539235001480715,0.09280006594888081,2.8381076297502443e-05,16,102,0.09965357059462833,0.12188118346158618,True,False,False,6.187994026810457e-05,COMPLETE
1921,0.32205112576484685,2025-04-01 13:14:10.072681,2025-04-01 13:14:37.390619,0 days 00:00:27.317938,0.06292954937881635,0.9979540202849404,8,0.014571120469933018,0.12796098298755265,0.03973966983323814,0.0793854449292958,0.005371737709600491,0.09305548137388883,2.735507784492795e-05,16,96,0.09935579995264704,0.10891323525767237,True,False,False,5.9501310159894335e-05,COMPLETE
1922,0.32620267271995546,2025-04-01 13:14:38.015448,2025-04-01 13:15:05.529565,0 days 00:00:27.514117,0.07325821334411854,0.99879189196857,8,0.014829406371969866,0.1341237239502859,0.039981038987104305,0.07629928868447672,0.005648881044841011,0.09310478530115278,2.6492335693996204e-05,16,100,0.0999892379418117,0.12207129997405322,True,False,False,7.061610767720479e-05,COMPLETE
1923,0.31818405985832215,2025-04-01 13:15:06.170644,2025-04-01 13:15:34.777282,0 days 00:00:28.606638,0.06922525186343313,0.9835386989840358,8,0.016254751250587843,0.14086461044244114,0.039815777731753446,0.07418313591818478,0.0041813964292577565,0.0935177626252581,2.2850778412594564e-05,17,101,0.09786643516150308,0.12266166389694123,True,False,False,5.586369520294771e-05,COMPLETE
1924,0.2797684073448181,2025-04-01 13:15:35.393282,2025-04-01 13:15:59.786249,0 days 00:00:24.392967,0.07041109749015206,0.9820417331817857,8,0.007230849224068292,0.13315823660629297,0.0400769416311611,0.07895159174017385,0.00623328427567751,0.09270554952270511,2.0280779973154012e-05,16,103,0.09981722964258873,0.11727132952449991,True,True,False,6.006011979826547e-05,COMPLETE
1925,0.6546361088752747,2025-04-01 13:16:00.424958,2025-04-01 13:16:27.474462,0 days 00:00:27.049504,0.06421623644400065,0.999508314827383,8,0.01649071357596588,0.14163762736638172,0.039957117351078306,0.07944842486821312,0.004777098124347876,0.09236418978293245,2.6814366556369647e-05,15,103,0.09997710086537402,0.12648725783447717,True,False,False,5.222681373631617e-05,COMPLETE
1926,0.30822802782058717,2025-04-01 13:16:28.118310,2025-04-01 13:16:54.628673,0 days 00:00:26.510363,0.06851849791955505,0.9808281386674587,8,0.010062717739878118,0.14586035885900345,0.04143409805076793,0.07666722327865227,0.004184296248344717,0.09244076426769869,3.043395280200714e-05,15,99,0.09770040062593419,0.10977692869338845,True,False,False,4.289469069715707e-05,COMPLETE
1927,0.6197989940643311,2025-04-01 13:16:55.254790,2025-04-01 13:17:23.011227,0 days 00:00:27.756437,0.052339738229313496,0.9817305316462093,8,0.01792829352534704,0.1366190933605097,0.03940366522945745,0.07999835941264785,0.0059920684352423315,0.09487408599942766,1.8544202800049334e-05,16,93,0.09997218067820066,0.1279481302547253,True,False,False,7.628781453702942e-05,COMPLETE
1928,0.3013550698757172,2025-04-01 13:17:23.656426,2025-04-01 13:17:51.127182,0 days 00:00:27.470756,0.06887449327799502,0.9626402801968154,8,0.007851937903316349,0.14721061678204136,0.04154662323124764,0.07802354244017169,0.006322251352919372,0.09217717961017888,2.846090412149286e-05,16,97,0.09778046672050776,0.10246978604959557,True,False,False,4.719732358204153e-05,COMPLETE
1929,0.40704095363616943,2025-04-01 13:17:51.742285,2025-04-01 13:18:15.969632,0 days 00:00:24.227347,0.06992218189256845,0.9828165986034589,8,0.01827111415657587,0.12181760125107166,0.039284285741937146,0.07471647505071463,0.003311575297441363,0.09468746017216355,2.3574404704735773e-05,15,103,0.09748369342684707,0.13801093253893681,True,False,True,3.5371847326417225e-05,COMPLETE
1930,0.6098945379257202,2025-04-01 13:18:16.611776,2025-04-01 13:18:43.705159,0 days 00:00:27.093383,0.049685301983174765,0.9580641622128347,8,0.013550445341566653,0.13639644219704683,0.042469223179459704,0.07719789736280631,0.006515185095753111,0.09210831943510324,2.0590573735854904e-05,15,105,0.09733289498810146,0.114361914471637,True,False,False,3.3717457740734906e-05,COMPLETE
1931,0.6605034589767457,2025-04-01 13:18:44.327135,2025-04-01 13:19:11.293718,0 days 00:00:26.966583,0.04933070653048219,0.9996255581593055,8,0.017873158001570407,0.1500004872036799,0.04088891917639202,0.08090241504740528,0.003282037246343448,0.09453910803846463,2.9857482927139988e-05,15,103,0.09758178637715921,0.1312073099887134,True,False,False,2.6880735368947962e-05,COMPLETE
1932,0.30769020318984985,2025-04-01 13:19:11.932538,2025-04-01 13:19:40.579547,0 days 00:00:28.647009,0.047545852848088245,0.9999801530423873,8,0.004919304323770756,0.14908076262065298,0.041061302731985,0.08084677827659298,0.003436134674808474,0.09476865999813865,2.8999348993106655e-05,17,99,0.09774657701110903,0.13042827352411385,True,False,False,2.5055810448381802e-05,COMPLETE
1933,0.6554015874862671,2025-04-01 13:19:41.222968,2025-04-01 13:20:09.289074,0 days 00:00:28.066106,0.051369318267855395,0.9993182408572928,8,0.018298899704254586,0.1405478826353457,0.04252094988955905,0.07914990692489074,0.003238678034451585,0.09480046756743749,2.503156672186928e-05,16,104,0.09693157730107144,0.11994977815388864,True,False,False,6.496990838472193e-05,COMPLETE
1934,0.663300621509552,2025-04-01 13:20:09.908862,2025-04-01 13:20:36.813311,0 days 00:00:26.904449,0.047292326965000714,0.9795744103115033,8,0.011496182292630193,0.13022865376660742,0.039541905229792264,0.08040644322287156,0.0052506299481754025,0.09418946074015269,2.9951822349344187e-05,15,101,0.09992570149859524,0.13743213044337493,True,False,False,2.6189229428825194e-05,COMPLETE
1935,0.40827989578247076,2025-04-01 13:20:37.456906,2025-04-01 13:21:03.169730,0 days 00:00:25.712824,0.04887252960572715,0.9830954075057305,8,0.011549666710918829,0.12774526195942593,0.03958818880626009,0.08062624558998041,0.004393180271551459,0.09509304508134868,2.931637924648363e-05,15,98,0.09993019845194884,0.1406964529214862,False,False,False,2.817944662651706e-05,COMPLETE
1936,0.599858570098877,2025-04-01 13:21:03.820161,2025-04-01 13:21:30.334435,0 days 00:00:26.514274,0.06828638481611891,0.9820569030758031,8,0.0014243186232333477,0.12641851697554185,0.03911059978665766,0.08215046541033734,0.0030199409152304162,0.09366162034879094,3.067439455128315e-05,15,103,0.09812143341228668,0.13109880380807154,True,False,False,2.392721111250371e-05,COMPLETE
1937,0.6533398747444153,2025-04-01 13:21:30.960944,2025-04-01 13:21:58.372180,0 days 00:00:27.411236,0.04314877338737004,0.9984974717436774,8,0.006256553527234806,0.1351755721732718,0.04078795770796264,0.078427337516917,0.005054414154415339,0.09560088723596033,2.2774372121634436e-05,16,102,0.09806001078620434,0.13555005587888758,True,False,False,3.0145382851139754e-05,COMPLETE
1938,0.2797684073448181,2025-04-01 13:21:59.016435,2025-04-01 13:22:22.518065,0 days 00:00:23.501630,0.0703587317657746,0.9825761041251955,8,0.012074311607209618,0.13206336339760352,0.039368804022144044,0.07576875615464974,0.006190498213088782,0.09250146166890019,1.902135715019153e-05,15,95,0.09983483303813853,0.12409730062812926,True,True,False,3.75153906165691e-05,COMPLETE
1939,0.6242399334907532,2025-04-01 13:22:23.138828,2025-04-01 13:22:50.950148,0 days 00:00:27.811320,0.04498128439270042,0.968917680318176,8,0.01811286950719333,0.1383461229355715,0.04102393035520206,0.08088410232154046,0.002625990960902147,0.09547691977886802,2.5330216477782768e-05,16,100,0.09669888716249328,0.14441401324942202,True,False,False,4.5394651117870415e-05,COMPLETE
1940,0.6556590676307679,2025-04-01 13:22:51.595682,2025-04-01 13:23:18.644586,0 days 00:00:27.048904,0.0281722290213988,0.9813008848595436,8,0.012301411162574244,0.14653939033405125,0.04324250604802883,0.07801069933459538,0.004738841817911769,0.093557847816188,3.141753030327447e-05,15,106,0.09674615292260172,0.1363351941013041,True,False,False,3.175452072027222e-05,COMPLETE
1941,0.6600053548812866,2025-04-01 13:23:19.265636,2025-04-01 13:23:46.374399,0 days 00:00:27.108763,0.046367129122041516,0.9815873920408513,8,0.018475063171369377,0.14852198655949336,0.041321903819510564,0.07976766432012608,0.0030660219473569754,0.09563755746616102,2.0542574530426947e-05,15,102,0.09817775656391166,0.12518749826777437,True,False,False,4.9173877489322264e-05,COMPLETE
1942,0.6199244022369385,2025-04-01 13:23:47.019276,2025-04-01 13:24:14.074303,0 days 00:00:27.055027,0.03218300467005848,0.9661953885294859,8,0.01863234296239575,0.1421821339713127,0.03927276306318284,0.07667581585312584,0.0025123013177928387,0.09277836682641498,1.9538641224465962e-05,15,101,0.09835578329100705,0.12578667581806996,True,False,False,4.624167829667976e-05,COMPLETE
1943,0.6221336960792542,2025-04-01 13:24:14.722253,2025-04-01 13:24:42.382606,0 days 00:00:27.660353,0.028009034342321448,0.9998044331971042,8,0.0050911664665284646,0.1462959029102629,0.04332010402471329,0.07986433974135204,0.0030952280187568583,0.09472978728503371,1.5877120223264274e-05,16,97,0.09655306275066662,0.13037172199618646,True,False,False,5.831630990737348e-05,COMPLETE
1944,0.6623327970504762,2025-04-01 13:24:43.013811,2025-04-01 13:25:10.146024,0 days 00:00:27.132213,0.04562262644038904,0.9630756076444255,8,0.013618019962347442,0.15095675470724756,0.040700817070079436,0.08218297875663044,0.006669375647614953,0.09245366353299285,2.1928572555308917e-05,15,103,0.09796650675264709,0.1148222995056738,True,False,False,2.570679284646823e-05,COMPLETE
1945,0.30114313364028933,2025-04-01 13:25:10.793391,2025-04-01 13:25:37.673200,0 days 00:00:26.879809,0.032514229327982674,0.9670705124126738,8,0.01609986789394985,0.151298890547418,0.0393091491292578,0.08232722481619398,0.006381717593315267,0.09298930293912268,2.1078299511811078e-05,15,99,0.09651403745608868,0.11399931559588673,True,False,False,2.565847888562257e-05,COMPLETE
1946,0.5341966152191162,2025-04-01 13:25:38.323002,2025-04-01 13:26:07.123515,0 days 00:00:28.800513,0.04418551329290781,0.9803358990105844,8,0.018329095484672098,0.1308880257061547,0.03915155193292986,0.08207460149953998,0.006276243447075211,0.09186728418837578,1.861402782219278e-05,17,103,0.09808591738316941,0.10424000217410372,True,False,False,8.089820813668459e-05,COMPLETE
1947,0.6226101517677307,2025-04-01 13:26:07.748506,2025-04-01 13:26:35.094743,0 days 00:00:27.346237,0.029275906187596446,0.9995786242907934,8,0.013139806379357594,0.14947066321111158,0.04075176029735568,0.07786370008144507,0.002604647596667143,0.09580343051965776,1.4457349313368799e-05,16,94,0.09598628148549757,0.11787787878245434,True,False,False,4.603295612490655e-05,COMPLETE
1948,0.6634711980819702,2025-04-01 13:26:35.748768,2025-04-01 13:27:03.180419,0 days 00:00:27.431651,0.046683593509028384,0.9650819327856117,8,0.018505801702186277,0.1414395121796516,0.040811311127452926,0.07529658016086127,0.0011406938012218405,0.0924016322902473,2.57366940602099e-05,15,102,0.09824086411139683,0.11140323679304562,True,False,False,2.6968676782802292e-05,COMPLETE
1949,0.5043602108955383,2025-04-01 13:27:03.806728,2025-04-01 13:27:28.228145,0 days 00:00:24.421417,0.0325730414927896,0.9600194995546879,8,0.005131921752117608,0.1418805114509924,0.03946192389244934,0.07172860617299189,0.0022206743796245355,0.09180287159807912,2.0651356968148206e-05,16,100,0.09988611687998084,0.1164533512274566,True,False,True,2.6189535416995156e-05,COMPLETE
1950,0.5656935691833497,2025-04-01 13:27:28.873226,2025-04-01 13:27:55.446768,0 days 00:00:26.573542,0.026170125533175104,0.959378735404196,8,0.019547650984092474,0.12512304952746583,0.038909745991865405,0.07319568954984526,0.0011842307922321545,0.09202153696799208,2.829741093221259e-05,15,91,0.0978457978819183,0.11240695098607284,True,False,False,2.477386550081286e-05,COMPLETE
1951,0.5964721322059632,2025-04-01 13:27:56.097814,2025-04-01 13:28:22.967957,0 days 00:00:26.870143,0.04533778217882199,0.9553675289909964,8,0.011492151895407903,0.13336866477276793,0.0410062126010401,0.07575322191948733,0.006697903446967949,0.09233977501577834,2.2878794672545335e-05,15,102,0.09997061253681257,0.10508151528037055,True,False,False,3.6235852590302714e-05,COMPLETE
1952,0.313078510761261,2025-04-01 13:28:23.594030,2025-04-01 13:28:50.450660,0 days 00:00:26.856630,0.04442504363226151,0.9781981394780754,8,0.017765888323954843,0.1424371010167881,0.0389487753433091,0.07410212963691226,0.0011583866012881273,0.09205840380316599,1.6779889448297837e-05,15,102,0.09531638800801875,0.10865987279422422,True,False,False,5.682689388428508e-05,COMPLETE
1953,0.4060734272003174,2025-04-01 13:28:51.096265,2025-04-01 13:29:16.699341,0 days 00:00:25.603076,0.010394484520757384,0.9537179072172937,8,0.007542156931674161,0.13731668009588888,0.040964643561149226,0.07761715936077695,0.003539835174393066,0.09395821230968314,2.7073771763006786e-05,15,97,0.0963113052306716,0.12149394173357006,False,False,False,2.3057138432223377e-05,COMPLETE
1954,0.649848747253418,2025-04-01 13:29:17.344432,2025-04-01 13:29:45.296762,0 days 00:00:27.952330,0.02539770985334417,0.9808641785113932,8,0.02002060600359167,0.14284394043780765,0.03896017567187912,0.07492964873368604,0.0010877758672866496,0.09421561307244189,3.2914683062629296e-05,16,105,0.09776650420307993,0.12375637233859507,True,False,False,2.972847284074124e-05,COMPLETE
1955,0.3206081509590149,2025-04-01 13:29:45.926741,2025-04-01 13:30:13.865521,0 days 00:00:27.938780,0.06892559666363848,0.9661734098118541,8,0.014466441540003611,0.11921076822866794,0.04144212495815482,0.0828691356352747,0.007168684850349913,0.09176812867354064,2.2945258418665052e-05,16,99,0.09995795007176814,0.09544210641126222,True,False,False,4.8944581560277844e-05,COMPLETE
1956,0.31132742762565613,2025-04-01 13:30:14.519253,2025-04-01 13:30:42.315442,0 days 00:00:27.796189,0.044958561493491346,0.9812640939797912,8,0.011710723195403477,0.12829127862023648,0.03873046923768077,0.07897498651990975,0.004491734409809433,0.0955338486955486,3.229398594645883e-05,16,105,0.09486804915712752,0.1105507147913341,True,False,False,3.908837296642485e-05,COMPLETE
1957,0.5901329755783081,2025-04-01 13:30:42.968903,2025-04-01 13:31:09.618070,0 days 00:00:26.649167,0.027491559600537327,0.9554549610213777,8,0.001359847547207079,0.15039465728767426,0.041263918979009474,0.08150037901849082,0.002923669141064799,0.0940099938048524,1.8980100877167454e-05,15,103,0.09754931166599805,0.14678432262178487,True,False,False,6.448526294925065e-05,COMPLETE
1958,0.2797684073448181,2025-04-01 13:31:10.253401,2025-04-01 13:31:35.570979,0 days 00:00:25.317578,0.01019765936957956,0.9810659083462652,8,0.021245287542830126,0.1525576635381468,0.04183431442159138,0.07709973944432898,0.006173170279797475,0.09244977546051363,3.0010936290800132e-05,17,98,0.09795844637978855,0.14084722648761003,True,True,False,2.8764929274532285e-05,COMPLETE
1959,0.6184695959091187,2025-04-01 13:31:36.230860,2025-04-01 13:32:03.026696,0 days 00:00:26.795836,0.05016453603499142,0.9668082632069506,8,0.010197296570741428,0.13178690812439517,0.03884490502211753,0.07935700367734927,0.0011128089935191657,0.09613978162078265,2.405699124641351e-05,15,101,0.0953869780073768,0.12188096611978107,True,False,False,2.1027613456085945e-05,COMPLETE
1960,0.6580806016921997,2025-04-01 13:32:03.658840,2025-04-01 13:32:31.291793,0 days 00:00:27.632953,0.06943066968914878,0.9508738902036293,8,0.019620785491967045,0.141706943195336,0.04256121283956831,0.08214529632197524,0.004356081662248663,0.09206249199985823,1.0069000223745789e-05,16,96,0.09516860829693423,0.11475379212305722,True,False,False,9.961122695088802e-05,COMPLETE
1961,0.2797684073448181,2025-04-01 13:32:31.944432,2025-04-01 13:32:58.645572,0 days 00:00:26.701140,0.04687461476783637,0.9997152370388334,8,0.000399673382299591,0.14986276822342887,0.04028829806303105,0.08080706579695551,0.006995939605812955,0.09512831707599113,1.4990464525519356e-05,15,106,0.0977165738856332,0.13100509017736822,True,False,False,4.0025569650312656e-05,COMPLETE
1962,0.6552839875221252,2025-04-01 13:32:59.269598,2025-04-01 13:33:26.047772,0 days 00:00:26.778174,0.06996053926607831,0.9998884048645189,8,0.014784429203075346,0.1374350084365245,0.04287704116200313,0.07687540741161696,0.003508569434476792,0.09402609549893087,2.1269158585675864e-05,15,104,0.09999288497144317,0.13994941362594657,True,False,False,2.766961833661132e-05,COMPLETE
