number,value,datetime_start,datetime_complete,duration,params_alpha-eval,params_alpha-train,params_batch-size,params_eps-eval,params_eps-train,params_lambda-actions-eval,params_lambda-actions-train,params_lambda-frames-eval,params_lambda-frames-train,params_learning-rate,params_n-epochs,params_n-frames,params_radius-gw,params_rho,params_std-feats,params_ub-actions,params_ub-frames,params_weight-decay,state
787,0.5122202157974244,2025-04-01 06:07:29.577414,2025-04-01 06:07:49.441307,0 days 00:00:19.863893,0.13010701992079324,0.7589665064586301,16,0.06303271134598647,0.13411872590921478,0.09155846078424537,0.00714604278951281,0.040472658762395766,0.07235983755291271,0.0016465071785034114,10,147,0.07055133909012185,0.23604994213338482,True,False,False,1.0228879827950702e-07,COMPLETE
788,0.37228672504425053,2025-04-01 06:07:49.695096,2025-04-01 06:08:10.223807,0 days 00:00:20.528711,0.14791245178972376,0.8340219010556701,16,0.043281997668622986,0.23216018600209046,0.03312630349486704,0.0032087663901051553,0.0462257046635112,0.07512639551555934,8.647907448312553e-05,11,141,0.05443202692697984,0.2423929802688197,True,False,False,2.9567215756740273e-06,COMPLETE
789,0.3795614838600159,2025-04-01 06:08:10.489674,2025-04-01 06:08:34.636196,0 days 00:00:24.146522,0.24579267100012475,0.7974190139415138,8,0.057827633342295605,0.22241822416985427,0.09980320564435759,0.008916305992884907,0.04330885372155141,0.0738144624253814,0.0001461275187050221,11,145,0.06818428602130883,0.12107976774554259,True,False,False,2.9507119135927023e-07,COMPLETE
790,0.4475239515304566,2025-04-01 06:08:34.905670,2025-04-01 06:08:54.976012,0 days 00:00:20.070342,0.10729177446892853,0.7785701756620723,16,0.03633583891055636,0.06858303159825808,0.030588519762616638,0.005497368638729129,0.03725521193084229,0.07646059214324603,0.00010624989044277414,10,150,0.0770661066638914,0.2235214429008732,True,False,False,1.6645741976434255e-07,COMPLETE
791,0.2797684073448181,2025-04-01 06:08:55.230822,2025-04-01 06:09:14.562787,0 days 00:00:19.331965,0.19245469633243076,0.8163923130070396,16,0.023883349371397192,0.24083406147367914,0.09881148485285327,0.007267844454625898,0.047910378761519795,0.07182048725927682,0.00012024102014451833,12,147,0.07446822874675371,0.24823832324372475,True,True,False,1.3639713267111765e-07,COMPLETE
792,0.6469052910804749,2025-04-01 06:09:14.829680,2025-04-01 06:09:35.401821,0 days 00:00:20.572141,0.21408080075660835,0.8576246743883529,16,0.06831157794148277,0.22932065819569084,0.09359172546946291,0.009345977753392971,0.04505501537151611,0.0792939847617294,0.0001555691948213298,11,144,0.07281086127740545,0.23256212797961437,True,False,False,1.2076241495967492e-08,COMPLETE
793,0.42532278299331666,2025-04-01 06:09:35.671309,2025-04-01 06:09:55.843898,0 days 00:00:20.172589,0.23998951948155908,0.8581252550925909,16,0.06361647846986963,0.23020883224683686,0.09382241153193528,0.004822034094460198,0.04561473498439056,0.0798911631041301,7.229839717271365e-05,10,141,0.07592057466085689,0.22694553656173574,True,False,False,1.2148236865185303e-08,COMPLETE
794,0.5364959716796875,2025-04-01 06:09:56.100239,2025-04-01 06:10:14.890874,0 days 00:00:18.790635,0.2136149471297759,0.8593203567994243,16,0.07041130938189559,0.24002321456445247,0.09635036345791329,0.0010872391821979844,0.04811665893981628,0.07949314946279,9.697938371875658e-05,11,86,0.07317622276255283,0.23245551474523812,True,False,False,1.3286241752371936e-08,COMPLETE
795,0.6345414161682129,2025-04-01 06:10:15.160036,2025-04-01 06:10:36.286458,0 days 00:00:21.126422,0.23338725153644532,0.8490230003351779,16,0.05866889299822979,0.22055414167625687,0.0996491783252737,0.008859168504858154,0.050652084059418644,0.06918929870221151,0.0001430327439244529,12,141,0.07497853272762398,0.2253312079573934,True,False,False,1.582023853299427e-08,COMPLETE
796,0.5729080557823181,2025-04-01 06:10:36.558373,2025-04-01 06:10:57.515190,0 days 00:00:20.956817,0.21676109077468053,0.8365340921781144,16,0.07171808639314449,0.18794783694082393,0.09749653836121416,0.007034482210995766,0.04569581176006993,0.0780677556932514,0.00011762449373265536,11,144,0.07725804102485236,0.23108521721213016,True,False,False,1.6806923797985572e-08,COMPLETE
797,0.6309384346008301,2025-04-01 06:10:57.770960,2025-04-01 06:11:18.379200,0 days 00:00:20.608240,0.2824141753226404,0.8310227116892345,16,0.06973298931603793,0.23469137626008146,0.0984940240665455,0.002669472953873056,0.043886541560581076,0.07805067716981792,0.00014614426861778764,11,143,0.07045247917540147,0.236553797979716,True,False,False,1.2469969259448308e-08,COMPLETE
798,0.6166632652282715,2025-04-01 06:11:18.649472,2025-04-01 06:11:38.569701,0 days 00:00:19.920229,0.20515823460252627,0.8620032833144322,16,0.06817781453709502,0.21518295894116438,0.09332181014575429,0.005196371368254473,0.048175789660263826,0.08032270266963722,9.265241481237955e-05,10,141,0.07277373188391115,0.22270670634684528,True,False,False,5.330144989957624e-06,COMPLETE
799,0.6372067689895631,2025-04-01 06:11:38.847469,2025-04-01 06:12:00.204395,0 days 00:00:21.356926,0.25251382411663037,0.7463828989821498,16,0.060515112357367964,0.17232628140074793,0.09725288377395144,0.008289682002267403,0.04575329091697753,0.07445212003366579,0.00015953835365122715,12,145,0.07465555492643354,0.23469606887061129,True,False,False,1.0193575591209357e-08,COMPLETE
800,0.6160045385360718,2025-04-01 06:12:00.462004,2025-04-01 06:12:19.646861,0 days 00:00:19.184857,0.22337078431837376,0.8164689729977401,16,0.0472040835820398,0.22484051724198975,0.09530682136401136,0.00980149579471438,0.04008168781734172,0.06772909612476315,0.00011408016506613591,9,140,0.07678034367781063,0.23895680852136406,True,False,False,1.5312853172455056e-05,COMPLETE
801,0.4249183535575867,2025-04-01 06:12:19.914979,2025-04-01 06:12:35.800839,0 days 00:00:15.885860,0.18771023946163826,0.8589827833806902,16,0.0525574459804912,0.23227803048091344,0.09629974206427998,0.00606770060322369,0.04175718235669235,0.07213264764843681,0.00013260295881688524,10,57,0.07289534306482787,0.22911625696760635,True,False,True,1.1514752609671136e-06,COMPLETE
802,0.6388385057449342,2025-04-01 06:12:36.073685,2025-04-01 06:12:56.669944,0 days 00:00:20.596259,0.2379667386199363,0.779205788965606,16,0.06297930182011778,0.2082794490599676,0.09882473644859498,0.002841003592230557,0.05147969467996402,0.08093026318304855,0.00015725993504571724,11,144,0.0706639212217955,0.24081018803855872,True,False,False,2.060571358459755e-08,COMPLETE
803,0.5953663349151612,2025-04-01 06:12:56.929031,2025-04-01 06:13:18.251314,0 days 00:00:21.322283,0.26587908063495996,0.7546374695723407,16,0.05433285574021039,0.20785634127314595,0.09413843741684463,0.003116534443399369,0.05187714366424169,0.08172416660784154,0.00018956474743999925,12,145,0.06697710636279444,0.24144315561783877,True,False,False,1.911152322810618e-08,COMPLETE
804,0.37251808643341067,2025-04-01 06:13:18.524525,2025-04-01 06:13:39.421485,0 days 00:00:20.896960,0.23289160006189175,0.7802255911407653,16,0.05826394576666245,0.2080186968142532,0.09740048895479979,0.003262342802400832,0.050312381790555395,0.08026606690821496,0.00016785178754920847,11,147,0.0630687177233333,0.2388317456245536,True,False,False,1.3631693711771448e-08,COMPLETE
805,0.4413365006446839,2025-04-01 06:13:39.682294,2025-04-01 06:13:58.472008,0 days 00:00:18.789714,0.2636304318570533,0.7483593412144106,16,0.06327608748026146,0.19707040353653438,0.0967424742842406,0.0024236775962799533,0.05151408751289943,0.07879921412470811,0.0010238162860770306,12,144,0.0697416260576708,0.24301762032137253,False,False,False,1.6938963502487134e-08,COMPLETE
806,0.5386299610137939,2025-04-01 06:13:58.746732,2025-04-01 06:14:17.484125,0 days 00:00:18.737393,0.23339266272219153,0.7717137164383323,16,0.046168399525836394,0.20218180891454335,0.09960911464194803,0.0011876414401142976,0.04812917842033405,0.08090867457350129,0.00020391139027926662,11,90,0.06856534294299198,0.23400445961366542,True,False,False,2.3056287461269308e-08,COMPLETE
807,0.36367695331573485,2025-04-01 06:14:17.754008,2025-04-01 06:14:38.348233,0 days 00:00:20.594225,0.24449131257677964,0.7923128713859365,16,0.05517754589730478,0.20352202585053397,0.09286336261247237,0.004850738007294939,0.049480279983618015,0.07704264772538474,0.00012498279064711323,11,147,0.06583012190301975,0.24527050692926355,True,False,False,1.2810848443741322e-08,COMPLETE
808,0.529894781112671,2025-04-01 06:14:38.608884,2025-04-01 06:15:00.138274,0 days 00:00:21.529390,0.9022959811395797,0.8133644880863246,16,0.04370804666078769,0.2141668309361209,0.09467493076246207,0.006030699954179113,0.04451283876794485,0.07608353610152381,0.00010382078857334247,12,150,0.07029582706658306,0.2369834712611539,True,False,False,1.9770110107116458e-08,COMPLETE
809,0.2797684073448181,2025-04-01 06:15:00.412149,2025-04-01 06:15:19.098245,0 days 00:00:18.686096,0.21418649313279148,0.7824033005368495,16,0.06274091875664484,0.2153234922102957,0.0013287493542533252,0.003666432395603371,0.047160219649274845,0.07845706693519279,0.00015030396644860071,11,144,0.07152242997455201,0.2454364327811826,True,True,False,4.2931455682834066e-07,COMPLETE
810,0.37696802616119385,2025-04-01 06:15:19.371940,2025-04-01 06:15:44.453386,0 days 00:00:25.081446,0.1944853665747953,0.7387557126947488,8,0.038838251743985336,0.20858845619298194,0.09682616694579409,0.008219219040799227,0.05241668631917922,0.07415132841092328,0.00017160040035409216,12,143,0.06800198079799195,0.23090439068499236,True,False,False,1.0164951493822691e-08,COMPLETE
811,0.567800760269165,2025-04-01 06:15:44.718408,2025-04-01 06:16:10.182847,0 days 00:00:25.464439,0.27990595708164945,0.8328109460884126,16,0.04752560517580619,0.22192956640371397,0.059154649352003666,0.0049137076648151186,0.04323307078676441,0.07984260512162802,8.381665724771414e-05,18,148,0.0722540851583076,0.23928726610739307,True,False,False,1.8427930347774343e-08,COMPLETE
812,0.6267375707626344,2025-04-01 06:16:10.457078,2025-04-01 06:16:31.187019,0 days 00:00:20.729941,0.20820260750548739,0.7666012660578911,16,0.0696542753925256,0.21144347453807724,0.09931624698494293,0.006924566862721443,0.045905474834945004,0.06957523348881242,0.00021912299199850117,11,145,0.06975139906170964,0.25250126641358384,True,False,False,1.5148234194957825e-07,COMPLETE
813,0.5565225839614868,2025-04-01 06:16:31.464368,2025-04-01 06:16:52.076298,0 days 00:00:20.611930,0.25446319333589934,0.7975551542264082,16,0.05327507180855574,0.21754123591945163,0.0981600982729428,0.002956410435064949,0.049700220784613953,0.06486719631258715,0.0001271909248514561,11,141,0.07193880713458559,0.2473693655417459,True,False,False,7.137883274897849e-07,COMPLETE
814,0.607288908958435,2025-04-01 06:16:52.338291,2025-04-01 06:17:13.679218,0 days 00:00:21.340927,0.17488495050150554,0.8115423106288526,16,0.03369893269032827,0.12342548927294952,0.09512078295543992,0.009686706703449803,0.039557667651174584,0.07681129597616569,0.0001617995362597483,12,147,0.07014886318036624,0.23230571880357653,True,False,False,2.7883437032505633e-08,COMPLETE
815,0.5618438601493836,2025-04-01 06:17:13.952409,2025-04-01 06:17:34.754123,0 days 00:00:20.801714,0.22698493307594958,0.8406029177295519,16,0.05909142083669552,0.22058484824269065,0.09527325889446964,0.0069235710127642115,0.046814880787143645,0.08153021178146659,0.00010421279452860141,11,143,0.0734380284590286,0.24092677143438113,True,False,False,1.3680623544707416e-08,COMPLETE
816,0.5913664460182191,2025-04-01 06:17:35.028093,2025-04-01 06:17:55.925617,0 days 00:00:20.897524,0.19515224827813468,0.7592783189498677,16,0.06477662055182701,0.22544989149301795,0.0314362443376385,0.0046028256543204915,0.042041359521250224,0.07118381815137385,0.00025844833405640595,11,148,0.06712934284764668,0.22749524917329395,True,False,False,2.1121228741733587e-07,COMPLETE
817,0.4486986041069031,2025-04-01 06:17:56.187365,2025-04-01 06:18:17.748410,0 days 00:00:21.561045,0.21608098438761122,0.7838092005831436,16,0.04134955822590951,0.2129239992334171,0.09901468142299791,0.007831665240637917,0.03489960208336049,0.0750490994721199,0.0001907529646526794,12,150,0.07383961659747357,0.25365027885447766,True,False,False,1.1670918794422012e-07,COMPLETE
818,0.4189208865165711,2025-04-01 06:18:18.024204,2025-04-01 06:18:36.333854,0 days 00:00:18.309650,0.24505399903994918,0.7207227803045683,16,0.04884396926362128,0.21870814876241707,0.09761397756895984,0.0026698000215743204,0.04864695793426771,0.07885230467550346,6.554602580177632e-05,11,78,0.07074523625958518,0.2448350342208762,True,False,False,9.815336096660075e-08,COMPLETE
819,0.5722592949867249,2025-04-01 06:18:36.610649,2025-04-01 06:18:56.639521,0 days 00:00:20.028872,0.2906039654763421,0.8252460138222141,16,0.05620835422366022,0.05574730609161754,0.09051904668727925,0.005870825485521635,0.04437073080253289,0.0728771847144347,0.00014104388492063147,10,145,0.06894296346342903,0.23630609661532298,True,False,False,2.704481574938492e-07,COMPLETE
820,0.47466320991516114,2025-04-01 06:18:56.901776,2025-04-01 06:19:16.345488,0 days 00:00:19.443712,0.18253811170969336,0.5911637456781678,16,0.03347504999845467,0.22707129200858417,0.09769310631175289,0.004317475043617349,0.03799162017797493,0.08470478091133998,0.0001221431658417595,12,141,0.0727950684692,0.24902609776211163,True,False,True,2.3110450226063595e-08,COMPLETE
821,0.4702452301979065,2025-04-01 06:19:16.621278,2025-04-01 06:19:37.475857,0 days 00:00:20.854579,0.20317928602128404,0.7980386142172796,16,0.07082761383314226,0.1796709833436635,0.09509007550456114,0.009745324913866295,0.051761836830404584,0.07713333616548065,0.00018946951327618696,11,147,0.07480535289042789,0.25736155575995934,True,False,False,1.2364810962369308e-08,COMPLETE
822,0.6381686329841614,2025-04-01 06:19:37.752457,2025-04-01 06:19:57.891103,0 days 00:00:20.138646,0.17290268480363855,0.7713393302074755,16,0.06460744282440048,0.20005321766257755,0.07436167306904963,0.007110293741681225,0.0429406916793653,0.07489995128430231,0.00015210891393203904,10,140,0.07166185964582898,0.22095621271166055,True,False,False,1.6392867592110713e-08,COMPLETE
823,0.5993147611618042,2025-04-01 06:19:58.174214,2025-04-01 06:20:18.685116,0 days 00:00:20.510902,0.2287983616321176,0.8123854472825085,16,0.042418723153052784,0.2292198527919388,0.08679394403810475,0.0014008715624017976,0.04617559650113208,0.08099667493550217,0.00023392722218416049,11,145,0.06455986059238741,0.2411582690681055,True,False,False,8.490644217148733e-08,COMPLETE
824,0.5658893942832947,2025-04-01 06:20:18.951703,2025-04-01 06:20:39.296314,0 days 00:00:20.344611,0.18663808019232475,0.7433265888587074,16,0.05013507422056862,0.22018922225431284,0.09353404818209175,0.010451365507320936,0.04112129222761308,0.0690473581768788,8.692536495298546e-05,10,150,0.07524468542509975,0.22997735261966584,True,False,False,1.449381170823265e-07,COMPLETE
825,0.4348786234855652,2025-04-01 06:20:39.574245,2025-04-01 06:20:58.336082,0 days 00:00:18.761837,0.13656391023441822,0.693571997098471,16,0.05808395090170111,0.20669683656598986,0.09944236149538746,0.005075711824798426,0.04892622834292951,0.08982755610876948,0.0001078683301242466,12,143,0.06914479883398353,0.23756337773828606,False,False,False,2.0194866054461532e-08,COMPLETE
826,0.6416619300842286,2025-04-01 06:20:58.616632,2025-04-01 06:21:19.566512,0 days 00:00:20.949880,0.21459955802805347,0.8420341908305438,16,0.03825797612158607,0.2249569463668224,0.09761013286674768,0.007799762038779601,0.07998212938893623,0.0663317940383902,0.00016728892545128662,11,147,0.07280314302288571,0.24615688185676735,True,False,False,2.0670345994148553e-06,COMPLETE
827,0.45682423114776616,2025-04-01 06:21:19.833979,2025-04-01 06:21:40.693508,0 days 00:00:20.859529,0.1659270358424493,0.8469800544262258,16,0.03625676815417396,0.23126347873018702,0.0961805273718355,0.00897792702862128,0.04406266650334842,0.06525706082097225,0.00028130227784752584,11,150,0.07345002208278181,0.25472447809275034,True,False,False,1.9451263584343317e-06,COMPLETE
828,0.2797684073448181,2025-04-01 06:21:40.976408,2025-04-01 06:21:59.052838,0 days 00:00:18.076430,0.20941052967731255,0.8607662835866214,16,0.03208550899395609,0.22671006632109103,0.08810314739082983,0.010676805717684631,0.039977774226950626,0.06741995303630854,0.00019535666316151766,10,147,0.07572429454286418,0.26157911841797465,True,True,False,3.018482051216711e-06,COMPLETE
829,0.6359665274620057,2025-04-01 06:21:59.341324,2025-04-01 06:22:20.500013,0 days 00:00:21.158689,0.19786089260181375,0.8463033333932612,16,0.04063261918044764,0.23593957162587903,0.09183996872416786,0.008028332389519553,0.042223304589013425,0.06606372087860418,0.00013255961337241588,12,147,0.07346607483405772,0.24799477052990274,True,False,False,1.679351711813599e-06,COMPLETE
830,0.4530903100967407,2025-04-01 06:22:20.768553,2025-04-01 06:22:41.387466,0 days 00:00:20.618913,0.12460029071292765,0.8323997567543767,16,0.02928450744478609,0.2247354710384899,0.047925008787191886,0.008497933629712972,0.04480884930284096,0.06724829235136778,0.00023319104414589218,11,148,0.0755329174319862,0.2528864022241566,True,False,False,1.2646413501431782e-06,COMPLETE
831,0.4052716255187988,2025-04-01 06:22:41.666468,2025-04-01 06:23:04.867711,0 days 00:00:23.201243,0.16798481543772548,0.21052366355582902,8,0.039105962101501475,0.23132404836367104,0.09513891623156077,0.011099773413269017,0.07894310516370237,0.0707943517837423,0.00017391447039868545,10,150,0.07266460737720666,0.2670702874188829,True,False,False,1.9062862243201628e-07,COMPLETE
832,0.5720043897628785,2025-04-01 06:23:05.152040,2025-04-01 06:23:24.073433,0 days 00:00:18.921393,0.14601254932860738,0.8661180258891024,16,0.04553457521814934,0.24060614735127533,0.033193173060237384,0.006396490485838386,0.03861740243974156,0.06973545660247404,0.00013106006199612658,11,95,0.07693259833065699,0.246146480373049,True,False,False,1.954054522507754e-06,COMPLETE
833,0.5797402024269104,2025-04-01 06:23:24.339481,2025-04-01 06:23:50.120141,0 days 00:00:25.780660,0.21658123693329953,0.8320204194287736,16,0.028546819746702503,0.22344116186007462,0.05189641530054357,0.00942179649460305,0.04655466526611269,0.07064062412711362,0.00021672119049728184,19,145,0.07426024301615647,0.25733037028134365,True,False,False,2.8512566536220296e-06,COMPLETE
834,0.5775795578956604,2025-04-01 06:23:50.402658,2025-04-01 06:24:11.495195,0 days 00:00:21.092537,0.1910347397233521,0.8158543370206524,16,0.0353093815039728,0.23456988110854463,0.07622330442434494,0.007442373495666131,0.0804979695911039,0.07330881707809056,0.00015997217677382462,12,140,0.07062663839366226,0.24996627655176024,True,False,False,1.4634248210651626e-06,COMPLETE
835,0.43635760545730595,2025-04-01 06:24:11.781091,2025-04-01 06:24:31.697127,0 days 00:00:19.916036,0.11766737508110431,0.8508846045093833,16,0.02381704118209792,0.22800003815023662,0.0971480732314436,0.012292987791900863,0.043312529118714124,0.06821766030989082,1.0229899686918129e-05,10,143,0.05830846633051438,0.23325595331600718,True,False,False,3.6318763378001217e-06,COMPLETE
836,0.550556755065918,2025-04-01 06:24:31.965024,2025-04-01 06:24:52.576635,0 days 00:00:20.611611,0.1564362878217033,0.8264388090536834,16,0.018570270222140757,0.21777798741875337,0.09274725816483115,0.0063364835096834885,0.036593021802262794,0.06480620349760884,1.5221427996156752e-05,11,146,0.07201075181386547,0.2444046462353278,True,False,False,9.950907631342475e-08,COMPLETE
837,0.5575624942779541,2025-04-01 06:24:52.859860,2025-04-01 06:25:14.206105,0 days 00:00:21.346245,0.2183596900795435,0.8093704873476341,16,0.045024866575177194,0.2419417041736657,0.057693119243396075,0.009380276892845797,0.04134816174111815,0.07196631554275118,0.000300147303884719,12,150,0.07504738279192212,0.22530508656233106,True,False,False,1.3693979772850883e-07,COMPLETE
838,0.43979769945144653,2025-04-01 06:25:14.488016,2025-04-01 06:25:31.701370,0 days 00:00:17.213354,0.18426284063968276,0.6546850537970754,16,0.03546930221314004,0.22268722263426702,0.03284969887400098,0.005489702717839178,0.04505859339669821,0.07329163251114579,0.00010169126281154618,11,15,0.07722718202596951,0.2596958170085292,True,False,False,9.686611266956075e-07,COMPLETE
839,0.42485247850418095,2025-04-01 06:25:31.974518,2025-04-01 06:25:49.695626,0 days 00:00:17.721108,0.1011553241221889,0.8630229853387077,16,0.05044322760383377,0.23442843566770402,0.09776827539512774,0.007643294578497585,0.0473223072826211,0.07564990137667003,0.0001869218629124092,9,147,0.07198755949400196,0.25062083799886525,True,False,True,2.60499080675993e-06,COMPLETE
840,0.6042420625686646,2025-04-01 06:25:49.979668,2025-04-01 06:26:09.887543,0 days 00:00:19.907875,0.260956978037946,0.8360265199991995,16,0.04035795578440467,0.23001048879502853,0.034670519755164,0.010898642521349363,0.04033452752240138,0.0670317359448374,7.940840227467929e-05,10,140,0.07413206877368957,0.23539728967093274,True,False,False,1.0032747404643498e-08,COMPLETE
841,0.5729608774185181,2025-04-01 06:26:10.172712,2025-04-01 06:26:30.795939,0 days 00:00:20.623227,0.20310604470231064,0.7981942141110985,16,0.029619436236914917,0.2176468548731124,0.07100147472387867,0.00494502980696273,0.04299241764740749,0.07736803638026182,0.00011819207150708124,11,143,0.06819608266941071,0.24422485354387474,True,False,False,2.493201240623646e-07,COMPLETE
842,0.6088485360145569,2025-04-01 06:26:31.083614,2025-04-01 06:26:58.088433,0 days 00:00:27.004819,0.1728594982091162,0.8451141800085495,16,0.04627745413613313,0.2414440901905621,0.03221487587362316,0.007739744943848447,0.045346740543518956,0.06919174591384106,0.00015095782891997927,21,147,0.07236428023867537,0.2397221094328349,True,False,False,5.655063962592905e-07,COMPLETE
