number,value,datetime_start,datetime_complete,duration,params_alpha-eval,params_alpha-train,params_batch-size,params_eps-eval,params_eps-train,params_lambda-actions-eval,params_lambda-actions-train,params_lambda-frames-eval,params_lambda-frames-train,params_learning-rate,params_n-epochs,params_n-frames,params_radius-gw,params_rho,params_std-feats,params_ub-actions,params_ub-frames,params_weight-decay,state
170,0.5497411608695985,2025-04-21 18:00:50.842229,2025-04-21 18:01:10.062933,0 days 00:00:19.220704,0.48805979401347943,0.38265467371446404,8,0.16890585746456027,0.20645802392738305,0.008117587419521446,0.06707512622778178,0.006852142198708664,0.008303279022463566,1.0017637011415546e-05,6,80,0.07450779245275055,0.16587324941660234,True,False,False,3.799128695663848e-05,COMPLETE
171,0.5514381766319275,2025-04-21 18:01:10.118306,2025-04-21 18:01:29.190522,0 days 00:00:19.072216,0.4444231933549244,0.46155070635532297,8,0.1838631465437351,0.20612293494953116,0.008126540695819617,0.06815502387602602,0.0036042764556116404,0.007857421774879927,1.0052474245322212e-05,6,81,0.07393232970278485,0.1659795389683466,True,False,False,4.3199974168595696e-05,COMPLETE
172,0.5477743744850159,2025-04-21 18:01:29.254915,2025-04-21 18:01:47.643445,0 days 00:00:18.388530,0.4417917661799244,0.40016112765661993,8,0.18574525710854695,0.20608538013893782,0.008238550655327961,0.06865300871772462,0.0038770529192220966,0.008236337487296743,1.0525160835365764e-05,5,79,0.07351984293640279,0.1669836705222934,True,False,False,4.216584721482505e-05,COMPLETE
173,0.54851952791214,2025-04-21 18:01:47.699365,2025-04-21 18:02:05.977105,0 days 00:00:18.277740,0.44394070045438533,0.3821508607584282,8,0.172302665009675,0.20140413123369996,0.006419054297030344,0.06782035259869394,0.003469739532148773,0.00805688136224619,1.0622122264957958e-05,5,81,0.07283692808251092,0.17649482789330675,True,False,False,3.443926762453014e-05,COMPLETE
174,0.4095601201057434,2025-04-21 18:02:06.033356,2025-04-21 18:02:24.392597,0 days 00:00:18.359241,0.4356279746847011,0.3784526566316056,8,0.16900995701206037,0.2040129481018911,0.006879392191953656,0.06809371484412537,0.003527738171429859,0.008017574055595219,1.0203795652710477e-05,5,81,0.07345804667054932,0.17876067683342298,True,False,False,2.4745199372726242e-05,COMPLETE
175,0.5509847044944763,2025-04-21 18:02:24.449046,2025-04-21 18:02:42.663772,0 days 00:00:18.214726,0.4102029375142281,0.32933843210504743,8,0.17277610653260145,0.20022448037332097,0.008224839798216954,0.06679333178062248,0.0010833982037122825,0.008181233742072889,1.0190651715347723e-05,5,79,0.07103198183537002,0.16784535984522822,True,False,False,1.9686868951170937e-05,COMPLETE
176,0.44131695032119755,2025-04-21 18:02:42.721672,2025-04-21 18:03:00.841734,0 days 00:00:18.120062,0.41988470314470094,0.3302363082490932,8,0.16927919266074457,0.184723540024382,0.008511497460478728,0.06671321499225587,0.00138393032600882,0.008348721930176412,1.4196867489336654e-05,5,74,0.07038858821429574,0.16823496141965621,True,False,False,1.7094481372760452e-05,COMPLETE
177,0.4409547805786133,2025-04-21 18:03:00.901019,2025-04-21 18:03:19.895527,0 days 00:00:18.994508,0.4019929965732585,0.38514590462429776,8,0.17459875464483202,0.19525710438467533,0.011032354429253903,0.06350944263953961,0.0030306318063416326,0.005943537159374769,1.0017377102531421e-05,6,80,0.07196156272906211,0.1852104863566228,True,False,False,3.912977264451865e-05,COMPLETE
178,0.4395567536354065,2025-04-21 18:03:19.952112,2025-04-21 18:03:38.400561,0 days 00:00:18.448449,0.37315897299894646,0.3512646633951312,8,0.18383767542803955,0.2001895145839837,0.008536825125960225,0.06489949307349666,0.0064596414704259485,0.012131524414707733,1.763644111705286e-05,5,71,0.07526063279091202,0.17420750362303777,True,False,False,1.0635615314772774e-05,COMPLETE
179,0.36551650166511535,2025-04-21 18:03:38.457698,2025-04-21 18:03:54.796576,0 days 00:00:16.338878,0.45078872689834054,0.4063190920144138,8,0.18522837365623962,0.20749737155869435,0.0056297187506504885,0.06710558607562704,0.007827789258910731,0.00940111426357842,1.3045409870182122e-05,5,76,0.07288239481839062,0.164000934093898,True,True,False,2.142981017309216e-05,COMPLETE
180,0.4435020446777344,2025-04-21 18:03:54.854020,2025-04-21 18:04:13.995574,0 days 00:00:19.141554,0.4443947155301922,0.4381179546792329,8,0.17711424768236872,0.21508784389778124,0.01355939531822277,0.04634057937041675,0.004577320396829128,0.014435727732354077,1.4900985425374351e-05,6,78,0.06838401480537065,0.17728896871447394,True,False,False,3.369757851827439e-05,COMPLETE
181,0.5457003831863403,2025-04-21 18:04:14.062544,2025-04-21 18:04:32.588979,0 days 00:00:18.526435,0.4796217113111876,0.3532842191303212,8,0.18815230880496966,0.20787235080785332,0.006434140081616933,0.07068333536082709,0.0017156893934780891,0.00541770182104478,1.1974609967867195e-05,5,84,0.0790850426900182,0.16932494544535695,True,False,False,4.6745699785850354e-05,COMPLETE
182,0.5435205698013306,2025-04-21 18:04:32.646741,2025-04-21 18:04:51.016871,0 days 00:00:18.370130,0.4734744868972021,0.3388440581256232,8,0.1873452605606651,0.19455549754380008,0.007304637954795454,0.06968899897161739,0.0036610373629460046,0.00746920715954475,1.0011178656960915e-05,5,83,0.07489877653876767,0.16942422098931478,True,False,False,3.465293217600923e-05,COMPLETE
183,0.5427226543426513,2025-04-21 18:04:51.075642,2025-04-21 18:05:09.483471,0 days 00:00:18.407829,0.47663022446931486,0.34424498038787976,8,0.1879330160612523,0.1958040911113988,0.009738263870516725,0.06962682726067558,0.001649276930814193,0.005237684031465474,1.003742293723543e-05,5,85,0.07474411887786771,0.16956082559828167,True,False,False,2.7657623265534262e-05,COMPLETE
184,0.4384432196617127,2025-04-21 18:05:09.541498,2025-04-21 18:05:38.444038,0 days 00:00:28.902540,0.4209471537859666,0.2865082020082523,8,0.17268953353244668,0.2030175097306615,0.007515506987190501,0.071118479595872,0.00554574026913149,0.0076222807418984346,1.2597836624826939e-05,17,82,0.07851206108989932,0.19546333256177661,True,False,False,4.0406331029005245e-05,COMPLETE
185,0.5481858015060426,2025-04-21 18:05:38.503009,2025-04-21 18:05:57.590235,0 days 00:00:19.087226,0.46134899016589453,0.3258406368330011,8,0.18182050269615246,0.19244188147398752,0.010236922844735218,0.06853556216537848,0.004285031810378795,0.0078045060739986676,1.0204557998263107e-05,6,82,0.07667031309032965,0.16117202465016386,True,False,False,4.971622519693991e-05,COMPLETE
186,0.5280726790428162,2025-04-21 18:05:57.649347,2025-04-21 18:06:31.455197,0 days 00:00:33.805850,0.38765891553875126,0.32226528422628287,8,0.16309786362059128,0.18725658503200754,0.006504215361682307,0.06815463653858067,0.0024970636400099746,0.00321496750000968,1.7194507495443976e-05,23,84,0.07094367953667269,0.16808888637110747,True,False,False,4.743918640892186e-05,COMPLETE
187,0.4410037636756897,2025-04-21 18:06:31.514388,2025-04-21 18:06:51.220072,0 days 00:00:19.705684,0.4587022206944879,0.3654646420734615,8,0.1848945576611702,0.1905286835291442,0.011743084050247155,0.06198736236358322,0.004318850101100065,0.012148453848811327,1.2336864951845431e-05,7,78,0.07718585890372957,0.18380571257073136,False,False,False,2.071811626762292e-05,COMPLETE
188,0.5412649750709534,2025-04-21 18:06:51.279589,2025-04-21 18:07:10.424277,0 days 00:00:19.144688,0.48597265598474465,0.29380408665238367,8,0.17918345913884368,0.18057491149593227,0.0026502107019850275,0.06556413630443891,0.007114351230511974,0.00533593094836843,1.4347927523178054e-05,6,82,0.07928413125013607,0.16290185333540153,True,False,False,3.322146534876119e-05,COMPLETE
189,0.5396372318267822,2025-04-21 18:07:10.486962,2025-04-21 18:07:29.800587,0 days 00:00:19.313625,0.40807838946511316,0.3439022725879343,8,0.19195743733399073,0.20920781083988987,0.0077282417519824835,0.0693856262490626,0.001450207487860854,0.010921320170042138,2.0096481360782565e-05,6,86,0.07402795084140083,0.17112226174599385,True,False,False,4.951313706001939e-05,COMPLETE
190,0.44158189296722417,2025-04-21 18:07:29.870168,2025-04-21 18:07:48.963958,0 days 00:00:19.093790,0.43603082579481695,0.3840084883716046,8,0.17005952750672612,0.20900297444264082,0.012288793621144229,0.07193596492752588,0.004574636462783289,0.007510218738698558,1.1762808627921216e-05,6,78,0.07310238938693912,0.17653051405554213,True,False,False,2.925533074840582e-05,COMPLETE
191,0.5446956157684326,2025-04-21 18:07:49.024962,2025-04-21 18:08:07.238450,0 days 00:00:18.213488,0.4681911706917761,0.3121695102147279,8,0.18052922168443136,0.20005047748673413,0.01031599266333208,0.07301343321701481,0.008648082825456526,0.009190212845310419,1.0504981409737004e-05,5,81,0.07617337315722489,0.16221118731119252,True,False,False,3.8484401218549737e-05,COMPLETE
192,0.4393426060676575,2025-04-21 18:08:07.300540,2025-04-21 18:08:25.482439,0 days 00:00:18.181899,0.472590234049498,0.4111134872956146,8,0.1796141531918632,0.19753718685849905,0.010560085363595612,0.06702905436595417,0.00921686444522955,0.008653996163220119,1.0002968641118548e-05,5,74,0.07632758067159487,0.156969409121909,True,False,False,3.835242780531252e-05,COMPLETE
193,0.5484939455986023,2025-04-21 18:08:25.544110,2025-04-21 18:08:43.932534,0 days 00:00:18.388424,0.4488050702823628,0.30544701512502326,8,0.19542665172912924,0.201818317965239,0.00605677721931195,0.0699668100999347,0.008222228303473364,0.006091767744706426,1.419026975927244e-05,5,79,0.07791404747622689,0.16500284061828388,True,False,False,5.7033605797142235e-05,COMPLETE
194,0.5432217836380004,2025-04-21 18:08:43.994447,2025-04-21 18:09:03.185915,0 days 00:00:19.191468,0.4518404327563711,0.25181012352768983,8,0.18917569268080403,0.20017364382147473,0.014832211474849852,0.06937363053781943,0.007468612492875203,0.001993945609513612,1.4778515037750263e-05,6,79,0.07945777965811654,0.16539957117604545,True,False,False,5.638740907353635e-05,COMPLETE
195,0.439307177066803,2025-04-21 18:09:03.248583,2025-04-21 18:09:21.326096,0 days 00:00:18.077513,0.4252998431672682,0.3013314011181416,8,0.19313719114349545,0.19351268381556389,0.006501248033877211,0.06403667098689514,0.005837915765282033,0.005181049165881641,1.280198174333382e-05,5,69,0.06975212997730895,0.17899276456567406,True,False,False,5.7609024993143856e-05,COMPLETE
196,0.43981949090957645,2025-04-21 18:09:21.388468,2025-04-21 18:09:39.623936,0 days 00:00:18.235468,0.49100599139596324,0.31421268545115005,8,0.1841319734628471,0.20340005146803927,0.010161509042180548,0.07085172030170002,0.0031635308128806694,0.007361551759818281,1.6432616320818777e-05,5,75,0.07491048788371381,0.1592069550939232,True,False,False,2.9285206347481482e-05,COMPLETE
197,0.5445517182350159,2025-04-21 18:09:39.686632,2025-04-21 18:09:58.885113,0 days 00:00:19.198481,0.462941999125144,0.33510315993664785,8,0.1739251979341109,0.19154263799520682,0.0050896324897117436,0.06750325282723608,0.0010401958842097374,0.004372208440659658,1.2599556517938813e-05,6,86,0.07793031506999284,0.17200099281329365,True,False,False,4.26247927022683e-05,COMPLETE
198,0.5298477768898011,2025-04-21 18:09:58.956695,2025-04-21 18:10:39.140475,0 days 00:00:40.183780,0.4597344792151403,0.3639517705257255,2,0.15401608071080888,0.1849899704662118,0.0045504318404346565,0.06670166788646587,0.009166408452699308,0.003494270113730771,1.2310490590918266e-05,7,86,0.07884193040049348,0.17376946946650842,True,False,False,4.695374552379876e-05,COMPLETE
199,0.5333279728889466,2025-04-21 18:10:39.204171,2025-04-21 18:11:11.364173,0 days 00:00:32.160002,0.4365407470950831,0.3791444951452764,8,0.16852552680356864,0.2139431515815866,0.002373684694307449,0.07311461597797181,0.006441088832977317,0.0011625301834627209,1.8687370834985087e-05,21,80,0.07793003795862999,0.15365523280986337,True,False,False,7.120006842966909e-05,COMPLETE
200,0.443464744091034,2025-04-21 18:11:11.427816,2025-04-21 18:11:30.393239,0 days 00:00:18.965423,0.4129302647035321,0.28362271061155336,8,0.17348271310025842,0.2050428130958197,0.008500880916697503,0.06780226802680127,0.0013399109890833334,0.07055261033211956,1.4447488140544839e-05,6,77,0.0713386192352955,0.16343956626091546,True,False,False,7.948913661689749e-05,COMPLETE
201,0.5430785059928894,2025-04-21 18:11:30.458105,2025-04-21 18:11:48.720516,0 days 00:00:18.262411,0.46606383609067437,0.2637795018836855,8,0.17846464382941082,0.19261477005705402,0.006429241061356563,0.07051102019770487,0.004125505853520977,0.0058560784825142966,1.0054167372788845e-05,5,83,0.07657331378800494,0.16908727429393003,True,False,False,3.776680733436633e-05,COMPLETE
202,0.4405069947242737,2025-04-21 18:11:48.785001,2025-04-21 18:12:07.960163,0 days 00:00:19.175162,0.49449245648639417,0.33536462155793334,8,0.1965767164196562,0.17970579651711532,0.007866668121100928,0.0688919039651353,0.010574183412349362,0.009527459567050972,1.1920365873145156e-05,6,80,0.07434398755351314,0.18709525846750186,True,False,False,2.8710216683361088e-05,COMPLETE
203,0.5322038531303406,2025-04-21 18:12:08.025111,2025-04-21 18:12:35.799817,0 days 00:00:27.774706,0.4456194548904675,0.32692680203075236,8,0.1625064797987941,0.1988420970114521,0.004381709539128044,0.06568239853123693,0.00815600273949339,0.004690086829153499,1.0098964691915215e-05,16,87,0.08006651782857561,0.17315929163566052,True,False,False,4.48348847271987e-05,COMPLETE
204,0.5450192213058472,2025-04-21 18:12:35.865141,2025-04-21 18:12:54.344755,0 days 00:00:18.479614,0.4828044929056975,0.3546749097054145,8,0.18871233967671083,0.21045505427866698,0.011795758493431101,0.07237837485532915,0.0011423398575382277,0.006921442434545804,1.3816709485448704e-05,5,83,0.07280627550344976,0.16131133636956058,True,False,False,1.9408463890041104e-05,COMPLETE
205,0.4422035217285156,2025-04-21 18:12:54.418712,2025-04-21 18:13:13.371010,0 days 00:00:18.952298,0.49720492003094524,0.39794810841695455,8,0.1950394075464925,0.20938493128523278,0.012973946876330267,0.07279332452262292,0.0017087139296003899,0.012622463711921886,1.411628266526003e-05,6,72,0.07253167064454133,0.156003480622248,True,False,False,1.1908686372881774e-05,COMPLETE
206,0.44139957427978516,2025-04-21 18:13:13.435911,2025-04-21 18:13:31.723922,0 days 00:00:18.288011,0.48040909194209364,0.4635672897855456,8,0.1836272982167561,0.21744166458920222,0.010474104673834759,0.07158200116176534,0.004835642912569507,0.010102962965390512,1.676266009336354e-05,5,76,0.07692323804927477,0.16281585823796915,True,False,False,5.844723955033876e-05,COMPLETE
207,0.5553521156311035,2025-04-21 18:13:31.789735,2025-04-21 18:13:50.847007,0 days 00:00:19.057272,0.5093319143229469,0.3595214823132563,8,0.20859181250557637,0.2109934704084496,0.009170666678232567,0.06309664946032847,0.011462181841049135,0.005973997492959599,1.2471069405031958e-05,6,82,0.06502723693697127,0.18153753317721616,True,False,False,1.898241381147959e-05,COMPLETE
208,0.5513708114624023,2025-04-21 18:13:50.912663,2025-04-21 18:14:10.885251,0 days 00:00:19.972588,0.5162472072675964,0.35681548862638557,8,0.17737899964318257,0.2122338777065246,0.005339641497267988,0.062412882038504536,0.011215588358433995,0.003631192674757609,1.2092377530658494e-05,7,82,0.06626723537492207,0.1814854191384106,True,False,False,2.662038528216288e-05,COMPLETE
209,0.3052467107772827,2025-04-21 18:14:10.951393,2025-04-21 18:14:29.126851,0 days 00:00:18.175458,0.49791231405005415,0.36558176701714745,8,0.1754645256854471,0.2128641256239774,0.0010106325104430203,0.06010160094894613,0.001021469132304441,0.0037747201345414497,1.2439463817177567e-05,7,84,0.06488576485938301,0.18133280950893785,True,False,True,1.346186758961982e-05,COMPLETE
210,0.4434211015701294,2025-04-21 18:14:29.193891,2025-04-21 18:14:48.239167,0 days 00:00:19.045276,0.5160842469618238,0.31418860065563226,8,0.17960085944085466,0.2064028091011757,0.01188870198271186,0.058010475824633104,0.010827349331855494,0.006709982059000633,1.6047680900136032e-05,6,82,0.058636724807982744,0.18529307630646802,True,False,False,1.7771003711349082e-05,COMPLETE
211,0.44054219722747806,2025-04-21 18:14:48.305943,2025-04-21 18:15:07.427009,0 days 00:00:19.121066,0.5121251727710254,0.35031116530960493,8,0.194683434029621,0.21889600920493077,0.0056234655082727245,0.0627883893302949,0.008510253505512037,0.0028866935789556634,1.223285491237504e-05,6,79,0.06307554976739968,0.17676910540638083,True,False,False,2.1258469224136636e-05,COMPLETE
212,0.5469610810279847,2025-04-21 18:15:07.493740,2025-04-21 18:15:25.715635,0 days 00:00:18.221895,0.4675086783898855,0.3943117062395298,8,0.1881729425188205,0.21116174123744075,0.008623186052580492,0.061818939274088096,0.011913194107689297,0.005601050451406811,1.1868376536716187e-05,5,88,0.06735232158527876,0.19432574514182263,True,False,False,2.5142623824462892e-05,COMPLETE
213,0.5479632258415222,2025-04-21 18:15:25.792047,2025-04-21 18:15:45.010331,0 days 00:00:19.218284,0.46873443752120836,0.4221067872994485,8,0.1875997859662149,0.20414483906377498,0.008406379615361576,0.06386834460493454,0.006540747498106929,0.004975361791102046,1.2199039696836052e-05,6,88,0.06732320294920836,0.2061469682533288,True,False,False,2.8900956847058487e-05,COMPLETE
214,0.4427807807922364,2025-04-21 18:15:45.078748,2025-04-21 18:16:04.961562,0 days 00:00:19.882814,0.46552390917433567,0.4196675813036991,8,0.16666888211472214,0.20325036153908196,0.009001611133147493,0.06212245040586665,0.006339083811853484,0.004637097179229633,1.4110063745394316e-05,7,82,0.06732139035781066,0.20205409939673502,True,False,False,2.4333780791841e-05,COMPLETE
215,0.5412102699279786,2025-04-21 18:16:05.030983,2025-04-21 18:16:24.210046,0 days 00:00:19.179063,0.4828705390336621,0.38424280912022346,8,0.1845376756211192,0.21096562456955387,0.0032828061210101876,0.0532974771635093,0.0037698992917718282,0.002574356001920194,2.0328098885683383e-05,6,89,0.06870629691172125,0.19873254704714438,True,False,False,1.993953935117465e-05,COMPLETE
216,0.5527782917022706,2025-04-21 18:16:24.278341,2025-04-21 18:16:43.406548,0 days 00:00:19.128207,0.44629142322888066,0.39384499304266524,8,0.18957478463642868,0.2006774462771642,0.008805466583390825,0.0642657667818255,0.007187952309169655,0.006010644211959437,1.2948406197451536e-05,6,87,0.06637910924774655,0.187544976919539,True,False,False,1.5683037316761442e-05,COMPLETE
217,0.3411293923854828,2025-04-21 18:16:43.475563,2025-04-21 18:17:01.428920,0 days 00:00:17.953357,0.43839745010737696,0.39728258821274587,8,0.18936657676886495,0.20150720612757794,0.015196812483207828,0.06420101848816043,0.009713680851760942,0.0064880515864882415,1.666690351160468e-05,7,88,0.06356154533033341,0.22133303834805187,True,True,False,1.5063322693350796e-05,COMPLETE
218,0.4426344513893128,2025-04-21 18:17:01.497000,2025-04-21 18:17:20.641078,0 days 00:00:19.144078,0.4276123242819256,0.42263844277876966,8,0.19122456049861405,0.21162481164385782,0.011116693349588508,0.061015882034763776,0.006710522470885355,0.009043662136579108,1.2172266335470859e-05,6,80,0.06587649290231044,0.19314962893038684,True,False,False,9.686701813810783e-06,COMPLETE
219,0.43772871494293214,2025-04-21 18:17:20.710399,2025-04-21 18:17:39.127880,0 days 00:00:18.417481,0.490595293720815,0.3603058625295654,8,0.18098557719387534,0.2061617737621427,0.009403791114851382,0.06481858633316138,0.008196679300322479,0.009247043489873215,1.4926132892698259e-05,5,84,0.06052870914288824,0.21545704052569947,True,False,False,7.1942535984472015e-06,COMPLETE
220,0.4396702289581299,2025-04-21 18:17:39.207308,2025-04-21 18:17:57.078271,0 days 00:00:17.870963,0.3998889189018846,0.40239859226087377,8,0.18800114342869953,0.21866810206142387,0.00838177917485337,0.06334569540038042,0.011951326668011216,0.006519525120267681,1.1846942056103468e-05,5,91,0.06676203577243829,0.18981985891322795,False,False,False,2.383337359487361e-05,COMPLETE
221,0.4422747135162354,2025-04-21 18:17:57.147711,2025-04-21 18:18:16.397417,0 days 00:00:19.249706,0.09204104249702494,0.37615865709413754,8,0.17460456457740625,0.198940258857978,0.0044986852943868245,0.058533766301260254,0.005130786764878617,0.0038082986325583103,1.2292150069308226e-05,6,86,0.06948576548518152,0.2042052067615721,True,False,False,3.0391621420864986e-05,COMPLETE
222,0.44165718555450445,2025-04-21 18:18:16.468337,2025-04-21 18:18:35.475304,0 days 00:00:19.006967,0.4576515949594137,0.30751281257544505,8,0.17224490722103847,0.20714732428592672,0.006166337645647855,0.06626217179346587,0.002898252658362202,0.005170804535328848,1.200084246677163e-05,6,81,0.07098755896515381,0.20793843225042588,True,False,False,1.5390500181502448e-05,COMPLETE
223,0.5494559288024903,2025-04-21 18:18:35.545786,2025-04-21 18:18:55.579009,0 days 00:00:20.033223,0.4644841856215083,0.3488474399167814,8,0.18407059820677066,0.18945506666012576,0.008564140096526868,0.06653780812140177,0.00604268158260496,0.0013118531103393713,1.423483298060127e-05,7,85,0.06861748415790003,0.18120653071578902,True,False,False,1.8338386648651572e-05,COMPLETE
224,0.4436797857284546,2025-04-21 18:18:55.650521,2025-04-21 18:19:15.672036,0 days 00:00:20.021515,0.4718927232743197,0.4416735460707621,8,0.1824930144892449,0.21356481146267678,0.013142426233437293,0.06491974277270149,0.009960985123447582,0.001071332544675052,1.4947209285007592e-05,7,79,0.06829102974395194,0.1845710466666378,True,False,False,1.6906848180088448e-05,COMPLETE
225,0.43815666437149053,2025-04-21 18:19:15.743641,2025-04-21 18:19:33.899149,0 days 00:00:18.155508,0.5118281539756958,0.35475191613512846,8,0.1947752597212202,0.203916360766132,0.009038834760109377,0.06121392711952363,0.00720878282700615,0.008023801423855411,1.739769769694591e-05,5,74,0.06480845589995896,0.18912308518869822,True,False,False,2.6172760901797715e-05,COMPLETE
