number,value,datetime_start,datetime_complete,duration,params_alpha-eval,params_alpha-train,params_batch-size,params_eps-eval,params_eps-train,params_lambda-actions-eval,params_lambda-actions-train,params_lambda-frames-eval,params_lambda-frames-train,params_learning-rate,params_n-epochs,params_n-frames,params_radius-gw,params_rho,params_std-feats,params_ub-actions,params_ub-frames,params_weight-decay,state
1067,0.44518450498580936,2025-04-01 07:47:46.683390,2025-04-01 07:48:05.788574,0 days 00:00:19.105184,0.2270924318045069,0.7791008456977413,16,0.06578497132815167,0.23143372690507574,0.05540748478628692,0.005961954960568545,0.048624072928486,0.07618898474765798,0.00012026157294663812,11,139,0.06759511908983369,0.24411117291417322,True,False,True,3.347648665198528e-08,COMPLETE
1068,0.6190119981765747,2025-04-01 07:48:06.144335,2025-04-01 07:48:27.312065,0 days 00:00:21.167730,0.20372687882376717,0.7041604839133027,16,0.07022909109606347,0.23539139851272398,0.06980783794423688,0.008455592810203999,0.05101040333273121,0.08516054066524785,9.533340815309748e-05,12,143,0.07028599084035897,0.2496867364987571,True,False,False,7.6978154251599e-08,COMPLETE
1069,0.38183321952819826,2025-04-01 07:48:27.667960,2025-04-01 07:48:48.423410,0 days 00:00:20.755450,0.1638386051082963,0.7307859581648398,16,0.050017802927433706,0.24344118542792012,0.03141014610447732,0.0994754249345284,0.04656148725746377,0.08128944430604551,0.00018545973167470697,11,147,0.07303250435353989,0.1649352299526994,True,False,False,1.040376711149722e-07,COMPLETE
1070,0.5520524740219117,2025-04-01 07:48:48.777521,2025-04-01 07:49:07.571066,0 days 00:00:18.793545,0.2592309079919813,0.8082091772035144,16,0.05564367277152124,0.22397187960069487,0.033666208491216765,0.0032595167642275923,0.04664660964789994,0.0780723896331254,0.00013041843783460178,10,110,0.07657950661704675,0.23196417933952201,True,False,False,5.352962128718142e-08,COMPLETE
1071,0.4129404664039612,2025-04-01 07:49:07.932385,2025-04-01 07:49:31.807260,0 days 00:00:23.874875,0.1914107922989049,0.8772523808585326,8,0.06309894699830268,0.1685022406744609,0.02866795225863154,0.006420783780550842,0.04973667710943201,0.07255191159024671,0.00015849285713538915,12,150,0.07469380822465325,0.2573099708929893,False,False,False,2.6230423826980703e-08,COMPLETE
1072,0.5940994024276733,2025-04-01 07:49:32.169276,2025-04-01 07:49:52.972337,0 days 00:00:20.803061,0.14845479222526445,0.84641086961104,16,0.0744771487958866,0.21985812497238655,0.03622004535594127,0.008287184559452578,0.052146975524376554,0.07583736216137514,0.00025062106100068326,11,145,0.06364099408269806,0.2184403653195394,True,False,False,1.681360766676586e-08,COMPLETE
1073,0.614644992351532,2025-04-01 07:49:53.335365,2025-04-01 07:50:13.405534,0 days 00:00:20.070169,0.5318394658994732,0.7527641297598255,16,0.04770417809183488,0.22838109824081346,0.02641401775756708,0.0049387527301127014,0.044734204848199385,0.07014385367806743,0.00011118087147681918,10,141,0.07202357119684075,0.2394711795458739,True,False,False,1.2202286143988175e-08,COMPLETE
1074,0.5986197590827942,2025-04-01 07:50:13.766317,2025-04-01 07:50:34.038535,0 days 00:00:20.272218,0.21363991487741998,0.8217401247969307,16,0.059191393908135076,0.24965758147857192,0.032257406617694113,0.0010033287727947635,0.04639516745730355,0.08291624398701895,0.00021293867680047582,11,138,0.0689954923548836,0.22643187634994444,True,False,False,4.157947543410804e-08,COMPLETE
1075,0.42832702398300176,2025-04-01 07:50:34.399257,2025-04-01 07:50:52.540579,0 days 00:00:18.141322,0.24175973741117623,0.7910017606308729,16,0.08194036153907798,0.23677596414311408,0.051740817942695264,0.0027468530513347004,0.036256583580867585,0.07371934378027753,8.292149712475189e-05,7,143,0.07917737639734163,0.24878756863651016,True,False,False,6.381123541583008e-08,COMPLETE
1076,0.5427817702293396,2025-04-01 07:50:52.885175,2025-04-01 07:51:14.388597,0 days 00:00:21.503422,0.18210427546473526,0.7690432969888511,16,0.07061254484572514,0.2191158045067678,0.03756605809679188,0.0071469301011956796,0.047775890562897536,0.07858885491166344,0.00032439905753842233,12,147,0.07370780232355915,0.23578193907601913,True,False,False,1.0138431877580851e-08,COMPLETE
1077,0.6349454402923584,2025-04-01 07:51:14.745924,2025-04-01 07:51:34.998578,0 days 00:00:20.252654,0.20293698681602232,0.8606444567994767,16,0.044359702465529824,0.2527943221970885,0.030082960773194084,0.01743048022856704,0.05423266037843772,0.08100793323732293,0.00014408526541502355,11,135,0.07651047361975294,0.2410155302659879,True,False,False,1.2094401385781813e-07,COMPLETE
1078,0.2797684073448181,2025-04-01 07:51:35.356701,2025-04-01 07:51:53.498167,0 days 00:00:18.141466,0.2824915797988221,0.8312958081610018,16,0.05333459922085935,0.2280424412132364,0.03403553964925345,0.008725605541088092,0.05025111499309594,0.07571385283016568,0.00017661423347971192,10,145,0.06554474757897748,0.25466630699199383,True,True,False,3.091606198430541e-08,COMPLETE
1079,0.6286747813224793,2025-04-01 07:51:53.854491,2025-04-01 07:52:16.197303,0 days 00:00:22.342812,0.23157639970033653,0.8057317959149298,16,0.06187034905915878,0.1877854813068506,0.028028863005450058,0.005097477696379004,0.04430005300826183,0.06856339820184693,0.00012422132055183024,13,150,0.07088407921487405,0.2305092045375885,True,False,False,2.2158788521693034e-08,COMPLETE
1080,0.6250261664390564,2025-04-01 07:52:16.555286,2025-04-01 07:52:37.133859,0 days 00:00:20.578573,0.15908889875150828,0.7361520710098883,16,0.06818122191475705,0.24301321325210326,0.054190135400778265,0.009357636724240486,0.04824650851276527,0.07275932165959624,0.0001486995007283425,11,141,0.0748618270148363,0.2462102162171162,True,False,False,4.344540106146127e-08,COMPLETE
1081,0.42058740854263305,2025-04-01 07:52:37.495270,2025-04-01 07:52:59.066456,0 days 00:00:21.571186,0.1825705236885425,0.786085589986406,16,0.05626168755510874,0.2339888644475978,0.06160993534040169,0.0066213662959541605,0.03438890883104258,0.07861327578798766,0.00020288120961017687,12,147,0.07782114532421003,0.22247909056195064,True,False,False,7.869225082790718e-08,COMPLETE
1082,0.5108444333076477,2025-04-01 07:52:59.429568,2025-04-01 07:53:19.279394,0 days 00:00:19.849826,0.2598325485210714,0.8366248538753174,16,0.044690954860186066,0.22248271713850698,0.039614789909366836,0.0042951013535992575,0.03744429128908284,0.07489598672492966,0.025994485505768883,10,143,0.07225795143306224,0.26293889213794525,True,False,False,1.5064710145721523e-08,COMPLETE
1083,0.6115115284919739,2025-04-01 07:53:19.641688,2025-04-01 07:53:40.217204,0 days 00:00:20.575516,0.22096446845696882,0.7633465958119269,16,0.06355338632443973,0.21542014909596927,0.042577446526299426,0.0029037069944390613,0.04446467026842141,0.03238498095706117,7.033926696172003e-05,11,139,0.06950766495318318,0.2367893096285596,True,False,False,5.8165813463809106e-08,COMPLETE
1084,0.5847091555595398,2025-04-01 07:53:40.585240,2025-04-01 07:53:59.945411,0 days 00:00:19.360171,0.1412199208369838,0.5437966839375711,16,0.07655314466927043,0.23849599678983516,0.032341744527505836,0.019094850366644683,0.04619105226089539,0.07727710804907846,0.0001151609864296334,9,145,0.07359822665124041,0.2501359810113149,True,False,False,9.624053647504508e-08,COMPLETE
1085,0.429160225391388,2025-04-01 07:54:00.313088,2025-04-01 07:54:53.917817,0 days 00:00:53.604729,0.20186786025081788,0.8147652307209685,2,0.05089730239763457,0.22827563287323321,0.035066150173545856,0.006187916957715485,0.041187397876454694,0.08012703143365268,0.00016775568279390674,11,150,0.07591059064606226,0.21637954111707333,True,False,False,2.9221530476689024e-08,COMPLETE
1086,0.42763971090316777,2025-04-01 07:54:54.265268,2025-04-01 07:55:12.427792,0 days 00:00:18.162524,0.24501682380185494,0.8678921165928677,16,0.057535083700229694,0.2316944902205962,0.03070523284138465,0.009365568375755378,0.04907636986500681,0.07131482096494311,0.0001019996403021678,10,142,0.08125797843973492,0.24267423987167772,True,False,True,1.8389378960062633e-08,COMPLETE
1087,0.3631623268127442,2025-04-01 07:55:12.791246,2025-04-01 07:55:42.219367,0 days 00:00:29.428121,0.16391391025472085,0.7955481430089508,16,0.06960774293808922,0.15255791760849563,0.026149402318832792,0.01248512665016441,0.0520178245493748,0.0824682208501443,0.0002385223412223995,24,147,0.06765626275013724,0.22840449452763664,True,False,False,3.972566713403509e-08,COMPLETE
1088,0.35926975607872014,2025-04-01 07:55:42.580537,2025-04-01 07:56:03.400925,0 days 00:00:20.820388,0.21504365241477816,0.843409288374562,16,0.04156079006661865,0.17468657437625898,0.04961382591312369,0.008012347735737245,0.04344846932105964,0.0739800496511478,0.00013845284357052177,12,138,0.07144489385263532,0.20929080359968127,True,False,False,5.142774949480778e-08,COMPLETE
1089,0.44614243507385254,2025-04-01 07:56:03.765289,2025-04-01 07:56:24.650324,0 days 00:00:20.885035,0.1868523239418612,0.7748225348816679,16,0.0507636957866114,0.19711486042895046,0.05717706915890862,0.004580116240832328,0.055629490695935646,0.07708974436613401,8.89291687817408e-05,11,144,0.07851205717945914,0.25461310213107835,True,False,False,6.920234628886022e-08,COMPLETE
1090,0.5552824139595032,2025-04-01 07:56:25.010519,2025-04-01 07:56:46.253165,0 days 00:00:21.242646,0.22793466725623276,0.7161579262031943,16,0.0626928732074553,0.24546711940966326,0.02871827372496228,0.010165187059431443,0.047674170676021074,0.06950284257752337,0.0001893832080611487,12,148,0.07360095522766126,0.23697849516470273,True,False,False,1.2712075069418664e-08,COMPLETE
1091,0.4303182601928711,2025-04-01 07:56:46.616037,2025-04-01 07:57:03.458472,0 days 00:00:16.842435,0.26849012841733816,0.7439474145952214,16,0.08242452855351971,0.215523358876775,0.03597696969442512,0.0027632965324611175,0.039578641944581716,0.0861023741219471,0.00016123045489227825,8,136,0.07588064248576093,0.2457839291264544,False,False,False,2.396421053579571e-08,COMPLETE
1092,0.5315590381622315,2025-04-01 07:57:03.824675,2025-04-01 07:57:21.994757,0 days 00:00:18.170082,0.29903679441026376,0.813736601770682,16,0.05713082231546236,0.23651977189696266,0.03241248403984618,0.006750525353672023,0.0510386169332317,0.07926528522802859,0.00012497995747640746,10,84,0.07028801576005873,0.23151662989766097,True,False,False,1.1828475031278146e-07,COMPLETE
1093,0.4218323588371277,2025-04-01 07:57:22.359437,2025-04-01 07:57:46.758123,0 days 00:00:24.398686,0.13465503423485092,0.8811432932520229,8,0.15578792363765728,0.2265113103734322,0.052392375484322525,0.011555431898193195,0.04574820429532792,0.07524852915794733,0.00040618460407362714,11,140,0.07214192001055132,0.27100871943665616,True,False,False,3.820253107908579e-08,COMPLETE
1094,0.4296541452407837,2025-04-01 07:57:47.129002,2025-04-01 07:58:04.614700,0 days 00:00:17.485698,0.19319997305949316,0.7942634011006499,16,0.06805254051590191,0.22282555350395636,0.03785709406584853,0.01647294483248639,0.05330663310118613,0.0721389382110511,0.000277173718046818,11,26,0.07453722266607864,0.1847334731911864,True,False,False,1.6302302865719602e-08,COMPLETE
1095,0.2797684073448181,2025-04-01 07:58:04.982960,2025-04-01 07:58:24.157775,0 days 00:00:19.174815,0.1672037644249531,0.8555595114501134,16,0.07725378324348967,0.16121968919704754,0.029913507965086936,0.005248469215896766,0.04373583973597755,0.08070872284612722,0.00022210998027481148,12,145,0.07739344809211583,0.25785343702547275,True,True,False,2.983246103437168e-08,COMPLETE
1096,0.3788878083229065,2025-04-01 07:58:24.524048,2025-04-01 07:58:44.205725,0 days 00:00:19.681677,0.2089793303745204,0.8249591030219965,16,0.04362551528888086,0.21264635351114466,0.033430531970365863,0.00801878488983402,0.04190927160111078,0.07758655162891087,0.0001422512003365723,10,141,0.04571236200192178,0.22363474315831902,True,False,False,1.41639709126183e-07,COMPLETE
1097,0.4307187080383301,2025-04-01 07:58:44.558902,2025-04-01 07:59:03.830891,0 days 00:00:19.271989,0.24413121738219648,0.7619432507976888,16,0.004368548311202064,0.25240752141573397,0.04729032938138723,0.0031404504969208854,0.03218957957100556,0.08339811725893725,0.000106010113671617,9,148,0.08335692655380525,0.2426433386870853,True,False,False,4.623360845951426e-06,COMPLETE
1098,0.5676360845565797,2025-04-01 07:59:04.193299,2025-04-01 07:59:24.654818,0 days 00:00:20.461519,0.22063389069930203,0.7819129195769459,16,0.05227209071250269,0.2335085749938976,0.027956785685512096,0.014654818640556608,0.04977927099855029,0.07372468140364626,0.00018539116580967987,11,143,0.06864421391749732,0.24984948779246097,True,False,False,7.415003290803668e-08,COMPLETE
1099,0.5163533329963684,2025-04-01 07:59:25.016343,2025-04-01 07:59:46.113749,0 days 00:00:21.097406,0.18172130800522238,0.8095824613523591,16,0.0625180603520832,0.24226251044546207,0.03579074114968454,0.006175396176999467,0.03753077978146325,0.06851330652421724,8.490966587058691e-05,11,150,0.07308595627925164,0.23638966102408887,True,False,False,1.949056314556383e-08,COMPLETE
1100,0.6314096331596375,2025-04-01 07:59:46.480200,2025-04-01 08:00:07.782836,0 days 00:00:21.302636,0.1544053502120265,0.8335186885119839,16,0.07042501199490887,0.22209741320717163,0.031132565678289748,0.010268077515846385,0.04702314475622034,0.07637320242659391,0.0001597359404414513,12,145,0.07060273941543849,0.22741678137018448,True,False,False,1.2775889214703613e-08,COMPLETE
1101,0.45903480052948,2025-04-01 08:00:08.157512,2025-04-01 08:00:28.023881,0 days 00:00:19.866369,0.20165639132605948,0.7516305176386958,16,0.056953508016528806,0.18247091498777196,0.033351114173976695,0.004871935395825328,0.045202444441844604,0.07911439636002031,0.00012954362592321807,10,139,0.08011805201831845,0.24295568305398627,True,False,False,5.003134678398991e-08,COMPLETE
1102,0.44448668956756593,2025-04-01 08:00:28.385799,2025-04-01 08:00:49.274220,0 days 00:00:20.888421,0.5621754421902374,0.8584823515585576,16,0.048196980381396234,0.22876633097406066,0.05562826770531912,0.0081784059273034,0.04059326408557328,0.044464555620745784,0.00021302124917828882,11,147,0.07533658339594985,0.2531973873544648,True,False,False,9.522899421675172e-08,COMPLETE
1103,0.5742762684822083,2025-04-01 08:00:49.638958,2025-04-01 08:01:13.828357,0 days 00:00:24.189399,0.2393488856702659,0.8002297506968176,16,0.0638689770951479,0.21872000258574897,0.02672286216494891,0.0011613144976673423,0.04854906351135016,0.07115479346539959,0.0019130060654742249,17,135,0.06701659276350208,0.23389459623588604,True,False,False,3.5921392214635827e-08,COMPLETE
1104,0.6376295804977417,2025-04-01 08:01:14.198289,2025-04-01 08:01:36.165925,0 days 00:00:21.967636,0.1355576374827244,0.7800991626168301,16,0.039569300792949555,0.16785547278341906,0.025691608660894667,0.012254333565843465,0.03499339769194124,0.07486072687113039,0.00011198193810159234,13,142,0.07717974699249215,0.21707100151754416,True,False,False,6.310376924898624e-08,COMPLETE
1105,0.4397457599639893,2025-04-01 08:01:36.536880,2025-04-01 08:01:56.201824,0 days 00:00:19.664944,0.25674227501478386,0.8403522879405729,16,0.07379512505331597,0.21064651572704013,0.05029218272209919,0.01783757360504577,0.04307732547282904,0.08130345832428294,0.0001635540093680634,12,145,0.07208260338605287,0.2479036341308117,True,False,True,1.0322287071528437e-08,COMPLETE
1106,0.4187102556228638,2025-04-01 08:01:56.571580,2025-04-01 08:02:17.447063,0 days 00:00:20.875483,0.1772774262565473,0.8172212850277896,16,0.05366801508475775,0.24674937100424427,0.03480865526629327,0.00701551775650436,0.04597241198446799,0.07787591275161244,0.0001335989991122809,11,150,0.07386449653478247,0.26012067016830626,True,False,False,2.2841111625332077e-08,COMPLETE
1107,0.4243079543113709,2025-04-01 08:02:17.822264,2025-04-01 08:03:08.272568,0 days 00:00:50.450304,0.2299759633762819,0.8815616659664173,2,0.036536124547298,0.23964025091941413,0.05325250237439188,0.003982865850578783,0.050839437608623306,0.07363000651052962,9.470867228131191e-05,10,138,0.0619485944796951,0.19925912913244256,True,False,False,4.5087401767960546e-08,COMPLETE
1108,0.42839667797088626,2025-04-01 08:03:08.645807,2025-04-01 08:03:29.430257,0 days 00:00:20.784450,0.20250672305218426,0.7245977093056384,16,0.05980502748191259,0.22638759077128662,0.08776504221075487,0.010127535386972572,0.03910699925878472,0.07621527016853118,0.0014344497628771935,11,147,0.07072762401790772,0.23938253935363038,True,False,False,8.642919063892492e-08,COMPLETE
1109,0.5646235227584839,2025-04-01 08:03:29.810355,2025-04-01 08:03:49.819435,0 days 00:00:20.009080,0.1715142190491125,0.7635982377562116,16,0.0467922861132161,0.23225231285688347,0.03985901076877507,0.005822906403578584,0.041666963202719814,0.07073865746579447,0.00018815757451551355,10,142,0.07575648417008543,0.23170176439004617,True,False,False,2.8213685620593577e-08,COMPLETE
1110,0.5062016367912292,2025-04-01 08:03:50.171508,2025-04-01 08:04:11.419037,0 days 00:00:21.247529,0.21588130904236408,0.7954008714985144,16,0.06604578655931706,0.21821812552896325,0.02944327765813782,0.01410927579165355,0.05325912760119426,0.07956742071023443,0.0002875067929453903,12,144,0.07970319958899556,0.22208173050720612,True,False,False,1.5635048948542067e-08,COMPLETE
1111,0.43093304634094237,2025-04-01 08:04:11.788275,2025-04-01 08:04:30.107951,0 days 00:00:18.319676,0.14937025059511905,0.6771942013856601,16,0.08355752047762785,0.20556378689719673,0.0320076871474652,0.008598639677376499,0.04794865294280413,0.08451441256259083,0.0001499495071150391,11,147,0.0736324602854232,0.2467287991814254,False,False,False,5.233663757362331e-08,COMPLETE
1112,0.3823198080062866,2025-04-01 08:04:30.483123,2025-04-01 08:04:51.061342,0 days 00:00:20.578219,0.19120307489206512,0.18050770492920276,16,0.0729024583932383,0.23408288095391874,0.03663282889114804,0.00401137345689483,0.04430723016346477,0.06805772694237162,7.378309979426462e-05,11,140,0.06905898043563181,0.2397436539179266,True,False,False,7.018775930102221e-08,COMPLETE
1113,0.6000005722045899,2025-04-01 08:04:51.430078,2025-04-01 08:05:13.063872,0 days 00:00:21.633794,0.11278631266514294,0.8234884994200667,16,0.05425719388967637,0.22299802060396073,0.03130631039914031,0.007210800878561173,0.04954987972285904,0.07249145209815323,0.00023573453238513948,12,150,0.0659485527972118,0.25280325738737586,True,False,False,3.8165067148481484e-08,COMPLETE
1114,0.40108867883682253,2025-04-01 08:05:13.436893,2025-04-01 08:05:28.843376,0 days 00:00:15.406483,0.27957830961540503,0.8516765793889349,16,0.0610424898500967,0.23919491360351222,0.038104141053760594,0.0026304454371232806,0.028338848440307887,0.08199157532574752,0.00011430396697382154,10,16,0.07718822297034714,0.264597182537955,True,True,False,1.977424555348693e-08,COMPLETE
1115,0.3901405096054077,2025-04-01 08:05:29.215519,2025-04-01 08:05:53.516644,0 days 00:00:24.301125,0.25180915221728617,0.775434927938751,8,0.04210197204288153,0.24771605219619106,0.033768619652535435,0.009769381578977339,0.0461511780923678,0.07655195372694858,0.004740637204837691,11,136,0.09773131556757753,0.18939770516722731,True,False,False,1.1219694663898503e-07,COMPLETE
1116,0.5842798233032227,2025-04-01 08:05:53.888141,2025-04-01 08:06:13.115653,0 days 00:00:19.227512,0.22107846591818955,0.7460422153414852,16,0.047731875438577744,0.22851034633573977,0.043876323769109396,0.011639732412709419,0.0419792308855074,0.07993802897813766,0.00018561652343322666,9,143,0.07146363257814185,0.22676454456899642,True,False,False,1.190942100706537e-08,COMPLETE
1117,0.5384152173995972,2025-04-01 08:06:13.491137,2025-04-01 08:06:34.259434,0 days 00:00:20.768297,0.19745156111090903,0.8151736240631884,16,0.06748572389870604,0.1777530834504005,0.059223740260623534,0.0010484072841041858,0.03649261836907094,0.07836156188105377,5.724070125544816e-05,11,145,0.07462222347864572,0.23342211159605744,True,False,False,5.641585395071577e-08,COMPLETE
1118,0.6373679518699646,2025-04-01 08:06:34.634083,2025-04-01 08:06:55.966216,0 days 00:00:21.332133,0.2356337170877907,0.7939792638795089,16,0.07764756044560629,0.21613775486330586,0.02683966645615012,0.0050998055015439745,0.043964047972938215,0.07482665927608713,0.00012942116124370055,12,140,0.07269381336062665,0.24346096075906173,True,False,False,3.046018668982366e-08,COMPLETE
1119,0.40523122549057006,2025-04-01 08:06:56.342060,2025-04-01 08:07:16.460053,0 days 00:00:20.117993,0.1646769229687719,0.8370776417058651,16,0.03665808438967776,0.25281798426082924,0.028907343744944074,0.007620631442280389,0.05112792468284438,0.06943088816450527,0.0001663599588454156,10,147,0.07882069796043872,0.2118985177976847,True,False,False,1.4439325401183056e-08,COMPLETE
1120,0.5758159399032593,2025-04-01 08:07:16.836249,2025-04-01 08:07:37.763375,0 days 00:00:20.927126,0.18327281232728598,0.8623776015903715,16,0.05706327931973022,0.22550349190286947,0.03541072870283883,0.016441223683309837,0.05529242536509449,0.06674177763503962,9.67715338049545e-05,11,144,0.0693525372121462,0.25069197614830047,True,False,False,1.3585400274978033e-07,COMPLETE
1121,0.4329870820045471,2025-04-01 08:07:38.138308,2025-04-01 08:07:56.432819,0 days 00:00:18.294511,0.13042004610957655,0.7727130629704061,16,0.05032077244506644,0.1916940531057639,0.05180053872379484,0.005480237500750874,0.03970834702905805,0.07228775123895972,0.00013999171824880818,12,5,0.07481512621389068,0.2407433937205889,True,False,False,4.7138081198675155e-08,COMPLETE
1122,0.6170323848724366,2025-04-01 08:07:56.808771,2025-04-01 08:08:16.804443,0 days 00:00:19.995672,0.20971806147963412,0.7980471066500698,16,0.06698608791365836,0.23307521013289714,0.03147163655008412,0.01936413379086009,0.0476277280643217,0.07711149670098334,0.00021069730064629042,10,148,0.07175319128164959,0.25696040256743,True,False,False,2.403544892146251e-08,COMPLETE
