number,value,datetime_start,datetime_complete,duration,params_alpha-eval,params_alpha-train,params_batch-size,params_eps-eval,params_eps-train,params_lambda-actions-eval,params_lambda-actions-train,params_lambda-frames-eval,params_lambda-frames-train,params_learning-rate,params_n-epochs,params_n-frames,params_radius-gw,params_rho,params_std-feats,params_ub-actions,params_ub-frames,params_weight-decay,state
1123,0.5603543519973755,2025-04-01 08:08:17.185412,2025-04-01 08:08:44.435659,0 days 00:00:27.250247,0.15206303155085993,0.7537258383694186,16,0.06159755150330965,0.24237177440221677,0.04113123943362629,0.009240729008723372,0.04524608487170829,0.08285720104164346,0.00011169671856592323,22,138,0.07650562162814688,0.22836836699351176,True,False,False,3.45222013026466e-07,COMPLETE
1124,0.614822268486023,2025-04-01 08:08:44.822125,2025-04-01 08:09:06.791860,0 days 00:00:21.969735,0.26597089058814616,0.6944030962407385,16,0.07263593523151224,0.2100663835756229,0.04622838130234316,0.0032086574894615136,0.05259929165690089,0.07487658549141238,0.00015746519642725822,13,142,0.07358243817019432,0.23746176021019644,True,False,False,1.0663334805811021e-05,COMPLETE
1125,0.4378690242767334,2025-04-01 08:09:07.170042,2025-04-01 08:09:26.198279,0 days 00:00:19.028237,0.09491699093108998,0.8193457389077332,16,0.05161562480856239,0.22048795699530602,0.025541431042950064,0.006758683642052399,0.030814288817174854,0.08002249055811685,0.000194733297700507,11,150,0.06994545592282628,0.24738181027415035,True,False,True,8.607575464741229e-08,COMPLETE
1126,0.3918391644954682,2025-04-01 08:09:26.559820,2025-04-01 08:09:46.846010,0 days 00:00:20.286190,0.23165414031764583,0.8820028753538381,16,0.042849753117131295,0.2360097178191052,0.033551859952110095,0.013721927176623273,0.04881607517534215,0.07048670308300653,0.00013213851960697107,10,147,0.07759084040101735,0.024382613849029622,True,False,False,3.542889201534305e-08,COMPLETE
1127,0.5838973641395568,2025-04-01 08:09:47.218583,2025-04-01 08:10:07.529851,0 days 00:00:20.311268,0.19908282353667517,0.8381660161494282,16,0.058269529952013545,0.21587476319366372,0.048339581471047666,0.012275174352870677,0.037956988313216186,0.07813045928380091,0.007209116839924086,11,135,0.06722214833974575,0.22286411869600403,True,False,False,6.441829468342167e-08,COMPLETE
1128,0.39945441484451294,2025-04-01 08:10:07.905370,2025-04-01 08:10:29.042853,0 days 00:00:21.137483,0.1725328594776516,0.7818109519982754,16,0.034751888294316566,0.22679040267551126,0.05467042940296424,0.008769109461248824,0.04209635634763696,0.07302959325118605,0.0027998840782858933,12,145,0.07243010953927852,0.0010578877057820235,True,False,False,1.6676742629427239e-07,COMPLETE
1129,0.4388001084327698,2025-04-01 08:10:29.418809,2025-04-01 08:10:47.800725,0 days 00:00:18.381916,0.2498388097613777,0.7337638619085132,16,0.06688562922117033,0.17130883381338363,0.02955084299288792,0.004954923914617012,0.034020307519279806,0.07656232365695562,0.00026976783789898795,11,141,0.0807840937297415,0.23320614155540356,False,False,False,1.8808148297699725e-08,COMPLETE
1130,0.37542474269866943,2025-04-01 08:10:48.177423,2025-04-01 08:11:09.687378,0 days 00:00:21.509955,0.21954768586922901,0.8114063336233915,16,0.0773874737630208,0.2311727461837285,0.03764145194709893,0.0027494755876870773,0.04698891158038157,0.08059332603445886,8.827803112037461e-05,12,143,0.07578316132100414,0.09996229440905058,True,False,False,4.3767798620655657e-08,COMPLETE
1131,0.4360508799552918,2025-04-01 08:11:10.059433,2025-04-01 08:12:03.721723,0 days 00:00:53.662290,0.29249921963813297,0.09736662656583384,2,0.0466020747154917,0.159518672997055,0.028209923472106574,0.0068143373624521275,0.0435666231509567,0.07478355310010898,0.00016737820970442614,11,138,0.07430102568393136,0.2577191512350591,True,False,False,1.3892373893031506e-08,COMPLETE
1132,0.2797684073448181,2025-04-01 08:12:04.096644,2025-04-01 08:12:22.380386,0 days 00:00:18.283742,0.12013833321021139,0.8618411125207284,16,0.05539692136705064,0.20078815691330584,0.034432066545013275,0.010446195333352067,0.04028246305859598,0.07866712876689927,0.00011462054377358715,10,147,0.07054430458965438,0.21678087389671605,True,True,False,1.0448495732460078e-07,COMPLETE
1133,0.5331308007240296,2025-04-01 08:12:22.763893,2025-04-01 08:12:40.654372,0 days 00:00:17.890479,0.18514688692747683,0.7970778458260389,16,0.06323986913790142,0.22117878476041963,0.08096645363410569,0.004542422304699645,0.05015048859678612,0.08372333414752468,0.0002320973749840906,9,88,0.07569440925677083,0.2449774249503027,True,False,False,6.5299071840548705e-06,COMPLETE
1134,0.4039760231971741,2025-04-01 08:12:41.028836,2025-04-01 08:13:02.736009,0 days 00:00:21.707173,0.1444291756674674,0.7584127662303539,16,0.07030671124886255,0.24218934570665504,0.03220208900818479,0.015112203074711082,0.045748359801601975,0.07145193662568393,0.049092296910649924,12,150,0.07830431236246851,0.2372067365459925,True,False,False,2.5785483583954725e-08,COMPLETE
1135,0.604792594909668,2025-04-01 08:13:03.115856,2025-04-01 08:13:23.962590,0 days 00:00:20.846734,0.21160550455830246,0.8324416722100859,16,0.03960098179425672,0.21034862617106334,0.03019180380474672,0.008008125052754339,0.04763641045666731,0.08170570222058686,0.00014025391996669875,11,145,0.06844810283739879,0.2513902950783248,True,False,False,6.148514544248834e-08,COMPLETE
1136,0.5410473704338074,2025-04-01 08:13:24.339201,2025-04-01 08:13:43.952172,0 days 00:00:19.612971,0.16999397799954866,0.7807583417179622,16,0.012933548249730656,0.2542623353000051,0.050603124267019496,0.011132189701702652,0.04410538706016915,0.0685830922758468,0.00018432321755494302,10,141,0.07232660854041521,0.22810832637754183,True,False,False,1.2018094571299992e-08,COMPLETE
1137,0.2797684073448181,2025-04-01 08:13:44.327672,2025-04-01 08:14:10.254024,0 days 00:00:25.926352,0.23273632466209718,0.8152449803080082,8,0.05227755739791105,0.02641506967392014,0.025609528675728653,0.0061343484278334635,0.04160989462135002,0.07589728152424,0.0003396302683491834,13,145,0.08248106007981494,0.24182603905754313,True,False,False,3.386507246944462e-08,COMPLETE
1138,0.6253540754318238,2025-04-01 08:14:10.636532,2025-04-01 08:14:31.360353,0 days 00:00:20.723821,0.19884936545619794,0.7162898139409472,16,0.08451304389946906,0.24736625388150113,0.0323715864188901,0.009236456674733625,0.05240042967934807,0.073479631664128,0.0001034973460686568,11,139,0.07329568360764992,0.23261136742349106,True,False,False,1.750652498303464e-08,COMPLETE
1139,0.5402570366859436,2025-04-01 08:14:31.742202,2025-04-01 08:14:53.144029,0 days 00:00:21.401827,0.260368036564388,0.8531234712539605,16,0.0600262845490427,0.23623293989256558,0.05725821288945319,0.03205815614531371,0.04907714771791953,0.08663857485376135,0.00015524619758119926,12,148,0.07076519010243437,0.22005262788339178,True,False,False,7.558130637703471e-08,COMPLETE
1140,0.5735214710235597,2025-04-01 08:14:53.525411,2025-04-01 08:15:14.248026,0 days 00:00:20.722615,0.15006340878762855,0.8788797724591826,16,0.045259082078821636,0.05931021186769604,0.03620548201595522,0.0030357045715287464,0.038304051071985194,0.07793162868095202,7.748990037384624e-05,11,142,0.07583023976861432,0.2622916355819172,True,False,False,4.6175243581884883e-08,COMPLETE
1141,0.3921428620815277,2025-04-01 08:15:14.629112,2025-04-01 08:15:34.795414,0 days 00:00:20.166302,0.09451092626013238,0.7750729485443206,16,0.06678019678331394,0.2236081627433112,0.06376348250404662,0.017095937770615955,0.054666713704576146,0.07017954794502028,0.00012710261103295406,10,150,0.07354995322722255,0.1286163911627143,True,False,False,2.9100036937854484e-08,COMPLETE
1142,0.39244946241378786,2025-04-01 08:15:35.176971,2025-04-01 08:15:55.757242,0 days 00:00:20.580271,0.18713052133237038,0.8023833952418475,16,0.05606703908866828,0.2268500423986391,0.07733648192579373,0.005678744328719824,0.04603058502596671,0.07563755846577698,0.00022389366810598183,11,145,0.04096038130318815,0.24689988308948232,True,False,False,1.017918883322802e-08,COMPLETE
1143,0.44767112731933595,2025-04-01 08:15:56.139793,2025-04-01 08:16:18.379076,0 days 00:00:22.239283,0.23498675591116794,0.8318795434161922,16,0.035814942119154765,0.21623971953493978,0.030008575924607813,0.01312376203797241,0.042773569592002375,0.08070302537655406,0.00018752332786963423,20,107,0.07896400314246747,0.25194835054880643,True,False,True,2.6630033432832425e-07,COMPLETE
1144,0.5913223624229431,2025-04-01 08:16:18.765082,2025-04-01 08:16:37.195481,0 days 00:00:18.430399,0.21199945721332095,0.7416075107958555,16,0.07430725035201344,0.16689005748638883,0.027279166530134468,0.007525018463546045,0.026272440703436296,0.06686321663698747,0.00015293967407143712,8,135,0.06883180274093041,0.2678335285544032,True,False,False,9.038833471119224e-08,COMPLETE
1145,0.5739495754241943,2025-04-01 08:16:37.579902,2025-04-01 08:16:58.667957,0 days 00:00:21.088055,0.45754527920098254,0.7654663745860301,16,0.06193532180168752,0.23976030737657356,0.0526876014188477,0.002431135884531037,0.032719872762429304,0.07284256918991372,0.013308268106260762,12,142,0.07178184238124981,0.23786581743331875,True,False,False,4.0647621194270684e-07,COMPLETE
1146,0.4081342935562134,2025-04-01 08:16:59.050626,2025-04-01 08:17:19.289193,0 days 00:00:20.238567,0.12822949853196344,0.7930565836641295,16,0.05032187058541214,0.23381652798413607,0.039115781199582256,0.004491643942853361,0.05672346194194322,0.07801019569489871,9.739830046678578e-05,10,147,0.07722869665166496,0.2274294906484914,True,False,False,5.1832855979215855e-08,COMPLETE
1147,0.43270540237426763,2025-04-01 08:17:19.674097,2025-04-01 08:17:40.258370,0 days 00:00:20.584273,0.1643414255371186,0.8188081301135032,16,0.04409023776132609,0.2215403331484844,0.03446412305978941,0.011382134957449198,0.03604818188845301,0.07951887238674736,0.00012454262500624291,11,137,0.07484244156592694,0.25663231579907586,True,False,False,1.518914135024592e-08,COMPLETE
1148,0.42075783014297485,2025-04-01 08:17:40.627391,2025-04-01 08:17:59.210733,0 days 00:00:18.583342,0.2481239677745859,0.8432992739537513,16,0.021316701555477637,0.1848336056394594,0.024944067515224523,0.00815811908680609,0.0401272253273432,0.07424733797226336,0.0001770620565334308,12,144,0.06498560243956013,0.15258370819627504,False,False,False,1.347766376150326e-07,COMPLETE
1149,0.5903563261032105,2025-04-01 08:17:59.598144,2025-04-01 08:18:46.523389,0 days 00:00:46.925245,0.20133605335688046,0.8028471854439762,2,0.06988600941168097,0.23005814075182096,0.03189604447641084,0.005832921584705452,0.05023167673182757,0.07645525045852156,0.000261219764679896,9,140,0.07038347455355076,0.2436690565850306,True,False,False,2.0690655078687523e-08,COMPLETE
1150,0.5884517788887025,2025-04-01 08:18:46.902959,2025-04-01 08:19:07.815282,0 days 00:00:20.912323,0.27732489368061514,0.8626231316220165,16,0.11671581803677726,0.2078525156274749,0.027927501412455206,0.019612061144950146,0.04455590700338882,0.08233455346686842,6.547447838140768e-05,11,147,0.07351349721909536,0.23437996765802888,True,False,False,1.001602456568963e-08,COMPLETE
1151,0.2797684073448181,2025-04-01 08:19:08.198971,2025-04-01 08:19:24.734048,0 days 00:00:16.535077,0.110879155679987,0.7642496306760864,16,0.0791588748965353,0.244905102849198,0.05462860179104776,0.009628961992499642,0.0479440852300325,0.06458119624422322,0.00014427848953805356,10,99,0.08544376820181088,0.24747162625879604,True,True,False,3.3720930138837813e-06,COMPLETE
1152,0.5909064173698425,2025-04-01 08:19:25.114448,2025-04-01 08:19:46.046701,0 days 00:00:20.932253,0.22143041387844267,0.7809119513371038,16,0.05537036671570229,0.2154918696540222,0.03732512619608578,0.0029362198344393227,0.05158778506654224,0.0719695730080979,0.00011534328464080287,11,150,0.07617433022392199,0.222668605269165,True,False,False,4.03596219944645e-08,COMPLETE
1153,0.5932792901992798,2025-04-01 08:19:46.428424,2025-04-01 08:20:06.638056,0 days 00:00:20.209632,0.18624356261397762,0.8288683548770318,16,0.06420609075287408,0.22923998766019485,0.03465379229711364,0.0071960027716525795,0.04612507542872854,0.0849478410819044,0.0002062368247888242,12,117,0.08025709756099439,0.21162858415876457,True,False,False,5.7486643000041054e-08,COMPLETE
1154,0.5543560147285461,2025-04-01 08:20:07.020422,2025-04-01 08:20:26.863227,0 days 00:00:19.842805,0.23415238011917489,0.7308954101064148,16,0.03204733621511579,0.139495322040614,0.030051895710262237,0.014837424880021599,0.042392178580604116,0.06950542632971304,0.0001618328517582597,10,144,0.008264073970657683,0.24197484440092407,True,False,False,7.493311895715001e-08,COMPLETE
1155,0.3566843867301941,2025-04-01 08:20:27.249680,2025-04-01 08:20:47.682869,0 days 00:00:20.433189,0.15465429236211511,0.8467501143888488,16,0.039906938117118526,0.23810216314309665,0.03273254767524187,0.004343385917811657,0.04041688518532544,0.07902455919968092,9.670917884133821e-05,11,140,0.06733554096655979,0.23114057144342753,True,False,False,2.5422172189664523e-08,COMPLETE
1156,0.595530891418457,2025-04-01 08:20:48.066661,2025-04-01 08:21:08.880334,0 days 00:00:20.813673,0.17620184213149048,0.8049077390263205,16,0.0561447592031295,0.15157920185815044,0.07188674456244781,0.008967529157659556,0.044357706992909814,0.07671692290865219,0.00012369847192026504,11,147,0.07138887483565827,0.23763146721771214,True,False,False,1.8207479601029743e-07,COMPLETE
1157,0.36797506809234626,2025-04-01 08:21:09.264308,2025-04-01 08:21:30.977998,0 days 00:00:21.713690,0.20781577245612848,0.7541250127661682,16,0.04906052851204987,0.17645767025652861,0.04879193161465436,0.012004022934647123,0.04937529430598561,0.07386408479002729,0.00020447412427316701,13,143,0.04863176891185403,0.25385778007054405,True,False,False,1.047249018546165e-07,COMPLETE
1158,0.45318102836608887,2025-04-01 08:21:31.360475,2025-04-01 08:21:54.733636,0 days 00:00:23.373161,0.8492700668224328,0.876741559906065,8,0.07147673415049063,0.22134061371030628,0.035612749577315736,0.0010552660053832607,0.03760138984224357,0.08031341153834472,0.0004747977897797487,10,138,0.07487168154607539,0.22607608090434736,True,False,False,3.551844877142467e-08,COMPLETE
1159,0.4266639232635498,2025-04-01 08:21:55.118424,2025-04-01 08:22:16.098319,0 days 00:00:20.979895,0.2543251068419073,0.5783896231074778,16,0.06136638516743146,0.24835219966962876,0.03109552161935463,0.006238735992504839,0.047509712760661515,0.046024577485151874,0.000144767748164703,11,147,0.07742144495528692,0.24996826453226095,True,False,False,3.0031709115980554e-07,COMPLETE
1160,0.5324016690254212,2025-04-01 08:22:16.483250,2025-04-01 08:22:35.452651,0 days 00:00:18.969401,0.19571183193230207,0.7836339022128272,16,0.04727916801339588,0.21149343953574287,0.02820441366010915,0.017938149975907668,0.05256014881650627,0.06750558349927603,0.00017075791695266978,12,80,0.07224406591603438,0.20476669832959393,True,False,False,1.4552082247208863e-08,COMPLETE
1161,0.4378808379173279,2025-04-01 08:22:35.837167,2025-04-01 08:22:54.766244,0 days 00:00:18.929077,0.13649055787163325,0.8267779661250154,16,0.16239790887886663,0.2545050870594094,0.05190237903602037,0.004321468724558301,0.04582073081479385,0.0713530635713059,8.111206932961398e-05,11,143,0.07391451957476983,0.2612008546349174,True,False,True,4.5225640716233163e-07,COMPLETE
1162,0.561953341960907,2025-04-01 08:22:55.161391,2025-04-01 08:23:15.242700,0 days 00:00:20.081309,0.2146713098961968,0.7973104247351126,16,0.06597117331210754,0.22543509503339076,0.025162871324792085,0.009658556073061538,0.0427167456885531,0.07463759918884066,0.00023063283698824893,10,150,0.06936519780601953,0.23990506176073503,True,False,False,1.5912291562285728e-05,COMPLETE
1163,0.45123642683029175,2025-04-01 08:23:15.614863,2025-04-01 08:23:36.780796,0 days 00:00:21.165933,0.1734891377751963,0.85091613944525,16,0.02503753004033185,0.20427462199773277,0.03925749194742036,0.007191609773377601,0.05404283844728974,0.07771448312247856,0.00011141929516216131,12,135,0.07798207802711803,0.23276043248652234,True,False,False,6.600129802562791e-08,COMPLETE
1164,0.6440417170524597,2025-04-01 08:23:37.152577,2025-04-01 08:23:57.680897,0 days 00:00:20.528320,0.09868494513989395,0.8111148862802624,16,0.07687078313452345,0.2312109440121826,0.03361167775528469,0.014042456245891522,0.04817348571051427,0.0821530849969871,0.0001371963038943485,11,141,0.07173604475573857,0.24597156524408098,True,False,False,2.992779617711227e-08,COMPLETE
1165,0.6049295783042907,2025-04-01 08:23:58.052300,2025-04-01 08:24:18.613097,0 days 00:00:20.560797,0.08968368227594697,0.7719647006281154,16,0.08662148323505454,0.23728284227160085,0.03668176048451817,0.015112219974792094,0.05072648957646616,0.08632644809787599,9.694408931681539e-05,11,145,0.06681431039377152,0.24747388921616936,True,False,False,2.1643838117341744e-08,COMPLETE
1166,0.4230465292930603,2025-04-01 08:24:18.996315,2025-04-01 08:24:37.454516,0 days 00:00:18.458201,0.09702269503705331,0.7890157066947157,16,0.07832819990981192,0.23174870764570227,0.03380203253038371,0.012332562449581728,0.04916809424432685,0.08444662384303252,0.00011959873748812878,11,147,0.07018141067665334,0.25590877247909855,False,False,False,1.868214041189284e-08,COMPLETE
1167,0.57122300863266,2025-04-01 08:24:37.832217,2025-04-01 08:24:58.320842,0 days 00:00:20.488625,0.12722048153859933,0.7518341317684734,16,0.08227062072258688,0.22914265632333394,0.04124512882974825,0.01578068803263094,0.05153297711618342,0.08351004544345435,8.68593337890375e-05,11,142,0.06833166662013478,0.24505296262793347,True,False,False,1.744367706450702e-08,COMPLETE
1168,0.6361822605133057,2025-04-01 08:24:58.695648,2025-04-01 08:25:20.387193,0 days 00:00:21.691545,0.11197901723487722,0.8078727189884907,16,0.08372649589742526,0.23994232409088984,0.05547509484673765,0.014326675683896749,0.0480677344553983,0.08269960504514212,0.00013719253438547083,12,145,0.07087182846423418,0.25148007366018116,True,False,False,2.1043040818273745e-08,COMPLETE
1169,0.6515321731567383,2025-04-01 08:25:20.760957,2025-04-01 08:25:41.545270,0 days 00:00:20.784313,0.0982143195519361,0.7815487991635771,16,0.07621896753179516,0.23381287663507047,0.029509460474362953,0.013640956242191755,0.05037923211048037,0.08497503458241533,0.00010839171167315842,11,148,0.06894878342154058,0.24229185649272675,True,False,False,2.842010739338776e-08,COMPLETE
1170,0.5819972634315491,2025-04-01 08:25:41.921449,2025-04-01 08:26:02.539515,0 days 00:00:20.618066,0.10394559692811453,0.7163005045891562,16,0.08364504006571691,0.243330201853533,0.025349300115425796,0.01713239574414877,0.052734076606059735,0.08906581119352422,5.0391065250828435e-05,11,141,0.0669638065115436,0.23940303771154947,True,False,False,2.79876748313461e-08,COMPLETE
1171,0.2797684073448181,2025-04-01 08:26:02.914850,2025-04-01 08:26:21.375967,0 days 00:00:18.461117,0.08621309031819452,0.7346724787849089,16,0.08623784028952033,0.23702667655569842,0.030011956945656976,0.014608159968239559,0.05449148726871274,0.08377865593381079,7.341395057489539e-05,11,142,0.06858547454427665,0.2417719987785405,True,True,False,3.1788742418921464e-08,COMPLETE
1172,0.35072281360626223,2025-04-01 08:26:21.756963,2025-04-01 08:27:18.990932,0 days 00:00:57.233969,0.08734109458960358,0.7653685018924478,2,0.08086646332196815,0.23465048558459575,0.025739220447252787,0.01379018161317503,0.049479633446127776,0.08592906111357478,6.70832699925311e-05,12,145,0.0683188407712906,0.2366848404420801,True,False,False,2.8254618480273555e-08,COMPLETE
1173,0.570189929008484,2025-04-01 08:27:19.375499,2025-04-01 08:27:40.392947,0 days 00:00:21.017448,0.09080907643132322,0.78063771386251,16,0.0770592651591845,0.2453380144193423,0.059990457704358305,0.01747327325742163,0.05635247962055676,0.08778423723105552,8.239516347774215e-05,12,140,0.06453639520792903,0.2437643502469398,True,False,False,3.167102904083471e-08,COMPLETE
1174,0.6463311910629272,2025-04-01 08:27:40.774379,2025-04-01 08:28:01.350169,0 days 00:00:20.575790,0.10396670986560529,0.7446204764354244,16,0.0763682106681892,0.24135849106446725,0.06606246873995796,0.015701834505527524,0.04777424571050601,0.08734753637313389,0.00010227314915571416,11,144,0.06979973216424283,0.2360366240527173,True,False,False,2.8407882000763313e-08,COMPLETE
1175,0.38205560445785525,2025-04-01 08:28:01.731588,2025-04-01 08:28:22.356643,0 days 00:00:20.625055,0.09057257048261838,0.7328206052904553,16,0.08505988302005163,0.2455692700684447,0.08883067095900916,0.019460532949287773,0.05059326471649312,0.09079891011419834,8.339145647774844e-05,11,138,0.06510668879056018,0.23305885773658327,True,False,False,3.050429704496208e-08,COMPLETE
1176,0.576631510257721,2025-04-01 08:28:22.740014,2025-04-01 08:28:42.337933,0 days 00:00:19.597919,0.10865216223309448,0.7428392486558516,16,0.08861005683859309,0.2504574876838469,0.06798231165879182,0.0201451938943869,0.04806161124803909,0.08381108893498186,7.217965844195566e-05,10,141,0.06610352670614297,0.23376121784280968,True,False,False,3.635321973619717e-08,COMPLETE
1177,0.36433523893356323,2025-04-01 08:28:42.717864,2025-04-01 08:29:03.195056,0 days 00:00:20.477192,0.10253175968459755,0.703727130563874,16,0.0776545639453844,0.24181239478272817,0.027423861139113798,0.018201625740544895,0.05085708838281763,0.0870518781317386,6.249667376469081e-05,11,143,0.0638707090400834,0.236250300460597,True,False,False,2.4780177747665164e-08,COMPLETE
1178,0.34832468032836916,2025-04-01 08:29:03.574968,2025-04-01 08:29:24.518536,0 days 00:00:20.943568,0.08428168660846483,0.702845906765498,16,0.07780128656197864,0.2519489756491332,0.053426236336629004,0.015171489804366287,0.04678387912375773,0.08925474720106516,7.698138198293762e-05,12,136,0.06278769208608799,0.22931225680426917,True,False,False,3.653089990866088e-08,COMPLETE
