number,value,datetime_start,datetime_complete,duration,params_alpha-eval,params_alpha-train,params_batch-size,params_eps-eval,params_eps-train,params_lambda-actions-eval,params_lambda-actions-train,params_lambda-frames-eval,params_lambda-frames-train,params_learning-rate,params_n-epochs,params_n-frames,params_radius-gw,params_rho,params_std-feats,params_ub-actions,params_ub-frames,params_weight-decay,state
511,0.5685866355895997,2025-04-21 20:03:37.131958,2025-04-21 20:03:58.063780,0 days 00:00:20.931822,0.702578616384107,0.5736732207297656,8,0.030862510575768744,0.26372924442277945,0.0999551520656181,0.015552821134990229,0.07061084510154367,0.042718015008643216,1.0098957714139192e-05,8,88,0.02996114549544167,0.1949848230995971,True,False,False,1.6921730875200322e-06,COMPLETE
512,0.5377662181854248,2025-04-21 20:03:58.220536,2025-04-21 20:04:20.791168,0 days 00:00:22.570632,0.9770131088817258,0.5254979291268809,8,0.036698089523752,0.24764953380327304,0.08094654252543299,0.03716678805285293,0.05226323486402613,0.049840912078062106,1.3998371805740881e-05,10,92,0.022170280262234845,0.20001635060537284,True,False,False,1.1872784054911183e-06,COMPLETE
513,0.44633263349533087,2025-04-21 20:04:20.960545,2025-04-21 20:04:44.376859,0 days 00:00:23.416314,0.7509167877316079,0.5850746507231046,8,0.047818476536453325,0.25733687784780196,0.0930031542677323,0.04334584513278042,0.0671191201183581,0.04795365073879483,1.2123592892587455e-05,11,84,0.026724028930474427,0.19044006863364057,True,False,False,3.870387234073552e-06,COMPLETE
514,0.28527799844741825,2025-04-21 20:04:44.535175,2025-04-21 20:05:06.081738,0 days 00:00:21.546563,0.6774712968990878,0.6321235674803212,8,0.01885292959409696,0.29129602030278734,0.09025684371058057,0.02286376847622822,0.07956955911077773,0.052219518288342696,1.717202747043062e-05,12,89,0.005443733315848041,0.20703490432201815,True,True,False,2.076074360655078e-06,COMPLETE
515,0.4410230875015259,2025-04-21 20:05:06.252903,2025-04-21 20:05:28.080896,0 days 00:00:21.827993,0.8733821001860254,0.553300002528756,8,0.02633430053608382,0.24062441510125815,0.08907319120206161,0.03333660311704425,0.07387783608732539,0.04584863605633974,1.0016293318171508e-05,9,94,0.03571460980796065,0.2676044249538122,True,False,False,9.328562360446782e-07,COMPLETE
516,0.5362218379974366,2025-04-21 20:05:28.239710,2025-04-21 20:05:50.598245,0 days 00:00:22.358535,0.6570556650449718,0.5214096864902029,8,0.01236717377520401,0.2688515116943995,0.09761199058612179,0.039842867180158614,0.08654947695108078,0.05001073259966568,1.4378557179883009e-05,10,87,0.03170919019464874,0.18464601605499797,True,False,False,1.4142343627858762e-06,COMPLETE
517,0.43693344593048095,2025-04-21 20:05:50.759259,2025-04-21 20:06:12.475404,0 days 00:00:21.716145,0.775193012573081,0.6020779254960433,8,0.03397612945332862,0.28096772179542245,0.08487946749670604,0.03692737559028045,0.07439529726187637,0.05238886811350124,1.2717048304303422e-05,8,131,0.028655494389390492,0.19631258823894077,True,False,False,1.126791465210418e-06,COMPLETE
518,0.5181641817092896,2025-04-21 20:06:12.645892,2025-04-21 20:06:33.748070,0 days 00:00:21.102178,0.7116360691703818,0.5685615582373195,8,0.04149306141338297,0.2539558642023028,0.09507657787361704,0.03515636872303079,0.07141677673696752,0.04861958325825178,1.6838761633212448e-05,8,91,0.013542743540524885,0.21099127802426174,True,False,False,0.00014306037415217,COMPLETE
519,0.3828857660293579,2025-04-21 20:06:33.907881,2025-04-21 20:06:55.164813,0 days 00:00:21.256932,0.6907722174221159,0.5437608172263064,8,0.0005564658596091555,0.26188189453012156,0.09213818341143869,0.042455074137835454,0.06916301395801237,0.04677471611717265,1.2306314915183064e-05,9,84,0.023570622844496975,0.2039427317633844,True,False,False,5.787331374849531e-07,COMPLETE
520,0.4061501741409302,2025-04-21 20:06:55.337683,2025-04-21 20:07:16.684220,0 days 00:00:21.346537,0.7346519586551686,0.6146289377745209,8,0.018254624069174386,0.24974651177373206,0.05279953898887442,0.047042394841752475,0.07839155888890012,0.050166777782467774,0.0002370566978720734,9,79,0.030768642246617146,0.19136899108703984,True,False,False,2.9091852761020285e-06,COMPLETE
521,0.4489564418792725,2025-04-21 20:07:16.844690,2025-04-21 20:07:38.687494,0 days 00:00:21.842804,0.8602177551861128,0.5780673160018182,8,0.007790469673440988,0.2651860724766286,0.08691699177476747,0.03214112662076919,0.0808864396511687,0.04424915986727829,1.5142385981879767e-05,10,96,0.018416837738336467,0.22228814056291524,False,False,False,1.6387935856042411e-06,COMPLETE
522,0.5319597125053406,2025-04-21 20:07:38.848551,2025-04-21 20:07:56.513848,0 days 00:00:17.665297,0.912835974822503,0.5905086668964811,16,0.02437052339875224,0.25947383283265146,0.09646495370984629,0.03829000670186451,0.061070709551591246,0.051428223557506744,0.0001341062394753834,8,92,0.03363119513917347,0.19810751810236235,True,False,False,7.85936723130162e-07,COMPLETE
523,0.4197912454605103,2025-04-21 20:07:56.686097,2025-04-21 20:08:19.983133,0 days 00:00:23.297036,0.6798798928081426,0.5578466219967712,8,0.013715023612749507,0.274156519855966,0.08328783717527326,0.028189551575483297,0.07432645572968197,0.04766842638087986,0.00035618668587711463,11,86,0.02522621734929333,0.24059906465849729,True,False,False,1.3284179084736352e-06,COMPLETE
524,0.5473997831344605,2025-04-21 20:08:20.147054,2025-04-21 20:08:42.903157,0 days 00:00:22.756103,0.8820144593196511,0.6551444677637752,8,0.02926675274891847,0.24356348987397938,0.09376519374249492,0.04016161979558082,0.0640679264535029,0.045301999963083366,1.1958130725085345e-05,10,89,0.028772875837315595,0.1822924059891902,True,False,False,1.8711039851837893e-06,COMPLETE
525,0.5337954998016358,2025-04-21 20:08:43.078344,2025-04-21 20:09:12.220473,0 days 00:00:29.142129,0.7110769667915919,0.626156792292313,8,0.035371761903723445,0.254522320878254,0.0798901904082206,0.03698305883245947,0.06699646178032874,0.05276363842846387,1.004034258213871e-05,17,94,0.03669041208947316,0.21359842421458813,True,False,False,9.88126780599594e-07,COMPLETE
526,0.5065411329269409,2025-04-21 20:09:12.382484,2025-04-21 20:09:34.069611,0 days 00:00:21.687127,0.837724913228357,0.5237142205767249,8,0.019653442539071114,0.26858991768705714,0.09019747088661265,0.034270939755859584,0.07119566842606273,0.04884642100407579,0.002404048659472285,9,82,0.02690343748310241,0.18822345276849742,True,False,False,2.2688438586488974e-06,COMPLETE
527,0.5549615502357483,2025-04-21 20:09:34.233453,2025-04-21 20:09:55.262229,0 days 00:00:21.028776,0.9311673668839192,0.5709634534284782,8,0.024413238650862656,0.24779744367100542,0.08591439876258984,0.04516495225980784,0.07715133123290406,0.050923198684930976,1.4122069991537007e-05,8,99,0.03266918892530894,0.20253579581192357,True,False,False,5.502503813582936e-06,COMPLETE
528,0.40129963159561155,2025-04-21 20:09:55.434797,2025-04-21 20:10:16.350010,0 days 00:00:20.915213,0.24851891700899253,0.6000958568160679,8,0.006188329792955418,0.2589285389466599,0.0918223245924726,0.04140794733819561,0.05653737469965621,0.04675151009584264,1.9091593935557028e-05,9,42,0.02137652251478553,0.19464616581816904,True,False,False,1.5195157571156241e-06,COMPLETE
529,0.2787802875041962,2025-04-21 20:10:16.514826,2025-04-21 20:10:35.193459,0 days 00:00:18.678633,0.8092452594122204,0.7642034893234989,8,0.0443213087119238,0.23908150246978724,0.0981229046787546,0.035704452449972314,0.08377160709964916,0.053241713260084096,1.2272828933567653e-05,8,90,0.030868409810640936,0.20555410773859298,True,False,True,0.00011310821682700872,COMPLETE
530,0.4340269088745118,2025-04-21 20:10:35.367431,2025-04-21 20:11:25.132413,0 days 00:00:49.764982,0.7359714513755867,0.5429609553337369,2,0.1492335455361983,0.2858452408349526,0.08790571901768003,0.03821921223792679,0.05933800319082331,0.04343771268521686,1.55558434067866e-05,10,86,0.03412015997445657,0.19822024995873594,True,False,False,6.84639277260697e-07,COMPLETE
531,0.5816043972969055,2025-04-21 20:11:25.295386,2025-04-21 20:11:46.919320,0 days 00:00:21.623934,0.6559094362006677,0.6981924276151307,8,0.014325338707899836,0.2766317187768364,0.09402837649292825,0.0321419762760268,0.0688486005986189,0.04956927131758504,1.1685089526142588e-05,9,88,0.02350318414847459,0.1875866184865721,True,False,False,1.1514177347246007e-06,COMPLETE
532,0.4507590174674988,2025-04-21 20:11:47.095282,2025-04-21 20:12:05.952523,0 days 00:00:18.857241,0.6467192181222401,0.7306929147329512,8,0.01382890018536581,0.27982316943664565,0.09416288156139371,0.030236669312304544,0.06838867697843462,0.0495344324314539,1.7238317211913034e-05,8,84,0.022439700102005217,0.18270353899660058,True,True,False,3.5684643043258624e-06,COMPLETE
533,0.5765769481658936,2025-04-21 20:12:06.118320,2025-04-21 20:12:25.999268,0 days 00:00:19.880948,0.6645629609912111,0.6777095875538224,8,0.00836472111291032,0.2512090449400342,0.09588512481646091,0.04379710721452602,0.06537380411862094,0.04770881633054423,1.3801433153748594e-05,7,88,0.02451715658162771,0.18724370910384683,True,False,False,2.592656898414285e-06,COMPLETE
534,0.5703698158264161,2025-04-21 20:12:26.166285,2025-04-21 20:12:46.067887,0 days 00:00:19.901602,0.6465203776533857,0.7184719105261423,8,0.00850592274926101,0.2519949082010599,0.0974927857570877,0.04385352894611891,0.06287864803871578,0.04744640482078975,1.1848620025252722e-05,7,88,0.024382769663565007,0.18854845557741404,True,False,False,2.559872763487548e-06,COMPLETE
535,0.2797684073448181,2025-04-21 20:12:46.244485,2025-04-21 20:13:19.466101,0 days 00:00:33.221616,0.6703531904509864,0.6922164493454249,8,0.0002608413015684702,0.0870931764981111,0.09971855094206614,0.041785390526281614,0.06582591202661098,0.045213593168586884,1.3968167537086434e-05,23,80,0.023357481044413184,0.1922160442008683,True,False,False,1.9231242035980134e-06,COMPLETE
536,0.44612935781478885,2025-04-21 20:13:19.630676,2025-04-21 20:13:39.663441,0 days 00:00:20.032765,0.6635887007857533,0.6769198218554457,8,0.007645463979782736,0.24800223767925908,0.096336882376686,0.047840102993694296,0.06466048376161439,0.04193563212637723,0.00018277636124654095,8,90,0.019873575622805166,0.18486410193984726,False,False,False,2.9327200173706235e-06,COMPLETE
537,0.5705738663673401,2025-04-21 20:13:39.839406,2025-04-21 20:13:59.998461,0 days 00:00:20.159055,0.6900578605795239,0.7077611539783307,8,0.014272853742485771,0.2420868018815671,0.09545413822068684,0.04507286611562819,0.06742903629896589,0.04847911950596884,1.1598725278434785e-05,7,85,0.026068396895680947,0.19193943101175948,True,False,False,2.3874516064701715e-06,COMPLETE
538,0.47328276634216315,2025-04-21 20:14:00.166757,2025-04-21 20:14:21.620830,0 days 00:00:21.454073,0.6490966034794179,0.6863588896279299,8,0.006020726653328451,0.25663396075642975,0.09361111611634836,0.04335232053681187,0.06981068455084653,0.04660755872274782,0.000916939718316129,9,88,0.02477366937940752,0.19886530329864635,True,False,False,3.4068677669040524e-06,COMPLETE
539,0.47791293859481815,2025-04-21 20:14:21.786170,2025-04-21 20:14:42.617942,0 days 00:00:20.831772,0.6972676518063504,0.6747880362714654,8,0.018795950954018422,0.2949150925292052,0.09541623043027153,0.04004893250738175,0.06100622020219479,0.050503676186784245,1.3632596408174757e-05,8,83,0.02166389418160627,0.18805713369184107,True,False,False,1.3316189599672103e-06,COMPLETE
540,0.5625569224357605,2025-04-21 20:14:42.793786,2025-04-21 20:15:03.831393,0 days 00:00:21.037607,0.6738149089197856,0.710927606810861,8,0.010826030928762111,0.26186892301236764,0.09245176406406712,0.0321691940440967,0.0658672776640792,0.04520095776246606,1.0114054697708878e-05,8,92,0.027854159970982343,0.19733245903587363,True,False,False,1.8513993460507467e-06,COMPLETE
541,0.2795336842536926,2025-04-21 20:15:03.998782,2025-04-21 20:15:25.165039,0 days 00:00:21.166257,0.717770965472217,0.6466951676453144,8,0.00010935993706610338,0.2769463015851161,0.09767510695286494,0.04173775812649124,0.0537630405668211,0.04878586740896149,1.4422598721352093e-05,9,86,0.019943182690888864,0.1769284519402475,True,False,False,1.57017731730883e-06,COMPLETE
542,0.4888919949531555,2025-04-21 20:15:25.343613,2025-04-21 20:15:42.296122,0 days 00:00:16.952509,0.6938436536880984,0.6595355413275239,16,0.01707474049774292,0.24909705173709787,0.08173285663274979,0.02643988228747362,0.06899966329774393,0.04716570096055658,0.0005276293244581837,7,89,0.023584696225541456,0.1924630493587258,True,False,False,8.123142040979063e-07,COMPLETE
543,0.5716316342353821,2025-04-21 20:15:42.462436,2025-04-21 20:16:05.202331,0 days 00:00:22.739895,0.645901956535851,0.6827100997693947,8,0.021806494927680907,0.25423597196239456,0.08381333103436958,0.03846054882402807,0.06351560666700519,0.043524627209173515,1.2037763383049604e-05,10,91,0.026301569432633887,0.20439477914405538,True,False,False,4.717236194848508e-07,COMPLETE
544,0.5762797355651856,2025-04-21 20:16:05.383524,2025-04-21 20:16:29.181251,0 days 00:00:23.797727,0.6369110093162437,0.7081525834384198,8,0.02187371755655318,0.24410342229134063,0.0842575488214666,0.040200053193852,0.06287079622417285,0.038097700066248054,1.0051323834877819e-05,11,92,0.02572222173892545,0.20973008371228233,True,False,False,6.964720598178918e-07,COMPLETE
545,0.5556185603141784,2025-04-21 20:16:29.348757,2025-04-21 20:16:53.166588,0 days 00:00:23.817831,0.6378797474759443,0.7404704286960727,8,0.02069905265114187,0.2439241595442045,0.08482408276836598,0.03911115455655154,0.06278792245087622,0.04008928099427133,1.1252675138291218e-05,11,95,0.025717402698918725,0.2071449600922415,True,False,False,3.292371771771013e-07,COMPLETE
546,0.5587512969970704,2025-04-21 20:16:53.335411,2025-04-21 20:17:17.405123,0 days 00:00:24.069712,0.6604318810536586,0.6936534309887284,8,0.014826462932909954,0.23977002078889323,0.08294686996838414,0.04036154297490842,0.06182865012780866,0.036382235058943765,1.1857799587320475e-05,12,92,0.022975964385518542,0.2110269927412845,True,False,False,2.0475110545076702e-07,COMPLETE
547,0.47342563867568976,2025-04-21 20:17:17.584148,2025-04-21 20:17:41.090657,0 days 00:00:23.506509,0.6482183163216818,0.6956703687746855,8,0.023169019459070298,0.2528474876692954,0.08109966965697696,0.0437422205503155,0.059370756046041744,0.037963162621943936,1.0317148735141306e-05,11,92,0.017160578870872394,0.2086821042316546,True,False,False,3.283194569028846e-07,COMPLETE
548,0.5664357900619508,2025-04-21 20:17:41.258186,2025-04-21 20:18:05.030331,0 days 00:00:23.772145,0.641702140324942,0.7274878567423692,8,0.01083295639448345,0.24606303934083046,0.08373958304498831,0.046462016616748265,0.06419229711415643,0.04305204113338439,1.0071841732541236e-05,11,98,0.026656431453575026,0.20285919208894732,True,False,False,4.676076436356258e-07,COMPLETE
549,0.41088546514511115,2025-04-21 20:18:05.210977,2025-04-21 20:18:27.772399,0 days 00:00:22.561422,0.7576423888812222,0.6780344005120289,8,0.026922036145185655,0.25492727834252027,0.08586385209358047,0.038506282288382765,0.0642739902265428,0.041117003651681944,0.04935934638465293,13,94,0.024553250368137276,0.20298363720009113,True,False,True,5.119822587579617e-07,COMPLETE
550,0.41724480390548707,2025-04-21 20:18:27.940867,2025-04-21 20:18:50.523209,0 days 00:00:22.582342,0.6693404636161375,0.6873446926864236,8,0.0206760845591693,0.2490687885549369,0.08801724380007167,0.04170359999855591,0.06129201332023639,0.043276933453251336,1.3940955350979827e-05,10,91,0.02081967795248842,0.21568803547483006,True,False,False,5.290337377105214e-07,COMPLETE
551,0.4440725922584534,2025-04-21 20:18:50.704268,2025-04-21 20:19:13.235475,0 days 00:00:22.531207,0.9434420706173072,0.7080654372816044,8,0.03370005262874698,0.2577428493112633,0.08385857670830803,0.03769198305012336,0.06705439016840242,0.0382863903680347,1.010009829306306e-05,10,87,0.025535696605649274,0.21005577684213397,True,False,False,4.3524874976570984e-07,COMPLETE
552,0.5265132069587708,2025-04-21 20:19:13.405768,2025-04-21 20:19:36.199736,0 days 00:00:22.793968,0.9012026736644638,0.7149500780184753,8,0.014434581768985051,0.1333930191124391,0.08024333233502674,0.04034934348195565,0.05841201113851287,0.04506007232538618,1.7141807250781863e-05,10,96,0.027539016441741882,0.2012048994426088,True,False,False,6.57006063124624e-07,COMPLETE
553,0.30853375792503357,2025-04-21 20:19:36.382859,2025-04-21 20:19:57.105469,0 days 00:00:20.722610,0.7098413682019973,0.6545581187318276,8,0.025320008310863458,0.0757824025783187,0.08580727321855443,0.04398179206888099,0.06582516221410101,0.04622415981203572,1.0043953799020203e-05,11,82,0.02276837954074065,0.2075011622441182,True,True,False,6.457031144248629e-07,COMPLETE
554,0.39250432252883916,2025-04-21 20:19:57.275903,2025-04-21 20:20:53.198016,0 days 00:00:55.922113,0.6552846169550509,0.6692871671778079,2,0.005977870937702558,0.23757389111865507,0.0873465194719444,0.037072502174043884,0.061753497873548925,0.0335534072674006,1.2617106708314105e-05,12,77,0.028592392807962407,0.20071639589345416,True,False,False,8.748296445372755e-07,COMPLETE
555,0.42591912746429444,2025-04-21 20:20:53.370828,2025-04-21 20:21:16.253415,0 days 00:00:22.882587,0.7287870801753685,0.7018894116340042,8,0.01702894629382998,0.28647222854963594,0.08926014801157633,0.042507052710248155,0.0678395802569012,0.04320362869399934,1.4940679869190724e-05,10,90,0.024788836514059727,0.21638778338127682,True,False,False,1.0101011598762367e-06,COMPLETE
556,0.44735058546066286,2025-04-21 20:21:16.435233,2025-04-21 20:21:37.920015,0 days 00:00:21.484782,0.699593554505409,0.6692963999086281,8,0.03806290759012759,0.2508844918091949,0.08207686475013362,0.03929124810403476,0.06433960661486626,0.040006441109783485,1.2188383798675196e-05,9,85,0.026953486059833928,0.19610731166267065,False,False,False,7.834503758177497e-07,COMPLETE
557,0.42665728330612185,2025-04-21 20:21:38.092008,2025-04-21 20:22:01.629838,0 days 00:00:23.537830,0.6778207181910848,0.740688169903949,8,0.03064426559687745,0.10542710105903588,0.04417661336809353,0.03584115319498056,0.06310744170018467,0.048208307603212354,1.9449651516621777e-05,11,88,0.023649642327818653,0.20438633116072388,True,False,False,4.0580800006311873e-07,COMPLETE
558,0.4730440616607666,2025-04-21 20:22:01.812767,2025-04-21 20:22:24.324164,0 days 00:00:22.511397,0.6367698133442172,0.6904493748529278,8,0.011148187373911246,0.24449035663834234,0.08487808871624408,0.045982406576061105,0.07082739887287622,0.04182085556982011,1.506528285040755e-05,10,93,0.019696933306022714,0.21103277059692638,True,False,False,1.028564270461214e-06,COMPLETE
559,0.40132458209991456,2025-04-21 20:22:24.495714,2025-04-21 20:22:46.769044,0 days 00:00:22.273330,0.2769832097256558,0.6363262616680256,8,0.022481711249528465,0.2604556197765836,0.08937497407728652,0.032946306821934175,0.06618347258076393,0.04512270191798713,9.678391967732297e-05,10,84,0.02968410757487493,0.19765507170442298,True,False,False,1.2364745981362642e-06,COMPLETE
560,0.5816776394844055,2025-04-21 20:22:46.956095,2025-04-21 20:23:08.169936,0 days 00:00:21.213841,0.7522120689725291,0.7529739206106325,8,0.006669545904497409,0.2660564228925978,0.0916186892418934,0.04096001312487724,0.06003103972580777,0.04729568543508718,1.19683486418521e-05,9,90,0.026259893768392356,0.2033823876870007,True,False,False,5.623377527955437e-07,COMPLETE
561,0.41517001390457153,2025-04-21 20:23:08.347996,2025-04-21 20:23:29.914971,0 days 00:00:21.566975,0.7717765812292964,0.8498081546780429,8,0.008908870040853917,0.2658231506848882,0.09372586423760275,0.04124743495060784,0.05839640139449088,0.04688048074376811,1.3405590895235199e-05,9,81,0.02263983537030559,0.1944607693456312,True,False,False,4.881335624079238e-07,COMPLETE
562,0.5337108969688416,2025-04-21 20:23:30.089660,2025-04-21 20:23:51.484272,0 days 00:00:21.394612,0.7517782923395818,0.7272941068705622,8,0.0061891194979180365,0.2565993825838525,0.0798581707281298,0.03911130505740357,0.056556511063960486,0.04507333991821292,1.851274956005808e-05,9,87,0.026542439411562674,0.18875924530446386,True,False,False,5.728961869376143e-07,COMPLETE
563,0.4780521631240845,2025-04-21 20:23:51.666467,2025-04-21 20:24:13.019723,0 days 00:00:21.353256,0.7446694399459232,0.7961477675753468,8,0.004230990347581539,0.2534896819839679,0.08299027528052023,0.04458451813828913,0.05996216613250372,0.0480086108901968,1.5764929532912213e-05,9,90,0.021095026895831308,0.20110489956380437,True,False,False,6.362422195858695e-07,COMPLETE
564,0.4595826268196106,2025-04-21 20:24:13.193389,2025-04-21 20:24:30.711775,0 days 00:00:17.518386,0.7215764649494987,0.7420632556470288,16,0.01377366806076635,0.26330053732577857,0.09187033391945557,0.042150020832906726,0.06023835365222613,0.04274273948260228,1.2056337900012586e-05,8,86,0.024350509019392952,0.19689976230535622,True,False,False,3.084683933467977e-07,COMPLETE
565,0.41234014034271244,2025-04-21 20:24:30.895799,2025-04-21 20:24:52.551058,0 days 00:00:21.655259,0.7838630044219015,0.7526654459303367,8,0.005334113809274137,0.24604490223990982,0.08612434175061749,0.04044371267627583,0.061477826566463625,0.03527138962302949,1.0027796014007944e-05,9,89,0.02603231400078492,0.21366089725582244,True,False,False,2.4670072774027895e-07,COMPLETE
566,0.4335383415222168,2025-04-21 20:24:52.725604,2025-04-21 20:25:13.590084,0 days 00:00:20.864480,0.7350477846657029,0.7746529254863076,8,0.01748336105979638,0.23910691490697528,0.048430368882219084,0.04301208889320952,0.06343699402091353,0.030767568541519116,1.3559141299651015e-05,8,83,0.02808325056376865,0.2029829611947028,True,False,False,4.190721208473525e-07,COMPLETE
567,0.5264241099357605,2025-04-21 20:25:13.775900,2025-04-21 20:25:35.254603,0 days 00:00:21.478703,0.7616918571246487,0.9599501656402674,8,0.011503377127976805,0.11941357374393488,0.09389193734544947,0.0476271838858857,0.08097167154841126,0.04932523175885937,1.7352589992487055e-05,9,91,0.024916111419236803,0.18980249117205603,True,False,False,7.265043565268318e-07,COMPLETE
