number,value,datetime_start,datetime_complete,duration,params_alpha-eval,params_alpha-train,params_batch-size,params_eps-eval,params_eps-train,params_lambda-actions-eval,params_lambda-actions-train,params_lambda-frames-eval,params_lambda-frames-train,params_learning-rate,params_n-epochs,params_n-frames,params_radius-gw,params_rho,params_std-feats,params_ub-actions,params_ub-frames,params_weight-decay,state
1011,0.42735770940780643,2025-04-01 07:26:43.290623,2025-04-01 07:27:01.896415,0 days 00:00:18.605792,0.24673536237844632,0.7848145064349241,16,0.047261868789163226,0.23383031381592062,0.03336866631936419,0.008545936860685652,0.04845880452993719,0.07711443702386818,0.0002544369091625923,11,140,0.07799233856164443,0.2463026099156916,True,False,True,4.140885595652947e-08,COMPLETE
1012,0.6089612364768983,2025-04-01 07:27:02.236935,2025-04-01 07:27:23.526360,0 days 00:00:21.289425,0.20473217937792754,0.8237728670244345,16,0.059106276420829905,0.22565771962245584,0.08352492469034525,0.0011007927133414057,0.043374359040442664,0.07255497084031533,0.0001806191793828194,12,144,0.07071354463518141,0.23663356784052583,True,False,False,1.2091996505497812e-08,COMPLETE
1013,0.6474720716476441,2025-04-01 07:27:23.866863,2025-04-01 07:27:44.819873,0 days 00:00:20.953010,0.22544741905733554,0.8107765139513203,16,0.0527758018726847,0.17528174787517237,0.037266091424954226,0.01520825406871949,0.05349362994380786,0.08202004099762411,0.00014435218316852314,11,147,0.07449093888405142,0.21543499322755094,True,False,False,5.8712295643272576e-08,COMPLETE
1014,0.6038696646690369,2025-04-01 07:27:45.142255,2025-04-01 07:28:04.969844,0 days 00:00:19.827589,0.2560223655403527,0.7952085609592562,16,0.054266939808845345,0.1708453194277526,0.0375744515809459,0.016597546077398818,0.05331770716100993,0.08422024986473262,8.432251394339489e-05,10,137,0.07980646771885544,0.2070876934777337,True,False,False,6.594694251921055e-08,COMPLETE
1015,0.43519612550735476,2025-04-01 07:28:05.308777,2025-04-01 07:28:23.654941,0 days 00:00:18.346164,0.274832198382522,0.7536347632154186,16,0.06368803415961054,0.16444520767226883,0.038947528838551265,0.014234897985308699,0.05143382017040733,0.08250095328343644,0.00011029292072162747,11,142,0.0757857068613371,0.19770088955436366,False,False,False,5.5564539579327685e-08,COMPLETE
1016,0.573444414138794,2025-04-01 07:28:23.993939,2025-04-01 07:28:45.697570,0 days 00:00:21.703631,0.09729848647784049,0.8038695051303205,16,0.05638384221957496,0.1737039898535818,0.03873275608468052,0.07910187750752762,0.05232753492824365,0.08208583606612964,9.998538857920068e-05,12,150,0.0775797368762934,0.21350039446054875,True,False,False,7.559093798933845e-08,COMPLETE
1017,0.43955018520355227,2025-04-01 07:28:46.039652,2025-04-01 07:29:03.846328,0 days 00:00:17.806676,0.2213997012101171,0.7775278359128519,16,0.0514665617860323,0.17961423435377313,0.04061879676863407,0.017092325874112496,0.049851545093467245,0.0814145719073004,6.379093750507219e-05,11,50,0.07489558433927002,0.10747707892282647,True,False,False,4.8831770092405554e-08,COMPLETE
1018,0.6141402363777161,2025-04-01 07:29:04.190058,2025-04-01 07:29:24.996671,0 days 00:00:20.806613,0.23484635071166185,0.786417934855304,16,0.06700338795827096,0.18313584998052365,0.036379495987481344,0.0131181000624629,0.05461932367954689,0.08372257508787484,0.000132107655479101,11,147,0.07763417418258674,0.20935982154366217,True,False,False,5.718326779370414e-08,COMPLETE
1019,0.2797684073448181,2025-04-01 07:29:25.341014,2025-04-01 07:29:43.271911,0 days 00:00:17.930897,0.29597200171564997,0.8079378188391679,16,0.06135425437260526,0.17052864460840236,0.03543821996165904,0.01631142046899754,0.051485943477770496,0.0807567566366851,0.00013886031089849565,10,145,0.07450735250831593,0.21270783241726768,True,True,False,3.723683812979911e-08,COMPLETE
1020,0.5907228112220764,2025-04-01 07:29:43.601089,2025-04-01 07:30:04.804679,0 days 00:00:21.203590,0.18746770840923946,0.763368782892882,16,0.074215973156412,0.17658281250137686,0.04521907739221213,0.015244424817497578,0.04824903371226637,0.08405061264892584,0.00011695779295788486,12,140,0.07927922924197563,0.19667842158774154,True,False,False,7.82768378776229e-08,COMPLETE
1021,0.5270362734794617,2025-04-01 07:30:05.143453,2025-04-01 07:30:55.593335,0 days 00:00:50.449882,0.2551412118251329,0.7379974832980528,2,0.05342942998094126,0.1940444266592068,0.037378891228476305,0.0148153881508318,0.050649067473570016,0.08538911678863642,7.744909136229591e-05,10,143,0.07603816859646001,0.2189607742147257,True,False,False,4.48750410381449e-08,COMPLETE
1022,0.594977867603302,2025-04-01 07:30:55.936960,2025-04-01 07:31:16.760672,0 days 00:00:20.823712,0.12452357117030402,0.8215763582777328,16,0.08052046689488451,0.1758632375495344,0.03389830688125413,0.01059938233590117,0.053557067123379404,0.08078959500351007,0.0001469775760847901,11,148,0.08091435581223862,0.2140867524925522,True,False,False,6.219668984325164e-08,COMPLETE
1023,0.3561638951301575,2025-04-01 07:31:17.102949,2025-04-01 07:31:37.335305,0 days 00:00:20.232356,0.18548821482010652,0.7789225326683631,16,0.05963043566614594,0.24926340287906165,0.040514671888197074,0.015571530710258732,0.04708156648900203,0.07920281303448033,9.402535119710525e-05,11,136,0.07345749589811214,0.20345233138700536,True,False,False,2.601278169870926e-08,COMPLETE
1024,0.6392831087112427,2025-04-01 07:31:37.676984,2025-04-01 07:31:59.445332,0 days 00:00:21.768348,0.21977149340522395,0.8042567082203824,16,0.06890175520345528,0.18028584062140487,0.03523490347734853,0.01471384857044999,0.04925148541830632,0.07734896705957636,0.00011576468695876998,12,145,0.0716457129264225,0.2081420077175222,True,False,False,9.010036837226441e-08,COMPLETE
1025,0.43041546344757087,2025-04-01 07:31:59.788497,2025-04-01 07:32:20.545883,0 days 00:00:20.757386,0.10998882576249308,0.7508722513645762,16,0.049629618792516955,0.18954458329379567,0.03838860175973709,0.012744775503394822,0.047024513908278234,0.07589303797652858,0.00020397205526191241,11,150,0.08432473197420128,0.21764826042285687,True,False,False,3.369823836760989e-08,COMPLETE
1026,0.6356076240539551,2025-04-01 07:32:20.888793,2025-04-01 07:32:40.764039,0 days 00:00:19.875246,0.20462968900434225,0.7924665088622784,16,0.06366812556283927,0.17704147127913317,0.0326505619125167,0.013211970536294011,0.04577403488444357,0.0793203561184953,0.00015907584487818632,10,140,0.07665035495226118,0.22328441901875973,True,False,False,4.639053236151617e-08,COMPLETE
1027,0.37492762804031377,2025-04-01 07:32:41.092120,2025-04-01 07:33:01.745201,0 days 00:00:20.653081,0.4941355343420203,0.6904345774409109,16,0.0563470910688668,0.1620782921593483,0.042902955316040124,0.011990477687173672,0.05342685101331795,0.07775369891148623,0.00013202440946329423,11,143,0.06644470511477138,0.21686743567492142,True,False,False,5.673645465304383e-07,COMPLETE
1028,0.407076644897461,2025-04-01 07:33:02.088928,2025-04-01 07:33:27.760740,0 days 00:00:25.671812,0.24872378616142796,0.8262170846564763,8,0.07362794943002271,0.18822514203378143,0.03675858715854321,0.01798203046647395,0.04979823487034359,0.08165022642875663,0.00017570844423824402,12,147,0.07391805813142252,0.2203035171436139,True,False,False,1.954228917383115e-08,COMPLETE
1029,0.5893463850021363,2025-04-01 07:33:28.105847,2025-04-01 07:33:54.866330,0 days 00:00:26.760483,0.22897630468371283,0.7738716109069406,16,0.0450544972420083,0.162864016982244,0.06718336242497394,0.003218215181777533,0.045201529444863414,0.07350943457399656,0.00011043100858360583,21,138,0.07157549864073638,0.22521766682399105,True,False,False,6.648043329659788e-08,COMPLETE
1030,0.42659982442855837,2025-04-01 07:33:55.208099,2025-04-01 07:34:14.214508,0 days 00:00:19.006409,0.18076378385768432,0.8095866688605502,16,0.06514516003708752,0.17055640995912086,0.03424847668391258,0.016417429972112152,0.04295893546208655,0.07545999567635932,0.00022478887160860047,11,145,0.069502410069935,0.2137244271711497,True,False,True,5.301540199949478e-08,COMPLETE
1031,0.6221765279769897,2025-04-01 07:34:14.559207,2025-04-01 07:34:34.734149,0 days 00:00:20.174942,0.1511999491183017,0.7579233566167196,16,0.05241196141549828,0.1677941451485816,0.031340561266414206,0.011372867105472431,0.03984074809836527,0.07947386942428293,0.00014230056276201347,10,141,0.07479456969602696,0.2270249259722545,True,False,False,4.084645349078325e-08,COMPLETE
1032,0.5704290509223938,2025-04-01 07:34:35.077342,2025-04-01 07:34:56.685028,0 days 00:00:21.607686,0.1977302640361696,0.7177299130051111,16,0.05958806481033822,0.15012075376447317,0.05596288310960788,0.004934292535166328,0.048550528394432205,0.08205514222046868,9.009949791581446e-05,12,148,0.07899923310436734,0.22920596479801802,True,False,False,2.892410057385189e-08,COMPLETE
1033,0.40186413526535036,2025-04-01 07:34:57.032294,2025-04-01 07:35:15.257926,0 days 00:00:18.225632,0.2738847532394446,0.8306694481258636,16,0.08310207549321419,0.13233656429371107,0.030120644574865105,0.01425423069979343,0.04658104585843252,0.07729650716345347,0.0001881444694457392,11,143,0.07265176610261831,0.22065461660000968,False,False,False,1.658580529453863e-08,COMPLETE
1034,0.5934601902961731,2025-04-01 07:35:15.595959,2025-04-01 07:35:38.062986,0 days 00:00:22.467027,0.2346155423756757,0.7881102945208939,16,0.0706893258529337,0.19967187743533849,0.032702869586565625,0.006197481508551327,0.043288846232094245,0.07506340612925068,0.00015271546257452284,13,150,0.07648443228737975,0.20633394741024652,True,False,False,2.320699757723535e-08,COMPLETE
1035,0.3468065857887268,2025-04-01 07:35:38.408221,2025-04-01 07:35:58.230824,0 days 00:00:19.822603,0.09790293087502902,0.8079075704787084,16,0.046571591870244324,0.24010728442274848,0.05215034488848144,0.010332510042745012,0.05167312664333,0.08016034371059583,0.00012217056080683194,10,145,0.06893066113706495,0.2306835902558967,True,False,False,8.849793050011905e-08,COMPLETE
1036,0.5708123803138733,2025-04-01 07:35:58.575925,2025-04-01 07:36:19.275008,0 days 00:00:20.699083,0.13852357919740266,0.7734133206256137,16,0.059260020366986556,0.17363264821840554,0.03461052833784826,0.0029519656508960254,0.0404923625738416,0.07371693407608332,0.00025642039124750183,11,137,0.08142350798727134,0.22541999566161094,True,False,False,3.097792820951271e-08,COMPLETE
1037,0.44773436784744264,2025-04-01 07:36:19.620013,2025-04-01 07:36:41.111433,0 days 00:00:21.491420,0.17051969029469938,0.8546507614676073,16,0.05174091567880529,0.21380631968916508,0.03726050942788604,0.006234972159536727,0.044707195125229394,0.08287007288652194,0.00010486251056780602,12,141,0.07380222421973733,0.2380553934137015,True,False,False,1.3496100890646293e-08,COMPLETE
1038,0.5847289443016053,2025-04-01 07:36:41.458482,2025-04-01 07:36:58.998131,0 days 00:00:17.539649,0.20543031569548367,0.825524358525683,16,0.06663137877621815,0.18340788533910166,0.029065105013139473,0.009510303908234354,0.02761115127997283,0.07801761412520912,0.00016812911530257143,6,147,0.07117076037423242,0.2327968388033056,True,False,False,6.481010619451427e-08,COMPLETE
1039,0.5190793633460998,2025-04-01 07:36:59.344569,2025-04-01 07:37:19.856156,0 days 00:00:20.511587,0.919850961207566,0.7475242146901566,16,0.07644426570924485,0.24490843283089656,0.03923296311162922,0.012981003369435577,0.04991301018416552,0.07584635774108402,7.786637071631606e-05,11,143,0.07575021040310122,0.22343042269868696,True,False,False,4.781226191466391e-07,COMPLETE
1040,0.2797684073448181,2025-04-01 07:37:20.205311,2025-04-01 07:38:04.131191,0 days 00:00:43.925880,0.12232160998568632,0.40088250335673264,2,0.04193045388704992,0.20406236359131258,0.032683411057903636,0.004192161002014169,0.03461194543366835,0.08528208599087887,0.00020644967098852078,10,147,0.07801387519193781,0.2339537111307197,True,True,False,1.0656249294972477e-07,COMPLETE
1041,0.5750940442085266,2025-04-01 07:38:04.466955,2025-04-01 07:38:25.712859,0 days 00:00:21.245904,0.313669596403766,0.7935264072050096,16,0.055855368215157894,0.16716934335107442,0.07559641108282397,0.008195334888625226,0.047033356903746985,0.07935189603433078,4.5842885738029755e-05,12,140,0.06489733818567976,0.20260654211094384,True,False,False,1.0110301473997423e-08,COMPLETE
1042,0.4185980796813965,2025-04-01 07:38:26.057369,2025-04-01 07:38:46.990585,0 days 00:00:20.933216,0.2252854830077003,0.8347208259454344,16,0.06361511738514293,0.2364087403844612,0.031128598704509527,0.006266109769168934,0.043009802564721186,0.07218887212691694,0.00013911534396362574,11,150,0.0719604093242828,0.24064011893036452,True,False,False,4.081696149874544e-08,COMPLETE
1043,0.36518890857696534,2025-04-01 07:38:47.336666,2025-04-01 07:39:08.044282,0 days 00:00:20.707616,0.18868548818061082,0.7302831123621422,16,0.07037841158130713,0.2077985084533099,0.05451770887803319,0.01577369498113772,0.0481978479440195,0.07576785734381863,0.0001201620017761923,11,145,0.07432497191186023,0.06932302803045225,True,False,False,7.281705490007527e-07,COMPLETE
1044,0.39766136407852176,2025-04-01 07:39:08.399350,2025-04-01 07:39:33.937754,0 days 00:00:25.538404,0.15688682653810387,0.805752367106958,16,0.041613838383301086,0.1429177435500521,0.0350831486633225,0.0010295013063467704,0.04195033851750187,0.07818391098101903,0.00016513953632882214,19,136,0.06975682555071801,0.25679795235534375,True,False,False,5.565845540865105e-08,COMPLETE
1045,0.40280091762542725,2025-04-01 07:39:34.289891,2025-04-01 07:39:53.980135,0 days 00:00:19.690244,0.2508344243471429,0.7705752926801408,16,0.047840806868077124,0.04109815211189177,0.04921413591728974,0.07500204078510309,0.045299754396330064,0.07098216820325803,0.00019939035049251376,10,142,0.07743881380723862,0.21460928685307065,True,False,False,2.30109764531956e-05,COMPLETE
1046,0.3652587294578552,2025-04-01 07:39:54.328346,2025-04-01 07:40:15.622853,0 days 00:00:21.294507,0.21227029008956694,0.8727670840072816,16,0.052824556045620995,0.16058205331187472,0.02634577679356576,0.010379025102740136,0.039236861087540285,0.08122117786685121,9.920495021380816e-05,12,147,0.0677528879334333,0.2282165677382733,True,False,False,8.153808811934723e-08,COMPLETE
1047,0.6469746828079225,2025-04-01 07:40:15.974916,2025-04-01 07:40:36.529852,0 days 00:00:20.554936,0.17741177678113468,0.7869424744234647,16,0.05962854179464628,0.23076232010555486,0.02983285709152609,0.00419370417911517,0.05414612361255906,0.07420435926103096,0.00013920323713337282,11,144,0.07292335781691037,0.25155749678902767,True,False,False,1.9514671021813528e-08,COMPLETE
1048,0.4428188443183899,2025-04-01 07:40:36.881580,2025-04-01 07:40:55.875866,0 days 00:00:18.994286,0.1767132570156997,0.8189112332616971,16,0.059171944752598564,0.23876802486856866,0.03640576339054297,0.002898216837540859,0.05536886982173406,0.07356879294426195,0.00012417187558985454,11,139,0.07122017697588451,0.26096454793922946,True,False,True,1.9495983214802333e-08,COMPLETE
1049,0.557065737247467,2025-04-01 07:40:56.210896,2025-04-01 07:41:16.099789,0 days 00:00:19.888893,0.18906091905512618,0.8463850487707308,16,0.06444436778575369,0.23454495261940794,0.03246591663818212,0.0028433313675948237,0.05436614062171174,0.07116722527656846,9.092297719828036e-05,10,142,0.06848191646631363,0.25527719685266514,True,False,False,2.2152621732246538e-08,COMPLETE
1050,0.42139290571212773,2025-04-01 07:41:16.449536,2025-04-01 07:41:42.791450,0 days 00:00:26.341914,0.19809491481705294,0.7943076651256697,8,0.061945452836884615,0.244084752139505,0.03395997303927458,0.0010555274521323477,0.051220130763869096,0.07375060326876562,6.055650995434131e-05,13,138,0.07281558756191807,0.26836539999766046,True,False,False,1.7521633829909298e-08,COMPLETE
1051,0.44865597486495973,2025-04-01 07:41:43.144489,2025-04-01 07:42:04.494498,0 days 00:00:21.350009,0.17649639974960835,0.8103795857519023,16,0.06995259898265073,0.230931428445197,0.04150663059025301,0.0043109785312812395,0.05017750132721284,0.07244342895790302,0.00016981473646432318,12,144,0.06982705600602002,0.26160097060405885,True,False,False,2.5221855156012788e-08,COMPLETE
1052,0.414980947971344,2025-04-01 07:42:04.846161,2025-04-01 07:42:22.768865,0 days 00:00:17.922704,0.21577403379534493,0.8363763778196646,16,0.05580514174385655,0.25199251032979825,0.030582523437088976,0.00388346600025097,0.053699759700234384,0.07013737499944334,0.00014063080980708238,10,76,0.05113183538436357,0.2516225139087525,True,False,False,1.5827710173874752e-08,COMPLETE
1053,0.5507155537605286,2025-04-01 07:42:23.119887,2025-04-01 07:42:43.807434,0 days 00:00:20.687547,0.16378017476324444,0.7612604904961517,16,0.05860585782232511,0.23684487299247214,0.05762708345456925,0.005011983807177783,0.05148225732127015,0.07679277582136293,0.00022007795301604737,11,150,0.07200375231697821,0.25178186167243516,True,False,False,1.3284438576923023e-08,COMPLETE
1054,0.5752238988876344,2025-04-01 07:42:44.159692,2025-04-01 07:43:05.107616,0 days 00:00:20.947924,0.20185330444797,0.8566010638813045,16,0.07507249908319198,0.2304413386023074,0.05301245200985895,0.002871871307900502,0.05544607964452127,0.08371226142049551,0.00027774624394480077,12,136,0.06684819087736463,0.17670600246801474,True,False,False,1.7160572737689838e-08,COMPLETE
1055,0.4490966677665711,2025-04-01 07:43:05.461084,2025-04-01 07:43:24.117613,0 days 00:00:18.656529,0.2423226819977457,0.7886977325793382,16,0.06687675018670967,0.24101333746093065,0.03555236813989556,0.005703473347801171,0.052826485560845925,0.07464522738747069,0.00010985650581452724,11,147,0.034199909639103236,0.22025476753626624,False,False,False,2.1400951988025e-08,COMPLETE
1056,0.5331916332244874,2025-04-01 07:43:24.473305,2025-04-01 07:43:41.277770,0 days 00:00:16.804465,0.1797853723006581,0.8230585492620218,16,0.0514468325637144,0.18351805932649243,0.03164846784281195,0.004533378041089221,0.05439757411244853,0.07970533152093959,1.3079930091854755e-05,5,140,0.07327583194181514,0.23397745591498142,True,False,False,5.719221085296121e-06,COMPLETE
1057,0.2797684073448181,2025-04-01 07:43:41.614783,2025-04-01 07:43:59.774530,0 days 00:00:18.159747,0.23009492713706914,0.7457098123958176,16,0.08121059178166577,0.24675835100200066,0.029507165685438992,0.006694453140359834,0.05273527245704107,0.07742422435119568,0.00017783542960406618,10,143,0.07064931100963322,0.2410613827834967,True,True,False,3.179945591085376e-08,COMPLETE
1058,0.45762388706207274,2025-04-01 07:44:00.129326,2025-04-01 07:44:20.927636,0 days 00:00:20.798310,0.26839813847773464,0.8023041970075037,16,0.058317476594585534,0.23238063800116018,0.0481964183009363,0.0026876396800177356,0.05253521425198223,0.07137814781738902,0.00012995916155198508,11,147,0.07427062366143912,0.2542178147060824,True,False,False,1.30962907627759e-08,COMPLETE
1059,0.5565868020057678,2025-04-01 07:44:21.282346,2025-04-01 07:44:42.817298,0 days 00:00:21.534952,0.19928183228195157,0.7788780889134183,16,0.06633805699704286,0.22926060645637114,0.03337838093606241,0.006817005623332388,0.049376857712640713,0.0747551478191967,7.453620067694282e-05,12,145,0.06889679465330037,0.2663960164950208,True,False,False,2.5788882995740092e-08,COMPLETE
1060,0.39815495014190677,2025-04-01 07:44:43.169585,2025-04-01 07:45:11.332698,0 days 00:00:28.163113,0.14699200881752614,0.8773315759910038,16,0.05096605234881049,0.15707655284490343,0.03926225072304057,0.004869461925086032,0.05596871232988632,0.08224860987872223,0.00015514013734937922,23,140,0.056213772263784156,0.2479249599958483,True,False,False,3.519773135149263e-08,COMPLETE
1061,0.5257978439331055,2025-04-01 07:45:11.690067,2025-04-01 07:45:32.511887,0 days 00:00:20.821820,0.21943767360935276,0.8385078185597001,16,0.07262087976909357,0.24095550063358964,0.03716993300298186,0.0010130971194853358,0.049610713652185244,0.07906408455988478,0.00023618680469010385,11,150,0.07147649600711559,0.22878205792820272,True,False,False,1.9451842683861904e-08,COMPLETE
1062,0.6309285759925842,2025-04-01 07:45:32.871070,2025-04-01 07:46:22.905785,0 days 00:00:50.034715,0.16359687730607672,0.8107345427022992,2,0.05984851676917007,0.17588242283766853,0.050451385495649245,0.007499548653641703,0.0517651128177201,0.07413817921983347,0.0008157204633527682,10,142,0.07258094907668965,0.2121472410729022,True,False,False,1.5329222703396514e-08,COMPLETE
1063,0.4309700965881348,2025-04-01 07:46:23.263672,2025-04-01 07:46:41.642735,0 days 00:00:18.379063,0.19017706212520707,0.8572629570006949,16,0.06344556801533245,0.23786646313361923,0.03477226304701602,0.004105710411866508,0.03019185986044706,0.07225932228271184,3.231816756747315e-05,11,58,0.07534112485754281,0.2414206897517287,True,False,False,1.2773924047267135e-08,COMPLETE
1064,0.6221814274787902,2025-04-01 07:46:42.006205,2025-04-01 07:47:04.143217,0 days 00:00:22.137012,0.21657078591235585,0.7636611247823467,16,0.055450473384959606,0.24944306809664424,0.027457449405335746,0.005594089110897324,0.048101353605568706,0.07708313481956071,0.00010227499639454545,13,145,0.07057963434127806,0.25972615704258145,True,False,False,1.2905577247431425e-05,COMPLETE
1065,0.5817962765693665,2025-04-01 07:47:04.505674,2025-04-01 07:47:25.636390,0 days 00:00:21.130716,0.24302745130077794,0.8266655587546867,16,0.07746249023368774,0.22749457367873407,0.030140476669450317,0.007825055990921799,0.03261890597547399,0.08012477937972577,0.0001922464430704198,12,136,0.07318382416126216,0.22348688354652416,True,False,False,4.711134470766731e-08,COMPLETE
1066,0.41999741792678835,2025-04-01 07:47:25.975572,2025-04-01 07:47:46.325980,0 days 00:00:20.350408,0.1761393164232934,0.7935141944055573,16,0.0474075689886076,0.2234376818050861,0.04524881680868131,0.003442578491177699,0.05420383621558529,0.06988051571659845,0.00015032844203697384,10,148,0.07495827940356437,0.23490119539135754,True,False,False,2.252947597571065e-08,COMPLETE
