number,value,datetime_start,datetime_complete,duration,params_alpha-eval,params_alpha-train,params_batch-size,params_eps-eval,params_eps-train,params_lambda-actions-eval,params_lambda-actions-train,params_lambda-frames-eval,params_lambda-frames-train,params_learning-rate,params_n-epochs,params_n-frames,params_radius-gw,params_rho,params_std-feats,params_ub-actions,params_ub-frames,params_weight-decay,state
283,0.5998915076255799,2025-04-01 02:36:22.368585,2025-04-01 02:37:25.879961,0 days 00:01:03.511376,0.08767765242808594,0.9856216618155621,2,0.26558466113100493,0.27691669812103553,0.03056664901591691,0.040197845629962564,0.030758254047451174,0.0443855576907685,0.00018182987060406448,14,144,0.06695111207603331,0.2618347096301955,True,False,False,0.00032237190024249476,COMPLETE
284,0.6036661624908447,2025-04-01 02:37:25.980508,2025-04-01 02:38:30.198397,0 days 00:01:04.217889,0.07943990180399661,0.9763668449356715,2,0.2672560066473686,0.2930765852229247,0.0312081839824625,0.039323871627278725,0.029970264467907782,0.044757793703803235,0.0002868202498806223,14,145,0.06590866852971464,0.2599204748913598,True,False,False,0.0004154382735085722,COMPLETE
285,0.2947712779045105,2025-04-01 02:38:30.290609,2025-04-01 02:39:25.764738,0 days 00:00:55.474129,0.04928469996226133,0.9814904817274532,2,0.28980946998135687,0.2952643213841662,0.032736885995916586,0.03933713863116121,0.02813430900163776,0.04535111921750003,0.0002847520314817569,14,148,0.06636118073047137,0.25247148770206884,True,False,True,0.00044719352042984893,COMPLETE
286,0.5972062230110169,2025-04-01 02:39:25.856960,2025-04-01 02:40:29.972649,0 days 00:01:04.115689,0.07915490346158909,0.9868128667375003,2,0.26563445731953855,0.27897650820496894,0.030627129741955042,0.03714327434798822,0.030212195201593142,0.040578678280104745,0.0002401957463376124,14,144,0.0685174831025722,0.2639850892689865,True,False,False,0.0003519081536924504,COMPLETE
287,0.5986009597778321,2025-04-01 02:40:30.065962,2025-04-01 02:41:34.329447,0 days 00:01:04.263485,0.08614724470095703,0.985515894394133,2,0.26653598107814946,0.2786233051747515,0.030369615919551857,0.034757081934060255,0.02987385794680266,0.04016656361044048,0.0002443157982025421,14,144,0.06538396810586974,0.2611190018350197,True,False,False,0.0003356284640932273,COMPLETE
288,0.5843734979629517,2025-04-01 02:41:34.432558,2025-04-01 02:42:38.254824,0 days 00:01:03.822266,0.08267101664206264,0.9884036354368105,2,0.2671622325539197,0.27963363450048373,0.030336998541121762,0.035198256062406584,0.02977118295077892,0.046457139907093575,0.0002477692284336154,14,145,0.06720079310308144,0.26129608862306963,True,False,False,0.0005543078901285363,COMPLETE
289,0.3952083230018616,2025-04-01 02:42:38.348019,2025-04-01 02:43:07.513831,0 days 00:00:29.165812,0.07482018607276827,0.9633067796971383,8,0.27333633372194965,0.29122107568332556,0.03401958080306325,0.03305998499311383,0.026368431259649234,0.03798238761673722,0.00032118138029229963,16,144,0.06342188460780762,0.2595503411076301,True,False,False,0.00033262274428291294,COMPLETE
290,0.6024872899055481,2025-04-01 02:43:07.607628,2025-04-01 02:44:11.642087,0 days 00:01:04.034459,0.09297768218585568,0.9845665243719992,2,0.26248023306457385,0.27430560263559095,0.03142975622145481,0.03800256128407142,0.031172347436481975,0.04419738676611425,0.00018335653597523855,14,143,0.06849840152409406,0.2672302249526416,True,False,False,0.0004032437686712361,COMPLETE
291,0.41114028692245486,2025-04-01 02:44:11.736974,2025-04-01 02:45:10.865757,0 days 00:00:59.128783,0.09397944879967629,0.9984519108965683,2,0.2641697197496765,0.2752099939790555,0.03079379042754953,0.037623869795856524,0.03100415319085173,0.0398894605475335,0.00021467685373205067,13,143,0.06805154269468772,0.26516644280581736,False,False,False,0.00040491878371046603,COMPLETE
292,0.5888060927391052,2025-04-01 02:45:10.959618,2025-04-01 02:46:14.721985,0 days 00:01:03.762367,0.06611567208229054,0.9784390719523847,2,0.2794480234471457,0.28425796176702856,0.0329694390658978,0.038967012911076196,0.033118327455449695,0.04493540918511896,0.00018317742564446919,14,146,0.06537439669568343,0.2562804736152036,True,False,False,0.00029740399297903603,COMPLETE
293,0.44585258960723884,2025-04-01 02:46:14.826423,2025-04-01 02:47:21.739452,0 days 00:01:06.913029,0.08883562382257978,0.9619694781428705,2,0.2702009244294448,0.26769947172481856,0.026499157353468614,0.04085481311677654,0.03481171978346865,0.04399251773072179,0.00025462755125464686,15,142,0.06822565351425815,0.26700843132165053,True,False,False,0.0006252109897012803,COMPLETE
294,0.4380563259124756,2025-04-01 02:47:21.834901,2025-04-01 02:48:29.174342,0 days 00:01:07.339441,0.06635253151307105,0.9802467027855494,2,0.2564339181291868,0.2792485111013055,0.028946500499595906,0.035612214866161555,0.027183562195578388,0.0423555364389507,0.00017327820982362277,15,150,0.0707628237658681,0.24923388091756524,True,False,False,0.0003982853724056607,COMPLETE
295,0.2797684073448181,2025-04-01 02:48:29.268980,2025-04-01 02:49:24.691669,0 days 00:00:55.422689,0.04889792252466311,0.9982142751660981,2,0.2643539543566116,0.2897901866666326,0.03201692598362616,0.031781090072287854,0.025291457757897495,0.047799984538658295,0.00020851089870618572,14,144,0.06556200425919408,0.27001321748461016,True,True,False,0.00048518646697019187,COMPLETE
296,0.42598360776901245,2025-04-01 02:49:24.788901,2025-04-01 02:50:25.092378,0 days 00:01:00.303477,0.10984536310723014,0.957558917524258,2,0.2783238315352726,0.27129763270020957,0.02966734557860951,0.04150770959143235,0.032023380965885265,0.041018141955265416,0.00028388721278841387,13,142,0.07120297283880446,0.26012203871929107,True,False,False,0.0003228418563282995,COMPLETE
297,0.4365870594978333,2025-04-01 02:50:25.187695,2025-04-01 02:51:32.573938,0 days 00:01:07.386243,0.08170714640504557,0.9753375448351828,2,0.2884339478493921,0.26128290038387686,0.03517666242080801,0.03761016755670945,0.030235035969038787,0.05041796842999778,0.0001517779581656614,15,147,0.06980001136427853,0.2711768329968836,True,False,False,0.0002610323320094327,COMPLETE
298,0.5782934546470643,2025-04-01 02:51:32.680638,2025-04-01 02:52:35.617863,0 days 00:01:02.937225,0.03732685715993252,0.955388601618263,2,0.29548017793823417,0.2747828836620349,0.03394890842177468,0.040694345367987834,0.02307700097252087,0.04422366942044207,0.00023245734283857333,14,141,0.06688311545050618,0.26644438194745546,True,False,False,0.00022564698435717767,COMPLETE
299,0.44661238193511965,2025-04-01 02:52:35.713386,2025-04-01 02:53:46.403257,0 days 00:01:10.689871,0.058016082966727105,0.9822183559727515,2,0.271567599557198,0.26453872509216647,0.03128972122427705,0.029165733571898937,0.028776941099957907,0.046339242131205736,0.00018767888793027216,16,146,0.07522500171518567,0.2530843797267426,True,False,False,0.0003586900310347607,COMPLETE
300,0.5978605031967164,2025-04-01 02:53:46.499695,2025-04-01 02:54:46.320730,0 days 00:00:59.821035,0.12939956876421305,0.963428259863778,2,0.25951685166027233,0.2818244861901389,0.0376798650230933,0.03903529087012292,0.005750847002551018,0.03863647628172383,0.00034834827465216175,13,140,0.06076455654225579,0.25957240743789045,True,False,False,0.00025369523263879046,COMPLETE
301,0.5740616083145142,2025-04-01 02:54:46.417193,2025-04-01 02:55:46.918099,0 days 00:01:00.500906,0.12104093069923089,0.9665469405012609,2,0.25536588405275357,0.2815845799611373,0.03587419059696371,0.03912320165993847,0.006331522427039717,0.03961063911791569,0.00034410597153085884,13,143,0.06189529653956394,0.2608965286311152,True,False,False,0.0005195076693967325,COMPLETE
302,0.4311857342720032,2025-04-01 02:55:47.015944,2025-04-01 02:56:44.150529,0 days 00:00:57.134585,0.09358680313695936,0.9990701864943078,2,0.26244191030717884,0.28530019104896054,0.027673181793376585,0.04221941351258748,0.03597162736166515,0.043864808994403,0.00038323619017669716,12,150,0.06395487208919529,0.27387776006008435,True,False,False,0.00030658363649705897,COMPLETE
303,0.4309288501739502,2025-04-01 02:56:44.257319,2025-04-01 02:57:51.075528,0 days 00:01:06.818209,0.06993649743323893,0.9512198524132376,2,0.2666078255330666,0.29940265180767284,0.03798365414422937,0.03641376334403064,0.003863395470225603,0.050478919237549345,0.00026534065404137957,15,140,0.0011377122364212289,0.25544465985210135,True,False,False,0.00022068172228253535,COMPLETE
304,0.4376714110374451,2025-04-01 02:57:51.173652,2025-04-01 02:58:54.579349,0 days 00:01:03.405697,0.08667846013300498,0.9776929756442008,2,0.2794417890309109,0.25473455240842807,0.033324258796442616,0.03965615158034678,0.02892225078901329,0.048108089270090186,0.00015278910575864356,14,142,0.06890129124838737,0.26487095704499963,True,False,False,0.0003742687439120966,COMPLETE
305,0.5949955821037293,2025-04-01 02:58:54.677550,2025-04-01 03:00:02.163058,0 days 00:01:07.485508,0.026393157708406275,0.9337852424743385,2,0.27020948494902125,0.2697537026167832,0.037743881498432504,0.03413309085365977,0.020620119864513085,0.03513319372578352,0.00021523605259356709,15,145,0.060753128186587874,0.2736381422902255,True,False,False,0.00027273834729380945,COMPLETE
306,0.278430312871933,2025-04-01 03:00:02.261673,2025-04-01 03:01:00.836656,0 days 00:00:58.574983,0.023499274777818182,0.9324363635120183,2,0.25180072245647955,0.2698383282826471,0.037327272762959,0.03445355431445322,0.01129523189416815,0.037078829100844694,0.0002243723315615643,15,146,0.05974924038750879,0.2481758851154093,True,False,True,0.00024333606554700584,COMPLETE
307,0.4388335704803467,2025-04-01 03:01:00.945673,2025-04-01 03:02:11.701949,0 days 00:01:10.756276,0.048779477579847116,0.9520176992927375,2,0.2718275465613815,0.26413694280832806,0.038407878311376105,0.03336421786471442,0.015221519225797809,0.04195151681044913,0.00027890196428556255,16,147,0.07273383335083057,0.2611349933959248,True,False,False,0.0006896901220368007,COMPLETE
308,0.4413718700408936,2025-04-01 03:02:11.802648,2025-04-01 03:03:08.738790,0 days 00:00:56.936142,0.01242708630081424,0.9306669951218258,2,0.2608921055458083,0.2729443298315045,0.03527223184050294,0.03696931019217829,0.02078347833966157,0.03892236487577394,0.00014268317082732465,12,139,0.07163781043398941,0.26654515686980385,True,False,False,0.0004132888037333465,COMPLETE
309,0.5666974186897278,2025-04-01 03:03:08.838818,2025-04-01 03:04:09.101060,0 days 00:01:00.262242,0.6272571151786922,0.9614802061157838,2,0.2585306111688866,0.2906400927950433,0.030330705186055806,0.04224929340343094,0.017777617521478665,0.03556834535409032,0.00020333442899765392,13,144,0.06083398794321325,0.25486909924070883,True,False,False,0.000263676887898602,COMPLETE
310,0.4260847806930542,2025-04-01 03:04:09.202007,2025-04-01 03:05:15.542990,0 days 00:01:06.340983,0.03570065450150682,0.9439600117029379,2,0.278539263692897,0.25838861852665235,0.03653573255277187,0.04441740024914498,0.007551303061210574,0.040958750946634495,0.000314082604711228,15,140,0.06497564206557396,0.27372663915095047,False,False,False,0.00019974309797962398,COMPLETE
311,0.42636344432830814,2025-04-01 03:05:15.643613,2025-04-01 03:06:19.586661,0 days 00:01:03.943048,0.06447272998073673,0.9994060407576963,2,0.2857409378829614,0.27969676442426944,0.04013397781140947,0.04594830848769699,0.008677875721712532,0.05095767004867052,0.00016702964868761362,14,144,0.07532607659467837,0.27519867483492105,True,False,False,0.00048570668412982384,COMPLETE
312,0.4408602595329285,2025-04-01 03:06:19.697082,2025-04-01 03:07:29.569433,0 days 00:01:09.872351,0.1316357934862778,0.96187231162874,2,0.2688914222267995,0.269478346694457,0.028400114254778192,0.037746584704237376,0.0018213674737719739,0.04696992703367636,0.000132367058442056,16,150,0.07303535228415764,0.2652901462732218,True,False,False,0.0002903489229787677,COMPLETE
313,0.5728079795837403,2025-04-01 03:07:29.670079,2025-04-01 03:08:42.357721,0 days 00:01:12.687642,0.02840934170904961,0.9363962889048633,2,0.2714254266138293,0.26394042745360535,0.03310044025367239,0.04352599793445486,0.02513912323214989,0.03360229538952127,0.00022495833534895776,17,139,0.055269016368524625,0.25894920161965435,True,False,False,0.00020457246860156836,COMPLETE
314,0.5772472739219666,2025-04-01 03:08:42.459719,2025-04-01 03:09:49.372196,0 days 00:01:06.912477,0.010233781898380478,0.976065562469063,2,0.24857670614428806,0.2852359327511647,0.02496879791684819,0.041661471041372085,0.033509303631824416,0.04302446583331615,0.00044934503367878836,15,138,0.05763678261737059,0.26975166254953625,True,False,False,0.0003827700417302011,COMPLETE
315,0.2881361186504364,2025-04-01 03:09:49.475564,2025-04-01 03:10:41.985891,0 days 00:00:52.510327,0.05543456378785591,0.928808146267747,2,0.2581896900741669,0.27493977270194386,0.03478331175942681,0.03566264084197883,0.031390945996894536,0.030964370237184485,0.00016451591405346598,14,12,0.07012089734958275,0.2507104157778322,True,True,False,0.0002535195623652917,COMPLETE
316,0.44687787294387815,2025-04-01 03:10:42.098093,2025-04-01 03:11:48.685371,0 days 00:01:06.587278,0.10443527983849926,0.9608805924833641,2,0.2748116395811066,0.25772753976547824,0.02682651172498567,0.03208256506064954,0.013617230245377405,0.04869228571564043,0.00011660201846169843,15,147,0.06319900850945061,0.26292523695161385,True,False,False,0.0005893326609456688,COMPLETE
317,0.4413154721260071,2025-04-01 03:11:48.787371,2025-04-01 03:12:58.704118,0 days 00:01:09.916747,0.07252786864266295,0.9823527718515679,2,0.264573387875009,0.24983174422308974,0.03068218533045175,0.038517012224860564,0.04928455045035557,0.0409564203169204,0.00013256129256888127,16,142,0.07657060298105677,0.2744679024300337,True,False,False,0.0003263171794524605,COMPLETE
318,0.44620426893234255,2025-04-01 03:12:58.807994,2025-04-01 03:13:58.894917,0 days 00:01:00.086923,0.035804340248177344,0.951417433953794,2,0.2514450445239423,0.2694373019149692,0.03394893171818718,0.04574208166501187,0.038815852684128585,0.04520152830093362,0.00018797148457762745,13,138,0.06688831261992421,0.2553162400794968,True,False,False,0.00046045317922774846,COMPLETE
319,0.4369824409484864,2025-04-01 03:13:58.999985,2025-04-01 03:15:02.506510,0 days 00:01:03.506525,0.6018924511605491,0.9829650651615254,2,0.28170482753215265,0.27887434456717225,0.0294697700109616,0.03046221634218621,0.02703076842683736,0.04751998590150784,0.00023725214050300777,14,136,0.06974073505919223,0.2714201398866704,True,False,False,0.0002142369097684447,COMPLETE
320,0.4360247135162354,2025-04-01 03:15:02.620851,2025-04-01 03:16:06.450046,0 days 00:01:03.829195,0.6598529740411587,0.9270907339078504,2,0.2747562889350888,0.26320367318918997,0.041136289047328724,0.03420644179780064,0.02098139882206747,0.05126765662709501,0.0001483662393292154,14,145,0.0733650128881806,0.24445275787182624,True,False,False,0.00027137726292386633,COMPLETE
321,0.4309288501739502,2025-04-01 03:16:06.553012,2025-04-01 03:17:13.321675,0 days 00:01:06.768663,0.05056275553938536,0.9690256624350582,2,0.26359529555258626,0.27403600148550783,0.037586233732239564,0.04163698013274685,0.004345473665744129,0.04336222112888202,0.00011729127865808688,15,142,0.004883709942444674,0.277064990386828,True,False,False,0.00018976288134317206,COMPLETE
322,0.41821790933609015,2025-04-01 03:17:13.425257,2025-04-01 03:18:24.623717,0 days 00:01:11.198460,0.06876353280180478,0.9425888802957559,2,0.2571032389762142,0.29078743011030017,0.043959193068679195,0.04296627196343643,0.035944734324708884,0.049379902350537505,0.0003037728432244053,17,64,0.07129123922603997,0.2683182710669272,True,False,False,0.0003793554438551505,COMPLETE
323,0.41683460474014283,2025-04-01 03:18:24.727547,2025-04-01 03:19:24.978138,0 days 00:01:00.250591,0.030956394895042656,0.9974674125884218,2,0.2691928796944625,0.2670814630989504,0.03212677782979716,0.03958087178864962,0.030055029231967623,0.03919058022759702,1.2893839847173797e-05,13,136,0.07962245950106127,0.26060354580732814,True,False,False,0.0003089453655314551,COMPLETE
324,0.3858535885810852,2025-04-01 03:19:25.083104,2025-04-01 03:20:41.731801,0 days 00:01:16.648697,0.10683570161468957,0.9662069995151779,2,0.2777518118522869,0.28434848586623584,0.035926490333584075,0.09780065563900589,0.045177075867330434,0.04588973073166404,0.00017872615335463748,18,141,0.05163590201960435,0.2769411806029224,True,False,False,0.00024402379704009197,COMPLETE
325,0.46068165302276615,2025-04-01 03:20:41.846722,2025-04-01 03:21:43.252052,0 days 00:01:01.405330,0.05047110973007773,0.8265317963230342,2,0.26882569270594825,0.25346767792587555,0.08283581027106811,0.0364705317006337,0.01942367423554143,0.05193452706196014,0.0001440765752095211,16,148,0.06688965851170212,0.2643181155580308,True,False,True,0.0005222445515189921,COMPLETE
326,0.42057141065597536,2025-04-01 03:21:43.357922,2025-04-01 03:22:46.414377,0 days 00:01:03.056455,0.011136301994255034,0.9495851095189044,2,0.2933295175190244,0.27676146733858675,0.031970939804392716,0.04484228184641893,0.028421288432808625,0.0413051163311665,0.0002160010575449718,14,138,0.07457909929117154,0.1335992957426378,True,False,False,0.0003736888218080465,COMPLETE
327,0.4377153038978577,2025-04-01 03:22:46.519819,2025-04-01 03:23:54.573691,0 days 00:01:08.053872,0.6993300187601964,0.922831369038702,2,0.25185806793857174,0.2697692572974237,0.028416283773698463,0.040597366531586986,0.023920648934525272,0.043726287301417206,0.00025563867325037763,15,144,0.07759757259794327,0.25800713737177144,True,False,False,0.00017253429161048498,COMPLETE
328,0.3889427900314331,2025-04-01 03:23:54.679784,2025-04-01 03:24:51.654033,0 days 00:00:56.974249,0.07834214450164625,0.9994606705286934,2,0.2609580689558006,0.25922859107992635,0.03417952450222628,0.04624298148653305,0.03161343647435781,0.03786549631457618,0.00011362379249399154,12,136,0.06997738189895471,0.17975163123768262,True,False,False,0.0007938695619430041,COMPLETE
329,0.45511204004287725,2025-04-01 03:24:51.769185,2025-04-01 03:25:58.061557,0 days 00:01:06.292372,0.04459652661969194,0.9775033498526372,2,0.2860828284492897,0.27204604119532916,0.03859414077878213,0.04311525215127006,0.010326264483753272,0.026689802396438388,0.0003702003753427843,15,135,0.06554019411075516,0.2690454189574713,False,False,False,0.0002838422539474319,COMPLETE
330,0.43481545448303227,2025-04-01 03:25:58.167265,2025-04-01 03:26:58.376539,0 days 00:01:00.209274,0.029326477987980947,0.914041869068809,2,0.2715546556833032,0.284243462578171,0.0256667513878288,0.03821884459361952,0.025596091851130483,0.04651850123835335,0.00016720278330721944,13,140,0.07217949853778724,0.2769832806227632,True,False,False,0.0004362743906127808,COMPLETE
331,0.43302253484725955,2025-04-01 03:26:58.484084,2025-04-01 03:28:02.266745,0 days 00:01:03.782661,0.06271494068984171,0.9498784975113592,2,0.2642345108591132,0.26466215731178416,0.03093323728790722,0.027127490342062657,0.005997676866078111,0.049566234416351544,0.00013215215350478182,14,146,0.06862574427694171,0.25295619405964725,True,False,False,0.00021842049097345562,COMPLETE
332,0.41874433755874635,2025-04-01 03:28:02.373986,2025-04-01 03:28:31.251254,0 days 00:00:28.877268,0.12322274198872532,0.970220150835789,8,0.24687605141435948,0.29412027438865557,0.03585228588137267,0.035786681109718006,0.06418488227980414,0.0398244630346566,0.00021826495730855824,16,140,0.06312094430879477,0.26775349548686,True,False,False,0.0001754315770586129,COMPLETE
333,0.4237470626831055,2025-04-01 03:28:31.368577,2025-04-01 03:29:34.737421,0 days 00:01:03.368844,0.09422605224550062,0.9388705665363102,2,0.05634966946627146,0.2809895721310117,0.04214530144745024,0.041511464651945724,0.03241685792459273,0.044878049875498593,0.00018652567931986213,14,137,0.07391259251186297,0.27763175028521725,True,False,False,0.0003366845391864421,COMPLETE
334,0.2797684073448181,2025-04-01 03:29:34.844729,2025-04-01 03:30:32.705535,0 days 00:00:57.860806,0.06954611890483946,0.9845490481155004,2,0.1428967070414687,0.2765426992492544,0.08604594656308977,0.04421654705350047,0.03495832996981126,0.042737559208765444,0.00012293145808576464,15,134,0.07157038182635148,0.2616433619260712,True,True,False,9.346584486558328e-06,COMPLETE
335,0.4372353792190552,2025-04-01 03:30:32.814032,2025-04-01 03:30:53.165259,0 days 00:00:20.351227,0.04498253761371173,0.8572581989345045,16,0.2760010165244401,0.2678100614664053,0.029291219969213158,0.03978605733045419,0.058856328450202736,0.034904584693141644,0.00015082828106106606,16,55,0.06864973740280457,0.03278276556560154,True,False,False,0.0002587701058134906,COMPLETE
336,0.43327500820159914,2025-04-01 03:30:53.273501,2025-04-01 03:31:57.094224,0 days 00:01:03.820723,0.025787106782162707,0.960956173639741,2,0.25885638950783857,0.25932913058254453,0.032694014443604515,0.03425681262491618,0.02764811943504343,0.04798689086630829,0.0002760397800349858,14,144,0.06700377832091628,0.2704302972669362,True,False,False,0.0006054093771370368,COMPLETE
337,0.43418897986412053,2025-04-01 03:31:57.213894,2025-04-01 03:32:19.401370,0 days 00:00:22.187476,0.09201025477398247,0.8969042786242106,16,0.2554545644179749,0.2724819882393509,0.026690921614430256,0.0939289709488206,0.030946235456187375,0.04658852895403191,0.00010496752536290188,13,150,0.07620440828951504,0.11234034661406236,True,False,False,0.0004498463652338586,COMPLETE
338,0.3919562458992005,2025-04-01 03:32:19.510147,2025-04-01 03:32:45.073202,0 days 00:00:25.563055,0.06647396700892941,0.9210497004745385,16,0.2820943932260298,0.2865797330387114,0.039540720706057866,0.03697747305497074,0.0015142529820396777,0.0493191007250154,0.0001973700380011867,19,134,0.06435422367436902,0.2439632676906176,True,False,False,0.00031321661791712356,COMPLETE
