number,value,datetime_start,datetime_complete,duration,params_alpha-eval,params_alpha-train,params_batch-size,params_eps-eval,params_eps-train,params_lambda-actions-eval,params_lambda-actions-train,params_lambda-frames-eval,params_lambda-frames-train,params_learning-rate,params_n-epochs,params_n-frames,params_radius-gw,params_rho,params_std-feats,params_ub-actions,params_ub-frames,params_weight-decay,state
1022,0.429404091835022,2025-04-21 23:14:40.835834,2025-04-21 23:14:59.319360,0 days 00:00:18.483526,0.3353761134748412,0.42708783475872775,8,0.06014709940554871,0.07881649754954767,0.09997174838031733,0.0015687644509096116,0.027775787164797762,0.023101275197728532,5.024637443779216e-05,5,82,0.011347957879192011,0.15746124889384144,True,False,False,7.988012055502642e-08,COMPLETE
1023,0.4353246331214905,2025-04-21 23:14:59.647388,2025-04-21 23:15:17.596716,0 days 00:00:17.949328,0.3596899134728063,0.44070815560716564,8,0.05270792319407101,0.07389456786363979,0.09722159603808024,0.004350730690743994,0.030939227593436838,0.021652978179327865,3.910194785674595e-05,5,84,0.008313034717854575,0.1580760145940532,False,False,False,6.554797156743007e-08,COMPLETE
1024,0.4312049388885498,2025-04-21 23:15:17.933730,2025-04-21 23:15:36.255454,0 days 00:00:18.321724,0.31971055888003097,0.44384788818878945,8,0.04453000135695465,0.08522115727077534,0.09794768556296003,0.006520169173764039,0.024931402123058645,0.024130473103494594,6.729278927177792e-05,5,81,0.006236320341013473,0.15265586193133493,True,False,False,1.0055188142583305e-07,COMPLETE
1025,0.39244667291641233,2025-04-21 23:15:36.584890,2025-04-21 23:15:55.339985,0 days 00:00:18.755095,0.3260294630421708,0.3977899127805203,8,0.0353665353977424,0.08772638990250228,0.09678560759935834,0.006799863432920707,0.03295458084602538,0.019520969879059796,3.674577425518798e-05,5,117,0.011058301405012275,0.16195476060129466,True,False,False,5.822855523414326e-08,COMPLETE
1026,0.42929848432540896,2025-04-21 23:15:55.671621,2025-04-21 23:16:13.927904,0 days 00:00:18.256283,0.34748568015491266,0.45381371576632606,8,0.04981372518911264,0.06573535374185092,0.09787932149162255,0.00584580115974959,0.02981345552472645,0.026242728404285567,4.759379050668725e-05,5,81,0.009825485321560825,0.15344103997816233,True,False,False,9.719899876762284e-08,COMPLETE
1027,0.4019156336784363,2025-04-21 23:16:14.244197,2025-04-21 23:16:48.212367,0 days 00:00:33.968170,0.38232409082459623,0.41823275660005954,2,0.061388242964902424,0.0642171911364189,0.09646951864014124,0.0023780394439601137,0.03295528956925726,0.02070756713510493,3.379166942611465e-05,5,84,0.013806653994080528,0.15865356958596227,True,False,False,1.1591228558558711e-07,COMPLETE
1028,0.4290910482406617,2025-04-21 23:16:48.540766,2025-04-21 23:17:06.802013,0 days 00:00:18.261247,0.350175008688748,0.45028372312357823,8,0.04265455482481749,0.07048051893844287,0.09594604424935896,0.027239242580260038,0.03187718569566362,0.02284332344394356,5.621646748045463e-05,5,85,0.010711681100992755,0.16512197254190256,True,False,False,8.547566185225715e-08,COMPLETE
1029,0.65381076335907,2025-04-21 23:17:07.133503,2025-04-21 23:17:25.472613,0 days 00:00:18.339110,0.33481758664174627,0.40646952031912326,8,0.05373633326176777,0.06080520201283025,0.09817836523435056,0.025914388426257456,0.028392662383979778,0.025308814715516135,4.195518759933097e-05,5,80,0.0132854801316352,0.14914088712627074,True,False,False,4.8200204014822356e-08,COMPLETE
1030,0.43794002532958987,2025-04-21 23:17:25.801449,2025-04-21 23:17:44.089143,0 days 00:00:18.287694,0.36601009486766733,0.38289298321626564,8,0.05661300476841205,0.06158842761877894,0.0999694354893586,0.02600132965510299,0.026598499463072904,0.0272213849186518,3.2280502117918e-05,5,78,0.01235723769131821,0.145227610227173,True,False,False,1.1622442298722859e-07,COMPLETE
1031,0.43261240720748906,2025-04-21 23:17:44.422389,2025-04-21 23:18:02.772376,0 days 00:00:18.349987,0.29426211373337663,0.40228966517103026,8,0.0612493473407385,0.05948185158612067,0.09837051953314817,0.02746536924399416,0.02479458492936754,0.026440003804701913,3.990244892398154e-05,5,79,0.00797600963372926,0.14893104952628458,True,False,False,6.179409336686418e-08,COMPLETE
1032,0.4368394494056702,2025-04-21 23:18:03.105302,2025-04-21 23:18:21.289003,0 days 00:00:18.183701,0.3132259775608267,0.40074503277468143,8,0.05416190785598229,0.05571190841178765,0.09555473892526936,0.02608212481524282,0.02745935111599834,0.025364122992244678,4.830939411383378e-05,5,78,0.010114859730090308,0.13759899990114868,True,False,False,7.715748978781388e-08,COMPLETE
1033,0.5475386381149292,2025-04-21 23:18:21.627120,2025-04-21 23:18:40.001998,0 days 00:00:18.374878,0.2768290409370001,0.4198674298875377,8,0.06406618825697248,0.04407680017710286,0.09834626101975419,0.0285249356904937,0.028566327462096607,0.0186629446851048,3.177504419552193e-05,5,85,0.004528698151447802,0.14336347835319652,True,False,False,9.867249340148798e-08,COMPLETE
1034,0.476021957397461,2025-04-21 23:18:40.320681,2025-04-21 23:18:56.726317,0 days 00:00:16.405636,0.32654429816030506,0.46117510186006455,8,0.05521649463068305,0.060269389728390105,0.09544702375767658,0.02577250071380915,0.02898785238920062,0.026008986362759664,6.217001574322924e-05,5,80,0.013743538133923937,0.13049640793139547,True,False,True,1.220758005835307e-07,COMPLETE
1035,0.4338411211967469,2025-04-21 23:18:57.057818,2025-04-21 23:19:15.443504,0 days 00:00:18.385686,0.34098878030483826,0.45126408814127017,8,0.05035722240797621,0.05406883183606791,0.09985726739137374,0.02922487805179783,0.02304997109148082,0.0214881360111003,3.642316762339304e-05,5,78,0.012187561596649198,0.15068255327950228,True,False,False,8.177542789697714e-08,COMPLETE
1036,0.44645258188247683,2025-04-21 23:19:15.774545,2025-04-21 23:19:34.177869,0 days 00:00:18.403324,0.33969995382820445,0.3784509639484154,8,0.0634499350650905,0.04635799398208697,0.09648471650531153,0.024529629663328435,0.030672059534078543,0.02492411087577141,4.517181147514067e-05,5,82,0.014191658005198254,0.13755684468232132,True,False,False,1.0256422422351399e-07,COMPLETE
1037,0.4393794178962708,2025-04-21 23:19:34.509860,2025-04-21 23:19:51.352028,0 days 00:00:16.842168,0.30298509287878256,0.41043204353351154,16,0.04945041407968635,0.06178328542286335,0.09463130718124815,0.027196621468218565,0.025832788138106404,0.023888048903151264,3.0992690980486605e-05,6,85,0.010905388155414655,0.14758604220444416,True,False,False,5.5148485214018946e-08,COMPLETE
1038,0.28554110527038573,2025-04-21 23:19:51.687641,2025-04-21 23:20:07.863297,0 days 00:00:16.175656,0.3264629370788193,0.43246518379383553,8,0.05804998600328898,0.04152697283860841,0.09715874981187847,0.029619671499758964,0.02901121310183925,0.021951399576366874,4.0187477952390224e-05,5,78,0.013362048364233672,0.15286754029879443,True,True,False,7.229872324762495e-08,COMPLETE
1039,0.4398544728755951,2025-04-21 23:20:08.199839,2025-04-21 23:20:27.822406,0 days 00:00:19.622567,0.3079654038946701,0.3734001791617778,8,0.05397709709127084,0.09330845078187414,0.09442652859084373,0.025990984980844237,0.03109431058283062,0.027073611876578564,2.9938310218811834e-05,6,109,0.010160704876941788,0.1457323890878534,True,False,False,1.2050644345803598e-07,COMPLETE
1040,0.41184848546981817,2025-04-21 23:20:28.157462,2025-04-21 23:20:55.722531,0 days 00:00:27.565069,0.3535296725810458,0.46331984200674664,8,0.048385185086125056,0.06972348661566785,0.09817667620754346,0.02773383056924025,0.027594498316584268,0.017927143107402385,7.622522410625053e-05,16,82,0.015672546834913613,0.14025786582163838,True,False,False,1.2120296202905873e-07,COMPLETE
1041,0.4401182293891907,2025-04-21 23:20:56.041223,2025-04-21 23:21:15.040009,0 days 00:00:18.998786,0.3315160642919267,0.4351704485867854,8,0.06391433443711615,0.051188894545440254,0.09573102654758232,0.024220192136706977,0.03398384301074298,0.02600434058548105,5.35358111977215e-05,6,80,0.01480232860653799,0.12454878549852796,True,False,False,9.156869705745152e-08,COMPLETE
1042,0.4453827261924744,2025-04-21 23:21:15.370041,2025-04-21 23:21:34.134045,0 days 00:00:18.764004,0.388885510929463,0.4054635250887674,8,0.04553991480657033,0.056142828297217805,0.09441301732554502,0.029558653425247335,0.030013623303616368,0.02373956405647965,3.798574808791655e-05,6,85,0.012797108756710923,0.15394071237685839,False,False,False,3.9664706602989226e-08,COMPLETE
1043,0.5505440950393677,2025-04-21 23:21:34.465362,2025-04-21 23:21:52.762269,0 days 00:00:18.296907,0.3194127705084411,0.4457001822159541,8,0.05761893525030109,0.02954527928424446,0.09671256145400965,0.0952004641376625,0.03417934788665073,0.02758288920527995,3.0013676239552476e-05,5,77,0.01483978280715998,0.13233601600263392,True,False,False,1.2320179306429495e-07,COMPLETE
1044,0.43934224843978886,2025-04-21 23:21:53.096418,2025-04-21 23:22:12.126428,0 days 00:00:19.030010,0.34700145554380635,0.46122391019193637,8,0.05368626518694359,0.046918823356874265,0.09383513677751261,0.02571449855333109,0.03188358009946121,0.0276714639628188,4.585363160805812e-05,6,82,0.008636232628742791,0.1508750202678646,True,False,False,5.5712853951040116e-08,COMPLETE
1045,0.4272610545158386,2025-04-21 23:22:12.463457,2025-04-21 23:22:51.357507,0 days 00:00:38.894050,0.3713346291417272,0.39131150786351465,8,0.044100351896259396,0.07615311059352375,0.09747202518069892,0.024027142463790976,0.026686496460556743,0.022253969467846125,3.5417909233790915e-05,29,77,0.011837950867268614,0.1564114922150426,True,False,False,6.642854942094402e-08,COMPLETE
1046,0.5637852311134339,2025-04-21 23:22:51.693895,2025-04-21 23:23:10.063901,0 days 00:00:18.370006,0.4085783424055479,0.456936221470851,8,0.049402626946540684,0.03761664487147015,0.09569004478534633,0.028184086514336786,0.029412055136387106,0.02483834611872331,3.089191696424869e-05,5,80,0.013841780233295476,0.14244778200351427,True,False,False,8.808183532911337e-08,COMPLETE
1047,0.5789780020713806,2025-04-21 23:23:10.404251,2025-04-21 23:23:29.222215,0 days 00:00:18.817964,0.2929010025877046,0.4186200219343072,8,0.03748389526948851,0.06524011640614936,0.0998796960668931,0.026701208680352275,0.03241322343872425,0.021127258017943705,4.236707609227162e-05,6,82,0.015382385480443062,0.1652511070128268,True,False,False,1.413033806039344e-07,COMPLETE
1048,0.6302462458610535,2025-04-21 23:23:29.564200,2025-04-21 23:23:47.723247,0 days 00:00:18.159047,0.3182227240643034,0.46133952533880124,8,0.03025324368215971,0.05352287676461926,0.09399782659090895,0.030014612843215775,0.034554345011340346,0.025370755006438914,2.9841321389606766e-05,5,78,0.015738317700521864,0.14690097624640125,True,False,False,1.0171640906208813e-07,COMPLETE
1049,0.40059819221496584,2025-04-21 23:23:48.046786,2025-04-21 23:24:25.107508,0 days 00:00:37.060722,0.3517436145145027,0.4301714111169876,2,0.05983668358973814,0.06240157513858084,0.09391383055777715,0.024469250373154276,0.031184119798881922,0.01885228380233545,3.5638613691453964e-05,6,85,0.012964991077784638,0.15679874947612576,True,False,False,4.7064662644571085e-08,COMPLETE
1050,0.609993314743042,2025-04-21 23:24:25.444956,2025-04-21 23:24:44.707732,0 days 00:00:19.262776,0.333851860298144,0.465682629271409,8,0.06611222709182354,0.042195861559552475,0.09751568588102688,0.027287313485512804,0.03578243786979613,0.027219807819042457,4.785328646341091e-05,6,79,0.011305809761904763,0.13785795085276,True,False,False,1.2838478299569808e-07,COMPLETE
1051,0.4481245517730713,2025-04-21 23:24:45.043834,2025-04-21 23:25:03.516370,0 days 00:00:18.472536,0.2968160732905436,0.43892308826547854,8,0.04745190165528108,0.047942338781532534,0.09594991667959053,0.025611001943239186,0.02927250130893881,0.023789932401273497,3.8418148045941504e-05,6,25,0.015932705617731857,0.15143369824789069,True,False,False,7.419269066954371e-08,COMPLETE
1052,0.3930355548858643,2025-04-21 23:25:03.854165,2025-04-21 23:25:21.737951,0 days 00:00:17.883786,0.38385665796738555,0.41092016712758533,8,0.041505073380776095,0.05810377412750981,0.09306427512637988,0.028762987010447123,0.0335436731416179,0.020739082712253443,0.0013023694376383885,5,82,0.013893381422386934,0.16135299919213253,True,False,False,3.123315424511982e-08,COMPLETE
1053,0.42394746541976935,2025-04-21 23:25:22.077489,2025-04-21 23:25:39.130067,0 days 00:00:17.052578,0.27420623486822215,0.4700421738673191,8,0.05426027001068246,0.03125460281662289,0.09846624152575242,0.02381641655889136,0.027473811284704722,0.027878264864124223,5.649010311622848e-05,6,77,0.015764813635109915,0.16914760763297204,True,False,True,1.2468284997248653e-07,COMPLETE
1054,0.42779524326324464,2025-04-21 23:25:39.471978,2025-04-21 23:25:57.864649,0 days 00:00:18.392671,0.3156218987638435,0.4442832684163648,8,0.03592719133688664,0.06966381661441629,0.09618039307785212,0.030165420256440992,0.03181865985968057,0.022914579560939587,2.966993919442502e-05,5,85,0.008939668127074935,0.14821298674549285,True,False,False,9.061399392240297e-08,COMPLETE
1055,0.6082619786262512,2025-04-21 23:25:58.203864,2025-04-21 23:26:17.318322,0 days 00:00:19.114458,0.33358371727421626,0.38612758760113175,8,0.04573671298232589,0.013706139376172065,0.09323873719276987,0.026993780287078804,0.03459429477436168,0.025590763980700537,3.501795443817983e-05,6,81,0.014729942898463135,0.14210943507305615,True,False,False,1.3649650589277104e-07,COMPLETE
1056,0.6503031134605408,2025-04-21 23:26:17.660199,2025-04-21 23:26:36.085364,0 days 00:00:18.425165,0.36458927657764767,0.4623324538582681,8,0.05910273550053654,0.05253211379307966,0.09490820253380367,0.02417821975544347,0.02544706822446486,0.028591328891838054,4.504817409751207e-05,5,77,0.016217116576548396,0.1568639671767854,True,False,False,1.0123585640782261e-08,COMPLETE
1057,0.28458707928657534,2025-04-21 23:26:36.410677,2025-04-21 23:26:52.716712,0 days 00:00:16.306035,0.35844800722712594,0.42778046734953873,8,0.0674892878281113,0.05488643118876357,0.0954158466344798,0.023240907840969705,0.023052659620854378,0.026910835998462345,5.493567079149619e-05,5,79,0.012407456962636523,0.1638922990031018,True,True,False,1.1186274816990581e-07,COMPLETE
1058,0.4340289950370789,2025-04-21 23:26:53.053903,2025-04-21 23:27:11.772118,0 days 00:00:18.718215,0.38826619468596446,0.45448733659121066,8,0.07100971088525923,0.059776456476889735,0.09827307705584754,0.023992266323491388,0.028901532384794322,0.015483687226181632,2.782410083827235e-05,5,83,0.010381237934053548,0.17204488247447589,True,False,False,7.097509642047775e-08,COMPLETE
1059,0.44055178165435793,2025-04-21 23:27:12.111099,2025-04-21 23:27:28.111586,0 days 00:00:16.000487,0.37237782500122135,0.4177105075306228,16,0.2968472288820887,0.05230515872643933,0.09650417062326577,0.02329927953231339,0.024704077201157058,0.028543030986152667,4.6218310075598604e-05,5,77,0.012880961441586836,0.15842682242896894,True,False,False,2.2802352563108368e-08,COMPLETE
1060,0.6205569744110108,2025-04-21 23:27:28.454146,2025-04-21 23:27:46.590355,0 days 00:00:18.136209,0.4229097578510578,0.46787979075638264,8,0.06135263497833577,0.06308600441540582,0.09380754656914596,0.0254572247956976,0.05332808925653758,0.024868328407033517,2.778466742676976e-05,5,81,0.015830730217812256,0.16718338246254413,True,False,False,1.3684593164459911e-08,COMPLETE
1061,0.41646498441696167,2025-04-21 23:27:46.928830,2025-04-21 23:28:24.220609,0 days 00:00:37.291779,0.39966388982174916,0.43020618996365784,8,0.056764177017374656,0.051400891834841714,0.09885424566874923,0.09856993503634287,0.022931027539716087,0.020548366970860488,7.227079444113526e-05,27,85,0.01433465979155664,0.15664286959459917,True,False,False,1.0142473907475581e-07,COMPLETE
1062,0.442396879196167,2025-04-21 23:28:24.566172,2025-04-21 23:28:42.514256,0 days 00:00:17.948084,0.35364063327347445,0.4455948572131331,8,0.06409810989157837,0.06627784731632226,0.09542844006814158,0.028926382623450587,0.026421688373106142,0.01798775593053773,0.004385606125372518,5,77,0.016728456850720535,0.1609022691085578,False,False,False,1.620611531425831e-08,COMPLETE
1063,0.6355701684951782,2025-04-21 23:28:42.854413,2025-04-21 23:29:01.095169,0 days 00:00:18.240756,0.3632681389241823,0.4051132578043709,8,0.06011931161702901,0.0578578807223916,0.09685814237056485,0.027645556221041218,0.024282138783090948,0.02293215998709157,3.7582896291641804e-05,5,80,0.014087504294204942,0.17347394569532043,True,False,False,1.966880064935793e-08,COMPLETE
1064,0.42699632644653324,2025-04-21 23:29:01.440042,2025-04-21 23:29:41.424288,0 days 00:00:39.984246,0.36170924074346344,0.4663514216476977,8,0.06718252010425058,0.08132148691891257,0.09377518248525081,0.02552184249944962,0.025306744079102658,0.026054339469816466,3.379733662726806e-05,30,85,0.007390516274056444,0.054724254971743644,True,False,False,1.526616425991907e-08,COMPLETE
1065,0.644371747970581,2025-04-21 23:29:41.771814,2025-04-21 23:30:00.087154,0 days 00:00:18.315340,0.39857880131962703,0.449850127194065,8,0.05480162250112184,0.04748552210922426,0.09816507872758064,0.02343034371764522,0.027295259906172032,0.028637079648373396,4.390013210594152e-05,5,77,0.017113544907509815,0.15370945022507917,True,False,False,8.221281213290666e-08,COMPLETE
1066,0.6608678936958313,2025-04-21 23:30:00.414629,2025-04-21 23:30:18.849077,0 days 00:00:18.434448,0.41232780716207573,0.39354727135010087,8,0.05393476031498871,0.0450024288146093,0.09938835059096701,0.022504168056358662,0.02599043381497967,0.028954109433523664,6.602926080435064e-05,5,76,0.017202967308145987,0.1654716819554326,True,False,False,8.880891586824609e-08,COMPLETE
1067,0.6463566184043885,2025-04-21 23:30:19.186742,2025-04-21 23:30:37.471707,0 days 00:00:18.284965,0.376606718649077,0.38613957415932976,8,0.05677552344086789,0.04278739663741191,0.09856683102247557,0.022367257458265358,0.025404428178730905,0.028593842158734468,6.689354488582721e-05,5,76,0.019045349826561066,0.16854588332749756,True,False,False,8.083695980783031e-08,COMPLETE
1068,0.4104417324066162,2025-04-21 23:30:37.813912,2025-04-21 23:30:56.226194,0 days 00:00:18.412282,0.42841467255545956,0.3857872361177292,8,0.05874549740512692,0.04314881232061849,0.09964249924574047,0.021882269259786837,0.023002374375344806,0.02907450194215454,0.00010218852423928035,5,75,0.017872837045939255,0.1746886147053412,True,False,False,7.326423534399188e-08,COMPLETE
1069,0.6590127706527711,2025-04-21 23:30:56.568977,2025-04-21 23:31:14.997738,0 days 00:00:18.428761,0.39603391762822,0.37820864312528024,8,0.06369133901079946,0.04314702075963407,0.09941720241833903,0.022552693879863358,0.02363963465841524,0.028902591869553147,6.708587553147829e-05,5,76,0.01837124885841923,0.17107549540397024,True,False,False,8.145953337118587e-08,COMPLETE
1070,0.6171853542327881,2025-04-21 23:31:15.343791,2025-04-21 23:31:33.637400,0 days 00:00:18.293609,0.4315109820862374,0.34934322231878595,8,0.0725362537721462,0.039974585518951264,0.09912391800206295,0.015120866623969074,0.021062371331332395,0.02828106111824625,5.983277485946905e-05,5,76,0.017715187174638887,0.17649128108316472,True,False,False,7.329723734057291e-08,COMPLETE
1071,0.6371917486190797,2025-04-21 23:31:33.981017,2025-04-21 23:31:52.354644,0 days 00:00:18.373627,0.40557921781816497,0.3587021318784034,8,0.06091223843065208,0.04133691682052179,0.09995430956248808,0.02211354539728713,0.01982814520234254,0.02862290854639713,9.882580421870167e-05,5,74,0.017189565465499,0.16973570436480717,True,False,False,8.703398733623914e-08,COMPLETE
1072,0.42320574522018434,2025-04-21 23:31:52.701465,2025-04-21 23:32:26.809201,0 days 00:00:34.107736,0.41267246514823686,0.3659211317104007,2,0.06715841460900714,0.04533394172491023,0.0998851670139794,0.020021363336262678,0.02421221568660022,0.028507222182060966,8.235432143555325e-05,5,76,0.016597777908133705,0.17423384996998856,True,False,False,7.650776366540309e-08,COMPLETE
1073,0.501336932182312,2025-04-21 23:32:27.152667,2025-04-21 23:32:43.677415,0 days 00:00:16.524748,0.3950122343665685,0.3463432046706627,8,0.06662302901959007,0.0388623089124535,0.09986361903103534,0.02271055236380555,0.021186409328392858,0.028743364701596417,7.452767313433899e-05,5,76,0.018583905139129036,0.17509577137356996,True,False,True,8.357811381558584e-08,COMPLETE
1074,0.6631682991981507,2025-04-21 23:32:44.025422,2025-04-21 23:33:02.217186,0 days 00:00:18.191764,0.3939669124214349,0.3425730961133533,8,0.0642654424174559,0.04621495782245735,0.09855552397777625,0.022119752603193377,0.026574476156102565,0.027051225125681044,7.464129810830436e-05,5,76,0.0165753097990191,0.1739020002356749,True,False,False,5.796653784970625e-08,COMPLETE
1075,0.586070466041565,2025-04-21 23:33:02.566391,2025-04-21 23:33:20.769172,0 days 00:00:18.202781,0.4204784873564398,0.3762573825352896,8,0.07079530231577634,0.037221559690246035,0.09995684424133325,0.019894978957105333,0.02209916258336667,0.027424980628685893,6.460363269629339e-05,5,75,0.01605783175642412,0.17368177036144355,True,False,False,5.899452817400335e-08,COMPLETE
1076,0.6400022506713868,2025-04-21 23:33:21.098614,2025-04-21 23:33:39.246295,0 days 00:00:18.147681,0.4171614224136514,0.3089270606231556,8,0.07378059586361073,0.044775008056766895,0.09862789460557138,0.016628808814927426,0.0235759295586522,0.026390259638612464,8.339992669861329e-05,5,75,0.014727934354059861,0.17627874134729954,True,False,False,5.5687014287949815e-08,COMPLETE
1077,0.2797684073448181,2025-04-21 23:33:39.589484,2025-04-21 23:33:55.801804,0 days 00:00:16.212320,0.39770537272859185,0.36293480015926394,8,0.06594516257081995,0.031731110914909225,0.09834661474819852,0.021473818923292257,0.02596111781563741,0.029166658371549012,0.00010954427141116636,5,76,0.016496343594371486,0.1691178033862507,True,True,False,1.1005487599313409e-08,COMPLETE
