number,value,datetime_start,datetime_complete,duration,params_alpha-eval,params_alpha-train,params_batch-size,params_eps-eval,params_eps-train,params_lambda-actions-eval,params_lambda-actions-train,params_lambda-frames-eval,params_lambda-frames-train,params_learning-rate,params_n-epochs,params_n-frames,params_radius-gw,params_rho,params_std-feats,params_ub-actions,params_ub-frames,params_weight-decay,state
340,0.526725459098816,2025-04-21 19:00:03.227457,2025-04-21 19:00:21.549038,0 days 00:00:18.321581,0.6101390011979317,0.4383844713651448,8,0.11201997987136535,0.15676027417066338,0.07161868666412774,0.0526931797371851,0.015623014855615144,0.0552666485207497,3.1693903021108915e-05,5,93,0.05193252936537908,0.20612313055644435,True,False,False,6.031943177245356e-05,COMPLETE
341,0.5442540407180786,2025-04-21 19:00:21.664499,2025-04-21 19:00:40.201751,0 days 00:00:18.537252,0.6170880552126626,0.43018936417681675,8,0.11770896065172226,0.17431943556903065,0.07746906484856947,0.04950193252840065,0.014883622020033103,0.05944745221383216,2.6157032974581504e-05,5,88,0.04848742311007812,0.20406164133869217,True,False,False,2.4453856901318404e-08,COMPLETE
342,0.5557632446289062,2025-04-21 19:00:40.310742,2025-04-21 19:00:59.058475,0 days 00:00:18.747733,0.5955118903351739,0.4644403068798653,8,0.12300289838980337,0.15489026956547364,0.07305611198656735,0.056264416827607244,0.01730670515688114,0.05400886233743701,1.9227637284457614e-05,5,101,0.043875711863111545,0.2166132137443849,True,False,False,1.623274532348174e-08,COMPLETE
343,0.5410424709320069,2025-04-21 19:00:59.164428,2025-04-21 19:01:17.582081,0 days 00:00:18.417653,0.6098490708929754,0.46320962055854054,8,0.12113908895669778,0.14928019514787025,0.07345179841380856,0.05465738099561915,0.012705967418897913,0.05350151682990939,1.7312035478538018e-05,5,100,0.04468459893266454,0.23585117328769611,True,False,False,1.0936972911919438e-08,COMPLETE
344,0.5585640192031861,2025-04-21 19:01:17.692098,2025-04-21 19:01:36.238855,0 days 00:00:18.546757,0.603962009864232,0.4840703752288485,8,0.1287605340387381,0.1581863127466009,0.07590201301018609,0.05919721025284763,0.018386358662798596,0.0512734613429848,2.0080002091045054e-05,5,97,0.0508245066420143,0.22104914447478824,True,False,False,4.514502661552425e-05,COMPLETE
345,0.549270522594452,2025-04-21 19:01:36.357082,2025-04-21 19:01:54.884335,0 days 00:00:18.527253,0.6379210791259612,0.4937937438888874,8,0.12891140796357634,0.14476875704995165,0.07569592903194737,0.04770804744679617,0.02052613031038207,0.04792482960723473,2.2627876252312038e-05,5,103,0.05069413776911559,0.22479299788335613,True,False,False,2.0497982338825385e-08,COMPLETE
346,0.5439599633216858,2025-04-21 19:01:54.992024,2025-04-21 19:02:13.496864,0 days 00:00:18.504840,0.6169291077754131,0.46340449948010937,8,0.11324414214835947,0.1637876292843701,0.07824326885731378,0.05952379578064933,0.018187818544742947,0.05136456893383504,2.5059977988140607e-05,5,101,0.05309264343652682,0.22806315542821173,True,False,False,1.9556945504759556e-08,COMPLETE
347,0.41206933259963996,2025-04-21 19:02:13.604032,2025-04-21 19:02:32.048635,0 days 00:00:18.444603,0.5942339051124065,0.5265358032904951,8,0.13457596488847323,0.15735478959871468,0.07582726162695884,0.05070183154236297,0.019580887090200182,0.08240399169192397,2.001912235717271e-05,5,105,0.04713697052661283,0.2161979170900403,True,False,False,4.1089904928308474e-08,COMPLETE
348,0.5225877285003663,2025-04-21 19:02:32.156479,2025-04-21 19:02:50.798397,0 days 00:00:18.641918,0.6525673250610978,0.48648938977725065,8,0.12427189234109316,0.16686010010893737,0.07022964825608558,0.05762321786924349,0.017168739160232472,0.055989778105176614,7.769099061828672e-05,5,98,0.0492549747773884,0.2182607255880899,True,False,False,1.3409039298247595e-08,COMPLETE
349,0.5377675414085388,2025-04-21 19:02:50.915940,2025-04-21 19:03:31.687920,0 days 00:00:40.771980,0.60085804880585,0.4514389116448582,8,0.11972299575128847,0.16601323543501123,0.0736495170340558,0.05546062625008185,0.016841565988308656,0.05059726874629303,1.7132535281145497e-05,30,97,0.04599474191179811,0.2337531281932107,True,False,False,2.7297056588071785e-08,COMPLETE
350,0.5204180598258973,2025-04-21 19:03:31.796673,2025-04-21 19:03:50.444364,0 days 00:00:18.647691,0.6224982537764943,0.49822106947283873,8,0.1283359945340262,0.1704240345908964,0.07024064635677106,0.059222428693155846,0.01352643897895765,0.053783177719725496,3.7762799527020594e-05,5,95,0.05095774189993092,0.21084135496501621,True,False,False,1.5881091658415582e-08,COMPLETE
351,0.3115757167339325,2025-04-21 19:03:50.553599,2025-04-21 19:04:07.220978,0 days 00:00:16.667379,0.5907413332200012,0.473980298782727,8,0.1362500222177177,0.13689595188048878,0.05029789307578245,0.053795959702955434,0.014477262051972173,0.05780222482798031,1.611625606228468e-05,5,94,0.040238354832603254,0.015050770767580435,True,False,True,2.897417931793571e-08,COMPLETE
352,0.5198935866355896,2025-04-21 19:04:07.330185,2025-04-21 19:04:44.166042,0 days 00:00:36.835857,0.5824641463345532,0.45767410459636165,2,0.11578779863492329,0.15093989801501395,0.07331415865223205,0.05665354203628069,0.013944449366671425,0.09955450421412242,0.0010897714786134683,6,102,0.04793309162586577,0.2147361299539764,True,False,False,5.353216461198886e-05,COMPLETE
353,0.4421842694282532,2025-04-21 19:04:44.285609,2025-04-21 19:05:02.532787,0 days 00:00:18.247178,0.6734278415292186,0.5088629535088135,8,0.12263461836905144,0.23442337171584784,0.07661197638935344,0.059997776620020246,0.02198954712045945,0.05305406158615199,2.726195003860682e-05,5,84,0.04414151340359215,0.19586134282638318,True,False,False,4.322916815584651e-05,COMPLETE
354,0.44321908950805666,2025-04-21 19:05:02.643495,2025-04-21 19:05:21.889214,0 days 00:00:19.245719,0.6070615709571486,0.4110588687342436,8,0.10813617618949593,0.1522238898744377,0.06758619695711532,0.04416046541957909,0.01884927465094323,0.055789263062834334,2.006668102440446e-05,6,92,0.05263529723322528,0.22418917891936013,True,False,False,1.3536879461457004e-08,COMPLETE
355,0.29815218448638914,2025-04-21 19:05:21.999909,2025-04-21 19:05:38.262140,0 days 00:00:16.262231,0.6293897908981023,0.47874517527531923,8,0.1420421921245667,0.14530018091105773,0.07470604827053683,0.05141986806397074,0.011981880014593398,0.0491776376692163,1.567139650818937e-05,5,87,0.04657894572918061,0.24395211142974116,True,True,False,6.440726417357865e-05,COMPLETE
356,0.5436878681182862,2025-04-21 19:05:38.371790,2025-04-21 19:05:57.797629,0 days 00:00:19.425839,0.5810512480412531,0.43775434152226067,8,0.1321953491512334,0.1586313980040097,0.07041696461102065,0.05819652528798499,0.01586827034153467,0.058238021830380744,1.9841690337130083e-05,6,99,0.049443966774114084,0.20965158743678666,True,False,False,1.724382278617701e-08,COMPLETE
357,0.44650558233261106,2025-04-21 19:05:57.917181,2025-04-21 19:06:16.689194,0 days 00:00:18.772013,0.6014705055280728,0.45596341999711054,8,0.1268549515084134,0.24589055944674792,0.0723738444776929,0.05507332021207291,0.012411295776899095,0.06425201692599629,1.6624635050434045e-05,6,88,0.02755974113678221,0.19590703017109623,False,False,False,1.3533090151300304e-07,COMPLETE
358,0.5238312959671021,2025-04-21 19:06:16.801837,2025-04-21 19:06:35.275585,0 days 00:00:18.473748,0.5704337704982219,0.4819884822599132,8,0.10067123756956341,0.23660518538013592,0.05571121440690706,0.06036054805597364,0.011038011100672544,0.05237639620532865,1.2742258659035652e-05,5,95,0.055001453484756206,0.21882585144883246,True,False,False,8.144180502124223e-05,COMPLETE
359,0.5225325465202332,2025-04-21 19:06:35.387645,2025-04-21 19:06:54.656663,0 days 00:00:19.269018,0.5842518400033111,0.5381952677840343,8,0.11815326350966424,0.1857897544995516,0.07809732424663604,0.05244405066311294,0.014144632485108085,0.04653456253944528,2.3548369028589254e-05,6,91,0.04421640748413441,0.18974976212827582,True,False,False,4.4619742849953006e-05,COMPLETE
360,0.4433503866195679,2025-04-21 19:06:54.779019,2025-04-21 19:07:14.036597,0 days 00:00:19.257578,0.6555646378760651,0.21253873063373985,8,0.13564731692555124,0.17199794537919566,0.06552090675880469,0.056447747658106416,0.01790569105623609,0.09138103560445571,1.6596328930411214e-05,6,84,0.051184562921392104,0.20614365746370863,True,False,False,5.2758929381908075e-08,COMPLETE
361,0.5197338700294495,2025-04-21 19:07:14.149683,2025-04-21 19:07:32.446288,0 days 00:00:18.296605,0.6263130023691326,0.5021500290944333,8,0.11113994398289455,0.23092900427147026,0.07436499304791734,0.058512701843629736,0.015596333837339715,0.060465169821269385,6.12848310492879e-05,5,88,0.04243802547572915,0.19929211161676447,True,False,False,5.732405723694966e-05,COMPLETE
362,0.5162292957305908,2025-04-21 19:07:32.559203,2025-04-21 19:07:51.892968,0 days 00:00:19.333765,0.5645232462109254,0.43468712462628933,8,0.12504274224875792,0.14648624715547545,0.06841388626610048,0.06041388604051823,0.011654073247751605,0.055327972882501256,0.0004149454995515172,6,97,0.047632570980206665,0.19051730989809698,True,False,False,2.8906112942955084e-08,COMPLETE
363,0.5381314873695374,2025-04-21 19:07:52.005202,2025-04-21 19:08:10.512021,0 days 00:00:18.506819,0.5891007830067407,0.45875692246028504,8,0.14197712383724975,0.22839159243969812,0.07221035322832024,0.05371124707528733,0.010244021120028805,0.05833895049942795,1.2312018012809313e-05,5,92,0.05327380437239027,0.19656500570375235,True,False,False,3.959202169263483e-05,COMPLETE
364,0.5207787394523621,2025-04-21 19:08:10.635426,2025-04-21 19:08:40.402974,0 days 00:00:29.767548,0.5537606330660582,0.403227872272186,8,0.12974359829068258,0.1280716740066034,0.07005029642357662,0.05699088071569911,0.013271905405036626,0.06918848270660906,1.577255720317903e-05,18,85,0.04026968629073529,0.18703500724919575,True,False,False,4.5727199943328825e-05,COMPLETE
365,0.5327376484870912,2025-04-21 19:08:40.517126,2025-04-21 19:09:00.835939,0 days 00:00:20.318813,0.6040510964244197,0.5203571724135413,8,0.11665130477483823,0.17943778768249272,0.07636863482625122,0.055480279874818836,0.015753940711079654,0.06577251694966073,1.994608002131308e-05,7,90,0.045769781943442514,0.21259159084085075,True,False,False,6.980545180605901e-05,COMPLETE
366,0.5398929953575134,2025-04-21 19:09:00.949837,2025-04-21 19:09:33.585273,0 days 00:00:32.635436,0.5444567046568944,0.4779751311403453,8,0.12249870573940855,0.15761152324200747,0.072734346199456,0.005962608781805143,0.010149520154800662,0.06277868651182192,3.159753256529418e-05,21,94,0.048916855264659775,0.20041473162536816,True,False,False,5.419640041005208e-07,COMPLETE
367,0.3762590885162354,2025-04-21 19:09:33.698730,2025-04-21 19:09:52.358090,0 days 00:00:18.659360,0.5671465933822605,0.42810276450351703,8,0.0019502266945789493,0.23779238995562463,0.06227493606339636,0.06095524427878507,0.020049705341716448,0.05725416071408353,1.2623243479814829e-05,6,87,0.043611710508983985,0.20684619787538855,True,False,False,3.613180988400515e-05,COMPLETE
368,0.5704036235809327,2025-04-21 19:09:52.482217,2025-04-21 19:10:10.846602,0 days 00:00:18.364385,0.6303267702363141,0.4538337351253317,8,0.1448611429206079,0.23037331802233982,0.07066216135947155,0.05005600364429936,0.013653454747520485,0.06060056245050667,1.8487989481593088e-05,5,90,0.037760120921013926,0.1940377683378626,True,False,False,2.427362892272462e-06,COMPLETE
369,0.4408887267112732,2025-04-21 19:10:10.960629,2025-04-21 19:10:29.305080,0 days 00:00:18.344451,0.6456342406205672,0.44537962982846924,8,0.13650325406058642,0.23152640295322618,0.06742760675368488,0.0480683833814307,0.017835758173874283,0.060205207108830615,2.5940149349719816e-05,5,84,0.038051748260451025,0.1933793213962442,True,False,False,5.309102955604621e-05,COMPLETE
370,0.5728449821472168,2025-04-21 19:10:29.420829,2025-04-21 19:10:47.855072,0 days 00:00:18.434243,0.6333166123178758,0.4885231161473144,8,0.13111565410514953,0.22580134359029175,0.07071171150445357,0.04918344605036268,0.014013508335270607,0.05019254700740396,1.983863339443391e-05,5,88,0.03667785450687553,0.20219052697764348,True,False,False,8.405132851277442e-05,COMPLETE
371,0.3115983843803406,2025-04-21 19:10:47.980781,2025-04-21 19:11:04.452137,0 days 00:00:16.471356,0.6658955834598492,0.5071899036680242,8,0.14715220184533442,0.23179487002245625,0.07000113881154568,0.04687287478848518,0.014654639161769439,0.054776194799314545,2.1821064043459016e-05,5,89,0.03508075913216055,0.20427759942821555,True,False,True,8.883804833739671e-05,COMPLETE
372,0.5366560339927674,2025-04-21 19:11:04.566823,2025-04-21 19:11:23.168142,0 days 00:00:18.601319,0.6335587990172811,0.4887279333869739,8,0.12984707479714477,0.23723996164742012,0.07095208761210346,0.04979359844509198,0.01634347512943874,0.07758302671913912,2.9423169123235933e-05,5,98,0.03736703841567145,0.21825948047697954,True,False,False,7.727925236758923e-07,COMPLETE
373,0.44299993515014646,2025-04-21 19:11:23.285403,2025-04-21 19:11:51.296392,0 days 00:00:28.010989,0.6140524619389989,0.059866115910964024,8,0.13721225839065887,0.24560160834098002,0.06869909428308756,0.051296688565461934,0.013114359614602018,0.05073528336480037,0.00021608769018143805,16,95,0.03066296313720725,0.2119344839384104,True,False,False,3.384035480644803e-08,COMPLETE
374,0.5258517980575561,2025-04-21 19:11:51.412395,2025-04-21 19:12:24.974358,0 days 00:00:33.561963,0.010655689046420835,0.46738392030477355,2,0.12164668511904168,0.22796542778261056,0.06568944142058565,0.04981250186536437,0.01410386988015969,0.06335117419814687,1.9455032319509366e-05,5,90,0.039446513831400715,0.2001547869471195,True,False,False,5.660597849459178e-05,COMPLETE
375,0.5478662133216858,2025-04-21 19:12:25.099518,2025-04-21 19:12:43.694979,0 days 00:00:18.595461,0.664878161282784,0.4893246462267969,8,0.14460670657070096,0.241644421522839,0.07513963537522908,0.045945412512797656,0.017342526572309756,0.060328195686892454,2.5544503151529577e-05,5,101,0.0408130386651015,0.23040266011765506,True,False,False,3.9992749911006466e-06,COMPLETE
376,0.28271143436431884,2025-04-21 19:12:43.811489,2025-04-21 19:13:00.036992,0 days 00:00:16.225503,0.6368007475446424,0.44830528683042775,8,0.1302993671101677,0.22596193496093142,0.07130609242145718,0.05283228684108627,0.038756850208550395,0.05629200303146492,1.8639119921228007e-05,5,54,0.034947952022438444,0.19440896272526714,True,True,False,2.5505992277679138e-06,COMPLETE
377,0.44725584983825684,2025-04-21 19:13:00.154044,2025-04-21 19:13:18.343426,0 days 00:00:18.189382,0.6232496545655131,0.41667989790975574,8,0.12581689736584978,0.22499644098387805,0.06908964049215487,0.05384897530242982,0.023248719165049544,0.06658997149698069,2.184679107525811e-05,5,93,0.04614081556330696,0.20639940703471993,False,False,False,2.6447120912762894e-07,COMPLETE
378,0.5668051958084107,2025-04-21 19:13:18.459849,2025-04-21 19:13:37.574263,0 days 00:00:19.114414,0.6912457345326755,0.5298075861382355,8,0.13464798334854106,0.23433321361278733,0.07944738808567775,0.05078637639781237,0.06994439400275827,0.05338257116080341,1.5328074255196623e-05,6,88,0.04212971137961187,0.19971615965498848,True,False,False,8.158697459820192e-05,COMPLETE
379,0.5740227818489075,2025-04-21 19:13:37.702000,2025-04-21 19:13:56.915616,0 days 00:00:19.213616,0.6878636025001673,0.5463469938215861,8,0.14149189463361864,0.24132944538765086,0.07751201191125741,0.04930425574151524,0.07730287378236145,0.052392836447890695,1.534126503593578e-05,6,87,0.03246713072962304,0.19792353866300855,True,False,False,9.361235128047842e-05,COMPLETE
380,0.5685614466667176,2025-04-21 19:13:57.033031,2025-04-21 19:14:16.137132,0 days 00:00:19.104101,0.7048703209248036,0.5570951653024677,8,0.14146929496075802,0.24274215832077017,0.07709376597958158,0.04945105165816659,0.07619934544582795,0.04833653881018627,1.5295871571649642e-05,6,86,0.03888897170790611,0.19816285480525458,True,False,False,1.4508575558313104e-06,COMPLETE
381,0.44527993202209476,2025-04-21 19:14:16.255221,2025-04-21 19:14:36.297209,0 days 00:00:20.041988,0.7295268154728687,0.5472817707697557,8,0.14035238161840125,0.25241145595094233,0.08015775438726873,0.0433542304622799,0.07395790708315966,0.051470066581182985,1.5289510966627556e-05,7,86,0.03412857641600663,0.20007021869652958,True,False,False,2.0148548439295417e-06,COMPLETE
382,0.4485438227653504,2025-04-21 19:14:36.428174,2025-04-21 19:15:01.953337,0 days 00:00:25.525163,0.7503865791306299,0.5348034011048203,8,0.1463468589538857,0.2451736372258497,0.08150086467636683,0.048663931182274904,0.07128921320803838,0.0459981234630569,1.5449082521239422e-05,13,84,0.03688280112368519,0.2025701783998013,True,False,False,9.415850547171632e-05,COMPLETE
383,0.567834985256195,2025-04-21 19:15:02.072843,2025-04-21 19:15:21.277732,0 days 00:00:19.204889,0.6629686510739539,0.5648556127847311,8,0.13386267394948215,0.24065328617041987,0.07770005697468596,0.050186012805353196,0.0129683482809403,0.05282191523916214,1.811250168877352e-05,6,87,0.0377762017379665,0.19544227613070586,True,False,False,8.117788167643019e-05,COMPLETE
384,0.5296670079231263,2025-04-21 19:15:21.396471,2025-04-21 19:15:40.652678,0 days 00:00:19.256207,0.7256240629212547,0.5689106611387844,8,0.13553062309619895,0.24770603110264935,0.08409634554166769,0.04670996901132014,0.07890678769832601,0.04807422330086798,2.3655314358142585e-05,6,87,0.03927718721294273,0.19608190590811483,True,False,False,1.3036502125863566e-06,COMPLETE
385,0.4466539144515992,2025-04-21 19:15:40.782154,2025-04-21 19:16:00.788432,0 days 00:00:20.006278,0.6834605515113266,0.1681323841950128,8,0.14049462470838173,0.24138386210967236,0.07951075751040951,0.04970231121847722,0.014465683446434775,0.050491550843969175,1.8796180576362996e-05,7,83,0.030161407583039673,0.2094260945623164,True,False,False,0.00011196530280665592,COMPLETE
386,0.5790174365043641,2025-04-21 19:16:00.908418,2025-04-21 19:16:20.174102,0 days 00:00:19.265684,0.6641863358203599,0.5441581562706832,8,0.13333341667441986,0.24144360502275491,0.07868046315897143,0.04126092695416571,0.06648090420907428,0.04932954821328551,1.8022858416187763e-05,6,88,0.032300388566024636,0.20287207296344015,True,False,False,8.029691350214789e-05,COMPLETE
387,0.5686447620391846,2025-04-21 19:16:20.294398,2025-04-21 19:16:40.594414,0 days 00:00:20.300016,0.6994501037230816,0.5686665605398136,8,0.1348930505677901,0.2492932555520162,0.08328340616881365,0.04156222384901291,0.06853133611111803,0.049553579166297025,1.248558355039449e-05,7,88,0.031829658206774206,0.2026108230437143,True,False,False,2.0128455228436247e-06,COMPLETE
388,0.4431925773620606,2025-04-21 19:16:40.713374,2025-04-21 19:17:00.915947,0 days 00:00:20.202573,0.6991245585573659,0.5574066509328113,8,0.13455307968822516,0.2536783735404962,0.0814168618154379,0.041290910921490655,0.0701318227587851,0.04316834490360889,1.2785633724988058e-05,7,85,0.025010921832639456,0.20496256602325,True,False,False,1.9440123005601527e-06,COMPLETE
389,0.5714181780815124,2025-04-21 19:17:01.048074,2025-04-21 19:17:21.295667,0 days 00:00:20.247593,0.7033396984364053,0.5769818168748739,8,0.1399899702426655,0.2598422332208705,0.083774936698281,0.03948233085019612,0.07620172168633751,0.04956813628789254,1.2654005904524163e-05,7,89,0.030378759744419916,0.19592944757408823,True,False,False,1.696409008961773e-06,COMPLETE
390,0.30858181715011596,2025-04-21 19:17:21.416110,2025-04-21 19:17:39.442230,0 days 00:00:18.026120,0.7053676772102498,0.5799772404156828,8,0.14585298237190977,0.25712170079114816,0.0837808483063,0.04057100553182802,0.08274844628694175,0.0487846555478853,1.2204079424006553e-05,7,89,0.03236941585539985,0.19476944033208057,True,False,True,1.495808381176547e-06,COMPLETE
391,0.5765030503273011,2025-04-21 19:17:39.562866,2025-04-21 19:18:00.839721,0 days 00:00:21.276855,0.696955517033866,0.5878096331429655,8,0.14026535554478195,0.24901059502425868,0.08330493655229922,0.03738592435705063,0.07699275003150456,0.050026834056958604,1.2327623131764025e-05,8,90,0.032163467988961,0.1940089966035446,True,False,False,2.772910480378527e-06,COMPLETE
392,0.4435075998306275,2025-04-21 19:18:00.972462,2025-04-21 19:18:21.372289,0 days 00:00:20.399827,0.69909128613074,0.5932592776177903,8,0.13787122125176932,0.25921291847096584,0.08719361865672025,0.038205445634104995,0.07657702609885916,0.04699999958012952,1.2624236102162804e-05,7,84,0.03144606136443522,0.191648817420793,True,False,False,3.0390428181480204e-06,COMPLETE
393,0.5725580334663392,2025-04-21 19:18:21.495313,2025-04-21 19:18:42.394894,0 days 00:00:20.899581,0.6805171783256038,0.5497072749973192,8,0.03376872723984094,0.260611907230284,0.09044501805138205,0.040406546220218734,0.07663260388388271,0.04915108652722138,1.1615164912075454e-05,8,90,0.03299852365142805,0.1958056154810966,True,False,False,3.2365223662471586e-06,COMPLETE
394,0.571280562877655,2025-04-21 19:18:42.516970,2025-04-21 19:19:02.641301,0 days 00:00:20.124331,0.684795519266287,0.5640370418704723,8,0.14837249278651826,0.2648256675100398,0.09723203449737802,0.035210916570743184,0.07512421211439478,0.04981218113818165,1.2328392814380437e-05,7,90,0.0290255576855964,0.1933719961121955,True,False,False,2.0104603598654097e-06,COMPLETE
395,0.5783528208732605,2025-04-21 19:19:02.763761,2025-04-21 19:19:23.527479,0 days 00:00:20.763718,0.6919557408272051,0.5593676621575966,8,0.029356743672260873,0.2626942706412197,0.0942334403033816,0.03538548715137952,0.07617855578192693,0.04850488761267437,1.2183063940781741e-05,8,86,0.024691115003293605,0.1942593261295691,True,False,False,2.201802454318702e-06,COMPLETE
396,0.37358442544937137,2025-04-21 19:19:23.660829,2025-04-21 19:19:42.269342,0 days 00:00:18.608513,0.6777164569987034,0.5630608855648201,8,0.02016517860542942,0.2678331350820576,0.09372335970273431,0.03524875607984618,0.07626555714822295,0.045183818951428305,1.1731535757195918e-05,8,85,0.02541281285560944,0.1933620975297463,True,True,False,2.5384199952837284e-06,COMPLETE
