number,value,datetime_start,datetime_complete,duration,params_alpha-eval,params_alpha-train,params_batch-size,params_eps-eval,params_eps-train,params_lambda-actions-eval,params_lambda-actions-train,params_lambda-frames-eval,params_lambda-frames-train,params_learning-rate,params_n-epochs,params_n-frames,params_radius-gw,params_rho,params_std-feats,params_ub-actions,params_ub-frames,params_weight-decay,state
1627,0.5171309351921082,2025-04-01 11:16:03.260350,2025-04-01 11:16:22.740460,0 days 00:00:19.480110,0.09319992342854816,0.9398304602847123,16,0.03628381614799685,0.20280633142814375,0.04619132505150102,0.009321904969024243,0.0173974848105799,0.08101430578105122,6.674190846081649e-05,10,127,0.08758597443020258,0.20030581259944358,True,False,False,1.32509891560808e-07,COMPLETE
1628,0.6491890788078308,2025-04-01 11:16:23.260674,2025-04-01 11:16:43.059641,0 days 00:00:19.798967,0.0765773647055419,0.917649034661646,16,0.04766189622527215,0.21487181679393444,0.04121586631702002,0.012684639987786708,0.021315121875636125,0.08521417455348906,7.907257647648976e-05,11,125,0.08071872067316538,0.2026171757273017,True,False,False,1.9237817949218408e-07,COMPLETE
1629,0.6146534323692322,2025-04-01 11:16:43.606800,2025-04-01 11:17:04.274618,0 days 00:00:20.667818,0.07418525691763347,0.9511329939324771,16,0.04452796294688812,0.20985264332458706,0.04377382370035343,0.008853307446155185,0.01640457092475351,0.08313321672974623,5.312926978014815e-05,12,125,0.08317928789847649,0.18872256241084368,True,False,False,1.4852623552094379e-07,COMPLETE
1630,0.2797684073448181,2025-04-01 11:17:04.801103,2025-04-01 11:17:22.149908,0 days 00:00:17.348805,0.06632383255126281,0.9213543505970059,16,0.04092981534782287,0.21446428941453027,0.042178704640521744,0.01094602580443549,0.02074957619009929,0.08181779182597393,5.958074671816855e-05,10,124,0.08573004010122481,0.1912172637532553,True,True,False,1.8156446563735647e-07,COMPLETE
1631,0.5668935656547547,2025-04-01 11:17:22.699691,2025-04-01 11:17:42.435843,0 days 00:00:19.736152,0.05797887822013395,0.9377427697348211,16,0.04869972581709923,0.196233275030094,0.04411042316268179,0.012275571635533724,0.02375993056780245,0.08503957776868243,3.6274860142972214e-05,11,119,0.0814378388657769,0.2035362392181812,True,False,False,1.7606821093576918e-07,COMPLETE
1632,0.6124282836914063,2025-04-01 11:17:42.964021,2025-04-01 11:18:03.576442,0 days 00:00:20.612421,0.07751206082324627,0.9129878688846048,16,0.04123517804638864,0.20504848194186173,0.04627082028735568,0.008564024124556239,0.020936935521737317,0.08081220235336592,4.558279586157355e-05,12,124,0.08287628278977413,0.19130547811350723,True,False,False,1.2571508294296365e-07,COMPLETE
1633,0.6221238493919372,2025-04-01 11:18:04.101151,2025-04-01 11:18:23.731049,0 days 00:00:19.629898,0.04611881451805669,0.9686344386399469,16,0.051233514371841156,0.21381581393833085,0.040843812420053305,0.01352356439064153,0.01926351054864354,0.08380677700365623,7.30492401629802e-05,11,119,0.08102030880326037,0.19823608119586125,True,False,False,1.3868004019016383e-07,COMPLETE
1634,0.6368714690208436,2025-04-01 11:18:24.279068,2025-04-01 11:18:45.540086,0 days 00:00:21.261018,0.08010613212326259,0.92287395753576,16,0.03382815961737004,0.21379938741910315,0.04626338600424073,0.009984172920871882,0.02212911410037887,0.08699020415391796,6.343857610231223e-05,13,127,0.08114093292153764,0.19760921503865003,True,False,False,1.971319775313633e-07,COMPLETE
1635,0.6489815950393677,2025-04-01 11:18:46.068063,2025-04-01 11:19:05.856421,0 days 00:00:19.788358,0.05529724820944433,0.946104257539071,16,0.04830526884547135,0.20748777962880519,0.041499379880627504,0.010970946741633071,0.016206014717853517,0.08308809282981758,8.018792831154643e-05,11,122,0.08650444009841422,0.2024207805559224,True,False,False,1.7924121287719588e-07,COMPLETE
1636,0.6003949165344239,2025-04-01 11:19:06.407001,2025-04-01 11:19:26.360127,0 days 00:00:19.953126,0.035256409217272244,0.9837207146568635,16,0.05104545388278522,0.2091770638755262,0.044310804250604074,0.013271465688461536,0.018430241318112935,0.0831981488405186,4.40956858109324e-05,11,121,0.08688449060079242,0.18985122699483076,True,False,False,1.837016730388777e-07,COMPLETE
1637,0.444943368434906,2025-04-01 11:19:26.891396,2025-04-01 11:20:17.194196,0 days 00:00:50.302800,0.03488310487961769,0.9712375478335483,2,0.04860647747538071,0.20137550252699987,0.0418199974880067,0.013767904043858043,0.016577799059978773,0.08475410813729002,5.773716911918562e-05,10,129,0.08926009092424039,0.19661823713204266,True,False,False,1.6163770077684042e-07,COMPLETE
1638,0.5949702024459839,2025-04-01 11:20:17.726603,2025-04-01 11:20:38.390365,0 days 00:00:20.663762,0.04300527797758583,0.9608742868277002,16,0.05608655758748357,0.19430235010911928,0.04179346392214206,0.011646048773463747,0.016124548968636004,0.08206990069307352,5.326201256325105e-05,12,125,0.08668707047570792,0.19915853073282996,True,False,False,1.325216386106445e-07,COMPLETE
1639,0.6452484369277954,2025-04-01 11:20:38.938037,2025-04-01 11:20:58.820838,0 days 00:00:19.882801,0.028305276508306835,0.9263675727460492,16,0.05003625175835653,0.20221817505547435,0.041695349530096674,0.011483346397722487,0.014968941143577623,0.0849352948415595,7.480440727093517e-05,11,122,0.08600815065015134,0.182032808012483,True,False,False,1.4976021207084686e-07,COMPLETE
1640,0.4128802299499512,2025-04-01 11:20:59.352715,2025-04-01 11:21:16.380672,0 days 00:00:17.027957,0.05612609016358732,0.9863143747083505,16,0.0457664684231811,0.20774682653980983,0.040526726207567226,0.013937352200462218,0.01380124552910081,0.08039800322257414,5.954253969086131e-05,9,122,0.08879198877763941,0.2036836266669167,True,False,True,1.3496178754102298e-07,COMPLETE
1641,0.6428291916847229,2025-04-01 11:21:16.933105,2025-04-01 11:21:37.439486,0 days 00:00:20.506381,0.05443298759290579,0.9545498076064365,16,0.05012910161000882,0.20633502835032413,0.044923303245621646,0.011179788850430476,0.021990386116299235,0.08306658020445379,7.150725521749841e-05,12,119,0.08547986828251729,0.18321035081967804,True,False,False,1.6309395290238465e-07,COMPLETE
1642,0.49645842313766486,2025-04-01 11:21:37.970498,2025-04-01 11:21:57.394423,0 days 00:00:19.423925,0.05767068850900817,0.9369134437394433,16,0.052858416871785614,0.21440385706086368,0.04028080674247948,0.012886888111880929,0.014078594129115567,0.0880801312471593,6.619211926368979e-05,10,126,0.0875353444352575,0.19264094592649217,True,False,False,1.9182325470367694e-07,COMPLETE
1643,0.6439775943756103,2025-04-01 11:21:57.921841,2025-04-01 11:22:17.759330,0 days 00:00:19.837489,0.029284257389458695,0.938271803612111,16,0.051603182544362906,0.21052485687780192,0.04344426629864155,0.010175445658242327,0.019151480177412614,0.08562254037661497,7.256230328418741e-05,11,122,0.08435546981412656,0.18604228225907143,True,False,False,1.3452671012216333e-07,COMPLETE
1644,0.6437258362770081,2025-04-01 11:22:18.315870,2025-04-01 11:22:39.575482,0 days 00:00:21.259612,0.06498477278736647,0.9490393267388356,16,0.046459423191602116,0.20165351680850968,0.04526612894158944,0.013474784996442037,0.017607427696943206,0.08079503636303836,8.003629277716566e-05,13,124,0.08377880195903181,0.20224610754368672,True,False,False,1.6491532854529391e-07,COMPLETE
1645,0.4130313634872437,2025-04-01 11:22:40.105081,2025-04-01 11:22:57.882965,0 days 00:00:17.777884,0.051435662949768896,0.9595402297290021,16,0.05341620295850415,0.21712372790000997,0.04213403185768293,0.010997680055612946,0.014898717918878812,0.0832317609911631,4.644157811733407e-05,10,127,0.0894513364640908,0.20388625371971122,False,False,False,1.7530468226265942e-07,COMPLETE
1646,0.6112565398216248,2025-04-01 11:22:58.438181,2025-04-01 11:23:18.618875,0 days 00:00:20.180694,0.0734524369299715,0.9491178731026405,16,0.04602248077334138,0.21538458400295865,0.045745562401687805,0.014149114654223766,0.024037561509168377,0.08613792373509424,5.9352418208010774e-05,11,126,0.08540777046436034,0.17424404435575866,True,False,False,2.0119116681534585e-07,COMPLETE
1647,0.6303033232688904,2025-04-01 11:23:19.153952,2025-04-01 11:23:39.077146,0 days 00:00:19.923194,0.07236817461104365,0.9218791978795654,16,0.0034112026857809584,0.19399702413010783,0.04067405180972662,0.010172814238790354,0.015392113016026544,0.08170324866476356,8.223066286281716e-05,12,120,0.08660262070779588,0.1936282811640849,True,False,False,1.3574727163324004e-07,COMPLETE
1648,0.578983473777771,2025-04-01 11:23:39.603997,2025-04-01 11:23:59.709595,0 days 00:00:20.105598,0.034915492455680264,0.9067365583573885,16,0.05436635943839798,0.2089290293791449,0.03979374685846857,0.012037637352935494,0.012639172679536025,0.0842213854947186,3.565365966526922e-05,11,127,0.0842353080776724,0.18899036570273423,True,False,False,2.528379913643662e-07,COMPLETE
1649,0.2797684073448181,2025-04-01 11:24:00.259909,2025-04-01 11:24:18.133707,0 days 00:00:17.873798,0.08474384202772438,0.9788644023162639,16,0.042462094514876716,0.21703409116098385,0.04330315305124589,0.009456331339098742,0.020397960601798795,0.0880845979438336,6.403188597730973e-05,11,122,0.08220984876103521,0.19870889331205163,True,True,False,1.1386259825894373e-07,COMPLETE
1650,0.6196543455123902,2025-04-01 11:24:18.666193,2025-04-01 11:24:43.113395,0 days 00:00:24.447202,0.05205375673462799,0.9384461204295205,8,0.05356153502436313,0.20497336775722147,0.03955076579885086,0.014405901567729387,0.01980926877153789,0.07993401693495444,7.884774022480274e-05,12,115,0.0828345757784851,0.20590883780595887,True,False,False,1.988190275157086e-07,COMPLETE
1651,0.4405405163764954,2025-04-01 11:24:43.667065,2025-04-01 11:25:03.275723,0 days 00:00:19.608658,0.06868323720057509,0.9093975312497403,16,0.04390446151253463,0.20981246361832587,0.043038545271767474,0.06965549118415393,0.01683640167396336,0.08291858274732569,8.160637666065682e-05,10,127,0.08726619342295937,0.2058716725393421,True,False,False,2.1771142060101328e-07,COMPLETE
1652,0.6484674334526062,2025-04-01 11:25:03.811422,2025-04-01 11:25:23.840081,0 days 00:00:20.028659,0.09084622592809959,0.9962103680846989,16,0.05448330087462141,0.21630427149916684,0.0468559584076003,0.009130977271114324,0.024400005497930966,0.08514334682699232,8.210885004234484e-05,11,124,0.08330951274026792,0.19854431737674152,True,False,False,2.2143591628478676e-07,COMPLETE
1653,0.6027912139892578,2025-04-01 11:25:24.371582,2025-04-01 11:25:44.822103,0 days 00:00:20.450521,0.0861036542112031,0.9991238481776601,16,0.05525104830336728,0.2044992926831635,0.04426017823030819,0.007981144429023541,0.02343964487402798,0.08941231148872512,6.338641637856664e-05,12,122,0.08531307659115386,0.18839644527591876,True,False,False,2.230672402765721e-07,COMPLETE
1654,0.6047486305236817,2025-04-01 11:25:45.375670,2025-04-01 11:26:04.898567,0 days 00:00:19.522897,0.07874399464058042,0.9831094541762369,16,0.048645717335497114,0.21518687094427022,0.04713993126824319,0.008489988204286458,0.021884022633841784,0.08712197229392503,5.4371052877607896e-05,10,124,0.08326952872262158,0.19854353867740893,True,False,False,2.396397834728781e-07,COMPLETE
1655,0.6075791835784912,2025-04-01 11:26:05.430606,2025-04-01 11:26:25.290786,0 days 00:00:19.860180,0.05639090353847422,0.9827455343207008,16,0.05645988217460164,0.21731556960708587,0.04646796672970032,0.008764884621124113,0.022441555910276748,0.08785988284713948,4.1909907603439935e-05,11,117,0.08734172701733256,0.18494571128840473,True,False,False,2.1183001673239886e-07,COMPLETE
1656,0.6104066014289856,2025-04-01 11:26:25.847865,2025-04-01 11:26:46.197105,0 days 00:00:20.349240,0.09045965756076177,0.982476591566018,16,0.0497090669821564,0.2109608513311816,0.045174704330225836,0.009702169281203325,0.01897772540269718,0.08585519392697138,6.987097773674186e-05,12,114,0.08479048569219103,0.19283768534366386,True,False,False,1.9381728593109493e-07,COMPLETE
1657,0.6052698969841004,2025-04-01 11:26:46.734656,2025-04-01 11:27:06.847756,0 days 00:00:20.113100,0.09678734373037097,0.9502704465167839,16,0.05431709117749129,0.21655930174268118,0.047648207827228305,0.008000150428267017,0.02429189796857847,0.08909219618145732,4.8851319106150856e-05,11,123,0.08368860402217528,0.2051678455846726,True,False,False,2.661085412060245e-07,COMPLETE
1658,0.6050172448158264,2025-04-01 11:27:07.383624,2025-04-01 11:27:26.549099,0 days 00:00:19.165475,0.06896184273933484,0.9696343117683168,16,0.057164081967657265,0.21608189444040787,0.04454516467378109,0.010557095346123237,0.02493963929711926,0.0857047105212669,6.247510626070407e-05,10,121,0.08295288869333632,0.20514542613197803,True,False,False,1.6613203997736533e-07,COMPLETE
1659,0.6217269659042358,2025-04-01 11:27:27.104125,2025-04-01 11:27:46.726821,0 days 00:00:19.622696,0.09698746505133933,0.9851090534205406,16,0.04752665729441384,0.21650868211261934,0.046995714654654124,0.008579135316812368,0.020771712863131286,0.0869001886309921,8.463571386978842e-05,11,120,0.08132800580878614,0.2024047807727836,True,False,False,2.5493778175270797e-07,COMPLETE
1660,0.4083441495895386,2025-04-01 11:27:47.271512,2025-04-01 11:28:05.992400,0 days 00:00:18.720888,0.040206572983566426,0.9880869009889337,16,0.056711890071448626,0.20948325620084116,0.046219816199,0.010860718395539221,0.023454927523653697,0.08451372566522543,7.559629592333571e-05,12,127,0.08527478577093235,0.19269202798099794,True,False,True,1.7264106178683667e-07,COMPLETE
1661,0.41314393281936646,2025-04-01 11:28:06.550583,2025-04-01 11:28:53.461338,0 days 00:00:46.910755,0.07201260771773149,0.9789252759987651,2,0.04312217636475275,0.2169526164294548,0.04605074364625004,0.0076171492463824935,0.02521530055017346,0.08506300157731446,6.519024157110903e-05,9,124,0.08247743599481057,0.19382208023856046,True,False,False,2.5180323349232895e-07,COMPLETE
1662,0.6449153065681459,2025-04-01 11:28:53.995094,2025-04-01 11:29:13.959962,0 days 00:00:19.964868,0.05251387532961932,0.9276719518099465,16,0.042571207828614996,0.21039313902295606,0.04768359200989801,0.010258816066403047,0.019318853697329785,0.08917933161777715,7.511500283885423e-05,11,125,0.08718948986841862,0.1986191635182191,True,False,False,1.8415639108262056e-07,COMPLETE
1663,0.4906992435455323,2025-04-01 11:29:14.492898,2025-04-01 11:29:35.431857,0 days 00:00:20.938959,0.10335551865456255,0.9679152160255894,16,0.001734731978186594,0.21665101792510102,0.04537520173290944,0.03471315376582364,0.02194949355057433,0.08747042584923669,8.389686882398263e-05,13,125,0.08962789461305617,0.18664341906616727,True,False,False,2.377697798409535e-07,COMPLETE
1664,0.5986150622367858,2025-04-01 11:29:35.991919,2025-04-01 11:29:58.717344,0 days 00:00:22.725425,0.08701662133112728,0.9575672073875402,16,0.051051214142999485,0.21905201063527963,0.04338262906386954,0.008479388508697599,0.01825911020144548,0.08530931702199274,5.294299274311596e-05,16,120,0.08094205366697363,0.19705823871324527,True,False,False,1.505771000568879e-07,COMPLETE
1665,0.41663297414779665,2025-04-01 11:29:59.258770,2025-04-01 11:30:16.973308,0 days 00:00:17.714538,0.11494660052570262,0.9082110938421328,16,0.05665239210353287,0.21005675857668532,0.04753935281498571,0.011260009392106583,0.020002106088347314,0.08396550055710447,8.293768349083604e-05,10,128,0.08407043056665392,0.19729371363833634,False,False,False,2.3637570987380544e-07,COMPLETE
1666,0.4161921620368958,2025-04-01 11:30:17.534740,2025-04-01 11:30:38.388234,0 days 00:00:20.853494,0.02967425544141658,0.9975331772759726,16,0.0579311183808286,0.21846263358402015,0.042442204558380034,0.008122205190754968,0.024688797376308476,0.08685439899107206,6.529219847231737e-05,12,128,0.08643915859566796,0.2079410195663257,True,False,False,1.951913236692392e-07,COMPLETE
1667,0.619092321395874,2025-04-01 11:30:38.937665,2025-04-01 11:30:58.546271,0 days 00:00:19.608606,0.07523441428454825,0.9981688793347886,16,0.04011351890884865,0.21911658628623526,0.04348751427651258,0.010042585208984243,0.021776714767096934,0.08951938774391933,8.304103030930934e-05,11,118,0.08175848304423108,0.20044281989486495,True,False,False,2.94481171534442e-07,COMPLETE
1668,0.2797684073448181,2025-04-01 11:30:59.107261,2025-04-01 11:31:17.316580,0 days 00:00:18.209319,0.0607614944987745,0.9567480661781937,16,0.04911318317718312,0.20397446860946833,0.044728924126951064,0.011768059429895492,0.02226509995543306,0.0834842710822638,8.116519837687173e-05,11,128,0.08114585808104945,0.20263711977502746,True,True,False,2.8429323475312393e-07,COMPLETE
1669,0.6302536129951477,2025-04-01 11:31:17.857448,2025-04-01 11:31:37.469248,0 days 00:00:19.611800,0.10224000729275462,0.9411027387456695,16,0.056093059279032104,0.2123509466220158,0.04156025283534295,0.008617274156898102,0.017509796925036514,0.08573875348376052,7.032672676981251e-05,10,124,0.08409402093017512,0.19316152520361926,True,False,False,1.562452862670909e-07,COMPLETE
1670,0.651763641834259,2025-04-01 11:31:38.008501,2025-04-01 11:31:58.016542,0 days 00:00:20.008041,0.0941850767505165,0.9286122033552171,16,0.04942705392766173,0.22204722251885056,0.04636136610674672,0.007500172608249511,0.015565603038763191,0.08259377448658024,8.59283497998978e-05,11,128,0.08051606270861587,0.20694386451737043,True,False,False,2.84482829464855e-07,COMPLETE
1671,0.4174640655517578,2025-04-01 11:31:58.579687,2025-04-01 11:32:23.560455,0 days 00:00:24.980768,0.11395385283901306,0.9645952014987618,8,0.04288072816497695,0.21703992083304485,0.04762979057996133,0.007534727315561188,0.008940915024612079,0.08093041014835865,4.779265286032375e-05,12,129,0.08315830562321719,0.20013321296393988,True,False,False,2.7866985835195347e-07,COMPLETE
1672,0.6374933123588562,2025-04-01 11:32:24.107619,2025-04-01 11:32:43.443393,0 days 00:00:19.335774,0.11435372569040624,0.9988794358582479,16,0.036420833668090485,0.22104826659085658,0.04762201020512972,0.007630799807135066,0.013877349338136839,0.08176093640343907,6.20604693559459e-05,10,125,0.08054889025581012,0.18851371415232301,True,False,False,2.4172519843453566e-07,COMPLETE
1673,0.6097756147384643,2025-04-01 11:32:44.004508,2025-04-01 11:33:03.906139,0 days 00:00:19.901631,0.0932846615197903,0.9433146631733109,16,0.0461646760944925,0.21212296660326904,0.04726989312159475,0.006616836802887343,0.014906317972184504,0.07989137037562408,5.35302189135136e-05,11,122,0.08240745808186631,0.20813184476968985,True,False,False,3.0063322620260146e-07,COMPLETE
1674,0.620371961593628,2025-04-01 11:33:04.446113,2025-04-01 11:33:25.039599,0 days 00:00:20.593486,0.09695482258727217,0.9354455990334125,16,0.037364465358943354,0.2197837723260543,0.04515425582507756,0.007426931311750425,0.01261072532436566,0.08276363032354041,6.357955525323073e-05,12,128,0.08504744377463029,0.2054078353826804,True,False,False,2.0347384393626154e-07,COMPLETE
1675,0.6280352115631104,2025-04-01 11:33:25.576528,2025-04-01 11:33:45.733025,0 days 00:00:20.156497,0.11951865887375669,0.9233552654802558,16,0.045362813171312154,0.22114762618499037,0.04577864718643437,0.007124479731455408,0.0178987768936671,0.08345916238735686,7.615391498864343e-05,11,129,0.0808402425338657,0.17892282355581626,True,False,False,3.0022427576158317e-07,COMPLETE
1676,0.6388984560966493,2025-04-01 11:33:46.290197,2025-04-01 11:34:05.650638,0 days 00:00:19.360441,0.08035731849591292,0.9535879676110971,16,0.04726617411569598,0.20927216943863186,0.04802826709769736,0.00908198346838238,0.015676389846970014,0.07979035675301552,8.711865939291023e-05,10,126,0.08323856865597795,0.20173100415431253,True,False,False,2.2498822716956634e-07,COMPLETE
1677,0.6231112599372863,2025-04-01 11:34:06.205290,2025-04-01 11:34:27.172295,0 days 00:00:20.967005,0.10186386577708681,0.9675689914625023,16,0.0504502682385247,0.2201823027802994,0.04542260415536288,0.006798517603139948,0.016471639909427797,0.0872190384124844,6.497531573053776e-05,12,129,0.08005639446938262,0.19419313685132322,True,False,False,3.064110556790029e-07,COMPLETE
1678,0.6191665053367615,2025-04-01 11:34:27.735876,2025-04-01 11:34:47.372120,0 days 00:00:19.636244,0.05908795978357525,0.9272057988207368,16,0.039492465744383344,0.20142500915467787,0.043300148657830016,0.008999092986492365,0.02513150707516581,0.08529703455176979,8.178500832793616e-05,11,117,0.08021502236114689,0.2065264623379882,True,False,False,2.4889373592638474e-07,COMPLETE
1679,0.6447468996047974,2025-04-01 11:34:47.917044,2025-04-01 11:35:09.083196,0 days 00:00:21.166152,0.11735205200152332,0.9064718628756185,16,0.050632429590932226,0.21471892275023866,0.04666505948475971,0.007010662791666811,0.01931682979539255,0.08193867704123692,7.16945065902221e-05,13,124,0.08644098580891296,0.199094614735677,True,False,False,1.8846535856427068e-07,COMPLETE
1680,0.4363308668136597,2025-04-01 11:35:09.648946,2025-04-01 11:35:28.013065,0 days 00:00:18.364119,0.08819489531284246,0.9454380701715149,16,0.04453102277910888,0.2219746555960027,0.04328221622464199,0.009626569754006721,0.013173283139619373,0.08403533880339158,8.880135428250353e-05,11,130,0.08245523031191401,0.20559947521034413,True,False,True,3.0964838337589494e-07,COMPLETE
1681,0.6074479818344116,2025-04-01 11:35:28.555660,2025-04-01 11:35:49.223915,0 days 00:00:20.668255,0.11841741113585522,0.9270756553708288,16,0.05240894520795889,0.20766362863737667,0.04472357003080274,0.010089558133370846,0.015035657698461205,0.09012251355360229,5.238848924284503e-05,12,126,0.08526171535082842,0.19978976583578503,True,False,False,2.7447385469897116e-07,COMPLETE
1682,0.43580336570739747,2025-04-01 11:35:49.762391,2025-04-01 11:36:39.926958,0 days 00:00:50.164567,0.7575492931665126,0.9006057742349637,2,0.039110713267139344,0.21429050241798492,0.04176420689641248,0.0072902425698488545,0.01835260908627158,0.08144192456825015,8.688231450075037e-05,10,121,0.088950076956917,0.2087797942769666,True,False,False,2.0219487625430215e-07,COMPLETE
