number,value,datetime_start,datetime_complete,duration,params_alpha-eval,params_alpha-train,params_batch-size,params_eps-eval,params_eps-train,params_lambda-actions-eval,params_lambda-actions-train,params_lambda-frames-eval,params_lambda-frames-train,params_learning-rate,params_n-epochs,params_n-frames,params_radius-gw,params_rho,params_std-feats,params_ub-actions,params_ub-frames,params_weight-decay,state
1235,0.42118966579437256,2025-04-01 08:49:42.403020,2025-04-01 08:50:02.276937,0 days 00:00:19.873917,0.12586880825872573,0.8977641660695757,16,0.08918066981468846,0.2533033764458903,0.02486620827882988,0.019673474911679076,0.025524572850984983,0.09708885131228842,6.99062721873363e-05,10,136,0.08090136836934521,0.2259929027669801,True,False,False,5.639681396072545e-07,COMPLETE
1236,0.42291505336761476,2025-04-01 08:50:02.683084,2025-04-01 08:50:22.900491,0 days 00:00:20.217407,0.11180909191745886,0.8907898233845742,16,0.0880368830590366,0.24513222108594995,0.02601604536243596,0.018549152619367255,0.052922131512728544,0.09199475341266608,6.075007958177618e-05,11,132,0.08371674321121109,0.22065856436426373,True,False,False,5.200486450948343e-07,COMPLETE
1237,0.422162127494812,2025-04-01 08:50:23.303665,2025-04-01 08:50:42.267240,0 days 00:00:18.963575,0.13291414691657974,0.8904607794863568,16,0.09648207852671156,0.24918752372951952,0.024164282408509895,0.020213708264616607,0.048712290894768584,0.09564630606437954,7.871612555930702e-05,9,136,0.08193112990996355,0.21288900094396523,True,False,False,9.215823389905912e-07,COMPLETE
1238,0.6049511432647705,2025-04-01 08:50:42.668018,2025-04-01 08:51:02.295395,0 days 00:00:19.627377,0.10638802736221141,0.9084072497765745,16,0.09077311684454245,0.2577543311850232,0.02222197033738004,0.01707872920665128,0.046518228152898064,0.09245994815790438,8.680795010024487e-05,10,133,0.08014724646300955,0.22695074258740064,True,False,False,7.331195936000387e-07,COMPLETE
1239,0.4069409132003784,2025-04-01 08:51:02.694753,2025-04-01 08:51:55.891772,0 days 00:00:53.197019,0.08983408129469486,0.9004500475542877,2,0.09119421419811637,0.2455377741858821,0.027598617619427807,0.02077861597751593,0.05058770001467954,0.09247832694263647,7.097728540806374e-05,11,133,0.08099756230798769,0.23078950700061798,True,False,False,6.05831168275642e-07,COMPLETE
1240,0.4386324882507324,2025-04-01 08:51:56.294481,2025-04-01 08:52:15.509769,0 days 00:00:19.215288,0.13800792404106188,0.8859258065015877,16,0.08254905641263495,0.2378284035404839,0.02598613415508392,0.014434795987052629,0.04794626721756527,0.09455237564670654,9.002268480015544e-05,12,135,0.08052554004895403,0.2323168937054699,True,False,True,4.098672290647214e-07,COMPLETE
1241,0.6424517750740051,2025-04-01 08:52:15.912845,2025-04-01 08:52:36.448129,0 days 00:00:20.535284,0.11306068657791099,0.8613573389350057,16,0.08442302435405766,0.24916839780832642,0.026101148786916217,0.018308990755263543,0.028559970178168317,0.0864940260172669,9.55691198330793e-05,11,136,0.07798865588130563,0.2223592071072385,True,False,False,4.881095940608632e-07,COMPLETE
1242,0.6197247266769409,2025-04-01 08:52:36.854271,2025-04-01 08:52:58.233561,0 days 00:00:21.379290,0.1409798808614327,0.8792569379004274,16,0.08330911178890048,0.24315008441567085,0.022851791704955975,0.01767404435246034,0.04609050495636535,0.09339663504636883,6.215370300512343e-05,13,129,0.07908411923141317,0.21665335377915074,True,False,False,1.0593992136641219e-06,COMPLETE
1243,0.41730961799621585,2025-04-01 08:52:58.638725,2025-04-01 08:53:19.183400,0 days 00:00:20.544675,0.07183774447062989,0.8571060529599076,16,0.09873957154253296,0.2627678057544362,0.024270185003202813,0.01617595488509183,0.05360955077555353,0.09408190204742267,7.675307933799853e-05,11,138,0.08010709179325054,0.2274050854323401,True,False,False,6.194376579947854e-07,COMPLETE
1244,0.42858017683029176,2025-04-01 08:53:19.586778,2025-04-01 08:53:37.196548,0 days 00:00:17.609770,0.10473844158134282,0.8445607335816427,16,0.07916398820094527,0.2533924207694845,0.0261950605285066,0.02077139144103096,0.04908605249709899,0.08902427597894319,1.6755827684496822e-05,10,139,0.08320276794211366,0.2340855395232231,False,False,False,8.128792573975594e-07,COMPLETE
1245,0.6369938969612122,2025-04-01 08:53:37.600285,2025-04-01 08:53:58.689145,0 days 00:00:21.088860,0.09036105822619331,0.8722177954620903,16,0.07570349845700235,0.24479331699483953,0.02698911822215011,0.015557075721394378,0.05157631026465996,0.09015619060297768,0.00010392877025419675,12,138,0.07922396534247182,0.22687521599812907,True,False,False,4.0212236625476746e-07,COMPLETE
1246,0.6138161301612854,2025-04-01 08:53:59.095632,2025-04-01 08:54:20.290029,0 days 00:00:21.194397,0.134356626283649,0.8353819954693151,16,0.09466377786443834,0.23723976453054826,0.02807656957672044,0.018209118477084944,0.013207556990428089,0.08508395463198282,8.721191820066286e-05,12,134,0.07721546373881125,0.23393046650386706,True,False,False,5.144348805999722e-07,COMPLETE
1247,0.542453956604004,2025-04-01 08:54:20.694794,2025-04-01 08:54:41.176334,0 days 00:00:20.481540,0.11552246389435036,0.8843391193930192,16,0.08375429819449917,0.23712541535095277,0.024386340692628503,0.013358739814694987,0.04668748153093789,0.09032012058214964,0.00010483772462354003,11,140,0.0769673686007602,0.22236559276371978,True,False,False,7.437056881048579e-07,COMPLETE
1248,0.3652091145515442,2025-04-01 08:54:41.579543,2025-04-01 08:55:01.496784,0 days 00:00:19.917241,0.14057863739902227,0.8447282157797621,16,0.07353411266180611,0.24880463357614055,0.02851946171027669,0.012254985119081052,0.049269932436898305,0.08926926340122057,4.627905645499266e-05,10,132,0.08162653013005372,0.11515599421591846,True,False,False,4.007818826402328e-07,COMPLETE
1249,0.4136180877685547,2025-04-01 08:55:01.897666,2025-04-01 08:55:25.920928,0 days 00:00:24.023262,0.07687467714580457,0.9067389558127344,8,0.07882368905142634,0.24089203468796513,0.023570322029426945,0.01631899670199237,0.05586799561800252,0.08760553645098736,0.00011349516099840182,11,137,0.07928719099459275,0.23078924452026858,True,False,False,6.246282588628746e-07,COMPLETE
1250,0.2797684073448181,2025-04-01 08:55:26.321605,2025-04-01 08:55:45.339815,0 days 00:00:19.018210,0.10741232204084815,0.9025754761594589,16,0.08724437981040227,0.25964132190355815,0.07598000541068389,0.014213128261861557,0.05204601971483065,0.09137728891001065,8.185648497352221e-05,12,140,0.07632412248047608,0.23539592139526894,True,True,False,1.000411572450691e-06,COMPLETE
1251,0.6325315237045288,2025-04-01 08:55:45.742608,2025-04-01 08:56:04.776695,0 days 00:00:19.034087,0.08589723749447482,0.863161119533805,16,0.07340632617813315,0.2358872502189506,0.053920271971662256,0.01865816302830807,0.045802227292220304,0.08872958542829232,0.00012158425975773338,9,135,0.07643921200507078,0.22096333973871748,True,False,False,5.057980081579069e-07,COMPLETE
1252,0.4171838045120239,2025-04-01 08:56:05.180439,2025-04-01 08:56:25.050425,0 days 00:00:19.869986,0.12873777881167905,0.8309582834245514,16,0.07349671605938148,0.2526523641270455,0.04982440210942912,0.01142652455767608,0.047624322071772245,0.08548115756300483,9.878637910532714e-05,10,141,0.0847644706804686,0.2069425089991857,True,False,False,3.5363660984656784e-07,COMPLETE
1253,0.6459510326385498,2025-04-01 08:56:25.454692,2025-04-01 08:56:45.939261,0 days 00:00:20.484569,0.09383683109525841,0.8555713458260795,16,0.09265425755346705,0.2427357523275847,0.02566373082495007,0.015015909868280717,0.05017272889506492,0.09396664345206016,0.00012208117334977896,11,139,0.07566230724432894,0.22866146458631395,True,False,False,6.54064005613431e-07,COMPLETE
1254,0.5508960247039795,2025-04-01 08:56:46.340329,2025-04-01 08:57:08.018451,0 days 00:00:21.678122,0.07285559767194373,0.8271795542062801,16,0.09314629241008805,0.23902838142539895,0.028396296785796436,0.013276173818236895,0.055326546424982616,0.0976009309111179,0.00011911995662496077,13,141,0.0750222561747922,0.21838824575399152,True,False,False,2.7305336321106435e-07,COMPLETE
1255,0.5406013369560242,2025-04-01 08:57:08.441153,2025-04-01 08:57:28.797047,0 days 00:00:20.355894,0.06703202416571986,0.8484826596511112,16,0.07928670236381546,0.23489027867669632,0.022536331240743196,0.011887258898357718,0.054189542983167964,0.09465371818374001,0.00012274284037478662,11,141,0.07441331039556466,0.21353581167338948,True,False,False,4.707761541178708e-07,COMPLETE
1256,0.6416954159736634,2025-04-01 08:57:29.207206,2025-04-01 08:57:49.113052,0 days 00:00:19.905846,0.09531957719167561,0.8402542465432861,16,0.07173461459722216,0.24288964319669884,0.057093354859404116,0.01475682162832034,0.05244009662555953,0.0865721325858996,0.0001224562727981406,10,139,0.07524854277901322,0.22565506443092032,True,False,False,9.867876718862735e-07,COMPLETE
1257,0.6319312691688538,2025-04-01 08:57:49.522493,2025-04-01 08:58:10.799358,0 days 00:00:21.276865,0.06747530730954808,0.8334926349838527,16,0.10769400128282615,0.23590878896540562,0.04231310692796069,0.011686267040621652,0.050824419631917354,0.08739608587288962,0.00012966139764349175,12,142,0.07327516872161094,0.23617909133433337,True,False,False,7.57073937144738e-07,COMPLETE
1258,0.650725018978119,2025-04-01 08:58:11.207200,2025-04-01 08:58:31.647163,0 days 00:00:20.439963,0.09815978406021574,0.8591077038595628,16,0.09331369075882916,0.23483316093362686,0.04549685005457799,0.015068226319869434,0.05026030538400482,0.0840406397577826,0.00010471711667468714,11,139,0.07383631390141267,0.22800977995600827,True,False,False,5.773617948673519e-07,COMPLETE
1259,0.5434903264045716,2025-04-01 08:58:32.056423,2025-04-01 08:58:52.679449,0 days 00:00:20.623026,0.08983016892079966,0.869361614423408,16,0.09330450730961952,0.24290008786173323,0.04914029733086741,0.015586709430352605,0.053560795844987776,0.09508146441857437,9.853214761265937e-05,11,138,0.07610056930903633,0.2144657741928388,True,False,False,5.904219106760903e-07,COMPLETE
1260,0.6257796168327332,2025-04-01 08:58:53.086246,2025-04-01 08:59:12.891062,0 days 00:00:19.804816,0.07400378025359086,0.8591031746087212,16,0.09815464404292544,0.25069200617818393,0.04533770132177177,0.016198297850404022,0.05814475509488613,0.08471914343365375,0.00010382357569956068,10,134,0.0771668309190798,0.22387766344304544,True,False,False,5.59297603758362e-07,COMPLETE
1261,0.44368799924850466,2025-04-01 08:59:13.304599,2025-04-01 08:59:32.444802,0 days 00:00:19.140203,0.10544874798297452,0.8690524613229164,16,0.09632082191516196,0.24080661844864443,0.045182781686773414,0.014010269312236171,0.052062221382949615,0.08491211713293872,7.889889628982929e-05,12,138,0.07490382772292045,0.21690466381064083,True,False,True,7.615170311646944e-07,COMPLETE
1262,0.36312005519866947,2025-04-01 08:59:32.852799,2025-04-01 09:00:26.477556,0 days 00:00:53.624757,0.0867835382846417,0.8599422695720333,2,0.09908167690743402,0.24646673919558845,0.043562162534370834,0.011563490979549357,0.05061950801537822,0.0841131275110761,0.0001050494789020878,11,142,0.07413301540801426,0.22535398046719893,True,False,False,4.392580360743241e-07,COMPLETE
1263,0.4258753895759583,2025-04-01 09:00:26.889726,2025-04-01 09:00:44.507654,0 days 00:00:17.617928,0.1068301151801356,0.8553316557078049,16,0.08958145921418353,0.2337879564700277,0.046417215722663475,0.015918152237834285,0.05653368320061798,0.09658091245234351,0.00011062683051663525,10,137,0.07599961776650763,0.22004574421619166,False,False,False,4.1276802384481085e-07,COMPLETE
1264,0.5875903606414795,2025-04-01 09:00:44.915479,2025-04-01 09:01:04.241761,0 days 00:00:19.326282,0.06372889965645429,0.8708156411974383,16,0.09694105919421564,0.24060273000831167,0.04803862626727224,0.013372544365911143,0.05360756358891453,0.08859354756656662,0.01787424895314768,9,142,0.0734727107819581,0.2096262766871026,True,False,False,3.1271090637006457e-07,COMPLETE
1265,0.6068019986152648,2025-04-01 09:01:04.650642,2025-04-01 09:01:25.183403,0 days 00:00:20.532761,0.11632115295605455,0.8444942066839564,16,0.104510053676375,0.24957281794903088,0.04727614433434176,0.011401591891837374,0.05075545710897667,0.0876676032800199,9.323616349264387e-05,11,139,0.07764290747243874,0.22746425048625832,True,False,False,8.330202978439286e-07,COMPLETE
1266,0.6364036202430726,2025-04-01 09:01:25.588815,2025-04-01 09:01:46.717271,0 days 00:00:21.128456,0.08534518171414582,0.883400000344145,16,0.09976108765316075,0.23428696821230796,0.04957366465777865,0.015847916362505994,0.05201251905290675,0.09727805672526772,0.00012341362548033265,12,135,0.07527123525474479,0.22902901867228043,True,False,False,5.700143671546572e-07,COMPLETE
1267,0.2797684073448181,2025-04-01 09:01:47.127377,2025-04-01 09:02:04.929008,0 days 00:00:17.801631,0.14024812455258953,0.8465615652797455,16,0.09046366992899532,0.25482556375690296,0.041777371406020815,0.013504700686613401,0.05557650321502389,0.09852929428990799,7.641689452333459e-05,10,142,0.07325476734536202,0.22135898707945856,True,True,False,4.942388817253559e-07,COMPLETE
1268,0.6425838232040406,2025-04-01 09:02:05.334874,2025-04-01 09:02:25.481736,0 days 00:00:20.146862,0.11631631109803299,0.8342426021687701,16,0.08684865699757874,0.24579979268385785,0.042456022954198105,0.017968048838267428,0.050055700598966135,0.08559171807511623,0.00010519074012236764,11,132,0.07630380912567655,0.22998677901115702,True,False,False,1.2035000899804965e-06,COMPLETE
1269,0.5709375500679017,2025-04-01 09:02:25.891628,2025-04-01 09:02:44.775088,0 days 00:00:18.883460,0.09741773639356564,0.8804895201889288,16,0.10030744098676303,0.23661204392621857,0.04433715640799324,0.011878381726503785,0.05288005466590709,0.09030530519270598,0.00012894917962987773,11,96,0.07816512131812516,0.21490061888308123,True,False,False,7.12963473049544e-07,COMPLETE
1270,0.635365653038025,2025-04-01 09:02:45.182598,2025-04-01 09:03:06.315803,0 days 00:00:21.133205,0.06418363449051555,0.865094743936432,16,0.12661757614223487,0.24292023858353895,0.05133875696130427,0.014932961600130782,0.0496175827242999,0.09402234203790305,9.236423526793004e-05,12,139,0.07376680546089112,0.2254128516434829,True,False,False,4.0450870435787806e-07,COMPLETE
1271,0.4278574824333191,2025-04-01 09:03:06.743105,2025-04-01 09:03:31.083541,0 days 00:00:24.340436,0.08867509870949332,0.045870008613262236,8,0.10502605283236904,0.2345098375202264,0.052853868652922416,0.02053146950989708,0.05378733137161441,0.08700135012646695,6.233344214868198e-05,11,143,0.07280966147806897,0.23268214728886583,True,False,False,1.0042492561607817e-06,COMPLETE
1272,0.5431580662727357,2025-04-01 09:03:31.498431,2025-04-01 09:03:50.997258,0 days 00:00:19.498827,0.1375276134165893,0.8303012542381961,16,0.08947347043247314,0.258369632913489,0.04633739565869592,0.011503795029656986,0.04553429491548547,0.08403170688389372,0.0001200267758254984,10,136,0.07534199139151145,0.20228979696432473,True,False,False,3.3423178312296224e-07,COMPLETE
1273,0.41787960529327395,2025-04-01 09:03:51.414628,2025-04-01 09:04:12.804666,0 days 00:00:21.390038,0.11332644029264093,0.8482655206601829,16,0.10837397312642667,0.23993392722382698,0.05135823611244749,0.016737070218795506,0.05103933672587852,0.0887848408002756,0.00013042331678645867,12,142,0.07838918335361131,0.22273870933948414,True,False,False,6.683626829543295e-07,COMPLETE
1274,0.6314294695854187,2025-04-01 09:04:13.223759,2025-04-01 09:04:33.995236,0 days 00:00:20.771477,0.07576746799647543,0.9021721612577398,16,0.14479930504395722,0.24800693008591015,0.040793611344053946,0.013157042228176909,0.04890226112864255,0.08393581145228746,9.210844936445322e-05,11,139,0.07439958343426813,0.23208756354345622,True,False,False,5.23062430399432e-07,COMPLETE
1275,0.643494462966919,2025-04-01 09:04:34.412734,2025-04-01 09:04:54.667700,0 days 00:00:20.254966,0.13989522835835805,0.827704284578425,16,0.08067151385465086,0.2335316302546747,0.04858074515653608,0.011263804552084226,0.04681104877837204,0.09015842748586836,0.00010762238738917333,10,143,0.07663227850734888,0.2345104034925134,True,False,False,3.683697330768082e-07,COMPLETE
1276,0.36280626058578497,2025-04-01 09:04:55.082171,2025-04-01 09:05:15.496942,0 days 00:00:20.414771,0.11437293749188565,0.8588438175772692,16,0.11542864868641534,0.2405943578025734,0.05431449016695944,0.019863690502851774,0.045235201140581945,0.08668225538433327,6.992486187579677e-05,11,138,0.07220519771778415,0.21840000791588132,True,False,False,8.951869017994187e-07,COMPLETE
1277,0.5766884446144105,2025-04-01 09:05:15.909837,2025-04-01 09:05:37.113717,0 days 00:00:21.203880,0.09348073484525377,0.8826333144828509,16,0.0699765675865155,0.25408323025055407,0.04490588768464471,0.014914357809313371,0.04961933866401428,0.08435338722447058,0.00012817634409056843,12,134,0.0721086261888848,0.22699947694576633,True,False,False,4.7109698745477364e-07,COMPLETE
1278,0.6273598790168762,2025-04-01 09:05:37.526537,2025-04-01 09:05:58.313927,0 days 00:00:20.787390,0.1257525288565222,0.8184301859338957,16,0.08242945884714033,0.2353289114130988,0.05879384208772982,0.018041266353653603,0.05486444927580138,0.08791358772873645,8.33322484291032e-05,11,143,0.07492871311626788,0.23750248255620607,True,False,False,6.230961765692541e-07,COMPLETE
1279,0.4429602384567261,2025-04-01 09:05:58.729051,2025-04-01 09:06:18.443979,0 days 00:00:19.714928,0.07027105340795443,0.8476750808305252,16,0.09425737966328283,0.26294984557333406,0.024534009444220472,0.01375233168656358,0.047885900930679653,0.09319852279156715,0.0001329531695513812,13,140,0.07787356343932818,0.22765832862915908,True,False,True,1.16284844273972e-06,COMPLETE
1280,0.5614189147949219,2025-04-01 09:06:18.853119,2025-04-01 09:06:38.221838,0 days 00:00:19.368719,0.14566537884698955,0.8723643805970553,16,0.06918162447901084,0.24537210576102148,0.04308176153651806,0.011131961913050463,0.05124707560265752,0.08607479377955454,0.00010452554292225984,10,130,0.07352319030000867,0.2091262867589201,True,False,False,2.7630045323024135e-07,COMPLETE
1281,0.6339943885803223,2025-04-01 09:06:38.630298,2025-04-01 09:06:59.921642,0 days 00:00:21.291344,0.10373127166978525,0.8247544551609283,16,0.07160062069542437,0.2332352935431888,0.020926999759613447,0.01107396689321132,0.05280537028652316,0.0843145270863036,0.00012855714527238308,12,143,0.07160668447638163,0.236653132092995,True,False,False,4.5371854953291093e-07,COMPLETE
1282,0.4323373198509216,2025-04-01 09:07:00.333826,2025-04-01 09:07:18.507079,0 days 00:00:18.173253,0.09300382098360671,0.8508189136508957,16,0.08535106353444263,0.25194211335595434,0.05135253680247157,0.017041670343385575,0.04549411013543129,0.09170861218645888,8.411045213266707e-05,11,136,0.092930172403484,0.22241763255760813,False,False,False,7.22737561307339e-07,COMPLETE
1283,0.36554232835769657,2025-04-01 09:07:18.917876,2025-04-01 09:07:38.868755,0 days 00:00:19.950879,0.07080496220958071,0.8253442197554667,16,0.07836454751558142,0.24219962973595566,0.02597539309783647,0.015076496826850031,0.04935275980041086,0.08314936462706685,0.00010401684927449234,10,140,0.05446144402256807,0.23317585579915456,True,False,False,6.094564121739275e-07,COMPLETE
1284,0.403718626499176,2025-04-01 09:07:39.299140,2025-04-01 09:08:32.644207,0 days 00:00:53.345067,0.12706945771580688,0.8893354546451204,2,0.16983087012268688,0.2381725117653925,0.056049960827695276,0.012776729801869795,0.04624544302927519,0.0882717661540179,0.00012877559465797588,11,143,0.039055594887832,0.21469654224656418,True,False,False,3.7542886575265816e-07,COMPLETE
1285,0.42509074211120607,2025-04-01 09:08:33.065624,2025-04-01 09:08:50.291470,0 days 00:00:17.225846,0.11967194934164885,0.866637992856139,16,0.07035717407061941,0.2327361262741039,0.06074583490169092,0.02141859171814484,0.02924121582394516,0.08539486770280828,0.003626174081719451,9,61,0.08779723054643689,0.22987822878827316,True,False,False,4.934552077987408e-07,COMPLETE
1286,0.2797684073448181,2025-04-01 09:08:50.708798,2025-04-01 09:09:08.611474,0 days 00:00:17.902676,0.14390853625606476,0.8381821438240598,16,0.08418931201511451,0.24715423807438874,0.022725777377566397,0.019408394739371705,0.05749177104296846,0.08306977083867613,0.0001061571354805475,10,140,0.07487145795904468,0.23883640688649516,True,True,False,1.2787932054122382e-06,COMPLETE
1287,0.43025394678115847,2025-04-01 09:09:09.026668,2025-04-01 09:09:30.187174,0 days 00:00:21.160506,0.7273273340208626,0.9041946234182592,16,0.09056084014978431,0.25170905177973946,0.03992275911726234,0.016065854665875626,0.05159380122517427,0.09944370148034036,7.356613129169744e-05,12,138,0.07623378210105161,0.22136194648807503,True,False,False,3.0442404634514314e-07,COMPLETE
1288,0.5853995203971862,2025-04-01 09:09:30.601382,2025-04-01 09:09:51.202953,0 days 00:00:20.601571,0.09433672805950089,0.8152310679856789,16,0.07697309339769395,0.24343917011469776,0.047169481700460446,0.013644360062480734,0.04852580105389581,0.08922345671520325,0.00013646717617192184,11,144,0.07118219219569089,0.2329240171211053,True,False,False,3.3078299587243516e-07,COMPLETE
1289,0.560168480873108,2025-04-01 09:09:51.618312,2025-04-01 09:10:12.605657,0 days 00:00:20.987345,0.1117040972681175,0.8481916317666814,16,0.06952724389347356,0.23116182002634328,0.05377186833639602,0.011138188057522078,0.04744628758909492,0.08564554431232174,9.140958809857587e-05,12,134,0.07337244437567134,0.22609438400535264,True,False,False,7.781939840532323e-07,COMPLETE
1290,0.42754195928573613,2025-04-01 09:10:13.021175,2025-04-01 09:10:33.637315,0 days 00:00:20.616140,0.41887387600474546,0.8110949449967194,16,0.06919260089447352,0.25834394892879997,0.02715533956409612,0.017161000777325373,0.04501049585470449,0.017823787444177237,0.00011523900533642495,11,143,0.07896130697938569,0.2162818140606597,True,False,False,8.9024178503719e-07,COMPLETE
