number,value,datetime_start,datetime_complete,duration,params_alpha-eval,params_alpha-train,params_batch-size,params_eps-eval,params_eps-train,params_lambda-actions-eval,params_lambda-actions-train,params_lambda-frames-eval,params_lambda-frames-train,params_learning-rate,params_n-epochs,params_n-frames,params_radius-gw,params_rho,params_std-feats,params_ub-actions,params_ub-frames,params_weight-decay,state
675,0.5980162262916565,2025-04-01 05:29:29.367191,2025-04-01 05:29:50.667772,0 days 00:00:21.300581,0.23443788335498636,0.8343877636845692,16,0.040016571035163026,0.22302013185524563,0.035320856390621116,0.01021842025164012,0.048912103201193144,0.07806330856546728,0.00027950323405262365,12,147,0.07156741366569928,0.2573151830386409,True,False,False,3.906637112432636e-08,COMPLETE
676,0.6295618295669556,2025-04-01 05:29:50.895867,2025-04-01 05:30:10.983259,0 days 00:00:20.087392,0.12743928376588054,0.7922180436153823,16,0.04722935014727816,0.2323414723414522,0.03161120666276363,0.0025941394776796533,0.042757857596327366,0.07425007059198044,0.00015339729900723889,10,144,0.07390927637617203,0.25056012063591077,True,False,False,2.0964936026373763e-08,COMPLETE
677,0.653497612476349,2025-04-01 05:30:11.198648,2025-04-01 05:30:31.945069,0 days 00:00:20.746421,0.2024057225499201,0.8159894910813777,16,0.060671501316656835,0.237003632917279,0.028740058053488744,0.009017333394259091,0.04552936952229621,0.07204615431133368,0.00010986142935118713,11,144,0.07209832577217185,0.24007161073929628,True,False,False,1.124571466630326e-07,COMPLETE
678,0.6040058135986328,2025-04-01 05:30:32.173887,2025-04-01 05:30:51.788046,0 days 00:00:19.614159,0.2124429902282241,0.8139157649809866,16,0.056700512775850906,0.23686739014557115,0.028411836359207347,0.007755513172757963,0.04562437396616123,0.07580993092217772,0.003402273824141158,9,145,0.06676257817317378,0.24760497600955816,True,False,False,1.0127439299580907e-07,COMPLETE
679,0.38140673637390143,2025-04-01 05:30:52.021723,2025-04-01 05:31:12.710993,0 days 00:00:20.689270,0.2037372734866893,0.834284855068594,16,0.06024484660628158,0.23711632015800538,0.030761112945458993,0.010141388574231348,0.0509188810754799,0.0709088744745918,0.00021936324982962783,11,147,0.04366390156756222,0.24113494996070275,True,False,False,1.4893255741356596e-07,COMPLETE
680,0.5716504573822022,2025-04-01 05:31:12.929868,2025-04-01 05:31:32.720233,0 days 00:00:19.790365,0.1732773343047498,0.7772993171983494,16,0.051526687130110216,0.22902630481685377,0.029008061192489304,0.006642306259365305,0.04414752351576207,0.07176375204593592,0.0001344468599731283,10,143,0.06959376634798133,0.25798615331322483,True,False,False,8.435693223597964e-08,COMPLETE
681,0.6427264094352723,2025-04-01 05:31:32.957387,2025-04-01 05:31:53.864040,0 days 00:00:20.906653,0.22298983653094676,0.7989471659863222,16,0.06199882413187397,0.2189267118783715,0.03337349503441111,0.009182753855238361,0.04719593133278966,0.06976649736502447,0.00017529398159312225,11,147,0.07247356558259185,0.24480799785458535,True,False,False,1.1021128278003212e-07,COMPLETE
682,0.3871057152748108,2025-04-01 05:31:54.086747,2025-04-01 05:32:17.590075,0 days 00:00:23.503328,0.26071108376441837,0.7970011103673481,8,0.06129776773571377,0.2101496257449266,0.03530633815459914,0.008799727339725527,0.04632066907270743,0.07246698408235155,0.0002735532552993143,10,150,0.07200539015313359,0.24506350957760006,True,False,False,1.6727571862174945e-07,COMPLETE
683,0.6436062574386597,2025-04-01 05:32:17.825630,2025-04-01 05:32:38.548446,0 days 00:00:20.722816,0.23200268517238185,0.7384464675358003,16,0.05374257931368055,0.21270567806620963,0.03393168196456228,0.005916397069913249,0.04831442230988717,0.06882170409802953,0.0002327432838095269,11,147,0.07046936927680432,0.23981366803687787,True,False,False,1.1879078791721852e-07,COMPLETE
684,0.5740060210227966,2025-04-01 05:32:38.769863,2025-04-01 05:32:58.551241,0 days 00:00:19.781378,0.22425470155020888,0.7339696936931256,16,0.0542824214197372,0.2113768422968534,0.037660418197870485,0.00489260069590876,0.04164214937458532,0.06975229309139733,0.00032051339541616734,10,144,0.06924067599676936,0.23686740483291402,True,False,False,1.2223570871735645e-07,COMPLETE
685,0.5440492153167724,2025-04-01 05:32:58.781710,2025-04-01 05:33:19.442866,0 days 00:00:20.661156,0.2555911616391458,0.7088178145376043,16,0.06079956743172386,0.21744108907950332,0.03871622830594624,0.003012017233957687,0.04639805814426021,0.0725953939128615,0.0002244109040435067,11,146,0.07252666856592112,0.2415621175061683,True,False,False,1.0097001172552932e-07,COMPLETE
686,0.4308982968330384,2025-04-01 05:33:19.664367,2025-04-01 05:33:39.028615,0 days 00:00:19.364248,0.24606014889404343,0.7673820656653282,16,0.048220631145662204,0.21815854893578357,0.03460572261728934,0.0062085546910816344,0.04751907010780892,0.07000007423910053,0.0002530493031641819,11,147,0.07056170226765762,0.2384267465042391,True,False,True,1.1072187495827791e-07,COMPLETE
687,0.5774990081787109,2025-04-01 05:33:39.262063,2025-04-01 05:33:59.469208,0 days 00:00:20.207145,0.20883361322249594,0.7590961015510992,16,0.05472003939124688,0.21022861819701022,0.0335096927369601,0.008217741932788111,0.04513194805276777,0.07021620110674542,0.00020187374262309397,10,147,0.06759949362389388,0.2392681591715125,True,False,False,1.3211914008394544e-07,COMPLETE
688,0.6465419292449952,2025-04-01 05:33:59.705715,2025-04-01 05:34:20.337486,0 days 00:00:20.631771,0.2298590226521137,0.7483208150513598,16,0.06383130378521397,0.16901237819571263,0.0366064493686577,0.0053598217252525384,0.04279697514039163,0.07366237307767598,0.00018248183227193587,11,143,0.07360363253348993,0.24373934298959982,True,False,False,8.174783546310138e-08,COMPLETE
689,0.4361310005187989,2025-04-01 05:34:20.558730,2025-04-01 05:34:37.818279,0 days 00:00:17.259549,0.26407686899920546,0.7200505491988808,16,0.060782993825277305,0.21339469354324808,0.038941563459988345,0.004498070784923695,0.043522330684782416,0.07349910135919498,0.00021118117183218773,9,143,0.07426581685193132,0.23791610044293893,False,False,False,7.173342568557918e-08,COMPLETE
690,0.5507295608520508,2025-04-01 05:34:38.052620,2025-04-01 05:34:58.637459,0 days 00:00:20.584839,0.24904312588612423,0.6921145348851068,16,0.06439539910889959,0.2181978499248008,0.036590551226480174,0.0037819185783366143,0.04208682201388295,0.074378727098244,0.0002466955879928135,11,143,0.07420916088411397,0.2452345885134505,True,False,False,1.9100143380498373e-07,COMPLETE
691,0.6245425105094911,2025-04-01 05:34:58.859465,2025-04-01 05:35:18.666543,0 days 00:00:19.807078,0.2041816352956983,0.7436660171223138,16,0.06235485116114751,0.22272355940595956,0.03963979475348252,0.002364628381580417,0.04394342277226718,0.07605716528249978,0.000181138465702035,10,143,0.07230652866353976,0.2421280449869908,True,False,False,7.64335804857343e-08,COMPLETE
692,0.6429078221321107,2025-04-01 05:35:18.901934,2025-04-01 05:35:39.503181,0 days 00:00:20.601247,0.23467390672090535,0.7360905283194428,16,0.0550775152093536,0.16569248867169029,0.036260998229739064,0.005413301849591599,0.04789732401909515,0.06794471674448212,0.00018771196013253068,11,145,0.07454146353862472,0.23719589537969302,True,False,False,5.714964433767098e-08,COMPLETE
693,0.5877574563026429,2025-04-01 05:35:39.728755,2025-04-01 05:35:59.784221,0 days 00:00:20.055466,0.23123004623001764,0.6994501420620758,16,0.05468927336824244,0.17751966947671532,0.037974931696005985,0.005867617565345902,0.04844488505401422,0.07026642898061083,0.0004095397211679824,10,145,0.0749193597840068,0.23914279647552314,True,False,False,6.147585268233661e-08,COMPLETE
694,0.621414303779602,2025-04-01 05:36:00.019488,2025-04-01 05:36:20.739404,0 days 00:00:20.719916,0.27715094731928747,0.7258111198414785,16,0.054643154941074364,0.16702695787843172,0.042296540039601545,0.005233503451618029,0.04765034188653024,0.06851858636236163,0.00021997566527735964,11,150,0.07287675796726026,0.24393152581399102,True,False,False,5.083277225198761e-08,COMPLETE
695,0.2797684073448181,2025-04-01 05:36:20.962500,2025-04-01 05:36:36.009327,0 days 00:00:15.046827,0.23385426651231178,0.7531165629763984,16,0.06357395483045228,0.1485570888959501,0.03657023794685089,0.002855702687796782,0.04573786607773958,0.07209207491952047,0.000255077089623347,5,145,0.07205748101948531,0.25143309049339996,True,True,False,2.970527841857292e-07,COMPLETE
696,0.2797684073448181,2025-04-01 05:36:36.244522,2025-04-01 05:36:56.320910,0 days 00:00:20.076388,0.22432691668885849,0.7406322559122527,16,0.00013983039106853223,0.20923449119454748,0.03544415002708059,0.006663099866165383,0.0507487295624153,0.07434118420685708,0.0003525194361458285,11,146,0.07500708081667051,0.13526607544315716,True,False,False,8.008217802103359e-08,COMPLETE
697,0.6178252696990967,2025-04-01 05:36:56.561955,2025-04-01 05:37:16.423726,0 days 00:00:19.861771,0.23876252308682167,0.7157525205182411,16,0.04964010253218319,0.17163349588190432,0.0393463056303714,0.004803141099513913,0.04779329004563582,0.06928613662615117,0.0002918820338382916,10,143,0.07234089217335364,0.23697755573653168,True,False,False,6.407052849195409e-08,COMPLETE
698,0.6132182121276856,2025-04-01 05:37:16.649140,2025-04-01 05:37:37.488240,0 days 00:00:20.839100,0.21830854639040767,0.6745391104703383,16,0.04665348598375886,0.16838821353158978,0.04003528324630855,0.001772604441991644,0.044479951843789924,0.0817979483276899,0.0001999787172029224,11,147,0.07483728641506043,0.24484276820776613,True,False,False,5.4253243260766753e-08,COMPLETE
699,0.6103968739509582,2025-04-01 05:37:37.729388,2025-04-01 05:37:58.148529,0 days 00:00:20.419141,0.194598225971193,0.7492655852864232,16,0.055492820856867936,0.14645680327292335,0.04182128065066113,0.007161512658885894,0.040937000611280784,0.06879895411500654,0.00017994815224876127,10,150,0.07031115722531107,0.2495933247559275,True,False,False,4.2745649024956954e-08,COMPLETE
700,0.5908040165901185,2025-04-01 05:37:58.375116,2025-04-01 05:38:17.773381,0 days 00:00:19.398265,0.2401023852503279,0.7558866723385887,16,0.05997034877081827,0.1603136646538548,0.03489832491660527,0.009174664655043421,0.04987118858112083,0.06831915760940553,0.00015965816179617763,9,143,0.07302195977145971,0.23697567015517162,True,False,False,8.609393425981948e-08,COMPLETE
701,0.481326961517334,2025-04-01 05:38:18.016021,2025-04-01 05:38:38.637912,0 days 00:00:20.621891,0.2173652172432098,0.7724175811314212,16,0.045748850133847246,0.12779544386109745,0.03680749505121602,0.0012823230771522682,0.04594501360768935,0.08715410546169071,0.0008610129018421196,11,147,0.07103852255649533,0.24374619572753786,True,False,False,1.222135925812464e-07,COMPLETE
702,0.32629576921463016,2025-04-01 05:38:38.865828,2025-04-01 05:38:59.479944,0 days 00:00:20.614116,0.1865382043456397,0.7719479075152181,16,0.007612654157179821,0.1750704922261975,0.03498184811044045,0.004579274959645518,0.042568392574977486,0.07650506366300923,0.0002315081002664561,11,150,0.05041584564226441,0.25363224839701415,True,False,False,3.3472941950357966e-08,COMPLETE
703,0.4098520874977112,2025-04-01 05:38:59.716343,2025-04-01 05:39:19.819588,0 days 00:00:20.103245,0.26080331268965207,0.781894532824399,16,0.06396706345489606,0.15936876700400723,0.037083389794749205,0.006810059256584063,0.04857604309978666,0.07416772054601006,0.0001910133421261089,10,143,0.056755573120102217,0.2636462529935474,True,False,False,6.83635840278261e-08,COMPLETE
704,0.3904252350330353,2025-04-01 05:39:20.059465,2025-04-01 05:39:42.034370,0 days 00:00:21.974905,0.21391301979539545,0.734461405518019,8,0.052389153615108375,0.1402732506831601,0.03470994480678381,0.009499737836820147,0.04457940481475837,0.08469938675540048,0.0001495094747784368,11,147,0.00516672266459231,0.2362779880220413,True,False,True,4.7696921947646874e-08,COMPLETE
705,0.43825134038925173,2025-04-01 05:39:42.259531,2025-04-01 05:40:02.446658,0 days 00:00:20.187127,0.1951445061889219,0.8043800029238095,16,0.05741506297698232,0.18138003042904827,0.03304757976488349,0.006756411377029538,0.04653286873083608,0.0723010201698714,0.0002760951340178302,10,145,0.07505986386438937,0.2591340678444641,True,False,False,3.195919808599801e-08,COMPLETE
706,0.5823532581329346,2025-04-01 05:40:02.685914,2025-04-01 05:40:23.404972,0 days 00:00:20.719058,0.24153552859658753,0.7885417847289498,16,0.06449713924051084,0.15987850117400854,0.03310114902880072,0.0039763564930891376,0.038866347390142844,0.07966161213548027,0.00010701100009361236,11,143,0.0678647897477729,0.2510244089795055,True,False,False,2.4363116638745195e-08,COMPLETE
707,0.5930232644081116,2025-04-01 05:40:23.632021,2025-04-01 05:40:44.631614,0 days 00:00:20.999593,0.2268752700945781,0.7578668273872101,16,0.04785771575381045,0.117525592560843,0.04036228910247087,0.009103697660292672,0.04072468841949321,0.0771415441567601,0.00014135905220816287,11,147,0.07276521174415629,0.24475363566918346,True,False,False,6.271130128144982e-08,COMPLETE
708,0.6231959581375123,2025-04-01 05:40:44.869465,2025-04-01 05:41:04.898369,0 days 00:00:20.028904,0.2719274107549989,0.8088847495570493,16,0.017063046410212522,0.21945009921730269,0.04577268002949556,0.010648081621663506,0.04367668868597777,0.08258301584212606,0.00018460706275193284,10,150,0.07031574006762932,0.24052192431110794,True,False,False,8.468393218175847e-08,COMPLETE
709,0.5898794889450074,2025-04-01 05:41:05.126632,2025-04-01 05:41:25.919990,0 days 00:00:20.793358,0.1997926739612038,0.7770306605780765,16,0.05781494753482395,0.15530266114470834,0.036387822903233925,0.001054055591781366,0.049863791274692905,0.0671425556023198,0.0002277167645583003,11,145,0.07534865342127331,0.25094591223740853,True,False,False,1.5763795704597825e-07,COMPLETE
710,0.43439515829086306,2025-04-01 05:41:26.160185,2025-04-01 05:41:43.548944,0 days 00:00:17.388759,0.18735505539190803,0.11105721127351825,16,0.04342691123153555,0.22198466999203906,0.0324685818562423,0.006065086599691792,0.047635942789727964,0.07484767968380174,0.030236218267554932,9,147,0.06548760288978764,0.25723983793587135,False,False,False,4.122921788748628e-08,COMPLETE
711,0.6349695444107056,2025-04-01 05:41:43.793353,2025-04-01 05:42:04.250999,0 days 00:00:20.457646,0.2251365920371755,0.7300622597672223,16,0.050915324025996994,0.21473176579584136,0.03400050998562935,0.008665498334389676,0.04267921575398081,0.07827623681888361,0.00016423852060849827,11,143,0.07302110178784885,0.24479444967549255,True,False,False,5.12183865283902e-08,COMPLETE
712,0.4385114192962647,2025-04-01 05:42:04.480110,2025-04-01 05:42:21.835555,0 days 00:00:17.355445,0.22488254839536606,0.7239088597446085,16,0.05079920431267581,0.21272546951412627,0.038312575028202865,0.008142905318024848,0.04236994654709086,0.07795594509598805,0.00020271625044091296,10,43,0.06883633885525366,0.24663943622672396,True,False,False,5.060437387581087e-08,COMPLETE
713,0.2797684073448181,2025-04-01 05:42:22.078342,2025-04-01 05:42:41.004898,0 days 00:00:18.926556,0.24513883443486476,0.7367302504232563,16,0.04246308218440453,0.20663738245961835,0.03449197716321085,0.011094549841469023,0.039566829842566424,0.07935792672208697,0.00016926474926729922,11,150,0.07096001403343191,0.25426396665484574,True,True,False,2.8638605594288284e-08,COMPLETE
714,0.5867495775222779,2025-04-01 05:42:41.234985,2025-04-01 05:43:00.950798,0 days 00:00:19.715813,0.20788473361915558,0.7487827818955668,16,0.03127761508820773,0.21878407645253165,0.036074872801061544,0.008517356356173405,0.044931965939754875,0.07648653263601321,0.00028273493729226863,10,143,0.07240586152020773,0.2648735423343102,True,False,False,5.72617927692935e-08,COMPLETE
715,0.37362402081489565,2025-04-01 05:43:01.192281,2025-04-01 05:43:21.815849,0 days 00:00:20.623568,0.185255150634776,0.7650725147291184,16,0.05121002505179262,0.21347411370250274,0.04393248468156871,0.0051006881741221055,0.04225072866331522,0.0726893857441512,0.00016789141912829832,11,147,0.06845661404475352,0.04745122182353223,True,False,False,3.5762653721228615e-08,COMPLETE
716,0.5437674164772034,2025-04-01 05:43:22.047446,2025-04-01 05:43:42.772597,0 days 00:00:20.725151,0.2216169098683608,0.6788478637236182,16,0.04515980170804473,0.21393878169436326,0.0336398593358729,0.01024435894475712,0.046877067178197965,0.08084190562797336,0.00024027339293985009,11,145,0.073263139781271,0.24869805510583007,True,False,False,7.16443459768957e-08,COMPLETE
717,0.5348473191261292,2025-04-01 05:43:43.015446,2025-04-01 05:44:02.954535,0 days 00:00:19.939089,0.25529114604918374,0.7094200198998329,16,0.02533246232015285,0.2236649512776524,0.03211864975597534,0.007722706980990365,0.040253050560153075,0.07784258995155836,0.0002048952937701811,10,148,0.07088209591111104,0.24281473813580254,True,False,False,4.668044459788736e-08,COMPLETE
718,0.5686071157455445,2025-04-01 05:44:03.201563,2025-04-01 05:44:22.569970,0 days 00:00:19.368407,0.17953840968359183,0.6979620805267188,16,0.05689294373167138,0.2063401594770141,0.03590622632653045,0.005455890953761844,0.04392876041822028,0.07520151553250592,0.0001481415625879563,9,143,0.07382173296235145,0.25994269845239,True,False,False,1.1147709218350445e-07,COMPLETE
719,0.36488689184188844,2025-04-01 05:44:22.803340,2025-04-01 05:44:43.543812,0 days 00:00:20.740472,0.2771051855868866,0.7284544070718497,16,0.03706757919869729,0.22469156988063071,0.033531890109463204,0.0032118686252309435,0.04211800590860136,0.07950510039012791,0.00011920133549243002,11,150,0.06337120797843643,0.2547388770664532,True,False,False,1.726378344651366e-08,COMPLETE
720,0.5938483357429505,2025-04-01 05:44:43.787938,2025-04-01 05:45:03.689455,0 days 00:00:19.901517,0.20856539537499894,0.7842329792253268,16,0.04906923651001115,0.2202316354773975,0.038223581467524234,0.00676350884103917,0.04571858300005282,0.07098159386236248,0.0003199814280534639,10,146,0.07049062624220857,0.2458324610740993,True,False,False,2.4397982963114798e-08,COMPLETE
721,0.38388934135437014,2025-04-01 05:45:03.922361,2025-04-01 05:45:24.289163,0 days 00:00:20.366802,0.22966928865210803,0.7987397220945434,16,0.04109308958993125,0.21680645615207633,0.03223684646286668,0.01129332993852131,0.050617730760044444,0.07399257643937751,0.00016920973179730678,11,143,0.03837625558098359,0.19416130619539984,True,False,False,4.126871395383764e-08,COMPLETE
722,0.5798496127128602,2025-04-01 05:45:24.534773,2025-04-01 05:45:44.812334,0 days 00:00:20.277561,0.17218361769805376,0.7501504586972834,16,0.06651465795467669,0.2283709658899399,0.041406528504095895,0.009230995134793345,0.04335899719924521,0.07615507241222987,0.00019535455926918534,10,147,0.06624099402802114,0.24211636384761143,True,False,False,8.31443733722994e-08,COMPLETE
723,0.5565071940422058,2025-04-01 05:45:45.045603,2025-04-01 05:46:04.750901,0 days 00:00:19.705298,0.1960320067301669,0.8182913153796256,16,0.055045370448035896,0.16484539637742127,0.03140086909289115,0.00451298985753171,0.04832585947813772,0.08136286393669684,0.00013902315750910415,12,99,0.07359667803522368,0.23738828849337695,True,False,False,5.85789247313523e-08,COMPLETE
724,0.4370284914970398,2025-04-01 05:46:04.995962,2025-04-01 05:46:24.016164,0 days 00:00:19.020202,0.2373884529565322,0.7781037995774652,16,0.06024880558797009,0.22627649497265487,0.034786175838627635,0.011799478061167573,0.04496136860668058,0.07796413330868285,0.07752273403304138,11,150,0.0719334071628073,0.250986293018598,True,False,True,3.105047405167101e-08,COMPLETE
725,0.4262141823768616,2025-04-01 05:46:24.263558,2025-04-01 05:46:44.909510,0 days 00:00:20.645952,0.21181723623225074,0.8316783190439823,16,0.03394370544961382,0.21026380068239614,0.036363007636634664,0.007585948895771684,0.04008227580352502,0.07305483086249295,0.0002304953751016181,11,143,0.06993329016755641,0.25730952071552643,True,False,False,7.570824851646437e-06,COMPLETE
726,0.42029784917831425,2025-04-01 05:46:45.143685,2025-04-01 05:47:10.397078,0 days 00:00:25.253393,0.18056092281680539,0.7980912681930864,8,0.04605830620974877,0.21598148236613868,0.030870406025415548,0.008974161296783748,0.04717160071044853,0.07986012268655024,0.0001567892911640195,12,145,0.07496757781298968,0.2663589204105113,True,False,False,5.0012654036680856e-08,COMPLETE
727,0.36364790201187136,2025-04-01 05:47:10.645191,2025-04-01 05:47:30.450835,0 days 00:00:19.805644,0.16496669387348695,0.764167156519501,16,0.05172131500041818,0.22355377865503515,0.0340397580733481,0.006021005001395182,0.051482806424432405,0.0758818997633011,0.00011389070403094427,10,147,0.067514127763443,0.23729586359201016,True,False,False,2.168263568973547e-08,COMPLETE
728,0.4313567876815796,2025-04-01 05:47:30.687503,2025-04-01 05:47:46.573519,0 days 00:00:15.886016,0.26035054857763107,0.7362562727581679,16,0.06658957077741903,0.1843462215721562,0.030782913517617513,0.0030369696711799545,0.049238212816733185,0.08312095462582511,0.00018144606592740878,6,150,0.07233306719615504,0.24626853853429384,False,False,False,3.528723596716389e-08,COMPLETE
729,0.437488329410553,2025-04-01 05:47:46.820021,2025-04-01 05:48:07.735249,0 days 00:00:20.915228,0.20383899759455001,0.8200898648184956,16,0.04023543758515284,0.17173413442796304,0.03778733861378181,0.013134054516215157,0.04145467370583169,0.07164524509380937,0.00013694085547543759,11,142,0.07572770689656085,0.25189315067932494,True,False,False,1.0578611577966353e-07,COMPLETE
730,0.5854110360145569,2025-04-01 05:48:07.986331,2025-04-01 05:48:28.580699,0 days 00:00:20.594368,0.21996520984177026,0.7991591703685541,16,0.027708998406235495,0.22803819885890253,0.032846019332211436,0.010253778328604028,0.045218861950323735,0.07872803591730339,0.0001997381645344234,11,145,0.06871255324033478,0.2450336525903556,True,False,False,1.179568243773539e-06,COMPLETE
