number,value,datetime_start,datetime_complete,duration,params_alpha-eval,params_alpha-train,params_batch-size,params_eps-eval,params_eps-train,params_lambda-actions-eval,params_lambda-actions-train,params_lambda-frames-eval,params_lambda-frames-train,params_learning-rate,params_n-epochs,params_n-frames,params_radius-gw,params_rho,params_std-feats,params_ub-actions,params_ub-frames,params_weight-decay,state
283,0.5703590631484986,2025-04-21 18:39:50.311509,2025-04-21 18:40:09.773690,0 days 00:00:19.462181,0.525241235680958,0.4497314200154148,8,0.12557969432244834,0.20747165284735505,0.07067938092435484,0.058470615593386156,0.01342231217918601,0.057489493040840944,1.6321626835492182e-05,6,87,0.0469528855342058,0.18065424239763064,True,False,False,4.24459453473834e-05,COMPLETE
284,0.5221306443214416,2025-04-21 18:40:09.872638,2025-04-21 18:40:47.310368,0 days 00:00:37.437730,0.5487419207297111,0.4411918872319573,2,0.12791658653698484,0.2080506883839193,0.07056341602695822,0.055618115480880484,0.007770047186547949,0.0632313819210772,2.4333003357219785e-05,6,88,0.04521263795384668,0.1800774051270425,True,False,False,4.477998768660142e-05,COMPLETE
285,0.5339110374450684,2025-04-21 18:40:47.399285,2025-04-21 18:41:25.542539,0 days 00:00:38.143254,0.5210634224309253,0.47046821175836945,8,0.12387146744984218,0.20737355149990183,0.06635812661587287,0.059503543673340285,0.010152434958189372,0.058607479365470574,2.0093387778996192e-05,28,87,0.04384975061531607,0.1746565785055289,True,False,False,4.1198962016446153e-05,COMPLETE
286,0.5434055328369141,2025-04-21 18:41:25.631468,2025-04-21 18:41:45.736597,0 days 00:00:20.105129,0.5316999214704541,0.45436334760847563,8,0.11703700548803961,0.21499783888462748,0.07385802124267561,0.057348699622114835,0.015811551446850647,0.056765729257017304,1.6996953483502776e-05,7,94,0.041417270227271256,0.1850325631831154,True,False,False,3.0133184812817937e-05,COMPLETE
287,0.5221745848655701,2025-04-21 18:41:45.825710,2025-04-21 18:42:16.423267,0 days 00:00:30.597557,0.55983599455098,0.42493407074219275,8,0.1347651130548184,0.20803290022231535,0.07112107815734452,0.05258030114100859,0.06500681808037849,0.05409891443749072,1.6035400945622594e-05,19,90,0.050494321698235006,0.1902838393764988,True,False,False,5.047793579649242e-05,COMPLETE
288,0.29745946526527406,2025-04-21 18:42:16.523311,2025-04-21 18:42:33.774823,0 days 00:00:17.251512,0.5183139142883546,0.46829004207337627,8,0.1122984310885278,0.21663247699596694,0.07456930858120554,0.05871314565931976,0.013548510085668328,0.0636173660240205,2.2159893020031294e-05,6,86,0.046370390881742364,0.17770988470050178,True,False,True,3.3090219910612e-05,COMPLETE
289,0.5659834384918213,2025-04-21 18:42:33.865551,2025-04-21 18:42:53.194203,0 days 00:00:19.328652,0.5356495243685554,0.4404393221278186,8,0.12884525973514507,0.2113359788722676,0.06974024655803318,0.06198677441120637,0.0077328285928282186,0.0671544867876689,1.3799232673172133e-05,6,92,0.047295252663752264,0.18226209516953726,True,False,False,2.671431433884026e-05,COMPLETE
290,0.5490649700164795,2025-04-21 18:42:53.285199,2025-04-21 18:43:12.586070,0 days 00:00:19.300871,0.5451501545558707,0.4360550211510253,8,0.0959260519610107,0.20604300785453586,0.0644334874307553,0.058521714879739645,0.011204220440940112,0.06995360787190714,1.8528140048422244e-05,6,86,0.046909636361890904,0.17022903114776478,True,False,False,2.288929654445012e-05,COMPLETE
291,0.5211675643920899,2025-04-21 18:43:12.678302,2025-04-21 18:43:31.945197,0 days 00:00:19.266895,0.1944976892584503,0.45199721754463174,8,0.12850414413029326,0.21177248137067248,0.06712311483031265,0.050918953599266396,0.008665059199526304,0.06715587334565379,2.9794466751529604e-05,6,91,0.048285357257882376,0.19265544031021925,True,False,False,1.8431771739185747e-05,COMPLETE
292,0.2797684073448181,2025-04-21 18:43:32.037471,2025-04-21 18:43:48.889704,0 days 00:00:16.852233,0.5290597665756667,0.4354329199421511,8,0.12181645180255732,0.21341530871391953,0.06949535441120654,0.06130243613306449,0.0033950372213781364,0.06061101917777985,0.000126635287134064,6,96,0.041595507977039564,0.1806401341417705,True,True,False,4.0524367736396523e-05,COMPLETE
293,0.5712915658950806,2025-04-21 18:43:48.992487,2025-04-21 18:44:08.081350,0 days 00:00:19.088863,0.5620343667687908,0.45043852414144947,8,0.11629353779351022,0.20459853337490444,0.07231936082157017,0.05488827670259307,0.012463669965949442,0.05751812873382558,1.3290361136801632e-05,6,88,0.04396490565924404,0.17414462519532936,True,False,False,2.61218015647604e-05,COMPLETE
294,0.54958815574646,2025-04-21 18:44:08.174122,2025-04-21 18:44:28.210752,0 days 00:00:20.036630,0.5579874753638187,0.45639402395621703,8,0.11588491501860558,0.10963703559124834,0.07181053102056446,0.05470679683557428,0.016533213783200447,0.05764996287753905,1.5911547904127122e-05,7,89,0.05102014692652292,0.1752142800360721,True,False,False,2.6861994647506217e-05,COMPLETE
295,0.5266149520874024,2025-04-21 18:44:28.302757,2025-04-21 18:44:53.660852,0 days 00:00:25.358095,0.5685694372386734,0.4178434402814478,8,0.10689611913375194,0.20536530272627437,0.0693892810741438,0.05726146595099552,0.013326330990307111,0.05894469663869621,1.3529429764961706e-05,13,93,0.04465054767515479,0.19676822206403285,True,False,False,3.695744515427495e-05,COMPLETE
296,0.5662933230400086,2025-04-21 18:44:53.751995,2025-04-21 18:45:12.953538,0 days 00:00:19.201543,0.538939248502069,0.45662171924262507,8,0.13288734860816748,0.21753643373029985,0.07278451750923179,0.055382218771348184,0.010667545880250005,0.06147887510801657,1.7893412033907864e-05,6,88,0.04254563845163985,0.18635803225873462,True,False,False,4.811553409153606e-05,COMPLETE
297,0.44934020042419437,2025-04-21 18:45:13.048119,2025-04-21 18:45:31.801101,0 days 00:00:18.752982,0.5442743981045006,0.4865013388785003,8,0.13279910792615954,0.21797263798455543,0.07350926426068674,0.05135044386548632,0.0091561465723985,0.06262035117289631,2.027929186151287e-05,6,88,0.038363564681590405,0.18966745275816174,False,False,False,4.425407891295359e-05,COMPLETE
298,0.5210020780563355,2025-04-21 18:45:31.903771,2025-04-21 18:45:51.091040,0 days 00:00:19.187269,0.5870796981223706,0.4554748782646643,8,0.12399235886962906,0.21906403816648626,0.07243309579237306,0.054877149080429614,0.01218830175424467,0.06579505684400196,2.512154799801318e-05,6,86,0.04558234317955999,0.1857627737028743,True,False,False,5.5182364062294954e-05,COMPLETE
299,0.3742704153060913,2025-04-21 18:45:51.186551,2025-04-21 18:46:10.397511,0 days 00:00:19.210960,0.5361718639163148,0.42819525131222125,8,0.11240779764834874,0.20893229252173998,0.06927832398451626,0.05655738013242493,0.01008431921745535,0.060595124231066715,1.7299038711789547e-05,6,98,0.04841342756818175,0.17134208235207415,True,False,False,3.655988495782295e-05,COMPLETE
300,0.5664833545684814,2025-04-21 18:46:10.491211,2025-04-21 18:46:29.705017,0 days 00:00:19.213806,0.512459179980469,0.46581233864460314,8,0.12944732643273546,0.2212726543922267,0.07153938141245413,0.05356590546902978,0.00756730120139815,0.054860589712652764,1.6715327598556892e-05,6,91,0.042553485973916214,0.1763426055247867,True,False,False,4.9528817358947896e-05,COMPLETE
301,0.543297815322876,2025-04-21 18:46:29.798253,2025-04-21 18:46:49.090244,0 days 00:00:19.291991,0.5688282787461167,0.4841624950685307,8,0.1294065568197564,0.22566582455843473,0.06775244571271394,0.053126406882831156,0.014575763832104228,0.052168339385791254,1.894165411218671e-05,6,94,0.042337748613006675,0.17954337730875253,True,False,False,5.134127453980456e-05,COMPLETE
302,0.5303891777992249,2025-04-21 18:46:49.182898,2025-04-21 18:47:08.368717,0 days 00:00:19.185819,0.5157107210992782,0.5017942232484366,8,0.13660115735168063,0.21917722441682821,0.0712735804199095,0.04885866641120103,0.007977781204875146,0.05375561017674857,2.3046676265199373e-05,6,90,0.03943160662980802,0.19357067014592197,True,False,False,2.215394086605887e-05,COMPLETE
303,0.5477279901504517,2025-04-21 18:47:08.472051,2025-04-21 18:47:28.591159,0 days 00:00:20.119108,0.5539096682314476,0.44130374149332185,8,0.10146756523179346,0.22155774904740694,0.07475533964669825,0.05442813240673294,0.0125960427862139,0.05590016664184765,1.643858492804017e-05,7,92,0.04337577767299877,0.1863003182229382,True,False,False,1.547550669843049e-05,COMPLETE
304,0.5618114352226258,2025-04-21 18:47:28.686363,2025-04-21 18:47:48.046563,0 days 00:00:19.360200,0.5274160469780967,0.4666758526850468,8,0.1247915446921862,0.21444917041823341,0.07724746287695762,0.058563708164103015,0.010178284267349087,0.05803022325038015,1.5142063972002366e-05,6,89,0.05378469790320062,0.20048006663171625,True,False,False,3.246898340226829e-05,COMPLETE
305,0.5199162006378174,2025-04-21 18:47:48.140152,2025-04-21 18:48:07.351861,0 days 00:00:19.211709,0.5312805470394926,0.4628089465320387,8,0.12003887900402035,0.21283143594301748,0.07683707930483834,0.05526238835050167,0.05554690673837408,0.0559760889490074,2.6744116883153835e-05,6,88,0.053737845212743676,0.2054262931935851,True,False,False,2.7984340284278133e-05,COMPLETE
306,0.5241645693778992,2025-04-21 18:48:07.446501,2025-04-21 18:48:33.645208,0 days 00:00:26.198707,0.5444448817990309,0.41484171742041837,8,0.124618272192318,0.22737116139331523,0.08151637275782068,0.05852400683520699,0.010758289281193519,0.05863281762946849,2.060030269197028e-05,14,85,0.04718868327950883,0.1767982501088428,True,False,False,6.490595630740932e-05,COMPLETE
307,0.5226831674575806,2025-04-21 18:48:33.751245,2025-04-21 18:49:10.674331,0 days 00:00:36.923086,0.5178552689921256,0.4416306733529376,2,0.13212745012500354,0.21472236525248284,0.0793225416950299,0.05751202610910142,0.010194430002465636,0.06182188566741456,1.3874272938735689e-05,6,88,0.04044033972961114,0.19122043498277635,True,False,False,2.172324239675912e-05,COMPLETE
308,0.5610251188278199,2025-04-21 18:49:10.770711,2025-04-21 18:49:30.056755,0 days 00:00:19.286044,0.5641398250769601,0.4684127658542729,8,0.1414060220628634,0.20144076676398373,0.07013961303310168,0.05262299843189016,0.018017474057302838,0.06832424125705597,1.6399594626693384e-05,6,94,0.05279660103860697,0.20218208929022546,True,False,False,4.6127538708426874e-05,COMPLETE
309,0.31613526940345765,2025-04-21 18:49:30.153597,2025-04-21 18:49:47.423044,0 days 00:00:17.269447,0.5816911173187709,0.46821069950620303,8,0.1386612952187874,0.19996135868575546,0.07082961177249694,0.05473261949052193,0.014905074480527957,0.06870024938716895,1.813996243963213e-05,6,95,0.05159166358215365,0.2122405919795731,True,False,True,4.790501263495145e-05,COMPLETE
310,0.5212170004844666,2025-04-21 18:49:47.521040,2025-04-21 18:50:06.814548,0 days 00:00:19.293508,0.5699113343042845,0.5190896379440086,8,0.14428447214117318,0.20354522252860283,0.07439897029159902,0.05100215468697007,0.017585567733874152,0.06377796362777982,3.43602843495934e-05,6,100,0.054677345526152596,0.20052547634752124,True,False,False,3.976008921775404e-05,COMPLETE
311,0.5250611782073975,2025-04-21 18:50:06.911982,2025-04-21 18:50:26.928514,0 days 00:00:20.016532,0.5518573073051153,0.5045474101221635,8,0.1257149914374261,0.2089894403237124,0.06260809884150165,0.04864026726774988,0.013254934425441916,0.07498959192150004,2.364065854227072e-05,7,96,0.04990604649269024,0.2028633452577417,True,False,False,6.249710082975649e-05,COMPLETE
312,0.5656244397163391,2025-04-21 18:50:27.034775,2025-04-21 18:50:46.161872,0 days 00:00:19.127097,0.5245041092634877,0.4758247869603942,8,0.11482769064630469,0.1972568279618846,0.06956977086995567,0.0526883906662118,0.011854455605967113,0.05168236254768385,1.596833538634549e-05,6,90,0.04425603838378572,0.19770478544023984,True,False,False,3.2554017828811744e-05,COMPLETE
313,0.5471214294433594,2025-04-21 18:50:46.259882,2025-04-21 18:51:05.423307,0 days 00:00:19.163425,0.5330565001367444,0.45681178515198867,8,0.11513373127233355,0.19608616245766833,0.06926850359051592,0.046456053535918695,0.012388378456887011,0.057406587438844005,1.97305075642375e-05,6,91,0.04570475592489836,0.19798914681479146,True,False,False,3.0977879855818856e-07,COMPLETE
314,0.3002661466598511,2025-04-21 18:51:05.521534,2025-04-21 18:51:23.385200,0 days 00:00:17.863666,0.5519425058458748,0.4960489628560305,8,0.11919360717073703,0.2021931687555367,0.07739806360182933,0.05268216105952697,0.016551010080455213,0.07221199808534733,1.6484942287685207e-05,7,95,0.043478736422620144,0.20790742464335704,True,True,False,4.986126542712772e-05,COMPLETE
315,0.43213350772857667,2025-04-21 18:51:23.483887,2025-04-21 18:51:42.807395,0 days 00:00:19.323508,0.5259094270105362,0.4417289954840606,8,0.13076726961694624,0.013679420196792219,0.06773198468300265,0.049886392995982895,0.014840867682948001,0.05115003248827195,1.589977178198646e-05,6,91,0.0523030920920233,0.19919270971191264,True,False,False,3.495085448260869e-05,COMPLETE
316,0.44638587236404426,2025-04-21 18:51:42.915835,2025-04-21 18:52:03.196927,0 days 00:00:20.281092,0.5674699820390682,0.4679453818205608,8,0.14229383619903332,0.20518622791234012,0.07242188386825617,0.055895599860783386,0.0115069847269778,0.06671751952970081,2.206998133368065e-05,7,93,0.04755692759237358,0.2759661358198402,True,False,False,3.171824114313289e-05,COMPLETE
317,0.4088580369949341,2025-04-21 18:52:03.298545,2025-04-21 18:52:22.663313,0 days 00:00:19.364768,0.5885623537748185,0.48891795802488835,8,0.10724988569387774,0.19829359887249426,0.07561822737143377,0.05212633108118627,0.009683844048156162,0.05436796536111063,1.3458676329869644e-05,6,99,0.05454949533730597,0.19491323951997783,True,False,False,4.3589409297125325e-05,COMPLETE
318,0.4487909317016602,2025-04-21 18:52:22.762935,2025-04-21 18:52:43.455574,0 days 00:00:20.692639,0.519864109925146,0.5189668671436626,8,0.1252916476052502,0.20996919256206684,0.07301545512973132,0.05379508014440905,0.013803494650803667,0.04938809309371802,1.7988461856244287e-05,8,90,0.0571638029400011,0.1727695443288073,False,False,False,1.08507189452651e-05,COMPLETE
319,0.2797684073448181,2025-04-21 18:52:43.555266,2025-04-21 18:53:02.308771,0 days 00:00:18.753505,0.5087437910172025,0.4528961818828226,8,0.1367443399807049,0.003576784778962755,0.06586030031708683,0.056191111060430676,0.011685349971558618,0.059421239320281496,1.4205944831536574e-05,6,86,0.04466914030704858,0.19188080978941693,True,False,False,2.6822815348947953e-05,COMPLETE
320,0.5207061648368836,2025-04-21 18:53:02.418012,2025-04-21 18:53:22.529651,0 days 00:00:20.111639,0.529691071672941,0.4772241833819765,8,0.11870868093478414,0.2026047383413901,0.06981003738349109,0.05914006160003821,0.008665991014146448,0.06501288205686133,2.9411249160103936e-05,7,94,0.03802350550621954,0.2083387722658825,True,False,False,3.562192977251538e-05,COMPLETE
321,0.5724250197410584,2025-04-21 18:53:22.631822,2025-04-21 18:53:41.871332,0 days 00:00:19.239510,0.5036895397077112,0.4336693472987647,8,0.13133919705140815,0.14255938556231365,0.07225114594772274,0.060098689872123814,0.010311750481197503,0.06199087038207355,1.3130076173278026e-05,6,89,0.043120255730920834,0.1761369694796611,True,False,False,5.9716067944904655e-05,COMPLETE
322,0.5612152814865112,2025-04-21 18:53:41.970739,2025-04-21 18:54:02.069412,0 days 00:00:20.098673,0.5464171747429929,0.41410969814204013,8,0.08297554724202508,0.22657056807017725,0.07151322438843924,0.05787466562267199,0.012751349172434492,0.06149342712297544,1.6284227577270765e-05,7,89,0.03550411931124395,0.2003775105493688,True,False,False,6.133750993847961e-05,COMPLETE
323,0.5543822050094604,2025-04-21 18:54:02.169993,2025-04-21 18:54:21.272160,0 days 00:00:19.102167,0.5674921795803659,0.42408085174459687,8,0.08726346513238781,0.1542807304426932,0.07185861598473069,0.05696598776753136,0.015735785834082843,0.06154709677146028,1.944185372678551e-05,6,89,0.04255059190827364,0.20330140157007356,True,False,False,7.0294109782347e-05,COMPLETE
324,0.528696846961975,2025-04-21 18:54:21.373363,2025-04-21 18:54:41.535362,0 days 00:00:20.161999,0.5968261826786687,0.4208060044778463,8,0.06964043834032384,0.14109974861375565,0.07210814231472203,0.057080057260799566,0.018080438122021612,0.06228561397059852,2.3981788566951083e-05,7,89,0.03342103326440275,0.20438287111259856,True,False,False,7.697916346449966e-05,COMPLETE
325,0.44383164644241335,2025-04-21 18:54:41.646091,2025-04-21 18:55:00.934046,0 days 00:00:19.287955,0.5757221414644187,0.43199058494062986,8,0.05587534195666111,0.14380603449880214,0.06779945100965097,0.056047916027621776,0.01565743232151205,0.05992064707689793,2.1353034298333332e-05,6,90,0.042374031438639694,0.21522840363422913,True,False,False,4.628595005660141e-05,COMPLETE
326,0.5204984545707703,2025-04-21 18:55:01.035742,2025-04-21 18:55:19.534717,0 days 00:00:18.498975,0.5572115835531692,0.4202873637756828,8,0.08409082145201438,0.12571740112459961,0.07426445865292297,0.059183621161876046,0.013633488054823431,0.06172443511814876,4.4012223420760955e-05,5,96,0.046416514656145824,0.22141490773156103,True,False,False,6.555171845019457e-05,COMPLETE
327,0.4450798869132996,2025-04-21 18:55:19.635936,2025-04-21 18:55:38.870686,0 days 00:00:19.234750,0.9987234709525181,0.4448716089818559,8,0.08219084662099854,0.13377711420870048,0.07053699246058315,0.053999963041439905,0.017691819091826485,0.06431636870115914,1.9043140111279574e-05,6,85,0.03602403909922339,0.20407057453353955,True,False,False,6.434452352379905e-05,COMPLETE
328,0.4289238572120667,2025-04-21 18:55:38.973693,2025-04-21 18:56:32.571841,0 days 00:00:53.598148,0.5466866082282933,0.4303689937831265,2,0.1332847353755725,0.13926953991452684,0.07621591226584984,0.05809240909065347,0.015285536367314653,0.05676603983861716,1.768277196252441e-05,11,89,0.04334469143243398,0.21232487859575,True,False,False,5.4356700762707464e-05,COMPLETE
329,0.5379600644111634,2025-04-21 18:56:32.684014,2025-04-21 18:56:56.698330,0 days 00:00:24.014316,0.5752246304669851,0.45658620187973126,8,0.07652670605287491,0.22757840085597045,0.07248881481235064,0.05278374410789882,0.01243197620596423,0.05487147919601139,1.6682628517651343e-05,15,93,0.04126131811815831,0.19872830308608902,True,False,True,8.175282395375395e-05,COMPLETE
330,0.546069598197937,2025-04-21 18:56:56.803575,2025-04-21 18:57:16.193059,0 days 00:00:19.389484,0.541077220489988,0.4158114388286032,8,0.10171649565939882,0.22857493947203508,0.06873027619572214,0.06006033305568862,0.012478676001272247,0.05945609074074068,2.0748674165723642e-05,6,85,0.03257454025687174,0.17568972946933528,True,False,False,5.876352593633054e-05,COMPLETE
331,0.5210715293884278,2025-04-21 18:57:16.296317,2025-04-21 18:57:36.475961,0 days 00:00:20.179644,0.5578389652623768,0.44043864388625054,8,0.08843873263348553,0.22303691718904411,0.0743888162924654,0.05571173909219137,0.01424264621744939,0.0618395525964065,2.8372607056012763e-05,7,91,0.036534485140522946,0.17862549555331111,True,False,False,5.059056378297071e-05,COMPLETE
332,0.5651920318603516,2025-04-21 18:57:36.578985,2025-04-21 18:57:56.038706,0 days 00:00:19.459721,0.6039735579355254,0.46013352169523314,8,0.12738755896320608,0.22262500416972617,0.07036131478514634,0.05727188416436811,0.011471330294485264,0.09935681336906885,1.592658327876138e-05,6,88,0.05058966089139398,0.19534921574947914,True,False,False,2.6362220062843272e-08,COMPLETE
333,0.560608732700348,2025-04-21 18:57:56.152497,2025-04-21 18:58:14.466461,0 days 00:00:18.313964,0.606120439767682,0.4578895268078752,8,0.1278946976341046,0.23133677155141955,0.07074134265702647,0.057168569670179505,0.016266483537403186,0.05261597541818765,1.651416280420304e-05,5,88,0.04843127242081324,0.20136703284090457,True,False,False,7.748521704404653e-05,COMPLETE
334,0.3282839596271515,2025-04-21 18:58:14.570077,2025-04-21 18:58:30.998146,0 days 00:00:16.428069,0.6252685830641993,0.10015799212065529,8,0.0899829035230871,0.16260167970008382,0.06699694940158676,0.057980024052983116,0.01706852697631022,0.05202746512514798,2.27023864909891e-05,5,86,0.04935066396638717,0.22787347215036743,True,True,False,7.78829819013546e-05,COMPLETE
335,0.5609161615371705,2025-04-21 18:58:31.102191,2025-04-21 18:58:49.505727,0 days 00:00:18.403536,0.6052169339307512,0.4583212135167698,8,0.12871689014980642,0.23689335343362408,0.06491562576028288,0.056253259465571595,0.016073320506451577,0.05763953357088327,1.6527579161439147e-05,5,87,0.049480757401655015,0.20250858729642968,True,False,False,6.738731509612006e-05,COMPLETE
336,0.43890450000762943,2025-04-21 18:58:49.611009,2025-04-21 18:59:07.954533,0 days 00:00:18.343524,0.5895714608358349,0.4126188246715499,8,0.12746811411836864,0.151228629813831,0.06570564580186701,0.05621261648347875,0.019461277716430764,0.07980635231414239,1.8354091464697203e-05,5,85,0.049787987482592,0.2096955035183383,True,False,False,1.1253541597812861e-06,COMPLETE
337,0.44634811878204345,2025-04-21 18:59:08.069732,2025-04-21 18:59:25.901358,0 days 00:00:17.831626,0.6099039797825259,0.44521347988273846,8,0.12460961366033299,0.24048455926894668,0.06852738762984473,0.05404994606100371,0.016453400448958943,0.09635437080336666,0.0018577512823557828,5,97,0.04765151142440774,0.20011352128427307,False,False,False,8.744400593915516e-05,COMPLETE
338,0.5680468797683715,2025-04-21 18:59:26.006458,2025-04-21 18:59:44.461668,0 days 00:00:18.455210,0.615047215356902,0.45777997775425305,8,0.11891380349833781,0.1697604968503051,0.07098304648111069,0.05210886601475412,0.015417936548969124,0.05718466943249185,1.9082359280984325e-05,5,89,0.04508489864213562,0.20111175246309362,True,False,False,4.175583942496559e-08,COMPLETE
339,0.5521350383758545,2025-04-21 18:59:44.566011,2025-04-21 19:00:03.121326,0 days 00:00:18.555315,0.6433952964412872,0.45877590387520517,8,0.13128338017463176,0.23617128324560852,0.06362620154044839,0.05151325230149813,0.018275394680955792,0.057454377326419497,2.3279714743861097e-05,5,89,0.045459959858623264,0.2006031875284052,True,False,False,5.86712443626551e-08,COMPLETE
