number,value,datetime_start,datetime_complete,duration,params_alpha-eval,params_alpha-train,params_batch-size,params_eps-eval,params_eps-train,params_lambda-actions-eval,params_lambda-actions-train,params_lambda-frames-eval,params_lambda-frames-train,params_learning-rate,params_n-epochs,params_n-frames,params_radius-gw,params_rho,params_std-feats,params_ub-actions,params_ub-frames,params_weight-decay,state
682,0.6385301709175111,2025-04-21 21:09:07.756622,2025-04-21 21:09:29.327122,0 days 00:00:21.570500,0.7753890453537838,0.530687339354535,8,0.04314316032163804,0.046942754380418485,0.09116265919751765,0.02783787932088026,0.043632038770972506,0.03970343904052388,2.817246555120595e-05,9,78,0.02112042087444737,0.1558586696166612,True,False,False,2.2720852242338724e-07,COMPLETE
683,0.6465008854866028,2025-04-21 21:09:29.549276,2025-04-21 21:09:50.663352,0 days 00:00:21.114076,0.7631567446657219,0.5074948274799712,8,0.04320866601728935,0.04440576805770471,0.09146197652383832,0.026730175305025465,0.040417350528685225,0.03310950897899988,2.763564784091272e-05,8,76,0.020851570068100653,0.15431602869027003,True,False,False,2.0299018898619682e-07,COMPLETE
684,0.622730803489685,2025-04-21 21:09:50.872355,2025-04-21 21:10:11.898465,0 days 00:00:21.026110,0.7726674103682142,0.49899325937626227,8,0.045444122089107364,0.03708772084093465,0.09111237642648691,0.022209630854564913,0.03931097189832214,0.029993731997977405,2.4119532950697863e-05,8,73,0.017390196220111658,0.1516720850024915,True,False,False,1.9683544099548363e-07,COMPLETE
685,0.6469739437103271,2025-04-21 21:10:12.121776,2025-04-21 21:10:32.848974,0 days 00:00:20.727198,0.7701195091058183,0.49583511303058125,8,0.060389470758864056,0.033961965003935904,0.08969056308648503,0.020575524274889477,0.03919504506335349,0.030010371731549298,3.064717350442698e-05,8,71,0.016686752267162167,0.15151518092501864,True,False,False,1.9271145709584183e-07,COMPLETE
686,0.43902088403701783,2025-04-21 21:10:33.060757,2025-04-21 21:10:53.615012,0 days 00:00:20.554255,0.766066953793631,0.5015686703665851,8,0.060571430150160435,0.032610195327647654,0.09027112508733788,0.0192847034479336,0.03973171227235778,0.03123598328907844,4.1879850567517464e-05,8,67,0.015520763547757003,0.1503813743988883,True,False,False,1.5931967457599565e-07,COMPLETE
687,0.4397552251815796,2025-04-21 21:10:53.836848,2025-04-21 21:11:14.532705,0 days 00:00:20.695857,0.7948967001469522,0.513177414295467,8,0.052264705215835684,0.04131056206351325,0.03820090278082169,0.019440742883588037,0.04117889950503268,0.02927223874339164,4.009710691738934e-05,8,69,0.017182937704362584,0.14663783043068623,True,False,False,1.9656314105176755e-07,COMPLETE
688,0.2808833956718445,2025-04-21 21:11:14.755537,2025-04-21 21:11:33.090644,0 days 00:00:18.335107,0.7777053792440582,0.49100053187185433,8,0.06092261666484487,0.018247686808800956,0.09159407728224611,0.023152904690795992,0.03823365175819479,0.03075336137550705,3.614801544474861e-05,8,73,0.01471664612856131,0.13842737568961852,True,False,True,1.264341200324752e-07,COMPLETE
689,0.629583477973938,2025-04-21 21:11:33.303474,2025-04-21 21:11:53.155839,0 days 00:00:19.852365,0.7895821080949699,0.49357191950427626,8,0.044799895114202695,0.036739404249937165,0.09113604788740101,0.020343638790855594,0.03285773398764508,0.032287793090740785,2.831849238555574e-05,7,72,0.016865560282395203,0.15497921040415133,True,False,False,2.0805053485703518e-07,COMPLETE
690,0.4427662253379822,2025-04-21 21:11:53.382674,2025-04-21 21:12:13.178946,0 days 00:00:19.796272,0.8053321118173957,0.4935949058743563,8,0.04727783549421739,0.03568789278136482,0.08864942498370312,0.019906248216193263,0.03347323853366959,0.029788350885722896,3.469611701504891e-05,7,66,0.012488507321967544,0.15268113228277963,True,False,False,1.006842749421716e-07,COMPLETE
691,0.4122469902038574,2025-04-21 21:12:13.392023,2025-04-21 21:12:33.446408,0 days 00:00:20.054385,0.7875619892639927,0.4982107098995142,8,0.05601935047560945,0.03724575761678693,0.08999505876024895,0.021402757377928353,0.0431749438841992,0.0327355806509681,2.954704512013014e-05,7,71,0.010714934033169837,0.14486469241303046,True,False,False,1.94648698832189e-07,COMPLETE
692,0.4181567192077637,2025-04-21 21:12:33.671516,2025-04-21 21:13:14.001942,0 days 00:00:40.330426,0.7716608559527252,0.4909595546748883,2,0.04570029510987405,0.0471866155584084,0.0878720812134439,0.02154716770996711,0.03431187043488283,0.02913239547662202,3.168452739563763e-05,7,73,0.015663759920234437,0.15545634888207083,True,False,False,2.2430116326684778e-07,COMPLETE
693,0.2818146824836731,2025-04-21 21:13:14.213572,2025-04-21 21:13:31.936370,0 days 00:00:17.722798,0.8077100511141656,0.5146836538165444,8,0.06600569764902268,0.030573488528171044,0.09159321133628674,0.020857723848933224,0.031208236959122986,0.025606446449894852,3.2205331676029165e-05,7,71,0.018026641798237854,0.15229947543179184,True,True,False,1.5168298059683342e-07,COMPLETE
694,0.448875379562378,2025-04-21 21:13:32.162950,2025-04-21 21:13:52.764388,0 days 00:00:20.601438,0.7925568270861367,0.513713332360559,8,0.04494601396563979,0.022950498240373922,0.08916129677955024,0.01762991114224325,0.03826668223696417,0.024492859205223448,2.845821159981896e-05,8,65,0.01766494008072178,0.16042687068053982,True,False,False,1.832960284675258e-07,COMPLETE
695,0.6412409663200379,2025-04-21 21:13:52.977887,2025-04-21 21:14:12.803079,0 days 00:00:19.825192,0.7647849956462064,0.4977570480763678,8,0.050607864282141944,0.044088528320038414,0.09193708238465213,0.022550021011292637,0.041785111525017175,0.03213830642590563,4.0016448581092794e-05,7,74,0.015344879887201715,0.1464427665982056,True,False,False,2.5065813967658686e-07,COMPLETE
696,0.44402987957000734,2025-04-21 21:14:13.028247,2025-04-21 21:14:32.691073,0 days 00:00:19.662826,0.7659905323320966,0.4918456133572354,8,0.07015479614570168,0.04282898984418857,0.09235587211389219,0.02266074962159123,0.0421802035704792,0.027273126159092873,3.539074755093149e-05,7,70,0.014718708274398364,0.13783150625064194,False,False,False,2.2777454308494904e-07,COMPLETE
697,0.41165007948875426,2025-04-21 21:14:32.918527,2025-04-21 21:14:53.050781,0 days 00:00:20.132254,0.8246855242635371,0.49093722167501225,8,0.05528630186615592,0.03713732752616156,0.09131266201576207,0.014626844410605284,0.043376082931338655,0.030612903140883795,5.009253589941638e-05,7,74,0.006691308568280652,0.14635006595497435,True,False,False,3.10427533354018e-07,COMPLETE
698,0.42968034744262695,2025-04-21 21:14:53.268651,2025-04-21 21:15:13.327454,0 days 00:00:20.058803,0.754806428379907,0.5209668923253586,8,0.05115674099510137,0.04809622886492429,0.0927215123408004,0.016464179748344993,0.04066553913960498,0.031634135640487324,5.533644081584642e-05,7,63,0.012867459641011499,0.15610786363935922,True,False,False,2.422855317731526e-07,COMPLETE
699,0.43631007671356203,2025-04-21 21:15:13.556061,2025-04-21 21:15:34.240634,0 days 00:00:20.684573,0.7952269982950938,0.48687896305725514,8,0.042335565234899175,0.04923159970267835,0.09071730434908329,0.024192386697621967,0.036652943604548835,0.033300311775009396,4.304608101401777e-05,8,69,0.016242064245358713,0.14022471375328974,True,False,False,1.1600269590211227e-07,COMPLETE
700,0.5969391822814941,2025-04-21 21:15:34.455365,2025-04-21 21:15:54.244236,0 days 00:00:19.788871,0.7770594400436239,0.5098886814916251,8,0.05061208826173737,0.028041054379947777,0.0931991616574418,0.021717268314370833,0.03945699510181338,0.03348409268128091,3.047862135339466e-05,7,74,0.009796224940349943,0.14927282841993983,True,False,False,1.543644445957296e-07,COMPLETE
701,0.5422428369522095,2025-04-21 21:15:54.472657,2025-04-21 21:16:14.336855,0 days 00:00:19.864198,0.7833966035155085,0.5089057491188065,8,0.05237653392587139,0.025149334373574816,0.09356415405461954,0.020889769202488046,0.04142577800361158,0.032571674168392996,3.914083700240878e-05,7,73,0.01428951413489348,0.14933899297249817,True,False,False,1.6325984634576173e-07,COMPLETE
702,0.5947131037712098,2025-04-21 21:16:14.553436,2025-04-21 21:16:34.614935,0 days 00:00:20.061499,0.8102351187648795,0.48712932381184987,8,0.061625809683963854,0.031099536772664253,0.09305255624328294,0.021252506412968154,0.04343736633131874,0.028124268906259332,3.0383847498919835e-05,7,75,0.010227036051520009,0.13251612933239115,True,False,False,1.1145310448616841e-07,COMPLETE
703,0.5131685256958007,2025-04-21 21:16:34.842874,2025-04-21 21:16:54.896208,0 days 00:00:20.053334,0.8106657070364102,0.49958981686357534,8,0.06169552302474525,0.010680161317391697,0.09424381878614527,0.02151889708173295,0.044093834232546425,0.027493475008613325,3.121941106454555e-05,7,68,0.006579380113945904,0.1336210998369162,True,False,False,1.1748091367899861e-07,COMPLETE
704,0.5359126925468445,2025-04-21 21:16:55.126692,2025-04-21 21:17:12.283214,0 days 00:00:17.156522,0.8266831285558756,0.4882925798616386,16,0.07228833387642272,0.029857513363048732,0.09283607569428194,0.011454973270634293,0.03892336294289939,0.0288761987815311,3.383987383429078e-05,7,75,0.009111879779957623,0.13112974402393013,True,False,False,1.4707639959758347e-07,COMPLETE
705,0.5740678310394287,2025-04-21 21:17:12.505746,2025-04-21 21:17:32.536242,0 days 00:00:20.030496,0.7960269077050849,0.48524555210048326,8,0.058145228095892634,0.038114711948504146,0.09534201037695819,0.01685797303648799,0.04124816934723144,0.031393657685481864,2.953636553151331e-05,7,73,0.004645251620775279,0.14253136312499787,True,False,False,2.0227824088141283e-07,COMPLETE
706,0.3866361856460571,2025-04-21 21:17:32.769007,2025-04-21 21:17:52.839335,0 days 00:00:20.070328,0.8119178234743423,0.5077453527032281,8,0.06408845529838199,0.021394919555963916,0.09226460260526809,0.01974480099242013,0.03643915617881802,0.03414360542216574,4.455846829195573e-05,7,76,0.00954097096224818,0.15194881877361577,True,False,False,9.557986104377485e-08,COMPLETE
707,0.5734791994094849,2025-04-21 21:17:53.057128,2025-04-21 21:18:13.138504,0 days 00:00:20.081376,0.7812416653524192,0.5066356491213209,8,0.052547603498792145,0.0322922689445476,0.09651566014780626,0.02411308482741882,0.0475624079502638,0.026951249792873375,4.584014824438695e-05,7,71,0.007564940822504285,0.14639872094999323,True,False,False,2.588066320573852e-07,COMPLETE
708,0.453928828239441,2025-04-21 21:18:13.367915,2025-04-21 21:18:33.247179,0 days 00:00:19.879264,0.8299542876185521,0.522653734205508,8,0.056378890483957465,0.04326581487729406,0.09446525457225012,0.018220462777547818,0.038765622948521906,0.03242025971576798,2.8070729877487036e-05,7,76,0.011700252010146878,0.1583547594108823,True,False,False,1.518328791523012e-07,COMPLETE
709,0.28077356815338134,2025-04-21 21:18:33.465216,2025-04-21 21:18:51.283229,0 days 00:00:17.818013,0.8051026929312036,0.47885656150361416,8,0.04893021164751598,0.04408676278510912,0.09256699412006879,0.022723953148405012,0.043494579297095236,0.029642551321019863,2.8657700038153222e-05,7,68,0.011104462672462123,0.13652046958077477,True,False,True,1.1417873516254465e-07,COMPLETE
710,0.44044791460037236,2025-04-21 21:18:51.513273,2025-04-21 21:19:12.357852,0 days 00:00:20.844579,0.7639390742180691,0.4852114557525489,8,0.05821508958725824,0.05358402551803824,0.09660275132073169,0.025009057590155603,0.039697044956027314,0.023171837268662364,3.39482556594477e-05,8,73,0.013358911784665533,0.15409242699179132,True,False,False,1.979659313208287e-07,COMPLETE
711,0.5812765002250672,2025-04-21 21:19:12.591041,2025-04-21 21:19:33.656959,0 days 00:00:21.065918,0.7898872292898921,0.5231760539943449,8,0.042014176986129394,0.026061171690297147,0.09430555431917087,0.018472308736086674,0.044627245358029574,0.03321336451702189,3.715607617008178e-05,8,75,0.009561004485830561,0.14333257092128568,True,False,False,2.9507862180391817e-07,COMPLETE
712,0.2797684073448181,2025-04-21 21:19:33.874151,2025-04-21 21:19:51.360343,0 days 00:00:17.486192,0.8244527198839554,0.505674574831746,8,0.049779016753288975,0.03739234748680062,0.09064761853396097,0.022209962613871773,0.04243746560006905,0.034010228357279924,2.759908241993425e-05,7,77,0.01648581569733005,0.12492651779084725,True,True,False,7.767495517155543e-08,COMPLETE
713,0.5106463551521301,2025-04-21 21:19:51.592011,2025-04-21 21:20:12.297146,0 days 00:00:20.705135,0.7702588855150431,0.5245051811772653,8,0.04211031194694786,0.05911773422395827,0.09285238420142071,0.01941496235068879,0.03520482033547667,0.028743848674979953,2.6859874543119937e-05,8,71,0.01842682221553142,0.16013380831336133,True,False,False,1.8559774149435916e-07,COMPLETE
714,0.6464168071746826,2025-04-21 21:20:12.515937,2025-04-21 21:20:32.548292,0 days 00:00:20.032355,0.8099182635044165,0.49189641162241365,8,0.0656930531564754,0.04673477764706728,0.0982636846711925,0.02557702703698631,0.03241976247998164,0.03470679587761508,3.9503520504058946e-05,7,77,0.015134180583835838,0.1510530766917182,True,False,False,2.489561740893672e-07,COMPLETE
715,0.43105182647705087,2025-04-21 21:20:32.780734,2025-04-21 21:21:16.944784,0 days 00:00:44.164050,0.8442395604555558,0.5087178021905041,2,0.06632584393423842,0.04953840531916168,0.0999306275324453,0.027286292231361253,0.029292584246111763,0.03452468471597145,3.420848817832158e-05,8,77,0.01562817359285085,0.15245015132488984,True,False,False,2.4332034010377747e-07,COMPLETE
716,0.39118754863739014,2025-04-21 21:21:17.166140,2025-04-21 21:21:37.895628,0 days 00:00:20.729488,0.7964970602188015,0.5312292090282524,8,0.0695574961097104,0.044977316564794596,0.09809617861207398,0.025706392657843285,0.03684451759155655,0.03203271453585601,4.8151043991577146e-05,8,72,0.0171227196815078,0.14960851580162723,True,False,False,2.9682381630639083e-07,COMPLETE
717,0.4422666072845459,2025-04-21 21:21:38.126927,2025-04-21 21:21:57.620726,0 days 00:00:19.493799,0.7775774662445197,0.5048857723987545,8,0.04694680681864041,0.05504845115609637,0.09784744431047798,0.024434435349389598,0.03321417404594425,0.03516266540400368,3.85141614901735e-05,7,77,0.014597007664132388,0.15959175030801342,False,False,False,3.3965899159966365e-07,COMPLETE
718,0.397064745426178,2025-04-21 21:21:57.854249,2025-04-21 21:22:18.588184,0 days 00:00:20.733935,0.7546644040554611,0.5295975478517494,8,0.040276203582535745,0.040197975042686004,0.09608254237293111,0.026450603110686133,0.028818195262897327,0.035744679032307033,5.496302345017634e-05,8,73,0.019058018608974426,0.1454524542232799,True,False,False,1.8313589873546514e-07,COMPLETE
719,0.43960313796997075,2025-04-21 21:22:18.811726,2025-04-21 21:22:39.688344,0 days 00:00:20.876618,0.8156885786535621,0.4810011727000533,8,0.04954110356229614,0.05847122329137332,0.09789524571081633,0.023273957885847126,0.033628653659660224,0.03363076656087864,4.2239295160415775e-05,8,68,0.01698881097370188,0.15604977846258844,True,False,False,2.384473953365126e-07,COMPLETE
720,0.6443975448608399,2025-04-21 21:22:39.921620,2025-04-21 21:22:59.833736,0 days 00:00:19.912116,0.7930241063200857,0.53260919530944,8,0.056242633689031984,0.05072673703845353,0.09541502810082231,0.02526071551036059,0.03987811477171809,0.036545542208876396,2.6296209900233757e-05,7,77,0.013168999944268423,0.16193399668022226,True,False,False,3.3462095574262977e-07,COMPLETE
721,0.6235508561134339,2025-04-21 21:23:00.053825,2025-04-21 21:23:20.900601,0 days 00:00:20.846776,0.8317927223864311,0.5356253210294049,8,0.038758484435540114,0.04935936814994979,0.09616089396619772,0.026561288033293395,0.03208592681802741,0.03635695818515879,2.7819830206067632e-05,8,78,0.013964217230845068,0.16329106877853064,True,False,False,3.2054297474121675e-07,COMPLETE
722,0.43871053457260134,2025-04-21 21:23:21.135210,2025-04-21 21:23:41.045125,0 days 00:00:19.909915,0.823362617599348,0.5320008681958168,8,0.05583531937879043,0.04991157136017288,0.09544696424385876,0.026243004471643135,0.03283748019550483,0.03638101690746858,2.6313730404850914e-05,7,77,0.012726767218482583,0.1638878935316223,True,False,False,3.492424002450982e-07,COMPLETE
723,0.6448847889900208,2025-04-21 21:23:41.265943,2025-04-21 21:24:02.197509,0 days 00:00:20.931566,0.845268714425683,0.5270976211680055,8,0.038575694183193524,0.04390221821695751,0.09528628894052459,0.024237147940421352,0.031874248305896496,0.03122851219233931,2.4535900510676144e-05,8,78,0.01496071469774017,0.16088584167566697,True,False,False,3.130433869393793e-07,COMPLETE
724,0.4258317828178406,2025-04-21 21:24:02.431079,2025-04-21 21:24:37.747505,0 days 00:00:35.316426,0.8430873581308103,0.4985544010466689,8,0.039734915718367146,0.04454881678611825,0.0963029972813477,0.025128771318391054,0.03116538140647801,0.03081803576561416,2.4486946494512353e-05,25,76,0.01379118947723991,0.16035551573639395,True,False,False,3.0934624924367576e-07,COMPLETE
725,0.4191584587097168,2025-04-21 21:24:37.984047,2025-04-21 21:24:55.059727,0 days 00:00:17.075680,0.8459389001275501,0.52337363589829,16,0.04445421632429513,0.03795723354936434,0.09524056796915992,0.023554207849252995,0.026380576272960088,0.035671371396458804,2.5312853301928168e-05,7,78,0.012687732314826807,0.16185245032582057,True,False,False,2.3988537212409023e-07,COMPLETE
726,0.3947172999382019,2025-04-21 21:24:55.282164,2025-04-21 21:25:16.060402,0 days 00:00:20.778238,0.8323434429699724,0.4825840138929801,8,0.03909904682806408,0.04899829963265492,0.09983201170836047,0.02692173845193653,0.031585555214755194,0.03092668662296112,3.772930005976608e-05,8,71,0.014810987105806923,0.15464212948701747,True,False,False,3.379907360779088e-07,COMPLETE
727,0.391185462474823,2025-04-21 21:25:16.295046,2025-04-21 21:25:37.068479,0 days 00:00:20.773433,0.8599327765135436,0.5152299123144536,8,0.07315278273394019,0.04293867776122434,0.09732422451231404,0.02517947300415886,0.03503770416236776,0.03227019625616568,6.690138087374116e-05,8,74,0.015287463328099814,0.16286081580653164,True,False,False,2.6252694027015864e-07,COMPLETE
728,0.2871111333370209,2025-04-21 21:25:37.294226,2025-04-21 21:25:54.982293,0 days 00:00:17.688067,0.8415279204396021,0.5321186927913176,8,0.05836172996293722,0.051667403254722105,0.09523412432940664,0.027306584732676702,0.028873956822883205,0.03491371289849249,2.65670965106143e-05,7,64,0.012323373002006891,0.15518916716530914,True,False,True,3.5220939121864013e-07,COMPLETE
729,0.5926597356796265,2025-04-21 21:25:55.216034,2025-04-21 21:26:15.990149,0 days 00:00:20.774115,0.8188633067958535,0.49944889936962666,8,0.04562125698178369,0.03678580520325664,0.09718922105072827,0.023604932192776287,0.03724701725727324,0.0366371742751527,3.212740906712721e-05,8,78,0.016793263121081738,0.16560361942301816,True,False,False,2.1044126214562929e-07,COMPLETE
730,0.44788832664489747,2025-04-21 21:26:16.227420,2025-04-21 21:26:36.296907,0 days 00:00:20.069487,0.8074364816111129,0.5320115046195494,8,0.03854819116756383,0.04473074861570646,0.04069662303974077,0.027569590153486874,0.030582816528320414,0.029969948664951323,2.3624626077493335e-05,7,70,0.014666545379610875,0.1488193935790127,True,False,False,2.736798557796773e-07,COMPLETE
731,0.5862199783325196,2025-04-21 21:26:36.521302,2025-04-21 21:26:56.237597,0 days 00:00:19.716295,0.8302711578431595,0.5121060957459058,8,0.055193873928359144,0.06777842561010637,0.09472615173488587,0.024704365915816564,0.040412189444325904,0.03388854012084138,2.558928460474868e-05,7,76,0.018346370451951605,0.1580716972846353,True,False,False,2.1658317255197555e-07,COMPLETE
732,0.5508123397827149,2025-04-21 21:26:56.475441,2025-04-21 21:27:17.294598,0 days 00:00:20.819157,0.8577627791595778,0.4818673212845772,8,0.0457223113830411,0.05328323465368036,0.09986558151986734,0.027634811011047485,0.03540035326707623,0.03177974271403218,3.450156098534492e-05,8,74,0.01687822732236105,0.14407401652472326,True,False,False,3.137767413494747e-07,COMPLETE
733,0.28405050039291385,2025-04-21 21:27:17.520254,2025-04-21 21:27:35.885994,0 days 00:00:18.365740,0.8054474530403977,0.533565357346646,8,0.0646996770786365,0.06242911927515702,0.09655902125086448,0.02624353128050711,0.032554897167945476,0.026054750266459554,2.4397791812587713e-05,8,79,0.014229920554757152,0.1552258301133686,True,True,False,2.568532928121671e-07,COMPLETE
734,0.4159370422363281,2025-04-21 21:27:36.124182,2025-04-21 21:27:56.755499,0 days 00:00:20.631317,0.18809036337537538,0.5007155134106517,8,0.03753811953869924,0.047592684206355734,0.09444574219240513,0.022805968321385654,0.04615577980800335,0.036928182314406824,4.271687779465158e-05,8,75,0.012193054867973948,0.16569766760277696,True,False,False,3.854180299412197e-07,COMPLETE
735,0.4430851936340332,2025-04-21 21:27:56.994740,2025-04-21 21:28:24.582038,0 days 00:00:27.587298,0.8344785129859537,0.5116790556308868,8,0.05221121666313723,0.04147286592807749,0.09124201594188767,0.027987201199794105,0.040758768527308836,0.03468002798214466,3.053169780334948e-05,17,72,0.019634247649400603,0.1499592206834455,False,False,False,1.9140894702642733e-07,COMPLETE
736,0.44629843235015876,2025-04-21 21:28:24.807425,2025-04-21 21:28:45.578312,0 days 00:00:20.770887,0.800658333189415,0.5330642983710593,8,0.03920219659268087,0.07354120268226809,0.09828497981999856,0.024514072634475154,0.049141847620788964,0.03824227244886255,2.37381043408542e-05,8,68,0.01580248707404464,0.1613570024670192,True,False,False,2.6034896211661644e-07,COMPLETE
737,0.40406810045242314,2025-04-21 21:28:45.818704,2025-04-21 21:29:26.262979,0 days 00:00:40.444275,0.7891645247288346,0.47687861896663397,2,0.045759986268196925,0.05468580420741621,0.09457257859003632,0.02074203114646758,0.03920389527155899,0.036328065551445944,2.8497139200631607e-05,7,78,0.018310254898581832,0.1420977904220715,True,False,False,3.4267197539872176e-07,COMPLETE
738,0.5754342436790467,2025-04-21 21:29:26.490335,2025-04-21 21:29:47.339871,0 days 00:00:20.849536,0.8141999964349633,0.5177756848017274,8,0.050288596879077885,0.03373795603276299,0.09565157029724608,0.02846806734551567,0.04212828844348408,0.03250446111040086,2.1781757588727297e-05,8,79,0.016844957013092417,0.15326504985289388,True,False,False,1.7267685100157704e-07,COMPLETE
