number,value,datetime_start,datetime_complete,duration,params_alpha-eval,params_alpha-train,params_batch-size,params_eps-eval,params_eps-train,params_lambda-actions-eval,params_lambda-actions-train,params_lambda-frames-eval,params_lambda-frames-train,params_learning-rate,params_n-epochs,params_n-frames,params_radius-gw,params_rho,params_std-feats,params_ub-actions,params_ub-frames,params_weight-decay,state
731,0.5541523218154908,2025-04-01 05:48:28.818316,2025-04-01 05:48:48.982368,0 days 00:00:20.164052,0.11734164023148222,0.7061387342778795,16,0.05230285592031842,0.14921787517867546,0.03569898120945688,0.007364868538858708,0.03821981510906563,0.08139723903699332,0.0002623931916378971,10,148,0.0715737480906626,0.2613401993415086,True,False,False,6.900778337917513e-08,COMPLETE
732,0.2797684073448181,2025-04-01 05:48:49.233749,2025-04-01 05:49:08.257118,0 days 00:00:19.023369,0.23836152659350462,0.7684416794496791,16,0.021041690160906845,0.22105163309519482,0.030026472712282447,0.005118959672326751,0.04311835023596218,0.06893680809966687,0.00015866121342156597,12,142,0.07367245030324622,0.23609667299786102,True,True,False,4.1497513941925194e-08,COMPLETE
733,0.36190426945686344,2025-04-01 05:49:08.497219,2025-04-01 05:49:29.636945,0 days 00:00:21.139726,0.163476706448196,0.7867534856310836,16,0.061619529282369676,0.208783314543896,0.032275119350369544,0.011885213160743218,0.047490792328655884,0.07728718005500719,0.00012025030361625855,11,147,0.06989903637226316,0.10982028539418291,True,False,False,8.820237594919807e-08,COMPLETE
734,0.5666976571083069,2025-04-01 05:49:29.885217,2025-04-01 05:49:49.276650,0 days 00:00:19.391433,0.1879461105583224,0.7420199865768413,16,0.045847858217679525,0.22903530650632767,0.0404950813423586,0.009192721037225848,0.04108206133349363,0.07413721562323604,0.00021684920339398056,9,145,0.07513548120771675,0.241200259238735,True,False,False,2.6463907878132217e-08,COMPLETE
735,0.6257548332214355,2025-04-01 05:49:49.525182,2025-04-01 05:50:09.698177,0 days 00:00:20.172995,0.14829684671826673,0.812111048279202,16,0.05880311848502691,0.21433919852052757,0.03414155834379381,0.0032640458864846775,0.03612611781404947,0.07607258758854749,0.00017773253609810845,10,150,0.07288751069051712,0.25464832187947445,True,False,False,1.6211130306802315e-08,COMPLETE
736,0.5783387422561646,2025-04-01 05:50:09.934988,2025-04-01 05:50:28.023050,0 days 00:00:18.088062,0.1963581543112796,0.7662089695137414,16,0.03531323769889755,0.10696359991893166,0.030058393131178966,0.006681158435175067,0.04565749067250654,0.0708264536310108,0.0001370726223658806,7,142,0.07127462846769066,0.2489403717175514,True,False,False,2.029302384263677e-08,COMPLETE
737,0.5232634663581849,2025-04-01 05:50:28.275343,2025-04-01 05:50:49.606247,0 days 00:00:21.330904,0.2488369900147096,0.8378869834954911,16,0.05560137037258647,0.2331476055378844,0.03634995725854085,0.012904940722026196,0.04917106972144753,0.08026857376340446,0.00010353809480601251,12,147,0.06913632038297317,0.2340830399297883,True,False,False,5.636064854827429e-08,COMPLETE
738,0.46491760015487676,2025-04-01 05:50:49.854559,2025-04-01 05:51:10.702566,0 days 00:00:20.848007,0.2235534323506836,0.7920265660748382,16,0.0660858400557925,0.1520854912258521,0.038559423808634655,0.009754797938650382,0.05113777438886648,0.06703408833031224,0.00015613359280613697,11,145,0.07552621099320869,0.2507486928101361,True,False,False,6.848535340728784e-08,COMPLETE
739,0.48662227392196655,2025-04-01 05:51:10.954050,2025-04-01 05:51:31.845619,0 days 00:00:20.891569,0.1283618493021823,0.8233659258425294,16,0.042131142265839576,0.22151501179001148,0.02956264405997619,0.008023127381785764,0.04421958126078048,0.08267261189187208,0.00018942778900343438,11,150,0.07350471042617299,0.24128362528228595,True,False,False,4.5514554800236525e-08,COMPLETE
740,0.5642864823341369,2025-04-01 05:51:32.101893,2025-04-01 05:51:51.820854,0 days 00:00:19.718961,0.17155883721557807,0.7566683149137005,16,0.04931567960357884,0.23793252415327615,0.03403130986319225,0.006160800936584665,0.03926346155241299,0.0779693158103276,0.00023065146038698395,10,142,0.06693537657142642,0.260334104462146,True,False,False,3.554975600110903e-08,COMPLETE
741,0.40110158920288086,2025-04-01 05:51:52.059789,2025-04-01 05:52:13.391989,0 days 00:00:21.332200,0.20363728230245992,0.7242764797632231,16,0.015607996083783094,0.22790109441537945,0.03162669486274255,0.0042296005458235765,0.04702674162858058,0.07348099841106683,0.000119069354705426,12,147,0.07163000575930102,0.26666959141658797,True,False,False,2.8570153510347276e-08,COMPLETE
742,0.6417161226272583,2025-04-01 05:52:13.644040,2025-04-01 05:52:34.399918,0 days 00:00:20.755878,0.1150652973313936,0.7809458422514355,16,0.030536043905171423,0.21830272230927664,0.02871766335435301,0.0109167960880246,0.04233227441009996,0.07594601884063515,0.00014372197929916314,11,145,0.0756716844255799,0.24564161289193456,True,False,False,7.131128492371382e-07,COMPLETE
743,0.43145546913146976,2025-04-01 05:52:34.639569,2025-04-01 05:52:53.166356,0 days 00:00:18.526787,0.12325726058536789,0.8038497926259043,16,0.030008752291308567,0.22324298414151236,0.06118116325216015,0.01358044410960245,0.04917450036819541,0.07353906309145651,0.0001066360402752212,10,148,0.0756726941449995,0.2551694106162322,True,False,True,1.223044618101037e-07,COMPLETE
744,0.5566827416419984,2025-04-01 05:52:53.418779,2025-04-01 05:53:19.732046,0 days 00:00:26.313267,0.14977841528734698,0.781181653202455,16,0.027738688475409688,0.2318716072905924,0.02883207848163182,0.010605161361541052,0.04093509192123639,0.07142602441157668,0.00013575775125404521,20,145,0.07583381352973584,0.23860657097580273,True,False,False,6.586315370335793e-07,COMPLETE
745,0.38107108473777773,2025-04-01 05:53:19.989462,2025-04-01 05:53:40.589787,0 days 00:00:20.600325,0.1343838373861601,0.830857417193111,16,0.022449350425660257,0.23550253479484837,0.02841876833551409,0.01178379968752432,0.04634652494378017,0.07531937251699636,0.00013620645301225945,11,150,0.0740605752838082,0.16403122870858944,True,False,False,1.4798613689313586e-08,COMPLETE
746,0.5968755960464478,2025-04-01 05:53:40.831439,2025-04-01 05:54:06.229832,0 days 00:00:25.398393,0.11321960961941098,0.8049416051265261,8,0.032153568120507056,0.09926491848130145,0.0292523605954244,0.014102154896626046,0.04306383473928269,0.06951596366806288,9.829275383765003e-05,12,145,0.06964581453066158,0.24743497449889928,True,False,False,4.528636248825358e-07,COMPLETE
747,0.4211175560951233,2025-04-01 05:54:06.483107,2025-04-01 05:54:24.328359,0 days 00:00:17.845252,0.15483043516283493,0.7821670589484075,16,0.011064565576300284,0.2195889325268148,0.028521367305941344,0.011079399230346317,0.05147734923285489,0.07542663391340886,0.0003655831601223258,11,148,0.07534590896670643,0.23250534452438681,False,False,False,1.7377954540784682e-07,COMPLETE
748,0.418674910068512,2025-04-01 05:54:24.569236,2025-04-01 05:54:41.540455,0 days 00:00:16.971219,0.11102594578420792,0.8149479448551776,16,0.0243149243620708,0.22704865579940658,0.030989027319152394,0.001234337174880134,0.03868378555033546,0.08374565061694955,0.000178947716466701,9,62,0.07181809821440248,0.2516017178925186,True,False,False,8.233277826408861e-08,COMPLETE
749,0.635987138748169,2025-04-01 05:54:41.792609,2025-04-01 05:55:01.725834,0 days 00:00:19.933225,0.14074710861006215,0.8376591528560703,16,0.03397775618645294,0.2380530477321618,0.03125666815304394,0.005242570088553821,0.045420044581532565,0.07243880617075961,0.00012474588462960842,10,142,0.0734459355946579,0.24267271132351675,True,False,False,2.3244214551007703e-07,COMPLETE
750,0.5627717971801758,2025-04-01 05:55:01.986386,2025-04-01 05:55:20.105286,0 days 00:00:18.118900,0.13649890742594087,0.8371360992613054,16,0.032366161530042695,0.23870557146037136,0.09086769547613657,0.002874789269127479,0.03394632910349487,0.07067779027431248,0.00010660411176695726,9,105,0.07609615523033653,0.23522156306333933,True,False,False,2.7069632923187096e-07,COMPLETE
751,0.2797684073448181,2025-04-01 05:55:20.345383,2025-04-01 05:55:35.735812,0 days 00:00:15.390429,0.12376312578371815,0.7766140140443876,16,0.018651364901303487,0.23931153883844158,0.0283120406997015,0.005055160112187108,0.04418999536117555,0.07259203767010129,0.00012097808217535243,10,34,0.07419661052454823,0.23981413918535638,True,True,False,1.5308483342003805e-07,COMPLETE
752,0.5723260760307313,2025-04-01 05:55:35.990194,2025-04-01 05:55:55.413423,0 days 00:00:19.423229,0.14792626749544172,0.789746219685947,16,0.03617797658398897,0.23459026228674115,0.030751206339245604,0.0037222395038215075,0.04083420496158839,0.06861125456473649,8.343397910572164e-05,9,142,0.07602221106759424,0.25981997774719684,True,False,False,6.192729266717485e-07,COMPLETE
753,0.6144344329833985,2025-04-01 05:55:55.658565,2025-04-01 05:56:15.796211,0 days 00:00:20.137646,0.10894115658476558,0.8342628766375202,16,0.06692330438803262,0.23230025450651118,0.03128179092621557,0.00676039747100524,0.04451968215567284,0.07292158289735505,9.033137402029916e-05,10,142,0.07311902993674416,0.2416548002385764,True,False,False,2.813667780902704e-07,COMPLETE
754,0.6409814476966859,2025-04-01 05:56:16.054708,2025-04-01 05:56:35.859854,0 days 00:00:19.805146,0.16467113550119966,0.8413204645203567,16,0.029043718117488026,0.23681681875073005,0.028463442239650118,0.005658858762778104,0.041851652428029226,0.0744275116768049,0.00012100538409929652,10,142,0.07444393778467975,0.23287278141744885,True,False,False,2.02630128190684e-07,COMPLETE
755,0.6400062799453736,2025-04-01 05:56:36.118670,2025-04-01 05:56:55.931501,0 days 00:00:19.812831,0.11360840989542134,0.8450642186289974,16,0.030265563689638394,0.23758110671220944,0.09821048641238389,0.004235504514527159,0.04295881857466655,0.07452531050200896,9.589647640321236e-05,10,141,0.07527099341671091,0.232506801857029,True,False,False,1.6900211084713676e-07,COMPLETE
756,0.4063527703285218,2025-04-01 05:56:56.176183,2025-04-01 05:57:16.067538,0 days 00:00:19.891355,0.10738357031066682,0.844160805284932,16,0.021308993477073292,0.238636006804775,0.08916955547426356,0.002628175673598333,0.04211126782737025,0.0749503542562647,8.169622818663662e-05,10,143,0.0763114369725582,0.2311384471275612,True,False,False,3.429662823873709e-07,COMPLETE
757,0.6479654908180237,2025-04-01 05:57:16.324611,2025-04-01 05:57:36.837643,0 days 00:00:20.513032,0.10819554712037141,0.8458209818299731,16,0.025238954369959966,0.239513087236571,0.05125689077096307,0.004012186736439462,0.04366191656501986,0.07586846261062125,9.166043796613215e-05,11,141,0.07636751346511995,0.23296569235891149,True,False,False,1.5441886816893824e-06,COMPLETE
758,0.5319820523262024,2025-04-01 05:57:37.098375,2025-04-01 05:57:56.915356,0 days 00:00:19.816981,0.11099799145050764,0.8522557712911171,16,0.02390907827156828,0.23244070966057923,0.028144052986650476,0.0016160368997076538,0.04267348680359176,0.07664681877896644,7.715598475059045e-05,10,141,0.07575243768623219,0.22899825909224683,True,False,False,2.6496190937961772e-06,COMPLETE
759,0.5097598910331727,2025-04-01 05:57:57.167692,2025-04-01 05:58:16.283752,0 days 00:00:19.116060,0.11875823169803892,0.8464643034867415,16,0.022469034321964232,0.14350935214970367,0.06980891260495624,0.004259400511222811,0.039142326957181714,0.07512356797024934,7.74077267637855e-05,9,141,0.07491381170403875,0.2304960705449987,True,False,False,9.380505903979108e-07,COMPLETE
760,0.4092589020729065,2025-04-01 05:58:16.543099,2025-04-01 05:58:37.014167,0 days 00:00:20.471068,0.13875913903484877,0.8194876806225102,16,0.015572352851811588,0.2353851458556051,0.029395257130028118,0.0011677423335918471,0.04276513106627334,0.07482254966632103,8.250418393064782e-05,11,144,0.07613247934168389,0.2322903593669564,True,False,False,1.3299878195309526e-06,COMPLETE
761,0.35784996151924137,2025-04-01 05:58:37.258526,2025-04-01 05:58:57.589956,0 days 00:00:20.331430,0.1682315170895478,0.8470388804153901,16,0.027944608653172068,0.17730015346511613,0.04977935946426991,0.004264717852217857,0.03718004668618607,0.07678300499922622,9.271553371229187e-05,11,141,0.07370416842251176,0.0382568034774607,True,False,False,1.1771244796645669e-07,COMPLETE
762,0.42167072296142577,2025-04-01 05:58:57.847311,2025-04-01 05:59:16.155421,0 days 00:00:18.308110,0.10618880929548365,0.8238682881492948,16,0.009693504632992078,0.21771562077826262,0.07961725204808773,0.0032017906726757098,0.043757795445673084,0.07336761567747561,8.953213828861031e-05,10,145,0.007726322984877673,0.2270521180637713,True,False,True,1.4273269820589867e-06,COMPLETE
763,0.6113880753517151,2025-04-01 05:59:16.413959,2025-04-01 05:59:36.949489,0 days 00:00:20.535530,0.12591089472145792,0.8022137466416253,16,0.027401372165143142,0.08510930965181128,0.028270978245577397,0.007069690140500223,0.04109629624514296,0.07597276065453146,0.00010110019173541404,11,145,0.07672132179656117,0.23381454376753985,True,False,False,1.389472246277611e-07,COMPLETE
764,0.622822391986847,2025-04-01 05:59:37.195173,2025-04-01 05:59:57.237569,0 days 00:00:20.042396,0.1560238196652546,0.8228426495227806,16,0.028508366695593975,0.22355573577988638,0.05313539054609273,0.005787299167682459,0.04736957346106175,0.07192839307491676,0.00010221125590337727,10,141,0.0737465357072761,0.2344782194479466,True,False,False,1.941025871159771e-07,COMPLETE
765,0.5646478056907654,2025-04-01 05:59:57.496040,2025-04-01 06:00:16.923108,0 days 00:00:19.427068,0.1841639110095019,0.8043402952725156,16,0.01404550576681579,0.22924341510604715,0.0922541501692797,0.003012100848582516,0.0451609205529207,0.0737506777034085,9.821937087182905e-05,11,112,0.0747019808112162,0.22760536384068578,True,False,False,1.8834177577701471e-06,COMPLETE
766,0.41107518672943116,2025-04-01 06:00:17.172530,2025-04-01 06:00:38.163920,0 days 00:00:20.991390,0.13264892530046052,0.845682902073972,16,0.02148512398082958,0.24013097343105774,0.029638715860823464,0.007007584570437443,0.03940072007933966,0.07765006189364243,7.249699762674882e-05,11,145,0.07133517824736217,0.23738502942770412,True,False,False,2.059891225099702e-07,COMPLETE
767,0.4272624969482422,2025-04-01 06:00:38.421243,2025-04-01 06:00:55.939459,0 days 00:00:17.518216,0.17517193433490358,0.8268822665967538,16,0.030412555578872697,0.2326198340708471,0.03219796717344602,0.00467110152093111,0.048350018726002524,0.07021453084052333,0.00010959882417865091,10,142,0.07416484566652527,0.23775328307539814,False,False,False,1.6924463262709424e-07,COMPLETE
768,0.41372796297073366,2025-04-01 06:00:56.198878,2025-04-01 06:01:18.369149,0 days 00:00:22.170271,0.1073039104834551,0.7955481208716272,8,0.016745266964028317,0.24067442816200202,0.027678715378666615,0.007934191955518042,0.04209606905174251,0.0772593541750111,9.167949060673287e-05,9,147,0.07636129673340485,0.22978964418371725,True,False,False,3.944252364768783e-06,COMPLETE
769,0.429582691192627,2025-04-01 06:01:18.618107,2025-04-01 06:01:39.536553,0 days 00:00:20.918446,0.15636392127486676,0.7548107843818279,16,0.03787956265939666,0.22306929150561627,0.0845001696363657,0.005554786624299358,0.04464313379400187,0.07879157742062766,0.00011244600421362233,11,144,0.07153974081612971,0.24012999813823863,True,False,False,1.196768688155266e-07,COMPLETE
770,0.47369245290756223,2025-04-01 06:01:39.796332,2025-04-01 06:02:00.924839,0 days 00:00:21.128507,0.13916184769786755,0.8482539599431921,16,0.03197942984322539,0.21607992022763015,0.07307343353468809,0.008242723540733373,0.04677144823534058,0.07409172062052116,7.403722949618556e-05,11,147,0.07663909499784258,0.24453179160860633,True,False,False,2.156021825345734e-06,COMPLETE
771,0.2797684073448181,2025-04-01 06:02:01.189206,2025-04-01 06:02:19.115387,0 days 00:00:17.926181,0.18611402659396545,0.8117398705196859,16,0.035526543857245234,0.22804886310924885,0.08212796593601004,0.003583864841918848,0.04982532444610093,0.07580030317553482,0.00011554196569093773,10,141,0.07302150888828911,0.2333424389212959,True,True,False,3.3546734833173234e-07,COMPLETE
772,0.5671528220176697,2025-04-01 06:02:19.363505,2025-04-01 06:02:39.968641,0 days 00:00:20.605136,0.10366026525525543,0.7920928902981026,16,0.022935909286612977,0.23612864820118712,0.07682952658581356,0.006471536356370351,0.04324188675951469,0.07218052531913802,0.00012475960190675938,11,147,0.07134512633536602,0.22577431612471274,True,False,False,1.1616596144887623e-07,COMPLETE
773,0.6114818453788757,2025-04-01 06:02:40.229069,2025-04-01 06:03:01.658310,0 days 00:00:21.429241,0.1570312573619503,0.7706026589021493,16,0.027685773620467154,0.21139626886406335,0.055800325325082334,0.008434662124342105,0.035792053771954435,0.07684814938971955,9.548992115626455e-05,12,144,0.07518410335279643,0.2480826651779126,True,False,False,1.488004785914316e-07,COMPLETE
774,0.2797684073448181,2025-04-01 06:03:01.906045,2025-04-01 06:03:21.164500,0 days 00:00:19.258455,0.19857007527648243,0.8332905642717396,16,0.0049546264057318545,0.20761134412940518,0.02984108173978163,0.004615281882182748,0.04050860806238706,0.07451977190272589,0.041672752323607974,10,141,0.07378423959522791,0.23725033237441362,True,False,False,8.608102218529714e-07,COMPLETE
775,0.6388712882995605,2025-04-01 06:03:21.425293,2025-04-01 06:03:42.178841,0 days 00:00:20.753548,0.13159185058527664,0.8134379607799805,16,0.04121188824166207,0.22081280011655596,0.09911360053522715,0.0022382467740510222,0.0448046135233471,0.06747517429524207,0.00013146199062649471,11,148,0.07028502692307172,0.24156304660269112,True,False,False,2.2480203929120306e-07,COMPLETE
776,0.43405779600143435,2025-04-01 06:03:42.440744,2025-04-01 06:04:06.488368,0 days 00:00:24.047624,0.17363738321903616,0.8444724395381091,16,0.040825896484395004,0.21821892184098732,0.09904327973875938,0.0012127771880102037,0.04420426080339672,0.06874423135298377,0.0006141379648794309,23,69,0.06776257025632082,0.22936395866658743,True,False,False,2.3504780477817378e-07,COMPLETE
777,0.6246022582054138,2025-04-01 06:04:06.736715,2025-04-01 06:04:28.124447,0 days 00:00:21.387732,0.121453198110483,0.8190111208622032,16,0.033242010672555146,0.2096837688436966,0.09805727127098632,0.0010407127135616794,0.04224608435817133,0.06590422897298913,0.00011049582147980542,12,145,0.06967959274931579,0.2323731809456801,True,False,False,1.650417220362885e-07,COMPLETE
778,0.5672377705574037,2025-04-01 06:04:28.386351,2025-04-01 06:04:48.689816,0 days 00:00:20.303465,0.2023153095095871,0.8198337395074182,16,0.01772507317738506,0.16566457664074602,0.09643834629737355,0.00282061803638021,0.04558700119918644,0.06722834698790515,7.975154045168985e-05,10,148,0.07681239620676805,0.24106768405545234,True,False,False,3.673358640472473e-07,COMPLETE
779,0.5536129832267761,2025-04-01 06:04:48.955214,2025-04-01 06:05:09.644011,0 days 00:00:20.688797,0.1473377747827529,0.8514559210133184,16,0.037196297367107146,0.2170617579642151,0.061915850910676626,0.002873753664331655,0.03796654259591768,0.06980409824222876,0.00012420261247771334,11,150,0.07285513114319575,0.23642658457681476,True,False,False,1.8452416210989532e-07,COMPLETE
780,0.3851442098617554,2025-04-01 06:05:09.895116,2025-04-01 06:05:30.316784,0 days 00:00:20.421668,0.18210700152565124,0.35130338720544974,16,0.03147643139123039,0.22117610366566648,0.09475224049199188,0.0044632923451543615,0.04121629598034221,0.0701229735267005,9.495244648534275e-05,11,141,0.07466592002322736,0.22389446929250043,True,False,False,7.726918527089444e-07,COMPLETE
781,0.4454292178153992,2025-04-01 06:05:30.579613,2025-04-01 06:05:50.038479,0 days 00:00:19.458866,0.10303344456580922,0.8075230286664405,16,0.02627981074726931,0.15633233020399265,0.09986176657169663,0.0029442459154166113,0.04394199993640069,0.07100440130834641,0.00013755485422705868,12,144,0.06524776006937416,0.2397076001001865,True,False,True,1.3517240380754138e-07,COMPLETE
782,0.5602477431297302,2025-04-01 06:05:50.304710,2025-04-01 06:06:10.419046,0 days 00:00:20.114336,0.7159591663565942,0.829778146494021,16,0.012047436793117186,0.20488565992245691,0.06701784271964428,0.0010275649077240365,0.04602249613066801,0.06779402992427955,0.00011021481213853214,10,147,0.0688170666006286,0.24519044200032136,True,False,False,4.942447362536374e-07,COMPLETE
783,0.6159755110740661,2025-04-01 06:06:10.669610,2025-04-01 06:06:31.307233,0 days 00:00:20.637623,0.7474550432492597,0.7922759789235749,16,0.042297182978417086,0.22443482967324951,0.09993870692089532,0.005960083118881702,0.039118620952728916,0.06545131810843514,0.00014095437547927524,11,144,0.0712871142768793,0.23301474326579283,True,False,False,2.1245068017529046e-07,COMPLETE
784,0.41624161005020144,2025-04-01 06:06:31.569204,2025-04-01 06:06:51.121202,0 days 00:00:19.551998,0.1646715666003986,0.7715704378463601,16,0.019329759684629896,0.24120996306936066,0.09617875909734046,0.004245227707711581,0.04197614456197358,0.07352307874528165,0.00012399011684556465,9,150,0.07691474625984274,0.24257544340065126,True,False,False,9.666337752433612e-08,COMPLETE
785,0.5764439940452576,2025-04-01 06:06:51.388236,2025-04-01 06:07:12.489849,0 days 00:00:21.101613,0.2067906213855772,0.8042808776185766,16,0.0388553170215121,0.23502754696828584,0.09700020233545817,0.006417381728113089,0.04746085659668861,0.07107989528623396,0.004546855273733857,12,142,0.07226991230359305,0.2285974269238348,True,False,False,1.7271484186688376e-06,COMPLETE
786,0.4375599026679993,2025-04-01 06:07:12.745668,2025-04-01 06:07:29.310158,0 days 00:00:16.564490,0.26942261978206744,0.853390610595404,16,0.027783469088147612,0.2139623841939827,0.0326740985779658,0.004547571113557179,0.04428427053425749,0.06726544945784063,0.00014012850323972815,8,108,0.07446425292574939,0.251221937727133,False,False,False,2.2616489487636406e-07,COMPLETE
