number,value,datetime_start,datetime_complete,duration,params_alpha-eval,params_alpha-train,params_batch-size,params_eps-eval,params_eps-train,params_lambda-actions-eval,params_lambda-actions-train,params_lambda-frames-eval,params_lambda-frames-train,params_learning-rate,params_n-epochs,params_n-frames,params_radius-gw,params_rho,params_std-feats,params_ub-actions,params_ub-frames,params_weight-decay,state
507,0.41205273866653447,2025-04-01 04:31:42.854424,2025-04-01 04:32:03.149209,0 days 00:00:20.294785,0.043871419988176175,0.8402578931109068,16,0.08704421606877624,0.24449424317609966,0.021551091492385946,0.0036219501952731714,0.06082591459758959,0.05267280377677795,0.0001231589096345629,11,138,0.07996538828949058,0.242267353975476,True,False,False,0.0007830608113653615,COMPLETE
508,0.43587077856063844,2025-04-01 04:32:03.324877,2025-04-01 04:32:24.552770,0 days 00:00:21.227893,0.06217218497764111,0.8551908658048497,8,0.09733303083867537,0.24463319478157416,0.023931707513547503,0.012951619164717742,0.05761388941223137,0.05043372677489296,8.657061738679312e-05,10,148,0.07708512818669759,0.23576690341683795,True,False,True,0.0009972785578334276,COMPLETE
509,0.602269959449768,2025-04-01 04:32:24.717676,2025-04-01 04:32:45.251217,0 days 00:00:20.533541,0.04524390463107243,0.7831208346188874,16,0.106132701731004,0.2313014331454141,0.027901358165490688,0.014879997775654996,0.052771040244850353,0.05415691603701167,0.00013366285050872326,11,137,0.07455032537962566,0.24103979962003022,True,False,False,0.000680006717435654,COMPLETE
510,0.41863341331481935,2025-04-01 04:32:45.431977,2025-04-01 04:33:06.035267,0 days 00:00:20.603290,0.09662558339901454,0.874679162170922,16,0.0831119290493328,0.25352373437770903,0.022235546116506272,0.011700790361461277,0.04655341173982433,0.04937226592763368,0.00010778549469330201,11,142,0.08138627479574485,0.25048566555147594,True,False,False,0.000763089577667017,COMPLETE
511,0.5699614405632019,2025-04-01 04:33:06.202989,2025-04-01 04:33:26.411282,0 days 00:00:20.208293,0.07521026319956065,0.83610430184344,16,0.09222434252303348,0.24283871971460302,0.025020838230844306,0.015851282039547037,0.06060308616722857,0.05181581954591625,0.00014504426175944267,10,140,0.07847051087858548,0.19326948540919653,True,False,False,0.0009835165345627847,COMPLETE
512,0.38397136926651004,2025-04-01 04:33:26.577717,2025-04-01 04:33:45.199355,0 days 00:00:18.621638,0.041535194959825855,0.872798011847669,16,0.08506548118332698,0.1313992420589702,0.02930660468418602,0.007139653019791322,0.0647973209059504,0.055056775344145985,0.00012187642763193654,12,137,0.07673529906573023,0.2326644815078782,False,False,False,0.0005572226747161804,COMPLETE
513,0.6227880954742432,2025-04-01 04:33:45.377380,2025-04-01 04:34:04.264923,0 days 00:00:18.887543,0.060409925724776214,0.898895176230827,16,0.0794083019154997,0.25287114040239395,0.02652069035988846,0.018762301930422616,0.05159281951826418,0.05831768146536789,0.00015900078230457725,9,135,0.07438036379936161,0.23734987030636198,True,False,False,4.1390614703359913e-07,COMPLETE
514,0.41195474863052367,2025-04-01 04:34:04.432324,2025-04-01 04:34:25.329383,0 days 00:00:20.897059,0.030888969810528813,0.8071498615888131,16,0.09370283470914204,0.2346322049660101,0.02353501846516034,0.013373698401573035,0.05447105798183757,0.08792696403516366,8.927308764938121e-05,11,145,0.07878008395245893,0.2460407674857902,True,False,False,0.0008050581942716951,COMPLETE
515,0.4189496994018555,2025-04-01 04:34:25.507584,2025-04-01 04:34:46.602471,0 days 00:00:21.094887,0.05012411509570779,0.8968730137319676,16,0.11148376221593262,0.2460661095103535,0.030996747940357058,0.010726009315944921,0.05650636820344818,0.09346333769642953,0.0001301907767411194,12,140,0.08448518691274343,0.2293672206840972,True,False,False,0.0006050743832948007,COMPLETE
516,0.2797684073448181,2025-04-01 04:34:46.770670,2025-04-01 04:35:05.180713,0 days 00:00:18.410043,0.03104093661190841,0.8647693267702571,16,0.06868205241462516,0.22796045940252666,0.02154361216821548,0.016922410166490813,0.062009729823124915,0.05303473674984399,0.002587748660692156,11,136,0.08094421634034984,0.2226584002527715,True,True,False,0.000998205438818626,COMPLETE
517,0.4143392562866211,2025-04-01 04:35:05.348964,2025-04-01 04:35:25.488421,0 days 00:00:20.139457,0.06949724156218402,0.9020973935777923,16,0.08491935246578836,0.24064325887827304,0.025828537824654187,0.020012171792011094,0.06617378108697435,0.04881708472694011,0.00010455964445851185,10,142,0.07598759483861535,0.23397427312110658,True,False,False,0.0006787556065195331,COMPLETE
518,0.41316729784011846,2025-04-01 04:35:25.665414,2025-04-01 04:35:46.793802,0 days 00:00:21.128388,0.029707634474223185,0.8772701412272129,16,0.09961049666820233,0.25515844226079937,0.027852023898709253,0.018448938754481566,0.0580322682596484,0.0557349682298215,0.00021178963363975724,12,134,0.07418718902033013,0.0037109321015928176,True,False,False,0.00045012065026976765,COMPLETE
519,0.4308246970176697,2025-04-01 04:35:46.961747,2025-04-01 04:36:07.718214,0 days 00:00:20.756467,0.09894830580194926,0.0784729764152487,16,0.054298726160665556,0.2484537874941063,0.02317674801768053,0.014339564783539378,0.05431395840016597,0.05161145721697479,0.00015257515327233057,11,138,0.09943055443886817,0.23946664836863926,True,False,False,0.0008099557605011561,COMPLETE
520,0.4283497333526612,2025-04-01 04:36:07.899815,2025-04-01 04:36:29.089559,0 days 00:00:21.189744,0.05013869854332907,0.8508678946913796,16,0.23163176289109735,0.2369008679330803,0.024729024137888897,0.0208842894985838,0.06395812698738332,0.054235574482034365,0.002039409744856258,12,139,0.07755713629844342,0.18176848315892313,True,False,False,0.0005565996245698824,COMPLETE
521,0.4178019523620606,2025-04-01 04:36:29.258892,2025-04-01 04:36:49.322573,0 days 00:00:20.063681,0.07942823664731812,0.8975617368812459,16,0.06505617478826768,0.2530200623733647,0.020307663669927017,0.016592312540457184,0.05997164837747655,0.021996798664670816,0.00011549861009629222,10,145,0.07952548719138669,0.22730156336541135,True,False,False,0.0008038168785660567,COMPLETE
522,0.4220608711242676,2025-04-01 04:36:49.491780,2025-04-01 04:37:09.944624,0 days 00:00:20.452844,0.1407670245937821,0.9156500315434352,16,0.09030892286200612,0.24730244376049818,0.029082740266285635,0.005165214760823286,0.06708853210498197,0.05071108998838403,0.00017819722618395902,11,134,0.08330396871118136,0.2447343868179716,True,False,False,0.000997141420224835,COMPLETE
523,0.5331313133239747,2025-04-01 04:37:10.125090,2025-04-01 04:37:30.699408,0 days 00:00:20.574318,0.02768914489306954,0.8288086381398498,16,0.07563199288947849,0.24137200885393484,0.027270691522467184,0.009374496005813818,0.06298712679753489,0.0531042519124183,0.00028492534317501325,11,142,0.0759267950755439,0.2515332477318043,True,False,False,0.0006876291627843182,COMPLETE
524,0.5444839119911195,2025-04-01 04:37:30.875777,2025-04-01 04:37:51.997002,0 days 00:00:21.121225,0.8398518262443824,0.8863138103010813,16,0.08141107995290073,0.08857864164808334,0.024184803702920286,0.019417558072672633,0.06491497616268617,0.04807966212937468,0.00013707951495278033,12,137,0.08074567661432575,0.2196891471884037,True,False,False,0.000449149066461442,COMPLETE
525,0.6243290424346923,2025-04-01 04:37:52.182065,2025-04-01 04:38:11.092746,0 days 00:00:18.910681,0.05974598162531651,0.76216171234782,16,0.07329208509052233,0.25762146394307994,0.02214323200689868,0.022313723220044733,0.05192994545642437,0.058077044944847625,9.876428905041706e-05,9,133,0.07729685954655939,0.23243093692680533,True,False,False,0.0005659708718419123,COMPLETE
526,0.6111542344093323,2025-04-01 04:38:11.266492,2025-04-01 04:38:32.507544,0 days 00:00:21.241052,0.03938628952958074,0.9258139130956073,16,0.10004046672030055,0.23355540909979272,0.02612967418011567,0.012694093556409911,0.05725599702442665,0.05505816050941411,0.00016378197272992948,12,140,0.07434442634012557,0.2392622389149558,True,False,False,0.0009994366271518613,COMPLETE
527,0.44030559062957764,2025-04-01 04:38:32.683248,2025-04-01 04:38:48.054329,0 days 00:00:15.371081,0.02698422843640928,0.8628210628281766,16,0.08879853037876882,0.24908860619381376,0.031184296718011473,0.017865922593220306,0.04854270043779481,0.05017071262503596,0.000123078693767871,10,27,0.0789967152355385,0.22615846155195987,True,False,True,0.0006927862777522479,COMPLETE
528,0.41605952978134153,2025-04-01 04:38:48.235030,2025-04-01 04:39:08.590049,0 days 00:00:20.355019,0.04727792563348028,0.9068699929388214,16,0.1064778683173836,0.25679867033563125,0.02836182432265151,0.014982095371695411,0.06697228229162165,0.05186106838999736,8.757239102070556e-05,11,136,0.08152809354206844,0.23453438733241347,True,False,False,0.0008050000539173653,COMPLETE
529,0.452422833442688,2025-04-01 04:39:08.760121,2025-04-01 04:39:34.504097,0 days 00:00:25.743976,0.0767422569873801,0.8833284165755932,8,0.23478950270809526,0.2275749616518619,0.025297960177990547,0.021625851466952173,0.06136756988359151,0.05609794360995701,0.06000441708752507,12,148,0.07591627640659798,0.24441554495224188,True,False,False,0.0005580150485763621,COMPLETE
530,0.5285945415496827,2025-04-01 04:39:34.686821,2025-04-01 04:39:56.541203,0 days 00:00:21.854382,0.011260118425286979,0.9339563875071579,16,0.08056411587727089,0.24142804468212473,0.020885777433428735,0.019780167121057596,0.055305243945345146,0.05361818315547078,0.0002056544844782771,13,142,0.07351912345105863,0.21919761958736744,True,False,False,0.000810792387542585,COMPLETE
531,0.6482653379440309,2025-04-01 04:39:56.713423,2025-04-01 04:40:17.024103,0 days 00:00:20.310680,0.11341520793469016,0.9098157041544181,16,0.0702129131814981,0.24920414334093663,0.0232593872973777,0.023793448618401797,0.06571081798778354,0.04891976188380459,0.00014285585552286715,11,138,0.07807493735940388,0.23061092845386844,True,False,False,0.00044508124082259445,COMPLETE
532,0.42346763610839844,2025-04-01 04:40:17.205592,2025-04-01 04:40:35.434862,0 days 00:00:18.229270,0.11645475703027827,0.9016356826689698,16,0.05867991157426276,0.2450598530104126,0.023368481583125666,0.016533543881845074,0.06449889698882055,0.04823232202759202,0.00018258642639163965,11,145,0.07868606528847372,0.22864685111587327,False,False,False,0.00042343203590202425,COMPLETE
533,0.39283552169799807,2025-04-01 04:40:35.608436,2025-04-01 04:40:55.675321,0 days 00:00:20.066885,0.10294193917395413,0.854164684730274,16,0.06454147035897903,0.2354247731979314,0.020906871835903992,0.02192167114591907,0.05911782677978084,0.047608733848242546,0.000151328249641802,10,140,0.08296109323459475,0.16427516043623966,True,False,False,0.0004710152205431064,COMPLETE
534,0.4415297508239746,2025-04-01 04:40:55.848578,2025-04-01 04:41:13.231369,0 days 00:00:17.382791,0.12688184571983768,0.8881476264278027,16,0.07065185160024194,0.2498661965078304,0.02713098786003592,0.028963082738540383,0.05340905001101703,0.04985503628097414,0.00023818307544316012,11,19,0.07972993067275115,0.22401493132275468,True,False,False,0.0005804934275078065,COMPLETE
535,0.6385870933532716,2025-04-01 04:41:13.414427,2025-04-01 04:41:32.822300,0 days 00:00:19.407873,0.09471527065901149,0.9117980776576686,16,0.06810937003731607,0.23900437147082385,0.022790393830884496,0.018218681683633654,0.062376101230660404,0.046050629266921814,0.00014731804053058812,10,133,0.07757482733048239,0.2101075517550217,True,False,False,4.113232553210417e-08,COMPLETE
536,0.2797684073448181,2025-04-01 04:41:32.995891,2025-04-01 04:41:50.202938,0 days 00:00:17.207047,0.1398018191731781,0.8730519723086578,16,0.06673825514764443,0.22996963919845476,0.019177665029883894,0.019207731555892987,0.062122931430636436,0.04513415628766172,0.000200127883223867,9,132,0.07698674426191945,0.21128005226209012,True,True,False,2.2696177660718137e-06,COMPLETE
537,0.6169127821922302,2025-04-01 04:41:50.390045,2025-04-01 04:42:08.888630,0 days 00:00:18.498585,0.11249982272217078,0.9071637059021109,16,0.07524692206525246,0.23746661444954797,0.022654976820722327,0.0241362750146215,0.05073728673946347,0.04672173769465226,0.0001626975541371596,8,138,0.07739687715480766,0.20923946593666465,True,False,False,5.527751191186453e-07,COMPLETE
538,0.6048792719841004,2025-04-01 04:42:09.067033,2025-04-01 04:42:28.522081,0 days 00:00:19.455048,0.09493847177586304,0.8826631079487242,16,0.057371924393228614,0.2416148056645182,0.01970169765779471,0.013597125602019389,0.05924971636140826,0.04592514951418589,0.00014382331344303377,10,132,0.07565102157092216,0.21636570977131528,True,False,False,0.0004465275117654428,COMPLETE
539,0.3909550607204437,2025-04-01 04:42:28.695263,2025-04-01 04:42:47.163937,0 days 00:00:18.468674,0.0794497503169848,0.9080835252063454,16,0.06387949699330178,0.23444582366171238,0.022600491373802864,0.02637563941374356,0.06597917745855997,0.04691972027542646,0.00019253728908364038,10,102,0.08174901976934253,0.09806991923256564,True,False,False,4.7207150784612524e-08,COMPLETE
540,0.5008557438850403,2025-04-01 04:42:47.348338,2025-04-01 04:43:06.552084,0 days 00:00:19.203746,0.0948395953413868,0.8363945378486444,16,0.0790091138419024,0.22628006858778582,0.02180346189086141,0.010999885762441566,0.05633621979422654,0.09149765851846357,0.000251277282853968,9,143,0.07798760925796198,0.22090443084883488,True,False,False,0.0006313140296510694,COMPLETE
541,0.5262484073638916,2025-04-01 04:43:06.730158,2025-04-01 04:43:26.514133,0 days 00:00:19.783975,0.11041061034662668,0.9310392282907396,16,0.07442002014479228,0.2433861901785155,0.023871276192221572,0.02069397891344978,0.07004618941688848,0.09685634995463263,0.00010768295331459402,10,135,0.07537937665083368,0.1999357921915189,True,False,False,1.3247335887716548e-07,COMPLETE
542,0.6212692022323609,2025-04-01 04:43:26.702650,2025-04-01 04:43:46.796955,0 days 00:00:20.094305,0.08558197684415461,0.9094477229757094,16,0.06969906228341691,0.23860974933769707,0.019948669066197678,0.02299807042778096,0.060944710123654385,0.04903513861029813,0.00016247557361225408,11,128,0.08058024575207785,0.2242168947382167,True,False,False,1.2887993163703798e-07,COMPLETE
543,0.5229385972023011,2025-04-01 04:43:46.973836,2025-04-01 04:44:06.806784,0 days 00:00:19.832948,0.16140772657188207,0.863777631285152,16,0.04921867756004394,0.24737440499407512,0.02455308265658559,0.015347621104873928,0.06402965077021336,0.05198160316352069,0.0001323505293707695,10,140,0.07757596322277291,0.21711854438111927,True,False,False,0.0005355292081824151,COMPLETE
544,0.41908261775970457,2025-04-01 04:44:06.992402,2025-04-01 04:44:27.949085,0 days 00:00:20.956683,0.06988892810275074,0.7977379302308699,16,0.08533996164480213,0.23276005952308731,0.02910876519992206,0.01840641294429108,0.0582283921831242,0.05859948912726337,0.00011072010630467467,12,138,0.08507770950039624,0.22893376999532888,True,False,False,1.731504050018351e-08,COMPLETE
545,0.5808459401130677,2025-04-01 04:44:28.125373,2025-04-01 04:44:47.154589,0 days 00:00:19.029216,0.0635292143945139,0.8894276952406351,16,0.06081123812924791,0.24902686486739428,0.02223740716201998,0.008970711219757236,0.06775472359855585,0.05568702686376728,0.00021078639152096286,9,134,0.0739458577065578,0.23537952788004368,True,False,False,0.0006792754775855592,COMPLETE
546,0.4625248670578003,2025-04-01 04:44:47.332420,2025-04-01 04:45:06.513899,0 days 00:00:19.181479,0.010788657708144966,0.9356918206381146,16,0.09405774154426508,0.24242952976674678,0.025747891028518557,0.02113346255643144,0.053295254140876595,0.08432675999200484,0.0001682380084726691,11,150,0.07909974212617879,0.2514909444535095,True,False,True,0.0006779759052505246,COMPLETE
547,0.39295712709426883,2025-04-01 04:45:06.701878,2025-04-01 04:45:27.909351,0 days 00:00:21.207473,0.12419542757401628,0.9170922266669504,16,0.06937601882311761,0.2388337818987059,0.023855973875289954,0.01682876323954008,0.07455353222764863,0.05122484106469076,0.00013418527386247118,13,130,0.048071775113254965,0.24204545188680598,True,False,False,0.0004426751784625727,COMPLETE
548,0.3779752254486084,2025-04-01 04:45:28.089267,2025-04-01 04:45:47.826119,0 days 00:00:19.736852,0.04348224619874494,0.8451288317793881,16,0.0795894124053827,0.2515849949436306,0.02115187593270348,0.024455324835239413,0.06553746078315707,0.04863883651404618,0.000565589270861164,10,143,0.0759288365783436,0.23113443318267451,True,False,False,1.0059661239283591e-06,COMPLETE
549,0.4016805648803711,2025-04-01 04:45:48.014408,2025-04-01 04:46:14.635752,0 days 00:00:26.621344,0.08619216062888298,0.8755743505368955,16,0.08856249539729587,0.22787376605973733,0.027252209373183418,0.019614690402749473,0.055028078379489795,0.08587615248102509,0.00606407102202341,20,146,0.08268578682734158,0.20338494548378994,True,False,False,4.411712975596863e-08,COMPLETE
550,0.41542997360229494,2025-04-01 04:46:14.817441,2025-04-01 04:46:33.556797,0 days 00:00:18.739356,0.04908254641416546,0.9352864026506781,16,0.07197722246848542,0.24454999805286112,0.01836254126604766,0.028009688268253743,0.06242123778265936,0.052962135513146505,8.63693983091834e-05,12,136,0.07246769304045327,0.22389681907892173,False,False,False,0.0005656013489620677,COMPLETE
551,0.4394457459449768,2025-04-01 04:46:33.745909,2025-04-01 04:46:52.691300,0 days 00:00:18.945391,0.06314972731819422,0.8990493452712146,8,0.06068485663208594,0.25441507693021786,0.03034287876035687,0.012799472254477173,0.07060353504451912,0.046255331803704926,0.0001448399660344335,7,50,0.09651003764522156,0.23656926265754236,True,False,False,2.416752316014477e-07,COMPLETE
552,0.40427950620651243,2025-04-01 04:46:52.869606,2025-04-01 04:47:13.744303,0 days 00:00:20.874697,0.010367258268129745,0.9172041034799941,16,0.08372400193575102,0.23815427254849741,0.025363788668932803,0.022681273079112628,0.06769868556734113,0.05678511599545015,0.0001061106862896767,11,139,0.07756755349328726,0.21289252240302653,True,False,False,0.0007635861280364076,COMPLETE
553,0.613368582725525,2025-04-01 04:47:13.936838,2025-04-01 04:47:34.867479,0 days 00:00:20.930641,0.03068122630201736,0.8130848047860824,16,0.09653722635304529,0.23342246002848768,0.023359483475255027,0.015252887104221315,0.05674337276548984,0.051917515389742555,0.0001814316681803581,12,132,0.07995235771881538,0.2464016619469153,True,False,False,0.0007797558134134137,COMPLETE
554,0.41780432462692263,2025-04-01 04:47:35.047230,2025-04-01 04:47:56.897760,0 days 00:00:21.850530,0.07308881501247542,0.8904981459285379,16,0.06605639344493026,0.24728784474708268,0.027626604863180634,0.018060993990670186,0.049891190843250915,0.05487740246080489,0.00012172389990838835,13,141,0.07601720378945714,0.22940121493923749,True,False,False,0.0004430867219315884,COMPLETE
555,0.2797684073448181,2025-04-01 04:47:57.080017,2025-04-01 04:48:15.457981,0 days 00:00:18.377964,0.0996272619638803,0.8638316696769878,16,0.07783732351186184,0.02346260308010545,0.021147220392632043,0.02627228183681086,0.06571234268589464,0.049656283660419465,0.00029322159961684774,11,135,0.07428078586602602,0.2200538478545186,True,True,False,3.385645159159195e-06,COMPLETE
556,0.6193211555480957,2025-04-01 04:48:15.647506,2025-04-01 04:48:36.761358,0 days 00:00:21.113852,0.04066044700019624,0.9351235396618218,16,0.09257723691133646,0.22535306236360925,0.02968532543357053,0.0016369001465211148,0.06031407966033168,0.058138435987764685,0.0002235872744033955,12,138,0.07858296930156843,0.23872625705546627,True,False,False,0.0005584748214123314,COMPLETE
557,0.4076556921005249,2025-04-01 04:48:36.941316,2025-04-01 04:48:57.632016,0 days 00:00:20.690700,0.028041882140820654,0.9049321514076402,16,0.10379304992377918,0.25553279656757577,0.025658987200222787,0.020889519974418628,0.05197988786270678,0.05326598935127925,0.00015713937884449342,11,144,0.08139003154611575,0.2336836879649608,True,False,False,0.0008080427594234066,COMPLETE
558,0.37828446626663215,2025-04-01 04:48:57.824523,2025-04-01 04:49:17.559257,0 days 00:00:19.734734,0.061672402110442934,0.9392886919611421,16,0.05282751353365046,0.24385471541627116,0.03148284068963143,0.03110532030532264,0.06869452943193537,0.05079814823882458,0.008949227673715057,10,133,0.07713581998349911,0.2253892612496086,True,False,False,0.0006570825916928798,COMPLETE
559,0.5791728019714356,2025-04-01 04:49:17.738471,2025-04-01 04:49:38.081795,0 days 00:00:20.343324,0.04573776115352698,0.8823952062063996,16,0.07421177755389638,0.2598984706866186,0.023538341058679614,0.02509434993868601,0.06299062032694748,0.05528988974311067,0.00010016536354388673,11,136,0.07172933029038081,0.250750789774722,True,False,False,0.0005225477351223954,COMPLETE
560,0.6175479412078858,2025-04-01 04:49:38.277268,2025-04-01 04:49:59.483914,0 days 00:00:21.206646,0.08974795446812152,0.8522994672897677,16,0.08285602144917593,0.25102761204537977,0.026628908860893283,0.014238083025384797,0.05767897420124237,0.048034389136636574,0.00018580211591048943,12,141,0.07489210902415579,0.24348676630773414,True,False,False,4.435328251275524e-06,COMPLETE
561,0.6245378851890564,2025-04-01 04:49:59.665663,2025-04-01 04:50:21.131365,0 days 00:00:21.465702,0.01046557835814571,0.9162832461044996,16,0.08711602200749223,0.23590560900654733,0.020263815243354587,0.019173398814112556,0.07146938462400765,0.053175874382515795,0.00013795028969416074,13,129,0.08028855122409684,0.23128713040619134,True,False,False,0.0008163808315071557,COMPLETE
562,0.6253239512443542,2025-04-01 04:50:21.313867,2025-04-01 04:50:41.047909,0 days 00:00:19.734042,0.03201032763694325,0.8290952459143851,16,0.06970745467537451,0.24677898180755112,0.028360090457266042,0.022894651976084816,0.05477671466096284,0.05082412067976788,0.00011665109809725623,10,132,0.07836098259607496,0.21578404606735174,True,False,False,0.0006675999861211269,COMPLETE
