number,value,datetime_start,datetime_complete,duration,params_alpha-eval,params_alpha-train,params_batch-size,params_eps-eval,params_eps-train,params_lambda-actions-eval,params_lambda-actions-train,params_lambda-frames-eval,params_lambda-frames-train,params_learning-rate,params_n-epochs,params_n-frames,params_radius-gw,params_rho,params_std-feats,params_ub-actions,params_ub-frames,params_weight-decay,state
395,0.6073095560073852,2025-04-01 03:53:44.892781,2025-04-01 03:54:04.830222,0 days 00:00:19.937441,0.010323928302143896,0.8924904772203897,16,0.23621977473816,0.24502684943528272,0.02599856808112328,0.020224179139000698,0.06432213027648147,0.055481536913253436,9.285664601625618e-05,10,134,0.0798532064065058,0.22276668671055547,True,False,False,0.000968976203088945,COMPLETE
396,0.6226608753204346,2025-04-01 03:54:04.967390,2025-04-01 03:54:24.880138,0 days 00:00:19.912748,0.031040183463831802,0.9179151755899979,16,0.01281189257264398,0.26626602873804195,0.022507449776051482,0.025249600956869702,0.0630863124434311,0.05010695006740627,0.0001324424795159019,11,131,0.07677032187313894,0.23286392939958675,True,False,False,0.0009971270599129802,COMPLETE
397,0.40557417869567874,2025-04-01 03:54:25.009860,2025-04-01 03:54:45.238542,0 days 00:00:20.228682,0.028132081785688923,0.9107844765494179,16,0.009248506230019826,0.2654241883358833,0.022764499596902132,0.02924424287530557,0.06329248355365225,0.05055185889212585,0.00012783823334555427,11,136,0.08285846741152164,0.23256373553445492,True,False,False,0.0008219105900243898,COMPLETE
398,0.2797684073448181,2025-04-01 03:54:45.368509,2025-04-01 03:55:03.450309,0 days 00:00:18.081800,0.03075282943712417,0.8727807103293885,16,0.02041893962828078,0.2548299575317667,0.020671836452063476,0.024352537982109748,0.06905916401940149,0.0511444344459758,0.00013075645770695035,11,133,0.07680810588093742,0.2277717420763803,True,True,False,0.0009602065651739727,COMPLETE
399,0.40398973226547247,2025-04-01 03:55:03.590414,2025-04-01 03:55:28.170954,0 days 00:00:24.580540,0.010512158913407055,0.923007967056486,8,0.24019637782831774,0.2615169301318378,0.024385330548381642,0.022010631022376975,0.06589243403692979,0.05227604361362318,9.666303918282828e-05,11,140,0.0789223793082249,0.2422588286263056,True,False,False,0.000560324643138115,COMPLETE
400,0.4111543297767639,2025-04-01 03:55:28.300706,2025-04-01 03:55:49.351612,0 days 00:00:21.050906,0.05429277840708458,0.9088146059404303,16,0.24739897983228623,0.25233067326857467,0.019872571474699504,0.02546439356476453,0.062385402901077316,0.04956239511104344,0.0001626898448698311,12,136,0.08139735766113647,0.2182007811895188,True,False,False,0.0007752185012104353,COMPLETE
401,0.6277525782585145,2025-04-01 03:55:49.481838,2025-04-01 03:56:08.625159,0 days 00:00:19.143321,0.029981115568508354,0.8939213402714008,16,0.06991055706441768,0.23986269632012647,0.022754277475227024,0.0181618202639767,0.057831735844890424,0.053966947146586584,0.00012383987739035104,9,131,0.07720874118636066,0.23378404116834936,True,False,False,0.000993907696301858,COMPLETE
402,0.4141287565231323,2025-04-01 03:56:08.765530,2025-04-01 03:56:27.489412,0 days 00:00:18.723882,0.032940696130017065,0.8835077826366641,16,0.06844388413007765,0.2365690975676164,0.022393209726847264,0.0198040819159481,0.05612509436275972,0.054304797885880426,0.00011414234272323984,8,141,0.07848928209416231,0.23059271457989464,True,False,False,0.0009661273429137764,COMPLETE
403,0.6107232093811035,2025-04-01 03:56:27.621002,2025-04-01 03:56:46.884072,0 days 00:00:19.263070,0.029477931101652265,0.8956604766665638,16,0.09817514709846503,0.24138970544179564,0.022310448995879577,0.023011926950984772,0.05784366532660262,0.05347884479275495,0.0001527175473288658,9,134,0.07595421895389233,0.23374669605788745,True,False,False,0.000998636847390535,COMPLETE
404,0.6114851117134095,2025-04-01 03:56:47.018923,2025-04-01 03:57:06.440782,0 days 00:00:19.421859,0.01140785680415748,0.8453741479083492,16,0.026276542625275894,0.24808774164771197,0.024476687834359943,0.018230484698227682,0.06758059610576655,0.05518650863915405,9.283782853413859e-05,10,130,0.08069365582122483,0.2230565749978163,True,False,False,0.0007555202384579695,COMPLETE
405,0.2797684073448181,2025-04-01 03:57:06.571141,2025-04-01 03:57:24.795768,0 days 00:00:18.224627,0.04320575951132613,0.9255638879278156,16,0.05473537892267249,0.03760289658861869,0.019649186323916126,0.02086679571537505,0.06440630792687037,0.05623079072775338,0.00013667045691212096,8,136,0.07708838661900493,0.236737286843988,True,False,False,0.0009991668122509142,COMPLETE
406,0.41225539445877074,2025-04-01 03:57:24.937068,2025-04-01 03:57:44.773934,0 days 00:00:19.836866,0.026210277890874538,0.9027950728072707,16,0.23386020315702882,0.2545548948810195,0.026293278579972167,0.02719431186793131,0.06048023423314418,0.0523837313363573,0.00011147039652394323,10,133,0.08657414373845516,0.2271045501219107,True,False,False,0.0005790340931056669,COMPLETE
407,0.6180714249610901,2025-04-01 03:57:44.906224,2025-04-01 03:58:06.161901,0 days 00:00:21.255677,0.058574569682888655,0.8677781979029695,16,0.09233367431824753,0.2593664483824833,0.020697849965417025,0.01821582592979173,0.07072409005066758,0.04974126432387906,0.00017948406982590346,12,140,0.0746867452630405,0.2399273782886288,True,False,False,0.0007965360728837507,COMPLETE
408,0.41581274271011354,2025-04-01 03:58:06.294476,2025-04-01 03:58:27.599354,0 days 00:00:21.304878,0.060483079898907,0.8592692242392772,16,0.07931168686909076,0.2604222083703672,0.019877634842743117,0.015099556924906148,0.0701579637466912,0.04964766737801807,0.04112565031975014,12,142,0.07454475405562178,0.20509228520799602,True,False,False,0.0007370893320682949,COMPLETE
409,0.416309404373169,2025-04-01 03:58:27.742488,2025-04-01 03:58:44.674520,0 days 00:00:16.932032,0.05511369273734243,0.8727971842380624,16,0.0700402786712066,0.2602122845484867,0.023808227649004053,0.01785985528424063,0.06860474368127603,0.0539244154488548,0.003734816797778172,12,70,0.0749003010291584,0.24345047510561393,True,False,True,0.0006308798612201617,COMPLETE
410,0.6003431677818298,2025-04-01 03:58:44.807464,2025-04-01 03:59:03.580050,0 days 00:00:18.772586,0.041841978644544156,0.9331572573099874,16,0.0762819611447434,0.26729932298050485,0.021289646221638717,0.021487489053302448,0.07105441547284241,0.05568395618458497,0.00018421356789987138,11,93,0.07663597583639463,0.2175801459784508,True,False,False,0.0007757410945365248,COMPLETE
411,0.6343341112136841,2025-04-01 03:59:03.713218,2025-04-01 03:59:25.008708,0 days 00:00:21.295490,0.03096980945622691,0.9378408248229079,16,0.0894357361633934,0.24658901447007323,0.02693187876986389,0.017323095933733487,0.0634715992173717,0.050077969500497505,0.00017172241803397847,12,141,0.074271954613405,0.2323553036577919,True,False,False,0.0005189779592675301,COMPLETE
412,0.4225760579109192,2025-04-01 03:59:25.151962,2025-04-01 03:59:46.334957,0 days 00:00:21.182995,0.035517407497710075,0.8866034067598385,16,0.08475695133184419,0.2437598019014239,0.026252399607696517,0.013760412537560518,0.061562294496593443,0.04962088748909982,0.00017662769595724984,12,140,0.08406039349523428,0.228887394188956,True,False,False,0.0005457951539364098,COMPLETE
413,0.626655888557434,2025-04-01 03:59:46.469438,2025-04-01 04:00:07.568395,0 days 00:00:21.098957,0.01018180589218591,0.9217773749165464,16,0.09396025632981882,0.2469273641581545,0.024917455642067883,0.017310054965491567,0.06380581162113907,0.05246648295199354,0.00016952019045082486,12,141,0.07375436862014459,0.24078941315891084,True,False,False,0.00068984659496819,COMPLETE
414,0.6180357694625855,2025-04-01 04:00:07.704352,2025-04-01 04:00:28.334822,0 days 00:00:20.630470,0.06119692103125217,0.9258011677831971,16,0.09133618768302326,0.23848953360063224,0.026732314364477386,0.0166892571327278,0.06299139567111228,0.05017026332613929,0.00018762315638641165,11,142,0.07374352894584797,0.24137872561564933,True,False,False,0.000541842904300422,COMPLETE
415,0.6289537191390991,2025-04-01 04:00:28.481424,2025-04-01 04:00:49.666658,0 days 00:00:21.185234,0.02589266570207974,0.9392293637823287,16,0.09614007935449356,0.2450454858131454,0.02335129463746432,0.012549113038413242,0.05224009537782575,0.07933607269209013,0.00016886752979961684,12,140,0.0741347393220364,0.23392775262473497,True,False,False,0.0006820292002964265,COMPLETE
416,0.4272909045219422,2025-04-01 04:00:49.802989,2025-04-01 04:01:07.932137,0 days 00:00:18.129148,0.012034382937976932,0.9414402109749681,16,0.08754330899394994,0.2437071181146851,0.024284280032229745,0.020191665620044347,0.05999743067423574,0.09793893137859892,0.00015723025330767972,11,141,0.08862530114160934,0.23372815269463604,False,False,False,0.000641706895864192,COMPLETE
417,0.2797684073448181,2025-04-01 04:01:08.069833,2025-04-01 04:01:28.680962,0 days 00:00:20.611129,0.031360852053656234,0.9398128722710182,16,0.1119237290881192,0.01039008305223485,0.02637679962688878,0.01287043412155973,0.06486426929065466,0.0758978067693378,0.00015557702095176832,12,140,0.07666904818679995,0.2311702592175011,True,False,False,0.0005304675513249093,COMPLETE
418,0.2797684073448181,2025-04-01 04:01:28.827908,2025-04-01 04:01:47.259345,0 days 00:00:18.431437,0.026027237465841617,0.9246015097236854,16,0.0948407742995318,0.24774064886343272,0.028020473713400038,0.017922550574824572,0.06296337055016264,0.053454436095218605,0.00015017601999822136,11,139,0.07291625911688708,0.24332594043939051,True,True,False,0.000700066868765883,COMPLETE
419,0.5569437503814698,2025-04-01 04:01:47.395648,2025-04-01 04:02:08.346902,0 days 00:00:20.951254,0.026935215622139387,0.9421816294666957,16,0.10502004256701081,0.2404177786793856,0.022953627159995743,0.012410344001188331,0.05283920477598438,0.05157350392605674,0.00020236489572686368,12,138,0.07381668029439349,0.21370120812785784,True,False,False,0.0006876676606545275,COMPLETE
420,0.4404455184936524,2025-04-01 04:02:08.483384,2025-04-01 04:02:27.142790,0 days 00:00:18.659406,0.011443078265425469,0.9194657686151765,16,0.08052285747344756,0.24937496987800836,0.02567319485728137,0.019701060524015403,0.055669954894529645,0.052638062735438904,0.0001355310860451124,13,48,0.07765658270545141,0.23519584210968922,True,False,False,0.0005271647307599506,COMPLETE
421,0.35541329383850095,2025-04-01 04:02:27.295779,2025-04-01 04:02:51.854520,0 days 00:00:24.558741,0.0446925164340006,0.9455813898534361,8,0.09874309996345708,0.24975527239916392,0.028367664324865004,0.016032656348422467,0.06529229127801661,0.08088845199018244,0.00016962572489980808,11,142,0.07591819924808113,0.2275673018421562,True,False,False,0.000993968328507928,COMPLETE
422,0.4093954682350159,2025-04-01 04:02:51.990188,2025-04-01 04:03:11.408837,0 days 00:00:19.418649,0.03157942900393174,0.8958181190589454,16,0.06239819743749696,0.2351892986337933,0.023965858371130855,0.008606092027371792,0.06822858862959276,0.048720864456532384,0.00013981035245619778,9,137,0.08156241222840624,0.2233481582842426,True,False,False,0.0007895635584193552,COMPLETE
423,0.6186129927635193,2025-04-01 04:03:11.546576,2025-04-01 04:03:33.141197,0 days 00:00:21.594621,0.010758592783348106,0.9337592755433028,16,0.07214232060020037,0.2446262314978985,0.02215571675782961,0.021848203864674814,0.05853130817162538,0.08558122665292094,0.00018793147872486128,13,138,0.0732282159226334,0.23462551139238783,True,False,False,0.000664841084410536,COMPLETE
424,0.6160647153854371,2025-04-01 04:03:33.290495,2025-04-01 04:03:55.024577,0 days 00:00:21.734082,0.013679821799123738,0.9225672520762733,16,0.07311002102269011,0.2421276144215207,0.02242964426503717,0.021922203186257296,0.05803901670695667,0.05210714749044824,0.00019789526675673708,13,142,0.07427399448259422,0.23745351721669744,True,False,False,0.0006648290251204019,COMPLETE
425,0.6403092622756958,2025-04-01 04:03:55.163148,2025-04-01 04:04:16.437918,0 days 00:00:21.274770,0.06014717143012238,0.9003990116337757,16,0.06525893294546854,0.2366121496786951,0.021162656072299706,0.0256889409881989,0.052606984186775216,0.08770599501563289,0.00016412872015045488,12,143,0.07590822334780928,0.23214297874719608,True,False,False,0.0008134347955230804,COMPLETE
426,0.4292873740196228,2025-04-01 04:04:16.577569,2025-04-01 04:04:37.851497,0 days 00:00:21.273928,0.06425713866850911,0.9011559982633621,16,0.07713210477162846,0.23521241720071573,0.020826792444581972,0.02528004797528858,0.05312478358204186,0.09033733104445256,0.0001984261391332229,12,144,0.07792512587455175,0.23062984738968673,True,False,False,0.0008005023946797234,COMPLETE
427,0.5883194804191589,2025-04-01 04:04:37.989745,2025-04-01 04:04:59.045695,0 days 00:00:21.055950,0.049118664446157825,0.9132608020899068,16,0.0631929556235197,0.2451935383631303,0.019164993083240097,0.028629223691170956,0.04952739146091122,0.08358835555166215,0.00017916165866373662,12,137,0.07613119369362988,0.2449175695587225,True,False,False,0.0005244076866735455,COMPLETE
428,0.4107668399810791,2025-04-01 04:04:59.195336,2025-04-01 04:05:19.797055,0 days 00:00:20.601719,0.06431698963008214,0.886025651082491,16,0.05650725599007141,0.23419110999866205,0.02245263835597297,0.02579232356333333,0.05985615899643786,0.07988856803660938,0.00013602988987040208,11,139,0.08005680692236888,0.23629160090828286,True,False,False,0.0008001552992663272,COMPLETE
429,0.4895638942718506,2025-04-01 04:05:19.937248,2025-04-01 04:05:40.274004,0 days 00:00:20.336756,0.026966292553071505,0.9320368068053688,16,0.08619039252633284,0.07837554800971185,0.02469634041760551,0.02278236155753128,0.05184374685110538,0.08658025823729328,0.00016883800204693243,10,144,0.07355851145551012,0.22575528146141932,True,False,False,0.0006048175437160323,COMPLETE
430,0.4412414908409119,2025-04-01 04:05:40.417328,2025-04-01 04:05:59.724328,0 days 00:00:19.307000,0.04817993724634886,0.8983365208715947,16,0.07062230202287029,0.23958978736985512,0.021305281767728546,0.016953664985179348,0.047240813943023124,0.09180207015491891,0.00020920828358347458,12,137,0.07806219897560826,0.2201284806655452,True,False,True,0.0006677119813083131,COMPLETE
431,0.6345463514328004,2025-04-01 04:05:59.874402,2025-04-01 04:06:21.787148,0 days 00:00:21.912746,0.02899566123170355,0.9172134304480332,16,0.06301960778752329,0.24493155275146,0.02463753325647331,0.019632610929239794,0.05751397179085918,0.08623265894460723,0.0001369512735055538,13,142,0.07536208032799535,0.23222864468231663,True,False,False,0.0009940995536685904,COMPLETE
432,0.4078728675842285,2025-04-01 04:06:21.927068,2025-04-01 04:06:42.810645,0 days 00:00:20.883577,0.04330448757364525,0.8783168813971031,16,0.06312205361003809,0.2511809086419101,0.025660412939572688,0.018817440930231723,0.05667863739502739,0.08856513103133852,0.0001391150175921228,11,147,0.07519887825885092,0.24325247922598964,True,False,False,0.0009806620487848939,COMPLETE
433,0.4460838079452515,2025-04-01 04:06:42.950140,2025-04-01 04:07:01.172324,0 days 00:00:18.222184,0.03200825109003692,0.9129066169630161,16,0.05154868371952148,0.24809382592894647,0.027971668703891985,0.020027689972848216,0.06315539087959353,0.08872288476099988,0.00011541290341010241,12,87,0.07659131439504532,0.22768518583167818,False,False,False,0.0007899195834487834,COMPLETE
434,0.43423615694046025,2025-04-01 04:07:01.321879,2025-04-01 04:07:22.790858,0 days 00:00:21.468979,0.06717175926042152,0.8933923453316445,16,0.0038703553506998674,0.2563223204575225,0.024311247754167504,0.027060799470432356,0.0654213003895894,0.08422482734534514,0.00015291915218652695,13,142,0.0795090790525122,0.21102607647173377,True,False,False,0.0009936214824350302,COMPLETE
435,0.4035164594650269,2025-04-01 04:07:22.931200,2025-04-01 04:07:43.541252,0 days 00:00:20.610052,0.05248290506485688,0.9462960243895603,16,0.1018045518230879,0.23886264580400318,0.025951665752086794,0.024761484739097266,0.061512698710826916,0.09524589914763912,0.0001318519931861587,11,142,0.08169157182515703,0.2188166079607471,True,False,False,0.0008110214789067276,COMPLETE
436,0.4176436305046082,2025-04-01 04:07:43.682211,2025-04-01 04:08:04.785761,0 days 00:00:21.103550,0.02730918117633672,0.9180740113222569,16,0.08950052823062028,0.2554966438139737,0.023273903959696866,0.01555329900329953,0.051440032707244676,0.08279601699993387,0.00011036125634271119,12,134,0.09511251861187812,0.23270775831236937,True,False,False,0.0005051829753618588,COMPLETE
437,0.4179089546203614,2025-04-01 04:08:04.936821,2025-04-01 04:08:25.064999,0 days 00:00:20.128178,0.07023219176672235,0.8065774238416692,16,0.07970795802348524,0.2477026951723342,0.018913006410986352,0.020978917498304592,0.06715116588614373,0.05672697297479545,0.0001585129159427681,10,148,0.07685507065803214,0.24052847338392566,True,False,False,2.2127574742367787e-07,COMPLETE
438,0.4120487093925476,2025-04-01 04:08:25.205534,2025-04-01 04:08:46.022486,0 days 00:00:20.816952,0.04692446344109526,0.8526628969389268,16,0.047454942736999406,0.2570172221920863,0.02785052270412637,0.018452173180054224,0.0640351293501208,0.0949247218099244,9.383746871608533e-05,11,144,0.07857277048559778,0.22440740597848355,True,False,False,0.000810972518745969,COMPLETE
439,0.2797684073448181,2025-04-01 04:08:46.165694,2025-04-01 04:09:05.137715,0 days 00:00:18.972021,0.010712452538218068,0.9365691752154949,16,0.06610570698564427,0.2635336458911814,0.025716770214435775,0.029865470808227445,0.06901098676405476,0.0909898251281509,0.0001299779244788322,12,140,0.07540645934504132,0.23240158354774834,True,True,False,0.0006243435872548209,COMPLETE
440,0.5924290537834168,2025-04-01 04:09:05.291625,2025-04-01 04:09:26.785430,0 days 00:00:21.493805,0.029213525056243684,0.9049917221864042,16,0.0598640483878186,0.25096948088765403,0.02039209885930291,0.023034992147773884,0.05441612731213489,0.09289645141957933,0.00016201483948676272,13,135,0.07294454088324206,0.2380388748712056,True,False,False,2.8291293099491778e-08,COMPLETE
441,0.41652712821960447,2025-04-01 04:09:26.927398,2025-04-01 04:09:47.018696,0 days 00:00:20.091298,0.045022721027598286,0.9499491124455827,16,0.08409942679483383,0.24246802894905667,0.023357275093393415,0.025418028143918876,0.06608702312934964,0.0509513992863939,0.00011046887424181689,10,142,0.08043673508769136,0.24545675582820697,True,False,False,0.0008032591977773134,COMPLETE
442,0.38710329532623294,2025-04-01 04:09:47.161920,2025-04-01 04:10:12.281881,0 days 00:00:25.119961,0.011558908003488463,0.877702620527413,8,0.09388876403091632,0.2683701841302459,0.026659743575661518,0.003278517764197254,0.07282855507951484,0.08879528784589028,0.0001339707415652471,12,130,0.07613236646748318,0.22735219899864004,True,False,False,0.0009812616080346107,COMPLETE
443,0.5820038795471192,2025-04-01 04:10:12.434752,2025-04-01 04:10:32.599903,0 days 00:00:20.165151,0.06705583199285438,0.9218412403912769,16,0.04188625581752872,0.25945506911396277,0.02391147084782286,0.020065777431722668,0.06094294532889806,0.055709727477075435,0.00016823033788207297,11,138,0.07804544522696526,0.21588847851678003,True,False,False,0.0005074720548746908,COMPLETE
444,0.4230051875114441,2025-04-01 04:10:32.743393,2025-04-01 04:10:54.677003,0 days 00:00:21.933610,0.029946736509233473,0.9028974754586323,16,0.021189215524926183,0.23187145597102515,0.021383507814229992,0.022584358618618787,0.06821946469033098,0.08208149307994479,9.440028428890706e-05,13,146,0.08293321205087505,0.2317474879253348,True,False,False,0.000998064390012513,COMPLETE
445,0.6167421460151673,2025-04-01 04:10:54.834443,2025-04-01 04:11:15.204115,0 days 00:00:20.369672,0.045812575241130804,0.9540264371826112,16,0.2491957964321918,0.24984311267078024,0.02832315986707239,0.016918882135277473,0.0627687745800423,0.08600703867051275,0.00020868940471915426,11,134,0.07454085297927494,0.23921449183696242,True,False,False,0.0006707965428890949,COMPLETE
446,0.5377306342124939,2025-04-01 04:11:15.349087,2025-04-01 04:11:36.491591,0 days 00:00:21.142504,0.029698442777647896,0.9289319893691707,16,0.0747841089770307,0.25545243747509466,0.025103741574344956,0.02700346423178308,0.05412221413533901,0.053734488072797265,0.00012411433262376424,12,139,0.07267384867167348,0.22176421633931553,True,False,False,8.111468686812026e-07,COMPLETE
447,0.4399370670318604,2025-04-01 04:11:36.636170,2025-04-01 04:11:58.216010,0 days 00:00:21.579840,0.06898109685625947,0.8898566381482876,16,0.11747471582113803,0.15371493483720108,0.01857235093016716,0.015030532496514686,0.06488244250582226,0.07795798463061618,0.00014402445619969006,13,132,0.07955244615088126,0.22831218267710068,True,False,False,0.0006039600144188268,COMPLETE
448,0.4447428941726685,2025-04-01 04:11:58.375330,2025-04-01 04:12:15.815563,0 days 00:00:17.440233,0.010462673514984602,0.9146208133110993,16,0.10565138218294415,0.26661788307254336,0.022318056731970844,0.024061622414057845,0.06950169016616778,0.04921660888050377,0.00010775998867328519,9,136,0.07530096581318287,0.24698037743976578,True,False,True,0.0008263189088392491,COMPLETE
449,0.42833158969879154,2025-04-01 04:12:15.963606,2025-04-01 04:12:36.129010,0 days 00:00:20.165404,0.04636193032250464,0.9427426691817373,16,0.23827287159332333,0.24530576223459058,0.027026319762312317,0.020546074845975097,0.06607959830995783,0.04668428591109684,8.936473552055896e-05,10,143,0.07740545587512662,0.19949367948299745,True,False,False,0.0009887604212280097,COMPLETE
450,0.5576173543930054,2025-04-01 04:12:36.275032,2025-04-01 04:12:55.952350,0 days 00:00:19.677318,0.030464404248496123,0.8694519418839899,16,0.24817743937004044,0.1386810871885646,0.020262866007641135,0.017581038973484994,0.06699726699196919,0.05199643073971905,0.0001729454543563766,12,97,0.07268858176762141,0.2230979121593819,True,False,False,0.0005140686287394103,COMPLETE
