number,value,datetime_start,datetime_complete,duration,params_alpha-eval,params_alpha-train,params_batch-size,params_eps-eval,params_eps-train,params_lambda-actions-eval,params_lambda-actions-train,params_lambda-frames-eval,params_lambda-frames-train,params_learning-rate,params_n-epochs,params_n-frames,params_radius-gw,params_rho,params_std-feats,params_ub-actions,params_ub-frames,params_weight-decay,state
1515,0.6530286431312561,2025-04-01 10:33:57.234533,2025-04-01 10:34:17.541227,0 days 00:00:20.306694,0.11369934573656108,0.9433109659855055,16,0.06249999443011972,0.24602122730193726,0.0320010521458342,0.006186864988049918,0.04014553364285145,0.08189660521263313,0.00011520905748018808,11,133,0.07632133939565083,0.2275492345184726,True,False,False,4.538063507538548e-07,COMPLETE
1516,0.6338621735572816,2025-04-01 10:34:18.030526,2025-04-01 10:34:38.246574,0 days 00:00:20.216048,0.14796698887813683,0.9531777903131713,16,0.056402671131201336,0.233721643427384,0.03206247912470975,0.07396900625005,0.03930858848755719,0.08440078516440666,7.755444222466459e-05,11,126,0.08326186739164475,0.22144601986524567,True,False,False,4.068362368974801e-07,COMPLETE
1517,0.5992704510688782,2025-04-01 10:34:38.754444,2025-04-01 10:34:59.313996,0 days 00:00:20.559552,0.12254994901518375,0.9551223801374166,16,0.061194497664373564,0.24201941830095097,0.0339826003690818,0.004284485282561369,0.03891938919583488,0.082288633136713,6.185294002343635e-05,12,130,0.08122362674352848,0.21558766534542775,True,False,False,4.7300998122083463e-07,COMPLETE
1518,0.6196959495544434,2025-04-01 10:34:59.803773,2025-04-01 10:35:25.593958,0 days 00:00:25.790185,0.04723804017263989,0.917482430868991,16,0.05434315409176295,0.22902260358099694,0.032113155515434255,0.00550640009826891,0.03389459036240483,0.08120756636108667,9.715056434481612e-05,20,131,0.07914153786934364,0.2260569178652841,True,False,False,5.141151876816653e-07,COMPLETE
1519,0.6129302263259888,2025-04-01 10:35:26.083227,2025-04-01 10:35:45.600542,0 days 00:00:19.517315,0.16603794107927838,0.9408625789702972,16,0.14114409404805392,0.23774813010891158,0.034280621978333675,0.006186200631382476,0.03993169643114094,0.0827177472896361,8.167492084576775e-05,10,129,0.07822587759393797,0.22129931175808165,True,False,False,3.857764907797166e-07,COMPLETE
1520,0.5620442867279053,2025-04-01 10:35:46.083349,2025-04-01 10:36:05.852220,0 days 00:00:19.768871,0.08173709656631811,0.9340707926581718,16,0.06637611235069618,0.24792691389520316,0.03112136468982552,0.003708068926948086,0.03875083118936889,0.0849939617155874,9.605063495752855e-05,11,123,0.07698268752480726,0.20903673799584818,True,False,False,6.385506912748788e-07,COMPLETE
1521,0.6467273235321045,2025-04-01 10:36:06.359578,2025-04-01 10:36:27.233492,0 days 00:00:20.873914,0.11021907567561233,0.8977147360777897,16,0.07709108432163082,0.22300841759874138,0.035535557842460735,0.007757677812582682,0.04035937499173532,0.08316753824721297,0.0001110416848283457,12,133,0.079053448704622,0.22823555804997678,True,False,False,3.4183155253668145e-07,COMPLETE
1522,0.6450748920440674,2025-04-01 10:36:27.725828,2025-04-01 10:36:48.446128,0 days 00:00:20.720300,0.14654121247783655,0.9190199968632102,16,0.06188650209044929,0.22231022032618888,0.03581834739701852,0.0066088301770276065,0.03926834263751976,0.08110512004269843,0.00011454696476138463,12,130,0.08446358162630253,0.21530525885768864,True,False,False,3.0283692714292834e-07,COMPLETE
1523,0.6425161242485047,2025-04-01 10:36:48.933700,2025-04-01 10:37:10.246306,0 days 00:00:21.312606,0.1215952620186896,0.955454501218374,16,0.14411555888844507,0.22294420688947314,0.03524938068881468,0.007023455579100123,0.037009190369859196,0.08174895263203157,0.00010787195826506063,13,125,0.08334468287129784,0.21996271104031492,True,False,False,3.395041828808649e-07,COMPLETE
1524,0.42712424993515014,2025-04-01 10:37:10.761173,2025-04-01 10:37:28.544789,0 days 00:00:17.783616,0.16630010390492145,0.9431167200213113,16,0.05401965012587479,0.22262523837117082,0.03663066353204057,0.0030182414391648916,0.035174633958131654,0.0797956345333408,0.0001180947407641787,10,126,0.08040641081961727,0.2256588262959701,True,False,True,2.7973303879657995e-07,COMPLETE
1525,0.3930750012397766,2025-04-01 10:37:29.036826,2025-04-01 10:38:23.025478,0 days 00:00:53.988652,0.13924816337702478,0.9676074280261594,2,0.1468114053426548,0.22118777521212935,0.033363168938515216,0.007641164529216378,0.03712145932368782,0.08279569195496847,0.000131723466768995,11,128,0.07929157172261053,0.1551601411446538,True,False,False,3.833291196583617e-07,COMPLETE
1526,0.6313607692718506,2025-04-01 10:38:23.518194,2025-04-01 10:38:42.457657,0 days 00:00:18.939463,0.06298173218614894,0.9504999303611545,16,0.07061189956251306,0.22589428277960297,0.03749563170967541,0.006207680204164206,0.03977333228603005,0.08259097361620296,0.00011535801895917959,9,131,0.08214364331053449,0.21755377851197943,True,False,False,2.402026713745874e-07,COMPLETE
1527,0.6309491753578187,2025-04-01 10:38:42.944371,2025-04-01 10:39:03.784136,0 days 00:00:20.839765,0.0982665031844114,0.961354109645464,16,0.06092479705526826,0.224162672804501,0.03504292057146816,0.00431995395730285,0.04094605083397346,0.08335207167154945,9.231107993607644e-05,12,130,0.08039540310047769,0.226493527857652,True,False,False,4.5990284156043397e-07,COMPLETE
1528,0.6444076895713806,2025-04-01 10:39:04.292577,2025-04-01 10:39:23.846442,0 days 00:00:19.553865,0.11839842233401478,0.9059984725699429,16,0.07837224426224398,0.23031050563595779,0.03251201115915789,0.007947173481995404,0.03796029492528845,0.08070400252699372,0.00012373080543177597,10,132,0.0799397628734597,0.2112808500095743,True,False,False,3.673553194677962e-07,COMPLETE
1529,0.4145917892456055,2025-04-01 10:39:24.350745,2025-04-01 10:39:42.610582,0 days 00:00:18.259837,0.15830113070210483,0.9349893244027717,16,0.06761144019543644,0.22633261356885478,0.037965821735246055,0.006108012056909862,0.03995346644945263,0.08125127235937007,8.07746748864783e-05,11,129,0.080966889131166,0.22025053178017054,False,False,False,2.2558557676844014e-07,COMPLETE
1530,0.6126171946525574,2025-04-01 10:39:43.096659,2025-04-01 10:40:03.475035,0 days 00:00:20.378376,0.08576688386805195,0.9256022799851369,16,0.07276440023366221,0.22054793985128665,0.035088298656092115,0.0049868661998718955,0.03980554876407487,0.08466777587030108,6.769848484556586e-05,11,133,0.08194464346213641,0.22851962865308217,True,False,False,2.836406711129454e-07,COMPLETE
1531,0.6517740845680237,2025-04-01 10:40:03.989000,2025-04-01 10:40:25.190489,0 days 00:00:21.201489,0.13340973473952272,0.9183133002588733,16,0.06105970297896037,0.2304211398436101,0.033793165919530466,0.007667498171987017,0.035754942086196215,0.08340700133748735,0.00010373653852374758,12,134,0.07960964323207106,0.22268280803434715,True,False,False,4.907702842278989e-07,COMPLETE
1532,0.6437140345573426,2025-04-01 10:40:25.684010,2025-04-01 10:40:47.082213,0 days 00:00:21.398203,0.1444933909500855,0.9362236704334652,16,0.05415150183425299,0.22927265829009727,0.03298389952561441,0.009225432423379814,0.03490851907501876,0.08296012673270349,7.199599944653739e-05,13,127,0.08213565898643596,0.20357347468344777,True,False,False,5.545938502726748e-07,COMPLETE
1533,0.6110943317413331,2025-04-01 10:40:47.568951,2025-04-01 10:41:08.977302,0 days 00:00:21.408351,0.12663969133492006,0.9412439450375405,16,0.055056576926323056,0.2224836738583438,0.031855918741609965,0.008584376994194128,0.036046790537598405,0.08409497818300053,5.5084827583915226e-05,13,127,0.08043466856747869,0.217330881752494,True,False,False,4.864106865422699e-07,COMPLETE
1534,0.2797684073448181,2025-04-01 10:41:09.493188,2025-04-01 10:41:28.783421,0 days 00:00:19.290233,0.13010178608884604,0.9532236781825679,16,0.060976595947225265,0.23119785156309036,0.031061564133553758,0.008515926520615981,0.035778455449940134,0.08233145990076962,8.680865294881825e-05,13,131,0.0820911112733714,0.21268361144690245,True,True,False,5.910909583232733e-07,COMPLETE
1535,0.4367267370223999,2025-04-01 10:41:29.281302,2025-04-01 10:41:50.653051,0 days 00:00:21.371749,0.14736259480086028,0.9298538411557493,16,0.07955168392767488,0.22573369801009086,0.03397844853886031,0.009384049974172672,0.032747721257973324,0.08457031465216253,9.391114181252956e-05,13,132,0.08716403413904314,0.22008484519467483,True,False,False,4.202702872238234e-07,COMPLETE
1536,0.6109569430351258,2025-04-01 10:41:51.146745,2025-04-01 10:42:12.760890,0 days 00:00:21.614145,0.11704685786220656,0.9299852214255262,16,0.06254318056309494,0.23173012622439274,0.03043530445942233,0.007465414280683013,0.034659780645193705,0.08125246704127437,7.19928168896207e-05,13,132,0.08301255449282888,0.20786651188066818,True,False,False,3.900095330694503e-07,COMPLETE
1537,0.6489602446556091,2025-04-01 10:42:13.276466,2025-04-01 10:42:33.726174,0 days 00:00:20.449708,0.14055482732990562,0.9189992943045143,16,0.05582257447977234,0.2216784903606906,0.03344734916695735,0.007152954611529603,0.03288767692316237,0.0848232898639452,0.00010043700611237599,12,128,0.08577235291475786,0.21567273970236475,True,False,False,7.625876487505675e-07,COMPLETE
1538,0.4344000339508057,2025-04-01 10:42:34.225790,2025-04-01 10:42:59.114447,0 days 00:00:24.888657,0.1355500527693607,0.9572197630087855,8,0.05151855929601033,0.22561068703605772,0.03379966982318633,0.006865347246544309,0.032164454675128684,0.08528180678192047,6.735992410280699e-05,12,131,0.0971378320254074,0.2094362307176706,True,False,False,7.874776947974343e-07,COMPLETE
1539,0.6443443894386292,2025-04-01 10:42:59.607583,2025-04-01 10:43:21.259193,0 days 00:00:21.651610,0.1319826785894648,0.9356306883575608,16,0.05435908980465101,0.23353256539484799,0.03507903054220886,0.009986312935511167,0.030533670868530524,0.08305176139291942,8.175110301289597e-05,14,122,0.08841275403852551,0.19340866680809843,True,False,False,7.217266369973607e-07,COMPLETE
1540,0.4579908132553101,2025-04-01 10:43:21.752548,2025-04-01 10:43:43.152546,0 days 00:00:21.399998,0.1147791752583408,0.9244594153443165,16,0.05196928244749564,0.22053866118193402,0.03340384557040865,0.005890251444231361,0.03204413145419052,0.08401118640596827,4.685805832142477e-05,13,130,0.08483695971033554,0.20187473021191177,True,False,False,8.736899192532724e-07,COMPLETE
1541,0.43942157030105594,2025-04-01 10:43:43.668577,2025-04-01 10:44:05.313921,0 days 00:00:21.645344,0.13446086500018994,0.9596569071409443,16,0.05788091210600261,0.22864574077086408,0.03588970760858356,0.008092893834879305,0.034673074829430814,0.083918330886532,8.382126881978528e-05,13,135,0.09085119868070224,0.20945174138196881,True,False,False,8.726848722757318e-07,COMPLETE
1542,0.4263657331466675,2025-04-01 10:44:05.807130,2025-04-01 10:44:26.970447,0 days 00:00:21.163317,0.1411383967238104,0.9740578980280622,16,0.05258279331385784,0.23394362572256913,0.03330024667713533,0.0026977765351251176,0.03153479388716232,0.08573443475132728,9.684571958634618e-05,13,128,0.08865113437996415,0.21360890319414572,True,False,False,6.817502340763323e-07,COMPLETE
1543,0.451461136341095,2025-04-01 10:44:27.463460,2025-04-01 10:44:49.089463,0 days 00:00:21.626003,0.1463619057815573,0.9386701414625525,16,0.057819349430506664,0.2272462014390485,0.035572688664027935,0.009913809492460504,0.0364673505022069,0.08626193596695687,6.015380238048581e-05,13,132,0.0843584972457235,0.20518539017355153,True,False,False,6.127042084619596e-07,COMPLETE
1544,0.41841214895248413,2025-04-01 10:44:49.603697,2025-04-01 10:45:09.731164,0 days 00:00:20.127467,0.11082464425447824,0.9154786712930787,16,0.11978230615284602,0.22095135928155266,0.03199504472322397,0.007567581704131795,0.0314518190854176,0.08196280849019694,7.833766838430967e-05,14,129,0.0828244604542313,0.2142248971437478,True,False,True,5.466295761454697e-07,COMPLETE
1545,0.3828252077102661,2025-04-01 10:45:10.227192,2025-04-01 10:45:30.949897,0 days 00:00:20.722705,0.1483084572477979,0.9102584058471852,16,0.06038374341325283,0.23450414354433177,0.036771339613989526,0.00495138795613347,0.034122057766620965,0.08584680271897199,9.99325395418728e-05,12,126,0.08724216615346847,0.1063999860136885,True,False,False,8.816187725927411e-07,COMPLETE
1546,0.43749022483825684,2025-04-01 10:45:31.441412,2025-04-01 10:45:52.833458,0 days 00:00:21.392046,0.15907229807974052,0.9451010481855707,16,0.051308196860026925,0.2360460581547103,0.03295413779419513,0.009968806066889088,0.035705700452295604,0.08329698837807253,8.902978290465539e-05,13,133,0.08996478176724038,0.1997865161853861,True,False,False,6.928455752940981e-07,COMPLETE
1547,0.4206925511360169,2025-04-01 10:45:53.346849,2025-04-01 10:46:15.412522,0 days 00:00:22.065673,0.11316108556447559,0.9137117542644382,16,0.06602809981964163,0.2301025431238554,0.03424684091967768,0.00653605878520557,0.03363613349874738,0.08079360791015627,6.857339928752506e-05,14,129,0.08650309538492668,0.2200594058655696,True,False,False,5.032960903008045e-07,COMPLETE
1548,0.4100576519966126,2025-04-01 10:46:15.910577,2025-04-01 10:46:34.225808,0 days 00:00:18.315231,0.10028263745130916,0.9272143828266203,16,0.06104014501270194,0.22379911295612753,0.035860280162189825,0.010139933329971538,0.036290044258777306,0.08351192990462741,9.819375020639893e-05,12,126,0.08190980249785418,0.21507874066405708,False,False,False,4.774140706198135e-07,COMPLETE
1549,0.42696584463119513,2025-04-01 10:46:34.723918,2025-04-01 10:47:31.748242,0 days 00:00:57.024324,0.1317313309880372,0.9461339776285866,2,0.06718902658739231,0.23717358002739697,0.037784764233278416,0.0043025260934947875,0.029228026190135373,0.08574874160921726,0.00010456398454985524,12,133,0.0852071532400767,0.21645146181036992,True,False,False,6.207822652971779e-07,COMPLETE
1550,0.6244894027709962,2025-04-01 10:47:32.267313,2025-04-01 10:47:52.648344,0 days 00:00:20.381031,0.15982681566233367,0.9087499664129014,16,0.05760905204990194,0.22797794429868587,0.03232894710408503,0.007370670472790712,0.03383788267407775,0.08172866797652542,7.359763493859016e-05,12,122,0.08649806906610964,0.2093144102708,True,False,False,8.972013142410635e-07,COMPLETE
1551,0.5002973079681396,2025-04-01 10:47:53.146245,2025-04-01 10:48:14.193598,0 days 00:00:21.047353,0.12018984508565256,0.9703605514202145,16,0.05266012688474039,0.10657034288387246,0.03461691761738498,0.0025481725220314706,0.034074967336630846,0.08465683566225111,8.459931401043959e-05,12,133,0.08252469922055343,0.2184196835029251,True,False,False,1.186931282097842e-06,COMPLETE
1552,0.4240338087081909,2025-04-01 10:48:14.688446,2025-04-01 10:48:35.714172,0 days 00:00:21.025726,0.09901780569883113,0.9215286708989253,16,0.07031510766167917,0.23256238782308952,0.03181975881413063,0.010612134133045464,0.03271365216037968,0.08614837594262621,0.00010377237177966814,12,133,0.09524437642024612,0.22128292216419443,True,False,False,4.192430323276642e-07,COMPLETE
1553,0.6480766654014587,2025-04-01 10:48:36.234189,2025-04-01 10:48:56.875325,0 days 00:00:20.641136,0.1557540048876331,0.9073344465941147,16,0.06306803769084923,0.2200907400688756,0.0365201602431945,0.008670147905482917,0.030494821292951738,0.08105283899715555,0.0001076255220266348,12,128,0.08568181339303522,0.2064771552237319,True,False,False,3.262304694275433e-07,COMPLETE
1554,0.2797684073448181,2025-04-01 10:48:57.376685,2025-04-01 10:49:15.618696,0 days 00:00:18.242011,0.16063934210198963,0.945002815412992,16,0.05759614778252231,0.2389685760174605,0.038841966256288364,0.010649387514772882,0.03029911848758749,0.08005099353644622,8.290065641512098e-05,12,125,0.08573881908335387,0.20658167429842164,True,True,False,7.343731591726847e-07,COMPLETE
1555,0.46097927093505864,2025-04-01 10:49:16.121171,2025-04-01 10:49:37.315298,0 days 00:00:21.194127,0.17019185609840917,0.90386179893341,16,0.05065481540470784,0.21707665146126184,0.038528507318398214,0.009191753899609618,0.028751471736688454,0.08014554527969492,5.393445814262967e-05,13,125,0.08838801233611454,0.19334395109304012,True,False,False,5.06889447473654e-07,COMPLETE
1556,0.633405363559723,2025-04-01 10:49:37.834707,2025-04-01 10:49:58.261458,0 days 00:00:20.426751,0.16103429705480582,0.9295010287721801,16,0.0629201514237493,0.24262180664938707,0.03069316835553861,0.011336566020746654,0.030327034522089,0.08023057238764679,9.245599346360706e-05,12,119,0.0862208970699924,0.20329477241256474,True,False,False,1.0974506458862812e-06,COMPLETE
1557,0.45880177021026614,2025-04-01 10:49:58.765757,2025-04-01 10:50:19.405033,0 days 00:00:20.639276,0.9718518659549291,0.9191482348197391,16,0.0577628905099949,0.23164985834901355,0.03728840505851672,0.008992617471792735,0.03276500474835491,0.0815904215424335,2.9564834812920283e-05,12,128,0.08616487470533025,0.20071812841997858,True,False,False,3.246047211683011e-07,COMPLETE
1558,0.6455013275146485,2025-04-01 10:50:19.907004,2025-04-01 10:50:40.347687,0 days 00:00:20.440683,0.1687728961074428,0.9743635496228357,16,0.0608026062341079,0.21968131973250504,0.033362275475931215,0.005381218933990878,0.03201182494654553,0.08182387561450691,0.0001089096247568043,12,122,0.08807805289785538,0.2077857636633232,True,False,False,5.706160472137313e-07,COMPLETE
1559,0.6463945984840394,2025-04-01 10:50:40.875596,2025-04-01 10:51:05.705670,0 days 00:00:24.830074,0.14448160291326212,0.9020011052889761,8,0.04985420873800363,0.23814541358166486,0.04003796849700235,0.011199396899323689,0.0283658618238377,0.07976832207562375,6.230897610556767e-05,12,125,0.08410753495355028,0.21242947108579505,True,False,False,4.1129971640671686e-07,COMPLETE
1560,0.43146375417709354,2025-04-01 10:51:06.212154,2025-04-01 10:51:29.949368,0 days 00:00:23.737214,0.15320634925313653,0.9459944419194456,16,0.05225909909120833,0.22700996617705593,0.03663744746144062,0.008317639274081077,0.028997262134129124,0.08725160148483407,7.756063915670793e-05,17,129,0.09436483081908408,0.21220999672005092,True,False,False,2.8749562899068886e-07,COMPLETE
1561,0.5564749360084534,2025-04-01 10:51:30.452421,2025-04-01 10:51:51.323750,0 days 00:00:20.871329,0.16748523096102164,0.9181683776141356,16,0.06277501691581286,0.26401796785934106,0.030520262562426785,0.00583002270580046,0.03305839292678248,0.08395242087141647,0.00011127569200713347,13,120,0.09006885348725642,0.2078162317118936,True,False,False,7.19769950480034e-07,COMPLETE
1562,0.4248219966888428,2025-04-01 10:51:51.845861,2025-04-01 10:52:12.867122,0 days 00:00:21.021261,0.140607486683882,0.9043632515122886,16,0.056508479936842514,0.2433970068495608,0.03540500673890237,0.008503516710010699,0.029987996647659543,0.08265210221696014,8.724957986337316e-05,12,131,0.09091864178447547,0.21035174577807675,True,False,False,1.980279026289944e-07,COMPLETE
1563,0.43472001552581785,2025-04-01 10:52:13.373202,2025-04-01 10:52:31.933248,0 days 00:00:18.560046,0.1754483355922004,0.9280214052119078,16,0.06560682317674434,0.25226922136440283,0.0334246928051781,0.0890297888308351,0.02849518085373856,0.08006347160216039,0.00010626969119024818,12,123,0.08474627001452809,0.21451762418841291,True,False,True,9.60065889581089e-07,COMPLETE
1564,0.5852951288223267,2025-04-01 10:52:32.441566,2025-04-01 10:52:54.835856,0 days 00:00:22.394290,0.14960890097856602,0.9002396141509219,16,0.06090076584746382,0.23565632903558492,0.03727051211424133,0.011146565459274485,0.030258742673808535,0.08746171019438216,0.00011685195441730908,14,134,0.08783027791567782,0.1970529740293213,True,False,False,4.318912457731853e-07,COMPLETE
1565,0.4234030961990357,2025-04-01 10:52:55.356647,2025-04-01 10:53:16.216616,0 days 00:00:20.859969,0.13206723031879877,0.8961806696800497,16,0.053643736797880606,0.22932321529914323,0.030151702699091974,0.0034709085069123567,0.03230361835949482,0.08406760830259664,9.413997343786051e-05,12,129,0.08800744516950257,0.2164660820982763,True,False,False,5.273030781702699e-07,COMPLETE
1566,0.42842358350753784,2025-04-01 10:53:16.719469,2025-04-01 10:53:36.635620,0 days 00:00:19.916151,0.17243033559776155,0.9330327149850001,16,0.06458185319304445,0.24592921128394785,0.034370894950313265,0.006850893737994886,0.03181286882456158,0.08553322678598985,7.148712297741112e-05,11,127,0.09057563847738019,0.2031880935492851,True,False,False,3.291593019877953e-07,COMPLETE
1567,0.41329182386398317,2025-04-01 10:53:37.140381,2025-04-01 10:53:56.313742,0 days 00:00:19.173361,0.15267148612852255,0.9680422849417109,16,0.05830930707161993,0.22134518996252678,0.03246656822065967,0.009522312059981768,0.033643649055138065,0.07958909804295428,0.00012125965528093861,13,128,0.08639098145182988,0.2201928976866446,False,False,False,6.610545029413046e-07,COMPLETE
1568,0.6371033191680908,2025-04-01 10:53:56.849910,2025-04-01 10:54:17.519779,0 days 00:00:20.669869,0.12574356454351085,0.9163201255831609,16,0.06815360540856402,0.2384948829935814,0.03953473577696485,0.004955784892184177,0.03961408992595608,0.08208026186422014,9.378222166092738e-05,12,130,0.0840490879747642,0.21446581472392928,True,False,False,2.4460731365994276e-07,COMPLETE
1569,0.4217123150825501,2025-04-01 10:54:18.025234,2025-04-01 10:54:38.270256,0 days 00:00:20.245022,0.13425878991866852,0.8990320374974954,16,0.052365846128284724,0.254633887590104,0.03615757273894055,0.011856609143816524,0.026294702143706144,0.087093271007803,0.00012144623496835722,11,135,0.08573187445781387,0.21919777671283122,True,False,False,3.772479943043211e-07,COMPLETE
1570,0.4254568219184876,2025-04-01 10:54:38.777205,2025-04-01 10:55:35.902264,0 days 00:00:57.125059,0.16080587632528281,0.9569257764299348,2,0.06794428503801797,0.23334823881235195,0.032225009059885686,0.007140456949421803,0.03367768791348799,0.08468446952701929,7.871380687048482e-05,12,134,0.0877570340960857,0.2236507195157362,True,False,False,5.356871378202067e-07,COMPLETE
