number,value,datetime_start,datetime_complete,duration,params_alpha-eval,params_alpha-train,params_batch-size,params_eps-eval,params_eps-train,params_lambda-actions-eval,params_lambda-actions-train,params_lambda-frames-eval,params_lambda-frames-train,params_learning-rate,params_n-epochs,params_n-frames,params_radius-gw,params_rho,params_std-feats,params_ub-actions,params_ub-frames,params_weight-decay,state
796,0.6471308946609498,2025-04-21 21:50:31.164384,2025-04-21 21:50:52.197630,0 days 00:00:21.033246,0.769832076163432,0.5649228955134331,8,0.05848347643677487,0.05388503656526233,0.08868377080120826,0.030021219271496345,0.03159492634303709,0.03270282958754861,3.016363530688711e-05,8,81,0.015903781930784188,0.14695069248489626,True,False,False,1.070422139097902e-07,COMPLETE
797,0.44461830854415896,2025-04-21 21:50:52.444039,2025-04-21 21:51:12.042853,0 days 00:00:19.598814,0.7521817580593917,0.46894737293327965,8,0.06919479455700281,0.05394424907634516,0.08608461428947702,0.0302340881003601,0.030616945229870074,0.03229085459696183,4.930312861023945e-05,7,15,0.012484744888551341,0.14335806590620104,True,False,False,1.0993320309112311e-07,COMPLETE
798,0.5702627062797547,2025-04-21 21:51:12.300668,2025-04-21 21:51:32.960359,0 days 00:00:20.659691,0.7703517290733997,0.5289689024737988,8,0.060334202034476286,0.04461385161507868,0.08699130002707368,0.026014608672976603,0.03316961814952203,0.030326179487279985,3.722969566463068e-05,8,74,0.015477220666606695,0.14759310320815336,True,False,False,6.972470322401255e-08,COMPLETE
799,0.43252661228179934,2025-04-21 21:51:33.222550,2025-04-21 21:52:02.395180,0 days 00:00:29.172630,0.7686196780127269,0.4910313112808863,8,0.0620050288070647,0.028901977487788087,0.08837662046083232,0.028201077947737768,0.02812714391071511,0.033079102335751585,3.081915947245044e-05,18,64,0.0163614881561354,0.12037885945827068,True,False,False,5.160580923777471e-08,COMPLETE
800,0.5124627470970153,2025-04-21 21:52:02.641026,2025-04-21 21:52:23.598892,0 days 00:00:20.957866,0.7850179137393919,0.544967307394665,8,0.05350751560252023,0.03700652820244271,0.08944457549845834,0.022592020668487752,0.03214912434757294,0.02771261590770129,6.459187678423548e-05,7,137,0.01385133169317372,0.13510439842023006,True,False,False,9.433777497029012e-08,COMPLETE
801,0.43814820051193243,2025-04-21 21:52:23.858388,2025-04-21 21:52:44.497037,0 days 00:00:20.638649,0.7455414478794363,0.513794262519035,8,0.0576460234907933,0.05160112344245496,0.08701602490242677,0.029745473414301178,0.03538597615051732,0.03459223432820224,4.151759395340034e-05,8,68,0.016693914520320652,0.1527051300953846,True,False,False,1.3693689492164857e-07,COMPLETE
802,0.4315375924110413,2025-04-21 21:52:44.757881,2025-04-21 21:53:05.020993,0 days 00:00:20.263112,0.7609398263326712,0.5705062211991886,8,0.06583610733647331,0.05738276790289839,0.08896179883342034,0.02461124462299621,0.026744641912393216,0.02916453697933094,2.703209944612383e-05,7,80,0.01183452299728244,0.13925589539352992,True,False,False,1.2569398499265266e-07,COMPLETE
803,0.6548270583152771,2025-04-21 21:53:05.269585,2025-04-21 21:53:26.037734,0 days 00:00:20.768149,0.7917387178006962,0.5343912375196738,8,0.05025723842365447,0.04420050891535691,0.09103424992052214,0.02786689177150733,0.03014027910428914,0.019679270638438502,3.097398922722474e-05,8,75,0.018784225414765703,0.14607983713251718,True,False,False,2.2243374357260111e-07,COMPLETE
804,0.5555225849151612,2025-04-21 21:53:26.297924,2025-04-21 21:53:47.416345,0 days 00:00:21.118421,0.7876223695160042,0.5482636897656832,8,0.05544686682443641,0.03878486466121663,0.09148856891765836,0.020737526676564835,0.029227917495881377,0.019567192992195406,3.427809258943881e-05,8,78,0.013716885529601314,0.14388568978235122,True,False,False,1.7186374034886642e-07,COMPLETE
805,0.3864636301994324,2025-04-21 21:53:47.666108,2025-04-21 21:54:08.289694,0 days 00:00:20.623586,0.7956151585294565,0.5067530688725942,8,0.07455188730018786,0.04475991337459472,0.09087672373203459,0.026870849642932567,0.031134706629871445,0.03144887324617233,5.159572711089166e-05,8,71,0.017371322389770717,0.1563794481022502,True,False,False,2.271848030117698e-07,COMPLETE
806,0.3758945584297181,2025-04-21 21:54:08.548888,2025-04-21 21:54:46.140243,0 days 00:00:37.591355,0.775730018727307,0.5620122383236088,2,0.06099596727361948,0.022773727508198116,0.0930672838252112,0.022250469671828907,0.02981755895318731,0.03331755277377976,3.1774350954594614e-05,8,76,0.014857923161633682,0.1440633592489311,True,False,True,8.360006174816077e-08,COMPLETE
807,0.5139286518096924,2025-04-21 21:54:46.402422,2025-04-21 21:55:07.342350,0 days 00:00:20.939928,0.7479768880293712,0.4907244603020735,8,0.08070091321631889,0.034614674324637655,0.09196787430163403,0.01786684117385792,0.042240819689154836,0.03509098316172102,4.4706185063800454e-05,8,80,0.010682597418743237,0.12688538321393278,True,False,False,1.4759879239131001e-07,COMPLETE
808,0.2797684073448181,2025-04-21 21:55:07.596613,2025-04-21 21:55:25.761987,0 days 00:00:18.165374,0.7921541063926786,0.5270561687469545,8,0.04906078470276072,0.04299670350806879,0.09383347930480593,0.024461513387365477,0.02726354312363851,0.03784662307143035,3.7621629217787145e-05,8,77,0.019997507914353833,0.13574701436255512,True,True,False,1.1002450057251288e-07,COMPLETE
809,0.4405466675758362,2025-04-21 21:55:26.025707,2025-04-21 21:55:46.280488,0 days 00:00:20.254781,0.7682151154025373,0.5326856009988207,8,0.06716897795497485,0.04752858752218139,0.09048553652902422,0.026978070721330943,0.03963509991869499,0.030825401101968138,2.339405423285424e-05,8,30,0.017543967917215894,0.14874455519260937,True,False,False,1.995393469678845e-07,COMPLETE
810,0.5049720764160157,2025-04-21 21:55:46.543282,2025-04-21 21:56:07.592792,0 days 00:00:21.049510,0.8023806176457924,0.46569391830175466,8,0.05254955390798019,0.05807038251660853,0.0861803519546074,0.024509592152695853,0.03731922866808893,0.034841150663868406,2.884790532196423e-05,8,74,0.020471212526648706,0.15901600435611876,True,False,False,2.453119154790011e-07,COMPLETE
811,0.5573044538497925,2025-04-21 21:56:07.841230,2025-04-21 21:56:28.656218,0 days 00:00:20.814988,0.753379552507519,0.5716946778111028,8,0.048268959430482254,0.03291757048162458,0.0902305519121787,0.01940494858951516,0.025116581849068287,0.01627204541892709,2.223541429557641e-05,8,80,0.015723099127449652,0.15279075133020953,True,False,False,1.745978970368888e-07,COMPLETE
812,0.4456732749938965,2025-04-21 21:56:28.918454,2025-04-21 21:56:48.361214,0 days 00:00:19.442760,0.7842223786603715,0.5052323889562735,8,0.05637188066059979,0.04007011570010078,0.09466967198523855,0.02761951022487534,0.034538990927136054,0.03275657202495642,3.262915221630578e-05,7,71,0.01853090085916018,0.14056642852586124,False,False,False,1.4205599894606794e-07,COMPLETE
813,0.5541070580482483,2025-04-21 21:56:48.623120,2025-04-21 21:57:09.446984,0 days 00:00:20.823864,0.8009567070747405,0.4848786693273451,8,0.04799439248673985,0.04965089672405073,0.09218232341713632,0.02257334250060475,0.03119624590715176,0.03708092245480103,4.160524994648665e-05,8,77,0.013024077323439444,0.13017782315207943,True,False,False,2.1917688270248654e-07,COMPLETE
814,0.5550053477287292,2025-04-21 21:57:09.697995,2025-04-21 21:57:26.926805,0 days 00:00:17.228810,0.7714855921316316,0.5379579950367032,16,0.05765447595722804,0.06477184931978835,0.08826661525473407,0.030617051884471985,0.05042325525996316,0.030505433027092518,2.5562248009961004e-05,7,81,0.015966026375918187,0.14929138530359026,True,False,False,2.6707363257924635e-07,COMPLETE
815,0.41817631721496584,2025-04-21 21:57:27.188994,2025-04-21 21:57:47.756865,0 days 00:00:20.567871,0.8025506204924602,0.046198158471754014,8,0.04377426686427233,0.02869816193589821,0.09292724987868359,0.026502544470496193,0.0412127155950871,0.03847988742032436,2.740248993423653e-05,8,69,0.020952088272527782,0.15802612167233243,True,False,False,1.8537805074789124e-07,COMPLETE
816,0.6254228353500366,2025-04-21 21:57:48.019251,2025-04-21 21:58:08.755456,0 days 00:00:20.736205,0.748510534612784,0.5146316507766219,8,0.06935146737471479,0.05647929513932873,0.0947741322833072,0.021036120985157766,0.03739597571141185,0.03557629352651066,2.1558775526742603e-05,8,74,0.017861102622458783,0.14621757457739945,True,False,False,1.0767459491643753e-07,COMPLETE
817,0.44989572763443,2025-04-21 21:58:09.006642,2025-04-21 21:58:28.690057,0 days 00:00:19.683415,0.7398522863208701,0.47241456544488797,8,0.07352887039671645,0.05843674189128797,0.09128215426251872,0.0196119342606017,0.03848534155559743,0.03476236262992298,3.2459886064696796e-05,7,66,0.01570840168704123,0.1398279624930852,True,False,False,1.0849120545191115e-07,COMPLETE
818,0.6047275185585023,2025-04-21 21:58:28.954179,2025-04-21 21:58:48.868636,0 days 00:00:19.914457,0.7457832508554797,0.5098831008986895,8,0.07252686634120133,0.05415328863650639,0.09422551550462482,0.02115502999077969,0.03678528869561326,0.03316902883250853,2.185076000844486e-05,7,73,0.017727622068527366,0.13307147381621093,True,False,False,1.0549273424036264e-07,COMPLETE
819,0.43075670003891,2025-04-21 21:58:49.133171,2025-04-21 21:59:10.035177,0 days 00:00:20.902006,0.755816766018871,0.49087563922850375,8,0.07058362893808104,0.06289451011754707,0.08978036093765339,0.01803574167667242,0.036287470701707326,0.028538592176948624,2.5539478528368387e-05,8,71,0.013566783764052263,0.14586612585169167,True,False,False,8.883932214777699e-08,COMPLETE
820,0.39957603216171267,2025-04-21 21:59:10.287558,2025-04-21 21:59:31.022896,0 days 00:00:20.735338,0.7738408684055114,0.51512129818248,8,0.06389165827159285,0.05321587609226541,0.09277800222392596,0.02162820700685094,0.039797885064760584,0.03572587196497743,3.960228942822946e-05,8,74,0.01835070622436711,0.1463136356536072,True,False,False,7.126380118876463e-08,COMPLETE
821,0.4475904703140259,2025-04-21 21:59:31.289513,2025-04-21 21:59:52.303323,0 days 00:00:21.013810,0.7702455864735722,0.49376195946491935,8,0.06515808837393527,0.047986656750421276,0.09495583494831132,0.02388238708249108,0.03371449529794948,0.03141252188752775,2.1636875403058806e-05,8,78,0.010590288745561872,0.15314334986054265,True,False,False,1.289800249894509e-07,COMPLETE
822,0.636572539806366,2025-04-21 21:59:52.572520,2025-04-21 22:00:12.615934,0 days 00:00:20.043414,0.7446719041236778,0.4653293119157307,8,0.08161348455982664,0.06623987725400766,0.09156860608496527,0.025349504770773905,0.04303614987406749,0.02586578884225408,3.059258940801588e-05,7,81,0.015693603110994853,0.15388036308921127,True,False,False,5.497061336231617e-08,COMPLETE
823,0.5744151830673218,2025-04-21 22:00:12.883667,2025-04-21 22:00:33.027825,0 days 00:00:20.144158,0.7390775045873956,0.4603984476792235,8,0.06929042256450295,0.07450327615313701,0.08877085322771978,0.0158923536447303,0.044353139162393744,0.024120706300069475,3.500638672366392e-05,7,80,0.01473384980344492,0.14017491532670123,True,False,False,8.050576576533943e-08,COMPLETE
824,0.5014329433441163,2025-04-21 22:00:33.280783,2025-04-21 22:00:51.259355,0 days 00:00:17.978572,0.05578941653370317,0.46403844977838277,8,0.08036508579038021,0.062339331745745484,0.08633106729694667,0.02255371690162172,0.042572359932885925,0.022205557493918844,5.774399121327759e-05,7,82,0.013229351766909425,0.14500084401055668,True,False,True,6.49890664103899e-08,COMPLETE
825,0.4349125623703003,2025-04-21 22:00:51.524576,2025-04-21 22:01:11.616101,0 days 00:00:20.091525,0.7445716190494897,0.47483375185080173,8,0.07422568149883381,0.06785293119343169,0.055242268612614595,0.02508070020999653,0.041526103805923274,0.02610363074518035,4.615514184467304e-05,7,81,0.01653185888677255,0.15270584706325213,True,False,False,1.5255130873350693e-07,COMPLETE
826,0.43905802965164187,2025-04-21 22:01:11.889323,2025-04-21 22:01:32.092170,0 days 00:00:20.202847,0.7610044941682721,0.46403425493641126,8,0.06261212472436609,0.0585919576968776,0.09065671241950292,0.005763539738334489,0.047976810540653406,0.02859165161269949,2.992629629830572e-05,7,78,0.012047322421913718,0.1344076426782018,True,False,False,5.2244764817889673e-08,COMPLETE
827,0.4171794652938843,2025-04-21 22:01:32.347987,2025-04-21 22:02:12.650931,0 days 00:00:40.302944,0.7676363935611519,0.478730966014832,2,0.08620517296459838,0.06678382615545406,0.08823621487699176,0.02366655100066888,0.0376944598526387,0.02436708892158243,3.8010453409754387e-05,7,81,0.015372882060771309,0.15144430436167244,True,False,False,4.855811782469427e-08,COMPLETE
828,0.2897678673267365,2025-04-21 22:02:12.918671,2025-04-21 22:02:30.887887,0 days 00:00:17.969216,0.7430668353825138,0.49603367133657467,8,0.08116674243856331,0.043725798104440536,0.09122401681316501,0.019693953130946407,0.039079522285731055,0.020531696228880878,3.094423174219394e-05,7,77,0.019354678249967762,0.14430308012077778,True,True,False,3.38675708680382e-08,COMPLETE
829,0.42852257490158085,2025-04-21 22:02:31.158464,2025-04-21 22:02:52.185165,0 days 00:00:21.026701,0.12071362659670865,0.45407715844223323,8,0.07770277034983313,0.058415233252005073,0.09256503213147114,0.02133664698891819,0.04256431817582926,0.02705200566381349,2.7186159239691356e-05,8,74,0.009845954363508602,0.15519836385825708,True,False,False,3.90041493175786e-08,COMPLETE
830,0.5107169508934022,2025-04-21 22:02:52.442749,2025-04-21 22:03:12.256353,0 days 00:00:19.813604,0.7863400052207415,0.5054487733849378,8,0.06955907379293907,0.04718016361118199,0.09041200662936456,0.02614517855926768,0.04424142839917141,0.030243241175752993,3.5464101413072165e-05,7,69,0.01602213599051476,0.02909540710597619,True,False,False,1.8222838829197047e-07,COMPLETE
831,0.44765243530273435,2025-04-21 22:03:12.522919,2025-04-21 22:03:32.868231,0 days 00:00:20.345312,0.7568223094807571,0.48369060394282926,8,0.06090670216486374,0.06494617462798408,0.08874469796294299,0.023794036909367572,0.03546690917893543,0.03213109951263756,2.5080055183278564e-05,8,79,0.01334813275771683,0.1480828896942613,False,False,False,1.158242070227164e-07,COMPLETE
832,0.4140579342842102,2025-04-21 22:03:33.135742,2025-04-21 22:03:58.936184,0 days 00:00:25.800442,0.7388572812170495,0.5126878478959574,8,0.05368824306058469,0.04212120325326796,0.09229278913860575,0.025030690767780764,0.029076944033304002,0.03357797852333923,4.8398669978381774e-05,14,71,0.018304417439681996,0.1625301536583327,True,False,False,1.4543154750465469e-07,COMPLETE
833,0.44982830286026004,2025-04-21 22:03:59.190296,2025-04-21 22:04:19.173804,0 days 00:00:19.983508,0.7838585008590514,0.48441438348570465,8,0.0678876514041734,0.05591453093326759,0.0859334034395056,0.020212767805059623,0.03218780257619413,0.02969314333322401,3.0202133652502714e-05,7,81,0.020848036845528724,0.13827148525182267,True,False,False,3.6884431330861946e-07,COMPLETE
834,0.3991436481475831,2025-04-21 22:04:19.442856,2025-04-21 22:04:40.247641,0 days 00:00:20.804785,0.7597791084570616,0.5188643950820286,8,0.09078491308531225,0.050961300344771754,0.09024468114471118,0.01784620983533723,0.040154126350503694,0.031841716984175227,4.282684621663472e-05,8,76,0.017000890504483276,0.15549471816179342,True,False,False,8.539453039816252e-08,COMPLETE
835,0.5859634160995484,2025-04-21 22:04:40.520414,2025-04-21 22:05:00.329435,0 days 00:00:19.809021,0.78115363362048,0.5558956598549926,8,0.05268790212533876,0.06902226859129741,0.08751575989219972,0.025909930078472587,0.04626912815364108,0.026731411864736068,2.4834003579318235e-05,7,73,0.015898818808810857,0.14775095994837859,True,False,False,2.7467768862642306e-07,COMPLETE
836,0.6102505803108216,2025-04-21 22:05:00.588102,2025-04-21 22:05:20.459299,0 days 00:00:19.871197,0.7803757685824751,0.5474840363089876,8,0.05999401640653076,0.040768244172078465,0.09365108056193276,0.012929192419019677,0.03402949555997858,0.03490042451197029,3.1528453011013996e-05,7,77,0.019482459402083818,0.14042010987218548,True,False,False,2.030944523086445e-07,COMPLETE
837,0.44205915927886963,2025-04-21 22:05:20.727470,2025-04-21 22:05:38.011765,0 days 00:00:17.284295,0.7379630891543807,0.45021096335788474,16,0.07627801419428945,0.06046368599499578,0.09196579811180537,0.022403439090073637,0.041491071821941825,0.033675236295545107,2.1785022900999977e-05,8,67,0.014839102628438518,0.12351507954825071,True,False,False,5.9085042752275394e-08,COMPLETE
838,0.6265378117561341,2025-04-21 22:05:38.285550,2025-04-21 22:05:59.233338,0 days 00:00:20.947788,0.7645079193861679,0.500947101999085,8,0.0562225876301099,0.046960603633989066,0.08924500376051939,0.02834512962340538,0.03781883714906538,0.028671987469633113,3.7143416454750276e-05,8,80,0.01735267703294711,0.1640747748308899,True,False,False,1.5778241518927536e-07,COMPLETE
839,0.439212703704834,2025-04-21 22:05:59.491492,2025-04-21 22:06:20.668636,0 days 00:00:21.177144,0.7566503575202754,0.523131389924292,8,0.08486980333041858,0.0503718381172271,0.08702121633883526,0.027745351604398075,0.030883747242389875,0.025717331053583425,3.9874725931160024e-05,8,82,0.011543082347571607,0.16418739492727738,True,False,False,1.2082599145665163e-07,COMPLETE
840,0.42220917940139774,2025-04-21 22:06:20.938281,2025-04-21 22:06:48.034398,0 days 00:00:27.096117,0.7954249444582441,0.4696696443715576,8,0.06473750360218991,0.0547899497581987,0.08901108713420505,0.02826997743479159,0.03688371670742298,0.028250887957680323,4.8661448410233993e-05,15,81,0.021116268620804374,0.16454735537732693,True,False,False,1.5406206599891545e-07,COMPLETE
841,0.41520875692367554,2025-04-21 22:06:48.304607,2025-04-21 22:07:08.216145,0 days 00:00:19.911538,0.7429750547920649,0.5022545582535753,8,0.05805905368806739,0.04635316384355241,0.08605361387580035,0.02740172579395399,0.035361456179435126,0.020317522407335777,7.0849610430813e-05,7,81,0.014235665272665069,0.1588890663448898,True,False,False,9.790136916005384e-08,COMPLETE
842,0.3779869079589844,2025-04-21 22:07:08.492107,2025-04-21 22:07:29.226028,0 days 00:00:20.733921,0.7639698894875151,0.5711185035988302,8,0.06752083304559393,0.07573745449068053,0.08976167999578401,0.025528457649280585,0.02773779280141832,0.03629089969530322,5.7676176572870354e-05,8,78,0.01924169248645663,0.1597009583989764,True,False,False,1.3133067695816218e-07,COMPLETE
843,0.28499789237976075,2025-04-21 22:07:29.486113,2025-04-21 22:07:48.197440,0 days 00:00:18.711327,0.8022681406820273,0.5407413767110961,8,0.057276154510125334,0.06266414794971095,0.09436057086657161,0.028567102687518296,0.044188589136647374,0.03193042718710887,3.678911604416131e-05,8,79,0.017060492917530676,0.16316437223735022,True,False,True,3.0562548118167876e-07,COMPLETE
844,0.6172612547874451,2025-04-21 22:07:48.468554,2025-04-21 22:08:08.578181,0 days 00:00:20.109627,0.7847466588731772,0.5166200220404611,8,0.05079792921051395,0.05368027172097101,0.08843530668978763,0.02932763020401168,0.032922604891879634,0.02937506106251484,3.681935008090386e-05,7,82,0.020971491712632635,0.15600194423669456,True,False,False,1.724495878244985e-07,COMPLETE
845,0.4558540225028992,2025-04-21 22:08:08.851846,2025-04-21 22:08:28.895257,0 days 00:00:20.043411,0.7619467885322466,0.4882577045661154,8,0.06328183789935543,0.04596539909070564,0.09241913356177482,0.025978243532005927,0.038213408313974566,0.03362495644117422,3.0015811065983123e-05,7,76,0.008754351668480187,0.14576906842059678,True,False,False,2.453148526592664e-07,COMPLETE
846,0.42971804141998293,2025-04-21 22:08:29.152612,2025-04-21 22:08:49.243864,0 days 00:00:20.091252,0.7396500584100132,0.5536078068082789,8,0.0714808552639908,0.05924518326286599,0.09075077743834313,0.024627678061833497,0.03594506025641612,0.035720938484790125,4.13201486648483e-05,7,79,0.012634496673426608,0.15193917563699164,True,False,False,3.941714456021232e-07,COMPLETE
847,0.2797684073448181,2025-04-21 22:08:49.518780,2025-04-21 22:09:07.985457,0 days 00:00:18.466677,0.7960717756537825,0.5242226489831661,8,0.053652689339488184,0.06865943417560938,0.09529942190305013,0.02730016079699542,0.04242924695786798,0.03181802107555657,5.1264771440213267e-05,8,75,0.01854393636954883,0.13045877902872016,True,True,False,2.1290090209648502e-07,COMPLETE
848,0.44937090873718266,2025-04-21 22:09:08.260351,2025-04-21 22:09:29.175765,0 days 00:00:20.915414,0.21710384695814777,0.5007853498335451,8,0.04876638775376132,0.04966831154998368,0.0932753925779483,0.029902454508422195,0.03168349382543874,0.037323248014484764,3.133279616766145e-05,8,82,0.01460851399892911,0.1409649192724874,True,False,False,1.474388105411464e-07,COMPLETE
849,0.40891696214675904,2025-04-21 22:09:29.436891,2025-04-21 22:10:06.493186,0 days 00:00:37.056295,0.7800698456090194,0.5408379541989419,2,0.059216686565629194,0.0555195814178896,0.051392645677212405,0.028165809847514822,0.04004567954120787,0.08666408667250092,2.727874215486329e-05,6,77,0.017012458597296613,0.16749885472638462,True,False,False,1.0190872230347714e-07,COMPLETE
850,0.4438536643981934,2025-04-21 22:10:06.767704,2025-04-21 22:10:26.633101,0 days 00:00:19.865397,0.814489186975184,0.4765701749152764,8,0.07590800405309232,0.04344237654468705,0.08592242617539284,0.023942566975315736,0.034425445784655964,0.03408400232890568,3.497737267619056e-05,7,79,0.021008333802737082,0.08019865583692508,False,False,False,2.6276927868971314e-07,COMPLETE
851,0.42263910770416263,2025-04-21 22:10:26.909484,2025-04-21 22:10:47.581076,0 days 00:00:20.671592,0.7704870276006043,0.5227860898442569,8,0.05527720908274386,0.03867812774566507,0.08931339126918647,0.026772152218211002,0.029936406862216436,0.027354827669523643,0.0001413801792813243,8,75,0.01942660434486354,0.15565956939928263,True,False,False,1.7246649814804922e-07,COMPLETE
852,0.5071820378303529,2025-04-21 22:10:47.842170,2025-04-21 22:11:08.808856,0 days 00:00:20.966686,0.7349169547235866,0.5696934918612353,8,0.045318716227858505,0.049397028306959086,0.09194580805150368,0.03065467043282707,0.03773662586262518,0.031265581247328575,2.6741386118077206e-05,8,71,0.015441566424226543,0.14928305250069904,True,False,False,3.059961881976036e-07,COMPLETE
