number,value,datetime_start,datetime_complete,duration,params_alpha-eval,params_alpha-train,params_batch-size,params_eps-eval,params_eps-train,params_lambda-actions-eval,params_lambda-actions-train,params_lambda-frames-eval,params_lambda-frames-train,params_learning-rate,params_n-epochs,params_n-frames,params_radius-gw,params_rho,params_std-feats,params_ub-actions,params_ub-frames,params_weight-decay,state
568,0.5656406402587891,2025-04-21 20:25:35.428416,2025-04-21 20:25:55.051354,0 days 00:00:19.622938,0.6863007322591647,0.8009134669658904,8,0.002145873883313823,0.25799490629078264,0.09136942670956767,0.038059026667499225,0.050434189334773304,0.04580993126901105,1.2010394691669955e-05,9,86,0.02808748301955908,0.19522621267579265,True,False,True,8.365020396257649e-07,COMPLETE
569,0.5309067487716674,2025-04-21 20:25:55.239306,2025-04-21 20:26:16.480877,0 days 00:00:21.241571,0.707549808143984,0.7798984278853869,8,0.01900171805424885,0.270276219545936,0.08847379412741756,0.040773283817275394,0.0650896188066709,0.04746029896179042,0.08289470948947048,8,88,0.021385089558287645,0.20820431354684435,True,False,False,5.414625895889045e-07,COMPLETE
570,0.40934772491455085,2025-04-21 20:26:16.663611,2025-04-21 20:26:39.156573,0 days 00:00:22.492962,0.6682023666197493,0.5161898822405953,8,0.011292857918250724,0.2523551821748182,0.08340211618698884,0.03664381399888195,0.05719297945106182,0.04416144733179234,1.4501792743186478e-05,10,80,0.022580221102810195,0.18416360595421383,True,False,False,3.6449831068360543e-07,COMPLETE
571,0.5701220393180848,2025-04-21 20:26:39.332932,2025-04-21 20:27:00.316743,0 days 00:00:20.983811,0.7232378328330631,0.5414960610247741,8,0.022562928954038136,0.264723740731628,0.05961542999065166,0.03866849634267497,0.06836160138969544,0.0494697790457582,1.1907379682320365e-05,8,92,0.03014207665448906,0.20145664700077962,True,False,False,6.872575377799684e-07,COMPLETE
572,0.2797684073448181,2025-04-21 20:27:00.504547,2025-04-21 20:27:19.814496,0 days 00:00:19.309949,0.6553401985345348,0.5525902234492768,8,0.007649945900219906,0.2506518142067888,0.0953141786250474,0.04508369107028504,0.061665180054180715,0.05092768681869287,0.004928834114609246,9,84,0.035979262862963934,0.19061385302536582,True,True,False,8.73134255273297e-07,COMPLETE
573,0.35496256947517396,2025-04-21 20:27:19.990588,2025-04-21 20:27:50.089593,0 days 00:00:30.099005,0.7463499440103208,0.718919102113438,8,0.0009911259180588085,0.25969760967535166,0.08665716841465729,0.04241520523979928,0.0789290253050296,0.046773296146373766,2.0465745787941306e-05,19,89,0.025838894405708763,0.20876382486006115,True,False,False,2.727361890599309e-06,COMPLETE
574,0.5352962970733642,2025-04-21 20:27:50.275470,2025-04-21 20:28:12.192535,0 days 00:00:21.917065,0.6958898830848661,0.8168798095450605,8,0.06137894637425449,0.244412605889701,0.07919848360335083,0.03664777812503471,0.05942510358428381,0.0407422097591078,1.552875725821427e-05,9,96,0.03363168166753462,0.1975770908642412,True,False,False,1.4388049315758146e-06,COMPLETE
575,0.445633339881897,2025-04-21 20:28:12.369235,2025-04-21 20:28:32.779453,0 days 00:00:20.410218,0.6710411811046659,0.5710820643049043,8,0.016198169095655454,0.2700826548629149,0.08107133943814498,0.040179283162093654,0.055603306790412095,0.04820657038425833,1.189362935082199e-05,8,92,0.027384746381422125,0.18502422510099037,False,False,False,1.0644910477772361e-06,COMPLETE
576,0.4318095564842225,2025-04-21 20:28:32.969649,2025-04-21 20:28:55.515930,0 days 00:00:22.546281,0.7128670356304102,0.7548385161399388,8,0.025799911128225782,0.256211448249037,0.09226160328977534,0.04338959732405537,0.06277768665905221,0.044232514277078284,1.009661301161218e-05,11,19,0.018921647852317383,0.21830858056087848,True,False,False,1.6291326522191292e-06,COMPLETE
577,0.38929902315139775,2025-04-21 20:28:55.694213,2025-04-21 20:29:45.172400,0 days 00:00:49.478187,0.6433399276447807,0.8870851083030808,2,0.010763607022345908,0.2644835178822277,0.08423560044048625,0.038598868337399485,0.06532006843336108,0.05083909787503272,1.7178268093840988e-05,10,86,0.02459943270188268,0.20277539767746328,True,False,False,3.910001746793841e-06,COMPLETE
578,0.5777113676071167,2025-04-21 20:29:45.364016,2025-04-21 20:30:06.623744,0 days 00:00:21.259728,0.6907867781554017,0.5258204578990371,8,0.017754020839835266,0.23915378563357875,0.08965645983979559,0.03517258991254829,0.06720073856868525,0.04633584986303038,1.3775076761557132e-05,8,89,0.03204975523751367,0.1962680930131067,True,False,False,6.072861564338124e-07,COMPLETE
579,0.4171072721481323,2025-04-21 20:30:06.801447,2025-04-21 20:30:28.743517,0 days 00:00:21.942070,0.6831776982756353,0.5198331904577915,8,0.01880447492939581,0.23932596484468568,0.09075770358442255,0.030313748251941514,0.06841136418396708,0.04494683900538401,2.0536213058786005e-05,9,83,0.03208268587045197,0.2112657754314426,True,False,False,6.055163844837085e-07,COMPLETE
580,0.4413625597953797,2025-04-21 20:30:28.936727,2025-04-21 20:30:52.935810,0 days 00:00:23.999083,0.7972048561799974,0.53490912367454,8,0.024050724361766272,0.2426963719163046,0.08925665033544401,0.03494965806792093,0.0672005239044458,0.04611472136243752,1.4402907927751036e-05,12,78,0.022656364666481042,0.19318663266534952,True,False,False,4.72994430378717e-07,COMPLETE
581,0.5483067035675049,2025-04-21 20:30:53.112519,2025-04-21 20:31:13.646932,0 days 00:00:20.534413,0.6365861348672829,0.5125212315701406,8,0.01392425774428136,0.2369595130572958,0.09359197757131275,0.03429888782904102,0.06454385497897316,0.038712779494794736,6.512925447835529e-05,8,93,0.035675138234497215,0.2034522558305187,True,False,False,5.786566689949079e-07,COMPLETE
582,0.5780088901519775,2025-04-21 20:31:13.838499,2025-04-21 20:31:35.600344,0 days 00:00:21.761845,0.7692112702112296,0.6884178913950458,8,0.007145215659246256,0.24941062408166198,0.0952413283245893,0.03636291182180774,0.0663272172257395,0.04375871220963386,1.0008390256705388e-05,9,87,0.03286680995023936,0.18892050296639698,True,False,False,8.378139149578764e-07,COMPLETE
583,0.45514599084854135,2025-04-21 20:31:35.779644,2025-04-21 20:31:56.268473,0 days 00:00:20.488829,0.7835289327214795,0.5331075268924852,8,0.00033925942903252604,0.24589898161115306,0.09561556314023667,0.03254701932156268,0.06963883385379327,0.0419415273775944,1.1670589149958311e-05,8,85,0.03383136796409997,0.18234018388011763,True,False,False,8.929015173953888e-07,COMPLETE
584,0.5101626634597779,2025-04-21 20:31:56.445961,2025-04-21 20:32:22.145578,0 days 00:00:25.699617,0.7679914070056643,0.696946817806376,8,0.0064469271806016255,0.23688075635402012,0.09773245099600325,0.03565367767004779,0.0675497380998955,0.047465457418455245,0.0002779113059104208,14,81,0.03261365947473856,0.1808195161441679,True,False,False,7.956381370970957e-07,COMPLETE
585,0.5288284540176392,2025-04-21 20:32:22.335971,2025-04-21 20:32:48.861405,0 days 00:00:26.525434,0.7535729396570531,0.763847055484195,8,0.007225951380017628,0.24785227822378084,0.09984019579908558,0.031115228474873056,0.06645659297318074,0.04874089710801327,1.3747452559901833e-05,15,86,0.03763152641181807,0.18748975855587108,True,False,False,6.692716744943044e-07,COMPLETE
586,0.424097228050232,2025-04-21 20:32:49.041110,2025-04-21 20:33:10.044105,0 days 00:00:21.002995,0.7729032332320948,0.547956342830279,8,0.008764779021656555,0.24271299469980323,0.09601534692555011,0.02856620543021178,0.07042353454799155,0.04679154911367653,1.6780164250739575e-05,8,88,0.03507877202346965,0.0038384444089779313,True,False,False,1.0775074725990235e-06,COMPLETE
587,0.4384375333786011,2025-04-21 20:33:10.235253,2025-04-21 20:33:28.357642,0 days 00:00:18.122389,0.7293217266595979,0.5208239210269767,16,0.013862392699917979,0.2486257516147789,0.09227326164417723,0.047018461464995914,0.06961872821685704,0.051955425132345606,1.0122496149322163e-05,9,83,0.03159641194312711,0.1884639962612292,True,False,False,8.050163387034608e-07,COMPLETE
588,0.5637709259986878,2025-04-21 20:33:28.538491,2025-04-21 20:33:49.173456,0 days 00:00:20.634965,0.7338582008951599,0.6568333470075789,8,0.0008387824986452288,0.2365131873522964,0.09315454251817648,0.03638919590827028,0.047950766861036956,0.04429612268029444,1.007246586728488e-05,8,88,0.030043781234506253,0.19075148737502803,True,False,False,1.2658261633757736e-06,COMPLETE
589,0.44223852157592775,2025-04-21 20:33:49.365266,2025-04-21 20:34:08.060393,0 days 00:00:18.695127,0.7020313847902869,0.7203346995475767,8,0.049112850467182945,0.2510507118557999,0.09495844675789572,0.03286462864724105,0.06655080574876708,0.04932445102667094,1.411032125276298e-05,8,80,0.03444851334342193,0.1839133208025569,True,False,True,4.7945571064083815e-06,COMPLETE
590,0.5613164305686951,2025-04-21 20:34:08.242471,2025-04-21 20:34:29.831423,0 days 00:00:21.588952,0.7916984541782551,0.5578213053962389,8,0.01572587800751279,0.24008736645167122,0.09129889800020717,0.037057198208427664,0.07169342939615886,0.0459518761225751,1.0030135029410583e-05,9,85,0.03706512462961335,0.19459139270707146,True,False,False,9.713910068007057e-07,COMPLETE
591,0.4458391308784485,2025-04-21 20:34:30.027558,2025-04-21 20:34:49.423246,0 days 00:00:19.395688,0.7569243841463129,0.5864972156994707,8,0.006778869624249848,0.27410598728493696,0.09831483777360683,0.03429528181623714,0.06545991099809972,0.04222965678022307,1.2165095057152728e-05,9,90,0.029401979577698686,0.17655969692530712,True,True,False,0.00015046762953232936,COMPLETE
592,0.5385095357894898,2025-04-21 20:34:49.604264,2025-04-21 20:35:11.578528,0 days 00:00:21.974264,0.9603372577572259,0.537139943457144,8,0.040317849867478626,0.24583849797275528,0.08917610568438637,0.04137610711837554,0.03631136459010636,0.05088305187095487,1.6994151273900453e-05,9,87,0.032361806479652325,0.19805056921160874,True,False,False,0.00010597452285926137,COMPLETE
593,0.6038100361824036,2025-04-21 20:35:11.774753,2025-04-21 20:35:32.774810,0 days 00:00:21.000057,0.7398267825553815,0.5635504051742554,8,0.028114859618012068,0.05191195513972294,0.09649119610848558,0.03693672853553729,0.06880118421705277,0.04795597589383883,1.3736782913422005e-05,8,83,0.021116541369436893,0.187184094263398,True,False,False,6.902783781199673e-07,COMPLETE
594,0.44204992055892944,2025-04-21 20:35:32.957685,2025-04-21 20:35:53.619857,0 days 00:00:20.662172,0.7438457817789207,0.5580122068111081,8,0.03236250837808072,0.29939098052345137,0.09661049298790518,0.0365509011856889,0.06841634658817154,0.04763972799160407,1.522413558271834e-05,8,77,0.016329975208610334,0.1908557742619368,True,False,False,7.105999959638957e-07,COMPLETE
595,0.44847779273986815,2025-04-21 20:35:53.818260,2025-04-21 20:36:14.176409,0 days 00:00:20.358149,0.723761103399826,0.5784693927750627,8,0.027997597843649014,0.03913522974859963,0.09470661627160379,0.03466977720012904,0.07030132604983916,0.052295913856896886,1.9848724988744894e-05,8,81,0.019499477433524263,0.19595054277294147,False,False,False,5.478240399054095e-07,COMPLETE
596,0.5982146501541138,2025-04-21 20:36:14.361686,2025-04-21 20:36:36.080419,0 days 00:00:21.718733,0.7645989762153379,0.5504278057937648,8,0.020176748702365306,0.05979608493972086,0.09807622900393848,0.03800662310715362,0.06760210213038771,0.04911127394735963,1.2040572784209684e-05,9,82,0.022075060252864473,0.18620528497933062,True,False,False,7.566572302385833e-07,COMPLETE
597,0.3890194773674011,2025-04-21 20:36:36.277298,2025-04-21 20:36:58.110086,0 days 00:00:21.832788,0.813629809644823,0.5169030497974785,8,0.0275846362712924,0.060585891449920666,0.09942393664827112,0.03763943047427832,0.06802072226617023,0.04527911589049808,1.0039427532349428e-05,9,77,0.02064460082929745,0.1833282401580719,True,False,False,6.49017610022026e-07,COMPLETE
598,0.40987012386322025,2025-04-21 20:36:58.293538,2025-04-21 20:37:45.253168,0 days 00:00:46.959630,0.7722918721999216,0.5407399015953784,2,0.02128492401352972,0.05644800674139789,0.09402320827644588,0.03544836780141467,0.07206133441911183,0.046919614735638576,1.3725607901763294e-05,9,79,0.014163707194453963,0.18662649243221327,True,False,False,7.706483549881311e-07,COMPLETE
599,0.6248585700988769,2025-04-21 20:37:45.436980,2025-04-21 20:38:07.376897,0 days 00:00:21.939917,0.7985743103025185,0.5123692111770898,8,0.03583301306230631,0.053618693239763975,0.09596573512807609,0.03214413056582813,0.06943744812635899,0.048439546673027065,1.6180575043601682e-05,9,82,0.021077218584298882,0.18098734949218034,True,False,False,1.1030555801055016e-06,COMPLETE
600,0.42170679569244385,2025-04-21 20:38:07.573045,2025-04-21 20:38:46.147151,0 days 00:00:38.574106,0.7860685727818357,0.5124937346736741,8,0.037978442574640184,0.03971242415206569,0.09789189695992612,0.03063635718696757,0.06946007341037738,0.04388809926818956,1.9031718530925322e-05,29,77,0.020659394139160625,0.1790890574265068,True,False,False,1.086974702094985e-06,COMPLETE
601,0.5203530788421631,2025-04-21 20:38:46.332862,2025-04-21 20:39:09.003505,0 days 00:00:22.670643,0.8112732637952457,0.51348483480586,8,0.04391275208891619,0.05188720130546578,0.09641620496614617,0.028871461899972722,0.06687200873931307,0.0487263678070648,2.292360988474343e-05,10,80,0.01791524142768533,0.1832118032490727,True,False,False,9.540772880361119e-07,COMPLETE
602,0.49570827484130864,2025-04-21 20:39:09.199962,2025-04-21 20:39:30.989624,0 days 00:00:21.789662,0.7995091419253183,0.7021801659873961,8,0.02805700973444799,0.23467489170051128,0.09822140719977343,0.03226159488655588,0.07030362762517749,0.051315294140348085,1.748763390693672e-05,9,82,0.018318969148768335,0.17899459992245653,True,False,False,1.2098423984545379e-06,COMPLETE
603,0.42093480825424195,2025-04-21 20:39:31.175694,2025-04-21 20:39:53.604751,0 days 00:00:22.429057,0.7730534477988237,0.5251622288634982,8,0.019446937360838277,0.025641205765284475,0.099912372031087,0.033419883022644016,0.06870882561472401,0.04609166166062519,2.2619311599449864e-05,10,73,0.021645986346632454,0.18746122983084984,True,False,False,6.169544637349697e-07,COMPLETE
604,0.4447826385498047,2025-04-21 20:39:53.801149,2025-04-21 20:40:15.442388,0 days 00:00:21.641239,0.7663733458972244,0.5373205839348477,8,0.055839731233324766,0.2411657606718688,0.09587312737660775,0.03159856095998116,0.06520951214627196,0.04790717501094492,1.5343197015170554e-05,9,79,0.015862641853183763,0.1871461102787349,True,False,False,8.651288382859962e-07,COMPLETE
605,0.6198366284370422,2025-04-21 20:40:15.627775,2025-04-21 20:40:37.339019,0 days 00:00:21.711244,0.8267851012134466,0.5600968634016097,8,0.032492152547063405,0.0731525245413991,0.09415653196483258,0.03433440273814723,0.0662144477859785,0.040944736325990556,1.6210525137536597e-05,9,82,0.0227566896235522,0.1719401762450894,True,False,False,1.3382753262707132e-06,COMPLETE
606,0.5027634859085084,2025-04-21 20:40:37.537244,2025-04-21 20:41:00.085191,0 days 00:00:22.547947,0.7842691114373865,0.5569503726254303,8,0.036301597489239834,0.06049323645415271,0.09579505189540616,0.036183566497142335,0.06693983329747281,0.03835763846485465,2.0573937712849306e-05,10,76,0.022782532277969125,0.1807526295296801,True,False,False,4.0329985283524025e-07,COMPLETE
607,0.30156403183937075,2025-04-21 20:41:00.272636,2025-04-21 20:41:19.398122,0 days 00:00:19.125486,0.8262704334746402,0.6684343098694226,8,0.03533624565978876,0.04812242670088047,0.093549271247363,0.03339139983572666,0.06579848181065961,0.04015147583237633,1.8397281379401526e-05,9,49,0.020660175977737883,0.16730290059573005,True,False,True,1.1326101670454602e-06,COMPLETE
608,0.40608264207839967,2025-04-21 20:41:19.596229,2025-04-21 20:41:51.749805,0 days 00:00:32.153576,0.8051068496065191,0.528771050192095,8,0.043398732505191745,0.06004534520726911,0.09494480849703289,0.03696307705012091,0.06842256609560135,0.041252163888715464,2.2219567937437092e-05,21,81,0.019184074628641717,0.17130817610989732,True,False,False,7.102282489910162e-07,COMPLETE
609,0.5314267396926879,2025-04-21 20:41:51.936976,2025-04-21 20:42:14.594189,0 days 00:00:22.657213,0.7990531913286578,0.7493145713516585,8,0.05116595052288955,0.054419904609233495,0.09753665407232086,0.02991639212118766,0.06432102042466202,0.03789860425072606,1.7220235109721457e-05,10,82,0.023417641679900073,0.17197148722811811,True,False,False,1.38452494852916e-06,COMPLETE
610,0.6098003029823303,2025-04-21 20:42:14.792519,2025-04-21 20:42:36.549682,0 days 00:00:21.757163,0.8237846207280463,0.5071402143306898,8,0.017453524765845052,0.054112460784100584,0.09388702780887732,0.03830069600968996,0.07110154672733317,0.04242136951530796,1.5331162746516096e-05,9,79,0.02188429819457561,0.17606795200114986,True,False,False,5.681263949648688e-07,COMPLETE
611,0.4182443499565125,2025-04-21 20:42:36.737908,2025-04-21 20:42:55.111914,0 days 00:00:18.374006,0.8459629673528833,0.5482102695706457,16,0.016007460740403337,0.049422947873356056,0.09347484415841024,0.03842377350619668,0.07108775134736006,0.04016463466869229,1.5190896750477157e-05,9,78,0.02115846760402323,0.17241209998002224,True,False,False,4.706965297697013e-07,COMPLETE
612,0.2797684073448181,2025-04-21 20:42:55.312919,2025-04-21 20:43:14.529072,0 days 00:00:19.216153,0.8403491507273821,0.6430648603472288,8,0.023334177399676692,0.07467273453523794,0.09599119955597826,0.038008081577543554,0.06940449413850536,0.04182542316345142,1.544850054104432e-05,9,75,0.018409778446343675,0.17813598116561147,True,True,False,5.505103700249554e-07,COMPLETE
613,0.4374464154243469,2025-04-21 20:43:14.718695,2025-04-21 20:43:37.019916,0 days 00:00:22.301221,0.825281204283021,0.5176832592083023,8,0.013574832543449145,0.06864069716540898,0.0927743142733878,0.03503491767451994,0.07179523150868881,0.036016801498774245,1.3959554543169527e-05,10,75,0.022842440460318632,0.17404048387988932,True,False,False,7.434155358528471e-07,COMPLETE
614,0.604038941860199,2025-04-21 20:43:37.218349,2025-04-21 20:43:59.141776,0 days 00:00:21.923427,0.8159175960655629,0.5360951362659654,8,0.020418845707060075,0.06430611345254673,0.09453673511896636,0.026815064480347445,0.06701026218384262,0.04259795788214803,1.3501791423892369e-05,9,79,0.024360539952113475,0.1689438056013612,True,False,False,5.866446219360588e-07,COMPLETE
615,0.44976669549942017,2025-04-21 20:43:59.329348,2025-04-21 20:44:20.503612,0 days 00:00:21.174264,0.8172797622533943,0.5036982752104722,8,0.0187175649419219,0.06463604410406629,0.098444420145461,0.02334976199605099,0.06699074609563492,0.04259409317097301,1.7350677371163576e-05,9,78,0.024424472974033714,0.17268653594844308,False,False,False,3.936059031259551e-07,COMPLETE
616,0.5517952680587769,2025-04-21 20:44:20.704002,2025-04-21 20:44:42.286305,0 days 00:00:21.582303,0.8186076441031528,0.5362788784468848,8,0.020316013315247274,0.06583199105117302,0.09471328574940724,0.028019417087579816,0.06802251120173543,0.038696853759456265,1.5848042618562892e-05,9,77,0.020503253694399065,0.1721700765607013,True,False,False,4.820981649842302e-07,COMPLETE
617,0.431232500076294,2025-04-21 20:44:42.474975,2025-04-21 20:45:03.198195,0 days 00:00:20.723220,0.7952782469932698,0.01929703341876121,8,0.03043215493519593,0.043766314052642044,0.09692518326953022,0.02564466352530096,0.06595325000926038,0.042059409232329766,1.3670597054489175e-05,8,68,0.02265811341514979,0.1662490136709047,True,False,False,2.977928659748398e-07,COMPLETE
618,0.5074703216552734,2025-04-21 20:45:03.399081,2025-04-21 20:45:25.183059,0 days 00:00:21.783978,0.8294663429070044,0.5144702541071485,8,0.013236292801345794,0.07142768366254656,0.09431133900783502,0.02682339231274664,0.06962095122550796,0.04012547675739744,1.9066746584484278e-05,9,75,0.01689605861570957,0.1784215174592379,True,False,False,5.775257117477885e-07,COMPLETE
619,0.6002388954162599,2025-04-21 20:45:25.371957,2025-04-21 20:45:46.182396,0 days 00:00:20.810439,0.7918256748895153,0.544729397074986,8,0.023184988207628078,0.05598527686502053,0.09232956572437734,0.031812940590026394,0.06284962670860719,0.04378952099707813,1.3345520291765206e-05,8,78,0.02451482847796921,0.1674269716501173,True,False,False,6.468326412833155e-07,COMPLETE
620,0.5507008314132691,2025-04-21 20:45:46.384845,2025-04-21 20:46:07.950001,0 days 00:00:21.565156,0.8028486898394422,0.5499617543448515,8,0.024817115573015743,0.05010265616597773,0.09807709560383505,0.030034554295358427,0.06381061629632187,0.036946594249077966,2.23902366326639e-05,9,74,0.02179444901008328,0.15695071605183133,True,False,False,5.344195949624148e-07,COMPLETE
621,0.4470005393028259,2025-04-21 20:46:08.141705,2025-04-21 20:46:29.988528,0 days 00:00:21.846823,0.7770426796978993,0.5306469197043665,8,0.02893416206322836,0.05710654553329281,0.09211308649805698,0.03198693998313858,0.06636975247378159,0.04285776965222512,1.620163407017324e-05,9,73,0.019279280831053024,0.16219628967531272,True,False,False,6.407494615724724e-07,COMPLETE
622,0.43034455776214603,2025-04-21 20:46:30.193215,2025-04-21 20:47:13.956867,0 days 00:00:43.763652,0.7973636593381089,0.5601101738936896,2,0.02226673295324521,0.06920541718189842,0.09994228570597878,0.031330429971141285,0.06802250662541343,0.0392999388925405,1.400532669020925e-05,8,78,0.011088694362216513,0.16647677741516104,True,False,False,3.619094905747786e-07,COMPLETE
623,0.6124040126800537,2025-04-21 20:47:14.155686,2025-04-21 20:47:35.101423,0 days 00:00:20.945737,0.8281914626283637,0.5295635617902759,8,0.030800751318738183,0.044103146070386304,0.09615721042743511,0.02764187775307729,0.06199325577464801,0.04118770389173607,1.7841259607515292e-05,8,73,0.024811520864613454,0.16879678070364537,True,False,False,4.5444538433290145e-07,COMPLETE
624,0.5006724119186402,2025-04-21 20:47:35.306571,2025-04-21 20:47:55.968570,0 days 00:00:20.661999,0.8576413078010348,0.5114210962130867,8,0.03147417516226912,0.04428901129050741,0.09617115004648742,0.025308065511631374,0.06267973857813605,0.04155524612588219,2.7074478500428013e-05,8,72,0.02483048238385449,0.16538562460970915,True,False,False,4.875540678622336e-07,COMPLETE
