number,value,datetime_start,datetime_complete,duration,params_alpha-eval,params_alpha-train,params_batch-size,params_eps-eval,params_eps-train,params_lambda-actions-eval,params_lambda-actions-train,params_lambda-frames-eval,params_lambda-frames-train,params_learning-rate,params_n-epochs,params_n-frames,params_radius-gw,params_rho,params_std-feats,params_ub-actions,params_ub-frames,params_weight-decay,state
1795,0.432500159740448,2025-04-01 12:17:23.193768,2025-04-01 12:18:17.610285,0 days 00:00:54.416517,0.010646193027461916,0.9826077110430312,2,0.035781937137307575,0.18759246395275841,0.04456033354141183,0.0726934417927497,0.005967808189562951,0.09998160944702299,6.443841661044147e-05,14,113,0.09026530289792586,0.17512621123879982,True,False,True,1.4544823354022954e-05,COMPLETE
1796,0.5285758972167969,2025-04-01 12:18:18.207904,2025-04-01 12:18:43.978081,0 days 00:00:25.770177,0.011246380939725846,0.9999509535624758,8,0.02783669613985528,0.187397162874977,0.04420161108553478,0.09295856648824594,0.01350590346603708,0.09789897807625,5.1077215220860874e-05,13,117,0.08991992391023648,0.18055887379560812,True,False,False,1.1864608324024634e-05,COMPLETE
1797,0.42342242002487185,2025-04-01 12:18:44.556880,2025-04-01 12:19:43.576281,0 days 00:00:59.019401,0.04407137591768562,0.9436901547133648,2,0.03424542753530683,0.18818344029918696,0.04678192548858483,0.09139176084820871,0.01163044433886964,0.09938382298258028,6.796662081772526e-05,13,120,0.09374816825143095,0.1884122583106696,True,False,False,1.3627702451527877e-05,COMPLETE
1798,0.6296400785446168,2025-04-01 12:19:44.150559,2025-04-01 12:20:08.608485,0 days 00:00:24.457926,0.026577907925905378,0.9662659181298122,8,0.02342147562320657,0.1898003779593384,0.04387363895098699,0.07287887126529657,0.007441463838945766,0.09958995500472069,0.003941993486860202,12,115,0.09219368904819428,0.16961875504832713,True,False,False,2.32044190774616e-05,COMPLETE
1799,0.4115194320678711,2025-04-01 12:20:09.202571,2025-04-01 12:20:32.862097,0 days 00:00:23.659526,0.05506952717256968,0.9513181783276681,8,0.03635540161180991,0.19181776518735055,0.049269885199340356,0.08327848249363927,0.0028475059429063252,0.09657419098551331,6.162984498201641e-05,12,110,0.08720804395892984,0.18706442790815386,False,False,False,1.0785474557950414e-05,COMPLETE
1800,0.6094477415084839,2025-04-01 12:20:33.439705,2025-04-01 12:20:58.704022,0 days 00:00:25.264317,0.029763744312433428,0.9397890896863005,8,0.030504476086529522,0.18018190592334862,0.04558469107427341,0.049355294312879584,0.009582211738227113,0.0958508063776751,7.323531531779443e-05,13,107,0.08852187299010542,0.18028152629923294,True,False,False,1.4697931810869755e-05,COMPLETE
1801,0.660031008720398,2025-04-01 12:20:59.307864,2025-04-01 12:21:23.944520,0 days 00:00:24.636656,0.05443651730867791,0.9720932147474746,8,0.041010146261786465,0.18659821981683736,0.047428403182836115,0.06696784882166576,0.004627113494296199,0.09690611548519283,5.375574103548358e-05,12,118,0.09276353960878951,0.1715992888754624,True,False,False,1.851195432719004e-05,COMPLETE
1802,0.6462120175361633,2025-04-01 12:21:24.520808,2025-04-01 12:21:49.837701,0 days 00:00:25.316893,0.04241377127695109,0.9780034805276159,8,0.041129328215709936,0.186214812662452,0.048026205031234545,0.09634209564658001,0.00427813116748085,0.09987953345194588,3.57389854176186e-05,13,114,0.09193477384147666,0.1708643974493406,True,False,False,1.8778659215324935e-05,COMPLETE
1803,0.5298649311065674,2025-04-01 12:21:50.455002,2025-04-01 12:22:50.141163,0 days 00:00:59.686161,0.05301784674932447,0.9809216876183884,2,0.03790280758050332,0.18585933226573328,0.04893344072016571,0.055924866426914306,0.005600373464755971,0.09779980274637667,3.806528838453858e-05,13,117,0.0930138122990833,0.1684878111724532,True,False,False,2.040793473881807e-05,COMPLETE
1804,0.5946465015411377,2025-04-01 12:22:50.723025,2025-04-01 12:23:16.197867,0 days 00:00:25.474842,0.028262186816944375,0.9993016359547875,8,0.03281523158721808,0.18293255919487988,0.04878295284588897,0.09701519272982703,0.003428348394166617,0.0981426322850223,3.9860800241797816e-05,13,112,0.09338469664683523,0.16094637380952193,True,False,False,1.9444411677939025e-05,COMPLETE
1805,0.2797684073448181,2025-04-01 12:23:16.797659,2025-04-01 12:23:40.183729,0 days 00:00:23.386070,0.04818531972510212,0.9629989359235879,8,0.03950353785680549,0.1773291448947553,0.04687045861475205,0.061798555676372754,0.001106402230180296,0.09664142538023965,5.4054953176907224e-05,14,116,0.09460836241854323,0.1738385052101742,True,True,False,1.1714606267819837e-05,COMPLETE
1806,0.5361268877983094,2025-04-01 12:23:40.764414,2025-04-01 12:24:05.959676,0 days 00:00:25.195262,0.029666825307703003,0.965542487388021,8,0.018007596469108447,0.19005286314395264,0.04352260627193022,0.057158358901622866,0.007093496957323278,0.09648623972608014,4.602689316731621e-05,13,119,0.09212017959567376,0.16318424766654688,True,False,False,9.177643090649225e-06,COMPLETE
1807,0.6465046405792236,2025-04-01 12:24:06.561261,2025-04-01 12:24:31.132708,0 days 00:00:24.571447,0.04885421579992519,0.9457153961905306,8,0.026417773354060585,0.1792383026880292,0.0497908444288572,0.08018556015283426,0.00495942360878006,0.09721491137247944,4.787426490316977e-05,12,119,0.08892547763991701,0.18723080444319032,True,False,False,2.1148540239538314e-05,COMPLETE
1808,0.585252046585083,2025-04-01 12:24:31.736023,2025-04-01 12:25:28.746707,0 days 00:00:57.010684,0.010989111258879341,0.9793059688025617,2,0.0406212255716935,0.1941996988471935,0.04736749897299372,0.08832444602571984,0.008576319812557872,0.0973384413640024,2.5676348502861463e-05,12,114,0.09070357494268344,0.17504562886382036,True,False,False,1.603483928153726e-05,COMPLETE
1809,0.4438826680183411,2025-04-01 12:25:29.335348,2025-04-01 12:25:54.787430,0 days 00:00:25.452082,0.055623442873263464,0.9606035107330704,8,0.03341190437170889,0.19354651277955248,0.045235162546546095,0.07934428209362326,0.006081617549041769,0.09956975778791576,4.85654374203735e-05,13,118,0.09478892987414868,0.18190758419397118,True,False,False,1.3056140214754024e-05,COMPLETE
1810,0.6482506990432739,2025-04-01 12:25:55.393661,2025-04-01 12:26:19.719939,0 days 00:00:24.326278,0.035088693098629165,0.9405763127096948,8,0.04306585008901299,0.18837706073927338,0.04307586301435817,0.0668373351230204,0.010860277315663455,0.09808476108544817,4.218675474916699e-05,12,111,0.09092085973147658,0.16615432708951886,True,False,False,1.3433780601949844e-05,COMPLETE
1811,0.6450908303260804,2025-04-01 12:26:20.302033,2025-04-01 12:26:44.771981,0 days 00:00:24.469948,0.010485642861860468,0.9678149185579519,8,0.027691447392899055,0.17718963198487275,0.050153869163458424,0.08173377198581804,0.01445262449725028,0.09483871581875004,4.469849970705701e-05,12,115,0.08762964401247582,0.17747974585493284,True,False,False,1.6608023691173495e-05,COMPLETE
1812,0.4169737458229065,2025-04-01 12:26:45.379914,2025-04-01 12:27:10.239742,0 days 00:00:24.859828,0.05123908675740142,0.9992190561908925,8,0.03568847506856485,0.18543009824489165,0.04327724783015823,0.0998655290748832,0.002886391118476434,0.09711756659156219,4.580422226044335e-05,12,119,0.09473392165000093,0.1831818316256524,True,False,False,9.586907962876138e-06,COMPLETE
1813,0.6518660068511963,2025-04-01 12:27:10.830856,2025-04-01 12:27:35.380150,0 days 00:00:24.549294,0.010549338808921636,0.98414244155393,8,0.04341614450071061,0.1935415029547617,0.04710258707755851,0.06863898531656029,0.008971797432760095,0.09527404770353386,5.609380015522078e-05,12,116,0.09197149882235348,0.190031044006215,True,False,False,1.0244000941534391e-05,COMPLETE
1814,0.4276703119277954,2025-04-01 12:27:35.986851,2025-04-01 12:27:59.335126,0 days 00:00:23.348275,0.030013555220812924,0.9833094425943284,8,0.0416951977586309,0.1972935342271028,0.04984513069938412,0.08164816558342858,0.006821725874631561,0.09521787131766109,3.594082987707135e-05,14,115,0.08909266186270491,0.1913582790905504,True,False,True,2.8232473941790724e-05,COMPLETE
1815,0.6387208223342895,2025-04-01 12:27:59.919631,2025-04-01 12:28:25.636615,0 days 00:00:25.716984,0.011803313624016381,0.9500345361203457,8,0.042889207882624424,0.1945052931715989,0.04659950219461451,0.0904014046020964,0.0086545579858487,0.09499972590077134,4.490106463166863e-05,13,118,0.09019940532851867,0.19133180665012292,True,False,False,2.5642348697729656e-05,COMPLETE
1816,0.48996067047119146,2025-04-01 12:28:26.244177,2025-04-01 12:28:52.091538,0 days 00:00:25.847361,0.03467455158557009,0.9804609640503364,8,0.04250695999993375,0.19639958557599857,0.049464585296505575,0.07138329697376393,0.00463364743477693,0.09781632522656088,2.8185488422922938e-05,13,120,0.09183327963718353,0.18863453589136395,True,False,False,1.1394210378372561e-05,COMPLETE
1817,0.6111712813377381,2025-04-01 12:28:52.678118,2025-04-01 12:29:17.784017,0 days 00:00:25.105899,0.027458427042149305,0.9991212459572459,8,0.04277057926682314,0.1944191448846781,0.04776892416469238,0.051296598942088795,0.0072073943718843625,0.09993837341999812,4.158566860199007e-05,13,113,0.08813184469686981,0.18502622736536573,True,False,False,1.491526957943195e-05,COMPLETE
1818,0.4030662059783936,2025-04-01 12:29:18.367102,2025-04-01 12:29:42.662751,0 days 00:00:24.295649,0.01331857584776595,0.9401044921286708,8,0.03709936920753538,0.19544445130286736,0.04708719129576673,0.07804088234015212,0.011879694171426773,0.09516404935932968,5.601195520071494e-05,13,116,0.08984385305058576,0.1818489045229982,False,False,False,1.1878202515604418e-05,COMPLETE
1819,0.6239855289459229,2025-04-01 12:29:43.264847,2025-04-01 12:30:08.000288,0 days 00:00:24.735441,0.060744713678408786,0.9702092824600246,8,0.04149668519719557,0.19075561955005005,0.04786487972258657,0.05725333985064897,0.004323804707148802,0.09663586768973985,3.8546259757029444e-05,12,121,0.08665292157950472,0.1901507019844966,True,False,False,2.3308515476341233e-05,COMPLETE
1820,0.6421443104743958,2025-04-01 12:30:08.607347,2025-04-01 12:30:34.073900,0 days 00:00:25.466553,0.011375559422292883,0.9520194440273168,8,0.03792894542237995,0.19269451207198343,0.04578287328922451,0.0841817287978648,0.009417474940187371,0.09412963229770692,4.4544743490855605e-05,13,117,0.09064252403244528,0.18355844240595834,True,False,False,1.0167247690697492e-05,COMPLETE
1821,0.607232928276062,2025-04-01 12:30:34.659364,2025-04-01 12:30:59.354372,0 days 00:00:24.695008,0.0557191387569302,0.9361946330944908,8,0.0422839256483455,0.18340904891510096,0.04879977340358801,0.058379919708249794,0.012827201222709155,0.09487417837877411,3.183142066613816e-05,12,120,0.08678120176858493,0.19088635951677274,True,False,False,1.839742946284412e-05,COMPLETE
1822,0.2797684073448181,2025-04-01 12:30:59.964312,2025-04-01 12:31:23.368587,0 days 00:00:23.404275,0.028004291991320214,0.9598599609458425,8,0.03394459730335898,0.19809567334925363,0.04508035247005269,0.06476440195615357,0.00795934319089016,0.0957839959017518,5.562586416028864e-05,14,117,0.09271780340873084,0.17776494633245266,True,True,False,7.254370122960434e-06,COMPLETE
1823,0.650283181667328,2025-04-01 12:31:23.967043,2025-04-01 12:31:49.003300,0 days 00:00:25.036257,0.04278795404147816,0.9371952696839886,8,0.04341258828064353,0.18547469057474797,0.04965069104064397,0.07776579933202155,0.005912950262642636,0.09806846040023538,5.202139181139148e-05,12,121,0.08896760586924739,0.18511541937458026,True,False,False,1.2604829877333384e-05,COMPLETE
1824,0.6541212677955628,2025-04-01 12:31:49.590336,2025-04-01 12:32:14.026913,0 days 00:00:24.436577,0.027870277439078904,0.9844036740847381,8,0.03651119622677832,0.1973228884275701,0.04711288993177091,0.08822287262829964,0.01007935272500386,0.09714429378805892,5.6658386670097876e-05,12,112,0.09247233583024392,0.17660648600439866,True,False,False,8.8585144345722e-06,COMPLETE
1825,0.6402530670166016,2025-04-01 12:32:14.627463,2025-04-01 12:32:40.128430,0 days 00:00:25.500967,0.02864060813313241,0.9984226556059113,8,0.03475997476374242,0.19127156765481504,0.04763586078585927,0.09279539703239789,0.010137194231906697,0.09960710897331788,3.3281027340311535e-05,13,110,0.09328335622644404,0.17965225118963202,True,False,False,9.215891871897928e-06,COMPLETE
1826,0.6514950156211854,2025-04-01 12:32:40.741300,2025-04-01 12:33:06.385195,0 days 00:00:25.643895,0.026102256066376013,0.9829059882215299,8,0.036746977440384306,0.19781457911640393,0.04960722907410715,0.06660334697952748,0.013517403941493,0.09679492045769655,5.133534256253108e-05,13,115,0.09281073353348251,0.17483973995002983,True,False,False,1.899162805182312e-05,COMPLETE
1827,0.6455773472785951,2025-04-01 12:33:06.987650,2025-04-01 12:33:32.395351,0 days 00:00:25.407701,0.011567994278692593,0.9839874976011587,8,0.03011011668557014,0.19898639920002292,0.04628840793175885,0.0850677688067486,0.011177019868439515,0.09836072510447529,4.343664153958458e-05,13,113,0.09189216547858332,0.1724848891130352,True,False,False,1.0844661682542908e-05,COMPLETE
1828,0.6083292841911316,2025-04-01 12:33:33.006808,2025-04-01 12:33:57.519546,0 days 00:00:24.512738,0.011781450533861267,0.9679735099354579,8,0.04392221203992074,0.19049911737683484,0.05062161736615655,0.09314526971330041,0.008446628012117343,0.09685361732248497,3.090171650365187e-05,12,111,0.08947809444384244,0.17847167258262608,True,False,False,7.964990471035171e-06,COMPLETE
1829,0.6418898224830628,2025-04-01 12:33:58.116739,2025-04-01 12:34:23.678652,0 days 00:00:25.561913,0.03770145565596715,0.9823815423993029,8,0.03699558892968416,0.1988663444198022,0.04735739966284127,0.09554886162857126,0.006825560180850516,0.0969878129657856,3.6954444710238204e-05,13,114,0.09148812869036682,0.19001675282385913,True,False,False,6.4666670155083305e-06,COMPLETE
1830,0.650788414478302,2025-04-01 12:34:24.269529,2025-04-01 12:34:49.834172,0 days 00:00:25.564643,0.061598875869082,0.9700276993615592,8,0.03286773929730693,0.2025466171821293,0.050486230547644,0.08730734367383347,0.009770267726052499,0.09563580670205504,5.540712642542512e-05,13,118,0.09037213847638219,0.18258523562872314,True,False,False,1.604288585042535e-05,COMPLETE
1831,0.6624554038047791,2025-04-01 12:34:50.443559,2025-04-01 12:35:14.986387,0 days 00:00:24.542828,0.037648758495087586,0.9989666921325827,8,0.042564608381461755,0.17887428500366823,0.04546316626955402,0.09333660468205489,0.012260847964438357,0.09958499260595625,5.350185094972863e-05,12,112,0.09358239661842221,0.17561343294517828,True,False,False,8.549401280806544e-06,COMPLETE
1832,0.6484887719154359,2025-04-01 12:35:15.596989,2025-04-01 12:35:40.958162,0 days 00:00:25.361173,0.029455333887634744,0.9896964374396496,8,0.041353907593016166,0.182156937387757,0.04582638094358378,0.09698145543087713,0.014179922409975416,0.09934936914870794,4.127774898634295e-05,13,108,0.095542979556948,0.17116541099774155,True,False,False,1.1623039673473596e-05,COMPLETE
1833,0.3574142932891846,2025-04-01 12:35:41.554453,2025-04-01 12:36:04.165381,0 days 00:00:22.610928,0.01084537004313332,0.9984153898028857,8,0.04459066403342256,0.17763761427186747,0.04784546067684379,0.09405948306857631,0.012374576930584373,0.09868613660448887,4.3904325288053456e-05,13,113,0.09358130136510966,0.1754404994421605,True,False,True,8.506010184660074e-06,COMPLETE
1834,0.647895646095276,2025-04-01 12:36:04.760953,2025-04-01 12:36:29.380988,0 days 00:00:24.620035,0.037707403391739606,0.9806237480467535,8,0.03567896443442913,0.17918238670781203,0.04474630165693246,0.09272150002435628,0.011706212935723846,0.09930883673848658,4.4565675599027275e-05,12,110,0.09642773375638458,0.1713131964744543,True,False,False,9.973614570336803e-06,COMPLETE
1835,0.6469978213310242,2025-04-01 12:36:29.989006,2025-04-01 12:36:56.103523,0 days 00:00:26.114517,0.010830424679781174,0.982734296715749,8,0.04354790453453546,0.18518715250980175,0.04356822466163423,0.09899052856893992,0.013730260180782569,0.09977134444378433,4.8626687635968055e-05,14,112,0.09381800108136262,0.17736105582771666,True,False,False,6.664943195625163e-06,COMPLETE
1836,0.5843459129333497,2025-04-01 12:36:56.688111,2025-04-01 12:37:22.129246,0 days 00:00:25.441135,0.027514147064142933,0.9966689723728982,8,0.03805829735434989,0.18703116537140738,0.046007906056431694,0.09043539577193152,0.00949714186516833,0.09768189134195533,5.0625218749794785e-05,13,107,0.09334109151639133,0.18763665994688236,True,False,False,7.103900207686231e-06,COMPLETE
1837,0.6163849949836732,2025-04-01 12:37:22.739107,2025-04-01 12:37:47.730194,0 days 00:00:24.991087,0.042511656861295335,0.9656133751705007,8,0.03060149910678087,0.1920251980570526,0.05002668373224509,0.09048885466485374,0.011551522542777963,0.0977310558462858,5.117837357521726e-05,13,105,0.09225491607086253,0.18293235577879838,True,False,False,9.148228770650863e-06,COMPLETE
1838,0.40421184301376345,2025-04-01 12:37:48.346579,2025-04-01 12:38:12.070098,0 days 00:00:23.723519,0.05771470944422452,0.9856689566928961,8,0.04316024552518148,0.17935443608875373,0.04777618213573187,0.06815738950023628,0.008447384858789984,0.0959335787530764,3.497063277478831e-05,12,112,0.0957024426373924,0.17667633879993366,False,False,False,1.1490879302992164e-05,COMPLETE
1839,0.6367753148078918,2025-04-01 12:38:12.661044,2025-04-01 12:38:37.298226,0 days 00:00:24.637182,0.02769479870207512,0.9642389599864001,8,0.038547313797199514,0.18712856431982447,0.04449315412342199,0.09509596283119742,0.01489702938042959,0.09976716243359739,3.7089911569426134e-05,12,116,0.0914872473437135,0.17134367441491172,True,False,False,5.437649164427048e-06,COMPLETE
1840,0.6475226640701294,2025-04-01 12:38:37.916906,2025-04-01 12:39:03.510056,0 days 00:00:25.593150,0.042752725361877596,0.9631721843202264,8,0.043928163325717355,0.19611962112463036,0.04645182760801549,0.09503270905431305,0.010447320830181715,0.09367489152379121,5.7147257743010955e-05,13,115,0.09329370881390033,0.18607467459561394,True,False,False,1.4896803696473772e-05,COMPLETE
1841,0.6042119383811951,2025-04-01 12:39:04.099046,2025-04-01 12:39:30.207430,0 days 00:00:26.108384,0.05596301382590895,0.9983213215411267,8,0.032198957799376676,0.18398582165961733,0.04300697780667204,0.09129170178355482,0.0027363119685782974,0.09466687308190476,4.883839891169159e-05,14,109,0.09089779410365342,0.19186320087383146,True,False,False,8.701577462267237e-06,COMPLETE
1842,0.2797684073448181,2025-04-01 12:39:30.827739,2025-04-01 12:39:52.586302,0 days 00:00:21.758563,0.010004174157183458,0.9582487737202994,8,0.03790773204450145,0.19405969424669695,0.04483830849489305,0.09471559352258556,0.007180806427578762,0.09769772458790923,3.4747469230100967e-05,12,118,0.08920561965994485,0.16649483441411433,True,True,False,6.984924216717589e-06,COMPLETE
1843,0.6509499669075012,2025-04-01 12:39:53.198890,2025-04-01 12:40:18.120744,0 days 00:00:24.921854,0.02951135405959756,0.9975206957407328,8,0.043519583740454636,0.19102625089163774,0.04747464804847658,0.08960727815836685,0.012752567347363054,0.09635136351835862,4.508020786044644e-05,12,115,0.09564713091828886,0.18166880672168415,True,False,False,1.2637706141337192e-05,COMPLETE
1844,0.6619326829910279,2025-04-01 12:40:18.734055,2025-04-01 12:40:43.334308,0 days 00:00:24.600253,0.04500231727670838,0.9826097262819252,8,0.02972803199319274,0.17331006809053845,0.04267978472241358,0.08737251569469777,0.009595092722125893,0.09454737343744958,5.790720321128134e-05,12,112,0.09160990173164872,0.17613918209151674,True,False,False,5.750507237668566e-06,COMPLETE
1845,0.6544891953468323,2025-04-01 12:40:43.929225,2025-04-01 12:41:09.142353,0 days 00:00:25.213128,0.0436056430912896,0.9970881884695779,8,0.026243938452880634,0.17735623044548846,0.04187316264358168,0.08763238909443627,0.004686854145274767,0.09986363124379387,4.404556507148519e-05,13,111,0.09429362284392512,0.1624194715468207,True,False,False,5.479652724648365e-06,COMPLETE
1846,0.6490610837936402,2025-04-01 12:41:09.758411,2025-04-01 12:41:34.984466,0 days 00:00:25.226055,0.03190342793362498,0.9857428639796033,8,0.019008701354367996,0.17213208705592226,0.042374864525232384,0.09158469681702336,0.0030241883921523815,0.09940517934558543,3.801504249438483e-05,13,112,0.09533657620749919,0.15742459751545534,True,False,False,4.3880953115196784e-06,COMPLETE
1847,0.6504585146903992,2025-04-01 12:41:35.575178,2025-04-01 12:42:00.713605,0 days 00:00:25.138427,0.010307755397035129,0.998111607627082,8,0.02544358984476627,0.17472052583467268,0.042421205815735274,0.0887698003202174,0.005587776294412858,0.09978223998058366,5.490471018665647e-05,13,109,0.09402101861876838,0.16111862316842193,True,False,False,3.783849829861291e-06,COMPLETE
1848,0.5171672582626343,2025-04-01 12:42:01.331931,2025-04-01 12:42:27.679991,0 days 00:00:26.348060,0.0444462926296223,0.9873297622363004,8,0.027550384384025926,0.1784748186314422,0.042736333945208024,0.08793036539652947,0.004012431303091904,0.09987281775229166,4.5497203501589496e-05,14,114,0.09309259360137814,0.14520375822204357,True,False,False,5.961062526654624e-06,COMPLETE
1849,0.6174082398414612,2025-04-01 12:42:28.301632,2025-04-01 12:42:53.992252,0 days 00:00:25.690620,0.04410197983662059,0.9972585715391447,8,0.019810464211255045,0.17361923931055864,0.04219700802721884,0.08871985569960886,0.002168372537361251,0.09681683776930558,3.4598777783539366e-05,14,102,0.09749817229963367,0.16528457416522135,True,False,False,5.437540243190706e-06,COMPLETE
1850,0.6501633644104003,2025-04-01 12:42:54.591566,2025-04-01 12:43:19.759964,0 days 00:00:25.168398,0.02595538067421967,0.9804524249570251,8,0.029614739573377253,0.17518315339040147,0.04371371422247717,0.09119823219409123,0.004406441526917389,0.09752043834702785,4.0521364278930656e-05,13,108,0.09577969421568892,0.15796544053439743,True,False,False,4.649550086951708e-06,COMPLETE
