number,value,datetime_start,datetime_complete,duration,params_alpha-eval,params_alpha-train,params_batch-size,params_eps-eval,params_eps-train,params_lambda-actions-eval,params_lambda-actions-train,params_lambda-frames-eval,params_lambda-frames-train,params_learning-rate,params_n-epochs,params_n-frames,params_radius-gw,params_rho,params_std-feats,params_ub-actions,params_ub-frames,params_weight-decay,state
1459,0.42118196487426757,2025-04-01 10:12:41.236777,2025-04-01 10:13:31.579112,0 days 00:00:50.342335,0.12877712382698978,0.8663856209295094,2,0.07713270123581205,0.24155796777838334,0.03832794565122111,0.005776666492419159,0.05345795113295954,0.0834355867486488,0.00010029676444073995,10,138,0.07553158879861019,0.22402434690176815,True,False,False,8.042553524025491e-06,COMPLETE
1460,0.3828377962112427,2025-04-01 10:13:32.048943,2025-04-01 10:13:52.566051,0 days 00:00:20.517108,0.08388687355136701,0.7558107052793634,16,0.07132877155775826,0.2597700899550698,0.02977012283505276,0.0074946669561393965,0.050328110987182914,0.044024839365490426,0.00015606738220144326,11,141,0.07250976049014109,0.07755211103421919,True,False,False,1.3808261125522291e-05,COMPLETE
1461,0.4328908681869507,2025-04-01 10:13:53.048686,2025-04-01 10:14:10.295814,0 days 00:00:17.247128,0.09944400185392403,0.8162143684671682,16,0.08265208442577687,0.1360422054422314,0.01989032978924781,0.09173552717191502,0.032301595318487385,0.09147990292355998,9.037838542417289e-05,10,9,0.07861015816862486,0.2356093889879338,True,False,False,2.0789201148324165e-07,COMPLETE
1462,0.4540616154670715,2025-04-01 10:14:10.785343,2025-04-01 10:14:31.184017,0 days 00:00:20.398674,0.05830001465586015,0.8517185325687026,16,0.08713050222601981,0.23671020928315578,0.041494780991732684,0.009838824741529728,0.04763111784773655,0.08865093551084285,0.09827501720798151,11,135,0.07424236758472942,0.23289013832991434,True,False,False,4.52214489116205e-07,COMPLETE
1463,0.5591543436050416,2025-04-01 10:14:31.662446,2025-04-01 10:14:53.095253,0 days 00:00:21.432807,0.12902529700016868,0.7974687316680245,16,0.09377388418559686,0.2489522012305595,0.032890476184747545,0.013523793770218038,0.04353426389890983,0.08088212260420832,0.00012004470105488053,12,142,0.07601466590078494,0.21492708971393684,True,False,False,7.142753183234441e-07,COMPLETE
1464,0.5534098505973816,2025-04-01 10:14:53.566998,2025-04-01 10:15:14.186893,0 days 00:00:20.619895,0.9427261171393929,0.7763007646979152,16,0.10863679495357947,0.2350576624961558,0.024847301899974264,0.005564623745597901,0.04595454443312901,0.08714681940287981,0.0001353896670928662,11,137,0.07034515103689878,0.22637038676953822,True,False,False,3.631036087458682e-07,COMPLETE
1465,0.5331417560577393,2025-04-01 10:15:14.656209,2025-04-01 10:15:34.553712,0 days 00:00:19.897503,0.08492096619200303,0.9017219343807468,16,0.06655107455537222,0.24124944031801315,0.036242680301016864,0.015148797121049471,0.04931327367423141,0.08290257006327971,9.957987738096983e-05,10,140,0.0722907288115333,0.2214223975750213,True,False,False,2.717608658744937e-07,COMPLETE
1466,0.5320724725723267,2025-04-01 10:15:35.042030,2025-04-01 10:15:56.633109,0 days 00:00:21.591079,0.03978104062288263,0.8363095365986458,16,0.06121946311045419,0.23231921088705154,0.027402052990103988,0.01116797991615979,0.052431322022311405,0.0847969984183752,7.572576569821909e-05,13,134,0.0780118016546887,0.20469775220043343,True,False,False,4.808432793777248e-07,COMPLETE
1467,0.5791808128356934,2025-04-01 10:15:57.107209,2025-04-01 10:16:17.755012,0 days 00:00:20.647803,0.1069441760164105,0.8132578466991186,16,0.07370615045562084,0.2537503668861054,0.08459678274546248,0.017999437029772095,0.04764073879598655,0.08071609068722406,0.00011304349693509488,12,128,0.07425846343244896,0.23428864081195425,True,False,False,6.126026225985253e-07,COMPLETE
1468,0.43778522014617927,2025-04-01 10:16:18.228963,2025-04-01 10:16:36.982658,0 days 00:00:18.753695,0.07547131261419845,0.873949698527,16,0.07819988471035508,0.07251427944950409,0.03084230188586813,0.01002253576530395,0.05561603234292046,0.08553291270263133,0.0001587522029395638,11,142,0.07120113555076574,0.22763173537411144,True,False,True,1.9105811127674517e-07,COMPLETE
1469,0.6375471711158753,2025-04-01 10:16:37.452821,2025-04-01 10:16:58.260405,0 days 00:00:20.807584,0.12483511236646601,0.8502681401804787,16,0.05936913132831337,0.2463213812307597,0.03454729814157903,0.007525959219841271,0.043532444109982034,0.08679632283525907,0.00012847276067576836,12,131,0.07665564098120584,0.23566842325694584,True,False,False,2.921955234972428e-07,COMPLETE
1470,0.41209255456924443,2025-04-01 10:16:58.752742,2025-04-01 10:17:22.782008,0 days 00:00:24.029266,0.09567517261452374,0.761610573187422,8,0.06703867271421236,0.23094599492840795,0.03934820964684194,0.016436599830670445,0.029802538187807027,0.0902072244371198,8.802315868145313e-05,11,138,0.08028225139098723,0.21749412388124248,True,False,False,4.3627421312510117e-07,COMPLETE
1471,0.4344704866409302,2025-04-01 10:17:23.258568,2025-04-01 10:17:41.213948,0 days 00:00:17.955380,0.4314544752227701,0.8006563697477176,16,0.0849600252102754,0.2384625902232089,0.022972151333667784,0.02095851161991624,0.05133561072576671,0.046321945353219506,0.00010891216664155436,10,142,0.07311917144187668,0.21129605353978223,False,False,False,1.0174371801759185e-08,COMPLETE
1472,0.3551823735237122,2025-04-01 10:17:41.687649,2025-04-01 10:18:02.174433,0 days 00:00:20.486784,0.0596108837857473,0.881049384043672,16,0.07210169414736815,0.2656916418681432,0.029101570479617787,0.01257862023093738,0.046045657234555955,0.08081856705032593,0.00014229129084765364,11,137,0.06970144107378427,0.04282715883667165,True,False,False,2.7370384837333782e-06,COMPLETE
1473,0.41337395906448365,2025-04-01 10:18:02.646562,2025-04-01 10:18:23.844075,0 days 00:00:21.197513,0.1215763640528337,0.8154541681729719,16,0.07959587775324115,0.24469608679263502,0.03309353920407934,0.008773262729317412,0.04138395259249922,0.0824275802636332,6.175154660736793e-05,12,140,0.07518279644176888,0.22845328160674108,True,False,False,8.920810298522947e-07,COMPLETE
1474,0.5041736006736756,2025-04-01 10:18:24.335102,2025-04-01 10:18:44.416368,0 days 00:00:20.081266,0.13617021367710466,0.8302832858435881,16,0.06569704398490182,0.23087109738878303,0.02613435187089366,0.0049443049437143715,0.05872687788084137,0.08413629475697988,7.791283530260148e-05,10,143,0.07778035945295989,0.22218435033328213,True,False,False,3.4918438867941057e-07,COMPLETE
1475,0.41961106061935427,2025-04-01 10:18:44.893137,2025-04-01 10:19:05.259478,0 days 00:00:20.366341,0.08949532000977817,0.13138938004444017,16,0.09873139677124636,0.2531410901935321,0.03716355609832956,0.014223919758683578,0.04944840281038734,0.088530054496468,0.00016108045809697463,11,134,0.0823763698207723,0.2374844473157622,True,False,False,5.655492543003251e-07,COMPLETE
1476,0.5394945859909057,2025-04-01 10:19:05.733076,2025-04-01 10:19:24.315952,0 days 00:00:18.582876,0.07094929667064186,0.919748160057032,16,0.057532309662244964,0.24092278090752917,0.03576732802208943,0.006845525892406143,0.04776266114659937,0.08525853834999554,9.934354012929368e-05,11,88,0.07281931587645071,0.23120256619531035,True,False,False,4.0328927351316873e-07,COMPLETE
1477,0.2797684073448181,2025-04-01 10:19:24.812542,2025-04-01 10:19:42.729178,0 days 00:00:17.916636,0.11059938287037592,0.7815835175580317,16,0.07212860150352617,0.2605131904477572,0.021668689624485444,0.011061965939716954,0.051491225689662065,0.08291683124608477,0.0017147113130865815,10,138,0.08626337957949345,0.13357287069443838,True,True,False,2.3594741126750044e-07,COMPLETE
1478,0.6446146130561828,2025-04-01 10:19:43.209395,2025-04-01 10:20:03.983883,0 days 00:00:20.774488,0.04665745511783077,0.8633655477374423,16,0.08925678668629766,0.2489372187622953,0.024885376242532363,0.019086302028908833,0.05445500147355142,0.06149786017572217,0.00012407553248198542,11,142,0.07526304082014826,0.23769994161664793,True,False,False,1.2589401902894694e-08,COMPLETE
1479,0.3593103587627411,2025-04-01 10:20:04.467458,2025-04-01 10:20:25.158995,0 days 00:00:20.691537,0.13771233005517608,0.9011425760684022,16,0.060009285878438436,0.23613518877179707,0.030871255424795206,0.008988218509329812,0.044904831067951595,0.0874901903885488,0.00011344825696910047,12,139,0.0705825148657835,0.22379098294845035,True,False,False,1.4831254323337343e-07,COMPLETE
1480,0.4046334505081177,2025-04-01 10:20:25.639979,2025-04-01 10:20:46.047535,0 days 00:00:20.407556,0.10689661010305103,0.8438627725633301,16,0.0759508403411491,0.2999267301156188,0.028179533338535588,0.013129080103193178,0.025426788042703555,0.030350078708014084,1.1586174215945962e-05,11,135,0.0738469428654661,0.21548721730347223,True,False,False,5.848193320255882e-07,COMPLETE
1481,0.42988041639328006,2025-04-01 10:20:46.545513,2025-04-01 10:21:43.786820,0 days 00:00:57.241307,0.08569968170603864,0.7941811130881148,2,0.0644122174822997,0.2296865921198626,0.03832192951080513,0.004418004153689488,0.043019409329267524,0.04779312006552974,0.00015431028610289767,12,143,0.07907443223781085,0.23021508367232585,True,False,False,6.788039386892296e-07,COMPLETE
1482,0.5094740867614747,2025-04-01 10:21:44.261862,2025-04-01 10:22:03.988191,0 days 00:00:19.726329,0.03620713922794619,0.8234159177589477,16,0.0837809823150713,0.11914784097400136,0.04213728909816695,0.016214149852919794,0.04972258241385207,0.09707838230211169,8.859256764009936e-05,10,140,0.0768150448107908,0.23794888077141269,True,False,False,1.398030779709002e-06,COMPLETE
1483,0.5783059120178222,2025-04-01 10:22:04.463984,2025-04-01 10:22:24.676094,0 days 00:00:20.212110,0.06520004596039652,0.7575190010889373,16,0.06993491083112019,0.2425518148493217,0.03401621799203805,0.0072103492783681085,0.046764991876204885,0.09218498110300515,0.0001338630679680833,11,132,0.07164021071208385,0.22100260084837517,True,False,False,4.735382476460456e-07,COMPLETE
1484,0.6027042150497437,2025-04-01 10:22:25.151358,2025-04-01 10:22:46.268960,0 days 00:00:21.117602,0.1109357244686616,0.8593633116979257,16,0.07735300246987897,0.24865034165389194,0.031947496519664116,0.010856558683862271,0.05210216397001344,0.08072833809423555,6.697743280087296e-05,12,143,0.06955058320545796,0.23336013035748757,True,False,False,2.840397429778718e-07,COMPLETE
1485,0.6468915939331055,2025-04-01 10:22:46.767465,2025-04-01 10:23:07.290882,0 days 00:00:20.523417,0.13839617982657965,0.8886796417248224,16,0.13885927304276424,0.23591284682286215,0.026798783517856677,0.014565312198362209,0.044642439079195635,0.08606930181127925,9.964380269712114e-05,11,137,0.07477217453933045,0.2276052099331038,True,False,False,8.529679415010751e-07,COMPLETE
1486,0.2748247802257538,2025-04-01 10:23:07.773360,2025-04-01 10:23:25.521710,0 days 00:00:17.748350,0.15181394384785116,0.934698493619906,16,0.16655364452612295,0.22960824180229789,0.029843693566012883,0.013197660970492464,0.040312798997518544,0.08672605094565733,5.81909109824171e-05,10,128,0.07257999062944777,0.21290394233203344,True,False,True,1.2297563416613445e-06,COMPLETE
1487,0.602138888835907,2025-04-01 10:23:25.999461,2025-04-01 10:23:46.259051,0 days 00:00:20.259590,0.14275225636321326,0.9141458944058329,16,0.05737762592716089,0.22760229806598734,0.07441911779053247,0.00912251321595519,0.0415087976496631,0.08619115963838139,8.391221140599481e-05,11,131,0.0693451535210172,0.20693690169370044,True,False,False,1.096272313057497e-06,COMPLETE
1488,0.5691326498985291,2025-04-01 10:23:46.734003,2025-04-01 10:24:07.722596,0 days 00:00:20.988593,0.13366818563561217,0.9325575749796968,16,0.18647162173057458,0.2332162645811986,0.028052264621956858,0.005594030143801966,0.042478742188477144,0.08887628901464714,7.214196273495302e-05,12,134,0.07404607830199185,0.22594652819960517,True,False,False,1.3883434441277518e-06,COMPLETE
1489,0.546965479850769,2025-04-01 10:24:08.234923,2025-04-01 10:24:26.991114,0 days 00:00:18.756191,0.15117252485049334,0.9034355786553429,16,0.1381956261068829,0.23692208390875302,0.030560005826262945,0.010763265149024495,0.043822995990056506,0.08496230633058671,9.556355836304896e-05,10,101,0.07206967875255782,0.21838166089417588,True,False,False,1.0045288316925735e-06,COMPLETE
1490,0.43013476133346557,2025-04-01 10:24:27.480208,2025-04-01 10:24:50.765343,0 days 00:00:23.285135,0.1506991371395288,0.6339244821970029,16,0.16122324260146656,0.22780269862430408,0.034812712247477444,0.012678508927706425,0.04389382403999305,0.08756705108820285,7.861072189592553e-05,22,136,0.0743730078809462,0.23977343462046016,False,False,False,2.139911185011729e-07,COMPLETE
1491,0.5749707221984863,2025-04-01 10:24:51.243709,2025-04-01 10:25:11.815467,0 days 00:00:20.571758,0.3999517161311842,0.8943306630277014,16,0.06442661977183343,0.2358008974016927,0.0321044224471467,0.007677622254719624,0.04098742519235087,0.08532129570644177,5.161977591104409e-05,11,137,0.07128038576324078,0.22416445143590927,True,False,False,1.7040988870537104e-05,COMPLETE
1492,0.5802005887031555,2025-04-01 10:25:12.295588,2025-04-01 10:25:36.314626,0 days 00:00:24.019038,0.13067598635178304,0.8878786355261742,8,0.1597121435407284,0.2294808563802541,0.06701584751935084,0.00449137289167656,0.04552045002265732,0.08786940421665886,9.520883663700311e-05,11,129,0.07622446776034626,0.23347415295863969,True,False,False,2.150519935562642e-06,COMPLETE
1493,0.5911597728729249,2025-04-01 10:25:36.815933,2025-04-01 10:25:58.500076,0 days 00:00:21.684143,0.1576439423461109,0.9194168884514394,16,0.13286978054344228,0.23743300118458338,0.028180753551997402,0.008926965305874432,0.042580092316149884,0.08439657825356942,6.772829148330185e-05,13,134,0.06806490045941509,0.24102731644502692,True,False,False,8.079218602039287e-07,COMPLETE
1494,0.5252039909362793,2025-04-01 10:25:58.982733,2025-04-01 10:26:20.108921,0 days 00:00:21.126188,0.13847459572206955,0.8972506790404201,16,0.06842521478250978,0.23268262179227656,0.039039153694195854,0.01746078619001243,0.04440949370806368,0.0891554804767652,0.00010525966786227329,12,143,0.0729509624690505,0.21805543100364078,True,False,False,1.8695696569076486e-06,COMPLETE
1495,0.41092767715454104,2025-04-01 10:26:20.587878,2025-04-01 10:26:38.510574,0 days 00:00:17.922696,0.1251257554150452,0.9119062363213298,16,0.05814475409529192,0.22608298568268584,0.036501294964747154,0.014685472840044221,0.04521435007719117,0.08326333390976653,8.29185351454603e-05,10,82,0.07035099663381002,0.22937526738364394,True,False,False,9.246231681672298e-07,COMPLETE
1496,0.2797684073448181,2025-04-01 10:26:39.018982,2025-04-01 10:26:57.585853,0 days 00:00:18.566871,0.16677035621200498,0.8879279474151218,16,0.13809558207731917,0.24162329499624563,0.03307313626560598,0.022495725503887707,0.042249032118096747,0.08732773082710252,9.711204473892865e-05,11,137,0.07438643612728338,0.19719814437553407,True,True,False,1.601751141895861e-07,COMPLETE
1497,0.5738454818725586,2025-04-01 10:26:58.069413,2025-04-01 10:27:18.395379,0 days 00:00:20.325966,0.144686904127117,0.7780856270231872,16,0.06372007968078783,0.23736715334219619,0.02988344709127448,0.011827447042788026,0.044880912780776556,0.08574646921604875,0.00010964365903905397,11,140,0.07761190661850352,0.18617996686465405,True,False,False,3.457746494829477e-07,COMPLETE
1498,0.40667405128479006,2025-04-01 10:27:18.876807,2025-04-01 10:27:39.577335,0 days 00:00:20.700528,0.11794658627479795,0.931222470359987,16,0.1272032781510452,0.23185048128741778,0.035370419280442426,0.00689796147585175,0.04014499733048336,0.08368196394252406,0.000132636367198192,12,131,0.035640331027298036,0.22274536847433277,True,False,False,2.6140251742445623e-07,COMPLETE
1499,0.4593992710113526,2025-04-01 10:27:40.058513,2025-04-01 10:28:00.114951,0 days 00:00:20.056438,0.16113891736844846,0.8778198612440897,16,0.06898436585947604,0.24525224269878815,0.04081411211358672,0.00400045330844179,0.04603186872961997,0.021657575318001585,8.092666982482616e-05,10,144,0.07281277891633622,0.1474116493960993,True,False,False,1.4061202716952365e-08,COMPLETE
1500,0.6447407960891725,2025-04-01 10:28:00.618979,2025-04-01 10:28:21.365710,0 days 00:00:20.746731,0.11745317139753571,0.7577272665818487,16,0.1306738197167085,0.22602680046762863,0.002057426481326584,0.005742377571233323,0.0433407728734201,0.08565043028365384,0.00011204488885535304,11,140,0.07586801896806074,0.23515429311452107,True,False,False,1.668612977675455e-06,COMPLETE
1501,0.5856804966926574,2025-04-01 10:28:21.848451,2025-04-01 10:28:46.590260,0 days 00:00:24.741809,0.12961772121030377,0.7867675417603729,16,0.12556648034392964,0.2566640381872434,0.027311165588872297,0.010201275218876087,0.04713815676883794,0.08898156585781633,0.00016470769263828534,19,125,0.07078300566344087,0.24123882308676503,True,False,False,8.029520824847281e-07,COMPLETE
1502,0.5089518904685975,2025-04-01 10:28:47.091360,2025-04-01 10:29:08.177487,0 days 00:00:21.086127,0.10725945834769704,0.8807874055806648,16,0.12305108247581938,0.2389452183890889,0.038167185211141486,0.014493114161363781,0.04129333791678268,0.011553325308386743,9.155031280374581e-05,12,135,0.07977941637243989,0.21202658370355196,True,False,False,1.0649304505794977e-06,COMPLETE
1503,0.419577169418335,2025-04-01 10:29:08.661202,2025-04-01 10:29:28.587198,0 days 00:00:19.925996,0.1435124961763238,0.7961150802315723,16,0.15576905182770218,0.2507328658347004,0.08769660579530747,0.011997600298999314,0.04463319091335661,0.08195809570639431,6.411301489699344e-05,10,144,0.07497064039910649,0.2269212196760451,True,False,False,1.2259270146830462e-08,COMPLETE
1504,0.5732166528701783,2025-04-01 10:29:29.093095,2025-04-01 10:29:49.506473,0 days 00:00:20.413378,0.09002742530697766,0.7446391117186096,16,0.11587239949274664,0.23173824243284083,0.033605337765786863,0.00907806642506314,0.04662616946949644,0.0862503339212867,0.00014050216969228982,11,137,0.07292273954944034,0.23243726284737126,True,False,False,3.4950530321765673e-07,COMPLETE
1505,0.4837788581848145,2025-04-01 10:29:49.993200,2025-04-01 10:30:39.207262,0 days 00:00:49.214062,0.16302475055769963,0.902875230093137,2,0.07256627597656477,0.2435151791030952,0.030213088300379373,0.01712980664229008,0.04323299859478418,0.08324303477474695,0.00011346434267680967,12,116,0.077754454091799,0.21977532843712194,True,False,True,4.335325594879429e-07,COMPLETE
1506,0.3797535657882691,2025-04-01 10:30:39.687839,2025-04-01 10:31:00.292506,0 days 00:00:20.604667,0.0627318054539425,0.8117956272052816,16,0.17293442600190567,0.22528830990082063,0.026390633706750172,0.006167044136617129,0.04745504508382234,0.08740523564892538,9.358348096655922e-05,11,141,0.06856938832056705,0.20290166181864203,True,False,False,2.515033284073592e-07,COMPLETE
1507,0.5176183938980102,2025-04-01 10:31:00.797458,2025-04-01 10:31:20.209281,0 days 00:00:19.411823,0.10997627267655188,0.7774342329376308,16,0.007761802150009989,0.23762992601977392,0.0316342707140082,0.019655300625437983,0.03259788345990906,0.08030868097621602,0.00016145066338250463,10,133,0.0742922032084522,0.2372970489815543,True,False,False,1.5959923401682992e-08,COMPLETE
1508,0.4084739685058594,2025-04-01 10:31:20.697664,2025-04-01 10:31:41.433453,0 days 00:00:20.735789,0.13120733650045294,0.8713835650353858,16,0.05658601090277852,0.2461803456002529,0.005844308933538385,0.007796898411451713,0.04519281924333492,0.08470274396219774,0.00012895116878732858,11,145,0.07091111657518791,0.22935501537683892,True,False,False,1.7425598449453253e-07,COMPLETE
1509,0.5735911846160889,2025-04-01 10:31:41.918688,2025-04-01 10:32:01.215927,0 days 00:00:19.297239,0.08002200587879033,0.8364059948326237,16,0.18253255318614603,0.23330100321840144,0.036653895695796315,0.012048573064206564,0.04153107080836535,0.08273902493682414,7.617258512282162e-05,9,139,0.07599348308483618,0.24236544435371188,True,False,False,5.273446964148276e-07,COMPLETE
1510,0.4058403134346008,2025-04-01 10:32:01.700824,2025-04-01 10:32:19.246085,0 days 00:00:17.545261,0.033520191438751616,0.9189277215540689,16,0.06390794122674909,0.2510256021091206,0.024259505283386638,0.003806913742117091,0.048340043470110165,0.08653101595792158,0.00011089762637662584,10,142,0.07205358431080798,0.2154603803763794,False,False,False,1.0074405643399373e-08,COMPLETE
1511,0.41866340637207033,2025-04-01 10:32:19.749859,2025-04-01 10:32:41.392639,0 days 00:00:21.642780,0.17098058398241922,0.8019840528826715,16,0.01737359365133269,0.27286099115589846,0.028428357407145777,0.015815120302802018,0.04571343444580631,0.09049895476330119,0.002329307733496124,13,145,0.0779836935250241,0.22395310441996272,True,False,False,3.2007330881100066e-07,COMPLETE
1512,0.6272910118103028,2025-04-01 10:32:41.882838,2025-04-01 10:33:02.339146,0 days 00:00:20.456308,0.5737243491014086,0.7725736006823481,16,0.07361360277187888,0.2398429092981903,0.03408458934976314,0.009952565437260488,0.04763919473382322,0.08434213104887028,0.00013711215794109325,11,137,0.07395643577511703,0.23469767511527664,True,False,False,1.1878210870653078e-06,COMPLETE
1513,0.5888115525245667,2025-04-01 10:33:02.821421,2025-04-01 10:33:37.092714,0 days 00:00:34.271293,0.09981149054441642,0.8215494801690664,8,0.1516384406057212,0.2573521122805768,0.06546297589403677,0.01388353559763391,0.02710151283748921,0.08907529164179874,9.216852045524297e-05,23,111,0.08042910407565922,0.2097141701123294,True,False,False,7.048218231622165e-07,COMPLETE
1514,0.2797684073448181,2025-04-01 10:33:37.602928,2025-04-01 10:33:56.744537,0 days 00:00:19.141609,0.1371307877569825,0.8682068503457937,16,0.055532241292196236,0.22600386588671642,0.0401412990132691,0.008735697370521904,0.04293209104527677,0.07988978562979816,0.00016100229020366515,12,141,0.068593011829804,0.24171922540515864,True,True,False,3.550065476684009e-06,COMPLETE
