number,value,datetime_start,datetime_complete,duration,params_alpha-eval,params_alpha-train,params_batch-size,params_eps-eval,params_eps-train,params_lambda-actions-eval,params_lambda-actions-train,params_lambda-frames-eval,params_lambda-frames-train,params_learning-rate,params_n-epochs,params_n-frames,params_radius-gw,params_rho,params_std-feats,params_ub-actions,params_ub-frames,params_weight-decay,state
1403,0.5199329376220703,2025-04-01 09:52:06.490535,2025-04-01 09:52:32.486675,0 days 00:00:25.996140,0.0718394619284974,0.8603215789620005,8,0.1768532420066785,0.24855696215326553,0.03348010206727411,0.007648581511222246,0.04563455279663544,0.0824200908197307,7.465171046748922e-05,13,132,0.0802258735698909,0.20966167486930576,True,False,False,2.1263949623012435e-07,COMPLETE
1404,0.5503307700157166,2025-04-01 09:52:32.941125,2025-04-01 09:52:53.682261,0 days 00:00:20.741136,0.04829355436859338,0.8858249232673525,16,0.07135186020855895,0.2442010300320165,0.03573216259269118,0.009845666744746443,0.042442050727653766,0.08424199006249018,9.511438295375471e-05,12,134,0.08179597526719062,0.19999021041956416,True,False,False,3.104547432519407e-07,COMPLETE
1405,0.6020249128341675,2025-04-01 09:52:54.136685,2025-04-01 09:53:14.391786,0 days 00:00:20.255101,0.07364244155847534,0.7651436087247917,16,0.05973825768500257,0.23979272919614242,0.03390762099274856,0.006947000592242085,0.04430885421335529,0.08698986866743319,0.00631256194552768,11,133,0.07507345617081916,0.21696687673264503,True,False,False,2.6607357798916487e-07,COMPLETE
1406,0.5778039574623108,2025-04-01 09:53:14.844386,2025-04-01 09:53:34.877264,0 days 00:00:20.032878,0.0753203810640787,0.7858075520203643,16,0.07531330006444845,0.25051148824623276,0.033129397254701834,0.008420444979271406,0.04181624170563093,0.08317826965045873,0.00012626991489859962,11,127,0.07571787341471248,0.22223430751565298,True,False,False,3.5040341773642254e-07,COMPLETE
1407,0.5891932964324952,2025-04-01 09:53:35.347775,2025-04-01 09:53:56.128673,0 days 00:00:20.780898,0.05114391418477755,0.8629414185474998,16,0.065144397364166,0.2575414071427906,0.03212591702050048,0.009847089014867394,0.04647348257460445,0.08555904442309734,0.00011086547335436824,12,135,0.07835938010744829,0.19270472746600856,True,False,False,1.853253832194971e-07,COMPLETE
1408,0.5606903076171875,2025-04-01 09:53:56.582331,2025-04-01 09:54:16.686976,0 days 00:00:20.104645,0.08148755400406418,0.9064457729885316,16,0.06749667012315047,0.24518336256691986,0.038110259451845596,0.006889649506127499,0.04452825200092765,0.08253917352783771,8.38149577259693e-05,11,125,0.0751297811741138,0.2244434149285257,True,False,False,3.762337281198338e-07,COMPLETE
1409,0.5853039622306824,2025-04-01 09:54:17.142475,2025-04-01 09:54:38.053834,0 days 00:00:20.911359,0.055326681976845274,0.8149668631601965,16,0.05881076560741498,0.23914199392722166,0.03589004760847045,0.00938179732767597,0.04690100976039441,0.08448982681293912,0.00012704553051639508,12,135,0.0777018160897099,0.21412674919643762,True,False,False,2.653424204647286e-07,COMPLETE
1410,0.6371788263320923,2025-04-01 09:54:38.506796,2025-04-01 09:54:58.767505,0 days 00:00:20.260709,0.09141037690071965,0.7913576017824775,16,0.07936472132911648,0.25136654062363956,0.032110117803199,0.006601748457935484,0.028851875182179805,0.08590808791406823,0.0001007820175554749,11,135,0.0742359985200216,0.22289296505082926,True,False,False,3.5698142189616407e-07,COMPLETE
1411,0.4329894661903382,2025-04-01 09:54:59.220749,2025-04-01 09:55:18.003562,0 days 00:00:18.782813,0.07430908550601358,0.8587883234133534,16,0.08938380243823818,0.2402245362995828,0.03735776718416102,0.008864602741668493,0.042768245979547086,0.08176806734946872,6.927378959947078e-05,11,136,0.07388192567959077,0.20899008446719394,True,False,True,3.1910694895394025e-07,COMPLETE
1412,0.5905199766159058,2025-04-01 09:55:18.475295,2025-04-01 09:55:38.723984,0 days 00:00:20.248689,0.0928631862764551,0.7643378573339223,16,0.07266738005916988,0.24809275027025454,0.031045040302395088,0.010553709827009608,0.045469395034981624,0.09970111195098144,0.00012110695072469488,11,137,0.07694599412272711,0.21852707576322114,True,False,False,2.5803529974445196e-07,COMPLETE
1413,0.4077048659324646,2025-04-01 09:55:39.186452,2025-04-01 09:56:00.019429,0 days 00:00:20.832977,0.071020797573539,0.3463381506750751,16,0.06326145207416597,0.23636496149850614,0.034750202901864674,0.007163956561237222,0.047384479030145366,0.08312460318402008,9.581289681300282e-05,12,138,0.07890930074650647,0.22072493480751493,True,False,False,4.2391761187978905e-07,COMPLETE
1414,0.6041299223899842,2025-04-01 09:56:00.477677,2025-04-01 09:56:20.629747,0 days 00:00:20.152070,0.09149859925182552,0.8765204035145249,16,0.07075566347323009,0.24384526946721957,0.017777272866937845,0.010587713012835426,0.041219967432582445,0.08543192965954752,0.00013585936838600654,11,134,0.07441371841521285,0.2264952593133635,True,False,False,3.6658241372212916e-07,COMPLETE
1415,0.5468687891960144,2025-04-01 09:56:21.082392,2025-04-01 09:57:20.993063,0 days 00:00:59.910671,0.047881349151292336,0.8080870033724247,2,0.08405635983409752,0.25629289347696876,0.031584274094926236,0.0056839647181144036,0.04385266812249787,0.087130170879708,8.251613437854911e-05,13,138,0.07595817218954094,0.2256402675256832,True,False,False,2.2418050923147455e-07,COMPLETE
1416,0.42659070491790774,2025-04-01 09:57:21.446329,2025-04-01 09:57:40.335284,0 days 00:00:18.888955,0.10517884603820818,0.8449986087129153,16,0.05828373718801811,0.2366469613595132,0.03573715687466799,0.008258953031194092,0.046966153078331054,0.08214115063776123,0.00012085547703901114,12,131,0.08150178672400837,0.21725030719691527,False,False,False,1.707635987583576e-07,COMPLETE
1417,0.6502977728843689,2025-04-01 09:57:40.809776,2025-04-01 09:58:01.234121,0 days 00:00:20.424345,0.052542302174479166,0.8226172808432481,16,0.07744176391681515,0.24512061162382776,0.0382871484818789,0.011900768858057423,0.04801087323983247,0.08675650962631536,0.00010428310488489125,11,138,0.07298276582143233,0.2227000847371651,True,False,False,4.0192062811729796e-07,COMPLETE
1418,0.5726380109786987,2025-04-01 09:58:01.693382,2025-04-01 09:58:22.147593,0 days 00:00:20.454211,0.053855517390400905,0.8486540014193331,16,0.0798935102896963,0.2512800928504563,0.03986496147231403,0.012674258535237109,0.050887224172824416,0.08657242681025545,6.021641463820393e-05,11,133,0.07695812029866746,0.20754453618360608,True,False,False,3.9936446696024483e-07,COMPLETE
1419,0.36450104117393495,2025-04-01 09:58:22.604458,2025-04-01 09:58:43.723606,0 days 00:00:21.119148,0.07616480078383235,0.8286853396937158,16,0.08624550249191153,0.2538612893482411,0.038977278209121315,0.013672944335079809,0.04907318951764147,0.0867152183455911,7.537950529136624e-05,12,135,0.07377909365381434,0.2131121029283795,True,False,False,3.0876080694557245e-07,COMPLETE
1420,0.40618760585784913,2025-04-01 09:58:44.180123,2025-04-01 09:59:04.472756,0 days 00:00:20.292633,0.0467632197151738,0.8664203595168145,16,0.0763195580429934,0.2639141331568234,0.038904076844726625,0.012278201598461682,0.050574272264621245,0.08830661451435408,9.062962447242825e-05,11,136,0.07953762739452029,0.21900270080861528,True,False,False,3.8322988657085773e-07,COMPLETE
1421,0.41491112709045413,2025-04-01 09:59:04.952074,2025-04-01 09:59:24.989075,0 days 00:00:20.037001,0.04929657969454396,0.837419720802629,16,0.08020765207064505,0.24614651007117677,0.04062880444853199,0.01132089357288012,0.052964512800397955,0.08715427738881906,6.998071013507239e-05,11,128,0.08979638833421111,0.21244343586468936,True,False,False,4.679038326486601e-07,COMPLETE
1422,0.2797684073448181,2025-04-01 09:59:25.450347,2025-04-01 09:59:44.022122,0 days 00:00:18.571775,0.05238004392517566,0.8898750841740276,16,0.07543865505127287,0.25819622344914733,0.037505520924895154,0.013820615238525652,0.048283124959619915,0.08466203875323766,9.622727142012873e-05,12,131,0.07294411314603778,0.22114094840807114,True,True,False,4.4048604539701e-07,COMPLETE
1423,0.6369522333145142,2025-04-01 09:59:44.479832,2025-04-01 10:00:05.107370,0 days 00:00:20.627538,0.042361483456866945,0.8547595051707909,16,0.09161266383500015,0.24640141698642354,0.036612271412409074,0.011468425739177938,0.05025567404946392,0.08831599217316766,8.265402282509975e-05,11,137,0.07552683258518868,0.22341799483270475,True,False,False,2.8647334286548524e-07,COMPLETE
1424,0.642403280735016,2025-04-01 10:00:05.567410,2025-04-01 10:00:25.733266,0 days 00:00:20.165856,0.06834198263211913,0.8229344266040776,16,0.08399055003502923,0.2436210456494453,0.03725952302973878,0.014086403025794782,0.047478495824011,0.08462637021681907,0.00010638056923267938,11,133,0.0777062922827045,0.21589933581442283,True,False,False,3.1873585018798127e-07,COMPLETE
1425,0.5636412262916566,2025-04-01 10:00:26.185667,2025-04-01 10:00:47.237630,0 days 00:00:21.051963,0.06480447336923151,0.8740890919567884,16,0.07504071783385166,0.09103873779663994,0.03539570314037922,0.0804629995756543,0.052072950201295855,0.08633970734372648,0.00010465531967961036,12,138,0.07458687127289879,0.20386492642529538,True,False,False,4.446439009016859e-07,COMPLETE
1426,0.5754428148269654,2025-04-01 10:00:47.715917,2025-04-01 10:01:07.277659,0 days 00:00:19.561742,0.08807890716003611,0.8384631257145525,16,0.069627516088772,0.25279488376724074,0.038910320201812565,0.011244561584167246,0.04903632250938621,0.08829485142709813,8.392230871485388e-05,11,120,0.07257586205930776,0.22629068024329757,True,False,False,2.529246764142106e-07,COMPLETE
1427,0.52668377161026,2025-04-01 10:01:07.741951,2025-04-01 10:01:27.336779,0 days 00:00:19.594828,0.03857876689514328,0.8204090585110881,16,0.07950557071556708,0.24679965337852217,0.03988018767668604,0.01418961334326008,0.047237068914025425,0.08434646284441605,6.322030355883174e-05,10,136,0.07614010098891985,0.21790269407747806,True,False,False,4.445480702925023e-07,COMPLETE
1428,0.5351019382476807,2025-04-01 10:01:27.795922,2025-04-01 10:01:51.087771,0 days 00:00:23.291849,0.06338551242519996,0.9096845392312551,8,0.09517568258703059,0.24216988558087973,0.03680523300089833,0.012116987428767786,0.05097288383694371,0.08726299357699632,0.00010526481912274571,10,139,0.0728889418226667,0.21112705503934714,True,False,False,2.0016356489838482e-07,COMPLETE
1429,0.5250000834465027,2025-04-01 10:01:51.548739,2025-04-01 10:02:12.279556,0 days 00:00:20.730817,0.08450966133575122,0.8566458855151827,16,0.0890307394983734,0.26320988956324176,0.04143653326092839,0.010597251572688949,0.02242226125366279,0.08369338443120497,4.769600989927803e-05,12,133,0.07924178875990907,0.21967328537959724,True,False,False,3.801564767734679e-07,COMPLETE
1430,0.6101272940635681,2025-04-01 10:02:12.737862,2025-04-01 10:02:33.194491,0 days 00:00:20.456629,0.04320418620416487,0.8805757285514704,16,0.06886943483424705,0.24896960810931087,0.03778732603054705,0.014913677293774331,0.052831586497559285,0.08982042253895581,9.358960509834745e-05,11,139,0.07540270740641948,0.22670043497653847,True,False,False,2.2330073831307465e-07,COMPLETE
1431,0.43970454931259156,2025-04-01 10:02:33.674639,2025-04-01 10:02:52.144669,0 days 00:00:18.470030,0.07200575053037281,0.8390084510497146,16,0.07471113360701988,0.2560081080887541,0.03488619689147677,0.012736714223257603,0.04849665933647285,0.08584114719540467,0.00011268931663884521,11,137,0.07715793647114277,0.22706560862047429,True,False,True,3.250655939671731e-07,COMPLETE
1432,0.3994908094406128,2025-04-01 10:02:52.605455,2025-04-01 10:03:13.370431,0 days 00:00:20.764976,0.09879108949880006,0.8128073464645615,16,0.08003334970486671,0.24028100577458597,0.03900512361527352,0.010778530878353376,0.04633227444117722,0.08849779065804754,7.319376735045286e-05,12,135,0.032199250396875725,0.22269792136875266,True,False,False,4.889278352498482e-07,COMPLETE
1433,0.5222502946853638,2025-04-01 10:03:13.834485,2025-04-01 10:03:33.623425,0 days 00:00:19.788940,0.09076601060332656,0.8937375315627593,16,0.08593856595359113,0.23933722095948376,0.03753750255491455,0.052975785564584196,0.05730974323257755,0.046395787527250765,0.0001251458346183788,10,139,0.07394828348424026,0.21154949581032367,True,False,False,3.107159906960535e-07,COMPLETE
1434,0.4212930560112,2025-04-01 10:03:34.085214,2025-04-01 10:03:53.176506,0 days 00:00:19.091292,0.06420925832483887,0.8554701376910266,16,0.07153312912344219,0.2502930225905412,0.03547719191420207,0.00951513251212575,0.05447131847985623,0.08310742217643237,9.687416830249121e-05,13,130,0.07179467255625431,0.22627225172595433,False,False,False,4.5969061391717835e-07,COMPLETE
1435,0.5428384780883789,2025-04-01 10:03:53.633574,2025-04-01 10:04:14.076703,0 days 00:00:20.443129,0.10961034837067998,0.8261760944347465,16,0.06752519350745005,0.24355952735765002,0.03387225095871035,0.014985298897825619,0.04994146347261055,0.08637088795029055,8.410129089872603e-05,11,139,0.0743795904384724,0.2171808374705286,True,False,False,2.4949739809431965e-07,COMPLETE
1436,0.6405632734298706,2025-04-01 10:04:14.560452,2025-04-01 10:04:34.756712,0 days 00:00:20.196260,0.07495806528676964,0.8030873756409271,16,0.08338940516511903,0.23685705208526855,0.04115170140518799,0.012372991188950846,0.031117706227145183,0.08437991956564281,0.00011946560020182324,11,133,0.07727024415335595,0.22217538874693324,True,False,False,3.536237735302946e-07,COMPLETE
1437,0.4338236451148987,2025-04-01 10:04:35.218905,2025-04-01 10:05:25.437433,0 days 00:00:50.218528,0.09559284560486314,0.8743130107389552,2,0.07597091698322637,0.25797314755927236,0.03693342185253252,0.008760101142210305,0.04594152341754993,0.0815486244423104,0.0005443697879660896,10,137,0.07248132632729148,0.22905348033437498,True,False,False,4.4774462168667377e-07,COMPLETE
1438,0.2797684073448181,2025-04-01 10:05:25.900837,2025-04-01 10:05:44.747985,0 days 00:00:18.847148,0.05092633734089692,0.9223850549782607,16,0.06565388415573552,0.24921336144717413,0.03960781353103774,0.03294371592170778,0.048426987927601424,0.08881652381764603,0.00013416833911548466,12,140,0.08214546703806405,0.22833423602499966,True,True,False,5.234360513748006e-07,COMPLETE
1439,0.6388055562973023,2025-04-01 10:05:45.212875,2025-04-01 10:06:05.513008,0 days 00:00:20.300133,0.04169620467224419,0.844725604922909,16,0.07275716870504262,0.24394319427674951,0.07750984613533651,0.015380569432536441,0.051885023217787304,0.08634078479836345,0.00010654862612801272,11,135,0.08040776682773702,0.2206689008833433,True,False,False,3.160023245947016e-07,COMPLETE
1440,0.5640626072883607,2025-04-01 10:06:05.993814,2025-04-01 10:06:30.794032,0 days 00:00:24.800218,0.11741203647599216,0.8194886736195811,16,0.07765899964585511,0.2355264292333519,0.03345680298009333,0.009967550613343767,0.050299554293267344,0.08371827925298489,8.562856485147152e-05,18,139,0.07544200090583862,0.1992377022084855,True,False,False,2.097830824569171e-07,COMPLETE
1441,0.3981178641319275,2025-04-01 10:06:31.263421,2025-04-01 10:06:52.578206,0 days 00:00:21.314785,0.08240840204858152,0.7914425112167836,16,0.09780541460669216,0.25357262265091557,0.02095197320351097,0.013746220238373186,0.045869125459714666,0.08183904192481499,0.00012602356202364562,12,140,0.04388725064443662,0.2061574111912167,True,False,False,1.6509344943107004e-07,COMPLETE
1442,0.5704234480857849,2025-04-01 10:06:53.046296,2025-04-01 10:07:13.291395,0 days 00:00:20.245099,0.1156776570651612,0.8669192062850307,16,0.06687307771191862,0.26827307337201556,0.03514331552767521,0.023121697284516286,0.04822911514978602,0.08460134109118209,0.00010469692319194291,11,136,0.07151505553737993,0.229262620757649,True,False,False,5.337790512913632e-07,COMPLETE
1443,0.5935442447662354,2025-04-01 10:07:13.751008,2025-04-01 10:07:33.634045,0 days 00:00:19.883037,0.6282832278302829,0.8335267163009921,16,0.08948695618759162,0.23939160976173018,0.03811090939164847,0.012125816561386935,0.0539640691135339,0.08753156909295756,6.672373323063425e-05,10,132,0.0787120606490989,0.21402817175099093,True,False,False,2.9546304558441743e-07,COMPLETE
1444,0.637094259262085,2025-04-01 10:07:34.097713,2025-04-01 10:07:54.518851,0 days 00:00:20.421138,0.06622487209244779,0.8924634265690945,16,0.0809953682982199,0.24776698085619117,0.023380063946043646,0.016800490195439402,0.046902731326492274,0.08994102664728154,0.00014384192922232113,11,139,0.07391155702966819,0.23005036848697552,True,False,False,3.885041109971241e-07,COMPLETE
1445,0.6421000003814697,2025-04-01 10:07:55.004611,2025-04-01 10:08:15.925409,0 days 00:00:20.920798,0.09537617542422815,0.8068197356849504,16,0.06993112803125248,0.23636011335242227,0.03398247627715946,0.009261325318537881,0.050966666436280145,0.08568633001540782,0.00011129850542155464,12,135,0.0762765316746646,0.2201412673986456,True,False,False,5.740493591301434e-07,COMPLETE
1446,0.5723946571350098,2025-04-01 10:08:16.393619,2025-04-01 10:08:36.192073,0 days 00:00:19.798454,0.10998039195552639,0.8506066772288841,16,0.06369589565191558,0.2434045359169131,0.03683619554554226,0.01346603383762827,0.04459159285079004,0.08482352994413593,8.85653524102542e-05,11,124,0.07165447236523159,0.22389675755296845,True,False,False,3.9845082038977326e-07,COMPLETE
1447,0.5571370244026185,2025-04-01 10:08:36.662505,2025-04-01 10:08:56.415424,0 days 00:00:19.752919,0.08584338427530598,0.7872581852772051,16,0.07283712487467396,0.2598197451917432,0.025865599648054502,0.007925461434926322,0.04938066957564555,0.049107756032029354,0.0001361422638884704,10,140,0.07406192073494178,0.2317853396726819,True,False,False,2.472078569275367e-07,COMPLETE
1448,0.4465693593025208,2025-04-01 10:08:56.880540,2025-04-01 10:09:19.517692,0 days 00:00:22.637152,0.041924209901659,0.9077190765414228,8,0.10337645006768999,0.25390002482792134,0.03281203637129842,0.011633054406435089,0.05605644231612754,0.08174523719410119,0.00014859485101157338,12,140,0.07726378378286466,0.2122359261250654,True,False,True,3.9344203901467304e-07,COMPLETE
1449,0.35848993659019474,2025-04-01 10:09:20.004853,2025-04-01 10:09:41.832879,0 days 00:00:21.828026,0.0641375334634816,0.8320299552470204,16,0.08476734180883497,0.23488013502917396,0.08199382332320565,0.01587671748572032,0.0474517544934104,0.08341134593677063,7.963052817360557e-05,13,137,0.07276365350055422,0.12353145964767769,True,False,False,5.810982245246443e-07,COMPLETE
1450,0.5672486066818238,2025-04-01 10:09:42.302464,2025-04-01 10:10:02.412240,0 days 00:00:20.109776,0.12214074666651711,0.8735053300823126,16,0.07682611305753041,0.242001646801631,0.029980564208411532,0.009578307878254658,0.05276734698234651,0.08823862288823879,0.00011046139011192975,11,128,0.07550578544975363,0.22522344801339397,True,False,False,2.966894250083393e-07,COMPLETE
1451,0.5485610008239746,2025-04-01 10:10:02.879069,2025-04-01 10:10:22.623354,0 days 00:00:19.744285,0.0985513348267374,0.8194121185311154,16,0.06386884137545036,0.24629241392424245,0.03977959094456133,0.01939776367096521,0.045608436361514466,0.08149642591016353,5.377972728415374e-05,10,132,0.07084634264102446,0.23283426819099295,True,False,False,4.124060825795037e-07,COMPLETE
1452,0.4446162462234497,2025-04-01 10:10:23.089878,2025-04-01 10:10:40.993658,0 days 00:00:17.903780,0.07579200731873889,0.8543447872339925,16,0.06929767074404844,0.23344541445614245,0.024697924550336564,0.007024554130063772,0.0771806956472572,0.08628898453157725,9.568241634077441e-05,11,75,0.07859188431347686,0.21795732989651,False,False,False,5.248406382317525e-07,COMPLETE
1453,0.6186269760131836,2025-04-01 10:10:41.481446,2025-04-01 10:10:58.344101,0 days 00:00:16.862655,0.12188666826876063,0.8069761889489484,16,0.09051336125096925,0.24949857998244518,0.036368737944817126,0.013644351640308727,0.04414071249847813,0.08989681461385285,0.00013059899131657836,5,141,0.07445269773684286,0.2291917521481579,True,False,False,1.7228069092911716e-07,COMPLETE
1454,0.419685161113739,2025-04-01 10:10:58.815917,2025-04-01 10:11:19.760794,0 days 00:00:20.944877,0.09887114068927914,0.9300448139081646,16,0.08187349174876149,0.2387711972820554,0.022772266261605677,0.010815062254420322,0.04930621881091004,0.08329735341427472,0.00011871594658006869,12,136,0.08446068027432296,0.2229147763726196,True,False,False,2.496274038281917e-07,COMPLETE
1455,0.41984536647796633,2025-04-01 10:11:20.227729,2025-04-01 10:11:39.994459,0 days 00:00:19.766730,0.05603409747012197,0.773091643669478,16,0.06083925237521381,0.24274978529455715,0.028927738290849003,0.008470195177963052,0.0511821986509053,0.04859393484882019,3.6695979400578454e-05,10,140,0.08063816174506809,0.20920757763367265,True,False,False,3.3190309830815664e-07,COMPLETE
1456,0.6418676137924194,2025-04-01 10:11:40.463295,2025-04-01 10:12:00.671079,0 days 00:00:20.207784,0.07415134334856553,0.8874361246052076,16,0.0746452576213119,0.25444204644888596,0.035007058809176345,0.017974715529016517,0.04806545406607488,0.08715984250453396,0.00014926886389792326,11,137,0.07323297023424134,0.2339582238181986,True,False,False,6.632058701687215e-07,COMPLETE
1457,0.4080394744873047,2025-04-01 10:12:01.158800,2025-04-01 10:12:21.589900,0 days 00:00:20.431100,0.040321077642648404,0.7900651308383005,16,0.06798777315003521,0.23279912801668334,0.026577316345912493,0.015431557361666631,0.04198183057472647,0.08140296187296761,7.287679722633105e-05,11,141,0.07673043917375083,0.217403048836177,True,False,False,5.02682727808396e-07,COMPLETE
1458,0.2797684073448181,2025-04-01 10:12:22.059139,2025-04-01 10:12:40.763864,0 days 00:00:18.704725,0.10936244381260933,0.8347582916406304,16,0.062449528389430645,0.24868558388307388,0.03233111915135783,0.011835136060417603,0.045586234666904785,0.08521994348265226,1.92217497727354e-05,12,133,0.071131674238289,0.22923889773211534,True,True,False,3.370794353409457e-07,COMPLETE
