number,value,datetime_start,datetime_complete,duration,params_alpha-eval,params_alpha-train,params_batch-size,params_eps-eval,params_eps-train,params_lambda-actions-eval,params_lambda-actions-train,params_lambda-frames-eval,params_lambda-frames-train,params_learning-rate,params_n-epochs,params_n-frames,params_radius-gw,params_rho,params_std-feats,params_ub-actions,params_ub-frames,params_weight-decay,state
339,0.6184538006782532,2025-04-01 03:32:45.182315,2025-04-01 03:33:08.423389,0 days 00:00:23.241074,0.010951107317568542,0.9997901227379181,16,0.268032964439472,0.25275607910792613,0.04573775044682727,0.047916794674774416,0.007831438284772348,0.0528893218698574,0.000152275831142019,15,140,0.07029176000105096,0.2785592294936389,True,False,False,0.0002055592499873378,COMPLETE
340,0.44776760339736943,2025-04-01 03:33:08.532725,2025-04-01 03:34:15.538319,0 days 00:01:07.005594,0.6195534267513584,0.9883466297367333,2,0.2671379327383062,0.25083786207008824,0.05371643443986893,0.04826160234115114,0.008666317726356624,0.053327473385538574,0.00015846651950452605,15,141,0.07016474537108738,0.2766506617602486,True,False,False,0.00022638138277706073,COMPLETE
341,0.6187253713607789,2025-04-01 03:34:15.659326,2025-04-01 03:34:39.214710,0 days 00:00:23.555384,0.04786761086105162,0.9659633877013728,16,0.27312920177707234,0.25656123238102346,0.03412838215678041,0.04718975028119235,0.005007680816144528,0.05137736030981643,0.00014128317353016964,15,145,0.07274428023007258,0.2636153484155257,True,False,False,0.00036007523656608596,COMPLETE
342,0.5842953085899354,2025-04-01 03:34:39.324536,2025-04-01 03:35:02.915869,0 days 00:00:23.591333,0.010160488808653365,0.9999148183257646,16,0.2736996425553079,0.24309979386853056,0.0337207978708141,0.04700263409143426,0.004766455650188597,0.05210540676018361,0.0001416808618647991,15,147,0.07280394686016844,0.2571630576041931,True,False,False,0.0003812275184076827,COMPLETE
343,0.5868125438690186,2025-04-01 03:35:03.025644,2025-04-01 03:35:27.016682,0 days 00:00:23.991038,0.04548830925257564,0.9694243142823588,16,0.2642265823889181,0.2543036985374232,0.04742436786901892,0.04584928602432812,0.01685022123557585,0.049512612576827014,0.00017783580383634996,16,144,0.07508470578154977,0.2652521716540551,True,False,False,0.0005302636499501975,COMPLETE
344,0.5401695370674133,2025-04-01 03:35:27.126535,2025-04-01 03:35:50.001673,0 days 00:00:22.875138,0.030127484868784624,0.9573915015284538,16,0.2819548395273275,0.26014444536213327,0.03701937154970849,0.04877811043642512,0.00832121444173057,0.05103259832943854,0.00024166797235867997,14,146,0.07053659585382839,0.250311318741238,True,False,False,0.0002856236172180936,COMPLETE
345,0.290633225440979,2025-04-01 03:35:50.122434,2025-04-01 03:36:54.565872,0 days 00:01:04.443438,0.6470185759044611,0.9833810108248041,2,0.27237142562678923,0.24862705106599448,0.03462878255257081,0.04342420809167279,0.007524473905213346,0.044550611066406204,0.00012481426383878795,17,142,0.07265854157077299,0.27022208095626227,True,False,True,0.00041381046581953607,COMPLETE
346,0.60362868309021,2025-04-01 03:36:54.676345,2025-04-01 03:37:17.768526,0 days 00:00:23.092181,0.010074471389105152,0.943892878247772,16,0.26832677175877057,0.265073686117898,0.03062410338633052,0.0465309798810576,0.067701636255875,0.04152754908827922,0.00016488859689079856,15,139,0.06739717089767933,0.2628839138181599,True,False,False,0.0003249434738307537,COMPLETE
347,0.5683550715446473,2025-04-01 03:37:17.880002,2025-04-01 03:37:41.038557,0 days 00:00:23.158555,0.5790339994079682,0.9718982166917496,16,0.26106381489578806,0.2625030115127169,0.030711407912501338,0.04555119087624745,0.04147046390484578,0.04164883269782836,0.00015267416108434692,15,139,0.06742788900504715,0.25930461698807,True,False,False,0.0003371915736234704,COMPLETE
348,0.6122854709625245,2025-04-01 03:37:41.148879,2025-04-01 03:38:03.705726,0 days 00:00:22.556847,0.05253250275386584,0.999385684351509,16,0.2542820954991867,0.25606633866661543,0.028513461394650177,0.016425871686103995,0.07247253162875225,0.04784464160905631,0.00011575979031136252,14,138,0.06579190780719478,0.26309007373676296,True,False,False,0.0007001736234984905,COMPLETE
349,0.44583786725997926,2025-04-01 03:38:03.826985,2025-04-01 03:38:22.560524,0 days 00:00:18.733539,0.08033097167951478,0.9983973938694415,16,0.2487620030118619,0.2542090635692449,0.02867518927799418,0.006910677444309345,0.07143329935735983,0.04655690989537336,0.00011689691528679499,14,35,0.06559125130983304,0.26322656984847687,False,False,False,0.0007455252290810644,COMPLETE
350,0.6071243405342102,2025-04-01 03:38:22.672365,2025-04-01 03:38:44.599480,0 days 00:00:21.927115,0.10958121480936794,0.9774232499780381,16,0.25317390098521275,0.2645089324160802,0.027057235581507664,0.04990461245702037,0.005616894215157435,0.047542590450703276,0.0001653230669242985,13,139,0.0688701756070373,0.25448746649920007,True,False,False,0.0006285522300877163,COMPLETE
351,0.6096346259117127,2025-04-01 03:38:44.713566,2025-04-01 03:39:06.811889,0 days 00:00:22.098323,0.11707564076210147,0.9560953289348827,16,0.251821551361579,0.2587724393073549,0.025089231163054542,0.010836061385112922,0.07436527833645419,0.04744828035758253,0.00014313052772733985,13,138,0.06955847466321467,0.23925424886642102,True,False,False,0.0008123726533293559,COMPLETE
352,0.6082414031028748,2025-04-01 03:39:06.925033,2025-04-01 03:39:28.684927,0 days 00:00:21.759894,0.11072192022260215,0.9518608331596178,16,0.2521933642388211,0.2570786664573625,0.023099937458809616,0.018738803164671997,0.07676259197825704,0.047979288035490085,0.00013763630839718245,13,138,0.07110157844372365,0.25030259371039854,True,False,False,0.0008140373122402353,COMPLETE
353,0.5766600012779236,2025-04-01 03:39:28.815575,2025-04-01 03:39:50.016006,0 days 00:00:21.200431,0.15535642976908715,0.9452140456113614,16,0.24769378507281353,0.24624815935906563,0.023444021066188293,0.017747900626879937,0.08274791290283467,0.048025123699999755,0.00013972786519066995,12,137,0.07136579986859716,0.24610097624672322,True,False,False,0.0008975143587852716,COMPLETE
354,0.31540608406066895,2025-04-01 03:39:50.131827,2025-04-01 03:40:09.184992,0 days 00:00:19.053165,0.10853951961328806,0.9546510085427069,16,0.25300332743613013,0.25430865523309953,0.02412667513214721,0.011317180124596357,0.07378938492754691,0.050234947225602636,0.00011062408012660524,16,83,0.07772757794191644,0.2380033396244456,True,True,False,0.0007699804001508131,COMPLETE
355,0.6223307490348816,2025-04-01 03:40:09.300468,2025-04-01 03:40:31.240553,0 days 00:00:21.940085,0.012927194211621917,0.9419626754424257,16,0.25133018891554404,0.25961584172627505,0.025394305140410914,0.0220983395799005,0.06901931289732853,0.04806545460374786,0.00016769528190769173,13,139,0.07461029903566632,0.249377261129781,True,False,False,0.0009467713611533008,COMPLETE
356,0.6278977036476135,2025-04-01 03:40:31.355509,2025-04-01 03:40:53.194024,0 days 00:00:21.838515,0.013437167866242203,0.9377143771640073,16,0.2451962271796816,0.25954889686715543,0.026226566570539882,0.021120881180816512,0.06783771127182209,0.04803168160753772,0.00013649116582832062,13,137,0.07476109970173862,0.2385924260961275,True,False,False,0.0009947877548774726,COMPLETE
357,0.6118312358856202,2025-04-01 03:40:53.318231,2025-04-01 03:41:14.318177,0 days 00:00:20.999946,0.01805653721524532,0.9366151080231617,16,0.2464860176536238,0.25831306511184127,0.025623929851171175,0.02209463474093436,0.06920098523005246,0.051857126745045036,0.00014514829472816036,12,138,0.07501792078979627,0.23798576648480402,True,False,False,0.0009828094927888918,COMPLETE
358,0.6274637222290039,2025-04-01 03:41:14.434169,2025-04-01 03:41:35.134811,0 days 00:00:20.700642,0.012456150711997764,0.9343535873013722,16,0.24376507384186633,0.2508854733223046,0.025613368938286016,0.02193379261899369,0.06766690914258365,0.052387187982030764,0.00014053114087671294,11,138,0.07524430456356386,0.22801643535431287,True,False,False,0.0009750700678652175,COMPLETE
359,0.6295446038246155,2025-04-01 03:41:35.252478,2025-04-01 03:41:56.000379,0 days 00:00:20.747901,0.01336508947991788,0.9196126127653556,16,0.24471942546384837,0.24874061034541148,0.025133078390653735,0.022042820165816306,0.06632446360457742,0.05140641246539428,0.00014563076019708402,11,137,0.07599037615337521,0.22825626252090508,True,False,False,0.0008306237807635777,COMPLETE
360,0.6262356162071229,2025-04-01 03:41:56.127810,2025-04-01 03:42:15.905278,0 days 00:00:19.777468,0.011618059353803164,0.9243615404253454,16,0.2439751734545293,0.248923462372432,0.025855499338127592,0.021030681834077997,0.07065133403456955,0.0525742693611701,0.00013672220563369316,10,137,0.07925447085884434,0.22768712663152013,True,False,False,0.0009542316833046618,COMPLETE
361,0.6043599605560304,2025-04-01 03:42:16.020182,2025-04-01 03:42:35.973802,0 days 00:00:19.953620,0.013143060924110783,0.9238152506514159,16,0.24415497667006775,0.24193489314670943,0.025228173597104032,0.02134637460237757,0.07141573280803598,0.05264738430687267,0.00014302154929929698,10,136,0.08086848625219895,0.22868935186892853,True,False,False,0.000962749103944245,COMPLETE
362,0.4136218905448914,2025-04-01 03:42:36.091124,2025-04-01 03:42:55.922330,0 days 00:00:19.831206,0.017028106491585593,0.9160755414855312,16,0.24649944910902868,0.24712491160739636,0.02499837441511172,0.022288485315956535,0.06969399192421215,0.052825700400327774,0.00013409340553200905,10,138,0.08060288766108631,0.2299592123559563,True,False,False,0.0009885428616513913,COMPLETE
363,0.6052673101425171,2025-04-01 03:42:56.038475,2025-04-01 03:43:15.651541,0 days 00:00:19.613066,0.01709179450249504,0.9301471674405374,16,0.24339457302091924,0.2397135872035742,0.025549831170381294,0.01984825508305636,0.06585770604075432,0.0526406382032589,0.0001431931199997031,10,135,0.07845033238595125,0.22042328457363913,True,False,False,0.000984470016537934,COMPLETE
364,0.6137101650238037,2025-04-01 03:43:15.780335,2025-04-01 03:43:35.808980,0 days 00:00:20.028645,0.01093894647013315,0.9047371503900364,16,0.2441847628558454,0.25307059265534776,0.02248057358998846,0.023715623031645303,0.06660275909451013,0.05136975058736761,0.000106041916553519,10,136,0.07869086309415205,0.23656627197909208,True,False,False,0.0009998617441200769,COMPLETE
365,0.4120925784111023,2025-04-01 03:43:35.926587,2025-04-01 03:43:55.194999,0 days 00:00:19.268412,0.030060254487798914,0.8985760041196079,16,0.24219469703535687,0.250500080198647,0.02276175944663476,0.024472731489444188,0.06771294468262155,0.05041553875535856,0.00010155765777498455,9,135,0.08264364767259942,0.23493326594607306,True,False,False,0.0007477206916522217,COMPLETE
366,0.4229857206344605,2025-04-01 03:43:55.313094,2025-04-01 03:44:13.815541,0 days 00:00:18.502447,0.03461696882507131,0.9111283373981784,16,0.25044284418853663,0.2532516358422769,0.023292271296381995,0.01617578609674053,0.07560481025356529,0.050559573533391744,0.0001051838923237813,11,138,0.07597245125662636,0.23932789877377786,True,False,True,0.0007773222787411983,COMPLETE
367,0.5581643104553222,2025-04-01 03:44:13.933170,2025-04-01 03:44:34.710016,0 days 00:00:20.776846,0.013668645041937317,0.9347820940528518,16,0.24438523877843824,0.2561087806382862,0.02687315367497165,0.023573441450564336,0.07169617456394388,0.05359545355040843,0.00012684233588670336,11,137,0.0783659408803256,0.2099265777901857,True,False,False,0.000771699793732011,COMPLETE
368,0.5791647791862488,2025-04-01 03:44:34.838022,2025-04-01 03:44:54.134403,0 days 00:00:19.296381,0.013000771283472323,0.8989552999063416,16,0.25274486323809386,0.24731560825549126,0.021453235130368647,0.015755309866304724,0.06837329315433267,0.05110852302592205,0.00010597032677664112,9,134,0.07669774937360561,0.22632928341752742,True,False,False,0.0009748477749439204,COMPLETE
369,0.6316000819206238,2025-04-01 03:44:54.253305,2025-04-01 03:45:14.801477,0 days 00:00:20.548172,0.031363106369686145,0.9326809978403898,16,0.24271989645152683,0.2577996130392372,0.023605082779066026,0.01869552159463703,0.06527413988070058,0.048683671578651506,0.00015594406795367183,11,138,0.0745919091976307,0.23407874610050983,True,False,False,0.0006594961593561062,COMPLETE
370,0.5539537668228149,2025-04-01 03:45:14.920646,2025-04-01 03:45:35.535486,0 days 00:00:20.614840,0.03190832779813421,0.935113129380073,16,0.23998033014793677,0.2579953801465262,0.02382137281615247,0.01907803063961991,0.06285466926225675,0.048805492963365074,0.00013650602703364938,11,138,0.07454896044824391,0.21544132173837352,True,False,False,0.0006945482775244814,COMPLETE
371,0.5824207305908203,2025-04-01 03:45:35.665559,2025-04-01 03:45:56.169284,0 days 00:00:20.503725,0.04162487947776888,0.916973489621557,16,0.24898101044502116,0.25055623005045236,0.025665420343474413,0.014491741021414033,0.0653256744744345,0.05157673975593811,0.00015550101746066627,11,139,0.07911344433690314,0.2346795878439331,True,False,False,0.0006697569033156313,COMPLETE
372,0.40714099407196047,2025-04-01 03:45:56.288646,2025-04-01 03:46:15.080173,0 days 00:00:18.791527,0.02900702513977805,0.9447311747054913,16,0.24532569379881236,0.2588504129801545,0.021737749640681044,0.02592491124290398,0.07028489255092533,0.05344352607409729,0.0001187453399130886,12,137,0.07575000793415859,0.2241934188532164,False,False,False,0.0009641720223295284,COMPLETE
373,0.5956274271011353,2025-04-01 03:46:15.199755,2025-04-01 03:46:36.140748,0 days 00:00:20.940993,0.010414168019271385,0.8807199639874673,16,0.23877726471195077,0.2421449531666857,0.02687655882983116,0.018614398543320546,0.07430151483291207,0.049931592321497534,0.00015954788705849576,12,134,0.07404585556180218,0.2326423362651183,True,False,False,0.0008227630104363589,COMPLETE
374,0.5916690349578857,2025-04-01 03:46:36.261504,2025-04-01 03:46:56.226763,0 days 00:00:19.965259,0.045603516992293064,0.952153225273717,16,0.2535141201316814,0.25193318485787985,0.023556678178025404,0.02156188854091956,0.07689307800155316,0.04794599361097719,0.000102680484523258,10,140,0.07633551148380126,0.23839878139145138,True,False,False,0.000637638442217751,COMPLETE
375,0.6256232380867005,2025-04-01 03:46:56.358825,2025-04-01 03:47:17.470691,0 days 00:00:21.111866,0.026533774481857404,0.921102052894339,16,0.24836949147155948,0.2596415468409343,0.02498557559545379,0.024027570388455356,0.06740701842916677,0.05409284354560543,0.0001294928637890205,12,137,0.07369412473179308,0.23963232923302186,True,False,False,0.0009933315168361905,COMPLETE
376,0.6275867104530335,2025-04-01 03:47:17.590922,2025-04-01 03:47:38.772965,0 days 00:00:21.182043,0.031675591006529086,0.9219208084079326,16,0.24754478654257167,0.2596185868917195,0.024799994284913866,0.023622600011667372,0.06759561654553368,0.054198597375300465,0.0001235855949864147,12,138,0.07768048739665051,0.23137862516983124,True,False,False,0.0009873112161040841,COMPLETE
377,0.6162278413772583,2025-04-01 03:47:38.894023,2025-04-01 03:47:59.842366,0 days 00:00:20.948343,0.03150496746679498,0.911129203805211,16,0.2421330889198544,0.2582276485630732,0.024823893064332175,0.023822564020087377,0.0668325741536863,0.05458336885641245,0.00012133976308366205,12,136,0.07940718406010694,0.22289070651378806,True,False,False,0.0008733013245667106,COMPLETE
378,0.2795974612236023,2025-04-01 03:47:59.962626,2025-04-01 03:48:18.315092,0 days 00:00:18.352466,0.030066442387767862,0.9003596545574533,16,0.2432468079078321,0.24761159615521575,0.02555288648880202,0.023825838599371936,0.06642509156767781,0.05403170923759892,0.0001013973989339485,11,136,0.08169638801803919,0.2307499143036927,True,True,False,0.0009531347805829398,COMPLETE
379,0.6261572360992432,2025-04-01 03:48:18.447193,2025-04-01 03:48:39.618882,0 days 00:00:21.171689,0.010768481117447697,0.915749983555785,16,0.2400141737335548,0.25909247502402255,0.021194029031357513,0.025221484133715003,0.06730592177585185,0.05417550180884276,0.0001170787489754933,12,134,0.079309498501348,0.22336866621060966,True,False,False,0.0007839983477167964,COMPLETE
380,0.6338091135025025,2025-04-01 03:48:39.740773,2025-04-01 03:49:00.890969,0 days 00:00:21.150196,0.012711894437509334,0.9174348744122673,16,0.07897852939732192,0.26032614031073675,0.021112745594799358,0.025708089881709324,0.06842339730963581,0.05455694186296998,0.00011580810301777802,12,134,0.07991465155665978,0.22280712447874773,True,False,False,0.0007858911396150293,COMPLETE
381,0.4117567300796509,2025-04-01 03:49:01.013403,2025-04-01 03:49:22.135534,0 days 00:00:21.122131,0.010081547707263239,0.9104931233677812,16,0.0833098023327651,0.2590798333574036,0.021316499774399707,0.026524191744958125,0.068316563240128,0.05481158248881766,0.00010027489831295229,12,134,0.08509401591045127,0.21972427985263515,True,False,False,0.0009948690979462713,COMPLETE
382,0.5313854575157166,2025-04-01 03:49:22.268878,2025-04-01 03:49:43.159511,0 days 00:00:20.890633,0.010252954157666375,0.9268741073742883,16,0.11407652591039676,0.2532863251358675,0.02094850090510071,0.02262298352166167,0.06438828486554196,0.053861352982788796,0.09402772951934119,12,134,0.07988721772956307,0.22401801012131384,True,False,False,0.0006238438945147245,COMPLETE
383,0.4073430061340332,2025-04-01 03:49:43.283191,2025-04-01 03:50:03.631184,0 days 00:00:20.347993,0.03717696670472137,0.8787564660272117,16,0.23979481612149353,0.2618721892723997,0.023933610151147852,0.02510529069050566,0.061520818050662826,0.05510645374415131,0.00011734423905466688,11,136,0.08270457931864099,0.227815785716581,True,False,False,0.0007434991073329487,COMPLETE
384,0.5991217136383057,2025-04-01 03:50:03.754027,2025-04-01 03:50:23.475424,0 days 00:00:19.721397,0.010014101896542036,0.9119332759857166,16,0.033873280021130395,0.24610175473005066,0.022603451164208414,0.02816857468267155,0.06741397388114154,0.05215631706104899,9.862457478488571e-05,10,132,0.07849956539541515,0.2312621040088299,True,False,False,0.0008031967085964916,COMPLETE
385,0.3998103141784668,2025-04-01 03:50:23.611044,2025-04-01 03:50:44.937610,0 days 00:00:21.326566,0.04948916436248847,0.9301663175769878,16,0.24551155337302605,0.254462266585379,0.020601532322461525,0.020330383105212298,0.06999311911085307,0.05201037906691249,0.0001204067100456841,12,141,0.07937642428783755,0.21350990585817464,True,False,False,0.0005892593317348272,COMPLETE
386,0.6317374467849732,2025-04-01 03:50:45.060473,2025-04-01 03:51:05.455125,0 days 00:00:20.394652,0.03144113164505821,0.8923539704161697,16,0.23834826763617906,0.2618389865260682,0.027611785652087984,0.022995673717470643,0.06614296005891365,0.0550796882711401,0.00012633978180767784,11,135,0.07768779206153793,0.2175871955253971,True,False,False,0.000954213879480766,COMPLETE
387,0.6308858275413514,2025-04-01 03:51:05.580046,2025-04-01 03:51:26.200588,0 days 00:00:20.620542,0.03127133528366362,0.898312388661951,16,0.238039556575593,0.2627638767316804,0.027057371710773798,0.02297619929474095,0.06583674829573666,0.05442288831064182,0.00011447031758090966,11,136,0.07801621421174088,0.21843767918796786,True,False,False,0.000970018752655617,COMPLETE
388,0.4326174736022949,2025-04-01 03:51:26.326347,2025-04-01 03:51:46.660462,0 days 00:00:20.334115,0.036137885754492956,0.8873107314994017,16,0.23848797126887156,0.2630043240860071,0.02743713096721036,0.025191505050251327,0.06579310042524758,0.055143120250772636,9.629074123063862e-05,11,132,0.084094493473552,0.20292993260220824,True,False,False,0.0006683062214930079,COMPLETE
389,0.40357086658477787,2025-04-01 03:51:46.796879,2025-04-01 03:52:07.150438,0 days 00:00:20.353559,0.0504492808268433,0.8989412630257029,16,0.2358521517984685,0.2626359705275907,0.0276795037202017,0.023368698740175057,0.06409068118597396,0.05423184896172222,0.0001175093511343247,11,135,0.08154633324773428,0.22136315540357487,True,False,False,0.0008041409607732113,COMPLETE
390,0.2875310957431793,2025-04-01 03:52:07.278027,2025-04-01 03:52:24.462008,0 days 00:00:17.183981,0.03496793125966155,0.9073138910382996,16,0.29996537104381127,0.2507422755770606,0.02411048641643385,0.02105791845405456,0.06623777768313859,0.053344568516761406,9.884387109868558e-05,9,133,0.07710396684587564,0.2145364193045491,True,False,True,0.0009723381439563406,COMPLETE
391,0.4179979681968689,2025-04-01 03:52:24.587300,2025-04-01 03:52:44.725982,0 days 00:00:20.138682,0.029796605686920222,0.8824730097997046,16,0.04322501032827877,0.26589874512007794,0.027150859788340476,0.01404195078133438,0.06183417269196834,0.05088108967898553,0.0001173421387182266,10,140,0.08019551918059986,0.22538648092518412,True,False,False,0.0006025457038277193,COMPLETE
392,0.5792567133903503,2025-04-01 03:52:44.867110,2025-04-01 03:53:05.216705,0 days 00:00:20.349595,0.05030404481123327,0.9198635729021898,16,0.24039661923460676,0.09957127906853971,0.024304810223076265,0.02365229349646149,0.059709391330076377,0.055433460246646665,0.0001258550647760986,11,136,0.07795106648911287,0.2092819535593037,True,False,False,0.0007689590728853833,COMPLETE
393,0.4269461035728455,2025-04-01 03:53:05.343825,2025-04-01 03:53:23.956927,0 days 00:00:18.613102,0.029663596137641714,0.8646535495605545,16,0.24524010213771683,0.26188842048186156,0.02174113240106817,0.02701651591090656,0.06687369382323737,0.05278408258254071,0.00010156370260725421,12,131,0.07740720697242671,0.21801715879141495,False,False,False,0.0006631189592138016,COMPLETE
394,0.6256699919700622,2025-04-01 03:53:24.084787,2025-04-01 03:53:44.764410,0 days 00:00:20.679623,0.051838292251458945,0.9231223564493818,16,0.23729361149697992,0.25497013696138376,0.026650359232469105,0.0174307435505362,0.06361721995079496,0.05006616697750002,0.00012657893224725993,11,135,0.07944530175832905,0.23228239515172297,True,False,False,0.000971451291616403,COMPLETE
