number,value,datetime_start,datetime_complete,duration,params_alpha-eval,params_alpha-train,params_batch-size,params_eps-eval,params_eps-train,params_lambda-actions-eval,params_lambda-actions-train,params_lambda-frames-eval,params_lambda-frames-train,params_learning-rate,params_n-epochs,params_n-frames,params_radius-gw,params_rho,params_std-feats,params_ub-actions,params_ub-frames,params_weight-decay,state
853,0.46399085521698,2025-04-21 22:11:09.082146,2025-04-21 22:11:29.113295,0 days 00:00:20.031149,0.8002316271306366,0.4548196669373292,8,0.06435114078356305,0.06385089518221074,0.09533194691104688,0.02247671481949961,0.04794623410900127,0.03578062645497773,4.208350352210685e-05,7,82,0.017493836336795583,0.16292229715319603,True,False,False,2.0881397477809526e-07,COMPLETE
854,0.43843306303024293,2025-04-21 22:11:29.396472,2025-04-21 22:11:50.288382,0 days 00:00:20.891910,0.7568207530851373,0.5041811424222613,8,0.050703365973508795,0.05740330873879062,0.08800864884784895,0.025857107835726967,0.04508800855529839,0.02918362900335611,0.00043089159030241907,8,78,0.019389654822253,0.14518034590646503,True,False,False,1.2039775515507561e-07,COMPLETE
855,0.5745570659637451,2025-04-21 22:11:50.571207,2025-04-21 22:12:10.701584,0 days 00:00:20.130377,0.7834158823066527,0.5499424271416992,8,0.04190751650885858,0.04468906145180767,0.09012547864801099,0.028782059098750108,0.040756427406351284,0.037845474314175634,3.446606925995168e-05,7,74,0.01357836345370177,0.13601169824484974,True,False,False,7.634174328627116e-08,COMPLETE
856,0.42964290380477904,2025-04-21 22:12:10.965495,2025-04-21 22:12:30.189595,0 days 00:00:19.224100,0.8164585268891904,0.5238610247853541,8,0.05876785384326041,0.07135671134397313,0.09349492349585314,0.02034250586695877,0.04314045308951019,0.03367138579328073,0.003575147209071298,6,81,0.011227297227278499,0.1574747099896793,True,False,False,3.804530796024643e-07,COMPLETE
857,0.6320682406425476,2025-04-21 22:12:30.463547,2025-04-21 22:12:51.182534,0 days 00:00:20.718987,0.753366524452694,0.4858398970045637,8,0.04865255612914243,0.05114350373830932,0.03021603225589334,0.024187197983319027,0.03581308917187004,0.030872342839145018,2.1783071546061262e-05,8,72,0.016280510153979653,0.15142503550817846,True,False,False,2.2883017185850736e-07,COMPLETE
858,0.5002013802528381,2025-04-21 22:12:51.462970,2025-04-21 22:13:29.150923,0 days 00:00:37.687953,0.7507836715678105,0.4515974446395674,8,0.05243110004394892,0.05478722970857616,0.08762519217742909,0.02352408666948551,0.0372097149735817,0.023800357946374993,0.021730170754206683,28,68,0.021073452901164698,0.14949008232102426,True,False,False,1.6092381705190964e-07,COMPLETE
859,0.4456949830055237,2025-04-21 22:13:29.416696,2025-04-21 22:13:49.233434,0 days 00:00:19.816738,0.733367942140068,0.4720284930879146,8,0.06884302076138794,0.03893847902821785,0.04403829226302666,0.01880932237352483,0.039404485675854015,0.026136179740094953,2.125786087294025e-05,7,65,0.017661492741548126,0.14176458090604996,True,False,False,2.199225544006737e-07,COMPLETE
860,0.4375076174736023,2025-04-21 22:13:49.508799,2025-04-21 22:14:07.026682,0 days 00:00:17.517883,0.7324125040858789,0.4865501711515068,16,0.060558926244684966,0.06182814964020895,0.08551787815280902,0.021426219295636584,0.03612131240161265,0.02837360767853445,2.099369633827935e-05,8,70,0.016320172136401325,0.1516557852140823,True,False,False,1.7714738452976192e-07,COMPLETE
861,0.4420214176177979,2025-04-21 22:14:07.305214,2025-04-21 22:14:26.300819,0 days 00:00:18.995605,0.7601814190324135,0.4647039096876701,8,0.050103305238143825,0.051377194936208855,0.029491093473520743,0.01583913827810795,0.03852347641966282,0.02928768911210835,2.182381535392399e-05,6,63,0.0028591134139868933,0.1351044383262685,True,False,False,1.322625423620596e-07,COMPLETE
862,0.2926979184150696,2025-04-21 22:14:26.566816,2025-04-21 22:14:45.138658,0 days 00:00:18.571842,0.7703335212797363,0.1899485220225568,8,0.04660385528536462,0.06663090620538348,0.027042603317550675,0.02423083017522911,0.03428654789465219,0.030810587605620835,2.4793361374309215e-05,8,72,0.019220460708086154,0.14475411545118927,True,False,True,2.3894225010750415e-07,COMPLETE
863,0.4440118670463562,2025-04-21 22:14:45.415552,2025-04-21 22:15:05.336397,0 days 00:00:19.920845,0.7548052150496144,0.4875780261137281,8,0.05681858402475618,0.03203673791318958,0.0899323728417253,0.0230029407367694,0.041653914217576235,0.032447357271932785,2.082586636174599e-05,7,70,0.02084613357484878,0.15340978212039477,True,False,False,1.0373387977098264e-07,COMPLETE
864,0.6292801022529602,2025-04-21 22:15:05.614059,2025-04-21 22:15:25.490278,0 days 00:00:19.876219,0.732473729146382,0.4479638341869782,8,0.06279669367134824,0.04454559886832686,0.09138624161727793,0.025216475321451503,0.04677629778111959,0.030411468979511698,3.016410151133237e-05,7,74,0.01613364597303218,0.14736367749381507,True,False,False,1.5333533821307984e-07,COMPLETE
865,0.43342380523681645,2025-04-21 22:15:25.771289,2025-04-21 22:15:44.859418,0 days 00:00:19.088129,0.7328815102351491,0.4481827136618156,8,0.053147440131383124,0.04045603550340037,0.09192400936105612,0.025028300364044798,0.047400856725217135,0.026785267149579687,6.092183510760276e-05,6,67,0.015558543766753138,0.14009075928894552,True,False,False,1.369370119330906e-07,COMPLETE
866,0.2797684073448181,2025-04-21 22:15:45.127142,2025-04-21 22:16:02.742768,0 days 00:00:17.615626,0.7870561182628342,0.4689958912178446,8,0.0631384040118073,0.04485541936297642,0.046564985212035184,0.020643625886024475,0.05094370126924045,0.030745654192010856,4.546497233202559e-05,7,74,0.016290901056752852,0.1478574738981585,True,True,False,8.772737589303323e-08,COMPLETE
867,0.5689969658851624,2025-04-21 22:16:03.022738,2025-04-21 22:16:21.915289,0 days 00:00:18.892551,0.7280497882862473,0.44782330134325676,8,0.057421610571149424,0.03525800249883181,0.0925715018904237,0.0224990144421087,0.04949217533504694,0.029137011459974348,3.2780898820384346e-05,6,72,0.015095608762091518,0.12744356949592806,True,False,False,1.6476285967369218e-07,COMPLETE
868,0.4501377105712891,2025-04-21 22:16:22.196562,2025-04-21 22:16:41.910893,0 days 00:00:19.714331,0.7744100006533272,0.43745983868616617,8,0.04689978086917324,0.045034938861176536,0.03355050349307461,0.025725280922055328,0.04703257819575426,0.03198618207688124,2.9610031447753648e-05,7,69,0.017768552676622588,0.13585290500704011,True,False,False,1.2100381171276864e-07,COMPLETE
869,0.42882671356201174,2025-04-21 22:16:42.178266,2025-04-21 22:17:02.143339,0 days 00:00:19.965073,0.7465117249352033,0.43891498270401896,8,0.04956572117552685,0.10212294140137826,0.018462465310028757,0.023932752123574368,0.044930962653213564,0.024479559095124455,4.003622324808181e-05,7,74,0.01310727525792118,0.1449255843387471,True,False,False,1.7681840359774725e-07,COMPLETE
870,0.44261443614959717,2025-04-21 22:17:02.422191,2025-04-21 22:17:21.904283,0 days 00:00:19.482092,0.7923188954843022,0.46142495690526597,8,0.06315422339273428,0.03988796042400985,0.037008172613781844,0.018070648256714165,0.04549908214422454,0.028262977990802858,5.1340424067787335e-05,7,61,0.01719795863326636,0.15885505037407224,False,False,False,1.4776215990540314e-07,COMPLETE
871,0.41896307468414307,2025-04-21 22:17:22.184187,2025-04-21 22:18:02.174227,0 days 00:00:39.990040,0.7716588015752694,0.4261843276320297,2,0.05504734490523797,0.05063521438118311,0.08815594276345114,0.020805568008390354,0.04315826173575336,0.03213585073098341,3.6310942918480305e-05,7,72,0.014661390090594157,0.14209453698806085,True,False,False,6.142523302744761e-08,COMPLETE
872,0.5153814315795898,2025-04-21 22:18:02.457971,2025-04-21 22:18:21.586862,0 days 00:00:19.128891,0.2928613088120449,0.47659239933220515,8,0.04407888233089387,0.02834419065429348,0.09044663431892504,0.02474101682374959,0.039714844342502734,0.0307072421440287,2.8170819137469155e-05,6,75,0.01235874574890753,0.14951948600021628,True,False,False,1.0211415172368198e-07,COMPLETE
873,0.46764453649520876,2025-04-21 22:18:21.855231,2025-04-21 22:18:40.641007,0 days 00:00:18.785776,0.745042261054494,0.2414304042889791,8,0.038977499930008146,0.04561564179380955,0.09375849535023639,0.026915569672229984,0.04876740237306368,0.03347523873115434,2.5673843135853845e-05,6,7,0.01707484956195529,0.15566553511670916,True,False,False,1.877157916309231e-07,COMPLETE
874,0.5576729059219361,2025-04-21 22:18:40.923349,2025-04-21 22:19:01.762537,0 days 00:00:20.839188,0.7976901036316699,0.4880018486582885,8,0.058618854975426585,0.03565204767418358,0.09181232259992762,0.02241332721306553,0.03647081061612183,0.03018262496596551,3.1658936457833066e-05,8,76,0.01879189636233124,0.13343984750676618,True,False,False,4.524503319480721e-08,COMPLETE
875,0.44605269432067873,2025-04-21 22:19:02.045737,2025-04-21 22:19:21.818041,0 days 00:00:19.772304,0.7745661083838641,0.47173032158143496,8,0.05003103938919439,0.054818905350512245,0.08849935946495442,0.019777804878145993,0.04395110756052915,0.027327681203454624,3.5506480993367e-05,7,69,0.01544247833984313,0.14720489470432982,True,False,False,2.112031773068993e-07,COMPLETE
876,0.49112551212310795,2025-04-21 22:19:22.101637,2025-04-21 22:19:42.913608,0 days 00:00:20.811971,0.7293981105659871,0.4529314015703424,8,0.06624541971369508,0.020961848118088593,0.023657886602110566,0.025675123615266107,0.03367710115787193,0.033665369541903044,2.3670364663559666e-05,8,72,0.01886320805005184,0.1407093277324852,True,False,False,1.3155702622700963e-07,COMPLETE
877,0.42944667339324955,2025-04-21 22:19:43.184732,2025-04-21 22:20:02.993880,0 days 00:00:19.809148,0.7510419774259816,0.49565778127883026,8,0.042863694113395634,0.04102250736870126,0.09392627706507176,0.027895441521840973,0.04108648733541109,0.032502333792439345,4.365902418691837e-05,7,66,0.013488105951585578,0.15884473648046832,True,False,False,2.702905433323082e-07,COMPLETE
878,0.6416218757629395,2025-04-21 22:20:03.272805,2025-04-21 22:20:24.186313,0 days 00:00:20.913508,0.8015022659801133,0.5032137282796527,8,0.05301307285902851,0.04898752507726382,0.04111848433496637,0.02232882559348701,0.03576116201499968,0.03491354088317732,2.8383149509719942e-05,8,79,0.02168259910868994,0.16714513621834584,True,False,False,1.9853213670972016e-07,COMPLETE
879,0.44490450620651245,2025-04-21 22:20:24.471654,2025-04-21 22:20:44.549879,0 days 00:00:20.078225,0.7840425587098091,0.4664803608985103,8,0.05360424627402994,0.04777358440698916,0.04145838901769613,0.02184375276628863,0.03577878361748464,0.03437708916475594,0.007316703812603861,7,75,0.016005632261342842,0.1671191655644159,True,False,False,1.945379650220783e-07,COMPLETE
880,0.5462973833084106,2025-04-21 22:20:44.820582,2025-04-21 22:21:05.610265,0 days 00:00:20.789683,0.8120896302504244,0.4325156321639324,8,0.05999862683089345,0.03299099785846081,0.026358914799635792,0.017982781232708103,0.03749262657812508,0.030542040211508917,3.0727676258642766e-05,8,79,0.009784936986602325,0.1654326796881557,True,False,False,1.5263088499840193e-07,COMPLETE
881,0.4466490864753723,2025-04-21 22:21:05.894773,2025-04-21 22:21:26.567899,0 days 00:00:20.673126,0.7685405818055117,0.48600194181739925,8,0.05481155065728708,0.11372899044288028,0.021824962213141355,0.023229574561675632,0.03296732738984092,0.017281731190491208,3.687678061898454e-05,8,72,0.018155211168448294,0.15970678771360589,True,False,False,2.3466653875670274e-07,COMPLETE
882,0.28935879468917847,2025-04-21 22:21:26.852806,2025-04-21 22:21:42.321885,0 days 00:00:15.469079,0.754693930262572,0.49774869796052534,16,0.06401577675677321,0.03995405756863754,0.029748250834632346,0.020142296033069447,0.038616514668952544,0.034975263588540695,2.758885593013876e-05,7,76,0.01204882141908776,0.1539704031688626,True,False,True,1.0617348047739905e-07,COMPLETE
883,0.4264138460159302,2025-04-21 22:21:42.610018,2025-04-21 22:22:18.306885,0 days 00:00:35.696867,0.798198266801529,0.5048248601409514,8,0.04790323042275034,0.04816058587370172,0.03150817521739989,0.02386887650909076,0.03393243210455472,0.025601409568853213,4.097542672663937e-05,26,69,0.02178345163368232,0.1668773021224905,True,False,False,8.290472105942104e-08,COMPLETE
884,0.5255482912063598,2025-04-21 22:22:18.579592,2025-04-21 22:22:48.673983,0 days 00:00:30.094391,0.771822058484603,0.4584945766109775,8,0.06870377147308993,0.028638051240030396,0.0862179262608338,0.021229728123827785,0.041040350449177164,0.02886773980061134,3.072013253619669e-05,19,78,0.014645943453129712,0.16109748213427288,True,False,False,1.7674768744341007e-07,COMPLETE
885,0.43241382837295533,2025-04-21 22:22:48.959307,2025-04-21 22:23:09.870254,0 days 00:00:20.910947,0.7235984616731378,0.9855017176524723,8,0.056882894410436986,0.05818455035402358,0.037507590873320916,0.02427804925713676,0.03565618478770604,0.032211594473850205,5.106266503941226e-05,8,74,0.019652093860891208,0.15101332080842506,True,False,False,2.7937820489854743e-07,COMPLETE
886,0.31919026970863346,2025-04-21 22:23:10.156346,2025-04-21 22:23:26.970170,0 days 00:00:16.813824,0.8101501191722148,0.4803856923638199,8,0.048908184755927696,0.04245412973452716,0.03538562361201824,0.018861201189165497,0.04644556306163877,0.03471625073474136,2.6551723699282688e-05,6,78,0.017302344632166004,0.15634731121270432,True,True,False,1.3590244276839233e-07,COMPLETE
887,0.5168528914451599,2025-04-21 22:23:27.241545,2025-04-21 22:23:47.072289,0 days 00:00:19.830744,0.32452002544925285,0.5063788542741041,8,0.05367699740773198,0.05069678752439037,0.040676070057743555,0.022472597762158878,0.031086027429111155,0.03073280791823306,3.5143310551321514e-05,7,71,0.022009083136437478,0.14699269302100051,True,False,False,2.0953570364326426e-07,COMPLETE
888,0.4297657370567322,2025-04-21 22:23:47.355319,2025-04-21 22:24:08.751553,0 days 00:00:21.396234,0.7886451964015014,0.4770120623844824,8,0.0627912239792811,0.08116237021663497,0.03181587491947899,0.025669097253218073,0.03825385084451007,0.03331627606701359,2.498497151982321e-05,8,121,0.01626236736405717,0.1676430297158822,True,False,False,1.579336453831336e-07,COMPLETE
889,0.44537756443023685,2025-04-21 22:24:09.038169,2025-04-21 22:24:28.813183,0 days 00:00:19.775014,0.7459443828559797,0.4465934957134605,8,0.04525958146761016,0.03596344484365232,0.04734404007370279,0.01651486638325188,0.04212460052037752,0.03544487978108646,3.137886802918467e-05,7,75,0.019084459709194777,0.15303575032736041,False,False,False,2.5092374046433053e-07,COMPLETE
890,0.44132652282714846,2025-04-21 22:24:29.101018,2025-04-21 22:24:48.979061,0 days 00:00:19.878043,0.8261589229253383,0.5051214669468005,8,0.05885283815850168,0.061132028817706255,0.03896750726813318,0.026484996359491274,0.0286833016671985,0.02813036776403529,4.28941810655345e-05,7,81,0.01418371536191268,0.16229468511271256,True,False,False,1.1712233609347503e-07,COMPLETE
891,0.482041609287262,2025-04-21 22:24:49.252589,2025-04-21 22:25:08.355000,0 days 00:00:19.102411,0.7624365618047946,0.5151801159113858,8,0.04295053795205881,0.04507044903963772,0.08925535744808089,0.02229416179563136,0.03488388326161503,0.03251008765878676,2.4155799611285945e-05,6,73,0.021647194403634593,0.018542300535818484,True,False,False,3.2984809601539703e-07,COMPLETE
892,0.44350309371948243,2025-04-21 22:25:08.642096,2025-04-21 22:25:29.185664,0 days 00:00:20.543568,0.7867305948522852,0.49415871820052537,8,0.04980492679055445,0.05251316267654643,0.044296299511204326,0.020335087136724155,0.03745719466227423,0.03672001859804414,2.975122496738745e-05,8,65,0.016803878115556344,0.13794609989389203,True,False,False,1.9337420818830165e-07,COMPLETE
893,0.4291940569877625,2025-04-21 22:25:29.475730,2025-04-21 22:25:50.754113,0 days 00:00:21.278383,0.3428308824949835,0.46935658076070036,8,0.06650625806315921,0.07348343156635179,0.08746723136256569,0.02461293754866615,0.044290882868249344,0.03012375016398333,2.7503478817314774e-05,8,78,0.011497194646436656,0.1296160984383745,True,False,False,1.5430914403572118e-07,COMPLETE
894,0.435557496547699,2025-04-21 22:25:51.046012,2025-04-21 22:26:31.470944,0 days 00:00:40.424932,0.7336018144034513,0.5211676477136754,2,0.05287866195251327,0.03759533083740085,0.060185649348837376,0.02727288046983525,0.039911913385185585,0.022232950649442945,2.1168093211308736e-05,7,69,0.018903002002582898,0.14439163854490195,True,False,False,2.2166521537911353e-07,COMPLETE
895,0.5248565673828125,2025-04-21 22:26:31.744365,2025-04-21 22:26:52.558520,0 days 00:00:20.814155,0.851065371037495,0.4896232267906743,8,0.04208719194007498,0.06396705600297188,0.09074133826476638,0.02448418221963566,0.032411097737612325,0.03497160414534249,0.010349318431087393,8,76,0.014512581774513051,0.1556423224773377,True,False,False,6.973554283663589e-08,COMPLETE
896,0.5624137401580811,2025-04-21 22:26:52.852199,2025-04-21 22:27:12.937983,0 days 00:00:20.085784,0.8103254871798508,0.5119878895263097,8,0.05750973734371445,0.04626253298313092,0.05002594497568719,0.008692337102791069,0.05099704690571156,0.032331936600936695,3.550916920688317e-05,7,82,0.017771814901032502,0.14863822264476628,True,False,False,2.760932532217776e-07,COMPLETE
897,0.4916253924369812,2025-04-21 22:27:13.229874,2025-04-21 22:27:34.296852,0 days 00:00:21.066978,0.7649778718395768,0.43725289020487723,8,0.07056619952314984,0.05556169109003745,0.05641744489976498,0.022602326705003874,0.03630704647139747,0.026791426359723838,4.450079993529851e-05,8,79,0.020196065827452616,0.16112200587816344,True,False,False,1.1516947881187992e-07,COMPLETE
898,0.5419682741165162,2025-04-21 22:27:34.592316,2025-04-21 22:27:53.640092,0 days 00:00:19.047776,0.791444041604521,0.49030413688380164,8,0.046271392577731614,0.025831820215122047,0.08949747984435712,0.015009988910207162,0.043372278924650065,0.03731752008547219,2.3411177926180056e-05,6,72,0.015809828146820717,0.14058487614123996,True,False,False,1.7997565218799825e-07,COMPLETE
899,0.44031562805175783,2025-04-21 22:27:53.917841,2025-04-21 22:28:14.802651,0 days 00:00:20.884810,0.7468851163061105,0.524350151163411,8,0.05193486410261523,0.008150541370979918,0.034646281596065746,0.027959532532181478,0.046160668315947714,0.030468612856423376,5.761723477028232e-05,8,75,0.013258817503586541,0.16935228230346955,True,False,False,8.994621992917736e-08,COMPLETE
900,0.28058409690856934,2025-04-21 22:28:15.093512,2025-04-21 22:28:32.930515,0 days 00:00:17.837003,0.8235801112909723,0.4551394427185772,8,0.03798285526424021,0.0507706200108894,0.024327325072165566,0.02073792923233641,0.034576764288657934,0.03379938125305726,3.5992645217286544e-05,7,80,0.02139088773068038,0.15365377286677545,True,False,True,3.278006036644451e-07,COMPLETE
901,0.388017475605011,2025-04-21 22:28:33.221602,2025-04-21 22:28:54.103945,0 days 00:00:20.882343,0.7771224752285602,0.47682801153264837,8,0.06125935274692243,0.04211530563468649,0.09159211463246802,0.025599235359668505,0.03940529867522434,0.03611070474441526,2.45526820846369e-05,8,77,0.01803271935857182,0.11113481377110672,True,False,False,2.3255517931894602e-07,COMPLETE
902,0.4356680274009705,2025-04-21 22:28:54.396623,2025-04-21 22:29:14.435506,0 days 00:00:20.038883,0.8005011722170363,0.5100837045922788,8,0.0481148024106855,0.05907683176860239,0.08722070427907279,0.018898481145120948,0.029986271163553437,0.029173233960444966,2.1110242907678675e-05,7,45,0.015995957912142734,0.14785131675878663,True,False,False,1.4069129108778218e-07,COMPLETE
903,0.5091886639595032,2025-04-21 22:29:14.715306,2025-04-21 22:29:34.374172,0 days 00:00:19.658866,0.31215184333204193,0.541748059116361,8,0.04087559476231461,0.03076041735052671,0.029342727576577157,0.023892243823271923,0.04123465431888096,0.09431740441800215,3.098129865209641e-05,7,71,0.007118576220898587,0.1605968973248903,True,False,False,3.6473463573418545e-08,COMPLETE
904,0.32143476605415344,2025-04-21 22:29:34.666252,2025-04-21 22:29:49.456406,0 days 00:00:14.790154,0.7573870445424867,0.4975892402483822,16,0.05485351263449971,0.0667588229413796,0.052772509615384836,0.028556095991275756,0.03245202689030815,0.03194021835784413,2.6675065477722715e-05,6,68,0.01969558504505071,0.14253160330620232,True,True,False,2.0029170635657427e-07,COMPLETE
905,0.4425847887992859,2025-04-21 22:29:49.747540,2025-04-21 22:30:10.665267,0 days 00:00:20.917727,0.7248625566935746,0.5303602949758595,8,0.06158312376736855,0.04751546103286722,0.09161899551841587,0.021998302028346944,0.03730732474851218,0.034317191629791785,4.0755136729018615e-05,8,82,0.01116621482439279,0.15280984032087774,True,False,False,2.581479680555934e-07,COMPLETE
906,0.5681687831878662,2025-04-21 22:30:10.961639,2025-04-21 22:30:30.852849,0 days 00:00:19.891210,0.13686140531213775,0.4644882048253019,8,0.04643859872108548,0.03850016736963357,0.04531855441768552,0.026312086772851292,0.0345354872068331,0.024937470460900734,2.0595337547127492e-05,7,73,0.01718255408399449,0.13562898405958904,True,False,False,1.6952689231728397e-07,COMPLETE
907,0.41608406305313117,2025-04-21 22:30:31.134085,2025-04-21 22:30:51.880426,0 days 00:00:20.746341,0.25007601967224874,0.5212897923331523,8,0.06969300180992306,0.05349865592519795,0.016337670980815736,0.02899874724125559,0.042719427445452304,0.015288702898307544,3.136640752670053e-05,8,76,0.021909632389561846,0.03870028277935075,True,False,False,1.3117681999474463e-07,COMPLETE
908,0.4412610411643982,2025-04-21 22:30:52.171978,2025-04-21 22:31:12.620662,0 days 00:00:20.448684,0.7766756188384439,0.4094588866843266,8,0.03691346798778995,0.06020502115181647,0.04805632487759757,0.017236364560660692,0.039178068799724776,0.03779742193600852,4.978108057482833e-05,8,79,0.013946664309068909,0.15793040566585115,False,False,False,3.773966312108006e-07,COMPLETE
909,0.445104992389679,2025-04-21 22:31:12.918336,2025-04-21 22:31:32.067670,0 days 00:00:19.149334,0.8046283698686794,0.07793762819622352,8,0.0527180359504367,0.04357484237423483,0.08535159314519011,0.023868260550610906,0.026574886157250354,0.02857378085132177,2.4977500190918806e-05,6,75,0.019383590146335176,0.11762418346115819,True,False,False,3.066350413328695e-07,COMPLETE
