number,value,datetime_start,datetime_complete,duration,params_alpha-eval,params_alpha-train,params_batch-size,params_eps-eval,params_eps-train,params_lambda-actions-eval,params_lambda-actions-train,params_lambda-frames-eval,params_lambda-frames-train,params_learning-rate,params_n-epochs,params_n-frames,params_radius-gw,params_rho,params_std-feats,params_ub-actions,params_ub-frames,params_weight-decay,state
1963,0.2985279381275177,2025-04-01 13:33:26.700775,2025-04-01 13:33:54.143088,0 days 00:00:27.442313,0.02922006020416478,0.9701511563475476,8,0.006239795660067306,0.15466570256513787,0.04094191810923637,0.08336727170283725,0.004837352934585076,0.09162629642506533,3.1022529764047465e-05,16,100,0.09831133059413633,0.12220286724919477,True,False,False,3.413549733962991e-05,COMPLETE
1964,0.5016750216484069,2025-04-01 13:33:54.800911,2025-04-01 13:34:21.831578,0 days 00:00:27.030667,0.04587312850844862,0.9513414039075044,8,0.018877744577165324,0.1462550689714018,0.038537606190602675,0.07500554098118745,0.006690707677142325,0.09549050292416908,1.6577280606580134e-05,15,105,0.09617507989344831,0.09960245183001681,True,False,False,5.445028919188245e-05,COMPLETE
1965,0.306763619184494,2025-04-01 13:34:22.466847,2025-04-01 13:34:49.135803,0 days 00:00:26.668956,0.06711364434041377,0.9767622994442458,8,0.013237388516989393,0.14159680627725754,0.04378948134248895,0.07860823278305878,0.0025762730567062465,0.09370295141054835,2.4031113119788524e-05,15,103,0.09468501864809348,0.12948226224249723,True,False,False,2.3141288951421625e-05,COMPLETE
1966,0.61532222032547,2025-04-01 13:34:49.788497,2025-04-01 13:35:18.581297,0 days 00:00:28.792800,0.010340590627784758,0.9498647562623439,8,0.020110818716224704,0.1339709823848547,0.04241747995127141,0.08080198980376348,0.0010196812635978754,0.09589122079610285,2.7158266207758873e-05,17,101,0.09812453237420328,0.14918694067612456,True,False,False,4.1876439096874024e-05,COMPLETE
1967,0.44494183063507087,2025-04-01 13:35:19.239050,2025-04-01 13:35:43.100908,0 days 00:00:23.861858,0.6442377271804782,0.980022446651339,8,0.005994452365665055,0.1555320484603601,0.04204438350981888,0.08272388444786334,0.0048668530027222365,0.09159690159801692,3.244972538325435e-05,15,94,0.09460811625813698,0.11717235352498957,True,False,True,2.205797430607754e-05,COMPLETE
1968,0.6469658970832826,2025-04-01 13:35:43.735687,2025-04-01 13:36:10.946513,0 days 00:00:27.210826,0.0265075303288299,0.9666285223809347,8,0.012489711939915502,0.14908621949521683,0.04077931772309129,0.07951418906657588,0.007316629464638147,0.09384370749143148,1.9063361044243642e-05,15,106,0.09608749151509689,0.13681324217958185,True,False,False,3.0269893603381024e-05,COMPLETE
1969,0.6224193930625916,2025-04-01 13:36:11.604702,2025-04-01 13:36:39.365650,0 days 00:00:27.760948,0.07141935624534672,0.999345068384348,8,0.01930807909663976,0.11676317205057879,0.03860781363595452,0.07733430310761193,0.0034358237434555447,0.09621779293384837,2.730721934132839e-05,16,97,0.09805569162582041,0.1261519450230082,True,False,False,4.895551377817879e-05,COMPLETE
1970,0.6433652758598328,2025-04-01 13:36:39.997208,2025-04-01 13:37:07.007086,0 days 00:00:27.009878,0.05019467390916689,0.9825785476711862,8,0.009290964824414827,0.1384668038035827,0.04355587783737832,0.07332806748190787,0.007031211731910576,0.09202613118011961,2.1891039361156127e-05,15,102,0.0983345969281574,0.11132843821465538,True,False,False,7.897692705160501e-05,COMPLETE
1971,0.612605106830597,2025-04-01 13:37:07.659547,2025-04-01 13:37:34.535710,0 days 00:00:26.876163,0.9142539196165351,0.9492645552807547,8,0.02014594679486043,0.1268775142893843,0.04035109392454633,0.08418528887370533,0.0048664028816233895,0.09631018832834391,3.3655188772539764e-05,15,106,0.09613801703785098,0.13591577585994627,True,False,False,3.4900878615297137e-05,COMPLETE
1972,0.40980908870697025,2025-04-01 13:37:35.196113,2025-04-01 13:38:01.889909,0 days 00:00:26.693796,0.04782701571329088,0.9658344289577177,8,0.01272214898849165,0.1456110531831038,0.044042886291458604,0.08149916867486207,0.002850382899945496,0.09385272038797243,2.5712687232703176e-05,16,99,0.0999250086115572,0.12299400235925187,False,False,False,6.53964189077108e-05,COMPLETE
1973,0.6418773651123046,2025-04-01 13:38:02.521265,2025-04-01 13:38:30.942605,0 days 00:00:28.421340,0.027185383846285466,0.980819708780313,8,0.0058651014009275994,0.15595356434592406,0.03890488973025122,0.07604211410964425,0.005446885315908394,0.09168465718152938,1.2424364007465415e-05,17,104,0.09451687994150926,0.14262177721818212,True,False,False,2.691394162412717e-05,COMPLETE
1974,0.6605249404907226,2025-04-01 13:38:31.598110,2025-04-01 13:38:57.695363,0 days 00:00:26.097253,0.06955916038651194,0.9488792778217162,8,0.019911696500288546,0.1514158091096218,0.040824204594202995,0.07909488624862712,0.007207259262231867,0.094055097712723,1.792730275898967e-05,14,106,0.09718579605923641,0.13035516074555942,True,False,False,2.225305302486013e-05,COMPLETE
1975,0.652294933795929,2025-04-01 13:38:58.329231,2025-04-01 13:39:24.271894,0 days 00:00:25.942663,0.04589011355751514,0.9478965924679619,8,0.02078721167492554,0.15288277792405353,0.04286933573895046,0.08313164769650529,0.007499200854093878,0.09154497302659777,1.7730335182417155e-05,14,106,0.09456505332924453,0.1177253141928122,True,False,False,2.1194539124297913e-05,COMPLETE
1976,0.2797684073448181,2025-04-01 13:39:24.951080,2025-04-01 13:39:48.181926,0 days 00:00:23.230846,0.07135875730869755,0.951245610730637,8,0.020054732074009343,0.1558052036108006,0.043968537737657694,0.08152740922030033,0.007507050928192711,0.09325686255407475,1.2927323913115097e-05,14,106,0.09591792795935737,0.12995511786471586,True,True,False,2.0323024904990788e-05,COMPLETE
1977,0.6000039339065553,2025-04-01 13:39:48.844488,2025-04-01 13:40:15.352272,0 days 00:00:26.507784,0.02821481785927175,0.9502895403039212,8,0.020524807712374842,0.14891884429630628,0.040978313641242735,0.07945735056779867,0.002934269864533161,0.09696569059160576,1.802662240126447e-05,14,101,0.09422164215549356,0.12179082041329028,True,False,False,2.5264275039089113e-05,COMPLETE
1978,0.5341769456863403,2025-04-01 13:40:15.984444,2025-04-01 13:40:41.875314,0 days 00:00:25.890870,0.06883719677610857,0.96631840529912,8,0.013122171039347513,0.13715102600683937,0.03899755214596639,0.0774391735298561,0.0073663680199059535,0.09395086866309528,1.5652245062558877e-05,14,107,0.0965677665511179,0.10476584446469335,True,False,False,2.7737652387825906e-05,COMPLETE
1979,0.6557823300361634,2025-04-01 13:40:42.533161,2025-04-01 13:41:08.467179,0 days 00:00:25.934018,0.04641942834810966,0.981557035077067,8,0.02159964730126008,0.12443982738209151,0.04449383340790454,0.08500494885385385,0.0011162309147316205,0.09629197143328094,1.4399762598215288e-05,14,103,0.09678009286255516,0.12978430707593608,True,False,False,2.1530608459517043e-05,COMPLETE
1980,0.31700664162635805,2025-04-01 13:41:09.107532,2025-04-01 13:41:35.996874,0 days 00:00:26.889342,0.025599827703383954,0.9997622319154765,8,0.006654612380216562,0.15814816209431318,0.041676888749268066,0.0753345892446595,0.005261918088657505,0.09181817590356092,1.9404866509654217e-05,15,98,0.09410762113838302,0.11455548837490134,True,False,False,4.240455912583991e-05,COMPLETE
1981,0.2862722933292389,2025-04-01 13:41:36.651198,2025-04-01 13:42:04.044339,0 days 00:00:27.393141,0.9992535150021759,0.949138793486168,8,0.00012534820404938932,0.13248121043472966,0.038645815957050876,0.0809402450058594,0.003168585278117568,0.09475406527166504,3.2427484358940644e-05,16,105,0.09767916745456318,0.12576699414884757,True,False,False,3.366636655256295e-05,COMPLETE
1982,0.6078941583633423,2025-04-01 13:42:04.707736,2025-04-01 13:42:31.311604,0 days 00:00:26.603868,0.613573858347232,0.9655309497893254,8,0.014854153548182942,0.15187079277891322,0.04266149470677181,0.08317806940203183,0.00739529931842031,0.09630041969283258,2.047121003985736e-05,15,107,0.09811452767170945,0.1457825460870084,True,False,False,9.422163757259101e-05,COMPLETE
1983,0.3054196119308472,2025-04-01 13:42:31.944766,2025-04-01 13:42:57.737942,0 days 00:00:25.793176,0.07015301782005941,0.9654910738858713,8,0.020564229295152208,0.15874057613475048,0.044456495027960494,0.07896238640951983,0.005328225431215824,0.09324850067369926,2.885044464915972e-05,14,102,0.09426908897064687,0.11950290906049871,True,False,False,2.0721426802026105e-05,COMPLETE
1984,0.6231938481330872,2025-04-01 13:42:58.390566,2025-04-01 13:43:23.932927,0 days 00:00:25.542361,0.04779757930143541,0.9845702837243743,8,0.00986353398744605,0.14277736917185482,0.04060441478641349,0.08493732225444463,0.0010139674263347348,0.09149115240414225,2.1794671534792534e-05,14,95,0.09655867312347587,0.13072639638923184,True,False,False,4.8468486504984265e-05,COMPLETE
1985,0.6105129480361938,2025-04-01 13:43:24.590168,2025-04-01 13:43:51.195997,0 days 00:00:26.605829,0.07321917437330155,0.9469292896233839,8,0.014948688649895375,0.14964521818915,0.04291508977364214,0.08064074618110346,0.0033242283088617906,0.09457618437699902,3.3591975683537345e-05,15,100,0.09821523676647748,0.13740967185497366,True,False,False,2.433293298079686e-05,COMPLETE
1986,0.40782076120376587,2025-04-01 13:43:51.832584,2025-04-01 13:44:16.805378,0 days 00:00:24.972794,0.031280264693288415,0.9810633497366077,8,0.005992716161265281,0.1424887119142666,0.044811046576795265,0.07636442829015831,0.007115371094347737,0.09688461483516977,2.5168157350715113e-05,16,107,0.09419528394704946,0.1241966850149295,True,False,True,6.630547310298652e-05,COMPLETE
1987,0.5801981925964356,2025-04-01 13:44:17.465722,2025-04-01 13:44:44.423322,0 days 00:00:26.957600,0.05009044692029714,0.965591387110322,8,0.021930644934875447,0.13379473791951935,0.038508283741851404,0.07845199341943426,0.004161333133134718,0.09284188247230943,1.7133195743508526e-05,15,104,0.09997145442009397,0.11268211737045736,True,False,False,2.923781870179562e-05,COMPLETE
1988,0.6159677028656007,2025-04-01 13:44:45.088217,2025-04-01 13:45:12.625701,0 days 00:00:27.537484,0.07256865262635206,0.9505475647846999,8,0.014896676097703142,0.15124658345561467,0.04153289980546204,0.07054279341821393,0.005141280267496663,0.09121830214770281,2.9875175038651174e-05,16,98,0.09642321936010866,0.1338381190065357,True,False,False,3.912429217995483e-05,COMPLETE
1989,0.616657555103302,2025-04-01 13:45:13.263750,2025-04-01 13:45:40.541880,0 days 00:00:27.278130,0.025982781781228065,0.9993783191766786,8,0.02283823827982749,0.15811491070954872,0.044625829106866556,0.08328458948784304,0.0010171507475612508,0.09514567544156481,2.1375879567313394e-05,15,108,0.09619932733498822,0.14245623940866636,True,False,False,5.4508647669484925e-05,COMPLETE
1990,0.41030167341232304,2025-04-01 13:45:41.206024,2025-04-01 13:46:06.282170,0 days 00:00:25.076146,0.04943588685157766,0.96743145497842,8,0.010653674915339598,0.13988710417385952,0.04059084841762219,0.08097839528511204,0.007458144241882872,0.0964997319175953,1.439728418240197e-05,14,103,0.09394889110516713,0.1498351837168035,False,False,False,2.0813153599268618e-05,COMPLETE
1991,0.5606263518333435,2025-04-01 13:46:06.948501,2025-04-01 13:46:32.597533,0 days 00:00:25.649032,0.044510520889668594,0.9799525830337195,8,0.021573142115921987,0.1296142696294466,0.038744472305959975,0.07360322880965668,0.006015882406877325,0.09322993442450409,3.329936522391844e-05,14,90,0.09761231315932496,0.1082729706718378,True,False,False,3.1462279489696094e-05,COMPLETE
1992,0.6684158682823181,2025-04-01 13:46:33.237755,2025-04-01 13:47:01.872920,0 days 00:00:28.635165,0.07085792898477669,0.9454382763661822,8,0.0151053292747382,0.1439406452442487,0.042874707174480275,0.08255156551833691,0.002658151318783332,0.09441026598853808,2.496628260825652e-05,17,106,0.09814926985432348,0.12602490084282295,True,False,False,2.883153268831209e-05,COMPLETE
1993,0.6535491108894348,2025-04-01 13:47:02.537774,2025-04-01 13:47:32.119758,0 days 00:00:29.581984,0.06812933324086737,0.948329034435421,8,0.005388753165362362,0.14447193682802162,0.041806278207898964,0.08424321819069987,0.002751395261329769,0.0968740091227919,2.3951125185547345e-05,18,106,0.09837906281546856,0.12695298973234137,True,False,False,2.4106815354516616e-05,COMPLETE
1994,0.5916757702827454,2025-04-01 13:47:32.763639,2025-04-01 13:48:01.294887,0 days 00:00:28.531248,0.07245229079049914,0.9440049183211412,8,0.010744576608686808,0.1383867404519086,0.042728594170494696,0.08211206031128732,0.002710299193673149,0.09483400581694963,2.7060782948898848e-05,17,100,0.09824310326220995,0.11796742606609495,True,False,False,3.0289806475988368e-05,COMPLETE
1995,0.2797684073448181,2025-04-01 13:48:01.950531,2025-04-01 13:48:26.548560,0 days 00:00:24.598029,0.0766587393933913,0.9999028763863926,8,0.016387261730828714,0.14665000451578938,0.04028946151767729,0.08545415795999221,0.0032777997581442506,0.09697713401721304,1.857640086235013e-05,16,107,0.09613431006671816,0.13236841113631473,True,True,False,4.158165908457438e-05,COMPLETE
1996,0.6642264485359193,2025-04-01 13:48:27.211840,2025-04-01 13:48:56.000204,0 days 00:00:28.788364,0.07642214047948116,0.9489480688608894,8,0.016222122546908958,0.15370478243879412,0.04277081810771269,0.07886707955867002,0.00385305548977633,0.09333704636425283,2.2213622973128415e-05,17,103,0.09991843006202476,0.12382284317706628,True,False,False,2.6594768792382074e-05,COMPLETE
1997,0.6638001561164857,2025-04-01 13:48:56.643215,2025-04-01 13:49:25.522806,0 days 00:00:28.879591,0.07277313834605029,0.9431786771184834,8,0.020831038249740513,0.1548335790369016,0.04360966573854824,0.07756457906699697,0.002632617484688137,0.09511895976752623,1.6482872695745932e-05,17,101,0.09986463494000582,0.11929983495850381,True,False,False,1.762910575059663e-05,COMPLETE
1998,0.5636953592300415,2025-04-01 13:49:26.184387,2025-04-01 13:49:54.833827,0 days 00:00:28.649440,0.06628117625117368,0.9422938169315449,8,0.021502696768956567,0.15067532512541426,0.042856546013688934,0.07461299000771227,0.0010365977310118077,0.09156970060092452,1.1586937560908562e-05,17,95,0.09997067239106737,0.11346399607006608,True,False,False,1.868998414699103e-05,COMPLETE
1999,0.5555750012397767,2025-04-01 13:49:55.495463,2025-04-01 13:50:24.181953,0 days 00:00:28.686490,0.07745037239675663,0.9487777547256403,8,0.020970296145407574,0.15193436334750854,0.043367934820065304,0.07729773760269501,0.0029196621393168037,0.09409197435571884,1.5348790978835374e-05,17,97,0.09990120873441365,0.11950625103035536,True,False,False,1.906091073883799e-05,COMPLETE
