number,value,datetime_start,datetime_complete,duration,params_alpha-eval,params_alpha-train,params_batch-size,params_eps-eval,params_eps-train,params_lambda-actions-eval,params_lambda-actions-train,params_lambda-frames-eval,params_lambda-frames-train,params_learning-rate,params_n-epochs,params_n-frames,params_radius-gw,params_rho,params_std-feats,params_ub-actions,params_ub-frames,params_weight-decay,state
0,0.34062222838401796,2025-03-31 23:59:54.172072,2025-04-01 00:00:13.086425,0 days 00:00:18.914353,0.17871206283567723,0.8480636588700392,16,0.2705030700238479,0.07872245262520543,0.013770579334463628,0.09303009191396577,0.069696480961342,0.05238427098451911,0.03287752250179233,19,73,0.07244678525873814,0.18886736409409738,False,True,True,0.0009153335399654457,COMPLETE
1,0.2797684073448181,2025-04-01 00:00:13.090657,2025-04-01 00:00:29.954536,0 days 00:00:16.863879,0.5052678597394672,0.3635320989928934,8,0.28425700681210053,0.24158027867996054,0.030924300322053996,0.011023296147547598,0.07210894920898682,0.056727095063838925,0.0001653592550895287,6,98,0.04169432762322554,0.1551623812630023,True,True,True,0.000246458616759631,COMPLETE
2,0.4250128388404847,2025-04-01 00:00:29.958339,2025-04-01 00:00:49.086048,0 days 00:00:19.127709,0.0375591750547212,0.6360852593701526,8,0.04771221468413233,0.22630811922018793,0.09691691494684644,0.02622638209378185,0.01491410742125122,0.05720790396602386,0.018089844819503244,10,75,0.012964853797424142,0.06723081936038437,False,False,True,3.70502108172488e-05,COMPLETE
3,0.2824764728546143,2025-04-01 00:00:49.089996,2025-04-01 00:01:11.259843,0 days 00:00:22.169847,0.40780884466790374,0.35274800303362436,16,0.2559460390900057,0.17319297106467044,0.0584217996579716,0.09801526442448301,0.025179667412762143,0.01283618669559436,0.011303284460954065,26,57,0.05518488466056994,0.1566201836726485,True,True,True,0.0009537638198726782,COMPLETE
4,0.33703912496566774,2025-04-01 00:01:11.264045,2025-04-01 00:01:33.695314,0 days 00:00:22.431269,0.2845739714816018,0.05670704129684591,16,0.15315036494903264,0.18355309383052162,0.04985093233093873,0.01696535883979169,0.08608919602652372,0.007704077475922061,3.315154801928212e-05,27,53,0.06641998746646545,0.25545052132392176,True,True,False,0.00010290119839356183,COMPLETE
5,0.31631652116775516,2025-04-01 00:01:33.699845,2025-04-01 00:02:01.528059,0 days 00:00:27.828214,0.3342645284216639,0.4748213974109454,8,0.19411602719058446,0.0794898769950636,0.05525045870447513,0.0025884014479308206,0.03462771153968978,0.09078135758081592,0.015445100603141531,23,9,0.08383370922315964,0.2524806564508902,False,True,True,2.588969696836515e-07,COMPLETE
6,0.2797684073448181,2025-04-01 00:02:01.532921,2025-04-01 00:02:21.375309,0 days 00:00:19.842388,0.049203559142972045,0.8337957503246249,8,0.19943600433970812,0.2885683698567442,0.04938105322373775,0.002327904384531454,0.03765215250596206,0.021660688314728418,0.004556262875055949,11,68,0.08639191290545833,0.2607322574884498,False,True,False,0.0003125112753756119,COMPLETE
7,0.32753687500953677,2025-04-01 00:02:21.380588,2025-04-01 00:03:24.842859,0 days 00:01:03.462271,0.6855079539298863,0.8648602566047203,2,0.2920284843284583,0.1259932496263964,0.01466621578845475,0.053061609291227635,0.09381048894716983,0.059392110972716794,0.04442377247957086,18,53,0.07145920745055798,0.2567905962130686,True,False,True,0.0007666297651118176,COMPLETE
8,0.28434489965438847,2025-04-01 00:03:24.848423,2025-04-01 00:03:45.051522,0 days 00:00:20.203099,0.25165326468283156,0.9720200705514409,16,0.18903184026222172,0.14048965774319752,0.07579175486444481,0.03913372583211142,0.06355705718270094,0.04041268531973045,0.001629716359507648,17,99,0.06277749359525023,0.07804062653159922,True,True,True,8.798961243427611e-06,COMPLETE
9,0.33715212941169737,2025-04-01 00:03:45.057294,2025-04-01 00:04:02.467903,0 days 00:00:17.410609,0.06827932120342123,0.8560244390247563,8,0.029894638624260964,0.2591527104954893,0.06937647414362612,0.07788173577854973,0.06261555722670059,0.041419835864599575,0.00015857418730303222,8,30,0.09049567147417611,0.2770875161497547,False,True,False,2.660899092467104e-07,COMPLETE
10,0.2797684073448181,2025-04-01 00:04:02.474484,2025-04-01 00:04:58.619359,0 days 00:00:56.144875,0.8253982847207432,0.6244935189559627,2,0.03726723630162203,0.00018490971768736486,0.09829173970323961,0.036967854379737854,0.001862077041931743,0.08575251162098163,0.0010922802019830255,12,150,0.005229938727208797,0.0068457176282009854,False,False,False,1.9895533647214307e-08,COMPLETE
11,0.43312075138092043,2025-04-01 00:04:58.625879,2025-04-01 00:05:17.449913,0 days 00:00:18.824034,0.13527309542456217,0.6814818288338134,16,0.07480714861554666,0.06301012824550367,0.009802292396986531,0.06724982026699823,0.0014453385725642434,0.07294770381876184,0.01959809386003227,18,102,0.0269395640041093,0.08885421151872638,False,False,True,2.0777971966707993e-05,COMPLETE
12,0.5228569746017456,2025-04-01 00:05:17.457288,2025-04-01 00:05:34.424442,0 days 00:00:16.967154,0.012973932372257663,0.6538160849406434,16,0.07890186297974841,0.015403272824771441,0.09790610864929022,0.0631880590862748,0.002546157788718767,0.07257656427308024,0.09694972485273455,13,117,0.019132931807974606,0.08096108351939454,False,False,True,1.8478126113038806e-05,COMPLETE
13,0.30324289798736576,2025-04-01 00:05:34.431738,2025-04-01 00:05:52.426721,0 days 00:00:17.994983,0.5616673471181052,0.6654336624712612,16,0.0913001055240797,0.006104930496422967,0.031840868882124035,0.06793200415002291,0.0021999422847693816,0.07659634986909727,0.06774574128537116,15,132,0.025676359462627786,0.08687609501340415,False,False,True,4.14514903542091e-06,COMPLETE
14,0.27987414598464966,2025-04-01 00:05:52.434271,2025-04-01 00:06:12.870470,0 days 00:00:20.436199,0.9888959864810922,0.5182523397808361,16,0.09311907932909395,0.050791140064388514,0.081782965970334,0.0638539335499805,0.018398039170436024,0.07272056618896572,0.08355933130644927,22,105,0.03042243704199571,0.02694160040885528,False,False,True,2.2173167564203265e-05,COMPLETE
15,0.39105507731437683,2025-04-01 00:06:12.878210,2025-04-01 00:06:30.408617,0 days 00:00:17.530407,0.17160151860129425,0.7290202707660564,16,0.08960626576788022,0.04396930103598655,0.005405736808340111,0.0766468098609077,0.04707308947900418,0.07224719721010964,0.004752752147332102,14,122,0.0252311421764358,0.11314331087971961,False,False,True,8.52069294263659e-07,COMPLETE
16,0.44177160263061527,2025-04-01 00:06:30.416988,2025-04-01 00:07:48.579451,0 days 00:01:18.162463,0.16113847494528327,0.0726839674519082,2,0.12653788503326557,0.10310361066473772,0.03352565291691839,0.05157977976659965,0.011469859748126084,0.09379933454604925,0.00521831243488761,23,118,0.042066896571801904,0.041468122025925536,False,False,True,1.796376496128766e-06,COMPLETE
17,0.44681069850921634,2025-04-01 00:07:48.588265,2025-04-01 00:09:27.809077,0 days 00:01:39.220812,0.3876390993040514,0.0857624229492237,2,0.13326393248856772,0.10603537835180907,0.033107588973661034,0.05137547663277799,0.012452479575031225,0.09518851549274043,0.004568620138938145,30,127,0.04323091598477864,0.043532826271220654,False,False,True,1.3729935355427529e-06,COMPLETE
18,0.44508453607559206,2025-04-01 00:09:27.817852,2025-04-01 00:11:22.488677,0 days 00:01:54.670825,0.6499016959356783,0.19739819531134517,2,0.0023335294893311043,0.032171796501926614,0.04209791918188005,0.040096235495633986,0.028870212016498586,0.09740352277658862,0.00019065313580471686,30,149,0.012833763929647682,0.11765970960689179,False,False,False,4.7872244448437426e-08,COMPLETE
19,0.44359531402587893,2025-04-01 00:11:22.498019,2025-04-01 00:12:58.734532,0 days 00:01:36.236513,0.3841295720596598,0.24417817033743464,2,0.13266645445907033,0.10729140642008017,0.02371130881511099,0.05395487952526269,0.04201878000146903,0.08409735684237724,1.1038898679968214e-05,29,135,0.04129149804302719,0.04207964179835188,False,False,True,4.6214895095817044e-07,COMPLETE
20,0.32359665632247925,2025-04-01 00:12:58.743988,2025-04-01 00:13:28.011242,0 days 00:00:29.267254,0.8126952814096853,0.17240343721844192,2,0.15970550516166537,0.17464255153074004,0.08724472015004142,0.08447096166098296,0.022578620881872975,0.09926673136324747,0.00034887323578798086,5,116,0.05092499424288453,0.12993144729909217,False,False,True,8.482796962788218e-08,COMPLETE
21,0.2797684073448181,2025-04-01 00:13:28.021791,2025-04-01 00:15:22.399666,0 days 00:01:54.377875,0.6339854266097192,0.1757840602962685,2,0.0002026449541903193,0.029420705042662074,0.03905508342666035,0.03968391214339626,0.028137722859092613,0.09911780972047145,0.0003714162481484196,30,147,0.011492852518960525,0.11718548309248804,False,False,False,1.355219747147434e-08,COMPLETE
22,0.4137489378452301,2025-04-01 00:15:22.409575,2025-04-01 00:17:07.194097,0 days 00:01:44.784522,0.7176983928341735,0.02841210851513687,2,0.003331651198647889,0.03387766820570136,0.04133027163719491,0.027058345534727357,0.011120096811337077,0.08140848799153559,5.132811746387668e-05,27,135,0.001144443974335399,0.19675582883553272,False,False,False,6.985066464783186e-08,COMPLETE
23,0.44717181921005256,2025-04-01 00:17:07.204529,2025-04-01 00:19:01.012188,0 days 00:01:53.807659,0.45313269609328505,0.27536065308859087,2,0.06589529916898852,0.01776527963424683,0.06508456757048563,0.061563063420669514,0.03006402557264271,0.06417382120706369,0.0022297666370129344,30,90,0.013686403498317564,0.0593722996220418,False,False,False,4.484235868708362e-06,COMPLETE
24,0.44790995121002203,2025-04-01 00:19:01.022859,2025-04-01 00:20:37.855400,0 days 00:01:36.832541,0.4448091153532193,0.3304176340238909,2,0.1132040993679029,0.07960944410340458,0.06496663673360373,0.0602755919357323,0.00849461727393538,0.06449172239198867,0.002633807754994185,25,85,0.016558590237254648,0.05766136346380392,False,False,False,4.533678794160139e-06,COMPLETE
25,0.44547094106674195,2025-04-01 00:20:37.866447,2025-04-01 00:22:14.884913,0 days 00:01:37.018466,0.47756388888428497,0.32492733641171306,2,0.06566970443994874,0.016196779242689894,0.06805196734799435,0.05812176396370326,0.05433924254504713,0.0645953865334628,0.0024840374426581663,25,88,0.017579235601407235,0.009838025717731999,False,False,False,5.677495728204945e-06,COMPLETE
26,0.5145473837852479,2025-04-01 00:22:14.896614,2025-04-01 00:23:36.916764,0 days 00:01:22.020150,0.4831994247318244,0.4709733528192493,2,0.11152335118820167,0.06968374375565678,0.06537903787581266,0.07683390626848925,0.00886225193899634,0.04346608480857428,0.0005843785833942644,20,88,0.03235916588718467,0.06331520475242121,True,False,False,1.09956434044783e-05,COMPLETE
27,0.5253038167953491,2025-04-01 00:23:36.928280,2025-04-01 00:25:02.168611,0 days 00:01:25.240331,0.5764162815041818,0.45485021263437075,2,0.11247763552910951,0.07669915408318335,0.08821189749216274,0.07262025978824604,0.007743641755169886,0.041146006548188875,0.0004974177892771291,21,85,0.03470133694187438,0.08696866992585242,True,False,False,1.3694835501497322e-05,COMPLETE
28,0.5196561455726624,2025-04-01 00:25:02.180397,2025-04-01 00:26:27.600494,0 days 00:01:25.420097,0.7679621249044637,0.47986116197133577,2,0.10862077439849413,0.06308682998829027,0.08535812439252684,0.07688500164175988,0.019788120842628744,0.039615464199042466,0.000552639145454705,21,109,0.03745229840588356,0.09557244585353679,True,False,False,6.086210611556637e-05,COMPLETE
29,0.5642665505409241,2025-04-01 00:26:27.612704,2025-04-01 00:26:53.122072,0 days 00:00:25.509368,0.8020787932102945,0.5669520397413823,16,0.1705365577350486,0.09033101582841749,0.08905676147867393,0.08637525068170747,0.01899514723811739,0.02853926820119368,4.991357839676034e-05,21,110,0.03579923773329546,0.19134534368028494,True,False,False,6.150458945816462e-05,COMPLETE
30,0.5230239152908326,2025-04-01 00:26:53.134538,2025-04-01 00:27:13.823370,0 days 00:00:20.688832,0.9358093123248581,0.5787454936911773,16,0.21291265205637044,0.09219833673284226,0.09210086368694534,0.08871108863915193,0.01841329062595476,0.03102565784438546,5.844818522426479e-05,16,66,0.05603266754617772,0.19201498011965007,True,False,False,0.00011494231349242253,COMPLETE
31,0.4304886937141419,2025-04-01 00:27:13.836281,2025-04-01 00:27:34.148149,0 days 00:00:20.311868,0.9243511844806033,0.5611317993508537,16,0.2175140386172652,0.08966618293125053,0.09227362187398676,0.09055717811319651,0.018567681840318196,0.02655529615967,7.540158890801441e-05,15,65,0.05684728866626934,0.20660221885057461,True,False,False,0.0001365796454754315,COMPLETE
32,0.53583242893219,2025-04-01 00:27:34.161351,2025-04-01 00:27:55.325708,0 days 00:00:21.164357,0.9054016124591332,0.4153089210477433,16,0.24617815846825508,0.12742637970246615,0.07914514742373353,0.08713224120185951,0.007917933732750251,0.030905468983601418,1.346185359959192e-05,16,80,0.048600631869427154,0.17119952891094847,True,False,False,4.682058135251919e-05,COMPLETE
33,0.5330674052238464,2025-04-01 00:27:55.340156,2025-04-01 00:28:17.046485,0 days 00:00:21.706329,0.8953287174661716,0.4245439466164237,16,0.24920566407487726,0.1279887655981546,0.07804113677136476,0.08841528858812181,0.016841537344054948,0.03292277920771982,1.4178525330110552e-05,17,76,0.04873090861649548,0.17916857555789045,True,False,False,6.095981043567973e-05,COMPLETE
34,0.5331084728240967,2025-04-01 00:28:17.060279,2025-04-01 00:28:40.351116,0 days 00:00:23.290837,0.8732100711311593,0.4156507396950635,16,0.2593496749805048,0.15392448909723064,0.07745750672182274,0.09832580694126752,0.03519672025819,0.04955257945989729,1.3704335079832897e-05,20,82,0.04784713842168582,0.17249650738778902,True,False,False,4.645230212058846e-05,COMPLETE
35,0.4434822320938111,2025-04-01 00:28:40.365277,2025-04-01 00:29:01.586550,0 days 00:00:21.221273,0.8872955803457211,0.3898000488845794,16,0.2559817805414686,0.2020196532522281,0.07533327865375145,0.09999089967263457,0.03435108153897863,0.04886651912510409,1.5541336254267085e-05,19,42,0.04643666989942413,0.1702797191976025,True,False,False,4.367626615136466e-05,COMPLETE
36,0.308621346950531,2025-04-01 00:29:01.600933,2025-04-01 00:29:21.640552,0 days 00:00:20.039619,0.862048522444514,0.3993958776119015,16,0.27066768075294395,0.14447833500156726,0.0808854945057462,0.09431912327830559,0.044410850719286105,0.032708405135859736,2.3632749931263393e-05,19,78,0.05079396749226207,0.22112519595428118,True,True,False,0.00031701134671442265,COMPLETE
37,0.5262121200561524,2025-04-01 00:29:21.655872,2025-04-01 00:29:43.336414,0 days 00:00:21.680542,0.972055263292096,0.43289544471642927,16,0.23642007197078235,0.12511622615091414,0.07440203576223846,0.08467147553516517,0.024754291498062138,0.016551558411092536,2.5463911120388256e-05,17,77,0.0771901881473466,0.17299972738430555,True,False,False,6.203860403449167e-05,COMPLETE
38,0.3605279862880707,2025-04-01 00:29:43.352261,2025-04-01 00:29:58.504146,0 days 00:00:15.151885,0.7820548365700454,0.7516576866052769,16,0.2741465102497388,0.1568934503546615,0.08048021025579681,0.09502494137619023,0.03722279756621087,0.006588143806184832,1.3961320059267067e-05,9,46,0.06143020810835256,0.22879765808303382,True,True,False,0.00020835164408861356,COMPLETE
39,0.4265939474105835,2025-04-01 00:29:58.519337,2025-04-01 00:30:24.894739,0 days 00:00:26.375402,0.878081856348693,0.5483948181506372,16,0.2426608533118089,0.2006938240812428,0.09188657683896044,0.08339445879027538,0.05138169950795114,0.050049589510511056,3.7691551676511536e-05,24,96,0.04952069986654983,0.14378814127269665,True,False,False,0.0005956400771678766,COMPLETE
40,0.32928350567817694,2025-04-01 00:30:24.911245,2025-04-01 00:30:51.462183,0 days 00:00:26.550938,0.7287701462114919,0.288108238673512,8,0.2970374869124867,0.12470795055504984,0.059883279969184106,0.08766061088429129,0.03193248894427085,0.01955528712923675,8.250165410756152e-05,20,61,0.0702231618320235,0.16885015356059568,True,True,False,3.61963326438048e-05,COMPLETE
41,0.5187061429023743,2025-04-01 00:30:51.480488,2025-04-01 00:31:12.831338,0 days 00:00:21.350850,0.9757924084746914,0.4169003438560626,16,0.23480233602933476,0.1246910171089337,0.07878852654370691,0.08074838134087879,0.02567344790546475,0.013780893882351718,2.3147684528179058e-05,17,73,0.0945976776324428,0.16730884112623215,True,False,False,7.00794247992972e-05,COMPLETE
42,0.5249459743499756,2025-04-01 00:31:12.847764,2025-04-01 00:31:34.009041,0 days 00:00:21.161277,0.9291820672421621,0.42916966593900163,16,0.17283363391249795,0.15904199446249903,0.07413486478490953,0.09542862399142922,0.023229654717818446,0.03362659006264386,2.27676590485868e-05,16,78,0.07917880970337632,0.17841196453100444,True,False,False,3.2792671089474824e-05,COMPLETE
43,0.5294664025306702,2025-04-01 00:31:34.026019,2025-04-01 00:31:56.717204,0 days 00:00:22.691185,0.9965833868127072,0.5230513739191556,16,0.2553847560037727,0.13525405685000694,0.07111654433038006,0.08604292930741568,0.01557225601384079,0.02025926501321463,3.53437733716134e-05,18,95,0.07650499077619752,0.1435221969049054,True,False,False,0.0001859629800242426,COMPLETE
44,0.5444262266159058,2025-04-01 00:31:56.734397,2025-04-01 00:32:19.730337,0 days 00:00:22.995940,0.847254890513416,0.5864225986860918,16,0.25102621458075997,0.1412818582024124,0.056141320694878094,0.09138971408196189,0.014284667722221596,0.023588864118914567,0.0001178446473710472,18,95,0.06189656629749582,0.15232134354795457,True,False,False,0.00044943335475179213,COMPLETE
45,0.5362612247467041,2025-04-01 00:32:19.747383,2025-04-01 00:32:44.725567,0 days 00:00:24.978184,0.858252193568175,0.6075898527321711,16,0.21921645843174042,0.19734149720392835,0.05535429246213686,0.09992344756064783,0.0818895450990134,0.0018840046252426058,0.00012800419863775355,20,110,0.06389357554665973,0.21283486847342317,True,False,False,0.00047600999875444157,COMPLETE
46,0.5447641730308533,2025-04-01 00:32:44.743467,2025-04-01 00:33:10.449208,0 days 00:00:25.705741,0.8246502999210851,0.6101925122663098,16,0.2209309945956796,0.22883628346313883,0.05436584912038676,0.09939702340523962,0.07782884869154844,0.0022855655364508558,0.00011833016913726578,22,108,0.06746643645178423,0.2274969369732672,True,False,False,0.0004437284186793039,COMPLETE
47,0.33986703157424925,2025-04-01 00:33:10.468468,2025-04-01 00:33:39.957459,0 days 00:00:29.488991,0.8044807253131973,0.6084153196242228,8,0.22011790274674461,0.2419025679233535,0.05136178184220355,0.09284392666400365,0.07868760596907237,0.0045673848671131285,0.00014194204604789628,22,109,0.06429920250831,0.23229727519485593,True,True,False,0.0005091699482043665,COMPLETE
48,0.5384956479072571,2025-04-01 00:33:39.975691,2025-04-01 00:34:06.286985,0 days 00:00:26.311294,0.8334628334443632,0.7142759093625152,16,0.1766435815910662,0.21703983632057153,0.05722509968185886,0.09179432812523344,0.09809830399500351,0.0015219122469729645,0.00011617679493497934,23,110,0.06808553543129982,0.24448251458099304,True,False,False,0.0008630172038390922,COMPLETE
49,0.5494065046310425,2025-04-01 00:34:06.306510,2025-04-01 00:34:32.812257,0 days 00:00:26.505747,0.7462165451670844,0.8013151633544356,16,0.17302171908342606,0.21891135735544925,0.05519766758536272,0.09993432831728302,0.09753498822232752,0.009488464031426247,0.00011290538584646805,23,108,0.06708854436302539,0.27034368800248154,True,False,False,0.000982576751168046,COMPLETE
50,0.5477971076965332,2025-04-01 00:34:32.831125,2025-04-01 00:35:01.083278,0 days 00:00:28.252153,0.7485855201021235,0.7851456711022108,16,0.18342760612438264,0.27720298971110724,0.047092966608032576,0.0924641470520462,0.0956572640451702,0.011364998950083267,0.00022724258338986732,27,102,0.06947596127397788,0.28202543398363417,True,False,False,0.0009538435645659496,COMPLETE
51,0.5533018589019776,2025-04-01 00:35:01.102445,2025-04-01 00:35:29.950651,0 days 00:00:28.848206,0.7353490248073932,0.7787412060692183,16,0.1812333469916827,0.2913100203943219,0.046079093188130235,0.09283624633077238,0.09802380384712661,0.010976634978163757,0.0001017207117932641,28,103,0.06808534346766763,0.29835009226893855,True,False,False,0.0008581634046758679,COMPLETE
52,0.5496137022972107,2025-04-01 00:35:29.970091,2025-04-01 00:35:58.004586,0 days 00:00:28.034495,0.7343231474718547,0.7853866981778019,16,0.19866144893324633,0.29569454970208225,0.04686328702167466,0.09584325107133966,0.08922558126459532,0.011773899014726093,0.00017499799950084803,27,102,0.07362603096948489,0.28960849279173123,True,False,False,0.0009525065690623002,COMPLETE
53,0.4407441258430481,2025-04-01 00:35:58.024419,2025-04-01 00:36:28.806232,0 days 00:00:30.781813,0.7441245300659015,0.7966886455554397,16,0.1998771936125484,0.2933621334654436,0.04682048032624778,0.09637769927690969,0.09034611141855031,0.009904737426416649,0.0002341347029910268,28,124,0.0840365030189395,0.2956042794069086,True,False,False,0.0008738589675231855,COMPLETE
54,0.5539352536201477,2025-04-01 00:36:28.826534,2025-04-01 00:36:57.222181,0 days 00:00:28.395647,0.677389979678901,0.9040161518522793,16,0.1827310482247242,0.27844107732958384,0.02535511019426059,0.07154785679431597,0.09939979969893771,0.011169193086320833,0.0002079752729209635,27,102,0.07325394158122758,0.27515229330904706,True,False,False,0.0003212836838733936,COMPLETE
55,0.5486273169517517,2025-04-01 00:36:57.242566,2025-04-01 00:37:24.977182,0 days 00:00:27.734616,0.6781667356615537,0.915976951830758,16,0.14916785973434213,0.27576582542228145,0.024753242467849507,0.07104281959181166,0.09935363925158508,0.010829731352772765,0.0003080203766489692,27,100,0.07383322921766608,0.2741667254339667,True,False,False,0.0003091640073870409,COMPLETE
