number,value,datetime_start,datetime_complete,duration,params_alpha-eval,params_alpha-train,params_batch-size,params_eps-eval,params_eps-train,params_lambda-actions-eval,params_lambda-actions-train,params_lambda-frames-eval,params_lambda-frames-train,params_learning-rate,params_n-epochs,params_n-frames,params_radius-gw,params_rho,params_std-feats,params_ub-actions,params_ub-frames,params_weight-decay,state
1347,0.40509340763092044,2025-04-01 09:31:00.068585,2025-04-01 09:31:21.655019,0 days 00:00:21.586434,0.09929978012689,0.26255442967928583,16,0.06896869293968921,0.2585202075098299,0.053546832942699706,0.01637898299299507,0.046564086264981874,0.0831368458019317,8.704626148778616e-05,12,148,0.07127923427145667,0.2499734983049657,True,False,False,2.4248416127152863e-07,COMPLETE
1348,0.44007228612899785,2025-04-01 09:31:22.087272,2025-04-01 09:32:13.807461,0 days 00:00:51.720189,0.15631578241994615,0.8463060000655398,2,0.12270683353589835,0.24342979610318496,0.02350638810790575,0.022851499680136018,0.04952581279338612,0.08048465661394683,0.0001488848204666698,11,34,0.07479663009624385,0.23586998223615255,True,False,False,7.465452786107762e-07,COMPLETE
1349,0.591036581993103,2025-04-01 09:32:14.242255,2025-04-01 09:32:35.163396,0 days 00:00:20.921141,0.0841621141035588,0.8061424631963345,16,0.05918033037675898,0.13059268697516335,0.0860598893089395,0.012784892597822875,0.05454690813105343,0.07359329295272217,0.00012575881580272375,11,145,0.0724120449905124,0.2406282917665362,True,False,False,3.4551882404221126e-07,COMPLETE
1350,0.36579159498214725,2025-04-01 09:32:35.596841,2025-04-01 09:32:56.605772,0 days 00:00:21.008931,0.1270905134596632,0.7793847089140769,16,0.0712799996371844,0.24925035147842967,0.031211770839954734,0.009816203354623363,0.045556113756504875,0.04808579644893166,0.00010698652108998394,12,136,0.06158861837986548,0.22577216301888356,True,False,False,4.679938112657095e-07,COMPLETE
1351,0.5508690476417542,2025-04-01 09:32:57.042039,2025-04-01 09:33:17.463834,0 days 00:00:20.421795,0.10471247608363993,0.5247466204934828,16,0.08013722577512362,0.23583536369188265,0.04058253353239644,0.01525560687025321,0.04339550683015663,0.07600023441065755,0.00014761735618187095,11,141,0.07984186122621033,0.21660627547884514,True,False,False,1.9191367271624766e-08,COMPLETE
1352,0.4306223511695862,2025-04-01 09:33:17.900402,2025-04-01 09:33:37.698039,0 days 00:00:19.797637,0.07294072111051207,0.9117699084829788,16,0.11018757076294794,0.22765610992150326,0.027647320106571907,0.019395665835204683,0.04744698184463158,0.04477099861467754,6.241900862201079e-05,10,138,0.05711459447571862,0.2498894277346816,True,False,False,1.5611666853362373e-06,COMPLETE
1353,0.42702221870422363,2025-04-01 09:33:38.131088,2025-04-01 09:33:57.606500,0 days 00:00:19.475412,0.15888299181915372,0.8251307332204417,16,0.09020075690873713,0.24346127515461632,0.036999568663623944,0.0176956389600048,0.052800524676702695,0.08539729492474724,0.00010906250614304049,13,131,0.07588273506611226,0.23142793774377668,True,False,True,3.2796572677868604e-08,COMPLETE
1354,0.42871592044830326,2025-04-01 09:33:58.059909,2025-04-01 09:34:22.828288,0 days 00:00:24.768379,0.12006838673824877,0.01011763058022086,16,0.05986376919084982,0.23386253402351684,0.05184069622814155,0.008989586467939948,0.050735298864452175,0.07881833292813595,8.718260239450336e-05,17,148,0.0697411461226765,0.22123080463458375,True,False,False,2.3683236891613883e-08,COMPLETE
1355,0.5700933575630188,2025-04-01 09:34:23.268348,2025-04-01 09:34:43.153429,0 days 00:00:19.885081,0.09268162374120997,0.7921166345235517,16,0.06577556094965602,0.25493576833036063,0.03033388258383636,0.011982004261074578,0.02764253131888006,0.08808221159604003,0.00012450160602676385,10,142,0.0739282590162885,0.24149925979530318,True,False,False,6.506042390156361e-07,COMPLETE
1356,0.5413779258728028,2025-04-01 09:34:43.590548,2025-04-01 09:35:04.400521,0 days 00:00:20.809973,0.13883686419944993,0.8690853143305309,16,0.07332607461962537,0.2405794749996633,0.07101767347076401,0.013512778294700748,0.04906096030607386,0.025862200142101437,0.0001555052367863062,11,150,0.0676809900735735,0.23622040831704494,True,False,False,9.261444883347233e-07,COMPLETE
1357,0.42096685171127324,2025-04-01 09:35:04.839945,2025-04-01 09:35:23.440965,0 days 00:00:18.601020,0.11111414359361911,0.8502909983367923,16,0.08271824913566837,0.22779537883128606,0.025544267846033867,0.008760176287324343,0.05612786193602038,0.08312153681274848,0.00010035857801288013,12,145,0.07782828504220134,0.24603476350661357,False,False,False,4.5031270703750083e-07,COMPLETE
1358,0.5883196234703064,2025-04-01 09:35:23.875699,2025-04-01 09:35:43.935273,0 days 00:00:20.059574,0.05961645264358723,0.8111566018690138,16,0.0654997930100019,0.24654528177889806,0.05720583355661473,0.014361937581851638,0.0455783285840461,0.07968733031468937,7.167868416425308e-05,10,140,0.07131649223918274,0.22916634426213808,True,False,False,6.001175978693695e-07,COMPLETE
1359,0.4258874416351318,2025-04-01 09:35:44.374066,2025-04-01 09:36:05.034131,0 days 00:00:20.660065,0.16186997932924624,0.5995866145649937,16,0.07465257229365203,0.2338947381772189,0.019417711237536786,0.011387054638280518,0.04718147945803074,0.0752617426973873,4.262660694582646e-05,11,145,0.0822520199056366,0.24329184845937418,True,False,False,3.541458215768011e-08,COMPLETE
1360,0.34564557671546936,2025-04-01 09:36:05.493643,2025-04-01 09:36:26.174209,0 days 00:00:20.680566,0.13403915837544986,0.8908745831847309,16,0.06061630214466487,0.26006204300592345,0.04616258487858613,0.015711890238394817,0.04346442079051885,0.08100140297646653,0.00012352722572407155,12,135,0.07328507851181333,0.20768967730589594,True,False,False,3.272689172915204e-07,COMPLETE
1361,0.3668651819229126,2025-04-01 09:36:26.615896,2025-04-01 09:36:49.013983,0 days 00:00:22.398087,0.08160127417110653,0.7724443408901809,8,0.08592680224013223,0.23987945154556692,0.06129449242728491,0.017379364776911627,0.05132542907467008,0.07318009460315407,0.000151766763711178,9,142,0.07513979421101236,0.23520691160048995,True,False,False,1.850296881312059e-08,COMPLETE
1362,0.3794523596763611,2025-04-01 09:36:49.453722,2025-04-01 09:37:09.773364,0 days 00:00:20.319642,0.7839250135775605,0.8319293516421571,16,0.0779365487937286,0.2284105547868371,0.022174248769058238,0.010083813948280186,0.05322247443130918,0.07693280546327586,9.038308942802855e-05,11,138,0.07727547756273936,0.0909308645861206,True,False,False,2.6258042437093276e-08,COMPLETE
1363,0.2797684073448181,2025-04-01 09:37:10.210666,2025-04-01 09:37:28.445636,0 days 00:00:18.234970,0.11756736409591756,0.5637164562980346,16,0.07137367778572559,0.2471588903005121,0.042246318603867954,0.013576633913752283,0.04901865671594988,0.08518963385097772,0.00012453931359871544,10,147,0.07168444279049177,0.22268622153267995,True,True,False,1.1149995050491109e-06,COMPLETE
1364,0.6346669793128967,2025-04-01 09:37:28.884718,2025-04-01 09:37:49.392250,0 days 00:00:20.507532,0.08108474815140318,0.7985916819383584,16,0.057896415808113375,0.2535180631104019,0.02760154723628352,0.020118887965489152,0.04489960567543022,0.08682916837783634,0.00010284366032307835,11,143,0.07454705756662046,0.25085300170800506,True,False,False,5.082858258766079e-06,COMPLETE
1365,0.40271279811859134,2025-04-01 09:37:49.830639,2025-04-01 09:38:09.874351,0 days 00:00:20.043712,0.1561633618012963,0.2985308232056451,16,0.06547574568170936,0.22561112017486354,0.04948770102275379,0.008681894413662496,0.04743376410166124,0.0911679897973312,0.0001484827890444142,11,133,0.069617266817298,0.22943941184035363,True,False,False,8.399634595942171e-07,COMPLETE
1366,0.5144386410713195,2025-04-01 09:38:10.308246,2025-04-01 09:38:31.541585,0 days 00:00:21.233339,0.0995653719536514,0.8628877225770425,16,0.09277238348014316,0.23847632530649934,0.031551384861838186,0.011382828632878551,0.050765000079053664,0.08282379321210934,8.076306606137357e-05,12,140,0.07631882246510033,0.21661139902263818,True,False,False,4.375222612269344e-07,COMPLETE
1367,0.4166733264923096,2025-04-01 09:38:31.998562,2025-04-01 09:38:52.152439,0 days 00:00:20.153877,0.14151656775503493,0.8240369162457949,16,0.081380572487326,0.2507903975254311,0.05493440930513906,0.016015856610743326,0.054870226952208924,0.0770129697706707,0.00011466074535449728,10,150,0.07994275229706618,0.2394556547885897,True,False,False,2.9704351062372094e-08,COMPLETE
1368,0.6118990540504456,2025-04-01 09:38:52.594638,2025-04-01 09:39:13.929673,0 days 00:00:21.335035,0.8718375552017997,0.8450563284072976,16,0.07029414015025873,0.23285027180063214,0.03600985213506339,0.00849888490818168,0.031181739436044978,0.08883844736690709,0.00015466531816328802,12,145,0.07274499789529018,0.24600301344039832,True,False,False,2.69227761631625e-07,COMPLETE
1369,0.5974708199501038,2025-04-01 09:39:14.369763,2025-04-01 09:39:34.565090,0 days 00:00:20.195327,0.06454702523217049,0.7799567822690459,16,0.06478220518273331,0.24137865199719008,0.052712266050241555,0.013241943873413639,0.04269596883322243,0.0736601611718226,0.00013080530726893537,11,138,0.0676823777282409,0.23350554505214532,True,False,False,5.623572443032037e-07,COMPLETE
1370,0.5272270321846009,2025-04-01 09:39:35.014529,2025-04-01 09:39:55.021190,0 days 00:00:20.006661,0.5106690257739752,0.8862027983067264,16,0.0568380172339139,0.23383131631544535,0.038875725614719,0.01795117544835014,0.07508360363534941,0.07982627867479364,9.951488140204773e-05,10,147,0.07141708107289274,0.2233888862348607,True,False,False,3.83041959476046e-08,COMPLETE
1371,0.4407588839530945,2025-04-01 09:39:55.461344,2025-04-01 09:40:46.931578,0 days 00:00:51.470234,0.10542835469138873,0.8009952876270147,2,0.07837949603777153,0.11107811032488539,0.029363695724201184,0.07775285228103249,0.049076912216161186,0.07494384275568154,7.459982337438768e-05,11,40,0.07361812376083085,0.253544573303524,True,False,False,2.2656793738581872e-08,COMPLETE
1372,0.4039602279663086,2025-04-01 09:40:47.370164,2025-04-01 09:41:06.007834,0 days 00:00:18.637670,0.12736296025701932,0.8669111128967235,16,0.07528085128335876,0.2262722541832348,0.0322290024764332,0.010789051082413514,0.04654431532348903,0.07819373597117493,0.0006806327174020336,11,142,0.07818144288727498,0.24220404552292724,True,False,True,7.242435453161068e-07,COMPLETE
1373,0.5591323256492615,2025-04-01 09:41:06.467148,2025-04-01 09:41:34.102319,0 days 00:00:27.635171,0.167307852402523,0.9025385042883989,16,0.08549134643785349,0.2492447816842748,0.05916051838385511,0.014618517139675359,0.05201121417745082,0.04247188970247885,0.000152711162251206,21,145,0.07566573127173618,0.2305300005690111,True,False,False,1.778969264150654e-08,COMPLETE
1374,0.5693384885787964,2025-04-01 09:41:34.546931,2025-04-01 09:41:54.266123,0 days 00:00:19.719192,0.08098143331029714,0.8188588731592772,16,0.06042895462368321,0.23964209036480089,0.02440838286005996,0.00862804057773861,0.026631490677422227,0.08407500981859863,0.00011447617524801682,10,137,0.07081218566144903,0.236515284665042,True,False,False,4.054315069065778e-07,COMPLETE
1375,0.35846511721611024,2025-04-01 09:41:54.709711,2025-04-01 09:42:16.082484,0 days 00:00:21.372773,0.09652540460249925,0.7704731479678609,16,0.07031830675736388,0.268589081293856,0.06329428710164342,0.021142615369618752,0.04458497544319855,0.08210202788325378,9.056753776407467e-05,12,148,0.06578569434042349,0.2250515785008305,True,False,False,4.979991599446565e-07,COMPLETE
1376,0.4395020365715027,2025-04-01 09:42:16.524997,2025-04-01 09:42:35.539474,0 days 00:00:19.014477,0.1476703221190086,0.8355302543131644,16,0.09469203665055122,0.2446514933923983,0.06862708728429429,0.012647023158391614,0.05899735607055036,0.09443541979874306,0.0001318003908639905,13,141,0.0947986790685597,0.16190588311191645,False,False,False,3.910908254472263e-08,COMPLETE
1377,0.3880799770355225,2025-04-01 09:42:35.994879,2025-04-01 09:42:56.437233,0 days 00:00:20.442354,0.11607079722939023,0.8496743247461951,16,0.10035871668528337,0.047258729864365065,0.027738221756366067,0.0167752829753774,0.049989155538857126,0.0727031657553253,0.00010710706836032385,11,143,0.06873931090092054,0.24622682553681768,True,False,False,6.479985873256488e-07,COMPLETE
1378,0.6470554232597351,2025-04-01 09:42:56.878783,2025-04-01 09:43:17.193563,0 days 00:00:20.314780,0.06178836779871848,0.7907644479277023,16,0.05698352543003859,0.22490028638899948,0.025915671210982285,0.010720679244029899,0.04817059441789082,0.08636709902706075,0.00015583540472661138,11,135,0.07424852552320542,0.2171294312377795,True,False,False,2.2319355374608488e-07,COMPLETE
1379,0.6165042757987976,2025-04-01 09:43:17.664701,2025-04-01 09:43:38.492489,0 days 00:00:20.827788,0.5449126979437355,0.8086393348542983,16,0.053351153536142046,0.23228489478373393,0.021769466402557485,0.009823747403012395,0.045384600178202304,0.08680104661762325,0.00015838770271625315,12,132,0.07883735813465217,0.21097251232474928,True,False,False,1.971295425542337e-07,COMPLETE
1380,0.3868012666702271,2025-04-01 09:43:38.939624,2025-04-01 09:43:57.939838,0 days 00:00:19.000214,0.06346248906849462,0.8323117942689778,16,0.056333168821487,0.25682173189036506,0.02053936327771175,0.008756464328754513,0.04635694375866241,0.08910947410941873,5.205224775529629e-05,9,131,0.0499848838313974,0.20744735311465318,True,False,False,2.863965381237746e-07,COMPLETE
1381,0.2797684073448181,2025-04-01 09:43:58.385780,2025-04-01 09:44:15.905044,0 days 00:00:17.519264,0.061385663240673405,0.8736473632292715,16,0.06549636203001466,0.23521090636034478,0.026355604731969153,0.01000079720991406,0.0426399720677664,0.08697363443793676,6.662495068349036e-05,10,135,0.0768925137770365,0.218073156471108,True,True,False,2.1741343420975654e-07,COMPLETE
1382,0.6307321071624756,2025-04-01 09:44:16.348306,2025-04-01 09:44:36.454112,0 days 00:00:20.105806,0.052990864288005875,0.7992670162335959,16,0.05637871175206643,0.225990620004274,0.02310172521095063,0.01085230142007865,0.04798916089580207,0.08959566133761367,0.00012524017655035887,11,129,0.08071313912950222,0.21461747502796732,True,False,False,3.042500849174986e-07,COMPLETE
1383,0.5480873584747314,2025-04-01 09:44:36.896875,2025-04-01 09:45:01.880409,0 days 00:00:24.983534,0.053703429633455105,0.8168400747157043,8,0.08291544656514717,0.24122860919842623,0.023662758147097673,0.009046353254766187,0.044150648685068065,0.08602729085709657,8.804049859019023e-05,12,134,0.07506767020591043,0.2030304964308872,True,False,False,2.206130988617977e-07,COMPLETE
1384,0.499968945980072,2025-04-01 09:45:02.323646,2025-04-01 09:45:21.937141,0 days 00:00:19.613495,0.7003016180589098,0.914252825595625,16,0.08732895667256559,0.1449843144076058,0.04057494686861733,0.0079620664390597,0.04794918073761159,0.08806036400822023,0.0001553275218818152,10,134,0.07706436599878407,0.20930726188578513,True,False,False,2.3267952876351036e-07,COMPLETE
1385,0.6428878784179688,2025-04-01 09:45:22.401832,2025-04-01 09:45:42.717166,0 days 00:00:20.315334,0.06447996133329735,0.8577520740055546,16,0.07541388931462391,0.2510361673627006,0.03820812475124126,0.011206420504783685,0.046315617325219945,0.08555080213892313,0.00011280209874950352,11,136,0.07442349028483411,0.21321650939623843,True,False,False,3.4209502545775903e-07,COMPLETE
1386,0.5718502759933471,2025-04-01 09:45:43.165115,2025-04-01 09:46:03.412088,0 days 00:00:20.246973,0.08018508761188549,0.8392057442173105,16,0.06104423269870794,0.2307400538675,0.025142522281290887,0.007561110114042767,0.044087810786878914,0.0914486712950172,0.00013459639756623336,11,137,0.07896394676447041,0.21578740407255492,True,False,False,2.5012954782154533e-07,COMPLETE
1387,0.4158487915992737,2025-04-01 09:46:03.857568,2025-04-01 09:46:21.361875,0 days 00:00:17.504307,0.06090050086702846,0.7911939746860008,16,0.07086912130849897,0.2647783060263201,0.049644453745905766,0.011444161098937602,0.047871370699516545,0.08791342104665481,8.020767106777619e-05,10,64,0.07287262321694937,0.202743571920325,True,False,False,3.6498600190673145e-07,COMPLETE
1388,0.6538153648376465,2025-04-01 09:46:21.807423,2025-04-01 09:46:42.350180,0 days 00:00:20.542757,0.07920574906240194,0.8844473813718379,16,0.06551194879130667,0.24574100864928924,0.0359700278898327,0.007782974536002595,0.04289423276314223,0.08459498777760778,0.0001064634543288065,11,134,0.07558315497136345,0.22042623954745635,True,False,False,3.064771343841611e-07,COMPLETE
1389,0.6233362197875977,2025-04-01 09:46:42.794519,2025-04-01 09:47:03.487760,0 days 00:00:20.693241,0.0491307958903843,0.9162919122993873,16,0.07376018518386442,0.258330772210679,0.03667030924873083,0.009654522880960262,0.046285172690304105,0.08497717184136495,8.371870289330491e-05,12,131,0.08118560915137522,0.20632821364703294,True,False,False,3.5456796282406316e-07,COMPLETE
1390,0.562631106376648,2025-04-01 09:47:03.955467,2025-04-01 09:47:24.443042,0 days 00:00:20.487575,0.0742602541551205,0.8959786119215443,16,0.06658166071107859,0.12489676460639623,0.0358065000472232,0.01122973231123822,0.048855745632124095,0.08588582412080292,6.194991973564366e-05,11,133,0.07814120016511576,0.21399440271497402,True,False,False,3.119625363304081e-07,COMPLETE
1391,0.43837573528289797,2025-04-01 09:47:24.896259,2025-04-01 09:47:42.567591,0 days 00:00:17.671332,0.05680194629718088,0.9027011897413009,16,0.07827631183135976,0.24832036103454638,0.03553424225401476,0.012593474782435207,0.045545534582197685,0.08438403092328765,9.897465338538469e-05,10,127,0.0764790711236594,0.1697757574858671,True,False,True,2.200217603281099e-07,COMPLETE
1392,0.6209417939186096,2025-04-01 09:47:43.017244,2025-04-01 09:48:03.789143,0 days 00:00:20.771899,0.07561525411523873,0.8874964821380408,16,0.069536465729515,0.2611038461772516,0.035109941189911585,0.007997555837113604,0.043757104880502926,0.08630120359157507,7.293227181304208e-05,12,133,0.07961507545643631,0.2178522671390251,True,False,False,2.5772676125061293e-07,COMPLETE
1393,0.4251990675926209,2025-04-01 09:48:04.241810,2025-04-01 09:49:04.465236,0 days 00:01:00.223426,0.08726425190509549,0.9014829160481418,2,0.08056727245198615,0.25343969168700775,0.03820542720058125,0.009840181904118672,0.04982938351138446,0.08774960162149036,0.0687853735685331,13,130,0.07634081354192288,0.2137053288658729,True,False,False,2.845265510577254e-07,COMPLETE
1394,0.6281830430030823,2025-04-01 09:49:04.913633,2025-04-01 09:49:23.997251,0 days 00:00:19.083618,0.05928467587805317,0.9144926875585737,16,0.06489518048937348,0.24566869792741103,0.040004041129446964,0.01232755199525237,0.018400059306886547,0.08412301857899208,0.00010108940630132946,9,130,0.07840743620759823,0.21286364468333793,True,False,False,1.9048721794390654e-07,COMPLETE
1395,0.42528367042541504,2025-04-01 09:49:24.446052,2025-04-01 09:49:42.459614,0 days 00:00:18.013562,0.08069744126894694,0.8713862558088064,16,0.07359352534734756,0.2471439837278859,0.03764580528171499,0.008143649250205616,0.04724543721685924,0.08873537887096727,9.002049267652697e-05,11,127,0.0755548488790364,0.20081897657065279,False,False,False,2.660348735391888e-07,COMPLETE
1396,0.41499994993209843,2025-04-01 09:49:42.927930,2025-04-01 09:50:02.678821,0 days 00:00:19.750891,0.09893539196402351,0.8833650030579132,16,0.06934043725161956,0.2533547710753728,0.033701211671448156,0.010368331071063781,0.04887941428974271,0.09067823366591322,7.427201544766528e-05,10,133,0.07700181614754371,0.20699826190723847,True,False,False,3.8189808810592967e-07,COMPLETE
1397,0.6514809012413025,2025-04-01 09:50:03.133653,2025-04-01 09:50:23.427906,0 days 00:00:20.294253,0.050679114235954094,0.8845718162041376,16,0.07550328224609518,0.24357826576050678,0.03530525154866395,0.007663237299231559,0.04552108837514545,0.08585318799451952,0.00010701477362995673,11,135,0.07489399485460456,0.21850510475782337,True,False,False,3.094197269948755e-07,COMPLETE
1398,0.3450398206710816,2025-04-01 09:50:23.882340,2025-04-01 09:50:44.513098,0 days 00:00:20.630758,0.047570333465211674,0.9216376499773915,16,0.06236645136397903,0.2660932150795391,0.03496941035717345,0.006534596220129451,0.04314327148495881,0.08402412866334079,0.0012014020677017711,12,136,0.07977182270116014,0.19792219250470583,True,False,False,2.1365143400666832e-07,COMPLETE
1399,0.6303547620773315,2025-04-01 09:50:44.962083,2025-04-01 09:51:05.858470,0 days 00:00:20.896387,0.049769727662145755,0.8760415878678067,16,0.06626470826270084,0.25209665223413835,0.036735123092683446,0.008166214482026164,0.04210134215160312,0.08368920360593898,8.742620419738413e-05,12,131,0.07792757235584737,0.21287994700072044,True,False,False,2.7665803793323683e-07,COMPLETE
1400,0.611524248123169,2025-04-01 09:51:06.309708,2025-04-01 09:51:27.073031,0 days 00:00:20.763323,0.05426790794791901,0.896442669436515,16,0.0755707674222985,0.2614354022780236,0.03421819669791474,0.00804677067582098,0.0447047972986369,0.08524474653724548,0.0001000687905015133,12,130,0.08338813696054581,0.21987502681083673,True,False,False,2.3806506290950358e-07,COMPLETE
1401,0.2797684073448181,2025-04-01 09:51:27.548204,2025-04-01 09:51:45.467416,0 days 00:00:17.919212,0.04358365218830347,0.7696849632287996,16,0.07101035419942062,0.24445542498749936,0.03502164789625874,0.006514994853320592,0.0430015354516038,0.08562373005618212,5.770141150644068e-05,11,130,0.07550410885215898,0.20619093147345696,True,True,False,1.776934817832806e-07,COMPLETE
1402,0.5749836206436157,2025-04-01 09:51:45.924468,2025-04-01 09:52:06.037497,0 days 00:00:20.113029,0.05863046092741418,0.9222966604626801,16,0.06422970092517534,0.25631695366948903,0.03732514982365768,0.007499135181424187,0.04500407852365842,0.08308756169536967,0.00011504201059374568,11,128,0.07692807413620695,0.2188814517111737,True,False,False,3.0500919408176826e-07,COMPLETE
