number,value,datetime_start,datetime_complete,duration,params_alpha-eval,params_alpha-train,params_batch-size,params_eps-eval,params_eps-train,params_lambda-actions-eval,params_lambda-actions-train,params_lambda-frames-eval,params_lambda-frames-train,params_learning-rate,params_n-epochs,params_n-frames,params_radius-gw,params_rho,params_std-feats,params_ub-actions,params_ub-frames,params_weight-decay,state
843,0.43559038639068604,2025-04-01 06:26:58.362604,2025-04-01 06:27:16.718139,0 days 00:00:18.355535,0.9919868195456119,0.7934534123498932,16,0.053343151392238594,0.2231801498313109,0.09586365222322434,0.009764324380377823,0.04814815158983453,0.0748026107703859,0.00018515098102220992,12,143,0.07589190741684072,0.252641772176522,False,False,False,7.672395746022148e-08,COMPLETE
844,0.36135221123695377,2025-04-01 06:27:17.002008,2025-04-01 06:27:37.031986,0 days 00:00:20.029978,0.23572127483947375,0.821351292610492,16,0.022810453781861615,0.2356881763532924,0.03087015312186395,0.013073397043699468,0.03962266198758886,0.07176756020923336,0.0012466936874091202,10,150,0.07115568070630496,0.2307332975974035,True,False,False,1.1373311433865381e-07,COMPLETE
845,0.6473061800003053,2025-04-01 06:27:37.318380,2025-04-01 06:27:57.986464,0 days 00:00:20.668084,0.14355790226774812,0.8076569556134681,16,0.03776672695816536,0.2277670879029568,0.05483762096594251,0.006129355251973901,0.0442022538678001,0.06363777288699411,0.00012798055523939662,11,146,0.07415625933729589,0.24532546239698896,True,False,False,3.842223474853198e-07,COMPLETE
846,0.631353235244751,2025-04-01 06:27:58.259615,2025-04-01 06:28:18.753381,0 days 00:00:20.493766,0.18275907037764882,0.8629099492171609,16,0.030155146102669124,0.23114631257589222,0.04280870191859284,0.007994881454655248,0.04182196503842251,0.06544790882192976,0.00010346883992249828,11,140,0.07751297934401417,0.25970878810463516,True,False,False,4.5733721217267083e-07,COMPLETE
847,0.2797684073448181,2025-04-01 06:28:19.041690,2025-04-01 06:28:38.548166,0 days 00:00:19.506476,0.15684580836993436,0.7811678767921135,16,0.13263849920288104,0.24172469343486824,0.0456862048450243,0.010604719623278774,0.03789568939368688,0.0777344724414611,0.0001476755555797939,12,145,0.0752721345888299,0.26604118867191495,True,True,False,6.585056491147827e-07,COMPLETE
848,0.5907539963722229,2025-04-01 06:28:38.835148,2025-04-01 06:28:58.535815,0 days 00:00:19.700667,0.2176282468249601,0.7534801835317625,16,0.035224355497457935,0.22742226949201386,0.04522112050332724,0.006407213821234119,0.04322344842514198,0.0757415630934918,0.00024582132094556626,10,142,0.0774392520202883,0.2479677059023859,True,False,False,3.285490419579558e-07,COMPLETE
849,0.6245551824569703,2025-04-01 06:28:58.808613,2025-04-01 06:29:19.114363,0 days 00:00:20.305750,0.14540877380588293,0.7149421926009621,16,0.011480663278954457,0.2343549622460907,0.053968455714694746,0.00940021301086838,0.046955887480363646,0.07326179075395657,8.943147817967159e-05,11,140,0.07380718967120219,0.25418935459969627,True,False,False,1.1121828416167251e-06,COMPLETE
850,0.6377354264259338,2025-04-01 06:29:19.400765,2025-04-01 06:29:40.841371,0 days 00:00:21.440606,0.19924734761384472,0.800630348307829,16,0.02433003110965723,0.2369899907575004,0.05133089749412079,0.006361497050212491,0.04104577955772101,0.06342161359767992,0.0001179078174306179,12,145,0.07470517872683065,0.2462633235218199,True,False,False,2.9587751281858687e-08,COMPLETE
851,0.4530301332473755,2025-04-01 06:29:41.130852,2025-04-01 06:30:01.218756,0 days 00:00:20.087904,0.24553337639335338,0.8352393796123962,16,0.04640749004192987,0.22805132264369027,0.0346126526059353,0.011473604587957657,0.03370561088613869,0.07948832168228412,0.00020669339441256807,10,145,0.07665925310896268,0.23617348071703642,True,False,False,4.385062297128791e-07,COMPLETE
852,0.43915685415267947,2025-04-01 06:30:01.497264,2025-04-01 06:30:22.120907,0 days 00:00:20.623643,0.1182685141884123,0.7677896907167315,16,0.03713074959025389,0.1607629952280786,0.04671527713400286,0.008640244191475474,0.04984729915327657,0.07622620543292367,0.00016848765212438958,11,142,0.0728776971695593,0.172506094856256,True,False,False,5.285435598751041e-07,COMPLETE
853,0.3410053730010987,2025-04-01 06:30:22.410688,2025-04-01 06:30:46.646718,0 days 00:00:24.236030,0.1738642381026384,0.7892430176095254,8,0.017932223712750654,0.24320960151116428,0.0541076898461348,0.005867973061813744,0.044452135323509605,0.07032117522544662,0.00014004664164488586,11,147,0.0740750396063856,0.25557336581794576,True,False,False,2.0737766484892318e-06,COMPLETE
854,0.42814685106277467,2025-04-01 06:30:46.935543,2025-04-01 06:31:04.938638,0 days 00:00:18.003095,0.2196375467283998,0.8175738071314204,16,0.05584273054265202,0.23027125434548992,0.049559353351043875,0.013364144297639626,0.046431952353680146,0.07373474467383968,0.0001722085044767795,10,73,0.0761995217614457,0.2210696576195653,True,False,False,1.590833975683151e-06,COMPLETE
855,0.6483265161514282,2025-04-01 06:31:05.230844,2025-04-01 06:31:25.741874,0 days 00:00:20.511030,0.1980858466867505,0.8382748613219768,16,0.07062330153945555,0.2247571798688005,0.05168555189057174,0.008126467853401577,0.0357759085266238,0.07842235028260719,0.00011047280407261506,11,140,0.07821014203346341,0.2435587512275567,True,False,False,3.853804533674416e-07,COMPLETE
856,0.42775164842605595,2025-04-01 06:31:26.016417,2025-04-01 06:31:47.951073,0 days 00:00:21.934656,0.19488996601684816,0.05739377317222366,16,0.07190829161021274,0.21504121078711425,0.05461459317479966,0.011315269120003758,0.03535170731892802,0.07954494323596356,0.00012466039300592442,12,150,0.07677496393073716,0.24926596736035614,True,False,False,8.898036933324495e-07,COMPLETE
857,0.4363338708877563,2025-04-01 06:31:48.244888,2025-04-01 06:32:09.943148,0 days 00:00:21.698260,0.2302744490574288,0.8009774408264779,16,0.07002090563458743,0.22381976823508007,0.04803409239213183,0.0094172270173209,0.03619754800933176,0.08324344579958519,0.0002172988391895174,12,145,0.07812967276990095,0.2630772406653376,True,False,False,1.2745246995420398e-08,COMPLETE
858,0.45315854549407963,2025-04-01 06:32:10.235788,2025-04-01 06:32:29.805752,0 days 00:00:19.569964,0.2039066255657926,0.7449462110211109,16,0.06620838293626881,0.2190190815194466,0.05197613325440175,0.008048277456780634,0.03321190915784181,0.07804706691492004,0.0001468443023736453,12,140,0.07816703089902367,0.254871979212948,True,False,True,4.2092470881973823e-07,COMPLETE
859,0.6421096444129945,2025-04-01 06:32:30.085272,2025-04-01 06:32:50.876166,0 days 00:00:20.790894,0.1836506585068876,0.7678928917988995,16,0.07332707884665753,0.22468052164531344,0.0503816407815599,0.011938268802530797,0.036164351975068065,0.07896950663189556,0.0001839952294460222,11,147,0.07243127285045323,0.24803847142609275,True,False,False,1.5102461065422654e-08,COMPLETE
860,0.5919493675231934,2025-04-01 06:32:51.167859,2025-04-01 06:33:11.703460,0 days 00:00:20.535601,0.17159359490583367,0.5625581080521062,16,0.07388983682604573,0.21709415713271119,0.04942854214072833,0.014538139939470477,0.036005508985141,0.08214441447383655,0.0001168300133133827,11,143,0.07363371587134268,0.243345186390496,True,False,False,6.060463688331044e-07,COMPLETE
861,0.5733870744705201,2025-04-01 06:33:11.997468,2025-04-01 06:33:33.430566,0 days 00:00:21.433098,0.18410194712331476,0.3771856452808943,16,0.07247965075449656,0.22428856479771242,0.052818489822648196,0.012798925932016597,0.03456990752234092,0.06393357129001537,0.0001567627326746916,12,145,0.07155598851417214,0.2451485485548028,True,False,False,2.990174797986107e-07,COMPLETE
862,0.42895077466964726,2025-04-01 06:33:33.710194,2025-04-01 06:33:52.182314,0 days 00:00:18.472120,0.16819689337261837,0.7382277055102242,16,0.0664262587199995,0.2120400152001293,0.05182418609565894,0.011990221806229143,0.034881789177754,0.07974221685859305,0.00013472867432739224,11,140,0.07844517526262337,0.24043844402931472,False,False,False,3.566014811205651e-07,COMPLETE
863,0.4172919034957886,2025-04-01 06:33:52.473611,2025-04-01 06:34:13.392545,0 days 00:00:20.918934,0.1943525878641362,0.7608146442928275,16,0.0732422023014174,0.22099986516333375,0.04959034502424146,0.014378981356849205,0.03704334826433773,0.07760790687554789,0.00017429095199240793,11,148,0.07592585714643303,0.24834084508708826,True,False,False,1.522376358022921e-08,COMPLETE
864,0.5996548414230347,2025-04-01 06:34:13.685299,2025-04-01 06:34:34.411335,0 days 00:00:20.726036,0.15416607043503605,0.7704875569008706,16,0.061438600337385275,0.22544235804604076,0.06230798457551365,0.011209431681369305,0.03762089842872739,0.09228569730733391,0.0001097468986633127,11,143,0.06960371120143133,0.24149940475632736,True,False,False,1.145414991728681e-08,COMPLETE
865,0.418327808380127,2025-04-01 06:34:34.708211,2025-04-01 06:34:53.710024,0 days 00:00:19.001813,0.18597372895978484,0.7302400305593556,16,0.06797891921251768,0.2130825026285605,0.05066653383467866,0.010254540214606256,0.033164081995875165,0.0841948778661813,0.00014277305005136522,12,82,0.07393984014900741,0.24934130244568892,True,False,False,4.0220386895013945e-07,COMPLETE
866,0.2797684073448181,2025-04-01 06:34:53.987597,2025-04-01 06:35:12.711703,0 days 00:00:18.724106,0.16193030026766672,0.8655154334340927,16,0.063338336240379,0.23067938579543795,0.04459658126198449,0.012615349639814904,0.03350663101322714,0.07940104392770211,0.00024498080699637,11,147,0.07194086252323223,0.23829998959628368,True,True,False,7.167414666892983e-07,COMPLETE
867,0.39592713117599493,2025-04-01 06:35:13.003350,2025-04-01 06:35:33.899185,0 days 00:00:20.895835,0.2004205834873536,0.7606128520043669,16,0.07515247468479233,0.21909523877027745,0.05252114630845393,0.00981065143706321,0.03629638472390736,0.08147404074957192,0.00018304934427551913,11,143,0.04732764335763122,0.2452028057139061,True,False,False,7.618432066001032e-08,COMPLETE
868,0.4290465354919434,2025-04-01 06:35:34.191683,2025-04-01 06:35:55.421166,0 days 00:00:21.229483,0.1760864161298909,0.7841836401333127,16,0.06786812110864207,0.22488455984106492,0.08107373194767656,0.014108816602155228,0.03809469683990285,0.07657669666186029,0.00011736923432144344,12,140,0.07522253479726602,0.25269874195142317,True,False,False,1.4127797809070329e-08,COMPLETE
869,0.3568414688110352,2025-04-01 06:35:55.701702,2025-04-01 06:36:16.443352,0 days 00:00:20.741650,0.14270583419962807,0.7133029303127837,16,0.06076819278961357,0.03357545914207667,0.05386114236504592,0.008376957181559161,0.048791705516240895,0.08813637646440237,0.00016505214132694746,11,150,0.0775614279936941,0.23517421543254238,True,False,False,2.518990512994147e-06,COMPLETE
870,0.6117047786712646,2025-04-01 06:36:16.735061,2025-04-01 06:36:37.924650,0 days 00:00:21.189589,0.2161622007378898,0.8208525783246801,16,0.0572260075886771,0.17082720953658287,0.05600987580817527,0.011596808193911668,0.07694851478761008,0.08593009230296533,0.000210955035012983,12,146,0.07254301132699467,0.24310200081339417,True,False,False,5.343708590849155e-07,COMPLETE
871,0.6404882907867433,2025-04-01 06:36:38.217436,2025-04-01 06:36:59.172438,0 days 00:00:20.955002,0.20420569729220822,0.8452365441037322,16,0.07209569027441011,0.21400525599403622,0.05116699750664545,0.009119933269877046,0.03886414936490193,0.06901888283336265,0.00013572482441083375,11,145,0.07029837109355633,0.2494743235379408,True,False,False,3.367648321678166e-08,COMPLETE
872,0.5781719565391541,2025-04-01 06:36:59.472691,2025-04-01 06:37:16.326646,0 days 00:00:16.853955,0.20702227649717936,0.8685419983201049,16,0.07143284455416934,0.20374187347337805,0.05056404326214729,0.007897224176885407,0.03577464174382615,0.06685632921399635,9.722959791198936e-05,5,140,0.06793235552648196,0.23785150807745054,True,False,False,3.769150541996379e-08,COMPLETE
873,0.3970339298248291,2025-04-01 06:37:16.610707,2025-04-01 06:37:36.615922,0 days 00:00:20.005215,0.23627250756584686,0.8535833680685392,16,0.07713345225417309,0.19210090564600452,0.04804650270742022,0.008134434318139771,0.03821468249978231,0.06843716052883064,0.00015580020291014568,10,142,0.06618994288920253,0.09244278321169468,True,False,False,3.5820405922718014e-08,COMPLETE
874,0.39979209899902346,2025-04-01 06:37:36.913311,2025-04-01 06:38:01.081030,0 days 00:00:24.167719,0.1936266066132404,0.8682515408255459,8,0.07433115877549465,0.21264052473437772,0.05783714878797852,0.010244070204574051,0.03895463598349477,0.06591283792383935,0.0003208888062294265,11,144,0.06942551359037197,0.24594763361796854,True,False,False,9.644528787585933e-06,COMPLETE
875,0.5781277060508728,2025-04-01 06:38:01.380140,2025-04-01 06:38:22.513024,0 days 00:00:21.132884,0.25675645633382826,0.8600613188482709,16,0.06915171339792561,0.2109855948473659,0.05607371908664428,0.007070100086679142,0.03573949810730748,0.06893753228194188,0.0001260206276069132,12,139,0.0705663537803836,0.24941571458170503,True,False,False,8.649858105361146e-08,COMPLETE
876,0.6360680222511292,2025-04-01 06:38:22.810904,2025-04-01 06:38:43.499662,0 days 00:00:20.688758,0.21141305073016586,0.8334751558207046,16,0.06569810930697755,0.21251864673206286,0.0509564697704928,0.00933643487453144,0.03734366501218121,0.06861846403893276,0.0001964809416066374,11,145,0.07409624721296718,0.2401057767866852,True,False,False,1.8958472599880536e-05,COMPLETE
877,0.40500193834304815,2025-04-01 06:38:43.783616,2025-04-01 06:39:02.280004,0 days 00:00:18.496388,0.22421106710998923,0.8410340564334066,16,0.07674893172589574,0.15455244717988387,0.048942849451908015,0.006453405702858251,0.03260701132646064,0.06317135979607508,0.0002720624419848904,10,143,0.07564280102377448,0.22951664610640699,True,False,True,6.877204600169512e-08,COMPLETE
878,0.42202067375183105,2025-04-01 06:39:02.574702,2025-04-01 06:39:23.316450,0 days 00:00:20.741748,0.18807482893880745,0.8462857600354672,16,0.06298379344369438,0.21748114166863047,0.05167679124097277,0.009105333239037863,0.03892085725572627,0.07060374636299943,0.0001531117676711788,11,140,0.07861861981405285,0.23499552758031772,True,False,False,1.2922326850198659e-06,COMPLETE
879,0.5501356005668641,2025-04-01 06:39:23.619363,2025-04-01 06:39:51.903825,0 days 00:00:28.284462,0.23806400841792819,0.8253899785635246,16,0.07099302393341514,0.2172619460922148,0.06564673447553582,0.005456767136731121,0.0396083123199789,0.06725879105613174,7.034725550535446e-05,22,146,0.06880462321737044,0.2445661735141226,True,False,False,3.28183349640557e-08,COMPLETE
880,0.467119038105011,2025-04-01 06:39:52.187402,2025-04-01 06:40:13.526240,0 days 00:00:21.338838,0.20453500556453344,0.869711359663994,16,0.0628511039331636,0.20597278737527042,0.053683929436227136,0.010664815748646393,0.036628383905217624,0.06456709374763346,0.0005056442282002307,12,143,0.07303504791453498,0.2499377595629584,True,False,False,4.4701585734097145e-06,COMPLETE
881,0.4663832426071167,2025-04-01 06:40:13.821408,2025-04-01 06:40:33.772149,0 days 00:00:19.950741,0.1773423570192394,0.7460275635675387,16,0.07583678898575101,0.138028161526659,0.05119973874080199,0.007518009568142528,0.034036366632701695,0.07079866207863801,0.002341413587634152,10,147,0.09268487768552836,0.2387845117153222,True,False,False,1.0003099437972286e-08,COMPLETE
882,0.4219322204589844,2025-04-01 06:40:34.067862,2025-04-01 06:40:52.307363,0 days 00:00:18.239501,0.22061460281263656,0.8444714839413079,16,0.067737485599048,0.23168566690951084,0.047221631158975125,0.008773955194038778,0.08440151508182146,0.028670328594789227,0.00010735501990112765,11,139,0.07081669036958835,0.13928618339995244,False,False,False,4.529071223948434e-08,COMPLETE
883,0.41642715930938723,2025-04-01 06:40:52.605387,2025-04-01 06:41:13.581524,0 days 00:00:20.976137,0.19660638378631842,0.8113324566474718,16,0.05958489694556178,0.2205078874746179,0.047274506065223466,0.004995076375238504,0.039854323768695396,0.0721895786147098,0.0001750007937359301,11,150,0.07596009468187352,0.22786910873343694,True,False,False,8.19523076569562e-07,COMPLETE
884,0.5997900724411012,2025-04-01 06:41:13.866174,2025-04-01 06:41:35.416917,0 days 00:00:21.550743,0.1679883864461402,0.7768021412141477,16,0.05786548317293129,0.22398387928204014,0.05300933286728482,0.00749497986443234,0.05063118557350465,0.08172964430006706,0.00012794547903731255,12,145,0.06710378848034802,0.24331384289723954,True,False,False,2.2985703771737022e-06,COMPLETE
885,0.6141501069068909,2025-04-01 06:41:35.716326,2025-04-01 06:41:57.659509,0 days 00:00:21.943183,0.25945483662084634,0.8263145847060661,16,0.0725540754014436,0.21356649054779692,0.05988676914416994,0.0106059510429822,0.040359161759613155,0.08057453788696145,0.00022121697601263382,13,142,0.07380904867029338,0.23440159833744245,True,False,False,6.513886604745484e-08,COMPLETE
886,0.4258868575096131,2025-04-01 06:41:57.957837,2025-04-01 06:42:15.679098,0 days 00:00:17.721261,0.18527401848933,0.8724657055148133,16,0.0670000812007164,0.20120335386344387,0.042484322800789905,0.006025389231585434,0.03769202619799831,0.06591448315065081,9.070423194295068e-05,10,66,0.07785980090829865,0.2507829496206682,True,False,False,4.6314028885689125e-08,COMPLETE
887,0.2797684073448181,2025-04-01 06:42:15.964786,2025-04-01 06:42:34.637056,0 days 00:00:18.672270,0.23881757614560467,0.6821275446839616,16,0.056264284346197534,0.2344973764669095,0.050283227871760976,0.008877774973062932,0.034981901788924526,0.08413083054549948,0.00014877066211983544,11,147,0.07195211197167972,0.24260517648666993,True,True,False,8.877729654754652e-08,COMPLETE
888,0.5765745401382447,2025-04-01 06:42:34.934998,2025-04-01 06:42:56.222439,0 days 00:00:21.287441,0.2146633119636725,0.7350027633227105,16,0.06514997721380733,0.2280387831216227,0.048753669335219914,0.012107881784041109,0.05029733304013752,0.07833084305444143,0.000181290364521605,12,143,0.06987459595671909,0.25886819690740476,True,False,False,3.1008780600498257e-08,COMPLETE
889,0.6469266891479493,2025-04-01 06:42:56.521673,2025-04-01 06:43:17.047696,0 days 00:00:20.526023,0.15932715642611195,0.8071526922944164,16,0.0773066749946493,0.2434380758321025,0.05346563882087889,0.004481777410722656,0.03161174054157063,0.0692831053818202,0.00011029309776855509,11,139,0.07473696455548388,0.2262998027493554,True,False,False,3.59803377341501e-07,COMPLETE
890,0.41702520847320557,2025-04-01 06:43:17.350337,2025-04-01 06:43:37.386257,0 days 00:00:20.035920,0.15835824212286087,0.8053315278330291,16,0.07819581188294177,0.2447411749738402,0.05457002383117074,0.0042298965559731385,0.03344320915874237,0.06841322219655548,8.320158834285171e-05,10,139,0.07322877057219886,0.21886035997172504,True,False,False,3.2886820568804053e-07,COMPLETE
891,0.42779566049575807,2025-04-01 06:43:37.675392,2025-04-01 06:43:55.469337,0 days 00:00:17.793945,0.1617611722114623,0.7899554877657907,16,0.07812646667575056,0.24265387829672516,0.0553944807439081,0.0048031803794368125,0.030301943005236212,0.06872433619984096,8.135347420266859e-05,11,53,0.07092409174428324,0.22423457173750383,True,False,False,5.58600627078914e-07,COMPLETE
892,0.4357321262359619,2025-04-01 06:43:55.771853,2025-04-01 06:44:16.351978,0 days 00:00:20.580125,0.18148320470358437,0.8112243559279214,16,0.05388493837709137,0.20985851476738254,0.05334386625502782,0.003958187384803581,0.029211783411690062,0.0702030802031445,0.000101190375394048,11,139,0.07461225744413819,0.2488702064934582,True,False,False,1.204983426078492e-08,COMPLETE
893,0.6237930178642274,2025-04-01 06:44:16.653590,2025-04-01 06:44:37.035828,0 days 00:00:20.382238,0.15412755427101246,0.767897751775422,16,0.07313739929457447,0.21821268532258467,0.054363674798064344,0.005756734303174811,0.03671016745004334,0.06602136001503885,0.00010902113656850596,10,150,0.06852002394511382,0.22829927135401185,True,False,False,3.6190476974187303e-07,COMPLETE
894,0.5912953972816468,2025-04-01 06:44:37.340774,2025-04-01 06:44:58.322738,0 days 00:00:20.981964,0.19283632104863113,0.8319090808428939,16,0.07279665042778034,0.23696876432011094,0.05779756115994847,0.006619364391842846,0.03172840814920152,0.07037809993494563,7.399672797871255e-05,11,147,0.07228487358093391,0.25650194670290183,True,False,False,2.615173186378273e-07,COMPLETE
895,0.5720993876457214,2025-04-01 06:44:58.616290,2025-04-01 06:45:23.114376,0 days 00:00:24.498086,0.17549897814522947,0.8004785812803229,8,0.06147735252085812,0.22208821555768,0.04925217960406618,0.006866715115370494,0.031144257793556143,0.07235759105843993,5.967391904960087e-05,12,115,0.07446433432249167,0.23793612771575584,True,False,False,3.0327027421045394e-07,COMPLETE
896,0.5868573307991028,2025-04-01 06:45:23.417788,2025-04-01 06:45:43.496499,0 days 00:00:20.078711,0.1478277340477972,0.7851817573019267,16,0.0701581776615059,0.18621223838354828,0.05222156310942633,0.0038516443492176856,0.03297180205915988,0.06668398013965675,0.00012118759598752136,10,142,0.07029682430247455,0.24566588399372946,True,False,False,4.010308413354964e-07,COMPLETE
897,0.5825197458267212,2025-04-01 06:45:43.800897,2025-04-01 06:46:04.630521,0 days 00:00:20.829624,0.200085667502901,0.7566710186894651,16,0.052500481300331206,0.14513362475152433,0.05504959525466272,0.008145147249760069,0.03893456220038696,0.07176243701130879,0.00010305977243677155,11,145,0.07275952600692114,0.23331419135104128,True,False,False,5.200275490515285e-07,COMPLETE
898,0.42186448574066165,2025-04-01 06:46:04.935357,2025-04-01 06:46:22.632303,0 days 00:00:17.696946,0.2243530404781708,0.8300771107257594,16,0.07885628860417783,0.22993662241935744,0.050795955475067954,0.010000479570063451,0.03392760592013205,0.06429882126636946,0.00012659422575346716,9,139,0.07668812485291902,0.2523042942331101,True,False,True,4.1689062225974334e-07,COMPLETE
