number,value,datetime_start,datetime_complete,duration,params_alpha-eval,params_alpha-train,params_batch-size,params_eps-eval,params_eps-train,params_lambda-actions-eval,params_lambda-actions-train,params_lambda-frames-eval,params_lambda-frames-train,params_learning-rate,params_n-epochs,params_n-frames,params_radius-gw,params_rho,params_std-feats,params_ub-actions,params_ub-frames,params_weight-decay,state
1291,0.6338342666625977,2025-04-01 09:10:34.052821,2025-04-01 09:10:53.978989,0 days 00:00:19.926168,0.08174371067880218,0.8762907129015715,16,0.07629460240542596,0.2383821392262359,0.04972837563986796,0.010918604091747587,0.054697765391954076,0.09116742206113472,0.00013097474504913332,10,140,0.0759399690281948,0.23834108407128712,True,False,False,5.200987500393108e-07,COMPLETE
1292,0.573365592956543,2025-04-01 09:10:54.394823,2025-04-01 09:11:14.436111,0 days 00:00:20.041288,0.14652787491881786,0.834054810006435,16,0.10336303930748664,0.23240166381580468,0.02547526502902735,0.014974465936679528,0.05060098068288014,0.04494247529106792,0.00010654360843050013,11,127,0.07078638418959235,0.23696288418945205,True,False,False,5.937056658836084e-07,COMPLETE
1293,0.5701687932014465,2025-04-01 09:11:14.854301,2025-04-01 09:11:39.198865,0 days 00:00:24.344564,0.07008897904381858,0.8585845482770648,8,0.09131601267628985,0.2442495447857588,0.043388514069631366,0.013177631480010499,0.05255148237232698,0.04333216641084137,8.991392319634445e-05,12,104,0.07323530790274818,0.2294547674940465,True,False,False,3.838489885871643e-07,COMPLETE
1294,0.5890591740608215,2025-04-01 09:11:39.618555,2025-04-01 09:11:59.776812,0 days 00:00:20.158257,0.10180565560916942,0.8944128086157321,16,0.06497749892092672,0.250855848014253,0.029379234260352497,0.018350479949602996,0.04723018438002849,0.08225110748182211,0.00013429308112220475,11,136,0.0758789727994101,0.2213500830560168,True,False,False,1.0018276251582472e-06,COMPLETE
1295,0.4204531669616699,2025-04-01 09:12:00.194497,2025-04-01 09:12:20.235776,0 days 00:00:20.041279,0.12266811849745654,0.8185487491804512,16,0.08240872346287595,0.23856283770936682,0.0642860354512199,0.01090719730242369,0.04976163319315236,0.08733464511556889,6.530297224209115e-05,10,144,0.07798765852390437,0.24080507342900584,True,False,False,6.897083223611547e-07,COMPLETE
1296,0.6049424767494203,2025-04-01 09:12:20.670780,2025-04-01 09:12:39.940146,0 days 00:00:19.269366,0.06172859222315752,0.8393915320651796,16,0.07349758509321565,0.23134163636882404,0.05226906442495564,0.015056346475302804,0.044513341472196065,0.08460142303734287,0.00011288397914524395,9,141,0.07345004371343981,0.23200811021286746,True,False,False,2.377180546405169e-07,COMPLETE
1297,0.41756017208099366,2025-04-01 09:12:40.361330,2025-04-01 09:12:56.213860,0 days 00:00:15.852530,0.09131401115709417,0.8056067328025203,16,0.06696624446355746,0.24492123825488116,0.027431541636402716,0.013628749391773994,0.04677399780876942,0.08317375079823486,0.00013722091531458006,11,30,0.0705152266206802,0.2248872259823266,True,False,True,4.179758910732753e-07,COMPLETE
1298,0.42316426038742067,2025-04-01 09:12:56.633554,2025-04-01 09:13:15.939136,0 days 00:00:19.305582,0.14124762003681574,0.8569134409783188,16,0.08187988010096967,0.2381651430760387,0.0220786296050436,0.010311321521102016,0.04868693310724805,0.08660476482259154,8.050245747065115e-05,13,68,0.07485903951773722,0.23716531309937192,True,False,False,4.415454545693873e-07,COMPLETE
1299,0.5516809225082397,2025-04-01 09:13:16.358367,2025-04-01 09:13:37.306145,0 days 00:00:20.947778,0.8237088547013901,0.8224667493069528,16,0.0749510530643717,0.25408112674950895,0.046926921924023424,0.017478080001443626,0.051964860177610935,0.04728105561998014,9.688860415104619e-05,12,138,0.07217301182653302,0.22985415762528968,True,False,False,6.420021571623686e-07,COMPLETE
1300,0.43694326877594,2025-04-01 09:13:37.727120,2025-04-01 09:13:57.689907,0 days 00:00:19.962787,0.6617584602123462,0.8917676315824692,16,0.06676922202871714,0.23268975307401946,0.04060805063644178,0.02168496168739704,0.056475404390989026,0.09340651972085535,0.00013917538868582835,10,144,0.07762597691110966,0.24050588852535645,True,False,False,8.497208096646486e-07,COMPLETE
1301,0.42199525833129886,2025-04-01 09:13:58.109453,2025-04-01 09:14:16.289585,0 days 00:00:18.180132,0.11639115439211045,0.8734304692233354,16,0.09416406410792753,0.24856844928178864,0.0746142790249038,0.012365320114864152,0.04543636630850513,0.09596138215421754,0.00011372421336292738,11,141,0.07020496146968638,0.21692914273384162,False,False,False,2.735187483308352e-07,COMPLETE
1302,0.3958831787109375,2025-04-01 09:14:16.705691,2025-04-01 09:14:36.240257,0 days 00:00:19.534566,0.1438886383794122,0.37283940830898615,16,0.08637823096926493,0.26291355587040505,0.05583739639123491,0.09576789935931948,0.015932597151021022,0.08986358475354661,9.347297621158398e-05,10,132,0.07421830128586579,0.21030008077227805,True,False,False,1.3161743333262108e-06,COMPLETE
1303,0.41196153163909915,2025-04-01 09:14:36.707774,2025-04-01 09:14:57.287084,0 days 00:00:20.579310,0.08612072785245732,0.8451040325413786,16,0.07844088138653514,0.2388516631432244,0.024293150143893986,0.08348057770455726,0.05022485145936821,0.08248212001539286,0.00013815148603293995,11,144,0.07647681448312568,0.23354869238770926,True,False,False,5.224357679686304e-07,COMPLETE
1304,0.5888302326202393,2025-04-01 09:14:57.704576,2025-04-01 09:15:23.050676,0 days 00:00:25.346100,0.10704285174191412,0.8028444759387856,16,0.1341621667846309,0.2313233475087849,0.01970343376322349,0.016891046078383383,0.05412563323965588,0.08617993001997777,7.566963252201512e-05,19,136,0.07198618110406642,0.22527729192854135,True,False,False,3.114545687194187e-07,COMPLETE
1305,0.2797684073448181,2025-04-01 09:15:23.469861,2025-04-01 09:16:12.763989,0 days 00:00:49.294128,0.12175412137480311,0.8259527025782791,2,0.07296841795828303,0.2419245573630167,0.05061005685026571,0.010540438807320121,0.04828930385542744,0.08871792563812624,0.000112060929500119,12,145,0.07948278931225637,0.23979708657104623,True,True,False,5.04054843934055e-07,COMPLETE
1306,0.4433299779891968,2025-04-01 09:16:13.201717,2025-04-01 09:16:30.765228,0 days 00:00:17.563511,0.06451624170499684,0.8601399634726811,16,0.06633894360241058,0.08225907050935159,0.026314613290676334,0.01541312519480215,0.04499273156174451,0.08390001237173325,0.00013644928260999535,11,46,0.0732378417086009,0.22063602406439506,True,False,False,7.998136680978463e-07,COMPLETE
1307,0.3896463990211487,2025-04-01 09:16:31.186851,2025-04-01 09:16:52.421311,0 days 00:00:21.234460,0.15094756215173488,0.8086087962738434,16,0.1503700849907738,0.24666473031256228,0.048546235448794356,0.019455201273317693,0.051182538511734696,0.08490851423792482,5.526067467897586e-05,12,140,0.06925302237804337,0.009383511962523766,True,False,False,5.762446793910265e-07,COMPLETE
1308,0.560877811908722,2025-04-01 09:16:52.841548,2025-04-01 09:17:21.910843,0 days 00:00:29.069295,0.10120862445482007,0.834449039368557,16,0.06596354467383657,0.25541775198291056,0.024718144471273438,0.012844524470824209,0.047592993137344275,0.09167225891813613,0.00010765649456855153,24,142,0.0750519744373412,0.23195040429937033,True,False,False,3.70949883045803e-07,COMPLETE
1309,0.5747593998908996,2025-04-01 09:17:22.333476,2025-04-01 09:17:42.635836,0 days 00:00:20.302360,0.07797130493962,0.883300050603046,16,0.08065453180842744,0.23642994852890076,0.02844065859384827,0.010432859489540067,0.04429972486341882,0.08815633149438186,8.729658179148983e-05,11,138,0.07176268166858141,0.24081646062681947,True,False,False,9.92494121884629e-07,COMPLETE
1310,0.5883426070213318,2025-04-01 09:17:43.055690,2025-04-01 09:18:02.941644,0 days 00:00:19.885954,0.13172363527901865,0.7995036019543108,16,0.07368835144103122,0.23305808172298817,0.029462311231414188,0.014989134407079245,0.0535774703131674,0.08235545606662266,0.00014057030300897402,10,145,0.0750166168891504,0.22770974867619512,True,False,False,6.307445226209013e-07,COMPLETE
1311,0.5397366762161255,2025-04-01 09:18:03.364181,2025-04-01 09:18:24.082193,0 days 00:00:20.718012,0.08405788050561036,0.9059036090162507,16,0.06363053584131788,0.10162785831090913,0.039394245693316884,0.01265599548161543,0.04920464810191317,0.08246926874399123,0.0001191026160764925,11,142,0.07668159157088925,0.23708495921034578,True,False,False,4.24237385674081e-07,COMPLETE
1312,0.2797684073448181,2025-04-01 09:18:24.501275,2025-04-01 09:18:45.042422,0 days 00:00:20.541147,0.10310818949287039,0.8641239394040247,16,0.0856581821478802,0.010884264753405537,0.04523944183540794,0.018885991942774214,0.04697586291282563,0.08697452205901955,0.00010334184448242653,12,135,0.06975731245706812,0.1782029944044353,True,False,False,3.176046738287649e-07,COMPLETE
1313,0.4159444093704224,2025-04-01 09:18:45.466005,2025-04-01 09:19:07.564314,0 days 00:00:22.098309,0.15323297311326872,0.8256270944195299,16,0.07066721222002005,0.24312888664382526,0.027146410576032624,0.010658792759689683,0.05202970535304965,0.08436094807801238,7.042524356649369e-05,13,145,0.07325320390369805,0.22272975977791035,True,False,False,2.588077120426527e-07,COMPLETE
1314,0.6231945514678955,2025-04-01 09:19:07.988339,2025-04-01 09:19:27.814620,0 days 00:00:19.826281,0.13026481334697038,0.8444562424636209,16,0.09360662836532967,0.22840871915195693,0.022590259268531455,0.016254990445313963,0.04994452401377825,0.08592718183508866,0.00013959160872447648,10,139,0.07840062623548218,0.24309873595761383,True,False,False,4.916048025633511e-07,COMPLETE
1315,0.426832914352417,2025-04-01 09:19:28.256263,2025-04-01 09:19:45.187317,0 days 00:00:16.931054,0.5949903538734815,0.7931504429905039,16,0.06441744605399725,0.2504482678346001,0.053039292919305196,0.014336447455880344,0.046029502417903795,0.09071422677302447,8.291982494723304e-05,9,113,0.07215328737582179,0.2336941944143752,True,False,True,7.284016064027278e-07,COMPLETE
1316,0.5690313339233398,2025-04-01 09:19:45.615031,2025-04-01 09:20:06.365722,0 days 00:00:20.750691,0.11523231236604138,0.8140175223786029,16,0.07853917376087333,0.24203052790063162,0.030221821234720156,0.010257221892908052,0.04418710045422359,0.046111727969958244,0.00011462771008998712,11,142,0.0769496394193229,0.2161598999719129,True,False,False,2.0992453058636993e-08,COMPLETE
1317,0.3622968912124634,2025-04-01 09:20:06.795715,2025-04-01 09:20:30.959910,0 days 00:00:24.164195,0.06942621188034391,0.8471610778182228,8,0.07023434731034528,0.23671611664400086,0.0547939631272508,0.012465600567962008,0.055809136905007495,0.08187230046362318,0.0001429680990518441,11,145,0.07372394496961615,0.22726199098491384,True,False,False,1.2340492452126618e-06,COMPLETE
1318,0.5606477975845338,2025-04-01 09:20:31.385255,2025-04-01 09:20:52.601131,0 days 00:00:21.215876,0.15096190446963914,0.8819487417865742,16,0.08729364595906967,0.22988928008308374,0.02793592443349754,0.01721242195361136,0.04834262866014562,0.09320814610361752,9.52861863809561e-05,12,137,0.06922958634471282,0.23630347779714725,True,False,False,3.8564499544361944e-07,COMPLETE
1319,0.637690818309784,2025-04-01 09:20:53.026542,2025-04-01 09:21:12.681633,0 days 00:00:19.655091,0.09758965467221055,0.9055302469952298,16,0.06192009475066319,0.24628899962066952,0.06646635148944273,0.02111962644734355,0.052643646877110345,0.08439279535886647,0.00011601634698536703,10,132,0.08183120088315954,0.20495325069169423,True,False,False,1.7008063319380596e-06,COMPLETE
1320,0.46203299760818484,2025-04-01 09:21:13.105241,2025-04-01 09:21:31.309363,0 days 00:00:18.204122,0.059889741204299955,0.7895154561202794,16,0.07629919110934205,0.0962907982929915,0.08995884187616693,0.01436442497363652,0.03021454659919826,0.04783620098314171,0.010720717611326945,11,140,0.07499296169490034,0.24446325329859525,False,False,False,6.029224632763063e-07,COMPLETE
1321,0.46284052133560183,2025-04-01 09:21:31.735358,2025-04-01 09:21:52.151510,0 days 00:00:20.416152,0.12187555369109365,0.8149503229786115,16,0.06829032322880238,0.07630185549368247,0.050269081001566934,0.012460073315837504,0.058803796235977424,0.08842079980606664,0.0009422537374345599,11,145,0.07231635938457484,0.23217187284307567,True,False,False,5.265971372927233e-07,COMPLETE
1322,0.3493806302547455,2025-04-01 09:21:52.577379,2025-04-01 09:22:13.927775,0 days 00:00:21.350396,0.09055939652509257,0.8593738710929025,16,0.08188269858415632,0.2583847307261624,0.05810644950298583,0.009967914069221961,0.050190247906494775,0.08164380714113552,0.00014113517519518044,12,142,0.06754184399964623,0.22473496713853117,True,False,False,8.0112744357375e-07,COMPLETE
1323,0.5550860166549683,2025-04-01 09:22:14.374629,2025-04-01 09:22:34.126940,0 days 00:00:19.752311,0.1528976472289835,0.8351551823221322,16,0.06100320437206066,0.23525255710870477,0.030124444787897886,0.015685661786830993,0.046631019162978564,0.08140688578210561,9.414919779446896e-05,10,136,0.07067092590110571,0.240741884822875,True,False,False,2.187156270191809e-08,COMPLETE
1324,0.3798018455505371,2025-04-01 09:22:34.560067,2025-04-01 09:22:55.169049,0 days 00:00:20.608982,0.4816050456402262,0.7935135874860254,16,0.0714704904481814,0.251348478691916,0.02520013556379573,0.017675193028526784,0.04504006443411118,0.08339842320945035,0.03352404820391386,11,145,0.07899226279124437,0.21273325773763818,True,False,False,4.19784957707638e-07,COMPLETE
1325,0.2797684073448181,2025-04-01 09:22:55.602182,2025-04-01 09:23:14.575632,0 days 00:00:18.973450,0.1334610688281538,0.8711190661391617,16,0.07659241946891478,0.2301578843687115,0.04160421137751006,0.010007555881722592,0.024305554228198824,0.028126949124907305,0.00012016322671502064,12,141,0.07634200068247668,0.23149617196977296,True,True,False,9.0428441308759e-06,COMPLETE
1326,0.4238093972206116,2025-04-01 09:23:15.002620,2025-04-01 09:23:31.839120,0 days 00:00:16.836500,0.11198839950500918,0.8246420859441342,16,0.06182179996996938,0.24070963196062656,0.05159549818760136,0.01943722726360264,0.05132104003296776,0.0849137224930267,7.423247432166567e-05,9,54,0.0743570534599888,0.24785120231343474,True,False,False,2.2686034746569754e-08,COMPLETE
1327,0.6016321897506715,2025-04-01 09:23:32.267360,2025-04-01 09:23:51.891319,0 days 00:00:19.623959,0.08040640354703632,0.807588644483275,16,0.08777521122976989,0.23754284566276962,0.03871879635140574,0.013256050273786096,0.05433454035786,0.09047171795914147,0.0001474315975452649,10,138,0.07085128017678852,0.21886369042823875,True,False,False,8.684168590973888e-07,COMPLETE
1328,0.41520533561706546,2025-04-01 09:23:52.320566,2025-04-01 09:24:45.960400,0 days 00:00:53.639834,0.06035098432587892,0.8403390531252064,2,0.06789192680263285,0.2454750039900917,0.028182051595268758,0.011366477475399983,0.04847891867879363,0.08755685249609681,0.00010068299021191485,11,147,0.07706199629213062,0.19376240249927676,True,False,False,1.0159034022634143e-06,COMPLETE
1329,0.5696749806404114,2025-04-01 09:24:46.388612,2025-04-01 09:25:06.940064,0 days 00:00:20.551452,0.15161644431182505,0.8863475085924298,16,0.11329777891744862,0.26472945519697666,0.04835607159263573,0.01506699247212951,0.04408678596569771,0.09423439128613811,0.00011911226991738862,11,134,0.07321460355959389,0.24071181185760634,True,False,False,1.427508521803317e-06,COMPLETE
1330,0.5318392157554627,2025-04-01 09:25:07.368092,2025-04-01 09:25:25.847415,0 days 00:00:18.479323,0.09422276281780162,0.786503629400326,16,0.08002369955784162,0.22872852981717495,0.05374092430311261,0.010255989824734123,0.04733672769540715,0.07518455857312116,5.9448799442036615e-05,10,92,0.07483097032349272,0.22644345928398601,True,False,False,5.358722013739804e-07,COMPLETE
1331,0.4233888149261475,2025-04-01 09:25:26.274852,2025-04-01 09:25:47.308656,0 days 00:00:21.033804,0.1207730798793726,0.8592221081478852,16,0.10029547604384031,0.25630742344645,0.030581682967624917,0.013604098545302106,0.04975651966665881,0.09828405302169829,8.341682921741071e-05,11,143,0.08037491618968502,0.23466964359619913,True,False,False,2.6368638336383714e-07,COMPLETE
1332,0.36931462287902833,2025-04-01 09:25:47.755029,2025-04-01 09:26:09.170821,0 days 00:00:21.415792,0.10215181062975867,0.9102401253926994,16,0.07339745164495107,0.23646527401608441,0.023517772090702976,0.016715537161214645,0.0523415467522427,0.08733038153112276,0.00014930737760136483,12,147,0.07122725370785522,0.05894984545965844,True,False,False,3.260583220902726e-07,COMPLETE
1333,0.5506619930267334,2025-04-01 09:26:09.602537,2025-04-01 09:26:29.324426,0 days 00:00:19.721889,0.38220014662320845,0.8149284770813948,16,0.06229968366220998,0.2500661844480863,0.043548906266934626,0.08660697019594679,0.046070638647072754,0.08044232299715671,0.00012303190338413742,10,139,0.06815395335718215,0.24650884390885694,True,False,False,6.384418817104263e-07,COMPLETE
1334,0.43202447891235357,2025-04-01 09:26:29.757220,2025-04-01 09:26:48.521872,0 days 00:00:18.764652,0.137545580563384,0.8350980259978664,16,0.09133717593315427,0.24212962814379915,0.026221616189554948,0.019423589887854014,0.05035437606462145,0.09003533719582961,9.07611297816913e-05,11,143,0.0777371927553701,0.22202222336498076,True,False,True,4.073536172939808e-07,COMPLETE
1335,0.6365657687187195,2025-04-01 09:26:48.955402,2025-04-01 09:27:10.193031,0 days 00:00:21.237629,0.07999562590417679,0.7885612900308507,16,0.06878001474175277,0.2320832220745699,0.020936072888347017,0.012106240180269857,0.04867742738683469,0.08167623169897267,0.000141978141632969,12,145,0.0729909709257265,0.23873568347644278,True,False,False,2.1887689501691524e-08,COMPLETE
1336,0.42477581501007083,2025-04-01 09:27:10.622891,2025-04-01 09:27:32.499488,0 days 00:00:21.876597,0.1132489512696548,0.8718701863869264,16,0.08368341422577455,0.24492014803444537,0.05617776458759616,0.009307506887432732,0.04491320744801812,0.08550838306189316,2.437014399660825e-05,13,140,0.07575203545454393,0.22803597848434268,True,False,False,7.3069549709097e-07,COMPLETE
1337,0.5297680020332337,2025-04-01 09:27:32.929734,2025-04-01 09:27:52.835027,0 days 00:00:19.905293,0.1595944694894778,0.809279332361233,16,0.060345579642202773,0.22915629808847218,0.028999060226770693,0.014044412397414661,0.05406068169362248,0.08366281274213944,0.00010464867031351244,10,147,0.06971920870691438,0.23391097827872293,True,False,False,4.73402893769059e-07,COMPLETE
1338,0.4289453744888306,2025-04-01 09:27:53.263935,2025-04-01 09:28:16.002206,0 days 00:00:22.738271,0.061393138530016,0.8469031328931182,8,0.07591210196913706,0.237516623876131,0.02641655329555433,0.009526177421458256,0.05701447455311901,0.07504961128669181,0.00012207922118128104,11,137,0.07396539769151944,0.2467191290144624,False,False,False,3.423253720277722e-05,COMPLETE
1339,0.5519634127616883,2025-04-01 09:28:16.453486,2025-04-01 09:28:37.223545,0 days 00:00:20.770059,0.13907981537299682,0.8942362950159546,16,0.06804249106478341,0.2532135469421495,0.031310028741671075,0.02155112245869615,0.04632576516482677,0.0961392318013196,6.981620974399487e-05,12,129,0.07186798016236913,0.24050039292275652,True,False,False,3.905450539310307e-06,COMPLETE
1340,0.5901822090148926,2025-04-01 09:28:37.656331,2025-04-01 09:28:58.095083,0 days 00:00:20.438752,0.09747902086680134,0.42534803754292755,16,0.07909188877076476,0.2290053960099442,0.03823721940150722,0.016291206045348332,0.05022745568225593,0.014481986594118854,9.977192416027217e-05,11,143,0.07877618516048926,0.218871994288929,True,False,False,3.5941045907319586e-07,COMPLETE
1341,0.4184967041015625,2025-04-01 09:28:58.530727,2025-04-01 09:29:18.685013,0 days 00:00:20.154286,0.12369554827421625,0.8238796594121314,16,0.09476192337131073,0.23959007605406557,0.024908689500701266,0.030260347574197426,0.04381285882027687,0.08138476023560859,0.00014451677837888565,10,148,0.07566151644443875,0.23076351150316202,True,False,False,2.165988965034519e-05,COMPLETE
1342,0.5964286446571351,2025-04-01 09:29:19.119523,2025-04-01 09:29:38.199437,0 days 00:00:19.079914,0.08146821203633955,0.8006400150381504,16,0.06082537888237708,0.24487502551748905,0.05068886646617756,0.012102910661317915,0.04769416054127963,0.07374603697973922,8.202341052102913e-05,9,141,0.06604139358046922,0.23673191340722358,True,False,False,1.1159482623478734e-06,COMPLETE
1343,0.2797684073448181,2025-04-01 09:29:38.633530,2025-04-01 09:29:57.194088,0 days 00:00:18.560558,0.1568914644651308,0.7794026741799059,16,0.0750292416326867,0.24973021210830923,0.047783556973900826,0.01844422372787449,0.05151897563520558,0.08629887548477227,0.00011464341158608135,12,134,0.09987642872528334,0.2111474855169827,True,True,False,2.706683188562732e-08,COMPLETE
1344,0.5616198062896729,2025-04-01 09:29:57.624909,2025-04-01 09:30:18.199354,0 days 00:00:20.574445,0.10962663143131074,0.8581280226491103,16,0.06536214236244174,0.23672171889918275,0.07965578482444602,0.014629797969198558,0.043912827437445796,0.08939230463173126,0.00014631420618235985,11,145,0.06936531057693826,0.22472255465678412,True,False,False,5.598588814095674e-07,COMPLETE
1345,0.6238824248313903,2025-04-01 09:30:18.631846,2025-04-01 09:30:39.304642,0 days 00:00:20.672796,0.05768914161848087,0.8299388912241357,16,0.08563106934424757,0.22859790501577867,0.04514327823001681,0.009670690601916913,0.0483981130867838,0.07615085129243694,0.00010083203516885229,11,139,0.07322049334869246,0.24436349702533133,True,False,False,2.605568565609079e-08,COMPLETE
1346,0.4187144994735718,2025-04-01 09:30:39.735355,2025-04-01 09:30:59.616434,0 days 00:00:19.881079,0.1347563254793001,0.8774230944377004,16,0.10279026090554333,0.23306796524998816,0.028863598200224886,0.011562008250376236,0.05229795969379541,0.09191571872078695,0.00012830470123847477,10,143,0.07695108471264288,0.22987317856281858,True,False,False,2.8336023672309567e-05,COMPLETE
