number,value,datetime_start,datetime_complete,duration,params_alpha-eval,params_alpha-train,params_batch-size,params_eps-eval,params_eps-train,params_lambda-actions-eval,params_lambda-actions-train,params_lambda-frames-eval,params_lambda-frames-train,params_learning-rate,params_n-epochs,params_n-frames,params_radius-gw,params_rho,params_std-feats,params_ub-actions,params_ub-frames,params_weight-decay,state
113,0.40639978647232056,2025-04-21 17:42:25.788916,2025-04-21 17:42:44.070748,0 days 00:00:18.281832,0.30491482329740904,0.5687933011196458,8,0.23477818338796141,0.2334913179978337,0.013143339077580146,0.07054997941561963,0.04627282915633435,0.012973238104741835,1.0109836303920256e-05,5,83,0.07398747200334783,0.11676714747480631,True,False,False,0.0007805214249442339,COMPLETE
114,0.5395706295967102,2025-04-21 17:42:44.108151,2025-04-21 17:43:03.237320,0 days 00:00:19.129169,0.39623815223803815,0.4895623038072929,8,0.21340871774236486,0.22490016246509265,0.010715007687897463,0.07464213941924697,0.031784693592105805,0.004417933351993204,2.2240683956444514e-05,6,96,0.08432511225492068,0.13225975443536725,True,False,False,0.0004175801135028816,COMPLETE
115,0.46548167467117313,2025-04-21 17:43:03.275485,2025-04-21 17:43:22.751295,0 days 00:00:19.475810,0.35232090043499675,0.4943278554309957,8,0.2136866680662673,0.22474842790076224,0.005321706389008358,0.07552117285191026,0.03194269489151009,0.001372353913844486,2.151945904454067e-05,6,103,0.08140344423910939,0.13154515578484632,True,False,False,0.0003302136327500392,COMPLETE
116,0.531648850440979,2025-04-21 17:43:22.789928,2025-04-21 17:43:43.022857,0 days 00:00:20.232929,0.37953725733617494,0.6042622365211102,8,0.21146425131772942,0.18930680817733328,0.011048209002178087,0.08025526228949974,0.04187473011830675,0.003948702861128989,3.0086504149443912e-05,7,99,0.08438990193261886,0.1468095891038509,True,False,False,0.00013618041200987537,COMPLETE
117,0.4392628908157349,2025-04-21 17:43:43.061513,2025-04-21 17:44:02.248447,0 days 00:00:19.186934,0.501847849157784,0.493110889774963,8,0.17630061606647232,0.21392926836921583,0.008586579600029953,0.07704984179534322,0.027397314260993167,0.008183029824930039,3.838606733317533e-05,6,77,0.0790763223248617,0.16912857778512597,True,False,False,0.0004200681353709428,COMPLETE
118,0.3855728507041931,2025-04-21 17:44:02.288260,2025-04-21 17:44:21.475213,0 days 00:00:19.186953,0.40853426033020335,0.725115699654965,8,0.021934792875560882,0.0978398824219621,0.003385598275028971,0.08323377400732955,0.023042138686405554,0.006103319955097387,1.2021793141417522e-05,6,95,0.06188754342950002,0.1411932499447156,True,False,False,0.00018708587671305413,COMPLETE
119,0.3111650049686432,2025-04-21 17:44:21.514753,2025-04-21 17:44:39.136403,0 days 00:00:17.621650,0.309077273517838,0.43561406029310623,8,0.23391808259427022,0.20408421928128595,0.015070081463691355,0.07810663839045813,0.030199604062109274,0.018135264957680152,1.4811048206422286e-05,7,64,0.07258339011743205,0.15067353282233392,True,False,True,0.00026648884706247274,COMPLETE
120,0.44243195056915285,2025-04-21 17:44:39.176096,2025-04-21 17:44:57.443837,0 days 00:00:18.267741,0.5303035692177022,0.5488666957620961,8,0.1446123458276068,0.21971771567957635,0.006057761108907531,0.08660279957846151,0.03482665260841322,0.015350569541295978,1.8720531163670245e-05,5,72,0.08579642941677842,0.2509416320044181,True,False,False,9.253049394761604e-05,COMPLETE
121,0.5295974016189575,2025-04-21 17:44:57.483015,2025-04-21 17:45:15.791024,0 days 00:00:18.308009,0.6066066396966951,0.6143843360634348,8,0.2201979146802521,0.24276977047457546,0.013220637119837734,0.07441479347446277,0.02672927856896883,0.010333769217907943,4.6912924819399244e-05,5,86,0.09814557761910607,0.1257084688545877,True,False,False,0.0005333360200569365,COMPLETE
122,0.5408604741096497,2025-04-21 17:45:15.830969,2025-04-21 17:45:35.129437,0 days 00:00:19.298468,0.5692653231637337,0.6592257835805589,8,0.22596545055109876,0.24708314805240622,0.010056964378075565,0.0807579373948524,0.020939503681439216,0.008878770143697978,1.3239114913065901e-05,6,81,0.08306479318215301,0.13338964214936255,True,False,False,0.0006067360459226538,COMPLETE
123,0.5291539788246155,2025-04-21 17:45:35.178463,2025-04-21 17:46:00.936328,0 days 00:00:25.757865,0.4924864971047861,0.6739163145106283,8,0.20571250478043362,0.24802562225591773,0.010456498806106532,0.08078126192775809,0.015285790208082087,0.008645127586072863,1.2786007176689153e-05,14,77,0.07688991160951368,0.13535549643098577,True,False,False,0.0004229568280277414,COMPLETE
124,0.48034671545028684,2025-04-21 17:46:00.976311,2025-04-21 17:46:20.122542,0 days 00:00:19.146231,0.42044863298459373,0.6551730295836887,8,0.2511037917352786,0.23392487646397428,0.00829150342819859,0.08947061386986802,0.01972508042443932,0.012192212917421284,1.4252504359552734e-05,6,82,0.08305265901178924,0.1124953269513673,True,False,False,4.238705240605908e-05,COMPLETE
125,0.43944287300109863,2025-04-21 17:46:20.163310,2025-04-21 17:46:40.209331,0 days 00:00:20.046021,0.6267393325235697,0.7068608856754758,8,0.19152592405476213,0.2562941905147528,0.0025162250699048254,0.08426758293370051,0.012112276761561019,0.0029579995189501565,2.1650751076262166e-05,7,92,0.08088287111249047,0.13103284459946551,True,False,False,0.0003239636961540152,COMPLETE
126,0.3659758329391479,2025-04-21 17:46:40.251379,2025-04-21 17:46:57.449606,0 days 00:00:17.198227,0.4477503970808578,0.4658737269518556,8,0.22832219423623978,0.22728346716943865,0.006041521301349747,0.07064211203195904,0.02329759853028177,0.0069445962324095525,1.725190799499099e-05,6,100,0.08513892108200664,0.1559976229376895,True,True,False,0.0006005975612125604,COMPLETE
127,0.5350027918815613,2025-04-21 17:46:57.491533,2025-04-21 17:47:18.497484,0 days 00:00:21.005951,0.5604900455694176,0.5556614919372671,8,0.19855391317007592,0.21173751143983224,0.012386726975128342,0.06581094282368097,0.009156924876453332,0.0044744145349989006,1.0144942569523542e-05,8,95,0.08857919117369573,0.14612319976890192,True,False,False,7.205412576142757e-05,COMPLETE
128,0.4552837371826172,2025-04-21 17:47:18.539480,2025-04-21 17:47:39.817356,0 days 00:00:21.277876,0.5673600356859255,0.6282525485536363,8,0.19830691898969188,0.1986859605299874,0.015625558972356336,0.0676329664797593,0.013439892811953446,0.0011562752597662992,2.3477686678926756e-05,8,96,0.08856894195681173,0.10282034578558952,True,False,False,6.48742959196665e-05,COMPLETE
129,0.4413597822189331,2025-04-21 17:47:39.859585,2025-04-21 17:48:01.159383,0 days 00:00:21.299798,0.5146549619497715,0.5552237143353019,8,0.21264255111349872,0.21182764867842632,0.011688831918774864,0.06632260658582562,0.060146441115893595,0.004794423180255939,1.0447344436942337e-05,9,105,0.07880506352001829,0.14979907777054055,False,False,False,0.00017975592415251903,COMPLETE
130,0.536896812915802,2025-04-21 17:48:01.202042,2025-04-21 17:48:21.499465,0 days 00:00:20.297423,0.596830481316547,0.5990169428562473,8,0.1838488917914178,0.22422885112028232,0.0035601667795215446,0.07546655938951805,0.016060440251024294,0.010150729419784364,1.3570479194648336e-05,7,102,0.08265240238279138,0.16624496475982398,True,False,False,0.0001492907456001511,COMPLETE
131,0.429992139339447,2025-04-21 17:48:21.541606,2025-04-21 17:48:41.865628,0 days 00:00:20.324022,0.597248584689998,0.6017345077553441,8,0.2058137322028528,0.22066441379493268,0.00433471345857734,0.0720932494732372,0.007551806654386718,0.008855677962037393,1.3056325963364953e-05,7,107,0.08276560225473781,0.1646007669840221,True,False,False,7.418364668824505e-05,COMPLETE
132,0.5327110767364502,2025-04-21 17:48:41.909514,2025-04-21 17:49:02.898882,0 days 00:00:20.989368,0.55079962047522,0.6529516410339188,8,0.18865372502414704,0.20950871569388474,0.0010255571210064087,0.07549388892683044,0.016678742972335264,0.01346792884355897,3.238227543824986e-05,8,101,0.08460091028163791,0.19017920325563356,True,False,False,0.00013521819041886654,COMPLETE
133,0.5335176467895508,2025-04-21 17:49:02.941860,2025-04-21 17:49:23.997507,0 days 00:00:21.055647,0.5291303973793768,0.6445618604098751,8,0.1820460712964339,0.20756714434892626,0.0021034350461152443,0.07544382109885989,0.008287954349304518,0.013797110016716067,3.3826538750545896e-05,8,97,0.08462991381238985,0.21907380315936065,True,False,False,0.00012396758646557464,COMPLETE
134,0.44294716119766236,2025-04-21 17:49:24.040596,2025-04-21 17:49:45.181456,0 days 00:00:21.140860,0.529622056700996,0.5212169225469881,8,0.1817543755732124,0.17682314240995495,0.007401075439853341,0.07753757143913272,0.003525305146093648,0.010441370242592436,1.7366383780700188e-05,8,93,0.08059009605589305,0.2372708085145473,True,False,False,0.00011634210135722423,COMPLETE
135,0.44185081720352176,2025-04-21 17:49:45.225133,2025-04-21 17:50:05.470943,0 days 00:00:20.245810,0.4856588197981748,0.5679237450296504,8,0.16296034106058302,0.1915819684541102,0.08932028107267057,0.07948214269767614,0.009165356833656007,0.014066644960295306,1.2987353614192062e-05,7,90,0.07737687735132744,0.2601209720868188,True,False,False,0.00023803073861725156,COMPLETE
136,0.4528807878494263,2025-04-21 17:50:05.514587,2025-04-21 17:50:27.530828,0 days 00:00:22.016241,0.5889008869616952,0.621168780433718,8,0.16944858375743185,0.1995077050880036,0.009673257075228392,0.06609411667471836,0.006970709802395758,0.016488634951706462,1.594509961563101e-05,9,97,0.087409177796846,0.11768920627393988,True,False,False,0.0001515531014805683,COMPLETE
137,0.5411939501762391,2025-04-21 17:50:27.575160,2025-04-21 17:50:45.880886,0 days 00:00:18.305726,0.5537433070820809,0.5412839033693928,8,0.1562706085443425,0.22551714730570263,0.0030487081700019064,0.07139982642258196,0.013715612440479839,0.006152088904328891,1.0117951594582939e-05,5,96,0.08359621674371537,0.13679486231469606,True,False,False,0.00020141212128110638,COMPLETE
138,0.5400989413261413,2025-04-21 17:50:45.934663,2025-04-21 17:51:04.211964,0 days 00:00:18.277301,0.5612244989980127,0.528262495174843,8,0.2005982605725453,0.22895926884094378,0.005433028460191995,0.06912319404086248,0.013806299770470432,0.006185641655132601,1.0296729805174604e-05,5,89,0.08195217968759547,0.13656516065292573,True,False,False,9.426602828206408e-05,COMPLETE
139,0.5417797088623046,2025-04-21 17:51:04.256583,2025-04-21 17:51:22.768394,0 days 00:00:18.511811,0.5502540907706464,0.549354370481396,8,0.19854910300700715,0.2266055356078671,0.005673937666423585,0.07019223978576603,0.013338491218280839,0.004146999944322334,1.1314386070124775e-05,5,89,0.08208402265453031,0.13959081276757407,True,False,False,0.00010080881023975436,COMPLETE
140,0.4445167422294617,2025-04-21 17:51:22.814219,2025-04-21 17:51:40.969020,0 days 00:00:18.154801,0.5095328542961945,0.5329323797984871,8,0.21867492268599642,0.22815650454078665,0.005197628225922362,0.06011487923756362,0.019622257210515526,0.006675986525781591,2.1214279621613557e-05,5,86,0.07413479642852844,0.13672834865058967,True,False,False,0.00028740710291400186,COMPLETE
141,0.5403027296066285,2025-04-21 17:51:41.015297,2025-04-21 17:51:59.129155,0 days 00:00:18.113858,0.5613367264426663,0.5033096581913211,8,0.19605753107643564,0.2156547400038922,0.006971545473386464,0.06939990840423296,0.01384515702937612,0.0037260369854865572,1.006232880057005e-05,5,91,0.08241552635205193,0.1429027399677383,True,False,False,9.267813866926731e-05,COMPLETE
142,0.3817281603813171,2025-04-21 17:51:59.175355,2025-04-21 17:52:17.806030,0 days 00:00:18.630675,0.5494648879877025,0.5136044560094831,8,0.14740537127385142,0.2228319673751362,0.007649038352954147,0.06984740724539491,0.014048687817023878,0.003249228578792865,1.1912755432934322e-05,5,89,0.07969860493325252,0.12992536578589628,True,False,False,9.488278650930181e-05,COMPLETE
143,0.5402410864830017,2025-04-21 17:52:17.852353,2025-04-21 17:52:36.027316,0 days 00:00:18.174963,0.5702735569173821,0.5956623323533615,8,0.19284764154383713,0.21837178374980237,0.0032282394401527883,0.07269825590603328,0.016773706595414828,0.009891195589826944,1.378810695497429e-05,5,80,0.08214240202670645,0.14036862143440024,True,False,False,0.0003750856083479298,COMPLETE
144,0.5505620956420898,2025-04-21 17:52:36.074267,2025-04-21 17:52:54.326714,0 days 00:00:18.252447,0.47642335664458835,0.4961929632464137,8,0.1933787004198984,0.21734531791178088,0.005501017665775253,0.07197734405112174,0.013215558304507014,0.00600437186033162,1.0108247791077152e-05,5,80,0.0759162579290473,0.14095921900075004,True,False,False,0.00037507225239806355,COMPLETE
145,0.5506681680679322,2025-04-21 17:52:54.373851,2025-04-21 17:53:12.697309,0 days 00:00:18.323458,0.4740524894646465,0.5357548817352519,8,0.19111514861465304,0.23373260341618526,0.005545848911822713,0.061769951246495654,0.013214255600847491,0.005998580678766859,1.0184398778484077e-05,5,79,0.07650872452211085,0.1395750100511973,True,False,False,0.00020572375038063151,COMPLETE
146,0.31963248848915105,2025-04-21 17:53:12.744413,2025-04-21 17:53:29.059558,0 days 00:00:16.315145,0.47682031178237483,0.45229115547124177,8,0.1391495856901433,0.21545875466613562,0.003507902895204514,0.07257331621099489,0.012500576821698185,0.008903073723013199,1.5499501666241543e-05,5,78,0.07559438876007984,0.1559173346151192,True,False,True,0.00035371222768926924,COMPLETE
147,0.43787860870361334,2025-04-21 17:53:29.107758,2025-04-21 17:53:47.241400,0 days 00:00:18.133642,0.4582268890725456,0.5435740088390764,8,0.10698618784760931,0.23670882701105275,0.006589168588072913,0.06204233624365621,0.01744161543973672,0.011394326473262831,1.1776895293173955e-05,5,70,0.07024696599785159,0.14177682994808635,True,False,False,0.0002393394740068155,COMPLETE
148,0.43997496366500854,2025-04-21 17:53:47.288920,2025-04-21 17:54:05.509666,0 days 00:00:18.220746,0.505117197418977,0.5802940168545552,8,0.1929275250842704,0.21680757956070312,0.0010369088152285418,0.05340372522673189,0.010229242180420855,0.0012217901474154517,1.70177633755207e-05,5,74,0.07738084658217158,0.15225909549490793,True,False,False,0.0004858780374996628,COMPLETE
149,0.32332181334495547,2025-04-21 17:54:05.557295,2025-04-21 17:54:22.705143,0 days 00:00:17.147848,0.5404202783128642,0.5058321648418732,8,0.1572335342067568,0.23273196688634135,0.009197558370651886,0.07185757787293622,0.019329061288728244,0.007068109512798037,1.0268384249524064e-05,6,80,0.07993260706032439,0.14316805027654608,True,True,False,0.00020505497962584976,COMPLETE
150,0.4299140334129334,2025-04-21 17:54:22.755809,2025-04-21 17:54:41.078215,0 days 00:00:18.322406,0.4698321534693448,0.566696617962794,8,0.18932007003327328,0.03478345882485882,0.0037885557319479223,0.06813736679749165,0.0055317773918697275,0.009468940452948504,1.3828160327012234e-05,5,84,0.07409078294273679,0.12736123825381113,True,False,False,0.0002789152002047802,COMPLETE
151,0.5441821575164796,2025-04-21 17:54:41.135510,2025-04-21 17:54:59.492487,0 days 00:00:18.356977,0.5773244877890362,0.5311810941950379,8,0.20042533358184572,0.2309782264631002,0.0059038771595028555,0.06907704405549317,0.01432263786702709,0.005610816822591322,1.0445309320707473e-05,5,77,0.08159326604611147,0.1380353989513464,True,False,False,0.0001016353246166424,COMPLETE
152,0.5400534272193909,2025-04-21 17:54:59.541582,2025-04-21 17:55:18.577652,0 days 00:00:19.036070,0.5831008298840552,0.5933988745922629,8,0.19548246655663487,0.23897086180584065,0.006882476109591692,0.064921075639002,0.02175944231241591,0.005365273071259444,1.2175568987643706e-05,6,77,0.07836640956675335,0.13974378144502408,True,False,False,0.0003632127646239986,COMPLETE
153,0.4384018301963806,2025-04-21 17:55:18.626274,2025-04-21 17:55:36.658650,0 days 00:00:18.032376,0.6127600367725136,0.5358378200062547,8,0.2063558542729498,0.22009877303081918,0.005316587375838416,0.0714768365085431,0.024695467544365985,0.002977141814977085,1.5328319197039148e-05,5,69,0.08126361750062322,0.15772605538990428,True,False,False,0.00016887204919119168,COMPLETE
154,0.5486268877983094,2025-04-21 17:55:36.707983,2025-04-21 17:55:54.995454,0 days 00:00:18.287471,0.5355931783898416,0.5068976734964658,8,0.20344090787450184,0.229763933031706,0.008579398290900396,0.06890217613164004,0.015848951109443135,0.011911031358133357,1.0239259419351162e-05,5,80,0.07610485669344343,0.14791355124387146,True,False,False,0.00021422130457160606,COMPLETE
155,0.5499030590057373,2025-04-21 17:55:55.044796,2025-04-21 17:56:14.376342,0 days 00:00:19.331546,0.4934168117664246,0.49957569675679203,8,0.2016607476325896,0.23124170313498849,0.008295980093405573,0.06934710701163185,0.014804164507481246,0.012183176987105793,1.0033818564354488e-05,6,75,0.07192845019822879,0.14825437814328035,True,False,False,0.00022412305608126085,COMPLETE
156,0.5212171435356141,2025-04-21 17:56:14.427489,2025-04-21 17:56:33.447775,0 days 00:00:19.020286,0.4940911160463134,0.480500345392537,8,0.20273840643190755,0.23363164933153394,0.009460539918572751,0.06720634481632043,0.021135450009763843,0.012408736224551771,0.0001597311035467226,6,75,0.06703400883880929,0.14988490786920156,True,False,False,0.0002484082896706072,COMPLETE
157,0.44792606830596926,2025-04-21 17:56:33.498265,2025-04-21 17:57:09.979992,0 days 00:00:36.481727,0.446503570747506,0.5131889909587628,2,0.20910270925923416,0.24375169322970128,0.014096156316852685,0.05671996730389129,0.015084343360671673,0.015085058796076536,1.8421277027096448e-05,6,72,0.07317912361420817,0.13481668909915145,False,False,False,0.00020914282890090394,COMPLETE
158,0.43922243118286136,2025-04-21 17:57:10.030569,2025-04-21 17:57:29.066195,0 days 00:00:19.035626,0.5179919953334802,0.4553020765331698,8,0.21750399013293145,0.22698543160365445,0.00841653241729423,0.062009096228029345,0.011003993257380888,0.007196428167645265,1.1867581307721304e-05,6,83,0.07165773379995838,0.12087819108366941,True,False,False,0.0005424411493957984,COMPLETE
159,0.4262480854988099,2025-04-21 17:57:29.117221,2025-04-21 17:57:47.955146,0 days 00:00:18.837925,0.5324030386826354,0.5584469048027944,8,0.17723503512240174,0.16236447530365228,0.011974480085803145,0.08144752787511089,0.018976448279403993,0.01757355060054837,0.0004791089077464728,6,67,0.07581474676883437,0.1729588157316483,True,False,False,0.0007801911608321769,COMPLETE
160,0.5390720009803772,2025-04-21 17:57:48.006347,2025-04-21 17:58:06.272140,0 days 00:00:18.265793,0.48941397543280596,0.6717145643238248,8,0.21005544520157846,0.2361424711718347,0.005070092802525163,0.07741303445691373,0.025465363894583447,0.01129068292600736,2.534690966988686e-05,5,77,0.0649771316452212,0.14874016250380007,True,False,False,0.0002988516907645029,COMPLETE
161,0.5442847847938538,2025-04-21 17:58:06.325691,2025-04-21 17:58:24.490801,0 days 00:00:18.165110,0.5444789936166035,0.4973215966941903,8,0.2014568093763272,0.23051047266076843,0.00720825008867265,0.06901996010093699,0.0121265246504855,0.00777109722311571,1.0197428827179562e-05,5,86,0.07843548835169124,0.1607458675306639,True,False,False,0.00010612750980655175,COMPLETE
162,0.5432162046432496,2025-04-21 17:58:24.552396,2025-04-21 17:58:42.860067,0 days 00:00:18.307671,0.540226759641173,0.4947980539650927,8,0.2032134097763046,0.2410160380489628,0.009383109566850687,0.07378616215022385,0.011748944080449557,0.008160314678818711,1.0109863841064978e-05,5,81,0.07601689122409366,0.1611311902762056,True,False,False,0.00011943377262481941,COMPLETE
163,0.5446152567863465,2025-04-21 17:58:42.914134,2025-04-21 17:59:01.236970,0 days 00:00:18.322836,0.47034578814647865,0.4243750281953801,8,0.2023582599756326,0.23017995383741297,0.007984457086256455,0.06957203750829252,0.011502162684585353,0.007306348772973507,1.044215495393718e-05,5,85,0.07748942164942217,0.17853507138326272,True,False,False,0.00013172019433750919,COMPLETE
164,0.540175998210907,2025-04-21 17:59:01.289184,2025-04-21 17:59:19.500645,0 days 00:00:18.211461,0.42965739142609316,0.4706803972701491,8,0.2018605707981157,0.24033053506978166,0.007803308728937525,0.0641208517105756,0.012233758688942765,0.006659668669084829,1.1550830378189403e-05,5,86,0.075739831037009,0.20008277161326896,True,False,False,0.00013191192388350298,COMPLETE
165,0.547487199306488,2025-04-21 17:59:19.554583,2025-04-21 17:59:37.607691,0 days 00:00:18.053108,0.5157466427521485,0.4433873710812315,8,0.18587124847540226,0.23123168194183807,0.012926914248522495,0.06860038338268246,0.010483782641111144,0.012499900348768977,1.0560080346090613e-05,5,78,0.07742770737982371,0.1625390031121042,True,False,False,0.00011044627875699023,COMPLETE
166,0.4409539818763733,2025-04-21 17:59:37.661233,2025-04-21 17:59:56.138838,0 days 00:00:18.477605,0.46493395550665606,0.4297121972984597,8,0.18734755663175065,0.23238211978526552,0.013683271897241438,0.0687958980100828,0.005673124831451852,0.013103761601989922,1.5852777548164913e-05,5,76,0.07174988162872875,0.1813811244922296,True,False,False,0.00011648526553195433,COMPLETE
167,0.44068236351013185,2025-04-21 17:59:56.193089,2025-04-21 18:00:15.345741,0 days 00:00:19.152652,0.503538244014387,0.44611406825628647,8,0.2012926548155708,0.22910202812936625,0.01672293424204665,0.06569562811692985,0.0097622778875523,0.016104184508052642,1.2309971263442998e-05,6,79,0.06898909640789926,0.17390038863744053,True,False,False,5.7137197856945995e-05,COMPLETE
168,0.4400253891944886,2025-04-21 18:00:15.399988,2025-04-21 18:00:33.520193,0 days 00:00:18.120205,0.5181922492819918,0.4181672841641805,8,0.1802614756304082,0.23722513070630213,0.011513993144662421,0.059183906835678236,0.01591890091229274,0.01162560909597834,1.4901192563123032e-05,5,72,0.07768914890589289,0.16104332909428498,True,False,False,9.721250067931888e-05,COMPLETE
169,0.30371353030204773,2025-04-21 18:00:33.574044,2025-04-21 18:00:50.788025,0 days 00:00:17.213981,0.4754917351538762,0.4905539716047244,8,0.19283479789391078,0.2529585318839484,0.009897191926915759,0.07392887133087248,0.010870620071492561,0.01897145628788015,1.1752251007577108e-05,6,84,0.07661928619211138,0.19320594041429812,True,False,True,6.931419373650605e-05,COMPLETE
