number,value,datetime_start,datetime_complete,duration,params_alpha-eval,params_alpha-train,params_batch-size,params_eps-eval,params_eps-train,params_lambda-actions-eval,params_lambda-actions-train,params_lambda-frames-eval,params_lambda-frames-train,params_learning-rate,params_n-epochs,params_n-frames,params_radius-gw,params_rho,params_std-feats,params_ub-actions,params_ub-frames,params_weight-decay,state
1683,0.4037199139595032,2025-04-01 11:36:40.489112,2025-04-01 11:36:57.550024,0 days 00:00:17.060912,0.04734309577150201,0.9685111137964701,16,0.05372999882346388,0.2219803361044998,0.04586483300239705,0.00876294045308302,0.010449908119704834,0.08784154198764148,7.148834806437707e-05,9,128,0.08048669509187353,0.20911879025802682,False,False,False,3.1042010573187004e-07,COMPLETE
1684,0.6539340496063233,2025-04-01 11:36:58.093665,2025-04-01 11:37:18.303732,0 days 00:00:20.210067,0.06625188823776527,0.9170702934144367,16,0.04495507614905473,0.21247349714727168,0.04829480239789813,0.009659931068334071,0.010925811854375442,0.08494177658666771,9.073286421946904e-05,11,130,0.0825684393465397,0.19534335303500572,True,False,False,2.3314267215448532e-07,COMPLETE
1685,0.6257860779762269,2025-04-01 11:37:18.869658,2025-04-01 11:37:38.882159,0 days 00:00:20.012501,0.02866302840112138,0.9266001523704238,16,0.041182729258311845,0.1995808462425941,0.048048998847733046,0.011554644134018315,0.01240138694859402,0.08623616710675404,5.796838745903799e-05,11,126,0.0845833176691754,0.19168711597090135,True,False,False,1.7986200840009871e-07,COMPLETE
1686,0.6125970721244812,2025-04-01 11:37:39.425981,2025-04-01 11:37:58.872488,0 days 00:00:19.446507,0.03206342106798201,0.9493227701669263,16,0.04386666548390077,0.20613208012263878,0.046251379687376276,0.010126190828449426,0.008598726460584998,0.08505511589336168,8.767534543042767e-05,10,130,0.08323959725147957,0.18410867372043546,True,False,False,2.2645925475498696e-07,COMPLETE
1687,0.6329258680343628,2025-04-01 11:37:59.438274,2025-04-01 11:38:19.755713,0 days 00:00:20.317439,0.04799396290282085,0.9143013157407164,16,0.04591446928968128,0.2075340129391603,0.04845491301250096,0.029229763786587492,0.0112095866568871,0.08706390719760816,7.154824329474222e-05,12,123,0.0829515891546915,0.19234652553835666,True,False,False,2.325551245151691e-07,COMPLETE
1688,0.2797684073448181,2025-04-01 11:38:20.303668,2025-04-01 11:38:38.112212,0 days 00:00:17.808544,0.07093301604161512,0.9447068622269472,16,0.049401819606584546,0.20024559742113424,0.04426330562830351,0.01095093573054169,0.011678305773318794,0.08907816281107384,3.96875191024559e-05,11,130,0.08743078609287117,0.19336971651466786,True,True,False,1.709679675261675e-07,COMPLETE
1689,0.6578234672546387,2025-04-01 11:38:38.651509,2025-04-01 11:38:58.562620,0 days 00:00:19.911111,0.05250439037150109,0.9152397456733965,16,0.037215207444575356,0.21109027013972997,0.0422207838625168,0.009765411456973083,0.007516100107385425,0.08482566225385411,8.972633203975303e-05,11,127,0.08553887109719008,0.18224873439138364,True,False,False,1.4428966709662673e-07,COMPLETE
1690,0.5683971285820008,2025-04-01 11:38:59.126234,2025-04-01 11:39:18.264429,0 days 00:00:19.138195,0.02405196713640549,0.9625935157477962,16,0.03609108140076364,0.1987593854154044,0.044225669502832625,0.011501381079173785,0.006061349990677056,0.08820075946836793,6.148053377100984e-05,10,120,0.08204236204625598,0.18090834320218907,True,False,False,1.313355020501535e-07,COMPLETE
1691,0.6394428133964538,2025-04-01 11:39:18.809711,2025-04-01 11:39:38.080045,0 days 00:00:19.270334,0.04570212578130668,0.9307821884947592,16,0.036811360423068304,0.20500183205405578,0.043766247259138406,0.010606716056841572,0.003859366891181556,0.08612256186023674,7.865270739134943e-05,10,125,0.08448887925684699,0.1857446103449488,True,False,False,1.5448575981273404e-07,COMPLETE
1692,0.6183935284614563,2025-04-01 11:39:38.644730,2025-04-01 11:39:57.973363,0 days 00:00:19.328633,0.03573443942598671,0.929858177393424,16,0.0347482700685289,0.21235176808296324,0.04231995413793938,0.011359537569941708,0.0046176369674407825,0.0901389327765225,6.557192029261003e-05,10,123,0.08176475248923001,0.19628806883041763,True,False,False,1.3893089924681216e-07,COMPLETE
1693,0.6010329484939575,2025-04-01 11:39:58.519891,2025-04-01 11:40:17.481367,0 days 00:00:18.961476,0.023433243362712006,0.9130763101426856,16,0.03486173705474618,0.20503599122180163,0.04561832685073569,0.00995875133572216,0.007889021986762551,0.08758617836986939,5.380290039024697e-05,9,126,0.08538189499065311,0.1879918241378244,True,False,False,1.3353133906765993e-07,COMPLETE
1694,0.5435737729072572,2025-04-01 11:40:18.047416,2025-04-01 11:40:42.228217,0 days 00:00:24.180801,0.04908837454236565,0.9303754674648375,8,0.03873785443754264,0.20660684194161935,0.041751967993602555,0.012261032979078873,0.006885239164113037,0.08468982100657613,8.748194529598927e-05,11,130,0.08112491579657756,0.17570373344418613,True,False,False,1.534767782283434e-07,COMPLETE
1695,0.6122928977012634,2025-04-01 11:40:42.772596,2025-04-01 11:41:02.319234,0 days 00:00:19.546638,0.05056765669495148,0.948957906859055,16,0.04242056704462428,0.2102086778080725,0.04250718170587834,0.009464474886107589,0.010733840984313299,0.08598726191660691,7.650671025830031e-05,10,130,0.08364882339676226,0.1892924136323187,True,False,False,1.1034565907879637e-07,COMPLETE
1696,0.6599654912948609,2025-04-01 11:41:02.887463,2025-04-01 11:41:22.731720,0 days 00:00:19.844257,0.026861486999299335,0.9707220284529392,16,0.0417587521784694,0.2121646891565464,0.04576472560594688,0.012371688044376945,0.009520566644354564,0.0889861748571002,8.966125128063862e-05,11,127,0.08015868057609302,0.1843560142494522,True,False,False,1.1941805998123467e-07,COMPLETE
1697,0.6161758184432984,2025-04-01 11:41:23.272507,2025-04-01 11:41:42.860128,0 days 00:00:19.587621,0.016704800788590123,0.9606281378127098,16,0.03383965532141013,0.1956357145984223,0.04706690813913321,0.012518328018027589,0.00911923967957822,0.0918460107591882,6.134280790033766e-05,10,122,0.08254087968207782,0.18584114922824096,True,False,False,9.31331430186656e-06,COMPLETE
1698,0.49604344367980957,2025-04-01 11:41:43.424890,2025-04-01 11:42:03.356682,0 days 00:00:19.931792,0.021669602134789776,0.9943182632660753,16,0.0392615825863767,0.20096671518587209,0.04663475214627161,0.012446887759251794,0.002013555356813435,0.09060993791963846,6.924048102318241e-05,11,126,0.08854584308602831,0.18036990498121366,True,False,False,1.3103375146636449e-07,COMPLETE
1699,0.6265483856201173,2025-04-01 11:42:03.907691,2025-04-01 11:42:23.675449,0 days 00:00:19.767758,0.01822873726505403,0.9754973983355726,16,0.03383755346673868,0.20234550878530586,0.044604229580538224,0.010858361627464216,0.009755039828619878,0.08999365247377787,5.1638907497299444e-05,11,118,0.08597905491094236,0.17727227787910751,True,False,False,1.1373957897072874e-07,COMPLETE
1700,0.5998599052429199,2025-04-01 11:42:24.220437,2025-04-01 11:42:44.315360,0 days 00:00:20.094923,0.027747748017107984,0.9958302629387755,16,0.04038716491858889,0.20933470583467256,0.04766501141261452,0.00951177022710397,0.010123738537508947,0.08841977918854349,7.501364202999213e-05,11,125,0.08096668515032583,0.1656852147983509,True,False,False,1.121193511098708e-07,COMPLETE
1701,0.4227782011032105,2025-04-01 11:42:44.882258,2025-04-01 11:43:02.590068,0 days 00:00:17.707810,0.03541452760477246,0.985290345755291,16,0.04207762943153681,0.2102493065495884,0.04545563760530516,0.011220266264940647,0.01661516983493247,0.09054714892803864,8.44373058539695e-05,10,121,0.08413936278257685,0.18536792119451978,True,False,True,1.632011411923545e-07,COMPLETE
1702,0.6537448048591614,2025-04-01 11:43:03.134509,2025-04-01 11:43:23.177369,0 days 00:00:20.042860,0.024662994883235655,0.9710285335506527,16,0.03253026518263503,0.19753958527992233,0.04869629105220224,0.012036602041291844,0.009341569275266701,0.08881984146072669,8.57610261473156e-05,11,127,0.07996656669898251,0.18744782802435328,True,False,False,4.742228199470697e-06,COMPLETE
1703,0.3837319374084473,2025-04-01 11:43:23.749487,2025-04-01 11:43:42.023762,0 days 00:00:18.274275,0.016905419321983847,0.9978638180149632,16,0.032374286504924354,0.19477968461950868,0.04810641543503782,0.013347899710945951,0.008792187603224299,0.09164875356227845,8.840947990596824e-05,11,128,0.0799746489330545,0.17191236928221518,False,False,False,5.196211115270166e-06,COMPLETE
1704,0.5913605213165283,2025-04-01 11:43:42.571923,2025-04-01 11:44:02.004026,0 days 00:00:19.432103,0.016448381650048027,0.9986989382106175,16,0.030383876161238815,0.1987280829050552,0.04958083177587391,0.012762634014567072,0.008437718324078138,0.09088833361710356,8.564410472425391e-05,10,129,0.07996329560312022,0.18496485798974854,True,False,False,6.011801262384376e-06,COMPLETE
1705,0.48350100517272954,2025-04-01 11:44:02.576608,2025-04-01 11:44:49.207555,0 days 00:00:46.630947,0.026087655029556484,0.9849662092302791,2,0.03899194837911829,0.2038973365373358,0.047355400568863976,0.011937262406549572,0.0035235659427317488,0.09156151001632626,7.263637212133222e-05,9,128,0.09117078207322693,0.18081965647555842,True,False,False,5.2764783976636805e-06,COMPLETE
1706,0.659440064430237,2025-04-01 11:44:49.756919,2025-04-01 11:45:09.856128,0 days 00:00:20.099209,0.013130490374024424,0.9742422459420623,16,0.03809904458974185,0.19940861767639162,0.04863758190653902,0.00961378558357059,0.007980626939855618,0.0894200477061504,9.079403235787182e-05,11,125,0.08256951116737014,0.18162848321005162,True,False,False,5.053988949112053e-06,COMPLETE
1707,0.6411031246185304,2025-04-01 11:45:10.400016,2025-04-01 11:45:30.359669,0 days 00:00:19.959653,0.01673327179639964,0.9756784311488851,16,0.02859537740572281,0.18780141882973467,0.04875979993546955,0.012717501583226827,0.005114597790703758,0.09155141100044906,5.898176576883592e-05,11,124,0.08334211750244086,0.17029332686863397,True,False,False,4.675406340048846e-06,COMPLETE
1708,0.2797684073448181,2025-04-01 11:45:30.925700,2025-04-01 11:45:48.221526,0 days 00:00:17.295826,0.03845603585934053,0.9689601274257357,16,0.03587462600660888,0.19070429932789118,0.04656498026070332,0.012576793482832093,0.0059847151809423495,0.09267701974309953,7.041955325141323e-05,10,123,0.08769876251422917,0.1751166062559171,True,True,False,4.06717764959595e-06,COMPLETE
1709,0.5811848759651185,2025-04-01 11:45:48.785537,2025-04-01 11:46:08.576794,0 days 00:00:19.791257,0.01240671047291629,0.9803196992467714,16,0.031613134120953984,0.1946256318693309,0.04903508870277539,0.009964719865538523,0.006773434426849074,0.09016591227756668,6.598567433117658e-05,11,125,0.08643720381628318,0.17583288693460947,True,False,False,6.762128642652246e-06,COMPLETE
1710,0.6411763906478882,2025-04-01 11:46:09.145295,2025-04-01 11:46:33.243869,0 days 00:00:24.098574,0.013294883265481576,0.9807884200009193,16,0.03380423662417378,0.1939450467603585,0.048273955567851856,0.012063422191839514,0.012101802844349172,0.0893053422254158,5.0270128718466534e-05,18,121,0.08458486185871264,0.16949084268740783,True,False,False,3.942382529767485e-06,COMPLETE
1711,0.6175982117652894,2025-04-01 11:46:33.795616,2025-04-01 11:46:53.492737,0 days 00:00:19.697121,0.026953183891526684,0.9702982753715469,16,0.04032709378016768,0.1977498302799837,0.04551285671157012,0.009620993375387162,0.007129308555198364,0.09025104126644676,9.134399141940493e-05,11,115,0.08295344470082006,0.18345771379820008,True,False,False,8.014088049010076e-06,COMPLETE
1712,0.6427920937538147,2025-04-01 11:46:54.065695,2025-04-01 11:47:13.292713,0 days 00:00:19.227018,0.014369168655006833,0.986802719577889,16,0.031982641047591395,0.20313264818358884,0.043128845107807644,0.012674163343983776,0.010313448339730162,0.09297986361950678,8.64806120859246e-05,10,123,0.08525760928827239,0.17620685425041457,True,False,False,3.81260366754334e-06,COMPLETE
1713,0.6351833939552307,2025-04-01 11:47:13.842712,2025-04-01 11:47:34.009004,0 days 00:00:20.166292,0.011298710950006181,0.9684185808886377,16,0.030060968509822823,0.19832083508621767,0.04658271086762634,0.009977867631331164,0.009271626785897227,0.08927658085027138,6.043992463944333e-05,11,128,0.08234084375562746,0.17983994940721254,True,False,False,5.35107794328223e-06,COMPLETE
1714,0.628207540512085,2025-04-01 11:47:34.577549,2025-04-01 11:47:53.870030,0 days 00:00:19.292481,0.01075060788382173,0.9676091620215984,16,0.03410256354065882,0.19162003716705858,0.04843531339657716,0.011363889602661126,0.007363421162903547,0.08904410040883604,7.335092371996965e-05,10,126,0.08346145477702377,0.18510252372584055,True,False,False,6.163212168431046e-06,COMPLETE
1715,0.6609092116355897,2025-04-01 11:47:54.422484,2025-04-01 11:48:14.296113,0 days 00:00:19.873629,0.036856120482836534,0.9783434025991122,16,0.037544430836917726,0.20222638203741722,0.043154228332852373,0.009181250888750568,0.01129897170307461,0.09165749861436541,8.913544165316069e-05,11,122,0.08703177997632527,0.16702131358986505,True,False,False,5.398790251819779e-06,COMPLETE
1716,0.6633542418479921,2025-04-01 11:48:14.874683,2025-04-01 11:48:34.456918,0 days 00:00:19.582235,0.02056561785206354,0.9625002882022657,16,0.033729709285459805,0.19324708316859915,0.04159848015619102,0.013868802344623206,0.010058175628873,0.09250119784656619,9.353110403493276e-05,11,118,0.08820344997060742,0.1798752534082388,True,False,False,5.441295050282575e-06,COMPLETE
1717,0.6473470926284791,2025-04-01 11:48:35.015708,2025-04-01 11:48:53.218297,0 days 00:00:18.202589,0.02741413240763746,0.9682763172400647,16,0.03039656482937456,0.19416077407757645,0.041615666776056014,0.013788113055784382,0.01131443424612503,0.09457456119929261,9.07219150280148e-05,9,114,0.08977599112372711,0.17303478910189118,True,False,False,6.650934077816907e-06,COMPLETE
1718,0.5850622534751893,2025-04-01 11:48:53.765742,2025-04-01 11:49:12.646658,0 days 00:00:18.880916,0.0107655343431312,0.9593896457883826,16,0.026526118064638383,0.19679395550306433,0.042986979067682715,0.014425820241440105,0.007757576761157063,0.09424780305673226,8.817162796752696e-05,10,120,0.09091329981683645,0.15718751514155518,True,False,False,7.525225595895465e-06,COMPLETE
1719,0.5399466156959534,2025-04-01 11:49:13.219737,2025-04-01 11:49:35.655651,0 days 00:00:22.435914,0.028906861725485573,0.999580063098995,8,0.027264743823814927,0.19767339728893857,0.04090259851308407,0.014235642938315468,0.010873768816769148,0.09147182882447955,6.76250559213499e-05,10,117,0.09099714927163553,0.17876793927848553,True,False,False,4.559761410724131e-06,COMPLETE
1720,0.42736120223999025,2025-04-01 11:49:36.209443,2025-04-01 11:49:53.184829,0 days 00:00:16.975386,0.03290685462732412,0.9747867195302246,16,0.028453881784131583,0.18751359372186782,0.041396191264671,0.013664147422413842,0.011805615262538385,0.09127297261787427,8.949693093674074e-05,9,117,0.08911686327645821,0.16943057681212206,True,False,True,5.542878184097139e-06,COMPLETE
1721,0.6361546277999878,2025-04-01 11:49:53.758987,2025-04-01 11:50:13.020971,0 days 00:00:19.261984,0.029898046209752033,0.9585298749273358,16,0.03313942837482069,0.19567720269390818,0.04344235872792841,0.013084815483803544,0.009686992026795902,0.09476882673888305,7.413898544618635e-05,10,118,0.08914842528207631,0.18907620384007445,True,False,False,4.769934278520639e-06,COMPLETE
1722,0.39843604564666746,2025-04-01 11:50:13.572305,2025-04-01 11:50:31.695881,0 days 00:00:18.123576,0.03114430245125091,0.970086877622498,16,0.033578695743967844,0.19139836615494146,0.04084603577250343,0.012854062683796198,0.007120699517089336,0.09247609309755316,9.296316686648809e-05,11,121,0.09303110779084058,0.16582516309378081,False,False,False,9.149686664527969e-06,COMPLETE
1723,0.6203103184700013,2025-04-01 11:50:32.273491,2025-04-01 11:50:51.527202,0 days 00:00:19.253711,0.011836398119993735,0.9781845041076079,16,0.035514478418475756,0.19057769324709306,0.04334182884379341,0.011800400816440914,0.0051270924917913106,0.09366328613887477,5.624539998345475e-05,10,119,0.09088634957377953,0.17043801005019757,True,False,False,6.446355918608213e-06,COMPLETE
1724,0.43650478124618536,2025-04-01 11:50:52.081959,2025-04-01 11:51:11.472630,0 days 00:00:19.390671,0.032678207764801126,0.956501489346185,16,0.028479276067732415,0.2005615481287619,0.0442927917226307,0.014164057861093968,0.012638359843850557,0.0939893703579269,0.0030741867413380986,11,115,0.08813855659817706,0.17954222791332053,True,False,False,4.111193131307789e-06,COMPLETE
1725,0.6527308106422425,2025-04-01 11:51:12.050393,2025-04-01 11:51:31.765563,0 days 00:00:19.715170,0.029291803766530025,0.9776246142015479,16,0.03697097292724725,0.19249477402854534,0.04019475395964133,0.013400617914497938,0.008691276129058005,0.08988993301508932,7.52963603820017e-05,11,120,0.08781434136877951,0.1789913778752741,True,False,False,7.522783979947453e-06,COMPLETE
1726,0.6274885416030884,2025-04-01 11:51:32.323310,2025-04-01 11:51:51.161711,0 days 00:00:18.838401,0.010371607605838573,0.9863082472795486,16,0.023517374868676378,0.18866150949348964,0.03991463390847639,0.015291820078817674,0.008255375954753416,0.09292336830510438,4.7760885662176915e-05,10,111,0.09202482616512539,0.16545783430641323,True,False,False,1.1489168700238411e-05,COMPLETE
1727,0.2797684073448181,2025-04-01 11:51:51.742293,2025-04-01 11:52:38.025162,0 days 00:00:46.282869,0.024712395268229086,0.9991670050499026,2,0.030908832331189656,0.18863059328185916,0.039672343396537864,0.014363652870682454,0.009762628094698293,0.09312731218406453,6.377659814382683e-05,11,121,0.08894417625427647,0.16014253113423926,True,True,False,7.416021582064889e-06,COMPLETE
1728,0.6018775343894959,2025-04-01 11:52:38.583733,2025-04-01 11:52:57.663655,0 days 00:00:19.079922,0.03614154197472701,0.9647713408726776,16,0.03424161284289155,0.1940292931533332,0.04223392028847107,0.013237309134798541,0.0023248309078757034,0.09169569284811738,4.083255923161933e-05,10,118,0.08676177952892725,0.17550141960376728,True,False,False,7.032263273515587e-06,COMPLETE
1729,0.6469489932060242,2025-04-01 11:52:58.215019,2025-04-01 11:53:17.784129,0 days 00:00:19.569110,0.013246041749068032,0.9807687931516823,16,0.028009069933258163,0.19722835773393232,0.044639694643720286,0.014754760775193772,0.006087945692325571,0.0927091699086387,6.796634714816198e-05,11,112,0.08960325250394381,0.17776581870753386,True,False,False,5.298832739416134e-06,COMPLETE
1730,0.6622712254524231,2025-04-01 11:53:18.359880,2025-04-01 11:53:38.200464,0 days 00:00:19.840584,0.0361364514317237,0.9752849705415503,16,0.03639351151104944,0.18985792467166066,0.04040263533799613,0.013209340579884965,0.00790436048562222,0.09599846402412278,9.119669275248851e-05,11,116,0.09326595671776154,0.17295735456661082,True,False,False,9.47220276280602e-06,COMPLETE
1731,0.5873462438583374,2025-04-01 11:53:38.758653,2025-04-01 11:53:57.856495,0 days 00:00:19.097842,0.010372254766937615,0.9986221892548154,16,0.024386518092691156,0.19413815846882343,0.04286294471256449,0.013180067869444185,0.008396817758542265,0.09272707875340108,9.449624661334713e-05,10,117,0.09391181115720684,0.1697194227885084,True,False,False,7.372771967065161e-06,COMPLETE
1732,0.5801406860351563,2025-04-01 11:53:58.440098,2025-04-01 11:54:18.380065,0 days 00:00:19.939967,0.0300423401090508,0.9879417979591922,16,0.02902366427203454,0.18592516772285472,0.039152747985268604,0.014870854817339057,0.006392916407732564,0.09709198262525517,9.187724704706056e-05,11,122,0.09417340786279521,0.17361551772250566,True,False,False,1.070281621753178e-05,COMPLETE
1733,0.5363166451454163,2025-04-01 11:54:18.940630,2025-04-01 11:54:38.730354,0 days 00:00:19.789724,0.0331786060903337,0.9773214042864906,16,0.03341345560563165,0.18891888226337966,0.039942013751148156,0.014510727298642622,0.005300129816260859,0.09384913569255765,9.191380914131886e-05,11,117,0.09614140129412115,0.173650135777009,True,False,False,7.66164493024375e-06,COMPLETE
1734,0.6508254051208496,2025-04-01 11:54:39.308976,2025-04-01 11:54:58.110853,0 days 00:00:18.801877,0.03439906565102255,0.9754080627745397,16,0.024121895789615547,0.1881589091986372,0.04461614399858903,0.012050326524038849,0.010372230314303094,0.095906743307592,9.727382818149525e-05,10,108,0.0951263623074142,0.1670104109969929,True,False,False,8.453174406005871e-06,COMPLETE
1735,0.5975739121437074,2025-04-01 11:54:58.666449,2025-04-01 11:55:16.729786,0 days 00:00:18.063337,0.03662119455189135,0.9985664143863763,16,0.016850258571338546,0.1932983991337318,0.04529553884576618,0.01512944211767752,0.01091691531402636,0.09693316010869246,7.39360749395833e-05,9,109,0.09878123417327796,0.1615276343622082,True,False,False,1.159362313082104e-05,COMPLETE
1736,0.564658272266388,2025-04-01 11:55:17.311060,2025-04-01 11:55:35.924844,0 days 00:00:18.613784,0.02725440038450134,0.9770598012680712,16,0.022913492388838212,0.18685153035111712,0.043936111674353795,0.013166775071030583,0.009647617397861165,0.09734816565233798,8.853297137143649e-05,9,116,0.0967995658352189,0.16598899816800755,True,False,False,1.1185588186172533e-05,COMPLETE
1737,0.4096116185188293,2025-04-01 11:55:36.479935,2025-04-01 11:55:52.753289,0 days 00:00:16.273354,0.010739956470633406,0.9761983710059456,16,0.021216044857408623,0.18269272511849607,0.04380839905509083,0.014889735577955737,0.007856078560116362,0.09581602255278712,9.404179651873992e-05,8,112,0.09649359785409278,0.15818643469398985,True,False,True,9.342448354220522e-06,COMPLETE
1738,0.6382315158843995,2025-04-01 11:55:53.328083,2025-04-01 11:56:11.728114,0 days 00:00:18.400031,0.011328329018793944,0.9650958954594758,16,0.030933525914552534,0.19086897422277452,0.04187389010293193,0.012214947321466522,0.011280684443268074,0.0983944467476051,7.556851641789974e-05,9,113,0.09429450771438368,0.1674908698361473,True,False,False,9.689499747283081e-06,COMPLETE
