number,value,datetime_start,datetime_complete,duration,params_alpha-eval,params_alpha-train,params_batch-size,params_eps-eval,params_eps-train,params_lambda-actions-eval,params_lambda-actions-train,params_lambda-frames-eval,params_lambda-frames-train,params_learning-rate,params_n-epochs,params_n-frames,params_radius-gw,params_rho,params_std-feats,params_ub-actions,params_ub-frames,params_weight-decay,state
625,0.5627333641052247,2025-04-21 20:47:56.159813,2025-04-21 20:48:16.953570,0 days 00:00:20.793757,0.8094304904123495,0.5073942695394688,8,0.03341101154925912,0.0437197586515737,0.09621642590868018,0.02576383279094139,0.06447148578225817,0.036881962571340764,1.959286995801994e-05,8,72,0.023990236162643043,0.1702408424410397,True,False,False,3.728447164364976e-07,COMPLETE
626,0.44335887432098386,2025-04-21 20:48:17.157253,2025-04-21 20:48:38.839267,0 days 00:00:21.682014,0.8213057982239007,0.5314659725191111,8,0.02522133720369621,0.061847082455898914,0.09230234560555024,0.021619451710974152,0.06207101756402142,0.040129619994139075,1.7897717522807298e-05,9,72,0.021536674794717357,0.15537088744059796,True,False,False,4.1547219992314604e-07,COMPLETE
627,0.43578267097473145,2025-04-21 20:48:39.030858,2025-04-21 20:48:59.499603,0 days 00:00:20.468745,0.8363860563545329,0.5321137152794756,8,0.011650786560040038,0.05707570903689589,0.09412792716019423,0.02642046749459098,0.060941869676159416,0.04341760133987179,1.3648416394426494e-05,8,70,0.024447330619598414,0.16840862000959483,True,False,False,5.812979641103491e-07,COMPLETE
628,0.5488297700881959,2025-04-21 20:48:59.704265,2025-04-21 20:49:21.347321,0 days 00:00:21.643056,0.7910422863238509,0.5610813269317821,8,0.0292963063675446,0.05416861560796934,0.09821071165351414,0.020359313263601037,0.0652554784055456,0.043786486382511806,2.282876816218386e-05,9,80,0.019998108761120396,0.16878182560313224,True,False,False,6.997093367950095e-07,COMPLETE
629,0.2837307572364807,2025-04-21 20:49:21.540927,2025-04-21 20:49:40.115192,0 days 00:00:18.574265,0.8538429635397998,0.5098549759672916,8,0.01964052040415728,0.037364102825465026,0.0955157184925381,0.029412135095368767,0.07024973418048265,0.04129811815233205,1.2876336003656383e-05,8,75,0.022273888375189517,0.1593429592087617,True,False,True,4.939672347656467e-07,COMPLETE
630,0.4313562035560608,2025-04-21 20:49:40.322559,2025-04-21 20:50:01.855000,0 days 00:00:21.532441,0.7645386227866738,0.5603747882567387,8,0.03597733417969153,0.05074484842685535,0.09222953013316618,0.028944343435124118,0.06721669563447076,0.039925827508857786,3.835201057345227e-05,9,70,0.025837838970464013,0.17409686092927035,True,False,False,2.864300076849885e-07,COMPLETE
631,0.6223642349243165,2025-04-21 20:50:02.047126,2025-04-21 20:50:24.625177,0 days 00:00:22.578051,0.8140382280288622,0.5355260156931925,8,0.023859963936537117,0.034165682655280624,0.09993848117246347,0.03279319095717399,0.06277543203471178,0.043390486401117805,1.641126071719079e-05,10,76,0.02387221456448069,0.17731047856905774,True,False,False,9.176328391311611e-07,COMPLETE
632,0.2797684073448181,2025-04-21 20:50:24.832574,2025-04-21 20:50:44.739213,0 days 00:00:19.906639,0.820375163719761,0.5279354336649211,8,0.026333289603898358,0.03144723984947449,0.09455700901618645,0.028447999221771648,0.06525464786790974,0.03778677578193455,2.5618522138630012e-05,10,76,0.023933267569971613,0.16607686206945604,True,True,False,7.41140961908184e-07,COMPLETE
633,0.5545421361923218,2025-04-21 20:50:44.934767,2025-04-21 20:51:03.454937,0 days 00:00:18.520170,0.8288013427019395,0.5041294921151734,16,0.03151394204025075,0.041652264764209,0.09686921239908643,0.032283223587003515,0.07135497766345393,0.04283645543720458,1.7514928027643575e-05,10,76,0.022381502517986374,0.17292241524621668,True,False,False,6.271314126297555e-07,COMPLETE
634,0.4492307543754578,2025-04-21 20:51:03.661411,2025-04-21 20:51:25.844339,0 days 00:00:22.182928,0.8489929972772912,0.5323615845149365,8,0.039151525125640206,0.0814285380487058,0.09186883001791006,0.023108039084365897,0.06858782456848059,0.04083278289745473,2.0840462529704377e-05,10,62,0.017861349608897018,0.15992847614122244,True,False,False,8.930288238168799e-07,COMPLETE
635,0.43631379604339604,2025-04-21 20:51:26.041209,2025-04-21 20:51:49.321185,0 days 00:00:23.279976,0.7835476343572266,0.5486630329327854,8,0.024047895088192495,0.04958703257317491,0.0970451217164637,0.028041895207564976,0.06347313940703085,0.04384603303303907,1.8828400067200793e-05,11,65,0.02033726140735118,0.1777386878989583,True,False,False,4.937376180048824e-07,COMPLETE
636,0.44742559194564824,2025-04-21 20:51:49.528098,2025-04-21 20:52:10.127443,0 days 00:00:20.599345,0.7952213050545043,0.5102681849031687,8,0.019495453229270675,0.03414905951646324,0.093138779913805,0.03163378264147265,0.06690427981014274,0.044006478835079944,2.365113756650596e-05,8,73,0.024891940562064736,0.177411073315806,False,False,False,3.8653405499791577e-07,COMPLETE
637,0.567988109588623,2025-04-21 20:52:10.324252,2025-04-21 20:52:32.782010,0 days 00:00:22.457758,0.812168481682425,0.5420573889773559,8,0.02819653698994671,0.026883339592670984,0.09493311457590206,0.03362979936092413,0.06100324274679395,0.03470185052545467,3.0115115490326784e-05,10,78,0.023062373577482666,0.16843005002839145,True,False,False,8.75429040033363e-07,COMPLETE
638,0.44284346103668215,2025-04-21 20:52:32.989384,2025-04-21 20:52:54.512625,0 days 00:00:21.523241,0.8353972143183303,0.5641693719297931,8,0.016920549581014244,0.01902945940264278,0.0980850439986929,0.030377364926143912,0.06927397645059417,0.040175109868070616,1.5895595410478906e-05,9,78,0.02138096055457222,0.17377957089919122,True,False,False,6.200478845690741e-07,COMPLETE
639,0.4475608468055725,2025-04-21 20:52:54.712336,2025-04-21 20:53:15.513623,0 days 00:00:20.801287,0.8584525770294675,0.7785311525652041,8,0.03524444192141274,0.04612953645384516,0.09100392133839258,0.02675664464744977,0.07188434640370948,0.042545421647593604,1.6697776575150007e-05,8,74,0.02541764124270635,0.1765067119045895,True,False,False,9.742600122754703e-07,COMPLETE
640,0.6080934882164002,2025-04-21 20:53:15.723598,2025-04-21 20:53:37.425691,0 days 00:00:21.702093,0.8094882503832883,0.5206982576859095,8,0.023841157532245735,0.06018767370205983,0.0941081750677604,0.033994041411199355,0.04383649675550182,0.039163648957238624,2.0500102516006125e-05,9,79,0.023391193680599935,0.16215240490574298,True,False,False,2.085188915044256e-07,COMPLETE
641,0.44078457355499273,2025-04-21 20:53:37.623426,2025-04-21 20:53:59.330825,0 days 00:00:21.707399,0.8083424359166087,0.8298122178374624,8,0.031046030765673936,0.07033405110338387,0.0937706608319295,0.03128462251808578,0.043190164084070864,0.044853717313295904,2.6210568587193805e-05,9,71,0.01979359551832306,0.14902768155105642,True,False,False,1.5273688268729351e-07,COMPLETE
642,0.4398760914802552,2025-04-21 20:53:59.538694,2025-04-21 20:54:20.991289,0 days 00:00:21.452595,0.7961685854439928,0.507718828394763,8,0.025630810846450372,0.06316600997185837,0.09529423982039192,0.03355321055550114,0.07037412803175697,0.04237917454528813,2.215335747437246e-05,9,69,0.022663186075386886,0.16617256560281055,True,False,False,3.5081783679646667e-07,COMPLETE
643,0.6326607704162598,2025-04-21 20:54:21.188525,2025-04-21 20:54:42.181423,0 days 00:00:20.992898,0.7812440833012448,0.5192404944313014,8,0.03938048388162012,0.05721474507032774,0.09278018870986542,0.035450071629389394,0.06750386276045091,0.04090441736565813,1.9825744952375426e-05,8,79,0.01714321535976078,0.16337115588865295,True,False,False,2.53805870314423e-07,COMPLETE
644,0.46498680114746094,2025-04-21 20:54:42.392341,2025-04-21 20:55:03.315284,0 days 00:00:20.922943,0.7734856722773145,0.5027926463496109,8,0.042981364198044686,0.06572300705384297,0.0922500359793078,0.03291025553296966,0.06698833920108371,0.03854826868011341,3.187975883971579e-05,8,78,0.015628627178775743,0.15860948389927554,True,False,False,1.8353391663590127e-07,COMPLETE
645,0.4378515720367432,2025-04-21 20:55:03.512926,2025-04-21 20:55:50.499850,0 days 00:00:46.986924,0.8253563319550686,0.5275512230752363,2,0.0382392057730535,0.05344866999048377,0.09622351361892402,0.03513850424491607,0.03997121705293945,0.041424114744542335,2.6595852778858402e-05,9,79,0.012104229087203005,0.1600615990089415,True,False,False,2.516977546483274e-07,COMPLETE
646,0.44372990131378176,2025-04-21 20:55:50.709180,2025-04-21 20:56:12.333573,0 days 00:00:21.624393,0.7907033721339456,0.5204662048024183,8,0.03569064368705284,0.05784767552474475,0.09311386700558924,0.03374620401589177,0.06823838475200666,0.043990161592897675,2.2407930470165324e-05,9,67,0.016037479278804875,0.1530198875327985,True,False,False,1.2011327597303924e-07,COMPLETE
647,0.6224826335906983,2025-04-21 20:56:12.544664,2025-04-21 20:56:33.671058,0 days 00:00:21.126394,0.8113045501872731,0.5305857399623145,8,0.04156358506436618,0.05328647623823476,0.09473377166936088,0.030308022499338685,0.06526973784007156,0.03929751879589981,2.044509284406699e-05,8,75,0.01825379428534839,0.15847404156000147,True,False,False,2.3646531484201586e-07,COMPLETE
648,0.2797684073448181,2025-04-21 20:56:33.868932,2025-04-21 20:56:53.884106,0 days 00:00:20.015174,0.8108467777744529,0.5246761181199594,8,0.0457682919437674,0.05492787687353113,0.09163477251012868,0.02802042905185079,0.06948515191310611,0.0375604609346028,2.6433459401459473e-05,10,75,0.018355604346712892,0.15489047371399478,True,False,True,1.6828781662755747e-07,COMPLETE
649,0.49450627565383914,2025-04-21 20:56:54.097017,2025-04-21 20:57:15.717958,0 days 00:00:21.620941,0.8440438367037671,0.5004515673386795,8,0.046687068627196224,0.04624683000644681,0.09383002621740928,0.02969985121007046,0.04531068491745429,0.03523305688619724,3.3686000371392914e-05,9,74,0.014069701612907635,0.16076670731264073,True,False,False,1.3563784422455363e-07,COMPLETE
650,0.40637294054031375,2025-04-21 20:57:15.918517,2025-04-21 20:57:38.418469,0 days 00:00:22.499952,0.778351853549507,0.5448340985758898,8,0.041807416852514157,0.06252485167961906,0.09010477491585804,0.031110900778834664,0.06619982954738503,0.03965525205972265,4.7370400918873074e-05,10,71,0.01716676032050716,0.16967132161880885,True,False,False,1.6848442561042498e-07,COMPLETE
651,0.2797684073448181,2025-04-21 20:57:38.632878,2025-04-21 20:57:56.903030,0 days 00:00:18.270152,0.8076207304934439,0.5213559601014199,8,0.039211671284704756,0.051068262722489786,0.09830316754790742,0.02400645021740796,0.07287437649025966,0.04110775301853724,2.0973525043112964e-05,8,76,0.015039985331993846,0.16245578447485443,True,True,False,2.1456372216393262e-07,COMPLETE
652,0.6235523462295532,2025-04-21 20:57:57.102180,2025-04-21 20:58:18.918479,0 days 00:00:21.816299,0.7598823310648961,0.5419401337626474,8,0.07475252006925784,0.05760164877422114,0.09062338784566233,0.029332120593973672,0.0647120099369507,0.03966160440422612,2.061928907658387e-05,9,77,0.020156864992412024,0.15282178142831057,True,False,False,2.3864258852407256e-07,COMPLETE
653,0.5062965154647827,2025-04-21 20:58:19.133074,2025-04-21 20:58:40.738741,0 days 00:00:21.605667,0.7626614357716701,0.5049149675991706,8,0.058838628259486186,0.057047045659066264,0.09062173199430719,0.024890209645726122,0.0639786245046141,0.036860479198567525,2.9738630726053656e-05,9,75,0.018062242379055297,0.1441522358640424,True,False,False,2.265952217242689e-07,COMPLETE
654,0.44111515283584596,2025-04-21 20:58:40.939345,2025-04-21 20:59:03.206477,0 days 00:00:22.267132,0.7826205191220321,0.5413207924881918,8,0.034881887308110635,0.06535857685153992,0.08795067472216796,0.029084598748902752,0.06803385689039629,0.03915952307006965,2.4771697201074418e-05,10,70,0.019376729991850784,0.1621592726900309,True,False,False,1.8761588097418198e-07,COMPLETE
655,0.4453958630561829,2025-04-21 20:59:03.420764,2025-04-21 20:59:25.423392,0 days 00:00:22.002628,0.75779344285427,0.5290199242235027,8,0.05023865070189321,0.03959501255174204,0.09091463071327496,0.02833555839642815,0.06542856900414865,0.03853090834595094,2.1558585059041916e-05,10,78,0.017475938456535476,0.15447246803758552,False,False,False,2.45152210896694e-07,COMPLETE
656,0.4176132559776306,2025-04-21 20:59:25.625673,2025-04-21 20:59:43.630343,0 days 00:00:18.004670,0.8183883588548277,0.505248946317188,16,0.03199385646002023,0.04632083239553594,0.0888007709120605,0.02741609740755341,0.07053522363560832,0.04052118892397652,2.610384368912984e-05,9,73,0.02055949462838119,0.15123162390926764,True,False,False,2.563759262725437e-07,COMPLETE
657,0.6377918124198914,2025-04-21 20:59:43.844183,2025-04-21 21:00:05.645232,0 days 00:00:21.801049,0.7922287896708866,0.5470145518540495,8,0.04000714184166449,0.07193842990764512,0.09234784042719493,0.029905688831981116,0.0668180932651638,0.03720646686882356,2.069059595064689e-05,9,80,0.01952530499826824,0.1479217074328239,True,False,False,2.216512988333321e-07,COMPLETE
658,0.4909216642379761,2025-04-21 21:00:05.847404,2025-04-21 21:00:27.451633,0 days 00:00:21.604229,0.7913464347347786,0.5456903244871729,8,0.07885548044860713,0.0732722294468469,0.09263095599945305,0.02688993252926991,0.06503636854350099,0.03582329141928282,2.778044334807662e-05,9,79,0.01882994898787835,0.15834170093221225,True,False,False,2.695217654561984e-07,COMPLETE
659,0.5197001695632935,2025-04-21 21:00:27.667378,2025-04-21 21:00:50.378376,0 days 00:00:22.710998,0.7779347371422287,0.5514611623877662,8,0.05532057039891383,0.09113839483669003,0.09466517710979215,0.03006356174794869,0.062406830778614496,0.034239448381644076,2.0307453057352845e-05,10,77,0.019421723763373366,0.14455615753347192,True,False,False,1.8169063860909993e-07,COMPLETE
660,0.3947030305862427,2025-04-21 21:00:50.581631,2025-04-21 21:01:13.013998,0 days 00:00:22.432367,0.8025544852131361,0.5583427947154108,8,0.04201966749530174,0.07651453719831108,0.09990381714241263,0.02461083437422435,0.06930735485342975,0.033379537909549555,3.043081717108851e-05,10,75,0.017714661903882527,0.14776067359685563,True,False,False,2.9192667982474483e-07,COMPLETE
661,0.3971584439277649,2025-04-21 21:01:13.227419,2025-04-21 21:01:34.965037,0 days 00:00:21.737618,0.8323320951284804,0.5374558633188773,8,0.049943695888888195,0.06898805773589628,0.09672557326606997,0.03175987526823286,0.06711729076226104,0.03639809800296753,3.6803465572535195e-05,9,80,0.016448421270322706,0.15626377190399832,True,False,False,1.0024465472459544e-07,COMPLETE
662,0.4303292393684387,2025-04-21 21:01:35.167878,2025-04-21 21:01:57.186429,0 days 00:00:22.018551,0.7610184556186077,0.5642168426262496,8,0.04110085619016327,0.05887209146217236,0.09257340763585685,0.030678565152659244,0.06491904239428027,0.03811028663579696,2.2326905327330687e-05,9,80,0.010940580789834793,0.16511498594666416,True,False,False,2.1358558525962872e-07,COMPLETE
663,0.5036623477935791,2025-04-21 21:01:57.402019,2025-04-21 21:02:19.952203,0 days 00:00:22.550184,0.7870810984114339,0.5004498461234648,8,0.06666166960335916,0.05248532418348066,0.09515822509960355,0.02937646300689115,0.07140007732597808,0.03223948493453111,2.4162202222600217e-05,10,72,0.021081529991698267,0.15045614196648205,True,False,False,1.8568177749242405e-07,COMPLETE
664,0.6118297934532165,2025-04-21 21:02:20.153494,2025-04-21 21:02:41.683463,0 days 00:00:21.529969,0.8103842315345962,0.5206314433148806,8,0.03771589652041165,0.06295558611240774,0.09777635247596726,0.027191486433312984,0.04140963173420928,0.03917414586709316,2.0810015235164952e-05,9,76,0.015095040553845706,0.15134491396761568,True,False,False,2.3606230715606118e-07,COMPLETE
665,0.43137493133544924,2025-04-21 21:02:41.898313,2025-04-21 21:03:03.461266,0 days 00:00:21.562953,0.8223138918360083,0.5187444174574763,8,0.04458933835901118,0.0783995494403991,0.09763622380056791,0.027208644539993106,0.04065450546075374,0.036524077858686825,3.792719294760972e-05,9,66,0.013983490532186936,0.15411020028274494,True,False,False,2.3222751609198783e-07,COMPLETE
666,0.49050740003585813,2025-04-21 21:03:03.680015,2025-04-21 21:03:26.434150,0 days 00:00:22.754135,0.8440957771124526,0.5366238073913122,8,0.03692773240466263,0.06747098015756928,0.09851634899165204,0.02297023510931405,0.042128798668837376,0.03924057592041123,2.556839148617338e-05,10,75,0.015930916207296628,0.1490401470640663,True,False,False,1.6164704752498504e-07,COMPLETE
667,0.2850895166397095,2025-04-21 21:03:26.638737,2025-04-21 21:03:45.764429,0 days 00:00:19.125692,0.8157052477808444,0.49843672200165645,8,0.0476311863192139,0.06180421224220645,0.09645791676205363,0.02741789774650588,0.046659852770205595,0.03959958760948088,2.055290166523715e-05,9,76,0.01610654310684427,0.14446731738827162,True,False,True,2.0352171784438678e-07,COMPLETE
668,0.42533401250839237,2025-04-21 21:03:45.982303,2025-04-21 21:04:32.209699,0 days 00:00:46.227396,0.8048288561957043,0.5195088252345158,2,0.03973780581297333,0.05198320531392976,0.09141794041314966,0.026478907110942505,0.0355282605498985,0.03521485707332136,3.394641741319001e-05,9,68,0.019576810438900864,0.15089426463168998,True,False,False,1.2779852406571545e-07,COMPLETE
669,0.51034916639328,2025-04-21 21:04:32.415344,2025-04-21 21:04:55.081110,0 days 00:00:22.665766,0.8382445321955063,0.5402843610569694,8,0.05452665468647888,0.060740267416990325,0.09359773120438414,0.024469695387983596,0.03839680936416684,0.037835043667185306,2.0289182446050443e-05,10,73,0.014672547056687898,0.15475388289414155,True,False,False,3.2864260669108993e-07,COMPLETE
670,0.4306050300598145,2025-04-21 21:04:55.298963,2025-04-21 21:05:17.276160,0 days 00:00:21.977197,0.7984564532237322,0.5565021736303958,8,0.03345667993991852,0.055672798426135886,0.09991645459824343,0.029547524559734716,0.04074295980825287,0.04099331819098922,2.4432915717008764e-05,9,77,0.008899658527126274,0.1631712543890444,True,False,False,2.8250584576651915e-07,COMPLETE
671,0.561186420917511,2025-04-21 21:05:17.483974,2025-04-21 21:05:40.112824,0 days 00:00:22.628850,0.8269117320095364,0.519011210265158,8,0.040472476115021076,0.07063769037570924,0.09710074252415495,0.03110385558577854,0.0427190914507463,0.036875958975475014,1.910584385072738e-05,10,80,0.021436856013775818,0.1586746370405608,True,False,False,1.3870810858360106e-07,COMPLETE
672,0.2797684073448181,2025-04-21 21:05:40.333718,2025-04-21 21:05:58.626729,0 days 00:00:18.293011,0.8601431081384193,0.5679937759722716,8,0.031716637287681884,0.033207074865270705,0.09363849323840577,0.025735703883445156,0.03710044774099686,0.04064728099718398,1.955569681301345e-05,8,78,0.018107409144233366,0.14066975518215546,True,True,False,2.236248704680437e-07,COMPLETE
673,0.42853746414184574,2025-04-21 21:05:58.834810,2025-04-21 21:06:20.519885,0 days 00:00:21.685075,0.7536444532881612,0.4961425641942881,8,0.03418715425054671,0.04733263209959187,0.09100980396750002,0.01783359563980788,0.06041509493807003,0.0393386395422961,0.0015493634834444375,9,71,0.01338516347162602,0.1634483453334855,True,False,False,7.970568272328762e-08,COMPLETE
674,0.43706012964248664,2025-04-21 21:06:20.738063,2025-04-21 21:06:41.398542,0 days 00:00:20.660479,0.7820523504984789,0.5424125590850457,8,0.04551654591957081,0.06493918429194193,0.09555582535420681,0.028736752738986866,0.06919882674688639,0.041187144285620016,2.3019692384833537e-05,8,80,0.012359356628069966,0.14902728418991432,False,False,False,2.762176663447716e-07,COMPLETE
675,0.520793116092682,2025-04-21 21:06:41.607007,2025-04-21 21:07:03.270841,0 days 00:00:21.663834,0.80908925772293,0.5218578216591908,8,0.09302907728429446,0.08409447360510997,0.08895101788255165,0.032622253238253324,0.07216467506180944,0.04209486213128664,1.9238393148013633e-05,9,76,0.02164023615033722,0.1575446308753244,True,False,False,2.236973660955885e-07,COMPLETE
676,0.4420664668083191,2025-04-21 21:07:03.490245,2025-04-21 21:07:25.778596,0 days 00:00:22.288351,0.09635980028578756,0.5531707300179434,8,0.02898319472047489,0.04124293347938675,0.09833815722956589,0.030707422333914408,0.06372086130316953,0.03773327922740553,2.7810881057238624e-05,10,74,0.01979353181548165,0.16538243512845063,True,False,False,1.5969491538675682e-07,COMPLETE
677,0.6309996366500855,2025-04-21 21:07:25.985886,2025-04-21 21:07:46.626414,0 days 00:00:20.640528,0.7736545842057532,0.5364247721502128,8,0.038367193032041745,0.05779372081302573,0.09248352010134975,0.033345469163038204,0.04428755859443889,0.03925223359522797,1.830258683949055e-05,8,81,0.022538383562186223,0.15499186874041765,True,False,False,3.0101700756419374e-07,COMPLETE
678,0.5607158660888673,2025-04-21 21:07:46.846114,2025-04-21 21:08:04.480482,0 days 00:00:17.634368,0.7522242469080248,0.49966911868990016,16,0.04939813363541947,0.057382649415650695,0.0924059054688627,0.03232321152133395,0.04491139212831971,0.03891859496316176,2.3787476046998318e-05,8,80,0.022680505274851902,0.14689298534943981,True,False,False,3.7242537510515285e-07,COMPLETE
679,0.5112403631210327,2025-04-21 21:08:04.702554,2025-04-21 21:08:25.461432,0 days 00:00:20.758878,0.7743101495064775,0.5225415188127034,8,0.075842731022943,0.06423178570361321,0.09387462003273003,0.02941749154441527,0.04584492594560318,0.03533716695184678,3.0750177000263095e-05,8,80,0.01703740836986946,0.15364194045962143,True,False,False,2.7211749991738275e-07,COMPLETE
680,0.6298097372055055,2025-04-21 21:08:25.669138,2025-04-21 21:08:46.737598,0 days 00:00:21.068460,0.7859407566759239,0.5330878933174764,8,0.04046495030339866,0.0555263680646061,0.09125832686411296,0.027752221373518546,0.0413321968765232,0.03242055572083212,1.9285493061911184e-05,8,76,0.02062542927021142,0.15390776815910345,True,False,False,2.1115539073931722e-07,COMPLETE
681,0.4484801054000855,2025-04-21 21:08:46.957711,2025-04-21 21:09:07.541035,0 days 00:00:20.583324,0.7870393177905595,0.4955347752411311,8,0.052538491472179705,0.05341145435167245,0.0900246773898657,0.025126274210715713,0.04461265336559562,0.027807881273498206,2.4590414138961317e-05,8,70,0.01946501682754334,0.14158722747877492,True,False,False,3.008580540547717e-07,COMPLETE
