number,value,datetime_start,datetime_complete,duration,params_alpha-eval,params_alpha-train,params_batch-size,params_eps-eval,params_eps-train,params_lambda-actions-eval,params_lambda-actions-train,params_lambda-frames-eval,params_lambda-frames-train,params_learning-rate,params_n-epochs,params_n-frames,params_radius-gw,params_rho,params_std-feats,params_ub-actions,params_ub-frames,params_weight-decay,state
910,0.4378832459449768,2025-04-21 22:31:32.364055,2025-04-21 22:31:52.394901,0 days 00:00:20.030846,0.8428971439984985,0.5630940632972476,8,0.04287968109196857,0.05124962636568246,0.04266288632568509,0.026777333461808717,0.03635675951790644,0.03163983301132198,3.386554401196125e-05,7,71,0.015610315351022558,0.16563623830863053,True,False,False,2.1013458674836237e-07,COMPLETE
911,0.43172435760498046,2025-04-21 22:31:52.675872,2025-04-21 22:32:13.672099,0 days 00:00:20.996227,0.7487875677883306,0.48885228636007416,8,0.063667685062109,0.03477448086343593,0.036136708877826926,0.03029426119583352,0.04836787197978977,0.03570039163226178,0.0005875696466134677,8,82,0.017723256459652413,0.14752259574608573,True,False,False,9.912552798698566e-08,COMPLETE
912,0.4362997651100159,2025-04-21 22:32:13.965098,2025-04-21 22:32:34.500608,0 days 00:00:20.535510,0.7853812785049241,0.5015295315600365,8,0.056437806998162504,0.07073998561798056,0.08941183045279591,0.019966924091203687,0.030963144118700284,0.03338821354347758,2.0450990782459547e-05,7,126,0.012761768930245249,0.15174774971218874,True,False,False,1.5941836674284015e-07,COMPLETE
913,0.39495097398757933,2025-04-21 22:32:34.796199,2025-04-21 22:32:55.581096,0 days 00:00:20.784897,0.8126904128334513,0.533571590731975,8,0.050009228058295184,0.05583445232240962,0.09347636302978105,0.025122597852885183,0.044225077369860234,0.030372534361864267,4.13760650166497e-05,8,79,0.021528655332316786,0.15753300377097718,True,False,False,2.718213336662693e-07,COMPLETE
914,0.4388232469558716,2025-04-21 22:32:55.878122,2025-04-21 22:33:15.775226,0 days 00:00:19.897104,0.4109641026294965,0.4778081432614596,8,0.05919940015289543,0.045910658572638464,0.09125197111259643,0.02250374845699323,0.03989614376826387,0.02728930525231077,2.8685164117541867e-05,7,67,0.019843348744921864,0.14099429608340155,True,False,False,2.0501108433339253e-07,COMPLETE
915,0.5194942831993103,2025-04-21 22:33:16.055769,2025-04-21 22:33:36.922889,0 days 00:00:20.867120,0.7674590804515268,0.5520067610998003,8,0.03530057283236815,0.03951928006561979,0.08806153079656746,0.027111488267220596,0.03298781461049009,0.03495629257190608,0.028103780203888862,8,73,0.015372324786364706,0.1463697938727989,True,False,False,1.2183169980324325e-07,COMPLETE
916,0.42948434352874754,2025-04-21 22:33:37.220184,2025-04-21 22:34:17.119525,0 days 00:00:39.899341,0.7235836882494532,0.5034120325755247,8,0.04312804371840863,0.0624620590915267,0.09287091554329281,0.02099311391337681,0.02835556753373654,0.037618714851338934,2.4504599014689618e-05,30,77,0.00903708810254278,0.16780673214601927,True,False,False,3.970383430929584e-07,COMPLETE
917,0.4181523442268372,2025-04-21 22:34:17.413615,2025-04-21 22:34:54.359609,0 days 00:00:36.945994,0.8323715161952275,0.5235197499695875,2,0.0762307858422342,0.049779231514753,0.09016919644082855,0.030586594379942017,0.046055852593789824,0.032446273830782975,3.704853915727708e-05,6,75,0.017534316165343768,0.16127351930104264,True,False,False,1.7602130037659287e-07,COMPLETE
918,0.44927940368652347,2025-04-21 22:34:54.659394,2025-04-21 22:35:14.615778,0 days 00:00:19.956384,0.7901518339586102,0.1603365397854673,8,0.04938274645866862,0.0777401046512023,0.020641516367813303,0.02414737369560832,0.03821797405613904,0.030679474890706732,2.9156681209404535e-05,7,70,0.01887135548415228,0.1320822747325395,True,False,False,2.4065938616407545e-07,COMPLETE
919,0.3619429051876068,2025-04-21 22:35:14.898931,2025-04-21 22:35:33.588627,0 days 00:00:18.689696,0.7438979087512436,0.45725217453651174,8,0.06713967671059852,0.01819038408926503,0.09445199715765012,0.028563934793285065,0.042209228148138475,0.033445821713019776,6.56783270386619e-05,8,81,0.014361829475486691,0.15278081804287166,True,False,True,1.4851741193290982e-07,COMPLETE
920,0.5706889510154725,2025-04-21 22:35:33.887027,2025-04-21 22:35:54.762073,0 days 00:00:20.875046,0.7643138103491773,0.5717011472469778,8,0.05522641227762598,0.03341335292344587,0.0921938611211274,0.02627175041551991,0.0351423432152635,0.035813318713250934,2.0277605350231763e-05,8,78,0.016774372414670835,0.14525463754038526,True,False,False,5.724385054431189e-08,COMPLETE
921,0.4473138213157654,2025-04-21 22:35:55.059554,2025-04-21 22:36:15.153674,0 days 00:00:20.094120,0.8130926609390429,0.5139987695442663,8,0.04038019029946228,0.08625957477887063,0.08568855250812601,0.022630168935887762,0.04034500456019836,0.029089676153928722,2.4163844176722306e-05,7,73,0.021640164024278135,0.15600641480267793,True,False,False,2.911157941520631e-07,COMPLETE
922,0.43692390918731694,2025-04-21 22:36:15.454886,2025-04-21 22:36:37.332789,0 days 00:00:21.877903,0.8703000230228983,0.47878185160026304,8,0.046479248393604754,0.05553055939246714,0.08933784808834347,0.01914476083557705,0.03076498396834229,0.037399882488643996,3.290354350626909e-05,9,82,0.012088359484348048,0.13811404488447085,True,False,False,8.58633432068346e-08,COMPLETE
923,0.2797684073448181,2025-04-21 22:36:37.615516,2025-04-21 22:36:55.328623,0 days 00:00:17.713107,0.7813795501996426,0.5469363169879123,8,0.06103657242737018,0.04206120842145632,0.09128511373182022,0.024871495384519285,0.03724383294121847,0.019051057376207884,2.0337963874955185e-05,7,64,0.019814068421184855,0.1641257664723341,True,True,False,2.3038912268165304e-08,COMPLETE
924,0.567593777179718,2025-04-21 22:36:55.627116,2025-04-21 22:37:14.830250,0 days 00:00:19.203134,0.3398257721945738,0.4292594894573484,8,0.03626065255242827,0.047655378230028536,0.08767610320570239,0.027798010229717656,0.033345030218651504,0.026274728967568592,8.315504874890574e-05,6,76,0.01609028294509853,0.12460375491667636,True,False,False,1.94727132395666e-07,COMPLETE
925,0.5400962948799134,2025-04-21 22:37:15.135864,2025-04-21 22:37:39.624784,0 days 00:00:24.488920,0.7960900950056102,0.5334472490701408,16,0.05073549418543301,0.060899027789873945,0.09399368653501854,0.030518639758954056,0.042554997665034996,0.03367383432324172,4.8514649844489984e-05,22,79,0.018251969510815126,0.1529592109615866,True,False,False,1.216001695782645e-07,COMPLETE
926,0.44657738208770753,2025-04-21 22:37:39.927176,2025-04-21 22:38:00.836588,0 days 00:00:20.909412,0.823485738373924,0.498599744670176,8,0.07230615065706689,0.05332645204682392,0.08949200439758018,0.0214149124819253,0.024300476552516145,0.03143828412199933,2.7269707864796245e-05,8,70,0.01437301797913611,0.1689199016981745,True,False,False,3.3225255153992375e-07,COMPLETE
927,0.4437578678131104,2025-04-21 22:38:01.122566,2025-04-21 22:38:20.548906,0 days 00:00:19.426340,0.7553846001492266,0.5128698600104701,8,0.0437227341327945,0.06932520979571659,0.024980716447017638,0.024200358553144778,0.0453278656901398,0.03876067441024764,0.0020452159141434935,7,74,0.022040190909523426,0.24953236803143491,False,False,False,1.5563384205809054e-07,COMPLETE
928,0.5454347610473633,2025-04-21 22:38:20.849650,2025-04-21 22:38:41.620708,0 days 00:00:20.771058,0.7315903260030218,0.48367719073724896,8,0.08121938523878851,0.024229642915518115,0.09273504718606171,0.016943288038921357,0.047953940036277266,0.023605729942565958,3.8105343269589445e-05,8,82,0.0201728166367058,0.14902440560603442,True,False,False,2.3427325788329107e-07,COMPLETE
929,0.4954781770706177,2025-04-21 22:38:41.920705,2025-04-21 22:39:03.559680,0 days 00:00:21.638975,0.7738871958941356,0.4444813029249526,8,0.05534663644145733,0.0381435679722912,0.05425553793459997,0.02589188360796082,0.03598204678365941,0.035578759871042816,0.016811559858308574,9,77,0.016640095569758036,0.1440718175589375,True,False,False,1.8986107367124638e-07,COMPLETE
930,0.43159041404724124,2025-04-21 22:39:03.862114,2025-04-21 22:39:22.986572,0 days 00:00:19.124458,0.8472910391973231,0.5540129830618846,8,0.06614484365125753,0.04395181198737505,0.09533002553080376,0.028914914746995146,0.038193846968764975,0.03272606022708326,3.181760563397536e-05,6,67,0.011044247060643692,0.1611607833820943,True,False,False,1.0521609218048615e-07,COMPLETE
931,0.5814922690391541,2025-04-21 22:39:23.273658,2025-04-21 22:39:43.199430,0 days 00:00:19.925772,0.797405175231473,0.5334602035377305,8,0.035568615147881774,0.030081241851130196,0.027903420193744012,0.0232250276039906,0.04072579950992584,0.029442926027846112,2.3847263582684125e-05,7,72,0.018427309532426817,0.15015784991315545,True,False,False,2.683344467600814e-07,COMPLETE
932,0.6172742366790771,2025-04-21 22:39:43.497558,2025-04-21 22:40:04.382410,0 days 00:00:20.884852,0.7573039284065861,0.5091387785703192,8,0.048239828609537905,0.057254420176091295,0.09076108975927163,0.018767913703042854,0.033987750782879356,0.020925822827382846,1.982349960280816e-05,8,79,0.013389687024351412,0.1562155027482302,True,False,False,3.90448422450568e-07,COMPLETE
933,0.4439391851425171,2025-04-21 22:40:04.682472,2025-04-21 22:40:25.205884,0 days 00:00:20.523412,0.7801550502728657,0.46434258461258515,8,0.05907233302475487,0.06536442580270571,0.08734674887725513,0.027165986107657053,0.04403603235302643,0.0346309860356763,0.00019042186099902509,8,55,0.015041668695444932,0.13865504194118033,True,False,False,1.4407887427031044e-07,COMPLETE
934,0.4949726700782776,2025-04-21 22:40:25.518897,2025-04-21 22:40:47.299083,0 days 00:00:21.780186,0.8296711502680257,0.5788184414327119,8,0.040702536907725295,0.04858713793192536,0.09286057637065866,0.021217814249476285,0.031693011062045466,0.038659375088198764,2.860949312375094e-05,9,75,0.021887786964279635,0.1582661355909873,True,False,False,7.067625634381629e-08,COMPLETE
935,0.6404547214508057,2025-04-21 22:40:47.605476,2025-04-21 22:41:07.780794,0 days 00:00:20.175318,0.735458661393962,0.4925935884143929,8,0.048732624862101,0.05186395304685698,0.08935645709114838,0.02519517946096537,0.04143871141970767,0.0276884294730352,4.274460594444482e-05,7,82,0.018206538830780262,0.1438695195149107,True,False,False,2.2615113449582228e-07,COMPLETE
936,0.4204472303390503,2025-04-21 22:41:08.069818,2025-04-21 22:41:27.142996,0 days 00:00:19.073178,0.7348199950443456,0.4737892892885808,8,0.04577905131825099,0.04182790555614045,0.039589173708659664,0.03033356742233946,0.042191471754632205,0.027424554803191337,4.7061839349510735e-05,6,83,0.019455657531902523,0.09586497225060442,True,False,False,2.4139665243991695e-07,COMPLETE
937,0.43514690399169925,2025-04-21 22:41:27.447307,2025-04-21 22:41:46.513766,0 days 00:00:19.066459,0.287063545183572,0.4564884847634692,8,0.05214337192553958,0.03565215712505971,0.08542847347924674,0.025702279644977597,0.046492833398908626,0.026599694120919885,6.488316867986159e-05,6,82,0.01629711505063723,0.1307420974495011,True,False,False,3.263994613718772e-07,COMPLETE
938,0.2823734819889069,2025-04-21 22:41:46.818921,2025-04-21 22:42:04.670142,0 days 00:00:17.851221,0.8050640991302911,0.4849746146290474,8,0.04118270047040507,0.048064845821785794,0.08826590423132769,0.028082139737635677,0.04431066160271002,0.025498446907152625,4.41923597458051e-05,7,82,0.02038670669969717,0.16914015884562977,True,False,True,2.3154987139875287e-07,COMPLETE
939,0.4905847549438477,2025-04-21 22:42:04.972746,2025-04-21 22:42:45.121692,0 days 00:00:40.148946,0.7167239922471201,0.9194270197415302,2,0.036234700255923666,0.05196115443634964,0.08645939193782522,0.026407906124774793,0.04181442581269589,0.028085744229123986,5.8512682523651743e-05,7,80,0.012612378369561727,0.13651484166310854,True,False,False,3.0690817954606123e-07,COMPLETE
940,0.6407844781875611,2025-04-21 22:42:45.410860,2025-04-21 22:43:20.133478,0 days 00:00:34.722618,0.8576593764287923,0.4364259360463319,8,0.04709595375666553,0.0436925631637175,0.08918006570355622,0.028743308489487356,0.05002473230906419,0.023879656230140787,3.866154673131435e-05,24,79,0.01717162295224373,0.14426998221303503,True,False,False,1.957761314923114e-07,COMPLETE
941,0.4077386498451233,2025-04-21 22:43:20.435297,2025-04-21 22:43:39.748568,0 days 00:00:19.313271,0.8524120141688266,0.40321521482676553,8,0.04498925520020025,0.030987055453220683,0.08524451048034316,0.030618038772948098,0.051940629837800206,0.023966107422214673,5.016355107131958e-05,6,83,0.010049263450926485,0.14193001282599715,True,False,False,3.953934699449484e-07,COMPLETE
942,0.2797684073448181,2025-04-21 22:43:40.051472,2025-04-21 22:44:09.507485,0 days 00:00:29.456013,0.8728435026456269,0.4279887442033796,8,0.03533725192343894,0.03818918208410921,0.08974213255791662,0.02499243461541443,0.0522468749675292,0.021161869170165163,3.908650952983714e-05,23,78,0.0223351690392867,0.1372579102390106,True,True,False,2.1791599665102586e-07,COMPLETE
943,0.6104026198387147,2025-04-21 22:44:09.810821,2025-04-21 22:44:43.320035,0 days 00:00:33.509214,0.868331769121545,0.4477306674838945,8,0.04070887302961627,0.04380133987282517,0.08740881273264603,0.023507695760567895,0.048931573708795466,0.023792973063847676,4.246843115124538e-05,23,77,0.014553634936378347,0.12911518825789434,True,False,False,2.5907950724763715e-07,COMPLETE
944,0.4477886676788331,2025-04-21 22:44:43.627550,2025-04-21 22:45:22.387292,0 days 00:00:38.759742,0.8563558974590156,0.41632411392257407,8,0.0477356675023677,0.039769396738471186,0.09021952848295109,0.02917400945670152,0.046890840608866786,0.026724239208838978,5.4975749642936086e-05,29,83,0.01869115664485479,0.14193393366220874,True,False,False,1.944120187925882e-07,COMPLETE
945,0.4450333952903748,2025-04-21 22:45:22.678597,2025-04-21 22:45:49.630991,0 days 00:00:26.952394,0.8778730783958151,0.42369527322005907,8,0.049923480224162,0.0504850984953593,0.09123487773979402,0.025938063344140744,0.051348776313852214,0.021838036017421875,3.4647351486933236e-05,16,79,0.01659480991917539,0.14750433382791125,False,False,False,3.211972685388575e-07,COMPLETE
946,0.5383939146995544,2025-04-21 22:45:49.934673,2025-04-21 22:46:18.358178,0 days 00:00:28.423505,0.8446595785609377,0.4304869177765797,8,0.041378453830416474,0.032739526490691645,0.08825434801427448,0.02768922833456797,0.04952266202448155,0.02283600806070784,3.3855564738887795e-05,17,76,0.020771576589627975,0.13417181472328366,True,False,False,2.794777371035807e-07,COMPLETE
947,0.4256217479705811,2025-04-21 22:46:18.662543,2025-04-21 22:46:50.778639,0 days 00:00:32.116096,0.8348500360557257,0.4147167164961302,8,0.034983483853295624,0.060352097227621276,0.09024718479026231,0.023693911833283166,0.04925819629817503,0.018798423744114143,4.5709281009147435e-05,21,80,0.014826085266961837,0.15072853375964357,True,False,False,1.923565188932465e-07,COMPLETE
948,0.5619176149368287,2025-04-21 22:46:51.086436,2025-04-21 22:47:11.018797,0 days 00:00:19.932361,0.8245378402766628,0.43733113432492965,16,0.04565768918461355,0.042726302145984614,0.08696738856707824,0.030504625805468522,0.05032691864632627,0.025463749359992457,3.0981998130114056e-05,13,73,0.018433689563481293,0.14337568440297307,True,False,False,2.2945499880955145e-07,COMPLETE
949,0.42983710765838623,2025-04-21 22:47:11.311593,2025-04-21 22:47:42.663050,0 days 00:00:31.351457,0.8551371375851133,0.44574158181765255,8,0.051803410166178177,0.054647760500927976,0.08492550628044103,0.025434854182352216,0.047015773946138505,0.02035481783428997,3.815497755933577e-05,20,77,0.022195824096936934,0.15026579613070126,True,False,False,4.27666133927799e-07,COMPLETE
950,0.5347023963928224,2025-04-21 22:47:42.971328,2025-04-21 22:48:17.852168,0 days 00:00:34.880840,0.35901447269385145,0.39365206476999254,8,0.040784864368302594,0.02684383900704756,0.09195704408884192,0.022779783097775206,0.029029918305113103,0.02250052375092995,2.76156428720286e-05,24,83,0.013381909063747416,0.14315250628941004,True,False,False,1.7603370583989385e-07,COMPLETE
951,0.4243580102920532,2025-04-21 22:48:18.158396,2025-04-21 22:48:47.968680,0 days 00:00:29.810284,0.8205403081403788,0.4583839080147224,8,0.034784500128873914,0.04654636444105046,0.08869653368192976,0.0267918599643601,0.04474739307733474,0.029918878781972247,4.146485586499882e-05,19,69,0.016083306896187928,0.15522250937511553,True,False,False,2.7640706884945014e-07,COMPLETE
952,0.46162350773811345,2025-04-21 22:48:48.275188,2025-04-21 22:49:26.214374,0 days 00:00:37.939186,0.8417944061576426,0.4692392076660984,8,0.046594052984127846,0.06658298535311236,0.09158751125238243,0.029196474906625015,0.05362780972140704,0.024392627505752253,3.317428539579234e-05,28,80,0.019704097970543514,0.13783782750872373,True,False,False,2.1027502606831046e-07,COMPLETE
953,0.5898376822471619,2025-04-21 22:49:26.523764,2025-04-21 22:49:45.611159,0 days 00:00:19.087395,0.8089927232392752,0.446189296519083,8,0.05263450311556344,0.0366882411266413,0.08918167063587706,0.024571413093610564,0.045333134893455994,0.031412911725802545,2.5512499946398234e-05,6,74,0.017932724124333936,0.14945916948550705,True,False,False,3.214044745078177e-07,COMPLETE
954,0.4260186314582825,2025-04-21 22:49:45.903548,2025-04-21 22:50:20.358678,0 days 00:00:34.455130,0.30876416539541607,0.4848807141268916,8,0.04212651380974448,0.051237021829579024,0.0928523195221788,0.027593158954322114,0.04296519114695852,0.027813173541161057,5.464167658878026e-05,24,76,0.011634833739380302,0.14546488788680242,True,False,False,1.7182115365648782e-07,COMPLETE
955,0.5497649788856507,2025-04-21 22:50:20.671254,2025-04-21 22:50:40.739510,0 days 00:00:20.068256,0.8688554210915975,0.4640934916571766,8,0.05229362165328104,0.0596977782738103,0.042691475424764355,0.023278393996320677,0.04741018559634548,0.024948486824915416,2.9384179900219157e-05,7,71,0.01550244784093742,0.12227009006017844,True,False,False,2.4194037742085774e-07,COMPLETE
956,0.43050327301025393,2025-04-21 22:50:41.045566,2025-04-21 22:51:17.721120,0 days 00:00:36.675554,0.7915335936023444,0.5587256232137767,8,0.04617026813991767,0.04209252895518958,0.09033847273332636,0.025325698504576947,0.04050280602841208,0.030871080919970643,3.543010967750029e-05,26,79,0.020322728724790042,0.15530121009252945,True,False,False,3.57609360267201e-07,COMPLETE
957,0.4013156056404114,2025-04-21 22:51:18.029722,2025-04-21 22:51:49.392816,0 days 00:00:31.363094,0.8224030436190426,0.5347348496430526,8,0.032992249791205394,0.05250865020461993,0.0872341614304505,0.030613344039117925,0.026892065191916694,0.033131973625706204,2.5198770960834705e-05,25,83,0.017204354640139197,0.134532069631915,True,False,True,2.015948992159913e-07,COMPLETE
958,0.42223496437072755,2025-04-21 22:51:49.700744,2025-04-21 22:52:21.351977,0 days 00:00:31.651233,0.8040006229219121,0.49707145151074095,8,0.09974725716644867,0.07697467748836595,0.09311328136608989,0.020986890256623366,0.030336451435804584,0.030201989804686146,4.043874165340871e-05,21,72,0.022106149557869097,0.15041311468420154,True,False,False,1.4656356809702925e-07,COMPLETE
959,0.4250146508216858,2025-04-21 22:52:21.646217,2025-04-21 22:52:41.496926,0 days 00:00:19.850709,0.7775100277900614,0.48014466012021617,8,0.03924882928602841,0.04565410662838817,0.09070177434298382,0.02739066017759411,0.043398428073547296,0.032157813890154895,0.00030891644402200017,7,75,0.014365307465885144,0.1596556034710132,True,False,False,2.749128110106176e-07,COMPLETE
960,0.421916127204895,2025-04-21 22:52:41.805150,2025-04-21 22:53:48.180218,0 days 00:01:06.375068,0.8369404413929932,0.5780379327157289,2,0.05534361015490127,0.12333792154732112,0.08854787490998169,0.022963586613624708,0.03222857101614006,0.028417259657802247,2.772499623207381e-05,15,78,0.01930068296516662,0.14123219768571682,True,False,False,1.7465834921583937e-07,COMPLETE
961,0.4613545060157776,2025-04-21 22:53:48.489452,2025-04-21 22:54:20.823143,0 days 00:00:32.333691,0.17275628398010348,0.5238179051929055,8,0.04710032462650052,0.03701572492595396,0.062243386752494655,0.028985840111806174,0.04113757663262036,0.03604693897372069,7.75002979780149e-05,27,67,0.013049940387867127,0.15433306247292386,True,True,False,2.3158532086272224e-07,COMPLETE
962,0.6088191390037536,2025-04-21 22:54:21.135932,2025-04-21 22:54:40.472208,0 days 00:00:19.336276,0.8020803517042164,0.5546749865793171,8,0.05145521393217099,0.05656602582344858,0.09483177975606882,0.025481901863618546,0.050119162973325096,0.026242614295069154,2.2359461563992658e-05,6,80,0.017006376086219795,0.14568881325231614,True,False,False,3.9990733625846883e-07,COMPLETE
963,0.4335731744766236,2025-04-21 22:54:40.787808,2025-04-21 22:55:00.439653,0 days 00:00:19.651845,0.33677423352080815,0.5027888502105639,8,0.058897300998414504,0.06508163442912922,0.09179828295183912,0.02199810747172147,0.04456770360268737,0.01688105409197989,3.1315720521807475e-05,7,61,0.02000831421459689,0.12907870315618308,True,False,False,1.4715529101692594e-07,COMPLETE
964,0.44982336759567265,2025-04-21 22:55:00.738390,2025-04-21 22:55:26.023383,0 days 00:00:25.284993,0.7857565883428989,0.4630187885971014,8,0.040256983126470025,0.022711139382899655,0.033926912226530305,0.02693678151709434,0.03952653968238728,0.03343414252966402,4.433107598972231e-05,14,83,0.015432963952941086,0.1603487209820834,False,False,False,2.8567114100197465e-07,COMPLETE
965,0.4433804035186768,2025-04-21 22:55:26.331710,2025-04-21 22:55:46.266844,0 days 00:00:19.935134,0.8156849175221617,0.5355067947354794,8,0.034000842127658484,0.04732610233617473,0.08525645439918952,0.024664910028323026,0.02888874664733126,0.03804250825262083,2.272398630984239e-05,7,76,0.00783722015267408,0.14995590181438198,True,False,False,1.8980271408312386e-07,COMPLETE
