number,value,datetime_start,datetime_complete,duration,params_alpha-eval,params_alpha-train,params_batch-size,params_eps-eval,params_eps-train,params_lambda-actions-eval,params_lambda-actions-train,params_lambda-frames-eval,params_lambda-frames-train,params_learning-rate,params_n-epochs,params_n-frames,params_radius-gw,params_rho,params_std-feats,params_ub-actions,params_ub-frames,params_weight-decay,state
966,0.4491052865982056,2025-04-21 22:55:46.579729,2025-04-21 22:56:05.558916,0 days 00:00:18.979187,0.7389156624613868,0.38258526212900135,8,0.04538101283579327,0.05972312705490002,0.09409619949845698,0.01999615059849605,0.04589897265839748,0.029580020345424965,3.4201837276488836e-05,6,70,0.018044665698227595,0.14063619592850685,True,False,False,2.23536350572779e-07,COMPLETE
967,0.44507071971893314,2025-04-21 22:56:05.869674,2025-04-21 22:56:25.756477,0 days 00:00:19.886803,0.7653974679240879,0.48791106464882145,8,0.05648252916722866,0.09621531194784189,0.0895618695512631,0.02889816728902437,0.0337754427071038,0.03444031742251099,1.9587784136135307e-05,7,73,0.022267596130753024,0.15359156117320683,True,False,False,1.3017186798884847e-07,COMPLETE
968,0.38920959234237673,2025-04-21 22:56:26.069933,2025-04-21 22:56:55.246433,0 days 00:00:29.176500,0.8858335886176748,0.4403075778197833,8,0.04949590679880056,0.032995718956442176,0.09213145202268623,0.03092591263739716,0.043595165917152325,0.031539519355621826,5.1167964807501334e-05,18,77,0.01878025553859356,0.08813164074077083,True,False,False,2.9528673579642385e-07,COMPLETE
969,0.4292092919349671,2025-04-21 22:56:55.544373,2025-04-21 22:57:15.577544,0 days 00:00:20.033171,0.25916643285752894,0.5142826928218182,8,0.03924390347142166,0.07217608193090883,0.08801135655945828,0.023476167258128313,0.04792688466576734,0.03686410735428238,0.00011336356008409396,7,81,0.010634854663991746,0.1455041158656313,True,False,False,1.8857960182028568e-07,COMPLETE
970,0.43606799840927124,2025-04-21 22:57:15.897812,2025-04-21 22:57:40.276790,0 days 00:00:24.378978,0.847753050539018,0.5492820937508678,16,0.05294672027706451,0.05275103994228595,0.09061612424603983,0.03152786921210663,0.04158951672562991,0.032390263079999655,2.8420321901120467e-05,22,74,0.015784565008102772,0.162331289681594,True,False,False,3.384136908329586e-07,COMPLETE
971,0.44709697961807254,2025-04-21 22:57:40.591340,2025-04-21 22:57:59.470664,0 days 00:00:18.879324,0.7915720638873223,0.5247926560449921,8,0.04446584931192051,0.04413705976912744,0.09571665202725416,0.026706608490338075,0.030888225292359045,0.027919780494753042,3.8195092462839356e-05,6,69,0.02061715757140555,0.13360675119419604,True,False,False,2.3394609452171628e-07,COMPLETE
972,0.5830342769622803,2025-04-21 22:57:59.787546,2025-04-21 22:58:19.713717,0 days 00:00:19.926171,0.7231964519515959,0.4048940327002002,8,0.06077793023875867,0.03962588902185556,0.08678523623990839,0.021785563643544788,0.03517144700835481,0.03887377091077546,2.3985880030926327e-05,7,78,0.013489018847714994,0.15654046107779368,True,False,False,1.583762347063953e-07,COMPLETE
973,0.44659466743469245,2025-04-21 22:58:20.029689,2025-04-21 22:58:40.688381,0 days 00:00:20.658692,0.8260672916530745,0.4898311432398984,8,0.03792296411478623,0.05008202981487819,0.09244660547547869,0.018603465988798924,0.039495723929419926,0.03405547495600984,1.96188714092165e-05,8,64,0.017122657801597597,0.15000474490747953,True,False,False,4.185724260290285e-07,COMPLETE
974,0.660189700126648,2025-04-21 22:58:40.988052,2025-04-21 22:59:01.018156,0 days 00:00:20.030104,0.7540932636393894,0.4684431727781471,8,0.049347680396883906,0.056243933236761724,0.09437950633448879,0.025130795817177573,0.032030576219579714,0.03039729380655653,2.9500906971829615e-05,7,83,0.02213905453968669,0.15751944856038078,True,False,False,1.3182012173930353e-07,COMPLETE
975,0.6452171564102174,2025-04-21 22:59:01.327537,2025-04-21 22:59:20.445408,0 days 00:00:19.117871,0.7188174265133884,0.42554655059929664,8,0.04227997987544142,0.05872630668475075,0.09484164371893017,0.026920453358986164,0.03218577888586488,0.024852554921949727,3.419568779471803e-05,6,83,0.022291044939079217,0.16957010064819558,True,False,False,1.1035019036604717e-07,COMPLETE
976,0.2840484738349915,2025-04-21 22:59:20.757497,2025-04-21 22:59:37.940299,0 days 00:00:17.182802,0.75431985217993,0.4168680117683589,8,0.03472609503206106,0.06603599230938875,0.0959477508357998,0.02906268795054136,0.02794702274527786,0.023196334087928268,4.548909216646828e-05,6,84,0.02344304371744224,0.16957393921333785,True,False,True,8.901459842333119e-08,COMPLETE
977,0.3825929880142212,2025-04-21 22:59:38.253843,2025-04-21 22:59:57.580929,0 days 00:00:19.327086,0.7434532622583392,0.3996783290127357,8,0.042218539308244964,0.07243249633368892,0.09687903626715721,0.027643942330980036,0.03174655953310787,0.020917386032165513,6.217243428195704e-05,6,83,0.023460282300140054,0.1718876437085822,True,False,False,1.1691313452731401e-07,COMPLETE
978,0.6455530405044556,2025-04-21 22:59:57.897182,2025-04-21 23:00:16.947730,0 days 00:00:19.050548,0.7207544010237331,0.44056301289158417,8,0.0342023823989933,0.06021478604153931,0.09469816005090229,0.02898240965988668,0.03253577314993484,0.024893896124379658,3.8464319057989186e-05,6,84,0.022062023309231748,0.16503257488194464,True,False,False,7.429555227957783e-08,COMPLETE
979,0.49793782234191897,2025-04-21 23:00:17.251907,2025-04-21 23:00:36.360122,0 days 00:00:19.108215,0.7150553267219864,0.42335098195456844,8,0.03231076021013884,0.06433108251849531,0.09676587154843924,0.030412722423647787,0.03064282983442152,0.02218314732445383,4.938859422067557e-05,6,83,0.023147361569218875,0.17094710600376745,True,False,False,5.383092863681304e-08,COMPLETE
980,0.31480440497398376,2025-04-21 23:00:36.672632,2025-04-21 23:00:53.644684,0 days 00:00:16.972052,0.7307287979487709,0.39428415111367915,8,0.03307025271124767,0.06928697322704133,0.09671560812181461,0.030814888498431302,0.02979262373862545,0.024235041072050906,5.566759780064772e-05,6,83,0.021598591859634423,0.16768388873702386,True,True,False,6.197150151563891e-08,COMPLETE
981,0.6205266356468201,2025-04-21 23:00:53.959360,2025-04-21 23:01:13.319708,0 days 00:00:19.360348,0.7138471681557051,0.41483543963886904,8,0.032837630524109915,0.06098417235208652,0.09512560523904909,0.03186075891787432,0.03271222267777009,0.022737753084419433,4.09332993447607e-05,6,84,0.022993211680256868,0.16624596153661336,True,False,False,6.997271375670626e-08,COMPLETE
982,0.40652281045913696,2025-04-21 23:01:13.642086,2025-04-21 23:01:50.889167,0 days 00:00:37.247081,0.7169924292232018,0.435281085629487,2,0.039425180804793715,0.062097745004638924,0.09476330445768712,0.029126559117546774,0.0889679964676632,0.019853914151816986,3.941413712266325e-05,6,84,0.022013946748701742,0.16347298259383955,True,False,False,4.7326934647926514e-08,COMPLETE
983,0.4521278977394104,2025-04-21 23:01:51.206598,2025-04-21 23:02:10.541354,0 days 00:00:19.334756,0.7370851436234743,0.42629509814210104,8,0.038878752938629906,0.0693947648703977,0.09774659214711036,0.027589465780966445,0.028183393825144294,0.0261598096246054,4.7865151199194214e-05,6,84,0.02290115714692071,0.17114434713464274,True,False,False,8.804574651401052e-08,COMPLETE
984,0.442153263092041,2025-04-21 23:02:10.857400,2025-04-21 23:02:30.384158,0 days 00:00:19.526758,0.7229454225439687,0.43934687161987546,8,0.03316030588755176,0.06083044791140331,0.09570009276400816,0.028853139784041328,0.025405430562816415,0.02520894730144658,3.630256157026462e-05,7,81,0.020777837497194456,0.16632667168176452,False,False,False,6.482720840833753e-08,COMPLETE
985,0.3888474464416504,2025-04-21 23:02:30.684894,2025-04-21 23:02:49.831016,0 days 00:00:19.146122,0.7522250248623841,0.4193638961225732,8,0.04531378853375245,0.07551438592998001,0.09412007004372644,0.026509165545923516,0.033003473063964124,0.024666569488885855,6.125282927791445e-05,6,84,0.022543504424875505,0.16111647667612883,True,False,False,9.080859903377453e-08,COMPLETE
986,0.6492041230201722,2025-04-21 23:02:50.147566,2025-04-21 23:03:09.282777,0 days 00:00:19.135211,0.7473710795668869,0.40441447576080347,8,0.03829668270863136,0.055381656268556144,0.09795125914269358,0.030913298293669383,0.02990120431184468,0.017851815304802808,3.5805622658387416e-05,6,82,0.021431867061193165,0.16341816525865152,True,False,False,7.59470147955917e-08,COMPLETE
987,0.4512861013412476,2025-04-21 23:03:09.597315,2025-04-21 23:03:28.908104,0 days 00:00:19.310789,0.7483388118396128,0.39518088923483957,8,0.03664554569424262,0.08414220683057598,0.09658388116997352,0.03234648404794758,0.029718257040737626,0.02189957636881163,0.0009185967722008575,6,84,0.02278919394420576,0.1733905813051681,True,False,False,7.100128515231656e-08,COMPLETE
988,0.5400518536567689,2025-04-21 23:03:29.228597,2025-04-21 23:03:48.595539,0 days 00:00:19.366942,0.7221028411390886,0.3910172831415972,8,0.031229672981691756,0.05832640468457412,0.09838843075064889,0.030554589661116606,0.025392169322566237,0.014325171406901774,4.465782735489758e-05,6,81,0.021205668141100767,0.1717397711530924,True,False,False,4.191415569360019e-08,COMPLETE
989,0.4258331775665284,2025-04-21 23:03:48.919770,2025-04-21 23:04:07.917113,0 days 00:00:18.997343,0.7179622119163556,0.40852431611122225,8,0.04630692404910633,0.06615864845654056,0.09893324632763849,0.03159475014782563,0.032479879743691965,0.01734427145078074,5.277566450775578e-05,6,84,0.023407480925175406,0.16440863958685006,True,False,False,5.028817028965052e-08,COMPLETE
990,0.6314401388168336,2025-04-21 23:04:08.220691,2025-04-21 23:04:27.415289,0 days 00:00:19.194598,0.7080567805835073,0.3696950353341868,8,0.04794396361434202,0.05671691285409756,0.09818554563776977,0.031903341772974284,0.02965527838016104,0.019353822169365636,3.6829354687161764e-05,6,81,0.020665961086232087,0.16320355266438666,True,False,False,7.900682451060445e-08,COMPLETE
991,0.609582018852234,2025-04-21 23:04:27.732186,2025-04-21 23:04:46.912585,0 days 00:00:19.180399,0.7287125989092997,0.32239249753844845,8,0.04963392870365787,0.05583207742556942,0.09863138441699176,0.02973909345771575,0.023370314774521214,0.019065008474299656,3.939828782165409e-05,6,84,0.02094198255835243,0.1720906996717166,True,False,False,6.375747866167083e-08,COMPLETE
992,0.5249046206474304,2025-04-21 23:04:47.231192,2025-04-21 23:05:06.245187,0 days 00:00:19.013995,0.7158608753670055,0.35687065104362,8,0.05015616625707187,0.06360287440734685,0.09849392833091097,0.031482420447013756,0.027753934730987424,0.01609807062302764,4.52826058021251e-05,6,81,0.019818611987010726,0.16703076124491564,True,False,False,7.199149563902027e-08,COMPLETE
993,0.5623830199241638,2025-04-21 23:05:06.566531,2025-04-21 23:05:23.141865,0 days 00:00:16.575334,0.7000976900495964,0.40888990598535097,16,0.043664678056241656,0.0562224879831051,0.09792578773168994,0.028932238637333234,0.027312778209387024,0.017463353827871533,3.7566081065034005e-05,6,81,0.01956321674806322,0.16371033023363687,True,False,False,5.469649076699066e-08,COMPLETE
994,0.622156310081482,2025-04-21 23:05:23.462978,2025-04-21 23:05:41.791327,0 days 00:00:18.328349,0.7320328111208506,0.39463242434743334,8,0.050428271021623325,0.05311345696208261,0.0975719446725764,0.026825028903723083,0.03086681456505271,0.019373805043310682,3.601229076784272e-05,5,84,0.021054264887276814,0.169719629831262,True,False,False,8.545584191897952e-08,COMPLETE
995,0.37343273162841795,2025-04-21 23:05:42.114266,2025-04-21 23:06:01.230791,0 days 00:00:19.116525,0.7134875515892207,0.3781939621389277,8,0.04452680573507317,0.0716251714448635,0.09997555156959939,0.02919681632548184,0.029615490851267065,0.014545314990598867,6.940822190447607e-05,6,80,0.018996221887767815,0.16255735970478832,True,False,False,7.500603182693214e-08,COMPLETE
996,0.2910801708698273,2025-04-21 23:06:01.546238,2025-04-21 23:06:18.860568,0 days 00:00:17.314330,0.7016225116959564,0.3368155166515885,8,0.050402710933096555,0.06400158882465834,0.09819834996055271,0.02574253635354418,0.026877246759403173,0.018226946406696008,4.343388454496901e-05,6,80,0.02116133720427127,0.1598327162377719,True,False,True,3.930733418789174e-08,COMPLETE
997,0.4244002461433411,2025-04-21 23:06:19.182242,2025-04-21 23:06:38.493491,0 days 00:00:19.311249,0.7413821259679084,0.37713057055063004,8,0.05395891959598048,0.07946226051995171,0.09648899449370213,0.031818801443763735,0.030110230392179565,0.017951281718409654,4.958722207176594e-05,6,84,0.01858240921749754,0.17191504072115474,True,False,False,5.749409386655164e-08,COMPLETE
998,0.6188561081886291,2025-04-21 23:06:38.814927,2025-04-21 23:06:57.847150,0 days 00:00:19.032223,0.7068482596733534,0.4251552014712833,8,0.04102998575309752,0.05932606541393808,0.09993186963272566,0.02828224868109898,0.031375226123342155,0.021336515627099494,3.374384967455568e-05,6,81,0.022697754869054832,0.16675424965553762,True,False,False,7.941694106351005e-08,COMPLETE
999,0.3787596523761749,2025-04-21 23:06:58.169134,2025-04-21 23:07:17.442804,0 days 00:00:19.273670,0.7393890489711956,0.3880219633759027,8,0.04974904993482503,0.05256771106459405,0.09685484010466815,0.02583981782711782,0.02946012533774897,0.020069088686937898,3.4584439790343696e-05,5,149,0.018422454161981856,0.16665062290219212,True,False,False,9.694863603195587e-08,COMPLETE
1000,0.2799470543861389,2025-04-21 23:07:17.764256,2025-04-21 23:07:34.819296,0 days 00:00:17.055040,0.7114766428813034,0.3885656982439858,8,0.0441936018239746,0.0487450180235316,0.09573917668827168,0.027285886667082156,0.03453898831495351,0.02147277900883541,5.5808296148504054e-05,6,84,0.020477234415457818,0.15955735506502494,True,True,False,7.883920586047853e-08,COMPLETE
1001,0.4418440699577332,2025-04-21 23:07:35.144092,2025-04-21 23:07:54.340572,0 days 00:00:19.196480,0.7498548075933867,0.35635616222468497,8,0.05443864552931071,0.05802432120120042,0.09754753547056004,0.030986439004075755,0.029080440175669672,0.016323973601058788,4.2707257565777696e-05,6,80,0.023820871553312504,0.2854702664114769,True,False,False,3.1284630804555886e-08,COMPLETE
1002,0.6189209938049317,2025-04-21 23:07:54.647688,2025-04-21 23:08:13.546741,0 days 00:00:18.899053,0.39734023718619366,0.3708763259278704,8,0.03633298951757183,0.06347358584030656,0.09615048752192554,0.024947318614327554,0.026508008984495342,0.020012494867773557,3.471144191177356e-05,6,79,0.018754213063788123,0.1605583703176425,True,False,False,5.94736292998843e-08,COMPLETE
1003,0.4473214983940125,2025-04-21 23:08:13.868034,2025-04-21 23:08:32.749584,0 days 00:00:18.881550,0.7592075041958745,0.40849445600238177,8,0.04718385853425382,0.050655776820249965,0.09535736649668747,0.028685463521058874,0.0318811431989985,0.024934572965379657,3.285938433667219e-05,6,83,0.02059544738393676,0.16279138046601002,False,False,False,9.557534331584786e-08,COMPLETE
1004,0.6344131708145142,2025-04-21 23:08:33.072119,2025-04-21 23:08:51.461792,0 days 00:00:18.389673,0.36943150257011437,0.43053887072394614,8,0.04055572257387555,0.06617960511892639,0.09742544086055506,0.008603686421577286,0.03302646064396272,0.02367868436580555,4.06259417218071e-05,5,81,0.01753169045906553,0.1595005517761802,True,False,False,4.656165616400009e-08,COMPLETE
1005,0.5249059081077576,2025-04-21 23:08:51.787524,2025-04-21 23:09:09.663124,0 days 00:00:17.875600,0.3577246707468638,0.4220585421126333,8,0.032283765336378896,0.07162039201663252,0.09652940444492983,0.010936603148840304,0.034929259443211166,0.024429528542062165,5.037317786614609e-05,5,79,0.014268681936896706,0.1576724096696237,True,False,False,4.5954751866722506e-08,COMPLETE
1006,0.4335591197013855,2025-04-21 23:09:09.990426,2025-04-21 23:09:43.939367,0 days 00:00:33.948941,0.36973918884368345,0.4340768978052344,2,0.040115776667104724,0.07386679736513971,0.09510749431541984,0.007532017364306727,0.03294001457831218,0.02314668933630942,6.714496012392655e-05,5,82,0.012012295953971948,0.15656060358935373,True,False,False,5.8802663141710533e-08,COMPLETE
1007,0.5265214204788208,2025-04-21 23:09:44.264951,2025-04-21 23:10:03.143124,0 days 00:00:18.878173,0.34122192846411803,0.4388372818330566,8,0.030616913687599855,0.0694135339393752,0.09496669386558049,0.013127394924898474,0.034092038407434265,0.02192371097325996,4.11094321685767e-05,6,84,0.017122592718622244,0.17220409851557178,True,False,False,1.0316895468140554e-07,COMPLETE
1008,0.3813774943351746,2025-04-21 23:10:03.456046,2025-04-21 23:10:22.468367,0 days 00:00:19.012321,0.3478609959173192,0.40738188543013504,8,0.03722924130993657,0.07935504395584944,0.0946048755928725,0.013051842446415645,0.03443558576637859,0.024602470761994757,5.67286635478226e-05,6,78,0.017069749405898196,0.15767299123416126,True,False,False,2.9769730621915325e-08,COMPLETE
1009,0.42963919639587406,2025-04-21 23:10:22.793474,2025-04-21 23:10:52.728912,0 days 00:00:29.935438,0.3115160772146105,0.44291550582294714,8,0.04023202954732227,0.06154367967911975,0.09826464357259747,0.00633943735568609,0.03182371100128529,0.021956492409985318,3.218626282025934e-05,20,39,0.014908022885778135,0.16713985668091796,True,False,False,1.1747848962596906e-07,COMPLETE
1010,0.4393800854682922,2025-04-21 23:10:53.054520,2025-04-21 23:11:11.002489,0 days 00:00:17.947969,0.31939046079965727,0.4500014561888158,8,0.04432353826758467,0.06663649549500023,0.09387111392622723,0.011110733143335808,0.034064765551196634,0.026631363777661735,0.005735543820146671,5,52,0.01754519079623116,0.15643200075125951,True,False,False,4.956503523067211e-08,COMPLETE
1011,0.4454822421073914,2025-04-21 23:11:11.327713,2025-04-21 23:11:28.881127,0 days 00:00:17.553414,0.29469751703672104,0.4278272944336475,8,0.03207009112658316,0.04894697176772132,0.09676610186345877,0.02479352698580128,0.03595719932942557,0.02561724333395351,4.383486920077288e-05,5,14,0.012676358977266738,0.16106955813999918,True,False,False,4.6814373601576816e-08,COMPLETE
1012,0.6436132311820985,2025-04-21 23:11:29.209835,2025-04-21 23:11:48.349529,0 days 00:00:19.139694,0.3574874479089631,0.4527166239354917,8,0.055660295704563593,0.06694415166653375,0.09416764663655938,0.0268294451198745,0.031737207841354316,0.023184518080436898,3.140735993349616e-05,6,79,0.015457644200328994,0.15254472579503833,True,False,False,1.0365029392579418e-07,COMPLETE
1013,0.4287465333938599,2025-04-21 23:11:48.683122,2025-04-21 23:12:07.161521,0 days 00:00:18.478399,0.38330047881564133,0.4170792971488262,8,0.05678840095782456,0.077122925233375,0.09422188300049213,0.02719238393388042,0.032065637219587766,0.022887169111037685,4.901708293065348e-05,5,81,0.009518389269143064,0.0701983963786446,True,False,False,3.63898403340451e-08,COMPLETE
1014,0.4562217593193054,2025-04-21 23:12:07.475916,2025-04-21 23:12:25.976644,0 days 00:00:18.500728,0.4121006598745973,0.43501861693837957,8,0.05669412365337887,0.08275358668337192,0.09657591121027832,0.008221938107035991,0.028370089844451288,0.023854550902995174,4.049791685054462e-05,5,84,0.01454034880278828,0.1385276533016792,True,False,False,7.613238588218864e-08,COMPLETE
1015,0.5074108481407166,2025-04-21 23:12:26.299549,2025-04-21 23:12:50.076868,0 days 00:00:23.777319,0.36578942050946145,0.40900602961238464,16,0.05331032124468647,0.07326786555595591,0.09406260380581943,0.0099090885612194,0.031015221442066004,0.021082566845376974,3.278602088193057e-05,25,79,0.01857432644571152,0.17107784862018793,True,False,True,3.942467955204421e-08,COMPLETE
1016,0.6456059813499451,2025-04-21 23:12:50.402958,2025-04-21 23:13:08.421428,0 days 00:00:18.018470,0.3552174269176925,0.4537289605487483,8,0.03722265119541477,0.0680359259689421,0.09842189740487665,0.004878591542609595,0.031654377555376506,0.023605570901967427,3.692338596354295e-05,5,82,0.013436662060179799,0.15594822206382924,True,False,False,1.0983538498030943e-07,COMPLETE
1017,0.4256860613822937,2025-04-21 23:13:08.750440,2025-04-21 23:13:27.003804,0 days 00:00:18.253364,0.34369945621928755,0.438331528051575,8,0.03088598489205442,0.07305604040512785,0.0997659703221984,0.010498804188745992,0.03099355972075409,0.023359749498568217,5.5873915596715556e-05,5,84,0.008888177199357566,0.14493608636927496,True,False,False,1.1082836654532571e-07,COMPLETE
1018,0.4284178137779236,2025-04-21 23:13:27.333485,2025-04-21 23:13:45.672428,0 days 00:00:18.338943,0.37988300060507846,0.42321163529589334,8,0.03673558250751037,0.07733509812774028,0.09869414650002294,0.004387756069813629,0.032984293572804343,0.022898965698069026,4.0540692103581804e-05,5,84,0.011754408682643953,0.1539871788606852,True,False,False,8.784052507536932e-08,COMPLETE
1019,0.2797684073448181,2025-04-21 23:13:46.002187,2025-04-21 23:14:02.928136,0 days 00:00:16.925949,0.3652747109542849,0.4558631495757168,8,0.05596205650889138,0.06836520609110368,0.09851239550021935,0.008840675043779878,0.02885176595050806,0.02037090850694903,8.871803908485997e-05,6,82,0.013043542760748985,0.1498859762262023,True,True,False,6.67768689458867e-08,COMPLETE
1020,0.4490377426147461,2025-04-21 23:14:03.240571,2025-04-21 23:14:21.848078,0 days 00:00:18.607507,0.3894079850783847,0.45599200940121315,8,0.04221235530956615,0.06731188884229697,0.09988504418578271,0.0025940371090625225,0.03073074940714623,0.025027642580031335,4.493096883295773e-05,5,85,0.012409158538813206,0.14166497195685948,True,False,False,1.0277194415996054e-07,COMPLETE
1021,0.6369083404541016,2025-04-21 23:14:22.174407,2025-04-21 23:14:40.509621,0 days 00:00:18.335214,0.33099248654812785,0.44727516893273506,8,0.04784978689037687,0.06865430539543063,0.09705848903172215,0.02625164866460669,0.03328546708814293,0.02336402902702599,3.508587531087972e-05,5,81,0.014592007580917311,0.1526646731320421,True,False,False,1.0228384338872104e-07,COMPLETE
