number,value,datetime_start,datetime_complete,duration,params_alpha-eval,params_alpha-train,params_batch-size,params_eps-eval,params_eps-train,params_lambda-actions-eval,params_lambda-actions-train,params_lambda-frames-eval,params_lambda-frames-train,params_learning-rate,params_n-epochs,params_n-frames,params_radius-gw,params_rho,params_std-feats,params_ub-actions,params_ub-frames,params_weight-decay,state
624,0.470076584815979,2025-04-09 12:41:53.030204,2025-04-09 12:42:00.377016,0 days 00:00:07.346812,0.24472921556779373,0.010623127446328949,8,0.12427201191047764,0.029526488908183695,0.051788801123660036,0.08213130732947026,0.08446994042114367,0.0013224723986827833,0.030106098775258015,10,35,0.02728015718888246,0.22826524842405807,False,False,True,0.0003503214977449893,COMPLETE
625,0.5697632551193238,2025-04-09 12:42:00.571087,2025-04-09 12:42:07.876606,0 days 00:00:07.305519,0.21941017314617484,0.010759087756647818,8,0.11769534000859189,0.03443161685740315,0.047889644396833284,0.07964737361076463,0.07946844640769454,0.002304079671705597,0.04012346099388229,10,39,0.031703888277906815,0.23644258133026316,False,False,True,0.00032029374366969503,COMPLETE
626,0.4384304881095887,2025-04-09 12:42:08.086067,2025-04-09 12:42:15.333593,0 days 00:00:07.247526,0.24518717467163445,0.026928867980101703,8,0.1317192900892016,0.023514107874549058,0.049785451068263376,0.08121484967966403,0.08182650002725424,0.001021268895894295,0.03545747681261438,10,32,0.02909674372390491,0.2366755386843444,False,False,True,0.00042457462196945764,COMPLETE
627,0.453156453371048,2025-04-09 12:42:15.530464,2025-04-09 12:42:22.254442,0 days 00:00:06.723978,0.232434929427837,0.026059132306816977,16,0.13524575524989874,0.02835066859669853,0.047869219799523674,0.08319495815358446,0.08096312767751095,0.0034457166235823617,0.045175554618399415,10,36,0.02762751683872137,0.2201913684472271,False,False,True,0.00026032316589342754,COMPLETE
628,0.43062843084335334,2025-04-09 12:42:22.463666,2025-04-09 12:42:29.778162,0 days 00:00:07.314496,0.2137627971172757,0.030772614509383484,8,0.12644266610047594,0.019336862986398164,0.04541714950154921,0.07982567363381927,0.07980203220898799,0.0011957714037319905,0.05238115548767674,10,30,0.029502386248680044,0.2298495721205576,False,False,True,0.00029607545200741384,COMPLETE
629,0.4227302253246308,2025-04-09 12:42:29.977243,2025-04-09 12:42:38.371042,0 days 00:00:08.393799,0.2647765128470832,0.7753723872434937,8,0.11145082563179225,0.024274452205248896,0.04668118970047205,0.08371115623198423,0.07997754579442812,0.0011233758068697533,0.03510398968176135,18,33,0.03143586258846107,0.23115542177791626,False,False,True,0.0002482237276891483,COMPLETE
630,0.08947456032037734,2025-04-09 12:42:38.583481,2025-04-09 12:42:45.742142,0 days 00:00:07.158661,0.20707164625753288,0.9241486545431814,8,0.1315142879740847,0.019939945765338064,0.05051073168582815,0.08466765878175515,0.07839062039858004,0.0034558970761147637,0.045949507184089536,9,30,0.027662378067129154,0.23660180102987252,True,False,True,0.00021110187658650512,COMPLETE
631,0.4099889755249024,2025-04-09 12:42:45.941611,2025-04-09 12:42:54.665406,0 days 00:00:08.723795,0.23381216456807355,0.01159589215575327,8,0.1355468683825513,0.03127830537489684,0.048372789287655454,0.09285158060250856,0.082911355674268,0.03799628100211856,0.05127464641418264,19,28,0.029469500788875683,0.22928309687748466,False,False,True,0.0003516572380685608,COMPLETE
632,0.4850230932235718,2025-04-09 12:42:54.875172,2025-04-09 12:43:02.792096,0 days 00:00:07.916924,0.1983902937551955,0.039775297895021974,8,0.1405298211963211,0.015558240004256967,0.04967414771277359,0.07774234973078091,0.07739082132566462,0.002750439143210504,0.04390970626503091,10,27,0.02679891009507805,0.24071686413015436,False,False,False,0.0004474594867892052,COMPLETE
633,0.45658016204833984,2025-04-09 12:43:02.990349,2025-04-09 12:43:14.557763,0 days 00:00:11.567414,0.20904617591665475,0.7099115946204916,2,0.12056589035026467,0.013798051414266382,0.04663501585016325,0.08133960895201149,0.08410620664358603,0.004779836885163722,0.056971558779082,10,37,0.026131528291127484,0.2199148695241418,False,False,True,0.00020820484147174157,COMPLETE
634,0.48755029439926145,2025-04-09 12:43:14.767576,2025-04-09 12:43:21.896417,0 days 00:00:07.128841,0.2225666763686191,0.010886542424257614,8,0.13019159007893855,0.02570959298446146,0.045329241595416576,0.08597307538290952,0.07891353107701962,0.002689688668616596,0.027960052698594643,9,49,0.030157876374134474,0.24430569368997426,False,False,True,0.00025908567353256895,COMPLETE
635,0.4369199812412262,2025-04-09 12:43:22.095106,2025-04-09 12:43:28.804332,0 days 00:00:06.709226,0.1968840121108213,0.02879022605885131,16,0.13576319371405823,0.04448722434469751,0.04436225782488281,0.09501937534564894,0.08247439928268098,0.0044324886746973345,0.04621646479531355,10,29,0.027444430397302214,0.2341414592367541,False,False,True,0.0005431329672421808,COMPLETE
636,0.26787611842155457,2025-04-09 12:43:29.014333,2025-04-09 12:43:36.515697,0 days 00:00:07.501364,0.1878392442449704,0.04611720065257877,8,0.13993563285107044,0.035782276406248106,0.05147230276213083,0.09141715096978556,0.08105536000467024,0.00632794632057499,0.05529645126512497,11,26,0.025116409748600767,0.24122194589103027,False,True,True,0.0003396261221121861,COMPLETE
637,0.492499053478241,2025-04-09 12:43:36.717851,2025-04-09 12:43:43.868149,0 days 00:00:07.150298,0.20172411908583404,0.026908192742280714,8,0.12514305648919793,0.010355171736952848,0.054168409251616645,0.09468619268925138,0.08549369765751559,0.0011606906429063174,0.037697325267416086,9,33,0.007221764368600031,0.2300811620940113,False,False,True,0.00028629993410325824,COMPLETE
638,0.42312072515487675,2025-04-09 12:43:44.080208,2025-04-09 12:43:53.512118,0 days 00:00:09.431910,0.2277904257261326,0.010034020805868009,8,0.13985929980658668,0.02102438620032866,0.04366501671187215,0.08764430060762195,0.07727440266549679,0.003604246697999608,0.05828753876554876,26,29,0.0684481796943797,0.2356554520189851,False,False,True,0.00017795275401725789,COMPLETE
639,0.5029428005218506,2025-04-09 12:43:53.713186,2025-04-09 12:44:00.377301,0 days 00:00:06.664115,0.252992320055083,0.05086532077274576,8,0.11576462904767842,0.01636308866607262,0.04747855450850824,0.09045536462025976,0.07559378972384005,0.0057045002154691125,0.007426235406612358,5,26,0.004194946707786145,0.23907895655944603,False,False,True,0.00021755853683057318,COMPLETE
640,0.4698098182678223,2025-04-09 12:44:00.590091,2025-04-09 12:44:07.830106,0 days 00:00:07.240015,0.1839085579964728,0.043174160339863814,8,0.128074466193494,0.009368692448181167,0.04646291475982321,0.08324185422218106,0.07697895647660552,0.002570266035044462,0.0238365542315794,10,25,0.013525329045129405,0.22518832548994946,False,False,True,0.00017503714984974832,COMPLETE
641,0.4564457416534424,2025-04-09 12:44:08.031766,2025-04-09 12:44:15.523008,0 days 00:00:07.491242,0.21019613604815376,0.030254391214698213,8,0.13149148887807474,0.028026944023495988,0.007887036158898426,0.09391485851522127,0.08133618124957886,0.00718323839964034,0.04700576055554321,11,28,0.025422436554655137,0.215497687833134,False,False,True,0.0002336231344934688,COMPLETE
642,0.3158302664756775,2025-04-09 12:44:15.738991,2025-04-09 12:44:22.392295,0 days 00:00:06.653304,0.18206592657633733,0.05740007787957291,16,0.010288410380741325,0.1535017991792562,0.010855976297615505,0.09263748447792483,0.08411731635524212,0.004530003638722033,0.06026414470290221,9,32,0.010327062097156697,0.2474769227343802,False,False,True,0.0003815372345210667,COMPLETE
643,0.5796015977859498,2025-04-09 12:44:22.593872,2025-04-09 12:44:29.889612,0 days 00:00:07.295740,0.1759133251245981,0.028726803961266506,8,0.10461720823370403,0.020869080346282366,0.01217802500713522,0.09550933547688144,0.0824541568452562,0.002811652244274183,0.03610729377268938,10,24,0.02832745952416424,0.24223793982972913,False,False,True,0.0001802723209225196,COMPLETE
644,0.3960152268409729,2025-04-09 12:44:30.106316,2025-04-09 12:44:37.441772,0 days 00:00:07.335456,0.2284039880575637,0.024308166040576562,8,0.1144365030192441,0.030757465831657033,0.012111639998232346,0.08978902418961633,0.0811153502723234,0.0026729409497163966,0.03354918268185041,10,30,0.032382427298177786,0.24103333533445842,False,False,True,0.0001947441655089166,COMPLETE
645,0.491168224811554,2025-04-09 12:44:37.643473,2025-04-09 12:44:44.401014,0 days 00:00:06.757541,0.20096208677065552,0.02833745764162306,8,0.1078762127059597,0.023703515759518626,0.010732174998725443,0.09547878684159691,0.08653903985087574,0.0026336322284628796,0.03581202211052815,6,26,0.029577925329476902,0.2333487236396469,False,False,True,0.0002620795675425681,COMPLETE
646,0.4610796451568604,2025-04-09 12:44:44.616974,2025-04-09 12:44:52.068269,0 days 00:00:07.451295,0.17007956658086343,0.03891877150925238,8,0.10533831221931982,0.0245074544492015,0.005297143148341909,0.09247029013190851,0.08013424376022053,0.022372511808081863,0.040953066096152915,11,34,0.026316054205971152,0.2251598398063773,False,False,True,0.00017411355713977024,COMPLETE
647,0.37646681666374204,2025-04-09 12:44:52.284545,2025-04-09 12:44:59.378818,0 days 00:00:07.094273,0.20881543409690884,0.05887230732554298,8,0.10228851771114444,0.038343186189597644,0.012946758803480613,0.06227476637721641,0.0830525949328578,0.004164054826002735,0.00028358974329406323,9,24,0.028224809266667945,0.2431356387985109,False,False,True,0.00029076155525665603,COMPLETE
648,0.17479367852211,2025-04-09 12:44:59.583647,2025-04-09 12:45:06.869782,0 days 00:00:07.286135,0.1879082860403687,0.010778633144532269,8,0.25833165314182166,0.019261460978389836,0.008959246888054346,0.09449770475149905,0.07889838045538816,0.001269358127555435,0.02884624775266371,10,146,0.03110188317396237,0.24302584913926178,False,False,True,0.0002061841369520789,COMPLETE
649,0.6067461371421814,2025-04-09 12:45:07.087944,2025-04-09 12:45:14.964645,0 days 00:00:07.876701,0.16722916811139477,0.04143625163545477,16,0.10083081220635473,0.029026691134543568,0.01483742793947694,0.07698277987824459,0.08308937921712022,0.0012068096520673037,0.061184847680122084,24,28,0.027364703245215245,0.23486063358270526,False,False,True,0.0001553041884540738,COMPLETE
650,0.47835090160369875,2025-04-09 12:45:15.170717,2025-04-09 12:45:23.151256,0 days 00:00:07.980539,0.17210732055989827,0.038925622555330316,16,0.1006775833155609,0.043660566427442316,0.014678300454885603,0.0801917199561514,0.08369913803683815,0.001264075724480745,0.06526175379832388,25,32,0.027798754463485297,0.2446447261951646,False,False,True,0.00018236547144156833,COMPLETE
651,0.44392508268356323,2025-04-09 12:45:23.368644,2025-04-09 12:45:31.970626,0 days 00:00:08.601982,0.19139343671221754,0.0700610017031599,16,0.11137789345363211,0.036452133240807635,0.014267540876333407,0.0817490669121837,0.08486827569876969,0.00240765139812561,0.0484944195763713,24,37,0.030141370815635355,0.23728713845780808,True,False,False,0.00015646112573303408,COMPLETE
652,0.10313403010368348,2025-04-09 12:45:32.176836,2025-04-09 12:45:39.860770,0 days 00:00:07.683934,0.15985687018276062,0.02706426761493903,16,0.2933627433723639,0.03363708189716585,0.012167448054212318,0.0797034378316165,0.08533261618643143,0.001218495035881311,0.06577115587144022,23,29,0.029258617722352193,0.25080575016796336,False,False,True,0.00023398999600089443,COMPLETE
653,0.12715612649917601,2025-04-09 12:45:40.078056,2025-04-09 12:45:47.840263,0 days 00:00:07.762207,0.28334648133056856,0.04831677388259158,16,0.10816851002414184,0.10162463628267314,0.01579600764929008,0.08519394534412036,0.08185395297739705,0.0011989786725657727,0.05387195682261795,23,31,0.024453385765991903,0.2461670703365927,False,False,True,0.0001708407337828046,COMPLETE
654,0.5107492685317994,2025-04-09 12:45:48.047084,2025-04-09 12:45:55.879496,0 days 00:00:07.832412,0.24471806925365788,0.07867940672682232,16,0.10419671319499693,0.030641625781569863,0.013829626473687958,0.07317694336460931,0.0843825750772223,0.00368910825937671,0.0405771892695719,23,28,0.027613309492302063,0.25626831301313496,False,False,True,0.00029644334202272115,COMPLETE
655,0.4253036141395569,2025-04-09 12:45:56.098928,2025-04-09 12:46:02.748612,0 days 00:00:06.649684,0.21347424957876177,0.010263868355992176,16,0.10047660171735083,0.031089416059020825,0.018389363066766307,0.08856274396968511,0.0807169999367005,0.0010300772021659093,0.06132621313761487,9,27,0.03480948180472483,0.23742146759528926,False,False,True,0.00015289424478273625,COMPLETE
656,0.5222829699516296,2025-04-09 12:46:02.956009,2025-04-09 12:46:10.832646,0 days 00:00:07.876637,0.17723800101735004,0.05737765055620536,16,0.12059459731141715,0.026388913129351318,0.009636186940005599,0.07687777326239889,0.08211483102433861,0.0033545521001065687,0.0673554732528711,24,31,0.03381291617834649,0.2501527660565433,False,False,True,0.0001450165095383881,COMPLETE
657,0.5174269556999207,2025-04-09 12:46:11.054599,2025-04-09 12:46:19.005789,0 days 00:00:07.951190,0.19286611905442855,0.010045934050431958,16,0.1061259271777888,0.03952486227556018,0.011992623734046035,0.07528365597652568,0.08617137391353179,0.003889661503377835,0.021102216657103753,24,34,0.031369677469048174,0.20866941196589045,False,False,True,0.0001903015093418484,COMPLETE
658,0.4538234770298004,2025-04-09 12:46:19.214182,2025-04-09 12:46:27.182485,0 days 00:00:07.968303,0.44703785011492236,0.03935089595660537,16,0.11111504536904375,0.05389669872619392,0.01715426840198403,0.0775264488107462,0.08712433000555378,0.0010108915054788173,0.050069840799256124,25,41,0.01511561875747714,0.28248488528700894,False,True,True,0.00022758196245009459,COMPLETE
659,0.4758919477462769,2025-04-09 12:46:27.402350,2025-04-09 12:46:35.257765,0 days 00:00:07.855415,0.16411819680032214,0.06250532062496118,16,0.09763151842449791,0.025607123176907935,0.015564218908911834,0.07675737510640651,0.08316010655458854,0.004344042089905503,0.03246139409086488,24,27,0.023239240048299678,0.2562959641665935,False,False,True,0.0001446005192992413,COMPLETE
660,0.4863304495811463,2025-04-09 12:46:35.469813,2025-04-09 12:46:42.149380,0 days 00:00:06.679567,0.2211797778125689,0.029850674951023243,16,0.11309020389309471,0.034128010690120884,0.006920070141829435,0.004020012713596803,0.08906011732645351,0.006447462410130437,0.04235057914480588,10,25,0.012918498185863006,0.24759015487633018,False,False,True,0.0002839251801560121,COMPLETE
661,0.39286782741546633,2025-04-09 12:46:42.368836,2025-04-09 12:46:50.344325,0 days 00:00:07.975489,0.2036735689124052,0.08136211517445767,16,0.11991500208587887,0.020677697602410033,0.010483579423098206,0.07805099027375895,0.07949337629776114,0.0030554030714849832,0.06599701034821616,25,29,0.02389819531471842,0.27661082615663213,False,False,True,0.0004410746963562801,COMPLETE
662,0.5537685990333557,2025-04-09 12:46:50.554247,2025-04-09 12:46:58.914211,0 days 00:00:08.359964,0.1731799419257835,0.04627610711160006,16,0.14284861483123754,0.027921754373300415,0.01353253308615356,0.09076662871456022,0.0824415266775219,0.004941700528837196,0.053696992806325505,29,24,0.0269137680042751,0.23486486877416443,False,False,True,0.00022894068569923617,COMPLETE
663,0.20570834875106814,2025-04-09 12:46:59.133332,2025-04-09 12:47:06.981809,0 days 00:00:07.848477,0.8963598596432981,0.03508068380034547,16,0.09177914206413187,0.020274498187441023,0.009005861394072045,0.07275085921121302,0.08005180567056983,0.003187240567237303,0.071632195131283,24,37,0.02848521472171239,0.24183949254110532,False,False,True,0.00037498670426942566,COMPLETE
664,0.5596762299537659,2025-04-09 12:47:07.192154,2025-04-09 12:47:25.081866,0 days 00:00:17.889712,0.1535392469570447,0.05919385193791652,2,0.09802146597634416,0.020914846433819547,0.01242866617938693,0.08683646623430759,0.08656404051128137,0.09772993725585566,0.055265574449102677,22,25,0.015885281126370547,0.25379814028525355,False,False,True,0.0006358831301388903,COMPLETE
665,0.4525150775909424,2025-04-09 12:47:25.301890,2025-04-09 12:47:33.409376,0 days 00:00:08.107486,0.23644097092371044,0.029569240013206138,8,0.12509871673438905,0.046738253009637284,0.015788278689347443,0.07874500088536505,0.08330358292099799,0.007674994620948676,0.04108647192493462,15,110,0.022947484524665468,0.2775863596823962,False,False,True,0.00014022206691437846,COMPLETE
666,0.08920874744653702,2025-04-09 12:47:33.631430,2025-04-09 12:47:41.503108,0 days 00:00:07.871678,0.1868259648764256,0.08817435135963655,16,0.1450849855331152,0.1629604858513764,0.0249234288420986,0.09251189646582486,0.07848093751388845,0.005130044571997458,0.07100468373863794,24,30,0.017528161869241356,0.26249725840501187,False,False,True,0.00018449897867402302,COMPLETE
667,0.4532927513122559,2025-04-09 12:47:41.714778,2025-04-09 12:47:50.034599,0 days 00:00:08.319821,0.17052149346142326,0.05053454777756809,8,0.13678754183966796,0.016056189768824045,0.018193372518685823,0.0900965185203375,0.01888739426933498,0.002702902852784004,0.048581780942595604,17,33,0.020338986448280673,0.09782413323453043,False,False,True,0.00013190835441438003,COMPLETE
668,0.12487431168556214,2025-04-09 12:47:50.255611,2025-04-09 12:47:56.928102,0 days 00:00:06.672491,0.20073070357799747,0.07106527076082458,8,0.15383595069621447,0.13069833424895483,0.013937962286367494,0.08426311258033323,0.08103629293281878,0.0071805895894185056,0.06171520830767825,6,27,0.026325442694638792,0.2852632997655354,False,False,True,0.00028702599546274,COMPLETE
669,0.44170166254043586,2025-04-09 12:47:57.138929,2025-04-09 12:48:04.271004,0 days 00:00:07.132075,0.1524523432015274,0.02594092119635434,8,0.14369131173046906,0.028590964916279334,0.011468752363158499,0.019233146691600526,0.08489645007523029,0.005240740022257696,0.0004310125710137753,9,23,0.012063908471778614,0.22454617437041532,False,False,True,0.00013930260230564522,COMPLETE
670,0.4871855258941651,2025-04-09 12:48:04.492959,2025-04-09 12:48:12.369818,0 days 00:00:07.876859,0.26362437180035936,0.04727935814899512,8,0.16982441452190547,0.039846684689212375,0.008558915091711807,0.09591929355273898,0.0782223161922392,0.0010319802266788754,0.07209994567721625,10,28,0.015851017247211167,0.274095374130514,False,False,False,0.00022282177043769495,COMPLETE
671,0.43296136856079104,2025-04-09 12:48:12.581417,2025-04-09 12:48:20.447250,0 days 00:00:07.865833,0.22057521580384304,0.01159145758295993,16,0.11671787493390551,0.02417782394115381,0.015411305188644005,0.07499175625410553,0.003109652101552722,0.0029756733741768456,0.0577189247078783,23,24,0.0140582565066318,0.2577501000572904,False,False,True,0.00017451051091902674,COMPLETE
672,0.35960238575935366,2025-04-09 12:48:20.671157,2025-04-09 12:48:27.839749,0 days 00:00:07.168592,0.1831796996744267,0.02824594515628691,8,0.13313917649112528,0.015854780856352193,0.0057980350653708285,0.09334273748535131,0.07399672061496605,0.006232182023379733,0.03596637846257877,9,26,0.021705922419038036,0.244778928058867,True,False,True,0.00012597413304256232,COMPLETE
673,0.11270213574171066,2025-04-09 12:48:28.052805,2025-04-09 12:48:35.390881,0 days 00:00:07.338076,0.1528389516617568,0.06435393677439585,8,0.10415479436177533,0.014848593376582658,0.010918208829416784,0.037353089766826574,0.08265058354831799,0.0040950303307274,0.053631647239176086,11,31,0.02465029051891621,0.021962340934625263,False,True,True,0.00031022029163586877,COMPLETE
674,0.29329583048820496,2025-04-09 12:48:35.616094,2025-04-09 12:48:42.909117,0 days 00:00:07.293023,0.19800530789643495,0.10068466694906286,8,0.09372175189430944,0.18413075833356307,0.01778660736553032,0.09160374800054294,0.08860687526976714,0.0010447871686879448,0.04771076953476519,10,23,0.018283345099664117,0.15096410367277424,False,False,True,0.00019880185997573984,COMPLETE
675,0.43972552418708805,2025-04-09 12:48:43.123589,2025-04-09 12:48:49.738968,0 days 00:00:06.615379,0.17365070379646064,0.04648911913257285,8,0.15009036373792892,0.03145874698906874,0.013394829612555744,0.07434374025742936,0.08076040908305421,0.007966455866014398,0.07244695806853291,5,28,0.01953942060216676,0.2801964178759316,False,False,True,0.0001216788082627578,COMPLETE
676,0.478364372253418,2025-04-09 12:48:49.961899,2025-04-09 12:48:57.273014,0 days 00:00:07.311115,0.21812576870511668,0.07432036375609175,8,0.13936265247544657,0.02063348757011381,0.01034170150783963,0.08242483669249846,0.07010362352719456,0.0054137337989598865,0.06374847470605186,10,33,0.02852236634265521,0.2718190162807988,False,False,True,0.0001634359379066853,COMPLETE
677,0.5677096009254456,2025-04-09 12:48:57.489201,2025-04-09 12:49:08.570858,0 days 00:00:11.081657,0.2366765072619693,0.024381666717841814,2,0.15999567961920566,0.012258239902518469,0.01636766880424092,0.09616791007791908,0.06754026706578356,0.0035400257649129342,0.04091037680757451,9,23,0.016348475707624394,0.260150893387409,False,False,True,0.00024319702923063886,COMPLETE
678,0.21920984983444214,2025-04-09 12:49:08.795274,2025-04-09 12:49:16.469305,0 days 00:00:07.674031,0.6009049839921273,0.04537078252791986,16,0.12655784157827418,0.02609109587415081,0.0077195378156174185,0.094022365397806,0.07212636589340891,0.006865701083213157,0.08227670365414903,22,29,0.02336799518259793,0.2860125623071967,False,False,True,1.0895772654253075e-05,COMPLETE
679,0.19853651821613313,2025-04-09 12:49:16.694552,2025-04-09 12:49:23.308296,0 days 00:00:06.613744,0.6253829506710095,0.08253607487751166,8,0.08818850649334589,0.019942323581938124,0.020377515012123912,0.08791255986962669,0.08374164719083965,0.0031215394253025414,0.0007575711048158876,6,26,0.021324852613978817,0.2513950618923541,False,False,True,0.0003529015428792803,COMPLETE
