number,value,datetime_start,datetime_complete,duration,params_alpha-eval,params_alpha-train,params_batch-size,params_eps-eval,params_eps-train,params_lambda-actions-eval,params_lambda-actions-train,params_lambda-frames-eval,params_lambda-frames-train,params_learning-rate,params_n-epochs,params_n-frames,params_radius-gw,params_rho,params_std-feats,params_ub-actions,params_ub-frames,params_weight-decay,state
1748,0.3823120892047882,2025-04-16 23:39:44.307770,2025-04-16 23:39:53.329348,0 days 00:00:09.021578,0.5707629232074621,0.9796288058562442,16,0.11563713108561427,0.06948348269885332,0.09409077191739453,0.09532775815170325,0.0856037603816811,0.07471955069272916,3.312744829897292e-05,25,123,0.010546865917607492,0.25819746031504187,False,False,False,2.8877204422200198e-05,COMPLETE
1749,0.33724177479743955,2025-04-16 23:39:53.896019,2025-04-16 23:40:16.723126,0 days 00:00:22.827107,0.5998693397566268,0.9442014417955347,2,0.10605815657304661,0.22760467256710937,0.08984807094151195,0.09448103735523163,0.08749778608875428,0.07982907264198277,4.763410846295402e-05,25,126,0.0036924307015802687,0.2525526964685862,False,False,False,2.0704077964030458e-05,COMPLETE
1750,0.08747720867395402,2025-04-16 23:40:17.306124,2025-04-16 23:40:37.067868,0 days 00:00:19.761744,0.585326517054919,0.9671908052344996,2,0.12063600676083616,0.22088404751394447,0.09111435515639586,0.09664358277919417,0.08285149544926201,0.0770334012220557,4.1560428934326475e-05,25,126,0.00817213634715442,0.2646403121574237,False,False,True,2.7385505830602393e-05,COMPLETE
1751,0.6065567016601563,2025-04-16 23:40:37.634119,2025-04-16 23:40:59.554611,0 days 00:00:21.920492,0.5854069433368897,0.9816185326879003,2,0.11402618782186799,0.2246131495086736,0.09417292305501455,0.09764204681501362,0.08419276114076711,0.073195377485313,5.128752779901986e-05,24,114,0.011301608024155002,0.25832924804115537,False,False,False,3.577599080500429e-05,COMPLETE
1752,0.10127690136432649,2025-04-16 23:41:00.120688,2025-04-16 23:41:19.843976,0 days 00:00:19.723288,0.5604700250728291,0.9516129051430801,2,0.10671754619261067,0.22957359013710205,0.08874675994067274,0.09461542546508694,0.08697977059117229,0.07525209394802984,3.5774822599490837e-05,25,121,0.00945633799678315,0.251379534925937,False,True,False,4.405705513932307e-05,COMPLETE
1753,0.33389579057693486,2025-04-16 23:41:20.429760,2025-04-16 23:41:42.486307,0 days 00:00:22.056547,0.5647016827142376,0.9785452960789555,2,0.1278969728249902,0.21568387305346357,0.09192746268124885,0.09810110339874892,0.08405687439325449,0.07913083567161246,5.653354195619976e-05,24,124,0.005979817524443437,0.2659849141821506,False,False,False,2.0447830642706096e-05,COMPLETE
1754,0.5776087403297425,2025-04-16 23:41:43.058870,2025-04-16 23:42:05.691639,0 days 00:00:22.632769,0.6050639227301904,0.937025375033387,2,0.11768526264852316,0.2300734532068869,0.08847721030871011,0.09995630279416239,0.08486501244905993,0.07276035291247912,4.093716896213264e-05,25,127,0.011572659335759735,0.2573814871669822,False,False,False,2.5700814602412568e-05,COMPLETE
1755,0.5986440539360046,2025-04-16 23:42:06.287813,2025-04-16 23:42:28.925414,0 days 00:00:22.637601,0.5693030765365417,0.956734351976881,2,0.11151616596185604,0.22384879639502578,0.09954621010420064,0.09578244162773036,0.08277096652232421,0.07786536155059275,4.539686640513046e-05,25,127,0.00944505243070949,0.251589444713013,False,False,False,1.998988027549041e-05,COMPLETE
1756,0.3369720041751862,2025-04-16 23:42:29.511160,2025-04-16 23:42:52.143380,0 days 00:00:22.632220,0.5978196137170192,0.967978627787802,2,0.12550949593969124,0.23297502459935648,0.09079376703096105,0.0939265481265665,0.08760170409505058,0.07554114769219371,3.374516415736823e-05,25,117,0.007275557797094661,0.26158988269722444,False,False,False,3.215907540479539e-05,COMPLETE
1757,0.592917287349701,2025-04-16 23:42:52.710715,2025-04-16 23:43:14.764021,0 days 00:00:22.053306,0.5637385994236636,0.9789642167018091,2,0.1051225074317397,0.2155399262510384,0.08866349762459452,0.09621591664656444,0.0822139552609243,0.07261199820556681,5.4620787370374326e-05,24,123,0.011815352329034426,0.26720406362918375,False,False,False,2.6908370764794548e-05,COMPLETE
1758,0.5647127509117127,2025-04-16 23:43:15.329492,2025-04-16 23:43:37.836522,0 days 00:00:22.507030,0.5840594572883888,0.9370484434987935,2,0.11184138040177011,0.22036380951931486,0.09588478926021937,0.09344457129412477,0.08495446572768546,0.07722407500454383,7.004395876307106e-05,25,129,0.00876924439583273,0.2556582837523684,False,False,False,4.0540822043878404e-05,COMPLETE
1759,0.3346082270145416,2025-04-16 23:43:38.423999,2025-04-16 23:44:01.054305,0 days 00:00:22.630306,0.6077793415284888,0.9809949523677525,2,0.11867523577505795,0.20940528483743953,0.09031033062456556,0.09813857476742978,0.08084773835138147,0.07431002892240984,4.743959112838261e-05,25,124,0.005624231561479413,0.25128512160752664,False,False,False,5.2401381871923536e-05,COMPLETE
1760,0.4063943445682526,2025-04-16 23:44:01.622846,2025-04-16 23:44:23.686199,0 days 00:00:22.063353,0.5548221629508473,0.9633250762594938,2,0.1057949614029773,0.22781698695210847,0.09315646326585514,0.09603876438425343,0.08307088085684652,0.08024770267468637,3.8713709752704654e-05,24,129,0.01132323491996117,0.26276189368916,True,False,False,1.9670057678367406e-05,COMPLETE
1761,0.5859045267105103,2025-04-16 23:44:24.269422,2025-04-16 23:44:47.506392,0 days 00:00:23.236970,0.5824633896140934,0.9466283127461766,2,0.11187860004617642,0.23227858486003505,0.09245218294257568,0.09430789790399291,0.08677654422020417,0.07520375201810132,6.194146324987583e-05,26,119,0.010228730544977513,0.2599948542623794,False,False,False,3.128768719978968e-05,COMPLETE
1762,0.3469644963741303,2025-04-16 23:44:48.071604,2025-04-16 23:45:10.724386,0 days 00:00:22.652782,0.6202792342649169,0.9812256490670318,2,0.1238754176826652,0.23897128110525423,0.08853397932376275,0.09788162058096733,0.08086396316261356,0.0724135387223015,2.5662536207482078e-05,25,127,0.007623175450621551,0.25171235504270584,False,False,False,2.320787442029059e-05,COMPLETE
1763,0.3997778177261353,2025-04-16 23:45:11.311700,2025-04-16 23:45:34.320740,0 days 00:00:23.009040,0.5377116406902219,0.9316090481172526,2,0.13137614485476543,0.21987052638299162,0.09490367644291722,0.09311749111563214,0.08482516101413283,0.07793368193804111,1.4620255384835633e-05,26,122,0.011980385600715595,0.2687813477709645,False,False,False,3.736612157747723e-05,COMPLETE
1764,0.3333436489105225,2025-04-16 23:45:34.888256,2025-04-16 23:45:57.572939,0 days 00:00:22.684683,0.6032688118089791,0.9605842356353084,2,0.11323959448808371,0.2300794617899598,0.09035269804591307,0.09647193302109949,0.08190964590105759,0.07373086936272968,8.073604958665285e-05,25,129,0.0025405030601728463,0.2564907727122044,False,False,False,2.0232027667677677e-05,COMPLETE
1765,0.5173021912574768,2025-04-16 23:45:58.162120,2025-04-16 23:46:21.257321,0 days 00:00:23.095201,0.5664344567255937,0.952942678441546,2,0.10441696769876216,0.23822995496516516,0.08760115600622878,0.0998777759066166,0.08537403462684551,0.0762069623736315,3.0030909755248988e-05,26,126,0.009270125313159929,0.26445358345972214,False,False,False,2.7752894305960342e-05,COMPLETE
1766,0.3369507730007172,2025-04-16 23:46:21.831400,2025-04-16 23:46:44.560693,0 days 00:00:22.729293,0.5794607699460486,0.9822838719486713,2,0.11807636891163864,0.22643644128847754,0.0914715718415754,0.09564094590535385,0.08295946063179835,0.07989490660021958,4.945680955363223e-05,25,129,0.005855341403109304,0.25036048236464503,False,False,False,1.843399428588275e-05,COMPLETE
1767,0.5895674705505372,2025-04-16 23:46:45.153899,2025-04-16 23:47:08.495968,0 days 00:00:23.342069,0.5447301003304318,0.9301207045578945,2,0.10747421335134366,0.23646310166894796,0.08639521567583286,0.097658607958126,0.08115301984457617,0.07233168026513417,3.933579445707219e-05,26,124,0.010080062167040075,0.2586982723101034,False,False,False,5.788729361709384e-05,COMPLETE
1768,0.5885191082954406,2025-04-16 23:47:09.069036,2025-04-16 23:47:30.824868,0 days 00:00:21.755832,0.6080482241196421,0.9829326293707285,2,0.12155304506665979,0.21494216323808202,0.09374586791528795,0.09319577202164255,0.0841302568348764,0.05315990989602598,5.7072004419385754e-05,24,120,0.012171142205337247,0.2503522913567377,False,False,False,3.73650542707125e-05,COMPLETE
1769,0.3702279329299927,2025-04-16 23:47:31.417289,2025-04-16 23:47:54.719829,0 days 00:00:23.302540,0.5575279674746472,0.962355266157937,2,0.10414707062856525,0.22545336209035646,0.08771249030210732,0.09491619592820474,0.08007046896292624,0.05617437642238387,4.5675237425290995e-05,26,129,0.08668209407417937,0.25599003498222817,False,False,False,9.087386334500929e-05,COMPLETE
1770,0.34239832758903505,2025-04-16 23:47:55.287525,2025-04-16 23:48:18.010397,0 days 00:00:22.722872,0.5914812852507452,0.9462886649688387,2,0.11193989096447866,0.23892563768662364,0.08882165002476404,0.09673625294673219,0.08741154396093621,0.0745491506135878,3.402115464399015e-05,25,127,0.0076477972876486545,0.2675686406952718,False,False,False,2.476301719045701e-05,COMPLETE
1771,0.09215089827775956,2025-04-16 23:48:18.605573,2025-04-16 23:48:26.970070,0 days 00:00:08.364497,0.6201058051753238,0.963293046097746,16,0.13718066198473985,0.2323353036929417,0.0905829174977356,0.09808326531442277,0.08603194549198392,0.07700246310045779,6.082909980988225e-05,26,124,0.004203472738929181,0.263398967783328,False,True,True,2.0100516148633796e-05,COMPLETE
1772,0.5656067848205566,2025-04-16 23:48:27.540408,2025-04-16 23:48:50.190856,0 days 00:00:22.650448,0.5759133491268027,0.9820958476753252,2,0.10406320260409657,0.20690050563442067,0.08638607803356183,0.09206344107066179,0.08264869780950056,0.05830719343593496,7.48932109264783e-05,25,130,0.01225881895071751,0.2511939214471527,False,False,False,4.439615632794214e-05,COMPLETE
1773,0.6106345534324646,2025-04-16 23:48:50.782540,2025-04-16 23:49:12.651577,0 days 00:00:21.869037,0.5300785843973896,0.9296982896549076,2,0.11860766771746392,0.22096762163454206,0.09245943197008426,0.09455317873018954,0.08129373073833632,0.07263932745894884,4.951898168126515e-05,24,126,0.00931557957726975,0.25821359474550587,False,False,False,2.942818537432195e-05,COMPLETE
1774,0.5772996425628663,2025-04-16 23:49:13.249842,2025-04-16 23:49:35.259417,0 days 00:00:22.009575,0.5292936972662639,0.912934800102575,2,0.12639447136027454,0.21214369067394181,0.09470668516542075,0.09993153780949474,0.08445791603789192,0.07058104884505048,3.732653955069465e-05,24,120,0.010914923964622292,0.2542711308158416,False,False,False,3.204891512548639e-05,COMPLETE
1775,0.540018653869629,2025-04-16 23:49:35.837751,2025-04-16 23:49:57.817033,0 days 00:00:21.979282,0.533662736959519,0.920729429588862,2,0.1284505794496714,0.21748564724343994,0.09638202767659532,0.09320538056876199,0.08742683317787905,0.06993282273697154,2.986428061967674e-05,24,122,0.012825888675569216,0.2488479973578245,False,False,False,3.731992499419363e-05,COMPLETE
1776,0.5924340486526489,2025-04-16 23:49:58.394580,2025-04-16 23:50:20.291064,0 days 00:00:21.896484,0.536930070753656,0.9215081116202849,2,0.12500785084645433,0.22095067575184726,0.09341451546135492,0.04053381875867617,0.0835117109912241,0.07220973800755223,4.2312963117627044e-05,24,125,0.009818944795898586,0.25627836855292796,False,False,False,2.9206292189066834e-05,COMPLETE
1777,0.37658990621566774,2025-04-16 23:50:20.888808,2025-04-16 23:50:42.856041,0 days 00:00:21.967233,0.5500705912539493,0.9311806009105728,2,0.13104983889456503,0.21606102261351767,0.09211253868627084,0.09462455432882179,0.08621059123032405,0.07490814957579936,2.0906916285057885e-05,24,123,0.012500197628688644,0.24905216916150852,False,False,False,4.527919612993758e-05,COMPLETE
1778,0.5647421479225159,2025-04-16 23:50:43.438066,2025-04-16 23:51:05.295026,0 days 00:00:21.856960,0.5287640230274436,0.902211852803408,2,0.1197152047809504,0.2120462305213518,0.0972190549946992,0.09636924188548779,0.08186049524165567,0.0718593461746962,4.310907940476975e-05,24,110,0.010229244498435616,0.10538954720279091,False,False,False,2.933649904876707e-05,COMPLETE
1779,0.32721678018569944,2025-04-16 23:51:05.887281,2025-04-16 23:51:28.763138,0 days 00:00:22.875857,0.5544500273602435,0.9422062980083924,2,0.12131736195106362,0.21955406649267975,0.09278854862557401,0.015413494969914633,0.08456335366946631,0.07770098932949568,3.420544571564745e-05,25,126,0.00754949390949419,0.25614753775462734,True,False,False,5.848345222291894e-05,COMPLETE
1780,0.5897070527076721,2025-04-16 23:51:29.346791,2025-04-16 23:51:52.129333,0 days 00:00:22.782542,0.5291387192905977,0.9085094820460482,2,0.12013892985962552,0.22291090522401058,0.09593372784482061,0.09205580712063473,0.0827497853120367,0.06952814961152366,4.771113357054418e-05,25,118,0.012613489863089144,0.24965819439657255,False,False,False,3.4427622259987075e-05,COMPLETE
1781,0.5781660676002502,2025-04-16 23:51:52.722615,2025-04-16 23:52:14.729129,0 days 00:00:22.006514,0.5522605025176075,0.9313196807147737,2,0.1307712077675586,0.20931865887598086,0.09089212622473483,0.09795692756551679,0.08535333743775994,0.05858728608948524,3.815405607406171e-05,24,123,0.009177957406055436,0.2594945920208512,False,False,False,2.5128577762599333e-05,COMPLETE
1782,0.4369900047779084,2025-04-16 23:52:15.309530,2025-04-16 23:52:37.721768,0 days 00:00:22.412238,0.5386099074322438,0.9426127207854886,2,0.11478561253900804,0.22521676033607288,0.09447338429255633,0.09383381744489643,0.08813062787879852,0.06078255771371811,4.97726846262118e-05,25,115,0.04366043796148398,0.2503315382631827,False,False,False,4.208695371305405e-05,COMPLETE
1783,0.47243405580520637,2025-04-16 23:52:38.320039,2025-04-16 23:53:00.239257,0 days 00:00:21.919218,0.5623706470276825,0.9807228228079352,2,0.1397285025553135,0.22577290465995345,0.09861608352356453,0.09638209365130913,0.0815720691572027,0.08027596909679094,2.705867475361391e-05,24,121,0.011038283672079971,0.25966873232761756,False,False,False,2.6759764266340707e-05,COMPLETE
1784,0.3386994242668152,2025-04-16 23:53:00.812878,2025-04-16 23:53:23.361020,0 days 00:00:22.548142,0.5258700576789754,0.9212066354998625,2,0.11676440613396068,0.21849082261499103,0.09232007914086286,0.06373067051912645,0.08361140666680629,0.07293096546688066,3.2737465196238574e-05,25,125,0.0062164922983341826,0.25315147434970203,False,False,False,3.487800573759935e-05,COMPLETE
1785,0.585484516620636,2025-04-16 23:53:23.959263,2025-04-16 23:53:46.711779,0 days 00:00:22.752516,0.567456268207008,0.9465147796252015,2,0.12364976939942565,0.23001982157495998,0.09014412838029161,0.09204777943760493,0.08047207251615225,0.07626459997125351,4.346846245573262e-05,25,127,0.01307558845457683,0.25980909182541356,False,False,False,2.2859877533414385e-05,COMPLETE
1786,0.5256553888320923,2025-04-16 23:53:47.322387,2025-04-16 23:54:09.794020,0 days 00:00:22.471633,0.5447153609362689,0.9643030913041065,2,0.13118053288536488,0.21328542980691048,0.09506901664611994,0.09839129380185245,0.08326237925455061,0.07427191825016866,5.593399140749458e-05,25,126,0.008220986362590806,0.07824622348274937,False,False,False,4.7145440473263187e-05,COMPLETE
1787,0.5068833470344544,2025-04-16 23:54:10.379513,2025-04-16 23:54:32.308016,0 days 00:00:21.928503,0.5739352602109771,0.9817361307243744,2,0.1165675526939946,0.20693471655530188,0.09298939666252352,0.094827201133674,0.0876982587897068,0.07075012240131753,5.0581480804635664e-05,24,121,0.010944277358383086,0.06223286988072835,False,False,False,7.189772677014775e-05,COMPLETE
1788,0.08790450394153596,2025-04-16 23:54:32.892719,2025-04-16 23:54:52.848229,0 days 00:00:19.955510,0.5222343820087577,0.9273780740479476,2,0.11203486444181752,0.2248499562934011,0.08979175402178807,0.09640204308957465,0.08526641980872456,0.0688401371570635,3.9618645832541566e-05,25,127,0.009392510687566477,0.24902837011640308,False,False,True,2.9712290852887144e-05,COMPLETE
1789,0.5871973276138306,2025-04-16 23:54:53.447233,2025-04-16 23:55:16.111181,0 days 00:00:22.663948,0.5554861409124748,0.9632579615871454,2,0.13496876750643091,0.23177317672183023,0.08967545783545834,0.09386109352084072,0.08174730153715824,0.07870561014248185,4.8052350396830156e-05,25,123,0.012931281036719013,0.25572133432742433,False,False,False,2.247490129009549e-05,COMPLETE
1790,0.10387319326400757,2025-04-16 23:55:16.694859,2025-04-16 23:55:24.946973,0 days 00:00:08.252114,0.5845326187820077,0.9823986817614774,16,0.11994130392950186,0.21950578092782194,0.09216977729540071,0.0981042678585446,0.08035587513992512,0.07574389120816337,3.2283851579213595e-05,24,129,0.006985784049020536,0.2629370661011797,False,True,False,3.478919576902104e-05,COMPLETE
1791,0.3298156976699829,2025-04-16 23:55:25.541135,2025-04-16 23:55:48.167414,0 days 00:00:22.626279,0.5338586608602728,0.9075570818026032,2,0.1240568322710543,0.22918001930939225,0.08864569530661942,0.0923177706770551,0.08555265730077567,0.06010423727529084,5.9578022309149e-05,25,36,0.011085380270016458,0.2494817748969777,False,False,False,2.5323038464092518e-05,COMPLETE
1792,0.3404841184616089,2025-04-16 23:55:48.744638,2025-04-16 23:56:12.092855,0 days 00:00:23.348217,0.5541987136249242,0.9489378426974843,2,0.11065332059874661,0.2204498602243269,0.09183429733412907,0.09551139396546178,0.0829384582015897,0.07266007903768248,3.7350826145429797e-05,26,126,0.0053245236273815715,0.2562071585504771,False,False,False,1.9181296587290146e-05,COMPLETE
1793,0.5903517484664917,2025-04-16 23:56:12.693076,2025-04-16 23:56:35.105672,0 days 00:00:22.412596,0.5236395910800736,0.9414001402184359,2,0.10577327058358918,0.23409833308596587,0.09501702078153795,0.0983182233930236,0.08675326390503527,0.06238968128869419,4.5560585894848084e-05,25,118,0.013439152791759772,0.26180974709612426,False,False,False,5.4679823235266295e-05,COMPLETE
1794,0.5533291339874268,2025-04-16 23:56:35.711988,2025-04-16 23:56:58.793012,0 days 00:00:23.081024,0.5910261533142248,0.9657910156016651,2,0.11612953211799452,0.22294073355937682,0.0917848857440788,0.015039478330417825,0.08036905417399606,0.07445425667756474,6.853325357150643e-05,26,129,0.00882362460012762,0.2495932823657885,False,False,False,4.177890554029751e-05,COMPLETE
1795,0.6031426429748535,2025-04-16 23:56:59.382174,2025-04-16 23:57:21.457338,0 days 00:00:22.075164,0.5689624636043457,0.9841676755315747,2,0.11082257551234968,0.2381013941134939,0.08882096180424658,0.09441527534181,0.08375665460850734,0.056285976009645744,5.265331199393683e-05,24,129,0.011253329512103824,0.2681295519061387,False,False,False,2.9247508265837336e-05,COMPLETE
1796,0.3363269448280335,2025-04-16 23:57:22.061217,2025-04-16 23:57:45.388250,0 days 00:00:23.327033,0.5418614351023633,0.9266839784141143,2,0.1255667827997186,0.21314117222305232,0.0942248908909515,0.0913861469198639,0.08214610242685759,0.0679530216325608,3.995905647265745e-05,26,124,0.007558480322925426,0.2551951876744397,False,False,False,2.3693654644810855e-05,COMPLETE
1797,0.3286841690540314,2025-04-16 23:57:45.972124,2025-04-16 23:58:09.042456,0 days 00:00:23.070332,0.5738658043608105,0.9627225659795223,2,0.10362867973872235,0.04293729818757881,0.09825793608031716,0.09661618738016209,0.0850809969266062,0.07133979619168458,2.6934206466921695e-05,25,126,0.009865142571637647,0.24808478054726502,True,False,False,1.9270619801998703e-05,COMPLETE
1798,0.5838704466819763,2025-04-16 23:58:09.622557,2025-04-16 23:58:32.261380,0 days 00:00:22.638823,0.5951021233953343,0.9996007343611429,2,0.12027762575583366,0.2280350515425454,0.09081373892624353,0.09980712263156168,0.08011671786059597,0.07689970870468851,6.326706149306624e-05,25,121,0.013044282405529071,0.261133379332747,False,False,False,3.0635016878325046e-05,COMPLETE
1799,0.34033880233764646,2025-04-16 23:58:32.866090,2025-04-16 23:58:56.074772,0 days 00:00:23.208682,0.5288747098337905,0.9351349530709108,2,0.11275661082768648,0.07142607786758855,0.024200121584291447,0.09371427501870966,0.08792798088617486,0.05909313998003003,4.589369909396482e-05,26,130,0.004647491960234611,0.26953596669924934,False,False,False,4.232717581856198e-05,COMPLETE
1800,0.5701215028762817,2025-04-16 23:58:56.654725,2025-04-16 23:59:19.259058,0 days 00:00:22.604333,0.5562185409892041,0.9830056922128045,2,0.10419670050279749,0.23154258200660238,0.08853167406899504,0.0969477417716026,0.08225105394224612,0.078923204390395,3.348612776070364e-05,25,124,0.011457950553663086,0.2548342826592994,False,False,False,1.9213485170107517e-05,COMPLETE
1801,0.5947859883308411,2025-04-16 23:59:19.856165,2025-04-16 23:59:43.166468,0 days 00:00:23.310303,0.5173699968414244,0.9119528195040553,2,0.12779891868196316,0.23880689493545987,0.08631569721203908,0.09999284448023371,0.08449036142825984,0.07395420595205639,5.393561901632316e-05,26,127,0.009100735336012498,0.2644008237266266,False,False,False,3.666567032356726e-05,COMPLETE
1802,0.5636552453041077,2025-04-16 23:59:43.759430,2025-04-17 00:00:05.788106,0 days 00:00:22.028676,0.5859711226228501,0.9549297840114884,2,0.11503555291518625,0.20332615416464422,0.09284939830763422,0.09113169475897584,0.0793943033354121,0.07014698801929882,3.926351128906942e-05,24,129,0.01401197079357729,0.24917974062494094,False,False,False,2.5100809141029898e-05,COMPLETE
1803,0.37633928656578064,2025-04-17 00:00:06.389963,2025-04-17 00:00:29.152312,0 days 00:00:22.762349,0.5387356808275593,0.9671355100746434,2,0.10875701443872356,0.22423112376549725,0.09615454670527529,0.0952815395049548,0.08606025941162847,0.06139787914601181,5.4837842093030286e-05,25,121,0.0628626882516474,0.2589352365526412,False,False,False,6.274046308170406e-05,COMPLETE
1804,0.3314912796020508,2025-04-17 00:00:29.737178,2025-04-17 00:00:53.110434,0 days 00:00:23.373256,0.5692475064115888,0.9820003090515949,2,0.29909782763144493,0.21484791537528297,0.08766453518561462,0.09765780913682742,0.08187465426871325,0.06368114273621639,4.3497713990286626e-05,26,117,0.006617563833523353,0.2717986516778052,False,False,False,1.8833526305903163e-05,COMPLETE
