number,value,datetime_start,datetime_complete,duration,params_alpha-eval,params_alpha-train,params_batch-size,params_eps-eval,params_eps-train,params_lambda-actions-eval,params_lambda-actions-train,params_lambda-frames-eval,params_lambda-frames-train,params_learning-rate,params_n-epochs,params_n-frames,params_radius-gw,params_rho,params_std-feats,params_ub-actions,params_ub-frames,params_weight-decay,state
568,0.3051336944103241,2025-04-09 12:34:31.040129,2025-04-09 12:34:38.636433,0 days 00:00:07.596304,0.07767146561406049,0.010321256183226962,8,0.13747453681487093,0.033784925411712116,0.04103508670949257,0.09383559103376309,0.076347985846827,0.006644910861247945,0.09932657101288654,12,37,0.006329963152085634,0.28420652669053376,False,False,True,0.00013767692381933235,COMPLETE
569,0.3040993928909302,2025-04-09 12:34:38.831407,2025-04-09 12:34:46.557411,0 days 00:00:07.726004,0.08497824843012212,0.02475359722989712,8,0.1498959967554581,0.039966215891340015,0.04682180868788083,0.09652090151399204,0.07212158217635442,0.012458576434982287,0.07350400043614597,13,33,0.007768933625736292,0.27930573659137276,False,False,True,0.00018329569162016092,COMPLETE
570,0.45286602377891544,2025-04-09 12:34:46.737741,2025-04-09 12:34:54.360810,0 days 00:00:07.623069,0.0486189389043078,0.03296780902113266,8,0.13247819246376238,0.028594708703958624,0.04387946109964464,0.09242873777906507,0.06125244521788708,0.004229124131865987,0.05322202748095675,12,29,0.0026284521005116193,0.2758471108137084,False,False,True,0.0002733448427518429,COMPLETE
571,0.565817141532898,2025-04-09 12:34:54.543262,2025-04-09 12:35:02.191031,0 days 00:00:07.647769,0.09608558134660573,0.02722041754176483,8,0.05852121205463284,0.021847999128978793,0.042486137673458414,0.09496160276800819,0.06746015819195024,0.010329056854211363,0.06458242418836234,12,26,0.007920603321968964,0.2900058959981719,False,False,True,0.0001187872200323842,COMPLETE
572,0.5229709386825562,2025-04-09 12:35:02.384645,2025-04-09 12:35:11.665386,0 days 00:00:09.280741,0.10886919098159338,0.042549997562479874,8,0.14392143805210678,0.02790455176390973,0.04512537117789632,0.09806421598126501,0.07022161828725984,0.007293241240602818,0.037693641964335875,24,26,0.005853146225553675,0.2720407840360727,True,False,True,0.0001507652600292467,COMPLETE
573,0.44046533107757574,2025-04-09 12:35:11.848652,2025-04-09 12:35:18.743194,0 days 00:00:06.894542,0.06981862560638549,0.05391197957657765,16,0.0762328615006994,0.020187660981619202,0.039341363689316095,0.09644713287334346,0.06336890569103928,0.005191220987985146,0.07817504858365597,11,32,0.009734577152292343,0.2842520046934293,False,False,True,0.00020758558965087957,COMPLETE
574,0.5054362893104554,2025-04-09 12:35:18.935249,2025-04-09 12:35:27.838747,0 days 00:00:08.903498,0.09430600747924561,0.011388318995887686,8,0.08945906553120382,0.017321372690483002,0.03813744532689571,0.09410108473467381,0.042527274160998156,0.0029513185568598842,0.048493778079210695,21,29,0.004245661702492317,0.27829520605120206,False,False,True,0.00012013343333299791,COMPLETE
575,0.560676383972168,2025-04-09 12:35:28.020795,2025-04-09 12:35:35.579318,0 days 00:00:07.558523,0.12576521894621828,0.04044574240276222,8,0.16121610337205855,0.03332310771835573,0.04500254084408453,0.09179591003083955,0.0731322356781276,0.0059558323404624745,0.057301795101323036,12,23,0.001194682940225348,0.2685868282225151,False,False,True,0.00010442198723171739,COMPLETE
576,0.25323361754417417,2025-04-09 12:35:35.771353,2025-04-09 12:35:43.189324,0 days 00:00:07.417971,0.11309887586457663,0.025501962175298286,8,0.15339403663272266,0.01076915516522913,0.0418716725395806,0.09815396503803352,0.06600236251738162,0.014504412222653834,0.07298052958069084,11,26,0.0034146699477427206,0.2955967695089839,False,True,True,0.00016074481791636579,COMPLETE
577,0.3511705875396729,2025-04-09 12:35:43.373160,2025-04-09 12:35:51.175716,0 days 00:00:07.802556,0.1344032441822456,0.055951183923202384,8,0.14003155368277925,0.024687077067128412,0.04305708448820855,0.0954879812817564,0.05606204681798882,0.008023561240560384,0.08337843707766791,14,22,0.007682368729884267,0.2753741714425371,False,False,True,0.00010074672187125712,COMPLETE
578,0.4648393750190735,2025-04-09 12:35:51.371431,2025-04-09 12:35:59.161392,0 days 00:00:07.789961,0.056268212257806594,0.010602106891416496,8,0.12962464850418698,0.017910035786742422,0.04644641640684098,0.09989861924316416,0.060328953036489566,0.0025161720941579593,0.06374660186547941,13,28,0.005814542479226177,0.2830977083042576,False,False,True,0.00031001116691422534,COMPLETE
579,0.5035765767097473,2025-04-09 12:35:59.345268,2025-04-09 12:36:06.641981,0 days 00:00:07.296713,0.14959709205261063,0.07045194072134922,8,0.14529178287998734,0.010701588805064326,0.0029509709701299102,0.09306099171555808,0.06299479044258578,0.0043937147156147445,0.04279737483001795,10,25,0.010664639002575102,0.2650015013956627,False,False,True,0.00022197504303058752,COMPLETE
580,0.4673101544380188,2025-04-09 12:36:06.837227,2025-04-09 12:36:14.605963,0 days 00:00:07.768736,0.022417662256555226,0.04062838428814295,8,0.08038945191705885,0.05070783103373169,0.009117351270638199,0.09669178917676191,0.05852631736322141,0.008132671009891929,0.08731002302160966,13,31,0.013441392462581112,0.28910447907740255,False,False,True,4.229566193684102e-06,COMPLETE
581,0.4597164511680603,2025-04-09 12:36:14.792128,2025-04-09 12:36:22.281230,0 days 00:00:07.489102,0.08326595899453011,0.5591613526437316,8,0.1256275210950458,0.02425266983346789,0.03567773538328827,0.0906100301624783,0.06839171192956593,0.005756954671588016,0.05243000552558125,11,21,0.02398532002934929,0.25948438412015623,False,False,True,0.0005861914823248408,COMPLETE
582,0.48060814142227176,2025-04-09 12:36:22.477166,2025-04-09 12:36:30.181305,0 days 00:00:07.704139,0.16864226619982786,0.20669909453300578,16,0.0698627780497796,0.004502607509514408,0.039983556158108294,0.09817287754603733,0.08211813468874143,0.010230224577162182,0.02747862559252182,22,23,0.004962565221892378,0.26869459289228376,False,False,True,7.997484050530086e-06,COMPLETE
583,0.43634059429168703,2025-04-09 12:36:30.365064,2025-04-09 12:36:37.977769,0 days 00:00:07.612705,0.12728267780366603,0.6293987789624867,8,0.1557664644466047,0.015865362262414414,0.04318634766554221,0.09408600163928428,0.054128457912191216,0.002563996163192541,0.0996929342496882,12,19,0.026389298152811144,0.2728678058532642,False,False,True,8.083446011400021e-05,COMPLETE
584,0.4343080461025238,2025-04-09 12:36:38.160760,2025-04-09 12:36:45.544356,0 days 00:00:07.383596,0.1037264001093107,0.5313017785746161,8,0.22169425290538183,0.029766314187694813,0.0010057356645915769,0.09996775893517115,0.06492401905405051,0.004183166026655269,0.06350094176851549,11,27,0.015548726764508561,0.24766153534343877,False,False,True,0.00014194630097702523,COMPLETE
585,0.43578904271125796,2025-04-09 12:36:45.741049,2025-04-09 12:36:52.379217,0 days 00:00:06.638168,0.1458849302211251,0.09058479218646168,8,0.09539911612754196,0.04000301065416011,0.007411339139337599,0.09626870255095415,0.0749753923029628,0.006670255664006174,0.07515080392496244,5,25,0.021834631017453185,0.2044775402288026,False,False,True,0.00010290034782258934,COMPLETE
586,0.3492289185523987,2025-04-09 12:36:52.572717,2025-04-09 12:36:59.855559,0 days 00:00:07.282842,0.29957755463976066,0.2609493492964676,8,0.1362919000229023,0.010165434493206607,0.04890974258835967,0.09199965842566747,0.06965782964104575,0.0023400950035405927,0.04686157576275829,10,64,0.01719330575507952,0.25740388289198696,False,False,True,7.730513862443152e-05,COMPLETE
587,0.5179983019828797,2025-04-09 12:37:00.052717,2025-04-09 12:37:18.387652,0 days 00:00:18.334935,0.15989844752606305,0.05785496327065953,2,0.14747422348808076,0.021634395447529462,0.010954228213708362,0.09444643720973274,0.06082770625915815,0.0011742876596068745,0.03491066551357402,23,31,0.01265885305221744,0.2787481246459489,False,False,True,0.00012097139001766444,COMPLETE
588,0.42847458124160764,2025-04-09 12:37:18.578571,2025-04-09 12:37:26.082937,0 days 00:00:07.504366,0.5222747832511525,0.023301406784520085,8,0.08761198315848312,0.015277284194483202,0.012154100719067185,0.07588447034436405,0.06623726775640573,0.008745259775646136,0.055924963288634284,12,20,0.07823070728858723,0.2650522038194376,False,False,True,0.00018073427713039984,COMPLETE
589,0.5355911374092103,2025-04-09 12:37:26.282635,2025-04-09 12:37:33.703554,0 days 00:00:07.420919,0.17806552206187948,0.07105157850566791,8,0.10874020928962849,0.006579004490318681,0.03746910329489403,0.09007568212842154,0.07813573539592543,0.005000755705995159,0.09993099068190896,11,23,0.025121080658998516,0.29527166537404925,False,False,True,9.205700579476167e-05,COMPLETE
590,0.4152383685112,2025-04-09 12:37:33.890484,2025-04-09 12:37:41.218768,0 days 00:00:07.328284,0.12180912638120092,0.041265488953842,8,0.16432626761731642,0.0004541943589186047,0.005238060881038084,0.09811536045238439,0.06234198660479792,0.004170640261546055,0.07554253048168613,10,34,0.021890944924214433,0.28351454652088554,False,False,True,6.582416715816148e-05,COMPLETE
591,0.3968778371810914,2025-04-09 12:37:41.418044,2025-04-09 12:37:48.434839,0 days 00:00:07.016795,0.19721457941090714,0.05546487507196421,16,0.1512294987978143,0.020366662527524754,0.04454747982820677,0.09512943722774611,0.04335581954255495,0.08794269345829661,0.0012772087447477907,13,28,0.019960816410515808,0.29986387762217787,True,False,True,0.00024359149835609031,COMPLETE
592,0.4087052643299103,2025-04-09 12:37:48.621574,2025-04-09 12:37:55.874433,0 days 00:00:07.252859,0.14076379019414764,0.02951722279545231,8,0.13288569604192704,0.027800926893433605,0.009810922702727364,0.0924290797520986,0.03850929410460993,0.001018578442503343,0.0652148305067255,10,17,0.017973074296901467,0.03867292813261661,False,False,True,0.00012443219567731921,COMPLETE
593,0.4682953357696533,2025-04-09 12:37:56.072818,2025-04-09 12:38:02.771759,0 days 00:00:06.698941,0.16409177447623058,0.09115207367689346,8,0.13952412059359837,0.012243010829629938,0.01352074046906697,0.011706124303190062,0.07064924196986035,0.006611893108189177,0.004156046226796478,6,22,0.010901241088467281,0.2725530582652587,False,False,True,5.796005984020373e-05,COMPLETE
594,0.19727878570556642,2025-04-09 12:38:02.961463,2025-04-09 12:38:10.461091,0 days 00:00:07.499628,0.10399315622399499,0.4168591946111018,8,0.06330699894460452,0.24688435809639792,0.04168524823921196,0.09683703309163828,0.06682150115759738,0.009323173380796244,0.04114014229352103,11,26,0.014693726089305418,0.28856997233220694,False,False,True,8.7681502269433e-05,COMPLETE
595,0.572365951538086,2025-04-09 12:38:10.661649,2025-04-09 12:38:18.176418,0 days 00:00:07.514769,0.2143779709830386,0.37229797127237746,8,0.15940377945712952,0.035627451984783835,0.007529116658186947,0.0936011099159623,0.05814852225378088,0.03232847291961641,0.08497793806525074,12,30,0.020650159715122404,0.2608101303126076,False,False,True,7.020338689434544e-05,COMPLETE
596,0.45884103775024415,2025-04-09 12:38:18.365619,2025-04-09 12:38:25.776986,0 days 00:00:07.411367,0.18725502817860215,0.044841617815363326,8,0.12045733261777192,0.01698908560107644,0.04768647808907928,0.09994640229734737,0.0641037031446963,0.07724859242406339,0.052649591319287745,11,19,0.0036960806303872958,0.2533749381192246,False,True,True,0.00017924020846848184,COMPLETE
597,0.4673305928707123,2025-04-09 12:38:25.976030,2025-04-09 12:38:33.104951,0 days 00:00:07.128921,0.06637258081611531,0.12259958756684822,8,0.07501469805604771,0.00705823947872183,0.01055892751405979,0.08948856050523289,0.049696132645054375,0.011377648546432282,0.06785797114717242,9,14,0.02310640907076219,0.2777767959443561,False,False,True,0.000322881522437293,COMPLETE
598,0.5314435482025146,2025-04-09 12:38:33.294741,2025-04-09 12:38:40.570327,0 days 00:00:07.275586,0.1510790976380086,0.07606266605737383,8,0.14535364122950234,0.025411043776717268,0.012402820816043835,0.09656421636537259,0.04698427221544835,0.003696299541497682,0.08260572477301187,10,24,0.008203743949026109,0.2684254666723035,False,False,True,4.556480155867599e-05,COMPLETE
599,0.6039062857627869,2025-04-09 12:38:40.758675,2025-04-09 12:38:47.721086,0 days 00:00:06.962411,0.18471091835057274,0.024529157262659352,16,0.0921492564124418,0.012711471477011604,0.015193270202233012,0.09505196366539603,0.07278212672415178,0.005945233659270182,0.059308948295089294,13,21,0.018162412030264523,0.2485628533434701,False,False,True,0.00010892269413882209,COMPLETE
600,0.4927253246307373,2025-04-09 12:38:47.921219,2025-04-09 12:38:54.969528,0 days 00:00:07.048309,0.1689449691933814,0.011251820497816138,16,0.0986814655994321,0.0005193696572285637,0.015830109175322113,0.09119063404265985,0.0724668403578064,0.00769027221336251,0.06727274299593368,14,28,0.01643355059359865,0.25062108575780695,False,False,True,0.00011344069849694098,COMPLETE
601,0.5031442642211914,2025-04-09 12:38:55.158849,2025-04-09 12:39:02.138413,0 days 00:00:06.979564,0.1266147381029163,0.028417821001091966,16,0.0951350017306548,0.010307476791215284,0.017246281623291986,0.0935399079965604,0.07330560260446309,0.006529424367637541,0.08585783166097545,13,22,0.014364410675490678,0.2460572388535853,False,False,True,0.0001520750070174442,COMPLETE
602,0.39000868797302246,2025-04-09 12:39:02.340632,2025-04-09 12:39:09.349100,0 days 00:00:07.008468,0.1840281225443673,0.011910864395575099,16,0.10226348206140809,0.007139987919967499,0.015553078354089233,0.09799310495247944,0.07409514164511956,0.010893500781947873,0.062114083311681424,13,24,0.018159265233164544,0.24129708872697916,False,False,True,0.00012107873962448787,COMPLETE
603,0.48637731075286866,2025-04-09 12:39:09.537013,2025-04-09 12:39:16.612858,0 days 00:00:07.075845,0.09518680229988209,0.026744677577680176,16,0.09263202873927356,0.014551893005776383,0.014347608879561595,0.09515565594905977,0.07025919880849266,0.008518238251486463,0.07567603462450877,14,26,0.016309062844284912,0.23353650268306386,False,False,True,0.00021906219806512277,COMPLETE
604,0.5060401320457458,2025-04-09 12:39:16.814603,2025-04-09 12:39:23.873247,0 days 00:00:07.058644,0.15268274420471648,0.4669053299910131,16,0.0852943819595424,0.004373704300610348,0.03965315717056217,0.09198219863883446,0.0755521445293762,0.005628551735548935,0.04953379134934748,13,31,0.013336403351147132,0.23884641207100543,False,False,True,0.00014482415541744104,COMPLETE
605,0.5153602242469788,2025-04-09 12:39:24.064913,2025-04-09 12:39:31.748492,0 days 00:00:07.683579,0.16711496714872548,0.061410469708610714,16,0.08995238908729519,0.013195994108727417,0.06741144869854043,0.08869278388883092,0.07126875497775645,0.013424241251644414,0.058052890366175905,20,21,0.019048528056958825,0.25137093841567665,False,False,True,9.671983910562704e-05,COMPLETE
606,0.3176304042339325,2025-04-09 12:39:31.953821,2025-04-09 12:39:38.970199,0 days 00:00:07.016378,0.1328774665839128,0.04140270431829409,16,0.10036288109095193,0.017601397140026183,0.014976056050513583,0.09473699848737949,0.07190647104879835,0.0057942992030442664,3.265903401594781e-05,13,29,0.017565767194599118,0.2466796879343711,False,False,True,0.0004298562858874421,COMPLETE
607,0.474701464176178,2025-04-09 12:39:39.161644,2025-04-09 12:39:46.216466,0 days 00:00:07.054822,0.1906928774542506,0.2836419549160914,16,0.08405442255507856,0.009350758507226015,0.017277845790207115,0.09766914607267764,0.06800356308100373,0.025570771031597397,0.08694123610423905,14,25,0.005906718680296666,0.2565754781786528,False,False,True,0.00015953829615246716,COMPLETE
608,0.23031322360038758,2025-04-09 12:39:46.423207,2025-04-09 12:39:52.824850,0 days 00:00:06.401643,0.11582140750934125,0.05856489916116316,16,0.09047151885218631,0.27837287678425526,0.01724704077733192,0.09254485205042326,0.07714316741083072,0.009283225529616738,0.09999623502264025,6,75,0.040704123833904864,0.25875260218275176,False,False,True,9.967437527971512e-05,COMPLETE
609,0.34695671200752265,2025-04-09 12:39:53.019083,2025-04-09 12:39:59.898038,0 days 00:00:06.878955,0.08790603549283395,0.03227777085508435,16,0.08002812162933948,0.22130872544779673,0.04534762787852721,0.09067947395897262,0.06915993560205634,0.007527956144706728,0.07327223976824118,12,35,0.015141154624258784,0.26549276794230126,False,False,True,0.00012024420281262441,COMPLETE
610,0.5240761399269104,2025-04-09 12:40:00.101003,2025-04-09 12:40:06.443696,0 days 00:00:06.342693,0.14602386982596313,0.08254950327349653,16,0.07936163992163725,0.019262434946946603,0.012610270686024536,0.09825510830245211,0.0735396328733244,0.06926856090439748,0.041628686252137996,5,20,0.01947400039692158,0.25466836355743233,False,False,True,0.00019067831239861206,COMPLETE
611,0.09203726053237915,2025-04-09 12:40:06.637608,2025-04-09 12:40:13.701786,0 days 00:00:07.064178,0.1991686694336297,0.3176834869916624,16,0.08378948998227723,0.21112401342228113,0.027804418009382187,0.09527179736126704,0.06679697887751006,0.0041508812398682775,0.06011374675975082,15,27,0.011847082037270626,0.2399739804868673,False,False,True,0.0002504408174188847,COMPLETE
612,0.4828461527824402,2025-04-09 12:40:13.907185,2025-04-09 12:40:20.899260,0 days 00:00:06.992075,0.1745918704423374,0.010366468918419944,16,0.10466698618744076,0.0003537529935141552,0.014499560638691476,0.0933932415140599,0.06897929227504175,0.005702689612015857,0.07263503066119446,13,23,0.001056788111189393,0.2619534371810871,True,False,True,7.747749273006158e-05,COMPLETE
613,0.5156447052955628,2025-04-09 12:40:21.092640,2025-04-09 12:40:32.246705,0 days 00:00:11.154065,0.22394403962619092,0.6845583806227347,2,0.09045971914760517,0.010922932314784275,0.04268133877146318,0.08612982453789599,0.036098154487721815,0.0027304143978636826,0.005378116554824359,9,17,0.01678526590379904,0.24771853996317786,False,False,True,8.758531356089313e-05,COMPLETE
614,0.2706586599349976,2025-04-09 12:40:32.451884,2025-04-09 12:40:42.698779,0 days 00:00:10.246895,0.16043724258973843,0.04836657354627386,8,0.07215967927927854,0.0057288097904514244,0.013343349570553623,0.09994493748498763,0.04136714735658355,0.0010584589184534686,0.04775068555802888,25,33,0.043057026589997965,0.213554578977039,False,False,False,0.00013486065548406443,COMPLETE
615,0.33930875658988957,2025-04-09 12:40:42.895167,2025-04-09 12:40:50.452549,0 days 00:00:07.557382,0.13265788098831816,0.0682478618438294,8,0.12969304167664714,0.014491170606291532,0.03752277085916137,0.09732269130348564,0.06451551999032347,0.00723937866155186,0.0849797572773641,12,20,0.009697521058079304,0.2722669766589328,False,True,True,3.593131096983195e-05,COMPLETE
616,0.4552531182765961,2025-04-09 12:40:50.659810,2025-04-09 12:40:59.592102,0 days 00:00:08.932292,0.18536253814386813,0.030245226736356164,8,0.09817681869257272,0.02135715070699027,0.04985538105191199,0.07871508624156771,0.06566954263384335,0.009811150576265401,0.031702334756352854,21,25,0.020731951606771378,0.2621606422923311,False,False,True,0.00010559377525405102,COMPLETE
617,0.0907837063074112,2025-04-09 12:40:59.786071,2025-04-09 12:41:07.564258,0 days 00:00:07.778187,0.057589172192227006,0.10207075250183534,8,0.12487080574142179,0.2618936275579421,0.01644519321309368,0.08877766685133728,0.07222355898984271,0.00454929742051243,0.00211528754299803,14,28,0.018548689708741486,0.26639657087276464,False,False,True,6.477242956082399e-06,COMPLETE
618,0.5741260647773743,2025-04-09 12:41:07.771034,2025-04-09 12:41:15.415426,0 days 00:00:07.644392,0.11115948897621669,0.4942840075624371,8,0.09313942635273209,0.0066331374887064875,0.0412934864849714,0.09529103470430529,0.07577511014316708,0.005661048624541826,0.05752252357797588,12,22,0.025260251414122043,0.2304816262843351,False,False,True,5.80711426782641e-05,COMPLETE
619,0.09215089827775956,2025-04-09 12:41:15.609088,2025-04-09 12:41:22.673408,0 days 00:00:07.064320,0.08585390686194502,0.043714490216535354,8,0.09691577053565359,0.1739461753711975,0.009359895620697754,0.09144832014273171,0.07593979608145553,0.002968174096900184,0.041162483416278844,9,23,0.02938056137551673,0.2289907906641759,False,False,True,5.8859288982996034e-05,COMPLETE
620,0.28510283231735234,2025-04-09 12:41:22.881500,2025-04-09 12:41:29.865670,0 days 00:00:06.984170,0.10510990350875915,0.3950326037531924,16,0.10630106981745631,0.004063590970004082,0.01970643816998162,0.05351089906655787,0.07818224069337067,0.00520505052736792,0.050517792835537804,13,82,0.02502089740544269,0.25118734842102597,False,False,True,4.6612451415862176e-05,COMPLETE
621,0.47765192985534666,2025-04-09 12:41:30.060374,2025-04-09 12:41:37.645374,0 days 00:00:07.585000,0.04794455359045132,0.06132185158108837,8,0.09455246983358706,0.00582280285295853,0.032890311478772846,0.09356264487409496,0.07506137875051666,0.003791620679140453,0.03863044902448099,12,31,0.02580652442176157,0.22278863355815198,False,False,True,3.0885986378668976e-05,COMPLETE
622,0.611929965019226,2025-04-09 12:41:37.853154,2025-04-09 12:41:45.294902,0 days 00:00:07.441748,0.2093338085774754,0.026056598872025844,8,0.1365320780644853,0.014910007343858035,0.046902576690404554,0.08374746813818366,0.08033701238995217,0.0010046598495863147,0.056335374467508505,10,27,0.027211349441294948,0.23293200865226876,False,False,True,0.000288437972633397,COMPLETE
623,0.6038608193397522,2025-04-09 12:41:45.490229,2025-04-09 12:41:52.821609,0 days 00:00:07.331380,0.23444326213211167,0.010722905243064913,8,0.13203607493342664,0.02119933112607799,0.04665923124114287,0.09499568053657911,0.0807025248933025,0.0010971278275261798,0.0471317145111958,10,37,0.02749498422662089,0.2394950046435904,False,False,True,0.00024434141173516666,COMPLETE
