number,value,datetime_start,datetime_complete,duration,params_alpha-eval,params_alpha-train,params_batch-size,params_eps-eval,params_eps-train,params_lambda-actions-eval,params_lambda-actions-train,params_lambda-frames-eval,params_lambda-frames-train,params_learning-rate,params_n-epochs,params_n-frames,params_radius-gw,params_rho,params_std-feats,params_ub-actions,params_ub-frames,params_weight-decay,state
1912,0.4310997009277344,2025-04-09 15:49:55.331131,2025-04-09 15:50:02.754495,0 days 00:00:07.423364,0.2188785996154548,0.02850212653455312,16,0.03371808754424147,0.028500051816141323,0.06291401236084597,0.07466989341138164,0.09470122988510792,0.010281353408830796,0.024938732246490073,17,65,0.002734911734344232,0.21806632523767752,False,False,True,0.0009996837416152865,COMPLETE
1913,0.46715899705886843,2025-04-09 15:50:03.399997,2025-04-09 15:50:10.990714,0 days 00:00:07.590717,0.26122665623100866,0.03333905953412644,16,0.040328390478308135,0.020744982427460548,0.05956329751526864,0.07640909008205594,0.0997374043115144,0.007559536560807163,0.03558900922770317,19,19,0.004454991437948898,0.21273909071256972,False,False,True,0.0008099404107293812,COMPLETE
1914,0.5988144397735596,2025-04-09 15:50:11.612978,2025-04-09 15:50:19.116556,0 days 00:00:07.503578,0.23902307445454235,0.010351238829898779,16,0.048773003977269004,0.031361481036319104,0.06261254433930406,0.07430948030666529,0.09564756413864789,0.009753332450694088,0.037519253125295325,18,19,0.004903382147970042,0.22398661280756618,False,False,True,0.000992368908393452,COMPLETE
1915,0.533095157146454,2025-04-09 15:50:19.762978,2025-04-09 15:50:27.423276,0 days 00:00:07.660298,0.2211954578119002,0.0334901682753268,16,0.04205419187813919,0.026058874031941816,0.06294449255798146,0.07284048755753703,0.09737396828409339,0.011092477647120019,0.03281648069723815,19,21,0.0013702502639372583,0.21180004289074353,False,False,True,0.0007836501988222756,COMPLETE
1916,0.342237001657486,2025-04-09 15:50:28.046465,2025-04-09 15:50:35.572253,0 days 00:00:07.525788,0.2680585755395809,0.030517059979689697,16,0.05353369998006012,0.03590389303113018,0.061144813167324966,0.07598846916630388,0.0979425084797517,0.007550473526858909,0.039606844896704636,18,22,0.003859497957704104,0.22387881696844544,False,False,True,0.0007490849661167943,COMPLETE
1917,0.27050147056579593,2025-04-09 15:50:36.218796,2025-04-09 15:50:43.713158,0 days 00:00:07.494362,0.2548356636269451,0.010100714026107521,16,0.037198793828336574,0.019053168027408467,0.06107025582379533,0.07706996602512038,0.09649634373637128,0.009362973298565745,0.024052038851048608,17,22,0.0030604417157366263,0.2251072462023164,False,True,True,0.000966990189291464,COMPLETE
1918,0.4837199926376343,2025-04-09 15:50:44.352053,2025-04-09 15:50:51.992043,0 days 00:00:07.639990,0.23939489979908432,0.010138854091705075,16,0.025198160417713323,0.024802634000767536,0.06014174462498464,0.07617783367087867,0.09480315038630285,0.0071985806367723115,0.03335815503471384,19,18,0.005273420908244235,0.22450996621392158,False,False,True,0.0007312583894237919,COMPLETE
1919,0.5399978876113891,2025-04-09 15:50:52.636675,2025-04-09 15:51:00.162998,0 days 00:00:07.526323,0.26589312990701913,0.038716020834353826,16,0.04721079088935832,0.030909444330773597,0.06770006288629912,0.07255159454184247,0.0948066401893118,0.011047934274504453,0.04215021562793121,18,22,0.005525232807106782,0.22316375810089953,False,False,True,0.0009681417310873805,COMPLETE
1920,0.4735685110092163,2025-04-09 15:51:00.785493,2025-04-09 15:51:08.364779,0 days 00:00:07.579286,0.2211218118535012,0.028312981907041936,16,0.03607208141419846,0.014447522042189156,0.06468467344653203,0.07704263346995331,0.09999505345310823,0.00785235597178033,0.028509942056981968,19,18,0.0014810494645976944,0.21542255042059053,False,False,True,0.0007180447149583531,COMPLETE
1921,0.5598063111305237,2025-04-09 15:51:09.013554,2025-04-09 15:51:16.514407,0 days 00:00:07.500853,0.24820374042086835,0.011201515769921589,16,0.030226461923831178,0.021173571293367135,0.061824656371044936,0.07888119210627635,0.0958237418359374,0.009423951364407962,0.04075381480479742,18,22,0.0052955949733219775,0.22515182884713472,False,False,True,0.0006978358392270735,COMPLETE
1922,0.09235712438821793,2025-04-09 15:51:17.136673,2025-04-09 15:51:24.515777,0 days 00:00:07.379104,0.9091202422276887,0.043914750510018856,16,0.04520257322982377,0.035260282183275586,0.06368557101548726,0.07441304276946298,0.09396281858068811,0.011597760866325184,0.03479615570821467,19,18,0.0053741022817099,0.2173711241050822,False,False,True,0.0007721387444784702,COMPLETE
1923,0.09215089827775956,2025-04-09 15:51:25.159915,2025-04-09 15:51:32.485906,0 days 00:00:07.325991,0.26455228148436816,0.03825080227054865,16,0.05526708260684536,0.16348035347019216,0.061079310200365014,0.07722618526092195,0.09443920155175689,0.008359024727665209,0.04284288422651045,17,22,0.0056470087687678335,0.2095600028740424,False,False,True,0.0007684786167321176,COMPLETE
1924,0.45499824285507207,2025-04-09 15:51:33.109548,2025-04-09 15:51:49.088396,0 days 00:00:15.978848,0.23536316281352238,0.026749292006036096,2,0.04377039169566106,0.02804099127030749,0.05858352730111138,0.07472060397755825,0.09819732445489746,0.007384859140546621,0.030883210409716276,18,18,0.003749825076027043,0.22778203359803292,False,False,True,0.0006512762892452764,COMPLETE
1925,0.4700950145721436,2025-04-09 15:51:49.729180,2025-04-09 15:51:57.728936,0 days 00:00:07.999756,0.7946178834353066,0.0468869018403527,16,0.033306256271451645,0.016494008352630245,0.06053818398768958,0.07461104485133163,0.09625279758490266,0.07306133522674367,0.040514062404557606,18,19,0.0014735597120879124,0.22648784827329252,False,False,False,0.0006707264200172638,COMPLETE
1926,0.555922555923462,2025-04-09 15:51:58.383675,2025-04-09 15:52:05.976793,0 days 00:00:07.593118,0.27565497346500417,0.011606796899142034,16,0.05073071115774225,0.03630365852754811,0.05849093448319917,0.07744979104902039,0.09363129306609065,0.011841936486427694,0.025564751758403538,19,21,0.005241220691064528,0.22723066003870088,False,False,True,0.0009658337765705629,COMPLETE
1927,0.44936231374740604,2025-04-09 15:52:06.601994,2025-04-09 15:52:13.993113,0 days 00:00:07.391119,0.20796464544180387,0.038423629313192195,16,0.02666466644901433,0.022368719678351717,0.0619756496907222,0.07762234835980233,0.0961959688878084,0.009891174302045131,0.04718417521346717,17,22,0.006585471846423505,0.21393722507729504,False,False,True,0.0009720815210040802,COMPLETE
1928,0.4664558649063111,2025-04-09 15:52:14.644576,2025-04-09 15:52:22.159450,0 days 00:00:07.514874,0.21506524471702396,0.025426229711379856,16,0.04032090121686422,0.029215909324032115,0.05943292248002851,0.0706755121196935,0.09995790340609721,0.007109880581870705,0.03624157814923137,18,18,0.007533063107907044,0.2211100908585297,True,False,True,0.0007518348441411794,COMPLETE
1929,0.4187876701354981,2025-04-09 15:52:22.781853,2025-04-09 15:52:30.432299,0 days 00:00:07.650446,0.2574191522622,0.04312195300361708,16,0.051126520412441215,0.012970814610118092,0.0660502069164947,0.07590392049440842,0.09719051530511483,0.01013984801471892,4.75889168200617e-05,19,22,0.0032780763116303452,0.21804135140160166,False,False,True,0.0007824524163746645,COMPLETE
1930,0.4448687314987183,2025-04-09 15:52:31.081633,2025-04-09 15:52:38.734622,0 days 00:00:07.652989,0.23709549734405275,0.026381229547758026,16,0.03577126006547014,0.024437156940363535,0.0591288735524773,0.07808656221139158,0.09529625640410408,0.00692598819308126,0.04620572339818972,20,22,0.005424755989160687,0.22485677960320996,False,False,True,0.0008050230458732995,COMPLETE
1931,0.48439214229583744,2025-04-09 15:52:39.359581,2025-04-09 15:52:46.997265,0 days 00:00:07.637684,0.267901961721322,0.012054149145744174,16,0.043513204964674534,0.01911032114398361,0.06325577714227185,0.07427631906497273,0.09792931302531617,0.009327391238552366,0.020917355149668568,19,18,0.0010640614998735365,0.23059635811009224,False,False,True,0.0009842327985805969,COMPLETE
1932,0.601033067703247,2025-04-09 15:52:47.648011,2025-04-09 15:52:55.195248,0 days 00:00:07.547237,0.27276856490459067,0.010806032571592919,16,0.031572399475630314,0.03278588928957852,0.06064291038715474,0.07563062739637436,0.09454112259688592,0.01147172648065603,0.03102040508887518,19,17,0.006861461739252107,0.22672628210737006,False,False,True,0.0009787982328141038,COMPLETE
1933,0.5148894190788269,2025-04-09 15:52:55.846525,2025-04-09 15:53:03.286398,0 days 00:00:07.439873,0.23506351317849963,0.04371487363236469,16,0.06019281343016372,0.0273972101638839,0.05791042353854875,0.07748429961613351,0.09390402258495918,0.08928001157396707,0.039843195283213874,17,23,0.00690113263635973,0.2299931495450033,False,False,True,0.0006768588130543023,COMPLETE
1934,0.09215089827775956,2025-04-09 15:53:03.916750,2025-04-09 15:53:11.416275,0 days 00:00:07.499525,0.21572540788791678,0.042706097585989304,16,0.019815559251014688,0.00959771805618067,0.05866564038579326,0.07189388671292814,0.09763593126411253,0.007232485448625265,0.04818525721479978,18,113,0.0037223076876052195,0.20935260256143357,False,True,True,0.0009957941322020828,COMPLETE
1935,0.49921109676361086,2025-04-09 15:53:12.063497,2025-04-09 15:53:19.700710,0 days 00:00:07.637213,0.24540597108211085,0.029244856207141963,16,0.03978821062394577,0.035097851502235725,0.06345028292904788,0.07669910987958602,0.09266863034936751,0.03009234808365351,0.03595852975870328,20,19,0.0063563662371451035,0.2194461194241927,False,False,True,0.0008597951327258835,COMPLETE
1936,0.4820902824401856,2025-04-09 15:53:20.351892,2025-04-09 15:53:27.901423,0 days 00:00:07.549531,0.27411767062374165,0.04139839995370498,16,0.052538895821849396,0.019016516348370708,0.05841599638296304,0.07927738135116587,0.0961373440495742,0.009200804305174483,0.028641402508811458,18,21,0.004635195140301891,0.2177053063481469,False,False,True,0.0006494490385958269,COMPLETE
1937,0.37057404518127446,2025-04-09 15:53:28.533555,2025-04-09 15:53:36.001234,0 days 00:00:07.467679,0.2548416674074465,0.04946654324268922,16,0.045445262372998965,0.024482071299923563,0.06074675429690808,0.07304282893674294,0.09261010860622162,0.007142247310248085,0.04617699071582619,17,17,0.007482180508910178,0.11240750044136688,False,False,True,0.0007575117402467469,COMPLETE
1938,0.09215089827775956,2025-04-09 15:53:36.652537,2025-04-09 15:53:44.058439,0 days 00:00:07.405902,0.9554284980854302,0.010562867095290768,16,0.027632341029862017,0.012884102369935148,0.058598964054763183,0.0775060393920835,0.09774871470308734,0.011621998058090775,0.03793893101538724,19,23,0.007895257326564391,0.22414114115175438,False,False,True,0.0006418399955912223,COMPLETE
1939,0.46254646778106695,2025-04-09 15:53:44.689526,2025-04-09 15:53:52.306463,0 days 00:00:07.616937,0.2826124660102312,0.048447955211258005,16,0.03630619976152684,0.03685300489757053,0.06063819378028775,0.07939616384849199,0.09364463750762994,0.08191705370055265,0.04775426452708744,18,23,0.006159352506340299,0.2285709906382505,False,False,True,0.0007940109244514358,COMPLETE
1940,0.5122605800628662,2025-04-09 15:53:52.953748,2025-04-09 15:54:00.588774,0 days 00:00:07.635026,0.21554471704462436,0.02884825701865657,16,0.05600328278063227,0.030350566462782134,0.06479110386905634,0.07599155935917633,0.09852753254263065,0.009130122863298807,0.023261739511402826,19,19,0.0011869008209563967,0.22975304451032477,False,False,True,0.0009703802262622762,COMPLETE
1941,0.42156369686126716,2025-04-09 15:54:01.212994,2025-04-09 15:54:17.616139,0 days 00:00:16.403145,0.1316025968162634,0.028173849215956396,2,0.04747403783434391,0.020499519411844094,0.06120696151839898,0.0794232620001572,0.09635652595142244,0.011762677947404404,0.032133532043011545,19,16,0.004222901914419153,0.23223948530110344,False,False,True,0.0009999544564729043,COMPLETE
1942,0.44050801992416383,2025-04-09 15:54:18.262024,2025-04-09 15:54:25.594841,0 days 00:00:07.332817,0.25049025252886015,0.051788756611620614,16,0.040084561896192535,0.004875399068471415,0.05813923257430148,0.07259596861552921,0.09141233289691206,0.006868034334437091,0.037646130606581715,16,22,0.0074113295743103375,0.23166904923660012,False,False,True,0.0006247047491618218,COMPLETE
1943,0.4756144165992737,2025-04-09 15:54:26.248743,2025-04-09 15:54:33.727996,0 days 00:00:07.479253,0.27862394250472666,0.011700534518641613,16,0.033953825995446114,0.027447410120727374,0.05795726328701439,0.07721334561107433,0.09465230836640151,0.009086018484102835,0.0020534920290703326,18,20,0.007902258402732,0.21835577259886227,False,False,True,0.000683034167945151,COMPLETE
1944,0.4312407851219177,2025-04-09 15:54:34.359515,2025-04-09 15:54:42.658281,0 days 00:00:08.298766,0.23167616449081285,0.010144640824550862,16,0.04722179218446373,0.037083490723856624,0.05979257451978982,0.07439659227247698,0.09841909903696536,0.01277223886931379,0.04867730353868889,20,70,0.008593905811204115,0.22198964357085682,False,False,False,0.0009995010534436023,COMPLETE
1945,0.5125778079032899,2025-04-09 15:54:43.311388,2025-04-09 15:54:50.779665,0 days 00:00:07.468277,0.20858455161479267,0.010515027082373986,16,0.04142919055631707,0.017463349467113698,0.06855581331922847,0.07819998111471457,0.09341375638249051,0.03712723672217631,0.041182699135106485,18,16,0.004324764216127718,0.22734253271601784,False,False,True,0.0006278568036414225,COMPLETE
1946,0.5565155863761903,2025-04-09 15:54:51.434852,2025-04-09 15:54:59.137136,0 days 00:00:07.702284,0.2799880274760538,0.05085487300369221,16,0.031583511539995925,0.03102900243846683,0.06227634636879409,0.07015019628149692,0.0958930497844024,0.007452807745664154,0.029305032878565736,19,23,0.0030717392101554473,0.20777182839255748,False,False,True,0.0007389713991682473,COMPLETE
1947,0.37792862653732306,2025-04-09 15:54:59.770522,2025-04-09 15:55:07.481005,0 days 00:00:07.710483,0.25551174867160875,0.04674326640117138,16,0.0225670455074998,0.02254184136482898,0.0580647918251342,0.07730470285731748,0.09995327149528543,0.010600565822385288,0.01872228943926369,20,19,0.00805563861419651,0.22483079381159832,True,False,True,0.0005919965037110908,COMPLETE
1948,0.525590217113495,2025-04-09 15:55:08.140815,2025-04-09 15:55:15.620067,0 days 00:00:07.479252,0.2310739381895141,0.04127837402093434,16,0.05089595478533887,0.011491577766784151,0.060560894931645584,0.07774909699315509,0.0958022332489718,0.05177135455369697,0.04481804597836321,18,23,0.005610224998472772,0.23991707879321295,False,False,True,0.0007818683304877073,COMPLETE
1949,0.5833347082138062,2025-04-09 15:55:16.244388,2025-04-09 15:55:23.632511,0 days 00:00:07.388123,0.20121638099318329,0.030651547625154416,16,0.061488181399509956,0.03722714627561254,0.05818396327699625,0.07530898158423668,0.09128272281370424,0.006727710859614438,0.034517103110830956,17,16,0.006374039443601001,0.23102243450190207,False,False,True,0.0006181744627420881,COMPLETE
1950,0.5912736415863037,2025-04-09 15:55:24.284211,2025-04-09 15:55:31.833982,0 days 00:00:07.549771,0.07369576111161044,0.02816279308676889,16,0.04042318600324147,0.024749462281595913,0.05743311964441465,0.07992798028616584,0.004129153472624322,0.009032969914986774,0.049129254366656445,19,19,0.002675407926178118,0.21306762999775405,False,False,True,0.0006265565488886261,COMPLETE
1951,0.4843151092529297,2025-04-09 15:55:32.493020,2025-04-09 15:55:40.117461,0 days 00:00:07.624441,0.28400137784547497,0.04999255748753116,16,0.055979283887128556,0.016156033735833727,0.06405515926898468,0.07304420433599111,0.09764742576719455,0.010624538350823626,0.026577477541995166,19,22,0.005172161030958823,0.22213259416709136,False,False,True,0.0007694521667480947,COMPLETE
1952,0.18267622590065005,2025-04-09 15:55:40.750315,2025-04-09 15:55:48.140312,0 days 00:00:07.389997,0.2557986488467922,0.010717022671323646,16,0.031066631386765062,0.03148611720395957,0.05711825519677794,0.07516763350520353,0.09310797466834071,0.007163128336733946,0.03878306109437492,17,20,0.009201104732265965,0.23303777198735953,False,True,True,0.0008098035144436578,COMPLETE
1953,0.589453399181366,2025-04-09 15:55:48.795897,2025-04-09 15:55:56.292795,0 days 00:00:07.496898,0.2896398899154971,0.05279216312973491,16,0.04522909290820846,0.026205346807461546,0.06079484356418266,0.07940112035467463,0.09470301802191004,0.0070141141372038925,0.049866179337046825,18,16,0.008234576868901824,0.226750460009345,False,False,True,0.0005953032896782832,COMPLETE
1954,0.47459465265274053,2025-04-09 15:55:56.960129,2025-04-09 15:56:04.523899,0 days 00:00:07.563770,0.2225207298897024,0.031361129723586345,16,0.03555060767857879,0.009570821137446008,0.06219176996868217,0.07142833149124543,0.09233194758552442,0.012850872104637576,0.031342023010444496,19,22,0.003002921878513921,0.23001310069492584,False,False,True,0.0007217500648007824,COMPLETE
1955,0.5580813407897949,2025-04-09 15:56:05.163435,2025-04-09 15:56:12.833377,0 days 00:00:07.669942,0.19891651989612766,0.04994024994081264,16,0.05164525330250993,0.019165708213316524,0.059974389362138794,0.07919137039930584,0.09546467770796216,0.00920351485916718,0.04266128962910151,20,23,0.04410280789305967,0.2181101706934158,False,False,True,0.0005579694497552923,COMPLETE
1956,0.2857863426208496,2025-04-09 15:56:13.493796,2025-04-09 15:56:20.998076,0 days 00:00:07.504280,0.26871756456473067,0.029361650181371577,16,0.025992575925931037,0.1828896512995148,0.05919200952651057,0.06796108469433451,0.09078724571415914,0.011245569182039393,0.05122785790086087,18,19,0.006978216309326445,0.23269320045966405,False,False,True,0.0009872576999966414,COMPLETE
1957,0.09215089827775956,2025-04-09 15:56:21.659413,2025-04-09 15:56:29.078272,0 days 00:00:07.418859,0.23981360302775254,0.8020037201061854,16,0.042364562150662595,0.03119112216992258,0.06629457597215688,0.07897072917995807,0.09700128135796547,0.006834117814844666,0.025289252194488555,18,61,0.008826585142906143,0.22166163511430767,False,False,True,0.0007794275447245135,COMPLETE
1958,0.44752265214920045,2025-04-09 15:56:29.720525,2025-04-09 15:56:37.176170,0 days 00:00:07.455645,0.14704094428491082,0.028416474791022363,16,0.03735647107044861,0.023847745536880512,0.057105237541574164,0.0759971380286735,0.09411930057276265,0.008810095997881372,0.0003221054479801401,18,23,0.009000548634924365,0.23248967187386274,False,False,True,0.0009786739892694587,COMPLETE
1959,0.31024683117866514,2025-04-09 15:56:37.839684,2025-04-09 15:56:45.323431,0 days 00:00:07.483747,0.26156183542702927,0.05371300416360528,16,0.045096358902762236,0.037949737578651374,0.06275972750856142,0.08182700034384488,0.08820234751102286,0.012683124992574903,0.03695987286954079,17,102,0.00443624929949961,0.2336206392142224,False,False,True,0.00061551451140755,COMPLETE
1960,0.35755389928817755,2025-04-09 15:56:45.964918,2025-04-09 15:56:53.504932,0 days 00:00:07.540014,0.030003613168445936,0.05372184143942164,16,0.0639048367684201,0.0048535321946986286,0.05629694990282242,0.07370809645443085,0.09881120710391299,0.006606320386434156,0.043508048244440344,19,16,0.006236981435305882,0.22667457207961725,False,False,True,0.0007879735305589132,COMPLETE
1961,0.4312369585037232,2025-04-09 15:56:54.165379,2025-04-09 15:57:11.070797,0 days 00:00:16.905418,0.29326552701912,0.010195771872246285,2,0.051064977125335594,0.013766768141962166,0.0576085593235084,0.07996449904438843,0.09645489587026942,0.010210272823384811,0.034246663244973524,20,19,0.006763073317470603,0.22144772233415036,False,False,True,0.0005620683164386478,COMPLETE
1962,0.29408244490623475,2025-04-09 15:57:11.711741,2025-04-09 15:57:19.307472,0 days 00:00:07.595731,0.1229100833010221,0.03031473103918205,16,0.013484278050441188,0.02935911775328502,0.05928921455607129,0.0767517141711792,0.092767918305702,0.008728429491062577,0.052146589446149506,19,94,0.07680691013244212,0.23557217112751602,False,False,True,0.0007858488668952843,COMPLETE
1963,0.4330427408218384,2025-04-09 15:57:19.964968,2025-04-09 15:57:27.518401,0 days 00:00:07.553433,0.24057063994443906,0.02786127040610921,16,0.02883323563010115,0.019390724533383585,0.05590825144630747,0.07766750833682673,0.08255988589730007,0.013372800130244777,0.0002256543497100821,18,23,0.008424976484934005,0.23565784859753436,False,False,True,0.0005644238430998014,COMPLETE
1964,0.4898853898048401,2025-04-09 15:57:28.186316,2025-04-09 15:57:36.080204,0 days 00:00:07.893888,0.18984954991996608,0.053040964936004194,16,0.03712142449691604,0.03699255060353383,0.06475218239707943,0.08228623022691767,0.09039759254089029,0.00690519404979935,0.04280570938885166,17,18,0.0027895275170313014,0.2179348070827987,False,False,False,0.0007863509992123534,COMPLETE
1965,0.2541381359100342,2025-04-09 15:57:36.718880,2025-04-09 15:57:44.264876,0 days 00:00:07.545996,0.2752830424083732,0.04059177317971378,16,0.05619633050013448,0.0002937583704682705,0.06063603157286373,0.08086072434276721,0.09982666650631239,0.010137355848418643,0.0012398796427110308,19,23,0.004667568983704372,0.22860033282854597,True,False,True,0.0009726640899728106,COMPLETE
1966,0.5530282616615296,2025-04-09 15:57:44.923004,2025-04-09 15:57:52.539662,0 days 00:00:07.616658,0.21589259690962226,0.010573982119101261,16,0.046646233897916445,0.024626963907653444,0.058091110754550486,0.07431137072653884,0.006103965331420276,0.011462201033056979,0.03073202942562321,19,15,0.009794610798872212,0.20533503372694778,False,False,True,0.000657418011695897,COMPLETE
1967,0.34432876110076904,2025-04-09 15:57:53.204325,2025-04-09 15:58:00.583903,0 days 00:00:07.379578,0.24417544104787625,0.010218256615937518,16,0.021003723806371038,0.11340452316021662,0.05648436598178355,0.07533165473102177,0.09525469249364843,0.006639848040175309,0.05152837332249227,16,140,0.0011588226956206326,0.22671850527214713,False,False,True,0.0009991459888365356,COMPLETE
