number,value,datetime_start,datetime_complete,duration,params_alpha-eval,params_alpha-train,params_batch-size,params_eps-eval,params_eps-train,params_lambda-actions-eval,params_lambda-actions-train,params_lambda-frames-eval,params_lambda-frames-train,params_learning-rate,params_n-epochs,params_n-frames,params_radius-gw,params_rho,params_std-feats,params_ub-actions,params_ub-frames,params_weight-decay,state
1522,0.0877724140882492,2025-04-16 22:16:29.709823,2025-04-16 22:16:49.631112,0 days 00:00:19.921289,0.5113282361530089,0.9815063194201457,2,0.11163434377780432,0.24501906117790045,0.07758514797657658,0.09559687648085514,0.09346577550985768,0.06872766622724316,5.505968240048247e-05,25,138,0.0034125097409341155,0.23238941949745331,False,False,True,4.385033645027294e-05,COMPLETE
1523,0.3350921750068665,2025-04-16 22:16:50.117219,2025-04-16 22:17:12.737139,0 days 00:00:22.619920,0.4679918084910733,0.9825219622590531,2,0.10726076360823256,0.25433186902725624,0.04035867295430219,0.08840599370368146,0.09535283424051849,0.07194313014627388,6.24819065594363e-05,25,134,0.006190045880288486,0.22182984265615177,False,False,False,1.6833581150390238e-05,COMPLETE
1524,0.33138942122459414,2025-04-16 22:17:13.248953,2025-04-16 22:17:35.873970,0 days 00:00:22.625017,0.4967254774435464,0.9990469658071163,2,0.1139031695241752,0.2479921469902647,0.07790454618989955,0.08905377892019586,0.0902825348561293,0.07002586336171099,8.13785835279968e-05,25,61,0.010272907597896362,0.23311305764919293,False,False,False,1.9732666846413606e-05,COMPLETE
1525,0.11570602506399155,2025-04-16 22:17:36.368363,2025-04-16 22:17:56.156954,0 days 00:00:19.788591,0.48672944314792865,0.9986430990228694,2,0.10718520090436298,0.24257401565079692,0.07776307349876953,0.08740397713718881,0.09082104751016601,0.07341523045485514,4.348762248864826e-05,25,129,0.00953480560869144,0.22701295840164387,False,True,False,1.5766012517377415e-05,COMPLETE
1526,0.5144806385040284,2025-04-16 22:17:56.649853,2025-04-16 22:18:19.063827,0 days 00:00:22.413974,0.5099347957323263,0.951538085130238,2,0.10363512936284928,0.2542759975880296,0.07742101432440732,0.09636521262686251,0.09814716182208387,0.07509688699714209,5.2702976642660344e-05,25,144,0.0071391162315835085,0.23684031104556008,False,False,False,2.312447465343577e-05,COMPLETE
1527,0.5526912212371826,2025-04-16 22:18:19.553292,2025-04-16 22:18:41.910789,0 days 00:00:22.357497,0.48631216670245975,0.9658350162767195,2,0.11652859366157428,0.26166219596110923,0.07953539102500737,0.09378320586377115,0.09263615745274595,0.07133522668957115,3.182495286132678e-05,25,137,0.01137538237549011,0.2189328388653061,False,False,False,1.739986839542255e-05,COMPLETE
1528,0.4377496361732483,2025-04-16 22:18:42.417197,2025-04-16 22:19:04.989586,0 days 00:00:22.572389,0.4733635085668884,0.9634643077755128,2,0.10168424465474575,0.27137237596775154,0.07941041035743696,0.08822661167739423,0.09078467270278946,0.06862954610254185,0.007754671086941734,25,133,0.008375719227585482,0.2125690808543399,False,False,False,2.8168874501474712e-05,COMPLETE
1529,0.5634711027145386,2025-04-16 22:19:05.483845,2025-04-16 22:19:28.158075,0 days 00:00:22.674230,0.5908018991601424,0.9815891737846097,2,0.2691904759841283,0.24709995942690877,0.07793171283400477,0.09386444450200526,0.08960053459512064,0.07275598894906864,6.652692922848697e-05,25,140,0.010919605542002438,0.2339668886490871,False,False,False,1.4781947015400514e-05,COMPLETE
1530,0.34133337140083314,2025-04-16 22:19:28.652314,2025-04-16 22:19:51.942668,0 days 00:00:23.290354,0.5037743831730058,0.944881387620598,2,0.10892156254467632,0.24085369111455934,0.08033678083605217,0.059625088648341235,0.09364451300320246,0.07601416345625454,3.74468598925278e-05,26,131,0.004100538419307818,0.24013764135213542,False,False,False,1.261401753587693e-05,COMPLETE
1531,0.6002692341804505,2025-04-16 22:19:52.457175,2025-04-16 22:20:14.918709,0 days 00:00:22.461534,0.5305000002575142,0.9994126333348857,2,0.12531732598808634,0.25206670293709305,0.07687333069201463,0.09614839944363737,0.09604244123364387,0.07023516518353226,5.1435435128012436e-05,25,137,0.0090422498808609,0.22361291344282963,False,False,False,2.0764944471490857e-05,COMPLETE
1532,0.3385104060173035,2025-04-16 22:20:15.412190,2025-04-16 22:20:38.955315,0 days 00:00:23.543125,0.5564996388916423,0.9990096021060935,2,0.09937946965490908,0.2582414582141362,0.07971054646954788,0.08998828826750857,0.09122121870514702,0.06753757980523356,4.377956088466954e-05,26,129,0.006046855481577286,0.2475596810675082,True,False,False,3.377482437691081e-05,COMPLETE
1533,0.5817873001098633,2025-04-16 22:20:39.449577,2025-04-16 22:21:02.597003,0 days 00:00:23.147426,0.4717309652635161,0.9685867044011551,2,0.08712531362901076,0.2437910895561286,0.07742788368411531,0.09846743074149043,0.09771636585669301,0.07409849663957753,5.846578546700408e-05,26,135,0.01158880847312705,0.2361167092103491,False,False,False,1.6201372485137447e-05,COMPLETE
1534,0.5752073645591737,2025-04-16 22:21:03.111947,2025-04-16 22:21:25.870866,0 days 00:00:22.758919,0.5843632682065593,0.949482092386055,2,0.10499929494563397,0.23760692943281847,0.08129696022898616,0.09233612917523376,0.08927469251566238,0.07157476111357033,3.602528541202169e-05,25,132,0.008262067380332944,0.25567731790978576,False,False,False,1.2446427664972352e-05,COMPLETE
1535,0.47260159254074097,2025-04-16 22:21:26.369229,2025-04-16 22:21:49.401537,0 days 00:00:23.032308,0.5110966188899786,0.9799028945409781,2,0.09463106574996702,0.24987346282890094,0.0792049453165975,0.09516486332507897,0.09484379484317368,0.06895077028181096,2.717065331898677e-05,26,142,0.011529836129155457,0.24312294288683373,False,False,False,2.074486028038681e-05,COMPLETE
1536,0.594729745388031,2025-04-16 22:21:49.898585,2025-04-16 22:22:12.647148,0 days 00:00:22.748563,0.5443943616448346,0.967197072270601,2,0.24577198456652777,0.24585132795617093,0.07715908713149014,0.0877064579595444,0.09179094683345566,0.07424539091900784,4.597299557808378e-05,25,135,0.009958314905346528,0.22908729550318302,False,False,False,1.4504689241958014e-05,COMPLETE
1537,0.3357648491859436,2025-04-16 22:22:13.166435,2025-04-16 22:22:36.427520,0 days 00:00:23.261085,0.5255538933387424,0.9509247360746691,2,0.11216218013217452,0.2384305351590098,0.08153158886572545,0.09053657433918304,0.08912546201504891,0.07734907632037676,6.831468784793598e-05,26,129,0.0012055332770053544,0.24816026320626033,False,False,False,1.1326801342072144e-05,COMPLETE
1538,0.3393917143344879,2025-04-16 22:22:36.927155,2025-04-16 22:22:59.557051,0 days 00:00:22.629896,0.5524239181484305,0.9994845906516158,2,0.08783766076479517,0.2544852714698423,0.09313074373045986,0.0979559210121273,0.09371752626655439,0.06680417648570826,5.162856766916552e-05,25,139,0.006547816777277441,0.25459372697355387,False,False,False,1.747762663826948e-05,COMPLETE
1539,0.3553372323513031,2025-04-16 22:23:00.056354,2025-04-16 22:23:09.189904,0 days 00:00:09.133550,0.5704154827263743,0.9734302028241754,16,0.11891910875673364,0.26526678171501233,0.09024261936898972,0.09282434955419334,0.09794002327585447,0.07056013684014158,3.851934650970637e-05,26,66,0.01148979411276808,0.2409548317118427,False,False,False,2.1764663125965682e-05,COMPLETE
1540,0.5352390050888062,2025-04-16 22:23:09.684455,2025-04-16 22:23:32.723428,0 days 00:00:23.038973,0.5026932700300761,0.9809825258802383,2,0.10000762035991097,0.2584109874858243,0.079252741383792,0.09662929395249012,0.0881077990853866,0.07235715387677416,3.040426225439304e-05,26,132,0.008673230637600752,0.25743681277040154,False,False,False,1.3169455537472151e-05,COMPLETE
1541,0.08762840181589127,2025-04-16 22:23:33.241218,2025-04-16 22:23:54.166547,0 days 00:00:20.925329,0.5368972035726657,0.9475247413729558,2,0.09355424763258723,0.24386531777139628,0.08212708481419023,0.04247210347987099,0.09398721398205263,0.07552103361727078,4.2168090793913085e-05,27,136,0.004773993590160614,0.23301954251393894,False,False,True,3.101405553184164e-05,COMPLETE
1542,0.594227385520935,2025-04-16 22:23:54.662438,2025-04-16 22:24:12.854098,0 days 00:00:18.191660,0.5651156249781232,0.9663643426007974,2,0.10361439474645427,0.23327483110043223,0.0773645719371624,0.0945999495257302,0.09636751358435498,0.06812992140482921,7.89059221848382e-05,18,129,0.010167155747309168,0.2481628013367964,False,False,False,1.1208341636880176e-05,COMPLETE
1543,0.11492509692907334,2025-04-16 22:24:13.348180,2025-04-16 22:24:33.727244,0 days 00:00:20.379064,0.48228560743916826,0.9417208465418119,2,0.087233923812645,0.25039887466885435,0.08121911096200841,0.09994565999673537,0.09243702633225832,0.07313211623029905,5.8096095989657914e-05,26,133,0.007553663256303602,0.23988664389190334,False,True,False,1.7465048875851747e-05,COMPLETE
1544,0.6057522296905518,2025-04-16 22:24:34.242645,2025-04-16 22:24:56.872661,0 days 00:00:22.630016,0.5881217771998543,0.9821444993190445,2,0.10794537144484997,0.2387629223099183,0.08408347403306177,0.09195928548984733,0.09013449296446945,0.0701794130513661,5.11670769160142e-05,25,139,0.010926348795515854,0.2510292989947412,False,False,False,9.759087102101586e-06,COMPLETE
1545,0.6065075755119325,2025-04-16 22:24:57.368627,2025-04-16 22:25:21.085439,0 days 00:00:23.716812,0.5145574879567811,0.9823857394267129,2,0.09655869307366859,0.24595616771499473,0.07986345918406994,0.09013144925381988,0.08732459280833046,0.07784006407836092,4.3746980484482285e-05,27,136,0.012765150527441028,0.2455013942506229,False,False,False,2.7405659929537587e-05,COMPLETE
1546,0.34189903140068056,2025-04-16 22:25:21.586242,2025-04-16 22:25:44.524390,0 days 00:00:22.938148,0.525478996325284,0.9669332191043326,2,0.0925831922709542,0.2532643488769834,0.07778822476982758,0.09407145317108397,0.08966704728119719,0.07502652100222687,3.443508300770819e-05,25,83,0.009400452862793573,0.2573541320892272,False,False,False,1.5166518838035137e-05,COMPLETE
1547,0.583275318145752,2025-04-16 22:25:45.043029,2025-04-16 22:26:08.222534,0 days 00:00:23.179505,0.49500213782194447,0.9985113600413043,2,0.10003397580457485,0.24164596277337938,0.0832852384867809,0.09616519549542137,0.09757147053442876,0.07183984405217426,6.961906271848253e-05,26,132,0.012080904284729355,0.23457067082489505,False,False,False,1.1903840418288561e-05,COMPLETE
1548,0.3347372174263001,2025-04-16 22:26:08.721773,2025-04-16 22:26:32.643900,0 days 00:00:23.922127,0.5509533055860049,0.9985157296390056,2,0.10942213932791983,0.2730289708867771,0.0807339041661342,0.08801386725183827,0.09504145215045352,0.07652635384359095,6.00315274949244e-05,27,142,0.006148672261405722,0.24404873630388055,False,False,False,1.9085295440478005e-05,COMPLETE
1549,0.3726703584194183,2025-04-16 22:26:33.142008,2025-04-16 22:26:56.397487,0 days 00:00:23.255479,0.4732519345594144,0.9533902314937331,2,0.08609265696181924,0.25930950276286713,0.08526150994876712,0.09795094646372894,0.0882773783512184,0.06779055204717375,4.875141469750326e-05,26,129,0.04982207367714626,0.23891148308003735,False,False,False,9.635246378663876e-06,COMPLETE
1550,0.3739405870437622,2025-04-16 22:26:56.913195,2025-04-16 22:27:20.537385,0 days 00:00:23.624190,0.5256024863082691,0.999999618072742,2,0.11464102734231275,0.23575497991509303,0.07747090519689719,0.09339880533928126,0.08626083505801363,0.06653299049620613,3.9345668917133324e-05,27,134,0.008148834469915245,0.25232477991709673,False,False,False,1.4837082787166117e-05,COMPLETE
1551,0.5555732727050782,2025-04-16 22:27:21.034715,2025-04-16 22:27:44.441375,0 days 00:00:23.406660,0.5872294799780615,0.96490705441739,2,0.10084924112048578,0.24854054715598767,0.07950890225987352,0.0920108172113668,0.08192658991492466,0.07356590374917624,3.117613527424677e-05,26,137,0.01243429062807056,0.22653454759425964,False,False,False,2.5055091235194607e-05,COMPLETE
1552,0.3717775285243988,2025-04-16 22:27:44.943171,2025-04-16 22:28:07.961763,0 days 00:00:23.018592,0.5607721206431641,0.94110102063732,2,0.0933042384170521,0.23102781576901948,0.08208147845374543,0.09639829617090058,0.09215991076215001,0.0695658676440378,5.297676001724348e-05,25,132,0.00995800747121699,0.25730205088735103,True,False,False,1.3042244992490946e-05,COMPLETE
1553,0.3538606345653534,2025-04-16 22:28:08.481172,2025-04-16 22:28:21.422748,0 days 00:00:12.941576,0.5032930624927792,0.9804324506384939,2,0.08704875887578921,0.2646645509295343,0.08827095097388385,0.08999647506291872,0.08055103767693972,0.07272786074622038,4.289235228945321e-05,9,128,0.0032893856305112757,0.24670362693851866,False,False,False,8.31409739591221e-06,COMPLETE
1554,0.5743316531181336,2025-04-16 22:28:21.921183,2025-04-16 22:28:44.553350,0 days 00:00:22.632167,0.5356909952047679,0.9647552160428701,2,0.10583087908118564,0.24122677971762793,0.07693283426125423,0.09420619622698707,0.08786661783628999,0.07510795400819949,6.465864787907068e-05,25,139,0.013197850733638574,0.25272631625638214,False,False,False,1.781185575446136e-05,COMPLETE
1555,0.5359952449798584,2025-04-16 22:28:45.057951,2025-04-16 22:29:08.223678,0 days 00:00:23.165727,0.5654040211057597,0.98118308956401,2,0.09591488410394902,0.2520683901868458,0.07924751240831494,0.08796732392518057,0.08268996529542058,0.07843648362057642,8.03526851934812e-05,26,135,0.007497419482249607,0.2317005258435187,False,False,False,1.0577535627017124e-05,COMPLETE
1556,0.5996228456497192,2025-04-16 22:29:08.744272,2025-04-16 22:29:32.330831,0 days 00:00:23.586559,0.544510556492663,0.9359151068592425,2,0.12151959823442972,0.24697843248922893,0.08410062169530559,0.09720245421332305,0.09559782919430437,0.07070165516140527,3.597422273872274e-05,27,130,0.010008430576481011,0.24023792609555666,False,False,False,4.3304645648236405e-08,COMPLETE
1557,0.34174892306327825,2025-04-16 22:29:32.834435,2025-04-16 22:29:56.213285,0 days 00:00:23.378850,0.5157555203412337,0.9994007661699944,2,0.08555209247155157,0.25864377523374027,0.08169270698490011,0.09185151842881656,0.09106243336214019,0.06666373960864251,4.9905632764221585e-05,26,145,0.006040721504389995,0.2579798538134083,False,False,False,2.321556420915369e-05,COMPLETE
1558,0.3994045734405518,2025-04-16 22:29:56.716318,2025-04-16 22:30:19.425297,0 days 00:00:22.708979,0.5886494343161774,0.9996369180027028,2,0.10330171876225759,0.23920003566348888,0.08350781068675477,0.0954684334141305,0.08566401446640748,0.06914005114175402,2.5292772602515673e-05,25,141,0.01200480155572157,0.2453693738947333,False,False,False,1.4199671947322298e-05,COMPLETE
1559,0.42558526396751406,2025-04-16 22:30:19.948606,2025-04-16 22:30:29.133168,0 days 00:00:09.184562,0.49542294929265407,0.9570637350538281,16,0.09174229436932053,0.2321291932224514,0.08566604409416091,0.09836540073049772,0.07792975768095795,0.07612502214988139,5.861768305060115e-05,26,134,0.009025501801734278,0.25278206414454824,False,False,False,9.618862327992844e-06,COMPLETE
1560,0.42003992795944217,2025-04-16 22:30:29.644181,2025-04-16 22:30:41.827187,0 days 00:00:12.183006,0.5352661893732524,0.9771770276623465,2,0.11154766501670584,0.2534967901839441,0.01778860732752422,0.09379311568951394,0.0797123759104579,0.07180972042436412,4.1387232351204387e-05,8,138,0.013376076038280667,0.23904345810088276,False,False,False,1.1360037073731293e-05,COMPLETE
1561,0.3402263164520264,2025-04-16 22:30:42.331776,2025-04-16 22:31:06.189460,0 days 00:00:23.857684,0.4721050114726332,0.950006277509819,2,0.09805374081775331,0.24436948695215494,0.07881264296294033,0.09984508292477655,0.0813319752822482,0.07432851056241381,4.810906440800181e-05,27,131,0.0044446779443714024,0.23537067179349214,False,False,False,0.00014983760567599126,COMPLETE
1562,0.09215089827775956,2025-04-16 22:31:06.714540,2025-04-16 22:31:26.876751,0 days 00:00:20.162211,0.5117449278054614,0.9787146152035858,2,0.10671116268787437,0.2369629029727522,0.08133154330052404,0.09053461676070965,0.0999351401120592,0.06560196936993318,3.5421326658762673e-05,25,128,0.011099097975893129,0.248106170447418,False,True,True,8.488474384456663e-06,COMPLETE
1563,0.5711180567741394,2025-04-16 22:31:27.380972,2025-04-16 22:31:50.716035,0 days 00:00:23.335063,0.5669109407075174,0.9618377733277764,2,0.08598047426211476,0.2691932245348078,0.08023162435601293,0.09506570473810363,0.08711366386117368,0.06846245043987803,6.70006071000025e-05,26,136,0.007951110659054347,0.25911853978401866,False,False,False,1.673958117293478e-05,COMPLETE
1564,0.5550514221191407,2025-04-16 22:31:51.222180,2025-04-16 22:32:14.957289,0 days 00:00:23.735109,0.5459312808083099,0.9386015314942262,2,0.09184201923504307,0.24832152075280056,0.07737225931366473,0.09231822922978758,0.08351165119209498,0.07798786127828358,2.9399978213049057e-05,27,132,0.010120284670852114,0.2254973264211368,False,False,False,2.0650697128347698e-05,COMPLETE
1565,0.6001515865325928,2025-04-16 22:32:15.484740,2025-04-16 22:32:38.571049,0 days 00:00:23.086309,0.5940915593766676,0.9806599182876122,2,0.09839561389073152,0.2601208746361196,0.08718302570566587,0.08864099659869767,0.09401106439763801,0.07095889986192686,5.587241114174029e-05,26,134,0.013683390984697293,0.24147577494590153,False,False,False,1.4381946243755263e-05,COMPLETE
1566,0.3406809329986572,2025-04-16 22:32:39.079839,2025-04-16 22:33:01.935870,0 days 00:00:22.856031,0.5210077122967446,0.9988810219680313,2,0.10419272641539165,0.22883177004042893,0.08296100080818766,0.06743750161288406,0.08935413825581935,0.07410378666792222,4.178936265131681e-05,25,138,0.006667392638837422,0.25075713995460924,False,False,False,7.726827139848644e-06,COMPLETE
1567,0.5194959402084351,2025-04-16 22:33:02.441098,2025-04-16 22:33:26.380003,0 days 00:00:23.938905,0.5510735111787243,0.9658396146035925,2,0.11437406159608902,0.2538063952257618,0.07683247926502267,0.09659802020443059,0.08549696007860154,0.0721598623968651,4.719925706466131e-05,27,129,0.011711694485669857,0.0878301331407808,False,False,False,1.2019066787751124e-05,COMPLETE
1568,0.4114935636520386,2025-04-16 22:33:26.907598,2025-04-16 22:33:50.246432,0 days 00:00:23.338834,0.49310780876443977,0.9996136197133489,2,0.09041362459848601,0.24470471653484402,0.07992408036501443,0.09345986897196573,0.07780047913332212,0.07609013837598456,8.288090434773661e-05,26,141,0.05432609049748845,0.23207364343446232,False,False,False,3.7471813184392505e-05,COMPLETE
1569,0.3070157647132874,2025-04-16 22:33:50.757716,2025-04-16 22:34:01.183444,0 days 00:00:10.425728,0.5302514820571808,0.9389343487546868,2,0.08465735411672817,0.23739372647430174,0.0846527631619146,0.09028086263944263,0.09278397580839215,0.06438094574989352,3.331205987811893e-05,5,135,0.00941392482618925,0.2588985826444565,True,False,False,4.55093861093194e-05,COMPLETE
1570,0.6017327189445496,2025-04-16 22:34:01.703671,2025-04-16 22:34:23.890965,0 days 00:00:22.187294,0.5745616363538694,0.9783952686638319,2,0.09751601519140474,0.24147216614386524,0.08183809383907424,0.09664433181756694,0.09802650402799629,0.0689563158525268,5.748261478812037e-05,25,131,0.012771848502335885,0.24385995001735164,False,False,False,1.877423336099933e-05,COMPLETE
1571,0.3400681734085083,2025-04-16 22:34:24.417400,2025-04-16 22:34:48.342635,0 days 00:00:23.925235,0.5049389684591653,0.9608729145721403,2,0.10262111050533654,0.2655041274517622,0.07893544829325903,0.09501123309384626,0.08265829637364126,0.07260139546896022,4.3038511670744095e-05,27,144,0.005250689994763725,0.25005688948095617,False,False,False,1.0561355981359536e-05,COMPLETE
1572,0.5629977941513062,2025-04-16 22:34:48.857951,2025-04-16 22:35:11.989172,0 days 00:00:23.131221,0.5507669989715641,0.9997130267022438,2,0.10944812870140837,0.2512777529381788,0.08677049653346214,0.092707658592497,0.07961803220053396,0.06692607379293454,7.070507544857222e-05,26,128,0.008379112755233356,0.23732772872357485,False,False,False,2.6109210184970747e-05,COMPLETE
1573,0.5932683467864991,2025-04-16 22:35:12.496161,2025-04-16 22:35:35.488815,0 days 00:00:22.992654,0.4830850120460479,0.9282247576707752,2,0.09290054693950836,0.2574142251773078,0.07730268937219889,0.09116859004431668,0.08158213731723657,0.07012451975197041,5.183380694442501e-05,26,137,0.01093089550642554,0.26007422727593865,False,False,False,6.948665654661486e-06,COMPLETE
1574,0.6038226008415223,2025-04-16 22:35:36.016433,2025-04-16 22:35:59.626350,0 days 00:00:23.609917,0.5214077961640841,0.9796338386525929,2,0.08515258075591414,0.06303254490738987,0.08154837074737792,0.0875061717783775,0.0903113880253017,0.0742248755757452,3.860315429863372e-05,27,132,0.013553563814330418,0.24538011477357766,False,False,False,1.3885487107444903e-05,COMPLETE
1575,0.33484688997268675,2025-04-16 22:36:00.139450,2025-04-16 22:36:22.973303,0 days 00:00:22.833853,0.5743424993041406,0.9478869537694782,2,0.11905127402450842,0.23210361224486925,0.08327362227144043,0.09820021891459503,0.08484031785342491,0.07773511273964553,5.994770852748679e-05,25,134,0.0073026774696258005,0.25462711601370397,False,False,False,9.620201035828326e-06,COMPLETE
1576,0.4147945940494538,2025-04-16 22:36:23.483815,2025-04-16 22:36:45.908593,0 days 00:00:22.424778,0.6899936668305758,0.9996606104432555,2,0.09664879083634381,0.22426096729601033,0.07934421538892313,0.09473139796587503,0.07880328673273239,0.06348379070009334,2.2052015776737398e-05,25,139,0.010568171589838542,0.22102246885539,False,False,False,1.63134011176239e-05,COMPLETE
1577,0.5939002275466919,2025-04-16 22:36:46.440846,2025-04-16 22:37:10.785109,0 days 00:00:24.344263,0.5282153916740925,0.9612711805493885,2,0.10477191022852023,0.24785180281169342,0.08097086299188876,0.09687763022221796,0.08674432965859413,0.07577694531000415,4.764750841841135e-05,28,136,0.009289838092727808,0.2287871294792635,False,False,False,4.791965751899007e-07,COMPLETE
