number,value,datetime_start,datetime_complete,duration,params_alpha-eval,params_alpha-train,params_batch-size,params_eps-eval,params_eps-train,params_lambda-actions-eval,params_lambda-actions-train,params_lambda-frames-eval,params_lambda-frames-train,params_learning-rate,params_n-epochs,params_n-frames,params_radius-gw,params_rho,params_std-feats,params_ub-actions,params_ub-frames,params_weight-decay,state
1352,0.5535350918769837,2025-04-09 14:25:47.322227,2025-04-09 14:25:55.359753,0 days 00:00:08.037526,0.34114397830094384,0.10493969182308448,16,0.09093420888151012,0.03402310148247515,0.046037129658310944,0.0916822561199453,0.08067254999500106,0.006760281323500244,0.08386100194549717,24,23,0.030736846021946145,0.29098491352839,False,False,True,0.0003576566986713403,COMPLETE
1353,0.6018887400627136,2025-04-09 14:25:55.796710,2025-04-09 14:26:03.741399,0 days 00:00:07.944689,0.2784094037014856,0.11926353663029536,16,0.1882041713010349,0.02483249619604215,0.0477189572968452,0.08956822320694453,0.019125384869422318,0.011790328014845185,0.05560677966719279,25,32,0.025828658514462387,0.2407324489190468,False,False,True,0.00021702986771396599,COMPLETE
1354,0.11236672997474671,2025-04-09 14:26:04.198201,2025-04-09 14:26:12.211264,0 days 00:00:08.013063,0.38866699723892995,0.07209015451630356,16,0.22337436859583196,0.022680491657584397,0.04744726033945577,0.08533653722875754,0.016999922449185863,0.015592134894384366,0.06822754441447938,24,101,0.021433060419751813,0.24008915890015928,False,False,True,0.0001703365023912617,COMPLETE
1355,0.521337127685547,2025-04-09 14:26:12.656281,2025-04-09 14:26:20.640419,0 days 00:00:07.984138,0.2148366860342198,0.14586718826924044,16,0.20318891332011166,0.016136703440424224,0.04823646656036187,0.08686641342532198,0.018411740730525004,0.016302286682980456,0.015293578805954465,25,36,0.024069204679343075,0.23662925354837683,False,False,True,0.0001951411275869021,COMPLETE
1356,0.41483215689659125,2025-04-09 14:26:21.080751,2025-04-09 14:26:29.022515,0 days 00:00:07.941764,0.24887809150101203,0.09774651691772157,16,0.20881994691979522,0.018902973790603104,0.0459150673575556,0.08751808564659143,0.01998733400481944,0.013105989547657237,0.06234753671105366,24,40,0.02557428750731437,0.24277380368525575,False,False,True,0.00014354298369733174,COMPLETE
1357,0.5031569361686707,2025-04-09 14:26:29.458881,2025-04-09 14:26:38.146840,0 days 00:00:08.687959,0.2243194098222879,0.18899174013847655,16,0.20299213616820505,0.0424069269930567,0.0445770372478622,0.08927315444040655,0.08878470820501738,0.017823163934232604,0.08350047295637218,25,38,0.0202511532839346,0.24445169308058845,False,False,False,0.00019872076285846116,COMPLETE
1358,0.08600348979234695,2025-04-09 14:26:38.587696,2025-04-09 14:26:46.472873,0 days 00:00:07.885177,0.8108007739041276,0.1236499606258582,16,0.21607470114462854,0.10386988380034079,0.0013711943866193677,0.08869900308508254,0.031223904193835167,0.01380404579203186,0.07283399263398156,24,34,0.01557723071587384,0.23549475447144808,False,False,True,0.00016408416376314378,COMPLETE
1359,0.2484678387641907,2025-04-09 14:26:46.910578,2025-04-09 14:26:54.824272,0 days 00:00:07.913694,0.2983004529302196,0.6100272157128835,16,0.19544861503134953,0.025362326742089908,0.049734310656363995,0.08876919282612057,0.08382063656227033,0.011108624846029445,0.003065059319843561,23,33,0.0229130775654812,0.23221600016731925,True,False,True,0.00013228034793247697,COMPLETE
1360,0.13774614334106444,2025-04-09 14:26:55.290714,2025-04-09 14:27:03.331559,0 days 00:00:08.040845,0.2711253868641589,0.08783077572262235,16,0.1814194880688113,0.05169711526083577,0.0476806099795423,0.0839887847749545,0.019742216784962376,0.012159309622352584,0.05834332766187068,25,84,0.021907433643010007,0.22735206572709132,False,False,True,0.00022719828246182334,COMPLETE
1361,0.28050392866134644,2025-04-09 14:27:03.777136,2025-04-09 14:27:11.798994,0 days 00:00:08.021858,0.32493106323610177,0.15804342290412768,16,0.0606594773742621,0.016423863480807672,0.048695437105796005,0.08643576941390735,0.09772091349542629,0.012327341470810422,0.09954806828913011,25,44,0.019066847455124884,0.2424355747043786,False,False,True,0.00021931276917675613,COMPLETE
1362,0.23957591652870178,2025-04-09 14:27:12.243849,2025-04-09 14:27:31.275411,0 days 00:00:19.031562,0.24125320003770692,0.07216519470893464,2,0.22689239700346966,0.0322704211759432,0.04125670640672111,0.09031861178232461,0.029116951334307348,0.013453024992414351,0.05567837204948942,24,32,0.025385864672148924,0.24040781452776466,False,False,True,0.000171969177350781,COMPLETE
1363,0.49527245759963995,2025-04-09 14:27:31.717699,2025-04-09 14:27:39.540552,0 days 00:00:07.822853,0.3498590731213641,0.13153549292093125,16,0.11513339444206205,0.03832148075638397,0.04400286973414723,0.09762653963874045,0.03279755753543086,0.01411004853951662,0.06932405990486172,23,36,0.02321320441586463,0.23558022652426128,False,False,True,0.0001330101297921858,COMPLETE
1364,0.1360092431306839,2025-04-09 14:27:39.980357,2025-04-09 14:27:47.966244,0 days 00:00:07.985887,0.8405392609127947,0.11237128815971606,16,0.18887762610779676,0.023224821308122968,0.04737407058796666,0.09301427468098612,0.01931521322657288,0.014607636374539015,0.023971377337009343,25,108,0.01754035215398183,0.2279585337610713,False,False,True,0.0002550953451257352,COMPLETE
1365,0.4452398002147675,2025-04-09 14:27:48.408366,2025-04-09 14:27:56.385430,0 days 00:00:07.977064,0.21864260930530147,0.09449904475590551,16,0.18894814031087287,0.04407178461766413,0.046488617458179546,0.09015359472118624,0.08254956248317266,0.010321023818227415,0.040960104930670115,25,39,0.053090377626166245,0.24179312849125084,False,True,True,0.0001780749812658763,COMPLETE
1366,0.5268671393394471,2025-04-09 14:27:56.829536,2025-04-09 14:28:04.814409,0 days 00:00:07.984873,0.2868853330690575,0.07525247666996607,16,0.1177298216532334,0.03248377168077218,0.0697712102862367,0.09605868676848753,0.07424136318676947,0.009411112771411625,0.03321179458632277,24,31,0.026569634470374207,0.23194097165741148,False,False,True,0.00022762984040330557,COMPLETE
1367,0.33785913586616517,2025-04-09 14:28:05.277870,2025-04-09 14:28:13.388839,0 days 00:00:08.110969,0.26224761512767186,0.9484074241341326,16,0.10204409914490198,0.01763716100981265,0.050268072710108504,0.08790614504712899,0.034787652170612526,0.01713365630104225,0.04687148541506372,25,32,0.020961806539066315,0.24070496896119833,False,False,True,0.00015674955013682244,COMPLETE
1368,0.2861641764640808,2025-04-09 14:28:13.835221,2025-04-09 14:28:21.735911,0 days 00:00:07.900690,0.31731094534216314,0.14111717935169915,16,0.19178789684335018,0.029341647872163756,0.042288216804012596,0.08518535512320077,0.018575827750876617,0.022811295212258654,0.08379241751709086,23,35,0.023941928117420734,0.2249231998800294,False,False,True,0.0001273861987910013,COMPLETE
1369,0.31700937151908876,2025-04-09 14:28:22.179947,2025-04-09 14:28:29.989627,0 days 00:00:07.809680,0.23971992136452,0.0680167192335764,16,0.18141395593875884,0.050608504638298926,0.0452882207360581,0.09766278957716369,0.07995323018344877,0.011349222974285044,0.06102128574681262,24,30,0.025854097750650742,0.21877580211430708,False,False,True,0.0002677795955849961,COMPLETE
1370,0.3333404302597046,2025-04-09 14:28:30.433894,2025-04-09 14:28:38.427279,0 days 00:00:07.993385,0.3034279674398392,0.1648094476696161,16,0.18369757253364136,0.0366393189089855,0.050201167574007,0.016881947451807072,0.030759927729607447,0.01342142658722028,0.0481134943698863,25,34,0.02155447533838818,0.2437908834916867,False,False,True,0.00020728782928844318,COMPLETE
1371,0.1277036398649216,2025-04-09 14:28:38.870673,2025-04-09 14:28:46.754011,0 days 00:00:07.883338,0.2588656109726564,0.11229628408145356,16,0.237536019938777,0.024326543677803913,0.04870930292400748,0.09370706726676768,0.02758909666512494,0.011523838314447948,0.0371871155172115,24,29,0.01906138754662509,0.23295242351156678,False,False,True,0.00018309620492875926,COMPLETE
1372,0.3738144755363465,2025-04-09 14:28:47.196792,2025-04-09 14:28:55.202731,0 days 00:00:08.005939,0.2195134269387469,0.09356588815742048,16,0.18590312918104482,0.04371341700217872,0.0461950159280304,0.09065194078752631,0.028813630140498758,0.011366660567449179,0.07091874464076335,25,31,0.023375786038705576,0.21022402117188535,False,False,True,0.00026043842384928335,COMPLETE
1373,0.3080544829368591,2025-04-09 14:28:55.669486,2025-04-09 14:29:03.869254,0 days 00:00:08.199768,0.2804295146699133,0.06883121983319318,16,0.07965577125191539,0.016623537932341587,0.05153461114171757,0.09513353171476358,0.08144382297963489,0.009507857271710734,0.05440190395232403,26,29,0.02696249396370698,0.23721421506066767,False,False,True,0.00012151194650809248,COMPLETE
1374,0.09145149141550064,2025-04-09 14:29:04.318538,2025-04-09 14:29:12.217312,0 days 00:00:07.898774,0.30276590005858695,0.5310361460540522,16,0.19618743598777907,0.13914481792771077,0.04959126822277088,0.09266848642664774,0.07310317204550691,0.008597843211803936,0.09961471701280293,24,38,0.015750602121350852,0.27734078741649204,False,False,True,0.00015535653828925035,COMPLETE
1375,0.4933328628540039,2025-04-09 14:29:12.665545,2025-04-09 14:29:20.711545,0 days 00:00:08.046000,0.3332232090673628,0.19091458102186334,16,0.09567223674595822,0.037899400068630816,0.04485479896888542,0.0909157899275421,0.03162296981015293,0.01040117383410632,0.0003475014972385226,25,33,0.02487387291986334,0.22787423525870076,False,False,True,0.00020578513423015279,COMPLETE
1376,0.5045435428619385,2025-04-09 14:29:21.157573,2025-04-09 14:29:42.211783,0 days 00:00:21.054210,0.24836087323385345,0.1268338999249628,2,0.0863592996240361,0.028952689326735108,0.0426421041287333,0.09776389991842542,0.02065355610480956,0.007973306249553731,0.04154050037075722,23,29,0.02148690681172429,0.24470371814277914,False,False,False,0.00028314994438531627,COMPLETE
1377,0.1510672837495804,2025-04-09 14:29:42.658193,2025-04-09 14:29:50.780586,0 days 00:00:08.122393,0.36191286061401695,0.15760475640700608,16,0.19361014696876347,0.048297023325906484,0.04688681650526003,0.0944660771492347,0.08528393676999727,0.0161674725955153,0.07630420725302309,26,33,0.01755909177254894,0.23699080086796445,False,False,True,0.00022260617472090778,COMPLETE
1378,0.4868104934692383,2025-04-09 14:29:51.228947,2025-04-09 14:29:59.393787,0 days 00:00:08.164840,0.20914541809402423,0.1109173653944892,16,0.21852281632994533,0.022303024148369106,0.04862057678536951,0.08881186694924073,0.026429953689748802,0.08527859821762744,0.06007227541369211,25,27,0.028049653244590717,0.27812276888667226,True,False,True,0.0002961417970719142,COMPLETE
1379,0.5673382163047791,2025-04-09 14:29:59.860026,2025-04-09 14:30:07.827688,0 days 00:00:07.967662,0.2771695269491238,0.09380554144704498,16,0.11000089049238833,0.03507804907501079,0.05101356876910103,0.07143724811127207,0.02994846289753125,0.002772186138204042,0.03449324730280846,24,35,0.020299921640396033,0.21677044276400986,False,False,True,0.0001596745410899885,COMPLETE
1380,0.5655434012413025,2025-04-09 14:30:08.280009,2025-04-09 14:30:16.439116,0 days 00:00:08.159107,0.22818244756160755,0.1377363617619288,16,0.0763037252598229,0.0406782547507114,0.047759646149298125,0.09202784094810952,0.03564638163608285,0.0010594190699509468,0.049537235066993146,25,28,0.023909439751893746,0.28496382258156266,False,False,True,0.0001996634923331647,COMPLETE
1381,0.22282050251960756,2025-04-09 14:30:16.891420,2025-04-09 14:30:24.960789,0 days 00:00:08.069369,0.2884771742118004,0.06991453931218411,16,0.20700307632730003,0.029084682065474144,0.04381303145553475,0.09600320110318282,0.03386261689551743,0.001053239787964572,0.027046966722429972,26,31,0.025517304917933775,0.24773643536426299,False,False,True,0.000114946145980309,COMPLETE
1382,0.3735512375831604,2025-04-09 14:30:25.413043,2025-04-09 14:30:33.434067,0 days 00:00:08.021024,0.26340099929835503,0.1719176381293507,16,0.09619069876455212,0.053869796062634194,0.04531859113619954,0.09366885625227293,0.027785006304726745,0.007968025146686363,0.06766696082985751,25,27,0.023509705756126948,0.29063658875588405,False,False,True,0.000257420416764962,COMPLETE
1383,0.2462774753570557,2025-04-09 14:30:33.881668,2025-04-09 14:30:41.713410,0 days 00:00:07.831742,0.3128002434172827,0.11149678624004891,16,0.21265340755790413,0.022471552025215752,0.052338164849466254,0.08973906426257387,0.08006695594385377,0.012122282388333098,0.052242247870101045,23,40,0.02681787486498395,0.29992850470435434,False,False,True,0.000178224568835156,COMPLETE
1384,0.47937682867050174,2025-04-09 14:30:42.162366,2025-04-09 14:30:49.887340,0 days 00:00:07.724974,0.21287015349819177,0.06790053575611495,16,0.10330170456668679,0.04608993444371987,0.04789855804727758,0.08390309488776632,0.03142702756249446,0.004195688059506319,0.03962478011869501,21,30,0.01960562608421162,0.28544679343736507,False,True,True,0.00028780273038557893,COMPLETE
1385,0.44704798460006717,2025-04-09 14:30:50.356676,2025-04-09 14:30:58.483521,0 days 00:00:08.126845,0.2413158028038085,0.09054243887333921,16,0.19996999019691192,0.016475813640802257,0.050326107807567556,0.08630502084336894,0.025303949165641007,0.007097611758790967,0.02123593442024483,25,36,0.02190845650305023,0.28036882872378605,False,False,True,0.00014204714220314137,COMPLETE
1386,0.5043460607528687,2025-04-09 14:30:58.939265,2025-04-09 14:31:07.200549,0 days 00:00:08.261284,0.34071614971514547,0.148668347406327,16,0.06738375846306098,0.03128504383525602,0.04046838724030437,0.0960052454657008,0.09254343920491459,0.020770532527787496,0.08503118533334829,26,26,0.0284855947809722,0.2891767848900373,False,False,True,0.00021411174344400588,COMPLETE
1387,0.24906733036041262,2025-04-09 14:31:07.653121,2025-04-09 14:31:15.740158,0 days 00:00:08.087037,0.29301422159701274,0.13229606323388227,16,0.09038471483462707,0.03930331481677268,0.043317509275385996,0.09171823812045549,0.01865851105579458,0.010122398043523568,0.060052904552138936,24,32,0.025729121493686963,0.025942896024794868,False,False,True,0.0004260925685355294,COMPLETE
1388,0.5103639245033265,2025-04-09 14:31:16.190652,2025-04-09 14:31:24.361824,0 days 00:00:08.171172,0.26483917453812855,0.18236031349055148,16,0.11995296965636407,0.023394805652139087,0.04686733036403041,0.09791293456938291,0.07855160921235951,0.05664818286736281,0.043582316334464105,26,26,0.0162536439012526,0.23126783846883842,False,False,True,0.00032675610961535,COMPLETE
1389,0.5078216791152954,2025-04-09 14:31:24.811290,2025-04-09 14:31:32.890761,0 days 00:00:08.079471,0.4071238953704824,0.32342919651497504,16,0.08521893211804439,0.03241780298102571,0.04535733852157708,0.09429797913046105,0.08608285971999258,0.004044719133204637,0.03280139022736637,25,30,0.02285799619293848,0.22218244248675098,False,False,True,0.00023915205617340736,COMPLETE
1390,0.5028339862823487,2025-04-09 14:31:33.363853,2025-04-09 14:31:41.384496,0 days 00:00:08.020643,0.3175434330976523,0.09189183811550805,16,0.10357366294454927,0.05147901680577384,0.05030696055746653,0.08725274303172996,0.028724980289721817,0.0028512516322827764,0.07498273878192088,24,25,0.018619598040392635,0.2946807490427715,False,False,True,0.00016638198170562045,COMPLETE
1391,0.4981630086898804,2025-04-09 14:31:41.839729,2025-04-09 14:31:49.099786,0 days 00:00:07.260057,0.21621944329524578,0.11783084399479998,16,0.054498761927671786,0.04270960830205004,0.028010423852846508,0.0932278819894773,0.08299339990071482,0.00612901837579089,0.04794059693174027,16,28,0.09258300554198934,0.2951415614424033,False,False,True,0.00012045738023996681,COMPLETE
1392,0.3280878007411957,2025-04-09 14:31:49.551852,2025-04-09 14:32:09.682125,0 days 00:00:20.130273,0.24160812509985274,0.08338174781057817,2,0.10904856198837456,0.028905882876739245,0.04897231898647961,0.09013373545877729,0.021086906575263516,0.013761871393208254,0.060257534067600774,26,33,0.025104535843312358,0.27802604655866664,False,False,True,0.0003167081124780539,COMPLETE
1393,0.5174651861190795,2025-04-09 14:32:10.138173,2025-04-09 14:32:18.077398,0 days 00:00:07.939225,0.2809799642016856,0.06833313458050048,16,0.07962664165656312,0.019326288583567004,0.05203832902801387,0.09776896749523963,0.07378331575809817,0.00858556687392654,0.03940117447161321,24,30,0.02112507761832425,0.2998813415849391,False,False,True,2.149224580651337e-08,COMPLETE
1394,0.500132167339325,2025-04-09 14:32:18.673828,2025-04-09 14:32:27.448035,0 days 00:00:08.774207,0.25914918917597346,0.11735653274351482,16,0.09710479905989577,0.015922514142828574,0.045333391221482174,0.09589990646524364,0.07691711027272752,0.0050132297459671,0.08545223260073588,27,37,0.014311136313616976,0.28851329282348726,False,False,False,0.00022417861641593905,COMPLETE
1395,0.5509225249290467,2025-04-09 14:32:27.899594,2025-04-09 14:32:35.964598,0 days 00:00:08.065004,0.30590138237391834,0.14930145264201158,16,0.08979764204877858,0.036242167381368,0.04656847519681701,0.09189934658499874,0.02381801851394116,0.0025778407666941366,0.05426543448975408,25,25,0.029862805562819127,0.2842583992949735,False,False,True,0.0001572713884948645,COMPLETE
1396,0.4351521372795105,2025-04-09 14:32:36.435321,2025-04-09 14:32:44.536901,0 days 00:00:08.101580,0.20929329887961978,0.06287330988709097,16,0.07478126641277703,0.025696321929700273,0.04851601766169203,0.08857740281375222,0.026909744271886152,0.0069340602190530185,0.0671785345476143,26,28,0.02351658275096092,0.23892087353115643,False,False,True,0.00019261041682622966,COMPLETE
1397,0.12286132574081421,2025-04-09 14:32:44.997474,2025-04-09 14:32:52.928982,0 days 00:00:07.931508,0.872917103653708,0.12911730034667093,16,0.11706169952871147,0.047022270160099244,0.043745932498504926,0.09425856088752065,0.030008202954482022,0.0011022408645293615,0.03207346918813357,23,34,0.02012737985617441,0.2908322617857605,True,False,True,0.00027222908290368037,COMPLETE
1398,0.5891412854194642,2025-04-09 14:32:53.387520,2025-04-09 14:33:01.432103,0 days 00:00:08.044583,0.3452555455548185,0.10188313922448873,16,0.10098514694609771,0.037208917776723326,0.041582354949350704,0.09085567928256172,0.03357271580213715,0.004755717896968204,0.04465281490912304,25,24,0.02773716612447726,0.2931324350437253,False,False,True,0.00013025178613078404,COMPLETE
1399,0.09058453440666199,2025-04-09 14:33:01.889382,2025-04-09 14:33:09.762645,0 days 00:00:07.873263,0.23540624658124032,0.17320538684837175,16,0.29447788800491814,0.02801563404107396,0.051003866625488815,0.09292789141921572,0.022036713659307452,0.010357619416879058,0.00015641585415021914,24,31,0.025404507148607047,0.28315043895729386,False,False,True,0.00042538235289612267,COMPLETE
1400,0.6079490661621094,2025-04-09 14:33:10.218218,2025-04-09 14:33:18.362752,0 days 00:00:08.144534,0.3269943088961261,0.19698842357119029,16,0.08188698104200788,0.02178818173930149,0.053494889514575414,0.09571514643337888,0.03162964055236118,0.0029782454045944443,0.053887805361736305,25,28,0.022472444921308486,0.2944905543613469,False,False,True,0.00032640380442954626,COMPLETE
1401,0.5231935143470765,2025-04-09 14:33:18.838552,2025-04-09 14:33:26.892873,0 days 00:00:08.054321,0.35546391924096055,0.06231307535902871,16,0.0922203597416277,0.014222591874373632,0.05395869281505179,0.09798443110421877,0.030402182571950202,0.002668068353824387,0.04009963250632661,24,32,0.026642242941917485,0.27919429401571744,False,False,True,0.0005547004246649587,COMPLETE
1402,0.43797274827957156,2025-04-09 14:33:27.350382,2025-04-09 14:33:35.328821,0 days 00:00:07.978439,0.3326000567782727,0.08929885843268992,16,0.0824916030657864,0.016299212876021076,0.05555411209881598,0.09706434722462794,0.034577983934503585,0.003163114012554746,0.04987994000927063,24,42,0.023885480477496043,0.28546264395909865,False,False,True,0.00045217056189303704,COMPLETE
1403,0.5017366409301758,2025-04-09 14:33:35.784034,2025-04-09 14:33:43.847833,0 days 00:00:08.063799,0.38877723663818187,0.2021041489652291,16,0.09644584985545582,0.02068769139712943,0.05229821912521328,0.0981062768480736,0.037421581025358266,0.002396472078648646,0.03569306615704562,25,35,0.022951419523720287,0.27612405443682164,False,True,True,0.00037407342729122014,COMPLETE
1404,0.15546928942203522,2025-04-09 14:33:44.306021,2025-04-09 14:33:52.296713,0 days 00:00:07.990692,0.38041749162780103,0.10613342886810524,16,0.23402414493910986,0.015923295857204228,0.05471456704269392,0.09630189627026572,0.03503676925906328,0.033978140876187966,0.02741529330081297,25,30,0.026383312294115453,0.2481432338619693,False,False,True,0.0003582548761348568,COMPLETE
1405,0.3687032639980316,2025-04-09 14:33:52.751747,2025-04-09 14:34:00.607321,0 days 00:00:07.855574,0.3725993137615443,0.146803952095929,16,0.10412392394359966,0.020205373741400134,0.0537324212107974,0.09551721709513619,0.03250131861988578,0.0025732066363367834,0.045079723713547355,24,37,0.02805804400482001,0.28812123696376735,False,False,True,0.00048210938865857303,COMPLETE
1406,0.5791098117828369,2025-04-09 14:34:01.062844,2025-04-09 14:34:09.082691,0 days 00:00:08.019847,0.3430708801539205,0.07148079989246876,16,0.08709552347771686,0.02286520658504736,0.053753712307302574,0.06636670978188038,0.03217585585824941,0.0038489551409343226,0.052450670670075826,25,33,0.025096718980000446,0.2821759026352812,False,False,True,0.00033944229574965634,COMPLETE
1407,0.4990906715393067,2025-04-09 14:34:09.557206,2025-04-09 14:34:17.335884,0 days 00:00:07.778678,0.32726402209181893,0.4895854948105379,16,0.11026696310815924,0.014837401831017793,0.05258851532921262,0.09822744186102408,0.03247506673734445,0.06243503707142529,0.0407056916729989,22,29,0.029409693333013784,0.2897840228858642,False,False,True,0.0004168094943637999,COMPLETE
