number,value,datetime_start,datetime_complete,duration,params_alpha-eval,params_alpha-train,params_batch-size,params_eps-eval,params_eps-train,params_lambda-actions-eval,params_lambda-actions-train,params_lambda-frames-eval,params_lambda-frames-train,params_learning-rate,params_n-epochs,params_n-frames,params_radius-gw,params_rho,params_std-feats,params_ub-actions,params_ub-frames,params_weight-decay,state
454,0.47139987945556644,2025-04-09 12:19:11.585613,2025-04-09 12:19:29.960806,0 days 00:00:18.375193,0.2388368703720048,0.04734878711684519,2,0.14564431948392761,0.009089339532107986,0.0055670941650664135,0.09524969692229794,0.06232710732764945,0.00424752888622039,0.05595269131854319,23,19,0.02083495426089598,0.29943172327007167,False,False,True,6.724284178706336e-05,COMPLETE
455,0.4687882661819458,2025-04-09 12:19:30.107491,2025-04-09 12:19:37.114740,0 days 00:00:07.007249,0.10982196453427714,0.08099438360777031,8,0.11939351271386578,0.025332169145805453,0.016221970596560227,0.09171856390700095,0.08067061909877925,0.0026164092671761684,0.07039534727355228,8,24,0.016450225160060807,0.2001189627882094,False,False,True,9.162227936976145e-05,COMPLETE
456,0.1743274658918381,2025-04-09 12:19:37.258339,2025-04-09 12:19:44.017725,0 days 00:00:06.759386,0.20899377551435144,0.010651699348579177,8,0.17227126350595362,0.00034443153468822693,0.010117249485426406,0.09390557441903097,0.05037414906598867,0.006889996977488182,0.08238845771466806,9,5,0.018981132583981895,0.213185960182184,False,False,True,0.00027605870029206813,COMPLETE
457,0.47690011262893683,2025-04-09 12:19:44.174285,2025-04-09 12:19:51.205636,0 days 00:00:07.031351,0.136497321826742,0.061997499330508195,8,0.13595985332692798,0.01589993304774045,0.01828761266435502,0.09998265881170883,0.06376624792366635,0.0045498421005348705,0.05484544016186578,8,17,0.021439051605808664,0.2756357018128134,False,False,True,4.68641525511381e-05,COMPLETE
458,0.4383320152759552,2025-04-09 12:19:51.351022,2025-04-09 12:19:58.649819,0 days 00:00:07.298797,0.1631382259402041,0.4813531161380713,8,0.15003916115812013,0.008809395406015347,0.011869111474199424,0.09621814342673538,0.06670230150626807,0.008724189343310106,0.063904545252954,10,26,0.016908450683720787,0.25916915752423664,True,True,True,0.00011257183722395091,COMPLETE
459,0.4529764831066132,2025-04-09 12:19:58.794330,2025-04-09 12:20:05.602015,0 days 00:00:06.807685,0.19271050561537897,0.04105740213847218,16,0.19170469493785894,0.018170569887217325,0.014600553915259046,0.0898481053786136,0.06042769203292898,0.0027882034760797155,0.04557871869512503,11,119,0.023056784210318204,0.24396758057884516,False,False,True,7.599117149087533e-05,COMPLETE
460,0.46494125127792363,2025-04-09 12:20:05.759388,2025-04-09 12:20:14.270487,0 days 00:00:08.511099,0.22222986731294128,0.07232311220578018,8,0.13071741165276318,0.005341780148979722,0.008022343844777017,0.09792920494084856,0.0419822000690712,0.0010136181531897894,0.00020122105273526463,19,22,0.02002807703246079,0.2693290070415467,False,False,True,6.18975719823725e-05,COMPLETE
461,0.08718957304954529,2025-04-09 12:20:14.417065,2025-04-09 12:20:21.455369,0 days 00:00:07.038304,0.15430537484675025,0.029354304217549948,8,0.14251523135845443,0.13776539521197723,0.02018541244607654,0.09438947915007259,0.056863157517072827,0.011535270476231336,0.0856230149893048,9,29,0.01442099873208541,0.23313126767829737,False,False,True,0.00016609119998412693,COMPLETE
462,0.4674132823944092,2025-04-09 12:20:21.603548,2025-04-09 12:20:28.793460,0 days 00:00:07.189912,0.12583752231148734,0.04873268056594179,8,0.1626259626883479,0.0287752314184456,0.017006065960479023,0.0925413662448369,0.06761121666971248,0.08064204364547402,0.036909705424898805,10,13,0.05079499725885663,0.2821742703958789,False,False,True,3.835197480857502e-05,COMPLETE
463,0.4682431578636169,2025-04-09 12:20:28.952664,2025-04-09 12:20:35.974916,0 days 00:00:07.022252,0.173302302318453,0.10053649095899647,8,0.15383415443452514,0.012825177883935831,0.012407982431481196,0.08790476244401568,0.06450530445503257,0.005861477132533397,0.05614850818005215,8,20,0.018077603644808742,0.25144722072996395,False,False,True,0.00022183698628795565,COMPLETE
464,0.3408306062221527,2025-04-09 12:20:36.122433,2025-04-09 12:20:43.247662,0 days 00:00:07.125229,0.19752634513203496,0.9992740059627565,8,0.12393267026355706,0.00014188680857606453,0.061330433441364574,0.09616251564946286,0.05423285329393824,0.00393916777645006,0.0713794660362889,9,17,0.024228858763725433,0.2937912746608908,False,False,True,5.269275171023546e-05,COMPLETE
465,0.5527260303497314,2025-04-09 12:20:43.408653,2025-04-09 12:20:50.668265,0 days 00:00:07.259612,0.17957917370381737,0.06297190899542068,8,0.1366354343839979,0.022911295302530305,0.014986189126886408,0.09073068028338441,0.047332452222091426,0.007967737798018324,0.04726795308294365,10,24,0.012673052285834697,0.263154207483485,False,False,True,8.086371451574484e-05,COMPLETE
466,0.4840337038040161,2025-04-09 12:20:50.816315,2025-04-09 12:20:57.968891,0 days 00:00:07.152576,0.09422093469765906,0.02689186704015938,8,0.14796811097150875,0.010441862104488804,0.009281018210855477,0.09816761879504794,0.07742378040707484,0.005423505084308293,0.06645468271171233,9,33,0.021706276627554238,0.2550262352526347,False,False,True,0.00010337308059343174,COMPLETE
467,0.5003766059875489,2025-04-09 12:20:58.117375,2025-04-09 12:21:04.866165,0 days 00:00:06.748790,0.1504560000587125,0.04560875884615796,16,0.16930523458159955,0.018364818229091775,0.01897272054422493,0.09419105448626075,0.06248712854597176,0.0029582605641381267,0.08197832375945223,11,27,0.0461396812106494,0.2723308189853557,False,False,True,0.00014483540311991343,COMPLETE
468,0.558763074874878,2025-04-09 12:21:05.024185,2025-04-09 12:21:12.607732,0 days 00:00:07.583547,0.2337403671039527,0.07168999525714556,8,0.14112034637030574,0.014568932132201005,0.006466307679888526,0.09998897679545467,0.0453503701513969,0.006375603095397941,0.055781922509677576,12,21,0.01946810000040053,0.2783265576831441,False,False,True,6.02977284833215e-05,COMPLETE
469,0.431505686044693,2025-04-09 12:21:12.760996,2025-04-09 12:21:19.712625,0 days 00:00:06.951629,0.21187471208061287,0.010600756661960666,8,0.11094000589992835,0.07727063037885559,0.011424498752069235,0.0916796558613006,0.04038511611758754,0.0010312189435003124,0.04057494865608736,8,14,0.01590173649720214,0.2614644271015316,False,False,True,3.798707825664408e-05,COMPLETE
470,0.47327095270156866,2025-04-09 12:21:19.860592,2025-04-09 12:21:27.254189,0 days 00:00:07.393597,0.176539298588844,0.08897660330779762,8,0.12960458169736497,0.0061637962251836235,0.015866733450736258,0.09613522439478674,0.05881790837266211,0.004058249812959396,0.030534392973105583,10,30,0.021168893583851787,0.286174221827534,False,False,True,8.815712199219261e-05,COMPLETE
471,0.3855685651302338,2025-04-09 12:21:27.415266,2025-04-09 12:21:34.385315,0 days 00:00:06.970049,0.13639176053630242,0.32865583655738917,8,0.15783603499061227,0.04374682148026826,0.01335493108007187,0.08879956188695255,0.06516885603442314,0.010037648187568127,0.09884450638624505,9,9,0.01716474948054012,0.2455122119645602,False,False,True,0.00011644470840727578,COMPLETE
472,0.5783979177474976,2025-04-09 12:21:34.536818,2025-04-09 12:21:42.236110,0 days 00:00:07.699292,0.19419761870237928,0.03915316853797291,8,0.08634964761316628,0.02319786531702037,0.010245509084266023,0.09324595465920031,0.06939146534581814,0.0026399895741711908,0.07111349275653646,13,19,0.02591253159729421,0.26734034528919626,False,False,True,7.033800281513242e-05,COMPLETE
473,0.3519262254238129,2025-04-09 12:21:42.389506,2025-04-09 12:21:50.147706,0 days 00:00:07.758200,0.1905535510156711,0.8469635416970779,8,0.09428657971516696,0.032887307127569154,0.004899365786605705,0.08958210303829331,0.06921617642095784,0.007638846367239209,0.07495147564624748,13,24,0.028382584465675084,0.2699431135974764,False,False,True,7.571848006646901e-05,COMPLETE
474,0.3112636566162109,2025-04-09 12:21:50.307974,2025-04-09 12:22:02.881929,0 days 00:00:12.573955,0.6988767748225815,0.5912376651137221,2,0.07068104883289782,0.026983408217435036,0.008037062653120453,0.0860914398252226,0.07227673020422588,0.0049197282172026065,0.08970127714697652,12,19,0.026209006331778105,0.27341085587486136,False,False,True,0.00012919964285132123,COMPLETE
475,0.39366858005523686,2025-04-09 12:22:03.031934,2025-04-09 12:22:10.500859,0 days 00:00:07.468925,0.15967453129336273,0.060087060600600345,8,0.1457738957350133,0.022585763504515827,0.01056010221983598,0.09346869970780092,0.06822146029215569,0.0030203424619574862,0.06569637905892428,11,150,0.024969310535117722,0.28031870262150504,False,False,True,9.98975555929683e-05,COMPLETE
476,0.32014848589897155,2025-04-09 12:22:10.664021,2025-04-09 12:22:18.185335,0 days 00:00:07.521314,0.11531118433166777,0.44429306240309135,8,0.06225741046295089,0.029887132855291883,0.017833126944152976,0.09092688630190318,0.07030769123717004,0.005985133293042083,0.07766953116216666,11,60,0.023703094713631547,0.28729574776331923,True,False,True,6.780695052202942e-05,COMPLETE
477,0.47137815952301027,2025-04-09 12:22:18.336108,2025-04-09 12:22:26.188631,0 days 00:00:07.852523,0.17195236722431634,0.10892729657452191,8,0.08399321021544179,0.022620227613123423,0.009212887823023454,0.06509343072281865,0.06710584627323989,0.0010082647745725025,0.06035672090567494,14,27,0.0075236187426425466,0.2671742008614819,False,False,True,0.0002243720012051023,COMPLETE
478,0.5221586227416992,2025-04-09 12:22:26.340183,2025-04-09 12:22:34.368417,0 days 00:00:08.028234,0.1422686013420406,0.5404640609710392,16,0.09254268273744953,0.03960140252844993,0.022541102095388996,0.09268616675204668,0.07140912698182005,0.003914550198232723,0.06971701866411695,25,22,0.026428108662508585,0.2651238158903687,False,False,True,8.954105938797636e-05,COMPLETE
479,0.46208403110504154,2025-04-09 12:22:34.534807,2025-04-09 12:22:41.844340,0 days 00:00:07.309533,0.19967886627472783,0.08708840342202577,8,0.08407294559202248,0.05169762519053436,0.014326109861791454,0.0946227733349536,0.06141311313162342,0.009127680062436545,0.08939101166423999,10,23,0.022968064177837096,0.27781681491499854,False,False,True,0.00016606256597304338,COMPLETE
480,0.15836380422115326,2025-04-09 12:22:41.996208,2025-04-09 12:22:49.780125,0 days 00:00:07.783917,0.07586047945031876,0.046657844486617195,8,0.13453913354429406,0.021146536228242745,0.0070807493192080505,0.09183482631648733,0.06943179587362663,0.006871980765512057,0.057012727222947805,13,128,0.004103945202430376,0.2939243880571149,False,True,True,0.00013038763496847695,COMPLETE
481,0.3889292061328888,2025-04-09 12:22:49.934978,2025-04-09 12:22:58.788856,0 days 00:00:08.853878,0.15601553601734652,0.04016212914134066,8,0.15118013937113664,0.03590267958482905,0.020002590293697765,0.08766603266340904,0.07426392032949995,0.0024118074595461804,0.0994258208320227,21,26,0.013682522765752372,0.25569046777938836,False,False,True,0.0003217250963705661,COMPLETE
482,0.5759120583534241,2025-04-09 12:22:58.951800,2025-04-09 12:23:06.423550,0 days 00:00:07.471750,0.1812618908355949,0.06909730894668611,8,0.08661860366720509,0.015881552451691736,0.03989029093853804,0.0972324530679832,0.06548923683136973,0.004839720653685472,0.07208805966465014,11,19,0.0219008177528845,0.27396311364548653,False,False,True,6.474034983839631e-05,COMPLETE
483,0.559281587600708,2025-04-09 12:23:06.584320,2025-04-09 12:23:13.945817,0 days 00:00:07.361497,0.172385545478424,0.1281181965552974,8,0.09045234929224809,0.01494783247505775,0.0379745571496304,0.09751335501901329,0.06687176665461929,0.012459014350363583,0.07581612792219748,10,18,0.025545865547178283,0.27327612952696034,False,False,True,0.00010539490939130999,COMPLETE
484,0.5726881504058838,2025-04-09 12:23:14.109521,2025-04-09 12:23:21.740819,0 days 00:00:07.631298,0.12870295883677543,0.5056470433863919,8,0.08339987464871595,0.011585549418809014,0.0411615268876961,0.0980243321942676,0.0637880439703978,0.008922501545363216,0.08028259755103416,12,19,0.02210154242729014,0.26726937838525255,False,False,True,7.012179510165566e-05,COMPLETE
485,0.44007185697555545,2025-04-09 12:23:21.894303,2025-04-09 12:23:28.753227,0 days 00:00:06.858924,0.11622147402189836,0.07914108120446942,16,0.07711336376933511,0.02714448981415913,0.04570473985924875,0.09848107083015743,0.06488821712900072,0.008883596207559855,0.08718676434517578,12,16,0.028530798085082843,0.26748889289241723,False,False,True,7.480018463983039e-05,COMPLETE
486,0.5728586912155151,2025-04-09 12:23:28.905044,2025-04-09 12:23:36.570703,0 days 00:00:07.665659,0.12934503114103402,0.37097582214379793,8,0.07966059137461878,0.016303304852189254,0.04249960010828473,0.09990250351002737,0.0632203509547847,0.005705683044816463,0.08259395871804476,12,20,0.023780573991723498,0.2697950951990041,False,False,True,8.483618446105113e-05,COMPLETE
487,0.4552273035049439,2025-04-09 12:23:36.736592,2025-04-09 12:23:44.537402,0 days 00:00:07.800810,0.09200709187019859,0.5690291376701957,8,0.08081595624394132,0.02315874316683813,0.04203529799410362,0.09895326965823609,0.06209462640457793,0.007474757787375566,0.00940376192857395,13,20,0.0272307233495164,0.2757441754555162,False,False,True,6.242768120261555e-05,COMPLETE
488,0.4316296219825745,2025-04-09 12:23:44.692163,2025-04-09 12:23:52.338730,0 days 00:00:07.646567,0.10608447398054809,0.06548466758455918,8,0.0781228493756182,0.09499856756234834,0.04846115176141891,0.09981721966881409,0.0597650211471309,0.010758550993398182,0.09998761813209651,12,20,0.024310995937437015,0.27029136738004383,False,False,True,8.096687032390772e-05,COMPLETE
489,0.34402427077293396,2025-04-09 12:23:52.493857,2025-04-09 12:24:00.173660,0 days 00:00:07.679803,0.12674634464826523,0.544094590719845,8,0.08590273731815155,0.03033813376722275,0.04264070925602337,0.09729335053810573,0.0629598561386065,0.00573076204316005,0.0831699123760062,12,36,0.023820427487774097,0.27329094802678044,False,False,True,5.7194280214238255e-05,COMPLETE
490,0.6027212381362915,2025-04-09 12:24:00.339758,2025-04-09 12:24:07.914879,0 days 00:00:07.575121,0.07360702345208707,0.3220401628742699,8,0.07560470442193785,0.016154300986250755,0.04639667539556756,0.09991663369949541,0.058272752736325976,0.008768417714223587,0.09948848808404437,12,24,0.0226053045894302,0.26567096301594617,False,False,True,9.373059504259099e-05,COMPLETE
491,0.5702632427215577,2025-04-09 12:24:08.076638,2025-04-09 12:24:15.644320,0 days 00:00:07.567682,0.07347895120877279,0.3828045401797001,8,0.06966979224845364,0.01925016073855503,0.046695497797106224,0.09860553661876992,0.05583843541637925,0.013532228375790732,0.08944088754495132,12,31,0.02215184484400022,0.2781420538353895,False,False,True,9.852858002173277e-05,COMPLETE
492,0.44395703077316284,2025-04-09 12:24:15.816462,2025-04-09 12:24:23.558440,0 days 00:00:07.741978,0.07479424867469425,0.30107055118778225,8,0.07103567582951108,0.028164292592680405,0.049340685267367346,0.09963364917648419,0.05862073277837926,0.010523398247596797,0.08366439071214953,13,25,0.026032820233227914,0.2677696118973042,False,False,True,0.00012176642555293378,COMPLETE
493,0.44041202664375306,2025-04-09 12:24:23.720127,2025-04-09 12:24:31.318766,0 days 00:00:07.598639,0.04727041983731642,0.34610871769523066,8,0.08698319770481258,0.02044267414421979,0.040468361123742386,0.09965807386662691,0.05752387448308086,0.007736947052424517,0.08828327575651085,12,29,0.022704299591704717,0.27131773952695004,False,False,True,0.00018498083368776906,COMPLETE
494,0.5708471536636353,2025-04-09 12:24:31.479662,2025-04-09 12:24:38.517090,0 days 00:00:07.037428,0.0535836618572576,0.08858480307240965,16,0.05832809852424728,0.016167024508073755,0.04348004820207905,0.09766817741543247,0.059144357935414615,0.009850054425012984,0.0756138140192664,13,23,0.009162525813800797,0.2798763918217837,False,False,True,8.847440538689452e-05,COMPLETE
495,0.43530126810073855,2025-04-09 12:24:38.685543,2025-04-09 12:24:46.275318,0 days 00:00:07.589775,0.03177728189981129,0.4853873855930681,8,0.07570897669613975,0.025066831607635343,0.039162776770537096,0.09787187324953432,0.060805505113577525,0.008777788059502268,0.0759520863430675,12,26,0.021071117089374425,0.26559730973439094,False,False,True,0.00014708873403151387,COMPLETE
496,0.44484925270080566,2025-04-09 12:24:46.432145,2025-04-09 12:24:53.979729,0 days 00:00:07.547584,0.10214482550651544,0.2750817313210804,8,0.08159690786787184,0.03413857178119308,0.046306169679811944,0.09969430659906567,0.06126693696523301,0.006878008403567285,0.09998787974948344,12,22,0.02524525986014293,0.26362811288343213,True,False,True,7.365726177431509e-05,COMPLETE
497,0.4594005167484284,2025-04-09 12:24:54.136928,2025-04-09 12:25:01.924613,0 days 00:00:07.787685,0.05977615546525026,0.6091961514164735,8,0.0773572396985792,0.015829301152662175,0.04249952420129562,0.09704885491339597,0.057400867755005344,0.01287964565926642,0.09811051488253272,13,29,0.022468624845037904,0.27453916650792853,False,False,True,0.00010488600005374502,COMPLETE
498,0.3376082181930542,2025-04-09 12:25:02.091459,2025-04-09 12:25:09.542406,0 days 00:00:07.450947,0.12501869063176876,0.36611116612677463,8,0.0670555810227488,0.0846218399820419,0.03558504824427654,0.09991315324984577,0.06390350105102696,0.009247930047364338,0.06865561344955162,11,25,0.018846913369576886,0.26877423415297874,False,False,True,8.057446721543539e-05,COMPLETE
499,0.2394571959972382,2025-04-09 12:25:09.703895,2025-04-09 12:25:22.422936,0 days 00:00:12.719041,0.08849362555475904,0.22730037473066889,2,0.08597108846794548,0.024856811138554064,0.03450826991791446,0.0967167883453408,0.06128323601978262,0.005984363256495241,0.07723775721209232,12,21,0.011562566764271233,0.28251019541797606,False,True,True,0.00025849575794072247,COMPLETE
500,0.5611901998519898,2025-04-09 12:25:22.594204,2025-04-09 12:25:30.043331,0 days 00:00:07.449127,0.14235171030722465,0.39598681708112254,8,0.07345964627128383,0.01653116330944346,0.04384491322537882,0.0986240064414418,0.055419819773466175,0.007786811892151247,0.06657074748603499,11,27,0.021315831067053936,0.2611324433572252,False,False,True,5.2882879052310326e-05,COMPLETE
501,0.4680709004402161,2025-04-09 12:25:30.202491,2025-04-09 12:25:37.620393,0 days 00:00:07.417902,0.1083875561128893,0.43686035270959117,8,0.052422173619723025,0.01262787703427399,0.04449213697690746,0.0956155998365482,0.0633782785845977,0.005776687342778367,0.08474614439007279,11,23,0.024566825383315654,0.27380898370062867,False,False,True,0.0003902085543268467,COMPLETE
502,0.46342253684997564,2025-04-09 12:25:37.780950,2025-04-09 12:25:45.718454,0 days 00:00:07.937504,0.14981088911658202,0.21915447121131143,8,0.0648719677509193,0.021136274181307972,0.05036249407161604,0.09998075779426234,0.059552645979196815,0.0047483699442145335,0.0668480205152358,14,32,0.028633446757544496,0.2796182742254879,False,False,True,7.994936532873123e-08,COMPLETE
503,0.3389774858951569,2025-04-09 12:25:45.889884,2025-04-09 12:25:52.918024,0 days 00:00:07.028140,0.13707802042145173,0.4652569995567612,16,0.08869977739245241,0.030083570147107497,0.04082381891760994,0.09735972339763432,0.05295654588026825,0.007861611110277998,0.08216843551622811,13,18,0.015705992809802834,0.1918369213205854,False,False,True,0.00011826390811941315,COMPLETE
504,0.5691079497337341,2025-04-09 12:25:53.078736,2025-04-09 12:26:00.549978,0 days 00:00:07.471242,0.1604104794421109,0.10688337161382933,8,0.08133573827366716,0.013374368058690581,0.0466847849621782,0.09660774166000684,0.0639076632483243,0.011142783283874181,0.09876340495154012,11,28,0.006025168369588237,0.26568581388372514,False,False,True,6.857624702321108e-05,COMPLETE
505,0.4238584637641907,2025-04-09 12:26:00.718844,2025-04-09 12:26:08.399608,0 days 00:00:07.680764,0.08433596753178169,0.31077151774888756,8,0.0805231463088136,0.019408275165850607,0.04472329681043754,0.09603439216934798,0.061771932606966715,0.004814613758935561,0.0996055663443035,12,20,0.017598613324851388,0.2617202629032412,False,False,True,0.00016426973365841246,COMPLETE
506,0.3768687844276428,2025-04-09 12:26:08.560877,2025-04-09 12:26:16.075688,0 days 00:00:07.514811,0.12252080280283581,0.42475312274052496,8,0.09056090132926763,0.012664538623840007,0.040862918331421305,0.09997172871894855,0.059924947700189024,0.00634475175935101,0.06298959287558349,11,92,0.019641668903477613,0.2701679692991527,False,False,True,9.11644255055217e-05,COMPLETE
507,0.49880188703536993,2025-04-09 12:26:16.235049,2025-04-09 12:26:23.732932,0 days 00:00:07.497883,0.1616030771198573,0.40346816077597714,8,0.09533935251398629,0.024707255534092157,0.040314370562038196,0.09747315952846933,0.0651950584117871,0.009236343033409278,0.072574690430439,11,24,0.02226178986352046,0.28532221341594644,False,False,True,6.532878051790134e-07,COMPLETE
508,0.4805847883224488,2025-04-09 12:26:23.908366,2025-04-09 12:26:31.474218,0 days 00:00:07.565852,0.17530712889227498,0.6542438269482197,8,0.0854357355430108,0.03711175037233562,0.04541753676232008,0.09554245816646853,0.05694316376952358,0.04266476938284974,0.062099639680141164,12,25,0.017915594784332512,0.2762353362803494,False,False,True,5.022801491487027e-05,COMPLETE
509,0.44092959165573126,2025-04-09 12:26:31.634936,2025-04-09 12:26:39.073105,0 days 00:00:07.438169,0.13237680575666705,0.37292172280593056,8,0.07693556574880095,0.011935937181122203,0.04892221889345806,0.09770521740667053,0.06303617471810746,0.004697657846655495,0.07649142685069237,11,21,0.02375231289556861,0.258513656590307,False,False,True,0.0002060281869775512,COMPLETE
510,0.4195212006568909,2025-04-09 12:26:39.248798,2025-04-09 12:26:46.910739,0 days 00:00:07.661941,0.1518860496449892,0.0648025374329498,8,0.07400880694646125,0.018112081052668292,0.04396597067536966,0.09490550191921557,0.06699798421785813,0.004077465861441833,0.0836944789513327,12,17,0.020265164735662897,0.2838151785521748,False,False,True,0.00013195864173041617,COMPLETE
