number,value,datetime_start,datetime_complete,duration,params_alpha-eval,params_alpha-train,params_batch-size,params_eps-eval,params_eps-train,params_lambda-actions-eval,params_lambda-actions-train,params_lambda-frames-eval,params_lambda-frames-train,params_learning-rate,params_n-epochs,params_n-frames,params_radius-gw,params_rho,params_std-feats,params_ub-actions,params_ub-frames,params_weight-decay,state
1128,0.3969419121742249,2025-04-09 13:51:48.468208,2025-04-09 13:51:56.554499,0 days 00:00:08.086291,0.2699658690428464,0.13109092866166167,16,0.08719683162492306,0.14521691497667544,0.020232128130798766,0.08662470507912992,0.02841173837907728,0.00268104712144345,0.046000131426657626,25,17,0.021056696362458386,0.2997099939610604,False,False,True,0.00012779116643866505,COMPLETE
1129,0.4713873624801636,2025-04-09 13:51:56.922967,2025-04-09 13:52:05.469744,0 days 00:00:08.546777,0.3047301376954627,0.1500202360900252,16,0.043425074947396586,0.049338347042214924,0.015175957080946169,0.09407582079970937,0.019658654607928094,0.005849334156482717,0.05706476389697315,24,20,0.02512122934133988,0.2819886635697142,False,False,False,0.0001664838986537634,COMPLETE
1130,0.3510776996612549,2025-04-09 13:52:05.833911,2025-04-09 13:52:13.699238,0 days 00:00:07.865327,0.24147357045375853,0.27840527586317154,16,0.07958876579536169,0.06296169803699696,0.02051572270249696,0.09030740366284803,0.02365834509856017,0.008522960301373181,0.09929099803833488,25,9,0.026517542880054756,0.2870068270021592,False,False,True,0.0002240759487213183,COMPLETE
1131,0.2772086143493652,2025-04-09 13:52:14.066697,2025-04-09 13:52:22.095909,0 days 00:00:08.029212,0.2599638449459942,0.1685084653543598,16,0.08470887431952842,0.039411826229039125,0.017752463527377634,0.09366170911791967,0.0077162228683834155,0.0010600696105141,0.00028838912795866787,24,25,0.029426013054238455,0.2900944383129162,True,False,True,0.0003595960253110586,COMPLETE
1132,0.3102002263069153,2025-04-09 13:52:22.461891,2025-04-09 13:52:30.746482,0 days 00:00:08.284591,0.2834303627089299,0.20075886730050038,16,0.07212152896010146,0.054798269974229014,0.014850272403346182,0.08916075628054394,0.02725911044167474,0.0043913020127658116,0.07201214126983292,27,30,0.019998670806415677,0.2805025349039488,False,False,True,0.00016672481798946507,COMPLETE
1133,0.5810281276702881,2025-04-09 13:52:31.114783,2025-04-09 13:52:39.196133,0 days 00:00:08.081350,0.33086589079324974,0.3001676550560003,16,0.01494796156729409,0.043719242344504194,0.05349866035982692,0.0911249964809206,0.024599886907529327,0.006712524056044702,0.05699324425951992,26,27,0.0229562948695713,0.28844472260640586,False,False,True,0.00013182850805458954,COMPLETE
1134,0.3131311655044556,2025-04-09 13:52:39.563079,2025-04-09 13:52:57.438582,0 days 00:00:17.875503,0.24051519624078105,0.13084598620599258,2,0.0917066065254685,0.03706676078082877,0.05002875754021077,0.08774098495739792,0.020882980871511404,0.004042594627869894,0.045885788061823564,22,22,0.017676282791594566,0.2948041560930833,False,False,True,0.000276889893553179,COMPLETE
1135,0.4761371731758118,2025-04-09 13:52:57.805554,2025-04-09 13:53:05.773654,0 days 00:00:07.968100,0.27527016146324373,0.3275738709448619,16,0.07624916145692008,0.07144204615343047,0.018913432217604238,0.09353167662748621,0.03614606822931548,0.009485594284074606,0.08442494883144734,25,61,0.022475549410872625,0.2823958898938181,False,False,True,0.0002136088976422597,COMPLETE
1136,0.496591329574585,2025-04-09 13:53:06.145531,2025-04-09 13:53:13.965280,0 days 00:00:07.819749,0.24457883505334688,0.1793951008843583,16,0.09033429976916986,0.06201751360275066,0.022892383469595743,0.08521871510880166,0.031142571029535653,0.01227758274783151,0.0643040640252511,23,16,0.030958603305524895,0.2936721183453509,False,True,True,0.00018714766211981696,COMPLETE
1137,0.5605743050575256,2025-04-09 13:53:14.338057,2025-04-09 13:53:22.534936,0 days 00:00:08.196879,0.29531255797061057,0.12461449665451012,16,0.06313364804612763,0.04682641648758466,0.016499656624378703,0.09206478065680594,0.026768398109519944,0.002873530899939112,0.04700368109636925,27,26,0.019614521663792496,0.29995800499657194,False,False,True,0.000336146739445952,COMPLETE
1138,0.388725358247757,2025-04-09 13:53:22.901988,2025-04-09 13:53:31.068706,0 days 00:00:08.166718,0.2564768895172265,0.2054879372839287,16,0.0837840291850549,0.05408112948954856,0.014952846091622052,0.0944627546020467,0.029386664569786836,0.0057757774241227995,0.07052776208778311,26,30,0.0252157363698559,0.28615234108984217,False,False,True,0.00012498108028894065,COMPLETE
1139,0.4212725400924683,2025-04-09 13:53:31.442761,2025-04-09 13:53:39.416685,0 days 00:00:07.973924,0.34590564717551053,0.35504983393495093,16,0.09221863378582473,0.04361536009912589,0.020897705118660147,0.08993697203349109,0.018175711312669554,0.007630729746780637,0.08652419477767677,24,23,0.02175123865315617,0.27960396160295464,False,False,True,0.0001644029125984387,COMPLETE
1140,0.452236819267273,2025-04-09 13:53:39.792009,2025-04-09 13:53:47.781777,0 days 00:00:07.989768,0.27997459443189643,0.16190875587612852,16,0.07372369711080573,0.03846126711023561,0.026710575848239933,0.09258699663372237,0.021692873524187202,0.0010372160127829141,0.05695336523280449,25,19,0.06195909232352913,0.2998035059367546,False,False,True,0.00024376994766672107,COMPLETE
1141,0.5288738250732422,2025-04-09 13:53:48.152193,2025-04-09 13:53:56.234918,0 days 00:00:08.082725,0.23496536989995656,0.14543204868434761,16,0.07758084983733066,0.0359199924641697,0.017633870003199936,0.09370326733807915,0.010875922584932423,0.004321774902199212,0.044597117143141816,26,27,0.08944942730061131,0.2909742076248003,False,False,True,0.00028792783101773455,COMPLETE
1142,0.3994545161724091,2025-04-09 13:53:56.607194,2025-04-09 13:54:04.624000,0 days 00:00:08.016806,0.30508618733630205,0.22380669382408058,16,0.08467180481476659,0.05044623881211035,0.019821811866805907,0.08739234005063344,0.022844804361005017,0.002725704256785706,0.06740446930691175,24,14,0.026655980928872888,0.2941119726807481,False,False,True,0.00015374606128028235,COMPLETE
1143,0.43606140017509465,2025-04-09 13:54:05.001699,2025-04-09 13:54:12.839399,0 days 00:00:07.837700,0.2620980939203249,0.18804367998474159,16,0.020136838286398142,0.060116592333305956,0.014839162311281247,0.09485664077407763,0.024888699814087693,0.0063198661990372836,0.09941802866143608,23,21,0.09548976570324377,0.2772828293586568,False,False,True,0.0001979738467943913,COMPLETE
1144,0.11071043014526367,2025-04-09 13:54:13.214015,2025-04-09 13:54:21.226448,0 days 00:00:08.012433,0.24253698821406933,0.11355789367291284,16,0.09596553449291158,0.2251320024429328,0.022875437692496246,0.0911297046958056,0.028139459958651827,0.010209646601010076,8.23552785625763e-05,25,24,0.016882358928639235,0.28606362368717647,False,False,True,0.00011306760593790031,COMPLETE
1145,0.57926344871521,2025-04-09 13:54:21.602018,2025-04-09 13:54:29.571003,0 days 00:00:07.968985,0.2731738420315106,0.2612042268671053,16,0.027192003454627835,0.03553022530108001,0.018011783625130225,0.08875890087241665,0.03249371761609735,0.008425590652166992,0.054092704970268836,25,29,0.024801737766042293,0.28931509138147754,False,False,True,0.0003660096721922704,COMPLETE
1146,0.1766710638999939,2025-04-09 13:54:29.945377,2025-04-09 13:54:38.079793,0 days 00:00:08.134416,0.3107816599079335,0.12169842616585068,16,0.24079050813377634,0.04870016766156512,0.016146693446530785,0.09383620015339472,0.004851255954389426,0.016068249754914145,0.07927609915981514,27,24,0.028497498399036342,0.29355584600382506,False,False,True,2.4359412910864526e-06,COMPLETE
1147,0.09192506968975067,2025-04-09 13:54:38.453617,2025-04-09 13:54:46.155835,0 days 00:00:07.702218,0.23527978747139855,0.1492338452200811,16,0.21584510840354543,0.08832637672859116,0.02051123959335569,0.09149932176501935,0.012889709585789926,0.0046173465609473776,2.7433982026891036e-05,22,31,0.01894534369669631,0.16663779184753102,False,False,True,0.00023426543917853246,COMPLETE
1148,0.48577041625976564,2025-04-09 13:54:46.513590,2025-04-09 13:55:08.743125,0 days 00:00:22.229535,0.2629958068493974,0.1758721751558722,2,0.08081701042798389,0.04148850285085399,0.018842184153500825,0.09547649116120419,0.015396667596208839,0.002903070200445477,0.04496967671825255,24,20,0.020902808972547628,0.281089517578168,False,False,False,0.00012676621288695134,COMPLETE
1149,0.4103435814380646,2025-04-09 13:55:09.116602,2025-04-09 13:55:17.283167,0 days 00:00:08.166565,0.28899975218292506,0.10726839468470535,16,0.08887093719420217,0.12215150307257278,0.014271522420978353,0.08998763304359024,0.026174722396869046,0.005975286694929158,0.06331942138219397,26,26,0.023638487556160635,0.29451294892285357,True,False,True,0.0002992464575207782,COMPLETE
1150,0.46278845071792607,2025-04-09 13:55:17.654542,2025-04-09 13:55:25.704861,0 days 00:00:08.050319,0.2359491492635784,0.13418784626423982,16,0.0693754303634516,0.05393783032835251,0.01680006943344935,0.09237068588984527,0.030458953001639547,0.007605632107107185,0.05403799297552698,25,17,0.027061840859672136,0.2851366041550849,False,False,True,0.0001625945145172422,COMPLETE
1151,0.44517686367034914,2025-04-09 13:55:26.080158,2025-04-09 13:55:33.957326,0 days 00:00:07.877168,0.266243324041177,0.19715170891688003,16,0.061115499516154075,0.04615909266252105,0.021170661498660023,0.0952351143256043,0.03753111104740392,0.0010483914467269483,0.07409427589797418,23,28,0.01717386058913495,0.29998466970104215,False,False,True,0.00019361901318998796,COMPLETE
1152,0.4512594819068909,2025-04-09 13:55:34.332290,2025-04-09 13:55:42.420380,0 days 00:00:08.088090,0.2472895623568703,0.2418436963056486,16,0.09167018329838929,0.03462408659424674,0.04853569954444952,0.08518919132174235,0.023813608646219703,0.07155320181108578,0.04976299958115534,26,22,0.023070808128994674,0.27688711326617577,False,False,True,3.3110487239336564e-06,COMPLETE
1153,0.36342833638191224,2025-04-09 13:55:42.792441,2025-04-09 13:55:50.703435,0 days 00:00:07.910994,0.3283631194231173,0.16082551278485402,16,0.06776424130731656,0.06695062626850456,0.024421897381741997,0.09325331737358764,0.01839891484705869,0.012193698437136143,0.06273986322209178,24,30,0.01957186095081177,0.28901973957952387,False,False,True,0.00039714686674910724,COMPLETE
1154,0.28771395683288575,2025-04-09 13:55:51.080543,2025-04-09 13:55:59.053009,0 days 00:00:07.972466,0.2982138959927868,0.22008794760045078,16,0.0955297807103547,0.057772917981235405,0.018903779880072302,0.08827297600007726,0.026601317223990596,0.0044760685962149434,0.08727903837141388,24,26,0.025390184870010803,0.2836334691988521,False,False,True,0.00023263198281734085,COMPLETE
1155,0.42702063322067263,2025-04-09 13:55:59.429944,2025-04-09 13:56:07.454470,0 days 00:00:08.024526,0.2322314543699244,0.10761457130474845,16,0.08808866868818438,0.03706356407263413,0.002378539217502082,0.06087199548349735,0.029355997025838926,0.0025978618353088762,0.04510047088300828,25,24,0.02193380568948481,0.29985295145322416,False,True,True,0.00013535122749499973,COMPLETE
1156,0.4606763243675232,2025-04-09 13:56:07.832793,2025-04-09 13:56:16.055668,0 days 00:00:08.222875,0.3206930177655498,0.17558051472859817,16,0.08015409336648874,0.04431307948425732,0.014979933605538596,0.09058545350817374,0.020673558892362016,0.07497731477427136,0.0074590868792670075,27,18,0.029052899064942284,0.29320790758417353,False,False,True,0.00018568058118484306,COMPLETE
1157,0.3493867814540863,2025-04-09 13:56:16.432470,2025-04-09 13:56:24.530932,0 days 00:00:08.098462,0.3656143199990955,0.3094345974477461,16,0.07400519557054622,0.04908290330515273,0.08932689728439214,0.09532734681775382,0.023303941453667928,0.005871598444933193,0.0721456197451382,26,13,0.024298637599566384,0.1816621061411593,False,False,True,3.4913757884846747e-07,COMPLETE
1158,0.5736446976661682,2025-04-09 13:56:24.906895,2025-04-09 13:56:32.757068,0 days 00:00:07.850173,0.288509034806579,0.14185951392609064,16,0.08494065666919333,0.0346853333034655,0.01691153921875272,0.09223430862365611,0.025572400200464356,0.00983441578048371,0.056930355118602574,23,21,0.015985977936349188,0.29996317109857906,False,False,True,0.0002864887980548367,COMPLETE
1159,0.1607026994228363,2025-04-09 13:56:33.134995,2025-04-09 13:56:41.114623,0 days 00:00:07.979628,0.2523815241046561,0.10562051136160003,16,0.09714492617871148,0.0785781270863409,0.02277121176884364,0.09437734571717299,0.0343782110137319,0.007603350426803762,6.176211813685473e-05,25,31,0.020460418324459138,0.2776851797457619,False,False,True,0.00015343395450656078,COMPLETE
1160,0.33117687702178955,2025-04-09 13:56:41.494653,2025-04-09 13:56:49.656224,0 days 00:00:08.161571,0.23229258197671318,0.2063236948118715,16,0.08047849561345524,0.053568552364765695,0.01948037595975658,0.04161287288982209,0.017142028753673058,0.0037291329995097562,0.08490935412640223,26,27,0.027418819986629428,0.2883905588606448,False,False,True,2.1364892271455365e-07,COMPLETE
1161,0.5608127355575562,2025-04-09 13:56:50.038150,2025-04-09 13:56:58.094109,0 days 00:00:08.055959,0.2699804360876286,0.108247757902831,16,0.09431606865351348,0.04330792172913234,0.05130124183425431,0.08732825844502548,0.013550525926997908,0.0010798985720719594,0.04423376792816014,25,23,0.018340923802807312,0.2936926796507417,False,False,True,0.00011072046254328727,COMPLETE
1162,0.41337021589279177,2025-04-09 13:56:58.473199,2025-04-09 13:57:17.324941,0 days 00:00:18.851742,0.23428392246430613,0.13362046669932304,2,0.07437064041049625,0.06060356369006689,0.01634804818721406,0.08981180288820363,0.03249592970288734,0.005324188093863112,0.06614109269358918,24,28,0.022817239729201917,0.28361829605257227,False,False,True,0.00025344833202132436,COMPLETE
1163,0.2627711594104767,2025-04-09 13:57:17.702983,2025-04-09 13:57:24.936598,0 days 00:00:07.233615,0.28524629373049015,0.1211946396690187,16,0.05778320918345903,0.038975220194439816,0.014071501932827435,0.0916948803644998,0.027583296767999605,0.008477431908903904,0.05343794560695038,16,20,0.030493530656541788,0.1534554196333095,False,False,True,0.00036017138051544403,COMPLETE
1164,0.566994571685791,2025-04-09 13:57:25.316983,2025-04-09 13:57:33.262368,0 days 00:00:07.945385,0.387231808655916,0.1944276131616252,16,0.08457471919119515,0.0326436628322781,0.02152069047545006,0.09435922996819587,0.021579393582189098,0.0036082968576849235,0.07174587596946506,24,25,0.02638474749869043,0.28890073683228185,False,False,True,0.00020944292187634683,COMPLETE
1165,0.5211579561233521,2025-04-09 13:57:33.637304,2025-04-09 13:57:41.410436,0 days 00:00:07.773132,0.25762159852608846,0.15897968602806165,16,0.06987938163597865,0.04983437464318406,0.017931479546158088,0.09536603438836384,0.024722739190166265,0.006588576711256778,0.05697270766969047,21,31,0.0218236091937426,0.2768984508357786,False,False,True,0.00014417205892482062,COMPLETE
1166,0.3396280288696289,2025-04-09 13:57:41.786819,2025-04-09 13:57:49.793764,0 days 00:00:08.006945,0.348349923910778,0.10677667494663834,16,0.10094434065105941,0.2341147775430505,0.013936868116285615,0.092787608933725,0.028337180162277265,0.028310072958643146,0.0438298610772426,25,16,0.024875030509952867,0.2844022384359249,False,False,True,0.0002941860970015393,COMPLETE
1167,0.47208193540573123,2025-04-09 13:57:50.173238,2025-04-09 13:57:58.894168,0 days 00:00:08.720930,0.31190028896779637,0.24989034424172524,16,0.08934736772995577,0.03901146323745373,0.01899828051780472,0.08929431190569505,0.030167607395565257,0.010810023476957704,0.08621197851979069,26,23,0.019668800930026258,0.2932737254389547,False,False,False,0.00011529033806468565,COMPLETE
1168,0.5346081733703614,2025-04-09 13:57:59.273134,2025-04-09 13:58:07.180324,0 days 00:00:07.907190,0.2280080482391344,0.1785843831718137,16,0.09654836140522494,0.06450245078450335,0.01597059849998789,0.08638865564265409,0.01115037410359942,0.002719817059212626,0.0638182473571951,23,28,0.023613330013952327,0.2949226043664281,True,False,True,0.00019149827953241177,COMPLETE
1169,0.4029081225395203,2025-04-09 13:58:07.563952,2025-04-09 13:58:15.570463,0 days 00:00:08.006511,0.2541712865562005,0.15743252765652713,16,0.07964812606798954,0.04431382050220321,0.025179003179227145,0.09195037652603194,0.023453453933001835,0.004654228030942336,0.05153063074016441,25,45,0.018185843176595877,0.29991921681000644,False,False,True,0.0004152916558098224,COMPLETE
1170,0.2668856084346771,2025-04-09 13:58:15.951783,2025-04-09 13:58:23.844503,0 days 00:00:07.892720,0.9996164136463209,0.22391008006801633,16,0.06463275853593886,0.05464700292923771,0.021032047312823807,0.04955375199232595,0.019855016760834267,0.001044754138832562,0.0997122856337514,24,19,0.04967447208187584,0.27549988829547933,False,False,True,0.00020983071734110415,COMPLETE
1171,0.4683188199996949,2025-04-09 13:58:24.227286,2025-04-09 13:58:32.042933,0 days 00:00:07.815647,0.4364643080478031,0.12778005042862745,16,0.09351522059781557,0.0336742372423513,0.029283365157017294,0.09518537230064258,0.026789833797387537,0.007528827524562418,0.009928752488275705,22,25,0.016597981239565573,0.2888873124790046,False,False,True,0.00016642435903582384,COMPLETE
1172,0.4740498423576355,2025-04-09 13:58:32.423692,2025-04-09 13:58:40.602799,0 days 00:00:08.179107,0.28364361452896625,0.1007266236080695,16,0.08774903252984186,0.05039030700406026,0.08302033572976122,0.09047060998242586,0.015130752867208143,0.005514070478838052,0.07472648583986141,27,31,0.021202526021399375,0.281130849040112,False,False,True,0.0002535907586144903,COMPLETE
1173,0.5593519091606141,2025-04-09 13:58:40.986367,2025-04-09 13:58:49.093592,0 days 00:00:08.107225,0.3038943422010265,0.17091012454847193,16,0.0734055940755011,0.04079120342349225,0.017258320416573315,0.09316152473327613,0.03214573469825774,0.002790639477913082,0.04452180416553912,26,21,0.032374084948841135,0.191805027583632,False,False,True,0.00012847565984130748,COMPLETE
1174,0.40684338808059695,2025-04-09 13:58:49.475098,2025-04-09 13:58:57.354914,0 days 00:00:07.879816,0.2334908478813951,0.27873951431043587,16,0.10132089188928674,0.0584874625189383,0.015117478927506789,0.09510311343424602,0.01837536745384878,0.008901983133782237,0.059959855169023246,23,27,0.027472220945491826,0.23887576625753573,False,True,True,0.00035730464881287785,COMPLETE
1175,0.6078322649002076,2025-04-09 13:58:57.740535,2025-04-09 13:59:05.683382,0 days 00:00:07.942847,0.268903235375946,0.1001699382952575,16,0.16259303306025433,0.030833285826492668,0.04675087033659972,0.09116997801806402,0.029090832121820624,0.004307239788495343,0.05061722003003507,25,23,0.024756856780723268,0.2934914464818962,False,False,True,0.0002506776488821489,COMPLETE
1176,0.6039375185966491,2025-04-09 13:59:06.065488,2025-04-09 13:59:14.075231,0 days 00:00:08.009743,0.27405955045873215,0.13352063704926043,16,0.1620068390452415,0.03205371257163327,0.046934659736184464,0.08828288575782724,0.02989217310863452,0.007067213935478092,0.04106535932896504,25,29,0.02599531622199,0.2941961335641565,False,False,True,0.0003012580055355042,COMPLETE
1177,0.49803999662399295,2025-04-09 13:59:14.457665,2025-04-09 13:59:22.377976,0 days 00:00:07.920311,0.2892294302190205,0.11817824006253326,16,0.16650930011868256,0.03416289054287696,0.04672701195523345,0.08533318077968666,0.02886747664742892,0.011076626546930412,0.04320535625927602,25,33,0.029839355885439373,0.29432441233066214,False,False,True,0.0003539584969074474,COMPLETE
1178,0.425406289100647,2025-04-09 13:59:22.772924,2025-04-09 13:59:30.758048,0 days 00:00:07.985124,0.2784697857448783,0.13272289563484832,16,0.17516029812292921,0.03294283395712996,0.04751371379323601,0.08429663860382908,0.031621831393918325,0.008433315112705127,0.039155664264534665,25,31,0.026378632785580773,0.2944745832052148,False,False,True,0.00044228635392371473,COMPLETE
1179,0.5762876510620117,2025-04-09 13:59:31.143401,2025-04-09 13:59:39.199877,0 days 00:00:08.056476,0.2673371665449632,0.12393599026137178,16,0.08008076435715863,0.0380289292975155,0.04897037490886813,0.08723319097389207,0.030136225855593838,0.006441455303381008,0.036668382829423335,25,29,0.028831399457086616,0.28880507807260763,False,False,True,0.0003247852317560451,COMPLETE
1180,0.5564839720726014,2025-04-09 13:59:39.582433,2025-04-09 13:59:47.510952,0 days 00:00:07.928519,0.30250858615889503,0.13534283958122342,16,0.16358593442586594,0.04210602788308533,0.0459857101428022,0.08828057620102148,0.03409463256065499,0.009676666288943788,0.04361279439740245,25,33,0.027503754111842343,0.2939755707558669,False,False,True,0.00029252904728352294,COMPLETE
1181,0.5661359786987306,2025-04-09 13:59:47.897658,2025-04-09 13:59:56.046247,0 days 00:00:08.148589,0.2827587161357064,0.1541265908382703,16,0.047996474054542056,0.03397183649913195,0.048648594483552195,0.08563326218461133,0.03048973054772909,0.014788164391698774,0.04198207509465279,26,29,0.025821109858663385,0.28684725743918094,False,False,True,0.00027340567222577754,COMPLETE
1182,0.47970118522644045,2025-04-09 13:59:56.433946,2025-04-09 14:00:04.493037,0 days 00:00:08.059091,0.32448951420381444,0.14491153245595673,16,0.16706139000556747,0.031438158489354905,0.04527462956999118,0.08769774670823259,0.028900047896920834,0.0070521721013381165,0.04689047086458527,25,34,0.05530440991471077,0.29980755267040365,False,False,True,0.0004234709241537137,COMPLETE
1183,0.46159230470657353,2025-04-09 14:00:04.878003,2025-04-09 14:00:12.727933,0 days 00:00:07.849930,0.26683575067753307,0.11556738008301434,16,0.1701207753007482,0.03998612555066322,0.047099383641795,0.08421279734568171,0.03242579446340903,0.005734253660275312,0.0015280564495435528,24,26,0.028775695847303415,0.2937970487908029,False,False,True,0.00030785222357687235,COMPLETE
