number,value,datetime_start,datetime_complete,duration,params_alpha-eval,params_alpha-train,params_batch-size,params_eps-eval,params_eps-train,params_lambda-actions-eval,params_lambda-actions-train,params_lambda-frames-eval,params_lambda-frames-train,params_learning-rate,params_n-epochs,params_n-frames,params_radius-gw,params_rho,params_std-feats,params_ub-actions,params_ub-frames,params_weight-decay,state
1297,0.09952584356069566,2025-04-16 20:49:40.878186,2025-04-16 20:50:01.139024,0 days 00:00:20.260838,0.5724955412776365,0.979666246953212,2,0.1007070283657226,0.23446941233371826,0.08553621248625322,0.09217526232993575,0.0861391013822439,0.05898958101914683,2.8749471540659962e-05,26,141,0.009609063905120709,0.23364311866491594,False,True,False,9.463404367840287e-06,COMPLETE
1298,0.3408210158348084,2025-04-16 20:50:01.563088,2025-04-16 20:50:25.305934,0 days 00:00:23.742846,0.5464057098369125,0.9977259959731964,2,0.10252057282969458,0.23728461628058248,0.08347029409864286,0.0925594322745687,0.08929342533244469,0.059653123970054345,3.6669232958755657e-05,27,138,0.0067415676293695985,0.2374419791956601,False,False,False,1.986534120166876e-05,COMPLETE
1299,0.6075833320617676,2025-04-16 20:50:25.726537,2025-04-16 20:50:48.851287,0 days 00:00:23.124750,0.5008810636375753,0.9762065768029415,2,0.09805875123515873,0.24245122893856266,0.08842440641704269,0.09183407838463824,0.0881915288604172,0.06163503508872918,4.379814902264898e-05,26,136,0.010445407431056934,0.2381432501041805,False,False,False,1.3189386770224084e-05,COMPLETE
1300,0.5003123641014099,2025-04-16 20:50:49.271025,2025-04-16 20:51:12.589836,0 days 00:00:23.318811,0.5128247985654995,0.9757566778380383,2,0.09736355625632656,0.2258622671969731,0.08819727651315794,0.09010615482540876,0.08778869197955419,0.05993734473563173,2.7770942954028167e-05,26,142,0.008320095004255764,0.22990682746900265,False,False,False,1.2203906420933472e-05,COMPLETE
1301,0.34231939911842346,2025-04-16 20:51:13.009638,2025-04-16 20:51:36.844876,0 days 00:00:23.835238,0.4988821446274886,0.9816901842957632,2,0.10303408863027363,0.22818070441663935,0.08509557057321787,0.09084017704863902,0.08871495906436795,0.06405337417254221,3.2650169877954335e-05,27,139,0.004432181826272801,0.2295834376811184,False,False,False,1.524183179293699e-05,COMPLETE
1302,0.5957391023635865,2025-04-16 20:51:37.270332,2025-04-16 20:52:00.244247,0 days 00:00:22.973915,0.5170145866178686,0.9798744896394668,2,0.11062235820126365,0.24448864067255063,0.08924560040995692,0.09299205810538841,0.0892946014414154,0.06232810199074548,3.968635194706005e-05,26,140,0.008852974121268887,0.23257597773473984,False,False,False,1.675448670071196e-05,COMPLETE
1303,0.45914276838302615,2025-04-16 20:52:00.660871,2025-04-16 20:52:23.724309,0 days 00:00:23.063438,0.5114964368931404,0.9986137324882093,2,0.09663397418693645,0.23309361663173248,0.08982495478261474,0.09083484872781546,0.09105179759381535,0.06146667851368859,0.005449863175600517,26,137,0.010640750553402719,0.23840802369802888,False,False,False,2.2487034943098043e-05,COMPLETE
1304,0.33822283744812015,2025-04-16 20:52:24.144646,2025-04-16 20:52:48.324316,0 days 00:00:24.179670,0.5294943963421938,0.9624400195154699,2,0.0961240395572796,0.23923688714363658,0.08756091447851659,0.09370247735405776,0.08979338594900291,0.0596463198520806,4.360180305224819e-05,27,137,0.0065199505713169955,0.23428577954839996,False,False,False,1.2824596956916727e-05,COMPLETE
1305,0.3391818642616272,2025-04-16 20:52:48.745879,2025-04-16 20:53:12.007234,0 days 00:00:23.261355,0.5049474250436152,0.963145401582122,2,0.10590266029607888,0.23173143595780482,0.08687806712056771,0.09656538977321374,0.09370177784231251,0.06197548572850927,3.275694219131119e-05,26,140,0.010797514756708135,0.2403665309341929,True,False,False,1.4605321459554496e-05,COMPLETE
1306,0.6025600790977478,2025-04-16 20:53:12.457923,2025-04-16 20:53:36.128034,0 days 00:00:23.670111,0.5383977310099831,0.9811675050843152,2,0.10488740430078483,0.2453964766470271,0.0884781462832309,0.09115061375332494,0.08590203654109115,0.061380307932515074,4.373678332834654e-05,27,136,0.0086437283822966,0.23346790444507698,False,False,False,1.0216656836303379e-05,COMPLETE
1307,0.6000036239624024,2025-04-16 20:53:36.557402,2025-04-16 20:53:59.797979,0 days 00:00:23.240577,0.5086572970968994,0.9582294294838373,2,0.09567097036308288,0.253178779799184,0.08529504179625925,0.09540179128146609,0.08728920592560968,0.06362645181070865,3.8200135354000056e-05,26,135,0.010919502206421718,0.23932626854298272,False,False,False,1.8007540978776782e-05,COMPLETE
1308,0.3389028370380402,2025-04-16 20:54:00.223639,2025-04-16 20:54:23.425009,0 days 00:00:23.201370,0.5380864873294618,0.9811580334511609,2,0.11338999734348024,0.22947738558570738,0.08279186155720167,0.09353403521908564,0.0875457186108441,0.06093452934523149,4.4863375372841535e-05,26,142,0.006290091832497364,0.2260238038203104,False,False,False,2.5260711684494914e-05,COMPLETE
1309,0.36198093295097356,2025-04-16 20:54:23.849140,2025-04-16 20:54:48.260582,0 days 00:00:24.411442,0.5265751381583187,0.9555821133850302,2,0.09530305970250523,0.2445448813445183,0.0857456494931103,0.09199287883238301,0.08556901315915603,0.06447841687151193,2.1229828642831902e-05,28,144,0.008624956642330164,0.23932612657326569,False,False,False,9.776701824278539e-06,COMPLETE
1310,0.5140366792678833,2025-04-16 20:54:48.685689,2025-04-16 20:55:12.564993,0 days 00:00:23.879304,0.5025799269033133,0.9990568851181608,2,0.1024431882051669,0.24040738842952702,0.08836939891860615,0.09545882118426804,0.09192636871669507,0.05836597492153951,2.8031263829960526e-05,27,138,0.010996821422877449,0.24369738651207762,False,False,False,1.208269138814483e-05,COMPLETE
1311,0.4330859899520874,2025-04-16 20:55:13.001152,2025-04-16 20:55:36.139653,0 days 00:00:23.138501,0.5263525073441757,0.9736182583961648,2,0.11268331623295857,0.25148031319286074,0.09086159353079426,0.09806554434010042,0.09090321768595769,0.06621661655497037,0.0032940428590241305,26,136,0.008962225448062218,0.24418886426592695,False,False,False,8.980120830956933e-06,COMPLETE
1312,0.3407471776008606,2025-04-16 20:55:36.567463,2025-04-16 20:56:01.060920,0 days 00:00:24.493457,0.5286677442983262,0.9508560299724856,2,0.09411449409704808,0.2304037560058499,0.08386222503577138,0.09070148219677576,0.08373131161266345,0.06317777410673521,3.6853331869255195e-05,28,134,0.0025220549563760627,0.23221846656689163,False,False,False,1.4591190653162543e-05,COMPLETE
1313,0.08790348917245866,2025-04-16 20:56:01.484259,2025-04-16 20:56:22.257196,0 days 00:00:20.772937,0.5031674424679621,0.9757262548170161,2,0.10049872255825207,0.23812224726556155,0.08203081756503967,0.09364217872233414,0.08446727250160903,0.06522850647411396,4.616609604138264e-05,27,139,0.01116989352940092,0.23772710047837803,False,False,True,1.0881561206964848e-05,COMPLETE
1314,0.34140856862068175,2025-04-16 20:56:22.681637,2025-04-16 20:56:46.155008,0 days 00:00:23.473371,0.5062499995952863,0.9993074799927409,2,0.10537517555742154,0.2561364370654803,0.08642196377236866,0.09616635508351355,0.08213911921422483,0.06119712023518862,3.668244042719056e-05,26,137,0.007047716151620928,0.24481746139666505,False,False,False,8.830910582710583e-06,COMPLETE
1315,0.6076012015342713,2025-04-16 20:56:46.597323,2025-04-16 20:57:10.282884,0 days 00:00:23.685561,0.5392420282372161,0.9986211849428731,2,0.09210821685502983,0.24663401032551077,0.08338432275738386,0.0935648468683667,0.08773374617042298,0.060075773204288654,4.818020453522802e-05,27,134,0.011582271208606533,0.24566812345085515,False,False,False,1.5032288353362326e-05,COMPLETE
1316,0.09467851221561432,2025-04-16 20:57:10.715258,2025-04-16 20:57:32.310812,0 days 00:00:21.595554,0.5173299866391116,0.9734563069672478,2,0.09541231944475095,0.24772370608654012,0.08351063402014439,0.09360482639270236,0.08875956031586572,0.057062218195152274,4.800276366090123e-05,28,141,0.004811793584764817,0.22939552996297197,False,True,False,2.0623060110773637e-05,COMPLETE
1317,0.6028932929039001,2025-04-16 20:57:32.738482,2025-04-16 20:57:57.186767,0 days 00:00:24.448285,0.5430850785161936,0.9870416824451843,2,0.09803264128457713,0.24746005525687131,0.08717945214206506,0.09099711838467586,0.0931123039150487,0.058375808361375396,4.8796710391343886e-05,28,134,0.008305854280633554,0.23616211313688354,False,False,False,1.5770127605804737e-05,COMPLETE
1318,0.336383855342865,2025-04-16 20:57:57.613345,2025-04-16 20:58:21.357602,0 days 00:00:23.744257,0.5147177993623862,0.982288737469611,2,0.10489981024395431,0.244346224030507,0.08445168364362586,0.09509388381808452,0.08628451359618809,0.06046094367056325,5.1336191621271576e-05,27,49,0.010107289770620552,0.24268785423114952,False,False,False,2.6251746323063083e-05,COMPLETE
1319,0.33730224967002875,2025-04-16 20:58:21.784314,2025-04-16 20:58:45.696188,0 days 00:00:23.911874,0.5562207074257273,0.9994115466825131,2,0.09276059524461461,0.25481482676728023,0.08171336540515728,0.09732550496236723,0.09465424302042592,0.05992528469705155,4.550379639034413e-05,27,135,0.007018030757429073,0.2230974876055233,False,False,False,1.84026511208976e-05,COMPLETE
1320,0.34131653904914855,2025-04-16 20:58:46.128540,2025-04-16 20:59:10.758711,0 days 00:00:24.630171,0.5559000801368311,0.9978671974133947,2,0.09861533970157824,0.23580323856372234,0.08325403965487194,0.09156609107303806,0.09172707235804849,0.06275318764253146,3.2944415104010086e-05,28,138,0.00624554396037538,0.24031085477424807,False,False,False,1.6548470085159212e-05,COMPLETE
1321,0.5896460175514222,2025-04-16 20:59:11.179957,2025-04-16 20:59:34.813884,0 days 00:00:23.633927,0.5423442036472372,0.9660971985647606,2,0.11365487758075532,0.24063323821112928,0.08532929056298831,0.09360989672553677,0.08775469062756892,0.05948394837271322,5.458637701560146e-05,27,135,0.011467475231517803,0.2346998392256662,False,False,False,1.1859723867660885e-05,COMPLETE
1322,0.602545177936554,2025-04-16 20:59:35.243849,2025-04-16 20:59:58.941255,0 days 00:00:23.697406,0.49149321711166294,0.9797532318506664,2,0.09433015281825893,0.2570744355725425,0.08236067934916956,0.09843749758411866,0.08903677523760371,0.064031712806637,3.8586755195336394e-05,27,141,0.009375545964552472,0.2461847487522676,False,False,False,1.3476328117615692e-05,COMPLETE
1323,0.36843618750572205,2025-04-16 20:59:59.384734,2025-04-16 21:00:24.139232,0 days 00:00:24.754498,0.5273289700455069,0.9978479095341123,2,0.10687275453879348,0.25010035212192944,0.08669371093825441,0.09541229007042101,0.08516875083250754,0.05694379492462751,4.7317016877933805e-05,28,133,0.010002727426464493,0.24488058431944557,True,False,False,1.3329640565419701e-05,COMPLETE
1324,0.5826958417892456,2025-04-16 21:00:24.571985,2025-04-16 21:00:48.484455,0 days 00:00:23.912470,0.5418901365671653,0.9592411909804724,2,0.10055907346352759,0.2438477996757811,0.0815110127400024,0.09981637186649235,0.08998104711284514,0.06799485822499818,5.59900637659297e-05,27,138,0.011283366736742415,0.2388608744826893,False,False,False,2.243654543438003e-05,COMPLETE
1325,0.6060692787170411,2025-04-16 21:00:48.911695,2025-04-16 21:01:13.373473,0 days 00:00:24.461778,0.49623910493930634,0.9792726034734806,2,0.094825072939247,0.23464057957321213,0.08387894880286507,0.09003909741263276,0.0874217163840596,0.06571668211375123,4.143183431537494e-05,28,135,0.008798620001387572,0.2328170875195842,False,False,False,1.0417756602024344e-05,COMPLETE
1326,0.3488098442554474,2025-04-16 21:01:13.803199,2025-04-16 21:01:38.344044,0 days 00:00:24.540845,0.4982368298667076,0.9983214270842622,2,0.09262741264644365,0.23020149423370515,0.0884602013182611,0.09047370405101617,0.09156480018173069,0.06567821931811987,2.4373586024911698e-05,28,71,0.007874325695995658,0.2190930107234364,False,False,False,1.126950114761594e-05,COMPLETE
1327,0.34172027707099917,2025-04-16 21:01:38.773757,2025-04-16 21:02:03.230439,0 days 00:00:24.456682,0.5018125454519791,0.9811767854956479,2,0.10131051486361636,0.23445305392360766,0.08404414137669211,0.09257772437402173,0.0901003659666531,0.06239055611369934,3.5195918601258323e-05,28,145,0.004798463256838368,0.2290760845124915,False,False,False,1.7701559817603168e-05,COMPLETE
1328,0.34386950731277466,2025-04-16 21:02:03.663053,2025-04-16 21:02:28.179865,0 days 00:00:24.516812,0.5147504291740793,0.9675782979616476,2,0.09269953789475868,0.2386248222638426,0.08988257120337641,0.09041900273666086,0.087331450899385,0.06604860698486384,2.8605253448401858e-05,28,144,0.004354248609434354,0.23384141052788626,False,False,False,9.109348123599094e-06,COMPLETE
1329,0.5790782928466798,2025-04-16 21:02:28.607534,2025-04-16 21:02:52.846034,0 days 00:00:24.238500,0.5523551883325538,0.9788303358527988,2,0.10632480634094134,0.22449895162974196,0.08726331697790146,0.0912354292641515,0.08760433440011035,0.06845061249612358,3.193008955692428e-05,28,139,0.007610337936749626,0.2249984573307577,False,False,False,1.4522196670085122e-05,COMPLETE
1330,0.44822106361389163,2025-04-16 21:02:53.277189,2025-04-16 21:03:17.057960,0 days 00:00:23.780771,0.49510796456764167,0.9574476566547592,2,0.09914438559002423,0.23109200468121427,0.08639777605340776,0.09364544029900797,0.08840215794392235,0.06375254281232345,0.0006377406339127896,27,136,0.00863143975338878,0.23111616204693217,False,False,False,1.0991188406126663e-05,COMPLETE
1331,0.3394853532314301,2025-04-16 21:03:17.485121,2025-04-16 21:03:41.869528,0 days 00:00:24.384407,0.5197263543267435,0.981139468127286,2,0.09210105652513176,0.2475634626082733,0.08469235663815967,0.09253106167553111,0.08458048841127425,0.0611612038791033,4.0556582397089244e-05,28,140,0.005883328202093103,0.22319277476882096,False,False,False,1.3793123947773894e-05,COMPLETE
1332,0.5043879628181458,2025-04-16 21:03:42.321148,2025-04-16 21:04:06.618658,0 days 00:00:24.297510,0.491737525613869,0.9489867071687844,2,0.10947859802204746,0.23848610112569976,0.0840456886933357,0.0961353390259676,0.08700463717661973,0.06563146157368656,2.5691717245226948e-05,28,135,0.009475432647837923,0.23387692802577364,False,False,False,8.930008519215287e-06,COMPLETE
1333,0.59553462266922,2025-04-16 21:04:07.048315,2025-04-16 21:04:30.932888,0 days 00:00:23.884573,0.5424417540247841,0.9629873198566976,2,0.09808706696025364,0.2521537544936104,0.08480579256203173,0.08983598115476524,0.08573453542392519,0.06320590676428953,3.848163299494189e-05,27,138,0.011589820479529887,0.22680726504137008,False,False,False,1.0420333374817173e-05,COMPLETE
1334,0.3431955337524414,2025-04-16 21:04:31.367601,2025-04-16 21:04:55.861232,0 days 00:00:24.493631,0.4929763370094585,0.9969838940062281,2,0.09284918845547435,0.243481092409623,0.08235492688054213,0.09467741587173836,0.08385142923098848,0.06774137989127371,3.17738638793887e-05,28,132,0.0027114045864506404,0.2379156003635808,False,False,False,1.8505231332919827e-05,COMPLETE
1335,0.5978546977043152,2025-04-16 21:04:56.292981,2025-04-16 21:05:19.865377,0 days 00:00:23.572396,0.5587287879208692,0.9779752279082543,2,0.10311977810867154,0.22814911105363625,0.08563906666300732,0.09289255039464787,0.08640340455458861,0.05822147398468541,4.188826879998022e-05,27,142,0.007614332899664781,0.2302403557454615,False,False,False,1.3004827068647723e-05,COMPLETE
1336,0.09215089827775956,2025-04-16 21:05:20.299060,2025-04-16 21:05:41.269076,0 days 00:00:20.970016,0.517621126136703,0.9493706851678231,2,0.11411846958331515,0.2601736307966973,0.09194177738536623,0.08997083156939163,0.08907064778561584,0.06943734305159491,4.501392447186219e-05,27,135,0.009745592011783379,0.2404304754567903,False,True,True,8.626976755678336e-06,COMPLETE
1337,0.34110860824584965,2025-04-16 21:05:41.699477,2025-04-16 21:06:06.264725,0 days 00:00:24.565248,0.5300790652553838,0.9703837685722961,2,0.09723917783621498,0.23600031508728925,0.08259931996820338,0.09687837927112614,0.08420157973994466,0.06491293295366082,3.463087585154594e-05,28,132,0.006413354445450463,0.23354132658472268,False,False,False,1.0800276416932453e-05,COMPLETE
1338,0.6074324607849122,2025-04-16 21:06:06.698254,2025-04-16 21:06:30.455033,0 days 00:00:23.756779,0.5369397887940256,0.999172536894243,2,0.09147995335569195,0.24737300776923987,0.08084230640770473,0.09476528423753028,0.09023984149245289,0.0684102712554421,4.425083414197907e-05,27,137,0.011587805770411082,0.24170408914790759,False,False,False,1.591330419513478e-05,COMPLETE
1339,0.5526094675064087,2025-04-16 21:06:30.909404,2025-04-16 21:06:54.728813,0 days 00:00:23.819409,0.5538847911476894,0.9997780040289451,2,0.1027407707202455,0.2506367130707027,0.08052730639292192,0.0975306572929476,0.0917173487892058,0.07020787161245627,4.825023121348377e-05,27,144,0.011678455693012225,0.24218199699033696,False,False,False,1.5314521913207543e-05,COMPLETE
1340,0.5824398040771485,2025-04-16 21:06:55.167162,2025-04-16 21:07:18.260187,0 days 00:00:23.093025,0.5373305061282813,0.9863316707106528,2,0.09270610383284286,0.25654536999593336,0.08086677407928518,0.09506301179244626,0.09058828932458708,0.06867551413921576,5.973897866293905e-05,26,140,0.011391027553283169,0.2458158547058951,False,False,False,2.7611548360527827e-05,COMPLETE
1341,0.608082127571106,2025-04-16 21:07:18.695316,2025-04-16 21:07:42.373332,0 days 00:00:23.678016,0.5531352318279513,0.9980804569434517,2,0.0918656951447086,0.2517966236184192,0.0811613586222112,0.09575773053453102,0.09607850926827652,0.060507845194467724,4.66344201570661e-05,27,138,0.01183916991906845,0.24408404502869518,False,False,False,2.122565446286e-05,COMPLETE
1342,0.3533040821552277,2025-04-16 21:07:42.808417,2025-04-16 21:08:06.811706,0 days 00:00:24.003289,0.5567846424245565,0.9984018399851238,2,0.09135395241819658,0.24972654442732767,0.08108374983322791,0.0983378896559841,0.09772069378729925,0.06779912514102004,3.3273438285780395e-05,27,143,0.011708552670764752,0.23877909065073388,True,False,False,1.673243766384802e-05,COMPLETE
1343,0.33225400447845466,2025-04-16 21:08:07.250983,2025-04-16 21:08:31.017113,0 days 00:00:23.766130,0.5429728509970817,0.9971994031426041,2,0.09104327058145384,0.24632561663614516,0.08237635767798508,0.09642401470448453,0.09477634468864553,0.0614099226318688,3.8487958437307485e-05,27,38,0.010254093029815324,0.2411220887539594,False,False,False,2.2523752773299686e-05,COMPLETE
1344,0.535163164138794,2025-04-16 21:08:31.452815,2025-04-16 21:08:55.306331,0 days 00:00:23.853516,0.5632769192699134,0.965644767418354,2,0.10115956130882595,0.2551391226979978,0.07980041065648574,0.09431998828297372,0.09834038825684786,0.07036007404682963,2.9433167468744748e-05,27,142,0.01191669407753107,0.24636094649201082,False,False,False,2.9227496212550067e-05,COMPLETE
1345,0.5312340378761292,2025-04-16 21:08:55.739801,2025-04-16 21:09:19.603141,0 days 00:00:23.863340,0.5376189495828411,0.9823635310221585,2,0.10768296207660087,0.24265182616649184,0.08221792517714974,0.09965832265489358,0.09483883413403388,0.06682020235223049,4.213253935615339e-05,27,146,0.009912928677272136,0.23811728600148552,False,False,False,2.055024555267019e-05,COMPLETE
1346,0.5937836647033692,2025-04-16 21:09:20.037546,2025-04-16 21:09:43.762692,0 days 00:00:23.725146,0.563548523251657,0.9819558661590674,2,0.0909544211807575,0.25876640951209084,0.08051786744383777,0.09553912215305874,0.09570504394067739,0.06998224065479348,4.6832383861882596e-05,27,141,0.011841631011986063,0.24257576973021175,False,False,False,2.368312668207296e-05,COMPLETE
1347,0.587495517730713,2025-04-16 21:09:44.214433,2025-04-16 21:10:07.770514,0 days 00:00:23.556081,0.5408523692025149,0.9996792388712811,2,0.09959390830222294,0.2497025268208131,0.08284381347805664,0.09341070980721804,0.09674566438793138,0.06347098616388983,3.68256952858321e-05,27,139,0.012250476449354973,0.24696772340719134,False,False,False,2.072176132089074e-05,COMPLETE
1348,0.5303107619285584,2025-04-16 21:10:08.207927,2025-04-16 21:10:32.018972,0 days 00:00:23.811045,0.5213684312303801,0.9992904197191405,2,0.0917035883380631,0.2537054457143136,0.08493807822465135,0.09744323381441915,0.09335648410771309,0.06017027096451722,2.8976283190468354e-05,27,139,0.009699847237862241,0.23773449421109677,False,False,False,1.95641593212363e-05,COMPLETE
1349,0.5114886283874512,2025-04-16 21:10:32.457081,2025-04-16 21:10:56.036896,0 days 00:00:23.579815,0.5546067989701786,0.9988381232789292,2,0.09976000686333854,0.26381832428028623,0.08059016951759286,0.09552925758536758,0.09438146816639818,0.0670023251945597,4.975904894631337e-05,27,147,0.012378517098912144,0.2468702946811663,False,False,False,1.5895367094545e-05,COMPLETE
1350,0.5996843814849854,2025-04-16 21:10:56.472949,2025-04-16 21:11:19.823163,0 days 00:00:23.350214,0.5676835010933889,0.9621323865541248,2,0.11063774957529655,0.2419989828284074,0.07948725485262442,0.0921509262272586,0.09145316482715309,0.07057909436743104,3.943634943955683e-05,26,139,0.008544811512014578,0.24145670428953578,False,False,False,1.8908932976011568e-05,COMPLETE
1351,0.38317076563835145,2025-04-16 21:11:20.257409,2025-04-16 21:11:44.152294,0 days 00:00:23.894885,0.5305054986758008,0.9997212004488505,2,0.09119048052695346,0.24813167414358714,0.08855677730687497,0.09387812621966118,0.0928137980377712,0.06790525450435422,2.457295952010599e-05,27,142,0.01070263277689612,0.2482069855026232,False,False,False,2.536621980450639e-05,COMPLETE
1352,0.08803632855415344,2025-04-16 21:11:44.587248,2025-04-16 21:12:04.844474,0 days 00:00:20.257226,0.5219044031710378,0.9702835164055799,2,0.09827464840781566,0.2590176689966163,0.08334109557256886,0.09700968599559658,0.0899888842675715,0.06372414135529403,4.680461464418208e-05,26,137,0.01222823585721896,0.23491332201223547,False,False,True,1.402422591982758e-05,COMPLETE
