number,value,datetime_start,datetime_complete,duration,params_alpha-eval,params_alpha-train,params_batch-size,params_eps-eval,params_eps-train,params_lambda-actions-eval,params_lambda-actions-train,params_lambda-frames-eval,params_lambda-frames-train,params_learning-rate,params_n-epochs,params_n-frames,params_radius-gw,params_rho,params_std-feats,params_ub-actions,params_ub-frames,params_weight-decay,state
1183,0.3606891334056855,2025-04-16 20:06:03.683493,2025-04-16 20:06:27.514320,0 days 00:00:23.830827,0.6719604963667603,0.9679663504911582,2,0.0871153103889373,0.09070376462351704,0.07722862411175224,0.08489008067773812,0.06730593461253154,0.06104310726244935,2.794325068573446e-05,27,128,0.018357629813847948,0.12863554232543817,False,False,False,5.391374993245509e-06,COMPLETE
1184,0.5465498208999634,2025-04-16 20:06:27.899208,2025-04-16 20:06:52.127239,0 days 00:00:24.228031,0.7411398300369374,0.8970979678902051,2,0.06786316851302093,0.13019202594813647,0.0707630229320176,0.08291961432279256,0.07749880733630969,0.09357047001844823,5.5503383996427e-05,28,124,0.024487628611481432,0.29430882108769985,False,False,False,1.3938225466416498e-06,COMPLETE
1185,0.6028234243392945,2025-04-16 20:06:52.512755,2025-04-16 20:07:14.374781,0 days 00:00:21.862026,0.651287495684728,0.943397860423873,2,0.08091713022097305,0.06810417576923292,0.07470732551010072,0.07590367417430313,0.08091488648695928,0.09997652950525736,4.5957481150095874e-05,24,131,0.012706288476724725,0.2699910345008269,False,False,False,1.789736273165036e-06,COMPLETE
1186,0.5867006063461304,2025-04-16 20:07:14.761027,2025-04-16 20:07:37.110232,0 days 00:00:22.349205,0.6246676260522097,0.8660585863992073,2,0.07185359261931486,0.0831156305372811,0.07862057727044182,0.0786032199887582,0.07246685259513393,0.08456752812539203,6.092356028786952e-05,25,137,0.01565313467677884,0.2636111343750585,False,False,False,2.4706262412734505e-06,COMPLETE
1187,0.31158676743507385,2025-04-16 20:07:37.495360,2025-04-16 20:07:59.747075,0 days 00:00:22.251715,0.6800509114991297,0.8020342238371012,2,0.0595795406251317,0.24193473417522487,0.07599634203173326,0.08629701850405333,0.08531182606180195,0.08795317132196992,7.600051656521655e-05,24,126,0.010835711638278334,0.2565954247124366,True,False,False,4.141851014620641e-06,COMPLETE
1188,0.3447080492973328,2025-04-16 20:08:00.135137,2025-04-16 20:08:23.122365,0 days 00:00:22.987228,0.7110516399917906,0.9112179084530287,2,0.07522154222521812,0.10259297266312246,0.08037689241096264,0.08102530755660715,0.06971668283863298,0.05793950208063929,3.3418566945055394e-05,26,89,0.021823803268429795,0.24837374256536215,False,False,False,6.4615332383546395e-06,COMPLETE
1189,0.5989250183105469,2025-04-16 20:08:23.506537,2025-04-16 20:08:46.052640,0 days 00:00:22.546103,0.6668846466403061,0.8232418712972506,2,0.09565289058775209,0.12011439294833988,0.07257989528178539,0.017203552642573908,0.07535981238148592,0.08113302226098183,5.0196852378197896e-05,25,134,0.018990732928596207,0.2793536080779683,False,False,False,2.9995574406675325e-06,COMPLETE
1190,0.6019939422607422,2025-04-16 20:08:46.441331,2025-04-16 20:09:09.656131,0 days 00:00:23.214800,0.5925529356169175,0.882727617831625,2,0.08505191451644026,0.11058509350187554,0.08207025303139859,0.08362318979207718,0.0790332411107807,0.07338104303434084,4.094801009909455e-05,26,129,0.014138668885340388,0.2649638146302885,False,False,False,4.970483049887979e-06,COMPLETE
1191,0.571246862411499,2025-04-16 20:09:10.046289,2025-04-16 20:09:31.535723,0 days 00:00:21.489434,0.569274894543382,0.8539624494598402,2,0.06996800223936943,0.09438958129278348,0.07575805907823553,0.08115990477553964,0.07382334935686541,0.09525478585700906,6.652741150989107e-05,23,122,0.016686275351448877,0.24341135246470788,False,False,False,3.584055135553595e-06,COMPLETE
1192,0.4396363258361817,2025-04-16 20:09:31.925030,2025-04-16 20:09:56.110491,0 days 00:00:24.185461,0.6933241589013257,0.9240674240369892,2,0.05394194809011588,0.11643871248108104,0.07002245841682421,0.08583464374801415,0.06843757252585946,0.07671165360928102,0.022884710651306695,28,84,0.012861339682375846,0.25688513801789203,False,False,False,1.94940734727883e-06,COMPLETE
1193,0.5770829677581787,2025-04-16 20:09:56.497889,2025-04-16 20:10:14.707853,0 days 00:00:18.209964,0.6480561006251814,0.95577311063375,2,0.07955887640255893,0.2818282676418595,0.07363856276602111,0.07735719479875466,0.07131804237337046,0.0914498910307181,5.4059917196792134e-05,18,131,0.010121477843584569,0.27261599819008475,False,False,False,2.5626694108977345e-06,COMPLETE
1194,0.34285388588905336,2025-04-16 20:10:15.098366,2025-04-16 20:10:39.009003,0 days 00:00:23.910637,0.6176270512614169,0.8907679815124048,2,0.06430696280220219,0.10528386174489986,0.07789098949054649,0.08212138340678611,0.06626512549630126,0.09707678422258549,3.611953808503596e-05,27,33,0.017669739952490535,0.2497194462116804,False,False,False,4.242397199500046e-06,COMPLETE
1195,0.6005086302757263,2025-04-16 20:10:39.401017,2025-04-16 20:11:01.214901,0 days 00:00:21.813884,0.7216276068158718,0.9350825528718694,2,0.08937858293299022,0.08836686343021607,0.07184229982787936,0.0644546980484986,0.07616958126225346,0.08020292257210843,4.567882347331112e-05,24,127,0.015293821595821508,0.26097698677870107,False,False,False,8.896863301059635e-06,COMPLETE
1196,0.10060462057590486,2025-04-16 20:11:01.606188,2025-04-16 20:11:21.469302,0 days 00:00:19.863114,0.7569809422819309,0.9806597800251293,2,0.07462547664150238,0.29300745340251083,0.07434517658771102,0.06983614565554905,0.08095612851999487,0.08356886401891761,7.408500051690323e-05,25,134,0.020302899212074982,0.2685385188969418,False,False,True,3.2170578226866614e-06,COMPLETE
1197,0.5537173986434937,2025-04-16 20:11:21.858391,2025-04-16 20:11:45.793213,0 days 00:00:23.934822,0.6367999246204,0.8467937265846287,2,0.06592615024351701,0.09847902129109672,0.011385904900636797,0.07918976934036828,0.07812873817900264,0.08575540828349662,6.00508492111495e-05,27,116,0.022803444601448657,0.2526413610466457,False,False,False,5.8503501546435055e-06,COMPLETE
1198,0.4400723218917847,2025-04-16 20:11:46.182333,2025-04-16 20:12:09.183243,0 days 00:00:23.000910,0.660726767282322,0.908456414793179,2,0.08017273581422361,0.07739299326679215,0.07781007221396863,0.016533830834378687,0.07339936317292156,0.05488451694172995,0.07291999314491743,26,129,0.013845789282644155,0.2446421788238538,False,False,False,2.197361363140234e-06,COMPLETE
1199,0.3836857914924622,2025-04-16 20:12:09.575059,2025-04-16 20:12:23.635524,0 days 00:00:14.060465,0.6944499683170416,0.831871079074571,2,0.07005371678123466,0.1252779114770894,0.03268666843540671,0.08417705301167391,0.06996866061391627,0.07821611286608487,4.1647833682877604e-05,11,124,0.01738479540762447,0.2859102583670548,False,False,False,4.7760457464084455e-06,COMPLETE
1200,0.6050748109817505,2025-04-16 20:12:24.026791,2025-04-16 20:12:45.300259,0 days 00:00:21.273468,0.6049830860189208,0.8709181981816946,2,0.08376142300603796,0.1088168251285017,0.07003457601666986,0.08739509981908727,0.06382609156029431,0.09332709412049116,5.01722938937945e-05,23,140,0.011627351380211514,0.25776678531712505,False,False,False,6.947685203970386e-06,COMPLETE
1201,0.10862068384885788,2025-04-16 20:12:45.693240,2025-04-16 20:13:04.122503,0 days 00:00:18.429263,0.5838426284381548,0.8830791030515409,2,0.09989507485979733,0.09897492014943662,0.0694166828068896,0.08766765723833919,0.06352728042506321,0.09307351054686927,3.232062335384561e-05,22,142,0.011450493495205426,0.2552883564304783,False,True,False,8.854663201353107e-06,COMPLETE
1202,0.5479961633682251,2025-04-16 20:13:04.513893,2025-04-16 20:13:24.961650,0 days 00:00:20.447757,0.569914177292006,0.8955544158677403,2,0.09127186798732878,0.10763257331189377,0.06993562096271864,0.08917813018226807,0.06305849076316568,0.0951054364048595,3.73132238006635e-05,22,140,0.008293417175469957,0.24915356081302206,False,False,False,6.453872258970238e-06,COMPLETE
1203,0.41392344236373907,2025-04-16 20:13:25.353830,2025-04-16 20:13:46.649807,0 days 00:00:21.295977,0.5491926913012324,0.8710017318171578,2,0.09273696270528864,0.10417123462324238,0.07101738695143917,0.0896494778965117,0.061128691322609806,0.08952834811980594,2.8425168962481945e-05,23,143,0.00930142150896714,0.2527674115021824,False,False,False,7.8108707074761e-06,COMPLETE
1204,0.5955200672149659,2025-04-16 20:13:47.042592,2025-04-16 20:14:08.586103,0 days 00:00:21.543511,0.597921265000145,0.9153612876158673,2,0.08602623014963222,0.09291478557451274,0.07014020294667411,0.0919342647770156,0.06503681617851378,0.09288812403885871,4.542238616280015e-05,23,139,0.00949287149889684,0.24301798961802812,False,False,False,7.594171793102956e-06,COMPLETE
1205,0.5204657673835755,2025-04-16 20:14:08.978525,2025-04-16 20:14:30.364506,0 days 00:00:21.385981,0.6115331958779052,0.9549102441999694,2,0.28995512954481284,0.097852927695254,0.0698352140318125,0.08619101845868546,0.06694453110972712,0.09131318198401359,6.158928820243571e-05,23,145,0.010832895074124594,0.2552370912905699,False,False,False,1.0262837963481806e-05,COMPLETE
1206,0.3556071281433106,2025-04-16 20:14:30.755533,2025-04-16 20:14:51.724743,0 days 00:00:20.969210,0.596972157576344,0.9305316197094062,2,0.08744115685719991,0.1031394387715975,0.07194532174262598,0.09115631852212863,0.06295847176608448,0.094398350685682,4.841582653096702e-05,22,148,0.01192750658376361,0.2597247845231777,True,False,False,1.2718850868104536e-06,COMPLETE
1207,0.5582827925682068,2025-04-16 20:14:52.114609,2025-04-16 20:15:16.690823,0 days 00:00:24.576214,0.6065790218470439,0.14004844380734277,2,0.10197882302412278,0.10897916867795022,0.06902822570239632,0.08822902449517962,0.0644146591757218,0.09247205815212217,7.75327344213206e-05,28,144,0.011854824963923552,0.2484087067120425,False,False,False,1.6054808553478197e-06,COMPLETE
1208,0.4045212268829346,2025-04-16 20:15:17.080800,2025-04-16 20:15:37.919612,0 days 00:00:20.838812,0.5716926220905606,0.9022005522855425,2,0.08277063308799626,0.08513121622498775,0.0838035993840709,0.08760845016446235,0.06435976466393972,0.09663472324895626,2.4404293464725206e-05,22,145,0.010360878727207956,0.25806015125268195,False,False,False,1.170715207828366e-05,COMPLETE
1209,0.5488593816757202,2025-04-16 20:15:38.313814,2025-04-16 20:15:59.520702,0 days 00:00:21.206888,0.6230329606200812,0.8729241441019916,2,0.09539974921441771,0.09426293159943366,0.07217799807568076,0.09077064333222441,0.06180583877290205,0.09073676252924115,3.9222875371889346e-05,23,143,0.012981951243584396,0.2422317574419017,False,False,False,7.414840078259395e-08,COMPLETE
1210,0.5876312494277954,2025-04-16 20:15:59.914435,2025-04-16 20:16:23.672840,0 days 00:00:23.758405,0.5867511684578368,0.888196528305218,2,0.08357947962241398,0.1104385818423766,0.07301692977124384,0.08874565311613933,0.06583832238518322,0.09474011983973392,5.3748926846262954e-05,27,135,0.009769497122098531,0.24940695552975392,False,False,False,6.826096432727435e-06,COMPLETE
1211,0.5776482939720154,2025-04-16 20:16:24.065304,2025-04-16 20:16:47.303236,0 days 00:00:23.237932,0.6365684026846062,0.9725821858668473,2,0.08871693115976932,0.10180135262424621,0.08109188253621523,0.09401504205104094,0.06742192856623205,0.09820049290895325,6.532038003587756e-05,26,142,0.012752165636828747,0.26153177968333013,False,False,False,2.5280544894778943e-06,COMPLETE
1212,0.6008509874343873,2025-04-16 20:16:47.698263,2025-04-16 20:17:10.748853,0 days 00:00:23.050590,0.6118070109309345,0.942564255963564,2,0.07902958712297203,0.11201744865162122,0.06932278274336073,0.08518532354945793,0.08296175529070351,0.08885010602624359,4.439880790051903e-05,26,140,0.014529417142002126,0.2545908080330712,False,False,False,3.30606621256981e-06,COMPLETE
1213,0.5222795724868775,2025-04-16 20:17:11.140752,2025-04-16 20:17:32.296683,0 days 00:00:21.155931,0.6267192271467763,0.8622324776555248,2,0.08209286493669136,0.08884141249721851,0.07090723897258809,0.019341524710424524,0.06698222578455638,0.09293429801556324,3.2798903351030806e-05,23,138,0.010832539783575925,0.247299939241995,False,False,False,1.975203250930119e-06,COMPLETE
1214,0.6007076144218445,2025-04-16 20:17:32.692197,2025-04-16 20:17:56.469324,0 days 00:00:23.777127,0.590535055249918,0.9177678222992961,2,0.0923738837520557,0.09905061709302944,0.07362261715734766,0.08656751924863788,0.06555107884076654,0.09623249219104525,4.799045539190459e-05,27,139,0.013775873277455466,0.2628925347961278,False,False,False,5.68128661094833e-06,COMPLETE
1215,0.5915461540222168,2025-04-16 20:17:56.861189,2025-04-16 20:18:19.279113,0 days 00:00:22.417924,0.7505790289128861,0.9630067837481953,2,0.07580175705260617,0.27935666077770455,0.07943618204140154,0.018151238325136675,0.06861478688123523,0.08835332905193381,5.537047007283171e-05,25,141,0.007475131648730938,0.2552349027883139,False,False,False,3.908579054841492e-06,COMPLETE
1216,0.08880695551633835,2025-04-16 20:18:19.675075,2025-04-16 20:18:40.987369,0 days 00:00:21.312294,0.6242756328193682,0.9048441179298713,2,0.0857816016449986,0.1051041766025036,0.07621006521678873,0.08735675765221884,0.06824507852525255,0.09149715719276474,3.693574693725711e-05,28,137,0.015123330179643273,0.2515909389430675,False,False,True,2.7395027094572243e-06,COMPLETE
1217,0.1134124830365181,2025-04-16 20:18:41.387478,2025-04-16 20:19:01.548442,0 days 00:00:20.160964,0.6467274620185652,0.8824648317863287,2,0.07727043803692223,0.09416363440752348,0.07264206997349908,0.08517522572331046,0.06439868337778787,0.0982735445864375,7.62633611163454e-05,26,147,0.011601701609490471,0.24270562201023463,False,True,False,7.680301769813772e-06,COMPLETE
1218,0.5363309621810913,2025-04-16 20:19:01.943458,2025-04-16 20:19:25.586863,0 days 00:00:23.643405,0.555256145494354,0.9319548674238318,2,0.0834967210991619,0.11183906684492598,0.08269979378374082,0.018693945462010822,0.08014320502624131,0.09531698137116908,5.984187888899405e-05,27,137,0.027200454182399456,0.2603021164982196,False,False,False,1.6618832311996314e-06,COMPLETE
1219,0.5673648715019226,2025-04-16 20:19:25.980953,2025-04-16 20:19:48.674986,0 days 00:00:22.694033,0.6077080974772704,0.9995811978662671,2,0.09639391742326399,0.2871195351457513,0.07459733388289821,0.016596240177824073,0.07773017444849445,0.09055378798278517,4.200227764339456e-05,25,136,0.018878574798145944,0.26501158174410006,False,False,False,4.129902373624403e-06,COMPLETE
1220,0.5837599039077759,2025-04-16 20:19:49.068570,2025-04-16 20:20:13.384971,0 days 00:00:24.316401,0.7246260297939452,0.8748541111599825,2,0.0751964922899434,0.08287529310504302,0.0716622282731872,0.07359738830986866,0.06924391627217986,0.08676554092640308,5.2252976850794496e-05,28,140,0.009257837963837327,0.2490049715733141,False,False,False,6.123998931951051e-06,COMPLETE
1221,0.41484353542327884,2025-04-16 20:20:13.781454,2025-04-16 20:20:33.096709,0 days 00:00:19.315255,0.640564639773545,0.8551432063661593,2,0.08997075536419459,0.23302915138501806,0.07990174849181482,0.01940131198707719,0.06661259299675436,0.08231007435916463,2.788449421597367e-05,20,133,0.020738368191286195,0.25687343319343875,False,False,False,2.1873759948108494e-06,COMPLETE
1222,0.5815308928489685,2025-04-16 20:20:33.494421,2025-04-16 20:20:55.325861,0 days 00:00:21.831440,0.6002502459009427,0.9498188129123829,2,0.07945132891500109,0.08891342280448812,0.07754699345038901,0.08527124139934433,0.08184217351446992,0.09314972495325693,6.551345308644143e-05,24,120,0.013394104120660898,0.24396814705694053,False,False,False,3.1058110986630483e-06,COMPLETE
1223,0.4211465835571289,2025-04-16 20:20:55.723957,2025-04-16 20:21:18.305805,0 days 00:00:22.581848,0.6552298519375193,0.9791505240759125,2,0.0726268966472732,0.07337089938844471,0.03885684649874872,0.08289872684903653,0.0759213015748169,0.08533445851348016,3.970526340417583e-05,25,149,0.01613256677482929,0.299252604728079,False,False,False,5.103560260297773e-06,COMPLETE
1224,0.5549113631248475,2025-04-16 20:21:18.701329,2025-04-16 20:21:42.407427,0 days 00:00:23.706098,0.6219493501049255,0.24479977899576016,2,0.0852504209622656,0.10580821152511144,0.06990268382284368,0.089517874415689,0.06168567098130809,0.07386874869147882,4.819191362412898e-05,27,136,0.025016911483387007,0.26622287568655323,False,False,False,3.479495041948816e-06,COMPLETE
1225,0.5762352824211121,2025-04-16 20:21:42.799508,2025-04-16 20:22:05.943904,0 days 00:00:23.144396,0.5753791197177096,0.8962061915580029,2,0.07399078962894493,0.27283722711506025,0.0758593294241803,0.08394957108156484,0.07011140015822119,0.09653292998547867,3.487274902687837e-05,26,133,0.01228286487314189,0.25735259427106555,False,False,False,2.3280442775006845e-06,COMPLETE
1226,0.5963307380676269,2025-04-16 20:22:06.336863,2025-04-16 20:22:29.434877,0 days 00:00:23.098014,0.6755674530234786,0.9229179080439203,2,0.07999424665795829,0.11780345923724243,0.07390176063549313,0.019535674345165156,0.0790302735462002,0.09987295609356495,5.6247880574403365e-05,26,138,0.018926133583639107,0.2514041844235939,False,False,False,1.0073233706577489e-05,COMPLETE
1227,0.5338662266731262,2025-04-16 20:22:29.831351,2025-04-16 20:22:51.909174,0 days 00:00:22.077823,0.7510535900932629,0.05102829853415858,2,0.07068171055705409,0.09874561423742785,0.08121098928839718,0.06224047012280488,0.06568664767731265,0.06799758197688655,7.74224469552629e-05,24,126,0.016693612648388454,0.26250145349343557,True,False,False,1.2759800062559723e-06,COMPLETE
1228,0.5760210275650024,2025-04-16 20:22:52.304459,2025-04-16 20:23:13.690294,0 days 00:00:21.385835,0.7036214839149757,0.8479671534014762,2,0.10524014949530117,0.1125429971533574,0.0845611584977118,0.08248179317457285,0.08665256904255617,0.09415405616832451,4.3152224166083336e-05,23,142,0.014226572821745002,0.2441385450513763,False,False,False,4.276478463125892e-06,COMPLETE
1229,0.5656031489372254,2025-04-16 20:23:14.090146,2025-04-16 20:23:36.690118,0 days 00:00:22.599972,0.636638728693535,0.9081176646511137,2,0.08207119058949917,0.07943288087254359,0.07173212932737093,0.01653036002610896,0.0683639328188213,0.07958876580864291,6.292884744945644e-05,25,122,0.021908068172054346,0.2530884498380072,False,False,False,2.759991028303918e-06,COMPLETE
1230,0.6105913043022155,2025-04-16 20:23:37.084115,2025-04-16 20:24:00.113750,0 days 00:00:23.029635,0.663074224377169,0.9625957262489674,2,0.08990745256296942,0.26044465278176676,0.07848765629608713,0.08736470177453763,0.07485854050199121,0.07572710520212099,5.056146217787856e-05,26,131,0.009976680433438368,0.25959721853658213,False,False,False,6.837514242947532e-06,COMPLETE
1231,0.5623892664909362,2025-04-16 20:24:00.511073,2025-04-16 20:24:23.647180,0 days 00:00:23.136107,0.6743963537538921,0.9795370732152269,2,0.1013022781196665,0.267774473101828,0.08060188504177178,0.08941979493690368,0.07155062726857075,0.07499796224368949,3.317416250765675e-05,26,135,0.007676619558017093,0.24096036680052071,False,False,False,9.320297269429064e-06,COMPLETE
1232,0.6074739336967468,2025-04-16 20:24:24.044212,2025-04-16 20:24:47.898074,0 days 00:00:23.853862,0.6868595793765641,0.9738977518115304,2,0.09725254539179362,0.2579239865752714,0.08247325591052612,0.09136097131679644,0.07369185954923832,0.07131472547377689,4.6084171970765707e-05,27,133,0.007926188889021503,0.24921063760193715,False,False,False,7.369745081077464e-06,COMPLETE
1233,0.33423316478729254,2025-04-16 20:24:48.292578,2025-04-16 20:25:11.671499,0 days 00:00:23.378921,0.6818394195942192,0.9807614189897582,2,0.09839185834273648,0.25766932599203296,0.08495927313238709,0.0917327184168578,0.0748012538371723,0.07259797559473757,6.638609711860066e-05,26,139,0.003747613503178631,0.2573438267857514,False,False,False,7.635475177849697e-06,COMPLETE
1234,0.6063799381256104,2025-04-16 20:25:12.086619,2025-04-16 20:25:35.799109,0 days 00:00:23.712490,0.6612486205402146,0.9883175468891722,2,0.09338381022507275,0.25267893852664247,0.08153991770962038,0.09559929704012674,0.07432659516154819,0.06989879312552857,4.8281065746406306e-05,27,134,0.010234927210922506,0.25136616545313123,False,False,False,9.297144177953507e-06,COMPLETE
1235,0.33715330958366396,2025-04-16 20:25:36.203997,2025-04-16 20:26:00.403159,0 days 00:00:24.199162,0.6593566024386706,0.9755433424642919,2,0.10343462521977932,0.2600409735318776,0.08160935750664032,0.09564547901064102,0.07709449182879625,0.06514628301098674,3.840361434198365e-05,27,137,0.0062555943331387195,0.2580232837012378,False,False,False,1.0175610856284653e-05,COMPLETE
1236,0.08715934604406357,2025-04-16 20:26:00.808139,2025-04-16 20:26:21.484113,0 days 00:00:20.675974,0.6631792093649783,0.9967767953251147,2,0.10286203389370788,0.2621056536951859,0.08364309270765852,0.09415683542163249,0.07516724598840764,0.07013032020931229,4.742490896340389e-05,26,140,0.006917418292310055,0.25366524076615693,False,False,True,1.1882495970475868e-05,COMPLETE
1237,0.33491639494895936,2025-04-16 20:26:21.885937,2025-04-16 20:26:45.927879,0 days 00:00:24.041942,0.6461542399272422,0.9995724664304206,2,0.0985365688355621,0.24694980318946735,0.08174973396483698,0.09281498981043643,0.0740645033086374,0.06762086437333939,5.7155459309121015e-05,27,137,0.005696848089469231,0.26036050558460416,False,False,False,8.313679194764466e-06,COMPLETE
1238,0.09692339748144149,2025-04-16 20:26:46.332902,2025-04-16 20:27:07.031331,0 days 00:00:20.698429,0.6531543537494079,0.9891193805089367,2,0.09206454699700739,0.2403131182687068,0.08423950560269497,0.0010111311365467368,0.07682035802375012,0.07015893376682134,4.240041326010806e-05,27,142,0.008086726909734283,0.2516504948619938,False,True,False,1.1299057822183376e-05,COMPLETE
1239,0.4292516708374024,2025-04-16 20:27:07.433110,2025-04-16 20:27:30.542849,0 days 00:00:23.109739,0.6673493718806425,0.9773540103358292,2,0.10002343592828027,0.2583973653969795,0.08358740721804368,0.09721782734449985,0.073991894182354,0.07510741420466102,0.0018427421754318649,26,136,0.0076357907837110005,0.2610874737728296,False,False,False,1.3470214413895233e-05,COMPLETE
