number,value,datetime_start,datetime_complete,duration,params_alpha-eval,params_alpha-train,params_batch-size,params_eps-eval,params_eps-train,params_lambda-actions-eval,params_lambda-actions-train,params_lambda-frames-eval,params_lambda-frames-train,params_learning-rate,params_n-epochs,params_n-frames,params_radius-gw,params_rho,params_std-feats,params_ub-actions,params_ub-frames,params_weight-decay,state
1632,0.4249689161777497,2025-04-09 15:08:21.643231,2025-04-09 15:08:28.633583,0 days 00:00:06.990352,0.1652532880666276,0.0656606233885117,16,0.08961130502061115,0.038483589072009015,0.06005654960849043,0.09320905703061885,0.0265882973079586,0.003786337557745576,0.04342751815696637,12,37,0.02318917835137079,0.28669500785420765,False,False,True,0.00014231417397662834,COMPLETE
1633,0.4956176519393921,2025-04-09 15:08:29.170571,2025-04-09 15:08:37.541248,0 days 00:00:08.370677,0.2207838535316919,0.16599755199043176,16,0.0763103507905789,0.03113646342413111,0.047092968336465514,0.09558915011005886,0.0340501106002612,0.008000329011425935,0.0771697586136465,28,27,0.016784174992851883,0.29417992816657956,False,False,True,0.00021433497841092484,COMPLETE
1634,0.5179915070533753,2025-04-09 15:08:38.093883,2025-04-09 15:08:46.165820,0 days 00:00:08.071937,0.3478779313330599,0.14422315232162014,16,0.09150385476563173,0.045044446873590015,0.055786683855298495,0.09185734417251126,0.07664260458704032,0.0025158555559183036,0.049869995290636224,25,31,0.026490360993923306,0.2998974871642844,False,False,True,0.00031712601551003665,COMPLETE
1635,0.14225868582725526,2025-04-09 15:08:46.698925,2025-04-09 15:08:54.775959,0 days 00:00:08.077034,0.2901660514531116,0.02909762308013307,16,0.27699251625296684,0.005106003370576373,0.0341801664581237,0.0294075808295986,0.03605896699969546,0.005710533375936844,0.05777201797745892,26,24,0.03258498229117503,0.2801993195599868,False,False,True,1.8306680377000907e-07,COMPLETE
1636,0.3572379171848297,2025-04-09 15:08:55.329673,2025-04-09 15:09:13.582877,0 days 00:00:18.253204,0.14225772121811917,0.11029564532021058,2,0.09730428410203729,0.02386162577645958,0.04403845282966137,0.08941777133728804,0.07933556645701488,0.014108717296380474,0.037915456209859796,23,14,0.02179160460551578,0.23952548203780244,False,False,True,0.00025175268922305,COMPLETE
1637,0.4422609090805054,2025-04-09 15:09:14.122578,2025-04-09 15:09:22.105116,0 days 00:00:07.982538,0.25483940706332253,0.1835375518195404,16,0.060235170836785736,0.033870294163324016,0.04800876534794931,0.09685555907695642,0.02386182421918191,0.010628746373870865,0.07065396951992596,24,21,0.02449786801023441,0.21474869251439066,False,False,True,0.0003800865423748953,COMPLETE
1638,0.48478217124938966,2025-04-09 15:09:22.640709,2025-04-09 15:09:30.771837,0 days 00:00:08.131128,0.3178260078656964,0.010004031374461252,16,0.12098953134578994,0.015109529798076674,0.02076078032200335,0.06369703395483768,0.03232669499609788,0.004092954298859312,0.03303541659750591,25,28,0.01495904462525094,0.2899558146354195,False,False,True,0.00017143921098258192,COMPLETE
1639,0.09222405552864074,2025-04-09 15:09:31.327747,2025-04-09 15:09:38.055203,0 days 00:00:06.727456,0.17748611064066244,0.09073749326867316,16,0.1883928711763341,0.14526252401506654,0.027695179255694237,0.09395904193060033,0.07057963629137966,0.015429678460050947,0.048524067904640276,11,34,0.027700988921843993,0.25290813058767186,False,False,True,0.00011471929120202625,COMPLETE
1640,0.497808313369751,2025-04-09 15:09:38.588841,2025-04-09 15:09:47.186781,0 days 00:00:08.597940,0.3698547095457989,0.21140164615282503,16,0.11032910541396285,0.05110737135897509,0.04213971749361324,0.09215408456344602,0.08811079499458196,0.0010716905312379886,0.0005749660441244362,25,30,0.019151485917458452,0.29978324978979687,False,False,False,0.00022113888569550875,COMPLETE
1641,0.40841697454452514,2025-04-09 15:09:47.749965,2025-04-09 15:09:55.868176,0 days 00:00:08.118211,0.20972676600718618,0.052173285830196287,16,0.08344132253011818,0.027481317144712622,0.05156521102010683,0.08740823375107239,0.02995795544615568,0.004314488632897715,0.041138392444174304,26,25,0.022541663727797697,0.0721909353544916,False,False,True,0.0003064909694588174,COMPLETE
1642,0.5164568543434144,2025-04-09 15:09:56.401376,2025-04-09 15:10:04.446753,0 days 00:00:08.045377,0.27470284141865986,0.12561640080492004,16,0.10440676610337617,0.03991637098099278,0.04988543232107011,0.09988757265117736,0.027647427894093284,0.007475460735089395,0.057329095866495844,24,18,0.02473385199994963,0.2871780784816907,True,False,True,0.0004389177422342759,COMPLETE
1643,0.4592002868652344,2025-04-09 15:10:04.981899,2025-04-09 15:10:11.746638,0 days 00:00:06.764739,0.4480308880042178,0.0754853130071497,16,0.09556521907377831,0.019797690414484072,0.045407632744810314,0.09064095846958256,0.02568219499764156,0.005873946859995082,0.06641604992302978,10,27,0.020253872269701725,0.12229235890644397,False,False,True,0.00015002793754413112,COMPLETE
1644,0.16214751303195954,2025-04-09 15:10:12.305590,2025-04-09 15:10:20.497537,0 days 00:00:08.191947,0.2979311632571574,0.26569960197222,16,0.0762683512905151,0.09800093047548118,0.018172098116719132,0.09542817939403841,0.022010804842448373,0.0026903188563848555,0.007249080776774841,27,32,0.030165961209243614,0.29995559617466827,False,False,True,0.0002717295533600114,COMPLETE
1645,0.430962336063385,2025-04-09 15:10:21.029895,2025-04-09 15:10:29.235497,0 days 00:00:08.205602,0.2351129114809899,0.1506199131721834,16,0.0882465687365457,0.08651242753438178,0.04903196063892325,0.07381869337902304,0.08362979769149102,0.008584374230192019,0.02809542808055164,25,20,0.01768610520372993,0.29368725255797223,False,False,True,0.0001860816706320229,COMPLETE
1646,0.43878359198570255,2025-04-09 15:10:29.798834,2025-04-09 15:10:38.046060,0 days 00:00:08.247226,0.19484514232350747,0.03209363532839365,16,0.06849150230348146,0.05845311803119847,0.052437321353318404,0.09348015822463383,0.03376337182163094,0.004283124152168466,0.04581424893603214,26,23,0.027425332878832028,0.23384842570645503,False,False,True,0.0005363204818591093,COMPLETE
1647,0.34247889518737795,2025-04-09 15:10:38.585597,2025-04-09 15:10:46.603555,0 days 00:00:08.017958,0.25173925284659465,0.10303388356348017,16,0.10032235655433451,0.010897219581996754,0.040430483559725235,0.0968552317633724,0.029652199929223674,0.01139822784249958,0.08156228586863727,24,29,0.023008466769703226,0.06254400549307791,False,False,True,0.0003695300565688477,COMPLETE
1648,0.3882383286952973,2025-04-09 15:10:47.136884,2025-04-09 15:10:55.166388,0 days 00:00:08.029504,0.3322676866137634,0.059691597741159626,16,0.1822747881179846,0.02970846370427535,0.020490247685896867,0.08909570649042359,0.031427832793559304,0.0010042501205594283,0.03704734652638037,25,26,0.024993441767247465,0.27971548885492015,False,True,True,0.0002025166660704548,COMPLETE
1649,0.3308607578277588,2025-04-09 15:10:55.725632,2025-04-09 15:11:03.844237,0 days 00:00:08.118605,0.27363670046060085,0.12980161701666887,16,0.1127802019760792,0.043813230983366425,0.017841288283174273,0.08554924649150163,0.07484730622102052,0.007296322869824775,0.05762449609413108,26,33,0.014096432892432032,0.2741250172396297,False,False,True,0.000985336536323219,COMPLETE
1650,0.41147061586380007,2025-04-09 15:11:04.384807,2025-04-09 15:11:12.133298,0 days 00:00:07.748491,0.046239807262291696,0.170005801168335,16,0.15377806849797532,0.022474541281822802,0.04733463252050584,0.0818563810434177,0.0368061100020025,0.00291172737950883,0.04698352380575998,25,5,0.02092128253682659,0.285519657975743,False,False,True,0.0002823931462415797,COMPLETE
1651,0.5486768007278443,2025-04-09 15:11:12.695365,2025-04-09 15:11:19.641719,0 days 00:00:06.946354,0.22613580364084787,0.09483738480005133,16,0.09419491673038333,0.03620574201763706,0.054419742025712,0.09473237546920796,0.02822702791480109,0.005546817400216836,0.031250017786649875,12,22,0.02890415630987502,0.2462972242910587,False,False,True,0.00013602260366467632,COMPLETE
1652,0.503143322467804,2025-04-09 15:11:20.180461,2025-04-09 15:11:38.716842,0 days 00:00:18.536381,0.17439470228889714,0.02775178630142411,2,0.12748622803414988,0.027701063727627054,0.04415638094684832,0.09179842966783865,0.08225829209724515,0.009181661698145528,0.0017902833858985166,23,29,0.026765241081734153,0.29467199955161744,False,False,True,0.00022927438902355506,COMPLETE
1653,0.5153028964996338,2025-04-09 15:11:39.251963,2025-04-09 15:11:47.197461,0 days 00:00:07.945498,0.28865098876078166,0.14724863467960286,16,0.08459237435476653,0.017424765557505023,0.02199370393410877,0.09829773707538697,0.024355150516766434,0.0026931934060794114,0.07269040946739283,24,36,0.023469854843735403,0.13301807228213441,False,False,True,0.0003432122680485142,COMPLETE
1654,0.4471224069595337,2025-04-09 15:11:47.754257,2025-04-09 15:11:55.833851,0 days 00:00:08.079594,0.3532244875932652,0.07571043049363135,16,0.07993989399042517,0.00594780763540693,0.05624975727104976,0.08755762897019398,0.031386768701428217,0.006432835202167853,0.05631150792852469,25,17,0.016544502023527707,0.290653454816286,False,False,True,0.0001606620925028418,COMPLETE
1655,0.11519716829061509,2025-04-09 15:11:56.372755,2025-04-09 15:12:03.229142,0 days 00:00:06.856387,0.7735396369831204,0.01004622688467422,16,0.1057559725497577,0.046926065432958325,0.05894908080121101,0.08338997594040758,0.026447062005748718,0.004258364510541125,0.023191237812820037,11,24,0.018879542853221364,0.22546926628300343,False,False,True,0.00010432247653265562,COMPLETE
1656,0.5263994574546814,2025-04-09 15:12:03.786442,2025-04-09 15:12:10.580011,0 days 00:00:06.793569,0.31237600754466666,0.04653226985044048,16,0.08908758347424284,0.03254178796265672,0.04917406479530199,0.090039055188458,0.07840668059129353,0.01232036375021087,0.03988735324587982,10,27,0.021478508766310876,0.2943325892320483,False,False,True,0.00047439916725087805,COMPLETE
1657,0.46601048707962034,2025-04-09 15:12:11.121973,2025-04-09 15:12:19.137140,0 days 00:00:08.015167,0.2108982506342898,0.10513818754029432,16,0.17090779692772845,0.021221494424374474,0.02420079742241487,0.09263733697525445,0.033311187760546784,0.0027635726127353292,0.048020324915713945,26,20,0.039143333760084595,0.14314846568345185,False,False,True,0.00023122392589670915,COMPLETE
1658,0.5597316145896912,2025-04-09 15:12:19.680502,2025-04-09 15:12:28.211249,0 days 00:00:08.530747,0.2601093433159978,0.19332478279604728,16,0.11564957223433377,0.039575358284357286,0.0458514967014777,0.09558441100215688,0.0720942567853029,0.005645319274834236,0.0881170157692745,24,30,0.02594376653998061,0.17902505157292922,False,False,False,0.0006498345924219228,COMPLETE
1659,0.12514992505311967,2025-04-09 15:12:28.781788,2025-04-09 15:12:36.928473,0 days 00:00:08.146685,0.23516241771551175,0.1236755497362571,16,0.2520799872461894,0.013269194020904072,0.04164005029953496,0.09388378816040867,0.02832717736979479,0.00102981521798539,0.06362266458535966,27,25,0.023816640737905848,0.28596525523821625,False,False,True,0.0002967383410130455,COMPLETE
1660,0.43568434715271,2025-04-09 15:12:37.467271,2025-04-09 15:12:45.554710,0 days 00:00:08.087439,0.1542955212629226,0.06202595354997234,16,0.09298363502759947,0.025475723539163168,0.019753833560329455,0.09058661726677449,0.018271857779025166,0.008841642335828992,0.03339267479588252,25,87,0.012561269459772368,0.2305340084786932,False,False,True,0.00018900852020433155,COMPLETE
1661,0.574605405330658,2025-04-09 15:12:46.119264,2025-04-09 15:12:54.331045,0 days 00:00:08.211781,0.3296121883988732,0.393284872902098,16,0.07249081882549284,0.03460694646722379,0.0177283635532711,0.09699597851123085,0.030725212570961,0.00415688983663688,0.04155063154190104,26,32,0.02105057049162449,0.2999475058827445,False,False,True,0.00038949950700098044,COMPLETE
1662,0.4348620057106018,2025-04-09 15:12:54.872259,2025-04-09 15:13:02.932605,0 days 00:00:08.060346,0.2856115609883757,0.15523103201608485,16,0.09903277308936148,0.05172721620418999,0.06444486170819846,0.08883178960355918,0.051156186012510714,0.0651040230242792,0.09971408049608045,25,36,0.02535856423797062,0.1640740244124271,False,False,True,0.0002596541441278696,COMPLETE
1663,0.5425999879837037,2025-04-09 15:13:03.470270,2025-04-09 15:13:11.701806,0 days 00:00:08.231536,0.1910942927557946,0.08060190305468391,16,0.12217649502531455,0.07058921736685843,0.05102323294462198,0.08614177145509501,0.022786076198722936,0.006849508765358852,0.07327193025143862,26,27,0.028118303415632324,0.23728265293617892,True,False,True,0.00013378748558417022,COMPLETE
1664,0.5994693040847778,2025-04-09 15:13:12.260643,2025-04-09 15:13:20.272645,0 days 00:00:08.012002,0.2966947547292321,0.04029714554600445,16,0.03335053630613721,0.04236750660105807,0.04786019562919622,0.09437990874909377,0.029496727437281108,0.010548923752040824,0.053276778488569654,24,22,0.019623764994504463,0.28092473545863705,False,False,True,0.00018131713988018042,COMPLETE
1665,0.5142197489738465,2025-04-09 15:13:20.816363,2025-04-09 15:13:28.601095,0 days 00:00:07.784732,0.25164330115537753,0.03859691543486637,16,0.04779256260719476,0.030644673981506512,0.047130089247527776,0.09867790474650602,0.032293098235548386,0.015179582622693756,0.03718454499168059,23,12,0.015736617932164392,0.2782018973531451,False,False,True,0.00010999396774267164,COMPLETE
1666,0.49187288284301756,2025-04-09 15:13:29.177291,2025-04-09 15:13:37.065928,0 days 00:00:07.888637,0.2694744664235953,0.040476961877329735,16,0.02257590557239285,0.04140024873644032,0.0481637603825809,0.09629359631358692,0.030764663528034496,0.013731057763551796,0.029771581532963647,23,19,0.06892365368993628,0.272656725562147,False,False,True,0.0001017364976110836,COMPLETE
1667,0.484885573387146,2025-04-09 15:13:37.607625,2025-04-09 15:13:45.453318,0 days 00:00:07.845693,0.21612202445532805,0.04393481713586339,16,0.0505972591796352,0.03664810131693014,0.04992041452946774,0.09995459016291863,0.034268306198260164,0.012313340079676249,0.0473255049856115,23,16,0.016771593436597763,0.2738711631025457,False,True,True,0.00013613982847322356,COMPLETE
1668,0.08606030941009521,2025-04-09 15:13:46.020139,2025-04-09 15:13:53.859909,0 days 00:00:07.839770,0.24075656473723453,0.028392925147839445,16,0.15920888631863245,0.10850950357871358,0.04543795797053204,0.09539562809899045,0.03290265905741013,0.013188881587071998,0.04044922338606945,23,21,0.017249111552494967,0.27493289707073065,False,False,True,0.0001622781348553336,COMPLETE
1669,0.6051188111305237,2025-04-09 15:13:54.412461,2025-04-09 15:14:02.412768,0 days 00:00:08.000307,0.2997771924766497,0.05243153276623577,16,0.038752756583274386,0.02590533279934968,0.04825665405252853,0.09734258658989532,0.029306844554871005,0.015197825607977642,0.05252812093363041,24,15,0.018802574702022255,0.2779225162433072,False,False,True,0.00016517147907097043,COMPLETE
1670,0.34329211711883545,2025-04-09 15:14:02.955994,2025-04-09 15:14:21.890806,0 days 00:00:18.934812,0.285112950005269,0.024436570999941662,2,0.043907718268702566,0.03366047072141995,0.04776350422749947,0.09844309497489687,0.034390858233026136,0.014482086880406678,0.056289815622946486,24,13,0.014695073824491669,0.27839394136849227,False,False,True,0.00010366665402550721,COMPLETE
1671,0.49085006713867185,2025-04-09 15:14:22.450769,2025-04-09 15:14:30.343904,0 days 00:00:07.893135,0.2650281018604431,0.029347540422656554,16,0.0448340424857003,0.017067449345136505,0.0489514228600018,0.0979900821850654,0.03129333345841932,0.018075697710982084,0.054021420489371315,24,14,0.014859025966703958,0.26794861244567253,False,False,True,1.8103144585307445e-06,COMPLETE
1672,0.5079959034919739,2025-04-09 15:14:30.889295,2025-04-09 15:14:38.706398,0 days 00:00:07.817103,0.17007698521283968,0.04925320242887922,16,0.020004998432277255,0.02725838517592635,0.050380617909607864,0.09871674425364824,0.03454393331429986,0.01939681312600107,0.05304658426001805,23,12,0.01699871435080746,0.2729121009408393,False,False,True,0.00011974474519605311,COMPLETE
1673,0.3449685275554657,2025-04-09 15:14:39.276193,2025-04-09 15:14:46.940596,0 days 00:00:07.664403,0.1347296411834305,0.04010564367163223,16,0.033017328349052126,0.039119219288502385,0.047501202483908544,0.09997748226509749,0.036514084052116313,0.013096288307496231,0.0624325834267161,23,9,0.08417024765697174,0.2746290063798583,False,False,True,0.00013035103337907824,COMPLETE
1674,0.5600967884063721,2025-04-09 15:14:47.487032,2025-04-09 15:14:55.495720,0 days 00:00:08.008688,0.24705838334365565,0.024771284237052434,16,0.017816838878412417,0.021514576886372955,0.04617252055544158,0.09781759621081475,0.030331727825536486,0.01606039669435576,0.05023821527983374,23,14,0.013408014726954201,0.2707601894186725,False,False,True,9.707173580227239e-05,COMPLETE
1675,0.5762521743774415,2025-04-09 15:14:56.038121,2025-04-09 15:15:03.999998,0 days 00:00:07.961877,0.1951013634562549,0.04897009920659273,16,0.03359963164929992,0.032002878224822395,0.048281769409297556,0.09635467759730174,0.03191017439418519,0.017536852595723428,0.0676240473701144,23,17,0.017955241539752694,0.27129868171242255,False,False,True,0.00014360402773036944,COMPLETE
1676,0.5504879951477051,2025-04-09 15:15:04.568532,2025-04-09 15:15:12.477868,0 days 00:00:07.909336,0.27049722171025936,0.02768671625190718,16,0.04816672101365027,0.007570219900905045,0.050925098645624306,0.09690180195000306,0.029483460285751804,0.016420558518461508,0.04573694630685494,23,15,0.016383334948703955,0.27662532624931624,False,False,True,0.0001616023598604372,COMPLETE
1677,0.44485648274421696,2025-04-09 15:15:13.029552,2025-04-09 15:15:20.950513,0 days 00:00:07.920961,0.22335862679980384,0.047305819355362336,16,0.03765984184381497,0.041630781852028516,0.04924446817970892,0.09993996855651566,0.03228276376777523,0.012990817153890624,0.055616623884077294,24,13,0.018831646379070588,0.2771674061233422,False,False,True,0.00016548448965030173,COMPLETE
1678,0.38719986081123353,2025-04-09 15:15:21.514742,2025-04-09 15:15:29.821050,0 days 00:00:08.306308,0.29552895314110506,0.05916168487984455,16,0.03163612743304984,0.025186293619860925,0.046605445337297324,0.096619371996622,0.029224367237111495,0.017035128174566053,3.9341414995958335e-05,24,8,0.015383851753064948,0.2780636883415141,False,False,False,0.00012366934329815891,COMPLETE
1679,0.4685489296913147,2025-04-09 15:15:30.371597,2025-04-09 15:15:38.226140,0 days 00:00:07.854543,0.2510955799525795,0.05377700823091913,16,0.040145402233118486,0.014565013776951366,0.05075107215504292,0.09510499883736527,0.0795784566526724,0.013911831121520578,0.03841222561843258,23,14,0.012828736424180868,0.27207066132295277,False,False,True,0.0001842693122471982,COMPLETE
1680,0.4428916573524475,2025-04-09 15:15:38.793253,2025-04-09 15:15:46.686259,0 days 00:00:07.893006,0.15599061967813613,0.03374121641497008,16,0.029094031116065004,0.034839000725414196,0.045034160457139025,0.09819681503454056,0.03612357910123263,0.023062074124024754,0.06295980556888528,24,13,0.01818113100075183,0.2704370829956452,False,False,True,0.00014368143091655528,COMPLETE
1681,0.4947173476219177,2025-04-09 15:15:47.241800,2025-04-09 15:15:55.117182,0 days 00:00:07.875382,0.2055413626642031,0.010422977746193482,16,0.035426220723506055,0.029651546053614173,0.04364740720280185,0.09441638802428612,0.03076241888962095,0.01374146546164648,0.07646943303386086,24,9,0.018641823281043423,0.2814863529669012,True,False,True,0.00017215056557328678,COMPLETE
1682,0.5123900175094604,2025-04-09 15:15:55.660226,2025-04-09 15:16:03.628012,0 days 00:00:07.967786,0.2786312284601313,0.024133443423977243,16,0.03070949610981779,0.018158657582760043,0.04778950994776059,0.09474489610771937,0.033421475168566125,0.01355767105520794,0.048057803484251885,24,15,0.0193545527339821,0.2776382051287732,False,False,True,6.668473775277168e-07,COMPLETE
1683,0.48121740818023684,2025-04-09 15:16:04.204418,2025-04-09 15:16:11.996111,0 days 00:00:07.791693,0.29741182788143444,0.011108122977081594,16,0.03734804044839468,0.04264512232804814,0.045334207469557936,0.03241401335599078,0.08561261223274269,0.015823275147612732,0.032972887818032315,23,10,0.01468127812165944,0.2791157137036183,False,False,True,0.00012713269671499412,COMPLETE
1684,0.5064337849617004,2025-04-09 15:16:12.543507,2025-04-09 15:16:20.532579,0 days 00:00:07.989072,0.23594335198842836,0.0620872640709799,16,0.02834775642144388,0.021976994060602995,0.05217736185968134,0.03831826230170648,0.07631480384941576,0.01509537089215945,0.043964235805668175,24,11,0.015844553090492847,0.2781894534986601,False,False,True,9.12643926483787e-05,COMPLETE
1685,0.4842821836471558,2025-04-09 15:16:21.100237,2025-04-09 15:16:29.094101,0 days 00:00:07.993864,0.26382018306951954,0.041168360908136165,16,0.04317672424830218,0.037231132927066105,0.04909251176570743,0.003639826260669339,0.028317061024876227,0.01584178328216989,0.052645305754025214,24,17,0.012246059158606108,0.2734728144435785,False,False,True,1.174420575301978e-06,COMPLETE
1686,0.348749452829361,2025-04-09 15:16:29.640082,2025-04-09 15:16:37.548216,0 days 00:00:07.908134,0.18342304363280001,0.06462360609639813,16,0.027110400857888038,0.01108312956241573,0.04359936374239143,0.09813504157694067,0.040226700270182984,0.011211206337283817,0.06429401023929772,23,17,0.017311118317097692,0.2807933006153281,False,True,True,0.0002014449124788408,COMPLETE
1687,0.4409396052360535,2025-04-09 15:16:38.118481,2025-04-09 15:16:56.879848,0 days 00:00:18.761367,0.21975801134601966,0.43508381739735874,2,0.03733509063294668,0.0001560035548859584,0.046268042130655315,0.09663397879201409,0.07325451411229476,0.012241786585277288,0.038882195740080894,24,12,0.018590793912086866,0.26614801213921335,False,False,True,0.0007914885235256672,COMPLETE
