number,value,datetime_start,datetime_complete,duration,params_alpha-eval,params_alpha-train,params_batch-size,params_eps-eval,params_eps-train,params_lambda-actions-eval,params_lambda-actions-train,params_lambda-frames-eval,params_lambda-frames-train,params_learning-rate,params_n-epochs,params_n-frames,params_radius-gw,params_rho,params_std-feats,params_ub-actions,params_ub-frames,params_weight-decay,state
1184,0.49612208604812624,2025-04-09 14:00:13.111874,2025-04-09 14:00:20.920935,0 days 00:00:07.809061,0.2694810288624853,0.14924669531240373,16,0.16112459592080033,0.04495214500815993,0.05083080031302224,0.08817562654392885,0.03542072603203802,0.007891520123044012,0.0027094688081142583,24,32,0.0254912164452385,0.2890299927055311,False,False,True,0.0002547022506068131,COMPLETE
1185,0.60319504737854,2025-04-09 14:00:21.307380,2025-04-09 14:00:29.402845,0 days 00:00:08.095465,0.30447850375413377,0.13180816746857102,16,0.08705441738286072,0.03073578152349745,0.04992551111818634,0.08901112330366928,0.02924033530219085,0.01303805206722339,0.04397202156352215,26,29,0.027814093823486014,0.2893466872739198,False,False,True,0.0003863734274942525,COMPLETE
1186,0.5084861159324646,2025-04-09 14:00:29.787790,2025-04-09 14:00:38.550991,0 days 00:00:08.763201,0.3208335553732651,0.13130309149431893,16,0.10015664353196423,0.030253033975191492,0.05360893686650772,0.08621908131053861,0.03076907309566808,0.017273851055173928,0.036252781381249474,27,32,0.030666145917418137,0.29981616286257046,False,False,False,0.000396423304522402,COMPLETE
1187,0.4994447708129883,2025-04-09 14:00:38.942192,2025-04-09 14:00:47.036415,0 days 00:00:08.094223,0.33729678333739765,0.11331595365931481,16,0.09169572182224181,0.029734179734265384,0.05041046944473788,0.03564583162499069,0.029033384869800838,0.013423076273307105,0.036223327552293565,26,35,0.03074930501440028,0.29393668641386217,False,False,True,0.0003582143706572529,COMPLETE
1188,0.49820811748504645,2025-04-09 14:00:47.428971,2025-04-09 14:00:55.653214,0 days 00:00:08.224243,0.2882737262363456,0.12626875960363088,16,0.08758482594398778,0.03557052643990645,0.05237078613032412,0.0895257935581372,0.0024901493237235103,0.012318577969712943,0.03984465886934808,26,30,0.03209385292152408,0.28947191449789633,True,False,True,0.000461821602073542,COMPLETE
1189,0.495216977596283,2025-04-09 14:00:56.042227,2025-04-09 14:01:04.172538,0 days 00:00:08.130311,0.31138984876383563,0.1443093972011801,16,0.09992423635404654,0.030976895205060667,0.04993895849195272,0.09000691321342728,0.033121609192551554,0.017827822005564466,0.03256993913287887,26,29,0.0342371319545185,0.29462488834607153,False,False,True,0.0003731005157196401,COMPLETE
1190,0.39215624928474424,2025-04-09 14:01:04.559238,2025-04-09 14:01:12.800696,0 days 00:00:08.241458,0.3310418742656074,0.09825786570091594,16,0.09339381669919232,0.036756052516088086,0.05141585667917604,0.08714887409751004,0.02757672560135468,0.020322482564305064,0.04538190333874776,27,107,0.02758389527905078,0.2891302215388065,False,False,True,0.0004670226086358663,COMPLETE
1191,0.498872435092926,2025-04-09 14:01:13.192613,2025-04-09 14:01:21.299234,0 days 00:00:08.106621,0.2962789118117659,0.10879681020501411,16,0.08933132204011747,0.028960011825647843,0.053431373012479855,0.09014825974523878,0.030970373973877516,0.01568562380336509,0.037791547647739364,26,32,0.029775253601420998,0.28470851901143074,False,False,True,0.0004438151426860916,COMPLETE
1192,0.516831636428833,2025-04-09 14:01:21.690920,2025-04-09 14:01:29.961025,0 days 00:00:08.270105,0.25485419522810476,0.14213650783627674,16,0.17122456781390272,0.030178958041224627,0.04886045187201322,0.09032139341518185,0.029490745131360036,0.014232196983528143,0.041862792629473275,27,36,0.02833929380535743,0.28367478172128957,False,False,True,0.00032244940288785886,COMPLETE
1193,0.3480966448783875,2025-04-09 14:01:30.349250,2025-04-09 14:01:38.626174,0 days 00:00:08.276924,0.3512135056593488,0.12057906007890373,16,0.10318936303999356,0.19931100742609917,0.05516435968150947,0.08878045608210985,0.006121728076127611,0.058790817467613186,0.03354827262631412,28,29,0.026824613259007833,0.2924757570388207,False,False,True,0.0003952624989759449,COMPLETE
1194,0.4544022560119629,2025-04-09 14:01:39.017578,2025-04-09 14:01:47.160226,0 days 00:00:08.142648,0.3093719372566984,0.09934757288303901,16,0.08369408889505389,0.03599677280997869,0.047861054426305845,0.08646216363966293,0.02928994790451698,0.01468397421455266,0.05110239449328695,26,28,0.029131306431844587,0.22371913444066208,False,True,True,0.00031572646230844793,COMPLETE
1195,0.496247673034668,2025-04-09 14:01:47.553447,2025-04-09 14:01:55.693538,0 days 00:00:08.140091,0.2508064815729588,0.10086873854630424,16,0.09431586217460211,0.027832121289608946,0.04893069853107995,0.0076738216438533985,0.0342133200865281,0.01133371826220133,0.03946459795112959,26,33,0.026184637793180778,0.2998837793907654,False,False,True,0.0002726601149555326,COMPLETE
1196,0.5091930985450746,2025-04-09 14:01:56.082364,2025-04-09 14:02:04.091622,0 days 00:00:08.009258,0.27085976511013804,0.13346572562474637,16,0.10592641844495783,0.039785089325622094,0.050037813697552856,0.09075625469773448,0.027861895548874194,0.011141935222037751,0.04598258608960278,25,30,0.028534071303518774,0.2938313399317186,False,False,True,0.0004287425494014942,COMPLETE
1197,0.564303183555603,2025-04-09 14:02:04.485298,2025-04-09 14:02:12.602995,0 days 00:00:08.117697,0.30721038448984767,0.34248862147312314,16,0.09388203268644009,0.033932877834365424,0.04570506190759971,0.09123486405446836,0.02680177425089578,0.01262997726235197,0.04798201799279077,26,27,0.031784621024491144,0.28312719662802655,False,False,True,0.00026048182932297126,COMPLETE
1198,0.5215726613998414,2025-04-09 14:02:12.998827,2025-04-09 14:02:21.004708,0 days 00:00:08.005881,0.24781469686701518,0.14922235109621634,16,0.09758202942183913,0.0285823748300577,0.04695175734836337,0.08423627331959402,0.03122184548696302,0.015846182878833645,0.005884492720172661,25,36,0.025830956796940717,0.2945175924310901,False,False,True,8.101907329716367e-07,COMPLETE
1199,0.49479917287826536,2025-04-09 14:02:21.401142,2025-04-09 14:02:29.606917,0 days 00:00:08.205775,0.26714067976376055,0.12233631743001921,16,0.16273768268014646,0.03967933290408277,0.05170336686599597,0.0879758906604307,0.03328617832403676,0.011864083894599933,0.02969229469561439,27,33,0.07381825066070878,0.2891505668144739,False,False,True,0.00032620028398090543,COMPLETE
1200,0.4995026707649231,2025-04-09 14:02:30.000436,2025-04-09 14:02:37.951274,0 days 00:00:07.950838,0.2943548757863346,0.11166313652510595,16,0.08490623219071089,0.02811902999691395,0.04493815438915702,0.09161553078018378,0.02610778239953622,0.03902155753811918,0.03771924112244745,24,27,0.024392140130655937,0.28382651447849216,False,False,True,0.0002430424484769831,COMPLETE
1201,0.5650886774063111,2025-04-09 14:02:38.347048,2025-04-09 14:02:46.371940,0 days 00:00:08.024892,0.3266616780764924,0.15657947251467663,16,0.08960948260521316,0.036468309308842525,0.04722310508205482,0.08886374445353168,0.03170299911576795,0.018807948386333984,0.04618790921681936,25,31,0.027522162732442033,0.2945507521074877,False,False,True,0.00046078162079766686,COMPLETE
1202,0.5481972217559815,2025-04-09 14:02:46.763363,2025-04-09 14:02:54.939169,0 days 00:00:08.175806,0.27173450649468883,0.09707864618436138,16,0.09791347543974427,0.026886980269143552,0.044170848211284135,0.09155504084502387,0.028549898967621227,0.013679907884105533,0.053325489747161274,26,26,0.02427426515775688,0.29998711463315664,False,False,True,0.00030346527674757575,COMPLETE
1203,0.17574013769626617,2025-04-09 14:02:55.341543,2025-04-09 14:03:03.274358,0 days 00:00:07.932815,0.25016039070600427,0.13767139637164838,16,0.08567038083831689,0.16955406406217102,0.051053332071394356,0.08644740730759794,0.027111556112625064,0.009508994657024343,0.03235450985109171,24,29,0.03519716923423963,0.288501626805482,False,False,True,0.00023000904889085847,COMPLETE
1204,0.5849874019622803,2025-04-09 14:03:03.669566,2025-04-09 14:03:11.771500,0 days 00:00:08.101934,0.29857335307949345,0.09905523775793644,16,0.10680645040630025,0.04180073755116378,0.043926571683143935,0.09244994223379398,0.02933086504256117,0.010248399556002537,0.041246108406846414,25,25,0.030035648306931916,0.2828972116400398,False,False,True,0.00038422460503880347,COMPLETE
1205,0.503833270072937,2025-04-09 14:03:12.164336,2025-04-09 14:03:20.895711,0 days 00:00:08.731375,0.2462028704014828,0.12730225553826763,16,0.10302003751431851,0.033925626039974066,0.0487458272468293,0.08887325249278161,0.03623552361703151,0.013494792262888666,0.051914402667336754,26,40,0.023437133602794175,0.2944599864665466,False,False,False,0.0003308523889374493,COMPLETE
1206,0.4061058938503266,2025-04-09 14:03:21.288381,2025-04-09 14:03:29.468445,0 days 00:00:08.180064,0.2777947264026841,0.15878731812162944,16,0.09527669017256679,0.04654785606770159,0.04646908221301749,0.09023504686049885,0.0253827636587151,0.005076032962647993,0.05070954603773807,27,31,0.02582513860587341,0.2999420617151129,False,False,True,0.00023189190202219283,COMPLETE
1207,0.5327500343322754,2025-04-09 14:03:29.864767,2025-04-09 14:03:38.009502,0 days 00:00:08.144735,0.3540587996960503,0.11624232527132157,16,0.09140357908414704,0.04309391851774953,0.04944019710447321,0.09240269183611352,0.026422953336072093,0.03599464236238986,0.039138561965212246,26,35,0.02780264933734519,0.057993878923948125,False,False,True,0.00028718197121459466,COMPLETE
1208,0.3349370539188385,2025-04-09 14:03:38.404673,2025-04-09 14:03:46.399212,0 days 00:00:07.994539,0.25438301996896723,0.09390197301218431,16,0.08163991297794194,0.025507036095680884,0.055518849622378734,0.09116803822679158,0.03151985133711539,0.004183267248152643,0.05096959631102514,24,25,0.024746382016101427,0.2889654989647929,True,False,True,0.00040761908329842893,COMPLETE
1209,0.09186116456985474,2025-04-09 14:03:46.795795,2025-04-09 14:03:54.737952,0 days 00:00:07.942157,0.3073956866967037,0.14142288580091614,16,0.16006186498853292,0.13037341551531484,0.04768089899051741,0.08886962241443197,0.028389266363639892,0.04426193803683571,0.026795982829432345,25,27,0.026617396755666704,0.28188508263438977,False,False,True,0.0002128128796808181,COMPLETE
1210,0.518112874031067,2025-04-09 14:03:55.133926,2025-04-09 14:04:03.131045,0 days 00:00:07.997119,0.2347144854833033,0.1695323548261248,16,0.08533390671620614,0.033461250533400946,0.04575975752057726,0.09332926034133034,0.033307924348604516,0.009462073177484973,0.03177474684177122,25,30,0.02377159800458599,0.2998461239328553,False,False,True,0.00025195241985582914,COMPLETE
1211,0.588508129119873,2025-04-09 14:04:03.526973,2025-04-09 14:04:11.705646,0 days 00:00:08.178673,0.2706209239411554,0.10180925167760106,16,0.09947935725192318,0.03788845708135682,0.05234230447035917,0.08615020318154724,0.030243734162996423,0.004017861091164245,0.04118291356072809,26,24,0.03314047435426011,0.2897212233045657,False,False,True,0.0004769332080157331,COMPLETE
1212,0.561135733127594,2025-04-09 14:04:12.099347,2025-04-09 14:04:31.554429,0 days 00:00:19.455082,0.33390439902434566,0.12312030866293432,2,0.10762854418545609,0.028545744413060462,0.0500381058138265,0.09268925789702467,0.0012718116432731894,0.0869171140026306,0.05420462197913242,25,28,0.028640743549286772,0.29390797960360837,False,False,True,0.00034312149183010214,COMPLETE
1213,0.5024739861488343,2025-04-09 14:04:31.950303,2025-04-09 14:04:39.923663,0 days 00:00:07.973360,0.23465505303700446,0.14400752091248045,16,0.07979575648734258,0.043802245439319334,0.046907948044013964,0.0840786990669563,0.024810306669531865,0.005960668195041519,0.04642841422174837,24,34,0.04538633750046345,0.2802710746696915,False,False,True,0.00023357179998070764,COMPLETE
1214,0.4557494103908539,2025-04-09 14:04:40.321885,2025-04-09 14:04:47.885326,0 days 00:00:07.563441,0.3152553550286674,0.10142713835705179,16,0.0913517970652042,0.025740189589312065,0.09693691595435733,0.09056988758888326,0.02673828441268729,0.00414382228279582,0.034717902983865845,23,5,0.0231764219366491,0.2294641735257541,False,True,True,0.0002918810730656939,COMPLETE
1215,0.4993023872375489,2025-04-09 14:04:48.285275,2025-04-09 14:04:56.462986,0 days 00:00:08.177711,0.2853164395240991,0.16109452241651795,16,0.10310545888536099,0.03414260926177735,0.0484712451969112,0.0879463732902887,0.037371291948709716,0.008413970824373609,0.0194570094449314,26,25,0.02606033605959418,0.2890952136203963,False,False,True,0.0002038720890748627,COMPLETE
1216,0.4392099916934967,2025-04-09 14:04:56.857882,2025-04-09 14:05:04.980881,0 days 00:00:08.122999,0.37493561516972845,0.09320421861345249,16,0.10940973733575261,0.046013703137087275,0.04425511877844493,0.09365641822822998,0.02910381175413751,0.011326729583106312,0.057701053020740536,25,31,0.029602125976826085,0.2999515390652908,False,False,True,0.0002963832274480394,COMPLETE
1217,0.31405619978904725,2025-04-09 14:05:05.378850,2025-04-09 14:05:13.673920,0 days 00:00:08.295070,0.25785844032625754,0.12589520981223432,16,0.0889722496283084,0.03662657878948091,0.04576279950582482,0.09171601734498334,0.0350484980898306,0.0029218369761410566,0.0450554905305606,28,38,0.024959214388601794,0.1163811639057579,False,False,True,0.00023084088244925696,COMPLETE
1218,0.5723256468772888,2025-04-09 14:05:14.073961,2025-04-09 14:05:22.020128,0 days 00:00:07.946167,0.2280765128233152,0.09545751964207269,16,0.16737791276290853,0.04132682691088853,0.052408750360546395,0.04650918318481906,0.024996679177026908,0.006830790631178149,0.038764182222888154,24,23,0.026965806496822738,0.2845515561676768,False,False,True,0.00037924996742532015,COMPLETE
1219,0.5810294628143311,2025-04-09 14:05:22.416916,2025-04-09 14:05:30.404108,0 days 00:00:07.987192,0.29230213075297085,0.14413175470932177,16,0.09420645315823407,0.03149575691714214,0.04951546441847919,0.08956336329692201,0.0322195043107756,0.005121001544931156,0.05635371789048702,25,28,0.023919678617254442,0.2937227903262567,False,False,True,0.00017794051965145405,COMPLETE
1220,0.5236223101615906,2025-04-09 14:05:30.801966,2025-04-09 14:05:38.888737,0 days 00:00:08.086771,0.24641988400299278,0.11283772649874728,16,0.08253244261955804,0.024718742767458245,0.04692892439543623,0.09335673829825082,0.027313470060451667,0.009381311017822252,0.04952581347298222,26,26,0.031346812472602764,0.28736783550639133,False,False,True,0.0004585463262171425,COMPLETE
1221,0.3279535531997681,2025-04-09 14:05:39.284675,2025-04-09 14:05:47.502980,0 days 00:00:08.218305,0.26729304648003643,0.16467442631047186,16,0.07649151260674124,0.04815932389151064,0.044800286697723984,0.08722058954755094,0.027803148698877844,0.0028927613839324507,0.029665793977703823,27,32,0.022939751782698338,0.2797160251189554,False,False,True,0.0002718114466908031,COMPLETE
1222,0.5209092378616333,2025-04-09 14:05:47.898796,2025-04-09 14:05:55.844854,0 days 00:00:07.946058,0.22718868066800285,0.13233168634407566,16,0.09995435649155651,0.03888084480137711,0.042998628588493196,0.09104129723702899,0.031083395015793592,0.012650241289154892,0.03859409201591897,23,22,0.027653313526619774,0.29378747762499424,False,False,True,0.00019062271309741512,COMPLETE
1223,0.4997816801071167,2025-04-09 14:05:56.245586,2025-04-09 14:06:04.177816,0 days 00:00:07.932230,0.2991280130454343,0.09229788540399857,16,0.08798186091800048,0.025637951188758744,0.04874580705919505,0.0936728531492879,0.025278687123642233,0.0072150331831356464,0.057857299167543876,24,28,0.041569544241830216,0.2856937138767327,False,False,True,4.806653225090289e-06,COMPLETE
1224,0.5131855368614197,2025-04-09 14:06:04.574049,2025-04-09 14:06:13.292942,0 days 00:00:08.718893,0.28046865843229835,0.302721315246346,16,0.09599148942487498,0.03153414675763898,0.0537070972188687,0.08995832761957201,0.030356571553715763,0.004494510460807552,0.06325574424688418,25,34,0.02222366059616407,0.29452688814681477,False,False,False,0.0003398665269437535,COMPLETE
1225,0.6023533463478089,2025-04-09 14:06:13.689304,2025-04-09 14:06:21.875393,0 days 00:00:08.186089,0.33983212863855733,0.11483810314920781,16,0.10802100706222506,0.04499385312773617,0.05139376902193781,0.09188050150856378,0.0338384100659493,0.0027357054134168543,0.04596938904430655,26,24,0.025547326807109322,0.28709321480757644,False,False,True,0.0002162481587612764,COMPLETE
1226,0.48475500345230105,2025-04-09 14:06:22.270806,2025-04-09 14:06:30.479849,0 days 00:00:08.209043,0.3572931473960905,0.12682053713935867,16,0.10498770886270854,0.04678110772617602,0.0553023613832676,0.09377049739798224,0.03311911207698657,0.002943655130538492,0.02514966211304301,27,24,0.025995829295404733,0.2998660785236241,False,False,True,0.00022837891235527014,COMPLETE
1227,0.4039906203746796,2025-04-09 14:06:30.880776,2025-04-09 14:06:39.155848,0 days 00:00:08.275072,0.3852879378425402,0.11702807820970446,16,0.11055335003953591,0.04339315043960104,0.05200542960575887,0.09224879629542766,0.03156953163028027,0.0025921930687045364,0.034092445152396955,27,21,0.024594022311337227,0.2894792741364191,True,False,True,0.00027023019498235794,COMPLETE
1228,0.1147507429122925,2025-04-09 14:06:39.552594,2025-04-09 14:06:47.625494,0 days 00:00:08.072900,0.34284193289202597,0.14988789976062,16,0.27106389248069584,0.05000088215694273,0.05863432457378598,0.0951647564364441,0.029564500875874457,0.001047259899567643,0.04228538937417901,26,22,0.028971271462843565,0.2942890482984771,False,False,True,0.00022645843683427087,COMPLETE
1229,0.5916422128677369,2025-04-09 14:06:48.027014,2025-04-09 14:06:56.137574,0 days 00:00:08.110560,0.32193208154864916,0.14259058422715618,16,0.10604489237023658,0.03986218781454528,0.05044027513718307,0.0920049556808001,0.03404940675520181,0.002949945144777138,0.03605960285886108,26,24,0.02604578184763451,0.28976051204425357,False,False,True,0.0003206817756296179,COMPLETE
1230,0.5095751404762268,2025-04-09 14:06:56.534260,2025-04-09 14:07:04.632161,0 days 00:00:08.097901,0.3635362685086831,0.1383667252769583,16,0.10335948072275443,0.0421579159765324,0.05439512624222768,0.09384850365049048,0.03444830901609788,0.0010218885908454293,0.024110349075404585,26,25,0.026163321178197634,0.29364294139997993,False,False,True,0.00043363169567153326,COMPLETE
1231,0.5195361256599427,2025-04-09 14:07:05.029954,2025-04-09 14:07:13.269665,0 days 00:00:08.239711,0.3179009860001494,0.11559475917252601,16,0.10510831998601004,0.03849338203296368,0.04772704363173553,0.0928715282686927,0.03474332757616432,0.0025687671648297306,0.028385651877021963,27,26,0.024549481662218577,0.29097185461057723,False,False,True,0.0003597670288234804,COMPLETE
1232,0.5921887516975404,2025-04-09 14:07:13.667595,2025-04-09 14:07:21.936538,0 days 00:00:08.268943,0.3445160575744806,0.13976923291075577,16,0.11198160459373738,0.03700174924876177,0.05262052121574343,0.09482066539666134,0.03527190185674635,0.002637036316388636,0.031834232512426786,28,24,0.023229216041217044,0.29527222370683953,False,False,True,0.00048279983694494543,COMPLETE
1233,0.09215089827775956,2025-04-09 14:07:22.334076,2025-04-09 14:07:30.438248,0 days 00:00:08.104172,0.3770809764988749,0.12606116030677839,16,0.11041135666992638,0.2702500969069767,0.05258424314902156,0.0955569517165327,0.03680465840942791,0.0023861614221904067,0.033391711120103626,27,43,0.021995733825468943,0.29994840839264975,False,True,True,0.0005365112696482565,COMPLETE
1234,0.5316497683525085,2025-04-09 14:07:30.854956,2025-04-09 14:07:39.213001,0 days 00:00:08.358045,0.33748407703282757,0.1090334629552862,16,0.1140772217957322,0.03597602299505628,0.05528312055163487,0.09515084840730871,0.03254899957501338,0.002571522287960678,0.029057760382057738,29,29,0.022505697020563452,0.2940470291391404,False,False,True,0.0005539370755814248,COMPLETE
1235,0.5151349425315858,2025-04-09 14:07:39.617718,2025-04-09 14:07:48.064339,0 days 00:00:08.446621,0.3729769090158514,0.1438564874263106,16,0.10711850153980082,0.034219691092829393,0.05814348582522485,0.09521490887953137,0.03702434566183117,0.003724227996012729,0.023224666593874302,29,26,0.02432187097614435,0.2999112725200623,False,False,True,0.0004895410585558803,COMPLETE
1236,0.5100825309753418,2025-04-09 14:07:48.472940,2025-04-09 14:07:56.774437,0 days 00:00:08.301497,0.35086969628526476,0.16462815674361858,16,0.10877905191907522,0.03190020650801403,0.056887424262182074,0.09510017269274325,0.03605189059733577,0.0011882443925113856,0.022247806828281556,27,23,0.023142806310279915,0.29448065170583126,False,False,True,0.000453101689612933,COMPLETE
1237,0.5220986008644104,2025-04-09 14:07:57.180805,2025-04-09 14:08:05.444410,0 days 00:00:08.263605,0.356332290022984,0.12913788865263162,16,0.11390341598960732,0.039350989151168095,0.05423088289075282,0.0937776066874262,0.03348432088048937,0.004425819019746336,0.03499510355930796,28,29,0.02343676660904599,0.2951084525604083,False,False,True,0.00038607838882724323,COMPLETE
1238,0.5566478252410889,2025-04-09 14:08:05.848934,2025-04-09 14:08:14.340067,0 days 00:00:08.491133,0.357497255078989,0.11436482610077821,16,0.1114316409781646,0.03386670604254747,0.0527465902303983,0.09568407736816935,0.03821179932596759,0.002579498295946093,0.02754313657622401,30,20,0.022104964262970997,0.29078357815640415,False,False,True,0.00042761313602570397,COMPLETE
1239,0.5409634709358215,2025-04-09 14:08:14.745275,2025-04-09 14:08:23.027187,0 days 00:00:08.281912,0.3983983452495231,0.15679303715511744,16,0.10387355913777466,0.043710230189992184,0.05146316607166522,0.09375093598816998,0.03207276478189129,0.004494929958384895,0.029455010685924713,27,26,0.025168465059143184,0.28905281925954646,False,False,True,0.0005092140341581349,COMPLETE
