number,value,datetime_start,datetime_complete,duration,params_alpha-eval,params_alpha-train,params_batch-size,params_eps-eval,params_eps-train,params_lambda-actions-eval,params_lambda-actions-train,params_lambda-frames-eval,params_lambda-frames-train,params_learning-rate,params_n-epochs,params_n-frames,params_radius-gw,params_rho,params_std-feats,params_ub-actions,params_ub-frames,params_weight-decay,state
1692,0.5869404315948487,2025-04-16 23:18:49.862542,2025-04-16 23:19:12.890693,0 days 00:00:23.028151,0.5997552221426193,0.9678848760542322,2,0.12197381779935546,0.23095477035924666,0.0896117597793765,0.09281921422801331,0.07891027467930116,0.07839317004324647,4.223871674178115e-05,26,128,0.011193160540490816,0.27062259394530663,False,False,False,2.4864934676385366e-05,COMPLETE
1693,0.08767526894807816,2025-04-16 23:19:13.432958,2025-04-16 23:19:33.426389,0 days 00:00:19.993431,0.6328780053326454,0.932756507737749,2,0.10964414989629151,0.23413457200398902,0.09818992135347204,0.09643901509306561,0.08420384505670271,0.06292698074090478,4.8116214150918066e-05,25,128,0.002155725118474009,0.26312715833179207,False,False,True,4.111690271912911e-05,COMPLETE
1694,0.5411216259002686,2025-04-16 23:19:34.003607,2025-04-16 23:19:57.151825,0 days 00:00:23.148218,0.5633307354970409,0.9715265084489618,2,0.11557148806683229,0.22383780127964087,0.0875218234441192,0.06202310194229392,0.08638279709426698,0.05818037572217463,3.1368643205800486e-05,26,126,0.014708894521251117,0.2573129271351019,False,False,False,6.0422379814161965e-05,COMPLETE
1695,0.5813612937927246,2025-04-16 23:19:57.696381,2025-04-16 23:20:20.351339,0 days 00:00:22.654958,0.5554343490086071,0.9467994777254751,2,0.12633344553180237,0.23601214448056815,0.09145770469369607,0.09844064742081175,0.08058056321424023,0.06675508066930337,5.9828133354581694e-05,25,118,0.012773519174826055,0.26915720712033525,False,False,False,2.8738749646366865e-05,COMPLETE
1696,0.11740649789571762,2025-04-16 23:20:20.925515,2025-04-16 23:20:40.043350,0 days 00:00:19.117835,0.616296194259271,0.9700659464906617,2,0.10941353754383498,0.21959119412188244,0.09489848314779868,0.09256113589072103,0.08174970784785807,0.06490660273838934,3.899645193449233e-05,24,123,0.009161091648634725,0.25305007782392097,False,True,False,3.65760955505306e-05,COMPLETE
1697,0.3371042311191559,2025-04-16 23:20:40.592937,2025-04-16 23:21:03.153747,0 days 00:00:22.560810,0.5791389181758727,0.9505687314917008,2,0.11850311143140059,0.20980031949593753,0.08747392614866598,0.09459115269321483,0.08394207001556321,0.07551562783565495,4.955308838083427e-05,25,128,0.005728142937292074,0.26210112089182275,False,False,False,4.1569269007842845e-05,COMPLETE
1698,0.5541061758995056,2025-04-16 23:21:03.724858,2025-04-16 23:21:26.980062,0 days 00:00:23.255204,0.5494469185427378,0.9161525026951158,2,0.11718326229449176,0.06067760284456416,0.0918604024334612,0.09851936517980209,0.07857667567685257,0.05956189684553242,7.442832626837988e-05,26,125,0.011843323550788463,0.253286056458241,False,False,False,0.00010823358139473636,COMPLETE
1699,0.5077267527580261,2025-04-16 23:21:27.529695,2025-04-16 23:21:50.654330,0 days 00:00:23.124635,0.6417541962043428,0.975226737041979,2,0.1093080400812037,0.23413063270415366,0.08879124621510094,0.058424788459999016,0.08202907982505464,0.07490405363653607,6.042755883202545e-05,26,128,0.014927550960644926,0.1999765933138314,False,False,False,2.357699207488186e-05,COMPLETE
1700,0.586115550994873,2025-04-16 23:21:51.198856,2025-04-16 23:22:14.679369,0 days 00:00:23.480513,0.6050539719325956,0.9339616486433592,2,0.10988615405344454,0.22797031868519052,0.09417754574197003,0.09499913103712046,0.08546368695907454,0.07798345963442131,3.8685104611655553e-05,26,123,0.008254512975963964,0.2658454131597011,False,False,False,3.000892375925961e-05,COMPLETE
1701,0.3383100092411041,2025-04-16 23:22:15.245422,2025-04-16 23:22:37.757657,0 days 00:00:22.512235,0.5798423924983233,0.9505038586767488,2,0.12989191226224522,0.2363992680641793,0.09110133788911023,0.09735397176818625,0.07627390406489264,0.06068450435044865,4.776534383301623e-05,25,128,0.05294916133061503,0.275468157974793,False,False,False,2.8939917617051495e-05,COMPLETE
1702,0.5220475673675538,2025-04-16 23:22:38.312556,2025-04-16 23:23:00.184508,0 days 00:00:21.871952,0.6235468040637748,0.9729671786398906,2,0.12188270847473649,0.22033728253984194,0.0871321047197669,0.09330808892802712,0.0829438898913296,0.06380898461029089,8.731175596970824e-05,24,129,0.010354509327089567,0.2523745447914168,False,False,False,5.2818545954312075e-05,COMPLETE
1703,0.3605205357074738,2025-04-16 23:23:00.760229,2025-04-16 23:23:23.521590,0 days 00:00:22.761361,0.5963263609318942,0.9134458313980484,2,0.10766066208228547,0.22833536366240334,0.09698218962477105,0.09593278823200947,0.07999092939220548,0.05468183955051273,3.095864263062718e-05,25,125,0.01266935373862322,0.25877108886038236,True,False,False,3.095247410182518e-05,COMPLETE
1704,0.3361877858638764,2025-04-16 23:23:24.066194,2025-04-16 23:23:47.489151,0 days 00:00:23.422957,0.548674783865835,0.9769542592331257,2,0.1166658740531555,0.21282576445292786,0.08913564920249772,0.09250148828772517,0.07746022636333924,0.06748303415333012,5.4789483127820465e-05,26,121,0.006975547377552792,0.2718288354006001,False,False,False,2.2559611588987897e-05,COMPLETE
1705,0.5969487428665161,2025-04-16 23:23:48.067882,2025-04-16 23:24:11.539321,0 days 00:00:23.471439,0.5697379737652865,0.9535167723032121,2,0.12958999125662282,0.2357412758699041,0.08684842834990804,0.09798375890247533,0.08461498517507818,0.07668182610423432,4.4319719483356757e-05,26,129,0.010618928380745735,0.2531890362111438,False,False,False,2.4051112701706346e-05,COMPLETE
1706,0.37518338561058046,2025-04-16 23:24:12.085829,2025-04-16 23:24:21.076825,0 days 00:00:08.990996,0.6474608301236014,0.9679133858919148,16,0.10865372763983056,0.23732466868107877,0.09358094281605779,0.09475684134283735,0.07665236688424933,0.05650798897936587,1.75060702640999e-05,25,125,0.01493541146239051,0.2611498391577337,False,False,False,4.271596732859944e-05,COMPLETE
1707,0.3361280679702759,2025-04-16 23:24:21.622768,2025-04-16 23:24:43.562899,0 days 00:00:21.940131,0.5441457646192172,0.9341860543188201,2,0.11682914859687207,0.21682010255239215,0.08686863516904432,0.09652690596943839,0.08635646921944028,0.062304741552021044,6.677068556021973e-05,24,118,0.00835699342355449,0.2647276325755544,False,False,False,2.1901243887930084e-05,COMPLETE
1708,0.3476550042629242,2025-04-16 23:24:44.132398,2025-04-16 23:25:07.420616,0 days 00:00:23.288218,0.6004975699695376,0.9504079351631528,2,0.12269753345833656,0.22883451290265822,0.08920824288860277,0.09811135324782676,0.08165687273372177,0.06532460363618614,3.618481105199867e-05,26,128,0.003779464200494972,0.1195054821388232,False,False,False,3.4471062669277614e-05,COMPLETE
1709,0.5875293850898743,2025-04-16 23:25:07.971939,2025-04-16 23:25:30.413177,0 days 00:00:22.441238,0.6245532988559875,0.9788340219209778,2,0.10742899097444825,0.22906963984792794,0.09209255747535555,0.09212330747222587,0.07947037215864856,0.07479936874263242,5.2080280352340324e-05,25,122,0.012895535940204497,0.25282117864735926,False,False,False,2.237515478833583e-05,COMPLETE
1710,0.599797785282135,2025-04-16 23:25:30.986608,2025-04-16 23:25:54.310528,0 days 00:00:23.323920,0.568199543835639,0.9301514262770219,2,0.1336859326391019,0.06646359741787887,0.08700446134253956,0.0946705852254141,0.08237659510958832,0.06032248482590797,4.202031906812371e-05,26,126,0.010262525384645688,0.2576686346336099,False,False,False,2.5591725954988773e-05,COMPLETE
1711,0.38307071328163145,2025-04-16 23:25:54.862125,2025-04-16 23:26:17.253050,0 days 00:00:22.390925,0.6492322796797111,0.9778049313708451,2,0.11255664907961602,0.22195751805197428,0.09604759439211719,0.09655141223339843,0.08369203428723183,0.05868097566534084,2.756208496999097e-05,25,129,0.014851267836322223,0.2690747867287902,False,False,False,8.035541446029022e-05,COMPLETE
1712,0.0871000662446022,2025-04-16 23:26:17.830073,2025-04-16 23:26:38.446307,0 days 00:00:20.616234,0.5799215586256043,0.9547450449798379,2,0.11720177847837146,0.23653329262832815,0.09145157331223477,0.09257948209326858,0.0864479158026056,0.07912932823548915,6.194663210769506e-05,26,129,0.006295829282153449,0.25156786195201225,False,False,True,4.9257145137587556e-05,COMPLETE
1713,0.36558100581169134,2025-04-16 23:26:39.000432,2025-04-16 23:27:01.480396,0 days 00:00:22.479964,0.6333463827000717,0.9128162820201501,2,0.12453996769288382,0.22365442767689364,0.08948982885518189,0.09845929266392354,0.08086469435620255,0.06716310785989628,4.986383877314707e-05,25,86,0.011773927818906418,0.26140073661927316,False,False,False,4.009773460707827e-05,COMPLETE
1714,0.09964508563280106,2025-04-16 23:27:02.053256,2025-04-16 23:27:22.406608,0 days 00:00:20.353352,0.5488192711898534,0.9702951356038308,2,0.10916385519212868,0.21766061203547038,0.08697025924583278,0.09491718049060148,0.07668847743059508,0.06466711267855754,3.555196918752401e-05,26,124,0.008827287840517187,0.2579471796567808,False,True,False,6.128450352839955e-05,COMPLETE
1715,0.584938132762909,2025-04-16 23:27:22.962770,2025-04-16 23:27:45.155021,0 days 00:00:22.192251,0.6066290770189589,0.9521445977826654,2,0.10738565540604175,0.23635253037069895,0.09001915427872813,0.09399648661051692,0.07895857983045505,0.076461339357734,7.278481513145008e-05,24,126,0.014150045140073914,0.27530566358538344,False,False,False,3.331369936728341e-05,COMPLETE
1716,0.5903867483139038,2025-04-16 23:27:45.729872,2025-04-16 23:28:08.747282,0 days 00:00:23.017410,0.6635596138879031,0.9287125023858565,2,0.11490130117332484,0.23047289366671453,0.08669210995661446,0.099703848187088,0.08429944145281751,0.07409005356785697,4.458609736783762e-05,26,121,0.010948595818854191,0.26652446064292606,False,False,False,2.4202037682109874e-05,COMPLETE
1717,0.5879256367683411,2025-04-16 23:28:09.315111,2025-04-16 23:28:31.817083,0 days 00:00:22.501972,0.5865272869115467,0.9745687051013227,2,0.10593549080937163,0.22999416868908987,0.09440328082063111,0.0966237795472815,0.08133267602059187,0.06194233764370274,5.7796731737580265e-05,25,128,0.012965285035107441,0.25598328427187056,False,False,False,3.2287605665526634e-05,COMPLETE
1718,0.5831960439682007,2025-04-16 23:28:32.372517,2025-04-16 23:28:55.522092,0 days 00:00:23.149575,0.5459978621433461,0.951242834176996,2,0.12302035000337111,0.23819319569178107,0.08972405196874479,0.091744173775396,0.08321147948142246,0.06635231490087272,3.893486654445202e-05,26,129,0.008927926619877456,0.26453698190615715,False,False,False,2.0858033064534576e-05,COMPLETE
1719,0.33452488183975226,2025-04-16 23:28:56.101911,2025-04-16 23:29:18.825066,0 days 00:00:22.723155,0.5638688836029383,0.9805488487771886,2,0.11237749443904436,0.2248968612198978,0.09240217255382921,0.09517214156147782,0.07870098101130828,0.0742424838523305,5.293010636182332e-05,25,125,0.005016229040859507,0.25300968054853706,False,False,False,2.186399563253308e-05,COMPLETE
1720,0.3414746701717377,2025-04-16 23:29:19.382771,2025-04-16 23:29:37.793994,0 days 00:00:18.411223,0.6192563875765802,0.9311209618836807,2,0.10506542106750986,0.23720008602785525,0.0869865525029255,0.09825656203519827,0.08663188711535313,0.07905520399144403,8.699457153831184e-05,18,129,0.0070061429041622224,0.12681969814959765,False,False,False,3.3098174317255956e-05,COMPLETE
1721,0.3619145154953003,2025-04-16 23:29:38.367888,2025-04-16 23:30:01.803623,0 days 00:00:23.435735,0.5401721514408194,0.9679915423438055,2,0.1401762045149519,0.22106070994426671,0.08856757505975324,0.09323838788058605,0.07609208022084821,0.06285244993855871,2.4838796126881232e-05,26,123,0.010946841966515455,0.25167628526801705,True,False,False,4.620212478634342e-05,COMPLETE
1722,0.5818097591400146,2025-04-16 23:30:02.361420,2025-04-16 23:30:24.778551,0 days 00:00:22.417131,0.6432295740166646,0.9787440156373725,2,0.13065803066891166,0.23158185669281153,0.08676514499376509,0.09636894702157008,0.08042003938220027,0.06767589730223077,6.637791254302341e-05,25,119,0.01494200176769599,0.27081329560633843,False,False,False,0.00011844738585821926,COMPLETE
1723,0.6102722764015198,2025-04-16 23:30:25.359592,2025-04-16 23:30:48.447379,0 days 00:00:23.087787,0.598201158165872,0.9102643166181955,2,0.11849471572407928,0.2108404951157178,0.09194719536767558,0.09993710185298961,0.0847283051917621,0.07625330938045949,4.401236289076271e-05,26,126,0.009201061610398178,0.2601022644059313,False,False,False,2.7350434623873726e-05,COMPLETE
1724,0.33887121081352234,2025-04-16 23:30:49.003014,2025-04-16 23:31:11.085786,0 days 00:00:22.082772,0.6165773846791891,0.9108731976595718,2,0.12223681706919984,0.20573599685717028,0.09815193923752522,0.09976257528434204,0.08267018381763826,0.077441379683083,3.2106774679362116e-05,24,121,0.0011694519753669757,0.27553886003490774,False,False,False,3.855460329027258e-05,COMPLETE
1725,0.3351227462291718,2025-04-16 23:31:11.661602,2025-04-16 23:31:34.927536,0 days 00:00:23.265934,0.6007537311439364,0.9075596293382993,2,0.12578856423885224,0.2160333412855027,0.09750436549253158,0.09898880604822767,0.07890624200708453,0.07979649275317995,3.843338674454191e-05,26,119,0.0052197596990824855,0.26934103211997484,False,False,False,3.0042769896989502e-05,COMPLETE
1726,0.3344318866729737,2025-04-16 23:31:35.483393,2025-04-16 23:31:58.332400,0 days 00:00:22.849007,0.6263256803861077,0.9100928869623821,2,0.11876389600689585,0.21055163097562665,0.09408094506380477,0.09993681698392778,0.08114915998229003,0.07845146947759675,0.0003354112081978808,25,123,0.007073448418130197,0.26371719892862266,False,False,False,3.520922193240627e-05,COMPLETE
1727,0.3430137872695923,2025-04-16 23:31:58.916822,2025-04-16 23:32:08.115793,0 days 00:00:09.198971,0.6010497814587401,0.9086157627692367,16,0.11986616484298815,0.2108997120313508,0.09333022962389363,0.0996503805459876,0.08390902173030258,0.07627045988531671,4.865378277713044e-05,26,124,0.003719727914861696,0.2806115300741618,False,False,False,2.6254146079096457e-05,COMPLETE
1728,0.39082285165786745,2025-04-16 23:32:08.676436,2025-04-16 23:32:28.946332,0 days 00:00:20.269896,0.6094345400720624,0.9152214463187127,2,0.13434418270425455,0.21376207571268063,0.09160245696957779,0.09979708550169109,0.07651632711068218,0.0760900113883052,3.097819286410033e-05,21,126,0.08362010118810903,0.2667648880300799,False,False,False,4.776700407300869e-05,COMPLETE
1729,0.33238851428031924,2025-04-16 23:32:29.502024,2025-04-16 23:32:52.253781,0 days 00:00:22.751757,0.626115204353179,0.9293731717970194,2,0.12766450931118328,0.20766796149347017,0.09617333186015066,0.09991193432879882,0.07826623728723349,0.07727321493434937,5.981734592374227e-05,25,117,0.007902716343140489,0.2601116930659199,False,False,False,2.7112900359766835e-05,COMPLETE
1730,0.33383055925369265,2025-04-16 23:32:52.824350,2025-04-16 23:33:15.996228,0 days 00:00:23.171878,0.6477934952657827,0.9240296158080038,2,0.1162664200484436,0.2079178476116069,0.09563697624284703,0.09778333768082974,0.08208178767206419,0.07474336911981858,4.2135996727356665e-05,26,115,0.0066587676724297025,0.2694929551887047,False,False,False,2.8903160634856342e-05,COMPLETE
1731,0.08744363933801651,2025-04-16 23:33:16.552523,2025-04-16 23:33:36.136926,0 days 00:00:19.584403,0.5902721230029839,0.9286301557217161,2,0.12809048807702283,0.22712136130014615,0.09354812102899235,0.09800351232763886,0.08350942561116656,0.0798200083058926,7.422780798444826e-05,24,121,0.007832822565448424,0.27860880975154856,False,False,True,4.3076349021040326e-05,COMPLETE
1732,0.5918617963790894,2025-04-16 23:33:36.723125,2025-04-16 23:33:59.326136,0 days 00:00:22.603011,0.5935993457077231,0.9337592222408719,2,0.11570440521354475,0.21407248438426613,0.09198842135448632,0.09776011762541319,0.08045462261909503,0.07539693798242565,5.442125492910369e-05,25,125,0.009119832461367676,0.2619687644219887,False,False,False,3.73025462925226e-05,COMPLETE
1733,0.09332779943943025,2025-04-16 23:33:59.888588,2025-04-16 23:34:20.354146,0 days 00:00:20.465558,0.6338909286187979,0.9055328165496543,2,0.12106202587850247,0.2175739856252794,0.09410081286832772,0.09747927022088304,0.08448854866645718,0.07708667593360226,3.6406681579113566e-05,26,126,0.005235830727520803,0.2600352087233408,False,True,False,2.4185516090502317e-05,COMPLETE
1734,0.5889344573020936,2025-04-16 23:34:20.928976,2025-04-16 23:34:43.603868,0 days 00:00:22.674892,0.6131821328922685,0.9110105577810005,2,0.11212117330618311,0.21671945768104303,0.09067556939081686,0.09982890962662308,0.08662915406172035,0.07367119353775753,4.5617751308278835e-05,25,123,0.009399951420826228,0.2739979014511466,False,False,False,5.898682118209316e-05,COMPLETE
1735,0.5804601311683655,2025-04-16 23:34:44.161849,2025-04-16 23:35:07.374833,0 days 00:00:23.212984,0.6571664069634664,0.9404792777893638,2,0.11957825610695799,0.2225382198674391,0.09623469203344817,0.09715069621946548,0.0795769959870123,0.07356549102729602,6.116788729614433e-05,26,127,0.008359806005870676,0.26660574224605804,False,False,False,3.342968055018838e-05,COMPLETE
1736,0.3438434600830078,2025-04-16 23:35:07.955562,2025-04-16 23:35:31.223212,0 days 00:00:23.267650,0.5800861036015196,0.9462339753290601,2,0.13269209253427847,0.22045151546740457,0.09033848673063886,0.09484947512987744,0.07716196234802981,0.07923771506345142,2.9062302376216727e-05,26,129,0.005867381061430229,0.2593075946420197,False,False,False,2.2992671915503003e-05,COMPLETE
1737,0.5868471384048461,2025-04-16 23:35:31.784281,2025-04-16 23:35:54.112221,0 days 00:00:22.327940,0.6374543957135066,0.9065194415295581,2,0.12527316815755496,0.213943112984789,0.09231812482321422,0.09611242678674231,0.08240471373120127,0.07614163670409911,5.087566677000564e-05,25,120,0.010111815842876825,0.2660378027541948,False,False,False,7.090693416270906e-05,COMPLETE
1738,0.3397477090358734,2025-04-16 23:35:54.691170,2025-04-16 23:36:17.826637,0 days 00:00:23.135467,0.6676622420649613,0.9464180597623075,2,0.11356951159064838,0.2083419873956513,0.0913388498720448,0.09173343818780044,0.07621469357682777,0.07513709303688089,4.036593615889092e-05,26,79,0.003932444384267044,0.25687088901430305,False,False,False,4.743123595328234e-05,COMPLETE
1739,0.37066876888275146,2025-04-16 23:36:18.387134,2025-04-16 23:36:40.822354,0 days 00:00:22.435220,0.593244402431431,0.9256931604929334,2,0.13854013833677142,0.22198180231248668,0.09465407027342487,0.09994378838264759,0.08416851581240078,0.0732231015590468,2.1994605760956315e-05,25,125,0.009507172690008009,0.2629807122606701,False,False,False,3.393209595613519e-05,COMPLETE
1740,0.33487276434898383,2025-04-16 23:36:41.406250,2025-04-16 23:37:03.293036,0 days 00:00:21.886786,0.6141635826020557,0.9531182910190328,2,0.1138539915986527,0.21564844474842076,0.0899465940197479,0.056319151811406905,0.08131627297231639,0.07823443790803387,6.646098294695708e-05,24,122,0.007605737510337212,0.2714772572282813,False,False,False,2.5974859857477662e-05,COMPLETE
1741,0.48646900653839115,2025-04-16 23:37:03.856309,2025-04-16 23:37:27.298617,0 days 00:00:23.442308,0.6518590840191946,0.9343715926041272,2,0.12186163573782507,0.05498881645995935,0.09308464947634126,0.06871611742273723,0.07880931498552145,0.07441118366022641,3.400690908131408e-05,26,129,0.01060741028914477,0.2578780833953431,True,False,False,3.14987856398287e-05,COMPLETE
1742,0.6135366559028625,2025-04-16 23:37:27.880936,2025-04-16 23:37:50.458353,0 days 00:00:22.577417,0.5870998773174769,0.9548885731361353,2,0.10763886928571116,0.22576131860430096,0.09065869114733727,0.0969773002880471,0.08646715985984052,0.07633260933524483,4.759129165649355e-05,25,126,0.011178001883105939,0.25573275041172283,False,False,False,2.102993841319475e-05,COMPLETE
1743,0.33705486655235295,2025-04-16 23:37:51.024772,2025-04-16 23:38:12.922509,0 days 00:00:21.897737,0.5764054670214188,0.9598581645864616,2,0.10900873212090524,0.22289003221100634,0.09269921568756148,0.09765449978696321,0.08795914482925485,0.07753274981275937,2.8591461236768747e-05,24,118,0.00663811599955904,0.25596168187347357,False,False,False,2.035295956249645e-05,COMPLETE
1744,0.5663382649421692,2025-04-16 23:38:13.506192,2025-04-16 23:38:35.369352,0 days 00:00:21.863160,0.5751463082573659,0.9597751783282975,2,0.10876576510234877,0.22511223201472885,0.09080940710586345,0.09810395874384743,0.08629801960282664,0.07818989681747125,3.583967396028049e-05,24,122,0.008504088560353527,0.2609555798572191,False,False,False,2.0098229399551177e-05,COMPLETE
1745,0.5897688865661621,2025-04-16 23:38:35.928224,2025-04-16 23:38:57.794056,0 days 00:00:21.865832,0.585751164997729,0.9582346359573625,2,0.11582379990861073,0.21752120109912826,0.09594583457930336,0.09997485157053254,0.08720111253797731,0.0763391813826272,4.452402563459921e-05,24,124,0.01033160527360321,0.2525040665515541,False,False,False,2.26117780849014e-05,COMPLETE
1746,0.5825862526893616,2025-04-16 23:38:58.374336,2025-04-16 23:39:20.279718,0 days 00:00:21.905382,0.5659006593618666,0.966188143560883,2,0.10969370725488814,0.20772718282167027,0.08928749309807558,0.09611638506490869,0.08567405317989187,0.07932710062769531,4.108450688047436e-05,24,120,0.008590788063006609,0.2532626351538193,False,False,False,2.6367157393666463e-05,COMPLETE
1747,0.34518575072288515,2025-04-16 23:39:20.843005,2025-04-16 23:39:43.718923,0 days 00:00:22.875918,0.592815992890956,0.9494506467310186,2,0.10714863806017727,0.21043123604227562,0.09234691557224997,0.09781841710029059,0.0849351579511063,0.07612364329108615,2.5958020117918952e-05,25,126,0.006482047421683243,0.2621582561194118,False,False,False,2.1128058758450838e-05,COMPLETE
