number,value,datetime_start,datetime_complete,duration,params_alpha-eval,params_alpha-train,params_batch-size,params_eps-eval,params_eps-train,params_lambda-actions-eval,params_lambda-actions-train,params_lambda-frames-eval,params_lambda-frames-train,params_learning-rate,params_n-epochs,params_n-frames,params_radius-gw,params_rho,params_std-feats,params_ub-actions,params_ub-frames,params_weight-decay,state
1240,0.506100082397461,2025-04-09 14:08:23.431033,2025-04-09 14:08:31.983534,0 days 00:00:08.552501,0.33454744415155674,0.10109686375344956,16,0.11242221686137123,0.037572934193806626,0.05108201470549156,0.09583040082618423,0.03500657298674404,0.0024476551940308183,0.033994695591070226,30,23,0.021557844799101406,0.2997906024469301,False,False,True,0.00037832143587392613,COMPLETE
1241,0.46946471929550176,2025-04-09 14:08:32.389416,2025-04-09 14:08:40.578079,0 days 00:00:08.188663,0.33987198051298745,0.1355458920880313,16,0.10047895848931904,0.032424546267665305,0.053877402770592,0.09228829806647064,0.02266141433637195,0.004516780013479755,0.0018273044701897893,26,31,0.022866548101523623,0.2944190265046992,False,False,True,0.00030459561891018006,COMPLETE
1242,0.41815627217292783,2025-04-09 14:08:40.982682,2025-04-09 14:08:49.406765,0 days 00:00:08.424083,0.37112100169855883,0.09425894490568415,16,0.10788417058710528,0.04452321269418266,0.05232442627069518,0.09364775590677227,0.03061560344103604,0.0025042760804531586,0.0403950596013475,29,96,0.024522752650390136,0.23323028972534757,False,False,True,0.00031776894494691267,COMPLETE
1243,0.49097268581390385,2025-04-09 14:08:49.814228,2025-04-09 14:08:58.791591,0 days 00:00:08.977363,0.3174159911889666,0.1154435489159259,16,0.10113799433053854,0.028038023299428255,0.05600062877463364,0.09557615529699974,0.028403839779285015,0.04804948835346384,0.04037923963150774,28,27,0.026983122512446573,0.2950133428711612,False,False,False,0.0004899197804727533,COMPLETE
1244,0.5132884025573731,2025-04-09 14:08:59.196809,2025-04-09 14:09:07.228573,0 days 00:00:08.031764,0.4025795932808117,0.1671051602719508,16,0.11039834996608211,0.03768786714567221,0.05108739700351901,0.038942872568527756,0.02392150067918858,0.004608231172935661,0.01827875303250032,25,19,0.021642119155374936,0.28763713047316924,False,False,True,0.00025644881411328996,COMPLETE
1245,0.47109127044677734,2025-04-09 14:09:07.633532,2025-04-09 14:09:29.149105,0 days 00:00:21.515573,0.3457343380535371,0.09613450226143588,2,0.09927008111947422,0.043876711310350404,0.049623777962541554,0.09172326602105368,0.03555472445654572,0.0012331220327683617,0.00012983349957884651,29,24,0.028159634589428353,0.22153749174080747,False,False,True,0.0003718916326178165,COMPLETE
1246,0.4009925425052643,2025-04-09 14:09:29.555275,2025-04-09 14:09:37.789012,0 days 00:00:08.233737,0.3343447807792673,0.12507057757514253,16,0.11235805657780368,0.030226027149370636,0.054329404826470626,0.05543076168389552,0.03061969973848797,0.0010295563163689493,0.02740497966102839,26,30,0.025208230178451634,0.29516397075665957,True,False,True,0.00025701867487845046,COMPLETE
1247,0.37558268308639525,2025-04-09 14:09:38.195554,2025-04-09 14:09:46.248962,0 days 00:00:08.053408,0.3211100141982749,0.15656975293728898,16,0.10576958033993644,0.04752826106830163,0.050077724859621864,0.09454885236846618,0.033000915652554495,0.005209695634984094,0.033034955154629404,28,8,0.023529447029222675,0.2865735920173734,False,False,True,0.0003171405244922846,COMPLETE
1248,0.4719682097434998,2025-04-09 14:09:46.654938,2025-04-09 14:09:54.985912,0 days 00:00:08.330974,0.3430333332325648,0.13712931755954674,16,0.09948090319186839,0.03744701343152967,0.05291191099037493,0.09243767934589353,0.026920983394210122,0.005262465799914704,0.043378447524067686,28,35,0.025941541871595003,0.2891411800382108,False,False,True,0.00047664135278171365,COMPLETE
1249,0.6470762610435487,2025-04-09 14:09:55.390081,2025-04-09 14:10:03.406154,0 days 00:00:08.016073,0.32217121049782704,0.10669865238994143,16,0.0975264426677801,0.026723494594166397,0.056287889468772584,0.09589952525639237,0.028802557005801768,0.003473626120950072,0.024354618433597087,25,27,0.021893345618215387,0.2996569434350737,False,False,True,0.00022273952169754973,COMPLETE
1250,0.59713773727417,2025-04-09 14:10:03.812947,2025-04-09 14:10:11.917838,0 days 00:00:08.104891,0.30980388295707156,0.089554325620783,16,0.09404115886967124,0.025613966779024954,0.059765919583893407,0.09582654601958228,0.028828215267133243,0.006015039007695299,0.04442378161016542,25,30,0.02143895958906963,0.2966675998482208,False,False,True,0.00020040744369871462,COMPLETE
1251,0.508210027217865,2025-04-09 14:10:12.324177,2025-04-09 14:10:20.374716,0 days 00:00:08.050539,0.31129858341971495,0.0898620116023768,16,0.09626621880557329,0.026018473376257713,0.06057388535113269,0.09636243545229303,0.025782989741194022,0.006346918899652869,0.014470086618281704,25,37,0.020944666271622402,0.29954319217759945,False,False,True,0.0001895404633998153,COMPLETE
1252,0.4690121173858643,2025-04-09 14:10:20.783450,2025-04-09 14:10:28.950034,0 days 00:00:08.166584,0.29930053888975416,0.09968910068410283,16,0.08944714903486337,0.02450695764906688,0.0631336894346613,0.09602522433129435,0.027757264703813463,0.006094447550870238,0.02621178796606722,26,32,0.0207902299624187,0.2999485331319546,False,True,True,0.00017303548076685256,COMPLETE
1253,0.49631854295730593,2025-04-09 14:10:29.356028,2025-04-09 14:10:37.401695,0 days 00:00:08.045667,0.3277179724757043,0.09563931555825536,16,0.09557392791128011,0.02801663965427357,0.06206125966580507,0.09637607073861336,0.02895898545522438,0.008516888270787117,0.03606862674189396,25,34,0.029425211118831732,0.2946848399093886,False,False,True,0.00019752559765885453,COMPLETE
1254,0.5201158165931702,2025-04-09 14:10:37.807718,2025-04-09 14:10:45.956694,0 days 00:00:08.148976,0.3147816611402747,0.09149467664717267,16,0.08922384767836816,0.021357741133306053,0.061664463565873684,0.09650044669604159,0.024927227076340354,0.0062365519020057235,0.019700096907260215,26,39,0.024406525117758836,0.2917066986228961,False,False,True,0.00021646792033174874,COMPLETE
1255,0.5056940078735352,2025-04-09 14:10:46.381068,2025-04-09 14:10:54.439791,0 days 00:00:08.058723,0.3282605260687599,0.08315193714206565,16,0.09564389978755233,0.0241995763305579,0.05977669093575536,0.0962939809073434,0.023656139859440484,0.0075161036035397265,0.03149404529843864,25,31,0.02794101642700332,0.2886154330023243,False,False,True,0.00017429919628061355,COMPLETE
1256,0.5662930369377137,2025-04-09 14:10:54.852225,2025-04-09 14:11:02.981694,0 days 00:00:08.129469,0.30109695884354276,0.44892445870117503,16,0.09221613737800465,0.024902850505184888,0.05855691469490128,0.09647719564555736,0.027312250749698525,0.00567831932856089,0.03823716176739936,26,36,0.022198308441347597,0.29950919704997153,False,False,True,0.0002409985999171353,COMPLETE
1257,0.5151548504829407,2025-04-09 14:11:03.391364,2025-04-09 14:11:11.390441,0 days 00:00:07.999077,0.32890102027691287,0.09358564151453654,16,0.09617982589926957,0.029811191116911055,0.056753507864339955,0.09461529790098092,0.030340843582475345,0.010357441698978013,0.022761048414792522,25,32,0.020137272842728808,0.09358020786685164,False,False,True,0.0002710984558972897,COMPLETE
1258,0.5104892969131469,2025-04-09 14:11:11.806842,2025-04-09 14:11:19.998240,0 days 00:00:08.191398,0.31313149692011,0.08832134811068496,16,0.09238592447606606,0.024502910205646752,0.05900080087060695,0.09636800642198368,0.02605133249406826,0.0037933999306769156,0.041953634440593086,26,29,0.026119295846009444,0.28394012110997063,False,False,True,0.00016633032829058185,COMPLETE
1259,0.5151470899581909,2025-04-09 14:11:20.408960,2025-04-09 14:11:28.429104,0 days 00:00:08.020144,0.3082345373357296,0.11487495721824664,16,0.03961826354987846,0.030674654625652168,0.059647515803483306,0.09419173079596885,0.022613704758407877,0.005755029721722668,0.04269176224737544,25,34,0.03130923021306931,0.2900764897276103,False,False,True,0.0002163925452192381,COMPLETE
1260,0.4960902929306031,2025-04-09 14:11:28.845099,2025-04-09 14:11:36.899002,0 days 00:00:08.053903,0.36139221869645954,0.08648101374875751,16,0.0006141455148018435,0.023874195654722645,0.06375716625884936,0.09662343080217202,0.028809518968220944,0.015902710820477124,0.02948602178096608,25,29,0.02371188629655741,0.2954901389175024,False,False,True,6.266458123018629e-06,COMPLETE
1261,0.49681494235992435,2025-04-09 14:11:37.312104,2025-04-09 14:11:45.487826,0 days 00:00:08.175722,0.3244589261949287,0.10694733714138427,16,0.0869720632486844,0.029379501491346088,0.06484569831752737,0.09418289221055863,0.03082368802912747,0.008274567780599115,0.035669417139520834,26,41,0.022171427204164113,0.28627885889956123,False,False,True,0.00026735153179176073,COMPLETE
1262,0.5066015124320984,2025-04-09 14:11:45.900137,2025-04-09 14:12:08.125045,0 days 00:00:22.224908,0.2963560300665945,0.08201586095846983,2,0.17175761619245797,0.023770435775397017,0.04768504656354643,0.0937355785976934,0.027343714283425514,0.0010668878302246474,0.046006886884597024,25,32,0.025668808892640605,0.29498842607352577,False,False,False,0.0001706263636931314,COMPLETE
1263,0.48163882493972776,2025-04-09 14:12:08.538149,2025-04-09 14:12:16.687172,0 days 00:00:08.149023,0.3405891090799138,0.10941944588343247,16,0.09844220855975193,0.031730091369322776,0.057567378711721025,0.09673715061637403,0.024762848784020644,0.004184592166230233,0.00045564986114696914,26,29,0.027768760152123657,0.22630901112036717,False,False,True,0.00019187265964276662,COMPLETE
1264,0.5150981664657593,2025-04-09 14:12:17.098633,2025-04-09 14:12:25.015412,0 days 00:00:07.916779,0.2964793749600244,0.08888721466354157,16,0.16173400495820692,0.021782821005743223,0.06247314171899585,0.09316151484012536,0.029076896622371784,0.007005358706841408,0.04690049401717658,25,37,0.02037118824630911,0.299727106536869,False,False,True,1.2496150499874415e-06,COMPLETE
1265,0.10086730718612671,2025-04-09 14:12:25.427318,2025-04-09 14:12:33.668010,0 days 00:00:08.240692,0.32321052699637665,0.38643477708985896,16,0.0947369893027517,0.2085561835980681,0.05959240571398236,0.09658145543274327,0.031631434317751096,0.0045467153351328275,0.03760899499487294,26,27,0.02387723257749106,0.28405801401706104,True,False,True,4.4491017583004023e-07,COMPLETE
1266,0.4731010675430298,2025-04-09 14:12:34.078558,2025-04-09 14:12:42.070470,0 days 00:00:07.991912,0.28470664505308674,0.11415911271606861,16,0.08807763138058097,0.029921860896942144,0.06153362368778209,0.09468640083710948,0.0225286501884429,0.009575326978374196,0.026164275215901936,24,34,0.025237531064180658,0.2923844182252259,False,False,True,0.00022241299815293336,COMPLETE
1267,0.37895865440368653,2025-04-09 14:12:42.485694,2025-04-09 14:12:50.612945,0 days 00:00:08.127251,0.28741129429317597,0.07965038174267125,16,0.09917215259765971,0.18850175976608602,0.05616421232616979,0.09247577697088798,0.026328724447657256,0.031388182790688404,0.04894530329216288,25,30,0.02993283304359433,0.29993793519014317,False,False,True,0.0002947697150135258,COMPLETE
1268,0.49206023216247563,2025-04-09 14:12:51.023160,2025-04-09 14:12:59.052031,0 days 00:00:08.028871,0.3109507507864575,0.1199065206943908,16,0.09274355573425004,0.02592421415151007,0.0590147807372564,0.032078217126483406,0.029408006243412853,0.003281639792174332,0.03161716037778495,25,28,0.021286404003944676,0.2907480424663308,False,False,True,3.4351196870114543e-06,COMPLETE
1269,0.5230685591697694,2025-04-09 14:12:59.464467,2025-04-09 14:13:07.650221,0 days 00:00:08.185754,0.2746096244602643,0.08348479320977409,16,0.0977522648262408,0.03240663171002206,0.06045994970667981,0.0010907136581995436,0.02432579633090249,0.00574496757239914,0.040519073800471525,26,31,0.02706387130882339,0.2838119440743108,False,False,True,0.00015858136367081203,COMPLETE
1270,0.11635095924139023,2025-04-09 14:13:08.058153,2025-04-09 14:13:15.995944,0 days 00:00:07.937791,0.3643764657239346,0.42805627384100864,16,0.08567608929101048,0.09687793798860911,0.06538674728101973,0.09476606914706263,0.02876581956116392,0.0131951025982095,0.048879361703103516,24,26,0.022946354612305406,0.2373328575061181,False,False,True,0.00022426057206403007,COMPLETE
1271,0.46502465009689337,2025-04-09 14:13:16.428322,2025-04-09 14:13:24.587492,0 days 00:00:08.159170,0.3361168143795501,0.10736696675871675,16,0.0900256181643131,0.020229890578921148,0.05945981460579709,0.09662337331055018,0.02674194490252029,0.007422151658329377,0.0006685991287638097,26,34,0.019397083850542347,0.1377974430427847,False,True,True,0.0002705527939059019,COMPLETE
1272,0.4327216744422913,2025-04-09 14:13:25.002060,2025-04-09 14:13:33.015225,0 days 00:00:08.013165,0.30991842510869444,0.08406898620029853,16,0.10339028396169005,0.03429892124445426,0.05599914087671823,0.09289987173066451,0.03279373588416444,0.003759252905583058,0.03715304899142604,25,65,0.024773155940807062,0.2890418581637263,False,False,True,0.00019028826045458552,COMPLETE
1273,0.32180452942848203,2025-04-09 14:13:33.431012,2025-04-09 14:13:41.306490,0 days 00:00:07.875478,0.300634033482249,0.1784188682350897,16,0.17947150785379182,0.021485017386366833,0.05807631048908111,0.09422709798331694,0.02773489898257996,0.010053776095865087,0.004135383144250337,24,26,0.022170109516573368,0.2794929423577551,False,False,True,0.00015516094259485034,COMPLETE
1274,0.5929481387138367,2025-04-09 14:13:41.723483,2025-04-09 14:13:49.845986,0 days 00:00:08.122503,0.2800640554480611,0.11990042289559773,16,0.16476051969227803,0.027674441021405826,0.057273336489061674,0.09193472107925067,0.022974936616742707,0.005307172964831556,0.05082821583488835,26,22,0.027687979991251277,0.29432117956230625,False,False,True,0.0003472120532543359,COMPLETE
1275,0.4814329266548157,2025-04-09 14:13:50.268042,2025-04-09 14:13:58.563145,0 days 00:00:08.295103,0.2896682159014397,0.132855963683549,16,0.024535026857497463,0.030930224741115266,0.058266356255224985,0.021905717528540116,0.02151983208906578,0.002926094748784656,0.032606458903136064,27,28,0.03202963588219263,0.29554706335597614,False,False,True,0.00035200780092896003,COMPLETE
1276,0.3697714686393738,2025-04-09 14:13:58.980103,2025-04-09 14:14:07.214660,0 days 00:00:08.234557,0.31219015972972114,0.1287550031677969,16,0.17238218857508386,0.02675623534708308,0.056858153682334975,0.09169326845869251,0.021600965176615663,0.0027244001652095046,0.04262776623076896,26,140,0.030096461515323226,0.29413736511332583,False,False,True,0.0003284483455059632,COMPLETE
1277,0.5481961607933045,2025-04-09 14:14:07.632729,2025-04-09 14:14:15.658813,0 days 00:00:08.026084,0.2814298346652328,0.1457413297135318,16,0.167314813926242,0.03204051435997704,0.05727236046109203,0.09122898872250622,0.023839015295930938,0.004510663669052383,0.04684256890564621,27,31,0.028129710264365185,0.29007281226601833,False,False,True,0.0003082885089117775,COMPLETE
1278,0.35582557916641233,2025-04-09 14:14:16.072783,2025-04-09 14:14:36.032615,0 days 00:00:19.959832,0.28011296656162404,0.11743048792217758,2,0.16435290192717927,0.035350826343921886,0.059454529565073126,0.09141873094936229,0.02269134280435787,0.0010414596411400623,0.037241763675588485,26,24,0.03251774648719861,0.2934720231537327,False,False,True,0.0003732565728659541,COMPLETE
1279,0.5085580229759217,2025-04-09 14:14:36.451844,2025-04-09 14:14:44.582504,0 days 00:00:08.130660,0.3265540764340119,0.14002879925854447,16,0.16037934352303773,0.026737904861317604,0.05529094608388182,0.06441049628262088,0.02526217896174863,0.0010664189628127884,0.02831806330597356,26,38,0.030543064457342062,0.2897094142258694,False,False,True,0.00025114204845588166,COMPLETE
1280,0.47795220613479616,2025-04-09 14:14:44.995877,2025-04-09 14:14:53.064332,0 days 00:00:08.068455,0.29213167218906566,0.10983191150625227,16,0.17495861615902236,0.036349907105942554,0.063467202718564,0.09238893905805187,0.021349150416492362,0.00499288116771069,0.05042698208541722,27,28,0.027975697452290445,0.29408743359163914,False,False,True,0.0003037127306564738,COMPLETE
1281,0.5356834650039672,2025-04-09 14:14:53.478255,2025-04-09 14:15:01.627010,0 days 00:00:08.148755,0.30494025384602275,0.16746400839867565,16,0.1679400769898116,0.027647849541450196,0.05695318800328218,0.0907205677569889,0.023576544785828796,0.005915410713636833,0.023240090355417638,26,48,0.029100633911622206,0.29484705961214586,False,False,True,0.0003581926590605303,COMPLETE
1282,0.5019391298294068,2025-04-09 14:15:02.054972,2025-04-09 14:15:10.777966,0 days 00:00:08.722994,0.2735841372877487,0.1219606889150461,16,0.15854230396153576,0.033418369880863164,0.057427168628977086,0.09253669864774096,0.02557869381217654,0.0029551051980348524,0.03945702057972051,25,33,0.03402307978967164,0.2876645610026222,False,False,False,0.00025554107806776734,COMPLETE
1283,0.4582076668739319,2025-04-09 14:15:11.192193,2025-04-09 14:15:19.277406,0 days 00:00:08.085213,0.3470093909823413,0.15063875615487854,16,0.16911338389318373,0.023471684016642874,0.054776164829554524,0.09014044744134318,0.02378312712172427,0.0010326533703944592,0.04396229714096618,27,22,0.026804400621825757,0.2999840140280194,False,False,True,0.00021988104240119806,COMPLETE
1284,0.45724088549613956,2025-04-09 14:15:19.711419,2025-04-09 14:15:27.951583,0 days 00:00:08.240164,0.31915898283913174,0.10299351360046352,16,0.177632970464909,0.028909785406464876,0.061559557996036775,0.09373740249021922,0.02235279242061631,0.0040835514552805255,0.030674028529730252,26,25,0.028797971184657125,0.2850303849208291,True,False,True,0.0003926651482910602,COMPLETE
1285,0.5801382541656495,2025-04-09 14:15:28.372673,2025-04-09 14:15:36.257401,0 days 00:00:07.884728,0.27658509003619003,0.12903349272678044,16,0.17136282739967107,0.039248803414742996,0.055271810680343814,0.09321193361596526,0.026118483049186833,0.006236771257011608,0.05194858125875412,25,30,0.026485095582370145,0.2998660573556212,False,False,True,0.00027927885604855126,COMPLETE
1286,0.3486593008041382,2025-04-09 14:15:36.683846,2025-04-09 14:15:44.807343,0 days 00:00:08.123497,0.2965597322175299,0.1048173759603802,16,0.17021113221783135,0.03470124139475889,0.05385169855402429,0.0959904768483252,0.029632505533564328,0.0039018651578864158,0.000944820684222133,26,90,0.029858460142133433,0.289978605421334,False,False,True,0.00020815099147392538,COMPLETE
1287,0.3218583583831787,2025-04-09 14:15:45.227745,2025-04-09 14:15:53.327257,0 days 00:00:08.099512,0.2666810218413045,0.1492961593689579,16,0.16643910866425973,0.024102869258222488,0.060489409214910805,0.09034056535465713,0.03079403927786085,0.005390300519134805,0.03503036282445163,25,148,0.07048776607455591,0.2948440986893641,False,False,True,0.00028734852799167077,COMPLETE
1288,0.581858789920807,2025-04-09 14:15:53.743569,2025-04-09 14:16:01.848448,0 days 00:00:08.104879,0.33784445729299895,0.1769062234290867,16,0.16430256321088146,0.04051632314759457,0.06099727201371631,0.09175930978096138,0.020303630344065363,0.002489900990863169,0.052439672759090485,27,26,0.019895457315619185,0.29994290688933695,False,False,True,0.00016670495767037667,COMPLETE
1289,0.5754767060279846,2025-04-09 14:16:02.269460,2025-04-09 14:16:10.280156,0 days 00:00:08.010696,0.306905326943357,0.12122090741008062,16,0.18175595980013592,0.032710323913698824,0.057746714717077985,0.095158401573377,0.027500102773534076,0.006775817800252345,0.0421777878986885,26,22,0.025844364256265878,0.29992689170186776,False,False,True,0.00040423937367059265,COMPLETE
1290,0.4749465465545655,2025-04-09 14:16:10.696585,2025-04-09 14:16:18.674117,0 days 00:00:07.977532,0.272352569518334,0.0959903789175537,16,0.16572084298812914,0.027969260431095003,0.048726592328594616,0.09345833450628166,0.02445533552563231,0.004153977560183276,0.05984777548478037,25,28,0.023827843362156327,0.2999896582934889,False,True,True,0.00023137341560601658,COMPLETE
1291,0.482456922531128,2025-04-09 14:16:19.093865,2025-04-09 14:16:27.175832,0 days 00:00:08.081967,0.32696145245764796,0.13317438296930534,16,0.15599185695086515,0.021688832633194117,0.056214349922268196,0.0969994020884798,0.020469966287885492,0.0026960953743860178,0.04738669564634556,26,31,0.035751667001586634,0.28511114726135994,False,False,True,0.00031673751756417754,COMPLETE
1292,0.47550995349884034,2025-04-09 14:16:27.592660,2025-04-09 14:16:35.620221,0 days 00:00:08.027561,0.38139875091064973,0.10437668312426937,16,0.08611305709477107,0.03960270788403131,0.06118609174211929,0.08963088449197418,0.03143015311913546,0.005885140581769279,0.0330587634854668,25,35,0.031311540491784515,0.2906634838908171,False,False,True,0.0001978324057931041,COMPLETE
1293,0.5714091062545776,2025-04-09 14:16:36.044984,2025-04-09 14:16:44.013328,0 days 00:00:07.968344,0.25997398024586027,0.15449685150404618,16,0.15798012937196074,0.031169467712143337,0.04460829353071281,0.09259131201476059,0.026124925549873737,0.008223345934130202,0.06621285512277642,24,20,0.02780140773715199,0.28536737666112655,False,False,True,0.0001572547048986777,COMPLETE
1294,0.5162840723991394,2025-04-09 14:16:44.432357,2025-04-09 14:16:52.406328,0 days 00:00:07.973971,0.2861029914498939,0.08419470063189893,16,0.16054901554792061,0.021945455876887288,0.05766256184447717,0.09528254443179247,0.027988428348971833,0.0412649072612534,0.05273800373695802,24,24,0.02084538009111991,0.29019288814479693,False,False,True,0.000257019826611727,COMPLETE
1295,0.38090901970863345,2025-04-09 14:16:52.826904,2025-04-09 14:17:12.791384,0 days 00:00:19.964480,0.3475624991912647,0.18051932931249146,2,0.15830356131372808,0.03685559693546303,0.0673119425757911,0.09112454285316884,0.024092540824362324,0.0029158743689970124,0.04010483615726334,26,28,0.025143665183576795,0.29999514737322064,False,False,True,0.00035259162870867884,COMPLETE
