number,value,datetime_start,datetime_complete,duration,params_alpha-eval,params_alpha-train,params_batch-size,params_eps-eval,params_eps-train,params_lambda-actions-eval,params_lambda-actions-train,params_lambda-frames-eval,params_lambda-frames-train,params_learning-rate,params_n-epochs,params_n-frames,params_radius-gw,params_rho,params_std-feats,params_ub-actions,params_ub-frames,params_weight-decay,state
904,0.3545974969863892,2025-04-09 13:19:49.596495,2025-04-09 13:20:01.789229,0 days 00:00:12.192734,0.24192535870167464,0.028856311029912506,2,0.1346921870898275,0.01331313488737206,0.04958615537096495,0.09503210772737804,0.0670373948100839,0.0010858575753457515,0.05626939232730358,11,18,0.03941993473005681,0.28033900936667483,False,False,True,0.0001264584178038722,COMPLETE
905,0.09215089827775956,2025-04-09 13:20:02.087998,2025-04-09 13:20:11.141019,0 days 00:00:09.053021,0.13371346789009653,0.043907132286011334,8,0.1019099754650345,0.027835486257575565,0.04378036259027716,0.013380214957693252,0.07763679785326112,0.006118031218043569,0.07532526510079962,23,30,0.034126612548603066,0.268736371655435,False,True,True,8.552234264797213e-05,COMPLETE
906,0.18049491345882415,2025-04-09 13:20:11.440593,2025-04-09 13:20:20.675449,0 days 00:00:09.234856,0.3469274518347978,0.14231000964256452,8,0.07158286966522215,0.17458177345228182,0.010547957492971145,0.09076828932653541,0.058570025230682686,0.009850520520201706,0.09891913264421236,24,23,0.028695261519703693,0.28899248290627394,False,False,True,0.0003406555882756715,COMPLETE
907,0.5384884595870971,2025-04-09 13:20:20.959517,2025-04-09 13:20:28.031255,0 days 00:00:07.071738,0.06000865417999124,0.010143622453065946,16,0.1223635441801187,0.02134583506997902,0.046267272489850575,0.0635234014436272,0.06550741463191978,0.004233056786872424,0.06509927852467734,14,26,0.025528387769176996,0.22581048602450038,False,False,True,0.00017042157165906075,COMPLETE
908,0.5058125257492065,2025-04-09 13:20:28.328924,2025-04-09 13:20:35.963078,0 days 00:00:07.634154,0.09751509608290561,0.08283025967304807,8,0.13990241739794562,0.0004185157848190166,0.013063875044202719,0.0845385700591704,0.08334771783022567,0.0010221708028694898,0.03291308315780933,13,12,0.004108478519248004,0.18867870760837285,False,False,True,0.00022191268147746655,COMPLETE
909,0.3665127158164978,2025-04-09 13:20:36.261442,2025-04-09 13:20:43.985821,0 days 00:00:07.724379,0.20251960970233035,0.0554419004461376,8,0.131472289356661,0.11710470664407295,0.02846232662200599,0.06886771656086645,0.05618526585880089,0.004161567174785339,0.05093483708952247,12,34,0.011875298738191323,0.23106427782422617,False,False,True,1.2548435427625474e-06,COMPLETE
910,0.34139776825904844,2025-04-09 13:20:44.289331,2025-04-09 13:20:51.806164,0 days 00:00:07.516833,0.17649701036335227,0.02732806974176708,8,0.08879725972469704,0.24370977612776465,0.015355372370793999,0.09658014565030944,0.06288733680756463,0.04400495463649895,0.08060697327217418,11,21,0.006241686223370653,0.29920818908543007,False,False,True,0.00010417531267633002,COMPLETE
911,0.4868620753288269,2025-04-09 13:20:52.091875,2025-04-09 13:21:01.314555,0 days 00:00:09.222680,0.22184498738880604,0.11117818870247921,8,0.039050625065144465,0.03878721364158022,0.007515306515766536,0.08716312490397336,0.0745795071634149,0.00687490962838044,0.04161813678409015,23,28,0.023805532517568596,0.26348359604951277,False,False,True,0.00014370310664641592,COMPLETE
912,0.4516108870506287,2025-04-09 13:21:01.611740,2025-04-09 13:21:08.552444,0 days 00:00:06.940704,0.1575117418015399,0.04396868386374782,16,0.14235740926220705,0.01013338435187315,0.010545499076828113,0.09453124120221032,0.06997765002507222,0.0029451624462795024,0.05962158149818477,12,24,0.08190493430327551,0.2722223355771099,False,False,True,0.00027748073260485214,COMPLETE
913,0.08960938900709152,2025-04-09 13:21:08.854647,2025-04-09 13:21:16.254836,0 days 00:00:07.400189,0.19182805532550698,0.07056807018888857,8,0.11506133889262013,0.16152427766368732,0.01357608963905626,0.09315063836150159,0.07119234029438413,0.005451542734705184,0.023562531203271838,11,17,0.014860474547158154,0.2831573942157576,False,False,True,0.00012289148202597263,COMPLETE
914,0.2987025499343872,2025-04-09 13:21:16.561799,2025-04-09 13:21:25.959171,0 days 00:00:09.397372,0.11353131086033173,0.029105059207004298,8,0.1282042165278135,0.03066746867517446,0.04110752291696431,0.09830358420428853,0.061358536910129824,0.030535856967544295,0.072477054766092,24,30,0.01661783305259515,0.1998946607849329,False,False,True,0.000208625591570382,COMPLETE
915,0.38484827876091005,2025-04-09 13:21:26.250252,2025-04-09 13:21:33.550883,0 days 00:00:07.300631,0.5335548631428768,0.05733439131645375,8,0.13541814905043537,0.017081124256998616,0.01966781667840889,0.09006452279550556,0.06449171713411016,0.008648604253332042,0.04812006224138704,10,26,0.026750793342346833,0.27652243567610774,False,False,True,9.049388526504757e-06,COMPLETE
916,0.4478908240795136,2025-04-09 13:21:33.849229,2025-04-09 13:21:40.965067,0 days 00:00:07.115838,0.2114708307795991,0.0916403879036063,16,0.09552983441616575,0.025228498218567295,0.017146152452470052,0.09605098857534514,0.05953784091619143,0.0031731623417501705,0.08521171289852482,13,36,0.01316303658481607,0.2943897202870147,False,False,True,9.448307840525749e-05,COMPLETE
917,0.47442108392715454,2025-04-09 13:21:41.270663,2025-04-09 13:21:49.264337,0 days 00:00:07.993674,0.07265631332370914,0.02625488702978429,8,0.12243637916185997,0.018554382231712754,0.01542358446817628,0.08226995190755174,0.0675867743847573,0.005587540299668985,0.035300855766410996,11,22,0.008830840313370877,0.261730801289081,False,False,False,0.00016444077251393717,COMPLETE
918,0.45924713611602785,2025-04-09 13:21:49.568523,2025-04-09 13:21:57.230916,0 days 00:00:07.662393,0.028092588264377938,0.04653985776558615,8,0.08440474236714358,0.13232111505284425,0.04837238679638747,0.09334698303239986,0.08158265571956867,0.002910645785028465,0.059382062405778195,12,32,0.02188231501817121,0.2430528706266542,False,False,True,0.00011348361090987329,COMPLETE
919,0.4067168712615967,2025-04-09 13:21:57.520444,2025-04-09 13:22:04.840094,0 days 00:00:07.319650,0.16606838220496373,0.06948912858132902,8,0.140086998878707,0.005245121033951643,0.009218814081925214,0.0998890549425063,0.05325659620417528,0.011191540934640427,0.07051253557632814,10,20,0.02417215794205676,0.21192933367415637,True,False,True,7.89304897618913e-05,COMPLETE
920,0.5792030453681947,2025-04-09 13:22:05.144031,2025-04-09 13:22:13.146400,0 days 00:00:08.002369,0.14986406914050243,0.011274564427234485,16,0.13131553635221993,0.03144313681918184,0.012458115881330072,0.09182315912857428,0.07622413328884099,0.00822999121202378,0.04252829006687758,25,25,0.010399292666012243,0.26937730182195696,False,False,True,0.0003838330651513772,COMPLETE
921,0.5183989882469178,2025-04-09 13:22:13.448729,2025-04-09 13:22:21.544180,0 days 00:00:08.095451,0.18965230490923699,0.010619312024980768,16,0.12492739574589037,0.04276944334462576,0.03133873326011773,0.08787187668462298,0.07872175862775492,0.01035710935650569,0.030147553637741756,25,29,0.011474200813807288,0.2793443440336423,False,False,True,0.00039497089485987307,COMPLETE
922,0.5061875104904174,2025-04-09 13:22:21.854893,2025-04-09 13:22:29.875244,0 days 00:00:08.020351,0.2590810784526938,0.2923300073228108,16,0.13123675176607127,0.03573862923441816,0.01301554771171955,0.08962757575013643,0.07578675495706355,0.014796751441859029,0.03789405344553331,25,27,0.009947745946192693,0.2719910746429788,False,False,True,0.0005441464491233594,COMPLETE
923,0.6216646909713746,2025-04-09 13:22:30.165285,2025-04-09 13:22:38.264542,0 days 00:00:08.099257,0.17711166276133866,0.024634182166870543,16,0.11421467555408675,0.05503396436778388,0.017790190526880727,0.09145159393794114,0.07708004159410307,0.0123980401766802,0.04255681805199522,26,32,0.008027205317484642,0.28282354123750314,False,False,True,0.00043976115252814636,COMPLETE
924,0.4824028611183167,2025-04-09 13:22:38.570137,2025-04-09 13:22:46.497059,0 days 00:00:07.926922,0.17797855845849567,0.012118776299906764,16,0.11023038909496438,0.05242113909746211,0.02013943330535873,0.0872246862239513,0.07696381675396276,0.01246426354154339,0.028084245431431305,24,36,0.007677249897158274,0.28441404393189335,False,True,True,0.0005205828161026837,COMPLETE
925,0.47694423198699953,2025-04-09 13:22:46.802918,2025-04-09 13:22:54.892745,0 days 00:00:08.089827,0.2004141899289585,0.0272342084019811,16,0.10784753340710314,0.06513969279792842,0.01797238776039252,0.08855357355735433,0.07701250732262502,0.008951690943818955,0.030656336084806363,26,34,0.006599121928843005,0.2880158157771789,False,False,True,0.000621630616719311,COMPLETE
926,0.5083510875701904,2025-04-09 13:22:55.196428,2025-04-09 13:23:03.443171,0 days 00:00:08.246743,0.1758093767856061,0.025698053843890595,16,0.11485513625864252,0.05754585119795362,0.020974304022972914,0.09092532150371961,0.07592242128768618,0.013825229601262652,0.036972132953680216,27,31,0.004906231555185006,0.29022539410694786,False,False,True,0.00034533353682252325,COMPLETE
927,0.47111216783523563,2025-04-09 13:23:03.735085,2025-04-09 13:23:11.838270,0 days 00:00:08.103185,0.22499721302853937,0.025000450408737412,16,0.10823274115811149,0.04782764003848897,0.02290775281207387,0.08504963481454143,0.07820751193159314,0.010662246786887885,0.020218090717767753,26,25,0.00852861109143217,0.2807636693510987,False,False,True,0.0003655268754138731,COMPLETE
928,0.5698644518852234,2025-04-09 13:23:12.140647,2025-04-09 13:23:20.259772,0 days 00:00:08.119125,0.1973996107581521,0.012096980276556984,16,0.12082453141599818,0.04220102761446014,0.01833098001474596,0.09152282319748181,0.0796166561908912,0.010064240140926188,0.034177889860045274,26,29,0.006372575459004011,0.2840845087894164,False,False,True,0.0006554142259211316,COMPLETE
929,0.5236313819885254,2025-04-09 13:23:20.566171,2025-04-09 13:23:28.623730,0 days 00:00:08.057559,0.1669514219970812,0.011652910017045416,16,0.11564474099630975,0.035666051739799164,0.016031505448851544,0.08968206749658283,0.07583176468302265,0.01271110766069088,0.04189307554618548,25,27,0.009687830712154082,0.2919917809345205,False,False,True,0.0004011088783648724,COMPLETE
930,0.503334140777588,2025-04-09 13:23:28.930229,2025-04-09 13:23:36.941356,0 days 00:00:08.011127,0.23820820614053057,0.038781901822894566,16,0.11670223684416109,0.030565905950103632,0.05419853110901411,0.08056467263914603,0.0777365244064204,0.01712078422334079,0.0248179398478223,25,24,0.0073191180757105154,0.29514893212875953,False,False,True,0.0003984973183798513,COMPLETE
931,0.5794611811637879,2025-04-09 13:23:37.234776,2025-04-09 13:23:45.312773,0 days 00:00:08.077997,0.5833258994891986,0.03873955734417446,16,0.10752885913390409,0.06145078498401887,0.02148589896807363,0.09097014714180146,0.028438344474189768,0.007997369138513531,0.0396734984851946,26,33,0.010187468187309773,0.27875374930104935,False,False,True,0.0007050661260786029,COMPLETE
932,0.5760438203811645,2025-04-09 13:23:45.615662,2025-04-09 13:23:53.737321,0 days 00:00:08.121659,0.5859794291453304,0.04550502950340668,16,0.10629716411488892,0.052919489665542246,0.07375841304709484,0.08574487820015352,0.025177654405628542,0.013034582315247845,0.03314038661617534,27,38,0.010068836441036016,0.29975703849329427,False,False,True,0.000994877452314747,COMPLETE
933,0.42253820896148686,2025-04-09 13:23:54.041730,2025-04-09 13:24:01.896617,0 days 00:00:07.854887,0.6030074594156134,0.010889861800525287,16,0.10467394371884667,0.05503610942606581,0.05819672339081676,0.08783410040076119,0.07983705541446288,0.010825411272589779,0.04022157430338376,24,40,0.010732678454366425,0.2857405362241623,False,False,True,0.0005733827468602749,COMPLETE
934,0.34207311272621155,2025-04-09 13:24:02.202762,2025-04-09 13:24:10.340002,0 days 00:00:08.137240,0.5979660413017602,0.04119781771860254,16,0.11284753628334579,0.05548529802122107,0.024641111069399934,0.08926081399212689,0.009591622043677618,0.008921867963994105,0.03273135526353391,27,37,0.011681809492595289,0.2892566046845148,False,False,True,0.00047669784988158085,COMPLETE
935,0.5627145290374755,2025-04-09 13:24:10.649691,2025-04-09 13:24:18.908789,0 days 00:00:08.259098,0.21773923618593224,0.041053718777585624,16,0.11050618060688244,0.07491184049519475,0.022483083867284884,0.09053091133077373,0.029265135380780516,0.011147407960272492,0.02654420523013144,27,35,0.0089001047707127,0.2805924632542918,False,False,True,0.0006469379220756815,COMPLETE
936,0.2111710548400879,2025-04-09 13:24:19.204303,2025-04-09 13:24:27.245927,0 days 00:00:08.041624,0.6168635191475424,0.05558365020238602,16,0.10381578577411765,0.06582496433262355,0.021021481511722402,0.08322576717265942,0.020145536457628586,0.008688321835730024,0.044583906601188904,26,33,0.010743089738486804,0.2843407353119098,False,False,True,0.0009357410641046021,COMPLETE
937,0.5005326867103577,2025-04-09 13:24:27.555680,2025-04-09 13:24:36.225317,0 days 00:00:08.669637,0.5589894854010685,0.02995165390960358,16,0.11328003000733884,0.06397148294288094,0.02191464992925258,0.0870130661991845,0.028448751939739784,0.015227670892033966,0.038680150054833815,26,34,0.012065002469800024,0.2786887225120698,False,False,False,0.000788750862088486,COMPLETE
938,0.09209408015012742,2025-04-09 13:24:36.534017,2025-04-09 13:24:44.642969,0 days 00:00:08.108952,0.6757575552984948,0.058240695855712496,16,0.12130182724983993,0.0670066405894085,0.020027942901458685,0.09143381074162858,0.0070383748083725495,0.007762732951428521,0.042425725811259245,26,38,0.00846076158163457,0.2906167487084483,True,False,True,0.000518611139227407,COMPLETE
939,0.11171214133501053,2025-04-09 13:24:44.951839,2025-04-09 13:24:52.992064,0 days 00:00:08.040225,0.6661921009658204,0.024799446537893382,16,0.10269817352157656,0.033633230602189035,0.017540247747046035,0.09209143316755213,0.023922182322755992,0.011503380076954662,0.03002687845067131,26,32,0.009795756976092888,0.2940457334372948,False,False,True,0.0008206446022189411,COMPLETE
940,0.4587519526481629,2025-04-09 13:24:53.285115,2025-04-09 13:25:01.345658,0 days 00:00:08.060543,0.5418519084571739,0.011329826841851333,16,0.11616120274752825,0.04994501258346886,0.019741050848399992,0.09809922995627343,0.016734480143003133,0.06163898257504424,0.034834411372564385,25,43,0.012955732098693221,0.27738237714762976,False,False,True,0.0007182710215473082,COMPLETE
941,0.4863031506538391,2025-04-09 13:25:01.655532,2025-04-09 13:25:10.063557,0 days 00:00:08.408025,0.1888734345171987,0.01035035802509104,16,0.1039747879488428,0.0399722765878342,0.019406899607809492,0.08904168285264602,0.03296334408309422,0.008511029579145402,0.022453906288785012,28,32,0.008991355183147556,0.2852200876607833,False,False,True,0.0007538793560135686,COMPLETE
942,0.5259876966476441,2025-04-09 13:25:10.371394,2025-04-09 13:25:18.542829,0 days 00:00:08.171435,0.2439743752159075,0.04240763139317837,16,0.11197128149433708,0.037984596047970026,0.02243961275398309,0.0916087397275805,0.08092801400828613,0.053095641903212365,0.046753304595017045,26,30,0.012005362588635635,0.29529196329149127,False,False,True,0.0004871171049526248,COMPLETE
943,0.5679682612419129,2025-04-09 13:25:18.858565,2025-04-09 13:25:26.862982,0 days 00:00:08.004417,0.2084224410943973,0.0645821319938125,16,0.10100076368964542,0.08356076446989494,0.01761955511450896,0.031050983160517156,0.031733682577715326,0.00759371347366016,0.03907011251965079,25,34,0.00774382931641573,0.2830381353827018,False,False,True,0.00047811084045017106,COMPLETE
944,0.11856452971696854,2025-04-09 13:25:27.175206,2025-04-09 13:25:35.400058,0 days 00:00:08.224852,0.5640167166402439,0.035683437178953586,16,0.11933685993712755,0.02749874377753176,0.0261923888450622,0.0948913707455983,0.02773153296815269,0.009552803525003368,0.04474026890454761,26,104,0.010774609427074998,0.2755558164603692,False,True,True,0.0005317502088486484,COMPLETE
945,0.45332903861999513,2025-04-09 13:25:35.698994,2025-04-09 13:25:43.737916,0 days 00:00:08.038922,0.18063484851633413,0.07197131669648926,16,0.11214918551028222,0.04399387774877073,0.01871359144020506,0.08564987763867872,0.07755970179620586,0.007038254115171433,0.02802868432351721,26,14,0.013249392733593955,0.23013537827643946,False,False,True,0.0005183345426476032,COMPLETE
946,0.41077672243118285,2025-04-09 13:25:44.051510,2025-04-09 13:25:52.001882,0 days 00:00:07.950372,0.5284039785773275,0.04734690471929644,16,0.11754522802829653,0.07744368920379212,0.01544895473432925,0.053720414575239114,0.07861219547067952,0.0072608644892600705,0.03580696366945346,27,9,0.0057217224700600415,0.29032478586648874,False,False,True,0.0004342776871196545,COMPLETE
947,0.4713336229324341,2025-04-09 13:25:52.315942,2025-04-09 13:26:00.366498,0 days 00:00:08.050556,0.20966002115189272,0.010260878599526617,16,0.10444130222539456,0.061406148004826716,0.01685414338253263,0.08897569980998157,0.014847865207738599,0.01991233368960782,0.044665657969634724,25,30,0.009934996750731943,0.08246099801781012,False,False,True,0.0009954562441100879,COMPLETE
948,0.47240986824035647,2025-04-09 13:26:00.678031,2025-04-09 13:26:08.726600,0 days 00:00:08.048569,0.1601762411431656,0.030119523580002205,16,0.09679533062664358,0.05725618942188941,0.02300987508653219,0.0999416084855344,0.07650037358361107,0.010825438066672802,0.04765376458430407,26,17,0.00822001451733142,0.2783022993101709,False,False,True,0.0006487691492246555,COMPLETE
949,0.09119084477424622,2025-04-09 13:26:09.021933,2025-04-09 13:26:16.995664,0 days 00:00:07.973731,0.28687919273569057,0.05577269590380324,16,0.10866793588684115,0.15057371740151085,0.020961613758977718,0.09675302437681887,0.011660792379380322,0.005879825680170606,0.033780090218177385,25,28,0.012964144157875347,0.2343928241626727,False,False,True,0.000818988256417815,COMPLETE
950,0.5952503681182861,2025-04-09 13:26:17.305371,2025-04-09 13:26:25.330496,0 days 00:00:08.025125,0.18840035175118724,0.07736255119311311,16,0.10039732029964585,0.03927963726602722,0.014755431918815315,0.09368303475029933,0.08091828697024797,0.004607524696199815,0.04018542076209637,25,36,0.007393815681510728,0.2869019549929297,False,False,True,0.00029450349199323575,COMPLETE
951,0.5133350133895874,2025-04-09 13:26:25.642204,2025-04-09 13:26:33.853735,0 days 00:00:08.211531,0.22968223744714034,0.07969300102696385,16,0.1019899083545031,0.04967033974128667,0.016611532528072286,0.09672799527379897,0.02304963476594138,0.00108960169767733,0.024591278973211627,27,37,0.00410512180931232,0.29979197136286945,False,False,True,0.000430447721732884,COMPLETE
952,0.3497042655944824,2025-04-09 13:26:34.167168,2025-04-09 13:26:42.273545,0 days 00:00:08.106377,0.6547162135460921,0.03978157106820552,16,0.10276198430126456,0.046741990639485906,0.015383753359286833,0.09400042523007043,0.08276706190433272,0.034935894833259484,0.029370903991391632,26,41,0.029133181921457533,0.28830021219015545,False,False,True,0.00033397015589122593,COMPLETE
953,0.41934081315994265,2025-04-09 13:26:42.589001,2025-04-09 13:26:50.590411,0 days 00:00:08.001410,0.49217130496654965,0.05789616598457556,16,0.09465993390505473,0.044169134278658276,0.018839766037608566,0.09998002388020576,0.0795671531970044,0.0047025139225673075,0.0378946579780585,25,44,0.03074452036562493,0.2895235348864682,False,False,True,0.00032769074424158834,COMPLETE
954,0.4731428980827332,2025-04-09 13:26:50.888379,2025-04-09 13:26:58.845220,0 days 00:00:07.956841,0.5791649147321597,0.028160044614369537,16,0.10099320804578849,0.03977605058944074,0.06038629049352255,0.0979004584593696,0.08078698545526962,0.0026260302483199997,0.03267937856359303,26,37,0.0032301430007643317,0.28406192120800455,False,False,True,0.0006403476694724575,COMPLETE
955,0.47632216215133666,2025-04-09 13:26:59.158656,2025-04-09 13:27:07.178509,0 days 00:00:08.019853,0.19902123365386265,0.07645907119431072,16,0.09854672142016387,0.04314977375821941,0.014765540205477972,0.09493351959141974,0.07878038525614531,0.008854967988046369,0.03995368520568417,25,38,0.0077630222336843805,0.2934544214998645,False,False,True,0.00034705222888587486,COMPLETE
956,0.5091598749160767,2025-04-09 13:27:07.491395,2025-04-09 13:27:16.164713,0 days 00:00:08.673318,0.21853556916559025,0.04590568173067871,16,0.09718588730649855,0.05789706373615599,0.017208732985677273,0.09601937574610138,0.08110974325892215,0.0069668601029870825,0.04054101142482698,26,41,0.005657653525734795,0.2834133038587425,False,False,False,0.0002965633952303555,COMPLETE
957,0.09215089827775956,2025-04-09 13:27:16.481185,2025-04-09 13:27:24.539265,0 days 00:00:08.058080,0.7221553526435408,0.027512202632759226,16,0.0954964985219359,0.048931935617477655,0.014589958779800275,0.09351874773935949,0.07522849522703134,0.004345972920679686,0.029210869650034957,26,46,0.014974611216702845,0.27787349084851837,False,False,True,0.0004301540842215002,COMPLETE
958,0.37518037557601935,2025-04-09 13:27:24.855894,2025-04-09 13:27:33.174293,0 days 00:00:08.318399,0.6211859669166311,0.060948805183904164,16,0.10579870430308698,0.06949692671878836,0.018399310674638642,0.09836794226485467,0.08180907889075313,0.012518770184254523,0.047969342246230603,27,35,0.027297725955851976,0.28849021342067305,True,False,True,0.0006141127561370248,COMPLETE
959,0.1082479178905487,2025-04-09 13:27:33.475061,2025-04-09 13:27:41.593957,0 days 00:00:08.118896,0.6432408656311738,0.026331930710091704,16,0.10943970046654089,0.0387070221080044,0.015908803402135713,0.09163522934881256,0.08533844265736198,0.0029661018462271535,0.03587172268626759,28,36,0.01140176642074727,0.2939409566928832,False,False,True,0.0002901324237474174,COMPLETE
