number,value,datetime_start,datetime_complete,duration,params_alpha-eval,params_alpha-train,params_batch-size,params_eps-eval,params_eps-train,params_lambda-actions-eval,params_lambda-actions-train,params_lambda-frames-eval,params_lambda-frames-train,params_learning-rate,params_n-epochs,params_n-frames,params_radius-gw,params_rho,params_std-feats,params_ub-actions,params_ub-frames,params_weight-decay,state
1072,0.48117283582687376,2025-04-09 13:43:32.811532,2025-04-09 13:43:40.959648,0 days 00:00:08.148116,0.2853283901320353,0.21670841672300684,16,0.07397713557643747,0.044275773965310614,0.017775297659553987,0.09197040136946248,0.01916988104416828,0.013188643138865766,0.08770212372437755,26,22,0.0245457171140726,0.29271102403862664,False,False,True,2.9273215919829076e-06,COMPLETE
1073,0.4953643202781678,2025-04-09 13:43:41.313028,2025-04-09 13:43:50.095081,0 days 00:00:08.782053,0.35377938892664706,0.1881278064904814,16,0.07404891867808774,0.04928113793136664,0.017594076530925144,0.0923154215262154,0.0261335758278998,0.00894009652909714,0.0710610835369247,26,28,0.026265319261236594,0.28975145250222956,False,False,False,0.00020101862075497576,COMPLETE
1074,0.48541150093078617,2025-04-09 13:43:50.449264,2025-04-09 13:43:58.706935,0 days 00:00:08.257671,0.30498203770598464,0.19405916514583368,16,0.07649463725471682,0.056172110606727964,0.02111466333779803,0.09387041620230772,0.023785759917132217,0.009994512965891492,0.09897386953263902,26,25,0.024780013028950845,0.29957119915923475,True,False,True,0.00016098071931444375,COMPLETE
1075,0.43838483691215513,2025-04-09 13:43:59.063209,2025-04-09 13:44:07.291947,0 days 00:00:08.228738,0.2617791311570392,0.23429845711212108,16,0.06130546706670455,0.042773101113580236,0.018270852903951147,0.09129509118771237,0.019912780212365262,0.009980667362095772,0.07178002687828475,27,30,0.02718462376828719,0.2902232793926174,False,False,True,0.0002522185454336694,COMPLETE
1076,0.42616366147995,2025-04-09 13:44:07.625421,2025-04-09 13:44:15.847695,0 days 00:00:08.222274,0.3755872755335123,0.17689050731608408,16,0.06378969097377556,0.040720621537345486,0.019862671667808935,0.0943858217719941,0.021125210989904712,0.008642155218541803,0.08569544917670507,26,22,0.02371308616329826,0.2941861352504429,False,False,True,0.00029693250173425865,COMPLETE
1077,0.570202910900116,2025-04-09 13:44:16.199452,2025-04-09 13:44:24.421157,0 days 00:00:08.221705,0.27013047063619755,0.23061494687530382,16,0.0733268657319541,0.047717987554628805,0.017070482813825977,0.09189319977776411,0.023595072920542044,0.0075975379619954665,0.0649627251551767,27,27,0.022136210204878076,0.28853728436025466,False,False,True,0.0001579179774739389,COMPLETE
1078,0.5835811376571656,2025-04-09 13:44:24.771293,2025-04-09 13:44:32.875914,0 days 00:00:08.104621,0.362751581787113,0.19562452379915857,16,0.07528911854879416,0.039237531878332496,0.022348435948595945,0.09458310454092518,0.02280917530332874,0.01185301674769346,0.0735813012094408,26,24,0.02629060475745138,0.29979038082482473,False,False,True,0.0001867651854751298,COMPLETE
1079,0.45330631732940674,2025-04-09 13:44:33.229732,2025-04-09 13:44:41.278623,0 days 00:00:08.048891,0.35211374312594784,0.22438630940250381,16,0.07001558033665999,0.052242202341572015,0.016697127400369414,0.09052030109865833,0.027592574653690395,0.00831837751305341,0.06221093574855263,26,31,0.023762297616949538,0.2934894291369188,False,False,True,0.00021811877335627144,COMPLETE
1080,0.4328983724117279,2025-04-09 13:44:41.626866,2025-04-09 13:44:49.769148,0 days 00:00:08.142282,0.3171710340349609,0.17918851025577986,16,0.0551861386038373,0.041301188287109346,0.07620793473565737,0.09463566487849923,0.02990040782688472,0.017084514112966527,0.07603660404637763,26,26,0.021161415502637174,0.28687926694651067,False,False,True,0.0003473930477061842,COMPLETE
1081,0.3959849357604981,2025-04-09 13:44:50.128661,2025-04-09 13:44:58.184063,0 days 00:00:08.055402,0.3355153765528943,0.17675639222156647,16,0.07903022680987701,0.04695509520481437,0.020100141647995128,0.09296364565432265,0.023864220144998845,0.010532236825095813,0.08721106408512942,25,20,0.018817659863263635,0.2937761524555428,False,True,True,0.00023846590443844947,COMPLETE
1082,0.31424621343612674,2025-04-09 13:44:58.537963,2025-04-09 13:45:06.725908,0 days 00:00:08.187945,0.3108976335010822,0.1634557627635015,16,0.07852928850742821,0.0600863022530982,0.018631233992001416,0.09215870116918574,0.025859708141268763,0.007410347308111978,0.06353051425722774,27,28,0.022899777659155494,0.1750424293571503,False,False,True,0.0001523245849875145,COMPLETE
1083,0.5895385503768921,2025-04-09 13:45:07.080348,2025-04-09 13:45:15.103893,0 days 00:00:08.023545,0.28493380796500384,0.21302029564694996,16,0.0728149193492454,0.05327685368562368,0.01659270737984412,0.08875636449503133,0.0170071696227899,0.006925012520123846,0.05917674814073766,25,23,0.02484229126783832,0.2876682344896433,False,False,True,0.00019855833870088295,COMPLETE
1084,0.44924637675285345,2025-04-09 13:45:15.463840,2025-04-09 13:45:23.661443,0 days 00:00:08.197603,0.32162506047368666,0.21968351842264403,16,0.0712280730626781,0.06912754178539467,0.022091368398451845,0.08849966385100833,0.02137767227029668,0.009903674453557845,0.07273938702342048,26,20,0.02775840542815003,0.2861471435158062,False,False,True,0.00016549132581326968,COMPLETE
1085,0.4939232707023621,2025-04-09 13:45:24.019653,2025-04-09 13:45:32.155856,0 days 00:00:08.136203,0.2849289176218693,0.21225925855711947,16,0.07303779898248462,0.04916542860096931,0.09129587722502289,0.08777507518847016,0.02035931342768792,0.009109137636580372,0.062437772969360254,27,22,0.026151988311784502,0.28481975018312744,False,False,True,1.553559045955092e-07,COMPLETE
1086,0.44495586752891547,2025-04-09 13:45:32.495459,2025-04-09 13:45:40.521810,0 days 00:00:08.026351,0.28872455492972987,0.18085505685576364,16,0.06530598301550093,0.05959845783029878,0.019704025737219775,0.08889468983921484,0.015415023654832945,0.013527137287685297,0.09878850990251843,25,19,0.02507703145751803,0.28486549837394604,False,False,True,0.00018780253008834097,COMPLETE
1087,0.35904390215873716,2025-04-09 13:45:40.876617,2025-04-09 13:45:49.260648,0 days 00:00:08.384031,0.3282887857138966,0.20535258021154726,16,0.06557269156393282,0.06339327521401898,0.016876171563592522,0.08763730568429283,0.017607052888340767,0.011432066912061853,0.08518052138859969,28,22,0.026986893494334592,0.289030543141771,False,False,True,0.00015438961713164763,COMPLETE
1088,0.3542686581611634,2025-04-09 13:45:49.612730,2025-04-09 13:45:57.733880,0 days 00:00:08.121150,0.3051505124033862,0.1700119899727051,16,0.08015187454634214,0.05543130815395494,0.01876972673955437,0.0903325797737815,0.016788156748224183,0.0069983248397053445,0.05360239069600954,26,24,0.02914737627044768,0.29977025131956475,False,False,True,0.0002878011193208272,COMPLETE
1089,0.4580306768417359,2025-04-09 13:45:58.091129,2025-04-09 13:46:06.083732,0 days 00:00:07.992603,0.3042434062009746,0.19926973047049407,16,0.06821345287396101,0.07154680812894387,0.021149115694373107,0.08977917895753333,0.018306795066402787,0.009759174175219886,0.06937759825424242,25,17,0.025008656325988234,0.28960210761118,False,False,True,0.00021186995712660315,COMPLETE
1090,0.5913024663925172,2025-04-09 13:46:06.434304,2025-04-09 13:46:14.265130,0 days 00:00:07.830826,0.29363155685314873,0.25497591632101035,16,0.07969029918857828,0.05429547601203812,0.01733378174801861,0.08725670031044463,0.013690837090415584,0.007483117958601242,0.0516802677209714,23,22,0.02710464379942929,0.2839532103065216,False,False,True,0.00019260092993485183,COMPLETE
1091,0.40257797837257386,2025-04-09 13:46:14.618315,2025-04-09 13:46:23.111038,0 days 00:00:08.492723,0.3313552113857836,0.24920013864590426,16,0.07525455087948847,0.061435911036580894,0.022077187725701275,0.08594772808927156,0.012637879749607867,0.008434142347675793,0.07627563879661527,23,19,0.026596231770472854,0.2905819985436366,False,False,False,0.00015031851114193233,COMPLETE
1092,0.39903424382209784,2025-04-09 13:46:23.466683,2025-04-09 13:46:31.321940,0 days 00:00:07.855257,0.3127871946769734,0.25822372785854086,16,0.0815199954612416,0.056183244898340465,0.019794498958179637,0.08595443803266675,0.010997383376585821,0.011182253042056951,0.062143114411019856,23,16,0.030138248898645872,0.28583823785333534,False,False,True,0.00019822644087293334,COMPLETE
1093,0.44623418450355534,2025-04-09 13:46:31.684301,2025-04-09 13:46:39.606057,0 days 00:00:07.921756,0.2962039811594324,0.23699907087806554,16,0.08071411085539634,0.061863361266873564,0.017250192071335244,0.08657836630299649,0.023882937870617082,0.006690577679392841,0.055838360118673186,23,21,0.028673309382137555,0.2942858137483995,True,False,True,0.00017628297690167836,COMPLETE
1094,0.11474104821681977,2025-04-09 13:46:39.965078,2025-04-09 13:46:47.824311,0 days 00:00:07.859233,0.2862681918199823,0.21487972866476518,16,0.07509543985224211,0.06989300379925024,0.023769534650530492,0.08703418236334164,0.013959412831301076,0.009030834874159958,0.08555299603657328,24,19,0.02738796478555104,0.01607311427553834,False,False,True,0.00024125889585055395,COMPLETE
1095,0.41379945874214175,2025-04-09 13:46:48.185333,2025-04-09 13:46:56.087645,0 days 00:00:07.902312,0.2735452522431183,0.24305522502334193,16,0.08211919938800859,0.05501420707585357,0.017977967755742348,0.08841141354070386,0.016854998239009922,0.0061581920720909615,0.07002482949622582,23,22,0.03133530312950163,0.13148655249179528,False,False,True,0.0001399463193869085,COMPLETE
1096,0.5635504603385926,2025-04-09 13:46:56.447162,2025-04-09 13:47:04.326497,0 days 00:00:07.879335,0.3226898738100146,0.20039848670052773,16,0.06543650385111946,0.05381532576234099,0.02091000505996188,0.08820256915970939,0.014831429873369958,0.007651827706948307,0.05924563570892211,23,23,0.024249767496387024,0.2853488026537125,False,False,True,0.0001488436937771369,COMPLETE
1097,0.4460386991500855,2025-04-09 13:47:04.669753,2025-04-09 13:47:12.470536,0 days 00:00:07.800783,0.2915121003942444,0.1989464930698267,16,0.07099737078492382,0.06326207299060041,0.01909771879681423,0.08572559581294563,0.011902971610404321,0.006110566851626739,0.05023166755523805,22,18,0.028092525036087595,0.29973790943891593,False,False,True,4.92005368095234e-06,COMPLETE
1098,0.42073010802268984,2025-04-09 13:47:12.826803,2025-04-09 13:47:20.635626,0 days 00:00:07.808823,0.3413866332432639,0.18883661268060065,16,0.08120580968334457,0.05700496846494002,0.022598899724630802,0.08829977211600497,0.012464421975867118,0.005209524959346477,0.08626066765506966,23,15,0.025908181309969112,0.293277970178708,False,False,True,0.00020411878849647155,COMPLETE
1099,0.4690919518470764,2025-04-09 13:47:20.999848,2025-04-09 13:47:28.954058,0 days 00:00:07.954210,0.2739165446923236,0.24558966878389907,16,0.0592718310146767,0.05173618386436766,0.016570966297168737,0.08935667431206706,0.01611495331243279,0.012676780329646604,0.06838242012699501,24,24,0.029381986998127597,0.2869065989522106,False,False,True,1.667885649891243e-06,COMPLETE
1100,0.09215089827775956,2025-04-09 13:47:29.311198,2025-04-09 13:47:37.109480,0 days 00:00:07.798282,0.3133621902228621,0.1795378369821979,16,0.07772859396874936,0.05979150840054266,0.01882864538220114,0.09011022231988325,0.01967428549685595,0.009835714708053705,0.051396977131861886,23,21,0.023949603506534148,0.14291751364234734,False,True,True,0.0002606168938837644,COMPLETE
1101,0.5441122055053711,2025-04-09 13:47:37.467950,2025-04-09 13:47:45.420114,0 days 00:00:07.952164,0.2884442162460106,0.21073953803357467,16,0.08426699970636797,0.050873217900993147,0.020404664672726943,0.08729911092916176,0.02198916476935742,0.00547074323449895,0.06918786407942794,24,24,0.026709802598156387,0.2917155047053498,False,False,True,0.00018297669123012913,COMPLETE
1102,0.4776824474334717,2025-04-09 13:47:45.775730,2025-04-09 13:47:53.781695,0 days 00:00:08.005965,0.2734313509025591,0.2714514936423944,16,0.07072421560594246,0.05071928067342567,0.01726522901253586,0.09013664926223233,0.019672646080920828,0.0778913014946796,0.08468301153872153,24,19,0.03221859967377064,0.2858033029436628,False,False,True,0.0001450548565626969,COMPLETE
1103,0.44558792114257817,2025-04-09 13:47:54.139496,2025-04-09 13:48:02.320881,0 days 00:00:08.181385,0.2747866512287896,0.22446469766373034,16,0.07627511494502229,0.06756210785455838,0.017167990865845032,0.08575557740160747,0.014040505815668921,0.008756994834136504,0.058877061261930916,27,22,0.02382757148243044,0.299649550334166,False,False,True,1.0842563757448325e-06,COMPLETE
1104,0.5470898151397705,2025-04-09 13:48:02.680262,2025-04-09 13:48:10.840226,0 days 00:00:08.159964,0.29489784912724787,0.162626132738426,16,0.08358303813524298,0.0570386169602045,0.02332208765117324,0.08986528636178194,0.013986214624218372,0.004124143513929942,0.05133190217769727,26,25,0.037056031351609446,0.2999282719829715,False,False,True,0.0002673748885613899,COMPLETE
1105,0.15946989953517915,2025-04-09 13:48:11.203998,2025-04-09 13:48:19.012568,0 days 00:00:07.808570,0.32261470261107594,0.255469966630387,16,0.06590991304580514,0.2820637750163084,0.018743762678984487,0.09086984196656675,0.01678386460620632,0.007558430771946794,0.07337913113926472,23,16,0.02574606322875338,0.03687120632995833,False,False,True,0.00020112908929429486,COMPLETE
1106,0.30839471220970155,2025-04-09 13:48:19.374309,2025-04-09 13:48:38.321114,0 days 00:00:18.946805,0.25076622410348154,0.2219953382488825,2,0.08409634192953064,0.047343555794870235,0.02135087511192733,0.08794085694119225,0.027304227343416806,0.0059201736638673525,0.09760786004036828,24,21,0.028718053061794646,0.2836965625403008,False,False,True,0.0001469484353011711,COMPLETE
1107,0.5096236109733582,2025-04-09 13:48:38.685255,2025-04-09 13:48:46.787034,0 days 00:00:08.101779,0.35466541881829294,0.168656422012531,16,0.07435822928117655,0.06370550117542689,0.0161502935346353,0.09107090298627682,0.025203466032186064,0.08294378112627229,0.048091253932251415,26,24,0.023376602507954498,0.2913540498616308,False,False,True,0.00030252089190793664,COMPLETE
1108,0.47695472240448,2025-04-09 13:48:47.151317,2025-04-09 13:48:54.983575,0 days 00:00:07.832258,0.2620265908256224,0.1843211709612082,16,0.085376967477185,0.04797493810399236,0.01972371877895719,0.08855266542893485,0.018481145518296875,0.01156067381156587,0.05956316740467998,22,26,0.027212266317797888,0.2933974120394823,False,False,True,0.0002202407386504525,COMPLETE
1109,0.3362137198448181,2025-04-09 13:48:55.349575,2025-04-09 13:49:03.410482,0 days 00:00:08.060907,0.2922871642555765,0.19760439239590064,16,0.07657921001811123,0.05360805309296544,0.016876954293453636,0.09199410515794716,0.021691898490892553,0.004090691297958473,0.07604114152800169,25,19,0.024935326001870237,0.2896988549003321,False,False,True,0.0001721770422943682,COMPLETE
1110,0.5081485271453858,2025-04-09 13:49:03.755711,2025-04-09 13:49:11.717918,0 days 00:00:07.962207,0.25310939687200595,0.1583401682893671,16,0.07158846893388235,0.04550750674263111,0.06894422161855857,0.08527666342525744,0.01795813405413173,0.0075811050954815405,0.054649215907484575,24,25,0.02230416907540496,0.28204411512094424,False,False,True,1.4676231382042023e-08,COMPLETE
1111,0.3668775379657746,2025-04-09 13:49:12.079534,2025-04-09 13:49:20.485662,0 days 00:00:08.406128,0.3117678479683412,0.1799454223135358,16,0.08662786885577306,0.10347835454765117,0.02044076131697298,0.0902663542119828,0.02654261751621176,0.003036584646652787,1.3124551937826015e-05,22,22,0.030293744410831543,0.29469962377501063,False,False,False,0.00024746198183486843,COMPLETE
1112,0.4792041897773743,2025-04-09 13:49:20.847688,2025-04-09 13:49:28.714254,0 days 00:00:07.866566,0.2700225804464819,0.2144859187539527,16,0.06701858115177814,0.05717245111943487,0.018415148825567683,0.09161597289367784,0.014067835848862632,0.06432856647477121,0.06549000858413952,23,14,0.022509241798308693,0.2831788078598999,False,False,True,0.000134223772834546,COMPLETE
1113,0.29594608545303347,2025-04-09 13:49:29.078038,2025-04-09 13:49:37.267718,0 days 00:00:08.189680,0.3677628833334118,0.2859232318728718,16,0.08048024832585986,0.05098917969477718,0.02498752424072761,0.08733380085037792,0.02230211124682499,0.00529400013001418,0.09993967886705701,27,26,0.025375911157950033,0.2887237893660252,False,False,True,0.0003135034661490095,COMPLETE
1114,0.4707076191902161,2025-04-09 13:49:37.632476,2025-04-09 13:49:45.615138,0 days 00:00:07.982662,0.41670452893794807,0.15271674586065292,16,0.08581205326019321,0.04418037197511519,0.01642216075613609,0.0891672453486808,0.024536083740517446,0.009857016736874015,0.047616400383339134,25,19,0.08063287489693746,0.29354289816885276,False,False,True,0.0001963835983671446,COMPLETE
1115,0.5402005195617676,2025-04-09 13:49:45.980130,2025-04-09 13:49:54.291850,0 days 00:00:08.311720,0.3024878057174394,0.23553269192845547,16,0.07809861817728408,0.06679897769130883,0.022037006921790895,0.09202464830632576,0.020172360072990912,0.0029783505638231638,0.07509558301578065,26,51,0.020336883533884232,0.2820589594361396,True,False,True,0.0001371244184459444,COMPLETE
1116,0.5611969590187073,2025-04-09 13:49:54.653905,2025-04-09 13:50:02.630421,0 days 00:00:07.976516,0.39771973992298726,0.20926552199207113,16,0.04959732196647253,0.05441605407776836,0.05159259792813044,0.09074317476172668,0.009635361876228411,0.00540644817318025,0.059000607175865395,24,28,0.027479209019378757,0.2997189703756128,False,False,True,0.00018378957796231772,COMPLETE
1117,0.37869851589202885,2025-04-09 13:50:02.997679,2025-04-09 13:50:11.035439,0 days 00:00:08.037760,0.24821767851529308,0.18526703679922313,16,0.08772364681891921,0.07602618024519728,0.015708008069985457,0.09237965207002126,0.01622062781733003,0.006888225038999874,0.050598129963909534,25,22,0.02454708342789586,0.28953228824973026,False,True,True,0.00023945198668313175,COMPLETE
1118,0.4226334929466248,2025-04-09 13:50:11.398326,2025-04-09 13:50:19.317084,0 days 00:00:07.918758,0.24390716706983964,0.23705507655273425,16,0.06240868713735149,0.04530265715121064,0.018876185369867134,0.08895481892516038,0.01258035432963215,0.008491538879217254,0.0651264086639046,24,12,0.022275819687877688,0.29998915622335465,False,False,True,0.0003305503390489197,COMPLETE
1119,0.4181045949459076,2025-04-09 13:50:19.684739,2025-04-09 13:50:27.778229,0 days 00:00:08.093490,0.2747487386774339,0.16533319725994947,16,0.05406852662174731,0.058618591311820886,0.015922387064483064,0.09212455221516876,0.028039081676389063,0.004195776064283836,0.0847772910725456,26,25,0.019107988007918908,0.28316922996889005,False,False,True,0.00016008361770957389,COMPLETE
1120,0.3760030508041382,2025-04-09 13:50:28.156338,2025-04-09 13:50:49.370345,0 days 00:00:21.214007,0.33384495764191785,0.13517570326997486,2,0.07105077329734392,0.04993246634588453,0.02111226192353617,0.08455588243432939,0.022739416188878574,0.05528937852969444,0.050084498008595636,28,77,0.02664184950804166,0.28582855406916985,False,False,True,0.00026940365703401333,COMPLETE
1121,0.573085105419159,2025-04-09 13:50:49.740222,2025-04-09 13:50:57.682072,0 days 00:00:07.941850,0.2927463069037432,0.1989762066462192,16,0.08035507169398587,0.04483680680921613,0.018413500568827457,0.08702793294983363,0.026212077871036826,0.013935731144484985,0.0618925509137397,23,28,0.017709098615495165,0.29478381095210837,False,False,True,0.00020847346042357086,COMPLETE
1122,0.46283369064331054,2025-04-09 13:50:58.049355,2025-04-09 13:51:06.146166,0 days 00:00:08.096811,0.26659581495028334,0.25523526317378736,16,0.08878455562429223,0.043745148085665514,0.025232545442051262,0.09036403385257336,0.018988419676378876,0.002411652794676352,0.07618514987087649,26,18,0.03338106163972979,0.2900258930655537,False,False,True,4.07225932687513e-08,COMPLETE
1123,0.14113274514675142,2025-04-09 13:51:06.516637,2025-04-09 13:51:14.529139,0 days 00:00:08.012502,0.2446089526686199,0.16748644115780267,16,0.25343445320405666,0.037219082300729095,0.016041865026269607,0.09271229558107419,0.015891551131243988,0.0010089028560835154,0.047384264927085806,25,23,0.02341774940633292,0.29392728829414716,False,False,True,0.000136933730169081,COMPLETE
1124,0.46786260604858404,2025-04-09 13:51:14.899897,2025-04-09 13:51:22.977713,0 days 00:00:08.077816,0.29477210282589095,0.22767305335820437,16,0.058208556302066394,0.03795541118521115,0.09446138982176666,0.0934735723117263,0.02458843664908795,0.006960972120200165,0.062223629476149525,25,21,0.021190024961500898,0.2821744127128766,False,False,True,0.0003853593292018274,COMPLETE
1125,0.29864529967308046,2025-04-09 13:51:23.347908,2025-04-09 13:51:31.267544,0 days 00:00:07.919636,0.24783371565423684,0.15538262044174264,16,0.07688715210960148,0.05661115111601405,0.0231428600396321,0.08907218018335003,0.02986880133632725,0.0042009185930115146,0.07656510870055684,23,27,0.02820770481756041,0.294378095010823,False,False,True,0.00018795699947910972,COMPLETE
1126,0.45475263595581056,2025-04-09 13:51:31.620060,2025-04-09 13:51:39.572713,0 days 00:00:07.952653,0.31959082806494843,0.1870368421973638,16,0.03319977294600829,0.05057125983295764,0.018398841662884163,0.09112293484081224,0.034811208899119726,0.010534798950546832,0.001085821355359582,24,24,0.024107473995731165,0.28894462037586865,False,False,True,0.0002914676319305062,COMPLETE
1127,0.4061698496341705,2025-04-09 13:51:39.936437,2025-04-09 13:51:48.101821,0 days 00:00:08.165384,0.011630863613520573,0.21587346949000194,16,0.06812743437913617,0.04048799558740137,0.017141321890452373,0.09263817173768524,0.03250144831451068,0.02500875741894656,4.328152268545094e-05,26,29,0.01702343889189876,0.2944162239837967,False,False,True,0.00024312026752922614,COMPLETE
