number,value,datetime_start,datetime_complete,duration,params_alpha-eval,params_alpha-train,params_batch-size,params_eps-eval,params_eps-train,params_lambda-actions-eval,params_lambda-actions-train,params_lambda-frames-eval,params_lambda-frames-train,params_learning-rate,params_n-epochs,params_n-frames,params_radius-gw,params_rho,params_std-feats,params_ub-actions,params_ub-frames,params_weight-decay,state
511,0.5779349327087403,2025-04-09 12:26:47.069943,2025-04-09 12:26:54.873484,0 days 00:00:07.803541,0.10273514072619828,0.2037668056552624,8,0.07056811124309975,0.029700852085557172,0.038875427385172384,0.09419613194818961,0.06551149518307277,0.007112296172599904,0.057190711290661,13,31,0.014136633289395666,0.26847741061090247,False,False,True,6.175523485717035e-05,COMPLETE
512,0.41012519001960757,2025-04-09 12:26:55.035938,2025-04-09 12:27:02.034677,0 days 00:00:06.998739,0.09458788519029651,0.503791608384373,16,0.06598088328836893,0.04123354243613426,0.03710014305594963,0.09785313843459752,0.06166264023309655,0.011145136449054774,0.05030513479047941,13,35,0.009857966748120416,0.27215339916874604,False,False,True,8.920532197578667e-05,COMPLETE
513,0.4679548144340515,2025-04-09 12:27:02.209534,2025-04-09 12:27:10.042795,0 days 00:00:07.833261,0.06409968108194546,0.19369219051923775,8,0.08050462361661817,0.03276265679457528,0.044157443849566776,0.09602674555251994,0.06530961447806355,0.008394477922212169,0.0010263647760057227,13,33,0.012357852416934864,0.2997861203544178,False,False,True,6.5736580114065e-05,COMPLETE
514,0.46313717365264895,2025-04-09 12:27:10.206800,2025-04-09 12:27:18.090033,0 days 00:00:07.883233,0.09958542667391171,0.45310293328236334,8,0.06691826110474285,0.030280127853380582,0.03256795299715827,0.09411948330053001,0.058765719213188856,0.013721228127029599,0.05980853077774668,14,32,0.013488782679887025,0.11839603690428045,False,False,True,0.00010972160190092885,COMPLETE
515,0.3532321393489838,2025-04-09 12:27:18.264418,2025-04-09 12:27:25.967625,0 days 00:00:07.703207,0.06595516402783397,0.25949945542485103,8,0.08986007109634339,0.024813704269880617,0.043572421691695035,0.09797995213700517,0.06262251719794973,0.007179249644899582,0.06827153861881848,13,28,0.014586906915768643,0.2768131811933642,True,False,True,5.2858035986900696e-05,COMPLETE
516,0.48572055101394657,2025-04-09 12:27:26.132349,2025-04-09 12:27:34.019079,0 days 00:00:07.886730,0.10862786253747016,0.5176889951448846,8,0.07144435734053685,0.009660062870298842,0.0385292382710194,0.0960149550633377,0.06401016351382378,0.009722212569236242,0.0029989695696305612,14,29,0.026636307732357218,0.07797924058004946,False,False,True,8.182653233940147e-05,COMPLETE
517,0.14852136373519897,2025-04-09 12:27:34.180781,2025-04-09 12:27:41.762474,0 days 00:00:07.581693,0.04237340150163971,0.33108609756167307,8,0.07308502257888605,0.1251483109915551,0.03879407210012418,0.09355174705316406,0.03430748571409446,0.006704712278742154,0.05393018940169271,12,30,0.010837197915992395,0.26751264233789734,False,False,True,0.0001601695295111002,COMPLETE
518,0.42755314111709597,2025-04-09 12:27:41.937867,2025-04-09 12:27:49.856786,0 days 00:00:07.918919,0.09484033359474546,0.20546515038082175,8,0.07721894948912228,0.03759827872024199,0.04677283541711111,0.09818338690993311,0.06863716102157279,0.005561161661837361,0.0837493774643182,14,26,0.01593364079202701,0.2912012562293608,False,False,True,0.00027115105057037224,COMPLETE
519,0.45350062251091006,2025-04-09 12:27:50.021471,2025-04-09 12:27:57.641426,0 days 00:00:07.619955,0.12174989188588049,0.16633878190600943,8,0.06392971920271323,0.028368384900163576,0.039453831420024274,0.09532665027406151,0.06052000397473458,0.007739556436394075,0.04685026284498084,12,38,0.014673486637367627,0.28228666295500837,False,True,True,6.613955680026093e-05,COMPLETE
520,0.38908661603927613,2025-04-09 12:27:57.820727,2025-04-09 12:28:04.837871,0 days 00:00:07.017144,0.11484031899625646,0.2742052557414525,16,0.05464173267964237,0.0459962591390935,0.036255967337272973,0.09989592357317449,0.06517649456621723,0.009321233681773865,0.06762571954271822,13,26,0.012154985470510492,0.27004572602496973,False,False,True,0.00010999491259185583,COMPLETE
521,0.39882081747055054,2025-04-09 12:28:05.001542,2025-04-09 12:28:17.681710,0 days 00:00:12.680168,0.4797515471660054,0.19000058164057648,2,0.046790592344519655,0.02182162340811749,0.05267118453271861,0.09998214380736949,0.05598398651216776,0.005013550349625193,0.08184834544888794,12,31,0.02121976320184623,0.27710178652285217,False,False,True,4.350736649473266e-05,COMPLETE
522,0.49381365776062014,2025-04-09 12:28:17.848156,2025-04-09 12:28:26.807046,0 days 00:00:08.958890,0.07654374220732196,0.29809116874159,8,0.08458802033120703,0.015124752047935239,0.03968073340784,0.09330202064800294,0.05894089235670463,0.011098340268546999,0.057274655779546935,22,23,0.023552262617978437,0.2632244364542654,False,False,True,1.5649833579687947e-07,COMPLETE
523,0.5326177000999451,2025-04-09 12:28:26.981577,2025-04-09 12:28:34.409532,0 days 00:00:07.427955,0.13678154074469986,0.25268259485388483,8,0.09372645598627716,0.06263532606663465,0.04635015510450574,0.09656279760346641,0.06724655376239029,0.006561010208776576,0.07301867170495026,11,27,0.007860596348768432,0.28826942750023526,False,False,True,5.533517746673925e-05,COMPLETE
524,0.5026626348495484,2025-04-09 12:28:34.575363,2025-04-09 12:28:42.197905,0 days 00:00:07.622542,0.14401220584236984,0.024642606612717034,8,0.08122986672043633,0.008791657704758893,0.04315324993431314,0.09459350414222291,0.06323120374199442,0.003984591433769253,0.0997722564478496,12,23,0.016130224358507285,0.258836008645286,False,False,True,2.601870849093628e-07,COMPLETE
525,0.08357330113649368,2025-04-09 12:28:42.375679,2025-04-09 12:28:49.741889,0 days 00:00:07.366210,0.940695551608475,0.2302770020675846,8,0.08963332276936255,0.03225099056372923,0.043125475393898514,0.09819278324001428,0.053702042409959495,0.00806988611839176,0.0417811176114943,11,30,0.001715114398326941,0.2685219469406406,False,False,True,7.686089475073395e-05,COMPLETE
526,0.4734495997428894,2025-04-09 12:28:49.909906,2025-04-09 12:28:57.646363,0 days 00:00:07.736457,0.11577134467449292,0.4068578101367404,8,0.07180059832139174,0.02316862385144755,0.048276174696701944,0.09237410798668609,0.0607678551256664,0.004310475187341369,0.05061116884821887,13,33,0.018668504911046362,0.28260655258661094,False,False,True,0.00012987593323962474,COMPLETE
527,0.45436819791793825,2025-04-09 12:28:57.813049,2025-04-09 12:29:04.432077,0 days 00:00:06.619028,0.18771238084693398,0.28126520258237375,8,0.0972433538874989,0.01782611684342255,0.040876077996756195,0.09676412827994114,0.06923125642637253,0.005875729689599708,0.061830918286450945,5,24,0.025911886383516682,0.27380197986765636,False,False,True,9.320394566572346e-05,COMPLETE
528,0.5521112322807312,2025-04-09 12:29:04.609453,2025-04-09 12:29:11.912663,0 days 00:00:07.303210,0.08558062270103868,0.3135981905976143,8,0.06009736567808586,0.009567360012961056,0.04897207264778737,0.09065344800181063,0.06486368481871169,0.0035597031931539867,0.08385714579388796,10,21,0.021706559975643268,0.26436680456867157,False,False,True,0.0004828335154165678,COMPLETE
529,0.44078001976013187,2025-04-09 12:29:12.079780,2025-04-09 12:29:21.409818,0 days 00:00:09.330038,0.16601649815515349,0.10055532080528626,8,0.08348720454681978,0.026514292596404337,0.050786566988682565,0.06826374087712508,0.07217637552152552,0.054997953690056486,0.09964115257160484,24,104,0.010365808587599473,0.255678138290211,False,False,True,0.0001962294919161942,COMPLETE
530,0.26668246984481814,2025-04-09 12:29:21.589809,2025-04-09 12:29:28.862417,0 days 00:00:07.272608,0.21661780006031334,0.8766905249919313,16,0.0852370936148703,0.006443704727584368,0.0411972824504214,0.05779190519694492,0.061850267046844425,0.007485401129462292,7.965115920148353e-05,17,28,0.005514096858971487,0.27791344433525095,False,False,True,6.473057250648483e-05,COMPLETE
531,0.5677653193473816,2025-04-09 12:29:29.029077,2025-04-09 12:29:36.513936,0 days 00:00:07.484859,0.13620907589897097,0.010461252049459233,8,0.07743529058521757,0.014421734496863969,0.04122260676193488,0.09534074275168447,0.0671526625771509,0.002958824525868653,0.06876609483093638,11,26,0.020091641339205497,0.29298557931932,False,False,True,8.530605348091e-05,COMPLETE
532,0.47768529653549197,2025-04-09 12:29:36.694773,2025-04-09 12:29:45.108824,0 days 00:00:08.414051,0.24773328797726293,0.08166077652004158,8,0.026885071563035587,0.01998315802004073,0.03804645304040092,0.09297767301654279,0.05099407741515076,0.0056331134230946465,0.056203546902151715,18,19,0.016909800496537994,0.2606769475225676,False,False,True,4.805662758708265e-05,COMPLETE
533,0.49430035352706914,2025-04-09 12:29:45.276554,2025-04-09 12:29:54.539281,0 days 00:00:09.262727,0.15750635689201842,0.3537958878335584,8,0.07521025517907724,0.011372062596741766,0.04527118120762234,0.04990440261408569,0.036997724269181416,0.03524283604024741,0.04024067297520708,23,22,0.014390545111380843,0.28713539424711343,False,False,True,0.0003192225082683022,COMPLETE
534,0.3294772863388062,2025-04-09 12:29:54.708937,2025-04-09 12:30:02.337614,0 days 00:00:07.628677,0.19516238295458646,0.14818970867380987,8,0.09450274296380225,0.00010357841980152861,0.042280399348559,0.09996602941988574,0.05772284949460886,0.00984090799278224,0.0747944780392394,12,35,0.023482935862999377,0.2709360203598873,True,False,True,0.00015215065082670303,COMPLETE
535,0.30989485383033755,2025-04-09 12:30:02.518434,2025-04-09 12:30:09.777950,0 days 00:00:07.259516,0.17649907362273257,0.05667573554685408,8,0.2366247814926265,0.016792481443393868,0.047555068777272065,0.0973609108848179,0.06325220076511508,0.012668597300417195,0.047777880349745526,10,16,0.01845482396718027,0.26468501543197154,False,False,True,0.00010824964006827602,COMPLETE
536,0.445127284526825,2025-04-09 12:30:09.946880,2025-04-09 12:30:17.397883,0 days 00:00:07.451003,0.12490797033762178,0.11901539068044677,8,0.06830402798674443,0.034784375072698354,0.05434909740611231,0.09434414271517391,0.06571217387981086,0.003984236682089296,0.0841112164834604,11,25,0.021851120225242084,0.25554462901024244,False,False,True,6.723852463458238e-05,COMPLETE
537,0.48216525316238407,2025-04-09 12:30:17.579571,2025-04-09 12:30:25.326795,0 days 00:00:07.747224,0.21359578558781955,0.028049368666688612,8,0.09089960905022447,0.005599272374794231,0.010845087210260947,0.08996272570032281,0.07015949640454314,0.00671776478574529,0.06191760717005568,13,29,0.025390539477051936,0.2819372796847402,False,False,True,5.148296807390213e-05,COMPLETE
538,0.30324671864509584,2025-04-09 12:30:25.499579,2025-04-09 12:30:32.328889,0 days 00:00:06.829310,0.15642776525448235,0.07778299368103186,16,0.08111726648151121,0.024439419724543564,0.01164879127494339,0.09645071625026495,0.059662739835194836,0.0026355427911362054,0.06952488962574355,11,70,0.01971121619525412,0.2724352340451137,False,False,True,0.0002439223092134645,COMPLETE
539,0.29343377947807314,2025-04-09 12:30:32.498546,2025-04-09 12:30:39.961061,0 days 00:00:07.462515,0.09772295796225121,0.010058097769075567,8,0.15697428667800198,0.01189093272166862,0.009810126696501076,0.0914163509538728,0.06389441561319702,0.008886422050792733,0.035620794458451045,12,23,0.05488162427007632,0.2672084274117993,False,True,True,8.254253078340918e-05,COMPLETE
540,0.5684613585472107,2025-04-09 12:30:40.143743,2025-04-09 12:30:48.753405,0 days 00:00:08.609662,0.1832995728759746,0.03557306725170386,8,0.08796632879846997,0.029852583520027808,0.013039204480594698,0.09313049238440528,0.06833889463698138,0.00525507794605808,0.05095823369396237,19,18,0.01288303494893815,0.29404686171879285,False,False,True,0.00013768284789241684,COMPLETE
541,0.5709410071372987,2025-04-09 12:30:48.925913,2025-04-09 12:30:56.247142,0 days 00:00:07.321229,0.2018291089279646,0.05964811076198933,8,0.15238923499211224,0.019027792117506392,0.034173370355174995,0.09814870718399928,0.06157717341810037,0.0069946033685724125,0.099311968827261,10,20,0.029607106783579775,0.25164890793863925,False,False,True,9.767932469848465e-05,COMPLETE
542,0.19814363718032837,2025-04-09 12:30:56.431251,2025-04-09 12:31:03.690532,0 days 00:00:07.259281,0.2244204236451669,0.8019391058889013,8,0.10055581284082336,0.006326465960517804,0.00375171964903925,0.09481575685561368,0.06561308760655299,0.002896409919597127,5.241574915569697e-05,10,31,0.016529810900629452,0.27686700922820595,False,False,True,4.0178200522674895e-05,COMPLETE
543,0.12029849588871003,2025-04-09 12:31:03.862914,2025-04-09 12:31:18.010201,0 days 00:00:14.147287,0.8523103200443191,0.04267643847743971,2,0.0737083814562557,0.19255263952076146,0.007706677890823835,0.09602082121935,0.07161511006433006,0.004909262129483798,0.07771145399468024,15,27,0.02195282902051665,0.2602853943673106,False,False,True,0.00017886085585543053,COMPLETE
544,0.4730035543441773,2025-04-09 12:31:18.194583,2025-04-09 12:31:25.595862,0 days 00:00:07.401279,0.144382277032175,0.09024567536385611,8,0.14703893097507867,0.014500572046296244,0.03656670828486948,0.09815224513133695,0.05518984629823704,0.010764185674013625,0.05942938636766734,11,15,0.02779912299030361,0.28775236491979367,False,False,True,5.805818478442743e-05,COMPLETE
545,0.0863258332014084,2025-04-09 12:31:25.769631,2025-04-09 12:31:33.584400,0 days 00:00:07.814769,0.270521615739135,0.07123270144922861,8,0.2468306746503863,0.10999207793981602,0.045404263886083464,0.0922926451278863,0.05742130165592743,0.051726258737170405,0.04842617560433142,14,24,0.018285514679352816,0.22219999591647563,False,False,True,7.275721490677815e-05,COMPLETE
546,0.41698677539825446,2025-04-09 12:31:33.759239,2025-04-09 12:31:41.510131,0 days 00:00:07.750892,0.11065110976458467,0.029895175794448482,8,0.08126106027316725,0.02339593271573538,0.011216570220010711,0.08936210247700815,0.06860764770202597,0.002652405358737777,0.08377075887034027,13,21,0.02428133281586242,0.2667585969897425,False,False,True,0.0001153259842518138,COMPLETE
547,0.47176992893219,2025-04-09 12:31:41.691760,2025-04-09 12:31:48.537890,0 days 00:00:06.846130,0.17297710110491424,0.17647168111410372,16,0.1576527421536924,0.010283991102015149,0.04193804712029906,0.0943877309613417,0.06044138387927205,0.008265912014057781,0.06807736825021445,11,28,0.02047069098177244,0.2815064395039923,False,False,True,3.007506306334743e-06,COMPLETE
548,0.4656760454177857,2025-04-09 12:31:48.712676,2025-04-09 12:31:56.079556,0 days 00:00:07.366880,0.1303018361486262,0.05282896781290491,8,0.06384840638532391,0.004395794512803574,0.013967024956237781,0.0980366617239203,0.03911844468073173,0.005499803155375779,0.02276034447265558,10,19,0.014858908393002584,0.14060433255326246,False,False,True,9.055438509521692e-05,COMPLETE
549,0.10379364788532258,2025-04-09 12:31:56.264460,2025-04-09 12:32:03.877080,0 days 00:00:07.612620,0.5724301548193178,0.23924485023303865,8,0.15137541003713148,0.04413972017298835,0.012644001549642979,0.09688819358865915,0.024139704979330108,0.004163557856594679,0.030292850671427375,12,24,0.017207885720825135,0.2562310627777618,False,False,True,5.7843323655252875e-05,COMPLETE
550,0.43446607589721686,2025-04-09 12:32:04.055195,2025-04-09 12:32:11.655312,0 days 00:00:07.600117,0.19189665073343695,0.10532993113153649,8,0.08586420522261812,0.02817513681445595,0.03959627508817117,0.09216878815420178,0.06365014551431614,0.006483990907142197,0.05752947918757061,12,15,0.003461613199973572,0.27392708753779016,False,False,True,0.00021981821259235015,COMPLETE
551,0.290904837846756,2025-04-09 12:32:11.841192,2025-04-09 12:32:21.393294,0 days 00:00:09.552102,0.15728124253656145,0.5055100965589869,8,0.1442793321183309,0.017609712456613438,0.009190393617601985,0.09462912945692839,0.06675718579679234,0.0024364500232051684,0.04179630621950738,26,98,0.022768475942369068,0.26129746566289425,False,False,True,0.00013077028659741003,COMPLETE
552,0.2404429078102112,2025-04-09 12:32:21.570234,2025-04-09 12:32:28.838956,0 days 00:00:07.268722,0.0703991372831062,0.029575533727950916,8,0.06877957090734003,0.03646779223248516,0.005895611891591478,0.08881388427247072,0.062164155307192714,0.008921423440307809,0.08320135413234535,10,32,0.09327352656993665,0.08919085418557471,False,False,True,6.818018568184505e-05,COMPLETE
553,0.4722183346748352,2025-04-09 12:32:29.025223,2025-04-09 12:32:37.836674,0 days 00:00:08.811451,0.23484176893875752,0.07184573049105089,8,0.09959258731479878,0.021277750549773822,0.014161481980774203,0.09985179542873807,0.07076355809834138,0.0010511038535762761,0.07139809897237417,20,55,0.019406929733170746,0.2505326653871454,True,False,True,0.0007787987639902647,COMPLETE
554,0.4373755514621735,2025-04-09 12:32:38.015546,2025-04-09 12:32:44.593044,0 days 00:00:06.577498,0.17550062694142327,0.13903066169148653,8,0.16139141492817485,0.01091364435282207,0.01081198946858623,0.09594361957599994,0.0737053949148932,0.004376308225314344,0.09903668676311238,5,26,0.012743519036302846,0.26965060982770483,False,False,True,4.6396091456672755e-05,COMPLETE
555,0.57180837392807,2025-04-09 12:32:44.767552,2025-04-09 12:32:52.272016,0 days 00:00:07.504464,0.21016072060016455,0.053910196747722336,8,0.14895946441493918,0.004966071381607099,0.012522916960337504,0.07062134871181917,0.06605788784370097,0.006284674850473387,0.05774778352117485,11,22,0.009133375601554816,0.27845902511585996,False,False,True,8.15102631975826e-05,COMPLETE
556,0.5109923839569092,2025-04-09 12:32:52.457039,2025-04-09 12:33:00.578353,0 days 00:00:08.121314,0.14123596818003956,0.04285991680207476,16,0.0774523112902886,0.015637734831320298,0.04796343810795089,0.0934842828806863,0.06440077571346582,0.007693442322033435,0.04519473677753617,27,20,0.021042034939341,0.29966499240867484,False,False,True,0.00010984903619847706,COMPLETE
557,0.3346851885318756,2025-04-09 12:33:00.754620,2025-04-09 12:33:08.113058,0 days 00:00:07.358438,0.18991550540408525,0.08253827387792284,8,0.14191315221725165,0.0253922861616027,0.015849898908545212,0.09095776232549285,0.03095625090726984,0.003729866701550171,0.07070014820642297,10,30,0.024759035206025487,0.2887053943200086,False,False,True,0.0003919866920625515,COMPLETE
558,0.27807262539863586,2025-04-09 12:33:08.300927,2025-04-09 12:33:15.680036,0 days 00:00:07.379109,0.10930468489926574,0.010882911532896642,8,0.15442380176472095,0.010980788877166046,0.00908937881086986,0.09795755438019715,0.059292204617608445,0.011491483028896608,0.05293770819036698,11,17,0.016600016064598145,0.2642363524301922,False,True,True,7.403627573784648e-05,COMPLETE
559,0.3365398943424225,2025-04-09 12:33:15.856005,2025-04-09 12:33:24.021575,0 days 00:00:08.165570,0.033770335138118224,0.05886752940565148,8,0.08772070757674469,0.0003372675275700905,0.0515607296630177,0.09999320929225675,0.06855630060676993,0.002468626547443062,0.08396336219313952,16,24,0.019418094943732922,0.25587255124692226,False,False,True,0.00017675498925513272,COMPLETE
560,0.4883157134056092,2025-04-09 12:33:24.212227,2025-04-09 12:33:33.598774,0 days 00:00:09.386547,0.16201391120978703,0.3311527897711224,8,0.14839678426182118,0.031008609361572535,0.014431410161649762,0.045349426739553486,0.07965168166978114,0.0054428264016807455,0.035450509931399345,25,27,0.022539783524185807,0.2749306506489165,False,False,True,3.620146614439876e-05,COMPLETE
561,0.4279484152793884,2025-04-09 12:33:33.775530,2025-04-09 12:33:41.355575,0 days 00:00:07.580045,0.20472531838422955,0.030380792077943933,8,0.09575492515655758,0.02045029817503408,0.011171646018942792,0.0873509852151933,0.06185724969213772,0.008559444316746165,0.06536137132716713,12,21,0.015118178198712045,0.12803602849748769,False,False,True,9.820302366039876e-05,COMPLETE
562,0.5133149027824402,2025-04-09 12:33:41.536604,2025-04-09 12:33:48.668720,0 days 00:00:07.132116,0.12476462158313462,0.10323887203812232,8,0.07158111887365859,0.007675071426582598,0.006892901529484145,0.09612189096301008,0.04916746383778275,0.004567729889614593,0.0833455059465625,9,24,0.011521438091928429,0.28329102191951355,False,False,True,0.00014648116186177727,COMPLETE
563,0.5573082327842713,2025-04-09 12:33:48.859701,2025-04-09 12:33:56.217828,0 days 00:00:07.358127,0.14828908689098305,0.04690535196074484,8,0.16431199455115317,0.015659978640068885,0.013375269523756533,0.09082244482561339,0.052029249100808916,0.0068792514119594035,0.0606968571387753,10,17,0.018300621769271285,0.2932856820400147,False,False,True,5.389372325602767e-05,COMPLETE
564,0.4819449663162232,2025-04-09 12:33:56.397607,2025-04-09 12:34:03.370601,0 days 00:00:06.972994,0.2284980648651027,0.7347879787574482,16,0.14330440620137508,0.02426801179201156,0.05667511760797567,0.09334603846412484,0.04085610344951777,0.0028620985477333977,0.01446690240389573,13,35,0.0272050862995684,0.26961588466242975,False,False,True,6.458598259273991e-05,COMPLETE
565,0.4104902625083924,2025-04-09 12:34:03.559494,2025-04-09 12:34:10.795499,0 days 00:00:07.236005,0.17733191317824049,0.07121543642311289,8,0.08268212203756983,0.014499934049296975,0.030275220773325125,0.09827328275954192,0.05834883830975797,0.0010967145805026298,0.00014422792333135847,9,29,0.020397707083311824,0.26195964729431415,False,False,True,4.520995666793131e-05,COMPLETE
566,0.3012570679187775,2025-04-09 12:34:10.976777,2025-04-09 12:34:23.024154,0 days 00:00:12.047377,0.2540874889189611,0.5949367729934347,2,0.15688864361130783,0.005106944801473994,0.016286584508604287,0.09550841533099147,0.06445757994179233,0.009538113510488956,0.044988374263214254,11,13,0.02328887843667157,0.2520350345169648,False,False,True,8.456855405359645e-05,COMPLETE
567,0.5780322670936585,2025-04-09 12:34:23.214182,2025-04-09 12:34:30.858860,0 days 00:00:07.644678,0.09402398213326846,0.029478176698765544,8,0.13812287087712305,0.02023053296962148,0.04264523715548063,0.09318136022849595,0.07045750285809867,0.005476993936765285,0.09959642193251045,12,26,0.006319516434966728,0.27419632409382766,False,False,True,0.00012368100210076856,COMPLETE
