number,value,datetime_start,datetime_complete,duration,params_alpha-eval,params_alpha-train,params_batch-size,params_eps-eval,params_eps-train,params_lambda-actions-eval,params_lambda-actions-train,params_lambda-frames-eval,params_lambda-frames-train,params_learning-rate,params_n-epochs,params_n-frames,params_radius-gw,params_rho,params_std-feats,params_ub-actions,params_ub-frames,params_weight-decay,state
1408,0.595130479335785,2025-04-09 14:34:17.793435,2025-04-09 14:34:25.713645,0 days 00:00:07.920210,0.36662954404556913,0.12480198965442799,16,0.09442323365065859,0.022711518817683893,0.05148790505075025,0.09607162700263182,0.030461543594978574,0.002907365642499075,0.03302678315563011,23,29,0.022357999056279904,0.1678858033982244,False,False,True,0.000309256834516833,COMPLETE
1409,0.43825229406356814,2025-04-09 14:34:26.169210,2025-04-09 14:34:45.606827,0 days 00:00:19.437617,0.32917507419561176,0.06032439802736376,2,0.08490824038660767,0.025032618244267096,0.05275805644204238,0.09460862880825052,0.036018733595862114,0.0010150131989916764,0.046593942639283965,25,27,0.024204506464395082,0.2754452412110439,False,False,True,0.0002919955458810167,COMPLETE
1410,0.5555246710777283,2025-04-09 14:34:46.062756,2025-04-09 14:34:54.147213,0 days 00:00:08.084457,0.31622144351701864,0.08921376254973194,16,0.036619633464798185,0.016037363421990317,0.05071933256964086,0.09295216488466099,0.030864068715454912,0.004347290778766681,0.052493031297021625,24,34,0.02701281399061801,0.2891416192459171,False,False,True,0.00039379275474560495,COMPLETE
1411,0.3589022159576416,2025-04-09 14:34:54.603021,2025-04-09 14:35:02.692029,0 days 00:00:08.089008,0.3506348199231981,0.16208800958510827,16,0.09918817492109241,0.026793805512342055,0.05400943290132676,0.09823101125023448,0.03410340689877901,0.0045072155181933166,0.039054410459351985,25,31,0.031572286892221336,0.2943877441967925,False,False,True,0.0005299872226949941,COMPLETE
1412,0.581796145439148,2025-04-09 14:35:03.170372,2025-04-09 14:35:10.386446,0 days 00:00:07.216074,0.30960304599148863,0.1102810193932249,16,0.09015698251683316,0.021083561087291362,0.05427914845301395,0.0955504658613745,0.029160559403958362,0.0025256275164182765,0.056493081898946654,15,27,0.024718599816677733,0.23235017722315135,False,False,True,0.0002779428604637929,COMPLETE
1413,0.5091515541076661,2025-04-09 14:35:10.852498,2025-04-09 14:35:18.971047,0 days 00:00:08.118549,0.3187979247258613,0.08127335619895755,16,0.12025518110563879,0.02919648340213038,0.04955480101486064,0.08820739273038031,0.03186193294425073,0.005317256033831821,0.008502843246432993,25,38,0.022707415069013772,0.2943053488968416,False,False,True,0.0003334503605596945,COMPLETE
1414,0.5072584033012391,2025-04-09 14:35:19.431081,2025-04-09 14:35:28.084712,0 days 00:00:08.653631,0.33634155728826776,0.13961344668965428,16,0.11337951060165066,0.013494124684215854,0.04963676548482619,0.08533520047511152,0.02899897935025967,0.0011600513946723235,0.028931120710281418,24,32,0.021928484473585745,0.28163334666870726,False,False,False,0.0002542236434515503,COMPLETE
1415,0.5765181422233582,2025-04-09 14:35:28.539416,2025-04-09 14:35:36.421333,0 days 00:00:07.881917,0.3539125919385393,0.06999461123925847,16,0.1054240330858091,0.02214560317562878,0.05264125508979308,0.08282787789274115,0.033569319526040545,0.0010146507497552206,0.04432447386148001,23,28,0.02881653361249082,0.28437942146802087,False,False,True,0.00045435882339761206,COMPLETE
1416,0.3214204847812653,2025-04-09 14:35:36.881350,2025-04-09 14:35:44.667434,0 days 00:00:07.786084,0.29950748964240126,0.1007764600553233,16,0.08220901785167278,0.029665362701089822,0.051256435288471354,0.09098728283400087,0.028463414265791347,0.003735812157895853,0.012358561217419744,24,8,0.048380435934121266,0.29035645965395224,True,False,True,0.0002419501254187809,COMPLETE
1417,0.508914852142334,2025-04-09 14:35:45.145367,2025-04-09 14:35:53.169275,0 days 00:00:08.023908,0.03107923770610288,0.060952237293181125,16,0.09339698563780126,0.015470313820368689,0.056082346816778685,0.09407998394863544,0.032322451097006204,0.005645250355522878,0.03497007803035612,25,35,0.026230041279101942,0.29997672010384147,False,False,True,0.0005963546736004051,COMPLETE
1418,0.4266000509262085,2025-04-09 14:35:53.631423,2025-04-09 14:36:01.702273,0 days 00:00:08.070850,0.3232450310363026,0.13434143630870815,16,0.09833480458664177,0.026224332935647708,0.04891640122556431,0.09639175004197091,0.030339414941391335,0.0027088034422593998,0.05632265637705448,25,26,0.023966627665234153,0.2394424632755824,False,False,True,0.0003605931350478832,COMPLETE
1419,0.5795550465583801,2025-04-09 14:36:02.162003,2025-04-09 14:36:10.124421,0 days 00:00:07.962418,0.35927138473303266,0.20960606861908032,16,0.11037069488875743,0.03217551258064947,0.046991331119212776,0.09184782276463714,0.027382197617094893,0.0010548542467382163,0.04887903931462575,24,31,0.026082284841851315,0.2858420799511347,False,False,True,0.0003002039160817027,COMPLETE
1420,0.30424985885620115,2025-04-09 14:36:10.591196,2025-04-09 14:36:18.670441,0 days 00:00:08.079245,0.31188480522940415,0.1569150529363263,16,0.08710504447909306,0.019856827906661545,0.05427880790166369,0.08953333360563653,0.03698506331825036,0.0010244368156301213,5.5289103528613564e-05,25,25,0.027850359945242823,0.27547125234186826,False,False,True,0.00023750934075342367,COMPLETE
1421,0.3566360890865326,2025-04-09 14:36:19.148307,2025-04-09 14:36:27.081557,0 days 00:00:07.933250,0.2956363718291034,0.1180744754715051,16,0.10256590109374646,0.025540499092729776,0.05200251565627692,0.09431556889028389,0.029393646169258204,0.005070476586812471,0.039265866972304025,24,50,0.021750083842785588,0.29028724166895103,False,True,True,0.0003979730965594178,COMPLETE
1422,0.46988859176635744,2025-04-09 14:36:27.549790,2025-04-09 14:36:35.560785,0 days 00:00:08.010995,0.3278622764244921,0.05799720287336717,16,0.12046409816926719,0.014223579619598234,0.05205747931290834,0.09778874241322616,0.08221718312006077,0.003981607729967108,0.02433379582570348,25,29,0.04067115119648745,0.2468168349429829,False,False,True,0.000310403843701487,COMPLETE
1423,0.2629661440849304,2025-04-09 14:36:36.026456,2025-04-09 14:36:43.706621,0 days 00:00:07.680165,0.3448860783539306,0.18398351800510548,16,0.09152347843671814,0.031246488115446714,0.04815457972556323,0.08700344210948953,0.03156647020109041,0.005737784965796292,0.06237760324865397,20,27,0.02419043567867841,0.1799503080880644,False,False,True,0.0002321285367083079,COMPLETE
1424,0.18123224377632144,2025-04-09 14:36:44.171519,2025-04-09 14:36:52.282962,0 days 00:00:08.111443,0.29693293577202934,0.09266020305827787,16,0.24637051944752808,0.021307341563307963,0.0030634320454536144,0.09245937835035026,0.07759864537815997,0.002826531934522663,0.04574563578705188,26,33,0.029949283639522033,0.29541603403271627,False,False,True,0.0004795262008284306,COMPLETE
1425,0.44133870005607606,2025-04-09 14:36:52.749393,2025-04-09 14:37:11.192784,0 days 00:00:18.443391,0.29500059549539376,0.11879815925427427,2,0.08113809070622824,0.03366689540203108,0.05043726103864677,0.0897607412403349,0.03398295197828769,0.00623689403539513,0.03039535131419552,23,46,0.02019373253375275,0.28069331795777014,False,False,True,0.00020451871871755522,COMPLETE
1426,0.4998858213424683,2025-04-09 14:37:11.675808,2025-04-09 14:37:19.781560,0 days 00:00:08.105752,0.33886161143143295,0.07525355438824367,16,0.0995139295661211,0.023253508562255915,0.04866297897786789,0.09598241195980785,0.03847111226402738,0.0040260762221624,0.05840765866427477,25,24,0.060334660090696636,0.29435179489161495,False,False,True,7.490857757683959e-08,COMPLETE
1427,0.3370944440364838,2025-04-09 14:37:20.245354,2025-04-09 14:37:28.372497,0 days 00:00:08.127143,0.32150143930225783,0.14062494206783824,16,0.11366625065459177,0.014084698938659754,0.055925635516399466,0.09383554039327341,0.02717280732145415,0.00698218869627123,0.03736851900487367,24,136,0.025465515362866217,0.28775573196869797,False,False,True,0.0002913631406521815,COMPLETE
1428,0.4257364749908447,2025-04-09 14:37:28.836167,2025-04-09 14:37:36.988479,0 days 00:00:08.152312,0.36970906395468955,0.10262551197406874,16,0.10675772555774785,0.027447109690592497,0.04746452012834797,0.09198967058831466,0.08073070031443419,0.018537194111415925,0.04938528041183625,26,39,0.02209343370883199,0.22855110363559372,False,False,True,0.0003676323046906913,COMPLETE
1429,0.4426819801330567,2025-04-09 14:37:37.454296,2025-04-09 14:37:45.251574,0 days 00:00:07.797278,0.2813179824606359,0.16443524924486064,16,0.08502852965618043,0.032527815396914406,0.08514483389312116,0.09782280511194612,0.02951450653108803,0.0010479140456111954,0.06496501687640176,22,30,0.018191110778102485,0.2937951077427748,False,False,True,0.00023878597788360795,COMPLETE
1430,0.4773537516593933,2025-04-09 14:37:45.718637,2025-04-09 14:37:53.770544,0 days 00:00:08.051907,0.29396945112697653,0.05933968723042827,16,0.0729141481925945,0.01872719861560989,0.04564536218408376,0.09520554448071702,0.08423346896176298,0.004231604169964799,0.04333968546456537,25,35,0.023485895666992877,0.2820547251382152,False,False,True,0.00019021613753854777,COMPLETE
1431,0.5695482254028321,2025-04-09 14:37:54.254268,2025-04-09 14:38:02.191545,0 days 00:00:07.937277,0.31244896644649867,0.09377709796332157,16,0.09314571563805941,0.03721891245258379,0.05363256122416417,0.08885368430207,0.0747536466232322,0.003099730033075893,0.05123777711325515,24,27,0.027646745051361377,0.27591844878676475,False,False,True,0.00026803527130711297,COMPLETE
1432,0.42332935333251953,2025-04-09 14:38:02.657340,2025-04-09 14:38:11.360846,0 days 00:00:08.703506,0.2066891468103058,0.19591963195846201,16,0.04771412246487777,0.02772188028388592,0.04953129007331077,0.09039534736784842,0.03189371362957681,0.04542823543104746,0.0022703276235873106,25,22,0.03186764637071123,0.2878411523573223,False,False,False,0.00031572024060894,COMPLETE
1433,0.5061004161834717,2025-04-09 14:38:11.825482,2025-04-09 14:38:19.877178,0 days 00:00:08.051696,0.2790781306526685,0.05781431758667397,16,0.18807525935797723,0.012688338511126508,0.051567222664044586,0.09262427014548304,0.026440297894487423,0.005514174340089894,0.034894089593176136,26,31,0.025207262785877392,0.2998492999912852,False,False,True,0.0005682321098005039,COMPLETE
1434,0.4450522303581238,2025-04-09 14:38:20.343224,2025-04-09 14:38:28.200368,0 days 00:00:07.857144,0.33014591454556647,0.3453274746802575,16,0.11825770646018172,0.03350413518127303,0.0011946079661530242,0.09538838081153608,0.027978875283724013,0.0029084185885930136,0.06497000352721273,23,25,0.0366217840405539,0.19980773877404065,False,False,True,0.00019395540690665032,COMPLETE
1435,0.35058572292327883,2025-04-09 14:38:28.662783,2025-04-09 14:38:36.949805,0 days 00:00:08.287022,0.44705762725948467,0.1266005568113524,16,0.027083028101507436,0.021961956053837512,0.04688477222908839,0.0979293116859207,0.0797017888025428,0.006752180902433682,0.055289217218388004,24,115,0.0209160951064517,0.2936014074894977,True,False,True,0.0003800372374712721,COMPLETE
1436,0.24420583844184876,2025-04-09 14:38:37.434009,2025-04-09 14:38:45.401194,0 days 00:00:07.967185,0.7566366339396462,0.08130600668145113,16,0.09961538414185954,0.037126043831580476,0.04992388744655815,0.08624829869102144,0.0295061090023351,0.00432891437329791,0.042703133554075484,25,28,0.027074059475169887,0.2847755933154245,False,False,True,0.0002330202494418584,COMPLETE
1437,0.23727716207504274,2025-04-09 14:38:45.872411,2025-04-09 14:38:53.951439,0 days 00:00:08.079028,0.30979493742427167,0.10797303729493508,16,0.20933632836089483,0.025140792409888757,0.05394448390361211,0.057181760706530416,0.08741203665203678,0.0026754204623184942,0.029498642955588617,26,22,0.02282220433351011,0.241412508768148,False,False,True,5.14935297950059e-07,COMPLETE
1438,0.5066919922828674,2025-04-09 14:38:54.418587,2025-04-09 14:39:02.490008,0 days 00:00:08.071421,0.27660611862656403,0.1408554475894769,16,0.08680164482380229,0.018235188147770545,0.05580481613252454,0.09364586167729586,0.033722692907587976,0.007126083067260073,0.0656364425626157,25,33,0.06481215799504171,0.29434823103972535,False,False,True,0.00027682788142202125,COMPLETE
1439,0.5217083811759948,2025-04-09 14:39:02.956930,2025-04-09 14:39:11.084790,0 days 00:00:08.127860,0.2011461813960083,0.05942846368953816,16,0.10704206178377447,0.03074638730462983,0.04413230335439786,0.005795745647195212,0.02751382211536723,0.004836194755108965,0.036614698073885364,26,25,0.014741215167884042,0.2900818423925911,False,False,True,0.00044428055377607694,COMPLETE
1440,0.4964979887008667,2025-04-09 14:39:11.575315,2025-04-09 14:39:19.552410,0 days 00:00:07.977095,0.34887241082921194,0.15494054896978168,16,0.09451667973101026,0.03991366347637483,0.04722712708146136,0.09103783808508356,0.031621568108369746,0.002621763320170856,0.05326705170339254,24,28,0.019066156004420465,0.22304823503452198,False,True,True,0.00019581881190887393,COMPLETE
1441,0.3712986528873444,2025-04-09 14:39:20.020772,2025-04-09 14:39:28.015194,0 days 00:00:07.994422,0.3019876355431024,0.0784047621783597,16,0.0788851508169999,0.02668681831845698,0.05104866166064579,0.09637942190668271,0.03563200752775071,0.007582755303277334,0.019820236955538445,25,37,0.07548843841622417,0.012955782085072448,False,False,True,0.00033753965525251846,COMPLETE
1442,0.31302012801170354,2025-04-09 14:39:28.486078,2025-04-09 14:39:44.509223,0 days 00:00:16.023145,0.26897545048686117,0.17331678249909194,2,0.11405702961635539,0.012575178230349853,0.0801798332195641,0.08782795560980672,0.0820093919632268,0.001071242290608003,0.04594531469960684,18,30,0.02975547212776123,0.28302897177449393,False,False,True,0.0002320529613294586,COMPLETE
1443,0.4768017172813416,2025-04-09 14:39:44.978346,2025-04-09 14:39:53.124587,0 days 00:00:08.146241,0.3239308615064991,0.12174665074798932,16,0.10312324756730375,0.0189669648059089,0.045136827861575794,0.093178797427659,0.07764982669963474,0.005255747714009568,0.06030206570033946,26,21,0.025392689081214972,0.2998370890371321,False,False,True,0.00016106455353206197,COMPLETE
1444,0.4953389286994935,2025-04-09 14:39:53.590739,2025-04-09 14:40:01.544008,0 days 00:00:07.953269,0.28940711983240525,0.08682085149911813,16,0.09094698190263635,0.09178710723515494,0.04835155135117008,0.09493966867732627,0.07366701186644209,0.014825415365215346,0.037654694431289666,23,23,0.021581408067342468,0.29998591869755437,False,False,True,0.00027107874385100657,COMPLETE
1445,0.17736407518386843,2025-04-09 14:40:02.030826,2025-04-09 14:40:10.029578,0 days 00:00:07.998752,0.20451721848518234,0.5874360183274829,16,0.2585409598343399,0.03428902998943083,0.057659909786975924,0.09089296122718891,0.02544727040107298,0.009133196150312953,0.02541483940916223,24,63,0.023215357987173453,0.23535124103434682,False,False,True,0.00018591820131459304,COMPLETE
1446,0.4005852043628693,2025-04-09 14:40:10.500121,2025-04-09 14:40:18.494105,0 days 00:00:07.993984,0.21738150883446666,0.05550717942773923,16,0.07132436299575501,0.040992610912478196,0.029603059631341203,0.0926079261580077,0.031461463711055744,0.005259687182240394,0.07262146166585567,25,41,0.04343944472424381,0.27640542013467456,False,False,True,0.0004207211185963717,COMPLETE
1447,0.38977733850479124,2025-04-09 14:40:18.967963,2025-04-09 14:40:27.021763,0 days 00:00:08.053800,0.3686704965504932,0.10626131431027613,16,0.12311228654575895,0.029053404808160366,0.04635908674743133,0.08911303018797163,0.029320418558282827,0.0027120047878705414,0.04476323155512043,26,68,0.027834115324045505,0.046126605629389084,False,False,True,0.00032676837161352794,COMPLETE
1448,0.5121304035186768,2025-04-09 14:40:27.497003,2025-04-09 14:40:35.620481,0 days 00:00:08.123478,0.30520326152834615,0.13496941857547276,16,0.09873155782978708,0.02379005337153981,0.042881343412500016,0.09837676666102,0.07579940995611034,0.09093235686183515,0.05227608466833134,25,33,0.01720858944996757,0.28685289932142777,False,False,True,0.00021140873762409717,COMPLETE
1449,0.5939592838287353,2025-04-09 14:40:36.120222,2025-04-09 14:40:44.117315,0 days 00:00:07.997093,0.2762886453753481,0.07059246804541043,16,0.08298799040572433,0.013515383608211489,0.06609929318705313,0.09590773042474984,0.07986180466573624,0.001030676686866705,0.029723617539877047,24,11,0.02497464961972674,0.29471280870814504,False,False,True,0.0005876967550478072,COMPLETE
1450,0.511485481262207,2025-04-09 14:40:44.595615,2025-04-09 14:40:52.782943,0 days 00:00:08.187328,0.33780718345747374,0.053612265613830964,16,0.11105451304962125,0.03609798297535031,0.05260532585157112,0.08478134938963472,0.02749984803928817,0.006636240756706317,0.06712495909788396,25,26,0.050888919927522355,0.24627633200247026,False,False,True,0.00013492359754077146,COMPLETE
1451,0.4147694826126099,2025-04-09 14:40:53.255614,2025-04-09 14:41:01.952668,0 days 00:00:08.697054,0.23035046828798705,0.38743702587293566,16,0.08830051710282219,0.05558748529636716,0.05024733608961989,0.09401671333859747,0.03060286001581112,0.003961167088222847,0.043221163883424084,26,28,0.020594206883057974,0.289961090575242,False,False,False,0.0002534578892157647,COMPLETE
1452,0.39094252586364747,2025-04-09 14:41:02.422646,2025-04-09 14:41:10.418878,0 days 00:00:07.996232,0.25924783894927655,0.8207332825680085,16,0.09547692990973881,0.019793930431962502,0.05591374932024086,0.09109697432018295,0.08422443394644555,0.008543468023107988,0.057673529786941236,24,24,0.026325855563032075,0.2768349326539528,False,False,True,0.00016597156917728926,COMPLETE
1453,0.509033465385437,2025-04-09 14:41:10.910111,2025-04-09 14:41:18.804531,0 days 00:00:07.894420,0.1974275223392111,0.20012641730922553,16,0.061801143988971255,0.04233610606684339,0.039325532859382006,0.09709553477642217,0.03334215561640354,0.00413548584695929,0.01657524970841165,23,31,0.023665888399322432,0.2947886778276979,False,False,True,0.00033244299931390345,COMPLETE
1454,0.3561763405799866,2025-04-09 14:41:19.282088,2025-04-09 14:41:27.362339,0 days 00:00:08.080251,0.31238959529754123,0.09532511636897605,16,0.10335956940966859,0.03104331306509526,0.07220485110915306,0.0941943482498841,0.025414917220242323,0.025783375898516456,0.03305863098993058,25,20,0.029303030471992966,0.2864290717118469,True,False,True,0.0004889910578378016,COMPLETE
1455,0.5611887097358703,2025-04-09 14:41:27.840226,2025-04-09 14:41:35.974279,0 days 00:00:08.134053,0.28385018032847376,0.11800466516076058,16,0.07566000285552428,0.026405407091589686,0.04797390246113044,0.08797849224010197,0.035972799144811246,0.006186027113826798,0.0508327373708238,26,18,0.018786768718643355,0.2799373843385043,False,False,True,0.00022077311376249447,COMPLETE
1456,0.4820610523223877,2025-04-09 14:41:36.446394,2025-04-09 14:41:44.515247,0 days 00:00:08.068853,0.39465332165296685,0.1517840332662626,16,0.11541833098971623,0.03491375550226699,0.043792202738894476,0.09242996987612759,0.028325618918671375,0.0025538220132889167,0.07170693656362309,25,35,0.022176383144242903,0.2902111005832894,False,False,True,0.00025917222766167353,COMPLETE
1457,0.09166939109563828,2025-04-09 14:41:45.008154,2025-04-09 14:41:53.201611,0 days 00:00:08.193457,0.22179295645914304,0.04841904275339911,16,0.1230580780237557,0.15072137686942605,0.05910870592267505,0.09003670115876831,0.02635666787490924,0.007596782452729121,0.035718331702030086,27,27,0.03468820163128894,0.29498759189410717,False,False,True,0.00015247568894686696,COMPLETE
1458,0.3562834203243256,2025-04-09 14:41:53.675065,2025-04-09 14:42:12.680358,0 days 00:00:19.005293,0.4147692046988398,0.07725947106961206,2,0.08931458643479909,0.04572410659550754,0.052732004498712834,0.09855428951598004,0.07899366193498844,0.005386197793144042,0.04239169541166646,24,30,0.026642769234920774,0.2849178494382435,False,False,True,0.00011215320613467902,COMPLETE
1459,0.43989805579185487,2025-04-09 14:42:13.156877,2025-04-09 14:42:21.241375,0 days 00:00:08.084498,0.2576922732426635,0.16980117606502276,16,0.10704861135876073,0.02002187440235693,0.049687471143141086,0.09602090777130763,0.0731030736794101,0.012097568674632608,0.05920808903573989,26,15,0.023989759212584044,0.29039353517442473,False,True,True,0.00038140989446646843,COMPLETE
1460,0.4810806035995484,2025-04-09 14:42:21.713434,2025-04-09 14:42:29.745228,0 days 00:00:08.031794,0.295766185996329,0.12804301978586285,16,0.09314114734299181,0.012620046557096545,0.045635847102049834,0.0922106521809065,0.02965441976563384,0.002586461524150596,0.04870187874952562,25,24,0.014521725708554985,0.2946901287019124,False,False,True,0.0002086294499768868,COMPLETE
1461,0.4905621647834778,2025-04-09 14:42:30.219771,2025-04-09 14:42:38.109677,0 days 00:00:07.889906,0.19869772716837375,0.0913646831553968,16,0.2000712190719862,0.052348865809260604,0.09241379940041142,0.09427202060833087,0.031841618024512144,0.009047489309270063,0.07460505887369762,24,32,0.08600576427287202,0.28090989234364294,False,False,True,0.00029769269496032443,COMPLETE
1462,0.48829323053359985,2025-04-09 14:42:38.602365,2025-04-09 14:42:46.881801,0 days 00:00:08.279436,0.32925591622543493,0.05507912430952729,16,0.08361296565067719,0.0361485096381187,0.04188416586704694,0.0898099757463477,0.08125225086074951,0.004230450912150234,0.0398011764095772,27,26,0.030981498073068377,0.23081618535506115,False,False,True,1.5353544023439216e-06,COMPLETE
1463,0.5123192429542541,2025-04-09 14:42:47.365118,2025-04-09 14:42:55.382019,0 days 00:00:08.016901,0.3595574915253205,0.1043128341842351,16,0.09939393902989693,0.0242021569629313,0.04666949563413524,0.08622940639096022,0.02777127231061076,0.006300728802272138,0.06021108685254056,25,21,0.02082715598761871,0.29982653543361293,False,False,True,0.0001854918760174908,COMPLETE
