number,value,datetime_start,datetime_complete,duration,params_alpha-eval,params_alpha-train,params_batch-size,params_eps-eval,params_eps-train,params_lambda-actions-eval,params_lambda-actions-train,params_lambda-frames-eval,params_lambda-frames-train,params_learning-rate,params_n-epochs,params_n-frames,params_radius-gw,params_rho,params_std-feats,params_ub-actions,params_ub-frames,params_weight-decay,state
112,0.4633552193641663,2025-04-16 15:00:40.178367,2025-04-16 15:00:48.764167,0 days 00:00:08.585800,0.5641973644444263,0.21886146166578452,16,0.0073239013690081355,0.2725797499000376,0.07747368804990185,0.09598322003215623,0.09705491122451382,0.05545967863735858,0.0003682408902747376,23,139,0.01943279416844102,0.06401921195165286,False,False,False,0.00016460806924522967,COMPLETE
113,0.32717964649200443,2025-04-16 15:00:48.802117,2025-04-16 15:00:56.904718,0 days 00:00:08.102601,0.735181108041986,0.7638165357984559,16,0.18396116522484965,0.18930996902097647,0.09215360931151459,0.09094220505252738,0.09027854840417254,0.05317254830248932,0.00013299674613351202,17,11,0.0010312477899269354,0.10436477215190929,False,False,False,0.0002693457090909289,COMPLETE
114,0.4749458432197571,2025-04-16 15:00:56.942301,2025-04-16 15:01:05.448685,0 days 00:00:08.506384,0.7087475629679229,0.7222288202436664,16,0.0349072419850727,0.24328538427226654,0.07455864538599975,0.010547186079012984,0.07373587355500918,0.03305302548092076,0.00020993953737750827,20,147,0.013837435982421232,0.1298914937480103,False,False,False,4.17756562225618e-06,COMPLETE
115,0.09215089827775956,2025-04-16 15:01:05.487033,2025-04-16 15:01:13.317970,0 days 00:00:07.830937,0.8299523691253295,0.8673133021333388,16,0.0005058448108652778,0.20674090554876853,0.0628744374401838,0.08044401165791365,0.08159756212074519,0.048259368489940085,0.0004360299221024054,16,135,0.029425063095051947,0.035092285215683416,False,False,False,0.00020552181331517168,COMPLETE
116,0.4774752736091614,2025-04-16 15:01:13.356208,2025-04-16 15:01:21.925629,0 days 00:00:08.569421,0.7610988961671463,0.7905180342827762,16,0.024064360347698648,0.21433205959073467,0.07010427756806918,0.09831172368453019,0.06572748798853151,0.05503544991493131,0.00032734425098071367,21,120,0.016975375181436415,0.0761832041847963,False,False,False,1.675936211639557e-08,COMPLETE
117,0.5047434806823731,2025-04-16 15:01:21.964628,2025-04-16 15:01:30.611683,0 days 00:00:08.647055,0.7940102187669001,0.915141460548303,16,0.016967107369118523,0.2159196581585465,0.08691680500051789,0.08426740377473851,0.031390207212252476,0.02260187750094961,0.0005705779941670881,22,131,0.01154223887459245,0.05338420525403029,False,False,False,2.4694827764186843e-08,COMPLETE
118,0.4759614825248718,2025-04-16 15:01:30.650457,2025-04-16 15:01:52.407897,0 days 00:00:21.757440,0.4488831571043086,0.8401214868156914,2,0.009444922996190368,0.23571261717278813,0.08251146180625848,0.08756516002227094,0.06080049761675697,0.060471667847323884,0.00015715471086672934,24,66,0.025611243091739243,0.029615239608001498,False,False,False,0.00043215226781002437,COMPLETE
119,0.46250191926956175,2025-04-16 15:01:52.446972,2025-04-16 15:02:01.761263,0 days 00:00:09.314291,0.9738415418556334,0.4295231533073909,16,0.17975241257090244,0.22420441232852548,0.08963802012491479,0.0754470927075753,0.027388091213925905,0.05112501229831184,0.0002444170986334675,25,138,0.007340403997988493,0.06943970240106556,True,False,False,4.093830217134806e-08,COMPLETE
120,0.3402445495128632,2025-04-16 15:02:01.800998,2025-04-16 15:02:10.130368,0 days 00:00:08.329370,0.8179458015206684,0.7573179259475182,16,0.19153620055349424,0.20043766536321025,0.07224216511412115,0.09995132679282782,0.0887009370226811,0.0010772510374245977,0.00030366271474353444,18,124,0.003607660924626085,0.11230239332793886,False,False,False,6.503409544083596e-07,COMPLETE
121,0.5272907733917237,2025-04-16 15:02:10.169851,2025-04-16 15:02:18.652988,0 days 00:00:08.483137,0.808090280251131,0.96977139363937,16,0.013875095033915912,0.1637495318762059,0.0670679108095168,0.09279041623174235,0.018915191538893962,0.028559692369969136,0.00018451313287809067,21,128,0.015807923759977575,0.018840420044779715,False,False,False,0.00012505102852086508,COMPLETE
122,0.5382143020629884,2025-04-16 15:02:18.693222,2025-04-16 15:02:27.391903,0 days 00:00:08.698681,0.8529133773511653,0.9313105998287367,16,0.01418914881571666,0.16277493278864447,0.06869954816519389,0.09563396303308486,0.01878566899075447,0.02628506005201471,0.0002095312888648373,23,134,0.01851051433039846,0.021856458528690642,False,False,False,0.00012723499288037185,COMPLETE
123,0.48897253274917607,2025-04-16 15:02:27.441609,2025-04-16 15:02:35.859743,0 days 00:00:08.418134,0.912123732617397,0.9294229585284051,16,0.02937891749467581,0.1546608389584404,0.06810318198623491,0.0954132395962365,0.018740096079646197,0.030079605722349835,0.0001220822354874791,19,142,0.015104230130481702,0.018570752424250714,False,False,False,0.0001374672379827859,COMPLETE
124,0.533151376247406,2025-04-16 15:02:35.900711,2025-04-16 15:02:44.461611,0 days 00:00:08.560900,0.40890511014086917,0.8955639899824392,16,0.0233987319413224,0.14467032272320063,0.06126146113883379,0.0920083856729857,0.09701007254110604,0.02700186641335954,0.00019513357851382802,21,135,0.018560550471278567,0.04467917703156937,False,False,False,8.736156846015404e-05,COMPLETE
125,0.5401844382286072,2025-04-16 15:02:44.503046,2025-04-16 15:02:53.145541,0 days 00:00:08.642495,0.3979286700602745,0.8973276716238927,16,0.04561300978957031,0.13086664197474726,0.06032053099233153,0.09209653343301814,0.00959130174301398,0.02794531957892775,0.00018196137463688227,21,136,0.017399038081937216,0.04412603188341736,False,False,False,8.626528607000287e-05,COMPLETE
126,0.5568163633346558,2025-04-16 15:02:53.189109,2025-04-16 15:03:01.875001,0 days 00:00:08.685892,0.4110775327468923,0.8760445723000541,16,0.047388302720147976,0.14156961683845357,0.0603628778023393,0.09195822390109121,0.09663572139307705,0.027779423375147803,0.00018502718135947127,22,135,0.012758651381606562,0.0359161511984086,False,False,False,6.109446612239873e-05,COMPLETE
127,0.5537255048751831,2025-04-16 15:03:01.917461,2025-04-16 15:03:10.644530,0 days 00:00:08.727069,0.4113941685059456,0.89928078601756,16,0.04169201040816781,0.1421415500821576,0.05918043230848272,0.09130002101077968,0.00556727822529042,0.02636491551970757,0.00018221402836273248,22,136,0.011317286636010664,0.035468598790644845,False,False,False,8.731478711922837e-05,COMPLETE
128,0.46013339757919314,2025-04-16 15:03:10.687085,2025-04-16 15:03:19.389611,0 days 00:00:08.702526,0.4131757158651801,0.9036530188686412,16,0.04450290389278087,0.1285907561787702,0.060369235480507724,0.09007618529578494,0.009887236011196279,0.027152972392727247,0.011564228803695602,22,135,0.012970372228932665,0.04538576796772796,False,False,False,5.9690871776906156e-05,COMPLETE
129,0.5344823241233826,2025-04-16 15:03:19.431515,2025-04-16 15:03:28.011028,0 days 00:00:08.579513,0.3430736697264446,0.9324023828924977,16,0.034981663280919686,0.1445656368654448,0.06045149514379307,0.09214357917327964,0.005211800940347427,0.033843186962180395,8.862325017878387e-05,21,137,0.009664651491025302,0.03614095331300292,False,False,False,3.880147827491427e-05,COMPLETE
130,0.3083956897258759,2025-04-16 15:03:28.054036,2025-04-16 15:03:36.735658,0 days 00:00:08.681622,0.33881666709820796,0.9301267312531325,16,0.03758256013411079,0.1436697569772665,0.06177051540777868,0.09193682288884995,0.004256975005485244,0.03429326131170859,7.614757568214094e-05,21,139,0.005428273609807263,0.03685215927436916,False,False,False,4.096371137647269e-05,COMPLETE
131,0.5240178227424622,2025-04-16 15:03:36.779036,2025-04-16 15:03:45.580912,0 days 00:00:08.801876,0.38437947973535835,0.8963119473747769,16,0.047649548678956474,0.16313055150244135,0.05978651871027263,0.0876593465318513,0.0074769111959126795,0.024507108366341457,9.431461507341798e-05,23,136,0.010462286723889831,0.020570307782843494,False,False,False,2.750903255264477e-05,COMPLETE
132,0.4742849707603455,2025-04-16 15:03:45.625000,2025-04-16 15:03:54.480825,0 days 00:00:08.855825,0.301779926138689,0.9443624145165084,16,0.07795223879941955,0.15915301347060365,0.05450003838459437,0.04075010234872375,0.006871630819903635,0.027427493082318087,5.030872391731198e-05,23,136,0.008857427502005662,0.02056442941963582,False,False,False,2.4265892817263526e-05,COMPLETE
133,0.49447112083435063,2025-04-16 15:03:54.525077,2025-04-16 15:04:02.988339,0 days 00:00:08.463262,0.3845806460701087,0.8983670460243439,16,0.054754423454746085,0.13155615340555074,0.05729215713668529,0.08751921242693447,0.0046192405104302815,0.031195910430543195,8.943985411572572e-05,20,147,0.011259307176954498,0.0331594888831182,False,False,False,9.680897679387979e-05,COMPLETE
134,0.2109341323375702,2025-04-16 15:04:03.032760,2025-04-16 15:04:11.803922,0 days 00:00:08.771162,0.3590220145195126,0.967651742076422,16,0.048075537472400856,0.1655836730691055,0.05974518126371039,0.08907623547728674,0.00903461276221307,0.026460570896823125,0.0001755498282591442,23,133,0.006784771514566008,0.005781688825379161,False,False,False,6.896050376348959e-05,COMPLETE
135,0.5351720452308655,2025-04-16 15:04:11.848877,2025-04-16 15:04:20.408944,0 days 00:00:08.560067,0.3246744760319669,0.8767199934747576,16,0.03295206934098248,0.14985790057654536,0.06436477307953542,0.09196421603556025,0.002651484949761534,0.025033304792213946,0.0001087736086131656,21,141,0.009788299699122741,0.04510543748253272,False,False,False,4.8621703554480734e-05,COMPLETE
136,0.5374847650527954,2025-04-16 15:04:20.453363,2025-04-16 15:04:29.231080,0 days 00:00:08.777717,0.3278986633757556,0.8800232503254767,16,0.06123239059394603,0.14829913953171148,0.06462097955079753,0.09155528596060448,0.002637674761132968,0.02427285019295771,0.00010708915901877368,22,142,0.00975036507598706,0.04899581661953018,False,False,False,1.344610923516176e-05,COMPLETE
137,0.11789662837982179,2025-04-16 15:04:29.274721,2025-04-16 15:04:37.219784,0 days 00:00:07.945063,0.2511206259996788,0.879962910173053,16,0.06391609897935727,0.1484703873392771,0.06440296973018829,0.09248857532722363,0.0030161370393097563,0.02871316550932283,0.00011249853113527941,20,144,0.007946545939398475,0.04602173335413215,False,False,True,1.4860930399757322e-05,COMPLETE
138,0.17258363366127014,2025-04-16 15:04:37.275404,2025-04-16 15:04:45.347138,0 days 00:00:08.071734,0.30865240873861544,0.9395960815905613,16,0.030475819585343893,0.137723427872983,0.06622051427605842,0.09667079045895985,0.002270102938438084,0.024024937911844107,0.00015987796512903903,21,140,0.0037184110479430797,0.05206284244068702,False,True,False,4.805691116965866e-05,COMPLETE
139,0.5464704275131226,2025-04-16 15:04:45.392371,2025-04-16 15:04:54.039157,0 days 00:00:08.646786,0.2845596258129013,0.9192621808520092,16,0.042436521676508146,0.1453201728373584,0.06390322901643533,0.055701166058741966,0.006024466230186732,0.03415261490860769,0.00014415922356094196,22,141,0.015907338143813444,0.04476509918420084,False,False,False,8.62398300058664e-05,COMPLETE
140,0.5317684650421143,2025-04-16 15:04:54.084897,2025-04-16 15:05:02.800046,0 days 00:00:08.715149,0.2739372207522429,0.9176185732337743,16,0.043321009134939095,0.143133129938442,0.06278219324351719,0.04835993198052182,0.001153512714986856,0.033340522484674756,0.00019805053073749913,22,141,0.015607521890130174,0.05686826466746825,False,False,False,0.00010484614553517185,COMPLETE
141,0.5303097724914552,2025-04-16 15:05:02.846251,2025-04-16 15:05:11.524461,0 days 00:00:08.678210,0.27684272712564023,0.9213138591170601,16,0.04140216753167854,0.1423644033298099,0.06215501569543953,0.04974488092259776,0.005993211165353626,0.033377932889632415,0.00020284497495034245,22,141,0.01609240432930805,0.05754013297847371,False,False,False,0.0001132931587821419,COMPLETE
142,0.5327997088432312,2025-04-16 15:05:11.570008,2025-04-16 15:05:20.281492,0 days 00:00:08.711484,0.2689994855357612,0.9195690454452334,16,0.04314965223368011,0.14281518469850205,0.062416500968249064,0.048452008997145454,0.001180168646431652,0.035054763433202046,0.00019232676934202402,22,141,0.015838865869844714,0.05738374618792813,False,False,False,0.00011207484831439716,COMPLETE
143,0.5530432939529419,2025-04-16 15:05:20.326948,2025-04-16 15:05:29.123782,0 days 00:00:08.796834,0.22095081848014775,0.9134999636355277,16,0.04228524976235137,0.14373692457153095,0.06282389163768601,0.05156890999949824,0.004812203208916982,0.033480110658028424,0.00014618500153753945,22,140,0.014810386970162055,0.05858158571906972,False,False,False,8.893634618163577e-05,COMPLETE
144,0.5519481897354126,2025-04-16 15:05:29.171846,2025-04-16 15:05:37.905200,0 days 00:00:08.733354,0.19929328932818585,0.9141067121091608,16,0.06073541862013397,0.11257674143854121,0.06402001224865266,0.052946713284843364,0.001975713474133764,0.03632303156889027,0.00015134142671757573,22,138,0.0117131972622823,0.04320308357547539,False,False,False,8.85795949909898e-05,COMPLETE
145,0.5526933073997498,2025-04-16 15:05:37.954153,2025-04-16 15:05:46.650914,0 days 00:00:08.696761,0.21653621478884574,0.8885342368423993,16,0.06820071081884024,0.1151890057663121,0.056320179167778164,0.0545187938668872,0.011731716230581352,0.0358895368666277,0.00014868297297158803,22,138,0.012015250166685493,0.04168656601896139,False,False,False,5.837490161187251e-05,COMPLETE
146,0.5526750326156616,2025-04-16 15:05:46.698073,2025-04-16 15:05:55.585442,0 days 00:00:08.887369,0.16105741375099644,0.8838768721914181,16,0.07066276879531085,0.10137472527281723,0.05642402131889475,0.05382843654731434,0.004771757386157902,0.0380086280399189,0.00014993338396640814,24,138,0.009955977147137541,0.04197110488503506,False,False,False,5.919704755871036e-05,COMPLETE
147,0.5582699775695801,2025-04-16 15:05:55.633165,2025-04-16 15:06:04.575369,0 days 00:00:08.942204,0.18248204257898493,0.8700836386156033,16,0.07266862319660058,0.09461606350260156,0.055582498064006024,0.05452606545889212,0.011669492531828179,0.038813471189094374,0.0001469615155855476,24,138,0.011137311036166941,0.0399160293479699,False,False,False,5.8618183162305764e-05,COMPLETE
148,0.3912700355052948,2025-04-16 15:06:04.623256,2025-04-16 15:06:13.812228,0 days 00:00:09.188972,0.162902756341313,0.8692139603661212,16,0.07212302081124858,0.09583275732182539,0.04879589103434712,0.056198110969530014,0.011338848385833296,0.03753599647820142,0.00013526333568280552,24,145,0.012217627007589679,0.041273908438695675,True,False,False,5.881085294744633e-05,COMPLETE
149,0.5533743262290954,2025-04-16 15:06:13.862126,2025-04-16 15:06:22.764541,0 days 00:00:08.902415,0.18105538157772957,0.8601601083103327,16,0.05877815901943481,0.10713815515816985,0.050989652912360635,0.051726616267423996,0.013073099230832429,0.0398039732777034,0.0001437645669300681,24,139,0.009878998006289153,0.028280372685413994,False,False,False,3.237713086359803e-05,COMPLETE
150,0.4855865120887757,2025-04-16 15:06:22.813020,2025-04-16 15:06:44.605075,0 days 00:00:21.792055,0.1815857954106012,0.8485116844563295,2,0.08845237446667117,0.10744868091942344,0.05086315569946033,0.05273986918507566,0.012303844690050088,0.038396675458833796,0.0001540446430333675,24,81,0.013146470873629431,0.029470064987199257,False,False,False,6.627995968730493e-05,COMPLETE
151,0.5639917612075807,2025-04-16 15:06:44.662619,2025-04-16 15:06:53.430784,0 days 00:00:08.768165,0.08629348330330469,0.8879834766972586,16,0.06273854360779405,0.11529239564434585,0.05526868595920451,0.055610459681613676,0.007894449273860255,0.040527066826806804,0.00010539435188605227,23,138,0.009951831472546614,0.04978354639398436,False,False,False,3.9879549710464975e-05,COMPLETE
152,0.5616602659225464,2025-04-16 15:06:53.480427,2025-04-16 15:07:02.286706,0 days 00:00:08.806279,0.060200121981363,0.8848377875094569,16,0.06735054663270518,0.09019218581530354,0.052558784466514546,0.05542132877592467,0.008827949369505365,0.038936518906877784,0.00014376450358787084,23,133,0.011335683966644722,0.05116299008232407,False,False,False,3.2083407627443035e-05,COMPLETE
153,0.548263692855835,2025-04-16 15:07:02.335703,2025-04-16 15:07:11.114853,0 days 00:00:08.779150,0.06915638982558009,0.8583856596814349,16,0.0825948687628351,0.0869380461986888,0.053223532250942285,0.05374818377553733,0.008854366278290624,0.04009273324985068,0.00015306757214482469,23,133,0.011360217364018205,0.026664819687884193,False,False,False,8.22229322121877e-05,COMPLETE
154,0.5514387726783753,2025-04-16 15:07:11.164870,2025-04-16 15:07:20.028868,0 days 00:00:08.863998,0.03647588896117075,0.8552015285617238,16,0.08039882684441244,0.08227886208562836,0.053416867559765484,0.05444230818028837,0.00879866466809453,0.03630102532199683,0.0001413766563464248,24,138,0.01174943585419879,0.03926743345228349,False,False,False,3.547172842812114e-05,COMPLETE
155,0.5457056641578675,2025-04-16 15:07:20.078981,2025-04-16 15:07:29.000280,0 days 00:00:08.921299,0.06060200783020126,0.856270079108478,16,0.08155840847590946,0.08635593655227855,0.052509211143272956,0.05694503580300866,0.009038345900201835,0.03914133585361368,0.0001430389690786055,24,138,0.011642230171655452,0.02935737028881069,False,False,False,3.265989064304482e-05,COMPLETE
156,0.5498620867729187,2025-04-16 15:07:29.050060,2025-04-16 15:07:38.016823,0 days 00:00:08.966763,0.06837333188021164,0.8559857281695594,16,0.08283859010349269,0.08590683660610775,0.05303748758401295,0.05538235656026153,0.01397783840495289,0.03976197812620266,0.00014433944720611594,25,138,0.011696220922336187,0.028765299799376618,False,False,False,3.337737432070796e-05,COMPLETE
157,0.3111951470375061,2025-04-16 15:07:38.068336,2025-04-16 15:07:47.090731,0 days 00:00:09.022395,0.08543383455005216,0.8419405646663604,16,0.10102821003771285,0.07223676533335771,0.04668479697041708,0.05520432894720903,0.013410602570889555,0.03942572003017984,0.0001244716048313977,25,131,0.004712715044562155,0.034855251349341886,False,False,False,3.930573206079453e-05,COMPLETE
158,0.5468667387962342,2025-04-16 15:07:47.141133,2025-04-16 15:07:55.993704,0 days 00:00:08.852571,0.025422313513288358,0.8623290002928929,16,0.06906519067379341,0.10228519559253284,0.05541611498932977,0.059122533843195824,0.007219979352289567,0.03597784009995061,0.00012886747535823697,23,132,0.013841126270696683,0.02678149436822985,False,False,False,2.0904322547594453e-05,COMPLETE
159,0.5464714765548706,2025-04-16 15:07:56.044761,2025-04-16 15:08:05.020902,0 days 00:00:08.976141,0.03189334239879956,0.8610390487058567,16,0.06867841662967522,0.10313869658846242,0.0434404795537711,0.06057286984422869,0.007719972168066508,0.03611010251046369,0.00011618527196041502,25,131,0.013920892168784218,0.026610773598531257,False,False,False,1.8634672310872347e-05,COMPLETE
160,0.10636437982320786,2025-04-16 15:08:05.072303,2025-04-16 15:08:13.399883,0 days 00:00:08.327580,0.1219180229792412,0.8818169573113356,16,0.06885155058653775,0.09145045558281206,0.055507643161394005,0.053180559135342406,0.014121907719305726,0.04083634211921227,0.00015932243682008088,24,133,0.01103879094792446,0.038994122440182376,False,False,True,2.2453968674244004e-05,COMPLETE
161,0.536215317249298,2025-04-16 15:08:13.452153,2025-04-16 15:08:22.251492,0 days 00:00:08.799339,0.010614142726045963,0.8510196489985634,16,0.06827059750365576,0.10525445918606202,0.05361082906254588,0.06078636233775108,0.008162320454573657,0.036244482919160256,0.00010779420604788317,23,131,0.013263123630208373,0.026123109344474697,False,False,False,2.9597769166469653e-05,COMPLETE
162,0.5270194053649903,2025-04-16 15:08:22.312566,2025-04-16 15:08:31.307255,0 days 00:00:08.994689,0.04413514388545862,0.8646969660697343,16,0.07759233885572972,0.11619492371122535,0.04243933328294221,0.05927104793531385,0.010859995367875859,0.04539368012048585,0.00012076736169052951,25,138,0.014213617245871057,0.013347763998854992,False,False,False,1.8233072677805797e-05,COMPLETE
163,0.2611877143383026,2025-04-16 15:08:31.360070,2025-04-16 15:08:40.242300,0 days 00:00:08.882230,0.0708208658943624,0.8312603289638874,16,0.09516843000640085,0.10018141443103178,0.05626526472888471,0.045003921468285725,0.007489934804295042,0.035706225151221044,8.321737327798507e-05,24,125,0.007815532896354817,0.02750028530982032,False,False,False,4.744925393194541e-05,COMPLETE
164,0.5517008185386658,2025-04-16 15:08:40.295018,2025-04-16 15:08:49.388935,0 days 00:00:09.093917,0.19574172217970942,0.8627398669818137,16,0.08588129671831927,0.08449201263625461,0.05021337792924425,0.051584603647050156,0.012006196839391445,0.039900141996574254,0.00014032518465814477,26,131,0.011587613323769197,0.032333379442686765,False,False,False,3.2426327561105936e-05,COMPLETE
165,0.38628534078598026,2025-04-16 15:08:49.442005,2025-04-16 15:08:58.228097,0 days 00:00:08.786092,0.184391252524432,0.9006883771133487,16,0.057829061425959866,0.08267224383166534,0.053334025047167714,0.05375663680775287,0.015693472273159582,0.04113517804989856,0.00014884819786973615,23,138,0.09228313209308772,0.0325332367164159,False,False,False,3.4179192190838344e-05,COMPLETE
166,0.5519560813903809,2025-04-16 15:08:58.281439,2025-04-16 15:09:07.406168,0 days 00:00:09.124729,0.11610485967053237,0.8831851367314453,16,0.08745791735948574,0.0775699308686793,0.04996019339768005,0.05050746231381879,0.012111352585978428,0.039521671426447545,0.00025518987497812604,26,134,0.011605421708376694,0.03768974550109622,False,False,False,2.6184314173748203e-05,COMPLETE
167,0.10873277336359025,2025-04-16 15:09:07.459188,2025-04-16 15:09:15.833857,0 days 00:00:08.374669,0.11948497329161352,0.8865028829461185,16,0.08003823151111972,0.068126940897497,0.0481258224950657,0.050090337785115346,0.012309143555112314,0.039479779468597515,0.00024182778238748858,26,135,0.011390477704018303,0.04038601170089178,False,True,False,5.194854318590242e-05,COMPLETE
