number,value,datetime_start,datetime_complete,duration,params_alpha-eval,params_alpha-train,params_batch-size,params_eps-eval,params_eps-train,params_lambda-actions-eval,params_lambda-actions-train,params_lambda-frames-eval,params_lambda-frames-train,params_learning-rate,params_n-epochs,params_n-frames,params_radius-gw,params_rho,params_std-feats,params_ub-actions,params_ub-frames,params_weight-decay,state
1975,0.3386658906936646,2025-04-17 01:03:53.192182,2025-04-17 01:04:15.867163,0 days 00:00:22.674981,0.5952394141495192,0.9996792088749819,2,0.10034428800401812,0.22827161026912013,0.08945807712741215,0.09988091331417,0.08305257035454403,0.05868831298124918,5.007879305778224e-05,25,126,0.0058332492806096765,0.26652507349588983,False,False,False,0.00019628150104463007,COMPLETE
1976,0.5355309844017029,2025-04-17 01:04:16.530816,2025-04-17 01:04:39.681531,0 days 00:00:23.150715,0.6326792593288282,0.965531229575204,2,0.12057087845174291,0.07889220756300135,0.09155636718824074,0.09629225844971809,0.08003409093651169,0.06888799701627729,3.6467811664871526e-05,26,106,0.010879729677155947,0.2502684822870582,False,False,False,1.1728903691846281e-05,COMPLETE
1977,0.08683484643697739,2025-04-17 01:04:40.347393,2025-04-17 01:04:59.907425,0 days 00:00:19.560032,0.6107826684273827,0.9528915721319887,2,0.08799139527924554,0.21304340183295112,0.09412198693655481,0.09397281515885102,0.06487452120341876,0.07225028992826063,9.225687170349776e-05,24,132,0.0027608198757297607,0.26091348271226306,False,False,True,5.80850094605657e-06,COMPLETE
1978,0.21061698496341705,2025-04-17 01:05:00.555241,2025-04-17 01:05:09.173234,0 days 00:00:08.617993,0.03361912108238285,0.9823256508940796,16,0.08347475471621894,0.15993938760626297,0.08721248848910605,0.01607324054460982,0.07742909789035607,0.07647764612707221,5.5293829067284e-05,27,125,0.007981841791086223,0.26983161687874535,False,True,False,4.3356882812667325e-05,COMPLETE
1979,0.5775771260261536,2025-04-17 01:05:09.835279,2025-04-17 01:05:33.074270,0 days 00:00:23.238991,0.581565896363896,0.9147850025139445,2,0.0954855555306571,0.21739730528539009,0.09738275711408423,0.0418934785598545,0.0814801374712694,0.061056777849943,4.157415371866889e-05,26,129,0.015551605365676346,0.25431205191702405,False,False,False,2.160088238458573e-05,COMPLETE
1980,0.5640257716178894,2025-04-17 01:05:33.715571,2025-04-17 01:05:56.236133,0 days 00:00:22.520562,0.5584840610545301,0.9998747330895981,2,0.10681379688331293,0.22582914448268,0.03772205871614395,0.09826137518228358,0.06855781980699399,0.06729202635207082,6.971658980542894e-05,25,122,0.012480069257836695,0.24714330865920994,False,False,False,2.9067814559905076e-05,COMPLETE
1981,0.6043387293815613,2025-04-17 01:05:56.896729,2025-04-17 01:06:20.066837,0 days 00:00:23.170108,0.7019218362851167,0.9375069579206194,2,0.11079830420167731,0.2995677857021301,0.0895792330577392,0.06937880707403853,0.08506002370016261,0.0743009779297551,4.893067512680869e-05,26,132,0.010376016595732776,0.262296990880404,False,False,False,1.3934355164239799e-05,COMPLETE
1982,0.3401853680610657,2025-04-17 01:06:20.740226,2025-04-17 01:06:44.595678,0 days 00:00:23.855452,0.6594523149252464,0.9670511757664649,2,0.10294732802254578,0.2340125331711087,0.09193909882199437,0.0962374424614434,0.07891119148574227,0.07054799798806569,3.402533556162791e-05,27,126,0.006301997272168848,0.27747036530382735,False,False,False,9.498467863141302e-06,COMPLETE
1983,0.5570246815681458,2025-04-17 01:06:45.229443,2025-04-17 01:07:07.180716,0 days 00:00:21.951273,0.6306266705936713,0.9532453715766198,2,0.12676111767753434,0.06226478735366017,0.09447032782886373,0.09320407965378082,0.07556932850012456,0.0792556651775365,4.210025128564409e-05,24,129,0.013416960072087038,0.13524643487485324,False,False,False,1.826230692099906e-05,COMPLETE
1984,0.5880754590034485,2025-04-17 01:07:07.842037,2025-04-17 01:07:30.329508,0 days 00:00:22.487471,0.5836496629816696,0.978911441647879,2,0.09156701547753039,0.22250812922715169,0.08791686367590953,0.09506143529101987,0.08688834006908887,0.054951150525777225,5.7080882815696606e-05,25,117,0.009661340909320505,0.25598328862038683,False,False,False,3.551678878711818e-05,COMPLETE
1985,0.32869466543197634,2025-04-17 01:07:30.996003,2025-04-17 01:07:54.392317,0 days 00:00:23.396314,0.6848817834334541,0.9999919327209136,2,0.11745739999817512,0.23102076117744394,0.09605298622730704,0.0969930634150001,0.08290688430752649,0.06309948115195499,7.583980559437756e-05,26,124,0.004029820210712603,0.24672792667104546,False,False,False,2.3724552306484105e-05,COMPLETE
1986,0.34330825209617616,2025-04-17 01:07:55.030431,2025-04-17 01:08:18.436109,0 days 00:00:23.405678,0.5483400456959369,0.9338154835268816,2,0.09981004556874465,0.204172932519205,0.09117319397334597,0.09998472931858861,0.08119396911910226,0.07281839648536914,6.385949503514483e-05,26,132,0.011414124739918563,0.2645197126719322,True,False,False,7.783272606850501e-06,COMPLETE
1987,0.3503011345863342,2025-04-17 01:08:19.099220,2025-04-17 01:08:41.887607,0 days 00:00:22.788387,0.6055993385693836,0.8968465125817733,2,0.08329986864513945,0.22124321044543435,0.09358533071015764,0.09329081755629852,0.07101253157133065,0.07733820469559868,2.765021042693814e-05,25,128,0.016036597990123743,0.27243848372701385,False,False,False,5.284989389371519e-05,COMPLETE
1988,0.3345523059368134,2025-04-17 01:08:42.559982,2025-04-17 01:09:05.339661,0 days 00:00:22.779679,0.6459031394739357,0.970702929801012,2,0.11285772733939045,0.07078088716332341,0.0872973820094611,0.0967846751141306,0.08925185861756027,0.0814165615257328,4.5656898296384575e-05,25,122,0.0071106357759864415,0.2522368072169647,False,False,False,1.2654365334356999e-05,COMPLETE
1989,0.3765169501304627,2025-04-17 01:09:05.980403,2025-04-17 01:09:29.752238,0 days 00:00:23.771835,0.5659451490178369,0.9181482273108165,2,0.13768103022566275,0.2343123340461936,0.08639053358504044,0.09994687122563078,0.08405288950814692,0.07495391183993551,3.74497309103442e-05,27,131,0.09467438143937867,0.2579597529686992,False,False,False,3.0003242588253437e-05,COMPLETE
1990,0.5991359114646911,2025-04-17 01:09:30.417151,2025-04-17 01:09:52.221360,0 days 00:00:21.804209,0.6154418833725571,0.951702266956212,2,0.12302957089106599,0.19339854994185474,0.08982892255036774,0.09513283716918608,0.07893745836035806,0.06018172890645565,5.271866931197492e-05,24,127,0.008933783212630837,0.24706437760747357,False,False,False,1.5832732917590886e-05,COMPLETE
1991,0.3157105088233948,2025-04-17 01:09:52.887996,2025-04-17 01:10:16.167792,0 days 00:00:23.279796,0.584694880363845,0.980738093092971,2,0.10655097636485367,0.21480499883423465,0.09253353714880577,0.09842054147513891,0.06690623521334843,0.06477992575018446,3.265787485476834e-05,26,88,0.045512369843740436,0.2678428941803113,False,False,False,0.0001173116573718374,COMPLETE
1992,0.5867828726768494,2025-04-17 01:10:16.809439,2025-04-17 01:10:39.305329,0 days 00:00:22.495890,0.660680903544019,0.9535343343871079,2,0.09600597808331335,0.22629317679183295,0.0891867268949336,0.09303953912672702,0.07331393570287344,0.07081307947027296,4.0521456965598106e-05,25,120,0.01384634261990325,0.25659030788867965,False,False,False,1.0107221542402538e-05,COMPLETE
1993,0.3872665464878083,2025-04-17 01:10:39.972637,2025-04-17 01:10:51.053103,0 days 00:00:11.080466,0.5442977828030658,0.9307369616346995,2,0.08910385490804679,0.21050291682911101,0.08558457820683463,0.0967811630629715,0.08623749902601403,0.0685923102642106,5.328647311212914e-05,6,125,0.011618676213806928,0.26140937630275907,False,False,False,5.981766862490812e-06,COMPLETE
1994,0.08728690594434738,2025-04-17 01:10:51.700114,2025-04-17 01:11:12.714256,0 days 00:00:21.014142,0.6221822054789481,0.9805285530614164,2,0.1160069235909747,0.2362861776385196,0.09050066455981584,0.0950322520714572,0.08150246028762742,0.07579611758517675,6.655471446161482e-05,27,132,0.007794576468916545,0.24376978998199714,False,False,True,3.6393592013692065e-05,COMPLETE
1995,0.46121995449066167,2025-04-17 01:11:13.379557,2025-04-17 01:11:36.817657,0 days 00:00:23.438100,0.5920309878820492,0.9646296271301521,2,0.10289872923191935,0.23019387481229758,0.09546734840619871,0.0983056226652827,0.08312592046207894,0.07340046907755797,8.337022837917547e-05,26,129,0.032140411139281774,0.25167328120605703,False,False,False,2.0168192317656494e-05,COMPLETE
1996,0.5874626994132996,2025-04-17 01:11:37.483597,2025-04-17 01:12:00.146090,0 days 00:00:22.662493,0.5637238030139509,0.9438614979136845,2,0.12962308005205775,0.21858328479317796,0.09943069709251673,0.09318530721008773,0.07735261009081601,0.057449706548705695,4.6363046245163314e-05,25,124,0.01387931046127915,0.271621457917169,False,False,False,2.501133350244181e-05,COMPLETE
1997,0.1415013700723648,2025-04-17 01:12:00.791791,2025-04-17 01:12:20.190479,0 days 00:00:19.398688,0.6416127599347702,0.9170482363519165,2,0.11073794911627546,0.2242300459101518,0.09373794946947124,0.01278796632369246,0.08037443534461053,0.0663921914986403,5.9381387688599925e-05,24,129,0.010260866209975917,0.2652816970678592,False,True,False,7.84554531352905e-06,COMPLETE
1998,0.5916996479034424,2025-04-17 01:12:20.849797,2025-04-17 01:12:44.624434,0 days 00:00:23.774637,0.6025370542862286,0.706877167735744,2,0.09731844726493218,0.23519428171855872,0.08578030578091937,0.01780914304344158,0.0610916151751939,0.07776539426222848,3.9044141270582696e-05,27,113,0.016158818657935097,0.2513825929782038,False,False,False,1.2892502528708863e-05,COMPLETE
1999,0.613899827003479,2025-04-17 01:12:45.293027,2025-04-17 01:13:08.646285,0 days 00:00:23.353258,0.5396105355025422,0.9842603463380756,2,0.09108815748242674,0.20239495190553072,0.08857236304765599,0.09551314912886077,0.08792801943177823,0.06203479994224269,4.890844286650557e-05,26,132,0.011633539102045523,0.2575173921314743,False,False,False,4.324410814206936e-05,COMPLETE
