number,value,datetime_start,datetime_complete,duration,params_alpha-eval,params_alpha-train,params_batch-size,params_eps-eval,params_eps-train,params_lambda-actions-eval,params_lambda-actions-train,params_lambda-frames-eval,params_lambda-frames-train,params_learning-rate,params_n-epochs,params_n-frames,params_radius-gw,params_rho,params_std-feats,params_ub-actions,params_ub-frames,params_weight-decay,state
672,0.4295603632926941,2025-04-16 16:54:20.049460,2025-04-16 16:54:43.281010,0 days 00:00:23.231550,0.5738183496907662,0.9811419692490931,2,0.07955768865902563,0.06818494172830405,0.06730816088904838,0.020257822116726217,0.059725273431598294,0.0748474630678103,2.2653496052223327e-05,26,120,0.016143385081191976,0.22724057180095397,False,False,False,0.0005290648910584287,COMPLETE
673,0.5901321172714233,2025-04-16 16:54:43.490046,2025-04-16 16:55:07.252163,0 days 00:00:23.762117,0.5857603133430461,0.9726979519855399,2,0.09974155854935218,0.07432351673289446,0.06916204128560881,0.017168480485392268,0.06370572433434508,0.07914898584216971,3.87707429731912e-05,27,124,0.014129909574481767,0.23467426038567413,False,False,False,1.2948729298820489e-05,COMPLETE
674,0.4907256007194519,2025-04-16 16:55:07.475165,2025-04-16 16:55:31.132317,0 days 00:00:23.657152,0.5888773511580021,0.9786794663137597,2,0.10048419359623188,0.09679022141564575,0.06689122129743412,0.01771407648422486,0.06536562260752199,0.07983407045341082,2.6580138735504848e-05,27,128,0.013742918443520095,0.23684443476041447,False,False,False,0.0006469209897792861,COMPLETE
675,0.591447126865387,2025-04-16 16:55:31.342037,2025-04-16 16:55:54.954734,0 days 00:00:23.612697,0.5581879592690997,0.9993161913780177,2,0.08423364202304709,0.06410125885887642,0.06957381574371706,0.017163491897541693,0.06359143734972733,0.0782962520524712,4.237266097046725e-05,27,122,0.014372823876832148,0.23550703943095236,False,False,False,1.3119850844517936e-05,COMPLETE
676,0.568209993839264,2025-04-16 16:55:55.177521,2025-04-16 16:56:19.062253,0 days 00:00:23.884732,0.562446024205439,0.9982854788439719,2,0.10131526138287213,0.06079216065411867,0.07000274280163969,0.02123434800044509,0.06111700159760134,0.07904880453089046,3.0602289728974816e-05,27,121,0.013852097968251454,0.22443538485018874,False,False,False,1.8347139477314273e-05,COMPLETE
677,0.09583500474691391,2025-04-16 16:56:19.275520,2025-04-16 16:56:40.079306,0 days 00:00:20.803786,0.6060463639714766,0.9477273313029219,2,0.0944335298916566,0.06358043694286283,0.06864436850696315,0.016851709701096833,0.06351625024156896,0.0813984886254522,4.522106663460263e-05,27,119,0.01585524255547673,0.2351250145357642,False,False,True,6.703290625625626e-06,COMPLETE
678,0.5960660934448242,2025-04-16 16:56:40.302692,2025-04-16 16:57:03.927294,0 days 00:00:23.624602,0.621363574925588,0.9695851743376868,2,0.07988533497928811,0.07064896457706313,0.07154720299782237,0.02246255072211753,0.06530790506396765,0.07678632429925682,4.3612679285777464e-05,27,123,0.014051067607005481,0.23889125823297025,False,False,False,2.2299074346144032e-05,COMPLETE
679,0.1032019704580307,2025-04-16 16:57:04.155077,2025-04-16 16:57:24.314692,0 days 00:00:20.159615,0.6725049821535303,0.964664630934091,2,0.07831602791847257,0.0719340623514666,0.06906603452393054,0.021979349783393273,0.06364484171502634,0.0772714592488366,4.25405463229218e-05,26,122,0.015734636757193114,0.23884448256735136,False,True,False,8.373690843141561e-06,COMPLETE
680,0.5593138217926026,2025-04-16 16:57:24.528332,2025-04-16 16:57:48.159383,0 days 00:00:23.631051,0.6523475751401039,0.9367743624219491,2,0.08256836321445547,0.056948070901830614,0.07004370264500175,0.02245708149997602,0.062194501204020716,0.07271853312491645,3.2237299274075556e-05,27,128,0.01309337568675487,0.23144747002722502,False,False,False,1.4778272870324814e-05,COMPLETE
681,0.5886423587799072,2025-04-16 16:57:48.388808,2025-04-16 16:58:12.133921,0 days 00:00:23.745113,0.6381737127701853,0.9755658225065934,2,0.0838423257975276,0.0806719928919195,0.07136228059447888,0.020449619985036124,0.05870430819812736,0.07651088360124585,3.6180694115147984e-05,27,120,0.01440164139933921,0.22153858205775032,False,False,False,1.543704714871068e-05,COMPLETE
682,0.34400461316108705,2025-04-16 16:58:12.348184,2025-04-16 16:58:36.139454,0 days 00:00:23.791270,0.6260194482616088,0.9521356185511403,2,0.07512029819434393,0.06578529773041394,0.06609997605179121,0.017875110738711394,0.06548764970668089,0.07909971974650673,3.7431300048777445e-05,27,48,0.016847942936144857,0.23480906290988554,False,False,False,3.246599808353263e-05,COMPLETE
683,0.5886364459991456,2025-04-16 16:58:36.365776,2025-04-16 16:58:59.579925,0 days 00:00:23.214149,0.6026275365246099,0.9789782520844879,2,0.09297309040025155,0.07724721295382797,0.07206330718819956,0.022775673574330697,0.06067105669110127,0.07151571629195222,4.286016211136547e-05,26,122,0.013649157276039357,0.2388321893372316,False,False,False,1.4577965905341043e-05,COMPLETE
684,0.4440764307975769,2025-04-16 16:58:59.793230,2025-04-16 16:59:23.016195,0 days 00:00:23.222965,0.5880980406873668,0.9996316383691973,2,0.07923236116866006,0.04965358825096558,0.07298603753789408,0.01835271981028481,0.06572830704786435,0.08185581467677577,3.0189132919560787e-05,26,126,0.013332399183014144,0.22875380573056261,False,False,False,2.604237707897711e-05,COMPLETE
685,0.3935889840126038,2025-04-16 16:59:23.246035,2025-04-16 16:59:46.917493,0 days 00:00:23.671458,0.5751078667709976,0.9711197592813317,2,0.08489471968427843,0.08099319125282775,0.06950947387120693,0.021036544890373664,0.059605487273979706,0.07892255567257585,2.5650686730057324e-05,27,128,0.06350699747329933,0.24191644912267432,False,False,False,1.2990925363864764e-05,COMPLETE
686,0.5864187717437744,2025-04-16 16:59:47.133774,2025-04-16 17:00:10.683689,0 days 00:00:23.549915,0.6094235503009509,0.94316261170011,2,0.09812255898378643,0.07222150444138378,0.07128455046047052,0.01949559667750559,0.06325984521769279,0.07636402112890919,4.1050479923611155e-05,27,119,0.015895077008722017,0.22781899138480177,False,False,False,2.3965174883909622e-05,COMPLETE
687,0.37094815969467165,2025-04-16 17:00:10.910458,2025-04-16 17:00:34.804146,0 days 00:00:23.893688,0.5528825642488995,0.9299427347435629,2,0.0885842258569064,0.06050050194227792,0.06862991397004312,0.01653442948694592,0.0617831806684546,0.08279098940294875,4.683422838427518e-05,27,123,0.012685360371492493,0.24074107421880567,True,False,False,1.0672757347648677e-05,COMPLETE
688,0.5828147649765014,2025-04-16 17:00:35.033419,2025-04-16 17:00:58.321162,0 days 00:00:23.287743,0.5699604420789767,0.9705163163276909,2,0.10118826797940512,0.07046861248773739,0.06759306905495743,0.01955667740972863,0.06269069966161304,0.08029128501244025,3.70742491658028e-05,26,129,0.01455042119312053,0.22466704804561982,False,False,False,1.9320773126475683e-05,COMPLETE
689,0.581499707698822,2025-04-16 17:00:58.537256,2025-04-16 17:01:22.409556,0 days 00:00:23.872300,0.6263200968370601,0.9813871665687968,2,0.07740499404343391,0.09462082244391196,0.07366618934520963,0.016494366590275086,0.06649482421793869,0.07381491241315641,4.613066103699324e-05,27,125,0.01653721488894819,0.23259558612341072,False,False,False,1.2235285231014196e-05,COMPLETE
690,0.5686920046806336,2025-04-16 17:01:22.638206,2025-04-16 17:01:46.282847,0 days 00:00:23.644641,0.536916695967714,0.9511269446288254,2,0.0935969083262817,0.07858881866003384,0.06598648768516491,0.022655684760174145,0.05603397989124682,0.06914852391180734,3.316733998524555e-05,27,129,0.012404343397867204,0.21854087319222562,False,False,False,1.144720184799256e-05,COMPLETE
691,0.6100641369819642,2025-04-16 17:01:46.500224,2025-04-16 17:02:09.569375,0 days 00:00:23.069151,0.6593019342927925,0.9631509546365435,2,0.08660692488518427,0.09845394345499393,0.0697547841799057,0.01862561310888154,0.06537912537618731,0.07820306179224297,4.4753760314483576e-05,26,126,0.013618325506712943,0.2421002287663413,False,False,False,1.0391182721755398e-05,COMPLETE
692,0.589984142780304,2025-04-16 17:02:09.797885,2025-04-16 17:02:33.055564,0 days 00:00:23.257679,0.5955898629036663,0.9815199349961035,2,0.0879480477632999,0.10096428214251313,0.07155497838851475,0.01863847069307349,0.0647933529793291,0.07847668935393443,4.625769027510223e-05,26,122,0.012514350441273282,0.24478766089463835,False,False,False,8.527188279720075e-06,COMPLETE
693,0.5852518558502198,2025-04-16 17:02:33.272658,2025-04-16 17:02:56.190169,0 days 00:00:22.917511,0.6591993189702993,0.9648084952208522,2,0.09859790786285971,0.09272367719751778,0.06946375121358707,0.020554652429678785,0.0692238094150012,0.07605332231393662,4.811084420768193e-05,26,119,0.01453858117632234,0.2390745605471119,False,False,False,9.89430067283249e-06,COMPLETE
694,0.31654111146926883,2025-04-16 17:02:56.419388,2025-04-16 17:03:19.680678,0 days 00:00:23.261290,0.5604657158594987,0.9492585507351619,2,0.09152306592849282,0.08643480567371624,0.06997940699102866,0.016991618971531793,0.06503340587555745,0.08018081196436048,2.9049338906563226e-05,26,125,0.07879011958499593,0.23426107976236535,False,False,False,1.2296121114778057e-05,COMPLETE
695,0.5657429218292237,2025-04-16 17:03:19.897026,2025-04-16 17:03:43.681539,0 days 00:00:23.784513,0.644413763691288,0.9853599657603658,2,0.07337180514178043,0.0826818003504004,0.07282992314919631,0.015931383359339652,0.06752688206122877,0.07761158823621693,3.730965302021337e-05,27,122,0.016771114104130336,0.24252418729195857,False,False,False,8.168787702453703e-06,COMPLETE
696,0.4022209882736206,2025-04-16 17:03:43.911200,2025-04-16 17:04:06.967164,0 days 00:00:23.055964,0.6309037926121881,0.9940913011002481,2,0.08177130008668226,0.06540981749004202,0.06664501228685492,0.02280770132436618,0.05989217357738586,0.08318682262456664,1.9467506284581846e-05,26,127,0.012992665471229362,0.2439492373533197,False,False,False,2.084577059149879e-05,COMPLETE
697,0.09076598435640335,2025-04-16 17:04:07.199092,2025-04-16 17:04:27.919142,0 days 00:00:20.720050,0.6790472547036484,0.9625449986156224,2,0.10443681993047896,0.07484276767258359,0.07113812844865668,0.020372001769944692,0.06403754910461897,0.07467836168296879,4.4884963024844e-05,27,34,0.011807473012381975,0.23709956970146748,False,False,True,7.921390585796561e-06,COMPLETE
698,0.5868173480033875,2025-04-16 17:04:28.135447,2025-04-16 17:04:51.864209,0 days 00:00:23.728762,0.581128696484817,0.9981242689834448,2,0.08481844629980594,0.09927845337183985,0.0734428138339969,0.018300855798240125,0.05603494017707541,0.08066870587462352,3.502511243113331e-05,27,125,0.014837143349061763,0.23294375464643188,False,False,False,1.8788733341279666e-05,COMPLETE
699,0.10037662237882614,2025-04-16 17:04:52.096454,2025-04-16 17:05:12.855519,0 days 00:00:20.759065,0.6123207709797294,0.9326564233214645,2,0.0929262367423104,0.09198506497256635,0.06850233230004044,0.015752703528083018,0.06105430945562466,0.07694692275750697,4.697899292628121e-05,27,118,0.011750936150690654,0.2450443775997793,False,True,False,5.5167213963275e-06,COMPLETE
700,0.5329035997390748,2025-04-16 17:05:13.075553,2025-04-16 17:05:36.124822,0 days 00:00:23.049269,0.6628598820534413,0.9641949773330722,2,0.09765743000418772,0.06810785499289809,0.0669686367687231,0.018846468800438165,0.05843759184381328,0.07896556310733949,4.133958332466171e-05,26,123,0.016609705896366532,0.23822031529329854,False,False,False,1.6565555526275898e-05,COMPLETE
701,0.3797521829605103,2025-04-16 17:05:36.357588,2025-04-16 17:05:58.908489,0 days 00:00:22.550901,0.527664706419281,0.9986989966572267,2,0.08705813584868388,0.2457581171514071,0.07000016420859331,0.02243372898170771,0.06672257574304594,0.08166150023003846,2.5151294094092944e-05,25,127,0.01377707644735453,0.22646329272307422,False,False,False,1.344578312429374e-05,COMPLETE
702,0.3364951014518738,2025-04-16 17:05:59.126685,2025-04-16 17:06:22.521071,0 days 00:00:23.394386,0.5388683257487689,0.9472644454919457,2,0.07252076692665284,0.08031122033728566,0.03469322235406375,0.01825544754614637,0.05470865642619307,0.07636815776135945,3.5015321648155e-05,26,5,0.012548175225971785,0.23301961863003412,False,False,False,2.202560927845969e-05,COMPLETE
703,0.5959486603736878,2025-04-16 17:06:22.752439,2025-04-16 17:06:46.392311,0 days 00:00:23.639872,0.5811305728113135,0.9754493858680848,2,0.08074796507244646,0.097890746335691,0.07396367772340626,0.016104385865421282,0.0636196039446722,0.07382839445726828,4.8287296049441364e-05,27,129,0.011452852495790831,0.24540446503661836,False,False,False,1.1929257143340015e-05,COMPLETE
704,0.3366751313209534,2025-04-16 17:06:46.625722,2025-04-16 17:07:10.450766,0 days 00:00:23.825044,0.5586311569282495,0.9296876015791695,2,0.07805384114760011,0.0952082791113643,0.07342732207302087,0.015342784363874797,0.06246094717454409,0.06947885260769544,5.126508920247738e-05,27,62,0.011894533515393813,0.23825672196002393,False,False,False,9.441167265218557e-06,COMPLETE
705,0.6046487450599671,2025-04-16 17:07:10.672769,2025-04-16 17:07:35.156912,0 days 00:00:24.484143,0.6178648093222731,0.9787974420581165,2,0.08055830080659271,0.09980232685937755,0.07398932228622536,0.020502466251226543,0.06962530522110279,0.0716988459347432,4.63468627278614e-05,28,130,0.010635877598185111,0.2453516831292562,False,False,False,3.995549155758257e-06,COMPLETE
706,0.3653367102146149,2025-04-16 17:07:35.391384,2025-04-16 17:07:59.896625,0 days 00:00:24.505241,0.6183124563591342,0.9811371117160086,2,0.07849491032297821,0.09888163526435538,0.07364160663526119,0.07478175559092538,0.06928595475193323,0.07236945927859886,4.823781790581534e-05,28,130,0.011241448225192933,0.2436968193777139,True,False,False,1.039310180224702e-05,COMPLETE
707,0.5405490517616272,2025-04-16 17:08:00.116596,2025-04-16 17:08:24.700055,0 days 00:00:24.583459,0.6001390589884972,0.9571314373130889,2,0.06880209349660972,0.09834449300372056,0.07202378034384631,0.02099193356884274,0.07265970754192226,0.07095278336008043,2.9752496414962128e-05,28,128,0.010991781868561193,0.24079284975552187,False,False,False,5.7605469559176996e-06,COMPLETE
708,0.33826099038124086,2025-04-16 17:08:24.932638,2025-04-16 17:08:48.877591,0 days 00:00:23.944953,0.6420893693373869,0.9730534986292314,2,0.08363912949182778,0.08988182795469624,0.07455667415138142,0.022833854155967042,0.06968686164753843,0.07645778357687769,4.286668028344422e-05,27,85,0.011424160860117778,0.24595739235064068,False,False,False,1.6188701581366216e-05,COMPLETE
709,0.5905426859855653,2025-04-16 17:08:49.096294,2025-04-16 17:09:13.506738,0 days 00:00:24.410444,0.6871623588915146,0.9438182308838514,2,0.0793017017524498,0.10297551659413795,0.07169489309327391,0.0198600281014692,0.06743286263052196,0.07449383118408912,5.1693475849482655e-05,28,129,0.014416837659233094,0.24743781784983557,False,False,False,2.835540106252919e-06,COMPLETE
710,0.48081247806549077,2025-04-16 17:09:13.741499,2025-04-16 17:09:38.081297,0 days 00:00:24.339798,0.6738848935918006,0.9412899088327724,2,0.0705509844341437,0.10100834053763366,0.07183114695553723,0.01986480997753782,0.06639098445089345,0.07207364751354683,4.989237878313779e-05,28,129,0.03612163950670621,0.2497188963826232,False,False,False,2.0778496720759158e-06,COMPLETE
711,0.6139963626861572,2025-04-16 17:09:38.318240,2025-04-16 17:10:02.488920,0 days 00:00:24.170680,0.6817230481893314,0.9566878008979364,2,0.07760622247720143,0.0875977375242179,0.07437395422111885,0.019944474293354175,0.07092482365492367,0.07496589854404086,4.292675972890235e-05,28,126,0.01449985899747634,0.2484579166119642,False,False,False,6.3961814063899294e-06,COMPLETE
712,0.6040089845657349,2025-04-16 17:10:02.712626,2025-04-16 17:10:27.078510,0 days 00:00:24.365884,0.6926916358573618,0.9526966314738102,2,0.07502032303226984,0.09167335058953682,0.07438277601381389,0.021614783657096084,0.07046280717263036,0.0742003847508295,5.0480969679052736e-05,28,127,0.010112202447556578,0.24865743006038973,False,False,False,2.759077108795434e-06,COMPLETE
713,0.6032355308532715,2025-04-16 17:10:27.314010,2025-04-16 17:10:51.461140,0 days 00:00:24.147130,0.711931372093524,0.9582135675330171,2,0.07319514415257786,0.09067932580353935,0.0744898277591112,0.022388120150545348,0.07066033809111756,0.07455433345214686,4.6321700791225315e-05,28,127,0.013059023943999338,0.2480238240160236,False,False,False,4.773357683024106e-06,COMPLETE
714,0.5821678042411804,2025-04-16 17:10:51.683629,2025-04-16 17:11:16.125643,0 days 00:00:24.442014,0.6567332171737167,0.9201564108908545,2,0.07150352907077037,0.08526934437309318,0.0736689208442543,0.022858707907225245,0.0712052450652197,0.06753311726779415,3.479441125503926e-05,28,127,0.012149788175583232,0.24739473929465122,False,False,False,5.60237820616621e-06,COMPLETE
715,0.3831092953681946,2025-04-16 17:11:16.361997,2025-04-16 17:11:40.730228,0 days 00:00:24.368231,0.6748818543321009,0.9590720821514175,2,0.07755893519958285,0.09272413821779162,0.07599300437211272,0.023631491646312362,0.07028400427322555,0.07396947355341403,4.4954623927788846e-05,28,126,0.05817214880943565,0.24808560667137008,False,False,False,5.85175770108322e-06,COMPLETE
716,0.5892733573913574,2025-04-16 17:11:40.953849,2025-04-16 17:12:05.792249,0 days 00:00:24.838400,0.7040336166368807,0.9309181402727139,2,0.06781647267824091,0.09009462194319058,0.0749178276576545,0.021731920371701813,0.07487400537311108,0.07800189406082043,5.079503103792016e-05,28,125,0.010100037243376924,0.24381847568700038,False,False,False,3.707774179575009e-06,COMPLETE
717,0.5642574787139893,2025-04-16 17:12:06.029139,2025-04-16 17:12:29.702707,0 days 00:00:23.673568,0.7036938873750275,0.9592635114856761,2,0.07451937651117642,0.08495956458801672,0.07467389340416608,0.022831816212632427,0.07148480403884554,0.07366307100545708,3.1900311580262875e-05,27,126,0.0126190517878243,0.24842276755716505,False,False,False,5.4607794551783496e-06,COMPLETE
718,0.08801092356443405,2025-04-16 17:12:29.940670,2025-04-16 17:12:51.263341,0 days 00:00:21.322671,0.7273193435878182,0.998702345455975,2,0.07377716984702892,0.09626668162683444,0.07415130094067329,0.021520396442107338,0.06883258691170153,0.07485499689469709,4.096448089797532e-05,28,121,0.010467395524256878,0.24227721455369627,False,False,True,3.0047634296950712e-06,COMPLETE
719,0.498604691028595,2025-04-16 17:12:51.487542,2025-04-16 17:13:15.310585,0 days 00:00:23.823043,0.718715354416496,0.9760406579538594,2,0.07001911559008228,0.091297976807173,0.07329605844293241,0.02380427768081475,0.07242925463418431,0.07487869933228401,2.7488374261186277e-05,27,129,0.013341094954031473,0.24800458690517213,False,False,False,4.0029488856997394e-06,COMPLETE
720,0.09716833829879762,2025-04-16 17:13:15.548779,2025-04-16 17:13:36.622330,0 days 00:00:21.073551,0.692257050488523,0.9494311100811372,2,0.08236725248845726,0.08597303322697335,0.07472267408981724,0.020231411326584764,0.07286227247807407,0.07626723211995626,5.2459873066501324e-05,28,125,0.009592838735624852,0.2434386615029688,False,True,False,5.37608735663271e-06,COMPLETE
721,0.3623779833316803,2025-04-16 17:13:36.845937,2025-04-16 17:14:00.991859,0 days 00:00:24.145922,0.7096519442695532,0.9800896762847914,2,0.07550973697220252,0.10055368466790766,0.07255375884132581,0.02028207345393893,0.06968706872152995,0.07061143968942167,3.8855216986899036e-05,28,70,0.016082117974645083,0.2408351171786196,False,False,False,4.306977140790305e-06,COMPLETE
722,0.5725528597831726,2025-04-16 17:14:01.231563,2025-04-16 17:14:24.874483,0 days 00:00:23.642920,0.7532318625005944,0.9320249877470485,2,0.06617914852998602,0.09488092217349912,0.0999796697973589,0.02134657909808277,0.0657643204031024,0.06822399294482524,3.216371894803086e-05,27,123,0.011638197651031947,0.2491206578042124,False,False,False,3.169760124275857e-06,COMPLETE
723,0.5937780499458313,2025-04-16 17:14:25.098307,2025-04-16 17:14:48.820664,0 days 00:00:23.722357,0.7282395388925266,0.9162471120073623,2,0.08233481056100472,0.08942028150583235,0.07496970413212976,0.024301396651333747,0.06855122822181416,0.07769139285599837,4.632119165154566e-05,27,127,0.009830077794799838,0.24577946026236006,False,False,False,2.408759724378503e-06,COMPLETE
724,0.5966692805290222,2025-04-16 17:14:49.057941,2025-04-16 17:15:12.679312,0 days 00:00:23.621371,0.732886129816054,0.9159130462337325,2,0.08176276052478595,0.08784401635536072,0.07429417507685514,0.024904394145545267,0.06825744934612434,0.0778993475333575,4.732555709795754e-05,27,129,0.01391997094063675,0.24054856926241006,False,False,False,5.6392933429963235e-06,COMPLETE
725,0.4410309255123138,2025-04-16 17:15:12.922280,2025-04-16 17:15:36.615222,0 days 00:00:23.692942,0.7367048168974306,0.9173665556520212,2,0.08126694295385106,0.0883968936419068,0.07519468484092308,0.024660212922193725,0.07347233169376668,0.0779432140305793,4.2563234731848446e-05,27,130,0.04249422503377051,0.23964625991970456,False,False,False,2.237964722036369e-06,COMPLETE
726,0.5843545198440552,2025-04-16 17:15:36.842996,2025-04-16 17:16:00.425868,0 days 00:00:23.582872,0.7713913547892566,0.9186189996942404,2,0.0774684744023999,0.07973321204360297,0.07224972327743696,0.02491083642515277,0.0686521346369895,0.08085057685806776,4.926509032721936e-05,27,129,0.016763788225598347,0.2449784137142112,False,False,False,2.834960718015232e-06,COMPLETE
727,0.4424497425556183,2025-04-16 17:16:00.663324,2025-04-16 17:16:24.614043,0 days 00:00:23.950719,0.7443138572586876,0.9474381652953882,2,0.0870615125297688,0.08509454601368366,0.07572788008191741,0.024213068345192382,0.0753645937797788,0.07365474152968615,3.488758959611465e-05,27,131,0.01334739180102313,0.24078552779887463,True,False,False,3.0975524434041903e-06,COMPLETE
728,0.6039689898490906,2025-04-16 17:16:24.838833,2025-04-16 17:16:48.609204,0 days 00:00:23.770371,0.7267513674861761,0.9610468908341836,2,0.08473331392650217,0.09314961484764078,0.07112791819769117,0.023029462463627817,0.06798117425223389,0.08435497578342692,4.358793167952483e-05,27,127,0.015026356553147508,0.24588053673015184,False,False,False,4.3645424953003706e-06,COMPLETE
