number,value,datetime_start,datetime_complete,duration,params_alpha-eval,params_alpha-train,params_batch-size,params_eps-eval,params_eps-train,params_lambda-actions-eval,params_lambda-actions-train,params_lambda-frames-eval,params_lambda-frames-train,params_learning-rate,params_n-epochs,params_n-frames,params_radius-gw,params_rho,params_std-feats,params_ub-actions,params_ub-frames,params_weight-decay,state
448,0.5546988725662232,2025-04-16 15:59:46.504829,2025-04-16 15:59:58.065268,0 days 00:00:11.560439,0.4586459090263982,0.6037074221028592,8,0.14760708784159743,0.18003117612713893,0.07636863384611685,0.009283292852522614,0.04182352158815049,0.006423896391467213,0.0001577026643008173,30,124,0.010123682097454147,0.26198678057481656,False,False,False,0.0007892519599673577,COMPLETE
449,0.5309159398078919,2025-04-16 15:59:58.208011,2025-04-16 16:00:09.618955,0 days 00:00:11.410944,0.44680994444952166,0.5831089219959985,8,0.1451465378902112,0.17904987365196307,0.07852118278212836,0.015432782810058865,0.05132038721563199,0.007942935535419898,0.00010966072315613434,29,128,0.01175064070330243,0.2705925484252422,False,False,False,0.0004705639640971727,COMPLETE
450,0.5860727429389954,2025-04-16 16:00:09.760764,2025-04-16 16:00:21.203296,0 days 00:00:11.442532,0.43227474237900704,0.5418471093859426,8,0.1771991079396216,0.19458791120145447,0.08144611761278224,0.012167579932465148,0.04486193683126667,0.01347979708721106,9.309797649476166e-05,30,123,0.009741118172250589,0.25678955891929406,False,False,False,0.000668560676699907,COMPLETE
451,0.5917332768440247,2025-04-16 16:00:21.357214,2025-04-16 16:00:32.827494,0 days 00:00:11.470280,0.4210987717625576,0.50063508317357,8,0.1424828716812861,0.19549905970152895,0.08518321767386328,0.01122980067936162,0.0428520219199247,0.01070345017201703,8.868475612006735e-05,30,124,0.00934001890593453,0.2626532290535531,False,False,False,0.0007823000517929501,COMPLETE
452,0.5908587455749512,2025-04-16 16:00:32.970493,2025-04-16 16:00:44.532007,0 days 00:00:11.561514,0.42597086112477595,0.4486615902712061,8,0.1767254028399304,0.2026734310034445,0.0821801679316673,0.012292685834763251,0.044601468103429374,0.0106820634066808,9.14755610128468e-05,30,123,0.008321827510094828,0.26032230677251356,False,False,False,0.0007645309617752403,COMPLETE
453,0.33187495470047,2025-04-16 16:00:44.675156,2025-04-16 16:00:56.281235,0 days 00:00:11.606079,0.4285945555766936,0.45882355910979833,8,0.17759813356273654,0.19325254418892868,0.08292857314241085,0.012594085865709972,0.042003641982240394,0.011973632317803014,0.0036415542081405868,29,124,0.007582715199240449,0.26580284974603213,True,False,False,0.0008153988567408231,COMPLETE
454,0.34598261117935186,2025-04-16 16:00:56.436005,2025-04-16 16:01:07.960569,0 days 00:00:11.524564,0.40747060056361584,0.5142094737358119,8,0.18658145158364076,0.20113781552439744,0.08589117772038847,0.008362374302536456,0.044746098145368327,0.011229051014722135,9.423618760404535e-05,30,126,0.006069971151348575,0.2628463168560362,False,False,False,0.0007372971937121152,COMPLETE
455,0.5909604787826538,2025-04-16 16:01:08.105059,2025-04-16 16:01:19.642375,0 days 00:00:11.537316,0.4272434415325549,0.36233669492032294,8,0.17256739388947828,0.2017418589828283,0.08256570575425548,0.013469023411162736,0.04512066939775114,0.0036313030092329727,9.432848599270522e-05,30,123,0.009052622957932698,0.285083954218246,False,False,False,0.0008457733510153344,COMPLETE
456,0.3470624089241028,2025-04-16 16:01:19.784167,2025-04-16 16:01:31.170895,0 days 00:00:11.386728,0.437348287009769,0.34226173548488786,8,0.1906695576680183,0.20506677223928516,0.08484122127842049,0.013984045547855858,0.044945822589714794,0.0029125167564991016,9.072982633493824e-05,29,124,0.00775521548581142,0.28503423993509164,False,False,False,0.0009740819578544255,COMPLETE
457,0.6050808072090149,2025-04-16 16:01:31.327140,2025-04-16 16:01:42.795956,0 days 00:00:11.468816,0.42739257599222885,0.45277942991485637,8,0.16784214969069428,0.19843276917402075,0.0817825395269176,0.008439380628768882,0.04673350911909433,0.006142230202347515,9.139593189528494e-05,30,130,0.009638861983951467,0.2999592001077692,False,False,False,0.0007398915776682751,COMPLETE
458,0.6031619310379028,2025-04-16 16:01:42.942198,2025-04-16 16:01:54.394903,0 days 00:00:11.452705,0.43024011364569537,0.41482442949338016,8,0.17263395811885002,0.19829802951447675,0.081704795347121,0.010518634222473197,0.04772792708100953,0.0017698212060838023,9.256725965576695e-05,30,130,0.009261541760655037,0.297738479155538,False,False,False,0.0007711579360682079,COMPLETE
459,0.3515871644020081,2025-04-16 16:01:54.539720,2025-04-16 16:02:03.118720,0 days 00:00:08.579000,0.42347492851477125,0.41799958645710306,8,0.1757171340153335,0.20141321580012062,0.08199042223530818,0.007353159476108355,0.04521858239526374,0.002251551764338642,0.0001180911741078126,12,131,0.005287992872070364,0.29024203108566654,False,False,False,0.0008079952119240052,COMPLETE
460,0.5878324031829834,2025-04-16 16:02:03.273517,2025-04-16 16:02:14.826628,0 days 00:00:11.553111,0.4240958531478029,0.40412038752792895,8,0.17197784248489453,0.20943272737003077,0.08562075960045273,0.011490788590596197,0.048414724574765824,0.007212193552045948,9.449398380836102e-05,30,131,0.009232182917147816,0.2935655844021338,False,False,False,0.0008583630323875852,COMPLETE
461,0.34308335781097415,2025-04-16 16:02:14.974546,2025-04-16 16:02:26.537709,0 days 00:00:11.563163,0.45185657826828735,0.40703268930806596,8,0.16968146951186636,0.21545538028249409,0.08634971668930828,0.004788104186344818,0.04841215898968291,0.004932795756099008,9.352099319604686e-05,30,131,0.006883490006397697,0.299186488707106,False,False,False,0.0009838684389847174,COMPLETE
462,0.3479461550712586,2025-04-16 16:02:26.682574,2025-04-16 16:02:38.249262,0 days 00:00:11.566688,0.5339659854189119,0.4476139591240929,8,0.18159968942302174,0.19620306177680677,0.08873570393418286,0.011772594300237743,0.05028271087081257,0.006319778287608487,8.627891512305435e-05,30,130,0.00433111603789924,0.2906988114080668,False,False,False,0.0008053001697772088,COMPLETE
463,0.087213534116745,2025-04-16 16:02:38.405637,2025-04-16 16:02:48.851031,0 days 00:00:10.445394,0.47498326751760667,0.37923727913058886,8,0.1716223185838581,0.20943928906659576,0.0839559303527435,0.010765994092789869,0.04593145463351402,0.003537954894737844,0.0001309491882276123,30,130,0.009401717714543668,0.2967719066060468,False,False,True,0.000999658868310087,COMPLETE
464,0.5397268295288087,2025-04-16 16:02:48.997882,2025-04-16 16:03:00.345277,0 days 00:00:11.347395,0.4278329337729303,0.39223192074535196,8,0.17522020793151138,0.2044016947341349,0.08134438066098436,0.013448933544512848,0.04767999984570226,0.007050876512286494,0.00010157811036184505,29,128,0.008526670328980093,0.28328732469318724,False,False,False,0.0007781133737477557,COMPLETE
465,0.08645830601453781,2025-04-16 16:03:00.504069,2025-04-16 16:03:10.926537,0 days 00:00:10.422468,0.40238763386419407,0.43316296905749835,8,0.16142209019283202,0.19922218861295288,0.08467775603884044,0.009038044205072614,0.04242075584369242,0.005584374127034651,0.00013007670266903737,30,128,0.006873159782372455,0.29503267165772634,False,True,False,0.0006961995735437666,COMPLETE
466,0.42023184299468996,2025-04-16 16:03:11.071646,2025-04-16 16:03:22.587940,0 days 00:00:11.516294,0.4413073208769439,0.30472115808252975,8,0.18113727243385597,0.20983133308970067,0.08270440525353821,0.005206400369024842,0.04798289133738346,0.0012824931312437034,0.0010177151211880823,30,126,0.009018598518450466,0.27956142806665346,False,False,False,0.0007390036100622006,COMPLETE
467,0.5903894662857057,2025-04-16 16:03:22.734097,2025-04-16 16:03:34.028977,0 days 00:00:11.294880,0.42348283991394775,0.3646397593145495,8,0.16424109411151855,0.19291276876372276,0.08698373625427151,0.006469711951822928,0.04377720427837055,0.006076036018373371,8.676906157511267e-05,29,131,0.009388117535913485,0.28632635457320393,False,False,False,0.0009919357596494488,COMPLETE
468,0.349560821056366,2025-04-16 16:03:34.187405,2025-04-16 16:03:45.563393,0 days 00:00:11.375988,0.47915100787403997,0.35476514116719,8,0.16892184301562832,0.19635519355932896,0.08708565499249207,0.0062911108431256205,0.043475351901900994,0.0036113550341516833,8.544405237347252e-05,29,131,0.0055502070076576,0.29012363241949224,False,False,False,0.0009881262071057208,COMPLETE
469,0.47812602519989017,2025-04-16 16:03:45.714846,2025-04-16 16:04:10.551726,0 days 00:00:24.836880,0.42667864523439214,0.3657990765913725,2,0.17529941500772472,0.20477597869767608,0.08483367042080014,0.009883725408865,0.0461772039127244,0.006644207667525244,8.114319943397935e-05,29,131,0.008671921636046518,0.2753530234121347,False,False,False,0.0007880915066736523,COMPLETE
470,0.597900426387787,2025-04-16 16:04:10.698474,2025-04-16 16:04:22.083578,0 days 00:00:11.385104,0.4578356066786184,0.442924853403951,8,0.1668656736777577,0.19387806447734032,0.09117264474693655,0.011947974198110901,0.044109757709547226,0.008126855350457464,9.68022482819281e-05,29,132,0.009383974626925678,0.29014754869714515,False,False,False,0.0008368478812012835,COMPLETE
471,0.34260661602020265,2025-04-16 16:04:22.241666,2025-04-16 16:04:33.640565,0 days 00:00:11.398899,0.4583362469412364,0.4818854904666003,8,0.16443860688661877,0.19500688734632612,0.0805478512022112,0.012709894417383594,0.043776767478355585,0.007947683905803204,9.502302904015535e-05,29,132,0.002638060803750563,0.28757988142504826,False,False,False,0.0008123184873992662,COMPLETE
472,0.34534338712692264,2025-04-16 16:04:33.791248,2025-04-16 16:04:45.171003,0 days 00:00:11.379755,0.4934612422459385,0.44004491418157626,8,0.16127450178137365,0.22207068600658744,0.088829322297112,0.0025056756090516864,0.05029608288145,0.004621399124421703,7.487997523138725e-05,29,132,0.006752976020398883,0.2959542214208494,False,False,False,0.0009869508017803104,COMPLETE
473,0.5515230178833008,2025-04-16 16:04:45.319175,2025-04-16 16:04:56.627995,0 days 00:00:11.308820,0.4505533415707491,0.38903931335429254,8,0.15632242026001417,0.19845130709096878,0.09117390907080114,0.010896392290542662,0.047187973237836585,0.007445791485325057,8.912259592165597e-05,29,129,0.00947692925868697,0.2839424073851685,False,False,False,0.00069993750384592,COMPLETE
474,0.3496389627456665,2025-04-16 16:04:56.787994,2025-04-16 16:05:08.290833,0 days 00:00:11.502839,0.42966077536146313,0.4195215914680852,8,0.17781712994228577,0.18993975002166444,0.08633204692347297,0.014246141300130934,0.04407115248915723,0.010343033504285653,7.156156912938842e-05,30,128,0.007468373180671255,0.27719290851856276,False,False,False,0.0006748587159678017,COMPLETE
475,0.33527486324310307,2025-04-16 16:05:08.439294,2025-04-16 16:05:20.067187,0 days 00:00:11.627893,0.4651189440331389,0.46215740506071434,8,0.1672495182948087,0.21311628990803852,0.09238775470978915,0.011349090045288435,0.041174513405639254,0.001097903549916123,0.0001023886396438237,29,132,0.0038616718623533004,0.2996301907684079,True,False,False,0.0008636717574283945,COMPLETE
476,0.5565988898277283,2025-04-16 16:05:20.230978,2025-04-16 16:05:31.792413,0 days 00:00:11.561435,0.4383250625260422,0.40247475271782135,8,0.18283483864868408,0.20397582201441478,0.08326991698467524,0.007527434118594374,0.0455382595526102,0.004274246585150404,8.168447610831324e-05,30,129,0.009675527454884392,0.2924502396901803,False,False,False,0.0006533944059163163,COMPLETE
477,0.5587913393974304,2025-04-16 16:05:31.942224,2025-04-16 16:05:43.390862,0 days 00:00:11.448638,0.5166095036947018,0.4705011264357187,8,0.1713685028820573,0.19591287363497176,0.09612349141517065,0.015762621608992694,0.055659886378122504,0.010687467645320895,0.0001019481643019187,29,127,0.009503549269983255,0.28479830629590447,False,False,False,0.0008415328646628489,COMPLETE
478,0.35577930808067326,2025-04-16 16:05:43.542770,2025-04-16 16:05:55.052114,0 days 00:00:11.509344,0.42218967768438215,0.3254072613888929,8,0.1737560502360658,0.19031159453838914,0.08758593195006519,0.013268545020372573,0.04899062036188197,0.00837016397622959,6.545207643542596e-05,30,132,0.007013423204200335,0.2740860864735235,False,False,False,0.0009915193922240449,COMPLETE
479,0.5710511565208436,2025-04-16 16:05:55.213102,2025-04-16 16:06:06.524525,0 days 00:00:11.311423,0.4079761982514777,0.4376007091108711,8,0.1586240451445116,0.2070554418946498,0.08118763269831987,0.009645909603343935,0.04167464504381851,0.012542826361237887,9.124318412060752e-05,29,127,0.008914787765722024,0.2798157856446967,False,False,False,0.0006730947518425284,COMPLETE
480,0.3476916909217835,2025-04-16 16:06:06.677488,2025-04-16 16:06:18.260814,0 days 00:00:11.583326,0.48057350937222487,0.3672518994883576,8,0.18533502089224532,0.20091476906691247,0.0834470385639168,0.01628837980837313,0.043794177291405584,0.006151649126943118,0.00011487873477270115,30,130,0.005096017540474869,0.28845107845229767,False,False,False,0.0005804386547238108,COMPLETE
481,0.5619985461235046,2025-04-16 16:06:18.412646,2025-04-16 16:06:29.786056,0 days 00:00:11.373410,0.38310162866461717,0.49280299524436555,8,0.16545569047378458,0.19550067467181895,0.08070924074967081,0.004217633295415333,0.05235920152057656,0.009021392044100313,7.426672146923666e-05,29,126,0.010676534144250365,0.2987580899403244,False,False,False,0.00067873167596429,COMPLETE
482,0.5862284898757935,2025-04-16 16:06:29.948172,2025-04-16 16:06:41.434326,0 days 00:00:11.486154,0.43789567362002924,0.3984990804955089,8,0.17845399807148507,0.18652543238424898,0.08570505621341219,0.012121761972363065,0.046561438276980276,0.013263219778121393,9.77188875557776e-05,30,134,0.008071222008150847,0.26602732892572994,False,False,False,0.0009998580660654447,COMPLETE
483,0.5464053630828858,2025-04-16 16:06:41.586893,2025-04-16 16:06:53.084657,0 days 00:00:11.497764,0.4559169801025412,0.4122108699999857,8,0.18111678914552046,0.18833558127153738,0.08581381481804853,0.0074157531841483396,0.04769618182313365,0.01390837075319132,0.00012565790831202102,30,133,0.0075544998447067534,0.2668628664620162,False,False,False,0.0009925989163230412,COMPLETE
484,0.0970839574933052,2025-04-16 16:06:53.251654,2025-04-16 16:07:03.603560,0 days 00:00:10.351906,0.458067963598414,0.4494263302296737,8,0.19215463678255304,0.18519038652927863,0.0907234650535451,0.011975598180278178,0.04626041126060739,0.013739153497185142,0.00010467114625791523,29,133,0.08303740539484944,0.26954625118285813,False,False,True,0.0007619615332721841,COMPLETE
485,0.08643219470977784,2025-04-16 16:07:03.755540,2025-04-16 16:07:14.208076,0 days 00:00:10.452536,0.5725652848983279,0.39050025474718847,8,0.17153679041098632,0.19077444836802376,0.08865394213553408,0.013989136251061051,0.04297737767337607,0.007216114211898531,0.04362073760816725,30,129,0.005887632370699706,0.2821534529447312,False,True,False,0.000978993760059594,COMPLETE
486,0.5710766553878784,2025-04-16 16:07:14.360416,2025-04-16 16:07:25.869410,0 days 00:00:11.508994,0.40469290675521086,0.3337900692562519,8,0.1756439348937442,0.20093732611620327,0.0827017560911093,0.010351263305494369,0.04927709188198939,0.011014070605786727,7.769125694468491e-05,30,131,0.0097487608149809,0.27279862837800856,False,False,False,0.0008113938184159122,COMPLETE
487,0.5080637812614441,2025-04-16 16:07:26.033998,2025-04-16 16:07:37.318235,0 days 00:00:11.284237,0.4937831757707805,0.3576013847139778,8,0.16537993163239914,0.2140485195617634,0.08453465343507338,0.008764354280482094,0.045606991805738066,0.010369494407827952,0.00014051181721360035,29,127,0.007902119778101756,0.2632572344692503,False,False,False,0.0005404382911541521,COMPLETE
488,0.5259177088737488,2025-04-16 16:07:37.472723,2025-04-16 16:07:47.105154,0 days 00:00:09.632431,0.43486491849346465,0.380734680601259,8,0.15816028135190918,0.19394411443992765,0.08005049466434126,0.016832514638331415,0.04440010458934498,0.004023314630655377,0.00010515612874004206,19,133,0.010095617195438425,0.2919772860436106,False,False,False,0.0007951964754031646,COMPLETE
489,0.3495374321937561,2025-04-16 16:07:47.259551,2025-04-16 16:07:58.874466,0 days 00:00:11.614915,0.44395407682736565,0.4233756334425138,8,0.17835333420316615,0.18437644133550113,0.08217888791051077,0.013361456967517525,0.050448452694975394,0.012733505043143224,8.79893042033662e-05,30,134,0.002366859888816206,0.2786745779110086,False,False,False,0.0006295692163031483,COMPLETE
490,0.34098697900772096,2025-04-16 16:07:59.039575,2025-04-16 16:08:10.431249,0 days 00:00:11.391674,0.3828056923601952,0.4064060506726115,8,0.16904225185785726,0.20728378774823691,0.08715950462347209,0.011804119930392855,0.04733432428823716,0.009103594236501675,0.00013134145489708632,29,129,0.005109382812213839,0.285772251196955,False,False,False,0.0008423095566661047,COMPLETE
491,0.38076022863388065,2025-04-16 16:08:10.585574,2025-04-16 16:08:22.042999,0 days 00:00:11.457425,0.4108016659460466,0.4923863499551393,8,0.1880807905663419,0.19998541182043603,0.09396046037005845,0.01475873383180092,0.043482415040325496,0.006262176498485937,6.544159638259823e-05,30,126,0.09977425293557066,0.27096561149798304,False,False,False,0.0005175778495348177,COMPLETE
492,0.39046483635902407,2025-04-16 16:08:22.210685,2025-04-16 16:08:33.939059,0 days 00:00:11.728374,0.47977102309750125,0.23558250544201564,8,0.16257692919438832,0.19016441164901723,0.08547739331890104,0.006649927778903987,0.04133071885583887,0.0024485094624460985,0.00011263849518727346,29,130,0.007981363617430704,0.2583429457638092,True,False,False,0.0006810809001669428,COMPLETE
493,0.5605810999870301,2025-04-16 16:08:34.094905,2025-04-16 16:08:45.636368,0 days 00:00:11.541463,0.4201378699807136,0.46283685507545147,8,0.15388562390697202,0.18435077858538185,0.07991656096987983,0.010574794913327393,0.04543768943261422,0.015031848366969462,0.0001630846225738852,30,125,0.010363703639307494,0.29399329837410515,False,False,False,0.0008315310928313058,COMPLETE
494,0.4558040738105774,2025-04-16 16:08:45.791766,2025-04-16 16:09:11.315762,0 days 00:00:25.523996,0.4475897988993605,0.4350798072250386,2,0.17386928893802645,0.1953167905074457,0.08955403936485,0.017542329385619403,0.04073312539085232,0.01162405872951065,8.420951273649351e-05,30,134,0.01053797887990475,0.2640663017232277,False,False,False,0.0005214998024377604,COMPLETE
495,0.34726989865303043,2025-04-16 16:09:11.483039,2025-04-16 16:09:22.975262,0 days 00:00:11.492223,0.3991151303825301,0.3748718418279427,8,0.17188114899911647,0.20867143054884868,0.08342342018468404,0.00915037432030268,0.04733076665713772,0.007787343643296837,9.54942640635551e-05,29,126,0.006602142015317921,0.27582077002317723,False,False,False,0.0006963252037952066,COMPLETE
496,0.43926372528076174,2025-04-16 16:09:23.140198,2025-04-16 16:09:34.666766,0 days 00:00:11.526568,0.4377597082865131,0.3995737223890594,8,0.18267950550929313,0.1802898758699113,0.07930721598809841,0.012449233530234251,0.04305829594483528,0.005531815423537532,0.00012041031182389663,30,130,0.040000946255842544,0.28475715869771895,False,False,False,0.0005566657877168876,COMPLETE
497,0.5758498787879944,2025-04-16 16:09:34.821282,2025-04-16 16:09:46.166366,0 days 00:00:11.345084,0.3752494459887571,0.4989379519546673,8,0.1652126072859931,0.20180417495656364,0.08179506249414611,0.015256958633359383,0.049515462856595735,0.010196254146238294,7.033944714391497e-05,29,124,0.009514603353286704,0.2549948119452643,False,False,False,0.0009888473701482423,COMPLETE
498,0.34836186170578004,2025-04-16 16:09:46.332237,2025-04-16 16:09:57.865713,0 days 00:00:11.533476,0.5053772834682858,0.43129571332550665,8,0.15637699694308674,0.18939471847950937,0.08514581881142386,0.010709469700014674,0.04566841763019974,0.01550059034255158,0.000102075253368939,30,127,0.004383878923794851,0.2678619819896587,False,False,False,0.0009893386118438154,COMPLETE
499,0.5609607458114625,2025-04-16 16:09:58.025057,2025-04-16 16:10:07.594313,0 days 00:00:09.569256,0.4611178295356965,0.3083159560675873,8,0.17877918502342058,0.1827523983127982,0.0809998851324603,0.01329288542816046,0.05153107868912968,0.01359242962449268,0.00016493111290106076,18,132,0.0110957158953938,0.2993268337643678,False,False,False,0.0006711537865623533,COMPLETE
500,0.3503089189529419,2025-04-16 16:10:07.761584,2025-04-16 16:10:19.386111,0 days 00:00:11.624527,0.4176308500370481,0.06685558162878302,8,0.1870462703908187,0.2168022894528241,0.08736041152402602,0.00800711595540968,0.040061532266989844,0.004052989021109538,0.010941353079705325,30,124,0.00794398029484344,0.28912580023518836,False,False,False,0.0004841564795707917,COMPLETE
501,0.5216828346252442,2025-04-16 16:10:19.544038,2025-04-16 16:10:30.925943,0 days 00:00:11.381905,0.4722436569818652,0.4727593478418044,8,0.16598298775239778,0.19554859998690574,0.07867990710451936,0.005289160234763164,0.047788120631292355,0.008344268214874042,0.00013597242479780115,29,129,0.011061451593312397,0.2813281544681674,False,False,False,0.00069060814566749,COMPLETE
502,0.08840954452753068,2025-04-16 16:10:31.082172,2025-04-16 16:10:41.531774,0 days 00:00:10.449602,0.3930175036742019,0.5248756031279362,8,0.19918422758580723,0.20274762385541148,0.08365046416329396,0.0024863834366372836,0.054562771054205726,0.010896298322208836,5.9101934173892514e-05,30,133,0.008363706201260306,0.2580970338529173,False,False,True,0.0008134788620485763,COMPLETE
503,0.35525836348533635,2025-04-16 16:10:41.700912,2025-04-16 16:10:51.106186,0 days 00:00:09.405274,0.43445310685407545,0.41039174565654285,8,0.17483987670592438,0.19220012489816046,0.07698649579103393,0.06886048698907396,0.042114641746523455,0.012510792068912558,8.174767138531098e-05,17,127,0.006065829730286746,0.27359882676821784,False,False,False,0.000531462193158248,COMPLETE
