number,value,datetime_start,datetime_complete,duration,params_alpha-eval,params_alpha-train,params_batch-size,params_eps-eval,params_eps-train,params_lambda-actions-eval,params_lambda-actions-train,params_lambda-frames-eval,params_lambda-frames-train,params_learning-rate,params_n-epochs,params_n-frames,params_radius-gw,params_rho,params_std-feats,params_ub-actions,params_ub-frames,params_weight-decay,state
336,0.5705048084259033,2025-04-16 15:37:22.347029,2025-04-16 15:37:33.789809,0 days 00:00:11.442780,0.3332018022486411,0.6194726851926523,8,0.11250706527169166,0.15044736464478653,0.013649253282019647,0.036220904449855894,0.02788685269503169,0.025455345000456826,8.218254626808442e-05,30,117,0.022957904511071884,0.17859173079504345,False,False,False,0.0009857877248364607,COMPLETE
337,0.3754288196563721,2025-04-16 15:37:33.907980,2025-04-16 15:37:45.239618,0 days 00:00:11.331638,0.3091203663670882,0.6688087809515639,8,0.1258861204113967,0.14048116049058545,0.024033059102964573,0.03498903493712346,0.025949233212149522,0.030014039921906176,3.8779276479431454e-05,29,118,0.01925974653756437,0.1929907387775845,False,False,False,0.0005473768342797121,COMPLETE
338,0.5342949032783508,2025-04-16 15:37:45.344729,2025-04-16 15:37:56.893832,0 days 00:00:11.549103,0.34717929759835564,0.6462945236966353,8,0.1273644515323241,0.142702809000917,0.06030647684220061,0.038253447235150645,0.035865671101965896,0.02766454744190939,6.919142215855002e-05,30,111,0.02048866858654374,0.18123577940308191,False,False,False,0.0003881668403464033,COMPLETE
339,0.559615957736969,2025-04-16 15:37:56.999235,2025-04-16 15:38:08.296011,0 days 00:00:11.296776,0.3748102212171584,0.6733391446903827,8,0.14089945160209175,0.15567519687137335,0.0054485860549712255,0.031286758720498534,0.024847779924377096,0.031011147707692366,7.877712334216754e-05,29,107,0.017531053198185806,0.16892523862930575,False,False,False,0.0006640952780091685,COMPLETE
340,0.5290364861488343,2025-04-16 15:38:08.403295,2025-04-16 15:38:19.528672,0 days 00:00:11.125377,0.28805080480810596,0.6182188747330547,8,0.12337108177308559,0.14809780741829182,0.016636654446602117,0.038237936905884055,0.030451100566503343,0.029429094769122022,6.229229758911753e-05,28,116,0.027918153772843537,0.18847704643444707,False,False,False,0.0009912163562245504,COMPLETE
341,0.46083379983901984,2025-04-16 15:38:19.645525,2025-04-16 15:38:31.183472,0 days 00:00:11.537947,0.31373873746155356,0.6474249688318623,8,0.11211752841525188,0.13892627788223016,0.031279053501015334,0.0406949336318064,0.024816362072002704,0.031540159930117856,0.014567948440149046,30,118,0.015354526313952925,0.19856996429843177,False,False,False,0.00033325717578913254,COMPLETE
342,0.4192722618579865,2025-04-16 15:38:31.292463,2025-04-16 15:38:42.674981,0 days 00:00:11.382518,0.33565398296955823,0.6677587940044223,8,0.13344432503339193,0.14863606530984835,0.00872155257337266,0.033765540578923205,0.03270682584221275,0.03286318426394855,4.804453779991109e-05,29,113,0.02146724094112211,0.1818016293243274,False,False,False,0.0006424759815256535,COMPLETE
343,0.5778113961219787,2025-04-16 15:38:42.781828,2025-04-16 15:38:53.947512,0 days 00:00:11.165684,0.28423683899245267,0.687431729237328,8,0.1162500266753154,0.13496973908465384,0.059318697481863296,0.03518188173822794,0.027171388180042853,0.029885686011410006,8.893196334222468e-05,28,119,0.017979611137513812,0.1628202491201346,False,False,False,0.0004799043781945375,COMPLETE
344,0.5573201656341553,2025-04-16 15:38:54.055614,2025-04-16 15:39:05.332564,0 days 00:00:11.276950,0.28349419261106346,0.6332876128659619,8,0.11564174017761947,0.14056958133578001,0.06121103397456225,0.035277807820291385,0.027651995838762888,0.023758107268532717,9.4136704151837e-05,29,115,0.014792965844781646,0.17527660606676193,False,False,False,0.0004612827423602239,COMPLETE
345,0.09241878390312196,2025-04-16 15:39:05.449988,2025-04-16 15:39:15.660628,0 days 00:00:10.210640,0.30093178692149536,0.6866248876226194,8,0.1081665834202649,0.13385133525812817,0.020995249152842593,0.03695194949890108,0.030168883228111586,0.026900923659009708,8.713387677441458e-05,28,120,0.017403099161438618,0.15834932993037307,False,True,True,0.0007606606453122725,COMPLETE
346,0.579485297203064,2025-04-16 15:39:15.770534,2025-04-16 15:39:26.987153,0 days 00:00:11.216619,0.31538137641521913,0.6598545103609972,8,0.11954145209399335,0.13269063333858747,0.05952110677032446,0.031082883477608046,0.02728404671573313,0.029100237509999405,6.466294768680497e-05,28,118,0.017699778832947648,0.1687041010658746,False,False,False,0.00025302004885290963,COMPLETE
347,0.5510495066642762,2025-04-16 15:39:27.094706,2025-04-16 15:39:38.334375,0 days 00:00:11.239669,0.32527677493019613,0.6069445381823849,8,0.12120781011652258,0.1341173909309194,0.06008257915805172,0.029157964339141293,0.027063666183515328,0.029057996880511083,5.380096864041006e-05,28,119,0.0175782513566917,0.16309594291735519,False,False,False,0.0002548269865411867,COMPLETE
348,0.5710818052291871,2025-04-16 15:39:38.443942,2025-04-16 15:39:50.002452,0 days 00:00:11.558510,0.35101304688396523,0.658106865516603,8,0.11681512104785975,0.14744650584342595,0.027132586714298555,0.033424482673121376,0.029043039213712193,0.028947138214295624,6.588052961268541e-05,30,115,0.02237507280950048,0.1687275399145642,False,False,False,0.000324913939375905,COMPLETE
349,0.5347070455551148,2025-04-16 15:39:50.122283,2025-04-16 15:40:01.432627,0 days 00:00:11.310344,0.27959240614063774,0.6335203454288478,8,0.12584008432918137,0.1407846885854359,0.0636612132085879,0.03094936683893537,0.02688482108264963,0.03030305802471153,6.356437927682851e-05,29,112,0.01507846756253424,0.17422787049445018,False,False,False,0.00041176942724664603,COMPLETE
350,0.5777520179748535,2025-04-16 15:40:01.542611,2025-04-16 15:40:12.701090,0 days 00:00:11.158479,0.29574775312653007,0.6787507168394941,8,0.13069203954920097,0.13188419279392194,0.058813279283181995,0.034933962843189004,0.024966605379244642,0.02524390703332298,7.894870164922817e-05,28,118,0.01959533893809746,0.18427682884107432,False,False,False,0.00023841593106162305,COMPLETE
351,0.5037258505821228,2025-04-16 15:40:12.811334,2025-04-16 15:40:23.978879,0 days 00:00:11.167545,0.3136095663494431,0.6807532047914912,8,0.1383207647820462,0.13295607757350228,0.06256575044168466,0.034462504105841944,0.025550824580362716,0.028029815884658606,9.432450808183378e-05,28,117,0.047225649205750814,0.15111227505135708,False,False,False,0.00026564728754544556,COMPLETE
352,0.39048447608947756,2025-04-16 15:40:24.089331,2025-04-16 15:40:35.598787,0 days 00:00:11.509456,0.29066709670936425,0.6646734381553493,8,0.1481327552960379,0.13974509352297004,0.0593524215060698,0.0377821103234319,0.029563756518512663,0.02534410488821615,7.720231678260507e-05,29,90,0.01874437920750176,0.1875567449210768,True,False,False,0.0001902707990962573,COMPLETE
353,0.5666182041168213,2025-04-16 15:40:35.719102,2025-04-16 15:40:46.875562,0 days 00:00:11.156460,0.30764573203567874,0.6966478810273617,8,0.1275430889557148,0.13244552186149955,0.05913145028303839,0.03241403995862898,0.02718392984066569,0.024589319852511952,9.97595686949843e-05,28,119,0.016367468469290346,0.19340585916921607,False,False,False,0.0005090304175233041,COMPLETE
354,0.4133354187011719,2025-04-16 15:40:46.987129,2025-04-16 15:40:58.446822,0 days 00:00:11.459693,0.2703419154349834,0.5791095450317089,8,0.13252808272428857,0.15231842172658072,0.061639638671092595,0.03577009102346751,0.03842118788645746,0.021877607310275663,4.543867020609958e-05,30,109,0.01911004405419043,0.16452136841050094,False,False,False,0.00035380889208281284,COMPLETE
355,0.5771370291709901,2025-04-16 15:40:58.557890,2025-04-16 15:41:09.826317,0 days 00:00:11.268427,0.33332882712892176,0.6492951672561692,8,0.10913842230767497,0.16083907267938807,0.06491329561961857,0.02880837811846554,0.03128382923663414,0.02633133285063224,8.191816820507497e-05,29,115,0.014832963751930005,0.1847405119766204,False,False,False,0.00019335596789505307,COMPLETE
356,0.5779855847358704,2025-04-16 15:41:09.938618,2025-04-16 15:41:21.330257,0 days 00:00:11.391639,0.3369233096691904,0.6519209585746972,8,0.11245614646470185,0.16091694695670783,0.06425642202885833,0.02760520737007794,0.03235825816542259,0.0230774056098152,7.950591957458794e-05,29,118,0.014648032894684556,0.18700295348356574,False,False,False,0.0002509522768360162,COMPLETE
357,0.37550414204597476,2025-04-16 15:41:21.451621,2025-04-16 15:41:32.771144,0 days 00:00:11.319523,0.37100717937037314,0.6464560674002633,8,0.12105609822052846,0.16091759295302804,0.0645700620322888,0.028863403053266574,0.03380219698596218,0.02343435966478876,1.4927653288496458e-05,29,118,0.015285573649493659,0.18451343444958,False,False,False,0.00023714398356449227,COMPLETE
358,0.5865609288215637,2025-04-16 15:41:32.883997,2025-04-16 15:41:44.404062,0 days 00:00:11.520065,0.3420515418251859,0.6057648523621948,8,0.11302754909204,0.15770492053400517,0.06552790102876335,0.025634993130583462,0.03149419162179514,0.022898260787160642,7.897930518786492e-05,30,112,0.014023840809206682,0.1744656220992679,False,False,False,0.00029950113423885157,COMPLETE
359,0.5718135356903076,2025-04-16 15:41:44.518194,2025-04-16 15:41:55.939387,0 days 00:00:11.421193,0.34184630946041306,0.6577507658846925,8,0.11089091292852701,0.16877658709537904,0.06520817206347182,0.027659492917162645,0.031001924054040383,0.019487375905501824,5.4344835647783176e-05,29,120,0.014776993189502177,0.17499652380809774,False,False,False,0.0002997781822079786,COMPLETE
360,0.5759148836135864,2025-04-16 15:41:56.063562,2025-04-16 15:42:07.459790,0 days 00:00:11.396228,0.3665255341209749,0.6394626530025799,8,0.10930754497496441,0.16435719418897854,0.06512248029828062,0.026009326914099632,0.03518502740433045,0.02182563542135739,8.563410447950361e-05,29,117,0.014475480457397154,0.18110902899144318,False,False,False,0.00020912841408390735,COMPLETE
361,0.5585604190826416,2025-04-16 15:42:07.573489,2025-04-16 15:42:19.131552,0 days 00:00:11.558063,0.3897825552301094,0.5980511193503413,8,0.11423996383032106,0.16645300527910545,0.06692111696939552,0.024404386452399618,0.03684069017799779,0.020821928287695402,8.690257233978108e-05,30,111,0.014218054943536739,0.17070117851363872,False,False,False,0.00037425028503490666,COMPLETE
362,0.09121876806020737,2025-04-16 15:42:19.244761,2025-04-16 15:42:29.515543,0 days 00:00:10.270782,0.35741730886276124,0.6828245477022897,8,0.1171101615001008,0.16258478952066993,0.06652896888953218,0.026609542582709596,0.034305264734133124,0.017848110527457484,0.0001026910782362682,29,115,0.014456556313702887,0.17860254000056755,False,False,True,0.00022330614218267098,COMPLETE
363,0.5342504501342773,2025-04-16 15:42:29.627892,2025-04-16 15:42:40.985449,0 days 00:00:11.357557,0.3344081966627989,0.62708348483312,8,0.1117333067054946,0.1578078781313841,0.06572947895238673,0.025815276826638242,0.032701587703867524,0.022054220330607135,0.00010276776073217021,29,104,0.016826305672113136,0.1614594412820565,False,False,False,0.00027174258181154794,COMPLETE
364,0.575478231906891,2025-04-16 15:42:41.110197,2025-04-16 15:42:52.626396,0 days 00:00:11.516199,0.36680133419350064,0.6742593281739686,8,0.10865411526944062,0.17612891065463177,0.06272603802699268,0.021426587045527405,0.031525949729428786,0.02310332975887501,8.227255413975798e-05,30,121,0.013937691884579271,0.17267331356113946,False,False,False,0.00037125280396193536,COMPLETE
365,0.1158256769180298,2025-04-16 15:42:52.739723,2025-04-16 15:43:02.988945,0 days 00:00:10.249222,0.3379128848546657,0.639940013219641,8,0.11717349067081417,0.17064277187070606,0.06484830214614903,0.024829302501846923,0.03291169932031152,0.025335586064627175,8.458482790320854e-05,29,116,0.016515213025340595,0.16721087544233895,False,True,False,0.00018215606767631726,COMPLETE
366,0.5546919465065002,2025-04-16 15:43:03.103393,2025-04-16 15:43:14.575010,0 days 00:00:11.471617,0.32743260388035306,0.6911609401838491,8,0.12209388982130309,0.16189793709083475,0.0674921610760455,0.030353263039322686,0.036077147530626394,0.024017269241739067,0.00010103595878372894,30,112,0.014074570480346466,0.18143715295671767,False,False,False,0.00027104459290156467,COMPLETE
367,0.5803491115570069,2025-04-16 15:43:14.689104,2025-04-16 15:43:25.987533,0 days 00:00:11.298429,0.3862247107487261,0.6645791559711142,8,0.1306595280526406,0.15863811754990337,0.06299812846791905,0.028584907199023582,0.03033606057647234,0.025911708590904144,7.228107413948724e-05,29,121,0.017252198498096435,0.17364227408398258,False,False,False,0.00023143549492246225,COMPLETE
368,0.4591221153736115,2025-04-16 15:43:26.113279,2025-04-16 15:43:37.376598,0 days 00:00:11.263319,0.3846572543517534,0.670168076550231,8,0.1327668230449303,0.15913819275538393,0.06300670109077895,0.028383023128847225,0.029847462370528977,0.026563774923572203,6.831732728770893e-05,28,121,0.04354437045727495,0.1579936705363259,False,False,False,0.00031701025200350417,COMPLETE
369,0.5374989271163941,2025-04-16 15:43:37.492522,2025-04-16 15:43:48.804182,0 days 00:00:11.311660,0.2967348895114346,0.6948321553495963,8,0.13093641684268442,0.15304429299753647,0.061271053799882985,0.030289016052039812,0.03178477664968514,0.02566100107592798,5.14200462427062e-05,29,120,0.01729315596171422,0.17512550056327914,False,False,False,0.0004242204342644052,COMPLETE
370,0.3772269666194916,2025-04-16 15:43:48.918726,2025-04-16 15:44:00.078673,0 days 00:00:11.159947,0.3504155565480114,0.6528121053604697,8,0.1280597920322721,0.1452962186252272,0.0629837648414033,0.03228606221879012,0.030126519825684893,0.02675440111084022,5.935049029329321e-05,28,127,0.017496613222112958,0.14710312499635544,False,False,False,0.000537308058991818,COMPLETE
371,0.5111344814300538,2025-04-16 15:44:00.205746,2025-04-16 15:44:11.536713,0 days 00:00:11.330967,0.326926901532988,0.6107246797452924,8,0.11981462246934609,0.15550819344186217,0.06050296565478605,0.029926434695464875,0.02817804462694658,0.023530300671348398,0.00011276309590911097,29,127,0.01607196816734666,0.18854508357042007,False,False,False,2.2598377682948854e-06,COMPLETE
372,0.5695122838020324,2025-04-16 15:44:11.653271,2025-04-16 15:44:23.132381,0 days 00:00:11.479110,0.3487601489241884,0.6708468239689248,8,0.13742061141836673,0.1735495689172569,0.0636675863745129,0.02786113764403892,0.04713861639872826,0.026691931967475747,7.136319947365152e-05,30,121,0.02259993850739682,0.22059240537192937,False,False,False,0.00016929652002854395,COMPLETE
373,0.3619952440261841,2025-04-16 15:44:23.249208,2025-04-16 15:44:34.775263,0 days 00:00:11.526055,0.28760089123060967,0.7066444241182479,8,0.14348553092743604,0.1583698190655534,0.06896306912945131,0.03954277083265946,0.028675375680598976,0.020399934475475508,8.162483499393127e-05,28,118,0.017915100839050877,0.17056640237727996,True,False,False,0.0002521767018357392,COMPLETE
374,0.5471389055252076,2025-04-16 15:44:34.893371,2025-04-16 15:44:46.246380,0 days 00:00:11.353009,0.32145213798621947,0.6243623917395389,8,0.10402781278688428,0.15340259122889344,0.059260099834319103,0.032492671380878205,0.03291825059697287,0.027957314234110645,0.0001139104590962478,29,122,0.013943095541328873,0.18533383317753976,False,False,False,0.00033885491252530703,COMPLETE
375,0.5583047986030579,2025-04-16 15:44:46.374878,2025-04-16 15:44:57.891601,0 days 00:00:11.516723,0.30391173056849397,0.6627159406204571,8,0.1167548001679519,0.1456667474606105,0.06121417708427147,0.021815689796437106,0.023838317630032954,0.024906814354797746,9.271707007756197e-05,30,114,0.016100958687589727,0.16405681122433136,False,False,False,0.0002378882594494873,COMPLETE
376,0.4676225304603577,2025-04-16 15:44:58.010728,2025-04-16 15:45:09.214733,0 days 00:00:11.204005,0.35132654381921524,0.6778422340627156,8,0.11310586382374245,0.16487243556464334,0.05853433149792074,0.030809328695577804,0.030621104854643245,0.022711731195226112,6.316255318898455e-05,28,127,0.021190511863613058,0.2378262906836877,False,False,False,0.00016648429641600575,COMPLETE
377,0.44006049633026123,2025-04-16 15:45:09.334476,2025-04-16 15:45:34.219965,0 days 00:00:24.885489,0.2779720576290506,0.5928492495243229,2,0.1254910422233453,0.13815901862787597,0.06350904838045732,0.0358389693522129,0.029603922348702655,0.027606743419346366,0.0020874620433236333,29,97,0.01849769885519594,0.17534857944802681,False,False,False,0.0004649229114609402,COMPLETE
378,0.44908716678619387,2025-04-16 15:45:34.338016,2025-04-16 15:45:45.483231,0 days 00:00:11.145215,0.33031009682025797,0.640969298669183,8,0.12232294580772489,0.1539374546442724,0.06135313531418676,0.04084353424058934,0.027906479406865022,0.025035176878040997,4.461342886504102e-05,28,119,0.01326272131109692,0.19585273658262642,False,False,False,0.00020317425206420388,COMPLETE
379,0.47930294275283813,2025-04-16 15:45:45.612639,2025-04-16 15:45:57.165303,0 days 00:00:11.552664,0.3885980109181928,0.697273976836248,8,0.10599193210261404,0.14133329272862408,0.06588867728909584,0.0288562288752658,0.031598076368718205,0.029852166163647217,7.559256051685711e-05,30,109,0.025209943436429634,0.21936442331454004,False,False,False,0.0002992481504496027,COMPLETE
380,0.5792616009712219,2025-04-16 15:45:57.285821,2025-04-16 15:46:08.596336,0 days 00:00:11.310515,0.31128534008782016,0.6622290941794883,8,0.12984500404173616,0.15088859100411095,0.05988589370073093,0.0333250194471699,0.024447497872409726,0.027040996302482037,0.00010095151413311065,29,116,0.017608747736285166,0.22394942121721473,False,False,False,0.0005451820794767601,COMPLETE
381,0.3707844018936157,2025-04-16 15:46:08.716161,2025-04-16 15:46:16.086948,0 days 00:00:07.370787,0.33969043472936006,0.6520302949369738,8,0.13138589596705824,0.15299025788186363,0.059535197226953745,0.03329427568115267,0.024239856739554737,0.027192021896307955,0.0001221649528540977,5,116,0.015637668910833805,0.17984736889735817,False,False,False,0.0005372381162372558,COMPLETE
382,0.089091394841671,2025-04-16 15:46:16.217227,2025-04-16 15:46:26.467737,0 days 00:00:10.250510,0.31540964195528265,0.6234206390784492,8,0.14045153089972548,0.14889456376444943,0.060703025674772884,0.032181400735378535,0.025508832242281503,0.025937424512637287,0.00010375550732348129,29,112,0.01766687959770344,0.22334164913886287,False,False,True,0.000639528519238572,COMPLETE
383,0.5444239258766175,2025-04-16 15:46:26.589196,2025-04-16 15:46:38.071608,0 days 00:00:11.482412,0.3702785514546686,0.5343358661881625,8,0.12668016887115133,0.16895062594114152,0.06242637497347356,0.03465676935919299,0.02833805129485045,0.029703718926549195,0.00012760045455441674,30,106,0.01352609076264702,0.23568673468673057,False,False,False,0.00037864624084152257,COMPLETE
384,0.10544670969247819,2025-04-16 15:46:38.191643,2025-04-16 15:46:48.454365,0 days 00:00:10.262722,0.26365556557815406,0.666637951420575,8,0.11979686806269808,0.16205397385461517,0.06441547403373282,0.029452759462069666,0.03414549656679253,0.02833150108400895,9.661865594666197e-05,29,83,0.06646878570642882,0.168014015562419,False,True,False,0.0004238028355689456,COMPLETE
385,0.57414630651474,2025-04-16 15:46:48.587511,2025-04-16 15:47:00.093965,0 days 00:00:11.506454,0.28992073309442573,0.6838740613408826,8,0.15677957640223172,0.14430773458113025,0.059228614384624956,0.026515816123512455,0.026921966495275246,0.024003002772453035,0.0001074971024340214,30,116,0.01664280732178917,0.22490354155510398,False,False,False,0.000871262689182167,COMPLETE
386,0.4743806838989258,2025-04-16 15:47:00.214258,2025-04-16 15:47:11.518885,0 days 00:00:11.304627,0.3318202417584583,0.6594550128113503,8,0.13085128890425474,0.1578504821906503,0.05770184315440408,0.03137242163972141,0.023803175793747834,0.03206136523954908,8.834880066343058e-05,29,112,0.014474832832834824,0.15516716215972415,False,False,False,0.0006145120621143464,COMPLETE
387,0.5739504456520081,2025-04-16 15:47:11.639969,2025-04-16 15:47:22.803636,0 days 00:00:11.163667,0.3573136169756895,0.6366113277803689,8,0.2643189862119333,0.15026409480132447,0.04999381863791962,0.036825071631144464,0.03173367699205054,0.020477337584074506,0.0001289876813584254,28,119,0.017972431348030074,0.18833888168635302,False,False,False,0.0007640058622491688,COMPLETE
388,0.47235635519027713,2025-04-16 15:47:22.924925,2025-04-16 15:47:34.296767,0 days 00:00:11.371842,0.30260204564522714,0.6095556555391591,8,0.14591250618737475,0.14106834374918184,0.06815033017727218,0.033797351443395955,0.04274196039675831,0.028060299773414944,5.518060491991604e-05,29,127,0.02241807811320742,0.17436245392539873,False,False,False,0.000493783461496574,COMPLETE
389,0.5801488518714906,2025-04-16 15:47:34.428647,2025-04-16 15:47:45.893749,0 days 00:00:11.465102,0.2781701997456982,0.6470381130390054,8,0.11385385937010493,0.13434370218156946,0.06290158820840379,0.02739489187306315,0.029539344580665625,0.026150454571793054,8.305897297366295e-05,30,117,0.015769545995281145,0.21847784028858977,False,False,False,0.0003259317823420512,COMPLETE
390,0.42331781387329104,2025-04-16 15:47:46.016673,2025-04-16 15:48:11.518034,0 days 00:00:25.501361,0.26641638964389724,0.6407850397566179,2,0.11280104534364627,0.1359652562555234,0.0657810652161657,0.0240885465422221,0.03846765095126429,0.02529757497077509,0.00010740292682221798,30,114,0.013425809963838891,0.22938526390518033,False,False,False,4.550755249953286e-06,COMPLETE
391,0.574176836013794,2025-04-16 15:48:11.639091,2025-04-16 15:48:23.064106,0 days 00:00:11.425015,0.32115197667620626,0.6208206555121155,8,0.11782823492095283,0.1472836322548319,0.06192080468951105,0.02751845207004911,0.030587980622417375,0.023042150967540205,6.187199954125127e-05,30,117,0.015098831816021637,0.218098387986648,False,False,False,0.00032678547604366646,COMPLETE
