number,value,datetime_start,datetime_complete,duration,params_alpha-eval,params_alpha-train,params_batch-size,params_eps-eval,params_eps-train,params_lambda-actions-eval,params_lambda-actions-train,params_lambda-frames-eval,params_lambda-frames-train,params_learning-rate,params_n-epochs,params_n-frames,params_radius-gw,params_rho,params_std-feats,params_ub-actions,params_ub-frames,params_weight-decay,state
0,0.09215089827775956,2025-04-09 11:19:59.028807,2025-04-09 11:20:06.380184,0 days 00:00:07.351377,0.07739490448486033,0.9482937445161463,16,0.2755182671435119,0.29889028557434344,0.06630550218493614,0.001809313309041544,0.06524475692032387,0.09055301141580212,2.0144345679234297e-05,20,43,0.03283202452188559,0.09458481994439875,False,True,True,1.5840135660657076e-05,COMPLETE
1,0.1695841193199158,2025-04-09 11:20:06.384479,2025-04-09 11:20:12.606960,0 days 00:00:06.222481,0.8042565341177776,0.03602809856778306,16,0.06439830536843955,0.07986981853324125,0.082712125171468,0.06483047458200773,0.046078629910343005,0.024866676155812138,1.9501581256084502e-05,6,61,0.052601454348061676,0.08704197510292562,False,True,True,5.6509792455312854e-08,COMPLETE
2,0.09966772347688677,2025-04-09 11:20:12.610906,2025-04-09 11:20:19.570998,0 days 00:00:06.960092,0.27757715352754025,0.7640174593118921,16,0.09774547154278099,0.11677570055463261,0.0690952554354076,0.002620791098874815,0.04063380712850133,0.06144237911096601,4.653976146881066e-05,13,80,0.047804746248763956,0.214340438816733,True,False,True,1.1407470998086484e-05,COMPLETE
3,0.09215089827775956,2025-04-09 11:20:19.574978,2025-04-09 11:20:26.791143,0 days 00:00:07.216165,0.17022250492521226,0.07100230607615332,8,0.002034318565125162,0.2827204657610445,0.07550798026709517,0.054696838897247954,0.0104602899934826,0.09419611460630162,0.00044714991001316854,10,15,0.07807943016341501,0.20918240592472329,False,True,True,1.2356417834886766e-05,COMPLETE
4,0.38242635726928714,2025-04-09 11:20:26.796064,2025-04-09 11:20:33.462771,0 days 00:00:06.666707,0.3430173842562398,0.5956822855305948,16,0.04650751338019776,0.14393299540702578,0.06149814601967664,0.06282970923218778,0.02723473844090561,0.037945354748869495,7.820954476017849e-05,6,43,0.08788633386032012,0.2808405441790969,False,False,False,2.414366791556001e-05,COMPLETE
5,0.3917422413825989,2025-04-09 11:20:33.467396,2025-04-09 11:20:56.255443,0 days 00:00:22.788047,0.09753152350525046,0.4065234925137026,2,0.11867850896062002,0.0659338478505081,0.07729976162611765,0.020808019033736906,0.08839523013797147,0.05213216752701238,0.03885769934124375,26,56,0.01488647793996812,0.24955017976161908,False,False,False,1.218810359077953e-05,COMPLETE
6,0.26115546822547914,2025-04-09 11:20:56.260852,2025-04-09 11:21:04.827116,0 days 00:00:08.566264,0.4235978146198522,0.4320259727094178,8,0.05053741909056154,0.18040389593171774,0.016904442505066807,0.06662679448389983,0.030222377795194,0.003995403321887175,0.002278716675526932,19,131,0.030001077002945874,0.041023383173833756,False,True,True,5.575674636445218e-08,COMPLETE
7,0.4164378762245179,2025-04-09 11:21:04.832656,2025-04-09 11:21:12.221325,0 days 00:00:07.388669,0.2312246842690874,0.9905293353214002,16,0.13714401871749887,0.03669216414147937,0.06652037061625954,0.08445360507077161,0.019977954284175266,0.00320034567144247,0.011561061145490737,11,150,0.01897424594820396,0.06346428058121996,True,False,False,9.816714151735245e-08,COMPLETE
8,0.13374262452125552,2025-04-09 11:21:12.226909,2025-04-09 11:21:22.450050,0 days 00:00:10.223141,0.8575478958098335,0.5871906628357969,8,0.14776618581883588,0.25207507487295006,0.069911146442134,0.050873279399031426,0.026191428876275884,0.08411050000328138,5.231425595741819e-05,30,92,0.052825517721414715,0.01636064967074719,True,True,False,1.4213592009247756e-06,COMPLETE
9,0.09215089827775956,2025-04-09 11:21:22.455922,2025-04-09 11:21:31.909470,0 days 00:00:09.453548,0.4859511161715614,0.1608379947282756,8,0.19257883501527018,0.06314565184659003,0.027166326538151552,0.057713894153874644,0.03661307971099965,0.044359182470306444,3.886951158208639e-05,25,94,0.07543340770584528,0.018322946864953227,True,True,True,1.0022687797620568e-07,COMPLETE
10,0.09215089827775956,2025-04-09 11:21:31.916363,2025-04-09 11:21:46.724695,0 days 00:00:14.808332,0.6264658897252197,0.9680849991937723,2,0.232406405420507,0.0002753898664810128,0.09719558486707242,0.09582601114033036,0.010221001551059386,0.004478072081954554,0.0754748385796866,13,147,0.0015581661291804993,0.13349515848169546,True,False,False,0.0005437407218333252,COMPLETE
11,0.09215089827775956,2025-04-09 11:21:46.731312,2025-04-09 11:22:08.189381,0 days 00:00:21.458069,0.01775276202108922,0.3371591254502804,2,0.1466470880003447,0.0003333134810534766,0.04087005006530085,0.026046843848555153,0.09567624647447667,0.06394154867478453,0.04265903986023407,24,117,0.008852909473342323,0.29337065679867547,True,False,False,6.005310815790514e-07,COMPLETE
12,0.4056821703910828,2025-04-09 11:22:08.196516,2025-04-09 11:22:34.322880,0 days 00:00:26.126364,0.21025293885385393,0.276625802922933,2,0.11663803759716633,0.05849080192336012,0.04158826987845862,0.0943637449310771,0.0671055468090622,0.026073480608409222,0.008358724928126926,30,17,0.021026629077503703,0.1945927231040096,False,False,False,0.0006603554605095828,COMPLETE
13,0.48313828706741335,2025-04-09 11:22:34.333065,2025-04-09 11:22:50.056409,0 days 00:00:15.723344,0.2659598644185493,0.257418383287144,2,0.18830214379393378,0.03831586918758331,0.044368339426654385,0.09861557084950542,0.06353047254570461,0.022779527707025963,0.006622479425952478,14,13,0.02559954265352033,0.15861240719716635,True,False,False,0.0005112680152413327,COMPLETE
14,0.37822755575180056,2025-04-09 11:22:50.066328,2025-04-09 11:22:57.801371,0 days 00:00:07.735043,0.6167584439765676,0.7838442044951698,16,0.21528256375674495,0.20148870830377658,0.05375867819689803,0.0819936730190335,0.06412815880399741,0.019139221662601874,0.007869635657571619,15,114,0.03652466247921457,0.15793085592981362,True,False,False,0.00013570689606046043,COMPLETE
15,0.2784207105636597,2025-04-09 11:22:57.809302,2025-04-09 11:23:10.803378,0 days 00:00:12.994076,0.3354684388685819,0.2232104654449268,2,0.1833762667942044,0.032445662349518595,0.03560589988708995,0.08260881904094287,0.0791312693225267,0.015112846590263537,0.006283488147130052,10,149,0.022329760027588776,0.08985647075840332,True,False,False,1.0811072382785084e-08,COMPLETE
16,0.33739914298057555,2025-04-09 11:23:10.812028,2025-04-09 11:23:27.605611,0 days 00:00:16.793583,0.6158275624478543,0.7716591107510081,2,0.2910006576445481,0.11668890547945526,0.0033003583014750357,0.08069977826590785,0.05665915867435615,0.03287281920930233,0.0006069753529066269,16,7,0.0406668165842327,0.15407317661096437,True,False,False,3.7576486542954363e-07,COMPLETE
17,0.338779354095459,2025-04-09 11:23:27.614059,2025-04-09 11:23:34.622254,0 days 00:00:07.008195,0.1989700203800141,0.5533146778545612,16,0.23927109377464234,0.10251385538691707,0.05022566159062135,0.09567942521604295,0.0012030590969155895,0.0012974164348489748,0.0019204535382053446,9,31,0.0036394347647301737,0.05459842724906758,True,False,False,0.00010203305829440301,COMPLETE
18,0.4053953528404236,2025-04-09 11:23:34.631058,2025-04-09 11:23:49.437394,0 days 00:00:14.806336,0.98028005555078,0.16602260878561423,2,0.16766261754767775,0.03435007867864763,0.09485339545082305,0.03762695983908796,0.08020722990312754,0.014035043054928585,0.0214189731844095,13,68,0.06459096911570203,0.12358565751597111,True,False,False,1.2050580307256407e-08,COMPLETE
19,0.39000529050827026,2025-04-09 11:23:49.446363,2025-04-09 11:23:57.844686,0 days 00:00:08.398323,0.40884395371686433,0.6879320985141171,16,0.09018403214812641,0.14707954243502902,0.0544159580092235,0.07387631469092819,0.05394603205810892,0.011507920234140444,0.0002517470580154348,21,108,0.0230866690779416,0.177474614363818,True,False,False,2.8863668405685433e-06,COMPLETE
20,0.4303268909454346,2025-04-09 11:23:57.853904,2025-04-09 11:24:05.854202,0 days 00:00:08.000298,0.2741246854500816,0.8645796424380772,16,0.20197657932320412,0.0304639521447801,0.024247585128427895,0.041644261264397624,0.017001051528579957,0.03243340349825574,0.002905534742815488,17,133,0.012989424980148129,0.11713913699578649,True,False,False,2.53801870597271e-07,COMPLETE
21,0.09215089827775956,2025-04-09 11:24:05.864722,2025-04-09 11:24:13.728988,0 days 00:00:07.864266,0.27569225810700293,0.9942656477262742,16,0.19580160944576933,0.03264197757574017,0.019118943570262358,0.04328206726547621,0.018658182944455964,0.03422682214194882,0.0020591108712483893,17,137,0.01478495947744554,0.11500554353402721,True,False,False,1.7402050994596133e-07,COMPLETE
22,0.2433253049850464,2025-04-09 11:24:13.739927,2025-04-09 11:24:21.395935,0 days 00:00:07.656008,0.1391561524297137,0.867155003606266,16,0.24386323249939293,0.026207318452038383,0.028819469814604898,0.09974183036788921,0.012621800486856054,0.02591715661350297,0.014780366245209871,14,129,0.012668890264876422,0.06607081526319195,True,False,False,6.334664266791827e-07,COMPLETE
23,0.34932229518890384,2025-04-09 11:24:21.406077,2025-04-09 11:24:28.733148,0 days 00:00:07.327071,0.2898463844354102,0.8721815847360128,16,0.16099930606865223,0.09378565687668969,0.012985283426073402,0.036969801297894914,0.0016691084506090421,0.04696015319326087,0.0042524687956052645,11,102,0.02702891230041992,0.1086004193098766,True,False,False,2.5867835520675908e-08,COMPLETE
24,0.40661941766738896,2025-04-09 11:24:28.744848,2025-04-09 11:24:35.771176,0 days 00:00:07.026328,0.5289950757791375,0.8871551121112858,16,0.20888868755110923,0.047612177363578194,0.039768053012511115,0.0908722361853998,0.0174702423542335,0.021745133255860558,0.0036324851762373827,8,125,0.03947964795175304,0.07565153171991912,True,False,False,2.3441758785330603e-07,COMPLETE
25,0.09215089827775956,2025-04-09 11:24:35.783026,2025-04-09 11:24:53.632370,0 days 00:00:17.849344,0.3921022903043737,0.6757043227051307,2,0.12986747855794514,0.016521298076638376,0.04951706867570156,0.08640205557140096,0.046722970887183704,0.009947526152522302,0.0010643588394509032,18,139,0.009181537616098887,0.1422218427179939,True,False,False,1.4616841999740215e-06,COMPLETE
26,0.40532305836677557,2025-04-09 11:24:53.643468,2025-04-09 11:25:02.107375,0 days 00:00:08.463907,0.01621535385757461,0.45479814876729285,16,0.26363158767377504,0.08549989669774538,0.02962718240205306,0.07082979050522503,0.035051834958972496,0.03952894713983963,0.01549853463128992,22,81,0.018710572779768814,0.1732614212450341,True,False,False,7.129061602227185e-05,COMPLETE
27,0.3275770306587219,2025-04-09 11:25:02.118879,2025-04-09 11:25:09.543656,0 days 00:00:07.424777,0.21843928114933556,0.3499983567023006,16,0.17150991036931623,0.19601597435986773,0.05968474305617098,0.016473714541231983,0.024179595816171195,0.030548137753705906,0.00020243939656506792,12,148,0.006038778662250718,0.041555699310341046,True,False,False,2.8467480107941223e-06,COMPLETE
28,0.4096919655799866,2025-04-09 11:25:09.555713,2025-04-09 11:25:18.482666,0 days 00:00:08.926953,0.5120929748212156,0.6857552827406759,8,0.21786050454825948,0.05145977886269938,0.008850485887663802,0.03704680870335432,0.07519897292916362,0.05675774114196881,0.0008924220721160718,16,122,0.04413753443443229,0.2292342626972304,True,False,False,4.2606956933483034e-08,COMPLETE
29,0.09215089827775956,2025-04-09 11:25:18.496085,2025-04-09 11:25:34.793942,0 days 00:00:16.297857,0.10713629194836918,0.9075559112063665,2,0.261136884808324,0.12534148399477113,0.022328169775292624,0.045463038971841695,0.06170836727586515,0.0724957323842841,0.028388351693788276,19,31,0.032839636792064496,0.10019792925773362,True,True,True,1.2751639133264525e-07,COMPLETE
30,0.46171509027481084,2025-04-09 11:25:34.807090,2025-04-09 11:25:41.731784,0 days 00:00:06.924694,0.25746256621691427,0.8211167583003297,16,0.13865252527530988,0.011263698591384673,0.0871542813834352,0.07329747301998885,0.07005846550452953,0.019927917913476343,0.09565942156410072,8,48,0.03132447245648039,0.16590699020812422,True,False,False,5.356241565104203e-06,COMPLETE
31,0.4979018926620484,2025-04-09 11:25:41.745119,2025-04-09 11:25:48.603178,0 days 00:00:06.858059,0.34317485590736174,0.8264723054382276,16,0.13826347686673665,0.014932233697298397,0.08770841688782413,0.07663743505509536,0.07307306217230476,0.01809755894022692,0.052305343477365734,7,42,0.029189981086295023,0.13269197846334882,True,False,False,3.625849615486547e-05,COMPLETE
32,0.4639195203781128,2025-04-09 11:25:48.616184,2025-04-09 11:25:55.217660,0 days 00:00:06.601476,0.34305465836320104,0.8066521804012472,16,0.09673303413187782,0.012800423846048199,0.0877428971861659,0.0747141677954592,0.07157528590299349,0.019672150606940376,0.07379622037766505,5,47,0.028700522598990277,0.1784465807393515,True,False,False,0.0002844070177399489,COMPLETE
33,0.42816163301467897,2025-04-09 11:25:55.231389,2025-04-09 11:26:01.864079,0 days 00:00:06.632690,0.3540048061545082,0.7361695741499467,16,0.09142549327354686,0.00949785961782713,0.08774416682113578,0.07403910259391219,0.07121650371910603,0.020377477667276912,0.08815397799374144,5,48,0.05680158742119722,0.17625541602177927,True,False,False,0.00027346746745088096,COMPLETE
34,0.36797242164611815,2025-04-09 11:26:01.877777,2025-04-09 11:26:08.335311,0 days 00:00:06.457534,0.45783581669091106,0.8125383694367404,16,0.06633933124505977,0.01491043462590953,0.08668122366992087,0.06259065887810288,0.08618629442283182,0.016405587743944714,0.05692026479384005,7,32,0.028665214593557642,0.19802859404992867,False,True,True,3.8242048639964687e-05,COMPLETE
35,0.533832323551178,2025-04-09 11:26:08.349138,2025-04-09 11:26:14.952553,0 days 00:00:06.603415,0.3389752256051864,0.5145933520225427,16,0.11002792246618134,0.07533348186591837,0.07857343736415869,0.0755475292618986,0.059536835908463426,0.008055596794365526,0.09930319087664657,5,52,0.03497194973537776,0.15874847389158306,True,False,False,0.0002965087022113206,COMPLETE
36,0.2754281044006348,2025-04-09 11:26:14.966792,2025-04-09 11:26:21.296629,0 days 00:00:06.329837,0.34821946541353993,0.5065921068278362,16,0.11075437691004787,0.06942560419715639,0.0801676195451027,0.08751571825898063,0.06014257020413188,0.006605137174202379,0.029062125756645223,6,64,0.048877319223339766,0.23117932067608826,False,False,True,0.000263432169309231,COMPLETE
37,0.22432740926742556,2025-04-09 11:26:21.311526,2025-04-09 11:26:27.844959,0 days 00:00:06.533433,0.5373333432552084,0.0693308052021778,16,0.003501607568776155,0.07316527427851728,0.07183842748727069,0.07810087289073024,0.04725864453755711,0.010357611836784728,0.05036952085471135,5,22,0.03507044204320964,0.14342470710908056,True,False,False,0.0009701614864688263,COMPLETE
38,0.09215089827775956,2025-04-09 11:26:27.861013,2025-04-09 11:26:34.550597,0 days 00:00:06.689584,0.16783684399672377,0.6458115218063983,8,0.0800362229734638,0.04661473301494863,0.09237941862267474,0.0677197435162996,0.05346844885804494,0.026720104539025354,0.026278175143917854,7,54,0.04424850665171195,0.19519865185801802,False,True,False,0.00029133204860705045,COMPLETE
39,0.3583763122558594,2025-04-09 11:26:34.565669,2025-04-09 11:26:40.861410,0 days 00:00:06.295741,0.3141618887608382,0.36112609627586956,16,0.026622921615679973,0.10109470986499879,0.07625036961786551,0.05492166181582785,0.08582390722982673,0.037632938852681666,0.043057720629657334,5,73,0.09990676944977667,0.2581647323263788,True,False,True,4.975619211188339e-05,COMPLETE
40,0.17349164485931398,2025-04-09 11:26:40.878711,2025-04-09 11:26:52.054121,0 days 00:00:11.175410,0.43403442425456923,0.4999012334566613,2,0.10281197892380184,0.2936934021964033,0.08301905451715465,0.05967605746778373,0.09790333353408705,0.007849711864442046,0.018074099801542686,9,38,0.026166487495271125,0.13223627869462584,True,True,False,2.2035561276900623e-05,COMPLETE
41,0.42042612433433535,2025-04-09 11:26:52.071065,2025-04-09 11:26:59.007408,0 days 00:00:06.936343,0.24644620262237146,0.9204654464575641,16,0.13231446119248866,0.012936499479179752,0.09000454017738094,0.07679176434730557,0.06829182216635708,0.021408497466875856,0.08732530945780699,7,54,0.03256344834128035,0.16086284394928044,True,False,False,7.303007459456346e-06,COMPLETE
42,0.4753774762153626,2025-04-09 11:26:59.024791,2025-04-09 11:27:05.948277,0 days 00:00:06.923486,0.38113291268370736,0.8193867649821261,16,0.12299723715963418,0.020381975795893258,0.0991025406130853,0.06819530925759229,0.07220920329110732,0.016286388791758873,0.06317868733110131,8,44,0.029500317813596813,0.1695469369287246,True,False,False,6.7167803957237566e-06,COMPLETE
43,0.4071816265583038,2025-04-09 11:27:05.964840,2025-04-09 11:27:12.985682,0 days 00:00:07.020842,0.3902187521543768,0.6080328463416586,16,0.12162744133253993,0.04720077270112573,0.09620944128810892,0.06863245761543406,0.07497919176440854,0.01537437545589327,0.05700678535794585,9,23,0.03884250614127186,0.18322386441691058,True,False,False,0.00020474565347821465,COMPLETE
44,0.4429866075515747,2025-04-09 11:27:13.002773,2025-04-09 11:27:19.790644,0 days 00:00:06.787871,0.47099887265257256,0.736792482038706,16,0.07493854660440798,0.1662118409154476,0.09864460971878639,0.06293048815141851,0.05846688077231643,0.028912269799062997,0.03243251979145739,7,39,0.026187081213214038,0.2197894194747863,True,False,False,0.0004703457330654728,COMPLETE
45,0.09215089827775956,2025-04-09 11:27:19.808473,2025-04-09 11:27:27.237465,0 days 00:00:07.428992,0.37895211963851594,0.2803974185310302,8,0.04736237987725378,0.001048273165515758,0.0818581017853028,0.09012945063337142,0.09080384481774312,0.006411187719724903,0.06109812401977973,11,5,0.01882457998127656,0.20655062165767818,True,False,False,0.00013307224959708253,COMPLETE
46,0.41853380203247076,2025-04-09 11:27:27.256310,2025-04-09 11:27:33.844497,0 days 00:00:06.588187,0.5687447931791465,0.8248864024560904,16,0.15756704192984297,0.07964479730758622,0.0606658320596412,0.07884591561887272,0.08000786288306823,0.023960619770398837,0.09826452998242481,5,60,0.044178656843380515,0.14733556530226435,False,False,False,3.1080795717143876e-05,COMPLETE
47,0.09227550774812698,2025-04-09 11:27:33.862395,2025-04-09 11:27:43.305422,0 days 00:00:09.443027,0.3077613928235788,0.9529985215067919,2,0.10134370380101355,0.0606400739990818,0.09283679564423912,0.05127114437408625,0.06435148268846837,0.08889738870835882,1.3981709206811832e-05,6,47,0.058200374154818574,0.185102843385302,True,False,True,1.602268529093417e-05,COMPLETE
48,0.5041594624519349,2025-04-09 11:27:43.323687,2025-04-09 11:27:50.149054,0 days 00:00:06.825367,0.7576741317652538,0.1360873581111311,16,0.17912821033147217,0.02044321570957893,0.07090351125795878,0.09958355590838207,0.07421414463865904,0.04258119592247335,0.010344192286142482,8,13,0.03612014235973267,0.13595982272197163,True,False,False,5.956512894375475e-05,COMPLETE
49,0.23317570090293888,2025-04-09 11:27:50.167691,2025-04-09 11:28:01.793576,0 days 00:00:11.625885,0.7511237757294265,0.12169116956810512,2,0.18069954606509958,0.022753278641977945,0.07267854446873566,0.09985659595926491,0.0752518532982446,0.06637827335206639,0.009007869499127252,10,16,0.03596592276282465,0.1377699287430509,True,True,False,7.252701618413752e-05,COMPLETE
50,0.3911277651786804,2025-04-09 11:28:01.811979,2025-04-09 11:28:09.908379,0 days 00:00:08.096400,0.7017745239119043,0.21881360208413597,8,0.15104054333316128,0.2596975795741882,0.06600596144231523,0.08887441906896514,0.043104699488062344,0.04872062584027307,0.005779332818483842,12,12,0.05235992714098244,0.12779777717491425,False,False,False,8.21856154227655e-06,COMPLETE
51,0.46911909580230715,2025-04-09 11:28:09.927273,2025-04-09 11:28:16.977548,0 days 00:00:07.050275,0.875598190447305,0.04708962323218435,16,0.18278010738528214,0.04173354246665033,0.0789721247690701,0.08353498494288839,0.072268448756476,0.054380390643418416,0.012343238567993195,8,23,0.02361165312414771,0.1650953461115014,True,False,False,0.00044391160828272146,COMPLETE
52,0.5097539544105529,2025-04-09 11:28:16.997690,2025-04-09 11:28:23.915970,0 days 00:00:06.918280,0.8912931854609996,0.03235555086106386,16,0.18091900372322178,0.04889864204362899,0.07885447674652526,0.09336751927973917,0.08275527920238664,0.053019662671754314,0.010918122849962643,8,21,0.02310698370097928,0.15793130798865018,True,False,False,0.000995968916095632,COMPLETE
53,0.43728322386741636,2025-04-09 11:28:23.936382,2025-04-09 11:28:30.935035,0 days 00:00:06.998653,0.8529690621446091,0.011583605298826283,16,0.1426883717039527,0.0556821205188384,0.06467375806573007,0.09427368163955908,0.08216535753527925,0.04247709340234902,0.021207522336740465,9,11,0.018322626690949466,0.1543538694058669,True,False,False,0.0008807944539641133,COMPLETE
54,0.4648242235183716,2025-04-09 11:28:30.956856,2025-04-09 11:28:37.873183,0 days 00:00:06.916327,0.9778934321936408,0.1156660786695275,16,0.17328102425328262,0.03750994160644859,0.04670095212622211,0.09289632536767106,0.0668961204502223,0.07505960415876392,0.010910409017029526,8,37,0.03163340962390946,0.10963114052865275,True,False,False,0.00016328815429812645,COMPLETE
55,0.5116748094558716,2025-04-09 11:28:37.894957,2025-04-09 11:28:45.059066,0 days 00:00:07.164109,0.8086743433197779,0.10411345532876207,16,0.12329635046072143,0.02364440070706726,0.08380249957976474,0.0983636970507151,0.09166638452515839,0.0014070879068168226,0.03820403557360446,10,28,0.03716704305532234,0.12504631853179782,True,False,False,8.394036163057982e-05,COMPLETE
