number,value,datetime_start,datetime_complete,duration,params_alpha-eval,params_alpha-train,params_batch-size,params_eps-eval,params_eps-train,params_lambda-actions-eval,params_lambda-actions-train,params_lambda-frames-eval,params_lambda-frames-train,params_learning-rate,params_n-epochs,params_n-frames,params_radius-gw,params_rho,params_std-feats,params_ub-actions,params_ub-frames,params_weight-decay,state
1576,0.511125385761261,2025-04-09 14:59:58.575142,2025-04-09 15:00:06.692840,0 days 00:00:08.117698,0.2636068902078464,0.026509134027348724,16,0.07016187489978357,0.023476950691973385,0.049071101028904524,0.09084329511269913,0.02675599200515782,0.027277533292245252,0.05255516998046845,25,28,0.019789623103092256,0.23989145099900078,False,False,True,0.00030656160565996674,COMPLETE
1577,0.42636272907257083,2025-04-09 15:00:07.229261,2025-04-09 15:00:15.215617,0 days 00:00:07.986356,0.21814479137669607,0.10640557153562691,16,0.11646521744476927,0.04517978019268509,0.0636519094079076,0.08539267706844544,0.03684796292755975,0.003849199651713638,0.042847210416778435,24,22,0.029170743180489556,0.2335380026403268,False,False,True,0.00043328564060348296,COMPLETE
1578,0.40880783796310427,2025-04-09 15:00:15.733594,2025-04-09 15:00:23.817274,0 days 00:00:08.083680,0.19118303068430526,0.18476542719951525,16,0.0837826843899903,0.03154124747976561,0.04607222341425632,0.09475836912145537,0.028165142476198255,0.007286303366748506,0.06565646207243238,25,26,0.024098087651443476,0.2900418315702976,False,False,True,0.0006945250982333601,COMPLETE
1579,0.44997012615203863,2025-04-09 15:00:24.339682,2025-04-09 15:00:32.633002,0 days 00:00:08.293320,0.28426656010896095,0.13360871980896505,16,0.0767893938295609,0.017389822775833334,0.050388385418783585,0.04460570051644694,0.031070614769183304,0.014225880337762058,0.08470981329226099,26,24,0.09825388640187535,0.2957725554858715,False,False,True,0.00017986397792338552,COMPLETE
1580,0.5197249174118043,2025-04-09 15:00:33.166215,2025-04-09 15:00:41.435231,0 days 00:00:08.269016,0.2544616227710211,0.2376398458348356,16,0.10824293128351727,0.025903898191652952,0.055028701838964515,0.08957627016163187,0.07206983786007251,0.0030598093079757696,0.036856186092366884,28,31,0.016259510710567117,0.243941285701585,False,False,True,0.0001049493268154808,COMPLETE
1581,0.3347326099872589,2025-04-09 15:00:41.948508,2025-04-09 15:00:50.007866,0 days 00:00:08.059358,0.14466719879079687,0.16867246277510323,16,0.09116269419817781,0.05181157446392612,0.04807368988964662,0.09657572179941472,0.024994470260778237,0.0051857629085917505,0.05507909398597321,25,35,0.021498121297462272,0.29072850783425386,False,False,True,0.00022892055242607052,COMPLETE
1582,0.14872580766677856,2025-04-09 15:00:50.517238,2025-04-09 15:00:58.410458,0 days 00:00:07.893220,0.23030490205981574,0.3289638008474284,16,0.061641425164231205,0.2646346222454789,0.044058423420106956,0.09277166948361534,0.03321876366289224,0.012414089697672494,0.04600195987636283,24,28,0.02740739541907547,0.22697998498092284,False,False,True,0.00013750945098660482,COMPLETE
1583,0.4279812335968018,2025-04-09 15:00:58.939241,2025-04-09 15:01:07.825863,0 days 00:00:08.886622,0.3165815798544628,0.28830874812978846,16,0.1767794501070331,0.040168627293730386,0.051363011659689685,0.0833893098680888,0.028691211295145017,0.009273596461146467,0.029637645445794603,26,19,0.02606279368703225,0.2998898328203077,False,False,False,0.000280333721961937,COMPLETE
1584,0.32431615591049195,2025-04-09 15:01:08.339788,2025-04-09 15:01:27.823962,0 days 00:00:19.484174,0.3746128947417121,0.04813971947864486,2,0.10208914450121087,0.0052608589625517555,0.06096943871241134,0.08841869186165807,0.030956428185309443,0.00279682258575413,0.07405658924645536,25,25,0.01909915660124403,0.29397185384264213,False,False,True,0.0003793372630364785,COMPLETE
1585,0.37250365614891057,2025-04-09 15:01:28.344955,2025-04-09 15:01:36.646192,0 days 00:00:08.301237,0.29413663748847857,0.0901482734135347,16,0.09576777529516971,0.03445673279842781,0.029994697041770692,0.09826870643607681,0.02298588299634479,0.005391607080554162,0.060691463556515717,27,31,0.022914131284622385,0.19720834357516268,False,False,True,0.00018307879141404954,COMPLETE
1586,0.4668061494827271,2025-04-09 15:01:37.181838,2025-04-09 15:01:44.498258,0 days 00:00:07.316420,0.2071966609624798,0.11984022875842466,16,0.08700421653881893,0.06344314250003281,0.040753577984148116,0.0913160389756597,0.09396100689052919,0.007606697049305643,0.04233078688905422,16,23,0.02401547003674154,0.23847805109845713,True,False,True,0.0002509516006017476,COMPLETE
1587,0.34335163831710813,2025-04-09 15:01:45.015420,2025-04-09 15:01:52.961575,0 days 00:00:07.946155,0.17504486144138934,0.04257499468071195,16,0.1093541303369735,0.010439548703243057,0.023949191730496443,0.07989445024279866,0.027404557558828185,0.004276371701125819,0.09978864718404394,24,14,0.018302952043689296,0.15333465386559378,False,False,True,0.0005740555652894536,COMPLETE
1588,0.5009308815002441,2025-04-09 15:01:53.497256,2025-04-09 15:02:01.579404,0 days 00:00:08.082148,0.27355162037034975,0.14839917478085835,16,0.11990220061592582,0.029145957695978088,0.04622579139622378,0.09463356659054392,0.0750920040440175,0.0107172846870658,0.01043988194226351,25,28,0.03107678204303249,0.28971938548862214,False,False,True,0.0003093429127428697,COMPLETE
1589,0.09686520248651505,2025-04-09 15:02:02.098383,2025-04-09 15:02:10.093830,0 days 00:00:07.995447,0.34416758094968475,0.0261930954216458,16,0.21870839043443502,0.2747383977131834,0.04819409546172059,0.09580741339284578,0.02912484152886128,0.0026083143174997813,0.04898631368055877,26,21,0.021160028765362552,0.21227720117260496,False,False,True,0.00014377626741948,COMPLETE
1590,0.507731056213379,2025-04-09 15:02:10.610456,2025-04-09 15:02:17.606207,0 days 00:00:06.995751,0.244908857440705,0.010794334598490517,16,0.08282171078316157,0.019722690978124766,0.021527678519858408,0.08625936765821157,0.034366158555576475,0.0062830296518804315,0.03655816668248556,12,33,0.028560055020100866,0.29994918722440955,False,False,True,0.0004117419045765185,COMPLETE
1591,0.31315938234329227,2025-04-09 15:02:18.149783,2025-04-09 15:02:26.112823,0 days 00:00:07.963040,0.3157828540822496,0.07528551932344126,16,0.19896020696358702,0.03873575211777632,0.053994832783985196,0.09284573253327986,0.07702853189686899,0.008114010552590053,0.026709164687586467,24,26,0.026432949279153573,0.2497908764336976,False,False,True,0.0002014670659797071,COMPLETE
1592,0.4210160553455353,2025-04-09 15:02:26.634562,2025-04-09 15:02:34.658881,0 days 00:00:08.024319,0.4219913606523355,0.1084073884350377,16,0.07499928282289711,0.01544071128830835,0.04448986875145009,0.08993838492898845,0.02565099552387424,0.004251904087697566,0.06452979282015288,25,18,0.023466611337255125,0.22283532623305544,False,True,True,0.00011151177023249519,COMPLETE
1593,0.5527003526687623,2025-04-09 15:02:35.176730,2025-04-09 15:02:43.446644,0 days 00:00:08.269914,0.2895987768642859,0.1359242657589547,16,0.10161758602497456,0.04556198364707244,0.050291895256774743,0.0984374929872594,0.03067826830202662,0.002648908217794909,0.05053278030492934,26,30,0.025553830461872235,0.2942468886224227,False,False,True,0.0002542073414444025,COMPLETE
1594,0.36456246972084044,2025-04-09 15:02:43.986750,2025-04-09 15:02:52.243475,0 days 00:00:08.256725,0.19315586872162974,0.16867808239523258,16,0.09065996769499032,0.022230366018596535,0.04697995604291441,0.06074044446850292,0.03250945669326126,0.005852156825885552,0.0784990112017344,27,22,0.02154985397794428,0.031847260562368224,False,False,True,0.0004984650386229714,COMPLETE
1595,0.5913786888122559,2025-04-09 15:02:52.768249,2025-04-09 15:03:00.837054,0 days 00:00:08.068805,0.22569915640908234,0.20733407494559866,16,0.12464447641576502,0.02942887051487396,0.05615220895332127,0.0938340333944091,0.025094510821735867,0.009190872976537312,0.056513387750278185,24,27,0.03478353665565783,0.2864825825604279,False,False,True,0.0003407511194223604,COMPLETE
1596,0.516607117652893,2025-04-09 15:03:01.350249,2025-04-09 15:03:09.463355,0 days 00:00:08.113106,0.2584349919201204,0.09591638637989813,16,0.09630569196001212,0.03688749251121276,0.05205918414645759,0.08779987798508768,0.02824867959985992,0.004258235934357867,0.03252702408067827,25,34,0.01632030361292524,0.23069630236416924,False,False,True,0.00017335994073626538,COMPLETE
1597,0.4357994019985199,2025-04-09 15:03:10.001247,2025-04-09 15:03:16.908723,0 days 00:00:06.907476,0.16605285203891426,0.06330523451741762,16,0.1154160941900541,0.057218235791933365,0.048580669248456186,0.09136805069666891,0.03761475760386168,0.0027410834772057524,0.04366135037344069,11,25,0.0193618805801274,0.2944884128824986,False,False,True,0.0002072850149555504,COMPLETE
1598,0.4800496220588684,2025-04-09 15:03:17.425726,2025-04-09 15:03:25.495721,0 days 00:00:08.069995,0.3298887765165512,0.12029602985018449,16,0.1056891188429003,0.050699962220154875,0.02030753237702867,0.09497303197407904,0.07308119502898934,0.0010032439779377597,0.03886155695434389,25,30,0.027635770736174323,0.289061599475671,False,False,True,0.00029830815179166914,COMPLETE
1599,0.5818428754806519,2025-04-09 15:03:26.040663,2025-04-09 15:03:34.204985,0 days 00:00:08.164322,0.27973692473584366,0.028557103047602075,16,0.08191827042270142,0.02534127918092933,0.045964191971957336,0.09699373221876645,0.034888026818234184,0.007139998877412184,0.06336084137835965,26,21,0.02437750053821674,0.2949299921478795,False,False,True,0.0001510421744424249,COMPLETE
1600,0.4984827280044556,2025-04-09 15:03:34.725459,2025-04-09 15:03:42.885243,0 days 00:00:08.159784,0.20703862746593213,0.14569126835977644,16,0.09176430363050454,0.01254289377101481,0.04316217687074002,0.08978243716135298,0.03219939283809635,0.01112435318250947,0.02181750252409724,26,28,0.022454600715988815,0.28312754714842014,False,False,True,1.4560571225666664e-08,COMPLETE
1601,0.29161205887794495,2025-04-09 15:03:43.408394,2025-04-09 15:04:03.005269,0 days 00:00:19.596875,0.30867600106497695,0.1869235920984977,2,0.10003072061359171,0.043309679204411894,0.0214024743148218,0.0999433463044682,0.039855971925131344,0.0049721400707578595,0.05187159590236162,25,25,0.029622491526601978,0.28975676966171204,False,False,True,0.00042711124551258816,COMPLETE
1602,0.47509449720382696,2025-04-09 15:04:03.546176,2025-04-09 15:04:11.653539,0 days 00:00:08.107363,0.14152054440633327,0.043858282514885584,16,0.050299736292856806,0.03353378941968406,0.04981436845779639,0.0932342780991048,0.02251193873158785,0.007462179072990559,0.00012352856949981433,24,32,0.02588561343935773,0.2998577925059059,False,False,True,0.0002493374542075196,COMPLETE
1603,0.5188705682754517,2025-04-09 15:04:12.178367,2025-04-09 15:04:20.972217,0 days 00:00:08.793850,0.35737768460508607,0.08463982261203395,16,0.1101857433491209,0.019836724593808246,0.05308616689412816,0.09166415360252125,0.029537186285131516,0.0010590736201379419,0.07811040064661,26,17,0.012664432460002959,0.2369790496882308,False,False,False,0.00012692336376418008,COMPLETE
1604,0.08757337480783464,2025-04-09 15:04:21.493428,2025-04-09 15:04:29.552513,0 days 00:00:08.059085,0.24763215256356283,0.010048783527288916,16,0.08651311227894355,0.22836202869903405,0.044767197414219584,0.0819233971651296,0.0271208539722484,0.005496820919215545,0.03310877969685839,25,92,0.017423873476846565,0.08389628565872395,False,False,True,0.00019739314556895899,COMPLETE
1605,0.5383561253547668,2025-04-09 15:04:30.093914,2025-04-09 15:04:38.113424,0 days 00:00:08.019510,0.22318357531065253,0.1250363008631996,16,0.07677208342763676,0.027180152940912555,0.023963067688415152,0.0966663540935929,0.07709814186169375,0.003242172643359154,0.04318890092809185,24,23,0.020496717833998947,0.2998335966242064,False,False,True,0.0008009638054953939,COMPLETE
1606,0.34592735171318056,2025-04-09 15:04:38.635520,2025-04-09 15:04:45.912261,0 days 00:00:07.276741,0.2676845580876832,0.15619477818921135,16,0.0951120379382864,0.0061902910326538,0.04028546373417519,0.08621646507378745,0.030397660340446653,0.009470525550300427,0.07115407776157186,15,29,0.014253608797901732,0.28525385932798625,True,False,True,0.0003474137673878944,COMPLETE
1607,0.3482008397579194,2025-04-09 15:04:46.430470,2025-04-09 15:04:53.955030,0 days 00:00:07.524560,0.18968062207958838,0.06821421609380708,16,0.06621197583405913,0.014909472780427962,0.057319080338189596,0.08944898025532907,0.02460123112830046,0.01710584330633266,0.053963979888923805,18,35,0.02347213168307795,0.29010899989243816,False,False,True,0.0005692561752163096,COMPLETE
1608,0.5516547679901124,2025-04-09 15:04:54.498980,2025-04-09 15:05:02.836720,0 days 00:00:08.337740,0.2995767989907323,0.09724872515924629,16,0.02248616377136367,0.033258880336732674,0.0010772079573088435,0.04117171031376858,0.032488545130943174,0.013187926704172676,0.02880916269254249,27,26,0.027281361852505567,0.2943355180457527,False,False,True,0.0002649665305147782,COMPLETE
1609,0.30742717385292057,2025-04-09 15:05:03.358850,2025-04-09 15:05:11.411956,0 days 00:00:08.053106,0.3306710607492687,0.04880606588349874,16,0.07081076281132587,0.039512485605757375,0.04919833829602353,0.09528342921237538,0.026732095171918407,0.06103912010190523,9.451909735655128e-05,25,20,0.02120389109556459,0.21973250275725723,False,False,True,0.00016346524628541216,COMPLETE
1610,0.43315717577934265,2025-04-09 15:05:11.959819,2025-04-09 15:05:18.804135,0 days 00:00:06.844316,0.2807150983800552,0.10044935688164332,16,0.08881052833218975,0.023212857144641524,0.019768818285949667,0.09324069561413226,0.028893353397338024,0.0060097677375436295,0.0002730344226262669,11,31,0.025186113840642597,0.24546346097475688,False,True,True,0.00022955505140523618,COMPLETE
1611,0.587256908416748,2025-04-09 15:05:19.324899,2025-04-09 15:05:27.495742,0 days 00:00:08.170843,0.03247359804850412,0.029333439942059683,16,0.1049580364388946,0.048226733111619624,0.05856420447539263,0.05481166152526977,0.032828197140555244,0.0026297097738627786,0.03795224244098883,26,24,0.01885223960527642,0.2736596608498407,False,False,True,0.00035279024193225273,COMPLETE
1612,0.4215834796428681,2025-04-09 15:05:28.021171,2025-04-09 15:05:34.944540,0 days 00:00:06.923369,0.23907777595439822,0.11930385271875195,16,0.12269722988158295,0.05488527445236557,0.04711435215026594,0.08801825529345886,0.07145184755856623,0.004239961703380793,0.0637488435131431,12,29,0.031422691606980975,0.2850734330858455,False,False,True,0.00029574499755206284,COMPLETE
1613,0.46477761268615725,2025-04-09 15:05:35.493256,2025-04-09 15:05:43.478036,0 days 00:00:07.984780,0.17502226763880158,0.17122629167117748,16,0.07886362407223194,0.030116081941363185,0.0514922799890513,0.08443463245787491,0.01718471396327073,0.007965530386954496,0.017345799262659497,25,10,0.023231592417502157,0.299967438517313,False,False,True,0.00020203785772547543,COMPLETE
1614,0.30019185543060306,2025-04-09 15:05:44.036214,2025-04-09 15:05:52.077230,0 days 00:00:08.041016,0.25865567895266367,0.13869223309030806,16,0.09563473715252914,0.043375086888885424,0.022852565438470435,0.09128913899041907,0.0354604711762487,0.005782278774069463,0.04745787182985774,24,34,0.029265041128764588,0.22959543153081707,False,False,True,0.0004622071971091153,COMPLETE
1615,0.4392707884311676,2025-04-09 15:05:52.602833,2025-04-09 15:06:00.741254,0 days 00:00:08.138421,0.2054383796253128,0.05931155283902498,16,0.08471095396805627,0.01861383188124889,0.04610965369796718,0.0965753485407119,0.07445041987438716,0.0027854797777141574,0.08634032509062163,26,27,0.026078111830635287,0.29024348925352594,False,False,True,0.00011820415591152461,COMPLETE
1616,0.46882649660110476,2025-04-09 15:06:01.283767,2025-04-09 15:06:09.321096,0 days 00:00:08.037329,0.30695571884836176,0.07303399978308601,16,0.11594294269841492,0.009239531765722314,0.05454227315942555,0.09382583235672634,0.029897933858648845,0.00961281224819859,0.0010830125060625193,24,22,0.01581177194799422,0.2518039531642257,False,False,True,0.00016336532858784577,COMPLETE
1617,0.42302742004394533,2025-04-09 15:06:09.849015,2025-04-09 15:06:18.075105,0 days 00:00:08.226090,0.15438542729211058,0.11386256014229443,16,0.10012328107000651,0.025523187844833435,0.04245655336745051,0.09139321225190258,0.023113386261047197,0.004292062851844592,0.052972808869726176,27,19,0.02172357834878504,0.2948265881812008,False,False,True,0.00024980918243503185,COMPLETE
1618,0.4400792956352234,2025-04-09 15:06:18.628503,2025-04-09 15:06:30.799778,0 days 00:00:12.171275,0.388587067705817,0.02857253437029964,2,0.11137639336008315,0.035857021287947426,0.019587934163659015,0.08857130657347886,0.07838637976143392,0.047033241686261905,0.042735353795408194,11,25,0.024359296684312977,0.24148435833100065,False,False,True,0.00037475308685384857,COMPLETE
1619,0.5125877499580384,2025-04-09 15:06:31.328738,2025-04-09 15:06:39.461674,0 days 00:00:08.132936,0.2331664367163505,0.313231139482408,16,0.08774599699355717,0.029784392478340905,0.047852645132652014,0.0986127092051508,0.025923027572729445,0.007064039284937574,0.02432929806963862,25,31,0.01899450220877551,0.27902629008714014,False,False,True,0.00020582809047300582,COMPLETE
1620,0.5485800266265869,2025-04-09 15:06:39.987989,2025-04-09 15:06:47.376657,0 days 00:00:07.388668,0.3426537468620983,0.19551194100690406,16,0.07242226431237299,0.015416416924801536,0.044267970188379226,0.09500027293186482,0.03121054537693951,0.0010313343010857393,0.03302691274521404,17,15,0.020472080841498465,0.2834844372208166,False,False,True,0.00032648325706544865,COMPLETE
1621,0.4964502215385437,2025-04-09 15:06:47.925182,2025-04-09 15:06:56.728143,0 days 00:00:08.802961,0.28365050320658725,0.1561054229546775,16,0.10325573375794057,0.04026362821313695,0.02564558625750385,0.09285186750597946,0.027744423544877897,0.0010121154172703598,0.0655242146901985,26,27,0.013184926597157602,0.2897830024259101,False,False,False,0.00027117056430328205,COMPLETE
1622,0.10705869197845459,2025-04-09 15:06:57.253077,2025-04-09 15:07:05.199794,0 days 00:00:07.946717,0.32194736100912497,0.08158708022678338,16,0.17429401756145857,0.20267402525204514,0.04956278628684696,0.08642427243141475,0.03447974876129069,0.012245582075579495,0.058914590181231824,25,22,0.02658437631656467,0.09943963934707023,False,False,True,0.00046101880136252045,COMPLETE
1623,0.44170352816581726,2025-04-09 15:07:05.719489,2025-04-09 15:07:13.944861,0 days 00:00:08.225372,0.1846910438573915,0.505377594901853,16,0.09239131857948069,0.022463299986271116,0.05101604461604479,0.0897834399371262,0.024814158245084133,0.004983307899818242,0.038993076909045084,26,29,0.028720401478741532,0.233686358080538,True,False,True,0.00013403134315934778,COMPLETE
1624,0.28903598189353946,2025-04-09 15:07:14.492661,2025-04-09 15:07:22.455856,0 days 00:00:07.963195,0.2134881681398497,0.22676823526961687,16,0.08086564908024085,0.06311999914469893,0.019261454429662633,0.09543385545491131,0.08491745624557644,0.007519626041681124,0.08624889566263538,24,35,0.02331210489400129,0.1857346636488137,False,False,True,0.0001722135146233189,COMPLETE
1625,0.5863355278968811,2025-04-09 15:07:22.986081,2025-04-09 15:07:31.083971,0 days 00:00:08.097890,0.2967330187110299,0.04377586150798715,16,0.1263305932127233,0.04800340504469634,0.0033521233013362245,0.09155327729040091,0.028043223883972526,0.0028582643987541613,0.047049093193689696,25,24,0.017708099026470043,0.2906512860007828,False,False,True,0.0002286528655463625,COMPLETE
1626,0.08659366369247437,2025-04-09 15:07:31.639229,2025-04-09 15:07:38.408688,0 days 00:00:06.769459,0.25970744069892365,0.10520395925389166,16,0.1534251950014322,0.12339593575795396,0.04601013491116487,0.09385444568488634,0.02135622037338579,0.004523026644910927,0.06880384169929502,10,33,0.02469825230622364,0.2836258245150865,False,False,True,0.0005615074032298594,COMPLETE
1627,0.5561529636383057,2025-04-09 15:07:38.949735,2025-04-09 15:07:47.039384,0 days 00:00:08.089649,0.23968380599737088,0.13710800245274463,16,0.1080555193132722,0.03391462163275859,0.038205775241691754,0.09702248688204397,0.031488138187689946,0.010443933175649319,0.09984844406995101,25,28,0.027729206062733387,0.2948711373093199,False,False,True,0.00010230624626610261,COMPLETE
1628,0.2508716285228729,2025-04-09 15:07:47.570198,2025-04-09 15:07:55.726097,0 days 00:00:08.155899,0.27074842752791617,0.010514553231274213,16,0.21187827560414682,0.02641521880122948,0.05315286951694326,0.09043937787274439,0.038127680741855303,0.00593592860744776,0.034829542932258414,26,25,0.021918143176082483,0.20296588058997422,False,False,True,0.000280271314271145,COMPLETE
1629,0.22766933441162113,2025-04-09 15:07:56.283927,2025-04-09 15:08:04.264908,0 days 00:00:07.980981,0.19545759481635624,0.08635837336602387,16,0.09982385943421973,0.011939953328847416,0.06200827981626379,0.08478853586638473,0.029525602058421505,0.009002817851885754,0.0547550874534439,24,18,0.025537765856376828,0.2246615156096261,False,True,True,0.0003996986380491539,COMPLETE
1630,0.5160832881927491,2025-04-09 15:08:04.796853,2025-04-09 15:08:12.940448,0 days 00:00:08.143595,0.5100331293728115,0.043397599268000304,16,0.11736055395997494,0.01938028297591934,0.02223595793727322,0.08774731984227717,0.05256514855178832,0.002804880691469786,0.027216729465361918,27,31,0.01998971171236186,0.2743078240973161,False,False,True,0.00018162954459100835,COMPLETE
1631,0.4488370776176453,2025-04-09 15:08:13.503156,2025-04-09 15:08:21.107303,0 days 00:00:07.604147,0.3137534220395261,0.1240839406934772,16,0.08334414950083927,0.05495120368171296,0.018410606743948225,0.09828018685690676,0.019876130584119783,0.006416826321923297,0.0038994483448937544,20,22,0.03043369590044755,0.29569646335438365,False,False,True,0.0006617372071654688,COMPLETE
