number,value,datetime_start,datetime_complete,duration,params_alpha-eval,params_alpha-train,params_batch-size,params_eps-eval,params_eps-train,params_lambda-actions-eval,params_lambda-actions-train,params_lambda-frames-eval,params_lambda-frames-train,params_learning-rate,params_n-epochs,params_n-frames,params_radius-gw,params_rho,params_std-feats,params_ub-actions,params_ub-frames,params_weight-decay,state
170,0.46425051093101505,2025-04-09 11:43:04.152160,2025-04-09 11:43:10.975240,0 days 00:00:06.823080,0.1632742987286664,0.06248980640815934,8,0.14518607606280956,0.006694281710259698,0.009161452845785593,0.08422125931698794,0.07225009169300443,0.007948273016324,0.063884082346798,7,22,0.01724237774010962,0.2745017914688657,False,False,True,7.658697263805018e-05,COMPLETE
171,0.5654456973075868,2025-04-09 11:43:11.031039,2025-04-09 11:43:18.115797,0 days 00:00:07.084758,0.1958533631292616,0.07955329253427118,8,0.12377617939485899,0.013708560348576407,0.005929296646841633,0.08157726549459623,0.07608944736148894,0.010752447124595516,0.0828240435960128,9,18,0.023634266026305677,0.2656402023669413,False,False,True,3.622228226819367e-05,COMPLETE
172,0.5673356413841247,2025-04-09 11:43:18.181445,2025-04-09 11:43:25.279903,0 days 00:00:07.098458,0.194822812215531,0.08099521712781661,8,0.1248874037684647,0.015041573664617777,0.005503102818170364,0.0819258896339575,0.07615298497253566,0.0011544892433444096,0.08206909383262383,9,18,0.023791834213354273,0.2632623293390729,False,False,True,3.252785070439474e-05,COMPLETE
173,0.5418209910392762,2025-04-09 11:43:25.336820,2025-04-09 11:43:32.459058,0 days 00:00:07.122238,0.19662520369256153,0.08081170578352052,8,0.13932940137813665,0.00027403481400993957,0.005878670590974078,0.0820741100040866,0.07594821409892091,0.0013871602360927826,0.08107280024246422,9,18,0.023122779365235095,0.2673518901411515,False,False,True,3.584650857650325e-05,COMPLETE
174,0.43394293785095217,2025-04-09 11:43:32.516776,2025-04-09 11:43:39.657741,0 days 00:00:07.140965,0.21919982159546667,0.046830766264866805,8,0.12379962913366203,0.012937173766141537,0.01261765976905585,0.08595938594937236,0.07756461542671567,0.0010036698733858263,0.09922140721772364,10,11,0.015032807764227597,0.259314003239759,False,False,True,6.116511187376468e-05,COMPLETE
175,0.4592548966407776,2025-04-09 11:43:39.715966,2025-04-09 11:43:46.656261,0 days 00:00:06.940295,0.13661459252246713,0.09898059828886462,8,0.15765118960348198,0.005775757048287649,0.025261012509792014,0.09098255690278499,0.07424458222142097,0.004435092972473796,0.0709070079102105,8,14,0.024266665970323648,0.2792666355080731,False,False,True,1.897000103666683e-05,COMPLETE
176,0.10096821784973145,2025-04-09 11:43:46.714582,2025-04-09 11:43:53.834598,0 days 00:00:07.120016,0.17608180540776802,0.06770115537903039,8,0.13352894495598974,0.025740238740175822,0.008039363830539919,0.09347876820666186,0.07142582976570411,0.006272708099441006,0.00013276176716416803,9,24,0.020945217692841786,0.28862547319450105,False,False,True,2.7031518229003637e-05,COMPLETE
177,0.3907809376716614,2025-04-09 11:43:53.891751,2025-04-09 11:44:00.610508,0 days 00:00:06.718757,0.2411546550894063,0.04141283113181537,8,0.12153934152200555,0.017218617117686245,0.010799622106011653,0.08874845143304753,0.0690911488243208,0.009193090658850153,0.07907295318142028,8,5,0.018035221433756653,0.2661527537846853,False,False,True,4.960382374961833e-05,COMPLETE
178,0.5684323787689209,2025-04-09 11:44:00.667602,2025-04-09 11:44:07.514135,0 days 00:00:06.846533,0.21238893298945466,0.11447847874575129,8,0.1522101536707059,0.008959911505336114,0.007004799706911067,0.08437251028446337,0.06510779980246562,0.002912352510667536,0.0652683465074781,7,20,0.022700734075312264,0.2452911950846143,False,False,True,3.122622039513745e-05,COMPLETE
179,0.20953716933727265,2025-04-09 11:44:07.573059,2025-04-09 11:44:14.372849,0 days 00:00:06.799790,0.19973354425957462,0.11699341719981533,8,0.1515693760240125,0.01160967261386455,0.0067432744248903664,0.08204240659794867,0.06504308006496817,0.0030216305136415867,0.00041361661159603294,7,20,0.02251877209261905,0.2541453369300146,False,False,True,1.3370780199014902e-05,COMPLETE
180,0.534519362449646,2025-04-09 11:44:14.431146,2025-04-09 11:44:21.225731,0 days 00:00:06.794585,0.22494507980549996,0.09240399741600405,8,0.16266232205971115,0.017876635400677337,0.005243164402712653,0.084582198186361,0.06770906778601482,0.01134743491088838,0.0519165491370249,7,19,0.02428331932793663,0.23662385473361408,False,False,True,3.694105602916763e-05,COMPLETE
181,0.45934402942657476,2025-04-09 11:44:21.293183,2025-04-09 11:44:28.363177,0 days 00:00:07.069994,0.18564794801654924,0.06629909353712946,8,0.13858989566394422,0.00611117924068821,0.015186008661173069,0.08680280390362727,0.0750324110357093,0.005695591210072367,0.06121703875725974,8,17,0.018854627791568924,0.24846427274913935,False,False,True,8.810739109100809e-05,COMPLETE
182,0.3629057168960571,2025-04-09 11:44:28.422522,2025-04-09 11:44:35.422388,0 days 00:00:06.999866,0.1656136093750843,0.08278522515770985,8,0.12823140160611096,0.009526129731731996,0.012170560942711088,0.08125596782014292,0.07801631121572525,0.0029561056071340684,0.08110490848194832,8,94,0.02050794578685517,0.24444255292642836,False,False,True,3.266884545837083e-05,COMPLETE
183,0.44305236339569093,2025-04-09 11:44:35.482787,2025-04-09 11:44:42.562171,0 days 00:00:07.079384,0.13622713805791462,0.10346117704603333,8,0.147160530288394,0.022728068215745235,0.009169156019038782,0.08396571382688726,0.07351293353325458,0.007458702115224518,0.06702741574895821,9,16,0.025599392889154107,0.2573720092912368,False,False,True,4.263243913710806e-05,COMPLETE
184,0.4599941611289978,2025-04-09 11:44:42.621314,2025-04-09 11:44:49.491163,0 days 00:00:06.869849,0.21267599982062135,0.05061918860736936,8,0.1215607481403458,0.01416117467265569,0.014146012714375093,0.08798507261914693,0.07960206852346871,0.0059520740680836836,0.09998185885768204,7,22,0.02266051444429884,0.2743142889322309,False,False,True,2.021413504369174e-05,COMPLETE
185,0.5556138396263123,2025-04-09 11:44:49.551382,2025-04-09 11:44:56.198074,0 days 00:00:06.646692,0.07547998770423808,0.026270281038408977,8,0.15396319805573017,0.0034494856628977575,0.0013835537574128183,0.08593469507943281,0.07067322151215648,0.004480400494312838,0.0804952813869944,6,12,0.016422889391575737,0.2633205191878765,False,False,True,6.322272120547196e-05,COMPLETE
186,0.5516367435455323,2025-04-09 11:44:56.259469,2025-04-09 11:45:03.240710,0 days 00:00:06.981241,0.15667120610533725,0.1215396141119867,8,0.1311938289831395,0.021226026652424474,0.0029140328555482386,0.08980081264697001,0.05790148538744661,0.0026500015674413785,0.06315174509742538,8,26,0.02024627414118487,0.26955545938069997,False,False,True,2.7378271727995916e-05,COMPLETE
187,0.4636976718902588,2025-04-09 11:45:03.301380,2025-04-09 11:45:10.285768,0 days 00:00:06.984388,0.18839266125838644,0.07572466620938341,8,0.14296096990238422,0.009097403177330222,0.020558141717900033,0.0798656915810071,0.07663306258044997,0.009834573773898528,0.04910025424421404,9,9,0.02595291900753699,0.22688568533028097,False,False,True,4.718094635345723e-05,COMPLETE
188,0.5618999481201172,2025-04-09 11:45:10.345863,2025-04-09 11:45:17.196314,0 days 00:00:06.850451,0.22717241578871816,0.060169519610796834,8,0.1021898347481796,0.016379613667064554,0.007651527392412971,0.08321967162385864,0.06568035929126892,0.008057781586137153,0.08498189982633718,7,24,0.013661337628916616,0.25076728129488113,False,False,True,3.359633968023633e-05,COMPLETE
189,0.3279357373714447,2025-04-09 11:45:17.257047,2025-04-09 11:45:24.520639,0 days 00:00:07.263592,0.2475821838990923,0.0331175372435639,8,0.10033899611714786,0.22929021568610375,0.0085520950829262,0.08262055125244605,0.06416094366952302,0.008636836296054917,0.0703479407631257,10,28,0.022217248059783423,0.2585473105806645,False,False,True,3.231563417557294e-05,COMPLETE
190,0.4378053307533264,2025-04-09 11:45:24.591365,2025-04-09 11:45:31.244428,0 days 00:00:06.653063,0.2225897600066977,0.10614129091113178,8,0.08839436210746705,0.028094611034006692,0.005807243782659472,0.08004842370018236,0.06609902840666539,0.011986045984230951,0.08218940596299454,6,23,0.013878610279556135,0.2850163433777479,False,False,True,2.2972536259846678e-05,COMPLETE
191,0.5560864925384522,2025-04-09 11:45:31.305657,2025-04-09 11:45:38.090588,0 days 00:00:06.784931,0.20181784832412267,0.05898938549584401,8,0.10604855766089433,0.015264613842036024,0.01696334898315071,0.08528455658626752,0.06875325368085677,0.004906578164707373,0.0996612334461279,7,19,0.09743665391900162,0.24981022106673884,False,False,True,6.036365650353053e-05,COMPLETE
192,0.5614229083061218,2025-04-09 11:45:38.152863,2025-04-09 11:45:44.997753,0 days 00:00:06.844890,0.20331585390482965,0.05629632545241324,8,0.10531189690280746,0.015972317522061227,0.011262756525756291,0.08456464445523222,0.061735830950239,0.0010236528469590193,0.08347138144086833,7,21,0.019122639552549413,0.2516396914221341,False,False,True,1.6444114017973608e-05,COMPLETE
193,0.45459229350090025,2025-04-09 11:45:45.060895,2025-04-09 11:45:51.815767,0 days 00:00:06.754872,0.23752781630527792,0.011835359837941449,8,0.09867656223185803,0.017328447538635605,0.009996542188147007,0.08297133819907024,0.06330516209757064,0.0010411506368546647,0.058371461747007164,6,25,0.019528688194433284,0.2625982544956548,False,False,True,1.53063563187867e-05,COMPLETE
194,0.4394990861415863,2025-04-09 11:45:51.880867,2025-04-09 11:45:58.780493,0 days 00:00:06.899626,0.17466316023476774,0.05021976131613744,8,0.1174240009939461,0.024002864920903574,0.011942948600721755,0.08193375472116292,0.06576359071190245,0.002997077291196715,0.07099655905452973,7,21,0.02415006234945854,0.24358831548273915,False,False,True,1.88821820460459e-05,COMPLETE
195,0.4449996173381806,2025-04-09 11:45:58.844458,2025-04-09 11:46:05.734677,0 days 00:00:06.890219,0.2770729615870803,0.0792814365910413,8,0.08998851304980857,0.01355419132274804,0.007410310553528913,0.08553936276744711,0.06791648362070626,0.007163856054169792,0.08260320578757743,7,29,0.01753150361623891,0.25344958215607616,False,False,True,2.5507664660353226e-05,COMPLETE
196,0.46946688890457156,2025-04-09 11:46:05.799044,2025-04-09 11:46:12.425995,0 days 00:00:06.626951,0.20466886695212774,0.08926933596319209,8,0.10855661007128269,0.00036354183943302634,0.003630830051913386,0.08019212112060749,0.06122642064829183,0.008815214218143613,0.00151389285887644,6,14,0.021535893979651617,0.27055549551758723,False,False,True,1.2956210603945381e-05,COMPLETE
197,0.4121864497661591,2025-04-09 11:46:12.491925,2025-04-09 11:46:19.150466,0 days 00:00:06.658541,0.18494928787146098,0.0339067152217825,8,0.09472004032772417,0.009603718826638123,0.006728694092483774,0.08414736594883666,0.06942183835737088,0.0010370983088432463,0.03713017321542913,6,104,0.011986409430777244,0.23407460394528382,False,False,True,3.8979695414677314e-05,COMPLETE
198,0.33066802024841313,2025-04-09 11:46:19.223606,2025-04-09 11:46:26.206438,0 days 00:00:06.982832,0.22359530943010436,0.05586211077906675,8,0.10305135955154143,0.021448367925112472,0.011030208163338402,0.07543653207491856,0.060102378769449,0.003687360163253715,0.052301366680180754,8,24,0.026572534330937023,0.27762685875993065,False,True,True,3.2574806188412005e-05,COMPLETE
199,0.4942657351493836,2025-04-09 11:46:26.272332,2025-04-09 11:46:33.082768,0 days 00:00:06.810436,0.26380046133483515,0.09868832214641704,8,0.08203536740193501,0.02882363874206973,0.004788514401304747,0.08707370551270031,0.0799654361321335,0.08212722261465344,0.06684757996357611,7,21,0.014392940914561631,0.25723974624603274,False,False,True,1.6991928669163352e-05,COMPLETE
200,0.5634888052940369,2025-04-09 11:46:33.147438,2025-04-09 11:46:40.029653,0 days 00:00:06.882215,0.1576254637366186,0.12942141428143075,8,0.11728056128759445,0.016052962482774588,0.01323340060669456,0.09203957870946416,0.07145920990168272,0.006845084811289444,0.0836634863683153,7,18,0.01805278171741577,0.2651668064214804,False,False,True,2.493538943766531e-05,COMPLETE
201,0.43886250853538517,2025-04-09 11:46:40.094890,2025-04-09 11:46:46.975115,0 days 00:00:06.880225,0.16242367509228672,0.11853384222600147,8,0.12452042542501107,0.014305662335297975,0.01336050410884438,0.08887626332661622,0.07195659428323616,0.006275740755680725,0.08352033776162848,7,17,0.018576278127759516,0.2648701360910139,False,False,True,2.1107040105844914e-05,COMPLETE
202,0.5702300548553467,2025-04-09 11:46:47.041318,2025-04-09 11:46:53.918060,0 days 00:00:06.876742,0.19462212504700124,0.13006772448580733,8,0.11522069689784405,0.007776328231206191,0.008912638976028401,0.0921197244732279,0.07536351298019478,0.011243516037037257,0.0731167354896548,7,19,0.02016723023764274,0.24417903081170989,False,False,True,2.7442475371759303e-05,COMPLETE
203,0.5461365580558777,2025-04-09 11:46:53.986665,2025-04-09 11:47:00.995034,0 days 00:00:07.008369,0.20705356903860409,0.13014091223957494,8,0.11741506136433746,0.008309746335626624,0.009146531802219799,0.0949778309933826,0.07516274991806556,0.011009339607194087,0.08072606720636653,8,19,0.020133782311540078,0.24271536220091808,False,False,True,2.7050737605685467e-05,COMPLETE
204,0.44607779979705814,2025-04-09 11:47:01.061596,2025-04-09 11:47:07.985284,0 days 00:00:06.923688,0.1271345160926992,0.10679895878366293,8,0.11203217270288869,0.005974156927822131,0.011736604540615371,0.09233850346034,0.06972396475829636,0.012776080218985422,0.059026880461358636,8,13,0.01601716098195774,0.23953077949067603,False,False,True,4.418717827488809e-05,COMPLETE
205,0.4372096359729767,2025-04-09 11:47:08.063503,2025-04-09 11:47:14.868912,0 days 00:00:06.805409,0.23389193119747143,0.1645313963846703,8,0.12663022824102935,0.017514974696557845,0.017286377954139127,0.09112341592674596,0.0664909232493169,0.009354882026612972,0.08515097951254445,7,16,0.0177594976448804,0.2507755948712627,False,False,True,2.3694845797385014e-05,COMPLETE
206,0.5686918616294862,2025-04-09 11:47:14.936021,2025-04-09 11:47:21.628826,0 days 00:00:06.692805,0.156689059184987,0.08452783286843879,8,0.1174919968986848,0.011280799709859004,0.020034514772874712,0.09154997607407864,0.07374700500280602,0.002854747070653002,0.07317231566669247,6,20,0.022563856962113476,0.2557749995351656,False,False,True,1.4443513559504458e-05,COMPLETE
207,0.5181248188018799,2025-04-09 11:47:21.697614,2025-04-09 11:47:28.550769,0 days 00:00:06.853155,0.1560112515898318,0.13381929731301268,8,0.11450509388299561,0.010356623839641137,0.01981611862764516,0.09411610852920951,0.07265505439724586,0.003094296093147759,0.047068259267422065,7,20,0.022340505237574988,0.253770956705179,False,False,True,1.4495115811885309e-05,COMPLETE
208,0.35942313075065613,2025-04-09 11:47:28.617838,2025-04-09 11:47:35.428324,0 days 00:00:06.810486,0.18057288792120368,0.08955243730711546,8,0.12102306648405874,0.0003271998206648098,0.015800502455792648,0.09074817201284231,0.07072873947658528,0.004543505668716774,0.09900422341871702,7,10,0.019361120641445757,0.24558574968420768,False,False,True,1.2026488237794972e-05,COMPLETE
209,0.2706941068172455,2025-04-09 11:47:35.495885,2025-04-09 11:47:42.446233,0 days 00:00:06.950348,0.12200565970802471,0.08339826243208562,8,0.10819321368769692,0.13733163234182677,0.012335367201357245,0.09287318275006996,0.07421739145625265,0.00241457062908656,0.06803470503770045,8,14,0.06482892785646546,0.2585943877621626,False,False,True,8.253625317025242e-05,COMPLETE
210,0.4842830300331116,2025-04-09 11:47:42.514750,2025-04-09 11:47:49.654888,0 days 00:00:07.140138,0.14765876013929474,0.14961563487784252,8,0.13266065846378602,0.010844808908790717,0.013866665961534689,0.08965912901835986,0.055006819536037074,0.0074132325189697245,0.056701581698047954,9,23,0.015220553952395887,0.27035388148932493,False,False,True,2.0509789310930346e-05,COMPLETE
211,0.5651960611343384,2025-04-09 11:47:49.723180,2025-04-09 11:47:56.507227,0 days 00:00:06.784047,0.19854820249015487,0.06632048523753595,8,0.10328827034190677,0.01672908597102361,0.009570532742813324,0.08720290293275879,0.07666643464775631,0.0045332767668061005,0.0735098164395758,6,18,0.02119819873775174,0.28213247279522363,False,False,True,2.833596122358085e-05,COMPLETE
212,0.5568283319473266,2025-04-09 11:47:56.575861,2025-04-09 11:48:03.340444,0 days 00:00:06.764583,0.2002666049965952,0.06635766726942606,8,0.10284682644307343,0.006269794974557574,0.009751734531619006,0.08790875722592632,0.0771271937828838,0.0042034459581583,0.08675363853520654,6,17,0.02098577220843267,0.27659388064453755,False,False,True,1.714819183242862e-05,COMPLETE
213,0.5589392066001893,2025-04-09 11:48:03.419848,2025-04-09 11:48:10.142081,0 days 00:00:06.722233,0.16683390729612937,0.1081009739143096,8,0.11433754739410117,0.01811505936243467,0.008252549393251677,0.08704504645229316,0.0717411961159374,0.001067066398360013,0.06933864715340397,6,20,0.017988083270616097,0.28371453440202493,False,False,True,2.7903630324980342e-05,COMPLETE
214,0.46447330713272095,2025-04-09 11:48:10.212172,2025-04-09 11:48:17.044505,0 days 00:00:06.832333,0.1721307711767153,0.1053758840671081,8,0.11604358733647269,0.021790935041961175,0.007529929008398396,0.09052597963313845,0.07154712531898645,0.001031939196730615,0.06777447235620844,7,21,0.01725365687621967,0.2831773277804278,False,False,True,8.859721526736164e-06,COMPLETE
215,0.4483220875263214,2025-04-09 11:48:17.113942,2025-04-09 11:48:23.791609,0 days 00:00:06.677667,0.09644748664249009,0.12338267161142843,8,0.11124655972099497,0.01298911236361007,0.00825152747740312,0.0963586752052622,0.0679293258071114,0.0030506982023556714,0.0613269116977303,6,19,0.02283618842538676,0.2906226577698909,False,False,True,2.5701951270378414e-05,COMPLETE
216,0.5100424408912659,2025-04-09 11:48:23.861297,2025-04-09 11:48:30.814501,0 days 00:00:06.953204,0.18871405797315244,0.08936701314290005,8,0.12065917529408499,0.005988532912879978,0.017461170264985608,0.0873417450308061,0.06450665805415726,0.005000692940063658,0.07296872787713078,8,24,0.02074188471143346,0.2833067045918003,False,False,True,4.691365788552487e-05,COMPLETE
217,0.4446191608905793,2025-04-09 11:48:30.884233,2025-04-09 11:48:37.504096,0 days 00:00:06.619863,0.15206992853698814,0.1297358875188725,8,0.12515832806795701,0.0272448988564801,0.03053296457179553,0.09288087158109012,0.07319614094074675,0.002640260065448382,0.04814228871765838,6,12,0.013689169816076343,0.27624589050689785,False,False,True,1.7854039420343453e-05,COMPLETE
218,0.4541793346405029,2025-04-09 11:48:37.573160,2025-04-09 11:48:44.421708,0 days 00:00:06.848548,0.1707894063489041,0.10922719530875981,8,0.1065939117981911,0.018700319277963597,0.010562947487669205,0.08643551286931904,0.07010640531662793,0.006081895209084303,0.0854400373322496,7,22,0.018285862411652417,0.272006913285536,False,False,True,3.901785583295863e-05,COMPLETE
219,0.5567070484161377,2025-04-09 11:48:44.492280,2025-04-09 11:48:51.308572,0 days 00:00:06.816292,0.1993124284487788,0.07648998433199693,8,0.13391485848776594,0.00025448165173115253,0.014964696212518723,0.08371832381701436,0.0773643610002046,0.0012437577312922905,0.09903970441790859,7,15,0.023594639382410007,0.26196124407545396,False,False,True,1.3509471921200855e-05,COMPLETE
220,0.5505431175231934,2025-04-09 11:48:51.390389,2025-04-09 11:48:58.403580,0 days 00:00:07.013191,0.21340605866875287,0.09971047949089196,8,0.11379991958512459,0.012877502428591836,0.005406824076734707,0.0913704183418671,0.061971724520228436,0.004716315104486383,0.05903589062548785,8,19,0.02082886685089184,0.26627107020996477,False,False,True,2.292582085280364e-05,COMPLETE
221,0.45004564523696905,2025-04-09 11:48:58.475516,2025-04-09 11:49:05.190512,0 days 00:00:06.714996,0.2362790457823154,0.07155917862879504,8,0.10057135570185655,0.01736351631414885,0.012956650877666454,0.08625967579160823,0.0741980133492316,0.008416202623946711,0.07499185080435061,6,17,0.018136825061453046,0.25313429366592316,False,False,True,2.9336749715667133e-05,COMPLETE
222,0.4393489360809326,2025-04-09 11:49:05.262202,2025-04-09 11:49:11.984857,0 days 00:00:06.722655,0.21695661159674698,0.05412760395657444,8,0.11901104839706876,0.009152048189485885,0.009860526966266865,0.08844307909598616,0.07582817742841232,0.006640362665776706,0.08159463438789066,6,15,0.019485283495039613,0.2473262427319826,False,False,True,3.031770185875649e-05,COMPLETE
223,0.3187800168991089,2025-04-09 11:49:12.057062,2025-04-09 11:49:18.923244,0 days 00:00:06.866182,0.18400452414459675,0.06815101969751036,8,0.10763484559199354,0.014313565959574455,0.011512417194873996,0.08488296530436218,0.07173002286355,0.003907354631653773,0.07117469844309321,7,88,0.01688610919675142,0.23824692796684102,False,False,True,3.705503077598387e-05,COMPLETE
224,0.5681936860084534,2025-04-09 11:49:18.994149,2025-04-09 11:49:25.691569,0 days 00:00:06.697420,0.1642255676658828,0.08672752341625917,8,0.09762175947786367,0.020930046499562406,0.007772432279803538,0.08979659190176163,0.06827964265549016,0.0026691486270287584,0.08731558550465535,6,20,0.021996335601594235,0.25793139531205383,False,False,True,5.3607678733888886e-05,COMPLETE
225,0.44268963932991034,2025-04-09 11:49:25.766379,2025-04-09 11:49:32.694912,0 days 00:00:06.928533,0.13600077942960784,0.08793574663242901,8,0.12900871927187896,0.02240792551061414,0.006720236741952093,0.08981568619745602,0.06776647592108795,0.0011424470421103913,0.08792141806238224,7,21,0.022546117701574497,0.28004454818719654,False,False,True,7.611605971260983e-05,COMPLETE
226,0.4244178891181946,2025-04-09 11:49:32.767634,2025-04-09 11:49:39.529845,0 days 00:00:06.762211,0.17177945729104052,0.1148328473955108,8,0.09749613445561053,0.00553854005154325,0.008528306351513077,0.09321826440188045,0.06656517106723575,0.003955111591881444,0.06340768846843695,8,7,0.025014438961956112,0.2584440443430605,False,False,True,0.00010025107503607611,COMPLETE
