number,value,datetime_start,datetime_complete,duration,params_alpha-eval,params_alpha-train,params_batch-size,params_eps-eval,params_eps-train,params_lambda-actions-eval,params_lambda-actions-train,params_lambda-frames-eval,params_lambda-frames-train,params_learning-rate,params_n-epochs,params_n-frames,params_radius-gw,params_rho,params_std-feats,params_ub-actions,params_ub-frames,params_weight-decay,state
1805,0.5706258773803711,2025-04-17 00:00:53.713539,2025-04-17 00:01:16.381132,0 days 00:00:22.667593,0.6040778468182522,0.9433709235103682,2,0.14156143037179053,0.2345820806656258,0.09079006054591308,0.09303354743660486,0.08436441474136216,0.06783401079587784,6.984082641803636e-05,25,125,0.010493044600417467,0.2550449928551566,False,False,False,3.290098652978837e-05,COMPLETE
1806,0.08859737068414689,2025-04-17 00:01:16.970018,2025-04-17 00:01:37.486313,0 days 00:00:20.516295,0.5540677961647889,0.909303789860897,2,0.11738928551659164,0.22851710863450542,0.09403542694450642,0.09550996937786047,0.0808970316307207,0.07591164493576338,3.224003675250485e-05,26,130,0.008323790691108774,0.2648099035425901,False,False,True,2.3704596130469345e-05,COMPLETE
1807,0.5479520320892334,2025-04-17 00:01:38.093629,2025-04-17 00:01:56.883013,0 days 00:00:18.789384,0.5806684623641665,0.9643074647362583,2,0.10431186627465615,0.2199640924866191,0.08944800085495248,0.09810896768897277,0.0834005417839978,0.0730361717502095,4.807849507103456e-05,19,127,0.01338528945728816,0.25023963709055086,False,False,False,4.7840254801349036e-05,COMPLETE
1808,0.09038527607917786,2025-04-17 00:01:57.495450,2025-04-17 00:02:17.388955,0 days 00:00:19.893505,0.5396908986721861,0.9434019917248995,2,0.10981990447481774,0.2080196274149113,0.03311966048154384,0.0915860154303426,0.08626122160067161,0.08031849287218207,8.55701872638969e-05,25,74,0.011697533079481825,0.2559437629048971,False,True,False,1.8013157749979283e-05,COMPLETE
1809,0.6072766065597535,2025-04-17 00:02:17.999902,2025-04-17 00:02:41.161700,0 days 00:00:23.161798,0.6043912897304914,0.9835062939482421,2,0.13462415733657127,0.23839557364443004,0.0880314509100612,0.07074045097454096,0.08202709206926521,0.07142490397890107,5.777695105379763e-05,26,130,0.009684295277130528,0.24918445842379458,False,False,False,2.9101018495127103e-05,COMPLETE
1810,0.33741372227668764,2025-04-17 00:02:41.772654,2025-04-17 00:03:05.134125,0 days 00:00:23.361471,0.5138060716681266,0.9243759435436679,2,0.12308611061755906,0.2325892347671583,0.08677114481493409,0.0946615371646113,0.07922757959819411,0.054260492319642854,3.664602565323149e-05,26,124,0.003048379125753357,0.2603946279476984,False,False,False,3.7858341549934517e-05,COMPLETE
1811,0.4117189168930054,2025-04-17 00:03:05.721348,2025-04-17 00:03:14.702161,0 days 00:00:08.980813,0.558871732556685,0.982951683081984,16,0.11654852872246901,0.22709479529733867,0.09348189940708866,0.0963858313793288,0.08815525312304517,0.07778960031464616,4.3135484847927885e-05,24,130,0.015067256518765084,0.26939867315510546,False,False,False,2.3753904163079227e-05,COMPLETE
1812,0.3364722907543182,2025-04-17 00:03:15.310917,2025-04-17 00:03:38.099675,0 days 00:00:22.788758,0.5192441300060372,0.9544859825742642,2,0.10342675660470077,0.2191291554002075,0.09022783714263237,0.093408328818292,0.08383398965844878,0.0647798992558465,6.308335554041664e-05,25,123,0.007292998374849156,0.24633681682146583,False,False,False,5.534079961564639e-05,COMPLETE
1813,0.34674462080001833,2025-04-17 00:03:38.689458,2025-04-17 00:04:01.866717,0 days 00:00:23.177259,0.5932707747170477,0.9997176990454538,2,0.13029974387368026,0.23853325461262304,0.02932073021016548,0.09635442439731938,0.07998722565655894,0.0746839342358123,2.8644447946360227e-05,26,127,0.012358691781008867,0.15236843936402866,False,False,False,1.7256998924210112e-05,COMPLETE
1814,0.3386754274368286,2025-04-17 00:04:02.473445,2025-04-17 00:04:25.116794,0 days 00:00:22.643349,0.5768222085297483,0.9660176024793681,2,0.10986261329245862,0.22346953646314102,0.08593961460318933,0.09092167167433232,0.08241374373902598,0.05723454597617949,2.317733686290753e-05,25,120,0.005148368431196093,0.2623224360520152,False,False,False,2.93899821985443e-05,COMPLETE
1815,0.6007529616355896,2025-04-17 00:04:25.702553,2025-04-17 00:04:47.744461,0 days 00:00:22.041908,0.5454718402456891,0.9379215214251513,2,0.12284381356523369,0.23296775116586255,0.09078984646636695,0.09992593826266505,0.08630327848398002,0.06916688969168444,5.148297883403862e-05,24,128,0.009946704080544518,0.25541152415701623,False,False,False,0.0002220227967822464,COMPLETE
1816,0.39839547872543335,2025-04-17 00:04:48.357220,2025-04-17 00:05:12.518874,0 days 00:00:24.161654,0.6167915351702096,0.9673584246674797,2,0.1037041238627645,0.21239346532613945,0.09327276434153203,0.09785453247058934,0.08426515435551807,0.06061972654675984,3.794757485754344e-05,27,130,0.013148850441236584,0.24872245664895823,True,False,False,2.24453052005858e-05,COMPLETE
1817,0.40794000625610355,2025-04-17 00:05:13.103598,2025-04-17 00:05:36.422215,0 days 00:00:23.318617,0.5598210256700764,0.9827383386161048,2,0.11611623174527771,0.22714097412738052,0.0884642263995364,0.09441689182717872,0.08044781733993672,0.06712432942957056,7.014537910067117e-05,26,124,0.05829996623534171,0.2587377081749901,False,False,False,3.814326085785697e-05,COMPLETE
1818,0.6038546562194824,2025-04-17 00:05:37.010170,2025-04-17 00:05:59.466893,0 days 00:00:22.456723,0.5210971193499541,0.9473800812472922,2,0.10324437486243494,0.23853179696448915,0.08628615323433503,0.09802857863800792,0.07895652746375438,0.07200479433714564,4.8385541971727525e-05,25,127,0.008346757165609068,0.2683326716752203,False,False,False,2.3045549629350286e-05,COMPLETE
1819,0.33970662355422976,2025-04-17 00:06:00.074508,2025-04-17 00:06:23.390591,0 days 00:00:23.316083,0.6044599552821212,0.9264194545715396,2,0.10907850788294784,0.2163149463619578,0.0905999986053653,0.0924490660622744,0.08825973716014851,0.07636936539678166,4.417665450132762e-05,26,69,0.014471276539761895,0.25353978674896227,False,False,False,1.7869236831667468e-05,COMPLETE
1820,0.5977834463119507,2025-04-17 00:06:24.001867,2025-04-17 00:06:47.780218,0 days 00:00:23.778351,0.5728002996980854,0.9832460324416987,2,0.1146690139869996,0.23308118421754398,0.09250956925666842,0.09586911342613956,0.08212152679350873,0.06324940660775517,5.8205739245556916e-05,27,130,0.010534253195118047,0.24735920270857936,False,False,False,3.1714580901408886e-05,COMPLETE
1821,0.44905104637146,2025-04-17 00:06:48.372191,2025-04-17 00:07:10.842784,0 days 00:00:22.470593,0.5471913844089169,0.9535376104723784,2,0.12592411678022014,0.20626297532074664,0.09468238781658982,0.09426101211527746,0.08532862958945471,0.07336412271306303,3.395325608541688e-05,25,120,0.03349524353076966,0.2611380209353918,False,False,False,7.40419735572635e-05,COMPLETE
1822,0.3374782741069794,2025-04-17 00:07:11.455341,2025-04-17 00:07:34.706218,0 days 00:00:23.250877,0.5336669985040117,0.9036957487469965,2,0.10160794811275686,0.2230569848138335,0.08582743017047124,0.09793798799836748,0.08335837901102287,0.07023897554458013,0.006514466460360835,26,126,0.007152038934407303,0.2652920175200936,False,False,False,2.6943587761651764e-05,COMPLETE
1823,0.3321226119995117,2025-04-17 00:07:35.299154,2025-04-17 00:07:57.663511,0 days 00:00:22.364357,0.6213516096484246,0.9644834173162916,2,0.1091444373052929,0.2310849482065746,0.08950105006454528,0.043428045094060716,0.0809564215214535,0.06537459427324908,7.670939486967637e-05,24,22,0.011869370870153512,0.27301664817233456,False,False,False,4.35239242769754e-05,COMPLETE
1824,0.6008516550064087,2025-04-17 00:07:58.254808,2025-04-17 00:08:21.374152,0 days 00:00:23.119344,0.5895582883823994,0.9990340608396924,2,0.12017198860987605,0.2366149147445866,0.09581430835158576,0.0158649349204193,0.0871237603382028,0.07812127746174982,5.221064291802524e-05,26,130,0.014862493040204101,0.25486990799857856,False,False,False,1.765227148260528e-05,COMPLETE
1825,0.08654875755310058,2025-04-17 00:08:21.983348,2025-04-17 00:08:41.772050,0 days 00:00:19.788702,0.5701574916557549,0.9328289708301741,2,0.10212390424046046,0.24112658726048072,0.09205688886502096,0.0999972714342189,0.07880919297085248,0.05936129192902784,3.9140837210182435e-05,25,123,0.009363972757706097,0.2464653082812079,False,False,True,3.380203010547037e-05,COMPLETE
1826,0.336028528213501,2025-04-17 00:08:42.383825,2025-04-17 00:09:06.299770,0 days 00:00:23.915945,0.520526242396875,0.9813244388092127,2,0.13510668041137536,0.22557025053314197,0.08820399212580163,0.09615001803780064,0.08336347378691729,0.06259761711371117,6.0122222969325415e-05,27,127,0.005782372554587014,0.25286542281363866,False,False,False,0.00014196738388876898,COMPLETE
1827,0.12209817618131638,2025-04-17 00:09:06.894515,2025-04-17 00:09:27.218280,0 days 00:00:20.323765,0.5869861199898749,0.9026198845578607,2,0.11378876283789278,0.21896450070929005,0.08581790828676986,0.09103719912164587,0.08129868622484553,0.07559421349220596,4.3803252494158286e-05,26,130,0.01169857360193106,0.2637369117823733,False,True,False,2.1543420295263016e-05,COMPLETE
1828,0.3368488192558289,2025-04-17 00:09:27.830835,2025-04-17 00:09:50.404605,0 days 00:00:22.573770,0.5486760824366675,0.9485824061045582,2,0.10704988318116415,0.24036117662773918,0.09064165590313646,0.09443035139691594,0.08548387425825665,0.06781120401531746,0.0012237740798170381,25,116,0.0010764315419465788,0.25884843173292715,False,False,False,4.889195693734361e-05,COMPLETE
1829,0.5344572424888612,2025-04-17 00:09:51.002104,2025-04-17 00:10:13.442734,0 days 00:00:22.440630,0.6102907323881629,0.9666149023591282,2,0.1200264836271311,0.21249179853732467,0.0874762068256046,0.09289560162040307,0.08864629904805785,0.08037282927282363,3.0078217844706215e-05,25,125,0.008210089801042281,0.27189561679459084,False,False,False,2.7454336350515428e-05,COMPLETE
1830,0.5921090245246887,2025-04-17 00:10:14.036231,2025-04-17 00:10:38.076968,0 days 00:00:24.040737,0.5623883746738897,0.9243481379345303,2,0.11102752814076919,0.228402830444159,0.08611711923219013,0.09816686441551084,0.08449398904360313,0.0723636709058358,5.037048058288172e-05,27,122,0.013913369081948509,0.24812332069470242,False,False,False,1.9029154558230808e-05,COMPLETE
1831,0.5815914988517762,2025-04-17 00:10:38.691249,2025-04-17 00:11:01.882545,0 days 00:00:23.191296,0.5347394256608269,0.9501266851571925,2,0.10203759691703644,0.23186495257240616,0.09259417784749864,0.09624221681089176,0.07846092855870276,0.07444494046448766,6.333180684825505e-05,26,130,0.010676351823521323,0.25731575321407607,False,False,False,3.877167081742593e-05,COMPLETE
1832,0.3391735851764679,2025-04-17 00:11:02.498082,2025-04-17 00:11:25.769299,0 days 00:00:23.271217,0.5075129052175077,0.9832320485520828,2,0.1258046525251029,0.2217763676960944,0.09758984334557094,0.09482655880955827,0.08141248905684413,0.07026988534160135,3.827018909268405e-05,26,126,0.004023210176464262,0.2644308036980999,False,False,False,6.437327115895105e-06,COMPLETE
1833,0.37865307927131653,2025-04-17 00:11:26.364442,2025-04-17 00:11:35.436169,0 days 00:00:09.071727,0.5930081520339314,0.9671894932634222,16,0.1449540683832217,0.07438641954205029,0.08936314648059573,0.09291499758006519,0.08244097624581775,0.05716061723566147,9.198632126993014e-05,24,130,0.012119979761130927,0.25307686475221425,False,False,False,1.7251193177797345e-05,COMPLETE
1834,0.32607964277267454,2025-04-17 00:11:36.028682,2025-04-17 00:11:47.752888,0 days 00:00:11.724206,0.6190029540077254,0.9834813833536732,2,0.1147732281716722,0.2395011321603827,0.09564061181037913,0.09832010378341882,0.057014698186345907,0.061736243894818764,4.6191319443085474e-05,7,127,0.006863512000704083,0.24718708953760624,True,False,False,3.1320179135639724e-05,COMPLETE
1835,0.33366449475288396,2025-04-17 00:11:48.363927,2025-04-17 00:12:10.845827,0 days 00:00:22.481900,0.5707535889579076,0.9356019440265935,2,0.10121411628740865,0.23402391527515656,0.0917454312242143,0.09999776553038654,0.07971055017308078,0.0652257233664394,7.266125165853009e-05,25,52,0.00920143743865648,0.2671049614832479,False,False,False,2.41518495362543e-05,COMPLETE
1836,0.5820554852485658,2025-04-17 00:12:11.441556,2025-04-17 00:12:31.151791,0 days 00:00:19.710235,0.5291399822654558,0.9991598607738656,2,0.1286035810841793,0.20591394296456383,0.08567817165255089,0.09648878418863367,0.0871525689793342,0.07814995579830764,5.3680741788842266e-05,20,120,0.015204151986689651,0.259528206217847,False,False,False,1.5983637971989262e-05,COMPLETE
1837,0.5204087615013122,2025-04-17 00:12:31.763253,2025-04-17 00:12:55.510055,0 days 00:00:23.746802,0.5521811062351746,0.9062769333344007,2,0.10802403331429446,0.22309334760076321,0.087797620844863,0.09118257078408974,0.08365544622245771,0.07617994788406562,2.5169708399259028e-05,27,123,0.01312211583413685,0.2529266517159074,False,False,False,5.428197731724887e-05,COMPLETE
1838,0.5571391224861145,2025-04-17 00:12:56.128916,2025-04-17 00:13:19.271520,0 days 00:00:23.142604,0.6248593467051371,0.9604204824836773,2,0.11972415110482584,0.2170992883792492,0.09019575537603877,0.09493301151801657,0.08604056008322865,0.07284639755549945,3.3391381405711165e-05,26,131,0.010643693371046153,0.27146963311487804,False,False,False,8.822344674565922e-05,COMPLETE
1839,0.4014022827148438,2025-04-17 00:13:19.872272,2025-04-17 00:13:36.859509,0 days 00:00:16.987237,0.5985151476618692,0.9421114544077577,2,0.1017160803922807,0.22838089578448637,0.08829037589819745,0.09692061528346414,0.0806382640026136,0.0663502983849769,4.090785395441529e-05,16,127,0.008294958057796266,0.2473061624315342,False,False,False,2.1496932547626264e-05,COMPLETE
1840,0.6074086546897888,2025-04-17 00:13:37.482132,2025-04-17 00:13:59.902690,0 days 00:00:22.420558,0.5750016652597544,0.9665876285818688,2,0.1139857935956965,0.0647087889179525,0.09411983350303682,0.09306720162083353,0.08447542288389294,0.06027218039464563,6.218661975378137e-05,25,130,0.011479621684850255,0.2611688001994282,False,False,False,2.8380592990819042e-05,COMPLETE
1841,0.5808238744735718,2025-04-17 00:14:00.507266,2025-04-17 00:14:24.209279,0 days 00:00:23.702013,0.515167699439448,0.9999713708575854,2,0.10748728036458295,0.2375424236361295,0.09713674349449615,0.09085193139526541,0.08229222962371573,0.0637025538757873,5.049373961528503e-05,27,125,0.015228675453365008,0.25341734996720106,False,False,False,3.5363519388904546e-05,COMPLETE
1842,0.3375520288944244,2025-04-17 00:14:24.833416,2025-04-17 00:14:47.648522,0 days 00:00:22.815106,0.5417061505289736,0.9197699528520156,2,0.12268310712364919,0.21446687831706354,0.08585195651890501,0.09809461168847144,0.0795001359489589,0.06972665176499203,4.137711431094651e-05,25,118,0.006529557376978892,0.24583605223103028,False,False,False,1.6031831675114542e-05,COMPLETE
1843,0.38405941724777226,2025-04-17 00:14:48.244929,2025-04-17 00:15:04.746427,0 days 00:00:16.501498,0.631281609907503,0.9534216209011832,2,0.11705682158535746,0.23309593210437066,0.09222412460990816,0.0953961449057674,0.08312824183160784,0.07601698111187727,3.3393553993358414e-05,15,122,0.013221653942719182,0.26639092042742785,False,False,False,6.7474820878697446e-06,COMPLETE
1844,0.13179372549057006,2025-04-17 00:15:05.364712,2025-04-17 00:15:25.642673,0 days 00:00:20.277961,0.6020325150072299,0.9827363432530165,2,0.13020310945617988,0.2254078117621337,0.090205349443526,0.09350547318930265,0.08585652711626336,0.07156005140082483,5.2676417091709906e-05,26,93,0.029439286300167265,0.2580944592242688,False,False,True,2.144296621925281e-05,COMPLETE
1845,0.33508533835411075,2025-04-17 00:15:26.245337,2025-04-17 00:15:48.261709,0 days 00:00:22.016372,0.5054475750803115,0.9342190558556087,2,0.10869780794853783,0.2401285866383782,0.09437298358966155,0.09657790489187254,0.07837717629738347,0.0742728313294456,8.062393085226241e-05,24,5,0.009636600565483546,0.2511275101122098,False,False,False,4.28082072015689e-05,COMPLETE
1846,0.11265073716640474,2025-04-17 00:15:48.880944,2025-04-17 00:16:08.716736,0 days 00:00:19.835792,0.05680878877257178,0.9718032175529187,2,0.0999115861289741,0.21075645247241184,0.08553276966851926,0.09481498730834471,0.08874052131614929,0.067606513841419,6.544558327502207e-05,25,131,0.008373228957507275,0.26142586925492733,False,True,False,6.613000743529746e-05,COMPLETE
1847,0.33706120252609256,2025-04-17 00:16:09.314214,2025-04-17 00:16:32.646164,0 days 00:00:23.331950,0.5589039131118575,0.9825784236230364,2,0.10685030356360657,0.22016193711433515,0.08874571657263353,0.09068286506683157,0.08124349738902033,0.07944130017648766,4.680300946725617e-05,26,128,0.004842681325815244,0.24627346938107156,False,False,False,2.5793304690072403e-05,COMPLETE
1848,0.5908637762069703,2025-04-17 00:16:33.265774,2025-04-17 00:16:56.607180,0 days 00:00:23.341406,0.5819648689878928,0.9494258501244861,2,0.11414362700617031,0.22926494572043826,0.09193100129723128,0.09829844638374882,0.08375944818047883,0.06143311612178254,3.972813886892607e-05,26,124,0.011475967348975767,0.2556231733854157,False,False,False,1.590988224775258e-05,COMPLETE
1849,0.4062120079994202,2025-04-17 00:16:57.227248,2025-04-17 00:17:21.284799,0 days 00:00:24.057551,0.5261451972070608,0.9993318281984128,2,0.10035613754378864,0.23467244580869911,0.0874139803415152,0.09295166831403029,0.08611235035619803,0.07747907325686468,2.7622011433183943e-05,27,127,0.013605312968200079,0.2737703480769417,False,False,False,0.00017033396765803207,COMPLETE
1850,0.33165006041526796,2025-04-17 00:17:21.882167,2025-04-17 00:17:44.807288,0 days 00:00:22.925121,0.5442619667288485,0.9641132142194659,2,0.12305518314953763,0.24020160691729592,0.08610555687669615,0.09626210460825314,0.07858478823403646,0.0737545482319899,5.720019824445378e-05,25,11,0.010132017509225513,0.26614610928016463,False,False,False,3.315707945368024e-05,COMPLETE
1851,0.3452696919441223,2025-04-17 00:17:45.432914,2025-04-17 00:18:08.655372,0 days 00:00:23.222458,0.5891327146497971,0.9170137206562429,2,0.1113669333249362,0.22857855378488956,0.08930316254913552,0.09470383947748685,0.08103153911156384,0.05876213882492257,3.6334724181792503e-05,26,131,0.007321693110411629,0.19437005732703935,False,False,False,7.314574610953296e-06,COMPLETE
1852,0.09215089827775956,2025-04-17 00:18:09.254416,2025-04-17 00:18:29.211608,0 days 00:00:19.957192,0.6238067988083487,0.9015730212032596,2,0.1330062986920009,0.00037783892220299986,0.09170320799694646,0.015517930641112006,0.08475586505144396,0.06894185829400677,4.718583535533106e-05,21,128,0.015256190429489155,0.20689437219219117,False,False,False,1.972587193640209e-05,COMPLETE
1853,0.39096810221672057,2025-04-17 00:18:29.840055,2025-04-17 00:18:39.024078,0 days 00:00:09.184023,0.5643140359813069,0.9445450433343305,16,0.10380463230276098,0.241608447435911,0.09366543267777039,0.09839487927885536,0.08283272084598793,0.06330097153375866,1.9067829389801164e-05,24,125,0.07698534367803837,0.25337737744612565,True,False,False,2.854349454643755e-05,COMPLETE
1854,0.09215089827775956,2025-04-17 00:18:39.624139,2025-04-17 00:19:02.168810,0 days 00:00:22.544671,0.5979135195614202,0.9689499928022636,2,0.11954551709287507,0.013229006690888112,0.08594878483453236,0.09246006534667778,0.07992491043728278,0.0716940947343574,6.795075760218608e-05,25,114,0.012287323694807659,0.2601643946283896,False,False,False,1.4566214782406627e-05,COMPLETE
1855,0.5806565523147583,2025-04-17 00:19:02.788867,2025-04-17 00:19:26.359990,0 days 00:00:23.571123,0.4999128432715302,0.9272015325517479,2,0.10033156866278566,0.22478629922142768,0.09620772349526815,0.09725114043356019,0.08190897900433464,0.06591015169509691,5.541021947341128e-05,27,121,0.00926959557877741,0.2458538641839882,False,False,False,4.690988374245073e-05,COMPLETE
1856,0.3390795171260834,2025-04-17 00:19:26.967030,2025-04-17 00:19:50.299090,0 days 00:00:23.332060,0.5356295701744596,0.9829121906446336,2,0.11235145693000172,0.20484666253876227,0.09921606859819908,0.09999734372479041,0.08671239274153443,0.07497724851202466,4.309223706892492e-05,26,130,0.005855714318139634,0.2682178596973073,False,False,False,2.4121780752529802e-05,COMPLETE
1857,0.540448272228241,2025-04-17 00:19:50.916255,2025-04-17 00:20:13.448130,0 days 00:00:22.531875,0.5727362409584479,0.9994253465245443,2,0.12682460980285412,0.21937111969465048,0.09018428387676387,0.09545849708685215,0.08850399258580995,0.077031121651483,3.383900562148869e-05,25,131,0.010844218863311541,0.25169835804214186,False,False,False,6.5867631732666e-06,COMPLETE
1858,0.5873966693878174,2025-04-17 00:20:14.076706,2025-04-17 00:20:37.940967,0 days 00:00:23.864261,0.6350036749040392,0.9550171811010618,2,0.11699174922252138,0.23528359082368455,0.08570079826877144,0.0939171019526415,0.07811369468643804,0.08042645884276355,4.629536141143717e-05,27,124,0.013627558376444757,0.25859617946065744,False,False,False,3.656811569122147e-05,COMPLETE
1859,0.5365730166435242,2025-04-17 00:20:38.542645,2025-04-17 00:21:01.688045,0 days 00:00:23.145400,0.6123831077150145,0.96831103900265,2,0.10701219623727999,0.2150633314607753,0.08801177030730899,0.09994611254424819,0.08426249050995147,0.07071470250032978,7.874356064393147e-05,26,127,0.007901329385138848,0.2462084807617306,False,False,False,1.8291591428236224e-05,COMPLETE
1860,0.42933123707771303,2025-04-17 00:21:02.317154,2025-04-17 00:21:24.849910,0 days 00:00:22.532756,0.5585860235887945,0.9378578381240822,2,0.14016092344182493,0.23120762467489722,0.09378007713569576,0.09039094103119363,0.08197982541534085,0.07319580574477658,6.011435471291224e-05,25,118,0.04920082367306661,0.26369355610995165,False,False,False,8.140798319707754e-06,COMPLETE
1861,0.5595721006393433,2025-04-17 00:21:25.459022,2025-04-17 00:21:47.390617,0 days 00:00:21.931595,0.5241522197710877,0.9998165294632987,2,0.09884746594416483,0.24122384044000275,0.09119388589218672,0.09699450494568697,0.0801178331392973,0.06790993408295279,3.98911760674666e-05,24,131,0.015119060823918397,0.2733497966061167,False,False,False,2.656131053233298e-05,COMPLETE
