number,value,datetime_start,datetime_complete,duration,params_alpha-eval,params_alpha-train,params_batch-size,params_eps-eval,params_eps-train,params_lambda-actions-eval,params_lambda-actions-train,params_lambda-frames-eval,params_lambda-frames-train,params_learning-rate,params_n-epochs,params_n-frames,params_radius-gw,params_rho,params_std-feats,params_ub-actions,params_ub-frames,params_weight-decay,state
736,0.5041958332061768,2025-04-09 12:56:50.011014,2025-04-09 12:56:56.815278,0 days 00:00:06.804264,0.23794651915437048,0.043076362750681205,16,0.1429958171047067,0.0005131275236164605,0.02509007561923507,0.09647816723995786,0.05986229928411831,0.04049774754751388,0.04751239585839552,11,27,0.025655915642898094,0.23405002247031662,False,False,True,1.836231810609253e-05,COMPLETE
737,0.368550443649292,2025-04-09 12:56:57.061821,2025-04-09 12:57:03.982858,0 days 00:00:06.921037,0.2273290488926107,0.029926867038131445,16,0.1487293962369859,0.00012484522612311085,0.019036306074310786,0.09438977456614217,0.06294994395467224,0.008369169590656353,0.05530149503137886,12,24,0.025502136889450813,0.2671163415943445,False,False,True,2.219064347471542e-05,COMPLETE
738,0.529233992099762,2025-04-09 12:57:04.215847,2025-04-09 12:57:11.060574,0 days 00:00:06.844727,0.21606284906955614,0.05631251149463965,16,0.13744110058810707,0.03730718625368881,0.07040703661969452,0.07331879244595033,0.06126258515821095,0.01191075396556882,0.03779018402132013,11,34,0.02442940108005094,0.27713074152973394,False,False,True,1.3954814431569769e-05,COMPLETE
739,0.14704615175724028,2025-04-09 12:57:11.305821,2025-04-09 12:57:18.209655,0 days 00:00:06.903834,0.10817482121718464,0.040533952625062306,16,0.0848771452864545,0.2004050457045412,0.02424546872564207,0.09835354847055555,0.06543373674532955,0.013725011890351413,0.059272966700904574,12,135,0.02864628766908889,0.22660000087710044,False,False,True,1.4173407024710275e-05,COMPLETE
740,0.5465651631355286,2025-04-09 12:57:18.453880,2025-04-09 12:57:25.148196,0 days 00:00:06.694316,0.2067751424790794,0.028064116230091488,16,0.160994329978196,0.010299960050301876,0.01946585915959919,0.09531573376369501,0.0640548989303874,0.006721356183611655,0.04776592574207539,10,30,0.02425745249488585,0.26013679219893815,False,False,True,0.00016921524837180846,COMPLETE
741,0.5437089920043946,2025-04-09 12:57:25.381933,2025-04-09 12:57:32.097943,0 days 00:00:06.716010,0.1440605229538173,0.06231889531146163,16,0.09716249510687634,0.02079139814473481,0.017349055680906434,0.05963917065599347,0.06622611026581116,0.009642602100993058,0.055791689600676084,10,21,0.028630337953656663,0.2131546005794046,False,False,True,2.859518874206329e-05,COMPLETE
742,0.4669631481170654,2025-04-09 12:57:32.345129,2025-04-09 12:57:39.240468,0 days 00:00:06.895339,0.29493470606591515,0.04083608984082653,16,0.131624749295356,0.014895586819798268,0.02223209202227542,0.0982801694038809,0.06068329837918723,0.004569934645510662,0.0671147144806868,11,26,0.022805808654009246,0.2842658026192641,False,False,True,5.670042875774625e-06,COMPLETE
743,0.5137131929397584,2025-04-09 12:57:39.477298,2025-04-09 12:57:46.346713,0 days 00:00:06.869415,0.2452577956080916,0.028376207811988078,16,0.1697789469294388,0.008161109486341498,0.023099873159387746,0.07060588148313716,0.06274889255995555,0.007059024745665422,0.04640291013135064,13,18,0.026968004413168524,0.2709857584491729,False,False,True,1.5112985295369076e-05,COMPLETE
744,0.5987890005111695,2025-04-09 12:57:46.590827,2025-04-09 12:57:53.402742,0 days 00:00:06.811915,0.18610878458864177,0.010523061838787543,16,0.15144881005344696,0.028882552687698047,0.006369625084184557,0.09383939352539218,0.06701110986162119,0.002497721500873714,0.033076375840660165,11,28,0.008341000337015436,0.1946238279749385,False,False,True,9.68381250849174e-06,COMPLETE
745,0.5143710494041442,2025-04-09 12:57:53.651592,2025-04-09 12:58:00.565743,0 days 00:00:06.914151,0.21596301961744047,0.02304242034811803,16,0.15234429651039605,0.04200933585066214,0.005788696186428798,0.09294209421406556,0.06839928987455904,0.0011321216063978283,0.026415268165346287,12,32,0.008624062498245547,0.22517942280847278,False,False,True,5.251824271352884e-06,COMPLETE
746,0.4594760894775391,2025-04-09 12:58:00.798722,2025-04-09 12:58:07.882024,0 days 00:00:07.083302,0.1898184852226942,0.010758388645279511,16,0.15708567016590433,0.03750324908768264,0.002320728161975828,0.09310041859027951,0.036888216922537,0.002781976628488122,0.03436430407999472,9,37,0.007026452927261685,0.21112434001260977,True,False,False,1.2253670635773026e-05,COMPLETE
747,0.46860274076461794,2025-04-09 12:58:08.132098,2025-04-09 12:58:14.854588,0 days 00:00:06.722490,0.07088639914761956,0.023415752286646885,16,0.15531441461778014,0.031060478503328805,0.00616399992747348,0.0936694260777999,0.08059000340710155,0.002598326307262516,0.03488822675125943,10,29,0.0068212436070934435,0.196356335429555,False,False,True,1.639333194077708e-05,COMPLETE
748,0.5086979508399964,2025-04-09 12:58:15.088914,2025-04-09 12:58:21.684062,0 days 00:00:06.595148,0.2578533398903587,0.010194847433794653,16,0.14793579716230837,0.04842243706874251,0.004811963292532282,0.0777613583916784,0.06729926420229038,0.002663096848434531,0.02917901275675889,9,33,0.008812886686001584,0.21489866864912988,False,False,True,7.704690168647685e-06,COMPLETE
749,0.505533754825592,2025-04-09 12:58:21.932007,2025-04-09 12:58:28.882928,0 days 00:00:06.950921,0.22718228860126657,0.045664867209975216,16,0.14356948863678431,0.028651635263652216,0.002347534879388241,0.09176501525117757,0.08447015378812808,0.004625715242183556,0.02380269886135136,11,28,0.009003882653471677,0.229589574729281,False,False,True,1.2603830569052761e-05,COMPLETE
750,0.48838043212890625,2025-04-09 12:58:29.131024,2025-04-09 12:58:35.862371,0 days 00:00:06.731347,0.0943787702905228,0.21626028515911233,16,0.16151629711489476,0.036407145190699895,0.004629154554620053,0.09478773626833778,0.05206747106852426,0.004162278488792847,0.034560351923134745,10,31,0.01252706304671663,0.22058444837556992,False,False,True,9.785881404366096e-06,COMPLETE
751,0.4900087475776672,2025-04-09 12:58:36.101196,2025-04-09 12:58:42.904631,0 days 00:00:06.803435,0.16435495543262296,0.010574323528190972,16,0.1468058643253003,0.026834386472746774,0.007069103317179312,0.09510503715387493,0.04684760888769766,0.001057627321017612,0.04184186905671886,11,27,0.010803992906454918,0.23932100410337787,False,True,True,1.008782078921329e-05,COMPLETE
752,0.4919510960578919,2025-04-09 12:58:43.153141,2025-04-09 12:58:50.130531,0 days 00:00:06.977390,0.13179964908145528,0.029665960104302065,16,0.1406547130511927,0.04316882782540728,0.008239247949321587,0.09189573720134801,0.042656723118590256,0.0064101871764581445,0.030825277208112473,12,30,0.006140722643491449,0.2016628383947633,False,False,True,8.657446638643066e-06,COMPLETE
753,0.4745522975921631,2025-04-09 12:58:50.371493,2025-04-09 12:58:57.501997,0 days 00:00:07.130504,0.20107755985631862,0.045396460737716145,16,0.15193567757329612,0.03235948004850313,0.007992224027291835,0.09411225114798148,0.08251077718637241,0.0010943403824155264,0.04028793925180066,15,25,0.009748009292474939,0.18293578890753043,False,False,True,1.6574358868922112e-05,COMPLETE
754,0.5324543118476868,2025-04-09 12:58:57.747814,2025-04-09 12:59:04.453058,0 days 00:00:06.705244,0.16896929095793192,0.01018811306796101,16,0.1580243364815494,0.025084208566775654,0.009674104102563011,0.09666114033170836,0.06601360168417625,0.004096845707253132,0.04205804158663497,10,35,0.013679439913771638,0.19984920060923583,False,False,True,1.162764164424864e-05,COMPLETE
755,0.4185028195381165,2025-04-09 12:59:04.707203,2025-04-09 12:59:12.668129,0 days 00:00:07.960926,0.19469977583525588,0.037314736213474795,16,0.13390535955421048,0.020882527126575817,0.01991034764085024,0.0909128850680119,0.05770861383065514,0.00832615135732452,0.03142305488393061,25,46,0.03076153681159037,0.17712819858837647,False,False,True,2.204558072004355e-05,COMPLETE
756,0.4920401215553284,2025-04-09 12:59:12.906147,2025-04-09 12:59:19.641266,0 days 00:00:06.735119,0.11896432432826197,0.05193882618324428,16,0.16696903120475165,0.027750086623167806,0.004108516508214778,0.09356063994175393,0.04970112520763441,0.005832782905522784,0.046088334419460926,11,27,0.008025040242867158,0.19651871684798664,False,False,True,1.757568539091631e-05,COMPLETE
757,0.4972124695777893,2025-04-09 12:59:19.893508,2025-04-09 12:59:26.496845,0 days 00:00:06.603337,0.1501053379205101,0.027792586388793436,16,0.0416677052114026,0.023567626818890488,0.010497725693301065,0.09603079373759434,0.07886380184078644,0.0026651388121559025,0.05430107514786561,9,24,0.05432606578125043,0.22180435437577134,False,False,True,1.5070972245400444e-05,COMPLETE
758,0.47719229459762574,2025-04-09 12:59:26.747544,2025-04-09 12:59:33.730634,0 days 00:00:06.983090,0.03236179724326687,0.02851622976712892,16,0.14712456535550478,0.03367954927483683,0.006640003261865528,0.09188900956565492,0.06913850912491232,0.07932098889687077,0.015844972443409044,13,29,0.012803712473864862,0.20451273857070285,False,False,True,2.29780916804156e-05,COMPLETE
759,0.38764319419860843,2025-04-09 12:59:33.969847,2025-04-09 12:59:41.266055,0 days 00:00:07.296208,0.21884968879668737,0.05487313061724666,16,0.14099480835616987,0.014488167154408215,0.008554825698071908,0.09998341306491747,0.06433249750112295,0.004183371887179682,0.03896249737913772,17,32,0.01085649216966054,0.13526894807174636,False,False,True,9.558556675326045e-06,COMPLETE
760,0.5213172435760498,2025-04-09 12:59:41.520110,2025-04-09 12:59:48.321836,0 days 00:00:06.801726,0.18360554738540097,0.06479190862445476,16,0.15234539361649324,0.020196497313018227,0.04860318395605604,0.08962889955390181,0.08561201336624448,0.018435866330655405,0.050244403051096335,10,24,0.0059780600747843925,0.20932168138903856,False,False,True,2.41071518598551e-06,COMPLETE
761,0.5352384924888611,2025-04-09 12:59:48.561527,2025-04-09 12:59:55.508006,0 days 00:00:06.946479,0.24564837767336445,0.041352429971302576,16,0.13515408065395385,0.005774962396642609,0.017186071002783625,0.07666517607735691,0.07691786111234186,0.0011105692991676035,0.060619635660068505,12,27,0.025396189524731126,0.24367857744366397,False,False,True,3.6603375549272656e-06,COMPLETE
762,0.4740242242813111,2025-04-09 12:59:55.757742,2025-04-09 13:00:02.419583,0 days 00:00:06.661841,0.15381634032274022,0.028765901378865248,16,0.14358817244568226,0.011745990322835487,0.01186147140900463,0.09542110172589585,0.06273027276177283,0.0010244102777882125,0.03667379688812352,9,23,0.029340827382098564,0.23641351847626763,False,False,True,6.666478195436094e-06,COMPLETE
763,0.35956098437309264,2025-04-09 13:00:02.675778,2025-04-09 13:00:14.251104,0 days 00:00:11.575326,0.10448855773018849,0.055117865115643545,2,0.15911877218905243,0.028146061734146965,0.013199773860851654,0.09313242287028832,0.0593961174113882,0.00636233355153997,0.04570677210381623,10,30,0.00811918753044847,0.1864171614592033,False,False,True,0.0002783526778611715,COMPLETE
764,0.1768030822277069,2025-04-09 13:00:14.493488,2025-04-09 13:00:21.356378,0 days 00:00:06.862890,0.20318049582321593,0.029491929207801346,16,0.12945791640841942,0.29286189646418587,0.017604080994183452,0.09692291262167325,0.0678003494840836,0.00946805654858843,1.6896151362269797e-05,11,34,0.033081085489192356,0.24693107279831084,False,False,True,1.870699235031989e-05,COMPLETE
765,0.34982229471206666,2025-04-09 13:00:21.610759,2025-04-09 13:00:30.001518,0 days 00:00:08.390759,0.13318815789936703,0.7450206529656833,16,0.01565130369830762,0.016123181972721473,0.02150993742166287,0.09441095214644245,0.06991982850567437,0.003003075285686856,2.2998253738007062e-05,28,26,0.010993082553296587,0.1693344939416004,True,False,True,1.240877515537176e-05,COMPLETE
766,0.4693308591842652,2025-04-09 13:00:30.244951,2025-04-09 13:00:37.577573,0 days 00:00:07.332622,0.1822051339868886,0.17418086569736704,16,0.14966977170826948,0.006226005457475606,0.015829564652513145,0.09227166112473192,0.0799571474346804,0.005555184978328338,0.021359513075773027,12,22,0.02733205363467105,0.19345672636125708,False,False,False,0.00020713938738229194,COMPLETE
767,0.4243730485439301,2025-04-09 13:00:37.826795,2025-04-09 13:00:44.652827,0 days 00:00:06.826032,0.1678872693104959,0.0775347336162693,16,0.13894992804842565,0.03866194223457757,0.009930744030788865,0.0976468074278176,0.06542634664753973,0.012269819950244175,0.06153972406549239,11,29,0.02387828911644663,0.25693080451805245,False,False,True,0.00035818936065019755,COMPLETE
768,0.44059227705001835,2025-04-09 13:00:44.908941,2025-04-09 13:00:51.744271,0 days 00:00:06.835330,0.2296054249032212,0.042106598686181856,16,0.1843325195264611,0.022132108858068572,0.014284538261745921,0.08979327367598114,0.03998846783596378,0.007590428252018597,0.0035829700048939173,13,25,0.013864163821513543,0.2502658561183585,False,False,True,1.476062175163106e-05,COMPLETE
769,0.18751518726348876,2025-04-09 13:00:51.988456,2025-04-09 13:01:05.685744,0 days 00:00:13.697288,0.08326110547259352,0.011077807291470579,2,0.2841454840307781,0.011493174152557913,0.011212604861856967,0.09483606911728201,0.061685960968631645,0.0040507885426653,0.051746182093984565,14,38,0.022412024087907104,0.29945242860437515,False,False,True,0.00015217686688336207,COMPLETE
770,0.3009438931941986,2025-04-09 13:01:05.938875,2025-04-09 13:01:12.440325,0 days 00:00:06.501450,0.056886769924624214,0.06227034359210763,16,0.1751339993669715,0.018429180331924297,0.006931931782690741,0.0981493650045293,0.044348705456945456,0.010503203361662623,0.06750229397360179,8,32,0.03148426656137946,0.2922907901525126,False,True,True,0.00016934880627737293,COMPLETE
771,0.5582359313964844,2025-04-09 13:01:12.693756,2025-04-09 13:01:21.420786,0 days 00:00:08.727030,0.20309007669962423,0.026160053573592676,8,0.1654135592395238,0.029827527377851742,0.0205099812142402,0.09212834342998416,0.06752819397499438,0.0029332321502820004,0.07914387662801013,20,27,0.026218448720972634,0.2538065386330457,False,False,True,0.0001279482711649576,COMPLETE
772,0.47372944355010993,2025-04-09 13:01:21.663843,2025-04-09 13:01:28.985243,0 days 00:00:07.321400,0.14679482083416737,0.010080121913407139,8,0.1177231987046664,0.023878787577733138,0.015721168017097706,0.09561210204245034,0.070963878512842,0.005652078156649408,0.030151832439300176,10,22,0.01918514702789529,0.23213369172061438,False,False,True,6.876900531466552e-08,COMPLETE
773,0.46465663909912114,2025-04-09 13:01:29.244256,2025-04-09 13:01:35.865977,0 days 00:00:06.621721,0.17786294381094983,0.04625249356315751,16,0.05810680202121406,0.004685540192013442,0.04961994063772765,0.09340123087927903,0.08350842759904525,0.008039668116734068,0.05586765749132235,9,29,0.09008367148540844,0.21824945730194073,False,False,True,0.00042867829710481324,COMPLETE
774,0.5088324546813965,2025-04-09 13:01:36.112279,2025-04-09 13:01:43.613558,0 days 00:00:07.501279,0.22093534659214425,0.24010657206252706,8,0.1446820224672792,0.0001072904369102427,0.012517768679655834,0.07868318068759617,0.06323100467027284,0.001025066314890368,0.04142587355396451,11,25,0.015911251349545585,0.26266510051543274,False,False,True,2.520170196805386e-05,COMPLETE
775,0.5764002919197082,2025-04-09 13:01:43.867356,2025-04-09 13:01:51.557182,0 days 00:00:07.689826,0.12363422483982375,0.010650318634810776,8,0.13508444835846314,0.01201268749502342,0.009034732430548906,0.07524570292136924,0.04824118662324685,0.0038816759661415004,0.0653158936167037,12,21,0.024987733884420337,0.23909380071566022,False,False,True,0.00022308732434739862,COMPLETE
776,0.4902998566627503,2025-04-09 13:01:51.821113,2025-04-09 13:01:59.388161,0 days 00:00:07.567048,0.10234023711457654,0.010591810761124927,8,0.13403425102301664,0.011073574751476793,0.018458942907271975,0.09704734082848006,0.049982554394655605,0.05942065252989538,0.04747479799205031,12,19,0.02931333500652082,0.23326789328400427,False,False,True,0.00024275702061850768,COMPLETE
777,0.5003390431404113,2025-04-09 13:01:59.631392,2025-04-09 13:02:07.236480,0 days 00:00:07.605088,0.12177204684301818,0.03240787870761238,8,0.12888838929748297,0.08248815783314684,0.009388511688717108,0.07506106173835685,0.04900624336750709,0.04627290577427623,0.06439318138382558,12,20,0.026975789080320542,0.24332334923799565,False,False,True,0.00030301410021079365,COMPLETE
778,0.35654608011245725,2025-04-09 13:02:07.493271,2025-04-09 13:02:15.066351,0 days 00:00:07.573080,0.08115562750399725,0.025878074424038645,8,0.13747076269085137,0.005919567072071112,0.014332589896515232,0.034106963297441666,0.04667112449838718,0.0010106346068556313,0.05562291897204884,12,21,0.025613041145306048,0.22790605275924955,False,False,True,0.00021581149207347767,COMPLETE
779,0.431652170419693,2025-04-09 13:02:15.326100,2025-04-09 13:02:22.986589,0 days 00:00:07.660489,0.11252926552118178,0.044332494982423615,8,0.13269392411103276,0.016544192070660147,0.011474529626142075,0.08968659749008218,0.05295497961391924,0.0030893244528913655,0.03655046859543636,13,62,0.024457276635313458,0.24261292533186432,False,False,True,4.226684839934875e-06,COMPLETE
780,0.5446407079696656,2025-04-09 13:02:23.231738,2025-04-09 13:02:30.989890,0 days 00:00:07.758152,0.1292303373357162,0.07251214978067033,8,0.14043183495412706,0.011804353144709678,0.0166544664439031,0.09856779064490197,0.047576323296602344,0.09172504773446916,0.07860257873691225,13,16,0.028550855513418176,0.2361288239875797,False,False,True,0.00019336705941479094,COMPLETE
781,0.09008371233940124,2025-04-09 13:02:31.246589,2025-04-09 13:02:38.808671,0 days 00:00:07.562082,0.09859203797990002,0.9645011701237849,8,0.12508535357980538,0.03512927249252728,0.013485348382632038,0.0939583735663416,0.043224766990365295,0.004121657031672528,0.04636502442620337,12,23,0.027039969210849325,0.2397055124545223,False,False,True,0.0002983055283555493,COMPLETE
782,0.4249746263027191,2025-04-09 13:02:39.072186,2025-04-09 13:02:46.722873,0 days 00:00:07.650687,0.13298602075405022,0.010115027202468388,8,0.15073089338944154,0.020399109030493218,0.008871041084619332,0.09999186090046915,0.04767401103319481,0.00327962433645901,0.0681638546679189,12,19,0.024692552756517012,0.23822744353204467,False,False,True,0.0002465565737276924,COMPLETE
783,0.4286548912525177,2025-04-09 13:02:46.968350,2025-04-09 13:02:54.386006,0 days 00:00:07.417656,0.0651946029360091,0.027515788786536783,8,0.14121499803687362,0.006816107013899404,0.01874958854453124,0.06539066687909592,0.05037474002090153,0.00549460552953519,0.08121122799515719,11,16,0.009612264478051606,0.22768050606797882,False,False,True,0.00018004826368987295,COMPLETE
784,0.42923843860626226,2025-04-09 13:02:54.645354,2025-04-09 13:03:02.278715,0 days 00:00:07.633361,0.11506212419903993,0.05593114414411757,8,0.1293556149864016,0.02400891849223024,0.011932467887781132,0.0913983137970528,0.04533889278148616,0.0031758352675291287,0.05509789662593903,11,23,0.030278477716199563,0.24737254507735545,True,False,True,0.00044718601512344874,COMPLETE
785,0.5143132209777832,2025-04-09 13:03:02.548021,2025-04-09 13:03:11.010878,0 days 00:00:08.462857,0.14451267091766612,0.010649633147240892,8,0.15214378942329015,0.014930890569946067,0.015496649928114004,0.0952394947066118,0.05153880882053272,0.0059444030915871485,0.040762229962909305,12,25,0.023776291379487037,0.14589364280619552,False,False,False,0.00014407559313767997,COMPLETE
786,0.4642582416534424,2025-04-09 13:03:11.264426,2025-04-09 13:03:19.064145,0 days 00:00:07.799719,0.08504842221308694,0.03962206278263892,8,0.13383482369580899,0.0319598058878629,0.04684595680467151,0.09675724921910399,0.046437992356120936,0.0010468865385201492,0.06521947826544146,13,21,0.02775047109588183,0.25197799728206643,False,False,True,0.0006484280110398134,COMPLETE
787,0.49335180521011357,2025-04-09 13:03:19.324551,2025-04-09 13:03:26.730778,0 days 00:00:07.406227,0.14868165223848723,0.07727014350641016,8,0.1473681844149059,0.010266821727019298,0.010780395448712638,0.09136828862725516,0.048035450049453185,0.007508298192258711,0.03088857839847394,10,36,0.005105806982580745,0.1902446780138719,False,False,True,0.00033372939360921933,COMPLETE
788,0.49738650321960454,2025-04-09 13:03:26.983113,2025-04-09 13:03:34.515051,0 days 00:00:07.531938,0.12465441719032273,0.01045387393280096,8,0.1377573115300769,0.0004937500481437046,0.00606631250883114,0.09363104403553367,0.04114002766277939,0.004766579506395198,0.025394476173247478,11,27,0.0226058618533073,0.24262532773938286,False,False,True,0.00022872601441295982,COMPLETE
789,0.49058651924133306,2025-04-09 13:03:34.773532,2025-04-09 13:03:43.979137,0 days 00:00:09.205605,0.1648171746629505,0.054881207720843775,8,0.1224305440266239,0.07388399917932899,0.014052274115417634,0.09611264759387382,0.04938536844094295,0.0839250470484896,0.08715121503504082,23,32,0.02545125609426189,0.23518394218651245,False,True,True,0.00018692340667669064,COMPLETE
790,0.5024449944496155,2025-04-09 13:03:44.245075,2025-04-09 13:03:51.852667,0 days 00:00:07.607592,0.15769709114044145,0.08858572623982551,8,0.15864296766381333,0.02636816629592829,0.007789679837139687,0.09810357848816546,0.044674467533630684,0.002932010255823853,0.04921013789181504,12,23,0.022997525223712206,0.2535631702674382,False,False,True,8.45493731932356e-06,COMPLETE
791,0.12785402536392212,2025-04-09 13:03:52.102463,2025-04-09 13:03:59.386066,0 days 00:00:07.283603,0.10119456159051599,0.02970259812125246,8,0.14329185905991126,0.14089400213152292,0.05541579348567158,0.0891962583389998,0.053915356478756324,0.004616679041958752,0.05783271863187558,10,19,0.011372566646240076,0.2238605172677627,False,False,True,0.0001276751626554058,COMPLETE
