number,value,datetime_start,datetime_complete,duration,params_alpha-eval,params_alpha-train,params_batch-size,params_eps-eval,params_eps-train,params_lambda-actions-eval,params_lambda-actions-train,params_lambda-frames-eval,params_lambda-frames-train,params_learning-rate,params_n-epochs,params_n-frames,params_radius-gw,params_rho,params_std-feats,params_ub-actions,params_ub-frames,params_weight-decay,state
680,0.46945446729660034,2025-04-09 12:49:23.521766,2025-04-09 12:49:33.066438,0 days 00:00:09.544672,0.14721715723495699,0.02499973482174656,8,0.14534294081544258,0.034908187977755474,0.012729752993084837,0.09131582018829287,0.07674842697480051,0.008411399510504621,0.027542980819257754,26,22,0.03069177857991109,0.2667971624818447,False,False,True,0.00010546159421100691,COMPLETE
681,0.20926647782325747,2025-04-09 12:49:33.294783,2025-04-09 12:49:42.044395,0 days 00:00:08.749612,0.7934518760228373,0.06136255991811398,8,0.16543087629023973,0.013131251913332094,0.0035294827876597573,0.09625365589734024,0.07903752266204887,0.00473018482764913,0.056506126204270056,20,58,0.04925945677273946,0.2326625400265994,False,False,True,0.0001438034273648502,COMPLETE
682,0.6032882928848267,2025-04-09 12:49:42.262415,2025-04-09 12:49:49.746852,0 days 00:00:07.484437,0.18716844520312267,0.12184220319581522,8,0.042152048558322844,0.02597833547910766,0.016173878984334165,0.09349844690724621,0.06844343378242035,0.0010014064964336622,0.04595040101400115,11,31,0.024940533992088443,0.2795912283177772,False,False,True,0.00021098829814670956,COMPLETE
683,0.48368496894836427,2025-04-09 12:49:49.974251,2025-04-09 12:49:57.426274,0 days 00:00:07.452023,0.20116308273452424,0.14570254100416713,8,0.04548718511551649,0.022382099215367303,0.019429286522913466,0.0891438203819651,0.0701164692642956,0.002577050530679698,0.031802848722442774,11,38,0.026596710937242165,0.28938967789448167,False,False,True,0.0002522733127333323,COMPLETE
684,0.4849749565124512,2025-04-09 12:49:57.642055,2025-04-09 12:50:04.478747,0 days 00:00:06.836692,0.16480690351408653,0.1204749049307445,16,0.10045656529106214,0.010756552347662469,0.017050394068223555,0.09270689293932849,0.007658869005751717,0.001166649835488344,0.038187918755598745,11,35,0.025429796607728702,0.2808066970539106,False,False,True,0.00020604357331936306,COMPLETE
685,0.26368322372436526,2025-04-09 12:50:04.709826,2025-04-09 12:50:12.165546,0 days 00:00:07.455720,0.18803351684187616,0.1301686414130669,8,0.020799301689523448,0.0175832197286045,0.014640144998045916,0.09027481888673985,0.06809055384271033,0.003098640906625251,0.04878009555925607,11,34,0.028354403486789696,0.27845087270631375,False,False,True,0.00019747351624214697,COMPLETE
686,0.5386633396148681,2025-04-09 12:50:12.384268,2025-04-09 12:50:19.902963,0 days 00:00:07.518695,0.21562092632051172,0.11167619082713245,8,0.0357148450243975,0.0255589178610183,0.018613524244621954,0.09329310569047677,0.07153331012764742,0.0011443465964207193,0.04455935939713752,11,30,0.02504953433860549,0.28550774381848526,False,False,True,0.0004831121014019703,COMPLETE
687,0.4369064807891846,2025-04-09 12:50:20.126902,2025-04-09 12:50:28.017129,0 days 00:00:07.890227,0.16628462328278287,0.15784840206843775,8,0.02712602540465363,0.009011812136232249,0.01504442746322905,0.09166411051403277,0.0741495610334728,0.0054131329370054404,0.07541455752385814,14,43,0.02700585522383287,0.27381722937889164,False,False,True,0.00016922643760647555,COMPLETE
688,0.37436411380767826,2025-04-09 12:50:28.248090,2025-04-09 12:50:35.150877,0 days 00:00:06.902787,0.13940621649498353,0.09407995655415306,8,0.09406700354780603,0.016609119361175234,0.021690972477470153,0.07643022169348192,0.06952896012732557,0.009681743500269362,1.124757651601389e-05,7,32,0.023969554421201734,0.2912787465733643,False,False,True,0.00029644102014511717,COMPLETE
689,0.3970398902893067,2025-04-09 12:50:35.367340,2025-04-09 12:50:43.761675,0 days 00:00:08.394335,0.1975882601924188,0.10421925611425989,16,0.013721595579225528,0.09037206843249852,0.011868961667472842,0.08701956088990719,0.06807690559638246,0.002764489892932157,0.06282228903243785,23,36,0.02621166898550339,0.28341417092155446,True,False,False,0.0003713345055730755,COMPLETE
690,0.32816306352615354,2025-04-09 12:50:43.994955,2025-04-09 12:50:50.718327,0 days 00:00:06.723372,0.5498930595005628,0.8314653619187227,8,0.05694488370168456,0.0001877061561618102,0.017101112084097984,0.09427786842002193,0.07344763098468433,0.005985710546161548,0.032580582562103305,6,39,0.030300119036015715,0.2810064767769511,False,False,True,0.00024567240737477525,COMPLETE
691,0.47407581806182864,2025-04-09 12:50:50.935204,2025-04-09 12:50:59.166958,0 days 00:00:08.231754,0.24878101207102465,0.17337759706143996,8,0.03729667534223532,0.021437857455996308,0.009655302722857584,0.08983554862958278,0.04789867503167728,0.004389864005491443,0.08623163465348196,16,31,0.02273625448792159,0.2754098595857082,False,False,True,2.1491513292635545e-08,COMPLETE
692,0.4035212993621826,2025-04-09 12:50:59.397732,2025-04-09 12:51:06.816752,0 days 00:00:07.419020,0.743131740121681,0.07533150659394666,8,0.005996784460814447,0.01323715234667629,0.013803172598639146,0.08002727093283152,0.07026226984884545,0.007443744857858951,0.06962425421383157,11,28,0.08602511078524136,0.27405655706579873,False,False,True,0.00016114837830430117,COMPLETE
693,0.367257571220398,2025-04-09 12:51:07.035473,2025-04-09 12:51:13.629357,0 days 00:00:06.593884,0.1758489186447214,0.08441770855148567,8,0.022362401975461188,0.02957751271523111,0.007808681861618488,0.09279660380284348,0.06662457252080986,0.0010682601866535365,0.044670344158474005,5,26,0.011458774442049877,0.2908449004450442,False,True,True,0.00020072767617844103,COMPLETE
694,0.31761141419410704,2025-04-09 12:51:13.859428,2025-04-09 12:51:21.202256,0 days 00:00:07.342828,0.22857970699322577,0.058117876050229,8,0.03852573556799981,0.005611446994568181,0.020567931725476912,0.09466165617286725,0.07235416322099265,0.0010767059888683013,0.05952096551074178,10,31,0.023913589541189398,0.2694667619446497,False,False,True,0.0002495402393581651,COMPLETE
695,0.5638842344284059,2025-04-09 12:51:21.423561,2025-04-09 12:51:28.331213,0 days 00:00:06.907652,0.07499727972835457,0.06352888810458468,16,0.052181967313653196,0.018221025088455047,0.016302073451490675,0.09154139476748328,0.08592464169852986,0.06456433240722888,0.09827079292604159,11,28,0.027553490295158297,0.2807885610688561,False,False,True,0.00012929080472991872,COMPLETE
696,0.37059711217880253,2025-04-09 12:51:28.564010,2025-04-09 12:51:37.841534,0 days 00:00:09.277524,0.15390914002447503,0.010183536734780212,8,0.1103238630832236,0.02495811719299915,0.011965930052578613,0.09453395901396441,0.08063484484005756,0.011632830493996292,0.07558713760723006,24,22,0.021609862644452145,0.2703552082663364,False,False,True,0.0003251982065976114,COMPLETE
697,0.33831489682197574,2025-04-09 12:51:38.074553,2025-04-09 12:51:45.400956,0 days 00:00:07.326403,0.21046597706137177,0.0425590841109872,8,0.11993916388597271,0.23323490017856377,0.018466890652675927,0.0925267798884985,0.050920316801524985,0.05677208945896886,0.05135964641871155,10,33,0.009161509953054432,0.28716692757095724,False,False,True,0.0001631579015000035,COMPLETE
698,0.4563594162464142,2025-04-09 12:51:45.624315,2025-04-09 12:51:55.092208,0 days 00:00:09.467893,0.18449360821471575,0.09366302093651174,8,0.09215541437603167,0.00870829399601043,0.014593301095410096,0.08825166430327303,0.07552908823348584,0.0038591862965807414,0.04102380115057088,25,25,0.03815236160823309,0.06622136431903125,False,False,True,0.0002082704884730063,COMPLETE
699,0.3971294760704041,2025-04-09 12:51:55.322823,2025-04-09 12:52:02.516530,0 days 00:00:07.193707,0.012427259424897197,0.042333213828971455,8,0.033790772163184817,0.01566210260943991,0.009896350060590309,0.09615357282836326,0.06726073986343027,0.006367612568891133,0.06346830745337176,9,30,0.01382277350571097,0.2770048204431483,False,False,True,0.00011839704106697519,COMPLETE
700,0.5337936758995057,2025-04-09 12:52:02.737573,2025-04-09 12:52:10.230352,0 days 00:00:07.492779,0.1400058460876196,0.07318884897068179,16,0.030630357027144395,0.010060527843537264,0.005448974411969546,0.08968487876396561,0.0822127136682986,0.004863025564083266,0.0994478645698428,19,25,0.033019603362673546,0.26458470882710083,False,False,True,0.00015554339505037963,COMPLETE
701,0.3058425545692444,2025-04-09 12:52:10.462658,2025-04-09 12:52:22.760917,0 days 00:00:12.298259,0.1650375140272776,0.11503715800956198,2,0.10448119883317931,0.02280144645306618,0.012522274166115498,0.08593253935026353,0.06972783541284913,0.0031553849677640753,0.07662773855679049,11,21,0.024374461964132607,0.27177037760725614,False,False,True,0.00025107908153940975,COMPLETE
702,0.45395539999008183,2025-04-09 12:52:22.986737,2025-04-09 12:52:29.868632,0 days 00:00:06.881895,0.19634779079615083,0.040487268267194905,8,0.04352874127339951,0.034355556420717484,0.058378934194892346,0.09584720786259689,0.06631213064846489,0.008582378497443638,0.035444101068505596,7,36,0.020224506187784423,0.24036922124489932,False,False,True,0.00011364423348315917,COMPLETE
703,0.5712622165679933,2025-04-09 12:52:30.100605,2025-04-09 12:52:37.462907,0 days 00:00:07.362302,0.1805819730907853,0.05844167264052459,8,0.11394557878361118,0.01630271219983668,0.023550580306236996,0.09405412540096532,0.07751765712118887,0.006846653297332733,0.0536452082315233,10,27,0.029359406543361586,0.28649033276181834,False,False,True,0.0001895806164194358,COMPLETE
704,0.5543063879013062,2025-04-09 12:52:37.700632,2025-04-09 12:52:46.588735,0 days 00:00:08.888103,0.21381747802064194,0.02827985706554108,8,0.09955466614680232,0.028547542151618203,0.015907441714057308,0.09244962273383558,0.06897691627933811,0.02928873594825129,0.06366946747735752,21,23,0.025854904079541063,0.22036687850152942,False,False,True,0.00014254550545696914,COMPLETE
705,0.38897726535797117,2025-04-09 12:52:46.807991,2025-04-09 12:52:54.082880,0 days 00:00:07.274889,0.14852812565502393,0.010010480755732097,8,0.12932462542167733,0.005744073477043629,0.010007472723101155,0.09660569769247675,0.07200583437567236,0.003076743706887563,0.08794872221747685,10,30,0.017765016829120038,0.2797192437784683,False,False,True,1.8418895412212037e-05,COMPLETE
706,0.4672169327735901,2025-04-09 12:52:54.322997,2025-04-09 12:53:01.285912,0 days 00:00:06.962915,0.23959482845212238,0.08575435027155677,16,0.049742613180075654,0.02084767494332558,0.01293490031151237,0.08350729924902267,0.06476493276121147,0.005042949854605362,0.026592772971838416,13,21,0.022621680280360688,0.26484290713402875,False,False,True,0.0002932235632006674,COMPLETE
707,0.47411454916000373,2025-04-09 12:53:01.507277,2025-04-09 12:53:08.707633,0 days 00:00:07.200356,0.12104552706611811,0.05450071292759476,8,0.12222164376167768,0.013018124509836786,0.007349340780034036,0.09037970034443538,0.04856050214830396,0.0010638264298151233,0.04489362357666845,9,34,0.014923071287899107,0.2926806431653029,True,False,True,0.00011702858493178292,COMPLETE
708,0.37309072017669676,2025-04-09 12:53:08.943142,2025-04-09 12:53:17.150132,0 days 00:00:08.206990,0.16501353146024936,0.029360004309977115,8,0.08591332681431049,0.026646912952144844,0.01716764713115566,0.04854460965419146,0.0681049968878518,0.009871761330692307,0.07387166467180906,12,91,0.045014600737446134,0.2695743879783663,False,False,False,0.0003613764450678432,COMPLETE
709,0.528269624710083,2025-04-09 12:53:17.373618,2025-04-09 12:53:24.928881,0 days 00:00:07.555263,0.19331891547168656,0.19343776963852197,8,0.13233836260364584,0.0056356174803258025,0.014336670856523325,0.0431281776043063,0.0846432698115639,0.0030148533802560047,0.0558610370714841,11,26,0.021434857454874612,0.25888701477028303,False,False,True,0.00021709609481405454,COMPLETE
710,0.46017935276031496,2025-04-09 12:53:25.164295,2025-04-09 12:53:32.042936,0 days 00:00:06.878641,0.20905764584561012,0.0719087073314334,8,0.10829303994460658,0.018036352480138768,0.011167098909590355,0.09402803405104837,0.0460213938536389,0.0071017903653837686,0.0849572189657104,7,25,0.01255859627700831,0.2303545400589703,False,False,True,0.000164854405255173,COMPLETE
711,0.44316545128822327,2025-04-09 12:53:32.279874,2025-04-09 12:53:38.876018,0 days 00:00:06.596144,0.04316677638343319,0.04455823299900152,16,0.08878300241349249,0.04068434617391209,0.01990090661897572,0.0968203763020062,0.07432945637489839,0.004843954505328184,0.048349253408663063,8,29,0.018865475751240167,0.27529563317326544,False,False,True,0.00010715229984075712,COMPLETE
712,0.11897883415222169,2025-04-09 12:53:39.101616,2025-04-09 12:53:45.732777,0 days 00:00:06.631161,0.17755098357623902,0.010203033748813957,8,0.196012378301154,0.012074000042099416,0.008840417278255238,0.0911132761061579,0.06554839091224923,0.0010626292819716494,0.06368459265414626,6,19,0.025536910941111927,0.24646292369874065,False,True,True,0.00026232991044256184,COMPLETE
713,0.5191680192947388,2025-04-09 12:53:45.969019,2025-04-09 12:53:53.157458,0 days 00:00:07.188439,0.13801288059421374,0.041214625240916465,8,0.09720694330393455,0.02359991275655173,0.015305323854892508,0.026806405641490966,0.07151040898495398,0.004371775116788199,0.03666492435042666,9,23,0.02857753240546636,0.26393888609133503,False,False,True,0.0005210497701019224,COMPLETE
714,0.30660253167152407,2025-04-09 12:53:53.384899,2025-04-09 12:54:00.799231,0 days 00:00:07.414332,0.06500343392337893,0.09870640868769365,8,0.13620498849951987,0.03205186417479841,0.012808308278580843,0.09497749747506677,0.07967312005300602,0.008652921805012823,0.07173437944272842,11,28,0.016492866213222976,0.28253344526042407,False,False,True,0.00040715777419488496,COMPLETE
715,0.5017905354499818,2025-04-09 12:54:01.036846,2025-04-09 12:54:08.400583,0 days 00:00:07.363737,0.096957972758541,0.06406968314143228,8,0.12662495249472194,0.01143911942169743,0.017706285041295233,0.07840936133074768,0.08170012321962616,0.006172578361081515,0.055979915460088576,10,32,0.022769853937563273,0.25400456485308287,False,False,True,1.4700179808708417e-06,COMPLETE
716,0.5077824711799621,2025-04-09 12:54:08.626053,2025-04-09 12:54:16.052254,0 days 00:00:07.426201,0.22417259727718047,0.12805223114465883,16,0.1401102260073948,0.005550433977531707,0.011205724757839191,0.0929825182739123,0.06828841288529405,0.003183994598483572,0.09907618086402238,18,21,0.02021572156079835,0.23708141494946508,False,False,True,0.00013244690345699196,COMPLETE
717,0.4795264601707459,2025-04-09 12:54:16.288054,2025-04-09 12:54:25.610287,0 days 00:00:09.322233,0.16018937518931584,0.027741380437551665,8,0.13407136349752502,0.01848610829514251,0.01407431419681902,0.09702993131667365,0.062038237007742796,0.0029617012059862486,0.04103137115408158,24,25,0.010440122061680171,0.27427297096314884,False,False,True,0.00018591038263347112,COMPLETE
718,0.5155340671539307,2025-04-09 12:54:25.852066,2025-04-09 12:54:35.565532,0 days 00:00:09.713466,0.19003744808516984,0.05313117743296172,8,0.1553577493775175,0.00021068073247095497,0.006565119317865053,0.08863591062785169,0.08764583422507458,0.015504999647861839,0.07931802950205234,27,29,0.017824710924974427,0.28695488631705135,False,False,True,2.2984996918235824e-05,COMPLETE
719,0.453250515460968,2025-04-09 12:54:35.791141,2025-04-09 12:54:43.412136,0 days 00:00:07.620995,0.26531056940511216,0.0770116944639471,8,0.11914875036523236,0.024349506976028827,0.015949265505171673,0.09153998299509122,0.015198531425435667,0.011866525509658516,0.0005270550409116691,12,23,0.014390844285585985,0.26008688829688065,False,False,True,9.248716814420903e-05,COMPLETE
720,0.27795486450195317,2025-04-09 12:54:43.656582,2025-04-09 12:54:51.373471,0 days 00:00:07.716889,0.11792191489339303,0.010371905643773598,8,0.1757827747470033,0.014883327499811014,0.003914831225929468,0.08065889616650673,0.06468199748467912,0.006143045721162905,0.06343596705601193,13,52,0.023877046208489634,0.18104921666503654,False,False,True,0.00015332971176633495,COMPLETE
721,0.46734606027603154,2025-04-09 12:54:51.598696,2025-04-09 12:54:58.896785,0 days 00:00:07.298089,0.20541645206512243,0.02976850758801607,8,0.08889084220351602,0.033677542877523156,0.026274748642958912,0.0949453641875564,0.09114996319256208,0.0010435204043287834,0.048708524215987016,10,19,0.02071994238144212,0.2680409579883766,False,False,True,0.00022142403179264627,COMPLETE
722,0.5136590242385864,2025-04-09 12:54:59.135709,2025-04-09 12:55:06.249773,0 days 00:00:07.114064,0.1459877758185842,0.05052180323374905,16,0.20743067971091478,0.009689155408731005,0.010014257993741355,0.0974267045903921,0.0764044062791018,0.008932295452627732,0.07170508867633482,16,27,0.026325474894845005,0.24937224438786854,False,False,True,0.00010232815940118901,COMPLETE
723,0.14613214433193208,2025-04-09 12:55:06.479369,2025-04-09 12:55:12.995819,0 days 00:00:06.516450,0.175735779013469,0.08739966511725955,8,0.2690941422019738,0.020393490188398384,0.021524458985414257,0.08725314761021347,0.07036508022363105,0.004673387253266289,0.05446120531151714,5,40,0.030792229009861363,0.278947013746752,False,False,True,0.00031548472358220846,COMPLETE
724,0.41739289760589604,2025-04-09 12:55:13.236456,2025-04-09 12:55:24.343075,0 days 00:00:11.106619,0.23069822995294517,0.02949333980850135,2,0.16588229344163616,0.0277667460116758,0.018060300759664985,0.09334470806220639,0.06693953393123105,0.007301918060132518,0.09966170041740015,9,32,0.019054278546787692,0.24190689615763605,False,False,True,0.00014185870118672353,COMPLETE
725,0.24911912679672243,2025-04-09 12:55:24.588364,2025-04-09 12:55:32.023932,0 days 00:00:07.435568,0.1854323513744394,0.06281595522241268,8,0.10237867305580432,0.11888222382789368,0.01288972299879093,0.0901949496441102,0.06046906575071583,0.0027877752599390323,0.0026085832657519845,11,24,0.057264975974217425,0.29502213976209435,False,False,True,2.9395526930787956e-05,COMPLETE
726,0.4004329562187195,2025-04-09 12:55:32.253366,2025-04-09 12:55:41.409524,0 days 00:00:09.156158,0.08283350248108116,0.04155868441036105,8,0.14851451248715491,0.017102316494302324,0.008662260404774379,0.0956279198664818,0.03241605585310974,0.004761324637571272,0.042662310587711375,23,27,0.016595609122765864,0.2707902226706517,True,False,True,0.00010377154468431471,COMPLETE
727,0.30195934772491456,2025-04-09 12:55:41.650401,2025-04-09 12:55:50.160909,0 days 00:00:08.510508,0.16337695558452447,0.1437723585347706,8,0.09461133493672055,0.0058685910460746,0.029038899182532982,0.09845020474998761,0.08283521320851041,0.0072265966281898795,0.03104885677662099,14,35,0.023232194092792532,0.26385286380190814,False,False,False,0.00018950550262600667,COMPLETE
728,0.4450313806533814,2025-04-09 12:55:50.390760,2025-04-09 12:55:56.818993,0 days 00:00:06.428233,0.20337750166333599,0.07457787614457927,16,0.12987944048719188,0.012122017323188098,0.06306342626479672,0.08499307516236723,0.04456693123466445,0.01050754569750857,0.024286907188255668,6,21,0.027790723035140984,0.2562752744449858,False,False,True,0.0002701228046893458,COMPLETE
729,0.43146787285804755,2025-04-09 12:55:57.060844,2025-04-09 12:56:04.209233,0 days 00:00:07.148389,0.13782199875104664,0.025517453109441823,8,0.1390141480919066,0.023596517560052748,0.01578533546208115,0.0934587591757973,0.039687648330192095,0.0029096437771514794,0.07970250121034583,8,17,0.015224067018922902,0.28505377399610504,False,False,True,0.00012613371555183795,COMPLETE
730,0.43243297934532166,2025-04-09 12:56:04.453565,2025-04-09 12:56:13.437087,0 days 00:00:08.983522,0.12032942888782264,0.1037915662620392,8,0.11048995753798811,0.06633187835135666,0.011298780057335808,0.0754422297359512,0.062112447575812677,0.005414970288987875,0.06394729511575788,22,31,0.021399375792807176,0.27675068466622205,False,False,True,8.626446802489572e-05,COMPLETE
731,0.4064993381500245,2025-04-09 12:56:13.667900,2025-04-09 12:56:20.922992,0 days 00:00:07.255092,0.15925195210590062,0.05088753714695776,8,0.12492550883233522,0.031070580463912215,0.05256876774260884,0.09137084650119517,0.0784834897259872,0.002740763354325952,0.04957489931488761,10,25,0.09914857880974579,0.29106154296880044,False,True,True,3.8742355835053876e-05,COMPLETE
732,0.512989091873169,2025-04-09 12:56:21.166963,2025-04-09 12:56:28.691598,0 days 00:00:07.524635,0.18106704461089176,0.010338289892377575,8,0.15449240646588702,0.01718043285756409,0.014262933499080093,0.09674410030569307,0.07360426668679744,0.04874233834717647,0.010640671302878433,12,29,0.011546898379548044,0.2485417738563828,False,False,True,0.00022574451168207678,COMPLETE
733,0.5925684094429016,2025-04-09 12:56:28.924401,2025-04-09 12:56:35.726524,0 days 00:00:06.802123,0.22243319219804047,0.040013440278567666,16,0.13351953866329044,0.008003157394552332,0.01953390507627792,0.09474924702867271,0.06476622429506386,0.008139663965016763,0.061058049921649156,11,21,0.024825314943416176,0.2668078494032681,False,False,True,1.3592394468022218e-05,COMPLETE
734,0.4100695312023163,2025-04-09 12:56:35.967441,2025-04-09 12:56:42.756079,0 days 00:00:06.788638,0.2520339910602886,0.030600044972863182,16,0.14348269552796256,0.004085143300061894,0.021798586573055813,0.09807690728384402,0.06338523873828517,0.010955464709810717,0.01858450820054634,11,67,0.06278932853689702,0.27156777644067376,False,False,True,2.1129439909138214e-05,COMPLETE
735,0.44714034795761115,2025-04-09 12:56:43.001385,2025-04-09 12:56:49.780589,0 days 00:00:06.779204,0.27719313183589944,0.010585289206138975,16,0.13629986646236947,0.008055772689671862,0.019490875289805715,0.0953774724260577,0.06523719941233791,0.008957713395373969,0.039067108529522325,11,22,0.02707151133877752,0.28185230787965954,False,False,True,1.1312146760474466e-05,COMPLETE
