number,value,datetime_start,datetime_complete,duration,params_alpha-eval,params_alpha-train,params_batch-size,params_eps-eval,params_eps-train,params_lambda-actions-eval,params_lambda-actions-train,params_lambda-frames-eval,params_lambda-frames-train,params_learning-rate,params_n-epochs,params_n-frames,params_radius-gw,params_rho,params_std-feats,params_ub-actions,params_ub-frames,params_weight-decay,state
1968,0.6030334353446961,2025-04-09 15:58:01.228162,2025-04-09 15:58:08.867444,0 days 00:00:07.639282,0.16711881662342837,0.0507347994233777,16,0.0319875515602976,0.014794916710146024,0.061550120143935336,0.08049420980522924,0.09707349800477018,0.00859306526112054,0.03904636098325038,20,20,0.006401059058316387,0.2167480487303697,False,False,True,0.0006056671215429303,COMPLETE
1969,0.41234328746795657,2025-04-09 15:58:09.528125,2025-04-09 15:58:17.184889,0 days 00:00:07.656764,0.15198945467280148,0.0595193500887882,16,0.025414526877016994,0.00921671196757454,0.06072272975303493,0.0812964245637171,0.09852978006560485,0.006518138504284253,0.03605494432817757,20,16,0.006109399015297207,0.20512101521676473,False,False,True,0.000672070391583986,COMPLETE
1970,0.48332505226135253,2025-04-09 15:58:17.822752,2025-04-09 15:58:25.454059,0 days 00:00:07.631307,0.1742968011444721,0.05076165427771022,16,0.028783581774775004,0.014458855554265836,0.06615147837975201,0.08155876421455158,0.09996098748356703,0.008374357224452074,0.027693810780466153,20,18,0.004805642661162027,0.230542857738182,False,False,True,0.0005784019766623613,COMPLETE
1971,0.49029705524444583,2025-04-09 15:58:26.117229,2025-04-09 15:58:33.770909,0 days 00:00:07.653680,0.16226398443342674,0.05245930432688461,16,0.019929555439664202,0.03282072856601434,0.06424740725325268,0.07964227718980615,0.09772083747085342,0.011613666691287206,0.033265049873046106,20,15,0.005633166224350309,0.21803027665492852,False,False,True,0.0005641529196979108,COMPLETE
1972,0.1847076654434204,2025-04-09 15:58:34.438449,2025-04-09 15:58:42.128689,0 days 00:00:07.690240,0.15110648089184528,0.032636478171559485,16,0.011224940788813201,0.10121805728356224,0.06064338855572972,0.07977130899118869,0.09685145778617839,0.008580984112911092,0.02339019050049404,20,19,0.004399702919240013,0.2115575097023107,False,True,True,0.000584973505450554,COMPLETE
1973,0.28476806282997136,2025-04-09 15:58:42.765922,2025-04-09 15:58:50.360688,0 days 00:00:07.594766,0.17633581896108708,0.055175125868935075,16,0.030183095416919145,0.22114458359399947,0.07043883750262825,0.08278887748367263,0.09575417180950158,0.006388285496887428,0.03970908888036446,19,16,0.006446453929430732,0.21662304068764207,False,False,True,0.000788361650033115,COMPLETE
1974,0.23885292410850528,2025-04-09 15:58:51.025984,2025-04-09 15:58:58.691858,0 days 00:00:07.665874,0.16058292300222973,0.032079378742402305,16,0.03354672514989723,0.1267608341728051,0.06340733709264494,0.0784587293543063,0.09799891501727367,0.02789536033844174,0.04072506767825947,20,20,0.003903468095731009,0.21313869009793296,False,False,True,0.000996284376693854,COMPLETE
1975,0.4796237349510193,2025-04-09 15:58:59.330143,2025-04-09 15:59:06.960020,0 days 00:00:07.629877,0.16092466216241064,0.05965473373723314,16,0.025453490188315577,0.021130284502077844,0.06274453781128884,0.07700620815132857,0.09393194940579883,0.03475930512878099,0.03151211746919472,19,17,0.007736569591592596,0.19972157636346113,False,False,True,0.0005318425234643288,COMPLETE
1976,0.5699485898017884,2025-04-09 15:59:07.624452,2025-04-09 15:59:15.285186,0 days 00:00:07.660734,0.172236816479659,0.03854001223468796,16,0.0322260779459675,0.027305506705701116,0.06717898386080384,0.08027957533779671,0.09692815235149366,0.013643651481171984,0.03840858244504881,19,19,0.0010195468468786146,0.2051917132305692,False,False,True,0.0006900453094983237,COMPLETE
1977,0.36340618729591373,2025-04-09 15:59:15.951872,2025-04-09 15:59:23.484966,0 days 00:00:07.533094,0.13617987088335173,0.9990658045909301,16,0.020602782915324504,0.007663918041793082,0.0636157581285021,0.0812285347790526,0.09501036615257873,0.055040181351728036,0.04482697698386907,18,16,0.0027317015659863875,0.2108634616042834,False,False,True,0.0005926707150463535,COMPLETE
1978,0.4918222784996033,2025-04-09 15:59:24.126570,2025-04-09 15:59:31.710296,0 days 00:00:07.583726,0.18284434447185105,0.05862288927583037,16,0.03734826399348639,0.037344686316036775,0.06566079100683755,0.07877843994389984,0.09799186849171598,0.01045538559762856,0.02781498680462464,19,20,0.00777497074175376,0.20678126403774688,False,False,True,0.0007833206825146691,COMPLETE
1979,0.41372886896133426,2025-04-09 15:59:32.376553,2025-04-09 15:59:39.922112,0 days 00:00:07.545559,0.1683096641363298,0.666855961351976,16,0.017358167218909978,0.012219100870079855,0.06031928766490311,0.08290393632204306,0.09432484856369315,0.006514241297992733,0.034546353936385284,18,51,0.006176954324681668,0.2117964543103776,False,False,True,0.0005152614006327197,COMPLETE
1980,0.48779959678649903,2025-04-09 15:59:40.564072,2025-04-09 15:59:48.123114,0 days 00:00:07.559042,0.18406085234470348,0.03483641085390359,16,0.02633703507668584,0.01769839677829671,0.061104945009443266,0.08023343183367221,0.09230767032626871,0.008724098162031221,0.0004706508479010556,19,15,0.008730614906783504,0.214451865348918,False,False,True,0.000781327651689057,COMPLETE
1981,0.46942639350891113,2025-04-09 15:59:48.788091,2025-04-09 15:59:56.428316,0 days 00:00:07.640225,0.1632651219285282,0.03129303040720874,16,0.035307233244897054,0.030670598904992668,0.0642556424864277,0.08255538537191853,0.09583176723868685,0.012905093447907204,0.047631215913561134,19,20,0.005329106784517847,0.21251255477268868,False,False,True,0.0005125905268251718,COMPLETE
1982,0.4528723001480103,2025-04-09 15:59:57.098836,2025-04-09 16:00:05.079380,0 days 00:00:07.980544,0.1552132314497809,0.059483779765738855,16,0.040578598559538076,0.023951714771794235,0.0627134418756614,0.0778560877993129,0.09763148007383711,0.010486479030400704,0.02115250148439258,18,24,0.0034286341417125174,0.22095952927196108,False,False,False,0.0006213175377020802,COMPLETE
1983,0.4363874673843384,2025-04-09 16:00:05.716717,2025-04-09 16:00:13.406086,0 days 00:00:07.689369,0.1898789122752671,0.02732154875406603,16,0.029582278065326848,0.03649270116452817,0.06206202155199206,0.07635846975502197,0.09242885086780704,0.00661225567998469,0.0389101238684324,20,21,0.007416986054854885,0.20283315625272091,False,False,True,0.0007598211905266498,COMPLETE
1984,0.4486400485038758,2025-04-09 16:00:14.071583,2025-04-09 16:00:21.659183,0 days 00:00:07.587600,0.1385144955791634,0.056380594403319356,16,0.03556595352567062,0.017994939284430078,0.05837950507330953,0.08292418786027772,0.09576387642315363,0.008497453146350323,0.030168103886926388,19,17,0.009436578319594716,0.21972575393423757,False,False,True,0.0005779416255686957,COMPLETE
1985,0.44757137894630433,2025-04-09 16:00:22.335572,2025-04-09 16:00:29.781443,0 days 00:00:07.445871,0.1956487602793954,0.010193945822213946,16,0.042852523332232426,0.028588102073961164,0.05892242095546942,0.07632803911431763,0.09859403662973742,0.006407233133371508,0.05049562733352015,18,15,0.005090782715951158,0.216595547028018,False,False,True,0.0007335296034055801,COMPLETE
1986,0.48519133329391484,2025-04-09 16:00:30.437254,2025-04-09 16:00:38.152292,0 days 00:00:07.715038,0.1811356263769174,0.04272422272870638,16,0.025154481454183523,0.005105958067949504,0.06017771127933172,0.08036937533393869,0.09090077313826848,0.010951268551095024,0.040625551356075866,20,23,0.009279571919731994,0.22342450129840433,False,False,True,0.0005488163173437554,COMPLETE
1987,0.44488631486892705,2025-04-09 16:00:38.820469,2025-04-09 16:00:46.335978,0 days 00:00:07.515509,0.13988187531094748,0.026190333383642288,16,0.040455849222193765,0.00010994060422823276,0.06122457058733173,0.07806851104399562,0.09397216689377356,0.008593281028561042,0.033194417855025776,17,20,0.008228773189936046,0.21531652305770488,True,False,True,0.0004941254027679483,COMPLETE
1988,0.48211135864257815,2025-04-09 16:00:47.006981,2025-04-09 16:00:54.578358,0 days 00:00:07.571377,0.19937601975918548,0.05491166765904402,16,0.032217221341408364,0.022550431739388185,0.05879823963049993,0.07378872692595577,0.09551729215689791,0.012689332602297662,0.025208525291842504,19,18,0.00330418121414394,0.2239048324686948,False,False,True,0.0008052605597327619,COMPLETE
1989,0.599722683429718,2025-04-09 16:00:55.228840,2025-04-09 16:01:02.716774,0 days 00:00:07.487934,0.17001363311975118,0.042599395413285245,16,0.04425603978670914,0.01369716939272792,0.062241984884943966,0.0808890897596223,0.09982044684003989,0.005959508723435456,0.04827784956081326,18,23,0.01073431718744607,0.2081652807943145,False,False,True,0.000998393744141817,COMPLETE
1990,0.5355313420295715,2025-04-09 16:01:03.389242,2025-04-09 16:01:11.030302,0 days 00:00:07.641060,0.14474363699799753,0.027964456147568238,16,0.03348609396687279,0.031983536334035445,0.05769094623526245,0.08302449450462385,0.09327763049442789,0.010611370578727694,0.04394683007655074,19,21,0.005258075077242316,0.22590771530116627,False,False,True,0.0009979902369604788,COMPLETE
1991,0.09215089827775956,2025-04-09 16:01:11.704467,2025-04-09 16:01:19.118824,0 days 00:00:07.414357,0.19851249841484214,0.06013430653588217,16,0.03872054561387958,0.21171945217586383,0.05624840902926741,0.07792264031943945,0.097612311619876,0.008048209602859695,0.034207776124289074,18,14,0.0010858497838252693,0.22007011299381526,False,True,True,0.000505329120748735,COMPLETE
1992,0.4631824851036072,2025-04-09 16:01:19.768571,2025-04-09 16:01:27.517395,0 days 00:00:07.748824,0.16675708391899574,0.04555700297130206,16,0.016599853583226385,0.025507865274629577,0.06259621052065605,0.0708840262369216,0.08945762761067722,0.0056942169635357505,0.04924574667418423,20,24,0.007645750652424922,0.21195314216699593,False,False,True,0.0006313802589866615,COMPLETE
1993,0.4521127820014954,2025-04-09 16:01:28.194226,2025-04-09 16:01:35.683404,0 days 00:00:07.489178,0.1842364870730486,0.031104556961997386,16,0.04780236664572594,0.018916688888720345,0.05642321962925099,0.07535702237434899,0.08708731465885662,0.013890359170578142,0.03946232775031263,18,17,0.0070158966117648824,0.22559088354876883,False,False,True,0.0007735337185682077,COMPLETE
1994,0.31734217405319215,2025-04-09 16:01:36.328243,2025-04-09 16:01:43.922176,0 days 00:00:07.593933,0.2080036909624993,0.059421726505551,16,0.025088827699482244,0.03890927746016788,0.05699193284929575,0.08046994839979536,0.09624414184688801,0.010096736493257761,0.05290310949515644,19,21,0.01120634783033031,0.07711401258062985,False,False,True,0.0006931706195010153,COMPLETE
1995,0.4645256876945496,2025-04-09 16:01:44.585641,2025-04-09 16:01:51.976498,0 days 00:00:07.390857,0.21005675355787795,0.0272760504351921,16,0.03727426306296913,0.03165827464650148,0.05950543560531615,0.07871577551311366,0.09403521339552623,0.006139081641572502,0.027620086984386897,17,14,0.05267536959538088,0.22155971640599786,False,False,True,0.0005241711225515363,COMPLETE
1996,0.5476687788963318,2025-04-09 16:01:52.652888,2025-04-09 16:02:00.225974,0 days 00:00:07.573086,0.17889059006211902,0.05945488532519225,16,0.030751191250648194,0.01191581086008056,0.06131934441004112,0.08306220522966798,0.09135217569032233,0.008308959708332,0.040862142841384834,19,24,0.00998838019534052,0.23146504283845015,False,False,True,0.0006546333247731432,COMPLETE
1997,0.4947595238685608,2025-04-09 16:02:00.870550,2025-04-09 16:02:08.551369,0 days 00:00:07.680819,0.16591075069789352,0.011048827406181929,16,0.04514281563081751,0.0248301263363884,0.06905247124072761,0.07291395081613906,0.09807177625321807,0.05958258224883815,0.01831999790718906,20,18,0.006559819186282106,0.2281068215831007,False,False,True,0.0009932992498633293,COMPLETE
1998,0.6046247839927674,2025-04-09 16:02:09.222607,2025-04-09 16:02:16.759870,0 days 00:00:07.537263,0.14341989915561884,0.011065306359866502,16,0.041189120597566756,0.03524149909784524,0.06009014586289304,0.07911669311631325,0.0944894477118772,0.011571980931729368,0.032775137510123245,18,20,0.003986315912667264,0.2115611069423048,False,False,True,0.00047120604461274004,COMPLETE
1999,0.5108585715293884,2025-04-09 16:02:17.431946,2025-04-09 16:02:24.801649,0 days 00:00:07.369703,0.1500923518126409,0.011891568440909132,16,0.05112700757638295,0.03949190158527324,0.057501332418073134,0.07685414301829688,0.09058716983020614,0.01523378767439295,0.02323620393370042,16,24,0.0032747151761829962,0.23491998092095087,False,False,True,0.0004776475079291079,COMPLETE
