number,value,datetime_start,datetime_complete,duration,params_alpha-eval,params_alpha-train,params_batch-size,params_eps-eval,params_eps-train,params_lambda-actions-eval,params_lambda-actions-train,params_lambda-frames-eval,params_lambda-frames-train,params_learning-rate,params_n-epochs,params_n-frames,params_radius-gw,params_rho,params_std-feats,params_ub-actions,params_ub-frames,params_weight-decay,state
898,0.593004333972931,2025-04-16 18:22:02.388122,2025-04-16 18:22:24.829564,0 days 00:00:22.441442,0.6688929728578162,0.9342986213467154,2,0.04528747953639713,0.10569369640311042,0.07621306701534124,0.020218210999527676,0.07635649231737449,0.06777142908953736,5.469078119468405e-05,25,135,0.01756187609591293,0.2500004457336948,False,False,False,4.239938607959092e-06,COMPLETE
899,0.4173605799674988,2025-04-16 18:22:25.110878,2025-04-16 18:22:48.700537,0 days 00:00:23.589659,0.7679624847589753,0.8991927874661736,2,0.07127924803474388,0.09242094379821024,0.0712596826007026,0.029462323415087026,0.08061112305801504,0.07284753953126816,0.0017929250341588842,27,140,0.016299247809016336,0.25617291036044826,False,False,False,8.636034172162902e-06,COMPLETE
900,0.5730372905731201,2025-04-16 18:22:48.993854,2025-04-16 18:23:12.825595,0 days 00:00:23.831741,0.7012752535774835,0.918866046373887,2,0.06350474730149165,0.07548611770935425,0.06577582756660344,0.026007778763966316,0.07833851536271247,0.0964906548730551,3.629625973650873e-05,27,130,0.01854500454287522,0.24825470156781093,False,False,False,3.5145693667349976e-08,COMPLETE
901,0.37012912631034856,2025-04-16 18:23:13.127886,2025-04-16 18:23:36.531577,0 days 00:00:23.403691,0.7526057284747777,0.9436665477012597,2,0.06509660180330264,0.099548274552839,0.06825206925762475,0.023831217531781003,0.0732272073417051,0.07130977472772271,2.624533931245141e-05,26,138,0.04117845751236024,0.24704037040861815,True,False,False,6.172974055286641e-06,COMPLETE
902,0.6093913555145264,2025-04-16 18:23:36.830336,2025-04-16 18:23:59.441916,0 days 00:00:22.611580,0.6816337281257329,0.8801416487950302,2,0.07516625784500329,0.11201854712833226,0.07426011676283248,0.02258058739224355,0.06927419216177054,0.09126096944159603,4.9843955048587154e-05,25,133,0.01557684631154834,0.26203098518312024,False,False,False,3.1763929269502123e-06,COMPLETE
903,0.46227285861969,2025-04-16 18:23:59.725427,2025-04-16 18:24:22.064565,0 days 00:00:22.339138,0.6668470180502879,0.8821715286561839,2,0.07355318853083642,0.0851506788004863,0.07492876258940216,0.018094277147604722,0.07115903469509616,0.08834887698843133,5.972628526375845e-05,25,56,0.020324120408950836,0.26273094479459974,False,False,False,2.3938602535593473e-06,COMPLETE
904,0.6042176127433777,2025-04-16 18:24:22.358343,2025-04-16 18:24:44.383057,0 days 00:00:22.024714,0.6719173509432439,0.8765902564257865,2,0.07726387745664551,0.0962160967242243,0.07632167988608171,0.020744606035714375,0.06890847615660746,0.08760998937129708,4.841424675412393e-05,24,132,0.01905484397995517,0.26107953127601935,False,False,False,4.394985756310445e-06,COMPLETE
905,0.5963303685188294,2025-04-16 18:24:44.680052,2025-04-16 18:25:07.211431,0 days 00:00:22.531379,0.6394641952948755,0.8723172709065943,2,0.0780932752881209,0.0895903524854991,0.07575130217837456,0.01952461968084216,0.0747748339586413,0.08851813599063792,5.93309001536301e-05,25,133,0.01991710793815334,0.26268311405759803,False,False,False,5.184600795690139e-06,COMPLETE
906,0.5971939325332642,2025-04-16 18:25:07.510776,2025-04-16 18:25:29.295049,0 days 00:00:21.784273,0.6535304710939429,0.8851452040963844,2,0.07872591597864809,0.1132897706605045,0.07601684456332033,0.017707247581748343,0.06952232741687883,0.0915573232744855,5.346448784921187e-05,24,133,0.02084772973344853,0.26222735018003035,False,False,False,4.320603997754744e-06,COMPLETE
907,0.5891993761062622,2025-04-16 18:25:29.579095,2025-04-16 18:25:51.423146,0 days 00:00:21.844051,0.6777036887165852,0.8823186927675832,2,0.08218405200413648,0.08332059143821803,0.0761220004287211,0.021615836265255078,0.07256855694227972,0.08986986728626273,4.679945766915018e-05,24,132,0.02090490535370317,0.2579719460325048,False,False,False,8.04208851904154e-06,COMPLETE
908,0.5714955925941467,2025-04-16 18:25:51.722702,2025-04-16 18:26:14.282897,0 days 00:00:22.560195,0.680611233196571,0.850731070668922,2,0.07868447033425713,0.09356547715504211,0.07672938824552729,0.020372513308047454,0.0698904630453333,0.08737385926489706,6.287836832371498e-05,25,135,0.024727110370768933,0.26276986659113594,False,False,False,5.4973120217954005e-06,COMPLETE
909,0.5837252140045166,2025-04-16 18:26:14.582218,2025-04-16 18:26:36.377847,0 days 00:00:21.795629,0.6549266508547399,0.8793487229578205,2,0.07210180959408496,0.10162416245807722,0.0736484961899094,0.02291824528887407,0.07127721492964867,0.09134847163847676,5.115354411545024e-05,24,130,0.023581942573835307,0.25573418994514663,False,False,False,3.7796971763247168e-06,COMPLETE
910,0.5943086624145508,2025-04-16 18:26:36.676042,2025-04-16 18:26:59.263335,0 days 00:00:22.587293,0.6241078165815518,0.9062927742232229,2,0.08402005912684965,0.09601636957784336,0.07476751752607129,0.019254041318299372,0.0732046001316042,0.0875700091750812,5.069173150920295e-05,25,134,0.02197468658443443,0.264781669852917,False,False,False,6.3378545026069265e-06,COMPLETE
911,0.5947020888328552,2025-04-16 18:26:59.547423,2025-04-16 18:27:21.912513,0 days 00:00:22.365090,0.6892538733612308,0.9013673366139465,2,0.07334377441288661,0.08976377611642862,0.0738299043527698,0.022529544367103894,0.0828046484200738,0.0919724324942834,6.194092011693911e-05,25,131,0.017832292553870383,0.2557352193624006,False,False,False,4.345985578061199e-06,COMPLETE
912,0.5039693713188171,2025-04-16 18:27:22.209554,2025-04-16 18:27:44.251612,0 days 00:00:22.042058,0.6688830837613383,0.9641140264429,2,0.2197409002114886,0.07985181887041028,0.0773464510643306,0.024465045230696793,0.0689421721012944,0.08563361876152942,4.5261788927968146e-05,24,129,0.01795825186261666,0.2568097344137261,False,False,False,3.738821529424701e-06,COMPLETE
913,0.1230799973011017,2025-04-16 18:27:44.549840,2025-04-16 18:28:04.319406,0 days 00:00:19.769566,0.6453229776122777,0.8732428774946905,2,0.06923703507280568,0.10419094499832224,0.07348071481539882,0.017505489889526674,0.07496618746557081,0.07050912202300627,3.249337951381875e-05,25,135,0.019153241663443128,0.26439731896289254,False,True,False,3.1470085123921564e-06,COMPLETE
914,0.09629352092742921,2025-04-16 18:28:04.622445,2025-04-16 18:28:24.391762,0 days 00:00:19.769317,0.7015254249990142,0.8630575860724067,2,0.07660546945455338,0.11304670507151081,0.0724745100526514,0.020852006744771893,0.06843765770377253,0.07412819872065668,4.931040203571677e-05,25,132,0.016676015302721822,0.2533864978222025,False,False,True,4.775508690473564e-06,COMPLETE
915,0.5384011983871461,2025-04-16 18:28:24.676106,2025-04-16 18:28:47.252085,0 days 00:00:22.575979,0.6816002582167787,0.9607094025451652,2,0.08474039752770024,0.09699221927088576,0.07498296185878418,0.06307151960856777,0.07186216342254702,0.094010267863174,3.987268792799832e-05,25,128,0.022428089059532787,0.24988003440878356,False,False,False,7.58080586196821e-06,COMPLETE
916,0.5344534993171692,2025-04-16 18:28:47.549697,2025-04-16 18:29:09.417308,0 days 00:00:21.867611,0.7110222289006519,0.09067405474978657,2,0.06836058089221715,0.08866317920781022,0.07688028664550649,0.023897033012666928,0.06996860505808802,0.08685435442288554,6.069641058979163e-05,24,137,0.018982210080178873,0.25503106503062617,False,False,False,3.0682741759120448e-06,COMPLETE
917,0.3386782765388489,2025-04-16 18:29:09.718701,2025-04-16 18:29:33.679111,0 days 00:00:23.960410,0.6947229351595238,0.9253442493012922,2,0.07593771247956697,0.10879101146163717,0.07230607552114747,0.018166281249007227,0.06829995289237877,0.09056417295198381,3.619300766963332e-05,26,16,0.016195416294329395,0.25966537823988745,False,False,False,5.21393207675644e-06,COMPLETE
918,0.6023039340972901,2025-04-16 18:29:33.984281,2025-04-16 18:29:56.462994,0 days 00:00:22.478713,0.6429643084234243,0.8965278610648174,2,0.057380304905411884,0.10312282422178833,0.07416920223417568,0.022276077063211285,0.0788862591502372,0.09326689681318949,4.639426536373986e-05,25,132,0.01626377833869953,0.24596335737718936,False,False,False,3.873889283415242e-06,COMPLETE
919,0.4131681442260743,2025-04-16 18:29:56.748499,2025-04-16 18:30:18.580539,0 days 00:00:21.832040,0.6553609615221643,0.8694571426660946,2,0.05708303223436549,0.11719543741218369,0.07676916345227185,0.02582479284351924,0.08102862029045844,0.0935862853236063,6.23419203201699e-05,24,92,0.020553757434543855,0.24675295650028223,False,False,False,3.886985684554762e-06,COMPLETE
920,0.6012049913406372,2025-04-16 18:30:18.880250,2025-04-16 18:30:41.467201,0 days 00:00:22.586951,0.6621039639403178,0.8946946379652266,2,0.05986748716831892,0.1054750985633676,0.0748186243709728,0.022731031149161286,0.0813759960227905,0.09193460004022364,5.1328083674193944e-05,25,137,0.018796266785457087,0.25260706959905305,False,False,False,5.939028797014338e-06,COMPLETE
921,0.5861797571182251,2025-04-16 18:30:41.768558,2025-04-16 18:31:04.248503,0 days 00:00:22.479945,0.6820387099896384,0.8997378312387289,2,0.04798390421318055,0.11026888275979507,0.07412786845407379,0.022081172932361285,0.08366263996008856,0.09323510139887638,4.764190017182501e-05,25,134,0.023071697395230253,0.24639780159805708,False,False,False,2.8258043291517786e-06,COMPLETE
922,0.3471525549888611,2025-04-16 18:31:04.555957,2025-04-16 18:31:26.824762,0 days 00:00:22.268805,0.6413772044213512,0.8588689598824901,2,0.05275336090016557,0.10073630925097526,0.07711877023621208,0.024128929261222443,0.08748511135913636,0.09526716553538515,5.101993134116308e-05,24,134,0.017791045342744193,0.2592921055205312,True,False,False,4.503588733549747e-06,COMPLETE
923,0.4289146721363068,2025-04-16 18:31:27.113667,2025-04-16 18:31:49.680313,0 days 00:00:22.566646,0.7075495998686799,0.8952988856588154,2,0.05720777453176438,0.10286806905862389,0.07387018091839817,0.02617491037005939,0.07758890920798636,0.09789460196734687,6.272808333514579e-05,25,132,0.04512086605964401,0.25319962527125417,False,False,False,3.5062325963366135e-06,COMPLETE
924,0.3364855945110321,2025-04-16 18:31:49.985465,2025-04-16 18:32:12.692431,0 days 00:00:22.706966,0.716493526734557,0.9220995894027337,2,0.0513011372929209,0.11012521276077551,0.07286745534127223,0.027817586194272458,0.07829497560361412,0.09001191733143205,4.347198811851672e-05,25,29,0.017181697987410115,0.24495646302794852,False,False,False,2.334524630081198e-06,COMPLETE
925,0.49348363876342777,2025-04-16 18:32:12.995132,2025-04-16 18:32:34.886271,0 days 00:00:21.891139,0.6706732870141091,0.8709860965071785,2,0.06689253126240413,0.09522890809151334,0.0761328638639615,0.02098969181269194,0.07564489036454135,0.09312267926507548,3.190836471825174e-05,24,137,0.016006102006051355,0.24901441120098572,False,False,False,4.101928449118785e-06,COMPLETE
926,0.5546015739440918,2025-04-16 18:32:35.190320,2025-04-16 18:32:57.718711,0 days 00:00:22.528391,0.7330841227293277,0.9099392330273782,2,0.06089735921055357,0.1014526568018147,0.0714015673853269,0.024544247743654376,0.07875014770913652,0.08841391415563704,3.8094428538489015e-05,25,132,0.01996906882129211,0.2657362103814763,False,False,False,5.948745603768162e-06,COMPLETE
927,0.6067990660667419,2025-04-16 18:32:58.008248,2025-04-16 18:33:20.588704,0 days 00:00:22.580456,0.6351595459899402,0.8919051649046379,2,0.06827857796285983,0.11602200333982528,0.07400296525245136,0.07798886219107032,0.07722392419797187,0.09725037775484942,5.131140229965444e-05,25,130,0.015700911785002075,0.2589880220840725,False,False,False,3.091867301892684e-06,COMPLETE
928,0.580490517616272,2025-04-16 18:33:20.891522,2025-04-16 18:33:42.742990,0 days 00:00:21.851468,0.6257111756767488,0.8643983457660316,2,0.06559579286791568,0.11730489363226959,0.07431429504046409,0.020638966467220726,0.07980053015385492,0.0908900508332216,6.294656425645248e-05,24,129,0.019893632917808036,0.2635219826932631,False,False,False,3.1472215222642955e-06,COMPLETE
929,0.6037529230117799,2025-04-16 18:33:43.049780,2025-04-16 18:34:05.600088,0 days 00:00:22.550308,0.6396716860705243,0.8885257290210449,2,0.07252254935645693,0.11642128163624008,0.07685432499250268,0.022513469824976408,0.07596201917798058,0.09778431872113082,5.1304242518757994e-05,25,130,0.018125631809099135,0.26122875738828316,False,False,False,2.947537848705988e-06,COMPLETE
930,0.18516838252544404,2025-04-16 18:34:05.906991,2025-04-16 18:34:25.530406,0 days 00:00:19.623415,0.6304209289749226,0.8478814058518013,2,0.07166310297913968,0.12139481978243194,0.07720551244483742,0.019946521566411843,0.0763223581310304,0.09798091899696877,6.13704027542462e-05,25,51,0.02651761143015794,0.25824681764605634,False,False,True,2.556693637776866e-06,COMPLETE
931,0.5948883771896363,2025-04-16 18:34:25.820525,2025-04-16 18:34:48.187629,0 days 00:00:22.367104,0.6238688026340065,0.8852012392286187,2,0.07399817799825417,0.11644384381657262,0.0774302185304718,0.06962085584398282,0.07629099575740289,0.09814758200690124,4.785415439359085e-05,25,131,0.020578394707394688,0.2633796683671838,False,False,False,3.3585495333223516e-06,COMPLETE
932,0.12045408338308335,2025-04-16 18:34:48.488859,2025-04-16 18:35:08.397169,0 days 00:00:19.908310,0.6411290372681394,0.8304720495633483,2,0.06780263555439033,0.11651287231481613,0.07780292387668826,0.021907535039440772,0.07392920847051801,0.09513261501659398,6.251611390364481e-05,25,130,0.023022927888322844,0.26408280199329753,False,True,False,2.707150509230297e-06,COMPLETE
933,0.5999166607856751,2025-04-16 18:35:08.696279,2025-04-16 18:35:30.540110,0 days 00:00:21.843831,0.6570018568872982,0.8613705677181092,2,0.07928406913517536,0.11270437949244967,0.07502625836982448,0.06452002284565167,0.07707231977251734,0.09845138626789988,5.0935911927996996e-05,24,131,0.019380117174814585,0.26711379424122544,False,False,False,4.457167859236941e-06,COMPLETE
934,0.6034428954124451,2025-04-16 18:35:30.854268,2025-04-16 18:35:52.853835,0 days 00:00:21.999567,0.6424957713374639,0.863185438300031,2,0.07276007177541759,0.10970452194201465,0.07579848186852038,0.07728444407136766,0.07560352645765316,0.09613752791066828,5.558697576962044e-05,24,136,0.01797008430437391,0.25944565418553656,False,False,False,3.418416482265888e-06,COMPLETE
935,0.5892003893852233,2025-04-16 18:35:53.164005,2025-04-16 18:36:14.959505,0 days 00:00:21.795500,0.6397397305716406,0.8445782949235624,2,0.07254125734276481,0.12154998245632455,0.07552403639934249,0.07882358741820818,0.07940023508516851,0.09448523331278315,6.323575170925474e-05,24,128,0.017749710027070015,0.2653403988680248,False,False,False,3.7173070264842164e-06,COMPLETE
936,0.602869713306427,2025-04-16 18:36:15.252030,2025-04-16 18:36:38.302894,0 days 00:00:23.050864,0.6292492962525543,0.8629444967305698,2,0.07706719956146364,0.11544404001727057,0.07803300857787071,0.07629002839796857,0.07552801544870245,0.09629576093431652,5.306683228666023e-05,26,134,0.017032833043508618,0.26063356030756835,False,False,False,4.993746981631915e-06,COMPLETE
937,0.572486674785614,2025-04-16 18:36:38.608125,2025-04-16 18:37:01.874614,0 days 00:00:23.266489,0.611900934178245,0.8309070488690204,2,0.07811605687617501,0.12013031773574004,0.07876330424977743,0.07071468023517404,0.07539311641782495,0.09928033226173158,6.390156762925581e-05,26,135,0.020937839248296466,0.26411429843780015,False,False,False,6.954482333170963e-06,COMPLETE
938,0.5862857580184937,2025-04-16 18:37:02.183939,2025-04-16 18:37:25.284756,0 days 00:00:23.100817,0.6338256371391089,0.858270567829331,2,0.0762560509178891,0.12062948609644378,0.07796007929079075,0.07658325067993738,0.07460638868501451,0.09650226560741142,5.4974137482990086e-05,26,136,0.022026758228707834,0.2601800954597719,False,False,False,4.751652608765923e-06,COMPLETE
939,0.43197093009948734,2025-04-16 18:37:25.593220,2025-04-16 18:37:48.696695,0 days 00:00:23.103475,0.6138450056005624,0.8761690177577972,2,0.08329241935278238,0.11430745192743944,0.07645742304530309,0.07718381140580673,0.07554470379030165,0.09693092667751046,0.003920628777214115,26,134,0.018668831386084106,0.26841171346225956,False,False,False,5.366417024533178e-06,COMPLETE
940,0.40201516747474675,2025-04-16 18:37:48.990569,2025-04-16 18:38:12.367966,0 days 00:00:23.377397,0.650559908364897,0.8684913765960783,2,0.0722645567538379,0.12338194923571918,0.0779930585136257,0.07433544841465148,0.07714877079372402,0.09850814965151153,6.5325965428967e-05,26,126,0.017335036291922512,0.26865210698889036,True,False,False,7.245661476756855e-06,COMPLETE
941,0.6022576808929444,2025-04-16 18:38:12.672865,2025-04-16 18:38:34.624440,0 days 00:00:21.951575,0.6591307666942737,0.8188036460161818,2,0.0802533569316516,0.11735477196237591,0.07830961608616088,0.08353225622945096,0.07352781451944923,0.09972062855208218,5.649379744104704e-05,24,130,0.01638734040885354,0.2607805931320978,False,False,False,5.081243627536115e-06,COMPLETE
942,0.6041482329368592,2025-04-16 18:38:34.929115,2025-04-16 18:38:58.179302,0 days 00:00:23.250187,0.6884006212858665,0.864670966985611,2,0.07153138941316105,0.11213696977939522,0.07688573732689949,0.08137372497248792,0.07334563612909854,0.09524900691771271,5.355762328440245e-05,26,133,0.018337346117282168,0.25873343617022354,False,False,False,3.468545541042361e-06,COMPLETE
943,0.5743481636047364,2025-04-16 18:38:58.488739,2025-04-16 18:39:21.412105,0 days 00:00:22.923366,0.6672164644538097,0.8401722906253358,2,0.08554504655312453,0.11522823076636693,0.07908106068986817,0.07872071776432249,0.0732370388082208,0.0944060750279391,6.507328016430471e-05,26,137,0.02187032881481739,0.26710533327391844,False,False,False,3.180401252306359e-06,COMPLETE
944,0.5570698261260987,2025-04-16 18:39:21.723186,2025-04-16 18:39:44.933201,0 days 00:00:23.210015,0.6303704790551506,0.8648710718165571,2,0.07560063162250476,0.12462936115244445,0.07710094108695016,0.08014769759674435,0.07264892926977455,0.09553441445342653,5.5480541942342284e-05,26,134,0.025029884803861178,0.26004346902046604,False,False,False,3.370863304427592e-06,COMPLETE
945,0.4600000619888306,2025-04-16 18:39:45.227285,2025-04-16 18:40:08.232234,0 days 00:00:23.004949,0.6819189805953361,0.8664588358665285,2,0.08063214400763918,0.11270194033112654,0.07909838113605164,0.08035888589104924,0.07424432461743319,0.0965226329608135,5.284428483575031e-05,26,65,0.01918853266437962,0.2669416601782252,False,False,False,2.4608733187473787e-06,COMPLETE
946,0.577048945426941,2025-04-16 18:40:08.542241,2025-04-16 18:40:31.755657,0 days 00:00:23.213416,0.612332116750042,0.8375178845549125,2,0.07111698276572662,0.11035508558563244,0.07626466301916955,0.08120921263015624,0.07219576341726847,0.09507299325952727,6.467749957725863e-05,26,136,0.017510939076585873,0.2579492490159949,False,False,False,3.7117232541476127e-06,COMPLETE
947,0.6062040805816651,2025-04-16 18:40:32.063685,2025-04-16 18:40:54.632761,0 days 00:00:22.569076,0.6577447568786426,0.841158376496855,2,0.07511192221228033,0.11815681667920416,0.07539537340773449,0.08406092117343034,0.07540462447020096,0.09982517955364532,5.3371359857568556e-05,25,133,0.01576988746876093,0.2618839316144083,False,False,False,2.736793629909158e-06,COMPLETE
948,0.5959907889366151,2025-04-16 18:40:54.940878,2025-04-16 18:41:16.938686,0 days 00:00:21.997808,0.6595146074602416,0.8494696866880895,2,0.07558662576587423,0.12067674032178669,0.0756901955530151,0.0852293810870191,0.07571186175951618,0.09756620119900188,6.09035248703822e-05,24,128,0.018954631885763063,0.2705541783827863,False,False,False,2.9722774672528313e-06,COMPLETE
949,0.60575989484787,2025-04-16 18:41:17.234740,2025-04-16 18:41:39.264631,0 days 00:00:22.029891,0.6307935156716058,0.8456107307284548,2,0.06974333031276815,0.12071304437001865,0.07801267650413712,0.08407054717351904,0.07416754963413166,0.0962504818918913,5.288612417951157e-05,24,133,0.018496683938437595,0.26390804913211297,False,False,False,4.121209943220537e-06,COMPLETE
950,0.11767162680625916,2025-04-16 18:41:39.575529,2025-04-16 18:41:58.787131,0 days 00:00:19.211602,0.6700492975193237,0.8189762018084495,2,0.06782897832799359,0.11561320918983531,0.07889488594530529,0.08752172067310483,0.07406122024928447,0.09269864943098315,6.67777028268706e-05,24,131,0.02202957042979669,0.26941017130344846,False,False,True,3.822563290049631e-06,COMPLETE
951,0.5635813713073731,2025-04-16 18:41:59.098793,2025-04-16 18:42:20.318164,0 days 00:00:21.219371,0.6418951561938301,0.8253755981830074,2,0.07072781865623014,0.11164943153454648,0.07633256092663003,0.0814694096285441,0.07152976402735291,0.09866165350167592,5.4316681404575397e-05,23,129,0.02447470866529016,0.26194575439323925,False,False,False,3.1015746468172786e-06,COMPLETE
952,0.12195182144641876,2025-04-16 18:42:20.634176,2025-04-16 18:42:39.858727,0 days 00:00:19.224551,0.6534773302961028,0.8438096419582877,2,0.06767877198405774,0.11883814137436428,0.0752572580123136,0.08319916396840524,0.0734537744405088,0.09950493056053906,6.712065428339639e-05,24,132,0.021052040118327814,0.27103475755510315,False,True,False,2.6573577242809453e-06,COMPLETE
953,0.4400272607803345,2025-04-16 18:42:40.172024,2025-04-16 18:43:02.181000,0 days 00:00:22.008976,0.6805219300844592,0.8464666474452598,2,0.08372168040632919,0.1240948028805912,0.07693578907121573,0.07865531554177878,0.07221205363075008,0.09451351276170764,0.05437697001091644,24,126,0.020074986876033922,0.2647869998516131,False,False,False,3.95362050015039e-06,COMPLETE
954,0.6038221836090089,2025-04-16 18:43:02.480554,2025-04-16 18:43:24.290741,0 days 00:00:21.810187,0.6119800503813724,0.2523259270357302,2,0.07256402381619251,0.11996360923471874,0.07530771647018061,0.08587914572699931,0.07585845313264919,0.09723835024998626,5.170279681111559e-05,24,126,0.01872120861869979,0.2650845633517527,False,False,False,2.2663567392335802e-06,COMPLETE
