number,value,datetime_start,datetime_complete,duration,params_alpha-eval,params_alpha-train,params_batch-size,params_eps-eval,params_eps-train,params_lambda-actions-eval,params_lambda-actions-train,params_lambda-frames-eval,params_lambda-frames-train,params_learning-rate,params_n-epochs,params_n-frames,params_radius-gw,params_rho,params_std-feats,params_ub-actions,params_ub-frames,params_weight-decay,state
1578,0.5756914973258973,2025-04-16 22:37:11.296239,2025-04-16 22:37:34.545895,0 days 00:00:23.249656,0.543351547233959,0.9817416934830734,2,0.0903066420884462,0.24076086346432213,0.07684333865500641,0.08979153100947795,0.08198071853151143,0.07068837898864859,3.403544522903934e-05,26,131,0.011788027801143948,0.2361729014641743,False,False,False,1.2407154333279981e-05,COMPLETE
1579,0.08715512305498123,2025-04-16 22:37:35.049325,2025-04-16 22:37:55.940748,0 days 00:00:20.891423,0.5929860305410528,0.9998092672497865,2,0.09918192380345445,0.23567718571142482,0.08957634768846008,0.09250688884968794,0.09695240682639393,0.06649456472737461,4.1085288718493216e-05,27,128,0.005633297202052655,0.24340919473972145,False,False,True,8.418980550163128e-06,COMPLETE
1580,0.3914017260074616,2025-04-16 22:37:56.467656,2025-04-16 22:38:04.151647,0 days 00:00:07.683991,0.509896864447202,0.9656350003551768,16,0.11183401982789574,0.24591610189061203,0.08440237345460248,0.09477487410039583,0.09225904781754539,0.07335912988247707,2.8802442730921443e-05,12,142,0.01356020901712281,0.2513832799744416,False,False,False,2.2487211606664798e-05,COMPLETE
1581,0.11726701706647874,2025-04-16 22:38:04.659752,2025-04-16 22:38:24.393438,0 days 00:00:19.733686,0.5624451745960364,0.933708917821788,2,0.08710295463421273,0.25613128400632235,0.07916925874010806,0.09825424981499506,0.07768876810265525,0.06931388660058775,6.489288461930712e-05,25,134,0.0669702083538812,0.24679818291044028,False,True,False,7.092569642800194e-06,COMPLETE
1582,0.5988642573356628,2025-04-16 22:38:24.903332,2025-04-16 22:38:48.141071,0 days 00:00:23.237739,0.4761971031834405,0.9796260808655274,2,0.09521332568008613,0.2434275262127009,0.08625381930310518,0.09357901660899134,0.08332346343997236,0.07157735547243382,5.214754699067327e-05,26,138,0.008434330309184184,0.25569223507038885,False,False,False,1.823536516567158e-05,COMPLETE
1583,0.604175615310669,2025-04-16 22:38:48.672225,2025-04-16 22:39:12.308971,0 days 00:00:23.636746,0.49224488686972734,0.9489952809672051,2,0.10484032577926453,0.26174699830443143,0.08231945293878112,0.08802035031998262,0.08837255079423535,0.07813174978444523,4.510730304789309e-05,27,131,0.011867418424449066,0.24061460553919187,False,False,False,3.0592786266355586e-05,COMPLETE
1584,0.4172631144523621,2025-04-16 22:39:12.831282,2025-04-16 22:39:29.167543,0 days 00:00:16.336261,0.5365666631421273,0.9598593921631393,2,0.0836703143927687,0.22792409360166005,0.07682594077060413,0.09571818605414675,0.07960971098726714,0.06787427912066159,3.486563552213147e-05,15,147,0.007265111014321698,0.2605181568727448,False,False,False,1.1160589489831762e-05,COMPLETE
1585,0.3359888911247254,2025-04-16 22:39:29.677133,2025-04-16 22:39:53.042356,0 days 00:00:23.365223,0.6876505972758769,0.9783417456073286,2,0.10064661057891701,0.24925130267782258,0.08023764431288664,0.09992994675998604,0.08532784001571406,0.07494323690334051,5.5535964818321376e-05,26,133,0.002773753221653231,0.21477151218950685,False,False,False,1.4680686323344663e-05,COMPLETE
1586,0.4133569777011872,2025-04-16 22:39:53.571618,2025-04-16 22:40:05.071799,0 days 00:00:11.500181,0.586544953599926,0.9312735770441125,2,0.09259533513376954,0.23623020504362605,0.08311640143611293,0.09125332250691777,0.08046358248335504,0.07294658131884915,8.11179298068843e-05,7,128,0.00904125225758023,0.23075998228369546,False,False,False,9.562866199296736e-07,COMPLETE
1587,0.5270704150199891,2025-04-16 22:40:05.588161,2025-04-16 22:40:25.004579,0 days 00:00:19.416418,0.5551175779771238,0.9810173623702817,2,0.10848541141615826,0.26960120300055485,0.07827555979315581,0.09660623487080312,0.09568624450127541,0.07654297216875536,3.977154552939346e-05,20,136,0.013559450395056516,0.25092136029714596,False,False,False,8.60627019078325e-06,COMPLETE
1588,0.2936749279499054,2025-04-16 22:40:25.551353,2025-04-16 22:40:48.281275,0 days 00:00:22.729922,0.5077685414534439,0.9523363862210048,2,0.08923368247443678,0.25050796110370893,0.0849640522923007,0.09349785785074718,0.08404718359435544,0.06468723212781397,6.710933352960627e-05,25,140,0.01048973842673274,0.2387518575926845,True,False,False,1.1331130057863075e-05,COMPLETE
1589,0.3302551865577698,2025-04-16 22:40:48.797522,2025-04-16 22:41:12.877295,0 days 00:00:24.079773,0.5196365243231063,0.9810182563598026,2,0.11609203133927094,0.24183765622556508,0.0811208610388502,0.08988554953423288,0.07773089069488212,0.07115752227808772,4.772748021575574e-05,27,30,0.004770139190701452,0.24693193703533375,False,False,False,1.8567918126824103e-05,COMPLETE
1590,0.5974374771118165,2025-04-16 22:41:13.392507,2025-04-16 22:41:36.496517,0 days 00:00:23.104010,0.541275003634786,0.965738598155546,2,0.09961115542890196,0.22013195309704675,0.0768154155887142,0.09182027920354004,0.09039680410255455,0.06619264960679647,5.63399780364924e-05,26,134,0.011801521033051201,0.2546066771364642,False,False,False,1.3705745223467717e-05,COMPLETE
1591,0.4711423993110657,2025-04-16 22:41:37.034756,2025-04-16 22:41:59.508216,0 days 00:00:22.473460,0.5962220476253393,0.9814675794818433,2,0.08508340535415036,0.25456994970126373,0.07880048666110945,0.08759301839423106,0.08703396358431492,0.06830613961729577,3.0540043125542934e-05,25,128,0.013705748892284627,0.2608740709645297,False,False,False,2.334625132224398e-05,COMPLETE
1592,0.6002747535705567,2025-04-16 22:42:00.023854,2025-04-16 22:42:24.235982,0 days 00:00:24.212128,0.6890311054803815,0.9286184001761338,2,0.12376409988816864,0.2334988061412378,0.0826585949948105,0.09806541917965543,0.08152963814408903,0.07382974294681174,3.9041693175509675e-05,28,131,0.010017179719315332,0.23593421239310056,False,False,False,6.99781725125303e-06,COMPLETE
1593,0.6029760718345643,2025-04-16 22:42:24.747853,2025-04-16 22:42:47.670836,0 days 00:00:22.922983,0.5694709415425233,0.9541678570602062,2,0.09502790970420844,0.2416793166408454,0.08083102842719352,0.09459711327273297,0.09776652648204756,0.06257097497996997,4.432313743709696e-05,26,137,0.007468297048594969,0.24293087519901946,False,False,False,9.756351898000945e-06,COMPLETE
1594,0.42235428094863897,2025-04-16 22:42:48.209917,2025-04-16 22:43:12.011246,0 days 00:00:23.801329,0.4973248506055683,0.9811139454022461,2,0.10806332430708289,0.2632502483274251,0.0881907467307772,0.09645137733280237,0.09434766873442825,0.0708617953098479,2.4730631512397316e-05,27,141,0.011600422737645898,0.249328552140293,False,False,False,1.6938457065512377e-05,COMPLETE
1595,0.4243810534477234,2025-04-16 22:43:12.530572,2025-04-16 22:43:30.369012,0 days 00:00:17.838440,0.5311026648187496,0.9617783718670642,2,0.10076952076536905,0.2471596690257359,0.0843774506133593,0.09245465320108012,0.0779147841975742,0.07637253174480473,0.0002879055843440477,17,133,0.0466843160875762,0.22925309940507282,False,False,False,1.3542622310299768e-05,COMPLETE
1596,0.38709011673927307,2025-04-16 22:43:30.885039,2025-04-16 22:43:53.539982,0 days 00:00:22.654943,0.5623488928870184,0.9408058242083442,2,0.09115904888829876,0.2550344887122548,0.07903321751233747,0.08939981783618618,0.08264643235876738,0.07889900120307004,6.658495370627109e-05,25,136,0.07277340843197977,0.2593582525855152,False,False,False,9.233987906730463e-06,COMPLETE
1597,0.5897505164146424,2025-04-16 22:43:54.073287,2025-04-16 22:44:17.069673,0 days 00:00:22.996386,0.46611049300774643,0.9840360760452392,2,0.08464682601573385,0.2725963233959077,0.07656543481934726,0.09501949054574059,0.08915645817722266,0.07266914388655644,5.199128897991276e-05,26,128,0.009022091931537217,0.24179950516814333,False,False,False,2.1750120926080015e-05,COMPLETE
1598,0.08719931095838547,2025-04-16 22:44:17.587707,2025-04-16 22:44:38.833310,0 days 00:00:21.245603,0.511855006217373,0.9642313700430473,2,0.11168444253473545,0.22758239526651186,0.08145966414556342,0.09324650214574402,0.07998725438254561,0.06909673776845107,3.614430272982837e-05,27,139,0.006359747616585596,0.25460685166313063,False,False,True,1.1676651589296834e-05,COMPLETE
1599,0.6086482763290406,2025-04-16 22:44:39.375914,2025-04-16 22:45:02.300525,0 days 00:00:22.924611,0.5441146738688534,0.9831919573512886,2,0.09546888603407068,0.23593907408308004,0.08678542374345666,0.0961826868371581,0.08591550316828606,0.06543661634445483,4.495645962201643e-05,26,131,0.013661920873968288,0.24777861565746848,False,False,False,1.546683984345057e-05,COMPLETE
1600,0.09549240916967393,2025-04-16 22:45:02.824309,2025-04-16 22:45:22.440424,0 days 00:00:19.616115,0.5979543702719567,0.9298153760778537,2,0.1053860838917532,0.22350631601475437,0.09138010678117041,0.09673087013733288,0.08389420786143517,0.06263883463273939,8.195100929754361e-05,25,128,0.013396675965016312,0.25354416980045813,False,True,False,6.927546659049879e-06,COMPLETE
1601,0.41621995568275455,2025-04-16 22:45:22.956847,2025-04-16 22:45:31.980117,0 days 00:00:09.023270,0.5764582044734736,0.948581534291752,16,0.10158276350967638,0.23553927362184798,0.0876999344826847,0.09929969677712015,0.08525574086432551,0.0644006646015894,5.9767391287202406e-05,25,127,0.013707029915496062,0.2496544807675834,False,False,False,8.557542591471937e-06,COMPLETE
1602,0.40088417530059817,2025-04-16 22:45:32.516587,2025-04-16 22:45:55.747236,0 days 00:00:23.230649,0.6788298811585018,0.9268190530878528,2,0.28414467903045243,0.22626514218445948,0.09132606058722711,0.09982721708681344,0.08717837415802772,0.06414167385211297,0.018634172156520707,26,131,0.014498547734526024,0.2622027574515219,False,False,False,1.1293229037044949e-05,COMPLETE
1603,0.610541594028473,2025-04-16 22:45:56.264154,2025-04-16 22:46:19.425967,0 days 00:00:23.161813,0.563327482959534,0.9496922447960904,2,0.1164052277820154,0.23022206445496257,0.08859479500765775,0.0956127242747446,0.08486600274145525,0.06132019068567636,5.065326975484472e-05,26,130,0.013906839657779642,0.26060417435925115,False,False,False,2.949329318089293e-05,COMPLETE
1604,0.4770685076713562,2025-04-16 22:46:19.945565,2025-04-16 22:46:42.436489,0 days 00:00:22.490924,0.5761699723884331,0.9308933381435726,2,0.11383539709148313,0.22199019623137067,0.08966854907200028,0.09700549350093195,0.08534515138518911,0.05978034598947151,7.727273969399921e-05,25,126,0.030834176259159185,0.26480260396351857,False,False,False,4.172690242946559e-05,COMPLETE
1605,0.5456758260726929,2025-04-16 22:46:42.981364,2025-04-16 22:47:05.442350,0 days 00:00:22.460986,0.5684299136331531,0.9229594758819403,2,0.1272025493241914,0.22105923910010566,0.08914326207419629,0.09854349561494295,0.08546096808972628,0.06156730417018745,7.259068585083983e-05,25,102,0.014121129580660682,0.26196182629257725,False,False,False,3.0491755085539603e-05,COMPLETE
1606,0.5913821935653687,2025-04-16 22:47:05.967688,2025-04-16 22:47:28.558332,0 days 00:00:22.590644,0.5521888317797365,0.9494404139053146,2,0.1219248143623804,0.22781074139058122,0.08881798105360054,0.09797076002248448,0.08420033364330973,0.05912235689442094,5.903636174292352e-05,25,127,0.013766886921665517,0.26326527711615183,False,False,False,3.4633805043433235e-05,COMPLETE
1607,0.37309893369674685,2025-04-16 22:47:29.079570,2025-04-16 22:47:52.641290,0 days 00:00:23.561720,0.5528845834746382,0.9441808083730504,2,0.11770290390578897,0.21879671280646473,0.09013347412269096,0.09629727565787569,0.08640159428711842,0.06618452423364748,5.26481785471637e-05,26,129,0.014144336958955613,0.2609496445814134,True,False,False,4.923971077063117e-05,COMPLETE
1608,0.5460059523582459,2025-04-16 22:47:53.183030,2025-04-16 22:48:16.403488,0 days 00:00:23.220458,0.5834902040837043,0.9486160756217203,2,0.2291756442624845,0.2305774812560186,0.0871912650401523,0.09796497051547287,0.08328654594692556,0.06112199099926287,6.762758318844627e-05,26,129,0.014256118977391152,0.2581337750865796,False,False,False,2.987804253402697e-05,COMPLETE
1609,0.590983784198761,2025-04-16 22:48:16.922750,2025-04-16 22:48:39.255996,0 days 00:00:22.333246,0.5649666434674473,0.9280143184749803,2,0.11919455197083123,0.22941625649515268,0.09138885404960165,0.09567513990658531,0.08437117785063102,0.06473926347391197,5.0824290350109596e-05,25,127,0.014015854582275711,0.26503124263307565,False,False,False,3.177401993025197e-05,COMPLETE
1610,0.6044244408607483,2025-04-16 22:48:39.798737,2025-04-16 22:49:02.325481,0 days 00:00:22.526744,0.5970271438279874,0.9620286095123812,2,0.11033248089485066,0.23250248474896718,0.08968449668667089,0.09813648351538726,0.08275012540980659,0.06265985895910531,6.057844036792165e-05,25,130,0.01318095210553551,0.25581337219097955,False,False,False,4.3423103215493235e-05,COMPLETE
1611,0.49009624719619754,2025-04-16 22:49:02.851848,2025-04-16 22:49:25.936094,0 days 00:00:23.084246,0.5536051906132536,0.9221295107978734,2,0.1152458167066075,0.22712564627722268,0.08909312760418656,0.09558448101404052,0.08618906920304849,0.061557014854735775,4.0652492851193724e-05,26,130,0.03508132379825693,0.25676939091518425,False,False,False,3.224556501639832e-05,COMPLETE
1612,0.6148304462432861,2025-04-16 22:49:26.461553,2025-04-16 22:49:49.703754,0 days 00:00:23.242201,0.5785545914368715,0.9629257109082208,2,0.10907362840668523,0.21712467435406427,0.08794769779474351,0.09685303397799015,0.08215179512238789,0.06075475071419826,4.938220162158343e-05,26,126,0.012094897015311716,0.26000164002104154,False,False,False,2.660493912355131e-05,COMPLETE
1613,0.5609033584594727,2025-04-16 22:49:50.247618,2025-04-16 22:50:12.778277,0 days 00:00:22.530659,0.5809560744078658,0.9456347749126733,2,0.12250712602773321,0.2275059202182586,0.08574146538197051,0.09888439020521383,0.08050840304245742,0.0615427844669116,7.912025518039262e-05,25,124,0.014496654406671614,0.2653336275915322,False,False,False,3.78314094468188e-05,COMPLETE
1614,0.5734088540077209,2025-04-16 22:50:13.300376,2025-04-16 22:50:36.514357,0 days 00:00:23.213981,0.5962411977007503,0.9298379054375541,2,0.1146624204680729,0.22045138906825887,0.09242930566725625,0.09840410223532232,0.0817268430034741,0.059211073233355706,6.695265510145585e-05,26,125,0.01266821296387088,0.26586609064526073,False,False,False,3.6018000942271326e-05,COMPLETE
1615,0.6124884247779846,2025-04-16 22:50:37.035050,2025-04-16 22:50:59.651494,0 days 00:00:22.616444,0.5969772028860149,0.951911434703721,2,0.11838392666714902,0.21836069634698324,0.08735142344290925,0.09752468312795404,0.08379107267499568,0.059316786931963954,5.5768351472990556e-05,25,126,0.012047278496537979,0.26574679621014197,False,False,False,2.8019823521266734e-05,COMPLETE
1616,0.5501582741737366,2025-04-16 22:51:00.196050,2025-04-16 22:51:22.581599,0 days 00:00:22.385549,0.5924984209531321,0.9243700519605038,2,0.12397562095060273,0.22462723140461213,0.09291187903439135,0.09970730206844808,0.08115229946411762,0.054736932309472096,8.782063458790568e-05,25,123,0.014311709441134537,0.26763957033808455,False,False,False,3.7126751884484256e-05,COMPLETE
1617,0.08675913512706757,2025-04-16 22:51:23.101163,2025-04-16 22:51:43.051953,0 days 00:00:19.950790,0.595739667639406,0.9213838256145904,2,0.12979686856714812,0.21592031670312065,0.09349854391249496,0.09805247989228218,0.08134631156689588,0.06343090467216288,7.572295404204731e-05,25,125,0.012483634219670043,0.27013924622047036,False,False,True,4.586834697156487e-05,COMPLETE
1618,0.4268283605575562,2025-04-16 22:51:43.595397,2025-04-16 22:52:06.251013,0 days 00:00:22.655616,0.6025090228712362,0.9365507964891588,2,0.12226498439060324,0.21559906215092775,0.09109800432288126,0.09935955098376129,0.08275574155815103,0.06356508453010297,0.002920614442821384,25,125,0.014554028151223183,0.26542873344875784,False,False,False,3.0029680297914346e-05,COMPLETE
1619,0.12503106147050858,2025-04-16 22:52:06.776852,2025-04-16 22:52:26.378632,0 days 00:00:19.601780,0.5799558394704114,0.9409394956480241,2,0.12592034411880604,0.21661473064051057,0.08964151720453954,0.09818963461188207,0.08249469422916643,0.05699573142723003,6.425584786753025e-05,25,124,0.012457558045236832,0.2679628240574035,False,True,False,4.846198965024782e-05,COMPLETE
1620,0.3145035445690155,2025-04-16 22:52:26.901599,2025-04-16 22:52:49.507363,0 days 00:00:22.605764,0.5989780120285121,0.9237910050791232,2,0.11923854809072429,0.21478527045897908,0.08877658175192941,0.096276813708854,0.08178017111468275,0.057664071423835596,6.036807170584275e-05,25,121,0.09288936988906288,0.2629034096894391,False,False,False,2.6394806747721705e-05,COMPLETE
1621,0.5959371328353882,2025-04-16 22:52:50.049900,2025-04-16 22:53:12.637363,0 days 00:00:22.587463,0.6033221663431466,0.945166716868034,2,0.12512609500647756,0.22415001343905097,0.09091620072223991,0.09748121824017955,0.08013473619390173,0.06279024882728361,5.6040902297819894e-05,25,127,0.013953008641406719,0.26999075708510517,False,False,False,5.4537643669883496e-05,COMPLETE
1622,0.582734489440918,2025-04-16 22:53:13.163466,2025-04-16 22:53:28.299853,0 days 00:00:15.136387,0.6069512436015839,0.9529755906956051,2,0.11261022434034393,0.22444493222157302,0.08732534516099136,0.09676970274214981,0.0834081220543008,0.05809675018238531,8.199868142014955e-05,13,123,0.012330754782950823,0.26161188548881764,False,False,False,2.598832486391088e-05,COMPLETE
1623,0.3760739922523499,2025-04-16 22:53:28.818407,2025-04-16 22:53:37.816579,0 days 00:00:08.998172,0.5765402638322729,0.9535649873327784,16,0.12020223666085778,0.21765252277584513,0.08448995502740009,0.09861651872912898,0.08074054575145927,0.05567867728292898,6.961396289313416e-05,25,118,0.01446386894159829,0.26515683935973233,False,False,False,3.601929692046314e-05,COMPLETE
1624,0.5903572201728822,2025-04-16 22:53:38.356255,2025-04-16 22:54:00.883049,0 days 00:00:22.526794,0.582840194337003,0.919360465335573,2,0.11831270605363542,0.22005486709727284,0.0917901747688134,0.09674478006896983,0.08298489554125557,0.06036352713244876,5.5081660193687326e-05,25,125,0.011651212343139828,0.26284158307327615,False,False,False,4.070586918338488e-05,COMPLETE
1625,0.5704769849777223,2025-04-16 22:54:01.407478,2025-04-16 22:54:23.959063,0 days 00:00:22.551585,0.586050035321577,0.9586214766339313,2,0.11074418592792541,0.2205545470021521,0.0879571427612067,0.09659043163254771,0.07956275128214449,0.0603924135399275,6.828367523510562e-05,25,127,0.014501407379306573,0.27163953305469096,False,False,False,3.307607713585206e-05,COMPLETE
1626,0.614838707447052,2025-04-16 22:54:24.504179,2025-04-16 22:54:47.195033,0 days 00:00:22.690854,0.5759840102185522,0.9479653361914835,2,0.12880948176354035,0.2320950278419709,0.08807127950205033,0.0991321513946812,0.08255989981197524,0.06512533326404754,5.253947787078591e-05,25,126,0.011584902116538006,0.263612048028104,False,False,False,2.6596068243294714e-05,COMPLETE
1627,0.40602672100067144,2025-04-16 22:54:47.724049,2025-04-16 22:55:10.473004,0 days 00:00:22.748955,0.5696759086950327,0.9375486839171232,2,0.12580748875252165,0.21881530790362902,0.0897777533969105,0.09998314373834027,0.08443890921675716,0.06259388184289072,8.139054168887123e-05,25,121,0.011842512640793543,0.261117606634423,True,False,False,3.0645889096070335e-05,COMPLETE
1628,0.5849639415740967,2025-04-16 22:55:10.999393,2025-04-16 22:55:33.621677,0 days 00:00:22.622284,0.5696169599964541,0.9359280217310557,2,0.11938476778609225,0.2264445041437777,0.09290577222164915,0.09931375149251306,0.08344115165103244,0.06531905766240256,5.9882683016624894e-05,25,117,0.01088328707210388,0.25937964951235337,False,False,False,2.6625042084172003e-05,COMPLETE
1629,0.588532316684723,2025-04-16 22:55:34.167004,2025-04-16 22:55:57.644951,0 days 00:00:23.477947,0.5808242420108168,0.9215110482717314,2,0.12209545582215325,0.23167692009663013,0.09090498562615275,0.09888274594267568,0.08107037995641773,0.06441708425271153,5.457349088561041e-05,26,121,0.010785042000214125,0.2581645462051195,False,False,False,2.724424906042132e-05,COMPLETE
1630,0.5711258411407472,2025-04-16 22:55:58.174111,2025-04-16 22:56:21.358169,0 days 00:00:23.184058,0.592928601622808,0.946577416522216,2,0.12594244557238138,0.2241697666631147,0.09014788209935974,0.09777963181204849,0.0826091129666221,0.06364670510996637,7.002584879047423e-05,26,125,0.010257898482157225,0.2671838138971296,False,False,False,5.385143704577051e-05,COMPLETE
1631,0.5889934062957765,2025-04-16 22:56:21.911743,2025-04-16 22:56:45.201471,0 days 00:00:23.289728,0.5654798905377686,0.9561518565693203,2,0.12539505989197489,0.21593110647913596,0.08835910934394937,0.0998838319379236,0.07935270301397275,0.0652734268343482,4.786395946675846e-05,26,122,0.012142427192618176,0.2599516022454666,False,False,False,3.4929108693488296e-05,COMPLETE
1632,0.5856530547142029,2025-04-16 22:56:45.734472,2025-04-16 22:57:08.200550,0 days 00:00:22.466078,0.5884321832697156,0.9260077447389067,2,0.12891841558245243,0.2311275710960568,0.09384882640322051,0.09744607035252621,0.08453983745044633,0.06610253753141473,5.82894146685135e-05,25,124,0.009810468565443153,0.2714926329010701,False,False,False,3.138784427994085e-05,COMPLETE
1633,0.5863907098770141,2025-04-16 22:57:08.726876,2025-04-16 22:57:31.281817,0 days 00:00:22.554941,0.6038071960848177,0.9623452885118258,2,0.1167504210004772,0.23055271505511152,0.0880026724911537,0.09956065103679745,0.0814741543147911,0.06169343616431472,4.84950766780706e-05,25,120,0.01276528505431817,0.2604227526651616,False,False,False,2.5815288475337845e-05,COMPLETE
1634,0.44110754728317264,2025-04-16 22:57:31.829661,2025-04-16 22:57:54.906427,0 days 00:00:23.076766,0.5652588147682613,0.9387745185553652,2,0.12825839631213867,0.22138783407602045,0.08830929827574019,0.09990395455303935,0.08368945463389325,0.06515661893386737,8.852353369214101e-05,26,126,0.04093338594852429,0.26640943662190375,False,False,False,2.5184822898356452e-05,COMPLETE
