number,value,datetime_start,datetime_complete,duration,params_alpha-eval,params_alpha-train,params_batch-size,params_eps-eval,params_eps-train,params_lambda-actions-eval,params_lambda-actions-train,params_lambda-frames-eval,params_lambda-frames-train,params_learning-rate,params_n-epochs,params_n-frames,params_radius-gw,params_rho,params_std-feats,params_ub-actions,params_ub-frames,params_weight-decay,state
1409,0.33943232893943787,2025-04-16 21:34:02.221991,2025-04-16 21:34:25.421258,0 days 00:00:23.199267,0.517825493709321,0.9382526619276693,2,0.08993913562251883,0.23967395904736874,0.08330565384676769,0.09098628733232976,0.0801430785069859,0.05574651904526613,0.0008703139476450354,26,134,0.0038239989942452247,0.2385118469601601,False,False,False,9.160856239555494e-06,COMPLETE
1410,0.09227025806903841,2025-04-16 21:34:25.871237,2025-04-16 21:34:46.729524,0 days 00:00:20.858287,0.49856485459073263,0.9595738988917307,2,0.10093572440593386,0.25797172681375713,0.07955885820714967,0.09464237856549251,0.08440304097719085,0.07138619973444418,5.502724604138745e-05,27,130,0.006347724395704165,0.2440670962805506,False,True,False,7.2387826452146615e-06,COMPLETE
1411,0.3408314466476441,2025-04-16 21:34:47.190123,2025-04-16 21:35:12.394145,0 days 00:00:25.204022,0.525087810225669,0.9778219146970291,2,0.08719856090659554,0.2477425554626681,0.0852656222406477,0.08908453759598185,0.08598334023033337,0.06278628014807298,3.594098767979259e-05,28,17,0.010949790029259089,0.2334262839875203,False,False,False,1.186972001217004e-05,COMPLETE
1412,0.6096961975097657,2025-04-16 21:35:12.866217,2025-04-16 21:35:35.939467,0 days 00:00:23.073250,0.5531573274555849,0.9822035389058886,2,0.10667615604911838,0.23475875257909,0.07840430979652009,0.09676371232691569,0.08071130875003286,0.0656201225146651,4.683211044941582e-05,26,137,0.008457292883509465,0.2512069481254225,False,False,False,1.7567037800221743e-05,COMPLETE
1413,0.36141077876091005,2025-04-16 21:35:36.394816,2025-04-16 21:35:45.563659,0 days 00:00:09.168843,0.5444631145950171,0.9821741747258501,16,0.1138566387677299,0.22519014875509433,0.08217130146839403,0.0969436803431008,0.08312089834662077,0.06675188014363616,3.1528311860136335e-05,26,143,0.005144985804901504,0.24362639324053495,False,False,False,2.870470343052424e-05,COMPLETE
1414,0.4777669787406922,2025-04-16 21:35:46.016646,2025-04-16 21:36:09.334767,0 days 00:00:23.318121,0.577370384649745,0.959536950300334,2,0.1091101773783581,0.23136231527935042,0.08076422965819276,0.09849008117644172,0.08221653380578924,0.06827870731200641,2.8048339860135406e-05,26,145,0.008084805138706627,0.25145256531458726,False,False,False,2.2161865708890303e-05,COMPLETE
1415,0.34750396609306333,2025-04-16 21:36:09.789500,2025-04-16 21:36:33.095157,0 days 00:00:23.305657,0.555279253086475,0.9777842581313438,2,0.11737539671435315,0.22360432192792354,0.0875067411387229,0.09479903628258367,0.09275987410800134,0.06632556667238439,2.2745360242255602e-05,26,141,0.0031189031511458095,0.2364853795026924,False,False,False,1.7929122295032087e-05,COMPLETE
1416,0.3390186131000519,2025-04-16 21:36:33.551869,2025-04-16 21:36:57.515321,0 days 00:00:23.963452,0.556165515393592,0.9391738696917425,2,0.10935054658740542,0.2336050907334029,0.08407309086640732,0.09624067728501724,0.08591400620910798,0.06951612444732122,3.695699187075101e-05,27,140,0.006602693008188509,0.2464496520660819,False,False,False,1.76591840528246e-05,COMPLETE
1417,0.6058322429656983,2025-04-16 21:36:57.986771,2025-04-16 21:37:21.088264,0 days 00:00:23.101493,0.5313151642703124,0.9819040989210835,2,0.10591164446285253,0.23631031592285892,0.07873683426303374,0.0967321477169617,0.09561326109972593,0.06669966764166692,4.407424935030193e-05,26,137,0.008928383840519525,0.24051082011322572,False,False,False,2.4211516719196218e-05,COMPLETE
1418,0.3383052825927735,2025-04-16 21:37:21.550902,2025-04-16 21:37:45.335205,0 days 00:00:23.784303,0.5786494942944995,0.953100585333449,2,0.10159215790564018,0.24033317810327498,0.0807041845045321,0.09331326652977853,0.08072689611017177,0.06492744497317131,4.4506091515815824e-05,26,138,0.007043151338957758,0.25226633375089236,True,False,False,3.1767855720779523e-05,COMPLETE
1419,0.5811418771743775,2025-04-16 21:37:45.790967,2025-04-16 21:38:09.615370,0 days 00:00:23.824403,0.5453324514943134,0.9630091795904336,2,0.1041878317028362,0.23273867127733772,0.0827472413995344,0.09814205537288663,0.08789072879525286,0.06872803986445453,3.381534204614722e-05,27,142,0.009029814920826811,0.22366635833564774,False,False,False,1.560864831449833e-05,COMPLETE
1420,0.6046159744262696,2025-04-16 21:38:10.075652,2025-04-16 21:38:33.975728,0 days 00:00:23.900076,0.5616328952788072,0.9830190845676989,2,0.12100372268424693,0.23103619418515173,0.08599812041450211,0.09530539816280523,0.08403881463773478,0.0730302884685775,3.9795506152172036e-05,27,136,0.009025897260720582,0.2448783101410113,False,False,False,1.9370486248246853e-05,COMPLETE
1421,0.3374254941940308,2025-04-16 21:38:34.454965,2025-04-16 21:38:57.732124,0 days 00:00:23.277159,0.5327984619648748,0.9985088713442376,2,0.0966860416530167,0.2690821496749102,0.07875780645589671,0.09312369764355093,0.08304305104204841,0.07040060802643197,4.78527843021639e-05,26,91,0.0067809225784549185,0.2527091626441188,False,False,False,1.228711863475342e-05,COMPLETE
1422,0.5600280404090882,2025-04-16 21:38:58.194784,2025-04-16 21:39:22.109002,0 days 00:00:23.914218,0.5075058968124213,0.9605071519398469,2,0.11183734301828284,0.224677023847539,0.08122966139560206,0.09983563173954517,0.07984466461635453,0.065218656775635,3.0931880422321344e-05,27,138,0.010787461296201587,0.22980773189380355,False,False,False,2.087098905375974e-05,COMPLETE
1423,0.3382180690765381,2025-04-16 21:39:22.565823,2025-04-16 21:39:45.757581,0 days 00:00:23.191758,0.4797458939636523,0.9337403970801554,2,0.09924384365196402,0.24467556391277176,0.0839896709142557,0.09609595041068904,0.08546981847657802,0.07207222003740914,4.9485250450609915e-05,26,136,0.003868528064063557,0.23826814499683244,False,False,False,1.5427474549482094e-05,COMPLETE
1424,0.338251119852066,2025-04-16 21:39:46.215661,2025-04-16 21:40:10.770819,0 days 00:00:24.555158,0.5782714364408684,0.9996174263925232,2,0.1056765897186423,0.2404088522204972,0.0782549881017777,0.09116429208788068,0.08907216025317082,0.06827165588035207,3.7233751653367905e-05,28,140,0.00519788603960293,0.24642879734297177,False,False,False,1.4176390144805735e-05,COMPLETE
1425,0.5430807709693909,2025-04-16 21:40:11.229987,2025-04-16 21:40:34.430981,0 days 00:00:23.200994,0.526507660607816,0.9771890779300202,2,0.09343576955254378,0.26231623850520946,0.08966834994091946,0.09418274491160902,0.08197112823595501,0.0645634028719338,4.393582805012378e-05,26,144,0.008685314856169394,0.2531085572277608,False,False,False,2.865126351395535e-05,COMPLETE
1426,0.45793929100036623,2025-04-16 21:40:34.909883,2025-04-16 21:40:58.743872,0 days 00:00:23.833989,0.556128496667297,0.9531611566123532,2,0.10785568615814556,0.25432296332734927,0.08288581939529893,0.09750902498580499,0.08001024707691132,0.07482729167651986,2.5165055658848702e-05,27,135,0.010850918375194377,0.24022404482067072,False,False,False,1.1462856742517931e-05,COMPLETE
1427,0.08803556710481644,2025-04-16 21:40:59.208264,2025-04-16 21:41:20.069787,0 days 00:00:20.861523,0.48419935947033604,0.9820212685838681,2,0.09913121080002346,0.23891484667084045,0.08059582676647466,0.09191945205887073,0.08458970795397593,0.06749649244334992,5.680343414304687e-05,27,138,0.012596063660969697,0.23196806405159115,False,False,True,2.013834549088865e-05,COMPLETE
1428,0.4357942223548889,2025-04-16 21:41:20.532868,2025-04-16 21:41:43.495656,0 days 00:00:22.962788,0.5119131506586057,0.937469755315944,2,0.11471546479377986,0.23501231184580634,0.08752311811677824,0.08956806307148851,0.0868962727950895,0.07336933682214117,0.028465607696753877,26,147,0.0070121425941129575,0.24553183341737675,False,False,False,1.5047087940020398e-05,COMPLETE
1429,0.1130006268620491,2025-04-16 21:41:43.958096,2025-04-16 21:42:05.181995,0 days 00:00:21.223899,0.5450108076097895,0.9662446308086508,2,0.0949744073092385,0.24994572842750856,0.09288960098086342,0.09450852818485446,0.09056657370961034,0.07157236395996852,3.598690124896657e-05,28,134,0.010455390085293833,0.25331839164909425,False,True,False,1.0892366562755527e-05,COMPLETE
1430,0.5920047283172607,2025-04-16 21:42:05.640679,2025-04-16 21:42:28.764154,0 days 00:00:23.123475,0.5304359696623089,0.9825560300485883,2,0.08840000006116144,0.22838542310482524,0.08482149752914936,0.09625288787511879,0.0808392944250086,0.07702421110018096,4.988110166138183e-05,26,139,0.012553978587492834,0.23672447408152797,False,False,False,2.5228086448120417e-05,COMPLETE
1431,0.5956995725631714,2025-04-16 21:42:29.244092,2025-04-16 21:42:53.055416,0 days 00:00:23.811324,0.580761491807341,0.9989144640503465,2,0.10130832325312009,0.2594001515601243,0.07910120014081674,0.09255393735120906,0.08215317351649198,0.0658801801654208,6.279303764998153e-05,27,134,0.00857049390104567,0.24638291471564286,False,False,False,1.7065742264676427e-05,COMPLETE
1432,0.600163745880127,2025-04-16 21:42:53.519696,2025-04-16 21:43:16.572240,0 days 00:00:23.052544,0.5538595401741176,0.9364377326482788,2,0.08935509868397935,0.24435410156007267,0.08159724965491867,0.09814419990551293,0.08412215526706573,0.06323985390548698,4.1512665653916236e-05,26,137,0.010861719242246926,0.24155049426668088,False,False,False,1.3058425487336151e-05,COMPLETE
1433,0.3864436268806458,2025-04-16 21:43:17.037028,2025-04-16 21:43:40.887453,0 days 00:00:23.850425,0.5036618550638415,0.9999525881754463,2,0.10768742853779464,0.253329417991574,0.07834976346706643,0.09442802874260421,0.08683349463329852,0.06923738369739144,0.010307818889905463,27,141,0.059655326847060694,0.2519133550380062,False,False,False,9.595672783623589e-06,COMPLETE
1434,0.41067918539047243,2025-04-16 21:43:41.351545,2025-04-16 21:43:50.465049,0 days 00:00:09.113504,0.569568493820081,0.9637050056738359,16,0.09616065215862374,0.2396459186403962,0.0824226210622684,0.09046532878495395,0.08287798928571313,0.0760846085046798,3.062079105869351e-05,26,133,0.012659264357620676,0.23213338104813297,False,False,False,9.714441355736538e-06,COMPLETE
1435,0.340079003572464,2025-04-16 21:43:50.925516,2025-04-16 21:44:15.064914,0 days 00:00:24.139398,0.5340316749906698,0.9554202782211386,2,0.08752546792172253,0.2654530111577321,0.08515679156377616,0.08871248502242496,0.07979874528720597,0.06698355600485471,5.259161830807204e-05,27,136,0.005622738660257764,0.248410562232641,False,False,False,1.3539732027599153e-05,COMPLETE
1436,0.5044515609741211,2025-04-16 21:44:15.546964,2025-04-16 21:44:39.959309,0 days 00:00:24.412345,0.5861470880701473,0.9806155867595325,2,0.10262042444079707,0.22074590373009767,0.08060517377789303,0.09334978362851044,0.09354415491608417,0.07028994009134715,4.272238078169184e-05,28,133,0.03293102200034226,0.24033567561619631,False,False,False,1.879930628637333e-05,COMPLETE
1437,0.553733229637146,2025-04-16 21:44:40.424771,2025-04-16 21:45:03.801417,0 days 00:00:23.376646,0.48625221784455247,0.9996481648945775,2,0.11316626381971216,0.24620291739025474,0.07858373239132951,0.09600867836477243,0.08559052979507187,0.07380885453085306,6.921007932676758e-05,26,143,0.009309032260113464,0.25445275227302555,False,False,False,1.2448020663103932e-05,COMPLETE
1438,0.32921653985977173,2025-04-16 21:45:04.262127,2025-04-16 21:45:28.172323,0 days 00:00:23.910196,0.5118284584683496,0.9446141235653027,2,0.0961288442578748,0.23387999153023398,0.08258434141517103,0.09977629728564774,0.07970701343253282,0.06497470448586992,3.51317882813803e-05,27,96,0.0070843413566663155,0.14399673370306826,False,False,False,2.416127187733468e-05,COMPLETE
1439,0.5915550112724305,2025-04-16 21:45:28.633570,2025-04-16 21:45:51.673216,0 days 00:00:23.039646,0.5489631856693785,0.969750061447209,2,0.08816657425942512,0.2567590635630065,0.08037850341715573,0.0920203184766797,0.08801592612560549,0.0619770963166267,5.641102360268228e-05,26,137,0.010896905753007592,0.24480041984273906,False,False,False,1.6710227220725624e-05,COMPLETE
1440,0.3691261112689972,2025-04-16 21:45:52.158058,2025-04-16 21:46:16.661720,0 days 00:00:24.503662,0.5119821752955898,0.937271147216239,2,0.10330373412357881,0.25088259474928865,0.07782649594776739,0.09614255312075963,0.09161305098802405,0.07134030870897161,4.703193029945111e-05,28,133,0.012617164064790609,0.22472652285540332,True,False,False,9.317686047333886e-06,COMPLETE
1441,0.4292804121971131,2025-04-16 21:46:17.128546,2025-04-16 21:46:40.738445,0 days 00:00:23.609899,0.5234047296260008,0.9650304646234653,2,0.11973473295566711,0.2424692859286665,0.08420720669518703,0.09328760019132605,0.08301889780036736,0.06838314667690722,0.0013917067233859463,27,139,0.008976331252810249,0.2528930933587773,False,False,False,1.106897423339968e-05,COMPLETE
1442,0.6052537083625794,2025-04-16 21:46:41.199986,2025-04-16 21:47:04.328756,0 days 00:00:23.128770,0.5683054639566281,0.9747941880314704,2,0.09282358149118503,0.2266106910289468,0.08722366340457888,0.09029215289621711,0.0814409645396871,0.07618328456278786,4.022824070827416e-05,26,135,0.013238254483902898,0.23444516413850694,False,False,False,1.4404226923971963e-05,COMPLETE
1443,0.5896851897239686,2025-04-16 21:47:04.793318,2025-04-16 21:47:28.052670,0 days 00:00:23.259352,0.5856918824023195,0.9999538765047864,2,0.10886881952478819,0.26212174945877675,0.08289279746971075,0.09796074602144225,0.08382705217348468,0.0632388743943127,6.343894028483397e-05,26,132,0.0104427960269087,0.2476217282460686,False,False,False,8.5836839025035e-06,COMPLETE
1444,0.5368436455726624,2025-04-16 21:47:28.522588,2025-04-16 21:47:52.120736,0 days 00:00:23.598148,0.5403697508529662,0.9533285834847564,2,0.09915335664818509,0.2462298590321275,0.07961547788032483,0.09516491165450927,0.07910869672816218,0.07309605103776824,2.8661594378273947e-05,27,131,0.007802290977040627,0.2392027986094534,False,False,False,1.9623196224532528e-05,COMPLETE
1445,0.3506313860416413,2025-04-16 21:47:52.602240,2025-04-16 21:48:06.600067,0 days 00:00:13.997827,0.4880437399272243,0.9800998143427219,2,0.08800673771774563,0.23716767574406294,0.0809907650926053,0.08886274087984067,0.09724276832034863,0.06740540772204216,4.8449544715973136e-05,11,139,0.0038617289244602462,0.25319557153235245,False,False,False,1.011676126977984e-05,COMPLETE
1446,0.08797172904014589,2025-04-16 21:48:07.072017,2025-04-16 21:48:28.303245,0 days 00:00:21.231228,0.5612909362966247,0.9320386695944951,2,0.09480417867956897,0.2684751268516116,0.08373221473347024,0.09338507476074255,0.08505506730686528,0.06528140822610042,3.662731393894107e-05,28,135,0.012740740763297268,0.24335986165453757,False,False,True,1.36804280689936e-05,COMPLETE
1447,0.5648505806922912,2025-04-16 21:48:28.771780,2025-04-16 21:48:51.933038,0 days 00:00:23.161258,0.5273113277579164,0.9596876606042056,2,0.10554615880892537,0.2515909729029109,0.08590727398569398,0.09143399573511637,0.08776180715943048,0.07491817569151568,5.579669310064002e-05,26,141,0.009515644800291335,0.22768627257090934,False,False,False,8.01576268038891e-06,COMPLETE
1448,0.11924616098403931,2025-04-16 21:48:52.397029,2025-04-16 21:49:13.033996,0 days 00:00:20.636967,0.5057511344337526,0.9820023020230846,2,0.08829814808352152,0.2581602689609542,0.07813047336264735,0.09762512722855811,0.08146928909274706,0.06985698238344763,4.444293635370251e-05,27,131,0.01126701777266559,0.23537187381702052,False,True,False,1.698719540985025e-05,COMPLETE
1449,0.33636763095855715,2025-04-16 21:49:13.515347,2025-04-16 21:49:37.713347,0 days 00:00:24.198000,0.4797781530261481,0.9996787061274209,2,0.11382071395900864,0.2436128471061492,0.0802350488861127,0.09483261211761071,0.07987082386558289,0.07698552080381037,6.839123139603767e-05,27,136,0.006146809228406746,0.24869620011117785,False,False,False,3.492177632620149e-05,COMPLETE
1450,0.5357394814491272,2025-04-16 21:49:38.181654,2025-04-16 21:50:01.663744,0 days 00:00:23.482090,0.5414037294068119,0.9505329671823997,2,0.10007236396255227,0.23610846066023639,0.08871423625363885,0.09645417590087031,0.09001453801291152,0.07178778783421101,3.332257680251036e-05,26,150,0.008322782840876713,0.25439751454927517,False,False,False,1.2360423321666477e-05,COMPLETE
1451,0.6030941009521484,2025-04-16 21:50:02.134467,2025-04-16 21:50:25.270965,0 days 00:00:23.136498,0.5613602921901893,0.9801058929878539,2,0.09260598818735791,0.22909037434852175,0.08211009042342822,0.08883664533139571,0.08597057308522932,0.06245199848263369,5.11451547378774e-05,26,133,0.01313719954660308,0.24034255155635076,False,False,False,2.3140821443641934e-05,COMPLETE
1452,0.337299770116806,2025-04-16 21:50:25.733442,2025-04-16 21:50:50.196622,0 days 00:00:24.463180,0.5923944191423921,0.9350915846512163,2,0.10013302474836477,0.2501024588561742,0.07803528389086616,0.09166207438871027,0.08288341132144457,0.06866823233948198,2.6956508834627012e-05,28,76,0.0010831363213070141,0.2468800569456856,False,False,False,7.32668276705269e-06,COMPLETE
1453,0.6046687126159668,2025-04-16 21:50:50.684857,2025-04-16 21:51:14.585189,0 days 00:00:23.900332,0.49949640266748035,0.956608037848076,2,0.08755084682365151,0.24175918507318622,0.035683710334939014,0.09412880604830703,0.07913517726054556,0.06551754394410332,3.910614869537393e-05,27,138,0.010575781203183605,0.2542438392753286,False,False,False,1.134426859053002e-05,COMPLETE
1454,0.5424411058425903,2025-04-16 21:51:15.057719,2025-04-16 21:51:38.165319,0 days 00:00:23.107600,0.5298021402851508,0.9996437289857562,2,0.10689830051144926,0.25453550064345143,0.08589339755451232,0.09233431972544104,0.08138010873337657,0.07360814502891343,5.727703039388362e-05,26,144,0.007491755050934577,0.21721269392858925,False,False,False,9.494007930591101e-06,COMPLETE
1455,0.32155188322067263,2025-04-16 21:51:38.634328,2025-04-16 21:51:48.276747,0 days 00:00:09.642419,0.5882449570949212,0.96813175201549,16,0.09224280072029623,0.23419172006064684,0.0801532753710487,0.09750251856030968,0.08448532322899004,0.07052770003975693,4.397423222829423e-05,27,130,0.012774779593361948,0.23238601612789858,True,False,False,1.556315790981877e-05,COMPLETE
1456,0.3422791182994843,2025-04-16 21:51:48.748436,2025-04-16 21:52:11.941694,0 days 00:00:23.193258,0.543733725138051,0.9801416623384894,2,0.09580850639924218,0.26257970163158373,0.08290322097326651,0.0998979917817514,0.07860965730715197,0.06432015576175834,3.201640180365982e-05,26,135,0.005154875149325642,0.24262217493659768,False,False,False,1.9990672714322066e-05,COMPLETE
1457,0.5421196103096009,2025-04-16 21:52:12.434295,2025-04-16 21:52:36.763013,0 days 00:00:24.328718,0.5134825328909309,0.9357938741828841,2,0.12068743669731986,0.24664117178925168,0.07835119534216531,0.09468867058778371,0.08962798413183466,0.06752577844249898,6.846591717048844e-05,28,130,0.009498141203470652,0.24930321628911117,False,False,False,7.99511378578997e-06,COMPLETE
1458,0.42851281166076666,2025-04-16 21:52:37.235801,2025-04-16 21:53:00.954849,0 days 00:00:23.719048,0.5666344891556316,0.9656492376642258,2,0.10094873081908082,0.270573786885415,0.08147076161542585,0.09048924542490364,0.08684663354735507,0.0770697039119402,0.04609010692662828,27,141,0.012892091528185642,0.23915387922105205,False,False,False,1.1255813304260081e-05,COMPLETE
1459,0.6132130026817322,2025-04-16 21:53:01.428112,2025-04-16 21:53:24.540860,0 days 00:00:23.112748,0.5223704721878621,0.9817802941636179,2,0.08724657467001634,0.24186601113605205,0.08405851834735124,0.09602965172373386,0.08256861467735047,0.07450917693427461,4.7216793664554816e-05,26,133,0.01118711498828192,0.2556105589776542,False,False,False,7.285267567057033e-06,COMPLETE
1460,0.5885344624519349,2025-04-16 21:53:25.012859,2025-04-16 21:53:47.367072,0 days 00:00:22.354213,0.4923224495145297,0.9318270991963886,2,0.08885105353005526,0.22128407346129408,0.08752739023475675,0.09725274154337572,0.08277315800641755,0.07494965281581938,3.7981939043338e-05,25,131,0.013222345609415664,0.2558686632012708,False,False,False,2.727944603703014e-05,COMPLETE
1461,0.541924250125885,2025-04-16 21:53:47.835732,2025-04-16 21:54:10.906977,0 days 00:00:23.071245,0.5253076565363861,0.9496447663075397,2,0.08662685070209876,0.22861324578240544,0.08926620623167504,0.09362670993926656,0.08468321306534578,0.07623499100413113,5.6330240882330864e-05,26,105,0.011161626528043523,0.2558930034568216,False,False,False,7.0479780420144765e-06,COMPLETE
1462,0.398416668176651,2025-04-16 21:54:11.392815,2025-04-16 21:54:33.966421,0 days 00:00:22.573606,0.5014336636507603,0.9661145177143922,2,0.08546448447421298,0.2366060833939299,0.09127721718066702,0.09826004322120753,0.0828382731791412,0.07724331246896755,2.3227149002128774e-05,25,130,0.013571365081119221,0.24449526709793962,False,False,False,7.122914858971012e-06,COMPLETE
1463,0.5980281591415406,2025-04-16 21:54:34.437974,2025-04-16 21:54:57.485061,0 days 00:00:23.047087,0.5229222298829218,0.9806119205396989,2,0.10977472616792244,0.24067187428398937,0.08598328465497314,0.0960428150511551,0.0811371415932726,0.07360795880538523,4.304123852453847e-05,26,137,0.011600568853763637,0.23000325113162498,False,False,False,1.5206802454221166e-05,COMPLETE
1464,0.33275986313819883,2025-04-16 21:54:57.955958,2025-04-16 21:55:20.979328,0 days 00:00:23.023370,0.5468136715549506,0.9554104358531226,2,0.08722904455192035,0.23108880906710005,0.08493382927286161,0.08870840411498529,0.08446303679975706,0.07545050238371281,3.3628945085107494e-05,26,54,0.009370202830792308,0.2550131872459989,False,False,False,7.4856673923993824e-06,COMPLETE
1465,0.5997261047363281,2025-04-16 21:55:21.449405,2025-04-16 21:55:44.577932,0 days 00:00:23.128527,0.4832858592748313,0.9300867402595242,2,0.09360551078439584,0.2400776391587125,0.08457666598099488,0.09252715219855172,0.08672766353851652,0.07781040613625649,4.913429324878699e-05,26,133,0.011281045515624913,0.23624714801582414,False,False,False,1.0132547669053099e-05,COMPLETE
