number,value,datetime_start,datetime_complete,duration,params_alpha-eval,params_alpha-train,params_batch-size,params_eps-eval,params_eps-train,params_lambda-actions-eval,params_lambda-actions-train,params_lambda-frames-eval,params_lambda-frames-train,params_learning-rate,params_n-epochs,params_n-frames,params_radius-gw,params_rho,params_std-feats,params_ub-actions,params_ub-frames,params_weight-decay,state
1688,0.45474721193313605,2025-04-09 15:16:57.431514,2025-04-09 15:17:04.378412,0 days 00:00:06.946898,0.30366988763286173,0.02969617305247778,16,0.018538226433594554,0.027189515565758403,0.049158686048492085,0.09432312291948157,0.030414538922128597,0.011680442400356875,0.07514032722926567,11,20,0.019894746118493463,0.2820312312014889,False,False,True,0.00016204704345473242,COMPLETE
1689,0.44937934875488283,2025-04-09 15:17:04.921622,2025-04-09 15:17:11.856785,0 days 00:00:06.935163,0.2752415502382686,0.04778306900091346,16,0.03880211370733114,0.03137325475886008,0.04614840451157536,0.09325085336123953,0.08083811521771517,0.010566442485174757,0.0004031090687917567,12,17,0.01659198431191072,0.2704134239213891,False,False,True,3.970244714156253e-06,COMPLETE
1690,0.49250365495681764,2025-04-09 15:17:12.428100,2025-04-09 15:17:20.393098,0 days 00:00:07.964998,0.17979423633200634,0.06137337879195055,16,0.030881765598562164,0.02123791797788357,0.05193240702210154,0.09696876834572143,0.03280577128393798,0.012464131234126867,0.02786108383613808,24,20,0.019663334258947972,0.20890985037572743,False,False,True,0.0005679329610489277,COMPLETE
1691,0.39151129126548767,2025-04-09 15:17:20.947037,2025-04-09 15:17:28.704565,0 days 00:00:07.757528,0.23544197461494273,0.034725207754364655,16,0.04162138174365988,0.045679133398830125,0.04711581263340157,0.09465361200456238,0.02906291542450958,0.011762790837737798,0.05563053704166464,23,9,0.03253344726901948,0.2535685462663585,False,False,True,0.00046650322092994296,COMPLETE
1692,0.6088500499725342,2025-04-09 15:17:29.277159,2025-04-09 15:17:37.199424,0 days 00:00:07.922265,0.32044377280042724,0.06238649786158133,16,0.03662790593849,0.03596973708402207,0.04295619418822399,0.09276658218400251,0.03480300543341985,0.010506490230270747,0.04602769695862578,24,15,0.012165878686913607,0.28359749070005436,False,False,True,0.00021827100082284458,COMPLETE
1693,0.525465476512909,2025-04-09 15:17:37.753957,2025-04-09 15:17:45.578757,0 days 00:00:07.824800,0.35380033814371303,0.055602314373941183,16,0.03487671900658007,0.03569354544174101,0.03990647931172102,0.09259821046737178,0.03768509080050077,0.019461546902633096,0.03316853344024832,23,12,0.00941105589584022,0.2715469435679959,False,False,True,0.00011411801983963682,COMPLETE
1694,0.4386532664299011,2025-04-09 15:17:46.155074,2025-04-09 15:17:53.942918,0 days 00:00:07.787844,0.3365722604075041,0.05421397378038454,16,0.03810222163161291,0.03126548826295974,0.04068356099889525,0.09267796464543483,0.03600855317332378,0.015779021400340824,0.03571306167344961,23,8,0.010772053260572479,0.27388957679664533,False,False,True,0.00018746770850830161,COMPLETE
1695,0.3835624098777771,2025-04-09 15:17:54.494238,2025-04-09 15:18:02.392248,0 days 00:00:07.898010,0.3569165558719237,0.04462050454689361,16,0.028365776931314427,0.03548568155713639,0.03868084621955363,0.09570671193872671,0.03667910979182451,0.01406829821997073,2.4711470348030168e-05,23,13,0.011395152796865909,0.2795713685974822,False,False,True,0.00015438549723673342,COMPLETE
1696,0.5337214589118958,2025-04-09 15:18:02.978823,2025-04-09 15:18:10.850161,0 days 00:00:07.871338,0.3974066129780809,0.0634639301984407,16,0.024257792678649935,0.029754362558861165,0.04027472156983732,0.09855215500741646,0.03711378505089265,0.011960879996854615,0.02538881810463873,24,12,0.011557558083093186,0.27117486989986916,False,False,True,0.00010160607098732773,COMPLETE
1697,0.5124248385429382,2025-04-09 15:18:11.404754,2025-04-09 15:18:19.282979,0 days 00:00:07.878225,0.3688553166061065,0.027345862801139167,16,0.043513682276112214,0.03813420337147068,0.04221440485006241,0.09191913765079636,0.036907539032991175,0.0109840994508265,0.04080524377812725,23,16,0.01257440513954042,0.2805299920172331,False,False,True,0.0002195735216786744,COMPLETE
1698,0.5008206129074098,2025-04-09 15:18:19.861431,2025-04-09 15:18:27.757208,0 days 00:00:07.895777,0.3316496389978173,0.06732090317753898,16,0.03809162380255891,0.027650499587340144,0.0426935963001872,0.0943944319823277,0.03519007949295197,0.01384536072196939,0.031020163071629983,24,12,0.01658509152060807,0.27720581582361525,False,False,True,0.00014333423783468216,COMPLETE
1699,0.4130695104598999,2025-04-09 15:18:28.310397,2025-04-09 15:18:36.791579,0 days 00:00:08.481182,0.32363762745973296,0.02711210743233468,16,0.025307693021375605,0.034363060098465084,0.040689823300034705,0.09611834652789075,0.04031508847004993,0.0112747444157563,0.020223197243198376,24,10,0.013839253023020838,0.280395225560227,True,False,False,0.00018967690762908144,COMPLETE
1700,0.5688883304595947,2025-04-09 15:18:37.348928,2025-04-09 15:18:45.317326,0 days 00:00:07.968398,0.3258266358159854,0.011481056509179346,16,0.034513502236005855,0.025331026996755854,0.04151521920543711,0.04846217547527759,0.03627240298487535,0.014100705854674149,0.042833639793444796,23,15,0.011240696680156675,0.26962861000204197,False,False,True,0.00031767663951502576,COMPLETE
1701,0.5017694354057313,2025-04-09 15:18:45.889214,2025-04-09 15:18:53.813201,0 days 00:00:07.923987,0.38915630655301986,0.04324216846775571,16,0.04308009227690835,0.041113833413681695,0.04310455164572925,0.0928608502115797,0.037919783646173454,0.015133618132290834,0.0363160618208266,24,15,0.009094060867799493,0.2825220983157274,False,False,True,0.0001244029128983454,COMPLETE
1702,0.41328094601631166,2025-04-09 15:18:54.368146,2025-04-09 15:19:01.898470,0 days 00:00:07.530324,0.34068595601440294,0.05741032367429575,16,0.029802302357224655,0.023494752170996135,0.04423314233043414,0.09835159533858394,0.035126973084037436,0.011752057973944874,0.04483078024105309,22,5,0.013921841093894164,0.27422542799003163,False,False,True,0.0002360550370719598,COMPLETE
1703,0.5071673154830932,2025-04-09 15:19:02.476206,2025-04-09 15:19:10.517737,0 days 00:00:08.041531,0.3705533192363381,0.04129257853030171,16,0.04593476321839966,0.030802464655258096,0.03737680316156291,0.07908596945940913,0.03239082387332652,0.010758139161856958,0.013281874554965396,24,16,0.012888134619329568,0.24485244885267177,False,False,True,0.0002966826123802336,COMPLETE
1704,0.44489339590072635,2025-04-09 15:19:11.074192,2025-04-09 15:19:29.337967,0 days 00:00:18.263775,0.13880586107383866,0.0697073678218567,2,0.033440778910129906,0.03722545594696121,0.04390767467793034,0.09175180604946795,0.03969160804816449,0.0128122389562783,0.028597699287065525,23,8,0.009305710010418746,0.22260535337222015,False,False,True,0.00018821271182932662,COMPLETE
1705,0.297199022769928,2025-04-09 15:19:29.919984,2025-04-09 15:19:37.894479,0 days 00:00:07.974495,0.320104692751739,0.02676536764433686,16,0.05031277385021787,0.0177790780260688,0.04665029770689664,0.0969615418873528,0.03585928593717738,0.010706609612546304,0.03608032461752415,24,14,0.011354822018596509,0.2658429773337185,False,True,True,0.0003979125978151032,COMPLETE
1706,0.45040762424469,2025-04-09 15:19:38.455044,2025-04-09 15:19:45.231055,0 days 00:00:06.776011,0.19503493589618132,0.24941516331974162,16,0.030795939271514444,0.02708779045289364,0.04355805905114077,0.0940578806870326,0.03846139150314905,0.012892165368606507,0.04660938763395293,11,10,0.014099761197465074,0.28259939938164047,False,False,True,0.0002488735786293604,COMPLETE
1707,0.4692791342735291,2025-04-09 15:19:45.784307,2025-04-09 15:19:52.579354,0 days 00:00:06.795047,0.3438894461776687,0.06957221398364394,16,0.040558823870458276,0.03417130344616273,0.043950842625123165,0.06626624888595206,0.03328496474238034,0.010503673043354016,0.03966833121988649,10,17,0.010203955195137122,0.282508066060225,False,False,True,0.00015511497659779412,COMPLETE
1708,0.4981801986694336,2025-04-09 15:19:53.150977,2025-04-09 15:20:02.586447,0 days 00:00:09.435470,0.15988324370410603,0.04020347437625729,8,0.033792495313791165,0.014100904301583318,0.04543924883072534,0.09507062094122146,0.034588983856409974,0.014742319578850017,0.024313968865665656,24,17,0.01319858811371334,0.21809444232809005,False,False,True,0.0003409325242942385,COMPLETE
1709,0.5050181031227112,2025-04-09 15:20:03.140255,2025-04-09 15:20:11.151959,0 days 00:00:08.011704,0.31579383998515037,0.026578897482663368,16,0.040738717360614296,0.023353687671695537,0.044424846497408806,0.0916626351459893,0.016559141958201965,0.009809912949813862,0.048779271690613475,24,15,0.009498121658372945,0.27641814995099984,False,False,True,0.0002123706022957595,COMPLETE
1710,0.44661378860473633,2025-04-09 15:20:11.730810,2025-04-09 15:20:19.718771,0 days 00:00:07.987961,0.20700954489770082,0.05004217161311017,16,0.02391829160847231,0.041433316450488034,0.03884586302964266,0.09348852668934728,0.03873984449557923,0.016062601642122223,0.0329832450209208,24,17,0.014615873067239923,0.24159518729498042,False,False,True,0.0006035820127602671,COMPLETE
1711,0.4740177512168885,2025-04-09 15:20:20.280305,2025-04-09 15:20:27.256542,0 days 00:00:06.976237,0.3066061317371145,0.0735695050990983,16,0.03601732927735177,0.030768236746633412,0.04906258855803084,0.09714299775895892,0.03394658426281435,0.012521482041085413,0.04166024055913787,12,19,0.011608276816328996,0.2292000852171443,False,False,True,0.0004621662546838938,COMPLETE
1712,0.42527093887329104,2025-04-09 15:20:27.833552,2025-04-09 15:20:37.040854,0 days 00:00:09.207302,0.16814726391442314,0.011959871983463986,8,0.03681896302880004,0.019203171610076612,0.04547512609880566,0.09066625610434198,0.0337169843790902,0.017481010269099262,0.0513242459870317,23,18,0.015313928422071833,0.25452567485571403,False,False,True,5.965452862250109e-08,COMPLETE
1713,0.42278532981872563,2025-04-09 15:20:37.602098,2025-04-09 15:20:44.318154,0 days 00:00:06.716056,0.3537438546637468,0.050378890693156715,16,0.03325054799211275,0.03796914633470948,0.04146461447121254,0.09507688691013612,0.03495934325154758,0.011671703598805457,0.032557699299843965,10,10,0.012104014758070564,0.28441504278244806,False,False,True,0.00011671889457906213,COMPLETE
1714,0.4626185178756714,2025-04-09 15:20:44.900578,2025-04-09 15:20:51.763367,0 days 00:00:06.862789,0.22285696681188125,0.06985449089090534,16,0.030085997004987836,0.006634550446766512,0.04234194330174947,0.09969659375355816,0.03439312413414284,0.009767368529326888,0.04447975665034635,11,14,0.015116080092786971,0.26605553913627267,False,False,True,0.0002736325200565357,COMPLETE
1715,0.5921904087066651,2025-04-09 15:20:52.321632,2025-04-09 15:21:00.293455,0 days 00:00:07.971823,0.1884391411066667,0.032302153135319055,16,0.020771259943533817,0.02708381543103388,0.04709943494148725,0.09260711567438368,0.04092941132659374,0.010235279406932578,0.05466488302922614,24,15,0.009489679384025299,0.23738062557473041,False,False,True,0.0001786800174758772,COMPLETE
1716,0.41853001713752747,2025-04-09 15:21:00.872423,2025-04-09 15:21:09.191026,0 days 00:00:08.318603,0.20314212548860947,0.06843359430501383,16,0.04584899559212961,0.014132671840711375,0.05068403536799439,0.09639063694872692,0.03569578994158404,0.03255804058444008,0.039052778240431074,22,19,0.008011153940735536,0.2772267464324556,False,False,False,0.00015228178350059046,COMPLETE
1717,0.4867883563041687,2025-04-09 15:21:09.752705,2025-04-09 15:21:17.028672,0 days 00:00:07.275967,0.3046854577577179,0.026256741356923137,8,0.011291971453843582,0.021603708255755874,0.04817769916439797,0.09057036816270704,0.03447902056927836,0.010221207772001707,0.0502712635115602,9,18,0.014402237977114263,0.28329012982384927,False,False,True,1.0171507557604296e-08,COMPLETE
1718,0.4606112062931061,2025-04-09 15:21:17.584921,2025-04-09 15:21:25.583702,0 days 00:00:07.998781,0.33667059699653396,0.010392914820692874,16,0.03289203096685901,0.034841705883576095,0.044940453480399815,0.09356970794909168,0.07044115924778371,0.015199220468311528,0.028453083468535163,23,20,0.012500189258656858,0.27162205479506857,True,False,True,0.00023290809899397143,COMPLETE
1719,0.3480102002620697,2025-04-09 15:21:26.176029,2025-04-09 15:21:33.940958,0 days 00:00:07.764929,0.15103044213218816,0.047784632796996684,16,0.04419856214731983,0.041501961285254574,0.04304878524965448,0.08878672296343153,0.03204201786279551,0.014019174888812751,0.0343061881750209,24,6,0.007409756865171876,0.2503139226630531,False,False,True,0.0003966873997522781,COMPLETE
1720,0.518701982498169,2025-04-09 15:21:34.500552,2025-04-09 15:21:41.402446,0 days 00:00:06.901894,0.17485971446321472,0.07130440882020678,16,0.0565256621617994,0.031579610246158546,0.047762029121096304,0.09541640807118781,0.0327666468513632,0.012682290645789294,0.04438467118741309,12,12,0.016970026678695942,0.2836320401089543,False,False,True,9.549892850016795e-05,COMPLETE
1721,0.45749569535255435,2025-04-09 15:21:41.984903,2025-04-09 15:21:49.513555,0 days 00:00:07.528652,0.13199077759336325,0.04645201875007644,8,0.05412826931213649,0.009623295680529777,0.03590542066649891,0.08069598653311857,0.0385246554389579,0.01003543254383495,0.06204269516307284,11,19,0.015417604275132574,0.2778114754159916,False,False,True,0.0003114991871762172,COMPLETE
1722,0.6116240978240968,2025-04-09 15:21:50.072269,2025-04-09 15:21:58.056636,0 days 00:00:07.984367,0.3185200342258181,0.08221252639012887,16,0.047001788560573826,0.024759664171857047,0.0500613910397342,0.08350071042203702,0.015712764244756004,0.009539771587008826,0.0511553079411516,24,16,0.010614871849244626,0.24587537365410916,False,False,True,0.00020313425781391057,COMPLETE
1723,0.6004378557205201,2025-04-09 15:21:58.644772,2025-04-09 15:22:06.557953,0 days 00:00:07.913181,0.35289322132640927,0.07959033488700029,16,0.04381138897527436,0.01900546299122593,0.052261345990923413,0.08478547736502007,0.09993269960472234,0.012545620611055401,0.038124720921864565,24,12,0.010181718861725671,0.24819720717068,False,False,True,0.00025462644574786693,COMPLETE
1724,0.3347238600254059,2025-04-09 15:22:07.117994,2025-04-09 15:22:14.818534,0 days 00:00:07.700540,0.3657331723917256,0.08026775232279289,16,0.042171893237500604,0.013306846028012576,0.05234214525703538,0.07812287026312995,0.07437357489212207,0.01855976469142309,0.04037141605340844,23,6,0.009788855406055239,0.2464592660914229,False,True,True,0.00022262163190935844,COMPLETE
1725,0.4373171865940094,2025-04-09 15:22:15.401625,2025-04-09 15:22:24.522885,0 days 00:00:09.121260,0.36337405109022697,0.0740574551321723,8,0.045172952968581426,0.017313146364685415,0.0528437184563825,0.08409029170660075,0.010327534837872389,0.014949999178155165,0.047517311751362264,23,11,0.008736959340991045,0.2434596940825834,False,False,True,0.00023447651731223212,COMPLETE
1726,0.5733486652374268,2025-04-09 15:22:25.085404,2025-04-09 15:22:32.596088,0 days 00:00:07.510684,0.36056558000421474,0.06555264453448273,16,0.04471427368210685,0.010997129141418925,0.05165298340477323,0.07994998885990966,0.09914618834145959,0.017101410243896404,0.03883189826272126,22,7,0.010263738242297232,0.2534851901533619,False,False,True,0.00025135395058072167,COMPLETE
1727,0.3986459970474243,2025-04-09 15:22:33.187826,2025-04-09 15:22:40.988774,0 days 00:00:07.800948,0.3933490577294545,0.07688644316292353,16,0.04899847303099968,0.004897270200297085,0.05284678186421135,0.08452259444680714,0.0965352631182057,0.01465421866384885,1.0471384935996942e-05,23,9,0.011261786009116662,0.25165778115244275,False,False,True,0.00019980712689294857,COMPLETE
1728,0.3878452181816101,2025-04-09 15:22:41.556987,2025-04-09 15:23:00.210547,0 days 00:00:18.653560,0.33160424872882976,0.061670831781692796,2,0.049034139799977984,0.018378418119671537,0.0536890178040001,0.08605384633988815,0.008937630600179776,0.013362420630256678,0.04266063593036316,24,8,0.007724118913016294,0.25754023917819746,False,False,True,0.0002687286125679807,COMPLETE
1729,0.6026056289672852,2025-04-09 15:23:00.773388,2025-04-09 15:23:08.604753,0 days 00:00:07.831365,0.40620216292461636,0.08404542109488355,16,0.036911612318203176,0.017377607769971756,0.05060269351384961,0.08179379768079836,0.09098484697011121,0.014383153479953573,0.050598412367278356,23,12,0.009968525197724894,0.24518785188642894,False,False,True,0.00018171268101522744,COMPLETE
1730,0.5959807157516479,2025-04-09 15:23:09.182170,2025-04-09 15:23:17.013681,0 days 00:00:07.831511,0.4707099881051796,0.07424335305649504,16,0.037834420088367765,0.002330312825737313,0.053046446226663706,0.08084513315807133,0.07576295432189133,0.016549021785069562,0.053281104191467046,23,12,0.01132701730263229,0.2466435555629472,False,False,True,0.00019025516947750168,COMPLETE
1731,0.44024789929389957,2025-04-09 15:23:17.584693,2025-04-09 15:23:26.946376,0 days 00:00:09.361683,0.3621100804006016,0.08540620978598316,8,0.03839144647306827,0.009034350234159057,0.052100392537169526,0.08451664412428112,0.011047237896848054,0.020584222855099726,0.05265470092536583,24,10,0.010230109602414215,0.24905099524294852,False,False,True,0.00015938526725929098,COMPLETE
1732,0.5827411770820617,2025-04-09 15:23:27.532368,2025-04-09 15:23:35.352845,0 days 00:00:07.820477,0.4460761524144402,0.08467156267774228,16,0.026312074754973446,0.011195807755180195,0.05398380539125398,0.08043511478458414,0.08991192452315593,0.017380819016720655,0.05566761234839122,22,11,0.011127960390658942,0.2564326110385349,False,False,True,0.000191861151673695,COMPLETE
1733,0.4714638710021973,2025-04-09 15:23:35.918759,2025-04-09 15:23:43.541316,0 days 00:00:07.622557,0.3513971802424145,0.08411019140527613,16,0.050909267803979724,0.0041469585129793665,0.050494787434649885,0.08486426794739203,0.09800417409025747,0.015529326546305977,0.05244312663264086,23,7,0.009420843778526465,0.2614412873515063,False,False,True,0.00014148582030084974,COMPLETE
1734,0.55597984790802,2025-04-09 15:23:44.124636,2025-04-09 15:23:51.962099,0 days 00:00:07.837463,0.3844799267276006,0.08833532771356092,16,0.038112075100246466,0.013782021803335532,0.05096227806934527,0.07832346227413886,0.09488256954340767,0.01698623823092525,0.058973494504423435,23,10,0.008009577167795488,0.24603414630189552,False,False,True,0.00021114080974257487,COMPLETE
1735,0.43483118414878846,2025-04-09 15:23:52.524381,2025-04-09 15:24:01.673878,0 days 00:00:09.149497,0.3954223038209068,0.0823069558974394,8,0.04229663768942679,0.01659262454449854,0.051017353549566345,0.08168199106300982,0.09799581711721132,0.02082923864152932,0.04784059259801735,23,10,0.010097125983321369,0.25127269787034523,False,False,True,0.0001802034209335079,COMPLETE
1736,0.4351883530616761,2025-04-09 15:24:02.261149,2025-04-09 15:24:10.309493,0 days 00:00:08.048344,0.3904480388797086,0.08482712179764912,16,0.04809306077947036,0.009800990032546714,0.053569669682288934,0.08126787263577556,0.09197714618730546,0.018423854655808168,0.046718781125675755,22,6,0.011027593862446871,0.2505777678102942,False,False,False,0.00014458234105487212,COMPLETE
1737,0.45555995702743535,2025-04-09 15:24:10.870121,2025-04-09 15:24:18.696980,0 days 00:00:07.826859,0.3590109766829431,0.06581973809641549,16,0.04269741045366251,0.015129881108819587,0.050129253154153126,0.07883086237098685,0.09205834335079788,0.013741947385022248,0.06130108458282176,23,11,0.012064690244738082,0.2536921425512596,False,False,True,0.00024016191838969407,COMPLETE
1738,0.3664562225341797,2025-04-09 15:24:19.282981,2025-04-09 15:24:27.110202,0 days 00:00:07.827221,0.34267842550525895,0.08813082809356408,16,0.026406351825418256,0.018311016537587283,0.051892584628642706,0.08192837492302542,0.095579942931952,0.014666704738709414,0.04951895548112489,22,11,0.008712891403947851,0.24334895361357448,True,False,True,0.00020406427788431024,COMPLETE
1739,0.4630500316619873,2025-04-09 15:24:27.689964,2025-04-09 15:24:35.365344,0 days 00:00:07.675380,0.4191909556926289,0.06506074545047448,16,0.05187662992053878,0.012211206646315925,0.049750801310062,0.08213973512957193,0.08929579765748301,0.015927683847637007,0.05913052186013105,22,11,0.011367208467826323,0.24694502188967565,False,False,True,0.00027224270604192703,COMPLETE
1740,0.3579684317111969,2025-04-09 15:24:35.949767,2025-04-09 15:24:44.812099,0 days 00:00:08.862332,0.4164813702804676,0.08554910838228051,8,0.03452729648079955,0.13552051209279165,0.050664546534733894,0.08368844444476566,0.08903299690624736,0.013479732323579335,0.051958622259398714,23,5,0.012812240990410464,0.2573131736092979,False,False,True,0.0001606057298362646,COMPLETE
1741,0.4743962049484253,2025-04-09 15:24:45.376379,2025-04-09 15:24:53.119445,0 days 00:00:07.743066,0.3526241018819414,0.06405085040945802,16,0.044033726729060835,0.009431177047989386,0.053757641379807874,0.08171882003121218,0.015713402986741773,0.01254688324261154,0.04364090086178813,22,13,0.008516332672478373,0.24961097763301462,False,False,True,0.0001269592762990391,COMPLETE
1742,0.4523434758186341,2025-04-09 15:24:53.707786,2025-04-09 15:25:01.382335,0 days 00:00:07.674549,0.412167374051096,0.08677575459151539,16,0.039881072154762276,0.004594519342010703,0.052128259277055784,0.08490292352158199,0.09076822628788393,0.01888408598924473,0.06071255263372943,21,14,0.007344126234739803,0.2543756181996189,False,False,True,0.00021788061800868193,COMPLETE
1743,0.4821047902107239,2025-04-09 15:25:01.946655,2025-04-09 15:25:09.743807,0 days 00:00:07.797152,0.3559880445326679,0.06259855261524788,16,0.029264326775767693,0.019450080887087107,0.054760542080435334,0.08272401518300065,0.07793506537895596,0.013567477086120138,0.04558665172173513,23,13,0.012546000816225507,0.24358665232005772,False,False,True,0.000276432451818599,COMPLETE
