number,value,datetime_start,datetime_complete,duration,params_alpha-eval,params_alpha-train,params_batch-size,params_eps-eval,params_eps-train,params_lambda-actions-eval,params_lambda-actions-train,params_lambda-frames-eval,params_lambda-frames-train,params_learning-rate,params_n-epochs,params_n-frames,params_radius-gw,params_rho,params_std-feats,params_ub-actions,params_ub-frames,params_weight-decay,state
616,0.35009986758232114,2025-04-16 16:37:27.477569,2025-04-16 16:37:38.668948,0 days 00:00:11.191379,0.4326565036777952,0.5049237472195579,8,0.16556306814750849,0.19177044070756274,0.08512001272353402,0.008643615803622554,0.04480110127476956,0.007121564288294201,4.849303844365527e-05,28,128,0.011160090149904826,0.27297067940132264,False,False,False,0.000517601657889143,COMPLETE
617,0.08715293556451799,2025-04-16 16:37:38.862637,2025-04-16 16:38:01.216212,0 days 00:00:22.353575,0.4045828446109557,0.4623357528595521,2,0.17075516711862002,0.18549210671298877,0.08706455155112469,0.011997730809689139,0.047646182734032816,0.013749158053039308,6.312148268571702e-05,30,134,0.009288623344722077,0.28906674994323556,False,False,True,0.0006373999009365227,COMPLETE
618,0.5243150591850281,2025-04-16 16:38:01.421224,2025-04-16 16:38:26.257276,0 days 00:00:24.836052,0.47382268509843806,0.43822656596322884,2,0.18109726337305493,0.21204577704011812,0.09912941962841208,0.010494069631031715,0.05026713439048227,0.005263288509668995,6.936221601728333e-05,29,131,0.015216133857363137,0.26644459559826467,False,False,False,0.0004053256716363862,COMPLETE
619,0.43119795322418214,2025-04-16 16:38:26.450523,2025-04-16 16:38:51.952221,0 days 00:00:25.501698,0.4499999912685473,0.3850375450097073,2,0.1752288764893671,0.20632251721976455,0.090030495919758,0.005672158556492175,0.0421531692305561,0.011206419775602466,2.2543545749573304e-05,30,124,0.012836728306191331,0.298787531369951,False,False,False,0.0008255761695787807,COMPLETE
620,0.44223725199699404,2025-04-16 16:38:52.159053,2025-04-16 16:39:17.714512,0 days 00:00:25.555459,0.4218412023869385,0.48635480530612,2,0.16493669967981892,0.19529769029744382,0.09339114249146208,0.001831758706802064,0.045508801461325785,0.008258096098761686,5.7193242312098534e-05,30,120,0.0518571362118703,0.2821270606019798,False,False,False,0.0005499427308815436,COMPLETE
621,0.3403091609477997,2025-04-16 16:39:17.909081,2025-04-16 16:39:42.492685,0 days 00:00:24.583604,0.38118727780803985,0.418546133993987,2,0.19185480919905326,0.20120578773490957,0.07941456310202062,0.01617650018480128,0.04063312036161195,0.016059614267607457,6.944200823967528e-05,28,127,0.005280111376909338,0.2916011390381911,False,False,False,0.0006829539705503078,COMPLETE
622,0.10431197136640549,2025-04-16 16:39:42.699508,2025-04-16 16:40:04.658973,0 days 00:00:21.959465,0.44651963205397477,0.5232825297029149,2,0.14794587682384955,0.1860327506302245,0.07668973331259196,0.06804558080506765,0.04358407260874112,0.0010955829222095777,7.812191511536069e-05,29,145,0.010289518825239744,0.2437581436035189,False,True,False,0.000817074224958659,COMPLETE
623,0.3575688481330872,2025-04-16 16:40:04.854850,2025-04-16 16:40:16.506417,0 days 00:00:11.651567,0.9894948651354134,0.36648879673111456,8,0.183060523256841,0.1922897795305586,0.0828544034353676,0.007898093914675072,0.047900774416072725,0.04966621196716041,4.871229054941958e-05,30,135,0.007185874425493145,0.27572889538926076,False,False,False,0.0009908911009684491,COMPLETE
624,0.5730646967887878,2025-04-16 16:40:16.712947,2025-04-16 16:40:28.076454,0 days 00:00:11.363507,0.4252277912349751,0.5534126299533312,8,0.16885325520899022,0.21968948750190043,0.08085547869152557,0.019085324174338083,0.05658055638064007,0.0032260038260608455,7.713700328143166e-05,29,132,0.012177669072657412,0.25994252344268454,False,False,False,0.00043943594300855304,COMPLETE
625,0.5446162462234497,2025-04-16 16:40:28.273821,2025-04-16 16:40:39.772397,0 days 00:00:11.498576,0.48253574701168644,0.4553616903022859,8,0.15675684098220594,0.21062771351409285,0.08520402827433496,0.013293799123756476,0.016087275524607026,0.006097525508694786,6.888740584309231e-05,30,138,0.008645761420542342,0.29993949622451627,False,False,False,0.0005469838434296115,COMPLETE
626,0.41026154756546024,2025-04-16 16:40:39.978501,2025-04-16 16:40:51.313033,0 days 00:00:11.334532,0.4104906471528549,0.3964209288351866,8,0.17747271181467233,0.19680903512695527,0.07842027209639693,0.010538505759151084,0.04613436444954023,0.012929113567747943,3.757841124189723e-05,29,129,0.015020018662483214,0.27002245240075545,False,False,False,0.0007087943091463192,COMPLETE
627,0.5886929392814637,2025-04-16 16:40:51.509145,2025-04-16 16:41:03.087400,0 days 00:00:11.578255,0.46464777657239886,0.3408324773575699,8,0.1421711703328509,0.18430981861928553,0.0725931136571278,0.015478346629333858,0.04391854080675667,0.009650971500698994,8.992680128369501e-05,30,123,0.010283490913130803,0.2511196882051115,False,False,False,0.0003660165152066987,COMPLETE
628,0.3027286469936371,2025-04-16 16:41:03.295816,2025-04-16 16:41:15.179109,0 days 00:00:11.883293,0.4951724424326518,0.3355587432713592,8,0.13737461190769065,0.0353100525340279,0.0696400976640599,0.01603533385418266,0.04173197804451158,0.008984839761144399,0.0006015261919289376,30,97,0.00504574640170124,0.2496536271637318,True,False,False,0.00032842747752912063,COMPLETE
629,0.3494360744953156,2025-04-16 16:41:15.376502,2025-04-16 16:41:23.526508,0 days 00:00:08.150006,0.4683915476670185,0.3397350392872352,8,0.14369607707206794,0.18069688183037555,0.07226855863538949,0.014173618107085402,0.03944548551204463,0.007171736800405921,6.27882626093137e-05,10,120,0.007844335201486483,0.24501757464673124,False,False,False,0.0003323293111860462,COMPLETE
630,0.41455547213554383,2025-04-16 16:41:23.732521,2025-04-16 16:41:34.977365,0 days 00:00:11.244844,0.49403415554020946,0.3122671038120921,8,0.143088022019118,0.20433329417238053,0.07506716666243435,0.012342050903626774,0.04346229089054575,0.00945634435388425,8.464496046424801e-05,29,79,0.04575111036238129,0.2336797796348084,False,False,False,0.0006717893102910522,COMPLETE
631,0.48419128656387334,2025-04-16 16:41:35.176259,2025-04-16 16:41:46.349352,0 days 00:00:11.173093,0.46978165331823263,0.35478574308431804,8,0.14881329082321504,0.1831251802055156,0.07252782273999647,0.015061120171187785,0.0496901844335481,0.004823709474418824,5.5235924163143035e-05,28,126,0.009826142389210375,0.2520894938290638,False,False,False,0.0008510443502354645,COMPLETE
632,0.5877081155776978,2025-04-16 16:41:46.560688,2025-04-16 16:41:58.183584,0 days 00:00:11.622896,0.463299582140126,0.9586715852499037,8,0.13945103792002597,0.21583827026164568,0.04933167817863012,0.01746444938712025,0.043782041371049525,0.08211470081121248,8.587340147190437e-05,30,123,0.010774831863910206,0.2402015182059596,False,False,False,0.000984019563171989,COMPLETE
633,0.33270750641822816,2025-04-16 16:41:58.381901,2025-04-16 16:42:23.954285,0 days 00:00:25.572384,0.5023825647959241,0.9977158839251439,2,0.13978946131075265,0.22306006148325694,0.05166013238948358,0.016760142916070423,0.044492840567140174,0.0066863622505622805,7.146105041643333e-05,30,130,0.007165655766820181,0.24532216102117976,False,False,False,7.78338772206281e-06,COMPLETE
634,0.3536369860172272,2025-04-16 16:42:24.164244,2025-04-16 16:42:35.810016,0 days 00:00:11.645772,0.46027902389783815,0.3274158499202765,8,0.15194384162054717,0.21574934192226528,0.06895330574216668,0.01821464172178712,0.07145225421731634,0.009924582140525025,8.347238490625309e-05,30,141,0.001218185595072762,0.2508266869225047,False,False,False,0.0009753698878223806,COMPLETE
635,0.48471758365631107,2025-04-16 16:42:36.014581,2025-04-16 16:42:47.469339,0 days 00:00:11.454758,0.44272121320815155,0.29860395435480175,8,0.14798651952468603,0.22504410788958537,0.04949511096068835,0.014709760220212822,0.046484286419558825,0.08230117203310972,5.424110085039876e-05,30,133,0.010181380842769927,0.2393783148334817,False,False,False,0.0007728554777044467,COMPLETE
636,0.3396194756031037,2025-04-16 16:42:47.680622,2025-04-16 16:42:59.240226,0 days 00:00:11.559604,0.4769469524606011,0.9596375130314616,8,0.14278522108225133,0.21201293127867252,0.05010846214255732,0.01316851557342228,0.04231413998480653,0.0038143519653570383,6.352426800650098e-05,30,124,0.003573131206993657,0.22958498390317367,False,False,False,0.000995942517137994,COMPLETE
637,0.0881840243935585,2025-04-16 16:42:59.439644,2025-04-16 16:43:09.957150,0 days 00:00:10.517506,0.45904441935779416,0.36676236634649345,8,0.14627081033914105,0.2178297821515863,0.05001528963342006,0.011907448970499312,0.048104385169096577,0.06596444134044231,8.487776345846521e-05,30,128,0.008489376356067212,0.239507285202444,False,False,True,6.592796498282805e-08,COMPLETE
638,0.5580243945121766,2025-04-16 16:43:10.168897,2025-04-16 16:43:21.632600,0 days 00:00:11.463703,0.4358595986741256,0.4347234429477387,8,0.15638329126918257,0.22781495624625914,0.0836954109452808,0.017649386843394795,0.04443963646952647,0.008132767495263121,7.452451102603206e-05,30,136,0.010796709217791724,0.24244502929512204,False,False,False,0.0008244979258415484,COMPLETE
639,0.3584106922149658,2025-04-16 16:43:21.833034,2025-04-16 16:43:29.359354,0 days 00:00:07.526320,0.49296897336112805,0.9740761615171064,8,0.1880533352099961,0.20614131555052265,0.08995895107909944,0.016733332276921992,0.05320730320363437,0.010755547955171417,9.233158476638681e-05,6,126,0.00600531629332527,0.2551021227382364,False,False,False,0.0008053216485523077,COMPLETE
640,0.16117869019508363,2025-04-16 16:43:29.572935,2025-04-16 16:43:51.882776,0 days 00:00:22.309841,0.4419183607625736,0.380561472068884,2,0.16162379122868392,0.20138541641324928,0.048149891635573386,0.015164157507988376,0.047010616292115545,0.08629869098919622,3.131916262371121e-05,30,131,0.008579271655788673,0.23208510583723116,False,True,False,0.0009912446803694475,COMPLETE
641,0.3970844566822052,2025-04-16 16:43:52.083525,2025-04-16 16:44:03.532915,0 days 00:00:11.449390,0.3948505974800163,0.9719746479345571,8,0.13788984555539294,0.2097837861159093,0.09423322431521004,0.008937084610819893,0.042952537170066064,0.062252355946081,4.584529723339245e-05,29,122,0.011137051396239862,0.25610664959112533,False,False,False,0.0006531529270903857,COMPLETE
642,0.34001123905181885,2025-04-16 16:44:03.745160,2025-04-16 16:44:15.253772,0 days 00:00:11.508612,0.3680257148951429,0.9335034902859349,8,0.15467997448949564,0.23170621860659893,0.08687066809554504,0.011075092998184287,0.04916816397536069,0.09127402782210017,6.481803726527175e-05,30,134,0.006376802851797833,0.25061914746375485,False,False,False,5.684703408644127e-06,COMPLETE
643,0.5968592405319214,2025-04-16 16:44:15.456433,2025-04-16 16:44:26.774571,0 days 00:00:11.318138,0.47010298527260624,0.9640807283693197,8,0.07450924982033608,0.20015347719194984,0.07100580467651069,0.01929452007134117,0.04548942171965618,0.07689194041017443,8.59843315377362e-05,29,129,0.009046817953005255,0.24696081808466946,False,False,False,0.0007441437526057514,COMPLETE
644,0.34652757644653326,2025-04-16 16:44:26.989330,2025-04-16 16:44:38.376546,0 days 00:00:11.387216,0.5054558255080995,0.941717239554923,8,0.07023328146783551,0.21848793381971246,0.07191001659121138,0.014405729103935578,0.09370571975923392,0.002702193586204042,7.353086560081936e-05,28,130,0.007639256166066002,0.23554800021928468,False,False,False,0.0007854448298477431,COMPLETE
645,0.35182237029075625,2025-04-16 16:44:38.579873,2025-04-16 16:44:47.947894,0 days 00:00:09.368021,0.48386618264988757,0.9762449051287254,16,0.0743643818041101,0.21179301646588408,0.07164409254014426,0.021224248305289864,0.05045285502229282,0.0744213040066795,6.368585905669821e-05,29,133,0.004767532257122668,0.2426471136906869,False,False,False,0.0009827570047358674,COMPLETE
646,0.4183973014354706,2025-04-16 16:44:48.160005,2025-04-16 16:44:59.793671,0 days 00:00:11.633666,0.47234005364402687,0.9451525847542275,8,0.08903385571617442,0.20191091327986102,0.06983318857912996,0.01948672069141297,0.04667658231695988,0.05464034367937451,9.071487998339087e-05,29,128,0.012406163645931598,0.22649055496672635,True,False,False,0.0009934686610767178,COMPLETE
647,0.4497290313243866,2025-04-16 16:45:00.011410,2025-04-16 16:45:11.334464,0 days 00:00:11.323054,0.4653427636063234,0.962771067181837,8,0.13469218395543803,0.2058465285600253,0.07310708117528283,0.01984231345794483,0.040883202434495114,0.09108599038816123,5.255914887018365e-05,29,131,0.009767133953890889,0.24805283388275978,False,False,False,0.0006758690594133059,COMPLETE
648,0.39301760792732243,2025-04-16 16:45:11.538517,2025-04-16 16:45:20.277909,0 days 00:00:08.739392,0.5244607662875282,0.958451630607435,8,0.07670266419462177,0.19894645235475675,0.07463989071361811,0.019474617223044482,0.044682155091602,0.07749165273155334,7.771982462108303e-05,13,136,0.007686047368837613,0.11651040096937915,False,False,False,0.000557378938349646,COMPLETE
649,0.598779022693634,2025-04-16 16:45:20.492812,2025-04-16 16:45:45.130452,0 days 00:00:24.637640,0.4616776692522113,0.980485481641354,2,0.09015206057292068,0.1001820811537032,0.07316845794413028,0.017509342384247485,0.047723930669027026,0.080373407081621,4.238350969492852e-05,28,127,0.01116239612231383,0.23961653079873005,False,False,False,0.0009954742833128553,COMPLETE
650,0.5949126839637757,2025-04-16 16:45:45.334351,2025-04-16 16:46:08.950211,0 days 00:00:23.615860,0.5014025176996099,0.9557074059051825,2,0.08985973594440326,0.10013705057602651,0.0758740549631535,0.017795144576331585,0.05202212169205411,0.004512161277614311,3.7922679641913434e-05,27,125,0.011840603791885283,0.23704656236679486,False,False,False,0.0007590455369574178,COMPLETE
651,0.5972669005393982,2025-04-16 16:46:09.166909,2025-04-16 16:46:33.010506,0 days 00:00:23.843597,0.526880928423619,0.9782522952525464,2,0.08858851867711628,0.08996021986579178,0.07055999249026143,0.01617457250803488,0.058985236378687696,0.08084694708786945,3.4287106693461695e-05,27,126,0.011519891201122153,0.2318601679626378,False,False,False,0.0007510876125811106,COMPLETE
652,0.5514888286590576,2025-04-16 16:46:33.215431,2025-04-16 16:46:56.977934,0 days 00:00:23.762503,0.5373362585745267,0.9852711231559262,2,0.09221595867943924,0.08235583145365098,0.07029237982461567,0.018545358561329817,0.062153905839899215,0.08122107963209135,2.9979099535879612e-05,27,126,0.011359955819300233,0.23965933953283328,False,False,False,0.00075568299556782,COMPLETE
653,0.6093067884445191,2025-04-16 16:46:57.195986,2025-04-16 16:47:20.246300,0 days 00:00:23.050314,0.5174210175524996,0.9853844736898393,2,0.0947538056340525,0.0776615110297878,0.06805055506095462,0.0169270329863278,0.06680067686260743,0.07714321473150652,4.0294496236949255e-05,26,126,0.010960318278539266,0.23318717045405135,False,False,False,0.0006881761137988434,COMPLETE
654,0.5739602327346802,2025-04-16 16:47:20.450469,2025-04-16 16:47:44.206481,0 days 00:00:23.756012,0.5427788467492439,0.9797384416915025,2,0.09661256175485115,0.07193427949294966,0.06867081460856152,0.018236301246637603,0.0745691254487001,0.07790331999506178,3.7740867167421984e-05,27,126,0.009801618656100883,0.2378373958517128,False,False,False,0.0008081629429985613,COMPLETE
655,0.5418861389160157,2025-04-16 16:47:44.426009,2025-04-16 16:48:08.210551,0 days 00:00:23.784542,0.567339970075905,0.9893166471864723,2,0.08960663309736662,0.07764584537227923,0.07052844104128661,0.0207118746218424,0.07077348996800005,0.08390509578549075,3.1811203816935386e-05,27,128,0.009946177971150875,0.23197237120806036,False,False,False,0.0008063472507471387,COMPLETE
656,0.5891035199165344,2025-04-16 16:48:08.418249,2025-04-16 16:48:32.071147,0 days 00:00:23.652898,0.5542063788341702,0.9967454005875941,2,0.08675086474870644,0.08897565074865942,0.06777144816418777,0.017286859141135744,0.06771897412199768,0.08611213090000319,4.0329925539476236e-05,27,125,0.010952894374769217,0.23379054528231677,False,False,False,0.0009920140309171725,COMPLETE
657,0.09162359386682511,2025-04-16 16:48:32.289126,2025-04-16 16:48:52.664197,0 days 00:00:20.375071,0.5153354723612966,0.9836921080548563,2,0.08462446336249348,0.09106695362508885,0.07058753331728491,0.01956145080689146,0.06871266729576991,0.0881191590226906,2.3496755097901585e-05,26,127,0.008772387342325971,0.22510321900252228,False,False,True,0.0005929266880791632,COMPLETE
658,0.34252505302429204,2025-04-16 16:48:52.869678,2025-04-16 16:49:16.593865,0 days 00:00:23.724187,0.5242716466520803,0.9932215801262894,2,0.09602638426604446,0.07793676378413102,0.06738104618070424,0.017607725747455588,0.06787999980791824,0.08033833362445973,3.9164755451481366e-05,27,129,0.006341392447834195,0.23137260890711236,False,False,False,0.0007239445228079779,COMPLETE
659,0.11489809751510621,2025-04-16 16:49:16.811459,2025-04-16 16:49:37.656525,0 days 00:00:20.845066,0.5620807892179057,0.9677179074352423,2,0.08852908048518775,0.087212860795577,0.06809950686812863,0.017203974759101903,0.052146592589627165,0.08431887473129432,2.7222973626550904e-05,27,125,0.011740529150780964,0.23346851987968503,False,True,False,0.0008177428376865625,COMPLETE
660,0.5709088087081909,2025-04-16 16:49:37.864084,2025-04-16 16:50:01.583490,0 days 00:00:23.719406,0.6316192435099813,0.9496263401596845,2,0.08905439081228013,0.08170787666966672,0.07129284398254968,0.016201379511234838,0.06629683503745172,0.08605010799711882,3.3967922521478515e-05,27,126,0.008936021427834104,0.2423666995296569,False,False,False,0.0009982258694445144,COMPLETE
661,0.5920006513595581,2025-04-16 16:50:01.804353,2025-04-16 16:50:24.900703,0 days 00:00:23.096350,0.5806292128976627,0.9888292402964168,2,0.09495756863510474,0.08762688251849883,0.06896775857980389,0.02015605372115302,0.05933765638901779,0.08085204453257709,4.2566115138416954e-05,26,128,0.011469902465911919,0.22790200353486711,False,False,False,0.0005749170658504147,COMPLETE
662,0.583850908279419,2025-04-16 16:50:25.107924,2025-04-16 16:50:48.294483,0 days 00:00:23.186559,0.5441469482046357,0.9995973216178428,2,0.09361765359047916,0.08561686853386026,0.06813161238371683,0.0209617784487542,0.06277905604866059,0.0797445439313137,4.171505306768738e-05,26,128,0.012981466845191771,0.23076071147624067,False,False,False,0.00046389200555981507,COMPLETE
663,0.5854063987731934,2025-04-16 16:50:48.514035,2025-04-16 16:51:12.189408,0 days 00:00:23.675373,0.5876925063331301,0.9666444123105924,2,0.0880629667214979,0.09354381552723916,0.06915698401525819,0.020324120610211393,0.06461303591221804,0.07737256380287356,3.313782768874857e-05,27,125,0.011654823378676647,0.225957417899439,False,False,False,0.0005388455929066706,COMPLETE
664,0.6010247230529786,2025-04-16 16:51:12.398377,2025-04-16 16:51:36.017795,0 days 00:00:23.619418,0.5795684843813355,0.9748092988527443,2,0.09492537503016214,0.08870400946051427,0.06729844263489869,0.01882718211606682,0.05938800049218651,0.07589127859461609,4.1283858020560266e-05,27,128,0.013539762151327624,0.22778528351316235,False,False,False,0.0005786107271715609,COMPLETE
665,0.5903826355934143,2025-04-16 16:51:36.238724,2025-04-16 16:51:59.250103,0 days 00:00:23.011379,0.5746162884256782,0.9748982878223307,2,0.09845319045080334,0.07046219244317269,0.06873436428483473,0.01783056905360492,0.05930065071255385,0.07233883233483027,4.0776185521746346e-05,26,123,0.015083728969834521,0.2337463113357864,False,False,False,0.0004296520189582912,COMPLETE
666,0.5448767423629761,2025-04-16 16:51:59.471255,2025-04-16 16:52:22.740853,0 days 00:00:23.269598,0.5748601362784848,0.9774138401569048,2,0.09837317516186263,0.08758398335777208,0.07105241291143241,0.0191760742223256,0.059128794348741354,0.07887765492531777,2.732026745019498e-05,26,123,0.015421390270659134,0.23558382178078405,False,False,False,0.0003818205487236145,COMPLETE
667,0.5885625362396241,2025-04-16 16:52:22.949740,2025-04-16 16:52:45.965892,0 days 00:00:23.016152,0.6111308434047875,0.9977188562964808,2,0.09383706012447196,0.06800884163320314,0.07048092391752135,0.021591015664505636,0.05857506216561045,0.07361009952038673,4.099127761244471e-05,26,121,0.01451470378870067,0.22888997652106352,False,False,False,0.0004332367719416541,COMPLETE
668,0.588949716091156,2025-04-16 16:52:46.190984,2025-04-16 16:53:09.294451,0 days 00:00:23.103467,0.584512845754803,0.9613070285175546,2,0.09190204804654835,0.0739428162468027,0.07288764842757818,0.019153933068743606,0.05759623941615669,0.07514861266357908,3.685015013066e-05,26,124,0.01547508850547096,0.2290754671699464,False,False,False,0.000424315326831382,COMPLETE
669,0.3823192298412323,2025-04-16 16:53:09.503120,2025-04-16 16:53:33.065587,0 days 00:00:23.562467,0.5550796344762824,0.9574179230242773,2,0.09903377529062626,0.056917171077753494,0.0669717834986036,0.018977321689524002,0.057757223722713934,0.07602326269519884,4.114562375048196e-05,26,125,0.015733683715947865,0.2293931621836193,True,False,False,0.0004842787622495943,COMPLETE
670,0.5229518294334412,2025-04-16 16:53:33.288051,2025-04-16 16:53:56.360834,0 days 00:00:23.072783,0.5959326320055175,0.9561608270116048,2,0.09605678520950897,0.07403283114743975,0.06763858158381947,0.021460900760266806,0.0610028796496924,0.0720481921887114,3.130058330609521e-05,26,125,0.01610706378961175,0.2247837389386587,False,False,False,0.0004443200616977109,COMPLETE
671,0.5754555702209473,2025-04-16 16:53:56.568205,2025-04-16 16:54:19.827869,0 days 00:00:23.259664,0.6160103185811379,0.9369875755533777,2,0.08845587615229811,0.08566046544754587,0.06894316565904554,0.018545545881716773,0.056615687193040186,0.07598199074554463,3.57778691739243e-05,26,127,0.014220007358271692,0.2355053536093331,False,False,False,0.0005416565295367022,COMPLETE
