number,value,datetime_start,datetime_complete,duration,params_alpha-eval,params_alpha-train,params_batch-size,params_eps-eval,params_eps-train,params_lambda-actions-eval,params_lambda-actions-train,params_lambda-frames-eval,params_lambda-frames-train,params_learning-rate,params_n-epochs,params_n-frames,params_radius-gw,params_rho,params_std-feats,params_ub-actions,params_ub-frames,params_weight-decay,state
1240,0.34175441861152656,2025-04-16 20:27:30.946945,2025-04-16 20:27:54.269747,0 days 00:00:23.322802,0.6511453435037875,0.9854178103635232,2,0.10553376763102552,0.24962288906334856,0.0840050562319468,0.0937638333935505,0.07805828319895505,0.07038230840849959,3.125424019698747e-05,26,135,0.005915149618639315,0.2493039557725394,False,False,False,1.5524066638903874e-05,COMPLETE
1241,0.5297659516334534,2025-04-16 20:27:54.673730,2025-04-16 20:28:17.844132,0 days 00:00:23.170402,0.6787834516304841,0.966743834191876,2,0.10643764974100291,0.26099166397487555,0.08140130098361412,0.09611694007421914,0.07584803705735182,0.06865906465233042,7.857532957728759e-05,26,140,0.008963123282059105,0.2647082289344686,False,False,False,1.3419147821942087e-05,COMPLETE
1242,0.33467735052108766,2025-04-16 20:28:18.248464,2025-04-16 20:28:41.970311,0 days 00:00:23.721847,0.6408935102643706,0.9994929391145717,2,0.0943456392729575,0.2536302949177922,0.08600711614641829,0.09641937100520943,0.07347541902515058,0.0709971387673915,5.2274959145233555e-05,27,135,0.0012554333995221838,0.25552436022226366,False,False,False,8.063678927040156e-06,COMPLETE
1243,0.393683934211731,2025-04-16 20:28:42.371079,2025-04-16 20:29:05.774850,0 days 00:00:23.403771,0.6655384312594055,0.9624854276699165,2,0.09763539454999555,0.25309678740921854,0.08203356564989377,0.09535344088298521,0.07858270792958319,0.06871457870562635,2.4995216237762878e-05,26,138,0.0823843886341816,0.2686928550000721,False,False,False,1.0165418626622925e-05,COMPLETE
1244,0.5524171948432923,2025-04-16 20:29:06.179490,2025-04-16 20:29:30.163593,0 days 00:00:23.984103,0.6400377033178116,0.983519906629393,2,0.09399549038865714,0.252503723537371,0.08292720235304951,0.09250090305330574,0.07536814232023518,0.06667056091697747,3.667936899980709e-05,27,145,0.00952773464800657,0.25879906189651,False,False,False,1.0198252918858254e-05,COMPLETE
1245,0.33636259436607363,2025-04-16 20:29:30.565934,2025-04-16 20:29:54.110683,0 days 00:00:23.544749,0.682049854677387,0.9982697935535563,2,0.09447591202413501,0.2710857424436915,0.08542366239597143,0.0923900822198317,0.07298402055753515,0.07203872982484967,6.399694495738384e-05,26,133,0.006940859870994709,0.2483422980696363,True,False,False,1.4856644424103566e-08,COMPLETE
1246,0.33674571514129636,2025-04-16 20:29:54.516948,2025-04-16 20:30:18.325210,0 days 00:00:23.808262,0.6311620183650338,0.9632243967336961,2,0.09799619706405155,0.2460001133687272,0.08285751330502421,0.09244916363743597,0.0802140664581384,0.07204509182476795,4.518536122608349e-05,27,134,0.003487399181132435,0.25360184314283124,False,False,False,7.784283681329014e-06,COMPLETE
1247,0.6091325283050537,2025-04-16 20:30:18.729070,2025-04-16 20:30:41.774487,0 days 00:00:23.045417,0.659826789171348,0.9580958617076882,2,0.10786232518292718,0.2657371818730795,0.08021230889970246,0.09497431537417446,0.07631449886819627,0.07351131821775644,5.6729275693201604e-05,26,136,0.008680560829585043,0.2646726109736231,False,False,False,1.0861872688732068e-05,COMPLETE
1248,0.33421432971954346,2025-04-16 20:30:42.180207,2025-04-16 20:31:05.422950,0 days 00:00:23.242743,0.6510945050436813,0.9738160282241897,2,0.10300093377475833,0.26616324886115816,0.08252254582449856,0.094378295845566,0.07783056301817182,0.07150647065007278,7.637449721368321e-05,26,142,0.005005650733310303,0.27459028457208295,False,False,False,1.2410748604467252e-05,COMPLETE
1249,0.570710027217865,2025-04-16 20:31:05.825888,2025-04-16 20:31:21.713985,0 days 00:00:15.888097,0.6275345003272256,0.9488121548412203,2,0.10281902879309356,0.26360025268072895,0.08343153184949695,0.09980367706358467,0.08035681916104707,0.06961385347348141,6.758348105203636e-05,14,138,0.007816410681019589,0.27067029946889065,False,False,False,6.166838684057716e-06,COMPLETE
1250,0.335508143901825,2025-04-16 20:31:22.119344,2025-04-16 20:31:45.991911,0 days 00:00:23.872567,0.6600742597799886,0.9644217814324323,2,0.09790030403645318,0.26783914869344616,0.08529189546481081,0.09816724679241587,0.0771381271013459,0.0713910372974619,5.1252248134642604e-05,27,140,0.004827256700046294,0.26635997764944697,False,False,False,1.2158918721362112e-05,COMPLETE
1251,0.5967322349548341,2025-04-16 20:31:46.395244,2025-04-16 20:32:09.713629,0 days 00:00:23.318385,0.6293511402703184,0.9487143019934026,2,0.1029592770042953,0.25550704301379246,0.08133068696393908,0.09522939056677818,0.08310587104878538,0.07187044542792473,4.011442596965883e-05,26,137,0.007361127117448029,0.2785505999486701,False,False,False,1.4419819551366355e-05,COMPLETE
1252,0.5196408271789551,2025-04-16 20:32:10.119644,2025-04-16 20:32:32.758696,0 days 00:00:22.639052,0.6465521579874081,0.9806085843148441,2,0.09535175167838639,0.27765154448089713,0.08092448448420249,0.09877631879847384,0.07905560016925398,0.07508870040240374,6.150166466448977e-05,25,143,0.008116442684796516,0.2741839862080148,False,False,False,9.05561905280542e-06,COMPLETE
1253,0.35336638092994693,2025-04-16 20:32:33.161805,2025-04-16 20:32:44.685473,0 days 00:00:11.523668,0.6586403634949655,0.9634043553097926,2,0.09150882981071608,0.26046297389508943,0.08012581964510776,0.09570234048156524,0.0762824551873506,0.07339996894053795,4.483247950887408e-05,7,137,0.005268296456016684,0.29391491493117,False,False,False,1.0417043902876094e-05,COMPLETE
1254,0.08682220280170441,2025-04-16 20:32:45.091395,2025-04-16 20:33:05.814853,0 days 00:00:20.723458,0.6232329452667795,0.9432445626346453,2,0.09445314067145459,0.2663606302570672,0.08260886760440701,0.08694302410238545,0.08217018015406022,0.06923662970221847,0.0003513176668815146,27,135,0.00845331301165907,0.2648907795270694,False,False,True,1.5840808623996112e-05,COMPLETE
1255,0.537303376197815,2025-04-16 20:33:06.243192,2025-04-16 20:33:29.296014,0 days 00:00:23.052822,0.6450432086125499,0.9713063724513914,2,0.10852668332480783,0.25229254823670677,0.08068464686952241,0.09287291948415526,0.07895046261111441,0.07311563031761383,8.030586363371506e-05,26,139,0.010288283597082433,0.27054534578340084,False,False,False,9.415433282584686e-06,COMPLETE
1256,0.16278650760650637,2025-04-16 20:33:29.709722,2025-04-16 20:33:49.526735,0 days 00:00:19.817013,0.6711123723967726,0.989942700915837,2,0.10572688238832777,0.25729590061599145,0.08435675550594603,0.09807770574555535,0.07681342700973591,0.06650368003389202,3.077119897273228e-05,25,133,0.009485009613680678,0.2827709650005735,False,True,False,8.737498819375888e-06,COMPLETE
1257,0.3370785653591156,2025-04-16 20:33:49.934759,2025-04-16 20:34:12.628869,0 days 00:00:22.694110,0.6141046973385398,0.9411052037575375,2,0.10765331030412709,0.259967463213596,0.08024152083906254,0.09683478421338033,0.07532404055877963,0.07375120677038657,5.639976019470381e-05,25,141,0.00633188186026481,0.0919069175983855,False,False,False,7.54666388853314e-06,COMPLETE
1258,0.579588794708252,2025-04-16 20:34:13.041313,2025-04-16 20:34:36.202849,0 days 00:00:23.161536,0.666237717824785,0.9515193050833041,2,0.09006108051556283,0.26351063692946275,0.08522259735750436,0.09393092805792409,0.07436787586395997,0.07616128512770678,3.6399051837931505e-05,26,136,0.009122727986927436,0.26148167963155056,False,False,False,1.1392461454541833e-05,COMPLETE
1259,0.6139052271842956,2025-04-16 20:34:36.616416,2025-04-16 20:35:00.329260,0 days 00:00:23.712844,0.6392689226155692,0.965993326166428,2,0.10070756091840992,0.2482302072763654,0.08203931566794731,0.09520047592646659,0.08059708635322564,0.07036907531803446,4.781018921644638e-05,27,133,0.010160007031775255,0.26629713208492317,False,False,False,1.0851211656513235e-05,COMPLETE
1260,0.5745022773742676,2025-04-16 20:35:00.741614,2025-04-16 20:35:24.377973,0 days 00:00:23.636359,0.6250500741581205,0.9689500010711534,2,0.10681083241784667,0.25219609507579505,0.08389162124319387,0.09588593839733668,0.08313186517049762,0.06804665056110318,6.842676090315309e-05,27,138,0.007459291176079558,0.2748786961510944,False,False,False,1.3533959701242386e-05,COMPLETE
1261,0.3379063129425049,2025-04-16 20:35:24.786256,2025-04-16 20:35:48.813774,0 days 00:00:24.027518,0.6012273057401418,0.9847361201774911,2,0.1087252561707581,0.24012857168027968,0.08422304287270754,0.09481335510481984,0.08524194127936946,0.07208247888061327,4.306781876218619e-05,27,135,0.0034670543623357454,0.2909369306766903,False,False,False,1.0795667802606386e-05,COMPLETE
1262,0.5272261738777161,2025-04-16 20:35:49.222635,2025-04-16 20:36:13.221299,0 days 00:00:23.998664,0.6370048813862734,0.9996387045594105,2,0.0997405313599181,0.2476062610819682,0.026540769499677406,0.09676748791471698,0.081292840389782,0.06969102966622229,5.433963914812077e-05,27,146,0.009344449547763898,0.2679368880712538,False,False,False,1.434264141519396e-05,COMPLETE
1263,0.4584608674049378,2025-04-16 20:36:13.629569,2025-04-16 20:36:37.262981,0 days 00:00:23.633412,0.6173138160372122,0.961669048571126,2,0.1094405031996694,0.255815737549565,0.08634632131531828,0.09979674193565607,0.08152781930086576,0.07094130414063167,2.7130498665994324e-05,27,133,0.009214111063648011,0.2831953122501406,False,False,False,1.0814732449651088e-05,COMPLETE
1264,0.32491838932037354,2025-04-16 20:36:37.673841,2025-04-16 20:37:01.822100,0 days 00:00:24.148259,0.6370972249427918,0.963628040086683,2,0.0991179577603325,0.26966034832416275,0.08735196992140748,0.09329270920342313,0.07908242799265493,0.06775242886507228,2.096039600708691e-05,27,141,0.0057622591293729,0.27670383303289614,True,False,False,1.2645810266576347e-05,COMPLETE
1265,0.5838533043861389,2025-04-16 20:37:02.233530,2025-04-16 20:37:25.875699,0 days 00:00:23.642169,0.6109732878314946,0.9481954390716756,2,0.1021615711813577,0.25639698797763766,0.08286889095806968,0.09132783942967362,0.08155950653729065,0.06974583979548361,3.515811416293132e-05,27,136,0.010557774988243845,0.27084726020768646,False,False,False,1.1163909486375615e-05,COMPLETE
1266,0.33474541306495664,2025-04-16 20:37:26.280618,2025-04-16 20:37:50.984382,0 days 00:00:24.703764,0.641006042344467,0.9808625498397249,2,0.09375269519978052,0.24719066269096404,0.08262387703774006,0.09594189224476722,0.08543522773218197,0.07366276735256486,6.077199518334959e-05,28,132,0.007474656306179078,0.26557034393582274,False,False,False,1.706582223366944e-05,COMPLETE
1267,0.6082698225975036,2025-04-16 20:37:51.392494,2025-04-16 20:38:15.145797,0 days 00:00:23.753303,0.5939474594686848,0.998784104563105,2,0.09913872015684241,0.24433407052166714,0.08113414287514291,0.09725060687464071,0.08302927713762144,0.06644472855264098,4.5463191339076976e-05,27,134,0.010368500694264789,0.2416794900119986,False,False,False,1.8816600768300993e-05,COMPLETE
1268,0.5507929682731629,2025-04-16 20:38:15.551547,2025-04-16 20:38:39.242909,0 days 00:00:23.691362,0.5360279060317686,0.992884179198383,2,0.10375498706040287,0.24263704327610847,0.08512733613438077,0.09704466402424869,0.08783685942381154,0.06488715707927442,3.861961755945697e-05,27,143,0.009454227717556662,0.24138912374998694,False,False,False,1.559622223107614e-05,COMPLETE
1269,0.3338658928871155,2025-04-16 20:38:39.651237,2025-04-16 20:39:02.879387,0 days 00:00:23.228150,0.5646158474714185,0.9953024588500584,2,0.1102006185822727,0.24952343263806734,0.08252014496606862,0.09790951415136098,0.08304194152144398,0.06920030341236899,4.8601855684610426e-05,26,140,0.006888632864080296,0.07225884496925469,False,False,False,1.623480153478153e-05,COMPLETE
1270,0.5724505186080933,2025-04-16 20:39:03.288068,2025-04-16 20:39:26.933951,0 days 00:00:23.645883,0.5876358583586587,0.9740971432034643,2,0.09970145604134827,0.24368835558641372,0.08114971714371848,0.09943144918832128,0.08454484690282725,0.06538586988772725,6.597698029989541e-05,27,138,0.010180123893849126,0.27011052712420114,False,False,False,9.115803729276375e-06,COMPLETE
1271,0.33486843109130865,2025-04-16 20:39:27.361362,2025-04-16 20:39:50.679134,0 days 00:00:23.317772,0.5901305317614681,0.9630727160759363,2,0.10708693383195679,0.24280531265630373,0.08250616599979854,0.09521003967339113,0.08483590465489109,0.06930779877466176,8.042109452220814e-05,26,136,0.0028802661454805653,0.27905798015172395,False,False,False,9.362640847730345e-06,COMPLETE
1272,0.549462640285492,2025-04-16 20:39:51.090722,2025-04-16 20:40:14.895418,0 days 00:00:23.804696,0.6057650540050659,0.9804156554613157,2,0.09938455647414784,0.2500514167698983,0.0849601005506547,0.09420536634872809,0.08288768900430737,0.07253878799234777,3.1607989438160206e-05,27,138,0.008239846861352835,0.26309593697071076,False,False,False,1.1226652721158309e-05,COMPLETE
1273,0.6091993212699891,2025-04-16 20:40:15.308872,2025-04-16 20:40:38.423712,0 days 00:00:23.114840,0.5505451379071898,0.9980643817890478,2,0.1042069641531757,0.23762834015747142,0.08051926522224541,0.09491822135758739,0.08062670383246569,0.06558456860465439,4.2865164181632025e-05,26,134,0.01041442563030946,0.2530420199313777,False,False,False,1.773297652077781e-05,COMPLETE
1274,0.343457967042923,2025-04-16 20:40:38.837126,2025-04-16 20:41:02.188908,0 days 00:00:23.351782,0.5582768431022263,0.9884599071643776,2,0.1111740303741894,0.232225151344118,0.08194026032447821,0.0973171429064274,0.08744479187333931,0.0626484031531827,2.8615033417424006e-05,26,134,0.005159791996889481,0.24082164372326303,False,False,False,2.0804768682074545e-05,COMPLETE
1275,0.08726477026939392,2025-04-16 20:41:02.605165,2025-04-16 20:41:23.113705,0 days 00:00:20.508540,0.5612347734636736,0.9962971969077022,2,0.10404932821914474,0.251513065345344,0.08671392471001513,0.09483141362998398,0.0835973282424671,0.06677771521830053,3.49522747968515e-05,26,133,0.0074381945135700706,0.24628312401703348,False,False,True,8.44364677833847e-06,COMPLETE
1276,0.09725414663553239,2025-04-16 20:41:23.526845,2025-04-16 20:41:44.019538,0 days 00:00:20.492693,0.5311862166653663,0.9937331988805636,2,0.1091086018760972,0.23539936227642785,0.08031359269241682,0.09957846038103954,0.08085784138192291,0.06710781381013263,3.9923556500426264e-05,26,134,0.00948923858853453,0.25074489660214333,False,True,False,2.368536888078873e-05,COMPLETE
1277,0.3875394582748413,2025-04-16 20:41:44.433321,2025-04-16 20:42:08.023337,0 days 00:00:23.590016,0.5294336260621966,0.9954712649244191,2,0.10432726643008566,0.2496586391714153,0.08340005170730107,0.09764450177436822,0.08589099858577325,0.06457159255486442,2.2891543996850873e-05,27,132,0.011101430128287813,0.24360129057068577,False,False,False,2.0265166923818487e-05,COMPLETE
1278,0.34276784062385557,2025-04-16 20:42:08.440080,2025-04-16 20:42:31.805312,0 days 00:00:23.365232,0.5251917132102631,0.9969517254064794,2,0.0993045027887218,0.23583513190168862,0.08040187457593125,0.09439570403574703,0.08036812993862114,0.06386170452206798,3.398433216680981e-05,26,135,0.005845843561486253,0.28666601949260917,False,False,False,1.7201529287675422e-05,COMPLETE
1279,0.34828118681907655,2025-04-16 20:42:32.218117,2025-04-16 20:42:55.471162,0 days 00:00:23.253045,0.543337635268982,0.9743748460689536,2,0.10928507069845354,0.2606826760366329,0.08182038148336647,0.09616345729670822,0.09229482032811581,0.06747811213427182,4.308649507355048e-05,26,132,0.0073397206000485795,0.12219447301684057,False,False,False,1.9814080581019458e-05,COMPLETE
1280,0.6066400289535523,2025-04-16 20:42:55.883177,2025-04-16 20:43:19.752361,0 days 00:00:23.869184,0.5202030841929649,0.9975917270970674,2,0.10440654437382511,0.24004976329125985,0.08441281676155742,0.09345481385525817,0.08373992660492344,0.0653769754263198,4.122961586369044e-05,27,135,0.008750201285452973,0.2392782495153687,False,False,False,9.70141105997649e-06,COMPLETE
1281,0.5669146299362183,2025-04-16 20:43:20.163979,2025-04-16 20:43:43.871041,0 days 00:00:23.707062,0.5174704507065562,0.9867950034809785,2,0.10688308988585364,0.24810910881116854,0.08417834889644386,0.09247336580810225,0.08841682825759856,0.06358307447915569,3.198042930421908e-05,27,137,0.007961224328970316,0.23856715255856986,False,False,False,1.3349095370866012e-05,COMPLETE
1282,0.34186646342277527,2025-04-16 20:43:44.282505,2025-04-16 20:44:08.090066,0 days 00:00:23.807561,0.4982165169536485,0.9982904409549183,2,0.11524156561258064,0.2434272436340618,0.08549252243935598,0.09360633472261981,0.08409599067443148,0.06532737410505188,3.015778037283387e-05,27,136,0.0028769482499762297,0.2394918061951256,False,False,False,1.42758734018427e-05,COMPLETE
1283,0.34452078938484193,2025-04-16 20:44:08.502170,2025-04-16 20:44:32.339725,0 days 00:00:23.837555,0.5490807522439779,0.9978262421250619,2,0.10423051789807317,0.2438047250538354,0.08525539495703513,0.09741993313034863,0.08524433473908531,0.061525021333884926,2.5943706663953213e-05,27,135,0.005942842922189828,0.23724670335137069,False,False,False,1.7590250429838602e-05,COMPLETE
1284,0.3850261211395264,2025-04-16 20:44:32.769737,2025-04-16 20:44:57.105114,0 days 00:00:24.335377,0.5688877707897723,0.9711576657579893,2,0.09826241020833627,0.2414245644112892,0.08357376420690783,0.09213322298090025,0.08706451510760392,0.0634916729052896,0.004279962964797027,27,138,0.01042915731951781,0.1530200579740155,True,False,False,1.1027679610307037e-05,COMPLETE
1285,0.6029351949691772,2025-04-16 20:44:57.525988,2025-04-16 20:45:21.391070,0 days 00:00:23.865082,0.5416020243745739,0.9729964730577049,2,0.11405305513028077,0.2540410853472423,0.0800747246398408,0.09499689021612784,0.0832231275643379,0.06697853857117918,3.8194583863574534e-05,27,135,0.00876772798961618,0.2419474172009948,False,False,False,1.6637439670708194e-05,COMPLETE
1286,0.33790924549102785,2025-04-16 20:45:21.811321,2025-04-16 20:45:45.570291,0 days 00:00:23.758970,0.5225913697050496,0.9835321578246243,2,0.11078881549490956,0.24197375161555648,0.08718548894221706,0.09136054789456231,0.08196201495403188,0.0650237605026027,4.0537423787582245e-05,27,58,0.004846775479303009,0.235100090982365,False,False,False,1.3814269302684709e-05,COMPLETE
1287,0.6126970887184143,2025-04-16 20:45:45.987704,2025-04-16 20:46:09.165023,0 days 00:00:23.177319,0.5282127795146164,0.9611329572705444,2,0.10175036852920784,0.23274016793211044,0.07970662784705011,0.09539995611506562,0.08448195600142694,0.0662218895201573,4.480510354479998e-05,26,132,0.009961735162955444,0.24553425231904538,False,False,False,9.880601718867995e-06,COMPLETE
1288,0.4955237984657288,2025-04-16 20:46:09.588802,2025-04-16 20:46:32.651332,0 days 00:00:23.062530,0.5241325474932556,0.9997912394778805,2,0.10500332621047431,0.23006335715846957,0.08881309990344113,0.09808299909680517,0.09025065032126742,0.062185324121486266,2.906130495300694e-05,26,138,0.009140215863209967,0.23665577786566008,False,False,False,1.2983098378176202e-05,COMPLETE
1289,0.5940717577934266,2025-04-16 20:46:33.069863,2025-04-16 20:46:56.155354,0 days 00:00:23.085491,0.5453048381804444,0.9679771664733106,2,0.10182879472346305,0.23804918615853038,0.08259461234190928,0.09479287963353245,0.08851145775153653,0.06598086118612477,3.6947928422457895e-05,26,134,0.007492969152315537,0.24283699929327826,False,False,False,1.7826886595369615e-05,COMPLETE
1290,0.6015278697013855,2025-04-16 20:46:56.570952,2025-04-16 20:47:20.366439,0 days 00:00:23.795487,0.5072563464096997,0.956118577285198,2,0.11033426285700156,0.23860848940952523,0.08645886836058014,0.09322755704407479,0.08582297342630224,0.06621225908989847,4.317627940323778e-05,27,136,0.010934132853036798,0.23902891094042297,False,False,False,1.265422130727677e-05,COMPLETE
1291,0.5693296194076538,2025-04-16 20:47:20.783318,2025-04-16 20:47:43.786781,0 days 00:00:23.003463,0.5266193623320262,0.999303697937473,2,0.09815798294469454,0.23608808105683024,0.07956233684919202,0.0974731088563483,0.0860431868791804,0.06301891375078786,3.50618465790651e-05,26,133,0.010121116864328714,0.2457468648308005,False,False,False,1.1355443590999416e-05,COMPLETE
1292,0.33880200386047366,2025-04-16 20:47:44.204166,2025-04-16 20:48:07.503482,0 days 00:00:23.299316,0.5208377106370946,0.972417690264858,2,0.10950351511393852,0.23304712855413784,0.08410345888834905,0.0943541096139424,0.08385317957256039,0.06740662065239195,4.19174218585768e-05,26,139,0.0070892215874462945,0.23538141226125764,False,False,False,1.0379216309564278e-05,COMPLETE
1293,0.08848131000995636,2025-04-16 20:48:07.919221,2025-04-16 20:48:28.915898,0 days 00:00:20.996677,0.5096036804423624,0.9600792929434628,2,0.10283414045342329,0.24895195147254,0.08138152147393367,0.09515027229722414,0.0831601695187493,0.06466075163824056,1.798474443847507e-05,27,132,0.0050759129145238665,0.24729439236087356,False,False,True,1.1960828870340914e-05,COMPLETE
1294,0.5673197507858276,2025-04-16 20:48:29.334448,2025-04-16 20:48:52.411083,0 days 00:00:23.076635,0.5456939042070085,0.9772374923015932,2,0.09720133946932563,0.23964821851978238,0.08719474308104928,0.09934633044803111,0.08664651255902864,0.06830999350426961,3.33701584051074e-05,26,136,0.008677084254253413,0.2415809629061872,False,False,False,9.287810346243332e-06,COMPLETE
1295,0.4271470665931702,2025-04-16 20:48:52.825738,2025-04-16 20:49:16.818336,0 days 00:00:23.992598,0.536722451146296,0.9533025634092932,2,0.10843961325075833,0.24528802905948094,0.07976672373877983,0.09638200081514599,0.08399121683717053,0.06661230177588709,2.4422822229563936e-05,27,132,0.010980928085087204,0.2481108376494602,False,False,False,1.412357966658562e-05,COMPLETE
1296,0.6073743224143981,2025-04-16 20:49:17.254328,2025-04-16 20:49:40.456694,0 days 00:00:23.202366,0.5272995576688045,0.9831583486264577,2,0.0968525384966465,0.2324423520157813,0.08281811854859292,0.0911957910549742,0.08448388833769274,0.059857279796068405,4.766245204088553e-05,26,135,0.011008754656785667,0.2418753563079082,False,False,False,8.963714840807672e-06,COMPLETE
