number,value,datetime_start,datetime_complete,duration,params_alpha-eval,params_alpha-train,params_batch-size,params_eps-eval,params_eps-train,params_lambda-actions-eval,params_lambda-actions-train,params_lambda-frames-eval,params_lambda-frames-train,params_learning-rate,params_n-epochs,params_n-frames,params_radius-gw,params_rho,params_std-feats,params_ub-actions,params_ub-frames,params_weight-decay,state
729,0.6066800594329834,2025-04-16 17:16:48.849481,2025-04-16 17:17:12.460279,0 days 00:00:23.610798,0.7301866614784046,0.9272560614770408,2,0.08518516151737962,0.09437589794051156,0.07067190176519658,0.022153644853608916,0.06780721761073866,0.08338807639848149,4.2436167641606534e-05,27,130,0.014898191130245398,0.24496944260694783,False,False,False,3.854998710192479e-06,COMPLETE
730,0.3708759129047394,2025-04-16 17:17:12.704587,2025-04-16 17:17:36.494484,0 days 00:00:23.789897,0.7094607808051011,0.9234441595101519,2,0.07447193123504588,0.09428706169980236,0.07101714434176022,0.022853267530306382,0.06785453804043817,0.0842574421984486,2.233309945352629e-05,27,131,0.015620243010192086,0.24814358668553635,False,False,False,4.1003585131511525e-06,COMPLETE
731,0.5903178572654724,2025-04-16 17:17:36.721439,2025-04-16 17:18:00.424769,0 days 00:00:23.703330,0.7425735442792142,0.9085214900794336,2,0.08890587561784123,0.0900679510834389,0.07311946569033047,0.022951313134621853,0.07058006403729568,0.08023664756797409,4.991623987048865e-05,27,130,0.017474411979521542,0.24893613625069694,False,False,False,4.269917624105883e-06,COMPLETE
732,0.603721559047699,2025-04-16 17:18:00.669640,2025-04-16 17:18:24.194207,0 days 00:00:23.524567,0.7264174700113559,0.9389298524064301,2,0.08114667788150805,0.1015575089631813,0.07129070347506843,0.02409059650192908,0.06935994648534234,0.08483415056405758,4.097854091225507e-05,27,128,0.014062847563591633,0.24373481292895313,False,False,False,3.688668930337501e-06,COMPLETE
733,0.5535206556320191,2025-04-16 17:18:24.422896,2025-04-16 17:18:47.786537,0 days 00:00:23.363641,0.7360121915498495,0.9176409816979346,2,0.08130653566361862,0.10419369329900369,0.07013658910909022,0.02163700269940605,0.06996697332902793,0.08873764675509496,3.615814708671034e-05,26,132,0.017495139647298114,0.24373712807250694,False,False,False,3.476252542545426e-06,COMPLETE
734,0.6009295821189881,2025-04-16 17:18:48.028699,2025-04-16 17:19:11.867728,0 days 00:00:23.839029,0.7291746046869666,0.9380274838771949,2,0.06587696796112066,0.09805396166796082,0.07152345567765789,0.02148144570185782,0.06704982937244804,0.08475816848420543,4.266458735552696e-05,27,129,0.01345790117108481,0.23744790374906227,False,False,False,1.829680039116287e-06,COMPLETE
735,0.43343719840049744,2025-04-16 17:19:12.110155,2025-04-16 17:19:35.765085,0 days 00:00:23.654930,0.7274406164920982,0.9367107829688237,2,0.06850383234441325,0.09894427202531876,0.0716349403123435,0.02492380983839883,0.06749077278878009,0.08306854508244793,2.8203221659523358e-05,27,132,0.01584301517548229,0.23805359910041965,False,False,False,1.3278096124174197e-06,COMPLETE
736,0.5986527681350708,2025-04-16 17:19:35.994273,2025-04-16 17:19:59.056195,0 days 00:00:23.061922,0.7926999892543446,0.9403732277221575,2,0.06421191890111419,0.0959403798038112,0.07114236510306599,0.024018820898436263,0.07107720871262654,0.08586291003553621,4.020046288999774e-05,26,129,0.013813119148835994,0.23868880854197252,False,False,False,1.6176619527830566e-06,COMPLETE
737,0.5496007919311523,2025-04-16 17:19:59.300401,2025-04-16 17:20:22.924722,0 days 00:00:23.624321,0.7563678066793026,0.914471139650934,2,0.0652006430157224,0.0962546268645493,0.07162460594299642,0.0247557651111584,0.07301975272241132,0.08590927818878807,3.3097666265780155e-05,27,132,0.015302864860066405,0.23879461396502566,False,False,False,1.641835124023584e-06,COMPLETE
738,0.09657261073589325,2025-04-16 17:20:23.153432,2025-04-16 17:20:43.914540,0 days 00:00:20.761108,0.7231543742890304,0.9403070537226003,2,0.06386526768587188,0.1039739013851991,0.07427657410832046,0.024079367778068468,0.07706345058338919,0.08705134816798162,3.9500283132698294e-05,27,130,0.017586941978043356,0.24407113341918435,False,False,True,1.93686285272147e-06,COMPLETE
739,0.49796768426895144,2025-04-16 17:20:44.158461,2025-04-16 17:21:07.107791,0 days 00:00:22.949330,0.6925697864677236,0.905975413860253,2,0.073299709676065,0.10129876530153852,0.07124920935311618,0.023525014550721906,0.07089061323058123,0.09446258366315731,2.797674081211844e-05,26,129,0.01438236596255967,0.23932059579821688,False,False,False,2.192806042774579e-06,COMPLETE
740,0.5897454023361206,2025-04-16 17:21:07.356350,2025-04-16 17:21:31.308938,0 days 00:00:23.952588,0.7154790980418301,0.9347710206876718,2,0.070603364560154,0.09318588968493727,0.07288417848006502,0.02268628509182879,0.06893321665623225,0.08496562077667559,4.663717577233555e-05,27,133,0.017191408525450248,0.24529019611599623,False,False,False,4.6886571928546565e-06,COMPLETE
741,0.1382508158683777,2025-04-16 17:21:31.541386,2025-04-16 17:21:53.025199,0 days 00:00:21.483813,0.8049558253990247,0.9463958652891553,2,0.06554760327395778,0.09553774528557787,0.07064745615857726,0.021550644617786253,0.0713794961173548,0.08788536858463628,3.679618892814946e-05,28,130,0.01433078837623705,0.23770413805302776,False,True,False,1.4645703465265764e-06,COMPLETE
742,0.497376024723053,2025-04-16 17:21:53.273422,2025-04-16 17:22:16.931510,0 days 00:00:23.658088,0.7848544364401261,0.9547949710880279,2,0.0772033770555549,0.10088403803629391,0.07468292641646149,0.02525712570752297,0.06673099058178615,0.084750470914647,5.09384547867565e-05,27,128,0.0300078460275398,0.23215701582875484,False,False,False,2.67848538451587e-06,COMPLETE
743,0.6053952574729919,2025-04-16 17:22:17.161732,2025-04-16 17:22:40.405985,0 days 00:00:23.244253,0.7656602907711444,0.9271932517408392,2,0.08037495439398534,0.09108803689801777,0.07263014221669213,0.0209564816219957,0.06867226133551124,0.08369586761498055,4.1904468632051016e-05,26,133,0.013744942412908506,0.24980450828635223,False,False,False,3.989634095449257e-06,COMPLETE
744,0.37496927976608274,2025-04-16 17:22:40.648984,2025-04-16 17:23:03.707511,0 days 00:00:23.058527,0.765562861036869,0.9146039386138826,2,0.08008365041406137,0.09054587353807315,0.07308378803350507,0.02197607700815138,0.06827673212958654,0.08387194827570582,2.355890022166309e-05,26,133,0.01612951733015742,0.2510211352410924,False,False,False,3.7346887488507076e-06,COMPLETE
745,0.549957811832428,2025-04-16 17:23:03.953751,2025-04-16 17:23:27.099598,0 days 00:00:23.145847,0.7842976294223821,0.9260008643666358,2,0.071922558472344,0.08209978680445895,0.07064833420525343,0.02127310047747668,0.06910007801600238,0.08273886195227245,3.1836498396837864e-05,26,134,0.014205967784474121,0.24534098219401612,False,False,False,2.9735222785030454e-06,COMPLETE
746,0.5462324023246765,2025-04-16 17:23:27.334470,2025-04-16 17:23:50.414060,0 days 00:00:23.079590,0.7670075665654373,0.9630211157714049,2,0.08512095037914011,0.10506721440118824,0.07445881012246898,0.02428539138452306,0.07422621050891444,0.0852663532557812,3.9084160172111326e-05,26,128,0.016072548107156793,0.251513202238304,False,False,False,2.307676902083728e-06,COMPLETE
747,0.5123343348503113,2025-04-16 17:23:50.661065,2025-04-16 17:24:14.029717,0 days 00:00:23.368652,0.6924035596510959,0.9014726914076376,2,0.0767411345088851,0.09639547931263337,0.07229226694858168,0.020307722441080447,0.0659948983835537,0.08276654023246918,3.1701858731583645e-05,26,133,0.017948747702957256,0.24156246241770143,False,False,False,4.718754236327231e-06,COMPLETE
748,0.36944798231124876,2025-04-16 17:24:14.261770,2025-04-16 17:24:38.228215,0 days 00:00:23.966445,0.748639422400434,0.9426869100925436,2,0.0833476707094148,0.08980320441166027,0.07025055138786858,0.02328526888471051,0.07095000577930874,0.08712665646047628,4.3473852018745563e-05,27,127,0.013592702244759912,0.2367746660425209,True,False,False,3.9210552029438475e-06,COMPLETE
749,0.5973887085914612,2025-04-16 17:24:38.472193,2025-04-16 17:25:02.279643,0 days 00:00:23.807450,0.7284214877724862,0.9558063984840486,2,0.06394154577864171,0.08573529163617202,0.07524486252352153,0.019393036055396176,0.06700506212392159,0.08976950264922798,3.5875900595707524e-05,27,130,0.013367970086669359,0.24625549700608942,False,False,False,6.704007836590659e-06,COMPLETE
750,0.3648326635360718,2025-04-16 17:25:02.530541,2025-04-16 17:25:25.545766,0 days 00:00:23.015225,0.7054528683650297,0.9626997589083348,2,0.0612711202418075,0.08287740815459319,0.07279113047184313,0.01976329988870657,0.06560154337002726,0.09005689496477406,2.65439069118509e-05,26,134,0.0179855221604578,0.2516801612329232,False,False,False,6.672978648805827e-06,COMPLETE
751,0.5531585335731507,2025-04-16 17:25:25.779082,2025-04-16 17:25:49.475254,0 days 00:00:23.696172,0.8032677128331506,0.9539169605961642,2,0.06342244364807945,0.09778650714579393,0.06809705759771281,0.01869767501411902,0.06696021143691352,0.09219480109824416,3.514562055626725e-05,27,131,0.015599871349177622,0.23489868213950504,False,False,False,6.981072110877683e-06,COMPLETE
752,0.40218667984008794,2025-04-16 17:25:49.722544,2025-04-16 17:26:12.704934,0 days 00:00:22.982390,0.7483252714301675,0.9370789181736628,2,0.06961805576717285,0.1042025384712751,0.07350883333179455,0.021265197003477634,0.07326729099975757,0.08795231867632297,2.026853534393401e-05,26,131,0.013860563561797434,0.24521013959575774,False,False,False,4.544859923320854e-06,COMPLETE
753,0.3515584588050843,2025-04-16 17:26:12.938952,2025-04-16 17:26:36.624384,0 days 00:00:23.685432,0.7232620315201023,0.9655158423496423,2,0.06684205944176207,0.07935590074801951,0.07554838531964582,0.019329267722681256,0.07006675596983125,0.08523622402417935,2.7961537334563145e-05,27,135,0.015970167436587634,0.24014148863153745,False,False,False,3.522279991149562e-06,COMPLETE
754,0.5782402515411377,2025-04-16 17:26:36.871699,2025-04-16 17:26:59.302094,0 days 00:00:22.430395,0.6868717019689119,0.9361811565642468,2,0.05742030444317279,0.08554686852800389,0.07106097091631365,0.022031592293351623,0.06776406087098129,0.0835520578796108,3.7798852114130084e-05,25,129,0.013610799437540481,0.232472361847636,False,False,False,5.001569345430519e-06,COMPLETE
755,0.5450509905815125,2025-04-16 17:26:59.553520,2025-04-16 17:27:23.923441,0 days 00:00:24.369921,0.7035036565446506,0.9558114304541029,2,0.07061850679974314,0.0933503350995086,0.06953360479577222,0.019176202689058158,0.06497880022922418,0.08992062833304687,3.167700736182458e-05,28,132,0.01811629254500356,0.2498294541568511,False,False,False,7.262814221238077e-06,COMPLETE
756,0.5977947592735291,2025-04-16 17:27:24.157883,2025-04-16 17:27:47.063156,0 days 00:00:22.905273,0.7358591223361856,0.9684866306568828,2,0.07596921613689156,0.09928228460761117,0.07222105144237013,0.021356001918717785,0.07215767836407393,0.08847738888311499,4.2595494261738005e-05,26,128,0.014876628407302823,0.24081370133632343,False,False,False,3.5465246673051695e-06,COMPLETE
757,0.09718235582113266,2025-04-16 17:27:47.314816,2025-04-16 17:28:07.170843,0 days 00:00:19.856027,0.7799247807084277,0.9734261562998042,2,0.07488656232458646,0.08737235802404911,0.06782693685253227,0.021944964962933335,0.071939142163383,0.08959837094959971,1.619259561500312e-05,25,135,0.017028093755773854,0.24579975420053157,False,False,True,3.333701893682834e-06,COMPLETE
758,0.6053617358207702,2025-04-16 17:28:07.422281,2025-04-16 17:28:30.375150,0 days 00:00:22.952869,0.7607133109946127,0.9273689920637894,2,0.06177321392853901,0.09505446553877614,0.0713118106707427,0.025412167093973217,0.07235658936435335,0.08255186675440254,5.267501230687983e-05,26,131,0.015251744584733898,0.2532873668012082,False,False,False,4.881025734660432e-06,COMPLETE
759,0.5846092820167542,2025-04-16 17:28:30.611475,2025-04-16 17:28:53.609817,0 days 00:00:22.998342,0.74998988579221,0.9339248709726966,2,0.06662046322334231,0.08178612635856695,0.07071162773343581,0.02562289800951772,0.0756490237066932,0.08707358142302626,5.279791613461463e-05,26,129,0.018407740944792868,0.25163122833000257,False,False,False,5.01505218783959e-06,COMPLETE
760,0.10855262875556947,2025-04-16 17:28:53.860403,2025-04-16 17:29:14.170886,0 days 00:00:20.310483,0.7629665708555575,0.9669073367369884,2,0.06618840767221,0.09385651228729575,0.07196133012080692,0.024584184127292626,0.07290165811158608,0.08517548461840166,4.21017012430301e-05,26,133,0.015960643384251502,0.2532018200680646,False,True,False,3.8102139086121927e-06,COMPLETE
761,0.6019447088241577,2025-04-16 17:29:14.409713,2025-04-16 17:29:36.878469,0 days 00:00:22.468756,0.7230894071689017,0.9247419869009328,2,0.055559491117472895,0.09730075064413901,0.06642693269342446,0.023133164763042172,0.07812412231792774,0.08787712269140507,4.2874807113533834e-05,25,128,0.014887884148486328,0.24619871789995754,False,False,False,1.1315979784332791e-06,COMPLETE
762,0.5795637845993042,2025-04-16 17:29:37.128436,2025-04-16 17:30:00.326752,0 days 00:00:23.198316,0.734376387885853,0.9050786627448102,2,0.066429183451111,0.09024735402183251,0.06761952608799167,0.02359014535461191,0.07960624342433242,0.09301891109400344,4.112895075755105e-05,26,128,0.01827231410116898,0.2512943249943458,False,False,False,1.8590676726889401e-06,COMPLETE
763,0.5123447299003601,2025-04-16 17:30:00.578137,2025-04-16 17:30:23.621933,0 days 00:00:23.043796,0.7286732414089518,0.9225440994742844,2,0.05408122163360214,0.07673525329751327,0.0668651435776721,0.025433501814193765,0.07820843225855853,0.09852789623917962,3.2625194057866774e-05,26,132,0.01655656354240345,0.241572812596133,False,False,False,2.49829500350411e-06,COMPLETE
764,0.5642487049102783,2025-04-16 17:30:23.861157,2025-04-16 17:30:46.282202,0 days 00:00:22.421045,0.8185449644331985,0.9225106155248872,2,0.058836202602325756,0.08346577261461371,0.06943631442329472,0.022455667831774464,0.07583170367533597,0.08871145588526169,4.390930221181567e-05,25,137,0.014641144860736822,0.2526411506112593,False,False,False,1.4186541455381116e-06,COMPLETE
765,0.5216292381286621,2025-04-16 17:30:46.532302,2025-04-16 17:31:09.184938,0 days 00:00:22.652636,0.7127088812257798,0.9464349582042486,2,0.04715311996924606,0.10306990398844852,0.06540617335804166,0.02122813828533256,0.07410165278853006,0.08701073829781132,3.667500861262122e-05,25,127,0.01823135777552169,0.24458576454624698,False,False,False,4.809267674265474e-06,COMPLETE
766,0.3537712633609772,2025-04-16 17:31:09.424188,2025-04-16 17:31:32.592251,0 days 00:00:23.168063,0.7897166567627583,0.9290870922451112,2,0.05235786871139717,0.0937993344949942,0.06958768645160633,0.023222958255965584,0.08260089790074479,0.08188355256446203,2.406456023326461e-05,26,130,0.016286433056376528,0.24595161702113705,False,False,False,1.1511299513460149e-06,COMPLETE
767,0.3477318108081818,2025-04-16 17:31:32.843838,2025-04-16 17:31:56.295269,0 days 00:00:23.451431,0.766460607089779,0.9483720223117417,2,0.058222109345808425,0.08741692633400086,0.06613034569117339,0.0254471874123717,0.07105188031622603,0.08939130459925392,5.291947178292991e-05,26,127,0.015481980965961204,0.23932637689084257,True,False,False,6.346290646234831e-06,COMPLETE
768,0.4991716146469116,2025-04-16 17:31:56.548861,2025-04-16 17:32:19.038667,0 days 00:00:22.489806,0.7486530198006364,0.9684061191871234,2,0.05981970240253237,0.10589058089095965,0.07116007017293416,0.02073948569792226,0.06968471340219069,0.08426592157114046,2.8857999421615238e-05,25,134,0.014095576170820256,0.2501819479352885,False,False,False,1.1372261811869928e-06,COMPLETE
769,0.5843708753585816,2025-04-16 17:32:19.279179,2025-04-16 17:32:42.991057,0 days 00:00:23.711878,0.6696240345486592,0.8979856597896588,2,0.061135290244956356,0.09975649097878715,0.06913706657660991,0.02294539290169701,0.07220787565760546,0.08627292513652465,5.375472960844035e-05,27,131,0.014637150893397004,0.23617367940565367,False,False,False,3.061139832570166e-06,COMPLETE
770,0.5683445692062378,2025-04-16 17:32:43.245316,2025-04-16 17:33:06.320172,0 days 00:00:23.074856,0.6870403224463406,0.9431814549189674,2,0.0746952745035516,0.07702147331624801,0.07172290632364861,0.025925413800179903,0.06902967521696911,0.08336991010474426,4.52691398451672e-05,26,127,0.018645245944494123,0.24076260261223179,False,False,False,3.7771171830020566e-06,COMPLETE
771,0.5632426023483277,2025-04-16 17:33:06.573666,2025-04-16 17:33:29.847873,0 days 00:00:23.274207,0.7234744299735175,0.9182350718258706,2,0.0510896403342013,0.09263328851862017,0.06710980279344139,0.02036758343587543,0.08481935432548131,0.09050026569587978,3.5239019819953485e-05,26,136,0.015427561538691459,0.2483513195304082,False,False,False,1.7279798838262984e-06,COMPLETE
772,0.5914216756820678,2025-04-16 17:33:30.090284,2025-04-16 17:33:54.460368,0 days 00:00:24.370084,0.7028763739914283,0.978888717739626,2,0.07200712748403323,0.08453298078253006,0.07295967791304137,0.02375417483255621,0.067228147769955,0.08118886284466961,5.4892378507648044e-05,28,130,0.017011209316260528,0.25292934649787363,False,False,False,6.316355026290463e-06,COMPLETE
773,0.5987237215042115,2025-04-16 17:33:54.714919,2025-04-16 17:34:17.306748,0 days 00:00:22.591829,0.7380142515940858,0.9536791161079629,2,0.0638709466009136,0.09661576533641208,0.06862553457401392,0.02162073253328559,0.07067485593866216,0.09362495232689573,4.2553722820439134e-05,25,127,0.013530306899897145,0.24339854138253483,False,False,False,2.7191156838775145e-06,COMPLETE
774,0.3945550680160523,2025-04-16 17:34:17.548795,2025-04-16 17:34:39.911183,0 days 00:00:22.362388,0.7380103756247054,0.019029232469563173,2,0.06337895046024915,0.09709412000078672,0.06575506994329916,0.02000848174399703,0.07158255257794208,0.09364155987974783,3.184975501032403e-05,25,132,0.013123789399047505,0.25492679930127626,False,False,False,2.951686732404748e-06,COMPLETE
775,0.5840425729751587,2025-04-16 17:34:40.165354,2025-04-16 17:35:02.635716,0 days 00:00:22.470362,0.7685409127696684,0.9309947980320266,2,0.05499849564157431,0.10463988405303615,0.06809636916194386,0.021296570268852275,0.07233738881919184,0.0953057768105589,3.885147410399495e-05,25,127,0.013052157851014939,0.2464898113728614,False,False,False,9.230329110938295e-07,COMPLETE
776,0.360525643825531,2025-04-16 17:35:02.894308,2025-04-16 17:35:25.432535,0 days 00:00:22.538227,0.7518644911669345,0.952609832026284,2,0.0626899876012185,0.09178054737379104,0.06951870040252996,0.01907032210389926,0.07511639966614647,0.09265452785692908,2.54253916221205e-05,25,135,0.01610176310193404,0.23196809495494733,False,False,False,1.9395663527155594e-06,COMPLETE
777,0.08907349705696106,2025-04-16 17:35:25.676219,2025-04-16 17:35:45.502949,0 days 00:00:19.826730,0.7128648907954658,0.9036704713380838,2,0.053769508705813554,0.09783850367915685,0.06569570239671273,0.021715839600039526,0.06988065834316044,0.09171941811805664,4.551876486489416e-05,25,127,0.012908394726040008,0.24229977035592248,False,False,True,3.996668910439699e-06,COMPLETE
778,0.3285558342933655,2025-04-16 17:35:45.758879,2025-04-16 17:36:08.648577,0 days 00:00:22.889698,0.7965037902436438,0.9412240593388006,2,0.06897909527655766,0.08903125639060376,0.06822122839592393,0.01925673502288539,0.07742880024668651,0.08740482605510709,5.431764547903915e-05,26,38,0.015051670491644388,0.2479500582389291,False,False,False,2.779579203081984e-06,COMPLETE
779,0.10346903651952745,2025-04-16 17:36:08.905896,2025-04-16 17:36:28.679967,0 days 00:00:19.774071,0.7320187997531319,0.9188560816229225,2,0.060401336024376515,0.10435783958370982,0.07023861623469038,0.02413568326407527,0.07396442186909287,0.08505017516937921,3.7791744018506626e-05,25,130,0.018514909663858527,0.25487278743876174,False,True,False,4.832006019403371e-06,COMPLETE
780,0.5308141827583314,2025-04-16 17:36:28.922504,2025-04-16 17:36:52.126635,0 days 00:00:23.204131,0.6934895847790941,0.959681071003901,2,0.070723692890767,0.09718757648166713,0.07320014621446819,0.025462408307685994,0.07092968428639185,0.09719915566165871,2.9672575385153538e-05,26,133,0.012861200367794557,0.2420496092069169,False,False,False,2.4866260936050845e-06,COMPLETE
781,0.5791952848434448,2025-04-16 17:36:52.381854,2025-04-16 17:37:16.700424,0 days 00:00:24.318570,0.8350364917246993,0.9816569503597936,2,0.06379444881419169,0.08698434326858412,0.07115243182316432,0.021540684017939654,0.06885702946327905,0.08894539054373435,4.56968383962803e-05,28,130,0.016770941030600266,0.23572797153779038,False,False,False,3.4361585446991056e-06,COMPLETE
782,0.5952632188796998,2025-04-16 17:37:16.960970,2025-04-16 17:37:40.203738,0 days 00:00:23.242768,0.7739664175358768,0.9376757567304945,2,0.07668960673270662,0.10763221405507158,0.06730246271639306,0.01914581484723503,0.06761112876180915,0.08230459725031267,5.5766275618572854e-05,26,138,0.014201244050358046,0.2546766050731573,False,False,False,1.943360920150776e-06,COMPLETE
783,0.5895244598388671,2025-04-16 17:37:40.446774,2025-04-16 17:38:04.862146,0 days 00:00:24.415372,0.7447480381446077,0.9005980908919458,2,0.04814782101822927,0.09381522217536815,0.07414135175153704,0.02336275924104085,0.07021034158790959,0.08577149781013269,3.565719659510923e-05,28,127,0.01210336761357268,0.2478821639696587,False,False,False,7.754318763279457e-07,COMPLETE
784,0.603252375125885,2025-04-16 17:38:05.120577,2025-04-16 17:38:28.775112,0 days 00:00:23.654535,0.71849228935278,0.9524724764233672,2,0.0724049388781831,0.09952604925468746,0.07263071839246361,0.026062456331460454,0.07392684141291767,0.08220667876018231,4.1482612253382745e-05,27,133,0.014665487317424855,0.23125541599260147,False,False,False,1.331660922035536e-06,COMPLETE
785,0.5124165534973145,2025-04-16 17:38:29.033937,2025-04-16 17:38:51.746813,0 days 00:00:22.712876,0.7082762646286961,0.9558538027990315,2,0.056507110912117686,0.09957811629675994,0.06878374475604268,0.02039313227400654,0.07698598033593612,0.0832216622928724,3.0185623458174355e-05,25,136,0.017327413867986228,0.23027383523628356,False,False,False,1.3531826138658662e-06,COMPLETE
