number,value,datetime_start,datetime_complete,duration,params_alpha-eval,params_alpha-train,params_batch-size,params_eps-eval,params_eps-train,params_lambda-actions-eval,params_lambda-actions-train,params_lambda-frames-eval,params_lambda-frames-train,params_learning-rate,params_n-epochs,params_n-frames,params_radius-gw,params_rho,params_std-feats,params_ub-actions,params_ub-frames,params_weight-decay,state
1800,0.426254415512085,2025-04-09 15:33:50.373599,2025-04-09 15:33:59.167856,0 days 00:00:08.794257,0.3304243006303291,0.06528051961490422,8,0.05251610182794396,0.02138217262632383,0.05007364075008063,0.0760751123769498,0.09154440773484646,0.011830629917201541,0.017424272576103093,21,6,0.011414243013948727,0.24592574156852381,False,False,True,0.0004816441301581771,COMPLETE
1801,0.26998858451843266,2025-04-09 15:33:59.772911,2025-04-09 15:34:07.390591,0 days 00:00:07.617680,0.3158845852556111,0.07003797588920121,16,0.04802387081315337,0.01366109246982009,0.053625734410600666,0.07999812624213003,0.09714071553295257,0.01708285425220495,0.027026232823954006,22,8,0.009055371399414617,0.24026236407325183,False,True,True,0.0004112874195861237,COMPLETE
1802,0.600727665424347,2025-04-09 15:34:07.977603,2025-04-09 15:34:15.708771,0 days 00:00:07.731168,0.31587917165089435,0.06430836865615268,16,0.056282252466642535,0.018202510374023623,0.05164781355781333,0.08074228683399554,0.09879013159452973,0.0163141442426757,0.02885494301047938,22,12,0.011987553846512306,0.25245285623922503,False,False,True,0.0005787900696503749,COMPLETE
1803,0.5872305631637573,2025-04-09 15:34:16.309634,2025-04-09 15:34:23.672116,0 days 00:00:07.362482,0.30546340257738636,0.05165848437364434,16,0.060597303191898974,0.008344931942389958,0.049729746254935814,0.08004795033932682,0.09488872965365394,0.018510279604418034,0.03430934234696856,17,11,0.014309117788046381,0.25613997029231683,False,False,True,0.0006360503712631462,COMPLETE
1804,0.44147253036499023,2025-04-09 15:34:24.258334,2025-04-09 15:34:33.186626,0 days 00:00:08.928292,0.3057728235561762,0.056981745086632535,8,0.05568982236434787,0.013653787927756334,0.047583443752302175,0.08077776537295789,0.0967526053281747,0.017057829618417824,0.024579138105831906,22,9,0.013537674204755806,0.25821873296391085,False,False,True,0.0006849645106341193,COMPLETE
1805,0.49958600997924807,2025-04-09 15:34:33.789232,2025-04-09 15:34:41.508723,0 days 00:00:07.719491,0.30402149786854105,0.055942251904045406,16,0.058924707015258954,0.023556240891864286,0.04861293982452846,0.08064902288817337,0.09510194137073665,0.015986058607388963,0.018514589245751348,22,13,0.012480892071626266,0.25059746414827344,False,False,True,0.00040099461767971863,COMPLETE
1806,0.3942522168159485,2025-04-09 15:34:42.100932,2025-04-09 15:34:49.334495,0 days 00:00:07.233563,0.3203343498140303,0.0664104821870643,16,0.05724028210234987,0.01812169747903513,0.05107135208896879,0.07358307727776361,0.0971901694717751,0.018742393677528373,0.019047853322533007,18,6,0.012390595141461885,0.2531453532888214,False,False,True,0.0007497788644736071,COMPLETE
1807,0.5749781727790833,2025-04-09 15:34:49.941347,2025-04-09 15:34:57.132133,0 days 00:00:07.190786,0.31004328735077025,0.053609126133771286,16,0.050714682962561625,0.025134209114627964,0.04844878847154846,0.07974100035223416,0.09491607836524724,0.013195052962986448,0.025927817289835516,16,10,0.014856343741394839,0.24315861143240988,False,False,True,0.0008457812373460623,COMPLETE
1808,0.5014431357383728,2025-04-09 15:34:57.744831,2025-04-09 15:35:06.363251,0 days 00:00:08.618420,0.3191005326495199,0.039540249367257294,8,0.05806290341025444,0.005515158424409637,0.05049057425090865,0.07799394189762412,0.0989150594715202,0.015279429132674318,0.023748482756432713,19,12,0.012572358316088477,0.25434399336643376,False,False,True,0.0007601997591473898,COMPLETE
1809,0.46625440120697026,2025-04-09 15:35:06.954327,2025-04-09 15:35:14.544615,0 days 00:00:07.590288,0.30298379958426025,0.07176876000869085,16,0.050668120773704285,0.012021018611440289,0.04672194923682827,0.07751709248697285,0.09516635805034308,0.0209279305748665,0.018956932527861556,20,14,0.014815870196923505,0.24235243573266171,False,False,True,0.0005685392225395607,COMPLETE
1810,0.43038744926452643,2025-04-09 15:35:15.155495,2025-04-09 15:35:22.707479,0 days 00:00:07.551984,0.29518473148375324,0.05653711567649349,16,0.062144569071354114,0.02171216765511068,0.05158611321100562,0.07621522814766368,0.09803216911180761,0.016342073007209294,0.023537347118527892,21,9,0.011171116596006933,0.25141536869905723,False,False,True,0.0005153605315107012,COMPLETE
1811,0.48172209262847904,2025-04-09 15:35:23.295087,2025-04-09 15:35:31.702072,0 days 00:00:08.406985,0.3080174555251851,0.042095552026386734,16,0.061053474144550327,0.025918671929825852,0.049007560539560416,0.07742088160372373,0.08505710215625974,0.022328399722391087,0.02151100744013506,22,14,0.010292653858982394,0.23414713319428154,False,False,False,0.0007232366374629428,COMPLETE
1812,0.47396051883697515,2025-04-09 15:35:32.314772,2025-04-09 15:35:39.470621,0 days 00:00:07.155849,0.5409827138112335,0.3415470718357192,16,0.05474599078531198,0.011206439114843165,0.05333332205771802,0.07958173991215481,0.09729048728031355,0.01960234397468821,0.027038808701029496,17,7,0.013772567095609966,0.24487450888327786,False,False,True,0.0008319265835928701,COMPLETE
1813,0.4898213505744934,2025-04-09 15:35:40.064210,2025-04-09 15:35:48.915749,0 days 00:00:08.851539,0.45896397026813834,0.08109208026873138,8,0.05496740543178286,0.01675333543168504,0.045349714248200855,0.07616172982891871,0.09937267434455593,0.019293046524378406,0.022930585476822207,21,12,0.012079043573128343,0.238268848658984,False,False,True,0.0005610834953892531,COMPLETE
1814,0.42471608519554144,2025-04-09 15:35:49.530401,2025-04-09 15:35:57.036195,0 days 00:00:07.505794,0.523558683082895,0.040263166361113746,16,0.04748910240604058,0.026956349384762907,0.04765693567612741,0.07793682899062228,0.0946786778957805,0.016417105648188407,0.019180711348386593,20,12,0.008037091830252864,0.26044639542744136,True,False,True,0.0005095847273095392,COMPLETE
1815,0.5161695837974549,2025-04-09 15:35:57.630722,2025-04-09 15:36:05.257651,0 days 00:00:07.626929,0.28920022378941457,0.0680288631173391,16,0.052060371125015,0.004142117434149406,0.049989248610550305,0.0782519947252295,0.09434190256538832,0.014522200943887308,0.016770072208754167,20,15,0.015036601988822826,0.2540678721980249,False,False,True,0.0004050094306364765,COMPLETE
1816,0.42283724546432494,2025-04-09 15:36:05.871707,2025-04-09 15:36:23.424622,0 days 00:00:17.552915,0.3298073582601167,0.08883049129396423,2,0.0446189447909826,0.018266435859756514,0.04635253834107871,0.07857164618072035,0.09522609423748958,0.04387064179518421,0.022357985710325816,22,5,0.010695704910212588,0.2397378935020814,False,False,True,0.0005778699483203006,COMPLETE
1817,0.49669865369796756,2025-04-09 15:36:24.022514,2025-04-09 15:36:31.803737,0 days 00:00:07.781223,0.3006212002861819,0.05876178516713245,16,0.05087476853916086,0.02758908624716741,0.054659454052777834,0.0748848055623276,0.09983813530714557,0.009354083115874958,0.02734276863858108,22,15,0.012672965631071544,0.248947890900936,False,False,True,0.0006304045287893848,COMPLETE
1818,0.45395020842552186,2025-04-09 15:36:32.393210,2025-04-09 15:36:41.382860,0 days 00:00:08.989650,0.2866837596025459,0.039319420589533874,8,0.04062803386970085,0.022389889616669344,0.050924288951963194,0.07870318672925516,0.09822238224342622,0.017826579039165007,0.028951344677997943,22,16,0.009157529102550209,0.23346632038273205,False,False,True,0.0009440482496600917,COMPLETE
1819,0.3461352527141571,2025-04-09 15:36:41.994128,2025-04-09 15:36:49.470145,0 days 00:00:07.476017,0.3273413442073451,0.0866948037432991,16,0.06225247999434999,0.01326317060546102,0.04877952216080048,0.08153363731221615,0.005526169867717064,0.013633587961773656,0.022570720523789927,19,10,0.014650017626929185,0.2453791896383366,False,True,True,0.0005387119490508361,COMPLETE
1820,0.5335622310638428,2025-04-09 15:36:50.083463,2025-04-09 15:36:58.032513,0 days 00:00:07.949050,0.30548375605126615,0.06565966254945256,16,0.04759628418275981,0.028314020575144164,0.04555063390588835,0.07918785858435899,0.09622278473008905,0.00908337935764701,0.027793219477836594,23,17,0.006107188341025204,0.25485433486294606,False,False,True,0.0004745356519586584,COMPLETE
1821,0.47478045225143434,2025-04-09 15:36:58.629701,2025-04-09 15:37:06.056062,0 days 00:00:07.426361,0.33178530339344764,0.03325928986368243,16,0.04553165901113057,0.019693820820606354,0.052689287319751275,0.08018571183836515,0.09383246232508521,0.01514130559666085,0.01466659536745968,18,12,0.011222083610688507,0.2469492291353843,False,False,True,0.0005256223779022877,COMPLETE
1822,0.38384570479393004,2025-04-09 15:37:06.671956,2025-04-09 15:37:14.592877,0 days 00:00:07.920921,0.29346483945551444,0.09601438546515419,16,0.0597399491626559,0.007811316434120197,0.04744339183053325,0.08165443358193747,0.09770428160926549,0.008894389304437129,0.02901172003591631,23,105,0.0731698657624951,0.2621638875097237,False,False,True,0.0009794992247893577,COMPLETE
1823,0.42517856359481815,2025-04-09 15:37:15.186585,2025-04-09 15:37:24.238515,0 days 00:00:09.051930,0.31550835040340297,0.5181638690208975,8,0.051648983723725235,0.0002542565037786885,0.049428723559956235,0.0821415269638666,0.09981878218336294,0.0778889964507171,0.029523335685321103,23,8,0.00884624534443293,0.23236271058516017,False,False,True,0.0004689111131857264,COMPLETE
1824,0.4907052397727967,2025-04-09 15:37:24.827487,2025-04-09 15:37:32.483875,0 days 00:00:07.656388,0.28305342947165263,0.057170222900808976,16,0.036132094693330466,0.02410939376040238,0.051530269422924824,0.08220335187407611,0.0940506894305641,0.01126551545537088,0.021264664614005863,20,17,0.014872616470938547,0.23983453644669822,False,False,True,0.00042830907776942814,COMPLETE
1825,0.4768877744674683,2025-04-09 15:37:33.100377,2025-04-09 15:37:40.431226,0 days 00:00:07.330849,0.31842799733509924,0.031294987426468725,16,0.04020304289048236,0.018824110090467933,0.04542235316297213,0.0823204118996164,0.09443460684596197,0.009140999861611153,0.030015248769566575,17,13,0.007935754234630298,0.25815612218779876,False,False,True,0.0006585573486970443,COMPLETE
1826,0.4757013440132141,2025-04-09 15:37:41.045768,2025-04-09 15:37:48.562729,0 days 00:00:07.516961,0.283562214558483,0.08467308573530685,16,0.051547614558336854,0.012704219842317087,0.05505907175136666,0.07986052493971965,0.00789601387261785,0.008713542467136575,0.025608224091067448,18,18,0.012302093096738785,0.24146676370234066,False,False,True,0.0004632261266539234,COMPLETE
1827,0.4471174001693726,2025-04-09 15:37:49.161265,2025-04-09 15:37:57.797342,0 days 00:00:08.636077,0.33816951573457393,0.05474815706866297,8,0.05610710036887603,0.02967024196129298,0.0474221669829791,0.08161704674654038,0.09139596901559861,0.014475540305209787,0.0319535857150761,19,15,0.010426515973827445,0.2506753454383627,False,False,True,0.0006713574060353883,COMPLETE
1828,0.5063491463661194,2025-04-09 15:37:58.421025,2025-04-09 15:38:05.655616,0 days 00:00:07.234591,0.3070251574902691,0.09791532125504457,16,0.04425063236561256,0.029434877284311163,0.04878385040772711,0.07651633077297404,0.09706947084606489,0.01103102271277418,0.03182791360520942,15,11,0.006298850897199296,0.2370012708411842,False,False,True,0.0005076167171200555,COMPLETE
1829,0.3481502294540405,2025-04-09 15:38:06.255237,2025-04-09 15:38:14.130282,0 days 00:00:07.875045,0.48761560039390706,0.03146378233567896,16,0.0416727679890599,0.23464487972086118,0.05364257493927507,0.07831152712736222,0.08815789096818415,0.017009252131788957,0.03138025861718376,23,15,0.013200897978583858,0.2461110559676185,False,False,True,0.00045075183853927723,COMPLETE
1830,0.41207066178321844,2025-04-09 15:38:14.720080,2025-04-09 15:38:21.817244,0 days 00:00:07.097164,0.32995544676682476,0.06848864521025579,16,0.04812440287661144,0.022130376064747534,0.05022811602914294,0.0837589934384883,0.00397350108693998,0.00859443715500341,0.02622843278227698,16,8,0.015246061314289372,0.23450852398724925,False,False,True,0.0003926669723244885,COMPLETE
1831,0.4638667464256287,2025-04-09 15:38:22.434300,2025-04-09 15:38:31.886577,0 days 00:00:09.452277,0.283549793014236,0.07657766386622326,8,0.037406314586423614,0.017083183505650724,0.04477843059537192,0.082351802419998,0.0915228410723084,0.013478768304422725,0.021812731185694937,20,12,0.009589758571525626,0.2557157651965745,False,False,False,0.0006836859693901038,COMPLETE
1832,0.46085143089294434,2025-04-09 15:38:32.501071,2025-04-09 15:38:40.004262,0 days 00:00:07.503191,0.3033601644846399,0.04434066408480446,16,0.05581311815365235,0.008486399349481158,0.0520486217640442,0.07910368949878455,0.08886741642146076,0.01118334761923967,0.03274074076727823,19,18,0.012215615251467233,0.24266863347238005,True,False,True,0.00044766356191481074,COMPLETE
1833,0.4713076710700989,2025-04-09 15:38:40.599567,2025-04-09 15:38:48.075559,0 days 00:00:07.475992,0.3365123826108683,0.09305324546319844,16,0.037895194228414954,0.026473242869410545,0.04708243779391294,0.08152955301045875,0.09637016120063048,0.041555286055791146,0.03122209776981773,19,10,0.005366460325912831,0.23241304078943043,False,False,True,0.0003882623447162844,COMPLETE
1834,0.44504874944686895,2025-04-09 15:38:48.669791,2025-04-09 15:38:56.380118,0 days 00:00:07.710327,0.2934013718266222,0.1056883030759395,16,0.051958283059662824,0.016061854340052376,0.05621090667198233,0.07878819425030639,0.09123256431235496,0.0534277917070607,0.0007068892824864013,21,14,0.013795344153745162,0.2652792712929775,False,False,True,0.0005473267321610884,COMPLETE
1835,0.6069800019264222,2025-04-09 15:38:56.997886,2025-04-09 15:39:04.488340,0 days 00:00:07.490454,0.26983362297926555,0.02861262748840487,16,0.04522066342501472,0.03163781916737113,0.04984680440189414,0.08042579678435474,0.09697587509692454,0.008668276128141365,0.03496824318761559,18,18,0.007653188771815627,0.23881702523923962,False,False,True,0.0003699758084053821,COMPLETE
1836,0.4504366636276246,2025-04-09 15:39:05.083839,2025-04-09 15:39:12.586873,0 days 00:00:07.503034,0.27758380428237,0.025288488465610538,16,0.04742268035789947,0.022735654333474208,0.0523704655726233,0.07580919092336542,0.0931228062801432,0.025394836942334145,0.02506626707993807,18,16,0.011390228621401773,0.24191811544702213,False,False,True,0.0006028648199615115,COMPLETE
1837,0.4979032278060913,2025-04-09 15:39:13.204683,2025-04-09 15:39:20.941071,0 days 00:00:07.736388,0.3074676533151116,0.030270448825636023,16,0.04425676355588225,0.03010580895554944,0.054322230487130224,0.07683745726609394,0.09747953349207916,0.011637190994351876,0.020430002076170642,19,18,0.009214813422618292,0.23057031001113482,False,False,True,0.000421200555568255,COMPLETE
1838,0.49321643114089964,2025-04-09 15:39:21.566362,2025-04-09 15:39:29.070307,0 days 00:00:07.503945,0.2867261559218437,0.0318417155023623,16,0.06031008640608671,0.021591344229939264,0.050820536351925176,0.07471888894679495,0.09975551212659904,0.012377234878017564,0.011896508579531586,18,19,0.015319239855759677,0.23772394176173817,False,False,True,0.0005211959165484218,COMPLETE
1839,0.3506493866443634,2025-04-09 15:39:29.667216,2025-04-09 15:39:37.178776,0 days 00:00:07.511560,0.31230083618733395,0.05229354818766707,16,0.052973121173744274,0.010343457711230825,0.053329760615793004,0.08033407710394593,0.09650021699317846,0.010300127375600796,0.02673296386077821,18,18,0.010821096571291456,0.23251019552951704,False,True,True,0.00037793595046491644,COMPLETE
1840,0.4665380120277405,2025-04-09 15:39:37.802553,2025-04-09 15:39:45.385431,0 days 00:00:07.582878,0.28925336330383483,0.02173438905582386,16,0.03611574628382695,0.01555750897880467,0.05114372650939209,0.07908444931887747,0.09994686924876649,0.013255111571096628,0.03412982518651647,19,18,0.015919940966619372,0.23890128911920336,False,False,True,0.0007366967575243741,COMPLETE
1841,0.4974735140800476,2025-04-09 15:39:45.983894,2025-04-09 15:39:53.561232,0 days 00:00:07.577338,0.26877557593565066,0.06560041887953148,16,0.042541102946437113,0.026108821669362698,0.05621384292536409,0.08031833582313046,0.08598597593473253,0.008964256588752073,0.03079635328749952,20,19,0.09152246625200315,0.24988812100906946,False,False,True,0.00045244094772290734,COMPLETE
1842,0.533122718334198,2025-04-09 15:39:54.184411,2025-04-09 15:40:01.541702,0 days 00:00:07.357291,0.33134948031281397,0.11105721749139214,16,0.04051123394003405,0.031674065971279856,0.04961276848341085,0.07668292898159018,0.09819898919460243,0.009311941358882305,0.035978778953628866,16,19,0.012362467142909853,0.2304043686950044,False,False,True,0.0005927579798236947,COMPLETE
1843,0.4097126245498658,2025-04-09 15:40:02.139631,2025-04-09 15:40:09.234922,0 days 00:00:07.095291,0.31123903700870076,0.294433237232305,16,0.0483300674302598,0.004889915058967437,0.05221358006093579,0.08122718005707691,0.09642769180131033,0.01150996155984593,0.017231178614963684,17,5,0.0077917319045743595,0.24491761803912185,False,False,True,0.0004109236184733473,COMPLETE
1844,0.42575633525848394,2025-04-09 15:40:09.859400,2025-04-09 15:40:17.435720,0 days 00:00:07.576320,0.4578074214041631,0.043946820844542316,16,0.061263126681720556,0.021562854519339147,0.04908414047651633,0.07826394861621938,0.09885539208401045,0.015041084404434815,0.02436793201825786,18,83,0.013926556180229532,0.2411439794187599,False,False,True,0.0003603159773448484,COMPLETE
1845,0.4957633972167969,2025-04-09 15:40:18.028924,2025-04-09 15:40:25.528979,0 days 00:00:07.500055,0.2873888886088611,0.07679662025452515,16,0.03714311124054748,0.01514193690088595,0.054694111637180604,0.08059579761451309,0.09415618434069471,0.010352782546960124,0.03300758992903032,18,19,0.009231139788777553,0.2354238536812655,False,False,True,0.0005348311985976103,COMPLETE
1846,0.49146337509155275,2025-04-09 15:40:26.154139,2025-04-09 15:40:33.550885,0 days 00:00:07.396746,0.32694384441698043,0.05398881187194371,16,0.05560928582280572,0.02938633754621765,0.05033906175926377,0.07714588108805755,0.09899631905932092,0.008589064059680828,0.027193640174797556,17,15,0.015296174189244064,0.24852503213468025,False,False,True,0.0003511174917841429,COMPLETE
1847,0.6099781751632691,2025-04-09 15:40:34.153112,2025-04-09 15:40:41.667152,0 days 00:00:07.514040,0.2796293175619739,0.02425656964134909,16,0.045698018860964446,0.02311668058363262,0.05267708491134267,0.07924401771334107,0.09373255067115385,0.011114644635790559,0.03819733784399509,19,19,0.010613708255237655,0.23798609275919202,False,False,True,0.0007665199720318334,COMPLETE
1848,0.6041722655296325,2025-04-09 15:40:42.285716,2025-04-09 15:40:49.858673,0 days 00:00:07.572957,0.2644000024359314,0.02123729016007055,16,0.03178688744768619,0.032145778012573525,0.055652870930672296,0.07751380847603699,0.09403360064154966,0.010777646714711386,0.0407204638198769,19,19,0.008026934855390216,0.2329021526187721,False,False,True,0.0009788312884473232,COMPLETE
1849,0.6103028893470764,2025-04-09 15:40:50.484427,2025-04-09 15:40:58.094281,0 days 00:00:07.609854,0.26125555323715416,0.015329001707139446,16,0.029875149157117878,0.03312771655760104,0.056175576482548784,0.07557028728885583,0.09274489672869099,0.009478095664298865,0.03633966028325512,19,18,0.006847815334830207,0.229439168899601,False,False,True,0.0008342649812904216,COMPLETE
1850,0.4692867279052735,2025-04-09 15:40:58.699548,2025-04-09 15:41:06.725707,0 days 00:00:08.026159,0.25413401457177165,0.015976664385313963,16,0.034433600696050656,0.03134819908188259,0.052586319151342806,0.07249925918942196,0.09321402935746582,0.010527421764579964,0.035318042730800414,19,19,0.005689826808951939,0.22742539867273445,False,False,False,0.0008791618461271932,COMPLETE
1851,0.5959618568420411,2025-04-09 15:41:07.353328,2025-04-09 15:41:14.835442,0 days 00:00:07.482114,0.2630570171102645,0.013537858854991654,16,0.027814895661946816,0.030824189986182422,0.057225850226703096,0.07621809971092701,0.09123619311510577,0.009991107647929015,0.034735724367565966,18,17,0.0057165984096672565,0.2281655055293361,False,False,True,0.0008635119334182705,COMPLETE
1852,0.5969767570495605,2025-04-09 15:41:15.439061,2025-04-09 15:41:22.951752,0 days 00:00:07.512691,0.2640973968375926,0.011832761097992469,16,0.02416199166988815,0.032740806607739176,0.05622965811683636,0.07444422290207947,0.09444654271728063,0.00988278255862125,0.03531532601767107,18,19,0.0038497746216936196,0.2274420330678777,False,False,True,0.0009102156572820286,COMPLETE
1853,0.4519784510135651,2025-04-09 15:41:23.570312,2025-04-09 15:41:31.309386,0 days 00:00:07.739074,0.2606851136923624,0.020738879574480257,16,0.026852533323948907,0.03222853930237029,0.0568216725579163,0.0750445737847649,0.09387264385905626,0.010808553984071536,0.037234163061867706,20,17,0.006319335548383239,0.22760688093629863,True,False,True,0.0006098011203417159,COMPLETE
1854,0.5381250023841858,2025-04-09 15:41:31.910219,2025-04-09 15:41:39.484061,0 days 00:00:07.573842,0.26051333289822415,0.013980453488657455,16,0.03038309015715352,0.03230208411195942,0.05570073187750388,0.07741133237041993,0.09158748754750884,0.008801730932900058,0.03554584274799227,19,19,0.006413782325335029,0.23561939928613185,False,False,True,0.0007511732647257391,COMPLETE
1855,0.4687432527542114,2025-04-09 15:41:40.103479,2025-04-09 15:41:47.674453,0 days 00:00:07.570974,0.26031374934942764,0.015173600467780927,16,0.02911982067084011,0.025837084138811035,0.05613809926583935,0.07237444723523008,0.09169521079189459,0.010977704992793918,0.02875354017600601,19,17,0.006932909788915152,0.22923364543309024,False,False,True,0.0007715396661148331,COMPLETE
