number,value,datetime_start,datetime_complete,duration,params_alpha-eval,params_alpha-train,params_batch-size,params_eps-eval,params_eps-train,params_lambda-actions-eval,params_lambda-actions-train,params_lambda-frames-eval,params_lambda-frames-train,params_learning-rate,params_n-epochs,params_n-frames,params_radius-gw,params_rho,params_std-feats,params_ub-actions,params_ub-frames,params_weight-decay,state
1856,0.5960130333900452,2025-04-09 15:41:48.282292,2025-04-09 15:41:55.864048,0 days 00:00:07.581756,0.2484627207470594,0.02268401012537539,16,0.032020184935305784,0.027565404979170424,0.0580407310735992,0.0713354850425555,0.09227173459064023,0.008518015538083745,0.036906506171698585,19,18,0.004126173793134581,0.23135463118863567,False,False,True,0.0008970052418308212,COMPLETE
1857,0.5044754505157472,2025-04-09 15:41:56.484099,2025-04-09 15:42:04.133871,0 days 00:00:07.649772,0.2731130275610012,0.011719531198993348,16,0.02308622400165719,0.03258220318958467,0.05744551485640528,0.07649142720278011,0.09191908879546021,0.008665936668826814,0.03972552739540488,19,19,0.008018878333537911,0.22867230155329904,False,False,True,0.0008168312040795833,COMPLETE
1858,0.3527160227298737,2025-04-09 15:42:04.761907,2025-04-09 15:42:12.279214,0 days 00:00:07.517307,0.25418701192618,0.01132843450196908,16,0.024009557560758704,0.026841245762434386,0.05707740561314151,0.07625046444045308,0.09488794066820005,0.010303161806943226,0.03019943420492558,19,16,0.0073122105953478305,0.230721225399181,False,True,True,0.0007751484964476239,COMPLETE
1859,0.5118119478225709,2025-04-09 15:42:12.880468,2025-04-09 15:42:20.440524,0 days 00:00:07.560056,0.27052665974370943,0.02268383938036401,16,0.016013241194925643,0.03347620935856753,0.05854668069801204,0.07358603137098994,0.09286764303855277,0.012123342691133653,0.03065711155446552,19,19,0.0052092652981388056,0.2393132576630978,False,False,True,0.0007307311778613885,COMPLETE
1860,0.5595065951347351,2025-04-09 15:42:21.069146,2025-04-09 15:42:28.734785,0 days 00:00:07.665639,0.2740828576619403,0.033756771012929024,16,0.032203553097042745,0.026186919054734813,0.05514138291165857,0.07605540185263937,0.0938060165780058,0.011048465877256178,0.040017018308397816,19,20,0.004238034993966804,0.23046596935669408,False,False,True,0.0008451558867504444,COMPLETE
1861,0.46413185596466067,2025-04-09 15:42:29.339929,2025-04-09 15:42:36.945301,0 days 00:00:07.605372,0.27182314606272445,0.02709968606951085,16,0.035725197294272246,0.032603243883105315,0.057604042776705375,0.07373620102770637,0.09352380681977723,0.008534828224851927,0.03897938789006742,19,17,0.007300653411598225,0.22439737105033108,False,False,True,0.0009924332737098825,COMPLETE
1862,0.577079725265503,2025-04-09 15:42:37.548238,2025-04-09 15:42:44.975854,0 days 00:00:07.427616,0.2454092952008415,0.028607810739689314,16,0.017622568700848572,0.023995044747295524,0.055645977703923905,0.07737927802069305,0.08975217271496067,0.01254499308291504,0.032166621375409384,18,15,0.0067531158814893456,0.23301832462613675,False,False,True,0.000986348159900362,COMPLETE
1863,0.30870442986488345,2025-04-09 15:42:45.598595,2025-04-09 15:42:53.305101,0 days 00:00:07.706506,0.26666196973696643,0.010022479320749011,16,0.021858984101339317,0.15568170123762493,0.05656486136652309,0.07870502777135381,0.09298610304754422,0.008605937326605596,0.0405303926271149,20,20,0.0069458363167387,0.233252983721128,False,False,True,0.000850748855393692,COMPLETE
1864,0.4833917737007142,2025-04-09 15:42:53.939223,2025-04-09 15:43:01.483736,0 days 00:00:07.544513,0.2481301746014154,0.026226151079124592,16,0.034419005570317324,0.034064975843437734,0.056985909561272634,0.07860710570485627,0.0936672693557642,0.009749608386770001,0.026180265115730465,19,15,0.009628153180030869,0.2257912765175444,False,False,True,0.0008322793501179713,COMPLETE
1865,0.5996417045593262,2025-04-09 15:43:02.084732,2025-04-09 15:43:09.528682,0 days 00:00:07.443950,0.27616853642992956,0.03177181465862929,16,0.029664968494860472,0.026419830355674395,0.0550004328052983,0.077086434334813,0.09331190850263833,0.012668498430143869,0.034421725401989026,18,16,0.005061083045456922,0.23453268150560116,False,False,True,0.0008423409840584093,COMPLETE
1866,0.5876095056533814,2025-04-09 15:43:10.159407,2025-04-09 15:43:17.826868,0 days 00:00:07.667461,0.25484058057192377,0.02830464107698627,16,0.039793406192339655,0.023934656475268594,0.05881799532608003,0.07796186638112808,0.08945918076756584,0.009055910309846737,0.039956023527223855,20,20,0.0040320654420431075,0.23054088159417063,False,False,True,0.000996283086848534,COMPLETE
1867,0.48615647554397584,2025-04-09 15:43:18.427220,2025-04-09 15:43:25.910330,0 days 00:00:07.483110,0.24389822663912758,0.029219009863001237,16,0.031457150293660405,0.030804715742022898,0.05691767387038676,0.08087552175697424,0.09609282597069864,0.011565793238336206,0.030254629085379903,19,15,0.008961842460764424,0.23432081201109872,False,False,True,0.0007596281519239836,COMPLETE
1868,0.571338415145874,2025-04-09 15:43:26.537339,2025-04-09 15:43:34.027425,0 days 00:00:07.490086,0.2740522774553106,0.03335240779989387,16,0.03942181758662958,0.02076378033081352,0.05800124096449447,0.07525878252348324,0.09540741997774149,0.010575384712002327,0.04102400856140344,18,20,0.008641294730754081,0.22379372044792137,False,False,True,0.0007650197778679741,COMPLETE
1869,0.5164117932319641,2025-04-09 15:43:34.654091,2025-04-09 15:43:53.565559,0 days 00:00:18.911468,0.24855192261092335,0.011665129933365683,2,0.01981691480454645,0.028930517946805998,0.05537561052975828,0.07433651749361359,0.09253536752328204,0.008324694427922708,0.03403148930193243,19,18,0.008363272857241913,0.2363602708311075,False,False,False,0.000881704407515615,COMPLETE
1870,0.3629119336605072,2025-04-09 15:43:54.171779,2025-04-09 15:44:01.622257,0 days 00:00:07.450478,0.2859230998385761,0.03273528598957911,16,0.027229792219627867,0.25038827457951307,0.05360179405574732,0.07591970492124016,0.09355333802992317,0.008230075957352886,0.04131660653714244,18,20,0.008426827297256172,0.23095185573182503,False,False,True,0.0007667622345924739,COMPLETE
1871,0.3892939031124115,2025-04-09 15:44:02.220256,2025-04-09 15:44:09.879812,0 days 00:00:07.659556,0.27963640462023487,0.03764526890611061,16,0.036188753038894315,0.0349781630102545,0.0543636148494596,0.07428298199885713,0.09545744656104171,0.012640701064347577,0.024377275459853912,20,14,0.005216056048732131,0.23663982120062244,True,False,True,0.0009451374714409672,COMPLETE
1872,0.4244544327259064,2025-04-09 15:44:10.506000,2025-04-09 15:44:18.155895,0 days 00:00:07.649895,0.26140565536374805,0.010958018134687976,16,0.04206139002439503,0.021096823071515704,0.05562039328459477,0.07851398769861394,0.09261153955161133,0.008553483156725957,0.006413341702694445,19,75,0.010298683199690517,0.22453465907596065,False,False,True,0.0005591290652036776,COMPLETE
1873,0.413451898097992,2025-04-09 15:44:18.789944,2025-04-09 15:44:26.260920,0 days 00:00:07.470976,0.23622932783571765,0.034548101226873455,16,0.038640468327902015,0.03524160288212306,0.05409741986787401,0.07414737379626446,0.08973613369835602,0.010605888003703998,0.04271876876949914,18,17,0.006846945005960926,0.23059865882833436,False,False,True,0.0009486615216548203,COMPLETE
1874,0.5610129952430726,2025-04-09 15:44:26.872205,2025-04-09 15:44:34.476896,0 days 00:00:07.604691,0.28484585474173535,0.01110556296098715,16,0.03346575178101798,0.02692302122945292,0.05436193211063253,0.07019901918030903,0.09563499234244559,0.01316293305854523,0.03548567297428922,20,20,0.009306462556822112,0.23718630477109046,False,False,True,0.0006911630080382575,COMPLETE
1875,0.47654972076416013,2025-04-09 15:44:35.118693,2025-04-09 15:44:42.653467,0 days 00:00:07.534774,0.2597626525747175,0.03136329863182318,16,0.04397387430002191,0.020244152865809977,0.057793033515323174,0.0757612646859527,0.09001932870367396,0.007861058380493753,0.03013833664971688,19,14,0.010038753750831925,0.2280533719453713,False,False,True,0.0008648408178225596,COMPLETE
1876,0.6005825996398926,2025-04-09 15:44:43.262731,2025-04-09 15:44:50.809332,0 days 00:00:07.546601,0.23646461371706134,0.010329925643466213,16,0.03096173138228521,0.028800911060951576,0.05623334502205995,0.07278341767027433,0.09077827263078253,0.011008076318733687,0.04275592291449765,19,16,0.00463542517663745,0.23421776469335132,False,False,True,0.0009664575043003244,COMPLETE
1877,0.2811049401760101,2025-04-09 15:44:51.441448,2025-04-09 15:44:58.904270,0 days 00:00:07.462822,0.29296972171259683,0.04242439023186892,16,0.02661031664346645,0.0173313575268512,0.05919106070559656,0.07881232195189664,0.09522218823692882,0.008428611874367973,0.03405465256436759,18,20,0.0035410568248832744,0.2244236665578173,False,True,True,0.0006704873520388303,COMPLETE
1878,0.4451807737350464,2025-04-09 15:44:59.541108,2025-04-09 15:45:07.220295,0 days 00:00:07.679187,0.275452904510663,0.039113064383843786,16,0.044060129222936444,0.033461518491810095,0.05386044033252564,0.07963039177485373,0.09594726094971127,0.011382345356855759,0.04389615903682243,20,17,0.007539668033356994,0.23998933097134076,False,False,True,0.0007171666491123036,COMPLETE
1879,0.4702134251594544,2025-04-09 15:45:07.835573,2025-04-09 15:45:15.311531,0 days 00:00:07.475958,0.24338891105410512,0.010688160763519215,16,0.04122647800830729,0.023052798119484363,0.05419564791551978,0.07620482848997037,0.09060289134486652,0.007827311961339917,0.027352257867239334,18,20,0.008113283078662365,0.23604665808104947,False,False,True,0.0007247620912312146,COMPLETE
1880,0.46633286476135255,2025-04-09 15:45:15.951548,2025-04-09 15:45:23.326689,0 days 00:00:07.375141,0.29025067423818673,0.028029793600753132,16,0.03508780106003034,0.026460640553101364,0.05487686700165509,0.07913249636915194,0.09682184012974297,0.009768919595352966,0.04518147980459352,17,14,0.01010400170246954,0.22111928922284277,False,False,True,0.0009701820453439358,COMPLETE
1881,0.3311013698577881,2025-04-09 15:45:23.939777,2025-04-09 15:45:31.596492,0 days 00:00:07.656715,0.26481208605664724,0.0100773260771126,16,0.024682711602057462,0.013093534876979226,0.05294860726221701,0.07743704756381609,0.09142176281929175,0.012908361468174036,0.037133957251767595,19,20,0.005860953719604281,0.08965071257225855,False,False,True,0.0009411759171741654,COMPLETE
1882,0.4520482361316681,2025-04-09 15:45:32.236688,2025-04-09 15:45:39.693772,0 days 00:00:07.457084,0.048932057021352754,0.04008467385438288,16,0.045371256603519164,0.035127429931107894,0.05940893451099195,0.07228593947840951,0.09429641831762448,0.008084491828758294,0.04347828190931361,18,17,0.008266357180095588,0.24000284573941133,False,False,True,0.0009811345215509936,COMPLETE
1883,0.4443064630031586,2025-04-09 15:45:40.308329,2025-04-09 15:45:47.936595,0 days 00:00:07.628266,0.2564390375342174,0.044436855007321405,16,0.036511713423566024,0.018477977890091292,0.053226313802565914,0.077861890054707,0.09198484106798922,0.01111403706093572,0.03528391068871711,19,119,0.0027119661064995294,0.23430492288035445,False,False,True,0.0009726380586204535,COMPLETE
1884,0.48584598302841187,2025-04-09 15:45:48.573639,2025-04-09 15:45:56.173857,0 days 00:00:07.600218,0.2897771985675662,0.04235324054612204,16,0.017020629021312,0.028647075596633063,0.05778341039129162,0.08033979101583495,0.0891676011516164,0.008069069080304034,0.027469284425475186,20,13,0.010212495985218803,0.2278541551863316,False,False,True,0.0009153667195248164,COMPLETE
1885,0.5725871086120605,2025-04-09 15:45:56.790154,2025-04-09 15:46:04.379904,0 days 00:00:07.589750,0.23198012838475163,0.03689700750524098,16,0.030161153600267863,0.02213716736716457,0.055360960339870736,0.07387646845328831,0.090424228910837,0.01360085009564402,0.046373309344455896,19,20,0.010157297349783118,0.23852318647462778,False,False,True,0.0006029707359446299,COMPLETE
1886,0.5144324421882629,2025-04-09 15:46:04.992324,2025-04-09 15:46:12.527557,0 days 00:00:07.535233,0.27158271460258576,0.04672958470305158,16,0.038992623026286324,0.03615384846611797,0.07657016444686868,0.07874463763968866,0.09401953418275805,0.010377101787707219,0.024116478555417896,18,18,0.007739381155116878,0.2303751653702414,False,False,True,0.0007377082518998325,COMPLETE
1887,0.4310488998889923,2025-04-09 15:46:13.160234,2025-04-09 15:46:21.234915,0 days 00:00:08.074681,0.2500357106389094,0.010388743538300563,16,0.04710018661794543,0.010887888929907587,0.052433982835013465,0.07493946393457518,0.08850275343195108,0.007628966160704168,0.038925268215777895,19,16,0.005587357162344362,0.2381989299923023,False,False,False,0.0007307147969243362,COMPLETE
1888,0.3269125103950501,2025-04-09 15:46:21.876623,2025-04-09 15:46:38.933550,0 days 00:00:17.056927,0.28060569595484713,0.7566402063431392,2,0.03643101943386076,0.03075406527071688,0.05346881778302842,0.07027765257114063,0.09540343246154542,0.009742023071439392,0.04510315373534591,20,21,0.011015949055376908,0.2427617470323804,False,False,True,0.0006296798733089866,COMPLETE
1889,0.43684350252151494,2025-04-09 15:46:39.547630,2025-04-09 15:46:47.141172,0 days 00:00:07.593542,0.2977803348091632,0.045071820639393,16,0.04691999998229354,0.023550852093597346,0.05630078528687797,0.07694388551230641,0.09238201899295578,0.012218775211513128,0.034308541391870895,18,98,0.007124016884784194,0.22977968038665555,False,False,True,0.0006770437030683934,COMPLETE
1890,0.5656534075737,2025-04-09 15:46:47.778241,2025-04-09 15:46:55.431599,0 days 00:00:07.653358,0.24693345582192547,0.02477735472484906,16,0.04271869704256328,0.016177289195817478,0.053778855122679006,0.07898636319002295,0.09595405848009468,0.014136920567774602,0.030457568446405594,20,15,0.01259571018391837,0.22188588930219685,False,False,True,0.000711342432395995,COMPLETE
1891,0.25832741856575014,2025-04-09 15:46:56.045944,2025-04-09 15:47:03.550447,0 days 00:00:07.504503,0.2704570672809916,0.043828627243062565,16,0.026028819770058977,0.2850036931685603,0.0521166725603786,0.07952273041459822,0.09132789822772264,0.007998157310726884,0.04774389076675345,17,21,0.009114279274824904,0.23473515069412879,True,False,True,0.0006746192306039171,COMPLETE
1892,0.30474228858947755,2025-04-09 15:47:04.181571,2025-04-09 15:47:11.885712,0 days 00:00:07.704141,0.2265268932576288,0.030735965665639693,16,0.03308585369388248,0.033673816165355,0.05560790662626764,0.07718031161483421,0.08840682032424864,0.009985455198896504,0.03661816558085879,20,14,0.01036155737670474,0.2384060239412204,False,False,True,0.0005367055649326336,COMPLETE
1893,0.4817800045013428,2025-04-09 15:47:12.528411,2025-04-09 15:47:20.008267,0 days 00:00:07.479856,0.058048561704812186,0.04981995127745918,16,0.02122738075400269,0.025431478093231243,0.051577096910031636,0.08054816669434053,0.09508989443934404,0.007647718120641769,0.02174392636605786,18,18,0.00420916280871292,0.24305628849996044,False,False,True,0.0006845126060916144,COMPLETE
1894,0.46677219867706304,2025-04-09 15:47:20.627048,2025-04-09 15:47:28.020207,0 days 00:00:07.393159,0.287790910193354,0.04799637149982199,16,0.04936882782137381,0.018923847047324402,0.05673178154374292,0.07470547888559657,0.09284178829997515,0.012402449333089809,0.04450791596395798,18,12,0.01206206903492563,0.2294861040226965,False,False,True,0.000623323132455597,COMPLETE
1895,0.2043279439210892,2025-04-09 15:47:28.658735,2025-04-09 15:47:36.170476,0 days 00:00:07.511741,0.23597497229187236,0.028227418962367874,16,0.01212481211835606,0.008658351088712086,0.05287637646882401,0.08131185849856336,0.09357188496264378,0.010916141486403236,0.030532973037590547,19,19,0.09684150464232097,0.24213036016215797,False,True,True,0.0009670336616687034,COMPLETE
1896,0.6350884199142457,2025-04-09 15:47:36.788629,2025-04-09 15:47:44.239222,0 days 00:00:07.450593,0.2677210681928234,0.02560616085505712,16,0.04016335147760732,0.029156414744662622,0.059646168338870716,0.0780206113170922,0.0967502146496046,0.007827575977648523,0.04744173997499192,18,21,0.006922248703067648,0.22634888864055122,False,False,True,0.0009758701057617687,COMPLETE
1897,0.49335367679595954,2025-04-09 15:47:44.875059,2025-04-09 15:47:52.297941,0 days 00:00:07.422882,0.2557823725178186,0.02532142103718576,16,0.040665220096230935,0.021333496416060815,0.0595578987289808,0.07532435741832974,0.09725635796032123,0.00966878887336714,0.038593773767635536,17,17,0.00381864390295373,0.21759395976962004,False,False,True,0.0009490177085294373,COMPLETE
1898,0.43949236869812014,2025-04-09 15:47:52.916517,2025-04-09 15:48:00.473565,0 days 00:00:07.557048,0.29757755550582343,0.010660927649616592,16,0.03240048714061718,0.015403886285639422,0.06111096604926598,0.07831105608892004,0.09791159724481133,0.011548784372867878,0.030366213719711804,18,14,0.0028507367230793832,0.22024505291175656,False,False,True,0.0009669538891297736,COMPLETE
1899,0.4944559693336487,2025-04-09 15:48:01.107453,2025-04-09 15:48:08.497244,0 days 00:00:07.389791,0.22749498980673283,0.02599865612794609,16,0.0378525039943948,0.02595203400114892,0.05956352973441313,0.07867347748464262,0.0010086443867128349,0.013368344831127138,0.009046476064847247,17,17,0.006778817598853574,0.22146049088868766,False,False,True,0.0009623564205908077,COMPLETE
1900,0.612196969985962,2025-04-09 15:48:09.139958,2025-04-09 15:48:16.713746,0 days 00:00:07.573788,0.26684553204367695,0.02807050253419118,16,0.04308791270203163,0.021105809672180433,0.061225382006900135,0.07749882769752191,0.0966906565740355,0.009331875733333297,0.038217378286608844,19,21,0.0069973610280007256,0.22370810482321307,False,False,True,0.0009821011257020794,COMPLETE
1901,0.6161929726600648,2025-04-09 15:48:17.336498,2025-04-09 15:48:24.839105,0 days 00:00:07.502607,0.24702049203025664,0.010486428730585614,16,0.051819367404487886,0.026427490252172392,0.05996478742736439,0.07457216293093356,0.09712762197044307,0.008949628240426933,0.025833338351671405,18,20,0.002291203307022523,0.21207917980882263,False,False,True,0.0009799491467427498,COMPLETE
1902,0.49296472072601316,2025-04-09 15:48:25.481448,2025-04-09 15:48:32.989156,0 days 00:00:07.507708,0.24822144031770618,0.010065107865679882,16,0.046026117724832796,0.02989191362790681,0.06432355986379605,0.07534817241215713,0.09777351090740741,0.008299373991813328,0.016515999416063753,18,21,0.0020253578853664123,0.21711874995199731,False,False,True,0.0009794622336909656,COMPLETE
1903,0.5850687980651856,2025-04-09 15:48:33.610921,2025-04-09 15:48:41.008981,0 days 00:00:07.398060,0.24275976882339592,0.010235977080881344,16,0.044645763486098854,0.029745556531639798,0.062000917444669366,0.07190204387931012,0.09768306538343187,0.008142953604928657,0.021709350607747428,17,20,0.01250459807573773,0.21657757560832047,False,False,True,0.0008708462820356074,COMPLETE
1904,0.4931372880935669,2025-04-09 15:48:41.652942,2025-04-09 15:48:49.159385,0 days 00:00:07.506443,0.23359033208825827,0.014575479934096929,16,0.05020861608948048,0.02911993160367087,0.06301040050918823,0.0737303184529367,0.09343633754754684,0.009418006810847833,0.020175542161387453,18,21,0.0017736058765201639,0.21416171521220254,False,False,True,0.0009846996102366831,COMPLETE
1905,0.43751973509788517,2025-04-09 15:48:49.798698,2025-04-09 15:49:05.688335,0 days 00:00:15.889637,0.2532533603451214,0.011740406506968075,2,0.0513400191670485,0.029332074166395328,0.06558499389568549,0.07271463124754382,0.09644464894075597,0.008093476914308412,0.02619526069502471,18,22,0.003312465408592368,0.20991296252984565,False,False,True,0.000867034319710205,COMPLETE
1906,0.5408279418945313,2025-04-09 15:49:06.316606,2025-04-09 15:49:13.753809,0 days 00:00:07.437203,0.23203606132791654,0.027501972822768304,16,0.04261882326495441,0.033427414401715976,0.0600262391367798,0.07154998936776044,0.09745204068670478,0.009719559011657778,0.030887836358641854,17,20,0.0033956444831086787,0.21853360846681988,False,False,True,0.0007653504239735792,COMPLETE
1907,0.6012545585632325,2025-04-09 15:49:14.405930,2025-04-09 15:49:21.926040,0 days 00:00:07.520110,0.7052281768342297,0.010326443277182042,16,0.04131688836640929,0.02480491858083509,0.0607766329991461,0.07476837212118378,0.09633414355621948,0.007853203653904642,0.03462366801957142,18,21,0.0038994164379801853,0.21531364010818152,False,False,True,0.0008371584195830696,COMPLETE
1908,0.45604250431060794,2025-04-09 15:49:22.547937,2025-04-09 15:49:30.432331,0 days 00:00:07.884394,0.0228122315205155,0.023720223311189573,16,0.04677870821150146,0.03467631980565321,0.06237146034085516,0.06959321042831082,0.09741690292255432,0.00975851343451253,0.028563961085161692,17,21,0.0058967966185754315,0.22097989126239279,False,False,False,0.0008327902236148778,COMPLETE
1909,0.39086538553237915,2025-04-09 15:49:31.078228,2025-04-09 15:49:38.480948,0 days 00:00:07.402720,0.26126642159790703,0.027187550256331867,16,0.039309828483883466,0.025763248653773257,0.06205100366887384,0.06906549616895913,0.0970183580955073,0.007426947562253583,0.02546589057850624,18,21,0.0031716689047744983,0.22109125971456453,True,False,True,0.0009409966876748169,COMPLETE
1910,0.47206852436065677,2025-04-09 15:49:39.107552,2025-04-09 15:49:46.618596,0 days 00:00:07.511044,0.22632618151621603,0.02691216409640655,16,0.02976012618063967,0.02240812103332189,0.06495479470724358,0.07322808308259679,0.09612899529332668,0.007564291942853101,0.021061739566050466,19,21,0.0014390023095411895,0.2243637973367873,False,False,True,0.0007882901119919952,COMPLETE
1911,0.4834362864494324,2025-04-09 15:49:47.261400,2025-04-09 15:49:54.709520,0 days 00:00:07.448120,0.25025688287517145,0.026225193323720877,16,0.04796809154124514,0.035384103770692524,0.06681099881510477,0.07598955558406272,0.0979671615057749,0.06846293984394344,0.014599122222411562,18,21,0.001850624327544286,0.22023243567318893,False,False,True,0.0009574656978955384,COMPLETE
