number,value,datetime_start,datetime_complete,duration,params_alpha-eval,params_alpha-train,params_batch-size,params_eps-eval,params_eps-train,params_lambda-actions-eval,params_lambda-actions-train,params_lambda-frames-eval,params_lambda-frames-train,params_learning-rate,params_n-epochs,params_n-frames,params_radius-gw,params_rho,params_std-feats,params_ub-actions,params_ub-frames,params_weight-decay,state
960,0.5178961396217346,2025-04-09 13:27:41.907864,2025-04-09 13:27:49.363305,0 days 00:00:07.455441,0.250029804346464,0.09422250598428099,16,0.10758297215999418,0.03432960825200547,0.014223758500814275,0.0963612235487684,0.07622911425810155,0.0060272472084182405,0.021788938216009114,18,34,0.02796991838132928,0.2740691299778017,False,False,True,0.0003051334292260786,COMPLETE
961,0.4315613627433777,2025-04-09 13:27:49.677242,2025-04-09 13:27:57.804370,0 days 00:00:08.127128,0.5036141735130393,0.0435994435404016,16,0.09143939539093819,0.033797374925326,0.019858864287574367,0.09349359978121467,0.08342232547707634,0.0010165590350873738,0.04380143783858068,25,38,0.010166388916001724,0.28303478222909123,False,False,True,0.00040498418911677427,COMPLETE
962,0.5031033635139466,2025-04-09 13:27:58.118463,2025-04-09 13:28:06.144242,0 days 00:00:08.025779,0.45836604345501963,0.010765266371756033,16,0.11158513953173602,0.042764688872388885,0.017493982766636683,0.08113505026972173,0.07979606224067456,0.06640859006195632,0.04876151555733496,25,33,0.005842656760142373,0.2953569160124989,False,False,True,0.0003700636700037379,COMPLETE
963,0.4446112215518952,2025-04-09 13:28:06.462238,2025-04-09 13:28:14.490525,0 days 00:00:08.028287,0.18957709052302998,0.06147247163667678,16,0.10159483896042368,0.0328003409047848,0.024637952794850076,0.09819854012528592,0.07442330231024608,0.004196306306429939,0.03208167856339996,25,32,0.0069189809159190836,0.28081374556520317,False,False,True,0.00047441337083979016,COMPLETE
964,0.3477973997592926,2025-04-09 13:28:14.792431,2025-04-09 13:28:22.826971,0 days 00:00:08.034540,0.21089445216381242,0.010639237510630575,16,0.09463550170685404,0.03021033755779819,0.013532018175022899,0.09420615823916141,0.08298670886551515,0.00955304965943651,0.03945250178789878,26,40,0.025576011646039155,0.28744788533066035,False,True,True,0.0008005292458296964,COMPLETE
965,0.4480634093284607,2025-04-09 13:28:23.143970,2025-04-09 13:28:31.267747,0 days 00:00:08.123777,0.2669032085025987,0.08584947397230355,16,0.09890944511682737,0.10970853521174055,0.09980139312396588,0.06698758366558377,0.07755577160036853,0.0010451033507553368,0.04882014130672165,26,35,0.012628658508234684,0.27347822254299575,False,False,True,0.00042333586168617613,COMPLETE
966,0.586821973323822,2025-04-09 13:28:31.584086,2025-04-09 13:28:39.600535,0 days 00:00:08.016449,0.18531950359929167,0.03637104777553285,16,0.11674601471292176,0.03837940371941109,0.015519671015159752,0.09596962569803733,0.07954967908446492,0.0071408318384955215,0.04958474707516627,25,33,0.0029545159312232582,0.27969896243820613,False,False,True,0.0005952154539812874,COMPLETE
967,0.44839869737625127,2025-04-09 13:28:39.919813,2025-04-09 13:28:47.940574,0 days 00:00:08.020761,0.18375621494137048,0.039506744804788475,16,0.11663125714607338,0.04662226576649591,0.020668452097345545,0.09790051415213542,0.08017595065054636,0.011300447280141466,0.035016127516751185,25,41,0.002701737060835496,0.2999069910996445,False,False,True,0.0006861621455480077,COMPLETE
968,0.0858711689710617,2025-04-09 13:28:48.261756,2025-04-09 13:28:56.273823,0 days 00:00:08.012067,0.9204116774628637,0.02965266981256794,16,0.1141369537575121,0.04047405787968959,0.016805136669624722,0.0966317397631916,0.07866019163267476,0.008947205204163484,0.04255133207069035,25,34,0.0033403862668686408,0.28762469216292386,False,False,True,0.0006194364758626235,COMPLETE
969,0.5642316460609436,2025-04-09 13:28:56.578672,2025-04-09 13:29:04.628587,0 days 00:00:08.049915,0.17571525548831457,0.06022333188992649,16,0.11987988484543607,0.05273438125906922,0.018428282621077614,0.097919134112285,0.08100902435211661,0.007853433149191725,0.026557528696974336,25,38,0.001099810494330228,0.28017660472056827,False,False,True,0.0005448306155917529,COMPLETE
970,0.4759973526000977,2025-04-09 13:29:04.946582,2025-04-09 13:29:13.010197,0 days 00:00:08.063615,0.2281737007851363,0.07499533170791574,16,0.10822566082174073,0.06055441148510261,0.015962312850460934,0.09539475620780803,0.07779747474713519,0.012471515379162159,0.03815025826688807,26,36,0.001954169040930394,0.28513594923315094,False,False,True,0.0009190215526870731,COMPLETE
971,0.5685116291046143,2025-04-09 13:29:13.328922,2025-04-09 13:29:21.383376,0 days 00:00:08.054454,0.20223491244246453,0.04510461431868416,16,0.11931926627698403,0.050259346464381335,0.01974519958256049,0.09598440603001883,0.08093993763690456,0.0074484496840192625,0.05013341554371838,25,32,0.0035045149647443203,0.29276181924305494,False,False,True,0.0005304350725564125,COMPLETE
972,0.5435154914855957,2025-04-09 13:29:21.704037,2025-04-09 13:29:29.734182,0 days 00:00:08.030145,0.16470025093615548,0.010113795586781953,16,0.1120648746232443,0.04574298748791007,0.01737878396540033,0.09810007847027033,0.0835330333983318,0.010085701063172466,0.03085182371085911,25,39,0.0013294074634465627,0.28139042564342803,False,False,True,0.0007466529202438031,COMPLETE
973,0.5793109059333802,2025-04-09 13:29:30.054747,2025-04-09 13:29:38.255238,0 days 00:00:08.200491,0.1810776989996777,0.029815290909774448,16,0.11563549490653297,0.03614695257396455,0.015039001305276372,0.09988611425506444,0.07869151896607286,0.006783949037414233,0.04140264563909937,26,32,0.004606238587293176,0.2876275346138664,False,False,True,0.0007386225937583828,COMPLETE
974,0.5140884757041931,2025-04-09 13:29:38.563389,2025-04-09 13:29:46.755493,0 days 00:00:08.192104,0.20482910140600727,0.029595780439363735,16,0.11526505304932647,0.042540850353907284,0.015761119366702908,0.09936986134983931,0.07943390492098028,0.009854012713500868,0.03426872823477494,26,35,0.003014199384753013,0.27799635997289657,False,False,True,0.0005877352877296295,COMPLETE
975,0.09325535446405411,2025-04-09 13:29:47.089584,2025-04-09 13:29:55.175823,0 days 00:00:08.086239,0.7122263403975457,0.03167823425004551,16,0.11321654715805542,0.03873455493386374,0.021601909336667394,0.09969724639414874,0.07826355174802496,0.012286270620635135,0.025808358660311732,27,43,0.004233390132893558,0.2781755832454617,False,False,True,0.0009839239403267596,COMPLETE
976,0.5082213401794433,2025-04-09 13:29:55.495020,2025-04-09 13:30:04.182240,0 days 00:00:08.687220,0.22945529535642728,0.024577534883954283,16,0.10932905721160228,0.046137712214571566,0.017332632571505732,0.0979727861565536,0.08169123297687234,0.008618462534184442,0.049529878594143324,26,37,0.004197260341148491,0.2845597735373477,False,False,False,0.0008468553852061364,COMPLETE
977,0.4032051682472229,2025-04-09 13:30:04.507456,2025-04-09 13:30:12.691293,0 days 00:00:08.183837,0.18912210447534647,0.05754618634619568,16,0.12058301141605142,0.0384097991451512,0.014352832501837625,0.09973717784075896,0.07920123224146759,0.013520834754222315,0.01748452373959968,26,34,0.0018141514806274761,0.27242912251818163,True,False,True,0.000746855790972573,COMPLETE
978,0.5658769369125367,2025-04-09 13:30:13.011850,2025-04-09 13:30:21.166620,0 days 00:00:08.154770,0.21468695759970896,0.010216465818057376,16,0.11873605635127356,0.0380070575248548,0.015801220264155785,0.08328396892145,0.0779922608974191,0.010087360362711198,0.041230882511437125,26,33,0.004465614557911406,0.28772550827418475,False,False,True,0.0006754436208748517,COMPLETE
979,0.4713444113731384,2025-04-09 13:30:21.478337,2025-04-09 13:30:29.739697,0 days 00:00:08.261360,0.1838297668339745,0.027772706967778206,16,0.1230058028036774,0.051952886434411816,0.0653581351058152,0.09833945580660758,0.07707677840516243,0.007737632846075223,0.04876011466954621,27,32,0.001838841736965119,0.27526461784632217,False,False,True,0.000768708542530786,COMPLETE
980,0.4837257504463196,2025-04-09 13:30:30.058818,2025-04-09 13:30:38.261268,0 days 00:00:08.202450,0.3800863598969606,0.05258374275166615,16,0.10917981078147196,0.044953686390844294,0.013534304420240754,0.07914356128514594,0.08492689238788352,0.006722717973747024,0.03577466363628725,27,48,0.0056627686445572985,0.2825197668378739,False,False,True,0.0007447155803065897,COMPLETE
981,0.44943872690200803,2025-04-09 13:30:38.584043,2025-04-09 13:30:46.618008,0 days 00:00:08.033965,0.24844762569400908,0.07848000117242276,16,0.10639144100908333,0.05743716684844301,0.01922084538568957,0.09971615886753615,0.08076993730514914,0.00898623943992594,0.04290343881729177,25,38,0.003998780852216608,0.2891027616260634,False,False,True,0.0005865996265387071,COMPLETE
982,0.45039846897125246,2025-04-09 13:30:46.941291,2025-04-09 13:30:55.014665,0 days 00:00:08.073374,0.20867141669646305,0.01066284732367688,16,0.11904518466579476,0.03550593358245442,0.018587390919091482,0.09661948045991442,0.07486212693623014,0.014953663617188761,0.029303090587959817,26,32,0.0014107721485117487,0.27817494390189346,False,True,True,0.0005668943912046937,COMPLETE
983,0.4956746220588685,2025-04-09 13:30:55.341933,2025-04-09 13:31:03.566288,0 days 00:00:08.224355,0.1818317589194132,0.04168982069530804,16,0.11272978302628497,0.03975073119438004,0.015385238581877068,0.09980512112472625,0.07697672737315876,0.006544916848960113,0.051861227184439126,27,36,0.005033906035230698,0.27184607937162913,False,False,True,0.0006346117508035884,COMPLETE
984,0.45336849689483644,2025-04-09 13:31:03.891408,2025-04-09 13:31:11.900959,0 days 00:00:08.009551,0.2283480494330598,0.09771487677109841,16,0.11464840774585076,0.03505496438357255,0.012930355228959014,0.09528409270028919,0.07983558003543395,0.01055632603046299,0.052383447067095176,25,31,0.005219372654068135,0.2838767754975661,False,False,True,0.0009291769895130667,COMPLETE
985,0.44750601649284366,2025-04-09 13:31:12.213628,2025-04-09 13:31:20.328114,0 days 00:00:08.114486,0.19704081879474283,0.062435676610776224,16,0.10659811020019042,0.0485758606786908,0.020816330340507984,0.09797334438896331,0.08376778858655008,0.006747259290376001,0.038925278579792055,25,39,0.006365007468317536,0.2893998656024853,False,False,True,0.0004650717441796329,COMPLETE
986,0.4962226152420044,2025-04-09 13:31:20.649253,2025-04-09 13:31:28.759591,0 days 00:00:08.110338,0.17325091769376266,0.02639398859626591,16,0.12453948910332233,0.03292607008451755,0.01731786965582774,0.0954144524485891,0.07989305663827156,0.006151424425400976,0.032720419129802066,26,31,0.00617953067206257,0.27749678242051656,False,False,True,0.00044509902198224406,COMPLETE
987,0.5290729403495789,2025-04-09 13:31:29.081392,2025-04-09 13:31:37.021384,0 days 00:00:07.939992,0.1999782762396652,0.044349761758769465,16,0.12584291734635084,0.03382887006627939,0.023871668649552702,0.09696675537595124,0.07595193632527344,0.008405273144548097,0.006435872724040088,24,35,0.0040065616498813125,0.27009772499473983,False,False,True,0.0006310062180819361,COMPLETE
988,0.2969265699386597,2025-04-09 13:31:37.345766,2025-04-09 13:31:45.459053,0 days 00:00:08.113287,0.5168753818572102,0.02961367369781094,16,0.0069409673246315085,0.04068402712659153,0.014596354421676113,0.0999687951466544,0.0820188673931283,0.005561597427286352,0.043210479749622624,26,72,0.002429334411363032,0.28080486228593277,False,False,True,0.00048061272553242293,COMPLETE
989,0.4108611345291138,2025-04-09 13:31:45.787978,2025-04-09 13:31:53.837835,0 days 00:00:08.049857,0.22427247857505253,0.0684108704557306,16,0.11734068694406694,0.03214431979018876,0.012752949887146401,0.0927508651172585,0.07688918245725555,0.011084646973610737,0.0520975247007784,25,30,0.00720517562679473,0.28654265438021115,False,False,True,0.0008681573613952669,COMPLETE
990,0.4067147374153137,2025-04-09 13:31:54.147533,2025-04-09 13:32:02.055893,0 days 00:00:07.908360,0.16684512030816648,0.050719515950540875,16,0.10840699272542494,0.043585942599184566,0.056389243993769295,0.0940856376998087,0.08210092882663399,0.00795141721474522,0.0533602212933737,24,30,0.003494385305182687,0.29288919794045754,False,False,True,0.0006678767883364155,COMPLETE
991,0.4547758936882019,2025-04-09 13:32:02.379193,2025-04-09 13:32:10.529491,0 days 00:00:08.150298,0.24969719691145303,0.02665183692008014,16,0.12362800092003873,0.02908396719722954,0.016741058978285966,0.09689335392880803,0.07473025319810846,0.005127081846340803,0.03702051555301698,26,41,0.006992068495111534,0.2730424172020991,False,False,True,0.0003760118215507871,COMPLETE
992,0.5714105844497681,2025-04-09 13:32:10.851752,2025-04-09 13:32:19.064199,0 days 00:00:08.212447,0.1884321716095937,0.08372085761869727,16,0.10241035787168563,0.0723740012441305,0.019136058979058346,0.09089515671388064,0.08732063120014864,0.005712574658402341,0.02258915064333198,27,33,0.0041319062469532776,0.2820793529384513,False,False,True,0.0004989100392718518,COMPLETE
993,0.08909578174352646,2025-04-09 13:32:19.395530,2025-04-09 13:32:27.333297,0 days 00:00:07.937767,0.21223728250183627,0.10322997553454656,16,0.11746443285146999,0.25909993216849414,0.014683741070917921,0.09987467452019477,0.0786555296125755,0.007693369813053008,0.030870054046393834,24,29,0.007788837706006382,0.2751841133153107,False,False,True,0.0004664450486589749,COMPLETE
994,0.5107147455215454,2025-04-09 13:32:27.660365,2025-04-09 13:32:35.627652,0 days 00:00:07.967287,0.271144844129711,0.05616300857822018,16,0.12540014055073578,0.03671091217436278,0.01644992915629232,0.09497642651304161,0.08473685534656185,0.009539911922666436,0.04313848380966477,25,32,0.004762987503897834,0.29365179855437457,False,False,True,0.000386702291237531,COMPLETE
995,0.4056195497512818,2025-04-09 13:32:35.957149,2025-04-09 13:32:44.150912,0 days 00:00:08.193763,0.17514191190751416,0.029684483709973432,16,0.1106199481202055,0.052596260604041455,0.012184405771677415,0.08395935306573521,0.08165693190070607,0.004586709417083087,0.053225602561580966,27,58,0.0013392319643080923,0.2684009210709387,False,False,True,0.0006442067796146527,COMPLETE
996,0.5187913656234742,2025-04-09 13:32:44.462410,2025-04-09 13:32:53.210791,0 days 00:00:08.748381,0.19510257402529052,0.04239380911990545,16,0.10151431853304471,0.028073457976170633,0.02124176979786748,0.08014934494729738,0.0763193724479221,0.006551777487048796,0.04207372065514472,26,35,0.0073987712461254015,0.2865175480192533,True,False,False,0.0003527996779067152,COMPLETE
997,0.5359123468399049,2025-04-09 13:32:53.538409,2025-04-09 13:33:01.561354,0 days 00:00:08.022945,0.23343930405159846,0.0718815715415233,16,0.11961946728361521,0.039353282948707144,0.018685876040123287,0.08707942202003438,0.07945609113480219,0.0044013929610634646,0.027378808797311006,25,29,0.006052310176410518,0.28028710779218763,False,False,True,0.00057662696721924,COMPLETE
998,0.20884452760219574,2025-04-09 13:33:01.888322,2025-04-09 13:33:09.938402,0 days 00:00:08.050080,0.1540062438269758,0.027561279203106158,16,0.12653230984750521,0.029824715632525596,0.013879645202509595,0.09819230519761203,0.08351414814619403,0.008622320241139533,0.00010608785827495146,26,29,0.008613194237434781,0.28909548559021847,False,False,True,0.0002787358986276285,COMPLETE
999,0.34464659690856936,2025-04-09 13:33:10.264972,2025-04-09 13:33:18.280489,0 days 00:00:08.015517,0.2059386936519342,0.010727732915852748,16,0.10450643084895148,0.03392427116518486,0.015813320476753264,0.09997944436871806,0.07856350448840335,0.011738310435193435,0.05426865028338725,25,36,0.005239921626635101,0.268953188293865,False,False,True,0.0007912103590636644,COMPLETE
1000,0.6275490164756775,2025-04-09 13:33:18.607965,2025-04-09 13:33:26.647446,0 days 00:00:08.039481,0.17111043693464786,0.052476916231046965,16,0.11314506980541428,0.044498418065724195,0.018081088003159305,0.09382328197311937,0.03513529729492268,0.00446609155416285,0.03639420558180111,24,29,0.016427643375282103,0.2948503924997325,False,False,True,0.000454688228089882,COMPLETE
1001,0.4020245790481568,2025-04-09 13:33:26.979687,2025-04-09 13:33:34.914771,0 days 00:00:07.935084,0.17990576718619716,0.10689912871358928,16,0.1112432262555642,0.05954720861641627,0.062326954280603766,0.09670753630428425,0.03615837115554173,0.004204115781821457,0.02705793774388863,24,54,0.017601276137346387,0.29901943483332455,False,False,True,0.0005336558855836403,COMPLETE
1002,0.5058575987815858,2025-04-09 13:33:35.231388,2025-04-09 13:33:43.192155,0 days 00:00:07.960767,0.21949932328351,0.0878743861433901,16,0.11391524477261641,0.053876674091827954,0.022285422642999618,0.09518359368869364,0.029259431536110787,0.05022891903340951,0.0034121052259044964,24,35,0.01588827706169916,0.2936964014010701,False,True,True,0.0008941632299810635,COMPLETE
1003,0.5122100234031678,2025-04-09 13:33:43.525873,2025-04-09 13:33:51.370763,0 days 00:00:07.844890,0.19740891794600052,0.07796237595894945,16,0.10873422851858937,0.04710401652039828,0.020536187980030565,0.09438044801564341,0.03622112294079599,0.0031295139952249515,0.021958651591846,23,31,0.018095267860187017,0.299423874107082,False,False,True,0.0007448025644177418,COMPLETE
1004,0.41781450510025026,2025-04-09 13:33:51.701700,2025-04-09 13:33:59.687717,0 days 00:00:07.986017,0.24494531645304546,0.0643032798688568,16,0.10023198060464243,0.04650665440205594,0.019095348591314128,0.09742689237080933,0.03159487214295121,0.0043879608245879324,0.035477412540265194,24,39,0.016412120023479446,0.2959790520018747,False,False,True,5.970775852193682e-06,COMPLETE
1005,0.5199132800102234,2025-04-09 13:34:00.030028,2025-04-09 13:34:08.477082,0 days 00:00:08.447054,0.17769443996694517,0.09136526304700204,16,0.10490808692454583,0.044442536340526265,0.01847761476298084,0.09329468327986347,0.03455206367062043,0.0028947259573379363,0.03271898554198942,30,33,0.018865794512056847,0.2943226093872415,False,False,True,0.0005385794533360907,COMPLETE
1006,0.4919728517532349,2025-04-09 13:34:08.811834,2025-04-09 13:34:16.641761,0 days 00:00:07.829927,0.21461497522176398,0.060405801663013264,16,0.1150073996335824,0.05043123319244355,0.024176415171695616,0.09594589893666824,0.030606820016360652,0.00482688254002149,0.03747634606777619,23,30,0.015502630958774272,0.2914973114249041,False,False,True,1.3485185451173875e-05,COMPLETE
1007,0.5019028902053834,2025-04-09 13:34:16.974334,2025-04-09 13:34:24.818425,0 days 00:00:07.844091,0.19203075457792368,0.05567379802898147,16,0.10687980894001615,0.04323851409053927,0.017394141121310703,0.07138377179265368,0.03392722690601455,0.0025863685494418327,0.030402740428669126,23,33,0.04284164886652177,0.29109138720777294,False,False,True,0.0007067163859615568,COMPLETE
1008,0.4992571353912354,2025-04-09 13:34:25.133672,2025-04-09 13:34:32.916597,0 days 00:00:07.782925,0.1671600635734357,0.0731699953245723,16,0.11217052954233515,0.040603840654538245,0.020418309242537618,0.09808869249867791,0.0830827160477115,0.005857237244848178,0.047680662261891056,22,28,0.017090863869129322,0.2988449576915656,False,False,True,3.980118028514303e-06,COMPLETE
1009,0.3891340374946594,2025-04-09 13:34:33.245048,2025-04-09 13:34:41.577538,0 days 00:00:08.332490,0.2365267625297903,0.047590306952084604,16,0.11694128267832835,0.053429958652814184,0.022348198954281927,0.09311842847661381,0.026443875192097455,0.0028465890650724588,0.055977364786291416,29,36,0.01843992700064952,0.2874159066855385,False,False,True,0.00041243061053815837,COMPLETE
1010,0.5760215401649476,2025-04-09 13:34:41.908203,2025-04-09 13:34:49.796986,0 days 00:00:07.888783,0.20231689304101938,0.10634079467331575,16,0.1056039445205561,0.05168404115998584,0.017812049473610463,0.09512309076405823,0.08599021795856066,0.00637335060759708,0.03751951211426321,24,30,0.020287307116045705,0.16040590447398423,False,False,True,0.00025052938080183883,COMPLETE
1011,0.456868839263916,2025-04-09 13:34:50.130409,2025-04-09 13:34:58.051354,0 days 00:00:07.920945,0.17318385924983126,0.07739703443422219,16,0.098938944773906,0.046040350680779066,0.016480417433090432,0.0773368205098946,0.032805237803037963,0.004633642339291444,0.04648485615208982,24,29,0.01578592798200352,0.28785623127324766,False,False,True,0.0004969718868731999,COMPLETE
1012,0.5053141713142395,2025-04-09 13:34:58.383039,2025-04-09 13:35:06.317393,0 days 00:00:07.934354,0.22230754563543068,0.04818049669949048,16,0.12162925507720276,0.039560120071625675,0.02006801624448132,0.09997372550147701,0.028036834686712704,0.0010037033428659818,0.05587787581523452,24,33,0.0195635964332232,0.28477411650411955,False,False,True,0.00032997418332071025,COMPLETE
1013,0.4955745339393616,2025-04-09 13:35:06.651398,2025-04-09 13:35:15.479421,0 days 00:00:08.828023,0.18899618069889523,0.06150083016867331,16,0.11247273159370949,0.05522780902124789,0.017707820168489895,0.0969439165412395,0.022023607507084916,0.005766510874123814,0.025812402197655085,27,28,0.014165110856722804,0.2946907973023976,False,False,False,0.00027216338975824805,COMPLETE
1014,0.4780876994132996,2025-04-09 13:35:15.795516,2025-04-09 13:35:23.684037,0 days 00:00:07.888521,0.26113416350022833,0.04293697710994249,16,0.12016485167013648,0.04798907116007623,0.01586415782261954,0.09216317899692061,0.034392568778028224,0.002568058024393658,0.03308931248451656,22,37,0.017374678029694675,0.2908510350216844,False,False,True,0.0005687210161886291,COMPLETE
1015,0.5181482911109925,2025-04-09 13:35:24.018920,2025-04-09 13:35:32.353372,0 days 00:00:08.334452,0.16444495512072665,0.12809736239042474,16,0.11596287058035794,0.0361851837118477,0.01933920211643362,0.0945771011168107,0.08139618978892774,0.0010041463803761503,0.04473813040864421,28,33,0.00108454443049158,0.0713355054694626,True,False,True,0.00038856929718814623,COMPLETE
