number,value,datetime_start,datetime_complete,duration,params_alpha-eval,params_alpha-train,params_batch-size,params_eps-eval,params_eps-train,params_lambda-actions-eval,params_lambda-actions-train,params_lambda-frames-eval,params_lambda-frames-train,params_learning-rate,params_n-epochs,params_n-frames,params_radius-gw,params_rho,params_std-feats,params_ub-actions,params_ub-frames,params_weight-decay,state
1466,0.08910679519176484,2025-04-16 21:55:45.066532,2025-04-16 21:56:04.914227,0 days 00:00:19.847695,0.5330882302235539,0.9824456020601866,2,0.10497581327748563,0.23431894728503455,0.08831438871762173,0.09055442648877972,0.08129753731599634,0.0745119412507923,1.8614713639425e-05,25,133,0.007655689686285453,0.2465195082773019,False,False,True,1.2283041381870501e-05,COMPLETE
1467,0.5980006814002992,2025-04-16 21:56:05.389104,2025-04-16 21:56:28.531009,0 days 00:00:23.141905,0.51873623605193,0.9489307631954353,2,0.11353720625164834,0.24197407284551373,0.08379040400354695,0.0949624633414751,0.083174047115179,0.06123592089396164,3.713085882383724e-05,26,130,0.01342326738360043,0.22437988366944367,False,False,False,2.202456643678156e-05,COMPLETE
1468,0.11689539700746536,2025-04-16 21:56:29.005098,2025-04-16 21:56:48.722784,0 days 00:00:19.717686,0.5040711427549784,0.9684815364264314,2,0.09937689402616721,0.24694116658353002,0.08739973783630049,0.0927791269838723,0.0855514987511663,0.07250687442371433,6.272091179511189e-05,25,136,0.008548792837638902,0.25057216927553666,False,True,False,1.732375835664404e-05,COMPLETE
1469,0.5110106587409973,2025-04-16 21:56:49.196343,2025-04-16 21:57:12.392928,0 days 00:00:23.196585,0.4809075292433458,0.9994485551734473,2,0.08615186978685051,0.23594362673662136,0.08576310345239452,0.09835086742984367,0.08880097347634994,0.07517926793711721,2.9549259843211114e-05,26,139,0.011333814724486035,0.2551414236940837,False,False,False,6.853124339432454e-06,COMPLETE
1470,0.5066469311714172,2025-04-16 21:57:12.882929,2025-04-16 21:57:36.171512,0 days 00:00:23.288583,0.5522597555475443,0.9819761618755417,2,0.09409899356852738,0.22399856544605729,0.08381716023172626,0.08869830319564136,0.08218905473552011,0.07821831230941818,4.4801618281310766e-05,26,133,0.01345210509719935,0.010831582819900015,False,False,False,1.4656044996372391e-05,COMPLETE
1471,0.6103572487831116,2025-04-16 21:57:36.647619,2025-04-16 21:57:59.093409,0 days 00:00:22.445790,0.5407073429668006,0.9998842610050012,2,0.10382237065449228,0.24677261307392728,0.08260231970515355,0.09623846017502363,0.0800552572236533,0.07253518066556816,5.07809741010928e-05,25,130,0.00952334523125559,0.23931049182572464,False,False,False,9.214025319333808e-06,COMPLETE
1472,0.5246378660202027,2025-04-16 21:57:59.567424,2025-04-16 21:58:22.092896,0 days 00:00:22.525472,0.5405764409666713,0.9344193633777753,2,0.09550124521182407,0.24777476042499796,0.07939745058629517,0.0982106668381473,0.08030959646957075,0.07362928086082236,7.628214130172866e-05,25,129,0.011211429684866226,0.24706967136839464,False,False,False,7.444201006578209e-06,COMPLETE
1473,0.5297299027442932,2025-04-16 21:58:22.567585,2025-04-16 21:58:45.071204,0 days 00:00:22.503619,0.5597957741285177,0.9627616598953498,2,0.08686988647616746,0.2563613020757576,0.07802252165010569,0.09642253716485014,0.07873395798002374,0.07390574195652869,7.037830319185839e-05,25,129,0.013423728984583966,0.255373865362253,False,False,False,8.62318253760351e-06,COMPLETE
1474,0.36897395253181464,2025-04-16 21:58:45.568409,2025-04-16 21:59:08.195782,0 days 00:00:22.627373,0.5644836953772087,0.9506746533753135,2,0.10109907512642397,0.2571959489662204,0.08083719772718329,0.09866943566917474,0.0789724186910331,0.07292982857783188,5.871567225076011e-05,25,129,0.08881308969687993,0.23580393867366878,False,False,False,1.2416611403466601e-05,COMPLETE
1475,0.37239172458648684,2025-04-16 21:59:08.672770,2025-04-16 21:59:31.360077,0 days 00:00:22.687307,0.5805729775501485,0.9807435772226021,2,0.09198230046904612,0.24913189284718756,0.08226680931157142,0.09629814049561541,0.07961802966895298,0.07576423607343626,5.846001620175568e-05,25,130,0.011163874642859294,0.24380004277702944,True,False,False,2.90014616279336e-05,COMPLETE
1476,0.5770565032958984,2025-04-16 21:59:31.842466,2025-04-16 21:59:54.214903,0 days 00:00:22.372437,0.5502425966110258,0.9673387435258943,2,0.11747571067561005,0.24443364091887188,0.07813677887714446,0.0960162012272572,0.0811483837819934,0.07757473307525223,5.074036472301521e-05,25,129,0.013484922172131016,0.2308300826758004,False,False,False,6.992413190658811e-06,COMPLETE
1477,0.4244235217571259,2025-04-16 21:59:54.714369,2025-04-16 22:00:03.726495,0 days 00:00:09.012126,0.5797960968759263,0.9271488627509322,16,0.08641940719669747,0.24998273243742347,0.08064325795615566,0.09466075092235612,0.0779921008319422,0.07183048967934909,7.058846069587229e-05,25,133,0.009863167343663364,0.25000366229705356,False,False,False,1.8133644420031555e-05,COMPLETE
1478,0.33494419455528257,2025-04-16 22:00:04.204024,2025-04-16 22:00:26.810946,0 days 00:00:22.606922,0.53520392878796,0.9501419716694584,2,0.10770175059912938,0.24374264635533988,0.07942790369891647,0.09987704674242219,0.08023753918871798,0.0724193179517257,5.496326613017959e-05,25,43,0.006346602630059815,0.24205870345039177,False,False,False,1.0037051878868953e-05,COMPLETE
1479,0.5856830716133118,2025-04-16 22:00:27.287874,2025-04-16 22:00:49.839575,0 days 00:00:22.551701,0.5599989303540618,0.9826370573567992,2,0.09539840665011345,0.2630119422468819,0.09694912181202636,0.09724875140260252,0.09369552336310483,0.07540227112040322,6.701395350805953e-05,25,131,0.011670005004239571,0.2552961173028158,False,False,False,1.3816889223768828e-05,COMPLETE
1480,0.6111782550811768,2025-04-16 22:00:50.313888,2025-04-16 22:01:12.889074,0 days 00:00:22.575186,0.539898343719677,0.9990282745233775,2,0.10053237885075282,0.22998841909981865,0.08269058713249017,0.0948988374268292,0.09559381247146638,0.07253178026351896,5.064664994059286e-05,25,132,0.007779904715998568,0.2490444983277075,False,False,False,3.541902342290851e-05,COMPLETE
1481,0.3353159725666046,2025-04-16 22:01:13.386814,2025-04-16 22:01:36.047699,0 days 00:00:22.660885,0.5339747594156697,0.9995505246557869,2,0.11458257021780775,0.2211718746584125,0.08436093837780416,0.09480782764326703,0.09703732434638289,0.07182343830510726,7.905801582753523e-05,25,133,0.0058276996216324204,0.2564463358851137,False,False,False,3.8970624673928505e-05,COMPLETE
1482,0.3354616105556488,2025-04-16 22:01:36.526014,2025-04-16 22:01:59.095997,0 days 00:00:22.569983,0.5546672582245814,0.9999044441045472,2,0.10975089324941603,0.018180654313839334,0.08180087268325116,0.09632218200874926,0.09226119863379256,0.07171610272628774,6.353296229391834e-05,25,137,0.00458504682742376,0.2508732102298941,False,False,False,2.8101454247358065e-05,COMPLETE
1483,0.33756350278854375,2025-04-16 22:01:59.574607,2025-04-16 22:02:22.369658,0 days 00:00:22.795051,0.5196527318077203,0.9845162499758758,2,0.10345061368065489,0.23193873827290534,0.08332860338324503,0.0998926704352615,0.0988586544329878,0.07380926863155421,5.410698137014045e-05,25,132,0.0032470100562947543,0.2565416800707399,False,False,False,2.2683943284781095e-05,COMPLETE
1484,0.3358471691608429,2025-04-16 22:02:22.847639,2025-04-16 22:02:45.669374,0 days 00:00:22.821735,0.5738793070273452,0.9820256818651699,2,0.10160039428203994,0.2228509405974813,0.08250661652491353,0.09295368267402242,0.09548686187239941,0.07079608235121276,7.531059769559704e-05,25,136,0.00535417663845437,0.25009780754801353,False,False,False,3.5375819393294426e-05,COMPLETE
1485,0.08697042912244797,2025-04-16 22:02:46.169826,2025-04-16 22:03:06.034347,0 days 00:00:19.864521,0.5451322966993142,0.9826933310880659,2,0.10823737350561052,0.2295443333641407,0.08046819861519831,0.0948334722642593,0.09569439056200763,0.07224418152703094,5.136488829088096e-05,25,132,0.009268564925635978,0.2580168068942695,False,False,True,2.323438667089555e-05,COMPLETE
1486,0.09458326250314714,2025-04-16 22:03:06.514250,2025-04-16 22:03:26.429475,0 days 00:00:19.915225,0.5124485582756997,0.9804717550265382,2,0.12362324699213204,0.2277368437586572,0.08278512708096168,0.0982442008998821,0.09986119117351396,0.07050751891195217,6.01011787821898e-05,25,129,0.007198890076517438,0.2487535094949081,False,True,False,2.9766925283597232e-05,COMPLETE
1487,0.6101812601089478,2025-04-16 22:03:26.909961,2025-04-16 22:03:49.531719,0 days 00:00:22.621758,0.5347068796047304,0.9994322314980728,2,0.10002906331108836,0.23692497446594746,0.08004329633740272,0.09137242530642133,0.09731960470459053,0.07261026523456374,5.105998912601799e-05,25,135,0.007495497325160009,0.2400846275463042,False,False,False,1.5312886193891932e-05,COMPLETE
1488,0.33290025591850286,2025-04-16 22:03:50.006099,2025-04-16 22:04:12.818606,0 days 00:00:22.812507,0.5465612031765569,0.9980316388903291,2,0.11177088461626991,0.2316657783774697,0.08192963110951783,0.09151439100481025,0.08840626184622286,0.07185900523259317,6.647818231103458e-05,25,140,0.005642618066727574,0.22637281664245196,False,False,False,1.9611108387352915e-05,COMPLETE
1489,0.3380866765975953,2025-04-16 22:04:13.326255,2025-04-16 22:04:36.023289,0 days 00:00:22.697034,0.5025664920522108,0.9978442343630756,2,0.10432331360999879,0.2363662395551185,0.08056612927609476,0.09058135597559076,0.09654702356745869,0.07440894452643151,4.7794779263876304e-05,25,138,0.0026318740594048727,0.23514294302109223,False,False,False,1.905891699653175e-05,COMPLETE
1490,0.33657193779945377,2025-04-16 22:04:36.507240,2025-04-16 22:04:59.888703,0 days 00:00:23.381463,0.5301381819674262,0.9844732982200441,2,0.09913106818415293,0.23734965403621222,0.08290575520540948,0.0915608285754412,0.09615634244539778,0.07399441747194403,7.957091826895562e-05,26,143,0.00445846547853319,0.2339287305296202,False,False,False,2.495096306872454e-05,COMPLETE
1491,0.3369192242622375,2025-04-16 22:05:00.375514,2025-04-16 22:05:23.145335,0 days 00:00:22.769821,0.5151431293155309,0.9724578209787458,2,0.1060290264278155,0.2269735460304644,0.0798761098627568,0.08890281599721407,0.09837965230752455,0.07009333095485493,5.854058489551608e-05,25,141,0.0023906588663944184,0.2386133974527046,False,False,False,1.53864056724227e-05,COMPLETE
1492,0.33752091526985173,2025-04-16 22:05:23.624617,2025-04-16 22:05:47.174136,0 days 00:00:23.549519,0.5481979349472647,0.9817448676917775,2,0.09875073470706701,0.2389105856065786,0.08538037762090864,0.09374063223199566,0.09967575214058327,0.07286296893331881,4.6639957501462644e-05,26,137,0.00682539707550143,0.23086487825951327,False,False,False,1.958273720219756e-05,COMPLETE
1493,0.5230961561203004,2025-04-16 22:05:47.674169,2025-04-16 22:06:10.811148,0 days 00:00:23.136979,0.5309689362461885,0.9694826795695209,2,0.11620667287886013,0.2413502232280156,0.081953502436674,0.09280226832025484,0.09794627215760163,0.07635361635946028,5.2276540926638685e-05,26,147,0.007765426145236823,0.23986483307400946,False,False,False,3.605242586955357e-05,COMPLETE
1494,0.3389959096908569,2025-04-16 22:06:11.294763,2025-04-16 22:06:34.301094,0 days 00:00:23.006331,0.5617541940364664,0.997108986820065,2,0.09817858582650653,0.23590713421383547,0.07991520198828442,0.09100413098777203,0.09469116762619038,0.06966337320386115,4.168494487447628e-05,25,135,0.004166205739601906,0.2175287454152508,True,False,False,1.621893424670373e-05,COMPLETE
1495,0.33538302779197693,2025-04-16 22:06:34.780927,2025-04-16 22:06:57.443806,0 days 00:00:22.662879,0.5330478806320166,0.967221147033956,2,0.1105756195737167,0.2289103375088301,0.0830032179501664,0.09680238487140339,0.09484617703910908,0.07416013400746964,5.802696262903686e-05,25,138,0.004868517741027238,0.22316393434597195,False,False,False,1.3056872487339126e-05,COMPLETE
1496,0.33763548731803894,2025-04-16 22:06:57.945450,2025-04-16 22:07:21.101436,0 days 00:00:23.155986,0.5011182212873293,0.9992834234037523,2,0.10357313013022326,0.23325783545216613,0.08442283833215934,0.09461895698235658,0.0925461728585017,0.07103662850206843,6.857676991286555e-05,26,135,0.007285167341628324,0.24042070721518985,False,False,False,1.95448611449677e-05,COMPLETE
1497,0.4212455153465271,2025-04-16 22:07:21.589871,2025-04-16 22:07:30.757039,0 days 00:00:09.167168,0.5644582085926619,0.9809170052018098,16,0.09743859687406713,0.2430028679225224,0.07946270876999559,0.08952255777277904,0.09286919485981253,0.07282238451049561,4.4546355510896346e-05,26,142,0.007827398344455212,0.23500385079470743,False,False,False,1.6494875533427196e-05,COMPLETE
1498,0.33769525885581975,2025-04-16 22:07:31.241893,2025-04-16 22:07:53.959764,0 days 00:00:22.717871,0.5261362866134759,0.9983232690169557,2,0.10526114683317143,0.2456658189415529,0.08097698311601685,0.09288949822873055,0.09736252764955683,0.07523817801407902,5.012102365404523e-05,25,135,0.0064150175084651696,0.24398214429240725,False,False,False,2.764662540606653e-05,COMPLETE
1499,0.4183634817600251,2025-04-16 22:07:54.443891,2025-04-16 22:08:17.558022,0 days 00:00:23.114131,0.5089124343607463,0.9688493997869395,2,0.0971617701988328,0.22406654916928326,0.08685850996987202,0.09519788340171048,0.09640460595122817,0.06984939625547826,1.2490639154099066e-05,26,139,0.00844771153801749,0.24165590483803717,False,False,False,2.2316754734664117e-05,COMPLETE
1500,0.33930743932724006,2025-04-16 22:08:18.056892,2025-04-16 22:08:41.247002,0 days 00:00:23.190110,0.5485913287406183,0.965046365612886,2,0.11041778756799536,0.23690132934222258,0.0779181160277292,0.09050252053083183,0.09469529552394368,0.07166324155563407,4.283452667422471e-05,26,134,0.0059517612951208625,0.22961580970848752,False,False,False,1.2197523769934813e-05,COMPLETE
1501,0.5753328204154968,2025-04-16 22:08:41.729050,2025-04-16 22:09:04.189846,0 days 00:00:22.460796,0.4811489997616279,0.9841187345560268,2,0.09255775134603214,0.2515108991468133,0.08176614375769285,0.09687417304488272,0.09308525271997718,0.07582284411559945,6.293676995841072e-05,25,139,0.008514727108331474,0.23681358666313085,False,False,False,1.549734002405313e-05,COMPLETE
1502,0.5925809144973755,2025-04-16 22:09:04.676924,2025-04-16 22:09:28.004995,0 days 00:00:23.328071,0.5694909042929023,0.9644192000889658,2,0.10253567663469978,0.23101053804311464,0.013501436302613426,0.09330254792161966,0.09752140013450437,0.06894015192742754,3.695959092276593e-05,26,136,0.009085520951309762,0.2444238810182507,False,False,False,1.1319160675253341e-05,COMPLETE
1503,0.3042026042938233,2025-04-16 22:09:28.494873,2025-04-16 22:09:51.043457,0 days 00:00:22.548584,0.5366488269802315,0.9840273548898592,2,0.09452100688020185,0.21944494215768448,0.08405658925131232,0.09488610189039741,0.09989778891018185,0.07347910593552312,0.0010529877706036681,25,133,0.0773003465690218,0.22866070929042484,False,False,False,1.4380548112202931e-05,COMPLETE
1504,0.3386411547660828,2025-04-16 22:09:51.544691,2025-04-16 22:10:14.866169,0 days 00:00:23.321478,0.5213757688635605,0.9813203704141568,2,0.1002158565930882,0.24156254571896815,0.08002888062529469,0.09143025491423136,0.09673475230406935,0.07691440222248241,5.2656635426604535e-05,26,143,0.0025667726216594454,0.2469822451731425,False,False,False,2.365784657287464e-05,COMPLETE
1505,0.08695318698883057,2025-04-16 22:10:15.348560,2025-04-16 22:10:35.212450,0 days 00:00:19.863890,0.5461844215334262,0.9993761152068843,2,0.10575385164443982,0.24664413640354982,0.07822957984539512,0.08823891186049324,0.09521643959396295,0.07229063236909791,8.033758850393513e-05,25,137,0.00672336056914547,0.23782218951688328,False,False,True,1.234775414014541e-05,COMPLETE
1506,0.10043470263481141,2025-04-16 22:10:35.697849,2025-04-16 22:10:55.878493,0 days 00:00:20.180644,0.4984885424421504,0.9593877324905978,2,0.11786156909951433,0.23537897544962377,0.08304947596380984,0.09995751233495072,0.09634741163632754,0.06836004065277591,3.9127955477692856e-05,26,132,0.00950339103966596,0.24508870237824215,False,True,False,9.908267072112729e-06,COMPLETE
1507,0.33789325356483463,2025-04-16 22:10:56.381134,2025-04-16 22:11:19.546155,0 days 00:00:23.165021,0.5695974655890079,0.9688358019628228,2,0.09275214619831827,0.2498182626365503,0.004761144606985908,0.09742049549183457,0.09349476303743284,0.0747636486766293,4.76210066965918e-05,26,140,0.004364490956061281,0.24205994851683058,False,False,False,1.851557090055114e-05,COMPLETE
1508,0.5999798774719238,2025-04-16 22:11:20.034391,2025-04-16 22:11:43.046991,0 days 00:00:23.012600,0.5255964945449406,0.9994563048936367,2,0.11213694012982257,0.2541352800673863,0.086130289881563,0.09301906271728899,0.09893746946271541,0.06992617061638871,5.9780246564699546e-05,26,134,0.007619304094829802,0.23371979343964952,False,False,False,1.5939801056173537e-05,COMPLETE
1509,0.5759504318237305,2025-04-16 22:11:43.535248,2025-04-16 22:12:06.221555,0 days 00:00:22.686307,0.4993921963742093,0.9570926253275392,2,0.1011549303729511,0.24026563454873992,0.0807916506457091,0.09545773106325388,0.09517788220919282,0.07297419340182777,3.6341024978299366e-05,25,137,0.009749062918370174,0.24567820262151985,False,False,False,3.453013904018427e-05,COMPLETE
1510,0.3363036513328553,2025-04-16 22:12:06.709725,2025-04-16 22:12:29.526964,0 days 00:00:22.817239,0.5485989141247214,0.9767122572362974,2,0.0918739086990257,0.22795632289161813,0.07820341665327081,0.08886286035985419,0.09798053607652332,0.070879916375842,6.75269250651345e-05,25,99,0.007212343981177433,0.22129024347255938,False,False,False,1.2906494472572864e-05,COMPLETE
1511,0.5145083069801331,2025-04-16 22:12:30.030848,2025-04-16 22:12:53.281767,0 days 00:00:23.250919,0.47728828125852496,0.9784357469304521,2,0.12309258645409617,0.2444575752153515,0.08449431167805015,0.09148982683104914,0.09176024520540248,0.0770568437193889,4.678070347742615e-05,26,146,0.009736725915676866,0.2384213711891469,False,False,False,1.9958300788042217e-05,COMPLETE
1512,0.6001061916351319,2025-04-16 22:12:53.778584,2025-04-16 22:13:16.214495,0 days 00:00:22.435911,0.5756689356719247,0.9997808333437495,2,0.10875054752941356,0.2563229129923671,0.08201533513634372,0.09763799203483953,0.09630345896806877,0.07416283494611957,5.535681080385809e-05,25,132,0.00816415436823813,0.24829710939040436,False,False,False,9.924108488952995e-06,COMPLETE
1513,0.42477304935455323,2025-04-16 22:13:16.699694,2025-04-16 22:13:39.999706,0 days 00:00:23.300012,0.538656350389534,0.9522921412137132,2,0.09750026081023486,0.04835385721321174,0.07962114632931507,0.09498413499464682,0.09449073368884923,0.057408567011286965,0.002188511498896506,26,108,0.0644660162695258,0.2510964710247356,True,False,False,1.457178939905062e-05,COMPLETE
1514,0.34066506028175353,2025-04-16 22:13:40.514527,2025-04-16 22:14:03.762152,0 days 00:00:23.247625,0.5153970203670671,0.9828953512389044,2,0.09117122101264598,0.23376094807601494,0.08297383016319934,0.09296980015293228,0.09348079884786312,0.07158610993816168,4.141361799184497e-05,26,136,0.005226559966144131,0.23150329566493305,False,False,False,2.7942761795438232e-05,COMPLETE
1515,0.09215089827775956,2025-04-16 22:14:04.255122,2025-04-16 22:14:22.807256,0 days 00:00:18.552134,0.5574939650249172,0.9988902694065495,2,0.0006090249874965703,0.2484731186836535,0.08584539135109866,0.09015324324043265,0.09149548394275868,0.06861242783024422,7.926953048717215e-05,19,139,0.09836476154488788,0.23846276125141677,False,False,False,1.0838608407650979e-05,COMPLETE
1516,0.5520801067352294,2025-04-16 22:14:23.297135,2025-04-16 22:14:45.788641,0 days 00:00:22.491506,0.519582177557952,0.9630413034794878,2,0.10441978667874748,0.23948223757947815,0.07834287806308957,0.09659053575249263,0.09105131923042033,0.07544350756294113,3.310675027171762e-05,25,131,0.009770519208616109,0.25038820993604016,False,False,False,1.858132983638516e-05,COMPLETE
1517,0.33695757985115055,2025-04-16 22:14:46.295731,2025-04-16 22:15:09.565826,0 days 00:00:23.270095,0.5796361878223628,0.9509305175316262,2,0.09831403672631518,0.2241744415175434,0.0952403169081666,0.0941882857039554,0.09982694796828522,0.06691989337892941,4.7562863883800544e-05,26,134,0.006014527687955687,0.24350311238639288,False,False,False,2.3692700893286605e-05,COMPLETE
1518,0.4218202233314514,2025-04-16 22:15:10.059773,2025-04-16 22:15:19.160575,0 days 00:00:09.100802,0.4892669336426772,0.9678911045110575,16,0.11390344301001956,0.2514299864353993,0.08123114583581836,0.09837336481996949,0.0972251858897215,0.07753469420802098,5.959850646576387e-05,26,141,0.010257171097866037,0.2517170454163922,False,False,False,8.550055932918834e-06,COMPLETE
1519,0.5909744024276734,2025-04-16 22:15:19.651779,2025-04-16 22:15:42.869792,0 days 00:00:23.218013,0.5404159327280859,0.9786130174431541,2,0.09088834529147073,0.26580393286858434,0.0799348300173376,0.09167330482748096,0.09431257894614146,0.07331099452364105,3.8976310387254365e-05,26,129,0.007800819354935489,0.22771580559493812,False,False,False,1.2994597790732513e-05,COMPLETE
1520,0.6080954551696778,2025-04-16 22:15:43.357946,2025-04-16 22:16:06.178826,0 days 00:00:22.820880,0.4998267082251021,0.9984269925211732,2,0.10522005183117614,0.24369019252599985,0.07753826964398719,0.088586325029554,0.09065407331521326,0.0712999533122978,5.031973290811969e-05,25,135,0.010690798856694788,0.2354919154899595,False,False,False,1.5708710211342718e-05,COMPLETE
1521,0.5795530319213867,2025-04-16 22:16:06.684188,2025-04-16 22:16:29.218770,0 days 00:00:22.534582,0.4883015450160473,0.9979402970437083,2,0.11910337616712505,0.2595107208198434,0.0778781300966781,0.09838026986135359,0.09168247466927189,0.07079889812607147,7.039592086754317e-05,25,132,0.008397667651824793,0.2267787867228165,False,False,False,2.4046847410705822e-05,COMPLETE
