number,value,datetime_start,datetime_complete,duration,params_alpha-eval,params_alpha-train,params_batch-size,params_eps-eval,params_eps-train,params_lambda-actions-eval,params_lambda-actions-train,params_lambda-frames-eval,params_lambda-frames-train,params_learning-rate,params_n-epochs,params_n-frames,params_radius-gw,params_rho,params_std-feats,params_ub-actions,params_ub-frames,params_weight-decay,state
227,0.4452330827713013,2025-04-09 11:49:39.611671,2025-04-09 11:49:46.348660,0 days 00:00:06.736989,0.16206909504165398,0.15603745376158368,8,0.10348562560576516,0.033285835621331375,0.023462051325264324,0.08801752032644686,0.06917467087919701,0.005889666003064967,0.09990672404436965,6,25,0.022163796061446008,0.26986582331538267,False,False,True,5.042113920795249e-05,COMPLETE
228,0.5695614576339723,2025-04-09 11:49:46.423112,2025-04-09 11:49:53.586874,0 days 00:00:07.163762,0.19500386745318116,0.04113139327690732,8,0.13798728663006554,0.01919669224059283,0.01910756281145019,0.09494482585027544,0.06568511721748639,0.0025038481365729187,0.05370014109795641,9,23,0.020585089023742006,0.28815542774715314,False,False,True,6.295568135123963e-05,COMPLETE
229,0.561063802242279,2025-04-09 11:49:53.660867,2025-04-09 11:50:00.756423,0 days 00:00:07.095556,0.19658233221800456,0.03115797519096277,8,0.14960218754712276,0.027450801122960316,0.019349153872075035,0.09741572266072684,0.0631763444684743,0.0031041219519770103,0.04165937705233661,9,23,0.02083267155967006,0.2910443088218947,False,False,True,6.828216443972733e-05,COMPLETE
230,0.550306785106659,2025-04-09 11:50:00.831075,2025-04-09 11:50:07.911619,0 days 00:00:07.080544,0.20254037039781594,0.029657083821879232,8,0.14924454940202442,0.026851728876185227,0.021294406621242504,0.09724728350008584,0.06421195575106842,0.0036267875268959572,0.042283996387082176,9,23,0.020755976067812317,0.29151606410097713,False,False,True,6.89342343497698e-05,COMPLETE
231,0.5563624620437623,2025-04-09 11:50:07.987933,2025-04-09 11:50:15.164661,0 days 00:00:07.176728,0.19500699655920112,0.04729164998464497,8,0.13819296041949283,0.010911363663178804,0.018614829891922768,0.09564454960475034,0.003703894050801758,0.002808190238326993,0.05003681022622073,9,29,0.02374841421811087,0.28955095003934783,False,False,True,0.0001459382766239848,COMPLETE
232,0.5767356514930726,2025-04-09 11:50:15.238978,2025-04-09 11:50:22.360977,0 days 00:00:07.121999,0.1846174334922104,0.03912923132255846,8,0.14768019470888488,0.020974565892031616,0.01627899372414922,0.0948566379298855,0.06208715680443692,0.005535926419815612,0.05848363226276458,9,27,0.019985653391424742,0.25604177752437407,False,False,True,6.211021785513693e-05,COMPLETE
233,0.5883160471916199,2025-04-09 11:50:22.445680,2025-04-09 11:50:29.736574,0 days 00:00:07.290894,0.1846536876742166,0.028554915548703666,8,0.15691876811819008,0.022342076837595398,0.0165274653006686,0.09441246127760564,0.06551528993487875,0.0069452056788574055,0.05852389311841648,10,26,0.020577471813484096,0.259304252670649,False,False,True,6.0684098287936516e-05,COMPLETE
234,0.4783560991287232,2025-04-09 11:50:29.812120,2025-04-09 11:50:38.095924,0 days 00:00:08.283804,0.14764363723909754,0.012540479145735597,8,0.15645120706713422,0.025083521057731973,0.019615532860830846,0.09485180905870243,0.06094574500316905,0.006001174923891448,0.05475824982165347,17,27,0.019848017877658254,0.259602914875237,False,False,True,0.00011052086353875533,COMPLETE
235,0.3040150046348572,2025-04-09 11:50:38.171134,2025-04-09 11:50:45.266053,0 days 00:00:07.094919,0.21512571159910138,0.034361108903779934,8,0.1643599519475544,0.022183245830152836,0.017161844930324174,0.09704957786352406,0.057577704706008856,0.00482335507329003,0.04101464138978457,9,30,0.02119260419282399,0.25026650178466314,False,False,True,6.249297096375846e-05,COMPLETE
236,0.5749183535575867,2025-04-09 11:50:45.341014,2025-04-09 11:50:52.570240,0 days 00:00:07.229226,0.18339840616083025,0.03015230318029615,8,0.14690467683629463,0.03024484182000324,0.014280339080045942,0.09822373450425899,0.06293640436342142,0.0029545217328486926,0.05299141733930758,10,25,0.019235243412275175,0.2570398527476241,False,False,True,7.137473660480341e-05,COMPLETE
237,0.4459842920303345,2025-04-09 11:50:52.646296,2025-04-09 11:50:59.921774,0 days 00:00:07.275478,0.11779127416864789,0.036331659200798255,8,0.14480001271063223,0.0332548339725309,0.018151121644380118,0.09886462211237766,0.06513641564941161,0.006796656954505676,0.05646731679768373,10,26,0.01593463582032931,0.2554620373482481,False,True,True,9.580156544549286e-05,COMPLETE
238,0.5723267555236816,2025-04-09 11:50:59.997340,2025-04-09 11:51:07.387327,0 days 00:00:07.389987,0.1774090562895395,0.052563186713148746,8,0.13843037545045883,0.0184193486061816,0.015491211431027043,0.0939328406869298,0.06674831525446016,0.002663805922074945,0.06273481358439506,11,19,0.01826837353805072,0.2631009529338361,False,False,True,6.397201540763554e-05,COMPLETE
239,0.44518939256668094,2025-04-09 11:51:07.473772,2025-04-09 11:51:14.896845,0 days 00:00:07.423073,0.17587426871826967,0.014453615405328808,8,0.13908828866983136,0.11357429481976727,0.014594794360109326,0.09522224821980316,0.06569442362624811,0.00497426194255311,0.05393631920063182,11,18,0.02283438380234171,0.26438967472124775,False,False,True,7.747434403731213e-05,COMPLETE
240,0.33068665862083435,2025-04-09 11:51:14.974199,2025-04-09 11:51:22.198591,0 days 00:00:07.224392,0.15141807949702976,0.04342950381062009,8,0.15772062017454058,0.01982250368261941,0.016282090332409266,0.09412611087648587,0.0675402819809903,0.007090124816524584,0.06459002817197143,10,115,0.015324377457075572,0.26047679173244975,False,False,True,5.9112126466063146e-05,COMPLETE
241,0.5622440695762635,2025-04-09 11:51:22.275264,2025-04-09 11:51:29.456704,0 days 00:00:07.181440,0.18441348611018205,0.06150768409237731,8,0.15023581472808942,0.014804146956076045,0.015349022753276383,0.0021679123159067046,0.05933516736253768,0.002511186017001209,0.07153760500507197,9,20,0.018507386145689426,0.24509891098099756,False,False,True,5.4634965930586803e-05,COMPLETE
242,0.4893598318099976,2025-04-09 11:51:29.533024,2025-04-09 11:51:36.946305,0 days 00:00:07.413281,0.18395160892568327,0.05506375423340034,8,0.153280515739794,0.006907643491181518,0.015219354652943945,0.00942672585659642,0.059585803344319635,0.002959384966350033,0.06902685495831194,11,24,0.01782892631818603,0.24325908809607866,False,False,True,5.414247013617305e-05,COMPLETE
243,0.4758182644844055,2025-04-09 11:51:37.023396,2025-04-09 11:51:44.349627,0 days 00:00:07.326231,0.1595000729434618,0.07684820059457663,8,0.14422924211513405,0.01903031260998817,0.013785910907785184,0.09229981847036263,0.06303187424475987,0.004829777559805926,0.04623234291742336,10,18,0.01940441218984988,0.2450310866384886,False,False,True,8.603336801612419e-05,COMPLETE
244,0.47349631786346436,2025-04-09 11:51:44.428396,2025-04-09 11:51:51.720139,0 days 00:00:07.291743,0.18003377002688534,0.04727299900694405,8,0.13862561883914726,0.011638782378435356,0.0158444118824786,0.09431086815657634,0.06549850728770033,0.0031320700537038147,0.05975341576150082,10,13,0.017284492475915278,0.255462403570289,False,False,True,5.269719761576881e-05,COMPLETE
245,0.5686777710914612,2025-04-09 11:51:51.810295,2025-04-09 11:51:58.908356,0 days 00:00:07.098061,0.24635138810963636,0.06566167593849834,8,0.14859382434400878,0.022061871997089703,0.01701454926970132,0.03164232812809957,0.06870846944464643,0.005210558106984699,0.07201328527741656,9,27,0.02130796170965482,0.2665020300153583,False,False,True,7.13881455316399e-05,COMPLETE
246,0.09511053711175918,2025-04-09 11:51:58.986576,2025-04-09 11:52:06.084808,0 days 00:00:07.098232,0.24035952246521214,0.02623775105333128,8,0.1494894136910445,0.026093618514702304,0.016216104718701642,0.029419650648264992,0.06868368709476609,0.0052989724338293916,4.229396864420235e-05,9,27,0.021818043312962863,0.26618262927889647,False,False,True,0.00012355449982542102,COMPLETE
247,0.5357863426208497,2025-04-09 11:52:06.164321,2025-04-09 11:52:13.330917,0 days 00:00:07.166596,0.22585876284885903,0.061736036003528005,8,0.1461299584418652,0.037222464918496345,0.017458917926217014,0.01930153881522825,0.06630132643442779,0.0026553462269555883,0.04942221667438045,9,30,0.019643634862251274,0.26284587913774216,False,False,True,6.958440983019531e-05,COMPLETE
248,0.47236520051956177,2025-04-09 11:52:13.412499,2025-04-09 11:52:20.620466,0 days 00:00:07.207967,0.12832689134100492,0.04558962897863743,8,0.16093245928257144,0.005995147980721295,0.013532233006549274,0.04348950508084624,0.06948572205283787,0.007058775342759799,0.06867110244336233,10,20,0.02392248635905574,0.27310489787002346,False,False,True,4.682552766320178e-05,COMPLETE
249,0.48122209310531616,2025-04-09 11:52:20.701883,2025-04-09 11:52:28.107208,0 days 00:00:07.405325,0.20402548989377772,0.07497527305554642,8,0.153697105555204,0.02053620888860111,0.02024991838908632,0.04783140645363086,0.06397729700909298,0.004502589439389383,0.03607102329653916,11,25,0.02193844001013299,0.23223728034676977,False,False,True,8.6390664998791e-05,COMPLETE
250,0.4488603055477143,2025-04-09 11:52:28.186652,2025-04-09 11:52:35.406256,0 days 00:00:07.219604,0.16526670179602154,0.026080413745339016,8,0.1357049625788389,0.01349350711340586,0.01388494000041528,0.0050250362609872284,0.06772562409524667,0.0023202981839604135,0.05443377987162333,10,16,0.01576993202364207,0.2570392673900483,False,False,True,5.9358399910781095e-05,COMPLETE
251,0.08701243549585343,2025-04-09 11:52:35.497152,2025-04-09 11:52:42.583235,0 days 00:00:07.086083,0.25331423777340467,0.060186285252714175,8,0.13058307428621874,0.15710911105541384,0.01635836388267209,0.04029419762068565,0.05138944584695675,0.006219075754937575,0.07724170658148473,9,22,0.018832773733216658,0.24908216412735595,False,False,True,4.4717696741679324e-05,COMPLETE
252,0.5653581976890564,2025-04-09 11:52:42.665631,2025-04-09 11:52:49.788160,0 days 00:00:07.122529,0.18273106270437717,0.07387892782497331,8,0.17281649883995415,0.008173087593694209,0.023217825497508116,0.09123737660618043,0.07047405761168646,0.008570506570536382,0.06080912194424568,9,19,0.020877417527094995,0.2684337496732012,False,False,True,6.306781243020406e-05,COMPLETE
253,0.5666016936302185,2025-04-09 11:52:49.868705,2025-04-09 11:52:56.993242,0 days 00:00:07.124537,0.1469183845213554,0.08503294049326204,8,0.17132741458494824,0.005920688506493965,0.018646608345930148,0.09067497141869281,0.04426066778037589,0.0029625460582583347,0.06037833595903874,9,18,0.025061590725371542,0.269088592395893,False,False,True,9.629806123105962e-05,COMPLETE
254,0.41965265870094304,2025-04-09 11:52:57.073517,2025-04-09 11:53:04.234994,0 days 00:00:07.161477,0.14589384381764262,0.08580089248932636,8,0.1739035019254088,0.0008284330296885163,0.02275665267495617,0.09185612542146616,0.04627382659964494,0.0048528320814548165,0.04793236109746378,10,11,0.02507726993828466,0.2725533699339371,False,False,True,0.00011068392820050934,COMPLETE
255,0.4669217884540558,2025-04-09 11:53:04.316916,2025-04-09 11:53:11.448110,0 days 00:00:07.131194,0.10279225597083837,0.08306839763398764,8,0.1683037213406693,0.005299850667019241,0.026133317436797303,0.03456335295377977,0.043471619792822304,0.009925926220417543,0.06211734413493636,9,15,0.02205058824238897,0.2682449851858492,False,False,True,7.863974627056034e-05,COMPLETE
256,0.5683059692382812,2025-04-09 11:53:11.530480,2025-04-09 11:53:18.676561,0 days 00:00:07.146081,0.1435339756399779,0.04193290382148522,8,0.16221286403980073,0.007092088542402764,0.018926474567043418,0.09077168103573918,0.040471418911092585,0.004345134905662223,0.058416259271446745,9,18,0.02455395224382285,0.26585944862280303,False,False,True,9.712834775942652e-05,COMPLETE
257,0.5153081178665161,2025-04-09 11:53:18.768660,2025-04-09 11:53:25.861563,0 days 00:00:07.092903,0.0740155404141527,0.028593837800752885,8,0.18109843540182097,0.006327402720627593,0.021027466825741234,0.09003012431752826,0.041856265543453855,0.00383404153115716,0.0365329532018914,9,14,0.025622978639175436,0.27384877177650013,False,False,True,9.098597203524176e-05,COMPLETE
258,0.5710410118103028,2025-04-09 11:53:25.943424,2025-04-09 11:53:33.203633,0 days 00:00:07.260209,0.13721860947932227,0.04092987568567109,8,0.17287602982781508,0.009041914979061481,0.018547529245301425,0.0946579613575834,0.04492740251240258,0.0010149487289327875,0.053281319157504045,10,18,0.02361117210274137,0.26239571732178146,False,False,True,6.833790457793333e-05,COMPLETE
259,0.5668978452682495,2025-04-09 11:53:33.288006,2025-04-09 11:53:40.515091,0 days 00:00:07.227085,0.1342284006524236,0.0407976019358283,8,0.1620916192983349,0.0047435954009312714,0.023746510874274783,0.09480245117935951,0.04046290106573518,0.0012005364002604295,0.04547471902592582,10,18,0.02431319654733828,0.26086183355650056,False,False,True,0.00012982228521147906,COMPLETE
260,0.4984911918640137,2025-04-09 11:53:40.596651,2025-04-09 11:53:47.823296,0 days 00:00:07.226645,0.11870709464379009,0.011174338330319743,8,0.16878883779719706,0.0033149108406805724,0.02365352574890673,0.09498780433951569,0.03954555086743486,0.0010625467893379745,0.0436037940986586,10,10,0.024238936483667,0.2651555772969765,False,False,True,0.00013734232425720885,COMPLETE
261,0.4929086804389954,2025-04-09 11:53:47.906298,2025-04-09 11:53:55.288274,0 days 00:00:07.381976,0.12828202174773146,0.04042433748351548,8,0.1746040042935319,0.0007484266580454835,0.019306599661871978,0.0988458330730434,0.04443127599740214,0.0011249904330893554,0.05252954197121735,10,20,0.02306278087373687,0.2593473148365792,False,False,True,0.00016904244286657303,COMPLETE
262,0.2217479407787323,2025-04-09 11:53:55.372347,2025-04-09 11:54:02.579985,0 days 00:00:07.207638,0.09268243883010993,0.04066644117115423,8,0.18911605439020776,0.00852135686860497,0.01866088504825824,0.0964451422111904,0.03868892182462084,0.0027538097749572697,0.05910219299423842,10,14,0.02423618914433776,0.26104182645397683,False,True,True,0.0001285930597572872,COMPLETE
263,0.5494364500045776,2025-04-09 11:54:02.672771,2025-04-09 11:54:10.141519,0 days 00:00:07.468748,0.13128469029030373,0.023915831766741724,8,0.17106366781790935,0.008787855349239346,0.022626468424935094,0.09352353097295427,0.04524771995771093,0.002531857068020423,0.03060551510922312,11,17,0.026843770785947497,0.2686811177590198,False,False,True,9.97752509540456e-05,COMPLETE
264,0.5761064171791077,2025-04-09 11:54:10.225872,2025-04-09 11:54:17.444899,0 days 00:00:07.219027,0.14996806950345526,0.6611383198687308,8,0.16273745423564512,0.004966201356205995,0.02080729964325494,0.09118077490470643,0.042142644669396837,0.0037506507214450585,0.042101756063014056,9,23,0.020582214710579333,0.2577349491039111,False,False,True,0.00021596955423532776,COMPLETE
265,0.4704376578330994,2025-04-09 11:54:17.529351,2025-04-09 11:54:24.971777,0 days 00:00:07.442426,0.13729031786002244,0.011305957404757754,8,0.16192285843203294,0.0007036645214790506,0.020616918249212645,0.09392135340014078,0.04218457994431735,0.001077101741441073,0.03724741457421098,11,28,0.023221295374481133,0.2557618597883607,False,False,True,0.00017964955921325474,COMPLETE
266,0.5016387104988098,2025-04-09 11:54:25.057186,2025-04-09 11:54:32.336888,0 days 00:00:07.279702,0.11054085114230894,0.674165732946612,8,0.1608243981726254,0.00801867147030091,0.01798153170484804,0.09587131722862474,0.03622970481762684,0.004037875442453336,0.04574032969623318,10,24,0.0255691485482009,0.2612498661367627,False,False,True,7.750471725939159e-05,COMPLETE
267,0.08751273900270462,2025-04-09 11:54:32.422681,2025-04-09 11:54:39.506468,0 days 00:00:07.083787,0.14792876255025353,0.7803208327092466,8,0.16643460179618616,0.0005286697269426908,0.017739104956397602,0.09216233771437943,0.041524322738558064,0.005377119834010313,6.288795761652381e-05,9,23,0.02044057378220758,0.25518264761267995,False,False,True,0.00020959417312708733,COMPLETE
268,0.3713553249835968,2025-04-09 11:54:39.601618,2025-04-09 11:54:51.229230,0 days 00:00:11.627612,0.16348802154737294,0.04503159998898462,2,0.15538573076886456,0.011241778681231104,0.020262372443581908,0.09776623397873714,0.048528681887568835,0.0028180756221455206,0.04950329718292634,10,22,0.022624489324728048,0.26132268121867797,False,False,True,0.00011701230495888193,COMPLETE
269,0.4979946970939636,2025-04-09 11:54:51.314914,2025-04-09 11:54:59.478535,0 days 00:00:08.163621,0.144328676737088,0.697659060365725,8,0.15980143365533633,0.004866118989653114,0.01677972802629578,0.08998864604934856,0.03767981910661004,0.0011498248625147602,0.04219386878032772,16,26,0.021252189181460223,0.27556278093704756,False,False,True,9.843519548331979e-05,COMPLETE
270,0.4407279014587403,2025-04-09 11:54:59.564387,2025-04-09 11:55:06.676713,0 days 00:00:07.112326,0.16466414732478357,0.7246709962978631,8,0.14221184723069252,0.011152961557457888,0.021309106813842127,0.09312235627318566,0.03423444306970387,0.004170903982017684,0.05943641607661638,9,16,0.01970210692594761,0.251471169075497,False,False,True,7.269569357725773e-05,COMPLETE
271,0.5666324853897096,2025-04-09 11:55:06.762944,2025-04-09 11:55:13.880397,0 days 00:00:07.117453,0.1110010509105469,0.6321411837137654,8,0.15335165065179376,0.01129163650328498,0.01735179638058129,0.09055349630623812,0.04066613577256817,0.006268976519325837,0.05291930671254409,9,20,0.025617508948435307,0.26716367789543444,False,False,True,6.396025429238587e-05,COMPLETE
272,0.08944964855909349,2025-04-09 11:55:13.968584,2025-04-09 11:55:20.926386,0 days 00:00:06.957802,0.10339620179721985,0.618662904181379,8,0.15399228228830034,0.19319579511756155,0.027832586992278616,0.09982646637076727,0.03991241034132661,0.005503547751163803,0.03222950708262485,8,28,0.02729607313390291,0.25615567070342865,False,False,True,0.00021872347544706332,COMPLETE
273,0.47331793308258063,2025-04-09 11:55:21.024012,2025-04-09 11:55:28.515733,0 days 00:00:07.491721,0.11779200357595114,0.6458300367008296,8,0.1661261299874619,0.005392557243062184,0.01833238894084736,0.09071862939442371,0.04830636235535561,0.0032558090761919344,0.04081667326284247,11,21,0.0248723799920383,0.27041775718937805,False,False,True,7.345318820152e-05,COMPLETE
274,0.4397760570049286,2025-04-09 11:55:28.602455,2025-04-09 11:55:35.907887,0 days 00:00:07.305432,0.1377258119564019,0.044733896799178635,8,0.14787678855643674,0.000165976516344934,0.01563677266804536,0.0946527738087849,0.04390352704860069,0.00673384388000915,0.05116613970320689,10,31,0.01662815450583138,0.26058805594336265,False,False,True,9.843857930389028e-05,COMPLETE
275,0.4073610842227936,2025-04-09 11:55:35.994581,2025-04-09 11:55:42.952611,0 days 00:00:06.958030,0.08892480887230046,0.6796302153744294,8,0.1583005065379325,0.021733130722094793,0.019308635954902963,0.08975934576074576,0.041730782207344934,0.0031482167356053884,0.05404721480644712,9,8,0.019953509169226967,0.24082212353189897,False,False,True,0.00013026514891433685,COMPLETE
276,0.5632283091545105,2025-04-09 11:55:43.039889,2025-04-09 11:55:50.016771,0 days 00:00:06.976882,0.05855720208171036,0.4324269024034747,8,0.14131679192402807,0.01156298770390649,0.017308832257929837,0.0920865486942659,0.0379198869440478,0.005262210664542505,0.06362962031717788,8,23,0.022794709558457985,0.25022088852200747,False,False,True,5.9525477264997925e-05,COMPLETE
277,0.4399851560592652,2025-04-09 11:55:50.105425,2025-04-09 11:55:57.166513,0 days 00:00:07.061088,0.1696839155467336,0.6284891726072332,8,0.15233089820120443,0.006368862807283524,0.015207435995251435,0.0964626017164588,0.04056331712159198,0.0011296642209545926,0.044498979196924936,9,14,0.0266877945916683,0.27710654227376214,False,False,True,7.637871432677775e-05,COMPLETE
278,0.45596055984497075,2025-04-09 11:55:57.266838,2025-04-09 11:56:04.514628,0 days 00:00:07.247790,0.1430937978459726,0.6640930793384501,8,0.16216859477998963,0.028583646198200342,0.02499117508953959,0.08957879680716846,0.043149034168174435,0.003978228544624523,0.06819542959821953,10,20,0.017793964365144303,0.2663058772884638,False,False,True,4.7602739328245826e-08,COMPLETE
279,0.4675227761268616,2025-04-09 11:56:04.603088,2025-04-09 11:56:11.609669,0 days 00:00:07.006581,0.12167243817234313,0.053119940303902574,8,0.14448469178752235,0.020508281973371262,0.01906796928076176,0.09378529111031482,0.04700873955319099,0.0067461839466195096,0.0006557227209578366,8,26,0.02149736288241302,0.2558340458107813,False,False,True,5.018026565941978e-05,COMPLETE
280,0.4248017013072968,2025-04-09 11:56:11.698290,2025-04-09 11:56:18.775447,0 days 00:00:07.077157,0.1770569155240746,0.027720696656362752,8,0.1385740108036529,0.012057067025680403,0.013285231727649796,0.09135260623115939,0.0329533186056011,0.0031596365071285327,0.03688131481254357,9,11,0.019630074933629095,0.2616993084365252,False,False,True,9.534454920064572e-05,COMPLETE
281,0.4657621383666993,2025-04-09 11:56:18.864927,2025-04-09 11:56:25.942496,0 days 00:00:07.077569,0.21344216184441633,0.5777432451052368,8,0.1751231369856729,0.005840024923437284,0.016341592424726985,0.08893844137790921,0.04066826515016183,0.0011019349631801731,0.051599125083219614,9,17,0.024033618744206744,0.2469118721793914,False,False,True,6.501861335796784e-05,COMPLETE
282,0.4761584162712097,2025-04-09 11:56:26.034508,2025-04-09 11:56:33.323974,0 days 00:00:07.289466,0.15991395997716965,0.6462342358029277,8,0.14900060885382907,0.014660686588228342,0.02179976387923082,0.09525323096058971,0.0678616873450446,0.005430394754341797,0.0025258111785824307,10,22,0.02169806544309838,0.27173243461175134,False,True,True,0.00013604912617788356,COMPLETE
283,0.4812318086624146,2025-04-09 11:56:33.413893,2025-04-09 11:56:40.377647,0 days 00:00:06.963754,0.18575726679043442,0.04810366542197192,8,0.15746518205576363,0.024764607908557973,0.01953327122618224,0.097701433010788,0.04393360292645477,0.007888829434225066,0.07143117417253968,8,19,0.016685157203385866,0.2369152431045609,False,False,True,5.381226761681371e-05,COMPLETE
