number,value,datetime_start,datetime_complete,duration,params_alpha-eval,params_alpha-train,params_batch-size,params_eps-eval,params_eps-train,params_lambda-actions-eval,params_lambda-actions-train,params_lambda-frames-eval,params_lambda-frames-train,params_learning-rate,params_n-epochs,params_n-frames,params_radius-gw,params_rho,params_std-feats,params_ub-actions,params_ub-frames,params_weight-decay,state
560,0.08915058225393296,2025-04-16 16:21:59.903579,2025-04-16 16:22:10.352168,0 days 00:00:10.448589,0.45745116688596893,0.40081241437541615,8,0.19402235710005972,0.20945363420397398,0.08311916645998273,0.00920755810230238,0.04174144868260628,0.006741931175805349,6.216493355414989e-05,29,132,0.002688604848550982,0.24720519970507543,False,False,True,0.0008141588318613048,COMPLETE
561,0.5592690825462341,2025-04-16 16:22:10.527356,2025-04-16 16:22:21.729199,0 days 00:00:11.201843,0.5029972980416654,0.32488768746456087,8,0.16699425908263735,0.06463703109521289,0.08111077771206264,0.006656358220298455,0.0510473528142474,0.052302747967177515,7.171335420751459e-05,28,133,0.008938503246298817,0.2608173479761645,False,False,False,0.0009924634641632047,COMPLETE
562,0.5902847051620483,2025-04-16 16:22:21.906238,2025-04-16 16:22:33.407675,0 days 00:00:11.501437,0.4521193245191751,0.49941010127775043,8,0.1776687656767717,0.22284600912934566,0.07830038669648277,0.0035977433458553023,0.04805904404636595,0.004647259675218422,7.595947016825479e-05,30,135,0.00787033271182735,0.26958597085887787,False,False,False,0.000710400029185553,COMPLETE
563,0.09320031553506852,2025-04-16 16:22:33.595500,2025-04-16 16:22:44.076422,0 days 00:00:10.480922,0.4611738426935771,0.49949392810709475,8,0.18248629990760198,0.2351555932410339,0.07776987340835018,0.001731621661691846,0.04476692691265542,0.004222733469007768,5.715400405934063e-05,30,139,0.004563892523740511,0.27041201318055275,False,True,False,0.0006624078852853728,COMPLETE
564,0.34432637095451357,2025-04-16 16:22:44.256368,2025-04-16 16:22:55.711810,0 days 00:00:11.455442,0.4472132337608184,0.4888430506232984,8,0.18718403226397964,0.21919910197375314,0.0752544325732459,0.0036731311850172824,0.0471885266641149,0.002764429915553092,7.063120653471589e-05,30,92,0.006609535806830342,0.2660043003417579,False,False,False,0.0006454384573053415,COMPLETE
565,0.566355037689209,2025-04-16 16:22:55.902380,2025-04-16 16:23:07.374288,0 days 00:00:11.471908,0.46544918493015003,0.5128381658725806,8,0.17482931032702173,0.2188678640891519,0.07856460014573736,0.005692068198443992,0.04179567135779906,0.016594951001888396,7.783867051000735e-05,30,142,0.007526248787119404,0.25526853016579715,False,False,False,0.000810517255764685,COMPLETE
566,0.5106903553009033,2025-04-16 16:23:07.553350,2025-04-16 16:23:19.073035,0 days 00:00:11.519685,0.5110088811246576,0.4655811725663652,8,0.1787875006111764,0.23323688379348756,0.0740871535953458,0.003544574864625826,0.06705599059419125,0.005827965180796203,5.968858378030358e-05,30,137,0.00863898262722532,0.26326331724007995,False,False,False,0.0005986052640228611,COMPLETE
567,0.34858075976371766,2025-04-16 16:23:19.264244,2025-04-16 16:23:30.740403,0 days 00:00:11.476159,0.43854112203144724,0.5257807973136899,8,0.17527283135825378,0.2122512993707436,0.08010654736489005,0.004921521732904957,0.06415950657345812,0.011352249561451566,7.92951479975553e-05,30,135,0.005205242368535316,0.24787113193249563,False,False,False,0.0007200584726797751,COMPLETE
568,0.5767351031303406,2025-04-16 16:23:30.919010,2025-04-16 16:23:42.468639,0 days 00:00:11.549629,0.47859189122888846,0.452329155233077,8,0.18462832312258562,0.2275796822287969,0.07672378445753276,0.008397387449079596,0.03902250994025992,0.003929015087732404,8.39064244803666e-05,30,134,0.009848589247752747,0.27230364670683904,False,False,False,0.0009891535344163584,COMPLETE
569,0.3266447126865387,2025-04-16 16:23:42.660568,2025-04-16 16:23:54.694858,0 days 00:00:12.034290,0.4523172068432093,0.5027965468846051,8,0.1688029939876659,0.21960793286707658,0.08103673891996757,0.005753809122148199,0.043868442149593435,0.01000788669787199,6.465465608765857e-05,30,140,0.0032372655997921496,0.25987341414059,True,False,False,0.0006043523413124069,COMPLETE
570,0.35392335057258606,2025-04-16 16:23:54.875072,2025-04-16 16:24:06.184985,0 days 00:00:11.309913,0.428213535137765,0.5430575728338026,8,0.13746482456253298,0.20421733085201116,0.07862466050351681,0.009212307792338434,0.046249895915408144,0.01479707596266791,4.6688272109318514e-05,29,131,0.007583873378642492,0.2539382325661194,False,False,False,0.0007857415440190286,COMPLETE
571,0.5715116500854492,2025-04-16 16:24:06.365041,2025-04-16 16:24:17.917651,0 days 00:00:11.552610,0.4833955165658676,0.5257422476163919,8,0.1794887467275274,0.22836339042739065,0.08317898683849886,0.0015339663197734789,0.04831459548904201,0.006786712928687857,8.047141033754573e-05,30,137,0.010219883350098826,0.2686559242445662,False,False,False,0.0005031191717741684,COMPLETE
572,0.3473779320716858,2025-04-16 16:24:18.109567,2025-04-16 16:24:29.598829,0 days 00:00:11.489262,0.4430127918122573,0.47602652796153594,8,0.19158407019439044,0.2081853082520645,0.07634624858867183,0.007749675990589336,0.06840128973522662,0.0013049013671956851,9.431840266002548e-05,29,132,0.006193852243230552,0.265030618674211,False,False,False,0.0009961675668296054,COMPLETE
573,0.33695735931396487,2025-04-16 16:24:29.779496,2025-04-16 16:24:55.514685,0 days 00:00:25.735189,0.4149763078192839,0.9979197327584121,2,0.16845332058092602,0.19989521050375303,0.07364233442422961,0.010566207147600495,0.042389156408683404,0.004514249998425609,5.144718081618996e-05,30,82,0.011615756231382359,0.274000249338666,False,False,False,0.0006196401819889739,COMPLETE
574,0.5721277594566345,2025-04-16 16:24:55.706479,2025-04-16 16:25:07.000558,0 days 00:00:11.294079,0.4668588791147935,0.4449487697368552,8,0.17578201657183568,0.20407926507742807,0.08127230794981692,0.003310620006574814,0.04465397790027619,0.012823783331332932,7.203384944998756e-05,29,135,0.00846443767003916,0.258124505563223,False,False,False,0.0007687630642158751,COMPLETE
575,0.5087496042251587,2025-04-16 16:25:07.181358,2025-04-16 16:25:18.731823,0 days 00:00:11.550465,0.5010044035557142,0.41430398064491253,8,0.1396453413212977,0.24009529449808903,0.07869218263544901,0.006231764713236981,0.05116105123043334,0.008888139566152562,9.715868855012084e-05,30,129,0.00978353673407511,0.2430194547740716,False,False,False,0.0005281103192782066,COMPLETE
576,0.37029743790626524,2025-04-16 16:25:18.924785,2025-04-16 16:25:28.612239,0 days 00:00:09.687454,0.4345651886036898,0.5013862146208408,8,0.16475817400674325,0.2117066422944002,0.08258865986506157,0.009475499108878578,0.03939380435362256,0.005581441444592824,7.857658586394274e-05,19,131,0.011958446225372293,0.280097996963421,False,False,False,0.0007927868375810151,COMPLETE
577,0.3443520665168762,2025-04-16 16:25:28.792387,2025-04-16 16:25:40.137519,0 days 00:00:11.345132,0.4144335279777841,0.5459362583287191,8,0.25227866161030826,0.23064229156616897,0.0844152903660632,0.011702233634807975,0.046353989514328356,0.010985773675812516,0.00010010104724293515,29,134,0.007005096587651485,0.25225085404374425,False,False,False,0.000697926576729318,COMPLETE
578,0.43126356601715093,2025-04-16 16:25:40.335940,2025-04-16 16:25:51.789063,0 days 00:00:11.453123,0.4542638172250935,0.46442557176679716,8,0.1715030165953809,0.1950414688352406,0.07947140577398483,0.008816064817223301,0.049425307886708916,0.01677386899226872,6.162837440854512e-05,30,130,0.031325715572800644,0.2677384342955464,False,False,False,0.0005460429832885919,COMPLETE
579,0.08710244596004488,2025-04-16 16:25:51.969238,2025-04-16 16:26:02.487878,0 days 00:00:10.518640,0.3769838146995218,0.5715727183125903,8,0.1823310376976915,0.19965725455938088,0.07717262864241188,0.011356847335892064,0.07683707511958948,0.0010779761396614304,0.0001092876132304899,30,137,0.009185335677334821,0.26322002956881296,False,False,True,0.0008218414320065783,COMPLETE
580,0.3905819296836853,2025-04-16 16:26:02.682104,2025-04-16 16:26:14.107839,0 days 00:00:11.425735,0.5268157284530485,0.41602270936657,8,0.1865105435357866,0.2070261668132416,0.08143741112729576,0.006871300091939345,0.04379851721898509,0.014174012872983496,8.370562051346804e-05,29,128,0.09584323200759884,0.27167148780815553,False,False,False,0.0006670831330524842,COMPLETE
581,0.09500108659267426,2025-04-16 16:26:14.292069,2025-04-16 16:26:24.537979,0 days 00:00:10.245910,0.4316169786063594,0.5331057498221461,8,0.17656771229301307,0.22067018829223425,0.07483888174046702,0.014113133879245959,0.04087585157670142,0.007582178929103335,9.884659745039213e-05,28,133,0.005295762189268593,0.14215671027653545,False,True,False,0.00045490066235035707,COMPLETE
582,0.34628804922103884,2025-04-16 16:26:24.732210,2025-04-16 16:26:36.156516,0 days 00:00:11.424306,0.472482220295212,0.43220304977118396,8,0.1970089726954763,0.024436907581387196,0.08002883041276494,0.00987118933584035,0.04753704863005444,0.003961980482444126,7.004423730699031e-05,30,100,0.011847314651729923,0.25825497245901285,False,False,False,0.0008231672501213008,COMPLETE
583,0.5693223118782044,2025-04-16 16:26:36.339278,2025-04-16 16:26:47.746407,0 days 00:00:11.407129,0.3971351973682109,0.48576750178543465,8,0.1629525829897093,0.21417567274429888,0.08390496519275183,0.012861588657236888,0.0454912809341603,0.010039677285946461,8.480034340100972e-05,29,127,0.00846948490340347,0.24816579987167958,False,False,False,0.0005735400994279218,COMPLETE
584,0.37507558465003965,2025-04-16 16:26:47.929822,2025-04-16 16:26:59.504473,0 days 00:00:11.574651,0.4500218292311185,0.5081568358180826,8,0.13649636477281632,0.19705043563732347,0.07730917921215164,0.005312149250873175,0.04186988082976208,0.012727645548893248,0.00010675425055921831,30,131,0.08901745226980058,0.2775515692542893,False,False,False,0.000979498516109264,COMPLETE
585,0.40832077860832217,2025-04-16 16:26:59.700585,2025-04-16 16:27:11.031318,0 days 00:00:11.330733,0.42446575770614214,0.5474616330381448,8,0.14616224143187762,0.20073883127266032,0.08591982380520327,0.007814639448378439,0.04400418150702584,0.007199326406791943,5.312294195209816e-05,29,139,0.010459796101629561,0.2835367814178041,False,False,False,0.0006858602980962489,COMPLETE
586,0.5440359115600586,2025-04-16 16:27:11.215818,2025-04-16 16:27:22.779400,0 days 00:00:11.563582,0.40389543904883557,0.3457511972877448,8,0.1695326663933443,0.22280705381585755,0.08187221661722308,0.011520315824728632,0.06155923372210205,0.01152613532685926,7.01618192191623e-05,30,134,0.012848695621937176,0.2617288104827089,False,False,False,0.0003746061070193157,COMPLETE
587,0.31409146785736086,2025-04-16 16:27:22.975627,2025-04-16 16:27:34.416893,0 days 00:00:11.441266,0.4915762870057067,0.3941907189169322,8,0.15356562449886402,0.2262692272602073,0.07908151128557714,0.015544059867641135,0.04975348552157497,0.014963375595351006,0.00011204365225421301,29,123,0.08568218873164202,0.2713755200915953,False,False,False,9.968031601512052e-06,COMPLETE
588,0.3492806911468506,2025-04-16 16:27:34.603033,2025-04-16 16:27:46.146972,0 days 00:00:11.543939,0.44590352938649747,0.4504433999028049,8,0.17271009216810418,0.19495902450029404,0.07297030615502341,0.07230485521210694,0.038270039458667485,0.07042056994132032,8.975935547930455e-05,30,128,0.003673453305125819,0.2522398730693161,False,False,False,0.0004969684923644153,COMPLETE
589,0.352184134721756,2025-04-16 16:27:46.345921,2025-04-16 16:27:57.619295,0 days 00:00:11.273374,0.4154801577589917,0.36106788444407556,8,0.16056330691435625,0.17420165853659433,0.08443514371068914,0.02219197573369343,0.04747869085227879,0.009090126716625655,7.910776554147167e-05,28,131,0.007451044533074278,0.29143932604867107,False,False,False,0.0008101023985945174,COMPLETE
590,0.5345687866210938,2025-04-16 16:27:57.805148,2025-04-16 16:28:09.303727,0 days 00:00:11.498579,0.4685347799531495,0.5752071069274184,8,0.18004790530442577,0.210451563274765,0.0753519552578342,0.004806516673703317,0.045305848929798796,0.005604165191079438,6.242274382219052e-05,30,126,0.01093942607862503,0.276903392201964,False,False,False,0.000989131744812994,COMPLETE
591,0.33807898163795475,2025-04-16 16:28:09.503565,2025-04-16 16:28:20.924098,0 days 00:00:11.420533,0.43490721655637105,0.5170346271135301,8,0.1420766711115079,0.1656787036900397,0.08229040060919962,0.008376878808267603,0.043406356448859935,0.017299944917618514,0.00011905450468857559,29,55,0.013347874105277966,0.2859129025504619,True,False,False,0.0006329121934672343,COMPLETE
592,0.5347489476203919,2025-04-16 16:28:21.111175,2025-04-16 16:28:32.578530,0 days 00:00:11.467355,0.38260000031372626,0.42844272671857536,8,0.16568804884905552,0.2062546507866409,0.07999789758981041,0.013532216753625642,0.040866250596797854,0.003461208592163506,9.949317352893489e-05,30,120,0.009131869041667328,0.12910854139016978,False,False,False,0.00032167443283797367,COMPLETE
593,0.342734694480896,2025-04-16 16:28:32.776721,2025-04-16 16:28:44.214066,0 days 00:00:11.437345,0.4544006335929814,0.47346419878525875,8,0.13604108679264576,0.18811644740894926,0.07756178232086311,0.0031407198105154396,0.04842276314958713,0.007628870335175101,0.00013620631868343418,29,135,0.005747504229952759,0.2653739511726025,False,False,False,0.0008045126228762862,COMPLETE
594,0.34630370140075684,2025-04-16 16:28:44.399541,2025-04-16 16:28:55.700841,0 days 00:00:11.301300,0.4092529146178915,0.5624330420778482,8,0.17609547954054233,0.19661440090936397,0.08626396082182232,0.010520728586744538,0.05213833598470168,0.01301132781638278,8.916393087882156e-05,28,142,0.0016678080014684961,0.2581858978647569,False,False,False,0.0004965170291446373,COMPLETE
595,0.5876915216445923,2025-04-16 16:28:55.902656,2025-04-16 16:29:21.417325,0 days 00:00:25.514669,0.4300131422795509,0.4038630100677621,2,0.18722415441265558,0.20311825665330277,0.08309444778992921,0.01196691373699364,0.04659483842895691,0.010310138977079835,3.5136650927059124e-05,30,123,0.012204260355205897,0.2697338519286254,False,False,False,0.0006547336767074973,COMPLETE
596,0.5520264863967895,2025-04-16 16:29:21.603800,2025-04-16 16:29:47.147501,0 days 00:00:25.543701,0.427123162946999,0.40012247131639217,2,0.18597596050613877,0.20294809532227148,0.08435054131217015,0.011752669683996896,0.04738362393063306,0.009883024273354883,3.559906096563177e-05,30,129,0.014112403345332746,0.27350442204061626,False,False,False,0.0006558303118273893,COMPLETE
597,0.3364724814891815,2025-04-16 16:29:47.346182,2025-04-16 16:30:12.883205,0 days 00:00:25.537023,0.39140717778011447,0.3736824130135147,2,0.1919987302199794,0.2142731070950958,0.08282607191244108,0.01298026845459367,0.050494481756819254,0.006076978779877229,3.427503437733228e-05,29,20,0.01229443586717969,0.268386065944226,False,False,False,0.0007773088670111455,COMPLETE
598,0.0882174625992775,2025-04-16 16:30:13.073329,2025-04-16 16:30:23.583497,0 days 00:00:10.510168,0.43782456496025507,0.4129449096684729,8,0.21288051132676916,0.20812678412236182,0.08867058498663491,0.01623108757044837,0.04551252844071642,0.009119123714533606,4.1252194036938634e-05,30,121,0.01471518299994955,0.2822221064436091,False,False,True,0.0006088939117790993,COMPLETE
599,0.5712475180625916,2025-04-16 16:30:23.771708,2025-04-16 16:30:48.770388,0 days 00:00:24.998680,0.37231062996953035,0.38985091533541905,2,0.19017133565872832,0.20250179911114483,0.08590033993613766,0.010069665698128496,0.04663387502229113,0.010803516971581675,5.483937471127293e-05,29,133,0.007638165329750266,0.27741835247591395,False,False,False,0.0009853624479987683,COMPLETE
600,0.17179216146469117,2025-04-16 16:30:48.969708,2025-04-16 16:31:06.065139,0 days 00:00:17.095431,0.416335033332534,0.4436445432896305,2,0.19743405706681041,0.19475138087901878,0.0817397296751417,0.007998976286747594,0.04965228173974545,0.007841981055933174,2.7191018694694187e-05,20,126,0.010191439781849557,0.2871475213736748,False,True,False,0.000811780557511674,COMPLETE
601,0.549244487285614,2025-04-16 16:31:06.253270,2025-04-16 16:31:31.733314,0 days 00:00:25.480044,0.4461040654153945,0.4253008414870992,2,0.18523939449427196,0.215044877219383,0.08398932050273661,0.015444876493126881,0.04368657440942609,0.004843779466927597,3.8619415551624704e-05,30,138,0.01247936627344252,0.2700210953975171,False,False,False,0.0009987194767395755,COMPLETE
602,0.5934530735015869,2025-04-16 16:31:31.933600,2025-04-16 16:31:56.270374,0 days 00:00:24.336774,0.46090670362884567,0.36392407849906616,2,0.17156573621832405,0.1926005843135383,0.09406388863587097,0.014070122487204208,0.04621772184874144,0.0031071424742493874,5.0944490240064884e-05,28,131,0.008780508558420361,0.2922725567323686,False,False,False,0.0006489278719943343,COMPLETE
603,0.3852655708789826,2025-04-16 16:31:56.459686,2025-04-16 16:32:20.929403,0 days 00:00:24.469717,0.47812814639999096,0.39681839765872085,2,0.18167705763376307,0.20173957618258323,0.0759094122044974,0.013087986898278598,0.04829174720362388,0.00316729102832726,4.7022489190480175e-05,28,132,0.06854556783829645,0.2932164541397003,False,False,False,0.0005573883466205723,COMPLETE
604,0.3516796290874481,2025-04-16 16:32:21.128976,2025-04-16 16:32:46.777565,0 days 00:00:25.648589,0.46598335836128524,0.3794655913498366,2,0.20241500833206988,0.1928159739166708,0.091113119953267,0.014386314789965132,0.05415446802940912,0.001658357977724973,2.8679267433358412e-05,30,136,0.004702152498167805,0.2893295504625256,False,False,False,0.00045541421398488815,COMPLETE
605,0.3865947425365448,2025-04-16 16:32:46.968813,2025-04-16 16:33:12.159632,0 days 00:00:25.190819,0.46525253585066245,0.45993628336843645,2,0.1793892903155386,0.20486015151758402,0.09146193473754531,0.006485673466776522,0.04655461344689669,0.002904387757176932,2.2838400452603363e-05,29,131,0.07410351882570525,0.29511371534859715,False,False,False,0.0005920146856171397,COMPLETE
606,0.3479320347309113,2025-04-16 16:33:12.361549,2025-04-16 16:33:37.977028,0 days 00:00:25.615479,0.43516131226509114,0.4193724395389901,2,0.19005688989501943,0.19640755311771335,0.08894958521419767,0.01771207947370061,0.0427247433429502,0.01173985257987436,3.538675730689346e-05,30,134,0.006424174943487336,0.283640393230558,False,False,False,0.0006647074056878593,COMPLETE
607,0.35644057393074036,2025-04-16 16:33:38.171707,2025-04-16 16:34:03.497060,0 days 00:00:25.325353,0.45442428308226634,0.4875931143938523,2,0.17333145143711626,0.20029376818446426,0.09708538649511163,0.014797588300959333,0.048797857242650636,0.008628212394483786,4.31197375207986e-05,29,130,0.008467869471801313,0.29075094747361213,True,False,False,0.0004978751667490466,COMPLETE
608,0.4410513281822205,2025-04-16 16:34:03.700246,2025-04-16 16:34:29.358964,0 days 00:00:25.658718,0.490667839479309,0.43853224671121144,2,0.179509255567188,0.1914105649340914,0.09456612466483437,0.009472715234468519,0.05122317395675828,0.0013022822553399958,0.0007786869953242189,30,137,0.008628831316133978,0.281946475186189,False,False,False,0.0006746707836799847,COMPLETE
609,0.34320456981658937,2025-04-16 16:34:29.551235,2025-04-16 16:34:53.936830,0 days 00:00:24.385595,0.40101670397835426,0.4091314265485101,2,0.17146721641468066,0.20922228346491045,0.0924665700525292,0.011612543958947617,0.045071029893961057,0.004764001189046427,4.089569812925518e-05,28,128,0.00658132632637423,0.2953134556015919,False,False,False,0.0007115404081049762,COMPLETE
610,0.5351386427879334,2025-04-16 16:34:54.139276,2025-04-16 16:35:19.928744,0 days 00:00:25.789468,0.4564959796425877,0.3707687016093766,2,0.1839871682245653,0.1973318394815938,0.0948490545662025,0.006975925714046763,0.04697770423813831,0.06443450984062098,5.8485439217457855e-05,30,140,0.010560001349546296,0.28776072551940135,False,False,False,0.00042303279096887823,COMPLETE
611,0.528818154335022,2025-04-16 16:35:20.120039,2025-04-16 16:35:44.977792,0 days 00:00:24.857753,0.4356152707003369,0.31782139776432927,2,0.1752548265262481,0.21665757873905506,0.09691442101784832,0.017287065344118262,0.0438762587683834,0.01013098336598549,3.202387748648546e-05,29,133,0.014696064259953835,0.27967214204932284,False,False,False,0.0005461264998088143,COMPLETE
612,0.34523911476135255,2025-04-16 16:35:45.182352,2025-04-16 16:36:10.996566,0 days 00:00:25.814214,0.4771074054812267,0.29039055755588317,2,0.16901429449964508,0.22468830915985555,0.08765081261635906,0.004471117739292479,0.04904675453217084,0.0071887444092955735,4.530166585704767e-05,30,129,0.0035460748352382785,0.2754996281241795,False,False,False,0.0008236616949227039,COMPLETE
613,0.5001887083053589,2025-04-16 16:36:11.188305,2025-04-16 16:36:36.208364,0 days 00:00:25.020059,0.4193507146527793,0.3462732124769926,2,0.22547704909629324,0.18883347580850632,0.0929476308978287,0.013037747730760963,0.046308496567614474,0.012556622566839086,5.214153252459176e-05,29,136,0.012928210835533792,0.2872575994890824,False,False,False,0.0006634554383695776,COMPLETE
614,0.5444163680076599,2025-04-16 16:36:36.411379,2025-04-16 16:37:02.020880,0 days 00:00:25.609501,0.39331089232091526,0.5323988240602336,2,0.1768423985798565,0.20598603038068686,0.07811941764901476,0.00981731783654305,0.04213163811542203,0.003779639340798257,2.9059878276873806e-05,30,126,0.008858280502294202,0.29609407166019464,False,False,False,0.0008041732483785292,COMPLETE
615,0.35525797605514525,2025-04-16 16:37:02.212172,2025-04-16 16:37:27.272509,0 days 00:00:25.060337,0.45315914985210953,0.3984596543366612,2,0.18719771381442485,0.19887204029397515,0.07375187111768074,0.01452367359838311,0.0524326683808305,0.010427552410499722,1.8734910676023287e-05,29,131,0.006683269320648813,0.280785958479349,False,False,False,0.000992997588965115,COMPLETE
