number,value,datetime_start,datetime_complete,duration,params_alpha-eval,params_alpha-train,params_batch-size,params_eps-eval,params_eps-train,params_lambda-actions-eval,params_lambda-actions-train,params_lambda-frames-eval,params_lambda-frames-train,params_learning-rate,params_n-epochs,params_n-frames,params_radius-gw,params_rho,params_std-feats,params_ub-actions,params_ub-frames,params_weight-decay,state
1464,0.2903512001037598,2025-04-09 14:42:55.857570,2025-04-09 14:43:03.968909,0 days 00:00:08.111339,0.24473331829922404,0.44973332225282714,16,0.15136108628604128,0.13016354885109735,0.05417820310441392,0.0832450036935236,0.0722129384933459,0.0026801996980960184,0.050994346983806386,26,57,0.01740954811422215,0.2902598928489107,False,False,True,0.00027925959195767354,COMPLETE
1465,0.08339223861694336,2025-04-09 14:43:04.441337,2025-04-09 14:43:11.681013,0 days 00:00:07.239676,0.9261361151634706,0.144808715712839,16,0.2833626119484616,0.029777354466789502,0.05019156794316565,0.09592255410668074,0.09002696024710238,0.00421495608534732,0.03224164698708968,16,29,0.025201531629468334,0.23664001745443458,False,False,True,0.00014903790702934335,COMPLETE
1466,0.5133340239524842,2025-04-09 14:43:12.178609,2025-04-09 14:43:19.966233,0 days 00:00:07.787624,0.2732985949652551,0.1809681763129729,16,0.06807095861755648,0.04113094291500759,0.04870344339873919,0.09836431415343189,0.034411347461924965,0.01038867332585779,0.02619628079759072,22,36,0.028261664137959754,0.2159569857915125,False,False,True,0.0004170489022901796,COMPLETE
1467,0.5788069248199463,2025-04-09 14:43:20.442950,2025-04-09 14:43:28.134905,0 days 00:00:07.691955,0.3059694319617841,0.046193737060818876,16,0.07749621496084619,0.016675872583325858,0.020326685131516822,0.0913184644301501,0.02485751017103964,0.0010084627557786709,0.0721447212425443,21,23,0.022417251481565873,0.2834357171497807,False,False,True,0.00022327620647776046,COMPLETE
1468,0.09363745152950287,2025-04-09 14:43:28.611633,2025-04-09 14:43:36.450645,0 days 00:00:07.839012,0.2187031079871566,0.07490983743885145,16,0.10684566307579599,0.289785620281796,0.05505373431003156,0.09403803320605883,0.08292689864944985,0.00695017007591505,0.04440067576374686,23,27,0.019613080103587748,0.27468748841815416,False,False,True,2.2802921171314622e-07,COMPLETE
1469,0.5782708883285522,2025-04-09 14:43:36.931145,2025-04-09 14:43:44.986786,0 days 00:00:08.055641,0.34366075701273424,0.11784325595439665,16,0.0979466144626432,0.04872828121812158,0.051090523371731845,0.08804389072425817,0.07588490690316582,0.004310031317317586,0.06098628582885972,25,32,0.02441550300170788,0.2948173516891512,False,False,True,0.00033400043489904987,COMPLETE
1470,0.502630639076233,2025-04-09 14:43:45.484076,2025-04-09 14:43:53.998464,0 days 00:00:08.514388,0.2027789359933959,0.09777588312095752,16,0.11945649230430733,0.028410320986327578,0.04417074769145667,0.09266929446590713,0.029670379124456882,0.0080559246592746,0.03634722753981488,24,30,0.01606252998004111,0.2444546366504362,False,False,False,0.00018757663888808315,COMPLETE
1471,0.17413946986198425,2025-04-09 14:43:54.484722,2025-04-09 14:44:02.429190,0 days 00:00:07.944468,0.3183937983276649,0.13100289617578387,16,0.22897989281218134,0.03603341437842261,0.026077739634535108,0.09656629671415644,0.032902721336170226,0.0010194426834658934,0.0534354205428296,25,18,0.026656961357764956,0.28861596900641434,False,False,True,0.00011314634195144061,COMPLETE
1472,0.43798570632934575,2025-04-09 14:44:02.908530,2025-04-09 14:44:11.141695,0 days 00:00:08.233165,0.29055769038307966,0.16207394366161038,16,0.08923035147363585,0.02252858989993097,0.047966713162184815,0.09459548622948893,0.08652191543552173,0.09393324807432493,0.0849029666267405,26,25,0.02205879710582466,0.2946809058278335,True,False,True,0.0006084864543520915,COMPLETE
1473,0.4802250742912293,2025-04-09 14:44:11.638141,2025-04-09 14:44:19.597504,0 days 00:00:07.959363,0.2665717398153015,0.046151093712728825,16,0.10933777719516108,0.011286507243097247,0.04574967895527419,0.09015841234243685,0.039114114001622895,0.005672597525513467,0.04209283371684454,24,35,0.028643203083476235,0.27965868509246844,False,False,True,0.00026143623474590965,COMPLETE
1474,0.20460750460624696,2025-04-09 14:44:20.091778,2025-04-09 14:44:40.007463,0 days 00:00:19.915685,0.2438681261120268,0.07127258725264285,2,0.10308037900022304,0.042201946711800796,0.057672859963781846,0.09190692341433515,0.026156291923362225,0.029767914151468407,0.0652537473404187,26,21,0.020094135992929835,0.28483175046982323,False,False,True,0.00014287693452905603,COMPLETE
1475,0.4862424015998841,2025-04-09 14:44:40.494931,2025-04-09 14:44:48.524021,0 days 00:00:08.029090,0.15601927676833585,0.010237747881440287,16,0.094583166184132,0.032113725556475674,0.023462832333196088,0.09702309339555668,0.03034623398969538,0.003629423386792693,0.004732692411136146,25,28,0.03313791790856008,0.29514694744527353,False,False,True,0.00018204244563796725,COMPLETE
1476,0.45653123855590827,2025-04-09 14:44:49.001224,2025-04-09 14:44:56.909112,0 days 00:00:07.907888,0.23225209552310927,0.10624436874217343,16,0.08382477960270558,0.05685566293194581,0.019886436576936065,0.09473359096380114,0.02810234239205396,0.0027253744414204623,0.0511881387171469,23,25,0.024390156168884018,0.1851138866718978,False,False,True,0.00036730379507219084,COMPLETE
1477,0.5083144903182983,2025-04-09 14:44:57.411427,2025-04-09 14:45:05.580754,0 days 00:00:08.169327,0.18535449380766506,0.20503207786672942,16,0.12443086180930599,0.01995370354318545,0.05137990005313806,0.0984387668176474,0.07830088253863442,0.009878109822205577,0.022322967048434252,27,39,0.02691182698573129,0.288610614379153,False,False,True,0.000263173060502893,COMPLETE
1478,0.3214424908161163,2025-04-09 14:45:06.062393,2025-04-09 14:45:14.037402,0 days 00:00:07.975009,0.2914554613066256,0.08613297866280158,16,0.005738952230385341,0.027942520186820693,0.017990273933818364,0.08818675935270506,0.08102880698805529,0.006278674144342545,0.07483781048837512,24,33,0.02322501009054384,0.2996580535549003,False,False,True,0.0005173609765661704,COMPLETE
1479,0.47984373569488525,2025-04-09 14:45:14.519764,2025-04-09 14:45:22.714857,0 days 00:00:08.195093,0.3251743659002008,0.03328775539537193,16,0.07431750223806859,0.049000163823189,0.048098879240714314,0.0929371845279158,0.03068693904464607,0.05040329385487267,0.030802989240181006,26,23,0.013065942952931746,0.2807694967364337,False,True,True,0.00021739165351417173,COMPLETE
1480,0.5772637844085694,2025-04-09 14:45:23.193679,2025-04-09 14:45:31.203216,0 days 00:00:08.009537,0.20262137998617052,0.22219900957814076,16,0.0794410477566789,0.039633294034618134,0.021560587883137836,0.0902725450781693,0.024512516173974746,0.011933049767754483,0.04055498540035501,25,29,0.025727542256932582,0.2497039909186394,False,False,True,0.00016391729701100127,COMPLETE
1481,0.5886506915092469,2025-04-09 14:45:31.703121,2025-04-09 14:45:39.750330,0 days 00:00:08.047209,0.2611979577025594,0.14475381637506862,16,0.11766632018413037,0.013991043334394451,0.05295839200114085,0.09594038996558815,0.07185162243745893,0.001024424457616089,0.0573514714760409,25,16,0.021451210279428604,0.2896517567914688,False,False,True,0.0003165490485936072,COMPLETE
1482,0.11349818706512452,2025-04-09 14:45:40.233767,2025-04-09 14:45:48.324590,0 days 00:00:08.090823,0.30993786340757795,0.05939702806329272,16,0.11223007627485586,0.2981437893186334,0.03442999102123552,0.09323724027250559,0.027121378040978625,0.008057125640911385,0.044991198886163444,26,20,0.030725293177473332,0.2999575105859453,False,False,True,0.00012183096860402094,COMPLETE
1483,0.5981159687042237,2025-04-09 14:45:48.804076,2025-04-09 14:45:56.915173,0 days 00:00:08.111097,0.2221074762366007,0.11908336638277477,16,0.08843749093406829,0.023642111267724024,0.04144828220480614,0.08601420658853888,0.03291753219513608,0.004702820642828589,0.036064479673704866,25,27,0.017160245426267304,0.223311556616305,False,False,True,0.000444848780124185,COMPLETE
1484,0.11213009357452394,2025-04-09 14:45:57.395765,2025-04-09 14:46:05.321208,0 days 00:00:07.925443,0.9708021555728714,0.154258039115706,16,0.08217219374775173,0.017085507074554432,0.04169602096143076,0.0881407766244698,0.03553774915950352,0.014945198365536837,0.025124296423723377,24,25,0.019200082822212555,0.219674178241077,False,False,True,0.0004312283321390569,COMPLETE
1485,0.5904735684394837,2025-04-09 14:46:05.828300,2025-04-09 14:46:14.119386,0 days 00:00:08.291086,0.2370686903705134,0.1395031821766799,16,0.08424508074364635,0.021450305001400317,0.03801895757325047,0.08431998857612312,0.035099434651071605,0.0043451406789647515,0.028889146735065326,27,26,0.015971529335841724,0.2254250074785279,False,False,True,0.0006331557347381111,COMPLETE
1486,0.468274986743927,2025-04-09 14:46:14.600821,2025-04-09 14:46:22.827029,0 days 00:00:08.226208,0.24555301364541054,0.11561253618185138,16,0.07010117505219213,0.012696785050604113,0.03953909323256214,0.0845666418312223,0.0352609971849864,0.001023631258628535,0.033467907398407624,26,23,0.01791588538938793,0.23174877228843546,False,False,True,0.0006200223002988779,COMPLETE
1487,0.5299242019653321,2025-04-09 14:46:23.307911,2025-04-09 14:46:31.229177,0 days 00:00:07.921266,0.22238820347443863,0.12818076625535998,16,0.07747650901241422,0.02246675558384599,0.04337815886771415,0.012137824330413993,0.037478488801946194,0.006787486298999714,0.020156814197434085,23,28,0.014369540299710508,0.22737377563276254,False,False,True,0.00041449683942305676,COMPLETE
1488,0.47112712860107425,2025-04-09 14:46:31.706348,2025-04-09 14:46:39.718388,0 days 00:00:08.012040,0.25730381807345054,0.1687382208036529,16,0.08778893632639435,0.017295238288968867,0.04589001138494429,0.08333438163375737,0.032555500653225586,0.003016154170786215,0.08424283321053819,24,22,0.015791549591120516,0.2373661193290943,False,False,True,0.0006150095768921671,COMPLETE
1489,0.6077144742012024,2025-04-09 14:46:40.225559,2025-04-09 14:46:48.271406,0 days 00:00:08.045847,0.22897960313966081,0.14294890318577208,16,0.08591734068471046,0.011531873180167376,0.043143291068391876,0.08668096867969179,0.03288511379829653,0.005228457178868504,0.03563472859762318,25,26,0.01649866408513052,0.22112885144458266,False,False,True,0.00033640406336320005,COMPLETE
1490,0.4935711741447449,2025-04-09 14:46:48.754586,2025-04-09 14:46:56.892357,0 days 00:00:08.137771,0.257781978655713,0.18299468787007875,16,0.08016674710912888,0.01299891249670421,0.041251314931755455,0.08320024292562983,0.03431254576820725,0.009581295258653151,0.028159712348645363,25,26,0.018243728328679747,0.2112105929449043,False,False,True,0.0005075997931963319,COMPLETE
1491,0.4775542140007019,2025-04-09 14:46:57.380039,2025-04-09 14:47:05.990267,0 days 00:00:08.610228,0.24770076990369258,0.16429896686376397,16,0.08857090421205435,0.01013087002046216,0.03983394406186349,0.08466006911901197,0.03940126001217398,0.008923312596614698,0.02517863462366281,25,19,0.020462336648137208,0.2172182799822942,False,False,False,0.00059191034529115,COMPLETE
1492,0.47207217216491704,2025-04-09 14:47:06.470321,2025-04-09 14:47:14.613115,0 days 00:00:08.142794,0.27221708814781076,0.14461946228626885,16,0.0841522746895301,0.01091172465811881,0.041670242613166264,0.08316856151021298,0.03280099514035014,0.012335313599677822,0.02443193635431668,26,23,0.01658572829009935,0.21306192924914788,False,False,True,0.0004939034942561555,COMPLETE
1493,0.47773033380508423,2025-04-09 14:47:15.114832,2025-04-09 14:47:23.148445,0 days 00:00:08.033613,0.2284432140740665,0.15726948847983885,16,0.0743428098451123,0.008712026420315665,0.04372384948455575,0.0854824458481482,0.03226570470116888,0.00791915417220405,0.02994736637758725,25,28,0.018068987193957456,0.24251820407989555,False,False,True,0.0004915176284563828,COMPLETE
1494,0.3549915373325348,2025-04-09 14:47:23.632268,2025-04-09 14:47:31.750130,0 days 00:00:08.117862,0.2764450908470232,0.14308903764000394,16,0.09076120129192992,0.018531181707835902,0.04163310204901807,0.08158174337288475,0.03684278928484047,0.006594880940086806,0.03160397461202598,25,25,0.016236566456169253,0.2144491275574329,True,False,True,0.00044339219758140596,COMPLETE
1495,0.5039484381675721,2025-04-09 14:47:32.236605,2025-04-09 14:47:40.365492,0 days 00:00:08.128887,0.24036512541140595,0.17836549368782,16,0.08178024218117563,0.026158355281089143,0.042903977096145116,0.0862070708055322,0.03686850672081478,0.03694762777821776,0.022141355175522046,26,29,0.018598984793187574,0.22200972613687253,False,False,True,0.00042470106700104294,COMPLETE
1496,0.500409734249115,2025-04-09 14:47:40.873141,2025-04-09 14:47:48.929242,0 days 00:00:08.056101,0.2627400945025096,0.15929661908835602,16,0.08669771474223086,0.020085934327800828,0.03700778914939506,0.0861883772292139,0.03517382510881488,0.009896168607048738,0.03315384252225257,25,21,0.019330215890445892,0.23844608886240937,False,False,True,0.00037893044330218785,COMPLETE
1497,0.09201995879411698,2025-04-09 14:47:49.420081,2025-04-09 14:47:57.591325,0 days 00:00:08.171244,0.2915076499482261,0.13487913236587734,16,0.06610705052737212,0.16661527606132662,0.04422613641490599,0.08582859801440855,0.0326282334818403,0.006276396662833834,0.03572140172929929,26,27,0.0169188304839838,0.2229064482006224,False,False,True,0.0006688166533243369,COMPLETE
1498,0.43196258544921873,2025-04-09 14:47:58.076632,2025-04-09 14:48:06.098874,0 days 00:00:08.022242,0.23766306855144084,0.1866679130521359,16,0.08001527598136143,0.02539435497949082,0.04042721791839075,0.08303477456858395,0.033732849994683956,0.007910367763368426,0.026263492844558638,25,13,0.07995592113457273,0.22714235596161048,False,False,True,0.0005115113046796567,COMPLETE
1499,0.3928501844406128,2025-04-09 14:48:06.585242,2025-04-09 14:48:14.828772,0 days 00:00:08.243530,0.2774256590672156,0.13910765300733655,16,0.07826184014192678,0.016701684314210416,0.04520521144508047,0.08493148141818198,0.038590091709733265,0.011273089952834783,0.035048651845177366,26,24,0.01996887605939856,0.2068598006179826,False,True,True,0.000351280902384797,COMPLETE
1500,0.4959227561950684,2025-04-09 14:48:15.340585,2025-04-09 14:48:23.441091,0 days 00:00:08.100506,0.2262552745212414,0.1324119892801872,16,0.07364439866615007,0.012003865386598669,0.04294269050741943,0.08530554820214722,0.03458477919136847,0.00523323854549396,0.03692863238030182,25,30,0.021944510231566607,0.22964969450620676,False,False,True,9.535276997979386e-07,COMPLETE
1501,0.09508974105119705,2025-04-09 14:48:23.927640,2025-04-09 14:48:32.107097,0 days 00:00:08.179457,0.2702788599961986,0.15436313932170745,16,0.08876481180007037,0.17714122629738624,0.04480774292132765,0.08219465735528704,0.03139091383917614,0.00835923932001464,0.030551969199178134,27,19,0.02080127551142875,0.22107315025693047,False,False,True,0.00040268880346942966,COMPLETE
1502,0.5133061408996582,2025-04-09 14:48:32.593995,2025-04-09 14:48:40.656657,0 days 00:00:08.062662,0.2531681491672452,0.12341911412446432,16,0.08476082751050784,0.02434178068410277,0.04239379830852937,0.08567596736547399,0.03381969168149386,0.005772388807778542,0.03841113374794207,25,26,0.023465931721103256,0.22128072632885495,False,False,True,0.0005039700949704394,COMPLETE
1503,0.5593728423118591,2025-04-09 14:48:41.144241,2025-04-09 14:48:49.350392,0 days 00:00:08.206151,0.3460077046348743,0.16837214299416192,16,0.09113290463322735,0.029118052042887872,0.040275701435963304,0.08712699494534121,0.03718681270772499,0.005754459214041254,0.040998433207280416,26,30,0.018485026948039274,0.22151547353774148,False,False,True,0.0003373389312454095,COMPLETE
1504,0.4925814867019654,2025-04-09 14:48:49.856258,2025-04-09 14:48:57.954087,0 days 00:00:08.097829,0.28786997506054596,0.12490623355884627,16,0.07312641345685413,0.022811798628283107,0.04294348722580488,0.08554820043644135,0.031653653353867856,0.013621423939811722,0.030338287241587034,25,23,0.016649305393208632,0.22910144239551955,False,False,True,0.00041189968929071155,COMPLETE
1505,0.4892865061759949,2025-04-09 14:48:58.446127,2025-04-09 14:49:06.675322,0 days 00:00:08.229195,0.37925503689101914,0.19642738003956522,16,0.09298396938856354,0.016837667125910727,0.046549534586983056,0.08686563083234332,0.03376513121025761,0.00870650604915092,0.020142173157539554,26,27,0.021289358024446217,0.21603707523770055,False,False,True,0.0003421890412737677,COMPLETE
1506,0.46907298564910893,2025-04-09 14:49:07.163333,2025-04-09 14:49:15.242353,0 days 00:00:08.079020,0.3017867747632792,0.13512634214030805,16,0.08407775554654333,0.03005465401659166,0.045002762670756265,0.08724617870461718,0.030503758872280476,0.00458500756022446,0.03532744604327466,25,17,0.02465918724848086,0.22711174146088858,False,False,True,0.0003058550657448987,COMPLETE
1507,0.5356927871704102,2025-04-09 14:49:15.751175,2025-04-09 14:49:24.022638,0 days 00:00:08.271463,0.22528991451070396,0.147973334902152,16,0.07707589345307414,0.011998386233813552,0.04702603968791275,0.08323308966589613,0.03540867728014024,0.007109427707385464,0.04152756314587558,27,24,0.022712244866770377,0.23363653263301504,False,False,True,0.0006320711679461856,COMPLETE
1508,0.492716121673584,2025-04-09 14:49:24.515921,2025-04-09 14:49:32.663995,0 days 00:00:08.148074,0.24613984568918804,0.11700212744421994,16,0.09349754534339264,0.008516801185573311,0.04480227379545892,0.08255902765130428,0.03169476520345618,0.010632372586330615,0.02541836076302539,26,30,0.028382507411616013,0.20536394867582813,False,False,True,0.0005055066226626944,COMPLETE
1509,0.4807358503341675,2025-04-09 14:49:33.154862,2025-04-09 14:49:41.310772,0 days 00:00:08.155910,0.32493754178081746,0.16266555587530948,16,0.06824564338111881,0.02371151222153614,0.046594558636170194,0.08467550740253992,0.0298637759550643,0.004158070854094375,0.04556452407492685,25,22,0.020531053386127627,0.23406608855089897,False,False,True,0.0006939623600237504,COMPLETE
1510,0.50762380361557,2025-04-09 14:49:41.795365,2025-04-09 14:49:50.463178,0 days 00:00:08.667813,0.26309980062257754,0.15258225316066065,16,0.08472803155478488,0.03320300065845807,0.04799640910531545,0.0874842591583307,0.033370472336807004,0.00704476786829215,0.03370100026483914,25,28,0.026476627661954112,0.22771070810747346,False,False,False,0.0003734132025228787,COMPLETE
1511,0.09750170856714249,2025-04-09 14:49:50.970689,2025-04-09 14:49:58.910092,0 days 00:00:07.939403,0.28156398442528435,0.17559517448935452,16,0.08836588102361238,0.21764929158264995,0.04567473688695759,0.08768781471921124,0.030195279014187087,0.005358524745439355,0.03867802187339204,24,21,0.017981486224378194,0.21336261730686687,True,False,True,0.00029449278359975153,COMPLETE
1512,0.485616409778595,2025-04-09 14:49:59.400666,2025-04-09 14:50:07.633633,0 days 00:00:08.232967,0.3070197149571601,0.12913928342967287,16,0.09690994738185264,0.019314357524207702,0.04876172740949685,0.08689389749771531,0.03611158126711003,0.009646247446522505,0.04869000675680762,26,26,0.023820452242534356,0.22509016430437218,False,False,True,3.654471194979779e-08,COMPLETE
1513,0.5596346855163574,2025-04-09 14:50:08.125013,2025-04-09 14:50:16.345074,0 days 00:00:08.220061,0.22706310470408228,0.12148364998517347,16,0.08134078774412337,0.0276191055215667,0.043206662017571625,0.08782742058984955,0.03246575302733704,0.016304606914830624,0.0453566199496144,26,32,0.02967135307728592,0.23240181282091596,False,False,True,0.00039624503128354274,COMPLETE
1514,0.3948089838027954,2025-04-09 14:50:16.859407,2025-04-09 14:50:24.918445,0 days 00:00:08.059038,0.21736517538709726,0.1990930282570191,16,0.06080639864968143,0.03290054354081201,0.03885044523334754,0.08435400610300309,0.02888853495109144,0.003386937760440808,0.0279134247912222,25,145,0.015261358170666477,0.2248890625355441,False,False,True,0.0002787746395954854,COMPLETE
1515,0.47336300611495974,2025-04-09 14:50:25.411703,2025-04-09 14:50:33.518391,0 days 00:00:08.106688,0.3342950616849669,0.1473629626676471,16,0.09079990703527388,0.01636800986697998,0.046129141012161444,0.08779279472593979,0.03280525619816922,0.005800411422465419,0.0013537708197389183,24,25,0.025350999989934335,0.23282721752973867,False,False,True,0.0003312275298634281,COMPLETE
1516,0.3668205738067627,2025-04-09 14:50:34.011623,2025-04-09 14:50:54.853742,0 days 00:00:20.842119,0.25608235290643966,0.10954566902845789,2,0.07917285836634035,0.024311988209943403,0.040772736415847784,0.08886138680017057,0.029930811090317845,0.0028146918880349045,0.016650198565995727,27,18,0.022093815852405198,0.2189209669863497,False,True,True,0.00047401682976495944,COMPLETE
1517,0.4723487615585327,2025-04-09 14:50:55.369329,2025-04-09 14:51:03.549849,0 days 00:00:08.180520,0.2871415471391391,0.11923803545768612,16,0.014818390940487498,0.08123642182021025,0.048793778805678464,0.08627057545466976,0.02834838447512183,0.012055002007673706,0.036911832596717174,25,30,0.01992602423879182,0.23349774226441217,False,False,True,0.0002479121443115341,COMPLETE
1518,0.49916031360626223,2025-04-09 14:51:04.043717,2025-04-09 14:51:12.218769,0 days 00:00:08.175052,0.3548708724567057,0.17844548385100958,16,0.09668392612526927,0.031767337275759644,0.045155232314873256,0.08885027721101388,0.031171963540862213,0.00784657155516339,0.048095214731389155,26,28,0.0268164019020322,0.21565607746016727,False,False,True,0.0002861618476474956,COMPLETE
1519,0.5782835483551025,2025-04-09 14:51:12.713729,2025-04-09 14:51:20.772509,0 days 00:00:08.058780,0.3123295611239873,0.633304494045289,16,0.08723170428672548,0.010893396059722053,0.04763264280694021,0.08534525915586873,0.036125593766901894,0.004072240588456939,0.040319068837979505,24,21,0.0231232731045729,0.23880716161601356,False,False,True,0.000520277323729249,COMPLETE
