number,value,datetime_start,datetime_complete,duration,params_alpha-eval,params_alpha-train,params_batch-size,params_eps-eval,params_eps-train,params_lambda-actions-eval,params_lambda-actions-train,params_lambda-frames-eval,params_lambda-frames-train,params_learning-rate,params_n-epochs,params_n-frames,params_radius-gw,params_rho,params_std-feats,params_ub-actions,params_ub-frames,params_weight-decay,state
1353,0.5779483556747437,2025-04-16 21:12:05.277425,2025-04-16 21:12:28.899349,0 days 00:00:23.621924,0.5571567056050991,0.9486954372884356,2,0.10639367006509584,0.23934565666748311,0.08200626197822936,0.09400815867938357,0.08945072621035662,0.06153406774469083,3.384291285427308e-05,27,137,0.009811241240409819,0.2432851335521113,False,False,False,1.6081933122958484e-05,COMPLETE
1354,0.12281999737024307,2025-04-16 21:12:29.359952,2025-04-16 21:12:50.997510,0 days 00:00:21.637558,0.5123856181611445,0.9713674183253649,2,0.0958116332771253,0.2462539372121733,0.0794569766814293,0.09222827693469725,0.09549256966772415,0.07099227150046476,5.123334832983686e-05,28,143,0.008548864168293787,0.2486874946943038,False,True,False,1.4015603071556566e-05,COMPLETE
1355,0.42525784373283393,2025-04-16 21:12:51.439363,2025-04-16 21:13:15.078525,0 days 00:00:23.639162,0.541962997494806,0.9804419490400029,2,0.11630043252244346,0.25416763346388854,0.08669415488900434,0.09621750555061015,0.08465897490683288,0.06897100049283307,1.4581848456553159e-05,27,137,0.012157605305461576,0.23611161943443718,False,False,False,1.1740444190738022e-05,COMPLETE
1356,0.34116796851158143,2025-04-16 21:13:15.516373,2025-04-16 21:13:38.814108,0 days 00:00:23.297735,0.5695762448995022,0.952276898331129,2,0.09016482809994406,0.24166506945913865,0.08486082216262628,0.09896784144554847,0.08255649935101035,0.06588177908209109,4.148405535960794e-05,26,140,0.006931245432594423,0.24193645517287687,False,False,False,3.080319222990548e-05,COMPLETE
1357,0.6018363237380981,2025-04-16 21:13:39.250965,2025-04-16 21:14:02.530198,0 days 00:00:23.279233,0.5356747073362552,0.9764104867198693,2,0.1023547810246839,0.25132726957816587,0.08141597391916282,0.09514153851023123,0.09712667363784501,0.05894000066100966,5.358633533076838e-05,26,137,0.009777034427485157,0.2478074428763685,False,False,False,1.847077242162057e-05,COMPLETE
1358,0.5700453996658326,2025-04-16 21:14:02.965549,2025-04-16 21:14:26.742812,0 days 00:00:23.777263,0.5137282838956739,0.9998005857124409,2,0.08962295481296759,0.24545974536288498,0.07973811039798742,0.09201879231097489,0.09948856032877922,0.06469186747300583,3.290230004700143e-05,27,135,0.011908900295778157,0.22930013573973923,False,False,False,1.160517696323084e-05,COMPLETE
1359,0.599207603931427,2025-04-16 21:14:27.181008,2025-04-16 21:14:50.343444,0 days 00:00:23.162436,0.5534721611760689,0.9491475462753541,2,0.09580972135021165,0.2615719294971314,0.08309439982672652,0.09791191179619914,0.0920440953640131,0.07079439736222948,4.310274801769793e-05,26,139,0.007740996226883363,0.2372412819857255,False,False,False,2.482140147910569e-05,COMPLETE
1360,0.5399122714996338,2025-04-16 21:14:50.801957,2025-04-16 21:15:14.604634,0 days 00:00:23.802677,0.5262115404011286,0.9633639977003009,2,0.10517555342378455,0.2566675302374785,0.08573520327871348,0.09990852186396215,0.08589887661899137,0.0682072309738113,5.953440825269129e-05,27,144,0.01044804918075223,0.24940843014482347,False,False,False,1.3608785565883034e-05,COMPLETE
1361,0.4203462183475494,2025-04-16 21:15:15.045904,2025-04-16 21:15:39.856854,0 days 00:00:24.810950,0.573906065023623,0.9802313788772291,2,0.0906632627041486,0.23940228198291133,0.07912023850721045,0.09402934401941204,0.09312203908515887,0.06287733555580066,3.6785686133979475e-05,28,150,0.012517066439963635,0.24400975426147176,True,False,False,9.328226370664551e-06,COMPLETE
1362,0.338029831647873,2025-04-16 21:15:40.298945,2025-04-16 21:16:03.662850,0 days 00:00:23.363905,0.5070198904137032,0.9456183395217173,2,0.0956379749355034,0.24574503007731524,0.08147296393120017,0.09227723055665818,0.08881115776908599,0.061241210735393396,5.0343714677436374e-05,26,135,0.006172838218914803,0.24098079786724333,False,False,False,1.8123501262858728e-05,COMPLETE
1363,0.5381971597671509,2025-04-16 21:16:04.105755,2025-04-16 21:16:28.444742,0 days 00:00:24.338987,0.5717685905029888,0.9829876379053929,2,0.11160709758756801,0.22709311440736352,0.07907355178126449,0.0958720670035105,0.09879286904611519,0.07203751726751914,2.8440975764141865e-05,28,134,0.010105948601628535,0.25033669746777826,False,False,False,8.791246088356259e-06,COMPLETE
1364,0.5950323462486267,2025-04-16 21:16:28.883982,2025-04-16 21:16:52.556550,0 days 00:00:23.672568,0.5388092569334731,0.9684126093076709,2,0.08962660946301734,0.23678434194328357,0.08417879253690175,0.09712781037147625,0.08687249667410098,0.06669190417126435,4.4242653353788885e-05,27,140,0.01228527881344192,0.2298482325998555,False,False,False,1.2061803780216981e-05,COMPLETE
1365,0.584234368801117,2025-04-16 21:16:52.993967,2025-04-16 21:17:16.157753,0 days 00:00:23.163786,0.5136421799609742,0.9444402828690269,2,0.09986497909689356,0.2633665312007704,0.08217263748551434,0.09428379127605188,0.08535494078835293,0.05980554335157054,6.0255956865297085e-05,26,136,0.008710150365605037,0.24985777511800902,False,False,False,1.5303066374800955e-05,COMPLETE
1366,0.5986408948898316,2025-04-16 21:17:16.597127,2025-04-16 21:17:40.353610,0 days 00:00:23.756483,0.5507974273765764,0.99852791775025,2,0.10245675837252897,0.25139402691210644,0.08823779037581789,0.09176086317779451,0.08266081609647218,0.06893694111923464,3.7935679927264795e-05,27,133,0.012332171988369063,0.23468493569396787,False,False,False,8.359519192189042e-06,COMPLETE
1367,0.5952662348747253,2025-04-16 21:17:40.813374,2025-04-16 21:18:04.205694,0 days 00:00:23.392320,0.5282583990097685,0.9633363079663366,2,0.08879287599549625,0.25599583648816265,0.08387088459466156,0.09504735711417751,0.08403759942716035,0.06458652909609403,4.930440811354189e-05,26,138,0.008163547211060686,0.24501698173150488,False,False,False,2.161185496422323e-05,COMPLETE
1368,0.6093064546585083,2025-04-16 21:18:04.648507,2025-04-16 21:18:27.749417,0 days 00:00:23.100910,0.4861604925699959,0.9801752498393291,2,0.10844442903240477,0.24639724048027556,0.08040899957479063,0.08970041935082164,0.08245621821606271,0.07314465322429181,4.24297069792899e-05,26,132,0.010437859388484978,0.23740937312299493,False,False,False,1.2065415534093727e-05,COMPLETE
1369,0.3459925055503845,2025-04-16 21:18:28.191811,2025-04-16 21:18:52.170933,0 days 00:00:23.979122,0.49601235341144095,0.9995364867109902,2,0.10372940947729575,0.24782968074537762,0.08107034243168176,0.09044188523249229,0.08446848361857699,0.07304412075636507,2.6085755200304783e-05,27,132,0.003956185201766842,0.2282677402391038,False,False,False,1.4455947055012583e-05,COMPLETE
1370,0.349558424949646,2025-04-16 21:18:52.617434,2025-04-16 21:19:16.530009,0 days 00:00:23.912575,0.5035516273436902,0.9789659933292622,2,0.12075271007455243,0.24244774192404295,0.08300140104241915,0.0899899577821197,0.08138385193604174,0.07104349455138645,2.173623532373554e-05,27,136,0.006767919989264171,0.220792449175228,False,False,False,1.130555633161466e-05,COMPLETE
1371,0.5505041718482971,2025-04-16 21:19:16.969873,2025-04-16 21:19:40.340328,0 days 00:00:23.370455,0.4837217487491774,0.9609629141172347,2,0.11647140322811199,0.2331917981590089,0.08622451366661102,0.0927588889732764,0.0830230069822401,0.0727983242845064,3.1276023241978e-05,26,142,0.009706066710286718,0.22523191502405765,False,False,False,1.681059201354407e-05,COMPLETE
1372,0.5723022222518921,2025-04-16 21:19:40.778887,2025-04-16 21:20:04.026764,0 days 00:00:23.247877,0.49800329522408854,0.9812529696701633,2,0.10682711361694744,0.2517454882535518,0.08105101424312372,0.09141500240111985,0.08698186656455655,0.0743861197809252,3.3717686423792504e-05,26,131,0.008239385129344308,0.23531879725151397,False,False,False,1.237408328134479e-05,COMPLETE
1373,0.09215089827775956,2025-04-16 21:20:04.486512,2025-04-16 21:20:25.625372,0 days 00:00:21.138860,0.4939333301638854,0.9461051059741287,2,0.11455039932045712,0.2406942328920934,0.08021735798600274,0.08948857691621817,0.08131478271691396,0.06894173053011622,3.7926194951088234e-05,27,134,0.005911184728324373,0.23208963637930263,False,True,True,8.207253586786257e-06,COMPLETE
1374,0.5219602823257447,2025-04-16 21:20:26.076771,2025-04-16 21:20:49.001683,0 days 00:00:22.924912,0.5200948287185014,0.9653448979313664,2,0.11147057988351326,0.2475896049515088,0.08317926899440484,0.09377983329358133,0.08472515394904312,0.07109188044225125,2.886122751525899e-05,26,131,0.010031989515211002,0.23834731330017594,False,False,False,1.0194231982940638e-05,COMPLETE
1375,0.5988182663917542,2025-04-16 21:20:49.447492,2025-04-16 21:21:13.950127,0 days 00:00:24.502635,0.4807436410436139,0.9433877308267437,2,0.1076508004576286,0.2555124621315733,0.0900735844950681,0.09676050163800748,0.08823931577345748,0.07281390560595877,4.127257041749874e-05,28,138,0.01021216601270576,0.23727041085971567,False,False,False,1.2817954064821238e-05,COMPLETE
1376,0.584177589416504,2025-04-16 21:21:14.395751,2025-04-16 21:21:38.154092,0 days 00:00:23.758341,0.5164603234773755,0.9824207892949034,2,0.10916779192144041,0.2333958364728124,0.07915079024736456,0.09298349880354206,0.08197471862228314,0.06908290827392749,3.341428181271765e-05,27,135,0.007866547111623535,0.22924210342820336,False,False,False,1.7814792352787453e-05,COMPLETE
1377,0.38247959613800053,2025-04-16 21:21:38.593832,2025-04-16 21:22:02.065893,0 days 00:00:23.472061,0.5478126798097365,0.9615633301624443,2,0.09773471342663612,0.2655364237128026,0.08486148278208429,0.09547466122029968,0.09060693303030078,0.07471798456116727,4.217309863114375e-05,26,8,0.04432397928228908,0.24128308561696488,False,False,False,8.15135002813463e-06,COMPLETE
1378,0.6043999910354614,2025-04-16 21:22:02.512251,2025-04-16 21:22:26.965852,0 days 00:00:24.453601,0.48845423038744296,0.9995379902575995,2,0.09735837382847186,0.245035305321842,0.08187366934033936,0.09121769878643213,0.08515774426267872,0.06648651110999246,4.5049200674022824e-05,28,140,0.010909530592372768,0.23348135265567344,False,False,False,1.0390784226985641e-05,COMPLETE
1379,0.3404146313667298,2025-04-16 21:22:27.429798,2025-04-16 21:22:51.112579,0 days 00:00:23.682781,0.5356008181347153,0.9723575556362465,2,0.10399240554274405,0.26200435095543473,0.07944112358232495,0.09837296788803919,0.08186328649411966,0.07164298284858273,3.668939748757974e-05,27,131,0.004304588903163755,0.24179830671843633,False,False,False,2.5583599266259858e-05,COMPLETE
1380,0.40575008988380434,2025-04-16 21:22:51.557921,2025-04-16 21:23:14.810669,0 days 00:00:23.252748,0.5733074271605975,0.9811229639737719,2,0.10891780786237344,0.2392427416205614,0.08648540543719056,0.09392045544454598,0.08611603158474779,0.062389030208283076,2.4163416348620008e-05,26,137,0.012064534822435004,0.24314847877732015,True,False,False,1.5135960883943837e-05,COMPLETE
1381,0.33833655118942263,2025-04-16 21:23:15.255383,2025-04-16 21:23:39.118744,0 days 00:00:23.863361,0.48707682290443943,0.9437820678517804,2,0.0966669490225506,0.2513249590670507,0.08370203005699269,0.08993867728090436,0.08338255275848044,0.06588705430163445,4.6640204518117144e-05,27,134,0.0063745698844425765,0.22765847679090664,False,False,False,2.0361976256795653e-05,COMPLETE
1382,0.5326053977012635,2025-04-16 21:23:39.568735,2025-04-16 21:24:02.924794,0 days 00:00:23.356059,0.5165745007320742,0.9596950300771875,2,0.11569785502048677,0.22482358382220952,0.08276249776417735,0.09623917024028689,0.08704741236470759,0.07011690330101614,3.31088083620508e-05,26,144,0.008928715319009758,0.23837934467710625,False,False,False,7.928853748138762e-06,COMPLETE
1383,0.6053987622261048,2025-04-16 21:24:03.368953,2025-04-16 21:24:27.604718,0 days 00:00:24.235765,0.5432860125718292,0.999099719448216,2,0.10237318266299927,0.25889001003387885,0.08074506747102492,0.09200221691166091,0.08025370529225859,0.0742932755703978,4.0935066538352295e-05,28,131,0.010971630551854482,0.22149711075306305,False,False,False,1.1556800345936203e-05,COMPLETE
1384,0.5869770884513855,2025-04-16 21:24:28.047705,2025-04-16 21:24:51.055906,0 days 00:00:23.008201,0.5542623413217461,0.9407051189021072,2,0.09345320975285541,0.2362193234131134,0.07901314679728816,0.09776392494299808,0.0834837252576288,0.06384521021655871,5.4698119865960253e-05,26,137,0.012493209783863292,0.24594215248930723,False,False,False,1.3267083723618752e-05,COMPLETE
1385,0.3377472758293152,2025-04-16 21:24:51.524531,2025-04-16 21:25:15.454364,0 days 00:00:23.929833,0.5144558952715883,0.9780626070862154,2,0.09783018546982318,0.24270558534990855,0.08161130584233096,0.0999910877589182,0.08151410925299524,0.057433970709838904,4.759287566050424e-05,27,133,0.0012274466391111755,0.23429891847121836,False,False,False,1.052209892216331e-05,COMPLETE
1386,0.5230888366699219,2025-04-16 21:25:15.903418,2025-04-16 21:25:39.504461,0 days 00:00:23.601043,0.5782905235448164,0.9635800308486776,2,0.11869018658075649,0.2489375406972857,0.08518411889902242,0.09455222782504238,0.08861838243143426,0.06715549359336176,2.83454208717242e-05,27,140,0.008145400932754713,0.2472756120321772,False,False,False,8.96026958134993e-06,COMPLETE
1387,0.4347294628620148,2025-04-16 21:25:39.954952,2025-04-16 21:26:03.150498,0 days 00:00:23.195546,0.4867221733776974,0.9988023231048027,2,0.09002197493679961,0.2543322368193656,0.07915846822008733,0.0894563266693505,0.08519269165415436,0.059400128419109535,1.963970302205771e-05,26,131,0.010208291456371962,0.23816206512436186,False,False,False,1.5780536639974575e-05,COMPLETE
1388,0.5781619906425476,2025-04-16 21:26:03.598181,2025-04-16 21:26:26.770551,0 days 00:00:23.172370,0.5317961109524996,0.9817939752669943,2,0.10730280334012499,0.23075917971600746,0.08091853919069855,0.09212753849977172,0.08331044067041221,0.0699022741115407,3.510314308211546e-05,26,135,0.01206117209522566,0.24349470340688675,False,False,False,7.748369675810567e-06,COMPLETE
1389,0.20041792392730715,2025-04-16 21:26:27.218589,2025-04-16 21:26:48.060930,0 days 00:00:20.842341,0.5653235792388562,0.9533547863810043,2,0.10231366635557657,0.24302700603678662,0.08362753836477642,0.0956275518927287,0.09714349118332632,0.07573320746690873,5.9516083340600335e-05,27,137,0.03867225858448039,0.24991819152892197,False,False,True,2.199046462415365e-05,COMPLETE
1390,0.3365885734558106,2025-04-16 21:26:48.527830,2025-04-16 21:27:13.067682,0 days 00:00:24.539852,0.5599928727109261,0.9781324538749151,2,0.0950249508630758,0.24827963921042723,0.08783673378309864,0.09352240448336376,0.09274038181437894,0.07256015271153965,4.598125000551817e-05,28,133,0.005439497627258761,0.2351779500665398,False,False,False,1.2954669114955519e-05,COMPLETE
1391,0.5904225826263427,2025-04-16 21:27:13.522486,2025-04-16 21:27:36.439467,0 days 00:00:22.916981,0.5132550874687327,0.99919216898666,2,0.11288756894143165,0.25961409403616353,0.07965732505856161,0.09084676388350414,0.09043629184232664,0.06113419642700789,3.818759043455263e-05,26,131,0.008342303315907134,0.24218626726430395,False,False,False,1.0284688362518731e-05,COMPLETE
1392,0.11939692497253418,2025-04-16 21:27:36.887549,2025-04-16 21:27:45.404394,0 days 00:00:08.516845,0.5352578501478422,0.9426981973269507,16,0.09182116596378632,0.2527672481388241,0.08243503704444764,0.09785177972773766,0.08722171047497405,0.0652482130727678,0.0004239309002060922,27,142,0.010255261472794512,0.2263016088953028,False,True,False,1.8311847933752036e-05,COMPLETE
1393,0.5960857987403869,2025-04-16 21:27:45.849218,2025-04-16 21:28:09.170556,0 days 00:00:23.321338,0.5083679940415028,0.965874967464553,2,0.10158698233634529,0.23785852926180734,0.07896460596775877,0.09488295217813245,0.08057132315041077,0.0682717890359091,5.290925208489898e-05,26,135,0.012627683006952045,0.24941131993883325,False,False,False,8.267501103326279e-06,COMPLETE
1394,0.34005804061889655,2025-04-16 21:28:09.618346,2025-04-16 21:28:33.412280,0 days 00:00:23.793934,0.5322251269705345,0.9395929900690652,2,0.08915114023301261,0.22865216973124503,0.08476933893750849,0.08944329424098126,0.08128849137897343,0.07138942982157617,6.300070009103437e-05,27,139,0.006823602541419574,0.25077124237426346,False,False,False,1.0267584702633892e-05,COMPLETE
1395,0.5822458744049073,2025-04-16 21:28:33.858495,2025-04-16 21:28:58.178559,0 days 00:00:24.320064,0.4871377086897406,0.9997725577536297,2,0.10988541088916949,0.2660707716839208,0.08108913664789202,0.09305779117771824,0.08502617371420217,0.07394616343034825,4.1384653271595065e-05,28,131,0.010623339216054427,0.10982780240847209,False,False,False,9.253421682359006e-06,COMPLETE
1396,0.3352070510387421,2025-04-16 21:28:58.651353,2025-04-16 21:29:22.057656,0 days 00:00:23.406303,0.5522796052949772,0.9641023885913083,2,0.09665424600148517,0.24440322934679365,0.0915409598397926,0.09622853561780201,0.09466994237359298,0.0622122098963701,3.096547275422189e-05,26,25,0.012568897281068496,0.24118093516548064,False,False,False,3.049629542155523e-05,COMPLETE
1397,0.4969412922859192,2025-04-16 21:29:22.511467,2025-04-16 21:29:38.935175,0 days 00:00:16.423708,0.5704826053171204,0.9824649345398224,2,0.08944599832288273,0.25504964308666217,0.08181705157165142,0.0917979225157224,0.08358159789391557,0.06776200751170895,4.8993186036409805e-05,15,134,0.009413052406185613,0.23212293214156274,False,False,False,1.3747838699220185e-05,COMPLETE
1398,0.6013060569763183,2025-04-16 21:29:39.392393,2025-04-16 21:30:03.162014,0 days 00:00:23.769621,0.5119956688231337,0.9807544030256028,2,0.10351525930540145,0.23339249676392806,0.08638397848275817,0.0940848749037926,0.08020987422682554,0.07563783066038089,3.9366429685877925e-05,27,137,0.007867366722903557,0.24699256459206087,False,False,False,1.5036568998828826e-05,COMPLETE
1399,0.5385330438613892,2025-04-16 21:30:03.617607,2025-04-16 21:30:27.946848,0 days 00:00:24.329241,0.01903012465048043,0.9595412634015628,2,0.09871201425853612,0.2470491254374424,0.07864623103900945,0.09767766705768789,0.08905904531476033,0.07039758194334143,6.290400027694639e-05,28,131,0.011282561938577108,0.2383040042501006,False,False,False,7.599766009619357e-06,COMPLETE
1400,0.36265431642532353,2025-04-16 21:30:28.397931,2025-04-16 21:30:51.740242,0 days 00:00:23.342311,0.5417960422881468,0.9996321541429409,2,0.08993281050149324,0.23930146417857345,0.08376703749692936,0.09595640693963489,0.08684840433890983,0.06426193727781603,5.206656858938252e-05,26,134,0.012875977312202934,0.2511926762252872,True,False,False,1.9550583326821793e-05,COMPLETE
1401,0.33844909667968753,2025-04-16 21:30:52.213271,2025-04-16 21:31:16.063705,0 days 00:00:23.850434,0.4905309382600618,0.9408285622688094,2,0.10682669180549734,0.2588931974325501,0.07930366412189241,0.08890085099546838,0.08245472212156413,0.07294210851357064,4.541858583996051e-05,27,146,0.005304005221033917,0.2411117547877105,False,False,False,1.244427264866367e-05,COMPLETE
1402,0.5696568131446839,2025-04-16 21:31:16.519447,2025-04-16 21:31:39.608251,0 days 00:00:23.088804,0.5230345327321023,0.980814491355455,2,0.09418709755637343,0.24809622867624184,0.08152410341311014,0.09311510632424966,0.08562943333700106,0.05860423389553714,3.282412821575625e-05,26,138,0.010039757144306985,0.216983181666308,False,False,False,1.042904897730251e-05,COMPLETE
1403,0.48855441808700567,2025-04-16 21:31:40.061881,2025-04-16 21:32:03.827001,0 days 00:00:23.765120,0.5810769882318086,0.9702414417662498,2,0.09696761262744473,0.26423148557762255,0.089222633818932,0.09101543952310924,0.08186599555925309,0.0605976277072079,2.684993549839084e-05,27,130,0.012567260063326278,0.24630726933508917,False,False,False,7.685116188343126e-06,COMPLETE
1404,0.5486676335334778,2025-04-16 21:32:04.280755,2025-04-16 21:32:28.670368,0 days 00:00:24.389613,0.5553943755638182,0.9394033886616368,2,0.08869371398858673,0.23677758389977685,0.08420642015792455,0.09836808288003408,0.09072591402229425,0.06666831942522562,5.73516556934585e-05,28,141,0.008517663758156446,0.23489327177553335,False,False,False,1.468714555899089e-05,COMPLETE
1405,0.3395375609397888,2025-04-16 21:32:29.121853,2025-04-16 21:32:52.446793,0 days 00:00:23.324940,0.5052413533362357,0.9998489436445251,2,0.11219947531943536,0.25329333977913043,0.08618373430814558,0.09996757638449093,0.09982794289425899,0.06961592294127912,4.055132589848896e-05,26,136,0.007238336637190642,0.25037034389963475,False,False,False,2.382283187578713e-05,COMPLETE
1406,0.6060083389282227,2025-04-16 21:32:52.896989,2025-04-16 21:33:16.810303,0 days 00:00:23.913314,0.5372403026810214,0.9635166509474021,2,0.10335656353129388,0.24362499643475297,0.07877774101187775,0.09501781505786693,0.08066147678309994,0.0748755144706192,4.7591703788661036e-05,27,133,0.011178506212736423,0.24437792862853205,False,False,False,7.550404807938526e-06,COMPLETE
1407,0.6063459992408753,2025-04-16 21:33:17.277500,2025-04-16 21:33:40.242031,0 days 00:00:22.964531,0.5675590250175817,0.9536570707461374,2,0.09519386416933827,0.22784215049943654,0.08213143817804698,0.09259468530635359,0.08382708171429379,0.06397983198793976,3.9131677264699037e-05,26,130,0.012862235474739496,0.22860225435768608,False,False,False,1.652383771566315e-05,COMPLETE
1408,0.08715922832489015,2025-04-16 21:33:40.697593,2025-04-16 21:34:01.766255,0 days 00:00:21.068662,0.5801707660454749,0.9812197790042431,2,0.11927308745277769,0.25100336076020374,0.08063000993031884,0.09720453816028775,0.08847542195797242,0.07631999338737887,6.57199538034886e-05,27,140,0.009795476708268327,0.25038215154088483,False,False,True,1.2063006703474699e-05,COMPLETE
