number,value,datetime_start,datetime_complete,duration,params_alpha-eval,params_alpha-train,params_batch-size,params_eps-eval,params_eps-train,params_lambda-actions-eval,params_lambda-actions-train,params_lambda-frames-eval,params_lambda-frames-train,params_learning-rate,params_n-epochs,params_n-frames,params_radius-gw,params_rho,params_std-feats,params_ub-actions,params_ub-frames,params_weight-decay,state
1520,0.47864933013916017,2025-04-09 14:51:21.273324,2025-04-09 14:51:29.316090,0 days 00:00:08.042766,0.24827946670512618,0.1353609649955549,16,0.06922811323534336,0.020659771943499158,0.043438444486862036,0.08901145641583091,0.03402053529724158,0.005279519041224446,0.03092800101923583,25,15,0.028343783749282116,0.2078134665774512,False,False,True,0.000369835861527123,COMPLETE
1521,0.37685391306877136,2025-04-09 14:51:29.827002,2025-04-09 14:51:37.998475,0 days 00:00:08.171473,0.277642345102708,0.2329788221877837,16,0.09179383313525864,0.02816566273597459,0.049914238393447184,0.08642785403218194,0.028346866070108973,0.009971221220710706,0.05214742068587339,26,129,0.024790262402217204,0.2408954444304259,False,False,True,0.00023964294707092855,COMPLETE
1522,0.5824744820594788,2025-04-09 14:51:38.488797,2025-04-09 14:51:46.877224,0 days 00:00:08.388427,0.04018129740964738,0.15505531055689195,16,0.07385278792800415,0.03406123167985781,0.04787508779162898,0.08837245081923278,0.030694364495040406,0.002994510927104112,0.04408700219191147,28,23,0.019971478166200794,0.21898418328449093,False,False,True,0.0002449251045784948,COMPLETE
1523,0.5259398341178895,2025-04-09 14:51:47.372108,2025-04-09 14:51:55.417117,0 days 00:00:08.045009,0.2168087582809302,0.11035981716782733,16,0.08075732897078365,0.016356097532741396,0.04484253228560331,0.08923762872290882,0.03199578576636007,0.007522639831711657,0.024219711890768002,24,31,0.016862765914187387,0.1934930350399961,False,False,True,0.000317995828119075,COMPLETE
1524,0.5002603769302368,2025-04-09 14:51:55.934737,2025-04-09 14:52:04.074280,0 days 00:00:08.139543,0.2992026203431261,0.16646980679882717,16,0.09679547272061467,0.0596964048459526,0.049378783788421976,0.08446813969554157,0.027911716179606735,0.0028841393737730463,0.03489771486621346,25,27,0.032328495547197064,0.2376538902097523,False,False,True,9.8541186904765e-08,COMPLETE
1525,0.3648803472518921,2025-04-09 14:52:04.568814,2025-04-09 14:52:12.709959,0 days 00:00:08.141145,0.32397420820902595,0.18816841321559533,16,0.19321451381040256,0.008935218935924256,0.045743610007837415,0.08086837267139138,0.03761005969219572,0.005781351944532673,0.046565494693963726,25,25,0.022872853023732712,0.2244059669717435,False,False,True,0.000408132586643214,COMPLETE
1526,0.34475655555725104,2025-04-09 14:52:13.207560,2025-04-09 14:52:21.436506,0 days 00:00:08.228946,0.2314027125681235,0.1304184088079694,16,0.08672271967371892,0.024359190929103013,0.035469213292445484,0.08932874319522549,0.02606921109388074,0.008979718985780476,1.4696053548641933e-05,27,19,0.02636977288959762,0.24313153481339966,False,False,True,0.00021447459708956237,COMPLETE
1527,0.4918590903282166,2025-04-09 14:52:21.931191,2025-04-09 14:52:30.592961,0 days 00:00:08.661770,0.24548695269818158,0.10932812948048756,16,0.2994270213203548,0.03622019133825856,0.051716779002850745,0.08185343310224158,0.0337472201603085,0.0010040545976823878,0.05728769293833169,26,32,0.021326723625591647,0.23219086218203647,False,False,False,0.0007298552339628904,COMPLETE
1528,0.5249704003334046,2025-04-09 14:52:31.106964,2025-04-09 14:52:39.265212,0 days 00:00:08.158248,0.26550864544371533,0.14499868720068443,16,0.09399264881018556,0.026356152323572708,0.043246656272022004,0.08624653271773688,0.030321840031851243,0.004573927916690368,0.03811743664121266,25,29,0.018843858047895727,0.24085666752011056,False,False,True,0.0002920378182211238,COMPLETE
1529,0.4984466552734375,2025-04-09 14:52:39.762987,2025-04-09 14:52:47.753064,0 days 00:00:07.990077,0.3439507003736006,0.11509605492818492,16,0.08457741326472334,0.019995944053030592,0.047279112041845726,0.09009703326398807,0.03160259622013405,0.007142289813804423,0.05387916012521949,24,24,0.024994842061888654,0.20077538458860478,True,False,True,0.00048701147065348497,COMPLETE
1530,0.4894231081008912,2025-04-09 14:52:48.247334,2025-04-09 14:52:55.496127,0 days 00:00:07.248793,0.29202689414361555,0.17062070948215316,16,0.17913793111102375,0.03121874826113745,0.04959098423131306,0.08747843563527354,0.028919313146570362,0.002895939237761119,0.02987149515970436,15,27,0.027252583936707653,0.2449965270628321,False,False,True,0.00024657349225803814,COMPLETE
1531,0.4366479277610779,2025-04-09 14:52:56.015543,2025-04-09 14:53:04.160896,0 days 00:00:08.145353,0.20999094096368612,0.13729708862905063,16,0.07436069076915144,0.039369323724516306,0.03195542088092345,0.08947856791928326,0.0270500464657902,0.013505302468583412,0.04286606333960813,26,11,0.029791777652425758,0.2235139131317826,False,False,True,0.0003679967077770936,COMPLETE
1532,0.42881755828857426,2025-04-09 14:53:04.654309,2025-04-09 14:53:12.713810,0 days 00:00:08.059501,0.3068985792780225,0.20518238933196212,16,0.09367394901678465,0.07312537597575883,0.041406924495468525,0.08702837413897899,0.024533432404866468,0.004767165610974303,0.05082307609030551,25,21,0.022987352554035688,0.2477194367768109,False,False,True,0.0002155492611622773,COMPLETE
1533,0.49768779277801517,2025-04-09 14:53:13.208973,2025-04-09 14:53:21.268485,0 days 00:00:08.059512,0.37044954085555026,0.1074952408300083,16,0.10065811809110034,0.013894921591859125,0.04665816520661239,0.09028508578419009,0.03355433664052167,0.010897097603363824,0.03514184520518941,24,31,0.017490933798166255,0.22773961576413046,False,False,True,0.0003063637266442316,COMPLETE
1534,0.5612996459007263,2025-04-09 14:53:21.789743,2025-04-09 14:53:29.896838,0 days 00:00:08.107095,0.268693945366762,0.21901864375178948,16,0.08283838987534796,0.022375482348932108,0.044450916941374714,0.08869891564413043,0.028617679067670362,0.0010326361584800173,0.06208626152058032,25,24,0.024374501435314954,0.22753702310166343,False,False,True,0.00019836070527808446,COMPLETE
1535,0.47112334966659547,2025-04-09 14:53:30.403415,2025-04-09 14:53:38.613199,0 days 00:00:08.209784,0.23728927052723808,0.15083943053173332,16,0.07715831950301298,0.04693958755093356,0.05128659816336815,0.08304471923979197,0.03583483167778456,0.006837985028198108,0.028432810800137456,26,27,0.02151901690163938,0.21774238654723677,False,True,True,0.0002666733604461786,COMPLETE
1536,0.42667658925056456,2025-04-09 14:53:39.111239,2025-04-09 14:53:59.546408,0 days 00:00:20.435169,0.3229326964400896,0.1007808138525993,2,0.08935019293482217,0.029125260914888738,0.04930496140862369,0.09065970914814336,0.030926070335036446,0.07439171337706249,0.04206549293704049,27,53,0.028147869065202766,0.2335819101874911,False,False,True,0.0004349127565147529,COMPLETE
1537,0.33939676284790044,2025-04-09 14:54:00.068700,2025-04-09 14:54:08.293648,0 days 00:00:08.224948,0.2887848426081968,0.12599638062251992,16,0.05320350893897746,0.007463970908887495,0.04750153052356293,0.08444298915104911,0.026160220154810784,0.003959181410117255,0.05312153046312219,26,29,0.015321635469849675,0.24014726390832986,False,False,True,0.0003478037406897335,COMPLETE
1538,0.4618934392929077,2025-04-09 14:54:08.792844,2025-04-09 14:54:16.879661,0 days 00:00:08.086817,0.2167625722931496,0.10643736543338009,16,0.06591552073933762,0.05338441671282224,0.054729111767158625,0.08678163249968189,0.029448922608079263,0.007783033030086067,0.062396036475518876,25,19,0.02024429405733713,0.21151908848086323,False,False,True,0.00019664141696263432,COMPLETE
1539,0.47477676868438723,2025-04-09 14:54:17.376301,2025-04-09 14:54:25.455201,0 days 00:00:08.078900,0.24800517296189076,0.01019738121754047,16,0.0435573061479858,0.03502552338872411,0.02801608912616497,0.09009315164980927,0.03296115523072306,0.005698519884657116,0.04897026408366919,24,33,0.025287091667666208,0.22097799908113008,False,False,True,0.0005883620992691192,COMPLETE
1540,0.5117239713668824,2025-04-09 14:54:25.957401,2025-04-09 14:54:34.090059,0 days 00:00:08.132658,0.2720840738704946,0.18810468766781027,16,0.09326594870277086,0.019162619052917926,0.04175810058250659,0.09110331148571296,0.03932746707441402,0.0027179265806773377,0.036705514410129314,25,23,0.03148027924160892,0.2366582889268018,False,False,True,0.00023070079997694983,COMPLETE
1541,0.09284567236900329,2025-04-09 14:54:34.607227,2025-04-09 14:54:42.717999,0 days 00:00:08.110772,0.20915867405509725,0.7799872582139574,16,0.10224975694502995,0.11756926516934091,0.04454590150349018,0.088481697242605,0.03439107590942557,0.008664634415208716,0.042749753946409286,26,15,0.04642454019498575,0.22845777041390802,False,False,True,0.0002880260150148789,COMPLETE
1542,0.25663228034973146,2025-04-09 14:54:43.219498,2025-04-09 14:54:51.224957,0 days 00:00:08.005459,0.3383552100839173,0.7239475229262238,16,0.030646485232542993,0.04444488329663178,0.047036686652865464,0.09144320170759909,0.026926463299369926,0.004220684368321996,0.031970141733271604,24,27,0.014350435961671926,0.2319165604586887,False,False,True,0.00017202513802735535,COMPLETE
1543,0.5192695498466492,2025-04-09 14:54:51.722519,2025-04-09 14:54:59.752914,0 days 00:00:08.030395,0.29606971912049507,0.1535651238840938,16,0.08745457554769032,0.027193320592980914,0.05067348276365217,0.08629425292757903,0.03130675871706486,0.010384429715735721,0.05890260989884721,25,21,0.022563855978906602,0.24231575373113493,False,False,True,0.0004217365586736027,COMPLETE
1544,0.09072769284248353,2025-04-09 14:55:00.272708,2025-04-09 14:55:08.509718,0 days 00:00:08.237010,0.31194133539538166,0.12966654257135374,16,0.09671359622156053,0.24409059998210278,0.04904045543379755,0.08910939923100798,0.029045514324701694,0.019011422717847934,0.025584201544334703,27,30,0.019268718951245517,0.24945216142867732,False,False,True,0.0003380152564234805,COMPLETE
1545,0.18590214848518372,2025-04-09 14:55:09.014147,2025-04-09 14:55:17.204688,0 days 00:00:08.190541,0.25707867781635024,0.16961206306043447,16,0.08103347432554704,0.1932465892122886,0.053515338410484725,0.09088785491133548,0.026025603086882128,0.0028400462063464184,0.048992419035395814,26,25,0.027055113927641296,0.2366996477547589,False,False,True,0.00023786153740224935,COMPLETE
1546,0.3916657984256745,2025-04-09 14:55:17.704417,2025-04-09 14:55:25.305808,0 days 00:00:07.601391,0.23369905830048576,0.09747351121654846,16,0.10486747133649159,0.014431440123588022,0.03990618154883569,0.08834835684446815,0.024171433423554517,0.006012272534835836,0.07075388232460884,19,33,0.02445329979266369,0.23136531012683592,False,False,True,0.0005081993631756432,COMPLETE
1547,0.49181429147720335,2025-04-09 14:55:25.827545,2025-04-09 14:55:34.467484,0 days 00:00:08.639939,0.20591806975349827,0.12571076299468034,16,0.08727240348641678,0.039105196301824165,0.04575311726503974,0.05136587326063682,0.05062730577975085,0.0028550392840344476,0.038945058235421354,25,27,0.029516494455403733,0.24744716270440245,False,False,False,0.00019103543624237674,COMPLETE
1548,0.26745082736015324,2025-04-09 14:55:34.974724,2025-04-09 14:55:42.354911,0 days 00:00:07.380187,0.28030712159436083,0.1474346006711244,16,0.07152634817295977,0.05982307092772415,0.05210537421670495,0.09131500917901672,0.03255895552781461,0.005853989628868353,0.05605254991516627,17,79,0.022416965305334685,0.2038809304633208,False,False,True,0.00014765505977446092,COMPLETE
1549,0.5888867139816285,2025-04-09 14:55:42.861107,2025-04-09 14:55:50.809053,0 days 00:00:07.947946,0.327028591536451,0.09679719593775915,16,0.05735715913016551,0.03394113038325982,0.03698567220187952,0.09166789940333638,0.0746951166208638,0.013059421199195282,0.045120672351647774,24,23,0.02597832407980561,0.22704877773206433,False,False,True,0.0002774176484389753,COMPLETE
1550,0.41913592219352724,2025-04-09 14:55:51.332819,2025-04-09 14:55:59.458464,0 days 00:00:08.125645,0.19597208673690744,0.41696788766554815,16,0.09833278611065283,0.024304574420044644,0.055965121214772845,0.047220482883288596,0.03531184455664104,0.008668175826798592,0.022841624968452517,26,18,0.01812932957764989,0.2365463390668749,True,False,True,0.0007187755880850035,COMPLETE
1551,0.5646865010261536,2025-04-09 14:55:59.965746,2025-04-09 14:56:19.464400,0 days 00:00:19.498654,0.3563761144570411,0.3668118389750816,2,0.1144994451739556,0.019729508531309867,0.04316879121348268,0.08160856657975556,0.030573152587161763,0.015605775260419626,0.03399271082932379,25,30,0.020369037118909517,0.23837402666746496,False,False,True,0.0003741062794417575,COMPLETE
1552,0.4757138371467591,2025-04-09 14:56:19.966503,2025-04-09 14:56:27.918243,0 days 00:00:07.951740,0.39634558107913076,0.11816108262061674,16,0.07845040902918071,0.01007198175355749,0.060422327168526024,0.08631582317965432,0.027851412684587813,0.001018413787301549,0.06553093259096868,24,26,0.023863739790949086,0.21509352024208,False,False,True,0.00022241596096689664,COMPLETE
1553,0.5049612998962403,2025-04-09 14:56:28.444180,2025-04-09 14:56:36.499553,0 days 00:00:08.055373,0.263094443655095,0.21213031860320283,16,0.08925089722065004,0.029466550095626393,0.04822107938094593,0.08408942430225774,0.029898752816117938,0.0703801819537031,0.052510236781842884,25,33,0.0561005137809774,0.22395686460369035,False,False,True,0.00016956815508221756,COMPLETE
1554,0.3880576670169831,2025-04-09 14:56:37.006666,2025-04-09 14:56:45.173208,0 days 00:00:08.166542,0.3034084992556399,0.545789690121365,16,0.10112991930506464,0.0432962785211959,0.02460310371525349,0.08918475915875503,0.023922016009148905,0.00450312204297918,0.0008446957308103712,26,21,0.02771177448962726,0.2998792450046511,False,True,True,0.00028380946548987206,COMPLETE
1555,0.5665494084358216,2025-04-09 14:56:45.679836,2025-04-09 14:56:53.708689,0 days 00:00:08.028853,0.23411627682007444,0.010117255309692796,16,0.09227053808580986,0.05161310947634463,0.05016098761436646,0.09196692731631627,0.038001104317942735,0.007066216543704611,0.03945373466545217,25,29,0.022216192470153023,0.2499511414668953,False,False,True,0.0004348896079585827,COMPLETE
1556,0.4567008197307587,2025-04-09 14:56:54.236865,2025-04-09 14:57:02.254491,0 days 00:00:08.017626,0.2873706693681155,0.18070674265066436,16,0.1101304457441405,0.03637647489141596,0.044645979168404674,0.09008213659134164,0.03218437445699333,0.0041447736318865926,0.07086999622642111,24,25,0.01727490393093469,0.20882152346192082,False,False,True,0.00032583960533208987,COMPLETE
1557,0.3777892589569092,2025-04-09 14:57:02.766794,2025-04-09 14:57:10.984150,0 days 00:00:08.217356,0.3229713009829261,0.14127715211054856,16,0.08019462328065213,0.025365414606259983,0.04686360828366013,0.08773201386734261,0.02839767974837098,0.0110515619652391,0.09931589648861834,27,23,0.025513066876061218,0.23014070147768348,False,False,True,0.00020852524343104617,COMPLETE
1558,0.372481232881546,2025-04-09 14:57:11.488356,2025-04-09 14:57:19.592758,0 days 00:00:08.104402,0.21326066594811768,0.09483000417203807,16,0.11914974651545834,0.01586304287972361,0.05200327767712957,0.09250307262748292,0.0347347447816578,0.002717329354908741,0.05007757820829759,26,31,0.020513754044518776,0.2454775059753101,False,False,True,0.0005550299557508544,COMPLETE
1559,0.4835927248001099,2025-04-09 14:57:20.118630,2025-04-09 14:57:28.099327,0 days 00:00:07.980697,0.011281796887469497,0.11395781354565017,16,0.1861217635821723,0.030812245925667062,0.05899504950224921,0.08495286565018913,0.02615224826958308,0.0063636415787550644,0.03081637249242173,25,28,0.024228188599340585,0.10624695161513985,False,False,True,0.00024916764240851485,COMPLETE
1560,0.44492928981781005,2025-04-09 14:57:28.606377,2025-04-09 14:57:36.671470,0 days 00:00:08.065093,0.24418914776428366,0.15724428354138242,16,0.06565901639938856,0.04054177114208754,0.042280002531782025,0.090025652886271,0.07323189452152482,0.008780475622855239,0.060184047834252616,26,16,0.029240656251530092,0.2996032756232652,False,False,True,0.00013475006439266305,COMPLETE
1561,0.4314642429351807,2025-04-09 14:57:37.179092,2025-04-09 14:57:45.134653,0 days 00:00:07.955561,0.2727561478436862,0.1309680869007216,16,0.09526371132565077,0.021800922020574574,0.0033902236736292335,0.09237517979732221,0.05163596323875724,0.004382946416271008,0.042366801061373714,24,20,0.0272087049472445,0.23628120587167817,False,False,True,0.00017650622621149934,COMPLETE
1562,0.5872082948684693,2025-04-09 14:57:45.660657,2025-04-09 14:57:53.711851,0 days 00:00:08.051194,0.18810057259198795,0.0303177199799195,16,0.10595138808548242,0.006073736877837426,0.053613988318389406,0.08732828605894556,0.03051243521074789,0.0026200502404738666,0.0761484638963549,25,26,0.021843917382491862,0.2941730060831397,False,False,True,0.00034420408626752847,COMPLETE
1563,0.16766591668128966,2025-04-09 14:57:54.224973,2025-04-09 14:58:02.427628,0 days 00:00:08.202655,0.30445564829338273,0.6897612953669638,16,0.08530125437095042,0.0676021410944926,0.0564659963916378,0.09854413059664711,0.027241745219578842,0.005484687340334384,0.04831515520652632,26,34,0.025436161711173372,0.2433132809315136,False,False,True,2.2846501510912344e-06,COMPLETE
1564,0.1487064003944397,2025-04-09 14:58:02.936244,2025-04-09 14:58:10.827777,0 days 00:00:07.891533,0.34315422340112006,0.08858021560385929,16,0.20550091806431403,0.045321217995560506,0.046516491327351764,0.0940410971539383,0.02367390566814483,0.007536280878005533,0.035808335116730955,24,29,0.015172245783152611,0.19200456969230542,False,False,True,0.00011569253807346541,COMPLETE
1565,0.4475625455379486,2025-04-09 14:58:11.354884,2025-04-09 14:58:19.579220,0 days 00:00:08.224336,0.47452713616292286,0.11228143028502602,16,0.07395142161655831,0.033856012980559715,0.04902987851802454,0.09147907755738023,0.03282676449176232,0.011656577322786063,0.06120503227061999,27,59,0.03306717693433464,0.2944361728652857,False,False,True,0.00025498594638407094,COMPLETE
1566,0.43934633731842043,2025-04-09 14:58:20.104181,2025-04-09 14:58:28.756714,0 days 00:00:08.652533,0.25547606914030274,0.16689497824610966,16,0.09848546545610011,0.05614026625788366,0.050613880743332354,0.08958808497589299,0.029169230399552857,0.002509179587532352,0.027520202780429204,25,23,0.02352332804632955,0.22457006969119025,False,False,False,0.0001858697379126977,COMPLETE
1567,0.3861624300479889,2025-04-09 14:58:29.272970,2025-04-09 14:58:49.424487,0 days 00:00:20.151517,0.22357988326016523,0.13843250025438553,2,0.09064916906780515,0.015005972034313506,0.04752294246566611,0.035684268683906825,0.024716601468602415,0.004733656451935417,0.04650971405209509,26,32,0.019630882346694335,0.29484632331165844,True,False,True,0.0004048697803365205,COMPLETE
1568,0.33540167808532717,2025-04-09 14:58:49.955301,2025-04-09 14:58:57.998134,0 days 00:00:08.042833,0.2762980334103726,0.19690046454773613,16,0.07996748756543717,0.029979226950242122,0.04518455652355859,0.09481700398641377,0.07575760495096011,0.001003805000256801,0.056909804296796374,25,26,0.030801578434054486,0.23212674695718438,False,False,True,0.00030274198546993827,COMPLETE
1569,0.5263401746749878,2025-04-09 14:58:58.510823,2025-04-09 14:59:06.232875,0 days 00:00:07.722052,0.3622394303555896,0.030580642238611767,16,0.11253738650699087,0.02227085487745415,0.038570009081998244,0.07228771800465883,0.0320785332320494,0.008614283355407416,0.03901329109338428,24,7,0.013969113660738133,0.25115287261560515,False,False,True,0.0001467590155650856,COMPLETE
1570,0.4441562652587891,2025-04-09 14:59:06.744190,2025-04-09 14:59:14.865611,0 days 00:00:08.121421,0.1991164051692483,0.09039113060877343,16,0.0852229375929962,0.04898053889452003,0.022682479546978974,0.06882152024377913,0.02638174487770621,0.0010390788691867414,0.00018288623001773123,25,20,0.017773918854267788,0.2996541410103936,False,False,True,0.0002107485806252557,COMPLETE
1571,0.5385462880134583,2025-04-09 14:59:15.394957,2025-04-09 14:59:23.305212,0 days 00:00:07.910255,0.312234228180641,0.010448233111399577,16,0.10395784246703259,0.039133137770904464,0.05294303545108086,0.09665941427427192,0.0355750471458883,0.006182636172686599,0.020564850127896724,24,12,0.02145969080092629,0.21867498838872065,False,False,True,0.0005034476498122906,COMPLETE
1572,0.25080891847610476,2025-04-09 14:59:23.817467,2025-04-09 14:59:31.995329,0 days 00:00:08.177862,0.23883720363364383,0.10936916645918957,16,0.09284786618802147,0.026937683308153094,0.026412461283661065,0.09251908883616117,0.02953612921819103,0.004010060489095927,0.08346329814765602,26,29,0.026070647398514522,0.29970263511962647,False,False,True,0.0002524388366708089,COMPLETE
1573,0.4111552476882935,2025-04-09 14:59:32.507866,2025-04-09 14:59:40.647810,0 days 00:00:08.139944,0.2966347463597568,0.153476848885551,16,0.038095309668798996,0.010389513546982278,0.042326857611056014,0.09829518332234163,0.0339193861330443,0.0010069101024955092,0.0684374508524917,25,24,0.027852660358478724,0.17333132832622958,False,False,True,0.0003449755388349789,COMPLETE
1574,0.4689688265323639,2025-04-09 14:59:41.183328,2025-04-09 14:59:49.362070,0 days 00:00:08.178742,0.3340165899762737,0.12865769561472132,16,0.12420754261253042,0.017967822869222754,0.05780095289528313,0.0876926572597188,0.030874080856122203,0.009847176035616629,0.00548181835772717,27,17,0.022740977790359516,0.2938259122911844,False,False,True,0.00015594507009309615,COMPLETE
1575,0.4713626384735108,2025-04-09 14:59:49.874173,2025-04-09 14:59:58.066483,0 days 00:00:08.192310,0.1624405091002366,0.0829031733191272,16,0.09796641129561046,0.03546593709259197,0.04360418238153776,0.09338683690748652,0.022667328120540568,0.006554877601316154,0.03235422834265547,26,32,0.024744583682706267,0.2937205209103937,False,True,True,0.0002199155925605093,COMPLETE
