number,value,datetime_start,datetime_complete,duration,params_alpha-eval,params_alpha-train,params_batch-size,params_eps-eval,params_eps-train,params_lambda-actions-eval,params_lambda-actions-train,params_lambda-frames-eval,params_lambda-frames-train,params_learning-rate,params_n-epochs,params_n-frames,params_radius-gw,params_rho,params_std-feats,params_ub-actions,params_ub-frames,params_weight-decay,state
284,0.4752917528152466,2025-04-09 11:56:40.482030,2025-04-09 11:56:50.536236,0 days 00:00:10.054206,0.1091475854903158,0.09305226025746074,8,0.16553061108364042,0.011311980113219919,0.014219872794878817,0.0929750113186734,0.022249080668983904,0.0029339122606895484,0.05831963045102938,30,25,0.025638009768286996,0.25394058130253916,False,False,True,8.897177409529952e-08,COMPLETE
285,0.45875042080879214,2025-04-09 11:56:50.626289,2025-04-09 11:56:57.986399,0 days 00:00:07.360110,0.1480646569624872,0.06513775661151894,8,0.13272958666639192,0.018584198781996557,0.017395344896376896,0.09093138937080403,0.06667815483770953,0.004941589624373978,0.07193599608013161,11,13,0.018598370631105296,0.2647046696482531,False,False,True,8.004945254958577e-05,COMPLETE
286,0.5688386201858521,2025-04-09 11:56:58.076928,2025-04-09 11:57:04.943538,0 days 00:00:06.866610,0.2130621881682779,0.02819703107850334,8,0.18089397042159638,0.005245007183339187,0.012488407752819872,0.0956874239605627,0.04510558176526549,0.0025779634165025178,0.04798814340961282,8,16,0.020066619451718833,0.2594371099365674,False,False,True,4.498560594621875e-05,COMPLETE
287,0.4946589589118958,2025-04-09 11:57:05.035733,2025-04-09 11:57:12.121863,0 days 00:00:07.086130,0.18635636920663345,0.3377448396345651,8,0.18685382240383028,0.00024699582852683553,0.015240142179580895,0.09596956296569831,0.04441207834032168,0.006375833448618876,0.032621012803662336,9,16,0.022625451039552807,0.2591252732909462,False,False,True,4.494007648998309e-05,COMPLETE
288,0.4258505821228028,2025-04-09 11:57:12.225537,2025-04-09 11:57:19.337490,0 days 00:00:07.111953,0.16187804611516082,0.5277039460697794,8,0.16834935247548125,0.031820341469316074,0.02185777485856365,0.09779354774202767,0.04912815269295951,0.033664623603130744,0.0429138812955246,9,21,0.02065679473635903,0.2695166061225846,False,False,True,6.483860460883838e-05,COMPLETE
289,0.5763337254524231,2025-04-09 11:57:19.428671,2025-04-09 11:57:26.426270,0 days 00:00:06.997599,0.13043085536361443,0.034535380942933284,8,0.17650720165919206,0.014733269416701299,0.011964077395998793,0.0940177777009337,0.04651162138672619,0.004218397976674632,0.04934026193628936,8,28,0.014958245882541679,0.27582272840321814,False,False,True,0.00024275754649040175,COMPLETE
290,0.4398062109947205,2025-04-09 11:57:26.521572,2025-04-09 11:57:39.114993,0 days 00:00:12.593421,0.05736746795664138,0.013523316881051777,2,0.20182870023626784,0.022293155472469257,0.012666350866663255,0.09522424127374121,0.04738759283204623,0.008085575823202856,0.026015632369160612,12,26,0.014326661738707157,0.2755200857121357,False,False,True,0.0003311676753693797,COMPLETE
291,0.09271123856306077,2025-04-09 11:57:39.208212,2025-04-09 11:57:46.123523,0 days 00:00:06.915311,0.12418888264914026,0.035976999203567735,8,0.1824145698066844,0.013690786039242899,0.01102823977005112,0.09381829647223479,0.04627198139302726,0.0046424830065384115,1.005695805997938e-05,8,31,0.015402287446885366,0.27973360237680545,False,False,True,4.1666874063284916e-05,COMPLETE
292,0.39109826087951666,2025-04-09 11:57:46.216756,2025-04-09 11:57:53.251815,0 days 00:00:07.035059,0.2147892350918824,0.026528248360075425,8,0.15151570551818583,0.08904531148989947,0.042833742160689116,0.025012799804216106,0.04222446971640461,0.0062749016013276745,0.048129253412747486,8,123,0.016948165975596598,0.2509277363283457,False,False,True,0.00020804796669243443,COMPLETE
293,0.5512370228767395,2025-04-09 11:57:53.356293,2025-04-09 11:58:00.253976,0 days 00:00:06.897683,0.1951929886779861,0.01274373128201129,8,0.17579738864370797,0.017269400823071858,0.013942366209056839,0.09686150194157024,0.03973980570994045,0.004059592215700066,0.040011724836355664,8,29,0.012211335309771048,0.26281428989006034,False,False,True,5.563186528400804e-05,COMPLETE
294,0.34083601236343386,2025-04-09 11:58:00.346807,2025-04-09 11:58:07.639626,0 days 00:00:07.292819,0.17403538102493069,0.04519955179857459,8,0.14478035300777256,0.024793339237749804,0.038362244618098784,0.09400605178322557,0.06984239094001986,0.00283219463013356,0.05117438089423356,10,76,0.01797362849296373,0.25580604230445236,False,False,True,4.0457087246557475e-05,COMPLETE
295,0.48398941755294805,2025-04-09 11:58:07.732825,2025-04-09 11:58:14.800749,0 days 00:00:07.067924,0.13025047391714867,0.02959177089671102,8,0.15689050848393582,0.009438092108697829,0.011669262711496601,0.09987607139002744,0.07331113776698049,0.008295514606989622,0.0344785721904891,8,24,0.019939965107576667,0.2640391388726969,False,False,True,0.0001545691143736067,COMPLETE
296,0.5648615837097168,2025-04-09 11:58:14.895166,2025-04-09 11:58:22.063807,0 days 00:00:07.168641,0.23109155177756763,0.05033308809680663,8,0.1791799459235457,0.017961293627917804,0.01650024112314654,0.09231341553709102,0.06276364659986705,0.005877882400586218,0.07326093155136378,10,27,0.01564111392439749,0.2460245386905605,False,False,True,5.887891844163279e-05,COMPLETE
297,0.4562877357006073,2025-04-09 11:58:22.159464,2025-04-09 11:58:29.141157,0 days 00:00:06.981693,0.10180460035181807,0.061829555046488044,8,0.16327250191701942,0.030933746122529818,0.014475735332205513,0.09580066032256472,0.04608575677584646,0.0010507061507971408,0.05625573243049832,8,22,0.009744232279912557,0.2850094585509683,False,False,True,0.00024272766761167353,COMPLETE
298,0.08709359467029572,2025-04-09 11:58:29.244851,2025-04-09 11:58:39.140276,0 days 00:00:09.895425,0.17143142232879754,0.6989732826110493,8,0.19084454268578316,0.01175921439375951,0.010350201688877823,0.09252855955481137,0.05042214050163857,0.00441214667313112,0.046467083540953,29,138,0.022113158470682476,0.2742889385024262,False,False,True,0.00029460689519183596,COMPLETE
299,0.4755676865577698,2025-04-09 11:58:39.234132,2025-04-09 11:58:46.859786,0 days 00:00:07.625654,0.2005441160818929,0.030926979706967495,8,0.14682152866767553,0.005306769749366386,0.01705925358570788,0.08880800645517431,0.037597601155554945,0.006879050422856746,0.08189494080314956,12,32,0.0732082691797014,0.2560761255565909,False,False,True,4.895702759044958e-05,COMPLETE
300,0.566071355342865,2025-04-09 11:58:46.954646,2025-04-09 11:58:53.994981,0 days 00:00:07.040335,0.15855093161650535,0.06396919612970563,8,0.18573679615309807,0.02136993628375651,0.019707398939249644,0.09799203725873931,0.06966585453296326,0.0028700284067165525,0.06265044637061368,9,18,0.01882180758519045,0.26491178670311566,False,False,True,7.360738811857477e-05,COMPLETE
301,0.43892868757247927,2025-04-09 11:58:54.090859,2025-04-09 11:59:01.553818,0 days 00:00:07.462959,0.1401203147467177,0.010599868506123648,8,0.1394123866238412,0.0003505445308530546,0.012925946818980375,0.09316099138989813,0.0640838439105479,0.03996713666368312,0.07476986860852143,11,65,0.020665273743085164,0.2501905611725887,False,False,True,7.847521312827411e-05,COMPLETE
302,0.4570041358470917,2025-04-09 11:59:01.649171,2025-04-09 11:59:08.787278,0 days 00:00:07.138107,0.21697054976805977,0.8470515946531066,8,0.1567424028657251,0.015409313861488498,0.015349797474623051,0.09503238219345492,0.07231420436498952,0.009631005056944118,0.0975134944162715,9,23,0.02348411149861669,0.25855873036587373,False,True,True,4.434546540478287e-05,COMPLETE
303,0.590838897228241,2025-04-09 11:59:08.892327,2025-04-09 11:59:15.896712,0 days 00:00:07.004385,0.18215106123448685,0.043932296621049506,8,0.13379232429922536,0.010682067862383939,0.010088039194744484,0.09100644202528388,0.04104930025970668,0.004767592348470184,0.054111603253105225,8,28,0.01705900898196377,0.2775447781012906,False,False,True,0.00010169238305065898,COMPLETE
304,0.48863881826400757,2025-04-09 11:59:15.993394,2025-04-09 11:59:25.252382,0 days 00:00:09.258988,0.19165552528317778,0.03893316599587565,8,0.13000370395646016,0.0361986306616738,0.009486543855867741,0.0917652970926963,0.06542116541141119,0.07561499840111964,0.003723385388677867,24,29,0.01674760497095663,0.2800524027508597,False,False,True,0.00011425968111937303,COMPLETE
305,0.4798991799354554,2025-04-09 11:59:25.349326,2025-04-09 11:59:32.442127,0 days 00:00:07.092801,0.1742254199392796,0.05371336203095985,8,0.1331006210310734,0.02474989896182715,0.011518981117798578,0.0887900747929575,0.04532802467856282,0.0028428076167095434,0.0681585924436233,8,26,0.01326841256433767,0.27623425938625545,False,False,True,0.0001678740995792013,COMPLETE
306,0.4603428602218628,2025-04-09 11:59:32.539773,2025-04-09 11:59:39.592388,0 days 00:00:07.052615,0.19596270163498455,0.07281511290672499,8,0.13876766306901073,0.007581546312751933,0.006359050543814207,0.09618533589413292,0.05267763385271122,0.004680949321069805,0.042360375731846166,8,28,0.018345841542419774,0.2857453149622844,False,False,True,0.0004179945943360717,COMPLETE
307,0.4530469000339508,2025-04-09 11:59:39.699324,2025-04-09 11:59:46.714484,0 days 00:00:07.015160,0.24202950558672665,0.03338546631539034,8,0.1279831257467196,0.017390453497810106,0.004365863791653866,0.05215522012180622,0.06836080325430108,0.0024793711811381645,0.08499228961196013,8,31,0.01537280678825513,0.269380036612558,False,False,True,0.00011667266908282502,COMPLETE
308,0.46251543760299685,2025-04-09 11:59:46.814238,2025-04-09 11:59:54.073495,0 days 00:00:07.259257,0.15565526941684876,0.897209595920544,8,0.17819076082609472,0.005812841127338545,0.010452049256615272,0.09362703693681595,0.07088267914041922,0.004172863081902355,0.09993770074442895,10,24,0.01934451221809337,0.24348327874332756,False,False,True,9.495997938150445e-05,COMPLETE
309,0.5220784187316895,2025-04-09 11:59:54.172224,2025-04-09 12:00:04.805662,0 days 00:00:10.633438,0.21643960806782858,0.01006161515453563,2,0.14548173936264527,0.00011463666615766678,0.013145361525835156,0.08772453759201339,0.07422014524453145,0.007927539118769132,0.05855180055573055,8,16,0.01744574534083593,0.25971465245296144,False,False,True,3.707211063834302e-05,COMPLETE
310,0.573422086238861,2025-04-09 12:00:04.904669,2025-04-09 12:00:12.208299,0 days 00:00:07.303630,0.17558636455997087,0.04984363667470034,8,0.13672691202574216,0.012559979565367765,0.046841036516776575,0.09750844969962137,0.0426334697609586,0.005294470068570741,0.04763455598694581,10,21,0.003669443411662046,0.2524689917734717,False,False,True,8.566536864561714e-05,COMPLETE
311,0.47225614786148074,2025-04-09 12:00:12.309542,2025-04-09 12:00:19.434419,0 days 00:00:07.124877,0.1839664098326391,0.07517115116910565,8,0.13641438567056088,0.028516291811476826,0.06376113617902342,0.09864820543034482,0.0620382443583002,0.0056255888441398335,0.070498988606477,9,22,0.007015058121878481,0.250129601985234,False,False,True,5.447530243364331e-05,COMPLETE
312,0.5582331418991089,2025-04-09 12:00:19.542775,2025-04-09 12:00:26.702627,0 days 00:00:07.159852,0.20768777947604108,0.05581871614241117,8,0.1421844344856964,0.02178910647429761,0.045278410944427944,0.015415395373859265,0.04265461123536305,0.007702344556289445,0.05739759369224277,9,27,0.0028463098946653782,0.2526955235775891,False,False,True,8.034549724856634e-05,COMPLETE
313,0.09516607075929642,2025-04-09 12:00:26.804107,2025-04-09 12:00:33.708286,0 days 00:00:06.904179,0.1786026903920001,0.07505460628433487,8,0.13400710717850275,0.01645962097206851,0.00896360700098425,0.09707170523229978,0.0673870555811247,0.005331860269097454,0.00018982432395112152,8,24,0.01135607666041439,0.24544852695559272,False,False,True,2.769939390349811e-08,COMPLETE
314,0.4270213603973389,2025-04-09 12:00:33.808942,2025-04-09 12:00:40.659203,0 days 00:00:06.850261,0.2303290843006096,0.034925088279983696,8,0.12420824724338439,0.012626312186376394,0.056706011167840006,0.09084121242133486,0.06538266741759496,0.009626825897755126,0.037687052621491045,7,99,0.019927101713267396,0.2734290389953539,False,False,True,6.379005172092353e-05,COMPLETE
315,0.18933749794960023,2025-04-09 12:00:40.759353,2025-04-09 12:00:48.116722,0 days 00:00:07.357369,0.2522381294086211,0.05123500444410136,8,0.1294870885668795,0.239069658907257,0.05193147681193841,0.033813278812730836,0.07254134681118564,0.09233194047924206,0.07178342545102989,11,20,0.06321644885662393,0.27900474582472234,False,False,True,4.306561376638666e-05,COMPLETE
316,0.43763546943664555,2025-04-09 12:00:48.226781,2025-04-09 12:00:55.501350,0 days 00:00:07.274569,0.16317604934467603,0.09273950347111029,8,0.14191403513039563,0.011338112493436414,0.014910685778832915,0.08624709854397818,0.06928540810448962,0.003952432137781211,0.08493660164407102,10,13,0.001575680487168784,0.25509256959818566,False,False,True,8.958815833895471e-05,COMPLETE
317,0.38520766496658326,2025-04-09 12:00:55.601983,2025-04-09 12:01:02.626854,0 days 00:00:07.024871,0.19497942915192587,0.06474269851027688,8,0.1506781934652353,0.021484698997684654,0.012513695141640808,0.08953581920898786,0.0494627809930327,0.0065788149030140495,0.04860051632609447,8,30,0.00905697603785714,0.2854675339004424,False,False,True,5.247864988534388e-05,COMPLETE
318,0.5377068042755127,2025-04-09 12:01:02.727154,2025-04-09 12:01:09.591744,0 days 00:00:06.864590,0.18190628743416234,0.029717098020291495,8,0.13357158297754074,0.02681948548268047,0.007876309326847318,0.09280962383314909,0.04679994594666423,0.003212804022362842,0.030310226767466565,7,21,0.021445319052512173,0.2667893283197828,False,False,True,6.69178527277192e-05,COMPLETE
319,0.48207072019577024,2025-04-09 12:01:09.694319,2025-04-09 12:01:16.823449,0 days 00:00:07.129130,0.15554069286255431,0.08993386325386304,8,0.147443426963531,0.016160820156025026,0.011286227678057202,0.09728773900734036,0.07439687165518552,0.005024919082403094,0.06001887984187019,9,33,0.014897988995636649,0.2428938816756481,False,False,True,3.3191763149882e-05,COMPLETE
320,0.5666019201278687,2025-04-09 12:01:16.935252,2025-04-09 12:01:23.959483,0 days 00:00:07.024231,0.20759817007379164,0.0539856609489265,8,0.1385657919467795,0.008495476562515095,0.0476649198008585,0.09486694343533615,0.04302194974222355,0.00281530166432965,0.07801259727395539,8,25,0.01787806046006317,0.2495671996397758,False,False,True,8.683447903317496e-05,COMPLETE
321,0.43701791763305664,2025-04-09 12:01:24.061440,2025-04-09 12:01:30.755431,0 days 00:00:06.693991,0.22719550992333018,0.028740821993710267,8,0.1283965341487277,0.03875804356557001,0.014637636568419762,0.09909089958881728,0.07089018270865931,0.001085322959540565,0.0633776259227204,6,15,0.021583856844407667,0.26279848348924817,False,False,True,3.925641127189817e-05,COMPLETE
322,0.46722360849380495,2025-04-09 12:01:30.857285,2025-04-09 12:01:39.625641,0 days 00:00:08.768356,0.17419184020142406,0.07540555243886411,8,0.14563711898230233,0.018990539350817248,0.006082468310622342,0.09172939407942196,0.06357598696435994,0.008047286060347613,0.05032776722896529,21,19,0.020156780957012992,0.294381528065576,False,False,True,6.994110166528153e-05,COMPLETE
323,0.09215089827775956,2025-04-09 12:01:39.729593,2025-04-09 12:01:46.693595,0 days 00:00:06.964002,0.998967479476708,0.9720939828944115,8,0.1528454469776512,0.011232186249188697,0.017051792857427986,0.08788668888150214,0.04509916293472269,0.006015701921900525,0.0863541814214982,9,24,0.004288299910474372,0.2723321242641757,False,False,True,5.0308901068577906e-05,COMPLETE
324,0.1859173506498337,2025-04-09 12:01:46.795183,2025-04-09 12:01:55.446136,0 days 00:00:08.650953,0.19785132825722845,0.05086926763515986,8,0.135600579977051,0.005822309853776905,0.010078859534591342,0.08975328041254867,0.06728769437888174,0.0041782817341794965,0.03876913475154362,20,27,0.006028364001011534,0.2569021843525507,False,True,True,9.394157920634951e-05,COMPLETE
325,0.43302301764488227,2025-04-09 12:01:55.557888,2025-04-09 12:02:02.383428,0 days 00:00:06.825540,0.14822829895047812,0.09380450454722661,8,0.17060754892026736,0.01507792819245404,0.019210734995080084,0.09390527612974982,0.06137216932097573,0.009663568861258838,0.06750349319254519,7,16,0.018614871756249995,0.25721353791647233,False,False,True,6.266017686268178e-05,COMPLETE
326,0.3788121998310089,2025-04-09 12:02:02.488400,2025-04-09 12:02:09.784011,0 days 00:00:07.295611,0.1724443606838919,0.02515305525790366,8,0.011163584573633811,0.028769284751363186,0.013508578991213003,0.09582807668111323,0.06566912282596293,0.0027448046251589316,3.0203950446462983e-05,10,21,0.052856512742360494,0.2354709182136677,False,False,True,4.8377742862555955e-05,COMPLETE
327,0.3468457520008087,2025-04-09 12:02:09.887303,2025-04-09 12:02:16.923086,0 days 00:00:07.035783,0.21397491330871854,0.06478097722293052,8,0.12265072194866715,0.01953428859824543,0.015957196460996616,0.08631633757211284,0.06917941618917095,0.006626645234934107,0.053474137289878994,8,133,0.016604178427461556,0.26730728638681533,False,False,True,3.415682713078794e-05,COMPLETE
328,0.43889045119285586,2025-04-09 12:02:17.027140,2025-04-09 12:02:23.755146,0 days 00:00:06.728006,0.19118699063667222,0.29307065913243513,8,0.14189962365954545,0.009818539485440031,0.03414862930552161,0.09136268818084667,0.07608303088139559,0.0044897022986502225,0.07621047294881053,6,29,0.02298801153893154,0.2801647523358529,False,False,True,0.00011769262377153239,COMPLETE
329,0.3890770196914673,2025-04-09 12:02:23.869266,2025-04-09 12:02:38.085454,0 days 00:00:14.216188,0.13813846202738958,0.046653108908814564,2,0.1521046040650316,0.022613474482698893,0.020878614652191235,0.09263053067204807,0.07278018895452991,0.044832868994249105,0.0974490195294933,15,12,0.01435059577300664,0.2261752226370429,False,False,True,0.0002514704734510572,COMPLETE
330,0.5041738867759705,2025-04-09 12:02:38.192149,2025-04-09 12:02:46.590578,0 days 00:00:08.398429,0.16204587965528153,0.010894803875675933,8,0.12738303905499182,0.005267935283854804,0.011829337678574244,0.0997725646298387,0.07778494737296471,0.0010373685934945533,0.04489175150565565,18,18,0.021323164080219364,0.2470410760115584,False,False,True,7.287215823920115e-05,COMPLETE
331,0.41568361520767216,2025-04-09 12:02:46.696821,2025-04-09 12:02:53.800990,0 days 00:00:07.104169,0.2453583871702186,0.07395192570638195,8,0.19939061051989762,0.013544426765240173,0.008173775789010488,0.08859297951746352,0.07027854421921444,0.007627148712820181,0.059635571348963946,9,22,0.01950798457986097,0.2622020136937992,False,False,True,5.768808412239759e-05,COMPLETE
332,0.5670248031616211,2025-04-09 12:02:53.906623,2025-04-09 12:03:00.741081,0 days 00:00:06.834458,0.18309254902495312,0.035968478656979185,8,0.1568702107134604,0.00013874493616255405,0.004888675534022183,0.09656054478788458,0.05656594155454749,0.004940191703922887,0.07584789701097085,7,25,0.01688756041968743,0.25361901575175033,False,False,True,0.0004982962415151555,COMPLETE
333,0.4691448450088501,2025-04-09 12:03:00.857986,2025-04-09 12:03:08.087620,0 days 00:00:07.229634,0.2094990169945267,0.10214178262362256,8,0.16433213937115856,0.030407936505268147,0.017848821472412988,0.09459044080519273,0.04233679940587255,0.002795157453025541,0.05402407201736316,10,16,0.023090463163175166,0.27233994573229375,False,False,True,0.00010311582306766378,COMPLETE
334,0.46571619510650636,2025-04-09 12:03:08.193644,2025-04-09 12:03:15.863060,0 days 00:00:07.669416,0.152514644618241,0.05972173137616178,8,0.17997689377703344,0.011341196066271327,0.014333841179335768,0.09029101919995121,0.03889386836480189,0.006071214607679365,0.06224583796294354,13,20,0.020566753234999437,0.28667032156555555,False,False,True,4.229520610574324e-05,COMPLETE
335,0.518596386909485,2025-04-09 12:03:15.970466,2025-04-09 12:03:23.183617,0 days 00:00:07.213151,0.1936191182367887,0.08255093029754842,8,0.13606117948253546,0.022541058791648715,0.015614361228189284,0.08548914274736683,0.06485067809427443,0.031113754612386517,0.09973133122421883,9,28,0.018444024989328803,0.24058854070192265,False,False,True,8.410856494700357e-05,COMPLETE
336,0.5773037433624267,2025-04-09 12:03:23.291164,2025-04-09 12:03:30.773994,0 days 00:00:07.482830,0.11842148088123279,0.043131864118979714,8,0.14526013457301287,0.005450220068177806,0.01218750769679686,0.09298431657274556,0.06840612236602303,0.0031958385520041268,0.08202159903847421,11,23,0.02209255515569073,0.260206901140504,False,False,True,0.00016800643281411,COMPLETE
337,0.08999183773994447,2025-04-09 12:03:30.890761,2025-04-09 12:03:38.307480,0 days 00:00:07.416719,0.11928276449746333,0.03311417764422644,8,0.1474310254778355,0.1825833279315619,0.012079178311518342,0.05690550918734692,0.0676976728303563,0.008313910480992587,0.045495862005856695,11,33,0.01294958804023398,0.2513202548485436,False,False,True,0.00014734203825757925,COMPLETE
338,0.08923354297876358,2025-04-09 12:03:38.415080,2025-04-09 12:03:45.798612,0 days 00:00:07.383532,0.08524095383820027,0.0472941370177037,8,0.142756927097229,0.28906198788548576,0.010076064881063013,0.09251547313229758,0.06850435685870018,0.003872028413538996,0.06802074683793663,11,23,0.02055289040584109,0.25770256826226173,False,False,True,0.00019637061441189679,COMPLETE
339,0.503115999698639,2025-04-09 12:03:45.904500,2025-04-09 12:03:53.516927,0 days 00:00:07.612427,0.1351843482045351,0.025319663285951293,8,0.1515907569711854,0.004966132613236546,0.013792280746979382,0.09418357604784496,0.06687066653633886,0.010486135453646407,0.03391941357084471,12,26,0.016533742950686624,0.2687572563817471,False,False,True,0.0003024721500296145,COMPLETE
340,0.5095256447792054,2025-04-09 12:03:53.623647,2025-04-09 12:04:00.836176,0 days 00:00:07.212529,0.12131404097212681,0.05814818976836837,8,0.15902872998705958,0.004680517273915063,0.018299956024770317,0.09752209185189754,0.06440159089295347,0.09950940040584792,0.08189596545095956,10,23,0.0842491132626654,0.24785977050617827,False,False,True,0.0001471893118711489,COMPLETE
