number,value,datetime_start,datetime_complete,duration,params_alpha-eval,params_alpha-train,params_batch-size,params_eps-eval,params_eps-train,params_lambda-actions-eval,params_lambda-actions-train,params_lambda-frames-eval,params_lambda-frames-train,params_learning-rate,params_n-epochs,params_n-frames,params_radius-gw,params_rho,params_std-feats,params_ub-actions,params_ub-frames,params_weight-decay,state
786,0.5891954302787781,2025-04-16 17:38:51.992076,2025-04-16 17:39:15.630744,0 days 00:00:23.638668,0.6819238314754709,0.9793387957440983,2,0.06802421465792269,0.10714677455649606,0.07065155068644688,0.01828059695554599,0.07441035200509824,0.08735452004559133,3.8704414167108636e-05,27,134,0.019530577901878912,0.22990463621147328,False,False,False,1.5391450993722155e-06,COMPLETE
787,0.39718772768974303,2025-04-16 17:39:15.891119,2025-04-16 17:39:39.332925,0 days 00:00:23.441806,0.7567256099995371,0.9604792570167281,2,0.06342566206729844,0.10263967956376815,0.0724302832681654,0.022301922684796388,0.07860612167929167,0.08000732979094288,2.4435893924913197e-05,26,137,0.015357634238705252,0.2350210333249744,True,False,False,1.1364807327255788e-06,COMPLETE
788,0.5738355159759522,2025-04-16 17:39:39.579694,2025-04-16 17:40:03.196099,0 days 00:00:23.616405,0.7201054030474716,0.9837799112494523,2,0.0727969597969861,0.09460567852726665,0.06987967178435861,0.021719967049081704,0.07329478369518508,0.08181032505491907,3.451641191404846e-05,27,139,0.012348292614108913,0.2448122166046448,False,False,False,2.5447636201476645e-06,COMPLETE
789,0.5951329350471497,2025-04-16 17:40:03.454933,2025-04-16 17:40:27.703315,0 days 00:00:24.248382,0.6654083141651235,0.9454387856799681,2,0.04438642663615748,0.09976939531825624,0.06559288099456324,0.020011743405849724,0.07546194467143755,0.08413682812639642,4.2576237063734766e-05,28,133,0.015070801769330105,0.23296748458977995,False,False,False,9.945234506656304e-07,COMPLETE
790,0.5682338237762451,2025-04-16 17:40:27.965483,2025-04-16 17:40:51.584296,0 days 00:00:23.618813,0.6990467905035881,0.18802419955368915,2,0.07190748697357931,0.08181806166639094,0.06793224949829654,0.025706140131209386,0.07276149619327632,0.08871196456829195,5.154011328172288e-05,27,132,0.012667160253382548,0.2555086564008299,False,False,False,1.942851752071756e-06,COMPLETE
791,0.5958321928977967,2025-04-16 17:40:51.836296,2025-04-16 17:41:16.188757,0 days 00:00:24.352461,0.7215379295886963,0.9645464794899643,2,0.06035619678547552,0.09299619346399972,0.07256146308731884,0.023399336113925827,0.0710190303008435,0.08598947299032353,4.081158798387859e-05,28,130,0.018007876914716343,0.24132871369161815,False,False,False,3.3517845883878803e-06,COMPLETE
792,0.5246847748756409,2025-04-16 17:41:16.449777,2025-04-16 17:41:39.682240,0 days 00:00:23.232463,0.7840099462364399,0.9347347969363673,2,0.07484065604175166,0.10818649680317144,0.0753422089478117,0.018371416928644222,0.07193576490558456,0.08145321364976156,2.9247310077784168e-05,26,126,0.015398015682214047,0.24820423720869822,False,False,False,4.300239277826788e-06,COMPLETE
793,0.590767788887024,2025-04-16 17:41:39.946260,2025-04-16 17:42:03.280252,0 days 00:00:23.333992,0.7629153688765307,0.9984368405995632,2,0.03556783269902597,0.10022128081101148,0.07111758904649612,0.026045503544348682,0.08046345986230594,0.09037093583465695,5.448863142452719e-05,26,133,0.012149727285041736,0.22728517911303467,False,False,False,1.3985987487525836e-06,COMPLETE
794,0.42428456544876103,2025-04-16 17:42:03.526523,2025-04-16 17:42:26.042629,0 days 00:00:22.516106,0.7368588312179255,0.9621788900488715,2,0.06900251137515079,0.09016202553174921,0.07240255451464213,0.020554209663071255,0.07422895368265549,0.079813077712628,3.3953721767229654e-05,25,130,0.033151910394158546,0.2370341436564634,False,False,False,2.3866347756954795e-06,COMPLETE
795,0.39532934427261357,2025-04-16 17:42:26.308525,2025-04-16 17:42:50.111787,0 days 00:00:23.803262,0.7095021883214105,0.9816265533167505,2,0.056226367356767615,0.08437861496056916,0.06949261443492871,0.017964611141919173,0.0697037493639784,0.08431191076183615,1.9875138530434772e-05,27,126,0.014120733541748521,0.2497883690706632,False,False,False,3.2700660497758604e-06,COMPLETE
796,0.34491366147994995,2025-04-16 17:42:50.374991,2025-04-16 17:43:11.935430,0 days 00:00:21.560439,0.6775017820069617,0.9261650589302722,2,0.06400189684369363,0.0952102902546828,0.06714074415465349,0.02375189523815848,0.06676630263045806,0.08234793511911273,4.3758670795061014e-05,28,135,0.05470160351875945,0.25520159273769294,False,False,True,4.5921312426759315e-06,COMPLETE
797,0.594642448425293,2025-04-16 17:43:12.182794,2025-04-16 17:43:35.339122,0 days 00:00:23.156328,0.6562709066970338,0.954662613861742,2,0.0784857149239328,0.10028252884784795,0.07546795692356711,0.02177740536407658,0.07043441551140409,0.09129927935735098,5.597138780003938e-05,26,129,0.011706076661035358,0.24244598173658832,False,False,False,1.8141670531348307e-06,COMPLETE
798,0.09778834879398347,2025-04-16 17:43:35.599527,2025-04-16 17:43:56.405124,0 days 00:00:20.805597,0.6939402262551909,0.14055022095608982,2,0.07639516301860032,0.07975428456783222,0.0725225447186667,0.019172391210520147,0.07634783614947138,0.0869759903566399,3.7525662566929365e-05,27,126,0.01684621893990145,0.23182910339737473,False,True,False,3.721755797944556e-06,COMPLETE
799,0.5072268962860107,2025-04-16 17:43:56.666920,2025-04-16 17:44:20.948032,0 days 00:00:24.281112,0.7418301119604408,0.9405510333381387,2,0.08776971896159542,0.08999016529276789,0.07011223398301099,0.02376209988449892,0.07202718501553913,0.08471077439108851,2.6226094373112548e-05,28,140,0.014105429388338786,0.23777331394326984,False,False,False,6.509306035747772e-06,COMPLETE
800,0.6029548048973083,2025-04-16 17:44:21.198217,2025-04-16 17:44:44.593805,0 days 00:00:23.395588,0.8133293821067294,0.9807718810249572,2,0.06706985702466725,0.10674080276252676,0.06452076134868175,0.026045679421335163,0.06907190460828536,0.09577463990383449,4.593515170543047e-05,26,132,0.011750772135293394,0.24493225355454215,False,False,False,2.535164729494791e-06,COMPLETE
801,0.5908802151679993,2025-04-16 17:44:44.857046,2025-04-16 17:45:07.436300,0 days 00:00:22.579254,0.8071104908277746,0.9880726297678086,2,0.06375831668810025,0.10852230207042787,0.06393647484292343,0.027283134360171983,0.06849443244676191,0.09982847604241629,4.5653173538064945e-05,25,138,0.01631212003453608,0.24200523966030024,False,False,False,2.1848726668492964e-06,COMPLETE
802,0.4287441432476044,2025-04-16 17:45:07.703285,2025-04-16 17:45:30.855218,0 days 00:00:23.151933,0.8570918614151716,0.9998075856541933,2,0.05320227792078464,0.10669044440787032,0.06447784409035573,0.0268557336716696,0.0654519043031845,0.0942778721203302,3.287305861177318e-05,26,134,0.019700198466903292,0.23044219877350244,False,False,False,2.7810203425817478e-06,COMPLETE
803,0.5838154673576356,2025-04-16 17:45:31.107200,2025-04-16 17:45:53.664314,0 days 00:00:22.557114,0.8431219923332907,0.9718082847252093,2,0.06848624051921863,0.09739563087593936,0.06649052823822928,0.023752111450839372,0.07366498399239055,0.0942261812633157,3.964052646859655e-05,25,133,0.012455057768629551,0.25006471863168267,False,False,False,5.288841165144254e-07,COMPLETE
804,0.6029932141304016,2025-04-16 17:45:53.931397,2025-04-16 17:46:17.074915,0 days 00:00:23.143518,0.8257966336017014,0.9274519299948745,2,0.05882533729364649,0.10288225629769597,0.06604671456961783,0.025729894195844823,0.0695324764856965,0.09805940854563559,5.000439352426014e-05,26,132,0.014513256571182683,0.23821801278002971,False,False,False,2.4162379306342257e-06,COMPLETE
805,0.594383716583252,2025-04-16 17:46:17.327552,2025-04-16 17:46:40.676862,0 days 00:00:23.349310,0.8275552254547573,0.8985210391601477,2,0.04035278491967212,0.11034707640505344,0.06522950035584339,0.028400828293025773,0.0692817227064756,0.09057675905519934,5.196556921111109e-05,26,138,0.01766727985540225,0.24420930064271384,False,False,False,1.4870347645585374e-06,COMPLETE
806,0.37595280408859255,2025-04-16 17:46:40.939065,2025-04-16 17:47:03.636853,0 days 00:00:22.697788,0.8665024776893968,0.9205423976301099,2,0.05134626358555534,0.10219075317209333,0.06596375897427208,0.02656863541066283,0.0714639978583067,0.09363937724033441,5.317183458804926e-05,25,133,0.015112329555594885,0.23761032067872292,True,False,False,2.491482777713169e-06,COMPLETE
807,0.5839879035949708,2025-04-16 17:47:03.904547,2025-04-16 17:47:27.258912,0 days 00:00:23.354365,0.814176380764954,0.9075994367178187,2,0.05939706535082922,0.10518875162626867,0.06762009892087963,0.02542073055373944,0.06725680439391203,0.09779515278838494,4.461609328061899e-05,26,143,0.018850442597986447,0.2562130294713511,False,False,False,1.7814269880205019e-06,COMPLETE
808,0.5919138312339783,2025-04-16 17:47:27.509815,2025-04-16 17:47:50.736228,0 days 00:00:23.226413,0.7951675486358247,0.9350705013722312,2,0.056316962724510394,0.10199340881473058,0.06828333916630118,0.02645474581099247,0.06989389823825343,0.0922415393199664,5.3989479966238196e-05,26,135,0.016927638013229884,0.2495932770173729,False,False,False,2.944132215513884e-06,COMPLETE
809,0.6034447550773621,2025-04-16 17:47:51.001812,2025-04-16 17:48:14.349118,0 days 00:00:23.347306,0.8242548126906412,0.9494125522865222,2,0.046227629119232755,0.0950681427709214,0.06645496763978673,0.025234685373973147,0.06701730957179894,0.09752849641978248,4.5647581075406764e-05,26,136,0.014523050046102109,0.24282542718174946,False,False,False,2.140083778944222e-06,COMPLETE
810,0.5890666007995605,2025-04-16 17:48:14.613252,2025-04-16 17:48:37.173124,0 days 00:00:22.559872,0.8269397140802629,0.9223912379162262,2,0.05387241426344809,0.09640209760728624,0.06304755470901065,0.02847313330816977,0.07334981176912428,0.0996920694405601,5.807846928761252e-05,25,140,0.015314696204146688,0.2394247203576064,False,False,False,1.2505138482230083e-06,COMPLETE
811,0.5932884454727173,2025-04-16 17:48:37.427464,2025-04-16 17:48:59.752960,0 days 00:00:22.325496,0.8157458499468921,0.9386105584591115,2,0.04597051538595423,0.10930515372126787,0.06569998268683741,0.025558103506478632,0.06951912372760599,0.09581006242927315,4.630783782505118e-05,25,141,0.01669977051911,0.23731851062241696,False,False,False,2.0013972963014077e-06,COMPLETE
812,0.5824808835983277,2025-04-16 17:49:00.020990,2025-04-16 17:49:23.224947,0 days 00:00:23.203957,0.8566176337911381,0.902853620975117,2,0.039527291577839845,0.10225810997345261,0.06408958443553026,0.029356199765776733,0.07574694437130704,0.09576701603446294,5.7311547579286046e-05,26,143,0.014524296226917718,0.24281003869136233,False,False,False,2.3050395393861847e-06,COMPLETE
813,0.35850914716720583,2025-04-16 17:49:23.493633,2025-04-16 17:49:46.532255,0 days 00:00:23.038622,0.7940825093980515,0.948681594891012,2,0.047986520343380884,0.09585563403721134,0.06637951232790448,0.026540343876111788,0.07174156135010909,0.09810874658051875,4.494045606621873e-05,26,138,0.06055984702328668,0.22647758764606635,False,False,False,1.7205786842459157e-06,COMPLETE
814,0.6020338773727417,2025-04-16 17:49:46.785485,2025-04-16 17:50:09.297589,0 days 00:00:22.512104,0.7782163887891292,0.9253948800553846,2,0.03242284419321039,0.1034437944202604,0.06486090581069336,0.024388238500287263,0.06829739557383593,0.09706766241677463,4.587974771084334e-05,25,138,0.01891816177755979,0.25273953563374585,False,False,False,2.716810975319874e-06,COMPLETE
815,0.10513032376766204,2025-04-16 17:50:09.563432,2025-04-16 17:50:29.420004,0 days 00:00:19.856572,0.8839302821503358,0.9155403680703327,2,0.031777791695285273,0.11217457961422203,0.06446821842035315,0.02809215964343972,0.0666145849487573,0.09725922216483368,5.716109782697522e-05,25,141,0.019743929033023966,0.09474873540603587,False,False,True,2.671581591725697e-06,COMPLETE
816,0.590506398677826,2025-04-16 17:50:29.694307,2025-04-16 17:50:52.005613,0 days 00:00:22.311306,0.8368910847830151,0.8963944482312272,2,0.04371895585756484,0.10866067726308529,0.06456662013993766,0.02490257650244207,0.06739134240347615,0.09616779147019026,4.859777352810669e-05,25,140,0.018449997993880356,0.25665486804826143,False,False,False,2.0567336190146255e-06,COMPLETE
817,0.5039800524711608,2025-04-16 17:50:52.261951,2025-04-16 17:51:14.727314,0 days 00:00:22.465363,0.7804939690260877,0.8880863267514427,2,0.037405443773428595,0.09292345745318108,0.06461582767507196,0.02517175220247247,0.06554002056422874,0.09880128504034827,4.1209626495697013e-05,25,143,0.01351571203738348,0.10678851119013673,False,False,False,1.5734940897700668e-06,COMPLETE
818,0.5776413917541504,2025-04-16 17:51:14.994081,2025-04-16 17:51:37.259859,0 days 00:00:22.265778,0.8042917586366545,0.926242678588798,2,0.018261379400281913,0.10358294537411758,0.0637896054125862,0.026660465984568248,0.06853528690044869,0.09735984503625501,5.786472485130217e-05,25,138,0.016640915273793314,0.25563068042033427,False,False,False,1.0706391385708295e-06,COMPLETE
819,0.5939495086669923,2025-04-16 17:51:37.529672,2025-04-16 17:52:00.647869,0 days 00:00:23.118197,0.783304431361505,0.9409661452547037,2,0.04920654808609377,0.09641388349180094,0.0676367122239576,0.02796446536058008,0.07017224599242249,0.09639669931087573,4.846079890129636e-05,26,136,0.020640498495223532,0.2528179185075668,False,False,False,2.8749326120104845e-06,COMPLETE
820,0.6028397083282471,2025-04-16 17:52:00.903528,2025-04-16 17:52:23.917601,0 days 00:00:23.014073,0.7657723061981049,0.9186695404948477,2,0.035876194444104975,0.10441643988990285,0.0660819185967518,0.02374922963438767,0.0686420706050107,0.09869129313492243,3.898568737026002e-05,26,137,0.013633507947216097,0.24933409266684825,False,False,False,2.247396851373377e-06,COMPLETE
821,0.12697141617536545,2025-04-16 17:52:24.184647,2025-04-16 17:52:44.334265,0 days 00:00:20.149618,0.805254581319444,0.901731152222303,2,0.031544254965612153,0.11351119251276104,0.06633169479047286,0.02434542326569193,0.06498649108592454,0.09822406949198302,3.794030127023748e-05,26,145,0.016960942963273568,0.24918513963968875,False,True,False,2.3196685474607676e-06,COMPLETE
822,0.4795567035675049,2025-04-16 17:52:44.604587,2025-04-16 17:53:06.910851,0 days 00:00:22.306264,0.7690231105564588,0.925568705325421,2,0.018718589595134907,0.10431225690938593,0.06322077438098997,0.02397092434045096,0.06855170484206659,0.09994940028576102,3.134719612719166e-05,25,146,0.014764408327059822,0.25907400967101407,False,False,False,1.3561088369084086e-06,COMPLETE
823,0.6008171677589417,2025-04-16 17:53:07.184237,2025-04-16 17:53:30.218623,0 days 00:00:23.034386,0.8228570414666767,0.9123672534265602,2,0.02679798475069477,0.10766510296425602,0.06622054487283044,0.029577921310181877,0.06677386109652973,0.09578399599537499,3.9678460384123404e-05,26,140,0.013418200662052262,0.2506053382239914,False,False,False,3.16093534120827e-06,COMPLETE
824,0.5948734879493713,2025-04-16 17:53:30.477199,2025-04-16 17:53:53.328755,0 days 00:00:22.851556,0.8489375525245791,0.8955753634360212,2,0.03456687015235176,0.1127003487274837,0.0654769904244203,0.02866600508694806,0.06505316135013578,0.09726734937171104,4.680911976690354e-05,25,144,0.016247340948472164,0.2575848688309363,False,False,False,3.2361716528700063e-06,COMPLETE
825,0.37911300063133246,2025-04-16 17:53:53.599944,2025-04-16 17:54:16.947901,0 days 00:00:23.347957,0.8254344209868683,0.9129630947197355,2,0.024452320983367137,0.10682056720032587,0.06347159566799758,0.02694426260589414,0.06653660957874606,0.0963253589047512,2.9207754221659926e-05,26,143,0.01252688021499601,0.25023329017578516,True,False,False,4.1723629674748866e-06,COMPLETE
826,0.5760117769241333,2025-04-16 17:54:17.222331,2025-04-16 17:54:40.562832,0 days 00:00:23.340501,0.7577783630257453,0.9187772801082883,2,0.025771661857509585,0.11126153091963231,0.06595774478883051,0.030408500944862957,0.06799558397580277,0.09552563247204378,3.702835749720553e-05,26,141,0.01512399825765347,0.2535914841689928,False,False,False,2.6050207880730363e-06,COMPLETE
827,0.5884076118469238,2025-04-16 17:54:40.821221,2025-04-16 17:55:03.281186,0 days 00:00:22.459965,0.8789132874782781,0.9502550118902595,2,0.03833619197487351,0.10302097654027044,0.06720258123811164,0.026279995755273896,0.06389299241591866,0.0995730183386816,4.7558584430700274e-05,25,140,0.018685073814441587,0.24946496062886792,False,False,False,3.6618476404958224e-06,COMPLETE
828,0.5761131882667542,2025-04-16 17:55:03.552243,2025-04-16 17:55:26.870231,0 days 00:00:23.317988,0.8214574012179349,0.8940944076901561,2,0.028724135945151552,0.10203047720387964,0.06425397055441487,0.029937684812238217,0.06924053870387975,0.09522989308415053,5.704145903074094e-05,26,139,0.01320862782275089,0.25781333512123755,False,False,False,3.1282996219195567e-06,COMPLETE
829,0.5720741152763367,2025-04-16 17:55:27.145183,2025-04-16 17:55:50.374746,0 days 00:00:23.229563,0.7722628116035157,0.926034528806308,2,0.025696440059016137,0.09009527181419058,0.06743161898737669,0.025192993199416192,0.06721878008460155,0.09424067060113069,3.8955035416119665e-05,26,148,0.017206307050369102,0.24560543619588396,False,False,False,4.7972395389151925e-06,COMPLETE
830,0.5299480795860291,2025-04-16 17:55:50.636037,2025-04-16 17:56:14.403009,0 days 00:00:23.766972,0.8421626256989028,0.9499087298952859,2,0.028797620916777237,0.1077906622834532,0.06283793900404429,0.023132322119008068,0.06973237323436167,0.09753138225340154,3.112257952829428e-05,27,143,0.011861524067596786,0.25222922034377143,False,False,False,2.1432656118166056e-06,COMPLETE
831,0.5841601252555847,2025-04-16 17:56:14.677700,2025-04-16 17:56:38.442617,0 days 00:00:23.764917,0.7542853471620771,0.9309911603404011,2,0.03390045994306405,0.09782581862922275,0.06823059417465156,0.02268085458636794,0.06562826633395666,0.0942774686379009,4.808297930546389e-05,27,139,0.021197289453006633,0.24567342208144924,False,False,False,2.9459442914696407e-06,COMPLETE
832,0.539208197593689,2025-04-16 17:56:38.717966,2025-04-16 17:57:01.846929,0 days 00:00:23.128963,0.6855621124005467,0.9112153794522435,2,0.04112292402077538,0.0929077398074805,0.065282841344783,0.027776161870418987,0.06813899396754984,0.09791025150016897,3.487927486106781e-05,26,136,0.01485528992464076,0.2581853150399863,False,False,False,2.2379317085778014e-06,COMPLETE
833,0.36087598204612736,2025-04-16 17:57:02.107233,2025-04-16 17:57:24.540585,0 days 00:00:22.433352,0.6485335207982773,0.9749668448260074,2,0.013185114853141947,0.10501388894765039,0.06687482630558093,0.02605382523943201,0.07055894709304544,0.09980214119113415,2.574744333304006e-05,25,140,0.013212277254699065,0.25153775891732416,False,False,False,3.6284115965463367e-06,COMPLETE
834,0.5521278023719788,2025-04-16 17:57:24.822327,2025-04-16 17:57:48.866084,0 days 00:00:24.043757,0.7833016572329092,0.9536117073646477,2,0.036519161575812614,0.0857158563713341,0.06840059168029856,0.022919257794505984,0.07352768391313017,0.09626449544202227,4.117152832212963e-05,27,147,0.011240518614935462,0.2443473244995102,False,False,False,4.677913614611483e-06,COMPLETE
835,0.10183398425579071,2025-04-16 17:57:49.142406,2025-04-16 17:58:09.582123,0 days 00:00:20.439717,0.7097960822539509,0.8880732395004619,2,0.04250703101458955,0.09931716374322291,0.06530517833292827,0.025593290498162037,0.07845809624531772,0.09451533797642267,1.3191337768627923e-05,26,136,0.01577617323222967,0.2461759324566489,False,False,True,2.6537300403682067e-06,COMPLETE
836,0.5972605109214784,2025-04-16 17:58:09.846122,2025-04-16 17:58:32.412396,0 days 00:00:22.566274,0.8059034389392085,0.9378190601280433,2,0.02931330218420217,0.2656724031506312,0.06885888869379142,0.024370623124508273,0.06434349990141207,0.09290814560838598,5.422072033092088e-05,25,138,0.01869605089833186,0.25313705354309357,False,False,False,4.1995268926233586e-06,COMPLETE
837,0.12180287092924119,2025-04-16 17:58:32.686936,2025-04-16 17:58:53.445361,0 days 00:00:20.758425,0.7428278083273502,0.9603249105314624,2,0.03179042132823971,0.11234956106004046,0.06298295760728888,0.029202879833218814,0.06627574067920428,0.09787609952195167,4.1795042564193485e-05,27,142,0.012709451379140337,0.23590510995812963,False,True,False,1.8787624891514977e-06,COMPLETE
838,0.5663055062294007,2025-04-16 17:58:53.721878,2025-04-16 17:59:16.691134,0 days 00:00:22.969256,0.7572875941260743,0.980695508221308,2,0.018788628813037264,0.091916970477465,0.06684578277556585,0.022243276368346488,0.06816252426714467,0.09969508624978922,5.668986621797539e-05,26,136,0.01457106188544703,0.24377151472935246,False,False,False,3.1617868769047013e-06,COMPLETE
839,0.3494916379451752,2025-04-16 17:59:16.953170,2025-04-16 17:59:40.855539,0 days 00:00:23.902369,0.6714838438831242,0.9201352853922063,2,0.02326556772421906,0.10134394780601554,0.06910646766289072,0.024244481874450458,0.07053610487743535,0.05844206217806577,3.382504262601298e-05,27,149,0.048349170422385776,0.25849951222430423,False,False,False,2.4131478005972887e-06,COMPLETE
840,0.5980962038040161,2025-04-16 17:59:41.133768,2025-04-16 18:00:04.776645,0 days 00:00:23.642877,0.7215086235382386,0.9991332528221721,2,0.04470355349214877,0.08252870380708201,0.06460633224304868,0.02700794135942235,0.07207359007357436,0.09573319009880034,4.654391602003492e-05,27,136,0.011438000281483486,0.2479584061829805,False,False,False,3.6275396284619563e-06,COMPLETE
841,0.5745709419250489,2025-04-16 18:00:05.059146,2025-04-16 18:00:27.627264,0 days 00:00:22.568118,0.7775211136956836,0.9430771378113416,2,0.038095380119745906,0.09347274817349309,0.06891244347890438,0.02241289725267122,0.06654155791500786,0.09282985645520117,3.9076188248222345e-05,25,136,0.01612081077578567,0.24090876537291223,False,False,False,7.433241777459921e-07,COMPLETE
