number,value,datetime_start,datetime_complete,duration,params_alpha-eval,params_alpha-train,params_batch-size,params_eps-eval,params_eps-train,params_lambda-actions-eval,params_lambda-actions-train,params_lambda-frames-eval,params_lambda-frames-train,params_learning-rate,params_n-epochs,params_n-frames,params_radius-gw,params_rho,params_std-feats,params_ub-actions,params_ub-frames,params_weight-decay,state
113,0.5210434317588807,2025-04-09 11:36:32.206836,2025-04-09 11:36:38.889906,0 days 00:00:06.683070,0.371369314065018,0.09520325160705852,16,0.11444375599953069,0.009219907622404565,0.08530417264675631,0.0728162156758038,0.09541329707242514,0.0071064394477410656,0.05645230304014251,6,34,0.03228107654281742,0.19685635831920018,False,False,False,1.0222105009540298e-06,COMPLETE
114,0.48417434692382816,2025-04-09 11:36:38.928313,2025-04-09 11:36:45.648003,0 days 00:00:06.719690,0.39445284287861193,0.07511831030762364,16,0.11454644328761554,0.00994868266014802,0.08642658375157389,0.08025645672255169,0.09497708487144911,0.007283181149018447,0.04513721989348113,6,33,0.03106448568941951,0.19806119835337813,False,False,False,1.2665218811935823e-06,COMPLETE
115,0.09215089827775956,2025-04-09 11:36:45.686771,2025-04-09 11:36:52.195553,0 days 00:00:06.508782,0.27581494710624865,0.1650888266068087,16,0.10754339494235464,0.0001385730296649436,0.09809792261448326,0.028912942815644712,0.03882137549094536,0.011803906436969472,0.08226306702801843,6,34,0.02860426699995322,0.18742667184059653,False,False,False,7.442972096176097e-07,COMPLETE
116,0.5204676866531373,2025-04-09 11:36:52.234915,2025-04-09 11:36:58.868074,0 days 00:00:06.633159,0.35568414309751445,0.13476093380971427,16,0.09962925641649643,0.0337339873926942,0.0796733241893896,0.07266593833125659,0.08666308022533176,0.016772833456723372,0.054785451251153326,5,43,0.032611463623949136,0.23154565036781105,False,False,False,2.059304474795484e-06,COMPLETE
117,0.3756963849067688,2025-04-09 11:36:58.906970,2025-04-09 11:37:05.524397,0 days 00:00:06.617427,0.33634006635827485,0.043594156769164,8,0.0993866043380822,0.03401226189523234,0.07566003751909951,0.07281520115514896,0.08660792703887667,0.016709901207036727,0.05390359642884154,6,43,0.03301604924086146,0.24557253871955761,False,True,False,2.309660859317337e-05,COMPLETE
118,0.26090175509452823,2025-04-09 11:37:05.563686,2025-04-09 11:37:12.308350,0 days 00:00:06.744664,0.2996930605910994,0.011062963448380744,16,0.09213975178017303,0.0055478325379589655,0.07929293170864951,0.06678085860949332,0.08129391430349156,0.013904866860990324,0.029576615154231916,7,30,0.05677080556335318,0.24008702601484808,False,False,False,3.1740818057073002e-06,COMPLETE
119,0.5025665044784546,2025-04-09 11:37:12.348322,2025-04-09 11:37:19.257247,0 days 00:00:06.908925,0.38139345981403633,0.6047551694429028,16,0.11790794289798713,0.01271516690131699,0.08186148638696597,0.06307419920878087,0.07965932714203469,0.018790137260887744,0.041577937577364034,8,35,0.02505434635677635,0.2144193996134855,False,False,False,9.9762406244304e-07,COMPLETE
120,0.43631542325019834,2025-04-09 11:37:19.297678,2025-04-09 11:37:25.962682,0 days 00:00:06.665004,0.3495619132522509,0.08586807221768467,16,0.10690491351598172,0.09902776766681674,0.08284372289386052,0.08456146559948703,0.08474582673192334,0.02057535545365176,0.024155688645590118,5,57,0.03940886197426008,0.23295303097379935,False,False,False,3.610895025428231e-06,COMPLETE
121,0.4914224982261658,2025-04-09 11:37:26.002499,2025-04-09 11:37:32.605353,0 days 00:00:06.602854,0.4204945794398886,0.13435269554904142,16,0.09923253522199267,0.01956564784233203,0.08785266615835237,0.06938135295070778,0.09719043681776497,0.010556016980136314,0.05543692645551155,5,40,0.03246328736640009,0.2685819037618499,False,False,False,1.825960694642225e-06,COMPLETE
122,0.5220301270484925,2025-04-09 11:37:32.647208,2025-04-09 11:37:39.233437,0 days 00:00:06.586229,0.360771175691009,0.1469368319332273,16,0.08051518950748619,0.030207448864899206,0.07774810575511272,0.07814505426662557,0.08761456688533177,0.015274615263358396,0.08547703976501833,5,37,0.02671457254856304,0.2971824104361144,False,False,False,4.2182554048616576e-07,COMPLETE
123,0.4336044430732727,2025-04-09 11:37:39.283776,2025-04-09 11:37:46.145261,0 days 00:00:06.861485,0.36764144142115446,0.19824172672533552,16,0.0418202807321853,0.042462248960757745,0.0768678854867032,0.07403288601105956,0.0874333100054977,0.015332058242901412,0.09941040522573767,7,25,0.03548268639956587,0.1718681131154654,False,False,False,1.8698164365800646e-07,COMPLETE
124,0.5302601099014282,2025-04-09 11:37:46.189382,2025-04-09 11:37:52.840960,0 days 00:00:06.651578,0.2647849777264274,0.11240552010936043,16,0.11291617151392597,0.03070332700194138,0.07858973126851226,0.07827816227788367,0.08331227436623083,0.024330684751620854,0.08106284773437472,6,36,0.030713067304946242,0.280609447948956,False,False,False,2.2043646796448406e-06,COMPLETE
125,0.4249059915542603,2025-04-09 11:37:52.884330,2025-04-09 11:37:59.570691,0 days 00:00:06.686361,0.26463379461551595,0.11702378495422523,16,0.1125325239532211,0.029457329504170522,0.07855858654575384,0.07876036716555683,0.0832592187219686,0.0239313783138921,0.0840950207571492,6,47,0.021066566519472134,0.2979073017202717,False,False,False,4.632968582879647e-07,COMPLETE
126,0.45944130420684814,2025-04-09 11:37:59.612801,2025-04-09 11:38:06.705037,0 days 00:00:07.092236,0.2112696447547914,0.47562631119018417,8,0.12459601367674047,0.03793797529876235,0.07477514234014819,0.08000308642350555,0.09280698295013379,0.02621680914297099,0.06943369533950401,6,31,0.026043588835171588,0.2876354346223344,False,False,False,8.793343575632701e-07,COMPLETE
127,0.5084730505943299,2025-04-09 11:38:06.747612,2025-04-09 11:38:13.312589,0 days 00:00:06.564977,0.23117749602826346,0.06449902768628281,16,0.09136622851812136,0.04673243108400006,0.08045273031938667,0.07780782892912418,0.07680776700928026,0.017410174831698804,0.04087698197353341,5,35,0.01756597691384828,0.27252728545775884,False,False,False,2.1548007233210414e-06,COMPLETE
128,0.4240061938762665,2025-04-09 11:38:13.355558,2025-04-09 11:38:20.095911,0 days 00:00:06.740353,0.32591567371937613,0.5748877392981413,16,0.12054959303394056,0.03178793725313874,0.07187926293721802,0.08273688459232421,0.07950461131710149,0.01274308328919054,0.08497355774337109,6,73,0.02976070158119943,0.2840714023060435,False,False,False,7.268583346219674e-06,COMPLETE
129,0.5047199368476868,2025-04-09 11:38:20.138471,2025-04-09 11:38:26.949889,0 days 00:00:06.811418,0.3072713976557684,0.17743777397913507,16,0.06836069795193746,0.018267077868728936,0.08484180135406683,0.07158044020274547,0.08921519135868497,0.020313842357150468,0.061297422490260295,7,44,0.02330227792371842,0.29193088472177137,False,False,False,2.9555967214747353e-07,COMPLETE
130,0.48439700603485114,2025-04-09 11:38:26.992993,2025-04-09 11:38:33.864604,0 days 00:00:06.871611,0.35507284964636293,0.14254727266624356,16,0.08122044139112775,0.05124461683159224,0.0774718152654383,0.0756309622058528,0.08527452692891527,0.009438925610640265,0.033685589466244815,8,37,0.034979755524653044,0.2591015917694824,False,False,False,1.396966539589205e-06,COMPLETE
131,0.524770212173462,2025-04-09 11:38:33.907934,2025-04-09 11:38:40.876903,0 days 00:00:06.968969,0.385841540739843,0.09663098273216299,16,0.10236956332472848,0.010870107948184991,0.001562664953067866,0.073787073910854,0.08208192351714566,0.014943507207524036,0.04742950313553713,9,37,0.03129420138025767,0.27105230983078255,False,False,False,1.7529222636245117e-05,COMPLETE
132,0.33196741342544556,2025-04-09 11:38:40.920096,2025-04-09 11:38:47.866612,0 days 00:00:06.946516,0.3890449158106874,0.11601251471760245,16,0.10647026352260225,0.006335378970829033,0.02155095014826591,0.08130971296354886,0.030675084442274098,0.016999256075080446,0.09995451820212362,9,42,0.037174582708299375,0.2761794263638472,False,False,False,1.0393591242204333e-05,COMPLETE
133,0.5265610098838807,2025-04-09 11:38:47.910138,2025-04-09 11:38:54.483799,0 days 00:00:06.573661,0.4079825247530356,0.05801298606124234,16,0.09362700819810207,0.018330692197332778,0.0027470303285910685,0.07788042326238416,0.08390924937556371,0.01216583862646528,0.07060091419108433,5,31,0.033384046554893416,0.2994420473206532,False,False,False,3.161066045367514e-05,COMPLETE
134,0.5361082911491395,2025-04-09 11:38:54.529158,2025-04-09 11:39:01.093393,0 days 00:00:06.564235,0.3325227553215345,0.058759570998240675,16,0.0949157526426278,0.017724858280819204,0.08013554886003127,0.07770760373753419,0.08143667982445177,0.006573400963163823,0.07236125963647616,5,26,0.0323539149775698,0.2596549162915858,False,False,False,3.7121323473745774e-05,COMPLETE
135,0.5337225675582886,2025-04-09 11:39:01.138513,2025-04-09 11:39:07.777083,0 days 00:00:06.638570,0.25686548936885606,0.034433621667001625,16,0.11172947678938511,0.015947632131390332,0.003925829457534423,0.07773597156571105,0.0819223081034319,0.0057478140428413715,0.07186273876176583,5,27,0.0273348055528783,0.2981715410953887,False,False,False,4.008684523834912e-05,COMPLETE
136,0.5572062611579895,2025-04-09 11:39:07.824090,2025-04-09 11:39:14.083613,0 days 00:00:06.259523,0.28078491645872855,0.036352189926912436,16,0.08698568812596609,0.016704798759159183,0.002118388357485612,0.07834796744510306,0.07964294793714985,0.011930128645560057,0.07616533749804834,5,26,0.02696266446815701,0.2984440938554555,False,False,True,3.402915343083464e-05,COMPLETE
137,0.48950200080871586,2025-04-09 11:39:14.131826,2025-04-09 11:39:22.692216,0 days 00:00:08.560390,0.2436710941798045,0.029197297661301053,8,0.08748985169844822,0.016915522144876915,0.004641777118221439,0.08514695736805766,0.08160679386416311,0.011045735177621738,0.07320479771875572,19,23,0.028809574877478726,0.2805393516888643,False,False,True,5.5390846603433825e-05,COMPLETE
138,0.5561208128929138,2025-04-09 11:39:22.748530,2025-04-09 11:39:29.064478,0 days 00:00:06.315948,0.18797286311956674,0.052311808472725534,16,0.09302493588832159,0.022779274848327053,0.0028321588313249134,0.0813767691369033,0.07919836376598097,0.006592785759460649,0.06833240421323056,5,26,0.024444250135668998,0.26452526814859223,False,False,True,3.472205972407291e-05,COMPLETE
139,0.44458889961242676,2025-04-09 11:39:29.110260,2025-04-09 11:39:35.367604,0 days 00:00:06.257344,0.16848450241923424,0.046279346806350874,16,0.11008375579781834,0.02288271992587346,0.001645534205962309,0.08713217398871329,0.07683832243524502,0.005621773209213301,0.044230836472383,5,27,0.024453489852511393,0.2625843751202881,False,True,True,3.818190095813337e-05,COMPLETE
140,0.518598747253418,2025-04-09 11:39:35.417773,2025-04-09 11:39:41.674487,0 days 00:00:06.256714,0.12963982366774782,0.010063060471954353,16,0.09402244071297247,0.01736132384070853,0.004425665873109086,0.08090135622890782,0.07904935683837529,0.009876893367079793,0.06970625709387511,5,18,0.022306471283904117,0.29358313955058934,False,False,True,3.264188273381603e-05,COMPLETE
141,0.5598929166793823,2025-04-09 11:39:41.720489,2025-04-09 11:39:48.249029,0 days 00:00:06.528540,0.18792418006147343,0.06874183040665148,16,0.10395829900050531,0.011662050295567047,0.008249780287156762,0.07554473945992549,0.08324023343945955,0.008613455431126705,0.08490492608890605,7,22,0.02913922252621749,0.27958023967884216,False,False,True,4.247549283886491e-05,COMPLETE
142,0.46856778860092163,2025-04-09 11:39:48.296317,2025-04-09 11:39:54.728535,0 days 00:00:06.432218,0.08378360931770669,0.06236633077274443,16,0.11841825279356584,0.023585545740629096,0.00798635571407355,0.0831366759042457,0.08228130815838701,0.00816953594216251,0.047415867794054725,7,22,0.029846604129090834,0.28711477891456716,False,False,True,4.409392977514974e-05,COMPLETE
143,0.5759839415550232,2025-04-09 11:39:54.775378,2025-04-09 11:40:01.177592,0 days 00:00:06.402214,0.19019454116049658,0.034226035329849275,16,0.10400774283354663,0.015245790722774648,0.008204197146085411,0.07702797768218379,0.0801455955095039,0.005512283021779304,0.06788344133890124,6,26,0.019795591587383865,0.27807383482536774,False,False,True,2.73625271265592e-05,COMPLETE
144,0.43880879282951357,2025-04-09 11:40:01.224428,2025-04-09 11:40:07.477376,0 days 00:00:06.252948,0.14198374008449782,0.03304110834228398,16,0.10386219070924169,0.027047745430429246,0.006863824294391113,0.0776260797513432,0.08171130136123926,0.0011585056508808013,0.07596976691073358,5,23,0.010810629105667144,0.26856460870239635,False,False,True,2.5676111648761196e-05,COMPLETE
145,0.5821693658828736,2025-04-09 11:40:07.525080,2025-04-09 11:40:13.935131,0 days 00:00:06.410051,0.19327475553405266,0.054661238186015426,16,0.09063051478259179,0.012115413514618117,0.01193402612953764,0.07995560603051059,0.07521278782856447,0.00551266281475186,0.0630969885107411,6,26,0.020294100216692174,0.28064606755674804,False,False,True,2.008230455163841e-05,COMPLETE
146,0.4770554423332215,2025-04-09 11:40:13.983216,2025-04-09 11:40:21.667102,0 days 00:00:07.683886,0.19029695477304934,0.049869378010948824,16,0.08785202977926992,0.001969595841604454,0.011040327448246998,0.08007216125976033,0.07835737755184856,0.005424492574146026,0.06639749290118094,21,25,0.00754941819646701,0.2803190700791392,False,False,True,4.225048549420583e-05,COMPLETE
147,0.558357322216034,2025-04-09 11:40:21.718108,2025-04-09 11:40:28.123765,0 days 00:00:06.405657,0.2203620610418798,0.06444985290030035,16,0.09247711012672558,0.0159059897488389,0.011930746763869148,0.08533171382860888,0.07517168730180195,0.008185754048267947,0.08324664949934461,6,17,0.019111865805215632,0.2523004592734652,False,False,True,3.071374700711329e-05,COMPLETE
148,0.34827299118041993,2025-04-09 11:40:28.172022,2025-04-09 11:40:34.465665,0 days 00:00:06.293643,0.22202760290280305,0.029360681103654637,16,0.08291119845870043,0.20417469669858193,0.006484618642745791,0.08496297974230466,0.07372543407789978,0.00762522191393566,2.4352807058255945e-05,6,15,0.01496104005898467,0.254258740040517,False,False,True,2.3508297512835358e-05,COMPLETE
149,0.5749328017234803,2025-04-09 11:40:34.514176,2025-04-09 11:40:41.197407,0 days 00:00:06.683231,0.1963751811806007,0.06982328776601213,8,0.12703563335821993,0.012456278180908591,0.014460000049676854,0.08788595041436353,0.0706075306932617,0.005254146854780636,0.08458339603883833,6,20,0.018273781793171785,0.2636938672448865,False,False,True,5.137336697692022e-05,COMPLETE
150,0.5723869800567627,2025-04-09 11:40:41.248282,2025-04-09 11:40:48.222968,0 days 00:00:06.974686,0.19453459151975255,0.07111490947833085,8,0.13943226579768508,0.012024432015255524,0.015306774150328887,0.08851099473310353,0.06974359030367407,0.004623614499131075,0.09738677084317739,8,19,0.01895787861451402,0.2636515571575528,False,False,True,6.091508762889961e-05,COMPLETE
151,0.5459529161453247,2025-04-09 11:40:48.281032,2025-04-09 11:40:55.223205,0 days 00:00:06.942173,0.1519335112514901,0.07212513612042061,8,0.14420884031885584,0.013616387772777936,0.015300783934105533,0.08808031913307436,0.07098769722925802,0.005023188545733362,0.09639235157435341,8,20,0.01947593131147706,0.26049765596431496,False,False,True,5.338208821366443e-05,COMPLETE
152,0.5676974296569824,2025-04-09 11:40:55.274239,2025-04-09 11:41:02.248922,0 days 00:00:06.974683,0.1377902867635939,0.06893928090404278,8,0.14524982616971802,0.003903868314377751,0.015523050955132373,0.08859449778158722,0.0705016539284486,0.003885950713991404,0.09588446820041913,8,18,0.019784681223193285,0.2497196246719703,False,False,True,6.135452677925701e-05,COMPLETE
153,0.5558689832687378,2025-04-09 11:41:02.299227,2025-04-09 11:41:09.266766,0 days 00:00:06.967539,0.1421135495085151,0.06955651567818354,8,0.1423179037832304,0.004922624819894935,0.01458835355600728,0.08857777815088509,0.07274775184688606,0.0050878918037027265,0.09962778488276267,8,16,0.016461929495903114,0.24854949591041928,False,False,True,5.527912943712492e-05,COMPLETE
154,0.5727242231369019,2025-04-09 11:41:09.319089,2025-04-09 11:41:16.428745,0 days 00:00:07.109656,0.15339574297603123,0.0718330652234338,8,0.15068897431110312,0.004626442663503448,0.015880718230011803,0.0892358031117243,0.07100523595380664,0.002906147570246987,0.09013196794309097,8,18,0.019727845219127228,0.24775310654430627,False,False,True,7.23233136123818e-05,COMPLETE
155,0.4458213925361634,2025-04-09 11:41:16.480552,2025-04-09 11:41:23.587903,0 days 00:00:07.107351,0.12150729007122411,0.07678487693398466,8,0.15025713166490076,0.0049701684223351535,0.013480919293745435,0.09023385460349134,0.06854836225811008,0.002827933309972654,0.08880193369005729,9,17,0.016282607926724025,0.24757562510815145,False,False,True,7.291568082882562e-05,COMPLETE
156,0.5708127498626709,2025-04-09 11:41:23.638643,2025-04-09 11:41:30.641370,0 days 00:00:07.002727,0.19035674549595386,0.04626862367980873,8,0.13742214839962635,0.0006206995539619221,0.017466871321462053,0.08631117641487154,0.06616744549212766,0.002736218227755079,0.06145931129349917,8,12,0.019075752564387934,0.2528407943559136,False,False,True,9.853351466968743e-05,COMPLETE
157,0.383645510673523,2025-04-09 11:41:30.693492,2025-04-09 11:41:37.557093,0 days 00:00:06.863601,0.18308380955380957,0.019160435842775166,8,0.13655696687174057,0.0013432994997192964,0.010455346419555995,0.08669157324233163,0.0660427142434116,0.002876168231330355,0.059463923959314706,8,9,0.01304850561231334,0.2495373004249787,False,False,True,6.131825539163414e-05,COMPLETE
158,0.4693044781684876,2025-04-09 11:41:37.610210,2025-04-09 11:41:44.568886,0 days 00:00:06.958676,0.03834029811092245,0.04496003278078207,8,0.15785008974283923,0.006226427149592132,0.018463912206953308,0.09156561730339956,0.07005183908800143,0.003803897783941761,0.06220424693543815,8,13,0.019634851666188457,0.2534346241436841,False,False,True,0.00010779036177351452,COMPLETE
159,0.4452434003353119,2025-04-09 11:41:44.620564,2025-04-09 11:41:51.600635,0 days 00:00:06.980071,0.1564503499580503,0.06155338713235934,8,0.14077109090960424,0.010576895047077723,0.016107810190355724,0.08908277305422896,0.07487474551401757,0.0013454061393818125,0.08357858404907238,8,17,0.016549328298558527,0.24158212656408992,False,False,True,6.796074705740515e-05,COMPLETE
160,0.44235797524452214,2025-04-09 11:41:51.654574,2025-04-09 11:41:58.542744,0 days 00:00:06.888170,0.1024135080223407,0.042436195704265704,8,0.14885194439890356,0.0012677211800343484,0.013487683679507863,0.08513848947218122,0.07247525471480107,0.0038429900413256184,0.09632759221324293,9,7,0.011930059334100108,0.26550841608818515,False,False,True,2.9121805219349973e-05,COMPLETE
161,0.5220486640930175,2025-04-09 11:41:58.595240,2025-04-09 11:42:08.160923,0 days 00:00:09.565683,0.196442627975942,0.08160120045167428,8,0.12771072198301658,0.011351002485798758,0.010634192356612747,0.08642187558472642,0.06968187708294482,0.009059749401979345,0.08216209225034704,26,20,0.018134084087373818,0.27386904453324595,False,False,True,8.90843233410461e-05,COMPLETE
162,0.2744500756263733,2025-04-09 11:42:08.222938,2025-04-09 11:42:15.088354,0 days 00:00:06.865416,0.17196238090890048,0.069664469215184,8,0.15357341992151463,0.2677101132070869,0.018996831194021454,0.08369486436919264,0.07574879536478597,0.007551069879565104,0.09931854686229043,7,15,0.02096570840797219,0.2548302889677516,False,False,True,5.0444362226379005e-05,COMPLETE
163,0.566281521320343,2025-04-09 11:42:15.142471,2025-04-09 11:42:22.064478,0 days 00:00:06.922007,0.21032796129395942,0.10475960169554868,8,0.13615614708874932,0.007343229558063525,0.012148994322115858,0.08805583214229568,0.06729052637993285,0.0010123023256414362,0.06405517276797514,8,10,0.01951904331600779,0.2381251955387968,False,False,True,2.1763819721417235e-05,COMPLETE
164,0.43086988329887393,2025-04-09 11:42:22.120427,2025-04-09 11:42:29.292649,0 days 00:00:07.172222,0.2073921448462498,0.10404173371120762,8,0.13572973063554947,0.005780097395548708,0.012221467603202201,0.09077856186746955,0.06723137180576927,0.001262097898303385,0.05813883683696878,10,11,0.014013220525805878,0.2404808896046298,False,False,True,2.2692739834008837e-05,COMPLETE
165,0.44469515681266786,2025-04-09 11:42:29.348642,2025-04-09 11:42:36.320311,0 days 00:00:06.971669,0.1760596932098865,0.02540845197401098,8,0.14687363379293547,0.02348744195010982,0.014835292057776665,0.08832826421217724,0.0639081829392084,0.004846983292369629,0.06178501983341338,9,8,0.016135660368243928,0.23762384100874673,False,False,True,0.00011776259577477781,COMPLETE
166,0.5333741307258606,2025-04-09 11:42:36.374236,2025-04-09 11:42:43.491841,0 days 00:00:07.117605,0.11291580619974509,0.046331916333781385,8,0.12901133401135234,0.0101142993050536,0.008949602911528763,0.08282960737403694,0.07098947254961258,0.005462059540171338,0.07720516510545762,8,18,0.01945322425296243,0.22451060823229052,False,False,True,2.0360189780649263e-05,COMPLETE
167,0.4173795342445374,2025-04-09 11:42:43.546331,2025-04-09 11:42:50.365329,0 days 00:00:06.818998,0.1476728595334592,0.09147880057247246,8,0.14176101748268333,0.0001732423400810957,0.021720615836718003,0.09246133904938994,0.07354879857097432,0.002837324863064845,0.0009037968791158252,7,21,0.022062274420269038,0.26447139503163425,False,True,True,2.9113763916392953e-05,COMPLETE
168,0.4532916605472565,2025-04-09 11:42:50.420250,2025-04-09 11:42:57.271599,0 days 00:00:06.851349,0.23021612219115029,0.1198790563633561,8,0.13436377146931802,0.021236030572537822,0.01644679967505718,0.08712760898608925,0.06720148089252675,0.0069966746218849424,0.042133362051825295,8,12,0.01867094476263614,0.25244712301974864,False,False,True,4.86625960554111e-05,COMPLETE
169,0.459588760137558,2025-04-09 11:42:57.327526,2025-04-09 11:43:04.096634,0 days 00:00:06.769108,0.20809105688373003,0.01284216889656627,8,0.1674621452837458,0.012898730899599486,0.017856381270651457,0.08892126054092338,0.06255558128548597,0.004032994734285891,0.05130085716762553,7,15,0.020879261388426114,0.24701289173710106,False,False,True,0.00015967919874062788,COMPLETE
