number,value,datetime_start,datetime_complete,duration,params_alpha-eval,params_alpha-train,params_batch-size,params_eps-eval,params_eps-train,params_lambda-actions-eval,params_lambda-actions-train,params_lambda-frames-eval,params_lambda-frames-train,params_learning-rate,params_n-epochs,params_n-frames,params_radius-gw,params_rho,params_std-feats,params_ub-actions,params_ub-frames,params_weight-decay,state
1016,0.586060619354248,2025-04-09 13:35:32.680291,2025-04-09 13:35:40.719223,0 days 00:00:08.038932,0.211344108689578,0.08534769436696744,16,0.10753213884929677,0.04019293471097036,0.015129752407636537,0.09778031655297213,0.030507406544113692,0.004411643756750839,0.05685994120565693,25,27,0.020975040918479,0.295847417823652,False,False,True,0.00023222570727219287,COMPLETE
1017,0.592404043674469,2025-04-09 13:35:41.051838,2025-04-09 13:35:49.116351,0 days 00:00:08.064513,0.2404301918457265,0.11276369507225145,16,0.10231543969434438,0.05097890835198685,0.022560927809441175,0.09027564742720691,0.029078019716215393,0.003907903690224165,0.0587546493487582,25,27,0.021035159915194657,0.29705197497716324,False,False,True,0.00023101453983002268,COMPLETE
1018,0.34517423510551454,2025-04-09 13:35:49.450436,2025-04-09 13:36:08.455826,0 days 00:00:19.005390,0.2572094632783197,0.10450977721042476,2,0.09435601650227139,0.04258149028874542,0.026383498958357864,0.09360043223678823,0.026191287107630527,0.002737208221044637,0.05977964097795156,24,26,0.020762662610519515,0.29915096452781476,False,False,True,0.00024060581819778098,COMPLETE
1019,0.4720255255699158,2025-04-09 13:36:08.791044,2025-04-09 13:36:16.751331,0 days 00:00:07.960287,0.29597212164189457,0.09330252270918016,16,0.10109207721050165,0.04947665043843891,0.017396400461403505,0.082770105798799,0.031105173700130457,0.003830662342073972,0.004753499285547959,24,26,0.021358682278151662,0.29716727861829445,False,False,True,0.0002323169350116182,COMPLETE
1020,0.4766830325126648,2025-04-09 13:36:17.071163,2025-04-09 13:36:25.102973,0 days 00:00:08.031810,0.23782157647952915,0.12113222026266138,16,0.0966563343676927,0.047853666059846235,0.023164933136082394,0.09000772346783333,0.029510756684527937,0.002687343315483428,0.0586436170919237,25,27,0.020294670705984307,0.29642556224333455,False,True,True,0.00021229166456335503,COMPLETE
1021,0.6025481820106506,2025-04-09 13:36:25.435961,2025-04-09 13:36:33.371476,0 days 00:00:07.935515,0.27080304151683404,0.11525892020533862,16,0.0980698255172921,0.037943320267838684,0.019221808944936494,0.09549542811668502,0.030551101442618533,0.004364006122881143,0.06001423088513722,24,24,0.0230195338758558,0.2999785346388055,False,False,True,0.00023603161697651547,COMPLETE
1022,0.44672100543975835,2025-04-09 13:36:33.702476,2025-04-09 13:36:41.629385,0 days 00:00:07.926909,0.2758579388136976,0.14562048167679637,16,0.09736077360496305,0.045073555039746194,0.021610353201546497,0.09255513431900153,0.03192474328247505,0.004831520166118759,0.0005654393981390892,24,24,0.02235554490995112,0.2983193922099071,False,False,True,0.0002684764765602269,COMPLETE
1023,0.43770196437835696,2025-04-09 13:36:41.964671,2025-04-09 13:36:49.845931,0 days 00:00:07.881260,0.2414234091071625,0.10089175919250984,16,0.10009543045490925,0.04752425320382008,0.02012695395776544,0.09676828944542792,0.03089796542268199,0.0010023542655487327,0.06081495110258254,23,26,0.019840887337882054,0.2998060629573033,False,False,True,0.0003047433810597108,COMPLETE
1024,0.4380309104919434,2025-04-09 13:36:50.181965,2025-04-09 13:36:58.215984,0 days 00:00:08.034019,0.27567915257116393,0.13253865944529952,16,0.09420493530772801,0.0419207823660842,0.023451934041359902,0.09493222140435886,0.027019699728894092,0.0036557476400669135,0.06037450651084731,24,22,0.021323216802780612,0.2984723163742092,False,False,True,0.0002770030216395591,COMPLETE
1025,0.5974794626235962,2025-04-09 13:36:58.553922,2025-04-09 13:37:06.644253,0 days 00:00:08.090331,0.29042329433536257,0.10638378667801801,16,0.09254595965209708,0.05648232495796079,0.019006009198871472,0.09366277178595821,0.0276094824221743,0.004536223204504669,0.060888879865864276,25,27,0.0219955949845316,0.29344694817703726,False,False,True,0.00023695079653081506,COMPLETE
1026,0.5966530084609986,2025-04-09 13:37:06.980069,2025-04-09 13:37:15.006040,0 days 00:00:08.025971,0.30174391085467933,0.15360356663881192,16,0.09016356441442099,0.0473734005560236,0.021963432376446424,0.08997081026192537,0.025472216057857634,0.004248621528165148,0.06323798508159012,25,23,0.02247192318852152,0.2999018639523365,False,False,True,0.0002308037568377824,COMPLETE
1027,0.44556555747985843,2025-04-09 13:37:15.329042,2025-04-09 13:37:23.361958,0 days 00:00:08.032916,0.3156406719165813,0.1499240123305351,16,0.09273946600934567,0.061501411470150584,0.025878197404736326,0.08700997164258374,0.025028798448199885,0.004214685473583073,0.06422750564644708,25,22,0.02194009214958426,0.2976650464789855,False,False,True,0.00022719253193301476,COMPLETE
1028,0.33335998058319094,2025-04-09 13:37:23.696076,2025-04-09 13:37:31.790234,0 days 00:00:08.094158,0.3027653761421075,0.12264391943067358,16,0.08827387606360974,0.055955346740302475,0.022721139251659594,0.08952718044392077,0.025556467321120803,0.005360571686061049,0.06411034660997365,25,132,0.021630425595594284,0.2998393924919704,False,False,True,0.0002660801214635442,COMPLETE
1029,0.46674404144287107,2025-04-09 13:37:32.130462,2025-04-09 13:37:40.161933,0 days 00:00:08.031471,0.297818454483999,0.12845410810913427,16,0.09986559151458094,0.05792894869931369,0.023084377265804132,0.08820152534650366,0.027300967713451856,0.004664064010655958,0.0630146882729671,25,21,0.020409769378768667,0.293115333696929,False,False,True,0.00022138031581224246,COMPLETE
1030,0.3722703039646149,2025-04-09 13:37:40.496688,2025-04-09 13:37:48.525880,0 days 00:00:08.029192,0.28257610833377167,0.09044754614045271,16,0.08983544577652366,0.052598043436671495,0.021714263977557702,0.0884689576594609,0.031694081103058484,0.004251001183253108,0.06752162088447447,25,113,0.020062872798094357,0.2995896248180458,False,False,True,0.00031269214153486157,COMPLETE
1031,0.26075664162635803,2025-04-09 13:37:48.868130,2025-04-09 13:37:56.885260,0 days 00:00:08.017130,0.2553209180679887,0.16370228223816194,16,0.08932634819032119,0.059473738538055806,0.025872854761662234,0.08975157811887856,0.02954064432820746,0.0024216244084649383,3.4819248279943866e-05,24,24,0.022967887534113447,0.29919210363329335,False,False,True,0.00023848384333278224,COMPLETE
1032,0.5824735641479493,2025-04-09 13:37:57.226876,2025-04-09 13:38:05.298102,0 days 00:00:08.071226,0.28908374223635364,0.1562941443231227,16,0.09163922763787857,0.05236486354317908,0.024666250784375766,0.08978120111678682,0.024928272841193026,0.006213659507176225,0.05986013561583953,25,27,0.02269416502850878,0.29415022742552943,False,False,True,0.0002197436275439306,COMPLETE
1033,0.3710069477558136,2025-04-09 13:38:05.636871,2025-04-09 13:38:13.656640,0 days 00:00:08.019769,0.28845755269460227,0.1687106028806643,16,0.09617296766229105,0.054287890779847456,0.024971178833559975,0.08857353184562017,0.0259228999709901,0.005808016526315472,0.06546374862461846,25,28,0.023204586866900558,0.29445008741850226,False,False,True,0.00031212706058275316,COMPLETE
1034,0.4627738952636719,2025-04-09 13:38:13.978644,2025-04-09 13:38:22.582589,0 days 00:00:08.603945,0.3172163703063119,0.15466283746227832,16,0.08932377847306006,0.06319620536481287,0.02446639458242722,0.08960785289475637,0.02332864148815901,0.006350736479833821,0.05922838071858475,25,27,0.02272223546848652,0.2994049962680295,False,False,False,0.0002055954609904356,COMPLETE
1035,0.4695989727973938,2025-04-09 13:38:22.921025,2025-04-09 13:38:30.854414,0 days 00:00:07.933389,0.347821921860518,0.14064333950077673,16,0.08733887311344087,0.05201774290676043,0.024218873855624455,0.08689141415229014,0.02789410582722177,0.006226268310655867,0.06556763293170344,24,27,0.01975349166264815,0.2934967706408725,False,False,True,0.00020881092613693423,COMPLETE
1036,0.5574988842010499,2025-04-09 13:38:31.192019,2025-04-09 13:38:39.268860,0 days 00:00:08.076841,0.3103661831859566,0.14032546996024042,16,0.09521239568090796,0.05722666909393481,0.021447960992164526,0.09030436853901685,0.028749915173941154,0.02171371289358109,0.059588079386423826,25,28,0.023305653603671872,0.2938530682167079,True,False,True,0.0002658922138854294,COMPLETE
1037,0.4444047510623932,2025-04-09 13:38:39.609308,2025-04-09 13:38:47.596316,0 days 00:00:07.987008,0.3299489791919871,0.15655692438175772,16,0.09301236620461446,0.053971160187161644,0.021820097642519465,0.0902904728987908,0.02416385735319781,0.005666512706293998,0.07086487825625637,25,24,0.021700517299061337,0.29949449661804245,False,False,True,0.00030495595098599924,COMPLETE
1038,0.5307621479034423,2025-04-09 13:38:47.937091,2025-04-09 13:38:55.914598,0 days 00:00:07.977507,0.2877262970846726,0.1350125932245431,16,0.0836673445673806,0.04910733204994579,0.023894648923407057,0.09142310632168862,0.022389977788068425,0.004505628372439773,0.06888493462271972,24,20,0.018977823701478703,0.295614865244957,False,False,True,0.0001951654785161406,COMPLETE
1039,0.3863190054893494,2025-04-09 13:38:56.256773,2025-04-09 13:39:04.286506,0 days 00:00:08.029733,0.3161466169319598,0.12624093267285824,16,0.09048135523127346,0.06422047877546536,0.021270222806581064,0.0914011907810444,0.030484889145772423,0.00635555040479451,0.056850413785344105,25,29,0.019206078394958987,0.29993056246352207,False,False,True,0.0002567316614370803,COMPLETE
1040,0.3943592667579651,2025-04-09 13:39:04.629744,2025-04-09 13:39:12.622275,0 days 00:00:07.992531,0.2874614826555042,0.16098088687019288,16,0.09019256550447843,0.05869236741406306,0.01982676933849712,0.08623536345201616,0.02521441293164548,0.004373815009688171,0.05537822717886776,24,26,0.02168409870350866,0.29245996829608367,False,False,True,0.00032244983683427135,COMPLETE
1041,0.533414089679718,2025-04-09 13:39:12.951564,2025-04-09 13:39:20.963707,0 days 00:00:08.012143,0.3043953957726978,0.1805235738738771,16,0.09571162279353386,0.06779275909183397,0.027215442603029074,0.08909022665366055,0.020573688847248073,0.007387053687714118,0.07116576652932179,25,23,0.023599113720378404,0.2925808143225625,False,True,True,0.00019452007854840785,COMPLETE
1042,0.42981252670288084,2025-04-09 13:39:21.301471,2025-04-09 13:39:29.221248,0 days 00:00:07.919777,0.27408857711671986,0.11809951107222089,16,0.08447958307624384,0.06117075505090134,0.02013570205614783,0.09142404577821889,0.025141651391993664,0.0038837865769586638,0.057126989401374485,24,30,0.02112156155337147,0.29969068202921767,False,False,True,0.0002415120530904068,COMPLETE
1043,0.4393340289592743,2025-04-09 13:39:29.563054,2025-04-09 13:39:37.549814,0 days 00:00:07.986760,0.28084231971729673,0.14529309269989085,16,0.0979616411305471,0.04982549368041516,0.022800616241836248,0.08805938469340344,0.028369759530961495,0.006715797118259648,0.05617815695734198,25,12,0.023366980028355883,0.29227957745922817,False,False,True,0.0002076661446501951,COMPLETE
1044,0.4677923917770386,2025-04-09 13:39:37.890926,2025-04-09 13:39:45.776395,0 days 00:00:07.885469,0.3428727753059977,0.12341877087277904,16,0.09232766019974582,0.05496430650327376,0.02085609926489574,0.09224837360554516,0.022899538066397766,0.004406468369708354,0.0735570982738999,24,18,0.018723478438484684,0.292428540915271,False,False,True,1.0402377234347583e-05,COMPLETE
1045,0.2979874193668366,2025-04-09 13:39:46.115777,2025-04-09 13:39:54.204398,0 days 00:00:08.088621,0.32682610378822957,0.1338862545886278,16,0.10084656148225322,0.054187683208758004,0.023189946944819344,0.09060278433967077,0.02896036376425783,0.0010207335166679177,0.055690070884716225,25,26,0.021554923275144102,0.2910273629785885,False,False,True,0.00031721913080808847,COMPLETE
1046,0.45718108415603637,2025-04-09 13:39:54.545034,2025-04-09 13:40:02.460472,0 days 00:00:07.915438,0.29958139565833763,0.11909070281788162,16,0.0811363975247014,0.04639633454651426,0.019430769335643444,0.0875462615519681,0.02596183913135825,0.0028494037494973434,0.07482741575833883,24,21,0.02382822792652754,0.2928277594553185,False,False,True,0.0001916697623068991,COMPLETE
1047,0.5808574795722962,2025-04-09 13:40:02.807046,2025-04-09 13:40:10.803198,0 days 00:00:07.996152,0.26666517971936987,0.16786108045180195,16,0.08584420734112574,0.06733904256746051,0.01982480816761779,0.09177990875063786,0.02666116487651953,0.005903167332840515,0.05342278720998802,25,28,0.02013555401901251,0.29958116196810863,False,False,True,0.00025570490022538983,COMPLETE
1048,0.41213163137435915,2025-04-09 13:40:11.148394,2025-04-09 13:40:19.095020,0 days 00:00:07.946626,0.2721532674081555,0.18534026165756723,16,0.0993354766266744,0.0518666171241603,0.021944505241482833,0.0930310462464988,0.03214282146601419,0.0026904224601736835,0.06690628822364991,24,16,0.018530212494678854,0.28958981862415323,False,False,True,0.0003311989830581941,COMPLETE
1049,0.46812237501144416,2025-04-09 13:40:19.423284,2025-04-09 13:40:27.452225,0 days 00:00:08.028941,0.2817462432700286,0.11907690381546843,16,0.09101293559729574,0.047300115400741444,0.025004961228952093,0.09243196346340503,0.030850560408150554,0.007429941696002362,0.012017047252425743,25,23,0.020710717169969015,0.2920368177825527,False,False,True,0.00017672586303273474,COMPLETE
1050,0.47030918598175053,2025-04-09 13:40:27.792686,2025-04-09 13:40:35.856780,0 days 00:00:08.064094,0.28612724217433655,0.11005468778795419,16,0.09671701989781352,0.05780210305605056,0.019701254396185006,0.02764452621026854,0.027453348272187327,0.005233277641545946,0.050839948152364575,25,30,0.024586074844647587,0.29333706263116593,False,False,True,1.7000792484389536e-05,COMPLETE
1051,0.369889909029007,2025-04-09 13:40:36.197982,2025-04-09 13:40:44.123239,0 days 00:00:07.925257,0.3048888552745452,0.1414032361770646,16,0.10403597553839262,0.046246742909984526,0.018616721037888882,0.08930136974620309,0.025148653597773466,0.004049986534971245,0.06640043386974988,24,82,0.022728404314156157,0.2904222554301894,False,False,True,0.00024465959721516755,COMPLETE
1052,0.5196571350097656,2025-04-09 13:40:44.471499,2025-04-09 13:40:52.501260,0 days 00:00:08.029761,0.25624055586984645,0.13893123738679916,16,0.08772633011736439,0.06105037249624426,0.06748046763930783,0.09072261495895081,0.03374670319653548,0.006974535512763229,0.051601654018534816,25,25,0.021205494860491426,0.28904223214634966,False,False,True,0.00018651125182373845,COMPLETE
1053,0.46809450387954715,2025-04-09 13:40:52.846972,2025-04-09 13:41:00.735587,0 days 00:00:07.888615,0.27557671379116183,0.16102185801901298,16,0.10269085738760982,0.05164778379683936,0.021350926746202346,0.08585357892487201,0.029959140120097053,0.0039055581005145914,0.06132390825617586,23,28,0.018337616982084692,0.29495019342589607,False,False,True,0.00033238196679184404,COMPLETE
1054,0.41533486247062684,2025-04-09 13:41:01.079554,2025-04-09 13:41:09.125995,0 days 00:00:08.046441,0.3319363102058012,0.12009763837178133,16,0.09181427220000074,0.046336710374129134,0.027351882924339474,0.09284964799862197,0.03003440621881004,0.09445018564003163,0.0760242329202017,25,20,0.02436428241477232,0.2994201507544281,True,False,True,0.0003890441456470222,COMPLETE
1055,0.5074671983718873,2025-04-09 13:41:09.472751,2025-04-09 13:41:17.980231,0 days 00:00:08.507480,0.2661953893071914,0.11106481236605525,16,0.09605163243807795,0.040313731221094405,0.018235434828728213,0.09328029726001008,0.02763755575158886,0.0022567483981997824,0.051309628553298424,24,26,0.022406830615891164,0.2865018242634781,False,False,False,0.00024651055472215994,COMPLETE
1056,0.38609519600868225,2025-04-09 13:41:18.328502,2025-04-09 13:41:26.267090,0 days 00:00:07.938588,0.2685280630137347,0.14687895857870115,16,0.10392903686320619,0.04307929638741903,0.020360644405754882,0.08951489846437033,0.023229002930228768,0.0010302071418725194,0.06482245948901719,24,67,0.018742657631994692,0.28768776548255226,False,False,True,0.00018435912763810317,COMPLETE
1057,0.3095085859298706,2025-04-09 13:41:26.598447,2025-04-09 13:41:34.606833,0 days 00:00:08.008386,0.25881830167379005,0.14250551439935086,16,0.08356558923911178,0.049718976889086546,0.023147670160341922,0.09152348521865131,0.03499558850545869,0.005305721907776056,0.0732746451128603,25,30,0.02087194348963293,0.29474630275894076,False,False,True,0.000271310996294879,COMPLETE
1058,0.447909164428711,2025-04-09 13:41:34.949182,2025-04-09 13:41:42.781711,0 days 00:00:07.832529,0.25614336854025915,0.11424414005622185,16,0.09820187982809454,0.042700623003322766,0.019004288677121242,0.09329757841242604,0.02790316422328042,0.00751437463335405,0.05218857282121745,23,88,0.02430217135874649,0.10404463430982211,False,False,True,0.00020843456847196423,COMPLETE
1059,0.4464290976524353,2025-04-09 13:41:43.126635,2025-04-09 13:41:51.043532,0 days 00:00:07.916897,0.28190721890810844,0.11211187964434878,16,0.09084582955433396,0.05619545567181304,0.018373070005854475,0.018950522056434396,0.03302182135071367,0.002659257007811783,0.0021453562096353323,24,22,0.017878561770970098,0.29531457659409044,False,False,True,8.429391701835987e-06,COMPLETE
1060,0.32821883559226994,2025-04-09 13:41:51.388196,2025-04-09 13:41:59.383275,0 days 00:00:07.995079,0.2879794752598943,0.13105052145030496,16,0.10635219514373336,0.06424942415237145,0.021652759458914157,0.08902765466225036,0.024653271309124068,0.005335948897905446,0.06162928735393648,25,18,0.022711053715653413,0.28719822886760543,False,True,True,0.00037646450305522456,COMPLETE
1061,0.593576741218567,2025-04-09 13:41:59.730605,2025-04-09 13:42:07.846522,0 days 00:00:08.115917,0.25014681391010213,0.18674424137027823,16,0.07794677204264856,0.043774283158167136,0.01854534055173951,0.09395879271702139,0.02122024818172669,0.00798449732872826,0.08046369412777017,26,24,0.02020228873846203,0.29921736275107014,False,False,True,0.00016234856694564162,COMPLETE
1062,0.40268097519874574,2025-04-09 13:42:08.192026,2025-04-09 13:42:16.260455,0 days 00:00:08.068429,0.3123542954083937,0.17208856289613375,16,0.0811141799205105,0.05095688319498666,0.023630648782590788,0.09363495277848713,0.02038636808490934,0.009299941935741777,0.08756763663234493,26,14,0.019919331025432866,0.29908585863157583,False,False,True,0.00015690413356440766,COMPLETE
1063,0.4843291997909546,2025-04-09 13:42:16.606763,2025-04-09 13:42:24.708637,0 days 00:00:08.101874,0.2592635799070634,0.14160403525258328,16,0.07753142516831146,0.0432773706379721,0.020118128418130585,0.09078380982459958,0.0186568718228058,0.008236814035730792,0.06971567307483735,26,21,0.017422563105713405,0.2989699020616427,False,False,True,2.1261358449117567e-06,COMPLETE
1064,0.4977312684059143,2025-04-09 13:42:25.059223,2025-04-09 13:42:33.226888,0 days 00:00:08.167665,0.3007304972619068,0.18648422258420058,16,0.07749607884037667,0.049110193202368396,0.07213599407645326,0.09306225964521728,0.017890804781776137,0.0075410474739356845,0.0807612245271787,26,24,0.025096602001497666,0.29557746113127686,False,False,True,5.726893640309543e-07,COMPLETE
1065,0.43841732740402223,2025-04-09 13:42:33.581516,2025-04-09 13:42:41.671498,0 days 00:00:08.089982,0.26080052585260577,0.14646574375244292,16,0.08408305532014607,0.05612497371720306,0.0185658413826902,0.09428660178829945,0.02194350826195477,0.00936344217637257,0.08290302303523855,26,17,0.022289366719061718,0.2994201165157114,False,False,True,0.00016173945718627174,COMPLETE
1066,0.46532232761383063,2025-04-09 13:42:42.007447,2025-04-09 13:42:50.037169,0 days 00:00:08.029722,0.26014499903248384,0.1563199801750532,16,0.10161095434271297,0.04057476338206019,0.02180729093757486,0.09116188785604536,0.02135769239932639,0.0010244923011044173,0.08226737799494344,25,20,0.01996440059310363,0.29358478373561336,False,False,True,0.00021711049247601227,COMPLETE
1067,0.5980931758880615,2025-04-09 13:42:50.383319,2025-04-09 13:42:58.542020,0 days 00:00:08.158701,0.2971011537391738,0.1905513546464062,16,0.07552795079922747,0.04485007874352149,0.01832011059903124,0.09412221325903072,0.023334262691525942,0.006680920037886915,0.06703114263111434,26,23,0.02482555307605842,0.2939275756849899,False,False,True,0.00017425047894480448,COMPLETE
1068,0.5994792699813843,2025-04-09 13:42:58.887957,2025-04-09 13:43:06.987067,0 days 00:00:08.099110,0.3521459498923529,0.18669071381806757,16,0.07690914011896186,0.04703947419164532,0.02040009720878948,0.09198584090789992,0.02406060799710916,0.009099179268236664,0.07236317778376487,26,25,0.02550503862826921,0.2999430886745246,False,False,True,0.00019499523269316403,COMPLETE
1069,0.5610578536987305,2025-04-09 13:43:07.336419,2025-04-09 13:43:15.480141,0 days 00:00:08.143722,0.3344362660297996,0.1880960145397341,16,0.06777232828047117,0.046238923343690175,0.0186312751988525,0.0926275856896891,0.023133497799986812,0.010972818744559501,0.08067337775840305,26,24,0.025222238320414085,0.2997948777362391,False,False,True,0.0001770110682209118,COMPLETE
1070,0.46968201398849485,2025-04-09 13:43:15.830742,2025-04-09 13:43:23.923901,0 days 00:00:08.093159,0.3047158518991235,0.20058228357535207,16,0.06927354411560267,0.04139267495411428,0.020468266856681273,0.0939349642510738,0.02622161301727871,0.011274797793986316,0.08502506779613872,26,23,0.025425501933650643,0.29948186643631314,False,False,True,0.0001739275610642696,COMPLETE
1071,0.22736427783966065,2025-04-09 13:43:24.286294,2025-04-09 13:43:32.458070,0 days 00:00:08.171776,0.25263393698185627,0.20579026865863143,16,0.06055529378848354,0.04638695642549784,0.019546513184918922,0.09423463383744145,0.02164936443199561,0.014489701937371856,0.0756673846763485,27,25,0.025881129445838286,0.2996903420781148,False,False,True,0.0002733685492596695,COMPLETE
