number,value,datetime_start,datetime_complete,duration,params_alpha-eval,params_alpha-train,params_batch-size,params_eps-eval,params_eps-train,params_lambda-actions-eval,params_lambda-actions-train,params_lambda-frames-eval,params_lambda-frames-train,params_learning-rate,params_n-epochs,params_n-frames,params_radius-gw,params_rho,params_std-feats,params_ub-actions,params_ub-frames,params_weight-decay,state
1744,0.20800448656082154,2025-04-09 15:25:10.333990,2025-04-09 15:25:19.542124,0 days 00:00:09.208134,0.3631985960951507,0.09173153831542426,8,0.03741899412677086,0.01970107346839862,0.0494292404628205,0.08250566639730174,0.09520380022200221,0.01555975983471237,0.06912091724249639,23,13,0.010122386682114267,0.24877556877423443,False,True,True,0.00016949121585583843,COMPLETE
1745,0.43521451354026797,2025-04-09 15:25:20.112475,2025-04-09 15:25:27.959784,0 days 00:00:07.847309,0.3786619518527523,0.05949936186623121,16,0.05368213074154416,0.021333683411283735,0.049945875333370394,0.0833162041330217,0.09331383049512443,0.012498028454927475,0.051475808015463406,23,14,0.006493264592293879,0.24415698220379148,False,False,True,0.000223127774156963,COMPLETE
1746,0.4086438894271851,2025-04-09 15:25:28.551588,2025-04-09 15:25:36.422367,0 days 00:00:07.870779,0.3781844869711119,0.07688984864304715,16,0.04603199889780072,0.014678983920590376,0.053099811124023163,0.08042910440331796,0.011304788593301897,0.014798811827200314,6.89786638828603e-05,23,14,0.01264354485094872,0.25861844821122976,False,False,True,0.0002846374819367787,COMPLETE
1747,0.4297315657138825,2025-04-09 15:25:36.991035,2025-04-09 15:25:44.666656,0 days 00:00:07.675621,0.37721210124574495,0.09537433724691821,16,0.03805387342922942,0.023282149080327216,0.05107554155672577,0.08175669895667723,0.09759217821866492,0.01259455410488378,0.059772512049711304,22,9,0.009160858900782219,0.2529854269414364,False,False,True,0.0001809930841057688,COMPLETE
1748,0.4665002584457398,2025-04-09 15:25:45.257660,2025-04-09 15:25:54.377095,0 days 00:00:09.119435,0.4026628417609896,0.06612781930259845,8,0.02549384996980024,0.0055326992392754504,0.0491276814912654,0.0775910350403889,0.016677826593639616,0.017609174771619412,0.0411136284132054,23,10,0.01105963724409191,0.24212352317580063,False,False,True,0.00013332489472961262,COMPLETE
1749,0.44620134830474856,2025-04-09 15:25:54.948367,2025-04-09 15:26:02.802753,0 days 00:00:07.854386,0.43651682430631567,0.05450058045174546,16,0.040620123372029804,0.016580339496309132,0.054117026423329787,0.08286482695811158,0.09047601509113586,0.012150105820455196,0.05001808362272141,24,9,0.006704379097092037,0.24907065512975649,False,False,True,0.0002277631376723281,COMPLETE
1750,0.4034056603908539,2025-04-09 15:26:03.397127,2025-04-09 15:26:21.440928,0 days 00:00:18.043801,0.38271636271444587,0.08995041831670146,2,0.03349568171769436,0.023976485701045137,0.05180011331310129,0.07925092064917112,0.09616832066997116,0.013792623862898808,0.06709789565139282,23,8,0.008896959300131629,0.2562272040916287,False,False,True,0.0002990703045440808,COMPLETE
1751,0.48300880193710327,2025-04-09 15:26:22.013060,2025-04-09 15:26:29.962259,0 days 00:00:07.949199,0.40945346575249003,0.07703339869245729,16,0.04637772357554848,0.014348963673009897,0.048836166771869846,0.079770550592334,0.09945421526751608,0.011489909208905252,0.04321917244753618,24,16,0.013023962072681373,0.24307251013028988,False,False,True,0.0001767641431889227,COMPLETE
1752,0.5754496932029725,2025-04-09 15:26:30.529732,2025-04-09 15:26:38.452477,0 days 00:00:07.922745,0.4327494872929144,0.053831372502437844,16,0.03353473591213581,0.009639761715607244,0.04979539793362379,0.07647688763795826,0.09905837013022686,0.014358203888595558,0.055464701046692405,24,12,0.01183607366305329,0.23910364134876683,False,False,True,0.00012420060809024652,COMPLETE
1753,0.4731841683387757,2025-04-09 15:26:39.041706,2025-04-09 15:26:46.937321,0 days 00:00:07.895615,0.376469822217574,0.09181347746161161,16,0.04925734137545153,0.021063125197602835,0.05187935872150639,0.08535497759291484,0.09504721770623163,0.011873146893867766,0.07352754794018597,24,14,0.008476701122842907,0.2502826862572115,False,False,True,0.00025540486739695535,COMPLETE
1754,0.48442500829696655,2025-04-09 15:26:47.508096,2025-04-09 15:26:57.463279,0 days 00:00:09.955183,0.34123196649787174,0.05716937432462717,8,0.02825729575932632,0.007185920227613106,0.04955706130450469,0.0828040759597981,0.09512869745724273,0.014040120232964078,0.039611039163698354,23,14,0.013720190332535354,0.2570323918057847,False,False,False,0.00021053021255083374,COMPLETE
1755,0.455778193473816,2025-04-09 15:26:58.054123,2025-04-09 15:27:05.744632,0 days 00:00:07.690509,0.34193842050232226,0.09699769779552372,16,0.04012241227064679,0.024205630956929788,0.05451235175684836,0.08050793155311674,0.09240762608822023,0.016474193971615286,0.047244248539725586,23,7,0.010597390924462305,0.24004465869866118,False,False,True,0.00031126596506625686,COMPLETE
1756,0.4814175128936768,2025-04-09 15:27:06.341491,2025-04-09 15:27:14.242338,0 days 00:00:07.900847,0.402550245068535,0.07924380381699908,16,0.043626160515794654,0.016556850527392517,0.04820546156994105,0.08340123859631945,0.09337966358969725,0.011271617556697002,0.05824215009158929,24,11,0.007309612484439112,0.24745858137877877,False,False,True,0.0001763660918291238,COMPLETE
1757,0.3471494734287262,2025-04-09 15:27:14.817652,2025-04-09 15:27:22.861973,0 days 00:00:08.044321,0.3865404249097137,0.05109873912294579,16,0.029148695457091995,0.024977848441838323,0.05092135915746654,0.08263845444769491,0.01699169039899913,0.01549899742551131,0.06769031352884852,24,15,0.01058935919503511,0.24062337085846486,True,False,True,0.0001531037569869785,COMPLETE
1758,0.5003352880477905,2025-04-09 15:27:23.432030,2025-04-09 15:27:32.520471,0 days 00:00:09.088441,0.3648649156075441,0.09947268695743988,8,0.052914096404060605,0.0006090103338493771,0.048401336925104996,0.08353563069858538,0.01292763445221538,0.011479445424575975,0.03912744142884595,23,12,0.01267585970198091,0.26142003446242285,False,False,True,0.00025641849618521234,COMPLETE
1759,0.598479163646698,2025-04-09 15:27:33.114725,2025-04-09 15:27:41.128444,0 days 00:00:08.013719,0.33843856654243754,0.07388479202022595,16,0.03269526731275277,0.019358392848869727,0.053083090057118414,0.0776768895629142,0.09071869198586978,0.012616126597501375,0.04800161485158611,24,16,0.009472503598477951,0.24851442261972262,False,False,True,0.00031939445523139763,COMPLETE
1760,0.4566884279251099,2025-04-09 15:27:41.702351,2025-04-09 15:27:49.680707,0 days 00:00:07.978356,0.3433198825814985,0.059637851684680596,16,0.04926228418093264,0.011075570719465489,0.04791788027714917,0.08144010549551543,0.08971656802866725,0.011335002178860283,0.055818430263400436,24,15,0.013229411048368795,0.25468817097744095,False,False,True,0.00020686980401268183,COMPLETE
1761,0.45653296709060676,2025-04-09 15:27:50.280112,2025-04-09 15:27:57.885338,0 days 00:00:07.605226,0.32730394497629267,0.043560100628666484,16,0.02342168841347409,0.02677871216794763,0.05140757186853408,0.08278682589643906,0.09765975777331537,0.01969351346338056,0.04295633917528182,22,8,0.006167466629702384,0.24487891621024988,False,False,True,0.00012082407188954349,COMPLETE
1762,0.35787267684936525,2025-04-09 15:27:58.460652,2025-04-09 15:28:06.259409,0 days 00:00:07.798757,0.4889230618434769,0.09938308520808946,16,0.03710208106635366,0.016673606503051788,0.0496173927085173,0.08391332662547585,0.09657619485598307,0.015109524890650254,0.08030321490708962,23,13,0.011484367498698429,0.2381225215843194,False,False,True,0.0002498782567247553,COMPLETE
1763,0.4468941748142243,2025-04-09 15:28:06.855103,2025-04-09 15:28:16.161268,0 days 00:00:09.306165,0.35207849480148784,0.07655251841603428,8,0.05502730414802242,0.024167462147779564,0.05368084163125329,0.08049428044337005,0.09345287471823911,0.012216589414212739,0.06303257443160383,24,15,0.013829118793394612,0.24530553812355285,False,False,True,0.00016723833788353742,COMPLETE
1764,0.29004459977149966,2025-04-09 15:28:16.742844,2025-04-09 15:28:24.738634,0 days 00:00:07.995790,0.38480376468113703,0.05599919370068352,16,0.04409547881095565,0.010477812764201294,0.048746449315866414,0.08381652243495662,0.017257366434254774,0.01041955977450121,0.0356266965791165,24,16,0.008536255418767973,0.25374063209393777,False,True,True,0.00031431769823811055,COMPLETE
1765,0.5736828327178956,2025-04-09 15:28:25.335519,2025-04-09 15:28:33.216476,0 days 00:00:07.880957,0.31931906347631706,0.0990630194718709,16,0.03995666063489616,0.026415375368193092,0.054715168536671105,0.08000313930488187,0.014568553664766629,0.013841835045852778,0.04951827573545131,23,12,0.007190790635239291,0.2438725194854546,False,False,True,0.00019902628642334377,COMPLETE
1766,0.5237673044204711,2025-04-09 15:28:33.789005,2025-04-09 15:28:41.815190,0 days 00:00:08.026185,0.3650087243688226,0.04448007412190876,16,0.03383978683672865,0.018636129011472803,0.04777195422191229,0.08182787158802607,0.09278917092061148,0.03963339489204078,0.05585011452131576,24,16,0.010533236936836065,0.24813332429345344,False,False,True,0.00013659353530576454,COMPLETE
1767,0.2631370723247528,2025-04-09 15:28:42.407446,2025-04-09 15:28:51.301637,0 days 00:00:08.894191,0.3301824641052475,0.07659549040538233,8,0.015317606148522823,0.021430196449856873,0.05248213306933055,0.08419072533906145,0.01313445989974662,0.016483557399028306,0.07513477771263351,22,9,0.0059166152475505045,0.2592114917440047,False,False,True,0.00033765244530049247,COMPLETE
1768,0.4747085332870484,2025-04-09 15:28:51.874522,2025-04-09 15:28:59.788096,0 days 00:00:07.913574,0.3319684425355734,0.044807689654378736,16,0.046930664208940875,0.0136879785681874,0.05078137253688101,0.08527626179794759,0.08785884447134051,0.010932070089816694,0.03898668531426305,24,12,0.013639327240015032,0.23928475729356294,False,False,True,0.00010256146466540897,COMPLETE
1769,0.4273915052413941,2025-04-09 15:29:00.386049,2025-04-09 15:29:08.257885,0 days 00:00:07.871836,0.36454582070215247,0.07371366094486846,16,0.022584047346114612,0.005533040683271243,0.04707935965962466,0.08607663386876012,0.09808596384111547,0.017794949492926378,0.04489962950368865,23,16,0.009450184161801543,0.26209789609740203,False,False,True,0.00024231078894968908,COMPLETE
1770,0.40428373813629154,2025-04-09 15:29:08.829187,2025-04-09 15:29:16.702028,0 days 00:00:07.872841,0.3432818975633846,0.10465294824063921,16,0.0374418719171621,0.027694055921617403,0.05578886022963903,0.08414357909540113,0.01467143675216902,0.013128613495128966,0.06456479631366048,24,8,0.012393860502361655,0.236424458092192,False,False,True,0.00014685133207544408,COMPLETE
1771,0.3258748173713684,2025-04-09 15:29:17.305024,2025-04-09 15:29:36.434510,0 days 00:00:19.129486,0.40805187771207363,0.05820687505592522,2,0.05373954319999027,0.02839223803907084,0.05073576475014732,0.08237753085806501,0.08713886209256069,0.010821052801203178,0.05329016475348572,24,12,0.008219486386338449,0.25159527231140055,False,False,True,0.00021006098244822006,COMPLETE
1772,0.5060950517654419,2025-04-09 15:29:37.007736,2025-04-09 15:29:46.335774,0 days 00:00:09.328038,0.4274808892116668,0.09665174462857079,8,0.042513006396975694,0.02029537417127309,0.04705689147871377,0.08469443205000861,0.09176172868575827,0.015297352802289823,0.03721788370199505,24,17,0.013790730950025362,0.2427433430450313,False,False,True,0.00027504052009221517,COMPLETE
1773,0.4901335954666138,2025-04-09 15:29:46.933411,2025-04-09 15:29:55.365453,0 days 00:00:08.432042,0.3184211868444846,0.4651480114243112,16,0.03371395878700266,0.010609473298843835,0.0497675190531687,0.08044529631920826,0.09976669781933094,0.010233864602571027,0.04592290530965562,23,15,0.005638626759371243,0.23652929298846126,False,False,False,0.00017502836900914716,COMPLETE
1774,0.4061783134937287,2025-04-09 15:29:55.967604,2025-04-09 15:30:03.977465,0 days 00:00:08.009861,0.375441171049568,0.0426063307114834,16,0.041545185982530666,0.029121872115229805,0.05218199293793682,0.0854803431205262,0.09211560244465891,0.012528708133611781,0.08456704944920537,24,16,0.009768218354408316,0.26170399714849063,False,False,True,0.00033770269141428623,COMPLETE
1775,0.4766765117645264,2025-04-09 15:30:04.559404,2025-04-09 15:30:12.249475,0 days 00:00:07.690071,0.3192009607908322,0.8451914698043904,16,0.027278530902030158,0.016162352301621212,0.04795391851274626,0.07631721862827964,0.08701340878893757,0.01066346696125294,0.06576888457249923,21,10,0.011876720310883866,0.2479932638039924,False,False,True,0.00020886399230719073,COMPLETE
1776,0.4340356349945068,2025-04-09 15:30:12.832378,2025-04-09 15:30:20.752355,0 days 00:00:07.919977,0.34730453532679456,0.0752282443470554,16,0.031419523620855525,0.02484202175422034,0.04662104786719731,0.0800173288985636,0.09600540956377795,0.021441050418488178,0.0557640944702956,24,14,0.01419723215171912,0.2528538668082062,False,False,True,0.00027113406340649053,COMPLETE
1777,0.43973740339279177,2025-04-09 15:30:21.348256,2025-04-09 15:30:30.307187,0 days 00:00:08.958931,0.32495951820253277,0.09540346892027936,8,0.04856366686386444,0.02180042538138102,0.05483390818318857,0.07865619576884296,0.014954094717343196,0.014263768363512438,0.034753240665736235,23,5,0.03672591914826495,0.24348388473549115,True,False,True,0.0001482847657095864,COMPLETE
1778,0.5030074119567871,2025-04-09 15:30:30.886447,2025-04-09 15:30:38.687603,0 days 00:00:07.801156,0.34635792989728625,0.04302771339349466,16,0.04135692397596712,0.0305295521135166,0.049664204225546744,0.0861489260265811,0.09285628273826349,0.0098844006458604,0.042649751823462076,22,18,0.007516003252342907,0.2567894651746019,False,False,True,0.00010008568387529271,COMPLETE
1779,0.4165577232837677,2025-04-09 15:30:39.281676,2025-04-09 15:30:47.141432,0 days 00:00:07.859756,0.31892399943284255,0.0594551404889897,16,0.05132265667243231,0.013575255240159878,0.05297652300579328,0.08347928695680921,0.09459772903392917,0.012925103883896446,0.07290146645547234,24,13,0.06173678998005891,0.2659316427490765,False,False,True,0.0003550665966041776,COMPLETE
1780,0.6104531168937684,2025-04-09 15:30:47.722808,2025-04-09 15:30:55.591926,0 days 00:00:07.869118,0.3303444876258378,0.08054397624764664,16,0.0556338918946095,0.019938820410432313,0.04839935708185148,0.08665711091878824,0.08909639384048813,0.010026196844308579,0.05032217281138198,23,16,0.011485298281551988,0.24025003573246456,False,False,True,0.00023619978425287245,COMPLETE
1781,0.23167940974235535,2025-04-09 15:30:56.192692,2025-04-09 15:31:05.281614,0 days 00:00:09.088922,0.3702003941349279,0.10782156831540499,8,0.05472614549771361,0.006529144086075968,0.051500503046757774,0.08623219786242359,0.08679180404384079,0.00943269165603211,0.03408513190897214,23,10,0.011032399207928848,0.23762030111435578,False,True,True,0.0003113707318242869,COMPLETE
1782,0.098038549721241,2025-04-09 15:31:05.859926,2025-04-09 15:31:13.558242,0 days 00:00:07.698316,0.38104856585298685,0.8823533545920181,16,0.05268664096154556,0.012658489465128236,0.04954015181760048,0.08402628293371842,0.08854298752124257,0.01211883786634055,0.04251361011460746,22,14,0.010538428557089533,0.23927126346737954,False,False,True,0.00037012303577735344,COMPLETE
1783,0.5836711883544923,2025-04-09 15:31:14.155949,2025-04-09 15:31:22.146680,0 days 00:00:07.990731,0.3582136100943902,0.10140447267354963,16,0.05770392369537028,0.018369510185612795,0.0506175413795173,0.08550258151818388,0.08943568850984944,0.0170658882846721,0.048696878083666836,23,15,0.011687180282293081,0.23513069299425948,False,False,True,0.0002686358304414912,COMPLETE
1784,0.5366378903388977,2025-04-09 15:31:22.731028,2025-04-09 15:31:30.504224,0 days 00:00:07.773196,0.3461729749007564,0.08654437146673169,16,0.04836766337676543,0.00036977539451803904,0.055375655218211466,0.0821445371498916,0.08798016605365754,0.009252060709079819,0.03222070207224876,23,11,0.008648531218864774,0.24210942069741642,False,False,True,0.0002344121237936872,COMPLETE
1785,0.41271383166313175,2025-04-09 15:31:31.104005,2025-04-09 15:31:39.993502,0 days 00:00:08.889497,0.3435101314856619,0.1029472863724848,8,0.05631382529987018,0.014814553585066767,0.046899740331284516,0.0863976339823581,0.08551102856559738,0.01410833258791883,0.038686917675316554,22,9,0.009354646116212893,0.24779766566351324,False,False,True,0.0003336851129566271,COMPLETE
1786,0.44127701520919804,2025-04-09 15:31:40.602458,2025-04-09 15:31:48.328842,0 days 00:00:07.726384,0.4030319041854624,0.08442380778152787,16,0.04874387092377301,0.020186593256112592,0.0524074784896647,0.08686487829351748,0.08963786534014109,0.009773524434576015,0.0026341747486033195,22,12,0.013690561386841165,0.2502037086711827,False,False,True,0.0002625913044559408,COMPLETE
1787,0.4499820709228516,2025-04-09 15:31:48.910307,2025-04-09 15:31:56.704667,0 days 00:00:07.794360,0.37756506770918175,0.1108708394350073,16,0.04619386882657437,0.007369900817549832,0.048654067295474994,0.08409078291567751,0.09305384771984587,0.012685065835393942,0.059697072003666585,22,16,0.008902583726160923,0.23434552112147874,False,False,True,0.0003660715406936761,COMPLETE
1788,0.4717452049255372,2025-04-09 15:31:57.286633,2025-04-09 15:32:04.989581,0 days 00:00:07.702948,0.3415438252875433,0.0881881971162611,16,0.04381507887393743,0.016815065418251247,0.04604663946436425,0.08657058344865087,0.09979973145891605,0.011040473353349116,0.04597457649241998,21,13,0.01154648884461954,0.24287521415856364,False,False,True,0.0002437061230651383,COMPLETE
1789,0.4500217795372009,2025-04-09 15:32:05.592291,2025-04-09 15:32:13.367121,0 days 00:00:07.774830,0.33054302703691,0.10594424267595443,16,0.05449620947280218,0.019848334995851268,0.05301510803588663,0.08253697095662882,0.014693614409444385,0.009582266359322715,0.03802414371221172,22,17,0.011641217326581946,0.2385984778622602,False,False,True,0.00028293534128483324,COMPLETE
1790,0.4632040143013001,2025-04-09 15:32:13.952000,2025-04-09 15:32:22.841483,0 days 00:00:08.889483,0.3670559146881973,0.08334209330206307,8,0.050411730496932726,0.010474343057426101,0.05041112873699732,0.08704483184980037,0.0859089274834642,0.015038761805366268,0.05137191961575134,22,7,0.00756803013792021,0.24595637133915918,False,False,True,0.00022528065941431182,COMPLETE
1791,0.4569424152374268,2025-04-09 15:32:23.445275,2025-04-09 15:32:31.358164,0 days 00:00:07.912889,0.35439023083391824,0.07625812187865971,16,0.05610911966030083,0.02314186746517087,0.04828505747389024,0.08448343666280361,0.08827752756390098,0.012442783418885887,0.0671493483669882,23,17,0.013956600213813413,0.23511045600360295,False,False,True,0.0003851929356445482,COMPLETE
1792,0.48742892742156985,2025-04-09 15:32:31.944683,2025-04-09 15:32:40.424298,0 days 00:00:08.479615,0.32065206615292485,0.10649318088729524,16,0.056387026093591766,0.023051985615439773,0.0510623415409509,0.08120946925255969,0.09042356910783199,0.00962003723026534,0.031242429863346077,23,14,0.010435022047668604,0.23997533842353475,False,False,False,0.00031709660997348297,COMPLETE
1793,0.26141999959945683,2025-04-09 15:32:41.022142,2025-04-09 15:32:58.303751,0 days 00:00:17.281609,0.3216928504369671,0.07298796934660456,2,0.046715320366513324,0.013468881973527701,0.04603669292520616,0.08723378212494966,0.0864591260833632,0.010507237798865324,0.08369076048129351,21,10,0.005468178345833916,0.2481735147851911,False,False,True,0.00020798986537798027,COMPLETE
1794,0.52207932472229,2025-04-09 15:32:58.912476,2025-04-09 15:33:06.745886,0 days 00:00:07.833410,0.38937838560372007,0.10880774971343021,16,0.040812993177748766,0.0073543393268958,0.05411657336568594,0.08527203506923535,0.08457862814399131,0.057425158400697854,0.04506050429279766,23,17,0.010545012868224795,0.2531660031950312,True,False,True,0.0002759958621728639,COMPLETE
1795,0.42811371088027955,2025-04-09 15:33:07.332827,2025-04-09 15:33:16.482760,0 days 00:00:09.149933,0.33041797711646514,0.08485851751103049,8,0.0601263494491279,0.017754682127408446,0.04896968866354815,0.08721750640565315,0.0913777662569651,0.014595515151032844,0.05327528195376393,23,11,0.012635281769114534,0.23477996678755672,False,False,True,0.00019309177743928802,COMPLETE
1796,0.4579841434955597,2025-04-09 15:33:17.096513,2025-04-09 15:33:24.855698,0 days 00:00:07.759185,0.3602315698587038,0.07127609321939232,16,0.04032305058639172,0.02353715061876639,0.04604897899420235,0.08344441815022802,0.09655292375157305,0.01890316731672088,0.003149569300214509,22,14,0.009962108099941127,0.2416735076106728,False,False,True,0.00036570497676246275,COMPLETE
1797,0.4318094253540039,2025-04-09 15:33:25.439390,2025-04-09 15:33:33.120584,0 days 00:00:07.681194,0.34509224169603736,0.11391111082935211,16,0.04727371217351567,0.028258798625025477,0.056134951823214,0.08534758534023,0.09009751683633983,0.0095159354723166,0.06132243844575076,23,8,0.0075637750102014595,0.24726742780208685,False,False,True,0.00026596561381384833,COMPLETE
1798,0.4502887725830078,2025-04-09 15:33:33.711032,2025-04-09 15:33:41.618156,0 days 00:00:07.907124,0.31455325329664935,0.09308514360726422,16,0.057404294820438156,0.015770968118409667,0.05188252714800452,0.08226822648918766,0.09215433060513258,0.011979747481192776,0.0402478944916339,23,17,0.013144264935201195,0.2356250796805109,False,False,True,0.00020655875187584806,COMPLETE
1799,0.602718460559845,2025-04-09 15:33:42.220643,2025-04-09 15:33:49.787948,0 days 00:00:07.567305,0.33596541391804907,0.061544776497649466,16,0.051394540658674215,0.022744510424423874,0.050019103292536976,0.08054499566571692,0.09588676534750576,0.009413810385066442,0.02848168430226225,19,12,0.011085112565956928,0.24272562097242756,False,False,True,0.0004018369513949037,COMPLETE
