number,value,datetime_start,datetime_complete,duration,params_alpha-eval,params_alpha-train,params_batch-size,params_eps-eval,params_eps-train,params_lambda-actions-eval,params_lambda-actions-train,params_lambda-frames-eval,params_lambda-frames-train,params_learning-rate,params_n-epochs,params_n-frames,params_radius-gw,params_rho,params_std-feats,params_ub-actions,params_ub-frames,params_weight-decay,state
1635,0.5733296394348144,2025-04-16 22:57:55.432769,2025-04-16 22:58:17.923263,0 days 00:00:22.490494,0.5874098732781149,0.9610463558806085,2,0.11582905371562802,0.22895004570154842,0.08906699798001026,0.09591327430684332,0.07898644487398637,0.06380046431595167,6.868174782088387e-05,25,124,0.010765653954037425,0.2596050036211382,False,False,False,4.018077428298649e-05,COMPLETE
1636,0.08600348979234695,2025-04-16 22:58:18.475808,2025-04-16 22:58:39.195528,0 days 00:00:20.719720,0.5677966995436986,0.9243666798403178,2,0.13222356370688973,0.23487261013519922,0.08730551510555905,0.09714324371360251,0.08161344450415096,0.06619437347772407,0.000505998996772983,26,126,0.012445677379283296,0.27326839463678554,False,False,True,2.8433518013461553e-05,COMPLETE
1637,0.6106144428253174,2025-04-16 22:58:39.729259,2025-04-16 22:59:02.901177,0 days 00:00:23.171918,0.6061296829905718,0.9629274734314015,2,0.11778502553419573,0.23284695505778719,0.09141886199071143,0.09590750237350316,0.08303766929549815,0.058854574979458445,5.1582227451920764e-05,26,126,0.011146619671841386,0.25644352645082125,False,False,False,5.0776660953284484e-05,COMPLETE
1638,0.1296807885169983,2025-04-16 22:59:03.427821,2025-04-16 22:59:23.411933,0 days 00:00:19.984112,0.608504113064557,0.9413577345438141,2,0.12749646943284795,0.22111130979489926,0.09482223141395571,0.09717323275330678,0.08387415451550673,0.05806237134646039,8.502626765798556e-05,25,120,0.009727102678595733,0.26744005897359663,False,True,False,5.081097481909346e-05,COMPLETE
1639,0.5862855076789857,2025-04-16 22:59:23.968426,2025-04-16 22:59:46.974261,0 days 00:00:23.005835,0.6090981474451213,0.916746648151868,2,0.13180717010746318,0.22690814923247693,0.09692271946071508,0.09993834645398782,0.08438054014196772,0.05568018492746156,6.020159079027687e-05,26,119,0.00949245559178441,0.26174638161620956,False,False,False,6.534532549199189e-05,COMPLETE
1640,0.573527705669403,2025-04-16 22:59:47.503707,2025-04-16 23:00:09.974900,0 days 00:00:22.471193,0.6078711936297339,0.9414804097295955,2,0.11922897735320288,0.23180576688111915,0.09233724660979158,0.09515367861916149,0.08182397836310272,0.05811373904199559,7.138802941680957e-05,25,116,0.009266035495296764,0.2636030035036794,False,False,False,4.613901841151511e-05,COMPLETE
1641,0.5860095739364624,2025-04-16 23:00:10.529631,2025-04-16 23:00:33.504882,0 days 00:00:22.975251,0.616670897040094,0.91952355233028,2,0.11800311693750758,0.22532790857876495,0.09191923790752746,0.09704648289577096,0.08005898984632866,0.06037403995758503,5.485866321286935e-05,26,122,0.011620069585090006,0.2579286922889695,False,False,False,3.92505903672868e-05,COMPLETE
1642,0.6121290564537049,2025-04-16 23:00:34.039813,2025-04-16 23:00:56.478273,0 days 00:00:22.438460,0.6015730620459387,0.952234942702686,2,0.11503951563162584,0.21377458476593153,0.09279989739013444,0.09576885493802142,0.08510096123528074,0.062454847269604735,5.293075662186679e-05,25,126,0.013606739351565046,0.2580319542839439,False,False,False,3.13124545292522e-05,COMPLETE
1643,0.58298819065094,2025-04-16 23:00:57.012440,2025-04-16 23:01:19.603450,0 days 00:00:22.591010,0.6082467424241385,0.9169481700916252,2,0.13112284578710917,0.2146665806352329,0.09137096720201077,0.09783525214697913,0.08460246173347417,0.060695973328618175,6.472684823807894e-05,25,124,0.01441172848886305,0.26546325962312495,False,False,False,6.334245977757287e-05,COMPLETE
1644,0.4224929451942444,2025-04-16 23:01:20.150666,2025-04-16 23:01:43.219782,0 days 00:00:23.069116,0.5998879741501667,0.9329750033626623,2,0.13068687443448507,0.21637845209704662,0.09751333124182596,0.09503168191642655,0.08321391338772195,0.06230842112065905,0.013855375510730615,26,124,0.01345133128838726,0.25885830350503014,False,False,False,4.857707167493748e-05,COMPLETE
1645,0.40364729762077334,2025-04-16 23:01:43.753950,2025-04-16 23:01:52.882859,0 days 00:00:09.128909,0.6076335263350569,0.9416784216510318,16,0.11742454385584773,0.21851073109131897,0.0991752171703095,0.09580582966790493,0.08167694612383562,0.06300566396288117,0.03454869357312265,26,122,0.05642409303742721,0.2693805117163536,False,False,False,4.047444203760897e-05,COMPLETE
1646,0.4200095653533936,2025-04-16 23:01:53.450153,2025-04-16 23:02:16.823571,0 days 00:00:23.373418,0.5921739938723491,0.9247415419601855,2,0.126024412546911,0.21715048115803265,0.09476022839817377,0.09995441358279034,0.08524742722141708,0.059369836374840314,7.587637938372382e-05,26,119,0.014127632121862632,0.2639332855708929,True,False,False,2.8135133598839413e-05,COMPLETE
1647,0.42792519330978396,2025-04-16 23:02:17.355343,2025-04-16 23:02:39.828940,0 days 00:00:22.473597,0.6039283768309329,0.9178445830047326,2,0.12375681522088838,0.2104223747448752,0.09691049443281975,0.0976095697374146,0.07962161003768939,0.06177926238345004,0.005207881539053721,25,116,0.013430478911563012,0.25786925087786317,False,False,False,4.0317337906648524e-05,COMPLETE
1648,0.36950953602790837,2025-04-16 23:02:40.360938,2025-04-16 23:03:03.170435,0 days 00:00:22.809497,0.5868013476682928,0.9448298761683142,2,0.12025456706421427,0.2125672065671845,0.09503537848414531,0.09587963780498163,0.08393069291065823,0.0592935812462468,5.832226496212286e-05,25,123,0.07007369367698515,0.2739937341164163,False,False,False,5.573024879510202e-05,COMPLETE
1649,0.5880738019943238,2025-04-16 23:03:03.739229,2025-04-16 23:03:26.767294,0 days 00:00:23.028065,0.6065915785260393,0.9528459921531487,2,0.11337244449515824,0.22495035743334918,0.09388184404090014,0.09811066609087139,0.08249775359379391,0.056292855874648766,4.144565484805073e-05,26,125,0.014871158609972547,0.25781156663168825,False,False,False,3.233462024531421e-05,COMPLETE
1650,0.5561522483825684,2025-04-16 23:03:27.300651,2025-04-16 23:03:49.755029,0 days 00:00:22.454378,0.6117767391982721,0.9415984607777821,2,0.11959455428095345,0.21564346798360304,0.09142854513278649,0.09528056090114766,0.07834877797351597,0.06319713476062801,8.620354146488016e-05,25,122,0.012906786009001331,0.2670459899979194,False,False,False,4.240479981710152e-05,COMPLETE
1651,0.5881829977035523,2025-04-16 23:03:50.315645,2025-04-16 23:04:13.509704,0 days 00:00:23.194059,0.5813465174851565,0.9161772708876837,2,0.12128248768913474,0.22344961823912493,0.0934591771301682,0.09999170219814077,0.08068628557354646,0.06454449382466988,5.153754751364299e-05,26,125,0.012846214223121016,0.26280035880624997,False,False,False,2.945826164093407e-05,COMPLETE
1652,0.5884980797767639,2025-04-16 23:04:14.045114,2025-04-16 23:04:37.236841,0 days 00:00:23.191727,0.6165827755849692,0.9498478512539593,2,0.11519419870831361,0.22020189289874306,0.09433735753512557,0.09709706165559778,0.0853427105798491,0.06273163458405523,6.380508648623165e-05,26,126,0.014578578242184916,0.25595318343149215,False,False,False,3.846125632490971e-05,COMPLETE
1653,0.5861555695533753,2025-04-16 23:04:37.771442,2025-04-16 23:05:00.380189,0 days 00:00:22.608747,0.584406598177496,0.9577934728271931,2,0.11473212470068157,0.22659687317912924,0.09300592438347427,0.09474432846442302,0.08291699293083678,0.061339953559927565,4.458218295656318e-05,25,119,0.011678248723144439,0.2696249290471626,False,False,False,3.8392760875298864e-05,COMPLETE
1654,0.5875823974609375,2025-04-16 23:05:00.930302,2025-04-16 23:05:24.071777,0 days 00:00:23.141475,0.5943668212274239,0.9329829976588621,2,0.13224047866936595,0.22964141719239364,0.08982066036558166,0.09770453164273929,0.08021308933235104,0.05849452311847559,5.160340554443812e-05,26,122,0.010802562687659072,0.256450523874267,False,False,False,7.462791190802453e-05,COMPLETE
1655,0.08707002103328705,2025-04-16 23:05:24.606739,2025-04-16 23:05:45.053315,0 days 00:00:20.446576,0.6157430494386182,0.9625925150108942,2,0.12398804957747801,0.22765285726623477,0.09150760747349858,0.09453897080387957,0.0784899815299467,0.06508932671483626,7.206349836550062e-05,26,126,0.014521756336590044,0.2620341063142074,False,False,True,4.7732384850654955e-05,COMPLETE
1656,0.5756818056106567,2025-04-16 23:05:45.614738,2025-04-16 23:06:08.224578,0 days 00:00:22.609840,0.5830186801371356,0.9364531160298374,2,0.11416924313078243,0.21290588203576066,0.09516818738827086,0.09670587516561964,0.08536806814055004,0.06366477296556565,3.795243352850506e-05,25,126,0.008815118593126486,0.27145443278705134,False,False,False,3.44489663334475e-05,COMPLETE
1657,0.12023396193981171,2025-04-16 23:06:08.758656,2025-04-16 23:06:28.408361,0 days 00:00:19.649705,0.621735296737638,0.9191005311962932,2,0.11464470351218346,0.2220561947662439,0.09176248854843956,0.0960001133520457,0.08238011253044489,0.0659137433184509,5.9330219785412264e-05,25,123,0.012125260985080967,0.2576544452991325,False,True,False,2.6791653586899122e-05,COMPLETE
1658,0.6023500561714172,2025-04-16 23:06:28.938506,2025-04-16 23:06:51.945802,0 days 00:00:23.007296,0.578167222810859,0.9586919379273606,2,0.12054094274662527,0.2312333670324417,0.09037697848918363,0.09774664142936061,0.08079514640551887,0.060605675165795514,4.4941055102828e-05,26,127,0.009070793937192994,0.254932112070678,False,False,False,9.091561251289924e-05,COMPLETE
1659,0.5863467454910278,2025-04-16 23:06:52.501686,2025-04-16 23:07:15.528019,0 days 00:00:23.026333,0.5993829116608121,0.9596580169521066,2,0.11329650393864402,0.2333235480039926,0.09661775023602762,0.09464617226570328,0.08392905866604047,0.0634324686315242,5.3382653688374756e-05,26,127,0.014111474191264383,0.26577948641750143,False,False,False,3.1209402377541055e-05,COMPLETE
1660,0.580370831489563,2025-04-16 23:07:16.062856,2025-04-16 23:07:38.646704,0 days 00:00:22.583848,0.6154879650280805,0.9419006314128772,2,0.11097646923238781,0.22002664365896538,0.09039106702936896,0.09834624348052139,0.07730195419528396,0.05624636033933528,3.7748325462354805e-05,25,119,0.010910569508257893,0.2622062080731633,False,False,False,2.499778739078427e-05,COMPLETE
1661,0.5897549152374267,2025-04-16 23:07:39.207094,2025-04-16 23:08:01.695055,0 days 00:00:22.487961,0.572414282038814,0.9195054060630561,2,0.12365214316787464,0.23346587640056668,0.09567502802934111,0.0998749926863501,0.08570346286034976,0.0662624684865256,6.495817973465611e-05,25,123,0.01247591596869067,0.27460115490016124,False,False,False,3.626895322647095e-05,COMPLETE
1662,0.6110732555389404,2025-04-16 23:08:02.233911,2025-04-16 23:08:25.583585,0 days 00:00:23.349674,0.5997531870973817,0.9678156435202536,2,0.12941289034739972,0.2252943288751264,0.09255241944377729,0.0949565598534374,0.08230115378791678,0.06174486861393428,4.559380258227596e-05,26,126,0.008211623555606715,0.25510401592363985,False,False,False,5.44870400735972e-05,COMPLETE
1663,0.3333725810050965,2025-04-16 23:08:26.120261,2025-04-16 23:08:48.558508,0 days 00:00:22.438247,0.6115824198107502,0.9370983434102419,2,0.13558747448230377,0.2118692625351723,0.09275429300818942,0.09412641482587447,0.07930804270160388,0.05880386501384098,5.4036189345121e-05,25,119,0.00676217486083063,0.2618645048449792,False,False,False,4.00320217505421e-05,COMPLETE
1664,0.33953912258148194,2025-04-16 23:08:49.110517,2025-04-16 23:09:06.291839,0 days 00:00:17.181322,0.5699428236302099,0.9161260872416909,2,0.13613476049268455,0.03579250264317807,0.09491647357998441,0.09423720526728789,0.08114187671893525,0.06034239034687726,7.474509355782633e-05,16,122,0.004195611685616592,0.26632085906741054,False,False,False,7.220636082527715e-05,COMPLETE
1665,0.3355455875396729,2025-04-16 23:09:06.830502,2025-04-16 23:09:16.246799,0 days 00:00:09.416297,0.61774256861121,0.9490633674664618,16,0.13066662888904954,0.22083695775026468,0.09317860363419735,0.09499259461992526,0.07804011230203534,0.0602716755112381,3.4119100385372476e-05,26,114,0.007893210342775701,0.25603713900461994,True,False,False,5.4963389971009703e-05,COMPLETE
1666,0.3352218270301819,2025-04-16 23:09:16.812572,2025-04-16 23:09:40.186980,0 days 00:00:23.374408,0.5911250308398315,0.9366598681946247,2,0.12627300479654507,0.22397887238168537,0.09610151404390141,0.09565374584928704,0.08205835805923346,0.061975257492710614,4.049879699937156e-05,26,125,0.007469648040799613,0.2612474079082357,False,False,False,6.89878521040723e-05,COMPLETE
1667,0.33273779153823857,2025-04-16 23:09:40.729454,2025-04-16 23:10:03.135937,0 days 00:00:22.406483,0.6281591664893823,0.9523328246145351,2,0.12954728318555855,0.21752746798624692,0.09259868637120695,0.09379680113853056,0.08049406221368165,0.05917113962315094,8.82647461533169e-05,25,121,0.005508435990455787,0.26976829994808366,False,False,False,5.729716023204915e-05,COMPLETE
1668,0.5878390073776245,2025-04-16 23:10:03.698325,2025-04-16 23:10:26.825373,0 days 00:00:23.127048,0.5706613521957492,0.96372926815383,2,0.1343668204102066,0.22435923269043467,0.09280428278103278,0.09608860833912042,0.07752774839034328,0.05800740035075364,4.8493281021629434e-05,26,125,0.008543554445719751,0.256674696113787,False,False,False,8.701546473520726e-05,COMPLETE
1669,0.34005530476570134,2025-04-16 23:10:27.374400,2025-04-16 23:10:49.969594,0 days 00:00:22.595194,0.5973301823559564,0.9216648606948659,2,0.12792699157399917,0.21243811842916485,0.0936282470865745,0.09416945226421551,0.08414609557217301,0.06106371942721223,6.165744349038763e-05,25,126,0.00666751320433424,0.1590075942122033,False,False,False,6.196118377936165e-05,COMPLETE
1670,0.585806155204773,2025-04-16 23:10:50.506723,2025-04-16 23:11:13.522407,0 days 00:00:23.015684,0.627189952737918,0.9617820842266651,2,0.12605917830751956,0.22103365877258316,0.09462700917411851,0.09600821647131222,0.07916063644911747,0.05765657931703804,4.322604970033971e-05,26,117,0.009454911736636732,0.2559328625763173,False,False,False,5.033466676143521e-05,COMPLETE
1671,0.3383329451084137,2025-04-16 23:11:14.084108,2025-04-16 23:11:36.718112,0 days 00:00:22.634004,0.5612994761955479,0.9361601257593503,2,0.1223309272837313,0.2284018891905578,0.09104859400006834,0.09364029169975227,0.08253072650864499,0.06229236694315394,3.270323888800655e-05,25,122,0.0030209659587384675,0.26261304347894987,False,False,False,0.0001021207619984192,COMPLETE
1672,0.45815243721008303,2025-04-16 23:11:37.260294,2025-04-16 23:11:53.023177,0 days 00:00:15.762883,0.5844802298876481,0.9639726819859087,2,0.13474124889786995,0.22590320591798782,0.09282187659622332,0.09718294777345349,0.08556088428967536,0.05581002881047576,5.5025603463849715e-05,14,127,0.00793789816835714,0.2739217345247274,False,False,False,4.358347318657158e-05,COMPLETE
1673,0.437985098361969,2025-04-16 23:11:53.587665,2025-04-16 23:12:16.777056,0 days 00:00:23.189391,0.5624971335388055,0.9485097227146931,2,0.11909620589385482,0.2188943126856584,0.09019558231043895,0.09360088306448731,0.08054307570066636,0.05973134404096845,0.0017727559538120506,26,123,0.010260195791235282,0.25453159456833,False,False,False,4.5362085446985096e-05,COMPLETE
1674,0.08729562610387803,2025-04-16 23:12:17.318224,2025-04-16 23:12:37.746754,0 days 00:00:20.428530,0.6058007797501042,0.9175475401965805,2,0.12011989839143455,0.22666867866474513,0.09064030760510171,0.09795350701656219,0.08379323135432512,0.06176346118503794,6.706013572036944e-05,26,127,0.01468796035139153,0.2677823776018293,False,False,True,6.274309217282251e-05,COMPLETE
1675,0.5848508358001709,2025-04-16 23:12:38.283334,2025-04-16 23:13:00.733245,0 days 00:00:22.449911,0.5820469975960089,0.966847481529354,2,0.12969682201091787,0.21416502718344851,0.09040333227471078,0.09546959591024037,0.07863076769087785,0.07901170599241635,3.9054373814785925e-05,25,125,0.012331572136518759,0.2609971785054366,False,False,False,4.941135406608012e-05,COMPLETE
1676,0.09203447103500366,2025-04-16 23:13:01.288136,2025-04-16 23:13:21.237140,0 days 00:00:19.949004,0.5602951076901344,0.9377895087488874,2,0.11661360702629875,0.23069251080171937,0.09036918128609217,0.0932954665546447,0.081689419538653,0.05390490065698734,4.866534366546433e-05,25,120,0.004806598709506204,0.2542895645730531,False,True,False,3.4063674902608106e-05,COMPLETE
1677,0.391988468170166,2025-04-16 23:13:21.779261,2025-04-16 23:13:45.250897,0 days 00:00:23.471636,0.6225028495950918,0.9655215030511015,2,0.12423403346953435,0.23352941320683876,0.09558827360291994,0.09656825431477824,0.08575958842425987,0.0636926339001666,1.0158922325783377e-05,26,124,0.009878016066451025,0.26391785816294944,False,False,False,7.39630009529583e-05,COMPLETE
1678,0.48911077976226813,2025-04-16 23:13:45.814603,2025-04-16 23:14:08.361988,0 days 00:00:22.547385,0.5966699101430093,0.912565518442401,2,0.11318053327202253,0.22460435224481473,0.08889273121317684,0.09999931333915377,0.07742987902005487,0.05796205592285595,5.786044558011771e-05,25,128,0.014735312462070691,0.0969601668053502,False,False,False,4.23685939634296e-05,COMPLETE
1679,0.33776180744171147,2025-04-16 23:14:08.899138,2025-04-16 23:14:32.294176,0 days 00:00:23.395038,0.624317766152477,0.9500220598401358,2,0.11888272237988945,0.23039700862568946,0.09360814126336693,0.09450780004600667,0.08285245848522721,0.06205311419761142,4.454448044113373e-05,26,127,0.007870860724039143,0.2544490842096465,False,False,False,3.214094842899967e-05,COMPLETE
1680,0.5751644492149353,2025-04-16 23:14:32.861593,2025-04-16 23:14:56.200067,0 days 00:00:23.338474,0.580351015734459,0.9362624380842066,2,0.12830177158151126,0.2185758590364819,0.09811755072367018,0.09775579438747115,0.080768871676405,0.07702519504151416,3.504536592480248e-05,26,122,0.01192313443614931,0.2676934987809234,False,False,False,5.563048756334163e-05,COMPLETE
1681,0.33621985912323005,2025-04-16 23:14:56.742411,2025-04-16 23:15:19.321800,0 days 00:00:22.579389,0.5586836727620113,0.9680761857084554,2,0.11155457173231773,0.2262015313986756,0.08888017612065553,0.09560397957353078,0.08409737274543744,0.06366044300282238,7.305986316292026e-05,25,127,0.00677772623555649,0.27489912896536023,False,False,False,3.409956241760288e-05,COMPLETE
1682,0.5067144393920899,2025-04-16 23:15:19.861128,2025-04-16 23:15:41.674888,0 days 00:00:21.813760,0.6118187057286958,0.9664853260117943,2,0.12201048115641602,0.2103155170545665,0.08983965761386974,0.09836321992577675,0.07928242415417815,0.061356378987902915,2.8331866034894033e-05,24,124,0.01031350547581433,0.26001238303391844,False,False,False,3.3064638270407624e-05,COMPLETE
1683,0.4643806576728821,2025-04-16 23:15:42.238252,2025-04-16 23:16:04.682917,0 days 00:00:22.444665,0.577060912980855,0.9488670440607756,2,0.11544846621202065,0.2357274929349216,0.09172436600499534,0.09321918581916668,0.0859047505878319,0.07900151441563648,0.057904364160204065,25,120,0.012828641004945096,0.2548556409581025,False,False,False,4.842105629772751e-05,COMPLETE
1684,0.3684209108352661,2025-04-16 23:16:05.225150,2025-04-16 23:16:28.538838,0 days 00:00:23.313688,0.6267094987327844,0.919701332430494,2,0.1369278215130716,0.2325423439364409,0.09520392416505444,0.09612207325565568,0.07737972544367495,0.05971602257245407,5.3031009543061654e-05,26,128,0.008757916771833447,0.2675092036050263,True,False,False,4.000628865620174e-05,COMPLETE
1685,0.4374861001968384,2025-04-16 23:16:29.104735,2025-04-16 23:16:52.130768,0 days 00:00:23.026033,0.5974294181121685,0.9673448204163009,2,0.113257962191804,0.21856713829824237,0.09143830067730457,0.0935276680366881,0.08225955895260316,0.06421289136047288,0.0007007042285511447,26,112,0.01504022482728042,0.25862058734032467,False,False,False,2.3908487219704935e-05,COMPLETE
1686,0.40969224572181706,2025-04-16 23:16:52.676028,2025-04-16 23:17:01.731763,0 days 00:00:09.055735,0.5489886638238255,0.9461273788668048,16,0.11055693512625507,0.2346816728617664,0.088303422139724,0.09593954650601798,0.08047109020259764,0.07723507944606203,4.18894934776534e-05,25,127,0.011257337288364248,0.25285618187621056,False,False,False,2.7041392546891535e-05,COMPLETE
1687,0.33812971115112306,2025-04-16 23:17:02.305439,2025-04-16 23:17:15.788182,0 days 00:00:13.482743,0.5610963733545483,0.9673080422698778,2,0.12507259659712086,0.22491671409739644,0.09305281644331688,0.09749732626675546,0.08359177489128566,0.056841592330705765,5.932870965200887e-05,10,124,0.005347714797468132,0.26335445110235417,False,False,False,3.668382861976988e-05,COMPLETE
1688,0.5929897785186767,2025-04-16 23:17:16.336834,2025-04-16 23:17:38.413778,0 days 00:00:22.076944,0.6227476838561744,0.9307518763213577,2,0.11802957622606601,0.2292406687418972,0.0876895352900927,0.09410181799267585,0.07697282177518874,0.06272141764491024,5.071823585124921e-05,24,127,0.01328848511131896,0.27703243240489017,False,False,False,5.2167445955119604e-05,COMPLETE
1689,0.5398033618927003,2025-04-16 23:17:38.957230,2025-04-16 23:18:02.087159,0 days 00:00:23.129929,0.5765806170972354,0.9651598222896415,2,0.11080203273563147,0.23366224434729824,0.09039118944384959,0.06561874623255351,0.08549560272320977,0.06080992371058095,8.88308883856429e-05,26,116,0.00953430598931394,0.254024157277089,False,False,False,7.906633707968214e-05,COMPLETE
1690,0.4612889409065247,2025-04-16 23:18:02.654399,2025-04-16 23:18:25.390094,0 days 00:00:22.735695,0.5918122996609235,0.9137907516197389,2,0.11159669875647737,0.21343812240456153,0.08847150032065025,0.09995842340497048,0.07995940319869041,0.06475770734845478,3.545258457925575e-05,25,124,0.038025159008673814,0.25922468612986754,False,False,False,0.00014044281288638698,COMPLETE
1691,0.33520721197128295,2025-04-16 23:18:25.934529,2025-04-16 23:18:49.295205,0 days 00:00:23.360676,0.5506862392178473,0.9479199334112081,2,0.1340206945211001,0.2240180701761115,0.09278453551824674,0.09588255650786995,0.08226302782852046,0.07569534586576009,6.89229350723027e-05,26,121,0.007343416768645816,0.13861242387993766,False,False,False,2.7640817835795417e-05,COMPLETE
