number,value,datetime_start,datetime_complete,duration,params_alpha-eval,params_alpha-train,params_batch-size,params_eps-eval,params_eps-train,params_lambda-actions-eval,params_lambda-actions-train,params_lambda-frames-eval,params_lambda-frames-train,params_learning-rate,params_n-epochs,params_n-frames,params_radius-gw,params_rho,params_std-feats,params_ub-actions,params_ub-frames,params_weight-decay,state
56,0.4708729147911072,2025-04-09 11:28:45.079740,2025-04-09 11:28:52.597734,0 days 00:00:07.517994,0.9241712664450932,0.10377334766076532,16,0.15494134329673115,0.06326834150734867,0.07465974043327565,0.0983881510297653,0.09161429069310177,0.0012105933418080567,0.004646614722153544,14,25,0.040670009199435794,0.09894151455755261,True,False,False,9.905753180157557e-05,COMPLETE
57,0.4879564046859741,2025-04-09 11:28:52.618429,2025-04-09 11:29:06.857699,0 days 00:00:14.239270,0.7694634812207557,0.18482399289400467,2,0.22630137228875175,0.0263415663204248,0.06867265002703869,0.09578573479951183,0.08332548555465794,0.05808429735279128,0.035587470698771606,12,29,0.02384819616566788,0.08459969753341628,True,False,False,0.0006886212899746184,COMPLETE
58,0.42689280509948735,2025-04-09 11:29:06.879582,2025-04-09 11:29:13.966288,0 days 00:00:07.086706,0.7618274302506524,0.2046325384696535,16,0.22369210939430648,0.02611775090510693,0.06795321899656413,0.09254921895525496,0.09513900256071696,0.05795617968488445,0.035239624145481235,10,29,0.04704521807865511,0.12333784086337835,True,False,False,0.0004105675668811133,COMPLETE
59,0.37039696574211123,2025-04-09 11:29:13.987599,2025-04-09 11:29:28.549381,0 days 00:00:14.561782,0.6842790393875531,0.16197829964572427,2,0.20431042099680047,0.1179633758733803,0.08400238701934054,0.08650540713991331,0.08337182531710928,0.06198933391538802,0.03940794270856522,12,19,0.03522476322661502,0.08292459466796655,True,False,False,0.0006856195000459199,COMPLETE
60,0.3842382550239563,2025-04-09 11:29:28.571139,2025-04-09 11:29:35.656518,0 days 00:00:07.085379,0.7929461091641754,0.07998393277937482,16,0.1099560626721619,0.22343017768479276,0.05677212442665937,0.09621385246789337,0.08975661159751075,0.052677903218238335,0.022313404645581444,10,29,0.0386718120345667,0.07930050639645314,True,False,False,6.389608861886383e-05,COMPLETE
61,0.44778962731361394,2025-04-09 11:29:35.678227,2025-04-09 11:29:51.432121,0 days 00:00:15.753894,0.8966483710009735,0.18669401439054692,2,0.1938178752654215,0.037814291973300454,0.07754629303087847,0.09750659959773283,0.07810108574501617,0.06881295562935395,0.007722475071268592,14,10,0.023786519782424007,0.14915569230849327,True,False,False,0.0007278011225299595,COMPLETE
62,0.09215089827775956,2025-04-09 11:29:51.455747,2025-04-09 11:30:05.994441,0 days 00:00:14.538694,0.8209833773098854,0.25800576103467693,2,0.234645321370693,0.005133507922819329,0.06950390588180287,0.09117619365364378,0.08525441408689555,0.04520070726372214,0.01645915125795769,13,16,0.021592358942155818,0.13474985566705103,True,False,False,0.00010271880603571926,COMPLETE
63,0.4578876972198487,2025-04-09 11:30:06.018049,2025-04-09 11:30:19.624375,0 days 00:00:13.606326,0.9417956141891405,0.13360452711992388,2,0.16858212918681983,0.026719359865103612,0.07313835132085293,0.08414894717175578,0.0559371358836554,0.011424866686162195,0.04422787062667341,11,35,0.016595381767262357,0.11960918117206296,True,False,False,0.00018818972342440202,COMPLETE
64,0.3733823478221894,2025-04-09 11:30:19.648290,2025-04-09 11:30:44.040616,0 days 00:00:24.392326,0.6759084987449431,0.01258816531557777,2,0.2469333272613221,0.08438705024186799,0.06372561457896171,0.09526608274922795,0.07799700379547345,0.051054546209522045,0.0015206477829622191,28,25,0.012668053497171016,0.10639828521344512,True,False,False,0.0003668784253299109,COMPLETE
65,0.41531922817230227,2025-04-09 11:30:44.065707,2025-04-09 11:30:54.594701,0 days 00:00:10.528994,0.7528652738469768,0.3150778193163659,2,0.19475252706982712,0.05401949397722953,0.037252544936934015,0.09912635436435575,0.06290256628059315,0.05788030526821039,0.005982371579792582,6,41,0.025074561253249073,0.006239977248917658,True,False,False,0.000609119966052238,COMPLETE
66,0.3993173480033875,2025-04-09 11:30:54.621139,2025-04-09 11:31:01.721835,0 days 00:00:07.100696,0.8196762297598733,0.24238712548265864,16,0.18252170143270424,0.033155628781378586,0.08442995560301211,0.08734889969169513,0.09328830338012793,0.003976384968768511,0.014989238461437073,9,19,0.042515485832888444,0.08967815966523511,True,False,False,0.00012812713493570946,COMPLETE
67,0.09060119539499283,2025-04-09 11:31:01.746724,2025-04-09 11:31:08.264239,0 days 00:00:06.517515,0.7221990192660719,0.3953276831194539,16,0.22506712006204838,0.07293963860102635,0.044011753781057206,0.09215025204558246,0.06571557135422762,0.035862349764531655,0.003002236371239508,11,9,0.03449568572595332,0.054540125884656385,True,False,True,0.0002074257578367442,COMPLETE
68,0.19772146940231325,2025-04-09 11:31:08.288566,2025-04-09 11:31:22.650033,0 days 00:00:14.361467,0.7898095476669074,0.0576838244094692,2,0.21052047465153365,0.043915942848135756,0.08046950579966065,0.096360248858545,0.09876191696926107,0.04142798747579829,0.011187354474194505,15,85,0.07207570141433256,0.15617488420295086,True,True,False,4.5127550030776686e-05,COMPLETE
69,0.5550171375274658,2025-04-09 11:31:22.674484,2025-04-09 11:31:29.979122,0 days 00:00:07.304638,0.6401704949891353,0.14291789014497522,8,0.1299208931105225,0.01986976497690978,0.0528832442196593,0.08000502610779124,0.08752594694059943,0.014171958337390137,0.02416472592363533,7,35,0.009927603117965374,0.06909310875661545,True,False,False,0.0009506723215555037,COMPLETE
70,0.44870015382766726,2025-04-09 11:31:30.004209,2025-04-09 11:31:37.289309,0 days 00:00:07.285100,0.6500401009803394,0.09185754187536323,8,0.297163113300729,0.01998768648676801,0.07098242950104593,0.07994892004572829,0.0869940173823806,0.013281899102372811,0.02378211636503485,7,43,0.010052076845535832,0.07129629403750175,False,False,False,1.962782492569544e-05,COMPLETE
71,0.09215089827775956,2025-04-09 11:31:37.314545,2025-04-09 11:31:44.292940,0 days 00:00:06.978395,0.5819854797898073,0.14843084656014627,8,0.1301224409977967,0.0004513017489833418,0.03359848262063247,0.08191596713064676,0.08088767692660381,0.008348210413449818,0.03556835579702567,6,34,0.005525500463087085,0.14035217216546758,True,False,False,0.0009735122404377317,COMPLETE
72,0.4150970697402954,2025-04-09 11:31:44.319144,2025-04-09 11:31:52.187157,0 days 00:00:07.868013,0.8406783866158284,0.19411612404041353,8,0.14372921999751173,0.02854995825322168,0.053875368916372984,0.08953651461856243,0.08865303711959134,0.0021110389095997505,0.01931354697221914,10,28,0.0015578334932211946,0.04450523035047049,True,False,False,0.0006017749294643383,COMPLETE
73,0.4597535729408264,2025-04-09 11:31:52.212753,2025-04-09 11:31:59.680933,0 days 00:00:07.468180,0.8878818008869167,0.2984413243415615,8,0.11137350169343535,0.04078830703799567,0.0491106131839668,0.09402080533420948,0.08333078227118415,0.005488036305719823,0.027894375953293513,8,13,0.02159365911301374,0.029797845333277805,True,False,False,0.0003677968007182294,COMPLETE
74,0.3596039354801178,2025-04-09 11:31:59.706892,2025-04-09 11:32:06.981555,0 days 00:00:07.274663,0.7316247332929658,0.18100851501163356,16,0.16178644796438774,0.010714204398614927,0.05734289539796138,0.009669499193301762,0.09469207416320584,0.09992898775795242,0.047863629187274,12,20,0.028424926265386348,0.09425855792023206,True,False,False,0.0005642991012547898,COMPLETE
75,0.40820440649986267,2025-04-09 11:32:07.016355,2025-04-09 11:32:14.143973,0 days 00:00:07.127618,0.7855790325158338,0.13210507855771794,8,0.12537184658093595,0.021304010910608878,0.07588280817479781,0.08560769388978305,0.07601622063152816,0.0125444737387803,0.0726502785413577,6,26,0.030897595060776196,0.11271424224301341,True,False,False,0.00027069816155812575,COMPLETE
76,0.4238892555236817,2025-04-09 11:32:14.171870,2025-04-09 11:32:20.661454,0 days 00:00:06.489584,0.6440653771627712,0.03982769672746851,16,0.13824183732758502,0.04890650225932579,0.09175726537709149,0.09704753897731284,0.051582262116921386,0.024142312404875025,0.008228609396113857,7,5,0.014939860431620178,0.06302116585485178,True,False,False,2.9289000810909974e-05,COMPLETE
77,0.09076646268367768,2025-04-09 11:32:20.688120,2025-04-09 11:32:27.214417,0 days 00:00:06.526297,0.18869853926897437,0.24178051866431335,16,0.17584974562822542,0.13734275953256733,0.07861948033060918,0.09987416352280112,0.06919917727303933,0.017256787343060763,0.0002968618168512367,9,51,0.02653558135930397,0.18758421569924438,True,False,True,0.0007598664324385575,COMPLETE
78,0.443449878692627,2025-04-09 11:32:27.241337,2025-04-09 11:32:40.808208,0 days 00:00:13.566871,0.8300311806635302,0.07853285770772356,2,0.25261315827579517,0.03129025755709014,0.08544695126090712,0.0894834487151631,0.07352191127900103,0.060735140280045,9.739796284540264e-05,11,32,0.019947737156987406,0.1298948975876177,True,False,False,0.00035280555623266863,COMPLETE
79,0.16993819475173952,2025-04-09 11:32:40.835294,2025-04-09 11:32:47.789090,0 days 00:00:06.953796,0.9227320587162309,0.5538748524150972,16,0.16346885372645037,0.06620942812658445,0.08949671617894357,0.07734153129230854,0.060655451656038646,0.009264728077661419,0.011933962833494119,13,58,0.046588224719395915,0.14805882124598352,True,True,False,8.432608109444749e-05,COMPLETE
80,0.42342167496681216,2025-04-09 11:32:47.816921,2025-04-09 11:32:55.337170,0 days 00:00:07.520249,0.5938966918628081,0.38287528943548693,8,0.28018534087779495,0.006892539079676123,0.06866396023289956,0.07164215694929034,0.07771085094500765,0.04755309333450908,0.06787847150064077,8,14,0.03820463947350435,0.16364147014053468,True,False,False,0.00018657486358907195,COMPLETE
81,0.5650181412696839,2025-04-09 11:32:55.365962,2025-04-09 11:33:02.249924,0 days 00:00:06.883962,0.42032212459394813,0.15658046828625696,16,0.11614666622777516,0.017194316359880377,0.09585965525497114,0.06960870001372349,0.0837029199467264,0.017906356210921293,0.054675505270623356,8,42,0.02917622986917686,0.1696054017520155,True,False,False,1.132229079183061e-05,COMPLETE
82,0.5244339585304261,2025-04-09 11:33:02.278523,2025-04-09 11:33:09.060809,0 days 00:00:06.782286,0.4159413656102137,0.15136302405833063,16,0.11422156647460684,0.01819165919424718,0.08196017161701255,0.07515455912682684,0.08480708944452175,0.017647361455319626,0.05006295396690258,7,36,0.03309247509592127,0.1739135177170911,True,False,False,1.0678975518299686e-05,COMPLETE
83,0.5029063940048218,2025-04-09 11:33:09.089585,2025-04-09 11:33:15.903825,0 days 00:00:06.814240,0.43220791766044575,0.15404574735872287,16,0.08674857414222523,0.019696457576154888,0.0953104078491175,0.06580621234802933,0.08461438227139245,0.01821005864373722,0.04635037532289724,7,36,0.042085739756902045,0.17263577420555115,True,False,False,9.922398345503319e-06,COMPLETE
84,0.4815030336380005,2025-04-09 11:33:15.933797,2025-04-09 11:33:22.774015,0 days 00:00:06.840218,0.44940311972339225,0.14972189334687672,16,0.08845667275581784,0.015110612888716854,0.09603219396242071,0.06561291427729629,0.08786514598855213,0.02928900057900665,0.04904448333701854,7,41,0.042158300167419054,0.17418345060907175,True,False,False,1.282847316070442e-05,COMPLETE
85,0.4774873971939087,2025-04-09 11:33:22.804968,2025-04-09 11:33:29.524733,0 days 00:00:06.719765,0.49902501912852726,0.11250868404076554,16,0.11565624096377328,0.01873878125185691,0.09482074429738993,0.07560792746723842,0.09321487919071336,0.018129694014204428,0.08010026766414852,5,64,0.03352230372803546,0.20168327235808658,True,False,False,3.7080918419557844e-06,COMPLETE
86,0.5202674508094788,2025-04-09 11:33:29.556441,2025-04-09 11:33:36.200859,0 days 00:00:06.644418,0.4124393211454707,0.09049408672785664,16,0.059257461576765647,0.008131066816195647,0.09052247469859259,0.07117226161871237,0.08437995974154709,0.014152158439447018,0.05531879660094843,6,35,0.036534757158339426,0.18590130571613037,False,False,False,1.0349817906435502e-05,COMPLETE
87,0.43427971005439764,2025-04-09 11:33:36.233253,2025-04-09 11:33:42.908748,0 days 00:00:06.675495,0.42596877903498,0.03083687490776303,16,0.03533397155039955,0.005905196215374652,0.08246481433930379,0.07144551792398776,0.08498943856788604,0.013574950508541215,0.027446891518290484,6,36,0.036071622210630906,0.19158203589070755,False,False,False,1.1464288724348096e-05,COMPLETE
88,0.4803808212280274,2025-04-09 11:33:42.939134,2025-04-09 11:33:49.475754,0 days 00:00:06.536620,0.4125178401912116,0.0670664320986219,16,0.059140503029393596,0.03623616291853274,0.0999583165879873,0.05978978929093024,0.09692937332547341,0.026940872969934398,0.061261722858231456,5,51,0.049367425003448165,0.1697715411221572,False,False,False,4.2725005093962964e-06,COMPLETE
89,0.43731921911239624,2025-04-09 11:33:49.509134,2025-04-09 11:33:56.286476,0 days 00:00:06.777342,0.5463701839729479,0.4941843893827786,16,0.08301906453835876,0.05661910085336533,0.08990223952138815,0.07006429088335421,0.09082638371960725,0.02195228591842649,0.042351601126761514,6,45,0.041684124067395384,0.18484379187896363,False,False,False,2.608104346714705e-06,COMPLETE
90,0.39019198417663575,2025-04-09 11:33:56.316586,2025-04-09 11:34:02.921615,0 days 00:00:06.605029,0.48022816950959546,0.4300350200971738,16,0.07442074131443013,0.0004601919335693941,0.09376938675189732,0.06414443254684372,0.08107665284517551,0.004357155637570793,0.07688949169091847,8,32,0.037907626111853686,0.208845276444727,False,False,True,1.640264109206524e-06,COMPLETE
91,0.5179615378379822,2025-04-09 11:34:02.954116,2025-04-09 11:34:09.742076,0 days 00:00:06.787960,0.3742674923620255,0.09508608755360776,16,0.09958237840174117,0.013112916262893395,0.088103878741912,0.07362938552273328,0.08727746857077022,0.015124883035939174,0.0543931687224458,7,38,0.031063470190185904,0.15659004735878057,False,False,False,1.529288600691733e-05,COMPLETE
92,0.5616162538528442,2025-04-09 11:34:09.773754,2025-04-09 11:34:16.550721,0 days 00:00:06.776967,0.3618396678153779,0.10377981362616198,16,0.10419191666474448,0.018317843568524218,0.08582961285008464,0.06734060729042006,0.087972063535479,0.015863550367911452,0.0974886601235911,7,40,0.03254185745004453,0.15896562116147142,False,False,False,5.5052892926793706e-06,COMPLETE
93,0.5596497893333435,2025-04-09 11:34:16.582723,2025-04-09 11:34:23.364423,0 days 00:00:06.781700,0.37139225298498885,0.09455825646241989,16,0.09562663752385077,0.013388012900711503,0.08090450255003738,0.08062468110072468,0.08862330839199056,0.014760698471600412,0.08768755253816017,7,40,0.033054823734920066,0.15867909083644674,False,False,False,1.6371538824521164e-05,COMPLETE
94,0.524419617652893,2025-04-09 11:34:23.396641,2025-04-09 11:34:30.149312,0 days 00:00:06.752671,0.31505267177673324,0.08004942076693519,16,0.09800121798773502,0.008342055509126669,0.08120451886836956,0.0733910338382717,0.09976084392382296,0.014644625058468046,0.09392748927370223,6,39,0.032075115035008706,0.17862557446314672,False,False,False,1.5878667999686984e-05,COMPLETE
95,0.4155508041381836,2025-04-09 11:34:30.181614,2025-04-09 11:34:36.862461,0 days 00:00:06.680847,0.36963290715531816,0.10260007752342817,16,0.09645991510124242,0.008504579384584854,0.09094681765664435,0.07352828846446939,0.09226510781143901,0.014990164827572261,0.08373520222312442,6,51,0.03270542656414088,0.17819118216508936,False,False,False,1.8248724471836514e-05,COMPLETE
96,0.5502583384513855,2025-04-09 11:34:36.894665,2025-04-09 11:34:43.467803,0 days 00:00:06.573138,0.31453005676714996,0.08018211388069812,16,0.1069124644449915,0.01316456477585961,0.0813768565165646,0.08110758038497023,0.0963510744656565,0.009786467319428787,0.09300806280936788,5,39,0.030618897398621482,0.16407097553504127,False,False,False,5.420530755545857e-06,COMPLETE
97,0.19235677719116212,2025-04-09 11:34:43.501774,2025-04-09 11:34:49.605214,0 days 00:00:06.103440,0.3180378440686822,0.09019849735829967,16,0.10374441940643986,0.014151172453603558,0.08113356845980012,0.07952332832540518,0.09887747471093984,0.011095435074790307,0.09925497503007345,5,39,0.02948033356331828,0.1597516624014684,False,True,False,5.506528548837099e-06,COMPLETE
98,0.44545919895172126,2025-04-09 11:34:49.638626,2025-04-09 11:34:56.242463,0 days 00:00:06.603837,0.36386020877886033,0.0562274130686484,16,0.10769318270054178,0.006664141522769189,0.08647058937846391,0.0815986633334793,0.09991301602745203,0.009458694620234812,0.06135148311550526,5,45,0.030949753559527293,0.2185907507100594,False,False,False,1.4176368191802972e-05,COMPLETE
99,0.507594645023346,2025-04-09 11:34:56.277811,2025-04-09 11:35:03.056053,0 days 00:00:06.778242,0.28716701353154506,0.17307829299403515,16,0.0959376604772513,0.02991373602147659,0.08873563432745246,0.07562527020374035,0.09655345702162783,0.01526965826356045,0.06866226412100217,7,55,0.027288533090061688,0.19143065875314239,False,False,False,8.244082481298055e-06,COMPLETE
100,0.45458774566650395,2025-04-09 11:35:03.089537,2025-04-09 11:35:11.476563,0 days 00:00:08.387026,0.31940620203433007,0.21823365129482164,16,0.11564557236734974,0.1659246618625681,0.08475911944773126,0.07212209515611095,0.088983534587674,0.006884707237349894,0.09854368672698288,23,40,0.03358133055914029,0.16749425777545532,False,False,False,2.4282465805902827e-06,COMPLETE
101,0.5053118586540223,2025-04-09 11:35:11.510847,2025-04-09 11:35:18.158881,0 days 00:00:06.648034,0.39777544715418073,0.12032010945611227,16,0.12071639995932912,0.024555575057495123,0.08235106968044878,0.06758017741744277,0.09418244015706508,0.012337543551429922,0.05249739258323553,6,33,0.03742353489594075,0.1525561373986781,False,False,False,9.049591935858854e-06,COMPLETE
102,0.4948413968086243,2025-04-09 11:35:18.194356,2025-04-09 11:35:25.027030,0 days 00:00:06.832674,0.3463030301280472,0.09568046256892258,16,0.06710526590373025,0.014403972777729118,0.07403717654564315,0.07040400146712686,0.0866335523901403,0.018965664723016494,0.0812802051154402,7,48,0.039784988489908975,0.17835319969319818,False,False,False,2.5302822910779835e-05,COMPLETE
103,0.5114357233047486,2025-04-09 11:35:25.061970,2025-04-09 11:35:32.093621,0 days 00:00:07.031651,0.2459064295947138,0.0755674883054722,16,0.12694383473406512,0.007585215171798723,0.08668465134704688,0.07833827010218156,0.09047636754422517,0.008313744346252748,0.0580466763092359,9,37,0.03111627773847969,0.14456286249747444,False,False,False,4.2608527004970145e-06,COMPLETE
104,0.5072145104408264,2025-04-09 11:35:32.138429,2025-04-09 11:35:38.822021,0 days 00:00:06.683592,0.2970650300260376,0.026564379781058273,16,0.10386060442705147,0.03474322128768225,0.07709374143219291,0.06048865854881366,0.035183901797231534,0.0208074094818906,0.03714495747606464,6,44,0.03452226598612537,0.16319394119147504,False,False,False,6.0067596722104335e-06,COMPLETE
105,0.5164500117301941,2025-04-09 11:35:38.857614,2025-04-09 11:35:45.525473,0 days 00:00:06.667859,0.45032214074485943,0.1398680642436815,16,0.07574912949941769,0.02476438269823739,0.09731785840506356,0.054484311806924354,0.09617395766998516,0.003629090347873159,0.073767408515782,5,40,0.02810515357018436,0.18264118303003793,False,False,False,1.8403205393484796e-06,COMPLETE
106,0.5016217470169068,2025-04-09 11:35:45.561249,2025-04-09 11:35:52.133657,0 days 00:00:06.572408,0.44458108318783046,0.13798673737900566,16,0.057190175801782955,0.013130854282466606,0.09690201090594258,0.055313639790030886,0.0955881226510539,0.016022888460901597,0.07129495468897,5,52,0.027646721308414633,0.20175952020276158,False,False,False,1.7920914241505362e-06,COMPLETE
107,0.09215089827775956,2025-04-09 11:35:52.169578,2025-04-09 11:35:58.641958,0 days 00:00:06.472380,0.4628166371310697,0.052313795386505775,16,0.07752248303448603,0.0011243214786613963,0.0928092028176243,0.07404127297635726,0.09725669631317962,0.010219880840175033,0.09906476239826412,6,40,0.025182703090257493,0.184068761995652,False,False,False,1.0862754767146983e-05,COMPLETE
108,0.4874344825744629,2025-04-09 11:35:58.677910,2025-04-09 11:36:05.255522,0 days 00:00:06.577612,0.40021746734982283,0.1630668700412791,16,0.0723895781063627,0.04164358467809784,0.0887797200031874,0.04696066308299262,0.08840753477197573,0.022949549637729754,0.03216385165878557,5,46,0.029859461148487833,0.18065705644884456,False,False,False,1.093858054306733e-06,COMPLETE
109,0.48565436601638795,2025-04-09 11:36:05.292136,2025-04-09 11:36:12.143731,0 days 00:00:06.851595,0.32855049306708783,0.2096747300472709,16,0.08430470892265311,0.02835860220108235,0.09130412195937732,0.06904427504920806,0.0928448335023389,0.005638313908171197,0.05296185645364328,7,42,0.0341399256636676,0.16886118451416668,False,False,False,1.5570936804688996e-05,COMPLETE
110,0.2917225182056427,2025-04-09 11:36:12.180166,2025-04-09 11:36:18.472427,0 days 00:00:06.292261,0.5136379011963431,0.12097694807049474,16,0.09205500752629156,0.01730747869080857,0.09414745302583662,0.0829397801129312,0.09988781671491992,0.01368841141882698,0.08245539066474136,5,49,0.08309005884487958,0.15300643703685016,False,False,True,5.237753160971498e-07,COMPLETE
111,0.5141478538513184,2025-04-09 11:36:18.511621,2025-04-09 11:36:25.353112,0 days 00:00:06.841491,0.3687494970254233,0.1021428513630413,16,0.1335122668619122,0.024316609116106433,0.08407377050813171,0.07641051856921156,0.09098597843974794,0.0030887070480470806,0.06487739139954396,8,28,0.036456118642747316,0.16029443015786882,False,False,False,6.9350055061708465e-06,COMPLETE
112,0.44842081069946294,2025-04-09 11:36:25.390865,2025-04-09 11:36:32.169426,0 days 00:00:06.778561,0.4153817110688619,0.5254313173682417,16,0.1319537103859719,0.022532620386380285,0.08066357090131356,0.07648172081460321,0.08981433764669468,0.003481398687713946,0.06759201461728942,7,38,0.04444053124435816,0.1597678095115428,False,False,False,4.78605303311953e-06,COMPLETE
