number,value,datetime_start,datetime_complete,duration,params_alpha-eval,params_alpha-train,params_batch-size,params_eps-eval,params_eps-train,params_lambda-actions-eval,params_lambda-actions-train,params_lambda-frames-eval,params_lambda-frames-train,params_learning-rate,params_n-epochs,params_n-frames,params_radius-gw,params_rho,params_std-feats,params_ub-actions,params_ub-frames,params_weight-decay,state
1126,0.40207059383392335,2025-04-16 19:45:18.749701,2025-04-16 19:45:40.102960,0 days 00:00:21.353259,0.6116077842473323,0.9025733563816922,2,0.06867550819425478,0.1169573157591047,0.07084382368888409,0.08136778229098127,0.0671696946084061,0.07767839434746501,2.529412394221376e-05,23,134,0.015319185090904137,0.2729208075468599,False,False,False,2.327336815329593e-06,COMPLETE
1127,0.6000900030136108,2025-04-16 19:45:40.467565,2025-04-16 19:46:03.104165,0 days 00:00:22.636600,0.6627417428110806,0.8538784556124893,2,0.09137730686293197,0.10500596816508159,0.07581968569606204,0.07882475257402712,0.06377564343811962,0.08093156868662127,4.9796802890088746e-05,25,139,0.01675481453212467,0.2842425527323645,False,False,False,9.420326547799104e-06,COMPLETE
1128,0.5484654307365417,2025-04-16 19:46:03.467011,2025-04-16 19:46:26.595526,0 days 00:00:23.128515,0.6758121224445969,0.8766025661632925,2,0.08508714971235722,0.2931246670270497,0.07325050635578857,0.08367656385439061,0.07225206289145496,0.08854437609802533,7.309470867544717e-05,26,133,0.013250142968029522,0.28578384767267206,False,False,False,3.890437561461564e-06,COMPLETE
1129,0.5970268964767456,2025-04-16 19:46:26.960755,2025-04-16 19:46:48.782432,0 days 00:00:21.821677,0.7140789749665184,0.840312866745451,2,0.07619155190335059,0.12522653389622446,0.07900830187763665,0.07467720003059561,0.06998837125609257,0.06723059126663884,6.097505333031399e-05,24,132,0.01830915135492516,0.27537504062634555,False,False,False,6.5332052957760895e-06,COMPLETE
1130,0.5840625524520874,2025-04-16 19:46:49.148419,2025-04-16 19:47:11.808242,0 days 00:00:22.659823,0.6465592594469078,0.9215240256815364,2,0.061936708212874614,0.11901606138456304,0.07640845236147208,0.08060211752802054,0.07472323897879332,0.09266940277359186,4.5675914079960126e-05,25,120,0.015577621204947482,0.27257479897771514,False,False,False,2.1681841214721228e-06,COMPLETE
1131,0.36002259850502016,2025-04-16 19:47:12.173690,2025-04-16 19:47:35.793356,0 days 00:00:23.619666,0.6158924422172423,0.8985014514379207,2,0.06967495797484408,0.11085909521161696,0.08048580488572857,0.07219143033623329,0.07840316832514996,0.05956672202172008,3.458311715498071e-05,26,135,0.017563084110315305,0.269526276109269,True,False,False,4.920716476979271e-06,COMPLETE
1132,0.4084877371788025,2025-04-16 19:47:36.160535,2025-04-16 19:47:57.348653,0 days 00:00:21.188118,0.5649943787084658,0.23618603771315824,2,0.05369552335963928,0.2558146893538342,0.07049002813589833,0.08896903920590915,0.06564351269105295,0.07933940471500277,5.45999302442967e-05,23,123,0.013752752308995624,0.28016146816942,False,False,False,2.69687515565424e-06,COMPLETE
1133,0.3769146025180817,2025-04-16 19:47:57.715204,2025-04-16 19:48:15.402132,0 days 00:00:17.686928,0.6914574902818165,0.8633674209118145,2,0.07819459377196718,0.07327582776086974,0.07283286214414361,0.08659751862092638,0.08222447017814118,0.08259421819603432,4.04090328938551e-05,17,128,0.021103200759503404,0.24889948094434028,False,False,False,1.5357865802072037e-06,COMPLETE
1134,0.34158245325088504,2025-04-16 19:48:15.776856,2025-04-16 19:48:38.161802,0 days 00:00:22.384946,0.6630666130097146,0.802675410052,2,0.08686168949036478,0.0694201726643454,0.07701441934268906,0.08262695092272625,0.0729603675880639,0.08709537619366518,6.626030118483017e-05,24,12,0.016296579929080856,0.2687686875791695,False,False,False,3.715030481992767e-06,COMPLETE
1135,0.3959416389465332,2025-04-16 19:48:38.528978,2025-04-16 19:49:01.025367,0 days 00:00:22.496389,0.6343799126055284,0.8602294642395818,2,0.07153078101139503,0.0907493467056723,0.07492807142060791,0.0793460180244135,0.07630637863455976,0.06394515497389604,1.6152585476331405e-05,25,131,0.047525685107742466,0.2554294543517971,False,False,False,1.9442691446707133e-06,COMPLETE
1136,0.5839491248130799,2025-04-16 19:49:01.392674,2025-04-16 19:49:23.939072,0 days 00:00:22.546398,0.7111004533455861,0.8282081890834068,2,0.06528533612842463,0.10289599572178895,0.07837601330772224,0.08484105460721054,0.06807494969598282,0.09037617665372297,5.060831720849757e-05,25,138,0.023536316497922406,0.2763987105857792,False,False,False,4.411593456389561e-06,COMPLETE
1137,0.5668765187263489,2025-04-16 19:49:24.308920,2025-04-16 19:49:47.270800,0 days 00:00:22.961880,0.6522594715834497,0.8921521002230318,2,0.08212035116226034,0.0966485131723603,0.07220171849608614,0.07667991266768022,0.07070719056245557,0.08395892930084871,7.276191602567621e-05,26,126,0.01932620252126583,0.26559267295990546,False,False,False,7.085823511471994e-06,COMPLETE
1138,0.4223426282405854,2025-04-16 19:49:47.641493,2025-04-16 19:50:09.427331,0 days 00:00:21.785838,0.6002300240396248,0.28874693051228784,2,0.0742287186145466,0.2787320039076101,0.07526600716628608,0.08130344835079942,0.07993515383951447,0.07440459436943193,4.0824526519536094e-05,24,134,0.0133996546117677,0.24962124475171368,False,False,False,1.1005519252855181e-05,COMPLETE
1139,0.44296651482582095,2025-04-16 19:50:09.804489,2025-04-16 19:50:32.898256,0 days 00:00:23.093767,0.7342876638727229,0.8765718980228425,2,0.06143285078994361,0.08091193388795705,0.08283661727090269,0.0825414166608006,0.07409519462860227,0.09388445338706526,3.063113512559134e-05,26,142,0.014907257852412212,0.2574300165841328,False,False,False,3.088953223138605e-06,COMPLETE
1140,0.1048780456185341,2025-04-16 19:50:33.272523,2025-04-16 19:50:52.184108,0 days 00:00:18.911585,0.683158915744174,0.9209524485215229,2,0.0785032707080526,0.12098176042858244,0.0782700376548289,0.07916357974090475,0.0686657696026551,0.07169481144366648,5.2806864531481616e-05,23,128,0.017451645454217894,0.06679006351791911,False,False,True,5.608710948455881e-06,COMPLETE
1141,0.32972410321235657,2025-04-16 19:50:52.555465,2025-04-16 19:51:14.491446,0 days 00:00:21.935981,0.623920458385469,0.9308292423504728,2,0.09705106566032325,0.11194674585456024,0.07055186270236094,0.08753208107675137,0.08894618352860154,0.0770993349035955,6.161225098517506e-05,24,124,0.09129696236180201,0.1142685929019843,False,False,False,2.4659268535097214e-06,COMPLETE
1142,0.11851236969232559,2025-04-16 19:51:14.864652,2025-04-16 19:51:34.855413,0 days 00:00:19.990761,0.6621089925363004,0.8356266162719858,2,0.06794090710456767,0.28419370078935774,0.0738631645797662,0.08431466905361681,0.07156105135842644,0.0853905796033963,3.6915772931377486e-05,25,132,0.020208211891430145,0.2711928987701908,False,True,False,3.615677334739862e-06,COMPLETE
1143,0.5250161767005921,2025-04-16 19:51:35.229317,2025-04-16 19:51:58.229213,0 days 00:00:22.999896,0.70123753941481,0.9041904943113358,2,0.09053115660603078,0.10832250775277827,0.08068092155470243,0.08066459638801182,0.07745621982992858,0.09148477142680457,4.799803138656172e-05,26,129,0.025744153998269348,0.2869496647733783,False,False,False,4.500852750525625e-06,COMPLETE
1144,0.2898121654987335,2025-04-16 19:51:58.604487,2025-04-16 19:52:21.163503,0 days 00:00:22.559016,0.6350918946274654,0.8569099358464124,2,0.05659577993571798,0.08581386186524559,0.07600032599844517,0.077197831661056,0.07511131557960508,0.07968028997806023,4.43326210035634e-05,25,135,0.06215615683169899,0.24694634013268524,False,False,False,1.829020018155568e-06,COMPLETE
1145,0.5769625663757325,2025-04-16 19:52:21.538620,2025-04-16 19:52:43.277044,0 days 00:00:21.738424,0.6800115727719773,0.886764705360859,2,0.08451175540622921,0.12761830644310201,0.07367520715564775,0.08339675637279402,0.08473257459757036,0.0885189272274591,7.647917720784448e-05,24,121,0.01296674485366352,0.26671237773187756,False,False,False,2.8598179041008578e-06,COMPLETE
1146,0.40963957309722904,2025-04-16 19:52:43.653001,2025-04-16 19:53:03.743772,0 days 00:00:20.090771,0.6519573779571036,0.09009687540189681,2,0.07310907821913305,0.09964325575110759,0.07198789719427831,0.08140346836876973,0.06575028303813232,0.05006445154701902,2.28777942256165e-05,21,131,0.0162677748488991,0.2576026521647818,False,False,False,1.4546828592389255e-06,COMPLETE
1147,0.4746661305427552,2025-04-16 19:53:04.115834,2025-04-16 19:53:27.349261,0 days 00:00:23.233427,0.7242540216345942,0.9356797197093455,2,0.06508912342445171,0.09299775994221109,0.078240298465025,0.09126998877263981,0.06989504582540679,0.08154724787925664,3.086519999544002e-05,26,126,0.018864600884020602,0.27961226499431774,False,False,False,5.589139600196116e-06,COMPLETE
1148,0.490005373954773,2025-04-16 19:53:27.720324,2025-04-16 19:53:48.956629,0 days 00:00:21.236305,0.5924089399193216,0.7693900509811273,2,0.07072280400048436,0.11733799487856636,0.07023421891088587,0.08614376054900118,0.07291757552768052,0.0940552636156233,5.999361543953411e-05,23,94,0.014638918700608503,0.24809161787188222,False,False,False,7.759061553088411e-06,COMPLETE
1149,0.33368070125579835,2025-04-16 19:53:49.330900,2025-04-16 19:54:12.116528,0 days 00:00:22.785628,0.6164117503731188,0.8137298091839562,2,0.08072979153609551,0.23588341788996112,0.07613269715487225,0.07936725345758767,0.07584070066311747,0.07504814837840705,5.154320642347799e-05,25,137,0.02257433731771695,0.2624373247359036,True,False,False,3.5207970175736737e-06,COMPLETE
1150,0.41369336843490606,2025-04-16 19:54:12.486008,2025-04-16 19:54:34.458184,0 days 00:00:21.972176,0.6798401885953148,0.9134150800897427,2,0.07673440981311605,0.10457999436945206,0.0808428162260053,0.07542299518827657,0.07860405819761015,0.09567014124062875,0.008927939735289677,24,117,0.017438950189411315,0.2536731431696091,False,False,False,2.38516145036876e-06,COMPLETE
1151,0.5836499571800232,2025-04-16 19:54:34.830518,2025-04-16 19:54:57.230279,0 days 00:00:22.399761,0.6386866507938748,0.8428817124524917,2,0.08671235241872753,0.13385932687043528,0.07325876827262644,0.08444635889434632,0.06754564966155188,0.07771379181183372,3.924750183019156e-05,25,128,0.012211096545568586,0.2715468580670269,False,False,False,4.193817844998843e-06,COMPLETE
1152,0.5963731527328492,2025-04-16 19:54:57.600159,2025-04-16 19:55:20.552426,0 days 00:00:22.952267,0.6977641442928615,0.8973010104619171,2,0.06057712957958568,0.27275486566961626,0.08395216659253074,0.08906026790746166,0.0628753874469691,0.0844860087238763,5.7951258451750854e-05,26,133,0.020179545894841576,0.26229970304939626,False,False,False,2.764655122503932e-06,COMPLETE
1153,0.5867337226867676,2025-04-16 19:55:20.924624,2025-04-16 19:55:44.318283,0 days 00:00:23.393659,0.6541906079604314,0.9987068815978951,2,0.0943881824710752,0.11296450578849551,0.074977643850622,0.08172581569646971,0.08110289893450454,0.0889059441561814,4.446222277256364e-05,26,124,0.015568818138446476,0.2533059833081254,False,False,False,1.0157691325387091e-08,COMPLETE
1154,0.5755253076553345,2025-04-16 19:55:44.691949,2025-04-16 19:56:06.538878,0 days 00:00:21.846929,0.7392095833497876,0.871075000457485,2,0.08131729764010913,0.08973175071830415,0.07776301991452463,0.0787610203869366,0.07097950442309345,0.056226243681661535,7.468602962039004e-05,24,130,0.018394615749996675,0.2658272421301793,False,False,False,5.193286798004845e-06,COMPLETE
1155,0.5339962482452393,2025-04-16 19:56:06.912771,2025-04-16 19:56:28.360652,0 days 00:00:21.447881,0.668912224055096,0.9305965088188645,2,0.06796566898513429,0.24992469239476045,0.0794403621837375,0.08641897018770302,0.07244471605230354,0.06232233455374088,3.5924699733338075e-05,23,134,0.01279422776089445,0.27430350081009536,False,False,False,2.0736704351481123e-06,COMPLETE
1156,0.3340851068496704,2025-04-16 19:56:28.736081,2025-04-16 19:56:41.369197,0 days 00:00:12.633116,0.6082630642237765,0.8275997471660734,2,0.05443032421137215,0.07908853190037009,0.07214121724020624,0.0832521373756305,0.06947781879767205,0.08052603965669637,5.139467328289639e-05,9,106,0.015984106876749116,0.2479308394795942,False,False,False,3.361031680109065e-06,COMPLETE
1157,0.579485845565796,2025-04-16 19:56:41.744871,2025-04-16 19:57:04.250506,0 days 00:00:22.505635,0.6304301038602532,0.968242145464216,2,0.07520127070449287,0.12167980021304191,0.07482757058918066,0.08105335802757285,0.07435975552705333,0.09165730334861621,6.515595863890236e-05,25,127,0.014640432777392104,0.2588868760901502,False,False,False,6.05551344782505e-06,COMPLETE
1158,0.36606531739234927,2025-04-16 19:57:04.628043,2025-04-16 19:57:27.170047,0 days 00:00:22.542004,0.7139669756486166,0.8844515929462796,2,0.08678860197121217,0.09761530426735684,0.07062524027145804,0.07774054188518735,0.09667453806278112,0.09515948380889859,2.6198705995442797e-05,25,139,0.042101141941868495,0.24595268085152766,False,False,False,3.9044774214609695e-06,COMPLETE
1159,0.10323341339826585,2025-04-16 19:57:27.542228,2025-04-16 19:57:47.742872,0 days 00:00:20.200644,0.5790118244086692,0.8587145014602905,2,0.06320119692782541,0.10591261341540976,0.07709958922278726,0.08331785813112369,0.08258723984877717,0.08607131296358865,4.403561269201593e-05,26,131,0.017953624458994868,0.2897308633291568,False,False,True,2.353127162653634e-06,COMPLETE
1160,0.5269686937332153,2025-04-16 19:57:48.118064,2025-04-16 19:58:10.270917,0 days 00:00:22.152853,0.6649167717380058,0.9513931034558786,2,0.07151906683984692,0.29180260918502654,0.022166190534205137,0.08525183749364029,0.07617459275489148,0.06920402746642741,3.2868642195459785e-05,24,122,0.021405077019173685,0.13935949253725044,False,False,False,8.510952578969893e-06,COMPLETE
1161,0.3534830152988434,2025-04-16 19:58:10.647008,2025-04-16 19:58:30.820759,0 days 00:00:20.173751,0.6929900800454885,0.9131162818391901,2,0.07990730322255431,0.08475167795645269,0.07358009444025429,0.08124512062356265,0.07836021917368094,0.07620649279309424,0.002565678467163833,21,136,0.07565191332082419,0.2805605223912623,False,False,False,4.628846055741893e-06,COMPLETE
1162,0.10985504835844041,2025-04-16 19:58:31.195525,2025-04-16 19:58:50.489432,0 days 00:00:19.293907,0.6416087952607417,0.7876699846822766,2,0.07642718543174327,0.11804731520625239,0.07886096703516005,0.07956949253367411,0.06645962641847496,0.08268950022716143,6.113400700563715e-05,24,129,0.013168476105366912,0.25573214432994706,False,True,False,2.997078585297286e-06,COMPLETE
1163,0.5822704076766968,2025-04-16 19:58:50.867794,2025-04-16 19:59:14.242065,0 days 00:00:23.374271,0.67796122899481,0.8471491188836755,2,0.09239893624935142,0.09355189771865087,0.07611566505610856,0.08787264650461457,0.06859391191738574,0.0467919406552033,5.033139760534303e-05,26,125,0.016681251969537535,0.26815812023324215,False,False,False,1.7475739449455051e-06,COMPLETE
1164,0.4835635542869568,2025-04-16 19:59:14.616084,2025-04-16 19:59:33.624571,0 days 00:00:19.008487,0.6147896749444762,0.8730396005589034,2,0.06826304330460142,0.12806280237376327,0.08181985066343549,0.07582216309282236,0.0711965864743461,0.07246238183716147,3.9714276159406994e-05,19,132,0.019582604690083095,0.25157981571616933,False,False,False,3.704256703788095e-06,COMPLETE
1165,0.4335463047027588,2025-04-16 19:59:34.001450,2025-04-16 19:59:56.775976,0 days 00:00:22.774526,0.7184319229794932,0.19328755138644865,2,0.058272108166713424,0.102395956599264,0.07217791359011795,0.08446306695554422,0.06470693218317652,0.09292962191378432,7.717158285423997e-05,25,127,0.03649537288243141,0.2608417015668353,False,False,False,1.397909001606498e-06,COMPLETE
1166,0.5859990596771241,2025-04-16 19:59:57.154671,2025-04-16 20:00:18.378431,0 days 00:00:21.223760,0.7432769688347649,0.9832790732950876,2,0.08289205575993204,0.2993717612181893,0.07011523146034548,0.08305085747634422,0.07356550267657186,0.05284322366655495,5.4588694819757475e-05,23,120,0.01219053071660944,0.27551934075226303,False,False,False,6.625266084274755e-06,COMPLETE
1167,0.5992039918899537,2025-04-16 20:00:18.757160,2025-04-16 20:00:41.191920,0 days 00:00:22.434760,0.6548984854604504,0.9031100203364969,2,0.07410614877745318,0.11167367324282773,0.0743837568036424,0.07759520472701954,0.08000889960142354,0.07853685589139282,4.400369853961591e-05,25,135,0.015125532641589546,0.26653122325288864,False,False,False,2.6561557503587132e-06,COMPLETE
1168,0.45517600774765016,2025-04-16 20:00:41.570196,2025-04-16 20:01:04.701197,0 days 00:00:23.131001,0.633897836144988,0.9384802079425549,2,0.06691366311140992,0.07712260641001692,0.08034195146373395,0.07985177417852779,0.0725430900382827,0.08709362812011531,2.9905399199807565e-05,26,141,0.02324696998387246,0.24660628167596668,False,False,False,4.735035679816243e-06,COMPLETE
1169,0.571441376209259,2025-04-16 20:01:05.078105,2025-04-16 20:01:27.030032,0 days 00:00:21.951927,0.692028211330605,0.8255065692388617,2,0.1003742621092159,0.12303821523302606,0.07694717530828783,0.0820769828788244,0.06955432622551072,0.08381278122874744,6.766872289520232e-05,24,124,0.017751419476533,0.25728845510915,False,False,False,3.0331554732683957e-06,COMPLETE
1170,0.4113989114761353,2025-04-16 20:01:27.407134,2025-04-16 20:01:48.381204,0 days 00:00:20.974070,0.6690014546387436,0.8629729593202028,2,0.2088679862246754,0.09846929578854159,0.07523488045863788,0.08594999047185907,0.07651293297069688,0.0911968010213937,3.8831289311944005e-05,22,130,0.014260574009742503,0.2826895139836013,True,False,False,4.01997730001676e-06,COMPLETE
1171,0.6001773595809937,2025-04-16 20:01:48.761344,2025-04-16 20:02:10.706078,0 days 00:00:21.944734,0.5566594421783984,0.9182568947766998,2,0.08623935788476476,0.10619429975881112,0.07908475677158064,0.08255267867001141,0.06711354472471007,0.0893826885877843,5.1896299090762715e-05,24,133,0.020780804724797715,0.2526394381679319,False,False,False,2.171950725959548e-06,COMPLETE
1172,0.5785357832908631,2025-04-16 20:02:11.092026,2025-04-16 20:02:28.096563,0 days 00:00:17.004537,0.589469277077739,0.9631089506103375,2,0.06252329285717663,0.08684313157473919,0.07283755382811208,0.0797323535678439,0.07468461831988257,0.0956146994422644,6.10662861570624e-05,16,137,0.011659448545350417,0.2710767158461177,False,False,False,6.210166908237874e-06,COMPLETE
1173,0.5826912760734558,2025-04-16 20:02:28.477268,2025-04-16 20:02:51.062352,0 days 00:00:22.585084,0.6554323724371677,0.8929455238195725,2,0.07797235885878981,0.28546133895154296,0.08197579206175365,0.08754979855302047,0.07094666036066231,0.07416909926368562,4.573548962958703e-05,25,127,0.016917172367303737,0.26254118054712505,False,False,False,5.106925430300193e-06,COMPLETE
1174,0.5421629548072815,2025-04-16 20:02:51.444113,2025-04-16 20:03:14.638946,0 days 00:00:23.194833,0.7070265594399547,0.8110216339199159,2,0.07132859984428981,0.1129354430226292,0.06996438499613504,0.07381386676691534,0.07695150873677292,0.08042182435097622,3.66471175656757e-05,26,129,0.018826933687959686,0.2447617000041461,False,False,False,3.378605859223601e-06,COMPLETE
1175,0.5641350865364074,2025-04-16 20:03:15.020570,2025-04-16 20:03:37.445839,0 days 00:00:22.425269,0.6159204802780323,0.8458425084939396,2,0.08233780527264185,0.26652683141952044,0.0775064430054269,0.08404466923441797,0.08359009088678115,0.09357959194753468,7.492459380965065e-05,25,123,0.014152820605437932,0.2573734640744597,False,False,False,1.8768579844016065e-06,COMPLETE
1176,0.6016396641731263,2025-04-16 20:03:37.826769,2025-04-16 20:03:58.495542,0 days 00:00:20.668773,0.6385485969599758,0.9427685082341852,2,0.05963927537533455,0.0928097243038433,0.07401009956121897,0.07764440780218748,0.07943499276146783,0.08670821308864515,5.57018951616483e-05,22,132,0.01602585878553667,0.25056621099631204,False,False,False,2.3805741048840277e-06,COMPLETE
1177,0.5939787387847901,2025-04-16 20:03:58.875030,2025-04-16 20:04:20.907850,0 days 00:00:22.032820,0.6802730247824772,0.9822921170087011,2,0.09148170335486551,0.11586362195894846,0.07168760107226764,0.016848131642957037,0.07270468982221359,0.08252932243975207,4.432080941952393e-05,24,126,0.01172340682745414,0.266594547644015,False,False,False,1.086577894392661e-05,COMPLETE
1178,0.10179843455553055,2025-04-16 20:04:21.290937,2025-04-16 20:04:41.190329,0 days 00:00:19.899392,0.7289657699937289,0.8818802431687189,2,0.0738418291529736,0.02775711387091377,0.08378622339486393,0.09680386578872552,0.06888751364081476,0.0787633667876741,3.222687057109468e-05,25,135,0.019499502998075405,0.27575614976135626,False,False,True,4.257546897241816e-06,COMPLETE
1179,0.39743511676788335,2025-04-16 20:04:41.570314,2025-04-16 20:05:04.740515,0 days 00:00:23.170201,0.6040508740810355,0.9995046241365064,2,0.251123466033502,0.09907725029574584,0.07638087049548531,0.08003945982564774,0.0745760739658192,0.07612328583033891,2.0098630939375852e-05,26,130,0.021274103384409302,0.2606145712823569,False,False,False,1.6006390912476685e-07,COMPLETE
1180,0.11911018639802934,2025-04-16 20:05:05.123923,2025-04-16 20:05:18.270549,0 days 00:00:13.146626,0.6514372804310405,0.925116677166414,2,0.06530459311667106,0.1080362429787509,0.07957336880758978,0.08134961272506644,0.06495350699248238,0.07107878719677842,6.439129201311611e-05,12,139,0.06849338272515515,0.2872747355490953,False,True,False,7.839944758089627e-06,COMPLETE
1181,0.5830328702926636,2025-04-16 20:05:18.657589,2025-04-16 20:05:41.657931,0 days 00:00:23.000342,0.6985856093068651,0.8672577281738244,2,0.07761559630618427,0.12370513444607849,0.07464628925697382,0.08969760531824227,0.0618484007859793,0.09008023745554444,4.947446429226077e-05,26,119,0.016776472731733424,0.24362659465555112,False,False,False,2.886370158504674e-06,COMPLETE
1182,0.5786448001861573,2025-04-16 20:05:42.040725,2025-04-16 20:06:03.297190,0 days 00:00:21.256465,0.6308972506987974,0.8399159525850386,2,0.0519876147122817,0.13928362948241513,0.07258299472233135,0.09310997685069633,0.07088939178258293,0.09673299895198939,3.918026911344647e-05,23,133,0.014217091424422712,0.2530166126618218,False,False,False,3.450104462636522e-06,COMPLETE
