number,value,datetime_start,datetime_complete,duration,params_alpha-eval,params_alpha-train,params_batch-size,params_eps-eval,params_eps-train,params_lambda-actions-eval,params_lambda-actions-train,params_lambda-frames-eval,params_lambda-frames-train,params_learning-rate,params_n-epochs,params_n-frames,params_radius-gw,params_rho,params_std-feats,params_ub-actions,params_ub-frames,params_weight-decay,state
0,0.20176885426044466,2025-04-16 14:42:57.811623,2025-04-16 14:43:04.339561,0 days 00:00:06.527938,0.44362232712148475,0.7336200657063069,16,0.20470739070903285,0.017183480396539972,0.06749189982438003,0.035704994424763284,0.08050870745209804,0.03986697205557363,1.0244806407504527e-05,6,53,0.08774935663667682,0.2902354788670691,True,True,False,9.303026305711459e-07,COMPLETE
1,0.4103729128837586,2025-04-16 14:43:04.344889,2025-04-16 14:43:24.933955,0 days 00:00:20.589066,0.4045057170873303,0.5066948829473406,2,0.09086714958159918,0.06465171251269362,0.07156247741390755,0.09131926987282012,0.09433873160591164,0.09297788929817029,0.05835087057142904,27,31,0.05517668105216892,0.2830111238005037,True,True,False,2.3996127295334137e-08,COMPLETE
2,0.15879461467266082,2025-04-16 14:43:24.937868,2025-04-16 14:43:41.835387,0 days 00:00:16.897519,0.09846013995147385,0.7460536306783924,2,0.11749366715550459,0.04350662341219487,0.00989760881148067,0.06461916092026435,0.03100362292000172,0.06706118155913456,0.028353360538391763,20,30,0.048770042638378426,0.04396947991441143,False,True,False,6.3048390602427164e-06,COMPLETE
3,0.4040208101272583,2025-04-16 14:43:41.839402,2025-04-16 14:43:52.575845,0 days 00:00:10.736443,0.6658723023351539,0.7767270383044642,8,0.178348716609328,0.26784224909397175,0.08383979639976351,0.024377772705787348,0.09156198374370154,0.05998125468761875,0.005332431297637948,27,59,0.07803041115196989,0.16314581368737086,False,False,False,5.152934970127659e-07,COMPLETE
4,0.3264673054218292,2025-04-16 14:43:52.580274,2025-04-16 14:44:09.672213,0 days 00:00:17.091939,0.6833828240628551,0.8821607133628514,2,0.18860652891735025,0.2105442733962531,0.030714361292784865,0.010820457656668673,0.019895249665609575,0.06086060980660947,6.422092588416494e-05,16,8,0.014362604858605653,0.27877021837485494,True,False,False,3.52278396084414e-05,COMPLETE
5,0.24493635892868043,2025-04-16 14:44:09.676720,2025-04-16 14:44:19.340047,0 days 00:00:09.663327,0.6377926565667092,0.23750202421432862,8,0.10145594870944444,0.05734898008126272,0.07362044781428324,0.004903387735698695,0.06586025316947364,0.09908474482915172,0.05768760433955692,18,150,0.05845835114100255,0.23739711982218487,True,False,False,0.0004415412477115893,COMPLETE
6,0.09215089827775956,2025-04-16 14:44:19.345008,2025-04-16 14:44:34.897527,0 days 00:00:15.552519,0.3690437814990501,0.882342890725762,2,0.25692570037137447,0.030697348232913403,0.047060411969295585,0.07013224588831757,0.08765614530101264,0.03216110202971251,0.00045274173740706336,17,99,0.06089755279027878,0.24463989260651917,False,True,True,1.1042082803890928e-06,COMPLETE
7,0.1452004611492157,2025-04-16 14:44:34.902978,2025-04-16 14:44:45.135369,0 days 00:00:10.232391,0.022198503392164608,0.5981727822183426,8,0.12773487065427172,0.13169735604401975,0.019202494202664278,0.05010031853047839,0.043230236679451,0.035667637454702646,0.008353639251557141,30,73,0.011838209139677792,0.26845070675021043,False,True,False,2.007266240730344e-05,COMPLETE
8,0.34341198801994327,2025-04-16 14:44:45.141485,2025-04-16 14:44:54.513521,0 days 00:00:09.372036,0.9821929071758996,0.9536319805219858,8,0.05000719200657657,0.19729603408155236,0.03274432240044237,0.0526882697184852,0.05792602707441532,0.049247810043582044,0.0005097151019462788,22,67,0.08787346199159408,0.18294006453093117,True,True,True,1.3655795723985918e-08,COMPLETE
9,0.09215089827775956,2025-04-16 14:44:54.519717,2025-04-16 14:45:05.732283,0 days 00:00:11.212566,0.04312555821624312,0.9325843457644907,2,0.258161568024689,0.1581758207182391,0.0982231198666152,0.09458135286723941,0.008062221352130998,0.07346966916219032,0.008441522842620782,9,64,0.09030197476507959,0.11344783039086932,False,True,True,1.8447112492681074e-08,COMPLETE
10,0.3597403407096863,2025-04-16 14:45:05.738861,2025-04-16 14:45:14.229996,0 days 00:00:08.491135,0.26933058151135175,0.2745082136149708,16,0.005565568516485181,0.09979790998422833,0.05654233727299839,0.09805637579242693,0.09994491529295482,0.008689352593046443,0.0018250513665507705,25,108,0.032875851216439184,0.006959836587545121,True,False,True,1.5865215647796152e-07,COMPLETE
11,0.39308115839958196,2025-04-16 14:45:14.236955,2025-04-16 14:45:25.575756,0 days 00:00:11.338801,0.6596656615868108,0.014069363056995576,8,0.06920269362492175,0.2990004021650582,0.091162434991515,0.023331550699589334,0.0779717637926771,0.09236060659636151,0.008610697960627245,30,34,0.071414811375992,0.161598219831336,False,False,False,1.579688980558034e-07,COMPLETE
12,0.3806749522686005,2025-04-16 14:45:25.583060,2025-04-16 14:45:48.487557,0 days 00:00:22.904497,0.9111858454228912,0.4548801489021708,2,0.16919383499597845,0.2970995773738739,0.0802410562425135,0.07801119893396963,0.09244131156420232,0.07981539335172846,0.09525516650549858,25,6,0.04115703666268286,0.10535817477146264,True,False,False,7.608318003459759e-08,COMPLETE
13,0.4110999822616578,2025-04-16 14:45:48.495314,2025-04-16 14:45:59.132258,0 days 00:00:10.636944,0.5644403570524863,0.5017681487988784,8,0.2950200526466582,0.2440032216711417,0.08569149266746294,0.033057919962489815,0.06970897142028884,0.0869637335023824,0.0020892123307474997,26,37,0.07168219636197061,0.2173560241887899,False,False,False,1.0565921203338032e-06,COMPLETE
14,0.1879121154546738,2025-04-16 14:45:59.140310,2025-04-16 14:46:07.123206,0 days 00:00:07.982896,0.27740153639476584,0.4706562389866602,16,0.29169499488395756,0.22387822297183116,0.06021160918160624,0.04111677079302401,0.06941108471490327,0.0847333651721542,0.00011716444385069954,22,32,0.06523615684418829,0.21748967741747127,True,True,False,0.00021089577781536803,COMPLETE
15,0.44257310628890995,2025-04-16 14:46:07.131190,2025-04-16 14:46:15.866321,0 days 00:00:08.735131,0.5152135018290065,0.5696768630601046,8,0.22867965967860587,0.09548911166762183,0.04496626756695552,0.07839401122368048,0.04780785763104814,0.09987245350202523,0.0020826416005415736,14,45,0.030668393207889957,0.20295504337448406,False,False,False,6.574579583352299e-08,COMPLETE
16,0.43588215112686163,2025-04-16 14:46:15.874401,2025-04-16 14:46:24.414306,0 days 00:00:08.539905,0.8206788515273651,0.3006232095020638,8,0.22769727546219687,0.114839995946904,0.04478617207966602,0.05845349578066114,0.04784413093665188,0.08388582078599682,0.001107713864141577,13,100,0.02793422717406032,0.20456958123445773,False,False,False,4.4821003836934185e-06,COMPLETE
17,0.4540191769599915,2025-04-16 14:46:24.422862,2025-04-16 14:46:32.804185,0 days 00:00:08.381323,0.820355291451816,0.27143833412298835,8,0.21739689513570165,0.10086911125141781,0.042525351347938056,0.07887720867512528,0.0454603901811196,0.0750641906454014,0.00014571179462724684,12,95,0.025923400497553838,0.11972323854856351,False,False,False,4.49515127817576e-06,COMPLETE
18,0.10055154263973237,2025-04-16 14:46:32.812821,2025-04-16 14:46:40.580353,0 days 00:00:07.767532,0.8211969785282383,0.11605873337414052,8,0.2265261711864708,0.08925064400426223,0.03442972884064784,0.07925844759045013,0.03463438308722103,0.09939887484344416,0.00010816342053666911,12,125,0.002239161392469869,0.11346568798265283,False,False,True,5.973694924983359e-05,COMPLETE
19,0.3743149399757385,2025-04-16 14:46:40.589616,2025-04-16 14:46:49.127006,0 days 00:00:08.537390,0.816370124555701,0.36698822773334805,8,0.1496288174332465,0.16421703298907248,0.02056175929871119,0.08283080131256225,0.05741374632316269,0.07492527140412275,2.4308258353617164e-05,13,86,0.021846092237782604,0.07098507589899009,False,False,False,6.811457990635142e-06,COMPLETE
20,0.481298828125,2025-04-16 14:46:49.136240,2025-04-16 14:46:57.004240,0 days 00:00:07.868000,0.534098334407827,0.6191321074118799,8,0.21859136087518033,0.08010372950276992,0.04144734495117137,0.06895187008347942,0.036780386318600304,0.014477810496201587,0.0002639153440074365,9,123,0.04115537110938071,0.12404069940716958,False,False,False,6.190998285266241e-08,COMPLETE
21,0.31835779547691345,2025-04-16 14:46:57.013907,2025-04-16 14:47:04.728061,0 days 00:00:07.714154,0.5133679243746081,0.6091444965058358,8,0.23635335471538566,0.07526651968707089,0.04212134974004933,0.0695371800292278,0.0338031882048081,0.005948469822577615,0.0002496260254595147,8,127,0.03812750144278436,0.12386833792292604,False,False,False,6.044100145078084e-08,COMPLETE
22,0.453403127193451,2025-04-16 14:47:04.738077,2025-04-16 14:47:12.699718,0 days 00:00:07.961641,0.5763414518314306,0.6180385492714607,8,0.20482754598640301,0.1257617499947131,0.054943304359130626,0.08639808551693523,0.02216819545939021,0.019532055508000624,0.0003483157190581759,10,121,0.04575999136818615,0.1427095601407013,False,False,False,3.0678460486366796e-07,COMPLETE
23,0.09215089827775956,2025-04-16 14:47:12.709963,2025-04-16 14:47:20.655469,0 days 00:00:07.945506,0.7439019366007267,0.6731551467963173,8,0.2030575848722779,0.0011003937202082592,0.05634267133729946,0.08704744267988036,0.015566557669263504,0.01886726892619318,0.00024973966302617163,10,126,0.044370778816423484,0.07657458873837927,False,False,False,4.0555411698670363e-07,COMPLETE
24,0.38743718266487126,2025-04-16 14:47:20.666128,2025-04-16 14:47:27.871622,0 days 00:00:07.205494,0.5852923166202001,0.3695679887334663,8,0.15621779738628652,0.1273681897060457,0.03766572655186751,0.07009970901465896,0.024475236165379017,0.02129879535565575,5.448523840244232e-05,5,114,0.04975445265628395,0.13950357378248252,False,False,False,2.283015092522286e-06,COMPLETE
25,0.49238384962081916,2025-04-16 14:47:27.882574,2025-04-16 14:47:35.345191,0 days 00:00:07.462617,0.909670715715385,0.6682781397930004,16,0.2508117833296587,0.18015913873293776,0.023649855038650965,0.061054491485664567,0.004790213543285994,0.017366730163484813,0.0004306855307949204,11,150,0.02319275026826188,0.07536904647595902,False,False,False,3.2796697533966045e-07,COMPLETE
26,0.17276530265808104,2025-04-16 14:47:35.356200,2025-04-16 14:47:42.023255,0 days 00:00:06.667055,0.9966558952505679,0.16584558099713814,16,0.2621440657363107,0.1791281943477454,0.023681644068686798,0.05929819479088648,0.006182963575378619,0.02729705172920119,0.0007950951699264832,7,148,0.01819158430135623,0.06579609106214118,False,False,True,1.7546943450458614e-06,COMPLETE
27,0.2457878291606903,2025-04-16 14:47:42.034732,2025-04-16 14:47:49.415412,0 days 00:00:07.380680,0.9139649310962104,0.39506748848941087,16,0.27121133064440744,0.14576285879372386,0.001336172692801351,0.04654410028569408,0.03978014733468383,0.04491250900962862,0.00013589427359616285,11,86,0.003949432322961952,0.018003877607389723,False,False,False,1.1799587221391377e-05,COMPLETE
28,0.3933521509170532,2025-04-16 14:47:49.427057,2025-04-16 14:47:57.533569,0 days 00:00:08.106512,0.7624578474160331,0.797121691087391,16,0.2802838739006435,0.1824380385179886,0.02721974951688844,0.05743148493468521,0.05548761409610296,0.010389850219033379,3.32470177355679e-05,15,139,0.02152028614868174,0.09304432992978803,False,False,False,1.4726402381083266e-07,COMPLETE
29,0.2781417667865753,2025-04-16 14:47:57.547652,2025-04-16 14:48:04.801872,0 days 00:00:07.254220,0.9164339443180615,0.6985231947069386,16,0.2012433070256296,0.08026291169229084,0.010537547255408536,0.06577399688229905,0.01158637566850108,0.0024220761886885305,2.3087986149803806e-05,6,138,0.03465820473048865,0.0407221939598511,False,False,False,3.932834311973685e-08,COMPLETE
30,0.3719618082046509,2025-04-16 14:48:04.814825,2025-04-16 14:48:11.957856,0 days 00:00:07.143031,0.8725737322959983,0.8309011453301409,16,0.2435149694230286,0.040338813684211466,0.014316042435961141,0.07384161104263272,0.0019944181662569227,0.03976455342915558,0.00017336909438731083,8,140,0.026093705988079703,0.0905676571840701,False,False,False,5.588542975524152e-07,COMPLETE
31,0.49534523487091064,2025-04-16 14:48:11.971166,2025-04-16 14:48:20.050234,0 days 00:00:08.079068,0.4379504790019826,0.6557402769321868,8,0.21452543671649119,0.122857388918,0.0520225158470878,0.08692391151514318,0.025581712531222253,0.01463364047979572,0.0003712175714622265,10,114,0.040767200203053355,0.1419985493831881,False,False,False,2.551295096098e-07,COMPLETE
32,0.43064707517623907,2025-04-16 14:48:20.063304,2025-04-16 14:48:28.472491,0 days 00:00:08.409187,0.4283239066615167,0.689137974557519,8,0.2097306710009772,0.10781081917083218,0.06662310382707519,0.08922880302777747,0.027080701230967695,0.01392072587504626,0.0006151488586121215,12,100,0.03969484026190694,0.13581253434234897,False,False,False,2.421887967758307e-07,COMPLETE
33,0.37376471757888796,2025-04-16 14:48:28.486368,2025-04-16 14:48:35.889133,0 days 00:00:07.402765,0.37352201179726385,0.5519624085102277,16,0.24610163661177928,0.14422802018980124,0.039662531018475854,0.07544844184599041,0.03972575949663151,0.02621616028461549,1.1911184451382372e-05,10,86,0.054299924910449666,0.17444783170385675,False,False,False,2.760198776737455e-08,COMPLETE
34,0.3421272993087769,2025-04-16 14:48:35.903106,2025-04-16 14:48:43.406143,0 days 00:00:07.503037,0.29845906386119425,0.6683203878134071,8,0.2169138533225263,0.06027169362993245,0.04943482478756513,0.06486908549070307,0.016529312425538626,0.05646336225788229,6.996062079752377e-05,7,115,0.009658801081191945,0.0552636498467748,False,False,False,2.896048520941631e-06,COMPLETE
35,0.5169776439666749,2025-04-16 14:48:43.422505,2025-04-16 14:48:52.360374,0 days 00:00:08.937869,0.7228612400060208,0.5344979410258233,8,0.18634873654775125,0.1698785431079634,0.06360373058221129,0.08371583631030162,0.030791232070850286,0.01606705835182512,0.0002810192779434244,15,133,0.023726249755045944,0.0886208997109724,False,False,False,1.1074939232451161e-07,COMPLETE
36,0.47577679157257086,2025-04-16 14:48:52.375756,2025-04-16 14:49:00.650862,0 days 00:00:08.275106,0.45963438032571646,0.7435243904196835,16,0.18282310819591707,0.17612219817981836,0.06517036375759203,0.09820171275786196,0.03183691829113314,0.015145806268688285,0.0011137980519255594,19,133,0.01650648678195009,0.08968826651504101,False,False,False,1.0558356174953103e-07,COMPLETE
37,0.1253490686416626,2025-04-16 14:49:00.665476,2025-04-16 14:49:15.246507,0 days 00:00:14.581031,0.7230430538564203,0.5381389815571554,2,0.13341792797527519,0.2048297280694857,0.07381865133425236,0.09132850740170874,0.027454387611958994,0.02799427023486581,0.00029226920746167897,15,150,0.035834483010485946,0.15334225818586483,False,True,False,4.6513862363895874e-08,COMPLETE
38,0.37580961585044864,2025-04-16 14:49:15.261368,2025-04-16 14:49:24.646328,0 days 00:00:09.384960,0.7006237426498305,0.637720097766458,8,0.19255956516637637,0.23961762706680279,0.061892262979627674,0.06278109924244572,0.017543052322481482,0.0018370186888575345,0.0014754679832425922,17,134,0.09865162498438701,0.03092323759998112,True,False,False,6.714084307553913e-07,COMPLETE
39,0.09790935665369034,2025-04-16 14:49:24.662481,2025-04-16 14:49:32.806108,0 days 00:00:08.143627,0.6212585426440462,0.8016283651674998,8,0.16544801797192643,0.14096569207492582,0.028132026980847935,0.0845854643907681,0.0016298197335212622,0.014033495916922469,0.003130278596658592,15,113,0.05337322725726394,0.0558003780092001,False,False,True,2.5057164042130425e-07,COMPLETE
40,0.1181610718369484,2025-04-16 14:49:32.821665,2025-04-16 14:49:44.177634,0 days 00:00:11.355969,0.1297881922491294,0.4314183103447118,2,0.14322141974009014,0.16166582120782694,0.052350302503682604,0.05269407958994746,0.037739196371564594,0.0344557403427739,0.0005833192293499061,9,143,0.009253610081987168,0.08290938546750093,False,True,False,1.231664097988274e-08,COMPLETE
41,0.4902366161346436,2025-04-16 14:49:44.193396,2025-04-16 14:49:52.442649,0 days 00:00:08.249253,0.4618685765908339,0.7338799678164897,16,0.1827970651444656,0.17489163661214216,0.0669390685244756,0.09739504441471239,0.030468057350601076,0.01703227172988757,0.0008637074938729143,19,132,0.016767048116514645,0.09714029085792748,False,False,False,9.048234240724738e-08,COMPLETE
42,0.5264338970184327,2025-04-16 14:49:52.458547,2025-04-16 14:50:00.837506,0 days 00:00:08.378959,0.48132034729561723,0.7372685721129304,16,0.17849886844481347,0.1857896891428893,0.07229630497469935,0.09194882908986843,0.02876939966239997,0.022476788204789686,0.0004649342854219565,20,132,0.02101885650059893,0.10168245957746251,False,False,False,2.4482579203866235e-08,COMPLETE
43,0.5234575986862182,2025-04-16 14:50:00.854412,2025-04-16 14:50:09.433069,0 days 00:00:08.578657,0.448322517189616,0.8750109797115446,16,0.18335145456446592,0.1938391762349316,0.07088033741624553,0.0937012653856194,0.028514592793310926,0.022254823153174133,0.0004660930770891808,22,130,0.018732395827846852,0.10076992249352834,False,False,False,1.9925351076357053e-08,COMPLETE
44,0.3032490432262421,2025-04-16 14:50:09.450261,2025-04-16 14:50:18.347791,0 days 00:00:08.897530,0.32381410336190874,0.9859933032146413,16,0.1119398034545347,0.1912836586265346,0.0766135690001922,0.09362025116202083,0.021865286013154454,0.0232067640475129,0.0004766785827061171,22,145,0.02074667580341759,0.10785393589538968,True,False,False,1.0205038420735247e-08,COMPLETE
45,0.435348653793335,2025-04-16 14:50:18.365335,2025-04-16 14:50:26.781548,0 days 00:00:08.416213,0.4770239363241841,0.8626061552756463,16,0.1645243888432158,0.2292798705647044,0.07082203658809463,0.09171196223462459,0.012613644792857707,0.03019511187788474,0.0030738890323478807,21,108,0.012816551432366003,0.054196990897144054,False,False,False,3.062377953021362e-08,COMPLETE
46,0.09215089827775956,2025-04-16 14:50:26.799639,2025-04-16 14:50:34.606921,0 days 00:00:07.807282,0.38858824457973057,0.8906495258288525,16,0.19228198242956712,0.21433124210105586,0.08143760984096993,0.08274057541668686,0.007858980511361479,0.03870061298279755,0.00038394131862672386,23,21,0.03120645140915322,0.13151137290611206,False,True,True,1.7571034516643405e-08,COMPLETE
47,0.33931543827056887,2025-04-16 14:50:34.624892,2025-04-16 14:50:43.707059,0 days 00:00:09.082167,0.346514275881829,0.7646783756281559,16,0.1737554554123164,0.1929471480799339,0.09020594551379342,0.09942834622764715,0.027363775430590053,0.008649516329829765,0.00018507927910513852,24,131,0.007563749921342958,0.09975602325424088,True,False,False,2.2874500517991694e-08,COMPLETE
48,0.3571358382701874,2025-04-16 14:50:43.724966,2025-04-16 14:50:51.854585,0 days 00:00:08.129619,0.6403632838951746,0.5119460369937864,16,0.19266006578722816,0.25292774620948866,0.06013653364197685,0.0944918366922303,0.019366185507959304,0.023663577968023968,8.533765362619746e-05,17,108,0.0251356802304326,0.29560448769874836,False,False,False,1.2773492535422287e-07,COMPLETE
49,0.42633602619171146,2025-04-16 14:50:51.873642,2025-04-16 14:51:00.098923,0 days 00:00:08.225281,0.2519507931537693,0.8521768644397356,16,0.24726026457019942,0.1545323508946218,0.07115104537327499,0.019230626107426964,0.041473922203707554,0.04419066228709909,0.029272796391365537,19,121,0.028725761615732565,0.15334599208145355,False,False,False,2.1142988986806737e-07,COMPLETE
50,0.3146196246147156,2025-04-16 14:51:00.117686,2025-04-16 14:51:21.742650,0 days 00:00:21.624964,0.2165089536355219,0.579960047831685,2,0.12401511466790305,0.20262703901597146,0.07700829983736603,0.08862501542920198,0.05382997266939819,0.032448417383798424,0.0006706632171236567,28,118,0.023084678122718336,0.17255564486561228,False,True,True,8.367148519530079e-07,COMPLETE
51,0.46179251670837407,2025-04-16 14:51:21.761831,2025-04-16 14:51:30.061851,0 days 00:00:08.300020,0.42770868244031685,0.7165188942171349,16,0.18020711373908996,0.1679758871633332,0.06328316351646254,0.09550262219102425,0.030249318416776385,0.01688819984700497,0.0009152272779379903,20,133,0.015420153168950432,0.0795651210616984,False,False,False,3.6700046322655495e-08,COMPLETE
52,0.5195849061012268,2025-04-16 14:51:30.082450,2025-04-16 14:51:38.324825,0 days 00:00:08.242375,0.4644352798773626,0.7565369791893332,16,0.15256856608919844,0.21591998938197238,0.06934823981399384,0.09965163196716856,0.02475616924464454,0.010067943596304989,0.0004256921364286781,18,129,0.01830110149913826,0.06427351445225665,False,False,False,1.0519594946700807e-07,COMPLETE
53,0.522531533241272,2025-04-16 14:51:38.344239,2025-04-16 14:51:46.297291,0 days 00:00:07.953052,0.535373220189642,0.8122305289979093,16,0.14075052567465468,0.21782374828568296,0.06979714105912446,0.08216607916867301,0.023964260358651727,0.009333015119866133,0.0002147760989632029,16,144,0.018118325280414176,0.041086101590752225,False,False,False,4.0262389596978336e-07,COMPLETE
54,0.27504759430885317,2025-04-16 14:51:46.318254,2025-04-16 14:51:54.472800,0 days 00:00:08.154546,0.4823275750426888,0.9225086435845344,16,0.0844722570908189,0.2782704045340185,0.08662511642650467,0.0813549150487709,0.02396266571979748,0.010094590457649842,0.00018060090138720828,18,141,0.004526595715466928,0.023002486510125222,False,False,False,1.7466500635301957e-08,COMPLETE
55,0.4858742952346802,2025-04-16 14:51:54.492991,2025-04-16 14:52:02.452378,0 days 00:00:07.959387,0.5510735542895122,0.815069646343052,16,0.1415973054623601,0.21769175638010838,0.07017403492100026,0.08930406614089804,0.013319453519996907,0.0064612835427842975,0.00035407952170038107,16,129,0.013177350405893067,0.04631851667079903,False,False,False,1.2468890812645152e-06,COMPLETE
