number,value,datetime_start,datetime_complete,duration,params_alpha-eval,params_alpha-train,params_batch-size,params_eps-eval,params_eps-train,params_lambda-actions-eval,params_lambda-actions-train,params_lambda-frames-eval,params_lambda-frames-train,params_learning-rate,params_n-epochs,params_n-frames,params_radius-gw,params_rho,params_std-feats,params_ub-actions,params_ub-frames,params_weight-decay,state
1296,0.4445952117443085,2025-04-09 14:17:13.229654,2025-04-09 14:17:21.326681,0 days 00:00:08.097027,0.31105896098504693,0.12433443740475575,16,0.10190870022618197,0.028286674892719858,0.046437340299747255,0.052492615549733106,0.029998930738974056,0.005343718414591036,0.0269349771355407,25,55,0.022837493415032037,0.2311559759559681,False,False,True,0.00019953791096109883,COMPLETE
1297,0.504798448085785,2025-04-09 14:17:21.751413,2025-04-09 14:17:29.931952,0 days 00:00:08.180539,0.30021076189559703,0.08707343967471282,16,0.09362792283395989,0.04240989921852686,0.05030271344898426,0.0969568139470935,0.022609675460408554,0.007511253196764745,0.06474248837009264,27,25,0.026419280407326454,0.2828900576001856,False,False,True,6.748779747051881e-07,COMPLETE
1298,0.5506662845611573,2025-04-09 14:17:30.355245,2025-04-09 14:17:38.326236,0 days 00:00:07.970991,0.27110901483424843,0.1560555580361576,16,0.08235633144999747,0.020594378862077753,0.05503108980264952,0.09368753158033308,0.027735156293294067,0.004142859210666797,0.04629278812384026,24,32,0.01930577493020609,0.29302344781133544,False,False,True,0.0002638396642614625,COMPLETE
1299,0.5097723007202148,2025-04-09 14:17:38.745641,2025-04-09 14:17:46.792834,0 days 00:00:08.047193,0.25710772087645767,0.11708375773728677,16,0.09807102313456073,0.033892746925596504,0.04670016377400757,0.09127752908118708,0.032006472022148985,0.002682028767178007,0.036199213765716706,25,19,0.028365285685096667,0.2940561258606624,False,False,True,0.00040711394071823184,COMPLETE
1300,0.5042747616767884,2025-04-09 14:17:47.218385,2025-04-09 14:17:55.963498,0 days 00:00:08.745113,0.32134240870834396,0.09869769356159788,16,0.03286208701343862,0.02701727878372829,0.0594083799451495,0.04337841112279894,0.02569194106079167,0.005549832590006217,0.05529851708997193,26,22,0.023412275054948584,0.28101330881011427,False,False,False,0.00016116908024744634,COMPLETE
1301,0.44184811115264894,2025-04-09 14:17:56.389451,2025-04-09 14:18:04.508621,0 days 00:00:08.119170,0.29958179618895026,0.13850066821384144,16,0.1044621593177921,0.04113165406625083,0.051046000958746264,0.09485648988797098,0.030248538965126758,0.0073051563110336296,0.07104309602826117,26,26,0.020881420815189424,0.28817740554258064,False,False,True,0.000198486820842581,COMPLETE
1302,0.4860066294670105,2025-04-09 14:18:04.929551,2025-04-09 14:18:12.995402,0 days 00:00:08.065851,0.26057469387606597,0.0813408566222746,16,0.09213201936301987,0.019885912510492383,0.06459251048463974,0.09727459149140555,0.022038030371314063,0.05270293844495756,0.043461331960594034,25,30,0.024797242496691768,0.12706223436132352,False,False,True,0.00030270672822125665,COMPLETE
1303,0.5162434935569763,2025-04-09 14:18:13.415509,2025-04-09 14:18:21.590796,0 days 00:00:08.175287,0.27901911302776844,0.10579283373066145,16,0.16110307951687275,0.03636256616948995,0.04469722648921101,0.0886269795177047,0.027643002142517772,0.00109642766040721,0.05785632473556713,25,37,0.026924626290929374,0.2999614533903,True,False,True,0.00023141778052836472,COMPLETE
1304,0.49280451536178593,2025-04-09 14:18:22.010091,2025-04-09 14:18:30.197049,0 days 00:00:08.186958,0.3404706669738731,0.16484568135545774,16,0.08205315774618588,0.027916009581462422,0.048238873120773705,0.09319069331430382,0.019939793559494365,0.004286519635100108,0.03165106109328495,27,17,0.030852691013574164,0.29078352337705815,False,False,True,0.00014804685334322498,COMPLETE
1305,0.4827112197875977,2025-04-09 14:18:30.614395,2025-04-09 14:18:38.563210,0 days 00:00:07.948815,0.2923019756177387,0.08382487593657445,16,0.09894655200987651,0.04266106706229117,0.04905878466839962,0.08951610091191536,0.025290671044786016,0.0010027267520037928,0.05003299864304353,24,34,0.03815447350644446,0.2841958287190906,False,False,True,0.000375666116966417,COMPLETE
1306,0.5913386225700379,2025-04-09 14:18:39.007548,2025-04-09 14:18:47.242803,0 days 00:00:08.235255,0.3207362712225328,0.1273430606623182,16,0.08677978945879163,0.032481767584212326,0.046043482325584376,0.095493656619552,0.03306641786826243,0.008503384752799131,0.037860748560232436,26,23,0.022931121860671023,0.14754587369962086,False,False,True,0.00026640394788528206,COMPLETE
1307,0.12737034857273102,2025-04-09 14:18:47.675696,2025-04-09 14:18:55.626047,0 days 00:00:07.950351,0.47263135019325336,0.10720806260369412,16,0.17541056126526797,0.023904278263988197,0.04287345518103378,0.0918078357535385,0.028740181765036565,0.006063516626158401,0.06360833533915292,25,28,0.02124684382377008,0.29508724546382137,False,False,True,0.00018886555974394423,COMPLETE
1308,0.09215089827775956,2025-04-09 14:18:56.054286,2025-04-09 14:19:03.961737,0 days 00:00:07.907451,0.2524959859486387,0.9219759145221518,16,0.09298247721433008,0.03701797431247365,0.0633534150712809,0.05879609871013836,0.0853032064676843,0.001005305553955295,0.04703833374961162,24,121,0.024600523725475255,0.18700587119323217,False,True,True,0.00046365834142633386,COMPLETE
1309,0.3882651150226593,2025-04-09 14:19:04.386321,2025-04-09 14:19:12.538038,0 days 00:00:08.151717,0.3619051482053353,0.18288942891832688,16,0.05293792606617195,0.04616264993592495,0.054609460664021295,0.09409367272256529,0.025861366981614176,0.003871244688895398,0.06611081083996756,26,24,0.01868817874328369,0.2891759075513022,False,False,True,0.0003152992734301612,COMPLETE
1310,0.4769376993179322,2025-04-09 14:19:12.964019,2025-04-09 14:19:20.995176,0 days 00:00:08.031157,0.2966906989023927,0.14691219453361226,16,0.10654574847373004,0.020263359251606324,0.05644014188144101,0.09709758237953908,0.029801853579592554,0.0029288965022400545,0.026097843074675445,25,20,0.02753251627143512,0.2815834025990671,False,False,True,0.00023863979672269275,COMPLETE
1311,0.4595474481582642,2025-04-09 14:19:21.421521,2025-04-09 14:19:41.246318,0 days 00:00:19.824797,0.26202439888520557,0.07863223081917949,2,0.07784587134816777,0.11297626300777859,0.05278590046824487,0.09032773496911026,0.023763092029791644,0.006651714168044177,0.04090361603617159,26,31,0.05834137744806591,0.29487815975141124,False,False,True,0.0001787990273389358,COMPLETE
1312,0.4309334576129914,2025-04-09 14:19:41.672053,2025-04-09 14:19:49.637868,0 days 00:00:07.965815,0.4233098117991847,0.13299765506354055,16,0.09875675371578121,0.032046018212128706,0.0485700746088058,0.0930070608456055,0.03264953685744472,0.010102780215664933,0.07774978969801177,24,42,0.025808228912773946,0.28886126337845924,False,False,True,0.0001520279246834126,COMPLETE
1313,0.10898315161466599,2025-04-09 14:19:50.063033,2025-04-09 14:19:58.216801,0 days 00:00:08.153768,0.2799679508949013,0.9014623145925282,16,0.15502860738609445,0.026786518826130763,0.05103390199442879,0.06846292266739748,0.026897575208493132,0.09933928633550909,0.018736824674561798,27,71,0.06639756445337443,0.20583645499896291,False,False,True,0.00022494477659087237,COMPLETE
1314,0.4690054774284363,2025-04-09 14:19:58.641761,2025-04-09 14:20:06.688412,0 days 00:00:08.046651,0.2495680345101991,0.11084964012760429,16,0.08771490553800722,0.04028272523970673,0.060636978109621875,0.09501063458554793,0.02105306973256326,0.00423840694437975,0.0546695336290345,25,27,0.0221937824972136,0.2945228977619567,False,False,True,0.00036860012222007305,COMPLETE
1315,0.5502412438392639,2025-04-09 14:20:07.129042,2025-04-09 14:20:15.221107,0 days 00:00:08.092065,0.32527265974983,0.08147752382956383,16,0.10358197725197196,0.019299389292417354,0.04298637806248648,0.09156044961623884,0.02849889948931183,0.007333372624490523,0.03177314798094773,25,25,0.01911145081682808,0.29994678947794406,False,False,True,0.0005250233952006348,COMPLETE
1316,0.11700844764709473,2025-04-09 14:20:15.651919,2025-04-09 14:20:23.687997,0 days 00:00:08.036078,0.30364168270856856,0.15419691108310196,16,0.09201163980924229,0.0468019723361361,0.04761627016037543,0.09673174010053065,0.023779783890738766,0.005384405777283962,0.052963810494196385,26,16,0.02979567047955424,0.0012834646257198767,False,False,True,0.0002930660337030028,COMPLETE
1317,0.33221259117126467,2025-04-09 14:20:24.114792,2025-04-09 14:20:32.228693,0 days 00:00:08.113901,0.2813717352516035,0.0960528551968004,16,0.1633394665911925,0.03182968478713594,0.04589416760114264,0.08887280245745667,0.030697110857536597,0.003089015677627229,0.07203436978214824,27,33,0.023772427411158262,0.2849381265115403,False,False,True,5.2735600074996206e-08,COMPLETE
1318,0.5629462122917175,2025-04-09 14:20:32.659846,2025-04-09 14:20:40.544960,0 days 00:00:07.885114,0.3577351577410413,0.12382893771273175,16,0.10788428974985391,0.0257536122896684,0.04390847196386254,0.09335227767920569,0.02653181068443322,0.011705378209506316,0.04238175556196556,24,11,0.027893017298725332,0.28036606149403825,False,False,True,0.00013947238976222157,COMPLETE
1319,0.5017537951469422,2025-04-09 14:20:40.970851,2025-04-09 14:20:49.772061,0 days 00:00:08.801210,0.24284523786526035,0.17156669892070248,16,0.08393476516559302,0.037370947373768164,0.05308868780570685,0.09470812094322335,0.08731704963873402,0.00854932273765638,0.057047551891504206,26,29,0.02068184482351493,0.21950547071064347,False,False,False,0.00019764552784863455,COMPLETE
1320,0.5066153764724731,2025-04-09 14:20:50.203677,2025-04-09 14:20:58.186388,0 days 00:00:07.982711,0.2668434933207081,0.08205841248962946,16,0.09623400485971895,0.041960705714799186,0.05815041137133817,0.09095219513278956,0.021995833332591037,0.0028983496515476927,0.03379802584288621,25,21,0.0263971407182915,0.293737659987091,False,False,True,0.00024327756057336938,COMPLETE
1321,0.339034366607666,2025-04-09 14:20:58.610301,2025-04-09 14:21:06.865439,0 days 00:00:08.255138,0.3073991293352728,0.4108927652924748,16,0.0747957484645067,0.018792305112324333,0.05104262488249998,0.09747444757249812,0.031080519493437566,0.005689131817511277,0.044802674612117496,25,36,0.022502039811485814,0.23551237146862905,True,False,True,0.00043689916764503347,COMPLETE
1322,0.5062141776084901,2025-04-09 14:21:07.292900,2025-04-09 14:21:15.397543,0 days 00:00:08.104643,0.3383562975107578,0.47172170000602914,16,0.10152021050619375,0.029668591130285492,0.04974908645173767,0.08914897894634186,0.08337919290232365,0.008905475380681059,0.022528490809432332,26,27,0.032573879039471086,0.2886010681450984,False,False,True,0.00032369456772965004,COMPLETE
1323,0.1392042338848114,2025-04-09 14:21:15.848312,2025-04-09 14:21:23.758882,0 days 00:00:07.910570,0.22970101334048992,0.14505276044494325,16,0.07879640763149888,0.17973417976827166,0.045806781659966496,0.09258365851219907,0.028560888948453246,0.001058039866385615,0.08443354906188036,24,24,0.024649734572157914,0.28004182410737993,False,False,True,0.0001511274684201982,COMPLETE
1324,0.37386928796768193,2025-04-09 14:21:24.192394,2025-04-09 14:21:32.251617,0 days 00:00:08.059223,0.29211713434607267,0.18909175184381083,16,0.09326184518995599,0.04778447489589566,0.057043510157055055,0.09559505126195784,0.02465627985774692,0.004599737293934905,0.06630454075601916,25,30,0.02920474939253022,0.17488126239242247,False,False,True,0.00019635988749663416,COMPLETE
1325,0.5260743260383607,2025-04-09 14:21:32.687452,2025-04-09 14:21:40.672777,0 days 00:00:07.985325,0.24767252942082368,0.10919234707459205,16,0.08720408810039802,0.03660614600359882,0.047093630277041845,0.0937486700198017,0.033366471269685206,0.006898607230539483,0.03830453366666124,24,21,0.01835945503284232,0.29999473465729437,False,False,True,0.0002619574247602751,COMPLETE
1326,0.47909957170486456,2025-04-09 14:21:41.103213,2025-04-09 14:21:49.296692,0 days 00:00:08.193479,0.2677133281014473,0.07796478905391119,16,0.10686839400656514,0.023480352144725693,0.0599557585264275,0.09717831177932831,0.02668839460104161,0.0025194755277023733,0.049423128325566466,26,39,0.025678679870052814,0.29455360066124564,False,False,True,0.0003633961505267669,COMPLETE
1327,0.18654910027980803,2025-04-09 14:21:49.728906,2025-04-09 14:22:10.418192,0 days 00:00:20.689286,0.3180284961090234,0.13669549146511126,2,0.081705957523314,0.031748024788978355,0.05348603812146884,0.09104026028792823,0.019641219660422586,0.0046587363171098056,0.06268942971373712,27,125,0.021950225760579617,0.19641924501365693,False,True,True,0.00017913457576309013,COMPLETE
1328,0.5218648314476013,2025-04-09 14:22:10.852172,2025-04-09 14:22:18.895553,0 days 00:00:08.043381,0.22459457761525056,0.09864072731023589,16,0.15671798004156418,0.018607135147586377,0.04908589546844638,0.09487562204650186,0.029320260240964992,0.010383547193364678,0.028365781491961957,25,26,0.020087624652741578,0.28650535341930394,False,False,True,0.0002890587389323387,COMPLETE
1329,0.37961808443069456,2025-04-09 14:22:19.322726,2025-04-09 14:22:27.524421,0 days 00:00:08.201695,0.2822641659903429,0.12010927843936503,16,0.06695397461272212,0.04248061889187052,0.04162097181514532,0.09262205614877524,0.031647715657827716,0.006798995291080684,0.07881829246452583,26,33,0.023378441987085857,0.2902533024276968,False,False,True,0.0005615122618884451,COMPLETE
1330,0.46851927042007446,2025-04-09 14:22:27.956929,2025-04-09 14:22:35.970400,0 days 00:00:08.013471,0.33088213674693795,0.07619522661412546,16,0.09928276051199868,0.025013636107865667,0.05043870394846776,0.09032077937996146,0.0816137650370737,0.01459811867779517,0.05293378545705333,25,17,0.02816306151869607,0.2855485337229422,False,False,True,0.00013988085349249098,COMPLETE
1331,0.41200895309448243,2025-04-09 14:22:36.403075,2025-04-09 14:22:44.371940,0 days 00:00:07.968865,0.37792316067163634,0.17248949604219593,16,0.04297904313928941,0.03590206040047288,0.04681176871103064,0.09574068953677921,0.02536391144005998,0.08075911089406207,0.03644034142978008,24,75,0.024961138073671195,0.29242523940176524,False,False,True,0.0002354615400971772,COMPLETE
1332,0.5655420303344727,2025-04-09 14:22:44.825293,2025-04-09 14:22:52.959758,0 days 00:00:08.134465,0.012302081364566474,0.1529586670573101,16,0.009759663681213206,0.046252385521068126,0.05485361715108188,0.0883113380838717,0.02751564060175477,0.0032538134183226447,0.044521981998042824,26,30,0.03053939164051927,0.2801066614546119,False,False,True,0.0004143521600569425,COMPLETE
1333,0.3939077734947205,2025-04-09 14:22:53.398058,2025-04-09 14:23:01.445028,0 days 00:00:08.046970,0.2541511370014339,0.10431015193604995,16,0.09186026083564446,0.028363443010140987,0.04567730170330723,0.09244050174176331,0.02297962899522697,0.005139848927785065,0.07333718933286593,25,23,0.019744717520036786,0.22631483161704324,False,False,True,0.00017959379948666464,COMPLETE
1334,0.5460004329681397,2025-04-09 14:23:01.884800,2025-04-09 14:23:09.790299,0 days 00:00:07.905499,0.2885803261736375,0.13211093012701258,16,0.17318022952385656,0.018860569876285444,0.044142173193898834,0.09408658080289944,0.03010648310985193,0.008543113660063707,0.09902423978777591,24,27,0.026845397543534343,0.16058393271517143,False,False,True,0.00022253455368714917,COMPLETE
1335,0.577870798110962,2025-04-09 14:23:10.226623,2025-04-09 14:23:18.389597,0 days 00:00:08.162974,0.3110933440395873,0.09459087619530876,16,0.10821802192810813,0.037292313110562296,0.07822427053348756,0.097717589861178,0.025036949588661882,0.0010279370585125935,0.05951012413469323,27,21,0.022381594954441867,0.2947818359540786,False,False,True,0.00030764529956071727,COMPLETE
1336,0.47710371017456055,2025-04-09 14:23:18.825317,2025-04-09 14:23:26.937184,0 days 00:00:08.111867,0.22768418152423237,0.07957507468845527,16,0.11425782166993656,0.030822645693050692,0.06243335746808714,0.08934031929817507,0.08508001016450514,0.0032119171765032225,0.04831343887498214,26,32,0.01766678155518875,0.2998337334243314,False,False,True,0.0001347685554505704,COMPLETE
1337,0.5216577768325806,2025-04-09 14:23:27.370212,2025-04-09 14:23:35.330553,0 days 00:00:07.960341,0.26315984271019693,0.07728741857424785,16,0.16472819648510403,0.041184171770338396,0.04838109750427031,0.09121085018720436,0.03325658073474759,0.0059840699397698035,0.03793831064246461,25,25,0.02454434552992032,0.28858964611757343,False,False,True,0.00021536290953892345,COMPLETE
1338,0.5049527287483215,2025-04-09 14:23:35.764676,2025-04-09 14:23:43.151837,0 days 00:00:07.387161,0.29712826952174404,0.11092815502231346,16,0.08627464697411,0.02388891443509074,0.05778696030771502,0.09529886583468229,0.020877247818644598,0.007670728617096429,0.060503154126557906,17,18,0.020653912006415802,0.2947117501166818,False,False,True,1.318335791259222e-07,COMPLETE
1339,0.5561944723129273,2025-04-09 14:23:43.605189,2025-04-09 14:23:51.802180,0 days 00:00:08.196991,0.35844662556109896,0.1320650447730926,16,0.07596829822155556,0.04959530898917784,0.05250315134013717,0.09303937600564299,0.028531548340460698,0.011666325666809356,0.030414254449234204,25,28,0.026973399504837802,0.2946561512607248,False,False,True,3.070989803280239e-07,COMPLETE
1340,0.36462536454200745,2025-04-09 14:23:52.240469,2025-04-09 14:24:01.169472,0 days 00:00:08.929003,0.27674058652643485,0.16049739365259616,16,0.09684603369916564,0.25430100169139763,0.05076048559831576,0.09777929024566169,0.03206930077062037,0.0028506144179227706,0.07266633240387733,26,35,0.024148516205192764,0.28518325251541565,True,False,False,0.00033383645295144876,COMPLETE
1341,0.5674424290657044,2025-04-09 14:24:01.609295,2025-04-09 14:24:09.570549,0 days 00:00:07.961254,0.24175998431461468,0.07144875919426116,16,0.10013286188660522,0.034287915273920486,0.0565897888703918,0.09572949601793666,0.08387122233390756,0.004275297967619568,0.044559822334941566,24,23,0.022345891308214804,0.28075835720644227,False,False,True,0.0001720409269374768,COMPLETE
1342,0.32642799615859985,2025-04-09 14:24:10.008957,2025-04-09 14:24:18.179685,0 days 00:00:08.170728,0.22526749828191692,0.9802412531121516,16,0.019250675025885705,0.026229240755138265,0.0446457200195683,0.0920284136266925,0.022932104941000633,0.005988349032631088,0.08486047884829986,27,14,0.015761724959456325,0.28952172587367064,False,False,True,0.00025690387867944155,COMPLETE
1343,0.47699496746063236,2025-04-09 14:24:18.617939,2025-04-09 14:24:38.619794,0 days 00:00:20.001855,0.3365438221903584,0.1937543753175164,2,0.1553471022113585,0.04259947307008674,0.05520094065834722,0.02509630069625118,0.027582305356256144,0.06753021972880444,0.05560509690837361,26,29,0.03346251161035976,0.29536357136350777,False,False,True,0.00045209731761862036,COMPLETE
1344,0.5023802280426026,2025-04-09 14:24:39.053396,2025-04-09 14:24:47.166833,0 days 00:00:08.113437,0.31163129074967505,0.12210101289152803,16,0.10439585675083146,0.019473999336628495,0.04778953810404358,0.08949335519462627,0.025380613221592303,0.008739618103552144,0.03577588823685416,25,19,0.029249766541210594,0.23399314113273065,False,False,True,0.0001458031605374836,COMPLETE
1345,0.3655091881752014,2025-04-09 14:24:47.601365,2025-04-09 14:24:55.657501,0 days 00:00:08.056136,0.25544162052664043,0.5672189905854272,16,0.08280722741508618,0.03194683632182574,0.04279483639462314,0.09386163135338838,0.030602277709131504,0.0010231580356825,1.987238659509506e-05,24,26,0.025975589528570667,0.29976875202667763,False,False,True,0.0002880429364115753,COMPLETE
1346,0.09215089827775956,2025-04-09 14:24:56.092655,2025-04-09 14:25:04.109851,0 days 00:00:08.017196,0.22187821590634624,0.863356815933481,16,0.08912714441238123,0.04642291123794836,0.049651045441962915,0.09674069935257958,0.08114043822589946,0.0049075004119433635,0.0666788323822092,26,32,0.01926568201372412,0.2779446540216735,False,True,True,0.00021361082447380914,COMPLETE
1347,0.4673964977264405,2025-04-09 14:25:04.565604,2025-04-09 14:25:12.662945,0 days 00:00:08.097341,0.28367203614790387,0.14537145010617994,16,0.11243110285614691,0.03836785338216884,0.05938577963162353,0.09110295563718805,0.023715234994325717,0.002994762739237211,0.04642334734885771,25,23,0.021525206541511546,0.28547381498771174,False,False,True,0.0003564817676426682,COMPLETE
1348,0.10775612741708755,2025-04-09 14:25:13.101905,2025-04-09 14:25:21.053766,0 days 00:00:07.951861,0.24330966036433155,0.09687368510228385,16,0.09436879979698415,0.15881272821053605,0.062100118289507886,0.08748528332176395,0.029140340098772893,0.009538460767867333,0.0526076726494713,24,29,0.024540735885521314,0.2902195943888013,False,False,True,0.00017849774352963796,COMPLETE
1349,0.5910385847091675,2025-04-09 14:25:21.491584,2025-04-09 14:25:29.818003,0 days 00:00:08.326419,0.3188966261797026,0.17142633927290474,16,0.0706808272377311,0.01808153079724962,0.08727727025919478,0.0939177588037215,0.02629741951273924,0.006514536641102077,0.04103076073997804,27,20,0.028633619855673618,0.2944955896387917,False,False,True,0.0005775946057852807,COMPLETE
1350,0.5174379467964173,2025-04-09 14:25:30.261777,2025-04-09 14:25:38.439170,0 days 00:00:08.177393,0.2663865958320563,0.36289110999645224,16,0.10772704866922966,0.026642105995059527,0.07451037477955422,0.06227189086179231,0.02172760764106558,0.0025858308785985155,0.028936685426784833,25,26,0.018015231809634914,0.29980775597479237,False,False,True,0.0002564483905523778,COMPLETE
1351,0.21751995384693146,2025-04-09 14:25:38.880169,2025-04-09 14:25:46.881233,0 days 00:00:08.001064,0.3005157219678603,0.07428751464814468,16,0.16095307107557127,0.0494313707431121,0.05241103289678547,0.09537469575887945,0.03365557583946638,0.004379794831220144,0.00022216853402652812,26,36,0.023348715367129864,0.2840374701407554,False,False,True,0.00013673714809210976,COMPLETE
