number,value,datetime_start,datetime_complete,duration,params_alpha-eval,params_alpha-train,params_batch-size,params_eps-eval,params_eps-train,params_lambda-actions-eval,params_lambda-actions-train,params_lambda-frames-eval,params_lambda-frames-train,params_learning-rate,params_n-epochs,params_n-frames,params_radius-gw,params_rho,params_std-feats,params_ub-actions,params_ub-frames,params_weight-decay,state
955,0.3736633896827698,2025-04-16 18:43:24.599671,2025-04-16 18:43:45.842002,0 days 00:00:21.242331,0.6093859927627472,0.03873187012343959,2,0.08035163192313342,0.11607554246329291,0.0757016938438066,0.08159154142859047,0.07621420158247313,0.09996006337528088,6.653168846990088e-05,23,125,0.022955057559365433,0.26724919541115116,False,False,False,2.2082314049784106e-06,COMPLETE
956,0.599154794216156,2025-04-16 18:43:46.155657,2025-04-16 18:44:08.268368,0 days 00:00:22.112711,0.6205155234606149,0.827950705032159,2,0.07392265483486903,0.11812065587257868,0.07501371860293414,0.08615520907588153,0.07732904939575694,0.09679560384442197,5.3644946869891925e-05,24,126,0.020503636100540356,0.27191878227152316,False,False,False,3.466466629764807e-06,COMPLETE
957,0.5871398448944092,2025-04-16 18:44:08.582257,2025-04-16 18:44:30.598084,0 days 00:00:22.015827,0.6509898154014971,0.1806557441445829,2,0.08308789622387205,0.12403598179267619,0.07980552719840514,0.0838238781224705,0.0747977461642826,0.09771721808446557,5.566408925870004e-05,24,126,0.01938547490882177,0.2644179964015378,False,False,False,6.29419940266107e-06,COMPLETE
958,0.5768020510673524,2025-04-16 18:44:30.914250,2025-04-16 18:44:52.104250,0 days 00:00:21.190000,0.6304896100616341,0.225147254122344,2,0.08709386105620968,0.11101429039349951,0.07764494517234478,0.08568754587644149,0.07533490055509959,0.08399141298375977,5.133167589082238e-05,23,128,0.02242060284391522,0.27398746700714,False,False,False,4.155331437598676e-06,COMPLETE
959,0.3713807225227356,2025-04-16 18:44:52.400946,2025-04-16 18:45:14.650186,0 days 00:00:22.249240,0.6107715439682131,0.27745021230066186,2,0.07416184119896431,0.11884249327688663,0.07457996430867812,0.08494365382763056,0.07828153297050491,0.09424012826653592,6.267832945825646e-05,24,128,0.018734456112228168,0.26101734192813325,True,False,False,1.9805740973738586e-08,COMPLETE
960,0.5566651344299317,2025-04-16 18:45:14.965605,2025-04-16 18:45:36.315829,0 days 00:00:21.350224,0.6727677341440945,0.26134710544477524,2,0.07854598572628196,0.12790332662216472,0.07705975361656202,0.08773856869424863,0.07403814536725528,0.09724081196735768,5.078564496774443e-05,23,124,0.02383385058601076,0.2609766964839119,False,False,False,2.8568502587374856e-06,COMPLETE
961,0.5461415886878968,2025-04-16 18:45:36.634566,2025-04-16 18:45:58.595775,0 days 00:00:21.961209,0.6458245544462504,0.2563829439718086,2,0.07014316914366518,0.12394126782610318,0.07948461077265968,0.08312536248314363,0.07601912083898704,0.09206608009119113,6.647756440657978e-05,24,129,0.02066942439104987,0.2680682596512864,False,False,False,1.9114124783671797e-06,COMPLETE
962,0.5803410649299622,2025-04-16 18:45:58.910457,2025-04-16 18:46:21.031526,0 days 00:00:22.121069,0.6858140485949795,0.1520915188129382,2,0.08538579366491238,0.11192986092051108,0.07436965204830298,0.08663274103130968,0.07281245626292103,0.09627685977688144,4.72123244539237e-05,24,125,0.018487623348414712,0.25847515740511645,False,False,False,4.263332566813538e-06,COMPLETE
963,0.5690722584724426,2025-04-16 18:46:21.348507,2025-04-16 18:46:43.245997,0 days 00:00:21.897490,0.6609548943297355,0.21625970018437857,2,0.07344810580986243,0.12726805852603762,0.0762374884747316,0.08991373240762106,0.07159961540150575,0.08557792678979857,6.635293503742646e-05,24,130,0.017513832451870028,0.2639401250670105,False,False,False,3.2381454900193365e-06,COMPLETE
964,0.6052091836929321,2025-04-16 18:46:43.546762,2025-04-16 18:47:04.848650,0 days 00:00:21.301888,0.6053252610076827,0.8825956428333559,2,0.06359668483467348,0.2766921262805865,0.07942741784444474,0.0821670618275704,0.07875161349284955,0.08251420515132137,5.387993548257121e-05,23,126,0.019466893511168922,0.27136821792744265,False,False,False,5.4474128149107136e-06,COMPLETE
965,0.5658637523651123,2025-04-16 18:47:05.161062,2025-04-16 18:47:26.497513,0 days 00:00:21.336451,0.6033195233857598,0.8582042568078331,2,0.07976923619061345,0.27254672489626813,0.07988319802019475,0.08283458008726276,0.07951165646081705,0.08257224682347289,5.693507169139242e-05,23,124,0.02428477369638169,0.2720258443338477,False,False,False,5.972770003717959e-06,COMPLETE
966,0.541646409034729,2025-04-16 18:47:26.811664,2025-04-16 18:47:48.543038,0 days 00:00:21.731374,0.6284909631696305,0.842571505109305,2,0.0895666464574716,0.12637272608428654,0.07991681829925056,0.08091362905400433,0.07941411248586538,0.08352881980460677,4.4955467915036794e-05,24,125,0.02668483628539207,0.27479222063645925,False,False,False,8.081650547681989e-06,COMPLETE
967,0.5861844062805176,2025-04-16 18:47:48.861313,2025-04-16 18:48:10.097329,0 days 00:00:21.236016,0.6098740657750817,0.8794679277668821,2,0.06714751410913579,0.24334634397859967,0.07774315471777958,0.08230620057070305,0.08131504185977229,0.08158679902233296,6.596201809276549e-05,23,126,0.021460560983936408,0.26818739974858363,False,False,False,5.662706308926848e-06,COMPLETE
968,0.36622537970542907,2025-04-16 18:48:10.418335,2025-04-16 18:48:32.371666,0 days 00:00:21.953331,0.5985216645037812,0.8566645817936256,2,0.07590976103514967,0.26184454302554694,0.07967985685476005,0.08463737086359076,0.07764552006252368,0.08578723930475478,5.390056763760916e-05,24,127,0.06579140679795116,0.26533205313913316,False,False,False,7.078364708019416e-06,COMPLETE
969,0.11389225274324417,2025-04-16 18:48:32.675032,2025-04-16 18:48:51.417017,0 days 00:00:18.741985,0.6394850943026098,0.8878119390322768,2,0.08139481935763088,0.12548399599392837,0.07790314121344297,0.08896589699586492,0.07677623297434029,0.07855108207115906,4.401289541180985e-05,23,125,0.021134715893050292,0.27318054582136136,False,False,True,8.746789616840952e-06,COMPLETE
970,0.4112979352474213,2025-04-16 18:48:51.733428,2025-04-16 18:49:13.631523,0 days 00:00:21.898095,0.6264318702084749,0.8181867958132766,2,0.06988893616096892,0.26167535379349327,0.07613472535357858,0.08475402314365102,0.08324264922857322,0.08298639215059958,0.0011298516953991275,24,128,0.02182971669460813,0.2644106176273355,False,False,False,4.9000366717254e-06,COMPLETE
971,0.1148590847849846,2025-04-16 18:49:13.946238,2025-04-16 18:49:32.707325,0 days 00:00:18.761087,0.5976465084697073,0.8710691995071043,2,0.08675462966845016,0.26988714160852706,0.07396306421584194,0.08242871341778608,0.080245557537486,0.08015623932636137,6.720261621489568e-05,23,129,0.019247771663918237,0.25737160098966894,False,True,False,4.4830329373152915e-06,COMPLETE
972,0.6063762784004212,2025-04-16 18:49:33.032505,2025-04-16 18:49:54.840617,0 days 00:00:21.808112,0.6579583743960669,0.8516127354803001,2,0.06421904478665977,0.24691989640007878,0.07819084966918718,0.08007627813864492,0.07829154456627026,0.05988963991529075,5.525871720940283e-05,24,126,0.01816648465512888,0.2602700770483775,False,False,False,5.62166760414085e-06,COMPLETE
973,0.43791550397872925,2025-04-16 18:49:55.163295,2025-04-16 18:50:15.954441,0 days 00:00:20.791146,0.6541767675315345,0.8190785069301076,2,0.06386369349830412,0.28403905850950467,0.07675314308156503,0.0795350889321928,0.07878193756271173,0.059804835943576,0.0008931260293427286,22,122,0.020219001969194503,0.26894439924078656,False,False,False,5.913464211901688e-06,COMPLETE
974,0.5640047073364258,2025-04-16 18:50:16.255204,2025-04-16 18:50:38.212023,0 days 00:00:21.956819,0.6665420961820392,0.8578126167346843,2,0.06418535771362088,0.26868967664578486,0.0784398508628592,0.07718894771913254,0.08074887326521032,0.081475910949532,5.5548087686815726e-05,24,124,0.023331329577270556,0.2600984275657793,False,False,False,8.0697718021084e-06,COMPLETE
975,0.5701882243156433,2025-04-16 18:50:38.529476,2025-04-16 18:50:59.827592,0 days 00:00:21.298116,0.6910802297185282,0.799333974201771,2,0.0701073768811965,0.2857529999185129,0.07527493926552323,0.08031452438550496,0.07862694572386977,0.05164607181736436,4.154629534017943e-05,23,124,0.02028760892486728,0.2631701730158523,False,False,False,6.505091189898748e-06,COMPLETE
976,0.30620611906051637,2025-04-16 18:51:00.145114,2025-04-16 18:51:22.154151,0 days 00:00:22.009037,0.6287025627122409,0.8373073621040991,2,0.0755065421969214,0.28327345291888917,0.07331537273110647,0.07840904659042981,0.07649827851660602,0.06422864623110958,4.889601390346124e-05,24,126,0.08593223713279666,0.2573824059241206,False,False,False,5.274047045214432e-06,COMPLETE
977,0.5764456391334534,2025-04-16 18:51:22.477817,2025-04-16 18:51:41.401122,0 days 00:00:18.923305,0.6426467683221315,0.8482653572094474,2,0.06346304091442505,0.12258080506392069,0.0763076590757668,0.08190939763913112,0.0829309019280398,0.07785386274289334,5.586986022589542e-05,19,122,0.01799109861359673,0.2678253659376634,False,False,False,4.292406434675391e-06,COMPLETE
978,0.5280732035636903,2025-04-16 18:51:41.721843,2025-04-16 18:52:03.516132,0 days 00:00:21.794289,0.6744313973408969,0.8777713035670566,2,0.07202403681623279,0.1111187951098591,0.07911458269965506,0.08695248424901783,0.07493955352663288,0.08366580863122167,4.2171525653016564e-05,24,128,0.018951254433622323,0.27354955884594445,False,False,False,5.1494355802376005e-06,COMPLETE
979,0.5678049564361572,2025-04-16 18:52:03.819978,2025-04-16 18:52:25.829817,0 days 00:00:22.009839,0.6868313979940999,0.8542506114069554,2,0.07857619358727819,0.27615875797039297,0.02910191605071702,0.08533662822763521,0.07707722762136048,0.054697663974112465,4.866550870153333e-05,24,124,0.022769536998273464,0.2588250457770934,False,False,False,3.521815781805213e-06,COMPLETE
980,0.42837765216827395,2025-04-16 18:52:26.147028,2025-04-16 18:52:46.761912,0 days 00:00:20.614884,0.6538750341548755,0.8148535878353559,2,0.06730189307035651,0.24785721665227411,0.07457597743280374,0.07918906880677799,0.0811350139317229,0.08537153183981339,3.5203040977094786e-05,22,127,0.01942759759221106,0.2571392587006204,False,False,False,4.089709083672534e-06,COMPLETE
981,0.5961358308792115,2025-04-16 18:52:47.080222,2025-04-16 18:53:08.852652,0 days 00:00:21.772430,0.6104921618709341,0.8794209661656113,2,0.08200566992776596,0.2573481057411775,0.07287107647682131,0.07454471737030198,0.07444152232523356,0.05834471983210132,6.626670468224114e-05,24,131,0.017843690007630655,0.2627111618473194,False,False,False,7.695447313583572e-06,COMPLETE
982,0.3948939681053162,2025-04-16 18:53:09.179673,2025-04-16 18:53:30.723049,0 days 00:00:21.543376,0.6955535069528256,0.8426136701464284,2,0.07407298318601219,0.11912753096459228,0.07745796806016746,0.08190547657795169,0.07702161054774642,0.061275235930668824,4.182089234512272e-05,23,127,0.021309275685784525,0.2648769092908621,True,False,False,6.359684952814094e-06,COMPLETE
983,0.5881070017814636,2025-04-16 18:53:31.046677,2025-04-16 18:53:53.684944,0 days 00:00:22.638267,0.6287727647525632,0.21235989741021433,2,0.06312382405737858,0.10925736803205206,0.07531045696926576,0.07733896993672516,0.0788465784605892,0.07937571538943476,5.4673105435457724e-05,25,130,0.01678285279791766,0.27080132256052125,False,False,False,3.5917062561705747e-06,COMPLETE
984,0.5725012779235841,2025-04-16 18:53:54.012286,2025-04-16 18:54:16.550832,0 days 00:00:22.538546,0.6742538324659688,0.8616449222431621,2,0.08722433476853161,0.11961442830440913,0.07374574642963347,0.08481142544927248,0.08569414076731449,0.0861221476126301,3.763519218833045e-05,25,124,0.018340828984042108,0.2556753652016323,False,False,False,9.861830956607933e-06,COMPLETE
985,0.5896400690078736,2025-04-16 18:54:16.856185,2025-04-16 18:54:38.586848,0 days 00:00:21.730663,0.6386004687462217,0.8790163529672061,2,0.07823964645335904,0.25222895673358947,0.07761540797387743,0.07986705159426764,0.07403061244402846,0.07753154681321281,4.674416482518582e-05,24,133,0.01624838399362868,0.2553296980807511,False,False,False,4.773948849922112e-06,COMPLETE
986,0.5598985671997071,2025-04-16 18:54:38.909705,2025-04-16 18:55:01.624277,0 days 00:00:22.714572,0.6582842304432192,0.8338302364397018,2,0.07141759055163735,0.25109630539569866,0.0756286948863053,0.08392358267295143,0.07545767731234065,0.0832453645958128,6.806841918783344e-05,25,121,0.019632540586080122,0.2642928556756323,False,False,False,3.072229681532827e-06,COMPLETE
987,0.3469996988773346,2025-04-16 18:55:01.947416,2025-04-16 18:55:23.243550,0 days 00:00:21.296134,0.6912258726372655,0.10634815189172245,2,0.06854361582593102,0.24276959344283236,0.07926717821769054,0.08208615721460978,0.07326609809001591,0.09001745456320773,0.0003938715147885554,23,128,0.025522550463909006,0.25628686089167735,False,False,False,5.42893798799543e-06,COMPLETE
988,0.5850035429000855,2025-04-16 18:55:23.565540,2025-04-16 18:55:45.436088,0 days 00:00:21.870548,0.6672622236598683,0.8688688410050491,2,0.08258503389169534,0.07352180240536488,0.0740830170669289,0.08331181580853103,0.07776392993095019,0.08219815361691352,5.813822339371933e-05,24,130,0.016355382532660234,0.26919083896675344,False,False,False,4.188365520146373e-06,COMPLETE
989,0.09403265863656998,2025-04-16 18:55:45.762801,2025-04-16 18:56:03.785541,0 days 00:00:18.022740,0.6153470963919201,0.8857987029062042,2,0.09082474628319061,0.08005720839624098,0.07232858675195589,0.08828869391966375,0.07228032602150053,0.08041538890678122,4.5624838108057004e-05,22,61,0.01878816239478724,0.2609385715341414,False,False,True,3.2266304609577856e-06,COMPLETE
990,0.2778102934360504,2025-04-16 18:56:04.095203,2025-04-16 18:56:23.777455,0 days 00:00:19.682252,0.5919456161241632,0.07379657049771865,2,0.06339919516027943,0.2903297422710673,0.08011283179742759,0.07587428650656317,0.07556491750132471,0.07689187758687518,3.496589949773418e-05,25,125,0.07398691267241521,0.254867039067487,False,True,False,9.169023049646859e-06,COMPLETE
991,0.5843572616577148,2025-04-16 18:56:24.098345,2025-04-16 18:56:46.577640,0 days 00:00:22.479295,0.6464806197128979,0.8873865921390033,2,0.0758531519646015,0.26311578836643207,0.07698421225600974,0.08070260895591429,0.07281290300081457,0.08715784180072583,5.775569404763204e-05,25,133,0.0220139673478742,0.2660378146228258,False,False,False,6.864766703433077e-06,COMPLETE
992,0.5350108981132508,2025-04-16 18:56:46.900720,2025-04-16 18:57:08.885709,0 days 00:00:21.984989,0.6886978552551655,0.8045505364062746,2,0.07052798606827529,0.2911449729360208,0.07288456498991273,0.07829653284261585,0.08062599429811602,0.06636417362583619,4.162906799426255e-05,24,127,0.016698673695125402,0.2761114855842786,False,False,False,2.6408434843221605e-06,COMPLETE
993,0.6029686212539673,2025-04-16 18:57:09.210912,2025-04-16 18:57:31.793110,0 days 00:00:22.582198,0.7040989743860518,0.8901837193935408,2,0.08062539735005916,0.2735031994395212,0.0754550639829299,0.08604477543591874,0.0711615109814877,0.07461206908060118,5.206828929640062e-05,25,130,0.017990685123669217,0.25931815533617014,False,False,False,4.099207391119735e-06,COMPLETE
994,0.5484902262687683,2025-04-16 18:57:32.120508,2025-04-16 18:57:53.509338,0 days 00:00:21.388830,0.6686350033446993,0.8334125820291322,2,0.062204186043870395,0.10880108390756796,0.07805427262109575,0.08262338111653134,0.07610406417037549,0.08480881853098761,3.710055238265717e-05,23,122,0.016652059418831664,0.27341931541676656,False,False,False,4.880972732734296e-06,COMPLETE
995,0.5885048985481263,2025-04-16 18:57:53.839431,2025-04-16 18:58:15.542854,0 days 00:00:21.703423,0.6204015857815434,0.8590807274445822,2,0.08925869408160819,0.27682930359430635,0.07249329230988526,0.08641667120618075,0.07405864453767798,0.055604929995846326,6.658298945684027e-05,23,135,0.0208553634847287,0.25590480558287604,False,False,False,3.3356765231500156e-06,COMPLETE
996,0.5936275124549866,2025-04-16 18:58:15.854524,2025-04-16 18:58:37.913246,0 days 00:00:22.058722,0.6443362625983244,0.8943877496729437,2,0.07464452155101417,0.23679484801096584,0.03749748803402652,0.08092760495079869,0.07919130266149098,0.09331058321666318,4.8469464265810935e-05,24,131,0.015855509678886312,0.2657553329232658,False,False,False,5.8909122451403644e-06,COMPLETE
997,0.6093509435653687,2025-04-16 18:58:38.237572,2025-04-16 18:59:00.813868,0 days 00:00:22.576296,0.6745827205481021,0.8543411256943592,2,0.08291750312297162,0.2929577105669867,0.07465620623046793,0.07802494522491127,0.07127996006667242,0.07836408113131249,5.626974984064028e-05,25,126,0.01884271999696571,0.2532301382258312,False,False,False,2.1186297328631712e-06,COMPLETE
998,0.564115834236145,2025-04-16 18:59:01.143272,2025-04-16 18:59:23.827533,0 days 00:00:22.684261,0.6594040885059811,0.8357843147108515,2,0.08566185781941596,0.2799468413292767,0.07650669533096499,0.07384486658114073,0.07741672621343768,0.08100587367829452,6.33706911219602e-05,25,125,0.02155561135915391,0.261683320848355,False,False,False,2.128326790159014e-06,COMPLETE
999,0.41596994996070863,2025-04-16 18:59:24.156235,2025-04-16 18:59:47.252263,0 days 00:00:23.096028,0.6326371993198681,0.8079809817872093,2,0.09210735679954461,0.2962764306285213,0.08029406703297635,0.07717886391959107,0.07519931349047389,0.079452957592772,6.917163123695407e-05,25,121,0.02270959084016903,0.2593788886657396,True,False,False,1.9299253023974592e-06,COMPLETE
1000,0.5945218801498413,2025-04-16 18:59:47.582016,2025-04-16 19:00:10.170572,0 days 00:00:22.588556,0.593665848390046,0.8516573656940245,2,0.08372074254080657,0.11489075299873672,0.07283724512456304,0.0716360045898864,0.07288156394193802,0.0783271680616219,5.678500443109857e-05,25,134,0.019454448491429476,0.2534905876544432,False,False,False,2.1619224266844465e-06,COMPLETE
1001,0.3734253168106079,2025-04-16 19:00:10.501801,2025-04-16 19:00:32.497571,0 days 00:00:21.995770,0.6771118648678089,0.1323820889381918,2,0.07991355372967897,0.26767466063896966,0.07503876901994047,0.07894603582473285,0.07375690992729984,0.08213980124385556,5.2500960209670824e-05,24,129,0.023506011633146005,0.26722162414787193,False,False,False,2.62693175414527e-06,COMPLETE
1002,0.5607269406318665,2025-04-16 19:00:32.810533,2025-04-16 19:00:55.382784,0 days 00:00:22.572251,0.6519638924347945,0.8582938203213722,2,0.09140574373548264,0.2759681914511782,0.07843338969921974,0.07537996061749089,0.07103590564206476,0.08347928041236684,6.929165943715737e-05,25,124,0.020012133928905742,0.2534524191416773,False,False,False,2.8060998035891363e-06,COMPLETE
1003,0.5842143058776856,2025-04-16 19:00:55.709175,2025-04-16 19:01:18.501817,0 days 00:00:22.792642,0.617100743104679,0.8715284623741595,2,0.085508716085861,0.29920620106018775,0.07641185580793884,0.07933347868066778,0.07624225974233322,0.07964800916601013,4.246106008984181e-05,25,132,0.017790433255742658,0.27029041178540486,False,False,False,1.8375944628643724e-06,COMPLETE
1004,0.09215089827775956,2025-04-16 19:01:18.829223,2025-04-16 19:01:40.657121,0 days 00:00:21.827898,0.6735645658798183,0.82051190475575,2,0.07814018436274657,0.0067412261013189145,0.07251066145635446,0.07282928766995986,0.07126774546318403,0.0840925566156306,3.127264548125668e-05,24,128,0.018909969364293674,0.2600493936386584,False,False,False,2.3168317117433577e-06,COMPLETE
1005,0.606135082244873,2025-04-16 19:01:40.988782,2025-04-16 19:02:03.545341,0 days 00:00:22.556559,0.6452253675724676,0.8460337479005325,2,0.06834580430382889,0.2831771067424326,0.08066973398983925,0.08025678422168092,0.07843275779236057,0.05724728142237523,5.688147056119007e-05,25,126,0.020272767397101727,0.25328243876262874,False,False,False,3.1906375345073537e-06,COMPLETE
1006,0.5431196808815003,2025-04-16 19:02:03.881019,2025-04-16 19:02:26.159680,0 days 00:00:22.278661,0.6341042392389542,0.837551563377531,2,0.06754391921711239,0.28845974364042,0.07999299666773611,0.08038377722608356,0.07697027327393137,0.09160412815678963,6.688466637070074e-05,25,120,0.02363047565499941,0.2556605932932622,False,False,False,3.171347506846547e-06,COMPLETE
1007,0.4023993611335755,2025-04-16 19:02:26.490448,2025-04-16 19:02:48.502586,0 days 00:00:22.012138,0.6490044388451548,0.8030132858227501,2,0.0650264479131515,0.2929526988004061,0.08140717645618253,0.07805132016245918,0.08319152102832032,0.05585976598555216,6.0388160734646064e-05,24,87,0.02180895276859814,0.26471946557695347,False,False,False,3.711309920424535e-06,COMPLETE
1008,0.20020820200443268,2025-04-16 19:02:48.818747,2025-04-16 19:03:08.781644,0 days 00:00:19.962897,0.6054194277869218,0.8340563564045039,2,0.07869386100152798,0.2937831793877488,0.08046153804867741,0.07650410662053662,0.08158425985545494,0.09993418633941348,0.013081321375385944,25,123,0.029250217470668572,0.2532756498955333,False,False,True,2.642900017806057e-06,COMPLETE
1009,0.4875009417533875,2025-04-16 19:03:09.108530,2025-04-16 19:03:30.925338,0 days 00:00:21.816808,0.6688179395318937,0.8604639973646769,2,0.08688619031084009,0.2991721585870989,0.07875827990868411,0.08218746369418281,0.08459249760820128,0.05342591606777185,5.6221249232596735e-05,24,97,0.020841696432216558,0.2606149048580836,False,False,False,3.235589812545028e-06,COMPLETE
1010,0.11787446290254594,2025-04-16 19:03:31.254102,2025-04-16 19:03:50.891568,0 days 00:00:19.637466,0.6377777194200733,0.8263621905363968,2,0.0600953978204354,0.2833135892351876,0.0807682911695095,0.08292137913956399,0.07930109782560349,0.09356572204584919,7.082551735431835e-05,25,123,0.02087729290602998,0.25469616128216244,False,True,False,3.870090539395172e-06,COMPLETE
1011,0.5627203345298767,2025-04-16 19:03:51.223398,2025-04-16 19:04:13.063921,0 days 00:00:21.840523,0.6197372643214438,0.8519929908796932,2,0.06957628908540707,0.28715647314609843,0.07752721272747225,0.08036082553110536,0.08098533187507817,0.05994669174497444,5.5446644816422436e-05,24,126,0.02593746795673949,0.2762935389084485,False,False,False,2.5468972468754345e-06,COMPLETE
