number,value,datetime_start,datetime_complete,duration,params_alpha-eval,params_alpha-train,params_batch-size,params_eps-eval,params_eps-train,params_lambda-actions-eval,params_lambda-actions-train,params_lambda-frames-eval,params_lambda-frames-train,params_learning-rate,params_n-epochs,params_n-frames,params_radius-gw,params_rho,params_std-feats,params_ub-actions,params_ub-frames,params_weight-decay,state
1069,0.597639548778534,2025-04-16 19:24:37.013923,2025-04-16 19:24:58.331574,0 days 00:00:21.317651,0.6643830109989717,0.857391944220192,2,0.07962421445668373,0.11606628428035581,0.08293591329010666,0.08460991542984424,0.08201886783502305,0.09352456060431716,4.841495913312546e-05,23,134,0.018886867735240995,0.26179575174363845,False,False,False,1.6384738773711608e-06,COMPLETE
1070,0.587615430355072,2025-04-16 19:24:58.679663,2025-04-16 19:25:21.274769,0 days 00:00:22.595106,0.641308906091337,0.8307536676071894,2,0.05750299086673308,0.1309430346225964,0.07812573910711129,0.07969031130729692,0.07976141970146766,0.07701825430816894,6.013099733152284e-05,25,130,0.020156115131101222,0.26880532438286625,False,False,False,3.100075061368335e-06,COMPLETE
1071,0.5859390020370484,2025-04-16 19:25:21.622659,2025-04-16 19:25:43.614577,0 days 00:00:21.991918,0.617634402734304,0.8180249054593858,2,0.06844952304021909,0.12281246255380776,0.0772903625294381,0.08327837438751698,0.07806530164022862,0.06929862366206165,4.4477839677082315e-05,24,125,0.01719948421679984,0.2627787588675071,False,False,False,2.931460712976274e-06,COMPLETE
1072,0.5682040572166442,2025-04-16 19:25:43.961255,2025-04-16 19:26:05.833116,0 days 00:00:21.871861,0.6705703378770256,0.8715622489473525,2,0.08060199747063115,0.2733091094686126,0.08021532044654413,0.08074353215421877,0.07966138189987067,0.051240971239027204,7.248815110836038e-05,24,132,0.02280280536607629,0.2721450340233449,False,False,False,7.584288747183116e-06,COMPLETE
1073,0.5522301673889161,2025-04-16 19:26:06.183581,2025-04-16 19:26:28.786688,0 days 00:00:22.603107,0.6026691283313085,0.8537197284369435,2,0.0639130575586779,0.11444377632721882,0.07838019685344795,0.07610582011274833,0.08172164281918502,0.09018683825974226,3.695257021393556e-05,25,135,0.017151074556043568,0.28080775691403675,False,False,False,2.057727422617207e-06,COMPLETE
1074,0.26712252497673034,2025-04-16 19:26:29.137854,2025-04-16 19:26:50.429352,0 days 00:00:21.291498,0.5785227446797031,0.8818414422986536,2,0.07469007197812325,0.28219824807366,0.0761130168160578,0.08523574760176456,0.07742638769983706,0.07425510787801795,6.171687735805939e-05,23,46,0.019551734098290488,0.005035805088279194,True,False,False,3.845552548593429e-06,COMPLETE
1075,0.5819099545478821,2025-04-16 19:26:50.778957,2025-04-16 19:27:13.242199,0 days 00:00:22.463242,0.6472985096239586,0.812036605211365,2,0.0879068690170196,0.12348161260751916,0.08221793307094578,0.07749543104660414,0.08963251582353352,0.09238216596468206,4.9134757684212085e-05,25,128,0.016919398531737895,0.25970452272785904,False,False,False,5.680876659034403e-06,COMPLETE
1076,0.44756674766540533,2025-04-16 19:27:13.575517,2025-04-16 19:27:35.543362,0 days 00:00:21.967845,0.6817790205412024,0.8436295877067437,2,0.07083476353290707,0.13192026487346956,0.07568719015371353,0.08259036842002546,0.07644850054421731,0.06085511419633083,0.01681009573738342,24,132,0.021773662215301155,0.2659670145306803,False,False,False,2.6880261717918675e-06,COMPLETE
1077,0.5749892592430115,2025-04-16 19:27:35.890431,2025-04-16 19:27:58.492431,0 days 00:00:22.602000,0.6616886883855823,0.8694634935913478,2,0.08203293721359708,0.11408995425621306,0.07893677160256563,0.09403360504893653,0.07443793323022785,0.0939139942188975,4.234021231168213e-05,25,121,0.01883036551271494,0.2735508632935379,False,False,False,1.571244762400498e-06,COMPLETE
1078,0.47660704851150515,2025-04-16 19:27:58.840142,2025-04-16 19:28:20.729187,0 days 00:00:21.889045,0.6289097463110258,0.890319988034477,2,0.09635402130465763,0.11855931761043169,0.07670319776428437,0.0866079063473111,0.0864355537969416,0.07669758843816828,3.215615807080509e-05,24,126,0.016509283495648373,0.2590322019715872,False,False,False,4.1661058367809705e-06,COMPLETE
1079,0.597215187549591,2025-04-16 19:28:21.077251,2025-04-16 19:28:43.526137,0 days 00:00:22.448886,0.6805784729066205,0.8506101213719439,2,0.061790285151338865,0.2963598673662626,0.07449535846099639,0.08082122049368047,0.07963500210315155,0.07312712174485171,5.646308443166969e-05,25,129,0.02030935778027382,0.2656005027988638,False,False,False,3.2905325954254022e-06,COMPLETE
1080,0.5522440910339356,2025-04-16 19:28:43.873652,2025-04-16 19:29:04.746841,0 days 00:00:20.873189,0.6152956285773405,0.7802494419391263,2,0.07636904834291636,0.10885850800293992,0.08002583438786078,0.07943749304678631,0.08182268152897153,0.08795691755111108,4.7703981156059916e-05,22,136,0.015622813405846899,0.0792393828254285,False,False,False,5.491104706482117e-06,COMPLETE
1081,0.4430606842041016,2025-04-16 19:29:05.103335,2025-04-16 19:29:27.758463,0 days 00:00:22.655128,0.6491182813814164,0.8742515372794823,2,0.06914031228202298,0.11949290430593791,0.07412429914138782,0.0831922599518205,0.07467462394363435,0.0564055491943583,0.03642103467143885,25,124,0.018381925839509497,0.25918552775202414,False,False,False,2.137125435669077e-06,COMPLETE
1082,0.5738376140594482,2025-04-16 19:29:28.111384,2025-04-16 19:29:49.399014,0 days 00:00:21.287630,0.701703238647742,0.8256750166733202,2,0.08733370497388565,0.12670292004635908,0.07660664656044819,0.07813527472592885,0.07749561528559709,0.07840014149530779,7.307798536936217e-05,23,133,0.021802129640009014,0.25757752977750104,False,False,False,4.520644527771587e-06,COMPLETE
1083,0.09593407958745956,2025-04-16 19:29:49.757078,2025-04-16 19:30:08.944252,0 days 00:00:19.187174,0.6677996503532319,0.8928098743180093,2,0.07813625373670875,0.2916043793141959,0.08270814810133026,0.08173057076021238,0.07487318479637334,0.09401986621219163,3.640873762676781e-05,24,68,0.01577068055014313,0.27609845559444535,False,False,True,2.6851282817482227e-06,COMPLETE
1084,0.5855316877365112,2025-04-16 19:30:09.299188,2025-04-16 19:30:31.825646,0 days 00:00:22.526458,0.6350336081296556,0.8519084629576953,2,0.05559331703550843,0.10926720110352092,0.07828893288168776,0.08840194163470626,0.07893284487854701,0.08983310472871413,5.843004356506676e-05,25,129,0.017745914749174044,0.2684124140966192,False,False,False,3.4546912176192734e-06,COMPLETE
1085,0.5781241655349731,2025-04-16 19:30:32.179863,2025-04-16 19:30:54.012652,0 days 00:00:21.832789,0.5934728660232178,0.8335812926447992,2,0.06720823687409305,0.11686136363261906,0.07325545835830759,0.08522037954453636,0.07286021081043093,0.08128190915251574,4.306236831251086e-05,24,131,0.020481223444444065,0.2626404498535821,False,False,False,6.940126825638804e-06,COMPLETE
1086,0.09479895979166032,2025-04-16 19:30:54.348557,2025-04-16 19:31:14.097346,0 days 00:00:19.748789,0.6853929921470985,0.8676569225292228,2,0.07293494232043927,0.29983584694589105,0.07550594636181489,0.08386408274267958,0.0758455330317418,0.09169283390481382,5.00827417763758e-05,25,126,0.01559665828741356,0.2557971469972281,False,True,False,4.647493884805561e-06,COMPLETE
1087,0.41849775910377507,2025-04-16 19:31:14.450145,2025-04-16 19:31:35.808088,0 days 00:00:21.357943,0.6505061394487813,0.8011181615832014,2,0.08255987941067906,0.08170884638807721,0.08093930264776442,0.08019458010370865,0.08068900207151918,0.08737711463965478,6.12851949474106e-05,23,122,0.053079945107671805,0.27937118617014967,False,False,False,2.2855844395257798e-06,COMPLETE
1088,0.5375250101089478,2025-04-16 19:31:36.157944,2025-04-16 19:31:58.776400,0 days 00:00:22.618456,0.6193693797044848,0.8829422419383435,2,0.062483938141379376,0.1356085898713253,0.07759229497322905,0.07550495621870151,0.0769926483626033,0.07572309806461039,3.6902537978893726e-05,25,137,0.02352840682366395,0.2632973009759449,False,False,False,3.250543528342237e-06,COMPLETE
1089,0.4368624687194824,2025-04-16 19:31:59.129465,2025-04-16 19:32:21.061294,0 days 00:00:21.931829,0.7080818648464714,0.8998545621006497,2,0.0912657229985605,0.11320595805748088,0.07276057434147352,0.08129533063880322,0.08378500761588101,0.09492482822826075,3.055466937697105e-05,24,134,0.01845330577139215,0.27146363338144636,False,False,False,5.399963076771158e-06,COMPLETE
1090,0.5196401596069337,2025-04-16 19:32:21.416137,2025-04-16 19:32:43.338877,0 days 00:00:21.922740,0.6738792920873738,0.8596426239437456,2,0.07321702383165649,0.2599179775075922,0.07469550694389583,0.07839684944752295,0.07279138536481775,0.08075034702858123,7.453933965166431e-05,24,128,0.02815944432944245,0.256373609782276,False,False,False,1.8714310423394867e-06,COMPLETE
1091,0.5787086129188538,2025-04-16 19:32:43.691971,2025-04-16 19:33:06.108439,0 days 00:00:22.416468,0.6342434751002655,0.8364019626714145,2,0.07908346200742893,0.10840369400934705,0.07954438427568883,0.0862863976734895,0.07473454677997365,0.07931103013875655,5.290866300438435e-05,25,125,0.01698032489482994,0.25480059341594713,False,False,False,3.880312066800433e-06,COMPLETE
1092,0.40115883350372317,2025-04-16 19:33:06.461927,2025-04-16 19:33:16.711891,0 days 00:00:10.249964,0.6598182309386006,0.9049430106404367,2,0.06570683214196457,0.28168609877332795,0.07661659689399772,0.08431761171015192,0.07852066609930757,0.07247640163134116,4.127613155209664e-05,5,131,0.015205136603501994,0.2638025839837326,False,False,False,2.816285467198096e-06,COMPLETE
1093,0.4166123390197754,2025-04-16 19:33:17.071003,2025-04-16 19:33:39.877381,0 days 00:00:22.806378,0.6870804844174162,0.8790865964639929,2,0.05557457821597425,0.12050495847857341,0.07340621783854936,0.08246954576094079,0.07131377350502777,0.0653825316038091,6.263121992993672e-05,25,120,0.01931269200652215,0.27024260583841436,True,False,False,9.722394236224332e-06,COMPLETE
1094,0.5556413292884826,2025-04-16 19:33:40.235969,2025-04-16 19:34:02.265234,0 days 00:00:22.029265,0.5708439193543847,0.8583857668899921,2,0.08679947835943498,0.12767354973981299,0.07204058475093854,0.07340066481421524,0.07382782199566089,0.08913618541226699,4.294222614570512e-05,24,129,0.01693301285105589,0.25439812158179753,False,False,False,1.6695867620744412e-06,COMPLETE
1095,0.5562192797660828,2025-04-16 19:34:02.622206,2025-04-16 19:34:24.477801,0 days 00:00:21.855595,0.6130570842557572,0.11399326583383279,2,0.07154096999379955,0.1070194356259945,0.07804883143508669,0.07939344516060752,0.08154250468758496,0.04858344543614457,5.0766501400215395e-05,24,134,0.021153641677597836,0.2607062717983833,False,False,False,6.5741668446974115e-06,COMPLETE
1096,0.5564492821693421,2025-04-16 19:34:24.835369,2025-04-16 19:34:46.116788,0 days 00:00:21.281419,0.644591575014262,0.8131178542535856,2,0.07842552816161116,0.07394093519566543,0.07563049093031086,0.07723412783463057,0.07739772555467045,0.05795728756353445,7.203243181585028e-05,23,127,0.0247682395135633,0.2676448025345984,False,False,False,4.464224899624766e-06,COMPLETE
1097,0.42668844461441047,2025-04-16 19:34:46.460286,2025-04-16 19:35:08.914001,0 days 00:00:22.453715,0.6696204938110463,0.894398195452238,2,0.0622067327401474,0.27001455560807974,0.08104196835749629,0.060467967897556346,0.07552059754657957,0.09484031636709472,2.6419175321902377e-05,25,138,0.018991496122058183,0.277093315118704,False,False,False,2.4770215672740983e-06,COMPLETE
1098,0.44166135787963867,2025-04-16 19:35:09.269954,2025-04-16 19:35:31.614181,0 days 00:00:22.344227,0.7033188027780763,0.8325537205217957,2,0.08362394711993064,0.11352149934940743,0.07096992427164393,0.08708381007757685,0.07092908457191437,0.0925120701331116,3.5813642108297845e-05,25,80,0.014779130897070562,0.2517721842823159,False,False,False,3.5529159680597487e-06,COMPLETE
1099,0.5910408854484558,2025-04-16 19:35:31.972302,2025-04-16 19:35:54.109281,0 days 00:00:22.136979,0.5993431356408006,0.8634527314111476,2,0.09641973380590342,0.24662309288079476,0.08344622117153132,0.08142793086300092,0.07245071727049164,0.07667595886119438,5.686932901980353e-05,24,123,0.0152799554453,0.2834655418701678,False,False,False,2.9910160706692957e-06,COMPLETE
1100,0.4221713781356812,2025-04-16 19:35:54.467925,2025-04-16 19:36:16.825829,0 days 00:00:22.357904,0.6381102174581217,0.9038629622391887,2,0.06816005542595083,0.08275099297251746,0.07515335270384028,0.08424972109344656,0.07955061916115445,0.08241998475287415,4.83156807877151e-05,25,101,0.01803917869370148,0.2592599705381969,False,False,False,5.05173573309655e-06,COMPLETE
1101,0.5318503260612488,2025-04-16 19:36:17.181991,2025-04-16 19:36:38.458258,0 days 00:00:21.276267,0.6860209906609622,0.843216334048194,2,0.07364119001937777,0.2881705891759371,0.07812834984673382,0.08978435522995018,0.07619113233793508,0.09643437359947601,4.0586259675480304e-05,23,130,0.022524711139669862,0.26601648294886915,False,False,False,8.052753609920202e-06,COMPLETE
1102,0.09643539190292359,2025-04-16 19:36:38.817456,2025-04-16 19:36:59.326941,0 days 00:00:20.509485,0.6591418491885536,0.8720848291220521,2,0.08615039389471536,0.12421231768738084,0.07387584358783396,0.08251058799626673,0.0735727055278368,0.08653947111894471,6.0391042001430754e-05,26,133,0.016787858962640463,0.2538654279427754,False,False,True,3.828666652658726e-06,COMPLETE
1103,0.40901873111724857,2025-04-16 19:36:59.687455,2025-04-16 19:37:21.573483,0 days 00:00:21.886028,0.6247329450392296,0.9105632645279748,2,0.05939017829523267,0.10644282206793147,0.07969909285154782,0.08022100130360493,0.06997205628445397,0.0541651922502996,3.062241973135251e-05,24,127,0.020548890757653492,0.2615436478976298,False,False,False,2.0673179476926786e-06,COMPLETE
1104,0.41464821696281434,2025-04-16 19:37:21.932708,2025-04-16 19:37:35.321431,0 days 00:00:13.388723,0.7131564531441572,0.84839723194347,2,0.0776683066580334,0.11363357431383475,0.07687872189685188,0.07590667393012092,0.08398681238348232,0.04393623828255721,4.772006492251612e-05,10,136,0.01509342957978414,0.2728545297357209,False,False,False,6.177112537332986e-06,COMPLETE
1105,0.1038092240691185,2025-04-16 19:37:35.679794,2025-04-16 19:37:55.505932,0 days 00:00:19.826138,0.6545209493601327,0.012015242227769785,2,0.06647693101984659,0.11973949499898195,0.07232902223660928,0.09841444828184517,0.07163147675902505,0.09080896716536273,7.166262427245832e-05,25,132,0.019609031115276523,0.25374652337621384,False,True,False,2.5598558027781135e-06,COMPLETE
1106,0.5554252982139587,2025-04-16 19:37:55.866749,2025-04-16 19:38:17.809867,0 days 00:00:21.943118,0.6871448873657631,0.8857171859168507,2,0.09063295804960303,0.08501449969164994,0.07509964068810832,0.08481561647818067,0.06938887878891406,0.07886962336854832,3.6223223915380556e-05,24,124,0.017058160504189488,0.26666882950181403,False,False,False,3.1769710482157523e-06,COMPLETE
1107,0.5868127465248109,2025-04-16 19:38:18.172718,2025-04-16 19:38:41.169181,0 days 00:00:22.996463,0.5997654100275401,0.8048000243384205,2,0.07227930227385436,0.27779739566754297,0.07098708921009537,0.0791054779246289,0.07780138022977182,0.08492479415241687,5.369984665916765e-05,26,130,0.01470461964154578,0.25011386525762935,False,False,False,4.60575504310473e-06,COMPLETE
1108,0.5760373473167419,2025-04-16 19:38:41.535886,2025-04-16 19:39:04.129098,0 days 00:00:22.593212,0.6268116881845268,0.8269412108941963,2,0.08067657267148436,0.07729723937036867,0.07712144700602014,0.08066769995338831,0.07496240684576666,0.052164718927311005,4.380354180983217e-05,25,118,0.017860111455701932,0.2752686385614756,False,False,False,1.625887435397312e-06,COMPLETE
1109,0.6031219720840454,2025-04-16 19:39:04.494209,2025-04-16 19:39:25.895031,0 days 00:00:21.400822,0.6719549331324737,0.8872491175693996,2,0.07537954231321582,0.12940396275200067,0.08148091273502814,0.08794801722928045,0.08187998436237041,0.07015906121113255,6.330864725323726e-05,23,126,0.014796053477979878,0.2591463884768647,False,False,False,3.808916018194082e-06,COMPLETE
1110,0.6022515773773194,2025-04-16 19:39:26.240731,2025-04-16 19:39:47.983286,0 days 00:00:21.742555,0.7057739274637558,0.9126223155222906,2,0.05680999742698505,0.10718543957016138,0.0728633805012032,0.08288825149819623,0.07967180240112394,0.0737787201595171,4.9851075218876084e-05,24,133,0.02022313368357396,0.2500188152078182,False,False,False,5.554657517084083e-06,COMPLETE
1111,0.571254587173462,2025-04-16 19:39:48.344793,2025-04-16 19:40:11.038057,0 days 00:00:22.693264,0.6442152283903365,0.8707128151727868,2,0.06793543526717992,0.12236122231506522,0.07933452569682478,0.07746231542733827,0.07338557669853532,0.09520860920774075,3.801884096115407e-05,25,122,0.018434372967692528,0.2633122355691586,False,False,False,2.4256336645958947e-06,COMPLETE
1112,0.357700502872467,2025-04-16 19:40:11.398697,2025-04-16 19:40:32.421936,0 days 00:00:21.023239,0.5804958831278128,0.8472695693875738,2,0.08257315084334588,0.11391122706216039,0.07469301930553865,0.08528407987631854,0.06869687313570731,0.08206086689121006,7.609088625743732e-05,22,129,0.021879485386256836,0.257551762158673,True,False,False,2.903054761965642e-06,COMPLETE
1113,0.48611887693405154,2025-04-16 19:40:32.785124,2025-04-16 19:40:55.927923,0 days 00:00:23.142799,0.6646807815703185,0.8660754577172057,2,0.06379396335368974,0.08659002849520003,0.07695185799967848,0.08236810668361418,0.07170315224056907,0.07567918822348423,2.9782257416084085e-05,26,135,0.015977363249717318,0.2701251672541567,False,False,False,7.693589181019533e-06,COMPLETE
1114,0.6019383788108826,2025-04-16 19:40:56.289789,2025-04-16 19:41:15.783407,0 days 00:00:19.493618,0.6083283878634927,0.8899423897729711,2,0.07391060250591379,0.10808725800398016,0.07111208561575262,0.07820356888017438,0.0764591771015458,0.08747609466422886,5.952306009828553e-05,20,126,0.016885636918237294,0.2512189198368485,False,False,False,4.478368846350589e-06,COMPLETE
1115,0.5808579564094544,2025-04-16 19:41:16.148821,2025-04-16 19:41:37.969092,0 days 00:00:21.820271,0.6974765516311405,0.8222461403713613,2,0.08912256425318359,0.1318747891744846,0.08291566790180693,0.08638394224285365,0.07013094111138883,0.09790443945004108,4.540187662168023e-05,24,131,0.01951145852195899,0.26302066668758634,False,False,False,3.268674186771241e-06,COMPLETE
1116,0.6087648749351502,2025-04-16 19:41:38.335535,2025-04-16 19:42:01.443039,0 days 00:00:23.107504,0.6405417363808471,0.9102829683013439,2,0.07904936726005782,0.11726388810316817,0.07409938048507707,0.08406840320888703,0.07411876865254753,0.09272290551418398,5.3559531846267174e-05,26,137,0.014914490581902404,0.28200565640553044,False,False,False,1.9668292691464754e-06,COMPLETE
1117,0.592499840259552,2025-04-16 19:42:01.807375,2025-04-16 19:42:24.962416,0 days 00:00:23.155041,0.7184425896094317,0.9101249498038361,2,0.09385650700179278,0.28813651558331665,0.07235613671397709,0.08377832133849727,0.07266695302555796,0.0905393716860823,6.464369214442391e-05,26,140,0.0147476952627235,0.28175271630963655,False,False,False,1.809337406459517e-06,COMPLETE
1118,0.5701571106910706,2025-04-16 19:42:25.325121,2025-04-16 19:42:48.273983,0 days 00:00:22.948862,0.6697577334476362,0.9173285616592824,2,0.08487572731930022,0.12433378750003972,0.07371612012897494,0.0905761276711128,0.06795669333939271,0.09158326303893873,7.450398492255992e-05,26,137,0.014137951872487203,0.2809321817417346,False,False,False,1.6223403790419692e-06,COMPLETE
1119,0.6002405762672425,2025-04-16 19:42:48.641470,2025-04-16 19:43:11.591729,0 days 00:00:22.950259,0.6823025151079444,0.7865017077562018,2,0.0806378239767929,0.10493453161749865,0.07120543124076295,0.08788782666449134,0.07041940291148305,0.09297766606768408,4.2303130542109916e-05,26,139,0.01428894909798727,0.2879014831896318,False,False,False,2.184048913496428e-06,COMPLETE
1120,0.4258974134922028,2025-04-16 19:43:11.957170,2025-04-16 19:43:34.948433,0 days 00:00:22.991263,0.6514475292921095,0.035850961932804015,2,0.08918184919782966,0.08146535051255922,0.07378597117065028,0.08557584546177917,0.07347640083458351,0.08917371694770893,5.50076336563719e-05,26,137,0.014315742461877109,0.2831852897656222,False,False,False,1.9528656613500993e-06,COMPLETE
1121,0.09947491884231568,2025-04-16 19:43:35.314408,2025-04-16 19:43:55.614022,0 days 00:00:20.299614,0.6246218848248686,0.9094632310372376,2,0.09756077075454735,0.1131452256618607,0.07062875706000642,0.08343927492833211,0.06612612658697552,0.08965963276054129,3.4090723360387235e-05,26,140,0.01621483488639931,0.10141374321448501,False,False,True,1.497837563026959e-06,COMPLETE
1122,0.5944496989250183,2025-04-16 19:43:55.979479,2025-04-16 19:44:19.253760,0 days 00:00:23.274281,0.6927008884253564,0.8452321665476448,2,0.0788710382221352,0.26392904909875925,0.07492672424944846,0.08056655988504711,0.0865052246727721,0.09334881766246483,4.404718466877987e-05,26,139,0.014399459788291453,0.2762025097991959,False,False,False,3.696033572570989e-07,COMPLETE
1123,0.14015667736530305,2025-04-16 19:44:19.620290,2025-04-16 19:44:40.044814,0 days 00:00:20.424524,0.7352222696208485,0.916811881196699,2,0.083209425287172,0.09243034574637687,0.072096086482815,0.08235506433668871,0.07133562857395974,0.09144810273459661,5.8674468446307163e-05,26,136,0.01650771979879044,0.28587364288032086,False,True,False,1.3526921357416262e-06,COMPLETE
1124,0.4093244016170502,2025-04-16 19:44:40.413718,2025-04-16 19:44:55.535839,0 days 00:00:15.122121,0.6377495242557759,0.8786550236927255,2,0.10262222580234745,0.13485660333993071,0.07511996628422463,0.08481601998885947,0.06888293027984889,0.08646163998539533,0.00053186182575326,13,135,0.057044925885630676,0.27951244793959534,False,False,False,2.3600769363134085e-07,COMPLETE
1125,0.5864012002944946,2025-04-16 19:44:55.900833,2025-04-16 19:45:18.397810,0 days 00:00:22.496977,0.5848784815404593,0.8158791830851797,2,0.07702458182555222,0.08779930632521343,0.07342398735842733,0.08611242648277721,0.07436430511422536,0.08431447402962206,3.76216041801085e-05,25,137,0.013492428507927028,0.27788219786469165,False,False,False,5.534558400685947e-06,COMPLETE
