number,value,datetime_start,datetime_complete,duration,params_alpha-eval,params_alpha-train,params_batch-size,params_eps-eval,params_eps-train,params_lambda-actions-eval,params_lambda-actions-train,params_lambda-frames-eval,params_lambda-frames-train,params_learning-rate,params_n-epochs,params_n-frames,params_radius-gw,params_rho,params_std-feats,params_ub-actions,params_ub-frames,params_weight-decay,state
504,0.5840742707252503,2025-04-16 16:10:51.263658,2025-04-16 16:11:02.599713,0 days 00:00:11.336055,0.4214105945060493,0.35899139818385317,8,0.15919933260020747,0.17871793283777807,0.08146071680381485,0.011352439528752048,0.04519886582790735,0.0059559095363109545,0.00010657711254827867,29,123,0.0107200624136547,0.2633274708463698,False,False,False,0.0008231339854362766,COMPLETE
505,0.14486134350299834,2025-04-16 16:11:02.770353,2025-04-16 16:11:12.989429,0 days 00:00:10.219076,0.4584662581563914,0.3694464281435833,8,0.1594032558986998,0.17985062391590148,0.08189988975639491,0.010863581670041264,0.0442307130640457,0.005499823029900855,0.00011957312314958245,29,130,0.009084110851920651,0.293347147991928,False,True,False,0.0005858756574880368,COMPLETE
506,0.3806986391544342,2025-04-16 16:11:13.148393,2025-04-16 16:11:20.844522,0 days 00:00:07.696129,0.5322207022618708,0.3329206705874371,8,0.15447669838565894,0.19895618827848616,0.08426100228677583,0.015310456269232393,0.046850933302745305,0.002921224138126349,0.00014003561870607492,7,124,0.010985572438037206,0.2655050642168914,False,False,False,0.0007477646001535662,COMPLETE
507,0.34389000535011294,2025-04-16 16:11:21.006446,2025-04-16 16:11:32.318908,0 days 00:00:11.312462,0.3973302471990777,0.34804699651013454,8,0.14403482380335997,0.1864018721989266,0.08042899319752234,0.018286457070128413,0.04427904206756625,0.006630188426761127,0.002599824787088729,29,134,0.006792981385053296,0.27683151150150964,False,False,False,0.00047158395269725797,COMPLETE
508,0.5732178211212159,2025-04-16 16:11:32.489961,2025-04-16 16:11:43.827330,0 days 00:00:11.337369,0.4399349936205358,0.392649090978226,8,0.16968840592381573,0.21019823864076967,0.08613097966634178,0.008825353650951991,0.04540266960703194,0.009352341110548482,7.280788944961067e-05,29,126,0.008769538412140485,0.2715633921538021,False,False,False,0.0006144745543319657,COMPLETE
509,0.58357492685318,2025-04-16 16:11:43.988455,2025-04-16 16:11:55.294514,0 days 00:00:11.306059,0.42190344270891067,0.37905910452483077,8,0.16112362369812086,0.18928714094907928,0.08817097673128281,0.012363815253409342,0.04862039456141413,0.008137528847023266,9.10979961778009e-05,29,130,0.01085433134692655,0.29992296142756836,False,False,False,8.642485214026099e-07,COMPLETE
510,0.4129129052162171,2025-04-16 16:11:55.467991,2025-04-16 16:12:06.873987,0 days 00:00:11.405996,0.41615723051623715,0.35733911165409166,8,0.15559925012565357,0.18831489614309602,0.09041606123198136,0.012758915873831706,0.04905973316695579,0.0076614151794410805,2.6170831661478378e-05,29,135,0.010716174809753407,0.29017803391286134,False,False,False,1.1269767127193944e-06,COMPLETE
511,0.34711432456970215,2025-04-16 16:12:07.034093,2025-04-16 16:12:18.721686,0 days 00:00:11.687593,0.46933313509247615,0.17473766723194106,8,0.1614168129938254,0.17867200689061333,0.08934380945724148,0.011162711835778587,0.051452564701512674,0.005398778149777373,0.0001063560553729072,29,131,0.0012332803032550146,0.29206898466187964,True,False,False,0.0007858403200096401,COMPLETE
512,0.3357697606086731,2025-04-16 16:12:18.884856,2025-04-16 16:12:44.045691,0 days 00:00:25.160835,0.44844005446780966,0.3786686207632531,2,0.16641272025102252,0.19214207467885183,0.0877588436683031,0.014033846089722928,0.04863068134943325,0.009880942922067123,0.00016508178794335634,29,129,0.007177662188630132,0.29998184447968756,False,False,False,7.070861931899775e-07,COMPLETE
513,0.34193103909492495,2025-04-16 16:12:44.219514,2025-04-16 16:12:55.663663,0 days 00:00:11.444149,0.4218662884544441,0.4040413936421384,8,0.15152023556846916,0.1965404964284992,0.0919709765254578,0.007065954785217992,0.0463292591423551,0.002855939164181061,0.00012051238818275303,29,132,0.004334595482565556,0.2935493290940311,False,False,False,4.525849959359376e-06,COMPLETE
514,0.5720367431640625,2025-04-16 16:12:55.826504,2025-04-16 16:13:07.135442,0 days 00:00:11.308938,0.4296336627379835,0.45184902435100727,8,0.1609280166039129,0.18462276583627177,0.08339266569574133,0.009337300008076505,0.04283222125801197,0.0072697297250670125,9.224286651706711e-05,29,128,0.009146521091575826,0.29979288465842296,False,False,False,0.00044173147419014245,COMPLETE
515,0.5581730484962464,2025-04-16 16:13:07.309018,2025-04-16 16:13:18.755190,0 days 00:00:11.446172,0.4888981918568096,0.3174522172349677,8,0.17126845652523162,0.20669472626571275,0.08559571386952568,0.01604038606477874,0.047068785960815984,0.011443308612367111,7.781322348182678e-05,30,134,0.011016616330963819,0.28389463988501684,False,False,False,2.0856580508460827e-07,COMPLETE
516,0.5183136940002442,2025-04-16 16:13:18.917737,2025-04-16 16:13:30.291344,0 days 00:00:11.373607,0.4023695869406454,0.4208718629966969,8,0.18228331818710303,0.17584953032631342,0.08796048936551923,0.012239499795890181,0.05033843330055418,0.0010359474660282765,0.00014278163227082147,29,131,0.009051584993008155,0.26085992520649026,False,False,False,1.707705846474956e-06,COMPLETE
517,0.34016633629798887,2025-04-16 16:13:30.453305,2025-04-16 16:13:41.955837,0 days 00:00:11.502532,0.45209056623224486,0.3479306651986176,8,0.14678816195224711,0.19099631639877945,0.07949464433623282,0.017665345228391204,0.041763795293632194,0.013898472867415182,0.00010751585067653616,30,88,0.006517918262682351,0.27972314160423417,False,False,False,2.473692160651141e-06,COMPLETE
518,0.4726708173751831,2025-04-16 16:13:42.130440,2025-04-16 16:13:53.694270,0 days 00:00:11.563830,0.3812921722815095,0.39387340781721686,8,0.17698812629739605,0.041749129261569526,0.0815904448619201,0.009922658021315868,0.04458367234225026,0.008570285384190484,6.533798074188145e-05,30,128,0.011385754218051929,0.28645501612573215,False,False,False,0.0008165230214219282,COMPLETE
519,0.442957615852356,2025-04-16 16:13:53.858979,2025-04-16 16:14:05.243835,0 days 00:00:11.384856,0.4315249869615548,0.374548843029413,8,0.16590701960031898,0.1823123367382234,0.08266633000624961,0.013416207360556317,0.05320731341361605,0.00513208461263222,0.019234563672331808,29,127,0.010221264918573926,0.2671640640606127,False,False,False,4.4348219322040693e-07,COMPLETE
520,0.5374922156333923,2025-04-16 16:14:05.421578,2025-04-16 16:14:17.004892,0 days 00:00:11.583314,0.46685402154197836,0.27649827076999334,8,0.15613679856661922,0.1986538407433696,0.08563486322409548,0.007782612474113764,0.047591360018784834,0.011515973518297496,9.06361804537025e-05,30,135,0.007967804470088212,0.25457409641890716,False,False,False,6.102009152107317e-07,COMPLETE
521,0.08801329880952835,2025-04-16 16:14:17.167908,2025-04-16 16:14:27.544130,0 days 00:00:10.376222,0.40310314348415105,0.44277281105085214,8,0.14316025176442004,0.20258361313660567,0.07884386213592472,0.011565457480160085,0.0430081678887688,0.009069752461353739,5.681448965031925e-05,28,124,0.0038423982837611625,0.2639989444419165,False,False,True,9.300429736704639e-07,COMPLETE
522,0.3892903447151185,2025-04-16 16:14:27.710208,2025-04-16 16:14:35.905890,0 days 00:00:08.195682,0.4448986003834362,0.3539305157453779,8,0.20600462523687219,0.18482764786131034,0.08110002351323806,0.014300623421183921,0.04565031750549959,0.004331759149120181,0.00012710758938651111,9,132,0.03728368205638159,0.28771354037182495,False,False,False,0.0009944973923403835,COMPLETE
523,0.14222432076931,2025-04-16 16:14:36.080611,2025-04-16 16:14:46.361283,0 days 00:00:10.280672,0.4150867969904728,0.4225516454575167,8,0.17188731965642232,0.22082008116236593,0.08780435666681895,0.004911172915660516,0.04033784634535706,0.014325361752801729,0.00015303572490367627,29,127,0.011089970618227293,0.27631288640436386,False,True,False,3.4761781024791448e-06,COMPLETE
524,0.41280313134193425,2025-04-16 16:14:46.525959,2025-04-16 16:14:55.623601,0 days 00:00:09.097642,0.4743713954809941,0.45948197049151157,8,0.16010111201458424,0.19534007641290332,0.08456825189490907,0.019289862251742396,0.049233281008103015,0.0074128037343063865,8.010516213161471e-05,15,130,0.011911479312452653,0.2939762836617351,False,False,False,0.0006686527208220895,COMPLETE
525,0.3445703089237213,2025-04-16 16:14:55.799693,2025-04-16 16:15:07.327474,0 days 00:00:11.527781,0.3760892753892222,0.3896573922684168,8,0.19473871812223248,0.17607484706850096,0.08963127231078374,0.015773608585962953,0.060025907298395166,0.01186043994634843,0.00010351656173199927,30,124,0.0060663588009758785,0.2816750743990842,False,False,False,0.0004093327717127635,COMPLETE
526,0.41513817310333256,2025-04-16 16:15:07.491389,2025-04-16 16:15:18.844216,0 days 00:00:11.352827,0.4982987048037398,0.3673390474546417,8,0.14954659059725706,0.18891879374359458,0.07784050792079894,0.010370776317479383,0.04468726716073279,0.00999156943198251,0.00012054224204860087,29,135,0.055506362996630684,0.2693508883353748,False,False,False,0.0008113081655568768,COMPLETE
527,0.47194730043411254,2025-04-16 16:15:19.014045,2025-04-16 16:15:30.659205,0 days 00:00:11.645160,0.4388750380612451,0.481606890837082,8,0.16594741108187616,0.2037995723522105,0.08274873268039476,0.012239684492812031,0.04273347784877454,0.015841469502377224,0.00017734469711372548,30,126,0.008925804672067194,0.2589240906407414,False,False,False,0.0005292374141270619,COMPLETE
528,0.5032459735870362,2025-04-16 16:15:30.837313,2025-04-16 16:15:55.636012,0 days 00:00:24.798699,0.41980761366285235,0.5134714988955991,2,0.17854721562360387,0.21346031680242308,0.07980753386581405,0.008538812112775093,0.04669467931393926,0.006134805609341479,8.740515342130731e-05,29,129,0.01193230567735926,0.2952407320019526,False,False,False,0.0009993586455476864,COMPLETE
529,0.5666167616844178,2025-04-16 16:15:55.803965,2025-04-16 16:16:07.384405,0 days 00:00:11.580440,0.3933747605666148,0.40807728844686275,8,0.18416520350368643,0.18066606523250947,0.09241554187043417,0.006165518418863068,0.04087173103861509,0.0027768874867816085,7.217506844399947e-05,30,132,0.009241594008567916,0.29989998632394504,False,False,False,0.0006571751061271347,COMPLETE
530,0.33133167624473575,2025-04-16 16:16:07.563186,2025-04-16 16:16:19.112879,0 days 00:00:11.549693,0.4486926269778213,0.4408185188952814,8,0.14082932437762272,0.19453360601620226,0.09483755325864379,0.01418474152132538,0.04819045564327117,0.012255716034388771,0.0001051762619029714,28,123,0.007350701347648912,0.2735535102971871,True,False,False,0.0005101627553970886,COMPLETE
531,0.5467253208160401,2025-04-16 16:16:19.283897,2025-04-16 16:16:30.795163,0 days 00:00:11.511266,0.42411495505487173,0.2785006130681341,8,0.17070958308711598,0.1908624515809586,0.08694884133524065,0.010110687124063223,0.04475247778073894,0.009581486832155619,0.0001306921078370942,30,126,0.011994587484476123,0.2888163571575858,False,False,False,0.0008238645404618929,COMPLETE
532,0.39888665080070496,2025-04-16 16:16:30.975645,2025-04-16 16:16:42.280285,0 days 00:00:11.304640,0.4041409447622844,0.5441625263142037,8,0.16354232915657466,0.18427528382655603,0.08424407445770517,0.019938198996707554,0.049949508934357414,0.0074683180089253134,1.398370444381541e-05,29,131,0.00983185310633221,0.25216002988282016,False,False,False,0.0006862355440760685,COMPLETE
533,0.34354269504547125,2025-04-16 16:16:42.448340,2025-04-16 16:16:51.283753,0 days 00:00:08.835413,0.52410263763998,0.38214451269740257,8,0.17645197569671112,0.17729582882494355,0.08176305006064498,0.016318697548783814,0.0463422921463424,0.013238311603985899,9.267753206826069e-05,14,123,0.004955679716046458,0.2793122938401453,False,False,False,0.0005073356490919295,COMPLETE
534,0.33667877316474915,2025-04-16 16:16:51.451411,2025-04-16 16:16:59.829352,0 days 00:00:08.377941,0.4658935178164459,0.9805377786301248,8,0.15366494188542398,0.0058895665768256,0.08028581751432991,0.0012119614532359047,0.04287820637243362,0.0052654393853414,7.0002483067435e-05,11,28,0.012023617258680631,0.2620744837212526,False,False,False,0.0004271792894620324,COMPLETE
535,0.43251424431800845,2025-04-16 16:17:00.009178,2025-04-16 16:17:11.491349,0 days 00:00:11.482171,0.4842316271860592,0.33403145410799084,8,0.16052900254509006,0.19795408917852647,0.07627129461304817,0.01266027015911308,0.04045934405936742,0.015632399923910335,5.33646610641213e-05,30,129,0.007820588919920171,0.2839067596566418,False,False,False,1.6095345258424797e-06,COMPLETE
536,0.49310402870178227,2025-04-16 16:17:11.663634,2025-04-16 16:17:23.046162,0 days 00:00:11.382528,0.43628461646607825,0.4938726691281623,8,0.1684984222998543,0.20670989535867162,0.07835822513955759,0.011247251344844887,0.05159374403671172,0.010040267362487873,0.00014211851410559818,29,135,0.01009361895410009,0.2716063233595781,False,False,False,0.0008072086349068136,COMPLETE
537,0.5812607884407044,2025-04-16 16:17:23.230130,2025-04-16 16:17:34.693264,0 days 00:00:11.463134,0.37594943825365923,0.4345161940174582,8,0.14580427187857659,0.1888585116097099,0.08621985611263204,0.06531696543232204,0.04798517972520779,0.004334270686737892,0.00011381546431184995,30,126,0.01278037132085139,0.29392727767594856,False,False,False,0.00061400742356098,COMPLETE
538,0.33847175240516664,2025-04-16 16:17:34.863337,2025-04-16 16:17:46.105679,0 days 00:00:11.242342,0.41637448235633184,0.5198654091853275,8,0.18907803299172216,0.20024296540437406,0.08381647814662065,0.017500158339516764,0.044483079818407115,0.013869873671031794,8.573006062069766e-05,28,122,0.005654425261489635,0.2666507765390815,False,False,False,6.8215316968269655e-06,COMPLETE
539,0.5172074556350709,2025-04-16 16:17:46.279117,2025-04-16 16:17:57.890705,0 days 00:00:11.611588,0.44996517879267495,0.4647442731250267,8,0.1751550196470846,0.17471139556062634,0.0823190967354549,0.008186919782247106,0.04567065896494889,0.007937018079245097,0.00016076245979419553,30,129,0.010522949037080263,0.25692327323804776,False,False,False,0.000803878386826252,COMPLETE
540,0.08676451295614243,2025-04-16 16:17:58.071922,2025-04-16 16:18:08.434785,0 days 00:00:10.362863,0.39945122633767305,0.41429350558713,8,0.1510056664412386,0.18413104939861585,0.09071377212286545,0.014649929295603267,0.042994906138397265,0.002765384670906446,0.07497110767857366,29,133,0.008193950469291365,0.2874162979367876,False,False,True,0.0006125991390522709,COMPLETE
541,0.5201065897941589,2025-04-16 16:18:08.606002,2025-04-16 16:18:20.158809,0 days 00:00:11.552807,0.4300258481460221,0.3639160042929083,8,0.18161006365349897,0.19245429161634572,0.07954733427208728,0.012065132582491374,0.039823658536619976,0.011102871475476558,0.00010329259310328483,30,137,0.012472851902075373,0.27788483370048456,False,False,False,0.000997817802955992,COMPLETE
542,0.3372794628143311,2025-04-16 16:18:20.341367,2025-04-16 16:18:30.077529,0 days 00:00:09.736162,0.46659933880594995,0.5350352485085168,8,0.16297217784827778,0.20911906098411012,0.09855956138584927,0.006692211244703939,0.04818797531953392,0.007430275358323711,0.00471763835168424,20,42,0.009976941082502305,0.262315952418528,False,False,False,0.0004747116961952958,COMPLETE
543,0.09358048737049103,2025-04-16 16:18:30.247865,2025-04-16 16:18:40.567092,0 days 00:00:10.319227,0.3893398737635976,0.38726752358074584,8,0.17200868593200538,0.18676209577898067,0.07722325531890702,0.00382937968007528,0.04591931396835708,0.011970786307765654,6.27407536252527e-05,29,125,0.00686682530369593,0.25146492543094356,False,True,False,0.0003788146483264416,COMPLETE
544,0.34775611758232117,2025-04-16 16:18:40.757696,2025-04-16 16:18:52.306126,0 days 00:00:11.548430,0.5087772404058527,0.4085385929400124,8,0.14050281819751362,0.19817427524991255,0.08521355976954773,0.00932755548310326,0.050291003824422593,0.016156942228413126,0.00012394584914344976,30,121,0.003482241310890099,0.12336080908860078,False,False,False,2.833870021722311e-07,COMPLETE
545,0.3968777179718018,2025-04-16 16:18:52.477924,2025-04-16 16:19:03.690351,0 days 00:00:11.212427,0.4508033188430788,0.4514295191752767,8,0.1564865872090815,0.05257646661770045,0.0882801522732781,0.020832715532125394,0.04284266268983834,0.008592124535382812,8.955861562156009e-05,28,130,0.049480723524743184,0.2999782948004639,False,False,False,0.0007408045354713154,COMPLETE
546,0.4122152090072632,2025-04-16 16:19:03.863137,2025-04-16 16:19:28.730466,0 days 00:00:24.867329,0.5472594828418536,0.542636648983686,2,0.24020408992640294,0.17854627379735818,0.08221113513912835,0.016952987311723157,0.0441156275658857,0.0052520779474148505,7.607213457762743e-05,29,76,0.013373904415730414,0.2702277001833284,False,False,False,0.0009948197897988547,COMPLETE
547,0.4999716758728028,2025-04-16 16:19:28.913586,2025-04-16 16:19:40.393070,0 days 00:00:11.479484,0.41550152498232684,0.474784478709564,8,0.16635662852872896,0.2037130710069054,0.08005895830670846,0.013179355834421962,0.04153383298235558,0.013335686831485685,0.0001732259430013004,30,127,0.011334093118319764,0.28278668590367756,False,False,False,0.0005950594149076374,COMPLETE
548,0.5359889268875122,2025-04-16 16:19:40.565720,2025-04-16 16:19:52.098663,0 days 00:00:11.532943,0.4406167032176881,0.3487181532559868,8,0.15748260488941773,0.1924776893864917,0.07648841548022667,0.014757123031148976,0.04717509398173025,0.01054378376607533,0.00011233783584331819,30,133,0.008805003597525396,0.2905952219849509,False,False,False,0.0007235755662448445,COMPLETE
549,0.2649237036705017,2025-04-16 16:19:52.284532,2025-04-16 16:20:03.877933,0 days 00:00:11.593401,0.48435516448811083,0.4288676712005603,8,0.1465772552651011,0.18062543381366766,0.08371669810644385,0.010001439550645738,0.05288587477126863,0.0016741378763812584,1.9652084002052477e-05,29,124,0.01168565861387501,0.27561654879034914,True,False,False,0.0004040299682535086,COMPLETE
550,0.5816015005111694,2025-04-16 16:20:04.052044,2025-04-16 16:20:15.387644,0 days 00:00:11.335600,0.40288434483424185,0.4989448032611693,8,0.17935996576156862,0.17365378242143903,0.0811526197726017,0.011283343855409456,0.04897918430507757,0.006531636280767403,0.00013379815416006326,29,121,0.013931909747037646,0.29485981937314604,False,False,False,0.0005321568928306985,COMPLETE
551,0.35179739594459536,2025-04-16 16:20:15.573190,2025-04-16 16:20:27.079572,0 days 00:00:11.506382,0.5977505361090801,0.3773006363581358,8,0.1714085538871768,0.1872244662964991,0.08687028733957297,0.013488576518024532,0.03996269460143856,0.014461550997894878,9.335801438033073e-05,30,128,0.007415618477046373,0.28633476139363806,False,False,False,0.0007126036569414441,COMPLETE
552,0.5886027455329895,2025-04-16 16:20:27.252309,2025-04-16 16:20:38.874028,0 days 00:00:11.621719,0.42780492080825666,0.5237093417011465,8,0.13985205771505507,0.21360168656138492,0.07750147790487755,0.006773899873249733,0.04578906424934421,0.01009592060572766,7.343893117796291e-05,30,132,0.010127769587338705,0.2631232975016481,False,False,False,0.000999108597765214,COMPLETE
553,0.4040295720100403,2025-04-16 16:20:39.061798,2025-04-16 16:20:50.311786,0 days 00:00:11.249988,0.43679670838783347,0.5184046201021275,8,0.13653159332422657,0.21836476344690117,0.09064256914153566,0.005821540506467033,0.043830659382808966,0.009238280651858116,5.267937308602191e-05,28,139,0.009307717513819858,0.25776645154790573,False,False,False,0.0008917540485407734,COMPLETE
554,0.35048070549964905,2025-04-16 16:20:50.488333,2025-04-16 16:21:01.894996,0 days 00:00:11.406663,0.45943375229280303,0.3950355067296791,8,0.1422160421661415,0.22289729792644833,0.07541948049057878,0.003637885143845361,0.038431881616088855,0.003324268671365975,6.041440960166575e-05,29,136,0.005930875128082786,0.26211207654060625,False,False,False,0.0008192545824388795,COMPLETE
555,0.39443075656890875,2025-04-16 16:21:02.071702,2025-04-16 16:21:13.582000,0 days 00:00:11.510298,0.4260101650762744,0.4778557952466176,8,0.1866342129014139,0.21376510096399212,0.0856297136352814,0.006540839522663538,0.04586561456295964,0.00599007752484524,4.200898895320908e-05,30,134,0.01030267205987626,0.24705343742404376,False,False,False,1.733589439276127e-07,COMPLETE
556,0.5886840701103211,2025-04-16 16:21:13.768468,2025-04-16 16:21:25.224729,0 days 00:00:11.456261,0.4716206346565365,0.421312700955082,8,0.17467908645055163,0.20724966783120663,0.07820671083136842,0.008995836528963764,0.07071871512620015,0.008758248269603376,7.846183157081635e-05,29,132,0.008412440819371507,0.25394996628620226,False,False,False,0.0009973882931672237,COMPLETE
557,0.35514222979545595,2025-04-16 16:21:25.399896,2025-04-16 16:21:36.623869,0 days 00:00:11.223973,0.4827227504081158,0.42284744223445053,8,0.1754405936063144,0.2153514887196656,0.07802838202520589,0.010527528523517765,0.05502899354449285,0.008380048135390098,4.800709724260578e-05,28,138,0.004751495060862436,0.25323168487247966,False,False,False,0.000998273351707452,COMPLETE
558,0.4106080770492554,2025-04-16 16:21:36.810782,2025-04-16 16:21:48.174861,0 days 00:00:11.364079,0.473545833792072,0.44851935906291307,8,0.180914026497114,0.21142158076063639,0.07977442213949357,0.007831744965269553,0.08034909210088517,0.00942155300086524,0.001246886056697142,29,136,0.007972637415424791,0.2661802253686175,False,False,False,0.0007786290432590037,COMPLETE
559,0.3456637620925903,2025-04-16 16:21:48.348956,2025-04-16 16:21:59.714663,0 days 00:00:11.365707,0.49242406640097025,0.4270151998717303,8,0.17146884190433892,0.20513897347676874,0.07643320682118943,0.0076712742327807275,0.07268138637117519,0.012685063606414667,7.011840331344458e-05,29,68,0.0063473228476397725,0.25522322215908033,False,False,False,0.0009895456549999417,COMPLETE
