number,value,datetime_start,datetime_complete,duration,params_alpha-eval,params_alpha-train,params_batch-size,params_eps-eval,params_eps-train,params_lambda-actions-eval,params_lambda-actions-train,params_lambda-frames-eval,params_lambda-frames-train,params_learning-rate,params_n-epochs,params_n-frames,params_radius-gw,params_rho,params_std-feats,params_ub-actions,params_ub-frames,params_weight-decay,state
392,0.4017998039722443,2025-04-16 15:48:23.196138,2025-04-16 15:48:34.872285,0 days 00:00:11.676147,0.2771636439357925,0.6532523513093712,8,0.11097375709891281,0.15744407145953454,0.06474784911432681,0.02539180043620331,0.028884878535463183,0.018874658475258356,0.006604145986372155,30,110,0.015839543719405456,0.1614080828542723,True,False,False,0.0003956299820875024,COMPLETE
393,0.43822565078735354,2025-04-16 15:48:34.994091,2025-04-16 15:48:46.273910,0 days 00:00:11.279819,0.2559211781024602,0.6868628926798783,8,0.28006575105465137,0.14269326166625695,0.06343739058843242,0.02950224147510132,0.057650077143377484,0.026553808589068636,0.00013239484327105423,29,115,0.07456021956721795,0.22752799089358963,False,False,False,0.000287793906116637,COMPLETE
394,0.5820771932601929,2025-04-16 15:48:46.398284,2025-04-16 15:48:57.871742,0 days 00:00:11.473458,0.34930043910921393,0.6046703636952533,8,0.11683286135208676,0.13471856237704322,0.07054797338793027,0.028089842000016407,0.03392755439501999,0.022063576567333935,8.872009515833478e-05,30,123,0.012846530115182556,0.2182294761602634,False,False,False,0.0005997219307252411,COMPLETE
395,0.5781325936317444,2025-04-16 15:48:57.995015,2025-04-16 15:49:09.493541,0 days 00:00:11.498526,0.40930654937859495,0.5875324727500126,8,0.11649112313437003,0.1790005070313523,0.07105988024444654,0.02827578445508616,0.034478568569882684,0.021512802765484677,9.555200397140397e-05,30,118,0.012573635683688179,0.2359853915873467,False,False,False,0.0005432328876299177,COMPLETE
396,0.5803513765335083,2025-04-16 15:49:09.627128,2025-04-16 15:49:21.134179,0 days 00:00:11.507051,0.4446015499173277,0.5687971859441724,8,0.12286674595123914,0.13725417010775293,0.07129273637882558,0.02742033292651516,0.03460933565960901,0.02129650350277688,9.115122649242216e-05,30,122,0.012597215013691227,0.22346492600362736,False,False,False,0.0005874623632076636,COMPLETE
397,0.5818561792373658,2025-04-16 15:49:21.259111,2025-04-16 15:49:32.773022,0 days 00:00:11.513911,0.42562167810386403,0.5692502407239153,8,0.12317880282934655,0.1391758521788051,0.07487796480915161,0.027425352652335682,0.03707077657299914,0.01799750573157764,9.193816902716691e-05,30,118,0.01273484764627512,0.23690707483388873,False,False,False,0.0006201318801381118,COMPLETE
398,0.5915594100952148,2025-04-16 15:49:32.899028,2025-04-16 15:49:44.349047,0 days 00:00:11.450019,0.4236906961939516,0.5428267213972048,8,0.12264324184487324,0.17948907259708777,0.07328846459297357,0.02319516517438089,0.035567037589671426,0.01733109597457716,8.445377810177438e-05,30,119,0.01295884690924907,0.2530260368272766,False,False,False,0.000752346763587928,COMPLETE
399,0.5779016971588136,2025-04-16 15:49:44.486139,2025-04-16 15:49:56.018994,0 days 00:00:11.532855,0.4282486529964552,0.5343980283461343,8,0.12308282557532928,0.13892250181052096,0.0740838626351437,0.02239413948973339,0.04087585797091421,0.021490853456811326,6.762022887052412e-05,30,123,0.01257975943395928,0.25171857615722454,False,False,False,0.000870961561134142,COMPLETE
400,0.5664468288421631,2025-04-16 15:49:56.145759,2025-04-16 15:50:07.647875,0 days 00:00:11.502116,0.42367937561650715,0.5364396413685978,8,0.1273026192030414,0.1880918509875753,0.07553500492180311,0.023549902919507336,0.04105536727561278,0.016358051082869262,6.270196054623474e-05,30,123,0.01253868238577009,0.2549165169771811,False,False,False,0.0006501953233810263,COMPLETE
401,0.343712866306305,2025-04-16 15:50:07.772525,2025-04-16 15:50:19.289484,0 days 00:00:11.516959,0.44607374467982774,0.5650369149988965,8,0.121488773829976,0.1348883212260223,0.07253183155035454,0.02499266109477447,0.03747981501207758,0.018055568420246228,7.02053534939219e-05,30,9,0.013025335451464828,0.256087738810223,False,False,False,0.0009501063254707836,COMPLETE
402,0.08997305482625961,2025-04-16 15:50:19.431332,2025-04-16 15:50:29.913643,0 days 00:00:10.482311,0.4273666379407858,0.5468488244441078,8,0.12394585269683048,0.18473658742496318,0.07642027857021436,0.021168159057876394,0.03883268616797214,0.016169618497543874,3.749753591314181e-05,30,127,0.012219799436939328,0.2472521996493973,False,False,True,0.0006862605835663692,COMPLETE
403,0.33504778146743774,2025-04-16 15:50:30.040901,2025-04-16 15:50:41.484163,0 days 00:00:11.443262,0.42570598602857285,0.5096794671297902,8,0.12848789621689047,0.13884553437059238,0.07074295525659273,0.019733087323657833,0.036749753405974854,0.014716215904880967,5.251496099497774e-05,30,63,0.013275498423970081,0.24290829528266059,False,False,False,0.000545068302396485,COMPLETE
404,0.09911135584115982,2025-04-16 15:50:41.612005,2025-04-16 15:50:51.985010,0 days 00:00:10.373005,0.4594710004813553,0.5558280361139395,8,0.1385330090223433,0.18336876889866277,0.0702434265413571,0.0173993003019807,0.03496438430585379,0.020537267896844666,0.00012109427769521093,30,123,0.01213161515891928,0.25959847118133034,False,True,False,0.0008572367914011791,COMPLETE
405,0.5796056509017945,2025-04-16 15:50:52.113171,2025-04-16 15:51:03.714373,0 days 00:00:11.601202,0.4057284807782957,0.5738722641455968,8,0.12022442416231305,0.13716978756844786,0.07451085747089259,0.027606413057591567,0.03536237603842414,0.01958541828679433,9.857333856138134e-05,30,120,0.012978687354919577,0.2404284760138917,False,False,False,0.000632694704763373,COMPLETE
406,0.5800275325775147,2025-04-16 15:51:03.852438,2025-04-16 15:51:15.429938,0 days 00:00:11.577500,0.41759703017629624,0.5693840111017352,8,0.11842532896456907,0.17140190985885706,0.07423841086076177,0.026772758705559674,0.03955514353327655,0.01346125150592839,0.00010845583533835203,30,125,0.01231587848451937,0.24878517233310202,False,False,False,0.0005784854473904143,COMPLETE
407,0.5211159944534302,2025-04-16 15:51:15.557246,2025-04-16 15:51:27.015533,0 days 00:00:11.458287,0.4416125896921442,0.5771853633881346,8,0.12143594405133015,0.17669518891154742,0.0730828244175265,0.02315062095035216,0.0356755761587729,0.012948341001277024,0.00011252504381510909,30,128,0.011949153990660415,0.2465696504845109,False,False,False,0.0007451499492760606,COMPLETE
408,0.5609725952148438,2025-04-16 15:51:27.144189,2025-04-16 15:51:38.710613,0 days 00:00:11.566424,0.40853723333796993,0.5676564417663935,8,0.11992699162706251,0.17842339914396804,0.07393467980475041,0.026294989820426152,0.04388419710095716,0.018073192246583623,0.00012876956964883124,30,125,0.012148404703527849,0.23740638347030346,False,False,False,0.0005774386319457297,COMPLETE
409,0.5819400072097779,2025-04-16 15:51:38.849964,2025-04-16 15:51:50.261445,0 days 00:00:11.411481,0.41776850905744684,0.5333303873472414,8,0.11476488754829241,0.17089915266644987,0.07511073225033131,0.027429774399595565,0.03579561454740467,0.01925223334848604,0.00010206903349863696,30,122,0.013207423872140021,0.24973175119688482,False,False,False,0.0009499982034664388,COMPLETE
410,0.4762464165687561,2025-04-16 15:51:50.393218,2025-04-16 15:52:01.953450,0 days 00:00:11.560232,0.3978289036760479,0.5185176033740548,8,0.11428654609868742,0.17866044990466107,0.07106783373877311,0.027177174009143153,0.03948779021555319,0.01501986854686815,0.0015383601365260345,30,128,0.013807215634301092,0.2352857958712752,False,False,False,0.0009917901171907402,COMPLETE
411,0.5802319526672364,2025-04-16 15:52:02.082579,2025-04-16 15:52:13.641682,0 days 00:00:11.559103,0.40932244470775864,0.5674944423868344,8,0.11614738363949254,0.169202657702748,0.07723064849000798,0.02630717971205737,0.034202605060276725,0.0191502651075293,0.0001057361357825813,30,122,0.013454447196513862,0.2373958920249018,False,False,False,0.0005991592928639277,COMPLETE
412,0.41355105042457585,2025-04-16 15:52:13.780491,2025-04-16 15:52:39.914682,0 days 00:00:26.134191,0.48621293522247655,0.580368281597693,2,0.11699708249573891,0.1688708417444366,0.07731327436371126,0.025501173883847934,0.03483237878222408,0.017175782212666014,0.0001115861714891647,30,125,0.03393558419445027,0.24269917195771526,True,False,False,0.0006305831638322257,COMPLETE
413,0.5593994498252869,2025-04-16 15:52:40.044613,2025-04-16 15:52:51.508584,0 days 00:00:11.463971,0.4133253119588182,0.4943924338675725,8,0.10734193685595797,0.17829865906528658,0.08110273768211237,0.024314740872589183,0.036473799889018096,0.019541339906200383,0.00013199951389710173,30,121,0.011959559517889382,0.23917728995575704,False,False,False,0.0007121203293457289,COMPLETE
414,0.3391909003257752,2025-04-16 15:52:51.637371,2025-04-16 15:53:03.054255,0 days 00:00:11.416884,0.40045114325948594,0.5513100123773521,8,0.12469181474871556,0.18169150284527005,0.07581644783282379,0.027015525151412704,0.034604116243768704,0.0182129071201282,9.974188289701763e-05,30,51,0.01322932421042619,0.2475130042514238,False,False,False,0.0005801331799866785,COMPLETE
415,0.5677563667297363,2025-04-16 15:53:03.194803,2025-04-16 15:53:14.643856,0 days 00:00:11.449053,0.46717725031710194,0.589100579965984,8,0.11775045551359299,0.1712171561177219,0.07715260321952506,0.028195046831154355,0.03779865613846016,0.01935269038924596,0.00011401020724293222,30,126,0.01173330750654396,0.2322871809592697,False,False,False,0.0007714073710777009,COMPLETE
416,0.5728426694869996,2025-04-16 15:53:14.775464,2025-04-16 15:53:26.267191,0 days 00:00:11.491727,0.4444308432827302,0.5672966935335328,8,0.13588970142983145,0.19158266352664016,0.0742075677793726,0.02530785260249476,0.03401338935901449,0.010930014240770104,0.00013702687250976872,30,122,0.013889025734808574,0.2665350422260997,False,False,False,0.0005551820431179136,COMPLETE
417,0.5277719259262086,2025-04-16 15:53:26.397134,2025-04-16 15:53:37.895908,0 days 00:00:11.498774,0.40313610766134234,0.5229255505751541,8,0.10343385075932299,0.1758167743641549,0.07832644400447605,0.028269406562630203,0.03743270619906219,0.015878036962674775,9.746400710776921e-05,30,129,0.011730549484243586,0.24314471235812832,False,False,False,0.0007719863792614659,COMPLETE
418,0.5803865313529969,2025-04-16 15:53:38.040036,2025-04-16 15:53:49.557126,0 days 00:00:11.517090,0.4132963669115275,0.5878943336893856,8,0.12846269746593622,0.17374313902937563,0.07213133729810106,0.02992309601110861,0.03360799386868356,0.020807791019734123,0.00010855720988519223,30,121,0.014219264340579343,0.2587256526515152,False,False,False,0.0005098636763980519,COMPLETE
419,0.5588130593299866,2025-04-16 15:53:49.691178,2025-04-16 15:54:01.210679,0 days 00:00:11.519501,0.3843338904774151,0.5654585896887774,8,0.12910134592616895,0.17209097666923318,0.07501239248419898,0.029814431228937587,0.039944779339865004,0.012741846439401058,0.00014510853804729616,30,123,0.01482139227434342,0.26114326234703156,False,False,False,0.00048329385305744704,COMPLETE
420,0.5729741454124451,2025-04-16 15:54:01.343503,2025-04-16 15:54:12.841010,0 days 00:00:11.497507,0.43398390835488654,0.5453811372710532,8,0.1256920854833303,0.1821255345747363,0.07232426056347051,0.02313177025866328,0.03546513582974188,0.017508638250980278,0.00012382656617310753,30,125,0.015144402575420062,0.2517557599501219,False,False,False,0.000676634900542035,COMPLETE
421,0.5855937957763672,2025-04-16 15:54:12.988154,2025-04-16 15:54:24.281977,0 days 00:00:11.293823,0.4493658630828497,0.5936415259332323,8,0.13309342455170836,0.16796115483699225,0.07867747333585122,0.02664937097143667,0.03651751604903629,0.020039722118165015,0.00011188803173555025,29,121,0.013531710474111946,0.2753745766444722,False,False,False,0.0005676707264759448,COMPLETE
422,0.4947659254074097,2025-04-16 15:54:24.413618,2025-04-16 15:54:35.735417,0 days 00:00:11.321799,0.44647460464944416,0.5926444278352321,8,0.13566096959661944,0.1687012537407263,0.08022797190972403,0.025382477273708286,0.03730427292937786,0.01968108856406794,0.00014196178159434463,29,128,0.013736206903272537,0.2689310393420736,False,False,False,0.0009797242256942235,COMPLETE
423,0.5801071166992188,2025-04-16 15:54:35.865723,2025-04-16 15:54:47.347692,0 days 00:00:11.481969,0.46587627107708796,0.5976180188146543,8,0.13586750628574448,0.16954169506331188,0.0786257379629631,0.026551176595170988,0.03339542481991248,0.014569695947352463,0.00011222992402188367,30,121,0.01156771885155616,0.2568668327914686,False,False,False,0.0005921636636930671,COMPLETE
424,0.08686189055442811,2025-04-16 15:54:47.493438,2025-04-16 15:54:57.802685,0 days 00:00:10.309247,0.47910110109181986,0.5755543594980582,8,0.14133604468622166,0.17291478005073005,0.07905451696845553,0.026347729657086375,0.04210896946107689,0.015020348352535375,0.00011455536230794331,29,121,0.011413214372843332,0.2725892932229207,False,False,True,0.00046375104357740334,COMPLETE
425,0.10469306856393815,2025-04-16 15:54:57.936973,2025-04-16 15:55:08.297089,0 days 00:00:10.360116,0.45445592543664726,0.5956772662335938,8,0.13322018636317037,0.1696724533200818,0.07732303668369299,0.01977494941732026,0.03609357901347051,0.012867672444779765,0.00014677623611794843,30,125,0.0113783069084528,0.25935037608293815,False,True,False,0.0006362697097538502,COMPLETE
426,0.5205659151077271,2025-04-16 15:55:08.432505,2025-04-16 15:55:19.701020,0 days 00:00:11.268515,0.4284860386610162,0.5539812028111477,8,0.13302008397770293,0.16593155956462355,0.07414223363768115,0.024391942152607243,0.03429120375525573,0.017750416324922337,0.00011876022512896768,29,122,0.013489113265125505,0.13576105721779586,False,False,False,0.0005380511818173019,COMPLETE
427,0.40777430534362796,2025-04-16 15:55:19.836429,2025-04-16 15:55:27.722961,0 days 00:00:07.886532,0.41698867596837086,0.6013276079009781,8,0.14687852440202784,0.16788894965507076,0.07616343143522378,0.026675943319631662,0.03964127507792363,0.00923669643306832,0.00014763388542412816,8,128,0.014527834910698452,0.292069207197436,False,False,False,0.000433986933489382,COMPLETE
428,0.583804190158844,2025-04-16 15:55:27.873967,2025-04-16 15:55:39.339393,0 days 00:00:11.465426,0.5135835751071093,0.5719205777662064,8,0.12766888780730787,0.17432977132462307,0.07986880854632583,0.023693952558225546,0.03761627787270387,0.014879049456240506,0.00010861049369259679,30,124,0.011289651432090129,0.25532726022943525,False,False,False,0.00037626323480649754,COMPLETE
429,0.5122830629348755,2025-04-16 15:55:39.473338,2025-04-16 15:56:04.923468,0 days 00:00:25.450130,0.46571267962993756,0.5269422597447908,2,0.2988046293074813,0.17270229269690382,0.08325330591622757,0.02151264200730118,0.03848085310798303,0.013354172043042123,0.00010969127251596615,30,121,0.010994803231240937,0.25371598865263434,False,False,False,0.0005834422251844895,COMPLETE
430,0.5599020957946778,2025-04-16 15:56:05.057606,2025-04-16 15:56:16.517572,0 days 00:00:11.459966,0.49805538014345707,0.5688951522310461,8,0.13809331781996048,0.1840533203422976,0.07997885300831953,0.023904274280084434,0.033297364758662955,0.016541598190592702,0.00014984326428445273,30,124,0.011148440666485744,0.25656131503532953,False,False,False,0.000385354541503166,COMPLETE
431,0.3779711484909058,2025-04-16 15:56:16.662380,2025-04-16 15:56:28.145915,0 days 00:00:11.483535,0.4914503698935092,0.5453039809440303,8,0.14210051154941705,0.17636269490279508,0.08199047081102478,0.026542757172941796,0.036504059324528035,0.014525829873751245,1.0897847798096699e-05,30,121,0.012585640538719519,0.24827582568338968,False,False,False,0.0004816152384066943,COMPLETE
432,0.3563460946083069,2025-04-16 15:56:28.281530,2025-04-16 15:56:40.054179,0 days 00:00:11.772649,0.5096250326539407,0.5791034718373188,8,0.1296808802270371,0.16606791817929964,0.07876151325863644,0.02357660296440459,0.03346693507356924,0.020446677781709093,0.00012506137459209748,30,129,0.09356822348842977,0.2726998700073209,True,False,False,0.0007644303751614611,COMPLETE
433,0.33955668807029726,2025-04-16 15:56:40.191110,2025-04-16 15:56:51.493839,0 days 00:00:11.302729,0.4614988980102168,0.5940237358621028,8,0.12830825095971177,0.19371141669054348,0.07222331582586065,0.02202357443417161,0.03892023375296084,0.019011388722802957,0.00010512612089020077,29,73,0.013329839705746324,0.26205617873756765,False,False,False,0.00037133660610803556,COMPLETE
434,0.49835984706878667,2025-04-16 15:56:51.640284,2025-04-16 15:57:03.162023,0 days 00:00:11.521739,0.5155155451888207,0.48089003765567073,8,0.14864350329733433,0.16468095874752908,0.07552254670510065,0.02917922910762215,0.03692069284883325,0.016500157491177052,0.00014120622928217208,30,127,0.011098890705030739,0.24440962787798318,False,False,False,0.0006082546500891368,COMPLETE
435,0.5913356065750123,2025-04-16 15:57:03.299498,2025-04-16 15:57:14.633987,0 days 00:00:11.334489,0.40312533619825636,0.5575818689307535,8,0.13598491999001236,0.17525616209278747,0.07809082884722551,0.027242809182353413,0.04555851717694248,0.011715061415534467,0.0001039596472345093,29,124,0.015378537126113038,0.2811596324229051,False,False,False,0.00043082085333242485,COMPLETE
436,0.5807806491851807,2025-04-16 15:57:14.772545,2025-04-16 15:57:26.198495,0 days 00:00:11.425950,0.3955961741680143,0.5565276949064739,8,0.15238007081264632,0.1866632993465856,0.0778445462176995,0.02476356296886967,0.03552186397297471,0.009403758505772731,0.00011699911914850563,30,124,0.013855322000266044,0.2525449362639329,False,False,False,0.0004318158734896144,COMPLETE
437,0.5821716785430908,2025-04-16 15:57:26.346250,2025-04-16 15:57:37.901081,0 days 00:00:11.554831,0.4010499624375006,0.5552623160473136,8,0.15077814399583658,0.18231988387326079,0.07848669046209343,0.01881164763955062,0.046055307585503816,0.011139966190203396,0.00012468432555277085,30,125,0.013555010151115477,0.2780994403368171,False,False,False,0.00043046178270030744,COMPLETE
438,0.5772156119346619,2025-04-16 15:57:38.040055,2025-04-16 15:57:49.530074,0 days 00:00:11.490019,0.3865927132819595,0.505502344478695,8,0.1618037885090527,0.186077880432436,0.08441951212274647,0.01933117129848158,0.04907487449201675,0.005045460264542891,0.0001395363905010403,30,125,0.014690735274817478,0.28126977542032067,False,False,False,0.0003807341312063541,COMPLETE
439,0.5025504469871521,2025-04-16 15:57:49.667609,2025-04-16 15:58:01.179220,0 days 00:00:11.511611,0.43578889619350675,0.5546372762445526,8,0.15918996303873686,0.18217263550321922,0.08066504954054385,0.01820874167089061,0.045822480247204325,0.010017313187653275,0.00015528756916774667,30,129,0.010682686775013057,0.2896644689013246,False,False,False,0.0004568839436804346,COMPLETE
440,0.5749999642372132,2025-04-16 15:58:01.329266,2025-04-16 15:58:12.686598,0 days 00:00:11.357332,0.39586852452973414,0.5318657889453269,8,0.1515108275175058,0.19869228112258525,0.07834459238081257,0.01627728335023899,0.04720568467570043,0.008408182892899156,0.00012497453895138057,29,126,0.01495483539430376,0.2863070571574223,False,False,False,0.0003442064899351239,COMPLETE
441,0.5843691825866699,2025-04-16 15:58:12.827552,2025-04-16 15:58:24.287148,0 days 00:00:11.459596,0.4228873989979223,0.5618994491138095,8,0.16989090614181176,0.18943124817904256,0.07722908357627588,0.02416654608172944,0.045303388612975344,0.011743405222456718,0.00011877698199422227,30,124,0.012614200754790044,0.2694604006597077,False,False,False,0.0004810379412035653,COMPLETE
442,0.5704225182533265,2025-04-16 15:58:24.428537,2025-04-16 15:58:35.955841,0 days 00:00:11.527304,0.43934220083195746,0.5382712743773226,8,0.16701388873825168,0.18932092928056132,0.08203830574954471,0.015080166321503122,0.04661486373773867,0.011813885772770205,0.00014816938553885548,30,123,0.013771825013887096,0.274630221227239,False,False,False,0.00042809033494004873,COMPLETE
443,0.5679948449134826,2025-04-16 15:58:36.105568,2025-04-16 15:58:47.389235,0 days 00:00:11.283667,0.5502304479641106,0.5578315190770825,8,0.16480028235853392,0.1927682977076791,0.07737002280762756,0.023344238361475696,0.05303858692013652,0.009564026836801513,0.00012611406688296619,29,130,0.01068601830534983,0.26749361226731605,False,False,False,0.0003349948261791835,COMPLETE
444,0.13135605454444885,2025-04-16 15:58:47.527965,2025-04-16 15:58:57.895434,0 days 00:00:10.367469,0.4761197677225816,0.5158933183078596,8,0.15096121753088138,0.1854031657616545,0.07910385252281908,0.021395783275161954,0.04485098093346736,0.011951642439834044,0.00011749455449340502,30,127,0.061542374940944444,0.28211855205923897,False,True,False,0.0004578890999705951,COMPLETE
445,0.08708415031433106,2025-04-16 15:58:58.048399,2025-04-16 15:59:08.476855,0 days 00:00:10.428456,0.38895320562544,0.5936114403963183,8,0.17020897112274977,0.18970057188014097,0.08009260473624201,0.020120228180143244,0.04937133846066956,0.011075749873140197,0.00016020165961363642,29,130,0.015371500207263926,0.26754889103631724,False,False,True,0.0009979383290389266,COMPLETE
446,0.3418880105018616,2025-04-16 15:59:08.616848,2025-04-16 15:59:34.807691,0 days 00:00:26.190843,0.41691446920025577,0.5526977885866241,2,0.15202127665109344,0.17471362095489945,0.07694392016297537,0.02527109957414709,0.04346503217149863,0.00884559698562267,0.0001279637744272325,30,14,0.013693612135578119,0.27682405078182637,False,False,False,0.00038039049564489067,COMPLETE
447,0.5894529223442078,2025-04-16 15:59:34.950231,2025-04-16 15:59:46.349417,0 days 00:00:11.399186,0.4509964968390158,0.6052866862314878,8,0.14250567115328983,0.17550905663409072,0.07642078893017382,0.014847052374497542,0.04160495495136159,0.011398962687297782,9.885130465079715e-05,29,124,0.010671099709673325,0.25759908302610823,False,False,False,0.0005150228937003243,COMPLETE
