number,value,datetime_start,datetime_complete,duration,params_alpha-eval,params_alpha-train,params_batch-size,params_eps-eval,params_eps-train,params_lambda-actions-eval,params_lambda-actions-train,params_lambda-frames-eval,params_lambda-frames-train,params_learning-rate,params_n-epochs,params_n-frames,params_radius-gw,params_rho,params_std-feats,params_ub-actions,params_ub-frames,params_weight-decay,state
842,0.5139511823654175,2025-04-16 18:00:27.901754,2025-04-16 18:00:51.014796,0 days 00:00:23.113042,0.8188355445693087,0.9562179750974978,2,0.044591426211933835,0.10468894915336036,0.067486905349125,0.024378221599091046,0.07461706396979743,0.09645911817014545,2.93569364778386e-05,26,137,0.01427463881583469,0.2528063027077245,False,False,False,5.535738003094643e-06,COMPLETE
843,0.38952354788780214,2025-04-16 18:00:51.278697,2025-04-16 18:01:14.508038,0 days 00:00:23.229341,0.7134185965377793,0.9106444307973695,2,0.05115590362327875,0.0888280681659844,0.06202070988460839,0.021801301209801734,0.06876471164569965,0.09839952818050937,2.248483964234538e-05,26,145,0.011561125597497087,0.23298608746545466,False,False,False,1.9832952040093653e-06,COMPLETE
844,0.3454590439796448,2025-04-16 18:01:14.787172,2025-04-16 18:01:37.651183,0 days 00:00:22.864011,0.6896168151392635,0.9709825578922409,2,0.04976456197255934,0.09834930838941457,0.06663049231850302,0.02754270377453149,0.07046704375728526,0.09503178515631994,5.779717420405828e-05,25,141,0.017510626697632058,0.2470182750889059,True,False,False,4.1557733687277885e-06,COMPLETE
845,0.5954575300216676,2025-04-16 18:01:37.931971,2025-04-16 18:02:01.678002,0 days 00:00:23.746031,0.764261744084038,0.9278113710998256,2,0.05713538406890202,0.11268597035676696,0.06860590507792867,0.025390901185418223,0.06387196917510958,0.07958604582902297,4.6486286103527136e-05,27,138,0.013282359879450176,0.23779593676535288,False,False,False,3.0639440454248086e-06,COMPLETE
846,0.5376899123191834,2025-04-16 18:02:01.945711,2025-04-16 18:02:25.012030,0 days 00:00:23.066319,0.7987955974722125,0.9806951491967986,2,0.2904212617467454,0.1089667643353825,0.06586610065998623,0.022861243317519465,0.0673555913398838,0.0823046694017822,3.417574656155762e-05,26,135,0.011325922309692269,0.25721936948982155,False,False,False,1.5086799942280985e-06,COMPLETE
847,0.4061057686805725,2025-04-16 18:02:25.287692,2025-04-16 18:02:41.064378,0 days 00:00:15.776686,0.8433707554034785,0.8831069823759748,2,0.022473312400673653,0.0772349844371682,0.0695482483496682,0.021260576582197793,0.07253656969357809,0.07544326431448167,4.983123293141303e-05,14,138,0.01590792619675164,0.24337432615788349,False,False,False,2.590331701063345e-06,COMPLETE
848,0.6014796376228333,2025-04-16 18:02:41.346869,2025-04-16 18:03:04.922015,0 days 00:00:23.575146,0.9084836796063047,0.9447589487602357,2,0.029799421652247454,0.09620460811900197,0.06445728293600206,0.025511871338847907,0.06929103254914827,0.09664495206399722,3.843793809265706e-05,27,134,0.013201120806964829,0.25048810635954427,False,False,False,1.1848458813918137e-06,COMPLETE
849,0.3543310642242432,2025-04-16 18:03:05.186816,2025-04-16 18:03:28.788689,0 days 00:00:23.601873,0.6588442871012419,0.9380472210059381,2,0.034279385853372445,0.08849283560691067,0.06452110355575959,0.029727733303383085,0.06545448357835958,0.07204700482177022,2.807555085313299e-05,27,142,0.039112558353899284,0.259527401963295,False,False,False,8.755706653957227e-07,COMPLETE
850,0.5845381498336792,2025-04-16 18:03:29.069615,2025-04-16 18:03:52.660625,0 days 00:00:23.591010,0.8903012402253693,0.906568406071828,2,0.024323053536632416,0.10093376601924794,0.061664621165915964,0.028119722447921512,0.06899226016635704,0.09806039623243727,3.5404502606352935e-05,27,139,0.011355513160984786,0.2531825126549683,False,False,False,1.0636347441578131e-06,COMPLETE
851,0.5781022787094117,2025-04-16 18:03:52.944610,2025-04-16 18:04:16.523240,0 days 00:00:23.578630,0.8643706667531548,0.9654177089259307,2,0.013548092728197063,0.08336879903851224,0.06372759864726046,0.025975501915061226,0.06668146862214017,0.07916632372137225,3.946938479202325e-05,27,135,0.018013105605592265,0.25061382664095205,False,False,False,1.3609922444045443e-07,COMPLETE
852,0.58030846118927,2025-04-16 18:04:16.792926,2025-04-16 18:04:40.927712,0 days 00:00:24.134786,0.923731419985548,0.9303324288593061,2,0.036512047789957855,0.28966108560999126,0.06180245002535992,0.02707751785615583,0.06314027409010763,0.09621578771888843,5.714927110650157e-05,28,137,0.01465844887567735,0.25910629766329174,False,False,False,1.1703903868263394e-06,COMPLETE
853,0.49945522546768195,2025-04-16 18:04:41.207781,2025-04-16 18:05:04.871881,0 days 00:00:23.664100,0.9015539419336469,0.8869667458555328,2,0.04004116413503513,0.09363541720361726,0.06504669530965641,0.024931272897470432,0.06813299503940264,0.09998186054558961,2.6569695163702816e-05,27,134,0.012796510330706109,0.25037010144749594,False,False,False,1.6390950714336088e-06,COMPLETE
854,0.09115726053714752,2025-04-16 18:05:05.153858,2025-04-16 18:05:26.595028,0 days 00:00:21.441170,0.9733703229741738,0.9524285118048027,2,0.029492716614214026,0.10628184547421829,0.06276926205907626,0.02415823352546469,0.07257728729209033,0.075433166499002,3.1389094685837804e-05,28,20,0.010775452869931201,0.23420912752321885,False,False,True,1.2289466919036968e-06,COMPLETE
855,0.5874706625938416,2025-04-16 18:05:26.877469,2025-04-16 18:05:50.576661,0 days 00:00:23.699192,0.9254698933691203,0.9108703114220412,2,0.02912139785998173,0.0909877448879298,0.06660220885611716,0.030630011308867347,0.0695526613529098,0.07070100883379597,4.6424080755700786e-05,27,140,0.016657465916859467,0.2462693622367153,False,False,False,9.284849407052807e-07,COMPLETE
856,0.14834654331207275,2025-04-16 18:05:50.843990,2025-04-16 18:06:11.035079,0 days 00:00:20.191089,0.7159067018425448,0.9828186573500794,2,0.03352724583161748,0.09843679151972519,0.07002211447909693,0.026645151694393764,0.06467251721745475,0.08348611445015325,4.061040113547001e-05,26,134,0.019236789322058995,0.2547274833304607,False,True,False,1.930336337965824e-06,COMPLETE
857,0.5110329151153564,2025-04-16 18:06:11.315482,2025-04-16 18:06:35.137776,0 days 00:00:23.822294,0.7010975350345137,0.9329425717501344,2,0.04240179040967057,0.08459221796190516,0.06575987468363961,0.02911067434472544,0.07706934757523703,0.08095298720608964,5.685613512728692e-05,27,145,0.01373719334742698,0.2389714666343477,False,False,False,1.3639954673617408e-06,COMPLETE
858,0.5597013831138611,2025-04-16 18:06:35.417509,2025-04-16 18:06:58.469172,0 days 00:00:23.051663,0.6441626175452265,0.9657200480491172,2,0.021797289515903567,0.11510769053021895,0.06388364844329587,0.023253387701009764,0.06640392701674003,0.09699828442197722,3.442875883256785e-05,26,137,0.015591361608697542,0.2286291063704951,False,False,False,5.654102579899982e-06,COMPLETE
859,0.5873810410499573,2025-04-16 18:06:58.737599,2025-04-16 18:07:23.061241,0 days 00:00:24.323642,0.7541884679963983,0.9498712707611869,2,0.026591127536631152,0.10589937288839972,0.06782598897448563,0.025266370069594295,0.07449167366763734,0.07844378521752515,4.850577377822151e-05,28,133,0.011064499022696885,0.2479960225937743,False,False,False,4.661329977122238e-06,COMPLETE
860,0.5970853805541992,2025-04-16 18:07:23.341790,2025-04-16 18:07:47.005245,0 days 00:00:23.663455,0.6735051590397857,0.9114979151487704,2,0.08701018742210045,0.09454382003042335,0.07020390898391368,0.023850072447030395,0.07153981026764797,0.07326889956017393,3.915693614883263e-05,27,139,0.013278133275405037,0.2591077365082292,False,False,False,5.958097575572961e-07,COMPLETE
861,0.5410236358642578,2025-04-16 18:07:47.291345,2025-04-16 18:08:10.903778,0 days 00:00:23.612433,0.7966977524789259,0.9792438933293116,2,0.006931037189564143,0.07745273514953155,0.06660020315427857,0.027924265772088043,0.06874526029769104,0.08335305169579553,5.739882563854861e-05,27,133,0.015420013738683297,0.2232602739901067,False,False,False,3.451802327538725e-06,COMPLETE
862,0.35566256642341615,2025-04-16 18:08:11.174500,2025-04-16 18:08:34.213249,0 days 00:00:23.038749,0.8314456645768434,0.9995212175833553,2,0.09027337332848115,0.2537721342429195,0.07419072635708601,0.022484472827840857,0.06997306326789854,0.0974373466967602,3.28391963446008e-05,26,136,0.02073975941465184,0.24143991707499599,False,False,False,2.278463853141494e-06,COMPLETE
863,0.4477630138397217,2025-04-16 18:08:34.496656,2025-04-16 18:08:59.288094,0 days 00:00:24.791438,0.7748450261273923,0.9273622516028872,2,0.08104136343656984,0.10106098456827063,0.06986124941928538,0.020890617508425906,0.06722547739722902,0.09993234036820342,2.3230786181365976e-05,28,133,0.011271559973859717,0.25334122416813903,True,False,False,5.280040084706977e-06,COMPLETE
864,0.5929511427879334,2025-04-16 18:08:59.573084,2025-04-16 18:09:23.011052,0 days 00:00:23.437968,0.7254883017531898,0.9441553304950439,2,0.040299108119308466,0.09061728100578037,0.064417999145392,0.02492450456050968,0.06457847140061222,0.08071845291072156,4.8011793102763495e-05,26,142,0.017435628850413134,0.23333905287289827,False,False,False,1.7687109177216278e-06,COMPLETE
865,0.575747585296631,2025-04-16 18:09:23.303376,2025-04-16 18:09:47.241974,0 days 00:00:23.938598,0.9453755322655699,0.9650054351573645,2,0.07055455121865542,0.09730804187600157,0.07248641066213259,0.026627710807753367,0.07321561821719548,0.09481426834628659,4.077318450979756e-05,27,136,0.013297360450993794,0.2476158537495998,False,False,False,4.075259268750878e-06,COMPLETE
866,0.5278156518936157,2025-04-16 18:09:47.513924,2025-04-16 18:10:11.364312,0 days 00:00:23.850388,0.7443090370508683,0.8848015074757689,2,0.048240530087029776,0.10813740957217899,0.06779937670005037,0.020844047852185674,0.07107987486798602,0.0759108678406199,2.7420181488098724e-05,27,132,0.015141213089097475,0.24063069953202088,False,False,False,8.085637035364808e-07,COMPLETE
867,0.5540492057800294,2025-04-16 18:10:11.648282,2025-04-16 18:10:35.764990,0 days 00:00:24.116708,0.9693852086551521,0.9296008395919196,2,0.08450478266276243,0.08746622294903876,0.06270716151965869,0.022628317085193,0.06898284581216578,0.0925798418755313,5.951274935164304e-05,28,134,0.011068157397661446,0.25959591722388675,False,False,False,3.4599646292534896e-07,COMPLETE
868,0.5759748339653016,2025-04-16 18:10:36.052244,2025-04-16 18:10:59.005382,0 days 00:00:22.953138,0.688677403076451,0.9825328806839868,2,0.033166142766314924,0.1024831715876919,0.07104322796320695,0.025398061208569023,0.06642165951563833,0.07900579656306998,4.816519507252549e-05,26,139,0.012597396367953116,0.23642953050698426,False,False,False,3.393682182232501e-06,COMPLETE
869,0.39473125934600833,2025-04-16 18:10:59.278043,2025-04-16 18:11:23.011217,0 days 00:00:23.733174,0.9048007359799692,0.952205481665908,2,0.07788353898496392,0.08081792556647997,0.06659553745171672,0.02833666157533061,0.0816949414072459,0.08216182351011078,1.7935902177449253e-05,27,132,0.017011035248695815,0.2514919002857423,False,False,False,7.563313309554591e-06,COMPLETE
870,0.568154764175415,2025-04-16 18:11:23.294244,2025-04-16 18:11:46.227764,0 days 00:00:22.933520,0.70146742685767,0.9060313425339575,2,0.01850442623216548,0.09534311749915127,0.07344682835958227,0.023465666742913643,0.07466229058675289,0.08504427633119165,3.5901205322237044e-05,26,136,0.014163581394103883,0.24133679225551674,False,False,False,1.4038363625176131e-06,COMPLETE
871,0.5927542209625245,2025-04-16 18:11:46.512348,2025-04-16 18:12:10.877217,0 days 00:00:24.364869,0.8736549934606287,0.9666966687737881,2,0.07197419766197548,0.11223622060736234,0.06874931803227825,0.02142061515936388,0.06265456088622909,0.09616049986825403,4.2556249254575086e-05,28,132,0.010369115535403746,0.24675937086617958,False,False,False,2.3603780313128164e-06,COMPLETE
872,0.5429300665855408,2025-04-16 18:12:11.165426,2025-04-16 18:12:35.078391,0 days 00:00:23.912965,0.7642234012881991,0.9437391446067854,2,0.09287540526296496,0.08829985243474318,0.06513687728978855,0.03036616222218954,0.06801870121990762,0.07519738534631715,3.150056206977005e-05,27,141,0.018895957741829072,0.23204915829655712,False,False,False,5.002752894447713e-06,COMPLETE
873,0.08731158226728439,2025-04-16 18:12:35.353977,2025-04-16 18:12:56.875346,0 days 00:00:21.521369,0.8185264618527283,0.9254253957274124,2,0.08518339599044411,0.10256800057302448,0.07574498311337748,0.020324788583965157,0.07173473647405518,0.07286644925985251,5.9126747838584355e-05,28,131,0.01255916952248047,0.25449067199699604,False,False,True,4.054990773511502e-06,COMPLETE
874,0.5964030385017396,2025-04-16 18:12:57.161268,2025-04-16 18:13:20.282818,0 days 00:00:23.121550,0.7261254201864976,0.9861350538917268,2,0.05388369050313486,0.09465603692723332,0.06968959579980165,0.026305267304374606,0.06506789120590797,0.08379123068716117,4.986720935037969e-05,26,135,0.015778319839214575,0.24605919715527272,False,False,False,3.013208151757036e-06,COMPLETE
875,0.11216817945241929,2025-04-16 18:13:20.575655,2025-04-16 18:13:40.937648,0 days 00:00:20.361993,0.9980805835530464,0.9622492086215033,2,0.07980291310463856,0.10864229861714496,0.07184139476195225,0.023767220526054365,0.07016356171318913,0.09787020494909984,3.942100972088437e-05,26,132,0.010164950705583453,0.22813983246522193,False,True,False,1.8973657422743024e-06,COMPLETE
876,0.5782909035682678,2025-04-16 18:13:41.229574,2025-04-16 18:14:05.137732,0 days 00:00:23.908158,0.782767833885213,0.8966434090227907,2,0.0602384128627943,0.08274489057332524,0.06171953961823645,0.02245741251317122,0.06761225405766909,0.07794186902736751,3.4148746526281445e-05,27,136,0.014158420639756619,0.23761040364584124,False,False,False,1.0676804556683883e-06,COMPLETE
877,0.4322036266326904,2025-04-16 18:14:05.413272,2025-04-16 18:14:28.697341,0 days 00:00:23.284069,0.6614529675317832,0.9401356033787035,2,0.04589954998815929,0.09805575602332069,0.06741127661585399,0.020143422787556035,0.07274432530517419,0.08080570107964292,0.008118280072186726,26,132,0.017292610254240313,0.26141421501029005,False,False,False,5.766577824394472e-06,COMPLETE
878,0.41893789768219,2025-04-16 18:14:28.985724,2025-04-16 18:14:52.757462,0 days 00:00:23.771738,0.7481334320716666,0.9180702188216212,2,0.07443984188604261,0.29990920160762896,0.0739209837572318,0.02732068632725443,0.07576960571286248,0.09445780199628763,0.02421561061942604,27,138,0.012369913759838855,0.24334623806527272,False,False,False,2.625175922768736e-06,COMPLETE
879,0.5267824888229371,2025-04-16 18:14:53.048357,2025-04-16 18:15:17.245923,0 days 00:00:24.197566,0.8477178408320306,0.9619566866674942,2,0.07023773925856723,0.09069651404046349,0.06988431825242468,0.02518791465318548,0.06887051749841963,0.0829776779293032,4.936986488337358e-05,28,146,0.01060404561084858,0.2511167150245149,False,False,False,1.5937232203600104e-06,COMPLETE
880,0.4015606045722962,2025-04-16 18:15:17.522734,2025-04-16 18:15:29.695308,0 days 00:00:12.172574,0.6907315568971673,0.9979442251902713,2,0.029139103142392493,0.10509980777811087,0.06569517222106556,0.0233946316138598,0.0793926247014656,0.07691948046609477,2.710214737393952e-05,8,131,0.01531650266871572,0.22314258993702765,False,False,False,3.554429542613414e-06,COMPLETE
881,0.5918641090393066,2025-04-16 18:15:29.988493,2025-04-16 18:15:53.059541,0 days 00:00:23.071048,0.7232348316488666,0.9416077595303786,2,0.08845470488039829,0.11632007337065507,0.0715747469276614,0.021585272384605135,0.07038117398261544,0.09247234452044256,5.941812873533356e-05,26,134,0.013120319027086873,0.2363357715409787,False,False,False,2.143808384373184e-06,COMPLETE
882,0.521297287940979,2025-04-16 18:15:53.350025,2025-04-16 18:16:16.138618,0 days 00:00:22.788593,0.8038989878270264,0.9744166352053777,2,0.03518656716186473,0.07724613114955436,0.07647624255779048,0.02875918040801223,0.06606157124399357,0.0691788418716542,4.2520160138198525e-05,25,138,0.01471942357469292,0.2554198065028692,False,False,False,4.39259141248706e-06,COMPLETE
883,0.5835078239440918,2025-04-16 18:16:16.430617,2025-04-16 18:16:40.355200,0 days 00:00:23.924583,0.6416372367191865,0.9066774758020182,2,0.08405337740888971,0.09953705103501619,0.06813780248315787,0.02464883610661865,0.06275651023531581,0.07959838425031886,3.8693414966645956e-05,27,130,0.018920042731010545,0.24351315854765357,False,False,False,8.938935796112628e-08,COMPLETE
884,0.4248061060905457,2025-04-16 18:16:40.635405,2025-04-16 18:17:05.361999,0 days 00:00:24.726594,0.7666114266568508,0.9306116388468458,2,0.05705437058207155,0.08542182898743145,0.06365503193322604,0.01885699585524689,0.07187620511497475,0.09833131749628793,2.214008275172145e-05,28,142,0.010076126595697852,0.24921163573395197,True,False,False,6.965788491729149e-06,COMPLETE
885,0.40756325721740727,2025-04-16 18:17:05.651345,2025-04-16 18:17:28.697794,0 days 00:00:23.046449,0.6768464786372342,0.9530537817030336,2,0.06873312752448078,0.0922507902365319,0.07383044497533676,0.02616861702487684,0.06808774947859894,0.06196978139130811,0.0024501942910043818,26,77,0.07097835960995544,0.23258244336178846,False,False,False,2.7839439905867756e-06,COMPLETE
886,0.5925535202026367,2025-04-16 18:17:28.988759,2025-04-16 18:17:52.776736,0 days 00:00:23.787977,0.7073870020095364,0.9792996228543551,2,0.09259701176365255,0.10429655707002998,0.07186944649916487,0.020829543176381634,0.06490544857510867,0.08545640715547864,5.166231166192511e-05,27,135,0.012299156242753472,0.2409868718642496,False,False,False,3.6048701706503803e-06,COMPLETE
887,0.5061838865280152,2025-04-16 18:17:53.053869,2025-04-16 18:18:17.306149,0 days 00:00:24.252280,0.7418729700935052,0.9211001510693597,2,0.07562897220622197,0.09750760718506683,0.06644691512714104,0.022719818874501304,0.06702777008980197,0.09997056347295806,3.078056083726441e-05,28,103,0.016720251815026406,0.2613419993743633,False,False,False,7.092059032969443e-07,COMPLETE
888,0.5975336313247681,2025-04-16 18:18:17.595270,2025-04-16 18:18:39.929501,0 days 00:00:22.334231,0.7871823971758773,0.9491404761336191,2,0.02264732144353034,0.11092211397160784,0.06852461427934589,0.01992646158464376,0.07402803572070536,0.0952989063032015,4.525416661540558e-05,25,130,0.01423287021534636,0.25172603200259797,False,False,False,5.1141182289235096e-08,COMPLETE
889,0.5964509606361389,2025-04-16 18:18:40.221577,2025-04-16 18:19:03.912581,0 days 00:00:23.691004,0.8160788570903816,0.8956042873151839,2,0.03905949320905729,0.08690172347915755,0.0758561629064991,0.024436031728356705,0.0699868480451483,0.08155762476431311,3.548831725781991e-05,27,134,0.01059537033171689,0.24496219110853448,False,False,False,1.3758952233145537e-06,COMPLETE
890,0.5945017457008362,2025-04-16 18:19:04.209222,2025-04-16 18:19:27.098656,0 days 00:00:22.889434,0.7542784886907565,0.9997238442846295,2,0.08016835482800369,0.09299566019058746,0.06953797018063895,0.02711496343496199,0.0714579360050273,0.07551835330520901,6.0867377269281135e-05,26,139,0.012566112265492018,0.23728443309174296,False,False,False,2.1265080942853796e-06,COMPLETE
891,0.6024116039276124,2025-04-16 18:19:27.375654,2025-04-16 18:19:51.050733,0 days 00:00:23.675079,0.7161447988189755,0.8818493302285628,2,0.06526289000930169,0.10113585422549567,0.07344500006842998,0.01829599881254816,0.07723315703730678,0.07136077819817045,4.2781497667274364e-05,27,131,0.017033802288939293,0.2556644165691278,False,False,False,4.726154970922092e-06,COMPLETE
892,0.10699006468057633,2025-04-16 18:19:51.342751,2025-04-16 18:20:06.483049,0 days 00:00:15.140298,0.7064530232140904,0.9051115841387394,2,0.059851246887496,0.1070293330634356,0.06418279587953621,0.02091409393074359,0.07793875081485964,0.06585917146605032,4.7955275083034426e-05,16,137,0.01987703589129705,0.08478912737084655,False,False,True,6.3611366492236915e-06,COMPLETE
893,0.4416227340698242,2025-04-16 18:20:06.776318,2025-04-16 18:20:30.652150,0 days 00:00:23.875832,0.7338618520429481,0.9133701724114848,2,0.06476624014681198,0.11578378766498562,0.019940904424622118,0.023003952451955467,0.07701878471668232,0.07115626722660119,2.979498716466212e-05,27,133,0.027732353397546552,0.26037553975334954,False,False,False,1.2072116240565772e-08,COMPLETE
894,0.11473381668329238,2025-04-16 18:20:30.946917,2025-04-16 18:20:51.260594,0 days 00:00:20.313677,0.7191572824658218,0.8881466675245142,2,0.05250473476735554,0.08051730735049238,0.07072292279075139,0.01879663486749433,0.07698678818216961,0.06885478736663238,3.669109428580956e-05,26,131,0.021844870956307185,0.25732300523972473,False,True,False,5.056503969970137e-06,COMPLETE
895,0.5882425785064698,2025-04-16 18:20:51.540079,2025-04-16 18:21:15.251584,0 days 00:00:23.711505,0.6931015316874221,0.8704583749545394,2,0.06835616511108476,0.09470952817990491,0.06676300908924866,0.031055415611427994,0.07994569768039816,0.07268430018707193,5.8822231133740206e-05,27,135,0.019914407940868645,0.2551087193232769,False,False,False,4.936610261285547e-06,COMPLETE
896,0.41999890804290774,2025-04-16 18:21:15.543377,2025-04-16 18:21:38.689874,0 days 00:00:23.146497,0.9470139147846067,0.8794014316138703,2,0.06041264363448383,0.1006604314844021,0.0612017075395354,0.025213184470197908,0.07518893078055552,0.07321307790785987,0.0004760161882899973,26,143,0.02175709353996788,0.2616333784899091,False,False,False,3.709538269588299e-06,COMPLETE
897,0.5915005207061768,2025-04-16 18:21:38.988976,2025-04-16 18:22:02.092662,0 days 00:00:23.103686,0.7276881226887574,0.92761053295218,2,0.053354943555303895,0.08775140219671768,0.07328024497281359,0.02231870270960068,0.07384693883942435,0.07535498927928178,4.1963002666721354e-05,26,131,0.01764447564650872,0.2520257218940589,False,False,False,2.9138532254286688e-06,COMPLETE
