number,value,datetime_start,datetime_complete,duration,params_alpha-eval,params_alpha-train,params_batch-size,params_eps-eval,params_eps-train,params_lambda-actions-eval,params_lambda-actions-train,params_lambda-frames-eval,params_lambda-frames-train,params_learning-rate,params_n-epochs,params_n-frames,params_radius-gw,params_rho,params_std-feats,params_ub-actions,params_ub-frames,params_weight-decay,state
280,0.4486004173755646,2025-04-16 15:26:58.125582,2025-04-16 15:27:07.149248,0 days 00:00:09.023666,0.2547664992139779,0.7529293466761757,16,0.09978878155830731,0.13161953657110428,0.05186549604122905,0.04724625787751517,0.02095722199390903,0.0320783365167173,7.876326453076122e-05,26,115,0.016468988894155837,0.19873524398706843,False,False,False,7.889964830635273e-05,COMPLETE
281,0.09806168526411058,2025-04-16 15:27:07.236824,2025-04-16 15:27:17.152260,0 days 00:00:09.915436,0.22649792138016805,0.7938672789549908,8,0.09202212653661858,0.1267317373625138,0.054850464857484994,0.04541156934517465,0.01798916572458689,0.030072039345093338,9.05967203895165e-05,26,120,0.016038022210812467,0.20779357994240769,False,False,True,6.385272871395715e-05,COMPLETE
282,0.535404121875763,2025-04-16 15:27:17.243759,2025-04-16 15:27:28.142617,0 days 00:00:10.898858,0.27353610451847526,0.7230489171404032,8,0.10739259391335522,0.13602146149509978,0.051103953717656324,0.04174950549708693,0.01647325921016784,0.033643819325680176,6.056255572761466e-05,26,118,0.01525684293458247,0.219538440321163,False,False,False,5.167635134713652e-05,COMPLETE
283,0.571032452583313,2025-04-16 15:27:28.230792,2025-04-16 15:27:39.209677,0 days 00:00:10.978885,0.21969853399966136,0.7961266991889782,8,0.0932843756557234,0.12181836809670249,0.05707496974522295,0.04929881168566481,0.013246597544263121,0.03522621862348789,0.00010590055275517834,27,122,0.018496655226171596,0.22946131847824866,False,False,False,7.58149072496808e-05,COMPLETE
284,0.43659473657608033,2025-04-16 15:27:39.308236,2025-04-16 15:27:50.048949,0 days 00:00:10.740713,0.2208375679071603,0.7734982405194796,8,0.09721117572860466,0.12348802310387441,0.05848171990513613,0.050067178418408964,0.013869032091689286,0.03518768412930789,9.527672743522023e-05,25,111,0.018484664331171706,0.22862938840622352,False,False,False,7.94937223710997e-05,COMPLETE
285,0.11199703663587571,2025-04-16 15:27:50.139243,2025-04-16 15:28:00.274310,0 days 00:00:10.135067,0.2401592445239206,0.7933765658450033,8,0.0916649485766551,0.1311385234072601,0.056721899647900885,0.04660484196966776,0.015486828488521924,0.03277556004667032,0.00012104588158549208,28,123,0.01851799432045268,0.24174963156141888,False,True,False,7.428941738867711e-05,COMPLETE
286,0.5704817295074464,2025-04-16 15:28:00.364061,2025-04-16 15:28:11.374187,0 days 00:00:11.010126,0.21682142885243028,0.7483495945162887,8,0.08457159983759299,0.11921341589877668,0.05356848933787141,0.04934123885158738,0.018676791162007298,0.03642898800574441,0.0001058893486911843,27,122,0.0169064113767991,0.21459734090115548,False,False,False,0.00010785978219453375,COMPLETE
287,0.569884753227234,2025-04-16 15:28:11.463060,2025-04-16 15:28:22.521290,0 days 00:00:11.058230,0.20762134441740782,0.7528658656255014,8,0.08471721206573644,0.11949063803559344,0.052802167314105336,0.04922385582252915,0.018462245374072754,0.03527925692911414,8.972046296206186e-05,27,122,0.021149136444096904,0.21276823479930462,False,False,False,8.527903872687873e-05,COMPLETE
288,0.5661754012107849,2025-04-16 15:28:22.620452,2025-04-16 15:28:33.602309,0 days 00:00:10.981857,0.2150971483102871,0.7549159389018305,8,0.08636460137590939,0.12159004009462196,0.05574416168488135,0.048574040690103217,0.020823333332027003,0.03473658788908944,7.337078304127937e-05,27,123,0.02135863999411208,0.2066266413547977,False,False,False,9.126653167734212e-05,COMPLETE
289,0.557946527004242,2025-04-16 15:28:33.693553,2025-04-16 15:28:44.696593,0 days 00:00:11.003040,0.21648939334108974,0.7027349716502519,8,0.08469735077106397,0.1178736406425044,0.05735617050407123,0.048003330822648044,0.01804650968427071,0.03427402148800675,6.390583196201782e-05,27,122,0.022403132262500056,0.19364700588705222,False,False,False,9.526306851915614e-05,COMPLETE
290,0.5683991193771363,2025-04-16 15:28:44.787171,2025-04-16 15:28:56.056556,0 days 00:00:11.269385,0.21205523445699037,0.7411595903470886,8,0.08426538835027025,0.12637493618623458,0.055462000153048974,0.049102771729397074,0.021260260556916315,0.030993217038921342,7.207547101058429e-05,28,124,0.01923157586477747,0.22637494456920776,False,False,False,9.90294952597246e-05,COMPLETE
291,0.35375347137451174,2025-04-16 15:28:56.147917,2025-04-16 15:29:07.576174,0 days 00:00:11.428257,0.2136620637332659,0.7564464141598628,8,0.08312763318644488,0.1282689996878444,0.05887325554999368,0.04907175712981148,0.02016255911716918,0.030255546685486835,8.300052575376507e-05,28,123,0.01877441005607781,0.2250576734304611,True,False,False,0.00012953330940695135,COMPLETE
292,0.5678316950798035,2025-04-16 15:29:07.667384,2025-04-16 15:29:18.832314,0 days 00:00:11.164930,0.21250713897403087,0.7468889143788245,8,0.08590861833561791,0.11762462791969049,0.055981329458155114,0.051157966039494705,0.023050139681377202,0.03600230064683785,7.140269139427939e-05,28,125,0.022099789351171267,0.20339004487217283,False,False,False,0.00010753574952519415,COMPLETE
293,0.5377265453338623,2025-04-16 15:29:18.933965,2025-04-16 15:29:30.176507,0 days 00:00:11.242542,0.20809991086501894,0.7442072770145933,8,0.08331104614348325,0.11779551612297108,0.055816722369246306,0.05136821743710681,0.022367862821423293,0.03083828787273707,5.772076427792018e-05,28,125,0.02185789950799059,0.2066063714723244,False,False,False,0.00010334034384681243,COMPLETE
294,0.32651464343070985,2025-04-16 15:29:30.268210,2025-04-16 15:29:41.462175,0 days 00:00:11.193965,0.22075554525040725,0.6809832084092119,8,0.08707768309758142,0.12395133531239007,0.00149049927266056,0.04952664690673628,0.02419581412592719,0.03495739415101627,3.9665531829821644e-05,28,123,0.023923355528776048,0.21530077219556693,False,False,False,9.91539459563189e-05,COMPLETE
295,0.572906494140625,2025-04-16 15:29:41.556078,2025-04-16 15:29:52.669738,0 days 00:00:11.113660,0.21241487036574538,0.736179784435291,8,0.08276766829429509,0.11691821838793465,0.056119615381272,0.05081466973779116,0.021377044767224587,0.03596437433721405,6.46677085986926e-05,27,125,0.020698176087469506,0.1779911947177329,False,False,False,0.00013569197384521805,COMPLETE
296,0.3777767896652222,2025-04-16 15:29:52.763074,2025-04-16 15:30:03.696771,0 days 00:00:10.933697,0.2253691922584594,0.7557287089716868,8,0.08275317743167826,0.12647152031371794,0.05692038478532688,0.04751285053478966,0.021321745601051705,0.03557537711373051,4.6861729453293996e-05,27,114,0.020884975351337286,0.16396958028154565,False,False,False,0.00014997855084949115,COMPLETE
297,0.568687641620636,2025-04-16 15:30:03.791161,2025-04-16 15:30:14.870345,0 days 00:00:11.079184,0.20370689715631815,0.7375219345132868,8,0.10032447384297838,0.11859433218394722,0.05907302702188111,0.05007983828327307,0.02162243497963439,0.03634259189473218,6.952699842888083e-05,27,124,0.020739762889465115,0.20444676929051953,False,False,False,0.00011907843187698087,COMPLETE
298,0.529466736316681,2025-04-16 15:30:14.973288,2025-04-16 15:30:25.957016,0 days 00:00:10.983728,0.20349318922554122,0.7134342638086698,8,0.09345001531900227,0.1177434961659329,0.05953522456732876,0.04875016104665534,0.01982333529744018,0.033598232222564965,5.785427565988718e-05,27,125,0.021927377053618455,0.20305294218790096,False,False,False,0.0001663784674613529,COMPLETE
299,0.5510986804962159,2025-04-16 15:30:26.049681,2025-04-16 15:30:37.091958,0 days 00:00:11.042277,0.20271128563676788,0.7243481089879188,8,0.08715990188784524,0.12872463918854746,0.058789880694385656,0.05012926557150873,0.022127144904306804,0.035303125354364896,7.15884519008829e-05,27,120,0.026418747367340182,0.18785088063451277,False,False,False,0.00012364403048712046,COMPLETE
300,0.5751095771789552,2025-04-16 15:30:37.186645,2025-04-16 15:30:48.348452,0 days 00:00:11.161807,0.2661984127346102,0.7392640797481203,8,0.10138406220303145,0.1187106108212659,0.055880046850619675,0.052866275117611564,0.025349044404719075,0.03608131261402543,7.430751623475639e-05,28,124,0.02005337269590258,0.19839774466201845,False,False,False,0.00011461684557923927,COMPLETE
301,0.5613173127174378,2025-04-16 15:30:48.442085,2025-04-16 15:30:59.819653,0 days 00:00:11.377568,0.2829965285970476,0.6991286894697033,8,0.10008011232582907,0.12052727657976173,0.056763957393506384,0.05214873015406021,0.02413359446014873,0.03610893596905161,7.142894893050146e-05,29,123,0.024304147877083716,0.1782945866508005,False,False,False,0.00012770558891581668,COMPLETE
302,0.5441658854484559,2025-04-16 15:30:59.914658,2025-04-16 15:31:11.076218,0 days 00:00:11.161560,0.25728785918695446,0.7349845548821536,8,0.0976316408324821,0.12331195048143044,0.05558027832495463,0.048467784535081986,0.020710781980493014,0.032742267963892124,5.677431013556283e-05,28,125,0.020282883125057057,0.19666915586278763,False,False,False,0.00010945827853301221,COMPLETE
303,0.0993068963289261,2025-04-16 15:31:11.181120,2025-04-16 15:31:21.165337,0 days 00:00:09.984217,0.22991577071545824,0.7429154871993559,8,0.11374887763881522,0.13598845340427518,0.06033341451800615,0.05260738438564641,0.02275464516316073,0.03655965174737691,5.0322933708204385e-05,27,116,0.020242827825915858,0.20360523487395127,False,False,True,0.00016505146798132108,COMPLETE
304,0.11421289443969727,2025-04-16 15:31:21.261218,2025-04-16 15:31:31.389734,0 days 00:00:10.128516,0.20573247041421944,0.7636718100289964,8,0.10055986795130821,0.12928194157393944,0.05400849722083003,0.05028043211584242,0.026230312999904994,0.03373077916869392,7.359672313025153e-05,28,126,0.021285076306632962,0.2143770197035733,False,True,False,0.0001165771513741061,COMPLETE
305,0.5652803778648376,2025-04-16 15:31:31.485948,2025-04-16 15:31:42.907483,0 days 00:00:11.421535,0.2668649942224325,0.7512067747570589,8,0.09250461644286773,0.11732720215228004,0.0568256583574078,0.04584685210768735,0.018426676008547017,0.036694170085817115,6.572171929850326e-05,29,119,0.01886774438501761,0.2223131548100218,False,False,False,0.00021710661408098428,COMPLETE
306,0.5438598036766052,2025-04-16 15:31:43.004423,2025-04-16 15:31:54.324463,0 days 00:00:11.320040,0.27311413621751257,0.758668112655038,8,0.09060434067927742,0.11847727961505443,0.05947767021427824,0.046187907214195356,0.019142233245405302,0.03744083825928993,6.009101080425072e-05,29,119,0.022346616032964048,0.22098374280891847,False,False,False,0.00023545719888969254,COMPLETE
307,0.5760642647743226,2025-04-16 15:31:54.432482,2025-04-16 15:32:05.541071,0 days 00:00:11.108589,0.30697266431046133,0.7118820043497486,8,0.10277001303380517,0.1253403493416718,0.05737831605077027,0.043782400868276,0.01746432039557093,0.03558592023554184,7.375596859547779e-05,28,122,0.019755849116038567,0.21188423690826053,False,False,False,0.00019913803696883833,COMPLETE
308,0.42068035006523136,2025-04-16 15:32:05.638393,2025-04-16 15:32:16.792976,0 days 00:00:11.154583,0.24305874735723382,0.7056352410623593,8,0.10274258220218077,0.1364328553711507,0.05809070856374294,0.0429017407029595,0.017206853032388565,0.03377451589317598,4.503563854863242e-05,28,122,0.023447506926523014,0.20709009950405055,False,False,False,0.00015070181476542615,COMPLETE
309,0.5719594240188599,2025-04-16 15:32:16.889016,2025-04-16 15:32:28.075024,0 days 00:00:11.186008,0.2304839853068691,0.7259417306944524,8,0.08076233052230972,0.1233008900379911,0.0552496745876453,0.04459734149918246,0.020967424723061776,0.0379192318863232,7.795269476101742e-05,27,124,0.01994081568650708,0.21313211820523578,False,False,False,8.676658344357067e-05,COMPLETE
310,0.5762259602546692,2025-04-16 15:32:28.172642,2025-04-16 15:32:39.369288,0 days 00:00:11.196646,0.2973794203245811,0.7237704247551898,8,0.08076649390386569,0.12661207987725864,0.05555110067144063,0.03988059478927031,0.020951464203455453,0.035156442334172915,7.635164184570683e-05,28,125,0.019419062310578158,0.21113651891796975,False,False,False,0.00019398000997888174,COMPLETE
311,0.5788603067398072,2025-04-16 15:32:39.466445,2025-04-16 15:32:50.605724,0 days 00:00:11.139279,0.31033379354068413,0.7007144953029301,8,0.11089765280050597,0.12853996316853109,0.05474607622893396,0.03824125775187329,0.025103321829137312,0.03162804894513329,8.181780882738714e-05,28,125,0.019554499578462742,0.21247666569417908,False,False,False,0.0001566027407262604,COMPLETE
312,0.5761162400245666,2025-04-16 15:32:50.712574,2025-04-16 15:33:01.935951,0 days 00:00:11.223377,0.2974518289076876,0.671595526076899,8,0.12388226916112853,0.1301212791893851,0.05767362424839324,0.03476591581739194,0.024222625805245018,0.030549610329014903,8.029112791163888e-05,28,121,0.019782334112771704,0.19906602618299357,False,False,False,0.00017948552669695721,COMPLETE
313,0.4326480150222779,2025-04-16 15:33:02.034402,2025-04-16 15:33:13.497653,0 days 00:00:11.463251,0.32310515063727263,0.6758386943166538,8,0.11693616922214133,0.13292301555213787,0.06083813352810273,0.03387334726805853,0.026081671682221353,0.029197518447039928,8.184090027513846e-05,28,121,0.02066902294039497,0.19234957583753007,True,False,False,0.00017224496438373801,COMPLETE
314,0.554375410079956,2025-04-16 15:33:13.597077,2025-04-16 15:33:24.691745,0 days 00:00:11.094668,0.30523950305804626,0.7102441668990065,8,0.11364487244126507,0.13777351995330928,0.0581812176536363,0.03921817864388172,0.02378845893927937,0.02814850631049777,8.31043043083701e-05,28,116,0.02531835825411158,0.1985386429529415,False,False,False,0.00026510656777936284,COMPLETE
315,0.5288873314857483,2025-04-16 15:33:24.790189,2025-04-16 15:33:36.081566,0 days 00:00:11.291377,0.2933658042634053,0.6897428908423628,8,0.12627417776384042,0.12736636052252448,0.05508667515167626,0.0362593098741745,0.02252899207689059,0.03136097715033714,5.2679603562217236e-05,29,124,0.019229242984536713,0.21059598335322868,False,False,False,0.00020648357599085962,COMPLETE
316,0.5757989406585694,2025-04-16 15:33:36.190684,2025-04-16 15:33:47.454350,0 days 00:00:11.263666,0.3041648215899202,0.6511879405805983,8,0.10547118048305595,0.13193180564077764,0.05746995718671231,0.03779507825062524,0.026121336664651072,0.03163904456431921,6.701816986710693e-05,28,118,0.018970077713912917,0.18433647226506802,False,False,False,0.00020221670613299823,COMPLETE
317,0.5697321057319642,2025-04-16 15:33:47.553076,2025-04-16 15:33:58.543056,0 days 00:00:10.989980,0.3183416674389931,0.7190556671563869,8,0.10658580490959789,0.13943961126815396,0.05777461190808973,0.03680179783574582,0.0209629581224597,0.0302548879608309,6.43276894513164e-05,27,117,0.018615334688199876,0.18072621216781637,False,False,False,0.0002016985740408153,COMPLETE
318,0.3532525718212128,2025-04-16 15:33:58.643756,2025-04-16 15:34:09.754383,0 days 00:00:11.110627,0.3124363087942331,0.6917640108394774,8,0.10592401797734943,0.13624755401459598,0.05851613242281273,0.03656050735656834,0.026304907716624575,0.029435163090149093,2.4318751718091518e-05,27,106,0.018215077833126866,0.16874059833129118,False,False,False,0.0002930971274030634,COMPLETE
319,0.4090509712696076,2025-04-16 15:34:09.854073,2025-04-16 15:34:20.794425,0 days 00:00:10.940352,0.2976342420422409,0.7199181071601318,8,0.11040959979571614,0.13941812118282113,0.06094662974480801,0.03532533914521848,0.02521186493927867,0.03255319420525494,6.201263219007132e-05,27,113,0.018618325761859022,0.18615227924429092,False,False,False,0.0002107842924017349,COMPLETE
320,0.5781430840492249,2025-04-16 15:34:20.905070,2025-04-16 15:34:31.899836,0 days 00:00:10.994766,0.3321094153625901,0.6450719346960488,8,0.1178042466296367,0.1314139401131784,0.0590631045314002,0.0319222135409306,0.028719115243743733,0.03143520750158547,9.045009231267321e-05,27,118,0.020060371777942603,0.1818447645765673,False,False,False,0.00018681426339960174,COMPLETE
321,0.580076825618744,2025-04-16 15:34:31.999366,2025-04-16 15:34:43.297281,0 days 00:00:11.297915,0.33948580319358096,0.6556699158953262,8,0.11665007252269795,0.1517703605995707,0.05703795758834486,0.03882522705752391,0.028507283982071113,0.02885263560285365,9.106179626224261e-05,29,118,0.01755088145668728,0.17547684170532768,False,False,False,0.00034676576264244834,COMPLETE
322,0.5765348911285401,2025-04-16 15:34:43.400462,2025-04-16 15:34:54.703503,0 days 00:00:11.303041,0.3506701552398844,0.6506017128984246,8,0.13220899907450895,0.12895927254428344,0.05315099245608554,0.03910449940033456,0.027731469341280516,0.029102202372828366,9.721193377855454e-05,29,114,0.017463371125065866,0.1756529687644777,False,False,False,0.000411362043358414,COMPLETE
323,0.0919161230325699,2025-04-16 15:34:54.804618,2025-04-16 15:35:05.056881,0 days 00:00:10.252263,0.3668574017238285,0.6430635153404173,8,0.1352906736091918,0.12951241226852483,0.05286249934608439,0.0323287281021973,0.028574528869194267,0.027898056793209194,9.102299892873632e-05,29,114,0.017532778492551058,0.17327473871058105,False,False,True,0.00031995011317506095,COMPLETE
324,0.11653128415346146,2025-04-16 15:35:05.161638,2025-04-16 15:35:15.452957,0 days 00:00:10.291319,0.30170896087127724,0.6062115467157418,8,0.1300976759179688,0.13369501614762622,0.0542229526225344,0.03892246558847237,0.029310721007420756,0.028595226823808356,8.382142076263922e-05,29,119,0.02364837565184049,0.15691986960681414,False,True,False,0.00028154436170108765,COMPLETE
325,0.555604648590088,2025-04-16 15:35:15.564699,2025-04-16 15:35:27.040040,0 days 00:00:11.475341,0.35499212848078326,0.6294179773059368,8,0.11965107797613839,0.15619800581249016,0.050416904360239406,0.04050650934468364,0.029006890139403416,0.03183648741679833,9.105433604833712e-05,30,110,0.01755384856653613,0.1680188631784074,False,False,False,0.00039727635462213543,COMPLETE
326,0.576234757900238,2025-04-16 15:35:27.141716,2025-04-16 15:35:38.294977,0 days 00:00:11.153261,0.33738274736919954,0.6509618012375047,8,0.11629357075111443,0.1509681755046214,0.031043346434650333,0.03199130061644867,0.03077788303487823,0.030788416980261236,9.926719402340244e-05,28,115,0.02005112809381004,0.1764980560001251,False,False,False,0.00046120198825944916,COMPLETE
327,0.3999454081058502,2025-04-16 15:35:38.398201,2025-04-16 15:35:49.583124,0 days 00:00:11.184923,0.3430008769985796,0.6567370258278424,8,0.1252466494413139,0.14382581870480046,0.032989868959528344,0.040285915199619014,0.027021643051895625,0.029553438488140616,0.00010055189303950872,28,114,0.057383304357412554,0.1867482690137429,False,False,False,0.0004560237306196903,COMPLETE
328,0.5595624089241028,2025-04-16 15:35:49.686284,2025-04-16 15:36:01.021185,0 days 00:00:11.334901,0.33558639249624417,0.6634085014013186,8,0.12031544675868586,0.15846544075355967,0.05702445126606763,0.033069247847737564,0.03144073654033001,0.026278783884805656,9.541852228762312e-05,29,116,0.014873998385657861,0.17765407897948743,False,False,False,0.0005398835942680126,COMPLETE
329,0.5773480653762818,2025-04-16 15:36:01.133495,2025-04-16 15:36:12.609475,0 days 00:00:11.475980,0.31188087271126236,0.6284594228123963,8,0.11193001723569071,0.14783593152133542,0.06097668170472092,0.037848060763019026,0.027317100769062467,0.029564049783887835,8.273564991356724e-05,30,119,0.01956141412307175,0.182971526202977,False,False,False,0.0007790532289890587,COMPLETE
330,0.5783164381980896,2025-04-16 15:36:12.714012,2025-04-16 15:36:24.203063,0 days 00:00:11.489051,0.330682104326983,0.6516762014457564,8,0.11552924735284663,0.14069062159361265,0.06180034969759547,0.031725937009619815,0.03298484964757854,0.029890347793999277,7.556475885134339e-05,30,117,0.019989004742501735,0.18448954381896673,False,False,False,0.0007473134694301209,COMPLETE
331,0.4456912994384766,2025-04-16 15:36:24.306617,2025-04-16 15:36:35.662403,0 days 00:00:11.355786,0.3266797366804929,0.6319054070259442,8,0.11486584250303425,0.14889703811309052,0.061914495517081294,0.03748398092782161,0.034230998434940235,0.02620466172697552,5.488336965147678e-05,29,109,0.02024389893836937,0.1838131734221145,False,False,False,0.0006727850286047708,COMPLETE
332,0.37258207798004156,2025-04-16 15:36:35.767235,2025-04-16 15:36:47.588042,0 days 00:00:11.820807,0.35714478506928665,0.6528164979807799,8,0.12010876775493629,0.15307930893623678,0.06206890433032766,0.031435889643424,0.0320563846227351,0.02767849857817001,7.624301249042702e-05,30,102,0.023180804608005534,0.17300493697122407,True,False,False,0.0004633039399020401,COMPLETE
333,0.5755199670791626,2025-04-16 15:36:47.701709,2025-04-16 15:36:59.132232,0 days 00:00:11.430523,0.31520332471901275,0.619620980452212,8,0.12425991176798885,0.14742188691307995,0.014854103860131699,0.03474956621134923,0.02732148732541874,0.029495057616154008,7.62691462270786e-05,30,114,0.0196151381320107,0.19115246160842173,False,False,False,0.000676837592331982,COMPLETE
334,0.425979220867157,2025-04-16 15:36:59.236173,2025-04-16 15:37:10.701376,0 days 00:00:11.465203,0.3179671577535761,0.589967963404393,8,0.13477489006370627,0.1457094095439715,0.024938431605314726,0.03399134984748937,0.028399309543667484,0.02850488042299315,3.197796230694565e-05,30,113,0.01968018503765269,0.18222148614282133,False,False,False,0.000827184395555332,COMPLETE
335,0.3563205659389496,2025-04-16 15:37:10.809114,2025-04-16 15:37:22.241272,0 days 00:00:11.432158,0.28917829486022356,0.5587009887189966,8,0.11846958025846317,0.1518674526985963,0.011716005264415862,0.03139705542227056,0.03057178588062969,0.030854557454276003,5.563261582181743e-05,30,113,0.024796555377015844,0.19178853071662127,False,False,False,0.0007850223997753549,COMPLETE
