number,value,datetime_start,datetime_complete,duration,params_alpha-eval,params_alpha-train,params_batch-size,params_eps-eval,params_eps-train,params_lambda-actions-eval,params_lambda-actions-train,params_lambda-frames-eval,params_lambda-frames-train,params_learning-rate,params_n-epochs,params_n-frames,params_radius-gw,params_rho,params_std-feats,params_ub-actions,params_ub-frames,params_weight-decay,state
0,0.19931281208992005,2025-04-14 15:16:31.275453,2025-04-14 15:16:37.842071,0 days 00:00:06.566618,0.2909399510150095,0.7470125283199801,16,0.2530847607224476,0.24999985880575795,0.008089010730411118,0.0463968286510799,0.05824345727219877,0.009491521110371697,1.003228737405442e-05,15,117,0.017673505028313576,0.008112556017825966,False,True,True,8.597439144012574e-06,COMPLETE
1,0.1913137137889862,2025-04-14 15:16:37.848591,2025-04-14 15:16:49.476669,0 days 00:00:11.628078,0.8321287357849361,0.8019559888763882,2,0.09297250354750394,0.11721673024916486,0.019035916785394652,0.05952509967160318,0.07591427534855309,0.04925500296977449,0.007469231009262944,11,60,0.006118914185857009,0.02281730604513052,True,False,True,1.7710884764019498e-08,COMPLETE
2,0.20454249978065492,2025-04-14 15:16:49.480525,2025-04-14 15:16:57.686471,0 days 00:00:08.205946,0.7994739024749828,0.5361195260391882,16,0.13589637036470814,0.26451196934068516,0.08833246266588103,0.019364199866498902,0.07033478038123653,0.083292837912352,0.0001486353674278181,29,137,0.05435909695106044,0.05111244381782914,True,True,True,1.7243775961440297e-07,COMPLETE
3,0.22563029527664186,2025-04-14 15:16:57.690601,2025-04-14 15:17:16.723701,0 days 00:00:19.033100,0.4206691257684293,0.5228657277832024,2,0.20985826973482627,0.021249634755645636,0.08630188245119913,0.05362785317567965,0.029866434901761253,0.09721906431336307,0.003217327964603977,25,131,0.02352911676031027,0.042692577695630014,True,True,False,1.1771805560972833e-06,COMPLETE
4,0.3133468389511108,2025-04-14 15:17:16.727817,2025-04-14 15:17:23.412958,0 days 00:00:06.685141,0.37792469152781005,0.9371939439490156,16,0.021455194818880183,0.07874109031740002,0.05992246383317599,0.05495181599862149,0.012594340892960632,0.04436139139450812,0.0023374296212481122,15,119,0.010286331333191734,0.22101811035718383,True,True,False,1.017316072576267e-06,COMPLETE
5,0.184735906124115,2025-04-14 15:17:23.417683,2025-04-14 15:17:32.296438,0 days 00:00:08.878755,0.7628907462065718,0.9622531445222754,8,0.17267197582149676,0.13503644524055602,0.04458204481264895,0.09880818845439655,0.047116903711169014,0.033681403739773484,0.00040693629811061545,24,97,0.04900031217207375,0.11527580331827993,True,False,True,3.8468213506037966e-08,COMPLETE
6,0.22286366224288942,2025-04-14 15:17:32.301189,2025-04-14 15:17:41.932139,0 days 00:00:09.630950,0.48230857777013586,0.10610669328825569,8,0.27688896390221845,0.06845539233106307,0.0333078386533515,0.02544171025411095,0.051968607220379257,0.08806423787199222,0.00959536304006244,30,52,0.05435419423900152,0.08498851226277189,True,True,False,2.9634785903317428e-08,COMPLETE
7,0.2984149158000946,2025-04-14 15:17:41.938560,2025-04-14 15:17:49.520980,0 days 00:00:07.582420,0.20475856706828266,0.5999121866818165,8,0.14813979813229403,0.0608924075756152,0.05765287517428911,0.039926669511143,0.02592928234599197,0.011317002076150127,0.018664156909683094,12,25,0.03210696352529628,0.2575026887368104,False,False,False,2.3046639795222057e-07,COMPLETE
8,0.28523938059806825,2025-04-14 15:17:49.526432,2025-04-14 15:17:59.719315,0 days 00:00:10.192883,0.45276035183408375,0.552341974468647,8,0.2771480165826402,0.22317998950114304,0.0014551144227270836,0.094855195449345,0.006064439987703338,0.04086794038929854,0.04994394574875508,27,148,0.03184431431756978,0.00749331563841767,False,False,False,3.367527175058741e-07,COMPLETE
9,0.19931281208992005,2025-04-14 15:17:59.724968,2025-04-14 15:18:05.917587,0 days 00:00:06.192619,0.2725693706844767,0.5165888736223794,8,0.2641756266527935,0.18398300469625628,0.07777761337651411,0.09659643800183278,0.03217489829840723,0.020133369541833607,0.023212029850562973,6,71,0.05432802986799114,0.2525735580854838,True,True,True,0.00041532139001306136,COMPLETE
10,0.2252357363700867,2025-04-14 15:18:05.924016,2025-04-14 15:18:12.864247,0 days 00:00:06.940231,0.024421710127846386,0.2736908273214097,16,0.006778871532337147,0.006933842880053012,0.06941393839110209,0.0016486936520421769,0.006933583559667132,0.06791308973169456,8.466746235922192e-05,20,100,0.09936327511090327,0.18931785546830537,False,True,False,2.363811444265239e-05,COMPLETE
11,0.27193548083305363,2025-04-14 15:18:12.870709,2025-04-14 15:18:19.621566,0 days 00:00:06.750857,0.07094890628392367,0.9976890239747567,16,0.012148758867939785,0.08132486830905072,0.05767092768012666,0.07300937368815535,0.02507606514437383,0.00868336920753917,0.0016917639749086317,13,16,0.0060171070899339395,0.27318273931781334,False,False,False,1.7427441026753567e-06,COMPLETE
12,0.2851232588291168,2025-04-14 15:18:19.628436,2025-04-14 15:18:25.859410,0 days 00:00:06.230974,0.19994686331462627,0.7527266900932034,16,0.08396446377185468,0.0658443977211884,0.059409661877980496,0.03855447901928714,0.09715153289586137,0.06345891233360573,0.06713575861252946,8,6,0.03668710404954226,0.19901219942818416,False,False,False,4.9285944204561454e-05,COMPLETE
13,0.3205614030361176,2025-04-14 15:18:25.866553,2025-04-14 15:18:34.593367,0 days 00:00:08.726814,0.6854817833945761,0.31102615764651387,8,0.06251961438019472,0.11107846106846275,0.0395627746224675,0.0738734766148372,0.017522050414450853,0.02742567861902699,0.0006822678053898835,19,35,0.074924813497904,0.22708171725765444,False,False,False,2.207370189337832e-07,COMPLETE
14,0.2788583397865295,2025-04-14 15:18:34.600896,2025-04-14 15:18:52.354882,0 days 00:00:17.753986,0.6467428021997901,0.3461258843955346,2,0.04785100676230884,0.16886461409196848,0.03699123851871595,0.07540698038492755,0.0011467959095303043,0.02608851172121233,0.00040909838474948633,19,34,0.07936410002774595,0.17972050710916027,True,False,False,9.900236323851213e-07,COMPLETE
15,0.20473541617393495,2025-04-14 15:18:52.362493,2025-04-14 15:19:00.106859,0 days 00:00:07.744366,0.9764162074812479,0.34495707828367367,8,0.06386610632507736,0.11285575850132226,0.027364323683696946,0.07162751642163674,0.018644936986982674,0.05927278902145532,0.0007290571818982692,17,92,0.0763107103667534,0.2105978116843987,False,True,False,6.108637192837505e-06,COMPLETE
16,0.2801910400390625,2025-04-14 15:19:00.115061,2025-04-14 15:19:07.807213,0 days 00:00:07.692152,0.5318295024404274,0.026643594402698312,16,0.040877580353331916,0.18508149775358756,0.09893579661213883,0.08412589835312581,0.038997013751036445,0.04321925172419686,7.807417869394041e-05,21,46,0.07453924613834295,0.2937113370868112,True,False,False,9.18862794213716e-08,COMPLETE
17,0.19893296957015993,2025-04-14 15:19:07.815651,2025-04-14 15:19:14.379623,0 days 00:00:06.563972,0.6210895027190872,0.20580772311670278,16,0.11115364377224843,0.0985011898243187,0.042130602879739874,0.060068325724158586,0.016143061552357407,0.027972659458544893,0.0028609738201109598,16,76,0.09020957847652654,0.1448176581500611,False,True,False,5.716054235170378e-07,COMPLETE
18,0.19716702103614808,2025-04-14 15:19:14.388389,2025-04-14 15:19:21.142106,0 days 00:00:06.753717,0.643594412345851,0.39913157396665766,8,0.030842755925567233,0.036303721210115464,0.06842876583172451,0.08269645222230848,0.018331094700178813,0.001577780235592005,1.73412492180733e-05,10,110,0.06688151931139359,0.22939195861356504,False,True,False,0.00019425886449353895,COMPLETE
19,0.2838513970375061,2025-04-14 15:19:21.151499,2025-04-14 15:19:41.592224,0 days 00:00:20.440725,0.3219310674780699,0.6796593801442481,2,0.07345060214908035,0.14875851224505832,0.04951812611659407,0.06467217321154743,0.04186742770299938,0.05408409732754649,0.0010780547948983977,23,37,0.06779921926369865,0.1549971853023696,True,False,False,4.684321441528985e-06,COMPLETE
20,0.27926385402679443,2025-04-14 15:19:41.601614,2025-04-14 15:19:48.610054,0 days 00:00:07.008440,0.9892786306229842,0.889057817135336,16,0.11645987987696926,0.04244883625335494,0.018170858361046576,0.029118081711099628,0.014413594149201547,0.07715540071377253,0.00023686831802863885,15,62,0.04301259399897937,0.23618880188560049,False,False,False,6.194934083784595e-08,COMPLETE
21,0.29299933910369874,2025-04-14 15:19:48.620087,2025-04-14 15:19:56.265999,0 days 00:00:07.645912,0.1369622778829271,0.6268111229276987,8,0.17382018856319736,0.05450798659906923,0.05591466328300179,0.0477313572178655,0.02733502548532669,0.01796942009297437,0.01076841257796569,12,23,0.017046868545034573,0.2668829414740715,False,False,False,3.034351791057224e-07,COMPLETE
22,0.30482401251792907,2025-04-14 15:19:56.275655,2025-04-14 15:20:04.183191,0 days 00:00:07.907536,0.3275358916477261,0.41360977705499913,8,0.21562950719671464,0.08889231615850801,0.06864997673991519,0.04081754006095643,0.010687869213254795,0.03469192781241263,0.003996962931518126,14,23,0.028136488252095873,0.2953449670560377,False,False,False,1.1241507978249666e-08,COMPLETE
23,0.27897114157676695,2025-04-14 15:20:04.193356,2025-04-14 15:20:12.832270,0 days 00:00:08.638914,0.3698681122071914,0.43263102042334306,8,0.23703695253349716,0.29980189562381626,0.07232379946386404,0.039748733588861086,0.010324068243492048,0.03860074525301331,0.004028464424341971,18,40,0.014194162152789158,0.28256623280831883,False,False,False,1.0684908990869764e-08,COMPLETE
24,0.3399039149284363,2025-04-14 15:20:12.842704,2025-04-14 15:20:20.704209,0 days 00:00:07.861505,0.566041762630821,0.19014394914621296,8,0.21457941600060104,0.09210722585688491,0.06385604071639953,0.053881992273942345,0.00252291846250809,0.04822179369554881,0.0014253006632916154,14,8,0.0022214707221376515,0.2269905236881928,False,False,False,9.605026619337495e-08,COMPLETE
25,0.32256104350090026,2025-04-14 15:20:20.715096,2025-04-14 15:20:29.724353,0 days 00:00:09.009257,0.5719961141641272,0.15282332739330784,8,0.19032255963156283,0.12544799993498484,0.04779926330102745,0.0675619660977425,0.0024024926942779507,0.05003774002511049,0.0019303516571257855,21,7,0.003167331738281869,0.22033965877738507,False,False,False,1.195876992849691e-07,COMPLETE
26,0.16527718901634217,2025-04-14 15:20:29.735521,2025-04-14 15:20:37.934711,0 days 00:00:08.199190,0.5470851695818992,0.1845865733375237,8,0.1836269806930794,0.13270475306702062,0.0461773844350659,0.06662720916264261,0.00226248828901669,0.053586416987423426,0.0008346151044951249,21,5,0.0026464050630070567,0.1558614714979835,False,False,True,6.865704609796884e-08,COMPLETE
27,0.29577941298484806,2025-04-14 15:20:37.947848,2025-04-14 15:20:47.179296,0 days 00:00:09.231448,0.71484027670264,0.018838998114951128,8,0.20234916816070905,0.16124593360256603,0.02649438554570431,0.08629885411108534,0.021375541500191518,0.04910065121507046,0.0012896811851345366,22,14,0.06312777795589458,0.2430312776711019,False,False,False,1.2973986653874002e-07,COMPLETE
28,0.33005460500717165,2025-04-14 15:20:47.191388,2025-04-14 15:20:55.702094,0 days 00:00:08.510706,0.8672558808910658,0.14279600947961396,8,0.23507844293529956,0.11296529343489671,0.03652425448550294,0.07955630159962296,0.002346930521028315,0.07115088842890893,0.000491668364651832,18,30,0.0010654363161693896,0.1801785853834916,False,False,False,2.9146457798669558e-08,COMPLETE
29,0.17392267584800722,2025-04-14 15:20:55.715285,2025-04-14 15:21:03.430872,0 days 00:00:07.715587,0.8721200960695044,0.1197573696420289,8,0.2420889462657683,0.21642457187701247,0.016813662824608038,0.0901200980300236,0.07000557411685508,0.07195118851695623,3.027611477699947e-05,17,14,0.021213084886940868,0.17846364217482083,False,False,True,3.088763946903018e-08,COMPLETE
30,0.3043729603290558,2025-04-14 15:21:03.444330,2025-04-14 15:21:13.337883,0 days 00:00:09.893553,0.8848886846167924,0.22816155930433557,8,0.22870144799293685,0.13872101332091555,0.030897007849501574,0.07944979404129268,0.0371302486851743,0.06057507556962399,0.0002863636174039799,26,22,0.0010327113549205545,0.11900657587658237,False,False,False,1.5442303261390598e-05,COMPLETE
31,0.32557966709136965,2025-04-14 15:21:13.350767,2025-04-14 15:21:22.085183,0 days 00:00:08.734416,0.5800129039132352,0.12169071478820202,8,0.19101755715981975,0.10886926656659837,0.038246230791272345,0.06735019668473868,0.0011501017443384131,0.07110865172207809,0.0005999005584876643,19,32,0.011615619122322111,0.211590849024798,False,False,False,4.635352396027275e-07,COMPLETE
32,0.29136829972267153,2025-04-14 15:21:22.097995,2025-04-14 15:21:30.674139,0 days 00:00:08.576144,0.5787218529472794,0.09347783621705344,8,0.19241848594367603,0.1231068801788204,0.05173777562719506,0.06376020943767909,0.0018325581927615235,0.0788282811328629,0.00016708604909705356,18,30,0.013064155611503184,0.20654342352220642,False,False,False,4.5833466764692146e-07,COMPLETE
33,0.294530326128006,2025-04-14 15:21:30.687398,2025-04-14 15:21:39.671597,0 days 00:00:08.984199,0.7507463328892665,0.16095879247158867,8,0.29308684459149265,0.10019534492684554,0.03574901472240137,0.05729447919419515,0.006666151843382682,0.06873478640861003,0.0015860606877400078,20,50,0.008549918597900764,0.17200787089161923,False,False,False,6.00821275391796e-08,COMPLETE
34,0.16259353160858156,2025-04-14 15:21:39.685236,2025-04-14 15:21:53.823041,0 days 00:00:14.137805,0.4893942710669488,0.26493113950952496,2,0.16426232393256737,0.1038464182152603,0.02347000160489715,0.06848755463271529,0.00779483100696318,0.09568139882595333,0.0005205224622615095,16,10,0.0010782566069977102,0.2036910017603224,False,False,True,1.2961174963869085e-07,COMPLETE
35,0.23822747468948366,2025-04-14 15:21:53.836861,2025-04-14 15:22:03.227944,0 days 00:00:09.391083,0.6001244236051151,0.06936696766736528,8,0.21813386341651594,0.15554445447895848,0.010764012452093477,0.05198547177170685,0.06415385480939875,0.049582011590666705,0.006640796474502804,23,57,0.021666008491770535,0.1351479235579513,False,False,False,2.5582447301361413e-08,COMPLETE
36,0.24628797173500064,2025-04-14 15:22:03.243552,2025-04-14 15:22:10.579573,0 days 00:00:07.336021,0.8192238555828594,0.14228394393933164,8,0.25570663965485996,0.12276996877095676,0.050204716614449224,0.0788639495604391,0.09335947450167184,0.0871664401962044,7.002164370746189e-05,10,43,0.008070293694424358,0.1649165257569677,False,False,False,2.108854955287519e-06,COMPLETE
37,0.1598934292793274,2025-04-14 15:22:10.593979,2025-04-14 15:22:17.923011,0 days 00:00:07.329032,0.4126635804067714,0.23801059805426067,8,0.15390202397896569,0.0849640427904149,0.042166868630077625,0.06138109209426214,0.08459479937485115,0.07526384775728275,0.001976023230432742,14,18,0.01542330779962983,0.21814254281203813,False,False,True,5.91830911102306e-07,COMPLETE
38,0.2989106774330139,2025-04-14 15:22:17.937728,2025-04-14 15:22:40.636473,0 days 00:00:22.698745,0.920231811576763,0.0662018850865094,2,0.2006963259387736,0.17813632931804588,0.06369872026270054,0.04856645312131559,0.012872634948025555,0.05654665145911025,0.005489851641800393,27,30,0.01026309285798765,0.0864475656565414,False,False,False,1.6180856030556682e-08,COMPLETE
39,0.2356041193008423,2025-04-14 15:22:40.651496,2025-04-14 15:22:50.205862,0 days 00:00:09.554366,0.7596382252205449,0.1908328680163437,8,0.12882692495661785,0.2066144944061652,0.08174140571194378,0.054757516527820294,0.051824570169832426,0.06492574922160908,0.00029060778893748085,24,65,0.024014252607733388,0.19071681909929822,False,False,False,4.0674688778126564e-08,COMPLETE
40,0.16155494451522828,2025-04-14 15:22:50.221828,2025-04-14 15:22:57.678886,0 days 00:00:07.457058,0.6924617559971873,0.4568232217793603,8,0.22497122364002886,0.14435689104643462,0.0529796893700581,0.09179835318477599,0.02299824467374963,0.08315947952355704,0.0010140531532563226,16,6,0.006392744026055347,0.2605894171274099,False,False,True,1.5518983804880318e-07,COMPLETE
41,0.3018140077590942,2025-04-14 15:22:57.694596,2025-04-14 15:23:06.406285,0 days 00:00:08.711689,0.6794400286402504,0.3335060938190169,8,0.1889487870891322,0.10912094603391106,0.0424780014783222,0.06964148256343076,0.0048632073388512635,0.04816417540162618,0.0004803455807334086,19,32,0.005030921256587995,0.22981409628311425,False,False,False,2.1705718157929576e-07,COMPLETE
42,0.3467519044876099,2025-04-14 15:23:06.422949,2025-04-14 15:23:15.094990,0 days 00:00:08.672041,0.5521690205088472,0.2892321036847957,8,0.15835868979153686,0.12410480484166914,0.03662214945598888,0.0773695454585962,0.011944685654478948,0.07171161118620417,0.0007323788388414015,19,28,0.04326194225195873,0.24760444267544204,False,False,False,9.937452151362401e-08,COMPLETE
43,0.29284383058547975,2025-04-14 15:23:15.111661,2025-04-14 15:23:24.093880,0 days 00:00:08.982219,0.5380070785084203,0.1493470598471688,8,0.15989891737831458,0.13148954266175564,0.03226857087052458,0.07984828687222792,0.010384901909715041,0.08258389274160269,0.00013579637283757007,21,25,0.042480244983991944,0.23750830353285812,False,False,False,1.0651720516945236e-07,COMPLETE
44,0.31553755402565004,2025-04-14 15:23:24.110539,2025-04-14 15:23:33.066115,0 days 00:00:08.955576,0.4551514088214714,0.06478631597454673,8,0.13657951950418604,0.07216212625841155,0.06307483455066454,0.08849651020264028,0.004342467498988575,0.07287989633832842,0.0023821485954135238,20,13,0.012860124769646344,0.24526256460818857,False,False,False,4.4908185469584257e-08,COMPLETE
45,0.28036739826202395,2025-04-14 15:23:33.084324,2025-04-14 15:23:41.714451,0 days 00:00:08.630127,0.5737340208499337,0.2811660271155134,8,0.17609001316711176,0.08557992816448551,0.0475026622782723,0.07482504252079877,0.009149698220827595,0.0920350863341585,0.0006124478837183714,18,52,0.027172161263671002,0.21140495380887445,True,False,False,2.079205603807194e-08,COMPLETE
46,0.2425924897193909,2025-04-14 15:23:41.731940,2025-04-14 15:23:50.176612,0 days 00:00:08.444672,0.4841276591023558,0.11303327253473844,8,0.24882722217747258,0.11945448026201769,0.037849411633710195,0.057904257116711,0.0018289444077041425,0.06708721488396531,0.0013470935172053536,22,87,0.019387461971581147,0.19425620087129386,False,True,False,8.580204597947154e-07,COMPLETE
47,0.2874011278152466,2025-04-14 15:23:50.194212,2025-04-14 15:23:58.095326,0 days 00:00:07.901114,0.43511819710402994,0.23401393238851004,8,0.20168847333425077,0.09741499576909927,0.022943630480970867,0.043319164944008295,0.01433688740876967,0.059727054086944426,0.00017469512094820395,14,20,0.03397614431818961,0.2528443390272676,False,False,False,4.076891514308435e-07,COMPLETE
48,0.3998427867889404,2025-04-14 15:23:58.114499,2025-04-14 15:24:14.593346,0 days 00:00:16.478847,0.383881567325994,0.16976932632709807,2,0.2634242793902799,0.05772692179429,0.03137654885014181,0.0016597703407397676,0.02891304092035089,0.04471278142411303,0.0003592574464143922,17,29,0.04912113672643979,0.27474822825699646,False,False,False,1.8983671597870667e-06,COMPLETE
49,0.19931281208992005,2025-04-14 15:24:14.611752,2025-04-14 15:24:28.145343,0 days 00:00:13.533591,0.39515782333609717,0.37296052163871823,2,0.2839236662526541,0.01711934346476303,0.03125550230621582,0.014782629335872993,0.030118294407123464,0.044273329999055255,0.00035646518300438637,12,44,0.05134734483539855,0.2733162928968154,True,False,False,2.3226821882598417e-06,COMPLETE
50,0.225849723815918,2025-04-14 15:24:28.163577,2025-04-14 15:24:41.678924,0 days 00:00:13.515347,0.2517628708318119,0.288503109992866,2,0.2659408753877919,0.052238167042416676,0.0148722401971845,0.005353367953853634,0.034247665569073465,0.036132528942793285,0.00011755593333416425,15,28,0.040853054915713005,0.28097762279439864,False,True,False,1.1913282041363795e-06,COMPLETE
51,0.3130368530750275,2025-04-14 15:24:41.698001,2025-04-14 15:24:58.289734,0 days 00:00:16.591733,0.5153879111842357,0.17680597576541923,2,0.22980869280048843,0.07444952021399176,0.03476051996615004,0.07683150482307319,0.020706038754607303,0.052220121588459206,0.0006011964601926058,17,10,0.059726425143644735,0.21942738219484795,False,False,False,2.1750439763817198e-07,COMPLETE
52,0.38239707946777346,2025-04-14 15:24:58.309234,2025-04-14 15:25:16.341647,0 days 00:00:18.032413,0.629906249492697,0.14735005772780307,2,0.2616588840605664,0.03808137277175987,0.04439159820641115,0.03406715744595322,0.04558219448304219,0.046448752762304105,0.00023847832869016154,19,37,0.0038843810835837984,0.2509640444621102,False,False,False,8.34712135810545e-08,COMPLETE
53,0.3445152282714844,2025-04-14 15:25:16.361438,2025-04-14 15:25:34.096391,0 days 00:00:17.734953,0.6298245525501547,0.01385365871748484,2,0.2980658271363407,0.028167937573669134,0.027792048642398894,0.029034776235948287,0.04622696362531169,0.057284763126591504,0.00021950492215992004,19,36,0.04982910723880703,0.25371075780894803,False,False,False,5.481178853230466e-08,COMPLETE
54,0.2812315165996552,2025-04-14 15:25:34.116375,2025-04-14 15:25:50.320116,0 days 00:00:16.203741,0.6384974932914096,0.054667291381515035,2,0.2770645152426167,0.030615442073942713,0.025713767174910068,0.032373754544110435,0.04791310049346796,0.04059185872237588,5.3173743911774135e-05,16,38,0.04964096639293354,0.25686930846577827,False,False,False,9.160544954226779e-05,COMPLETE
55,0.19931281208992005,2025-04-14 15:25:50.342791,2025-04-14 15:26:08.063338,0 days 00:00:17.720547,0.7278687666570127,0.22025253710225878,2,0.2610601831881001,0.004163282506103642,0.0198776227124385,0.01896678166594213,0.06131870648424789,0.05630691464046373,0.0002406990213338513,19,46,0.05834981322986994,0.2999705313831327,False,False,False,1.692946599550653e-08,COMPLETE
