number,value,datetime_start,datetime_complete,duration,params_alpha-eval,params_alpha-train,params_batch-size,params_eps-eval,params_eps-train,params_lambda-actions-eval,params_lambda-actions-train,params_lambda-frames-eval,params_lambda-frames-train,params_learning-rate,params_n-epochs,params_n-frames,params_radius-gw,params_rho,params_std-feats,params_ub-actions,params_ub-frames,params_weight-decay,state
284,0.4239345908164978,2025-04-12 18:44:01.972195,2025-04-12 18:44:09.464229,0 days 00:00:07.492034,0.699955312042494,0.8960213998033789,8,0.025045426131959134,0.2999280574765357,0.09669008092805302,0.02148051635347726,0.09141273942501477,0.03142915601184833,0.06188824653012919,14,101,0.061406211620764935,0.24819130167023623,True,True,True,3.6189137460139175e-06,COMPLETE
285,0.4231775522232055,2025-04-12 18:44:09.554598,2025-04-12 18:44:17.183782,0 days 00:00:07.629184,0.6486758863474722,0.8816164961262221,8,0.022133057245498293,0.2967383482240992,0.09617681488890277,0.021433671409939518,0.09131201175882385,0.030511015775617323,0.0609120539871737,14,100,0.061831504032961025,0.2485254962185972,True,True,True,2.2078916922400415e-06,COMPLETE
286,0.4232073307037354,2025-04-12 18:44:17.275608,2025-04-12 18:44:24.887922,0 days 00:00:07.612314,0.6524190032124993,0.8868504812188169,8,0.022419492694673877,0.2967614351123849,0.09602715449864607,0.02090188957273219,0.09208182696817249,0.030013783107377238,0.06089646494984642,14,98,0.060648474564570905,0.25015527217750655,True,True,True,3.755055775501923e-06,COMPLETE
287,0.4229982256889343,2025-04-12 18:44:24.980241,2025-04-12 18:44:34.810729,0 days 00:00:09.830488,0.6450454045215903,0.8968373473095976,8,0.020908945341284006,0.2967164715623178,0.0964027900973275,0.020836905621625747,0.09148720822600222,0.0304300258590962,0.0632595585079875,29,98,0.061137148474714784,0.2561511491005995,True,True,True,3.4941588861424875e-06,COMPLETE
288,0.42265552282333374,2025-04-12 18:44:34.911404,2025-04-12 18:44:44.705084,0 days 00:00:09.793680,0.6642203062256714,0.8749160359266032,8,0.0215344163342892,0.29981981257253587,0.0965380223437195,0.020459826298330715,0.09136130079021541,0.03090125057560339,0.06594814528633537,29,98,0.06187276507272234,0.24477584969625715,True,True,True,3.927251265563411e-06,COMPLETE
289,0.42505118846893314,2025-04-12 18:44:44.797857,2025-04-12 18:44:52.528984,0 days 00:00:07.731127,0.6456652202999912,0.8752931019624306,8,0.01908875227097417,0.2990338226869171,0.09689979581148556,0.0209141458414192,0.09126793181938783,0.030927623326433926,0.06337630433616791,15,91,0.06188957482680178,0.24987198329561303,True,True,True,4.362561523835588e-06,COMPLETE
290,0.41872105598449705,2025-04-12 18:44:52.620914,2025-04-12 18:45:02.598755,0 days 00:00:09.977841,0.6451292605090985,0.8720218568135331,8,0.020555643177016587,0.29799240985305553,0.0962931631499459,0.02118280717256215,0.09101813424052357,0.032789421317999064,0.060278260888021164,30,96,0.061644262941890404,0.24738435121715233,True,True,True,4.441746987131699e-06,COMPLETE
291,0.42204406261444094,2025-04-12 18:45:02.690145,2025-04-12 18:45:12.503769,0 days 00:00:09.813624,0.6189442583902376,0.8782365353676523,8,0.019283108688877185,0.2993955036087754,0.0969633491309149,0.02064110388883295,0.09121625317231755,0.030719550816925185,0.06596496614088078,29,98,0.06221874582602477,0.24675638194490232,True,True,True,3.73081538121709e-06,COMPLETE
292,0.4188604593276978,2025-04-12 18:45:12.596772,2025-04-12 18:45:22.228735,0 days 00:00:09.631963,0.6220412240567147,0.8674010014906526,8,0.021237305477913273,0.2994596693062271,0.09629185271632028,0.02038636183279203,0.09380186655962991,0.03097730841094223,0.06307422473993653,28,98,0.0634848108648796,0.24595797998257446,True,True,True,5.8154196268808745e-06,COMPLETE
293,0.4222844362258912,2025-04-12 18:45:22.331993,2025-04-12 18:45:32.120139,0 days 00:00:09.788146,0.6029904888590822,0.8825397342049027,8,0.019487435529540423,0.29982578768385737,0.09857170734573875,0.01926957484985635,0.091032341412431,0.03342741083138374,0.06585582481320897,29,98,0.06160754943135939,0.24630007483305524,True,True,True,3.985786449521415e-06,COMPLETE
294,0.419848108291626,2025-04-12 18:45:32.213367,2025-04-12 18:45:42.059755,0 days 00:00:09.846388,0.5994770710754469,0.8788983813776368,8,0.02117876434350459,0.2974464442857407,0.09908634189816792,0.018782267144238945,0.09096503581099623,0.033723784311488945,0.06765931417971485,29,97,0.06099020694365023,0.24627320837061883,True,True,True,3.564984680833287e-06,COMPLETE
295,0.19931281208992005,2025-04-12 18:45:42.153072,2025-04-12 18:45:51.989252,0 days 00:00:09.836180,0.6332335559148219,0.33797676375217633,8,0.01974473197181754,0.29953837216102797,0.09584092729022789,0.02153103357494339,0.09163952361619453,0.030926467983765624,0.06803255284806839,29,90,0.061983072933083534,0.2486244079047082,True,True,True,5.041701067112492e-06,COMPLETE
296,0.4234838962554932,2025-04-12 18:45:52.083336,2025-04-12 18:46:01.855626,0 days 00:00:09.772290,0.6117939554936429,0.8712964641051671,8,0.0235548888590014,0.29920086297078313,0.09505322498096454,0.019301741443513213,0.09451346696793046,0.02998961123141513,0.05719428648942477,29,99,0.060045368591098276,0.25113342412422945,True,True,True,4.125130664892063e-06,COMPLETE
297,0.4216004252433777,2025-04-12 18:46:01.949464,2025-04-12 18:46:11.964189,0 days 00:00:10.014725,0.6471045566683912,0.8822218741116752,8,0.02556489269765084,0.2941718879185469,0.09467119405110518,0.01943927332253205,0.09508349137070772,0.03276589865225388,0.05186362675159058,30,100,0.05899926675655113,0.25187698255209523,True,True,True,4.713885503730339e-06,COMPLETE
298,0.42224520444869995,2025-04-12 18:46:12.068625,2025-04-12 18:46:21.973648,0 days 00:00:09.905023,0.6584114258607258,0.8934718135924716,8,0.025097855703742282,0.29443691928844995,0.09981397064345346,0.018934403147090155,0.09388502447072396,0.028785422964109603,0.055338523023163465,30,101,0.06015139732312725,0.24437625434227628,True,True,True,3.7702351923224516e-06,COMPLETE
299,0.41077251434326173,2025-04-12 18:46:22.069472,2025-04-12 18:46:31.823799,0 days 00:00:09.754327,0.5612863059987877,0.8763357463467545,8,0.01541568253441836,0.2940536635088761,0.09950458993837144,0.018768372808418168,0.0939298604809645,0.030140103880663686,0.05350352082919794,29,92,0.060281783783260615,0.24260485023182873,True,True,True,3.892466164098841e-06,COMPLETE
300,0.31205766797065737,2025-04-12 18:46:31.918714,2025-04-12 18:46:41.788987,0 days 00:00:09.870273,0.6550905653321382,0.8953792508393386,8,0.022952245249934618,0.29385201149336776,0.09836629246247536,0.019177588283289703,0.09571125832709342,0.0340787734324254,0.05822662592621891,30,98,0.06404645954716434,0.2538301914521947,True,False,True,5.742096594518021e-06,COMPLETE
301,0.41941387653350837,2025-04-12 18:46:41.884987,2025-04-12 18:46:51.815243,0 days 00:00:09.930256,0.6328705501025685,0.8606246700592931,8,0.025192701653248977,0.29928432118332216,0.0957645388405556,0.020225752825280646,0.09322206434050773,0.0299433860270154,0.048391063932993736,30,101,0.06052601493954208,0.25039552087250255,True,True,True,4.171201515106397e-06,COMPLETE
302,0.41846078634262085,2025-04-12 18:46:51.911417,2025-04-12 18:47:01.575492,0 days 00:00:09.664075,0.6588711604783809,0.886615867207235,8,0.017295548742970693,0.29145429307125065,0.09969132324357538,0.018123469555645758,0.09624668616799317,0.03198796042113114,0.05981163319249013,28,100,0.06268052500169492,0.2540139513531282,True,True,True,1.6879156082368334e-08,COMPLETE
303,0.19931281208992005,2025-04-12 18:47:01.680115,2025-04-12 18:47:11.370893,0 days 00:00:09.690778,0.6077265782079012,0.8960866168638972,8,0.026816030116796098,0.2936694657101277,0.09486588651372248,0.023239568203774166,0.09846719443951721,0.028182823856407753,0.07776245373485317,29,89,0.05995303261319173,0.24872789937221512,True,True,False,3.1745870985850178e-06,COMPLETE
304,0.3919790029525757,2025-04-12 18:47:11.467120,2025-04-12 18:47:21.244098,0 days 00:00:09.776978,0.579706555440965,0.8682564955938379,8,0.01437101493775372,0.29274783084443284,0.0971477184059936,0.020626956918855563,0.0928180149628158,0.03511152062207436,0.04361107388097153,29,96,0.06407416717725373,0.2422988919758403,True,True,True,5.017258235399889e-06,COMPLETE
305,0.4243638515472412,2025-04-12 18:47:21.340536,2025-04-12 18:47:31.297933,0 days 00:00:09.957397,0.6675517329721632,0.8906935823079214,8,0.025547663116337185,0.2990138306155531,0.09443102401663078,0.01795624370561898,0.09004052093995701,0.02940474341591244,0.052585037994172135,30,85,0.05889129183903777,0.253824175746764,True,True,True,3.5501287200561893e-06,COMPLETE
306,0.4218265295028687,2025-04-12 18:47:31.394052,2025-04-12 18:47:41.205675,0 days 00:00:09.811623,0.6630480593439434,0.8555171783795059,8,0.023460192540776494,0.29987926399185716,0.09437830285175809,0.018099223272679942,0.08998918102894933,0.03181575136381444,0.056718456138685446,30,82,0.06146768710839749,0.24226531112745578,True,True,True,3.556720548811431e-06,COMPLETE
307,0.4223031878471375,2025-04-12 18:47:41.312572,2025-04-12 18:47:51.019580,0 days 00:00:09.707008,0.6467375455429826,0.8360113715135328,8,0.019462065615273437,0.2949907156080496,0.09740823817854684,0.01669337936936463,0.09428040449119329,0.029530863802484306,0.06837519321807958,29,85,0.0584856436508519,0.25621411505024705,True,True,True,4.111588407028029e-06,COMPLETE
308,0.4204814553260803,2025-04-12 18:47:51.117836,2025-04-12 18:48:00.896615,0 days 00:00:09.778779,0.6123013347637493,0.8434455508925036,8,0.019306023351100626,0.2991803479557495,0.0997655194516767,0.01664848299186726,0.09479478043596014,0.030113088211373883,0.06434304273983843,29,87,0.06384042294979363,0.25385025182059395,True,True,True,4.3712336623666705e-06,COMPLETE
309,0.4222424983978272,2025-04-12 18:48:00.993913,2025-04-12 18:48:10.868732,0 days 00:00:09.874819,0.639689771902073,0.8760373617686926,8,0.014052821957065895,0.2933894277066942,0.09673216117546893,0.015883007701208027,0.09689309750579825,0.03327826852408123,0.05296016225301812,30,92,0.06036186080293329,0.24429440758650947,True,True,True,5.429857703176521e-06,COMPLETE
310,0.4238670229911804,2025-04-12 18:48:10.967136,2025-04-12 18:48:20.940301,0 days 00:00:09.973165,0.6706853686588427,0.8945260271704305,8,0.025629434961419846,0.2993030335580183,0.09791576553333203,0.018298603935504268,0.08979062477242648,0.02956273825125255,0.03924931642166625,30,87,0.058915666190931894,0.25595332304367857,True,True,True,6.5553837982862055e-06,COMPLETE
311,0.4261468887329102,2025-04-12 18:48:21.039023,2025-04-12 18:48:30.677004,0 days 00:00:09.637981,0.6762499864148689,0.8651120179571781,8,0.020290205536048173,0.2898588293248485,0.09737590333299212,0.022446703514905717,0.0895244467184333,0.031696329426451474,0.03797775053218458,28,81,0.05772785180063038,0.25633000213940604,True,True,True,3.1175732020805414e-06,COMPLETE
312,0.4241458535194397,2025-04-12 18:48:30.786003,2025-04-12 18:48:40.366007,0 days 00:00:09.580004,0.68132149633206,0.8427334618612893,8,0.026476402434330488,0.2903065039854116,0.09500391505056234,0.02374338061769632,0.08972197170128511,0.031712839792263255,0.03585189966249686,28,84,0.0570559520798097,0.2585900366375386,True,True,True,6.5383727471936346e-06,COMPLETE
313,0.4235113024711609,2025-04-12 18:48:40.464299,2025-04-12 18:48:50.014774,0 days 00:00:09.550475,0.6768658247563569,0.8655884228800489,8,0.02784172385553521,0.2886039028564466,0.09512237192031289,0.02314029588719769,0.08924059469237279,0.03161725511437182,0.03715422572429553,28,76,0.0560083514619729,0.2571388831213799,True,True,True,7.053066736460628e-06,COMPLETE
314,0.42355469465255735,2025-04-12 18:48:50.114939,2025-04-12 18:48:59.766402,0 days 00:00:09.651463,0.6718849751066157,0.862184317897037,8,0.028781208376832082,0.2895187769087833,0.0940751067217062,0.024166096689284634,0.08923091636524516,0.0314769739809124,0.03865744379562415,28,77,0.05677186894154897,0.2584340853079874,True,True,True,6.70918005619919e-06,COMPLETE
315,0.4204892158508301,2025-04-12 18:48:59.865850,2025-04-12 18:49:09.380468,0 days 00:00:09.514618,0.6679146133874093,0.8373302666993035,8,0.02842819545112194,0.2892115745105598,0.09536516601306606,0.02421536493099874,0.08946187828691698,0.03181152767688598,0.03672342793845336,27,75,0.052882613846518815,0.2577989232909071,True,True,True,7.0288497284108715e-06,COMPLETE
316,0.42195249795913703,2025-04-12 18:49:09.493338,2025-04-12 18:49:18.894843,0 days 00:00:09.401505,0.6787234852619483,0.8646199523821904,8,0.02706071692511433,0.2892445572946231,0.09472721896887944,0.02439844421202218,0.08893709049366665,0.03131514737532151,0.042229397930396886,27,79,0.05689412965205967,0.2563902442078061,True,True,True,6.659648817950808e-06,COMPLETE
317,0.2574982285499573,2025-04-12 18:49:18.995633,2025-04-12 18:49:28.584187,0 days 00:00:09.588554,0.6732642933042587,0.8534428178017421,8,0.1374412133538245,0.28985755281980025,0.09630700395641412,0.022783646616276583,0.08999637222716535,0.030070197289911334,0.034354384676044826,28,80,0.09683447923985808,0.2510747284963372,True,True,True,6.663175890541795e-06,COMPLETE
318,0.42571898698806765,2025-04-12 18:49:28.684638,2025-04-12 18:49:38.271767,0 days 00:00:09.587129,0.638559444905508,0.8680035999851623,8,0.026697649879869518,0.28916284789378466,0.09425457026996482,0.022264357730835623,0.08928914747199126,0.03572461449545374,0.04130091446589266,28,84,0.05529442397109949,0.2528682089046475,True,True,True,5.5119640737458535e-06,COMPLETE
319,0.42275483608245845,2025-04-12 18:49:38.371610,2025-04-12 18:49:47.912803,0 days 00:00:09.541193,0.6347044092292219,0.8277833697700927,8,0.02913433852592314,0.28887452259620316,0.09403434055817339,0.024312821261798387,0.08854192532142796,0.036263072754981265,0.03817609687601269,28,83,0.05571428966830544,0.2574713030500715,True,True,True,5.5362933085032e-06,COMPLETE
320,0.4045696616172791,2025-04-12 18:49:48.024366,2025-04-12 18:49:57.511484,0 days 00:00:09.487118,0.6862357069047287,0.855464643499373,8,0.02681023642968272,0.28926669629592977,0.09401215856464133,0.021979159781266484,0.08910233388538938,0.03472614543335688,0.03696669647986277,28,73,0.05468137964826614,0.2516592394357606,True,False,True,7.573593304394355e-06,COMPLETE
321,0.42392734289169315,2025-04-12 18:49:57.612905,2025-04-12 18:50:06.932798,0 days 00:00:09.319893,0.652690615005198,0.8694216545443776,8,0.012939373564622365,0.2998322531948781,0.09550465322860574,0.022527499313031142,0.09063547199417253,0.032688331895631535,0.04475807440607084,26,85,0.0525122436767633,0.2557372788076,True,True,True,5.549795469403932e-06,COMPLETE
322,0.42336834669113155,2025-04-12 18:50:07.034943,2025-04-12 18:50:16.522895,0 days 00:00:09.487952,0.6465701804659723,0.840213344638561,8,0.014942097349124895,0.29405592059071217,0.09604800763482224,0.02458703664627523,0.08701705639624581,0.032873183201032115,0.032529930665880134,27,87,0.05302083596735192,0.25509292222250396,True,True,True,5.80080573178094e-06,COMPLETE
323,0.19931281208992005,2025-04-12 18:50:16.626004,2025-04-12 18:50:25.973400,0 days 00:00:09.347396,0.6218945938582415,0.8368395685451678,8,0.22286189090092792,0.29036837746345046,0.09437086628565709,0.024899446782837346,0.08754630128221481,0.0349961021516877,0.031117869943207095,27,81,0.05309605626944917,0.25135280606317756,True,True,True,5.2606441227695725e-06,COMPLETE
324,0.24755780696868895,2025-04-12 18:50:26.076024,2025-04-12 18:50:35.348603,0 days 00:00:09.272579,0.678471852545786,0.8208005014821018,8,0.009869377540886147,0.29966181355045646,0.09744296227567606,0.023014436592339656,0.08648972411657574,0.0379662249973924,0.04186589616357532,27,84,0.05186613498051911,0.25898804005766385,True,True,False,9.57865874720273e-06,COMPLETE
325,0.42509179115295415,2025-04-12 18:50:35.460797,2025-04-12 18:50:44.866889,0 days 00:00:09.406092,0.6552478871179506,0.8637225790501173,8,0.013453137363513643,0.29288836750968533,0.0953261609922013,0.025003140927560463,0.08917442448621371,0.032087165173297454,0.030705427005888953,27,86,0.05162899735459765,0.25907937504108536,True,True,True,6.643448825838387e-06,COMPLETE
326,0.42399924993515015,2025-04-12 18:50:44.969130,2025-04-12 18:50:54.432022,0 days 00:00:09.462892,0.6495232458678057,0.8492900130043275,8,0.015482416783109835,0.2998970621610651,0.09547383356132606,0.028836186326143036,0.08910391540200363,0.03421403107039876,0.029957083994703104,27,86,0.052085972141178,0.2498262413813789,True,True,True,6.513121917188886e-06,COMPLETE
327,0.4243444085121155,2025-04-12 18:50:54.535588,2025-04-12 18:51:03.838473,0 days 00:00:09.302885,0.6657437225543318,0.8520061808332319,8,0.013035818118075311,0.2925754519771752,0.09386336733397703,0.027740939815264955,0.08721446672584098,0.03611951319417088,0.029814301560864908,26,86,0.05140927235906101,0.2581684793187729,True,True,True,6.913529139028765e-06,COMPLETE
328,0.3793746829032898,2025-04-12 18:51:03.941813,2025-04-12 18:51:13.372266,0 days 00:00:09.430453,0.6838117899937646,0.8485181597095964,8,0.008512844169340592,0.28916865338544345,0.09355510583025131,0.03033758272330551,0.08695015943164722,0.03847162857538381,0.024094806968109703,27,86,0.0506501566297817,0.2579477980474621,True,True,True,7.025241486607068e-06,COMPLETE
329,0.38184717893600467,2025-04-12 18:51:13.486222,2025-04-12 18:51:22.782635,0 days 00:00:09.296413,0.673287071932625,0.8245717176043877,8,0.01385001356947314,0.29258012124136706,0.04825077980809094,0.027889539895809376,0.08889730699674936,0.0361230954210378,0.029463657176235492,26,77,0.05206923923839699,0.2586353893018544,True,True,True,8.766970046914935e-06,COMPLETE
330,0.33292765617370607,2025-04-12 18:51:22.887331,2025-04-12 18:51:31.994582,0 days 00:00:09.107251,0.6316744452147598,0.8402539112489977,8,0.010489165609116922,0.28767334863632527,0.09368672198006313,0.029252323388364785,0.0864012896349117,0.033427482015097286,0.030248601644912564,25,85,0.052148408237618654,0.2550629568942335,True,True,True,5.7328328498187035e-06,COMPLETE
331,0.417100739479065,2025-04-12 18:51:32.098109,2025-04-12 18:51:41.413823,0 days 00:00:09.315714,0.6629185019012671,0.8603937823390825,8,0.01430918837616783,0.29286927280013286,0.09802208844510868,0.0321806205929816,0.08847724549702808,0.03626298708256193,0.02049611181238518,26,88,0.05324196448972053,0.26056813988838823,True,True,True,6.845388518132652e-06,COMPLETE
332,0.27230410575866704,2025-04-12 18:51:41.518638,2025-04-12 18:51:51.018000,0 days 00:00:09.499362,0.4373324294264974,0.8117008062777555,8,0.014160930804082091,0.2996728177269734,0.09530788073528738,0.026865369092153837,0.0855883967159911,0.039872816252005505,0.03195976416104887,27,71,0.03038676837754861,0.23925070736358778,True,True,True,7.953571179333184e-06,COMPLETE
333,0.19931281208992005,2025-04-12 18:51:51.132328,2025-04-12 18:52:00.521475,0 days 00:00:09.389147,0.6304529129340141,0.8647633563191822,8,0.19177182731908227,0.286916595291911,0.09425147307050029,0.026300313296292347,0.08981824551302663,0.03315578872427213,0.03434128608569527,27,78,0.05110236568535062,0.15797395906943248,True,True,True,6.135267503156456e-06,COMPLETE
334,0.4121000528335571,2025-04-12 18:52:00.627312,2025-04-12 18:52:09.860350,0 days 00:00:09.233038,0.6873837255583548,0.8450351771201488,8,0.015549254077288138,0.2930462405318584,0.09291342185411706,0.02789132059377109,0.08719286985777293,0.03454036752473872,0.039223021892065724,26,83,0.053984163196018384,0.2524574059577459,True,True,True,5.052166112910892e-06,COMPLETE
335,0.3695254683494568,2025-04-12 18:52:09.966108,2025-04-12 18:52:19.565775,0 days 00:00:09.599667,0.659311192996111,0.8622539902359218,8,0.010134815296361201,0.28631389889225817,0.09818173466531985,0.025032574878450165,0.08930461757784192,0.03286715369509788,0.025091771576185983,28,89,0.05383337061270974,0.258929897490253,True,True,True,6.425952749558341e-06,COMPLETE
336,0.42226171493530273,2025-04-12 18:52:19.672634,2025-04-12 18:52:29.301881,0 days 00:00:09.629247,0.6806419153249478,0.8448274259806576,8,0.01627011863035769,0.29985304145928593,0.0954687427883151,0.025203751550940987,0.08755046531735898,0.03716044823453798,0.026962659556940508,28,85,0.05144298295419939,0.24973227359712208,True,True,True,8.082312752614427e-06,COMPLETE
337,0.42276514768600465,2025-04-12 18:52:29.417554,2025-04-12 18:52:38.621281,0 days 00:00:09.203727,0.6149498463495715,0.8232140981202254,8,0.025132085811105345,0.2907999208903179,0.09307648423639107,0.027826286214005014,0.09006835083310032,0.03580670458573915,0.04043753288381157,26,77,0.05572598561052801,0.2612333868001043,True,True,True,9.250273256422199e-06,COMPLETE
338,0.2049886703491211,2025-04-12 18:52:38.729438,2025-04-12 18:52:48.153150,0 days 00:00:09.423712,0.6471160839763209,0.48154890191012195,8,0.030369099212932557,0.28595100579031996,0.09768518963263181,0.024084531317018154,0.08585694477540522,0.032503024171867956,0.031507360899421605,27,81,0.0563398155567799,0.12161856707009694,True,True,True,5.176809769782082e-06,COMPLETE
339,0.4245602011680603,2025-04-12 18:52:48.261616,2025-04-12 18:52:57.856835,0 days 00:00:09.595219,0.6890594552625707,0.8646877249084259,8,0.01766494753816027,0.2944110371459303,0.09545257711343944,0.0333484164434544,0.090013800373417,0.034606482760066413,0.043897935927988414,28,87,0.054260105800370544,0.2545063987108608,True,True,True,5.031953489883697e-06,COMPLETE
340,0.31665832400321964,2025-04-12 18:52:57.967022,2025-04-12 18:53:07.490826,0 days 00:00:09.523804,0.6919640844056938,0.870235915858528,8,0.008920173423199743,0.29403205634403357,0.09574317610160868,0.035198409236489835,0.09007040290191347,0.053370734283231705,0.02289739194545389,28,87,0.05400764291032543,0.2510276773381072,True,False,True,6.212365533973097e-06,COMPLETE
