number,value,datetime_start,datetime_complete,duration,params_alpha-eval,params_alpha-train,params_batch-size,params_eps-eval,params_eps-train,params_lambda-actions-eval,params_lambda-actions-train,params_lambda-frames-eval,params_lambda-frames-train,params_learning-rate,params_n-epochs,params_n-frames,params_radius-gw,params_rho,params_std-feats,params_ub-actions,params_ub-frames,params_weight-decay,state
281,0.525900661945343,2025-04-14 16:00:30.726579,2025-04-14 16:00:38.546334,0 days 00:00:07.819755,0.46649335133144654,0.13415599890207755,16,0.0004884923060856506,0.010554890193534767,0.0869850177339161,0.061539210714097306,0.03321869946981496,0.09228977862436234,0.0004755400639448145,30,42,0.09568991754022854,0.11264533184337794,False,True,True,2.1372887625737785e-05,COMPLETE
282,0.27729145884513856,2025-04-14 16:00:38.635248,2025-04-14 16:00:48.276239,0 days 00:00:09.640991,0.46333354506120267,0.9599678224948525,8,0.0002466475921554974,0.010355122563779285,0.08668162748302194,0.06151989256587176,0.03338595654804906,0.09177855904139287,0.00045734190314637306,30,42,0.09529466519938475,0.11333514474825317,False,True,True,2.1833068183273906e-05,COMPLETE
283,0.3993381857872009,2025-04-14 16:00:48.364591,2025-04-14 16:00:56.270946,0 days 00:00:07.906355,0.44320257099790195,0.1296392070139097,16,0.0058260485358860485,0.01237705242658431,0.08462402674941033,0.061380902741772034,0.03960650671612516,0.09301729555352896,0.0005450041746337205,30,49,0.09432569466445472,0.12495156482183166,False,True,True,3.025180950223732e-05,COMPLETE
284,0.4017431974411011,2025-04-14 16:00:56.369791,2025-04-14 16:01:04.107779,0 days 00:00:07.737988,0.430299610829249,0.13163031512813805,16,0.006891117218808404,0.017870220111875407,0.08684900365771209,0.05930359762181498,0.03309938587468433,0.09419743268178435,0.00044656728711415237,29,45,0.09959510666167085,0.1634762868748298,False,True,True,2.552910747987351e-05,COMPLETE
285,0.3914555549621582,2025-04-14 16:01:04.197681,2025-04-14 16:01:12.074285,0 days 00:00:07.876604,0.4854014608985482,0.18373760351398827,16,0.002008200804376016,0.00801650172931221,0.08448748373572289,0.06287149617039636,0.030371003260739163,0.09029738169209876,0.029600830696872756,30,47,0.0972727796680339,0.11817338907059106,False,True,True,1.5286999090568475e-05,COMPLETE
286,0.5187990546226502,2025-04-14 16:01:12.165516,2025-04-14 16:01:19.916337,0 days 00:00:07.750821,0.4657418151484048,0.13456172778681044,16,0.00824090066825917,0.01428571232580771,0.08386799816850866,0.05998495164280711,0.038955045524592447,0.09279156748677667,0.0004099515626635526,29,41,0.0896972798820573,0.11207733790153668,False,True,True,2.328929829889033e-05,COMPLETE
287,0.5162171125411987,2025-04-14 16:01:20.006792,2025-04-14 16:01:27.874890,0 days 00:00:07.868098,0.46428090238748476,0.12586855530679975,16,0.00010694750954012204,0.01907164454300244,0.08338425820852853,0.06083132611460755,0.03891792398832468,0.09316949986604404,0.0004352537381849416,30,40,0.09074047231891016,0.11333824052629121,False,True,True,3.75978390916558e-05,COMPLETE
288,0.5170586347579956,2025-04-14 16:01:27.978115,2025-04-14 16:01:35.869556,0 days 00:00:07.891441,0.45954812040248205,0.1299422078494051,16,0.0007556362588220391,0.018219718853681545,0.08316003108194281,0.06077372133779492,0.0381297523908421,0.09155227882051913,0.00040452787113863937,30,41,0.08974043910786973,0.1257589965341296,False,True,True,4.161106231776416e-05,COMPLETE
289,0.32815927863121036,2025-04-14 16:01:35.962014,2025-04-14 16:01:44.005896,0 days 00:00:08.043882,0.4950460207680441,0.12785504879044804,16,0.007548872786241823,0.020374515232824908,0.0866048494207251,0.06007324672499777,0.038898089263188704,0.09041010918169926,0.0005254519440721012,30,41,0.09221747266317439,0.12469022086286483,True,True,True,5.4725351284005094e-05,COMPLETE
290,0.273969829082489,2025-04-14 16:01:44.098417,2025-04-14 16:01:51.936462,0 days 00:00:07.838045,0.459543530664202,0.7762768764755583,16,0.0076917717828369845,0.018182052067393022,0.0836899351213316,0.06375118012938442,0.03830790554628707,0.09268210099274024,0.00041234211251887557,30,41,0.08675224517663316,0.13755956181678325,False,True,True,1.839006630051883e-05,COMPLETE
291,0.19931281208992005,2025-04-14 16:01:52.029004,2025-04-14 16:01:59.841143,0 days 00:00:07.812139,0.4682582927659231,0.12546758569182995,16,0.0003104769212611011,0.16011745652410198,0.08362940532378213,0.05914707079477469,0.04256382961255419,0.09148304189521587,0.0004395630106372643,30,40,0.09002339241698436,0.11791719212303313,False,True,True,3.421951163153212e-05,COMPLETE
292,0.4537804365158081,2025-04-14 16:01:59.934174,2025-04-14 16:02:07.847223,0 days 00:00:07.913049,0.4539763269341688,0.1475560305816807,16,0.008299222797935902,0.00022310287648715996,0.08659806892993971,0.06199304245995796,0.03461040711935853,0.031201911934982566,0.0005421973548569958,30,43,0.08760327168530302,0.12672160277767014,False,True,True,4.303656856921274e-05,COMPLETE
293,0.3327941179275513,2025-04-14 16:02:07.948404,2025-04-14 16:02:15.749748,0 days 00:00:07.801344,0.43663196300477,0.126795046363216,16,0.009967151049600154,0.017486918813343747,0.07877387629487129,0.05832441463709605,0.03281476678683654,0.09248375572322284,0.0003701899107782726,29,51,0.09572155712742017,0.11556669721852494,False,True,True,2.207987473693395e-05,COMPLETE
294,0.4975042939186096,2025-04-14 16:02:15.841758,2025-04-14 16:02:23.712204,0 days 00:00:07.870446,0.4718563985964304,0.1650556669988267,16,0.0002918206958082495,0.020337932373729994,0.08755344160981599,0.06053491302048333,0.030197662669720703,0.08853336950787634,0.0006843623423792605,30,40,0.08853037639808722,0.12082174426886494,False,True,True,1.3731322628716743e-05,COMPLETE
295,0.5179261922836305,2025-04-14 16:02:23.804784,2025-04-14 16:02:31.604339,0 days 00:00:07.799555,0.4969050501287541,0.14755997155353034,16,0.006622362367432715,0.014068667562462979,0.08369201449226198,0.06365661073233252,0.03949674333525249,0.09329774642214456,0.00045818528240991534,29,48,0.0900878178953073,0.11260334124222236,False,True,True,3.773467450803677e-05,COMPLETE
296,0.3253752589225769,2025-04-14 16:02:31.697855,2025-04-14 16:02:39.431680,0 days 00:00:07.733825,0.482008251843861,0.1611604696697027,16,0.00645203708603311,0.01984907194761296,0.08440645714586668,0.06347371843392241,0.043097140225884845,0.09024873456344326,0.0004962509367004989,29,49,0.08420334595976169,0.11468744671900721,False,True,True,3.887000098104261e-05,COMPLETE
297,0.5158971428871155,2025-04-14 16:02:39.524470,2025-04-14 16:02:47.275771,0 days 00:00:07.751301,0.5166121875694619,0.1305529237234872,16,0.005595280361351556,0.01335778984433058,0.08744298987519265,0.06203578973909188,0.03909897759987825,0.0933444139937625,0.00041972812866105947,29,42,0.08996603668130228,0.12515498976846953,False,True,True,6.0569674816896416e-05,COMPLETE
298,0.5254176497459412,2025-04-14 16:02:47.379460,2025-04-14 16:02:56.971791,0 days 00:00:09.592331,0.5033226959776961,0.12237338270519008,8,0.010338001222430167,0.005601024829302857,0.08550670261176581,0.06248793403984093,0.040426154546726344,0.08770315155371175,0.00042678522094488625,30,41,0.09094765422065323,0.12866414857501962,False,True,True,0.00011078386649629933,COMPLETE
299,0.526361620426178,2025-04-14 16:02:57.065384,2025-04-14 16:03:06.721419,0 days 00:00:09.656035,0.5091945273159911,0.12381726234886908,8,0.006908637997034988,0.005440265345847947,0.08738844579238249,0.06325380142683754,0.040402620513259664,0.09217895736720189,0.0006019223245347844,30,39,0.09090248233649051,0.1325213852674624,False,True,True,9.603396293181983e-05,COMPLETE
300,0.526361620426178,2025-04-14 16:03:06.814962,2025-04-14 16:03:16.434408,0 days 00:00:09.619446,0.5008724303063447,0.12495742238774771,8,0.006176646468797779,0.005022398818315515,0.08693797912036373,0.06394455545005594,0.04042744384558264,0.08751297216316281,0.000582628640668311,30,41,0.08981401799575972,0.1466392396350344,False,True,True,9.085942089234812e-05,COMPLETE
301,0.526361620426178,2025-04-14 16:03:16.528536,2025-04-14 16:03:26.205724,0 days 00:00:09.677188,0.5081451230654228,0.12238663021768305,8,0.006045834455229213,0.004733545174822917,0.08752120716929264,0.06392327598933091,0.0404094304060674,0.08625505767738817,0.0006213283369369161,30,40,0.0866209682912053,0.14063532469702666,False,True,True,7.905731314500423e-05,COMPLETE
302,0.5252575635910035,2025-04-14 16:03:26.300182,2025-04-14 16:03:35.893245,0 days 00:00:09.593063,0.5181579249170155,0.12863945768711016,8,0.005397213564763867,0.0038732425996873777,0.0875760842582768,0.06363438999734089,0.04094583579419551,0.087987689932199,0.0007162241784440411,30,40,0.08547361706915452,0.13732732238776094,False,True,True,7.379124738618971e-05,COMPLETE
303,0.5242189645767212,2025-04-14 16:03:35.998522,2025-04-14 16:03:45.669225,0 days 00:00:09.670703,0.5106180784117691,0.12364413968228694,8,0.006240948643534425,0.001522206580390248,0.0873361091561302,0.0641261765014522,0.04086003511042611,0.08767105621924719,0.0007735983004404371,30,39,0.09066571465451082,0.14038481971411804,False,True,True,8.25111830596758e-05,COMPLETE
304,0.4897500514984131,2025-04-14 16:03:45.764745,2025-04-14 16:03:55.452051,0 days 00:00:09.687306,0.5170538660775362,0.1258998880561192,8,0.006113844445657535,0.0066544563706169785,0.09001619468519212,0.0643592978874143,0.04081959488697548,0.08645029528583974,0.0007498744774060438,30,39,0.08557682675231108,0.15056057177380436,False,True,True,9.48372896508158e-05,COMPLETE
305,0.526361620426178,2025-04-14 16:03:55.548538,2025-04-14 16:04:05.094396,0 days 00:00:09.545858,0.5095583521624918,0.12287042282229088,8,0.005032512683417617,0.0014993952208839194,0.08685194725851103,0.06451110121772995,0.0405399619890917,0.08521116850582965,0.0006059380738476197,30,39,0.09139779943137102,0.14267904240573812,False,True,True,7.221872650532194e-05,COMPLETE
306,0.5102286815643311,2025-04-14 16:04:05.190722,2025-04-14 16:04:14.752380,0 days 00:00:09.561658,0.5087457400166001,0.12115333849882684,8,0.009113337493953506,0.00037058120494597516,0.08753429470989019,0.06419914105210424,0.047164933347219246,0.0841689155400256,0.0006401001308067061,30,39,0.08964756252682429,0.14002546806265118,False,True,True,8.545514877451575e-05,COMPLETE
307,0.5289276003837586,2025-04-14 16:04:14.858469,2025-04-14 16:04:24.482404,0 days 00:00:09.623935,0.5262640421987598,0.12127934600931699,8,0.005911489954560776,0.0002487624580196305,0.08695846405467268,0.06285381772418566,0.04469181220285596,0.08757772964904374,0.0005956035104393248,30,40,0.09087045803421823,0.14930768704290323,False,True,True,7.224551083977351e-05,COMPLETE
308,0.5215529084205628,2025-04-14 16:04:24.579803,2025-04-14 16:04:34.185999,0 days 00:00:09.606196,0.538404539312487,0.11747637442176358,8,0.004756187630446362,0.002112621469255253,0.0863999631831672,0.06207950611693404,0.04457906316885458,0.08644412570830248,0.0007584418257867093,30,39,0.09070532848307755,0.156568642217868,False,True,True,7.588366101514861e-05,COMPLETE
309,0.526361620426178,2025-04-14 16:04:34.283141,2025-04-14 16:04:43.949822,0 days 00:00:09.666681,0.535774118826631,0.1205751267039964,8,0.005071662197558105,0.0015251211845115301,0.08649064019093958,0.06279678291693414,0.05006906774878069,0.085298316819648,0.0007909987909395621,30,38,0.0905552894888463,0.14441434963940994,False,True,True,7.210314573425788e-05,COMPLETE
310,0.29565845131874086,2025-04-14 16:04:44.048585,2025-04-14 16:04:53.737420,0 days 00:00:09.688835,0.5285103883178746,0.11728297574030952,8,0.006225958587792412,0.0003128178580084129,0.08744831828000027,0.06422664032564347,0.04529124735114091,0.08242585092312416,0.0008795399054743821,30,38,0.09126679102599163,0.14614717263679372,True,True,True,7.047228678616139e-05,COMPLETE
311,0.526361620426178,2025-04-14 16:04:53.835845,2025-04-14 16:05:03.392532,0 days 00:00:09.556687,0.5449184803177858,0.11357894738365382,8,0.010257929090178234,0.002998223455180386,0.08962674972552347,0.06277096384122445,0.051500742398349925,0.08547774144120482,0.0007876642042976051,30,39,0.0893563363164332,0.14277380726062636,False,True,True,7.480233271778755e-05,COMPLETE
312,0.5242189645767212,2025-04-14 16:05:03.499520,2025-04-14 16:05:13.094255,0 days 00:00:09.594735,0.5528888169715706,0.12101106864655778,8,0.010552991507894021,0.004227583160459713,0.09057035831825926,0.06489405097607565,0.050936371682434534,0.08553460892147058,0.0007729987658330913,30,38,0.08700292349405338,0.1616279160773388,False,True,True,0.00015361505709416957,COMPLETE
313,0.5083158373832704,2025-04-14 16:05:13.194203,2025-04-14 16:05:22.763337,0 days 00:00:09.569134,0.5436449968868852,0.11490765170508838,8,0.011342434752906142,0.0040601865385471204,0.09022074453581819,0.06472959998117907,0.0524104830022834,0.08506399056112854,0.0007673474283159584,30,37,0.0869560696052274,0.16499203041161845,False,True,True,0.00012477140106317117,COMPLETE
314,0.5115747690200806,2025-04-14 16:05:22.861933,2025-04-14 16:05:32.514846,0 days 00:00:09.652913,0.5777588306004553,0.11954582697100063,8,0.01109092476258546,0.0009718074844985878,0.09085413610964314,0.063146399697162,0.0499106281521478,0.08794897961981815,0.0007326865670319862,30,38,0.09379293867701581,0.15390621039893718,False,True,True,0.00014448368791343354,COMPLETE
315,0.5242189645767212,2025-04-14 16:05:32.613353,2025-04-14 16:05:42.332312,0 days 00:00:09.718959,0.556544023598999,0.11893345784073564,8,0.011078596685297204,0.0053451139011879084,0.09076407015890171,0.06515664173080041,0.05326075664483934,0.08620186610363377,0.0009991110844737518,30,34,0.0887783205328373,0.15957156649765009,False,True,True,8.535169578993433e-05,COMPLETE
316,0.29110066890716557,2025-04-14 16:05:42.441244,2025-04-14 16:05:52.058766,0 days 00:00:09.617522,0.5521612420770764,0.6713392643295579,8,0.01093446031240096,0.00589521430609549,0.08994178593615869,0.06568858310586412,0.05324746299271624,0.08607272293303306,0.000900452936682699,30,34,0.08856459909788966,0.1604650240703083,False,True,True,7.872480919852535e-05,COMPLETE
317,0.47826101779937746,2025-04-14 16:05:52.159232,2025-04-14 16:06:01.812883,0 days 00:00:09.653651,0.49998898784710893,0.11580598662851757,8,0.007645009652505137,0.005517840765876938,0.09046496162754522,0.06454649625550232,0.05726936399731512,0.08270417118210245,0.0011266053432766163,30,40,0.08291014015589326,0.14183720127620822,False,True,True,0.00010121583925465442,COMPLETE
318,0.5203610897064209,2025-04-14 16:06:01.913125,2025-04-14 16:06:11.532571,0 days 00:00:09.619446,0.5588053935281477,0.09307714089190197,8,0.005993680059499155,0.0017552025634419936,0.08615379927998974,0.06339292786418588,0.05513712305461281,0.08717527254580593,0.0006566354244042746,30,37,0.0883322475537146,0.15600374187036087,False,True,True,0.00016849021100365312,COMPLETE
319,0.5043162465095521,2025-04-14 16:06:11.632387,2025-04-14 16:06:21.249485,0 days 00:00:09.617098,0.5622074710693024,0.08307889224082829,8,0.012564328308163647,0.001242450075331472,0.08747698354409515,0.06288336563831783,0.05383679662964938,0.0872007071198082,0.0006080638520344903,30,36,0.08705675779425857,0.14854738965006756,False,True,True,0.00020910911919727327,COMPLETE
320,0.5140464425086976,2025-04-14 16:06:21.362251,2025-04-14 16:06:30.982477,0 days 00:00:09.620226,0.508873178056415,0.09901536392783097,8,0.007136747622286071,0.005547802659580286,0.086203398323893,0.06423358771141825,0.04931186894666841,0.08447884559466295,0.0008079020858724837,30,38,0.09352480460911355,0.17286656322378827,False,True,True,0.00013494997865880356,COMPLETE
321,0.45052660703659064,2025-04-14 16:06:31.083959,2025-04-14 16:06:40.644832,0 days 00:00:09.560873,0.5364566351427594,0.1159889803107059,8,0.011615861242800408,0.0006755890917472685,0.08976879322824824,0.06587625071461652,0.04780649896546836,0.08556246147281522,0.0010088570537708866,30,34,0.09078175319131453,0.15737554774803666,False,True,True,0.00017434706877637708,COMPLETE
322,0.4817245960235596,2025-04-14 16:06:40.747673,2025-04-14 16:06:50.351685,0 days 00:00:09.604012,0.5315886887144882,0.077967324034623,8,0.004747565377667064,0.006021056308559378,0.08573365085684759,0.06276558291869216,0.055427889113427234,0.08782116115408058,0.0005992060054298576,30,38,0.08482145814738501,0.1551205288989112,False,True,True,0.00010953147309947754,COMPLETE
323,0.5240749001502991,2025-04-14 16:06:50.453829,2025-04-14 16:06:59.995222,0 days 00:00:09.541393,0.49696847441425807,0.09551006697822662,8,0.012845264592973492,0.00048621955300282016,0.08812407092907099,0.06251929323418591,0.06096430345309564,0.08088975851865872,0.0006929039938524851,30,34,0.08827411679881275,0.14518863956793243,False,True,True,6.70738615247987e-05,COMPLETE
324,0.2799325048923493,2025-04-14 16:07:00.098277,2025-04-14 16:07:09.691211,0 days 00:00:09.592934,0.568617334799619,0.8514487830805421,8,0.011431880964147292,0.0015012420270842952,0.08812661277198912,0.0651247317636639,0.058404429171411226,0.08149206965785409,0.000700208326152824,30,36,0.08817286103384692,0.14418768751540997,False,True,True,7.15445144311219e-05,COMPLETE
325,0.5174903869628906,2025-04-14 16:07:09.802800,2025-04-14 16:07:19.436399,0 days 00:00:09.633599,0.4953506484343011,0.09444796734563607,8,0.005302313780066956,0.0062028690719077625,0.09058646519548352,0.06730251071644076,0.06390140380586543,0.08438523114245194,0.0009608238238769303,30,33,0.08211525752555815,0.13529574936854763,False,True,True,5.690759521362522e-05,COMPLETE
326,0.5289276003837586,2025-04-14 16:07:19.537313,2025-04-14 16:07:29.143282,0 days 00:00:09.605969,0.5462591058585933,0.10320725222945802,8,0.012781717470343186,0.000981932313012624,0.08897521778092604,0.06259468575212022,0.04360239706146394,0.0881555813429573,0.0005954861174882636,30,40,0.0918394212798326,0.1451488377106394,False,True,True,8.216617610666847e-05,COMPLETE
327,0.5280730843544006,2025-04-14 16:07:29.249909,2025-04-14 16:07:38.829566,0 days 00:00:09.579657,0.5176182291843463,0.08163347706713206,8,0.013709356265926889,0.0015652535622642252,0.09161036247997803,0.06352142784601304,0.0512191935408905,0.08825853110108305,0.0006248410083787067,30,35,0.09182000272446444,0.15167077536773324,False,True,True,8.631102767204306e-05,COMPLETE
328,0.5293594479560852,2025-04-14 16:07:38.932982,2025-04-14 16:07:48.637471,0 days 00:00:09.704489,0.5483527847140947,0.07940572566127144,8,0.013900289201798066,0.0006123965074882186,0.09101258744917685,0.062422101084451204,0.05156332420884421,0.08709100307775568,0.000617091128669491,30,33,0.09265865930312944,0.16847387160913457,False,True,True,8.869662000392196e-05,COMPLETE
329,0.526361620426178,2025-04-14 16:07:48.751461,2025-04-14 16:07:58.394142,0 days 00:00:09.642681,0.549068260910924,0.0850183756887377,8,0.012298071745914215,0.0016807340250291865,0.09129170590143482,0.06575211625933504,0.04640413823310064,0.08758652434136645,0.0007672025680640494,30,34,0.09262688668377929,0.17088593632927912,False,True,True,8.430120907083113e-05,COMPLETE
330,0.5524798750877381,2025-04-14 16:07:58.498989,2025-04-14 16:08:08.192610,0 days 00:00:09.693621,0.5493317680584344,0.07116976140346638,8,0.013624584126754293,0.0025506914241179173,0.09160782881340784,0.06589136538130858,0.04614544317074805,0.08647084280592865,0.0012621240743499482,30,34,0.09244257005258003,0.17323740054847564,False,True,True,8.645998167424194e-05,COMPLETE
331,0.2888764560222626,2025-04-14 16:08:08.295803,2025-04-14 16:08:17.920632,0 days 00:00:09.624829,0.5363488544187143,0.06815753357486252,8,0.0146819847020465,0.0002004015971036107,0.09175878354682618,0.0667987283967758,0.05137256955041152,0.08324190601337372,0.0008527672908264364,30,33,0.09246024868491363,0.1654405118031282,True,True,True,8.31628127086365e-05,COMPLETE
332,0.39983873367309575,2025-04-14 16:08:18.024513,2025-04-14 16:08:27.623426,0 days 00:00:09.598913,0.5863996623524872,0.06911532536644649,8,0.013614138581425515,0.0061189668398132805,0.09157789257504129,0.06822737949376201,0.04606084940022346,0.08616462143258505,0.0013735865587667917,30,33,0.09216256331176886,0.15045207340868527,False,True,True,9.683160555897446e-05,COMPLETE
333,0.3204312324523926,2025-04-14 16:08:27.737344,2025-04-14 16:08:37.445664,0 days 00:00:09.708320,0.5274041931676356,0.0816614727778261,8,0.012849688857908721,0.005940673122311554,0.09150753594021156,0.06389313681645843,0.043097904283133995,0.08901864088424832,0.0012242037279644811,30,120,0.08580434214817077,0.18324476478417062,False,True,True,6.774487164973813e-05,COMPLETE
334,0.5221233725547791,2025-04-14 16:08:37.550056,2025-04-14 16:08:47.159221,0 days 00:00:09.609165,0.5463539876732849,0.07621032366423065,8,0.013738777776953934,0.0008596548146007619,0.08979170596326846,0.06546036021142998,0.048968449464039436,0.08787927144487138,0.0007584404711779474,30,35,0.09378985524539968,0.16770499122231344,False,True,True,0.00010817590697675878,COMPLETE
335,0.5229730010032654,2025-04-14 16:08:47.262946,2025-04-14 16:08:56.803861,0 days 00:00:09.540915,0.5577366201971127,0.06695574053511519,8,0.013761582469321893,0.000261862089689877,0.09026785133325604,0.06575512505558359,0.048878273607297774,0.08828309685546243,0.0006180325953546485,30,34,0.09322046620726922,0.1725772043168226,False,True,True,0.00011453726687795676,COMPLETE
336,0.328424620628357,2025-04-14 16:08:56.908825,2025-04-14 16:09:06.545557,0 days 00:00:09.636732,0.5161228986188262,0.09112995327037884,8,0.16724092750181466,0.006092016549732609,0.08938250327427821,0.06751152280294419,0.04747072619633784,0.08385795732544693,0.0005928883806871033,30,32,0.09214174331600876,0.17156249604156593,False,True,True,0.00010922667978072057,COMPLETE
337,0.26311182975769043,2025-04-14 16:09:06.660905,2025-04-14 16:09:16.303381,0 days 00:00:09.642476,0.552800930506697,0.08024018057236117,8,0.014590694505305995,0.0004920670860705462,0.091749619156538,0.06565545959456116,0.06971262021801707,0.08891322895642773,0.0010212122068751536,30,82,0.08800658002105162,0.14339891196899335,False,True,True,5.360419586621247e-05,COMPLETE
