number,value,datetime_start,datetime_complete,duration,params_alpha-eval,params_alpha-train,params_batch-size,params_eps-eval,params_eps-train,params_lambda-actions-eval,params_lambda-actions-train,params_lambda-frames-eval,params_lambda-frames-train,params_learning-rate,params_n-epochs,params_n-frames,params_radius-gw,params_rho,params_std-feats,params_ub-actions,params_ub-frames,params_weight-decay,state
1586,0.45237643718719484,2025-04-14 20:00:17.710733,2025-04-14 20:00:39.895579,0 days 00:00:22.184846,0.6126278429313591,0.050943926486453,2,0.0593968243942357,0.0001846190363190719,0.0784406009320589,0.06401415892370783,0.08630824753431882,0.03161387561906363,0.000407218594923585,30,34,0.02178246662271925,0.19756251107976372,False,True,True,3.656130881785632e-08,COMPLETE
1587,0.569052004814148,2025-04-14 20:00:40.408841,2025-04-14 20:01:01.769160,0 days 00:00:21.360319,0.59392401228023,0.04960775185739082,2,0.06892085071178765,0.012538623247056294,0.08117572180806037,0.06664541259170469,0.09421301849083631,0.08882725742557343,0.00028015082234553087,29,29,0.011448101670806959,0.2071305766170195,False,True,True,1.2587957208433883e-08,COMPLETE
1588,0.26465094089508057,2025-04-14 20:01:02.307239,2025-04-14 20:01:23.960275,0 days 00:00:21.653036,0.5762979771765323,0.030017423340103343,2,0.09131037853941974,0.013053179877111402,0.07636746656670246,0.06379050200317028,0.08932057015474469,0.08874984427539975,0.00034022701303910367,30,27,0.028605595053953336,0.19363317382319314,True,False,True,1.657208050946011e-08,COMPLETE
1589,0.3763173818588257,2025-04-14 20:01:24.471961,2025-04-14 20:01:46.462363,0 days 00:00:21.990402,0.626469861808878,0.011300169567557333,2,0.0814426157336746,0.006694065300047432,0.08349749257085587,0.06986917365288624,0.09645919500867653,0.0874831780899967,0.0004334330377018451,30,31,0.01882642003375947,0.20133059525876018,False,True,True,2.453539292760011e-08,COMPLETE
1590,0.5919981122016907,2025-04-14 20:01:46.973871,2025-04-14 20:02:08.392682,0 days 00:00:21.418811,0.5686171373728515,0.04907507387847253,2,0.05671421311001826,0.012250170947779448,0.07936053579244232,0.06742726363763936,0.09137735940870258,0.08939038510417655,0.00048368524935354815,29,27,0.023132543162163746,0.21351711331159237,False,True,True,1.0063806614881617e-08,COMPLETE
1591,0.4548463582992554,2025-04-14 20:02:08.928480,2025-04-14 20:02:30.355726,0 days 00:00:21.427246,0.5655111342662514,0.05582148121544336,2,0.05657939731517192,0.00030691607289350456,0.07869684195436034,0.06766520859033673,0.09201553062047046,0.08433869240597186,0.00048770715490924514,29,34,0.02305622241458114,0.2194085579253895,False,True,True,1.126340948980111e-08,COMPLETE
1592,0.5564370512962342,2025-04-14 20:02:30.869505,2025-04-14 20:02:52.277325,0 days 00:00:21.407820,0.5578819083171419,0.05092796405495663,2,0.05717348310382475,0.0061680529159282346,0.08097224607560372,0.06910983487147844,0.09413432249812571,0.08551626989055168,0.0005128361356873945,29,31,0.02080191973421825,0.21082382040234127,False,True,True,1.2185076811308222e-08,COMPLETE
1593,0.5883483290672302,2025-04-14 20:02:52.789589,2025-04-14 20:03:14.277478,0 days 00:00:21.487889,0.5775404206278588,0.0564624678235813,2,0.05132353392448607,0.011088702093375615,0.07849397582808805,0.065816034866942,0.08995915738466463,0.08642718911516792,0.0003888521259510603,29,29,0.026323682970488198,0.216426154705127,False,True,True,1.2552739996614914e-08,COMPLETE
1594,0.44994702339172366,2025-04-14 20:03:14.811445,2025-04-14 20:03:36.266714,0 days 00:00:21.455269,0.5986173186994181,0.030568173645332035,2,0.06202380106272137,0.00011320889680889977,0.07659157161929177,0.07272036697969432,0.09158834832972287,0.0884611205054368,0.0003286955437598173,29,33,0.02286875762516594,0.21307239958627927,False,True,True,1.0221810517532683e-08,COMPLETE
1595,0.44521900415420534,2025-04-14 20:03:36.779827,2025-04-14 20:03:58.639532,0 days 00:00:21.859705,0.5573354233325073,0.05457609999945415,2,0.05167405735952593,0.007126325313854355,0.08206221600526398,0.0700258530558257,0.08850041279402046,0.08952306199928986,0.00044539903766997914,30,27,0.0241155042154841,0.20702050604318642,False,True,False,1.4687970016912938e-08,COMPLETE
1596,0.5744596958160401,2025-04-14 20:03:59.151119,2025-04-14 20:04:20.653424,0 days 00:00:21.502305,0.5856482184581449,0.02993746449073809,2,0.06635925914790108,0.012207158022964576,0.0802266580747848,0.06747778583716842,0.09477878259995733,0.08686938789928766,0.0003696144546915291,29,29,0.025578864390426753,0.22167172217970071,False,True,True,1.2923554944211177e-08,COMPLETE
1597,0.5838046550750733,2025-04-14 20:04:21.189589,2025-04-14 20:04:43.072747,0 days 00:00:21.883158,0.552835068003758,0.05169039345978259,2,0.04690493267491233,0.00012661998437382953,0.07513912016951342,0.0660038994784458,0.0927710360842175,0.0895989308589694,0.0005154740648894621,30,27,0.019544809185828994,0.20221849225426342,False,True,True,1.0490749842707806e-08,COMPLETE
1598,0.4520901799201966,2025-04-14 20:04:43.588182,2025-04-14 20:05:05.144324,0 days 00:00:21.556142,0.6031640562279786,0.01120666752535374,2,0.055942735062130405,0.00600371548345013,0.07853926212515716,0.06478736232911483,0.08654566341450629,0.08330637764118856,0.0002802168859138492,29,31,0.021902375531971226,0.21194293980682408,False,True,True,1.887288910003058e-08,COMPLETE
1599,0.48430900573730473,2025-04-14 20:05:05.686091,2025-04-14 20:05:27.570542,0 days 00:00:21.884451,0.5727558562220378,0.04330979787445141,2,0.07350540759543114,0.012365804695104912,0.07056936589497936,0.06827449517474074,0.09042249642225557,0.0874798852056237,0.0004920384091396249,30,25,0.0137217402539935,0.218423862685354,False,True,True,1.515902233672096e-08,COMPLETE
1600,0.4476022720336914,2025-04-14 20:05:28.088617,2025-04-14 20:05:49.441088,0 days 00:00:21.352471,0.6418574536217664,0.02823920299965993,2,0.0637672431997316,0.012903442800351826,0.08341068531606538,0.0702531450772947,0.08854812013755427,0.08538703655116886,0.00041685741796152175,29,35,0.029519158621730608,0.18861156373943933,False,True,True,1.0021147553824133e-08,COMPLETE
1601,0.5836107254028321,2025-04-14 20:05:49.954276,2025-04-14 20:06:11.912531,0 days 00:00:21.958255,0.5929932920978291,0.05526052873968006,2,0.04870320106212446,0.00942864097447712,0.07650346777920151,0.06462647685158497,0.09733107065143443,0.08999436209739131,0.00020405975891594209,30,28,0.027036351737622158,0.19659493266520703,False,True,True,1.5743812919649153e-08,COMPLETE
1602,0.45552651882171635,2025-04-14 20:06:12.456563,2025-04-14 20:06:33.825972,0 days 00:00:21.369409,0.6109735033309571,0.029189392646910388,2,0.06618032651673575,0.005871246356777156,0.07314322174672623,0.06734183222264616,0.09307980340701935,0.08809954223258976,0.0003648418708016286,29,32,0.01657577173572541,0.2620348470840426,False,True,True,2.1838447513582996e-08,COMPLETE
1603,0.5599071860313416,2025-04-14 20:06:34.346705,2025-04-14 20:06:56.173939,0 days 00:00:21.827234,0.5769316609468671,0.05499867781485807,2,0.05668881138405371,0.006789812776074921,0.07999163541133704,0.07169747978723175,0.09065289747955493,0.09042510632980331,0.00024139747068532925,30,25,0.02470746373571527,0.20656034941042173,False,True,True,3.0340322046455306e-08,COMPLETE
1604,0.5671818852424622,2025-04-14 20:06:56.684426,2025-04-14 20:07:18.034950,0 days 00:00:21.350524,0.6223794491677839,0.02911551655930526,2,0.04948847498120204,0.012806600502525916,0.08183299659768897,0.06330959617367798,0.08778391201452429,0.08358753534353404,0.00032174126205591826,29,29,0.022692833811603315,0.22551251191051463,False,True,True,1.6195375914562832e-08,COMPLETE
1605,0.5866631865501404,2025-04-14 20:07:18.570334,2025-04-14 20:07:40.492079,0 days 00:00:21.921745,0.5568535229347272,0.06057849155572524,2,0.07495498145164432,0.0002587128731523468,0.07822500180726637,0.06605331121588583,0.09497856673484296,0.08665175444760767,0.0004780813149155298,30,26,0.021377831699938288,0.19336974829220385,False,True,True,4.9502638587713235e-08,COMPLETE
1606,0.4163861155509949,2025-04-14 20:07:41.010296,2025-04-14 20:08:02.591548,0 days 00:00:21.581252,0.5954820704337965,0.04139334954029058,2,0.06057905225851992,0.01278114691035158,0.07464503713135538,0.06340434537073922,0.09181493794389141,0.0891842292418965,0.0005103137288733128,30,31,0.019476609865209674,0.20237256005407672,False,False,True,3.666142500931269e-08,COMPLETE
1607,0.5882876515388489,2025-04-14 20:08:03.103348,2025-04-14 20:08:24.550986,0 days 00:00:21.447638,0.5725147139333728,0.03102306211863365,2,0.07017145339667892,0.005965598800288731,0.08005456513287817,0.06806557362321268,0.08972064630395864,0.0872801599915867,0.00032105506715081545,29,25,0.012664592355710684,0.21380211141775907,False,True,True,2.4524595124891444e-08,COMPLETE
1608,0.43780763149261476,2025-04-14 20:08:25.089249,2025-04-14 20:08:47.015146,0 days 00:00:21.925897,0.5487637504178081,0.042650765271675585,2,0.0646670309341545,0.014427337866304365,0.08439795065133639,0.06536949191292285,0.08635670311232084,0.09055672322672664,0.00041031532302035153,30,28,0.024071147146479812,0.20199031230500353,True,True,True,1.3112966000609065e-08,COMPLETE
1609,0.36491888761520386,2025-04-14 20:08:47.534335,2025-04-14 20:09:08.815899,0 days 00:00:21.281564,0.6287294475314592,0.011602910409641613,2,0.08404654528918021,0.005932631263519597,0.07633279615591025,0.07396874186477656,0.09586678379206694,0.08916232314265707,0.0005263899658851828,29,34,0.018434189769155663,0.21012164155707608,False,True,True,1.774399063687584e-08,COMPLETE
1610,0.44745399951934817,2025-04-14 20:09:09.358496,2025-04-14 20:09:30.753462,0 days 00:00:21.394966,0.603664597532377,0.5343667325007937,2,0.05270175553341439,0.012950913350088165,0.08295495681918356,0.06877410438915753,0.09225814607091601,0.08543921202161268,0.00016394201058337745,29,25,0.01620689810020688,0.2218971716466301,False,True,True,3.353012977118971e-08,COMPLETE
1611,0.49744495153427126,2025-04-14 20:09:31.278623,2025-04-14 20:09:53.271555,0 days 00:00:21.992932,0.5770885433139303,0.38533058540283505,2,0.04725951767995672,0.005736660871120496,0.0777011849867269,0.06186799940011004,0.09323053233553807,0.09070080004623958,0.0002720932845629708,30,30,0.03248073518056056,0.1886461744625945,False,True,True,4.711087329158554e-08,COMPLETE
1612,0.5983745455741882,2025-04-14 20:09:53.789087,2025-04-14 20:10:15.180088,0 days 00:00:21.391001,0.5565591861275876,0.05507248724337262,2,0.057031042392488254,0.013027922462402523,0.0802531073000368,0.06314272260314993,0.08898686770554061,0.08891093875168568,0.0004105143891673266,29,27,0.02676711983921737,0.196683548199086,False,True,True,2.778012995192616e-08,COMPLETE
1613,0.5937251091003418,2025-04-14 20:10:15.728356,2025-04-14 20:10:37.169581,0 days 00:00:21.441225,0.5539507220105879,0.06315783030048149,2,0.046410956930176564,0.012780851363953624,0.08165878806619023,0.06668487412382161,0.08821231682604568,0.09100694165478224,0.0002283567162284024,29,25,0.027179930832119878,0.1892368652494331,False,True,True,2.1335055595759406e-08,COMPLETE
1614,0.41334133148193364,2025-04-14 20:10:37.691944,2025-04-14 20:10:58.827425,0 days 00:00:21.135481,0.5492804659421137,0.06188127899117561,2,0.04687583584356041,0.013276571964204932,0.08142834903684543,0.07086335032587801,0.08657580288019652,0.09041762354296091,0.00020194901071276167,29,32,0.02860451470402768,0.19747469157573022,False,True,False,2.2453406849250777e-08,COMPLETE
1615,0.3976771593093872,2025-04-14 20:10:59.343323,2025-04-14 20:11:20.835273,0 days 00:00:21.491950,0.5511459651549248,0.010278631266589273,2,0.04556640825508529,0.005631419955821469,0.08358559938724938,0.0677644994229931,0.08871355336975709,0.0904981596403789,0.00017933575068092343,29,29,0.03206007919837309,0.19049395384295706,False,True,True,2.0045325122840893e-08,COMPLETE
1616,0.5765618562698365,2025-04-14 20:11:21.381716,2025-04-14 20:11:42.767307,0 days 00:00:21.385591,0.5763262138322334,0.0629850738033482,2,0.0535189944777713,0.013857325599062229,0.08181417026109067,0.06579096711941226,0.08782387726499824,0.0889996442068831,0.00018200979707561592,29,27,0.029162528535681898,0.19616425179946445,False,True,True,2.702672047527227e-08,COMPLETE
1617,0.49586080312728886,2025-04-14 20:11:43.294457,2025-04-14 20:12:04.660839,0 days 00:00:21.366382,0.5626651312839543,0.010072286221486846,2,0.05395284868933385,0.009117487897744568,0.0842713488781506,0.06940709190441723,0.0907320975025866,0.09100884820692098,0.00022356903894497562,29,35,0.027066351464315054,0.1937503645250978,False,True,True,1.8152712217131005e-08,COMPLETE
1618,0.43947575092315677,2025-04-14 20:12:05.208012,2025-04-14 20:12:26.685557,0 days 00:00:21.477545,0.5900545343885508,0.05998659307740237,2,0.047079614508863325,0.01406387479428026,0.08095089184121954,0.06622190006038958,0.09034228357773914,0.0889267484447748,0.00023080227801678074,29,31,0.03053270890770193,0.2143311558868997,False,True,True,2.4223840168751113e-08,COMPLETE
1619,0.5866302847862244,2025-04-14 20:12:27.212222,2025-04-14 20:12:48.752776,0 days 00:00:21.540554,0.5599894386559813,0.043289040232409134,2,0.05554957264869853,0.0005556870994367249,0.08021693192782417,0.06731300892538535,0.08541391006058416,0.09091763372405165,0.00023663844895842933,29,25,0.02705533853678951,0.20008261551025894,False,True,True,1.5876342922807405e-08,COMPLETE
1620,0.569929563999176,2025-04-14 20:12:49.278962,2025-04-14 20:13:10.772783,0 days 00:00:21.493821,0.5507402765222659,0.059759334772171754,2,0.05010618184616035,0.006277798493321368,0.08265560903093683,0.06468391324161903,0.08762488972237426,0.08773920529267912,0.00031171398820711437,29,29,0.025384058827297495,0.20733700490738902,False,True,True,1.0120298469165261e-08,COMPLETE
1621,0.39206362962722785,2025-04-14 20:13:11.323381,2025-04-14 20:13:32.606251,0 days 00:00:21.282870,0.590038993126283,0.04411267637429829,2,0.06039928706883806,0.00023923935063111402,0.07970461538223454,0.07217793130112699,0.09305806586443569,0.08865053972050967,0.0001418430077935583,29,25,0.027364362417150616,0.22237191215091145,False,True,True,2.8833907383041678e-08,COMPLETE
1622,0.32726330757141114,2025-04-14 20:13:33.131102,2025-04-14 20:13:54.597667,0 days 00:00:21.466565,0.5737886769314078,0.029215233544764782,2,0.04448406135540974,0.00016283787704467114,0.08310238952026729,0.06846261627818591,0.0911362163407283,0.0868038386353614,0.00027540561206308234,29,133,0.029191638315852753,0.20077185259713465,False,True,True,2.251051816940031e-08,COMPLETE
1623,0.23994050025939945,2025-04-14 20:13:55.118174,2025-04-14 20:14:17.315498,0 days 00:00:22.197324,0.6138044089142333,0.753093902923486,2,0.0657798170047704,0.014403888310684116,0.07971858131587069,0.06990981181009027,0.08564973546338468,0.09057213496488459,0.00020543236693844826,30,28,0.025206463364069766,0.18651009550855763,False,True,True,1.2353136361470071e-08,COMPLETE
1624,0.4473235011100769,2025-04-14 20:14:17.858029,2025-04-14 20:14:39.965813,0 days 00:00:22.107784,0.589838501322722,0.06354425466134718,2,0.07613586634649487,0.00909148231938887,0.0837713597368597,0.0649831995032966,0.08882957699517842,0.0907088779836192,0.00024556385634589455,30,34,0.023878570022870083,0.20801279004194692,False,True,True,1.8533224701973777e-08,COMPLETE
1625,0.5768169283866882,2025-04-14 20:14:40.486396,2025-04-14 20:15:01.966273,0 days 00:00:21.479877,0.6066156193091143,0.04381556196442686,2,0.056461260720773225,0.014223945896598434,0.08163917792327835,0.0674466312351268,0.0934204915882023,0.08559507216074336,0.0003976664807845036,29,24,0.0271663312217605,0.216514589817147,False,True,True,2.87431009827715e-08,COMPLETE
1626,0.39536015987396245,2025-04-14 20:15:02.512353,2025-04-14 20:15:24.204485,0 days 00:00:21.692132,0.5478081431970481,0.02806261740856223,2,0.07044705747994615,0.005172881292824533,0.0847169725199736,0.06402615253072359,0.09087126144294484,0.0890321148935497,0.0003161667387744605,30,31,0.025483381796166212,0.1923110090064693,False,False,True,1.3992576535201519e-08,COMPLETE
1627,0.562517523765564,2025-04-14 20:15:24.731532,2025-04-14 20:15:46.292349,0 days 00:00:21.560817,0.5712996003282161,0.22114494115712718,2,0.05114596832576726,0.00013878100533650482,0.07871153413743841,0.06657036080483164,0.09543221511988771,0.09121088895743935,0.0001630891958135908,29,27,0.033972002856397045,0.19782517548548795,False,True,True,2.0997280248649145e-08,COMPLETE
1628,0.3023261785507202,2025-04-14 20:15:46.820240,2025-04-14 20:16:07.552163,0 days 00:00:20.731923,0.6387446819137895,0.061000776537666876,2,0.06087869141631428,0.00887448174463364,0.08112498695079316,0.07014581089398737,0.08830751168187344,0.0886987143094391,0.00027967276936763537,28,25,0.022533431069439155,0.20798511867489547,True,True,True,1.5999595470941128e-08,COMPLETE
1629,0.3969569087028504,2025-04-14 20:16:08.095519,2025-04-14 20:16:29.208045,0 days 00:00:21.112526,0.5504200839837246,0.48483839782478405,2,0.06760306491705582,0.014378050608367821,0.0780202480859823,0.06368946991061243,0.08635543698637689,0.08729782958028258,0.00036722897115188004,29,29,0.03612869560309306,0.23001372401654366,False,True,True,2.9418514830134472e-08,COMPLETE
1630,0.3254400730133057,2025-04-14 20:16:29.742130,2025-04-14 20:16:51.666788,0 days 00:00:21.924658,0.5875426590566766,0.04543673983148404,2,0.0436681872507055,0.00948412100921028,0.08499810957867007,0.07540271772300988,0.09175037647055742,0.08434278555496358,0.00024819272531592933,30,123,0.030492107987526655,0.21418414867054314,False,True,True,2.206476726642859e-08,COMPLETE
1631,0.42121933698654174,2025-04-14 20:16:52.218780,2025-04-14 20:17:13.583270,0 days 00:00:21.364490,0.6160361781906186,0.027889723520356333,2,0.05531550912130001,0.005585194034327902,0.07539309888380001,0.06638694802758473,0.08947114944466829,0.09088846335854961,0.0003464288730896554,29,76,0.020837116855162936,0.19028991236723686,False,True,True,1.2613587732995537e-08,COMPLETE
1632,0.19931281208992005,2025-04-14 20:17:14.111650,2025-04-14 20:17:36.013070,0 days 00:00:21.901420,0.5706644408030522,0.061249959213652436,2,0.08081433667417126,0.09112416692288888,0.0795368384099449,0.07186163900567916,0.0979086413875829,0.08926686247560554,0.00029856214897649666,30,24,0.02365818282587089,0.2023856012736117,False,True,True,3.5101501778826673e-08,COMPLETE
1633,0.3030772387981415,2025-04-14 20:17:36.539407,2025-04-14 20:17:57.807627,0 days 00:00:21.268220,0.5962026501968621,0.8516116977487558,2,0.04485022205112627,0.014531484456173145,0.08195323787186229,0.06849635034693151,0.094107537200971,0.09142266038784835,0.0002080604645852433,29,32,0.026382285422621582,0.2446376080220477,False,True,False,1.699640892252231e-08,COMPLETE
1634,0.43872082233428955,2025-04-14 20:17:58.353588,2025-04-14 20:18:20.200649,0 days 00:00:21.847061,0.5453602955240916,0.6596531340511911,2,0.06275411035637928,0.005841123626434628,0.0726533205230634,0.06516731078436805,0.0915595107277375,0.08666388310122476,0.00037805387924334365,30,27,0.028594965532717058,0.22274931196272635,False,True,True,2.7818641677935122e-08,COMPLETE
1635,0.49546785354614264,2025-04-14 20:18:20.730293,2025-04-14 20:18:41.538724,0 days 00:00:20.808431,0.626278349895269,0.011388812927819559,2,0.07550182633507622,0.011367675875229619,0.07692236495930867,0.06379574698848006,0.08749771703539097,0.08883208632770659,0.00026633036604078173,28,36,0.025336262791483145,0.18721523365439888,False,True,True,1.0068782835409659e-08,COMPLETE
1636,0.5894882917404175,2025-04-14 20:18:42.090951,2025-04-14 20:19:02.785313,0 days 00:00:20.694362,0.5723693530291096,0.04374643745778021,2,0.07048269144483588,0.01517517672406232,0.07937317260973367,0.06712284104559775,0.08977203070333936,0.09076063315380545,0.0004044149244630661,28,24,0.020337045201835782,0.19553626737941723,False,True,True,2.048201361559944e-08,COMPLETE
1637,0.5715719103813172,2025-04-14 20:19:03.317941,2025-04-14 20:19:24.626174,0 days 00:00:21.308233,0.6055471458345323,0.010457330363495124,2,0.050039696083360494,0.005366386556094246,0.08463247247624056,0.07010968670415614,0.08571354026673139,0.08541260551382215,0.0003282757427759067,29,29,0.02253995313599619,0.21093137478206725,False,True,True,1.3027256331385673e-08,COMPLETE
1638,0.5859747529029846,2025-04-14 20:19:25.155026,2025-04-14 20:19:47.186200,0 days 00:00:22.031174,0.643627773237663,0.03141698137413108,2,0.060191334963086734,0.014681128167959974,0.08257029467605076,0.06288147351666572,0.09333215599842352,0.08772919262394821,0.0004315272141531943,30,27,0.024458698259234912,0.2044210146912336,False,True,True,3.838574566535726e-08,COMPLETE
1639,0.450994884967804,2025-04-14 20:19:47.735347,2025-04-14 20:20:09.087523,0 days 00:00:21.352176,0.5878420996620399,0.010580216599348491,2,0.06626255048186076,0.009015886607892834,0.07575177254128382,0.06686099371607179,0.09602549415481433,0.09112447717955127,0.00032788086039423666,29,32,0.02731225911485227,0.2510560997312602,False,True,True,1.6210000058289797e-08,COMPLETE
1640,0.5816772341728211,2025-04-14 20:20:09.618343,2025-04-14 20:20:30.878892,0 days 00:00:21.260549,0.5522951708739557,0.06416591074355475,2,0.05506464836664017,0.006173664302663269,0.08071911034385694,0.06539332964108495,0.09044106637487422,0.08888499670555235,0.0002681244548024386,29,24,0.03158540295840424,0.21874700775966682,False,True,True,2.6250898925387113e-08,COMPLETE
1641,0.381192421913147,2025-04-14 20:20:31.435375,2025-04-14 20:20:53.374599,0 days 00:00:21.939224,0.5700922781884828,0.04791216438806298,2,0.045582705470305095,0.013272339308826969,0.07774939981731727,0.061759969230999,0.08835130018395179,0.09139232612579123,0.00040481013605432934,30,30,0.01866217278365221,0.2045019937369692,False,True,True,2.3870332349545587e-08,COMPLETE
