number,value,datetime_start,datetime_complete,duration,params_alpha-eval,params_alpha-train,params_batch-size,params_eps-eval,params_eps-train,params_lambda-actions-eval,params_lambda-actions-train,params_lambda-frames-eval,params_lambda-frames-train,params_learning-rate,params_n-epochs,params_n-frames,params_radius-gw,params_rho,params_std-feats,params_ub-actions,params_ub-frames,params_weight-decay,state
1754,0.5649516105651855,2025-04-14 21:00:52.738256,2025-04-14 21:01:14.551681,0 days 00:00:21.813425,0.5864922194139375,0.07040941236428284,2,0.04600173491297827,0.00034636825274515174,0.08665656171417893,0.07662228836786075,0.09566369136592273,0.09467414600076582,0.00015110892783976582,30,22,0.008615051095057984,0.18026190589318689,False,True,True,4.069693984358124e-08,COMPLETE
1755,0.5793332099914551,2025-04-14 21:01:15.143863,2025-04-14 21:01:37.044900,0 days 00:00:21.901037,0.6160050773590932,0.07079692624827166,2,0.05385881574011692,0.0003476908075772555,0.0865926404369645,0.06958187976856288,0.0980639610418609,0.0920374292395329,0.00014790167327860388,30,25,0.008786239701160742,0.18280633129603002,False,True,True,2.8623450125128967e-08,COMPLETE
1756,0.5685476899147034,2025-04-14 21:01:37.626339,2025-04-14 21:01:59.524576,0 days 00:00:21.898237,0.6191290331987211,0.055992398663380655,2,0.03532256476150092,0.009022099727429324,0.08501516830444146,0.07370457660895319,0.0960160223287008,0.09517234421877736,0.00017664245203073684,30,22,0.010536486835778142,0.1873611007357873,False,True,True,5.050367480901808e-08,COMPLETE
1757,0.45391550064086916,2025-04-14 21:02:00.099775,2025-04-14 21:02:21.986115,0 days 00:00:21.886340,0.5815062669012335,0.07166260543642948,2,0.05208683125819861,0.0004220984330547649,0.08672927416471436,0.06883768424725346,0.09547643083627445,0.0916484089320867,0.000214862309320267,30,31,0.0072703564935579805,0.18603010071981474,False,True,True,3.239974567234432e-08,COMPLETE
1758,0.4467172980308533,2025-04-14 21:02:22.547195,2025-04-14 21:02:44.243754,0 days 00:00:21.696559,0.7000894479639392,0.05020737261359098,2,0.044145545032691774,0.009685751465584055,0.08544676631427123,0.07049192369096874,0.0939821889014372,0.09327693149639806,0.00010657176454109266,30,26,0.010211087033866627,0.1785830050906754,False,False,True,6.516645191075437e-08,COMPLETE
1759,0.4060771703720093,2025-04-14 21:02:44.842495,2025-04-14 21:03:06.735378,0 days 00:00:21.892883,0.5998929279683684,0.050910926314872165,2,0.045123436675870994,0.006779537083980059,0.0845579371654627,0.06735844875973797,0.09423630700853447,0.09274513036331147,0.00018083348356591787,30,28,0.007743370282680424,0.181447330053171,True,True,True,4.3174676576812077e-08,COMPLETE
1760,0.37329058647155766,2025-04-14 21:03:07.303771,2025-04-14 21:03:29.172136,0 days 00:00:21.868365,0.6493198139121155,0.07077655031530053,2,0.05341452369143325,0.0771255824660185,0.08393818095041232,0.07437665230684344,0.09725273280871777,0.0948957887403668,0.00017876570737323223,30,22,0.006759488859113224,0.1890182704806467,False,True,True,3.147338032118563e-08,COMPLETE
1761,0.4547312259674072,2025-04-14 21:03:29.757110,2025-04-14 21:03:51.581577,0 days 00:00:21.824467,0.6222435195445694,0.04869324108912148,2,0.033829519796823644,0.009671316094238339,0.08277485629967389,0.06670376952866534,0.09468199403491746,0.09118842588293576,0.00018369810149508243,30,31,0.013416047473367183,0.1912588394827397,False,True,True,4.754215100119586e-08,COMPLETE
1762,0.4011088252067566,2025-04-14 21:03:52.145387,2025-04-14 21:04:14.149762,0 days 00:00:22.004375,0.6037115403836777,0.7018694866159538,2,0.04790995129303368,0.0003173920079339934,0.08768374890405153,0.06899173810193955,0.09220360999341015,0.09498640760223401,0.0002696411512856867,30,25,0.005815532613932695,0.17959446870695836,False,True,True,2.728664354193987e-08,COMPLETE
1763,0.29728173017501835,2025-04-14 21:04:14.735240,2025-04-14 21:04:36.141116,0 days 00:00:21.405876,0.5853916346473786,0.5502331919483463,2,0.040652470339885324,0.0002065310682406603,0.0861129381510262,0.07128711587889802,0.09860261995431269,0.09125676223203377,0.0001669343093929724,29,26,0.012582571316541072,0.1943137751599777,False,True,True,3.700972030749084e-08,COMPLETE
1764,0.4951062560081482,2025-04-14 21:04:36.704105,2025-04-14 21:04:58.196783,0 days 00:00:21.492678,0.6375503369665846,0.044161160278396255,2,0.03453888867361496,0.006432109851338105,0.08356247250321161,0.06722589528965502,0.09609982016843746,0.09505209271760748,9.065488053181584e-05,29,35,0.010944246566756072,0.18825221203551562,False,True,True,5.225229941649409e-08,COMPLETE
1765,0.5632307291030885,2025-04-14 21:04:58.780255,2025-04-14 21:05:20.557513,0 days 00:00:21.777258,0.658379109472899,0.06771259022268243,2,0.041390884902265945,0.010449811283135851,0.08169003537992207,0.06901922157035707,0.09363798562757052,0.09263118026568645,0.00015129435486861662,30,22,0.034243435469126296,0.1852403260941348,False,True,True,6.349330887547032e-08,COMPLETE
1766,0.24450796842575073,2025-04-14 21:05:21.128476,2025-04-14 21:05:42.061469,0 days 00:00:20.932993,0.5852146162546814,0.046446986082488755,2,0.050569091262226834,0.25853227742077406,0.0874118285845187,0.0662815206840545,0.09147558803207594,0.09297139780090137,0.00013656370091078433,29,29,0.01193289907234724,0.1941758145844973,False,True,False,3.208139109888662e-08,COMPLETE
1767,0.5919305443763734,2025-04-14 21:05:42.661920,2025-04-14 21:06:04.394682,0 days 00:00:21.732762,0.6050348661791214,0.07199870819264968,2,0.05681347931801991,0.005188869214212424,0.08433395514429688,0.0678445791073801,0.09111640750261746,0.09155612191719553,0.00021454027785910363,30,25,0.014288464379159618,0.17949479678885333,False,True,True,2.4802214984641405e-08,COMPLETE
1768,0.30833929777145386,2025-04-14 21:06:04.964435,2025-04-14 21:06:26.368955,0 days 00:00:21.404520,0.6234349367092282,0.030093707312049803,2,0.03601669584021467,0.010466206933786894,0.08220844062327554,0.07056682745526265,0.09467408010375582,0.09479578456089474,0.00011837871768290088,29,80,0.006749737785744059,0.18703533879087228,False,True,True,4.286529856000287e-08,COMPLETE
1769,0.5813138246536256,2025-04-14 21:06:26.962205,2025-04-14 21:06:48.873402,0 days 00:00:21.911197,0.6071523158732682,0.045098416186955384,2,0.04645922523847559,0.005601797433657574,0.08646117438991192,0.06580158187145022,0.09665813373446759,0.09074884200316542,0.000199746298486136,30,28,0.01573709930084216,0.1962469215404817,False,True,True,2.5410073195032434e-08,COMPLETE
1770,0.4465495705604553,2025-04-14 21:06:49.439908,2025-04-14 21:07:10.982746,0 days 00:00:21.542838,0.5808098082795321,0.05319318395871743,2,0.03981333545242465,0.014822359081897104,0.08660222618400919,0.06599370396886214,0.09351717161163522,0.09319711726762778,0.000221508063791242,29,32,0.00995731059599067,0.1906096538851479,False,True,True,3.6349786699888093e-08,COMPLETE
1771,0.5924208760261536,2025-04-14 21:07:11.571714,2025-04-14 21:07:33.606262,0 days 00:00:22.034548,0.6444355765108072,0.029031030862143713,2,0.05446965551109194,0.011010975834605983,0.08499037609643488,0.06877425794339918,0.09094173851175308,0.09056470775139178,0.0004370256054152094,30,23,0.014149375518514471,0.19876249624817688,False,True,True,2.9970393563692306e-08,COMPLETE
1772,0.588448202610016,2025-04-14 21:07:34.177154,2025-04-14 21:07:55.425901,0 days 00:00:21.248747,0.6234671302823795,0.0736397629486222,2,0.044925594084643035,0.00480447978539896,0.08271966441777434,0.0729665577874547,0.09274045063787732,0.09335096842004573,0.00037944135954842673,29,26,0.016789538748955318,0.18224605036195946,False,True,True,4.066331063754857e-08,COMPLETE
1773,0.4580036044120789,2025-04-14 21:07:56.019929,2025-04-14 21:08:18.165680,0 days 00:00:22.145751,0.5796357422379265,0.010018447611267748,2,0.03561119257538171,0.0005132495151684774,0.08725339152642492,0.06691083215630103,0.09989276641157252,0.09083643938565353,0.0002452866675914633,30,30,0.013379308789994153,0.19266121645844084,False,True,True,6.137847326026042e-08,COMPLETE
1774,0.3964057445526123,2025-04-14 21:08:18.756062,2025-04-14 21:08:40.049423,0 days 00:00:21.293361,0.6029090171279374,0.041252176437987065,2,0.050448357657462736,0.010749296932074468,0.08098031673086727,0.06526169250153169,0.09572879955675052,0.09516007511527627,0.06242230488777182,29,22,0.011479612670240532,0.18637005187131783,False,True,True,5.12398001771639e-08,COMPLETE
1775,0.5768027424812318,2025-04-14 21:08:40.625318,2025-04-14 21:09:02.447586,0 days 00:00:21.822268,0.6658759748170242,0.03020917725125187,2,0.03484433746850939,0.015607219519631224,0.08439385297111353,0.0709537906170876,0.09083555604934763,0.09309811635584547,0.0002969179966333811,30,27,0.007987255382439783,0.19507758791732666,False,True,True,2.362713227349974e-08,COMPLETE
1776,0.450118374824524,2025-04-14 21:09:03.017975,2025-04-14 21:09:24.634716,0 days 00:00:21.616741,0.6278878310600585,0.06393165049133188,2,0.05670239572536706,0.005341287209294689,0.08198985530723638,0.06815993366320704,0.09354378075664242,0.0950290132818013,0.0003537089774656256,29,35,0.01685137040771204,0.1981431758812103,False,True,True,3.235765055895021e-08,COMPLETE
1777,0.26577486991882326,2025-04-14 21:09:25.224881,2025-04-14 21:09:47.141210,0 days 00:00:21.916329,0.5800362405911647,0.04624220546141236,2,0.04206160483480667,0.00021998707130421302,0.08723966520617524,0.0657152498049257,0.09829135307632522,0.09066693785437424,0.00039690167598845945,30,53,0.014704735701796364,0.18124641630120464,False,False,True,2.7416298457261993e-08,COMPLETE
1778,0.2476426959037781,2025-04-14 21:09:47.712850,2025-04-14 21:10:09.276707,0 days 00:00:21.563857,0.6894322426152325,0.029453332317148667,2,0.047479969026184905,0.010431274971886628,0.084557233141972,0.019849552977852188,0.09068481752120723,0.09266028926877727,0.00043761580200528215,29,22,0.015288161142076062,0.2026154121924132,True,True,True,4.140179015171276e-08,COMPLETE
1779,0.5862493872642518,2025-04-14 21:10:09.865294,2025-04-14 21:10:31.302990,0 days 00:00:21.437696,0.6449657315788089,0.07144334532452704,2,0.034876789115183,0.005741038839260523,0.06165151018267894,0.0687561018684344,0.09492542643046373,0.09514742556146749,0.0002265507143553213,29,25,0.010917830694357557,0.18845852417880962,False,True,True,3.563791061652764e-08,COMPLETE
1780,0.44624294042587287,2025-04-14 21:10:31.877510,2025-04-14 21:10:53.946073,0 days 00:00:22.068563,0.5959520516286202,0.02928342729242685,2,0.042652230506938046,0.0001778595534834143,0.08091521372043395,0.06508725482223214,0.09221918628624519,0.09241838718996481,0.0003150757547027442,30,31,0.0124812469961143,0.17949979198399993,False,True,True,6.265321186259721e-08,COMPLETE
1781,0.5765165805816651,2025-04-14 21:10:54.537186,2025-04-14 21:11:15.441574,0 days 00:00:20.904388,0.6185816509428311,0.047574650971137195,2,0.05607335427496012,0.016137845473453837,0.05737113282185518,0.06733014927374863,0.0965042130615971,0.09012537762020534,0.0002724578626516129,28,28,0.008701754469029207,0.19128270715925644,False,True,True,2.4150933396994526e-08,COMPLETE
1782,0.5632030129432678,2025-04-14 21:11:16.019415,2025-04-14 21:11:37.877395,0 days 00:00:21.857980,0.5782596022016421,0.010229810630160508,2,0.05132134942845103,0.010491358157226452,0.08695442214479729,0.07194760344816628,0.09048713932654,0.0950723705348781,0.00018203631304781185,30,22,0.016403767282883324,0.199739752750132,False,True,True,4.877753791283371e-08,COMPLETE
1783,0.19795987606048587,2025-04-14 21:11:38.473800,2025-04-14 21:12:00.003685,0 days 00:00:21.529885,0.5989131264299056,0.029002162978944476,2,0.14885234016516702,0.005555341359523209,0.08356566476977381,0.06935129743251055,0.0934092765901537,0.09039130726745598,0.00044042526833864805,29,28,0.013978877757055625,0.18587277584846942,False,True,True,3.1787098706668196e-08,COMPLETE
1784,0.34267081022262574,2025-04-14 21:12:00.579827,2025-04-14 21:12:21.729407,0 days 00:00:21.149580,0.6290023745904333,0.2335258613926613,2,0.03965910949211767,0.015581102192417559,0.08050140654153999,0.06454307038493817,0.0949602176024982,0.09310163616074296,0.00033721236753625695,29,25,0.017506915328726405,0.19582029418490154,False,True,False,2.422310966622204e-08,COMPLETE
1785,0.45607417821884155,2025-04-14 21:12:22.321908,2025-04-14 21:12:43.247300,0 days 00:00:20.925392,0.61105777076993,0.05443946082030371,2,0.060284524365813254,0.01028955080074661,0.0848881840611063,0.06733078418714483,0.09807936287315422,0.09162005690468679,0.0002448812597746909,28,33,0.012456105194529332,0.20383692991838206,False,True,True,4.1661780350315816e-08,COMPLETE
1786,0.5574063420295716,2025-04-14 21:12:43.853826,2025-04-14 21:13:05.652872,0 days 00:00:21.799046,0.6629957641288776,0.07092058245401366,2,0.033958470730153,0.015957369312510274,0.0872693451854233,0.07049594469304175,0.09313974226436429,0.08953364533599475,0.00031024239083910605,30,25,0.01526704731261777,0.19283769119754932,False,True,True,3.0392976190107656e-08,COMPLETE
1787,0.49165694713592534,2025-04-14 21:13:06.234692,2025-04-14 21:13:27.551497,0 days 00:00:21.316805,0.5831918740824404,0.3541862141898312,2,0.04617733246238059,0.006159160178447924,0.08189997416435296,0.06404267249739257,0.0904026607423829,0.09358461301773704,0.0004275818433090573,29,30,0.005966099101211049,0.17838561142501702,False,True,True,3.6778514006573444e-08,COMPLETE
1788,0.19931281208992005,2025-04-14 21:13:28.130440,2025-04-14 21:13:49.661059,0 days 00:00:21.530619,0.6463421228180875,0.030077677867253343,2,0.26084478995155014,0.0003482096826786605,0.07976473650545536,0.06597952394049264,0.096287181516696,0.09115971368536421,0.00012673900443065564,29,23,0.01803185966897711,0.18534054731584304,False,True,True,5.0785271948563694e-08,COMPLETE
1789,0.25624231100082395,2025-04-14 21:13:50.259968,2025-04-14 21:14:11.796640,0 days 00:00:21.536672,0.6060191313248704,0.05586657805583245,2,0.051188130475572094,0.010341227858461245,0.08574102905275706,0.014026085679007531,0.09221796157655204,0.09472355848805407,0.0002056400940850154,30,28,0.06066707137198406,0.20229962354850423,False,True,True,2.8085967866319987e-08,COMPLETE
1790,0.19931281208992005,2025-04-14 21:14:12.371702,2025-04-14 21:14:33.338305,0 days 00:00:20.966603,0.5715364732410052,0.030624294408443484,2,0.04143472901963351,0.22979583067962095,0.08355182985336727,0.06316209411441824,0.0898539362803835,0.08916096177250381,0.0003700319145068822,28,22,0.00986543114603642,0.19198723065521744,False,True,True,2.270024890011932e-08,COMPLETE
1791,0.4351421475410462,2025-04-14 21:14:33.938071,2025-04-14 21:14:55.696940,0 days 00:00:21.758869,0.6263718097644692,0.044562010588785936,2,0.03469399246566404,0.005694879556930347,0.08303842613650049,0.07456405648679822,0.09448112040160046,0.09540166903574412,0.0002657366307243122,30,32,0.03211008972687484,0.19845255243445298,False,True,True,6.410045416551949e-08,COMPLETE
1792,0.5878573656082153,2025-04-14 21:14:56.270883,2025-04-14 21:15:17.657727,0 days 00:00:21.386844,0.5878103437243456,0.01014531693558562,2,0.056568422633923275,0.013939267408936818,0.05345223478845781,0.06696400444369642,0.09240340212830186,0.092817747388724,0.00016526979180831142,29,26,0.017345661278865783,0.18525358145644702,False,True,True,3.938355338554123e-08,COMPLETE
1793,0.19931281208992005,2025-04-14 21:15:18.251852,2025-04-14 21:15:40.369734,0 days 00:00:22.117882,0.646717342730944,0.06771288310793425,2,0.04411891528102543,0.10588709077476244,0.08739038266935671,0.06920342132679566,0.09773201169407993,0.09124636950033803,0.00032635687047492096,30,36,0.011149304139800614,0.19007719241988177,False,True,True,4.7158207393749844e-08,COMPLETE
1794,0.4007753968238831,2025-04-14 21:15:40.973303,2025-04-14 21:16:01.756351,0 days 00:00:20.783048,0.6739114108131119,0.028770824425077442,2,0.04939928422994813,0.00040121406430145327,0.08190081867036324,0.06454832759398636,0.09009343739013594,0.0894054665871112,0.00022461155713784017,28,29,0.013196169490335611,0.20345163543894437,False,True,True,2.4949727037739722e-08,COMPLETE
1795,0.3406257927417755,2025-04-14 21:16:02.341663,2025-04-14 21:16:23.274565,0 days 00:00:20.932902,0.6078878500022399,0.04655790479526026,2,0.03365995717646866,0.006290692303698351,0.08048708622083246,0.06783852938996679,0.09516713096242278,0.09525908413078775,0.00042330742529412857,29,22,0.05713853484928516,0.196815062991219,False,False,True,3.072195817989853e-08,COMPLETE
1796,0.5347824335098267,2025-04-14 21:16:23.876118,2025-04-14 21:16:45.810873,0 days 00:00:21.934755,0.5685647405185279,0.07341065633192251,2,0.058189635127458776,0.01633579930720911,0.08569122123254977,0.07251750740982363,0.09233923071032707,0.09314468780615866,0.0002818074011983771,30,26,0.028396212531984502,0.18454518684800567,False,True,True,6.252059092608438e-08,COMPLETE
1797,0.4092215299606323,2025-04-14 21:16:46.394947,2025-04-14 21:17:07.491407,0 days 00:00:21.096460,0.5470632154262145,0.028317070019142312,2,0.03985984770250342,0.009964612742734406,0.07946062547364033,0.06289516075755687,0.09451259260758832,0.09110861475880853,0.0003764577011135117,28,30,0.015725918588420262,0.17956934212088255,False,True,True,2.1320574958372982e-08,COMPLETE
1798,0.36220008134841924,2025-04-14 21:17:08.072147,2025-04-14 21:17:29.763755,0 days 00:00:21.691608,0.5916548255312936,0.05162828790940404,2,0.048507373552381265,0.005638987957747217,0.08771063638742731,0.07030783070251259,0.08955609854598065,0.0933343558416974,0.00048052281745886193,29,26,0.018484275083036395,0.19254027767469006,True,True,True,4.18768788872609e-08,COMPLETE
1799,0.44799973964691164,2025-04-14 21:17:30.364216,2025-04-14 21:17:52.194921,0 days 00:00:21.830705,0.621339548407548,0.028989987361979438,2,0.03447322273821845,0.015321441585717426,0.08526077727956712,0.06562943314818487,0.09997892613329017,0.08923760839224586,0.00024691684776427666,30,33,0.013275594782246937,0.203579584218108,False,True,True,3.579109303487342e-08,COMPLETE
1800,0.5794059634208679,2025-04-14 21:17:52.772258,2025-04-14 21:18:13.557834,0 days 00:00:20.785576,0.6317152247935158,0.06022441457964779,2,0.05353122848705796,0.005808049661816028,0.08325800583739151,0.06636929070515453,0.09151327229392897,0.09559893421266882,0.0003198041914962662,28,22,0.009736615750836421,0.1961997996917124,False,True,True,2.631896576147931e-08,COMPLETE
1801,0.5918899774551392,2025-04-14 21:18:14.154994,2025-04-14 21:18:35.329691,0 days 00:00:21.174697,0.5708473351469971,0.04478261869568052,2,0.04099158659612021,0.010045770849833394,0.08777801425566845,0.06867031778007426,0.09705286474428701,0.091488080163949,0.0003647926416104306,29,25,0.016707321148432326,0.19002302608126423,False,True,True,5.232743464177952e-08,COMPLETE
1802,0.5694062352180481,2025-04-14 21:18:35.908373,2025-04-14 21:18:57.743632,0 days 00:00:21.835259,0.6063439028713132,0.028860914167421828,2,0.04567483005584019,0.016580542190091675,0.07975118452254643,0.06425741301580276,0.09323736954263087,0.09340282047524302,0.00018645983322959975,30,28,0.02752780766594879,0.19886558430606852,False,True,True,3.411038870390205e-08,COMPLETE
1803,0.20244949460029604,2025-04-14 21:18:58.346734,2025-04-14 21:19:19.209474,0 days 00:00:20.862740,0.7147406093398333,0.01026603430023365,2,0.0590675596584508,0.00018635240787909962,0.08195559720215201,0.0032720954648304615,0.09556127653394222,0.08865933618015376,0.00046623860467102354,28,22,0.023499131981674783,0.17861800547049125,False,True,True,2.3000525494898954e-08,COMPLETE
1804,0.4519050717353821,2025-04-14 21:19:19.792365,2025-04-14 21:19:40.922642,0 days 00:00:21.130277,0.6507730605257678,0.44337841989920923,2,0.04117974423951036,0.010692745422613475,0.08535985816167221,0.06708429698270685,0.08935969915073358,0.09480102648216707,0.0002768898202607416,29,31,0.03032031978269712,0.20622416004950245,False,True,False,6.415613005464964e-08,COMPLETE
1805,0.5828816413879395,2025-04-14 21:19:41.532444,2025-04-14 21:20:03.248570,0 days 00:00:21.716126,0.5887021115500639,0.057469945754929544,2,0.051879632442506034,0.005389640636106198,0.08334683760413324,0.06296051421605223,0.09179145838308393,0.09066266423287747,0.000199616917646745,30,25,0.050599991810949194,0.18659620350275735,False,True,True,2.9388180431294892e-08,COMPLETE
1806,0.5567779064178467,2025-04-14 21:20:03.831149,2025-04-14 21:20:25.385975,0 days 00:00:21.554826,0.556270139129584,0.010143868744516818,2,0.03306484660675581,0.016952656561051195,0.07780741439990196,0.07111108779504455,0.09415836125806888,0.09276089995736106,0.00015032357295441178,29,28,0.019045334198122432,0.1941427190456881,False,True,True,5.016053914624332e-08,COMPLETE
1807,0.19931281208992005,2025-04-14 21:20:25.993912,2025-04-14 21:20:47.279448,0 days 00:00:21.285536,0.6177812881650684,0.07458031925081912,2,0.05967745227714766,0.11369471645085577,0.08015689444632494,0.06494131756165149,0.09692786313938477,0.09528012476930907,0.0003175323342943706,29,23,0.00854281476093125,0.18344752712245438,False,True,True,2.1080471693975313e-08,COMPLETE
1808,0.48830229043960577,2025-04-14 21:20:47.886506,2025-04-14 21:21:08.739564,0 days 00:00:20.853058,0.5988078205651153,0.010087769616786115,2,0.047195743482597814,0.0047652219938690244,0.08685040533227378,0.06207687196252974,0.08924905492262356,0.08979318698331926,0.00039258486540709735,28,35,0.01444440648884715,0.20425739631648474,False,True,True,4.0477488476796324e-08,COMPLETE
1809,0.19931281208992005,2025-04-14 21:21:09.326575,2025-04-14 21:21:31.424824,0 days 00:00:22.098249,0.6375200528243637,0.03741823044984385,2,0.17074673244837496,0.011060013537708899,0.08397402842281973,0.06901023103727841,0.09143416169313497,0.09191093707831649,0.0002399007474480508,30,40,0.01229432179015084,0.19229699536134773,False,True,True,3.051471669701269e-08,COMPLETE
