number,value,datetime_start,datetime_complete,duration,params_alpha-eval,params_alpha-train,params_batch-size,params_eps-eval,params_eps-train,params_lambda-actions-eval,params_lambda-actions-train,params_lambda-frames-eval,params_lambda-frames-train,params_learning-rate,params_n-epochs,params_n-frames,params_radius-gw,params_rho,params_std-feats,params_ub-actions,params_ub-frames,params_weight-decay,state
1540,0.29395894408226014,2025-04-12 22:29:19.897747,2025-04-12 22:29:36.331542,0 days 00:00:16.433795,0.611316616430498,0.0422171656121694,2,0.03039271885003358,0.05870146325295322,0.09320227905939635,0.0716131777261037,0.0010573445273209924,0.09656879121609856,0.012527866882640192,20,9,0.07037070483146018,0.21128154731119797,False,True,True,3.048088786638463e-06,COMPLETE
1541,0.42867864370346076,2025-04-12 22:29:36.849923,2025-04-12 22:29:53.801793,0 days 00:00:16.951870,0.6575505093937486,0.08831820562119362,2,0.026639318952364887,0.05343764992723639,0.09626568455181334,0.07287061442634277,0.006824350784014818,0.0949573963386465,0.013240924651334581,21,16,0.06368657472795118,0.2152554335535954,False,True,True,2.208194253453609e-06,COMPLETE
1542,0.3951282978057861,2025-04-12 22:29:54.303032,2025-04-12 22:30:10.771717,0 days 00:00:16.468685,0.6277288635632481,0.04076991230976397,2,0.019345458590829867,0.06756433115256233,0.09137863981008211,0.07046731312097093,0.004763891712378043,0.09674615206401968,0.010294294803795753,20,16,0.06711640625108183,0.22989763933792695,False,True,True,2.6489910652503097e-06,COMPLETE
1543,0.31160687208175664,2025-04-12 22:30:11.265626,2025-04-12 22:30:27.714613,0 days 00:00:16.448987,0.681997233189483,0.05196383982163081,2,0.021612459093957006,0.06011461747137949,0.09407492479775455,0.07417102209129992,0.008369580381012546,0.0936192529144874,0.010844026175277209,20,12,0.07096697221333262,0.2103708249693849,False,True,True,2.9010422406260325e-06,COMPLETE
1544,0.3578396439552307,2025-04-12 22:30:28.231318,2025-04-12 22:30:43.942431,0 days 00:00:15.711113,0.6516505826670048,0.01528900008596795,2,0.02785482034960658,0.05513308988466973,0.0910361012405317,0.0725064955896657,0.0030254743398895534,0.09465861622626573,0.008657260666387497,19,16,0.06474997001415571,0.22233975109038068,False,True,False,3.869535975093011e-06,COMPLETE
1545,0.3242863178253174,2025-04-12 22:30:44.441531,2025-04-12 22:31:00.928490,0 days 00:00:16.486959,0.6109182548686265,0.01219883442018611,2,0.026758150682530926,0.039705726438474205,0.0911924236740559,0.0786927450034984,0.005828926191268911,0.09671668076654392,0.019298595704557348,20,12,0.06312037890485298,0.21542918163531755,False,True,True,1.9221406825001494e-06,COMPLETE
1546,0.49337890148162844,2025-04-12 22:31:01.422910,2025-04-12 22:31:18.419090,0 days 00:00:16.996180,0.6360532304542621,0.11856426708063236,2,0.032507651643389014,0.029499536791366236,0.09334918118941271,0.07081736965987982,0.004416115221042742,0.09475922611986136,0.01557381949645675,21,18,0.06759347036540016,0.2244274037050791,False,True,True,2.700075839475705e-06,COMPLETE
1547,0.2972564220428467,2025-04-12 22:31:18.938243,2025-04-12 22:31:35.866377,0 days 00:00:16.928134,0.6753676086402152,0.13028412968595474,2,0.030794554958319596,0.033213449657771704,0.09696676681098139,0.06738146091612021,0.008004270512332795,0.0942426345625596,0.010750520023717394,21,7,0.06750054949608252,0.2350744251751617,False,True,True,3.1904782984129646e-06,COMPLETE
1548,0.3367846131324768,2025-04-12 22:31:36.370200,2025-04-12 22:31:52.940840,0 days 00:00:16.570640,0.6517886640362031,0.12076002737055291,2,0.02773740350705085,0.027710612764603626,0.09499732045805134,0.0694563289246663,0.005908656465270817,0.09261471868265661,0.015257146265663199,20,14,0.07073922310971958,0.2287486684297399,False,True,True,4.0502277350831965e-06,COMPLETE
1549,0.4841561675071717,2025-04-12 22:31:53.438290,2025-04-12 22:32:10.548673,0 days 00:00:17.110383,0.6200236826750588,0.10446070887174416,2,0.026090401781203934,0.025973396866488474,0.09353333124094378,0.07074366493360996,0.007672835375957176,0.09412067757809775,0.016066764103313428,21,17,0.06850542371195306,0.2106096809705377,False,True,True,2.5943840347198992e-06,COMPLETE
1550,0.4032771468162537,2025-04-12 22:32:11.067856,2025-04-12 22:32:27.563633,0 days 00:00:16.495777,0.6113547751751089,0.10618790497183254,2,0.022053155889600655,0.020467263386829405,0.09516836349976601,0.06778519314924367,0.0075096088609889824,0.09269156603473395,0.017947419568186285,20,15,0.07102382062034915,0.21062881224535934,False,True,True,2.9671466965378163e-06,COMPLETE
1551,0.3318582892417908,2025-04-12 22:32:28.067802,2025-04-12 22:32:45.060534,0 days 00:00:16.992732,0.6371800207262183,0.08299829733309855,2,0.02005803723790868,0.0232718645499497,0.0972633425620472,0.07012097378523735,0.005060642193464136,0.09229355231040057,0.014337621009287215,21,11,0.06872596306803296,0.2100067891065343,False,True,True,3.967962139032594e-06,COMPLETE
1552,0.5016412496566772,2025-04-12 22:32:45.562941,2025-04-12 22:33:02.545537,0 days 00:00:16.982596,0.6094006691375979,0.09136673167385916,2,0.026568854674693377,0.0283770201467346,0.09356467754206282,0.07226343296425197,0.006498294079157132,0.09321053372141559,0.015686518986300805,21,16,0.06839135681319468,0.20570963629034583,False,True,True,3.56523570877281e-06,COMPLETE
1553,0.4264530062675477,2025-04-12 22:33:03.072338,2025-04-12 22:33:19.682121,0 days 00:00:16.609783,0.6196944523216393,0.07301471274098206,2,0.017802784411740012,0.01821263612579618,0.09725227693791941,0.07138249169443331,0.008428116353115807,0.0918679297028638,0.011363553348297653,20,13,0.07112930457157182,0.204340849035036,False,True,True,4.8750805021458395e-06,COMPLETE
1554,0.33249614238739017,2025-04-12 22:33:20.189724,2025-04-12 22:33:36.566597,0 days 00:00:16.376873,0.59688385979248,0.09503867680761918,2,0.024778229333921886,0.028195627535832733,0.09470670774138287,0.07306836526523687,0.007698289864840011,0.09203356512756648,0.013971776733335236,20,7,0.07416171844825958,0.20291857652634476,False,True,True,3.771092667050811e-06,COMPLETE
1555,0.3215000629425049,2025-04-12 22:33:37.071908,2025-04-12 22:33:54.154471,0 days 00:00:17.082563,0.6026469105121772,0.11287064800294151,2,0.01699959404276303,0.03730747084436068,0.09744178216911561,0.06876769884183921,0.006668008882155318,0.09318186422647766,0.0161917761228282,21,10,0.06861346887865177,0.2077539776021141,False,True,True,3.931968794933046e-06,COMPLETE
1556,0.2638281166553498,2025-04-12 22:33:54.680096,2025-04-12 22:34:11.488911,0 days 00:00:16.808815,0.6195388051888289,0.08357716931086376,2,0.01875515139271204,0.028115904248399475,0.09358995401129586,0.07090341731483893,0.007163570357628803,0.09183459206890993,0.010793253902500513,21,17,0.06821065354479068,0.20356400663063315,False,False,True,2.4459809623575908e-06,COMPLETE
1557,0.5406403422355652,2025-04-12 22:34:12.001661,2025-04-12 22:34:29.227184,0 days 00:00:17.225523,0.602039515264027,0.052163811670284256,2,0.02120284461202138,0.014190304510920359,0.09597910143699659,0.07676048275212197,0.008699845673231617,0.09338433044508791,0.019816684768864553,21,13,0.07239830747079622,0.20582125015719568,False,True,True,3.1893015637443683e-06,COMPLETE
1558,0.45194898843765263,2025-04-12 22:34:29.734874,2025-04-12 22:34:46.668944,0 days 00:00:16.934070,0.6027736020221702,0.05572123012694953,2,0.03185237424001468,0.011638249118671118,0.0944001677496934,0.07602351582665064,0.00908996380734062,0.09343381814934011,0.01830835916498094,21,12,0.07359001710572978,0.20838555550516463,False,True,True,4.02993631745963e-06,COMPLETE
1559,0.3522592425346375,2025-04-12 22:34:47.204016,2025-04-12 22:35:03.724908,0 days 00:00:16.520892,0.6001455885846474,0.11135888720807774,2,0.015528477827399342,0.014893234011719499,0.0967947473018509,0.07631662080189475,0.009195632266335862,0.09372671192697277,0.01418836687574356,20,8,0.07409779199477966,0.20607765635853775,False,True,True,5.160412267803633e-06,COMPLETE
1560,0.2958952784538269,2025-04-12 22:35:04.230546,2025-04-12 22:35:20.694817,0 days 00:00:16.464271,0.6090666260127398,0.14931427507645767,2,0.010491783501379592,0.016720670952950975,0.09970947077435591,0.07741961794233641,0.00876922954662674,0.09360493961545671,0.01797431768538027,20,6,0.07388541289362269,0.203861814424412,False,True,True,3.832660235994001e-06,COMPLETE
1561,0.39529831409454347,2025-04-12 22:35:21.205601,2025-04-12 22:35:38.338004,0 days 00:00:17.132403,0.5950407484559848,0.07352258171627735,2,0.021234193608604082,0.01150481600805309,0.09638378359949899,0.07523383712714256,0.010080046585675927,0.09414274419460338,0.018458154116327456,21,11,0.07664421755447248,0.2109394051142054,False,True,True,3.7370780091746137e-06,COMPLETE
1562,0.44146983623504643,2025-04-12 22:35:38.865208,2025-04-12 22:35:55.816843,0 days 00:00:16.951635,0.5950413810736355,0.09546426964031955,2,0.022848911708958638,0.011831126649408323,0.09641429946265737,0.08033066566567704,0.01017994410655797,0.09195769206544045,0.018968271453550435,21,11,0.06924174424944331,0.21365767427093155,False,True,True,3.1487666861634637e-06,COMPLETE
1563,0.37291476726531986,2025-04-12 22:35:56.325371,2025-04-12 22:36:13.274409,0 days 00:00:16.949038,0.5956581455020338,0.0609056241079504,2,0.01527044779683583,0.02456929818698498,0.09847681741737373,0.07794267861525922,0.008029902467914641,0.0945942727943994,0.021097965632345988,21,8,0.07172612596950002,0.20261413067798423,False,True,True,3.6703215795663443e-06,COMPLETE
1564,0.39724102020263674,2025-04-12 22:36:13.784787,2025-04-12 22:36:30.068182,0 days 00:00:16.283395,0.6162969730246831,0.04569107099860398,2,0.01790033701387842,0.006724106316373128,0.09430756972405921,0.07480699521408019,0.009789578339753472,0.0919339699679116,0.016147946651353273,20,13,0.07271091335150287,0.20830029066259395,False,True,False,4.1417245597169815e-06,COMPLETE
1565,0.30970139503479005,2025-04-12 22:36:30.597119,2025-04-12 22:36:47.592786,0 days 00:00:16.995667,0.6113727781806121,0.06868247931605655,2,0.023403009953117206,0.01906576741120212,0.09828394161846922,0.07846476162958027,0.008866660608438614,0.09419713287523661,0.017390146919715164,21,9,0.07114092365809775,0.20105006280061402,False,True,True,4.610360735692703e-06,COMPLETE
1566,0.32218571901321413,2025-04-12 22:36:48.102778,2025-04-12 22:37:04.116149,0 days 00:00:16.013371,0.5973520761373774,0.1187301193557051,2,0.009319519407216675,0.027533355299810217,0.09584676859050255,0.07595008961040639,0.008923204659765694,0.09279698636479082,0.020294423870774587,19,10,0.07410445212566248,0.21407020845689312,False,True,True,3.264943719921705e-06,COMPLETE
1567,0.40694229602813725,2025-04-12 22:37:04.622170,2025-04-12 22:37:21.179233,0 days 00:00:16.557063,0.6277205810381237,0.06102050616684892,2,0.02258535124920293,0.029878387082673385,0.09534474806982479,0.07395553729145435,0.0075648478268916216,0.09488051007525847,0.015730837147112202,20,13,0.07218433203716183,0.20880832964868448,False,True,True,4.5908881330891345e-06,COMPLETE
1568,0.42205467224121096,2025-04-12 22:37:21.709394,2025-04-12 22:37:38.745572,0 days 00:00:17.036178,0.5921140918928708,0.09242763305519541,2,0.026311712607804398,0.014805757095328777,0.09474896780949528,0.07336633785815803,0.00920231922074907,0.09235456332524358,0.020712276670952663,21,6,0.07178593780202368,0.21665189310797567,False,True,True,3.129289081324549e-06,COMPLETE
1569,0.3478556632995606,2025-04-12 22:37:39.259940,2025-04-12 22:37:56.316238,0 days 00:00:17.056298,0.6263238214697586,0.0417771862811376,2,0.0034491335042067806,0.00940197922096005,0.09738088164579531,0.07632314947584841,0.006945174354355864,0.09452842869763277,0.011556581157107964,21,9,0.06941394271703683,0.20210562775887708,False,True,True,2.753178427580339e-06,COMPLETE
1570,0.436492657661438,2025-04-12 22:37:56.828126,2025-04-12 22:38:13.996159,0 days 00:00:17.168033,0.6198493960607419,0.03768357788344782,2,0.012767030146073634,0.02142422800066572,0.09620704807342827,0.06846112150554086,0.0086735754046419,0.0918024351792679,0.01320643543764053,21,13,0.07823791288173174,0.2077381688905567,False,True,True,4.491095238106095e-06,COMPLETE
1571,0.4356755256652832,2025-04-12 22:38:14.533180,2025-04-12 22:38:30.923797,0 days 00:00:16.390617,0.5979156098124009,0.02587031018924053,2,0.024794445216922978,0.032404237562541786,0.09367571606220437,0.0712014500602949,0.006631701671657886,0.09488214188031187,0.01655631490545621,20,14,0.07511791289978186,0.2141897386274403,False,True,True,2.9042716337820975e-06,COMPLETE
1572,0.3282935976982117,2025-04-12 22:38:31.437224,2025-04-12 22:38:47.968703,0 days 00:00:16.531479,0.587584660590128,0.08464198345045396,2,0.030495036025341968,0.021499977737104468,0.09335734235003412,0.07872217156974494,0.006121129307722873,0.09346525670815489,0.020838203414191403,20,11,0.06734263764495882,0.20235998602102656,False,True,True,3.4694911341141625e-06,COMPLETE
1573,0.4054429411888123,2025-04-12 22:38:48.476537,2025-04-12 22:39:05.529251,0 days 00:00:17.052714,0.6385748353065143,0.0746229612008395,2,0.024981283983264803,0.01421592816345851,0.09775190367888328,0.07466371924486193,0.008558851698225168,0.09535734101125137,0.021060775727808935,21,14,0.07305734666353,0.21542523189585563,False,True,True,3.1548366062418083e-06,COMPLETE
1574,0.26724642515182495,2025-04-12 22:39:06.066570,2025-04-12 22:39:22.905390,0 days 00:00:16.838820,0.6180169233493091,0.012616018041604223,2,0.02193367316382857,0.0264755911910467,0.09458568096678323,0.06967373114665848,0.009945060215676826,0.09111381835012262,0.007214511338104713,21,10,0.07627208212527041,0.20646915657109405,False,False,True,2.7367656194385586e-06,COMPLETE
1575,0.39005154371261597,2025-04-12 22:39:23.420622,2025-04-12 22:39:40.283377,0 days 00:00:16.862755,0.6094312277730966,0.05488543610386662,2,0.026094700167289937,0.005670191932179269,0.09338200681790032,0.08005324354421889,0.0064272863805337685,0.09351284609883022,0.016834414260159095,21,15,0.07057259410032075,0.21848017304212952,False,True,True,5.365497642964786e-06,COMPLETE
1576,0.31899702548980713,2025-04-12 22:39:40.796162,2025-04-12 22:39:57.373453,0 days 00:00:16.577291,0.6294613820251266,0.09968634462504616,2,0.018282123263380336,0.012737983583608236,0.09838570584334767,0.0718182223044599,0.006063263436885702,0.09548276918301396,0.01444115180284922,20,9,0.06734086532698112,0.21169453270624855,False,True,True,2.307004169555405e-06,COMPLETE
1577,0.32389219999313357,2025-04-12 22:39:57.904053,2025-04-12 22:40:14.776985,0 days 00:00:16.872932,0.5926797290449727,0.03913644591950634,2,0.013663594206695046,0.0342855590293222,0.09615560810595078,0.07696522609677472,0.008255770400082843,0.0915438658117474,0.020301432157824355,21,15,0.07008083335461202,0.20315845107434016,False,True,True,4.586242257668172e-06,COMPLETE
1578,0.3829433560371399,2025-04-12 22:40:15.294097,2025-04-12 22:40:32.307532,0 days 00:00:17.013435,0.634557084904062,0.14372638905207263,2,0.026521978244726373,0.024459121132328416,0.09304717203504861,0.07373513912104429,0.00578417616849944,0.09524923818512934,0.009608487493273463,21,12,0.06837317489880576,0.20839709318080754,False,True,True,2.4819954453302992e-06,COMPLETE
1579,0.36171367168426516,2025-04-12 22:40:32.813467,2025-04-12 22:40:50.005397,0 days 00:00:17.191930,0.611466237796941,0.06966498280993685,2,0.02409643278598625,0.017189438488809446,0.09524155012154742,0.06696459222777318,0.0076310570705587204,0.09325249275211718,0.012373491495559953,21,16,0.07045300976070448,0.21860518412618415,False,True,True,3.3606982289940374e-06,COMPLETE
1580,0.3397168397903443,2025-04-12 22:40:50.537649,2025-04-12 22:41:07.236622,0 days 00:00:16.698973,0.582740513966322,0.17968413562426871,2,0.0267926235380108,0.03171254555947255,0.09334245107999811,0.07087771104396129,0.00955510264677054,0.09550420594194535,0.015568810646084003,20,13,0.07309778562675352,0.20044003774568467,False,True,True,2.500479770263078e-06,COMPLETE
1581,0.3382447242736817,2025-04-12 22:41:07.752256,2025-04-12 22:41:24.690430,0 days 00:00:16.938174,0.6366267552833842,0.049943187771228165,2,0.014662586413712615,0.0402639888406424,0.09509194349667378,0.07665511047237579,0.005283424734704584,0.09120344556384484,0.021423709729723777,21,6,0.06656981222700323,0.2118809299503962,False,True,True,3.589189075642629e-06,COMPLETE
1582,0.3531965494155884,2025-04-12 22:41:25.201146,2025-04-12 22:41:41.586529,0 days 00:00:16.385383,0.6121939156315318,0.11047333320828254,2,0.022192491781135686,0.025650804078458836,0.09267062998520587,0.07312643347677895,0.005080990756879193,0.09368567286633339,0.017294964604936354,20,17,0.06954380232741952,0.21742092780284347,False,True,True,2.616794379945477e-06,COMPLETE
1583,0.3807037115097046,2025-04-12 22:41:42.115694,2025-04-12 22:41:59.042617,0 days 00:00:16.926923,0.6330920855691213,0.012635742538025959,2,0.03012916568554526,0.0361796169661839,0.0981558436413307,0.07060418256554202,0.008334568990142698,0.09587327007333649,0.01273787422537551,21,14,0.0662486245127717,0.22406160147028586,False,True,False,4.341392799411345e-06,COMPLETE
1584,0.39810556173324585,2025-04-12 22:41:59.554730,2025-04-12 22:42:17.019685,0 days 00:00:17.464955,0.593566372715978,0.035741104251214004,2,0.0185789088113579,0.01907812057270028,0.09534792662227626,0.0744760202237377,0.007013166904330097,0.09184765599011817,0.02112218816218347,22,17,0.06830490054379328,0.20805064409397964,False,True,True,3.0788603641418328e-06,COMPLETE
1585,0.43630131483078005,2025-04-12 22:42:17.531518,2025-04-12 22:42:33.404253,0 days 00:00:15.872735,0.6462350710582909,0.2911408853533881,2,0.02940003063785999,0.005796321441612792,0.092287290546289,0.06793252565328381,0.005006464581710415,0.008413757883207647,0.015317059614400493,19,11,0.07193378544760004,0.20183395560897474,False,True,True,2.3872320569314326e-06,COMPLETE
1586,0.31693854331970217,2025-04-12 22:42:33.938794,2025-04-12 22:42:49.884284,0 days 00:00:15.945490,0.6131397840465564,0.07816906033509968,2,0.032088006248799573,0.03146447515598415,0.09338192279407989,0.06955221852622206,0.00965460024507564,0.09415154415574734,0.018090611813510918,19,9,0.07465877045552746,0.21338005088169243,False,True,True,5.577271073752055e-06,COMPLETE
1587,0.33385272026062013,2025-04-12 22:42:50.397119,2025-04-12 22:43:07.676792,0 days 00:00:17.279673,0.5864538126315555,0.05999812895296474,2,0.005294291533372398,0.041069246377105184,0.09581603107140522,0.072350190990034,0.006957370891759826,0.09572964028677415,0.013414968386315151,22,5,0.06754826881520652,0.21871534967003453,False,True,True,2.7056213801334755e-06,COMPLETE
1588,0.3739359855651856,2025-04-12 22:43:08.216015,2025-04-12 22:43:25.105659,0 days 00:00:16.889644,0.6217949347658172,0.030792555078197614,2,0.011168697855085133,0.020794428994456826,0.09260202330410683,0.07541262120329711,0.004834053507446672,0.0931622725482567,0.008804580420284562,21,17,0.06555466606305088,0.2019659998671021,False,True,True,3.4574726823998048e-06,COMPLETE
1589,0.5094069004058839,2025-04-12 22:43:25.622451,2025-04-12 22:43:42.967845,0 days 00:00:17.345394,0.6480142554007371,0.09401576251413711,2,0.023233581059590162,0.012926845605145173,0.09908397649179068,0.07714363255560139,0.004724584863311224,0.09587610460701324,0.022334673496237408,22,15,0.0708983798665292,0.20848536415957986,False,True,True,2.2225216890651725e-06,COMPLETE
1590,0.3707733154296875,2025-04-12 22:43:43.479578,2025-04-12 22:44:01.202274,0 days 00:00:17.722696,0.6580293435160344,0.10027999795202898,2,0.018425997353233813,0.011305653291211297,0.09987564494253603,0.07787202636499192,0.004643500864246438,0.09640611597181252,0.022484059906443088,22,13,0.07166146997318919,0.2079444187825158,False,True,True,2.4048287747784705e-06,COMPLETE
1591,0.331409215927124,2025-04-12 22:44:01.736666,2025-04-12 22:44:19.201059,0 days 00:00:17.464393,0.6437021827299593,0.10713143216585165,2,0.0084110516919392,0.00409696214989529,0.09351637952817556,0.07998399346928149,0.004332741179576051,0.09129048755568744,0.021351757554034057,22,14,0.0751365893765766,0.20895907927807397,False,True,True,2.1031559578050225e-06,COMPLETE
1592,0.4449909448623658,2025-04-12 22:44:19.719916,2025-04-12 22:44:36.719463,0 days 00:00:16.999547,0.6628319308666035,0.0674941226233007,2,0.0215676870584751,0.012945592636660919,0.09790363070106788,0.07652203158987288,0.004648949404238286,0.0962799860991187,0.019069752198612868,21,10,0.07326047819622991,0.20092982206426288,False,True,True,3.0651697671612408e-06,COMPLETE
1593,0.3570547342300415,2025-04-12 22:44:37.237604,2025-04-12 22:44:54.226109,0 days 00:00:16.988505,0.6397505070339472,0.1191884818163615,2,0.012147624892188753,0.012136092117385231,0.09963377360305259,0.07913549201792446,0.007110349735176577,0.09361039842711755,0.01668623418235285,21,16,0.07576974193174563,0.21279406679478421,False,True,True,2.172147311646844e-06,COMPLETE
1594,0.42266393899917604,2025-04-12 22:44:54.762785,2025-04-12 22:45:12.349843,0 days 00:00:17.587058,0.6580586074158505,0.07910371310879576,2,0.024192033138347075,0.02084399978104371,0.09881964713054153,0.07455876290004755,0.005765345223639201,0.09437720786590517,0.011629738839090043,22,12,0.0784864252663099,0.21829852831441637,False,True,True,2.692779536633177e-06,COMPLETE
1595,0.35847913026809697,2025-04-12 22:45:12.869993,2025-04-12 22:45:29.627309,0 days 00:00:16.757316,0.628606787885703,0.08990601259347675,2,0.02083594515369189,0.017391289299447128,0.09535646417376906,0.07239752241719026,0.010179285884614244,0.09655656515962717,0.022518693241645762,21,17,0.07043905762259774,0.2068836142519875,False,False,True,2.020634129111387e-06,COMPLETE
1596,0.34088364839553836,2025-04-12 22:45:30.145945,2025-04-12 22:45:47.668961,0 days 00:00:17.523016,0.6023118675199578,0.13017718405058085,2,0.016984856685268515,0.0004816379183516569,0.09991144665358424,0.07734287709105114,0.004144485139045076,0.09189448797504056,0.01627807084918916,22,9,0.06984888201076415,0.21586111623786966,False,True,True,4.157711179015907e-06,COMPLETE
