number,value,datetime_start,datetime_complete,duration,params_alpha-eval,params_alpha-train,params_batch-size,params_eps-eval,params_eps-train,params_lambda-actions-eval,params_lambda-actions-train,params_lambda-frames-eval,params_lambda-frames-train,params_learning-rate,params_n-epochs,params_n-frames,params_radius-gw,params_rho,params_std-feats,params_ub-actions,params_ub-frames,params_weight-decay,state
970,0.42805339097976686,2025-04-12 20:30:57.283843,2025-04-12 20:31:06.829121,0 days 00:00:09.545278,0.4599955386350587,0.461104447227779,8,0.05378565870730712,0.19013860075098146,0.08177467443578149,0.06081247980302169,0.039668276653626995,0.08951903067100411,6.804916731506874e-05,29,31,0.049233521416249426,0.18160855084755084,True,True,True,5.736149279564467e-07,COMPLETE
971,0.4265484690666199,2025-04-12 20:31:07.147426,2025-04-12 20:31:16.331058,0 days 00:00:09.183632,0.4454219574707154,0.5551142083776971,8,0.058983855574964175,0.17766074163350917,0.0744804825725998,0.04617310768617917,0.015772796875791213,0.0899653332724294,0.04254284238684325,26,26,0.045085524883854325,0.16356968367921199,True,True,True,1.3327289596911908e-06,COMPLETE
972,0.37053236961364744,2025-04-12 20:31:16.649506,2025-04-12 20:31:22.813610,0 days 00:00:06.164104,0.40906753917440003,0.5164239306545978,8,0.06527265666776437,0.1861468338015068,0.07962951937533698,0.05509306021870569,0.05200661931905094,0.08540986353122575,0.06449642668993222,5,23,0.047249847520070304,0.13547466812568623,True,True,True,8.257818837416762e-07,COMPLETE
973,0.3858383297920227,2025-04-12 20:31:23.133693,2025-04-12 20:31:32.146692,0 days 00:00:09.012999,0.3872024813747993,0.5802298548443419,8,0.05304069575751589,0.194254270402333,0.08328329168037683,0.04820670408809182,0.00935586952301273,0.08777413051017852,0.07569517424782274,25,29,0.041032165493258596,0.1728177314384877,True,True,True,1.0913420022015374e-07,COMPLETE
974,0.351006281375885,2025-04-12 20:31:32.449002,2025-04-12 20:31:41.896948,0 days 00:00:09.447946,0.48711605147376635,0.47608993543145417,8,0.07443439505199942,0.17220834095604473,0.08553378416683585,0.044364976489358575,0.012423430333685658,0.09030780715744754,0.05274111237721556,28,35,0.05060780845182891,0.14441703461047714,True,True,True,5.228466933112929e-07,COMPLETE
975,0.296838116645813,2025-04-12 20:31:42.218838,2025-04-12 20:31:51.422330,0 days 00:00:09.203492,0.46594944583423664,0.4906110085734078,8,0.05864698134313564,0.1818699360167473,0.08036638598667777,0.058952180016218596,0.006810850228736982,0.09119848248905472,0.08311467364040002,26,48,0.04418636192086753,0.022881746655228047,True,True,True,0.0002833308241103793,COMPLETE
976,0.19931281208992005,2025-04-12 20:31:51.741125,2025-04-12 20:32:00.545102,0 days 00:00:08.803977,0.4307769983579135,0.5333405559935925,8,0.10820929051682228,0.18754830923401186,0.07683520536902107,0.05651453527332031,0.042486523820489806,0.08401770812707077,0.06504661420881012,24,19,0.046028836806155285,0.18205326876025058,True,True,True,7.272327297891536e-07,COMPLETE
977,0.4232705712318421,2025-04-12 20:32:00.867897,2025-04-12 20:32:09.919324,0 days 00:00:09.051427,0.4994685853985021,0.45726435973919394,8,0.05041130008878936,0.19806187343147003,0.08226758984316215,0.05351215108681527,0.04547218441597632,0.0882750398137952,0.07554568850394107,25,33,0.04894813329396544,0.17658072511040915,True,True,True,1.0609577206193507e-06,COMPLETE
978,0.19931281208992005,2025-04-12 20:32:10.240507,2025-04-12 20:32:19.423715,0 days 00:00:09.183208,0.45204604777749224,0.4999686805312912,8,0.28505161822240144,0.178520143849345,0.08617121636124002,0.06569093837135594,0.04845682239336429,0.09104146276991944,0.03584326944664747,26,26,0.0524024258289782,0.16972744032382248,True,True,True,4.195192523149077e-07,COMPLETE
979,0.4289477467536926,2025-04-12 20:32:19.733916,2025-04-12 20:32:29.077706,0 days 00:00:09.343790,0.4763022969951999,0.44214388894161394,8,0.054656994384676166,0.19344193838852206,0.0714563727977515,0.06085120001685431,0.010525157829260282,0.08654026164985315,0.05872371200300972,27,29,0.043042982825125954,0.1818999196171688,True,True,True,5.797614154988394e-07,COMPLETE
980,0.25394240617752073,2025-04-12 20:32:29.396073,2025-04-12 20:32:50.122381,0 days 00:00:20.726308,0.41725235748214146,0.542898449837896,2,0.0638739910568544,0.18509293198729077,0.07842069032261058,0.05126498975092532,0.007795829856053786,0.0909857100476441,0.08429330769218277,28,24,0.04743207416235595,0.15216779129672403,True,True,True,1.5701827601293714e-07,COMPLETE
981,0.4472913384437561,2025-04-12 20:32:50.443064,2025-04-12 20:32:59.470597,0 days 00:00:09.027533,0.4644607422066233,0.5220310444993875,8,0.048657983340358195,0.1742335411629334,0.08363118887106952,0.055143449308971776,0.012999838594548216,0.08952254119619724,0.04797282085389615,25,31,0.04590616953432729,0.16074786513214276,True,True,True,2.575723191499823e-07,COMPLETE
982,0.35555671453475957,2025-04-12 20:32:59.792589,2025-04-12 20:33:08.626432,0 days 00:00:08.833843,0.49399293176713843,0.514282835589281,8,0.07014866810590785,0.1705620043739262,0.08764277329705879,0.05837000412955836,0.009593056101056572,0.08877984884056346,0.04187843858836197,24,39,0.03970129885920552,0.1636376782823181,True,False,True,2.407632847234759e-07,COMPLETE
983,0.4275453805923462,2025-04-12 20:33:08.952824,2025-04-12 20:33:18.059541,0 days 00:00:09.106717,0.4934929671196531,0.5165535237035516,8,0.05842997776010157,0.1689828905887591,0.08500976548350471,0.0563434332351005,0.014139386323694434,0.08604033450351829,0.045844711791106836,25,33,0.04224888154095631,0.160172526072089,True,True,True,2.734466641309287e-07,COMPLETE
984,0.40825510025024414,2025-04-12 20:33:18.384232,2025-04-12 20:33:27.509523,0 days 00:00:09.125291,0.47123058870041035,0.4894418190650188,8,0.051875566851593384,0.17368545759692083,0.08372102691615933,0.05868926216071925,0.01181415060774866,0.08768906726363766,0.03667658066650979,26,36,0.04455176011870905,0.16589812875272392,True,True,True,2.0623821338892661e-07,COMPLETE
985,0.43394085168838503,2025-04-12 20:33:27.819999,2025-04-12 20:33:36.846453,0 days 00:00:09.026454,0.5068007239050106,0.46647294491897084,8,0.04617939428413656,0.1758940056082929,0.08809990836702533,0.06313589511708215,0.042231499718481086,0.08903525667387187,0.05073833005719829,25,31,0.045037840463290714,0.15484627506954948,False,True,True,2.1560635752153915e-07,COMPLETE
986,0.4250725507736206,2025-04-12 20:33:37.170969,2025-04-12 20:33:46.390644,0 days 00:00:09.219675,0.4752349290335586,0.4929204464308102,8,0.063808807716056,0.1745870587644492,0.08611300524137076,0.055472390941485566,0.046210513418390185,0.08473235002157069,0.052064104447452665,26,34,0.04290767952600074,0.17179310530249461,True,True,True,1.8386101174787347e-07,COMPLETE
987,0.3960615754127503,2025-04-12 20:33:46.713384,2025-04-12 20:33:55.529523,0 days 00:00:08.816139,0.4401650134975623,0.5285092252391069,8,0.05363909966925582,0.17959834159115023,0.08351650053167566,0.05741193065230199,0.012539837935517497,0.09053884783721051,0.0001783407766776613,24,10,0.04900397748792932,0.16718116982014244,True,True,True,2.7179683725251074e-07,COMPLETE
988,0.4269484162330628,2025-04-12 20:33:55.853236,2025-04-12 20:34:05.264642,0 days 00:00:09.411406,0.46029318074610864,0.5063300715356495,8,0.04658793648381393,0.17150736825596333,0.08495304017777312,0.04184221110520831,0.009821400791976326,0.08774671211829688,0.04800764262875177,27,31,0.045958273777692626,0.17532765065919007,True,True,True,3.0441721034013414e-07,COMPLETE
989,0.25181912183761596,2025-04-12 20:34:05.591959,2025-04-12 20:34:14.546662,0 days 00:00:08.954703,0.5007929383553187,0.4695357886254804,8,0.21466388863005853,0.17644924587223867,0.08346296601432468,0.0595912546510018,0.014387226375639328,0.08909734008137786,0.05861946490984661,25,16,0.04155811029254999,0.15869194910853512,True,True,False,1.360749778630378e-07,COMPLETE
990,0.34454673528671265,2025-04-12 20:34:14.854385,2025-04-12 20:34:23.840348,0 days 00:00:08.985963,0.27431520856499303,0.4470314045280428,8,0.058610940032014766,0.18265255507753592,0.08172356455218123,0.05447207691407795,0.04359678207905707,0.09197682744909756,0.00036782417627608465,25,27,0.05032278425252564,0.18580960490972376,True,True,True,3.394155541069197e-07,COMPLETE
991,0.19931281208992005,2025-04-12 20:34:24.163906,2025-04-12 20:34:33.024476,0 days 00:00:08.860570,0.48413115497497455,0.47708623562877206,8,0.043564194608934015,0.1811621775642372,0.08625493191524558,0.061260639354508255,0.00710536404340308,0.08596412846825793,0.04109869453287428,24,20,0.04784661034395138,0.1773588846605838,True,True,True,2.5584279646329597e-07,COMPLETE
992,0.39255428314208984,2025-04-12 20:34:33.349773,2025-04-12 20:34:42.615877,0 days 00:00:09.266104,0.4080014648179184,0.4973281984666568,8,0.07699019313770927,0.16848846529380782,0.08159954156132791,0.05681485147486529,0.05119930294488788,0.08998966216244184,0.06326875903559283,26,30,0.044222970855540264,0.1834095136008305,True,True,True,3.5827002289577744e-07,COMPLETE
993,0.4196313261985779,2025-04-12 20:34:42.941544,2025-04-12 20:34:52.175662,0 days 00:00:09.234118,0.4445808115564938,0.5346855243511616,8,0.05033483067514385,0.18571298910366776,0.08829433597661437,0.05411598265600343,0.04010124872957994,0.09219974564821676,0.055963334911851875,26,41,0.04576172714102257,0.16000071146208739,True,True,True,1.652294786969755e-07,COMPLETE
994,0.3816229343414307,2025-04-12 20:34:52.504282,2025-04-12 20:35:01.838171,0 days 00:00:09.333889,0.38341853903391443,0.4060013798646902,8,0.06619618725030373,0.17934623683963774,0.08429958963453563,0.056049922845125555,0.010252511003517768,0.08789702465980581,0.06465011415563182,27,24,0.05434835436801493,0.16939117149961214,True,True,True,4.577892387750537e-07,COMPLETE
995,0.19931281208992005,2025-04-12 20:35:02.168073,2025-04-12 20:35:11.286565,0 days 00:00:09.118492,0.46472311516586273,0.5140993368486995,8,0.055926266739303496,0.18828939233649014,0.08126904319603688,0.058710717834037175,0.013180802144138384,0.07830489828718881,0.04855937607827548,24,149,0.04801136790058479,0.1875846904033206,True,True,True,4.390913860938171e-08,COMPLETE
996,0.28595851659774785,2025-04-12 20:35:11.597691,2025-04-12 20:35:19.182060,0 days 00:00:07.584369,0.11014838989306985,0.4556264808882259,16,0.04029593336756557,0.006229053785026119,0.08333684129771314,0.06264335281145648,0.04812619936307013,0.09116338568568817,0.07072595436468355,25,37,0.05113756641381036,0.17866332921697195,True,True,True,3.6585423624111335e-07,COMPLETE
997,0.19931281208992005,2025-04-12 20:35:19.507943,2025-04-12 20:35:28.993560,0 days 00:00:09.485617,0.5084267189926608,0.36440933976262974,8,0.13744741759746124,0.17472157218056653,0.08036086530469691,0.03778014596871698,0.006818784635651573,0.09283558317586438,0.04185565993545366,26,139,0.04005050345619614,0.16510920839245655,True,True,True,3.0453343912330796e-07,COMPLETE
998,0.42078156471252437,2025-04-12 20:35:29.320565,2025-04-12 20:35:38.367078,0 days 00:00:09.046513,0.43524856578379595,0.47927394801769435,8,0.061514942033118025,0.18194409229491404,0.08687867658670952,0.05412301909688156,0.037644886099211294,0.08986113808740052,0.05757402324196471,25,33,0.04386452544028743,0.17269659775528523,True,True,True,2.0765141568856995e-07,COMPLETE
999,0.2105732560157776,2025-04-12 20:35:38.696821,2025-04-12 20:35:47.924568,0 days 00:00:09.227747,0.18172657047560276,0.4376374320447699,8,0.1176401291705086,0.1662747035518102,0.08266853892384464,0.05750733213965856,0.04579165377886605,0.08393512127003752,0.07082198286868971,27,27,0.04643324299387426,0.1885718322186954,True,True,True,7.68409933666382e-08,COMPLETE
1000,0.3545735955238342,2025-04-12 20:35:48.254364,2025-04-12 20:35:57.651233,0 days 00:00:09.396869,0.48708340510203163,0.5200790277277036,8,0.05239250362710272,0.1892322759657127,0.08445323062402019,0.05229000909387272,0.008911817871884106,0.09274306591754915,0.05275329705873467,28,22,0.04203286686986615,0.15460442956914433,True,False,True,4.2466854283586684e-07,COMPLETE
1001,0.4379255294799805,2025-04-12 20:35:57.984404,2025-04-12 20:36:06.879431,0 days 00:00:08.895027,0.5159195864143501,0.4988765053378467,8,0.044771145238341976,0.17126536817207122,0.08038728891955524,0.06032080582726274,0.034467028279005905,0.08672712384985785,0.035664979424797516,24,29,0.04959481831014586,0.18030645180417484,True,True,True,5.265080013781758e-07,COMPLETE
1002,0.19931281208992005,2025-04-12 20:36:07.192770,2025-04-12 20:36:25.236413,0 days 00:00:18.043643,0.47115438453615055,0.4924893211145171,2,0.04695886327523555,0.16655820874322946,0.07954433159822591,0.055449789879858324,0.03938024492643842,0.08249129266841003,0.03788178747390594,23,34,0.05318158372455641,0.18451906859062991,False,True,True,3.798716563829693e-07,COMPLETE
1003,0.41716560125350954,2025-04-12 20:36:25.564412,2025-04-12 20:36:34.437377,0 days 00:00:08.872965,0.5114678168469069,0.47470444261227945,8,0.057067927725814455,0.15654705163718663,0.08008391277361826,0.05008647172556882,0.03596862039393421,0.08160363088232045,0.03190376473856846,24,31,0.05184859486402303,0.19066233879040875,True,True,True,2.586806576195852e-07,COMPLETE
1004,0.35627393722534184,2025-04-12 20:36:34.763728,2025-04-12 20:36:43.483821,0 days 00:00:08.720093,0.42454546899440515,0.4982462301748499,8,0.0696042907840286,0.17039736114068943,0.07874240894997157,0.04372402975957797,0.033389579419963136,0.08286538319817503,0.036152823115457464,23,29,0.050071099407548676,0.18031354449631867,True,True,True,4.962012067620275e-07,COMPLETE
1005,0.2929992735385895,2025-04-12 20:36:43.816637,2025-04-12 20:36:52.809806,0 days 00:00:08.993169,0.4591320087794771,0.464588129150251,8,0.04741494593050503,0.16285516968670166,0.08206023356729539,0.059983823296800826,0.03559669410394464,0.08561958280855671,0.04053894436168665,24,25,0.09436981329537558,0.07837866955143816,True,True,True,4.109876582796222e-07,COMPLETE
1006,0.41858118772506714,2025-04-12 20:36:53.141116,2025-04-12 20:37:02.099814,0 days 00:00:08.958698,0.48864821208832193,0.4904808009375384,8,0.05381904188050156,0.1702973881690976,0.0807350981069926,0.05322038254362657,0.033730206790329856,0.08576143253959603,0.05093884366544218,24,35,0.0530578104807221,0.18252856964714242,True,True,True,3.085336129959623e-07,COMPLETE
1007,0.19931281208992005,2025-04-12 20:37:02.434398,2025-04-12 20:37:11.342143,0 days 00:00:08.907745,0.4497118692986025,0.4419609710734938,8,0.2261421625266667,0.17410694806077662,0.07873642590313343,0.04798828149715189,0.03215348051703899,0.08381066260216528,0.003834743034430354,24,31,0.051139514178652146,0.1871250469159448,True,True,True,1.0882964169158646e-07,COMPLETE
1008,0.37593157291412355,2025-04-12 20:37:11.657683,2025-04-12 20:37:20.434641,0 days 00:00:08.776958,0.39899952824424695,0.41712307792789866,8,0.06134536613639158,0.16645148182735936,0.07705532915957797,0.057267204972155386,0.005885288131150474,0.08683038102311517,0.04944271806912443,24,26,0.04988177996198654,0.17672373948141032,True,True,False,4.800013019018879e-07,COMPLETE
1009,0.23008740544319156,2025-04-12 20:37:20.767881,2025-04-12 20:37:29.718697,0 days 00:00:08.950816,0.4968783177382413,0.5076990412304316,8,0.051362797746207486,0.11790488536129891,0.08062060744242447,0.05532590259829684,0.03662945064189706,0.088354237146126,0.04418052159514995,24,21,0.054072529856081374,0.1916940472472477,True,True,True,5.69562846563811e-07,COMPLETE
1010,0.43395557403564455,2025-04-12 20:37:30.048341,2025-04-12 20:37:38.842770,0 days 00:00:08.794429,0.47739190076086824,0.46078808371796903,8,0.0435266112977827,0.1760987248542347,0.07594267740164273,0.051408716533842824,0.03376997650438658,0.08695607550371344,0.045538940988625425,23,29,0.04899618128955758,0.1802660237526155,True,True,True,3.8632035778976537e-07,COMPLETE
1011,0.4158363819122315,2025-04-12 20:37:39.178576,2025-04-12 20:37:48.240376,0 days 00:00:09.061800,0.5156986212055097,0.4810054961991583,8,0.0582348193867906,0.18065347377320656,0.08213958096198852,0.046487725353369355,0.04048692578987881,0.08870787500396025,0.03278585963392497,25,25,0.048268763312259315,0.19906907195228385,True,True,True,2.2599247758032473e-07,COMPLETE
1012,0.2888563871383667,2025-04-12 20:37:48.574476,2025-04-12 20:37:57.879675,0 days 00:00:09.305199,0.41826614677439494,0.5150342391342579,8,0.06630223492975072,0.10599197508538608,0.07873593675931764,0.06488246112085776,0.03098652218308624,0.08730877230525122,0.06121077465952562,27,39,0.05210576180953545,0.17006067366470487,True,True,True,5.553116999816592e-07,COMPLETE
1013,0.275798898935318,2025-04-12 20:37:58.217543,2025-04-12 20:38:07.262954,0 days 00:00:09.045411,0.4362998960965398,0.3852984186857009,8,0.05040671953981252,0.1722545472185734,0.08060094679837893,0.0583731934716319,0.038313296935925945,0.08572116822191454,0.04513165070775502,25,33,0.048023186976749274,0.16164847100658064,True,True,True,1.498800655887503e-07,COMPLETE
1014,0.26860877871513367,2025-04-12 20:38:07.579825,2025-04-12 20:38:16.751733,0 days 00:00:09.171908,0.4582212073448811,0.44508068853280475,8,0.042771155961193526,0.17676862166391683,0.07498055562370058,0.0610864446475462,0.03623300397034908,0.08036109821447372,0.05683378272905167,26,28,0.05053891945143516,0.18802521857253623,True,True,True,3.303004284404386e-07,COMPLETE
1015,0.19931281208992005,2025-04-12 20:38:17.084620,2025-04-12 20:38:25.912400,0 days 00:00:08.827780,0.4752774593896112,0.4736734879984918,8,0.0811391306498593,0.1827236560141157,0.08297437571281943,0.05515524212087369,0.03435525522826567,0.09361543804923421,0.034406278591054135,24,17,0.0466717885402352,0.1785223893008444,True,True,True,6.673404548127047e-07,COMPLETE
1016,0.42249928712844853,2025-04-12 20:38:26.241121,2025-04-12 20:38:35.650871,0 days 00:00:09.409750,0.5146179064685554,0.42373225650776414,8,0.05536131227017377,0.17134487153909267,0.0784575821738965,0.05303204227262751,0.03719238117093634,0.08352652838164533,0.06762480046993224,28,23,0.049112381200800394,0.1729559930586331,True,True,True,4.4741614630922903e-07,COMPLETE
1017,0.19931281208992005,2025-04-12 20:38:35.986851,2025-04-12 20:38:45.011830,0 days 00:00:09.024979,0.4936443748884863,0.4968438827943011,8,0.1963906710656131,0.16581177815001902,0.08094383071029909,0.04920081450875153,0.029426076527585193,0.08945746791323192,0.05634236178745202,25,32,0.045245230912088305,0.15065551246290912,True,True,True,5.586041766826162e-07,COMPLETE
1018,0.27346546053886417,2025-04-12 20:38:45.346100,2025-04-12 20:38:53.282447,0 days 00:00:07.936347,0.4478430600035959,0.45210634197497723,16,0.06140255704011822,0.19767161587294432,0.0823139701158134,0.05695093995275112,0.041815199312931706,0.0913584955401588,0.08399348086240598,29,27,0.04732414801868182,0.1843191090597258,True,True,True,7.220777349394443e-07,COMPLETE
1019,0.3065049171447754,2025-04-12 20:38:53.621056,2025-04-12 20:39:02.309940,0 days 00:00:08.688884,0.42394157946345945,0.4029245727302937,8,0.04754419715324865,0.13101528542416724,0.07642837769458947,0.0589567713242561,0.0328210784758187,0.09278431909356523,0.0677212800316534,23,37,0.05430603319799928,0.19333507309989145,True,False,True,2.8843998627632794e-07,COMPLETE
1020,0.3367812156677247,2025-04-12 20:39:02.628844,2025-04-12 20:39:11.870143,0 days 00:00:09.241299,0.4735631104287325,0.5203067188607379,8,0.03720594926809023,0.1780943252853107,0.08558231427092433,0.054069529933546856,0.04436317656238548,0.08990119275813632,0.0466415931348775,26,30,0.0439362640166488,0.16574354409284706,True,True,True,4.868812378353579e-07,COMPLETE
1021,0.19931281208992005,2025-04-12 20:39:12.203335,2025-04-12 20:39:21.064722,0 days 00:00:08.861387,0.5239408630568555,0.2655039603326823,8,0.06969210616211219,0.18908655055893575,0.07979841404821697,0.062149796333154615,0.03812173124224981,0.09400743397913894,0.06306187863240384,24,20,0.03807182931087496,0.17715223605979166,False,True,True,6.620152319555748e-07,COMPLETE
1022,0.427412736415863,2025-04-12 20:39:21.398543,2025-04-12 20:39:30.405313,0 days 00:00:09.006770,0.49619119094425723,0.47688049630236984,8,0.05382301761877256,0.18495409455854497,0.08341160174160306,0.05086132754119277,0.011249569611789086,0.045504567913613736,0.07681270407609936,25,24,0.052080289194036816,0.09768760842127545,True,True,True,1.8403536982467197e-07,COMPLETE
1023,0.4050616264343262,2025-04-12 20:39:30.743521,2025-04-12 20:39:39.999103,0 days 00:00:09.255582,0.45931176390715833,0.4998270138537788,8,0.04350688021852618,0.159041269320862,0.07365751318696052,0.056720993841822345,0.014978026176163915,0.08485757452937101,0.0547109476093499,27,28,0.04943252436774052,0.15908420988604424,True,True,True,3.6166558270188247e-07,COMPLETE
1024,0.3349858283996582,2025-04-12 20:39:40.335232,2025-04-12 20:39:49.642581,0 days 00:00:09.307349,0.43602877290009795,0.4572004121664388,8,0.059789277106656755,0.19593067867899264,0.014192522879497023,0.05962378450820082,0.0499928939458545,0.08752135494979915,0.08682062707508417,26,34,0.046150355763675543,0.18364968316096572,True,True,True,8.214229460443404e-07,COMPLETE
1025,0.19931281208992005,2025-04-12 20:39:49.981686,2025-04-12 20:40:09.083635,0 days 00:00:19.101949,0.5069340244344165,0.43107486278135604,2,0.04856583656367787,0.14302976978807164,0.07807573191509981,0.05237575292688666,0.00845194748278304,0.05242776179266465,0.03960865877477775,25,26,0.04203261337931453,0.11078829087164392,True,True,True,4.912965533766339e-07,COMPLETE
1026,0.21264426708221437,2025-04-12 20:40:09.424920,2025-04-12 20:40:18.713012,0 days 00:00:09.288092,0.47980643675561097,0.4917513363267759,8,0.053538525896525975,0.1772009750495842,0.08121980477935266,0.0549207469443612,0.012415020224795029,0.09118120005820728,0.07371055357340531,26,63,0.04812788921115101,0.17022651798209923,True,True,True,6.089712105575618e-07,COMPLETE
