number,value,datetime_start,datetime_complete,duration,params_alpha-eval,params_alpha-train,params_batch-size,params_eps-eval,params_eps-train,params_lambda-actions-eval,params_lambda-actions-train,params_lambda-frames-eval,params_lambda-frames-train,params_learning-rate,params_n-epochs,params_n-frames,params_radius-gw,params_rho,params_std-feats,params_ub-actions,params_ub-frames,params_weight-decay,state
908,0.5275916337966919,2025-04-14 17:38:05.880914,2025-04-14 17:38:15.002888,0 days 00:00:09.121974,0.3509690166646695,0.09585250700946914,8,0.022791416233248343,0.03948400167252695,0.09765471601199695,0.04765924430545247,0.07442889081546392,0.03949159411301012,0.0033333310412954624,26,23,0.09019473240796538,0.08837512760344639,False,True,True,4.162546577179223e-07,COMPLETE
909,0.34034196138381956,2025-04-14 17:38:15.304763,2025-04-14 17:38:24.132458,0 days 00:00:08.827695,0.38049774038614137,0.12277934701031906,8,0.0148580956308762,0.04878769795997938,0.0944078397427048,0.043599444401927825,0.07615061456257323,0.09049162806026932,0.001791862719630454,24,15,0.08665165946041152,0.11553132095278783,False,True,True,1.493177574503123e-07,COMPLETE
910,0.403362500667572,2025-04-14 17:38:24.434258,2025-04-14 17:38:33.381840,0 days 00:00:08.947582,0.40397161175448104,0.08937186852320476,8,0.009930389985186838,0.03650262769997177,0.09996295760716298,0.04867991478614156,0.0726476255360334,0.08876602053526284,0.0022260142764868904,25,19,0.08326124932574233,0.1090846793607218,False,True,True,3.4127968446397555e-07,COMPLETE
911,0.5518149256706238,2025-04-14 17:38:33.671364,2025-04-14 17:38:42.442963,0 days 00:00:08.771599,0.36011656267061004,0.13834043819998693,8,0.023608776512308874,0.0417262516116197,0.09690275218406515,0.04442604668542435,0.07770378992909788,0.023398842566027804,0.001902499383736282,24,25,0.08922847341491698,0.10045754136742366,False,True,True,5.702334047129412e-08,COMPLETE
912,0.5310097813606263,2025-04-14 17:38:42.738760,2025-04-14 17:38:51.396968,0 days 00:00:08.658208,0.40478452965538325,0.09687011918892548,8,0.017351536657976604,0.03592569197186514,0.09422275266228601,0.04662851441775741,0.07405246470247837,0.09411763454500462,0.0024253226514845396,23,22,0.08688258115638829,0.10104153062905306,False,True,True,5.476809526716773e-07,COMPLETE
913,0.5683438301086426,2025-04-14 17:38:51.696671,2025-04-14 17:39:00.815217,0 days 00:00:09.118546,0.33262258576364034,0.1559661427556081,8,0.006128465505163518,0.045443590579619476,0.09589247804533915,0.04157176794879358,0.09703358218300047,0.09151678651307474,0.0017199987064560817,26,26,0.09070456503813419,0.11866926802352441,False,True,True,1.4874538098835092e-07,COMPLETE
914,0.5377882719039917,2025-04-14 17:39:01.116546,2025-04-14 17:39:10.210624,0 days 00:00:09.094078,0.31008295375097483,0.14525474867655636,8,0.005318874882195717,0.04905722789242081,0.09669492319486905,0.039925013882005936,0.09587554400413167,0.09544247912736548,0.002772227312529437,26,25,0.08970403372096403,0.11737044300197204,False,True,True,1.7341470820527922e-07,COMPLETE
915,0.4418152332305909,2025-04-14 17:39:10.497853,2025-04-14 17:39:19.569950,0 days 00:00:09.072097,0.3141178017234786,0.15377036098795585,8,0.005411747219604373,0.0548417148510384,0.09763454171571823,0.037223594219360806,0.09114924345220143,0.09262400387839563,0.002183676154015509,25,21,0.08443651374255239,0.10463726993104563,False,True,True,2.4779696699750304e-07,COMPLETE
916,0.45228099822998047,2025-04-14 17:39:19.867374,2025-04-14 17:39:28.893473,0 days 00:00:09.026099,0.3257605424124617,0.16733494548106564,8,0.007386115532930009,0.046443990945877284,0.09510598811315564,0.04111891569313402,0.09651430985275176,0.0917754210886737,0.0017573878921132075,26,17,0.08783526913981694,0.12124875478019125,False,True,True,1.4153374416452744e-07,COMPLETE
917,0.3436641335487366,2025-04-14 17:39:29.194007,2025-04-14 17:39:38.219294,0 days 00:00:09.025287,0.33624480685581776,0.13225706329279868,8,0.0005916302492248587,0.04555359126970435,0.0984047572223689,0.03900979274483706,0.09815998619522967,0.09409717296322195,0.0020587485671491827,26,26,0.08567003854598954,0.11221932181390147,False,False,True,9.655278945777955e-08,COMPLETE
918,0.357234001159668,2025-04-14 17:39:38.519139,2025-04-14 17:39:47.589873,0 days 00:00:09.070734,0.35977656448668377,0.11434079831480098,8,0.11204007822951065,0.06154878302078485,0.09667905127150864,0.03487724793520913,0.09852022092091915,0.09091712343051797,0.0018245162392266996,25,23,0.0904759547577053,0.25351374898079426,True,True,True,1.8502317303660068e-07,COMPLETE
919,0.346406364440918,2025-04-14 17:39:47.874495,2025-04-14 17:39:56.884497,0 days 00:00:09.010002,0.3663560840417409,0.13363502066259422,8,0.010292280646337023,0.053549250819522734,0.09561233720891947,0.04174973637582399,0.07863411178157279,0.09595524158027487,0.0023383166201956965,26,20,0.08762421206735135,0.11950205804913284,False,True,True,2.943290511297943e-07,COMPLETE
920,0.37371281385421756,2025-04-14 17:39:57.181522,2025-04-14 17:40:06.126559,0 days 00:00:08.945037,0.34495987322699756,0.12534191436639025,8,0.00013985585468094183,0.04106428092668526,0.09430914381790939,0.042681685022750666,0.09807660068084606,0.09253259403542723,0.0028107289690165326,25,26,0.09096106435850872,0.11616865007558506,False,True,True,1.3459951645216778e-07,COMPLETE
921,0.3804515600204468,2025-04-14 17:40:06.427073,2025-04-14 17:40:15.566253,0 days 00:00:09.139180,0.33266528829807346,0.10715644198811825,8,0.009729278734683044,0.042533536209327205,0.09823109979786085,0.038649782824143344,0.09384022153141279,0.09007514494886691,0.0016489078209035184,26,26,0.08864655138137036,0.11012444912427764,False,True,True,1.9452520251914424e-07,COMPLETE
922,0.5514577984809876,2025-04-14 17:40:15.865168,2025-04-14 17:40:24.677952,0 days 00:00:08.812784,0.38244652219200415,0.16081519509150993,8,0.015572627370034078,0.03559411635341124,0.09329137219845174,0.04226268419374999,0.09431194953079497,0.09329422758965907,0.0016968320627523189,24,23,0.08298686315015509,0.10602383602457398,False,True,True,8.290379078498324e-08,COMPLETE
923,0.3957528948783875,2025-04-14 17:40:24.964440,2025-04-14 17:40:33.917564,0 days 00:00:08.953124,0.3934343146606926,0.09778202863844539,8,0.02393726754504799,0.03577030961904364,0.09588252915223511,0.04428307406093527,0.09631484812685868,0.0907992323182329,0.0046606817148218274,25,16,0.08567779938871735,0.12067453741229865,False,True,True,1.0850187200354347e-07,COMPLETE
924,0.3419907927513123,2025-04-14 17:40:34.216423,2025-04-14 17:40:42.858617,0 days 00:00:08.642194,0.37590260015136234,0.12230001235398474,8,0.007485779250624927,0.04588649250969689,0.0932253288515665,0.04539349091593775,0.07150413993287459,0.08955801828382456,0.00343799403318235,23,11,0.09124513680528326,0.12013972919215342,False,True,True,1.6356732228544815e-07,COMPLETE
925,0.4174267053604126,2025-04-14 17:40:43.248084,2025-04-14 17:40:52.039828,0 days 00:00:08.791744,0.4184756633525127,0.09033715816484586,8,0.01515993479209113,0.03530872740910447,0.09627640972633468,0.04190708204879401,0.0993815146865178,0.09630772048050959,0.0020965218984127787,24,21,0.0650994753485825,0.1226884494709346,False,True,True,1.3861353902898385e-07,COMPLETE
926,0.5534385085105896,2025-04-14 17:40:52.343628,2025-04-14 17:41:01.488275,0 days 00:00:09.144647,0.29372116093221284,0.1528232242400379,8,0.01877124688307811,0.04079007234017773,0.09838497140508755,0.048692551869010836,0.09519627653205126,0.09115278883054391,0.0025565599649685863,26,25,0.08695090730736993,0.10514631105170862,False,True,True,4.456686747980403e-08,COMPLETE
927,0.5248553991317749,2025-04-14 17:41:01.774905,2025-04-14 17:41:10.972727,0 days 00:00:09.197822,0.4476574130689022,0.1405936236952589,8,0.006107301616364096,0.054187337838528984,0.09865366048197907,0.04412385734576387,0.0948734426130226,0.09425425721749313,0.004198937622533019,27,26,0.08471136371925256,0.10202578251991545,False,True,True,4.396514300273278e-08,COMPLETE
928,0.1983716368675232,2025-04-14 17:41:11.273745,2025-04-14 17:41:17.531832,0 days 00:00:06.258087,0.3011903097906343,0.13167355422522692,8,0.2446370615807489,0.04716743131806172,0.0991169283367993,0.016459509886113208,0.09660403624998813,0.09268925206089544,0.0031500078593180154,6,25,0.08250678430839256,0.09839847240487891,False,True,True,3.0939122084605644e-08,COMPLETE
929,0.5412096977233887,2025-04-14 17:41:17.843146,2025-04-14 17:41:26.953381,0 days 00:00:09.110235,0.33272853589040696,0.15520985957903288,8,0.012672138646894626,0.04213790411114274,0.09815563688538775,0.0490520826517649,0.09389564697245964,0.09186190571834124,0.0025806721401384607,26,26,0.08633099821336668,0.09037031045048488,False,True,True,4.4343719040460954e-08,COMPLETE
930,0.19931281208992005,2025-04-14 17:41:27.259045,2025-04-14 17:41:36.334281,0 days 00:00:09.075236,0.27496576873626266,0.17361500840048089,8,0.017531083600277414,0.05949971726976268,0.09669251877607625,0.037272123548984425,0.09977854805878973,0.08806731859430979,0.002463140890529011,26,108,0.08433885533917111,0.10523830071151591,False,True,True,3.5445805652018017e-08,COMPLETE
931,0.19931281208992005,2025-04-14 17:41:36.623015,2025-04-14 17:41:45.752510,0 days 00:00:09.129495,0.42931737181702606,0.181698427328008,8,0.024078605587951784,0.04173499822651419,0.09918928417674142,0.047086197816136405,0.0927064180760403,0.010597511966294722,0.0033387423962204293,27,27,0.043488896802845005,0.10908210453346709,False,True,False,5.274023668309021e-08,COMPLETE
932,0.24993641376495362,2025-04-14 17:41:46.052847,2025-04-14 17:41:55.297940,0 days 00:00:09.245093,0.29367880160917187,0.1524798277724052,8,0.006603301677844333,0.0692898074529722,0.09596254799011134,0.04013149501222885,0.09001909173219756,0.09620562374019652,0.0028531405300532154,27,24,0.087509894034114,0.002020293789854688,False,True,True,5.968549256342275e-08,COMPLETE
933,0.41698509454727173,2025-04-14 17:41:55.599907,2025-04-14 17:42:04.766156,0 days 00:00:09.166249,0.29079505975514514,0.14670561788933106,8,0.00013744748838556524,0.05081177828795621,0.09695760811798523,0.04495808576110877,0.09639712333309818,0.09134622386264833,0.0016578336692306352,26,19,0.08660987778842093,0.1251787598896993,False,True,True,2.7115971996914875e-08,COMPLETE
934,0.39156011343002317,2025-04-14 17:42:05.067936,2025-04-14 17:42:14.162780,0 days 00:00:09.094844,0.30485371279246065,0.17320630189793518,8,0.010260891759043224,0.039410277759063105,0.09952004849438031,0.03354312761711787,0.095937888074613,0.09416212956766967,0.0016384269813483061,26,27,0.0888167912721277,0.10295828098284224,False,True,True,2.0374632400773736e-08,COMPLETE
935,0.5309999227523804,2025-04-14 17:42:14.471630,2025-04-14 17:42:23.350286,0 days 00:00:08.878656,0.2620039910827038,0.2310478083235109,8,0.0155514452320081,0.033954353431300655,0.09528375798990443,0.049294619136603476,0.09356331291540458,0.08796190503304747,0.0023706335963193876,25,23,0.08493618371930718,0.09411628210919795,False,True,True,4.858348569202249e-08,COMPLETE
936,0.3341204345226288,2025-04-14 17:42:23.639856,2025-04-14 17:42:32.811449,0 days 00:00:09.171593,0.2889551528651275,0.1197728006490878,8,0.0232134363148496,0.04843420146587149,0.09970371757599332,0.046663316529203636,0.09232169451004797,0.09227506344807489,0.0018871708295027307,26,26,0.0874722412070047,0.2980422082134089,True,True,True,2.4582472477174686e-07,COMPLETE
937,0.3519516587257385,2025-04-14 17:42:33.116144,2025-04-14 17:42:42.114682,0 days 00:00:08.998538,0.4623491749212147,0.15071024193814794,8,0.010671077380551262,0.039828003691088784,0.09416664330980032,0.043795936193019316,0.09955541322306743,0.09010213508472786,0.0015491468398398027,26,19,0.09175605568616431,0.124493217034813,False,False,True,4.678975377281195e-07,COMPLETE
938,0.5401618003845214,2025-04-14 17:42:42.419675,2025-04-14 17:42:51.644702,0 days 00:00:09.225027,0.7780592497236862,0.20907767426840046,8,0.018651837455348645,0.033652791723081166,0.09729109035456694,0.04235362443114947,0.09796056285174179,0.09486493253868115,0.0019572887333778183,27,22,0.08297114194857927,0.11699758896658682,False,True,True,6.78523128863308e-08,COMPLETE
939,0.5446670770645141,2025-04-14 17:42:51.951538,2025-04-14 17:43:00.885589,0 days 00:00:08.934051,0.43570356989207676,0.11774981071398213,8,0.005210446479059419,0.04369862718146925,0.09470211235724654,0.045503830577578674,0.09641384243788319,0.03792268519235863,0.003633631699430159,25,27,0.05994365088392478,0.09335465446308211,False,True,True,2.1843199544760883e-07,COMPLETE
940,0.19966426491737366,2025-04-14 17:43:01.177771,2025-04-14 17:43:10.123740,0 days 00:00:08.945969,0.3142033301241952,0.17757290844645865,8,0.21848680705944754,0.02952036407849212,0.09706985254679137,0.04746326092106684,0.09431137836146643,0.042315449459381954,0.002720450560753028,25,24,0.09009407993784269,0.12690881823097705,False,True,True,6.288091591930843e-08,COMPLETE
941,0.3308015823364258,2025-04-14 17:43:10.429215,2025-04-14 17:43:19.468362,0 days 00:00:09.039147,0.4064053439310082,0.1073148060651892,8,0.02555690580443799,0.05670585093341132,0.0935831652646665,0.04877983815444992,0.09465466477239684,0.08799510146639318,0.0016358080239307668,26,20,0.08630889852926119,0.11563031080611581,False,True,True,8.440627804235003e-08,COMPLETE
942,0.3906374096870423,2025-04-14 17:43:19.776661,2025-04-14 17:43:28.440851,0 days 00:00:08.664190,0.45341886565806444,0.1622195025378631,8,0.014485857291505607,0.03633369540055907,0.09577778560399659,0.040127615307455795,0.09074370860882458,0.09179926949106726,0.002309303613537165,23,27,0.08436925021561631,0.12391786460522915,False,True,True,3.6664084998159464e-08,COMPLETE
943,0.4536066293716431,2025-04-14 17:43:28.759812,2025-04-14 17:43:37.841166,0 days 00:00:09.081354,0.4255636015527888,0.08467944101545646,8,0.0205362007384994,0.027944987699605357,0.09324412447484234,0.07794739063852014,0.09285312540105801,0.03278537409056486,0.0014836167461262774,26,17,0.08855874774250513,0.10783532956681155,False,True,True,1.407488767116847e-07,COMPLETE
944,0.19931281208992005,2025-04-14 17:43:38.154111,2025-04-14 17:43:47.001875,0 days 00:00:08.847764,0.34494072767324974,0.1374426012268598,8,0.01169298226884554,0.047148568363182757,0.09808138158186762,0.04623937294255372,0.09768362415000792,0.09017524877062541,0.001910224894212972,25,75,0.05631859736971978,0.12926322938802465,False,True,False,3.077826449233159e-07,COMPLETE
945,0.5728312849998474,2025-04-14 17:43:47.298103,2025-04-14 17:43:56.283756,0 days 00:00:08.985653,0.474282816585657,0.08525501658790698,8,0.004674046482783429,0.0307948592589816,0.09520124773489952,0.05004623200755745,0.07479841801221533,0.09361467242998875,0.0023103340021764633,25,24,0.09185854584361809,0.12039319455029339,False,True,True,1.7640516270136652e-07,COMPLETE
946,0.3535900950431824,2025-04-14 17:43:56.590923,2025-04-14 17:44:05.519920,0 days 00:00:08.928997,0.4742471024929996,0.10511626833161104,8,0.0033578106233227594,0.03695191495586012,0.09962571189619568,0.02656297011358295,0.07559127696907474,0.0955493443120946,0.003206996406760402,25,21,0.08173210152793342,0.11479575704044558,False,True,True,2.0763543055068255e-07,COMPLETE
947,0.5743747472763061,2025-04-14 17:44:05.827830,2025-04-14 17:44:14.751182,0 days 00:00:08.923352,0.4694133268365219,0.0874591576078045,8,0.006373910175312383,0.04055644586430665,0.09989518963323969,0.05026120710735882,0.07437740318485687,0.09708691171536506,0.0024620508761708506,25,23,0.08755848471769885,0.11780728275408954,False,True,True,1.8756108353851626e-07,COMPLETE
948,0.408734929561615,2025-04-14 17:44:15.059354,2025-04-14 17:44:23.948125,0 days 00:00:08.888771,0.47609623109955584,0.08932198297850226,8,0.00018050547123816749,0.03191314799160398,0.09635235302741746,0.049788835763915684,0.0752027665107317,0.09601587748215587,0.0023748602228066827,25,16,0.09251126315662582,0.12088576907065801,False,True,True,1.7450057976474504e-07,COMPLETE
949,0.4052425265312195,2025-04-14 17:44:24.241324,2025-04-14 17:44:33.188451,0 days 00:00:08.947127,0.458521047717563,0.09013227019505095,8,0.003862710529496584,0.03211504100132776,0.09972968121646564,0.049398152226285276,0.07379020339577294,0.09652119443187028,0.003909891851756018,25,19,0.08961300900845422,0.11511991223586873,False,True,True,2.7225164636312054e-07,COMPLETE
950,0.4410290241241455,2025-04-14 17:44:33.494475,2025-04-14 17:44:42.398164,0 days 00:00:08.903689,0.47396466318630925,0.0773012670860019,8,0.005290629886160042,0.04403226071123727,0.09749734639933343,0.04904175033532077,0.07699481542909302,0.09731529987234716,0.0029504037698598637,25,22,0.09191611505026434,0.1210220828230099,False,True,True,1.5834729221378006e-07,COMPLETE
951,0.3958365559577942,2025-04-14 17:44:42.708558,2025-04-14 17:44:51.500465,0 days 00:00:08.791907,0.44997614102122946,0.10488098464329493,8,0.005364408176449547,0.03660888198796296,0.09500841159395264,0.05016803831003519,0.07430580629129215,0.09394343161723084,0.002209731554100363,24,18,0.08777156534035577,0.1220475505678427,False,True,True,2.0308941294919257e-07,COMPLETE
952,0.5586305022239686,2025-04-14 17:44:51.822729,2025-04-14 17:45:00.763337,0 days 00:00:08.940608,0.4446754028463399,0.07950653720854195,8,0.0051473650970555425,0.028780757698271948,0.0953977919331218,0.05005901264181487,0.072605072978727,0.09598476779942179,0.0027783928727000227,25,23,0.08985987196471808,0.11925908702256331,False,True,True,2.200451965978312e-07,COMPLETE
953,0.4129322528839111,2025-04-14 17:45:01.075233,2025-04-14 17:45:10.022656,0 days 00:00:08.947423,0.4354223991381908,0.08359676788778435,8,0.0008240738483586817,0.029296118541295626,0.09767462474167062,0.050392620530010535,0.07256589192454437,0.0952006359610906,0.004157921165824306,25,14,0.08946304857829841,0.11424913423993709,False,True,True,1.7965661869609654e-07,COMPLETE
954,0.4112742304801941,2025-04-14 17:45:10.320404,2025-04-14 17:45:19.199207,0 days 00:00:08.878803,0.44373619200930353,0.11408819844362951,8,0.005591142081384731,0.039005258225175324,0.09567615375567219,0.05007264823748184,0.0760104822016365,0.09478753372246647,0.003076503726002611,25,21,0.08568987625753025,0.11850297140267382,False,True,True,2.689162595260427e-07,COMPLETE
955,0.19931281208992005,2025-04-14 17:45:19.508491,2025-04-14 17:45:28.480763,0 days 00:00:08.972272,0.4242916546590898,0.10217608177653106,8,0.005656511711624067,0.2172311087647984,0.09970280439424921,0.047924273565726656,0.07194751870054131,0.09734966625710785,0.0023140527886277317,25,23,0.0885774215687517,0.11387326113377365,False,True,True,2.1647678367056625e-07,COMPLETE
956,0.3154937982559204,2025-04-14 17:45:28.790947,2025-04-14 17:45:37.660426,0 days 00:00:08.869479,0.45795060618010075,0.08201587541768499,8,0.009322694973785111,0.02774184774102456,0.09652985011844772,0.04634979987340971,0.07556246041830596,0.09728496334789465,0.0034544033223668186,25,17,0.09064419764688927,0.12211594745392312,False,False,True,2.230789251210251e-07,COMPLETE
957,0.40147132873535163,2025-04-14 17:45:37.969827,2025-04-14 17:45:46.759025,0 days 00:00:08.789198,0.40864974629636863,0.08029036366599415,8,0.0074671420878719575,0.034471792970149524,0.09507521867041896,0.04994201233615729,0.07373403886733279,0.09736546958354929,0.003039247534176027,24,20,0.08683610760940852,0.11872116887816317,False,True,True,3.6692436104694696e-07,COMPLETE
958,0.5683548450469971,2025-04-14 17:45:47.077864,2025-04-14 17:45:56.053552,0 days 00:00:08.975688,0.44280097333939067,0.11193521005310658,8,0.0009349722693738644,0.026208045675668964,0.09982154900826995,0.04749522841006629,0.07759073198900164,0.09787453693558781,0.0028395011019246856,25,23,0.08899215138586683,0.1107677004403822,False,True,True,1.2225475219286353e-07,COMPLETE
959,0.2481029272079468,2025-04-14 17:45:56.354981,2025-04-14 17:46:05.201607,0 days 00:00:08.846626,0.46661895246987495,0.11993110268069675,8,0.0014358888784055275,0.025882043667314825,0.09974546254959545,0.050099264505190366,0.07763326539856225,0.09749374451484244,0.003593215119047157,24,19,0.09108661163691253,0.1099144406446333,True,True,True,2.93877114779698e-07,COMPLETE
960,0.3903623461723328,2025-04-14 17:46:05.513658,2025-04-14 17:46:14.450435,0 days 00:00:08.936777,0.44908105136444026,0.12735991847904182,8,0.00014752089523454096,0.025388212236522767,0.09993112953736119,0.048440944283801315,0.07832795072062554,0.09795426940143528,0.005249555374423301,25,9,0.08964563354707866,0.11493771733224044,False,True,True,1.5355816047200673e-07,COMPLETE
961,0.36932237148284913,2025-04-14 17:46:14.766488,2025-04-14 17:46:23.454692,0 days 00:00:08.688204,0.4649930836191251,0.11482656238813575,8,0.00041869640659971015,0.026234911556077184,0.09796018224244152,0.047293538490766944,0.07692276762645418,0.0919642068944321,0.0056196472152074805,24,22,0.09221587321953063,0.11424849004851238,False,True,True,1.8671126194410973e-07,COMPLETE
962,0.32748390436172486,2025-04-14 17:46:23.769355,2025-04-14 17:46:32.734535,0 days 00:00:08.965180,0.4438047639872999,0.10120747277743583,8,0.004962373901882476,0.05172046070262117,0.0977985471366589,0.050458282728071416,0.07183453601856714,0.09653046412708281,0.002656368543372994,25,14,0.08903006644146855,0.10442588383335166,False,True,True,1.4599327484308603e-07,COMPLETE
963,0.19931281208992005,2025-04-14 17:46:33.051853,2025-04-14 17:46:41.776972,0 days 00:00:08.725119,0.4783807909452671,0.12522483526388886,8,0.005481118519415938,0.031045374274201707,0.09721617113098135,0.04681671722727541,0.07418001356920546,0.09780432985528188,0.00444683745078501,24,23,0.09151733386065221,0.10806835780912936,False,True,False,2.443205214086594e-07,COMPLETE
964,0.4087189555168152,2025-04-14 17:46:42.074559,2025-04-14 17:46:50.982407,0 days 00:00:08.907848,0.44209670098180365,0.10589217106607994,8,0.00011282508216609116,0.0402474497986275,0.09808885638844927,0.04772689290645813,0.0789724103570616,0.09587646340594055,0.002686838183644839,25,19,0.08814495847438131,0.11127219762374582,False,True,True,3.367539879981587e-07,COMPLETE
