number,value,datetime_start,datetime_complete,duration,params_alpha-eval,params_alpha-train,params_batch-size,params_eps-eval,params_eps-train,params_lambda-actions-eval,params_lambda-actions-train,params_lambda-frames-eval,params_lambda-frames-train,params_learning-rate,params_n-epochs,params_n-frames,params_radius-gw,params_rho,params_std-feats,params_ub-actions,params_ub-frames,params_weight-decay,state
742,0.42877415418624876,2025-04-12 19:54:50.986601,2025-04-12 19:55:00.160766,0 days 00:00:09.174165,0.515744676185969,0.38343997539627794,8,0.0642340496672265,0.20151555268402083,0.07890462884812366,0.055197749328908585,0.009075327650674626,0.08469055937280381,0.07369324035937881,26,26,0.04842279478689065,0.17206753865063654,True,True,True,1.3569907618184798e-07,COMPLETE
743,0.42796378135681157,2025-04-12 19:55:00.394920,2025-04-12 19:55:09.554018,0 days 00:00:09.159098,0.5323960312044782,0.438714399367735,8,0.04667090115525713,0.19337633248001782,0.08270942583095774,0.04987270164472692,0.010686187496964806,0.09992277512813007,0.055912243535489466,26,31,0.04556004314808267,0.10220804304736969,True,True,True,1.7935316854511568e-07,COMPLETE
744,0.19931281208992005,2025-04-12 19:55:09.801905,2025-04-12 19:55:19.150558,0 days 00:00:09.348653,0.49637876513909995,0.4103326007453434,8,0.05647207066029042,0.20819620235462744,0.08070331232809973,0.04637055573121804,0.0012702687152235416,0.09106899084476885,0.08676465816327465,27,23,0.03954597672637008,0.16721533726688542,True,True,True,2.4308131550289493e-07,COMPLETE
745,0.43699086904525763,2025-04-12 19:55:19.396720,2025-04-12 19:55:28.876567,0 days 00:00:09.479847,0.4549159249575462,0.476258133214203,8,0.04576803365889262,0.18704378037571723,0.08540198310770994,0.05821050440364602,0.012314977795183904,0.09638903012172789,0.06399073230017299,28,29,0.047412250673303895,0.15162001596226315,True,True,True,3.5135702271775406e-07,COMPLETE
746,0.3810949206352234,2025-04-12 19:55:29.111571,2025-04-12 19:55:38.602086,0 days 00:00:09.490515,0.46865406710583907,0.47537831780591955,8,0.045503182686434454,0.1827055222534246,0.08578749487233506,0.05798984591355394,0.011511308271897832,0.09312786205180003,0.04621671158950603,28,30,0.037727034823102135,0.14132502669143854,True,True,True,3.808012661551579e-08,COMPLETE
747,0.4192371964454651,2025-04-12 19:55:38.847714,2025-04-12 19:55:48.061802,0 days 00:00:09.214088,0.4370602747778482,0.4807805898386367,8,0.04295575190162629,0.1785296379199996,0.08492629730894317,0.05942725782857995,0.011841174590329722,0.0892299748515715,0.09923551889568429,26,32,0.044050692183355965,0.148157676671231,True,True,True,4.793003938018234e-07,COMPLETE
748,0.4050928473472596,2025-04-12 19:55:48.296933,2025-04-12 19:55:57.705995,0 days 00:00:09.409062,0.4116465718848676,0.4971399269394156,8,0.047695784915375815,0.18799307136775795,0.08527439565116622,0.06200562772211139,0.005867582520733043,0.09534068359296216,0.05780805412226352,28,28,0.04161263782688535,0.14789534728854728,True,True,True,4.0387826270511357e-07,COMPLETE
749,0.27189186215400696,2025-04-12 19:55:57.951515,2025-04-12 19:56:07.505061,0 days 00:00:09.553546,0.42923473235310045,0.3563921358359706,8,0.03984121177026834,0.17736067604241398,0.0833992934014478,0.05687409182227107,0.012946424975766029,0.09800922203644215,0.06359450039905354,28,27,0.045937947153562274,0.15797045316683692,True,True,True,3.0478259578630317e-07,COMPLETE
750,0.43700383901596074,2025-04-12 19:56:07.757704,2025-04-12 19:56:16.907945,0 days 00:00:09.150241,0.4448582821457236,0.5060978829728586,8,0.05045765439237173,0.18912944024548667,0.07796153221845063,0.055174161422415505,0.009979196581217795,0.09191700116988659,0.08409614027106235,26,31,0.047239112904126204,0.12268225143072778,True,True,True,5.323020908779828e-07,COMPLETE
751,0.26864243745803834,2025-04-12 19:56:17.144063,2025-04-12 19:56:26.294106,0 days 00:00:09.150043,0.4036981180723104,0.5087971086820832,8,0.04211991759990883,0.18380201162822307,0.06341324047067597,0.053977325327614296,0.011658298003250299,0.09344912405835307,0.09986903461331827,26,33,0.042510869950611166,0.12228055559747227,True,True,True,5.329920165855142e-07,COMPLETE
752,0.4183307647705078,2025-04-12 19:56:26.543019,2025-04-12 19:56:35.555108,0 days 00:00:09.012089,0.391225839188516,0.5493653668801305,8,0.04976583550032296,0.1873329529994533,0.07305437072705734,0.05371847160216081,0.015251874886618106,0.09754085609850392,0.050745682693974316,25,35,0.046019542329684075,0.11212213195820686,True,True,True,4.448245153589083e-07,COMPLETE
753,0.4466216921806336,2025-04-12 19:56:35.790437,2025-04-12 19:56:44.855615,0 days 00:00:09.065178,0.44515695526602267,0.4818053496093162,8,0.04379370521694027,0.17629355645623582,0.07587702977001039,0.05558608597578902,0.006649309618564558,0.09557386351894492,0.0713270439646177,25,31,0.043990812912770974,0.12966543730953897,True,True,True,5.342004876769496e-07,COMPLETE
754,0.4082787275314331,2025-04-12 19:56:45.104803,2025-04-12 19:56:54.096483,0 days 00:00:08.991680,0.42998556063563037,0.4870150019339035,8,0.040226766626397924,0.17684155713890468,0.07401568420972754,0.052171906918533816,0.009230624635916923,0.09590607846304333,0.047435979466329624,25,31,0.04048427589314465,0.12232592768691661,True,True,True,5.896107189889657e-07,COMPLETE
755,0.271665894985199,2025-04-12 19:56:54.349632,2025-04-12 19:57:03.317591,0 days 00:00:08.967959,0.44875319198368613,0.5044717561942957,8,0.05029503564281186,0.17551124260505124,0.07243555206898454,0.055906739144031985,0.011989849676423497,0.09814012784878057,0.05775741353029919,25,35,0.028860011626132234,0.13024846849063856,False,True,True,3.730610847956663e-07,COMPLETE
756,0.3284311294555664,2025-04-12 19:57:03.556293,2025-04-12 19:57:12.601712,0 days 00:00:09.045419,0.37655278951449395,0.4742574273128607,8,0.04720628809297707,0.17905605898071805,0.05634593673033691,0.05331564685043582,0.006801491513101535,0.09486292267058104,0.06311634474485005,25,31,0.03428495324223614,0.11800677787684202,True,True,True,5.401683993294768e-07,COMPLETE
757,0.41412327289581297,2025-04-12 19:57:12.849853,2025-04-12 19:57:21.822334,0 days 00:00:08.972481,0.44099516228557734,0.512531909768224,8,0.039835650932334724,0.18198809427088514,0.07498973655502361,0.05586637735098175,0.014362280369460854,0.09716099120142913,0.0527102686868912,25,38,0.04305590248962629,0.1262390282859905,True,True,True,1.4023693132397679e-08,COMPLETE
758,0.41706306934356696,2025-04-12 19:57:22.077856,2025-04-12 19:57:31.278811,0 days 00:00:09.200955,0.4187966222861276,0.5321386868657342,8,0.04326083440666304,0.22869947928099854,0.07605877396264013,0.054624875635543205,0.010796029982064404,0.09999135891742962,0.04355168884406027,26,33,0.0440341479725058,0.12897163684437055,True,True,True,6.317217194645145e-07,COMPLETE
759,0.27279871702194214,2025-04-12 19:57:31.515026,2025-04-12 19:57:40.428481,0 days 00:00:08.913455,0.5758673532205852,0.48808803588066313,8,0.05054234003856485,0.1736035500621535,0.07594172163687263,0.05189753707051223,0.008270805032795293,0.09487658214608917,0.071487479395024,25,30,0.041246215402051804,0.13468031166504305,True,True,False,2.596177903280826e-07,COMPLETE
760,0.42054704427719114,2025-04-12 19:57:40.683385,2025-04-12 19:57:49.905194,0 days 00:00:09.221809,0.4173784499459814,0.4654738466111329,8,0.03823283071897879,0.18644187671829818,0.027760570098378144,0.057232391225449916,0.012424374741997576,0.09709788641632892,0.07374708031016747,26,36,0.04449548725494461,0.12432093424748519,True,True,True,4.166372277658485e-07,COMPLETE
761,0.38900485038757326,2025-04-12 19:57:50.145007,2025-04-12 19:57:59.145707,0 days 00:00:09.000700,0.44457162546866413,0.5084608794302646,8,0.05324104153053979,0.18172708035735052,0.07693545928299148,0.055148896976623646,0.010555933907967347,0.09372926610432508,0.06115587606516299,25,30,0.03819728580850062,0.14017106970910986,True,True,True,5.334718703001674e-07,COMPLETE
762,0.42389817237854005,2025-04-12 19:57:59.395611,2025-04-12 19:58:08.528482,0 days 00:00:09.132871,0.4279922430940729,0.4613177284563183,8,0.0435843316731947,0.17498494580779222,0.07097166060973871,0.05326693134147968,0.007667148394881961,0.09999841715563706,0.00031269213494571367,26,33,0.04272931322219508,0.1346140892952012,True,True,True,7.15237270582161e-07,COMPLETE
763,0.4322600841522217,2025-04-12 19:58:08.779960,2025-04-12 19:58:17.764646,0 days 00:00:08.984686,0.4554333000548935,0.5769110585455023,8,0.053666850717276095,0.18937364827247777,0.07712367442202096,0.056949910064558004,0.01420560027657488,0.09571092622562867,0.07353497899841815,25,25,0.04486465803550016,0.133413789953175,True,True,True,3.392062560765751e-07,COMPLETE
764,0.3817482590675354,2025-04-12 19:58:18.004965,2025-04-12 19:58:27.126396,0 days 00:00:09.121431,0.39265178697947284,0.4886720454856289,8,0.045007573855504954,0.2196366243212537,0.0739158379169864,0.0510664422078526,0.01599377856217836,0.09809504436538884,0.055058964017763994,26,28,0.040713405169982016,0.11301527333891934,True,True,True,5.338080784116778e-07,COMPLETE
765,0.42924613952636725,2025-04-12 19:58:27.376104,2025-04-12 19:58:36.503540,0 days 00:00:09.127436,0.4593358156522815,0.5244557032024746,8,0.038594300407551144,0.18220536157906986,0.07815336467725534,0.05485788113276405,0.00969346050612892,0.09293231164754007,1.6933546444411396e-05,25,31,0.0467077839452051,0.10116703373845518,True,True,True,7.065868259394634e-07,COMPLETE
766,0.19931281208992005,2025-04-12 19:58:36.744087,2025-04-12 19:58:45.907801,0 days 00:00:09.163714,0.5476302788291217,0.48320148110654443,8,0.2220196373901347,0.18961752917469438,0.07855296723177635,0.05773346591971105,0.01323741296393192,0.09628637484412074,0.04505495323114069,26,37,0.0434488642979014,0.11686306797303511,True,True,True,2.832612814282747e-07,COMPLETE
767,0.40455127954483033,2025-04-12 19:58:46.158455,2025-04-12 19:58:55.166321,0 days 00:00:09.007866,0.42729918976394093,0.4521699655349207,8,0.05722636481488236,0.17680540008375686,0.0012443783344512835,0.05177810206984219,0.006744701437569346,0.09483631852402936,0.0655081596238938,25,29,0.04601169327642289,0.12971954174484127,True,True,True,4.3093531959753927e-07,COMPLETE
768,0.4114446520805359,2025-04-12 19:58:55.421415,2025-04-12 19:59:04.555105,0 days 00:00:09.133690,0.5769425935360153,0.5498411698711446,8,0.050333456459903676,0.1872934277136164,0.06120653193073831,0.0637935316465836,0.003356258321952193,0.09259564740932448,0.07942996619320739,26,34,0.04698228916017271,0.07599690183220754,True,True,True,6.163271685765475e-07,COMPLETE
769,0.4229547142982483,2025-04-12 19:59:04.794979,2025-04-12 19:59:13.824080,0 days 00:00:09.029101,0.44607799504599305,0.5006936098800842,8,0.043586220704636996,0.21544524750632346,0.06934461135020412,0.056128205261929236,0.01218384936118781,0.09746355357299072,0.07498730719052173,25,25,0.044613786353579946,0.1041169466204042,True,True,True,8.56108206383514e-07,COMPLETE
770,0.19931281208992005,2025-04-12 19:59:14.077238,2025-04-12 19:59:23.169058,0 days 00:00:09.091820,0.559592749739147,0.46990733517224115,8,0.05859311519106653,0.1732072210586758,0.07531540153265184,0.06118801202409629,0.008736215241856974,0.09857514017714367,0.06178981392456588,26,21,0.04188895710977246,0.18557194218339926,True,True,True,5.016658974011223e-07,COMPLETE
771,0.38871665000915523,2025-04-12 19:59:23.424554,2025-04-12 19:59:32.411926,0 days 00:00:08.987372,0.6017066933985507,0.5155064535592411,8,0.0375475165143065,0.18310622197787163,0.07856517553012318,0.05404909303123534,0.0569654155781917,0.09436271312320937,0.0856860372033506,25,32,0.03969403059755951,0.1178083268346005,True,True,True,3.8081696892538027e-07,COMPLETE
772,0.3810160279273987,2025-04-12 19:59:32.655830,2025-04-12 19:59:41.815087,0 days 00:00:09.159257,0.46276592167582037,0.4550653055446693,8,0.04877984799419938,0.19240586252533182,0.05287437042653742,0.0581649961170076,0.010585117893564831,0.09188453255664646,0.05249972583358823,26,28,0.04732696512843924,0.12420370093611531,True,True,True,7.501297904664178e-07,COMPLETE
773,0.42550112009048463,2025-04-12 19:59:42.068616,2025-04-12 19:59:50.909311,0 days 00:00:08.840695,0.4074230615064094,0.4820635701213898,8,0.05246699586264002,0.20335712310492632,0.08348817653841037,0.05019051508255398,0.006346362423498375,0.09656926585967392,0.0729321714234832,24,25,0.04387657592995289,0.13709173670285457,True,True,True,3.145448048106328e-07,COMPLETE
774,0.4148512005805969,2025-04-12 19:59:51.152448,2025-04-12 20:00:00.096122,0 days 00:00:08.943674,0.5344756922108601,0.530764785235176,8,0.04604665178209163,0.1965209229074729,0.07751482702976907,0.060365422473124666,0.01416037936596708,0.08929112171044347,0.06260646282576551,25,30,0.045437715422539056,0.1955978002858545,False,True,True,5.50513290296643e-07,COMPLETE
775,0.32534762620925906,2025-04-12 20:00:00.350071,2025-04-12 20:00:09.554209,0 days 00:00:09.204138,0.5504101585226225,0.5034362796489177,8,0.03789071679264351,0.18035472108520573,0.0856574876214942,0.05628635092372616,0.0011376506612044786,0.09995291632931491,0.08395741381060166,26,34,0.04928303915385692,0.19132683082010385,True,True,True,2.2866898612698233e-07,COMPLETE
776,0.41017190217971805,2025-04-12 20:00:09.811122,2025-04-12 20:00:18.849676,0 days 00:00:09.038554,0.5624701065113817,0.4708459505822149,8,0.058472485817545,0.23961065703485887,0.08057437806685545,0.053080931339584615,0.007900161785568467,0.0943053341556472,0.04381282427922886,25,39,0.04724013125353865,0.18296905486867068,True,True,True,8.46067916490832e-07,COMPLETE
777,0.20829594135284424,2025-04-12 20:00:19.092993,2025-04-12 20:00:28.227396,0 days 00:00:09.134403,0.5236378999946809,0.4518849949042772,8,0.12459860569708595,0.22474559427111668,0.0831997979424039,0.06347051911836915,0.010440943383496293,0.09803608537141477,0.05382088816518373,26,25,0.043223165764529385,0.17729752018636513,True,True,True,2.740123534843993e-08,COMPLETE
778,0.21540567874908448,2025-04-12 20:00:28.483454,2025-04-12 20:00:37.446521,0 days 00:00:08.963067,0.055931564434668346,0.488330776003149,8,0.14744068385481884,0.18944834009952707,0.07291212815122458,0.05843147949830309,0.017868834617322957,0.09225076721458794,0.07370455174839799,25,19,0.050101029690915566,0.18756862983622627,True,True,False,4.27715090054618e-07,COMPLETE
779,0.4376749634742737,2025-04-12 20:00:37.704984,2025-04-12 20:00:46.628089,0 days 00:00:08.923105,0.45808314195865213,0.5361530664667008,8,0.0524102116807861,0.19870763251908222,0.0854501928913368,0.05503490474945166,0.04510653440438703,0.09645105555505373,0.06454202685417268,24,28,0.0460787766063044,0.1799369989083144,True,True,True,7.052818860226736e-07,COMPLETE
780,0.43525612354278564,2025-04-12 20:00:46.874431,2025-04-12 20:00:55.747495,0 days 00:00:08.873064,0.43708332805219946,0.5685981216243191,8,0.043920186757163394,0.21052889888102447,0.08637844499865016,0.05441206696072049,0.05878046667096025,0.09688210274972982,0.07872024034260908,24,27,0.04739794926827161,0.17847856587925975,True,True,True,9.877441820014483e-07,COMPLETE
781,0.42497431039810185,2025-04-12 20:00:56.003448,2025-04-12 20:01:04.881865,0 days 00:00:08.878417,0.4490770329222545,0.5893339306101383,8,0.048893996821782915,0.21270412734635594,0.08656167502898418,0.0526050563233145,0.04819921287628915,0.09992499333808917,0.0643092456955377,24,22,0.04948203934720653,0.17623136394510372,True,True,True,1.0308512332494639e-06,COMPLETE
782,0.3854128122329712,2025-04-12 20:01:05.144059,2025-04-12 20:01:14.102652,0 days 00:00:08.958593,0.40420371023223284,0.5708507972443467,8,0.044958590444022124,0.20858478165801278,0.08681548796792224,0.04920018446539788,0.037302397474711396,0.0967908667004856,0.06806714560858161,24,23,0.04771642539560057,0.17921911959916967,True,True,True,9.231732112212205e-07,COMPLETE
783,0.42410147190093994,2025-04-12 20:01:14.349256,2025-04-12 20:01:23.292503,0 days 00:00:08.943247,0.4276222500306668,0.5999280913593817,8,0.052435056051829916,0.20798631762768938,0.08595775601440517,0.054343797488786746,0.05132957346703776,0.09834065985603853,0.08516518041712995,24,28,0.051920645910770176,0.1811953907620899,True,True,True,1.0628721888209589e-06,COMPLETE
784,0.4056765198707581,2025-04-12 20:01:23.550847,2025-04-12 20:01:32.480150,0 days 00:00:08.929303,0.4223682777037258,0.5723441601131041,8,0.044461554722785,0.20478271923209773,0.08400593758058131,0.05144311702341963,0.04395659856655787,0.09620343546347788,1.353228489265667e-05,24,25,0.04987730992367038,0.17355066382504852,True,True,True,1.7666817203350388e-07,COMPLETE
785,0.4398592710494995,2025-04-12 20:01:32.743229,2025-04-12 20:01:41.641202,0 days 00:00:08.897973,0.4348017006519052,0.5525718542536789,8,0.05282887550929454,0.21304280482853827,0.08537408872070505,0.054704036640688986,0.04331268816608206,0.09721314552748359,0.07196700332251345,24,29,0.047423734633883954,0.18225139658678452,True,True,True,8.085291638256967e-07,COMPLETE
786,0.4196338415145874,2025-04-12 20:01:41.889427,2025-04-12 20:01:50.803371,0 days 00:00:08.913944,0.42578957348512814,0.572976348553774,8,0.03698148550553819,0.21910922535267896,0.08596246566714957,0.05402136406105679,0.04142487162399251,0.09632617482630594,0.05884880058719417,24,29,0.05059030596104772,0.17585601189081831,True,True,True,8.688353506460104e-07,COMPLETE
787,0.19931281208992005,2025-04-12 20:01:51.065122,2025-04-12 20:01:59.940769,0 days 00:00:08.875647,0.39773449109433306,0.6266355212677075,8,0.053120887282098295,0.213232157253152,0.084859419240508,0.05152111916547733,0.044909522218923636,0.09778396231208711,0.08253126341786786,24,20,0.04871733590635299,0.1822824105434222,True,True,True,1.1025764640303494e-06,COMPLETE
788,0.43167346715927124,2025-04-12 20:02:00.192247,2025-04-12 20:02:09.105833,0 days 00:00:08.913586,0.43094377951323126,0.544580085316115,8,0.04609720086243844,0.2178918242794669,0.08616731751958732,0.055071068639680504,0.04548984093871685,0.09554436779249986,0.07413728496517849,24,26,0.051583593283481236,0.17281678710885748,True,True,True,8.07106308754108e-07,COMPLETE
789,0.36188136339187627,2025-04-12 20:02:09.363635,2025-04-12 20:02:18.232528,0 days 00:00:08.868893,0.38169369447475254,0.5551986641434509,8,0.05709252603357492,0.20999192055986965,0.08694836563649688,0.05319162968039195,0.04777425630175486,0.08711551480550819,0.0011791011595486478,24,29,0.047409050086795676,0.1858474417208464,True,True,True,6.942406325009877e-07,COMPLETE
790,0.28529535531997685,2025-04-12 20:02:18.496195,2025-04-12 20:02:27.410407,0 days 00:00:08.914212,0.440651677146661,0.6086622736122717,8,0.04089776331045554,0.21364380388029297,0.08474784028754867,0.04944298000741067,0.04154562521149558,0.09853035640433777,0.0643266021125845,24,54,0.047731765598957976,0.1758841367570286,True,True,True,9.967362132180734e-07,COMPLETE
791,0.19931281208992005,2025-04-12 20:02:27.657848,2025-04-12 20:02:36.463296,0 days 00:00:08.805448,0.4148371967733781,0.5903314099497542,8,0.18802524535273385,0.20229270349119896,0.08441344387958923,0.055192530859850854,0.05133575649945945,0.09999183019578069,0.0846521983930974,24,23,0.05139591784892826,0.179758524463907,True,True,True,7.458634682315101e-07,COMPLETE
792,0.4063180565834046,2025-04-12 20:02:36.725036,2025-04-12 20:02:45.586048,0 days 00:00:08.861012,0.3717532011023312,0.5692796804592288,8,0.05098881047702719,0.21338630506147735,0.08734084200444167,0.05154119646669381,0.04326563416372505,0.0957614061700675,0.09962271216695787,24,27,0.054196812482130964,0.1869657921512462,True,True,True,6.508669812047388e-07,COMPLETE
793,0.42119914293289185,2025-04-12 20:02:45.849111,2025-04-12 20:02:54.662235,0 days 00:00:08.813124,0.45213766267978045,0.5437785053489798,8,0.062075452159793584,0.2193971477368822,0.08227093575087469,0.055520322459097556,0.04014238918996499,0.09361491633942529,0.05165310539229189,24,31,0.0492571522882739,0.18350815671128068,False,True,True,1.1440110709311201e-06,COMPLETE
794,0.19931281208992005,2025-04-12 20:02:54.912672,2025-04-12 20:03:03.718192,0 days 00:00:08.805520,0.4411559436252695,0.559924521841542,8,0.03668647839630321,0.2067485497734494,0.0847646628149077,0.05393589407032208,0.035695673800881074,0.09670597649022022,0.09989595202362686,24,17,0.08414538189025017,0.17090435996552755,True,True,True,8.104049968201168e-07,COMPLETE
795,0.43891370296478277,2025-04-12 20:03:03.981070,2025-04-12 20:03:12.956244,0 days 00:00:08.975174,0.4113106112440595,0.5508231703217684,8,0.04592103456927013,0.17455609029991814,0.08259893437143566,0.052402925681932756,0.05004440477077539,0.0907318646686416,0.07545289663630114,25,25,0.04624345262986118,0.17944113621469393,True,True,True,5.644364699468523e-07,COMPLETE
796,0.4287564635276795,2025-04-12 20:03:13.222421,2025-04-12 20:03:22.224342,0 days 00:00:09.001921,0.3987385289484079,0.544864667252373,8,0.043504752629565976,0.1839223054793355,0.08010672818705311,0.05055377110825569,0.045807134901877926,0.08882894936702374,0.0426263890798905,25,26,0.04622951160436247,0.1704089078170966,True,True,True,5.053438020994781e-07,COMPLETE
797,0.41184784173965455,2025-04-12 20:03:22.475125,2025-04-12 20:03:31.447626,0 days 00:00:08.972501,0.38827716045588506,0.592512388296193,8,0.05514146459951519,0.20413064414663498,0.08234543685108918,0.04903838965664845,0.04671543448626023,0.08480266299256689,0.06008842852456299,25,30,0.046226864971384396,0.17882743875273227,True,True,True,5.921431206767535e-07,COMPLETE
798,0.38132872581481936,2025-04-12 20:03:31.712206,2025-04-12 20:03:40.634863,0 days 00:00:08.922657,0.4250984715766587,0.5622898196066488,8,0.039444341157883936,0.17748587671406738,0.0816650922517387,0.052436006014088335,0.053726501975713534,0.08703180014599193,0.07264261027330578,25,29,0.046563830760884065,0.1694711736661702,True,True,False,4.798048502976445e-07,COMPLETE
