number,value,datetime_start,datetime_complete,duration,params_alpha-eval,params_alpha-train,params_batch-size,params_eps-eval,params_eps-train,params_lambda-actions-eval,params_lambda-actions-train,params_lambda-frames-eval,params_lambda-frames-train,params_learning-rate,params_n-epochs,params_n-frames,params_radius-gw,params_rho,params_std-feats,params_ub-actions,params_ub-frames,params_weight-decay,state
1305,0.3204529404640198,2025-04-14 18:41:07.863424,2025-04-14 18:41:16.841691,0 days 00:00:08.978267,0.4824127229793487,0.0239714554533295,8,0.016667601832448486,0.02347987753815585,0.09595417277779515,0.044280953267140065,0.07969461252829009,0.09984547982927931,0.0009605037726819731,25,20,0.09435762311204227,0.15603462418752867,False,True,True,1.4181852916754933e-07,COMPLETE
1306,0.24798930883407594,2025-04-14 18:41:17.277275,2025-04-14 18:41:26.389417,0 days 00:00:09.112142,0.5027797982103872,0.7334045405355143,8,0.02556117728803503,0.017550270140538345,0.09782408279859914,0.04642495524579242,0.07865381589006112,0.0968906507669705,0.0007607192494018645,26,10,0.09352942836744084,0.1133580322237725,False,True,True,9.459667061546928e-08,COMPLETE
1307,0.32443852424621583,2025-04-14 18:41:26.811902,2025-04-14 18:41:35.580300,0 days 00:00:08.768398,0.4759933920427004,0.04932496609897513,8,0.01708026600383372,0.029341602883785265,0.09994886382725995,0.052958537645930906,0.08569539367909153,0.09989609815953894,0.0011107472068689706,24,21,0.09669388237842973,0.14827129291151017,False,True,False,1.49352873794956e-07,COMPLETE
1308,0.31756851673126224,2025-04-14 18:41:36.003150,2025-04-14 18:41:44.938203,0 days 00:00:08.935053,0.316050104252615,0.0419817998241265,8,0.02269078166193954,0.022733173203886375,0.09996050322399275,0.03897276920558915,0.08176423918111188,0.09654294263599737,0.0008639318775498226,25,17,0.09985593019055503,0.12698544995172428,False,True,True,9.540643563987339e-08,COMPLETE
1309,0.5961443781852722,2025-04-14 18:41:45.365741,2025-04-14 18:41:54.475454,0 days 00:00:09.109713,0.49199245455165125,0.01010176061706978,8,0.01446535451795892,0.030032101194893673,0.09461611406618935,0.04821118699354751,0.07803715864223534,0.0975803911338585,0.0011169709453050527,26,20,0.09368823181716561,0.13519745620435075,False,True,True,1.499073502497038e-07,COMPLETE
1310,0.405307412147522,2025-04-14 18:41:54.897548,2025-04-14 18:42:03.666325,0 days 00:00:08.768777,0.5172033620014698,0.02154745575960256,8,0.02909828104803429,0.01831592280749917,0.09420714030152257,0.04971076534140593,0.08019188575766405,0.09774761411805594,0.000905736913435303,24,13,0.09763095344572699,0.14085811184621863,False,True,True,1.2709818615232633e-07,COMPLETE
1311,0.5175843358039857,2025-04-14 18:42:04.091238,2025-04-14 18:42:13.269840,0 days 00:00:09.178602,0.5280668525382668,0.014169233465021695,8,0.028870706452420895,0.026313823878001123,0.09314047514150757,0.048481519200772594,0.08231028655610766,0.09990438783597914,0.0006946413297094818,26,16,0.09529583151218342,0.13613293153747488,False,True,True,6.894113375975526e-08,COMPLETE
1312,0.5249271273612977,2025-04-14 18:42:13.693851,2025-04-14 18:42:22.624715,0 days 00:00:08.930864,0.4991096380519772,0.020601643749046133,8,0.02233899998733285,0.02613229703066937,0.09492053208447461,0.05056113157626471,0.07919054538722865,0.09775720578384743,0.0007973563097034886,25,15,0.0958039573181624,0.14224896201707196,False,True,True,1.1207127989024173e-07,COMPLETE
1313,0.4191594123840332,2025-04-14 18:42:23.049490,2025-04-14 18:42:31.830638,0 days 00:00:08.781148,0.4874266167637786,0.02033772274068093,8,0.01845604168328071,0.01729247172377637,0.09657111507453223,0.08356267839174997,0.07831026106577556,0.09669439432277557,0.000992256623582638,24,18,0.09360213421222499,0.13594216323461752,False,True,True,1.5757222667637812e-07,COMPLETE
1314,0.41756651401519773,2025-04-14 18:42:32.253633,2025-04-14 18:42:51.147990,0 days 00:00:18.894357,0.5021160575067648,0.027156529411927186,2,0.014876070611143651,0.022429953007032117,0.09369812126386591,0.0479557704435763,0.08119422072404055,0.09816375769621137,0.0010678003617576393,25,20,0.09813463683059287,0.14734912386665208,False,True,True,1.652102605637793e-07,COMPLETE
1315,0.5031118750572205,2025-04-14 18:42:51.591160,2025-04-14 18:43:00.687016,0 days 00:00:09.095856,0.5333470858333144,0.01490326581812923,8,0.02260724482419149,0.029394059048081792,0.09720773792511528,0.051045953453109506,0.08055786246549514,0.09646579143542876,0.0011229050410667583,26,9,0.09419636300541849,0.13977472295187912,False,True,True,7.516847239266754e-08,COMPLETE
1316,0.29907090663909913,2025-04-14 18:43:01.112684,2025-04-14 18:43:10.062083,0 days 00:00:08.949399,0.48866755778381993,0.01263247058309682,8,0.015309501631743832,0.016018387624345546,0.09997027427736735,0.04882906312963651,0.07801545842484098,0.09831089324091985,0.0006356229467066929,25,5,0.09755654456750201,0.13592645806647344,False,True,True,1.0883144376402782e-07,COMPLETE
1317,0.5603888988494873,2025-04-14 18:43:10.493196,2025-04-14 18:43:17.861559,0 days 00:00:07.368363,0.46733370332599866,0.04164080890328219,16,0.02773370336051214,0.031250417211289606,0.09511246191841795,0.05250584325555732,0.08285863543297238,0.09625067690384195,0.0008778627004296992,24,18,0.09520735492817049,0.14523804024639428,False,True,True,1.4569693818379514e-07,COMPLETE
1318,0.349387401342392,2025-04-14 18:43:18.284554,2025-04-14 18:43:27.298236,0 days 00:00:09.013682,0.4790521617839732,0.03386235631258559,8,0.019313096815229153,0.02298268892205265,0.09315508891593549,0.047030809470118694,0.07798565029593424,0.09792864966382595,0.0008401460262263254,26,21,0.09323940004038761,0.15099750506303541,False,False,True,1.8045584613751545e-08,COMPLETE
1319,0.39246115684509275,2025-04-14 18:43:27.720946,2025-04-14 18:43:36.774143,0 days 00:00:09.053197,0.5201963861250173,0.03782572410931796,8,0.015198655718717254,0.031177424039753848,0.09770434799350701,0.04955439350496151,0.08010472020432284,0.09650419324413874,0.001292217141556913,25,14,0.09564714248922021,0.13359031820641085,False,True,True,8.513180770850258e-07,COMPLETE
1320,0.37006387710571287,2025-04-14 18:43:37.198237,2025-04-14 18:43:46.053025,0 days 00:00:08.854788,0.46651238517489296,0.03863665300749644,8,0.08916812874135027,0.016452364568325495,0.09464980954031128,0.05210500942159425,0.07810598246507106,0.0999733369197473,0.0011466719201500986,24,21,0.09769139887071057,0.14371476674170597,True,True,True,8.760072568185693e-08,COMPLETE
1321,0.5339487314224244,2025-04-14 18:43:46.479316,2025-04-14 18:43:55.625369,0 days 00:00:09.146053,0.5053451524424325,0.012803084017155617,8,0.02309379665300997,0.02777311526620291,0.09722491287382297,0.0471363899927809,0.08016534976789631,0.09593586342357255,0.0010239816476168755,26,17,0.05863705936915758,0.13500922408275015,False,True,True,1.7876244699609142e-07,COMPLETE
1322,0.5901766061782837,2025-04-14 18:43:56.047986,2025-04-14 18:44:05.012472,0 days 00:00:08.964486,0.48413691920607177,0.05250227773147857,8,0.014805033987159186,0.02444630586550018,0.09267410915301694,0.05508452090659244,0.07748170923339534,0.09801125638744149,0.0006848016567890988,25,20,0.0939296902893529,0.1580866882267902,False,True,True,1.335696727877982e-07,COMPLETE
1323,0.40917463302612306,2025-04-14 18:44:05.458219,2025-04-14 18:44:14.492988,0 days 00:00:09.034769,0.49907325908363487,0.011211795547375544,8,0.029313357173450582,0.01615731620645757,0.09247993542174958,0.05455348602268021,0.07729245358727645,0.09572476682308799,0.0006180634551032765,26,14,0.09621245563317714,0.16463213189608078,False,True,True,1.8834244535661641e-07,COMPLETE
1324,0.38075987100601194,2025-04-14 18:44:14.929371,2025-04-14 18:44:23.687510,0 days 00:00:08.758139,0.5246058783037852,0.04041721379064863,8,0.025062955217017988,0.03184547989801716,0.09234635526692009,0.054969119298407296,0.08096343734868044,0.09979853493716247,0.0008644582359024297,24,16,0.09452145998011934,0.16285976344706013,False,True,True,2.51131659452327e-07,COMPLETE
1325,0.591048002243042,2025-04-14 18:44:24.116001,2025-04-14 18:44:33.100604,0 days 00:00:08.984603,0.5129549693344327,0.03091749744681569,8,0.02248776867545393,0.021465105870799868,0.09297159967296507,0.05363861904650445,0.07723003794805416,0.0999248708264527,0.0007459200002615316,25,18,0.09648852012468064,0.15064615154848418,False,True,True,1.4507027151735205e-07,COMPLETE
1326,0.41291385889053345,2025-04-14 18:44:33.526848,2025-04-14 18:44:42.497931,0 days 00:00:08.971083,0.5270320928952112,0.012411970622654103,8,0.020162144129791316,0.023616850517232498,0.09175012658330366,0.05557758908538973,0.08313252711487695,0.09831400803529505,0.0006203830579333561,25,14,0.09846969303810002,0.16784667958719887,False,True,True,1.3563357796409974e-07,COMPLETE
1327,0.34129512310028076,2025-04-14 18:44:42.927358,2025-04-14 18:44:51.812216,0 days 00:00:08.884858,0.5160688455538281,0.030600181433934955,8,0.018188867018999952,0.03094665746032061,0.0922018208714242,0.05614084275762429,0.07945815603446968,0.0986584591561317,0.0005637100659159073,25,13,0.09635036349507087,0.1591929510191722,False,True,False,1.5719543498092174e-07,COMPLETE
1328,0.27772217988967896,2025-04-14 18:44:52.241239,2025-04-14 18:45:01.400228,0 days 00:00:09.158989,0.5166648135314995,0.02686607288060021,8,0.015330564053938137,0.022195027829092478,0.09272944641094508,0.05612800482818059,0.07851604023028055,0.09993529983961842,0.0006670869552568141,26,82,0.09783353905087407,0.16012061249525067,False,True,True,1.1332995318089321e-07,COMPLETE
1329,0.3851657509803772,2025-04-14 18:45:01.826521,2025-04-14 18:45:10.769006,0 days 00:00:08.942485,0.5269268677101089,0.010287798009528717,8,0.03123180529819699,0.031527615117983666,0.09275523402256902,0.05504731547520186,0.08087526509644091,0.09836051378901509,0.0006904148359575021,25,11,0.09924175529945742,0.16397912584170968,False,True,True,1.9252258689489887e-07,COMPLETE
1330,0.40106500387191774,2025-04-14 18:45:11.201313,2025-04-14 18:45:20.123567,0 days 00:00:08.922254,0.5059689260446925,0.03644197129558163,8,0.021461285292173705,0.025178871104236875,0.09321888957689788,0.05533600091548788,0.076933231657055,0.09827466084164306,0.00047637779008486716,25,11,0.09642163011220106,0.15598303236685784,False,True,True,1.5443816076959044e-07,COMPLETE
1331,0.44696382284164426,2025-04-14 18:45:20.547280,2025-04-14 18:45:29.506796,0 days 00:00:08.959516,0.5364733728119687,0.0411411512654783,8,0.014841389869108811,0.03254483489579676,0.09168429457186963,0.05576259055397702,0.07880706521139662,0.09725439244489703,0.000517127708415571,25,17,0.09841582228926221,0.15955355814425753,False,True,True,9.53637081848757e-08,COMPLETE
1332,0.5552122592926025,2025-04-14 18:45:29.953175,2025-04-14 18:45:39.094958,0 days 00:00:09.141783,0.5367530225611651,0.03134154973250253,8,0.025633809888976917,0.019774839808979185,0.09400392786534134,0.05574337322938065,0.08361719808926615,0.09805543207945383,0.0006609635719408365,26,16,0.09632481260162752,0.16842674372634608,False,True,True,1.2805861038245802e-07,COMPLETE
1333,0.5788806200027465,2025-04-14 18:45:39.526621,2025-04-14 18:45:48.617424,0 days 00:00:09.090803,0.5038282145479525,0.0510666154767518,8,0.014165623008537333,0.026306889898376207,0.09413382064502922,0.053823655203208996,0.0771337730509505,0.09599441206807315,0.000793036514879462,26,18,0.09949340442252498,0.17166840455140928,False,True,True,2.035938653209879e-07,COMPLETE
1334,0.3968569040298462,2025-04-14 18:45:49.046694,2025-04-14 18:45:57.955711,0 days 00:00:08.909017,0.5341629285058298,0.01235628772129211,8,0.03101277704721979,0.03312334892877285,0.0948802022398732,0.05610620462213877,0.08245877604644686,0.09595383826041912,0.000561544752109801,25,15,0.09930826951490886,0.15695610207404906,False,True,True,2.1739631304894198e-07,COMPLETE
1335,0.3822376251220703,2025-04-14 18:45:58.385090,2025-04-14 18:46:07.424632,0 days 00:00:09.039542,0.5417293053933072,0.04207685816595409,8,0.022091615859174435,0.03433085704614222,0.09449733164938973,0.05431679153533303,0.08033492175785822,0.09978714646674482,0.0006798177375373488,26,11,0.09902985473773411,0.17432883858125078,False,True,True,1.7093439376376496e-07,COMPLETE
1336,0.39370912313461304,2025-04-14 18:46:07.854967,2025-04-14 18:46:16.741600,0 days 00:00:08.886633,0.5107059620950017,0.025492054547043806,8,0.01996425608343799,0.026954899167988294,0.09390676578200133,0.056489852369100986,0.07726523950095388,0.09784079148164568,0.0005338618173032963,25,13,0.0989914848794264,0.18163453029213952,False,True,True,1.9409310107465575e-07,COMPLETE
1337,0.19931281208992005,2025-04-14 18:46:17.168346,2025-04-14 18:46:36.664216,0 days 00:00:19.495870,0.492502200794474,0.9232267136640127,2,0.024997748157191333,0.016085832928773275,0.09510025565518765,0.054041190495684746,0.07934396386250132,0.09682433056658302,0.0005991938941673116,26,8,0.0991978408250701,0.16209459203809892,False,True,True,2.349332912020203e-07,COMPLETE
1338,0.3341412663459778,2025-04-14 18:46:37.096385,2025-04-14 18:46:44.509668,0 days 00:00:07.413283,0.48728121366457117,0.049335440794313894,16,0.01724792583156917,0.027245862653360403,0.09304534674191674,0.05435072319510414,0.08139067782527684,0.09997723228959073,0.0007050710916018407,25,18,0.09801967031617363,0.18067680989233548,False,False,True,1.404721544465696e-07,COMPLETE
1339,0.3932447075843811,2025-04-14 18:46:44.958855,2025-04-14 18:46:53.922430,0 days 00:00:08.963575,0.5112264808283065,0.029194624316709508,8,0.02801027513643765,0.03568437241721272,0.09558467178938251,0.0535962278209788,0.07740696283660298,0.09548204028315803,0.0005693355028504119,25,18,0.09916963895368353,0.19140418161994438,False,True,True,1.762254429117441e-07,COMPLETE
1340,0.29201328158378603,2025-04-14 18:46:54.356824,2025-04-14 18:47:03.567416,0 days 00:00:09.210592,0.5104399167843241,0.05086615786712203,8,0.015816488555413694,0.02340012589827804,0.09392722625260456,0.05666198774918075,0.07861607469475748,0.09991755899165666,0.00045073796907208234,26,16,0.09996883423581839,0.17212480156915458,True,True,True,1.1776785363082635e-07,COMPLETE
1341,0.3824132561683655,2025-04-14 18:47:03.997361,2025-04-14 18:47:12.748143,0 days 00:00:08.750782,0.48475561372007814,0.05504969401416808,8,0.020642336349289223,0.03473429050813903,0.09243260652482696,0.05333414861676582,0.07700251435310951,0.09508939377251427,0.0004928103565946423,24,13,0.09680747438536946,0.17605983315210558,False,True,True,2.3312628224253193e-07,COMPLETE
1342,0.5824775338172913,2025-04-14 18:47:13.181198,2025-04-14 18:47:22.275085,0 days 00:00:09.093887,0.5007489690707115,0.010755498118360938,8,0.014771168922356026,0.02865054808878464,0.09559517140354294,0.0541983609433154,0.08083812174703034,0.0998708656728613,0.0005044916519597573,26,19,0.09680332026581095,0.17050883942676312,False,True,True,1.528634050983006e-07,COMPLETE
1343,0.5215737104415894,2025-04-14 18:47:22.707392,2025-04-14 18:47:31.770100,0 days 00:00:09.062708,0.5326432942369022,0.013984707064186329,8,0.030792977143970793,0.015934364505112802,0.096005802079132,0.056701247427107894,0.08548984199716438,0.09989105699082416,0.00043443338922197514,26,15,0.09804179554407284,0.16814171109946088,False,True,True,9.747315246987e-08,COMPLETE
1344,0.381824004650116,2025-04-14 18:47:32.199838,2025-04-14 18:47:41.405673,0 days 00:00:09.205835,0.5380007574914707,0.02071570573530144,8,0.02876841885568631,0.0210591789219907,0.09425607895675774,0.05625077043187942,0.08239809495256466,0.09992174971445515,0.0005904508854985332,27,8,0.09988344246939132,0.1727852681914593,False,True,True,1.34195339090491e-07,COMPLETE
1345,0.5565129160881043,2025-04-14 18:47:41.844479,2025-04-14 18:47:50.933338,0 days 00:00:09.088859,0.5438917446605361,0.012714674371552923,8,0.024425116026164168,0.026695113714688093,0.09196967232843953,0.056581688694272644,0.08393483335701078,0.09793546614202943,0.00040468463457416816,26,18,0.09682783350286282,0.1713884776275018,False,True,True,1.5338669878698926e-07,COMPLETE
1346,0.31649461984634397,2025-04-14 18:47:51.364541,2025-04-14 18:48:00.464924,0 days 00:00:09.100383,0.5054573249485907,0.022557184346849578,8,0.02189030456881382,0.015482219249837479,0.09644755382725095,0.054625807900908,0.08176230631884959,0.09819949598058143,0.00039516286652208603,27,11,0.09756357817689645,0.1781767482028122,False,True,False,8.734402431593422e-08,COMPLETE
1347,0.5179477334022522,2025-04-14 18:48:00.912625,2025-04-14 18:48:10.012368,0 days 00:00:09.099743,0.5190552919410716,0.012462187068768057,8,0.01813847669551194,0.021520430937119795,0.09370031675961751,0.05398926696122716,0.08378726695373802,0.09853749886634058,0.000504375794800175,26,16,0.09655271494951667,0.1849289443833286,False,True,True,1.1097967819806344e-07,COMPLETE
1348,0.5879858374595642,2025-04-14 18:48:10.448201,2025-04-14 18:48:19.744836,0 days 00:00:09.296635,0.5135028326921711,0.03206791426191889,8,0.02418579883281142,0.030326819462536868,0.09651602521186065,0.05616666766620697,0.08065032604379967,0.09773369365313304,0.0005805629850737275,27,19,0.0980588970264327,0.16890472263022568,False,True,True,1.3718114363061963e-07,COMPLETE
1349,0.5195701599121094,2025-04-14 18:48:20.182327,2025-04-14 18:48:29.492706,0 days 00:00:09.310379,0.5379418023639527,0.028222242113138965,8,0.029020883945446815,0.03710548137710424,0.09605152295544038,0.057814563471809154,0.08278352667998075,0.09679964676401716,0.00045417910815086156,27,19,0.09973181978570594,0.17312137449807466,False,True,True,1.9353090097420848e-07,COMPLETE
1350,0.3820128798484802,2025-04-14 18:48:29.927804,2025-04-14 18:48:39.109977,0 days 00:00:09.182173,0.5412456287421563,0.011101671512638547,8,0.029979445522907953,0.032765720940342094,0.09756616065768871,0.05564444250323214,0.08109420668060541,0.0966085969085194,0.0004981009853961576,27,13,0.09760880391876393,0.17230979088814463,False,True,True,1.7044018185973752e-07,COMPLETE
1351,0.33644254207611085,2025-04-14 18:48:39.544487,2025-04-14 18:48:48.740530,0 days 00:00:09.196043,0.5467389331520063,0.028817244937682063,8,0.022072838543883224,0.037303474546904504,0.09684618972536929,0.05530618724107187,0.08575363001792956,0.09591635566376623,0.0006740370363087585,27,16,0.09950990874818802,0.1773179633841457,False,True,True,1.4003235406336368e-07,COMPLETE
1352,0.3216477394104004,2025-04-14 18:48:49.176164,2025-04-14 18:48:58.431849,0 days 00:00:09.255685,0.5159304054735708,0.0293983460196536,8,0.1966269698766621,0.029867082024533163,0.09657396077898872,0.05621642903415141,0.08137506712042211,0.09749933237222777,0.0006125255510309488,27,19,0.09807738878731533,0.1678704983723049,False,True,True,2.1940663552287863e-07,COMPLETE
1353,0.37833247184753416,2025-04-14 18:48:58.873376,2025-04-14 18:49:08.048504,0 days 00:00:09.175128,0.5082430455818229,0.010080329441348013,8,0.02493613098831672,0.03917288211444306,0.09798304334347896,0.05600729032819219,0.08416124559434626,0.09503503824388662,0.000616844969939753,27,13,0.09729858754232405,0.16885487833305252,False,True,True,2.606371826828169e-07,COMPLETE
1354,0.5617727518081665,2025-04-14 18:49:08.505155,2025-04-14 18:49:17.705068,0 days 00:00:09.199913,0.5282973246716032,0.01100206224960125,8,0.014748316018744732,0.028926098872141533,0.09550466579663601,0.0536241419413641,0.07984453171023483,0.09998654161259636,0.00045038475257474245,27,20,0.09849695641740934,0.18477078232339675,False,True,True,1.5984495304144014e-07,COMPLETE
1355,0.3806104183197022,2025-04-14 18:49:18.146642,2025-04-14 18:49:27.402378,0 days 00:00:09.255736,0.5164256018325675,0.03574388588879472,8,0.03072304632387383,0.033359835553257076,0.09679198996119963,0.05665370963746992,0.08114891395430382,0.09788533868143964,0.0007135689374527787,27,16,0.09967240243953202,0.17689016949211275,False,True,True,2.0049930146864407e-07,COMPLETE
1356,0.5278399109840393,2025-04-14 18:49:27.836849,2025-04-14 18:49:37.201741,0 days 00:00:09.364892,0.49911320369961815,0.03274379915115231,8,0.021456597490521458,0.02202283641636915,0.09506633717087352,0.05322556957526442,0.08291678288189946,0.09556615431476498,0.0005388102727303908,27,20,0.09684053876949225,0.16468411716059306,False,True,True,1.32736319323123e-07,COMPLETE
1357,0.5201703667640687,2025-04-14 18:49:37.641672,2025-04-14 18:49:46.689014,0 days 00:00:09.047342,0.5213406186492079,0.035573008123447845,8,0.014673259605946377,0.02839985117982658,0.096956968907454,0.05816247576129986,0.07927212662464685,0.09762712886592845,0.00032750057306556824,26,18,0.09963526008412683,0.1736750188060346,False,True,True,2.4899938092053655e-07,COMPLETE
1358,0.3747134208679199,2025-04-14 18:49:47.125236,2025-04-14 18:49:56.324575,0 days 00:00:09.199339,0.4998305767239478,0.04088619292941726,8,0.024415000921646845,0.03934881740685471,0.09487992985983562,0.052939400868683074,0.08001582240615696,0.09523767781233206,0.0005005238969712969,26,21,0.0996765508542985,0.16176290267924728,True,True,True,1.7072108229024245e-07,COMPLETE
1359,0.387912940979004,2025-04-14 18:49:56.764805,2025-04-14 18:50:16.804256,0 days 00:00:20.039451,0.492671089964145,0.029693115219882507,2,0.015574341874739798,0.030844493731013396,0.09813676939420893,0.05455197710522811,0.07876684293382144,0.09690321528108568,0.00036823269446109423,27,14,0.09980179795239415,0.17184341059063007,False,True,True,1.2325817729784086e-07,COMPLETE
1360,0.2676155686378479,2025-04-14 18:50:17.265820,2025-04-14 18:50:24.826675,0 days 00:00:07.560855,0.01251235956275476,0.011108725172730764,16,0.014260283076927272,0.021238249899069566,0.09193201620771492,0.05807610872332555,0.08199374484637258,0.09501543733176702,0.0005170572328828348,27,10,0.09744780677228987,0.16380010899584108,False,False,True,2.246078263899789e-07,COMPLETE
