number,value,datetime_start,datetime_complete,duration,params_alpha-eval,params_alpha-train,params_batch-size,params_eps-eval,params_eps-train,params_lambda-actions-eval,params_lambda-actions-train,params_lambda-frames-eval,params_lambda-frames-train,params_learning-rate,params_n-epochs,params_n-frames,params_radius-gw,params_rho,params_std-feats,params_ub-actions,params_ub-frames,params_weight-decay,state
1369,0.19931281208992005,2025-04-12 21:37:29.258219,2025-04-12 21:37:47.384625,0 days 00:00:18.126406,0.6686232664329309,0.6574510567669211,2,0.07667561153159193,0.1136284247770867,0.08753802327160785,0.036890531948786984,0.0016571250025074384,0.09744856319357922,0.03618086706380386,23,14,0.06377616455831737,0.22561323390274865,False,True,True,1.434476374612271e-06,COMPLETE
1370,0.19931281208992005,2025-04-12 21:37:47.834067,2025-04-12 21:38:05.487475,0 days 00:00:17.653408,0.661787087118195,0.6209418403888528,2,0.08597160899397423,0.12254251264576638,0.09255656863581098,0.037764616003895676,0.0011545436959776653,0.0970066428087792,0.031786097078724256,22,14,0.06500095326339275,0.22157786557071085,False,True,True,1.0550227036900785e-06,COMPLETE
1371,0.35108952522277836,2025-04-12 21:38:05.942746,2025-04-12 21:38:23.927187,0 days 00:00:17.984441,0.6932827095782446,0.6447734399577731,2,0.06962469251066913,0.11677948297207771,0.08977115505507627,0.039075620913282,0.004516135405539344,0.09736147352931061,0.030001457274792098,23,14,0.0606781417214918,0.22243828330179058,False,True,False,1.1618857589325986e-06,COMPLETE
1372,0.19931281208992005,2025-04-12 21:38:24.370843,2025-04-12 21:38:41.892447,0 days 00:00:17.521604,0.7204687608527447,0.6401549818424354,2,0.07090117318320474,0.1335737848348379,0.0882541776031709,0.03769567364060924,0.005307756975904646,0.09874406999384652,0.02551497582847934,22,15,0.05939948757931879,0.23122768048502212,False,True,True,1.2542756092394638e-06,COMPLETE
1373,0.4517430067062378,2025-04-12 21:38:42.360095,2025-04-12 21:39:00.341636,0 days 00:00:17.981541,0.6855525834699936,0.6785485165901664,2,0.06848790483069625,0.12602683709422965,0.08776492597016632,0.039724298392148416,0.00300520356948546,0.09748182998393383,0.024912452997886442,23,17,0.06100954705638778,0.22336463341329546,False,True,True,1.138825623607701e-06,COMPLETE
1374,0.19931281208992005,2025-04-12 21:39:00.791853,2025-04-12 21:39:17.846435,0 days 00:00:17.054582,0.699375170169108,0.6859474177267357,2,0.08508909668337827,0.12574314544178933,0.09211670725473496,0.03953550099009605,0.0030928893127639794,0.0996699847564008,0.027369839711765914,21,13,0.0647100025794857,0.22734361530449493,False,True,True,1.614996428474715e-06,COMPLETE
1375,0.19931281208992005,2025-04-12 21:39:18.292982,2025-04-12 21:39:36.116336,0 days 00:00:17.823354,0.7020295556954389,0.6215442255783615,2,0.07588878962270174,0.12934496739690524,0.09009661221981825,0.033406421494806715,0.0032874978392067474,0.09987621571317834,0.02590592231135976,22,15,0.06209251752516751,0.22412092719412283,False,True,True,1.7876467910902506e-06,COMPLETE
1376,0.19931281208992005,2025-04-12 21:39:36.566789,2025-04-12 21:39:54.118511,0 days 00:00:17.551722,0.6815989503828896,0.6668262039867182,2,0.07486556775666767,0.12692941564561236,0.08831146137899742,0.03559519308828507,0.00622916030426363,0.09996565260207009,0.020960971141827933,22,16,0.06056917006962637,0.22039061141607894,False,True,True,1.4976637212956444e-06,COMPLETE
1377,0.19931281208992005,2025-04-12 21:39:54.565066,2025-04-12 21:40:12.701381,0 days 00:00:18.136315,0.6738961683777511,0.6202619137846497,2,0.07089182484962027,0.13488804878780727,0.09016170641364371,0.039166634444851536,0.001247210582613554,0.09658661994155343,0.017270516322446052,23,11,0.06059384429955355,0.2335725772251173,False,True,True,1.6746633217873329e-06,COMPLETE
1378,0.19931281208992005,2025-04-12 21:40:13.150595,2025-04-12 21:40:30.737446,0 days 00:00:17.586851,0.713074679451559,0.6953360020043677,2,0.08271869192018662,0.11962313166339472,0.08761691646546649,0.03772319637176721,0.0011244901194017217,0.09776938380996386,0.01860554205920917,22,10,0.06405069426173096,0.2211930771055269,False,True,True,1.7151453670754133e-06,COMPLETE
1379,0.19931281208992005,2025-04-12 21:40:31.202122,2025-04-12 21:40:48.926601,0 days 00:00:17.724479,0.6590521227002091,0.6646271079697186,2,0.07920545082608012,0.10063570111982578,0.08901229213418962,0.03691718414272071,0.004548058307042495,0.09682040773094408,0.024767178662368935,22,13,0.059543618516187516,0.23061296383407956,False,True,True,1.2317693511634086e-06,COMPLETE
1380,0.35914636850357057,2025-04-12 21:40:49.380513,2025-04-12 21:41:07.461738,0 days 00:00:18.081225,0.663101684387894,0.6889837598434063,2,0.09633901508856252,0.13548753608253658,0.09224987854903037,0.04107072888890369,0.005311444740350491,0.09675577495418512,0.029797599637315715,23,15,0.06866326704423016,0.2376634348653745,False,True,True,9.675601738071217e-07,COMPLETE
1381,0.2885886669158936,2025-04-12 21:41:07.908577,2025-04-12 21:41:25.929516,0 days 00:00:18.020939,0.7114182351342421,0.6398328138216804,2,0.06915912840980615,0.11504579535647771,0.09023275541107124,0.040058489119488734,0.003284393785896255,0.09796356129831725,0.021009548068739056,23,16,0.061795949552186924,0.22419120650022714,False,False,True,1.2364819052122388e-06,COMPLETE
1382,0.19931281208992005,2025-04-12 21:41:26.377820,2025-04-12 21:41:44.627409,0 days 00:00:18.249589,0.6885982487414881,0.650581936486905,2,0.07037886820170787,0.11459352633321276,0.0871559754695395,0.0352104646454475,0.005258028555360204,0.09982379688567593,0.028241884967663052,23,9,0.05892943595864186,0.21756239751201664,False,True,True,1.588444668291666e-06,COMPLETE
1383,0.19931281208992005,2025-04-12 21:41:45.072528,2025-04-12 21:42:03.353505,0 days 00:00:18.280977,0.6840531378667609,0.6732481232935914,2,0.07484318066170259,0.1279101511697494,0.08705868881135184,0.039570960506799494,0.0030423392882339482,0.09678424874752256,0.03024665279398196,23,13,0.06516052803468445,0.22753981000789197,False,True,True,1.0707429115257405e-06,COMPLETE
1384,0.41450339555740356,2025-04-12 21:42:03.799918,2025-04-12 21:42:20.714775,0 days 00:00:16.914857,0.6647634572875012,0.6661910689116753,2,0.0687065157687951,0.12512575416075358,0.08791277603569929,0.034270463412870766,0.006429411659502213,0.09664829821099034,0.034282731132818024,21,18,0.06338311889047119,0.22141559740502736,False,True,True,1.0577496696042933e-06,COMPLETE
1385,0.19931281208992005,2025-04-12 21:42:21.185187,2025-04-12 21:42:39.321416,0 days 00:00:18.136229,0.6557272213092541,0.6357004436234449,2,0.06685708781483528,0.1372905613969335,0.09066383589976006,0.04035376329875569,0.00313390140333232,0.09797124526606359,0.03285519734376734,23,16,0.06157455598799598,0.2354500107303385,False,True,True,1.1032087155787105e-06,COMPLETE
1386,0.19931281208992005,2025-04-12 21:42:39.776460,2025-04-12 21:42:57.258390,0 days 00:00:17.481930,0.6358159416311032,0.6170286995227487,2,0.07581755656166017,0.11933922386516246,0.09286905875698062,0.03741472230916804,0.0066495090057452945,0.09813774498333575,0.023682231128612858,22,15,0.05935335762487499,0.21941542909054798,False,True,True,1.4811544970095976e-06,COMPLETE
1387,0.4361339092254639,2025-04-12 21:42:57.711852,2025-04-12 21:43:15.251238,0 days 00:00:17.539386,0.6445272055430291,0.644882636586652,2,0.09147110636285782,0.1295065753972739,0.08735327221193194,0.038624218524633235,0.0010265180991832889,0.09995785019226022,0.03288139172680709,22,17,0.06002006918055694,0.22870952012861873,False,True,True,1.2390221675814104e-06,COMPLETE
1388,0.19931281208992005,2025-04-12 21:43:15.705329,2025-04-12 21:43:33.918753,0 days 00:00:18.213424,0.7163779417580568,0.6566655008831329,2,0.08117722851963337,0.12410536516286505,0.08933380536698524,0.04098431124923689,0.005139651503121824,0.09592071675626397,0.015388899043866006,23,14,0.058889539811475614,0.217395330445663,False,True,True,1.047022703936931e-06,COMPLETE
1389,0.19931281208992005,2025-04-12 21:43:34.367880,2025-04-12 21:43:52.314174,0 days 00:00:17.946294,0.6765492452541044,0.613358049328778,2,0.06703839773897925,0.13547825207905548,0.08715874366974707,0.0351059277681132,0.003674764941576154,0.09991297112241085,0.030118551525859027,23,10,0.0629066982449145,0.2222098416866062,False,True,True,1.49879174258876e-06,COMPLETE
1390,0.19931281208992005,2025-04-12 21:43:52.782544,2025-04-12 21:44:10.377118,0 days 00:00:17.594574,0.7009755701269947,0.6413076571779385,2,0.06790443082470671,0.11297304536343622,0.09112910721071127,0.037886834540992106,0.006451804432473689,0.09628212109413774,0.035300912224761484,23,17,0.059054648508667935,0.2242220775363228,False,True,False,9.360550985038592e-07,COMPLETE
1391,0.3512705326080322,2025-04-12 21:44:10.829758,2025-04-12 21:44:28.952208,0 days 00:00:18.122450,0.6548723036335946,0.6012137953162694,2,0.07368165859789927,0.12060169877128574,0.08653292124992694,0.04036580332475853,0.0036294141838464564,0.09826550132766436,0.026021456381101073,23,18,0.05973931073216855,0.23323091706503776,False,True,True,1.7171385704477418e-06,COMPLETE
1392,0.19931281208992005,2025-04-12 21:44:29.407242,2025-04-12 21:44:47.622144,0 days 00:00:18.214902,0.6454740342762302,0.6822239604028626,2,0.0661622405428193,0.12868993732771977,0.08975651976055227,0.0414289706376453,0.00614064095831538,0.09647420547743653,0.018546797051286583,23,16,0.06221340647715905,0.21627661527253167,False,True,True,1.036623187306033e-06,COMPLETE
1393,0.19931281208992005,2025-04-12 21:44:48.088454,2025-04-12 21:45:05.513766,0 days 00:00:17.425312,0.6372629525745626,0.5891956628070132,2,0.07787851038542395,0.12359916543420867,0.08833186179430062,0.039073904981697306,0.002695291916718583,0.09608942451434116,0.037409015626273176,22,12,0.057775700068601624,0.22707138922022765,False,True,True,1.3375594580046549e-06,COMPLETE
1394,0.41512110233306887,2025-04-12 21:45:05.964720,2025-04-12 21:45:24.604240,0 days 00:00:18.639520,0.6576952469174338,0.6482446300117338,2,0.06493974324926757,0.1358192464836037,0.09244414961505343,0.0410217110555404,0.004691674151412437,0.09705256564122042,0.0303481657516483,24,18,0.0651699809185659,0.21982065894067737,False,True,True,9.320420538769495e-07,COMPLETE
1395,0.40620583295822144,2025-04-12 21:45:25.054022,2025-04-12 21:45:43.717489,0 days 00:00:18.663467,0.6170063532377136,0.621044992601737,2,0.07162012199238224,0.10774860267588934,0.08686770256434223,0.0328919546134376,0.002901459776245344,0.09809057356240769,0.036275690982421824,24,18,0.06075988659319159,0.23571960675354572,False,True,True,1.0130582324505963e-06,COMPLETE
1396,0.19931281208992005,2025-04-12 21:45:44.191209,2025-04-12 21:46:02.242362,0 days 00:00:18.051153,0.6862471859178115,0.6155793253633,2,0.06385490355378448,0.13179796799283033,0.08904536894882988,0.04152446847444612,0.001229923531990934,0.0998822388601214,0.023782401515482048,23,12,0.06371054076017313,0.21628012816174272,False,True,True,9.118256092325866e-07,COMPLETE
1397,0.38308689594268797,2025-04-12 21:46:02.698045,2025-04-12 21:46:21.119117,0 days 00:00:18.421072,0.6716044095023098,0.5881193978054848,2,0.07046481203955753,0.11876339256168895,0.08639826569807246,0.035776430653415986,0.007074256636587394,0.09653529768037933,0.03672857301783477,24,18,0.05829613639042987,0.22479716264864763,False,True,True,1.3522137225432183e-06,COMPLETE
1398,0.19931281208992005,2025-04-12 21:46:21.573270,2025-04-12 21:46:40.151563,0 days 00:00:18.578293,0.6831177782205824,0.6503588147480608,2,0.06369205183243513,0.13823248877608957,0.09310134465749531,0.037148885785901455,0.005345734518689709,0.09814372399122911,0.03195956255693405,24,16,0.06017756508653944,0.21540892423792804,False,True,True,9.265298522784596e-07,COMPLETE
1399,0.19931281208992005,2025-04-12 21:46:40.608573,2025-04-12 21:46:59.089985,0 days 00:00:18.481412,0.640658938864715,0.6080046212521193,2,0.08622962866460934,0.1241220738716986,0.09016494181417584,0.039350710611145485,0.006692048833070131,0.09594115527425814,0.0411052023380927,24,10,0.05859083349102065,0.22999761291912674,False,True,True,1.174707859906337e-06,COMPLETE
1400,0.36743314266204835,2025-04-12 21:46:59.543652,2025-04-12 21:47:17.198421,0 days 00:00:17.654769,0.6230473695859727,0.6346605976486793,2,0.06451745804282061,0.10988140630878326,0.08588294651718281,0.0411650646518138,0.004224129806999226,0.09812482531754356,0.037782688234984804,23,18,0.06275578755445198,0.22268932673738767,False,False,True,9.250839337985655e-07,COMPLETE
1401,0.19931281208992005,2025-04-12 21:47:17.672018,2025-04-12 21:47:35.300317,0 days 00:00:17.628299,0.6573340950416083,0.6693434922730076,2,0.07184694252048691,0.12880780132608627,0.08766906172715182,0.03844956109649209,0.0027097153209041163,0.09991844066227583,0.028667978110329142,22,15,0.06176509120086103,0.23938934601926865,False,True,True,1.1928091190185832e-06,COMPLETE
1402,0.3640214085578919,2025-04-12 21:47:35.756504,2025-04-12 21:47:54.258026,0 days 00:00:18.501522,0.7102588171465429,0.6014453215353822,2,0.07928136247737927,0.11823469446019275,0.09091849762235048,0.04176647142491632,0.0069470680947745595,0.09625884699814306,0.02605603361551672,24,19,0.05725983277996343,0.21447439606982477,False,True,True,1.110358268973098e-06,COMPLETE
1403,0.19931281208992005,2025-04-12 21:47:54.715053,2025-04-12 21:48:12.638293,0 days 00:00:17.923240,0.6083133645168214,0.585103175491039,2,0.06406499159751561,0.13863647993635256,0.08887398488514976,0.03454195787572675,0.00432189567573194,0.0999380915980253,0.038794948266307694,23,12,0.05702837409729119,0.21843593605755948,False,True,True,1.7448306803571236e-06,COMPLETE
1404,0.3673455357551575,2025-04-12 21:48:13.095908,2025-04-12 21:48:31.664904,0 days 00:00:18.568996,0.6303009371416641,0.5851214668471761,2,0.06826786461864358,0.12241025483986166,0.08637776830946459,0.03704447055991417,0.00143869203472114,0.09590160527033598,0.03303672785620249,24,19,0.06019611978677173,0.22522720425027218,False,True,True,8.349497364788287e-07,COMPLETE
1405,0.36822593212127686,2025-04-12 21:48:32.117851,2025-04-12 21:48:50.036592,0 days 00:00:17.918741,0.6707934749354298,0.6200074436440807,2,0.06305268982128592,0.11340958492090479,0.08786719249427404,0.04174549162376234,0.007145807388799438,0.0980050875147732,0.03621170075501681,23,17,0.059349569326744844,0.2297057757284006,False,True,True,8.82475255661708e-07,COMPLETE
1406,0.4128625988960266,2025-04-12 21:48:50.491636,2025-04-12 21:49:07.450298,0 days 00:00:16.958662,0.6381586306753361,0.5950209188935327,2,0.07483566254213271,0.12957140086257854,0.0862951263386791,0.03934306549830943,0.004228188087603008,0.09998790355771245,0.0207010042361655,21,20,0.056851124397687115,0.21232540910372222,False,True,True,1.602170536670394e-06,COMPLETE
1407,0.20087979435920716,2025-04-12 21:49:07.922661,2025-04-12 21:49:26.548874,0 days 00:00:18.626213,0.730684936095177,0.5992851297284978,2,0.21121699639235256,0.13307291274122482,0.09097572394751434,0.04300686019011985,0.0012221690858497517,0.0958043372357786,0.03271675429044325,24,16,0.0671533134153933,0.22044404006434629,False,True,True,8.51746208177681e-07,COMPLETE
1408,0.19931281208992005,2025-04-12 21:49:27.007184,2025-04-12 21:49:44.626024,0 days 00:00:17.618840,0.599914744202541,0.6770656433894282,2,0.06296039720831295,0.1058627814991361,0.08580957511624622,0.039185161891612,0.005250952225174957,0.09547070626437879,0.042912873456457244,22,14,0.06145872172503352,0.23043226176933965,False,True,True,1.203956880046199e-06,COMPLETE
1409,0.2728476047515869,2025-04-12 21:49:45.082007,2025-04-12 21:50:03.359064,0 days 00:00:18.277057,0.6960911145165738,0.6205056508007203,2,0.06970486697984209,0.12436325509540687,0.09300943680420926,0.04114703789684001,0.008089007251390038,0.09785391232195047,0.040927713123304545,24,20,0.05840024388688638,0.21419460109919702,False,True,False,8.535719781975757e-07,COMPLETE
1410,0.4089993596076965,2025-04-12 21:50:03.819107,2025-04-12 21:50:22.333785,0 days 00:00:18.514678,0.6622558542370832,0.648901804223494,2,0.06175328441385229,0.11632713943880539,0.08896934679400935,0.036601067644426874,0.003118328562499606,0.09528923630917502,0.040264264864867935,24,19,0.06273746056710842,0.22081675788833294,False,True,True,1.513070303943093e-06,COMPLETE
1411,0.3923704981803894,2025-04-12 21:50:22.789656,2025-04-12 21:50:41.020326,0 days 00:00:18.230670,0.6165361627427012,0.6424157553921709,2,0.07913664790311394,0.09938186254223783,0.08767640176265643,0.040204933704743005,0.005929858089513072,0.09732044064658517,0.02520163810792504,23,20,0.06466989847187248,0.2365552507783206,False,True,True,9.545881319064832e-07,COMPLETE
1412,0.19931281208992005,2025-04-12 21:50:41.495435,2025-04-12 21:51:00.112546,0 days 00:00:18.617111,0.6472707577493034,0.681231897379881,2,0.10605879674878044,0.11924842065790256,0.08553401793270331,0.03272550628089487,0.0010729314247382889,0.09838321883077486,0.040791297900974986,24,16,0.05875078017636846,0.21507014934114782,False,True,True,1.2212395620837334e-06,COMPLETE
1413,0.19931281208992005,2025-04-12 21:51:00.573571,2025-04-12 21:51:19.220635,0 days 00:00:18.647064,0.6896790371855517,0.6230388721928385,2,0.06860935188267157,0.1323828191224791,0.0892715566426344,0.04248892354655884,0.007609503885177742,0.09551463589661456,0.030496526495577072,24,11,0.056685120790895584,0.22602222414392473,False,True,True,8.422078942996384e-07,COMPLETE
1414,0.23920280933380128,2025-04-12 21:51:19.683277,2025-04-12 21:51:37.646019,0 days 00:00:17.962742,0.6309569535882439,0.5855107360458836,2,0.06380892061396151,0.13655915695681722,0.09143816855320265,0.03853956680703648,0.0030795494969222932,0.09844634169307323,0.04338470523151678,23,19,0.06026966126082677,0.21152894640869746,False,True,True,1.0392682597963527e-06,COMPLETE
1415,0.19931281208992005,2025-04-12 21:51:38.104473,2025-04-12 21:51:56.631323,0 days 00:00:18.526850,0.5968596421753933,0.6589635141221994,2,0.07322816077620327,0.12495190520558201,0.0855076975165084,0.04239171027809512,0.005213336975534059,0.09538719690500005,0.035880793997426004,24,7,0.05835357743319356,0.2228035943272061,False,True,True,7.986086768671588e-07,COMPLETE
1416,0.19931281208992005,2025-04-12 21:51:57.095422,2025-04-12 21:52:15.167146,0 days 00:00:18.071724,0.6611578709178809,0.632539970324057,2,0.06087363374420059,0.12956357762717913,0.08757230444824715,0.03480187156913544,0.004542549916420835,0.09800794630580893,0.031475006116716234,23,16,0.061316438031130335,0.23285482529993703,False,True,True,8.062726470564085e-07,COMPLETE
1417,0.41161774396896367,2025-04-12 21:52:15.647931,2025-04-12 21:52:34.184548,0 days 00:00:18.536617,0.7068916547069308,0.609438210232352,2,0.06050107470488135,0.1368892580491759,0.08921291513934136,0.037690795673489035,0.007510226513546263,0.0957092040773742,0.03778938567250015,24,19,0.05719645716274888,0.21757238512245464,False,True,True,1.5811665692529058e-06,COMPLETE
1418,0.4103764414787293,2025-04-12 21:52:34.656467,2025-04-12 21:52:53.188205,0 days 00:00:18.531738,0.6777137594109534,0.6002900824294399,2,0.06876345096154496,0.11373813973777491,0.08615898808597079,0.041820726521380504,0.0011126205540641404,0.0969137470310872,0.04158040462012706,24,20,0.05632150607473449,0.2094603452229913,False,True,True,1.2820959926224263e-06,COMPLETE
1419,0.2877341985702515,2025-04-12 21:52:53.652002,2025-04-12 21:53:11.258653,0 days 00:00:17.606651,0.6271131168628348,0.5795098884686746,2,0.06705243751146991,0.12687307950243734,0.09336099473153786,0.04322925271772589,0.006237130069468211,0.09998946335268241,0.02910843707385278,22,20,0.0639437069618712,0.22958402071601153,False,True,True,1.0544324759907393e-06,COMPLETE
1420,0.4068091988563538,2025-04-12 21:53:11.718019,2025-04-12 21:53:30.265769,0 days 00:00:18.547750,0.6045057829350016,0.6366209270266596,2,0.0843392773967084,0.12125019945348359,0.09045573749687229,0.03942614682887226,0.003236953199220647,0.09517935204608341,0.0413736992136632,24,21,0.05959239430544461,0.22067021414092172,False,True,True,7.48697890161872e-07,COMPLETE
1421,0.19931281208992005,2025-04-12 21:53:30.746998,2025-04-12 21:53:49.808121,0 days 00:00:19.061123,0.6363365367941898,0.5798217975856637,2,0.06012713333336125,0.12904153665173498,0.08708781929699584,0.036177849569565795,0.008381787286194963,0.0999396105492083,0.021761180262740355,25,14,0.06146239681416181,0.21350810886111093,False,True,True,8.253500137336412e-07,COMPLETE
1422,0.3441445112228394,2025-04-12 21:53:50.275279,2025-04-12 21:54:08.147800,0 days 00:00:17.872521,0.5937187070871016,0.6061282008374961,2,0.07638077666143755,0.1426042113152174,0.08543617717553427,0.043381846615289064,0.0030075672287236048,0.09796215290204809,0.011670050297417007,23,17,0.05635075184447374,0.2065554224270499,False,False,True,1.2449587125042725e-06,COMPLETE
1423,0.19931281208992005,2025-04-12 21:54:08.611194,2025-04-12 21:54:27.129969,0 days 00:00:18.518775,0.6550925911031678,0.7015908628386757,2,0.0590670191803455,0.10823322138790104,0.08863090153396908,0.037046206987187136,0.0054028986546610066,0.09509335989886299,0.04330927408630283,24,11,0.05865772838057266,0.22591743971660339,False,True,True,9.591638807981663e-07,COMPLETE
1424,0.19931281208992005,2025-04-12 21:54:27.589193,2025-04-12 21:54:46.724287,0 days 00:00:19.135094,0.7001762744714257,0.6644667017643603,2,0.07215768711778196,0.13180783102928623,0.08529299374791321,0.04340665604549527,0.008645902333701723,0.09690270542856688,0.03342142692035988,25,14,0.06578283067443075,0.23527183658620582,False,True,True,1.8092627449318787e-06,COMPLETE
1425,0.29229438304901123,2025-04-12 21:54:47.183715,2025-04-12 21:55:04.828793,0 days 00:00:17.645078,0.6247379769484116,0.5988657201200498,2,0.06443141947043138,0.13925674548258504,0.08855391450192084,0.04036168125538443,0.004409875846012075,0.09822050181403766,0.041396491128251764,22,21,0.06017217404316353,0.24017209332131467,False,True,True,7.342898602027867e-07,COMPLETE
