number,value,datetime_start,datetime_complete,duration,params_alpha-eval,params_alpha-train,params_batch-size,params_eps-eval,params_eps-train,params_lambda-actions-eval,params_lambda-actions-train,params_lambda-frames-eval,params_lambda-frames-train,params_learning-rate,params_n-epochs,params_n-frames,params_radius-gw,params_rho,params_std-feats,params_ub-actions,params_ub-frames,params_weight-decay,state
566,0.39798879623413086,2025-04-14 16:43:17.127004,2025-04-14 16:43:25.702194,0 days 00:00:08.575190,0.4474543567999541,0.06992173642260091,8,0.04964821918594849,0.00514776151938588,0.009335405287187475,0.05999760842927383,0.08222275484179402,0.08456480423351191,0.0009941069921599504,22,25,0.07750640660775465,0.13963148400688058,False,True,True,0.00023506971153416825,COMPLETE
567,0.5513939142227173,2025-04-14 16:43:25.892941,2025-04-14 16:43:33.935829,0 days 00:00:08.042888,0.5853337067008123,0.030840307878212285,8,0.025154178859857625,0.01872949536263122,0.005620536504877729,0.054792554022055295,0.07594696271012517,0.05552850968371221,0.0013300260257611035,19,31,0.08690793091098595,0.11899659977421063,False,True,True,5.963819172716048e-05,COMPLETE
568,0.32256052494049076,2025-04-14 16:43:34.119030,2025-04-14 16:43:42.307533,0 days 00:00:08.188503,0.5843588196405382,0.02497564317821456,8,0.0264876633918043,0.03027471439402185,0.005360224541124062,0.05463097149859305,0.07675085343318332,0.03851877381122994,0.0016258809526269447,19,29,0.08391396056191712,0.12124308837046524,True,True,True,5.396040711839064e-05,COMPLETE
569,0.40413951873779297,2025-04-14 16:43:42.501663,2025-04-14 16:43:50.447059,0 days 00:00:07.945396,0.6033058987167409,0.03844301473914061,8,0.038280230632985544,0.024617301020081257,0.006226479284433676,0.05032797990795079,0.07572892148929582,0.07807885627020195,0.0013608703417305444,18,23,0.08656498440867236,0.11942706940657691,False,True,True,3.651774625471046e-05,COMPLETE
570,0.3946361899375916,2025-04-14 16:43:50.628071,2025-04-14 16:43:58.704369,0 days 00:00:08.076298,0.5753606282606877,0.01303700933971206,8,0.03059081520460051,0.034037167085719335,0.0037999375667075105,0.05283556695369315,0.07513079451971312,0.0274645231692265,0.0019363979168868038,19,31,0.07986788253592683,0.12751683557456808,False,True,True,0.00012735500863031657,COMPLETE
571,0.33533018827438354,2025-04-14 16:43:58.885371,2025-04-14 16:44:06.916899,0 days 00:00:08.031528,0.6151983093607679,0.048891774054603536,8,0.022678101134798907,0.019495007560245577,0.0123546011927428,0.05515420423062112,0.07377106503291303,0.0810345216382189,0.0013570083567421112,19,26,0.08466390385596421,0.21311803885356562,False,False,True,0.0003954919449061037,COMPLETE
572,0.36350107192993164,2025-04-14 16:44:07.106580,2025-04-14 16:44:14.953238,0 days 00:00:07.846658,0.5845184397028427,0.03225420654660319,8,0.02908995795012113,0.017695119514664088,0.0067896978657260645,0.047607875488739904,0.09723891207551917,0.06849778334382925,0.0011510791219899296,17,28,0.08746119143554572,0.13097267923925263,False,True,True,0.00018705761586087239,COMPLETE
573,0.21510131359100343,2025-04-14 16:44:15.134516,2025-04-14 16:44:23.059516,0 days 00:00:07.925000,0.6532831530767348,0.0559577032554933,8,0.03580782121632777,0.16849464836962086,0.0031821307133515797,0.05609353536332819,0.07204405040041467,0.07679631236882525,0.0016031551685388966,18,33,0.08230748943017911,0.12047021602253817,False,True,True,6.368975768759293e-05,COMPLETE
574,0.39972954988479614,2025-04-14 16:44:23.250900,2025-04-14 16:44:31.481688,0 days 00:00:08.230788,0.6091060694542323,0.02766009611820104,8,0.02351719714919532,0.026169649083226172,0.005178735621863486,0.05247698447600989,0.07882771709442561,0.05471195719197183,0.0011095960002263773,20,30,0.06646763402375928,0.12477290968313376,False,True,True,0.00010158962737800749,COMPLETE
575,0.28950778245925907,2025-04-14 16:44:31.662863,2025-04-14 16:44:39.728117,0 days 00:00:08.065254,0.6860609140935381,0.058831721411483816,8,0.04477575096020471,0.016303665297584813,0.009461655502749853,0.057720312184315156,0.0773482491822651,0.02130374896426916,0.0023906970852483585,19,35,0.07138483160432574,0.11837083794261306,False,True,True,7.78205664135089e-05,COMPLETE
576,0.5607632994651794,2025-04-14 16:44:39.918686,2025-04-14 16:44:48.220024,0 days 00:00:08.301338,0.5556373950336035,0.04481997384200502,8,0.01855811078736977,0.019440116950427612,0.0028507523700921824,0.05536329468440033,0.06813497931244789,0.061868028478993954,0.0013181762892975279,21,32,0.08825203589506242,0.13417800288375625,False,True,True,4.46710828561411e-05,COMPLETE
577,0.29642953872680666,2025-04-14 16:44:48.402343,2025-04-14 16:44:56.701258,0 days 00:00:08.298915,0.5931556697007532,0.029065886398684557,8,0.18657717216595981,0.026626203578434465,0.0029973069559260474,0.0539478305219959,0.0675405890782913,0.06221627007631987,0.002817734408143836,21,26,0.08600687633713451,0.12856209218182585,False,True,True,3.331781287744736e-05,COMPLETE
578,0.3286368012428284,2025-04-14 16:44:56.892691,2025-04-14 16:45:05.106676,0 days 00:00:08.213985,0.6401757342011744,0.04728052941802059,8,0.10518822689750051,0.0222090797616325,0.004754214604062782,0.05065514943626267,0.06986040718806885,0.05927755429642667,0.0020102638170191745,20,30,0.08772522093258453,0.13731698635419576,False,True,True,5.047032839311942e-05,COMPLETE
579,0.2652037024497986,2025-04-14 16:45:05.287503,2025-04-14 16:45:13.408172,0 days 00:00:08.120669,0.56834515556023,0.3006038253436315,8,0.02491109039431062,0.01995878432007786,0.0028881513404743183,0.05577636154804934,0.06819936870183689,0.04996986372406027,0.0014182922926499835,20,22,0.08522423891357817,0.1330962633535761,False,True,False,3.956180655801604e-05,COMPLETE
580,0.5098201632499695,2025-04-14 16:45:13.605842,2025-04-14 16:45:21.961891,0 days 00:00:08.356049,0.7104903064445591,0.03108851553899237,8,0.032198826494844984,0.02589398967308803,0.00720421327135618,0.05408434320990998,0.06475324894105436,0.05760824546304373,0.0017627381926565732,21,32,0.08898475720937618,0.1272358734078399,False,True,True,6.02826522402247e-05,COMPLETE
581,0.29747107028961184,2025-04-14 16:45:22.143968,2025-04-14 16:45:30.598430,0 days 00:00:08.454462,0.4725592137908773,0.011054815781461044,8,0.07127694694359149,0.03407215916430603,0.01780158621099462,0.051965612543632626,0.07108413664716999,0.05558360648394397,0.003434589097059331,22,28,0.08071996883838617,0.13464769649412206,False,True,True,4.6739952312828964e-05,COMPLETE
582,0.26087125539779665,2025-04-14 16:45:30.793272,2025-04-14 16:45:39.143434,0 days 00:00:08.350162,0.5641455448263123,0.059630514716236885,8,0.03983166650407541,0.016403284812264822,0.0011829516316569796,0.017949609934843312,0.08060252317905721,0.0539331807720589,0.00125478869447379,21,35,0.08335965391232507,0.14171762393291337,False,True,True,3.283097494124879e-05,COMPLETE
583,0.26153039932250977,2025-04-14 16:45:39.329518,2025-04-14 16:45:47.582458,0 days 00:00:08.252940,0.6244754730247729,0.04075900880506422,8,0.17461980690158357,0.03215807706205764,0.004266489808639949,0.05632100387873977,0.08328781368945143,0.06047312164078359,0.0015556695021420022,20,74,0.07435698739902563,0.11857915930446244,False,True,True,4.580388731698928e-05,COMPLETE
584,0.32345880270004274,2025-04-14 16:45:47.765787,2025-04-14 16:45:56.695065,0 days 00:00:08.929278,0.44445232205230545,0.059876157341768814,8,0.0264740401084678,0.019376057788931915,0.00896071042100936,0.057297037797586284,0.07361826832713077,0.0523220566502761,0.0012665977336926014,25,25,0.08752701220076388,0.22851366951873492,False,True,True,0.00016086413491576984,COMPLETE
585,0.5169373989105225,2025-04-14 16:45:56.890418,2025-04-14 16:46:05.245065,0 days 00:00:08.354647,0.5843664114050695,0.02536077909302103,8,0.056152894239031456,0.013445875476942804,0.05231504852392727,0.05503543439037941,0.0870844188157601,0.07996148785426234,0.0010375477403163796,21,31,0.07716611082406205,0.12584643779541055,False,True,True,0.0002355461008398004,COMPLETE
586,0.3989346385002136,2025-04-14 16:46:05.427312,2025-04-14 16:46:14.057858,0 days 00:00:08.630546,0.6632286764697694,0.04417582091602048,8,0.018850785285189426,0.023104256656219208,0.006345020163709955,0.049189750311828685,0.0663968205026615,0.05758778642115049,0.0009611375227230656,23,28,0.08500043563479334,0.1347363857775027,False,True,True,6.115934517928063e-05,COMPLETE
587,0.44412261247634893,2025-04-14 16:46:14.254962,2025-04-14 16:46:22.814993,0 days 00:00:08.560031,0.907460139863413,0.012476161274671584,8,0.019494672947714523,0.014512992079347935,0.023999899399767065,0.053039756432333815,0.06917962883668402,0.07350059351423914,0.0014476464262516294,22,34,0.0899554792730498,0.14094961145279572,False,True,True,0.00012046559133848293,COMPLETE
588,0.32081419229507446,2025-04-14 16:46:23.000329,2025-04-14 16:46:31.387269,0 days 00:00:08.386940,0.46899975189214443,0.07536764631315625,8,0.03495925774170713,0.029407775756736323,0.003048659172748707,0.05827551468792916,0.0795970807568357,0.08295855156284634,0.0011206897617154687,21,37,0.08849009886175976,0.14591436585976097,True,True,True,3.0154890539994228e-05,COMPLETE
589,0.42008684873580937,2025-04-14 16:46:31.586523,2025-04-14 16:46:39.804873,0 days 00:00:08.218350,0.7555622059227789,0.010214388431582774,8,0.02984688813698344,0.01172600300891143,0.030543125103570542,0.05564298570780391,0.07249273169712529,0.08165537695495302,0.0016728156337392488,20,31,0.07951117893104127,0.13208174080771692,False,True,True,0.000142941687238004,COMPLETE
590,0.4248135447502136,2025-04-14 16:46:39.987748,2025-04-14 16:46:48.344066,0 days 00:00:08.356318,0.6050666994219054,0.7472798752572243,8,0.04875162638438401,0.020385940534548088,0.00504704408955816,0.05216982764443171,0.08504256573473046,0.07892810826614124,0.0009128036160650117,21,28,0.0824574671598151,0.12430537799455593,False,False,True,0.00018034864729576467,COMPLETE
591,0.32765297889709477,2025-04-14 16:46:48.544549,2025-04-14 16:46:56.658079,0 days 00:00:08.113530,0.5550342750216335,0.985114778816992,8,0.06326727257103319,0.012174843908782065,0.001332921969161493,0.04505893536681367,0.07607002613527115,0.06535139921769917,0.002139718843158349,19,33,0.08571651872816467,0.13710480641071582,False,True,True,7.559975890315918e-05,COMPLETE
592,0.40626739263534545,2025-04-14 16:46:56.848095,2025-04-14 16:47:05.504497,0 days 00:00:08.656402,0.4802349473906419,0.06135724676704864,8,0.022967290531323827,0.018717898413844684,0.010921815954990999,0.058390113096788626,0.06145042250644805,0.04839984099224167,0.0012378739340050896,23,21,0.08920194891195019,0.11893973762814906,False,True,True,4.296962340685231e-05,COMPLETE
593,0.2803710103034973,2025-04-14 16:47:05.703295,2025-04-14 16:47:23.266436,0 days 00:00:17.563141,0.6291980403866034,0.08472718114309824,2,0.015830872016218772,0.00887980084050345,0.0011462310589048239,0.05404518741604343,0.0643030773396682,0.06640142118935632,0.00100827056040775,22,37,0.08691509799766678,0.14335574065337317,False,True,True,0.00010633089078043885,COMPLETE
594,0.401381778717041,2025-04-14 16:47:23.452648,2025-04-14 16:47:32.261705,0 days 00:00:08.809057,0.6828959614285675,0.04544356353992428,8,0.02466600406278693,0.026619263679307382,0.008102197929307553,0.04992415397380153,0.08073098295305094,0.04373248408792236,0.0013261341089615222,24,25,0.08401912481117539,0.13168082900204625,False,True,True,5.783098870498603e-05,COMPLETE
595,0.4930665016174317,2025-04-14 16:47:32.462128,2025-04-14 16:47:40.964268,0 days 00:00:08.502140,0.576570990893748,0.03680632110724422,8,0.03968333478292599,0.016418151746547035,0.0061823582967935695,0.056509472791868416,0.08296537731959543,0.08395283760744586,0.0008298034148752372,22,30,0.09106090621392315,0.1382151827848252,False,True,True,0.000288112742545869,COMPLETE
596,0.5150574684143067,2025-04-14 16:47:41.153711,2025-04-14 16:47:49.394935,0 days 00:00:08.241224,0.5486561059720387,0.06434490945420722,8,0.018045823929369223,0.009972497581029183,0.0037468534461206795,0.05917599972971459,0.07748782791116202,0.06983966290069984,0.0011270993893059858,20,34,0.08068890211780759,0.14712135318879727,False,True,True,8.868686854174621e-05,COMPLETE
597,0.25175708532333374,2025-04-14 16:47:49.593820,2025-04-14 16:47:57.898322,0 days 00:00:08.304502,0.4552419346433418,0.08777643619970169,8,0.029183374739445336,0.022976163901550176,0.0035045736374559955,0.04831313018802868,0.0753344232228032,0.07691876729407375,0.0016480041428782108,20,109,0.08981065793867438,0.12680974206233253,False,True,True,0.0001305364841437536,COMPLETE
598,0.20871431827545167,2025-04-14 16:47:58.088428,2025-04-14 16:48:06.413230,0 days 00:00:08.324802,0.6527782816176704,0.031148629127143335,8,0.04410543160704305,0.014184950822217896,0.0010593281821161822,0.05659124806984088,0.07221299936185295,0.07994418733668793,0.0009096310413016672,21,126,0.08713724674304824,0.13779016218064655,False,True,False,0.0001905123728951759,COMPLETE
599,0.5472763776779175,2025-04-14 16:48:06.600452,2025-04-14 16:48:14.659843,0 days 00:00:08.059391,0.6052703740750855,0.06476612939030867,8,0.018407853896735986,0.009485348742552427,0.005386465283783648,0.05117104381280909,0.07061995202011437,0.0851503107576357,0.0013907266004350319,19,32,0.0785041778823129,0.13055787722573034,False,True,True,6.898076754955251e-05,COMPLETE
600,0.39914218187332157,2025-04-14 16:48:14.859947,2025-04-14 16:48:22.922939,0 days 00:00:08.062992,0.6013753986161307,0.09754006761640566,8,0.03579007259512213,0.033986489896796715,0.006690893584271688,0.04724323167604837,0.06774684744654674,0.08240386533542307,0.0018667111703123778,19,28,0.07851474426498091,0.11974744488339072,False,True,True,5.063909069860399e-05,COMPLETE
601,0.47704945802688603,2025-04-14 16:48:23.109526,2025-04-14 16:48:31.242387,0 days 00:00:08.132861,0.6145629875695839,0.07578118650613087,8,0.022403106151419924,0.07033412079664678,0.008601455733204538,0.05108213888631973,0.07037861179934633,0.08573170926143475,0.0014254143031856,19,30,0.07678287507574397,0.12739353970422335,False,True,True,5.9749584310657686e-05,COMPLETE
602,0.4487946391105652,2025-04-14 16:48:31.441355,2025-04-14 16:48:39.434034,0 days 00:00:07.992679,0.5923052063928861,0.06281900029279722,8,0.03011361366971636,0.01888931076671328,0.0051483679358423524,0.05301966356336391,0.0686137643521517,0.0832553374498484,0.0015517064237357213,18,24,0.07303458597297456,0.13274395644479534,False,True,True,3.8079196161675105e-05,COMPLETE
603,0.3623007655143738,2025-04-14 16:48:39.624658,2025-04-14 16:48:47.643165,0 days 00:00:08.018507,0.624130399534758,0.08648365305922731,8,0.01714712917233389,0.010283083144918277,0.010568409232904877,0.05016173152249462,0.0709854350691017,0.0714561161568313,0.001269369085019678,19,32,0.07701345272051466,0.12448777711546728,False,True,True,0.00010767525756984627,COMPLETE
604,0.4120108842849732,2025-04-14 16:48:47.847888,2025-04-14 16:48:55.762463,0 days 00:00:07.914575,0.6467010854456648,0.0575359986029564,8,0.02473797591609725,0.024925252858232955,0.014902315482828096,0.05116330397372854,0.07355157997569595,0.08583567977228104,0.0011365651045798346,18,27,0.07512362367187723,0.11787510923604164,False,True,True,7.244599310719095e-05,COMPLETE
605,0.33112429380416875,2025-04-14 16:48:55.955315,2025-04-14 16:49:04.054519,0 days 00:00:08.099204,0.5768835480201285,0.09397399358221237,8,0.051286227679811516,0.015612151215368587,0.003593703735271828,0.053979449961222864,0.0668970744588139,0.08149278241438347,0.0019928712692686987,19,36,0.0787711723170905,0.13096155256688902,False,True,True,0.00015837895430266703,COMPLETE
606,0.32332941293716433,2025-04-14 16:49:04.256985,2025-04-14 16:49:12.494150,0 days 00:00:08.237165,0.6048814743389416,0.07356246385773134,8,0.03843834625470702,0.006524975023156396,0.007133480923173816,0.04652469518996856,0.07061469453932674,0.07936133736692003,0.001419509030812167,20,31,0.05191849563196464,0.13630923764270592,False,True,True,0.00020217217760084977,COMPLETE
607,0.29814876317977906,2025-04-14 16:49:12.683990,2025-04-14 16:49:21.050583,0 days 00:00:08.366593,0.634012100431126,0.05359160500734235,8,0.016420786633528195,0.011234722799673214,0.004417717214322692,0.04896029886205183,0.0742349958131837,0.05634258179613349,0.001066436486568678,20,29,0.08255771597757741,0.1250668834629374,True,True,True,9.813941744146395e-05,COMPLETE
608,0.31538430452346805,2025-04-14 16:49:21.251135,2025-04-14 16:49:29.573201,0 days 00:00:08.322066,0.9886884223705421,0.010643892774503075,8,0.032764482417556855,0.029527096153548187,0.0026671428924853217,0.05186961258788783,0.07213147734075376,0.08482723091339638,0.0017137120940502472,21,33,0.08069999312691808,0.13104931878152346,False,True,True,0.00012408776747443583,COMPLETE
609,0.304174292087555,2025-04-14 16:49:29.760615,2025-04-14 16:49:37.649957,0 days 00:00:07.889342,0.5585102196212498,0.042876796196203854,8,0.04422604523961512,0.020086114683282655,0.005632186523567943,0.0545035110263658,0.06574444407811175,0.08331299455819566,0.0012880816442736008,18,38,0.0745952504647375,0.14042459291194337,False,False,True,5.075508451314648e-05,COMPLETE
610,0.5140263199806214,2025-04-14 16:49:37.851594,2025-04-14 16:49:46.061112,0 days 00:00:08.209518,0.5851953811956674,0.07335763016099893,8,0.021858201157390695,0.00601153152394886,0.008929286182582197,0.05546816163669662,0.06890955141867916,0.08683224518939807,0.0009962688650293086,20,25,0.07917804143606941,0.12127225596878535,False,True,True,6.652091348848023e-05,COMPLETE
611,0.48643155097961427,2025-04-14 16:49:46.253037,2025-04-14 16:49:54.360009,0 days 00:00:08.106972,0.6686365544200497,0.0989886478460939,8,0.027439159228462094,0.01512483186445492,0.012500084647961183,0.05274155055563897,0.0768141532598711,0.0630203948566525,0.0013487632688087487,19,35,0.08261230666730511,0.13292376082651136,False,True,True,8.570649508125261e-05,COMPLETE
612,0.2567930817604065,2025-04-14 16:49:54.562202,2025-04-14 16:50:02.968680,0 days 00:00:08.406478,0.7150175641604329,0.03745416946868117,8,0.015570540717725095,0.021979614053135258,0.006944685394383294,0.0493565577498694,0.07495618600647865,0.07781187971054328,3.131500961639337e-05,21,31,0.0849932060460744,0.14204075550170517,False,True,True,2.575563777318276e-05,COMPLETE
613,0.26080731153488157,2025-04-14 16:50:03.160515,2025-04-14 16:50:10.968732,0 days 00:00:07.808217,0.5977906261129877,0.06149961558329203,8,0.054258278114485865,0.010629664659979192,0.002790202997871808,0.04351785398532195,0.062742364214101,0.08169150303090274,0.002555447345590008,17,27,0.07760280172926787,0.12805334296388687,False,True,True,0.00024035280619102569,COMPLETE
614,0.49930288791656496,2025-04-14 16:50:11.175865,2025-04-14 16:50:19.552880,0 days 00:00:08.377015,0.5743002503263276,0.026268005942872784,8,0.022286074647588323,0.005990637909891541,0.005121569857631616,0.057372606481809696,0.08796405034076826,0.07585502952483071,0.0009185422235006051,21,32,0.08045997202021654,0.13901735166743526,False,True,True,0.00015086628629487037,COMPLETE
615,0.44945099353790285,2025-04-14 16:50:19.744749,2025-04-14 16:50:27.909476,0 days 00:00:08.164727,0.6904542468947871,0.08403481337926341,8,0.03384874410844006,0.016775367503901586,0.001095490563065878,0.054127402864366805,0.07288761312967236,0.08439058670220297,0.0011352668144289843,20,21,0.0841516629679263,0.12453379001295166,False,True,True,4.178663021965077e-05,COMPLETE
616,0.2780133962631226,2025-04-14 16:50:28.113236,2025-04-14 16:50:45.035129,0 days 00:00:16.921893,0.5587312225186982,0.047972182173037066,2,0.014737119095438159,0.026862615991719935,0.003999620018289857,0.05154896915950531,0.07863623190789432,0.035232683173453315,0.0015917838819931908,21,38,0.09614054354085316,0.11741439353136549,False,True,True,0.00011791212253120636,COMPLETE
617,0.5220778226852417,2025-04-14 16:50:45.230394,2025-04-14 16:50:53.249151,0 days 00:00:08.018757,0.6387203241876612,0.06736854862428836,8,0.027838941436530644,0.011305842446298203,0.0010183076301883776,0.055946754499211444,0.07012953987634384,0.052185266065819906,0.000783200118232122,19,29,0.09277026535996298,0.13266076330959523,False,True,True,7.034406258514907e-05,COMPLETE
618,0.2987444043159485,2025-04-14 16:50:53.454950,2025-04-14 16:51:01.887578,0 days 00:00:08.432628,0.5427245851504883,0.03139438804898537,8,0.04045562905294614,0.005688261219678303,0.007923851004555022,0.05825868179172339,0.07511292222911505,0.07992941863120478,0.0011061890700993684,22,35,0.08197737894655921,0.14489050628269978,False,True,False,9.778949667974447e-05,COMPLETE
619,0.19931281208992005,2025-04-14 16:51:02.082222,2025-04-14 16:51:10.180577,0 days 00:00:08.098355,0.6127597929215765,0.0101536698927824,8,0.02048592459878235,0.0177829069299405,0.020065195144789206,0.05337089331838403,0.06826023706042354,0.08711031430386221,0.09849523831081966,20,33,0.08654574682906303,0.13781122307512775,False,True,True,0.00014567078267479897,COMPLETE
620,0.24935500621795656,2025-04-14 16:51:10.385557,2025-04-14 16:51:18.765301,0 days 00:00:08.379744,0.5884599762430026,0.09600090473534303,8,0.04661073347496478,0.14021816410965446,0.005428489000362103,0.05608370004134814,0.08567192598832114,0.08967538482869349,0.002240288901222825,21,26,0.09811863646073973,0.12848377768665836,False,True,True,5.1890509875688375e-05,COMPLETE
621,0.3986980080604553,2025-04-14 16:51:18.962520,2025-04-14 16:51:27.456182,0 days 00:00:08.493662,0.6594359066839895,0.0501432487772663,8,0.011766811272462568,0.012423682456361284,0.010036786589746868,0.05889564530066828,0.07866477902812183,0.04603423180636286,0.001384579121906261,22,31,0.07164724720553443,0.1488103907692911,False,True,True,0.0001983765606696472,COMPLETE
622,0.5169171571731568,2025-04-14 16:51:27.662535,2025-04-14 16:51:35.668913,0 days 00:00:08.006378,0.5392183864053871,0.07202603446124245,8,0.0332414967150651,0.02404018171004204,0.004311284062610589,0.04728918534393611,0.07167475505357698,0.08253906144737443,0.0009302326759879729,19,37,0.07590404554478913,0.11720783035886546,False,True,True,8.3061223780698e-05,COMPLETE
