number,value,datetime_start,datetime_complete,duration,params_alpha-eval,params_alpha-train,params_batch-size,params_eps-eval,params_eps-train,params_lambda-actions-eval,params_lambda-actions-train,params_lambda-frames-eval,params_lambda-frames-train,params_learning-rate,params_n-epochs,params_n-frames,params_radius-gw,params_rho,params_std-feats,params_ub-actions,params_ub-frames,params_weight-decay,state
1530,0.4303905010223389,2025-04-14 19:39:37.460117,2025-04-14 19:39:58.645367,0 days 00:00:21.185250,0.5806859667340997,0.029673837453329157,2,0.07043410532626614,0.01187397317016355,0.07777717511806904,0.06623303285072066,0.09396593989404636,0.08486304982793574,0.0003242377112755788,29,29,0.007419216067728004,0.19864764072496088,False,False,True,3.860466935654403e-08,COMPLETE
1531,0.435622251033783,2025-04-14 19:39:59.160949,2025-04-14 19:40:20.413112,0 days 00:00:21.252163,0.5971495240328675,0.04891068416618151,2,0.06657211451729433,0.005606735842446881,0.081937014188707,0.06932838239678407,0.09042696284987302,0.08924084506540597,0.0004511129376980629,29,32,0.023005176342864087,0.21985772060578612,False,True,True,1.9910785561138952e-08,COMPLETE
1532,0.5837511658668518,2025-04-14 19:40:20.906800,2025-04-14 19:40:42.727699,0 days 00:00:21.820899,0.5588582455287561,0.027332243671689942,2,0.0779688939671686,0.011038195635867469,0.08010666455826844,0.06230504863461579,0.08750908124945574,0.08792858601819682,0.0003724315270592276,30,25,0.011270512162205839,0.2298675021998387,False,True,True,3.067862599937052e-08,COMPLETE
1533,0.43965002298355105,2025-04-14 19:40:43.217779,2025-04-14 19:41:05.112951,0 days 00:00:21.895172,0.6216322190945075,0.045304031380651144,2,0.05709779206037054,0.005878747788781686,0.08276714158605954,0.0649903206242575,0.09130181178943714,0.08897638068396621,0.0004802148576433405,30,28,0.00681280366436296,0.21001438059492106,True,True,True,2.4532374564670773e-08,COMPLETE
1534,0.5882492542266846,2025-04-14 19:41:05.628848,2025-04-14 19:41:27.084266,0 days 00:00:21.455418,0.5959781127933697,0.03022152623341409,2,0.0669908154404647,0.012205197573515262,0.07285110193805842,0.06719399977815972,0.0932382342608321,0.08999255744010352,0.00029619257265672973,29,25,0.03307554337696874,0.19446398082232816,False,True,True,1.3294994667868964e-08,COMPLETE
1535,0.5826544404029846,2025-04-14 19:41:27.580203,2025-04-14 19:41:48.924650,0 days 00:00:21.344447,0.5589825676931438,0.04908550888798689,2,0.07492378596837666,0.005811948579807335,0.07587695550616548,0.07076567659547103,0.09602355402696114,0.08994723163433077,0.0004859369487807714,29,30,0.019756482543954103,0.2007856059730737,False,True,True,4.1121537877275396e-08,COMPLETE
1536,0.28068981170654295,2025-04-14 19:41:49.420217,2025-04-14 19:42:11.167079,0 days 00:00:21.746862,0.6188310241599354,0.0110956958218638,2,0.08370602352723967,0.010431349279738137,0.07868347838504451,0.06351885563563613,0.08873649714451048,0.08605709057277093,0.00035430615821601714,30,69,0.02303749100258235,0.21406524165081312,False,True,True,2.0023008607892007e-08,COMPLETE
1537,0.366765308380127,2025-04-14 19:42:11.680591,2025-04-14 19:42:33.553531,0 days 00:00:21.872940,0.5786109221622122,0.04968346884487966,2,0.06165433858233841,0.0057138286780212735,0.08261441328840828,0.06838435177957437,0.0864642654251666,0.08746325457958617,0.00039006484481463646,30,73,0.024652689374960186,0.2054249266726994,False,True,True,1.5949491785896823e-08,COMPLETE
1538,0.4609593033790589,2025-04-14 19:42:34.052426,2025-04-14 19:42:55.236969,0 days 00:00:21.184543,0.6016954748228157,0.02698201595069897,2,0.08949404690395565,0.012582400855835613,0.08010536586166847,0.06181720932934021,0.09189003533004367,0.09008659688884654,0.0004684137795636572,29,26,0.017047368316646203,0.2551091686007866,False,True,False,3.568942431030714e-08,COMPLETE
1539,0.4533941149711609,2025-04-14 19:42:55.733219,2025-04-14 19:43:17.559516,0 days 00:00:21.826297,0.6312074088823183,0.048644324090364816,2,0.06740855477219736,0.011818226314648446,0.06875333489045236,0.0643876943806428,0.08976048559841639,0.08492609906340809,0.0004826452057711138,30,32,0.028940331977665962,0.19107665707141452,False,True,True,4.566248007803781e-08,COMPLETE
1540,0.4119179487228394,2025-04-14 19:43:18.054606,2025-04-14 19:43:39.466161,0 days 00:00:21.411555,0.5648382329604823,0.027942413819806985,2,0.054317750607400295,0.004170412979384885,0.08137563350202355,0.06573200322889589,0.09554816249235085,0.08774370207916354,0.0002238975347752565,29,29,0.009317396416668053,0.2243501342249021,False,True,True,1.0289648884515624e-08,COMPLETE
1541,0.5547525644302369,2025-04-14 19:43:39.982311,2025-04-14 19:44:01.471352,0 days 00:00:21.489041,0.5843383028277978,0.04955877076673691,2,0.07383816110715805,0.004670715515710282,0.07489943621735479,0.0660770109862096,0.09341033232540191,0.09033862637448503,0.00032774191219587655,29,25,0.026352059258432353,0.23524099650605854,False,True,True,2.980551517283399e-08,COMPLETE
1542,0.568766450881958,2025-04-14 19:44:01.967863,2025-04-14 19:44:23.707451,0 days 00:00:21.739588,0.5567143379984382,0.0293849246256776,2,0.08157313657844853,0.012985470890421092,0.07710804180218726,0.0620248980216021,0.09875548825267738,0.08991814560811062,0.00039623415412070733,30,25,0.02194486382946974,0.2165569865759844,False,True,True,2.3689511069590224e-08,COMPLETE
1543,0.5745509624481202,2025-04-14 19:44:24.201488,2025-04-14 19:44:46.144586,0 days 00:00:21.943098,0.6102923210959699,0.05091466113667156,2,0.05970253523709556,0.0116926064477942,0.07742082606747495,0.0687831731260327,0.08747056100459241,0.08623566536600498,0.0004939238392091571,30,28,0.015802232782284334,0.20918349635992,False,True,True,1.558869148862834e-08,COMPLETE
1544,0.5971887707710266,2025-04-14 19:44:46.661371,2025-04-14 19:45:08.095149,0 days 00:00:21.433778,0.5878234129004082,0.010728345822311195,2,0.0637793918886633,0.005454691300143833,0.07998570344060371,0.06342020484504232,0.08963863642196378,0.08871085677050423,0.0003020267786461532,29,25,0.01855824135662582,0.198705340397478,False,True,True,3.667543551875961e-08,COMPLETE
1545,0.31466652154922486,2025-04-14 19:45:08.594377,2025-04-14 19:45:30.438967,0 days 00:00:21.844590,0.6359737755112096,0.012217955010357294,2,0.07304208780995894,0.011935787486351386,0.07900384212745848,0.06218888561686656,0.09736660658184966,0.08457130765638779,0.00023861696873807956,30,24,0.01879499105495105,0.19750165291337796,False,True,True,4.557673346403413e-08,COMPLETE
1546,0.5611873984336854,2025-04-14 19:45:30.935050,2025-04-14 19:45:52.281926,0 days 00:00:21.346876,0.6116084554048857,0.012224072328946428,2,0.06526877863140686,0.0008305285309554693,0.08060696298805319,0.06363922932792153,0.09228939209612438,0.08757452079899174,0.0002331124889435929,29,25,0.019611068798445274,0.20156941553212965,False,True,True,3.699417898074682e-08,COMPLETE
1547,0.582294249534607,2025-04-14 19:45:52.797352,2025-04-14 19:46:14.740570,0 days 00:00:21.943218,0.58985076006338,0.011794247065859253,2,0.06765522251979707,0.0002865423215740242,0.07477252906194475,0.06178259717865214,0.09502904927010908,0.08618098330436481,0.00028074441482678944,30,27,0.01592950474412485,0.1901706457912915,False,True,True,4.855713802091083e-08,COMPLETE
1548,0.4551648736000061,2025-04-14 19:46:15.235683,2025-04-14 19:46:37.134031,0 days 00:00:21.898348,0.5992106975060146,0.026031165408993303,2,0.07812491211414237,0.010440720920067925,0.07919082075969297,0.06443046538733141,0.08944559689921153,0.0879686348564263,0.0002990312779158002,30,24,0.021418228468672265,0.19465814145392263,False,True,True,3.3189862077322644e-08,COMPLETE
1549,0.37358805537223816,2025-04-14 19:46:37.632198,2025-04-14 19:46:58.758451,0 days 00:00:21.126253,0.6384705299234253,0.028111639871330384,2,0.05495236181181303,0.012262182645490902,0.07156411757892907,0.06227245683432903,0.09435740611475403,0.08499205971360851,0.00030297100800721124,29,25,0.017694119116436424,0.2020354710390937,False,False,True,4.115238934199606e-08,COMPLETE
1550,0.3048795342445374,2025-04-14 19:46:59.277855,2025-04-14 19:47:21.226581,0 days 00:00:21.948726,0.5827392582648421,0.011123246992922702,2,0.06512219005901912,0.005791281878695388,0.07675535994435526,0.061746745143776816,0.09149698135371875,0.08873563697937716,0.00026119115634677486,30,25,0.024363139971748948,0.20673192129179602,True,True,True,4.6530611277372804e-08,COMPLETE
1551,0.5454721450805664,2025-04-14 19:47:21.725192,2025-04-14 19:47:43.280851,0 days 00:00:21.555659,0.6145087700818768,0.010378431469270344,2,0.05629174466358957,0.005501772235439114,0.08185714136995934,0.06418920568655792,0.09257815748076755,0.08792512739154584,0.00037851477300728653,29,29,0.018956527045310624,0.20010556159645598,False,True,True,1.9334815760112836e-08,COMPLETE
1552,0.5868292331695557,2025-04-14 19:47:43.780653,2025-04-14 19:48:05.296953,0 days 00:00:21.516300,0.5854056268953527,0.04806964200506238,2,0.07508111447996413,0.012513299006789248,0.07913363930811577,0.06464983902506742,0.09028150740934279,0.0864500438979155,0.0003087966667868473,29,25,0.021371087995126707,0.19489564572304158,False,True,True,3.341988715200624e-08,COMPLETE
1553,0.354348361492157,2025-04-14 19:48:05.817417,2025-04-14 19:48:27.682487,0 days 00:00:21.865070,0.602907958460505,0.028630532363933217,2,0.07080378291683037,0.0003856454443511882,0.07683003213511053,0.06175429071720816,0.09822820940912133,0.014191040611618341,0.0003463414625654472,30,31,0.02515279978169103,0.21176205132293816,False,True,True,1.4749732776170375e-08,COMPLETE
1554,0.5989408493041992,2025-04-14 19:48:28.182403,2025-04-14 19:48:50.072382,0 days 00:00:21.889979,0.5728774930691166,0.010142412782504946,2,0.062468821548264,0.012136997883099226,0.07377452041537437,0.06628450342150942,0.08955605922291675,0.08944143321205754,0.000411625683206522,30,28,0.028221235725834563,0.19173050557940743,False,True,True,2.475282417727273e-08,COMPLETE
1555,0.45296080112457277,2025-04-14 19:48:50.571799,2025-04-14 19:49:11.852433,0 days 00:00:21.280634,0.5555105865949362,0.010616396478509624,2,0.05871976332597503,0.010269437419869139,0.0729591431305299,0.06672474307003179,0.09423066289012036,0.09032884084110618,0.00035180934819787143,29,33,0.028373539307510257,0.1899645788733066,False,True,True,1.9178589382292284e-08,COMPLETE
1556,0.5664809703826905,2025-04-14 19:49:12.373446,2025-04-14 19:49:34.345202,0 days 00:00:21.971756,0.5752748446153,0.028405124129127116,2,0.06016177656086545,0.01258104381322033,0.0711373308617048,0.06996922390328493,0.09104322359717174,0.08478909961792032,0.0002665612084122559,30,30,0.023105502462137113,0.19416960018061552,False,True,True,1.2782355711109956e-08,COMPLETE
1557,0.46124256849288947,2025-04-14 19:49:34.847022,2025-04-14 19:49:56.124510,0 days 00:00:21.277488,0.6231538599069137,0.011288547724206746,2,0.06016365782305826,0.013605896631817598,0.07369908451839946,0.06746209343504608,0.08809205993434599,0.09024971408601191,0.000304876484309968,29,33,0.027445071619500522,0.19174843211074,False,True,False,2.5284234456795837e-08,COMPLETE
1558,0.568580436706543,2025-04-14 19:49:56.631882,2025-04-14 19:50:18.605659,0 days 00:00:21.973777,0.5580478262856574,0.010008856781437129,2,0.05051077652573885,0.0068399919210244044,0.069680668006983,0.0654818599479554,0.09296018007263054,0.08681893786945703,0.00022175508021246337,30,28,0.030681767762415525,0.19907171849163455,False,True,True,2.2134500315496075e-08,COMPLETE
1559,0.4132212281227112,2025-04-14 19:50:19.127197,2025-04-14 19:50:40.467907,0 days 00:00:21.340710,0.5715337152430906,0.04696487692833477,2,0.054889787433967344,0.00035724506605661933,0.07481523652250635,0.06624325534963192,0.09044652708338599,0.08905497819949433,0.0003808420058857497,29,30,0.01572974027767749,0.18836061481527627,False,True,True,1.2306631921803224e-08,COMPLETE
1560,0.5719043016433716,2025-04-14 19:50:40.973761,2025-04-14 19:51:02.837469,0 days 00:00:21.863708,0.5941229348385326,0.031880265288581074,2,0.06524215563751114,0.014064704161133028,0.07569166655424045,0.07123269278413932,0.09665394927409553,0.0903796179965406,0.00041315917507063536,30,25,0.013367575123286924,0.2046237887262616,False,True,True,2.6181434012468484e-08,COMPLETE
1561,0.45358737707138064,2025-04-14 19:51:03.342625,2025-04-14 19:51:24.658183,0 days 00:00:21.315558,0.6349406880440279,0.010997952798379073,2,0.0643953295205019,0.0058662531386067,0.07745005977364523,0.06845859290729418,0.09460228880367025,0.08823372827915893,0.0001782941141956033,29,29,0.0196176060695225,0.19768384793152613,False,True,True,1.0317457103001072e-08,COMPLETE
1562,0.2332900404930115,2025-04-14 19:51:25.182620,2025-04-14 19:51:47.288299,0 days 00:00:22.105679,0.6075428385672411,0.049489120589512776,2,0.08347823272653972,0.013234394221181382,0.07327869159063344,0.06542108408027243,0.08842924225031587,0.0868054458280809,0.00042472682871880837,30,97,0.025997863317677453,0.19040473818516412,False,True,True,1.8657667809916397e-08,COMPLETE
1563,0.43355442285537726,2025-04-14 19:51:47.792824,2025-04-14 19:52:09.105196,0 days 00:00:21.312372,0.5682364723453244,0.04753468143760252,2,0.04977917570419256,0.006087821834683391,0.07505241493857365,0.07333139863247523,0.08625535586002926,0.09010849028710127,0.0003246012389103206,29,33,0.022746183289749915,0.20342744702456264,False,True,True,1.002852920821938e-08,COMPLETE
1564,0.5825462341308594,2025-04-14 19:52:09.610040,2025-04-14 19:52:31.380942,0 days 00:00:21.770902,0.5528461766517612,0.010131823911896955,2,0.05347403917148839,0.01223269794040907,0.07809083772011158,0.06907278235334018,0.09267113445271645,0.08533027455760639,0.00025395126784671755,30,25,0.017657894569989063,0.2045884895186735,False,True,True,1.3374110957185375e-08,COMPLETE
1565,0.31374019384384155,2025-04-14 19:52:31.911095,2025-04-14 19:52:52.990424,0 days 00:00:21.079329,0.6017637699474783,0.029159632189722343,2,0.07233252073525594,0.00024110952640413012,0.07197113883976547,0.063573922406891,0.09030763744157036,0.09054956034787894,0.00020092914353172513,29,51,0.028138977256498488,0.2136547623431215,False,True,True,4.212320910105113e-08,COMPLETE
1566,0.5977659344673156,2025-04-14 19:52:53.497014,2025-04-14 19:53:15.586909,0 days 00:00:22.089895,0.5792706768507692,0.01056619436089081,2,0.0515567565822458,0.005727776202751736,0.08051904998988536,0.06751859464610817,0.09222279424573424,0.08726231435463393,0.0004075612769593742,30,28,0.019894013273538114,0.1892968977958685,False,True,True,1.622826020164766e-08,COMPLETE
1567,0.4409657120704651,2025-04-14 19:53:16.092151,2025-04-14 19:53:37.974875,0 days 00:00:21.882724,0.5910094706001938,0.029229325389599447,2,0.05052189343394913,0.0050170557645642724,0.08293648459147976,0.07256386989782959,0.09544600803451055,0.08610460943253065,0.00033060081235549587,30,34,0.020131418001225768,0.19681455351858276,False,True,True,1.5014754745615502e-08,COMPLETE
1568,0.40190675258636477,2025-04-14 19:53:38.498646,2025-04-14 19:54:00.029915,0 days 00:00:21.531269,0.5747865764394878,0.010056225674416268,2,0.05357133408509321,0.004920724749341512,0.08025140341505671,0.06829163564894523,0.09091740358563355,0.08454219025264377,0.00043916625422595436,30,30,0.01701103464147194,0.1892821894965968,False,False,True,1.740916573485964e-08,COMPLETE
1569,0.4478310704231262,2025-04-14 19:54:00.539488,2025-04-14 19:54:22.575528,0 days 00:00:22.036040,0.575730182948585,0.03145831737947717,2,0.058997129255923424,0.005423402605829056,0.08164019855737442,0.07033247993744667,0.09221451726390636,0.0840128475215698,0.0003740896463306184,30,31,0.021049766901955008,0.1940865061081301,False,True,True,1.7450876619607872e-08,COMPLETE
1570,0.4346050739288331,2025-04-14 19:54:23.087895,2025-04-14 19:54:45.084539,0 days 00:00:21.996644,0.6195936764027546,0.011307185151484832,2,0.05236639199189515,0.006043800520698163,0.07744515963774708,0.06749886183753356,0.09358295072293088,0.08608439015756018,0.00041159840500468154,30,28,0.014591658353846376,0.19166977577496797,True,True,True,2.2128980976602435e-08,COMPLETE
1571,0.32104945182800293,2025-04-14 19:54:45.612463,2025-04-14 19:55:06.889311,0 days 00:00:21.276848,0.5541263424612717,0.01129316766640075,2,0.06191089786654782,0.0003248282542234228,0.08324376417014323,0.0668141420005088,0.09990713238495982,0.08721388727824657,0.0002914853255942843,29,112,0.01841636578391419,0.197457162061893,False,True,True,1.3129203818506866e-08,COMPLETE
1572,0.450582480430603,2025-04-14 19:55:07.397466,2025-04-14 19:55:29.346862,0 days 00:00:21.949396,0.5939462006208074,0.01088594280553036,2,0.05120775113442913,0.01320778975126433,0.08072785756969703,0.06518983868521942,0.09744527602649215,0.08803120909362917,0.00045937802911937464,30,33,0.022118954613450554,0.1874392507072601,False,True,True,1.676281133027798e-08,COMPLETE
1573,0.5921771168708801,2025-04-14 19:55:29.851586,2025-04-14 19:55:51.300398,0 days 00:00:21.448812,0.6155883798413013,0.03139947300526625,2,0.06540891391100058,0.0001687373036299136,0.07830569043552071,0.0698685411351833,0.08905398976835512,0.08404818380118514,0.00036098578126240267,29,28,0.024399569947533443,0.20788942748079456,False,True,True,2.1892755582833677e-08,COMPLETE
1574,0.4445311307907105,2025-04-14 19:55:51.827187,2025-04-14 19:56:13.406473,0 days 00:00:21.579286,0.6351902697078491,0.02965988686610139,2,0.07040407026751334,0.0008516997321304067,0.0780190605418338,0.07170405567731589,0.08832776143759326,0.08428892032586523,0.00025602254464806245,29,31,0.0232508538230797,0.2073813082486077,False,True,True,2.4817438971216832e-08,COMPLETE
1575,0.45543297529220583,2025-04-14 19:56:13.918286,2025-04-14 19:56:35.527743,0 days 00:00:21.609457,0.635479499122958,0.029686302954650738,2,0.06458825163559051,0.004884136206819682,0.07476861337685478,0.06998845613239095,0.08910312668089163,0.0841899887538089,0.0003388855688988719,29,35,0.025171272370149496,0.20681612831354118,False,True,True,2.0148428096600594e-08,COMPLETE
1576,0.573879373073578,2025-04-14 19:56:36.031140,2025-04-14 19:56:57.057815,0 days 00:00:21.026675,0.6265266183930241,0.010956671687254393,2,0.06384104432385328,0.006285323675838086,0.07600863810674097,0.0717103837513402,0.08690396297007212,0.08504732373033665,0.000393107958714823,29,32,0.026229866463728182,0.20066697406550538,False,True,False,2.8510953062433116e-08,COMPLETE
1577,0.4237702369689942,2025-04-14 19:56:57.586404,2025-04-14 19:57:19.026543,0 days 00:00:21.440139,0.6172860323026307,0.04339627357030366,2,0.07752441466500067,0.005131787887504085,0.07914507765406528,0.07351728088232344,0.09104494014008943,0.08621941718720907,0.0002940933656596471,29,28,0.023897332142876027,0.21031340849040026,False,True,True,1.596481529569101e-08,COMPLETE
1578,0.5785310983657838,2025-04-14 19:57:19.539891,2025-04-14 19:57:41.613174,0 days 00:00:22.073283,0.6129701449236196,0.02978319594245025,2,0.05753910945679712,0.0008010231142687209,0.07754719349857854,0.06929694737699935,0.08855521646223002,0.08710037718024176,0.00036290191628850433,30,29,0.020999544219223204,0.2190380100244319,False,True,True,2.4285947650349676e-08,COMPLETE
1579,0.41831371784210203,2025-04-14 19:57:42.121998,2025-04-14 19:58:03.688017,0 days 00:00:21.566019,0.6025952770108075,0.24630909678250612,2,0.06691563026259346,0.0007592059981089199,0.0818188818307438,0.07485363995244781,0.09269597257531172,0.08775263685509357,0.00024320848678909167,29,34,0.020201273987661757,0.20248424950861318,False,True,True,2.0433392933350026e-08,COMPLETE
1580,0.3018757224082947,2025-04-14 19:58:04.217676,2025-04-14 19:58:26.049716,0 days 00:00:21.832040,0.6418648503752503,0.3373915620706668,2,0.07126722877790492,0.008728165108345037,0.0794974648867025,0.06819870791279298,0.09508104541261912,0.08435897392917562,0.00018729375852866734,30,28,0.03105263773492165,0.21461743399470024,False,True,True,1.456440480356365e-08,COMPLETE
1581,0.4547425746917725,2025-04-14 19:58:26.556244,2025-04-14 19:58:48.052148,0 days 00:00:21.495904,0.6039508139932226,0.0427309321999557,2,0.05725208762924048,0.00027773424997010936,0.07660565544538127,0.0701764240414892,0.09045315682737301,0.08801157141648813,0.00034169835874683544,29,31,0.023358315807412988,0.19870339881756147,False,True,True,1.2632120663613073e-08,COMPLETE
1582,0.584101390838623,2025-04-14 19:58:48.560371,2025-04-14 19:59:10.713365,0 days 00:00:22.152994,0.5829152023381187,0.028492177810064814,2,0.049189413722490714,0.009117039017598067,0.08050270121654263,0.06673726946825681,0.08913960058584927,0.0862703482874356,0.0004648716116711061,30,27,0.027183074028925606,0.18947752629787937,False,True,True,3.033570450774234e-08,COMPLETE
1583,0.4434834837913514,2025-04-14 19:59:11.240123,2025-04-14 19:59:32.678160,0 days 00:00:21.438037,0.6177021605365257,0.04451945811452218,2,0.0783902965768523,0.012206440891238499,0.07301350808870637,0.06553634207471527,0.08679866783405873,0.08839591771606688,0.0002894117443711171,29,31,0.01577428382837344,0.20497292030647593,False,True,True,1.9025362530513076e-08,COMPLETE
1584,0.5845043897628784,2025-04-14 19:59:33.192321,2025-04-14 19:59:55.288420,0 days 00:00:22.096099,0.5853345134391953,0.027757596623406003,2,0.06270609466436801,0.00724246113763808,0.0833936627265843,0.06835063001482393,0.09262099750165592,0.08584987287601811,0.00039031703619876474,30,27,0.01784786065046108,0.21889951556812634,False,True,True,2.8804573203980133e-08,COMPLETE
1585,0.23924095630645753,2025-04-14 19:59:55.796210,2025-04-14 20:00:17.179656,0 days 00:00:21.383446,0.6488388319497436,0.010796267294054418,2,0.07264451699812766,0.005655025892217412,0.07454943761435075,0.07158865032609506,0.09145868692564911,0.08390270455366106,0.00047636405209279797,29,129,0.025100480675993023,0.2125751265847424,False,True,True,2.1379901668111622e-08,COMPLETE
