number,value,datetime_start,datetime_complete,duration,params_alpha-eval,params_alpha-train,params_batch-size,params_eps-eval,params_eps-train,params_lambda-actions-eval,params_lambda-actions-train,params_lambda-frames-eval,params_lambda-frames-train,params_learning-rate,params_n-epochs,params_n-frames,params_radius-gw,params_rho,params_std-feats,params_ub-actions,params_ub-frames,params_weight-decay,state
1698,0.3017233610153198,2025-04-14 20:41:12.515598,2025-04-14 20:41:33.157287,0 days 00:00:20.641689,0.6341160065816887,0.010244202204396428,2,0.03968397587717772,0.015520068061576202,0.07600872693307131,0.061528492498682856,0.09785209354605415,0.005540818785268728,0.00020568979391178828,28,24,0.026618843208776177,0.18393618631592434,False,True,True,3.3305391066449584e-08,COMPLETE
1699,0.5467858910560608,2025-04-14 20:41:33.703075,2025-04-14 20:41:55.395561,0 days 00:00:21.692486,0.6105894285950528,0.027963628837645763,2,0.03981547751344707,0.006030954761936155,0.07098836893304324,0.06307693987392696,0.0956610309129849,0.09390436255829797,0.00024308325029678653,30,23,0.047034707284388584,0.18922438714557518,False,True,True,4.043899401869549e-08,COMPLETE
1700,0.5749755382537842,2025-04-14 20:41:55.937867,2025-04-14 20:42:17.381536,0 days 00:00:21.443669,0.653784993097052,0.027825363000769664,2,0.037376028080066674,0.01479992851967619,0.07433625122093793,0.06573683187391853,0.09542170614467735,0.0935587531296844,0.0002983559298010896,29,23,0.030643460696764345,0.19089059463574265,False,True,True,3.28631227916935e-08,COMPLETE
1701,0.19931281208992005,2025-04-14 20:42:17.950080,2025-04-14 20:42:39.816790,0 days 00:00:21.866710,0.6311722129992227,0.02998025641301417,2,0.03876573263712514,0.1585188918833269,0.0759147432034577,0.06434431859059224,0.09885167755299305,0.03463818770509105,0.00025427201047815593,30,26,0.02808771773141944,0.18358920892325337,False,True,True,5.863475008899158e-08,COMPLETE
1702,0.2533183336257935,2025-04-14 20:42:40.369201,2025-04-14 20:43:01.158723,0 days 00:00:20.789522,0.6852877511449172,0.587154112602912,2,0.04607761326325842,0.009587986349022701,0.07295669871559403,0.06085711182552819,0.09630984042364446,0.0905726207036029,0.00013846026274214998,28,118,0.02562187838037104,0.19532725839909043,True,False,True,3.352490659447932e-08,COMPLETE
1703,0.6034510016441346,2025-04-14 20:43:01.732863,2025-04-14 20:43:23.152426,0 days 00:00:21.419563,0.6135184910421441,0.011402115095161793,2,0.03699627925036829,0.005410657098571263,0.0769793549404557,0.06596402590776311,0.09506798892769308,0.09366870556495209,0.00029443173847345166,29,26,0.02442278973343495,0.19646691462915766,False,True,True,4.2112828935194174e-08,COMPLETE
1704,0.30361973047256474,2025-04-14 20:43:23.703980,2025-04-14 20:43:44.451229,0 days 00:00:20.747249,0.6501587186445551,0.01261452857849947,2,0.03710564740660968,0.004861864499643228,0.07672965925501418,0.06723226407023979,0.0981789452075892,0.09318598466418385,0.0002323145859739794,28,88,0.027771095039281584,0.18959401800994713,False,True,True,5.595546971827528e-08,COMPLETE
1705,0.5765798807144166,2025-04-14 20:43:45.026324,2025-04-14 20:44:05.789666,0 days 00:00:20.763342,0.6266352280364459,0.010860544541269404,2,0.04018393819164077,0.0004210795354932517,0.07809391075786257,0.06615985887321113,0.09510341959474351,0.09384978931891706,0.0001904178770601601,28,26,0.0241527760753636,0.18355857439692277,False,True,True,4.349142055172234e-08,COMPLETE
1706,0.5637581586837769,2025-04-14 20:44:06.344889,2025-04-14 20:44:27.484823,0 days 00:00:21.139934,0.6197054960216972,0.011973734707879428,2,0.04344084452513032,0.00471676557025937,0.07729638497683487,0.06870578801944525,0.09608894523841922,0.0938503972492842,0.00020948428963404728,28,23,0.025435877246232967,0.19821072989919272,False,True,True,5.855881225405171e-08,COMPLETE
1707,0.5092957735061646,2025-04-14 20:44:28.029671,2025-04-14 20:44:49.460869,0 days 00:00:21.431198,0.6689382051476053,0.027176831764331784,2,0.037195110900119045,0.0005370239540427538,0.07670910402864604,0.06595483522412689,0.09356718921715892,0.09360375550890726,0.00029652194642596126,29,29,0.014180075554803837,0.18886440832287466,False,True,True,4.691379616031055e-08,COMPLETE
1708,0.28291810750961305,2025-04-14 20:44:50.033866,2025-04-14 20:45:11.420738,0 days 00:00:21.386872,0.6351408358840777,0.01057766987536322,2,0.04531237714085204,0.0060116470058039,0.07378770756677251,0.06776267247728583,0.0944085166568303,0.09348098346156186,0.0002880912514865467,29,62,0.029406201483715658,0.1930430865565304,False,True,True,4.122404157803935e-08,COMPLETE
1709,0.3289652228355408,2025-04-14 20:45:11.968743,2025-04-14 20:45:33.224405,0 days 00:00:21.255662,0.6142378268897998,0.29104814390152384,2,0.03765675020080968,0.015415173319389136,0.07699281213147206,0.06508560846877469,0.0956030443768473,0.09137768792452639,0.00022319867803500474,29,23,0.03158739538032598,0.19810186390293175,False,True,True,2.907565203154553e-08,COMPLETE
1710,0.53648601770401,2025-04-14 20:45:33.803828,2025-04-14 20:45:47.387156,0 days 00:00:13.583328,0.6108172539251032,0.011113332179255397,2,0.04365797921233752,0.009804125376063367,0.07029854164336755,0.06661561181046083,0.09921281425015366,0.09405273008909791,0.0002664174943550057,15,26,0.05261566885847464,0.18930096418572065,False,True,False,6.181086613501832e-08,COMPLETE
1711,0.45740233659744267,2025-04-14 20:45:47.941062,2025-04-14 20:46:09.084497,0 days 00:00:21.143435,0.6496701157032834,0.010374658349197204,2,0.03705473895693081,0.004905394561695619,0.0739730923888577,0.0641876781157439,0.09346712010535098,0.09204168318140823,0.0002996981830463244,28,31,0.026473540778509996,0.19711744616436472,False,True,True,2.7237354625959738e-08,COMPLETE
1712,0.5770187258720398,2025-04-14 20:46:09.657521,2025-04-14 20:46:30.637867,0 days 00:00:20.980346,0.603835659992473,0.04602254488049852,2,0.04782279350303889,0.009871413648748077,0.07726608528877603,0.06824824369222293,0.0975144050451687,0.09166087875482967,0.00016429583261663,28,28,0.022996837035970618,0.1829198208666443,False,True,True,4.029769429905299e-08,COMPLETE
1713,0.4730638265609741,2025-04-14 20:46:31.189797,2025-04-14 20:46:52.786628,0 days 00:00:21.596831,0.6412628379201976,0.039126918562156984,2,0.051191168832573894,0.014658715687298861,0.07754094073900569,0.06535980079853894,0.09689586758355813,0.09418177387738298,0.00022400863309738627,29,35,0.011904946961117525,0.18292086979271635,False,True,True,5.417980633368656e-08,COMPLETE
1714,0.5704626917839051,2025-04-14 20:46:53.364237,2025-04-14 20:47:14.668177,0 days 00:00:21.303940,0.622076001391254,0.0278596564911563,2,0.04229967429700716,0.0005926574087343562,0.07477052809649323,0.0690175965266246,0.0933526941995663,0.09226511117975068,0.0003195466295519939,29,23,0.02399533828826187,0.2006078121875418,False,True,True,2.4435353061160553e-08,COMPLETE
1715,0.5774384498596192,2025-04-14 20:47:15.218600,2025-04-14 20:47:36.515815,0 days 00:00:21.297215,0.6679994937266559,0.010536842003727651,2,0.035549139461481014,0.0003922210857863116,0.07206129380307305,0.06376303772868454,0.09322584948764913,0.09059373170502905,0.0001966846773200208,29,26,0.021059067765779545,0.19106107051515037,False,True,True,3.039071423777657e-08,COMPLETE
1716,0.45283355712890627,2025-04-14 20:47:37.096150,2025-04-14 20:47:57.998877,0 days 00:00:20.902727,0.6025074705374125,0.010304881523410605,2,0.03712944185517696,0.00017817301501047225,0.07524255913879598,0.06571543968943455,0.0999855193359242,0.09230876125372577,0.0002650173440522951,28,31,0.018610762318568903,0.1955809377478809,False,True,True,3.848047134520918e-08,COMPLETE
1717,0.19931281208992005,2025-04-14 20:47:58.555775,2025-04-14 20:48:19.699217,0 days 00:00:21.143442,0.6343886077204862,0.010775612364482904,2,0.04568433567925387,0.13292884039442893,0.07570952805738673,0.063441432822578,0.09491702438787995,0.09388430377882814,0.0003246463328703787,28,23,0.02791028160501781,0.20007103898429357,False,True,True,2.42752431668823e-08,COMPLETE
1718,0.5748973608016967,2025-04-14 20:48:20.248876,2025-04-14 20:48:41.804763,0 days 00:00:21.555887,0.601273514306891,0.010401068075958754,2,0.05283261992692178,0.010496803494609994,0.07860675785493815,0.06657643650016332,0.09718515339431422,0.09399456519718773,0.00035658987433252385,29,29,0.02469318302255684,0.18606808694516494,False,True,True,4.780289502776165e-08,COMPLETE
1719,0.42621090412139895,2025-04-14 20:48:42.382149,2025-04-14 20:49:03.083525,0 days 00:00:20.701376,0.6519775615204504,0.04693819089473901,2,0.11112539358911722,0.0062872607160334,0.06922630291597387,0.06794346249611312,0.09210605482627475,0.09028569047277694,0.00024386349010024127,28,26,0.0432400318439376,0.19273665172142712,False,True,True,2.8904361612365303e-08,COMPLETE
1720,0.3580712378025055,2025-04-14 20:49:03.640853,2025-04-14 20:49:24.740696,0 days 00:00:21.099843,0.6257974827671293,0.043343351571624604,2,0.037095727755357716,0.016178267405062924,0.08589876151065694,0.06294026157673555,0.0943242681101546,0.09051013065229377,0.00028848094499990507,29,23,0.02290993507632932,0.20098963032660172,False,False,True,3.4695476951984836e-08,COMPLETE
1721,0.45704336166381837,2025-04-14 20:49:25.316519,2025-04-14 20:49:46.945705,0 days 00:00:21.629186,0.6014360567489883,0.034364216091531376,2,0.05027531218280667,0.005994945130570185,0.07296844628276389,0.06123256541514673,0.09254692840861707,0.09427655421636771,0.00034156561769658496,29,33,0.029751327149278528,0.18795862599783783,False,True,True,5.9582092081750485e-08,COMPLETE
1722,0.43225307464599616,2025-04-14 20:49:47.499723,2025-04-14 20:50:08.416519,0 days 00:00:20.916796,0.6114522515222351,0.4212969485235961,2,0.04469014793094825,0.009646052893756064,0.0778116229001037,0.06511087771293658,0.09541219264529253,0.09238706216155051,0.00018924979938779942,28,29,0.015001618361540018,0.19800978167637678,True,True,True,2.28156376876731e-08,COMPLETE
1723,0.5870646953582763,2025-04-14 20:50:08.994073,2025-04-14 20:50:30.382907,0 days 00:00:21.388834,0.6457940110704777,0.030219369276838954,2,0.05541976478517038,0.0152195397734345,0.07115955688912601,0.06713292933871146,0.09639983444622371,0.09111282663716336,0.0002498991065619455,29,26,0.026041776791439163,0.1915241944200929,False,True,True,4.873613623602736e-08,COMPLETE
1724,0.5882685780525208,2025-04-14 20:50:30.938443,2025-04-14 20:50:52.531349,0 days 00:00:21.592906,0.6768139207386232,0.06022797489384667,2,0.04242112443409909,0.005748578818695076,0.07574364126155617,0.06428904468078096,0.09254927749883311,0.0943043580519283,0.00028780689905549345,29,23,0.01757603352384268,0.1827453446417487,False,True,True,2.8209569315427473e-08,COMPLETE
1725,0.44732652902603154,2025-04-14 20:50:53.113953,2025-04-14 20:51:06.663793,0 days 00:00:13.549840,0.5945688692352471,0.046604814405161364,2,0.03672813526753374,0.015903819094612467,0.07375576446776255,0.06933124445393818,0.09362157287939529,0.09014253797502036,0.0003640190285879961,14,32,0.02145586277353542,0.2005183566044127,False,True,True,2.0313427139601186e-08,COMPLETE
1726,0.5593077659606933,2025-04-14 20:51:07.223099,2025-04-14 20:51:29.078620,0 days 00:00:21.855521,0.6123692512387388,0.02882770171856028,2,0.04742819524365919,0.009169772988850666,0.07773818322739516,0.06275991876001692,0.09748862786033524,0.09228309728563511,0.0002278453816714582,30,28,0.018670511834559336,0.19366949906755113,False,True,True,3.557075471294065e-08,COMPLETE
1727,0.5796643853187562,2025-04-14 20:51:29.665766,2025-04-14 20:51:51.516970,0 days 00:00:21.851204,0.6310632815787676,0.05208539772180901,2,0.057450960773101384,0.005309659758427624,0.06485208591559127,0.06664169716826289,0.09295273210507174,0.08957284542323876,0.00030325802972140534,30,23,0.037815881180774766,0.18375317408982075,False,True,True,2.040946931271559e-08,COMPLETE
1728,0.4918855547904969,2025-04-14 20:51:52.081201,2025-04-14 20:52:00.716845,0 days 00:00:08.635644,0.5903430986317207,0.010727862239939736,2,0.037345186600126284,0.01547014093799753,0.0780168407536266,0.06106289470885917,0.09193748256659501,0.09255589349729937,0.00036300668758924804,5,26,0.025973382380159494,0.1956201242697663,False,True,False,4.494573259517976e-08,COMPLETE
1729,0.4464026212692261,2025-04-14 20:52:01.268894,2025-04-14 20:52:22.210639,0 days 00:00:20.941745,0.6603086886345932,0.028973830634533293,2,0.05107189340997204,0.010770074543568302,0.07475522817975555,0.06516520992051658,0.09502605631245399,0.08971170857924751,0.00013505964784145906,28,30,0.02020239803871518,0.20162803725276732,False,True,True,3.16101561376822e-08,COMPLETE
1730,0.6025018095970154,2025-04-14 20:52:22.789740,2025-04-14 20:52:44.192472,0 days 00:00:21.402732,0.6228009565320931,0.010555243523958473,2,0.03680020483931339,0.00010469864906166408,0.08629159933417985,0.0689673491429079,0.09158429637516256,0.09401701109238278,0.00029560101575125077,29,25,0.015624906949278036,0.1870459370464363,False,True,True,2.4678808104874773e-08,COMPLETE
1731,0.5801551580429077,2025-04-14 20:52:44.746013,2025-04-14 20:53:06.605722,0 days 00:00:21.859709,0.5960849647555642,0.061275508101051535,2,0.03741780518880846,0.0005124299450772667,0.08483116189170319,0.07258815985311888,0.09600925214404785,0.09472543728218757,0.00019180226588779898,30,23,0.012749540061624825,0.18159086366790594,False,True,True,3.963993438608815e-08,COMPLETE
1732,0.579683804512024,2025-04-14 20:53:07.180831,2025-04-14 20:53:28.482331,0 days 00:00:21.301500,0.6156430121216578,0.029935723979765405,2,0.03622655185583346,0.003877409940768458,0.08547243510137635,0.07116636296415088,0.09410501470065509,0.09435867245750541,0.0002329710188340672,29,23,0.015109587030745657,0.18609798412828765,False,True,True,2.556689676979896e-08,COMPLETE
1733,0.5943884253501892,2025-04-14 20:53:29.039915,2025-04-14 20:53:50.258869,0 days 00:00:21.218954,0.5847885968364104,0.06333829445160814,2,0.04196084893246063,0.00525144050567297,0.08607593924588182,0.06950002012921128,0.09188168986841476,0.0941229233253965,0.0003872940580936341,29,25,0.012040346745127035,0.19015148302853563,False,True,True,3.300774902477557e-08,COMPLETE
1734,0.5857450246810914,2025-04-14 20:53:50.835066,2025-04-14 20:54:12.160767,0 days 00:00:21.325701,0.6022092437869516,0.057710172758967046,2,0.042273336864438675,0.005401639805105418,0.08438181440820897,0.07225270768088246,0.09245557058912582,0.09450424568722908,0.0004157144131768411,29,25,0.011345092462815521,0.1886836539444265,False,True,True,3.368614930840585e-08,COMPLETE
1735,0.5716226100921631,2025-04-14 20:54:12.713887,2025-04-14 20:54:34.025997,0 days 00:00:21.312110,0.6180277406716344,0.06696719673298379,2,0.04215671775803415,0.004598033301694475,0.0862110267569826,0.07575266015674012,0.09139802384905533,0.09439593415993817,0.0003615054698563955,29,26,0.013151868050832575,0.19307892873023938,False,True,True,3.8873933973079705e-08,COMPLETE
1736,0.5161553502082825,2025-04-14 20:54:34.611678,2025-04-14 20:54:56.666319,0 days 00:00:22.054641,0.5852468689306897,0.06782737908475231,2,0.04188092285255165,0.00014545871485334774,0.08542279138193265,0.07377345294930013,0.09439135351969731,0.09407414525192721,0.0003873856493893905,30,22,0.01233817726807891,0.1916401409054166,False,True,True,4.759009153912752e-08,COMPLETE
1737,0.30098230838775636,2025-04-14 20:54:57.221354,2025-04-14 20:55:18.651846,0 days 00:00:21.430492,0.6298093412183647,0.029117911921007246,2,0.03632632213137829,0.0003074426821950641,0.0833334710947725,0.07097635670004618,0.09747636363582485,0.09274131527394883,0.0002887324147079433,29,92,0.011423934282415404,0.18301377705508035,False,True,True,2.5036521426521923e-08,COMPLETE
1738,0.5873124599456787,2025-04-14 20:55:19.233402,2025-04-14 20:55:41.090694,0 days 00:00:21.857292,0.5982296438023464,0.010029492512459284,2,0.04204062013764604,0.005944551310983337,0.08593397891904007,0.06963189844757782,0.09179660872771356,0.0946336973998441,0.000337138301698672,30,26,0.01448022625174874,0.19698247183556133,False,True,True,2.873575050613649e-08,COMPLETE
1739,0.5854271411895752,2025-04-14 20:55:41.648380,2025-04-14 20:56:02.897478,0 days 00:00:21.249098,0.650741607852362,0.041803765078684205,2,0.047560606768039915,0.00030000916454534995,0.08625544719472616,0.07153544324965855,0.09438202769524628,0.09268455934236601,0.00026252411051129124,29,23,0.010833674802017933,0.1884655867690159,False,True,True,3.2766692482670885e-08,COMPLETE
1740,0.19931281208992005,2025-04-14 20:56:03.488370,2025-04-14 20:56:25.518356,0 days 00:00:22.029986,0.615878800489674,0.06667417925951319,2,0.035276607318440095,0.1232423556858964,0.08373473144010615,0.0711748497591395,0.09164097961702311,0.09467102774506722,0.00040654975990306444,30,59,0.015362982296357632,0.20059512994905832,True,False,True,5.8947402466477794e-08,COMPLETE
1741,0.5819203019142152,2025-04-14 20:56:26.077728,2025-04-14 20:56:47.477549,0 days 00:00:21.399821,0.5926738136894317,0.02883487431272637,2,0.03476231908901619,0.005445359962052976,0.08293065021248361,0.07016196207082434,0.0958313536135001,0.09246481677806266,0.00032062338523428975,29,29,0.012761532167514562,0.1897178688825356,False,True,True,4.3023020239670766e-08,COMPLETE
1742,0.5977893471717834,2025-04-14 20:56:48.057727,2025-04-14 20:57:09.938230,0 days 00:00:21.880503,0.6330150353360254,0.04419096336807435,2,0.042979601060453315,0.0002797001779446858,0.08633829889773856,0.06831174426833973,0.09347721503165501,0.09191026645478483,0.00025976590606663726,30,26,0.0142796252284531,0.1814598507658934,False,True,True,3.392253457178189e-08,COMPLETE
1743,0.4129964351654053,2025-04-14 20:57:10.503807,2025-04-14 20:57:32.059223,0 days 00:00:21.555416,0.6765063370670843,0.048259943234331686,2,0.04180698125484146,0.00014720460737129015,0.08571923917490065,0.07308360645757256,0.0994390258234408,0.09459134537948331,0.0001923083349522795,29,48,0.01384435861007399,0.18178102862988485,False,True,True,3.8270353360670396e-08,COMPLETE
1744,0.2882382273674011,2025-04-14 20:57:32.642310,2025-04-14 20:57:53.761925,0 days 00:00:21.119615,0.6589913058931147,0.06004559489743044,2,0.043026397518694776,0.00010936672310270156,0.08606238890263736,0.06934128942103004,0.096942513344452,0.09228352205068935,0.0002557633364900344,29,83,0.014791330816961504,0.18516856353566913,False,True,True,3.4422867873367775e-08,COMPLETE
1745,0.5798829793930054,2025-04-14 20:57:54.325513,2025-04-14 20:58:16.443519,0 days 00:00:22.118006,0.6397232328606325,0.0687663417693159,2,0.03665186805892901,0.005637514348705443,0.08629419969566343,0.06990576522570523,0.09350757061142652,0.09410055260518949,0.00016892087239593916,30,23,0.011640120866582709,0.17961990201289124,False,True,True,4.9356274296887275e-08,COMPLETE
1746,0.427468729019165,2025-04-14 20:58:17.025892,2025-04-14 20:58:38.304106,0 days 00:00:21.278214,0.6820282730095857,0.029304853204756197,2,0.035810486043127095,0.0005809295731485498,0.08659512382192681,0.06822160034285184,0.09992129588822696,0.0947282143491357,0.0002204167122076398,29,29,0.01624792276853613,0.19104676943086607,False,True,True,3.932896104863881e-08,COMPLETE
1747,0.2756804823875427,2025-04-14 20:58:38.865739,2025-04-14 20:58:50.326006,0 days 00:00:11.460267,0.6350807560644534,0.010098392858773203,2,0.04637358562865649,0.005253919643331852,0.08638102356590852,0.07273879165484831,0.0948638831299299,0.09206072093403495,0.00020936601145386357,10,66,0.00971176713775192,0.1818242894338872,False,True,True,2.8463359462064315e-08,COMPLETE
1748,0.592286217212677,2025-04-14 20:58:50.915711,2025-04-14 20:59:12.650445,0 days 00:00:21.734734,0.6518491787979266,0.04524558706997278,2,0.049083250398652974,0.005034643813160021,0.08371705271639486,0.06927853902983275,0.09744924787405741,0.09508006848712633,0.0002814778009784131,30,26,0.0150190505414282,0.18965998295166409,False,True,False,5.2947290076516024e-08,COMPLETE
1749,0.19931281208992005,2025-04-14 20:59:13.219388,2025-04-14 20:59:23.418712,0 days 00:00:10.199324,0.6283296293598367,0.06883358217815078,2,0.15656130399189308,0.00025249095036997387,0.08478099159243196,0.06912467223343352,0.09344550017436964,0.0924466027113162,0.00015713137397466075,8,33,0.013316231258689892,0.19449487998919524,False,True,True,3.284239167864147e-08,COMPLETE
1750,0.5763109087944032,2025-04-14 20:59:24.002350,2025-04-14 20:59:45.404378,0 days 00:00:21.402028,0.6434392965444,0.010080318317126975,2,0.04037851296798625,0.0006074197334034509,0.0843146044447203,0.06802175235888808,0.09639332043010057,0.09474214913532678,0.00023929861991737385,29,23,0.011825454947690118,0.18673524314258985,False,True,True,4.378600721864532e-08,COMPLETE
1751,0.5753324866294861,2025-04-14 20:59:45.971335,2025-04-14 21:00:07.301101,0 days 00:00:21.329766,0.6699994205893816,0.03145139717133379,2,0.0348724236546025,0.00957546480385618,0.08278228879264982,0.07120155118317542,0.09285521620925846,0.09203431695855689,0.00024856460325622124,29,29,0.016593633035011993,0.19609155004140708,False,True,True,5.963607005677905e-08,COMPLETE
1752,0.6012278079986573,2025-04-14 21:00:07.861557,2025-04-14 21:00:29.784363,0 days 00:00:21.922806,0.6216912020378792,0.048251433799017196,2,0.04336539374684353,0.00039273181363690227,0.08646284694436444,0.06837093772121126,0.09479378177289008,0.09153896594673419,0.00018298414887728747,30,26,0.00838375210610535,0.1804530970494529,False,True,True,3.163686025098412e-08,COMPLETE
1753,0.5562509775161744,2025-04-14 21:00:30.369428,2025-04-14 21:00:52.175839,0 days 00:00:21.806411,0.6113617691747573,0.06786798745933599,2,0.04977949507176576,0.0002982109253483921,0.08679174412275907,0.07193083993892309,0.09821216570014449,0.09391369809024777,0.00012733593329112674,30,23,0.009625289500310712,0.17995842587943203,False,True,True,3.6255826089342965e-08,COMPLETE
