number,value,datetime_start,datetime_complete,duration,params_alpha-eval,params_alpha-train,params_batch-size,params_eps-eval,params_eps-train,params_lambda-actions-eval,params_lambda-actions-train,params_lambda-frames-eval,params_lambda-frames-train,params_learning-rate,params_n-epochs,params_n-frames,params_radius-gw,params_rho,params_std-feats,params_ub-actions,params_ub-frames,params_weight-decay,state
1027,0.380147123336792,2025-04-12 20:40:19.036822,2025-04-12 20:40:27.899651,0 days 00:00:08.862829,0.40799441076204107,0.3388038588667089,8,0.06249812950733483,0.1900756965410599,0.08509250890587261,0.0582021853011844,0.04742052253545746,0.09410553717692365,0.06150679492983339,24,31,0.04474389719037936,0.18990940536673157,True,True,False,3.9608614418119706e-07,COMPLETE
1028,0.2624492049217224,2025-04-12 20:40:28.234529,2025-04-12 20:40:37.247907,0 days 00:00:09.013378,0.3872323311220795,0.46808225304861906,8,0.16430695439195683,0.18231983569091081,0.07930717828457372,0.04596810662635967,0.03447645093888493,0.08909661147631337,0.08502798839089488,25,22,0.05086843132098121,0.19542982289288377,True,True,True,6.344482021288079e-08,COMPLETE
1029,0.27792201042175296,2025-04-12 20:40:37.585850,2025-04-12 20:40:46.848856,0 days 00:00:09.263006,0.4510945507231791,0.4156897853508951,8,0.03905853356823526,0.17039082234706412,0.08271464217209581,0.056065852746114565,0.04373843938344753,0.09432280945037218,0.05255223969544886,27,29,0.04672228787731377,0.17927485831495246,True,True,True,9.808762427555486e-08,COMPLETE
1030,0.4229811549186706,2025-04-12 20:40:47.185340,2025-04-12 20:40:55.971076,0 days 00:00:08.785736,0.5243425799220793,0.5300700685458186,8,0.048254726909049715,0.1635448007039199,0.07700260405341863,0.04893730183318584,0.009651304579918326,0.09201314636116521,0.06356533382984977,23,25,0.043959369811528544,0.17354557815638094,True,True,True,2.6499117733485513e-07,COMPLETE
1031,0.19931281208992005,2025-04-12 20:40:56.312178,2025-04-12 20:41:05.393662,0 days 00:00:09.081484,0.4327302872795202,0.442794216587598,8,0.031420451365886115,0.19682182693612776,0.08808494778076582,0.05298429620412704,0.031972028079825174,0.08685351439167044,0.07411208594136635,25,14,0.049028691108914564,0.1562562504100608,True,True,True,7.971188154720288e-07,COMPLETE
1032,0.3831188440322876,2025-04-12 20:41:05.731912,2025-04-12 20:41:15.210138,0 days 00:00:09.478226,0.4965431187806396,0.5096629693049495,8,0.07453072430637964,0.05731859595101322,0.0802689152623143,0.06427721725443275,0.006271440505668214,0.08991150746374507,0.0005956678243588868,28,36,0.04030825940522167,0.1844899092686114,True,True,True,5.219033640985989e-07,COMPLETE
1033,0.19931281208992005,2025-04-12 20:41:15.552644,2025-04-12 20:41:21.809383,0 days 00:00:06.256739,0.4659771528445891,0.3837224831486422,8,0.057080827334528815,0.07185001421576889,0.0835498847031692,0.06060381140845825,0.04096617747651466,0.09427840573579341,0.0873776386838536,6,18,0.0458419356419836,0.16618498626741687,True,True,True,6.984264807056402e-07,COMPLETE
1034,0.41716179847717283,2025-04-12 20:41:22.133289,2025-04-12 20:41:31.307941,0 days 00:00:09.174652,0.4835576792042621,0.5335666787820467,8,0.06737835809097656,0.18507384650203187,0.08482473405686863,0.05087934976663408,0.01678296859358092,0.0926291897270391,0.04849337496969352,26,32,0.04241989532828275,0.1749814318995166,True,True,True,8.993675189645262e-07,COMPLETE
1035,0.43838115930557253,2025-04-12 20:41:31.645792,2025-04-12 20:41:40.495007,0 days 00:00:08.849215,0.518025150319371,0.4814116850428758,8,0.041930260693064124,0.19147756861019183,0.07504763635156589,0.04119886501073898,0.011937029107991768,0.08427876333108793,0.06977101537402165,24,23,0.04763871010141942,0.1817453931839658,True,True,True,4.1914345971185346e-07,COMPLETE
1036,0.25688801407814027,2025-04-12 20:41:40.832931,2025-04-12 20:41:49.642900,0 days 00:00:08.809969,0.5373184935995051,0.4664648361679904,8,0.03407935172486546,0.19813528021896115,0.07416698601302378,0.05529256090128362,0.014595281160666005,0.07946959927005842,0.08621796584735794,23,27,0.05467798142419431,0.2010835030012766,True,True,True,4.932876515039831e-05,COMPLETE
1037,0.39579057693481445,2025-04-12 20:41:49.983171,2025-04-12 20:41:58.745539,0 days 00:00:08.762368,0.5295214786111874,0.45359042956112094,8,0.0351111985147614,0.19235946536326576,0.07401083321448676,0.05759901484683095,0.04563174215161699,0.09537473674465835,0.07477838313265822,23,29,0.050755121101351455,0.19448940535331322,True,True,True,4.14686284656822e-07,COMPLETE
1038,0.2943183064460755,2025-04-12 20:41:59.085637,2025-04-12 20:42:07.204604,0 days 00:00:08.118967,0.5201566735820087,0.4772779608057031,8,0.041946060972899754,0.20192331024293894,0.07297730557225501,0.05415396940055979,0.03825631900623013,0.09513615004922057,0.09970689763322574,19,34,0.04462636641720072,0.1881323150132769,True,False,True,3.3927865398455085e-07,COMPLETE
1039,0.19931281208992005,2025-04-12 20:42:07.550794,2025-04-12 20:42:15.027631,0 days 00:00:07.476837,0.5128340285583093,0.4265750599985746,16,0.03911362731880309,0.19102332730463226,0.07537347139477035,0.04040002672102735,0.012915323650505389,0.08152545977204226,0.07130009878641669,24,20,0.04694449757050308,0.18514102434458773,True,True,True,3.235253519428207e-07,COMPLETE
1040,0.41505614519119266,2025-04-12 20:42:15.371679,2025-04-12 20:42:24.179809,0 days 00:00:08.808130,0.5334777081059932,0.4846821043179046,8,0.04319787355705,0.19948756147569408,0.07596387083625593,0.03904772117277692,0.03504656328229016,0.08454952152673856,0.001041812287715637,24,25,0.04938235660128252,0.19018645726086977,False,True,True,2.6129976485067406e-07,COMPLETE
1041,0.3677465558052063,2025-04-12 20:42:24.506196,2025-04-12 20:42:33.220412,0 days 00:00:08.714216,0.5089652048390683,0.4557809187242508,8,0.033300073280267364,0.19542226274520397,0.0768489090435982,0.03597514199594474,0.015871478890784604,0.09329055029720001,0.08626158249145685,23,31,0.04305177106552364,0.14986224766859524,True,True,True,2.1112929478289709e-07,COMPLETE
1042,0.39622877836227416,2025-04-12 20:42:33.560507,2025-04-12 20:42:42.426945,0 days 00:00:08.866438,0.5103797019137716,0.436864974979401,8,0.0296996889195114,0.190038321272322,0.08597288923769643,0.06242673220828094,0.04935366865042217,0.08264464397631952,0.06472737792575987,24,27,0.05231894166333669,0.18055450222021105,True,True,True,4.082462653778368e-07,COMPLETE
1043,0.32839603424072267,2025-04-12 20:42:42.768144,2025-04-12 20:42:51.733593,0 days 00:00:08.965449,0.5361373437850753,0.39843111974573836,8,0.04341590073552229,0.17667371517546102,0.0781089943392469,0.037584401309422553,0.011629934281866294,0.08382678602261094,0.05510877944601774,24,22,0.045787630259455155,0.196447485536516,True,True,True,2.998482711040003e-07,COMPLETE
1044,0.19931281208992005,2025-04-12 20:42:52.076013,2025-04-12 20:43:01.016584,0 days 00:00:08.940571,0.4962832264978623,0.19535894967015915,8,0.035836565818462666,0.20298585433257046,0.07263675029698324,0.056893981052810016,0.05209299236399312,0.09118145850923393,0.07410527493052037,24,32,0.0036697843798791582,0.1622813149279409,True,True,True,4.4389213409439954e-07,COMPLETE
1045,0.4318089604377746,2025-04-12 20:43:01.359989,2025-04-12 20:43:10.183965,0 days 00:00:08.823976,0.5476345272166465,0.4833165074819209,8,0.04657502626144553,0.19086942108902274,0.0694454992596017,0.04233118755591172,0.028089562207072837,0.09632946222111871,0.044919795236127595,23,38,0.047786576415276366,0.18154813791191798,True,True,True,3.438422757188159e-07,COMPLETE
1046,0.33100633621215825,2025-04-12 20:43:10.524818,2025-04-12 20:43:29.116605,0 days 00:00:18.591787,0.5232992963706878,0.4645145956536472,2,0.04034667687529053,0.09752288933219178,0.07228681682036919,0.05960951077992438,0.04334126821338786,0.08871244446088997,0.08108783035203895,24,29,0.04414336687150421,0.16877343722245616,True,True,True,5.019212955360235e-07,COMPLETE
1047,0.3743948101997375,2025-04-12 20:43:29.461431,2025-04-12 20:43:38.263827,0 days 00:00:08.802396,0.4945821580697217,0.4171540433772308,8,0.04912375657548255,0.18063278888865306,0.0608808407350218,0.05325423887547129,0.013459803847108726,0.08594121605181168,0.05764151418500258,24,24,0.05049506194480223,0.14398582118516157,True,True,False,1.844772585956016e-07,COMPLETE
1048,0.360282301902771,2025-04-12 20:43:38.609223,2025-04-12 20:43:47.290916,0 days 00:00:08.681693,0.5138565024691174,0.49958460993001697,8,0.04583782654599173,0.1969831572090689,0.0652122365247275,0.03890741172636864,0.031115612385441707,0.09390691357198683,0.09974986108607836,22,35,0.03646737049124899,0.18648181653975723,True,True,True,2.4463621933927343e-07,COMPLETE
1049,0.28527263402938846,2025-04-12 20:43:47.621765,2025-04-12 20:43:56.932845,0 days 00:00:09.311080,0.5430161635798942,0.36373534640047545,8,0.03794787437294059,0.18589003787927497,0.07511425183394728,0.04119437937879741,0.04690482092115558,0.095858596953766,0.06785654476728806,27,27,0.04094939688499101,0.19076482166735143,True,True,True,4.0417135744684773e-07,COMPLETE
1050,0.2326218903064728,2025-04-12 20:43:57.274859,2025-04-12 20:44:05.364075,0 days 00:00:08.089216,0.4861625443452216,0.4343809145204116,8,0.05145184755920592,0.17222765390870146,0.07037297175165569,0.05588488061707163,0.015518748519311187,0.09058652333284249,0.09980609374742602,18,30,0.04668270496178141,0.17274959575001594,True,True,True,5.412534824015322e-07,COMPLETE
1051,0.272834312915802,2025-04-12 20:44:05.706459,2025-04-12 20:44:14.588202,0 days 00:00:08.881743,0.5016077985574406,0.45309321749145803,8,0.029533356489503927,0.19329948923369927,0.08210395679720969,0.059141810065123264,0.011429417305583158,0.09236645727560952,0.03873350865370687,24,25,0.04889068011862421,0.15728359841057754,True,True,True,5.547350477453141e-07,COMPLETE
1052,0.19931281208992005,2025-04-12 20:44:14.930603,2025-04-12 20:44:24.060262,0 days 00:00:09.129659,0.47301184921827083,0.47513193937578246,8,0.04501570263221057,0.17829980878560486,0.08666815321861768,0.053384799304265054,0.03978177478713045,0.09705829061635046,0.07457054823146372,25,20,0.045396892037261535,0.2022310312684117,True,True,True,1.4679033626562867e-07,COMPLETE
1053,0.40982333421707157,2025-04-12 20:44:24.405808,2025-04-12 20:44:33.605453,0 days 00:00:09.199645,0.5268865544902306,0.49953903409305256,8,0.05149800508313994,0.18798057184062092,0.08082481424738933,0.03729478334545232,0.036386103678423064,0.0946312865474361,0.0018162147270760851,26,33,0.05241390868746125,0.1821386198005668,True,True,True,3.353011370880835e-07,COMPLETE
1054,0.42055177688598633,2025-04-12 20:44:33.951256,2025-04-12 20:44:42.976534,0 days 00:00:09.025278,0.3659232887470928,0.4415304583682358,8,0.0403586407909568,0.20289492103510898,0.07788876526479449,0.040126891322876335,0.005613709213960795,0.08456791318312604,0.05346850866195994,25,28,0.04294703577408994,0.11543895886322032,True,True,True,4.4756886354403156e-07,COMPLETE
1055,0.2917042434215546,2025-04-12 20:44:43.327354,2025-04-12 20:44:52.904231,0 days 00:00:09.576877,0.48320444153833836,0.4064216584086458,8,0.05173739831784374,0.16669668736987098,0.08249778277931881,0.058000388086879656,0.008573328428485846,0.08879676018497011,0.08523022105090616,29,23,0.04822356029616268,0.17687403837198282,True,True,True,4.843361772579399e-08,COMPLETE
1056,0.4358992576599121,2025-04-12 20:44:53.256081,2025-04-12 20:45:02.022847,0 days 00:00:08.766766,0.5124169646478295,0.4855413326525834,8,0.04603201018129842,0.18346301344826055,0.08503365660627012,0.06118771929200942,0.04219397361086608,0.09784394737810106,0.06278433414112346,23,30,0.04480508422593464,0.16396731837666198,True,True,True,6.535038961982225e-07,COMPLETE
1057,0.35742160081863406,2025-04-12 20:45:02.355422,2025-04-12 20:45:11.696750,0 days 00:00:09.341328,0.5465121231453116,0.46271737842648303,8,0.03885557531361464,0.14848001961758067,0.08847943181806152,0.055032541245547066,0.07769718064238562,0.07650156241843266,0.050424877364441165,27,17,0.03976044784798273,0.19622832158095488,True,False,True,4.5981005286782566e-07,COMPLETE
1058,0.43873419761657717,2025-04-12 20:45:12.044429,2025-04-12 20:45:21.463787,0 days 00:00:09.419358,0.4658618718708527,0.5057073935634412,8,0.05497396590931747,0.17484579718617094,0.07669647163802096,0.05166648602629252,0.0538830746205255,0.09173400138053833,0.07266751103958687,28,26,0.05022708605281936,0.18552749504048743,True,True,True,2.8480573480188477e-07,COMPLETE
1059,0.4159324884414673,2025-04-12 20:45:21.807052,2025-04-12 20:45:30.894389,0 days 00:00:09.087337,0.4973623795890625,0.5123893448552339,8,0.06307393066552174,0.1673282051375012,0.07592453386034588,0.05102050499331347,0.07366794284936776,0.08886657721952862,0.08483644493371842,26,21,0.053621329039062596,0.18870450492173052,False,True,True,2.3968446974182637e-07,COMPLETE
1060,0.34390912055969236,2025-04-12 20:45:31.244467,2025-04-12 20:45:40.262723,0 days 00:00:09.018256,0.4730659727661208,0.5108433475943693,8,0.058721439643560795,0.15932313442230941,0.07134340045028736,0.05167242644575053,0.05392967376355063,0.09074696624904743,0.09968989047300143,25,25,0.05445709238575475,0.19240097626942532,True,True,True,1.7529109641376592e-07,COMPLETE
1061,0.41227061748504634,2025-04-12 20:45:40.606188,2025-04-12 20:45:48.023971,0 days 00:00:07.417783,0.49494751285178334,0.5413524720476428,16,0.06405980654684135,0.17516129833827201,0.07506302115558967,0.05003754852165233,0.04744952567511283,0.08652573328844564,0.07872408269473545,24,23,0.051760885838130676,0.18250673115941501,True,True,True,1.2600526670945808e-07,COMPLETE
1062,0.3301776707172394,2025-04-12 20:45:48.370464,2025-04-12 20:45:57.690328,0 days 00:00:09.319864,0.5196925641084363,0.49513958297178534,8,0.054608050596607546,0.1608849486541939,0.06711035153957892,0.052147585740496105,0.045049418824202075,0.08132912453586091,0.07233481877731997,27,25,0.05121916390521292,0.18725031372370124,True,True,True,2.074251103584579e-07,COMPLETE
1063,0.38144079446792606,2025-04-12 20:45:58.040734,2025-04-12 20:46:07.206051,0 days 00:00:09.165317,0.5344049290639431,0.514891800819733,8,0.07101218252941092,0.1726386112606709,0.0743461754253896,0.0503421515266646,0.05058345184204828,0.09059745138657715,0.002489350341754694,26,21,0.050088784550253854,0.19776641048469096,True,True,True,2.777295437323313e-07,COMPLETE
1064,0.28736778497695925,2025-04-12 20:46:07.554251,2025-04-12 20:46:16.581124,0 days 00:00:09.026873,0.4700668588794121,0.3806645668258322,8,0.05772062250965233,0.1701521470682172,0.07699429487901312,0.05228737164412855,0.029896384420938133,0.09232779053141985,0.00014053645989081282,25,45,0.05239257380717204,0.17995703593643658,True,True,True,6.287831628897823e-07,COMPLETE
1065,0.26061400175094607,2025-04-12 20:46:16.934805,2025-04-12 20:46:25.864349,0 days 00:00:08.929544,0.5053564422576872,0.49236444014595443,8,0.08789260098535642,0.1530221575164313,0.07361771773368685,0.053849628139360076,0.07102709084803718,0.08834134954304021,0.08813393564126877,25,18,0.05546794109718035,0.19015521173674851,True,True,False,2.542574989119042e-07,COMPLETE
1066,0.4395700693130493,2025-04-12 20:46:26.205263,2025-04-12 20:46:35.045182,0 days 00:00:08.839919,0.48749915920866144,0.542802036108116,8,0.05322011470641517,0.16549071497520643,0.07713279434717461,0.04844733366198166,0.0553869147723287,0.09180043253488782,0.06654023186006018,24,26,0.05036669556782444,0.18316590591987147,True,True,True,5.936532211196515e-07,COMPLETE
1067,0.38692225217819215,2025-04-12 20:46:35.393267,2025-04-12 20:46:44.103952,0 days 00:00:08.710685,0.514898029558668,0.5367984637096098,8,0.06499594599914857,0.16256804785644108,0.0759871232483368,0.04896440899976061,0.05312062671649066,0.090581112893517,0.04267524915829616,23,22,0.05196471431169132,0.18672057379479623,True,True,True,8.254402595685892e-08,COMPLETE
1068,0.19931281208992005,2025-04-12 20:46:44.449588,2025-04-12 20:46:53.159083,0 days 00:00:08.709495,0.49481985391441136,0.5512757303392736,8,0.057364450389492845,0.16485081102442078,0.0772006367163158,0.04393088391996153,0.055195405451429244,0.08810221551258325,0.05520108930674511,23,14,0.05302751024085661,0.18293094296210896,True,True,True,6.518184964113824e-07,COMPLETE
1069,0.3191604256629944,2025-04-12 20:46:53.509921,2025-04-12 20:47:12.060400,0 days 00:00:18.550479,0.529322026482759,0.560189749735172,2,0.06110182698113961,0.16164536705259888,0.07428778392655833,0.0490740007840682,0.05293348345397762,0.08538886104127645,0.06191570528506272,24,19,0.054476472667439074,0.17653207188924033,True,True,True,1.0245420533893148e-06,COMPLETE
1070,0.4306611180305481,2025-04-12 20:47:12.410177,2025-04-12 20:47:21.117706,0 days 00:00:08.707529,0.5485878112039101,0.544057821466016,8,0.06909249098666477,0.15918848338153457,0.07091697773262334,0.04823040196102382,0.05680002061781742,0.09255158190658967,0.04477776956429863,23,26,0.05032880792102286,0.1946287583506002,True,True,True,8.127650083064285e-07,COMPLETE
1071,0.27592608928680423,2025-04-12 20:47:21.466864,2025-04-12 20:47:30.419742,0 days 00:00:08.952878,0.4897222126177739,0.41830791999166905,8,0.05346818895266736,0.15674610299194022,0.0795381202576704,0.04137387054726202,0.05649236224462026,0.09031578388503834,0.06401327014229923,24,23,0.055004299506582886,0.18330111251173173,True,True,True,5.613267672375278e-07,COMPLETE
1072,0.3846958756446839,2025-04-12 20:47:30.773103,2025-04-12 20:47:39.648292,0 days 00:00:08.875189,0.5169980414782323,0.5285367654658769,8,0.07748508838942461,0.1687939842160339,0.07246144691258369,0.04273744095230638,0.05185319025474836,0.09325753098371939,0.033417157203931847,24,26,0.05062175098258292,0.20536009955434512,True,True,True,4.009522252829303e-07,COMPLETE
1073,0.19931281208992005,2025-04-12 20:47:40.001501,2025-04-12 20:47:48.784305,0 days 00:00:08.782804,0.47709050966804395,0.39599728600066625,8,0.052056754447609745,0.16606682066633763,0.07811984156840075,0.04752732937356272,0.055199796376684936,0.05521915866537643,0.05108802864716116,23,27,0.03247629315330062,0.1744374827358704,True,True,True,6.979758743912473e-07,COMPLETE
1074,0.42437289953231816,2025-04-12 20:47:49.141923,2025-04-12 20:47:58.066852,0 days 00:00:08.924929,0.501012345064894,0.43171689853144385,8,0.06131560950568499,0.17374718664029368,0.07667334618167407,0.04557573365617083,0.05388785993119518,0.08845276635999172,0.06887623657863814,24,23,0.05287208520441274,0.19030761350035538,True,True,True,8.811952680270247e-07,COMPLETE
1075,0.19931281208992005,2025-04-12 20:47:58.422875,2025-04-12 20:48:07.360925,0 days 00:00:08.938050,0.5299433500601821,0.5570146020517567,8,0.17998305862197922,0.1514976670510524,0.07866367161950048,0.04768268046904098,0.049465037713870535,0.08654101770168353,0.05422516021629592,24,70,0.04933034079294603,0.18236656685686045,True,True,True,3.362003619220906e-08,COMPLETE
1076,0.2846961736679077,2025-04-12 20:48:07.698980,2025-04-12 20:48:16.495112,0 days 00:00:08.796132,0.4838178404825054,0.5277651904420533,8,0.0570088217935416,0.17025166566846958,0.07536535574004366,0.05008273943253899,0.05497459662721196,0.09401080740239777,0.07141751109481108,24,20,0.04959972801566687,0.19886108644993042,True,False,True,2.9599432292853896e-07,COMPLETE
1077,0.4199197292327881,2025-04-12 20:48:16.843163,2025-04-12 20:48:25.576834,0 days 00:00:08.733671,0.5081091225489688,0.44882020492245434,8,0.049475619687355324,0.16659908496713483,0.08003243628430398,0.04413108171000606,0.05144672267447237,0.09016005584942481,0.06047796450014902,23,27,0.05075923383889642,0.17779983307210545,True,True,True,1.4527450954554965e-07,COMPLETE
1078,0.4398444771766663,2025-04-12 20:48:25.928322,2025-04-12 20:48:34.831328,0 days 00:00:08.903006,0.467676434187554,0.4107096668775929,8,0.06630443093877593,0.17356522724104176,0.07906321531385446,0.051304679084002984,0.05423457650965192,0.09199659991128167,0.0446211678957459,24,25,0.04891341404110295,0.17089193624647753,True,True,True,5.110947694563694e-07,COMPLETE
1079,0.3582302689552307,2025-04-12 20:48:35.181640,2025-04-12 20:48:43.772973,0 days 00:00:08.591333,0.4645217673717072,0.3655917275035183,8,0.078354036463483,0.15654746640887562,0.07356895205269957,0.05027634625222358,0.05537514816998295,0.09143900925409623,0.029832099266938677,22,28,0.05221475007483554,0.16942524469195072,False,True,True,1.0483665089202463e-07,COMPLETE
1080,0.2659140706062317,2025-04-12 20:48:44.130303,2025-04-12 20:48:52.963551,0 days 00:00:08.833248,0.46122232806820196,0.41156388019250517,8,0.06707762012968681,0.17082198509237773,0.07635028573937351,0.0485568843937681,0.057010132217010734,0.08901615049683281,0.034577374563406975,23,25,0.05508806103260568,0.16854900136486856,True,True,True,4.6164315060900694e-07,COMPLETE
1081,0.3555181980133057,2025-04-12 20:48:53.319417,2025-04-12 20:49:02.014020,0 days 00:00:08.694603,0.4781554110221003,0.5721116658384799,8,0.07311151310946282,0.16377251228457862,0.0777279449808,0.051009576125189096,0.05186698434793505,0.08727544308867835,0.032667556464356796,23,29,0.049600790159552564,0.1706774235215815,True,True,True,2.1238740647606221e-07,COMPLETE
1082,0.28054399490356446,2025-04-12 20:49:02.368220,2025-04-12 20:49:11.266783,0 days 00:00:08.898563,0.45444324338453845,0.38541482378192793,8,0.08578432867290589,0.17318711635761358,0.07947822678726604,0.04722714770740621,0.0525061846258811,0.0900200157837542,0.038183540568338295,24,25,0.050761293706011436,0.17321045807621574,True,True,True,6.224390707752823e-07,COMPLETE
1083,0.3024650573730469,2025-04-12 20:49:11.622879,2025-04-12 20:49:19.109912,0 days 00:00:07.487033,0.4373560723320974,0.5416518828740947,16,0.07266809745653552,0.17486768542342848,0.07519177276665036,0.05088460104476254,0.0583878963622872,0.09185566915957719,0.03922713441883116,24,31,0.05242002388193088,0.1746338636402236,True,True,True,3.8823567931793925e-07,COMPLETE
