number,value,datetime_start,datetime_complete,duration,params_alpha-eval,params_alpha-train,params_batch-size,params_eps-eval,params_eps-train,params_lambda-actions-eval,params_lambda-actions-train,params_lambda-frames-eval,params_lambda-frames-train,params_learning-rate,params_n-epochs,params_n-frames,params_radius-gw,params_rho,params_std-feats,params_ub-actions,params_ub-frames,params_weight-decay,state
395,0.23258855342864992,2025-04-14 16:18:27.382257,2025-04-14 16:18:36.862179,0 days 00:00:09.479922,0.49996288644641457,0.02707666181306914,8,0.015613006273580022,0.007204494738886278,0.09019433426913352,0.01352178564310124,0.07764714660249787,0.0873729690943052,0.0007936705611699679,29,30,0.09429028321540486,0.15235079749040575,False,True,True,5.868648100170045e-05,COMPLETE
396,0.5026691794395447,2025-04-14 16:18:36.996212,2025-04-14 16:18:46.606121,0 days 00:00:09.609909,0.5496863976499374,0.08898201230204719,8,0.006646002145479225,0.013340576901206352,0.08637960818509699,0.05690988904598066,0.04512689954362459,0.07994036657135582,0.0011002555302378183,30,37,0.09137410352997863,0.14466158642883895,False,True,True,8.326237472750794e-05,COMPLETE
397,0.3705676317214966,2025-04-14 16:18:46.730510,2025-04-14 16:18:56.264342,0 days 00:00:09.533832,0.4843668074731523,0.05189899630104011,8,0.026823569826198716,0.006366260303355182,0.09416109771688813,0.04421292988047075,0.04783326121971751,0.09076697498915128,0.0008460426302925643,30,33,0.09683031185603755,0.13959673715354276,False,True,True,4.483574694125353e-05,COMPLETE
398,0.28553045988082887,2025-04-14 16:18:56.389160,2025-04-14 16:19:05.940140,0 days 00:00:09.550980,0.45360738531855244,0.06911053877270855,8,0.013086356067516666,0.006098142858997862,0.02080517941920377,0.06167698793945525,0.0741660498875292,0.038488284773684954,0.002303867498236603,29,39,0.08882989376613815,0.15006724269882157,False,True,True,0.00011626028543855291,COMPLETE
399,0.41320430040359496,2025-04-14 16:19:06.075832,2025-04-14 16:19:15.578422,0 days 00:00:09.502590,0.5120617867598894,0.08692622612685245,8,0.020148568437197197,0.013708530323431724,0.08901762230725958,0.06486934740704821,0.06369764352811691,0.08229243247769677,0.000673219127316685,29,29,0.09260136699256925,0.13150527884571486,False,True,True,6.696737641090539e-05,COMPLETE
400,0.5172661900520324,2025-04-14 16:19:15.704285,2025-04-14 16:19:25.025852,0 days 00:00:09.321567,0.5430669506947106,0.03819925620663066,8,0.005895158086246558,0.0007583116017891347,0.09096104860636625,0.06000215326163479,0.04317380273018865,0.08514036618215809,0.0006056067281489356,28,35,0.0897465702896494,0.16226106286444006,False,True,True,9.913147800828604e-05,COMPLETE
401,0.4550495028495789,2025-04-14 16:19:25.153145,2025-04-14 16:19:34.709579,0 days 00:00:09.556434,0.5911339814216474,0.09132329638673212,8,0.032964538841292766,0.020481538275623323,0.08746239359925355,0.06309947666611582,0.050010692988430104,0.08855925306098184,0.001289859150374702,30,33,0.09428080117752902,0.14185003772373872,False,True,True,0.000271258162659018,COMPLETE
402,0.521409559249878,2025-04-14 16:19:34.849596,2025-04-14 16:19:44.363246,0 days 00:00:09.513650,0.5659104916382101,0.06990491683576786,8,0.01232871470632612,0.010195196639807152,0.08512443292437064,0.05635356800132251,0.07087697805308942,0.08639202034914945,0.0009395877409873932,29,39,0.09075382465966815,0.149276103381076,False,True,True,7.741706850456891e-05,COMPLETE
403,0.4933147668838501,2025-04-14 16:19:44.489568,2025-04-14 16:19:54.152232,0 days 00:00:09.662664,0.5231998967891777,0.0462531918516844,8,0.01815574914592933,0.006116424546654953,0.09225544182634507,0.06618606239073142,0.09945416380800279,0.09007838653410372,0.0007747590742965655,30,36,0.0856299327236632,0.15705782228970652,False,True,True,0.00017014914389997643,COMPLETE
404,0.3961424112319947,2025-04-14 16:19:54.282659,2025-04-14 16:20:03.697291,0 days 00:00:09.414632,0.4705614295047583,0.09417621966149603,8,0.005534015262972383,0.00043658080062324717,0.08953566419392851,0.06129454460470053,0.04603696874751124,0.08403985172085496,0.0015884785329418828,29,41,0.09250068835332337,0.13244524223362403,False,True,True,5.7657020872173036e-05,COMPLETE
405,0.36789154410362246,2025-04-14 16:20:03.825030,2025-04-14 16:20:13.489167,0 days 00:00:09.664137,0.49537808811620265,0.010540948101848857,8,0.023635724701674278,0.09264157945016493,0.08561501689351547,0.058527229219575316,0.08318960678790191,0.08784528634665767,0.000554648901618638,30,30,0.06783269024992529,0.18645935812838177,False,True,True,9.296488722927922e-05,COMPLETE
406,0.24545042514801027,2025-04-14 16:20:13.627722,2025-04-14 16:20:22.894735,0 days 00:00:09.267013,0.5104065035601371,0.056190255243700596,8,0.20623148722943627,0.013574021531451878,0.09410476026264895,0.06443139952323806,0.04408014978238885,0.09111975337860416,0.001068061556183366,28,33,0.09595364566584619,0.13769397009351164,False,True,True,0.00011798863442726613,COMPLETE
407,0.2922945261001587,2025-04-14 16:20:23.021974,2025-04-14 16:20:32.499825,0 days 00:00:09.477851,0.5348998967540616,0.08352672094853905,8,0.011037876275296683,0.006218842158484402,0.0055499537734481075,0.06056781349633274,0.08614794560271279,0.02456576015826277,0.000684989143571348,29,38,0.0876583379788618,0.14506473028493214,False,True,True,7.167777930233357e-05,COMPLETE
408,0.513119649887085,2025-04-14 16:20:32.628069,2025-04-14 16:20:42.195567,0 days 00:00:09.567498,0.482751428885262,0.06969194414894679,8,0.00513485269203786,0.020471065915000856,0.08817343900163742,0.06726549126098304,0.047314734638462044,0.08566545165815603,0.0008202488568329033,30,41,0.09015633584904723,0.16794999792955828,False,True,True,3.927301771896934e-05,COMPLETE
409,0.39963903427124026,2025-04-14 16:20:42.334255,2025-04-14 16:20:51.857861,0 days 00:00:09.523606,0.5475214343582503,0.02797229416519595,8,0.1354107559586412,0.009690529776601974,0.0910199205444672,0.06301310391047552,0.04223928208608801,0.08177368359752735,0.0005608980363462112,29,36,0.09787189597377129,0.15267604171041782,False,True,True,8.693918715264912e-05,COMPLETE
410,0.31310747265815736,2025-04-14 16:20:51.986501,2025-04-14 16:21:01.777740,0 days 00:00:09.791239,0.45447440740393175,0.09727008687787903,8,0.015861619503445855,0.015968266930178096,0.08705050190294128,0.058592797870135244,0.05085456096838621,0.08822853800615488,0.0006569625357545991,30,32,0.09268997358255052,0.141455030539843,True,True,True,0.00014692847908192244,COMPLETE
411,0.526619815826416,2025-04-14 16:21:01.906812,2025-04-14 16:21:10.443685,0 days 00:00:08.536873,0.5074456308152638,0.055008381266810916,8,0.00593165192486261,0.005880457021176975,0.09246198200443555,0.061954155364617326,0.04877674709104408,0.08441571445362898,0.0008867829022547177,22,37,0.08873279474929778,0.1596406679952018,False,True,True,5.066407531161483e-05,COMPLETE
412,0.521394157409668,2025-04-14 16:21:10.585351,2025-04-14 16:21:20.148275,0 days 00:00:09.562924,0.5701740478258571,0.09382060016028569,8,0.027099084697573238,0.005591288796083302,0.09252177358740904,0.06500819704399496,0.07685446688052888,0.08416456566728885,0.0012543057805967854,30,35,0.08725331759652631,0.16138015537801007,False,True,True,4.8997401106025474e-05,COMPLETE
413,0.24641321897506713,2025-04-14 16:21:20.278912,2025-04-14 16:21:29.683561,0 days 00:00:09.404649,0.5251885857724354,0.03702795848199558,8,0.00044694214564920676,0.0003612510062844589,0.09318586621918598,0.02842025665198558,0.05235666904715901,0.08166541706761243,0.0009320256385762683,28,29,0.0892830719769775,0.15811085457509835,False,True,True,6.106349620150584e-05,COMPLETE
414,0.49549182653427126,2025-04-14 16:21:29.816063,2025-04-14 16:21:39.502615,0 days 00:00:09.686552,0.5048174024796093,0.07204501376115302,8,0.01089628197162519,0.005802274189061034,0.09054210901103904,0.06308869915576555,0.048719985020766195,0.07877043871644453,0.0010986687228472917,30,37,0.07556293018664556,0.17561927766073063,False,True,True,4.348108319454374e-05,COMPLETE
415,0.5288681149482728,2025-04-14 16:21:39.643929,2025-04-14 16:21:49.259859,0 days 00:00:09.615930,0.525712323711599,0.0987546036083145,8,0.018025175563663412,0.009420039193060724,0.09469454968455539,0.05693546712956653,0.07179508326623686,0.0853747901159607,0.000774051594541998,30,32,0.0838187405340113,0.15288999548097557,False,True,True,0.00011418310202345104,COMPLETE
416,0.526361620426178,2025-04-14 16:21:49.391370,2025-04-14 16:21:57.737132,0 days 00:00:08.345762,0.5511917753714348,0.10452636471468438,8,0.02040728602753062,0.014899185390392755,0.09549740592276469,0.05657047974325536,0.07142629262384238,0.0832387396656441,0.0007790565717489723,21,32,0.08327650201431819,0.16749750011223422,False,True,True,0.00012185500685196747,COMPLETE
417,0.4142492413520813,2025-04-14 16:21:57.867908,2025-04-14 16:22:07.461811,0 days 00:00:09.593903,0.6081308050180332,0.10525229844887349,8,0.03118753996347989,0.02048771934460899,0.09325316501777414,0.05563176108676221,0.07504802016686678,0.0850026545726197,0.00085410638358907,30,29,0.08552687718888824,0.14820718611212386,False,True,True,0.0001662342416212577,COMPLETE
418,0.521766722202301,2025-04-14 16:22:07.604326,2025-04-14 16:22:17.304937,0 days 00:00:09.700611,0.5243031465636576,0.05721339737500373,8,0.018070099055608545,0.011266346554233437,0.0962868962944446,0.05791673555980488,0.0682128747266593,0.09057224495649534,0.0006754545904378824,30,33,0.08746474569671547,0.16218014564712263,False,True,True,0.00037223520748992303,COMPLETE
419,0.4129009485244751,2025-04-14 16:22:17.435910,2025-04-14 16:22:27.115808,0 days 00:00:09.679898,0.5454051317719131,0.10297066892292425,8,0.02481166821405606,0.0007150987677296728,0.09184121195874856,0.05954584421453088,0.05518173010272335,0.08610270638925138,0.0008390373497895167,30,28,0.08110498799014498,0.13499303029026036,False,True,True,3.4353795647201255e-05,COMPLETE
420,0.5235933303833008,2025-04-14 16:22:27.250367,2025-04-14 16:22:36.878971,0 days 00:00:09.628604,0.5757942961027219,0.08973633472310208,8,0.01564947848603559,0.009548048577676922,0.09456022325235537,0.06773119650532089,0.07362130583708813,0.08299301123722592,0.0005161240218267429,30,39,0.08409255321685814,0.15357893922110366,False,True,True,6.165827325298175e-05,COMPLETE
421,0.5287714362144471,2025-04-14 16:22:37.023003,2025-04-14 16:22:45.475414,0 days 00:00:08.452411,0.5288987929890289,0.04156749067540717,8,0.012014908979797947,0.00030529419348962646,0.09445063461718008,0.06489348332175153,0.0797566924974362,0.08908552455163304,0.0006867348803868802,22,32,0.08882074037368864,0.14838941554957444,False,True,True,0.0001052889774029445,COMPLETE
422,0.5384371161460877,2025-04-14 16:22:45.610357,2025-04-14 16:22:53.842874,0 days 00:00:08.232517,0.5574425967574872,0.03281359095155451,8,0.02262206644265761,0.00027007453297073214,0.09442585215916749,0.06634742496962084,0.06540134137231901,0.0892757132764318,0.0009542999639527506,20,31,0.08594255834386733,0.12988135747274482,False,True,True,5.173311230326108e-05,COMPLETE
423,0.4179713606834412,2025-04-14 16:22:53.977480,2025-04-14 16:23:02.462441,0 days 00:00:08.484961,0.5671350324842881,0.017790347683650554,8,0.0296666888669622,0.0008225862246255347,0.09612115290778037,0.06762709050393861,0.06596726550013664,0.0905968329931752,0.0010028763221359956,22,28,0.08565689488374534,0.13108388993606904,False,True,True,4.8988700862014386e-05,COMPLETE
424,0.4797963857650757,2025-04-14 16:23:02.605992,2025-04-14 16:23:11.240741,0 days 00:00:08.634749,0.5034861292522029,0.034483655883927634,8,0.024014331494279915,0.0061622529419665985,0.09481792397827328,0.04951102774141907,0.06355028886348399,0.07629234530052915,0.0015279058489480815,23,31,0.08455058177206518,0.13821198838770782,False,True,True,5.498348799002077e-05,COMPLETE
425,0.5252089142799378,2025-04-14 16:23:11.373726,2025-04-14 16:23:19.750469,0 days 00:00:08.376743,0.4692692430911274,0.022330199169028772,8,0.03757395429295313,0.00019852311397433825,0.09399531165035721,0.06468875333840068,0.06944513716035555,0.09135265462051663,0.0009632334488846261,21,28,0.08736681336576897,0.13029093924689375,False,True,True,3.6437187848301256e-05,COMPLETE
426,0.4031441450119019,2025-04-14 16:23:19.883521,2025-04-14 16:23:28.616021,0 days 00:00:08.732500,0.5305411388505684,0.712882821012137,8,0.020835775160016327,0.015932533154545698,0.09585591718274176,0.055105113091590406,0.0709165120417291,0.08903891360799232,0.0018736947858886222,23,32,0.08874137338632683,0.1440318274811498,False,True,True,6.565406415826845e-05,COMPLETE
427,0.4718243002891541,2025-04-14 16:23:28.750958,2025-04-14 16:23:37.074134,0 days 00:00:08.323176,0.5896033381815491,0.5067133233870127,8,0.03228742599253464,0.00028392778931800354,0.09698725326978933,0.057922711161508066,0.06646418649699175,0.08093914420033772,0.001389612343281133,21,30,0.08681290786475049,0.13642639788981678,False,True,True,4.439004009929862e-05,COMPLETE
428,0.5301641821861267,2025-04-14 16:23:37.217588,2025-04-14 16:23:45.848066,0 days 00:00:08.630478,0.495601440034019,0.039806733086298014,8,0.01756065883981059,0.007773485540873646,0.09398383843689305,0.059904372247869375,0.08122786527845158,0.08453744476188516,0.0007249331222648144,23,34,0.09023895033137112,0.14813120241095226,False,True,True,7.647781722526872e-05,COMPLETE
429,0.42336865663528445,2025-04-14 16:23:45.982975,2025-04-14 16:23:54.287632,0 days 00:00:08.304657,0.4892348329762058,0.038175503271220865,8,0.02079548616594779,0.009815987591489921,0.09485603309559432,0.059820295297850344,0.07823818378507667,0.08943939452900973,0.0006499091076168302,20,28,0.09049240111468018,0.15659627411244673,False,True,True,0.0001348161519922077,COMPLETE
430,0.32765626907348633,2025-04-14 16:23:54.421983,2025-04-14 16:24:03.029859,0 days 00:00:08.607876,0.4671136958953096,0.020761023653272915,8,0.02683853143520055,0.021032181505803674,0.09690449581145394,0.05581863843402166,0.07530071990249392,0.08425361790056261,0.000967313011554998,22,33,0.09098831042357161,0.14925345913097793,True,True,True,9.260172436767427e-05,COMPLETE
431,0.322090494632721,2025-04-14 16:24:03.176539,2025-04-14 16:24:11.412912,0 days 00:00:08.236373,0.5100557069291979,0.04505004877363316,8,0.19673918412506894,0.015212020059432578,0.09423722177097661,0.05883213308698007,0.08126910360526107,0.09112346536394839,0.000715330259441021,20,31,0.08577270441013603,0.14700050939725673,False,True,True,0.00022127338293800587,COMPLETE
432,0.28684473037719727,2025-04-14 16:24:11.548606,2025-04-14 16:24:20.018423,0 days 00:00:08.469817,0.48168115501837144,0.013126356267617337,8,0.015162421803215566,0.0076228366707303255,0.093184256394217,0.0385912104999727,0.06530264251575206,0.08659537028855337,0.0005004291703056043,22,35,0.08830548541091526,0.13716901886119073,False,True,True,5.6182529700652155e-05,COMPLETE
433,0.39810398817062376,2025-04-14 16:24:20.154974,2025-04-14 16:24:28.694558,0 days 00:00:08.539584,0.5136335124917191,0.04209531229652085,8,0.023688404701785553,0.006916536342383089,0.09654052441299167,0.0597875397483225,0.07339136385790844,0.08948149076143935,0.0012244053990218577,22,28,0.073768587207766,0.1553341995767185,False,True,True,7.440563650134099e-05,COMPLETE
434,0.5482703685760498,2025-04-14 16:24:28.840224,2025-04-14 16:24:37.486277,0 days 00:00:08.646053,0.49141245989210947,0.05508984162476043,8,0.01743656026037483,0.015417269018627206,0.09181991552830357,0.05703452565206218,0.07211157036054036,0.08265254972049188,0.0008796549796748963,23,34,0.09064061109320407,0.12996942568168154,False,True,True,0.00011517115306770962,COMPLETE
435,0.5637079238891601,2025-04-14 16:24:37.622122,2025-04-14 16:24:46.136965,0 days 00:00:08.514843,0.48893899778388794,0.0462662401204747,8,0.03692301706408084,0.020609547230366593,0.09235632027261571,0.05182225162274271,0.08045478039429903,0.07974054497765942,0.0010640594107624727,22,33,0.09442577974290818,0.1415024359781122,False,True,True,0.00011575689114795307,COMPLETE
436,0.5141601204872132,2025-04-14 16:24:46.273776,2025-04-14 16:24:54.881562,0 days 00:00:08.607786,0.4649518275547795,0.010619276532552097,8,0.03602941019048989,0.02095312715738938,0.09423802165931297,0.053746344210532836,0.08154917893856531,0.08272559745018813,0.00102368956208069,23,30,0.09370199940971206,0.12820888733104163,False,True,True,0.000139194104148717,COMPLETE
437,0.5032369256019592,2025-04-14 16:24:55.027943,2025-04-14 16:25:03.596300,0 days 00:00:08.568357,0.4486491863982458,0.0382578951186108,8,0.02959668310450793,0.02249185969278104,0.09243376087347983,0.04957899668780684,0.08694199897823678,0.08096570007681295,0.0014724081819078706,23,33,0.09428478458470506,0.13060337324984375,False,True,True,0.00018979000929552695,COMPLETE
438,0.2718226552009583,2025-04-14 16:25:03.735049,2025-04-14 16:25:12.220578,0 days 00:00:08.485529,0.4840578027685323,0.051916944642492246,8,0.04091176144705409,0.1152045450657925,0.09744326375870521,0.052474642686030866,0.08050442023918426,0.08036152827908692,0.0011442538001483894,22,27,0.06418048909290999,0.13612598944125875,False,True,True,0.00011318143132583444,COMPLETE
439,0.28608113527297974,2025-04-14 16:25:12.358687,2025-04-14 16:25:21.020858,0 days 00:00:08.662171,0.4965207175884513,0.03788173051749136,8,0.033872778139044796,0.015446992139793942,0.09364330655848524,0.05488064914874301,0.07230603358016,0.07723745275905171,0.013819661967794881,23,32,0.08788605472046458,0.161607302278374,False,True,True,0.00016027391065779673,COMPLETE
440,0.523677384853363,2025-04-14 16:25:21.168229,2025-04-14 16:25:29.910788,0 days 00:00:08.742559,0.45056631160655547,0.05683345056753265,8,0.025406401300127706,0.01678085259005565,0.09231817028211124,0.05262964515210267,0.07611141414697442,0.0828586948903642,0.0008737613504125948,24,34,0.05532570974422801,0.1305381776498626,False,True,True,0.00010480987290645284,COMPLETE
441,0.5592857837677002,2025-04-14 16:25:30.050405,2025-04-14 16:25:38.584125,0 days 00:00:08.533720,0.49276862251593295,0.06262860676573796,8,0.019388622457573376,0.020869104778154818,0.09489292650296698,0.046450135851877426,0.06871102234998212,0.09119899344990752,0.001303504713559158,22,30,0.0833708330083418,0.13938310216471358,False,True,True,0.0001256479652763242,COMPLETE
442,0.29207022190093995,2025-04-14 16:25:38.721432,2025-04-14 16:25:47.256383,0 days 00:00:08.534951,0.47518762915756396,0.03412373598173539,8,0.03173162854102096,0.02215427455130728,0.09533367078996986,0.047067766414878504,0.07085198769984838,0.06168595698822803,0.0018723743075691353,22,27,0.08007792072802247,0.1516009254200018,False,True,True,0.00012818390176208032,COMPLETE
443,0.48655703067779543,2025-04-14 16:25:47.406673,2025-04-14 16:25:55.721097,0 days 00:00:08.314424,0.7814477006846791,0.06092596421276979,8,0.02515575850835374,0.02226805900822341,0.09619559134133235,0.05083087944399621,0.07819565909574193,0.0916043214828043,0.0012518272368677655,21,30,0.08378445340148087,0.13778199955410458,False,True,True,0.00018557526754235939,COMPLETE
444,0.4103924036026001,2025-04-14 16:25:55.859931,2025-04-14 16:26:04.200277,0 days 00:00:08.340346,0.4886394795292522,0.010079495671994811,8,0.02009574262969733,0.016678580069577037,0.09710249159302227,0.05636657707906205,0.06760694029180038,0.0916165417266229,0.001600356416494989,21,30,0.07828988714518172,0.14715720696665638,False,True,True,0.0001296379025019735,COMPLETE
445,0.3560965538024902,2025-04-14 16:26:04.356194,2025-04-14 16:26:12.898782,0 days 00:00:08.542588,0.4928144829339094,0.06264339258497259,8,0.01970188254857775,0.013888090868406127,0.09503275096852119,0.0424547963916807,0.07044930260291496,0.07396411117149337,0.0013703377470340682,22,28,0.08242632817016597,0.1274835664289954,False,True,True,0.00010453587297444295,COMPLETE
446,0.4647397637367249,2025-04-14 16:26:13.037753,2025-04-14 16:26:21.657540,0 days 00:00:08.619787,0.46071892646725654,0.030498290208966165,8,0.027161998027733003,0.02223858206656751,0.09369745114208014,0.0428884812541473,0.06874179358086055,0.08900340295072028,0.0010712547638258652,23,32,0.09496494898243986,0.1586113501213691,False,True,True,0.00015234901180015547,COMPLETE
447,0.24354130029678348,2025-04-14 16:26:21.797937,2025-04-14 16:26:30.057135,0 days 00:00:08.259198,0.5221812267474151,0.04942124825838244,8,0.0288000226501849,0.012256014185029834,0.09970825912770995,0.05709920572068891,0.06946260641905323,0.07980628556384158,0.0009395307742344136,20,91,0.0920314146172273,0.13339309660672816,False,True,True,0.00023781892555978563,COMPLETE
448,0.4841432452201843,2025-04-14 16:26:30.209156,2025-04-14 16:26:39.036529,0 days 00:00:08.827373,0.49668162265048854,0.06852911955785783,8,0.017317170575414677,0.015962250470278837,0.09183614769107092,0.05121017638677585,0.07241676849543151,0.08888098551318337,0.0012009045911815976,24,35,0.08956142907128897,0.14100328372574217,False,True,True,9.51722829525662e-05,COMPLETE
449,0.3336391091346741,2025-04-14 16:26:39.179628,2025-04-14 16:26:47.829972,0 days 00:00:08.650344,0.47179985900100185,0.06711274006612908,8,0.022289212113535534,0.010780873988037707,0.09196017712647914,0.05400406933135869,0.06562765494616568,0.09152037735325419,0.002386623410402559,23,26,0.09740096468602463,0.15121504612218767,False,True,True,0.00011997301498995391,COMPLETE
450,0.35210584402084355,2025-04-14 16:26:47.970831,2025-04-14 16:26:56.291258,0 days 00:00:08.320427,0.525307261217776,0.032553414705432104,8,0.03788089009686982,0.01964343416900698,0.0944969140682924,0.044485413452240434,0.07407129120579946,0.08722684926308087,0.0014402553117110525,21,33,0.08463890309010769,0.14692316003475647,False,True,True,9.312098813139751e-05,COMPLETE
451,0.2801838755607605,2025-04-14 16:26:56.443580,2025-04-14 16:27:04.986760,0 days 00:00:08.543180,0.44152334172235924,0.05113165660220834,8,0.0167514939743793,0.010417181710201291,0.09149953802075465,0.04652914888666084,0.07984052338269086,0.08965956578125862,0.0017529197732027442,22,31,0.09397909998299066,0.1398514808371559,False,True,True,0.0001659496001975912,COMPLETE
