number,value,datetime_start,datetime_complete,duration,params_alpha-eval,params_alpha-train,params_batch-size,params_eps-eval,params_eps-train,params_lambda-actions-eval,params_lambda-actions-train,params_lambda-frames-eval,params_lambda-frames-train,params_learning-rate,params_n-epochs,params_n-frames,params_radius-gw,params_rho,params_std-feats,params_ub-actions,params_ub-frames,params_weight-decay,state
794,0.3986077785491944,2025-04-14 17:19:33.487937,2025-04-14 17:19:41.936402,0 days 00:00:08.448465,0.4000177553500964,0.11671509050315976,8,0.012177132171558087,0.02579863638785761,0.08842929741014656,0.051629163043930115,0.07454026528553837,0.0904483590230954,0.0018480582926541428,22,14,0.09007941075708847,0.13256628999670378,False,True,True,2.8871773320506174e-07,COMPLETE
795,0.507165288925171,2025-04-14 17:19:42.196486,2025-04-14 17:19:50.895117,0 days 00:00:08.698631,0.4275416326935531,0.05365869048313353,8,0.004182763623447317,0.024385316883935568,0.09220739957731518,0.06883066454487953,0.07705464978041696,0.09266148367473337,0.0012052091826324615,23,20,0.09498224988304893,0.15258469216182324,False,True,True,6.452626903483913e-08,COMPLETE
796,0.5752791047096253,2025-04-14 17:19:51.156349,2025-04-14 17:19:59.937137,0 days 00:00:08.780788,0.41714401071393836,0.04527806549829426,8,0.00023447997328687395,0.031228140263000154,0.09505451622083301,0.05441471492744281,0.07522059265623507,0.09000259758679795,0.001512973722533262,24,22,0.09244729784442049,0.13840395525379878,False,True,True,1.0659712183517042e-07,COMPLETE
797,0.3416457056999207,2025-04-14 17:20:00.184453,2025-04-14 17:20:08.987557,0 days 00:00:08.803104,0.41747782476868267,0.04308686463615632,8,0.002625969265035807,0.04105662373511866,0.09968959514050264,0.05368508247821526,0.0755262085699467,0.09288890276166008,0.0024287999842317635,24,20,0.09611685408591045,0.1362113670072722,False,True,True,1.3087433642276106e-07,COMPLETE
798,0.36889960765838625,2025-04-14 17:20:09.250030,2025-04-14 17:20:27.724413,0 days 00:00:18.474383,0.4164154857734263,0.5121122192774246,2,0.00027394215563028915,0.03640196902072873,0.09792960886076153,0.055249397725363913,0.078401869684209,0.09066197330111994,0.0019640880203913723,24,16,0.09290240491811416,0.1326360764832533,False,True,True,2.0561644515137636e-07,COMPLETE
799,0.4111293077468873,2025-04-14 17:20:27.990331,2025-04-14 17:20:36.824227,0 days 00:00:08.833896,0.3914563965150214,0.4040109468695146,8,0.00036359709597283407,0.03218718475957582,0.09623125597167578,0.05176456390427019,0.07434691854139405,0.09399910819515823,0.0016229054554664942,24,18,0.09803820074025145,0.13875945509803486,False,True,True,1.3156504902476117e-07,COMPLETE
800,0.38620202541351323,2025-04-14 17:20:37.072101,2025-04-14 17:20:46.087178,0 days 00:00:09.015077,0.46044806493530055,0.04474967900515585,8,0.005783231527318503,0.03389355124488162,0.0950204744191003,0.054188265635668746,0.0763778392930907,0.08971566995901457,0.0014756142777912586,25,21,0.08920738843992992,0.130302738302878,True,True,True,1.0051584673682116e-07,COMPLETE
801,0.3467469573020935,2025-04-14 17:20:46.353710,2025-04-14 17:20:55.431192,0 days 00:00:09.077482,0.40234639756778945,0.04668627237492163,8,0.005092320124659637,0.04111646116331418,0.09437216432543517,0.05021861143256718,0.07333902130263052,0.0923805675838612,0.0018478624782026505,26,21,0.09098223428814546,0.13948762816549848,False,False,True,1.0081294445399173e-07,COMPLETE
802,0.4923471093177796,2025-04-14 17:20:55.696286,2025-04-14 17:21:04.597248,0 days 00:00:08.900962,0.421270396251318,0.03160000050088884,8,0.1421556467440211,0.030044289075884696,0.09636073785830747,0.05212558743469176,0.079119213274379,0.09096229499347792,0.0014844878820069976,25,22,0.09374020955349753,0.1468381411627465,False,True,True,1.7657285976432467e-07,COMPLETE
803,0.5798109769821167,2025-04-14 17:21:04.848158,2025-04-14 17:21:13.672145,0 days 00:00:08.823987,0.42998748615083926,0.06056265719799221,8,0.009201435456313124,0.02714050274047574,0.09355544947259657,0.04772400746730287,0.07680498779008761,0.08943330916866106,0.002343372714427626,24,24,0.08674160992490548,0.13496766333490026,False,True,True,5.217424418214024e-08,COMPLETE
804,0.4033123850822449,2025-04-14 17:21:13.936165,2025-04-14 17:21:22.855625,0 days 00:00:08.919460,0.43110126916480623,0.07588780790645357,8,0.008361952958899683,0.03766197553797046,0.09413658516077612,0.04498188393196297,0.07704709759856458,0.0896573521966668,0.0029863085746721163,25,17,0.08636191860022943,0.1292810715250357,False,True,True,4.4021452910487275e-08,COMPLETE
805,0.3955263137817383,2025-04-14 17:21:23.110779,2025-04-14 17:21:31.876454,0 days 00:00:08.765675,0.40924344624255493,0.06477248416312949,8,0.001314723988994338,0.029616276308542817,0.09789576969686095,0.04707227193534998,0.07961909782150219,0.09219713666165526,0.002525820911320771,24,21,0.08625002960389101,0.1330357982350334,False,True,True,2.2702796889061634e-07,COMPLETE
806,0.40466997623443607,2025-04-14 17:21:32.144417,2025-04-14 17:21:41.005613,0 days 00:00:08.861196,0.3737832418415482,0.06096543063081583,8,0.009203202420824699,0.03459960805639378,0.09108747735752937,0.047894687417757924,0.07707115722851941,0.08900802896134151,0.0024432237461976354,24,24,0.08733990553244195,0.1357576749041858,False,True,True,2.8641936872247744e-08,COMPLETE
807,0.3381490111351013,2025-04-14 17:21:41.269634,2025-04-14 17:21:49.907271,0 days 00:00:08.637637,0.42126383927099575,0.34920681096905115,8,0.15650469913019932,0.02666210134650685,0.09306757074455191,0.04332992574584457,0.07565525333675381,0.09515770502333344,0.002225599460976206,23,18,0.08873665355371074,0.12804673948972528,False,True,True,7.05427323436603e-08,COMPLETE
808,0.39111515283584597,2025-04-14 17:21:50.155661,2025-04-14 17:21:59.066242,0 days 00:00:08.910581,0.44415257528031493,0.09541056603248914,8,0.010078014003285729,0.03330311177487244,0.0957173076562912,0.04235599212005523,0.07970336774299008,0.09100775682734193,0.0029661857983085986,25,21,0.08657468937150055,0.13661882096567554,False,True,True,5.324495001698557e-08,COMPLETE
809,0.33303456306457524,2025-04-14 17:21:59.330549,2025-04-14 17:22:08.128768,0 days 00:00:08.798219,0.447908128416798,0.07229594836531467,8,0.004820927584408016,0.042821010145982163,0.08967490175236882,0.046074878526799534,0.07495572977582625,0.08987370089356725,0.002130075726581635,24,19,0.08486257546739337,0.19259066877477882,False,True,False,6.493261432906001e-08,COMPLETE
810,0.4166324496269226,2025-04-14 17:22:08.395183,2025-04-14 17:22:26.319411,0 days 00:00:17.924228,0.39726617555002697,0.05466404673852593,2,0.012352084643429394,0.0256660884652607,0.09322654689675133,0.04979193250844614,0.07751856904810325,0.09454240526604518,0.00214991780117065,23,25,0.08945166634070861,0.2052140901301904,False,True,True,3.1958104920161643e-08,COMPLETE
811,0.3636031150817871,2025-04-14 17:22:26.574881,2025-04-14 17:22:35.395745,0 days 00:00:08.820864,0.42574709913268705,0.0954460677964135,8,0.00016048120824801743,0.02467383986442633,0.09699672191879478,0.03905621553289303,0.07906958930882875,0.08867068087259747,0.0017932765557490975,24,24,0.08718383164320942,0.12670154516734108,False,True,True,1.0761228573529577e-07,COMPLETE
812,0.5946130752563477,2025-04-14 17:22:35.657811,2025-04-14 17:22:44.566339,0 days 00:00:08.908528,0.4402190935965102,0.07931216310922035,8,0.01086803555633452,0.03034968450503426,0.09126718921048153,0.04781640590456641,0.0747348833374853,0.09278720031171195,0.0018128740635551081,25,24,0.0907202581370623,0.14248639803858945,False,True,True,1.459833772528482e-07,COMPLETE
813,0.4496033668518067,2025-04-14 17:22:44.832579,2025-04-14 17:22:53.787693,0 days 00:00:08.955114,0.41425523438873096,0.11484352372608561,8,0.008720865286002407,0.04262664554866283,0.09470510717366223,0.04722843339226735,0.07369464046877211,0.09475860285543886,0.003269093616879992,25,22,0.08837253602670113,0.1428486300979676,False,True,True,1.3864759006654988e-07,COMPLETE
814,0.33272908926010136,2025-04-14 17:22:54.041059,2025-04-14 17:23:03.164334,0 days 00:00:09.123275,0.406516246234232,0.0969888793236369,8,0.006023104108608129,0.047226074209977674,0.09208849947516934,0.045439323294561844,0.09741266638299949,0.09294174363559732,0.002686045798113209,26,19,0.09065460153958572,0.14344109256175575,False,True,True,1.7501168040689823e-07,COMPLETE
815,0.42043272256851194,2025-04-14 17:23:03.430948,2025-04-14 17:23:12.043006,0 days 00:00:08.612058,0.43290499631229507,0.08501478906034901,8,0.011997519365650676,0.035850657976123586,0.09395858673829005,0.04291027102046767,0.0768574879299094,0.09289068527207754,0.0026177138044913913,23,13,0.08919972018060868,0.14024425352905076,False,True,True,1.467767608044549e-07,COMPLETE
816,0.5662708163261414,2025-04-14 17:23:12.310255,2025-04-14 17:23:21.307833,0 days 00:00:08.997578,0.44324562368436077,0.07839057536129128,8,0.014028708314769524,0.03471719065648374,0.09664028689558822,0.044412100244752645,0.07363604537720571,0.09111338432217227,0.0021341763723840366,25,23,0.0859161469896854,0.1334934502621357,False,True,True,5.563902370425725e-08,COMPLETE
817,0.3937775731086731,2025-04-14 17:23:21.566256,2025-04-14 17:23:30.510785,0 days 00:00:08.944529,0.44040398526611435,0.12676383615902168,8,0.01295176261000785,0.04377120531767191,0.09911771105570401,0.0437624521060647,0.07407481944452622,0.095058735678997,0.002132738935140367,25,16,0.08493105099386535,0.13358198168223107,False,True,True,4.879566422906842e-08,COMPLETE
818,0.41498076915740967,2025-04-14 17:23:30.775004,2025-04-14 17:23:39.724693,0 days 00:00:08.949689,0.4377630582262237,0.12233444358824855,8,0.00034596638598273304,0.038799270732302556,0.09792335878380379,0.042344016956357915,0.07481879707848876,0.09120090003245836,0.0026675121013038467,25,21,0.08530031762545327,0.12596940659172906,False,True,True,6.871274462515698e-08,COMPLETE
819,0.40922759771347045,2025-04-14 17:23:39.997049,2025-04-14 17:23:48.877287,0 days 00:00:08.880238,0.46506500535070355,0.10480967095900459,8,0.007628154636436485,0.03645670514033915,0.09639884093820389,0.0403747228779196,0.07805727311535399,0.09258553754637139,0.0023578960492950554,25,17,0.08391290313825484,0.1346980007948519,False,True,True,4.193777423972686e-08,COMPLETE
820,0.3009796679019928,2025-04-14 17:23:49.136485,2025-04-14 17:23:57.936538,0 days 00:00:08.800053,0.4149294663252725,0.08283656757386099,8,0.014469912147679977,0.05020039892621163,0.09700172075262617,0.044831466110760075,0.0764950901209478,0.09407855847121821,0.0020043659800037506,24,22,0.08612608457014322,0.13142638474880697,True,False,True,5.77340206535567e-08,COMPLETE
821,0.5831837892532349,2025-04-14 17:23:58.206618,2025-04-14 17:24:07.228055,0 days 00:00:09.021437,0.37774557193384206,0.10466023540187172,8,0.009280869411901005,0.03395407928182586,0.0956023233858814,0.044948352376299884,0.07351291014793102,0.0914689749868287,0.002382189292884892,26,23,0.08723778049125061,0.12300509609227411,False,True,True,9.74382569315727e-08,COMPLETE
822,0.40650722980499265,2025-04-14 17:24:07.496191,2025-04-14 17:24:27.044914,0 days 00:00:19.548723,0.38838672096264376,0.10979191235966707,2,0.0007481091495855526,0.03836117071734514,0.09929454429874424,0.04147517075026734,0.08039965221163871,0.09522744978818473,0.0032585486013019726,26,18,0.08670460094268023,0.1211806361835616,False,True,True,9.132911973337766e-08,COMPLETE
823,0.4090990543365479,2025-04-14 17:24:27.317540,2025-04-14 17:24:36.455327,0 days 00:00:09.137787,0.40133468600467476,0.08513902559632662,8,0.005879849086453172,0.04405756547407769,0.09560064151675719,0.040667194322438247,0.07399294137012136,0.09147109909642179,0.0031012205746198,26,21,0.08518069398733744,0.12324113618613401,False,True,True,7.912428807274776e-08,COMPLETE
824,0.553617012500763,2025-04-14 17:24:36.712638,2025-04-14 17:24:45.819316,0 days 00:00:09.106678,0.4172909116769521,0.07127649246509397,8,0.010873158095201368,0.03321314398920575,0.09289976329257825,0.04368293040786223,0.07587713528631788,0.09272245397335142,0.0024427159300463718,26,24,0.0870614360962154,0.12498744492491606,False,True,True,1.2746239807591815e-07,COMPLETE
825,0.33194910287857055,2025-04-14 17:24:46.091767,2025-04-14 17:24:55.127691,0 days 00:00:09.035924,0.36245000544025596,0.12115314094787588,8,0.006567178991581534,0.05387991080694218,0.09294711957568937,0.04210625080790507,0.07857512309125834,0.09616275909886508,0.002908415928425656,26,15,0.08664470742006572,0.1154564969205012,False,True,True,1.1798244172126085e-07,COMPLETE
826,0.3911065459251404,2025-04-14 17:24:55.399571,2025-04-14 17:25:04.476989,0 days 00:00:09.077418,0.42183774165020627,0.4504711651977498,8,0.009546989978881959,0.03680288979301882,0.0915478083027385,0.03975127153532537,0.07601928625768732,0.09221820600710445,0.00434831561439598,26,19,0.08756950241340518,0.12300556603194483,False,True,True,3.6856807416346795e-08,COMPLETE
827,0.39732433557510377,2025-04-14 17:25:04.735923,2025-04-14 17:25:13.802593,0 days 00:00:09.066670,0.387438836172362,0.08266354526365591,8,0.004259118685146232,0.04619178497858456,0.09378202251826412,0.04309976808278366,0.07750974818977689,0.09372316668345623,0.002555461771617719,26,12,0.08797610889111405,0.11664253154551116,False,True,True,1.2322902376447548e-07,COMPLETE
828,0.2683804750442505,2025-04-14 17:25:14.071826,2025-04-14 17:25:22.912247,0 days 00:00:08.840421,0.3777758286661285,0.07232183067613969,8,0.0005281948050593639,0.035344584647383805,0.09998595613237032,0.044974846919542705,0.0804303147680579,0.0939551761963102,0.003092546411861549,25,23,0.08455988704042834,0.12658708547991485,False,True,False,9.862945101002903e-08,COMPLETE
829,0.4138583540916443,2025-04-14 17:25:23.187023,2025-04-14 17:25:32.438768,0 days 00:00:09.251745,0.38652901010558194,0.09818883642609244,8,0.010783207320353727,0.03866928234400416,0.09670358236945818,0.04370336130818399,0.07637800842090944,0.0922462426330838,0.003745418774554845,27,23,0.08798122196767917,0.12221769081264001,False,True,True,1.6801779327968126e-07,COMPLETE
830,0.3705877423286438,2025-04-14 17:25:32.696940,2025-04-14 17:25:41.808489,0 days 00:00:09.111549,0.36468304529335765,0.07369662402144547,8,0.01098584954992719,0.031018418525571134,0.09487795995859252,0.04119386614204658,0.07476863610504232,0.09162907759240435,0.004081956545095494,26,20,0.08619533459993141,0.11341690634585702,False,True,True,5.213339731761544e-08,COMPLETE
831,0.40761216878890993,2025-04-14 17:25:42.080645,2025-04-14 17:25:51.119834,0 days 00:00:09.039189,0.41360858471501677,0.09913238467412538,8,0.014096446758997766,0.04088541463583164,0.09112859600510738,0.04392911328484633,0.07758622788831941,0.09565285183709443,0.0021976923125173135,25,18,0.08816417957236627,0.1277535655619661,False,True,True,8.1639517521637e-08,COMPLETE
832,0.3649250268936157,2025-04-14 17:25:51.393699,2025-04-14 17:26:00.497224,0 days 00:00:09.103525,0.4070711758255494,0.0637323172651307,8,0.00571442558617517,0.03290403699962701,0.0929444538205055,0.043697733650847684,0.07906984297409325,0.09314979752339347,0.0036650431194851073,26,24,0.08477502718806057,0.12019901279229604,False,True,True,1.2027706225880448e-07,COMPLETE
833,0.42147420644760136,2025-04-14 17:26:00.757533,2025-04-14 17:26:09.655443,0 days 00:00:08.897910,0.4331609228370136,0.12872553378788207,8,0.013256382727229583,0.03301102030791917,0.09773887950477361,0.04503381179662599,0.0734018675163329,0.029578630765013852,0.0028458903919046405,25,22,0.08724481924671257,0.12870007520970145,False,True,True,6.29186691976537e-08,COMPLETE
834,0.413620924949646,2025-04-14 17:26:09.926289,2025-04-14 17:26:19.138463,0 days 00:00:09.212174,0.36813648153087597,0.08156335686384424,8,0.008173327638004704,0.045470912360007824,0.09491682232544539,0.035676232836494445,0.07563332839019424,0.09060388127150845,0.0023934162288156307,27,24,0.08916205901375765,0.13327474016618948,False,True,True,1.137483894827305e-07,COMPLETE
835,0.35941514968872074,2025-04-14 17:26:19.415663,2025-04-14 17:26:38.337187,0 days 00:00:18.921524,0.4423239142743879,0.11095217878792131,2,0.015308790408226058,0.030374410861925938,0.09063996867417341,0.037409789589147716,0.07339441805926515,0.09393974144582784,0.0018465287172195841,25,14,0.08404259003533644,0.1245895180468721,False,True,True,2.0821454690185547e-07,COMPLETE
836,0.4086584568023681,2025-04-14 17:26:38.598310,2025-04-14 17:26:47.887177,0 days 00:00:09.288867,0.3897084600781567,0.06059189662223339,8,0.004643996884307668,0.03121480094909787,0.09264862685259127,0.0451149035686573,0.07560204138512622,0.09062963150682075,0.0024216655171319834,27,21,0.0900873396822538,0.1319711737402749,False,True,True,8.969743272568434e-08,COMPLETE
837,0.4067038297653198,2025-04-14 17:26:48.162584,2025-04-14 17:26:57.201038,0 days 00:00:09.038454,0.42939213283717986,0.05663771495800209,8,0.0008684571919669558,0.036777167743140216,0.09551302937118303,0.04609903369558178,0.0813629037192833,0.09512655013655297,0.0034911208339363765,26,24,0.08594419468432472,0.11715413967141858,False,True,True,1.4168991318517895e-07,COMPLETE
838,0.42079737186431887,2025-04-14 17:26:57.480388,2025-04-14 17:27:06.294492,0 days 00:00:08.814104,0.45020963156390076,0.07863244957476244,8,0.01020294080999651,0.03989594440801771,0.0878009278392179,0.04177720463401391,0.07838132770373028,0.08935831313454198,0.0019721987559789826,24,18,0.08905609877775882,0.13667089848272626,False,True,True,1.0143515017349752e-07,COMPLETE
839,0.5260039329528808,2025-04-14 17:27:06.555881,2025-04-14 17:27:15.521351,0 days 00:00:08.965470,0.4089100473631104,0.05255152427396918,8,0.015687653213992576,0.05000562740797332,0.09183822932395966,0.04625695277321379,0.0736298940407943,0.09263399696434613,0.0018202227969893968,25,24,0.08737272998708648,0.23382005722209792,False,True,True,1.5328365028028134e-07,COMPLETE
840,0.304797899723053,2025-04-14 17:27:15.795693,2025-04-14 17:27:24.842203,0 days 00:00:09.046510,0.44177122388283335,0.09653040769743046,8,0.01682710396729337,0.03201824316623661,0.0898903202275248,0.04115183497708485,0.07651341163960443,0.08919497609103727,0.004768995267303035,26,25,0.0895288659015162,0.12815278770097963,True,False,True,6.486094628191295e-08,COMPLETE
841,0.29688898324966434,2025-04-14 17:27:25.116050,2025-04-14 17:27:33.932892,0 days 00:00:08.816842,0.3824633298346089,0.06849317779595235,8,0.00017164279303033287,0.06052374800722328,0.09470472607745285,0.0467143388749869,0.0800324857911516,0.09579448117212604,0.002518808021586915,24,69,0.08647258205164701,0.12380711657014691,False,True,True,1.9216548078897423e-07,COMPLETE
842,0.5434812784194947,2025-04-14 17:27:34.214576,2025-04-14 17:27:43.192078,0 days 00:00:08.977502,0.47161805943666446,0.04788544391512158,8,0.009341617506303988,0.02843894057792301,0.097753615884883,0.044125048674716456,0.07310264700401213,0.09157490827496616,0.0018273751393903344,25,20,0.08321833888069786,0.13725524742630313,False,True,True,1.0472799085173949e-07,COMPLETE
843,0.31690903902053835,2025-04-14 17:27:43.456505,2025-04-14 17:27:52.597191,0 days 00:00:09.140686,0.4257579345551922,0.11086144902436165,8,0.01636389323579161,0.029372885576594093,0.09333876897530659,0.04764794717010178,0.07545450726496342,0.09345546951361547,0.005968048323767944,27,25,0.09077335529542609,0.1319269293570502,False,True,True,4.1334252620755235e-08,COMPLETE
844,0.560496735572815,2025-04-14 17:27:52.873796,2025-04-14 17:28:02.015607,0 days 00:00:09.141811,0.4055190577831288,0.08515224816369577,8,0.010625425412439354,0.03195482798045584,0.09671653425217215,0.04473820381804904,0.07658879670271239,0.04681854547365262,0.00168450050742829,26,21,0.08853975454614586,0.13769972712951045,False,True,True,8.125557198756207e-08,COMPLETE
845,0.39375689029693606,2025-04-14 17:28:02.297061,2025-04-14 17:28:11.320477,0 days 00:00:09.023416,0.38862758195411673,0.12251106096962117,8,0.0063107659065631564,0.043081516998632524,0.09757467118532422,0.0438428959039057,0.07793642094317958,0.08939378380683756,0.0022876739228733433,26,15,0.0881242665768704,0.12418898167576614,False,True,True,7.790046503056165e-08,COMPLETE
846,0.404620885848999,2025-04-14 17:28:11.584036,2025-04-14 17:28:20.832945,0 days 00:00:09.248909,0.39815518338545464,0.1319202907603795,8,0.009176075854511646,0.040186974107475265,0.09984274571901768,0.03865560910411184,0.08000310750318171,0.04400015125349024,0.0020318922400354013,27,17,0.08510360384815654,0.1309860002813081,False,True,True,7.589418393785326e-08,COMPLETE
847,0.24221755266189576,2025-04-14 17:28:21.107958,2025-04-14 17:28:40.445242,0 days 00:00:19.337284,0.37552408558986883,0.0945232388399837,2,0.0116676260593614,0.03483807142882658,0.09659091757614006,0.040351549878392706,0.07801751797078796,0.046038960041306184,1.6909727645298914e-05,26,20,0.08863498496116669,0.1143540681773988,False,True,False,1.1677742700751725e-07,COMPLETE
848,0.4559052586555481,2025-04-14 17:28:40.724726,2025-04-14 17:28:49.833111,0 days 00:00:09.108385,0.4072345366165007,0.0926820691087719,8,0.005530361384167357,0.04984567928834553,0.09661120498652705,0.04243253189041972,0.07689089268390825,0.04424129833639063,0.0017287164569625198,26,21,0.09022374563597901,0.1357205168280042,False,True,True,5.784952332387616e-08,COMPLETE
849,0.3958738446235657,2025-04-14 17:28:50.099665,2025-04-14 17:28:58.970934,0 days 00:00:08.871269,0.44020235659265683,0.0768404326186832,8,0.01602407708758425,0.03321594013714298,0.09416750125451383,0.044336703577675635,0.08194620460132993,0.04877833900716861,0.002236884976075931,25,16,0.0862232065140705,0.11928222160736132,False,True,True,5.1190122724772724e-08,COMPLETE
850,0.3596463203430176,2025-04-14 17:28:59.252102,2025-04-14 17:29:08.191847,0 days 00:00:08.939745,0.4061722402397484,0.08645831564172979,8,0.010943868297486253,0.028738626947792965,0.09500453097943806,0.04224998207852324,0.07894436236312463,0.09076516030868342,0.002852044035430953,25,20,0.08362563922438082,0.1288086450130737,False,True,True,1.0690882822523685e-07,COMPLETE
