number,value,datetime_start,datetime_complete,duration,params_alpha-eval,params_alpha-train,params_batch-size,params_eps-eval,params_eps-train,params_lambda-actions-eval,params_lambda-actions-train,params_lambda-frames-eval,params_lambda-frames-train,params_learning-rate,params_n-epochs,params_n-frames,params_radius-gw,params_rho,params_std-feats,params_ub-actions,params_ub-frames,params_weight-decay,state
856,0.19931281208992005,2025-04-12 20:12:34.383176,2025-04-12 20:12:43.566308,0 days 00:00:09.183132,0.4481351163845262,0.5996918814182708,8,0.0465247251805399,0.17833607938455737,0.08793340272449537,0.05125855853510547,0.029618903943881048,0.09296192224519421,0.08197811843104227,26,20,0.04207709525149808,0.14556502397474347,True,True,True,2.987441858422043e-08,COMPLETE
857,0.28717092871665956,2025-04-12 20:12:43.851863,2025-04-12 20:12:52.900294,0 days 00:00:09.048431,0.47291076305154073,0.4789949010707718,8,0.03499257320471939,0.13986071831812247,0.08180277997415708,0.05889174688932543,0.03889762607480286,0.09836897733990818,0.06655475868667463,25,30,0.04853790136900533,0.18501714015477513,True,True,True,4.245424494639687e-07,COMPLETE
858,0.4298946619033814,2025-04-12 20:12:53.185511,2025-04-12 20:13:02.395120,0 days 00:00:09.209609,0.43766923988670564,0.5640380380690484,8,0.05130444783203077,0.1870004428733844,0.07515803383160923,0.05419943317452338,0.03733095648268796,0.0961784804469459,0.08471173245947906,26,36,0.0464113775546319,0.19625952610765648,True,True,True,9.716428010994121e-07,COMPLETE
859,0.3001170754432678,2025-04-12 20:13:02.667304,2025-04-12 20:13:12.118613,0 days 00:00:09.451309,0.4539360929571384,0.42961888715967406,8,0.06027314184731046,0.22318332233902208,0.07910216150824392,0.0488985108326417,0.03292280941357545,0.09409166492431613,0.05002823104921917,28,24,0.04310355772608778,0.16833357929259452,True,True,True,5.524041829138484e-07,COMPLETE
860,0.4221424698829651,2025-04-12 20:13:12.401980,2025-04-12 20:13:21.443872,0 days 00:00:09.041892,0.3953665145007695,0.5486439039114378,8,0.0695988063648067,0.08798590194749346,0.08431120421892935,0.06042801952288256,0.07807848646672308,0.0894088625583675,0.07109801828925474,25,32,0.04475728225159853,0.18043460267851136,True,True,True,1.2401444676815475e-06,COMPLETE
861,0.4265366673469544,2025-04-12 20:13:21.729659,2025-04-12 20:13:30.394019,0 days 00:00:08.664360,0.48139338893700057,0.4719261579614052,8,0.0429550667285414,0.19863017529816648,0.08003331233683936,0.05266092723000964,0.005285709901939519,0.09811697882507323,0.05859939480654284,23,27,0.05014689566167299,0.18818715815931214,True,True,True,8.081155742008823e-07,COMPLETE
862,0.26105678677558897,2025-04-12 20:13:30.666601,2025-04-12 20:13:38.578982,0 days 00:00:07.912381,0.4266991874144534,0.4943045363429747,8,0.049541868203197656,0.2142910589223598,0.08271620790582322,0.056506739149264795,0.050039298482952736,0.0926984314675431,0.04120555286302398,17,23,0.047380463307435235,0.1740983548071527,True,True,True,3.9259742294359605e-07,COMPLETE
863,0.4309885263442993,2025-04-12 20:13:38.861301,2025-04-12 20:13:48.149497,0 days 00:00:09.288196,0.4854408761822589,0.5774987771445012,8,0.0391501903479794,0.19202374488046878,0.08545320129196952,0.05816427816751327,0.060100481214311496,0.09652367435236685,0.014793192493531563,27,29,0.04961436069004245,0.15747907978363115,True,True,True,5.330723230335094e-07,COMPLETE
864,0.38466577529907225,2025-04-12 20:13:48.436038,2025-04-12 20:13:57.332691,0 days 00:00:08.896653,0.4668161535270413,0.521102552291322,8,0.05566637754037283,0.20186404848683936,0.0778685689391459,0.053748922362078885,0.04233738957803482,0.09991511731644145,0.08568573112310668,24,34,0.04107506415224101,0.1642374698933709,True,True,True,6.979961934656007e-07,COMPLETE
865,0.19931281208992005,2025-04-12 20:13:57.625663,2025-04-12 20:14:06.745000,0 days 00:00:09.119337,0.44526714033590836,0.464043080988677,8,0.033479726570403774,0.18402883050978006,0.08144415744290266,0.05029250277868046,0.07486390824067066,0.08827129305313831,0.07142561084665455,26,19,0.0013186817977494658,0.19431359222624844,True,True,True,9.531661607120498e-07,COMPLETE
866,0.4237701773643494,2025-04-12 20:14:07.020194,2025-04-12 20:14:16.028301,0 days 00:00:09.008107,0.49205024957358445,0.4231084756785172,8,0.04674746952685006,0.17340783694371617,0.08736014696733423,0.055541759446723585,0.0481501424169406,0.09101830087708027,0.058335629499264414,25,26,0.045684636698500175,0.18413274058162335,True,True,True,5.016340258737772e-07,COMPLETE
867,0.19931281208992005,2025-04-12 20:14:16.313646,2025-04-12 20:14:25.122056,0 days 00:00:08.808410,0.4580067317366039,0.5070239617370174,8,0.06186635266838097,0.13458306266455405,0.08359935222083659,0.09975919365065121,0.005476278815083635,0.09510457014644613,0.08392309455973511,24,15,0.04367554452374052,0.17375015139386607,True,True,True,3.640842998139087e-07,COMPLETE
868,0.19931281208992005,2025-04-12 20:14:25.411931,2025-04-12 20:14:34.468367,0 days 00:00:09.056436,0.40818564367190824,0.4467640647123087,8,0.20541318934835004,0.21029131831875236,0.07703076155028277,0.052223803300744866,0.05411181241719083,0.09683299706061217,0.0004957788674882884,26,31,0.04762444855991292,0.15130906562378857,False,True,True,6.400331923424907e-07,COMPLETE
869,0.19931281208992005,2025-04-12 20:14:34.741485,2025-04-12 20:14:43.784532,0 days 00:00:09.043047,0.4303779669598482,0.5302307956039312,8,0.0534811590719955,0.19417860575594406,0.0802682644591947,0.060651741600420785,0.07648017831475616,0.057290158286089944,0.06884981036749019,25,25,0.03944051351868153,0.17962740272753122,True,True,True,8.15322477921687e-07,COMPLETE
870,0.19931281208992005,2025-04-12 20:14:44.070314,2025-04-12 20:14:53.332831,0 days 00:00:09.262517,0.4786326307141096,0.4830903068413117,8,0.24917878395471418,0.05750619012030729,0.0859228755295001,0.05779631581799582,0.0033738275359095765,0.09338881576742919,0.04902781608213515,27,22,0.05082781090477574,0.1911583876102922,True,True,True,5.783212213061696e-08,COMPLETE
871,0.319428700208664,2025-04-12 20:14:53.618102,2025-04-12 20:15:02.853279,0 days 00:00:09.235177,0.22136493910620103,0.44447208399276134,8,0.04426769956577141,0.17892639928443396,0.08170113571875957,0.05519880822354995,0.005822589790078263,0.08452908512487037,0.09964513332534113,26,29,0.04598317048783184,0.16881045753938767,True,True,True,1.2378241443331948e-06,COMPLETE
872,0.40884387493133545,2025-04-12 20:15:03.143419,2025-04-12 20:15:12.042324,0 days 00:00:08.898905,0.38111165357432036,0.5501835370174063,8,0.0396365259747338,0.20192800338128614,0.08389131353057644,0.05339447796517429,0.045580198574891595,0.0644837430176621,0.08449240515189672,24,36,0.048336213878860425,0.18366420636045527,True,True,True,4.632054114879636e-07,COMPLETE
873,0.4204984068870544,2025-04-12 20:15:12.315858,2025-04-12 20:15:21.823164,0 days 00:00:09.507306,0.4615384312153073,0.4994727176078111,8,0.04935364451009712,0.18816872725160766,0.07476962729097508,0.04748645535172944,0.05251229512440352,0.09800860247266674,0.06169359550446888,28,27,0.04292043153576964,0.1621557710321451,True,True,True,6.226198028489206e-07,COMPLETE
874,0.42496049404144287,2025-04-12 20:15:22.110199,2025-04-12 20:15:31.025062,0 days 00:00:08.914863,0.4167607383651425,0.41414660875601783,8,0.05536455578310925,0.12562769853137487,0.07908953194378045,0.05035550028296012,0.0011244331117760899,0.09516299805719462,0.07739558639374679,25,33,0.0445286205088717,0.17886672098700293,True,True,False,8.435475731167336e-07,COMPLETE
875,0.2986571490764618,2025-04-12 20:15:31.312107,2025-04-12 20:15:40.587067,0 days 00:00:09.274960,0.4374179437481884,0.22299203531539397,8,0.06617350858427644,0.18340420208630606,0.08511418191843267,0.058382952931212144,0.02713579566580612,0.08727203600808492,0.06670871830664252,27,22,0.04969243476566561,0.1914192255221078,True,True,True,3.226544681299173e-07,COMPLETE
876,0.4251140356063843,2025-04-12 20:15:40.878606,2025-04-12 20:15:49.912816,0 days 00:00:09.034210,0.4870663360708043,0.6090337767147046,8,0.04686038351277952,0.20716052196888404,0.08240861067769693,0.0561285239268143,0.02272190851882385,0.09169662028254308,0.0539153067728593,25,29,0.046506162031304164,0.08814975451354046,True,True,True,4.141792784667033e-07,COMPLETE
877,0.28083063960075383,2025-04-12 20:15:50.188573,2025-04-12 20:15:59.308508,0 days 00:00:09.119935,0.5012065960812289,0.582709863250234,8,0.03362014493746454,0.1952844414097054,0.08787130846405687,0.05203618709121529,0.008030994181428847,0.09848332428914804,0.09953606743622116,26,31,0.041442138387772144,0.17351641884412763,True,True,True,1.012591911565608e-06,COMPLETE
878,0.30244402885437016,2025-04-12 20:15:59.597398,2025-04-12 20:16:08.792162,0 days 00:00:09.194764,0.45705469911071966,0.4545376651808444,8,0.05958628283562001,0.17139188207625514,0.0778950524400254,0.06140830690112452,0.003448594844261156,0.09440693416740259,0.08379220689594837,26,25,0.04803995828061003,0.19726858963441105,True,True,True,5.68730350920316e-07,COMPLETE
879,0.31544218063354496,2025-04-12 20:16:09.080164,2025-04-12 20:16:17.802144,0 days 00:00:08.721980,0.503478983935348,0.5395387506386394,8,0.0837837632182899,0.09432654868898913,0.0797097939647408,0.05954284984060912,0.06232553959518229,0.08999558404724255,0.0718762345652891,23,38,0.07765316599717194,0.15498841184040832,True,True,True,6.876476641187514e-07,COMPLETE
880,0.19931281208992005,2025-04-12 20:16:18.077976,2025-04-12 20:16:26.930283,0 days 00:00:08.852307,0.4736934825805637,0.4699082284749197,8,0.04074924082364403,0.1908124599449838,0.0819033636523036,0.05440405889693794,0.05086573812535232,0.096715521734285,0.04688315400336192,24,17,0.05124447639845813,0.18743506617034347,True,True,True,5.319890300427219e-07,COMPLETE
881,0.4204371929168701,2025-04-12 20:16:27.221143,2025-04-12 20:16:36.255692,0 days 00:00:09.034549,0.4385673691460948,0.5167270086351183,8,0.05471457265753066,0.21871154532732193,0.08404109347812631,0.056549711286776334,0.02509338601566551,0.09273495071468563,0.05965227239822687,25,27,0.04501440413427249,0.13862184728701066,True,True,True,7.77734120365976e-07,COMPLETE
882,0.2710543036460876,2025-04-12 20:16:36.549392,2025-04-12 20:16:45.720036,0 days 00:00:09.170644,0.3911493131928483,0.13826727840646508,8,0.1002070602678678,0.201700644925842,0.07610640397768972,0.053416817178570095,0.006719788348295595,0.09840905040452484,0.08658993829508314,26,33,0.04656848241036395,0.1666885860270597,True,True,True,1.1253330527760968e-07,COMPLETE
883,0.19931281208992005,2025-04-12 20:16:46.013563,2025-04-12 20:16:55.299323,0 days 00:00:09.285760,0.41436134262319063,0.42898957615033534,8,0.04725955897503889,0.1768286689250339,0.07961323560848964,0.05034309580567457,0.057839981784888604,0.09590825202074042,0.07331042318894063,27,22,0.043102865887448424,0.17728611128227625,True,True,True,1.1690546799104948e-06,COMPLETE
884,0.4340841889381408,2025-04-12 20:16:55.576789,2025-04-12 20:17:05.106416,0 days 00:00:09.529627,0.4930862008359173,0.5644062146486373,8,0.05136166302392743,0.1864131125734638,0.08597061845449916,0.057670274877254214,0.04343630571884558,0.09066475505047797,0.09989585858322975,28,29,0.049238585477838916,0.18466702820217004,True,True,True,4.1616766653627753e-07,COMPLETE
885,0.19931281208992005,2025-04-12 20:17:05.395612,2025-04-12 20:17:14.375071,0 days 00:00:08.979459,0.4553629391337557,0.38840414043071486,8,0.038765359909634235,0.21335300632414278,0.08143416984294168,0.05600169108379294,0.047016031831676915,0.09427370488381384,0.0007814057111633694,25,25,0.047679752439447706,0.12188830788102276,True,True,True,6.882459604328595e-07,COMPLETE
886,0.3138566851615906,2025-04-12 20:17:14.669651,2025-04-12 20:17:23.671922,0 days 00:00:09.002271,0.47876422181706924,0.48856133462774687,8,0.07056805984726716,0.1969475010280058,0.08356123454593399,0.052325828398859985,0.04137692429685993,0.0968434173305318,0.00010918484921405284,25,19,0.04454557890371246,0.14723459458812177,True,True,True,9.717164882369188e-07,COMPLETE
887,0.2848362326622009,2025-04-12 20:17:23.947166,2025-04-12 20:17:32.880527,0 days 00:00:08.933361,0.5036241512926523,0.4401643320181241,8,0.06210147129446411,0.18166446784423215,0.07700464976037849,0.048658300215893416,0.06516852313998092,0.09982894268522657,0.06249489012039356,24,30,0.05088367549741417,0.1704284833204304,False,True,True,5.684620294056008e-07,COMPLETE
888,0.24491524100303652,2025-04-12 20:17:33.170355,2025-04-12 20:17:42.335290,0 days 00:00:09.164935,0.43780292161530326,0.47435161713330154,8,0.044394469373455224,0.20694179166556587,0.08817459966185837,0.06203481455705331,0.02039180379757645,0.0883820048928388,0.0746864521361336,26,34,0.04614596307609018,0.16054896632696128,True,True,True,0.00013041852344342306,COMPLETE
889,0.36695636510849,2025-04-12 20:17:42.627264,2025-04-12 20:17:51.957457,0 days 00:00:09.330193,0.36610158412703736,0.5044206064925623,8,0.05474698794110715,0.19278714061518346,0.08020410837623988,0.059534845637633546,0.006561836866662984,0.09249982402524508,0.039587144806978385,27,25,0.04087331568342002,0.06071573573575108,True,True,True,3.288525506861866e-07,COMPLETE
890,0.28274951577186586,2025-04-12 20:17:52.254237,2025-04-12 20:18:01.010953,0 days 00:00:08.756716,0.4099315644621022,0.5331692521558248,8,0.0344595780698132,0.20063290713872364,0.08457596717914542,0.05461452395710922,0.03861475332985631,0.09997543130571339,0.08408443521470801,23,27,0.04338004050722234,0.19980971937272365,True,True,True,4.6327454088082416e-07,COMPLETE
891,0.42013025283813477,2025-04-12 20:18:01.288028,2025-04-12 20:18:10.421168,0 days 00:00:09.133140,0.4662821407794827,0.4013001348404987,8,0.04946286459531747,0.18777718588269213,0.08235185777404347,0.05759490939502705,0.0011290866581646461,0.09812247134336881,0.04990209080436832,26,21,0.04903258600033756,0.18011153517184708,True,True,True,8.301536030293041e-07,COMPLETE
892,0.4473272681236268,2025-04-12 20:18:10.717264,2025-04-12 20:18:19.664679,0 days 00:00:08.947415,0.5069870139574666,0.4565358671567502,8,0.05848395909917613,0.17681579192070704,0.07830896879577894,0.04674906030545745,0.035368272797941636,0.09581619340465486,0.05862278992933756,25,31,0.05215440846453859,0.18949303961633496,True,True,True,6.738496730917183e-07,COMPLETE
893,0.3700558543205261,2025-04-12 20:18:19.956701,2025-04-12 20:18:28.738161,0 days 00:00:08.781460,0.485912862365,0.42471049070252925,8,0.06646212763309226,0.17378919215469424,0.07473372014535014,0.042105410320758235,0.04111852336056342,0.0934763957891674,0.05563742110206148,24,28,0.05322688491641922,0.11450621477977713,True,True,False,1.0545873664091198e-06,COMPLETE
894,0.3165493726730347,2025-04-12 20:18:29.034248,2025-04-12 20:18:37.867698,0 days 00:00:08.833450,0.4492654566083098,0.4543129508680796,8,0.07360169656127205,0.17051569027040228,0.07778758043696267,0.044571161908459694,0.049181018394734856,0.09151431480150646,0.04331627235628555,24,24,0.05432414587334749,0.18617172360736464,True,True,True,7.604634164259356e-07,COMPLETE
895,0.28146777749061586,2025-04-12 20:18:38.148698,2025-04-12 20:18:47.191805,0 days 00:00:09.043107,0.508303437995543,0.04684950625653872,8,0.06064504507968501,0.17674218770909023,0.071562994161362,0.0426010752298938,0.031690690221928164,0.08578231703579707,0.09974156039056804,25,31,0.05160943188272311,0.17640826958330377,True,True,True,6.572860210280944e-07,COMPLETE
896,0.19931281208992005,2025-04-12 20:18:47.488193,2025-04-12 20:19:06.692306,0 days 00:00:19.204113,0.46988086463992423,0.407490495317319,2,0.04335690314816855,0.1802214578088757,0.07454150855732364,0.04729219622153702,0.03784344032845214,0.09488608259861774,4.479283066826525e-05,25,28,0.053099559982722394,0.16952002684604078,True,True,True,7.008766070746979e-08,COMPLETE
897,0.4478168964385987,2025-04-12 20:19:06.989421,2025-04-12 20:19:15.816014,0 days 00:00:08.826593,0.43496223880310725,0.44355690927219477,8,0.06348389377271338,0.16935634137620562,0.07764471563712207,0.050086605739354334,0.045446755050627965,0.09026478145106968,0.07464493503783641,24,23,0.04494618200071063,0.18125309244871474,True,True,True,8.899628279681686e-07,COMPLETE
898,0.19931281208992005,2025-04-12 20:19:16.113397,2025-04-12 20:19:24.774453,0 days 00:00:08.661056,0.4450200104306874,0.4380543626984173,8,0.07955267153092846,0.1694867655416617,0.07311363182017142,0.0463619214264553,0.04516210778012393,0.0932811321126662,0.05309889286399257,23,19,0.039243084308095824,0.1903200808486798,True,True,True,1.108606680024601e-06,COMPLETE
899,0.19931281208992005,2025-04-12 20:19:25.057127,2025-04-12 20:19:33.798491,0 days 00:00:08.741364,0.46612604678087777,0.4203762856756132,8,0.06587347120435735,0.16647473536828983,0.0764818808706563,0.04757904956818495,0.03436439792919551,0.09532014918304711,0.06518435617311612,24,13,0.04242085846684687,0.18172425866188027,True,True,True,8.259307598759351e-07,COMPLETE
900,0.19931281208992005,2025-04-12 20:19:34.091632,2025-04-12 20:19:42.976428,0 days 00:00:08.884796,0.48830546094064187,0.45770797712148176,8,0.06331919067029679,0.16845556092708128,0.07533647991937262,0.047119250120102645,0.04425266000073598,0.09215711755583522,0.0389945858449333,24,21,0.03644280696210119,0.18721028125265293,True,True,True,1.1671585163739253e-06,COMPLETE
901,0.3690301060676575,2025-04-12 20:19:43.273828,2025-04-12 20:19:52.020923,0 days 00:00:08.747095,0.4273788887575042,0.44270808032795517,8,0.07845027571596408,0.17284113706111429,0.07763602678127197,0.045253275428885784,0.04265766646732769,0.08941903120027128,0.06307592114283252,23,37,0.04250771266882831,0.19797868437355512,True,True,True,9.349929064583428e-07,COMPLETE
902,0.19931281208992005,2025-04-12 20:19:52.318674,2025-04-12 20:20:01.183480,0 days 00:00:08.864806,0.4603671769680671,0.3693545771690029,8,0.0741894768638362,0.16906173663919977,0.0734426592596138,0.039239185960851436,0.04648466363067479,0.0951427777770476,0.07317640590714092,24,23,0.04042728747093179,0.15318681510329799,True,True,True,4.3328564728629094e-08,COMPLETE
903,0.4240939974784851,2025-04-12 20:20:01.466098,2025-04-12 20:20:10.419460,0 days 00:00:08.953362,0.5054457143396931,0.41560707747723463,8,0.0690270316031813,0.1738576486063305,0.07851165170086838,0.04065464413191198,0.0449520599772556,0.09674499766771491,0.048079790458050685,24,31,0.0441820760026876,0.17353982486066805,True,True,True,8.76672854350598e-07,COMPLETE
904,0.41072132587432864,2025-04-12 20:20:10.719240,2025-04-12 20:20:19.436380,0 days 00:00:08.717140,0.44129359331279155,0.4613565859066856,8,0.05928339772838125,0.1784482544795823,0.07599228345730466,0.0437921060783047,0.041017022264816363,0.08788298555465238,0.0014346111780420467,23,27,0.0451369984648593,0.16396778736721984,True,True,True,1.1994936646578016e-06,COMPLETE
905,0.404437267780304,2025-04-12 20:20:19.734280,2025-04-12 20:20:28.663473,0 days 00:00:08.929193,0.4807499566626563,0.4335961490168531,8,0.0683218734063492,0.16453803678985954,0.07862571286666623,0.04928683075679991,0.02998635957580349,0.0935876255196046,0.00650090252770686,24,35,0.045451350752539754,0.18489044846921662,True,True,True,1.3676628910099762e-06,COMPLETE
906,0.19931281208992005,2025-04-12 20:20:28.964711,2025-04-12 20:20:37.623546,0 days 00:00:08.658835,0.42648295580401796,0.3828048757165986,8,0.06103567259650608,0.1795456949998117,0.07666498864918563,0.048669929142705105,0.04824930243833796,0.09130757530909361,0.05592073134405005,23,17,0.04112722558156124,0.14245794610875015,False,True,True,1.540876002004451e-07,COMPLETE
907,0.43353550434112553,2025-04-12 20:20:37.909898,2025-04-12 20:20:46.753517,0 days 00:00:08.843619,0.5015466162039014,0.4504220823906778,8,0.05567445027193357,0.174594172013774,0.07167225823471908,0.04546413565746364,0.034905606324132754,0.09626835484729572,0.07314014562961063,24,23,0.043599292953721884,0.1916417588935121,True,True,True,8.009998805864325e-08,COMPLETE
908,0.4055123567581177,2025-04-12 20:20:47.052375,2025-04-12 20:20:56.080961,0 days 00:00:09.028586,0.45566352515125014,0.4801871159380232,8,0.06441401884410493,0.1811498993659282,0.07843565095091111,0.04929319188462153,0.04408122270536681,0.06083470003191729,0.07520284597866111,25,29,0.04663645826121711,0.18201397122512153,True,True,True,4.6989932108637377e-07,COMPLETE
909,0.28635427355766296,2025-04-12 20:20:56.382713,2025-04-12 20:21:05.255375,0 days 00:00:08.872662,0.4809505077111702,0.3998398208638637,8,0.05610684911666462,0.16690848222425325,0.07486449111630564,0.05038477857797948,0.04014481440838838,0.09378463119509822,0.059255026948431155,24,32,0.045192569378176686,0.15839703833007118,True,True,True,1.2803951874280827e-06,COMPLETE
910,0.29646940231323243,2025-04-12 20:21:05.555336,2025-04-12 20:21:14.651933,0 days 00:00:09.096597,0.5068672510482743,0.4441391941718091,8,0.07240950442664013,0.0691245941409333,0.07989900551766362,0.04595758317571435,0.03589957679187594,0.08995188070205404,0.0842764901893812,25,26,0.04277556026937655,0.17479730662985715,True,True,True,7.549376718437893e-07,COMPLETE
911,0.19931281208992005,2025-04-12 20:21:14.939160,2025-04-12 20:21:23.694468,0 days 00:00:08.755308,0.4510910940914398,0.4226860482093804,8,0.05157282489039386,0.1747554436946445,0.07701954297890386,0.04931766814544927,0.032350377548281364,0.09642035844603819,0.06649957727664269,23,20,0.04757517011541586,0.19583302933492933,True,True,True,9.524536727054136e-07,COMPLETE
912,0.41731029748916626,2025-04-12 20:21:23.992332,2025-04-12 20:21:32.776668,0 days 00:00:08.784336,0.471011528129155,0.4664468614040907,8,0.0605650301242916,0.18475716663023348,0.0796592699260579,0.051088581276895945,0.04654038064437217,0.09214954083953572,0.010326321032486149,24,30,0.05087729356156642,0.16921944459166977,True,True,False,2.9042592485214603e-07,COMPLETE
