number,value,datetime_start,datetime_complete,duration,params_alpha-eval,params_alpha-train,params_batch-size,params_eps-eval,params_eps-train,params_lambda-actions-eval,params_lambda-actions-train,params_lambda-frames-eval,params_lambda-frames-train,params_learning-rate,params_n-epochs,params_n-frames,params_radius-gw,params_rho,params_std-feats,params_ub-actions,params_ub-frames,params_weight-decay,state
680,0.37816327810287476,2025-04-14 16:59:44.483757,2025-04-14 16:59:52.420438,0 days 00:00:07.936681,0.6926388830936188,0.9112928779055166,8,0.021799354120477305,0.03436327199132147,0.0026037664514373853,0.05259557289381892,0.07068300587459521,0.07930534101225854,0.0008813262990268414,18,29,0.09647152909011514,0.14728599142838666,False,True,True,6.482621661205051e-05,COMPLETE
681,0.40068783760070803,2025-04-14 16:59:52.645475,2025-04-14 17:00:00.460634,0 days 00:00:07.815159,0.6316737623464483,0.06693784898141883,8,0.04214499618711582,0.018132773833130136,0.0010416033302168084,0.04595720137153001,0.07451622279309174,0.08638179823369332,0.0012145663326647098,17,32,0.09376150020089792,0.13163482779808328,False,True,True,4.9030405352492684e-05,COMPLETE
682,0.4069495081901551,2025-04-14 17:00:00.676622,2025-04-14 17:00:08.553986,0 days 00:00:07.877364,0.4614251622374928,0.038378765339152555,8,0.016496900123565313,0.025522467618085715,0.09633914117331428,0.05184574901330885,0.07594043658308322,0.06364306066029668,0.0019015185949658908,18,27,0.069059060128788,0.14068080680306977,False,True,True,3.039779907804501e-05,COMPLETE
683,0.42212977409362795,2025-04-14 17:00:08.778865,2025-04-14 17:00:16.721680,0 days 00:00:07.942815,0.5449003135504468,0.06581606334406381,8,0.031164570949470227,0.01237195188839945,0.05120451741242715,0.04948040562152864,0.0662863237132789,0.08312283411751786,0.0010051477044374427,18,36,0.09444602902108823,0.15008818635700757,False,True,True,6.66515302472555e-05,COMPLETE
684,0.38923919200897217,2025-04-14 17:00:16.936530,2025-04-14 17:00:25.118931,0 days 00:00:08.182401,0.5010816894520468,0.02938409139474357,8,0.038161950423970824,0.009697971936555739,0.07524079915510117,0.060768568275943555,0.07178052175357089,0.08015083784579448,0.0014568798420183998,19,32,0.09302760906718952,0.12850662543274607,True,True,True,3.854815028619118e-05,COMPLETE
685,0.3217479467391968,2025-04-14 17:00:25.343694,2025-04-14 17:00:33.220459,0 days 00:00:07.876765,0.611627440069637,0.010228294377836532,8,0.025665733661570468,0.016722443753228167,0.0030442064602022177,0.041210753924358356,0.06910035418304135,0.07382394892165767,0.0012280163433366549,18,22,0.09784145170684805,0.1362181573131775,False,True,True,1.5628667631163117e-08,COMPLETE
686,0.25277126431465147,2025-04-14 17:00:33.437304,2025-04-14 17:00:41.458447,0 days 00:00:08.021143,0.4836693726081684,0.049466605536987285,8,0.017720875286493857,0.03082601973855205,0.09735671151946759,0.053376201362531225,0.060159811644676486,0.08476665248648595,0.0008425580512119775,19,79,0.09590691413140273,0.1440858892454763,False,False,True,2.618911004546967e-05,COMPLETE
687,0.2166987419128418,2025-04-14 17:00:41.682323,2025-04-14 17:00:49.697115,0 days 00:00:08.014792,0.43718380001026325,0.07184062406438267,8,0.16876664331074825,0.15335342811030003,0.005545436097293443,0.058960765423127004,0.07329474939362882,0.08174175956500292,0.001041800043292043,19,30,0.09267509866623191,0.13914887069368115,False,True,True,5.382758749974447e-05,COMPLETE
688,0.20211172699928287,2025-04-14 17:00:49.927747,2025-04-14 17:00:57.685560,0 days 00:00:07.757813,0.7171013344118102,0.043400270013704875,8,0.2392271611779313,0.022194875283886,0.006103124168672246,0.048053870200727905,0.06374855398441479,0.08695653997795877,0.0016509898692468048,17,34,0.09573719364295248,0.12652035380424168,False,True,True,4.533703984574931e-05,COMPLETE
689,0.4298727869987488,2025-04-14 17:00:57.901877,2025-04-14 17:01:05.889330,0 days 00:00:07.987453,0.5326463318951572,0.08073895223085614,8,0.03489599113347059,0.006032586991405138,0.002701350134267886,0.054698327098895855,0.0672453624031601,0.07843153072463055,0.001294187423076162,18,39,0.09430141853363673,0.13332014211191856,False,True,True,7.42067385600884e-05,COMPLETE
690,0.44638160467147836,2025-04-14 17:01:06.120222,2025-04-14 17:01:14.243771,0 days 00:00:08.123549,0.6516717134796898,0.026439973120616078,8,0.05239746399913467,0.013803125388487925,0.09846473658460791,0.05093128399159458,0.07577633591868899,0.08331911529832838,0.0009431796560664467,19,27,0.0929536241291637,0.15306005735113015,False,True,True,5.9701454877988266e-05,COMPLETE
691,0.3350461721420288,2025-04-14 17:01:14.457221,2025-04-14 17:01:22.267789,0 days 00:00:07.810568,0.6744869001607356,0.05623103965751294,8,0.024382641873822573,0.009001443565638409,0.007880271890683348,0.04472931382157292,0.07094746483159393,0.05428108069391928,0.0014901251485108687,17,30,0.0997661112936263,0.14614141511409398,False,True,True,3.7649853099149006e-05,COMPLETE
692,0.21459658145904542,2025-04-14 17:01:22.496384,2025-04-14 17:01:29.954914,0 days 00:00:07.458530,0.5589120028076819,0.01062644312145501,8,0.2268932760409511,0.02051190457728605,0.09330440136249288,0.060908648694177975,0.07377855273539725,0.0887149195414513,0.001178638937575145,15,33,0.09754873091046468,0.1387934489903511,False,True,True,7.367829217013865e-05,COMPLETE
693,0.2943838357925415,2025-04-14 17:01:30.173096,2025-04-14 17:01:38.002783,0 days 00:00:07.829687,0.5181452369583802,0.04544820710235993,8,0.04542948211759375,0.027061427709445914,0.06029505892360085,0.053802792345443246,0.069621967174361,0.08511854099393582,0.0021912424913590072,18,36,0.09218890385034528,0.1292049537312944,False,True,False,4.799877089669321e-05,COMPLETE
694,0.2939845681190491,2025-04-14 17:01:38.232346,2025-04-14 17:01:46.375704,0 days 00:00:08.143358,0.4713245572350477,0.08078596877301036,8,0.014759521848083334,0.015145192050865258,0.003147511319612618,0.05023604543508001,0.06524241633981633,0.08645130259962903,0.0029999764878429007,19,25,0.09497653541853927,0.14421143240505516,False,True,True,6.398823381025039e-05,COMPLETE
695,0.5276371479034424,2025-04-14 17:01:46.590077,2025-04-14 17:01:55.990314,0 days 00:00:09.400237,0.6044144380877443,0.06522511521927224,8,0.030270847612005394,0.005889098729359626,0.09551366562571745,0.058236558318640975,0.07201650369143227,0.0817667230560921,0.0008350175570591442,28,29,0.09163885679730618,0.13456530894515403,False,True,True,4.093571888692608e-05,COMPLETE
696,0.43555054664611814,2025-04-14 17:01:56.219345,2025-04-14 17:02:04.303447,0 days 00:00:08.084102,0.4900099096455641,0.028454969495440515,8,0.02030739122231813,0.036351002382781904,0.07190557382963951,0.05525587536937726,0.07677740426290751,0.07632499881357208,0.0010746580343544171,19,32,0.04883030246358891,0.1234044423496718,False,True,True,2.247172409127642e-05,COMPLETE
697,0.2858682990074158,2025-04-14 17:02:04.533304,2025-04-14 17:02:12.464354,0 days 00:00:07.931050,0.6398206539272295,0.042413850645406564,8,0.02705373938801875,0.010653820879035575,0.004606531730960487,0.053062659147630344,0.06813603112213072,0.08020902928996983,0.00174856467619182,18,38,0.09782149232413315,0.15066333739305596,False,True,True,5.3381787165172694e-05,COMPLETE
698,0.3528139591217041,2025-04-14 17:02:12.683576,2025-04-14 17:02:33.268812,0 days 00:00:20.585236,0.45294081559540084,0.4853306157701536,2,0.05965925940907393,0.019475459577095296,0.0084368203180147,0.046239576685688503,0.07473149836516674,0.08858838348602559,0.0013688614402494696,28,34,0.09571141569633464,0.15784480893515754,False,True,True,8.03778263988674e-05,COMPLETE
699,0.48505132198333745,2025-04-14 17:02:33.507414,2025-04-14 17:02:41.585052,0 days 00:00:08.077638,0.5466332502869815,0.06273835054480367,8,0.03695715740374719,0.0002736192223458875,0.09349880987007395,0.05881277018331575,0.07066424092623338,0.0564837735106194,0.0010001966568807788,19,28,0.09995156353405554,0.14021316915135074,False,True,True,3.282153283497036e-05,COMPLETE
700,0.42570803165435794,2025-04-14 17:02:41.802364,2025-04-14 17:02:49.511756,0 days 00:00:07.709392,0.41852091627950966,0.02695527232508342,8,0.013800344277358486,0.015015082127397685,0.002863667670662491,0.0561680122633111,0.06661086260583295,0.08369069147689308,0.0012265841617208895,16,24,0.057606518755744913,0.13236018574294459,False,True,True,6.961208493183485e-05,COMPLETE
701,0.49200621843338016,2025-04-14 17:02:49.743170,2025-04-14 17:02:57.665610,0 days 00:00:07.922440,0.5049614510474676,0.087459490073564,8,0.021348714499613963,0.027574911748410508,0.005345593071028356,0.07029376112289938,0.07267119470087333,0.09222619279105146,0.0008274467239071954,18,30,0.09238336850693443,0.1463580776579537,False,True,True,0.0007332273254938397,COMPLETE
702,0.4384931683540344,2025-04-14 17:02:57.883686,2025-04-14 17:03:06.067668,0 days 00:00:08.183982,0.6715137243833608,0.0518297948903307,8,0.041505854478681596,0.008682844563061932,0.0925186814299439,0.048842742657145416,0.06922507314003923,0.07897079845534291,0.0015045754834046433,20,36,0.09430509823399623,0.12581885118254252,False,True,True,5.455634535971657e-05,COMPLETE
703,0.24897056818008426,2025-04-14 17:03:06.300016,2025-04-14 17:03:14.535382,0 days 00:00:08.235366,0.5273628880123872,0.029332006174852286,8,0.053003033766466895,0.00550025691093287,0.0026400504886815593,0.051256529211597644,0.0765301411754492,0.08220399792973533,0.0018664375014409479,19,63,0.09645530060396916,0.13746678645501825,True,True,True,8.225867446860855e-05,COMPLETE
704,0.535018014907837,2025-04-14 17:03:14.766915,2025-04-14 17:03:22.539479,0 days 00:00:07.772564,0.6303996078331772,0.07163871219768148,8,0.030744299018301315,0.022182076006460823,0.006728410098812955,0.060643518418776694,0.06310412100156909,0.08582892038933806,0.0011574475384859516,17,19,0.0915765170465208,0.1316766840313532,False,True,True,4.505307137842368e-05,COMPLETE
705,0.3503234386444092,2025-04-14 17:03:22.761781,2025-04-14 17:03:30.306511,0 days 00:00:07.544730,0.6023080156980855,0.10337253913936167,8,0.02641721338508553,0.038147482010211856,0.008535839042215838,0.060778933231556094,0.059326585290196784,0.08598035415260552,0.001303579159733601,16,19,0.09064895877873001,0.11751434102368406,False,False,True,2.8851305343836697e-05,COMPLETE
706,0.47787046432495117,2025-04-14 17:03:30.538960,2025-04-14 17:03:38.351049,0 days 00:00:07.812089,0.5626597673321936,0.08043780986708399,8,0.031509406674446294,0.028364935688518958,0.008996572951796771,0.06135736347717323,0.06391388188314787,0.0892820283393949,0.0016036955677447297,17,19,0.09191431841761603,0.12257701744868382,False,True,True,1.9352157458118435e-07,COMPLETE
707,0.34370949268341067,2025-04-14 17:03:38.572915,2025-04-14 17:03:46.390898,0 days 00:00:07.817983,0.4885048178048729,0.10671462997042103,8,0.023923900869270383,0.02332014442964431,0.005873100975612564,0.043114718811105436,0.06357859288094775,0.08726463846733214,0.000755165617453991,17,23,0.09379279429512621,0.12859098634143734,False,True,True,3.9255704149755413e-05,COMPLETE
708,0.2212337136268616,2025-04-14 17:03:46.624544,2025-04-14 17:03:54.241537,0 days 00:00:07.616993,0.6215373189823037,0.0765301858523473,8,0.016921468664313773,0.021728074120133736,0.007140122154473414,0.0044145839832524444,0.061764827081635096,0.08507861661286742,0.0011714630233391318,16,11,0.09162018458933681,0.1319650571683299,False,True,True,4.8839888491565807e-05,COMPLETE
709,0.4253154993057251,2025-04-14 17:03:54.465707,2025-04-14 17:04:02.225693,0 days 00:00:07.759986,0.4629970230275563,0.06317051387417195,8,0.02905745785615507,0.03407366951467884,0.0949196087594115,0.061490381373658344,0.06036838207761525,0.08780716527863613,0.0009920345065865851,17,15,0.09453870742885748,0.12374239043848693,False,True,True,3.52714839211626e-08,COMPLETE
710,0.39896377325057986,2025-04-14 17:04:02.457871,2025-04-14 17:04:10.183339,0 days 00:00:07.725468,0.6941105509206787,0.010047244622279919,8,0.034688835500838254,0.02933236194804389,0.010293667041352494,0.05935936092223479,0.06352606838528875,0.09066658540101696,0.0014418252523180006,17,16,0.0906881959823367,0.11586287722233855,False,True,True,3.664169444701371e-05,COMPLETE
711,0.26013007164001467,2025-04-14 17:04:10.424409,2025-04-14 17:04:18.334509,0 days 00:00:07.910100,0.506303936744086,0.0820991722235067,8,0.21010198991266782,0.019186450018438873,0.006478843169484818,0.04810251041040559,0.09964737834584904,0.05117828220393717,0.002325602041959711,18,26,0.09282270698822875,0.13401809756916644,False,True,True,4.592237709298954e-05,COMPLETE
712,0.3383871912956238,2025-04-14 17:04:18.554198,2025-04-14 17:04:26.236232,0 days 00:00:07.682034,0.5371118401547935,0.04499249847981751,8,0.01851736563322789,0.01665439944034144,0.09205361913938413,0.05362834489360317,0.0654991059497829,0.08620869361731805,0.0009005791783276612,17,19,0.09763061216116455,0.12905660423759927,False,True,False,5.99781672250273e-05,COMPLETE
713,0.4965793490409851,2025-04-14 17:04:26.474079,2025-04-14 17:04:34.227625,0 days 00:00:07.753546,0.657640586025546,0.010223880023448305,8,0.022208949875324527,0.026012344506806548,0.008217939838010113,0.052113830007638945,0.06174031403634492,0.08401157885697746,0.0018536119795860679,17,22,0.09596697663052647,0.13771359679675804,False,True,True,3.4154991494901364e-05,COMPLETE
714,0.33304432630538944,2025-04-14 17:04:34.450885,2025-04-14 17:04:42.119464,0 days 00:00:07.668579,0.5576825897668687,0.09393381208667864,8,0.1280660733207234,0.021223377871828302,0.0953688355791452,0.04982800501696351,0.06642651890758232,0.0901879525267269,0.004882228419909685,16,27,0.09348527911003747,0.2674342442104757,False,True,True,4.826235632442987e-05,COMPLETE
715,0.516106903553009,2025-04-14 17:04:42.355119,2025-04-14 17:04:51.521799,0 days 00:00:09.166680,0.48500996036990496,0.06683691166948523,8,0.011519453020147955,0.015885130035800978,0.09067151447812478,0.05836637671971189,0.058020688706115355,0.08554994245743655,0.0011791207459051426,27,39,0.09057634611550999,0.1245081762557574,False,True,True,6.248454345737279e-05,COMPLETE
716,0.40162341594696044,2025-04-14 17:04:51.745533,2025-04-14 17:04:58.400244,0 days 00:00:06.654711,0.5169960548822369,0.03295553133042688,8,0.03242651277208444,0.012495669000772858,0.006882344719722871,0.056055601328652664,0.06668258103989154,0.09321076545931815,0.0014155996661559891,9,20,0.09788577776511861,0.1330449141563791,False,True,True,4.245358475530801e-05,COMPLETE
717,0.19931281208992005,2025-04-14 17:04:58.636183,2025-04-14 17:05:06.547755,0 days 00:00:07.911572,0.4427095010983605,0.055927659825941056,8,0.025600974901839293,0.2779167108386051,0.09767526156984939,0.0606182017682613,0.06809454553550978,0.08854791550988195,0.0007630377455630318,18,31,0.09515320265327135,0.13948680197352673,False,True,True,2.3687018738723974e-05,COMPLETE
718,0.34284296035766604,2025-04-14 17:05:06.785808,2025-04-14 17:05:14.743003,0 days 00:00:07.957195,0.5993778781751369,0.04125354894862678,8,0.014888407589751542,0.0001870824424466842,0.06349633422556505,0.046829484817337966,0.06972139863459904,0.08717517351894404,0.0010382476537755827,18,35,0.08857968784596126,0.21049959979615582,False,True,True,2.8557521092144262e-05,COMPLETE
719,0.5484089016914367,2025-04-14 17:05:14.968520,2025-04-14 17:05:35.442912,0 days 00:00:20.474392,0.6456560925635636,0.10597064026450659,2,0.020767280622671008,0.023811615078292298,0.09244807864137726,0.05505291754537088,0.06562639949432894,0.060657466121974896,0.001246496884559046,28,24,0.09251110127184814,0.11961301840674265,False,True,True,7.11632116532103e-05,COMPLETE
720,0.33315240144729613,2025-04-14 17:05:35.684058,2025-04-14 17:05:56.330327,0 days 00:00:20.646269,0.6769970264104048,0.10890065514539765,2,0.011933312557654173,0.03800046769008277,0.09338775474315093,0.05374890456819294,0.06836012000743538,0.05957846311665273,0.0016401770104752492,28,23,0.09583370885336506,0.11967387924255675,False,True,True,1.20308874398601e-07,COMPLETE
721,0.32446362972259524,2025-04-14 17:05:56.556582,2025-04-14 17:06:17.267110,0 days 00:00:20.710528,0.7020824918798858,0.10634599548294571,2,0.01900909011064884,0.02955297860320674,0.0932306756514875,0.052314545021704316,0.06512091364150113,0.05528912159305084,0.0013303897077469324,28,25,0.09340997974566714,0.12284307018942378,False,True,True,7.692941419859015e-05,COMPLETE
722,0.19931281208992005,2025-04-14 17:06:17.506078,2025-04-14 17:06:38.172327,0 days 00:00:20.666249,0.6570074019687028,0.09470181253775173,2,0.01162309862785434,0.005751872413532453,0.06977905101973944,0.05490207988845888,0.07120836005901025,0.06649914908909818,0.04903296491591079,28,27,0.09446853490195181,0.11429040619799193,True,True,True,7.682874586846324e-05,COMPLETE
723,0.2851737022399903,2025-04-14 17:06:38.398948,2025-04-14 17:06:59.421561,0 days 00:00:21.022613,0.8014877082081259,0.02786209600513319,2,0.01970554076439573,0.014909779765169467,0.09088218327357107,0.05080886971109005,0.06755076663989062,0.05196482510788185,0.001976057786624615,29,29,0.0983952095982681,0.1166620969342699,False,False,True,6.350230006483362e-05,COMPLETE
724,0.35372138023376465,2025-04-14 17:06:59.667087,2025-04-14 17:07:18.123135,0 days 00:00:18.456048,0.9577174088820386,0.08989213194345076,2,0.021009627695546502,0.01061860914639825,0.09652350791243793,0.0553149625479641,0.06975577994619743,0.055853303148174556,0.0009303346342560824,24,25,0.09023659410526497,0.12679429351583085,False,True,True,1.5202289334430856e-07,COMPLETE
725,0.36431447267532346,2025-04-14 17:07:18.364590,2025-04-14 17:07:38.614459,0 days 00:00:20.249869,0.47848569694030957,0.010486855596570085,2,0.010771909881832367,0.02532732144105556,0.09180733150119913,0.05320269201353743,0.07177387845084027,0.06508630362209103,0.0015099016748142808,27,31,0.09644867958998728,0.14130821770434765,False,True,True,8.483256394813983e-05,COMPLETE
726,0.399418318271637,2025-04-14 17:07:38.844800,2025-04-14 17:07:59.443989,0 days 00:00:20.599189,0.7382333683188668,0.05726875462636619,2,0.02435269772217937,0.03135147621581518,0.09418802106358448,0.04953054976951305,0.06689642434842559,0.06100538996835119,0.001230196957307009,28,29,0.09178999348555357,0.1183605583849604,False,True,True,9.107410712087623e-05,COMPLETE
727,0.3818940401077271,2025-04-14 17:07:59.683782,2025-04-14 17:08:15.538981,0 days 00:00:15.855199,0.5002415551363086,0.11129618724550469,2,0.015274714720074488,0.01766688574687222,0.08990704186842392,0.05730105921756121,0.06555709245319499,0.08219870350080706,0.002589415398723041,19,27,0.09993700066197514,0.14914729442772867,False,True,True,6.087459659024964e-05,COMPLETE
728,0.24247140884399415,2025-04-14 17:08:15.771594,2025-04-14 17:08:25.357390,0 days 00:00:09.585796,0.5280295378875607,0.030828394601211683,8,0.02713864305294704,0.005036120599460988,0.09919357857481455,0.05509951911777097,0.06944589448624934,0.058352806355955356,0.000879833827785358,29,85,0.08849183680434772,0.13615082197687667,False,True,True,6.935778022739165e-05,COMPLETE
729,0.39155614376068115,2025-04-14 17:08:25.594651,2025-04-14 17:08:43.592884,0 days 00:00:17.998233,0.4654283235514508,0.045384875690655475,2,0.014484756532492312,0.012105119269589697,0.04766112581499789,0.051531818685113646,0.07798335642026241,0.09179654337055232,0.0017525552131162502,23,23,0.09309735346377666,0.12788439982863184,False,True,True,5.4559624424128164e-05,COMPLETE
730,0.19931281208992005,2025-04-14 17:08:43.834762,2025-04-14 17:09:04.568461,0 days 00:00:20.733699,0.5450245081418829,0.07079477189041765,2,0.02043659212367742,0.20593467604743163,0.09224089489038147,0.04558740637335763,0.07319465239520621,0.06097322234774293,0.001041413529740559,28,32,0.09691729842813344,0.14254689624310368,False,True,True,8.847161527163896e-05,COMPLETE
731,0.33193038702011113,2025-04-14 17:09:04.797642,2025-04-14 17:09:12.969488,0 days 00:00:08.171846,0.5134524529232415,0.041503734013467936,8,0.00839491726958451,0.02326587562791507,0.09536298171773472,0.05607017481956184,0.0752518669190802,0.06406615229143614,0.0012973530379322255,20,33,0.09427703785314039,0.1204428190108822,False,True,False,6.869690444213263e-05,COMPLETE
732,0.2266621232032776,2025-04-14 17:09:13.210797,2025-04-14 17:09:29.087859,0 days 00:00:15.877062,0.6367860656250773,0.08499515598930392,2,0.036199792026712176,0.0055943572252752805,0.0906754155118067,0.05319487698734216,0.07153971015649006,0.058177309458193216,0.009533564713896464,19,28,0.08959438112116311,0.1557566404575825,False,True,True,9.607815333333951e-05,COMPLETE
733,0.380038321018219,2025-04-14 17:09:29.316841,2025-04-14 17:09:38.942260,0 days 00:00:09.625419,0.6667703541500145,0.010214511476611149,8,0.026016690175930668,0.00016255443023941623,0.09386562440287533,0.04858174735812751,0.06781670882639376,0.061979062750263346,0.0007779132474085651,29,31,0.09179824520548371,0.13560345262493237,False,True,True,5.024794624027128e-05,COMPLETE
734,0.4228970050811768,2025-04-14 17:09:39.183461,2025-04-14 17:09:55.135596,0 days 00:00:15.952135,0.5692852899760344,0.05557708153239552,2,0.019883077545649837,0.018242255643285164,0.09704362429797576,0.05697177799654706,0.06508988527255391,0.071584496901821,0.0015049596698576188,19,35,0.08734605081253097,0.1466225451597809,False,True,True,7.126361518283332e-05,COMPLETE
735,0.282037889957428,2025-04-14 17:09:55.379583,2025-04-14 17:10:15.938381,0 days 00:00:20.558798,0.4909887750278017,0.02794427082172092,2,0.030066295314891467,0.009896262757207126,0.09017066425588027,0.05102903844898631,0.07681006030042499,0.05774999320201149,0.00110595560829875,28,25,0.0955653955866539,0.12893345733430775,False,True,True,5.684440631419693e-05,COMPLETE
736,0.4127333045005799,2025-04-14 17:10:16.168295,2025-04-14 17:10:24.436307,0 days 00:00:08.268012,0.7194847966902844,0.6622404211740185,8,0.010467933547331281,0.033141981008117806,0.09217426921711604,0.05437998339156792,0.07036233167008925,0.054034062911746464,0.002115282388083544,20,29,0.09741583709000697,0.14026191083638004,False,True,True,0.00010282466361516764,COMPLETE
