number,value,datetime_start,datetime_complete,duration,params_alpha-eval,params_alpha-train,params_batch-size,params_eps-eval,params_eps-train,params_lambda-actions-eval,params_lambda-actions-train,params_lambda-frames-eval,params_lambda-frames-train,params_learning-rate,params_n-epochs,params_n-frames,params_radius-gw,params_rho,params_std-feats,params_ub-actions,params_ub-frames,params_weight-decay,state
1141,0.19931281208992005,2025-04-12 20:58:37.394153,2025-04-12 20:58:46.240430,0 days 00:00:08.846277,0.5071626464914732,0.5247725961008063,8,0.05137302034345461,0.14761393994282096,0.0770999251162307,0.04270309196808145,0.037178155293655944,0.09347318624804021,0.09970414955934004,24,20,0.048042829619699565,0.17922736049407978,True,True,True,5.604264012383087e-07,COMPLETE
1142,0.3771999478340149,2025-04-12 20:58:46.614677,2025-04-12 20:58:55.691165,0 days 00:00:09.076488,0.4386772985184024,0.4298877202804807,8,0.061458421577282464,0.16889338641999946,0.0538077170552569,0.05145177349049039,0.04864296106859841,0.08854927507351532,0.06175033365809787,25,30,0.04568303974870387,0.17166564249091357,True,True,False,7.317415715795661e-07,COMPLETE
1143,0.28238713145256045,2025-04-12 20:58:56.063737,2025-04-12 20:59:05.183508,0 days 00:00:09.119771,0.48539044670139636,0.4839524441997146,8,0.055393491420094074,0.17607465316177148,0.08006277525310086,0.0463773752609276,0.05652962902603966,0.0869157738238913,0.07452331206961438,26,25,0.048812065429531634,0.18718563792649617,True,True,True,1.943477052194726e-07,COMPLETE
1144,0.393118155002594,2025-04-12 20:59:05.561525,2025-04-12 20:59:14.267488,0 days 00:00:08.705963,0.5537796811994473,0.39871987216585775,8,0.06559170930934169,0.18219656704986922,0.07744337346502501,0.054468263205687775,0.05083028068936053,0.09457404847056271,0.051770277414640714,23,27,0.04582751193418312,0.195708555178135,True,True,True,1.0533321608454212e-06,COMPLETE
1145,0.2965078890323639,2025-04-12 20:59:14.644867,2025-04-12 20:59:23.691104,0 days 00:00:09.046237,0.06766528925493831,0.4663506535850385,8,0.05232433837692927,0.08061789441943512,0.07506244413405745,0.0490721121772283,0.033151900899086845,0.0846853213212212,0.04013449971670545,25,32,0.05124907535218006,0.17778788045398428,True,True,True,2.8706331224563884e-07,COMPLETE
1146,0.4366836190223694,2025-04-12 20:59:24.068990,2025-04-12 20:59:32.935847,0 days 00:00:08.866857,0.4630935232978812,0.5118102042090308,8,0.060913190440129786,0.1721084331221315,0.08053617528312976,0.053338363183826225,0.0450161153191715,0.09009071213334449,0.06535850301361255,24,22,0.047757059385543504,0.16693705925099983,True,True,True,6.156568274735947e-07,COMPLETE
1147,0.43053455352783204,2025-04-12 20:59:33.313151,2025-04-12 20:59:42.462805,0 days 00:00:09.149654,0.5311003320140327,0.34954926157204924,8,0.10244126271260423,0.16434348018505338,0.07320363368867057,0.05601296678624262,0.058580102419711844,0.0919512857545266,0.08408021720449488,26,29,0.04473625533765329,0.20250691819271713,True,True,True,4.4320510886617425e-07,COMPLETE
1148,0.40192681550979614,2025-04-12 20:59:42.819859,2025-04-12 20:59:51.838393,0 days 00:00:09.018534,0.5108079070680894,0.4419960717883989,8,0.07655526331138016,0.1783225498048156,0.07866015620342168,0.052119893348740357,0.0534987568595261,0.09504033830626826,0.058682090355194144,25,24,0.04982986913171615,0.18321709368232117,True,True,True,1.3642240498951912e-07,COMPLETE
1149,0.3442432463169098,2025-04-12 20:59:52.210753,2025-04-12 20:59:59.618580,0 days 00:00:07.407827,0.4892629346045999,0.3843785086683171,16,0.05459902508916686,0.184784431296638,0.07600572084406398,0.05605681029882724,0.07513328148222559,0.07931353311835798,0.07356273294590362,24,18,0.047087346567448146,0.17348247395930494,True,True,True,9.099288479829816e-07,COMPLETE
1150,0.28861929178237916,2025-04-12 20:59:59.990605,2025-04-12 21:00:09.174779,0 days 00:00:09.184174,0.44846919516876005,0.5471715498310822,8,0.18686705840036807,0.17251187325149073,0.0818823636679652,0.04801133314626106,0.043623931019843465,0.0927328795099393,0.08508800425770374,26,35,0.07304434091685813,0.19221311580112863,True,True,True,3.6097405111086667e-07,COMPLETE
1151,0.4076927185058594,2025-04-12 21:00:09.546590,2025-04-12 21:00:18.430266,0 days 00:00:08.883676,0.41455059802777605,0.5681447067796036,8,0.07022682669641248,0.05027306070441035,0.07179689596229505,0.04018019923728061,0.030611909041497087,0.08753730392422578,0.05131717008979499,24,27,0.05399338576229,0.06862205032375747,True,True,True,5.568097682017738e-07,COMPLETE
1152,0.4235584378242493,2025-04-12 21:00:18.803307,2025-04-12 21:00:27.783837,0 days 00:00:08.980530,0.5281923110920262,0.4832001552510998,8,0.06081621221708892,0.16601778269459486,0.07842697406571826,0.05058054921512154,0.03507438813021262,0.09097740811958262,0.09984494848027727,25,31,0.04467298889267673,0.1820363467667653,True,False,True,7.099895178332103e-07,COMPLETE
1153,0.42490200996398925,2025-04-12 21:00:28.160288,2025-04-12 21:00:36.966319,0 days 00:00:08.806031,0.4687854762134361,0.40976869269820476,8,0.050674052793227176,0.180272713342957,0.08031035178204196,0.05342855870184478,0.08070656376503668,0.08941932318821293,0.06776948411861725,23,23,0.05217913444565538,0.18704754616983454,True,True,True,4.5632094598624947e-07,COMPLETE
1154,0.4353955745697022,2025-04-12 21:00:37.338962,2025-04-12 21:00:46.776137,0 days 00:00:09.437175,0.43906242786311156,0.5083289445933477,8,0.056879511274364476,0.1536650085169976,0.08270165676886829,0.05477149152289128,0.024992869020452897,0.08331268045736613,0.044548806504914856,28,28,0.04921676801079619,0.17639728916885247,False,True,True,8.526368623409134e-07,COMPLETE
1155,0.3962528228759766,2025-04-12 21:00:47.152211,2025-04-12 21:00:56.174428,0 days 00:00:09.022217,0.5033097815513284,0.4592007847543177,8,0.06432101263307655,0.16001140158611846,0.07486581931993389,0.052188985975635344,0.03922114446118441,0.09364705646957626,0.06053357991708911,25,25,0.04671043439932334,0.012347871944380168,True,True,True,2.3071506156222873e-07,COMPLETE
1156,0.4163437604904175,2025-04-12 21:00:56.549260,2025-04-12 21:01:05.783287,0 days 00:00:09.234027,0.39165672368366244,0.43864572331368756,8,0.050702890059711736,0.18452418485984323,0.056466680051422656,0.05689268141337832,0.04805696839099777,0.09511596323983121,0.03359745399612194,26,33,0.04455774114307431,0.16529926464427283,True,True,True,4.960580840268833e-08,COMPLETE
1157,0.4310466527938843,2025-04-12 21:01:06.159079,2025-04-12 21:01:15.125212,0 days 00:00:08.966133,0.4763031174877672,0.5298843521337839,8,0.0764330593010475,0.175216247997437,0.07697690139625844,0.04324438800512523,0.0034674050985212604,0.08549959050926526,0.08333350950517134,24,29,0.05049614693822258,0.1999242256599614,True,True,True,5.856836351122895e-07,COMPLETE
1158,0.429917311668396,2025-04-12 21:01:15.500076,2025-04-12 21:01:24.024913,0 days 00:00:08.524837,0.5463144712974288,0.49271862337463523,8,0.05834818968278167,0.16954856960704193,0.07974618371150462,0.049303223676238205,0.04651259196974578,0.08890481699848454,0.07219336848937266,22,21,0.048132263038902584,0.19099901650058984,True,True,True,3.0445983083617026e-07,COMPLETE
1159,0.19931281208992005,2025-04-12 21:01:24.403833,2025-04-12 21:01:43.845082,0 days 00:00:19.441249,0.49450521906921086,0.48024729996850357,2,0.0695658473526872,0.17798943241850693,0.08170522400655597,0.045499087845490775,0.07889616121259616,0.09168237991982169,0.05512091497790201,25,67,0.04659664207675056,0.1692215423106459,True,True,True,7.246735122713918e-07,COMPLETE
1160,0.3117807626724243,2025-04-12 21:01:44.221854,2025-04-12 21:01:53.619187,0 days 00:00:09.397333,0.46276357184649636,0.5458315812124144,8,0.04702066662966176,0.1853725314895903,0.07832593618259365,0.054524402490704796,0.0540451533928116,0.04942481110390022,0.07934017487790572,27,39,0.05156109085915089,0.178104493981153,True,True,True,1.283191166087089e-06,COMPLETE
1161,0.4227985978126526,2025-04-12 21:01:53.992115,2025-04-12 21:02:03.208437,0 days 00:00:09.216322,0.4244126395085399,0.5839064556379613,8,0.052840275387102106,0.17340268624719674,0.08355059422333734,0.05168567575397665,0.050178148679621185,0.09631855201882969,0.06376435783799858,26,26,0.04342934354609263,0.183546615332555,True,True,True,3.9254538487978585e-07,COMPLETE
1162,0.4153138756752014,2025-04-12 21:02:03.585123,2025-04-12 21:02:12.576877,0 days 00:00:08.991754,0.5196772373872788,0.5200202531019608,8,0.06210148283943519,0.16387897416885647,0.07470627673948836,0.05491731499118452,0.052099104874590504,0.0872009296000365,0.048423468104097235,24,36,0.04880197561952502,0.20940153933240735,True,True,True,5.667953446054447e-07,COMPLETE
1163,0.3987473249435425,2025-04-12 21:02:12.953319,2025-04-12 21:02:21.850682,0 days 00:00:08.897363,0.44904226221159604,0.41943184107659226,8,0.05429407321484707,0.18041187255530805,0.07697307346898526,0.056644677155773454,0.04188552039278354,0.0930153152497295,0.08344177271792554,25,31,0.045678633070371386,0.17277172466310223,True,True,False,4.656835973337789e-07,COMPLETE
1164,0.41769295930862427,2025-04-12 21:02:22.227824,2025-04-12 21:02:30.078596,0 days 00:00:07.850772,0.5609425350059075,0.4620677520550728,8,0.049113586995022745,0.18661437690978658,0.08096432891737075,0.04982832974702203,0.04965683136896441,0.0999394138626533,0.03788327221593865,17,24,0.05361968660564605,0.19585523301995758,True,True,True,1.0515276206903397e-06,COMPLETE
1165,0.3089231610298157,2025-04-12 21:02:30.454723,2025-04-12 21:02:40.048215,0 days 00:00:09.593492,0.48493129873835267,0.43817312115193513,8,0.06578228252929336,0.1685748317355892,0.07285450271346532,0.05254661349754839,0.05548326048842193,0.09018876487240575,0.06425064029195271,29,28,0.05564566491595099,0.1877582477482867,True,True,True,7.831422760146685e-07,COMPLETE
1166,0.19931281208992005,2025-04-12 21:02:40.430095,2025-04-12 21:02:49.371206,0 days 00:00:08.941111,0.5141008969509343,0.502442833736627,8,0.05986657179661734,0.17528581425323764,0.07878123907046386,0.046664160861364865,0.004510590879573381,0.09536590847107118,0.08593392623216073,25,19,0.04742909540531163,0.17967764365229452,True,True,True,1.1400091436672941e-07,COMPLETE
1167,0.27115645408630373,2025-04-12 21:02:49.748626,2025-04-12 21:02:58.670328,0 days 00:00:08.921702,0.4711355877210278,0.3817196082131722,8,0.0463763637275389,0.18149496750474764,0.08298775294110182,0.05664774637372559,0.037997948555824244,0.09288171659493889,0.06962983488735226,24,43,0.050295944298918496,0.1627663232962084,True,True,True,3.696492679439506e-07,COMPLETE
1168,0.2537903249263763,2025-04-12 21:02:59.048785,2025-04-12 21:03:08.306037,0 days 00:00:09.257252,0.40437002959902935,0.47226998477695264,8,0.07199856654371645,0.18643946301268072,0.08008779219440729,0.05302886407309531,0.04339675418537062,0.08922954688759187,0.053623143007082597,26,33,0.08227861974965772,0.17274253533337755,True,True,True,1.675043818761536e-07,COMPLETE
1169,0.2930287837982178,2025-04-12 21:03:08.684432,2025-04-12 21:03:17.448126,0 days 00:00:08.763694,0.5430173024237033,0.320110088497947,8,0.055436455161811136,0.16025712991971944,0.07576815752997461,0.047998772070879214,0.04547127021868596,0.09816103867126447,0.08717891745180932,23,30,0.04466981028956248,0.19102649274752373,True,True,True,6.430788718730068e-07,COMPLETE
1170,0.19931281208992005,2025-04-12 21:03:17.827214,2025-04-12 21:03:26.862852,0 days 00:00:09.035638,0.4380491651639453,0.41322115589308717,8,0.0795464574583164,0.1690045059392448,0.08225101628482061,0.054645136587587226,0.0668921508399666,0.08500539637538214,0.04244948380850496,25,22,0.012670925994335579,0.1835704312948111,True,True,True,4.85694140594489e-07,COMPLETE
1171,0.2908477604389191,2025-04-12 21:03:27.244945,2025-04-12 21:03:34.901193,0 days 00:00:07.656248,0.497285175942239,0.5628066312719502,16,0.048644892375052,0.17481335861306815,0.07758788093616953,0.050525275489061064,0.07651936722036648,0.08202784395119737,0.09916273137269709,27,26,0.048775684981742694,0.17759607429883661,True,False,True,8.124899204456038e-07,COMPLETE
1172,0.4302381396293641,2025-04-12 21:03:35.286588,2025-04-12 21:03:44.698245,0 days 00:00:09.411657,0.4553815016805729,0.45121725391525563,8,0.06613648596675513,0.18930953744146883,0.07991008505582095,0.05685883478320731,0.0338315424781725,0.0952154678447931,0.07082943271120046,28,30,0.04692628941216887,0.16647276882154002,True,True,True,2.758484652702242e-07,COMPLETE
1173,0.19931281208992005,2025-04-12 21:03:45.080157,2025-04-12 21:03:53.980924,0 days 00:00:08.900767,0.5177214598652243,0.530949237141882,8,0.05596008780219864,0.17856689224954553,0.08318071768537941,0.038416691464201305,0.08250257944925912,0.09105784191813776,0.05711708166318292,24,16,0.05185637582161659,0.19833440617492673,False,True,True,6.424754440663012e-07,COMPLETE
1174,0.30750510692596433,2025-04-12 21:03:54.362614,2025-04-12 21:04:03.549901,0 days 00:00:09.187287,0.4819038563728,0.48761649032506826,8,0.05967076862488704,0.18288146026928945,0.0738744616583746,0.051963814959953544,0.04718066363857325,0.08688466131704074,0.07314072263593398,26,25,0.043031666432530875,0.18648336397047927,True,True,True,1.0016612018298367e-06,COMPLETE
1175,0.37427371740341187,2025-04-12 21:04:03.934070,2025-04-12 21:04:12.735733,0 days 00:00:08.801663,0.5335875304902411,0.3601977898754064,8,0.13141406322701504,0.15434363804463666,0.0712125562317846,0.05402587782173749,0.0056890359516340566,0.06935938011226717,0.04668706359359519,23,34,0.04553275714544488,0.1923241783438609,True,True,True,4.927694795971474e-07,COMPLETE
1176,0.4029450654983521,2025-04-12 21:04:13.119378,2025-04-12 21:04:22.193351,0 days 00:00:09.073973,0.4266688929351749,0.5096641858209227,8,0.04405623240305802,0.16621110111841844,0.08124023313654109,0.050383473519986906,0.05885166598561532,0.09325312016207897,0.0624290333505735,25,27,0.049629130404174236,0.20584156009943586,True,True,True,3.648103581326888e-07,COMPLETE
1177,0.19931281208992005,2025-04-12 21:04:22.578802,2025-04-12 21:04:31.722502,0 days 00:00:09.143700,0.5729278958335261,0.42825172209291446,8,0.05159757350941859,0.17213779795995335,0.07602186412196245,0.048599604473558704,0.05124209894834589,0.0966584100288167,0.08547400763411188,26,21,0.04754873394354492,0.17099040373884458,True,True,True,7.152429462110544e-08,COMPLETE
1178,0.2968173921108246,2025-04-12 21:04:32.103344,2025-04-12 21:04:50.732397,0 days 00:00:18.629053,0.5000033511745396,0.3940241215190814,2,0.06357394620854069,0.14678266187539785,0.07794038179794059,0.04349841359519681,0.041174410134817416,0.09137609920859295,0.07450385326649371,24,31,0.04377430117028191,0.17986243795351708,True,True,True,2.303469251551091e-07,COMPLETE
1179,0.21314226388931273,2025-04-12 21:04:51.118139,2025-04-12 21:05:00.412955,0 days 00:00:09.294816,0.46388786088358586,0.46718353319747996,8,0.09465794228626291,0.1899829502262465,0.08331498516089714,0.05592232667404355,0.0012804520106175794,0.08896907782204831,0.05595863824248634,27,28,0.053083241430947205,0.16117857490996582,True,True,True,6.176920889529363e-07,COMPLETE
1180,0.3301327466964722,2025-04-12 21:05:00.796300,2025-04-12 21:05:09.790890,0 days 00:00:08.994590,0.48304566692501594,0.5458311614874393,8,0.06898638474052672,0.17905306431143264,0.0794944887400043,0.04592936575017032,0.035521634643801724,0.09832641327090257,0.08609788546039489,25,37,0.05058002984424744,0.1856289864315383,True,True,False,8.255845469538486e-07,COMPLETE
1181,0.39489285945892333,2025-04-12 21:05:10.179791,2025-04-12 21:05:19.070886,0 days 00:00:08.891095,0.35402201655361504,0.4874913111160512,8,0.05021713350739075,0.18349739598778234,0.06693070924873458,0.05300661391439119,0.05365315214858899,0.0946957072066424,0.06526513337704778,24,24,0.04600764447540135,0.08934532290262727,True,True,True,4.683843906994758e-07,COMPLETE
1182,0.34062645435333255,2025-04-12 21:05:19.456581,2025-04-12 21:05:28.594487,0 days 00:00:09.137906,0.4424695433620017,0.6018344254847665,8,0.043136767655832346,0.016375874174438927,0.08143861902951127,0.05133340367199303,0.03161357264515915,0.08801734053653822,0.09902210814527898,26,31,0.04200416741643778,0.17509680920679874,True,True,True,9.529813273569031e-08,COMPLETE
1183,0.44142224788665774,2025-04-12 21:05:28.979424,2025-04-12 21:05:37.992140,0 days 00:00:09.012716,0.5213731626589492,0.4472000203925333,8,0.05831022682761457,0.16235887397475968,0.045651855626928764,0.057489506141334634,0.044300271235867696,0.06648814067873096,0.04760493106216359,25,28,0.048983292760103964,0.19330486363514954,True,True,True,1.1201560302103706e-06,COMPLETE
1184,0.41337424516677856,2025-04-12 21:05:38.393481,2025-04-12 21:05:47.601834,0 days 00:00:09.208353,0.4967779539157137,0.44379816621436186,8,0.0548926296219635,0.15555533386129164,0.08443083056405486,0.0585898390937971,0.04399314623305386,0.06277464585435148,0.030472141883188253,26,22,0.04756402424879023,0.16797407567366532,True,True,True,1.0001632820573333e-06,COMPLETE
1185,0.19931281208992005,2025-04-12 21:05:47.987988,2025-04-12 21:05:55.759194,0 days 00:00:07.771206,0.5143266593088802,0.423684479399963,8,0.04712594007967612,0.15387291397514513,0.04912661671091811,0.05808275255834208,0.04208833231929903,0.07784695142007068,0.031403197592172576,16,18,0.0448846539453368,0.19993555429658377,True,True,True,1.383592861097563e-06,COMPLETE
1186,0.4190151333808899,2025-04-12 21:05:56.146921,2025-04-12 21:06:05.174016,0 days 00:00:09.027095,0.47290554549987496,0.4549677804538436,8,0.052789928559675924,0.16249418796410922,0.04455099697806387,0.057324538245039386,0.0444794101780463,0.07063429856450837,0.03825146249116488,25,25,0.05122099889153735,0.18111420512522647,True,True,True,1.1821886672097285e-06,COMPLETE
1187,0.43692052364349365,2025-04-12 21:06:05.562087,2025-04-12 21:06:14.661398,0 days 00:00:09.099311,0.5025322317336177,0.4382776370518125,8,0.05796167304030354,0.15937078891276824,0.04674896662226193,0.057772684247942484,0.04693032830839699,0.05895127327140978,0.046827103858359455,26,27,0.04661898861310026,0.18828467375480254,True,True,True,1.2556573837097386e-06,COMPLETE
1188,0.4182528853416443,2025-04-12 21:06:15.050551,2025-04-12 21:06:24.042077,0 days 00:00:08.991526,0.46042136868659017,0.41227553645014764,8,0.040343341472278096,0.1480973236498429,0.04778354667284258,0.05676875441200032,0.0404227266226221,0.07474153416951812,0.025549803838585152,25,23,0.048877828100441285,0.17568210562089115,True,True,True,1.3151295131509763e-06,COMPLETE
1189,0.19931281208992005,2025-04-12 21:06:24.435726,2025-04-12 21:06:33.522266,0 days 00:00:09.086540,0.5254082025965942,0.460537514764122,8,0.26226617406447306,0.16766221031361236,0.08406775092490372,0.06655907190046452,0.04512559722938826,0.07255205170944337,0.04129295395242217,26,33,0.043590339110360206,0.1959140496602678,True,True,True,9.781125152608842e-07,COMPLETE
1190,0.43251105546951296,2025-04-12 21:06:33.910970,2025-04-12 21:06:42.814961,0 days 00:00:08.903991,0.4849074090155158,0.4249327908178253,8,0.0453019790937772,0.15838709572392845,0.08210572084984943,0.05915029026919341,0.04293549621437157,0.07874960998136728,0.037778327658862715,25,20,0.05587244326195093,0.1651714129588114,True,False,True,8.933211756614072e-07,COMPLETE
1191,0.40919466018676764,2025-04-12 21:06:43.205361,2025-04-12 21:06:52.517061,0 days 00:00:09.311700,0.4150259163627282,0.4509712518205163,8,0.04876934365722309,0.15204090072582474,0.03244646830104758,0.041314986569912414,0.04495876262590579,0.07621168941542361,0.0202273536704875,27,27,0.04558525604685079,0.18254421077119334,True,True,True,7.830154516356082e-07,COMPLETE
1192,0.19931281208992005,2025-04-12 21:06:52.910672,2025-04-12 21:07:01.922795,0 days 00:00:09.012123,0.38619536417474276,0.40508101986224293,8,0.05854012742966351,0.16341416521832372,0.05242544958120791,0.05617966058099396,0.040140289002742996,0.06751352885803462,0.04789854857113384,25,13,0.05269097229141083,0.1735726079918319,False,True,True,9.58873659419436e-07,COMPLETE
1193,0.4378169655799866,2025-04-12 21:07:02.313535,2025-04-12 21:07:09.997508,0 days 00:00:07.683973,0.5104343072713265,0.4683470164797828,16,0.055074989388789033,0.16219039710251637,0.08447561767273994,0.09713150947199528,0.047381514864671015,0.08026562806888812,0.03823625692767358,26,25,0.0484037677787663,0.18992182286880935,True,True,True,1.413669813257395e-06,COMPLETE
1194,0.42267645597457887,2025-04-12 21:07:10.388493,2025-04-12 21:07:20.111025,0 days 00:00:09.722532,0.4408787420789115,0.43878526186492345,8,0.05033650472778366,0.17026830536940893,0.041828420594572605,0.05523621774276814,0.03851775478848875,0.09743710884506666,0.04635509546876603,30,30,0.04246999804452672,0.16218866717783229,True,True,True,6.89668525228375e-07,COMPLETE
1195,0.42325614690780644,2025-04-12 21:07:20.504312,2025-04-12 21:07:29.580640,0 days 00:00:09.076328,0.46786149514528536,0.4806021175316695,8,0.03839017201857442,0.16503797662694755,0.044927579255050185,0.05775988014425127,0.043660604160208415,0.05586551518075736,0.03453827291497566,25,33,0.05037735819378214,0.18000713628951062,True,True,True,3.39939625085587e-07,COMPLETE
1196,0.2972805261611939,2025-04-12 21:07:29.972768,2025-04-12 21:07:39.389868,0 days 00:00:09.417100,0.49350052918117876,0.3939292024548741,8,0.06065494723941238,0.19236383478834787,0.04910840898081231,0.059794338803902766,0.04232059489324638,0.0822243473480997,0.052342614911745536,28,23,0.04717351026017725,0.20688286319922133,True,True,True,1.0777189060106794e-06,COMPLETE
1197,0.42502640485763554,2025-04-12 21:07:39.782024,2025-04-12 21:07:48.988486,0 days 00:00:09.206462,0.5256455129165518,0.47150504799865234,8,0.04408587520520158,0.18630894383586508,0.042776920208809625,0.05546710418205726,0.045238141690848284,0.09995509328768876,0.052571500205730544,26,29,0.04464182123792749,0.17220631618989254,True,True,True,5.396312602858415e-07,COMPLETE
