number,value,datetime_start,datetime_complete,duration,params_alpha-eval,params_alpha-train,params_batch-size,params_eps-eval,params_eps-train,params_lambda-actions-eval,params_lambda-actions-train,params_lambda-frames-eval,params_lambda-frames-train,params_learning-rate,params_n-epochs,params_n-frames,params_radius-gw,params_rho,params_std-feats,params_ub-actions,params_ub-frames,params_weight-decay,state
1881,0.305276095867157,2025-04-13 00:06:22.773860,2025-04-13 00:06:37.758235,0 days 00:00:14.984375,0.07606133493347941,0.11607010149391353,2,0.029312990834163093,0.03695903905940199,0.09748023417956111,0.083874857979707,0.011181833365049104,0.007094675420546325,0.017219190258136525,17,13,0.08309716267595949,0.017951176221445826,False,True,True,6.694617474163064e-06,COMPLETE
1882,0.4235563755035401,2025-04-13 00:06:38.392970,2025-04-13 00:06:53.948734,0 days 00:00:15.555764,0.16688975165379968,0.10257274018896655,2,0.03390035658177183,0.027439295974887305,0.09544907396626127,0.07968749651083856,0.006107599119394229,0.001017736834762921,0.013302151582227691,18,21,0.07353977662362826,0.04273567938862575,False,True,True,3.847550651007221e-06,COMPLETE
1883,0.3538448572158813,2025-04-13 00:06:54.563289,2025-04-13 00:07:09.951997,0 days 00:00:15.388708,0.09375416806967134,0.16542771053353744,2,0.02333553390497763,0.013686395726528758,0.09752764713610963,0.07839990501709057,0.0083204959470243,0.005397889026347668,0.008820961677716498,18,18,0.06933500163196833,0.029514234092185575,False,True,True,3.129110632776984e-06,COMPLETE
1884,0.3286516785621643,2025-04-13 00:07:10.586969,2025-04-13 00:07:26.054807,0 days 00:00:15.467838,0.10639916665749498,0.09276056908028688,2,0.01580597594411789,0.02185760014543731,0.09991938414433908,0.08246277070988896,0.006435692749043884,0.00928413058250678,0.017814671433310905,18,16,0.07215300371310569,0.09299027839943565,False,True,True,4.271571780298258e-06,COMPLETE
1885,0.44972336292266846,2025-04-13 00:07:26.671704,2025-04-13 00:07:41.587991,0 days 00:00:14.916287,0.07065231623665086,0.12622404474289756,2,0.025982940818759806,0.04282162179747364,0.02192748448657139,0.08019913201445707,0.01025840409690959,0.004344111850541385,0.010864269238338256,17,10,0.06726638044972837,0.07142450997917518,False,True,True,3.0168417901305115e-06,COMPLETE
1886,0.4686104655265808,2025-04-13 00:07:42.198298,2025-04-13 00:07:58.140250,0 days 00:00:15.941952,0.1518742728507123,0.14427679817451453,2,0.01892905414585874,0.0332669777271851,0.09321192722133799,0.09489470511430798,0.00823997431763184,0.003387367575665644,0.013806168387685041,19,21,0.0744074723739113,0.020657970720276045,False,True,True,5.437987224412519e-06,COMPLETE
1887,0.354796826839447,2025-04-13 00:07:58.766090,2025-04-13 00:08:14.917475,0 days 00:00:16.151385,0.11020705952567612,0.09189908289008965,2,0.030633204414589225,0.027925523539930375,0.09503388902460114,0.08839123178494665,0.005584813773027143,0.008766196552746335,0.016890123311926974,19,70,0.0705653471049291,0.07428583425392532,False,True,True,2.7756457700225e-06,COMPLETE
1888,0.3696095228195191,2025-04-13 00:08:15.552081,2025-04-13 00:08:30.914141,0 days 00:00:15.362060,0.10686086184534288,0.1110652529693778,2,0.034919527234657514,0.04368444841934281,0.09668211234903132,0.07824048520902983,0.01187479677234358,0.006101007785142093,0.01270193170518849,18,14,0.06785190024227217,0.10330346844811233,False,True,False,3.8068296663127355e-06,COMPLETE
1889,0.49678242206573486,2025-04-13 00:08:31.528372,2025-04-13 00:08:47.621195,0 days 00:00:16.092823,0.04949988957982512,0.08251266615856666,2,0.009513765770570046,0.03755108211317122,0.09317192767240276,0.08387168948043552,0.00860931363055825,0.0025939803550805423,0.01951168611667753,19,17,0.07138005815284587,0.09307980981318115,False,True,True,4.846561191758873e-06,COMPLETE
1890,0.36051924228668214,2025-04-13 00:08:48.254479,2025-04-13 00:09:04.289876,0 days 00:00:16.035397,0.01982058658103194,0.07569688316690623,2,0.0006902881208510478,0.02149529773746351,0.09269724735412935,0.08656541732993853,0.005926076074931393,0.002458304215482959,0.021820190851803773,19,21,0.06956791303874736,0.09830012244572955,False,True,True,6.272035767713165e-06,COMPLETE
1891,0.30578252077102663,2025-04-13 00:09:04.908052,2025-04-13 00:09:20.339024,0 days 00:00:15.430972,0.049341770059921825,0.06680412548089756,2,0.008441220157242888,0.033656168236557225,0.09291486049873504,0.08424814884679317,0.007642902854881517,0.0036216106593528934,0.02029363897144281,18,19,0.0681154377007753,0.10514058019721498,False,True,True,2.768001213909401e-06,COMPLETE
1892,0.29877159595489505,2025-04-13 00:09:20.973636,2025-04-13 00:09:36.851050,0 days 00:00:15.877414,0.03735627914194585,0.12644264843168038,2,0.008428423033578995,0.014750823416022909,0.09249339202015233,0.0758315754078542,0.0069563822236649005,0.003446632918599169,0.023456294085831303,19,18,0.07129037383638681,0.08094177766078459,False,True,True,7.715565848291727e-06,COMPLETE
1893,0.49292660951614387,2025-04-13 00:09:37.488787,2025-04-13 00:09:53.407267,0 days 00:00:15.918480,0.012369736591880454,0.10523710457754376,2,0.009313741751983096,0.027339806555052956,0.0943754470702385,0.08602422892054583,0.00556443395111782,0.001059024808971696,0.01835270485924705,19,21,0.06699457223181593,0.0797280835760464,False,True,True,5.393695354233012e-06,COMPLETE
1894,0.3170105814933777,2025-04-13 00:09:54.021883,2025-04-13 00:10:09.598711,0 days 00:00:15.576828,0.011428660169941408,0.0790252170470196,2,0.004491938364263622,0.018738472159012608,0.09444576324660103,0.08840380809305964,0.008817535446286846,0.003005924545150666,0.025808457027132307,18,21,0.06959544885857062,0.0886799786955213,False,True,True,5.4533539045762745e-06,COMPLETE
1895,0.3166256427764893,2025-04-13 00:10:10.237926,2025-04-13 00:10:25.718530,0 days 00:00:15.480604,0.017543167046879842,0.15156741156359077,2,0.00042319294787804274,0.00885506501191426,0.09480003449416541,0.08702957682061796,0.01018622062370805,0.0022042115438316036,0.01908508187173709,18,18,0.071899437837459,0.08604361991567688,False,True,True,9.486529158762974e-06,COMPLETE
1896,0.30093849897384645,2025-04-13 00:10:26.339050,2025-04-13 00:10:41.764897,0 days 00:00:15.425847,0.054524234802235574,0.05700134220491708,2,0.006120287234389584,0.02410258839437612,0.031161787722499737,0.08592969877605101,0.007871996710302328,0.0015482695958006832,0.018925930720736076,18,21,0.08576040851406848,0.08614378922589787,False,True,True,7.66648220067587e-06,COMPLETE
1897,0.3058090329170227,2025-04-13 00:10:42.407440,2025-04-13 00:10:58.284258,0 days 00:00:15.876818,0.011245717638957403,0.12022056858316767,2,0.006201183339363037,0.025401773495142,0.094816452963641,0.08898990558762529,0.005639557691355879,0.0027285012659737738,0.024602338080841342,19,16,0.06719037031993771,0.07546950296685598,False,True,True,6.684881195069768e-06,COMPLETE
1898,0.3271199703216553,2025-04-13 00:10:58.902255,2025-04-13 00:11:13.688015,0 days 00:00:14.785760,0.1348008589905242,0.08780862330658946,2,0.011535588592331255,0.016608860466543467,0.09268181248663514,0.08543095213214362,0.008118082641163489,0.001716219329148662,0.02074480314815382,17,22,0.06963309421092985,0.09338123531447301,False,False,True,5.621498805091189e-06,COMPLETE
1899,0.34207582473754883,2025-04-13 00:11:14.320241,2025-04-13 00:11:30.215190,0 days 00:00:15.894949,0.039813679400571095,0.06276108121200283,2,0.010373263832463911,0.030177884726727423,0.024100252775117282,0.09163208843462262,0.010415387254556126,0.0020213899799100266,0.017380357432045364,19,21,0.0715278466149923,0.096186231001426,False,True,True,8.419457516577907e-06,COMPLETE
1900,0.2728032529354096,2025-04-13 00:11:30.858358,2025-04-13 00:11:46.346779,0 days 00:00:15.488421,0.042649320876121936,0.10441839185570323,2,0.010519567003234816,0.03592374403554548,0.09573794172208881,0.0907087794931179,0.00595923669404881,0.004751472141872511,0.02515992684567587,18,13,0.06874720227101946,0.044682604402521725,False,True,True,1.1003200773354372e-05,COMPLETE
1901,0.3457190036773682,2025-04-13 00:11:46.974089,2025-04-13 00:12:02.916941,0 days 00:00:15.942852,0.03530906084232518,0.13595160165853254,2,0.006792465586568144,0.022343252159205504,0.09416049851202345,0.0847852936985138,0.0152053348128795,0.002254952577106699,0.016390145636865885,19,17,0.06715341193445343,0.08078397963070517,False,True,True,4.985418302997577e-06,COMPLETE
1902,0.30098551511764526,2025-04-13 00:12:03.558393,2025-04-13 00:12:19.634766,0 days 00:00:16.076373,0.0738179451436266,0.07941225745743423,2,0.005091279807688203,0.012370878393500843,0.09637389472703806,0.08781305710175957,0.012162230733548563,0.0013167128128210989,0.02066478782865421,19,18,0.07314942706829423,0.07673572410910723,False,True,True,1.3294863280141894e-05,COMPLETE
1903,0.3344358325004578,2025-04-13 00:12:20.253162,2025-04-13 00:12:35.966305,0 days 00:00:15.713143,0.02134550426953016,0.05409242150765095,2,0.00020510677269394706,0.030339655771121538,0.09253073544274777,0.08652682787680864,0.008159043571460146,0.0012139295121882223,0.017806793105910077,18,14,0.0703430127616223,0.08831516625283747,False,True,True,6.181414045129992e-06,COMPLETE
1904,0.33261095285415654,2025-04-13 00:12:36.607106,2025-04-13 00:12:52.534185,0 days 00:00:15.927079,0.05202121846309688,0.11273481519489754,2,0.0129312081826083,0.03730039640126454,0.09437376945777938,0.08236921605920716,0.0059229020551254735,0.0049344492943718225,0.015661269701202116,19,21,0.06711052147426153,0.09462389913164285,False,True,True,4.551206696971531e-06,COMPLETE
1905,0.49342647790908817,2025-04-13 00:12:53.182998,2025-04-13 00:13:09.263696,0 days 00:00:16.080698,0.025542700571358597,0.08799934813351645,2,0.014118805791634,0.026609875327821296,0.09663280629826783,0.08954371578475705,0.008704758247055987,0.004559891086468086,0.022396037128222496,19,10,0.07152321070406237,0.08562395145990256,False,True,True,3.856448835059015e-06,COMPLETE
1906,0.3949454307556153,2025-04-13 00:13:09.887567,2025-04-13 00:13:26.043953,0 days 00:00:16.156386,0.012924815247343978,0.07176086523815231,2,0.00543109150296665,0.03823891482250135,0.09714557094573047,0.0931336692693058,0.01218428956516322,0.005314084026895736,0.024723068883469954,19,10,0.07277729655372993,0.08436683135804422,False,True,True,6.898581748249725e-06,COMPLETE
1907,0.41335999965667725,2025-04-13 00:13:26.686166,2025-04-13 00:13:42.217183,0 days 00:00:15.531017,0.047154513588122796,0.05197287743985416,2,0.012344696506202915,0.017242455258176935,0.0977163935721067,0.09070914837918334,0.010059810011061675,0.003861923056226016,0.022616008877102217,18,8,0.07195979442806788,0.08376193796211663,False,True,True,5.007538766932752e-06,COMPLETE
1908,0.3110777735710144,2025-04-13 00:13:42.838496,2025-04-13 00:13:58.295075,0 days 00:00:15.456579,0.028008810177388144,0.08334253317386074,2,0.0004254830461652079,0.028617217748615316,0.014421989697077142,0.08959955367376342,0.010177792053765669,0.004397415988363388,0.024247969146302138,18,10,0.09714514494954356,0.08923583377350157,False,True,True,7.976784838447942e-06,COMPLETE
1909,0.3236508727073669,2025-04-13 00:13:58.941222,2025-04-13 00:14:14.645027,0 days 00:00:15.703805,0.025339874436659686,0.0614912900286143,2,0.014122569957978871,0.007064875093547234,0.09642370018040611,0.08948594595741217,0.015119176471723316,0.0010119782015115739,0.02114766271495779,19,7,0.07509934739063037,0.08953907309586298,False,True,False,5.557048187165462e-06,COMPLETE
1910,0.3262991070747376,2025-04-13 00:14:15.270968,2025-04-13 00:14:30.261594,0 days 00:00:14.990626,0.04669045965018637,0.09163609535983273,2,0.00905578014722131,0.0475373290794048,0.0999637850763527,0.09315424881373269,0.013240497723092106,0.00692531664441935,0.026192129091008085,17,9,0.07264935581037488,0.06611970569809066,False,True,True,4.010203839967851e-06,COMPLETE
1911,0.292904794216156,2025-04-13 00:14:30.907559,2025-04-13 00:14:46.872811,0 days 00:00:15.965252,0.027322972148759884,0.05537889709829987,2,0.012178233469065635,0.022611610225472062,0.09626111065627309,0.0875093513063958,0.00906084158254869,0.007154724710210546,0.02035824624144026,19,5,0.07716742049859959,0.0707204772536415,False,True,True,4.101342420519925e-06,COMPLETE
1912,0.35803376436233525,2025-04-13 00:14:47.494750,2025-04-13 00:15:03.417565,0 days 00:00:15.922815,0.06186618518810485,0.077406291940207,2,0.013640217487441115,0.03778807707521781,0.09797654312877081,0.08711041717756336,0.011419693626443673,0.0035540562366509054,0.018045696498070092,19,8,0.07060735080537667,0.08026371372233637,False,True,True,5.626426461261902e-06,COMPLETE
1913,0.29996544122695923,2025-04-13 00:15:04.057231,2025-04-13 00:15:19.480526,0 days 00:00:15.423295,0.047444835008875974,0.09904081929169566,2,0.005589904797352715,0.030323407300084777,0.09551631125493147,0.09445265044131763,0.006714491844742406,0.0010250086014799535,0.025275938613294663,18,7,0.07315763501991343,0.08336357254297087,False,True,True,3.886482345859646e-06,COMPLETE
1914,0.35642939805984497,2025-04-13 00:15:20.106050,2025-04-13 00:15:35.972029,0 days 00:00:15.865979,0.05287180681745428,0.12316372761825257,2,0.012772152498643588,0.042731868872651436,0.09797197735512242,0.09045319952011041,0.008627488123772335,0.004953681623953784,0.020900847212336177,19,11,0.07500751596556804,0.09177343205693288,False,True,True,6.5756045453472615e-06,COMPLETE
1915,0.47838171720504763,2025-04-13 00:15:36.615447,2025-04-13 00:15:52.699134,0 days 00:00:16.083687,0.09357876838326823,0.15563308132488307,2,0.016703840149782913,0.020499521029883994,0.09519769571972891,0.09115842295751045,0.005420063886155357,0.001108561005683277,0.02655368678207482,19,12,0.0700967825411114,0.08023941887479198,False,True,True,4.871526768294242e-06,COMPLETE
1916,0.3249099016189575,2025-04-13 00:15:53.320492,2025-04-13 00:16:08.302653,0 days 00:00:14.982161,0.019353288685361146,0.04552181191298102,2,0.005793226184648875,0.049013858736215325,0.09673232640975961,0.08435054179088551,0.00740515725740027,0.0068881463917314575,0.017832390951300223,17,12,0.07047379685104269,0.07364299918109898,False,True,True,3.826815035012234e-06,COMPLETE
1917,0.22240021824836734,2025-04-13 00:16:08.948384,2025-04-13 00:16:24.086443,0 days 00:00:15.138059,0.06816770983565204,0.08739890153626613,2,0.018151158647951905,0.034821169939960546,0.09393127154927576,0.08809050852733415,0.010303830618045053,0.00408694917593239,0.015370806246712875,18,6,0.07371577126411037,0.08188704515832869,False,False,True,4.657517024290431e-06,COMPLETE
1918,0.3234903335571289,2025-04-13 00:16:24.709822,2025-04-13 00:16:40.752264,0 days 00:00:16.042442,0.012483659874439858,0.06891781108062636,2,0.021810136126269586,0.012707683072474526,0.09996481514201522,0.08553211642067947,0.013197109310632473,0.0031456220073322605,0.020305957017283455,19,9,0.07789700761444829,0.09482504197756622,False,True,True,3.2506240822869004e-06,COMPLETE
1919,0.3008431315422058,2025-04-13 00:16:41.395357,2025-04-13 00:16:57.298611,0 days 00:00:15.903254,0.042964104817667784,0.13982609421182807,2,0.01666644051293917,0.027144507592097054,0.09791890070286943,0.08391057479454092,0.005762907124208411,0.006312247714413251,0.015044017172932776,19,12,0.06864556318494147,0.08963134190539052,False,True,True,8.138058773875016e-06,COMPLETE
1920,0.3093488097190857,2025-04-13 00:16:57.919406,2025-04-13 00:17:13.503092,0 days 00:00:15.583686,0.033230630087650495,0.11667018388142825,2,0.01047267062064771,0.04088668195389897,0.09541817515593526,0.08160656473751209,0.009209554284479143,0.008277734413051525,0.021757608922693367,18,14,0.07148330248133666,0.07768025587022662,False,True,True,6.135679692631458e-06,COMPLETE
1921,0.3930717945098877,2025-04-13 00:17:14.156206,2025-04-13 00:17:30.196104,0 days 00:00:16.039898,0.010374347500552099,0.04252373916891304,2,0.0001201564042936868,0.03063023809681988,0.0923971522436096,0.089521539725529,0.007284363583064586,0.004445237452965014,0.02605103763492265,19,10,0.07569485292587826,0.09744246777739066,False,True,True,3.693029772677937e-06,COMPLETE
1922,0.30476145744323735,2025-04-13 00:17:30.817578,2025-04-13 00:17:45.910514,0 days 00:00:15.092936,0.01178386141751325,0.173817385277525,2,0.019674366664702583,0.017842427935775583,0.09808122778755585,0.08642946814607425,0.011388999198207624,0.0032561324343997437,0.018071815230060986,17,15,0.06709597480848116,0.0715455053446883,False,True,True,4.902198053752483e-06,COMPLETE
1923,0.24832868576049805,2025-04-13 00:17:46.554936,2025-04-13 00:18:01.974129,0 days 00:00:15.419193,0.07503091650474265,0.09895244505951717,2,0.2204760725249474,0.04493445784066474,0.09480563965197611,0.08357881261961965,0.005311184638200869,0.0061439099020621,0.014836174660363974,18,12,0.07249717974868887,0.0813251540321479,False,True,True,3.7720172511213024e-06,COMPLETE
1924,0.2948046326637268,2025-04-13 00:18:02.591871,2025-04-13 00:18:18.502701,0 days 00:00:15.910830,0.06063038250971188,0.06562501994317124,2,0.016547097968122357,0.03616132095762387,0.0964224811751628,0.08194917137624871,0.008181471737205423,0.0011041251382274283,0.018225727150698888,19,15,0.06947912640635674,0.10195069373876693,False,True,True,3.3348256576320933e-06,COMPLETE
1925,0.3580817937850952,2025-04-13 00:18:19.146228,2025-04-13 00:18:33.482087,0 days 00:00:14.335859,0.08466859791889354,0.08612103510484667,2,0.009313178561282446,0.02606190210485811,0.09411595404968778,0.08020947535608326,0.005177168772724385,0.010122267127994262,0.022814307708369307,16,5,0.07390316281339965,0.10813422170498861,False,True,True,4.44405181661781e-06,COMPLETE
1926,0.486547863483429,2025-04-13 00:18:34.138193,2025-04-13 00:18:50.229044,0 days 00:00:16.090851,0.0353585529322641,0.044979447093972905,2,0.023678517023161476,0.05042630529697018,0.019511026191187615,0.09170833609686994,0.009934877070942656,0.005136539900001496,0.015525145345067824,19,14,0.07134490430385967,0.08545394410866915,False,True,True,5.738278187499042e-06,COMPLETE
1927,0.41518884897232056,2025-04-13 00:18:50.854751,2025-04-13 00:19:05.999848,0 days 00:00:15.145097,0.03580694170919315,0.039181717329513144,2,0.02889213007391929,0.05397771279182635,0.09822634041332151,0.09608948631545476,0.014541003540439999,0.006915198063425593,0.014201526285816252,18,18,0.07589897416254612,0.08552412494830189,False,True,False,7.299085648370719e-06,COMPLETE
1928,0.4438512802124024,2025-04-13 00:19:06.651845,2025-04-13 00:19:22.607611,0 days 00:00:15.955766,0.030982332274175597,0.029559377258607657,2,0.03428947652418439,0.04602181384326179,0.010511571617190171,0.09435372328778222,0.012352027025436842,0.004050872124314113,0.01419443686074832,19,15,0.0718146515306767,0.08966004697834741,False,True,True,8.102544390385598e-06,COMPLETE
1929,0.4510434746742249,2025-04-13 00:19:23.232525,2025-04-13 00:19:39.132421,0 days 00:00:15.899896,0.05222137425963885,0.046293753113803834,2,0.026031437532217306,0.049560388626944785,0.057795390025464875,0.09470617731494926,0.013922338778784547,0.005293337365303745,0.013378067607542479,19,21,0.07297501563580319,0.08396495257939003,False,True,True,1.0206202025467343e-05,COMPLETE
1930,0.3371195912361145,2025-04-13 00:19:39.788529,2025-04-13 00:19:55.298934,0 days 00:00:15.510405,0.062343007063304354,0.04975162119605104,2,0.023685736823564646,0.0500200502110044,0.034539853806752306,0.08811439293211934,0.01153318520415426,0.009033515165779616,0.015420498040744511,18,18,0.07957180935083417,0.0758353184669166,False,True,True,6.14045729716422e-06,COMPLETE
1931,0.3392366409301758,2025-04-13 00:19:55.926339,2025-04-13 00:20:11.909125,0 days 00:00:15.982786,0.08098370011400087,0.012842473227767048,2,0.035866808945103315,0.05186455562876444,0.0610629802967733,0.09100399016283876,0.010196092641492814,0.01118050405649497,0.0175679750173906,19,15,0.07417914084500807,0.08611957276655217,False,True,True,5.5261893657395275e-06,COMPLETE
1932,0.49939746856689454,2025-04-13 00:20:12.553284,2025-04-13 00:20:28.562584,0 days 00:00:16.009300,0.03373728083692491,0.062384027935045584,2,0.02784903789326471,0.041846048238467236,0.03290131046319977,0.08757360242185236,0.012389039087642896,0.007904329204663753,0.012883375618305966,19,21,0.07708093740302963,0.09884004121956912,False,True,True,8.410352591036064e-06,COMPLETE
1933,0.34419519901275636,2025-04-13 00:20:29.210954,2025-04-13 00:20:44.901500,0 days 00:00:15.690546,0.036895777763717635,0.06513508914369695,2,0.022653212498730445,0.03906142257313266,0.018950538134138984,0.09187615156443053,0.0166143886305958,0.012305713344566475,0.012597216577367943,18,127,0.0783968563807847,0.1012055366816018,False,True,True,8.204230082088181e-06,COMPLETE
1934,0.40279401540756227,2025-04-13 00:20:45.525830,2025-04-13 00:21:01.060344,0 days 00:00:15.534514,0.02714110858976223,0.06707805316564729,2,0.02310810592043796,0.04222583094027085,0.029423527794784313,0.09169131452511035,0.014694475284131033,0.008430656695105707,0.012168243778808636,18,22,0.08123419827488089,0.08733461568767606,False,True,True,9.489068338388696e-06,COMPLETE
1935,0.4153241634368896,2025-04-13 00:21:01.704017,2025-04-13 00:21:17.628387,0 days 00:00:15.924370,0.05532387064262411,0.0779919662468082,2,0.02755495880629161,0.0388122142770646,0.015141089041001032,0.08964234239338692,0.01256895018885238,0.007924492487446665,0.013292495042460677,19,22,0.07041282250737457,0.09519291633756712,False,True,True,9.200825695087778e-06,COMPLETE
1936,0.2816747546195984,2025-04-13 00:21:18.277461,2025-04-13 00:21:33.484654,0 days 00:00:15.207193,0.032509836873138326,0.036718959734209584,2,0.019492837035085874,0.04325307251716962,0.09801959891627335,0.09223178223872748,0.012746709872344782,0.010182266163343428,0.014501523272016837,18,20,0.07145971803786777,0.10500845609654169,False,False,True,1.0188918435254723e-05,COMPLETE
