number,value,datetime_start,datetime_complete,duration,params_alpha-eval,params_alpha-train,params_batch-size,params_eps-eval,params_eps-train,params_lambda-actions-eval,params_lambda-actions-train,params_lambda-frames-eval,params_lambda-frames-train,params_learning-rate,params_n-epochs,params_n-frames,params_radius-gw,params_rho,params_std-feats,params_ub-actions,params_ub-frames,params_weight-decay,state
1937,0.48136099576950075,2025-04-13 00:21:34.125864,2025-04-13 00:21:50.152806,0 days 00:00:16.026942,0.012693220228450087,0.060923126443465606,2,0.02802991063043831,0.03381945424687664,0.017863397051027866,0.0931400629638577,0.011323216594674487,0.007262776804742423,0.011510092792280246,19,21,0.07735719420582396,0.09520589402045487,False,True,True,1.2047857395091467e-05,COMPLETE
1938,0.30879223346710205,2025-04-13 00:21:50.805308,2025-04-13 00:22:07.040688,0 days 00:00:16.235380,0.045694506206254655,0.08276656158193332,2,0.03431124258514139,0.037359382228014215,0.025062699588469815,0.09054908710210244,0.010809368827572748,0.006132369388990448,0.014627707669666208,19,21,0.07396535053276931,0.09057742156754806,False,True,True,8.189837454058065e-06,COMPLETE
1939,0.4188075661659241,2025-04-13 00:22:07.667597,2025-04-13 00:22:23.019421,0 days 00:00:15.351824,0.054131282877364996,0.09885776978678175,2,0.019470016238957905,0.043816597836830375,0.021126203330064517,0.09003421102239913,0.01425211138586683,0.002977785680054164,0.012157626184006358,18,18,0.08667885433407004,0.09359944005758539,False,True,True,1.3617929394942317e-05,COMPLETE
1940,0.35743739604949953,2025-04-13 00:22:23.669880,2025-04-13 00:22:39.733111,0 days 00:00:16.063231,0.02390284216079744,0.04979322789092547,2,0.013497693377197051,0.03327067371177303,0.02014983350556316,0.09829285558268397,0.010269219728447618,0.00870813685144548,0.016169130088156233,19,58,0.07100751354088979,0.09839940326012933,False,True,True,6.536247813280865e-06,COMPLETE
1941,0.3365530848503113,2025-04-13 00:22:40.359552,2025-04-13 00:22:55.434842,0 days 00:00:15.075290,0.0724251304682079,0.02984972559060893,2,0.02423685627742615,0.04003435797121019,0.09999693635180994,0.08771698553727221,0.012838102707804023,0.011692551185484134,0.013561143249468452,17,21,0.06927892000793477,0.06723855741700151,False,True,True,6.6619846748591845e-06,COMPLETE
1942,0.3470036625862122,2025-04-13 00:22:56.080150,2025-04-13 00:23:12.066159,0 days 00:00:15.986009,0.03513246899255823,0.07158588186828249,2,0.029701777532448768,0.03161608489795662,0.004513131299814642,0.0866591595907851,0.009908878268093254,0.00618661320748597,0.016510052353826722,19,18,0.07196025872783102,0.07840660621515631,False,True,True,1.2800933237508264e-05,COMPLETE
1943,0.4913604378700257,2025-04-13 00:23:12.720627,2025-04-13 00:23:19.626792,0 days 00:00:06.906165,0.05609850625728163,0.09231154983151758,16,0.0062338820707837014,0.047374259534912935,0.09796201304570495,0.08786679184252333,0.009350564719861813,0.0011773737397122526,0.012587994899742107,18,22,0.07467663325248833,0.0916431804714286,False,True,True,1.7454838519563838e-05,COMPLETE
1944,0.48162580728530885,2025-04-13 00:23:20.253347,2025-04-13 00:23:27.142817,0 days 00:00:06.889470,0.060954786393537116,0.10269497129403575,16,0.004229177086562598,0.044271464351369284,0.09812091077358756,0.08837412953925854,0.009272889724271306,0.00280523155756766,0.011523413853317177,18,22,0.0781678906384333,0.09780651225685982,False,True,True,1.605503605052004e-05,COMPLETE
1945,0.377265465259552,2025-04-13 00:23:27.789819,2025-04-13 00:23:34.591604,0 days 00:00:06.801785,0.09158112768565518,0.12158451525490807,16,0.000635315645568197,0.03523965285972991,0.03184860274567073,0.08564773686680809,0.012184972482862039,0.0014386431816875655,0.01071311794397036,17,20,0.07504289463069445,0.09060322546904777,False,True,True,3.66229613912021e-05,COMPLETE
1946,0.34825170040130615,2025-04-13 00:23:35.243067,2025-04-13 00:23:42.059966,0 days 00:00:06.816899,0.08387119647088916,0.09286667880302231,16,0.0002158260118359642,0.03797661507656924,0.09837577985953473,0.08719520979356246,0.00862517927302838,0.0011223396321615392,0.012156373726155996,17,21,0.08012298886428393,0.1022748444092935,False,True,True,1.4108288484571883e-05,COMPLETE
1947,0.36911307573318486,2025-04-13 00:23:42.685833,2025-04-13 00:23:49.545440,0 days 00:00:06.859607,0.07060425968598413,0.10846836190343603,16,0.006164513847301274,0.029034222081920462,0.03372049649283608,0.08568985159799983,0.01063690505012919,0.0033938512236959917,0.012639642189846163,17,22,0.07769125523878515,0.09452448071282944,False,True,True,4.881235187815596e-06,COMPLETE
1948,0.3851925611495972,2025-04-13 00:23:50.195727,2025-04-13 00:23:56.998313,0 days 00:00:06.802586,0.0538440985876669,0.08604433736797168,16,0.010973646544384551,0.04221412835654919,0.06336846066464365,0.08812234960375538,0.007994608010057266,0.003104987631942824,0.010504278588953156,17,22,0.0762201429557776,0.1097004772876675,False,True,False,3.405036175456844e-05,COMPLETE
1949,0.4301838636398316,2025-04-13 00:23:57.629457,2025-04-13 00:24:04.513959,0 days 00:00:06.884502,0.07831686184827716,0.10598921006660132,16,0.005835286965915768,0.031332089290570936,0.0967316781105701,0.08523489665376792,0.00896877791946874,0.0029787265704172994,0.014084949633887454,18,22,0.08180596307204657,0.08660139945476972,False,True,True,1.7775247171906286e-05,COMPLETE
1950,0.4144593715667725,2025-04-13 00:24:05.154560,2025-04-13 00:24:12.050958,0 days 00:00:06.896398,0.052076888187915324,0.08153401958842835,16,0.009174373023810975,0.04763180131277078,0.036185922675148245,0.08904701379395227,0.011809170873001078,0.0014092796405580162,0.017537643916674922,18,19,0.07529703073349898,0.09224959210059634,False,True,True,1.55489815151346e-05,COMPLETE
1951,0.3328941345214844,2025-04-13 00:24:12.702779,2025-04-13 00:24:19.622790,0 days 00:00:06.920011,0.03339940605670388,0.11997683762107408,16,0.006747161263380725,0.03749024828047264,0.02869282299504501,0.08459812892137553,0.007202652306681173,0.0010258068508670678,0.011399801092933664,18,19,0.07401047301360121,0.07992129302405185,False,True,True,3.1692678185982064e-05,COMPLETE
1952,0.4091687083244324,2025-04-13 00:24:20.251647,2025-04-13 00:24:34.648281,0 days 00:00:14.396634,0.06518941413012576,0.09585582556323542,2,0.012111569132761572,0.025321069398384383,0.0979392618661861,0.08736929446887673,0.015612821388350087,0.00473586934257493,0.013696313561068825,16,22,0.07722511949306114,0.07197104063794833,False,True,True,4.3723344016821995e-05,COMPLETE
1953,0.38410614728927617,2025-04-13 00:24:35.299727,2025-04-13 00:24:42.235067,0 days 00:00:06.935340,0.010218772511483024,0.07701969227690308,16,0.005808928281021703,0.0539499431881765,0.006005968194879904,0.08575674187453193,0.008867708996988313,0.0028754570589217083,0.016758894330780347,18,18,0.07384435890170597,0.09945934222486105,False,True,True,4.842968041841037e-06,COMPLETE
1954,0.48510769605636594,2025-04-13 00:24:42.899309,2025-04-13 00:24:58.868477,0 days 00:00:15.969168,0.01070145012771661,0.12519844681346765,2,0.013763548333298958,0.04383190363501322,0.09637801775046596,0.08975342646181458,0.010670094461638413,0.0011805675210006673,0.01861313195023873,19,22,0.0795964574261398,0.10538777648004818,False,True,True,1.298933336910389e-05,COMPLETE
1955,0.41991122961044314,2025-04-13 00:24:59.515558,2025-04-13 00:25:06.403119,0 days 00:00:06.887561,0.08667920913709586,0.07031968101438073,16,0.00023077011237629397,0.03460901130656943,0.0999170905458334,0.08279600135181717,0.007332545290178329,0.004572398911274456,0.013115231023714454,18,22,0.07596435163643185,0.08363184474717283,False,False,True,1.6739532061224533e-05,COMPLETE
1956,0.4723909378051758,2025-04-13 00:25:07.054626,2025-04-13 00:25:22.574114,0 days 00:00:15.519488,0.04695017890546177,0.10634592349751253,2,0.01563065679724015,0.027366245693905073,0.09689549124350186,0.08673932581259633,0.0069950644946835195,0.005976385318540962,0.010155769812916948,18,18,0.0688816064275438,0.07885550554141069,False,True,True,6.780100238418262e-06,COMPLETE
1957,0.42508777379989626,2025-04-13 00:25:23.239603,2025-04-13 00:25:30.275920,0 days 00:00:07.036317,0.036351570310795084,0.08841879267691519,16,0.00816179783708486,0.040139894602977504,0.09600553335033384,0.08390624084910404,0.013156558522588168,0.002956307031347439,0.015462385828494438,19,18,0.0721034265508905,0.0855926076951226,False,True,True,5.191784310667345e-06,COMPLETE
1958,0.3683109641075134,2025-04-13 00:25:30.916160,2025-04-13 00:25:37.939794,0 days 00:00:07.023634,0.07146626785354833,0.062314793633303577,16,0.01395811303369359,0.03242378754336414,0.098535091964143,0.08840785011031967,0.010154912174431069,0.0072935577489453805,0.020465737081154015,19,16,0.07356628971671617,0.09288572791003025,False,True,True,4.248905588445268e-06,COMPLETE
1959,0.3984850168228149,2025-04-13 00:25:38.601063,2025-04-13 00:25:45.627813,0 days 00:00:07.026750,0.1059477720768996,0.11092337676365255,16,0.018564403235181017,0.04804861123674209,0.026295762448341423,0.08429317351122168,0.008148818631765536,0.00955851285180353,0.011583534406667727,19,19,0.06678271114838742,0.06627800660864963,False,True,True,1.905365427525099e-05,COMPLETE
1960,0.4523474931716919,2025-04-13 00:25:46.263204,2025-04-13 00:25:53.354506,0 days 00:00:07.091302,0.05428218566270482,0.08391105357038654,16,0.005637497885434564,0.024805419605202453,0.09832134417981576,0.0835906221440521,0.011329770634254457,0.0010988217226600267,0.01545916147632243,19,22,0.06966127652505995,0.09226858800277156,False,True,True,1.1881564661678043e-05,COMPLETE
1961,0.3511057496070862,2025-04-13 00:25:54.018030,2025-04-13 00:26:00.942451,0 days 00:00:06.924421,0.08676709156452983,0.13712058132050542,16,0.010614396684640646,0.05745035078037432,0.09498286975601641,0.08667874034048774,0.006589965019831499,0.003978712834482751,0.001147394367789476,17,75,0.07639258968741618,0.07445114345807603,False,True,True,3.8096889920703508e-06,COMPLETE
1962,0.4054647445678711,2025-04-13 00:26:01.578832,2025-04-13 00:26:08.541259,0 days 00:00:06.962427,0.010873745296135573,0.06013016430952717,16,0.0194289471921096,0.03761256286379893,0.09658451188900596,0.08159801680264045,0.009142494310323938,0.004726889696583168,0.018410911483402074,18,16,0.06842409637274578,0.0979043719614345,False,True,True,7.22264361468888e-06,COMPLETE
1963,0.4021806478500366,2025-04-13 00:26:09.193083,2025-04-13 00:26:16.113959,0 days 00:00:06.920876,0.04256161473084597,0.12278162261326067,16,0.018228325844198687,0.04601309051992595,0.011432613072071426,0.08926396237039753,0.005867835137940399,0.007521138759451916,0.013407170966205029,18,22,0.07254121000525682,0.10186015577069685,False,True,True,0.0005433482259597738,COMPLETE
1964,0.4350990653038025,2025-04-13 00:26:16.771056,2025-04-13 00:26:23.817454,0 days 00:00:07.046398,0.02767298432577962,0.09560911518549094,16,0.19719231191284453,0.030297367838030144,0.09431420774579936,0.08563666824871202,0.013279398845452126,0.0034613476236646673,0.010028436546648133,19,19,0.07545566552729208,0.08708173648657906,False,True,False,4.340734032124012e-06,COMPLETE
1965,0.4015843868255615,2025-04-13 00:26:24.460214,2025-04-13 00:26:31.488223,0 days 00:00:07.028009,0.06731038150656277,0.06658880043623588,16,0.03430306697396181,0.04168949427563841,0.09859330919736013,0.0822427111931541,0.009747798365196715,0.005935518670594253,0.017344161655231637,19,16,0.0703243178221775,0.07924050332754533,False,True,True,9.400255285322217e-06,COMPLETE
1966,0.45576163530349734,2025-04-13 00:26:32.143179,2025-04-13 00:26:39.106897,0 days 00:00:06.963718,0.03374833384234957,0.09459265344539701,16,0.011133948898763766,0.023383277288282156,0.0964145777846775,0.08482237059160587,0.00779352812733346,0.0029803709314188973,0.014384081103453905,17,133,0.07937527561396443,0.09208919906276931,False,True,True,5.273085786097655e-06,COMPLETE
1967,0.3127650856971741,2025-04-13 00:26:39.776047,2025-04-13 00:26:46.505056,0 days 00:00:06.729009,0.05498050318278927,0.12236722332764682,16,0.028125888719420008,0.03457625373214999,0.09996352360890756,0.08103663608951021,0.011502562111360227,0.007936545291947535,0.001921758883702327,16,22,0.06675055694600697,0.07014375276893658,False,True,True,3.5078899822654442e-06,COMPLETE
1968,0.3193601965904236,2025-04-13 00:26:47.148579,2025-04-13 00:27:02.740767,0 days 00:00:15.592188,0.10491061442798075,0.01086689464250691,2,0.022530883331686506,0.0513371816095306,0.09418545120474729,0.08946767529114406,0.006660147178954418,0.005449974501915188,0.020522677671386054,18,15,0.0730139310822209,0.1083624094581486,False,True,True,2.6346170844965987e-05,COMPLETE
1969,0.3722001194953919,2025-04-13 00:27:03.407667,2025-04-13 00:27:10.311251,0 days 00:00:06.903584,0.06635156943253633,0.05259231088195707,16,0.016254056402111416,0.02843425987760504,0.09685752611023342,0.07978367322560388,0.008871147579172135,0.014205610069692802,0.012399683907692471,18,19,0.06943020636570718,0.08623580762476414,False,True,True,5.621977866629102e-06,COMPLETE
1970,0.3552629590034485,2025-04-13 00:27:10.946508,2025-04-13 00:27:26.831847,0 days 00:00:15.885339,0.028650963564558905,0.15357688526592056,2,0.004025646260067618,0.039678876150252965,0.09990812631472427,0.08350926595857984,0.015246030917853471,0.01097357863076076,0.01602886308429241,19,12,0.07442453162021485,0.07823668175935322,False,True,True,4.223122830030678e-06,COMPLETE
1971,0.3082260370254517,2025-04-13 00:27:27.496309,2025-04-13 00:27:43.615723,0 days 00:00:16.119414,0.04530719443219057,0.07751181132969502,2,0.035144238615421326,0.009793435344610864,0.09483890259758539,0.08732987431815858,0.0056247775974357615,0.002952901714124224,0.018935782716354852,19,22,0.0710245232618787,0.10157000644137992,False,True,True,3.4116544119782026e-06,COMPLETE
1972,0.2937770485877991,2025-04-13 00:27:44.284895,2025-04-13 00:28:00.295860,0 days 00:00:16.010965,0.0819525240210521,0.11044131841329886,2,0.02430471970469273,0.01958805655596438,0.0933389372719725,0.08053592896544322,0.00984417306159278,0.0010900137714311238,0.011586421183869289,19,16,0.06660394266873147,0.06465512828197521,False,True,True,6.702851900686081e-06,COMPLETE
1973,0.4542531251907349,2025-04-13 00:28:00.941637,2025-04-13 00:28:16.078533,0 days 00:00:15.136896,0.013527804351843305,0.03781165881996475,2,0.010713897908048092,0.034160528628929154,0.09224008309923849,0.08568743564213714,0.0077690806726431584,0.004725887136379523,0.009635484701946924,17,19,0.0771498793947849,0.08347477513667884,False,True,True,1.0402709861342238e-05,COMPLETE
1974,0.31048100590705874,2025-04-13 00:28:16.746954,2025-04-13 00:28:33.066207,0 days 00:00:16.319253,0.10414985783788394,0.13723610846631162,2,0.017189274612221216,0.04452257716593665,0.001521835301407086,0.08231606614655239,0.0058546691496367854,0.007480600340141333,0.021850175687251786,20,13,0.06881069538615457,0.09626962967870088,False,False,True,4.437156335816909e-06,COMPLETE
1975,0.3304556250572205,2025-04-13 00:28:33.708666,2025-04-13 00:28:49.232776,0 days 00:00:15.524110,0.05028141260201907,0.07584359160617417,2,0.000102681054245728,0.028703817775284784,0.09784266416132509,0.0790805612220197,0.012316751696683165,0.004993226513663263,0.014977704528587822,18,17,0.07269195519609058,0.08851919389526794,False,True,True,3.3377160856396798e-06,COMPLETE
1976,0.49787502288818364,2025-04-13 00:28:49.902395,2025-04-13 00:29:05.811372,0 days 00:00:15.908977,0.010476231468689368,0.10220581293089724,2,0.03022306505450936,0.05212087953552154,0.09566894270900599,0.08763372604299001,0.0072379427337270295,0.001052056082642739,0.013069475554109363,19,22,0.08316611460149788,0.07710128470292187,False,True,True,5.197772204135333e-06,COMPLETE
1977,0.4837807059288025,2025-04-13 00:29:06.479405,2025-04-13 00:29:22.509695,0 days 00:00:16.030290,0.01982827865370697,0.11831648799586963,2,0.03507788571420786,0.05273901698324405,0.09994798294464356,0.08929516732573956,0.010033629184715221,0.002688268841802036,0.009139510140996352,19,22,0.0820468013553251,0.07871035461286956,False,True,True,7.837176130095113e-05,COMPLETE
1978,0.4598758459091187,2025-04-13 00:29:23.158471,2025-04-13 00:29:38.549472,0 days 00:00:15.391001,0.014349533609757572,0.10281073382714248,2,0.029634525512283582,0.06005133401045763,0.09690185398471002,0.09260433163958492,0.01144457471073117,0.0013765621478118231,0.011448373865266497,18,22,0.08902698465484447,0.07206645982553649,False,True,True,5.643500796719318e-06,COMPLETE
1979,0.20248482227325443,2025-04-13 00:29:39.220176,2025-04-13 00:29:55.094754,0 days 00:00:15.874578,0.024657169504564994,0.1387974987381189,2,0.28991673477226265,0.06109247772498158,0.09805481508492016,0.08742057720799382,0.00835958852050621,0.0028790365160413756,0.012906742259732614,19,23,0.08796012719256832,0.07603009504963913,False,True,True,7.990212759692576e-06,COMPLETE
1980,0.3368876934051514,2025-04-13 00:29:55.740008,2025-04-13 00:30:11.652704,0 days 00:00:15.912696,0.033415848889516465,0.10255778283539985,2,0.022059298986384347,0.05689433891770866,0.0958442643190219,0.09121902310239334,0.013822569193340076,0.0012716223036186739,0.01836733367368829,19,22,0.08313338696546753,0.06977589582079526,False,True,True,5.851610853162872e-06,COMPLETE
1981,0.23793354034423828,2025-04-13 00:30:12.314362,2025-04-13 00:30:19.277304,0 days 00:00:06.962942,0.012187015403787416,0.12944011241584774,16,0.25603994640199346,0.0507123293422054,0.09991070462513907,0.08700074849694285,0.005154366092008402,0.0011203513195738794,0.008589770654300943,18,23,0.08497215306509727,0.08221917885336577,False,True,True,2.020394913664678e-05,COMPLETE
1982,0.3056990623474121,2025-04-13 00:30:19.940435,2025-04-13 00:30:35.695183,0 days 00:00:15.754748,0.05223134931993163,0.1524601944961526,2,0.009888074636163372,0.25303846620811804,0.0549846708266302,0.0890031555781631,0.009219021270480557,0.0031074440931636057,0.010762332620293549,19,19,0.08867856518060548,0.05964466109754152,False,True,False,5.127561989542865e-05,COMPLETE
1983,0.30292277336120604,2025-04-13 00:30:36.334957,2025-04-13 00:30:51.815298,0 days 00:00:15.480341,0.039922073996105596,0.09449679399320918,2,0.03442375334871391,0.0009412679969810905,0.0951518497082236,0.08541538962308663,0.007057543260721443,0.006612508294824877,0.01586266318722245,18,22,0.08482797952873915,0.0841496777567283,False,True,True,6.7856141878836694e-06,COMPLETE
1984,0.3097836017608643,2025-04-13 00:30:52.481013,2025-04-13 00:31:08.702122,0 days 00:00:16.221109,0.02978076077592748,0.10509783403763437,2,0.017220799808889277,0.04876292919844026,0.09297730187963431,0.0890447645116113,0.011314331967348865,0.003256239468889057,0.02625411199716038,19,19,0.026061808442689436,0.06836042993087584,False,True,True,1.696681850316297e-05,COMPLETE
1985,0.4655631184577942,2025-04-13 00:31:09.372404,2025-04-13 00:31:25.252218,0 days 00:00:15.879814,0.010472068412964913,0.1198426400519799,2,0.02877471612708646,0.055738215074698616,0.09652497614451018,0.08704297834001964,0.005083436820004681,0.0010471023436901213,0.013215536645141027,19,22,0.08020016749462867,0.07330329608813349,False,True,True,9.3776528815995e-06,COMPLETE
1986,0.47490006685256964,2025-04-13 00:31:25.901248,2025-04-13 00:31:41.464956,0 days 00:00:15.563708,0.07490646129204827,0.1697081278458522,2,0.18587395585067445,0.04668451780563286,0.023282281861211587,0.08450988554900579,0.00823428663879797,0.003576508326985115,0.02220738130730593,18,19,0.08199054336574124,0.0898270116967194,False,True,True,2.7999199235123237e-06,COMPLETE
1987,0.35970320701599123,2025-04-13 00:31:42.130660,2025-04-13 00:31:58.138369,0 days 00:00:16.007709,0.04215272620703634,0.08723805846694214,2,0.022895265013147335,0.04280441524851487,0.09259164848335473,0.08810355134685553,0.004946327271523927,0.0036963042499916793,0.017769789792390977,19,22,0.08117771835116187,0.08173922977878066,False,True,True,3.7549057774902097e-06,COMPLETE
1988,0.39272235631942753,2025-04-13 00:31:58.808861,2025-04-13 00:32:15.368202,0 days 00:00:16.559341,0.01173568355469734,0.11476999023420065,2,0.013820562727424473,0.017483375733657214,0.09814390674997657,0.09207842871576824,0.010097651797283103,0.0029187328713721063,0.010459271884947432,20,19,0.06792975655747628,0.07697068976309256,False,True,True,4.965239360330854e-06,COMPLETE
1989,0.4329470992088318,2025-04-13 00:32:16.013035,2025-04-13 00:32:31.510225,0 days 00:00:15.497190,0.077042441589014,0.13648362021419247,2,0.005385336024795729,0.050473099042194144,0.09535458018976432,0.09066976937413757,0.0070187917332822395,0.001071788840441762,0.01575804622589654,18,18,0.06639522490519058,0.06362916096463289,False,True,True,7.327887983353695e-06,COMPLETE
1990,0.34544812440872197,2025-04-13 00:32:32.181034,2025-04-13 00:32:48.086288,0 days 00:00:15.905254,0.05695749147220336,0.07696417893645374,2,0.034470984109217964,0.009633033909844768,0.09783497829962146,0.08417385917504733,0.012758376010945649,0.0010314993654059945,0.020729436534528675,19,23,0.06663794776987382,0.09882900727883343,False,True,True,3.2462920748892702e-06,COMPLETE
1991,0.4745461225509644,2025-04-13 00:32:48.754486,2025-04-13 00:33:05.346630,0 days 00:00:16.592144,0.03111601142417805,0.19538390703278047,2,0.020450992437102668,0.02303646710267091,0.09371978633306248,0.08682567555024295,0.00864635731694224,0.0010162040794448315,0.012619691115921872,20,19,0.06886364095244744,0.09155429242579037,False,True,True,4.831127020872105e-06,COMPLETE
1992,0.3224493682384491,2025-04-13 00:33:05.997804,2025-04-13 00:33:21.822134,0 days 00:00:15.824330,0.058865633008082494,0.08974882814234017,2,0.026976400110783214,0.04397608401347237,0.09572482093450999,0.0832489104727481,0.005133659855041027,0.004734728261457143,0.018414485532975745,19,22,0.08536993929798174,0.0746293122185776,False,False,True,2.7382978538918963e-06,COMPLETE
