number,value,datetime_start,datetime_complete,duration,params_alpha-eval,params_alpha-train,params_batch-size,params_eps-eval,params_eps-train,params_lambda-actions-eval,params_lambda-actions-train,params_lambda-frames-eval,params_lambda-frames-train,params_learning-rate,params_n-epochs,params_n-frames,params_radius-gw,params_rho,params_std-feats,params_ub-actions,params_ub-frames,params_weight-decay,state
1361,0.42582808732986455,2025-04-14 18:50:25.270015,2025-04-14 18:50:34.359553,0 days 00:00:09.089538,0.5227328035051375,0.04540868599832026,8,0.024785302610858505,0.035668424000961554,0.0937511599024822,0.05733019471248552,0.07739539039857375,0.09771291725275755,0.0005975418930620274,26,18,0.09594619776657508,0.17998718309361994,False,True,True,1.5435361428526305e-07,COMPLETE
1362,0.5200991749763489,2025-04-14 18:50:34.801870,2025-04-14 18:50:43.890922,0 days 00:00:09.089052,0.4927281723468582,0.03309977875390309,8,0.03136308744324473,0.01620865717641202,0.0981520416863688,0.052345926208951635,0.08056691623210718,0.09807535037326043,0.0006947197195036017,26,21,0.09712051104329769,0.172699289194955,False,True,True,1.9111202471136485e-07,COMPLETE
1363,0.25852531790733335,2025-04-14 18:50:44.332030,2025-04-14 18:50:53.429085,0 days 00:00:09.097055,0.5447946255456162,0.04885944941557341,8,0.0193664790335843,0.1890686050037541,0.09518455354614447,0.05529826292442859,0.07785995787603528,0.09518051910866938,0.0003950489019537613,26,16,0.09561358818455752,0.1586412684714072,False,True,True,2.6730240095097097e-07,COMPLETE
1364,0.26111983060836796,2025-04-14 18:50:53.876735,2025-04-14 18:51:03.120373,0 days 00:00:09.243638,0.490181740788108,0.02809346822458647,8,0.21306816531676193,0.02682023341873272,0.0918737047451012,0.05344622854366669,0.07683384698781352,0.09991279132109741,0.0005884004554007227,27,20,0.09614509225655263,0.16993766862006773,False,True,True,1.22562922091377e-07,COMPLETE
1365,0.42393543720245364,2025-04-14 18:51:03.557302,2025-04-14 18:51:12.565417,0 days 00:00:09.008115,0.520176145312897,0.010199360415013452,8,0.013597826782454452,0.035624208975449156,0.0981249335639562,0.057918926000901275,0.07922990123179827,0.09642508875405817,0.0007247268974885776,26,17,0.09772194460749592,0.18305613329772324,False,True,False,1.465110756962952e-07,COMPLETE
1366,0.5395804882049561,2025-04-14 18:51:13.007843,2025-04-14 18:51:22.419560,0 days 00:00:09.411717,0.5444204261728003,0.048723386117086265,8,0.019751218023435893,0.04072187030044448,0.09656538966833408,0.05254349065052307,0.08363162390631608,0.09495512947618688,0.0007085458883304095,28,21,0.09562746704562844,0.16736946868144753,False,True,True,2.0398345382946054e-07,COMPLETE
1367,0.2342060208320618,2025-04-14 18:51:22.881019,2025-04-14 18:51:32.135655,0 days 00:00:09.254636,0.5050907947704733,0.05138536190478506,8,0.013554506830691558,0.15050920746568794,0.09347688862819312,0.05637119736620612,0.0764507589750745,0.0979984980428839,0.00046279375388735654,27,12,0.09771880084320309,0.16671389478964735,False,True,True,2.7193115373779135e-07,COMPLETE
1368,0.5367063760757447,2025-04-14 18:51:32.584005,2025-04-14 18:51:41.678637,0 days 00:00:09.094632,0.4891621135732153,0.033212303967318335,8,0.03194759060013569,0.027315550349103622,0.09569560403031747,0.052139762211630934,0.08097757357851967,0.0939666852808323,0.0007493628016488406,26,17,0.09512812221309097,0.17826418777079667,False,True,True,1.1660625270844058e-07,COMPLETE
1369,0.5780548930168152,2025-04-14 18:51:42.121287,2025-04-14 18:51:51.162434,0 days 00:00:09.041147,0.5099016787722246,0.05143136209737136,8,0.024251010317071393,0.023127725893605566,0.09811877228431083,0.05506743839770451,0.0780094113435948,0.09990086406788659,0.0005656580834281014,26,21,0.09794245003536105,0.16577684571069146,False,True,True,1.6711209013375622e-07,COMPLETE
1370,0.5782814383506776,2025-04-14 18:51:51.598959,2025-04-14 18:52:00.908676,0 days 00:00:09.309717,0.5465466994538019,0.0561712940439118,8,0.032942815549911575,0.017230733395418057,0.09202318946564816,0.057689603467298,0.07661611674899263,0.09961740275071859,0.0005843220974723714,27,21,0.09547252251300146,0.172881472057828,False,True,True,2.1501342029421137e-07,COMPLETE
1371,0.4092087507247925,2025-04-14 18:52:01.346840,2025-04-14 18:52:10.716964,0 days 00:00:09.370124,0.5483608339891362,0.05335507920377559,8,0.03250062432239883,0.01441236191622368,0.0912891384385416,0.05831189180285154,0.07813560040177679,0.09944069359159392,0.0005151086196236019,28,14,0.09602351157975496,0.17703752054501945,False,True,True,2.492648262245607e-07,COMPLETE
1372,0.5343590021133423,2025-04-14 18:52:11.158220,2025-04-14 18:52:20.560466,0 days 00:00:09.402246,0.5529893718530235,0.055203268078155274,8,0.0328306413272818,0.014818211027009703,0.09085159520213706,0.058129626833116683,0.07688356922969931,0.09851287914363309,0.000357020403377634,28,21,0.09606836127301217,0.1690923273927047,False,True,True,2.2595827548843992e-07,COMPLETE
1373,0.4891548037528992,2025-04-14 18:52:21.019896,2025-04-14 18:52:30.259026,0 days 00:00:09.239130,0.5454380580246545,0.0266699390461555,8,0.030710767509042662,0.014926200313396816,0.09290255623827937,0.056101414358147285,0.07813395078867139,0.09987584036461224,0.0003662148185877794,27,18,0.09740151801289587,0.17301136818866353,False,True,True,3.1629351829442186e-07,COMPLETE
1374,0.4601751208305359,2025-04-14 18:52:30.704981,2025-04-14 18:52:39.880842,0 days 00:00:09.175861,0.538956983186397,0.045672381420790276,8,0.027599593007948772,0.014605988829356549,0.09105891072819161,0.056920121293615164,0.07689333886579136,0.09966046875445214,0.0004451270636688,27,15,0.09517554362822685,0.18930878425478492,False,True,True,2.79990420496908e-07,COMPLETE
1375,0.5728837132453919,2025-04-14 18:52:40.325022,2025-04-14 18:52:49.552651,0 days 00:00:09.227629,0.5518928722916391,0.055690663851464386,8,0.03298701741858034,0.015064480504046159,0.09168649852515326,0.0585757356720962,0.07896210395114169,0.09834909501199864,0.0005723299470637023,27,22,0.0998930223764877,0.17902656081109336,False,True,True,1.722772579030033e-07,COMPLETE
1376,0.3429692804813385,2025-04-14 18:52:49.998365,2025-04-14 18:52:59.312883,0 days 00:00:09.314518,0.5326048315589489,0.010598728737335535,8,0.028490348331450067,0.01880852821931707,0.0931564859477937,0.05725461504412692,0.07612065159923789,0.09996927651042574,0.0005611158270577047,28,18,0.0999030276479186,0.16636735744889347,False,False,True,1.9716793736314051e-07,COMPLETE
1377,0.36962791681289675,2025-04-14 18:52:59.754260,2025-04-14 18:53:09.047879,0 days 00:00:09.293619,0.517873945803284,0.035349301696289886,8,0.026608130955604298,0.02012014310094216,0.09233828995506703,0.05791615812160187,0.07638223303013135,0.09828235668754579,0.00038602479003506103,27,21,0.09514621989191104,0.170064325495542,True,True,True,2.2131190891199627e-07,COMPLETE
1378,0.5488561272621155,2025-04-14 18:53:09.491926,2025-04-14 18:53:18.754266,0 days 00:00:09.262340,0.5314476882790629,0.05201945269536639,8,0.034753536372596885,0.019998430941069026,0.09092880500732678,0.055733188909559826,0.07852552079771215,0.0965947841713529,0.0004923351038513877,27,16,0.09733708853416191,0.16641218585498962,False,True,True,1.4117006407534653e-07,COMPLETE
1379,0.5374735832214356,2025-04-14 18:53:19.219353,2025-04-14 18:53:28.662628,0 days 00:00:09.443275,0.5215594522179056,0.030742368286182292,8,0.02577290493183254,0.014890861544466547,0.09411257419743632,0.05928408597330542,0.0811225207969104,0.09822695409991747,0.00042055233293787425,28,22,0.09521258293415578,0.1829993691899064,False,True,True,2.934307279987707e-07,COMPLETE
1380,0.5535388469696045,2025-04-14 18:53:29.108507,2025-04-14 18:53:38.361235,0 days 00:00:09.252728,0.5515874825947225,0.057752628049779764,8,0.022863516665570235,0.022610748029748686,0.09330042594550922,0.05605273584049091,0.07614324338903047,0.09999688511404163,0.00044509784410844887,27,18,0.0974356433107181,0.17558331962802504,False,True,True,1.1308525543916637e-07,COMPLETE
1381,0.3998426675796509,2025-04-14 18:53:38.806333,2025-04-14 18:53:58.895946,0 days 00:00:20.089613,0.5314826626269588,0.01232730352783665,2,0.02304542142799793,0.021517695813517274,0.09109498505931299,0.05523940929579076,0.07922130222324889,0.09640807332096707,0.0005233297471954675,27,9,0.09450376096948111,0.17514186914949686,False,True,True,1.6551808844107016e-07,COMPLETE
1382,0.40554763078689576,2025-04-14 18:53:59.346459,2025-04-14 18:54:08.651376,0 days 00:00:09.304917,0.5215267751497513,0.06063112763902431,8,0.03305369790403822,0.014888595573152967,0.09415201882130793,0.05912713764481907,0.07782771216842953,0.09817660255125929,0.0006087386500312371,28,13,0.09771049150877735,0.1661501073651128,False,True,True,2.416507953369574e-07,COMPLETE
1383,0.5659106492996215,2025-04-14 18:54:09.095326,2025-04-14 18:54:18.399702,0 days 00:00:09.304376,0.5118469557899619,0.029808331596977242,8,0.02691528096975192,0.020394702260859723,0.09220319099423376,0.05524089958348246,0.076265344751459,0.09477296997577112,0.0005988533841424697,27,22,0.09494455740984241,0.16419981507795384,False,True,True,1.0073047746948119e-07,COMPLETE
1384,0.30449204444885253,2025-04-14 18:54:18.841834,2025-04-14 18:54:25.250395,0 days 00:00:06.408561,0.5540443770074592,0.04173171599197024,16,0.025478907035783364,0.013794149404513137,0.09500536831297846,0.057563000875694104,0.08039743295479233,0.09978617550007393,0.0003234172128478224,13,19,0.09622027405678228,0.1715006941538108,False,True,True,1.8911801177671386e-07,COMPLETE
1385,0.34070879220962524,2025-04-14 18:54:25.715946,2025-04-14 18:54:34.929838,0 days 00:00:09.213892,0.515534148611033,0.05743459753494129,8,0.02066108699059287,0.02418757057579996,0.08966442967665564,0.05465852706603524,0.08234921380133581,0.09982181646765144,0.0004927694907173799,27,22,0.0979929868168098,0.17682150565921348,False,True,False,3.034042994773943e-07,COMPLETE
1386,0.21013060212135315,2025-04-14 18:54:35.378323,2025-04-14 18:54:44.786912,0 days 00:00:09.408589,0.5374412464501163,0.031498376525186174,8,0.22189363521245303,0.020627367281859127,0.07829064081935948,0.05717552801432131,0.07795008964771584,0.09996120003186339,0.0005555199117482398,28,15,0.09510448895184737,0.16231563140688918,False,True,True,1.4453114877681698e-07,COMPLETE
1387,0.5415328145027161,2025-04-14 18:54:45.235691,2025-04-14 18:54:54.294643,0 days 00:00:09.058952,0.5061493652692965,0.060472230116098334,8,0.03420708189734456,0.024024133277844008,0.09368809276785066,0.05411884103448287,0.07594016940983726,0.0964458242751333,0.00041256153129878555,26,19,0.09426254761998404,0.16486976991267854,False,True,True,7.56432639334768e-08,COMPLETE
1388,0.22388211488723758,2025-04-14 18:54:54.739511,2025-04-14 18:55:03.932822,0 days 00:00:09.193311,0.5421762741268,0.01004633150844536,8,0.024916048639264332,0.10125118330776264,0.09490326797078745,0.0545927451887398,0.07999222157427449,0.09660495401658124,0.0006565307351791248,27,22,0.09664631202835682,0.18729642733732207,False,True,True,1.2614417996886213e-07,COMPLETE
1389,0.19931281208992005,2025-04-14 18:55:04.377118,2025-04-14 18:55:13.430824,0 days 00:00:09.053706,0.5014649019378361,0.04419091091917167,8,0.024322758069324817,0.20996495150606198,0.09089048683879161,0.05716057694169014,0.07596756355616906,0.09402570440577314,0.0007381349111160885,26,19,0.09807448419704674,0.18302071429460978,False,True,True,2.1686187212344704e-07,COMPLETE
1390,0.538174068927765,2025-04-14 18:55:13.903042,2025-04-14 18:55:23.142153,0 days 00:00:09.239111,0.5160134593702996,0.06000582221623916,8,0.022356778603419357,0.013587291384703663,0.09251980768125236,0.05511536750409634,0.07810763128070083,0.09755452745474397,0.0005736264741419894,27,16,0.09436854953594172,0.17315850831257265,False,True,True,3.5541028702840706e-07,COMPLETE
1391,0.5481150269508362,2025-04-14 18:55:23.599347,2025-04-14 18:55:32.652047,0 days 00:00:09.052700,0.561510495130991,0.028146319100508306,8,0.01814478369464558,0.020888280301980644,0.09519173400874363,0.05892796015236557,0.07954638362368262,0.09425822542783631,0.0004697533496684476,26,22,0.09633746064855046,0.1974809382299729,False,True,True,1.7218412471621257e-07,COMPLETE
1392,0.383798623085022,2025-04-14 18:55:33.103893,2025-04-14 18:55:42.177936,0 days 00:00:09.074043,0.5347213556913057,0.010271195824015804,8,0.03310566718931579,0.02611315477592073,0.09002138522214925,0.06009317419620083,0.07601760810121858,0.09551765735693558,0.0007289702360988336,26,12,0.09989038728985991,0.1694054770150909,False,True,True,1.0134548142277603e-07,COMPLETE
1393,0.5081183671951295,2025-04-14 18:55:42.627979,2025-04-14 18:55:51.776180,0 days 00:00:09.148201,0.4906488486365436,0.04051077584430847,8,0.020134371892180456,0.014448346021172863,0.0930136179149163,0.053274260367768875,0.08174518590502888,0.09752577114061187,0.0007668357465053075,26,19,0.09990820653087365,0.16181864190061446,False,True,True,2.583992332138238e-07,COMPLETE
1394,0.37994022369384767,2025-04-14 18:55:52.224710,2025-04-14 18:56:01.402217,0 days 00:00:09.177507,0.5107341481318929,0.06393137781353714,8,0.12626251167928715,0.02640431538099108,0.09550707562349098,0.055213374068641116,0.0778345152043516,0.09402336332590537,0.0005990982025816057,27,16,0.09389686552813611,0.16632262375296847,False,True,True,1.3687662936344118e-07,COMPLETE
1395,0.5914574265480042,2025-04-14 18:56:01.852070,2025-04-14 18:56:11.121899,0 days 00:00:09.269829,0.4798661704650258,0.06121933605564475,8,0.018854571997689088,0.02172278428805812,0.09619210339357205,0.057382647004351986,0.07582411372216372,0.09804283105614668,0.0006602991312567198,27,23,0.09655043418934532,0.18000645420155492,False,True,True,1.9304789118274357e-07,COMPLETE
1396,0.34309654831886294,2025-04-14 18:56:11.600561,2025-04-14 18:56:20.934197,0 days 00:00:09.333636,0.48525599035512507,0.06647649725916414,8,0.03121320974453968,0.017452373802011735,0.09642400362027326,0.060657865513956376,0.08432333923466374,0.09996220491178787,0.0006705163190089639,28,22,0.09997934618227675,0.19119000556228022,False,False,True,2.2493594646836233e-07,COMPLETE
1397,0.3530191838741302,2025-04-14 18:56:21.389732,2025-04-14 18:56:30.751474,0 days 00:00:09.361742,0.506940432384972,0.06620223100813608,8,0.02541704028100818,0.01294656765614888,0.09539737911474512,0.0584718537043193,0.07983647392362209,0.09799031449642541,0.0005142814921961511,27,23,0.09785033279496344,0.18494845369293372,True,True,True,2.5190103535878e-07,COMPLETE
1398,0.5817211985588073,2025-04-14 18:56:31.206752,2025-04-14 18:56:40.579032,0 days 00:00:09.372280,0.4815760762302493,0.04618854616544168,8,0.030129594998667082,0.018366420701057727,0.09679649881587361,0.059213191434054055,0.07804755465235777,0.09788542405816002,0.0006101546142053787,28,19,0.0976543714831804,0.17388245557479828,False,True,True,3.344182202739338e-07,COMPLETE
1399,0.5420516133308411,2025-04-14 18:56:41.028925,2025-04-14 18:56:50.499563,0 days 00:00:09.470638,0.48302999952411374,0.04179883399884106,8,0.03448134603120704,0.013396654430589036,0.09621825964990169,0.058255939354711565,0.08257900638371589,0.09811611674115958,0.0004371343525931476,28,23,0.09990751819970647,0.1802384499448606,False,True,True,3.1363877511128605e-07,COMPLETE
1400,0.5367668628692627,2025-04-14 18:56:50.952511,2025-04-14 18:57:00.372207,0 days 00:00:09.419696,0.4768320554994822,0.02952014020858704,8,0.03751676215522412,0.020028647223131548,0.09695069234964275,0.061816006711346606,0.0807743601034676,0.09730908515980935,0.0005388033574515814,28,17,0.09787095898273733,0.18177551683868687,False,True,True,2.0087274074221525e-07,COMPLETE
1401,0.5425201058387756,2025-04-14 18:57:00.840413,2025-04-14 18:57:10.237842,0 days 00:00:09.397429,0.49595547855141264,0.011056636969060975,8,0.03516608849845956,0.01287231024723301,0.09755098679866035,0.059338209328935375,0.07884092090931877,0.09825700026551347,0.0005697604737098332,28,20,0.09796255948626124,0.19274168983025144,False,True,True,2.8936964018480646e-07,COMPLETE
1402,0.4062315940856933,2025-04-14 18:57:10.695896,2025-04-14 18:57:20.123951,0 days 00:00:09.428055,0.47892159152128466,0.0641327401004071,8,0.03196590591826128,0.019555147739014678,0.09808725927111561,0.06001077824512504,0.07764991230926474,0.09836647939594524,0.0006479746865992093,28,14,0.0998615917895951,0.17858199059294363,False,True,True,2.241165543217129e-07,COMPLETE
1403,0.19931281208992005,2025-04-14 18:57:20.575804,2025-04-14 18:57:40.508564,0 days 00:00:19.932760,0.4828535734051978,0.06447496826889831,2,0.03283948747863513,0.02447754040069297,0.09675535241713967,0.061545718902774604,0.07594312847210133,0.09982048517322774,0.0005592354668500501,27,101,0.0976929290322719,0.17908554932419746,False,True,False,1.8246941111317742e-07,COMPLETE
1404,0.5257767558097839,2025-04-14 18:57:40.961045,2025-04-14 18:57:48.726857,0 days 00:00:07.765812,0.4772528012675306,0.010649219097686454,16,0.024197756930788697,0.013377090433807982,0.09486016385616934,0.05974906402975186,0.08203738784423914,0.09980405713706827,0.0006347347656159111,28,24,0.09662443709362173,0.1846475640451541,False,True,True,2.7492155539909737e-07,COMPLETE
1405,0.3716775894165039,2025-04-14 18:57:49.180411,2025-04-14 18:57:58.568489,0 days 00:00:09.388078,0.5244130931653518,0.3083672147280884,8,0.02790194541242927,0.019025105416072836,0.09649651300038835,0.05893288417365268,0.07943507632749956,0.09676486301683661,0.0004578731546734962,28,20,0.09665632630226585,0.18652860287504905,False,True,True,1.8123161758365033e-07,COMPLETE
1406,0.49856745004653935,2025-04-14 18:57:59.019391,2025-04-14 18:58:08.498479,0 days 00:00:09.479088,0.511213393964529,0.044910800950760665,8,0.028939586602122737,0.025786961731059974,0.09812200056512087,0.060762292643154914,0.07585161846064667,0.09651563131465095,0.000378280330322424,28,17,0.0982551650204339,0.17176018930582146,False,True,True,3.464674879757247e-07,COMPLETE
1407,0.19931281208992005,2025-04-14 18:58:08.970321,2025-04-14 18:58:18.306522,0 days 00:00:09.336201,0.48856843574035785,0.028081031341717758,8,0.02753546417175088,0.28929609385179966,0.09408639209455695,0.05860214759404676,0.07851449331693412,0.09814131806357068,0.0004434667419652493,28,11,0.09661416561176572,0.1756391696764031,False,True,True,2.1346805856871813e-07,COMPLETE
1408,0.31974488496780396,2025-04-14 18:58:18.762009,2025-04-14 18:58:28.283653,0 days 00:00:09.521644,0.5039792524524782,0.06370340080929908,8,0.037395826251426886,0.020896386655795022,0.09623620560744943,0.05750867477072978,0.07998594366551044,0.09981824242546426,0.0006892625873504004,28,147,0.09770424258495382,0.17520862271882343,False,True,True,2.4707832491723384e-07,COMPLETE
1409,0.5762280106544495,2025-04-14 18:58:28.740977,2025-04-14 18:58:38.003987,0 days 00:00:09.263010,0.47245398312478465,0.04419421247696679,8,0.02882099456431992,0.013735185332412558,0.09817482631022285,0.057284939497109895,0.07551364022550719,0.09639734612911022,0.0007515591018313193,27,24,0.09537390323090701,0.17001531071153178,False,True,True,1.709372632928758e-07,COMPLETE
1410,0.5527539730072022,2025-04-14 18:58:38.454499,2025-04-14 18:58:47.656762,0 days 00:00:09.202263,0.4681029349717702,0.06427105867659794,8,0.026682637544731637,0.026748077243173754,0.09426415028899052,0.05995961477582291,0.08626082668409639,0.09690664307628165,0.0005101176248170485,27,20,0.09605529565418112,0.18760766524204808,False,True,True,3.0872433795166426e-07,COMPLETE
1411,0.5351644396781922,2025-04-14 18:58:48.108940,2025-04-14 18:58:57.492575,0 days 00:00:09.383635,0.5286630270061915,0.02948214208547124,8,0.022469553719903643,0.020053087515670285,0.09652079828993991,0.056983930705954894,0.07702393293545913,0.09818853261943807,0.00032802694865350073,28,23,0.09979929981560949,0.17839393279709181,False,True,True,1.546153819691365e-07,COMPLETE
1412,0.41500849723815914,2025-04-14 18:58:57.963573,2025-04-14 18:59:07.193059,0 days 00:00:09.229486,0.49127227914051774,0.06471656903485802,8,0.035634620785310205,0.02615109806232615,0.07393618024355961,0.0608341178945839,0.08110511547525412,0.09981590396293528,0.0006276700193209133,27,15,0.0978337373059495,0.17127191327329305,False,True,True,2.0831848162671163e-07,COMPLETE
1413,0.5736533761024476,2025-04-14 18:59:07.650248,2025-04-14 18:59:16.898534,0 days 00:00:09.248286,0.46662132079561924,0.04555453912344137,8,0.029146459431222304,0.013073572057432672,0.09406617776021078,0.05761960632548131,0.08422647264152117,0.09996071883099192,0.0007880179685570727,27,18,0.09622143649171239,0.18139993891962988,False,True,True,2.5538359831673895e-07,COMPLETE
1414,0.33291731476783754,2025-04-14 18:59:17.351032,2025-04-14 18:59:26.703301,0 days 00:00:09.352269,0.5229141346042308,0.032025168564876756,8,0.021437107685895664,0.02785007398256946,0.09831863864951695,0.056747880161713525,0.0776615811942937,0.09673982264892993,0.0004848735321835372,28,21,0.09825941373463569,0.16823307571701634,False,False,True,3.693456759158006e-07,COMPLETE
1415,0.5844007968902588,2025-04-14 18:59:27.158323,2025-04-14 18:59:36.365383,0 days 00:00:09.207060,0.552583564067191,0.06842941229014013,8,0.020804724154951076,0.01915625118874221,0.09297958667361621,0.05662082089990796,0.07529240118211451,0.09571668699385899,0.00058492203929126,27,24,0.09622732428862102,0.17670840213030659,False,True,True,1.621488064555022e-07,COMPLETE
1416,0.35424418449401857,2025-04-14 18:59:36.821446,2025-04-14 18:59:46.139428,0 days 00:00:09.317982,0.5587267592676353,0.04860505777541525,8,0.03390432869670215,0.011926794308131723,0.09225833113551346,0.05947560519189162,0.07849970013055117,0.09508546760796974,0.0004044998077058052,27,18,0.09609024682734739,0.18470462203382007,True,True,True,1.4201218818506752e-07,COMPLETE
1417,0.5720177531242371,2025-04-14 18:59:46.616475,2025-04-14 18:59:56.005435,0 days 00:00:09.388960,0.5489663391263544,0.06651356626720659,8,0.029124615016722,0.016009555194404817,0.09212099231907546,0.06058059482316054,0.08252682778876559,0.09505817285671904,0.0006367130590837085,28,25,0.09593885871579834,0.19390487816216237,False,True,True,1.5207521434129202e-07,COMPLETE
