number,value,datetime_start,datetime_complete,duration,params_alpha-eval,params_alpha-train,params_batch-size,params_eps-eval,params_eps-train,params_lambda-actions-eval,params_lambda-actions-train,params_lambda-frames-eval,params_lambda-frames-train,params_learning-rate,params_n-epochs,params_n-frames,params_radius-gw,params_rho,params_std-feats,params_ub-actions,params_ub-frames,params_weight-decay,state
1978,0.27626451253890993,2025-04-14 22:21:10.524714,2025-04-14 22:21:32.529546,0 days 00:00:22.004832,0.5823492784741019,0.04178306738369843,2,0.04828418532643651,0.005431126689851854,0.08242773722907044,0.0660564161964632,0.0931911177832942,0.09085275851361369,0.015395905215739839,30,33,0.02258845686591707,0.1744698913653795,False,True,True,3.4561249198928776e-08,COMPLETE
1979,0.5930026769638062,2025-04-14 22:21:33.193110,2025-04-14 22:21:54.533517,0 days 00:00:21.340407,0.6298424025955022,0.027841140897011563,2,0.06087020097763977,0.00010640667248079314,0.0779538800748867,0.06463824669687607,0.09578610256725649,0.09442146358145244,0.00037731382927686213,29,24,0.019950571092814062,0.1955374927089753,False,True,True,4.3594480948829487e-08,COMPLETE
1980,0.4000742316246033,2025-04-14 22:21:55.170976,2025-04-14 22:22:16.835440,0 days 00:00:21.664464,0.6118231404896727,0.046121219138925716,2,0.05409560433604084,0.011870811204227158,0.084675903508377,0.06068605415820948,0.08976918187411957,0.09212989562389151,0.0004143525101750187,29,30,0.022129395349279036,0.21927161943354398,False,True,True,2.2390193783630588e-08,COMPLETE
1981,0.5097707629203797,2025-04-14 22:22:17.491476,2025-04-14 22:22:39.308540,0 days 00:00:21.817064,0.5673685435898534,0.027555761414963756,2,0.04938921745912521,0.0179202260217121,0.07628662265395132,0.07011280624636278,0.08503267084727043,0.08906560675674603,0.0005266771949082402,30,21,0.02671937662413843,0.20206558515982753,False,True,True,5.855301441505074e-08,COMPLETE
1982,0.25553485155105593,2025-04-14 22:22:39.971312,2025-04-14 22:23:01.345334,0 days 00:00:21.374022,0.9054815107539844,0.010338892915210222,2,0.0463411792747715,0.006102753486554396,0.07203923067925273,0.06328121386058372,0.09168320439188159,0.08638608097074849,0.0006235836868788772,29,36,0.025920546583019632,0.18683259377637296,False,True,True,1.2863391127441033e-08,COMPLETE
1983,0.5934110641479493,2025-04-14 22:23:01.982052,2025-04-14 22:23:23.842772,0 days 00:00:21.860720,0.5888587398124397,0.010765976332726072,2,0.06566772323702723,0.011589218137196728,0.0805332571368291,0.06733909502331584,0.09466098110608716,0.09204443693821257,0.0003857521800662637,30,26,0.019236344020327964,0.18100139386732159,False,True,True,2.7502205676194455e-08,COMPLETE
1984,0.41865359544754027,2025-04-14 22:23:24.506219,2025-04-14 22:23:46.286159,0 days 00:00:21.779940,0.6674546581923877,0.010785802487200125,2,0.0563185867396707,0.005903627045328362,0.08251996309774676,0.0651056578866172,0.09777159125182344,0.09404287596904536,0.0006612403376236227,30,30,0.028866538274598195,0.20718717914998605,False,False,True,1.7053777965932524e-08,COMPLETE
1985,0.35663082003593444,2025-04-14 22:23:46.947571,2025-04-14 22:24:08.424435,0 days 00:00:21.476864,0.6393387770167627,0.010142003041492903,2,0.04526586911048463,0.01778275933392765,0.07898511828113802,0.06850205370704353,0.08760921240598632,0.0894762617509438,0.000477699967277433,29,26,0.0240383117693714,0.19462334706270862,True,True,True,3.4822436919648836e-08,COMPLETE
1986,0.5239577651023866,2025-04-14 22:24:09.062958,2025-04-14 22:24:30.666015,0 days 00:00:21.603057,0.6104232375674906,0.04384431495779149,2,0.05701675184676261,0.010751520016175572,0.07410438906779032,0.06220955491737264,0.09122992812005642,0.0910198027809805,0.00040009394503036697,29,39,0.0216444817930825,0.20008975607796853,False,True,True,2.142228759168158e-08,COMPLETE
1987,0.4879017353057862,2025-04-14 22:24:31.325019,2025-04-14 22:24:53.295242,0 days 00:00:21.970223,0.5666913504852844,0.04361354026806279,2,0.06738913296875482,0.005434055807561626,0.08480094512302663,0.07104616972943192,0.09333209895132664,0.09609685457509286,0.0004891183277416616,30,23,0.023571851526871714,0.1893674090192973,False,True,True,7.562446100581423e-08,COMPLETE
1988,0.5408810973167419,2025-04-14 22:24:53.962374,2025-04-14 22:25:15.979606,0 days 00:00:22.017232,0.6238661773465728,0.03031029144545961,2,0.045378559764830545,0.01806393585465364,0.07592182369204237,0.06627523868009154,0.09598055253495646,0.0876307841912623,0.0006429266034350198,30,32,0.017867581541471084,0.21146397143027368,False,True,True,4.740011357657263e-08,COMPLETE
1989,0.6000492095947266,2025-04-14 22:25:16.616838,2025-04-14 22:25:38.175768,0 days 00:00:21.558930,0.6036945274308391,0.048298181790932565,2,0.053222861336804476,0.011327407002823186,0.08176906818956277,0.0647542574970302,0.08879044741946586,0.09304408766398346,0.00035933089693793835,29,28,0.025708523804293736,0.1807597288478957,False,True,True,3.39205487335213e-08,COMPLETE
1990,0.44707782268524177,2025-04-14 22:25:38.840767,2025-04-14 22:25:59.561022,0 days 00:00:20.720255,0.6465402675059985,0.055806217880011465,2,0.04274455042866138,0.01826944688511427,0.08416732053054589,0.060795779845143644,0.08471291548199575,0.09622239646057082,0.00034130031744860495,28,32,0.028549977359433765,0.17876392371431468,False,True,True,2.6687692775394482e-08,COMPLETE
1991,0.4487367749214173,2025-04-14 22:26:00.226312,2025-04-14 22:26:20.740179,0 days 00:00:20.513867,0.6583950605433067,0.05722928451200939,2,0.049903761034009265,0.013840370351670716,0.08242586020510924,0.06291523804187234,0.08839893141048347,0.09449920293316713,0.0003450809050517331,28,34,0.03390759871232078,0.17550618031399914,False,True,True,2.938238819948682e-08,COMPLETE
1992,0.50420001745224,2025-04-14 22:26:21.387045,2025-04-14 22:26:29.144702,0 days 00:00:07.757657,0.6257815393922145,0.05452920958334848,16,0.04737612592352257,0.0185831330141535,0.0846048973205566,0.06385521945294212,0.08846784896431274,0.09627692123378145,0.0002714869549079485,28,37,0.02651885855877828,0.18325756076528227,False,True,False,3.229348980558812e-08,COMPLETE
1993,0.5727283716201783,2025-04-14 22:26:29.810619,2025-04-14 22:26:50.630945,0 days 00:00:20.820326,0.5871487755724986,0.05743768537193698,2,0.04071375159505301,0.012774098450631525,0.08605624089818746,0.061785036900904554,0.08676691557902998,0.09423936587937458,0.00034958865045804166,28,29,0.0306765311077863,0.17581927626738209,False,True,True,2.3966174490232885e-08,COMPLETE
1994,0.2410142183303833,2025-04-14 22:26:51.271697,2025-04-14 22:27:12.534184,0 days 00:00:21.262487,0.6109975947476479,0.0609332787758443,2,0.1610317789037816,0.00011077827484135116,0.08317648075991031,0.06057708521249368,0.08530346103975632,0.09414881101279038,0.00028955447983944853,29,30,0.028265490798151126,0.17220004281627416,False,True,True,3.613569974958786e-08,COMPLETE
1995,0.4453084826469421,2025-04-14 22:27:13.193999,2025-04-14 22:27:33.760354,0 days 00:00:20.566355,0.678412071330343,0.050921713550274465,2,0.051750999635510005,0.013454222371633719,0.08524903217821696,0.06471740493918675,0.08704707351451502,0.09647042218394206,0.0003836483649951725,28,35,0.06169565262896148,0.2236819714426331,False,True,True,2.024050235866611e-08,COMPLETE
1996,0.32913898229599003,2025-04-14 22:27:34.428025,2025-04-14 22:27:55.840324,0 days 00:00:21.412299,0.6410528545642612,0.04452906710127692,2,0.0431550039414215,0.018330345163871005,0.0434997301514588,0.06336644144098129,0.08912426433272304,0.09293707923177826,0.00018436005499795606,29,125,0.01885912452708469,0.17514247875032646,False,True,True,3.089056497979772e-08,COMPLETE
1997,0.5818707585334778,2025-04-14 22:27:56.480840,2025-04-14 22:28:17.935348,0 days 00:00:21.454508,0.5846085348260234,0.06083917295977863,2,0.035187236248894534,0.00979965046505456,0.08071532459901758,0.06459802943476244,0.09779510436351346,0.09487483781674001,0.00024470779169498755,29,28,0.030801527014192073,0.179736567539419,False,True,True,2.4728083767128933e-08,COMPLETE
1998,0.26566457748413086,2025-04-14 22:28:18.599242,2025-04-14 22:28:39.641560,0 days 00:00:21.042318,0.6029850010192299,0.043711720300756735,2,0.029155614518591725,0.010399316281662626,0.06323268181798117,0.023514434294225815,0.08521844485312399,0.09313403221046243,0.0002980391307043752,29,32,0.035723757173084604,0.18181953498498782,False,True,True,1.9345959139622856e-08,COMPLETE
1999,0.5793985486030578,2025-04-14 22:28:40.319293,2025-04-14 22:29:01.681114,0 days 00:00:21.361821,0.5468387643300677,0.05862008654679526,2,0.058254654860283514,0.018825887648343195,0.08360804532253255,0.06231906295366426,0.09018514306590376,0.09555156481030393,0.00038064370054562326,29,28,0.005922422155796198,0.21539016130544938,False,True,True,3.724873954398734e-08,COMPLETE
