number,value,datetime_start,datetime_complete,duration,params_alpha-eval,params_alpha-train,params_batch-size,params_eps-eval,params_eps-train,params_lambda-actions-eval,params_lambda-actions-train,params_lambda-frames-eval,params_lambda-frames-train,params_learning-rate,params_n-epochs,params_n-frames,params_radius-gw,params_rho,params_std-feats,params_ub-actions,params_ub-frames,params_weight-decay,state
1255,0.41094927787780766,2025-04-12 21:17:19.153223,2025-04-12 21:17:27.536141,0 days 00:00:08.382918,0.5720850286834728,0.4376013662389435,8,0.08378038632154937,0.15876061332954042,0.0733965573015961,0.05202771791734659,0.01240741512810407,0.0842235259005362,0.04682106920705294,21,29,0.03907349770152356,0.1826361120751729,True,True,False,3.8350686854301035e-08,COMPLETE
1256,0.19931281208992005,2025-04-12 21:17:27.948305,2025-04-12 21:17:36.864364,0 days 00:00:08.916059,0.5726690390282709,0.4237335269499797,8,0.07291262780074609,0.15727137430432142,0.07614186063311207,0.05611344119691809,0.01596405554152405,0.07923121314352445,0.057641034321752514,24,21,0.041232163122183516,0.1704353876166185,True,True,True,2.6556944137734492e-08,COMPLETE
1257,0.283038055896759,2025-04-12 21:17:37.279307,2025-04-12 21:17:46.485984,0 days 00:00:09.206677,0.41219102306920996,0.4036829522855445,8,0.07508638891826806,0.16484070592196176,0.07738612321098072,0.05250591006493114,0.01385492404386831,0.08029408096165461,0.060750611416524915,26,31,0.04402251800318389,0.17957506802310733,True,True,True,6.018899910365072e-07,COMPLETE
1258,0.4337565541267395,2025-04-12 21:17:46.895647,2025-04-12 21:17:55.829632,0 days 00:00:08.933985,0.5668452910194326,0.4514142976369959,8,0.07595635900966512,0.15766133818027764,0.07498914092854271,0.054117656987203465,0.016998415106704638,0.08150919013623671,0.03987461041028358,24,26,0.042272769657479184,0.1745100998501532,True,True,True,2.2292020613633904e-08,COMPLETE
1259,0.19931281208992005,2025-04-12 21:17:56.241879,2025-04-12 21:18:02.865548,0 days 00:00:06.623669,0.5555723206012788,0.4279385261800047,16,0.08984455685406281,0.16266161488069633,0.07257203546558626,0.05880002733574873,0.01108125168001627,0.08397391104544218,0.05049744786236838,15,19,0.042964406059695766,0.18261936034656534,True,True,True,3.0968369051730894e-08,COMPLETE
1260,0.3376375675201416,2025-04-12 21:18:03.278751,2025-04-12 21:18:12.119426,0 days 00:00:08.840675,0.5612022633147158,0.4508809109654051,8,0.06950019473457116,0.15219689829105665,0.07712912435932387,0.05683402108182922,0.014488793602696146,0.08500905728014875,0.07112198240424471,23,28,0.04099147620410284,0.1846168001398094,True,True,True,2.8665339489958692e-08,COMPLETE
1261,0.22031573057174683,2025-04-12 21:18:12.530619,2025-04-12 21:18:21.536566,0 days 00:00:09.005947,0.4508067609569827,0.3949028577620216,8,0.07030790311840583,0.1393648830301692,0.07685546801921239,0.049670279117433914,0.011549339642145919,0.08270589106756136,0.03456849521557713,25,24,0.04358315085943947,0.16963423477356532,True,True,True,9.941131436753547e-07,COMPLETE
1262,0.3973756432533264,2025-04-12 21:18:21.955924,2025-04-12 21:18:31.013879,0 days 00:00:09.057955,0.5460101438860706,0.41513430833680454,8,0.08323501140871883,0.16911115466945215,0.07846812098062914,0.0625638811935009,0.010558006235591359,0.08642910540549911,0.06159385268865254,25,31,0.03604159513293827,0.17665926377401392,True,True,True,1.0775229863607325e-08,COMPLETE
1263,0.19931281208992005,2025-04-12 21:18:31.429596,2025-04-12 21:18:40.546572,0 days 00:00:09.116976,0.38297096372267164,0.44769295754908917,8,0.06432983187048696,0.1626809730508813,0.0743946792365652,0.05419884529012062,0.009011392918983589,0.08397319740297671,0.0033333553076118332,26,15,0.04436574389639017,0.1551479929155102,True,True,True,6.826789522442039e-07,COMPLETE
1264,0.3275867342948914,2025-04-12 21:18:40.957479,2025-04-12 21:18:49.835041,0 days 00:00:08.877562,0.4275786999815307,0.46704694541023184,8,0.0702157054238737,0.16960389575048382,0.04765513763361392,0.051800227829653246,0.014641528545514232,0.0877544281326191,0.07583997200163146,24,28,0.04246104884672998,0.16252304351664026,True,True,True,1.9007930519897876e-08,COMPLETE
1265,0.37322248220443727,2025-04-12 21:18:50.249027,2025-04-12 21:18:58.879982,0 days 00:00:08.630955,0.46712192700690974,0.43881580176695145,8,0.07895616781473172,0.1728882068843904,0.07829364037093603,0.06069970850121756,0.01890020473989746,0.08549287897594714,0.045086384894265606,22,23,0.04513390368284013,0.18657661635529288,True,True,True,1.1798798100739106e-06,COMPLETE
1266,0.2891862392425537,2025-04-12 21:18:59.290738,2025-04-12 21:19:08.621756,0 days 00:00:09.331018,0.5814105433037804,0.41977173304292803,8,0.06439503148842166,0.15494001192747348,0.07452095898373406,0.055954195742638144,0.009514342613375755,0.08143372659608764,0.05648713042185234,27,33,0.037991002241308004,0.17885686382793464,True,True,True,3.885073312228178e-08,COMPLETE
1267,0.2537911653518677,2025-04-12 21:19:09.034785,2025-04-12 21:19:29.904061,0 days 00:00:20.869276,0.5357667534035668,0.4668547946923762,2,0.07531223540056818,0.16417921577305153,0.07932679227049233,0.058409550688584555,0.0166284296793503,0.08729808739671867,0.09958429284939961,29,26,0.04115152302629236,0.17137385427779062,False,False,True,5.219953702538668e-07,COMPLETE
1268,0.332230281829834,2025-04-12 21:19:30.318947,2025-04-12 21:19:39.548083,0 days 00:00:09.229136,0.44316586689857684,0.4545186791656539,8,0.06477029406526365,0.02919693797719898,0.07605665148875132,0.05301829308904716,0.013292998581342624,0.08460258344405956,0.07046065839689819,26,30,0.04536834278444923,0.18814345437759938,True,True,True,2.0820206048633214e-08,COMPLETE
1269,0.2821600675582886,2025-04-12 21:19:39.958802,2025-04-12 21:19:49.009450,0 days 00:00:09.050648,0.4787738182950017,0.38915327753074463,8,0.069906491960605,0.17482383696074782,0.04008194994363252,0.0443258021415348,0.01175064289067051,0.08826729799658357,0.07638108749225811,25,37,0.04367183525787298,0.17587150552886444,True,True,True,8.459295826320537e-07,COMPLETE
1270,0.3186319589614868,2025-04-12 21:19:49.420407,2025-04-12 21:19:58.396634,0 days 00:00:08.976227,0.5998489130848551,0.4325330683721676,8,0.06094479160287701,0.1445913744154786,0.08844318084457403,0.05044088967502469,0.008617105770764846,0.0863831495603335,0.050759340867666314,25,22,0.0459041598145166,0.1668413103664563,True,True,True,7.447415106765876e-07,COMPLETE
1271,0.30748834609985354,2025-04-12 21:19:58.833285,2025-04-12 21:20:08.310757,0 days 00:00:09.477472,0.5527872953635198,0.477464393203075,8,0.03467169261997195,0.16767301607828544,0.027723248664393144,0.03763405943146947,0.013563398812257807,0.08312470712407524,0.06458891898290531,28,25,0.043069603904260734,0.18363825862830024,True,True,True,1.817276076447345e-08,COMPLETE
1272,0.3910130262374878,2025-04-12 21:20:08.728120,2025-04-12 21:20:15.044217,0 days 00:00:06.316097,0.41006166536627425,0.5432823109453127,8,0.06057174137041512,0.1815414015292789,0.07260024834456355,0.055810133348626875,0.0076256033931961405,0.08884288814642231,0.0844593489811695,6,29,0.040058406995617135,0.19155171661863685,True,True,True,6.113606658916935e-07,COMPLETE
1273,0.19931281208992005,2025-04-12 21:20:15.460998,2025-04-12 21:20:24.372535,0 days 00:00:08.911537,0.45848517896954927,0.38374395634294356,8,0.06681326066393607,0.1726585885276598,0.08018901525109465,0.05740209918751568,0.05136535845638448,0.08965884429341962,0.05738455331791271,24,20,0.04697447343302738,0.17924228956168242,True,True,True,4.672963686575097e-07,COMPLETE
1274,0.3676754832267761,2025-04-12 21:20:24.789582,2025-04-12 21:20:33.906638,0 days 00:00:09.117056,0.5044951223875547,0.4166681529147631,8,0.07512336584691581,0.1778778380016302,0.07744351633555235,0.06564885815603518,0.060919282071587096,0.09118415728545284,0.0014152140196777895,26,32,0.04473975320346446,0.15945022047594548,True,True,False,9.569722651774337e-07,COMPLETE
1275,0.433919358253479,2025-04-12 21:20:34.323622,2025-04-12 21:20:43.272658,0 days 00:00:08.949036,0.48806129175410295,0.45528612425060794,8,0.0583841732724246,0.1675841056131892,0.0812297118697515,0.053776930159745606,0.010913626699879185,0.08593785539129965,0.04325071251148245,24,27,0.047518908956729264,0.1712540109593184,True,True,True,1.3397026363457115e-08,COMPLETE
1276,0.19931281208992005,2025-04-12 21:20:43.689885,2025-04-12 21:20:52.294631,0 days 00:00:08.604746,0.43290312142334436,0.501926312952282,8,0.037960404524642936,0.18438015210841016,0.07547330877253994,0.04062844175705837,0.010122687766416836,0.0887868696699481,0.07345906713618508,23,5,0.045530369407941224,0.18426319056547505,True,True,True,1.4728002600663087e-06,COMPLETE
1277,0.42341341972351076,2025-04-12 21:20:52.708718,2025-04-12 21:21:02.041444,0 days 00:00:09.332726,0.4688487144125192,0.570953215363832,8,0.04292294986930312,0.16011099346071614,0.07835794016133615,0.046352610644019604,0.04738865553169005,0.08720463721999003,0.08434875116493855,27,34,0.04271332931660505,0.1902433286832528,True,True,True,7.837244619604933e-07,COMPLETE
1278,0.43615306615829474,2025-04-12 21:21:02.463612,2025-04-12 21:21:11.539769,0 days 00:00:09.076157,0.5411326935992385,0.4762202354636089,8,0.06769892767563476,0.17788173174105468,0.08686314572368543,0.05990169025023701,0.006859666872186336,0.09154966364430578,0.06525374572614696,25,24,0.047348442565182426,0.1752204209584679,True,True,True,4.4093543901860286e-08,COMPLETE
1279,0.3011527001857758,2025-04-12 21:21:11.952741,2025-04-12 21:21:21.118286,0 days 00:00:09.165545,0.5105262934519506,0.36711735954281777,8,0.05658202611492026,0.17226441524173827,0.08333576370576702,0.04872494430880048,0.005603208893756248,0.08372034916609732,0.0999278021116433,26,30,0.044927768568502134,0.17934608766133997,True,True,True,1.0410161052647269e-08,COMPLETE
1280,0.3160865783691406,2025-04-12 21:21:21.535145,2025-04-12 21:21:30.994334,0 days 00:00:09.459189,0.4517980347749265,0.5288603989953717,8,0.029173881965777974,0.16524035523015457,0.0803122961332905,0.05166153663473268,0.0027839283637565394,0.08971167515503488,0.0006708326375880327,28,18,0.04843558650256489,0.16752354385309298,True,True,True,5.207034264293707e-07,COMPLETE
1281,0.19931281208992005,2025-04-12 21:21:31.412584,2025-04-12 21:21:38.999971,0 days 00:00:07.587387,0.4947999897241692,0.4419192697227731,16,0.2953880711186633,0.18797687987280132,0.06978912454360438,0.054900023024612075,0.08346125296344503,0.08082541341457804,0.050897168699544075,25,27,0.04125645859787761,0.1859054078979209,True,True,True,6.296974854616925e-07,COMPLETE
1282,0.3874955534934998,2025-04-12 21:21:39.413651,2025-04-12 21:21:48.308822,0 days 00:00:08.895171,0.4149799552024101,0.40825473305855386,8,0.04871459737300877,0.180830646857382,0.07655231588588303,0.05753955304255159,0.015293116101346736,0.09251427731519263,0.06389325109974556,24,36,0.04630022773415919,0.16279564010593722,True,True,True,4.248670896583623e-07,COMPLETE
1283,0.19931281208992005,2025-04-12 21:21:48.723475,2025-04-12 21:21:57.678039,0 days 00:00:08.954564,0.5267308172973811,0.4901474530680867,8,0.24737412650253043,0.17341566509210196,0.08552204220625642,0.05346720597228996,0.013169678719842417,0.08713589253104957,0.07780966778467031,25,22,0.043396009230268956,0.1899260369548226,True,True,True,7.473534763022475e-07,COMPLETE
1284,0.41973644495010376,2025-04-12 21:21:58.109393,2025-04-12 21:22:07.354308,0 days 00:00:09.244915,0.39041618650911303,0.5147607923654464,8,0.060876640009078255,0.1586805204732351,0.07849311026520504,0.05140626530953114,0.020474503448320122,0.07679598987883822,0.006021179970793656,26,31,0.04832906120373985,0.1732733147471673,True,True,True,1.415869004117107e-08,COMPLETE
1285,0.4150877833366394,2025-04-12 21:22:07.775862,2025-04-12 21:22:16.594009,0 days 00:00:08.818147,0.47770706144157843,0.46208899805421394,8,0.0646928787673752,0.15103541900864265,0.08195347339246521,0.06037170066798262,0.0506445978932407,0.09073948131231872,0.03515470969804405,24,26,0.046061178258370715,0.18157325990586387,True,False,True,1.4720971613845742e-08,COMPLETE
1286,0.4213741540908814,2025-04-12 21:22:17.015377,2025-04-12 21:22:26.261175,0 days 00:00:09.245798,0.4515409518342473,0.42848751171027255,8,0.053432204196656966,0.18583202862887638,0.07376598537105854,0.06366522309383582,0.045576064520882975,0.08563552804547485,0.0601673396739012,27,29,0.04878094187443373,0.1947219529918036,False,True,True,1.1082188502524154e-06,COMPLETE
1287,0.4034077882766724,2025-04-12 21:22:26.684936,2025-04-12 21:22:35.713244,0 days 00:00:09.028308,0.505432032197786,0.5423561763616984,8,0.04308413640741467,0.1326185858979234,0.08327385301983532,0.05555632441981024,0.00945670519784112,0.0937990553940754,0.08483474488788677,25,24,0.04429078971840771,0.16702076562622717,True,True,True,5.649777437976272e-07,COMPLETE
1288,0.19931281208992005,2025-04-12 21:22:36.133378,2025-04-12 21:22:54.316273,0 days 00:00:18.182895,0.433674145107739,0.4785474602770572,2,0.07402902041857352,0.166925359518186,0.08029972937240057,0.049364845975106965,0.011996092210146124,0.08821932864022376,0.04528860874535405,23,33,0.03915926615188831,0.15471837197022426,True,True,True,4.211378882250084e-07,COMPLETE
1289,0.3065922021865845,2025-04-12 21:22:54.736070,2025-04-12 21:23:03.888999,0 days 00:00:09.152929,0.5562432978908562,0.39584263556155846,8,0.05163346923486523,0.178922898570564,0.07680080510824494,0.05733679976362731,0.01701830313614189,0.09181163012539581,0.07109655842199605,26,21,0.05032318751788644,0.1828226211715865,True,True,True,2.246490568443755e-08,COMPLETE
1290,0.42355983257293706,2025-04-12 21:23:04.303802,2025-04-12 21:23:13.422488,0 days 00:00:09.118686,0.4674967848895717,0.4481777786214493,8,0.05796182924288324,0.19153037320113164,0.08459947714940692,0.04279389449602509,0.06866894298260047,0.08997378728007387,0.09973338448693427,25,28,0.04699158252126511,0.17615744583826506,True,True,True,8.657619188000252e-07,COMPLETE
1291,0.25521154403686525,2025-04-12 21:23:13.842258,2025-04-12 21:23:22.903807,0 days 00:00:09.061549,0.3096918612291162,0.5144963644945514,8,0.08286623322036901,0.17408236723383116,0.07913186831356737,0.04708691349827546,0.04833680262839514,0.08440650216309521,0.05325525499640409,24,39,0.042481184642272095,0.18732311168157917,True,True,True,6.448132012712265e-07,COMPLETE
1292,0.3842949390411377,2025-04-12 21:23:23.319428,2025-04-12 21:23:32.363389,0 days 00:00:09.043961,0.48891270364229944,0.4993480323938667,8,0.03730244738337086,0.18465812193657277,0.08177668569107523,0.053144426447399404,0.007780350383771451,0.0938159106156117,0.07646564508978013,25,25,0.045776766162367026,0.17165419292122547,True,True,True,2.7480971442948416e-08,COMPLETE
1293,0.1946069359779358,2025-04-12 21:23:32.784119,2025-04-12 21:23:41.849294,0 days 00:00:09.065175,0.5240930657599692,0.4612009192679029,8,0.04574063973477996,0.16355713253276488,0.00924592525012112,0.05529378558617822,0.044060214172300424,0.08206038273866605,0.05762390129627179,26,15,0.048677147968610834,0.17789697004586227,True,True,False,3.6748787570854617e-07,COMPLETE
1294,0.4274560213088989,2025-04-12 21:23:42.270155,2025-04-12 21:23:51.086560,0 days 00:00:08.816405,0.42262161017426025,0.5615150272074679,8,0.06611898748674883,0.18057157037486835,0.08711068008147527,0.061897119414630775,0.005613306702959271,0.09221887969145569,0.0850210859424999,23,31,0.050472524897687505,0.16058261671570914,True,True,True,1.800879373206606e-08,COMPLETE
1295,0.29212529063224796,2025-04-12 21:23:51.506516,2025-04-12 21:24:00.474996,0 days 00:00:08.968480,0.4697145955043611,0.33440428280152834,8,0.052679713732568335,0.16915237967045604,0.07539628606673322,0.0586049852308314,0.05176993359501629,0.08791942657491263,0.06608250350175471,24,35,0.04421734029751092,0.1933433241733674,True,True,True,1.0986792544131383e-06,COMPLETE
1296,0.43088682889938357,2025-04-12 21:24:00.915375,2025-04-12 21:24:09.972418,0 days 00:00:09.057043,0.5427627161164064,0.42344873762905755,8,0.061722620946305824,0.1899617764775125,0.05956471417441439,0.05055328156492116,0.010820657969025965,0.08980712273916548,0.037808313002230115,25,28,0.04720652734490337,0.19882288971450318,True,True,True,4.7227941482976807e-07,COMPLETE
1297,0.19931281208992005,2025-04-12 21:24:10.401934,2025-04-12 21:24:19.824907,0 days 00:00:09.422973,0.5080414641767438,0.478171198326436,8,0.04882133110905856,0.0903454535340053,0.07833441502862601,0.05241090169104093,0.04957320923226321,0.08579868476210824,0.04682631761820668,27,22,0.04141356466105338,0.18175337043818213,True,True,True,7.097746991262777e-07,COMPLETE
1298,0.4131977319717407,2025-04-12 21:24:20.248946,2025-04-12 21:24:29.283351,0 days 00:00:09.034405,0.49096804623596857,0.5250386086436346,8,0.07075296236999622,0.17582237882032387,0.07304789120491746,0.05527501390894057,0.04714787015151657,0.0942633584177565,0.07213693397268654,25,25,0.05283678697331734,0.16685732016653385,True,True,True,5.715051430152243e-07,COMPLETE
1299,0.19931281208992005,2025-04-12 21:24:29.705887,2025-04-12 21:24:37.459864,0 days 00:00:07.753977,0.44306585828399864,0.4381786204058184,8,0.04267448097589517,0.1580227911961715,0.08004336159136094,0.04466116366402266,0.014866797177463465,0.09123152145661591,0.054690703188358294,16,19,0.044931485387285815,0.19067554848169496,True,True,True,1.6861624534987857e-08,COMPLETE
1300,0.25504820942878725,2025-04-12 21:24:37.883908,2025-04-12 21:24:47.408834,0 days 00:00:09.524926,0.5181740290292384,0.40218543662339673,8,0.03170613170343309,0.18374116673768798,0.08312471808308138,0.05898231579601186,0.004142345216249234,0.09362153458487808,0.08643808186572498,28,32,0.04952070299461253,0.17284650864166645,True,True,True,7.972494466452825e-07,COMPLETE
1301,0.45029689073562623,2025-04-12 21:24:47.831626,2025-04-12 21:24:56.756466,0 days 00:00:08.924840,0.5892273056631027,0.49580268069786404,8,0.056677146123584876,0.17075455804070144,0.07704545779254679,0.049354039687213316,0.008624706226041081,0.0874423966829642,0.06389619549968781,24,28,0.04707813154386445,0.1863246033085817,True,True,True,5.064675101312522e-07,COMPLETE
1302,0.30003401041030886,2025-04-12 21:24:57.178126,2025-04-12 21:25:05.970403,0 days 00:00:08.792277,0.5799737643499787,0.5005119021236482,8,0.06642979723221576,0.1642302163496654,0.07208158534249155,0.048173478849806065,0.012927409195014186,0.08939712968452596,0.02713581365226062,23,62,0.051656887033406616,0.20131648647608952,True,True,True,4.799413745550493e-07,COMPLETE
1303,0.40522494316101076,2025-04-12 21:25:06.389313,2025-04-12 21:25:15.364277,0 days 00:00:08.974964,0.615850072512348,0.500163858340519,8,0.05925547283285387,0.1474913070348428,0.07573684330098855,0.047094906599449926,0.04332199401957564,0.08816623806518087,0.04436221436831279,24,35,0.04788041755997996,0.18885386143732832,True,True,True,4.0618214270753164e-07,COMPLETE
1304,0.4051590442657471,2025-04-12 21:25:15.786657,2025-04-12 21:25:23.197059,0 days 00:00:07.410402,0.5992243686109423,0.516223372338614,16,0.07417021999138594,0.16838948540978466,0.07408979947812548,0.04884359854007871,0.045648001088925035,0.0912829061904214,0.05336773910058077,23,30,0.04976179156085806,0.18695028582315618,True,False,True,5.519250853838878e-07,COMPLETE
1305,0.4228834271430969,2025-04-12 21:25:23.618137,2025-04-12 21:25:32.373935,0 days 00:00:08.755798,0.568457379359872,0.5394021976425551,8,0.06161489701628626,0.15712003613842454,0.08877543897054795,0.045164266212345094,0.05621735363275524,0.09014338249165514,0.04019369277620082,23,33,0.051916802621766824,0.19421186627916498,True,True,True,3.5714074157947067e-07,COMPLETE
1306,0.44052872657775877,2025-04-12 21:25:32.816957,2025-04-12 21:25:41.700020,0 days 00:00:08.883063,0.6027006520290449,0.48125208769211114,8,0.056492447509814234,0.1630647280919833,0.08542678945390635,0.04790422461666313,0.010833265154827777,0.09265430010560406,0.06006750351664264,24,29,0.054844961244235976,0.1956071071589307,False,True,True,5.083183281350092e-07,COMPLETE
1307,0.44863080978393555,2025-04-12 21:25:42.126774,2025-04-12 21:25:50.632843,0 days 00:00:08.506069,0.5719637848598317,0.4786887084076968,8,0.06445557876731282,0.15249535666542285,0.08831877219246767,0.04514345840598448,0.01367364608615048,0.09452423823251321,0.06567401360028408,22,28,0.054411004380238895,0.2026997321657357,False,True,True,4.415370044757156e-07,COMPLETE
1308,0.2690322279930115,2025-04-12 21:25:51.062451,2025-04-12 21:25:59.940127,0 days 00:00:08.877676,0.5811889450430257,0.46871500547580086,8,0.07187332625159934,0.1479674891652023,0.08927750070163885,0.04584325308087634,0.015066601448336074,0.0948152201459955,0.06107011299967423,24,36,0.05673043113430763,0.21135981197310477,False,True,True,5.848642252459138e-07,COMPLETE
1309,0.37625339031219485,2025-04-12 21:26:00.368446,2025-04-12 21:26:09.083321,0 days 00:00:08.714875,0.5937842171950137,0.47925622499700415,8,0.06894812956897158,0.14715168229003023,0.08954036959042308,0.046250604192309,0.017876081156965748,0.09475059802920942,0.05852499740268656,23,32,0.05394396108778677,0.20329166124414358,False,True,True,6.859197481099455e-07,COMPLETE
1310,0.29690169095993046,2025-04-12 21:26:09.512223,2025-04-12 21:26:18.083266,0 days 00:00:08.571043,0.6056083077363248,0.45877122134378656,8,0.06825807375564556,0.15286678054367794,0.0893362158868516,0.046756810995995164,0.013416601260210307,0.09403755797616785,0.06593128407786812,22,41,0.05256780601153191,0.20523225983504412,False,True,True,9.67873942015197e-07,COMPLETE
1311,0.21989457607269286,2025-04-12 21:26:18.507473,2025-04-12 21:26:35.403691,0 days 00:00:16.896218,0.5990698561281042,0.4801220164644216,2,0.08026839751969156,0.14711003511504403,0.08911564168619762,0.044707836041315965,0.012643143617377133,0.09357138561238536,0.07802449980694903,21,30,0.058582786173555966,0.2044614346836961,False,True,True,3.2680190614985485e-05,COMPLETE
