number,value,datetime_start,datetime_complete,duration,params_alpha-eval,params_alpha-train,params_batch-size,params_eps-eval,params_eps-train,params_lambda-actions-eval,params_lambda-actions-train,params_lambda-frames-eval,params_lambda-frames-train,params_learning-rate,params_n-epochs,params_n-frames,params_radius-gw,params_rho,params_std-feats,params_ub-actions,params_ub-frames,params_weight-decay,state
1426,0.4211956858634949,2025-04-12 21:55:05.314023,2025-04-12 21:55:24.010060,0 days 00:00:18.696037,0.6549919820620387,0.6248715611520349,2,0.05869950492827667,0.13539080804514875,0.09035624870246901,0.04057615884570669,0.0033886215319794922,0.09530791612597315,0.027177514992938884,24,18,0.05729426962671429,0.21128793318099226,False,True,True,1.0854252683190119e-06,COMPLETE
1427,0.19878705739974978,2025-04-12 21:55:24.479511,2025-04-12 21:55:43.266825,0 days 00:00:18.787314,0.667510271127346,0.5784189447475437,2,0.06673524693704352,0.12241654885988802,0.08520702126732127,0.04333165128215133,0.006723576205046626,0.09690924780745255,0.045033015373551886,25,20,0.0574968951168064,0.22185451210839113,False,True,False,8.166247178185351e-07,COMPLETE
1428,0.19931281208992005,2025-04-12 21:55:43.736757,2025-04-12 21:56:02.497013,0 days 00:00:18.760256,0.595795195243775,0.6441003260615171,2,0.05867740267129848,0.11706380752909083,0.09176403219730701,0.038199379340002955,0.008520347666874786,0.09845724077242302,0.045947891346907674,24,16,0.05607860969900454,0.21852541889149615,False,True,True,7.258714040845172e-07,COMPLETE
1429,0.4052267074584961,2025-04-12 21:56:02.962090,2025-04-12 21:56:21.132367,0 days 00:00:18.170277,0.679426336708272,0.5807908856916779,2,0.07572997210323286,0.11829829616241576,0.08760144563510386,0.04117911813466259,0.002746029781613757,0.09436828465975648,0.03233487990267426,23,21,0.0626795675434687,0.20948665765345897,False,True,True,1.4880701154180723e-06,COMPLETE
1430,0.4181909680366517,2025-04-12 21:56:21.593866,2025-04-12 21:56:40.609149,0 days 00:00:19.015283,0.6081215644331494,0.6024128006306915,2,0.06552501484943606,0.12809978074035694,0.09404374541318324,0.04206562775477897,0.006069284126783776,0.057409317486503686,0.04501539656240905,25,21,0.055607683930593434,0.22875426739337806,False,True,True,1.0413898620259628e-06,COMPLETE
1431,0.19931281208992005,2025-04-12 21:56:41.091801,2025-04-12 21:56:59.711150,0 days 00:00:18.619349,0.645750737506695,0.6857828243356797,2,0.0583475441646813,0.14084159896408505,0.08494023265545862,0.03361871746784488,0.004324567741263617,0.09596835734827215,0.03803270072857198,24,13,0.06018770017582386,0.2170853314459101,False,True,True,1.2991490583861063e-06,COMPLETE
1432,0.4032992601394654,2025-04-12 21:57:00.179478,2025-04-12 21:57:19.170534,0 days 00:00:18.991056,0.7212302103655182,0.6265432269900679,2,0.08175523383528158,0.12486157919337133,0.0869636873100534,0.04004431253575379,0.0011665712022908526,0.09817353709176785,0.02605681821103868,25,17,0.058887688619760965,0.2061406602731104,False,True,True,8.150312859068847e-07,COMPLETE
1433,0.3246406435966492,2025-04-12 21:57:19.635194,2025-04-12 21:57:38.647681,0 days 00:00:19.012487,0.6856004232788608,0.5761323582439971,2,0.07062142290515827,0.13262160343266693,0.09019454417299848,0.037090593890608856,0.007122674611516845,0.09498089078607456,0.04625110817600709,25,21,0.06256833654004983,0.22815586464177368,False,True,True,7.055194864863365e-07,COMPLETE
1434,0.4025732636451721,2025-04-12 21:57:39.113049,2025-04-12 21:57:57.425887,0 days 00:00:18.312838,0.6189914637334908,0.6649992391560895,2,0.06260411310191345,0.10877762761984268,0.0845591769349575,0.04442357806079126,0.004360927157209656,0.09998755585758905,0.0008846401540651709,23,22,0.05573950019564563,0.21094164042170227,False,True,True,9.75039255815319e-07,COMPLETE
1435,0.3818997263908386,2025-04-12 21:57:57.892370,2025-04-12 21:58:15.861855,0 days 00:00:17.969485,0.5892384786244471,0.6093815007534222,2,0.16598356775608186,0.04625015938797347,0.08786595418723998,0.03828970026999757,0.0028012430403319263,0.09633271186599766,0.03711812729620566,23,22,0.06115623377183041,0.22357333504301083,False,True,True,7.416348057292024e-07,COMPLETE
1436,0.27742041945457463,2025-04-12 21:58:16.345860,2025-04-12 21:58:34.951716,0 days 00:00:18.605856,0.6249057882660702,0.5934586922438148,2,0.05754078756225548,0.07433781169308896,0.08517549949970912,0.03459644937165278,0.00110615654658282,0.09999287025067292,0.04513574986771177,24,59,0.058668696457743426,0.2132750923300767,False,True,True,2.4263119008570818e-05,COMPLETE
1437,0.19931281208992005,2025-04-12 21:58:35.420296,2025-04-12 21:58:54.557086,0 days 00:00:19.136790,0.6436130578240242,0.618378368629812,2,0.0709919373314392,0.12191953034944625,0.08903544356149644,0.04207963017539373,0.009210106742066687,0.09792875521920327,0.03295622043845804,25,17,0.05569263836825223,0.20555155021610094,False,True,True,1.3369277765125278e-06,COMPLETE
1438,0.4184167265892029,2025-04-12 21:58:55.024851,2025-04-12 21:59:13.807002,0 days 00:00:18.782151,0.689039796895029,0.6493130000113808,2,0.06383586863525159,0.11395820316091407,0.09165465673365605,0.04367122164022742,0.006028307712954358,0.09438722473118188,0.023807695377074386,24,18,0.06500043423877137,0.21801858214056133,False,True,True,1.8352481250108064e-06,COMPLETE
1439,0.40685830116271976,2025-04-12 21:59:14.278714,2025-04-12 21:59:33.164437,0 days 00:00:18.885723,0.6717605010318746,0.6339912345628869,2,0.05578117487743332,0.12709858314074945,0.0860055405132655,0.032079648946563614,0.008108313637934395,0.09658660451493822,0.045242691081211435,25,22,0.058692227375557425,0.23415952386506234,False,False,True,9.627534321032762e-07,COMPLETE
1440,0.19931281208992005,2025-04-12 21:59:33.663337,2025-04-12 21:59:52.997075,0 days 00:00:19.333738,0.6115601337807859,0.5702513059072526,2,0.06743376712296383,0.13205253152707577,0.0872138061649665,0.03962530308793408,0.005141810021142154,0.09808958397231492,0.037742861587933864,25,73,0.05679666958437894,0.22860573051608704,False,True,True,7.029036109530173e-07,COMPLETE
1441,0.19931281208992005,2025-04-12 21:59:53.468991,2025-04-12 22:00:10.454414,0 days 00:00:16.985423,0.5887102330413421,0.5914575563543845,2,0.07594512325258114,0.06621396618001817,0.08493048089080937,0.0443454320712006,0.0031433993466558055,0.0947479913579822,0.029604170795942745,21,13,0.06299589127044755,0.20600607163127202,False,True,True,1.1428098917969598e-06,COMPLETE
1442,0.24846082925796512,2025-04-12 22:00:10.922509,2025-04-12 22:00:29.457213,0 days 00:00:18.534704,0.6284434929197722,0.631773048898943,2,0.05685481153780944,0.1414777897227226,0.08959036409969175,0.04138518992228239,0.0070538520519154635,0.09727687953180822,0.04711533502490866,24,20,0.06150362355756184,0.22517228687833887,False,True,True,8.781698597858772e-07,COMPLETE
1443,0.3265084266662598,2025-04-12 22:00:29.923235,2025-04-12 22:00:47.889753,0 days 00:00:17.966518,0.7075071328821719,0.5754335225153426,2,0.09110176492951663,0.13654634614543168,0.08462130748791408,0.039301155117247674,0.0010568846689600966,0.0947567827126256,0.04690265181630655,23,22,0.05536627993614928,0.24159113133218302,False,True,True,6.823444083491317e-07,COMPLETE
1444,0.3196455001831055,2025-04-12 22:00:48.361706,2025-04-12 22:01:06.999039,0 days 00:00:18.637333,0.6480551514686076,0.7019905767553245,2,0.06279040234676991,0.05565054149301699,0.017310437541160753,0.036546081757884784,0.009129999993209107,0.09657579469868774,0.03510764510440029,24,18,0.05771825484439095,0.21833192305410215,False,True,True,9.26284237261164e-07,COMPLETE
1445,0.19931281208992005,2025-04-12 22:01:07.486280,2025-04-12 22:01:26.741496,0 days 00:00:19.255216,0.722153693013937,0.5981420916931368,2,0.05563948803418679,0.11448653737023223,0.08772812711622441,0.04253867567082131,0.004594388956794893,0.09812789766254339,0.04579761714822091,25,10,0.060002241370644395,0.20586267680518341,False,True,True,1.425004273620104e-06,COMPLETE
1446,0.2663530707359314,2025-04-12 22:01:27.214501,2025-04-12 22:01:45.971666,0 days 00:00:18.757165,0.6694318578526411,0.6851746897336936,2,0.07050089301497249,0.12058603608731976,0.09167909355030054,0.044459825984599195,0.006121574211528023,0.09423014353593477,0.03770493150403119,25,23,0.05515321228234806,0.2136015615661095,False,True,False,7.69058508403267e-07,COMPLETE
1447,0.2848269701004028,2025-04-12 22:01:46.444371,2025-04-12 22:02:04.577542,0 days 00:00:18.133171,0.5964064807342871,0.6661823143398575,2,0.06012253724562527,0.12565386200901332,0.08627911801082831,0.03503927632844431,0.003123956850666377,0.09824722064298658,0.02956060156631024,23,23,0.059241688530029916,0.22089365375397038,False,True,True,6.25872434889146e-07,COMPLETE
1448,0.3938421130180359,2025-04-12 22:02:05.046493,2025-04-12 22:02:23.600241,0 days 00:00:18.553748,0.6450039396800119,0.6159100199956575,2,0.08014632533814618,0.13906004279933876,0.09324837338272768,0.040816699213625275,0.009174825438914732,0.09563566169472447,0.04845043311655465,24,18,0.05644586391535308,0.21209575947835274,False,True,True,1.1516086871926487e-06,COMPLETE
1449,0.19931281208992005,2025-04-12 22:02:24.093757,2025-04-12 22:02:43.028064,0 days 00:00:18.934307,0.692580549833313,0.5754067358340518,2,0.11868007531376486,0.08667358005428108,0.08465742822865092,0.03868221728213611,0.005578243715049707,0.09630801781694191,0.048742495063533155,24,15,0.061122238914108354,0.23175016529793424,False,True,True,6.537654425338751e-07,COMPLETE
1450,0.38927521705627444,2025-04-12 22:02:43.502123,2025-04-12 22:03:01.246007,0 days 00:00:17.743884,0.6206337545340169,0.6109266050168036,2,0.06563217205129988,0.1313194669327997,0.08965397134171003,0.04364150363252424,0.003058250058554904,0.09990356972330999,0.021137775493358137,22,21,0.06644302542838046,0.20569940197194264,False,True,True,9.547747459662212e-07,COMPLETE
1451,0.19931281208992005,2025-04-12 22:03:01.717787,2025-04-12 22:03:20.815495,0 days 00:00:19.097708,0.6572851407407374,0.6535074721081052,2,0.05445395786589058,0.10514988038003678,0.04299712403884561,0.04032653216789662,0.004647248812202246,0.06564808903399272,0.03981353874064789,25,9,0.0643481150695612,0.219727426838608,False,True,True,7.939675675526855e-07,COMPLETE
1452,0.38359183073043823,2025-04-12 22:03:21.282547,2025-04-12 22:03:28.763173,0 days 00:00:07.480626,0.5868613093029225,0.6404301048171721,16,0.06168163731041859,0.11861155712715005,0.046557912462859674,0.037804428855878064,0.001105233145861249,0.09829610695706563,0.048863775575082834,25,23,0.05787243652719759,0.04031192764449343,False,True,True,1.644040917764612e-06,COMPLETE
1453,0.2193090677261353,2025-04-12 22:03:29.250471,2025-04-12 22:03:48.068333,0 days 00:00:18.817862,0.6067870042686243,0.12997414327936396,2,0.17705841682039863,0.12152073762403096,0.08791521643440763,0.0441942704261875,0.0076406221474928215,0.09433390954492042,0.01894657428728767,24,19,0.07046519601073578,0.22411560944007017,False,True,True,6.241662095798465e-07,COMPLETE
1454,0.19931281208992005,2025-04-12 22:03:48.541850,2025-04-12 22:04:08.159916,0 days 00:00:19.618066,0.6360903109900516,0.5890910819887349,2,0.07489269702229127,0.1415490082605894,0.08668562312745379,0.04156145809129228,0.007156527078943471,0.09636487896310798,0.02577620813872727,26,15,0.05465648251705302,0.23660155872896732,False,True,True,0.0008243661514451008,COMPLETE
1455,0.4178568959236145,2025-04-12 22:04:08.634151,2025-04-12 22:04:24.515752,0 days 00:00:15.881601,0.7349339056177782,0.5708890607658638,2,0.05350502537983795,0.12782301794880954,0.08412784314955601,0.044538762327353466,0.00932693243276188,0.09441932451018048,0.03713339176058214,19,24,0.059767651774597245,0.20330536288717826,False,True,True,1.2240162314370698e-06,COMPLETE
1456,0.3784184336662293,2025-04-12 22:04:24.987293,2025-04-12 22:04:43.995940,0 days 00:00:19.008647,0.6712298223377575,0.6211873881696732,2,0.06724911028452749,0.0928084068466043,0.09027261894576458,0.03627129313021428,0.00444222881728455,0.09681310048184547,0.032486215981167445,25,20,0.06326843724169753,0.21436972234643492,False,True,True,9.446054256244298e-07,COMPLETE
1457,0.33626958131790163,2025-04-12 22:04:44.493189,2025-04-12 22:04:51.817011,0 days 00:00:07.323822,0.5765463049444461,0.5987323017418423,16,0.0997347576214089,0.13507242804774217,0.08443673149044778,0.041911036928405594,0.003483704799940781,0.09838044701702871,0.05053991434740424,23,22,0.05656503093298937,0.20358585506454802,False,False,True,6.707529863193589e-07,COMPLETE
1458,0.4156222224235535,2025-04-12 22:04:52.296999,2025-04-12 22:05:12.009307,0 days 00:00:19.712308,0.7069336187832794,0.6779385017812799,2,0.06048795459087718,0.11211870552706665,0.08685073094570776,0.044727993642364114,0.00730849629832429,0.04669490372803663,0.041383489631868074,26,24,0.05508051953108078,0.22609677351960034,False,True,True,8.186720086834559e-07,COMPLETE
1459,0.2631817102432251,2025-04-12 22:05:12.484419,2025-04-12 22:05:31.013202,0 days 00:00:18.528783,0.6139253638974724,0.6498865270177375,2,0.05401083684315766,0.04044006990512009,0.0890428849432738,0.0390442972548327,0.003055245144050045,0.09448804829223927,0.04925896197095609,24,12,0.062204844150287,0.20903524851354172,False,True,True,1.0846175695561513e-06,COMPLETE
1460,0.38660242557525637,2025-04-12 22:05:31.489400,2025-04-12 22:05:50.697000,0 days 00:00:19.207600,0.6799797070621031,0.5791571896292195,2,0.0711278842432593,0.1261556214645632,0.09140286831541025,0.04229243654226905,0.005678905086383107,0.04160788202464919,0.030351495483383256,25,24,0.05899846129834404,0.23168514611021876,False,True,True,6.481820925130228e-07,COMPLETE
1461,0.46079342365264897,2025-04-12 22:05:51.171650,2025-04-12 22:06:09.950753,0 days 00:00:18.779103,0.5850797605056846,0.6301664231394654,2,0.05958828864459474,0.019840749660213514,0.0860096406615639,0.03747217779698772,0.0010749249183771956,0.09661409327848941,0.04104385426896532,24,17,0.05759410888870345,0.21506133769763794,False,True,True,1.8302995719379324e-06,COMPLETE
1462,0.320736825466156,2025-04-12 22:06:10.447946,2025-04-12 22:06:30.236823,0 days 00:00:19.788877,0.5776986040041151,0.6298494277447535,2,0.06646606686735557,0.024380263783818926,0.09371159732040858,0.03381615289913749,0.002592220757180245,0.09996127593916738,0.03277213006698798,26,14,0.06048339064609832,0.22781711189628817,False,True,True,1.180357919222277e-06,COMPLETE
1463,0.3197815537452698,2025-04-12 22:06:30.711411,2025-04-12 22:06:48.838001,0 days 00:00:18.126590,0.5760884513594969,0.6528830043829894,2,0.07113421424748413,0.008932428002869933,0.08921648426704581,0.03175771861310203,0.0013692101209936986,0.09826522183055644,0.02522378755970179,23,10,0.05860840801593653,0.21895406328502562,False,True,True,2.062818568750443e-06,COMPLETE
1464,0.3445786237716675,2025-04-12 22:06:49.312029,2025-04-12 22:07:08.499188,0 days 00:00:19.187159,0.6916799828055611,0.6439210969531419,2,0.07891479500664952,0.00041240479667508864,0.08847162623763472,0.035476897993309116,0.0018537101130977729,0.09991268363260047,0.036169204657066856,25,8,0.0604290411199153,0.21852646984054164,False,True,True,1.938329772268573e-06,COMPLETE
1465,0.19931281208992005,2025-04-12 22:07:08.975229,2025-04-12 22:07:28.093438,0 days 00:00:19.118209,0.6563878555193869,0.6286877291817088,2,0.06246600868952223,0.11931622764881433,0.08624867213138888,0.03689095036963224,0.0032070773364559235,0.0964811004045481,0.028538319408680665,25,17,0.05803102679004562,0.21607231877181124,False,True,True,1.665370349288358e-06,COMPLETE
1466,0.3281435966491699,2025-04-12 22:07:28.586071,2025-04-12 22:07:47.271601,0 days 00:00:18.685530,0.5854356033113997,0.6053222429742818,2,0.08794213882587074,0.02139789284551702,0.08414479816528118,0.03591434505314235,0.0011268861491236467,0.09807962634912726,0.03978911014236729,24,14,0.0630340085653944,0.21197465088210338,False,True,False,1.8572207942110165e-06,COMPLETE
1467,0.19931281208992005,2025-04-12 22:07:47.750429,2025-04-12 22:08:05.839714,0 days 00:00:18.089285,0.6275427743960014,0.661027258634635,2,0.06277896446081442,0.06532263983373976,0.08709201340827942,0.03778153555182253,0.0027601621306235355,0.09675244438893758,0.033964000418591184,23,15,0.06139809049073612,0.22516007550827707,False,True,True,1.5778101692299928e-06,COMPLETE
1468,0.23375715613365172,2025-04-12 22:08:06.322567,2025-04-12 22:08:23.699554,0 days 00:00:17.376987,0.6667337650110698,0.6175679456691202,2,0.07397667881558925,0.03141253501127945,0.0913346038351799,0.034018499184007574,0.004398029517510871,0.09832714096514314,0.04079137812029119,22,6,0.05757881790959203,0.22350614552345255,False,True,True,2.1596201053308375e-06,COMPLETE
1469,0.19931281208992005,2025-04-12 22:08:24.173574,2025-04-12 22:08:34.405504,0 days 00:00:10.231930,0.6447013611338523,0.6067226587439393,2,0.06689829739769876,0.13514225497590188,0.08401934679060931,0.03851412428531021,0.0011079511601809833,0.09631181948738676,0.026673487804669983,8,13,0.0606771181959304,0.21770938065730558,False,True,True,1.4125684039360532e-06,COMPLETE
1470,0.3221928656101227,2025-04-12 22:08:34.903950,2025-04-12 22:08:54.787469,0 days 00:00:19.883519,0.5730959285921442,0.6335719557665539,2,0.05186824043878902,0.0342643277934457,0.08759923844988086,0.039248555868042274,0.004884410291301911,0.09526924991849645,0.042416268678933285,26,16,0.05692045758531699,0.21444666198931983,False,True,True,1.4905177074740203e-06,COMPLETE
1471,0.34076506495475767,2025-04-12 22:08:55.268062,2025-04-12 22:09:13.866569,0 days 00:00:18.598507,0.5953382207097946,0.6808837239875939,2,0.05818426935223276,0.016932367461630793,0.08612485583156151,0.0369860846854091,0.0011843998238604276,0.09983721910621819,0.03911099991695767,24,19,0.06422550525191677,0.2214310071366338,False,True,True,1.3055099890774154e-06,COMPLETE
1472,0.19931281208992005,2025-04-12 22:09:14.343933,2025-04-12 22:09:33.340173,0 days 00:00:18.996240,0.719283029350247,0.628447626489815,2,0.06035716151241371,0.0968944494048006,0.04945784495703453,0.04018426120289317,0.0033642427091215084,0.09715288321311642,0.015894004482812973,25,12,0.06718441314456008,0.2104551757368461,False,True,True,1.7606295989799184e-06,COMPLETE
1473,0.3422249495983124,2025-04-12 22:09:33.815137,2025-04-12 22:09:52.358080,0 days 00:00:18.542943,0.699569991961511,0.5857190564896346,2,0.06875605688287684,0.045462052803529815,0.08991585172499372,0.03425751281122067,0.004491918129713706,0.09832496648458797,0.04744100134760682,24,19,0.06009646009693317,0.23306789499594113,False,True,True,1.4050179321130142e-06,COMPLETE
1474,0.19931281208992005,2025-04-12 22:09:52.854106,2025-04-12 22:10:11.947417,0 days 00:00:19.093311,0.6194221746802927,0.6086692865757126,2,0.08202937511319541,0.04191371839744071,0.08487315896663288,0.03621605504428648,0.0030962595335820953,0.0945402495649937,0.023169203554035324,25,17,0.05812220314502735,0.22322091732541594,False,True,True,1.292659568690316e-06,COMPLETE
1475,0.38826744556427,2025-04-12 22:10:12.429843,2025-04-12 22:10:31.752237,0 days 00:00:19.322394,0.6782806045225745,0.650154612107275,2,0.05369266676866202,0.13057357010717727,0.08848933468677457,0.04102705463859385,0.006141965450554616,0.09998027015793524,0.030993875189265715,26,20,0.06154368161071857,0.21405105764592347,False,False,True,2.224111401710833e-06,COMPLETE
1476,0.19931281208992005,2025-04-12 22:10:32.231849,2025-04-12 22:10:47.321207,0 days 00:00:15.089358,0.6608842896221652,0.6748577388119866,2,0.060669004972569614,0.054495364398135696,0.08414269122495704,0.0383351075464218,0.004857415807668045,0.09626713665023887,0.03201612416754992,17,16,0.056928972731732794,0.20932435050354153,False,True,True,1.7609301944871422e-06,COMPLETE
1477,0.3230555295944214,2025-04-12 22:10:47.822489,2025-04-12 22:11:06.941098,0 days 00:00:19.118609,0.5717111575678254,0.5963261767795779,2,0.07555295486272606,0.03778261868977116,0.09206291946895706,0.04029967886907494,0.002965249373279955,0.09455122155507026,0.04835248142190801,25,17,0.0553299680783922,0.22196539687368666,False,True,True,1.1019973694005203e-06,COMPLETE
1478,0.37829412221908576,2025-04-12 22:11:07.425807,2025-04-12 22:11:26.085188,0 days 00:00:18.659381,0.6400529578111261,0.6282454352647744,2,0.04966023391519176,0.12380018343675363,0.086865078411971,0.03837410438403128,0.005992812634004803,0.09673490214973968,0.03533829188825297,24,19,0.05881354094093183,0.21536628448843886,False,True,True,1.3147523781981855e-06,COMPLETE
1479,0.36105446219444276,2025-04-12 22:11:26.564842,2025-04-12 22:11:46.123054,0 days 00:00:19.558212,0.6229891837341203,0.6526581797044178,2,0.06582295125255938,0.02366178381678313,0.09395460957614327,0.03239481495400258,0.0011658551749395493,0.0999188707594661,0.04889060371003917,26,21,0.06268503600192665,0.228358159339583,False,True,True,1.0831770631642456e-06,COMPLETE
1480,0.3376471042633057,2025-04-12 22:11:46.601162,2025-04-12 22:12:04.777785,0 days 00:00:18.176623,0.5954488138274081,0.567989867397534,2,0.055401035288097485,0.027152920901546848,0.0896456194472497,0.03992294118486035,0.004419771524681732,0.09746098399783554,0.004175633542081017,23,15,0.05964907305302653,0.2386962069141999,False,True,True,1.6067811269647777e-06,COMPLETE
1481,0.37596014738082884,2025-04-12 22:12:05.277932,2025-04-12 22:12:24.331661,0 days 00:00:19.053729,0.6072586267206334,0.593058771446441,2,0.07034254212262289,0.015612183535108163,0.04532682394821656,0.035003501012355734,0.0030534576639264202,0.09563113184190206,0.04022059965054337,25,11,0.056404343982269005,0.20557964129876846,False,True,True,9.735543711240184e-07,COMPLETE
1482,0.19931281208992005,2025-04-12 22:12:24.814842,2025-04-12 22:12:42.252732,0 days 00:00:17.437890,0.5675470397853255,0.7001695866062364,2,0.2037217753506279,0.11529145550610141,0.08403169900720756,0.03736350036094179,0.0012797070072290495,0.04987661782505139,0.050987850989104834,22,5,0.05478868780842323,0.21770133300116531,False,True,True,1.381172294649225e-06,COMPLETE
