number,value,datetime_start,datetime_complete,duration,params_alpha-eval,params_alpha-train,params_batch-size,params_eps-eval,params_eps-train,params_lambda-actions-eval,params_lambda-actions-train,params_lambda-frames-eval,params_lambda-frames-train,params_learning-rate,params_n-epochs,params_n-frames,params_radius-gw,params_rho,params_std-feats,params_ub-actions,params_ub-frames,params_weight-decay,state
1825,0.4772480368614197,2025-04-12 23:50:43.568534,2025-04-12 23:51:00.543882,0 days 00:00:16.975348,0.16265552114953788,0.08063274745049799,2,0.014706799989980365,0.04135873252030435,0.09782506141642246,0.08717766522027004,0.013263580048766752,0.00502389223733426,0.010064139855175801,21,14,0.0750989944616593,0.05392719709928859,False,True,True,4.4818146256453e-06,COMPLETE
1826,0.30081455707550053,2025-04-12 23:51:01.161523,2025-04-12 23:51:17.568328,0 days 00:00:16.406805,0.13798914263166304,0.09102538865551757,2,0.008163642693141526,0.019864380008449055,0.09995579614835709,0.08915157395680823,0.014394767484361047,0.00853381276871689,0.009211873565941176,20,15,0.07993194813547003,0.055251519875997676,False,True,True,7.516528664046959e-06,COMPLETE
1827,0.4013531684875488,2025-04-12 23:51:18.167085,2025-04-12 23:51:35.226475,0 days 00:00:17.059390,0.1412711535372391,0.08461897369294358,2,0.013326295066447611,0.03995527095845429,0.098532929623419,0.08262995114132698,0.013254509186268882,0.005773675166070519,0.007027968965785516,21,12,0.07566373569861957,0.05072062437834293,False,True,True,8.841030103607592e-06,COMPLETE
1828,0.4175816893577576,2025-04-12 23:51:35.843780,2025-04-12 23:51:52.815419,0 days 00:00:16.971639,0.21213178395981563,0.11158876787724159,2,0.015223747268527101,0.026679414629378347,0.0980736930737231,0.08780028848653075,0.012103762096259739,0.0036876081743609426,0.006490418203002029,21,16,0.07698963284962294,0.03350548460454387,False,True,True,1.217505212477748e-05,COMPLETE
1829,0.3962356925010681,2025-04-12 23:51:53.417052,2025-04-12 23:52:10.032174,0 days 00:00:16.615122,0.06733656505718548,0.13193554877106417,2,0.006553715152257292,0.03288168399510613,0.09828796345809392,0.09247455257890176,0.012928488508141414,0.007939319977674376,0.009970659934972752,20,54,0.07490804361078367,0.06184926841417007,False,True,True,5.182552375886534e-06,COMPLETE
1830,0.296018922328949,2025-04-12 23:52:10.634112,2025-04-12 23:52:27.649039,0 days 00:00:17.014927,0.25072581996797766,0.10126633150459763,2,0.015581184693118862,0.04092921989122835,0.09703467716312117,0.08697213092408686,0.010846768676526678,0.0036218338202769094,0.005281135236650724,21,8,0.07444892635405961,0.019959969359132246,False,True,True,5.90272122495064e-06,COMPLETE
1831,0.29459404945373535,2025-04-12 23:52:28.260460,2025-04-12 23:52:44.820774,0 days 00:00:16.560314,0.6374275592692146,0.07953222534615007,2,0.011053130906110691,0.03186617603550127,0.09702658922030356,0.08980657276241044,0.010900490822790484,0.005153487479836584,0.00825457027198493,20,13,0.07869080575677614,0.04899041546320035,False,True,True,4.429360904798582e-06,COMPLETE
1832,0.290225887298584,2025-04-12 23:52:45.439324,2025-04-12 23:53:02.446650,0 days 00:00:17.007326,0.1393509725849751,0.10861043458210445,2,0.01971786223827259,0.02194505137222859,0.09807735781771805,0.0866373124919803,0.009971302471425211,0.010765422960770873,0.012580062714249126,21,18,0.07610884065199322,0.06909605892834433,False,True,False,8.786827486767047e-06,COMPLETE
1833,0.3293626666069031,2025-04-12 23:53:03.043184,2025-04-12 23:53:19.584726,0 days 00:00:16.541542,0.08851535172276821,0.07916634175367948,2,0.016285234079895964,0.03900347432118395,0.09645292965056854,0.08663314899482388,0.014175675663039254,0.00771281032366805,0.010208369930434934,20,10,0.09080329078473365,0.05679944290032805,False,True,True,6.326326215050063e-06,COMPLETE
1834,0.41303189992904665,2025-04-12 23:53:20.180097,2025-04-12 23:53:37.124861,0 days 00:00:16.944764,0.16035153189311496,0.12751217444694474,2,0.006732822996846844,0.026062334077817356,0.09960779352869707,0.09133277984698042,0.00958152736762259,0.002661003997096091,0.009088686086793337,21,16,0.07240725346477897,0.028984752874952623,False,True,True,4.7282632121440965e-06,COMPLETE
1835,0.3582955360412598,2025-04-12 23:53:37.739979,2025-04-12 23:53:53.923067,0 days 00:00:16.183088,0.09361375050340544,0.09291109643919854,2,0.020337085171973517,0.017555522890540486,0.09619754032221617,0.0864605785401703,0.01205162650684934,0.005000875441202992,0.011338748853928384,19,13,0.07449392287465628,0.04642104850183536,False,True,True,4.353258178326263e-06,COMPLETE
1836,0.40663822889328005,2025-04-12 23:53:54.514342,2025-04-12 23:54:11.389378,0 days 00:00:16.875036,0.1016182467022186,0.06750536148029418,2,0.01243124615505866,0.035467824803781176,0.09777428437285994,0.08573176507715029,0.009806637505096697,0.0064500832488777185,0.010425912367664356,21,17,0.07246559949048374,0.036846006468294126,False,True,True,3.8037556752301386e-06,COMPLETE
1837,0.5009299039840698,2025-04-12 23:54:12.003988,2025-04-12 23:54:28.689538,0 days 00:00:16.685550,0.05435395004450903,0.1083562069813331,2,0.020016372272209603,0.04181292758311089,0.09598515927410285,0.08412060872533209,0.009704654014230797,0.0031004437514851524,0.008370115695614005,20,20,0.077282090672822,0.07343304164532162,False,True,True,4.776198555526372e-06,COMPLETE
1838,0.3314943671226501,2025-04-12 23:54:29.312811,2025-04-12 23:54:45.203567,0 days 00:00:15.890756,0.04626941045455139,0.15053024837753498,2,0.007880069279210027,0.04472491257815681,0.09975844658483204,0.08405736067441452,0.014146353037450508,0.0030840303157433197,0.006366348070210266,19,21,0.07881003698965255,0.06127650881492975,False,True,True,6.4193646109605515e-06,COMPLETE
1839,0.40635467767715455,2025-04-12 23:54:45.808503,2025-04-12 23:55:02.291626,0 days 00:00:16.483123,0.06696088980154372,0.13301105776289723,2,0.014743923174667307,0.044616412998352874,0.09658622355432568,0.08824187350705492,0.010872989886312327,0.0035948746842227185,0.008984065300730466,20,20,0.07911627277575062,0.05720857583796206,False,True,True,5.63450053256232e-06,COMPLETE
1840,0.3206573247909546,2025-04-12 23:55:02.913963,2025-04-12 23:55:18.915839,0 days 00:00:16.001876,0.07669116390562672,0.11997751333599863,2,0.022439254164341393,0.04078910059532158,0.09818546929153046,0.08547432584241982,0.012289240666360045,0.0032194387780913342,0.008089148779360938,19,20,0.08021882337033295,0.04805549666648868,False,True,True,1.010902338125535e-05,COMPLETE
1841,0.4059423089027405,2025-04-12 23:55:19.509908,2025-04-12 23:55:36.062646,0 days 00:00:16.552738,0.11557205921132029,0.10959333071871338,2,0.01887755395082457,0.045608245351862316,0.09606650552281128,0.08335336965438812,0.009605018319245609,0.0012068599548553235,0.005408166619725949,20,18,0.07705706071941677,0.0659562112713989,False,True,True,7.286813325625232e-06,COMPLETE
1842,0.24291306734085083,2025-04-12 23:55:36.683473,2025-04-12 23:55:52.364575,0 days 00:00:15.681102,0.11702587955700579,0.14310811401016152,2,0.00659371773855779,0.03854006822620263,0.09507327936759721,0.08827991063862356,0.011914725703123068,0.01381711597191282,0.007535999405744212,19,15,0.08307596515088474,0.047921688025657785,False,False,True,4.76925442425199e-06,COMPLETE
1843,0.3339561939239502,2025-04-12 23:55:52.960415,2025-04-12 23:56:09.462661,0 days 00:00:16.502246,0.17777061124203153,0.10182933090687582,2,0.012506909805891451,0.027441882158603853,0.09839689324500302,0.08494230305240513,0.009542647805777552,0.007222956542555127,0.006292555596573518,20,20,0.0776463612382764,0.07736494732747731,False,True,True,5.503368957470937e-06,COMPLETE
1844,0.29614301919937136,2025-04-12 23:56:10.084328,2025-04-12 23:56:26.600727,0 days 00:00:16.516399,0.11559998166311643,0.11488367290428597,2,0.02374859282382696,0.04395617668877311,0.09679432048127296,0.08534560676782277,0.01484453906639472,0.008936716783407444,0.007487853077337355,20,5,0.07628591903593289,0.07135065058436654,False,True,True,4.343144833486137e-06,COMPLETE
1845,0.2972257137298584,2025-04-12 23:56:27.198205,2025-04-12 23:56:43.860764,0 days 00:00:16.662559,0.07059357163216728,0.09155973987768967,2,0.01729944926145946,0.030440312091121174,0.09426028932318657,0.08483217971561866,0.012620445833281903,0.0011894618793860767,0.009613170100256276,20,13,0.0749922995698328,0.044277664046401606,False,True,True,6.406813287071699e-06,COMPLETE
1846,0.4522027373313904,2025-04-12 23:56:44.482498,2025-04-12 23:57:01.031088,0 days 00:00:16.548590,0.05899313999478911,0.13616645400446198,2,0.024781152715099827,0.018991647057637492,0.09969144079532458,0.08302369938465975,0.009267722990933133,0.005493526342153916,0.010868574524531428,20,18,0.07630482138890055,0.038157899964182534,False,True,True,4.238847793562115e-06,COMPLETE
1847,0.453966224193573,2025-04-12 23:57:01.629155,2025-04-12 23:57:17.648289,0 days 00:00:16.019134,0.13116000046688858,0.08620136964386663,2,0.011563729675170036,0.036371252444991564,0.09607690577002209,0.0838957934194787,0.008877306290739146,0.0037288855006121814,0.008045439168034586,19,11,0.08129533253432089,0.08760780950877586,False,True,True,3.761487197134913e-06,COMPLETE
1848,0.4434654593467713,2025-04-12 23:57:18.266702,2025-04-12 23:57:34.646683,0 days 00:00:16.379981,0.012052665873455527,0.11168753741979878,2,0.025442208333516902,0.023766261122545342,0.09989218348651561,0.0890094770303959,0.010906733776137042,0.006251349845072565,0.010768618386986917,20,20,0.07928947260863954,0.0833264366800388,False,True,True,5.448479417990762e-06,COMPLETE
1849,0.4346255898475647,2025-04-12 23:57:35.270422,2025-04-12 23:57:51.182027,0 days 00:00:15.911605,0.03447526551929708,0.07780981094909115,2,0.019302475576300056,0.047230836236545864,0.09368019714234692,0.09109878798167066,0.009791752257658697,0.002745428191585285,0.00938955969473309,19,15,0.07409756587927825,0.06676578667720554,False,True,True,3.7368696217966573e-06,COMPLETE
1850,0.3809192657470703,2025-04-12 23:57:51.786895,2025-04-12 23:58:07.050332,0 days 00:00:15.263437,0.19543327217351456,0.1265306581752227,2,0.0058564310110029785,0.04059035798112009,0.09716622791929407,0.08127939970985172,0.008270464129216393,0.009036095698450104,0.012329288258487945,18,18,0.07370170558571883,0.07687203079723975,False,True,False,8.033514313091252e-06,COMPLETE
1851,0.40634255409240727,2025-04-12 23:58:07.678242,2025-04-12 23:58:24.206871,0 days 00:00:16.528629,0.2234983651859262,0.1605953595500595,2,0.017109199184456303,0.03262804691576968,0.09495193082194525,0.08738358988426269,0.013301293434478757,0.005089493985488745,0.011597796144230805,20,15,0.07731070780200051,0.06223203140757083,False,True,True,4.624642372317194e-06,COMPLETE
1852,0.3895230770111084,2025-04-12 23:58:24.812301,2025-04-12 23:58:41.812507,0 days 00:00:17.000206,0.03570379011085287,0.09544195420454246,2,0.027625899199774873,0.017662203393681415,0.09801193399241494,0.0853800738236856,0.011100541857931988,0.0012199699998894872,0.013707455398448263,21,9,0.07536846876387499,0.059566303393040976,False,True,True,3.6032896227025432e-06,COMPLETE
1853,0.3001208662986755,2025-04-12 23:58:42.433960,2025-04-12 23:58:59.437686,0 days 00:00:17.003726,0.10124181631043115,0.07056513465124747,2,0.01324578730457678,0.027486519782671692,0.09369856168864046,0.08193755914757148,0.008950776268944832,0.005965603025747532,0.009287857033456748,21,21,0.07281625447232491,0.04165862175597396,False,True,True,5.126250344588689e-06,COMPLETE
1854,0.2953348278999329,2025-04-12 23:59:00.038000,2025-04-12 23:59:17.261584,0 days 00:00:17.223584,0.20900289284547077,0.1061130310998472,2,0.023145977129173812,0.03926605804231565,0.09625815015710208,0.08073993423510806,0.008589480508036389,0.0029149330588972215,0.013356284482002094,21,12,0.07931253047613841,0.0552435460380468,False,True,True,3.7239461743330123e-06,COMPLETE
1855,0.35693044662475587,2025-04-12 23:59:17.886970,2025-04-12 23:59:34.365699,0 days 00:00:16.478729,0.09415035912904648,0.14792729021603618,2,0.026167541115108647,0.034435971535086575,0.0946863450040835,0.08351578477818411,0.012387294768164426,0.010514198305073535,0.006730795345385579,20,15,0.07147677641763776,0.04092830351798598,False,True,True,6.944612671667422e-06,COMPLETE
1856,0.41001890897750853,2025-04-12 23:59:34.966480,2025-04-12 23:59:50.885715,0 days 00:00:15.919235,0.04143372950738611,0.059640414639655845,2,0.018109334333105253,0.04642537931684499,0.09813926215878796,0.0831352542175684,0.007993691240419654,0.007185643732004664,0.011112122581664465,19,18,0.07447029855307671,0.011163968873974028,False,True,True,4.815918370819258e-06,COMPLETE
1857,0.3592307686805726,2025-04-12 23:59:51.505325,2025-04-13 00:00:08.517427,0 days 00:00:17.012102,0.08345972494785311,0.1224291488888505,2,0.005295687989153888,0.02458135419520592,0.09333969732423647,0.08148979451500432,0.011029966254244922,0.004368543630694197,0.014835420914995123,21,21,0.0763984471371501,0.025442185048010303,False,True,True,3.4465574894256104e-06,COMPLETE
1858,0.2970561385154724,2025-04-13 00:00:09.142890,2025-04-13 00:00:25.796554,0 days 00:00:16.653664,0.2407491352190576,0.09129645818033627,2,0.028771593645506723,0.04192603559272014,0.09591949870799821,0.08641677949064323,0.014063602325976948,0.007770079362702503,0.008154500740363817,20,13,0.07302267774983957,0.05361631221233834,False,True,True,3.3412920853833854e-06,COMPLETE
1859,0.39824296236038215,2025-04-13 00:00:26.400644,2025-04-13 00:00:42.432263,0 days 00:00:16.031619,0.23665427752980528,0.07571404822167084,2,0.021568657774949523,0.0292399772158643,0.09987512976182285,0.09020710163410778,0.007980691234364934,0.012562002593072845,0.015441202753374374,19,17,0.08099725840157465,0.061732358072358856,False,True,True,4.380466012790514e-06,COMPLETE
1860,0.27647703886032104,2025-04-13 00:00:43.056998,2025-04-13 00:00:59.230505,0 days 00:00:16.173507,0.06266423301584112,0.1042440431651552,2,0.01359788485537785,0.015629067792030042,0.09708788785550602,0.079778353463693,0.010206229149933257,0.002755206827879919,0.010658050339323655,20,7,0.07112914834170633,0.021999588482439766,False,False,True,5.983595307550834e-06,COMPLETE
1861,0.43543560504913337,2025-04-13 00:00:59.838162,2025-04-13 00:01:16.501072,0 days 00:00:16.662910,0.062466195250324784,0.05236794558699468,2,0.028817582099780005,0.03644811990832604,0.09371988492403843,0.08119823014128923,0.007780361155004451,0.004888461857984087,0.012181634207136364,20,11,0.0735591240230345,0.05398342953556329,False,True,True,4.122170430633102e-06,COMPLETE
1862,0.43888819217681885,2025-04-13 00:01:17.101851,2025-04-13 00:01:34.115275,0 days 00:00:17.013424,0.09324506014186765,0.08233771767967184,2,0.009484876609914943,0.021222073098157525,0.09578776990368217,0.08472333479644473,0.010402837422174243,0.005571530174801651,0.014450895936253205,21,15,0.0779664715359841,0.04685441429193712,False,True,True,9.442881687287945e-06,COMPLETE
1863,0.40516120195388794,2025-04-13 00:01:34.738157,2025-04-13 00:01:51.945950,0 days 00:00:17.207793,0.1556047625684255,0.13014862023368,2,0.02141551479298711,0.04774401716198812,0.0979618995612132,0.07962493757195864,0.007134012318669348,0.009641362727709976,0.016154623840516587,21,20,0.07042236031212366,0.03591510172084373,False,True,True,3.0427503289999873e-06,COMPLETE
1864,0.3115620017051697,2025-04-13 00:01:52.574366,2025-04-13 00:02:09.081182,0 days 00:00:16.506816,0.02993484007755281,0.06311200753655036,2,0.016791627930196954,0.03207573688090449,0.09298561831141293,0.08047814247569104,0.01237950880602082,0.0034640323053792056,0.009332395594492516,20,18,0.07592379143538228,0.07282653658116936,False,True,True,3.105935386502128e-06,COMPLETE
1865,0.5078330636024475,2025-04-13 00:02:09.683566,2025-04-13 00:02:25.180349,0 days 00:00:15.496783,0.14609040518554856,0.10274213003543368,2,0.02881446853250434,0.03858568649373581,0.09999732023747411,0.08713862836535306,0.008981405516665984,0.007555606915400548,0.012952740386898667,18,15,0.07215560118822864,0.032599321314017354,False,True,True,4.894807463085035e-06,COMPLETE
1866,0.4180792331695557,2025-04-13 00:02:25.808710,2025-04-13 00:02:41.327852,0 days 00:00:15.519142,0.12306584713708957,0.13911003108478476,2,0.031052365205596993,0.02544698490364305,0.09950643277516409,0.0725893680966457,0.007068498215556938,0.007815671793250682,0.013507799729981845,18,20,0.07082585952459292,0.03516689097228947,False,True,True,5.8561128511080906e-06,COMPLETE
1867,0.40572236776351933,2025-04-13 00:02:41.934295,2025-04-13 00:02:56.708896,0 days 00:00:14.774601,0.048023803819492034,0.1627600936219299,2,0.029767971697350456,0.031070806150852222,0.09812893070167669,0.07162475119182644,0.00935572710173243,0.009814986540890868,0.018027318225937363,17,17,0.0696203718932169,0.04057456700532593,False,True,True,3.526567682638718e-06,COMPLETE
1868,0.2937984347343445,2025-04-13 00:02:57.331966,2025-04-13 00:03:12.765699,0 days 00:00:15.433733,0.074452365289269,0.11206885476899844,2,0.027036454220212867,0.01745477919226515,0.09593162172880339,0.09676183826963718,0.007143946327839869,0.005842973690844444,0.01592330785349391,18,16,0.07190062324253751,0.034258554495033455,False,True,True,6.965661301467652e-06,COMPLETE
1869,0.501025915145874,2025-04-13 00:03:13.398833,2025-04-13 00:03:28.825706,0 days 00:00:15.426873,0.12543189455171366,0.11887595480534321,2,0.033760331771348955,0.038104525304886595,0.0999845861429187,0.08234162616971297,0.008925028083616641,0.007628615940746361,0.013326604721448051,18,21,0.06919238583631408,0.0925244760304372,False,True,True,5.263369097113324e-06,COMPLETE
1870,0.32592414617538457,2025-04-13 00:03:29.439919,2025-04-13 00:03:44.360182,0 days 00:00:14.920263,0.11126143057103832,0.14504166391571527,2,0.03408304010227559,0.035229376265239296,0.09955806386274266,0.08481324609701735,0.007075683878317761,0.007698737833713513,0.012394507678931908,17,21,0.06937420296888605,0.030081791836081832,False,True,True,8.105632704072202e-06,COMPLETE
1871,0.327164363861084,2025-04-13 00:03:44.961152,2025-04-13 00:04:00.149678,0 days 00:00:15.188526,0.13243298192293176,0.13252535660519787,2,0.024553036749882816,0.02854255972131951,0.09944603692860746,0.0835615963206201,0.00815213412478186,0.007797120799969384,0.011953933798781733,18,20,0.06901911582412423,0.10091020450348409,False,True,False,5.642537731802927e-06,COMPLETE
1872,0.2959404706954956,2025-04-13 00:04:00.774952,2025-04-13 00:04:15.886184,0 days 00:00:15.111232,0.1013879486855653,0.16594812600900294,2,0.03430674958596988,0.03612037164495578,0.0998900340055099,0.08187836855646789,0.0068506540534571244,0.008837401110729831,0.013715750460196451,17,141,0.06911349491515414,0.09844007429645946,False,True,True,1.0715101904046628e-05,COMPLETE
1873,0.31193645000457765,2025-04-13 00:04:16.521690,2025-04-13 00:04:31.437505,0 days 00:00:14.915815,0.13438811294722006,0.12013826140675204,2,0.025943201821338774,0.02340795261154021,0.09834641368231928,0.08590556656430028,0.010242263513351297,0.006818919260780178,0.011542733639001363,17,21,0.06821132312387417,0.0178535482716286,False,True,True,6.729726999669109e-06,COMPLETE
1874,0.27629178762435913,2025-04-13 00:04:32.049383,2025-04-13 00:04:47.425971,0 days 00:00:15.376588,0.17107183200464138,0.10977128711685985,2,0.023067530548185115,0.037921624080126,0.09972096373374403,0.08264933741468782,0.006241157804293318,0.0030694538901921923,0.014835546327600565,18,21,0.07103923488172549,0.027929247970115097,False,True,True,5.3675950880153e-06,COMPLETE
1875,0.3125670671463013,2025-04-13 00:04:48.055893,2025-04-13 00:05:03.418233,0 days 00:00:15.362340,0.1213664956730476,0.1496174267954694,2,0.033160078117067456,0.030285250149028796,0.09991069877381467,0.08054483488515499,0.009185348021033138,0.010164865726252949,0.0127553575608427,18,21,0.07314535283458147,0.02744214527895538,False,True,True,4.821233259404569e-06,COMPLETE
1876,0.43309731483459474,2025-04-13 00:05:04.029662,2025-04-13 00:05:18.448183,0 days 00:00:14.418521,0.1503641277599234,0.10415296144967122,2,0.028940380966447375,0.017417138326835505,0.09776402768913665,0.08836577502898144,0.006508663601853426,0.005206932915615914,0.01654779642314956,16,18,0.06772180321556974,0.031667717247857455,False,True,True,2.9480035399518264e-06,COMPLETE
1877,0.2814749836921692,2025-04-13 00:05:19.071828,2025-04-13 00:05:33.946349,0 days 00:00:14.874521,0.0903924728220219,0.1347901636296197,2,0.02014631072039825,0.02421241784241976,0.09757270050720916,0.08282554086935194,0.008657022609446416,0.006593239600825128,0.011118244265603452,17,19,0.07058212753497621,0.011639929826720772,False,True,True,9.214254008201473e-06,COMPLETE
1878,0.32065504789352417,2025-04-13 00:05:34.584767,2025-04-13 00:05:49.975741,0 days 00:00:15.390974,0.1257636577754167,0.1856135599627694,2,0.03376124346918788,0.041270483711837225,0.09991209122066946,0.07906212083524476,0.011143515528828519,0.002499487464408083,0.014123379868024486,18,21,0.072619895543316,0.08121171589081698,False,True,True,3.595331503034022e-06,COMPLETE
1879,0.31313973665237427,2025-04-13 00:05:50.588569,2025-04-13 00:06:06.107865,0 days 00:00:15.519296,0.1449138836438215,0.12514524564300217,2,0.025548920839779343,0.03206799753026519,0.09677969385062805,0.08522757228054406,0.008940625541831834,0.01151944371580909,0.015546443476732464,18,17,0.06789740036617313,0.09204008118578375,False,True,True,2.9125338585149417e-06,COMPLETE
1880,0.26317287087440494,2025-04-13 00:06:06.743105,2025-04-13 00:06:22.162520,0 days 00:00:15.419415,0.130919707094486,0.09678439589540795,2,0.02065796409044893,0.008616319353730958,0.0999927349222306,0.08107191851684073,0.006514624495540475,0.004131281559642889,0.010331972996498861,18,50,0.0700339529964001,0.024331963962182054,False,False,True,4.868835427545355e-06,COMPLETE
