number,value,datetime_start,datetime_complete,duration,params_alpha-eval,params_alpha-train,params_batch-size,params_eps-eval,params_eps-train,params_lambda-actions-eval,params_lambda-actions-train,params_lambda-frames-eval,params_lambda-frames-train,params_learning-rate,params_n-epochs,params_n-frames,params_radius-gw,params_rho,params_std-feats,params_ub-actions,params_ub-frames,params_weight-decay,state
1192,0.43936647176742555,2025-04-14 18:22:44.726473,2025-04-14 18:22:53.805276,0 days 00:00:09.078803,0.4539001836386177,0.11224295575532732,8,0.11799902048827576,0.04448970283561583,0.09790157889516202,0.051149638017774036,0.07365174815151998,0.09480942054941713,0.001823507816929126,26,18,0.09030953979025533,0.08134274044730654,False,True,True,2.0246279767037058e-07,COMPLETE
1193,0.5450625777244569,2025-04-14 18:22:54.194333,2025-04-14 18:23:03.644509,0 days 00:00:09.450176,0.43500817592189855,0.1539802753211647,8,0.017854512288881873,0.03009467992421737,0.09270389748094858,0.04778439616530927,0.06963276168895471,0.09084161565589007,0.0031814964410191503,28,22,0.0927480227610888,0.07841683473875805,False,True,True,2.634853974374719e-07,COMPLETE
1194,0.2544426679611206,2025-04-14 18:23:04.035155,2025-04-14 18:23:12.957408,0 days 00:00:08.922253,0.46292884261204703,0.07569890656956131,8,0.011435143867546098,0.03527767334756414,0.0950634837693812,0.0495538292211152,0.076570548599906,0.08844621911530194,0.001428851463183601,25,25,0.09032976962966119,0.07532127515259024,False,True,False,1.5538957226889945e-07,COMPLETE
1195,0.48688381910324097,2025-04-14 18:23:13.340812,2025-04-14 18:23:22.268431,0 days 00:00:08.927619,0.40407741580449386,0.09592582854144331,8,0.01576389497102693,0.05026855879684821,0.09089279243852033,0.04188759496595292,0.0825699733939991,0.09618004020205372,0.0024021164934239715,25,17,0.09722791394602896,0.06487815079975424,False,True,True,8.417450432308251e-07,COMPLETE
1196,0.5378037691116333,2025-04-14 18:23:22.657690,2025-04-14 18:23:31.863125,0 days 00:00:09.205435,0.3620973035757604,0.05220550896573174,8,0.006042212763302945,0.040026907298834735,0.09667254595003577,0.04656579084819269,0.07205853111187824,0.09349881292605847,0.0017046448696069424,27,21,0.09485461129778684,0.09316673832217194,False,True,True,3.981863641064819e-07,COMPLETE
1197,0.34550961256027224,2025-04-14 18:23:32.250868,2025-04-14 18:23:41.400684,0 days 00:00:09.149816,0.4750254459146534,0.6699962222925637,8,0.005187117894499634,0.02751580879013811,0.09350850038611029,0.04476245266239644,0.07462385273577807,0.0999910721789231,0.03394093092491037,26,25,0.08964385945724872,0.12399001955629187,False,True,True,2.881194733865977e-07,COMPLETE
1198,0.4475035309791565,2025-04-14 18:23:41.789886,2025-04-14 18:23:51.158197,0 days 00:00:09.368311,0.43101876603429085,0.13289545803604552,8,0.021501423312400528,0.03457359051334914,0.09835106104129555,0.051052294795249475,0.07879459248662339,0.09687769811611255,0.0011718666689181207,28,19,0.09287621720224251,0.16162094431390744,False,True,True,1.1695905055645155e-07,COMPLETE
1199,0.525915265083313,2025-04-14 18:23:51.549180,2025-04-14 18:24:00.828960,0 days 00:00:09.279780,0.44932936735773044,0.0772825870858926,8,0.010845722073335768,0.04061125366480002,0.09192233004699793,0.04815969272612301,0.07090294955232374,0.0914013528253362,0.002909873361380787,27,23,0.09153251505445963,0.052959273842013294,False,True,True,2.0192791886850166e-07,COMPLETE
1200,0.4028842091560364,2025-04-14 18:24:01.219063,2025-04-14 18:24:10.190610,0 days 00:00:08.971547,0.41400639275860457,0.0995294546111665,8,0.015938680098640905,0.02750673111042536,0.08852345459394659,0.04590464213309496,0.0769943124815732,0.09352550187968417,0.0020420415557864686,25,13,0.0894212967660027,0.12556352367409077,False,True,True,1.6857491502365977e-07,COMPLETE
1201,0.34099798202514653,2025-04-14 18:24:10.581043,2025-04-14 18:24:19.653980,0 days 00:00:09.072937,0.3854667001233122,0.06091976860755103,8,0.00019556254210259614,0.034598955105933894,0.0942438955281839,0.08068488445511487,0.07343425010703973,0.0951127838925827,0.0038317293118273004,26,20,0.0950568277398386,0.1494110456583513,False,True,True,3.430131756200058e-07,COMPLETE
1202,0.19931281208992005,2025-04-14 18:24:20.046996,2025-04-14 18:24:29.270433,0 days 00:00:09.223437,0.4709462074926327,0.11522206034943454,8,0.0057799458683944205,0.025073322991245813,0.09692991659313271,0.043531904937571114,0.08082615327151613,0.08909587929463889,0.0014225310889055599,27,94,0.09198438427197088,0.1191835021271225,False,True,True,2.4128960325110673e-07,COMPLETE
1203,0.41102356910705573,2025-04-14 18:24:29.660496,2025-04-14 18:24:36.140071,0 days 00:00:06.479575,0.44027263444874026,0.04678960539749314,8,0.14162956883647973,0.0452704165721716,0.09490821784317403,0.048698345792223846,0.06829296066865512,0.09087872740966609,0.0017730481806505006,7,26,0.08903854509812852,0.11213383464486625,False,True,True,1.2880236267921656e-07,COMPLETE
1204,0.30070059299469,2025-04-14 18:24:36.532829,2025-04-14 18:24:45.350434,0 days 00:00:08.817605,0.31996447411314355,0.0833000661249362,8,0.00029241650276101705,0.03256030466715464,0.09824161113301409,0.05116015910796659,0.07556983770073072,0.0974458150482037,0.002521906680134403,25,16,0.0946311662543994,0.1631414140316516,False,False,True,3.11655312049372e-07,COMPLETE
1205,0.32984877824783326,2025-04-14 18:24:45.741258,2025-04-14 18:24:54.875165,0 days 00:00:09.133907,0.4208781459388857,0.4503278568128555,8,0.012927035558857726,0.03871940173910741,0.09993856004950566,0.04089597816255494,0.07158930948055303,0.09276245453042829,0.0021466860923556345,25,23,0.09020720140226962,0.10052919963362407,True,True,True,4.950958130285843e-07,COMPLETE
1206,0.5646972060203552,2025-04-14 18:24:55.267829,2025-04-14 18:25:04.380369,0 days 00:00:09.112540,0.4777839021238075,0.12523944368284765,8,0.020805676224058774,0.028260089919639474,0.09125744827320106,0.049936153558334924,0.07784563077858994,0.08785784712773735,0.0011638466297851757,26,20,0.09720169809197897,0.12676382409785417,False,True,True,1.4746308019315184e-07,COMPLETE
1207,0.41500771045684814,2025-04-14 18:25:04.769172,2025-04-14 18:25:24.696052,0 days 00:00:19.926880,0.39955568684343806,0.15790396726176015,2,0.01139436899866623,0.05013002367963916,0.09323533908797915,0.046946984294199856,0.07417604281094747,0.09549963287023082,2.5365981431097814e-05,27,26,0.09253148822770807,0.14677510574284147,False,True,True,1.8362257477001594e-07,COMPLETE
1208,0.4535057902336121,2025-04-14 18:25:25.090772,2025-04-14 18:25:34.114233,0 days 00:00:09.023461,0.4544711830334105,0.06390421615209091,8,0.005032843961293899,0.023205687931508776,0.08912318937343798,0.044606416333608956,0.07958990561023653,0.09440872766033397,0.00156985741678183,26,22,0.08820618551273877,0.10624599414207501,False,True,True,2.40818105608713e-07,COMPLETE
1209,0.3683376431465149,2025-04-14 18:25:34.504079,2025-04-14 18:25:43.433797,0 days 00:00:08.929718,0.34531698193656235,0.08808025527790042,8,0.0183072308285262,0.03271273255063649,0.09579328827257076,0.04279860273044372,0.07576847133386025,0.09835120874543829,0.003151673911839965,25,16,0.0905581831253055,0.11813079437763052,False,True,True,3.627625326060466e-07,COMPLETE
1210,0.5061355590820313,2025-04-14 18:25:43.826288,2025-04-14 18:25:53.186002,0 days 00:00:09.359714,0.3714074867425842,0.10941415578564999,8,0.01050190302640282,0.04302800167947017,0.09221420403836729,0.05169297805386154,0.0726857405867332,0.09010235394154405,0.0018991794838676339,28,24,0.09378450609795552,0.15402467492252575,False,True,True,6.133915764898292e-07,COMPLETE
1211,0.29941959381103517,2025-04-14 18:25:53.572382,2025-04-14 18:26:02.610501,0 days 00:00:09.038119,0.4340944913402178,0.04601246196551514,8,0.006900560193349169,0.02355265552467539,0.09641669784952876,0.0376393128401728,0.07723332844084597,0.09309907413734533,0.0013736721755321112,26,19,0.08841044373903356,0.1278020274218692,False,True,True,3.4811993569787075e-08,COMPLETE
1212,0.22775225639343263,2025-04-14 18:26:03.004312,2025-04-14 18:26:11.798999,0 days 00:00:08.794687,0.4892152196691086,0.1328941758800212,8,0.02271012634894602,0.03698216887806704,0.08795812187560376,0.04800428638240923,0.06956565333751451,0.0920368420421916,0.0026084817805015533,25,25,0.0916154146703063,0.1125122602323891,False,True,False,2.020204661011649e-07,COMPLETE
1213,0.2920052528381348,2025-04-14 18:26:12.189924,2025-04-14 18:26:21.414600,0 days 00:00:09.224676,0.414576078130483,0.06851079091267316,8,0.013682373213515344,0.029198398933584252,0.09833905610877308,0.04582025895893853,0.07416518441360853,0.09689726135466273,5.782227207406079e-05,27,22,0.09605433291800619,0.08989286116929622,False,True,True,1.309695457480164e-07,COMPLETE
1214,0.40341761112213137,2025-04-14 18:26:21.809613,2025-04-14 18:26:30.831484,0 days 00:00:09.021871,0.46180201418283334,0.10205639221784121,8,0.005439531759470463,0.024423486413683713,0.09419783448365217,0.049841893808241874,0.07174113317226487,0.08900463669009819,0.0021399148648902507,26,8,0.09041128949407921,0.12302708289371349,False,True,True,2.8661033284201246e-07,COMPLETE
1215,0.5063174366950989,2025-04-14 18:26:31.222260,2025-04-14 18:26:40.130147,0 days 00:00:08.907887,0.3967473925743308,0.07883298163695474,8,0.00011813992404429915,0.055845622846657776,0.0906942348867172,0.047033429623501,0.07601667205711618,0.09516000683137704,0.0016486040925103801,25,27,0.09357353964644066,0.14602079461342413,False,True,True,1.5617630806204743e-07,COMPLETE
1216,0.3352181911468506,2025-04-14 18:26:40.522433,2025-04-14 18:26:49.760998,0 days 00:00:09.238565,0.4447325490852711,0.13987959916063553,8,0.016044632789600107,0.03747434451862738,0.09636656357948875,0.051769406476626964,0.07867510973063539,0.09146080944124138,0.003398104075673748,27,18,0.08842182020383627,0.13907187964103193,False,True,True,3.8969949107166905e-07,COMPLETE
1217,0.4089411735534668,2025-04-14 18:26:50.152786,2025-04-14 18:26:59.460103,0 days 00:00:09.307317,0.5146823130931798,0.043960342277754444,8,0.009946601042815317,0.03032480296954961,0.09992642722079444,0.04447599621834721,0.07395658485063061,0.09866223512490709,0.0011786888307178593,28,12,0.09156638564767841,0.13101014901992938,False,True,True,1.1441905255241863e-07,COMPLETE
1218,0.5503772735595703,2025-04-14 18:26:59.854224,2025-04-14 18:27:08.970559,0 days 00:00:09.116335,0.42576549403927366,0.10961557028993424,8,0.0001253897535473114,0.048706048553917,0.09999158165535497,0.04226096211422756,0.0704773906842613,0.09395150355843535,0.0027199320940366634,26,23,0.09791893918206798,0.11899943373487099,False,True,True,2.1493391548363895e-07,COMPLETE
1219,0.3791428327560425,2025-04-14 18:27:09.364695,2025-04-14 18:27:18.553441,0 days 00:00:09.188746,0.4737688151755554,0.4682517663468591,8,0.02111602573083185,0.020936312325970322,0.09269847806795496,0.04912863683872882,0.08153096107315146,0.09011923220760104,0.0018808716973607055,27,20,0.08726023213910665,0.10881678729150294,False,True,True,4.911319498905636e-07,COMPLETE
1220,0.3317805647850037,2025-04-14 18:27:18.946375,2025-04-14 18:27:27.869326,0 days 00:00:08.922951,0.4521111821784478,0.08871454746856408,8,0.006149763225790527,0.04115390962313893,0.09446389245556218,0.04029747770984088,0.0760521143915441,0.09581428751289384,0.004420375179898095,25,26,0.04948944815217612,0.12497177506507752,False,True,True,2.4780600742010083e-07,COMPLETE
1221,0.410856568813324,2025-04-14 18:27:28.264739,2025-04-14 18:27:37.333959,0 days 00:00:09.069220,0.37754441966682295,0.06194867758332387,8,0.015152616008895807,0.03265837893115241,0.09016812489685049,0.045746335684080035,0.07286983171212733,0.08711407983058371,0.0013649671529366244,26,16,0.09541840304030537,0.14277316487625846,False,True,True,1.136572367092914e-07,COMPLETE
1222,0.4911873698234558,2025-04-14 18:27:37.726614,2025-04-14 18:27:46.698397,0 days 00:00:08.971783,0.49281514849977454,0.12453852101929987,8,0.00011068399108557777,0.026487211048671192,0.09764237916387158,0.0484657596144003,0.06832179831848376,0.09282043514459618,0.0023330225061858048,25,23,0.08985388128221333,0.02370232400774902,False,True,True,1.6171657157498e-07,COMPLETE
1223,0.39518553018569946,2025-04-14 18:27:47.096942,2025-04-14 18:27:56.234597,0 days 00:00:09.137655,0.4150733749137945,0.09397790098396411,8,0.010199061538748656,0.03554818430876549,0.09533942778325696,0.049724500926034323,0.07764715711412343,0.09639800509776522,0.001765425466703834,26,20,0.09247627781936336,0.13340013552893237,False,True,True,3.2453022791432583e-07,COMPLETE
1224,0.34752245545387267,2025-04-14 18:27:56.627376,2025-04-14 18:28:05.869774,0 days 00:00:09.242398,0.4335295768165412,0.07103032610378596,8,0.006313468880136617,0.020225265379501742,0.08774499206229833,0.052476735406252216,0.07498124476757277,0.09103174150485976,0.002834073535584573,27,27,0.08847472371906559,0.15081314680552982,True,False,True,1.865388445660984e-07,COMPLETE
1225,0.36131763458251953,2025-04-14 18:28:06.263985,2025-04-14 18:28:15.250744,0 days 00:00:08.986759,0.464311554565316,0.0437036243911967,8,0.01693852398261479,0.02820603844096125,0.09228182242201036,0.043628226765461166,0.0801937742562895,0.09381207517081142,0.0011048657651672074,25,23,0.08599220394743265,0.11405030629132175,False,True,True,2.5901046266714853e-07,COMPLETE
1226,0.4764211416244507,2025-04-14 18:28:15.644935,2025-04-14 18:28:24.994105,0 days 00:00:09.349170,0.3958193577556335,0.15590451313377346,8,0.022862189193694035,0.04461171887782976,0.09399405815283009,0.046962341968828834,0.07192523990454663,0.088295700203796,0.0015142924845347008,28,17,0.09281514070863735,0.1005849230417716,False,True,True,4.0377679273298874e-07,COMPLETE
1227,0.5324573636054992,2025-04-14 18:28:25.386592,2025-04-14 18:28:34.461189,0 days 00:00:09.074597,0.3541163301903509,0.11659420654949662,8,0.011178103434651698,0.039484803021702625,0.09683376313452127,0.05093759044550883,0.07660269752278243,0.09842142404491894,0.002212129150433125,26,25,0.0904739815208237,0.121790658130525,False,True,True,1.3532620202691357e-07,COMPLETE
1228,0.40660760402679447,2025-04-14 18:28:34.855390,2025-04-14 18:28:54.947600,0 days 00:00:20.092210,0.44638523193048957,0.08374698132603184,2,0.00011793578389049928,0.029896613633036924,0.09056532421103443,0.04495893796232685,0.07335642339952826,0.09242045244610181,0.0034818226185123714,27,21,0.09465508030934888,0.13843214118405264,False,True,True,1.8833087407508371e-07,COMPLETE
1229,0.5386186718940735,2025-04-14 18:28:55.344333,2025-04-14 18:29:04.298253,0 days 00:00:08.953920,0.32856193471143824,0.09836478984301834,8,0.009410928403350526,0.020384486254475784,0.09808266555475677,0.047970014348037285,0.0836831868022762,0.0948351442249236,0.0013342412647821776,25,28,0.08781573840755987,0.12774769763777338,False,True,True,5.582461162923999e-07,COMPLETE
1230,0.30051066875457766,2025-04-14 18:29:04.690143,2025-04-14 18:29:13.714941,0 days 00:00:09.024798,0.4985764991144254,0.06292285174438628,8,0.01728798840734586,0.03512815425161001,0.09283725706165405,0.04287393703878843,0.07871154697244548,0.09008884762678536,0.0017271641001423811,26,18,0.09091929163819157,0.14606971354988085,False,True,False,3.073898144766658e-07,COMPLETE
1231,0.39638869762420653,2025-04-14 18:29:14.108062,2025-04-14 18:29:23.288788,0 days 00:00:09.180726,0.4742225785881374,0.14430225710480404,8,0.0060191129196486715,0.025268852312627443,0.0954142107015521,0.05243006955239256,0.07466902540550088,0.09683801259987315,0.0020439915893725132,27,13,0.08512579848827817,0.13313702279857254,False,True,True,1.2611417011051964e-08,COMPLETE
1232,0.2536560416221619,2025-04-14 18:29:23.682995,2025-04-14 18:29:32.626884,0 days 00:00:08.943889,0.41445685463343873,0.04462940090754855,8,0.19175883306455643,0.04387782189100345,0.08690897572299779,0.05024509387192464,0.06987192245196731,0.08730432372422513,0.0024879803331646386,25,25,0.09331612382336658,0.11640205430650652,False,True,True,2.3221805189468246e-07,COMPLETE
1233,0.39325298070907594,2025-04-14 18:29:33.023166,2025-04-14 18:29:42.374433,0 days 00:00:09.351267,0.43598098906985716,0.40582195093284995,8,0.014233340559960592,0.01913836484657925,0.08928625666558032,0.04668306093236256,0.07606226870706126,0.09212706193369524,0.0011099492283979248,28,21,0.0674922024347473,0.15921856717365077,False,True,True,1.556421575434988e-07,COMPLETE
1234,0.19931281208992005,2025-04-14 18:29:42.790748,2025-04-14 18:29:51.880477,0 days 00:00:09.089729,0.9974397774885313,0.11022398132320026,8,0.17429854833869493,0.2016213278762638,0.09148981618630735,0.04060200171621089,0.07135937478856134,0.09438145103445396,0.0015875764167252535,26,28,0.08882730200655332,0.10582998063774687,False,True,True,1.1411971551836568e-07,COMPLETE
1235,0.5804528713226318,2025-04-14 18:29:52.282381,2025-04-14 18:30:01.230536,0 days 00:00:08.948155,0.38758875217213506,0.08229846235847559,8,0.023916065207220616,0.03165869769728931,0.09818721272820928,0.04516433271952712,0.07377557839092239,0.0895978129625053,0.0020524510429700046,25,23,0.0966431058674151,0.13916073555654235,False,True,True,2.1168337328910037e-07,COMPLETE
1236,0.2903089284896851,2025-04-14 18:30:01.633527,2025-04-14 18:30:10.683463,0 days 00:00:09.049936,0.3402323044280421,0.06265884734104113,8,0.024514588290716927,0.024642405107586633,0.09821393163175174,0.03311783128109097,0.07092538017568216,0.08777157368903185,0.0031085329909843616,25,25,0.09498718474310665,0.14128655641341453,False,True,True,1.945527507652313e-07,COMPLETE
1237,0.3092358112335205,2025-04-14 18:30:11.087489,2025-04-14 18:30:20.000536,0 days 00:00:08.913047,0.3576923992524182,0.043271552263695,8,0.025624385355364362,0.030754692149905376,0.09864979310615456,0.03795964410812462,0.06866601769920243,0.08693082859325434,0.005134909383603785,25,27,0.09730843022033472,0.14891276926897504,False,True,True,1.4738986728391088e-07,COMPLETE
1238,0.4234450101852417,2025-04-14 18:30:20.402323,2025-04-14 18:30:29.331035,0 days 00:00:08.928712,0.37010015243111916,0.2755651448546197,8,0.018954070203191523,0.017683625939333477,0.09813663313515195,0.04116454488749036,0.07260391588175609,0.08914789387805984,0.002774583143807743,25,23,0.09924058578382776,0.14208661869067302,False,True,True,2.0502546772076982e-07,COMPLETE
1239,0.19931281208992005,2025-04-14 18:30:29.734356,2025-04-14 18:30:38.691858,0 days 00:00:08.957502,0.35598705637558764,0.07538847485982855,8,0.022995291599505936,0.024436471062491107,0.09600917852244578,0.04311626513235771,0.07322412666659948,0.08928504005901852,0.004047644349115272,25,107,0.09787682342204343,0.1364744275608576,False,True,True,1.7431241166934493e-07,COMPLETE
1240,0.3778345942497253,2025-04-14 18:30:39.092169,2025-04-14 18:30:48.045569,0 days 00:00:08.953400,0.3754252849203211,0.0623850777322912,8,0.025654146636050125,0.031021534688851188,0.09991811299579469,0.045020456007478914,0.06984405761525497,0.09039089983784668,0.0023215711654549728,25,27,0.09610147029665135,0.15337532263161138,False,True,True,1.3493327482940537e-07,COMPLETE
1241,0.3419486701488495,2025-04-14 18:30:48.449665,2025-04-14 18:30:57.350244,0 days 00:00:08.900579,0.3228239888257803,0.08626183779260588,8,0.01994210368937993,0.026630589579317552,0.09999430006133195,0.03900121066653465,0.07389600366262955,0.0882470288454137,0.0013591988453950053,25,24,0.09991619532995417,0.1458415193499183,False,False,True,2.414224558203606e-07,COMPLETE
1242,0.31916925907135013,2025-04-14 18:30:57.749792,2025-04-14 18:31:06.712597,0 days 00:00:08.962805,0.39975077121181163,0.04299313130101858,8,0.006157529012262547,0.033268740128198,0.09663576948571766,0.042589099487795996,0.07167719801467812,0.09061283189018493,1.2766890346883745e-05,24,23,0.09802585834233601,0.1388171834555176,True,True,True,1.0747724736964355e-07,COMPLETE
1243,0.37318745851516727,2025-04-14 18:31:07.116312,2025-04-14 18:31:16.083865,0 days 00:00:08.967553,0.3805821703928853,0.07404969978445068,8,0.02590864299016635,0.02196981804359536,0.09725750551284587,0.045095040971885506,0.07760084114582362,0.08702854985318376,0.002343827862345783,25,28,0.09702820753720597,0.13236211372702572,False,True,True,1.7524350654640387e-07,COMPLETE
1244,0.366460657119751,2025-04-14 18:31:16.485599,2025-04-14 18:31:25.571083,0 days 00:00:09.085484,0.3967722929842473,0.051321570845497926,8,0.00021482082521620538,0.01774972631482342,0.0966322927641004,0.04159410300890238,0.07453983357258429,0.09136795718664742,0.0019839112690717507,26,25,0.09612180981021341,0.1380893865578238,False,True,True,2.2572726278922188e-07,COMPLETE
1245,0.362104594707489,2025-04-14 18:31:25.973914,2025-04-14 18:31:32.654268,0 days 00:00:06.680354,0.5243057636247737,0.07983665140744886,8,0.07997684582881255,0.02892460145821454,0.09829349578940441,0.04388299834634334,0.06737931923279192,0.08961386701409685,0.0029555535354319805,9,21,0.08607898666936775,0.14858397451079,False,True,True,1.33090519145147e-07,COMPLETE
1246,0.5210466027259827,2025-04-14 18:31:33.054656,2025-04-14 18:31:42.068849,0 days 00:00:09.014193,0.5047762181282085,0.09241516009780834,8,0.016328904751727578,0.03466132527124784,0.0956578824944582,0.04877684289872814,0.07337076138392364,0.09999046708411347,0.0016326907775520763,25,28,0.08414475461191857,0.12850174804828843,False,True,True,4.150842474524523e-08,COMPLETE
1247,0.5908241987228394,2025-04-14 18:31:42.471915,2025-04-14 18:31:51.283427,0 days 00:00:08.811512,0.48375054286636604,0.0605248594280123,8,0.0062622233542277,0.023733683104017567,0.09513911898591215,0.052770697193931675,0.07645007172069436,0.0917086931447378,0.0011411452333004043,24,19,0.0981855912046353,0.13392060408670864,False,True,True,2.749821936996738e-07,COMPLETE
1248,0.3957077383995057,2025-04-14 18:31:51.685973,2025-04-14 18:32:00.521711,0 days 00:00:08.835738,0.4749870807616256,0.041382951743785916,8,0.00491741833655453,0.024604413279742367,0.09991208640908252,0.05241932229862084,0.08023873450542032,0.09237058710813956,0.0013299259066927463,24,15,0.09677139100352472,0.1443966747861389,False,True,True,2.503152197977709e-07,COMPLETE
