number,value,datetime_start,datetime_complete,duration,params_alpha-eval,params_alpha-train,params_batch-size,params_eps-eval,params_eps-train,params_lambda-actions-eval,params_lambda-actions-train,params_lambda-frames-eval,params_lambda-frames-train,params_learning-rate,params_n-epochs,params_n-frames,params_radius-gw,params_rho,params_std-feats,params_ub-actions,params_ub-frames,params_weight-decay,state
1483,0.400493323802948,2025-04-12 22:12:42.735647,2025-04-12 22:13:01.343021,0 days 00:00:18.607374,0.6807308262972407,0.5665516895858727,2,0.061192970335886866,0.10864770272892942,0.08672328628831628,0.042930673402367524,0.007004448404477098,0.09993096693394155,0.042290723423861414,24,18,0.06227161635083843,0.2081726802026078,False,True,True,9.603672053601977e-07,COMPLETE
1484,0.19931281208992005,2025-04-12 22:13:01.824279,2025-04-12 22:13:20.504000,0 days 00:00:18.679721,0.6480530927469937,0.6250228805296244,2,0.05009566857932003,0.12277494182503315,0.08871187691623111,0.040170807861514654,0.0032225906516074538,0.09478986250422727,0.0324408144685126,25,21,0.05992798470350823,0.2234852135882244,False,True,False,5.8214696140342286e-05,COMPLETE
1485,0.40117137432098393,2025-04-12 22:13:21.004835,2025-04-12 22:13:38.984508,0 days 00:00:17.979673,0.7025836200268285,0.6633572042177961,2,0.05852725622369981,0.10010147911963091,0.09096260412489628,0.04170985044306489,0.00110950593540096,0.09814906746440843,0.05018786989319497,23,22,0.0577148364939814,0.2305334307082041,False,True,True,1.1934047356788596e-06,COMPLETE
1486,0.19931281208992005,2025-04-12 22:13:39.467207,2025-04-12 22:13:47.007999,0 days 00:00:07.540792,0.6587876387702047,0.6012688409950266,16,0.06475014584167532,0.12898630465463995,0.08449443582451424,0.03695777379785887,0.00559930431515975,0.09662526381993512,0.04042881992079931,26,17,0.05540260433236257,0.21369482475594503,False,True,True,1.7913694614983882e-06,COMPLETE
1487,0.30577867031097417,2025-04-12 22:13:47.489527,2025-04-12 22:14:06.063049,0 days 00:00:18.573522,0.5829727938307196,0.615801356359069,2,0.04986328292673782,0.01018488648889871,0.08627512462070105,0.04233177717074231,0.006421723127018334,0.07184366433078025,0.025688974061183433,24,12,0.06122384632472439,0.20408301756353323,False,True,True,9.434510845990393e-07,COMPLETE
1488,0.2765654683113098,2025-04-12 22:14:06.541710,2025-04-12 22:14:25.822148,0 days 00:00:19.280438,0.6329311790889779,0.5785260275775752,2,0.07731847470981026,0.14131498898698144,0.05214790959608243,0.039434702112180094,0.005049955070643571,0.09409616768105658,2.8587278956044942e-05,25,23,0.059078369144901534,0.2103737442454488,False,True,True,1.0871470366767157e-06,COMPLETE
1489,0.3342045605182648,2025-04-12 22:14:26.324452,2025-04-12 22:14:44.813097,0 days 00:00:18.488645,0.6090166599467564,0.5666380513040737,2,0.05429451021821415,0.07157514253074584,0.08797461808936706,0.035478034392025126,0.0027216654962661036,0.09669954997199612,0.05127014873249933,24,20,0.06465723327995941,0.21808958039334497,False,True,True,1.3830716798712604e-06,COMPLETE
1490,0.3856940150260926,2025-04-12 22:14:45.298119,2025-04-12 22:14:54.979965,0 days 00:00:09.681846,0.9780875406423495,0.6383649516754701,2,0.07168403151585326,0.005857813412829153,0.08446002043836666,0.07491577103512151,0.001025776029700073,0.09999808744148256,0.03403248144499104,7,24,0.05685217219907996,0.2334689534868301,False,True,True,8.451814563860164e-07,COMPLETE
1491,0.19931281208992005,2025-04-12 22:14:55.466874,2025-04-12 22:15:14.708811,0 days 00:00:19.241937,0.7359303790488557,0.611519100762701,2,0.0644168260145209,0.13627390249688365,0.09287629129103434,0.069103052020827,0.007865776555475348,0.0984133339807347,0.04258766192635556,25,15,0.05478035654771226,0.2266654204770585,False,True,True,2.0250150025273556e-06,COMPLETE
1492,0.42227748632431034,2025-04-12 22:15:15.194872,2025-04-12 22:15:22.748822,0 days 00:00:07.553950,0.5708816373097226,0.6721665427979262,16,0.057547747390058496,0.1156279512743843,0.09062990192765195,0.03859639649031525,0.00453152746512793,0.09470972440768674,0.027611393053852514,26,21,0.058361115614954606,0.20280960430219117,False,True,True,8.186496522867871e-07,COMPLETE
1493,0.33335902690887453,2025-04-12 22:15:23.251100,2025-04-12 22:15:42.420275,0 days 00:00:19.169175,0.6882224848925702,0.5851418136338519,2,0.04919433386297132,0.12465619012852926,0.08359217732732495,0.04504019027175136,0.0033449394372328384,0.09399116018616473,0.0026658364690985504,25,47,0.06256122571258593,0.22212125298061317,False,True,True,1.1405147225569392e-06,COMPLETE
1494,0.3893966913223267,2025-04-12 22:15:42.906471,2025-04-12 22:16:01.423166,0 days 00:00:18.516695,0.6328651576467977,0.6373988409906857,2,0.06790585864798707,0.1335025018714766,0.0859387891714649,0.04234964069578235,0.007102504697110454,0.09803854581836664,0.05024833648840294,24,65,0.054654467711497276,0.21034255221655904,False,False,True,8.676367726685956e-07,COMPLETE
1495,0.472176992893219,2025-04-12 22:16:01.908862,2025-04-12 22:16:19.876438,0 days 00:00:17.967576,0.6566071705206246,0.06757890478837614,2,0.056826559302586885,0.04922447955175828,0.08779044207543005,0.07262187847310651,0.004527028361936332,0.09596759507456441,0.02155296514839926,23,24,0.05954002939678216,0.20198772614660218,False,True,True,1.060812092984406e-06,COMPLETE
1496,0.3336644530296326,2025-04-12 22:16:20.382562,2025-04-12 22:16:37.423078,0 days 00:00:17.040516,0.6629581245464433,0.1014334490235749,2,0.04863442853349735,0.05505262193603386,0.08896304595694438,0.07356459064628516,0.001075966317222695,0.09608172810516932,0.02211905090590357,21,17,0.06047557599825892,0.2044736501496069,False,True,True,1.6800237397565233e-06,COMPLETE
1497,0.3703669667243958,2025-04-12 22:16:37.912993,2025-04-12 22:16:55.885815,0 days 00:00:17.972822,0.6724634185713673,0.1371353786620912,2,0.05308195313505225,0.03218665357370033,0.08802440501480881,0.07210703328317876,0.004212399926360329,0.0961145663757401,0.01525505960348404,23,21,0.0642761104386369,0.20348694560133004,False,True,True,1.3957079672648069e-06,COMPLETE
1498,0.47411717176437385,2025-04-12 22:16:56.373787,2025-04-12 22:17:13.809836,0 days 00:00:17.436049,0.6420394541110632,0.2865299429018975,2,0.048027130848985376,0.04973368298873238,0.0897271037604517,0.07514560436094746,0.0028295381157518117,0.09423338848632103,0.01936916316079553,22,24,0.06144990334556954,0.2111632377561368,False,True,True,2.0543591040324054e-06,COMPLETE
1499,0.35422755479812623,2025-04-12 22:17:14.295488,2025-04-12 22:17:32.102537,0 days 00:00:17.807049,0.632117576049158,0.07728169316417122,2,0.04569167989637584,0.04946134866546271,0.09351808626426505,0.07492364946811321,0.0029200830039465366,0.09476761064896544,0.014437492364344481,22,146,0.06333046569351675,0.20890761128110294,False,True,True,2.5354457181142753e-06,COMPLETE
1500,0.44651893377304075,2025-04-12 22:17:32.609320,2025-04-12 22:17:50.356862,0 days 00:00:17.747542,0.6502975270379702,0.05415287934543356,2,0.04629482639848083,0.04576312311118232,0.09193265646991058,0.0725686316425874,0.00293968106815053,0.0939439702082217,0.01375069531585548,22,19,0.06126761857622092,0.20809641977360363,False,True,True,1.6501951602386387e-06,COMPLETE
1501,0.4748199701309204,2025-04-12 22:17:50.844382,2025-04-12 22:18:08.509806,0 days 00:00:17.665424,0.6619695253631117,0.02606249151810218,2,0.04542652101703264,0.05117513231991331,0.0946992673226495,0.0769339808735607,0.0026330221378034944,0.09378012326881982,0.018003112095392317,22,14,0.06566154286544225,0.21098710781022947,False,True,True,2.33817023709861e-06,COMPLETE
1502,0.3314770340919495,2025-04-12 22:18:08.999302,2025-04-12 22:18:25.876070,0 days 00:00:16.876768,0.6652917329012128,0.0402988563132321,2,0.0369115983572717,0.05467101186331578,0.09558873392807002,0.07595062525018925,0.002707657714393537,0.09312063232353904,0.019427384715383366,21,8,0.0666855918081518,0.21324398648822523,False,True,True,2.6095812945214907e-06,COMPLETE
1503,0.34262100458145145,2025-04-12 22:18:26.361785,2025-04-12 22:18:43.469864,0 days 00:00:17.108079,0.6418915823511231,0.018177037363246135,2,0.04132839084139878,0.04948481689518,0.09272380906834934,0.07155768986070725,0.0025590370951305936,0.09399811894431596,0.013282456911661243,21,11,0.06494556811727611,0.2143018740183531,False,True,True,2.848820285995405e-06,COMPLETE
1504,0.3272399663925171,2025-04-12 22:18:43.977054,2025-04-12 22:19:01.109896,0 days 00:00:17.132842,0.6573274242581258,0.06830618247962,2,0.044280864903592176,0.05989941383067074,0.0945430141503709,0.06966067823986978,0.004036396644392689,0.09351903785846932,0.017634961828765974,21,14,0.06544810781556157,0.21562532754120875,False,True,True,3.075994004428792e-06,COMPLETE
1505,0.32333972454071047,2025-04-12 22:19:01.596665,2025-04-12 22:19:18.866704,0 days 00:00:17.270039,0.6499020914338448,0.04797228549988224,2,0.03878562035610822,0.04187433136578352,0.09512470528337799,0.07596617604614263,0.0030736978786853764,0.09363158576021759,0.017632618832861522,22,8,0.06718170532803275,0.20950502631601334,False,True,False,2.8326739314168105e-06,COMPLETE
1506,0.3693537116050721,2025-04-12 22:19:19.355389,2025-04-12 22:19:36.939184,0 days 00:00:17.583795,0.6522552140343435,0.02239696910387976,2,0.03900215255266351,0.05280022643769823,0.093926323769939,0.07363381846820355,0.0011769785153903458,0.093959899240912,0.012223692004208142,22,11,0.06924868698164172,0.208992649218813,False,True,True,2.1632530648428936e-06,COMPLETE
1507,0.3782634973526001,2025-04-12 22:19:37.452126,2025-04-12 22:19:54.372716,0 days 00:00:16.920590,0.6781936984370255,0.08528725218138135,2,0.0452245032609349,0.04473612965818215,0.09505452026044911,0.07756065721131085,0.005035836832348191,0.09346006558275108,0.01371185599467472,21,15,0.06822212808275281,0.20933637885199752,False,True,True,3.3759934326040025e-06,COMPLETE
1508,0.3286938548088074,2025-04-12 22:19:54.864161,2025-04-12 22:20:12.065944,0 days 00:00:17.201783,0.684175596980772,0.046392265867304716,2,0.04463077644138294,0.05921474064254301,0.09426295899540939,0.07424617506622254,0.004647841276799562,0.09398539792837268,0.0186150853783172,21,14,0.06954907133783834,0.21566820888225793,False,True,True,2.4644412766433248e-06,COMPLETE
1509,0.295961058139801,2025-04-12 22:20:12.555692,2025-04-12 22:20:29.614742,0 days 00:00:17.059050,0.6673218256031023,0.052219291804941954,2,0.04743979006440532,0.04810571947042093,0.09286140390241115,0.07786911566496031,0.0028453670824754944,0.0935397409622869,0.016096963584191482,21,14,0.06766158920933622,0.21043413705629777,False,True,True,2.6745949176974705e-06,COMPLETE
1510,0.358947491645813,2025-04-12 22:20:30.101477,2025-04-12 22:20:47.720089,0 days 00:00:17.618612,0.6341682816528127,0.20337138020271722,2,0.15183958600041356,0.050543244571023785,0.09265421827263791,0.07216915057032659,0.00471314827706148,0.095175169159814,0.01502471602872445,22,12,0.06510459591142218,0.21770524099356584,False,True,True,2.256694479200752e-06,COMPLETE
1511,0.3304564237594605,2025-04-12 22:20:48.224602,2025-04-12 22:21:05.727979,0 days 00:00:17.503377,0.6519659411434622,0.05705771398537663,2,0.045949225045155265,0.039345987658980675,0.09532387598007315,0.07674172910780318,0.002625060424787484,0.09357403214984134,0.018653391776975798,22,9,0.06604351237304723,0.2065924736190182,False,True,True,2.472081943427428e-06,COMPLETE
1512,0.38144009113311766,2025-04-12 22:21:06.221594,2025-04-12 22:21:23.673808,0 days 00:00:17.452214,0.6916492805086569,0.22500257435170107,2,0.03638699189234988,0.06304855892367249,0.09178511521894073,0.07431528937724417,0.0012473132208552242,0.09521727231635418,0.013256851861186912,22,16,0.06345693196115634,0.2132664431527034,False,True,True,2.0847956549100188e-06,COMPLETE
1513,0.47220556735992436,2025-04-12 22:21:24.163671,2025-04-12 22:21:41.260254,0 days 00:00:17.096583,0.6450978998934057,0.029036665082239895,2,0.0432772754895656,0.04164699597039909,0.09157055536189032,0.0731158316227466,0.004931151198531298,0.09352610482942733,0.016517760593939813,21,13,0.07056351228028823,0.20493400332715433,False,True,True,2.17148586827845e-06,COMPLETE
1514,0.30780805349349977,2025-04-12 22:21:41.769138,2025-04-12 22:21:58.708075,0 days 00:00:16.938937,0.6435680645455686,0.03001178109454,2,0.032322385768227574,0.04576907392379623,0.09424620846578574,0.07101497202881626,0.005407389531258551,0.09375045717329004,0.011561802490570403,21,7,0.0670943016424718,0.20554369587283886,False,True,True,2.1904228685901293e-06,COMPLETE
1515,0.41331391334533696,2025-04-12 22:21:59.198403,2025-04-12 22:22:15.625540,0 days 00:00:16.427137,0.6729638974752069,0.03264869535941703,2,0.02762765882186675,0.03392869015541236,0.09450549838188298,0.07522994221517434,0.005799749723481634,0.09367399142093112,0.017439382964265792,20,15,0.06837185651309535,0.2059766264751958,False,True,True,2.319994685454401e-06,COMPLETE
1516,0.2683553099632263,2025-04-12 22:22:16.119620,2025-04-12 22:22:32.997189,0 days 00:00:16.877569,0.6521106474458495,0.19783407457491545,2,0.03548648303056835,0.04376293105364447,0.09243807779540608,0.07422849076857865,0.004067928543629832,0.09327727524783053,0.01463635028908695,21,9,0.07233763863178931,0.21212394876450308,False,False,True,2.9254867490050702e-06,COMPLETE
1517,0.2981261968612671,2025-04-12 22:22:33.521413,2025-04-12 22:22:50.867467,0 days 00:00:17.346054,0.6315682804857341,0.012539700812494541,2,0.038736032255095997,0.03638495967589898,0.0925949828965968,0.07168285243520349,0.005783135040261905,0.09320644548146363,0.020954930523918683,22,5,0.0687723757497322,0.20450788115737464,False,True,True,3.376210596958382e-06,COMPLETE
1518,0.3549070715904236,2025-04-12 22:22:51.362952,2025-04-12 22:23:08.638224,0 days 00:00:17.275272,0.6649462972022667,0.060363124926687016,2,0.04076170331662831,0.051033326854682336,0.09647096348754404,0.07314353437417752,0.00342694646881571,0.09510714315546888,0.016938378011637768,21,13,0.07142381104790588,0.21883723385664905,False,True,True,2.192114387528467e-06,COMPLETE
1519,0.27959508895874025,2025-04-12 22:23:09.132495,2025-04-12 22:23:26.123633,0 days 00:00:16.991138,0.6292635401148213,0.2693151491640504,2,0.0414378213680125,0.05933497764667673,0.09144907822601293,0.07568448766143937,0.002824250081615396,0.09288193914420935,0.020485509067161147,21,10,0.06930031269879317,0.2100766011307913,False,True,True,2.3635333240786814e-06,COMPLETE
1520,0.32710895538330076,2025-04-12 22:23:26.613271,2025-04-12 22:23:44.219255,0 days 00:00:17.605984,0.6912057983536857,0.16961884808578484,2,0.030328247653202436,0.04525202705437438,0.0940925208848896,0.07258514647542451,0.006183332211046373,0.09309915789530772,0.011749017215945668,22,12,0.07733173655962526,0.20468906879528584,False,True,True,1.388781494468355e-06,COMPLETE
1521,0.49550417661666873,2025-04-12 22:23:44.729160,2025-04-12 22:24:02.534797,0 days 00:00:17.805637,0.6454992015015685,0.028837668443836544,2,0.033767027674622904,0.03932005237302226,0.0924213750379966,0.06977476795864748,0.004190691524024076,0.09569352227241133,0.014480266161423342,22,19,0.06604569526347676,0.2161806389071928,False,True,True,1.8304831182248653e-06,COMPLETE
1522,0.406377649307251,2025-04-12 22:24:03.028504,2025-04-12 22:24:20.130630,0 days 00:00:17.102126,0.6746136165949737,0.03151191941567388,2,0.030338681804131705,0.03798459345937502,0.09246138623670054,0.069718619896165,0.0010426701846545233,0.09368333501415503,0.009444659817725036,21,13,0.07275462400956464,0.22101754424733358,False,True,True,1.9692027986965363e-06,COMPLETE
1523,0.40208388566970826,2025-04-12 22:24:20.619397,2025-04-12 22:24:38.165756,0 days 00:00:17.546359,0.6535456374598445,0.0796593481853135,2,0.030157725575922514,0.034642727675853344,0.0961660782554765,0.0700208056393109,0.00634822506588565,0.0924395983510567,0.014668588899351276,22,12,0.07206991679656231,0.21550670010272965,False,True,True,2.344607720146711e-06,COMPLETE
1524,0.3255216717720032,2025-04-12 22:24:38.678685,2025-04-12 22:24:56.043336,0 days 00:00:17.364651,0.7095726463079948,0.011750592706038425,2,0.03702450786517305,0.03855505264005459,0.09545139697420177,0.07881274493034358,0.004674564732793007,0.09495262390747877,0.016979631312321268,22,11,0.06903455975970613,0.21808751604790866,False,True,False,1.983725155767118e-06,COMPLETE
1525,0.40585466623306277,2025-04-12 22:24:56.536598,2025-04-12 22:25:13.978010,0 days 00:00:17.441412,0.6228439658177957,0.040472064159956744,2,0.02587473306767709,0.04604913326067616,0.09406780160559887,0.07080772578997924,0.006953206415779694,0.09316445260123428,0.01005941848688456,22,17,0.06993441325565378,0.22239639907568118,False,True,True,2.6881526692185486e-06,COMPLETE
1526,0.32121919393539433,2025-04-12 22:25:14.468825,2025-04-12 22:25:32.054760,0 days 00:00:17.585935,0.6636520817275567,0.06667386851245005,2,0.023599158153199958,0.040146001763328165,0.09381125738245262,0.07304582397357644,0.0049785440015690284,0.0956078850897212,0.0126248546791331,22,15,0.06598016836471186,0.21409576915164805,False,True,True,3.007223620269113e-06,COMPLETE
1527,0.37578219175338745,2025-04-12 22:25:32.549032,2025-04-12 22:25:49.543433,0 days 00:00:16.994401,0.702724623496373,0.026650366169307778,2,0.027498271840013,0.02141596444343183,0.0916396180948096,0.06796748282754002,0.0036465265648031094,0.09320116476457525,0.015472990787010395,21,9,0.06690154449259111,0.22186350516776018,False,True,True,4.086554320938742e-06,COMPLETE
1528,0.3392718315124512,2025-04-12 22:25:50.058626,2025-04-12 22:26:06.994367,0 days 00:00:16.935741,0.6146423487138446,0.0632798080254913,2,0.034210601064966935,0.030502791992765253,0.0917722525684041,0.07576371423407578,0.006983435053498709,0.0950510803187274,0.017964415412269823,21,17,0.06548250869426528,0.21693817256253703,False,True,True,2.0691427654908025e-06,COMPLETE
1529,0.3242291212081909,2025-04-12 22:26:07.490318,2025-04-12 22:26:25.097011,0 days 00:00:17.606693,0.6429436949672845,0.0940870875459598,2,0.034525604935100256,0.04975402960725149,0.09124748184453364,0.07294509407243206,0.00441267006181549,0.09257421437728852,0.01468796000136232,22,14,0.07538848786546731,0.22589670028419,False,True,True,1.988664499855978e-06,COMPLETE
1530,0.33838130235672,2025-04-12 22:26:25.591000,2025-04-12 22:26:43.104922,0 days 00:00:17.513922,0.6742103826951851,0.2429829869600083,2,0.03275041996578354,0.041223122399738805,0.0936697847433943,0.07191875503751,0.006239328475566375,0.09543677437167779,0.010107557089852691,22,17,0.06842337282201556,0.2125489658441039,False,True,True,3.206975484537135e-06,COMPLETE
1531,0.31666499376296997,2025-04-12 22:26:43.624603,2025-04-12 22:27:01.104698,0 days 00:00:17.480095,0.6530068961625141,0.040393049473182674,2,0.03932795056226816,0.05170061252292005,0.09661765243162719,0.07652256298127001,0.004482114465780489,0.09257937232266307,0.018579817758224322,22,12,0.06613184728145834,0.20300733700543255,False,True,True,2.502944288857302e-06,COMPLETE
1532,0.47435746192932127,2025-04-12 22:27:01.604714,2025-04-12 22:27:18.504433,0 days 00:00:16.899719,0.6172115460570878,0.030794079616685906,2,0.034974861737173374,0.05616226489438128,0.09107761708848812,0.07031572821856916,0.002856666746648481,0.09553301046808714,0.01234056988230311,21,17,0.06439860548673917,0.22061646262031692,False,True,True,1.8471688970851243e-06,COMPLETE
1533,0.3226512670516968,2025-04-12 22:27:19.001630,2025-04-12 22:27:35.919693,0 days 00:00:16.918063,0.6297234892106223,0.02448599312761074,2,0.04211761369314536,0.06540830462484468,0.09444911147493969,0.06929048800494086,0.0011384009640485653,0.09537477964837972,0.012049933362131452,21,14,0.07323448870554866,0.22500992839753128,False,True,True,3.5119346120413208e-06,COMPLETE
1534,0.24476014375686647,2025-04-12 22:27:36.440320,2025-04-12 22:27:53.171016,0 days 00:00:16.730696,0.6164969737810512,0.053043904743205854,2,0.029735993401739984,0.060422760138624756,0.09250223010959802,0.07018451606053736,0.00411885515465646,0.09609891701318993,0.01226908649294728,21,9,0.0644343808857874,0.21861135155335462,False,False,True,1.9236734373051254e-06,COMPLETE
1535,0.35029842853546145,2025-04-12 22:27:53.681414,2025-04-12 22:28:10.087727,0 days 00:00:16.406313,0.6059982799687428,0.030464165463753412,2,0.024032339968848827,0.04801080570272037,0.09084409488120898,0.07130489153326952,0.0028377522364533263,0.09560888459079357,0.01412268606736466,20,16,0.07488553517903283,0.22716728155913346,False,True,True,1.9753427199130626e-06,COMPLETE
1536,0.339201819896698,2025-04-12 22:28:10.586888,2025-04-12 22:28:27.056676,0 days 00:00:16.469788,0.6216359123279414,0.029337929707009238,2,0.0247888714985388,0.045309655467414424,0.09541344128352486,0.07457406201198474,0.0027533937357509947,0.09604171637540966,0.016347133301175237,20,12,0.06664411282651383,0.2194260566303613,False,True,True,1.810331272814861e-06,COMPLETE
1537,0.4656610608100891,2025-04-12 22:28:27.575924,2025-04-12 22:28:44.217041,0 days 00:00:16.641117,0.6399592793045245,0.05469669487803765,2,0.025906838213324197,0.057500684349572194,0.09094540083498673,0.0687315751248794,0.005531565670978577,0.09471963299329415,0.007940443995032397,20,16,0.06352183206271113,0.21373237466294648,False,True,True,2.5263997876397198e-06,COMPLETE
1538,0.33353477716445923,2025-04-12 22:28:44.718762,2025-04-12 22:29:01.685491,0 days 00:00:16.966729,0.6397687410301508,0.07331238861444864,2,0.021138430979059642,0.049354916914537306,0.0923055628636357,0.06840818866513242,0.007531736191051838,0.09639462048550457,0.008588086531737132,21,12,0.064802928071582,0.21387207672102013,False,True,True,2.466584428266072e-06,COMPLETE
1539,0.337509286403656,2025-04-12 22:29:02.185690,2025-04-12 22:29:19.400253,0 days 00:00:17.214563,0.6426114237469595,0.06341783484941788,2,0.030779577900158235,0.05628690225541653,0.09073804901734175,0.06832068779146454,0.005614377199848227,0.09512053443819984,0.007865510289008105,21,14,0.06975040524409425,0.22099528539447771,False,True,True,3.719525827266081e-06,COMPLETE
