number,value,datetime_start,datetime_complete,duration,params_alpha-eval,params_alpha-train,params_batch-size,params_eps-eval,params_eps-train,params_lambda-actions-eval,params_lambda-actions-train,params_lambda-frames-eval,params_lambda-frames-train,params_learning-rate,params_n-epochs,params_n-frames,params_radius-gw,params_rho,params_std-feats,params_ub-actions,params_ub-frames,params_weight-decay,state
1079,0.48183757066726685,2025-04-14 18:04:34.968882,2025-04-14 18:04:43.674565,0 days 00:00:08.705683,0.4497895027040688,0.07130345524427106,8,0.004809830736677314,0.05269120609074961,0.09031407151515704,0.05263023733508759,0.0691064529795806,0.0943222208281193,0.0014368980181928787,23,28,0.09291622157570423,0.1315530101163712,False,True,True,3.6572776570027784e-07,COMPLETE
1080,0.5238722920417787,2025-04-14 18:04:44.022174,2025-04-14 18:04:52.694937,0 days 00:00:08.672763,0.44099355283805564,0.07656837508535608,8,0.004324895806472582,0.0495168203754842,0.09116969296626375,0.04985714685207223,0.07155771187726875,0.09701070367282229,0.001423952810263991,23,24,0.09440300885906391,0.12732463617111053,False,True,True,7.108383292232731e-07,COMPLETE
1081,0.5529098987579346,2025-04-14 18:04:53.047519,2025-04-14 18:05:01.788800,0 days 00:00:08.741281,0.4963283173167123,0.055951590251679034,8,0.00041934391795230355,0.040633609307143444,0.09074813158183791,0.052056662432025474,0.0718279548112161,0.0952945701060171,0.0013109310227624126,23,24,0.09210439163994993,0.13430601450411792,False,True,True,4.994011132690864e-07,COMPLETE
1082,0.5604804396629334,2025-04-14 18:05:02.139393,2025-04-14 18:05:10.909001,0 days 00:00:08.769608,0.4743454730338799,0.08727747747777473,8,0.0053502864514018535,0.03562120932628514,0.09211356523408074,0.05065393145095989,0.06995812701022838,0.09994689881064613,0.0017130790440095648,23,27,0.09205064804782034,0.1149439032553386,False,True,True,2.1750914719576006e-07,COMPLETE
1083,0.3286683917045593,2025-04-14 18:05:11.261527,2025-04-14 18:05:20.140490,0 days 00:00:08.878963,0.46102085198125237,0.06856437271065757,8,0.0006288640559056081,0.04342870554214278,0.09316124983826862,0.050177752654596466,0.07184588225077464,0.09268864578995598,0.0018927894987074818,24,53,0.09302477571814044,0.12984297380005605,False,True,True,2.947704043223767e-07,COMPLETE
1084,0.417218554019928,2025-04-14 18:05:20.496570,2025-04-14 18:05:29.207842,0 days 00:00:08.711272,0.43772021960934954,0.05606658035107255,8,0.00834805428579993,0.021178929464985313,0.09016932567638047,0.0524204741788961,0.06925053738156652,0.09776838358067533,0.0014087743107886429,23,25,0.09129751930209078,0.10622321270808564,False,True,True,5.122436951866359e-07,COMPLETE
1085,0.33531304597854616,2025-04-14 18:05:29.562115,2025-04-14 18:05:38.379212,0 days 00:00:08.817097,0.49339125921523214,0.09073326699556565,8,0.008929719067811391,0.03481006972291533,0.09338844637520742,0.050055627636664435,0.07262923717864339,0.09208529442382904,0.003595569843475516,24,28,0.09439900176920529,0.1345021090195465,False,True,True,4.2114661342252744e-07,COMPLETE
1086,0.5661317944526673,2025-04-14 18:05:38.716339,2025-04-14 18:05:47.487467,0 days 00:00:08.771128,0.4590204221161202,0.09882241245507108,8,0.0007728010530621124,0.026797630041515523,0.09074034120140162,0.04872243497091254,0.07099882025789178,0.09481444559251712,0.0024151268087510658,24,23,0.0941202072409622,0.12544023615717537,False,True,True,2.727901070008757e-07,COMPLETE
1087,0.45314915180206305,2025-04-14 18:05:47.846761,2025-04-14 18:05:56.618390,0 days 00:00:08.771629,0.45299290938597225,0.10793822514276655,8,0.0013008435848561569,0.03896203888408198,0.08756948115791315,0.04885777372012927,0.07133044298346579,0.09618938651889952,0.0029479751318829605,24,21,0.09396026536065537,0.11941747483039342,False,True,True,3.151411865902014e-07,COMPLETE
1088,0.4798773527145386,2025-04-14 18:05:56.968461,2025-04-14 18:06:05.776198,0 days 00:00:08.807737,0.43746798161683925,0.10783842045251518,8,0.005040834035260938,0.06462360983644341,0.08931772684802046,0.04860072413425354,0.07324193012410579,0.09419414064316431,0.002452330369808841,24,23,0.09592782018724769,0.11380296969146654,False,True,True,2.698972450697129e-07,COMPLETE
1089,0.31065831184387205,2025-04-14 18:06:06.127152,2025-04-14 18:06:14.948367,0 days 00:00:08.821215,0.7673822142545179,0.09750423099724112,8,0.004834857723719676,0.030818286916502662,0.09094801361310452,0.04942845946556749,0.07010802301804082,0.09570806700190002,0.07360918437058869,24,20,0.09507358802680005,0.12312346525980221,False,True,True,3.4278054979057204e-07,COMPLETE
1090,0.27135510444641114,2025-04-14 18:06:15.298471,2025-04-14 18:06:24.176603,0 days 00:00:08.878132,0.45434887081419967,0.11720820717012836,8,0.0005015267633935085,0.046637190592192776,0.0892377192185987,0.051208455476498965,0.07359083610954728,0.09801807063560466,0.0030465894436129443,24,23,0.09454750655134442,0.1176866467681226,True,False,True,4.1820552839322865e-07,COMPLETE
1091,0.33873193264007573,2025-04-14 18:06:24.525650,2025-04-14 18:06:33.285791,0 days 00:00:08.760141,0.4653773696468234,0.09234578400045586,8,0.1508798930770314,0.034398515720982126,0.09166575025807511,0.04845548314411605,0.0719921930117613,0.09363406644649575,0.0040902108074899425,24,18,0.09235976924029057,0.12324667718582517,False,True,True,2.737675903177219e-07,COMPLETE
1092,0.19931281208992005,2025-04-14 18:06:33.639598,2025-04-14 18:06:42.634543,0 days 00:00:08.994945,0.4244501653075154,0.11644703057315367,8,0.005647135487951901,0.02642003274908865,0.09020164188420467,0.04753895190352786,0.07409789954671835,0.022135619339773448,0.002604973223643141,25,89,0.09495512261699254,0.09546768255223176,False,True,True,2.45526111088421e-07,COMPLETE
1093,0.5522000074386597,2025-04-14 18:06:42.994594,2025-04-14 18:06:51.787447,0 days 00:00:08.792853,0.43354563991853073,0.08199689415048995,8,0.00825175443365645,0.041366520174762264,0.09268931863501811,0.049955040915329936,0.07082315798701824,0.0954710275927708,0.0030880705396998036,24,24,0.09320952836106955,0.10802337969497552,False,True,True,3.817059171033755e-07,COMPLETE
1094,0.4148168087005615,2025-04-14 18:06:52.149593,2025-04-14 18:07:00.822679,0 days 00:00:08.673086,0.4736554713832744,0.09955687683089834,8,0.0009502350643442957,0.029087202432984748,0.09419106690496154,0.047674788502478145,0.07375676165149284,0.09442535786311793,0.0021989521956118224,23,21,0.09161588045514221,0.12576636619902007,False,True,True,2.4942959151483216e-07,COMPLETE
1095,0.39451615810394286,2025-04-14 18:07:01.180108,2025-04-14 18:07:10.135488,0 days 00:00:08.955380,0.8428514328741272,0.08082047126051203,8,0.00010294016872555798,0.03663346477450151,0.08804117190544057,0.051670567263780165,0.06917551031201975,0.09233750215567801,0.0024439274256563438,25,25,0.09418914701970224,0.12746528337738577,False,True,True,1.981450042451364e-07,COMPLETE
1096,0.39045257568359376,2025-04-14 18:07:10.492735,2025-04-14 18:07:19.416773,0 days 00:00:08.924038,0.4535812309885517,0.12389508390095494,8,0.09543167053115342,0.026315043724993208,0.09096196757205668,0.049493868337775734,0.07501676816169404,0.09813755422474298,0.003730241462177105,25,17,0.09229660265517932,0.11374198110956553,False,True,True,3.405089115432778e-07,COMPLETE
1097,0.3951271533966064,2025-04-14 18:07:19.756541,2025-04-14 18:07:28.455092,0 days 00:00:08.698551,0.4412545393945444,0.09823642993507782,8,0.0005890628898146391,0.04843096161182878,0.0938976758795155,0.052613459758869066,0.07211128925752949,0.08975445418800679,0.0019936639318171357,24,20,0.09480281140755889,0.10170364576614457,False,True,False,2.4752391223625944e-07,COMPLETE
1098,0.3998738050460816,2025-04-14 18:07:28.809876,2025-04-14 18:07:37.614690,0 days 00:00:08.804814,0.4784899461769844,0.08030480408498043,8,0.009201101384414677,0.03278551105855855,0.09203569417842818,0.047319538504224774,0.07357941778631834,0.018394606210507217,0.0027215311211393253,24,25,0.09239166769662853,0.1189246362696116,False,True,True,2.1762770463606773e-07,COMPLETE
1099,0.474542784690857,2025-04-14 18:07:37.968234,2025-04-14 18:07:46.642066,0 days 00:00:08.673832,0.43002569063573404,0.1108357968290287,8,0.009007023671254073,0.04037823212200933,0.09534155229158918,0.049691275081110556,0.07501971245882702,0.0915080454286678,0.0022763939169060344,23,22,0.09085669168722639,0.11070805557505409,False,True,True,2.800078910991366e-07,COMPLETE
1100,0.4069612264633179,2025-04-14 18:07:46.996979,2025-04-14 18:07:55.868341,0 days 00:00:08.871362,0.4656519458818941,0.12800416933083542,8,0.00029848262616187244,0.0272403116436872,0.09304110624953629,0.047657914465670345,0.07078099541508281,0.09654568748829663,0.0019373169178519192,25,13,0.0908081306202539,0.12207992119343114,False,True,True,1.5970880379339116e-07,COMPLETE
1101,0.19931281208992005,2025-04-14 18:07:56.221433,2025-04-14 18:08:05.054636,0 days 00:00:08.833203,0.8803837081193864,0.0732180775099444,8,0.008704873459325597,0.2800956288336691,0.08943890392024173,0.05126768690481737,0.07230629650930673,0.0938760750407384,0.003138257999455308,24,27,0.0934012622732675,0.12687986235575854,False,True,True,1.8167648252322103e-07,COMPLETE
1102,0.3771972537040711,2025-04-14 18:08:05.411693,2025-04-14 18:08:14.058969,0 days 00:00:08.647276,0.4123459908424112,0.09806478971719246,8,0.007105322011354088,0.021465524807206218,0.09482963752169896,0.04729092097095689,0.07524608946348041,0.08985542107532148,0.002498823421565089,23,23,0.09070079286909666,0.24584778280395436,False,True,True,3.155759162670552e-07,COMPLETE
1103,0.40933536291122435,2025-04-14 18:08:14.413331,2025-04-14 18:08:23.410226,0 days 00:00:08.996895,0.4483482312685581,0.06736143227353004,8,0.01132380041241714,0.03421462719900963,0.0962948279619289,0.04955716776868136,0.07325881334581427,0.0927129931863383,0.001855150575787414,25,19,0.09482671022091757,0.13165961568646584,False,True,True,1.9540702405036112e-07,COMPLETE
1104,0.38680175542831424,2025-04-14 18:08:23.771143,2025-04-14 18:08:32.540750,0 days 00:00:08.769607,0.4892393347950347,0.11222116986967441,8,0.007437831276940318,0.04263043131639484,0.09129995222387045,0.04669637546085879,0.07051702469411701,0.09500406230159494,0.0034344268860746247,24,16,0.0902048121197001,0.11733038370613474,False,True,True,4.2050482229431225e-07,COMPLETE
1105,0.4946571588516236,2025-04-14 18:08:32.896658,2025-04-14 18:08:41.784486,0 days 00:00:08.887828,0.4271109439933456,0.08387768757593697,8,0.0002451525226567897,0.05475641091692179,0.09425872337030257,0.05272328528223842,0.06895137413231026,0.09818151944675532,0.004622086549455826,25,27,0.09198627313481901,0.11289472932267738,False,True,True,2.2822737638871547e-07,COMPLETE
1106,0.5445605278015138,2025-04-14 18:08:42.146164,2025-04-14 18:08:51.495540,0 days 00:00:09.349376,0.45992690490297855,0.13048124174530865,8,0.012854675300779965,0.020726617845109,0.09783208380449254,0.04903742006335524,0.07545318616669887,0.09114532628005051,0.002234367233625703,28,22,0.09489108854544195,0.10675656704394451,False,True,True,5.627751834865809e-07,COMPLETE
1107,0.40821616649627684,2025-04-14 18:08:51.854956,2025-04-14 18:09:00.527424,0 days 00:00:08.672468,0.4369201331343143,0.09900196863051178,8,0.005556978674191043,0.07418073354051544,0.08783754687499802,0.05157538609971183,0.07361176704408652,0.09657779749972145,0.0026941880206360876,23,25,0.09288110651468846,0.1286258161401005,False,True,True,1.728236163217132e-07,COMPLETE
1108,0.2718598484992981,2025-04-14 18:09:00.897921,2025-04-14 18:09:09.664647,0 days 00:00:08.766726,0.4016951395742576,0.5305490791591523,8,0.01255903640360432,0.15711235542061744,0.09996296774787239,0.005386775115349476,0.07139171967933941,0.026188716018451387,0.0017141430398558515,24,66,0.09031524630073746,0.09913877720859475,False,False,True,2.821096907989845e-07,COMPLETE
1109,0.29340604543685916,2025-04-14 18:09:10.027302,2025-04-14 18:09:19.027126,0 days 00:00:08.999824,0.4833476014417437,0.062406965402069706,8,0.0002301229085820873,0.0299476877543688,0.0925788573459542,0.0470821412463755,0.07497880406355367,0.08946933289159222,0.002021041755163394,25,19,0.0375287996005608,0.13365581664768703,True,True,True,1.4582227512545335e-07,COMPLETE
1110,0.480529534816742,2025-04-14 18:09:19.373424,2025-04-14 18:09:28.068880,0 days 00:00:08.695456,0.4140040047435369,0.08399425908696947,8,0.0002799443359386197,0.03368984697185536,0.09590173956201486,0.04890822112750858,0.07614051789327649,0.09338025913038506,0.0027273191416880083,23,24,0.08968101009851388,0.017107823743301248,False,True,True,2.3742744985593565e-07,COMPLETE
1111,0.40522265434265137,2025-04-14 18:09:28.424938,2025-04-14 18:09:37.604729,0 days 00:00:09.179791,0.4561592911160565,0.10926514350409895,8,0.009876092241341788,0.025190927378263665,0.09054484074655593,0.05292589491291086,0.07242335583985204,0.09991482845404527,0.0015711628797800848,27,28,0.09273030212964843,0.12170552545900142,False,True,True,1.8764162613106424e-07,COMPLETE
1112,0.2710726857185364,2025-04-14 18:09:37.961395,2025-04-14 18:09:46.820767,0 days 00:00:08.859372,0.39149760794562377,0.07438306503407772,8,0.013142536558731767,0.03823260407575384,0.09424775681572294,0.046235457666669796,0.06885763510199884,0.0050745186665508354,0.0021008705011618593,24,71,0.09575355745901898,0.13627832081408334,False,True,True,3.6252726296592855e-07,COMPLETE
1113,0.46571837663650517,2025-04-14 18:09:47.177213,2025-04-14 18:09:56.625485,0 days 00:00:09.448272,0.4344207470049449,0.05423392550401458,8,0.0065740218356322355,0.04683773346615851,0.09793774751298152,0.05081797426588852,0.07388683586982063,0.09154256569703627,0.0036454931825024932,28,21,0.0906121389989896,0.06005443512325413,False,True,True,2.793816058762087e-07,COMPLETE
1114,0.283398973941803,2025-04-14 18:09:56.984279,2025-04-14 18:10:05.886657,0 days 00:00:08.902378,0.47024556155299296,0.13036719712113248,8,0.014844287420165523,0.028288017046861645,0.0924065510037647,0.04807998965655434,0.07642539196826095,0.09515550967394934,3.6147718786387416e-05,25,16,0.09337549143938341,0.11849137965847782,False,True,True,1.5025526667855818e-07,COMPLETE
1115,0.3997719049453735,2025-04-14 18:10:06.249631,2025-04-14 18:10:15.001245,0 days 00:00:08.751614,0.36469170710756327,0.09644531607271412,8,0.007122867753332237,0.037064114269398325,0.09554462222104101,0.050084050694314666,0.07194578396715097,0.08943757535929321,0.002382194015227129,24,25,0.09020256091106262,0.1248454980796585,False,True,True,2.0516918249444675e-07,COMPLETE
1116,0.22435790300369263,2025-04-14 18:10:15.361111,2025-04-14 18:10:23.891738,0 days 00:00:08.530627,0.4168009067486486,0.49593286975220763,8,0.014650345643781142,0.02072367595172015,0.08933074046606994,0.04631070776608523,0.07517616542520167,0.09697005495157501,0.0017825532385803437,23,20,0.09194246779843956,0.11155424313943081,False,True,False,1.381023721695986e-07,COMPLETE
1117,0.4059954881668091,2025-04-14 18:10:24.252366,2025-04-14 18:10:33.191951,0 days 00:00:08.939585,0.44825954351536285,0.057885284763920936,8,0.0058373203563557435,0.029777298280711198,0.09998007820193344,0.052711261739497806,0.0696014308324102,0.09267759228684963,0.0032141760694691015,25,28,0.08916590091293637,0.12929353699932594,False,True,True,3.1449454439828556e-07,COMPLETE
1118,0.19931281208992005,2025-04-14 18:10:33.555014,2025-04-14 18:10:42.662222,0 days 00:00:09.107208,0.48003543628709033,0.11638197217680767,8,0.010222805174302822,0.020570366161506065,0.09647306291762081,0.04840154095239698,0.07775768364119931,0.09447900813108355,0.0015733321463630324,26,61,0.09515820026907944,0.13791543458695377,False,True,True,1.8908155051388703e-07,COMPLETE
1119,0.3871475100517273,2025-04-14 18:10:43.022717,2025-04-14 18:10:51.853155,0 days 00:00:08.830438,0.3818732990425629,0.3192448699440916,8,0.0004414620724774287,0.04143775510804236,0.09351887601240041,0.04532030191570358,0.07420170862867813,0.09157713341702794,0.0027592612794590187,24,24,0.08707522816611618,0.09240327983910475,False,True,True,4.2031515790732825e-07,COMPLETE
1120,0.37943328619003297,2025-04-14 18:10:52.216755,2025-04-14 18:11:01.592796,0 days 00:00:09.376041,0.43037438297795777,0.6072208632580293,8,0.0176998225104056,0.03352707194022021,0.09150414400269648,0.0503837243141741,0.07162865453824632,0.0880575633053075,0.0020086973571159816,28,22,0.09148156362931763,0.1068097659103727,False,True,True,4.845374476321827e-07,COMPLETE
1121,0.42808386087417605,2025-04-14 18:11:01.959853,2025-04-14 18:11:10.904134,0 days 00:00:08.944281,0.9021253935852596,0.08496553645213267,8,0.006091909342032966,0.02482036926848908,0.09830692651455294,0.0458711253372991,0.0761849107502616,0.09800832519009949,0.002330203543334698,25,18,0.08960934830105301,0.11588287454993304,False,True,True,2.440825408731395e-07,COMPLETE
1122,0.38427357673645024,2025-04-14 18:11:11.271234,2025-04-14 18:11:20.371848,0 days 00:00:09.100614,0.40166308048480154,0.06326311331956351,8,0.013962099698109217,0.03011149474687003,0.09478841344979373,0.051189559984038284,0.0731809589007623,0.09444959907179791,0.00176365357045709,26,27,0.09315636927476396,0.12379024860957014,False,True,True,1.5039485638182294e-07,COMPLETE
1123,0.3989511370658875,2025-04-14 18:11:20.738140,2025-04-14 18:11:29.979894,0 days 00:00:09.241754,0.44419062685365623,0.09885179299421061,8,0.10558267078551015,0.037671337844395934,0.09645525266095936,0.0478833764358773,0.07687913906996117,0.08973263673230265,0.004106518758075287,27,22,0.09606366259035698,0.13041228619550813,False,True,True,1.7735257939596865e-07,COMPLETE
1124,0.5646781325340271,2025-04-14 18:11:30.348150,2025-04-14 18:11:39.164265,0 days 00:00:08.816115,0.4926689167131367,0.12864999783583406,8,0.00012215702228063514,0.024951227902305563,0.0870479758650648,0.05332136437561253,0.056190412354289586,0.09648692578728503,0.0014938776951858473,24,25,0.08667283320458699,0.13527398098383167,False,True,True,2.7220427465386296e-07,COMPLETE
1125,0.3547147393226624,2025-04-14 18:11:39.530753,2025-04-14 18:11:48.279019,0 days 00:00:08.748266,0.5045416810179667,0.13555272237307198,8,0.00043053554172353334,0.01918169556028551,0.08576444181194928,0.05383669974117859,0.08848395118660123,0.09659814737725243,0.0029238225674727133,23,28,0.08290878396719646,0.13715588577787535,False,True,True,3.9104022907289944e-07,COMPLETE
1126,0.5101895093917846,2025-04-14 18:11:48.628579,2025-04-14 18:11:57.687884,0 days 00:00:09.059305,0.4999319623913243,0.13872260053403804,8,0.0064993807111987,0.01980105639009959,0.08709455801449965,0.05311742537759683,0.07800888062783157,0.09995758365031247,0.0022500862961566904,25,26,0.08562236728611601,0.13028686631013092,False,True,True,3.00346099931887e-07,COMPLETE
1127,0.4067277073860168,2025-04-14 18:11:58.050266,2025-04-14 18:12:07.206561,0 days 00:00:09.156295,0.49823243373648124,0.05490900495842404,8,0.13192851081775125,0.024685439909543028,0.08745021002894968,0.05265165519138927,0.0555957429858901,0.09842203335639645,0.0012611271089599699,27,28,0.08665835604983144,0.13641332239218895,False,False,True,2.5980246263746145e-07,COMPLETE
1128,0.3840810298919678,2025-04-14 18:12:07.573832,2025-04-14 18:12:16.691429,0 days 00:00:09.117597,0.4901510778011226,0.07863351659504131,8,0.006204507404335477,0.019961456857835097,0.08830952991576152,0.05351677475112303,0.06906327459253839,0.0010232794496770753,0.0019168631851939383,26,24,0.08398660545895259,0.14094595416456018,False,True,True,2.3371144737564117e-07,COMPLETE
1129,0.424895715713501,2025-04-14 18:12:17.057858,2025-04-14 18:12:25.972600,0 days 00:00:08.914742,0.47182613181059513,0.42966733510046373,8,0.004787083722143903,0.02782830209039958,0.08511753967896604,0.052330269254564625,0.07507749282155211,0.09619265855130117,0.003183975496233071,24,28,0.08927811584985527,0.13604808524132422,True,True,True,3.487087504596135e-07,COMPLETE
1130,0.27338207364082334,2025-04-14 18:12:26.335082,2025-04-14 18:12:34.996223,0 days 00:00:08.661141,0.4858282964282463,0.8811878289491818,8,0.005805100635478283,0.288654579570925,0.08586870750101687,0.05213880668873731,0.05394443419867517,0.09517384498498382,0.0016247436183837167,23,25,0.09434579053807429,0.13555906772506027,False,True,True,6.19472264908222e-07,COMPLETE
1131,0.19931281208992005,2025-04-14 18:12:35.361153,2025-04-14 18:12:44.408603,0 days 00:00:09.047450,0.46488888890164903,0.14173056371549975,8,0.004753782500949042,0.01942140287032732,0.08807421058831104,0.0503291881118583,0.07840406019915136,0.09759975223049798,0.005812194920677292,25,139,0.04512493209586945,0.1421687880597659,False,True,True,3.080475297390661e-07,COMPLETE
1132,0.20204020142555237,2025-04-14 18:12:44.777735,2025-04-14 18:12:53.526146,0 days 00:00:08.748411,0.46518850038717446,0.11762511698275166,8,0.2681640534862111,0.025809280527925017,0.09000682548554284,0.05424308878616442,0.07082793581286959,0.09343384500843158,0.0024659542805807325,24,24,0.08243005011511956,0.1303242074213531,False,True,True,2.252351495396469e-07,COMPLETE
1133,0.5700313925743103,2025-04-14 18:12:53.892323,2025-04-14 18:13:02.934059,0 days 00:00:09.041736,0.4996629978076541,0.09263860209713203,8,0.0008912694326588914,0.02431574937820805,0.08880928013402004,0.0505957463299123,0.07591096916761375,0.09628280791660943,0.0014422493341689408,26,20,0.09137615359109134,0.14038575213160914,False,True,True,4.778120687019141e-07,COMPLETE
1134,0.30788472294807434,2025-04-14 18:13:03.298375,2025-04-14 18:13:12.352349,0 days 00:00:09.053974,0.4895949560760566,0.700773644115058,8,0.0045204456810468184,0.021766874463441797,0.08904413815942315,0.04992776483209639,0.057325572763650835,0.09340961611878269,0.0013553153142191092,26,12,0.09587277416377796,0.14298285279482112,False,True,True,7.47918484854404e-07,COMPLETE
