number,value,datetime_start,datetime_complete,duration,params_alpha-eval,params_alpha-train,params_batch-size,params_eps-eval,params_eps-train,params_lambda-actions-eval,params_lambda-actions-train,params_lambda-frames-eval,params_lambda-frames-train,params_learning-rate,params_n-epochs,params_n-frames,params_radius-gw,params_rho,params_std-feats,params_ub-actions,params_ub-frames,params_weight-decay,state
1022,0.40224915742874146,2025-04-14 17:55:40.588413,2025-04-14 17:55:49.913594,0 days 00:00:09.325181,0.46708396049735457,0.12030777421191548,8,0.010654054504397457,0.03650966036603235,0.0955146896305784,0.04269925020039537,0.07577476060408558,0.09998117803357799,0.001745608692261827,28,19,0.09211947633232327,0.0999303510925729,False,True,True,2.751382948723873e-07,COMPLETE
1023,0.401384449005127,2025-04-14 17:55:50.248509,2025-04-14 17:55:59.215678,0 days 00:00:08.967169,0.38563776127065685,0.165059389441044,8,0.0061423714600199655,0.028938315095283895,0.09995653318979518,0.040252328438957076,0.0789942625344606,0.09263589956268152,0.0027280534520238847,25,24,0.08707436463004105,0.1289836850197084,False,True,True,1.5933498029195595e-07,COMPLETE
1024,0.27127809524536134,2025-04-14 17:55:59.547984,2025-04-14 17:56:08.635305,0 days 00:00:09.087321,0.41580666669959887,0.1383865527746202,8,0.016612301680678947,0.021901482081566778,0.09270641377729895,0.046846397448464416,0.07442102962508629,0.09493028003449015,0.003320486155651091,26,27,0.08986529150811104,0.008936784709116324,False,True,True,1.196037710821986e-07,COMPLETE
1025,0.41891326904296877,2025-04-14 17:56:08.970387,2025-04-14 17:56:17.715385,0 days 00:00:08.744998,0.4419381656489789,0.12694983962014128,8,0.0053465229341561294,0.03227727185390152,0.09751808770858318,0.04523489135082098,0.07310468146297809,0.09690790800717704,0.0020277392431640646,24,21,0.08504461095073355,0.11134440147349592,False,True,True,9.016727094084864e-08,COMPLETE
1026,0.31341410875320436,2025-04-14 17:56:18.051858,2025-04-14 17:56:26.978904,0 days 00:00:08.927046,0.46896924358994374,0.10231739075961181,8,0.011997056337481765,0.03972199573821178,0.09605475096980472,0.0432441452607589,0.08280837410131997,0.09217066270874316,0.006774656638381153,25,24,0.08837825690209147,0.1236709556926659,False,True,True,3.2929736073909683e-07,COMPLETE
1027,0.2884789347648621,2025-04-14 17:56:27.299888,2025-04-14 17:56:36.438776,0 days 00:00:09.138888,0.40036997779946315,0.10689046725997604,8,0.0002492937977123114,0.047286905679687886,0.09410753203460571,0.04749480421205431,0.07028472480864838,0.09821960775969514,0.0017437979350067323,26,124,0.09151738312341179,0.13173034518607413,False,True,True,2.010593309580918e-07,COMPLETE
1028,0.38672393560409546,2025-04-14 17:56:36.769410,2025-04-14 17:56:45.699787,0 days 00:00:08.930377,0.4892860253217593,0.15061020822034538,8,0.015620013554469089,0.02585441941399945,0.09809470115417021,0.04487064281603625,0.07657944207949123,0.09508256880478282,0.0024015938364082947,25,27,0.08661313514801344,0.10390466451463412,False,True,True,1.6354357793941232e-07,COMPLETE
1029,0.37548919916152956,2025-04-14 17:56:46.034310,2025-04-14 17:56:55.270654,0 days 00:00:09.236344,0.44776375865924856,0.10037762452113892,8,0.009893104545377642,0.03164102470087497,0.09271197405323067,0.04170864377448144,0.07896315222863778,0.09221930136081963,0.00394347305637709,27,17,0.09272505542031773,0.11724631166756523,False,True,True,2.3257945119998483e-07,COMPLETE
1030,0.34018468856811523,2025-04-14 17:56:55.607217,2025-04-14 17:57:04.330729,0 days 00:00:08.723512,0.3830063196813737,0.12068708437612849,8,0.005453687206791871,0.021910065239013926,0.09511173006580456,0.037235536816194695,0.07433337503669672,0.044632859348660875,0.0018248741640409316,24,20,0.09014623266811735,0.1298930747644752,False,True,True,4.4137998678501653e-07,COMPLETE
1031,0.3986148238182068,2025-04-14 17:57:04.665071,2025-04-14 17:57:14.065513,0 days 00:00:09.400442,0.4282632728914219,0.09180474070800214,8,0.01781625721044473,0.03773627350557982,0.09990540986567635,0.04714698020561008,0.07210381437422056,0.09416576928650668,0.002886827712621156,28,24,0.08392824062389403,0.12236219454074253,False,True,True,1.1597092463203034e-07,COMPLETE
1032,0.3374488890171051,2025-04-14 17:57:14.402648,2025-04-14 17:57:23.160641,0 days 00:00:08.757993,0.4599440793473935,0.14461875439684052,8,0.010737535218290378,0.02676708674533983,0.021552021310327893,0.04399140698056638,0.07602685131957468,0.0973354741685606,0.002245641118088381,24,27,0.08826673223381569,0.11237934768272174,True,False,True,5.566036174777894e-08,COMPLETE
1033,0.237431275844574,2025-04-14 17:57:23.499050,2025-04-14 17:57:32.009861,0 days 00:00:08.510811,0.4154762601583796,0.1087822307746977,8,0.0049464705544074805,0.12224979341901693,0.09716300406829184,0.04042449660114191,0.08071193772612466,0.09211525677256806,0.001807679323788253,22,16,0.05123070929369498,0.13122607598262573,False,True,True,7.262270380249976e-08,COMPLETE
1034,0.21527614593505862,2025-04-14 17:57:32.329129,2025-04-14 17:57:40.953816,0 days 00:00:08.624687,0.4502508602903066,0.08870700330821281,8,0.2303209366444097,0.032690301479447265,0.04966445736963487,0.04629873327647688,0.0779110231018871,0.09627751593927253,0.002452099227781332,23,22,0.09092113896194819,0.1260392770806751,False,True,True,8.905975450919019e-08,COMPLETE
1035,0.46895990371704105,2025-04-14 17:57:41.289569,2025-04-14 17:57:50.357128,0 days 00:00:09.067559,0.40818134209699014,0.12105077823813187,8,0.018493104907831737,0.04373211805641636,0.09500527281102351,0.04276199695775004,0.07045700816670984,0.0950458573961444,0.0015132940299568728,26,19,0.08633338415157214,0.118551237581045,False,True,True,1.258843701620596e-07,COMPLETE
1036,0.33326953649520874,2025-04-14 17:57:50.690172,2025-04-14 17:57:59.592436,0 days 00:00:08.902264,0.4910426053325908,0.17592524202388077,8,0.01191419424294001,0.022834428890297104,0.09789120374084587,0.04759578868276943,0.07345812525336938,0.09991374588419719,0.003546474471605489,25,25,0.0888914459220397,0.13202084282133814,False,True,True,2.884804891026179e-07,COMPLETE
1037,0.6092550516128541,2025-04-14 17:57:59.928309,2025-04-14 17:58:09.087480,0 days 00:00:09.159171,0.4345796541423656,0.0733977981234569,8,0.01810307477133869,0.028067932719962427,0.09220971753832813,0.04510744876776999,0.07584483843834086,0.0917406585037054,0.0021059356912501927,27,22,0.09279605474438164,0.1064243742013237,False,True,True,1.58418425813501e-07,COMPLETE
1038,0.19931281208992005,2025-04-14 17:58:09.424776,2025-04-14 17:58:18.561236,0 days 00:00:09.136460,0.42746468397104886,0.09481693306112168,8,0.004716716668838708,0.19650162886258862,0.09222452240562434,0.03827130096762141,0.07840036512027986,0.04728416214843646,0.0027112313985186644,27,15,0.09220898643115251,0.10737649534256746,False,True,True,1.5098208012115437e-07,COMPLETE
1039,0.4615919589996338,2025-04-14 17:58:18.899241,2025-04-14 17:58:28.218638,0 days 00:00:09.319397,0.39807211408534743,0.25144631559359387,8,0.01177383253687378,0.03686048840893012,0.09229682596219951,0.04423172291921327,0.07620170565055562,0.09334413298793376,0.00216327946066207,28,19,0.09341165447378212,0.08751672174414614,False,True,True,1.7572900031018677e-07,COMPLETE
1040,0.22320061922073364,2025-04-14 17:58:28.559031,2025-04-14 17:58:37.636311,0 days 00:00:09.077280,0.42331650065014115,0.10757434304365134,8,0.0004293222377490403,0.04553007435912239,0.09999222698047569,0.04106534826499887,0.07973872743780111,0.09167150252327459,0.0031366278913727012,27,22,0.09327917326086349,0.09482385166843821,False,True,False,2.1511922339364175e-07,COMPLETE
1041,0.5565979599952698,2025-04-14 17:58:37.964564,2025-04-14 17:58:47.171526,0 days 00:00:09.206962,0.4423588032435825,0.13400045994818627,8,0.016434631564776682,0.030464604234344512,0.039381692097001826,0.04264478200206273,0.07621491395030087,0.09659467119331756,0.002476404164595755,27,18,0.09358241023243896,0.10379794681288756,False,True,True,1.334959484018866e-07,COMPLETE
1042,0.4019887208938599,2025-04-14 17:58:47.508535,2025-04-14 17:58:56.724235,0 days 00:00:09.215700,0.37508665200725183,0.07527220361896249,8,0.010101512762678096,0.03804224310980083,0.0924687511290196,0.04695444611200615,0.07480153226927173,0.09433512036394467,0.0020832494476673087,27,21,0.0910912245466834,0.1090924199418445,False,True,True,1.0151563647651908e-07,COMPLETE
1043,0.47435553073883063,2025-04-14 17:58:57.063381,2025-04-14 17:59:06.343857,0 days 00:00:09.280476,0.41472945099959024,0.08864595807560643,8,0.017795797587526238,0.027824446848508603,0.09387547544561084,0.04455890467743061,0.07709596953055804,0.04231838679882477,0.004266044959870145,27,23,0.09309855060756123,0.09934946892520394,False,True,True,1.760014835141716e-07,COMPLETE
1044,0.40055035352706914,2025-04-14 17:59:06.682237,2025-04-14 17:59:16.076050,0 days 00:00:09.393813,0.803489798993447,0.15643996215606695,8,0.005857678916067,0.0328949749823493,0.03757432117958604,0.04489322316252133,0.08052043182894877,0.09165114869355387,0.00278035129762269,28,11,0.0905355734698537,0.10146200017338487,False,True,True,1.4238772909457127e-07,COMPLETE
1045,0.3812488913536072,2025-04-14 17:59:16.416927,2025-04-14 17:59:25.791342,0 days 00:00:09.374415,0.43778200576518134,0.12093988247874607,8,0.011850452690068089,0.04148651016304156,0.09601701620359473,0.04192413354202829,0.0749836263076986,0.09427686765328992,0.002053135702429679,28,15,0.0921506209129031,0.2893913569495282,False,True,True,2.4521591388104404e-07,COMPLETE
1046,0.3970798373222351,2025-04-14 17:59:26.132676,2025-04-14 17:59:35.227446,0 days 00:00:09.094770,0.39753774991933594,0.09987086317478569,8,0.01797371203044837,0.03653047322489691,0.09413616739551604,0.04794192178952124,0.07813347057994305,0.09732460682086083,0.0030315513309156538,26,20,0.08988207283777574,0.098328986253871,False,True,True,1.0892843386482522e-07,COMPLETE
1047,0.447073233127594,2025-04-14 17:59:35.568012,2025-04-14 17:59:44.590375,0 days 00:00:09.022363,0.4545047918742774,0.0722754708898818,8,0.004943858408345947,0.027651683889075487,0.09770717198979953,0.04389779121261403,0.07403349189275116,0.09131421036636553,0.0017792289429153715,26,24,0.09303891356078493,0.10823273530561163,False,True,True,2.0119258760094248e-07,COMPLETE
1048,0.34354060888290405,2025-04-14 17:59:44.935149,2025-04-14 17:59:54.012655,0 days 00:00:09.077506,0.37725347269764764,0.14179817161519329,8,0.011081839035612176,0.04879984407169642,0.09236894929639412,0.046303628507894413,0.08307322095707712,0.09863928564631264,0.005419358643689953,26,17,0.09124948316135686,0.11290964614457447,False,True,True,3.5819032886653094e-07,COMPLETE
1049,0.49729447364807133,2025-04-14 17:59:54.336596,2025-04-14 18:00:03.549469,0 days 00:00:09.212873,0.4239363153297541,0.06912574879612594,8,0.00022870685277162975,0.03254804434806982,0.09620211943148152,0.040092927293068466,0.07659738323674727,0.09307023148189088,0.0025460140438093985,27,22,0.08892854009388419,0.10580755708051946,False,True,True,7.951209041244538e-08,COMPLETE
1050,0.3906453132629395,2025-04-14 18:00:03.887618,2025-04-14 18:00:12.850748,0 days 00:00:08.963130,0.4041252156181131,0.10815888600920283,8,0.01994077808385242,0.021599102197627035,0.09470313201238176,0.04824208568523542,0.07855803492499112,0.09543946438012288,0.002026519434281377,25,25,0.09054381294853422,0.11413387228088671,False,True,True,1.7525168599587036e-07,COMPLETE
1051,0.30220887064933777,2025-04-14 18:00:13.191945,2025-04-14 18:00:22.361166,0 days 00:00:09.169221,0.43607423022411734,0.08805793997850181,8,0.006166361348122825,0.0396291685879658,0.03608386287318973,0.04288589028041538,0.07293751709797769,0.09046758954938709,0.0034809834449429635,26,19,0.08871788905441227,0.09050148487375709,False,False,True,2.766411695753227e-07,COMPLETE
1052,0.3977507948875427,2025-04-14 18:00:22.701568,2025-04-14 18:00:31.870422,0 days 00:00:09.168854,0.46514579602027967,0.12436038324457692,8,0.013670798969812067,0.02751476587607989,0.09998624974940365,0.04502666595813245,0.0751223076049795,0.0374424861960454,0.0022433081924665174,26,26,0.09352022681679857,0.11678269928509073,False,True,True,1.277254320577224e-07,COMPLETE
1053,0.36259048581123354,2025-04-14 18:00:32.214048,2025-04-14 18:00:41.609156,0 days 00:00:09.395108,0.386914818416312,0.0654668574953051,8,0.019657966840616214,0.03394097495848917,0.09169783966239263,0.03903076529628927,0.07680699294997557,0.09369482087509158,0.001699849171328877,28,22,0.08755815478151799,0.09478185046502954,True,True,True,9.471110000130698e-08,COMPLETE
1054,0.41925702095031736,2025-04-14 18:00:41.953214,2025-04-14 18:00:50.889798,0 days 00:00:08.936584,0.45282478177057806,0.08807309469967703,8,0.008552184849199656,0.020979434712909827,0.09696939411855882,0.04884266009383214,0.08018767637863515,0.0962682214131897,0.002486877187686087,25,13,0.09092201355495065,0.10397845573272316,False,True,True,6.574639572593252e-08,COMPLETE
1055,0.5005475401878356,2025-04-14 18:00:51.234185,2025-04-14 18:01:00.483053,0 days 00:00:09.248868,0.4174274841260086,0.11022918577386781,8,0.013094244737209944,0.04309744768347852,0.09449297312349744,0.0463723762490451,0.0727004346667406,0.09845342950403894,0.0016783784293613539,27,18,0.0892261073009702,0.11172459550769569,False,True,True,2.286839786159574e-07,COMPLETE
1056,0.4886501550674439,2025-04-14 18:01:00.831677,2025-04-14 18:01:09.620307,0 days 00:00:08.788630,0.3673922501129905,0.15313257946824152,8,0.005463920040636542,0.02735713368464263,0.0978738513372215,0.04171552640620474,0.07448913515381797,0.09177327555128566,0.0031407177155450923,24,24,0.09326639503207051,0.12023467643818989,False,True,True,1.6159963929079422e-07,COMPLETE
1057,0.38193109035491946,2025-04-14 18:01:09.949655,2025-04-14 18:01:18.883402,0 days 00:00:08.933747,0.43451700581446623,0.13035850522552667,8,0.019418874546293062,0.02145836771174483,0.04640163532340858,0.044265559993408185,0.08135804708168017,0.0929420206270598,0.002021821300741777,25,27,0.08682893809972735,0.11198494939650695,False,True,True,1.2071032831824462e-07,COMPLETE
1058,0.4593348383903504,2025-04-14 18:01:19.227479,2025-04-14 18:01:28.140934,0 days 00:00:08.913455,0.46609561737324046,0.07629049195300219,8,0.013071852060644405,0.05216669346081047,0.09285406735118738,0.04770929547900996,0.07817735321436144,0.013212624417980524,0.002394880553210141,25,21,0.09146821352628942,0.12089919923869377,False,True,True,3.177257746788988e-07,COMPLETE
1059,0.23630264997482303,2025-04-14 18:01:28.483994,2025-04-14 18:01:37.246690,0 days 00:00:08.762696,0.40609370271691775,0.0655779336040027,8,0.005508198894805777,0.03227498888087727,0.09610661243655355,0.04571485880534374,0.07524642076735198,0.04546254185156952,0.0015144215935955125,24,24,0.08818299916903485,0.10273328596339532,False,True,False,1.927348411391025e-07,COMPLETE
1060,0.19765595197677613,2025-04-14 18:01:37.595837,2025-04-14 18:01:46.914985,0 days 00:00:09.319148,0.4765055354435696,0.10029208161353896,8,0.25608072633618967,0.03716872370555763,0.09816391001999801,0.049599098064733574,0.07230998570893445,0.09496622237714793,0.0038333895518865863,28,20,0.08969617349097186,0.08285838815731661,False,True,True,5.3140036338360635e-08,COMPLETE
1061,0.37730230093002326,2025-04-14 18:01:47.257984,2025-04-14 18:01:56.562616,0 days 00:00:09.304632,0.4466693635328955,0.11444813357832084,8,0.015766048988276153,0.026324461423652006,0.09151333903328454,0.04317421402133946,0.07625247199340962,0.06995124769360318,0.0018673978938889492,27,26,0.09407939538799019,0.12544650991948852,False,True,True,7.987905517964633e-08,COMPLETE
1062,0.35186790227890014,2025-04-14 18:01:56.910743,2025-04-14 18:02:06.030982,0 days 00:00:09.120239,0.38679134509493895,0.18875945485903656,8,0.008342965521996069,0.07923165910040418,0.09562927626470152,0.04801641418692229,0.07387213535784587,0.0902576032380077,0.0028922275198507183,26,17,0.08582867763217815,0.11593231822135197,False,True,True,1.3930672650901286e-07,COMPLETE
1063,0.29235061407089236,2025-04-14 18:02:06.376005,2025-04-14 18:02:15.452345,0 days 00:00:09.076340,0.4236842594381292,0.08896064437684122,8,0.020344000110928535,0.04531887310314188,0.09415035627932362,0.040908459115550744,0.07890375410669226,0.09098152310545363,0.04899281346865247,26,22,0.09185421548248074,0.10923119524982454,False,True,True,1.0172073423774121e-07,COMPLETE
1064,0.19931281208992005,2025-04-14 18:02:15.800643,2025-04-14 18:02:24.805188,0 days 00:00:09.004545,0.40440302786015203,0.06443894768282236,8,0.0006828333588322097,0.020752940002764737,0.09994701597501907,0.04545757339475399,0.0713920752114857,0.09610926982406237,0.002202099413424022,25,150,0.08758198137023496,0.12186393588124246,False,True,True,2.3916231272957764e-07,COMPLETE
1065,0.19931281208992005,2025-04-14 18:02:25.152243,2025-04-14 18:02:34.019220,0 days 00:00:08.866977,0.4520253762440774,0.172219148138904,8,0.01005859687771845,0.18551287165201757,0.09788020558095241,0.049460106674414035,0.07736180338827278,0.09984112055944146,0.0015416497265261183,24,27,0.03532353305888961,0.1189072066201021,False,True,True,4.1219993001063816e-07,COMPLETE
1066,0.4102182149887085,2025-04-14 18:02:34.352685,2025-04-14 18:02:43.483355,0 days 00:00:09.130670,0.4768632801946203,0.13841180984644652,8,0.08491836721634885,0.030246564606936643,0.09201140898799902,0.04326583986034011,0.07482656412913948,0.09355403628906513,0.00256364672994845,26,23,0.08964181000275043,0.12598052190203532,False,True,True,1.6106561433939842e-07,COMPLETE
1067,0.19931281208992005,2025-04-14 18:02:43.825796,2025-04-14 18:02:52.717353,0 days 00:00:08.891557,0.4259268393467811,0.08973953894829616,8,0.015101428601452593,0.1655621131179604,0.09586218990973512,0.047062057721318856,0.08483398499245898,0.09706000189024114,0.0019750252754019045,25,19,0.08597160667449226,0.11518076445520894,False,True,True,6.271960705313971e-08,COMPLETE
1068,0.4544501304626465,2025-04-14 18:02:53.062915,2025-04-14 18:03:02.224568,0 days 00:00:09.161653,0.36007910247288255,0.06116265491581631,8,0.02117881140699856,0.039231326070607336,0.09363395430027643,0.035441769832440344,0.08150476772218346,0.09039961356505374,0.0016841508523467862,27,27,0.0918602959870404,0.09761801204069473,False,True,True,2.159558026206235e-07,COMPLETE
1069,0.4042122960090637,2025-04-14 18:03:02.569988,2025-04-14 18:03:11.368176,0 days 00:00:08.798188,0.44370283506777025,0.11186999349024995,8,0.004817224130812538,0.025926121073082804,0.09793338601511385,0.0460966152910893,0.07255137547116024,0.09274174408281124,0.003306531951144029,24,15,0.09372874445893625,0.10931794334408625,False,True,True,1.062285500892219e-07,COMPLETE
1070,0.2705307483673096,2025-04-14 18:03:11.715001,2025-04-14 18:03:20.422040,0 days 00:00:08.707039,0.3914318439024769,0.12948582752297977,8,0.010518358609060996,0.25433069781624007,0.030709364757471644,0.039242850353443444,0.07637049819346915,0.029226070454469615,0.004598128723911308,24,24,0.08841997705611143,0.12562929848300544,False,False,True,2.7894807706297585e-07,COMPLETE
1071,0.5571452140808106,2025-04-14 18:03:20.772018,2025-04-14 18:03:29.774627,0 days 00:00:09.002609,0.4680043888610453,0.0789174797590751,8,0.00012818412838827564,0.031054200264280157,0.09547263364126342,0.0488593703360769,0.07953934167577818,0.0948128073311839,0.0014892430743379326,25,21,0.09041083165610804,0.13248396957239117,False,True,True,1.323106071602512e-07,COMPLETE
1072,0.28249320983886717,2025-04-14 18:03:30.124648,2025-04-14 18:03:38.837399,0 days 00:00:08.712751,0.4170657033439822,0.10066250182515529,8,0.014760874500818743,0.02107982500288389,0.09207160434214837,0.04215670212495587,0.07369522232916763,0.09006468475162632,0.002754743536524476,23,27,0.08501247804694761,0.12052399159785612,True,True,True,8.186905071925975e-08,COMPLETE
1073,0.19931281208992005,2025-04-14 18:03:39.187019,2025-04-14 18:03:48.516964,0 days 00:00:09.329945,0.37336440299900614,0.15274281040064147,8,0.022819158216604796,0.26710485787165006,0.0967326462230469,0.04497182697677784,0.07747138077581697,0.09819381666291285,0.0022201047706627663,28,18,0.08782535415584553,0.10377774795791515,False,True,True,1.630534893049043e-07,COMPLETE
1074,0.5668587803840638,2025-04-14 18:03:48.867529,2025-04-14 18:03:58.194880,0 days 00:00:09.327351,0.43839063307325443,0.0723142599360533,8,0.0003050732989835093,0.03642909445898462,0.09427601463314529,0.050484855378282144,0.0711519783969833,0.09229644327087723,0.001797202463914485,27,24,0.09170757197191302,0.13226959175457803,False,True,True,1.831536028408481e-07,COMPLETE
1075,0.45070372819900517,2025-04-14 18:03:58.548457,2025-04-14 18:04:07.590316,0 days 00:00:09.041859,0.4827762455984242,0.06602324826984717,8,0.00012610166480094345,0.026807590353357332,0.093342104448281,0.05149386799604601,0.0702501233118386,0.09055815145202005,0.0013631242183157293,26,27,0.09374093730233773,0.13345243650543406,False,True,True,2.169505248303156e-07,COMPLETE
1076,0.528336250782013,2025-04-14 18:04:07.927019,2025-04-14 18:04:16.688982,0 days 00:00:08.761963,0.4565065276417316,0.05339556657984566,8,0.0034285668139669634,0.04408998764873642,0.09438988453756159,0.05144065264132476,0.06988302231267066,0.09200225032458528,0.001692211666896955,24,25,0.09421790320882523,0.13240110436608804,False,True,True,1.8966852811408738e-07,COMPLETE
1077,0.5669247269630433,2025-04-14 18:04:17.032362,2025-04-14 18:04:25.685381,0 days 00:00:08.653019,0.4432573710185449,0.08050661263668023,8,0.006299284796755009,0.03612045946877097,0.09060952247038888,0.05173183823827526,0.07130702827865742,0.09497076671797595,0.0014110760477900547,23,24,0.09283704453373165,0.1337104147484989,False,True,True,3.2381622031137587e-07,COMPLETE
1078,0.4341775298118592,2025-04-14 18:04:26.033029,2025-04-14 18:04:34.620327,0 days 00:00:08.587298,0.47337959670747676,0.058358255109124554,8,0.004745887121583957,0.09539475913857029,0.09125379906525818,0.051190687607601246,0.07085790182040858,0.09604590240250799,0.001278393016194655,23,27,0.09492611948141547,0.127339618153485,False,True,False,3.3536135939727376e-07,COMPLETE
