number,value,datetime_start,datetime_complete,duration,params_alpha-eval,params_alpha-train,params_batch-size,params_eps-eval,params_eps-train,params_lambda-actions-eval,params_lambda-actions-train,params_lambda-frames-eval,params_lambda-frames-train,params_learning-rate,params_n-epochs,params_n-frames,params_radius-gw,params_rho,params_std-feats,params_ub-actions,params_ub-frames,params_weight-decay,state
170,0.42280057668685916,2025-04-12 18:24:03.230679,2025-04-12 18:24:09.439923,0 days 00:00:06.209244,0.7699502967528469,0.9531070594251516,16,0.03701403600590524,0.28501680947938257,0.08788453196575223,0.012076553299381473,0.0953529522094585,0.02850388403845032,0.056746874624493876,9,108,0.05514112005414555,0.2704731447996327,True,True,True,2.167436267315059e-06,COMPLETE
171,0.41746705770492554,2025-04-12 18:24:09.495386,2025-04-12 18:24:15.713825,0 days 00:00:06.218439,0.7516234855607258,0.9610760290871413,16,0.0362577634553226,0.2847290591381505,0.08822981773637294,0.01132397906843653,0.09563192905854431,0.02482440071046269,0.06402138632666984,9,109,0.055664544911509475,0.27229527973272044,True,True,True,2.116083526242534e-06,COMPLETE
172,0.4127809286117554,2025-04-12 18:24:15.777990,2025-04-12 18:24:22.205577,0 days 00:00:06.427587,0.784937325650354,0.9783173836450332,16,0.046660118489020255,0.29311230916589737,0.08477126719040638,0.012745511405301174,0.08691003871007807,0.027900829577221765,0.03282798106427619,11,120,0.058933528924195004,0.25559810434633573,True,True,True,2.7497212570301493e-06,COMPLETE
173,0.4267436504364014,2025-04-12 18:24:22.264150,2025-04-12 18:24:28.650809,0 days 00:00:06.386659,0.7747235078780835,0.9317727719028678,16,0.04158089898924863,0.2837275729860376,0.09033282810695187,0.016759152065558818,0.08954712378729775,0.021453597792882445,0.05242338559603427,10,117,0.05481925322972942,0.26533876274226825,True,True,True,1.534615311269754e-06,COMPLETE
174,0.4112047910690308,2025-04-12 18:24:28.708978,2025-04-12 18:24:35.018593,0 days 00:00:06.309615,0.76550111820745,0.9392254662976952,16,0.05315512286700997,0.28339376593663873,0.09157739722720173,0.015744184650196506,0.0903042300837743,0.035523677222957205,0.017228499485421184,10,117,0.06111043917395382,0.26742491210102837,True,True,True,9.426240399975434e-07,COMPLETE
175,0.4197514057159424,2025-04-12 18:24:35.075512,2025-04-12 18:24:41.498182,0 days 00:00:06.422670,0.8067616830009365,0.9540407139418715,16,0.03863480103271417,0.29328245934987407,0.09054893969821597,0.017345342246478962,0.09774899113825114,0.02209466306792711,0.04908395820744109,11,110,0.054892156001369985,0.27420685624776203,True,True,True,1.4561498574512674e-06,COMPLETE
176,0.4206926465034485,2025-04-12 18:24:41.555423,2025-04-12 18:24:47.926047,0 days 00:00:06.370624,0.8037692781326239,0.926311145874781,16,0.03884314171819507,0.291310774707928,0.09060684763047738,0.018409406945026054,0.09687100395203421,0.02184954738790638,0.06188764730130907,11,107,0.057636066804997096,0.27550509291852604,True,True,True,1.3225936702505127e-06,COMPLETE
177,0.42179620265960693,2025-04-12 18:24:47.984117,2025-04-12 18:24:54.485606,0 days 00:00:06.501489,0.8083027693307859,0.9640984582901352,16,0.042839807109431416,0.2861877952251476,0.0901901603193778,0.016859439080709526,0.09694804936731405,0.0215571859278564,0.07735888773275722,12,108,0.0574585684031671,0.2754750724333413,True,True,True,1.613582982205456e-06,COMPLETE
178,0.41952453851699834,2025-04-12 18:24:54.543715,2025-04-12 18:25:00.941613,0 days 00:00:06.397898,0.8042682495951311,0.9635353836448142,16,0.04210347797774035,0.2878039750606736,0.09107878511005917,0.018192046293269863,0.09529955420121036,0.021341173039915944,0.05086713884075567,11,104,0.05759766705609798,0.27573678804331897,True,True,True,1.4206789506354764e-06,COMPLETE
179,0.40032639503479006,2025-04-12 18:25:01.000204,2025-04-12 18:25:08.257290,0 days 00:00:07.257086,0.8068527519746993,0.925683381112882,8,0.05694521446516627,0.29325555658666147,0.09184589039237297,0.018178264316217402,0.09909486675463934,0.02147015484208952,0.06539844023475494,12,107,0.05742114770824807,0.277583884846155,True,True,True,1.443718549122889e-06,COMPLETE
180,0.41356786489486697,2025-04-12 18:25:08.315606,2025-04-12 18:25:14.726308,0 days 00:00:06.410702,0.8365966256658804,0.9999097600027527,16,0.04800678200778082,0.288086437716043,0.09011429525523028,0.01819748569389427,0.098376706146421,0.026112354716486097,0.08693562195455293,11,107,0.060477429981626835,0.27430151107917505,True,True,True,1.1038653471545832e-06,COMPLETE
181,0.4233283877372742,2025-04-12 18:25:14.794002,2025-04-12 18:25:21.176062,0 days 00:00:06.382060,0.7753691940342805,0.960811914701612,16,0.04183490996061785,0.28207545852381255,0.08885348975192679,0.012341913420454133,0.0944540356497306,0.028837807506867257,0.05038403260726842,11,114,0.058376990931303045,0.2632559300763843,True,True,True,1.5770874564673995e-06,COMPLETE
182,0.4165472269058228,2025-04-12 18:25:21.235715,2025-04-12 18:25:27.735370,0 days 00:00:06.499655,0.781781584491662,0.9558136186741012,16,0.03991583934973379,0.28100341541735013,0.08806444350389599,0.01218715472692582,0.09429248911231501,0.029253463633672178,0.052985538195770635,12,114,0.058600340235027054,0.26311871528217046,True,True,True,7.408615292951859e-07,COMPLETE
183,0.4175143241882324,2025-04-12 18:25:27.794752,2025-04-12 18:25:34.175208,0 days 00:00:06.380456,0.8055939028373155,0.9230716200096347,16,0.03199719956799172,0.29417190191487796,0.09106202556038143,0.018977578783292696,0.09741108162367161,0.021254590187989284,0.07395704685869338,11,105,0.057584661294361496,0.27953983674382704,True,True,True,1.5834033746703257e-06,COMPLETE
184,0.41032577753067023,2025-04-12 18:25:34.234443,2025-04-12 18:25:40.733433,0 days 00:00:06.498990,0.7502207187891095,0.9765938090535271,16,0.048500182652466445,0.28731496190019384,0.08989601776354586,0.013348000699377482,0.0934701886421159,0.0269900355819441,0.048112136462080755,11,118,0.054544028491441805,0.26078284328107254,True,True,True,8.469086228430991e-07,COMPLETE
185,0.4255829811096191,2025-04-12 18:25:40.792789,2025-04-12 18:25:47.288627,0 days 00:00:06.495838,0.7105473625426453,0.9565121419945934,16,0.04024340889251728,0.28106226597684947,0.09227401169259679,0.010435320828306028,0.09605633893847382,0.030798594721666395,0.03494873899796752,12,115,0.06172223885082981,0.2704239322196501,True,True,True,3.250553772075717e-06,COMPLETE
186,0.41402512788772583,2025-04-12 18:25:47.349334,2025-04-12 18:25:53.808186,0 days 00:00:06.458852,0.774209771649376,0.9520437911857078,16,0.03054807035314685,0.2817553927234788,0.09228118605711173,0.010181478965280235,0.09652263510197857,0.031048827756107494,0.03652863783047829,11,110,0.06150922335515182,0.2673098263920459,True,True,True,3.540663173456131e-06,COMPLETE
187,0.4230172634124756,2025-04-12 18:25:53.868821,2025-04-12 18:26:00.347747,0 days 00:00:06.478926,0.7397505118580548,0.9082489341230237,16,0.043933412861051443,0.28082209834342464,0.0900079805097765,0.020562187425264895,0.09279598198989462,0.024740848204737143,0.04979268883522877,12,114,0.05932753586810511,0.26176741899731454,True,True,True,1.2467719412912786e-06,COMPLETE
188,0.42529743909835815,2025-04-12 18:26:00.408117,2025-04-12 18:26:06.930412,0 days 00:00:06.522295,0.738219136349778,0.9153621694062153,16,0.04077542489634954,0.28055672062747944,0.09008972749058909,0.020437533784248188,0.09982089024750067,0.025068621689037045,0.048347115955321054,12,114,0.05989908482446019,0.26108714852496456,True,True,True,1.2168144346793566e-06,COMPLETE
189,0.42213364839553835,2025-04-12 18:26:06.991566,2025-04-12 18:26:13.599959,0 days 00:00:06.608393,0.7375670232749687,0.9125497003349656,16,0.044554419289428465,0.28943034686683333,0.09059025515366569,0.02028015746723996,0.09244385063418922,0.028350083369979552,0.04623147789848373,13,113,0.059125960891275794,0.26390091724081954,True,True,True,1.2071429407976183e-06,COMPLETE
190,0.421401333808899,2025-04-12 18:26:13.670027,2025-04-12 18:26:20.178008,0 days 00:00:06.507981,0.7047271354013827,0.9074076229780684,16,0.044785791378724564,0.28140191551757693,0.09268263488158439,0.02259509871513882,0.09252830979571422,0.028730153393148057,0.05114353871436619,12,114,0.05983139877912851,0.26402473389907294,True,True,True,1.2455192979522933e-06,COMPLETE
191,0.4189990162849426,2025-04-12 18:26:20.239605,2025-04-12 18:26:26.765583,0 days 00:00:06.525978,0.7052039268187793,0.9069667679334742,16,0.04490238493605117,0.28466346564433337,0.09236730552069344,0.02309973550381885,0.09287999805677696,0.024336352802027963,0.04300777936010419,12,115,0.062345944269495565,0.2654671557389141,True,True,True,1.2111308859052593e-06,COMPLETE
192,0.38535619974136354,2025-04-12 18:26:26.827126,2025-04-12 18:26:33.464510,0 days 00:00:06.637384,0.7088353602010253,0.9520216029261989,16,0.05881721073924959,0.27966875832429666,0.09019978156520272,0.021052521179411823,0.09965874042831416,0.028688696647491685,0.09699293110515705,13,108,0.05936573753836988,0.2764926360651272,True,True,True,1.506482183596462e-06,COMPLETE
193,0.4084684491157532,2025-04-12 18:26:33.527667,2025-04-12 18:26:40.033814,0 days 00:00:06.506147,0.7402533179212271,0.935712896286939,16,0.05180103359633871,0.28807935273629626,0.08953352809477352,0.018416344148117877,0.09577177117495295,0.032882749437192556,0.05592003527589309,12,113,0.059887000127140204,0.2597822012396612,True,True,True,4.6723387088777517e-07,COMPLETE
194,0.42218148708343506,2025-04-12 18:26:40.096022,2025-04-12 18:26:46.583459,0 days 00:00:06.487437,0.734238730868515,0.9841763199514343,16,0.04358849600770051,0.2807870352091783,0.09260717607944537,0.02046784606252457,0.09241354304475184,0.025417587782540565,0.07748731723480505,12,104,0.05801145426710231,0.2708947451662064,True,True,True,1.1230359751064363e-06,COMPLETE
195,0.4221149682998657,2025-04-12 18:26:46.646773,2025-04-12 18:26:53.227559,0 days 00:00:06.580786,0.7290364813852501,0.9104399069895949,16,0.04319204526315479,0.2806805151700767,0.09121036096607932,0.022093409667103627,0.08429896223868752,0.028759811661652555,0.07285951270427411,13,106,0.058096165790603414,0.272142928900929,True,True,True,9.302033611100544e-07,COMPLETE
196,0.4032652974128723,2025-04-12 18:26:53.292286,2025-04-12 18:26:59.910727,0 days 00:00:06.618441,0.732755145416157,0.9100446209929693,16,0.052630520461489846,0.27753271760808185,0.0930915501684901,0.021038940582015508,0.09725820071791892,0.029732409113911645,0.07476037250247304,13,104,0.06505831341073884,0.2815727782621036,True,True,True,8.903007713214033e-07,COMPLETE
197,0.4201767086982727,2025-04-12 18:26:59.975146,2025-04-12 18:27:12.966831,0 days 00:00:12.991685,0.693880977517656,0.942828005277096,2,0.042572274739437754,0.28023094927758274,0.09171187498675924,0.021080334733275852,0.09319634512966102,0.030293648333104113,0.04921300537008313,13,108,0.06158379889952242,0.27541926083683416,True,True,True,1.1708877974865044e-06,COMPLETE
198,0.42427111864089967,2025-04-12 18:27:13.039620,2025-04-12 18:27:25.424857,0 days 00:00:12.385237,0.6706418311398427,0.9298405033307271,2,0.033821877451954,0.28066449761315365,0.09275186216964969,0.023592510184979945,0.09219748375910738,0.034547307289269885,0.06511783240666787,12,108,0.06214730989665223,0.2625388105740691,True,True,True,1.0829058295108747e-06,COMPLETE
199,0.4197871208190918,2025-04-12 18:27:25.490964,2025-04-12 18:27:38.431263,0 days 00:00:12.940299,0.6830046619472974,0.9047994880131708,2,0.03152905787669155,0.26592872296936415,0.09701573199780231,0.02248539472972601,0.08490312095283507,0.031080814594188513,0.07572811135092447,13,107,0.06278321895054088,0.2593040896317703,True,True,True,9.719724463440393e-07,COMPLETE
200,0.4122525334358216,2025-04-12 18:27:38.495925,2025-04-12 18:27:51.130603,0 days 00:00:12.634678,0.6551333719916361,0.9264438013634446,2,0.047135466373185095,0.2815831819764306,0.09279789503443493,0.020561884974037388,0.09228620715852306,0.03800548495063552,0.06324934869758274,12,115,0.06110005655286889,0.26343601578042775,True,True,True,6.963551238260713e-07,COMPLETE
201,0.42082351446151733,2025-04-12 18:27:51.195915,2025-04-12 18:28:04.224395,0 days 00:00:13.028480,0.6725385652598168,0.8969225704538557,2,0.031854817561490355,0.2647740313612267,0.09682391657088088,0.02345876931064361,0.08493330010477547,0.034860371240259605,0.0722960867803151,13,106,0.06309363040002723,0.25701103648289364,True,True,True,1.1103742731751642e-06,COMPLETE
202,0.4090201735496521,2025-04-12 18:28:04.288473,2025-04-12 18:28:16.846078,0 days 00:00:12.557605,0.6704202292307657,0.8919064271108915,2,0.03195603608649027,0.2783978344611932,0.09547766267349167,0.023025560207837286,0.08840996741648241,0.03548690770336238,0.03779957816252188,12,113,0.06530489286038975,0.2555428212119973,True,True,True,1.1413576830479329e-06,COMPLETE
203,0.41992254257202155,2025-04-12 18:28:16.911904,2025-04-12 18:28:29.854909,0 days 00:00:12.943005,0.710131423301035,0.9264717588698692,2,0.04242667797780923,0.2802754592741403,0.09324402904529686,0.024148264785965434,0.08398781605901844,0.034079281545143884,0.06305866944447384,13,105,0.059333684865007036,0.2713229166159849,True,True,True,1.2010340696244035e-06,COMPLETE
204,0.42263755798339847,2025-04-12 18:28:29.924350,2025-04-12 18:28:42.927901,0 days 00:00:13.003551,0.7026089012147715,0.9152185824004561,2,0.04225120385996184,0.2800016672319586,0.09325285635547513,0.023116340965327453,0.08400130794823592,0.03414522891663004,0.05989976769644103,13,105,0.06342238981647588,0.26990080504974345,True,True,True,1.1041876052107445e-06,COMPLETE
205,0.19931281208992005,2025-04-12 18:28:43.003650,2025-04-12 18:28:55.781998,0 days 00:00:12.778348,0.7214079893540787,0.9027526402760438,2,0.05082376620888472,0.2673594714131446,0.09638712703435472,0.024123544540354695,0.08324349889400838,0.0324215091161002,0.0994959026892098,13,109,0.06273618816193666,0.2784003419613234,True,True,False,9.340020014834108e-07,COMPLETE
206,0.3762870907783509,2025-04-12 18:28:55.848500,2025-04-12 18:29:08.306215,0 days 00:00:12.457715,0.6908242544318658,0.9865872200807947,2,0.060059533736717234,0.01431879300790384,0.08891406160787348,0.021096287867772033,0.09383697641507152,0.028213035039856293,0.07901965173557834,12,101,0.06103791679085582,0.2623811550735706,True,True,True,5.817365339354984e-07,COMPLETE
207,0.4212523102760315,2025-04-12 18:29:08.372797,2025-04-12 18:29:21.381084,0 days 00:00:13.008287,0.7353113195370664,0.9412531700290795,2,0.03525031276550721,0.27709823872046074,0.09192922880945469,0.026295835290624337,0.08121491155282207,0.0315533373899969,0.04593302554043496,13,108,0.06596367044322411,0.27013330682440145,True,True,True,3.0032993634348286e-06,COMPLETE
208,0.42195124626159675,2025-04-12 18:29:21.448084,2025-04-12 18:29:33.930921,0 days 00:00:12.482837,0.7362012492719302,0.9144129471307119,2,0.03670111486856047,0.2743301523893615,0.09722418235306038,0.026355827996795016,0.08818490847396832,0.036302604775977104,0.05770315978968514,12,103,0.06637435219472317,0.26922278517144604,True,True,True,2.8195514518587934e-06,COMPLETE
209,0.23418629765510562,2025-04-12 18:29:33.998990,2025-04-12 18:29:46.571264,0 days 00:00:12.572274,0.7350577093318649,0.8891623824222891,2,0.035451894258396136,0.27404804510189446,0.00785250626049154,0.027747341808560366,0.08231359409450013,0.036591062661374935,0.06216888314962391,12,102,0.06682914924324504,0.27099190937034995,True,True,True,2.999759564395921e-06,COMPLETE
210,0.424605131149292,2025-04-12 18:29:46.638071,2025-04-12 18:29:59.701546,0 days 00:00:13.063475,0.7143910775048289,0.9138164149994884,2,0.02895985481678465,0.26398717419777734,0.09699635233653019,0.025745620230363562,0.08682504932490484,0.03314458318949437,0.04213615382839801,13,116,0.06583643052696775,0.2827676137282713,True,True,True,2.4906910374674154e-06,COMPLETE
211,0.4213796615600586,2025-04-12 18:29:59.769666,2025-04-12 18:30:12.801438,0 days 00:00:13.031772,0.7101691035843181,0.9121813361763589,2,0.029152601872810487,0.2642111911872736,0.09815757370456217,0.02577454956265631,0.08651544147467301,0.0379753457995605,0.04215546005310274,13,116,0.066347545027259,0.2835962561194645,True,True,True,2.5772655106904694e-06,COMPLETE
212,0.4200407981872559,2025-04-12 18:30:12.870643,2025-04-12 18:30:25.883629,0 days 00:00:13.012986,0.7192713339098147,0.9122406073328616,2,0.027697954076545156,0.2697528549026456,0.09831483268846819,0.024141355935252004,0.0868137451175116,0.039204541139013366,0.040540137594289954,13,115,0.06664643343637303,0.2838515280478655,True,True,True,2.6215601559743484e-06,COMPLETE
213,0.41787190437316896,2025-04-12 18:30:25.962347,2025-04-12 18:30:38.924497,0 days 00:00:12.962150,0.7044229793552093,0.9173226645342888,2,0.034146655598852056,0.26283865506362963,0.09736647103912535,0.025616722799496235,0.08083331296322037,0.042897484107498274,0.05590462390721128,13,106,0.06820531680226467,0.28189997886516416,True,True,True,2.3879690396317556e-06,COMPLETE
214,0.4177496910095215,2025-04-12 18:30:38.992880,2025-04-12 18:30:51.568320,0 days 00:00:12.575440,0.7408665956745295,0.9365651352744236,2,0.029337698587098456,0.2631008809701273,0.0953898629528781,0.025556539193232305,0.08917325274663696,0.034704802021059036,0.044655410383984843,12,113,0.06530054408926168,0.26282753462547676,True,True,True,8.114488450565046e-07,COMPLETE
215,0.3535977125167847,2025-04-12 18:30:51.638013,2025-04-12 18:31:04.087008,0 days 00:00:12.448995,0.6652651523872951,0.913227146165609,2,0.04704861156066295,0.2762363644837723,0.09765838268925758,0.026974974071284373,0.08515108062049273,0.032012794535934086,0.07155196757592706,12,104,0.07154150819073729,0.287636127995952,True,True,True,3.26625293836468e-06,COMPLETE
216,0.4143656969070435,2025-04-12 18:31:04.156513,2025-04-12 18:31:17.232868,0 days 00:00:13.076355,0.7237470781462129,0.9381163179874757,2,0.03531670823098074,0.2691506914547928,0.09425027140273422,0.026541622860136508,0.08761742113858909,0.034077000503921484,0.036326735812044486,13,116,0.06403213036405149,0.2507844160980635,True,True,True,1.5497451792853883e-06,COMPLETE
217,0.38374054431915283,2025-04-12 18:31:17.302354,2025-04-12 18:31:31.008625,0 days 00:00:13.706271,0.6948950432585203,0.9524674248515114,2,0.05329634493264503,0.281193007747318,0.09436511278911174,0.02330944163114878,0.09051643275705382,0.037565612722406785,0.08443881082492427,14,112,0.06343285726907265,0.26752570275223597,True,True,True,1.2754361268451348e-06,COMPLETE
218,0.2670473098754883,2025-04-12 18:31:31.077622,2025-04-12 18:31:43.586910,0 days 00:00:12.509288,0.7465844986885726,0.23520135706578305,2,0.028815092375498137,0.2744198205462064,0.09298960018492641,0.019643634860955578,0.08674124905659172,0.028577122498316492,0.05733835178420254,12,107,0.06878081855315975,0.2580018730609229,True,True,True,2.404363886799019e-06,COMPLETE
219,0.41661474704742435,2025-04-12 18:31:43.658091,2025-04-12 18:31:56.764167,0 days 00:00:13.106076,0.7726613808456996,0.999301327747312,2,0.03780604125291373,0.2836660187873798,0.0960978426338394,0.022243747089111206,0.08925568276846078,0.032499515606721194,0.03236920013409268,13,99,0.06539583183565859,0.2804475829053872,True,True,True,4.124471845593029e-06,COMPLETE
220,0.19931281208992005,2025-04-12 18:31:56.844202,2025-04-12 18:32:10.452229,0 days 00:00:13.608027,0.6778317440100878,0.5159523132523625,2,0.046322684619746965,0.2627499100585321,0.0911985156024786,0.024116912072749623,0.09486979763547831,0.026820519837412182,0.04661013053762981,14,117,0.05942878252236862,0.2720335138448018,True,True,True,1.6529958928725155e-06,COMPLETE
221,0.40316325426101685,2025-04-12 18:32:10.523112,2025-04-12 18:32:23.045745,0 days 00:00:12.522633,0.7140123136250043,0.8871639689762586,2,0.03733575225297333,0.2844922193817095,0.08919092852288305,0.019405757509381016,0.09167354312380441,0.030021959481920914,0.0578509850748415,12,111,0.0630359072316437,0.2735574100976025,True,True,True,1.6862792292338933e-06,COMPLETE
222,0.41385951042175295,2025-04-12 18:32:23.116965,2025-04-12 18:32:36.238796,0 days 00:00:13.121831,0.7457867899913063,0.9012182391564069,2,0.041871447406871265,0.2785672238729921,0.09816121160452158,0.02643689944478778,0.08223920423565304,0.03536522341435024,0.07043111804344132,13,109,0.05931056320093323,0.26454891400585145,True,True,True,1.0218201689711027e-06,COMPLETE
223,0.42089428901672366,2025-04-12 18:32:36.310299,2025-04-12 18:32:48.714508,0 days 00:00:12.404209,0.7233760955533473,0.9222323534934964,2,0.03284056165200381,0.27010075559236435,0.09267820858580032,0.021406148191150408,0.0964797526201566,0.031110440449116684,0.040210833555620835,12,117,0.06090397441485565,0.27809580744086043,True,True,True,2.149722117389033e-06,COMPLETE
224,0.41754899024963377,2025-04-12 18:32:48.786285,2025-04-12 18:33:01.298333,0 days 00:00:12.512048,0.7314352547436197,0.9244258886903857,2,0.029745467041722692,0.27005445964355257,0.09302410215815628,0.022035922136037587,0.09646360367070798,0.03097978755274724,0.043449915958487934,12,116,0.06606790109658983,0.10960087076460948,True,True,True,2.1837369868953037e-06,COMPLETE
225,0.40533540248870853,2025-04-12 18:33:01.371448,2025-04-12 18:33:13.837085,0 days 00:00:12.465637,0.6983817499825236,0.949971919064937,2,0.04730063259837865,0.275323166911541,0.09530922130903245,0.02124163756640624,0.09419466872706621,0.03317963305270934,0.0373356690356055,12,113,0.06284819957050401,0.2788145609180466,True,True,True,3.1764804384370766e-06,COMPLETE
226,0.4142540454864502,2025-04-12 18:33:13.909211,2025-04-12 18:33:25.877862,0 days 00:00:11.968651,0.7645642423961895,0.9250209512024168,2,0.032891402723636144,0.26602599684294403,0.09071650808081425,0.024299227269217676,0.09938498927293732,0.028575686730131975,0.0536152462751972,11,109,0.060715395201963875,0.28953991799998346,True,True,True,1.319161238552345e-06,COMPLETE
