number,value,datetime_start,datetime_complete,duration,params_alpha-eval,params_alpha-train,params_batch-size,params_eps-eval,params_eps-train,params_lambda-actions-eval,params_lambda-actions-train,params_lambda-frames-eval,params_lambda-frames-train,params_learning-rate,params_n-epochs,params_n-frames,params_radius-gw,params_rho,params_std-feats,params_ub-actions,params_ub-frames,params_weight-decay,state
1810,0.5716201663017273,2025-04-14 21:21:32.033126,2025-04-14 21:21:53.875983,0 days 00:00:21.842857,0.5744202867971614,0.07586746436690736,2,0.03349380443010408,0.005183774958286604,0.0789394757246187,0.06655502341724383,0.09319861044066857,0.09357354361075071,0.00045290435638012605,30,25,0.022176484028648927,0.19951708378798638,False,True,True,2.2113509184465046e-08,COMPLETE
1811,0.4224098324775696,2025-04-14 21:21:54.461975,2025-04-14 21:22:16.313711,0 days 00:00:21.851736,0.6674062066169762,0.04380619637040352,2,0.040239675071567026,0.0166755661820188,0.08187613590090811,0.06428524905136974,0.08826486754703326,0.08891006129025103,0.0002915251979700078,30,30,0.015872393980245935,0.18750844416826518,False,True,True,3.6168920533529734e-08,COMPLETE
1812,0.5981291890144349,2025-04-14 21:22:16.915370,2025-04-14 21:22:38.197397,0 days 00:00:21.282027,0.6137944695314697,0.02914769615832758,2,0.051232456417998694,0.0001475125064760844,0.08805823308861996,0.06787832828046196,0.0958474585205483,0.09104062885846054,0.0005355490781384135,29,28,0.024792178213023982,0.2084838963372178,False,True,True,4.869430116251309e-08,COMPLETE
1813,0.4537096619606018,2025-04-14 21:22:38.787468,2025-04-14 21:22:59.634225,0 days 00:00:20.846757,0.6281945861771107,0.026994131458577278,2,0.060299187418773846,0.004615612917274193,0.0882871794675416,0.07185073228688217,0.09820574252285005,0.09500931698222032,0.0005346756923885847,28,34,0.024731688601112817,0.20890797273308648,False,True,True,6.350071512541215e-08,COMPLETE
1814,0.331640350818634,2025-04-14 21:23:00.239942,2025-04-14 21:23:21.448565,0 days 00:00:21.208623,0.6506113603567956,0.025637917481727335,2,0.05476045305792387,0.001098907933887383,0.08749060982340714,0.07037938690543924,0.0980695213509845,0.0926747423835031,0.0005122110657817341,29,39,0.022722695668799208,0.20886833812457373,False,False,True,5.5176010268517134e-08,COMPLETE
1815,0.3433286964893341,2025-04-14 21:23:22.034471,2025-04-14 21:23:42.905159,0 days 00:00:20.870688,0.6350246074974902,0.02958977876760366,2,0.06080396938084405,0.00015143962709652408,0.0878449961734137,0.06874434780578229,0.09591496271943009,0.09536615778733912,0.0004912746443758702,28,32,0.018249123706805273,0.2043729188387914,True,True,True,6.838950202612451e-08,COMPLETE
1816,0.5876660466194152,2025-04-14 21:23:43.511001,2025-04-14 21:24:05.066935,0 days 00:00:21.555934,0.612705658148636,0.028583783818446604,2,0.055325569653996494,0.004994308939279307,0.0879602019164011,0.07313297768949488,0.09991839453099219,0.09019574372907635,0.0004073553625243411,29,30,0.024503027436378284,0.20784616558201124,False,True,True,4.375381289913501e-08,COMPLETE
1817,0.5095664978027344,2025-04-14 21:24:05.656033,2025-04-14 21:24:27.315324,0 days 00:00:21.659291,0.6410146477397044,0.01040943373653642,2,0.05197468078936282,0.00043454740853015103,0.08579929902718657,0.06816950419956774,0.09644723269036426,0.08817676816599673,0.0005380580852293341,30,36,0.06430617805216446,0.2102565465489725,False,True,True,4.9356535092442976e-08,COMPLETE
1818,0.5299430251121522,2025-04-14 21:24:27.902499,2025-04-14 21:24:49.368420,0 days 00:00:21.465921,0.6966467264181363,0.027560234367527886,2,0.06055995479306779,0.00043282611880977526,0.08826695582513154,0.07540494595759889,0.09555962162798867,0.09328552937442706,0.0005478402265939433,29,31,0.021160205074883018,0.20233658603547344,False,True,True,5.449377476665436e-08,COMPLETE
1819,0.19707751870155338,2025-04-14 21:24:49.995279,2025-04-14 21:25:11.410962,0 days 00:00:21.415683,0.6807245321576154,0.041205399545335517,2,0.12250046843541423,0.00034326163909968906,0.08638564832981475,0.07012973846191298,0.09826879380700411,0.09140586727098546,0.00045083431941599046,29,33,0.007326763413421599,0.20936428086669354,False,True,True,4.55679667762049e-08,COMPLETE
1820,0.5851042985916138,2025-04-14 21:25:12.016490,2025-04-14 21:25:33.884987,0 days 00:00:21.868497,0.624020740878385,0.010003776470375062,2,0.04682108612998641,0.00043688451346174037,0.0876786019891708,0.06513432619907909,0.09490692907178085,0.08888315218955806,0.000479909547749244,30,28,0.0190318935457405,0.20111979777977604,False,True,True,7.011880381167564e-08,COMPLETE
1821,0.5744113922119141,2025-04-14 21:25:34.476791,2025-04-14 21:25:55.608864,0 days 00:00:21.132073,0.658936878457338,0.04383744445034689,2,0.03901453856176369,0.006333052938903999,0.08843450607011377,0.06226486479618854,0.0960658344041438,0.0949760930059183,0.0005470381757093451,28,29,0.022903623869914246,0.2151870470662621,False,True,True,4.112787997331604e-08,COMPLETE
1822,0.5357402682304382,2025-04-14 21:25:56.225962,2025-04-14 21:26:18.102553,0 days 00:00:21.876591,0.6092218849217735,0.010584982108481012,2,0.051484961597206766,0.006153339828622739,0.08585784524336765,0.06755928318530824,0.09433767877938015,0.09112311980491496,0.0004131440033559484,30,33,0.011247356923703197,0.19728779742265906,False,True,False,6.43175565906737e-08,COMPLETE
1823,0.595678198337555,2025-04-14 21:26:18.702749,2025-04-14 21:26:39.988759,0 days 00:00:21.286010,0.6118328012503531,0.029469101797986653,2,0.03418682676990109,0.009925985773058386,0.08444185462494877,0.06581229108532052,0.09732051493810462,0.09335136356990031,0.00037510128274155345,29,28,0.014078909661205863,0.20278238690411138,False,True,True,5.075748339430434e-08,COMPLETE
1824,0.5232995629310608,2025-04-14 21:26:40.573874,2025-04-14 21:27:02.736454,0 days 00:00:22.162580,0.5964622000001732,0.04302487233961981,2,0.03418356256001928,0.010863069757865619,0.08453818980007533,0.06135446516686381,0.0989727197820632,0.09532291597877204,0.00044130769437271644,30,37,0.013563312398495586,0.2070631179453232,False,True,True,6.706620364708326e-08,COMPLETE
1825,0.4547369122505188,2025-04-14 21:27:03.343422,2025-04-14 21:27:25.314331,0 days 00:00:21.970909,0.6087258391708302,0.028595349943170624,2,0.03281362174321572,0.01154906751827177,0.08551191968678473,0.0637946776017355,0.09819168244450609,0.09536671977416149,0.00050340084101618,30,33,0.015086787731999481,0.21425866149021255,False,True,True,6.687307883319349e-08,COMPLETE
1826,0.5760287523269654,2025-04-14 21:27:25.926026,2025-04-14 21:27:48.075213,0 days 00:00:22.149187,0.599885605714333,0.04830125658187815,2,0.033331715182684636,0.010467075075201743,0.0859323351555389,0.07021936094729136,0.09741099905404497,0.09397184890435378,0.0005416662337952747,30,30,0.013457226708528072,0.20554718420807863,False,True,True,4.788069182737426e-08,COMPLETE
1827,0.5458976984024049,2025-04-14 21:27:48.661928,2025-04-14 21:28:10.130561,0 days 00:00:21.468633,0.5905591209532548,0.029979086859614104,2,0.0342151627081209,0.01666895334148278,0.08478630707268102,0.07294251202792008,0.09775558961159031,0.010118617080209918,0.0003948626878971906,29,29,0.011342634035114697,0.20978611794167581,False,True,True,5.5175528804992246e-08,COMPLETE
1828,0.5942623734474183,2025-04-14 21:28:10.745276,2025-04-14 21:28:32.585868,0 days 00:00:21.840592,0.6111473123273639,0.010458099402997103,2,0.03559312326161888,0.010445216011848902,0.08800598250652836,0.0668821385983716,0.09966730176118728,0.09555452166396664,0.0005684147769300967,30,27,0.01631136664423659,0.20424845045025145,False,True,True,6.844805484218803e-08,COMPLETE
1829,0.4415859460830689,2025-04-14 21:28:33.177268,2025-04-14 21:28:55.101295,0 days 00:00:21.924027,0.6229772311371242,0.028182907409633633,2,0.03946392003841207,0.01675066418988618,0.08772618633202381,0.06842569456069254,0.0993983666167378,0.09522770458530662,0.0004566635019787656,30,22,0.016938659651814614,0.2122235830497001,False,True,True,5.864139219497943e-08,COMPLETE
1830,0.43770269155502317,2025-04-14 21:28:55.687183,2025-04-14 21:29:17.675573,0 days 00:00:21.988390,0.6207325521625634,0.045232029134918375,2,0.032416131488470404,0.01673882392251511,0.08822662948003542,0.07101758681698286,0.09945949831065326,0.09565820823643167,0.0005428394236335628,30,25,0.016170524592909692,0.21509299004107685,False,True,True,5.0289940514651637e-08,COMPLETE
1831,0.5802972555160523,2025-04-14 21:29:18.286129,2025-04-14 21:29:40.304912,0 days 00:00:22.018783,0.6175669783445521,0.02953637885317483,2,0.03250022215923783,0.016974693264017803,0.08828381259056879,0.06815594962162223,0.09731446512420253,0.09581577163872501,0.00037121045128568885,30,27,0.016324724242531678,0.20334866462718598,False,True,True,4.399203610777361e-08,COMPLETE
1832,0.35143461227416994,2025-04-14 21:29:40.917688,2025-04-14 21:30:02.831648,0 days 00:00:21.913960,0.6362523810957861,0.05514345079085478,2,0.039682485708551186,0.011048724814268614,0.08866902796224152,0.06988329996683874,0.09946173973127574,0.09598661515859246,0.00043469712033018896,30,22,0.01804484150242701,0.21957164937724472,False,True,True,4.377417773247295e-08,COMPLETE
1833,0.35105871558189394,2025-04-14 21:30:03.425393,2025-04-14 21:30:25.070144,0 days 00:00:21.644751,0.6092771869902923,0.010684087893413352,2,0.040709827316639864,0.010107486890056862,0.08472028307953898,0.06732395682336459,0.09928606599750009,0.09314352127809433,0.0003604403614243862,30,25,0.015355351624500128,0.20965845094650595,False,False,True,5.5277011421553084e-08,COMPLETE
1834,0.3834779024124146,2025-04-14 21:30:25.656553,2025-04-14 21:30:47.761600,0 days 00:00:22.105047,0.6524249658152491,0.027684115052028047,2,0.03213323067279528,0.01746480533534544,0.08745163669978723,0.06570517923518406,0.09734524350185474,0.09570622572503837,0.0005563712683291657,30,31,0.018688589108770106,0.20625955511292898,True,True,True,6.731986741607098e-08,COMPLETE
1835,0.5882335782051087,2025-04-14 21:30:48.371693,2025-04-14 21:31:10.524289,0 days 00:00:22.152596,0.6090031204312242,0.010479766943545587,2,0.039501047685482724,0.011226282371732043,0.08667024003331564,0.06295068516887259,0.09960590594570431,0.09401510205557954,0.000459548264331011,30,27,0.016811274461229916,0.2005675783717298,False,True,True,3.723244156841698e-08,COMPLETE
1836,0.43706568479537966,2025-04-14 21:31:11.128560,2025-04-14 21:31:33.002409,0 days 00:00:21.873849,0.6322722477892242,0.05526710935820079,2,0.03233797384155764,0.009734859527068703,0.08409815714873387,0.07259982569942044,0.09713965106275277,0.09204888286248135,0.00037399279621201805,30,22,0.0148493098457013,0.20489846256651512,False,True,True,5.480907183412868e-08,COMPLETE
1837,0.18001924753189089,2025-04-14 21:31:33.613494,2025-04-14 21:31:55.575705,0 days 00:00:21.962211,0.5942583547347143,0.04476036245258537,2,0.10580913978186957,0.01667475792882937,0.08881010689381033,0.06938090435376158,0.09548463462472545,0.09603830239873501,0.0005654762261588543,30,25,0.018111289520593647,0.19779962428816017,False,True,True,4.114040327185898e-08,COMPLETE
1838,0.19931281208992005,2025-04-14 21:31:56.190515,2025-04-14 21:32:18.124879,0 days 00:00:21.934364,0.6444618738230448,0.0283711017261388,2,0.1393169660934098,0.14475201228121667,0.08263676051794051,0.06701622822880189,0.09999419618759929,0.0933176097119208,0.00044663090685053395,30,28,0.014973316517400423,0.21608933099061797,False,True,True,3.6425701327213253e-08,COMPLETE
1839,0.25222693681716923,2025-04-14 21:32:18.720332,2025-04-14 21:32:40.405166,0 days 00:00:21.684834,0.6131752377721937,0.010604625782638408,2,0.042697068422119434,0.008754054001772368,0.08489811939641172,0.06496198993771382,0.09728886820223029,0.020109872831219594,0.018892229112660603,29,31,0.013669264703970025,0.20996182547147896,False,True,True,5.115634240626282e-08,COMPLETE
1840,0.5371155977249146,2025-04-14 21:32:41.025807,2025-04-14 21:33:02.827410,0 days 00:00:21.801603,0.5911591233297531,0.010165387838271627,2,0.045413897102532574,0.01643329907071452,0.08885744058021304,0.060955711885590416,0.09773375433144914,0.028785073501604683,0.0003700076461171421,30,22,0.017404624056873708,0.1972311347065191,False,True,True,3.669740113204574e-08,COMPLETE
1841,0.5935095191001892,2025-04-14 21:33:03.427466,2025-04-14 21:33:25.490581,0 days 00:00:22.063115,0.6252420616520952,0.045324693622632424,2,0.036316344025767416,0.01082688869009872,0.08681061317553557,0.06849323968110815,0.09660206140587667,0.08935921320986658,0.00043415164038478375,30,25,0.020069974511331558,0.2021040235333508,False,True,True,4.736999317424452e-08,COMPLETE
1842,0.49122358560562135,2025-04-14 21:33:26.109286,2025-04-14 21:33:47.986146,0 days 00:00:21.876860,0.057845864917784706,0.06007117130094665,2,0.03289490379704411,0.007396429988601245,0.08360286401704127,0.06380330830769931,0.09807156021115652,0.09100458434934913,0.0003530075439793253,29,36,0.019096587103173884,0.21211650240175825,False,True,True,3.4058636241571054e-08,COMPLETE
1843,0.2523810863494873,2025-04-14 21:33:48.579913,2025-04-14 21:34:09.590824,0 days 00:00:21.010911,0.6576121346621593,0.02808360814532905,2,0.13308169426124902,0.00593762071931774,0.08645855706962548,0.0667320946846586,0.09628204270021623,0.09332998121108019,0.000539261808820676,29,28,0.01585777277446347,0.21861441066131979,False,True,False,5.282857118841365e-08,COMPLETE
1844,0.4179543614387512,2025-04-14 21:34:10.209056,2025-04-14 21:34:32.104280,0 days 00:00:21.895224,0.6059306033836316,0.07416608419673335,2,0.04405985878267608,0.01711931178585965,0.08383780964388358,0.0747563547333624,0.0946011299539676,0.069409946948497,0.00034174459619857873,30,33,0.012754582224977554,0.20482724028494956,False,True,True,3.2611729150451836e-08,COMPLETE
1845,0.5873632431030273,2025-04-14 21:34:32.697131,2025-04-14 21:34:53.911455,0 days 00:00:21.214324,0.6366936427576807,0.010464772405836726,2,0.038500310917470894,0.011365815819078714,0.0859185577487113,0.070594029063531,0.09452127959071374,0.09602853792652238,0.0004439393487681569,29,25,0.017415117950135613,0.19631600336446217,False,True,True,7.107629598156769e-08,COMPLETE
1846,0.5635244846343994,2025-04-14 21:34:54.526315,2025-04-14 21:35:16.507586,0 days 00:00:21.981271,0.5949549501012668,0.010141236053760333,2,0.03264996823284633,0.005952091615878848,0.08261478269821947,0.06507176770600967,0.09634951091009486,0.08851334006152316,0.0005244590385121859,30,30,0.02006988668804031,0.20007926201889917,False,True,True,4.650381744341106e-08,COMPLETE
1847,0.4169450283050537,2025-04-14 21:35:17.100254,2025-04-14 21:35:38.501379,0 days 00:00:21.401125,0.625086952349489,0.04301748697508062,2,0.0468443977989599,0.00026756788032293415,0.08474287230234692,0.06299512306681329,0.0986890123415835,0.09373605450267233,0.0003918252454579017,29,22,0.014223722302266397,0.2078276750328815,False,True,True,7.270393819799217e-08,COMPLETE
1848,0.5341361522674561,2025-04-14 21:35:39.118294,2025-04-14 21:36:01.176121,0 days 00:00:22.057827,0.5836185562135464,0.05692576158056679,2,0.040264749758518556,0.015981304021186426,0.08867162282415104,0.07185031190690451,0.09975038675677803,0.09116866388682708,0.00032722249929076233,30,27,0.01639052070800268,0.19621460247769676,False,True,True,2.752371259671247e-08,COMPLETE
1849,0.3763974189758301,2025-04-14 21:36:01.805534,2025-04-14 21:36:23.134808,0 days 00:00:21.329274,0.6709613868719925,0.031747607998807784,2,0.031714263448143626,0.070060553576115,0.0880337185648843,0.06801653769692122,0.09455886255014176,0.09587151368194523,0.0005876272174111792,29,21,0.02116650344063198,0.21933206001900993,False,True,True,3.936275061402901e-08,COMPLETE
1850,0.32164338827133176,2025-04-14 21:36:23.734441,2025-04-14 21:36:45.497833,0 days 00:00:21.763392,0.6120762682549841,0.04584717062710802,2,0.04337770625609625,0.00015149871220280792,0.05518291594587383,0.06615191120960653,0.0930102340850681,0.016271844630357607,0.0003721081614202755,30,24,0.004947873719321722,0.20427292378406872,False,True,True,6.818925204309791e-08,COMPLETE
1851,0.19931281208992005,2025-04-14 21:36:46.116217,2025-04-14 21:37:08.019974,0 days 00:00:21.903757,0.6501605035393261,0.07412820536835907,2,0.038594617983773616,0.09758421786609722,0.08151241973334553,0.06166433763113668,0.0970025541624953,0.0900980881823793,0.0004900067407532136,30,32,0.010196640478617937,0.19438388442689164,False,True,True,2.7624454453601488e-08,COMPLETE
1852,0.4282262444496155,2025-04-14 21:37:08.617134,2025-04-14 21:37:29.890761,0 days 00:00:21.273627,0.5788026112995515,0.3122551818902547,2,0.04884458016836811,0.01031310288534179,0.08634831425812756,0.06941133727637284,0.09330654825846818,0.09241763475856139,0.0004318947214320745,29,28,0.01845173862036407,0.2105497841103905,False,False,True,5.678510095028615e-08,COMPLETE
1853,0.3108686923980713,2025-04-14 21:37:30.516307,2025-04-14 21:37:52.399926,0 days 00:00:21.883619,0.608937174678735,0.03337458141904619,2,0.03270846654101457,0.00011154948841928292,0.0593958902197836,0.027266976808751873,0.09559885377061811,0.08830345783427178,0.000565698924272182,30,21,0.014683299209630612,0.2010216720305384,True,True,True,3.6160401975630005e-08,COMPLETE
1854,0.34444167613983157,2025-04-14 21:37:52.996182,2025-04-14 21:38:14.323467,0 days 00:00:21.327285,0.6323210295123987,0.010336164972593327,2,0.04587726840315415,0.006221467656831881,0.08894973695268694,0.09890384057929177,0.09407198696349489,0.09406369555769103,0.00033867208360574596,29,25,0.020712905281230376,0.19390231467628002,False,True,True,4.231091590829233e-08,COMPLETE
1855,0.5199764013290405,2025-04-14 21:38:14.940959,2025-04-14 21:38:36.309281,0 days 00:00:21.368322,0.5957832924557143,0.057433567251045925,2,0.03796748671767323,0.01770466452387443,0.08259420428528878,0.07692894136342945,0.0981298038768392,0.09191701652293172,0.00044502047102088047,29,30,0.013517978358650009,0.21282656729127652,False,True,True,2.946256560330403e-08,COMPLETE
1856,0.4544997930526734,2025-04-14 21:38:36.909196,2025-04-14 21:38:58.716863,0 days 00:00:21.807667,0.579353919134562,0.029512845826510373,2,0.04935502691619832,0.011304429948739229,0.08849084345475262,0.06327673176026265,0.09608070597405029,0.09013661319516741,0.0003345156560650957,30,35,0.012030949238761123,0.22516755964806984,False,True,True,4.6114252435216824e-08,COMPLETE
1857,0.2927837729454041,2025-04-14 21:38:59.334753,2025-04-14 21:39:21.231731,0 days 00:00:21.896978,0.6167065808610287,0.028559281805980535,2,0.031185478127250754,0.006529349039430842,0.0803895631526985,0.06492309518303016,0.09326130014108602,0.09561308282255639,0.0005499331436432514,30,70,0.016788829689385703,0.19461250758117066,False,True,True,7.146676588456233e-08,COMPLETE
1858,0.6008523464202882,2025-04-14 21:39:21.857445,2025-04-14 21:39:43.191283,0 days 00:00:21.333838,0.6400565203510609,0.06280502151517325,2,0.0432030603248834,0.00010882428555679651,0.08400146315670548,0.06690415526749914,0.09545789742794027,0.09384950124210466,0.00038808745845381003,29,28,0.014992880809018975,0.2043638803215594,False,True,True,3.0163784887854306e-08,COMPLETE
1859,0.44776802062988286,2025-04-14 21:39:43.793591,2025-04-14 21:40:04.978081,0 days 00:00:21.184490,0.6794013437565599,0.0736121851966682,2,0.04394307742740508,0.006884505932599167,0.08418245896198265,0.07099462812105178,0.09834505171977587,0.09564648312380479,0.0004795951867095095,29,33,0.06983567372603189,0.2015442064987466,False,True,True,2.5102429017049635e-08,COMPLETE
1860,0.49702805280685425,2025-04-14 21:40:05.602163,2025-04-14 21:40:27.049839,0 days 00:00:21.447676,0.6667337767048207,0.0742041052083585,2,0.041095541231131294,0.005033532457277676,0.08381853383940009,0.06838831208912075,0.09676675337662913,0.09586064849868957,0.02364215636168202,29,31,0.014554706230925184,0.1956615314150681,False,True,True,2.7635436628153813e-08,COMPLETE
1861,0.5070345282554627,2025-04-14 21:40:27.651146,2025-04-14 21:40:48.375868,0 days 00:00:20.724722,0.688459140205712,0.0774519536792958,2,0.0394634714894753,0.005409877609128392,0.08568007844776235,0.06971558381490718,0.09951322330722025,0.09417680102623066,0.0005769994224683762,28,39,0.01298186183917508,0.20195563108076545,False,True,False,3.760097953507029e-08,COMPLETE
1862,0.48275761604309086,2025-04-14 21:40:48.975851,2025-04-14 21:41:10.330172,0 days 00:00:21.354321,0.6540702929469197,0.07887340189088474,2,0.04553107191298905,0.004235097337852959,0.08316353396559499,0.06715631959493895,0.09484287476144548,0.09382250439183869,0.00041353616492072225,29,36,0.01563300376275424,0.1906382526948445,False,True,True,5.304519968398429e-08,COMPLETE
1863,0.5813330888748169,2025-04-14 21:41:10.949168,2025-04-14 21:41:31.972291,0 days 00:00:21.023123,0.6636483878688774,0.05888528101823133,2,0.03569317788828982,0.0005347820919061976,0.08540572328192109,0.07190058008407026,0.09655855065715518,0.09602948836177175,0.00029280966494786803,28,28,0.011091791609916338,0.20489950965533826,False,True,True,1.79230191712796e-08,COMPLETE
1864,0.5715108871459962,2025-04-14 21:41:32.599381,2025-04-14 21:41:53.995927,0 days 00:00:21.396546,0.642681423744953,0.06057340129777605,2,0.049388427208608754,0.006921743571682661,0.08657304001578392,0.06770378403823804,0.09606274456937369,0.09600702248795104,0.0003165621656879977,29,30,0.01429171050184195,0.19842731693045126,False,True,True,2.253819650114569e-08,COMPLETE
1865,0.19931281208992005,2025-04-14 21:41:54.597190,2025-04-14 21:42:16.048531,0 days 00:00:21.451341,0.6465863002302233,0.07858517498565692,2,0.03775877322196968,0.17863758790420367,0.08279916509285998,0.07405112129482336,0.09771556926334335,0.09371555456479526,0.00041674157862181635,29,35,0.01708773543856589,0.19119515474335236,False,True,True,3.03319128965232e-08,COMPLETE
