number,value,datetime_start,datetime_complete,duration,params_alpha-eval,params_alpha-train,params_batch-size,params_eps-eval,params_eps-train,params_lambda-actions-eval,params_lambda-actions-train,params_lambda-frames-eval,params_lambda-frames-train,params_learning-rate,params_n-epochs,params_n-frames,params_radius-gw,params_rho,params_std-feats,params_ub-actions,params_ub-frames,params_weight-decay,state
965,0.40773992538452153,2025-04-14 17:46:51.293649,2025-04-14 17:47:00.078094,0 days 00:00:08.784445,0.42870554661798677,0.09439300254362573,8,0.008545747835764325,0.024560451764374193,0.0981558070466725,0.05021668477570264,0.07545542647700125,0.09641556172310077,0.0034845746591949042,24,24,0.0897200368561655,0.11921091341459963,False,True,True,1.9567501673776839e-07,COMPLETE
966,0.27104074954986573,2025-04-14 17:47:00.389012,2025-04-14 17:47:09.263037,0 days 00:00:08.874025,0.47106393836872285,0.5551088055053355,8,0.0004678541363956172,0.03249787115531675,0.09998208505655416,0.04527255071566465,0.07271195740221018,0.09807188048909957,0.02603260608778234,25,16,0.08513932616343967,0.11098967642449625,False,True,True,1.1517211637091058e-07,COMPLETE
967,0.3984529376029968,2025-04-14 17:47:09.579483,2025-04-14 17:47:18.438224,0 days 00:00:08.858741,0.3943412795333675,0.13525790759159625,8,0.008896809294327427,0.024423642143468923,0.09609769510890578,0.04843676273816458,0.07721445620753623,0.09523945214499314,0.004090418702887352,24,21,0.0915204242097854,0.12505378803011458,False,True,True,1.579955794835796e-07,COMPLETE
968,0.5774412751197815,2025-04-14 17:47:18.757077,2025-04-14 17:47:27.551729,0 days 00:00:08.794652,0.4593022223386263,0.1042796024402545,8,0.009113128880606192,0.03026218153845438,0.09986094346683806,0.04662805856729423,0.07434664985065659,0.09776664450409156,0.00293539431371272,24,24,0.08796115854737349,0.1090870786734855,False,True,True,2.5775435803379484e-07,COMPLETE
969,0.35423681735992435,2025-04-14 17:47:27.853621,2025-04-14 17:47:36.645099,0 days 00:00:08.791478,0.4619541310202509,0.1297905175061091,8,0.005894929491456032,0.027991563539509157,0.09839657829997059,0.050644793105500636,0.07115359599760503,0.09791456906442267,0.0034326473569555264,24,25,0.0902948054703145,0.11877142988190022,False,True,True,2.1216123310194853e-07,COMPLETE
970,0.30410107374191286,2025-04-14 17:47:36.960649,2025-04-14 17:47:45.694881,0 days 00:00:08.734232,0.4499390129712695,0.08233103068645087,8,0.0005156327504934315,0.03150958455673619,0.09917046014065428,0.046901033895727015,0.07281081075009023,0.09734747551640725,0.0033113367056620737,24,26,0.08849388448104864,0.1109131682658222,False,True,True,2.5177804355604096e-07,COMPLETE
971,0.27916139960289005,2025-04-14 17:47:46.009264,2025-04-14 17:47:54.944934,0 days 00:00:08.935670,0.45584717877439596,0.9441837971844596,8,0.009247166212509811,0.024719688463670463,0.09986882156679229,0.011447077313725545,0.07385348287380769,0.09784870165133089,0.003062677348291551,24,82,0.0918930341938746,0.1269367007469232,False,True,True,1.3687024322351888e-07,COMPLETE
972,0.27596914768218994,2025-04-14 17:47:55.257462,2025-04-14 17:48:03.966302,0 days 00:00:08.708840,0.4828761977446624,0.11269715497843502,8,0.20266092214314865,0.024850623749230083,0.09977294731391866,0.044714346430204124,0.07459732765078808,0.09563578558774477,0.004431463193387633,23,26,0.08790213513490285,0.12212464200701514,False,True,True,1.7043037875919745e-07,COMPLETE
973,0.5629825592041016,2025-04-14 17:48:04.287055,2025-04-14 17:48:13.135984,0 days 00:00:08.848929,0.4289613313976297,0.08816641792996532,8,0.00583138797752554,0.030415441002552526,0.09752331617619411,0.050897874767156834,0.07113435269830208,0.09772828344353851,0.002795226244053686,24,23,0.09014095948923213,0.11661786876615997,False,True,True,2.8152140660240646e-07,COMPLETE
974,0.33045356869697573,2025-04-14 17:48:13.438344,2025-04-14 17:48:22.041864,0 days 00:00:08.603520,0.4304854793992738,0.07728914793739072,8,0.004983229342991646,0.024379761189757012,0.09641424758047995,0.049783323669697246,0.07063863759447618,0.09778480388693694,0.00394901245233988,23,18,0.09275687646773231,0.12760879541993936,False,False,True,2.77574697582126e-07,COMPLETE
975,0.26792594194412234,2025-04-14 17:48:22.358721,2025-04-14 17:48:31.406413,0 days 00:00:09.047692,0.4313808023123606,0.08838267522555551,8,0.005724869835647313,0.031163362532671678,0.09989459357472753,0.05070265139982262,0.07160130567133974,0.09656566254995194,4.5338495098708645e-05,25,21,0.09048171090148466,0.12028655364355469,True,True,True,2.703197901290329e-07,COMPLETE
976,0.3072035193443298,2025-04-14 17:48:31.721426,2025-04-14 17:48:40.606170,0 days 00:00:08.884744,0.47424885453242105,0.07546727860309556,8,0.005803479922841603,0.1283027403971519,0.09702795905000947,0.050698256760188534,0.07072474390537754,0.0975203991596145,0.002976771560848605,24,24,0.09281453385498323,0.1257563729967482,False,True,True,3.6953234934970004e-07,COMPLETE
977,0.36470243930816654,2025-04-14 17:48:40.923393,2025-04-14 17:48:49.537901,0 days 00:00:08.614508,0.44597412387780755,0.07823185950551134,8,0.010608401091370605,0.02472120361190705,0.09626617011183689,0.04586560747352237,0.07111444053142281,0.09784375228372955,0.004664181055254278,23,20,0.0907455630723273,0.1178287566849428,False,True,True,3.1117477803811534e-07,COMPLETE
978,0.3348439931869507,2025-04-14 17:48:49.862377,2025-04-14 17:48:58.798928,0 days 00:00:08.936551,0.4604769209791528,0.09657689591246355,8,0.0004756992123862609,0.030448863977196195,0.09431970044386574,0.05108985175779798,0.07415768699399074,0.09807859283986882,0.0037060824203074974,25,27,0.0896354180845363,0.12818177961575042,False,True,True,2.1485450874101205e-07,COMPLETE
979,0.401522159576416,2025-04-14 17:48:59.102509,2025-04-14 17:49:07.882205,0 days 00:00:08.779696,0.4313730121101853,0.07101845451627825,8,0.008971786212261563,0.0297809281404038,0.09755669792424412,0.047668022020026346,0.07557034503910615,0.09498461776438069,0.002888302283632136,24,22,0.09267472645192887,0.1283232079489348,False,True,True,2.3445766307953273e-07,COMPLETE
980,0.3353057980537415,2025-04-14 17:49:08.197054,2025-04-14 17:49:16.976654,0 days 00:00:08.779600,0.4862405994305128,0.09270745527579333,8,0.0006675805818506684,0.03554667212028799,0.09506308188009602,0.04412042857352462,0.07218681662879575,0.0958575809391173,0.002938982491155594,24,27,0.08980068778661343,0.11232072219314468,False,True,True,4.0918814069428506e-07,COMPLETE
981,0.19931281208992005,2025-04-14 17:49:17.294767,2025-04-14 17:49:25.990289,0 days 00:00:08.695522,0.41530148098116015,0.0819298900096185,8,0.009127335450680334,0.024546015189662287,0.09993443189771971,0.048821271224857146,0.07586124718738539,0.09893955912799508,0.0030382854301237855,23,99,0.09268665150256578,0.11835194655097855,False,True,True,3.478634760056214e-07,COMPLETE
982,0.3260267734527588,2025-04-14 17:49:26.308558,2025-04-14 17:49:35.247176,0 days 00:00:08.938618,0.4401472773590771,0.9985338033850806,8,0.011842223419405433,0.02307880382836805,0.0973110411511315,0.045277016716183664,0.07052895765653844,0.09446196358184458,0.004004656544010998,26,17,0.08837162455110507,0.12249269077619312,False,True,False,1.8929439327424385e-07,COMPLETE
983,0.55795396566391,2025-04-14 17:49:35.568687,2025-04-14 17:49:44.569278,0 days 00:00:09.000591,0.47695748588885034,0.10632410088729718,8,0.005912438902528416,0.03083615073678793,0.0943769529448214,0.051445573900227484,0.0733800016600169,0.09636355505897752,0.0025356803882556744,25,24,0.09136402157678018,0.10859540790828068,False,True,True,2.8537599309753135e-07,COMPLETE
984,0.4069834232330322,2025-04-14 17:49:44.890196,2025-04-14 17:49:53.892499,0 days 00:00:09.002303,0.48521281149728634,0.11813775570648509,8,0.007023758557030931,0.03437660256888318,0.09558355427147046,0.050294879645043936,0.07353056792342424,0.09676080171450543,0.005071407349127435,25,19,0.09091438581978455,0.10114578869965042,False,True,True,2.83634066296359e-07,COMPLETE
985,0.4125263333320618,2025-04-14 17:49:54.198710,2025-04-14 17:50:03.142764,0 days 00:00:08.944054,0.45999885442743543,0.10680415497677656,8,0.001085358147744327,0.031742019257889255,0.09765169724501602,0.05151676045726673,0.07237393215169072,0.09837586216831447,0.003684114830989608,25,22,0.09020423668772411,0.10965628768716042,False,True,True,4.086297401537814e-07,COMPLETE
986,0.5279742240905763,2025-04-14 17:50:03.460046,2025-04-14 17:50:12.411104,0 days 00:00:08.951058,0.857952684205267,0.11496445481570933,8,0.0052454201087083355,0.036617332076368546,0.09425321195575201,0.051821475082040755,0.07078616749847846,0.09705551327205889,0.002877964188648452,25,24,0.08723878209098664,0.10706632838866192,False,True,True,2.7253965341046406e-07,COMPLETE
987,0.35073578357696533,2025-04-14 17:50:12.731664,2025-04-14 17:50:21.750038,0 days 00:00:09.018374,0.4231455053598714,0.38346288498626335,8,0.00492933143679832,0.028619104702435637,0.0961154744373481,0.04880593942466731,0.07467100112448971,0.09889271608059838,0.0027222433315070706,26,20,0.08898704736649504,0.1147074558900462,False,True,True,2.4992757494685303e-07,COMPLETE
988,0.40348875522613525,2025-04-14 17:50:22.069130,2025-04-14 17:50:31.032754,0 days 00:00:08.963624,0.47746732273130604,0.09878414168644248,8,0.00021256618280799354,0.02966026447167902,0.09425882844930468,0.05121652065553675,0.07269651530490738,0.09534363847816832,0.0034715103073219315,25,16,0.09179562586774472,0.1099989122524352,False,True,True,3.229466191205816e-07,COMPLETE
989,0.5451669216156007,2025-04-14 17:50:31.358948,2025-04-14 17:50:40.182313,0 days 00:00:08.823365,0.4514243174656522,0.09705891779151722,8,0.011993542907112298,0.03645747330927486,0.09771528146483932,0.04896384781819098,0.07816843680923374,0.09555890204239957,0.0025124572019919805,24,24,0.08654686213482203,0.09831263307535218,False,True,True,2.066384527681838e-07,COMPLETE
990,0.665296196937561,2025-04-14 17:50:40.489556,2025-04-14 17:50:49.582255,0 days 00:00:09.092699,0.4398136028029691,0.13567282017347881,8,0.010786280700922624,0.02360995303420679,0.09616147721027897,0.0426790814124141,0.07546570860223059,0.09425517101293031,0.0026355406937466786,26,22,0.08927245923705042,0.1010319193554714,False,True,True,2.5384213846982956e-07,COMPLETE
991,0.19931281208992005,2025-04-14 17:50:49.903229,2025-04-14 17:50:58.986736,0 days 00:00:09.083507,0.41207500301326944,0.13616878623249495,8,0.012802149992891724,0.02211689060369538,0.09803992149480391,0.04096480976592327,0.07630120052395342,0.09367198774634782,0.0031865907172941004,26,116,0.08747260353474319,0.09883040261709776,False,True,True,1.677053305410436e-07,COMPLETE
992,0.28651207089424136,2025-04-14 17:50:59.309243,2025-04-14 17:51:08.392065,0 days 00:00:09.082822,0.43619500934687944,0.7737879400044837,8,0.00030962992861794953,0.0232405990648308,0.096014620340638,0.04214183089169879,0.08000498192335065,0.0943345873072258,0.0026677588647872346,26,15,0.08604461430325287,0.08654423222538449,False,True,True,1.8693839015633458e-07,COMPLETE
993,0.3687682867050171,2025-04-14 17:51:08.723745,2025-04-14 17:51:17.817810,0 days 00:00:09.094065,0.41605180127707075,0.15524326755021023,8,0.011841018572037789,0.022107329498760937,0.09798231128507291,0.038151485552499344,0.0780703799434243,0.09423008936881544,0.003911412576289145,26,18,0.08861239932256333,0.11952510671951476,False,True,True,9.9867759001619e-08,COMPLETE
994,0.2919773459434509,2025-04-14 17:51:18.144382,2025-04-14 17:51:27.250407,0 days 00:00:09.106025,0.43629745747664167,0.13077557434143106,8,0.011962648713002597,0.02782638117566922,0.09976591187809902,0.04205841170992166,0.07557879136321394,0.09816637161643206,0.0021484787028188917,26,13,0.08879967842711263,0.10799123120204385,True,False,True,1.5312563681188936e-07,COMPLETE
995,0.692587697505951,2025-04-14 17:51:27.580002,2025-04-14 17:51:36.886474,0 days 00:00:09.306472,0.40933777917811864,0.12209492589343499,8,0.007829346889400176,0.02304017530287635,0.09996674802125044,0.04364454150426497,0.07698470605390509,0.09464720924376434,0.0026859647581965176,27,20,0.08664147941394987,0.12369589179843138,False,True,True,2.3179239434561426e-07,COMPLETE
996,0.3679121732711792,2025-04-14 17:51:37.198280,2025-04-14 17:51:46.397623,0 days 00:00:09.199343,0.40577591049295725,0.12972841033563987,8,0.012625708796900953,0.023071734538274477,0.09961112965159805,0.039895114375568835,0.07927851379485228,0.09348715275873308,0.002516583798115519,27,18,0.08484284274958336,0.10121261985374216,False,True,True,3.2356183822204303e-07,COMPLETE
997,0.4039626002311707,2025-04-14 17:51:46.721080,2025-04-14 17:51:55.922210,0 days 00:00:09.201130,0.400739224545256,0.14076380208487121,8,0.014080517521230063,0.023693562283827494,0.09797010315956922,0.042270248104943516,0.08165164006740507,0.09482834536786422,0.002237020635521146,27,12,0.08390272826474476,0.10054407348404006,False,True,True,4.571869083461416e-07,COMPLETE
998,0.3312180995941162,2025-04-14 17:51:56.247386,2025-04-14 17:52:05.494149,0 days 00:00:09.246763,0.3969728500813051,0.1610812865101024,8,0.00841151440403055,0.10293412644451558,0.09745126962810838,0.04328269691654625,0.07793661727208977,0.09597149642441374,0.0034103621076640965,27,17,0.08575997974774535,0.09178099460380662,False,True,True,1.159722901586084e-07,COMPLETE
999,0.19931281208992005,2025-04-14 17:52:05.819845,2025-04-14 17:52:15.012858,0 days 00:00:09.193013,0.42064733603837773,0.13903307799878956,8,0.01417686926744021,0.14678514478132704,0.09965247991813318,0.04043174465049427,0.07964090036047347,0.09402622185639119,0.0021878955325436837,27,21,0.08648622823767782,0.0923291694805139,False,True,True,2.12872357569303e-07,COMPLETE
1000,0.29848836660385136,2025-04-14 17:52:15.338892,2025-04-14 17:52:21.846611,0 days 00:00:06.507719,0.39638674331649115,0.15314071519965713,8,0.007636696624192937,0.021540938674864903,0.09808365119293125,0.0363866306701254,0.07664156508540318,0.09404712524682497,0.0020497776088094877,8,14,0.08749695395190743,0.12935934069634084,False,True,True,2.39116066791396e-07,COMPLETE
1001,0.4066693186759949,2025-04-14 17:52:22.176627,2025-04-14 17:52:31.458054,0 days 00:00:09.281427,0.41815000537948166,0.12309487066047434,8,0.013996381935932379,0.03520816144277646,0.0966035514079275,0.044293324834671674,0.07697727645999254,0.09889928458613795,0.012499265249548896,27,10,0.08294526359336549,0.12574100061782295,False,True,True,8.743855410902999e-08,COMPLETE
1002,0.49732527732849124,2025-04-14 17:52:31.769875,2025-04-14 17:52:40.852180,0 days 00:00:09.082305,0.4303835955472208,0.14198548163644756,8,0.006411989196141697,0.021545511400772054,0.09986446961203717,0.042102491564035345,0.07868564609947516,0.09691046782803035,0.002535834895596653,26,20,0.08407098145528974,0.10413897096646493,False,True,True,1.776602747636696e-07,COMPLETE
1003,0.23108417987823487,2025-04-14 17:52:41.178517,2025-04-14 17:52:49.559040,0 days 00:00:08.380523,0.4498853286202283,0.11773686601170759,8,0.0001676196632746027,0.029095171433110488,0.09645020207412364,0.03912603431442464,0.07522703707694842,0.09356420954671309,0.003258112104065598,22,20,0.08703111445903008,0.1296293505181878,False,True,False,1.2315645662012244e-07,COMPLETE
1004,0.5598877906799317,2025-04-14 17:52:49.881868,2025-04-14 17:52:59.217865,0 days 00:00:09.335997,0.4213970098892162,0.1650069138329314,8,0.01496662290143212,0.03662133490498422,0.029717421906535493,0.04384871735835855,0.08099614433567721,0.09341529525497297,0.0021021433113768482,27,22,0.0887930687401342,0.12334845639452631,False,True,True,9.428409210317619e-08,COMPLETE
1005,0.3714575648307801,2025-04-14 17:52:59.547411,2025-04-14 17:53:08.752149,0 days 00:00:09.204738,0.41382150899202796,0.16196056046427584,8,0.009080003389394298,0.03880641973143801,0.022868894904960215,0.04328733911959649,0.08242214559775277,0.093327528937159,0.002697623451929945,27,5,0.08906575269886925,0.11466438363177313,False,True,True,7.72089326356486e-08,COMPLETE
1006,0.39558603763580324,2025-04-14 17:53:09.084105,2025-04-14 17:53:18.299694,0 days 00:00:09.215589,0.40176929968275854,0.16427383525321146,8,0.014046590843213485,0.03409001236045408,0.09797770118818205,0.04118472891875774,0.07556617761580585,0.09534729703938122,0.0020910278452446873,27,18,0.08605298401302454,0.11912405495769463,False,True,True,9.88138474327898e-08,COMPLETE
1007,0.344967246055603,2025-04-14 17:53:18.631748,2025-04-14 17:53:27.790634,0 days 00:00:09.158886,0.3914274017817037,0.20351407449988904,8,0.015509677070442858,0.03958080880443119,0.02880568882718168,0.044811156729276096,0.0806573037592459,0.09362494933032517,0.003007912157384536,27,15,0.08908498964671563,0.12305581576348837,False,True,True,1.0515405297619026e-07,COMPLETE
1008,0.19931281208992005,2025-04-14 17:53:28.104298,2025-04-14 17:53:37.441800,0 days 00:00:09.337502,0.4298004308082373,0.14378607921182368,8,0.00986665160202363,0.03642841147502623,0.04228286688130142,0.043065311529843664,0.07704041724053728,0.09582411896797567,0.002316189797358162,27,143,0.03090465955096877,0.11657945946311087,False,True,True,7.200308202941248e-08,COMPLETE
1009,0.4208421587944031,2025-04-14 17:53:37.770365,2025-04-14 17:53:46.833804,0 days 00:00:09.063439,0.4273550759183061,0.1862548911469129,8,0.015523912848251633,0.03173664905938395,0.025660217582217853,0.039514463539084624,0.0746557854212682,0.09857509246097101,0.004628072345836589,26,21,0.08785532247351716,0.11221766440963007,False,True,True,1.151206977700666e-07,COMPLETE
1010,0.5474829196929932,2025-04-14 17:53:47.160766,2025-04-14 17:53:56.492294,0 days 00:00:09.331528,0.45752984918245304,0.18024643025763054,8,0.0075701352148760245,0.042324360037674646,0.01878322155208293,0.04539067342715102,0.07644353403292342,0.09310791599043007,0.0021306796161142537,27,23,0.089905046749406,0.1234325574829549,False,True,True,7.987742063585244e-08,COMPLETE
1011,0.19931281208992005,2025-04-14 17:53:56.823416,2025-04-14 17:54:05.837066,0 days 00:00:09.013650,0.3888479728080381,0.18660499343975973,8,0.00529696910002918,0.2986327152677507,0.09333243672979046,0.04331610397110336,0.0778807206619934,0.09667081438024933,0.003842640761479992,26,19,0.08536383068340501,0.1045487765415537,False,True,True,1.361989253533161e-07,COMPLETE
1012,0.4068609595298767,2025-04-14 17:54:06.165465,2025-04-14 17:54:15.367937,0 days 00:00:09.202472,0.4079041947529306,0.1704942308696967,8,0.014944428105937074,0.03621334020540496,0.09566009733773143,0.043716091358094525,0.08341963099738922,0.09420899537496268,0.002805978844121741,26,17,0.04131377968665958,0.1226735032805333,False,True,True,1.4548030246815883e-07,COMPLETE
1013,0.32497730255126955,2025-04-14 17:54:15.701537,2025-04-14 17:54:24.937244,0 days 00:00:09.235707,0.4447655440228414,0.13690621216136498,8,0.00021307948959517486,0.028652587930842546,0.04413194319161412,0.04117982332352316,0.07976640879305301,0.007562438717184601,0.0020068195252107325,27,22,0.09126462834415863,0.11358616809702486,False,True,True,1.7043917207251676e-07,COMPLETE
1014,0.549359405040741,2025-04-14 17:54:25.249287,2025-04-14 17:54:34.401245,0 days 00:00:09.151958,0.45847099431137506,0.15309500602722909,8,0.010222211316868011,0.04543311182314305,0.09995988801648471,0.045575143983226374,0.07424238225729539,0.09297705819395756,0.002506942147353236,26,24,0.08726794080096781,0.094883241305594,False,True,True,8.9525365473147e-08,COMPLETE
1015,0.312899923324585,2025-04-14 17:54:34.728300,2025-04-14 17:54:43.743749,0 days 00:00:09.015449,0.4228708427865324,0.14744673246136078,8,0.016856292797100523,0.033703591008426015,0.03155646480784825,0.038484640600973494,0.0741175815464451,0.09710958421580164,0.0019263143389908553,26,22,0.08982515878598919,0.1280687667935895,True,False,True,3.5549380643175536e-07,COMPLETE
1016,0.39903061389923095,2025-04-14 17:54:44.068679,2025-04-14 17:54:53.128744,0 days 00:00:09.060065,0.4352331140035952,0.19549567425613812,8,0.00013941437658832653,0.027379605196562306,0.096500999665329,0.04572104751350642,0.07780695036195635,0.09534410254328722,0.0033051536449660943,26,20,0.08776673460443678,0.1179446247473434,False,True,True,2.471884530548406e-07,COMPLETE
1017,0.4069174528121948,2025-04-14 17:54:53.458114,2025-04-14 17:55:02.641759,0 days 00:00:09.183645,0.3903658800614675,0.16815337971637467,8,0.009526261075508,0.03913262217744445,0.09295726440567198,0.04152919939008871,0.08105327773383167,0.09272691839648785,0.0023656678425056496,27,16,0.09218298087936044,0.1255833923384893,False,True,True,6.759875718275392e-08,COMPLETE
1018,0.4349623680114746,2025-04-14 17:55:02.974153,2025-04-14 17:55:12.223797,0 days 00:00:09.249644,0.41102309807171356,0.12192214372043728,8,0.016255958231581723,0.02663721613667873,0.09979950374205596,0.04374052047462453,0.0748934242164178,0.09845551585965033,0.0018917428276518482,27,26,0.08575496638084615,0.10790770091446407,False,True,True,1.0006877595614377e-07,COMPLETE
1019,0.40285168886184697,2025-04-14 17:55:12.559068,2025-04-14 17:55:21.855367,0 days 00:00:09.296299,0.4670115169374041,0.2926529148413943,8,0.07537523212018327,0.03302380315875631,0.09415824258888192,0.046287600851031,0.07054203005116397,0.09422104004326413,0.008281194785828998,27,26,0.09017894973911682,0.13078905172135882,False,True,True,1.9689973778773415e-07,COMPLETE
1020,0.45059272050857546,2025-04-14 17:55:22.171530,2025-04-14 17:55:31.226193,0 days 00:00:09.054663,0.43878974106693713,0.13594960361170286,8,0.006537420113545696,0.042398661612324376,0.09771604106491619,0.045009842074162865,0.07702329521466454,0.09611405674262419,0.002876554324777615,26,22,0.08374553490065018,0.11634577511283743,False,True,True,1.3766306747524725e-07,COMPLETE
1021,0.20580353736877444,2025-04-14 17:55:31.556754,2025-04-14 17:55:40.256910,0 days 00:00:08.700156,0.4892522873861192,0.1130628242138233,8,0.016424077386854877,0.022965901234723998,0.03409908809809303,0.04643487805769684,0.07235291190424689,0.09289705126999961,0.002272216047631818,24,13,0.08848198956865397,0.12223069933746009,False,True,False,5.978494462376177e-08,COMPLETE
