number,value,datetime_start,datetime_complete,duration,params_alpha-eval,params_alpha-train,params_batch-size,params_eps-eval,params_eps-train,params_lambda-actions-eval,params_lambda-actions-train,params_lambda-frames-eval,params_lambda-frames-train,params_learning-rate,params_n-epochs,params_n-frames,params_radius-gw,params_rho,params_std-feats,params_ub-actions,params_ub-frames,params_weight-decay,state
225,0.49759689569473264,2025-04-14 15:53:02.532714,2025-04-14 15:53:10.205125,0 days 00:00:07.672411,0.3471903917350081,0.16249892367831437,16,0.02128682610990846,0.02649684250800606,0.08147945783682525,0.053849364734261024,0.027445477301729,0.09984792058624956,0.00019393168781199773,28,28,0.0010710321281547498,0.10474873863165043,False,True,True,6.355882106745861e-06,COMPLETE
226,0.49809837341308594,2025-04-14 15:53:10.279131,2025-04-14 15:53:17.962457,0 days 00:00:07.683326,0.34384337035804036,0.16904966454583226,16,0.022453015593022947,0.026909678094995497,0.08205438023560142,0.05357130992778972,0.028658046713129947,0.09826170619373568,0.0001914418874687512,28,28,0.0012670245934784312,0.10531162690617979,False,True,True,6.3650573461878816e-06,COMPLETE
227,0.4990432858467102,2025-04-14 15:53:18.045456,2025-04-14 15:53:25.762426,0 days 00:00:07.716970,0.344514949921773,0.1585798556218685,16,0.0232803598080231,0.02661072308226266,0.0814429021259235,0.05359747889199631,0.027249860985188615,0.09963972645071645,0.00019993021710786122,28,34,0.0011948097111781257,0.09902604482105652,False,True,True,7.048527192666411e-06,COMPLETE
228,0.4912082314491273,2025-04-14 15:53:25.835767,2025-04-14 15:53:33.551895,0 days 00:00:07.716128,0.3455520503449758,0.1658542089801398,16,0.012607187446577472,0.02491137693850568,0.08093447912551045,0.05345998546861697,0.027626353665090222,0.09973906114651178,0.00020858135634398777,28,35,0.0010926758494144524,0.09988735960474934,False,True,True,6.989120563283381e-06,COMPLETE
229,0.48723804950714117,2025-04-14 15:53:33.624412,2025-04-14 15:53:41.370014,0 days 00:00:07.745602,0.3528362506677369,0.16921165851096132,16,0.01105741273816879,0.025852025403076233,0.08152672905113251,0.05409677809213206,0.03177671377328673,0.09998300565937267,0.00020680609852023914,28,36,0.0013555857705984775,0.0966340069376648,False,True,True,6.890645807947541e-06,COMPLETE
230,0.4939118027687073,2025-04-14 15:53:41.444188,2025-04-14 15:53:49.140351,0 days 00:00:07.696163,0.34917665123354846,0.17645156002063628,16,0.011543623899617774,0.02460432773641473,0.08083168063552715,0.05289131165232028,0.028032730094966936,0.09941250770808384,0.00020979408193475278,28,41,0.0013858459070009445,0.09786920803759973,False,True,True,6.877515363229421e-06,COMPLETE
231,0.49093106985092166,2025-04-14 15:53:49.215042,2025-04-14 15:53:56.927818,0 days 00:00:07.712776,0.3413445878370724,0.1759606266120186,16,0.013335824221299903,0.024868576437141743,0.0794308350532497,0.05290779665014349,0.03147934890007399,0.09992337683862305,0.00022608486369975284,28,38,0.0011444893667464978,0.09754242163629888,False,True,True,6.865015089788101e-06,COMPLETE
232,0.4817968726158142,2025-04-14 15:53:57.001176,2025-04-14 15:54:04.718043,0 days 00:00:07.716867,0.3453234824661901,0.17566890362703208,16,0.01298386074818133,0.024224994302134335,0.07950017311700523,0.05322371362364535,0.031728906439926874,0.09949812916024663,0.00020908410069064235,28,39,0.0010011471978574938,0.10145880172863693,False,True,True,6.93133456241752e-06,COMPLETE
233,0.4897155284881592,2025-04-14 15:54:04.802435,2025-04-14 15:54:12.453486,0 days 00:00:07.651051,0.34490294390612786,0.17132620914026434,16,0.010877767037392556,0.02536628794850316,0.08042808001591827,0.053303585283369,0.03144903567259631,0.09986308544695083,0.00021392596940343966,28,38,0.001003179753520031,0.09840846556123196,False,True,True,6.783489273099325e-06,COMPLETE
234,0.47736688852310183,2025-04-14 15:54:12.529708,2025-04-14 15:54:20.203989,0 days 00:00:07.674281,0.34181625200879195,0.17565204798218875,16,0.01093455111848292,0.024861826881782078,0.0801055825497108,0.05316254752276032,0.031897803620970513,0.09987288149233284,0.00021392138295621847,28,40,0.001126165314035805,0.10222413062832839,False,True,True,7.030913452329453e-06,COMPLETE
235,0.4760860800743103,2025-04-14 15:54:20.278827,2025-04-14 15:54:27.949728,0 days 00:00:07.670901,0.3711018261153781,0.1608273906032596,16,0.012894688934265552,0.025768599677127302,0.08246003680138161,0.049222552466101,0.02790871897244225,0.09963703145790276,0.0002162563549126145,28,39,0.0011518750167562473,0.0956549183303478,False,True,True,1.1000164039424818e-05,COMPLETE
236,0.4745378971099854,2025-04-14 15:54:28.027580,2025-04-14 15:54:35.283469,0 days 00:00:07.255889,0.3206115701974508,0.17042142416566264,16,0.010056335508296715,0.024926012917139813,0.07848917802614047,0.05825869781195514,0.03156308611073905,0.09995678989438223,0.00018821502914552016,23,42,0.0010848730102574556,0.10384907428898008,False,True,True,8.911017971936722e-06,COMPLETE
237,0.4918132781982423,2025-04-14 15:54:35.359271,2025-04-14 15:54:43.018598,0 days 00:00:07.659327,0.3584528282870468,0.17683771250337718,16,0.014977384358265578,0.01634924702132707,0.08191234357600716,0.05502936442917385,0.03462487894671849,0.09984507692895188,0.00022615058045456424,28,37,0.00116108069044514,0.10623636429694049,False,True,True,6.770181958111811e-06,COMPLETE
238,0.4880165338516236,2025-04-14 15:54:43.095702,2025-04-14 15:54:50.808148,0 days 00:00:07.712446,0.3518383652832969,0.14921139084015694,16,0.021079645969963562,0.016116375739340168,0.08218388701782511,0.05574759886726586,0.02686007054384457,0.09949037391614882,0.00022654749070771547,28,36,0.0037673217571597196,0.10664020567036236,False,True,True,6.2771006164064396e-06,COMPLETE
239,0.4985036253929138,2025-04-14 15:54:50.893484,2025-04-14 15:54:58.542423,0 days 00:00:07.648939,0.3625214036222598,0.15298400682160304,16,0.016458516475601183,0.015112745996425453,0.08194127456941419,0.055312780161067804,0.0360118142599026,0.09991987579427926,0.0002808576634616692,28,36,0.00390573612261365,0.1075179759122149,False,True,True,1.1842116695510712e-05,COMPLETE
240,0.48391916751861574,2025-04-14 15:54:58.619597,2025-04-14 15:55:06.304064,0 days 00:00:07.684467,0.35940421334044786,0.15530254827259474,16,0.006679010199424849,0.016837662489638174,0.08220445572465579,0.05527239918227991,0.026992039591414392,0.09972142438787202,0.0002809208797445444,28,36,0.0036856242013336322,0.10594888867790835,False,True,True,1.2741727103715262e-05,COMPLETE
241,0.50324627161026,2025-04-14 15:55:06.380622,2025-04-14 15:55:14.091452,0 days 00:00:07.710830,0.32336634963286637,0.14714868549363708,16,0.01709033478142717,0.014729091943074873,0.08162171834814631,0.057332663240435844,0.03593297173175799,0.09984211757477993,0.0002363542371166778,28,45,0.003499538673928204,0.10780695459954849,False,True,True,6.289322314796742e-06,COMPLETE
242,0.5086309432983399,2025-04-14 15:55:14.168754,2025-04-14 15:55:21.843251,0 days 00:00:07.674497,0.397383971892636,0.18213747287480045,16,0.01789493239254162,0.014927188697924289,0.08050946388865168,0.05826414649057023,0.0342790146382132,0.09997159467402326,0.00025171273390418094,28,44,0.0013465253615019257,0.10726627699234394,False,True,True,6.283815755907394e-06,COMPLETE
243,0.5017849087715149,2025-04-14 15:55:21.919155,2025-04-14 15:55:29.655909,0 days 00:00:07.736754,0.3300472095768847,0.1796610686541657,16,0.015392784949023198,0.014822440441930936,0.08106043395739054,0.057498584824236525,0.03620482378946551,0.09991879375015973,0.00023004910822320394,28,44,0.001444209865378037,0.10738266446345122,False,True,True,6.309352212281284e-06,COMPLETE
244,0.5062469840049744,2025-04-14 15:55:29.738508,2025-04-14 15:55:37.414217,0 days 00:00:07.675709,0.40163557736314814,0.1925613434124078,16,0.017816090037354588,0.013574838106697901,0.08341305088077813,0.05779575053896029,0.03679165977044148,0.09999871722275165,0.00024647917662431356,28,45,0.0010260890939540691,0.10707090270832177,False,True,True,5.946960221633323e-06,COMPLETE
245,0.5113477230072022,2025-04-14 15:55:37.500973,2025-04-14 15:55:45.320348,0 days 00:00:07.819375,0.39152000381703816,0.21379106954877236,16,0.01632491714243542,0.013640070241601292,0.08367569553330853,0.057625228388961995,0.03537235950332187,0.0973861122986736,0.00027316735358287673,29,43,0.0013063053285584248,0.10786284441793399,False,True,True,1.0069706673098514e-05,COMPLETE
246,0.4984004974365235,2025-04-14 15:55:45.399576,2025-04-14 15:55:53.273442,0 days 00:00:07.873866,0.3999429382628352,0.21753732288506128,16,0.017598873260530827,0.005377769549221752,0.08426962288060239,0.05762987554845677,0.035713808168319684,0.09651807729770268,0.00026577195107028263,29,44,0.003975042690346362,0.1197384520203972,False,True,True,8.920654895852369e-06,COMPLETE
247,0.3806418538093567,2025-04-14 15:55:53.351469,2025-04-14 15:56:01.226125,0 days 00:00:07.874656,0.40041501864880097,0.21957334847366122,16,0.016238688155319612,0.013301216812467098,0.08360160748125874,0.05988196045922435,0.03781190751881653,0.09646455220296668,0.0002906674345003461,29,52,0.0010316742710269951,0.12084141270011373,False,True,True,1.0662263151792343e-05,COMPLETE
248,0.4900297522544861,2025-04-14 15:56:01.305349,2025-04-14 15:56:09.049794,0 days 00:00:07.744445,0.39255510473842614,0.1876735683088906,16,0.02183044382723394,0.0024730233506583855,0.07711293799299852,0.057871041900491305,0.03527054334275939,0.0965786883033096,0.00025842311538426543,29,43,0.0034221491862858277,0.11487341396043808,False,True,True,9.095195339191694e-06,COMPLETE
249,0.2653113424777985,2025-04-14 15:56:09.128790,2025-04-14 15:56:17.139228,0 days 00:00:08.010438,0.32285198233961226,0.21256947470428378,16,0.016458069038842477,0.005662910627663293,0.08333859517418357,0.05626478338979768,0.041472224256125206,0.09679596061640672,0.0002983407966422292,29,47,0.003952444839421565,0.10939814673025065,True,True,True,8.285896650815373e-06,COMPLETE
250,0.40822854042053225,2025-04-14 15:56:17.217583,2025-04-14 15:56:24.889367,0 days 00:00:07.671784,0.3680499192758391,0.1962131185558817,16,0.0147936649919198,0.012922080066940924,0.07875051597000372,0.05070403204635591,0.034602787522208085,0.09795550689544623,0.0002309001449212415,28,44,0.0010902847991889947,0.1181491294625617,False,True,True,5.476333566070218e-06,COMPLETE
251,0.4800246596336365,2025-04-14 15:56:24.979155,2025-04-14 15:56:32.605016,0 days 00:00:07.625861,0.38094795241338514,0.23288601911514284,16,0.017577281508637528,0.012826592955988855,0.08075904273878448,0.058897677549952586,0.035765870457956955,0.09995303261445775,0.0001916418170765872,27,44,0.0037184401034197597,0.10963506948342158,False,True,True,5.6161911416139986e-06,COMPLETE
252,0.4539976000785828,2025-04-14 15:56:32.685171,2025-04-14 15:56:40.508646,0 days 00:00:07.823475,0.3274086680741244,0.18438705158073668,16,0.00492648865358003,0.019705096082899866,0.08466137060151922,0.06081085976455188,0.03357896155671026,0.09639356808038137,0.00024625503520526277,29,48,0.0025024176558100185,0.10180943108640346,False,True,True,1.2548843711914075e-05,COMPLETE
253,0.3091463208198547,2025-04-14 15:56:40.587890,2025-04-14 15:56:48.215597,0 days 00:00:07.627707,0.4092473582664198,0.1435155118182166,16,0.020903122683184006,0.00016694769592187977,0.08320421057338852,0.047310604994869776,0.029089678089483532,0.09795482675715458,0.0001829638380058338,28,42,0.004183279305651371,0.10703026780865914,False,True,True,8.577916374872093e-06,COMPLETE
254,0.5053360223770141,2025-04-14 15:56:48.296185,2025-04-14 15:56:55.918043,0 days 00:00:07.621858,0.3755132102033862,0.15906436202000435,16,0.012016977674213832,0.0193302248199647,0.08070378181729775,0.055770362566642404,0.037653782261551326,0.09991366501451036,0.0003053299205560491,27,45,0.0025342688969059186,0.11616105772027288,False,True,True,1.730585995623285e-05,COMPLETE
255,0.5086167812347412,2025-04-14 15:56:55.999087,2025-04-14 15:57:03.646400,0 days 00:00:07.647313,0.3793590453524781,0.15381352127554065,16,0.00725923277860354,0.017313301315089263,0.08148185112537092,0.05535653281238158,0.03661073027174866,0.09623134334343987,0.0003178696456992346,27,45,0.004743682736704585,0.11610238203927847,False,True,True,1.4135060098421558e-05,COMPLETE
256,0.3722990393638611,2025-04-14 15:57:03.729915,2025-04-14 15:57:11.329333,0 days 00:00:07.599418,0.3731339356871357,0.14811921267391198,16,0.006097342874767788,0.006478481875714112,0.08581809290956223,0.05654947179481166,0.03946393091242244,0.09573659704532422,0.00033270769197914235,27,51,0.004594890979822734,0.12241842182531297,False,True,True,1.0702256188016515e-05,COMPLETE
257,0.45642813444137575,2025-04-14 15:57:11.419470,2025-04-14 15:57:19.086902,0 days 00:00:07.667432,0.31392240123050374,0.21206020712593573,16,0.025326047993194486,0.01481356176383535,0.08318434451311392,0.05512831448468513,0.03762781653817436,0.09656314552613793,0.0002996307469686048,27,46,0.0030400167600674417,0.11613467147642083,False,True,True,1.624894993902264e-05,COMPLETE
258,0.34540777206420903,2025-04-14 15:57:19.167780,2025-04-14 15:57:27.068571,0 days 00:00:07.900791,0.38481562956371373,0.1533827542874921,16,0.01806583165731374,0.01898690146264314,0.07739361453893903,0.05863956953862143,0.041556413908759894,0.09810569117002853,0.00028403710156904626,29,55,0.004719180809518241,0.11399453173636595,False,True,True,1.4943376422665247e-05,COMPLETE
259,0.500883686542511,2025-04-14 15:57:27.149837,2025-04-14 15:57:34.942934,0 days 00:00:07.793097,0.42233613745412046,0.18948143632225212,16,0.024935918917455124,0.008231409661411712,0.08511843586876305,0.057100287630266235,0.03605723366047169,0.09769044171945607,0.00024560733217605815,29,45,0.002830900778115477,0.10957722484359701,False,True,True,5.003635149734168e-06,COMPLETE
260,0.5174668788909913,2025-04-14 15:57:35.025725,2025-04-14 15:57:42.851999,0 days 00:00:07.826274,0.4169620663415957,0.19587941837705997,16,0.027137466741372872,0.007867290204515109,0.0845883698827865,0.057067993295851285,0.03616200266424088,0.09584810619884332,0.0002761957052958575,29,45,0.004887266604857259,0.12229040565627619,False,True,True,5.161438082351331e-06,COMPLETE
261,0.4522446632385254,2025-04-14 15:57:42.935066,2025-04-14 15:57:50.662277,0 days 00:00:07.727211,0.40988167183603763,0.20151961452007414,16,0.02400689889416137,0.008026469271783692,0.08498752738201318,0.057085243924232004,0.0370662037812765,0.09550345349270593,0.00033288713358778935,29,46,0.004647186518894724,0.12205195834223133,False,True,True,5.145126796443526e-06,COMPLETE
262,0.37993053197860716,2025-04-14 15:57:50.745456,2025-04-14 15:57:58.527282,0 days 00:00:07.781826,0.41467035550106907,0.19168902315682143,16,0.027538505220122345,0.009538774843692407,0.08579782253356552,0.05080906223619685,0.036945239571992375,0.09626069180012964,0.00027759878407672764,29,49,0.004969573289129977,0.11632843652948045,False,True,True,1.8296040463373706e-05,COMPLETE
263,0.47281056642532354,2025-04-14 15:57:58.619964,2025-04-14 15:58:06.332681,0 days 00:00:07.712717,0.4411689906209021,0.23394890885575756,16,0.006690379819124239,0.004594620946648229,0.08389536276687537,0.05710061093908563,0.03868488545998537,0.09678843152022536,0.00024537607691635886,27,41,0.00346542934703716,0.1235475078446383,False,True,True,8.524371968170016e-06,COMPLETE
264,0.5042550325393677,2025-04-14 15:58:06.415955,2025-04-14 15:58:14.255911,0 days 00:00:07.839956,0.3917772392740852,0.13933357829385207,16,0.00018908263473949374,0.013792225776678827,0.08090834611672545,0.054961541723814566,0.025819129935253034,0.09794368844959679,0.00033298015534614917,29,44,0.0028096261021668704,0.11080919613101066,False,True,True,5.091273551283693e-06,COMPLETE
265,0.5272209525108338,2025-04-14 15:58:14.341036,2025-04-14 15:58:22.072285,0 days 00:00:07.731249,0.4247666726430769,0.14443795274034596,16,0.025680713302921786,0.012233412811226183,0.08280458418447137,0.05505549495673617,0.025661401987206192,0.09493923698373034,0.00037639688357019697,29,45,0.005112831046059314,0.10937356269198407,False,True,True,5.393107009017471e-06,COMPLETE
266,0.5030311346054077,2025-04-14 15:58:22.156692,2025-04-14 15:58:29.942798,0 days 00:00:07.786106,0.3952120332943983,0.1375957648193054,16,0.00012622823877700244,0.010240119541324335,0.0824933632474482,0.061007618496940454,0.024921298573247094,0.09450995369272785,0.00035478775242035114,29,46,0.09202124832872643,0.10944477001940597,False,True,True,2.6747619392728743e-05,COMPLETE
267,0.5256725430488587,2025-04-14 15:58:30.027013,2025-04-14 15:58:39.545137,0 days 00:00:09.518124,0.430376447731037,0.13807783807477256,8,0.001464702749389396,0.01148514784438942,0.08263195004428543,0.06090482038263143,0.025922433621889694,0.09477199306583221,0.0003777454454004111,29,45,0.08916785112893978,0.10890233736071343,False,True,True,2.8016325557763308e-05,COMPLETE
268,0.461298394203186,2025-04-14 15:58:39.639292,2025-04-14 15:58:49.119699,0 days 00:00:09.480407,0.4227364795130225,0.13668253782552212,8,0.002125479153558955,0.009406834752072553,0.08355211814111059,0.06148447367192553,0.025746667163204492,0.09325171070349196,0.0003820082573638521,29,46,0.09309207427879983,0.11018729089148722,False,True,True,3.201575703341861e-05,COMPLETE
269,0.19543241262435915,2025-04-14 15:58:49.204911,2025-04-14 15:58:57.143223,0 days 00:00:07.938312,0.3874897478559679,0.13694233095228536,16,0.0024479124947768636,0.0030967433798031307,0.07924843329291818,0.05954340465592795,0.03356030227833988,0.0946790140470203,0.0003578280838346102,29,45,0.09218081925626903,0.11945306653869492,True,True,True,2.6491320371725494e-05,COMPLETE
270,0.39811527729034424,2025-04-14 15:58:57.228258,2025-04-14 15:59:06.733845,0 days 00:00:09.505587,0.4510572945532755,0.197427424492728,8,0.008747037065881277,0.012253868981851924,0.08614778164267656,0.06108333916595468,0.0405310371808846,0.09450081973340074,0.0004011815259552871,29,50,0.09699799668823088,0.10827098389492824,False,True,True,4.567161853739353e-05,COMPLETE
271,0.4571794748306275,2025-04-14 15:59:06.821510,2025-04-14 15:59:16.319996,0 days 00:00:09.498486,0.4249374342919295,0.15485442907881272,8,0.0008739383496622066,0.011260435641332878,0.08257565102869414,0.05567965824626289,0.02928628204644907,0.015665704090235225,0.00045771935823974466,29,44,0.08412915526589833,0.112268756943115,False,True,True,1.1883765491736093e-05,COMPLETE
272,0.43506692647933964,2025-04-14 15:59:16.405858,2025-04-14 15:59:25.995971,0 days 00:00:09.590113,0.3759542212650171,0.13436684452560743,8,0.007752147929428078,0.0012352634386741945,0.08527093114929,0.058647259836754485,0.036560607403111706,0.0951254697573739,0.00035551844454315135,29,53,0.004871477238872046,0.11780531831302515,False,True,True,3.5589636742498464e-05,COMPLETE
273,0.2852408289909363,2025-04-14 15:59:26.091348,2025-04-14 15:59:35.508692,0 days 00:00:09.417344,0.3947247962503155,0.18359962518395875,8,0.1457001378045941,0.01649850072242714,0.07785340245302118,0.055377444468428814,0.04421355370367227,0.09286656909748783,0.00031459234238332936,28,49,0.07005946928699955,0.10658005869878576,False,True,True,2.0308902539462237e-05,COMPLETE
274,0.4041209697723389,2025-04-14 15:59:35.595958,2025-04-14 15:59:43.150916,0 days 00:00:07.554958,0.3972319658348856,0.21576023375435086,16,0.02838793304612916,0.0073254993909396895,0.08111761704054171,0.059878147358015894,0.025453073577755836,0.09641614915549188,0.00028524455243989513,27,47,0.07904754233716964,0.12343126813577557,False,True,True,5.238348526682336e-06,COMPLETE
275,0.5092274069786071,2025-04-14 15:59:43.237482,2025-04-14 15:59:51.043087,0 days 00:00:07.805605,0.3757267073491802,0.1564010644344383,16,0.0009386921120247728,0.01570060052303198,0.08396442182046111,0.051636351418392054,0.03358539259461264,0.09500343140282336,0.00032626009116182417,29,42,0.005548913712975607,0.11206274021856094,False,True,True,1.0212039428585817e-05,COMPLETE
276,0.5229120254516602,2025-04-14 15:59:51.129349,2025-04-14 15:59:58.922561,0 days 00:00:07.793212,0.4285543500422223,0.13814014871962024,16,0.006072026384257254,0.014814836469362543,0.0842285202141813,0.05737498695691438,0.035432352656119395,0.09465511035939775,0.0004897975121730436,29,43,0.005424008975854379,0.11106412346642501,False,True,True,1.4302636430481596e-05,COMPLETE
277,0.5136203408241272,2025-04-14 15:59:59.010116,2025-04-14 16:00:06.818933,0 days 00:00:07.808817,0.47565237632028495,0.1403321965352148,16,0.0014276036977680455,0.018004502679765354,0.08628775003126192,0.06174237471205949,0.03375745625728235,0.09353140443204663,0.0004813640839524041,29,44,0.09629006951991295,0.111976677362769,False,True,True,1.5389334742702962e-05,COMPLETE
278,0.5179047107696534,2025-04-14 16:00:06.916311,2025-04-14 16:00:14.706446,0 days 00:00:07.790135,0.4384228943259528,0.13513262458550807,16,0.0006629379584647137,0.018764819209269135,0.08665610650291021,0.06170902856431645,0.03285704229325486,0.0935659330085818,0.00048647958269807507,29,43,0.0946662946613319,0.11224390215021114,False,True,True,2.283483126527464e-05,COMPLETE
279,0.519137728214264,2025-04-14 16:00:14.796963,2025-04-14 16:00:22.696605,0 days 00:00:07.899642,0.47737065667239437,0.13905532567805207,16,0.0015325140153962255,0.01749965391772884,0.08647487154289883,0.061326768266799996,0.03348313441133597,0.09289369473684041,0.0005087849375941701,30,42,0.09727947828767165,0.11352240378104023,False,True,True,1.6411962806128646e-05,COMPLETE
280,0.30897624492645265,2025-04-14 16:00:22.784911,2025-04-14 16:00:30.638099,0 days 00:00:07.853188,0.4791975484571093,0.13641449842724385,16,0.0003293029545136119,0.018544138189786848,0.08612070127253028,0.06347832492484637,0.03423633452145602,0.09297187125833266,0.0004946257914995699,30,57,0.09743346004076217,0.1143126161205108,False,True,True,1.670681149457556e-05,COMPLETE
