number,value,datetime_start,datetime_complete,duration,params_alpha-eval,params_alpha-train,params_batch-size,params_eps-eval,params_eps-train,params_lambda-actions-eval,params_lambda-actions-train,params_lambda-frames-eval,params_lambda-frames-train,params_learning-rate,params_n-epochs,params_n-frames,params_radius-gw,params_rho,params_std-feats,params_ub-actions,params_ub-frames,params_weight-decay,state
799,0.43464982509613037,2025-04-12 20:03:40.901696,2025-04-12 20:03:50.095044,0 days 00:00:09.193348,0.40159475397343763,0.5544409322228419,8,0.04785227358314909,0.19934758448034756,0.08321239090937366,0.0540216377688399,0.058326796226186056,0.09026048328788783,0.08512486440000311,26,25,0.04757709753779344,0.1781420169332279,True,True,True,6.402491647016878e-07,COMPLETE
800,0.41527445316314704,2025-04-12 20:03:50.349829,2025-04-12 20:03:59.481433,0 days 00:00:09.131604,0.381708479330296,0.6480753585396832,8,0.051367564438171594,0.198795395508237,0.08571098884923589,0.0527748928770459,0.058830434416217034,0.08882003563189694,0.08727007422172466,26,21,0.0481346943039829,0.17762522671912848,True,True,True,4.1114127297138556e-07,COMPLETE
801,0.4047943949699402,2025-04-12 20:03:59.745073,2025-04-12 20:04:08.957674,0 days 00:00:09.212601,0.4179031492854795,0.5699291688486828,8,0.05815393414613623,0.21109586568222805,0.08701478812999609,0.05307868801477545,0.049894360044140586,0.09196466434672336,0.08449753812723157,26,24,0.04791485832049407,0.1797419233878677,True,True,True,6.291956200547827e-07,COMPLETE
802,0.3062424659729004,2025-04-12 20:04:09.226804,2025-04-12 20:04:18.313367,0 days 00:00:09.086563,0.3670940655501811,0.5345187593785341,8,0.061514266506346726,0.0006647992425456162,0.08391332155671789,0.050540851853927746,0.06070624034303239,0.09091280601120819,0.08431253525767826,26,26,0.04972630627425459,0.005749870998262907,True,True,True,9.301381720139301e-07,COMPLETE
803,0.19931281208992005,2025-04-12 20:04:18.563279,2025-04-12 20:04:27.695751,0 days 00:00:09.132472,0.4058782519245573,0.5825314540351967,8,0.04955346663194192,0.20223422575518618,0.08319987062533818,0.04800204443270121,0.05329348202424489,0.09072137138864052,0.0736734448693867,26,20,0.046053927443489025,0.1872305919622725,True,True,True,6.838426010721944e-07,COMPLETE
804,0.43021086454391483,2025-04-12 20:04:27.964422,2025-04-12 20:04:37.279444,0 days 00:00:09.315022,0.4127167971409979,0.6169627391231015,8,0.04561562622586149,0.20685179231151643,0.0863147931061837,0.05465506526663691,0.04644497710022229,0.09276446326163378,0.08589841162253074,27,24,0.047381442472480044,0.17426315764775085,True,True,True,4.6284031099111044e-07,COMPLETE
805,0.3913347601890564,2025-04-12 20:04:37.532175,2025-04-12 20:04:46.845399,0 days 00:00:09.313224,0.43546169053831335,0.5479118670426201,8,0.035715112449725334,0.1968441734292825,0.08186887061033023,0.051679358770107514,0.050751544725172314,0.09045946260710856,0.09948189477143432,27,27,0.05161938717762135,0.18338438160565665,True,True,True,3.346937657093338e-07,COMPLETE
806,0.19931281208992005,2025-04-12 20:04:47.112220,2025-04-12 20:04:56.309248,0 days 00:00:09.197028,0.3342201255928593,0.5576537967127886,8,0.05297628421270887,0.21384376651371476,0.0843774822622942,0.05603544359092714,0.052239222603382374,0.09992470165949029,0.06822868488362817,26,22,0.01929457345015513,0.18995235119917098,True,True,True,8.168917788912732e-07,COMPLETE
807,0.3633190155029297,2025-04-12 20:04:56.576354,2025-04-12 20:05:05.818996,0 days 00:00:09.242642,0.3797225966631619,0.5869598986954098,8,0.06485176111752088,0.19122905551972713,0.08120987022412478,0.0538042749576564,0.056138535577221274,0.09405494028310055,0.07560559318073497,27,25,0.04584055550684923,0.17501635278177585,True,True,True,5.738642374924482e-07,COMPLETE
808,0.4089620351791382,2025-04-12 20:05:06.073925,2025-04-12 20:05:15.499272,0 days 00:00:09.425347,0.3982264883380932,0.530668564945322,8,0.055219961305677356,0.1995212932688583,0.08513909313578379,0.049495804054128,0.0630159889616988,0.086883796256875,0.0836642013513804,28,29,0.04917048697280618,0.1811840644026612,True,True,True,1.0975407309628664e-06,COMPLETE
809,0.19931281208992005,2025-04-12 20:05:15.765491,2025-04-12 20:05:24.874916,0 days 00:00:09.109425,0.4536944303924901,0.5239177837231539,8,0.04138254836337596,0.20608969592432813,0.08754326389076106,0.0557562480216249,0.048339045002539376,0.09214497836099192,0.06348320391486716,25,19,0.04772511133307314,0.1689663012307067,True,True,True,3.842752707958852e-07,COMPLETE
810,0.42697311639785773,2025-04-12 20:05:25.145576,2025-04-12 20:05:34.287893,0 days 00:00:09.142317,0.41366737998487785,0.534464667897069,8,0.04549409043199359,0.1940683547580802,0.08340323624455635,0.05138348526337057,0.07350339963817304,0.09803156778880558,0.09882626508071939,26,27,0.04540239288439018,0.18966478688844735,True,True,True,6.895916713165534e-07,COMPLETE
811,0.19931281208992005,2025-04-12 20:05:34.545209,2025-04-12 20:05:43.525547,0 days 00:00:08.980338,0.44293735368792114,0.5516343751196207,8,0.04906578340851785,0.2192165597009871,0.08060588271820082,0.05623087602073781,0.04021148155649761,0.09996737043545549,0.07276547468108738,25,13,0.05323606413659092,0.17635915453202725,True,True,True,5.300755847693952e-07,COMPLETE
812,0.2820128560066223,2025-04-12 20:05:43.794706,2025-04-12 20:05:53.043346,0 days 00:00:09.248640,0.46724405213426057,0.5833877307895733,8,0.03611884256163484,0.20183403777310194,0.08240989721742664,0.0531192108570903,0.054221942974706956,0.09424202609779138,0.09986214926174579,27,32,0.05026632686484725,0.18282397462749359,False,True,True,9.411081960103188e-07,COMPLETE
813,0.3997578859329224,2025-04-12 20:05:53.312176,2025-04-12 20:06:02.432369,0 days 00:00:09.120193,0.40846000632308116,0.5083854678881824,8,0.05721544350221908,0.18966769188249244,0.07906555761311015,0.05397644268386919,0.05582672724893745,0.0896798844119526,0.055440113234069915,26,23,0.047749914391160546,0.16917303231349323,True,True,True,4.572710232037785e-07,COMPLETE
814,0.3688439726829529,2025-04-12 20:06:02.690799,2025-04-12 20:06:11.814301,0 days 00:00:09.123502,0.4389377413743808,0.5591211282607678,8,0.04241670075893735,0.20969194750355755,0.0852899008584945,0.048473475307531995,0.05842659260825728,0.09667010634814242,0.07512915691588846,25,60,0.045110197204181635,0.18901662618543655,True,True,True,7.789346656000358e-07,COMPLETE
815,0.4257390022277832,2025-04-12 20:06:12.081408,2025-04-12 20:06:21.216379,0 days 00:00:09.134971,0.45926956601089,0.6055008008401073,8,0.04997599554467115,0.19708074880741774,0.08744528429732047,0.05668758813681544,0.049133040469301295,0.0927208841329716,0.06493450441057877,26,29,0.04929706129582839,0.1777589220864503,True,True,True,6.10369193350165e-07,COMPLETE
816,0.24991701841354372,2025-04-12 20:06:21.486646,2025-04-12 20:06:30.463972,0 days 00:00:08.977326,0.35817507159943796,0.5203366923046211,8,0.06146116973337991,0.18821777893167566,0.08207788454532139,0.05076794679841729,0.06639388636332778,0.0980142997028524,0.0021595228610320123,25,26,0.0515711722476872,0.16665240237804368,True,True,True,5.5052050512901655e-08,COMPLETE
817,0.37660171985626223,2025-04-12 20:06:30.720790,2025-04-12 20:06:40.067653,0 days 00:00:09.346863,0.34365804413814743,0.4381120143369071,8,0.06861867716587854,0.20394605716493522,0.07948722762580783,0.05474649633048742,0.04433696085113561,0.09495375973415479,0.08339506328552253,27,33,0.04703803425784968,0.183510070857744,True,True,True,3.508275293986631e-07,COMPLETE
818,0.35783650875091555,2025-04-12 20:06:40.336297,2025-04-12 20:06:49.649892,0 days 00:00:09.313595,0.4251829197474517,0.46555440278865856,8,0.05481540312747555,0.21484066961130113,0.08364858997890083,0.05137800601806706,0.043043687498734266,0.08781537189527984,0.008421076555239868,28,22,0.04514644223242423,0.10715930470469229,True,True,False,4.674770172627582e-07,COMPLETE
819,0.3254474222660065,2025-04-12 20:06:49.924012,2025-04-12 20:06:59.042735,0 days 00:00:09.118723,0.45803986761890864,0.5432714536599352,8,0.03440131392015523,0.19293667114895185,0.08087812039287015,0.05686401205488796,0.049243869013490524,0.09081003471365268,0.08506593157443361,26,29,0.048637889179429836,0.19215619910605258,True,True,True,7.479058459608798e-07,COMPLETE
820,0.19931281208992005,2025-04-12 20:06:59.303280,2025-04-12 20:07:08.351318,0 days 00:00:09.048038,0.39414821092517094,0.5009117473687955,8,0.045694821031876526,0.18584136823056976,0.0851963826748708,0.037748538944120266,0.037314127206714766,0.09628268543084972,0.06401776705027226,25,17,0.04658454465511525,0.174207939063914,True,True,True,5.648223474996832e-07,COMPLETE
821,0.3850175976753235,2025-04-12 20:07:08.620473,2025-04-12 20:07:17.794798,0 days 00:00:09.174325,0.46504648350630245,0.5640143234690924,8,0.039822832674726125,0.19956039390857838,0.07791053887882876,0.052584488418720925,0.039741986602267,0.09802305486449743,0.09957018505540657,26,24,0.05378224645116428,0.18146075923201732,True,True,True,1.1639000552708556e-06,COMPLETE
822,0.2704375505447388,2025-04-12 20:07:18.068171,2025-04-12 20:07:27.055919,0 days 00:00:08.987748,0.4406378137140179,0.4510620986138047,8,0.05141662074191581,0.21042832811026552,0.012654396488239822,0.05411846847888491,0.0349687320215772,0.09423711630595051,0.054866206489185644,25,32,0.04441620814813032,0.18702851648263683,True,True,True,9.393018558150821e-07,COMPLETE
823,0.2917885839939118,2025-04-12 20:07:27.331224,2025-04-12 20:07:36.751010,0 days 00:00:09.419786,0.4724981540339483,0.43139604509661256,8,0.05942941020780232,0.11991638479027439,0.0834677359444441,0.04938053983715409,0.03185135993807852,0.092158191480981,0.07450354292775657,27,27,0.05019405458775067,0.1742658140200783,True,True,True,3.92745887202652e-07,COMPLETE
824,0.19931281208992005,2025-04-12 20:07:37.011328,2025-04-12 20:07:45.850469,0 days 00:00:08.839141,0.42249557463265536,0.521509172068099,8,0.1574217553075942,0.19448581594995873,0.08107034776050749,0.05699418900852623,0.06195664076229631,0.09665654298171046,0.049570445993937944,24,25,0.04675977091080339,0.16733712482191593,True,True,True,6.619611214164045e-07,COMPLETE
825,0.42161288261413576,2025-04-12 20:07:46.126045,2025-04-12 20:07:55.324593,0 days 00:00:09.198548,0.44737937696573715,0.49553759847417317,8,0.0467846733851,0.20757953446419347,0.08709219689740809,0.054966547230133785,0.04381750615874791,0.08907884505979578,0.08385436147870123,26,29,0.05184569774337568,0.19327278156807334,True,True,True,4.917233756298697e-07,COMPLETE
826,0.4091603875160218,2025-04-12 20:07:55.601645,2025-04-12 20:08:04.640334,0 days 00:00:09.038689,0.3962512670088299,0.4735173347357402,8,0.05496179880490952,0.18831108094581045,0.07890983396072267,0.052434307513042705,0.052104434404680613,0.09798753832219871,0.06588581847051128,25,21,0.04869131731078837,0.17954046295268727,True,True,True,2.850668147699117e-07,COMPLETE
827,0.2934100866317749,2025-04-12 20:08:04.901699,2025-04-12 20:08:12.621387,0 days 00:00:07.719688,0.472803858462077,0.5165096905550338,8,0.04008598370106641,0.21949786715011282,0.0830076201451905,0.05716390641628264,0.002779576153215655,0.09476586454540402,0.09978989562262518,16,32,0.04448823849590964,0.1867898794776087,True,True,True,7.989808658564996e-07,COMPLETE
828,0.4242441415786743,2025-04-12 20:08:12.897148,2025-04-12 20:08:21.769563,0 days 00:00:08.872415,0.43117841852207606,0.5406080861551817,8,0.04746853710178347,0.20192237279681596,0.0768681735169396,0.05029527918247308,0.030298942648151684,0.08252573891589612,0.07347902477703612,24,35,0.05037700613824689,0.17105179540765836,True,True,True,6.0009273281192e-07,COMPLETE
829,0.3724560379981995,2025-04-12 20:08:22.043825,2025-04-12 20:08:31.595618,0 days 00:00:09.551793,0.3582661219936397,0.5786510800552801,8,0.06388629135252209,0.18326046630580933,0.08556834735066617,0.053518474003672684,0.047084379886381415,0.08598407949818306,0.05950141181038762,29,26,0.04609072609883774,0.19351251483407872,True,True,True,3.5840669725692524e-07,COMPLETE
830,0.4145769357681275,2025-04-12 20:08:31.856669,2025-04-12 20:08:41.046447,0 days 00:00:09.189778,0.4606737861682433,0.46479760326650393,8,0.03624900635175357,0.19724473854455732,0.08063455865236846,0.0471251585994346,0.05988839499313753,0.0918425954838185,0.07875383284699983,26,30,0.043351148394288185,0.18119650365430048,True,True,True,1.1660125632131722e-06,COMPLETE
831,0.19931281208992005,2025-04-12 20:08:41.319437,2025-04-12 20:08:50.642815,0 days 00:00:09.323378,0.37849088820079474,0.4279709577439007,8,0.2698739432443611,0.18900622425524907,0.08280379488893835,0.055211524501552936,0.04655617880213114,0.0998752129004408,0.04592924124112518,28,8,0.048016191551656276,0.16572950558468144,True,True,True,4.555771575523335e-07,COMPLETE
832,0.42907725572586064,2025-04-12 20:08:50.923699,2025-04-12 20:08:59.937952,0 days 00:00:09.014253,0.4120654530576288,0.49638915722211396,8,0.055046238209021575,0.20499834913449738,0.08720043889775074,0.05747439529471411,0.05613188797438282,0.09364477710404318,0.08513725573823122,25,23,0.04651533708891838,0.17476769512250395,False,True,True,9.751031847362778e-07,COMPLETE
833,0.286597466468811,2025-04-12 20:09:00.201498,2025-04-12 20:09:09.572448,0 days 00:00:09.370950,0.45040462721702806,0.4455640655995336,8,0.04232780854412686,0.1731330572352796,0.08433026494540763,0.05197898810785571,0.039044542650108184,0.09634025967151312,0.06326155280033176,27,28,0.049474484417175106,0.18694032994109333,True,True,True,6.787284598065093e-07,COMPLETE
834,0.40809575319290164,2025-04-12 20:09:09.847538,2025-04-12 20:09:18.960309,0 days 00:00:09.112771,0.4765399696684254,0.4800620956548583,8,0.04957697920771265,0.1819966238703275,0.0796702677080205,0.055360760283912756,0.003946816972676034,0.09050464880903861,0.07151675497162417,26,19,0.05336510629884354,0.1777058246154981,True,True,True,5.381985709750366e-07,COMPLETE
835,0.44167383909225466,2025-04-12 20:09:19.234298,2025-04-12 20:09:28.221907,0 days 00:00:08.987609,0.43380395908520414,0.5450882912612361,8,0.06022368320710341,0.05317593483363858,0.08170186013282653,0.053521559342206544,0.07686865108067252,0.09807897128934424,0.05611318829793252,25,32,0.04453387888773957,0.18337351994837395,True,True,True,8.646826905366115e-07,COMPLETE
836,0.37664521932601935,2025-04-12 20:09:28.488265,2025-04-12 20:09:37.257382,0 days 00:00:08.769117,0.4296451060291964,0.5705954152778447,8,0.06484013174546982,0.11232840772776144,0.07817624059422508,0.056659919049920064,0.07286413032524183,0.09818646670520532,0.044527502286676256,24,25,0.04357348509995964,0.17125970257872325,True,True,False,8.749548034136065e-07,COMPLETE
837,0.37206134796142576,2025-04-12 20:09:37.532600,2025-04-12 20:09:46.454469,0 days 00:00:08.921869,0.40419580567090846,0.548500345668443,8,0.0707464285187235,0.10266467625484679,0.07575963965070684,0.05464282721875778,0.07144564185383226,0.09866395454173148,0.05186600752741416,24,31,0.041516495571463335,0.18040126246602242,True,True,True,1.1402319272016582e-06,COMPLETE
838,0.19931281208992005,2025-04-12 20:09:46.735409,2025-04-12 20:09:55.722675,0 days 00:00:08.987266,0.4408065429597184,0.5905767242019265,8,0.07579786696298665,0.17924550054284244,0.08105745612796757,0.05774689201707811,0.07585653420924995,0.09664718766019693,0.05355857896444292,25,27,0.012948992526546452,0.16502371817342035,True,True,True,7.82212878038454e-07,COMPLETE
839,0.19931281208992005,2025-04-12 20:09:55.986233,2025-04-12 20:10:05.026158,0 days 00:00:09.039925,0.4159498468376154,0.5600757079553423,8,0.061086572418060495,0.18544532340336684,0.06680228771675292,0.05317388877904978,0.06337611470355682,0.09824381008171004,0.04177855468824133,25,22,0.044427687039493804,0.1757072327120604,True,True,True,9.495165360708742e-07,COMPLETE
840,0.4224225640296936,2025-04-12 20:10:05.302357,2025-04-12 20:10:14.122261,0 days 00:00:08.819904,0.4308549774922311,0.5345215477942469,8,0.07184139281560056,0.043104441291606836,0.07844273683462945,0.05595968380503802,0.06760582302989623,0.09985779498734008,0.053634243032391,24,29,0.04284765107759125,0.14273514817856187,True,True,True,7.219779937612428e-07,COMPLETE
841,0.31355077028274536,2025-04-12 20:10:14.400671,2025-04-12 20:10:23.385866,0 days 00:00:08.985195,0.4532777521277912,0.5938750109004389,8,0.06503244217546243,0.19265117148281308,0.08492986030607735,0.05834088228334507,0.06855551716952597,0.09999579568030836,2.233816228150258e-05,25,32,0.04561803360486552,0.18376091940094044,True,True,True,6.642701982414201e-07,COMPLETE
842,0.19931281208992005,2025-04-12 20:10:23.668276,2025-04-12 20:10:32.514970,0 days 00:00:08.846694,0.38427188779410093,0.6214095744861655,8,0.05850696451519388,0.07614812698247382,0.0812526138069511,0.05375560257945818,0.05023439117058579,0.09609763557040964,0.05925918340130302,24,16,0.04455356789006886,0.1527370219328065,True,True,True,9.002160176266353e-07,COMPLETE
843,0.4287740230560303,2025-04-12 20:10:32.782345,2025-04-12 20:10:41.749851,0 days 00:00:08.967506,0.4681242017542629,0.5460820809033919,8,0.0559184282825803,0.06365791873285094,0.08230651871507426,0.052528513943705855,0.057832534762084005,0.09999720237298729,0.045530276644742476,25,25,0.04227928024121029,0.17042321578748493,True,True,True,1.206957848521329e-06,COMPLETE
844,0.42224590778350835,2025-04-12 20:10:42.029706,2025-04-12 20:10:51.090280,0 days 00:00:09.060574,0.40555817020762475,0.5199215220725353,8,0.066225493147937,0.1723590448614295,0.07674355351799851,0.05615051021831832,0.04775385531468701,0.09532998812756367,0.06244696615546957,25,28,0.04682489701601971,0.19158648802911168,True,True,True,5.905142028592641e-07,COMPLETE
845,0.3814279675483704,2025-04-12 20:10:51.370591,2025-04-12 20:11:00.314191,0 days 00:00:08.943600,0.4303281425117531,0.5714475081664857,8,0.06015721352756901,0.19179075873972798,0.08720505859630055,0.05819899891007318,0.07928338246533664,0.09750980752371642,0.06551517868565425,24,33,0.045165714504532835,0.16496979866834469,True,True,True,8.460028966510167e-07,COMPLETE
846,0.3844560861587525,2025-04-12 20:11:00.584957,2025-04-12 20:11:09.387380,0 days 00:00:08.802423,0.45068721867609485,0.5363932976250729,8,0.05100333712688433,0.024920381941557834,0.07935802950486612,0.05484396393635632,0.052880743273410385,0.09500828572135106,0.0510253296435536,23,67,0.047634153691463295,0.18220175891314092,True,True,True,5.098882336271496e-07,COMPLETE
847,0.19931281208992005,2025-04-12 20:11:09.667055,2025-04-12 20:11:18.853539,0 days 00:00:09.186484,0.4543093191593577,0.4336278032158773,8,0.0542306783585257,0.17604679228713285,0.08430358432396667,0.050235620463732845,0.0650708819331777,0.09795360672762349,0.06975652847181868,25,23,0.04326311362593712,0.17348025578603996,True,True,True,1.163547309021689e-06,COMPLETE
848,0.19931281208992005,2025-04-12 20:11:19.134827,2025-04-12 20:11:28.004883,0 days 00:00:08.870056,0.4815741040882317,0.5108867513896965,8,0.05974919587534551,0.18222835781467586,0.0807481928715057,0.05331025888915189,0.004508427403306363,0.09663069915479999,0.057523140133285695,24,20,0.04595307336635669,0.15226526580693886,True,True,True,7.184700899660131e-07,COMPLETE
849,0.36537663936614995,2025-04-12 20:11:28.273630,2025-04-12 20:11:37.470156,0 days 00:00:09.196526,0.3909721168069613,0.558008494148552,8,0.051991965108681155,0.19811141058843978,0.08546175070796991,0.05713161365225483,0.04214357594388721,0.09434039332144499,0.07322999613022735,26,30,0.04110964676758702,0.19579433421647258,True,True,True,5.455144429564006e-07,COMPLETE
850,0.2899430990219116,2025-04-12 20:11:37.749937,2025-04-12 20:11:46.766465,0 days 00:00:09.016528,0.3633372465263372,0.45816009270762054,8,0.04857441058469974,0.18551843037399107,0.08288228214828841,0.04836339351676075,0.034641642040817155,0.09794868405031217,0.04168960929965365,25,26,0.048288828009282074,0.1863608712392316,False,True,True,9.552880953179966e-07,COMPLETE
851,0.40781127214431767,2025-04-12 20:11:47.047853,2025-04-12 20:11:56.215043,0 days 00:00:09.167190,0.41864230204143593,0.6390659784303977,8,0.05890359381931443,0.19079054289947947,0.07849394821995995,0.059671281322861376,0.04453253314633443,0.09349650005215006,0.05798161463041299,26,28,0.04429614279219839,0.1792411589822411,True,True,True,6.255826739967246e-07,COMPLETE
852,0.19931281208992005,2025-04-12 20:11:56.484379,2025-04-12 20:12:05.359217,0 days 00:00:08.874838,0.47409253967678916,0.5304413885238505,8,0.23748284341372994,0.030891713299415646,0.08064371781028556,0.05181081590897416,0.07012804416567929,0.09594800149540444,0.07473789993295707,24,34,0.04703984015722039,0.1635338428914233,True,True,True,4.5710117482839373e-07,COMPLETE
853,0.3445899188518524,2025-04-12 20:12:05.638227,2025-04-12 20:12:14.659613,0 days 00:00:09.021386,0.43298000492383576,0.41968958787809174,8,0.06644506138144812,0.012602724637856978,0.07640733460390896,0.05468523757881597,0.002617643134632263,0.09777531753282331,0.08376954465844873,25,24,0.044331704647314264,0.19061893459320817,True,True,True,7.534249942811802e-07,COMPLETE
854,0.34598139524459837,2025-04-12 20:12:14.943092,2025-04-12 20:12:24.355192,0 days 00:00:09.412100,0.47130178137452583,0.4519805880325374,8,0.04230174210695123,0.05176459203541682,0.08330938038554653,0.05715174243237954,0.0232934431685603,0.09998969885478448,0.06438667697308362,27,31,0.048571189462858246,0.1721127706247073,True,True,True,0.0006584412787080129,COMPLETE
855,0.35592868328094485,2025-04-12 20:12:24.640196,2025-04-12 20:12:34.112731,0 days 00:00:09.472535,0.41351724899600234,0.5084057343848399,8,0.05467198339053399,0.19623528445615987,0.08641639735435562,0.05547298508340358,0.055150245026645305,0.09524044904019571,0.05060085597859404,29,27,0.04580301789411456,0.1776936681458117,True,True,False,6.482056600582892e-07,COMPLETE
