number,value,datetime_start,datetime_complete,duration,params_alpha-eval,params_alpha-train,params_batch-size,params_eps-eval,params_eps-train,params_lambda-actions-eval,params_lambda-actions-train,params_lambda-frames-eval,params_lambda-frames-train,params_learning-rate,params_n-epochs,params_n-frames,params_radius-gw,params_rho,params_std-feats,params_ub-actions,params_ub-frames,params_weight-decay,state
851,0.4732232093811035,2025-04-14 17:29:08.469424,2025-04-14 17:29:17.523084,0 days 00:00:09.053660,0.42139938413571953,0.11049960756521271,8,0.004760697835439421,0.04486472614439936,0.09740437910213089,0.045009184318080854,0.07498599554712776,0.09186633287759897,0.0018559461263577557,26,22,0.08821033535242212,0.1389178610188076,False,True,True,9.049214904672512e-08,COMPLETE
852,0.5892587304115295,2025-04-14 17:29:17.788915,2025-04-14 17:29:27.045457,0 days 00:00:09.256542,0.3623876505340364,0.10525323124258032,8,0.016181399562666343,0.039776116888173674,0.09252393659127223,0.045696684031717075,0.07639109425594236,0.08840883202892873,0.0015895536328977787,27,24,0.08941873493426479,0.13394897348567567,False,True,True,1.4419565705701715e-07,COMPLETE
853,0.3973939538002014,2025-04-14 17:29:27.323283,2025-04-14 17:29:36.507895,0 days 00:00:09.184612,0.35854280238662284,0.14168839973304434,8,0.014680714521788882,0.03657262008144166,0.09341797283527295,0.045014524656034755,0.08033158105195116,0.05037927817356552,0.0017038399388131244,27,14,0.08706738972345078,0.13869901884428892,False,True,True,1.4512516505529586e-07,COMPLETE
854,0.3218981742858887,2025-04-14 17:29:36.791174,2025-04-14 17:29:46.018875,0 days 00:00:09.227701,0.36554710612173,0.12471957831464212,8,0.010078747913311639,0.040672823569411744,0.09843984036618142,0.04642129864043601,0.07772772093261109,0.04034936573713257,0.0021216540747306454,27,19,0.0843182770670439,0.14521134151144383,False,True,True,1.522166299596451e-07,COMPLETE
855,0.34382830858230595,2025-04-14 17:29:46.298470,2025-04-14 17:29:55.519765,0 days 00:00:09.221295,0.35062690183511447,0.13639534799028633,8,0.01812231337423957,0.054682247669840325,0.09594643592169404,0.042296067338735144,0.08167160475466538,0.04717862143848108,0.0016827663686573276,27,23,0.08938007303504078,0.13580369696423586,False,True,True,1.2265275534472766e-07,COMPLETE
856,0.3085477828979492,2025-04-14 17:29:55.787437,2025-04-14 17:30:05.000896,0 days 00:00:09.213459,0.38436258616368985,0.10644290195998916,8,0.00012238308286600594,0.045198306678791864,0.09164109880474931,0.04668207829616576,0.07639332012803031,0.04647948800090708,0.0023606459134158557,27,11,0.08695654960977171,0.14430427425728895,False,True,True,1.8737203506964322e-07,COMPLETE
857,0.36557404994964604,2025-04-14 17:30:05.281208,2025-04-14 17:30:14.423550,0 days 00:00:09.142342,0.373928063299294,0.10133496984144556,8,0.0053622584321040894,0.033869366927386575,0.09432659117664242,0.043226029672697654,0.07945075563858522,0.04925401789549909,0.0016292408007401236,27,17,0.09048503291317128,0.2768637365898585,False,True,True,7.69232769594861e-08,COMPLETE
858,0.35472034811973574,2025-04-14 17:30:14.708861,2025-04-14 17:30:23.842007,0 days 00:00:09.133146,0.35738355549847345,0.12413480930945159,8,0.012419796200246995,0.038693306540337286,0.09031808087424928,0.03986908764142105,0.07596142721452374,0.04842185265028634,0.00257054907710111,26,22,0.08606764652692336,0.13345960240438864,True,True,True,2.2392974835970674e-07,COMPLETE
859,0.3481113374233246,2025-04-14 17:30:24.109116,2025-04-14 17:30:33.212916,0 days 00:00:09.103800,0.41024641409057,0.1036043194508623,8,0.01805521960183302,0.03288101909436448,0.0962309930109383,0.04545543672646968,0.0777303925084121,0.04640111923074528,0.0019562164821559673,26,24,0.08865262419625232,0.13985386656529294,False,False,True,9.174710782240916e-08,COMPLETE
860,0.3614291906356812,2025-04-14 17:30:33.496160,2025-04-14 17:30:53.374456,0 days 00:00:19.878296,0.38824896767856776,0.08662443580722912,2,0.009475611650146017,0.02862830858628523,0.09281867473214903,0.03732963196878317,0.07531783778509409,0.08866467613726994,0.0016128195684045573,27,22,0.09114274260253637,0.12418885019162729,False,True,True,5.846998012077254e-08,COMPLETE
861,0.4074289917945862,2025-04-14 17:30:53.657492,2025-04-14 17:31:02.731214,0 days 00:00:09.073722,0.3956971767708854,0.07971329249322351,8,0.018162204031823028,0.0413216634744589,0.0388913926217139,0.04766434868627968,0.07920472224484035,0.08942584450852653,0.0033680255738070485,26,18,0.08399766567035014,0.1484220184596945,False,True,True,2.5799981751791425e-07,COMPLETE
862,0.28336826562881473,2025-04-14 17:31:02.999827,2025-04-14 17:31:12.074067,0 days 00:00:09.074240,0.334829073487795,0.8238983798873198,8,0.005120702113612934,0.029838552835981462,0.09405910460042208,0.04535405495916514,0.0746763608524645,0.09105006712645371,0.0016074395743207407,26,25,0.08842922557701303,0.12932267832691666,False,True,True,1.0890317307137972e-07,COMPLETE
863,0.25543801188468934,2025-04-14 17:31:12.357882,2025-04-14 17:31:21.260964,0 days 00:00:08.903082,0.4312902458329643,0.625048534655508,8,0.011850268022317038,0.033965586589200646,0.09090177457186273,0.04120469919064376,0.07684811552459234,0.04104533082468549,2.1725039472152844e-05,25,20,0.0855462743559294,0.14167424922906127,False,True,True,7.243569211835648e-08,COMPLETE
864,0.5211300015449525,2025-04-14 17:31:21.543407,2025-04-14 17:31:30.570490,0 days 00:00:09.027083,0.372973361091952,0.11156875725901384,8,0.018841302840523037,0.02695269130124247,0.09857880297231472,0.043531282076069114,0.08209434477002475,0.05197444067921297,0.0019869072101621394,25,24,0.09002595122893689,0.13488854912245943,False,True,True,1.3971731566075662e-07,COMPLETE
865,0.3990096211433411,2025-04-14 17:31:30.855850,2025-04-14 17:31:39.799501,0 days 00:00:08.943651,0.4106144691378817,0.14010334954556086,8,0.0002771229220032579,0.038392403024933915,0.09573185554464404,0.0473081337348103,0.07446540488381398,0.09335997516796218,0.0025579104619365706,25,25,0.08730294563894446,0.13910796013882165,False,True,True,1.6671990864617e-07,COMPLETE
866,0.2398761987686157,2025-04-14 17:31:40.069919,2025-04-14 17:31:49.179943,0 days 00:00:09.110024,0.4029258287610953,0.7241400915577906,8,0.008620250842247377,0.04539338361465108,0.088712756405221,0.04475734096679013,0.09394853250312309,0.088733185873329,0.0015772579720090601,27,25,0.09022423299311993,0.14606488352541072,False,True,False,9.428112584032975e-08,COMPLETE
867,0.4880115509033203,2025-04-14 17:31:49.467195,2025-04-14 17:31:58.668639,0 days 00:00:09.201444,0.43608477663411926,0.07420652992183079,8,0.015839875240851457,0.06610165494281392,0.09283395044462883,0.04773606160052855,0.07803092341469238,0.09586330466320186,0.00201899679792836,27,21,0.09128431516774099,0.12704201767341586,False,True,True,1.2425572769319285e-07,COMPLETE
868,0.38167504072189334,2025-04-14 17:31:58.951805,2025-04-14 17:32:08.064369,0 days 00:00:09.112564,0.44758460082417834,0.08995782294138688,8,0.00020330293159967483,0.027144088633942177,0.09165449274300227,0.042367535384715216,0.0806808286228865,0.09145993622445601,0.0015772420411964607,26,26,0.08567466427278983,0.13292002929603922,False,True,True,4.911779276093853e-08,COMPLETE
869,0.23265517950057985,2025-04-14 17:32:08.336432,2025-04-14 17:32:17.560899,0 days 00:00:09.224467,0.4649254590654808,0.07195286695589011,8,0.013306919715655641,0.02552158785530449,0.08813464844565494,0.039406036230121046,0.07660494972675173,0.0882518697033952,1.0894487807264237e-05,26,58,0.08307315958734553,0.1499646842469278,False,True,True,6.437121928357904e-08,COMPLETE
870,0.560810136795044,2025-04-14 17:32:17.849184,2025-04-14 17:32:26.597581,0 days 00:00:08.748397,0.38154296957853967,0.11482079924734546,8,0.020057363412027955,0.03354186379215252,0.09486258835105713,0.04626146360384356,0.07336387561662633,0.050509938661274255,0.001479424623709755,24,22,0.08803671244779479,0.12212272028832172,False,True,True,7.581663406851714e-08,COMPLETE
871,0.3329535603523255,2025-04-14 17:32:26.882210,2025-04-14 17:32:35.846203,0 days 00:00:08.963993,0.3711532681191204,0.1406464923042576,8,0.007439153682660458,0.04386655772316905,0.09778948107920662,0.04585275139339783,0.07444851526188688,0.050325032063776164,0.002297817471499942,25,14,0.08751153606591619,0.1347109096914433,False,True,True,8.67230402722998e-08,COMPLETE
872,0.4002548336982727,2025-04-14 17:32:36.130331,2025-04-14 17:32:44.885464,0 days 00:00:08.755133,0.39115552452394237,0.11846925090898136,8,0.018134049192782345,0.03649323499686244,0.09666450598555382,0.04582650518819947,0.09202363396682027,0.04626284695694793,0.0018925777938901044,24,18,0.08545517943391753,0.14180888249141846,False,True,True,4.269202764675574e-08,COMPLETE
873,0.3453055858612061,2025-04-14 17:32:45.158881,2025-04-14 17:32:53.910315,0 days 00:00:08.751434,0.31103899842774124,0.06630326502185117,8,0.011834427103869151,0.0520888001009123,0.09973503723066139,0.04387850202280056,0.07358391249685915,0.042855959541232794,0.0029216345231958024,24,18,0.08338015329404525,0.12625098843023824,False,True,True,6.94872120442296e-08,COMPLETE
874,0.4837573170661926,2025-04-14 17:32:54.195277,2025-04-14 17:33:03.117605,0 days 00:00:08.922328,0.34858409838201,0.09203021536550024,8,0.005887766959021433,0.03953035375406683,0.09510796980684658,0.048211959444619396,0.07538789710887765,0.044268562598986594,0.0016986051520829113,25,21,0.08829843645326166,0.13033050135062704,False,True,True,3.444606747226062e-08,COMPLETE
875,0.5104049801826478,2025-04-14 17:33:03.407216,2025-04-14 17:33:12.161766,0 days 00:00:08.754550,0.3612934523912631,0.062245662886392994,8,0.021110084236121058,0.034022481219454184,0.09532006951421496,0.046499609276945936,0.07850181503018103,0.045115196511848914,0.001449208812947944,24,25,0.08649693112838407,0.13722351741483624,False,True,True,8.57395395704504e-08,COMPLETE
876,0.489418375492096,2025-04-14 17:33:12.450072,2025-04-14 17:33:21.386261,0 days 00:00:08.936189,0.382660142066678,0.09120325251166997,8,0.013805809074248547,0.03179941360748412,0.09825060760996633,0.04335813041806739,0.0728741261037148,0.04945448603914017,0.0018172359571497951,25,23,0.08854938215782686,0.1468368493720382,False,True,True,1.1532163205274434e-07,COMPLETE
877,0.4031946897506714,2025-04-14 17:33:21.662498,2025-04-14 17:33:30.447373,0 days 00:00:08.784875,0.3447322382577408,0.11383990943420683,8,0.10068434206545106,0.03691740375844517,0.09447974674136657,0.041143938175757226,0.0757612665975481,0.04900207847313239,0.0022374521063078284,24,19,0.08523180762127225,0.12321834789767239,False,True,True,7.021917267898774e-08,COMPLETE
878,0.5285277128219605,2025-04-14 17:33:30.733245,2025-04-14 17:33:39.655490,0 days 00:00:08.922245,0.4153214545935344,0.06020292764946737,8,0.005453210452254963,0.0450113648995002,0.0961910085111989,0.04820604342085393,0.07742335497696552,0.05325273555612428,0.0015045250295928356,25,26,0.08927855685179456,0.1418278781071346,False,True,True,5.63699062540518e-08,COMPLETE
879,0.28889849185943606,2025-04-14 17:33:39.945867,2025-04-14 17:33:48.812283,0 days 00:00:08.866416,0.39671022701927233,0.07210686155157783,8,0.01979666570815767,0.02903553132619173,0.03329534789312853,0.04546515999698999,0.0734467949588436,0.04763371360468652,0.0014145652874581187,24,92,0.08300921913712214,0.13258205183686028,False,False,True,1.7707978966829293e-07,COMPLETE
880,0.27219981551170347,2025-04-14 17:33:49.086034,2025-04-14 17:33:58.008557,0 days 00:00:08.922523,0.41661210567284124,0.04734818984533386,8,0.012137778305219631,0.04821209117015483,0.09327233111980698,0.042678162378006486,0.07570538317806103,0.0935333805503606,0.0025972645647224105,25,13,0.08666935290700624,0.15218455139392964,True,True,True,1.1485744912999466e-07,COMPLETE
881,0.5529473066329956,2025-04-14 17:33:58.297041,2025-04-14 17:34:07.154041,0 days 00:00:08.857000,0.366922333968856,0.09410067624940385,8,0.020380182803965922,0.03130574755220858,0.090932421832879,0.048138535326268564,0.08065169667224792,0.08994905261482843,0.002053482663437792,24,22,0.0896462810587548,0.11354033022201657,False,True,True,1.0241389374448116e-07,COMPLETE
882,0.41179546117782595,2025-04-14 17:34:07.444259,2025-04-14 17:34:16.184550,0 days 00:00:08.740291,0.3146665959933353,0.12233205077882268,8,0.020281969256068955,0.0397043474370101,0.09026999573307476,0.045748649626706446,0.07943669632748106,0.09018402606044854,0.0036313361623305355,24,17,0.09102776480740495,0.115259594499244,False,True,True,9.591870195814125e-08,COMPLETE
883,0.3235569715499878,2025-04-14 17:34:16.475289,2025-04-14 17:34:25.226521,0 days 00:00:08.751232,0.3858335017747454,0.1395676456795661,8,0.015457661832874031,0.10909656211333656,0.08785811466730042,0.04724190844503555,0.07274241115718696,0.09227792290183408,0.002868874321331942,24,21,0.08874668906766879,0.1076299583341149,False,True,True,7.836530416428486e-08,COMPLETE
884,0.388550865650177,2025-04-14 17:34:25.503340,2025-04-14 17:34:34.325144,0 days 00:00:08.821804,0.3622928066975592,0.10067066044258396,8,0.02086061093769103,0.04071052991184652,0.09008933702164817,0.04831404780559933,0.07723912364510654,0.088959133311427,0.0019644952482793,24,15,0.08955529355702177,0.11087759432029247,False,True,True,1.3197751429334347e-07,COMPLETE
885,0.4181605696678161,2025-04-14 17:34:34.616783,2025-04-14 17:34:43.527912,0 days 00:00:08.911129,0.3697501202085045,0.11308753005978944,8,0.013954272719310453,0.032979324963869044,0.09128350968802784,0.04423031931878631,0.07390580299420624,0.0908611153499394,0.0022590474648938757,25,21,0.09127540298676584,0.11801372913406645,False,True,True,1.610219118072055e-07,COMPLETE
886,0.2890602946281433,2025-04-14 17:34:43.820834,2025-04-14 17:34:52.561260,0 days 00:00:08.740426,0.34949008430802536,0.09302559023510693,8,0.007279295233477955,0.03262982444859001,0.09177876647911985,0.046106776338511554,0.07932048849906762,0.050803781435942094,0.0022611173675976984,24,19,0.09009411165733953,0.11238670021518443,False,True,False,5.009140764569822e-08,COMPLETE
887,0.5263972163200379,2025-04-14 17:34:52.841404,2025-04-14 17:35:01.762833,0 days 00:00:08.921429,0.33432668526556175,0.13614113245461593,8,0.021322002107299953,0.0491718804198058,0.09378681853835272,0.04440434662060306,0.07661634217158672,0.09518164546940427,0.0018466666497007694,25,22,0.09165642085420646,0.11636652030282252,False,True,True,1.178176067788976e-07,COMPLETE
888,0.3654942512512207,2025-04-14 17:35:02.051700,2025-04-14 17:35:10.848582,0 days 00:00:08.796882,0.38550186082845145,0.114075318004445,8,0.011870180419121279,0.03800966942060025,0.08950176077748935,0.04716849959508072,0.0813718630918505,0.0882669204325622,0.0026785545799184853,24,7,0.08843538875026093,0.11027254429561918,False,True,True,1.0289692608311819e-07,COMPLETE
889,0.5028058767318726,2025-04-14 17:35:11.138822,2025-04-14 17:35:20.230975,0 days 00:00:09.092153,0.32991690332625495,0.08618111449812231,8,0.0004446397088560365,0.02687821406852484,0.09331548158940714,0.040219473868358724,0.07485884173593743,0.09253468329433548,0.002028631809414509,26,16,0.028158584049771136,0.1230616344148433,False,True,True,8.200997120813344e-08,COMPLETE
890,0.5856422305107117,2025-04-14 17:35:20.524190,2025-04-14 17:35:29.218083,0 days 00:00:08.693893,0.40000675246400635,0.08270342145690154,8,0.017014364494119912,0.031105565038437148,0.09619867992755218,0.04820630405774771,0.07283253262024494,0.09029800340084425,0.001649636745624976,23,23,0.08722809549742042,0.12011355535314082,False,True,True,2.6305642926881416e-07,COMPLETE
891,0.3606668710708618,2025-04-14 17:35:29.497244,2025-04-14 17:35:38.415088,0 days 00:00:08.917844,0.3730198887677829,0.1440753944616338,8,0.01971207096044697,0.03129183220856177,0.09714751119058289,0.04870393783009341,0.07163644478889489,0.08972043522701853,0.002987670247069765,25,26,0.08615202304757906,0.110738560559305,False,True,True,3.8389617816081735e-07,COMPLETE
892,0.5570181965827943,2025-04-14 17:35:38.707856,2025-04-14 17:35:47.578826,0 days 00:00:08.870970,0.35016839966192276,0.12577253413699507,8,0.02314203431787141,0.0411291337052909,0.09858654562465745,0.04857074663409442,0.07319679956918154,0.08861484166404451,0.002383085330394377,24,24,0.08791503295449543,0.11446857292843923,False,True,True,1.3703733461117493e-07,COMPLETE
893,0.42440248727798463,2025-04-14 17:35:47.871300,2025-04-14 17:35:56.712964,0 days 00:00:08.841664,0.31938601170870284,0.13563021323370072,8,0.022465675495857602,0.05278094221208123,0.09921988322612361,0.0484546894668022,0.0727689362650278,0.0881532073223195,0.00308884077459536,24,23,0.08762961415643612,0.10259978223421873,False,True,True,2.374124179541197e-07,COMPLETE
894,0.4616893649101258,2025-04-14 17:35:57.005737,2025-04-14 17:36:05.921367,0 days 00:00:08.915630,0.35138692358609963,0.15965461205686182,8,0.016332941995316045,0.049292765392823026,0.09939294623819586,0.04821159554620896,0.07275955661625853,0.08844407948183157,0.0022698109039873135,24,23,0.08681850102627624,0.10950662864743509,False,True,True,2.0775709581258653e-07,COMPLETE
895,0.34542123079299925,2025-04-14 17:36:06.200109,2025-04-14 17:36:15.058672,0 days 00:00:08.858563,0.3449899775828528,0.12795973057575574,8,0.0219600685858011,0.04595228573463425,0.09852790538909123,0.04589859487443242,0.07431135642850507,0.09012862561838954,0.003859041088976186,24,20,0.08775979215257707,0.10380851989782736,False,True,True,2.478008554218837e-07,COMPLETE
896,0.39830104112625125,2025-04-14 17:36:15.352476,2025-04-14 17:36:24.034362,0 days 00:00:08.681886,0.36651495900238884,0.11349447902129414,8,0.016338150381013355,0.043486345758049084,0.09768593723162544,0.04306780827821976,0.07476335616299136,0.08825875712885901,0.0026899974088322614,23,25,0.04700977106517598,0.11543039016133169,False,True,True,3.010482939315125e-07,COMPLETE
897,0.3284904837608338,2025-04-14 17:36:24.329201,2025-04-14 17:36:33.227265,0 days 00:00:08.898064,0.32510045774431545,0.1249628048254861,8,0.015355440919999953,0.03964768378921629,0.09987647130155292,0.04543370760418106,0.07273351222411435,0.017695856015501325,0.0025679332002957462,25,19,0.08476991971194597,0.1116657006729743,False,False,True,3.447888621029e-07,COMPLETE
898,0.5456846475601196,2025-04-14 17:36:33.524126,2025-04-14 17:36:42.356728,0 days 00:00:08.832602,0.3038056080881293,0.16506842575667963,8,0.021502181111137077,0.03957902881126077,0.09666430655189054,0.04903668667937671,0.07523232925320912,0.09112040208821193,0.002245008887679781,24,23,0.08760194414042285,0.11839616094795916,False,True,True,1.7106467217564536e-07,COMPLETE
899,0.31353873610496524,2025-04-14 17:36:42.639719,2025-04-14 17:36:51.395254,0 days 00:00:08.755535,0.3545795107019249,0.11054133271605915,8,0.012191272345128812,0.035395171765356476,0.09653485697959431,0.049308295573324314,0.07215289064405564,0.0896848499494119,0.004079337215939843,23,26,0.08931649787936122,0.11295871897551789,True,True,True,6.933391551152805e-08,COMPLETE
900,0.5539557695388794,2025-04-14 17:36:51.688040,2025-04-14 17:37:00.637975,0 days 00:00:08.949935,0.3758958664793544,0.10300625852624337,8,0.022357923784499037,0.043641839570024474,0.09531419798499231,0.046970094577421684,0.07694901193019457,0.08774960006071944,0.0019484738976750713,25,22,0.0852233935310775,0.10631720101039127,False,True,True,5.484363597721247e-07,COMPLETE
901,0.3334745526313782,2025-04-14 17:37:00.934804,2025-04-14 17:37:09.917564,0 days 00:00:08.982760,0.37830031858779606,0.14860494727364976,8,0.01758525420516824,0.054980799970023614,0.09804466127412922,0.04688347054379608,0.07778712958359726,0.08752004283238617,0.0033417777315313687,25,17,0.08516850962013416,0.098356218750832,False,True,True,6.192009895807725e-07,COMPLETE
902,0.3362019658088684,2025-04-14 17:37:10.213585,2025-04-14 17:37:19.252699,0 days 00:00:09.039114,0.3356339757080442,0.12209804651525437,8,0.12161159757171675,0.05951232720372289,0.09593563005502209,0.043540615986985776,0.07401952509241264,0.08892405155693003,0.00256147051298443,26,18,0.08407525062922484,0.10967418900900441,False,True,True,2.07391442683127e-07,COMPLETE
903,0.4428402781486512,2025-04-14 17:37:19.534542,2025-04-14 17:37:28.474470,0 days 00:00:08.939928,0.36337205118029425,0.1468673512309594,8,0.01271490716097641,0.05119875271842528,0.09568009510366285,0.04490058165373946,0.0800062963312953,0.08733364974412759,0.0021336340908108993,25,21,0.08512866548625453,0.10680441031694564,False,True,True,5.795359480548187e-07,COMPLETE
904,0.40147582292556766,2025-04-14 17:37:28.769161,2025-04-14 17:37:37.730052,0 days 00:00:08.960891,0.2962555326500136,0.10388607462968505,8,0.009073973534993505,0.04306298870691492,0.09491743434766825,0.046046661027632795,0.07664502765395631,0.0907905080244406,0.0029988936033017314,25,13,0.08845541308860426,0.09707927361752047,False,True,True,4.733211319015506e-07,COMPLETE
905,0.2794058322906494,2025-04-14 17:37:38.026676,2025-04-14 17:37:46.830187,0 days 00:00:08.803511,0.39460642823194836,0.10812535272176513,8,0.021093893774414122,0.048549266565528104,0.09992864378992833,0.04153025059675936,0.08217259887617956,0.08755347944047831,0.0019235899089799873,24,22,0.08624181043587065,0.10408708742678241,False,True,False,3.25548488576219e-07,COMPLETE
906,0.32612038850784303,2025-04-14 17:37:47.129311,2025-04-14 17:37:56.314810,0 days 00:00:09.185499,0.3788330242307845,0.1059545121938286,8,0.010055154360004823,0.043747851029463394,0.09772426842568477,0.0465700980705476,0.07193380198953146,0.09329211808227529,0.002525990858444352,26,19,0.025309491849861816,0.09599913477456488,False,True,True,2.588287685127108e-07,COMPLETE
907,0.3381211519241333,2025-04-14 17:37:56.597682,2025-04-14 17:38:05.584543,0 days 00:00:08.986861,0.4035944659347277,0.12626856574144615,8,0.01825342425722746,0.05867664203455429,0.09498236030562997,0.04911596479478149,0.0790449988569766,0.03591961111159227,0.001991559736579878,25,23,0.08876868953511857,0.11194521304054222,False,True,True,7.879710897899982e-07,COMPLETE
