number,value,datetime_start,datetime_complete,duration,params_alpha-eval,params_alpha-train,params_batch-size,params_eps-eval,params_eps-train,params_lambda-actions-eval,params_lambda-actions-train,params_lambda-frames-eval,params_lambda-frames-train,params_learning-rate,params_n-epochs,params_n-frames,params_radius-gw,params_rho,params_std-feats,params_ub-actions,params_ub-frames,params_weight-decay,state
452,0.21706125140190125,2025-04-14 16:27:05.129803,2025-04-14 16:27:13.681269,0 days 00:00:08.551466,0.5068360479216267,0.07479997970688397,8,0.016277767985862297,0.00931883378035503,0.09822593698150389,0.048042340772938535,0.06295327688764049,0.08409368826040853,0.0009348136311938644,22,34,0.09067870850868448,0.16544095434961362,True,True,True,3.360800263349664e-05,COMPLETE
453,0.43061034679412846,2025-04-14 16:27:13.825409,2025-04-14 16:27:21.869403,0 days 00:00:08.043994,0.5588580497371686,0.030308089958729974,8,0.022937148118079394,0.017190436791506628,0.09399712229064643,0.057050874500402304,0.07535110343411938,0.09158960774606001,0.0007436111010756471,19,27,0.08905927391536297,0.15653801443062926,False,True,True,4.378477159080244e-05,COMPLETE
454,0.4234662771224976,2025-04-14 16:27:22.023828,2025-04-14 16:27:30.425721,0 days 00:00:08.401893,0.4854454740159567,0.05260836323791647,8,0.0150546298198645,0.00973137131576447,0.09107350860208945,0.054966600830032304,0.0764821985700524,0.08761275627487276,0.0012947683513768722,21,36,0.09222325030721891,0.14926628167575678,False,True,True,0.00011409351508527224,COMPLETE
455,0.40688925981521606,2025-04-14 16:27:30.569376,2025-04-14 16:27:39.049370,0 days 00:00:08.479994,0.5261582519190495,0.0775165382858512,8,0.03236342830692915,0.014586906680877714,0.09622398740390312,0.048775812329248304,0.06920211986084032,0.08911303475523737,0.0008271365851298622,22,30,0.08619895213494182,0.13477435034509386,False,True,True,8.881452383786174e-05,COMPLETE
456,0.3649375200271606,2025-04-14 16:27:39.192877,2025-04-14 16:27:47.969300,0 days 00:00:08.776423,0.4548900189036176,0.07317454102143414,8,0.15296074164176807,0.023279817224836692,0.092868366299216,0.05744927554561718,0.08282060649906957,0.08626231585080141,0.0010426945536294472,24,32,0.05768159950445754,0.12854526874896643,False,True,True,6.42390448507335e-05,COMPLETE
457,0.5017476320266724,2025-04-14 16:27:48.123598,2025-04-14 16:27:56.765700,0 days 00:00:08.642102,0.5047771571368602,0.045233178581067846,8,0.026600835877624688,0.007095469473584494,0.09149526718991904,0.052011560738849924,0.07272611948354206,0.08400703571237231,0.0011162763103168708,23,35,0.09551130617225673,0.1438037554618968,False,True,True,5.177186490999407e-05,COMPLETE
458,0.4284552693367004,2025-04-14 16:27:56.908549,2025-04-14 16:28:05.616023,0 days 00:00:08.707474,0.5432194033109666,0.024855134214062352,8,0.01939803276114649,0.006820347490908695,0.09478823922008123,0.0576383298071953,0.06720479336042433,0.07934370177815434,0.0007771802283422279,23,25,0.09104499432589407,0.15668733830150125,False,True,True,0.00015110967285110848,COMPLETE
459,0.4106881380081177,2025-04-14 16:28:05.760283,2025-04-14 16:28:14.301812,0 days 00:00:08.541529,0.4903948653259662,0.0807051828884409,8,0.013061174522162454,0.015995805313176875,0.06820316248578753,0.05973991509573081,0.06504877593824286,0.0823248352831344,0.000914435579629539,22,29,0.0933884733628371,0.1385293425468174,False,True,True,9.717525306720192e-05,COMPLETE
460,0.22280354499816896,2025-04-14 16:28:14.455091,2025-04-14 16:28:22.916218,0 days 00:00:08.461127,0.46990089958878917,0.05964813527081438,8,0.0233107387776466,0.0056864914078265365,0.08990054537816727,0.0586662514991784,0.07080865771898165,0.09193914592725759,0.002110275630834199,21,104,0.08815382185049718,0.15043787604981718,False,True,True,0.00013186063182631826,COMPLETE
461,0.5231168985366821,2025-04-14 16:28:23.061559,2025-04-14 16:28:31.820883,0 days 00:00:08.759324,0.5312441589049558,0.04891329162468662,8,0.04380537989926088,0.011909025337722982,0.09312639382301019,0.05521171812921513,0.07864823891340521,0.08762781064345367,0.0006583786978579089,24,36,0.0988026405217337,0.16149169635199825,False,True,True,7.601311465709616e-05,COMPLETE
462,0.2892937541007996,2025-04-14 16:28:31.966417,2025-04-14 16:28:40.472552,0 days 00:00:08.506135,0.5140927942923061,0.08344467833495202,8,0.012608100043500367,0.022307108850450563,0.09752754683928762,0.059939388582198855,0.07192949990309293,0.08945373701457847,0.0015940337389901491,22,79,0.08996735941947819,0.18055290175676342,False,True,True,5.7050588106320314e-05,COMPLETE
463,0.4392697215080261,2025-04-14 16:28:40.628660,2025-04-14 16:28:48.911426,0 days 00:00:08.282766,0.5599442434225634,0.3295731421980389,8,0.01872899660627122,0.006349418634205225,0.091194770640316,0.056302128685903646,0.0855548167923464,0.0857658161599546,0.0004837990096357886,20,32,0.08670221981012619,0.1443543051801622,False,True,True,0.0001893359120674477,COMPLETE
464,0.19931281208992005,2025-04-14 16:28:49.058212,2025-04-14 16:28:57.564715,0 days 00:00:08.506503,0.47701369573906177,0.0285373350120737,8,0.028399726756308363,0.0001870556623138602,0.09002948748407028,0.045378198884075946,0.07413755191402673,0.013367506310886137,0.0011957984119392439,22,37,0.09664944534216592,0.1344290484179519,False,True,True,8.363581147364701e-05,COMPLETE
465,0.3947235345840454,2025-04-14 16:28:57.724800,2025-04-14 16:29:06.398071,0 days 00:00:08.673271,0.5000654289207678,0.06395604072886578,8,0.012078694214378955,0.014220628893285524,0.0952937583568825,0.060921547028288475,0.06842789752508917,0.09077796872872744,0.0006979652849749603,23,29,0.09274881934271945,0.1689475304625584,False,True,True,0.00011917128414409817,COMPLETE
466,0.2678011357784271,2025-04-14 16:29:06.545350,2025-04-14 16:29:14.902435,0 days 00:00:08.357085,0.521216813469255,0.08806519135051923,8,0.02013119003509109,0.15051082262565504,0.09316306897968785,0.05805495018028841,0.07644466324377969,0.08743379938704444,0.0009351441187004372,21,34,0.08848227185681488,0.1536708330048713,False,True,True,3.1612111711407684e-05,COMPLETE
467,0.255076003074646,2025-04-14 16:29:15.052096,2025-04-14 16:29:23.010325,0 days 00:00:07.958229,0.5424805838242467,0.4358758640503191,8,0.03544791160633289,0.010417851029761227,0.09004140367058913,0.009114104495075569,0.08343502293508251,0.0855241746648622,0.0005389045647886748,18,27,0.08182267339871173,0.12736059040523517,False,True,True,4.215559767231767e-05,COMPLETE
468,0.5179508328437805,2025-04-14 16:29:23.168943,2025-04-14 16:29:31.808245,0 days 00:00:08.639302,0.44199046636106065,0.011388026611513814,8,0.012777593461979072,0.01848329198174319,0.0966915121791146,0.054263534471092945,0.06921797111751886,0.06938880156827328,0.0007514823171698412,23,31,0.07204237282792354,0.14307963579853208,False,True,True,6.358565873262504e-05,COMPLETE
469,0.3957491040229798,2025-04-14 16:29:31.954999,2025-04-14 16:29:41.001043,0 days 00:00:09.046044,0.5713190517774168,0.9072625846998286,8,0.01775826808791974,0.006035134055109466,0.0925597754885215,0.06142900186551464,0.06255373843686832,0.05149579819137195,0.0013833324694758344,25,36,0.09458744219471746,0.14734382443620805,True,True,True,0.00010439948260507128,COMPLETE
470,0.3949139952659607,2025-04-14 16:29:41.148320,2025-04-14 16:29:49.598773,0 days 00:00:08.450453,0.49335869478528527,0.04108724126019622,8,0.011010471238930945,0.011628047601295691,0.09413381231259578,0.05156767515613879,0.07460897740864515,0.08197513337222168,0.001097735720257693,22,25,0.09067447833115938,0.13620930648489607,False,True,True,8.136951664526502e-05,COMPLETE
471,0.2875827193260193,2025-04-14 16:29:49.760893,2025-04-14 16:29:57.933892,0 days 00:00:08.172999,0.4637356056398194,0.06589463906142498,8,0.026790254355937845,0.006024501471329787,0.09095550320605379,0.05879967927780388,0.07955151795343147,0.09240597450343484,0.002939558954391481,20,33,0.085136049475665,0.1409058355201001,False,True,True,5.787533271104285e-05,COMPLETE
472,0.19931281208992005,2025-04-14 16:29:58.083669,2025-04-14 16:30:06.830230,0 days 00:00:08.746561,0.520556007476831,0.09190599809659873,8,0.021426376961928742,0.02308230684768639,0.08923667624517387,0.04146933668521378,0.0663679249628388,0.08938670917133876,0.03667724158958829,24,37,0.0915472687312089,0.15342379663049988,False,True,True,0.0001402883304164517,COMPLETE
473,0.4996480822563172,2025-04-14 16:30:06.981368,2025-04-14 16:30:15.356438,0 days 00:00:08.375070,0.5413218530831009,0.046654445847059585,8,0.010861977216641979,0.016740062571082383,0.07029799906106518,0.061055896965716415,0.07145913938072151,0.08375610957589202,0.0004417306855536077,21,30,0.08894001885978702,0.16292779072486346,False,True,True,1.0443790693341959e-08,COMPLETE
474,0.19931281208992005,2025-04-14 16:30:15.514820,2025-04-14 16:30:23.279708,0 days 00:00:07.764888,0.6025850945248836,0.07442453561739942,8,0.013893769511505553,0.2153708257617508,0.0952678173710859,0.056126042055355554,0.05890354317535568,0.0880051664269607,0.0005701027193312464,17,34,0.09335505070092753,0.13199123701950097,False,True,True,8.793879124336763e-05,COMPLETE
475,0.4085275292396546,2025-04-14 16:30:23.432350,2025-04-14 16:30:31.915803,0 days 00:00:08.483453,0.5120810580572697,0.10293534099440446,8,0.028968755971177533,0.0005271492009048884,0.09198068310476526,0.06290179578560191,0.04776419823488956,0.09139229464447449,0.0008924988198571217,22,29,0.08348042854376099,0.14842124358210923,False,True,True,0.00010929328417442558,COMPLETE
476,0.19931281208992005,2025-04-14 16:30:32.077437,2025-04-14 16:30:40.684658,0 days 00:00:08.607221,0.484642824478785,0.02898055981326944,8,0.22003516277249158,0.2464335464915488,0.0891347913340571,0.06009716724624685,0.06401765849993066,0.08485277167861992,0.0006281777593246809,23,37,0.09603797516106256,0.1399857113089812,False,True,True,4.940492887631993e-05,COMPLETE
477,0.5177378416061402,2025-04-14 16:30:40.833687,2025-04-14 16:30:50.166601,0 days 00:00:09.332914,0.5573582940725026,0.053787238421193456,8,0.02201804246192266,0.010424133511451883,0.09991725463527384,0.06586543811845245,0.07270407864496803,0.08670783578902924,0.0007977520453747965,28,32,0.08778406900460796,0.15823395074226165,False,True,True,6.998771295625434e-05,COMPLETE
478,0.3120603680610657,2025-04-14 16:30:50.315028,2025-04-14 16:30:58.390724,0 days 00:00:08.075696,0.5025395732171883,0.5775528161767136,8,0.009236994551235582,0.07662563429472433,0.09328866461239858,0.05831019719471207,0.07667336247597523,0.09001762247899091,0.0010569253776130407,19,27,0.09087246085539878,0.12923679811578712,False,True,True,9.497829534887117e-05,COMPLETE
479,0.48856568336486816,2025-04-14 16:30:58.553467,2025-04-14 16:31:06.696102,0 days 00:00:08.142635,0.45969031805363914,0.08347548994651499,8,0.05125245838794773,0.005228348971108376,0.09689238407058853,0.06233105636101884,0.06987407835793505,0.08790713790077087,0.0017597790508155783,19,36,0.09290321028682111,0.14534807831150406,False,True,True,0.000168922881528716,COMPLETE
480,0.436714780330658,2025-04-14 16:31:06.846083,2025-04-14 16:31:15.420801,0 days 00:00:08.574718,0.5353321830239037,0.066703185185576,8,0.0001716135849568149,0.01636170623817981,0.09085370339920053,0.06888544986367685,0.05657338534788025,0.07878503405671071,0.0013209052571273175,23,34,0.08644519761984985,0.15109402178874734,False,True,True,4.232653091386254e-05,COMPLETE
481,0.5330925822257996,2025-04-14 16:31:15.571701,2025-04-14 16:31:23.878580,0 days 00:00:08.306879,0.5888243680342872,0.09458330593874915,8,0.017178861721987577,0.005809664192075837,0.02621789223662853,0.05647612402986458,0.08706830602448595,0.08267208528286271,0.0007087002558719099,21,31,0.08956776402248386,0.13656063346529487,False,True,True,0.00012771532382866932,COMPLETE
482,0.22652167081832886,2025-04-14 16:31:24.040503,2025-04-14 16:31:32.361775,0 days 00:00:08.321272,0.6158593612925016,0.09717873497753204,8,0.03305187542208801,0.00021168413797770062,0.06485677616118261,0.0014159299456839441,0.08507896233564577,0.0805802494468203,0.0008648702842804169,21,25,0.09466509013738296,0.1253553895697838,False,True,True,0.00034082741261889845,COMPLETE
483,0.40502253770828245,2025-04-14 16:31:32.514913,2025-04-14 16:31:40.981296,0 days 00:00:08.466383,0.5862036976583445,0.046583549975377905,8,0.018739463829581266,0.02272636996581709,0.02869749169490652,0.053489956207652144,0.09584441622603192,0.0831364543169591,0.0006806375254784938,22,30,0.08949877661983557,0.134403711702384,False,True,True,0.00022127118737143124,COMPLETE
484,0.5184149503707887,2025-04-14 16:31:41.145685,2025-04-14 16:31:49.631421,0 days 00:00:08.485736,0.6348716866088759,0.010157157101440314,8,0.02615243054075779,0.013037710450508055,0.024547012891604894,0.05565116610436561,0.09891291503588491,0.08183012752010807,0.0010866940187426585,22,28,0.09180531807757682,0.1374305980598822,False,True,True,0.00014513815694710064,COMPLETE
485,0.5338292717933655,2025-04-14 16:31:49.782597,2025-04-14 16:31:57.962710,0 days 00:00:08.180113,0.5847732981552657,0.0724876327969076,8,0.01756431736897844,0.005945415661163666,0.013928192874125096,0.05641585292839328,0.08078775625279601,0.08419207823877163,0.00093379117723889,20,31,0.08582436822456364,0.13098048185539632,False,True,True,0.00012257621646768216,COMPLETE
486,0.36077126264572146,2025-04-14 16:31:58.114134,2025-04-14 16:32:06.275897,0 days 00:00:08.161763,0.6192187842886785,0.06585235420492845,8,0.023591415526519045,0.011206681828327719,0.008591886053066112,0.052751117439934686,0.09228187458061204,0.0774420124741171,0.001395438650300269,20,25,0.08385379041814238,0.17199936306044264,False,True,True,0.00017538055158444028,COMPLETE
487,0.531277084350586,2025-04-14 16:32:06.439620,2025-04-14 16:32:14.793164,0 days 00:00:08.353544,0.5780865797941643,0.031077124536197702,8,0.031870794231809246,0.01822016337346305,0.0027283117329109183,0.05667590283141454,0.08308717799417456,0.08392426489784664,0.0009940848172102141,21,31,0.07772870466403994,0.12497855646347084,False,True,True,0.00012589645628986962,COMPLETE
488,0.5188337683677673,2025-04-14 16:32:14.949188,2025-04-14 16:32:23.132819,0 days 00:00:08.183631,0.569591884206874,0.030322275902257362,8,0.031038661110284277,0.02146976729054459,0.01488474390896834,0.054385963533692995,0.08195724073962801,0.07998945324059879,0.001028700489988381,20,31,0.08069207077735623,0.12691114177041257,False,True,True,0.00027496651501513695,COMPLETE
489,0.43179553747177124,2025-04-14 16:32:23.284607,2025-04-14 16:32:31.749342,0 days 00:00:08.464735,0.6009988336298866,0.03175538656682041,8,0.029048232513639298,0.025362434285558233,0.011294054480027009,0.055595893567627515,0.08669478257735719,0.08138571168385789,0.0011741244678266677,21,28,0.07857305890476685,0.12314557283899367,True,True,True,0.00013235598296472856,COMPLETE
490,0.5368466258049012,2025-04-14 16:32:31.913161,2025-04-14 16:32:40.299517,0 days 00:00:08.386356,0.6579430587050548,0.041818250991543474,8,0.03884764959849074,0.01786529617150765,0.007606452028294654,0.05020496966240672,0.08093815672464283,0.08354375248375821,0.0009138206100442641,21,31,0.08140354569662518,0.12590205633678836,False,True,True,0.00019388820549447915,COMPLETE
491,0.4574030041694641,2025-04-14 16:32:40.453819,2025-04-14 16:32:48.731730,0 days 00:00:08.277911,0.718121734763881,0.028503416074405877,8,0.04292136035402769,0.015815579274638603,0.0024592805266036724,0.049720987015885794,0.08371887501723607,0.08346481388467081,0.0009630026623491079,20,31,0.08202826680894959,0.12531716425665818,False,True,True,1.6847531169156928e-07,COMPLETE
492,0.5088665962219239,2025-04-14 16:32:48.906641,2025-04-14 16:32:57.269357,0 days 00:00:08.362716,0.6839225469483973,0.0460011251984174,8,0.039880830043309626,0.018882079101805564,0.0024133408297518895,0.04983218925662464,0.08165824015012647,0.08167878805639925,0.001226079279957891,21,32,0.07639866353082053,0.12984707523575806,False,True,True,0.00021886788857407402,COMPLETE
493,0.35447463989257816,2025-04-14 16:32:57.425556,2025-04-14 16:33:05.727062,0 days 00:00:08.301506,0.6488835408108395,0.051655147579023376,8,0.05051876678241333,0.006362628820596331,0.006512025238111811,0.0461122702701044,0.0791260085098427,0.07873039784231436,0.0008779884781139792,21,33,0.08300272149158687,0.13225409896923127,False,True,True,0.0001553309593514057,COMPLETE
494,0.3119815349578858,2025-04-14 16:33:05.881920,2025-04-14 16:33:14.243059,0 days 00:00:08.361139,0.5895646136747971,0.013311776188131605,8,0.030863397027982693,0.011878425983707667,0.005468713122413489,0.048151969246975,0.08423490505511104,0.08441357229824543,0.0014844946182631996,21,28,0.08197059070018096,0.1239223388970928,False,True,True,0.00045336170455392014,COMPLETE
495,0.19931281208992005,2025-04-14 16:33:14.409613,2025-04-14 16:33:22.577506,0 days 00:00:08.167893,0.6207133889314188,0.04893321191103733,8,0.037931012849202375,0.26753799311663146,0.01275784836929661,0.05407793034054742,0.08182865128090865,0.08311025515284978,0.000983197363682498,20,30,0.07872127930445613,0.1368231352335089,False,True,True,0.0003038077383445418,COMPLETE
496,0.4601599931716919,2025-04-14 16:33:22.731997,2025-04-14 16:33:30.912466,0 days 00:00:08.180469,0.582082111250236,0.07394529740272858,8,0.036486272685266656,0.005923066888800269,0.008210903381596704,0.0515670892408082,0.08742883257013574,0.08467198002042858,0.0008123042002056355,20,34,0.0844842008434438,0.1273852284396722,False,True,True,0.00023538540491590835,COMPLETE
497,0.5489348530769348,2025-04-14 16:33:31.067783,2025-04-14 16:33:39.409741,0 days 00:00:08.341958,0.6056839783597374,0.027935570592965718,8,0.04782728943753746,0.01863204632507523,0.003794114235841379,0.052776175133896056,0.08079019309278739,0.08058288811907212,0.0010397970168033023,21,31,0.08075763527658575,0.13529372414036236,False,True,True,0.00016394336764969365,COMPLETE
498,0.4402466654777527,2025-04-14 16:33:39.573809,2025-04-14 16:33:47.915394,0 days 00:00:08.341585,0.5828126901494929,0.02618299141109666,8,0.03932941979843031,0.027055205749148242,0.0031677316348480153,0.049877186842293864,0.08024069777314084,0.07771292893180559,0.0016949953748921658,21,24,0.08119026164201512,0.13359671129092834,False,True,True,0.00015402848758212646,COMPLETE
499,0.5333891034126282,2025-04-14 16:33:48.073260,2025-04-14 16:33:56.108322,0 days 00:00:08.035062,0.6614727547318151,0.01071428318513874,8,0.04287586928165277,0.01933844099166619,0.0014377721890439753,0.05155580226291118,0.08033844749198699,0.07986245851632512,0.0012191329004458858,19,29,0.07665894814224371,0.12264290239782888,False,True,True,0.00021581076967123452,COMPLETE
500,0.3880520582199097,2025-04-14 16:33:56.276088,2025-04-14 16:34:04.468304,0 days 00:00:08.192216,0.6787787276209535,0.02971218265771312,8,0.0507323664573385,0.02585752591050365,0.0021976212110585234,0.05148416235918103,0.07947624001042537,0.07972556275006462,0.0013354853884483093,20,26,0.07862065458821195,0.12477792679624139,False,True,True,0.00019504943833444343,COMPLETE
501,0.20819837450981143,2025-04-14 16:34:04.626783,2025-04-14 16:34:12.695884,0 days 00:00:08.069101,0.5927418213738255,0.024407601829190228,8,0.040359601047035634,0.019502163045699933,0.003645670969485317,0.04780239360868663,0.08203165666705983,0.07346912790017626,0.002016954975964479,19,27,0.07772951115338837,0.1306422688855456,False,True,True,0.0002734470113673993,COMPLETE
502,0.3997559309005737,2025-04-14 16:34:12.855875,2025-04-14 16:34:21.111131,0 days 00:00:08.255256,0.6537886235356611,0.01438681084048898,8,0.053955638479181195,0.029854199198256076,0.007366193905273408,0.0521980707267463,0.07783149119232943,0.07986948048237204,0.001186121030749558,20,29,0.07669128740025791,0.12472229892200146,False,True,True,0.00021376356816857182,COMPLETE
503,0.3454860329627991,2025-04-14 16:34:21.280647,2025-04-14 16:34:29.293338,0 days 00:00:08.012691,0.8314406199935236,0.01401663634342909,8,0.03886494017770304,0.016949684973868173,0.0014667275122357236,0.05166566271599751,0.0804729528168612,0.07730859110336573,0.0010989809104398614,19,23,0.07584845077666098,0.13608830972326458,False,True,True,0.00017190761200053023,COMPLETE
504,0.40121910572052005,2025-04-14 16:34:29.449728,2025-04-14 16:34:37.781130,0 days 00:00:08.331402,0.5737451567649084,0.011047616829085647,8,0.043332179621315914,0.0235359704261164,0.01691524679032616,0.04842195858103392,0.0843657613336706,0.07543346810320974,0.0015102391867231537,21,30,0.08389793939894402,0.14002461716004014,False,True,True,0.0001284202751031088,COMPLETE
505,0.536222779750824,2025-04-14 16:34:37.952898,2025-04-14 16:34:46.221685,0 days 00:00:08.268787,0.6965838841656483,0.03739621521640837,8,0.04527135704140979,0.018579508547647235,0.004814986480782579,0.05299926932696516,0.08454320013239822,0.0811276685053102,0.0012505018199672317,20,32,0.0743099880829602,0.12108770555866888,False,True,True,0.00018783093194517025,COMPLETE
506,0.2853449106216431,2025-04-14 16:34:46.379843,2025-04-14 16:34:54.588408,0 days 00:00:08.208565,0.6623058779536283,0.039573044708343726,8,0.04373083394068383,0.022179959232870097,0.009302361847819442,0.050478629958143735,0.08487129434160662,0.07908780814767091,0.0018569131961610745,20,31,0.07733879602774806,0.12368476218971519,False,True,True,0.0002848514842340662,COMPLETE
507,0.3804561853408813,2025-04-14 16:34:54.748790,2025-04-14 16:35:03.048913,0 days 00:00:08.300123,0.7339940408905403,0.03812965771586239,8,0.04671059123610802,0.03054580131810672,0.004433519454350098,0.05297252626333785,0.08837534642832233,0.07608427613254401,0.0014257109148563144,21,27,0.07314765144369331,0.12193336718922039,False,True,True,0.0001881357464121681,COMPLETE
508,0.5130591869354248,2025-04-14 16:35:03.217177,2025-04-14 16:35:11.449275,0 days 00:00:08.232098,0.6912905183338163,0.030960131758146818,8,0.03720305380589242,0.01842056308333846,0.006994645223529692,0.04944270374412908,0.08436372283131632,0.08156086010759458,0.0011294148059317957,20,32,0.08041360020441153,0.12981148862782357,False,True,True,0.00024541122739633344,COMPLETE
