number,value,datetime_start,datetime_complete,duration,params_alpha-eval,params_alpha-train,params_batch-size,params_eps-eval,params_eps-train,params_lambda-actions-eval,params_lambda-actions-train,params_lambda-frames-eval,params_lambda-frames-train,params_learning-rate,params_n-epochs,params_n-frames,params_radius-gw,params_rho,params_std-feats,params_ub-actions,params_ub-frames,params_weight-decay,state
913,0.19931281208992005,2025-04-12 20:21:33.079146,2025-04-12 20:21:42.651353,0 days 00:00:09.572207,0.4310730352521148,0.49244300082557546,8,0.051846400296968166,0.183598535705515,0.0808138391334978,0.04686368667757871,0.04868855838289555,0.09516084293083567,0.04466322894724852,29,24,0.037889619426207055,0.12729633558380987,True,True,True,3.7188791807886946e-07,COMPLETE
914,0.28648738861083983,2025-04-12 20:21:42.953959,2025-04-12 20:21:52.021693,0 days 00:00:09.067734,0.4898423212325794,0.4641710723605095,8,0.058018168778798784,0.15938668151338756,0.07802922675628014,0.06101088583785337,0.04666057507116839,0.08621160197890737,0.08337597448511373,25,34,0.04513738176463695,0.18909471520575585,True,True,True,4.77528422170662e-07,COMPLETE
915,0.2826502859592438,2025-04-12 20:21:52.309507,2025-04-12 20:22:01.334598,0 days 00:00:09.025091,0.5117567732486351,0.43177538211001987,8,0.03832758286597896,0.1723889978371281,0.07569156538457146,0.05041811472470519,0.03685598673916846,0.09773817607949489,0.054283624659466914,25,27,0.0890607420279737,0.1807544673477613,True,True,True,6.485668944229782e-07,COMPLETE
916,0.2614003837108612,2025-04-12 20:22:01.631225,2025-04-12 20:22:10.522588,0 days 00:00:08.891363,0.4423401125989113,0.39576629598052204,8,0.043912962142334165,0.17779681455164856,0.08165289738402112,0.042802219652076035,0.04346500751456578,0.09344844608358932,0.06955886069689497,24,22,0.048869419098366694,0.16657465509875322,True,True,True,5.735670054991213e-07,COMPLETE
917,0.18138626217842102,2025-04-12 20:22:10.824207,2025-04-12 20:22:29.996130,0 days 00:00:19.171923,0.41819916153086845,0.4813149095479434,2,0.051840500621017624,0.18559771021822644,0.08657561459730631,0.05940179029161906,0.03933863562433364,0.08838871662866417,0.07480517876252697,25,29,0.04135261038465163,0.17755267123955712,True,True,True,8.239042155433897e-07,COMPLETE
918,0.2698917031288147,2025-04-12 20:22:30.302002,2025-04-12 20:22:39.254247,0 days 00:00:08.952245,0.46676710219591583,0.30133126336887994,8,0.03256276431579114,0.16990500692480098,0.07930268772296775,0.05141798250872293,0.028516918559926545,0.09648354186358545,0.08528890610515706,24,33,0.046749507684263426,0.14805534485741287,True,True,True,1.201824628555994e-07,COMPLETE
919,0.2628415107727051,2025-04-12 20:22:39.543199,2025-04-12 20:22:48.576933,0 days 00:00:09.033734,0.49260131984728694,0.41549843247990603,8,0.0661312810618691,0.15249047582939537,0.08126221746453406,0.04709693638983634,0.04500575803489466,0.09121314070191211,0.0603065756160975,25,25,0.04364624811790054,0.18456035322406142,True,True,True,1.0105625880470496e-06,COMPLETE
920,0.23567767143249513,2025-04-12 20:22:48.877438,2025-04-12 20:22:57.939251,0 days 00:00:09.061813,0.5190034947995479,0.4476618349244788,8,0.046126180148666394,0.17952063214617345,0.08569798606858002,0.061482231271678116,0.00486297258546774,0.09472156313826001,0.05286057418276548,25,30,0.052084422615615376,0.20215122317736597,True,True,True,8.741168566536275e-05,COMPLETE
921,0.31335613727569583,2025-04-12 20:22:58.243424,2025-04-12 20:23:07.202915,0 days 00:00:08.959491,0.4560414360913612,0.5116461542891195,8,0.05779675623858794,0.022961428557634046,0.007200453064697979,0.05610524847981559,0.033240729220189044,0.08355377384839001,0.00024851093708548627,24,40,0.04938410735740227,0.15941072509935494,True,True,True,3.910756979029289e-07,COMPLETE
922,0.19931281208992005,2025-04-12 20:23:07.508552,2025-04-12 20:23:16.194196,0 days 00:00:08.685644,0.48016779641029356,0.496799364139698,8,0.09043133536641094,0.18719867727625977,0.07745137380845048,0.04824571886861441,0.008138091113509981,0.0979609362919326,0.08845649689774383,23,18,0.0474690653986151,0.17287150432266127,True,True,True,2.2588986830748722e-07,COMPLETE
923,0.29593648910522463,2025-04-12 20:23:16.485087,2025-04-12 20:23:25.463808,0 days 00:00:08.978721,0.5130995023181293,0.46443763164526725,8,0.039471888642711964,0.1901690628009688,0.0824412499762281,0.05236092553849273,0.042676829765920486,0.0925851545234901,0.09961893202019398,25,27,0.04534478919437926,0.1915229689774218,True,True,True,5.414478453874294e-07,COMPLETE
924,0.3064824104309082,2025-04-12 20:23:25.766565,2025-04-12 20:23:34.861697,0 days 00:00:09.095132,0.42787346579565544,0.4274306217387154,8,0.049751300368436904,0.01798870199884925,0.07938467301969804,0.05889237512020198,0.05060776349629367,0.09819224403863748,0.06979773993571955,25,57,0.05460591602939657,0.18463051521630508,True,True,True,7.444216758381746e-07,COMPLETE
925,0.19931281208992005,2025-04-12 20:23:35.165308,2025-04-12 20:23:43.956837,0 days 00:00:08.791529,0.49788671241474547,0.3808275289957121,8,0.06383120927411536,0.18188628131418846,0.08819372676020673,0.05507829799424737,0.0033374790598745454,0.0895767957691969,0.09988324594344881,24,22,0.04206308714491902,0.16451830677799112,False,True,True,7.14697826862022e-07,COMPLETE
926,0.288618266582489,2025-04-12 20:23:44.264269,2025-04-12 20:23:53.132174,0 days 00:00:08.867905,0.4472393384816103,0.4815168736500173,8,0.05582203003006735,0.16294239543606204,0.07350715019549918,0.04406451342933544,0.005466286940659317,0.09521624274637666,0.041109123769367484,24,36,0.04982115053647609,0.17691486128474937,True,True,True,3.140486119774849e-07,COMPLETE
927,0.42142431735992436,2025-04-12 20:23:53.422377,2025-04-12 20:24:02.495539,0 days 00:00:09.073162,0.47342327020548713,0.44326030147926937,8,0.04365661297783229,0.1732320697714874,0.08445945405247232,0.05705291583369113,0.008309594731563548,0.09701997538774366,0.06516852035314719,25,32,0.044098410812127085,0.15348099907597543,True,True,True,1.9177542907728125e-07,COMPLETE
928,0.34075562953948973,2025-04-12 20:24:02.799824,2025-04-12 20:24:12.280093,0 days 00:00:09.480269,0.5197806487655461,0.34636252276124824,8,0.03167416502799149,0.03336129233776193,0.08117405164550982,0.053112465453855486,0.041004653419750015,0.09378456501576651,0.0484158219791742,28,25,0.046467333152488126,0.10896035558586067,True,True,True,5.293476218388631e-07,COMPLETE
929,0.43155138492584233,2025-04-12 20:24:12.583672,2025-04-12 20:24:21.606113,0 days 00:00:09.022441,0.4155148405956356,0.51782731902674,8,0.04968196299621614,0.18642737348325528,0.07588867026059162,0.050751484509102884,0.004002081802594735,0.09139287826746675,0.07746025948434343,25,28,0.0522666069612232,0.1942814261057692,True,True,True,1.2616496572726126e-06,COMPLETE
930,0.2924152910709381,2025-04-12 20:24:21.914018,2025-04-12 20:24:30.648748,0 days 00:00:08.734730,0.4610356706614363,0.4100681423620727,8,0.0377040522329376,0.177115289764781,0.0833553925480343,0.062177033133783935,0.038230323097163864,0.08094149014912173,0.0608299071887026,23,31,0.04029862912344234,0.17125777151869442,True,True,True,4.251954947125718e-07,COMPLETE
931,0.3681623935699463,2025-04-12 20:24:30.943468,2025-04-12 20:24:39.738453,0 days 00:00:08.794985,0.49636335324320646,0.45397491861853256,8,0.07098101534835485,0.19066762080360028,0.07856332392340398,0.07263270385580446,0.04826684125150891,0.09796323794970416,0.08334202280279072,24,24,0.04812924874219397,0.18820143097227074,True,True,False,8.39166938561972e-07,COMPLETE
932,0.4409649848937989,2025-04-12 20:24:40.042461,2025-04-12 20:24:49.033238,0 days 00:00:08.990777,0.4439581591778085,0.4749008128481564,8,0.057310425013391106,0.18100491611188707,0.08529147673525174,0.058067712381887994,0.0455008781648906,0.09580910689639362,0.07331408700050389,25,28,0.04584509240845696,0.17990389076473548,True,True,True,6.203074534614778e-07,COMPLETE
933,0.37964417934417727,2025-04-12 20:24:49.338972,2025-04-12 20:24:58.373956,0 days 00:00:09.034984,0.47903861610695014,0.4770413364377504,8,0.06628773972119022,0.16848691686149694,0.0696304790173932,0.05896183406694,0.04509403949858212,0.08744118894285803,0.052744238011578785,25,35,0.04301272854980932,0.2031630874664546,True,True,True,4.939937636687596e-07,COMPLETE
934,0.38380181789398193,2025-04-12 20:24:58.683259,2025-04-12 20:25:07.877613,0 days 00:00:09.194354,0.5019077787421393,0.4649766674016987,8,0.07667294935289615,0.1791890080062422,0.08288105933687279,0.06453451467444268,0.04689693936272619,0.09283373160802558,0.06297363882158599,26,30,0.04469325967339188,0.18259635572573515,True,True,True,3.614946845017439e-07,COMPLETE
935,0.19931281208992005,2025-04-12 20:25:08.188890,2025-04-12 20:25:17.120363,0 days 00:00:08.931473,0.4589588455258058,0.49753926815095034,8,0.060447374806560095,0.18312997292526859,0.08057548065841642,0.06042964250904544,0.04410666175779246,0.09488629649823185,0.07002248476888052,25,15,0.042420264027751675,0.13811706795911546,True,True,True,5.847373048641979e-07,COMPLETE
936,0.427900779247284,2025-04-12 20:25:17.413465,2025-04-12 20:25:26.573526,0 days 00:00:09.160061,0.512285552870907,0.4846806127562353,8,0.0613439397547121,0.1747652468815805,0.05826531625313096,0.05973574572768603,0.045801869428811204,0.09117951895288486,0.03896925296492444,26,33,0.04579341399363228,0.19342578299347282,True,True,True,6.199607788268863e-07,COMPLETE
937,0.4108633160591125,2025-04-12 20:25:26.881791,2025-04-12 20:25:35.900067,0 days 00:00:09.018276,0.4419140808018304,0.4424123447850962,8,0.056736379137202086,0.1833903305096769,0.08539492946147437,0.06322658790697211,0.043605375514538136,0.08934345681939519,0.05301271233534971,25,27,0.03946767291949768,0.16214794598567958,True,True,True,4.6545672915104147e-07,COMPLETE
938,0.2993176758289337,2025-04-12 20:25:36.209194,2025-04-12 20:25:45.391028,0 days 00:00:09.181834,0.48000388172976927,0.4627742702161413,8,0.06762384173694898,0.1681718189720208,0.07734545271043533,0.0580839837279016,0.047109598809799515,0.09471838902147563,0.0866974565548783,26,37,0.044679182482242966,0.18717062970724888,True,True,True,3.895727118208115e-07,COMPLETE
939,0.19931281208992005,2025-04-12 20:25:45.701661,2025-04-12 20:26:04.901046,0 days 00:00:19.199385,0.4145082353957607,0.497448383093657,2,0.055828067769153056,0.17849110862058165,0.08167673796587052,0.062198766875748344,0.04266677614138221,0.09290777486893047,0.0998624270687809,25,21,0.04671780903923008,0.11939180204640107,True,True,True,2.989179500433484e-07,COMPLETE
940,0.3778382658958435,2025-04-12 20:26:05.199765,2025-04-12 20:26:14.395490,0 days 00:00:09.195725,0.5231932065691016,0.4325722798218861,8,0.06237435094526318,0.18938713002464666,0.07955567293089684,0.057181153683381995,0.05006781056140146,0.0999210571724629,0.06567479685313932,26,29,0.05015577034298231,0.17272785627875528,True,True,True,6.52477754996008e-07,COMPLETE
941,0.4065667510032654,2025-04-12 20:26:14.703642,2025-04-12 20:26:23.656225,0 days 00:00:08.952583,0.488762449492413,0.46816571874286295,8,0.07191362351172834,0.17454536706933163,0.07398852983882787,0.05962019017454522,0.04910516875646378,0.048049021152187905,0.04716239022323495,25,24,0.04323461468790531,0.18005859929369133,True,True,True,4.852636616385152e-07,COMPLETE
942,0.3987967610359192,2025-04-12 20:26:23.966819,2025-04-12 20:26:33.432468,0 days 00:00:09.465649,0.46654932900113183,0.41054706383158923,8,0.05416686297808261,0.18467899053696882,0.08370980614292495,0.05704005686618455,0.0414623967965943,0.09577619353729167,0.07203693554753092,28,32,0.04071669124353501,0.15151466962564272,True,True,True,7.13601386223166e-07,COMPLETE
943,0.43217369318008425,2025-04-12 20:26:33.743973,2025-04-12 20:26:42.858336,0 days 00:00:09.114363,0.43990301457503933,0.5046063957119584,8,0.05158725819245431,0.163126542254767,0.08023850559637274,0.06097158799518226,0.030445783934369315,0.0901712010031675,0.05661858432870497,26,26,0.04787349046685854,0.19532756430885864,True,True,True,5.566460865429734e-07,COMPLETE
944,0.37563865184783934,2025-04-12 20:26:43.177491,2025-04-12 20:26:52.776751,0 days 00:00:09.599260,0.5329423009266513,0.4822901321783041,8,0.0626435385733327,0.043780152571196426,0.08458323195709537,0.05600190596469207,0.04522484324740156,0.09836612473763212,0.002964719039877815,29,21,0.04541376532538283,0.16625835784894866,False,True,True,1.3857305351432975e-07,COMPLETE
945,0.4195438623428345,2025-04-12 20:26:53.077585,2025-04-12 20:27:02.387084,0 days 00:00:09.309499,0.40012790927199593,0.4505755012917381,8,0.057305041017548325,0.19207629727285752,0.0758731260554891,0.049026249376563046,0.04761982996459875,0.0961391829795571,0.08310617026691244,27,29,0.049737217754932686,0.1455816551194095,True,True,True,4.1775992137240924e-07,COMPLETE
946,0.42524094581604005,2025-04-12 20:27:02.698374,2025-04-12 20:27:11.728118,0 days 00:00:09.029744,0.5114175285588372,0.42781058157037005,8,0.04993388763424131,0.1802564307672922,0.08264233802408189,0.05882752865894886,0.035953951300302475,0.09238009023247477,0.07309731237384373,25,34,0.04368248187550801,0.18709815657001547,True,True,True,2.491655339032563e-07,COMPLETE
947,0.4407343029975891,2025-04-12 20:27:12.039291,2025-04-12 20:27:21.070488,0 days 00:00:09.031197,0.45940148948576226,0.39977678750015117,8,0.06836517081062822,0.18860766949509433,0.078010962416425,0.05478116510725751,0.009073284174011119,0.08531830372040342,0.060149735427080506,25,25,0.046708656530285206,0.17649608161875519,True,True,True,7.213614497542426e-07,COMPLETE
948,0.28801700472831726,2025-04-12 20:27:21.383771,2025-04-12 20:27:30.543337,0 days 00:00:09.159566,0.45822229145161003,0.3780644127581136,8,0.0724455126198253,0.19095863996681298,0.07715965396791492,0.054395490314594126,0.009184723839934992,0.08283227824582472,0.037157207883576286,26,30,0.041533983331099034,0.1714266052688708,True,True,True,6.032049420978051e-07,COMPLETE
949,0.19931281208992005,2025-04-12 20:27:30.845368,2025-04-12 20:27:39.838893,0 days 00:00:08.993525,0.42585085779778153,0.39766590255935086,8,0.07359817864986362,0.18842505589863398,0.07823501136445958,0.05620617759728648,0.007365283199558963,0.08810340689175669,0.04077372107279271,25,26,0.07531772446718944,0.16101741873096928,True,True,True,4.872063428500835e-07,COMPLETE
950,0.40441814661026,2025-04-12 20:27:40.147635,2025-04-12 20:27:49.313686,0 days 00:00:09.166051,0.44788488095491324,0.413266217041946,8,0.07731630988378856,0.1950250437564069,0.07349450995020829,0.052686407353441524,0.008168167922621266,0.07931008722477492,0.04785927994225749,26,28,0.04610902104850508,0.17538403092784816,True,True,False,3.147504266343886e-07,COMPLETE
951,0.3614553928375244,2025-04-12 20:27:49.626452,2025-04-12 20:27:58.799040,0 days 00:00:09.172588,0.46569507000586446,0.3519767783431387,8,0.08457936596833864,0.18710294415917325,0.07203601764599334,0.054789501712716224,0.011709399256322688,0.08166868055329322,0.04790888617713213,26,31,0.044106490585900084,0.1570757339454204,True,True,True,7.353000439055062e-07,COMPLETE
952,0.19931281208992005,2025-04-12 20:27:59.113163,2025-04-12 20:28:08.155495,0 days 00:00:09.042332,0.43190741113208975,0.37160743088871107,8,0.06786160610614786,0.1932103961002078,0.0749284700881467,0.057689355841512,0.010334152738296217,0.08686113051132965,0.0560527599322509,25,25,0.0384311451927415,0.16739096281175478,True,True,True,3.6188997991554356e-07,COMPLETE
953,0.40643709897994995,2025-04-12 20:28:08.471551,2025-04-12 20:28:17.797372,0 days 00:00:09.325821,0.47710230362797773,0.3917334740983093,8,0.06570185093718157,0.1821465564718854,0.07645904829582029,0.05233849487086595,0.008193768032873762,0.08498671587790399,0.05841748457352829,27,36,0.046307803868982964,0.1809162315640036,True,True,True,6.157439858432915e-07,COMPLETE
954,0.42932734489440916,2025-04-12 20:28:18.098514,2025-04-12 20:28:27.119078,0 days 00:00:09.020564,0.43949585567670185,0.3944017058386514,8,0.06373681465578762,0.18631656993651335,0.07830552186630761,0.055596969379225245,0.005778026761408512,0.08463282702371205,0.05805897317745052,25,33,0.043151043708045456,0.1742609958894696,True,True,True,4.484476262810166e-07,COMPLETE
955,0.2708205938339234,2025-04-12 20:28:27.433686,2025-04-12 20:28:36.655166,0 days 00:00:09.221480,0.41015446868938477,0.4287418709607386,8,0.06854893746370182,0.19479533354132716,0.07544009503967777,0.05117689990319799,0.00353840266182086,0.0849089389663321,0.04729902817988149,26,28,0.04495346992287586,0.16799100445741488,True,True,True,8.624636075112808e-08,COMPLETE
956,0.4367485642433167,2025-04-12 20:28:36.971067,2025-04-12 20:28:46.031887,0 days 00:00:09.060820,0.45151404506152515,0.5250826225327333,8,0.05687361949050899,0.18393700986064293,0.07927671982962652,0.04610648033631195,0.010228598237935475,0.08701874535208282,0.06341497664912255,25,23,0.047722634179388906,0.17735781057785147,True,True,True,7.770650571909714e-07,COMPLETE
957,0.19931281208992005,2025-04-12 20:28:46.349705,2025-04-12 20:28:55.437273,0 days 00:00:09.087568,0.4549116369256209,0.5424061732468978,8,0.08036449210628399,0.18273478811866636,0.0805151723917114,0.04482017191065805,0.010774125461520125,0.0863998472178611,0.036732489451841974,25,18,0.04840987331681416,0.17673944159681215,True,True,True,9.06845606067082e-07,COMPLETE
958,0.43437647819519043,2025-04-12 20:28:55.753323,2025-04-12 20:29:04.768555,0 days 00:00:09.015232,0.45057272553494304,0.5242078047966424,8,0.06150038510870129,0.1782050595852555,0.07938669995725929,0.04127798568338314,0.008576701707018452,0.08376724255876937,0.049782845343684025,25,23,0.047932488008669547,0.17010406235062853,True,True,True,1.0024033957784591e-06,COMPLETE
959,0.19931281208992005,2025-04-12 20:29:05.073960,2025-04-12 20:29:24.104703,0 days 00:00:19.030743,0.42441115218259995,0.524229435557787,2,0.17202802613160173,0.18496339814834217,0.08009641669962238,0.046530444312983574,0.01289854981596449,0.08622508872937068,0.041927472721078295,25,22,0.04737185232744056,0.16346204181736468,True,True,True,8.012717277245518e-07,COMPLETE
960,0.4258504271507263,2025-04-12 20:29:24.426662,2025-04-12 20:29:33.521093,0 days 00:00:09.094431,0.4660239856729933,0.5027168004011288,8,0.06678175564298355,0.18938126677281542,0.08158598839655153,0.04262701734456257,0.012007712450755575,0.08246674740074436,0.06014401633832092,25,25,0.04852734158308498,0.17776934168690492,True,True,True,7.360352178046769e-07,COMPLETE
961,0.19931281208992005,2025-04-12 20:29:33.835006,2025-04-12 20:29:42.821089,0 days 00:00:08.986083,0.4817353409285588,0.5298795633978474,8,0.0577063098985199,0.18023932049987168,0.07756638916333289,0.04379616085001434,0.0119116059053202,0.08700869072515224,0.06016713195970909,25,21,0.024431071382174818,0.1710375779868996,True,True,True,9.59287890107135e-07,COMPLETE
962,0.3733905553817749,2025-04-12 20:29:43.137426,2025-04-12 20:29:52.088561,0 days 00:00:08.951135,0.3999773067527069,0.512105906203575,8,0.07252187476541576,0.18766515793434013,0.0789630325878515,0.05811032184017627,0.009581352662652308,0.08544731351369829,0.05077998974907743,25,24,0.046549700477004984,0.15565965429514958,True,True,True,5.967769514339e-08,COMPLETE
963,0.19931281208992005,2025-04-12 20:29:52.404707,2025-04-12 20:30:01.270811,0 days 00:00:08.866104,0.44349514167870135,0.542300702100073,8,0.061472280454404345,0.17789873085732902,0.08135647276955776,0.04588013370382389,0.008699062066416338,0.08778724270685727,0.0643846427553015,24,19,0.050513505480330956,0.17625647823840004,True,True,True,6.729492408199531e-07,COMPLETE
964,0.41585335731506345,2025-04-12 20:30:01.575292,2025-04-12 20:30:10.517178,0 days 00:00:08.941886,0.42298033263003515,0.5144502135615199,8,0.05692514587567645,0.1923478714905599,0.07635363315704882,0.0600390190937746,0.010523317950848675,0.08868342963227369,0.06713556692282863,25,26,0.04603681931260189,0.1817189752845796,False,True,True,8.04288325495776e-07,COMPLETE
965,0.3625022292137146,2025-04-12 20:30:10.831123,2025-04-12 20:30:19.810379,0 days 00:00:08.979256,0.4676173166284482,0.4869035275850014,8,0.06651594561221573,0.18474115428429988,0.08217416939668691,0.06295041333585348,0.0098818384555718,0.08526082044431595,0.04513150545198627,24,43,0.048835300521343133,0.16495729042017168,True,True,True,1.2199776409388142e-06,COMPLETE
966,0.4309263229370117,2025-04-12 20:30:20.128162,2025-04-12 20:30:29.127424,0 days 00:00:08.999262,0.4437119706200741,0.5529597460518664,8,0.06038323631529713,0.174778554889801,0.07937881618591745,0.03982018103868937,0.014351139477841493,0.08040903594990137,0.054750234120937304,25,31,0.04391621743896687,0.16926866747211947,True,True,True,5.999806865759245e-07,COMPLETE
967,0.42686465978622434,2025-04-12 20:30:29.443058,2025-04-12 20:30:38.538643,0 days 00:00:09.095585,0.4801164091071382,0.5317559023272977,8,0.05594678909609293,0.18284654386242652,0.08773028943482174,0.05645173301511554,0.026257638919324654,0.0891592199794402,0.06902912134274304,26,23,0.05165827470588142,0.1584369458125924,True,True,True,1.9893500827017273e-07,COMPLETE
968,0.4130930542945862,2025-04-12 20:30:38.858441,2025-04-12 20:30:47.738415,0 days 00:00:08.879974,0.4271180471633216,0.48118629499926485,8,0.0623107007880802,0.19262210433229,0.0844165602056577,0.05388011474751467,0.0067314273097732885,0.08308404303442389,0.0747001162329798,24,38,0.04227031849598756,0.1264118286571528,True,True,True,9.507780537122088e-07,COMPLETE
969,0.37541763782501225,2025-04-12 20:30:48.046727,2025-04-12 20:30:56.967655,0 days 00:00:08.920928,0.49124864489683284,0.5022515374778387,8,0.07066933302124179,0.08409698593519348,0.07751992453471959,0.05781612069939024,0.012519526595324152,0.08722786794204213,0.05709499854617473,25,28,0.047093535156038764,0.1751204654402539,True,True,False,7.004534628196279e-07,COMPLETE
