number,value,datetime_start,datetime_complete,duration,params_alpha-eval,params_alpha-train,params_batch-size,params_eps-eval,params_eps-train,params_lambda-actions-eval,params_lambda-actions-train,params_lambda-frames-eval,params_lambda-frames-train,params_learning-rate,params_n-epochs,params_n-frames,params_radius-gw,params_rho,params_std-feats,params_ub-actions,params_ub-frames,params_weight-decay,state
227,0.420746636390686,2025-04-12 18:33:25.959636,2025-04-12 18:33:39.010165,0 days 00:00:13.050529,0.726830410667993,0.9081139774800889,2,0.026463010698362165,0.2844239320627396,0.09326539220121051,0.020452578579281948,0.08486552199944537,0.02636122360605755,0.0794242769504508,13,103,0.05892414836664959,0.2689593647779715,True,True,True,6.826957461258936e-07,COMPLETE
228,0.4141478776931763,2025-04-12 18:33:39.085404,2025-04-12 18:33:52.054581,0 days 00:00:12.969177,0.7203095387353275,0.9058505141690227,2,0.02630277934054699,0.2718749867149341,0.09421815521119643,0.02897625356005363,0.08558364103002634,0.04683175071402267,0.03156860204584076,13,102,0.06469530094889843,0.2597770351843575,True,True,True,6.362455644556942e-07,COMPLETE
229,0.4218461394309998,2025-04-12 18:33:52.129001,2025-04-12 18:34:05.743845,0 days 00:00:13.614844,0.7364469910674829,0.9552786316999128,2,0.03409597645557372,0.2795620173357947,0.09775263795411449,0.02268250726695648,0.08843988742717776,0.02627580054878664,0.08694184525230797,14,118,0.06205794928657972,0.26748303731840817,True,True,True,3.4751947145133295e-07,COMPLETE
230,0.40768392086029054,2025-04-12 18:34:05.816992,2025-04-12 18:34:19.525876,0 days 00:00:13.708884,0.6537955527757869,0.9583791374146745,2,0.03421900746744452,0.27748482008577885,0.09793651441954009,0.026348734033056893,0.09101474180169601,0.037341546562266716,0.0994229616584333,14,117,0.061571815831060944,0.2648033063438503,True,True,True,3.750946928955329e-07,COMPLETE
231,0.4186192035675049,2025-04-12 18:34:19.600392,2025-04-12 18:34:32.789047,0 days 00:00:13.188655,0.7349286814380297,0.9445000753768761,2,0.028103833674891554,0.28488794057659333,0.09612224060104378,0.02296727776662263,0.08797253131332175,0.026448629508700063,0.07881135397621333,13,113,0.05893531947600903,0.2678394228874906,True,True,True,8.018295126075975e-07,COMPLETE
232,0.19183921217918398,2025-04-12 18:34:32.867624,2025-04-12 18:34:45.405310,0 days 00:00:12.537686,0.7078172070621211,0.8874292653992508,2,0.042987522081626595,0.28133482061529946,0.0927702739659068,0.020241767349907066,0.08547982925757334,0.028112785083266402,0.08186287865329975,12,118,0.06711984730050188,0.271338455618514,True,True,True,2.8690827490074686e-07,COMPLETE
233,0.41788893938064575,2025-04-12 18:34:45.488625,2025-04-12 18:34:58.965269,0 days 00:00:13.476644,0.7528475122115985,0.9589293414977591,2,0.03512390449922302,0.2761599165289493,0.09962301742293699,0.023479868992005885,0.08362697283662504,0.026132303716607283,0.04808060749584938,14,105,0.06050894375008467,0.2569409986858112,True,True,True,1.0524009213862493e-06,COMPLETE
234,0.4176833987236023,2025-04-12 18:34:59.040296,2025-04-12 18:35:12.120486,0 days 00:00:13.080190,0.6808908593668559,0.9117755625271032,2,0.051141028346097094,0.28527778762026784,0.09490083210450015,0.020634638299221256,0.09242551258547499,0.030747977454910688,0.06148339825742188,13,111,0.06379422988793917,0.28160290695823836,True,True,True,4.813425940408285e-07,COMPLETE
235,0.2759136497974396,2025-04-12 18:35:12.195073,2025-04-12 18:35:25.296670,0 days 00:00:13.101597,0.7277544731347231,0.9371681747900471,2,0.02459992987319085,0.26705905965455545,0.018217153297812164,0.02474324714572165,0.08926310646748814,0.025519331055640287,0.06904241811966953,13,115,0.05801943557694135,0.2600138250614421,True,True,True,2.477244646602947e-06,COMPLETE
236,0.4233056306838989,2025-04-12 18:35:25.370918,2025-04-12 18:35:37.912768,0 days 00:00:12.541850,0.7754705706663266,0.9818935431731416,2,0.04200559273153753,0.2582197922536982,0.08904046261621314,0.022341510392546816,0.08083504226562883,0.033376388853684234,0.03993276387574314,12,119,0.062288781581896366,0.26771016022501487,True,True,True,1.4569609062118285e-07,COMPLETE
237,0.418816065788269,2025-04-12 18:35:37.988147,2025-04-12 18:35:50.609710,0 days 00:00:12.621563,0.7720366170284875,0.9825742944274963,2,0.040648218439961234,0.25700847120661313,0.08878979352198085,0.022431223956899837,0.07843764105873807,0.033645336488041425,0.03894948872168325,12,120,0.06222573686772194,0.26403021845864144,True,True,True,2.3533932400725867e-07,COMPLETE
238,0.19931281208992005,2025-04-12 18:35:50.686203,2025-04-12 18:36:02.902592,0 days 00:00:12.216389,0.7517197661801078,0.9805154081257974,2,0.046751577371110555,0.25102546694344635,0.09156006287882427,0.011429904911575774,0.09387198247065506,0.03185486449187884,0.048240087112623974,12,117,0.06444254527803825,0.2513949266049672,True,True,False,1.975894536437015e-06,COMPLETE
239,0.3824020266532898,2025-04-12 18:36:02.988472,2025-04-12 18:36:15.513814,0 days 00:00:12.525342,0.7731977469097778,0.9649623548882441,2,0.05602374648599792,0.2600913364762535,0.08906154528325325,0.028174374601517036,0.09008625989135856,0.02914524770411949,0.029595990824336237,12,113,0.06952377888329607,0.27724310318861817,True,True,True,9.803332198885849e-08,COMPLETE
240,0.4154823899269104,2025-04-12 18:36:15.591958,2025-04-12 18:36:28.107989,0 days 00:00:12.516031,0.7063914974209008,0.9979634222340841,2,0.03764058795887188,0.27134196832404295,0.09756368672354951,0.025735443894158116,0.08724704561800878,0.035988669308506686,0.042256817215182194,12,120,0.06693934146524633,0.26953527066582267,True,True,True,3.2094357142344323e-06,COMPLETE
241,0.4171866774559021,2025-04-12 18:36:28.187080,2025-04-12 18:36:41.232321,0 days 00:00:13.045241,0.7375795229104566,0.934625303765801,2,0.03341127928895819,0.2788131923731849,0.09219864620283648,0.019608014927924165,0.08525496267087412,0.026937436127301345,0.053775735426780435,13,104,0.060249120720037394,0.26890695825125865,True,True,True,1.5691675782196577e-06,COMPLETE
242,0.424577534198761,2025-04-12 18:36:41.309395,2025-04-12 18:36:54.329517,0 days 00:00:13.020122,0.784529326984186,0.9543260275231454,2,0.04342006887460143,0.28811535699395163,0.09372799119472844,0.021566130467641102,0.0834960885407358,0.030282708391513057,0.08773296147652011,13,110,0.05827557229499241,0.2636617735990989,True,True,True,1.0386894415005738e-06,COMPLETE
243,0.3987414360046386,2025-04-12 18:36:54.407243,2025-04-12 18:37:07.936170,0 days 00:00:13.528927,0.7890102588339313,0.9475721120088778,2,0.04421588941263488,0.2900069176468868,0.0883959682137905,0.022260070947945576,0.08302357237182693,0.030176595247419086,1.0595610103851214e-05,14,110,0.057019177305621026,0.25951499689826013,True,True,True,1.1670223841560503e-06,COMPLETE
244,0.4123971462249756,2025-04-12 18:37:08.013485,2025-04-12 18:37:19.938716,0 days 00:00:11.925231,0.75843737556491,0.9668771783881767,2,0.05039546512620595,0.2728940649071988,0.0954568155382157,0.017946028815401784,0.0954987314356929,0.033765045535607316,0.035798458730743485,11,115,0.061460301368718225,0.2623805085357575,True,True,True,9.167343493108441e-07,COMPLETE
245,0.4186018705368042,2025-04-12 18:37:20.026013,2025-04-12 18:37:33.007840,0 days 00:00:12.981827,0.7745272965467854,0.9548299841113029,2,0.041436510835368444,0.28070927980236776,0.09056176290329035,0.024029672822960608,0.09216855885426352,0.03943635794498984,0.07039446501411296,13,112,0.06278592444114103,0.2749159157462164,True,True,True,2.037570766675566e-06,COMPLETE
246,0.4082167983055115,2025-04-12 18:37:33.086728,2025-04-12 18:37:45.690338,0 days 00:00:12.603610,0.6922800940499527,0.9251150132890228,2,0.037409235694799765,0.28754771034409266,0.029537050985724754,0.021402079024100816,0.0804479906648678,0.03162929565534718,0.05224776671195971,12,108,0.05807895696743768,0.25465563981735545,True,True,True,1.5134280673597623e-06,COMPLETE
247,0.42099926471710203,2025-04-12 18:37:45.768975,2025-04-12 18:37:57.762642,0 days 00:00:11.993667,0.7437225182859262,0.9408705222259905,2,0.031745611075390714,0.26663345288226326,0.09333908939931203,0.01717666445137303,0.08100618122530975,0.02879452779738079,0.08566925174675294,11,116,0.06064837078502491,0.2842310635153417,True,True,True,1.3172931857604666e-07,COMPLETE
248,0.41926996707916264,2025-04-12 18:37:57.841102,2025-04-12 18:38:09.776256,0 days 00:00:11.935154,0.7468534015950165,0.9840779201452683,2,0.04412776172515881,0.2765124652546333,0.0922203931080314,0.017771774445100016,0.08178815519540157,0.0284797614779569,0.09056469868153316,11,117,0.05946347677615275,0.2848840400906651,True,True,True,1.805666158737541e-07,COMPLETE
249,0.41256947517395015,2025-04-12 18:38:09.855021,2025-04-12 18:38:21.834038,0 days 00:00:11.979017,0.7854255763827588,0.9607092098761216,2,0.05028267537163172,0.2910670884306757,0.09006949385432826,0.014950600521630528,0.07819088776506176,0.029861871360636793,0.059783809391586826,11,119,0.06051329869489188,0.2819037391163386,True,True,True,1.4807332482163426e-07,COMPLETE
250,0.19931281208992005,2025-04-12 18:38:21.916892,2025-04-12 18:38:34.406894,0 days 00:00:12.490002,0.16736932635529006,0.5948273994215638,2,0.03866219401584643,0.2829851335095534,0.09402907080579612,0.011714205664570597,0.09808219564791816,0.024248212815149356,0.04252671697786687,12,114,0.05692516556147063,0.2908907618844381,True,True,True,2.8164407111568906e-06,COMPLETE
251,0.4205665469169617,2025-04-12 18:38:34.497490,2025-04-12 18:38:46.462009,0 days 00:00:11.964519,0.7170788975330301,0.938010875223277,2,0.03139446721072155,0.27169984443140943,0.08831718614366356,0.017022101543860264,0.09984719359237075,0.09464837980119109,0.0889233822560932,11,115,0.06544439143794722,0.2730273256245582,True,True,True,1.7763870347114946e-06,COMPLETE
252,0.42434353828430177,2025-04-12 18:38:46.541324,2025-04-12 18:38:53.819825,0 days 00:00:07.278501,0.755564340057681,0.9181351225272283,8,0.044878632507433396,0.28856724917895277,0.0917883279691438,0.01900917982691095,0.08901367455164641,0.027355244557287627,0.04868588034259831,12,121,0.058291978120725375,0.27758370091633355,True,True,True,6.170371135539429e-08,COMPLETE
253,0.41886345148086546,2025-04-12 18:38:53.902219,2025-04-12 18:39:01.178657,0 days 00:00:07.276438,0.7548067992355321,0.9807980115406714,8,0.04545838314265449,0.28912466044077506,0.0900571737705068,0.014353117069835448,0.08883108833545625,0.024893755556589715,0.05100767423710441,12,122,0.05717722049857316,0.2663826212257704,True,True,True,1.1648455076539871e-07,COMPLETE
254,0.4138745665550232,2025-04-12 18:39:01.259861,2025-04-12 18:39:08.630998,0 days 00:00:07.371137,0.7858173772574972,0.9386550284822246,8,0.052901479241269096,0.2846927555065862,0.08756539322198184,0.018442144538275997,0.09037878804934027,0.027464291248907834,0.06389993580451366,13,111,0.05857567599131181,0.2852587366195724,True,True,True,1.94373059344636e-08,COMPLETE
255,0.41645786762237547,2025-04-12 18:39:08.713255,2025-04-12 18:39:15.828251,0 days 00:00:07.114996,0.7635252033991752,0.9597410510508673,8,0.04171897746047468,0.292903568891979,0.09438195191080379,0.012944676306422612,0.0865802047519608,0.02812680806331857,0.04707261736489759,11,119,0.05327756423168142,0.2720599011113033,True,True,True,6.43612595915601e-08,COMPLETE
256,0.2001742780208588,2025-04-12 18:39:15.910953,2025-04-12 18:39:23.170699,0 days 00:00:07.259746,0.7358491561978514,0.9165291476306412,8,0.12836369860481495,0.2801105752846817,0.091221851085923,0.016523547745360013,0.09308579225678715,0.026013953425466987,0.030758802914246573,12,109,0.05621829985869205,0.2657572038450414,True,True,True,3.6791955467024306e-08,COMPLETE
257,0.4018799901008606,2025-04-12 18:39:23.262385,2025-04-12 18:39:30.810042,0 days 00:00:07.547657,0.7469616703919992,0.9475226812861287,8,0.05730127410061055,0.2885094533767513,0.09195228522176695,0.019093985777638448,0.08813836030214821,0.029151104263490962,0.057644117818385986,14,113,0.06232078897292057,0.27772306107809686,True,True,True,8.951926230221649e-08,COMPLETE
258,0.4037910223007202,2025-04-12 18:39:30.893231,2025-04-12 18:39:42.773698,0 days 00:00:11.880467,0.7733702618303278,0.9839366720828047,2,0.047731662045012835,0.27853021494873653,0.08924840612197421,0.009747168239221225,0.08175140827012947,0.023181257550288475,1.7108692745047676e-05,11,121,0.05950294081120748,0.2630738555921064,True,True,True,2.0633612238793063e-07,COMPLETE
259,0.4145993947982788,2025-04-12 18:39:42.856376,2025-04-12 18:39:50.205137,0 days 00:00:07.348761,0.7915195311362059,0.890666486652808,8,0.03901884266313565,0.28481213806720374,0.0957134423809365,0.025829392099628586,0.09132282315457681,0.032679957877986485,0.034189759123307795,13,111,0.06831494626598253,0.27005745469812814,True,True,True,3.718419346179475e-06,COMPLETE
260,0.19931281208992005,2025-04-12 18:39:50.287549,2025-04-12 18:40:02.790127,0 days 00:00:12.502578,0.7041929179943436,0.41638806276223683,2,0.04478093009436056,0.29213865893109026,0.09338893692256675,0.030910697937550777,0.08386886339058187,0.024760297306256545,0.06972050272716103,12,116,0.06394055507892195,0.28285073213943085,True,True,True,1.3554192221490626e-06,COMPLETE
261,0.19931281208992005,2025-04-12 18:40:02.873001,2025-04-12 18:40:15.872593,0 days 00:00:12.999592,0.7347131399141096,0.9653182330310405,2,0.2054553677228097,0.27536959946558603,0.09813273081544216,0.015212696329372128,0.07965970279153775,0.028194113017298728,0.07725857722343593,13,114,0.05800116828200711,0.29124706699988023,True,True,True,4.5414478398549144e-06,COMPLETE
262,0.19931281208992005,2025-04-12 18:40:15.955958,2025-04-12 18:40:27.738479,0 days 00:00:11.782521,0.7597054624568822,0.9201905017768689,2,0.03442872333361845,0.2804426723360568,0.0868633358642619,0.02000119014077549,0.09494545638883511,0.03056457844449645,0.08900966060338433,11,109,0.06126338467719221,0.2756290765171535,True,True,False,3.696337042172696e-08,COMPLETE
263,0.19931281208992005,2025-04-12 18:40:27.831739,2025-04-12 18:40:41.327231,0 days 00:00:13.495492,0.7169491530321104,0.9416739196957007,2,0.0622144105406795,0.2662350624260525,0.09999721694937871,0.02725383118296075,0.0880234825740036,0.03282481737310996,4.2143615135024616e-05,14,106,0.016702087087970337,0.25042078225950576,True,True,True,8.287171090045318e-07,COMPLETE
264,0.3167732119560242,2025-04-12 18:40:41.411266,2025-04-12 18:40:53.948973,0 days 00:00:12.537707,0.7441166840101208,0.879899748343663,2,0.054226503676014726,0.286533292678919,0.09061893287860515,0.022210217643298936,0.08967782446026265,0.02695192273608822,0.09910042353431381,12,119,0.05591228051077011,0.015850129560699727,True,True,True,5.714612474446152e-08,COMPLETE
265,0.41922188997268683,2025-04-12 18:40:54.034488,2025-04-12 18:41:01.479052,0 days 00:00:07.444564,0.7775519324529236,0.9047132657671929,8,0.024236393951289074,0.29466653217226974,0.09487866757944392,0.01717974809922852,0.09272245416067376,0.035824045032950204,0.046590060571267154,13,112,0.0651268239659047,0.26521282002669117,True,True,True,1.0698625315086323e-06,COMPLETE
266,0.4157583713531494,2025-04-12 18:41:01.564180,2025-04-12 18:41:08.085423,0 days 00:00:06.521243,0.7015274943199837,0.9292718935074641,16,0.03913864517506818,0.2757958234806684,0.08777913572041968,0.01230694894610127,0.08615698075202854,0.023045290525143782,0.06033717108633481,12,100,0.05308321844120549,0.2710165351472,True,True,True,7.136687236632962e-08,COMPLETE
267,0.40658119916915897,2025-04-12 18:41:08.171731,2025-04-12 18:41:20.200197,0 days 00:00:12.028466,0.7544779208737322,0.9942848371761249,2,0.028972856986441586,0.28282052580747497,0.09215748997992677,0.019506907181892238,0.0831479708586958,0.04143244611417508,0.03991338242263973,11,122,0.07097607429195614,0.07491610999208705,True,True,True,2.5044461010938885e-06,COMPLETE
268,0.41190954446792605,2025-04-12 18:41:20.295535,2025-04-12 18:41:26.846729,0 days 00:00:06.551194,0.729620337500282,0.9617484378687602,16,0.04920881453349263,0.25967421152009823,0.08508033437007244,0.024939676330366544,0.09411446406275943,0.02508397012454589,0.05482142982386124,13,116,0.05942557734039181,0.2595872161821761,True,True,True,3.2543762659709893e-07,COMPLETE
269,0.19931281208992005,2025-04-12 18:41:26.932765,2025-04-12 18:41:39.413281,0 days 00:00:12.480516,0.7946548057499659,0.021822247027698805,2,0.043452737857578985,0.2935513994375047,0.09668780222266463,0.015505976617381373,0.09063640844236581,0.029372748836140727,0.0699736790892273,12,108,0.05699388589107881,0.27656787223728047,True,True,True,1.6308788358223164e-06,COMPLETE
270,0.4166254997253418,2025-04-12 18:41:39.498454,2025-04-12 18:41:46.218947,0 days 00:00:06.720493,0.7623404891922981,0.9732182861564865,16,0.0370020812605404,0.270191466258939,0.08984750794213472,0.022640333050661616,0.09694087987866595,0.03132183969070087,0.034987763471407585,14,112,0.06231915007581747,0.2855584522733974,True,True,True,1.3937179983771934e-07,COMPLETE
271,0.4207030773162842,2025-04-12 18:41:46.305937,2025-04-12 18:41:52.858920,0 days 00:00:06.552983,0.7186598180264652,0.9438970882663519,16,0.03153719327741128,0.28833551234534704,0.09323015064725738,0.020095541481703564,0.08736994351918632,0.02705638243845924,0.04601592233441364,12,117,0.06654373464068476,0.2662258260831616,True,True,True,4.6162365292735024e-08,COMPLETE
272,0.3994490742683411,2025-04-12 18:41:52.945456,2025-04-12 18:42:05.005953,0 days 00:00:12.060497,0.6940648908077102,0.9103849988069727,2,0.04647205510774435,0.27637678446447006,0.08888470942425655,0.017670874186743457,0.08042658570306878,0.033871662641919445,0.05593786182676769,11,114,0.07373477868529847,0.27988362058358063,True,True,True,1.3397624858272855e-06,COMPLETE
273,0.40684261322021487,2025-04-12 18:42:05.103894,2025-04-12 18:42:11.732142,0 days 00:00:06.628248,0.7407910910226746,0.9296572625177187,16,0.022494634616304885,0.28206074733075026,0.09478976037381052,0.024375079020367674,0.09291760707197941,0.037124565560740674,0.028291127141379255,13,106,0.060170114725640364,0.03782032955397906,True,True,True,9.274433007185364e-07,COMPLETE
274,0.41693775653839116,2025-04-12 18:42:11.819173,2025-04-12 18:42:24.292382,0 days 00:00:12.473209,0.7739466979759111,0.9630746986760101,2,0.038044188142476766,0.2675683816231354,0.09175571353739233,0.010518009831150274,0.08403472697850861,0.02971152544497092,0.06968364856497525,12,110,0.06398555359956401,0.2552146632931559,True,True,True,2.762858441955158e-06,COMPLETE
275,0.42044388055801396,2025-04-12 18:42:24.379420,2025-04-12 18:42:30.768736,0 days 00:00:06.389316,0.7990497715393436,0.9996546187238662,16,0.05078871409706663,0.2879197467004788,0.09805155938988372,0.014267369081268636,0.09022702827819809,0.025063589750755646,0.08297983517142436,10,119,0.05575617140653017,0.2712208014003112,True,True,True,2.0359772159750917e-06,COMPLETE
276,0.39712390899658206,2025-04-12 18:42:30.856163,2025-04-12 18:42:37.424184,0 days 00:00:06.568021,0.6843129362270733,0.8893370406038996,16,0.05812446001646611,0.27821264631852805,0.08742397229417566,0.02150143341724974,0.08773724583478763,0.019962510210763125,0.043385740820776855,13,122,0.058215706769032725,0.261242837889038,True,True,True,6.188120142348436e-07,COMPLETE
277,0.42246413230895996,2025-04-12 18:42:37.514830,2025-04-12 18:42:59.543862,0 days 00:00:22.029032,0.7176469016529071,0.9419965954968976,2,0.04274800669610667,0.29336337241326643,0.09027080690923964,0.019622957875860714,0.09424999723703809,0.027735136937307787,0.03563056678865391,30,103,0.06132164456810769,0.26890177899267687,True,True,True,1.2449935200455153e-06,COMPLETE
278,0.4184436082839966,2025-04-12 18:42:59.644119,2025-04-12 18:43:06.272202,0 days 00:00:06.628083,0.7122033736271423,0.9083295649010041,16,0.043746085016204535,0.2941393507404696,0.09078010028532983,0.02320619144341025,0.0952849011866088,0.022537219621720367,0.028470324944670732,13,102,0.05407188365187978,0.26827005648059943,True,True,True,1.2629536941661226e-06,COMPLETE
279,0.41769397258758545,2025-04-12 18:43:06.361833,2025-04-12 18:43:27.365923,0 days 00:00:21.004090,0.7278778241127862,0.9766429717898748,2,0.04138095295375985,0.29277964481202473,0.08861099112718264,0.05641540232498726,0.09768388517297796,0.026979033936150653,0.02043077993218424,28,99,0.06300921417681225,0.2614546347759161,True,True,True,1.7770007499010596e-06,COMPLETE
280,0.40844073295593264,2025-04-12 18:43:27.454205,2025-04-12 18:43:35.281374,0 days 00:00:07.827169,0.7601915832753949,0.9535980094320343,16,0.05215375527585342,0.28643427967489504,0.08680057510898816,0.026333581900762917,0.09263664433086632,0.03196995656817131,0.038589734050424526,26,104,0.058459081432564376,0.2530929499095957,True,True,True,1.0941645741245842e-06,COMPLETE
281,0.29134085178375246,2025-04-12 18:43:35.374171,2025-04-12 18:43:42.479038,0 days 00:00:07.104867,0.8133002298862934,0.9250957409744851,16,0.03599954735634974,0.29492141662040505,0.08507549416576636,0.019720093288136085,0.09469562085771774,0.03448463078236122,0.03343070283873839,14,107,0.06589754126724931,0.2738259125887943,True,False,False,8.147846900159162e-07,COMPLETE
282,0.40911008119583137,2025-04-12 18:43:42.568939,2025-04-12 18:43:55.190745,0 days 00:00:12.621806,0.6679918843808361,0.9488030734933568,2,0.04513131479539521,0.28088180173125776,0.09060734632609305,0.02859082093703727,0.08923052410836604,0.02536450744460301,0.049836085207276566,12,109,0.06783066998274483,0.2674812692771156,True,True,True,1.5003974970596233e-06,COMPLETE
283,0.4241807222366333,2025-04-12 18:43:55.280858,2025-04-12 18:44:01.871704,0 days 00:00:06.590846,0.697563111468871,0.8810637279296971,16,0.028751126063260253,0.287862061012536,0.09624043024637298,0.02149784063484208,0.09140158526194891,0.030356597609318445,0.060828460358305414,13,104,0.05609188969209341,0.26005221701532716,True,True,True,2.214182883544938e-06,COMPLETE
