number,value,datetime_start,datetime_complete,duration,params_alpha-eval,params_alpha-train,params_batch-size,params_eps-eval,params_eps-train,params_lambda-actions-eval,params_lambda-actions-train,params_lambda-frames-eval,params_lambda-frames-train,params_learning-rate,params_n-epochs,params_n-frames,params_radius-gw,params_rho,params_std-feats,params_ub-actions,params_ub-frames,params_weight-decay,state
338,0.32586518526077274,2025-04-14 16:09:16.409406,2025-04-14 16:09:26.154124,0 days 00:00:09.744718,0.5763646417109071,0.07053733571147874,8,0.014398367838968395,0.008788520835363158,0.09212520167444373,0.06869336289915465,0.0461164582777723,0.08149496980883192,0.0006644428522303455,30,143,0.09443543382364404,0.17255007681241413,False,True,True,0.00012982063237594536,COMPLETE
339,0.30099443197250364,2025-04-14 16:09:26.260130,2025-04-14 16:09:35.932276,0 days 00:00:09.672146,0.5150162394840391,0.09946900152461842,8,0.011160792698668126,0.008517217559386602,0.08927343671089236,0.06518588851690507,0.050899059222955796,0.08527393834169322,0.0009198060699778429,30,96,0.09153316260077007,0.181273409114712,False,True,True,8.623300335045644e-05,COMPLETE
340,0.5142200112342835,2025-04-14 16:09:36.039565,2025-04-14 16:09:45.743141,0 days 00:00:09.703576,0.5653783471064694,0.057918088364655076,8,0.015970902519648493,0.007896677668191165,0.08917869672264961,0.0629073365605712,0.042830571442837195,0.08852563236475498,0.0006006881921931501,30,34,0.08672995076047743,0.17658233240149293,False,True,True,6.565941887292998e-05,COMPLETE
341,0.5136281013488769,2025-04-14 16:09:45.861285,2025-04-14 16:09:55.466516,0 days 00:00:09.605231,0.5049618843940415,0.10020660657908609,8,0.01097231812396501,0.0003912033627203088,0.09263588745284339,0.06668583609453994,0.051094780920769356,0.08694460386923565,0.00077771168597721,30,36,0.09371999306354989,0.13513962610557295,False,True,True,0.00022524833439788066,COMPLETE
342,0.4977718949317932,2025-04-14 16:09:55.573771,2025-04-14 16:10:05.183858,0 days 00:00:09.610087,0.5260334048347725,0.10807703359924264,8,0.014690203726223061,0.008407737167117376,0.09125810963204142,0.06494444603289404,0.04893513568423398,0.08505213537442535,0.0005862003423516798,30,32,0.08968822656485768,0.14406572079974583,False,True,True,8.747343381606228e-05,COMPLETE
343,0.5113364338874817,2025-04-14 16:10:05.291481,2025-04-14 16:10:14.866565,0 days 00:00:09.575084,0.5954112257160642,0.0878942567609778,8,0.017565298137772686,0.00789649843445786,0.08811462024735185,0.0626365006180126,0.04445587101353534,0.08906896914566266,0.0010186157633390956,30,36,0.08209822638870629,0.13830303243361225,False,True,True,0.00015069401035368353,COMPLETE
344,0.506929337978363,2025-04-14 16:10:14.974476,2025-04-14 16:10:24.453724,0 days 00:00:09.479248,0.5483001115684517,0.06617817113713355,8,0.009530880387355464,0.00015953142157580386,0.09011522741471531,0.062154984664372796,0.04669209978548664,0.07980062991972507,0.0007056209838778386,29,38,0.09149857933719793,0.14991042948397382,False,True,True,0.00011737514645918612,COMPLETE
345,0.44670679569244387,2025-04-14 16:10:24.572735,2025-04-14 16:10:34.313222,0 days 00:00:09.740487,0.5006536671912827,0.10718531465791437,8,0.006647785011006016,0.008710138922459393,0.08836370048326891,0.06924241414289667,0.04171976869078628,0.0829772082272113,0.000566816451394764,30,32,0.08841390141997629,0.1898739652316043,False,True,True,5.2944722026165215e-05,COMPLETE
346,0.2913674235343933,2025-04-14 16:10:34.421974,2025-04-14 16:10:44.032317,0 days 00:00:09.610343,0.5191238341290116,0.11417956769089069,8,0.18125910589619354,0.0007383708393825538,0.09071756494926805,0.06455437269409596,0.0518082955885013,0.08755923228538015,0.0011772348527031478,30,35,0.08549926899303889,0.15900738890531427,False,True,True,6.97971230468054e-05,COMPLETE
347,0.5242189645767212,2025-04-14 16:10:44.139793,2025-04-14 16:10:53.661375,0 days 00:00:09.521582,0.5615704583244462,0.08947022775175073,8,0.01834914228995423,0.006361391673647422,0.08849376785081724,0.06652987585158539,0.06018416435634339,0.08564626016806443,0.0008992011537356221,29,39,0.09538233166169165,0.14536978478676263,False,True,True,9.09643985156117e-05,COMPLETE
348,0.5209160923957825,2025-04-14 16:10:53.769983,2025-04-14 16:11:03.221283,0 days 00:00:09.451300,0.5698536748337287,0.06192020827960437,8,0.017879355145466177,0.00022851202854354356,0.0884467747754734,0.0661993585714482,0.05733321962961763,0.08489906306391148,0.0008727829941205607,29,39,0.09541926758056694,0.1471963411255909,False,True,True,9.62459167549635e-05,COMPLETE
349,0.25657517910003663,2025-04-14 16:11:03.339990,2025-04-14 16:11:13.086494,0 days 00:00:09.746504,0.5413740209786242,0.08721394845425554,8,0.01830972876467349,0.006681197701087304,0.09254736307951875,0.0678286295420478,0.05360174774316637,0.08929326143062853,0.0014293160098301188,30,127,0.0980423824974439,0.13960402479827563,False,True,True,8.01965645878761e-05,COMPLETE
350,0.5235933303833008,2025-04-14 16:11:13.195600,2025-04-14 16:11:22.886420,0 days 00:00:09.690820,0.5552143911594356,0.0797180576018031,8,0.011330282306115548,0.00912296411167196,0.08983673254468488,0.06992542260565326,0.062241169882020414,0.08597911411832904,0.0008447763219041699,30,34,0.0934113181271189,0.1526377137250321,False,True,True,6.215173875270842e-05,COMPLETE
351,0.3190903902053833,2025-04-14 16:11:22.996434,2025-04-14 16:11:32.673666,0 days 00:00:09.677232,0.5266632098120841,0.09575249419033356,8,0.01127914373547282,0.009348370458939081,0.011506339233417852,0.06917208381284551,0.059716509997211856,0.08278303433437939,0.0008525195400819653,29,63,0.09557084250388759,0.1506153540951255,True,True,True,5.9828329813390103e-05,COMPLETE
352,0.19931281208992005,2025-04-14 16:11:32.788690,2025-04-14 16:11:42.411896,0 days 00:00:09.623206,0.5843774108077083,0.1140438341709315,8,0.005531695118325639,0.18265855494065455,0.0887556853202346,0.07083696974155972,0.06565793936241984,0.08515097275437583,0.0011219928045361363,30,38,0.09034379117588942,0.16096396851783212,False,True,True,7.442063384650063e-05,COMPLETE
353,0.5408424854278565,2025-04-14 16:11:42.532482,2025-04-14 16:11:52.040683,0 days 00:00:09.508201,0.49295523556695686,0.07760248127782582,8,0.018260085292691467,0.007947256785553605,0.09253306800689971,0.060907966914924,0.061827542592897855,0.086175533514843,0.0009747259387536743,29,32,0.09207496229458732,0.14439665011065506,False,True,True,5.216434930014168e-05,COMPLETE
354,0.524479901790619,2025-04-14 16:11:52.149981,2025-04-14 16:12:01.680013,0 days 00:00:09.530032,0.49810634895944833,0.10348738419480659,8,0.020287225802746077,0.005139260867057052,0.09296084625230537,0.061324024794690915,0.0606558335176035,0.08143195731842644,0.0007067404144796108,29,32,0.08870357308371674,0.13513857395221526,False,True,True,9.642937280799344e-05,COMPLETE
355,0.4743762254714966,2025-04-14 16:12:01.789876,2025-04-14 16:12:11.417574,0 days 00:00:09.627698,0.48729499420869926,0.10705752545369691,8,0.030172891667045884,0.010462449759514419,0.09273723026428057,0.06119508653635713,0.043011615758084376,0.08665220993641867,0.001257604871656732,29,40,0.09170353379163496,0.13434951215103536,False,True,True,9.240371390994227e-05,COMPLETE
356,0.5370867848396301,2025-04-14 16:12:11.530495,2025-04-14 16:12:21.020522,0 days 00:00:09.490027,0.5111464823394227,0.11863595899895191,8,0.0194973382017904,0.0059215986201702365,0.09196514111558045,0.06057760013264744,0.06701020310627213,0.08400259914640598,0.0009868621840005104,29,32,0.08923097198763008,0.14087388193430156,False,True,True,4.8079449463153285e-05,COMPLETE
357,0.565976905822754,2025-04-14 16:12:21.142304,2025-04-14 16:12:30.629800,0 days 00:00:09.487496,0.5118562284015874,0.11364105105390336,8,0.021172424180771116,0.005930340038729541,0.0926198721339327,0.05992148390072418,0.07360577080489486,0.08361125123347432,0.001018590205926174,29,32,0.08910468309973346,0.13457932585691457,False,True,True,5.0190163796987806e-05,COMPLETE
358,0.19931281208992005,2025-04-14 16:12:30.742736,2025-04-14 16:12:40.231152,0 days 00:00:09.488416,0.5094170804800109,0.1247102940745682,8,0.023591117103936462,0.14325481510329824,0.09333264977817883,0.060399616874305125,0.07582808013534346,0.08158681227545139,0.0007067136986211948,29,30,0.08641223242505461,0.1340790614825238,False,True,True,4.677588264921888e-05,COMPLETE
359,0.5242189645767212,2025-04-14 16:12:40.342992,2025-04-14 16:12:49.811928,0 days 00:00:09.468936,0.4920276345352916,0.11430896680542726,8,0.019138924114136174,0.0105987327371885,0.09275829400048344,0.06099791985307846,0.06735201449639508,0.08336146845573453,0.0014385936499922483,29,32,0.09043910161634837,0.13993507905680744,False,True,True,5.0678423151199795e-05,COMPLETE
360,0.48484306335449223,2025-04-14 16:12:49.935171,2025-04-14 16:12:59.442225,0 days 00:00:09.507054,0.5237272084512467,0.12371304954056304,8,0.026770702125829146,0.006101786429398402,0.09339193430840287,0.059935720550316755,0.07338790240277904,0.08987605014511614,0.0010594739739644317,29,32,0.09179934652584634,0.13411982006311987,False,True,True,0.00012589427855830577,COMPLETE
361,0.5197057127952576,2025-04-14 16:12:59.556135,2025-04-14 16:13:09.044193,0 days 00:00:09.488058,0.5022668756359849,0.10117242831172038,8,0.01950748231677938,0.011554458522010685,0.09113801445632819,0.06365948648303127,0.08303570154309038,0.08355377255853702,0.001716093654928075,29,37,0.08748360333945356,0.13769565275218873,False,True,True,5.226990805608472e-05,COMPLETE
362,0.31901792287826536,2025-04-14 16:13:09.157200,2025-04-14 16:13:18.628311,0 days 00:00:09.471111,0.5325434312547019,0.608426054421714,8,0.030294834553211414,0.005245637613257364,0.09371748653761554,0.06034664910674102,0.07029421333075535,0.06678641617085175,0.0005509714865351064,29,31,0.08366483566364603,0.14193412023985164,False,True,True,6.43840969198012e-05,COMPLETE
363,0.19931281208992005,2025-04-14 16:13:18.742110,2025-04-14 16:13:28.271261,0 days 00:00:09.529151,0.48458090279994914,0.07413064051227727,8,0.0002959624763947226,0.2313202679525624,0.09130856184825684,0.06306711834150541,0.04109374413867616,0.07821422788849013,0.000718660639575432,30,36,0.07984350600079866,0.13200911765521114,False,True,True,0.00014575664655592914,COMPLETE
364,0.526361620426178,2025-04-14 16:13:28.396630,2025-04-14 16:13:37.895684,0 days 00:00:09.499054,0.5258494640746229,0.05833567195960599,8,0.005863654486421113,0.009883902925987922,0.08722484155816873,0.06214178012721942,0.044900817597685945,0.08773519721795368,0.0005766724077820969,29,40,0.08941481269925614,0.14862960348752302,False,True,True,0.00010833476201002513,COMPLETE
365,0.5264093518257141,2025-04-14 16:13:38.009371,2025-04-14 16:13:47.591212,0 days 00:00:09.581841,0.5103337755591767,0.06610781732073226,8,0.004930078358004925,0.009584177602371135,0.08655095648517118,0.05964941493186718,0.04431299286024218,0.0879287587330985,0.0005747798800631268,29,41,0.08968784737808508,0.14198538313428763,False,True,True,0.00011158485338729641,COMPLETE
366,0.5330344915390015,2025-04-14 16:13:47.706230,2025-04-14 16:13:57.147240,0 days 00:00:09.441010,0.5116394550083669,0.048235115935408315,8,0.00025290963804987807,0.012131819998106379,0.08608722786454284,0.059800465255369945,0.04738920645325888,0.08992765545239642,0.0005519970957100788,29,36,0.08945508197273938,0.14846607525804575,False,True,True,0.00010758393750456176,COMPLETE
367,0.2901173114776612,2025-04-14 16:13:57.262884,2025-04-14 16:14:06.867221,0 days 00:00:09.604337,0.5205424390742955,0.05114727856434995,8,0.0002175031230464003,0.011890435947854697,0.08575116159736634,0.05944504586581993,0.04488985046432782,0.09052988468192162,0.0005608304732543872,29,112,0.09307546253786254,0.1481408027194865,False,True,True,0.0001142464807335239,COMPLETE
368,0.3005879342556,2025-04-14 16:14:06.991423,2025-04-14 16:14:16.496187,0 days 00:00:09.504764,0.5374162890084057,0.04786593886006024,8,0.0059747760874051615,0.1027758432000069,0.08740535146739593,0.05908507640672187,0.04648423097855765,0.08987720853718731,0.0005923743614347034,29,40,0.08966975114773834,0.1513463309086837,False,True,True,4.738560565102863e-05,COMPLETE
369,0.5261676549911499,2025-04-14 16:14:16.612098,2025-04-14 16:14:26.081788,0 days 00:00:09.469690,0.4848376785849602,0.05768411421942505,8,0.00734708429098595,0.01177023494532519,0.08584373491619061,0.06136760979315558,0.04427624929029501,0.08801500614861969,0.000598743226389967,29,41,0.09186908505538852,0.14337918673927263,False,True,True,7.418857441721642e-05,COMPLETE
370,0.49688558578491215,2025-04-14 16:14:26.198325,2025-04-14 16:14:35.633563,0 days 00:00:09.435238,0.4783124520050121,0.05910984456461295,8,0.12293988313439354,0.011392715192019138,0.08704954397516258,0.0599734983097446,0.04419091976677127,0.08909192109608638,0.0006270888170444422,29,42,0.09472516450843226,0.14592414979489385,False,True,True,0.0001114359942641782,COMPLETE
371,0.19931281208992005,2025-04-14 16:14:35.760631,2025-04-14 16:14:45.192095,0 days 00:00:09.431464,0.48571044190399487,0.04374314594399195,8,0.0037298607842034593,0.17299749393406508,0.08538532718721457,0.06107539401540028,0.046867905046633324,0.0870784205488879,0.0005145974751386164,29,36,0.09249370349747296,0.1533082710703796,False,True,True,5.917413919219101e-05,COMPLETE
372,0.28888232707977296,2025-04-14 16:14:45.309276,2025-04-14 16:14:54.943084,0 days 00:00:09.633808,0.5137908007982961,0.05590618696253341,8,0.015519924969962833,0.011660191748660596,0.08522918837263138,0.06212446777798314,0.04819462131914914,0.09019773936656655,0.0005154065894648947,29,72,0.09112351568637311,0.14728101785884923,True,True,True,7.155208168423287e-05,COMPLETE
373,0.3188282430171967,2025-04-14 16:14:55.059207,2025-04-14 16:15:04.537329,0 days 00:00:09.478122,0.5362296821631974,0.5544369133043557,8,0.0005089300575460941,0.010988002726488883,0.08897694635024592,0.05956810456678049,0.044387321365320725,0.08778856908887674,0.0005006229958248935,29,41,0.09366357236759952,0.14227571762997127,False,True,True,0.00010152139583767871,COMPLETE
374,0.2232869029045105,2025-04-14 16:15:04.653639,2025-04-14 16:15:14.122995,0 days 00:00:09.469356,0.49755870183760964,0.06717944916530226,8,0.008272187707995923,0.2037585562685725,0.08591991413041977,0.06261702907428222,0.08056821990529917,0.08344104737165933,0.0006289869848317574,29,37,0.09827327139702934,0.1549135319362194,False,True,True,0.00018126977175377088,COMPLETE
375,0.5639566421508789,2025-04-14 16:15:14.251641,2025-04-14 16:15:23.646565,0 days 00:00:09.394924,0.4830900139776822,0.044734151193071725,8,0.009734287209189656,0.011380296983391313,0.08762579951316406,0.05895788137573895,0.07341228942432564,0.0893973674594689,0.0009823262561663485,29,31,0.0894426229734359,0.14191070018761873,False,True,True,5.000077799041618e-05,COMPLETE
376,0.4115781784057618,2025-04-14 16:15:23.765011,2025-04-14 16:15:33.199807,0 days 00:00:09.434796,0.4805579262611648,0.03503693214144814,8,0.016730372839477974,0.011374256027167918,0.08944584450682393,0.058940428213303024,0.0674041664782731,0.08938994205364126,0.0012067578483671054,29,30,0.08896213353533887,0.16719794055554593,False,True,True,4.310962524224078e-05,COMPLETE
377,0.5242189645767212,2025-04-14 16:15:33.318198,2025-04-14 16:15:42.848436,0 days 00:00:09.530238,0.4503333756096798,0.04557329850434304,8,0.0003606343358956961,0.01219904306686153,0.08786722133460216,0.06061589335249353,0.07474540828447633,0.08461647146633759,0.0010486847031405601,29,31,0.06147225795387412,0.19526152709894662,False,True,True,5.2890683115522004e-05,COMPLETE
378,0.5239360451698304,2025-04-14 16:15:42.970407,2025-04-14 16:15:52.398526,0 days 00:00:09.428119,0.5340963110724919,0.06603536296209372,8,0.007557529335317761,0.01187321131318169,0.08742144044212895,0.05920394170660327,0.04609775525732805,0.08977034017161564,0.0009013882650174019,29,35,0.09278636065575138,0.14380518568245734,False,True,True,7.252258870492813e-05,COMPLETE
379,0.2785554707050324,2025-04-14 16:15:52.526508,2025-04-14 16:16:02.399836,0 days 00:00:09.873328,0.5152172884520989,0.04134282232749756,8,0.02661764717110615,0.13143944767830665,0.09145015175401144,0.061853727831099034,0.042688705393227236,0.08665826265085604,0.000881181511155052,30,68,0.08955796438186917,0.15169928636784294,False,True,True,5.924102511779936e-05,COMPLETE
380,0.5577571868896485,2025-04-14 16:16:02.519716,2025-04-14 16:16:12.066286,0 days 00:00:09.546570,0.4698137181234192,0.07237057597208181,8,0.013076558162505547,0.006767365448851448,0.08982714570863717,0.05884660363748938,0.09484876724217696,0.09074359365077961,0.001524647499060216,29,30,0.09587668038721762,0.1418362872685243,False,True,True,8.782498761793191e-05,COMPLETE
381,0.5534622192382812,2025-04-14 16:16:12.184656,2025-04-14 16:16:21.693049,0 days 00:00:09.508393,0.47828368231697194,0.07227763353575767,8,0.011940836007601669,0.006441973282105618,0.08954776048167827,0.05907286769929535,0.07332981798413366,0.09073155385273649,0.0014660983929576756,29,31,0.09617875327421457,0.14133508408647755,False,True,True,8.278125076561355e-05,COMPLETE
382,0.19931281208992005,2025-04-14 16:16:21.824930,2025-04-14 16:16:31.296403,0 days 00:00:09.471473,0.4723778480930068,0.060046268627573805,8,0.016152784141662012,0.2954195470090108,0.08978418675648998,0.05874949882421001,0.09211198344344589,0.09070827397715461,0.001953434590816215,29,31,0.09568437334818246,0.1403131272213137,False,True,True,8.598947144279463e-05,COMPLETE
383,0.49606715440750127,2025-04-14 16:16:31.416041,2025-04-14 16:16:40.984069,0 days 00:00:09.568028,0.47654287969693626,0.07809511960488305,8,0.012127457259453921,0.005987202082632469,0.09220726271397552,0.06283366840383793,0.07235183003383142,0.09075514459509317,0.0014839277225545864,30,34,0.09963123453531325,0.14636499969736486,False,True,True,0.00013139014138932072,COMPLETE
384,0.390768301486969,2025-04-14 16:16:41.105609,2025-04-14 16:16:50.726350,0 days 00:00:09.620741,0.9386629300226,0.057169651393899346,8,0.01940211274369201,0.0008783278219224676,0.09049469393194445,0.05909734131308367,0.09729472031835876,0.08862927005867785,0.001297265085394016,30,32,0.09496990897792697,0.14037030485989255,False,True,True,8.005940961251172e-05,COMPLETE
385,0.526361620426178,2025-04-14 16:16:50.860045,2025-04-14 16:17:00.405742,0 days 00:00:09.545697,0.5055855724225152,0.07841725186846235,8,0.006780319210978116,0.005599975350523017,0.08916944807197134,0.0614252083323879,0.0892039489602494,0.0863861729621832,0.0011627237988435638,29,36,0.09609335151066853,0.1528539212268413,False,True,True,9.565110440808114e-05,COMPLETE
386,0.4925145626068116,2025-04-14 16:17:00.530067,2025-04-14 16:17:10.000793,0 days 00:00:09.470726,0.49422191208215227,0.03833806166712567,8,0.01151758039503209,0.0005725049310034767,0.09331238162664048,0.060425769032369674,0.08954398076618499,0.08424652254550756,0.0016301874173554676,29,30,0.09778046866896593,0.15457554351335503,False,True,True,0.00010304237391122203,COMPLETE
387,0.485589611530304,2025-04-14 16:17:10.122363,2025-04-14 16:17:19.639150,0 days 00:00:09.516787,0.5186878204136436,0.0720170477171701,8,0.01621304271521613,0.005974021304944106,0.08961759982868295,0.06398807791665247,0.07854776660411,0.08624101295196855,0.0017214396487229327,29,37,0.09325473184611725,0.14810791504642126,False,True,True,0.00014408739300777172,COMPLETE
388,0.4805476665496827,2025-04-14 16:17:19.759568,2025-04-14 16:17:29.230313,0 days 00:00:09.470745,0.5400718891718662,0.07913415604211263,8,0.007311096084686401,0.006419325291102265,0.09173035126517474,0.058675796080199086,0.0937704176131536,0.05356802635998809,0.001350365762447519,29,34,0.0961664750176727,0.15548315553466246,False,True,True,6.540763540472274e-05,COMPLETE
389,0.19931281208992005,2025-04-14 16:17:29.362988,2025-04-14 16:17:38.813217,0 days 00:00:09.450229,0.5074086818131983,0.052676032466798486,8,0.021416015436469156,0.28074215753880616,0.08911361814274889,0.06245429131757452,0.07251476938346083,0.08736007557788865,0.0020381347925035207,29,35,0.09168094501562525,0.1328282622141304,False,True,True,9.001034583111159e-05,COMPLETE
390,0.4849636554718018,2025-04-14 16:17:38.934547,2025-04-14 16:17:48.501967,0 days 00:00:09.567420,0.5386937937120969,0.032623569736440136,8,0.011167425326827879,0.0005233684887258607,0.09048986186123101,0.06449414916236812,0.049284950558191105,0.08505790325578237,0.0011392381954249892,29,30,0.09375598370721165,0.1594796880681272,False,True,True,7.53342149821285e-05,COMPLETE
391,0.5242189645767212,2025-04-14 16:17:48.624266,2025-04-14 16:17:58.188478,0 days 00:00:09.564212,0.4909067997684741,0.07808388107816513,8,0.015168757150533677,0.013413809242360197,0.0942130934267406,0.060765290501222625,0.06807457336982765,0.08853138400349067,0.000997149399943041,30,36,0.09132892231436719,0.14468483745554334,False,True,True,5.094641890093538e-05,COMPLETE
392,0.24022733569145205,2025-04-14 16:17:58.323294,2025-04-14 16:18:07.957158,0 days 00:00:09.633864,0.5765647056256673,0.057254824962371526,8,0.006675916665745686,0.006809346600175855,0.0882994217251631,0.058713647610385125,0.0949401557095852,0.08635741884660302,0.0012449022030176285,30,31,0.09996942398994005,0.17695825010000624,True,True,True,0.00020628649559052817,COMPLETE
393,0.5156187057495117,2025-04-14 16:18:08.080427,2025-04-14 16:18:17.546831,0 days 00:00:09.466404,0.5191217373291712,0.0856532778233588,8,0.021606651241498447,0.0002689950165416005,0.09226952790924736,0.06684028806193604,0.08976018040153468,0.0835571725940136,0.001534727921261935,29,34,0.0864685390791492,0.1373004600498734,False,True,True,0.00010453845857505126,COMPLETE
394,0.5207376122474671,2025-04-14 16:18:17.672299,2025-04-14 16:18:27.258197,0 days 00:00:09.585898,0.5293991904076317,0.07298908146990112,8,0.00968058630916654,0.012601230561467681,0.08813994715867818,0.06316915851425102,0.08924352485548293,0.08971302740178665,0.0009786363292765656,30,38,0.08777593123324728,0.16635196389078485,False,True,True,0.0001339300469090438,COMPLETE
