number,value,datetime_start,datetime_complete,duration,params_alpha-eval,params_alpha-train,params_batch-size,params_eps-eval,params_eps-train,params_lambda-actions-eval,params_lambda-actions-train,params_lambda-frames-eval,params_lambda-frames-train,params_learning-rate,params_n-epochs,params_n-frames,params_radius-gw,params_rho,params_std-feats,params_ub-actions,params_ub-frames,params_weight-decay,state
1084,0.36491215229034424,2025-04-12 20:49:19.469073,2025-04-12 20:49:28.325096,0 days 00:00:08.856023,0.4679969659657884,0.4035398443651407,8,0.07095515791344777,0.16118200375209055,0.08092936559584606,0.05168148377810897,0.05465133058109697,0.09200648431771262,0.04395929318058042,24,28,0.048825129234537,0.17806033769310053,True,True,False,1.0967905460312892e-06,COMPLETE
1085,0.3087254285812378,2025-04-12 20:49:28.685494,2025-04-12 20:49:37.431070,0 days 00:00:08.745576,0.42326745241668134,0.5158618636985105,8,0.0656635125833637,0.16826843735273617,0.07756941582185098,0.04901896053687118,0.05694620119170021,0.0842985067251451,0.04374782593709302,23,22,0.05318221300528474,0.16730566615741058,True,True,True,8.124425787245444e-07,COMPLETE
1086,0.34901899099349976,2025-04-12 20:49:37.772809,2025-04-12 20:49:46.658535,0 days 00:00:08.885726,0.4853081733962995,0.4761778015481494,8,0.07948609221136804,0.1689088675064797,0.0793678092845689,0.04727423915826991,0.0524867805128983,0.090409447297205,0.047578897653813984,24,26,0.048403228421515794,0.18607549578044882,True,True,True,5.832368937573219e-07,COMPLETE
1087,0.42926518917083745,2025-04-12 20:49:47.010708,2025-04-12 20:49:55.609012,0 days 00:00:08.598304,0.4595231145499471,0.4421139446039183,8,0.06334969645035529,0.17737738856541072,0.07241554298693931,0.05297967042163336,0.0531937189012386,0.0873723913230854,0.048973608234073616,22,31,0.05124858080863046,0.19180532173829132,True,True,True,3.185412953117164e-07,COMPLETE
1088,0.3096760749816895,2025-04-12 20:49:55.964432,2025-04-12 20:50:04.809301,0 days 00:00:08.844869,0.47500051778789926,0.3378693895562612,8,0.07092897472866391,0.17615649482860835,0.08174446222605566,0.052238677773515,0.055414718481064794,0.09308694112021573,2.156302110834033e-05,24,29,0.048623757706874854,0.17162547896491034,True,True,True,4.889738693888272e-07,COMPLETE
1089,0.2919485151767731,2025-04-12 20:50:05.164722,2025-04-12 20:50:14.090129,0 days 00:00:08.925407,0.44313358387552143,0.4906341708247086,8,0.06369854213802073,0.17779887850452034,0.06871581396152796,0.04924099377982475,0.08138775440579493,0.08895429211792638,0.0383217687258496,24,33,0.04995313406435217,0.18040742433763227,True,True,True,7.282368970380207e-07,COMPLETE
1090,0.3549742937088013,2025-04-12 20:50:14.445056,2025-04-12 20:50:23.192780,0 days 00:00:08.747724,0.40939573020452813,0.45914101984675915,8,0.0673899073442675,0.1711964325738889,0.07637709826773975,0.05139677410213964,0.05996778794265152,0.08566751182879075,0.027293319275736257,23,24,0.047443471537353656,0.16441528498367627,True,True,True,1.765144236851206e-07,COMPLETE
1091,0.2742374539375305,2025-04-12 20:50:23.548128,2025-04-12 20:50:42.290106,0 days 00:00:18.741978,0.49075638146311157,0.5228534998051462,2,0.059678163642269924,0.1641636320351949,0.07846113118195154,0.0456463832371761,0.04682540685682297,0.08255029550737984,0.054521896664937626,24,27,0.0475890034130974,0.18643673393689064,True,True,True,6.083119498318926e-08,COMPLETE
1092,0.2776571393013001,2025-04-12 20:50:42.650899,2025-04-12 20:50:51.455356,0 days 00:00:08.804457,0.46151521052457806,0.38069352369996057,8,0.05916768501060205,0.15453037874104858,0.08114344699014345,0.04971138973111863,0.05004331377745328,0.0917464814547038,0.05899059024339286,23,19,0.05456983228916305,0.1772306147676994,True,True,True,9.774323402923553e-07,COMPLETE
1093,0.2852970540523529,2025-04-12 20:50:51.811807,2025-04-12 20:51:00.741888,0 days 00:00:08.930081,0.42678955103013744,0.42493361004770536,8,0.0752069309395493,0.1795551401110948,0.08284782773993545,0.052537776955224415,0.0513873675125959,0.09378501600802368,0.01656643147342967,24,23,0.05137258175275318,0.2039289988606508,True,True,True,3.799998224325022e-07,COMPLETE
1094,0.4377548813819886,2025-04-12 20:51:01.101537,2025-04-12 20:51:09.982385,0 days 00:00:08.880848,0.5462231054490703,0.5510419676655354,8,0.06668414903338762,0.1726950581962576,0.0749270897421379,0.05271448294598048,0.05375349768399875,0.08947410409765572,0.07271457636995239,24,29,0.04918187547601548,0.19249596904155478,True,True,True,6.366894717748186e-07,COMPLETE
1095,0.3874768495559693,2025-04-12 20:51:10.342600,2025-04-12 20:51:19.231651,0 days 00:00:08.889051,0.49585033551012275,0.5594863618896175,8,0.0802410247524746,0.1655374947530817,0.07191358792174278,0.0506779913805042,0.05439228861357601,0.06406067305231486,0.08520376671491946,24,26,0.053005873868415515,0.1976726091881135,True,True,True,5.292349978640601e-07,COMPLETE
1096,0.19931281208992005,2025-04-12 20:51:19.598141,2025-04-12 20:51:28.932480,0 days 00:00:09.334339,0.4471975485468873,0.5748987888936888,8,0.09329550718848587,0.15709248562249042,0.0739267713578681,0.05276715836423965,0.05739426035511191,0.09014912983515144,0.0782974005286564,25,134,0.050308510830111834,0.20310698269278077,True,True,True,2.4493959511185396e-07,COMPLETE
1097,0.19931281208992005,2025-04-12 20:51:29.275198,2025-04-12 20:51:38.066264,0 days 00:00:08.791066,0.011681408587676745,0.535053131226362,8,0.07429277944976254,0.1715209388409149,0.0699987728143519,0.04796170592370379,0.05687746485600384,0.08792494361815871,0.09985916161554835,24,16,0.05550997323522083,0.19268501780568725,False,True,True,4.0912115268945014e-07,COMPLETE
1098,0.22863622903823855,2025-04-12 20:51:38.423630,2025-04-12 20:51:47.477422,0 days 00:00:09.053792,0.47771876356656545,0.555422840518597,8,0.07006165795335542,0.1626708418689596,0.07449237476579215,0.05022348667530468,0.053982841970889976,0.09437547380303649,0.07321130844293328,25,52,0.05150657636741669,0.193870853094378,True,True,True,3.020267227990611e-07,COMPLETE
1099,0.4180718302726746,2025-04-12 20:51:47.841326,2025-04-12 20:51:56.768851,0 days 00:00:08.927525,0.5183305688088754,0.5827371966236417,8,0.06780762698786733,0.17019319159243365,0.0729385565207471,0.05253673446599438,0.05257965179783515,0.09170710018387818,0.07418852311693215,25,21,0.0491430170417102,0.1985503069808812,True,False,True,6.338442759253722e-07,COMPLETE
1100,0.38639132976531987,2025-04-12 20:51:57.129870,2025-04-12 20:52:05.865156,0 days 00:00:08.735286,0.5561590377967662,0.5556113999246273,8,0.07718981726521512,0.1735845186403365,0.07462251511986048,0.05359689567772654,0.05504663687307834,0.09307329700603711,0.08428242322056045,23,30,0.053250879755111925,0.18812186119542393,True,True,True,4.972284216550837e-07,COMPLETE
1101,0.4188409447669983,2025-04-12 20:52:06.223869,2025-04-12 20:52:15.048219,0 days 00:00:08.824350,0.49661434860894216,0.5472450554375423,8,0.06453164084456427,0.1614224882146176,0.07609392941488471,0.0498022490333506,0.05331745693809862,0.08630595898726418,0.06931558191090025,24,34,0.04925250179766641,0.1854653324498943,True,True,True,1.2709348241328212e-06,COMPLETE
1102,0.2664719343185425,2025-04-12 20:52:15.407113,2025-04-12 20:52:24.487622,0 days 00:00:09.080509,0.3971670587986549,0.5894076076265471,8,0.08418769339553966,0.17392505375474937,0.0710037864133507,0.04755542744365445,0.05578292530050124,0.08950019185514217,0.087899853761764,25,27,0.05135358458814316,0.19324007821135342,True,True,True,7.395099039250758e-07,COMPLETE
1103,0.43132402896881106,2025-04-12 20:52:24.845900,2025-04-12 20:52:33.941864,0 days 00:00:09.095964,0.5388443156777556,0.5701716912873317,8,0.06542798949470476,0.1439094958770194,0.0754221610007584,0.04450172656434678,0.05133976122854998,0.09484595911551326,0.06416674687740677,25,24,0.04826843589523357,0.18485305820294937,True,True,True,7.517946513228326e-08,COMPLETE
1104,0.19931281208992005,2025-04-12 20:52:34.305018,2025-04-12 20:52:43.231256,0 days 00:00:08.926238,0.4581093493893101,0.5296939856988462,8,0.07079807458644083,0.17704175328759164,0.07398207515607422,0.0536868687755259,0.04908471057756289,0.09212124510122159,0.07442184033273182,24,29,0.007344724079026407,0.20322752060364568,True,True,True,4.641742644291936e-07,COMPLETE
1105,0.19931281208992005,2025-04-12 20:52:43.597721,2025-04-12 20:52:50.795259,0 days 00:00:07.197538,0.42588120336538854,0.5379850629415158,16,0.06137312055843147,0.16639115938724758,0.07789538381620185,0.05186060288326063,0.05335209299466388,0.08392366663058072,0.05188824619197419,23,7,0.050771009007760715,0.1903828477070071,True,True,False,3.509072019589516e-07,COMPLETE
1106,0.43844977617263803,2025-04-12 20:52:51.159330,2025-04-12 20:53:00.149608,0 days 00:00:08.990278,0.47454001734521156,0.5057231563020403,8,0.06736099259746647,0.1674277343925309,0.0725940626916017,0.054230851867423706,0.048297791808398126,0.08781500665576364,0.0832282559715177,24,32,0.04718484198064272,0.1977252237555108,True,True,True,5.895553884673709e-07,COMPLETE
1107,0.3221622407436371,2025-04-12 20:53:00.516649,2025-04-12 20:53:09.558150,0 days 00:00:09.041501,0.509726433141811,0.5085106656950446,8,0.07650673156424806,0.14979593076521805,0.07195324524177213,0.05114709957774161,0.050493356186545824,0.08320939908056939,0.0871967631243408,25,38,0.05313765673011871,0.20516088049958078,True,True,True,5.637336608647683e-07,COMPLETE
1108,0.3164566040039063,2025-04-12 20:53:09.927892,2025-04-12 20:53:18.856305,0 days 00:00:08.928413,0.48029873136507195,0.5018598464092148,8,0.07048958737508237,0.1589332022264679,0.0721157693045553,0.04897116978827811,0.05047885118894775,0.08611223310321983,0.09762328481271663,24,34,0.04965945656988408,0.20198061968217787,True,True,True,4.1905474868163155e-07,COMPLETE
1109,0.3011617541313172,2025-04-12 20:53:19.227900,2025-04-12 20:53:28.306012,0 days 00:00:09.078112,0.5268580196071398,0.3621898487723256,8,0.08091711848151861,0.16334365840594944,0.07361009603471912,0.05395979862227895,0.04826136368952128,0.08817191034551423,0.09860325744060809,25,41,0.04779910086719332,0.19418864646334058,True,True,True,2.806370002809529e-07,COMPLETE
1110,0.40006777048110964,2025-04-12 20:53:28.652084,2025-04-12 20:53:38.290626,0 days 00:00:09.638542,0.5036564071511619,0.5134376466631667,8,0.0714481731450179,0.16797005160499465,0.06988310058461784,0.03869877091633736,0.0508909002276723,0.08101676972433082,0.08722487144645322,29,37,0.04930850832987729,0.20664270507308977,True,True,True,0.00018552518349744168,COMPLETE
1111,0.32704920768737794,2025-04-12 20:53:38.648442,2025-04-12 20:53:47.776183,0 days 00:00:09.127741,0.4834950174363657,0.3967116692431204,8,0.0729772564459169,0.15893530148728957,0.07545457323594523,0.04638258157712684,0.04828288716195578,0.08583130512774831,0.08032637742467033,25,32,0.05147125878914432,0.19534278350817663,True,True,True,3.454122959634864e-07,COMPLETE
1112,0.2692416310310364,2025-04-12 20:53:48.138026,2025-04-12 20:54:06.207958,0 days 00:00:18.069932,0.5256476232602768,0.5036848127487104,2,0.0841095285988788,0.16815520221449212,0.07287671213715893,0.05145366435016654,0.054158948000821446,0.08794853813449591,0.07492902482873354,23,35,0.04725160055505138,0.1988691993657038,True,True,True,5.447907632044266e-07,COMPLETE
1113,0.4012938141822815,2025-04-12 20:54:06.571557,2025-04-12 20:54:15.462775,0 days 00:00:08.891218,0.5565182057017287,0.48968328191011146,8,0.0675524647438483,0.16947688452570392,0.07580434182711286,0.05428675235787497,0.0510953284979472,0.08561877521275336,0.09938409615420468,24,32,0.05406207153957395,0.19842116395034673,True,True,True,4.4542006527463783e-07,COMPLETE
1114,0.42132871150970463,2025-04-12 20:54:15.824118,2025-04-12 20:54:24.719541,0 days 00:00:08.895423,0.49483289236479494,0.5179462302276425,8,0.07708851589724039,0.16505802937997752,0.07466253036966841,0.04215119817746307,0.048133117758422814,0.043451522682901055,0.07436254924281993,24,31,0.048993499157498566,0.20581145311490995,True,True,True,1.2211966947575538e-07,COMPLETE
1115,0.3493760824203491,2025-04-12 20:54:25.095934,2025-04-12 20:54:34.123210,0 days 00:00:09.027276,0.4710897367559164,0.4768765179488651,8,0.0655319460341305,0.1537565985438323,0.07669566362709695,0.05193175693623279,0.04979829221904956,0.08781053518009993,0.08581453980118005,25,35,0.04705523160167806,0.19822214764574322,True,False,True,2.050585489173819e-07,COMPLETE
1116,0.35418803691864015,2025-04-12 20:54:34.484508,2025-04-12 20:54:44.003603,0 days 00:00:09.519095,0.5160528089776125,0.40477091315162544,8,0.06760011824918395,0.17390445070221772,0.07620052084887073,0.04936783341150067,0.053616407675284763,0.0898422390774802,0.06464280784069593,28,25,0.05061467459088351,0.19350507980630743,True,True,True,6.14916698514877e-07,COMPLETE
1117,0.28245338797569275,2025-04-12 20:54:44.379119,2025-04-12 20:54:53.321430,0 days 00:00:08.942311,0.5391798797536475,0.4297793274762103,8,0.06094360994469649,0.17835323010190832,0.06881741654132253,0.053330228630540606,0.05539232676943807,0.08721507206657321,0.07496199800655601,25,29,0.05579101884417305,0.19104344929321967,False,True,True,8.737586564341528e-07,COMPLETE
1118,0.19931281208992005,2025-04-12 20:54:53.683238,2025-04-12 20:55:02.553747,0 days 00:00:08.870509,0.44324058992273646,0.46219867025250744,8,0.06490551104564801,0.1712522245768431,0.07352074764825955,0.04723597651375644,0.048956447406115884,0.08407665829924765,0.0855397925784074,24,21,0.04663931984043619,0.187131418164749,True,True,True,4.657756404806401e-07,COMPLETE
1119,0.4326859712600708,2025-04-12 20:55:02.918571,2025-04-12 20:55:11.508846,0 days 00:00:08.590275,0.48618963039819985,0.4952502513813511,8,0.07468575439923827,0.16249912931913707,0.0773333522693139,0.050307091013942325,0.052489190775265,0.08941745892559057,0.05968146792381881,22,32,0.049382576858896056,0.18466622252611387,True,True,True,3.269239209076773e-07,COMPLETE
1120,0.3842006683349609,2025-04-12 20:55:11.870619,2025-04-12 20:55:20.902483,0 days 00:00:09.031864,0.466945633564951,0.5476513818884685,8,0.06104551550741628,0.17728281908408647,0.07117671463937536,0.05452072489718536,0.06033126652548346,0.09048201315479454,0.007406364633481276,25,26,0.05274353290617869,0.20834120977028936,True,True,True,6.138899269446508e-07,COMPLETE
1121,0.2954306721687317,2025-04-12 20:55:21.270334,2025-04-12 20:55:30.286693,0 days 00:00:09.016359,0.5032895001581446,0.47816265797511687,8,0.05807779948378835,0.1543916988096841,0.07750358458912934,0.05164361518462946,0.04970332439093601,0.08813906855717717,0.06859247263339245,25,29,0.047990324665133526,0.18905898649004702,True,True,True,2.408986118289591e-07,COMPLETE
1122,0.38097840547561646,2025-04-12 20:55:30.651965,2025-04-12 20:55:39.404413,0 days 00:00:08.752448,0.5152878431219686,0.5232052295514784,8,0.06592313198753802,0.1736561234516583,0.07456729845583841,0.05463623433272106,0.05796036972720516,0.08482472762733399,1.0948348423930044e-05,23,40,0.046041621813367746,0.19842555747316845,True,True,True,7.911341250821301e-07,COMPLETE
1123,0.3464055895805359,2025-04-12 20:55:39.772670,2025-04-12 20:55:48.535583,0 days 00:00:08.762913,0.43656444091156454,0.4445538899587623,8,0.0740770548914519,0.17970287056772236,0.07835329624687397,0.04073345025848139,0.051749080003375615,0.09074136318330632,0.012781600017656837,24,23,0.05096131119526087,0.18158916635807074,True,True,False,5.18818931758321e-07,COMPLETE
1124,0.25895453095436094,2025-04-12 20:55:48.910071,2025-04-12 20:55:57.948018,0 days 00:00:09.037947,0.48277971257957136,0.4182829624962712,8,0.05931501330838752,0.16757918914827563,0.07632715106931894,0.04465926710403892,0.05495728265801559,0.05912458222487026,0.09938230109567203,25,27,0.048549819426145266,0.19046840749375402,True,True,True,1.6498294828722243e-07,COMPLETE
1125,0.34981766939163206,2025-04-12 20:55:58.320365,2025-04-12 20:56:07.215212,0 days 00:00:08.894847,0.5397903382980611,0.37463601733756646,8,0.14898945478746833,0.180249176266234,0.07832163696321985,0.04925761467016172,0.0472483554976312,0.08912391801586102,0.09940571015496297,24,36,0.046474350095877616,0.17856831939302545,True,True,True,1.2977686254021195e-08,COMPLETE
1126,0.19931281208992005,2025-04-12 20:56:07.565885,2025-04-12 20:56:17.059525,0 days 00:00:09.493640,0.46030166757458296,0.5124014120876648,8,0.06932127781316552,0.16230585635455055,0.07310460248886676,0.053689564071347944,0.04955266196876861,0.08641759836079906,0.056355773756019176,28,17,0.05270363805068126,0.1842909190960559,True,True,True,3.846112100366849e-07,COMPLETE
1127,0.19931281208992005,2025-04-12 20:56:17.428354,2025-04-12 20:56:25.265022,0 days 00:00:07.836668,0.4952768174750533,0.4869098614817259,16,0.06280918492168915,0.17065513958245487,0.07516958924631226,0.052267375322560865,0.03259187676014577,0.09157502716017007,0.07435546461315856,25,143,0.049858446096677674,0.19812896360684418,True,True,True,6.537441238510595e-07,COMPLETE
1128,0.43278458118438723,2025-04-12 20:56:25.628459,2025-04-12 20:56:34.696950,0 days 00:00:09.068491,0.39952869965626137,0.45902497110085755,8,0.056977368990014626,0.18049986712264515,0.07884571494511664,0.05566188728191078,0.05308274942022932,0.08320941712341409,0.06374268241332891,25,32,0.04619798512596454,0.1728501206044957,True,True,True,1.028276504796946e-06,COMPLETE
1129,0.28864172101020813,2025-04-12 20:56:35.062822,2025-04-12 20:56:44.640902,0 days 00:00:09.578080,0.4461023864953102,0.3979268782025745,8,0.06317194771840486,0.17373758370841777,0.07669243851470157,0.04754186260149328,0.05689565224114952,0.08990541105157418,0.08438898446860989,29,24,0.04782553116661494,0.18986364278342585,True,True,True,4.1737850002629646e-07,COMPLETE
1130,0.3215501785278321,2025-04-12 20:56:45.007400,2025-04-12 20:56:53.778576,0 days 00:00:08.771176,0.5182421464161378,0.5289337081931327,8,0.08100187832311946,0.16606125311975,0.0788973297502184,0.05036080965624728,0.05116623828089081,0.08697771878228838,0.0474071753218486,23,29,0.051458380923482476,0.1784722387113518,True,True,True,7.821041910687009e-07,COMPLETE
1131,0.43474656343460083,2025-04-12 20:56:54.145128,2025-04-12 20:57:02.976544,0 days 00:00:08.831416,0.47233317356673826,0.49797964600500183,8,0.05474882485325007,0.17542207028466636,0.06821363880903433,0.053216049905999686,0.03517312692280302,0.0776321787556968,0.07396335532986045,24,26,0.04586945079236137,0.18256611671875386,True,True,True,5.298671431635098e-07,COMPLETE
1132,0.19931281208992005,2025-04-12 20:57:03.344257,2025-04-12 20:57:12.322428,0 days 00:00:08.978171,0.5553049565978639,0.44401388850949153,8,0.05646743710971249,0.15688172875540415,0.06344075172597675,0.05477020765770501,0.0467458762493808,0.0916478521772931,0.09975389694832842,25,20,0.0486816448240732,0.17375545786283553,True,True,True,9.144119019987722e-08,COMPLETE
1133,0.24047519564628603,2025-04-12 20:57:12.683537,2025-04-12 20:57:21.634680,0 days 00:00:08.951143,0.42495822685790274,0.5995609839524348,8,0.12451459749727803,0.18292313821273348,0.02079554995927589,0.035893495361465105,0.02669707578081972,0.08147057238354871,0.05642392884613373,24,56,0.05028279569766583,0.19578908587884375,True,True,True,3.1752287208131415e-07,COMPLETE
1134,0.4129690766334534,2025-04-12 20:57:22.005812,2025-04-12 20:57:40.953367,0 days 00:00:18.947555,0.5008133539631608,0.5652781766309752,2,0.06719443073156585,0.17904292965656024,0.07095045303531644,0.05120652659442246,0.048790469814131175,0.0930175062461749,0.06589028868888575,25,34,0.05362142585852194,0.202709764774531,True,False,True,6.679683206018516e-07,COMPLETE
1135,0.31932255029678347,2025-04-12 20:57:41.322644,2025-04-12 20:57:50.226707,0 days 00:00:08.904063,0.3291776273003383,0.473801932567481,8,0.05616156216674906,0.17148139056914133,0.07986718872760051,0.055932997328733525,0.05487289533674909,0.08815994289598564,0.08372109119765975,24,30,0.04750208134322632,0.1829851355620295,False,True,True,2.2202471210464404e-08,COMPLETE
1136,0.19931281208992005,2025-04-12 20:57:50.596463,2025-04-12 20:57:59.526639,0 days 00:00:08.930176,0.5316841472318096,0.5446367839925154,8,0.07262373026615626,0.16543460291623655,0.07365897590105405,0.04466884212717358,0.06910647787510767,0.09097164037056976,0.04572596863471085,25,11,0.055319196066683216,0.18904271018149,True,True,True,2.511964365663719e-07,COMPLETE
1137,0.4165136337280273,2025-04-12 20:57:59.901884,2025-04-12 20:58:09.275341,0 days 00:00:09.373457,0.45526104798617495,0.4214894719304916,8,0.06221296113188669,0.1819769099376342,0.07690875650076338,0.047740114872972986,0.04601556661480963,0.09374196289116042,0.02325189685655565,28,23,0.04534727003038559,0.17553797485994846,True,True,True,9.130780866790659e-07,COMPLETE
1138,0.19931281208992005,2025-04-12 20:58:09.645640,2025-04-12 20:58:18.349810,0 days 00:00:08.704170,0.4790053255842975,0.5025396625104197,8,0.05686904866182527,0.17543120662217632,0.07526919946449989,0.05317293493268465,0.02883700953468372,0.0856443120555412,0.07222921458791218,23,27,0.021948663397940205,0.16855732258939274,True,True,True,4.798424752031773e-07,COMPLETE
1139,0.26043593883514404,2025-04-12 20:58:18.720953,2025-04-12 20:58:27.755781,0 days 00:00:09.034828,0.3744702455228543,0.010042048364455214,8,0.06846696126939439,0.15946904428672642,0.07911962046082519,0.04989779142821269,0.05234174799909475,0.08950423042323011,0.054685810448582145,25,33,0.05001078964678356,0.19252327282314974,True,True,True,1.349831182830821e-06,COMPLETE
1140,0.25018962621688845,2025-04-12 20:58:28.128265,2025-04-12 20:58:37.021367,0 days 00:00:08.893102,0.4145046092471504,0.4563960532178546,8,0.08752215607677083,0.18322730937393467,0.08065663659244031,0.056090956457691306,0.06210459192270812,0.09154418995795228,0.08187037014086145,24,37,0.051995491936869,0.18530469392257692,True,True,True,3.7930523015521866e-07,COMPLETE
