number,value,datetime_start,datetime_complete,duration,params_alpha-eval,params_alpha-train,params_batch-size,params_eps-eval,params_eps-train,params_lambda-actions-eval,params_lambda-actions-train,params_lambda-frames-eval,params_lambda-frames-train,params_learning-rate,params_n-epochs,params_n-frames,params_radius-gw,params_rho,params_std-feats,params_ub-actions,params_ub-frames,params_weight-decay,state
1866,0.5020725131034851,2025-04-14 21:42:16.670300,2025-04-14 21:42:24.452190,0 days 00:00:07.781890,0.6665747805995031,0.05902408582250586,16,0.03105576997790071,0.005961786687722419,0.08390914029502561,0.06673780985071887,0.09978518929944415,0.0938311458600673,0.000562427475219538,28,32,0.01760335126797156,0.1784123576338918,False,True,True,4.238127037113641e-08,COMPLETE
1867,0.5920072436332703,2025-04-14 21:42:25.051028,2025-04-14 21:42:46.399669,0 days 00:00:21.348641,0.6350361440374478,0.04268528964442336,2,0.04430453203571285,0.0007847619089701016,0.0867750365433143,0.06960252642572574,0.09984503348663026,0.09268967314371329,0.0004745043396435525,29,28,0.012674883043782595,0.1984137220057454,False,True,True,5.675798369231539e-08,COMPLETE
1868,0.493317186832428,2025-04-14 21:42:47.022305,2025-04-14 21:43:08.331341,0 days 00:00:21.309036,0.7088540221689371,0.04502380149571856,2,0.050258916638510995,0.011601304408591261,0.0809316881549976,0.06863969713916844,0.09242997744831559,0.09627378937729275,0.0003828639422440538,29,24,0.00989714338667444,0.20614154588800498,False,True,True,7.095812234862691e-08,COMPLETE
1869,0.5944047451019288,2025-04-14 21:43:08.962285,2025-04-14 21:43:30.517371,0 days 00:00:21.555086,0.6511249544541349,0.07635183817771893,2,0.03994151117165245,0.005466517963691508,0.050353095794238,0.06701526834870611,0.09445282451042228,0.09412998567340126,0.0003193195996783967,29,28,0.015003081880271612,0.18507125716881634,False,True,True,2.0908626730172565e-08,COMPLETE
1870,0.4593462228775025,2025-04-14 21:43:31.125760,2025-04-14 21:43:51.917190,0 days 00:00:20.791430,0.6946357555701855,0.08125938545903127,2,0.04280365014195935,0.000815152606212427,0.05060398062715516,0.07129440940779701,0.0928161566776155,0.09223676396730258,0.0002962807563955218,28,33,0.013361476563483398,0.17979888497136487,False,True,True,1.878723808873791e-08,COMPLETE
1871,0.3826922118663788,2025-04-14 21:43:52.519030,2025-04-14 21:44:13.103653,0 days 00:00:20.584623,0.6723745902109592,0.0820036009454354,2,0.05113914475652366,0.005376747133868066,0.08102813734304254,0.06580517088966102,0.09294543232095766,0.09212580877258293,0.00029489170894726865,28,31,0.008377828405867423,0.18403777989158435,False,False,True,2.0154712066150198e-08,COMPLETE
1872,0.19931281208992005,2025-04-14 21:44:13.721347,2025-04-14 21:44:34.602858,0 days 00:00:20.881511,0.6734413506427424,0.7628873301754981,2,0.045814859244654275,0.004866056072460416,0.05577158902597094,0.06956317343525807,0.09404758316966592,0.09393140945567555,0.0003263557238087108,28,29,0.01057869200987853,0.17902528556471747,True,True,True,1.914705655255428e-08,COMPLETE
1873,0.5038525104522705,2025-04-14 21:44:35.233022,2025-04-14 21:44:55.887756,0 days 00:00:20.654734,0.6938286610307262,0.08156266247281736,2,0.052381833279866674,0.0006593435365793224,0.05317501495291712,0.07305191665445036,0.09165349051956674,0.09187289354290168,0.0002804029026758667,28,37,0.03934937893692251,0.1844633510869929,False,True,True,2.4571375627512437e-08,COMPLETE
1874,0.3234218835830689,2025-04-14 21:44:56.491039,2025-04-14 21:45:17.779028,0 days 00:00:21.287989,0.6578225118663167,0.07837714340112846,2,0.03983550662716544,0.0005953596542020295,0.08249570436934826,0.06547303324166484,0.09452621113747668,0.09380685766618485,0.00031007935880256204,29,114,0.015364583375483508,0.18664613978919417,False,True,True,1.6479931894452234e-08,COMPLETE
1875,0.4465423345565796,2025-04-14 21:45:18.405117,2025-04-14 21:45:39.803377,0 days 00:00:21.398260,0.6786092242548423,0.0836824893640907,2,0.046746879300912314,0.0005682740498691554,0.08096211115535146,0.06790349480436596,0.09174426857546551,0.09141030676720399,0.0002581049129694863,29,33,0.012828107906095731,0.1759515828525931,False,True,True,2.029981031974989e-08,COMPLETE
1876,0.59431711435318,2025-04-14 21:45:40.408179,2025-04-14 21:46:01.894095,0 days 00:00:21.485916,0.658246439744308,0.08051374710468809,2,0.03904091512385615,0.0003997743730256515,0.08380419191828724,0.06995585476327221,0.09461435051350664,0.09371635951293626,0.00033873790141284555,29,28,0.014536133930823552,0.1880710490193659,False,True,True,2.6368228054981353e-08,COMPLETE
1877,0.29550427198410034,2025-04-14 21:46:02.523605,2025-04-14 21:46:23.469880,0 days 00:00:20.946275,0.6852852826845733,0.06710278876843821,2,0.05231505566661174,0.00034639785365935135,0.04850686937310658,0.06641679631689464,0.09215135307435106,0.09094006553403583,0.0003552908643762001,28,146,0.04576982250545475,0.18070621777792964,False,True,True,2.3641237580066022e-08,COMPLETE
1878,0.5884825587272644,2025-04-14 21:46:24.099414,2025-04-14 21:46:45.375137,0 days 00:00:21.275723,0.6492898866125493,0.06348153884418348,2,0.03195078384363975,0.01047193015469337,0.049799102996492636,0.06470076657460655,0.0940751950255877,0.0927346165740177,0.0002622814193671402,29,24,0.011492600438702878,0.18977117496059076,False,True,True,1.7457061555277268e-08,COMPLETE
1879,0.36115875244140627,2025-04-14 21:46:45.982926,2025-04-14 21:47:07.222685,0 days 00:00:21.239759,0.6440544678376994,0.08046383347064918,2,0.04447519708323237,0.08447969719980136,0.048550897306898516,0.06745997941215577,0.09124162002580828,0.09592682387173114,0.00033546140402450076,29,30,0.01814975136706071,0.18368324454044463,False,True,False,2.879271679986102e-08,COMPLETE
1880,0.19931281208992005,2025-04-14 21:47:07.856431,2025-04-14 21:47:28.467565,0 days 00:00:20.611134,0.9623353675985271,0.06132103514023574,2,0.038198185967330184,0.006503482087972991,0.08059563848921289,0.07145738592232831,0.09489586270100535,0.09416351534990677,0.00038297012671353967,28,21,0.01576248110289355,0.17687893601746585,False,True,True,2.3582220812130868e-08,COMPLETE
1881,0.500525712966919,2025-04-14 21:47:29.076024,2025-04-14 21:47:41.478210,0 days 00:00:12.402186,0.7334303775007317,0.08159718369565054,2,0.04626048330005034,0.006219328610355021,0.04537896528889503,0.06455642429039099,0.09263535632296126,0.09085677913818671,0.00024296262173813883,12,26,0.019306508646460507,0.18757852463185987,False,True,True,3.0334143270245314e-08,COMPLETE
1882,0.19931281208992005,2025-04-14 21:47:42.108300,2025-04-14 21:48:03.311524,0 days 00:00:21.203224,0.6589592148986949,0.0611212353761198,2,0.20451754062392066,0.00037390312908911535,0.047397169722972046,0.0692957908294113,0.09521423983584978,0.0922874123351036,0.0003091451689622266,29,24,0.011466935397362417,0.1891722329531624,False,True,True,1.64976393025866e-08,COMPLETE
1883,0.4325099706649781,2025-04-14 21:48:03.920180,2025-04-14 21:48:11.715185,0 days 00:00:07.795005,0.6420288862467354,0.060882830572533735,16,0.05517125564219781,0.00010263740377038783,0.0446208122517295,0.06746058755379475,0.0907615383832782,0.09451082315091476,0.0002674021347754159,28,34,0.014094437082521324,0.19432355580117863,False,True,True,3.2957713085869964e-08,COMPLETE
1884,0.6073042392730713,2025-04-14 21:48:12.342960,2025-04-14 21:48:32.958387,0 days 00:00:20.615427,0.6334311571784959,0.08166038338963297,2,0.030517428711196018,0.013840587412446594,0.05027025248522758,0.06569769125162316,0.09287861657750594,0.08989608435711335,0.0003923266778992054,28,27,0.05523265750118274,0.18233681923293021,False,True,True,2.1552301540479293e-08,COMPLETE
1885,0.43942226171493537,2025-04-14 21:48:33.576646,2025-04-14 21:48:54.451331,0 days 00:00:20.874685,0.7180962503184178,0.08526121319750904,2,0.0360043804833464,0.01631010372673546,0.05380286117494054,0.06406874072140951,0.0959460689159326,0.09032606957108141,0.00038509426779589857,28,32,0.019553645071126002,0.17828337849731546,False,True,True,1.956299100073171e-08,COMPLETE
1886,0.39251207113265996,2025-04-14 21:48:55.057905,2025-04-14 21:49:15.818193,0 days 00:00:20.760288,0.6669541917747256,0.07240217271197097,2,0.03204953414359326,0.016657498235000717,0.046566269439206456,0.06505268156443128,0.09307339417160754,0.08870369423606796,0.008222455465184252,28,30,0.04877881889399629,0.17700918609726135,False,True,True,1.712305505334936e-08,COMPLETE
1887,0.4402535200119019,2025-04-14 21:49:16.444678,2025-04-14 21:49:37.491458,0 days 00:00:21.046780,0.6795574128952402,0.08781506179968394,2,0.029818871113337808,0.017374547039650058,0.05100598508826948,0.0638949624167683,0.09576472279726506,0.08935225123479319,0.00031992114476814525,28,34,0.020246189059305954,0.1825445508818266,False,True,True,1.5963564048927204e-08,COMPLETE
1888,0.56910400390625,2025-04-14 21:49:38.123727,2025-04-14 21:49:59.026913,0 days 00:00:20.903186,0.6459972860226612,0.0820912904960034,2,0.0334053733222831,0.012986456357326526,0.0516784033362515,0.06606755971167062,0.0953391036396252,0.08911760540937362,0.0002557910371252361,28,29,0.018491656464213142,0.17556938774938308,False,True,True,1.9099681362484454e-08,COMPLETE
1889,0.325023889541626,2025-04-14 21:49:59.639281,2025-04-14 21:50:20.412473,0 days 00:00:20.773192,0.6568805079265416,0.054241988612023284,2,0.03173245225891478,0.012970649789004408,0.05121004313832839,0.06279053895738525,0.09363606021624529,0.09009679848886898,0.0004324190325073722,28,104,0.05420925145501313,0.1828133606146248,False,True,True,2.1989123610898285e-08,COMPLETE
1890,0.33138994574546815,2025-04-14 21:50:21.048200,2025-04-14 21:50:41.546252,0 days 00:00:20.498052,0.6320995065558414,0.7279840908763588,2,0.029990904057553707,0.017559416281621186,0.05257030535579306,0.0655819605139779,0.09371881785530842,0.0906515974943972,0.0002190911919963275,28,42,0.03458683026233682,0.18028335560014672,False,False,True,1.5374557056256525e-08,COMPLETE
1891,0.3683672070503235,2025-04-14 21:50:42.154627,2025-04-14 21:51:03.166423,0 days 00:00:21.011796,0.7000376625466285,0.04974377069243436,2,0.03153199008798969,0.011751336437456584,0.04993655065042742,0.06408766656896903,0.09059999727962585,0.08789273658713491,0.00032690158462333227,28,56,0.05582130497067621,0.18480234950498173,True,True,True,1.9770814595867597e-08,COMPLETE
1892,0.19931281208992005,2025-04-14 21:51:03.796627,2025-04-14 21:51:15.630180,0 days 00:00:11.833553,0.6421343795441523,0.4071916409711422,2,0.2860912792985999,0.27170025415007254,0.04767990665997659,0.06594189104835445,0.09636221383873897,0.09048387666107956,0.0003933771591541211,11,28,0.06520937611154548,0.19360430583579333,False,True,True,2.4126790678791062e-08,COMPLETE
1893,0.4521852970123291,2025-04-14 21:51:16.263060,2025-04-14 21:51:37.741996,0 days 00:00:21.478936,0.6639993493219855,0.08442776592530286,2,0.030008836074212095,0.011058276860585456,0.0503512218475877,0.06254836679752881,0.09352904942027938,0.08819848789933366,0.0002940987293943657,29,31,0.02218097959169152,0.17538743185748248,False,True,True,1.537779039368678e-08,COMPLETE
1894,0.19931281208992005,2025-04-14 21:51:38.350500,2025-04-14 21:51:59.373297,0 days 00:00:21.022797,0.6788071138811387,0.04794794563074008,2,0.039299899206284086,0.21214960746742828,0.048327200024255924,0.0669783691225439,0.0917792667897761,0.09173820199671294,0.0004265768257724533,28,28,0.01754025511261296,0.19086153556040059,False,True,True,2.3526636368548157e-08,COMPLETE
1895,0.19285706877708436,2025-04-14 21:52:00.005292,2025-04-14 21:52:21.073416,0 days 00:00:21.068124,0.6335298064059278,0.7913735123479173,2,0.03758159276125225,0.16650246787641293,0.052415870376767384,0.06103090019382393,0.09627597784957517,0.08975580808105103,0.00025469290841367007,28,38,0.019619372534001804,0.18534570236968856,False,True,True,2.5554894781751822e-08,COMPLETE
1896,0.5888049483299256,2025-04-14 21:52:21.690352,2025-04-14 21:52:43.331825,0 days 00:00:21.641473,0.6305891504166885,0.08484512017988846,2,0.049448800335067385,0.016454443517935236,0.04795155035648532,0.06407694008183783,0.09100637170406344,0.09143819288357148,0.00033673582492901714,29,27,0.02210211306259015,0.19426953102269728,False,True,True,1.408498842374173e-08,COMPLETE
1897,0.44610667228698736,2025-04-14 21:52:43.962459,2025-04-14 21:53:04.992207,0 days 00:00:21.029748,0.6543235796691796,0.05869428677666916,2,0.05528473514811572,0.009737378875409387,0.053295665941585586,0.06599513214431636,0.09432274390788314,0.08802907849593182,0.000458867795318679,29,34,0.06751712744051887,0.17593628868392208,False,True,True,2.0859959537081205e-08,COMPLETE
1898,0.18213482499122619,2025-04-14 21:53:05.604476,2025-04-14 21:53:26.144135,0 days 00:00:20.539659,0.6303578716816182,0.04635873047128036,2,0.030849718282750214,0.20197177360255383,0.07875413501560702,0.06420314989357588,0.09287302367127165,0.09218449941944322,0.0003697210004009628,28,31,0.019122867753783898,0.18374018970895994,False,True,False,2.9736992015566627e-08,COMPLETE
1899,0.5898395895957946,2025-04-14 21:53:26.772828,2025-04-14 21:53:48.099349,0 days 00:00:21.326521,0.6480968498184895,0.07214295378270295,2,0.03742480461668493,0.0001693443909928694,0.0489613240411947,0.067628066633957,0.09632745777615692,0.08951932579817895,0.0002816539896121126,29,25,0.016861053203081428,0.19751176631919296,False,True,True,1.73187525211595e-08,COMPLETE
1900,0.3710840106010437,2025-04-14 21:53:48.735558,2025-04-14 21:53:56.445318,0 days 00:00:07.709760,0.6757676022808075,0.04712473611062794,16,0.042858998898522314,0.017659795921097593,0.04499912411170467,0.06253380160658373,0.09099255225926905,0.09221687132379487,0.00020995040042885157,28,22,0.040202953731796255,0.19183873638323712,False,True,True,2.5677101253806502e-08,COMPLETE
1901,0.5914465308189392,2025-04-14 21:53:57.053660,2025-04-14 21:54:18.051740,0 days 00:00:20.998080,0.6312171659461379,0.04374025663628226,2,0.031040649635444895,0.0063888898260456885,0.052058367563808716,0.06791930909128,0.09473091886909682,0.07226257891679888,0.0004858489374434292,29,28,0.059351311120433826,0.1871817079462759,False,True,True,1.949397601409879e-08,COMPLETE
1902,0.19931281208992005,2025-04-14 21:54:18.686891,2025-04-14 21:54:40.266878,0 days 00:00:21.579987,0.6269415787045406,0.6551399556098294,2,0.04404922224829788,0.19134643966084847,0.04911873646813124,0.06544936787521419,0.0900159127589325,0.09045948542587288,0.00034695773440669865,29,31,0.017029912314234143,0.19819788558056103,False,True,True,2.8084847762280892e-08,COMPLETE
1903,0.5907655596733093,2025-04-14 21:54:40.881180,2025-04-14 21:55:02.257598,0 days 00:00:21.376418,0.6995913792834251,0.028844019484600896,2,0.04984361949776338,0.0001242676616837468,0.05660121502360602,0.061149094750774985,0.09307405633499927,0.08795111765069416,0.00025818499396262847,29,26,0.021777681881430217,0.18170584021645783,False,True,True,1.4772706452495515e-08,COMPLETE
1904,0.5802708387374879,2025-04-14 21:55:02.887069,2025-04-14 21:55:23.682970,0 days 00:00:20.795901,0.647990848674018,0.08423871450799958,2,0.03511505995969504,0.010237357762215668,0.04221287111472461,0.06786449126359077,0.09710259565987037,0.037131506798403234,0.00043398706045018196,28,24,0.021036925613120285,0.19139128851324774,False,True,True,3.399170768421433e-08,COMPLETE
1905,0.5749691247940064,2025-04-14 21:55:24.321141,2025-04-14 21:55:45.602459,0 days 00:00:21.281318,0.6628997952174072,0.062668047030316,2,0.057416037619195434,0.01787927629478729,0.050603067780543166,0.06376634934113853,0.09500126759823342,0.0900834575854876,0.00029079650425034294,29,21,0.03705287160487994,0.19761954306887805,False,True,True,2.1798932304757627e-08,COMPLETE
1906,0.5795525789260865,2025-04-14 21:55:46.221270,2025-04-14 21:56:07.022119,0 days 00:00:20.800849,0.6200825818790803,0.0280451201660133,2,0.03042113259406827,0.006644894839453772,0.05535265251226602,0.06540469293077401,0.09186904918091432,0.09237871381050881,0.00037797322281173454,28,29,0.01926938229096285,0.17601985972246106,False,True,True,3.963101302613032e-08,COMPLETE
1907,0.4380784273147583,2025-04-14 21:56:07.665627,2025-04-14 21:56:29.081421,0 days 00:00:21.415794,0.623711989493883,0.06197987341037534,2,0.0382254899560128,0.012186187801817894,0.05026209903646473,0.06715270155548934,0.0898153084112185,0.09292950809061666,0.010006579091396673,29,34,0.01618759871077553,0.188595823242655,False,True,True,2.751882119156925e-08,COMPLETE
1908,0.5899632930755615,2025-04-14 21:56:29.701604,2025-04-14 21:56:50.266360,0 days 00:00:20.564756,0.6407002331815704,0.042484566098562514,2,0.04379846565624923,0.017203956032555652,0.052820818708367766,0.06087446706863232,0.09285864513007275,0.0878907467394578,0.00021578511604136718,28,27,0.04774622130816748,0.1997370914614348,False,True,True,1.837747093210181e-08,COMPLETE
1909,0.3559860765933991,2025-04-14 21:56:50.910979,2025-04-14 21:57:11.910313,0 days 00:00:20.999334,0.6578081522563346,0.030177347710083874,2,0.0532930837079268,0.006215917604715407,0.07927260546020481,0.06285952862047596,0.0973886421501209,0.0912432735601308,0.00032503153580632676,29,38,0.05271943036345227,0.2077943963901936,False,False,True,3.6863378355255444e-08,COMPLETE
1910,0.2864024817943573,2025-04-14 21:57:12.531338,2025-04-14 21:57:33.578423,0 days 00:00:21.047085,0.6873802938632716,0.010038144316159667,2,0.04720185905736773,0.011205156686512164,0.07972493190695554,0.06887097514126907,0.09509148149400895,0.09418389585884336,0.0005143231254423745,28,22,0.01571276848507023,0.04260057245497237,True,True,True,2.4032443616003813e-08,COMPLETE
1911,0.45583420991897583,2025-04-14 21:57:34.217838,2025-04-14 21:57:55.457582,0 days 00:00:21.239744,0.622405955500053,0.08441597799932976,2,0.03773559487680174,0.006494184624965301,0.04872104974083233,0.06596414034380312,0.0936045654035368,0.08964140330682088,0.000404084593231492,29,31,0.018003242098077653,0.19226574347581232,False,True,True,1.4941632522657323e-08,COMPLETE
1912,0.48559834957122805,2025-04-14 21:57:56.078825,2025-04-14 21:58:06.892481,0 days 00:00:10.813656,0.6408351365668927,0.043642284271197894,2,0.030938878931285173,0.017369829389945083,0.0497785124671055,0.06504371732143199,0.09024581207253511,0.09234173073179965,0.0002437997204768275,9,26,0.02101763760614923,0.18371930048252025,False,True,True,3.154038224855932e-08,COMPLETE
1913,0.5813611507415772,2025-04-14 21:58:07.535702,2025-04-14 21:58:28.848338,0 days 00:00:21.312636,0.618746126239394,0.06114503745170607,2,0.04203627084437163,0.000186226449102188,0.048709196666416876,0.06296953199427786,0.09654528175043513,0.09609040005718077,0.0004751693869797032,29,21,0.04401635714662931,0.20099868410398716,False,True,True,2.0205712532644827e-08,COMPLETE
1914,0.3457415342330933,2025-04-14 21:58:29.463747,2025-04-14 21:58:50.236546,0 days 00:00:20.772799,0.674859044023774,0.030898046741308853,2,0.05972608133621089,0.010667636396014653,0.051956743283279344,0.06745138659220315,0.08881545504873267,0.09377659460509973,0.00011607521417060358,28,25,0.022704120500075767,0.2859662611013469,False,True,True,2.6593078406300136e-08,COMPLETE
1915,0.2898760557174683,2025-04-14 21:58:50.881562,2025-04-14 21:59:12.430651,0 days 00:00:21.549089,0.615422835028768,0.06643613236775546,2,0.04815123990796823,0.0069089299585680265,0.08210221398296974,0.031225969391612818,0.0913978373358705,0.0901517443349631,0.0003077871529830531,29,35,0.004743331488328759,0.19395159691405509,False,True,True,3.701471068034874e-08,COMPLETE
1916,0.4218826889991761,2025-04-14 21:59:13.049646,2025-04-14 21:59:35.002837,0 days 00:00:21.953191,0.6454640007350985,0.47905431769181284,2,0.03071675739803359,0.01310843880077944,0.04700593674721752,0.06923583628498456,0.09474742013359862,0.08760099951107309,0.00038673106096026073,30,29,0.014975935853986053,0.18248546280529507,False,True,True,1.318718979857171e-08,COMPLETE
1917,0.345071542263031,2025-04-14 21:59:35.640673,2025-04-14 21:59:43.412917,0 days 00:00:07.772244,0.6572597394279369,0.02840469869690614,16,0.05390088551347541,0.005904431261695011,0.047192649278567984,0.06437127728942975,0.09221633086233642,0.09214110440469095,8.01959916949929e-05,29,24,0.018356369361330532,0.20514115838564906,False,True,False,4.294132626311525e-08,COMPLETE
1918,0.5406536817550659,2025-04-14 21:59:44.030215,2025-04-14 22:00:04.938913,0 days 00:00:20.908698,0.6272489742290196,0.010133525210762027,2,0.03728339010593524,0.00017610875286289823,0.0526752857546441,0.08935800536855318,0.09411483452286101,0.0962254142257274,0.0002745887175012333,28,32,0.020289952283796653,0.18869740369226964,False,True,True,2.1581839873798655e-08,COMPLETE
1919,0.5816613197326661,2025-04-14 22:00:05.588846,2025-04-14 22:00:26.791129,0 days 00:00:21.202283,0.6095815018634417,0.04537541411907794,2,0.04255350107608222,0.01796222410295006,0.05101944210708353,0.06652993169844146,0.0972639945744003,0.09426526342933927,0.0002026993688261051,29,27,0.062160656795114184,0.1961085722334296,False,True,True,2.909486765675436e-08,COMPLETE
1920,0.5805249214172363,2025-04-14 22:00:27.410453,2025-04-14 22:00:49.431166,0 days 00:00:22.020713,0.636230768725652,0.0823559581321073,2,0.05122519625491417,0.005877997733914547,0.046481097004173154,0.06147027668674403,0.09067478491095861,0.08948442189911661,0.0006030727545948134,30,22,0.01657964073730336,0.17597175154678957,False,True,True,1.7032168057285838e-08,COMPLETE
1921,0.5699042797088624,2025-04-14 22:00:50.076422,2025-04-14 22:01:03.103086,0 days 00:00:13.026664,0.6102331936315798,0.04434539191474891,2,0.029325805876349892,0.01153821839615482,0.04978409204986224,0.06822798823360096,0.09311018680518404,0.09149215722269656,0.00046721691713803165,13,30,0.024041575454742798,0.21133219281165444,False,True,True,3.457081042143545e-08,COMPLETE
