number,value,datetime_start,datetime_complete,duration,params_alpha-eval,params_alpha-train,params_batch-size,params_eps-eval,params_eps-train,params_lambda-actions-eval,params_lambda-actions-train,params_lambda-frames-eval,params_lambda-frames-train,params_learning-rate,params_n-epochs,params_n-frames,params_radius-gw,params_rho,params_std-feats,params_ub-actions,params_ub-frames,params_weight-decay,state
509,0.3775024175643921,2025-04-14 16:35:11.609570,2025-04-14 16:35:19.843489,0 days 00:00:08.233919,0.6566574865384475,0.044371989257978736,8,0.060138743269492964,0.024349858782790553,0.0038710370422964345,0.05288764345897017,0.08213830218436013,0.08250956590606694,0.0012813357652068764,20,29,0.08052511525283532,0.13083639113556897,False,True,True,0.00018564078948803207,COMPLETE
510,0.19647808074951173,2025-04-14 16:35:20.014352,2025-04-14 16:35:28.164496,0 days 00:00:08.150144,0.7012548746022798,0.0296168995868107,8,0.0475099505812904,0.015235624070463468,0.0012337650543216558,0.054247690695672646,0.08035876235250415,0.08065913950157594,0.0017017502632340766,19,32,0.07382027927200459,0.11991717241188826,True,True,True,0.0002028428351697015,COMPLETE
511,0.33588188886642456,2025-04-14 16:35:28.325571,2025-04-14 16:35:36.659034,0 days 00:00:08.333463,0.6342078178270986,0.05021082654474036,8,0.04740581277259249,0.019591557169163328,0.004004044328821121,0.045987226330082225,0.0779694981563063,0.08163904092738085,0.0010518725106475578,21,24,0.08120082813691251,0.13511669033533635,False,True,True,0.00015247163839846988,COMPLETE
512,0.38372192382812503,2025-04-14 16:35:36.819546,2025-04-14 16:35:45.014365,0 days 00:00:08.194819,0.7052304033458713,0.8232888893534167,8,0.05195607843199174,0.028181205458974713,0.009873194113103334,0.05181626324365713,0.08602682162794373,0.07961475835849884,0.0012849033642591456,20,26,0.07099969723278227,0.1277072085018091,False,True,True,0.00012913683367105335,COMPLETE
513,0.42063986063003544,2025-04-14 16:35:45.185737,2025-04-14 16:35:53.533179,0 days 00:00:08.347442,0.6249275645472585,0.061781630263969906,8,0.04687285134475814,0.10789436512691639,0.005281883461352209,0.056584766121399885,0.0825444978118211,0.07743239475696877,0.0009423718403493414,21,29,0.07509215920329015,0.1323836100638732,False,True,True,0.0002291784461971926,COMPLETE
514,0.449223268032074,2025-04-14 16:35:53.692602,2025-04-14 16:36:01.800023,0 days 00:00:08.107421,0.6084115049707741,0.024271215112204647,8,0.04471527163636137,0.0135799325432585,0.005454543002429693,0.05419768551167001,0.0800859689841186,0.08090427016084355,0.0015391831752780334,19,33,0.07857684614179546,0.12065831706627529,False,True,True,0.0003188072448651529,COMPLETE
515,0.19931281208992005,2025-04-14 16:36:01.977015,2025-04-14 16:36:10.022033,0 days 00:00:08.045018,0.6728637591334133,0.012025898415407056,8,0.058231386543430505,0.19474392628659867,0.018597888629214823,0.056140484949749866,0.0771833508065952,0.08366767192417356,0.0009956910152056674,19,30,0.07929856016502647,0.13961926822121287,False,True,True,0.00016536639232722335,COMPLETE
516,0.40644222497940063,2025-04-14 16:36:10.185615,2025-04-14 16:36:18.143659,0 days 00:00:07.958044,0.7301669661286944,0.05390517301632639,8,0.03034472138936179,0.01157063849662535,0.013133770403878791,0.04985785763437772,0.08350135851520152,0.08244442731270006,0.0008191020624028477,18,33,0.08231996775147311,0.14085080746704326,False,True,True,0.00011899755222199017,COMPLETE
517,0.3866332530975342,2025-04-14 16:36:18.305464,2025-04-14 16:36:26.637693,0 days 00:00:08.332229,0.6643546579933677,0.03881755611924347,8,0.03693420563824798,0.0859726019061856,0.03184444871550542,0.04754483117055159,0.07912271616145392,0.047350698476136925,0.0023690263770317064,21,27,0.08508568846897621,0.13632134429544945,False,True,True,0.00011873528813063447,COMPLETE
518,0.44474630355834965,2025-04-14 16:36:26.811314,2025-04-14 16:36:35.013977,0 days 00:00:08.202663,0.6394915817472403,0.010406087272093863,8,0.03768096157312902,0.02043893586225853,0.001048473527719137,0.05661052364611044,0.0810248335587058,0.07841614202664247,0.0011952544434384283,20,31,0.07653682754954777,0.12903317570849782,False,True,True,0.00037195282423414664,COMPLETE
519,0.23723654747009276,2025-04-14 16:36:35.177842,2025-04-14 16:36:43.536731,0 days 00:00:08.358889,0.5969371613085613,0.06593023526076859,8,0.04192529736419675,0.014231956452327946,0.006835451576388112,0.02047572940559722,0.0862007901054483,0.08454445560050192,0.0008141287007124294,21,34,0.07964721985081495,0.1437217706418996,False,True,True,0.0001940832786758356,COMPLETE
520,0.34082736968994143,2025-04-14 16:36:43.711997,2025-04-14 16:36:52.168301,0 days 00:00:08.456304,0.7500178599859497,0.047650087925130376,8,0.034512841109322456,0.009545915646809289,0.004932727436742797,0.05104893994007522,0.07614556692723404,0.08289114054134332,0.0010117573224432278,22,24,0.0830273450608703,0.12370147725145525,False,True,True,0.00015362118477563056,COMPLETE
521,0.48585647344589233,2025-04-14 16:36:52.332583,2025-04-14 16:37:00.670345,0 days 00:00:08.337762,0.6794912232017296,0.07402111414249729,8,0.03453169512348536,0.01758824809873298,0.034368686278120224,0.052456512388727894,0.08313690459706753,0.07540410199792905,0.0014842008941542261,21,29,0.08556919319332854,0.13455653099952486,False,True,True,0.00012132447563581047,COMPLETE
522,0.4352283358573914,2025-04-14 16:37:00.833266,2025-04-14 16:37:08.832179,0 days 00:00:07.998913,0.6483018754892561,0.05776551191879224,8,0.054019403292624626,0.000176225617070664,0.0040125558854568885,0.05372837542302982,0.07828448737099235,0.08563210784932232,0.0012228054800707414,18,34,0.08044375195570243,0.141983551552826,False,True,True,0.00014127269922600756,COMPLETE
523,0.2552923440933228,2025-04-14 16:37:09.007045,2025-04-14 16:37:17.271128,0 days 00:00:08.264083,0.6170549601414309,0.028170713705560915,8,0.1455796231327366,0.026218895510312902,0.02164152769469061,0.05539443249669471,0.08147795065352088,0.0030716419412957635,0.0007175156373264084,20,136,0.08646734674009626,0.1287346266110909,False,True,True,0.0002487889350396182,COMPLETE
524,0.4017744541168213,2025-04-14 16:37:17.435322,2025-04-14 16:37:25.542787,0 days 00:00:08.107465,0.635036894944903,0.03917664466732216,8,0.03142770222398446,0.009572245233482284,0.0036410598636925045,0.058084996125607385,0.084609954674201,0.08105943271057926,0.0009651463423579681,19,26,0.08340948043554965,0.1359480357084769,False,True,True,0.00010315792631645048,COMPLETE
525,0.5310422062873841,2025-04-14 16:37:25.721361,2025-04-14 16:37:34.243312,0 days 00:00:08.521951,0.5700946986104212,0.06839160822172265,8,0.024553296132713006,0.00023999937004205002,0.0014678694550790427,0.05669882449236179,0.07561126833474838,0.08556441353137241,0.000786086796124803,22,32,0.08520718039742595,0.17972246923786445,False,True,True,7.570550990336432e-05,COMPLETE
526,0.2509199380874634,2025-04-14 16:37:34.408927,2025-04-14 16:37:42.588051,0 days 00:00:08.179124,0.6031301232804698,0.08198697020581384,8,0.0271592483488875,0.017647900080962828,0.0019006247376599436,0.054592825727621294,0.07412740266363549,0.08506373023941427,1.543310897395194e-05,20,29,0.07732223399762425,0.17833044176141144,False,True,True,7.065287157606874e-05,COMPLETE
527,0.19931281208992005,2025-04-14 16:37:42.753960,2025-04-14 16:37:51.075214,0 days 00:00:08.321254,0.5755221235202669,0.07750004081772938,8,0.03233089546187511,0.008365453008774655,0.026501940249698555,0.05646846730990093,0.07384144694398122,0.008546521118048489,0.001117409211245973,21,35,0.08169549330154882,0.198920608189055,False,True,True,7.864528678717844e-05,COMPLETE
528,0.4526054024696351,2025-04-14 16:37:51.251518,2025-04-14 16:37:59.570444,0 days 00:00:08.318926,0.5943804716434581,0.08690921739043318,8,0.025027922175619263,0.02259441694693385,0.001222408490576701,0.05705750116700328,0.0756227471580465,0.08289005459033284,0.0017273890695702165,21,31,0.07510243965682674,0.1861697302356978,False,True,True,6.307088784354394e-05,COMPLETE
529,0.33998904228210447,2025-04-14 16:37:59.737616,2025-04-14 16:38:08.276537,0 days 00:00:08.538921,0.7032634566555943,0.06344597574524247,8,0.04132669232507528,0.005539544580804783,0.007743024053652861,0.05355885053046815,0.07175649438827332,0.043175327756649055,0.0013280308111837408,22,22,0.08516598519845003,0.17578475840003444,True,True,True,0.00017716375750833873,COMPLETE
530,0.4099152565002442,2025-04-14 16:38:08.453367,2025-04-14 16:38:17.000540,0 days 00:00:08.547173,0.5680180780194826,0.06237297114691541,8,0.03399401303640281,0.013482354361657858,0.0049428304841398815,0.05752474549056599,0.07690536282636143,0.07869271758857181,0.0008579904721027771,22,28,0.08378523771733988,0.18280749343760688,False,True,True,8.130152717263528e-05,COMPLETE
531,0.25141104459762575,2025-04-14 16:38:17.166530,2025-04-14 16:38:25.490261,0 days 00:00:08.323731,0.6039161721292293,0.09160510681894199,8,0.022045732911599124,0.005332372223224633,0.037828831058136426,0.03550631352236818,0.08813779813083399,0.0853209546358994,0.0009310175958028283,21,34,0.0982650553300574,0.1234463822293099,False,True,True,0.00013785483320173387,COMPLETE
532,0.39122091531753544,2025-04-14 16:38:25.669257,2025-04-14 16:38:33.875999,0 days 00:00:08.206742,0.5534614106084704,0.049089664687371096,8,0.027515553615890836,0.013839286494665159,0.0030224023264949365,0.05036168064801823,0.06754068279914306,0.08052735064855916,0.0007444326152855321,20,31,0.0867940798945967,0.1786969755459137,False,True,True,0.000101989099454238,COMPLETE
533,0.36523028612136843,2025-04-14 16:38:34.043579,2025-04-14 16:38:42.221325,0 days 00:00:08.177746,0.5798457093169551,0.07486666812924808,8,0.04561545830461872,0.1268347489239572,0.006713286938327964,0.04438816661650993,0.09057507795354308,0.08280695598926818,0.0011481642462485623,20,27,0.08065101271237567,0.1850119442091532,False,True,True,0.00020013398138626193,COMPLETE
534,0.35679748058319094,2025-04-14 16:38:42.388149,2025-04-14 16:38:50.988124,0 days 00:00:08.599975,0.5627682035955475,0.5341925825002934,8,0.023396167376794622,0.00982004906816665,0.00956847005122108,0.05484225643023069,0.07814466492045374,0.08511782266507557,0.001434190788196194,22,35,0.0856489057840291,0.19466563683168647,False,True,True,5.863757517500385e-05,COMPLETE
535,0.31912922859191895,2025-04-14 16:38:51.170413,2025-04-14 16:38:59.492471,0 days 00:00:08.322058,0.6911172960607035,0.010016696047113846,8,0.03281318383372789,0.028973506183502227,0.0040721782634239685,0.052408193128244566,0.07523795257401954,0.0722349520867918,0.0019254447894786432,21,32,0.08520873534058455,0.12129173355212411,False,True,True,0.00010920357842486914,COMPLETE
536,0.5053309082984925,2025-04-14 16:38:59.663090,2025-04-14 16:39:07.683157,0 days 00:00:08.020067,0.6169627002789487,0.09927042896078847,8,0.01797940363834713,0.020940101505467913,0.001233956615152478,0.0572484291687516,0.07200970805261941,0.08643220001993487,0.0008294373882030544,19,36,0.08349003838340338,0.13128587233480174,False,True,True,0.0005561539182605872,COMPLETE
537,0.2255124568939209,2025-04-14 16:39:07.865607,2025-04-14 16:39:16.060037,0 days 00:00:08.194430,0.5558156422166998,0.032679321387417894,8,0.019589383657758048,0.0004714753779268443,0.01577963824402355,0.0483388751084131,0.08244402616557495,0.0824516413561289,0.0010324314699687869,20,60,0.09671166539618502,0.13967952054889282,False,True,True,7.927444244547163e-05,COMPLETE
538,0.4322585463523865,2025-04-14 16:39:16.228363,2025-04-14 16:39:24.596831,0 days 00:00:08.368468,0.6705899987841919,0.06277335138040785,8,0.02706108525650621,0.006060928633919386,0.005613616208055998,0.055022670675630075,0.08493536874813594,0.05873060782490548,0.0012426945210245832,21,24,0.08667004325729812,0.18892984030722368,False,True,True,3.71599335219044e-05,COMPLETE
539,0.413384211063385,2025-04-14 16:39:24.767268,2025-04-14 16:39:33.245769,0 days 00:00:08.478501,0.5881200125461549,0.08669491073238972,8,0.020990006141711783,0.016678103653806255,0.0032183425603600664,0.05914242954789475,0.06949104637578377,0.08440785958635375,0.0007774144313518075,22,30,0.0794130047068791,0.13306021711716967,False,True,True,0.00027090090841481394,COMPLETE
540,0.5343295574188233,2025-04-14 16:39:33.425933,2025-04-14 16:39:41.757614,0 days 00:00:08.331681,0.6305375923731715,0.049765676475314206,8,0.04869753013020704,0.010514279597803142,0.0010521443863725781,0.057810939381372405,0.07388771089311341,0.08079883827929489,0.0010638393118558034,21,33,0.08241553077938611,0.14396152695086314,False,True,True,0.00013283126221232334,COMPLETE
541,0.4857748746871948,2025-04-14 16:39:41.928976,2025-04-14 16:39:50.229412,0 days 00:00:08.300436,0.6590450566102326,0.04196968913837488,8,0.04295942553039486,0.024564296238184458,0.0026679924337070313,0.05851534277433839,0.07676174228788558,0.07860727919318647,0.0015361142422238524,21,35,0.08136338834912756,0.1424379718653088,False,True,True,0.0001643076712294396,COMPLETE
542,0.4091141581535339,2025-04-14 16:39:50.410267,2025-04-14 16:39:58.464993,0 days 00:00:08.054726,0.6479777722109501,0.02874243625242696,8,0.0473453974046818,0.013875352705461832,0.0018062632389725416,0.0531662826527889,0.0797855981931788,0.07620095479471042,0.0010679684119839939,19,26,0.07675754725322088,0.1271295467693447,False,True,True,0.00013263509197174425,COMPLETE
543,0.4170153379440308,2025-04-14 16:39:58.635226,2025-04-14 16:40:06.883192,0 days 00:00:08.247966,0.6400468713631842,0.05564812371325943,8,0.055316070704365033,0.006948744295417541,0.0013406507599738548,0.04637358270841054,0.07430393046811225,0.08007429276404288,0.0013302875473866216,20,29,0.0950195842146727,0.13967522345444405,False,True,True,1.5458182020992015e-08,COMPLETE
544,0.287602436542511,2025-04-14 16:40:07.065599,2025-04-14 16:40:15.437810,0 days 00:00:08.372211,0.6257728131903834,0.029134139945226355,8,0.05110671670403984,0.018696048142559228,0.005892811102543888,0.05115139594935109,0.08127973303363858,0.08061545985883724,0.0017245736635791088,22,33,0.07788631587100575,0.13511503597234073,False,True,True,6.644458374356172e-05,COMPLETE
545,0.34929879903793337,2025-04-14 16:40:15.610338,2025-04-14 16:40:24.000643,0 days 00:00:08.390305,0.6217433435334169,0.05239793574476123,8,0.03680056101664467,0.03027095885479504,0.004419739584216547,0.056078877913272276,0.07780849073884362,0.08223788856155596,0.006637721847053239,21,37,0.0878250763335939,0.14535565351318452,False,True,True,4.76749473181522e-05,COMPLETE
546,0.517076575756073,2025-04-14 16:40:24.172220,2025-04-14 16:40:32.382691,0 days 00:00:08.210471,0.6081623154795817,0.0696563562681184,8,0.06357726634150467,0.01119592137038238,0.007689966525430804,0.058563562235089295,0.08673064559563455,0.07869270347084466,0.0009606575916048354,20,29,0.0822265206833028,0.12683143765859167,False,True,True,0.00020166230895081423,COMPLETE
547,0.456875491142273,2025-04-14 16:40:32.565419,2025-04-14 16:40:41.017863,0 days 00:00:08.452444,0.6291819395197044,0.011122523446984375,8,0.05731778668537177,0.0061949059699974015,0.0033046900070534124,0.05440177198494662,0.07513444052888814,0.08390525011839299,0.001190228467693779,22,33,0.09914799596425954,0.11881113607254733,False,True,True,8.647688785841521e-05,COMPLETE
548,0.3470463752746582,2025-04-14 16:40:41.189487,2025-04-14 16:40:49.575936,0 days 00:00:08.386449,0.6013751899339923,0.04194946862934534,8,0.0514755619270644,0.00024217920046353035,0.003248661001112717,0.06008483603305066,0.08340213452793357,0.06450514321162108,0.0009259879545264245,21,26,0.09398384309891218,0.146441019138761,True,True,True,0.00014632484552839665,COMPLETE
549,0.5586533069610595,2025-04-14 16:40:49.762591,2025-04-14 16:40:58.355841,0 days 00:00:08.593250,0.6709393255787417,0.06848610787106098,8,0.043743292838949656,0.016820906861509083,0.010885801905745673,0.057229545635397915,0.07968209294930201,0.08144092697875793,0.0013117332171150447,23,36,0.07252613643764393,0.13664362558669413,False,True,True,9.67089209674233e-05,COMPLETE
550,0.3952893853187561,2025-04-14 16:40:58.527219,2025-04-14 16:41:07.204372,0 days 00:00:08.677153,0.6854168915667368,0.6388828003875904,8,0.04259098081467956,0.023442355845033448,0.01406044273197665,0.05670812905342901,0.07952829546511743,0.08099397849154528,0.001600397457604501,23,31,0.0684111080261601,0.13041130758533687,False,True,True,0.00012012163883353109,COMPLETE
551,0.5032554149627686,2025-04-14 16:41:07.389614,2025-04-14 16:41:16.066095,0 days 00:00:08.676481,0.6607317104330522,0.05709357058676112,8,0.04673796340418515,0.033069185654030234,0.01135152802313193,0.05543165041599593,0.0810445863873537,0.07778364197685704,0.002010387988923357,23,35,0.07243722660184797,0.13426425531723646,False,True,True,0.00015786861782081794,COMPLETE
552,0.36092514991760255,2025-04-14 16:41:16.240676,2025-04-14 16:41:24.918000,0 days 00:00:08.677324,0.7079912733090775,0.3879807247706011,8,0.049008303189053644,0.019929818035842838,0.007942802937782118,0.05261560606906109,0.09151507938825695,0.08021354050708757,0.0013875252298873669,23,31,0.07348683380357106,0.12118593173402809,False,True,True,9.958062698002987e-05,COMPLETE
553,0.46318104267120364,2025-04-14 16:41:25.102821,2025-04-14 16:41:33.704905,0 days 00:00:08.602084,0.67522618801604,0.010065423725072603,8,0.04314415011015803,0.026626378649067167,0.008940820678324145,0.057970490568472824,0.07719010816657969,0.0764102205941352,0.0011624947941046592,23,36,0.07338171734459786,0.13823439917605637,False,True,True,0.0002324662083674204,COMPLETE
554,0.25324898958206177,2025-04-14 16:41:33.878717,2025-04-14 16:41:42.618803,0 days 00:00:08.740086,0.64695842959897,0.03420252795641436,8,0.059028729142504247,0.01999054831960002,0.005914030136535103,0.023479940284616675,0.07324833564201062,0.08182449895509664,0.0015445867519926898,24,29,0.07612380889915858,0.1284056531006501,False,True,True,6.511377176953422e-05,COMPLETE
555,0.3846283555030823,2025-04-14 16:41:42.793498,2025-04-14 16:41:51.227757,0 days 00:00:08.434259,0.6438371708896722,0.07389572891234962,8,0.03548438977609447,0.01495802183290002,0.010852177381486902,0.04903985950604538,0.07871293273945587,0.07878599311206662,0.0010672349749805833,22,23,0.07980974844068124,0.13673693123038033,False,True,True,2.876948139949545e-05,COMPLETE
556,0.501117467880249,2025-04-14 16:41:51.412566,2025-04-14 16:41:59.924844,0 days 00:00:08.512278,0.6680503936599314,0.04609016866818778,8,0.04221084871777692,0.014856296149338382,0.010458606896322041,0.055887746149382876,0.08253361085633255,0.08314389280995518,0.0013146379199296477,22,33,0.07882059772663891,0.12197465920087389,False,True,True,0.0001333398228934506,COMPLETE
557,0.2694331526756287,2025-04-14 16:42:00.098938,2025-04-14 16:42:08.939311,0 days 00:00:08.840373,0.6189535576941363,0.06799612271632495,8,0.0545873074955725,0.012003200451339862,0.0010035836522793709,0.0507514705548515,0.07608118348573874,0.08125381639084434,0.00233210099613682,24,27,0.07502537043158347,0.14171007982711217,False,True,True,9.400560243635355e-05,COMPLETE
558,0.5212432265281677,2025-04-14 16:42:09.124152,2025-04-14 16:42:17.589897,0 days 00:00:08.465745,0.5863049593467591,0.02588498523599096,8,0.036822120408798724,0.02253386820537165,0.005512339303629243,0.058788059948099734,0.07937243782827084,0.08354588917951666,0.0009545937621812126,21,34,0.07042306375053073,0.13092680790289485,False,True,True,0.00030717599790824955,COMPLETE
559,0.48198736906051637,2025-04-14 16:42:17.766488,2025-04-14 16:42:25.983422,0 days 00:00:08.216934,0.6290278860326425,0.04771703540276027,8,0.048914364680602146,0.01732685797702439,0.007206370688645412,0.054421167603276574,0.0848322265554775,0.08658380233246953,0.0012225974356608923,20,37,0.08173869869442765,0.13688159632065966,False,True,True,0.00017803614763288624,COMPLETE
560,0.4381108641624451,2025-04-14 16:42:26.171286,2025-04-14 16:42:34.594095,0 days 00:00:08.422809,0.692714986717909,0.07929205629654532,8,0.033794711059623395,0.028639659530471658,0.0132300091774024,0.057189413998306675,0.065933682835201,0.07962943798799009,0.001833148835355519,22,31,0.0847231877608338,0.14525911514416823,False,True,True,5.2032737339194705e-05,COMPLETE
561,0.2749863028526306,2025-04-14 16:42:34.771238,2025-04-14 16:42:43.422215,0 days 00:00:08.650977,0.6684761437598776,0.058875619219922355,8,0.030585176350438423,0.008733002583473499,0.04027284245249227,0.052130228214097366,0.08094026996247904,0.08297007803822126,0.0014672331048125467,23,88,0.08650817251929403,0.20200201225220338,False,True,True,0.0001126621398551826,COMPLETE
562,0.2753321647644043,2025-04-14 16:42:43.598957,2025-04-14 16:42:51.976182,0 days 00:00:08.377225,0.6013460508712691,0.02775086253504984,8,0.03991461887055618,0.01374155669216607,0.002618887403405972,0.05993314410147567,0.07382391424364991,0.08628207197194382,0.0010450614749119601,21,67,0.0755258750595539,0.12556278230934256,False,True,True,7.534600266999426e-05,COMPLETE
563,0.49475575685501105,2025-04-14 16:42:52.163562,2025-04-14 16:43:00.471376,0 days 00:00:08.307814,0.7267598361399025,0.46537648306470886,8,0.028294344565516674,0.005681718188032311,0.004444302710982459,0.0399992568387748,0.0702537302608034,0.03283497045264673,0.0008515948975539503,21,28,0.08797969085996042,0.1320259373487276,False,True,True,0.0001523895773046146,COMPLETE
564,0.45074783563613896,2025-04-14 16:43:00.646832,2025-04-14 16:43:08.564818,0 days 00:00:07.917986,0.566826485074285,0.07859381544967099,8,0.04162421181195706,0.023114392639906695,0.0010142231123220966,0.05369649554290461,0.09382649923417846,0.07491405101536369,0.00117819819250567,18,33,0.08268091221725232,0.28918577213888286,False,True,True,4.03802323328835e-05,COMPLETE
565,0.37418351173400877,2025-04-14 16:43:08.754350,2025-04-14 16:43:16.949672,0 days 00:00:08.195322,0.6341686452844155,0.044366491929912065,8,0.03325145214291676,0.010873830257089176,0.008116586694844368,0.057445636855227494,0.07809890745767775,0.08155730469725957,0.0008423863547983313,20,37,0.09695122126829077,0.2605036736833302,False,True,True,9.241262700241901e-05,COMPLETE
