number,value,datetime_start,datetime_complete,duration,params_alpha-eval,params_alpha-train,params_batch-size,params_eps-eval,params_eps-train,params_lambda-actions-eval,params_lambda-actions-train,params_lambda-frames-eval,params_lambda-frames-train,params_learning-rate,params_n-epochs,params_n-frames,params_radius-gw,params_rho,params_std-feats,params_ub-actions,params_ub-frames,params_weight-decay,state
455,0.4289275050163269,2025-04-12 19:10:46.111920,2025-04-12 19:10:55.360849,0 days 00:00:09.248929,0.4369937279010655,0.7851447349723575,8,0.035517624782782996,0.19047833794993793,0.09096636994411172,0.08582704429563583,0.09837606253929027,0.07126013515193269,0.06331047134672733,25,94,0.048260289857066284,0.2171807978791608,True,True,True,2.1611675845941473e-06,COMPLETE
456,0.4127109289169312,2025-04-12 19:10:55.503805,2025-04-12 19:11:04.708932,0 days 00:00:09.205127,0.45473950928968776,0.7813432334786679,8,0.04660440016458411,0.1881666130045296,0.08970261763203327,0.08635769382570102,0.0998924079552727,0.07373323620462963,0.06129471623073255,25,95,0.049594797169350835,0.21439368902409203,True,True,True,2.1069946846203145e-06,COMPLETE
457,0.4245497822761536,2025-04-12 19:11:04.866401,2025-04-12 19:11:14.072894,0 days 00:00:09.206493,0.5238593929369117,0.7468223500695497,8,0.035838292657627106,0.1642335835729614,0.08702101575451202,0.0831667413642884,0.0982788039966386,0.07039375533385189,0.06019873037218794,25,98,0.04821047817721871,0.21936210536307232,True,True,True,1.3319812765707166e-06,COMPLETE
458,0.19931281208992005,2025-04-12 19:11:14.217096,2025-04-12 19:11:22.896046,0 days 00:00:08.678950,0.4205294972345311,0.7764868688210026,8,0.21514985952279722,0.15603296242801512,0.007603401323331815,0.07933942148387896,0.0982000275171191,0.06819009666911247,0.07033249156078436,23,10,0.0498999481316885,0.1940923377391814,True,True,True,1.7846535288113026e-06,COMPLETE
459,0.42312176227569587,2025-04-12 19:11:23.039964,2025-04-12 19:11:32.174756,0 days 00:00:09.134792,0.44937170551238265,0.7316985499525981,8,0.04008478774865685,0.17188506013281923,0.08483757100541896,0.09057528085446147,0.0945858666455084,0.0788200585354276,0.09932491337516519,24,94,0.04786516129704213,0.20654262419754965,True,True,True,2.1297014055924894e-06,COMPLETE
460,0.41982419490814216,2025-04-12 19:11:32.329768,2025-04-12 19:11:41.387909,0 days 00:00:09.058141,0.4799642333143594,0.7897884916947897,8,0.033795400371063086,0.1673095224250321,0.08927671745146652,0.08483547706500413,0.09981270287430567,0.08357025116869252,0.0587669444977896,24,92,0.043769913644090594,0.21424711466347043,True,True,True,1.3356470549682268e-06,COMPLETE
461,0.36251373291015626,2025-04-12 19:11:41.535427,2025-04-12 19:11:50.672357,0 days 00:00:09.136930,0.42868629458174995,0.7541501381602738,8,0.0490152985206811,0.16056842032571086,0.0909768505197201,0.08767640007315551,0.0963860565496722,0.09483627667947458,0.07201184308907986,25,96,0.050214329758239425,0.22407449239556657,True,True,True,2.4780976372186127e-06,COMPLETE
462,0.28698877096176145,2025-04-12 19:11:50.818719,2025-04-12 19:11:59.759499,0 days 00:00:08.940780,0.510811075235076,0.7154488984707097,8,0.031240082172227075,0.17017911656489362,0.0877472087727411,0.07098910419026688,0.09831226938883833,0.08886238913232283,0.07582479331877214,24,88,0.04503813537811936,0.2183042789551392,True,False,True,1.6633016106754719e-06,COMPLETE
463,0.42092142105102537,2025-04-12 19:11:59.917063,2025-04-12 19:12:09.186669,0 days 00:00:09.269606,0.40407775458415085,0.7996971661004186,8,0.03760804168556673,0.15244008730717026,0.08263481895636689,0.08202476185569058,0.09502244430032049,0.08670885898003368,0.05886048827579421,25,100,0.04782435136200177,0.21137831281703978,True,True,True,1.1875911127130072e-06,COMPLETE
464,0.19931281208992005,2025-04-12 19:12:09.333731,2025-04-12 19:12:18.095216,0 days 00:00:08.761485,0.49060939278914006,0.7638050749833529,8,0.04546875632746533,0.16326383652217719,0.05978567975462956,0.0657936366972678,0.0999257551103793,0.08042067761176139,0.09885454722857612,23,93,0.04327242472331674,0.22651165987058408,True,True,False,2.4749290046463933e-06,COMPLETE
465,0.42096822261810307,2025-04-12 19:12:18.258658,2025-04-12 19:12:27.017642,0 days 00:00:08.758984,0.5492221506002771,0.7369709115308011,8,0.028928972676600957,0.17547384351599077,0.09152195988116926,0.08478033355400211,0.09677508026499594,0.09219656205452478,0.06921366244269551,22,90,0.04600993536769307,0.20476877343079924,True,True,True,9.785732310900864e-07,COMPLETE
466,0.42449499368667604,2025-04-12 19:12:27.167701,2025-04-12 19:12:35.906922,0 days 00:00:08.739221,0.438274439244643,0.8107166519839419,8,0.0393726987937142,0.1565230560990919,0.085805842245116,0.07990361329807522,0.0945672551343038,0.09041589160736892,0.08363350343640905,22,97,0.04991949864245114,0.19860111708282566,True,True,True,1.7423953851222048e-06,COMPLETE
467,0.41709041595458984,2025-04-12 19:12:36.054057,2025-04-12 19:12:45.012749,0 days 00:00:08.958692,0.5266593421777945,0.7784625096074406,8,0.03464362597823182,0.1909449657782995,0.0889925730662129,0.06727193557645482,0.09793129417274354,0.0881503679703589,0.09989549919159055,24,93,0.041792556125480676,0.22025956035173427,True,True,True,2.119252679936493e-06,COMPLETE
468,0.37612462043762207,2025-04-12 19:12:45.171764,2025-04-12 19:12:54.456677,0 days 00:00:09.284913,0.39755076965634384,0.8258178173558187,8,0.0281558376478104,0.1821885477637297,0.09117301621515865,0.0860062619099677,0.09676247922688029,0.09577193784199832,0.05834131116445384,26,87,0.0373145154002204,0.22494173893393474,True,True,True,2.800211188062684e-06,COMPLETE
469,0.41711920499801636,2025-04-12 19:12:54.606901,2025-04-12 19:13:03.650888,0 days 00:00:09.043987,0.5026345741055656,0.6970624302910682,8,0.055266204835959426,0.167710598146411,0.08416179526578654,0.08282548987704193,0.09994789688344814,0.09323650195886786,0.073719072171532,24,91,0.04762363157441966,0.23616220636541344,True,True,True,1.4864178520790996e-06,COMPLETE
470,0.4200980782508851,2025-04-12 19:13:03.800047,2025-04-12 19:13:12.967090,0 days 00:00:09.167043,0.4781567299726441,0.6491755535345857,8,0.04371937210474057,0.14582863498022663,0.08758269648597757,0.06284926380976472,0.09426718688138779,0.08537761987680936,0.06065797823228107,25,99,0.04617784061154035,0.21573382677466474,True,True,True,2.057197629323113e-06,COMPLETE
471,0.42373013496398926,2025-04-12 19:13:13.127595,2025-04-12 19:13:21.998680,0 days 00:00:08.871085,0.5760005259477375,0.7248493903400617,8,0.03243521497429866,0.17487208743314225,0.08981658669711999,0.07551401670089652,0.09788750911440477,0.09077040238923709,0.08284441209103545,23,94,0.05025539906477702,0.23012446469094627,True,True,True,1.1443025407788533e-06,COMPLETE
472,0.42634239196777346,2025-04-12 19:13:22.147936,2025-04-12 19:13:31.056796,0 days 00:00:08.908860,0.5635763932188604,0.7491572362530015,8,0.038543318567907506,0.16489057539470944,0.09204262581694232,0.08878520297531049,0.0962043729428587,0.06706140626588102,0.06915732029332725,23,88,0.04798227941379858,0.21053499338531637,True,True,True,2.619433291696677e-06,COMPLETE
473,0.4087482690811157,2025-04-12 19:13:31.208225,2025-04-12 19:13:40.092452,0 days 00:00:08.884227,0.5534220176758737,0.757530426620688,8,0.049160475168404036,0.1600331976820799,0.09176114686078024,0.09100866301255596,0.09620180048058108,0.06745597320178995,0.08192949550985275,23,89,0.048269569719306564,0.18146143178287877,True,True,True,1.8201974225703286e-06,COMPLETE
474,0.42526485919952395,2025-04-12 19:13:40.253630,2025-04-12 19:13:49.094262,0 days 00:00:08.840632,0.5584612803544621,0.7396196251440087,8,0.04072148846553846,0.16605547476466273,0.08923886324635123,0.08875352845086301,0.09846957555401424,0.07281843751389314,0.07108735403559936,23,87,0.045798694067189366,0.20699164899017725,True,True,True,2.499590653972077e-06,COMPLETE
475,0.4121241569519043,2025-04-12 19:13:49.244858,2025-04-12 19:13:58.127611,0 days 00:00:08.882753,0.5667082495079561,0.7479036267197072,8,0.042965936185628786,0.16580430679155211,0.08636207635461882,0.0890385599376126,0.09807566328146755,0.07372171235763103,0.07039508031634495,23,88,0.04389651465419346,0.20743651189293386,True,True,True,2.507036049410063e-06,COMPLETE
476,0.3930508136749268,2025-04-12 19:13:58.292132,2025-04-12 19:14:07.087784,0 days 00:00:08.795652,0.5367072276991393,0.7157412955297556,8,0.05178494920289787,0.17086724703810266,0.08877572691647245,0.0880577992815478,0.09611060533979186,0.07323670739753782,0.08395083100405874,22,96,0.04530386687929461,0.20139488381293363,True,True,True,2.7461528856081897e-06,COMPLETE
477,0.38411223888397217,2025-04-12 19:14:07.240851,2025-04-12 19:14:15.952644,0 days 00:00:08.711793,0.5837046737875143,0.7633857341951179,8,0.04009167260301273,0.15464969832672415,0.09009116052657151,0.09475562617335274,0.09831294096777655,0.07124037083694884,0.05642157439965858,22,93,0.04148587307032603,0.21151046087287426,True,True,True,2.090566817067575e-06,COMPLETE
478,0.3548768162727356,2025-04-12 19:14:16.103484,2025-04-12 19:14:25.050203,0 days 00:00:08.946719,0.5538175365130198,0.7390474699485594,8,0.07059621703627497,0.1846646131175877,0.044517119798177664,0.08462168232996167,0.099874484168341,0.0774458609471014,0.0998152363097819,23,87,0.04676025774408319,0.19477000387510773,True,True,True,1.4779006930369386e-06,COMPLETE
479,0.34726762771606445,2025-04-12 19:14:25.213416,2025-04-12 19:14:34.096310,0 days 00:00:08.882894,0.5304968453614157,0.781047343906677,8,0.0468425079305862,0.16036000273029216,0.0874639501094032,0.09154500696370184,0.0949739557934697,0.06900228650153385,0.06934025514425685,24,81,0.04494391707464953,0.20715125193797027,True,False,True,2.276670334333238e-06,COMPLETE
480,0.3824604868888855,2025-04-12 19:14:34.245807,2025-04-12 19:14:43.084873,0 days 00:00:08.839066,0.5636997322641903,0.7259601518725385,8,0.03655890988832454,0.165052928513856,0.0856997298995905,0.0870255399442006,0.09759866991881096,0.07172130663358277,0.07235576220282829,23,91,0.039549117014100944,0.22009120489242381,True,True,True,1.730294786981886e-06,COMPLETE
481,0.4211160182952881,2025-04-12 19:14:43.237075,2025-04-12 19:14:52.272677,0 days 00:00:09.035602,0.5197539174512208,0.7469730810196867,8,0.04158728963897396,0.17352928526014022,0.09157270298515231,0.09681667765144658,0.09992834299608389,0.06549275663483131,0.08407653771492567,24,99,0.04869934481794321,0.21076248472407813,True,True,True,2.9864852619180083e-06,COMPLETE
482,0.3740696668624878,2025-04-12 19:14:52.435032,2025-04-12 19:15:00.963942,0 days 00:00:08.528910,0.5434154894343391,0.7061656305496061,8,0.06453188532231827,0.1481569568946076,0.08908205461436983,0.08107144356314357,0.096326599527504,0.05970514726786761,0.05767941986099647,21,85,0.04267705034947483,0.2003454568083909,True,True,True,1.4082911231303213e-06,COMPLETE
483,0.24476333856582644,2025-04-12 19:15:01.115216,2025-04-12 19:15:10.004997,0 days 00:00:08.889781,0.46628814992251955,0.1766194068478147,8,0.035569033836121665,0.16797513587352697,0.08255991239111085,0.08664666797505115,0.004499775970583084,0.08146325345739665,0.08237856370685546,23,89,0.04702536317114567,0.21562213062473576,True,True,True,2.383546759810921e-06,COMPLETE
484,0.2546225905418396,2025-04-12 19:15:10.168969,2025-04-12 19:15:19.193906,0 days 00:00:09.024937,0.5035371816537502,0.7948669858750941,8,0.1610086253047784,0.1786737567859949,0.0903520575238522,0.07834287404331156,0.0945756511893868,0.0754694482243028,0.06615711235776549,25,94,0.04941825841629425,0.22222052865567346,True,True,False,1.786225446797321e-06,COMPLETE
485,0.39599294662475587,2025-04-12 19:15:19.348661,2025-04-12 19:15:28.078328,0 days 00:00:08.729667,0.5918075993983041,0.7700945135234905,8,0.058571178840842855,0.1571615506521366,0.0870933413024878,0.09004798839877633,0.09792450120182862,0.09992418393580536,3.5385298893415404e-05,22,95,0.045231429668793725,0.20551055651177855,True,True,True,9.147869847412626e-07,COMPLETE
486,0.4211498618125916,2025-04-12 19:15:28.230899,2025-04-12 19:15:37.215291,0 days 00:00:08.984392,0.5678008287064071,0.6823662647319607,8,0.044870335613344116,0.16339973274335837,0.09228625899904216,0.08213422497013818,0.09842315955721935,0.08829206604777094,0.0538104266604458,24,87,0.047099334085098817,0.21339522026333801,True,True,True,2.941017249664784e-06,COMPLETE
487,0.4252640962600708,2025-04-12 19:15:37.381692,2025-04-12 19:15:46.114817,0 days 00:00:08.733125,0.5210515506047416,0.7413430457379512,8,0.034195533913667725,0.17302293132687216,0.08502391703660044,0.0846694082670838,0.09610795888938961,0.09420334714623613,0.0863190007467371,23,31,0.05090341913875227,0.2271597806771105,True,True,True,1.2436274925355546e-06,COMPLETE
488,0.43202688694000246,2025-04-12 19:15:46.267038,2025-04-12 19:15:54.872889,0 days 00:00:08.605851,0.5122477702878341,0.7405499456048908,8,0.03879473727095258,0.17514736988951882,0.08375437182444938,0.08395965117513837,0.09613358746498345,0.09364262996604263,0.09945348360642335,22,36,0.048664496181348584,0.22555308911320052,True,True,True,1.105890272883245e-06,COMPLETE
489,0.40146324634552005,2025-04-12 19:15:55.027407,2025-04-12 19:16:03.600740,0 days 00:00:08.573333,0.5062891315016577,0.718856848211851,8,0.04071521394374532,0.18625197471594757,0.08080738784914623,0.08361001471413748,0.09390529739198215,0.09603592000633432,0.08565457614085646,22,45,0.04346878220516753,0.21936649239140557,True,True,True,1.0309855257137344e-06,COMPLETE
490,0.19931281208992005,2025-04-12 19:16:03.765824,2025-04-12 19:16:12.488971,0 days 00:00:08.723147,0.4932832799185667,0.7629981546262482,8,0.14363807669542247,0.17412604924218286,0.08470033398541676,0.08758940970969463,0.09686090779259816,0.09176782395162128,0.071360332650426,23,15,0.04565855967056136,0.21550169836421842,True,True,True,8.854637227594867e-07,COMPLETE
491,0.40427057743072514,2025-04-12 19:16:12.645784,2025-04-12 19:16:21.763630,0 days 00:00:09.117846,0.4627267349060016,0.7409458016115791,8,0.05069595297039376,0.18270301501137598,0.08291379534389991,0.05465347704491834,0.09991545640144756,0.09386842530632339,0.09817620542383715,24,100,0.048690957532405696,0.22524274446100123,True,True,True,1.360639862675497e-06,COMPLETE
492,0.42575829029083256,2025-04-12 19:16:21.930772,2025-04-12 19:16:30.926702,0 days 00:00:08.995930,0.5407927897975056,0.786262006353173,8,0.03931744798294024,0.16443113121256311,0.08812373479099989,0.08543381703072638,0.0942909276792281,0.09779527248988702,0.07354308343021737,23,96,0.04870558637776744,0.205956283899517,True,True,True,1.9162292782266136e-06,COMPLETE
493,0.2757493138313294,2025-04-12 19:16:31.085786,2025-04-12 19:16:39.836015,0 days 00:00:08.750229,0.13328111693424988,0.796174976951422,8,0.034706471999432796,0.15116470417547292,0.07966818039465971,0.08358795490884856,0.09425389261126783,0.09731260708157818,0.08635813441496551,23,64,0.04844059919983284,0.22875423790039032,True,True,True,1.8465741959424297e-06,COMPLETE
494,0.42868967056274415,2025-04-12 19:16:39.992501,2025-04-12 19:16:48.910947,0 days 00:00:08.918446,0.5362753118546472,0.7737503599065786,8,0.046469726649570234,0.1609635856040849,0.08662304844049501,0.08098529612501092,0.09431699567538732,0.09753170028150296,0.08605061337510851,24,35,0.050220138955325434,0.18509520593932324,True,True,True,1.0948864272535907e-06,COMPLETE
495,0.43529176712036133,2025-04-12 19:16:49.082261,2025-04-12 19:16:57.974069,0 days 00:00:08.891808,0.5336106979717753,0.7804581914895427,8,0.04671969196748729,0.16056631353663045,0.08351092312303712,0.0776481599377794,0.09395048859346201,0.09854167868209877,0.09973892893785505,24,21,0.050461559019659284,0.1863700108365812,True,True,True,8.284502682890159e-07,COMPLETE
496,0.3744161367416382,2025-04-12 19:16:58.131201,2025-04-12 19:17:06.274337,0 days 00:00:08.143136,0.5309665182844622,0.7835541759382669,8,0.05571131620106401,0.1550368543650401,0.08201780898093028,0.08040243174192829,0.09386042842189644,0.09727583642771877,0.09916310519074675,19,36,0.05042891826827452,0.18019227135920535,True,True,True,6.957043207259601e-07,COMPLETE
497,0.4337513089179993,2025-04-12 19:17:06.429532,2025-04-12 19:17:15.288092,0 days 00:00:08.858560,0.5377479658516313,0.7753703242804377,8,0.04791572216133316,0.16890029571214651,0.08379915905852968,0.0772902777377613,0.09526988102316918,0.095513096893513,0.07726277950877715,24,23,0.049618974350982045,0.18539809601069557,True,True,True,7.710065569159286e-07,COMPLETE
498,0.19931281208992005,2025-04-12 19:17:15.454426,2025-04-12 19:17:24.300840,0 days 00:00:08.846414,0.5297497821844842,0.7821351454907063,8,0.05101116210210818,0.17169028907011497,0.08112524415420981,0.07823992513528534,0.09433637247806637,0.09801024775689955,0.09864658567589674,24,12,0.050705757066886174,0.18447080707573685,True,True,True,7.229173190934719e-07,COMPLETE
499,0.30434560775756836,2025-04-12 19:17:24.459210,2025-04-12 19:17:33.261215,0 days 00:00:08.802005,0.5614110541624634,0.8040651658439303,8,0.05914191845166901,0.17875253515470754,0.08338794106506968,0.0806410107115924,0.09351487742261784,0.09816157606121179,0.0719600719702721,24,19,0.0503918761540617,0.18870518233401434,True,False,True,5.81737381973906e-07,COMPLETE
500,0.4263993263244629,2025-04-12 19:17:33.429910,2025-04-12 19:17:42.218610,0 days 00:00:08.788700,0.5501752362984829,0.7670540890600893,8,0.04749870960381365,0.16898799574023585,0.08424356883462496,0.07866778515568147,0.09369760770654156,0.09953668270687983,0.08358300380551373,24,26,0.048562135960643474,0.18674363436918603,True,True,True,9.443841059920904e-07,COMPLETE
501,0.19931281208992005,2025-04-12 19:17:42.376467,2025-04-12 19:17:51.318992,0 days 00:00:08.942525,0.5401591812540487,0.7771433222136769,8,0.05266284549327846,0.17018729793689186,0.07854319089530418,0.07401294140350727,0.09354891644339583,0.09968313506645242,0.06369701019140979,25,19,0.0489605306040124,0.18301419443733138,True,True,True,4.1964636303111196e-07,COMPLETE
502,0.3803013563156128,2025-04-12 19:17:51.476486,2025-04-12 19:18:00.404648,0 days 00:00:08.928162,0.5845095516675206,0.8007299730411747,8,0.06145418829604159,0.1762293389368474,0.08249502605397782,0.07733530196708831,0.09500565990021677,0.09579974860002008,0.07868642684275201,24,23,0.050530841102006264,0.17101138976013697,True,True,True,5.213255860444665e-07,COMPLETE
503,0.40777094364166266,2025-04-12 19:18:00.573756,2025-04-12 19:18:09.454314,0 days 00:00:08.880558,0.5552674600543066,0.7670658720174102,8,0.050709726733351376,0.1684352938967224,0.08388737382718796,0.07701193372500995,0.09368028746533803,0.0995773249577554,0.0644833361573919,24,23,0.04883514468137562,0.1730877467500536,True,True,True,1.1009115486912717e-06,COMPLETE
504,0.4065688967704773,2025-04-12 19:18:09.611072,2025-04-12 19:18:18.583146,0 days 00:00:08.972074,0.5820629072645146,0.8126370547552865,8,0.04665655283559225,0.17945803272077213,0.08046250610718507,0.08101056241501486,0.09568466548384351,0.09654852620707391,0.0001667733335722239,25,24,0.051416966802655784,0.17825311787289344,True,True,False,7.599804266191895e-07,COMPLETE
505,0.37178556919097905,2025-04-12 19:18:18.755438,2025-04-12 19:18:27.858156,0 days 00:00:09.102718,0.37266914580533095,0.792329915692851,8,0.05568035097014256,0.13646491193773613,0.08512423532533775,0.07863973173292606,0.09385449612927199,0.09481212228666801,0.08078461126915633,25,21,0.04762982100313424,0.1843862370301228,True,True,True,6.151161812371525e-07,COMPLETE
506,0.4187428712844849,2025-04-12 19:18:28.017813,2025-04-12 19:18:36.838182,0 days 00:00:08.820369,0.5372626672001435,0.7746354931004684,8,0.04572512470025653,0.16096068404259917,0.08649771829561902,0.07936318503505198,0.09651159111720767,0.0984051641034889,0.06956896237580706,24,30,0.044436453945670334,0.1901263151253899,True,True,True,8.182642391076161e-07,COMPLETE
507,0.4222903966903687,2025-04-12 19:18:37.000046,2025-04-12 19:18:45.906231,0 days 00:00:08.906185,0.5449685544722431,0.8174546830522428,8,0.044928658320134034,0.16745828981275923,0.08399740916759375,0.07642206210564785,0.09540243704465921,0.09568643383577688,0.056470309655702516,24,35,0.05030260211498068,0.19955628369865674,True,True,True,9.393156491504842e-07,COMPLETE
508,0.4297104954719544,2025-04-12 19:18:46.075860,2025-04-12 19:18:55.061340,0 days 00:00:08.985480,0.5216975592183122,0.7912647199168656,8,0.048441248416232895,0.18523559473353546,0.08126010313421508,0.06951017004516495,0.097693395037613,0.09968251654944629,0.0822915419929607,25,29,0.04862261760943426,0.19321561995077505,True,True,True,6.961018363504882e-07,COMPLETE
509,0.4022407650947571,2025-04-12 19:18:55.223307,2025-04-12 19:19:04.331691,0 days 00:00:09.108384,0.5245690781948582,0.7676092912465186,8,0.06707130107160053,0.1836887136004863,0.08159150848329384,0.06939947571455733,0.09334938906321329,0.09678462387143381,0.09876102509101367,26,28,0.05194580434686939,0.1892994090914297,True,True,True,6.64831584273237e-07,COMPLETE
510,0.4193513035774231,2025-04-12 19:19:04.503397,2025-04-12 19:19:13.497930,0 days 00:00:08.994533,0.5212354673433715,0.7864211076510701,8,0.054242605924626944,0.1954305593778662,0.08223961091978972,0.07203723198276449,0.09551832934249925,0.09796933232600323,0.08502552517482664,25,26,0.04974677766868878,0.19450845341544606,True,True,True,7.879358877033663e-07,COMPLETE
511,0.40742249488830573,2025-04-12 19:19:13.658908,2025-04-12 19:19:22.690452,0 days 00:00:09.031544,0.5128955990147428,0.7531284101775633,8,0.04813107911087937,0.2038476763262275,0.07934710892147265,0.07327940201283349,0.09321642138164205,0.09351258970537066,0.07148724979847117,25,28,0.08674107695121383,0.18782403238838047,True,True,True,4.603383938138852e-07,COMPLETE
512,0.42956045866012577,2025-04-12 19:19:22.858405,2025-04-12 19:19:31.999218,0 days 00:00:09.140813,0.5470183818971764,0.44614217223009417,8,0.05799522273232687,0.18940319136768205,0.08416312599247631,0.06716267149141492,0.09769809206280124,0.0937579826957557,0.0996854125628567,26,25,0.0482735784226747,0.17684769461523125,True,True,True,5.424565848837519e-07,COMPLETE
