number,value,datetime_start,datetime_complete,duration,params_alpha-eval,params_alpha-train,params_batch-size,params_eps-eval,params_eps-train,params_lambda-actions-eval,params_lambda-actions-train,params_lambda-frames-eval,params_lambda-frames-train,params_learning-rate,params_n-epochs,params_n-frames,params_radius-gw,params_rho,params_std-feats,params_ub-actions,params_ub-frames,params_weight-decay,state
1597,0.4176491975784302,2025-04-12 22:45:48.206930,2025-04-12 22:46:04.555671,0 days 00:00:16.348741,0.624546494371413,0.05320901953146122,2,0.024726408843524797,0.02861591696712856,0.09524949436986084,0.07522459429901071,0.0074609319598280596,0.0965641394036411,0.013623714802073857,20,15,0.06815136580183656,0.20132516766128364,False,True,True,3.7307983044828275e-06,COMPLETE
1598,0.3490211009979248,2025-04-12 22:46:05.082835,2025-04-12 22:46:22.878808,0 days 00:00:17.795973,0.6442230672270044,0.14743430553748987,2,0.032049415458824636,0.00913714168081751,0.0961994382241842,0.07354523333094565,0.004114629523260208,0.0943775291500782,0.018396968189928687,22,13,0.06894234016513576,0.2255905282754937,False,True,True,2.1706419940131575e-06,COMPLETE
1599,0.33435620069503785,2025-04-12 22:46:23.420806,2025-04-12 22:46:40.975847,0 days 00:00:17.555041,0.5828338525826036,0.01197468870348406,2,0.00018796209016974652,0.024115217478990973,0.09886227625912984,0.07953264293019051,0.006126252831294478,0.091429662954469,0.02288899131833081,22,15,0.07222006008853037,0.21191676290129105,False,True,True,2.752849319281823e-06,COMPLETE
1600,0.4894469976425171,2025-04-12 22:46:41.500443,2025-04-12 22:46:58.433276,0 days 00:00:16.932833,0.6657333469134568,0.05012786116518444,2,0.029273994401403342,0.03597821493166963,0.09775957782568767,0.07051094242113504,0.01008213087611874,0.09361774035270971,0.01092288230034814,21,18,0.06718170919545552,0.20553854772488245,False,True,True,3.176529795164531e-06,COMPLETE
1601,0.3259103775024414,2025-04-12 22:46:58.958971,2025-04-12 22:47:15.431306,0 days 00:00:16.472335,0.6722219306591957,0.05028705646796533,2,0.016231504460509173,0.035569231518261094,0.0978300403559829,0.06961775917865921,0.009849156064268123,0.09529046094890675,0.009189085946461801,20,17,0.06657251375248116,0.20513499469931282,False,True,True,4.3606590709578846e-06,COMPLETE
1602,0.33526955842971806,2025-04-12 22:47:15.978783,2025-04-12 22:47:32.983459,0 days 00:00:17.004676,0.6536327761389227,0.03163420982829811,2,0.026831222211696686,0.03085916262747685,0.09734782277044213,0.06768322691199453,0.008096294044465773,0.09689889738663314,0.010595092836598173,21,18,0.07051731313580907,0.20062229929684314,False,True,True,3.1060699418783904e-06,COMPLETE
1603,0.4435400247573853,2025-04-12 22:47:33.510633,2025-04-12 22:47:49.701257,0 days 00:00:16.190624,0.6693298203086441,0.06646063008144308,2,0.02636889912397833,0.042332576576649586,0.09739815557509277,0.06949811457933693,0.006515253122528184,0.0937831862607865,0.0075815991010088615,20,18,0.06706611050447993,0.21005114317584278,False,True,False,5.87387285674491e-06,COMPLETE
1604,0.3847225546836853,2025-04-12 22:47:50.216742,2025-04-12 22:48:07.446819,0 days 00:00:17.230077,0.659816967602371,0.05007229535337939,2,0.02412488550135354,0.037421282855703196,0.09945939845264212,0.0712986013149116,0.008282095840669102,0.09658304192010876,0.010677104907663142,21,13,0.06625433279512999,0.20753731597336783,False,True,True,3.3579605744150264e-06,COMPLETE
1605,0.418146300315857,2025-04-12 22:48:07.987685,2025-04-12 22:48:25.099653,0 days 00:00:17.111968,0.6378155444240339,0.09499831178124016,2,0.02975225823511609,0.026437210656250605,0.09786199600339984,0.07221066667478108,0.0035961273370053014,0.09475687885038425,0.01083703044480181,21,11,0.06942217084031542,0.20093778045403046,False,True,True,4.652547797559896e-06,COMPLETE
1606,0.33030066490173343,2025-04-12 22:48:25.619837,2025-04-12 22:48:42.525005,0 days 00:00:16.905168,0.6757651153738377,0.031073178797441096,2,0.01471494565382294,0.04688689853425464,0.09663699649347847,0.07728359800083215,0.0056894498740729825,0.09331194125312463,0.012864382961927304,21,18,0.07309790455718433,0.2220494438273279,False,True,True,2.3449520530573624e-06,COMPLETE
1607,0.3340460538864136,2025-04-12 22:48:43.041042,2025-04-12 22:48:59.618425,0 days 00:00:16.577383,0.6124167477288663,0.07115099180546691,2,0.02278247908861875,0.03339240707165267,0.09702570324948968,0.07424769899519354,0.010015024232314283,0.09720095745528494,0.013804393061407617,20,15,0.0659421395166373,0.2132848704796456,False,True,True,3.716938684779999e-06,COMPLETE
1608,0.33170528411865235,2025-04-12 22:49:00.165686,2025-04-12 22:49:17.600768,0 days 00:00:17.435082,0.6405919955982413,0.04731058672136847,2,0.02027408792897677,0.016412929195168784,0.09913707347974196,0.0700869988040657,0.003621584347416807,0.09502988356134724,0.01479893635151851,22,18,0.06773851456288364,0.20578368508186337,False,True,True,2.5289847963559344e-06,COMPLETE
1609,0.31915668249130247,2025-04-12 22:49:18.127988,2025-04-12 22:49:35.606795,0 days 00:00:17.478807,0.6638416099668738,0.08381436378508075,2,0.030158940032487862,0.04183485792284359,0.09570187195467972,0.06700064938432432,0.007837194546981126,0.0928287108295657,0.016541469664836776,22,14,0.07676175071507718,0.216943447789299,False,True,True,1.9721404534005668e-06,COMPLETE
1610,0.28296037912368777,2025-04-12 22:49:36.154668,2025-04-12 22:49:53.011852,0 days 00:00:16.857184,0.6224502550018887,0.025139137769075063,2,0.03071969649602098,0.028882583480555557,0.09491894785685794,0.07252913032252033,0.005069485036062488,0.09687266624295096,0.008773278174937947,21,5,0.07120798272978815,0.20063142566605413,False,True,True,2.5679378484967485e-06,COMPLETE
1611,0.34764316082000735,2025-04-12 22:49:53.541976,2025-04-12 22:50:11.110816,0 days 00:00:17.568840,0.27328009351986793,0.010684341609773603,2,0.01514376086134725,0.02398471220061718,0.09801632498268215,0.0765863584956941,0.0028075058338065968,0.09466133508157488,0.01882537462531517,22,8,0.06529380745485822,0.21344111913526534,False,True,True,3.366194813774634e-06,COMPLETE
1612,0.27220829725265505,2025-04-12 22:50:11.632264,2025-04-12 22:50:28.417099,0 days 00:00:16.784835,0.6056601171665179,0.08726100052991745,2,0.025883029288632134,0.05286346102066789,0.09431123886458267,0.07059918373075888,0.01050004813488019,0.09705632410071707,0.010489890656366883,21,11,0.06925719958464183,0.222971865862897,False,False,True,4.291654007966453e-06,COMPLETE
1613,0.32944655418395996,2025-04-12 22:50:28.968919,2025-04-12 22:50:46.646451,0 days 00:00:17.677532,0.6886327930972944,0.11641593047752681,2,0.03032990831817608,0.035282799369749374,0.09682954689216389,0.07415973743647213,0.006409908473018492,0.09312252737368934,0.012723555887715085,22,18,0.06804235551683323,0.2070148379218899,False,True,True,1.9799888006275846e-06,COMPLETE
1614,0.3430661797523499,2025-04-12 22:50:47.177035,2025-04-12 22:51:03.919638,0 days 00:00:16.742603,0.6497845263319354,0.0588131757135519,2,0.020566678334470345,0.04271703783775792,0.09998502338085805,0.06820577665209428,0.007946197624839453,0.0951663057410189,0.01504764688908205,20,13,0.07214622225725192,0.2297685637113636,False,True,True,2.968319846855327e-06,COMPLETE
1615,0.32392177581787107,2025-04-12 22:51:04.445696,2025-04-12 22:51:21.637636,0 days 00:00:17.191940,0.6228393356429712,0.03608677228166157,2,0.032056437306715244,0.021600639061197878,0.09397262798914864,0.07200228409016227,0.0028961711212699137,0.09263290477247865,0.006266371819550804,21,15,0.06607674432374981,0.21795145422839193,False,True,True,1.9253831567616814e-06,COMPLETE
1616,0.4233140587806702,2025-04-12 22:51:22.184764,2025-04-12 22:51:39.151069,0 days 00:00:16.966305,0.5874488093641448,0.06981125664873544,2,0.02661137341783421,0.009437859491221494,0.09628023568962009,0.0801328935530474,0.004847837972839459,0.09694007022959156,0.02137450698475599,21,18,0.07452327910709866,0.21079805081313788,False,True,True,3.3958534950831163e-06,COMPLETE
1617,0.4874302387237549,2025-04-12 22:51:39.681333,2025-04-12 22:51:55.752795,0 days 00:00:16.071462,0.6438501151509783,0.10500276610302298,2,0.008279769408180265,0.015538211105867797,0.09256124288448626,0.07564387547061256,0.006314086431204578,0.09571038864349743,0.017989552525375208,19,16,0.06476329101063355,0.20289120424030369,False,True,True,2.7776057880808227e-06,COMPLETE
1618,0.42090640068054197,2025-04-12 22:51:56.305567,2025-04-12 22:52:13.290377,0 days 00:00:16.984810,0.6494458213964432,0.0983700559474596,2,0.012958138897519449,0.015545020492975379,0.09232200545582271,0.07680608133219063,0.009531127373741954,0.09139489765151991,0.01576822955475257,21,11,0.06482405772407071,0.20944219766282018,False,True,True,2.670838576242586e-06,COMPLETE
1619,0.37908654212951665,2025-04-12 22:52:13.816196,2025-04-12 22:52:30.017947,0 days 00:00:16.201751,0.6727432400714601,0.11055679439073737,2,0.006875374664444506,0.006550293220333511,0.09350480989705753,0.07455392968166641,0.006723933262439313,0.09481498048746329,0.018573115951397684,19,15,0.06463368699716254,0.20351095031326238,False,True,True,4.6951397012466e-06,COMPLETE
1620,0.3246981739997864,2025-04-12 22:52:30.541342,2025-04-12 22:52:46.041341,0 days 00:00:15.499999,0.6372368427568178,0.15006372019122477,2,0.00401770965311625,0.012137093164475648,0.09141799671899056,0.07823191797806361,0.00806197728818837,0.09319878522597763,0.013677114149402576,18,8,0.06791585414581053,0.21978771378904405,False,True,True,3.359963858919309e-06,COMPLETE
1621,0.2811119914054871,2025-04-12 22:52:46.592586,2025-04-12 22:53:02.245363,0 days 00:00:15.652777,0.6612605580193103,0.1273224000712155,2,0.018225870677367563,0.01967845269271299,0.09401401937224503,0.07601229313771558,0.006223026684660184,0.0976018784267545,0.01202428889008162,19,16,0.06579303768074084,0.21370194298857204,False,True,False,2.6222719564618208e-06,COMPLETE
1622,0.39522500038146974,2025-04-12 22:53:02.771438,2025-04-12 22:53:19.186649,0 days 00:00:16.415211,0.6246694789108627,0.09549395276854034,2,0.012571581242616982,0.029757942618625015,0.0963273045020007,0.07321985316630904,0.004881618056658059,0.09543426071460437,0.01903139645773878,20,12,0.07025958420411765,0.0018520268200698797,False,True,True,2.1250399047504944e-06,COMPLETE
1623,0.43996169567108157,2025-04-12 22:53:19.713970,2025-04-12 22:53:35.780682,0 days 00:00:16.066712,0.6823536532933129,0.07670772784167343,2,0.014348636746057502,0.003831079297190532,0.09217317287172322,0.07547988858502801,0.010262207564246723,0.09117184657233662,0.01699741838594826,19,18,0.06763017421715252,0.20662275934109234,False,True,True,3.913021435718984e-06,COMPLETE
1624,0.3096257209777832,2025-04-12 22:53:36.326779,2025-04-12 22:53:52.924587,0 days 00:00:16.597808,0.6463237895060269,0.1723099602545899,2,0.005053096436520608,0.017622032764533432,0.09536240221460872,0.08023488011724417,0.0041662404863484735,0.09373284717145587,0.023111367278560873,20,15,0.06427648869947825,0.22563941663034537,False,True,True,5.000686876559715e-06,COMPLETE
1625,0.4714860796928406,2025-04-12 22:53:53.450608,2025-04-12 22:54:09.999970,0 days 00:00:16.549362,0.6051720214527867,0.055610816926762396,2,0.020261498745874428,0.012615215393649314,0.09287094223520116,0.07212905717278313,0.008164370647242911,0.09694165018401832,0.022624797921845536,20,18,0.07003947992653449,0.2012407050323476,False,True,True,2.8632048056667974e-06,COMPLETE
1626,0.34614171981811526,2025-04-12 22:54:10.556076,2025-04-12 22:54:26.829891,0 days 00:00:16.273815,0.6057416972055655,0.05475322318484859,2,0.0125629172334711,0.008753703213940915,0.09268110279373803,0.07133363523463816,0.008004122161362091,0.0978962058935932,0.02274168810321644,19,13,0.06992532715095046,0.2002794284989933,False,True,True,3.0395353065723125e-06,COMPLETE
1627,0.3765459656715393,2025-04-12 22:54:27.361152,2025-04-12 22:54:43.974301,0 days 00:00:16.613149,0.604137129319709,0.032977426442887,2,0.008139809761040178,0.013326740024681219,0.09375051713701743,0.07319740403785241,0.010086722515061177,0.09740392955221014,0.02289529531958115,20,10,0.07177275944592186,0.2066680088921131,False,True,True,3.633437610706165e-06,COMPLETE
1628,0.36248891353607177,2025-04-12 22:54:44.507253,2025-04-12 22:55:01.060965,0 days 00:00:16.553712,0.6292143918240128,0.0865602672042465,2,0.00010656044354580632,0.0038125437158033973,0.09157068519771655,0.06641504112067326,0.008538842992372024,0.09706443317084706,0.019582581009857585,20,17,0.06907438515756714,0.20054705901023467,False,True,True,2.521548331433258e-06,COMPLETE
1629,0.42075434923172,2025-04-12 22:55:01.608750,2025-04-12 22:55:17.477843,0 days 00:00:15.869093,0.5888240577482772,0.0562177396020405,2,0.00786919203122417,0.02276600025572044,0.09766138628591002,0.06943247269956981,0.01046908034273605,0.0975006135973355,0.015506232082864373,19,15,0.07290846567464114,0.21162357285291827,False,True,True,3.0543627857214988e-06,COMPLETE
1630,0.3186883687973023,2025-04-12 22:55:18.011498,2025-04-12 22:55:33.983940,0 days 00:00:15.972442,0.6196424269142526,0.010143386054382277,2,0.005858722585301224,0.008704958703606009,0.09507762531512617,0.07137740230321597,0.007083721432888908,0.09766036326680194,0.018806668391418542,19,12,0.06672896602426917,0.20614071061286496,False,True,True,6.147565872098695e-06,COMPLETE
1631,0.3392137050628662,2025-04-12 22:55:34.542537,2025-04-12 22:55:50.914880,0 days 00:00:16.372343,0.6070672698226549,0.1162251206183274,2,0.02062862807653651,0.015720359477088233,0.091648663292366,0.07529512675850109,0.006411406235706224,0.09656580823413069,0.011533591368186028,20,18,0.07063293413831709,0.21475112537827049,False,True,True,2.321937074711269e-06,COMPLETE
1632,0.2634084463119507,2025-04-12 22:55:51.442945,2025-04-12 22:56:07.914893,0 days 00:00:16.471948,0.6443012698238721,0.04528471912596847,2,0.02148026893089018,0.02482781517452146,0.09442345891119924,0.07324282882714733,0.008919116683545593,0.0959974269700186,0.021405367932591374,20,14,0.06751031977690758,0.2055821936998175,False,False,True,4.018390978934205e-06,COMPLETE
1633,0.44720977544784546,2025-04-12 22:56:08.444142,2025-04-12 22:56:24.794577,0 days 00:00:16.350435,0.5854662860142997,0.07121183276094215,2,0.009287755973152175,0.017866582232432225,0.09071175696455484,0.06882901025989112,0.0058186210884235475,0.09738341850339084,0.014893466643278761,20,9,0.06502784661168327,0.21879928571959673,False,True,True,2.8741417418254944e-06,COMPLETE
1634,0.3331455230712891,2025-04-12 22:56:25.346789,2025-04-12 22:56:41.820921,0 days 00:00:16.474132,0.6643293466064698,0.036469798834142635,2,0.015245430103634081,0.029228142038851268,0.09997122334988277,0.07805483192919098,0.010769098232612578,0.09533717141467589,0.023609717699809206,20,18,0.0691246363912811,0.20038735502153873,False,True,True,1.904691971291943e-06,COMPLETE
1635,0.42879042625427244,2025-04-12 22:56:42.355896,2025-04-12 22:56:59.543441,0 days 00:00:17.187545,0.6285749009190643,0.08693132524697113,2,0.026492416540968757,0.03872698345036789,0.09695126863258595,0.0708557955325303,0.002756142057017936,0.010579856692172804,0.009471345641765726,21,15,0.07373291483338401,0.21095864649811683,False,True,True,2.305975585857655e-06,COMPLETE
1636,0.34001073837280277,2025-04-12 22:57:00.101228,2025-04-12 22:57:15.533112,0 days 00:00:15.431884,0.604058598013201,0.06355136088824659,2,0.01245240378694194,0.02159196615991561,0.09301765566681514,0.07352800913070803,0.00822678902474649,0.09806439808895648,0.018255115533358054,18,18,0.07190583193226792,0.22232052928109824,False,True,True,4.813065588444377e-06,COMPLETE
1637,0.3232359170913697,2025-04-12 22:57:16.068502,2025-04-12 22:57:33.038947,0 days 00:00:16.970445,0.6411731894907834,0.12735960484987893,2,0.018715255386107223,0.04922510655012536,0.09541647284867216,0.08163218681887928,0.0011307805906336239,0.09573273701971648,0.013963129953633054,21,12,0.06589341556186637,0.2011392541087832,False,True,True,3.5081063896231885e-06,COMPLETE
1638,0.34901541471481323,2025-04-12 22:57:33.574190,2025-04-12 22:57:50.021134,0 days 00:00:16.446944,0.693505889982531,0.09859027339234379,2,0.018184724360775305,0.009421641319544379,0.09141450543021684,0.07558998199657734,0.004551666187182529,0.09802710171934875,0.01652265475806116,20,16,0.07585599739258629,0.24009294802882136,False,True,True,2.6225268849991677e-06,COMPLETE
1639,0.2671638369560242,2025-04-12 22:57:50.571138,2025-04-12 22:58:06.745422,0 days 00:00:16.174284,0.6193700931045294,0.03222948523084719,2,0.02294513355897602,0.014748165047678462,0.09344875998650648,0.06646657454782172,0.00618856920889359,0.09490777612874648,0.02380299550884227,19,15,0.06414551691584246,0.21523581563347383,False,True,True,1.946508315672634e-06,COMPLETE
1640,0.307927680015564,2025-04-12 22:58:07.282019,2025-04-12 22:58:24.251656,0 days 00:00:16.969637,0.664207270575291,0.04735733149609999,2,0.007683303747175076,0.02606553109778526,0.09066068454898481,0.07177564873381091,0.004194676583253996,0.09797649104023996,0.01301250244354806,21,7,0.06838594853859943,0.2085417120520092,False,True,True,3.2867509594955423e-06,COMPLETE
1641,0.26677534580230716,2025-04-12 22:58:24.807826,2025-04-12 22:58:41.015132,0 days 00:00:16.207306,0.5900688094057851,0.07258738942531871,2,0.025574360747556105,0.002201685478451716,0.09809213067119672,0.07864839804826738,0.008347863539083554,0.09595476401433625,0.019940652915626314,20,18,0.06994544757597938,0.2296571901726826,False,True,False,2.328288757522386e-06,COMPLETE
1642,0.3276794195175171,2025-04-12 22:58:41.555617,2025-04-12 22:58:57.495604,0 days 00:00:15.939987,0.6350190767089364,0.05391738096158291,2,0.011727618204569475,0.03512445607649817,0.0945981929169377,0.06953571364687393,0.0029060300423512557,0.09554537746367296,0.017069906728468365,19,11,0.06364568705095947,0.21344688847500237,False,True,True,1.8056617666401438e-06,COMPLETE
1643,0.4873212218284607,2025-04-12 22:58:58.031497,2025-04-12 22:59:15.707027,0 days 00:00:17.675530,0.6511095700903013,0.11512631567543649,2,0.01947954217467431,0.018880290981539077,0.09235745170430605,0.07642353298823341,0.006408383075528862,0.09420356657529873,0.02382939424494795,22,18,0.0662095223592247,0.20527434069915323,False,True,True,2.7695585742876308e-06,COMPLETE
1644,0.3044144928455353,2025-04-12 22:59:16.266018,2025-04-12 22:59:33.283878,0 days 00:00:17.017860,0.6778742308378576,0.1151411349966899,2,0.0015798579774998801,0.013834275333297869,0.09579738848568613,0.07701673287553727,0.005554359441857412,0.09795650748340265,0.02098497877498809,21,18,0.06622912314984247,0.21845533634353065,False,True,True,4.1092594368831975e-06,COMPLETE
1645,0.4845850825309754,2025-04-12 22:59:33.819251,2025-04-12 22:59:50.924594,0 days 00:00:17.105343,0.6584927766147789,0.14225445026934636,2,0.01631325852639703,0.019540336047612614,0.09275629226158694,0.07530203317970256,0.0043216646717577694,0.0939479900526968,0.023808135158876625,21,13,0.06741841852000442,0.22478867296502292,False,True,True,2.898713384396431e-06,COMPLETE
1646,0.31720683574676517,2025-04-12 22:59:51.482057,2025-04-12 23:00:08.375792,0 days 00:00:16.893735,0.6637765475007875,0.14793913672576514,2,0.009483884599754733,0.021516164877949717,0.0943484907752691,0.07570125711432256,0.0031339366651822863,0.09393967647437211,0.023237773470422277,21,9,0.06769562179719164,0.23249997213880066,False,True,True,2.8985851348940443e-06,COMPLETE
1647,0.4110005021095276,2025-04-12 23:00:08.911321,2025-04-12 23:00:25.571711,0 days 00:00:16.660390,0.7036248950951589,0.14115660744152836,2,0.014455465192142074,0.020938990337040105,0.09293582607184209,0.07807681144337024,0.0026615486352412026,0.09457039110513564,0.024318153774094253,20,13,0.06630346650918068,0.23741904878644232,False,True,True,3.79308375089645e-06,COMPLETE
1648,0.42318649291992194,2025-04-12 23:00:26.109773,2025-04-12 23:00:43.331383,0 days 00:00:17.221610,0.6890684479645792,0.16423579286668993,2,0.014893947117502422,0.010233859082785924,0.0966195312497795,0.0808283964779666,0.001085536478616575,0.09627326841745197,0.02338141719653575,21,11,0.06789044408877892,0.2257431593015355,False,True,True,6.019544678653073e-06,COMPLETE
1649,0.29914509654045107,2025-04-12 23:00:43.888125,2025-04-12 23:01:00.438451,0 days 00:00:16.550326,0.6488278981037088,0.12708422515473208,2,0.005740342356443081,0.016650814476467032,0.09258886356154043,0.07455206745213058,0.004739984090238788,0.09329586574562927,0.01964533000369231,20,8,0.07063337454453235,0.2285957820366448,False,True,True,3.0080980619832732e-06,COMPLETE
1650,0.34756022691726685,2025-04-12 23:01:00.976275,2025-04-12 23:01:18.566326,0 days 00:00:17.590051,0.6708076473126029,0.10778082088412454,2,0.017503204478709178,0.0262330076875694,0.09462160615192967,0.07591822275029866,0.0045435553347285785,0.09620896074291299,0.023923221723623725,22,14,0.06479666686571069,0.22312017318129268,False,True,True,4.657806936517436e-06,COMPLETE
1651,0.27588111758232114,2025-04-12 23:01:19.140399,2025-04-12 23:01:36.060285,0 days 00:00:16.919886,0.6566154464498319,0.12280679711768072,2,0.008432365438766696,0.029368676915013398,0.0921943813572134,0.07920787578802065,0.0025767725784385373,0.0938074791874215,0.018103348471064318,21,13,0.06896126454930215,0.23336232056321476,False,False,True,2.2870866672175923e-06,COMPLETE
1652,0.4418859958648682,2025-04-12 23:01:36.601070,2025-04-12 23:01:53.357951,0 days 00:00:16.756881,0.6780720590794623,0.0949116907821661,2,0.021483229307247383,0.007958067154639935,0.09820981573149014,0.07400680304456453,0.0010138489776372356,0.09795093081277224,0.0160412876219759,20,15,0.06431826641784245,0.22368533604115104,False,True,True,2.8353613790096432e-06,COMPLETE
1653,0.29239485263824466,2025-04-12 23:01:53.894423,2025-04-12 23:02:10.897499,0 days 00:00:17.003076,0.6584383958723465,0.1552366505725093,2,0.018133262134220392,0.018847389359890887,0.09642402937464108,0.0770113487028816,0.005786145800623048,0.0953510146985693,0.02464270745095767,21,5,0.06660966116152421,0.2173395453240933,False,True,True,3.322286170171158e-06,COMPLETE
