number,value,datetime_start,datetime_complete,duration,params_alpha-eval,params_alpha-train,params_batch-size,params_eps-eval,params_eps-train,params_lambda-actions-eval,params_lambda-actions-train,params_lambda-frames-eval,params_lambda-frames-train,params_learning-rate,params_n-epochs,params_n-frames,params_radius-gw,params_rho,params_std-feats,params_ub-actions,params_ub-frames,params_weight-decay,state
628,0.39879703521728516,2025-04-12 19:37:05.316996,2025-04-12 19:37:14.482996,0 days 00:00:09.166000,0.5861239088432875,0.499726339639227,8,0.06286408999043341,0.1884971612877236,0.06988775475634963,0.06316147508993944,0.0013081468361062117,0.09991650388626082,0.071348454534075,26,29,0.04008408489360042,0.2022332373027329,True,True,True,4.1427364905946104e-07,COMPLETE
629,0.4331895112991333,2025-04-12 19:37:14.683641,2025-04-12 19:37:23.782948,0 days 00:00:09.099307,0.5698150666262449,0.5307210663039511,8,0.05853201599516337,0.19863425603109422,0.07354173855570117,0.06473217421759561,0.010775478146050907,0.09497825380849223,0.05220405332379743,26,32,0.04317387811353526,0.19755400940513262,True,True,True,6.612181938469429e-07,COMPLETE
630,0.36096723079681403,2025-04-12 19:37:23.992276,2025-04-12 19:37:33.227325,0 days 00:00:09.235049,0.5650437887790404,0.5299178786631884,8,0.06929960896582091,0.20585981080033294,0.07476881890119207,0.06423141783090913,0.011774379787078472,0.09474653116488964,0.059960614779326564,26,33,0.037340812575173916,0.19818272548284424,True,True,True,5.840184390197996e-07,COMPLETE
631,0.39063751697540283,2025-04-12 19:37:33.427866,2025-04-12 19:37:42.531994,0 days 00:00:09.104128,0.5784007230246284,0.5405234974472758,8,0.06290756488971433,0.1971756028307376,0.07207073553718932,0.06798097596472766,0.019659019905284323,0.09402132113495291,0.05086088774067604,26,28,0.04125887456926429,0.19467478487118522,True,True,True,7.116225684882651e-07,COMPLETE
632,0.37987961769104006,2025-04-12 19:37:42.741105,2025-04-12 19:37:51.998702,0 days 00:00:09.257597,0.5623901714904489,0.5557574311420296,8,0.059852403987609604,0.20995099105176682,0.07881354939028608,0.06269655312188006,0.013364658319621038,0.09530444321697534,0.07448914885267917,27,37,0.039190990438683945,0.2023345527047318,True,True,True,5.073228629049881e-07,COMPLETE
633,0.4052551627159119,2025-04-12 19:37:52.198568,2025-04-12 19:38:01.513810,0 days 00:00:09.315242,0.5895033625104147,0.5048020083306448,8,0.0713750002462195,0.21958941269586962,0.07677393840705404,0.06491835635785,0.030251376050419693,0.0933514737980927,0.04931197131451698,26,32,0.043121985829185826,0.19034737223913537,True,True,True,6.558262258592505e-07,COMPLETE
634,0.42416291236877446,2025-04-12 19:38:01.723052,2025-04-12 19:38:10.964077,0 days 00:00:09.241025,0.5494356503356522,0.5802065025626747,8,0.057236199102891475,0.1998640365883406,0.07653506977629583,0.061236943636495414,0.021760412145854457,0.09602825400106021,0.07972200776263887,27,26,0.043337939458702804,0.19795544636593315,True,True,True,3.7762656296636946e-07,COMPLETE
635,0.19931281208992005,2025-04-12 19:38:11.164570,2025-04-12 19:38:20.261536,0 days 00:00:09.096966,0.5672042204311977,0.5282715067546159,8,0.05477136428206816,0.1934001669400345,0.07819621959913983,0.06422582923679004,0.008936843197436393,0.09787645158025332,0.06086980509291856,26,30,0.01695337774283507,0.19073802481013866,True,True,True,5.062284829919221e-07,COMPLETE
636,0.4154828429222107,2025-04-12 19:38:20.471715,2025-04-12 19:38:29.621568,0 days 00:00:09.149853,0.5109165669608604,0.5173423578564699,8,0.0660837724419466,0.20346709772572902,0.08036439398277943,0.0667156416748808,0.025827122971007737,0.09469818998427439,0.07806002301518326,26,34,0.043775448909188344,0.17890328292115962,True,True,True,6.992898731776873e-07,COMPLETE
637,0.39141533374786375,2025-04-12 19:38:29.822887,2025-04-12 19:38:39.006261,0 days 00:00:09.183374,0.5483082296198615,0.5421553954449528,8,0.0567196167655955,0.1846631352965409,0.07442652059109355,0.068663443367814,0.016451920106937995,0.09988206543373787,0.07229025252920379,26,26,0.03923688411672335,0.18649868817728055,True,True,True,8.128379506145049e-07,COMPLETE
638,0.4270389437675476,2025-04-12 19:38:39.217629,2025-04-12 19:38:48.184975,0 days 00:00:08.967346,0.5295611966022005,0.46819498242653307,8,0.07832481938684158,0.2167441149385485,0.07732513812768912,0.06136798496774921,0.021110587587857343,0.09330319681183953,0.08323905249155282,25,31,0.0418794837632215,0.19658440859652923,True,True,True,4.2815072307568664e-07,COMPLETE
639,0.3812995076179505,2025-04-12 19:38:48.389255,2025-04-12 19:38:57.590438,0 days 00:00:09.201183,0.5029677908073602,0.5585262518285082,8,0.05089322865077649,0.20732528352044474,0.08053108517644068,0.053181731249879474,0.02594304377773565,0.09682792347149921,0.05083233180908128,27,22,0.09408599322403031,0.17566193867525182,True,False,True,6.304323794690058e-07,COMPLETE
640,0.27803293466567996,2025-04-12 19:38:57.801034,2025-04-12 19:39:07.076232,0 days 00:00:09.275198,0.5842711642749157,0.42651064574785646,8,0.062915756336979,0.19897438262101055,0.07892639862229857,0.05769457835366074,0.0036909750298125986,0.09305566180427964,0.06356390772005467,26,38,0.0447344254218106,0.16313692700168878,True,True,True,5.443219974824844e-07,COMPLETE
641,0.40631688833236695,2025-04-12 19:39:07.280369,2025-04-12 19:39:16.257542,0 days 00:00:08.977173,0.5566140721303932,0.48344505440741015,8,0.05405138324556941,0.19009343509500393,0.0815669554356384,0.06461228665830968,0.018273292678637414,0.09520113855588493,0.08476186183183908,25,29,0.041307809837951806,0.18938037663524615,True,True,True,7.994694782747291e-07,COMPLETE
642,0.4334562301635742,2025-04-12 19:39:16.472347,2025-04-12 19:39:25.453203,0 days 00:00:08.980856,0.5227570866585786,0.5154190552439492,8,0.05109815560947812,0.19470213599562583,0.08297423218111409,0.05962380826325001,0.01109052948458681,0.09809067201606181,0.07071790971103109,25,35,0.04485945531769863,0.19929004823905383,True,True,True,2.482602655219667e-07,COMPLETE
643,0.3798371195793152,2025-04-12 19:39:25.659696,2025-04-12 19:39:34.752000,0 days 00:00:09.092304,0.5352826383664387,0.5126052898130071,8,0.0587646038523215,0.19384706113520017,0.08289221875545674,0.06054957870292444,0.0312091095742364,0.09800104722935633,0.09965454435180275,26,42,0.042784005552640655,0.20256622280205813,True,True,False,2.0659176136471577e-07,COMPLETE
644,0.31432656049728397,2025-04-12 19:39:34.966871,2025-04-12 19:39:44.009331,0 days 00:00:09.042460,0.5247049943405281,0.5260777557272399,8,0.098157099088679,0.18613296350038488,0.08007072069683245,0.05908174981595555,0.010924348489168179,0.0977570964226306,0.057361033969741876,25,35,0.04519553796981583,0.19538145049848707,True,True,True,2.697334017134191e-07,COMPLETE
645,0.3867968440055848,2025-04-12 19:39:44.218543,2025-04-12 19:39:53.532798,0 days 00:00:09.314255,0.5688475208973423,0.31678910472919797,8,0.05086541542949162,0.19986289695096596,0.08318652321512741,0.056633739123006656,0.015747990446499376,0.09618393518503125,0.07376767194164915,27,33,0.04072892530011441,0.15201250637255673,True,True,True,3.633850698667311e-07,COMPLETE
646,0.4086944937705994,2025-04-12 19:39:53.745772,2025-04-12 19:40:02.928854,0 days 00:00:09.183082,0.5423752448394664,0.4934328709828736,8,0.06494214786080939,0.21177243915594743,0.0765797825636136,0.06259571975707144,0.01138061980218508,0.09742032088812091,0.08395484688383603,26,39,0.044273494735187505,0.18672280650096834,True,True,True,2.580971811406385e-07,COMPLETE
647,0.2674484968185425,2025-04-12 19:40:03.147900,2025-04-12 19:40:12.170032,0 days 00:00:09.022132,0.5180612831838136,0.39160890411452154,8,0.05674325075894577,0.19427083463819014,0.08101188028366663,0.05963643874815067,0.014937484480640015,0.09985552885871134,0.047999045763318746,25,35,0.042821842971297486,0.18209838116250793,True,True,True,4.97200631843891e-07,COMPLETE
648,0.2793650567531586,2025-04-12 19:40:12.373184,2025-04-12 19:40:21.513043,0 days 00:00:09.139859,0.556854007624685,0.4675612493650418,8,0.05132675666107607,0.20484737103620018,0.07904306689150585,0.05503967830750952,0.05389091967248333,0.09505757095558573,0.06283245940008907,26,28,0.045818655265962384,0.1686535584109959,True,True,True,1.5578913975921963e-07,COMPLETE
649,0.19931281208992005,2025-04-12 19:40:21.730457,2025-04-12 19:40:31.068129,0 days 00:00:09.337672,0.5970457877515766,0.5161318345722145,8,0.05050018263704077,0.18747839224760543,0.06796793823165317,0.07124265367543776,0.00828001433043286,0.09984440675814511,0.08464202080208814,27,25,0.03645658760802575,0.20300093760963123,True,True,True,3.788254173938226e-07,COMPLETE
650,0.19931281208992005,2025-04-12 19:40:31.274722,2025-04-12 19:40:40.447024,0 days 00:00:09.172302,0.5046881753641186,0.4384745372309738,8,0.05942626304923489,0.19793187507951332,0.08347663339887015,0.04767493036359854,0.02236532019324062,0.09798851109886791,0.06742914118359593,26,17,0.03884236748827656,0.19278430112210054,True,True,True,6.359368264934448e-07,COMPLETE
651,0.4072603821754456,2025-04-12 19:40:40.666199,2025-04-12 19:40:49.749676,0 days 00:00:09.083477,0.5429159699597276,0.48508895371041894,8,0.04523706384409009,0.20788561803405664,0.0820245500335525,0.06186491619951143,0.005330588105390854,0.09340608249541552,0.0009214466110044934,25,31,0.044544124356727374,0.17432333405462624,True,True,True,4.372482916502708e-07,COMPLETE
652,0.3569567918777466,2025-04-12 19:40:49.954553,2025-04-12 19:40:59.122288,0 days 00:00:09.167735,0.5738709588712644,0.46404040645265987,8,0.054552586464667964,0.18987645526707853,0.07772995650323679,0.06730099571416798,0.012351862575695174,0.09628174567209599,0.0553110613054021,26,37,0.041609430583959536,0.1826507521060098,True,True,True,2.6942550757545746e-07,COMPLETE
653,0.19931281208992005,2025-04-12 19:40:59.341567,2025-04-12 19:41:08.348661,0 days 00:00:09.007094,0.5232598648501264,0.5575158481906342,8,0.06857549961247664,0.22464476814025897,0.08039835519670491,0.05765337226175316,0.009997126266160488,0.09474593583125294,0.08425116761665866,25,21,0.046357989319576916,0.19696056276762508,True,True,True,2.2392624249957034e-07,COMPLETE
654,0.42876466512680056,2025-04-12 19:41:08.554011,2025-04-12 19:41:17.541268,0 days 00:00:08.987257,0.5480552319501055,0.5367300283490914,8,0.048351516959344795,0.2017632595964323,0.07327443146543342,0.06419513402111471,0.0160988681938809,0.09819059674376882,0.09944137165900667,25,32,0.04427482659259071,0.1899771655905887,True,True,True,5.431719612517802e-07,COMPLETE
655,0.44161255359649665,2025-04-12 19:41:17.764855,2025-04-12 19:41:27.121244,0 days 00:00:09.356389,0.5107989757385084,0.4993480124434913,8,0.06193282416622383,0.18479972244911788,0.08406764782352935,0.04244251942321284,0.027570391830516204,0.09998814423058835,0.07024983329880029,27,28,0.04656733397471213,0.17758281419670116,True,True,True,8.174465889649377e-07,COMPLETE
656,0.3737032532691956,2025-04-12 19:41:27.328138,2025-04-12 19:41:36.585463,0 days 00:00:09.257325,0.48039234964669153,0.5022457448563893,8,0.07607304126844397,0.18181073395963218,0.08437410782356011,0.04204333104535827,0.042912611625902645,0.09991766636797966,0.05052107414298085,27,25,0.046849946589004314,0.1777102520633718,True,True,True,8.135208025480741e-07,COMPLETE
657,0.3265140771865845,2025-04-12 19:41:36.805962,2025-04-12 19:41:46.102079,0 days 00:00:09.296117,0.5060839624161784,0.474170171142771,8,0.13022607828620134,0.21579402852999818,0.0836631666697258,0.04335626699169148,0.03429314149590365,0.09805378746364905,0.06242644595932289,27,28,0.04653845485943124,0.16831754733302523,True,True,True,9.089176953339364e-07,COMPLETE
658,0.4324523448944092,2025-04-12 19:41:46.309357,2025-04-12 19:41:55.510792,0 days 00:00:09.201435,0.4928967211276922,0.4418914608758616,8,0.06354273363983809,0.1946926561207067,0.08189266090380208,0.04553002629899137,0.026886737668397713,0.09667264695784301,0.07078733465647234,27,23,0.04880745469921474,0.16354610939856093,True,False,True,3.3986057253109647e-07,COMPLETE
659,0.2918261229991913,2025-04-12 19:41:55.731582,2025-04-12 19:42:04.923669,0 days 00:00:09.192087,0.47551950023160017,0.4364142225240333,8,0.07337363261504211,0.1827208046876544,0.08112543831168358,0.044452722165247406,0.03860537174899829,0.0999173011005557,0.09976995516489845,27,15,0.04918581347331878,0.15447583504843318,True,False,True,3.237171419618827e-07,COMPLETE
660,0.3143562912940979,2025-04-12 19:42:05.131116,2025-04-12 19:42:14.293080,0 days 00:00:09.161964,0.48423570649655756,0.4047173354944436,8,0.06780009461589498,0.20590428228032076,0.08232848416650682,0.04103725299956913,0.03664134200357323,0.09659185059131097,0.07179498488835165,27,19,0.05111226990263825,0.15983935150189651,True,False,True,3.1575745994212167e-07,COMPLETE
661,0.3319103837013245,2025-04-12 19:42:14.512950,2025-04-12 19:42:23.763272,0 days 00:00:09.250322,0.500228873540887,0.44722750442137754,8,0.08523239086114508,0.21161134956738534,0.07973559473790845,0.043534425457278744,0.02700431189297501,0.09781123892937588,0.08393676710299568,27,24,0.04832605348136028,0.14789490853016674,True,True,True,1.7182135486570987e-07,COMPLETE
662,0.30442708134651186,2025-04-12 19:42:23.972423,2025-04-12 19:42:34.086069,0 days 00:00:10.113646,0.4669496824474871,0.38624478618772246,8,0.062198362742000926,0.1981224357102017,0.08232027488844247,0.04613997532921832,0.02476609968001823,0.09659796663844797,0.07088554535656394,27,22,0.052198090070217015,0.16317873705852115,True,False,False,2.337601892780935e-07,COMPLETE
663,0.3226289033889771,2025-04-12 19:42:34.309738,2025-04-12 19:42:43.560154,0 days 00:00:09.250416,0.5092845101264531,0.41570937280581755,8,0.06761368476939679,0.1925070876015073,0.08401420780174529,0.04810421820077053,0.02726485435475497,0.0998943257958774,0.08549114326004983,27,30,0.04696774732773221,0.16816245094837035,True,False,True,1.2309109109640054e-07,COMPLETE
664,0.3732833743095398,2025-04-12 19:42:43.770185,2025-04-12 19:42:52.833250,0 days 00:00:09.063065,0.48859508890918946,0.43014502875590327,8,0.0636683661037026,0.18473538722680533,0.03528268809205733,0.04517868841313256,0.028977599516583755,0.09804842606667052,0.06956672341910984,26,26,0.04963012598001726,0.1605986860351166,True,False,True,4.361632808422861e-07,COMPLETE
665,0.3576408863067627,2025-04-12 19:42:53.058581,2025-04-12 19:43:02.195960,0 days 00:00:09.137379,0.46151381842499417,0.4952352625068491,8,0.06278401268771336,0.20390885019404015,0.0802483904406252,0.051033201655821175,0.0011300758783145252,0.0961108921457748,0.001691558460296029,26,21,0.04686223995204809,0.17254219461257042,True,False,True,3.7673649784166193e-07,COMPLETE
666,0.3005079388618469,2025-04-12 19:43:02.419572,2025-04-12 19:43:11.665026,0 days 00:00:09.245454,0.5148514531371392,0.359351558413591,8,0.05495557080895896,0.1943298427062241,0.08216258251636435,0.03922238424895316,0.01657381930975509,0.09353792298120474,0.08452239525313505,27,30,0.04993750049695632,0.15701701571855964,True,False,True,7.57822832593973e-07,COMPLETE
667,0.3986965775489807,2025-04-12 19:43:11.877876,2025-04-12 19:43:20.920825,0 days 00:00:09.042949,0.4956962999200864,0.4496477489788384,8,0.07179148206146252,0.18116715308347983,0.08388900172218322,0.049068097589379044,0.031456937919464134,0.09811778996703514,0.05752488223639781,26,23,0.05307691511779484,0.16692837111460235,True,False,True,4.74278226527021e-07,COMPLETE
668,0.4149190664291382,2025-04-12 19:43:21.146260,2025-04-12 19:43:29.153189,0 days 00:00:08.006929,0.5253763452977471,0.5100098230376696,8,0.0581641463017632,0.21503480021454374,0.0794359071095128,0.04266864511054359,0.04115908440563793,0.09544059159466209,0.04782045991637015,18,28,0.0486529756359526,0.1842727943972719,True,False,True,9.141456515959509e-07,COMPLETE
669,0.2626922130584717,2025-04-12 19:43:29.361661,2025-04-12 19:43:37.489317,0 days 00:00:08.127656,0.5179349363706107,0.48346595049663665,8,0.08042456561824701,0.2296881118014939,0.08172449805121738,0.045921618968377875,0.0071371843174196925,0.09254458341808923,0.09952246725475163,19,13,0.0476147928928195,0.1752265859098329,True,False,True,2.833297984801824e-07,COMPLETE
670,0.3471828043460846,2025-04-12 19:43:37.712428,2025-04-12 19:43:46.787837,0 days 00:00:09.075409,0.5345231338771418,0.6031609207858448,8,0.05106386862662019,0.18817113905819385,0.07777730322057458,0.05299426976509343,0.033082493917055006,0.09998331316329652,0.07097624164931854,26,18,0.045735924388125404,0.18542640086201775,True,False,True,6.027767838157979e-07,COMPLETE
671,0.17542988657951356,2025-04-12 19:43:47.001242,2025-04-12 19:43:55.952925,0 days 00:00:08.951683,0.5002420320510207,0.42534569410331563,8,0.2979317391385835,0.19963835983340028,0.07591499342367021,0.07002965630946097,0.009070017125315093,0.09661911427638507,0.06378703868124463,25,32,0.051197338058166904,0.17885812280972616,True,False,True,3.636040823491924e-07,COMPLETE
672,0.3842651605606079,2025-04-12 19:43:56.177824,2025-04-12 19:44:05.295687,0 days 00:00:09.117863,0.5409949534707598,0.46149048151458083,8,0.04387564418267053,0.2088425118234595,0.08432085788495942,0.05518803896261611,0.01088916140067177,0.09408256841881428,0.013119030075512206,26,25,0.09925511960755233,0.17106964562110658,True,False,True,7.123520521046791e-07,COMPLETE
673,0.24467283487319946,2025-04-12 19:44:05.510070,2025-04-12 19:44:14.905399,0 days 00:00:09.395329,0.4830636663122042,0.3932924351037192,8,0.054780677357564776,0.19245796510000598,0.0807025260015767,0.04959290175220547,0.024030120336515012,0.09767032901610158,0.08437714371521474,27,36,0.04981467770570427,0.19216788859068598,True,True,True,4.844152519520079e-07,COMPLETE
674,0.44595806598663335,2025-04-12 19:44:15.128167,2025-04-12 19:44:24.124083,0 days 00:00:08.995916,0.5156846342930099,0.48522152667762647,8,0.043371303525898686,0.18475713535723529,0.08275339864892751,0.05267132771042978,0.0124341409089749,0.09996799113978803,0.07173659880801608,25,28,0.04589048059732435,0.16486822955245314,True,True,True,2.307070155745831e-07,COMPLETE
675,0.3057166337966919,2025-04-12 19:44:24.336762,2025-04-12 19:44:33.202836,0 days 00:00:08.866074,0.46473547326760045,0.5127948178025603,8,0.043147241604534835,0.1791847405929587,0.05180977456887241,0.04730328698775901,0.01403710057174625,0.09847334243721463,0.05340366655013211,25,29,0.04250258719526312,0.1551396275720109,True,False,True,1.7601855628966598e-07,COMPLETE
676,0.20762770771980288,2025-04-12 19:44:33.427977,2025-04-12 19:44:42.437597,0 days 00:00:09.009620,0.5075344991501199,0.488432548197563,8,0.11717238023702135,0.1834361516679027,0.07888267980094531,0.05392066435726643,0.010263715235160198,0.09845734082379605,0.04920717817756996,25,32,0.045769983075662775,0.16371716932264332,True,True,True,2.303032684606041e-07,COMPLETE
677,0.3769737720489502,2025-04-12 19:44:42.652921,2025-04-12 19:44:51.765556,0 days 00:00:09.112635,0.4987231691371149,0.5036681960092302,8,0.09103585976253645,0.22130354015540105,0.0814487276913927,0.05231519698626977,0.01322067256075927,0.09644133828855926,0.061499082479586756,25,39,0.04467852206944275,0.14189153606469831,True,True,True,2.1448616022160034e-07,COMPLETE
678,0.2684697151184082,2025-04-12 19:44:51.989238,2025-04-12 19:45:01.041755,0 days 00:00:09.052517,0.12365680256947659,0.4669556273591228,8,0.042919070972660005,0.203401986053538,0.0826695315375843,0.051069824685902196,0.007438008575140264,0.09859651201615968,0.00013251271454445629,25,34,0.040720121292335924,0.15991824122091536,True,True,True,2.526713598923556e-07,COMPLETE
679,0.42990942001342775,2025-04-12 19:45:01.273684,2025-04-12 19:45:10.320974,0 days 00:00:09.047290,0.5244585328980605,0.5212433941342187,8,0.04876104854388808,0.2123696126593851,0.07949757162744753,0.055915543572577366,0.014264885373614578,0.09634544383062967,0.06928166599588777,25,31,0.046562983472850386,0.1481316346290485,True,True,True,2.991783717444426e-07,COMPLETE
680,0.38007186651229863,2025-04-12 19:45:10.534578,2025-04-12 19:45:19.384076,0 days 00:00:08.849498,0.479479554590168,0.545240039111872,8,0.043272983239326525,0.19895901440891012,0.04888618725416258,0.05469636987210202,0.018838252880207074,0.09520529541327283,0.07357883284150923,24,28,0.04237959351861139,0.15952347706910333,True,True,True,1.883326119775442e-07,COMPLETE
681,0.19931281208992005,2025-04-12 19:45:19.612994,2025-04-12 19:45:28.512277,0 days 00:00:08.899283,0.5133914206635523,0.5125097985529592,8,0.048806509429305256,0.185243048709642,0.07613249343529248,0.05572423021274827,0.021535827523586668,0.0955757998722448,0.07313291516124586,25,10,0.04524654948085607,0.15531093031126408,True,True,True,3.000074263876392e-07,COMPLETE
682,0.2702805280685425,2025-04-12 19:45:28.731564,2025-04-12 19:45:37.570009,0 days 00:00:08.838445,0.4905815852955959,0.5268503073671673,8,0.04306970758012527,0.178686344238092,0.08103900912133094,0.05703626656671058,0.016277236452427624,0.09242848164472214,0.06847878233618249,24,35,0.04376236324421163,0.13637229826841893,True,True,False,1.2096730840015221e-07,COMPLETE
683,0.4366041660308838,2025-04-12 19:45:37.799479,2025-04-12 19:45:46.858741,0 days 00:00:09.059262,0.45360555331213875,0.5683340858802474,8,0.04887515133461259,0.19494144335193747,0.0776499728913417,0.05272253741521626,0.018546790149311453,0.09649244851468416,0.08298553281054766,25,28,0.04687232759801088,0.14820977791385317,True,True,True,9.781739782986925e-07,COMPLETE
684,0.39630947113037107,2025-04-12 19:45:47.073954,2025-04-12 19:45:55.996532,0 days 00:00:08.922578,0.42783977612157587,0.5616085457824822,8,0.04997656381425703,0.20658020031670454,0.07383201073463153,0.05362924329831043,0.01756185468251957,0.09427629674926889,0.06235388174819882,24,46,0.046473088686116736,0.14875234192108025,True,True,True,1.0889781898276658e-06,COMPLETE
