number,value,datetime_start,datetime_complete,duration,params_alpha-eval,params_alpha-train,params_batch-size,params_eps-eval,params_eps-train,params_lambda-actions-eval,params_lambda-actions-train,params_lambda-frames-eval,params_lambda-frames-train,params_learning-rate,params_n-epochs,params_n-frames,params_radius-gw,params_rho,params_std-feats,params_ub-actions,params_ub-frames,params_weight-decay,state
113,0.2779757082462311,2025-04-14 15:38:50.321261,2025-04-14 15:39:06.273772,0 days 00:00:15.952511,0.22089493694956913,0.18305098101802242,2,0.27920092547662595,0.007425560001255755,0.07669782211978535,0.09591869613801847,0.004086871399479208,0.09756177952156284,0.0007098447840785237,16,10,0.03271444517743071,0.030613629630904242,False,False,False,1.4194413640916114e-05,COMPLETE
114,0.42367502450942995,2025-04-14 15:39:06.312091,2025-04-14 15:39:21.214854,0 days 00:00:14.902763,0.3076991205600853,0.12759319577926098,2,0.2908058927125083,0.016541979925354965,0.07666770584740412,0.09108132789129925,0.007929190358586385,0.0987365034397501,0.00038941798913793814,14,13,0.033821596872819465,0.04754084747010341,False,False,False,4.9702834367905224e-06,COMPLETE
115,0.29391493201255803,2025-04-14 15:39:21.254833,2025-04-14 15:39:36.088416,0 days 00:00:14.833583,0.3029017198345466,0.23176588811197169,2,0.2899055889145876,0.023894694879247627,0.07638545747931585,0.09785647769807347,0.008933765215215637,0.09936938653898002,0.0003438009370112739,14,14,0.02374310798911899,0.13726798419512884,False,False,False,1.471855298652982e-06,COMPLETE
116,0.42006520032882694,2025-04-14 15:39:36.126686,2025-04-14 15:39:53.240882,0 days 00:00:17.114196,0.24503264998788893,0.26566362590611214,2,0.08896447037630306,0.015638859331745286,0.08320430668310885,0.0941072346891907,0.003117498472487853,0.09477490898687124,0.0003885369096680941,18,12,0.03418987488571877,0.04548245646677816,False,False,False,5.924195799323999e-06,COMPLETE
117,0.41486147642135623,2025-04-14 15:39:53.279685,2025-04-14 15:40:00.023808,0 days 00:00:06.744123,0.2019812345704654,0.20676754959596932,16,0.07396010798740607,0.01633852924571777,0.08699216245562556,0.09377085520205428,0.0032550613770020854,0.09387957263362201,0.0005553601287953922,13,13,0.03381855322632231,0.04657385394767246,False,False,False,4.400505869113087e-06,COMPLETE
118,0.416272246837616,2025-04-14 15:40:00.063128,2025-04-14 15:40:06.804110,0 days 00:00:06.740982,0.1638134546364698,0.2653805048086127,16,0.06586263710202608,0.017317095102676112,0.08433828336888871,0.09433354621479692,0.0032452927863686784,0.09438541378908108,0.0005091903254882556,13,12,0.03404448437584991,0.04819345704508196,False,False,False,4.61705062211486e-06,COMPLETE
119,0.29353917837142945,2025-04-14 15:40:06.843356,2025-04-14 15:40:13.569542,0 days 00:00:06.726186,0.13101276442064125,0.26301002643291366,16,0.08200544680412541,0.015500434284273395,0.08722387585910782,0.09264589850465803,0.002798598466700317,0.0933857366705921,0.00042899955598016366,13,12,0.03132527663763307,0.07211944786629726,False,False,False,4.4608923784163066e-06,COMPLETE
120,0.2915974140167237,2025-04-14 15:40:13.609138,2025-04-14 15:40:20.428738,0 days 00:00:06.819600,0.15005858679869485,0.2115704482816938,16,0.053870707713875865,0.031027337280436707,0.08401982184225834,0.0881973997901446,0.006204959784655236,0.09640818154549519,0.0005060595637588879,14,5,0.03388945388425003,0.049893909507395175,True,False,False,2.525439852100096e-06,COMPLETE
121,0.3481102466583252,2025-04-14 15:40:20.468914,2025-04-14 15:40:27.254606,0 days 00:00:06.785692,0.18004681510697754,0.27565851015067677,16,0.10086795821864664,0.016582296496445527,0.09045185694741967,0.09420698487331312,0.0034274103960967167,0.09835853981613525,0.00026249842705971534,13,14,0.029700217306151754,0.04588698270786371,False,False,False,6.357162066816005e-06,COMPLETE
122,0.19931281208992005,2025-04-14 15:40:27.294551,2025-04-14 15:40:33.932977,0 days 00:00:06.638426,0.24466609801102818,0.19534617641680066,16,0.07498084965877821,0.0025680051184610968,0.08111263971002886,0.09589098003602749,0.007790781157768899,0.09496394918411681,0.00019893564544962576,13,9,0.03573670133144337,0.05849060204007173,False,False,False,3.7138028443544516e-06,COMPLETE
123,0.41255052089691163,2025-04-14 15:40:33.983257,2025-04-14 15:40:41.225470,0 days 00:00:07.242213,0.29705662756937923,0.08202805721508538,16,0.062190241191939846,0.023795752317406646,0.07926186311159632,0.09153300743999225,0.0018700867653574044,0.0919768457837679,0.0006332210736259044,18,12,0.02670017851882079,0.04309381936948126,False,False,False,4.915120983445909e-06,COMPLETE
124,0.3113466084003449,2025-04-14 15:40:41.265580,2025-04-14 15:40:48.681811,0 days 00:00:07.416231,0.23324418308143097,0.08169698474931697,16,0.03694320017581162,0.02585135987829467,0.07915661248522964,0.09067472723954038,0.001356003173534335,0.09181834978481758,0.0006130392854154661,18,103,0.025960601882822405,0.044858574082169006,False,False,False,5.030662382430844e-06,COMPLETE
125,0.41233925819396977,2025-04-14 15:40:48.723499,2025-04-14 15:40:55.369373,0 days 00:00:06.645874,0.29666811950521643,0.11058577912440741,16,0.06184448962327306,0.01206840670865288,0.07354078740014543,0.09232500648438953,0.004782805847794376,0.09692757073398554,0.00038970341861280076,12,11,0.03273938339930233,0.053623087449229084,False,False,False,2.802891144662741e-06,COMPLETE
126,0.4860150218009949,2025-04-14 15:40:55.412227,2025-04-14 15:41:01.674087,0 days 00:00:06.261860,0.30272782499982187,0.1090285976222572,16,0.06629939738765263,0.018324191759521824,0.07481729761182676,0.09195856865598462,0.0010836762238714379,0.09408403588482205,0.0003763318537409845,12,18,0.03241307363889016,0.0788327986983135,False,True,False,2.6842750019192083e-06,COMPLETE
127,0.41095176935195926,2025-04-14 15:41:01.716530,2025-04-14 15:41:07.988688,0 days 00:00:06.272158,0.27049493561665433,0.04854062399508008,16,0.0544926163275905,0.03085543452650148,0.07460788309195245,0.084435883950053,0.001171711900868176,0.0939789925659145,0.00033082988906275407,12,14,0.021536403396771098,0.09421134573764997,False,True,False,2.7350593637550947e-06,COMPLETE
128,0.4600971937179566,2025-04-14 15:41:08.030621,2025-04-14 15:41:14.363849,0 days 00:00:06.333228,0.1858547282917973,0.05021369093755623,16,0.06173114421941618,0.032800387162941466,0.07447401621817934,0.08421890455069347,0.005784742922376987,0.0935925581760684,0.0003617758775164698,12,18,0.018273468568051628,0.10304384672628011,False,True,True,2.8004055886000295e-06,COMPLETE
129,0.47708929777145387,2025-04-14 15:41:14.406581,2025-04-14 15:41:20.745412,0 days 00:00:06.338831,0.1890176950280709,0.12055027054120288,16,0.06582217991286064,0.01867047926222149,0.08508865715394064,0.08682186326500019,0.006049958042945683,0.09168176998940009,0.00028353127179139425,12,18,0.018801911323330214,0.06527499507407367,False,True,True,1.1116630829624528e-06,COMPLETE
130,0.4594393014907837,2025-04-14 15:41:20.790818,2025-04-14 15:41:27.048829,0 days 00:00:06.258011,0.18621718457944267,0.048334771275286986,16,0.06927915915573055,0.021167195114741882,0.08467579441710203,0.08731250791576976,0.005876393724385101,0.09176336057464284,0.000271107845078743,12,18,0.015874212121477983,0.08095532244741824,False,True,True,9.708950932983061e-07,COMPLETE
131,0.4372372150421143,2025-04-14 15:41:27.091211,2025-04-14 15:41:33.437221,0 days 00:00:06.346010,0.18244931427927658,0.0738939770335729,16,0.07171830939857503,0.01906930871955299,0.09081593479845143,0.0866190988814859,0.006392243753237987,0.09167723677783272,0.0002026117621964798,12,18,0.020572391828336853,0.0864957343294249,False,True,True,9.425616955962174e-07,COMPLETE
132,0.3567340254783631,2025-04-14 15:41:33.480623,2025-04-14 15:41:39.757368,0 days 00:00:06.276745,0.19609809800051445,0.031671046734344094,16,0.06862071341178494,0.03349101944362662,0.09095499333568273,0.08689945093479583,0.006479092269798971,0.09442112920815249,0.0001452877192643696,12,19,0.015791054515270003,0.10864666541036438,False,True,True,1.0268141257158002e-06,COMPLETE
133,0.44046339988708505,2025-04-14 15:41:39.801008,2025-04-14 15:41:46.082816,0 days 00:00:06.281808,0.1569480377257758,0.04527097528180726,16,0.09745883814245626,0.019903869962349115,0.08492489145038845,0.0886776271326743,0.008656184346772596,0.09111324302511886,0.00019763957995395289,12,17,0.020861161935143223,0.0796190087164913,False,True,True,7.433678489320935e-07,COMPLETE
134,0.42497724294662476,2025-04-14 15:41:46.127420,2025-04-14 15:41:52.472840,0 days 00:00:06.345420,0.092134980060802,0.037057457861963045,16,0.09195737831594905,0.020236638516660937,0.08607635994348113,0.08111778213095791,0.009208655313309569,0.09167235542379146,0.00020771118056967227,13,17,0.017389172683293912,0.08145830647234621,False,True,True,8.905907092397744e-07,COMPLETE
135,0.4076785802841187,2025-04-14 15:41:52.516576,2025-04-14 15:41:58.964667,0 days 00:00:06.448091,0.08528340308900093,0.03394000722890776,16,0.09540578363325176,0.020014835516287226,0.08466998121318982,0.08048689959864948,0.010485279232613715,0.09073325557032483,0.0001995721548945168,13,17,0.020198082277198447,0.0811536467503114,False,True,True,6.880275479392164e-07,COMPLETE
136,0.2201570510864258,2025-04-14 15:41:59.009677,2025-04-14 15:42:05.303122,0 days 00:00:06.293445,0.1763866427385376,0.06756089500758648,16,0.0823061345584544,0.03921277934657974,0.09096094783226502,0.0846638340321976,0.007418698692761398,0.09149610362099761,0.00010315434879436388,12,20,0.01771847432781518,0.09028447561171787,False,True,True,1.366500240399668e-06,COMPLETE
137,0.19931281208992005,2025-04-14 15:42:05.347512,2025-04-14 15:42:11.627397,0 days 00:00:06.279885,0.11396792969686023,0.010865775415702515,16,0.07439974994395594,0.289129070891839,0.08880170576751742,0.07244176608897529,0.008964533402283299,0.08886166904117711,0.00015426226834067318,12,16,0.015020736807035476,0.10139410462351675,False,True,True,9.97501321497204e-07,COMPLETE
138,0.4395840883255005,2025-04-14 15:42:11.680769,2025-04-14 15:42:17.875089,0 days 00:00:06.194320,0.032242092739412365,0.05002204099038085,16,0.11306936079001403,0.027806223349235097,0.09510094033055908,0.0772419024266891,0.011287730639251533,0.09306545249706544,0.00023676842397436218,11,18,0.017552201680526826,0.07694096353562532,False,True,True,5.014507861342263e-07,COMPLETE
139,0.44958989620208745,2025-04-14 15:42:17.923438,2025-04-14 15:42:24.144570,0 days 00:00:06.221132,0.0765931173409575,0.04372188045444212,16,0.08879596740254413,0.027186550554208766,0.09930534791392256,0.07675938141323832,0.01121414974714141,0.09519593751057807,0.00023694005582019216,11,17,0.019333771821326277,0.08064206388567317,False,True,True,6.671931316538059e-07,COMPLETE
140,0.3988368391990662,2025-04-14 15:42:24.190301,2025-04-14 15:42:30.363571,0 days 00:00:06.173270,0.0102134678597905,0.05099487090311318,16,0.10804908063599622,0.027201244945490373,0.09807795732218193,0.07639433868381897,0.01177444259680768,0.09131229856678727,0.00022303063589274854,10,19,0.01862275862374952,0.0770138276318592,False,True,True,5.087564571001743e-07,COMPLETE
141,0.4514143824577332,2025-04-14 15:42:30.409637,2025-04-14 15:42:36.602734,0 days 00:00:06.193097,0.038907936129902614,0.08118109407912982,16,0.09417613195462751,0.023269059822009774,0.09304190249023012,0.08288325880667838,0.009040457381009323,0.09562000492931709,0.0002614794881500645,11,17,0.016378975735518123,0.08649778834366378,False,True,True,5.992797784072358e-07,COMPLETE
142,0.45023882389068604,2025-04-14 15:42:36.648169,2025-04-14 15:42:42.819197,0 days 00:00:06.171028,0.06423482709454842,0.03628130374586984,16,0.09185536174836095,0.035876846370800075,0.09441014030071486,0.08310602897382424,0.009414741539338817,0.09587618427030428,0.0002629744583331317,11,17,0.016247054796130093,0.08608310814224661,False,True,True,6.362300964734066e-07,COMPLETE
143,0.3782991409301758,2025-04-14 15:42:42.865794,2025-04-14 15:42:49.144023,0 days 00:00:06.278229,0.035879905149987824,0.07653621455910364,16,0.08831426404627357,0.036724528015225764,0.09440299120452278,0.07832729766865844,0.010904384830140784,0.09287500602568707,0.00017934207225181334,11,18,0.016573848183290968,0.0865179282909545,False,True,True,3.923414439129017e-07,COMPLETE
144,0.28191840648651123,2025-04-14 15:42:49.190960,2025-04-14 15:42:55.383119,0 days 00:00:06.192159,0.05533412889282359,0.03208869878078778,16,0.09763939395209788,0.025106349399440748,0.09386060879710177,0.08341009609709199,0.008396745089348335,0.09541773142218261,0.00012161012866822967,10,21,0.013319355955892991,0.08002331911044203,False,True,True,7.56432011308537e-07,COMPLETE
145,0.4488565564155579,2025-04-14 15:42:55.430265,2025-04-14 15:43:01.651899,0 days 00:00:06.221634,0.09290807699456081,0.1028852585539386,16,0.08796077482844403,0.0339831449338698,0.0974007273962672,0.08182173981815896,0.00987487923673739,0.08971554948545431,0.0002404040368013407,11,16,0.022288646030437727,0.06993431006671602,False,True,True,8.202535544733088e-07,COMPLETE
146,0.37858523130416866,2025-04-14 15:43:01.699530,2025-04-14 15:43:07.903282,0 days 00:00:06.203752,0.09528003666522822,0.09940601343107366,16,0.12544387114913397,0.03298329069248101,0.09973525824099996,0.0817030709994133,0.01032537524585011,0.08799812211172163,0.00025349973025559777,11,16,0.02205143371761537,0.06961563483028901,False,True,True,5.621228194333613e-07,COMPLETE
147,0.3700482130050659,2025-04-14 15:43:07.951942,2025-04-14 15:43:14.186274,0 days 00:00:06.234332,0.0580326853781471,0.042808598939168774,16,0.0885367331401509,0.029032582514099188,0.09600129917327155,0.07960942711674943,0.07854217764254669,0.08952571402144208,0.00015776323121233284,11,22,0.017797987957781505,0.09171366607034935,True,True,True,2.688752638635376e-07,COMPLETE
148,0.2020996451377869,2025-04-14 15:43:14.234300,2025-04-14 15:43:20.567179,0 days 00:00:06.332879,0.11301597725341171,0.06512087948024939,16,0.10822050646591488,0.041547442078446316,0.0968661625975938,0.07463237532963589,0.008641766013513897,0.0924401244824333,7.486945387799559e-05,12,16,0.020219041044163232,0.09840376537609663,False,True,True,8.669259256167583e-07,COMPLETE
149,0.2146591901779175,2025-04-14 15:43:20.616634,2025-04-14 15:43:26.802774,0 days 00:00:06.186140,0.08975660169423116,0.11961017675272846,16,0.11567297142267498,0.034060370318325345,0.09363814660261832,0.08308975853191379,0.012057593095357796,0.021218950099299975,0.00022127719879865267,10,149,0.022928328837822733,0.11286440164115047,False,True,True,6.456048147696732e-07,COMPLETE
150,0.3955358743667603,2025-04-14 15:43:26.851253,2025-04-14 15:43:33.078156,0 days 00:00:06.226903,0.03661535513490764,0.09534852477610847,16,0.10150213061134744,0.021365373084227333,0.08178965430013163,0.07116041586432453,0.007398000082530337,0.08676624328224217,0.0002571562059854388,11,21,0.010445666343811022,0.0864755975521651,False,True,True,4.0497973999112614e-07,COMPLETE
151,0.4336833357810974,2025-04-14 15:43:33.136570,2025-04-14 15:43:39.467839,0 days 00:00:06.331269,0.067684141698163,0.06598080124838152,16,0.09047119434657924,0.021727891052123298,0.08979032021725457,0.08606137106638649,0.006189947206204186,0.09549187695238473,0.0001991035436834342,12,18,0.01420748917222019,0.06434393053938567,False,True,True,1.5224050746797541e-06,COMPLETE
152,0.26314616203308105,2025-04-14 15:43:39.516862,2025-04-14 15:43:45.799249,0 days 00:00:06.282387,0.12471657533355178,0.0583791573646333,16,0.08768041472180818,0.02478936833577305,0.09213078568670816,0.07760590842932621,0.009911091161311097,0.0909712689454563,0.0001940148964545277,12,72,0.014046605828725398,0.06413346423180266,False,True,True,1.1585810824978377e-06,COMPLETE
153,0.4752031207084656,2025-04-14 15:43:45.849355,2025-04-14 15:43:53.771598,0 days 00:00:07.922243,0.1533000242995614,0.020550265718125987,16,0.0797410847452839,0.04328104649122526,0.08848495349839654,0.08563649509790977,0.006503938996207798,0.09935772439556179,0.00013203379671836252,30,17,0.0077997239078893416,0.07503474610456232,False,True,True,1.8308576997635675e-06,COMPLETE
154,0.44322104454040534,2025-04-14 15:43:53.821424,2025-04-14 15:44:01.572677,0 days 00:00:07.751253,0.07632782185508258,0.015320866210434783,16,0.08005079840404643,0.04489626430884583,0.08891089772010785,0.08584991089793419,0.006948833946789792,0.09977797178692516,8.977183431573262e-05,29,18,0.008441556895404328,0.0753953609814616,False,True,True,1.6659737286934428e-06,COMPLETE
155,0.47632956504821783,2025-04-14 15:44:01.624474,2025-04-14 15:44:09.423751,0 days 00:00:07.799277,0.06900418141138313,0.020224442796156126,16,0.08198801916416013,0.04018558189823449,0.08888712542004139,0.08601705894866861,0.011248495433057162,0.09963790843818228,9.574765772907855e-05,29,25,0.007971938998740748,0.07613672291477523,False,True,True,1.6532486983413955e-06,COMPLETE
156,0.40249974727630616,2025-04-14 15:44:09.474052,2025-04-14 15:44:17.299569,0 days 00:00:07.825517,0.05886805692884155,0.012340549214786943,16,0.07963587952576653,0.04284432476288926,0.08959190086332496,0.08647338990675119,0.01335580059073373,0.09989288139056783,6.0417020150352464e-05,30,25,0.007984592619012033,0.07353490607670367,False,True,True,1.5869904357349626e-06,COMPLETE
157,0.19931281208992005,2025-04-14 15:44:17.351159,2025-04-14 15:44:25.056210,0 days 00:00:07.705051,0.07209670903846452,0.07911909012606794,16,0.05643295059167337,0.19688267431134812,0.09247582243849382,0.08302015972650383,0.006124331290088148,0.09947691880071473,8.971541301901561e-05,29,20,0.007315284375389755,0.10494173320056926,False,True,True,2.003414643955243e-06,COMPLETE
158,0.43550856113433845,2025-04-14 15:44:25.106916,2025-04-14 15:44:32.762239,0 days 00:00:07.655323,0.14730422905670276,0.028817205906508544,16,0.047801402120678196,0.04249870077112952,0.08780786771128016,0.08531744715369967,0.011834819566312216,0.09475492095593491,0.0001036446266232879,28,23,0.012002844012788946,0.12235527166455332,False,True,True,1.170463122442882e-06,COMPLETE
159,0.46095705032348633,2025-04-14 15:44:32.813234,2025-04-14 15:44:40.652228,0 days 00:00:07.838994,0.15163383848814033,0.02598303262097028,16,0.047229510756178546,0.039576298725866564,0.09718608644624938,0.08515943676933856,0.01159689364859625,0.09577518217000423,0.00011414303181321208,29,23,0.01143130002837034,0.12810789965126806,False,True,True,1.2939726942865081e-06,COMPLETE
160,0.4499953031539917,2025-04-14 15:44:40.704076,2025-04-14 15:44:48.455757,0 days 00:00:07.751681,0.14879537208883073,0.028269663775123847,16,0.01970825181751942,0.04010230338840846,0.09812788979470266,0.08851011035556938,0.0113855691326376,0.09375422461825757,0.00010949704974017937,29,27,0.011066515418716,0.12402311347342361,False,True,True,1.1946809223461745e-06,COMPLETE
161,0.37371460199356077,2025-04-14 15:44:48.507906,2025-04-14 15:44:56.266300,0 days 00:00:07.758394,0.14782380178278684,0.029773289135047613,16,0.005853203180962094,0.040032405635900714,0.09703764154390872,0.08846613999660505,0.011689794818161136,0.09583872427390985,0.00010035305745241539,29,23,0.010736238838094122,0.14468323420319712,False,True,True,1.1821498309788334e-06,COMPLETE
162,0.33119261264801025,2025-04-14 15:44:56.327916,2025-04-14 15:45:04.058387,0 days 00:00:07.730471,0.1729863853420462,0.011049473520192823,16,0.047485371159216805,0.04752706008028058,0.09950864975166039,0.08518618285746676,0.014610218391577025,0.09283531681235263,4.636384806327738e-05,29,29,0.0047974934814830825,0.13266787040510683,False,True,True,7.300134969732565e-07,COMPLETE
163,0.4823215484619141,2025-04-14 15:45:04.111793,2025-04-14 15:45:12.002264,0 days 00:00:07.890471,0.14971036312562436,0.04625219500007977,16,0.022650956190677328,0.03592610739265638,0.0956959909527713,0.07872374557997744,0.011446037351872095,0.09990305377348598,0.0001200966637730563,30,26,0.00929216550223978,0.09426704500551747,False,True,True,1.8869729357881227e-06,COMPLETE
164,0.19931281208992005,2025-04-14 15:45:12.056168,2025-04-14 15:45:19.749642,0 days 00:00:07.693474,0.10907266430681575,0.05019903129664553,16,0.035178834381810443,0.23846677415796197,0.09276369207397672,0.08287883367387913,0.01023887611932599,0.09952375368076681,0.000122675338698423,28,26,0.009522865507921667,0.09199391459802661,False,True,True,1.8967900672482728e-06,COMPLETE
165,0.3708678126335144,2025-04-14 15:45:19.803598,2025-04-14 15:45:27.643663,0 days 00:00:07.840065,0.03725565578091686,0.04849386121504938,16,0.07836371521066711,0.035621470961771554,0.09604235488627132,0.0782231650746339,0.012868611620422315,0.08934517678973514,0.0001393357650497305,30,31,0.01563096807139103,0.12268489264006102,False,True,True,5.218290338801482e-07,COMPLETE
166,0.4440908432006836,2025-04-14 15:45:27.697486,2025-04-14 15:45:35.562915,0 days 00:00:07.865429,0.19150830861442825,0.08887526074490557,16,0.05864616085099708,0.028995343765636762,0.09739054798246925,0.07991560446187894,0.007565954290049396,0.09984971287469127,8.319005387458435e-05,30,20,0.012454337315118674,0.07703259667903414,False,True,True,8.405912500970195e-07,COMPLETE
167,0.4153243899345398,2025-04-14 15:45:35.616915,2025-04-14 15:45:43.292287,0 days 00:00:07.675372,0.017722050397501007,0.08949328225641981,16,0.02127344165193317,0.03125267332887547,0.09762296218412178,0.08021817562912624,0.015499757621866698,0.09955085800231223,6.882341609409919e-05,28,21,0.006365942282641882,0.0760956069735641,False,True,True,1.3448677206495782e-06,COMPLETE
168,0.46260336637496946,2025-04-14 15:45:43.346839,2025-04-14 15:45:51.228508,0 days 00:00:07.881669,0.21728312055235874,0.010076339516480473,16,0.014312355349904776,0.03780560579888709,0.09487495865297405,0.0821233227114554,0.008973418518009129,0.09634164574095794,8.400391499611395e-05,30,27,0.00898247938319127,0.07124259114250553,False,True,True,1.9849438275619256e-06,COMPLETE
