number,value,datetime_start,datetime_complete,duration,params_alpha-eval,params_alpha-train,params_batch-size,params_eps-eval,params_eps-train,params_lambda-actions-eval,params_lambda-actions-train,params_lambda-frames-eval,params_lambda-frames-train,params_learning-rate,params_n-epochs,params_n-frames,params_radius-gw,params_rho,params_std-feats,params_ub-actions,params_ub-frames,params_weight-decay,state
1312,0.28789839744567874,2025-04-12 21:26:35.831628,2025-04-12 21:26:44.572322,0 days 00:00:08.740694,0.5763409803862068,0.46407390307308927,8,0.06521159796667185,0.15737574409831737,0.0860465913359479,0.047691012397943336,0.010344299572372616,0.09569782513838454,0.0658404506905568,24,38,0.05542961198241475,0.2116254794062957,False,True,False,5.008160763200944e-07,COMPLETE
1313,0.43328725099563603,2025-04-12 21:26:44.998315,2025-04-12 21:26:53.523748,0 days 00:00:08.525433,0.6153002787013317,0.4976450123214511,8,0.07770423887815772,0.14129874587420307,0.08794622002255621,0.046627193670808316,0.01571417614524388,0.09279145878336777,0.0994675450468766,22,33,0.05684365896705996,0.20364873158830063,False,True,True,6.932576149905374e-07,COMPLETE
1314,0.2670099437236786,2025-04-12 21:26:53.948518,2025-04-12 21:27:02.842456,0 days 00:00:08.893938,0.5895698220846476,0.4496474791008026,8,0.06283854327356118,0.15185188711801872,0.08793640502676627,0.048206047759389525,0.009351648142299735,0.09294198638958819,0.08256478716976852,24,28,0.05736453331536355,0.20793845710736317,False,True,True,8.466879610400965e-07,COMPLETE
1315,0.4294575214385986,2025-04-12 21:27:03.285107,2025-04-12 21:27:12.041165,0 days 00:00:08.756058,0.6167832426269861,0.48686996618191003,8,0.07381298028525014,0.15390977490070223,0.08678883301100057,0.043382481228275635,0.011083457028596163,0.09579602396441737,0.05178269244918862,23,31,0.05741751461462776,0.20051624379136035,False,True,True,4.7128877380099864e-07,COMPLETE
1316,0.4345526814460755,2025-04-12 21:27:12.473748,2025-04-12 21:27:20.697066,0 days 00:00:08.223318,0.5836553541317185,0.5239075525680147,8,0.06306895948386397,0.15619374305043987,0.08789438744017594,0.04520516605917956,0.008063995691094788,0.09249186523695777,0.06049112886403221,20,28,0.05621719233736043,0.20206136073664008,False,True,True,6.274597994680399e-07,COMPLETE
1317,0.40353658199310305,2025-04-12 21:27:21.127472,2025-04-12 21:27:30.034763,0 days 00:00:08.907291,0.6169110360709187,0.4676480407994065,8,0.07029540241054176,0.13745200574978492,0.08484312501363432,0.04865625822226508,0.010983940520597636,0.0960818675043178,0.07469239217838966,24,35,0.05548298222932861,0.1970304564257693,False,True,True,3.601928931570412e-07,COMPLETE
1318,0.4306714296340942,2025-04-12 21:27:30.463480,2025-04-12 21:27:39.028748,0 days 00:00:08.565268,0.5955987892457343,0.5841953045926946,8,0.06605617407759712,0.14525914296884967,0.08692729917196373,0.0468514129737779,0.013476069336195941,0.09504970583123117,0.0002028489774450882,22,30,0.05715080499517343,0.20003422180715189,False,True,True,1.304543020012605e-06,COMPLETE
1319,0.4394544720649719,2025-04-12 21:27:39.563229,2025-04-12 21:27:48.537667,0 days 00:00:08.974438,0.5835575614236113,0.4944932233931463,8,0.059747445005659844,0.15627789226273622,0.08643672321860878,0.04811387256412615,0.007047068873410221,0.09217270044199893,0.08370644738693911,25,28,0.05554414847962904,0.19757513023416173,False,True,True,4.574669681101822e-07,COMPLETE
1320,0.42957408428192134,2025-04-12 21:27:48.968846,2025-04-12 21:27:57.808272,0 days 00:00:08.839426,0.6204368152613584,0.5125417944768458,8,0.05893522913799872,0.1458632925553775,0.0876021725679939,0.04467817417543115,0.006928092897631359,0.0925109930744756,0.08574459317584264,24,26,0.057814559599549786,0.20136445565046926,False,True,True,4.1056078083123204e-07,COMPLETE
1321,0.4165069818496704,2025-04-12 21:27:58.235297,2025-04-12 21:28:07.154010,0 days 00:00:08.918713,0.6246077454620349,0.5366237713485393,8,0.05816880142598441,0.151044845815703,0.08922321095724453,0.045693723259531104,0.005281212022369949,0.0938838086800497,0.08589314566136635,24,27,0.055083559256777576,0.20988230341812011,False,True,True,0.0004004904088865309,COMPLETE
1322,0.43442497253417967,2025-04-12 21:28:07.582808,2025-04-12 21:28:16.527857,0 days 00:00:08.945049,0.5958184630919086,0.5082694331068998,8,0.05898267355897619,0.1584670899218683,0.08632288959146389,0.04757115869332681,0.003517862915014899,0.09217590926878369,0.08531947745397969,25,28,0.055871844742284925,0.20913427523985634,False,True,True,3.5919603780661705e-07,COMPLETE
1323,0.39049177169799804,2025-04-12 21:28:16.978243,2025-04-12 21:28:24.903546,0 days 00:00:07.925303,0.5845189996627058,0.5283052165803362,8,0.056710440764878134,0.15156213630168222,0.08885717074765632,0.042987800686725544,0.006074111466229597,0.0948521443940249,0.0663055366262148,18,26,0.055408752160497655,0.2077942928904006,False,False,True,4.670672381853709e-07,COMPLETE
1324,0.27529846429824834,2025-04-12 21:28:25.336920,2025-04-12 21:28:33.699502,0 days 00:00:08.362582,0.610268512811739,0.4863053819399083,8,0.062289005942351934,0.14344006756611533,0.08680876107083906,0.046247852408842605,0.006102853160631328,0.09239993833499097,0.08851432318204891,21,25,0.05681634138712278,0.19714877058484012,False,True,True,3.2483133499286936e-07,COMPLETE
1325,0.4372801303863526,2025-04-12 21:28:34.133632,2025-04-12 21:28:41.343673,0 days 00:00:07.210041,0.6186149559046084,0.5512539340485922,16,0.05573884540130328,0.15740917673353913,0.09030689351095744,0.04809629879803259,0.007278194681729502,0.09620401886288464,0.056522241113093064,22,28,0.05448715932576734,0.2040761112153216,False,True,True,5.281846087591534e-07,COMPLETE
1326,0.38495448827743534,2025-04-12 21:28:41.775548,2025-04-12 21:28:50.661939,0 days 00:00:08.886391,0.6045809933864099,0.5076014102338359,8,0.06474385735085914,0.14005166994027496,0.08807332991825628,0.04419029571836166,0.005161707793087275,0.09391808800714087,6.057590001282749e-05,24,30,0.0573661800924615,0.1953846209554425,False,True,True,4.321914432372674e-07,COMPLETE
1327,0.42490220069885254,2025-04-12 21:28:51.096088,2025-04-12 21:28:59.993942,0 days 00:00:08.897854,0.6343259136888237,0.49231277495210335,8,0.0558210058792763,0.15219115341750997,0.08547837574112069,0.04822698240515133,0.0011620796863811012,0.0915379158812209,0.09969821657195797,25,23,0.055233367536194906,0.20907949585725852,False,True,True,6.254262786117942e-07,COMPLETE
1328,0.4346960783004761,2025-04-12 21:29:00.431076,2025-04-12 21:29:09.115116,0 days 00:00:08.684040,0.6035938071998681,0.5308949090847532,8,0.06018722612974015,0.16165346208238338,0.0867984564196908,0.045700766375159324,0.008414148407478766,0.09624768114804153,0.07234711308254381,23,26,0.05431879017174349,0.19883385986157023,False,True,True,3.3612036112653784e-07,COMPLETE
1329,0.4221821665763855,2025-04-12 21:29:09.545927,2025-04-12 21:29:18.533261,0 days 00:00:08.987334,0.6108754634360931,0.494276090990211,8,0.06571665236828911,0.153722731149676,0.08605644259377415,0.04918818067565836,0.002787054108122972,0.09163786203878753,0.06402335964207988,25,33,0.05385099220535078,0.2002764683815372,False,True,True,5.426479708619895e-07,COMPLETE
1330,0.3913267493247986,2025-04-12 21:29:18.964213,2025-04-12 21:29:27.836194,0 days 00:00:08.871981,0.5825994517984001,0.5577155241201232,8,0.056930789626994736,0.16043482005875295,0.08538262450996754,0.04907401163004108,0.008494574685881736,0.09366524698291993,0.09977544941893003,24,29,0.05840559058903169,0.1950094331415257,False,True,True,7.380250540677837e-07,COMPLETE
1331,0.43905129432678225,2025-04-12 21:29:28.266992,2025-04-12 21:29:37.171864,0 days 00:00:08.904872,0.6346946405424895,0.5180138320406411,8,0.05420954004652884,0.14492547966644592,0.08510617720480237,0.046351392458976556,0.003323665445003485,0.09472643690398592,0.05051116805567294,25,24,0.05582087827822332,0.20694740618228907,False,True,True,4.4577708296445015e-07,COMPLETE
1332,0.28424971699714663,2025-04-12 21:29:37.624399,2025-04-12 21:29:56.512643,0 days 00:00:18.888244,0.636020373674201,0.5431573264072949,2,0.053438718205404495,0.15459106054403446,0.08862051548720207,0.04222180757371964,0.003598605897600986,0.09518394128215457,0.04662497044999081,25,21,0.05325053658143768,0.2148410523171925,False,True,True,2.903721781025305e-07,COMPLETE
1333,0.4507530927658081,2025-04-12 21:29:56.951905,2025-04-12 21:30:05.883457,0 days 00:00:08.931552,0.6342239565910375,0.5784000194963651,8,0.05222697009489803,0.127516392605292,0.08996435046484551,0.04382879734921706,0.004057955927140599,0.09697676961505979,0.04663561528131454,25,23,0.0571642319318776,0.2165787169445844,False,True,True,3.7837279883688296e-07,COMPLETE
1334,0.2218493103981018,2025-04-12 21:30:06.317860,2025-04-12 21:30:15.242243,0 days 00:00:08.924383,0.6462438282393654,0.6356156324997261,8,0.051180661840500984,0.13804605076567664,0.0894941469994012,0.04269326798872232,0.0010081458212862554,0.09688332287320303,0.047067104752449865,25,12,0.05333324943692013,0.2144012900651611,False,True,False,4.0648575267774503e-07,COMPLETE
1335,0.4269839644432068,2025-04-12 21:30:15.679823,2025-04-12 21:30:24.659689,0 days 00:00:08.979866,0.6579513845517534,0.6044470188418449,8,0.05219517475101853,0.13035621525404187,0.08883889786268805,0.0431075724524388,0.002584994955891401,0.09761427396303889,0.035818395763391214,25,18,0.05835277069014417,0.20766091929549996,False,True,True,4.297340577593022e-07,COMPLETE
1336,0.4145334839820862,2025-04-12 21:30:25.089922,2025-04-12 21:30:34.115030,0 days 00:00:09.025108,0.623761222895184,0.5904283492121923,8,0.05216183861801919,0.060785178181643654,0.09014399296136177,0.04772555703933993,0.0036279874459572803,0.09712096301697967,0.039494481889781,25,19,0.05767482646939097,0.2158275797686502,False,True,True,3.704062697600523e-07,COMPLETE
1337,0.416784155368805,2025-04-12 21:30:34.547493,2025-04-12 21:30:43.536866,0 days 00:00:08.989373,0.6002100429517735,0.5873680868035256,8,0.05748709985681893,0.07971924508693193,0.08775585018166462,0.043543911766104636,0.0038462286472764366,0.09696175543468229,0.040888741450930806,25,22,0.05882874109266738,0.213373204790108,False,True,True,4.3870062769344653e-07,COMPLETE
1338,0.43044408559799197,2025-04-12 21:30:43.974031,2025-04-12 21:30:52.931600,0 days 00:00:08.957569,0.6116510634523864,0.6236050889567717,8,0.04947571460899359,0.13490780111085476,0.09037774160447476,0.04531165192566553,0.004855732452913158,0.09662936741862213,0.02719616818946222,25,23,0.0611054124744688,0.2108674157273715,False,True,True,5.000096205770089e-07,COMPLETE
1339,0.42441092729568486,2025-04-12 21:30:53.400755,2025-04-12 21:31:01.637234,0 days 00:00:08.236479,0.6276720785293649,0.6029402410006807,8,0.05551306633920726,0.13017108159292615,0.09116146514458143,0.04506523258282743,0.0027942790532671192,0.09532584993741267,0.03379767411096425,20,20,0.06037880094868146,0.21082678024986715,False,True,True,4.991303834359069e-07,COMPLETE
1340,0.4243173599243164,2025-04-12 21:31:02.079305,2025-04-12 21:31:11.046743,0 days 00:00:08.967438,0.647113652346308,0.5750506238292943,8,0.05008380852621148,0.11771468703677268,0.08670607179879096,0.04355544658511633,0.002137270779095925,0.09737456754348324,0.032173036134298415,25,22,0.059974434637494634,0.21863304174992593,False,True,True,3.3894978524184105e-07,COMPLETE
1341,0.19931281208992005,2025-04-12 21:31:11.488012,2025-04-12 21:31:20.479564,0 days 00:00:08.991552,0.6457962711283094,0.5611878929755855,8,0.06057569109812536,0.141698682231855,0.08985035817129046,0.044940810279108616,0.00419324798537069,0.09516166260030132,0.04317492311129553,25,15,0.056638437248121405,0.21250678495860204,False,True,True,4.141554593194714e-07,COMPLETE
1342,0.4591220021247864,2025-04-12 21:31:20.914531,2025-04-12 21:31:29.980624,0 days 00:00:09.066093,0.6124743261366252,0.5735044862219608,8,0.05592342948045579,0.12442681479307345,0.08713475169411342,0.04349053902156975,0.005389380452678046,0.09809640255304916,0.04481326183130044,25,24,0.05616460624284287,0.20240971454140017,False,True,True,6.094210711251083e-07,COMPLETE
1343,0.2857875764369965,2025-04-12 21:31:30.415257,2025-04-12 21:31:39.362745,0 days 00:00:08.947488,0.6271497498355857,0.6034828835420131,8,0.061275611098494324,0.11564741160120483,0.0887710464181771,0.04488641289273141,0.005002281766784975,0.09843318381282982,0.028910123167431436,25,17,0.05868500416004623,0.21560618767307171,False,False,True,6.583801589135189e-07,COMPLETE
1344,0.4438021183013916,2025-04-12 21:31:39.796727,2025-04-12 21:31:48.731346,0 days 00:00:08.934619,0.6400024264389919,0.6062382234013924,8,0.06011840657431586,0.1283769862935486,0.08905915234147053,0.041772864466492726,0.0025203271192673787,0.09999820023112896,0.03627196335202208,25,24,0.05843015202968977,0.2082456840723655,False,True,True,8.509539148446786e-07,COMPLETE
1345,0.43889268636703493,2025-04-12 21:31:49.174479,2025-04-12 21:31:58.121409,0 days 00:00:08.946930,0.6291505421087186,0.6128413005114022,8,0.06400711237314126,0.12380864475951722,0.0904184152735833,0.04221893602805027,0.0012290145034569502,0.09847679038111795,0.0314434397873276,25,18,0.05924065870683129,0.21141773456966031,False,True,True,9.948601050374005e-07,COMPLETE
1346,0.43646591901779175,2025-04-12 21:31:58.559196,2025-04-12 21:32:07.636695,0 days 00:00:09.077499,0.6378726265419734,0.6561925592583339,8,0.06022147293311588,0.11839068657319848,0.09105251088439925,0.042823529851782796,0.002208180468337544,0.09995664545713534,0.03251321538881274,25,20,0.05889039940977155,0.22036321476509335,False,True,True,1.4780704117298976e-06,COMPLETE
1347,0.426407265663147,2025-04-12 21:32:08.092027,2025-04-12 21:32:16.930378,0 days 00:00:08.838351,0.6329823912747244,0.6353444838282577,8,0.06396133948436121,0.1294372374743084,0.08871246794845355,0.03889284881855107,0.003864068851036021,0.0997678302040712,0.035189850793332304,24,21,0.057607920327440325,0.2095687782954294,False,True,True,8.784104810910473e-07,COMPLETE
1348,0.19931281208992005,2025-04-12 21:32:17.368477,2025-04-12 21:32:26.384829,0 days 00:00:09.016352,0.648237437487807,0.6213441930580564,8,0.05871818455175053,0.11179351198358792,0.09151376501634682,0.04041558675896758,0.0012221879868625132,0.09836505233004586,0.023485225653772077,25,16,0.05719768744520946,0.21344028469063148,False,True,True,1.0784897388904474e-06,COMPLETE
1349,0.41724623441696174,2025-04-12 21:32:26.829284,2025-04-12 21:32:34.208811,0 days 00:00:07.379527,0.6535301183571696,0.608883216868548,16,0.06858620788754474,0.12063517853428841,0.0893356431093291,0.04149027917307496,0.004877809415471274,0.09983751904275537,0.03296024519104368,24,22,0.05750038475989035,0.20467186940894413,False,True,True,5.816556382807128e-07,COMPLETE
1350,0.42993159294128425,2025-04-12 21:32:34.643334,2025-04-12 21:32:43.657949,0 days 00:00:09.014615,0.6155444793319561,0.633957580503425,8,0.061881458203281184,0.126712317941882,0.09161975518638044,0.04108976415127967,0.0039009491793204343,0.09809851430195063,0.03729852961665125,25,23,0.05740596306144631,0.2100833909517663,False,True,True,3.397018863850887e-07,COMPLETE
1351,0.19931281208992005,2025-04-12 21:32:44.097569,2025-04-12 21:32:52.803385,0 days 00:00:08.705816,0.6222221844605434,0.621678742970593,8,0.05694209875022659,0.1052463389874301,0.08827685524594336,0.0418035444620561,0.005452728716371827,0.09834614668509964,0.020462557017090783,24,19,0.06014684128684873,0.20922234483623364,False,True,False,0.00010545262533951986,COMPLETE
1352,0.4362160921096802,2025-04-12 21:32:53.242937,2025-04-12 21:33:02.232144,0 days 00:00:08.989207,0.6305884585025298,0.5932239509559287,8,0.06758293354938831,0.12358019567984196,0.09282439785159097,0.04386039245847976,0.0010999824729931228,0.09790801288612674,0.03734000456981006,25,24,0.056219048922407595,0.21405762029210082,False,True,True,6.951381309227902e-07,COMPLETE
1353,0.4375271797180176,2025-04-12 21:33:02.671924,2025-04-12 21:33:11.651235,0 days 00:00:08.979311,0.605843217686768,0.6000160616501857,8,0.055824398284693565,0.12508772730335144,0.08969502841022478,0.04318615914748717,0.003316627127772307,0.09753845623173037,0.04194061035729056,25,24,0.05953852605285078,0.20747720195225303,False,True,True,4.788987938108627e-07,COMPLETE
1354,0.44584019184112555,2025-04-12 21:33:12.110572,2025-04-12 21:33:20.954222,0 days 00:00:08.843650,0.6338891120527034,0.5844998388367004,8,0.06301701108382717,0.13604512894243498,0.08734086872703802,0.04035797487649527,0.0031074900938106867,0.09669751360634386,0.040805707886269985,24,20,0.05906045968804875,0.2215021737801306,False,True,True,8.032098077718586e-07,COMPLETE
1355,0.19931281208992005,2025-04-12 21:33:21.397395,2025-04-12 21:33:30.259060,0 days 00:00:08.861665,0.6048909902875663,0.5954645161770378,8,0.07194736723776819,0.12309871669888187,0.09052610508507919,0.039714011443917605,0.006771851918752651,0.09824554790508336,0.03844219695746971,24,9,0.061540634535748755,0.21644221980688674,False,True,True,1.1372109430302675e-06,COMPLETE
1356,0.4729005217552186,2025-04-12 21:33:30.702823,2025-04-12 21:33:49.095136,0 days 00:00:18.392313,0.6623157947225825,0.6086246058183101,2,0.06729692773443625,0.12061251401860754,0.08737813048227658,0.03771764338603543,0.005724865933727709,0.09838560901760744,0.0369186095215576,24,17,0.05952287595843696,0.22668525802050582,False,True,True,1.267280675988931e-06,COMPLETE
1357,0.4192983984947205,2025-04-12 21:33:49.544679,2025-04-12 21:34:07.607982,0 days 00:00:18.063303,0.6507235573841842,0.655535371307098,2,0.07231130482399815,0.1315217028567316,0.08988133903301546,0.03835768606506288,0.0047777910845803245,0.09990949535846863,0.028439382545663444,23,18,0.06255992874501565,0.21688926861814795,False,True,True,1.470076452578481e-06,COMPLETE
1358,0.4528905987739563,2025-04-12 21:34:08.047124,2025-04-12 21:34:25.987633,0 days 00:00:17.940509,0.6781551152663018,0.6236792813411782,2,0.07747079650747214,0.12659113400052316,0.08842681071885992,0.03960677920162251,0.0024980341091280604,0.09956964407280096,0.035196128139052534,23,17,0.06096319671946007,0.22353564761660843,False,True,True,1.0606518263318927e-06,COMPLETE
1359,0.19931281208992005,2025-04-12 21:34:26.431260,2025-04-12 21:34:44.403110,0 days 00:00:17.971850,0.6354432500952395,0.6104882161609264,2,0.08142001786509595,0.13268635799108444,0.09311902941927148,0.03978966741292169,0.0018954213185920082,0.09990437058837554,0.027042911516118817,23,7,0.06640868287684204,0.22714927012352676,False,True,True,1.3867407380840178e-06,COMPLETE
1360,0.19931281208992005,2025-04-12 21:34:44.861907,2025-04-12 21:35:03.103351,0 days 00:00:18.241444,0.6772367230275298,0.6651276287990856,2,0.07841081336572177,0.12881487684914697,0.09099665694387968,0.03799800368105725,0.00242806441032284,0.09970230328056116,0.032629321528549596,23,16,0.05736113247779818,0.23215905893265645,False,True,True,1.508067411637922e-06,COMPLETE
1361,0.19931281208992005,2025-04-12 21:35:03.553785,2025-04-12 21:35:21.091537,0 days 00:00:17.537752,0.6689403561130127,0.6109391377659246,2,0.08891665916240825,0.12011078170558287,0.0920592155237863,0.035844089126311124,0.003547029740250237,0.09916980010151162,0.024182877698423897,22,14,0.06104388804771097,0.225689661886817,False,True,True,1.2915298907762435e-06,COMPLETE
1362,0.27685666680336,2025-04-12 21:35:21.539300,2025-04-12 21:35:38.794601,0 days 00:00:17.255301,0.6181479414399831,0.6593661844758353,2,0.07599890381401865,0.12599039915707128,0.08861227097440307,0.03398569675831209,0.0025645922364498468,0.09983496023266926,0.028260597041996266,22,8,0.06316078319753735,0.22706637031408658,False,False,True,1.1628073301191454e-06,COMPLETE
1363,0.19931281208992005,2025-04-12 21:35:39.240283,2025-04-12 21:35:57.296541,0 days 00:00:18.056258,0.6612156320381674,0.6381835414340014,2,0.07352595402022986,0.13237433132477514,0.0889805526853486,0.03620487461345796,0.005431596995105199,0.09863473606495507,0.03768478829958651,23,12,0.06318017962471263,0.22214792305215814,False,True,True,1.3948523508583522e-06,COMPLETE
1364,0.44618116617202763,2025-04-12 21:35:57.743371,2025-04-12 21:36:15.632979,0 days 00:00:17.889608,0.6910173976947552,0.6432588129517258,2,0.07174310293110046,0.11578311003273004,0.08878612645549475,0.036189033418298024,0.003066470236256312,0.09727629786677443,0.030583980527805078,23,17,0.06028309230271142,0.22208515066323717,False,True,True,1.2354946338541643e-06,COMPLETE
1365,0.19931281208992005,2025-04-12 21:36:16.075493,2025-04-12 21:36:34.066552,0 days 00:00:17.991059,0.6897957006776293,0.6276541583288932,2,0.08061236411771264,0.10970250438335337,0.08991986705303423,0.03519927956086814,0.002637816824396268,0.09794313947722047,0.022520874121511415,23,11,0.0612752956022927,0.23111756222080043,False,True,True,1.4739736622464798e-06,COMPLETE
1366,0.19931281208992005,2025-04-12 21:36:34.514720,2025-04-12 21:36:52.087709,0 days 00:00:17.572989,0.6449764822098898,0.6323794223435183,2,0.08661084750285844,0.10935666082924517,0.09217096766622568,0.03604091393237637,0.0038573318332567556,0.09772039091297788,0.02240110673763107,22,13,0.05991872886420807,0.22174534779451127,False,True,True,1.5821625654864314e-06,COMPLETE
1367,0.19931281208992005,2025-04-12 21:36:52.552531,2025-04-12 21:37:10.697972,0 days 00:00:18.145441,0.6755091752705201,0.6218568064934976,2,0.0800958859336536,0.12395139397452164,0.08797637629474858,0.03386908504679345,0.0017534919598599574,0.0980695765010896,0.02442543214684292,23,13,0.06119922540960045,0.23381191089327852,False,True,True,1.2051357976677566e-06,COMPLETE
1368,0.19931281208992005,2025-04-12 21:37:11.145492,2025-04-12 21:37:28.811164,0 days 00:00:17.665672,0.6936028182516254,0.6741552030918704,2,0.07295181925273521,0.11827256613384837,0.0911201858629448,0.036606756879833495,0.004906589833171408,0.09984008999484656,0.028977100326864534,22,11,0.06282242504337564,0.21871858745630116,False,True,True,1.275885359907539e-06,COMPLETE
