number,value,datetime_start,datetime_complete,duration,params_alpha-eval,params_alpha-train,params_batch-size,params_eps-eval,params_eps-train,params_lambda-actions-eval,params_lambda-actions-train,params_lambda-frames-eval,params_lambda-frames-train,params_learning-rate,params_n-epochs,params_n-frames,params_radius-gw,params_rho,params_std-feats,params_ub-actions,params_ub-frames,params_weight-decay,state
685,0.19931281208992005,2025-04-12 19:45:56.224796,2025-04-12 19:46:05.246166,0 days 00:00:09.021370,0.4650893167069761,0.5634072455019928,8,0.042595817660488616,0.19615034920340724,0.07733665502999501,0.05256009108701906,0.014999236399997935,0.0924193135375041,0.08148584811888607,25,23,0.04253291325141033,0.14206390600455449,True,True,True,0.0004508848882662269,COMPLETE
686,0.4235973596572876,2025-04-12 19:46:05.461404,2025-04-12 19:46:14.478194,0 days 00:00:09.016790,0.45033187205997605,0.582425681785086,8,0.048400792078192006,0.20187423640358898,0.0748196472123573,0.056376245614737586,0.013064057650131512,0.09645934865012877,0.04832517893133223,25,27,0.04603220737287572,0.15523513184038792,True,True,True,9.648958444304412e-07,COMPLETE
687,0.19931281208992005,2025-04-12 19:46:14.706249,2025-04-12 19:46:23.659623,0 days 00:00:08.953374,0.4425822090838458,0.5183629568784568,8,0.04115618779732654,0.2179239833245425,0.07129939189526298,0.05266324170477333,0.01967926082708141,0.09620855593164139,0.0713431972019393,25,20,0.0404183869573858,0.14627565758409664,True,True,True,1.6341970985509622e-07,COMPLETE
688,0.4220660328865051,2025-04-12 19:46:23.889191,2025-04-12 19:46:32.731232,0 days 00:00:08.842041,0.48317419134610756,0.5428932222518326,8,0.052141823979660044,0.20907415551354025,0.07770421944486663,0.04972699386894373,0.012571637994767777,0.092257818321675,0.054519142061734645,24,32,0.04492690106716728,0.14302284034897633,True,True,True,2.676622674294914e-07,COMPLETE
689,0.2876221060752869,2025-04-12 19:46:32.948968,2025-04-12 19:46:42.085249,0 days 00:00:09.136281,0.4555743206977828,0.5767998674987868,8,0.0435775010611805,0.1934019486529387,0.07813510031927194,0.05755794283866108,0.01742240163645413,0.09441505768507513,0.08409928527216434,26,26,0.046495922692339646,0.16414952743298955,True,False,True,9.27455025496707e-07,COMPLETE
690,0.40455720424652103,2025-04-12 19:46:42.312813,2025-04-12 19:46:51.327770,0 days 00:00:09.014957,0.5073819828529257,0.5483881753858634,8,0.050825064584037544,0.20013571740897323,0.08326248359079574,0.05484997314092194,0.01480163615871012,0.09696021439715154,0.0002105812008866726,25,40,0.04353795414881423,0.1529151163924526,True,True,True,2.1687348908781618e-07,COMPLETE
691,0.36996796131134035,2025-04-12 19:46:51.544937,2025-04-12 19:47:00.533138,0 days 00:00:08.988201,0.5329141048036659,0.4957858835923353,8,0.041004932777373104,0.1911035268656004,0.07982066721204478,0.05218501221878255,0.020583095908166114,0.09474657692664379,0.06412423645888794,24,37,0.03838452316690545,0.14782892629050076,True,True,True,3.2886803273542356e-07,COMPLETE
692,0.4228258728981018,2025-04-12 19:47:00.762056,2025-04-12 19:47:09.966703,0 days 00:00:09.204647,0.5516280998659688,0.5261937574694158,8,0.054109738061558374,0.21138814718402563,0.07559967858439272,0.05859090418560079,0.02472715394687661,0.0923452546067964,0.08410752683457731,26,29,0.04360025365363846,0.15333178764552768,True,True,True,7.969396178419819e-07,COMPLETE
693,0.4247433543205261,2025-04-12 19:47:10.186720,2025-04-12 19:47:19.176875,0 days 00:00:08.990155,0.4693552162419777,0.6074630305463954,8,0.04695129274786156,0.20364309182094423,0.08441069972467388,0.04903321763700927,0.019081887682945057,0.09744185242400472,0.07273250096581514,25,24,0.047223250006265774,0.1430146567370358,True,True,True,4.199866735560616e-07,COMPLETE
694,0.3897975325584412,2025-04-12 19:47:19.405659,2025-04-12 19:47:28.555521,0 days 00:00:09.149862,0.4925523611158432,0.5318635446343093,8,0.04724851659034725,0.19831308834694553,0.017032870171093277,0.051728725124898144,0.049788430571018324,0.09591600177778381,3.065031286744843e-05,26,33,0.04746547829222273,0.16802191626678767,True,True,True,6.922394694831836e-07,COMPLETE
695,0.4078546047210694,2025-04-12 19:47:28.774550,2025-04-12 19:47:37.642296,0 days 00:00:08.867746,0.5225643894833827,0.48688391326261626,8,0.05678215002265381,0.1906191274751539,0.07896009610656225,0.055795177087716884,0.012845648224431556,0.09801285471630236,0.05919252811860389,24,30,0.04141269721859932,0.15044233032698495,True,True,True,1.0219612746412933e-06,COMPLETE
696,0.4333522200584412,2025-04-12 19:47:37.871545,2025-04-12 19:47:46.796614,0 days 00:00:08.925069,0.538827708598582,0.41230221127831773,8,0.04154091081282656,0.2258412538957367,0.0413366368296938,0.058452232770722805,0.014221349913691837,0.09354152901761037,0.085511836367263,25,27,0.044895070912808095,0.13153532105496812,True,True,True,5.407898593319042e-07,COMPLETE
697,0.19931281208992005,2025-04-12 19:47:47.030502,2025-04-12 19:47:55.439104,0 days 00:00:08.408602,0.5766533005513154,0.4059239571344634,8,0.04103962928940576,0.17693127502695472,0.08493153596499209,0.05935539344494772,0.011095265395246365,0.09182583489602136,0.09893463217779354,21,22,0.0442283076590046,0.171960939635649,True,True,True,5.382477460327951e-07,COMPLETE
698,0.3558138132095337,2025-04-12 19:47:55.663343,2025-04-12 19:48:04.950311,0 days 00:00:09.286968,0.555011747296798,0.41784568102432024,8,0.04124402257240297,0.1836466982983246,0.039849444299206976,0.05805149926092617,0.0179477076907092,0.09358770634570003,0.09967409841683345,27,26,0.04219964732383148,0.12876513525212502,True,True,True,7.63184101456263e-07,COMPLETE
699,0.19931281208992005,2025-04-12 19:48:05.185775,2025-04-12 19:48:14.203500,0 days 00:00:09.017725,0.5388637173138189,0.3658990851914339,8,0.0441544393368605,0.24449678248366793,0.046093448656224195,0.06065085011540232,0.015680879350664603,0.08714975405296235,0.08441024661137508,25,20,0.040503330130479596,0.11787566201388758,True,True,True,6.270739088271358e-07,COMPLETE
700,0.4278968453407288,2025-04-12 19:48:14.421906,2025-04-12 19:48:23.347246,0 days 00:00:08.925340,0.5017418666323022,0.32939124646505696,8,0.053747461891996265,0.1891000207317218,0.03468742458598378,0.0533838360706609,0.020743066974639762,0.09082683243769372,0.0847294009499323,24,27,0.04447249174263075,0.129492741640055,True,True,True,8.607125360070659e-07,COMPLETE
701,0.19931281208992005,2025-04-12 19:48:23.577920,2025-04-12 19:48:32.649106,0 days 00:00:09.071186,0.5612684938280758,0.3906390477942564,8,0.03985786443388954,0.2361609690634193,0.08296484464426142,0.05040096354701255,0.03305622377138961,0.09367845144675495,0.07405353373448292,26,25,0.05288755141614102,0.11752496589973616,True,True,True,4.31542104799303e-07,COMPLETE
702,0.30074979662895207,2025-04-12 19:48:32.869673,2025-04-12 19:48:41.854095,0 days 00:00:08.984422,0.5368186815649171,0.4366131314089735,8,0.05106932203407267,0.23238916686897054,0.042115314308733415,0.04756972660342215,0.028061755075411615,0.08960116106123997,0.09946138699275897,25,18,0.05039533767018695,0.16513956145708808,True,False,True,5.331168724341568e-07,COMPLETE
703,0.3160489320755005,2025-04-12 19:48:42.085947,2025-04-12 19:48:51.193685,0 days 00:00:09.107738,0.5887043456591227,0.37463249860000697,8,0.03951965854104711,0.22320159865621997,0.05063899057433906,0.05866551936132653,0.016681274615527937,0.09240799206947381,6.71983743557434e-05,26,35,0.04550937004828018,0.12452657631427116,True,True,False,6.482674144639548e-07,COMPLETE
704,0.19931281208992005,2025-04-12 19:48:51.429917,2025-04-12 19:48:59.720974,0 days 00:00:08.291057,0.5109086155024058,0.41440095944954203,8,0.058332365207986375,0.226878873029598,0.08177007906762046,0.05444319436926385,0.011685919229466935,0.09448801469017776,0.08183696613914358,20,22,0.04308196784070392,0.1636722539665814,True,True,True,9.010000343562855e-07,COMPLETE
705,0.19931281208992005,2025-04-12 19:48:59.941082,2025-04-12 19:49:09.307315,0 days 00:00:09.366233,0.4765598136284557,0.45426436553981875,8,0.04576194499947527,0.19527697911751965,0.047412645666688125,0.060759507919572305,0.009639702187224798,0.09992300015334744,0.05758707571486748,27,29,0.007993260940619175,0.17441349610036425,True,True,True,4.4540526125022643e-07,COMPLETE
706,0.21800672411918642,2025-04-12 19:49:09.543288,2025-04-12 19:49:18.448149,0 days 00:00:08.904861,0.5462087580265916,0.432649026979866,8,0.05130357254539616,0.17764779691832086,0.08442772690618504,0.05744818457995227,0.024324083660645018,0.04693517672949626,0.07325326789193566,24,42,0.04800323648091982,0.18325279130658662,True,True,True,6.925471685430849e-07,COMPLETE
707,0.19931281208992005,2025-04-12 19:49:18.670685,2025-04-12 19:49:27.645903,0 days 00:00:08.975218,0.5192075784145362,0.47862575084768155,8,0.0397881201463937,0.18712860173316653,0.03836608424966924,0.05082978226659233,0.013186690757927843,0.09824760614044525,0.04835502386128676,25,16,0.03955470680053874,0.1786880307330837,True,True,True,1.0852818758738646e-06,COMPLETE
708,0.29194005727767947,2025-04-12 19:49:27.879258,2025-04-12 19:49:36.994100,0 days 00:00:09.114842,0.45205888034115266,0.15999700093619024,8,0.06104470794076468,0.19716627323542993,0.0817965825365155,0.062439757466705374,0.018725119024924495,0.08818488140118372,0.08455471295324632,26,24,0.045518831594134654,0.17064889973994396,True,True,True,5.767576797491461e-07,COMPLETE
709,0.20215381383895875,2025-04-12 19:49:37.217453,2025-04-12 19:49:46.333375,0 days 00:00:09.115922,0.5662892299431188,0.45530677187622015,8,0.13727617304845072,0.20567110062626573,0.08484629609905656,0.05646320208779306,0.014361761501448689,0.09527442363268604,0.06603338658872793,25,33,0.0502860216892052,0.18328580780311643,True,True,True,8.328293594631647e-07,COMPLETE
710,0.43293572664260865,2025-04-12 19:49:46.566817,2025-04-12 19:49:55.869003,0 days 00:00:09.302186,0.4950255564522774,0.4006369465508186,8,0.04667635745197769,0.19403926746880037,0.08070167782950459,0.05947584734553997,0.004668074165751035,0.0911781883693365,0.09935512806137606,27,27,0.048080433287594995,0.15998226945715815,True,True,True,4.769272689369403e-07,COMPLETE
711,0.43257325887680054,2025-04-12 19:49:56.108635,2025-04-12 19:50:05.357629,0 days 00:00:09.248994,0.48234818682579095,0.3970148636150844,8,0.05509326305947988,0.1987948307855455,0.08047218762020564,0.05910771446784998,0.009528522603919275,0.09079555557821561,0.08653757012912701,27,27,0.04864557373896335,0.16118405923501505,True,True,True,9.628044435205001e-08,COMPLETE
712,0.4166671395301819,2025-04-12 19:50:05.580288,2025-04-12 19:50:14.876530,0 days 00:00:09.296242,0.43661815709159596,0.3992800186554387,8,0.056860838772612624,0.1955978388570757,0.08248210850754134,0.05921322180196432,0.004464553588779455,0.08822464970236626,0.09933534408701061,27,27,0.05338160289238794,0.15835074946766,True,True,True,3.866241133442499e-07,COMPLETE
713,0.21423307061195374,2025-04-12 19:50:15.117798,2025-04-12 19:50:24.397295,0 days 00:00:09.279497,0.46453662236944215,0.4062374361108796,8,0.061736368065995126,0.1911330154120606,0.08155656237123782,0.0602256789648418,0.009951768580111316,0.08621040253694594,0.08501527629624976,27,23,0.050966189159546926,0.16267276728431862,True,True,True,1.0730767845724262e-07,COMPLETE
714,0.2854136943817139,2025-04-12 19:50:24.622002,2025-04-12 19:50:33.839149,0 days 00:00:09.217147,0.4853852968584831,0.4171075688969615,8,0.051942051415671354,0.19444435555157982,0.02538450266137619,0.06189374740741875,0.002656664034631956,0.08957086700490562,0.08742068678509127,27,27,0.04883495724646967,0.13851285253166745,True,False,True,5.3415308190422044e-08,COMPLETE
715,0.4462984681129456,2025-04-12 19:50:34.076543,2025-04-12 19:50:43.553778,0 days 00:00:09.477235,0.4568563138292795,0.43337354558689156,8,0.05612597397705023,0.18736439633237542,0.07719570571648106,0.0576298057620543,0.002129397482229231,0.09146660772581587,0.08622088621654966,28,25,0.05171402738621653,0.1576179136431412,True,True,True,1.0003754005978173e-07,COMPLETE
716,0.28034152984619143,2025-04-12 19:50:43.779027,2025-04-12 19:50:53.235263,0 days 00:00:09.456236,0.40548114139163194,0.4323451074342929,8,0.06946342348062468,0.2001623647156318,0.07622818261629233,0.05814927042449183,0.00245423906983009,0.09102030923655018,0.08262424185235574,28,21,0.052503881238759174,0.15997034398570217,True,True,True,7.186753203510314e-08,COMPLETE
717,0.2526204526424408,2025-04-12 19:50:53.472134,2025-04-12 19:51:02.877154,0 days 00:00:09.405020,0.4184327560484439,0.41684669894104964,8,0.061957033954604494,0.18829049818602808,0.07674049584604843,0.058995775360152394,0.0013105597462295029,0.05142748646528011,0.09948909398731962,28,24,0.053238673970640374,0.09543597242406968,True,True,True,1.4370169266016956e-07,COMPLETE
718,0.19931281208992005,2025-04-12 19:51:03.115385,2025-04-12 19:51:12.340356,0 days 00:00:09.224971,0.43234640976494293,0.3873543145124085,8,0.05647902258852184,0.18549365346569546,0.03270167540662592,0.06037559404688567,0.008963732316770215,0.087747936527185,0.0640381376093689,27,18,0.051333500430978986,0.15387163274934856,False,True,True,2.128445071439541e-08,COMPLETE
719,0.42159515619277954,2025-04-12 19:51:12.567738,2025-04-12 19:51:22.015986,0 days 00:00:09.448248,0.45483881553804634,0.4459874926850333,8,0.06539624806710433,0.19401180222288575,0.07492267567067339,0.057314469898084815,0.003802973450752834,0.08994089253906881,0.07562532731263397,28,26,0.05058952216572624,0.13637118246617785,True,True,True,6.398264067574145e-08,COMPLETE
720,0.4075661420822144,2025-04-12 19:51:22.254062,2025-04-12 19:51:31.547983,0 days 00:00:09.293921,0.44660968013029256,0.43300532000518066,8,0.05532389639256254,0.19990880129891977,0.07251570098763459,0.06190385426506315,0.004057632034505846,0.09077047671612913,0.0558789571563432,27,21,0.0532225966183151,0.1106121194108496,True,True,True,1.0520995102433283e-07,COMPLETE
721,0.4061697602272034,2025-04-12 19:51:31.775871,2025-04-12 19:51:41.163268,0 days 00:00:09.387397,0.46859050036269745,0.39835124707100805,8,0.06190925075929056,0.18670199272264748,0.07764847224382798,0.05611023981829352,0.007023685614417948,0.08659223570474449,0.099434017684743,27,29,0.048865891276814885,0.15959277028912924,True,True,True,1.6041234916899593e-07,COMPLETE
722,0.42987800836563117,2025-04-12 19:51:41.403554,2025-04-12 19:51:50.668066,0 days 00:00:09.264512,0.4682886892789796,0.46708240213522845,8,0.05503232003253153,0.19353652345795008,0.07868046653809818,0.0599025754313025,0.0053170797545395885,0.09167742949806232,0.06841820652591711,27,25,0.05099055930584943,0.1505742434240992,True,True,True,8.412476345573833e-08,COMPLETE
723,0.28253904581069944,2025-04-12 19:51:50.896981,2025-04-12 19:52:00.308671,0 days 00:00:09.411690,0.4831925443950444,0.4458947938317064,8,0.05000893865579027,0.2025287757549397,0.04305273440943476,0.05835777101134311,0.006333390173706573,0.08894721398995495,0.08222826993997936,28,28,0.04767625655629288,0.16470314067477645,True,True,True,9.200624329697841e-08,COMPLETE
724,0.34690065383911134,2025-04-12 19:52:00.545569,2025-04-12 19:52:09.767598,0 days 00:00:09.222029,0.45080309245016936,0.42466549691052197,8,0.06724354365507319,0.18304807019494085,0.08001040046557929,0.05624490276931163,0.004278135133062515,0.08396010240725031,0.0462521043716371,27,23,0.04908693980240662,0.15900714855663864,True,True,False,4.5708516552691295e-07,COMPLETE
725,0.3308469593524933,2025-04-12 19:52:10.010236,2025-04-12 19:52:19.402617,0 days 00:00:09.392381,0.4907671579009536,0.4914600686954721,8,0.059453306844545646,0.190511528024627,0.07745891923341476,0.06063063417543039,0.0032690090094116215,0.09176818881742772,0.06018681778725255,28,30,0.04706437530732403,0.1552070991794172,True,False,True,3.476248406828805e-08,COMPLETE
726,0.19931281208992005,2025-04-12 19:52:19.631174,2025-04-12 19:52:28.894659,0 days 00:00:09.263485,0.46938971937551005,0.3825184095224246,8,0.04643345468730566,0.19840989769968376,0.08041874583127422,0.05458000985745209,0.0024550664065718687,0.0879284526167296,0.0853407595180752,27,27,0.05371624356702805,0.1657751784588394,True,True,True,3.5196645822225743e-07,COMPLETE
727,0.2730855822563172,2025-04-12 19:52:29.134958,2025-04-12 19:52:38.253437,0 days 00:00:09.118479,0.43396856749258084,0.4634291351804521,8,0.05326266903040934,0.2041417034940237,0.0745226099239164,0.0624270703129604,0.007220504148040518,0.09167924658883513,0.09981400325505606,26,20,0.051770380081841955,0.16829228348990766,True,True,True,9.619904887436011e-08,COMPLETE
728,0.37146261930465696,2025-04-12 19:52:38.480467,2025-04-12 19:52:47.603563,0 days 00:00:09.123096,0.4959228559274941,0.35236795756067546,8,0.04711186579514017,0.19186536407495003,0.07912790806647074,0.05767001800913061,0.0015044929563854388,0.09005039990394581,0.07123756183397256,26,24,0.04621030322454896,0.14954094245183758,True,True,True,1.3739707913736343e-07,COMPLETE
729,0.32579659223556523,2025-04-12 19:52:47.845288,2025-04-12 19:52:57.302876,0 days 00:00:09.457588,0.5048377184856288,0.06605066556939226,8,0.05804187436636387,0.19738957541186808,0.08173625409346627,0.059502218142622604,0.004899754331677154,0.09346507597986554,0.0563718163395072,28,30,0.049608302917005576,0.1576740662043378,True,True,True,1.1869755956924118e-07,COMPLETE
730,0.43791224956512453,2025-04-12 19:52:57.552096,2025-04-12 19:53:06.671210,0 days 00:00:09.119114,0.47774920940692867,0.39742196851659883,8,0.05252516537100161,0.1877429762623842,0.07788647208595217,0.05535783924656568,0.00831903446912824,0.08508733469813794,0.06961451523090849,26,26,0.04506239854301248,0.16701129047824853,True,True,True,8.228058824232353e-08,COMPLETE
731,0.26491195559501646,2025-04-12 19:53:06.900810,2025-04-12 19:53:16.222142,0 days 00:00:09.321332,0.4176656804588519,0.3645298360074271,8,0.1725320978862753,0.18538777870658812,0.0755415726294813,0.05601198715575423,0.007132514277274977,0.09235248610749766,0.05328146296820211,27,15,0.044403537728135656,0.16439236925975115,True,True,True,7.014766413195126e-08,COMPLETE
732,0.19931281208992005,2025-04-12 19:53:16.464221,2025-04-12 19:53:25.642522,0 days 00:00:09.178301,0.45551728558894783,0.39229661186672504,8,0.07512077540724257,0.18193650203894562,0.07356509120992152,0.04063228029296133,0.009210340453576037,0.09812185381959805,0.04583818692198071,26,22,0.04502917610280378,0.17085870416468082,True,True,True,5.186668684155981e-08,COMPLETE
733,0.40355538129806523,2025-04-12 19:53:25.873755,2025-04-12 19:53:35.227430,0 days 00:00:09.353675,0.47530149130723187,0.4054021131277685,8,0.06562006726838548,0.1813290156097634,0.07698620621516865,0.05788926892648746,0.004725362945801468,0.09994345283176197,0.0657760115615013,27,26,0.04154519533580392,0.1616045985077866,True,True,True,7.392038025919749e-08,COMPLETE
734,0.19931281208992005,2025-04-12 19:53:35.469908,2025-04-12 19:53:44.636628,0 days 00:00:09.166720,0.45747025658824886,0.29104886237676575,8,0.05421002296022411,0.1875202218139266,0.07769439220617,0.06138084502770132,0.011027961866757379,0.09014409741256307,0.0700953934753245,26,19,0.04626149818788047,0.16842988358820196,True,True,True,1.0071997267804279e-07,COMPLETE
735,0.4105581998825073,2025-04-12 19:53:44.881251,2025-04-12 19:53:54.117945,0 days 00:00:09.236694,0.481883476669833,0.4182250376772173,8,0.0609878140073105,0.20394186405510695,0.036892764359608775,0.059229427277873475,0.008033575846390868,0.054446707600414535,0.06225788919550099,27,24,0.042338732413787356,0.15398688090160387,False,True,True,4.642066893066818e-08,COMPLETE
736,0.42298302650451663,2025-04-12 19:53:54.350243,2025-04-12 19:54:03.468819,0 days 00:00:09.118576,0.4415934742244975,0.3750058464606105,8,0.052489669348889594,0.21610508946096302,0.07942055665833443,0.05535138405866403,0.005421865612798952,0.09386379829624605,0.08415139512990787,26,27,0.04456639623388069,0.17327550579880657,True,True,True,6.80238902329247e-08,COMPLETE
737,0.4168876528739929,2025-04-12 19:54:03.718125,2025-04-12 19:54:12.850047,0 days 00:00:09.131922,0.4895453950104706,0.39966503582748963,8,0.05858121442208164,0.20883452651442647,0.07052025426030524,0.04778639179712395,0.005429496426687852,0.0880446234659954,0.05529002928887088,26,28,0.04732449682643744,0.14517751097848486,True,True,True,2.0857000710633114e-07,COMPLETE
738,0.3444817423820496,2025-04-12 19:54:13.081703,2025-04-12 19:54:22.367622,0 days 00:00:09.285919,0.46761527975095735,0.4433802452907505,8,0.06996778279605215,0.19189417212026944,0.07613178355291325,0.05208132700581596,0.00799680365812709,0.09605058125061083,0.07313107116873273,27,21,0.045786676220248054,0.16180716558727623,True,False,True,8.674855020640067e-08,COMPLETE
739,0.21903563737869264,2025-04-12 19:54:22.611842,2025-04-12 19:54:31.707916,0 days 00:00:09.096074,0.5057926177100266,0.4308132307268437,8,0.10847830359602093,0.19874859160914313,0.02982534835532906,0.05715236340876242,0.008138997346849784,0.0927316161180634,0.0850964221860281,26,24,0.04389563726293694,0.13222823098658065,True,True,True,1.2405842138892654e-07,COMPLETE
740,0.38803745508193976,2025-04-12 19:54:31.953390,2025-04-12 19:54:41.140036,0 days 00:00:09.186646,0.5990220206810252,0.41378130766105387,8,0.04864585953242521,0.179714906024088,0.021193608311559774,0.06295781977597292,0.0019887953162661142,0.09816044479244122,0.04504285936797071,27,29,0.04751595869542179,0.15703561135545602,True,True,False,9.185984314168598e-08,COMPLETE
741,0.19931281208992005,2025-04-12 19:54:41.373962,2025-04-12 19:54:50.741430,0 days 00:00:09.367468,0.4890591924304882,0.4590641134137708,8,0.05294891285512982,0.18619343839543287,0.0827129021490515,0.0603947399145268,0.013247047264830312,0.09498107967861062,0.06633335543783007,28,17,0.04261963644812108,0.04565686959162328,True,True,True,8.252575124486206e-08,COMPLETE
