number,value,datetime_start,datetime_complete,duration,params_alpha-eval,params_alpha-train,params_batch-size,params_eps-eval,params_eps-train,params_lambda-actions-eval,params_lambda-actions-train,params_lambda-frames-eval,params_lambda-frames-train,params_learning-rate,params_n-epochs,params_n-frames,params_radius-gw,params_rho,params_std-feats,params_ub-actions,params_ub-frames,params_weight-decay,state
737,0.4522900104522706,2025-04-14 17:10:24.677914,2025-04-14 17:10:33.384125,0 days 00:00:08.706211,0.45104055998449216,0.0682784898735311,8,0.015983806099850888,0.015671933504971328,0.09497621531710959,0.047499894766715164,0.0733614723546135,0.07486167490665811,0.0009804864393738672,23,37,0.09243340641966781,0.13211607191468444,False,True,True,9.045585270537932e-05,COMPLETE
738,0.4373542904853821,2025-04-14 17:10:33.616023,2025-04-14 17:10:43.155963,0 days 00:00:09.539940,0.6494789875033344,0.10973721461622697,8,0.022685048345412923,0.02548036464451526,0.05849407307634894,0.05783798160998962,0.06811986351563522,0.07750299603858209,0.0013652437326399935,29,33,0.08934050463020539,0.11500775674739101,False,True,True,3.683899803326489e-05,COMPLETE
739,0.5419408798217774,2025-04-14 17:10:43.397068,2025-04-14 17:10:52.283898,0 days 00:00:08.886830,0.6916386147018729,0.03978756971904704,8,0.03852773114223693,0.010200251069665708,0.08949389952531284,0.05236608075102406,0.0752252702411386,0.06239832608091193,0.0011722613093730525,24,30,0.09487583215311143,0.15163310413398684,False,True,True,7.720135053153644e-05,COMPLETE
740,0.3416550397872925,2025-04-14 17:10:52.528713,2025-04-14 17:11:01.345952,0 days 00:00:08.817239,0.6176041185936938,0.08618424876023274,8,0.035809900033937546,0.00013841364882391776,0.08907455789962618,0.05039577494213985,0.07507855844395811,0.061303798879673015,0.0008235932056945462,24,22,0.09490335198270772,0.15600168153008723,False,True,True,7.297466206770412e-05,COMPLETE
741,0.33192965388298035,2025-04-14 17:11:01.576173,2025-04-14 17:11:10.624592,0 days 00:00:09.048419,0.566591713554815,0.05697272943071895,8,0.02742576284019845,0.008183139737844866,0.08985634257632631,0.05176036637449295,0.07249736813345446,0.06353820200081782,0.0009478062136449417,25,27,0.05387028678339285,0.14961128042221739,True,True,True,6.050482476643677e-05,COMPLETE
742,0.2837355673313141,2025-04-14 17:11:10.873078,2025-04-14 17:11:19.353477,0 days 00:00:08.480399,0.6822655354481023,0.02872638976689843,8,0.03149608067024662,0.00596166552654336,0.0919636993431565,0.05489035917633942,0.07323258903145144,0.06270121965302336,0.0007190055669278422,22,102,0.09337033829089672,0.1605985691574162,False,False,True,8.67031656211729e-05,COMPLETE
743,0.418165397644043,2025-04-14 17:11:19.585428,2025-04-14 17:11:28.261600,0 days 00:00:08.676172,0.5924422765571704,0.0719851291359173,8,0.015679366061585206,0.010765842284797994,0.08902353913980075,0.04385013957931658,0.0746470217358799,0.05936333251621941,0.0011664322744367077,23,29,0.09756609094673628,0.15171293749057407,False,True,True,5.1843921167460586e-05,COMPLETE
744,0.4062367916107178,2025-04-14 17:11:28.506633,2025-04-14 17:11:37.046708,0 days 00:00:08.540075,0.42108893545506443,0.046147434137195444,8,0.007977473720848397,0.011604301089692454,0.09172450177627102,0.058674254923896114,0.07058477573222996,0.05727240363448047,0.0016873038863827678,22,26,0.09589806307390683,0.1440674572650328,False,True,True,6.439783311500163e-05,COMPLETE
745,0.2776576280593872,2025-04-14 17:11:37.294050,2025-04-14 17:11:46.088051,0 days 00:00:08.794001,0.5397850602274801,0.026414256610897253,8,0.03827409306877786,0.0042847284282479595,0.09366182024391241,0.03833161659807963,0.0772268597873133,0.06664018609174766,0.0011063628656274678,24,30,0.09099978744498642,0.14531298842696744,False,True,True,8.082732558681023e-05,COMPLETE
746,0.48763060569763184,2025-04-14 17:11:46.322967,2025-04-14 17:11:55.199577,0 days 00:00:08.876610,0.4718312743755218,0.2542274258436791,8,0.024058532505109066,0.013931931605688092,0.08889933311084681,0.049217683705492586,0.06920707184380948,0.06315799039727725,0.001448311185979968,24,23,0.09821802037112036,0.13946338765757485,False,True,True,4.265204001540859e-05,COMPLETE
747,0.3914546251296997,2025-04-14 17:11:55.444433,2025-04-14 17:12:13.507177,0 days 00:00:18.062744,0.5102402210260749,0.09092481651238128,2,0.03167354348390223,0.006812537862697768,0.0912107829977126,0.05652983365957677,0.06280024462457248,0.0600569206137395,0.0009760963430013029,23,34,0.09470999660403816,0.1521735061857915,False,True,True,5.37429391522964e-05,COMPLETE
748,0.36357961893081664,2025-04-14 17:12:13.742091,2025-04-14 17:12:22.378095,0 days 00:00:08.636004,0.6121306754805239,0.8662514853870034,8,0.01844555812905531,0.13508377840329144,0.052839066805081304,0.04623065013943174,0.07174778477696868,0.08973965373170772,0.0007789449139822404,23,31,0.09298769500628232,0.1361219820597953,False,True,True,7.448268842121874e-05,COMPLETE
749,0.5697879314422608,2025-04-14 17:12:22.624176,2025-04-14 17:12:31.316205,0 days 00:00:08.692029,0.6500720842524237,0.0576179792172022,8,0.024270321056249405,0.019426205171800808,0.09541789154248874,0.06855825496012448,0.07496532019473327,0.08833654583180374,0.0012613482424528707,23,27,0.08818472470048329,0.14532390162617004,False,True,True,8.051183121459692e-05,COMPLETE
750,0.4950094342231751,2025-04-14 17:12:31.564215,2025-04-14 17:12:40.252459,0 days 00:00:08.688244,0.6402827069048014,0.1130050462505296,8,0.019983589709848516,0.02189927111529203,0.09773312127601197,0.07125217814456933,0.07462641443414485,0.09207904272325901,0.001809348791593126,24,21,0.08764837395045313,0.16070184412385952,False,True,True,8.26709012279021e-05,COMPLETE
751,0.3346207976341248,2025-04-14 17:12:40.486808,2025-04-14 17:12:49.129848,0 days 00:00:08.643040,0.5276364073302846,0.07830735426077098,8,0.009874547027772029,0.011088095243630067,0.0962539952346905,0.06956604781727041,0.07414625492657381,0.06800424448431622,0.0013296674939075874,23,24,0.08963859827253455,0.14913068507881524,False,True,False,9.926965007166268e-05,COMPLETE
752,0.46141979694366453,2025-04-14 17:12:49.379348,2025-04-14 17:12:58.201483,0 days 00:00:08.822135,0.4928061718830927,0.06035707409033979,8,0.02460039102570571,0.004989997553232432,0.09936662690711877,0.05932480027964181,0.07601878821242124,0.06295516266135784,0.0015881384177224196,24,26,0.08792984088875759,0.15266428578846275,False,True,True,6.109112424512142e-05,COMPLETE
753,0.5440039277076721,2025-04-14 17:12:58.434809,2025-04-14 17:13:07.149866,0 days 00:00:08.715057,0.5720722341482688,0.09988914847274663,8,0.015197633113611879,0.01545912410353243,0.09529847258015751,0.06666826046312414,0.07172042487285639,0.09020786506203653,0.002116401723350011,23,28,0.09174010302465103,0.1462869777408842,False,True,True,7.237438566968066e-05,COMPLETE
754,0.36658852100372313,2025-04-14 17:13:07.397988,2025-04-14 17:13:16.039073,0 days 00:00:08.641085,0.5810597545116922,0.584867495883219,8,0.014177291796568717,0.02622077146256927,0.09618999368499545,0.07016967453422676,0.07196381795673151,0.09391148573110777,0.0031190657149643263,23,21,0.09176868431442024,0.15810720521096217,False,True,True,0.00010345902146879408,COMPLETE
755,0.5265613675117493,2025-04-14 17:13:16.286781,2025-04-14 17:13:25.044449,0 days 00:00:08.757668,0.6015759231384763,0.09276774896702718,8,0.008438369098381384,0.018863439052579464,0.09760489195092158,0.07363480275548263,0.0748472784711101,0.09125209776491078,0.00278170113585892,23,25,0.09370375679671675,0.14663834704451592,False,True,True,7.898709851759607e-05,COMPLETE
756,0.25068665742874147,2025-04-14 17:13:25.280514,2025-04-14 17:13:34.226587,0 days 00:00:08.946073,0.5656084408357567,0.06336982630703306,8,0.013835629259952787,0.16299809229056303,0.0942732544946484,0.06773545991348298,0.072209828150548,0.09232882395561173,0.00371516875773652,25,27,0.09606273143203842,0.1542990588760369,False,True,True,9.891084253971364e-05,COMPLETE
757,0.3699743509292603,2025-04-14 17:13:34.472394,2025-04-14 17:13:43.128396,0 days 00:00:08.656002,0.584055014195058,0.0765726375398387,8,0.0222374563222394,0.08120612900164145,0.09658375362308433,0.06844449618339178,0.07325656988784368,0.08916748295996486,0.00230449427845386,23,23,0.09044177949217706,0.1652045437189239,False,True,True,7.052353901414372e-05,COMPLETE
758,0.5293107748031617,2025-04-14 17:13:43.379816,2025-04-14 17:13:52.210807,0 days 00:00:08.830991,0.6211531737162644,0.04953832769819612,8,0.016618350256340352,0.0293442281013576,0.09996433617551281,0.068216035204277,0.07031720448989222,0.0906502891418048,0.0021434538587010773,24,28,0.09240267604669926,0.14160907559707125,False,True,True,8.691055387803893e-05,COMPLETE
759,0.3848013401031494,2025-04-14 17:13:52.446493,2025-04-14 17:14:01.321997,0 days 00:00:08.875504,0.5961216858390969,0.027255306654029997,8,0.007314228857434992,0.02190950005703862,0.09454275058217376,0.06648721551290385,0.07725843769212834,0.06103119113880648,0.002627611271756357,25,25,0.09502153017511518,0.14709694210756052,False,True,True,6.60485862823708e-05,COMPLETE
760,0.53330157995224,2025-04-14 17:14:01.577197,2025-04-14 17:14:10.305037,0 days 00:00:08.727840,0.5563210644448057,0.09467935764367459,8,0.027603891663125355,0.01636395292820015,0.09621154486752799,0.07018135248643427,0.07405593122072558,0.08963168640776722,0.002029153093632218,23,28,0.0987229288654213,0.14438543852836283,False,True,True,9.072851650944081e-05,COMPLETE
761,0.3666877746582031,2025-04-14 17:14:10.541262,2025-04-14 17:14:19.448519,0 days 00:00:08.907257,0.5535249372823042,0.05908780084191186,8,0.01467847969722294,0.03490355473873163,0.09354685884043569,0.06625725247940216,0.07089147410041637,0.06451818627698215,0.0018474073824345087,24,29,0.09040973978614392,0.15589639677640593,True,True,True,5.560569037589497e-05,COMPLETE
762,0.2699779510498047,2025-04-14 17:14:19.700031,2025-04-14 17:14:37.400697,0 days 00:00:17.700666,0.5808142246586111,0.04287351018511374,2,0.023120562466528424,0.238835881992335,0.09797947584971015,0.06694160595186396,0.07592249828307,0.0921388803286314,0.0016378323902351858,23,23,0.09359693598767663,0.15132113750082438,False,False,True,6.973087572002941e-05,COMPLETE
763,0.49917201995849614,2025-04-14 17:14:37.654028,2025-04-14 17:14:46.505117,0 days 00:00:08.851089,0.6182622897525181,0.06712602740075195,8,0.00832342332368267,0.023602789609887834,0.09292627930100203,0.07210843760415064,0.0727779632318091,0.09384618488962923,0.0025312146634638177,24,27,0.09710946946021472,0.1418004562073898,False,True,True,0.00011181836473133661,COMPLETE
764,0.5534021377563477,2025-04-14 17:14:46.741456,2025-04-14 17:14:55.465340,0 days 00:00:08.723884,0.6440776106452165,0.010896748568724027,8,0.027928045482413073,0.01344990635368084,0.09350547270175322,0.07301980400444959,0.06929047483371938,0.08854339638345503,0.0016855367354682899,23,30,0.09090403382114681,0.14706240124738879,False,True,True,0.00011021282102304096,COMPLETE
765,0.5253665685653687,2025-04-14 17:14:55.716451,2025-04-14 17:15:04.433533,0 days 00:00:08.717082,0.6297398224842932,0.02869202801798164,8,0.031573609123057865,0.019857722026381277,0.09462898122622061,0.07298337892029222,0.0698418743601252,0.09005700594651762,0.0019913160654185065,23,25,0.09203945139075641,0.15845356726063328,False,True,True,0.0001127328685404117,COMPLETE
766,0.518690288066864,2025-04-14 17:15:04.672012,2025-04-14 17:15:13.403159,0 days 00:00:08.731147,0.6544584175197049,0.012197294808017026,8,0.02782521846178837,0.028690018250366277,0.09075044827830189,0.07754376922904065,0.07153392028996745,0.08878702380244125,0.002195308585936188,23,29,0.09450649749614844,0.16452897155382756,False,True,True,0.00011812015827967874,COMPLETE
767,0.4389765739440918,2025-04-14 17:15:13.655476,2025-04-14 17:15:22.311115,0 days 00:00:08.655639,0.6738826090786105,0.02805559963853545,8,0.030953276454395665,0.01610941935581403,0.09521599672402414,0.06809929483244041,0.07367461863708266,0.08776316606115031,0.0017697483868119326,23,33,0.0910007600981916,0.1491816581248106,False,True,True,9.979959270664322e-05,COMPLETE
768,0.38879220485687255,2025-04-14 17:15:22.564355,2025-04-14 17:15:31.361828,0 days 00:00:08.797473,0.6580870799461481,0.011421861917207638,8,0.019096695166679365,0.024211248685640115,0.09353817641716604,0.0702593602524236,0.06950510789732915,0.05904663788153457,0.0023726298817335397,24,20,0.0627985918859024,0.1538858396681118,False,True,True,0.00010406275302725524,COMPLETE
769,0.28284564018249514,2025-04-14 17:15:31.601370,2025-04-14 17:15:40.194210,0 days 00:00:08.592840,0.634788198893544,0.04622340957261374,8,0.1800159025871337,0.0384080486560143,0.09184206711831785,0.07484425208274248,0.07187461466087994,0.06567347873658713,0.0015469260398111762,23,30,0.09353443402692863,0.14680381881851365,False,True,True,7.839984438843349e-05,COMPLETE
770,0.32951246500015263,2025-04-14 17:15:40.444294,2025-04-14 17:15:48.867791,0 days 00:00:08.423497,0.6418958972238936,0.106089394370974,8,0.03606838398076993,0.01677577858258268,0.08870388809287436,0.07111880465220324,0.07524570900891468,0.05599086575697581,0.0019902275967852183,22,26,0.09999028039153347,0.16013984051873523,False,True,False,8.381364615549221e-05,COMPLETE
771,0.4701974630355835,2025-04-14 17:15:49.126269,2025-04-14 17:15:57.808352,0 days 00:00:08.682083,0.645473389712078,0.07467850215343805,8,0.02594400957506198,0.01489629747035549,0.09284641371410658,0.06956232125137933,0.06811900907780008,0.09365475347836599,0.0016429957531422848,23,36,0.09574526227754908,0.1444415507931887,False,True,True,0.00012904328219514805,COMPLETE
772,0.5064468145370483,2025-04-14 17:15:58.048217,2025-04-14 17:16:06.931999,0 days 00:00:08.883782,0.6866485816974797,0.011441434128682326,8,0.005943918824519303,0.031494293162969186,0.09775084228256604,0.05390122283358843,0.07624120352550744,0.08755320828692814,0.0014158422394251174,24,31,0.09145435869011564,0.1516679070787739,False,True,True,0.00010618653203285546,COMPLETE
773,0.37129045724868776,2025-04-14 17:16:07.187478,2025-04-14 17:16:24.585590,0 days 00:00:17.398112,0.6101014040491884,0.0476888720744255,2,0.014915045450308789,0.022689678435522206,0.09046971524908264,0.0721644020761616,0.0711974234133746,0.09176917813622613,0.0018329879685640338,22,23,0.08976380643061367,0.1393887133590457,False,True,True,8.592125269244414e-05,COMPLETE
774,0.5045721173286438,2025-04-14 17:16:24.827357,2025-04-14 17:16:33.555994,0 days 00:00:08.728637,0.6697550160024169,0.08763080878141447,8,0.021190206192852848,0.012060247942005104,0.09561042145764648,0.07592179924521576,0.0733685586230099,0.06141259361726367,0.0014138234329793959,23,28,0.09374924267440862,0.2215665689612254,False,True,True,7.116223174091824e-05,COMPLETE
775,0.44168779850006107,2025-04-14 17:16:33.808923,2025-04-14 17:16:42.429276,0 days 00:00:08.620353,0.6202198609933398,0.027989463892097922,8,0.028062753982222518,0.02023349297095796,0.09177842227142491,0.0719069594510332,0.0776512879504276,0.08831757528736489,0.0012815991798422611,23,34,0.09647314174630538,0.14575308270291476,False,True,True,8.891762306792687e-05,COMPLETE
776,0.2805100202560425,2025-04-14 17:16:42.687323,2025-04-14 17:16:51.190114,0 days 00:00:08.502791,0.6456193136911637,0.010579404460777795,8,0.035243834094270496,0.013346749151177222,0.08928925299919821,0.05606379465677177,0.06916717960321937,0.09030019296300032,0.00167793833237798,22,38,0.09217673101526262,0.13816767306139438,False,True,True,0.00012181013700006816,COMPLETE
777,0.500898003578186,2025-04-14 17:16:51.438953,2025-04-14 17:16:59.938493,0 days 00:00:08.499540,0.4380750922448923,0.05319408743231498,8,0.011151259608172499,0.028694601369005486,0.09508130098854467,0.07892168003596314,0.07197258523229909,0.0879256769633209,0.002662218850170122,22,32,0.08881303137784778,0.15358828781549932,False,True,True,6.226013481608124e-05,COMPLETE
778,0.2068343937397003,2025-04-14 17:17:00.195902,2025-04-14 17:17:09.117027,0 days 00:00:08.921125,0.7021637531255838,0.06293525480798536,8,0.19243950488003292,0.0894874622706894,0.09314575071985559,0.07322815590410695,0.07468247833813145,0.05340541132652474,0.0013584389886773698,24,133,0.09462014849937526,0.14371935373213066,False,True,True,0.00010697367735400015,COMPLETE
779,0.3802070379257202,2025-04-14 17:17:09.372863,2025-04-14 17:17:18.034441,0 days 00:00:08.661578,0.6715665128302222,0.08347831728237592,8,0.019722580452505894,0.023957818079839523,0.090529981290199,0.05272961481736051,0.07008590599741865,0.09067772638127178,0.00227516790283808,23,27,0.0925643693830807,0.1368375537383608,False,True,True,7.262027409810906e-05,COMPLETE
780,0.5342233657836915,2025-04-14 17:17:18.280451,2025-04-14 17:17:26.827562,0 days 00:00:08.547111,0.5996131802161446,0.03975814624942443,8,0.026937597554022894,0.01635817347226494,0.06761127439062382,0.07509665854907312,0.06770145041663973,0.08683263046204862,0.00155816604645609,22,29,0.09780566195590458,0.1478016991898061,False,True,True,5.7203330405544824e-05,COMPLETE
781,0.49464577436447144,2025-04-14 17:17:27.088254,2025-04-14 17:17:35.858951,0 days 00:00:08.770697,0.6293542254055462,0.28014122213223297,8,0.04052530413054546,0.011127335516044768,0.09609759416624526,0.05513260627445279,0.0730282439287016,0.08675588377208679,0.0011946283311408332,24,35,0.09008005584902347,0.1571204955413325,False,True,True,8.604911752205782e-05,COMPLETE
782,0.5910486221313477,2025-04-14 17:17:36.119976,2025-04-14 17:17:44.754206,0 days 00:00:08.634230,0.4563935419358173,0.0306795956660453,8,0.015262108174346185,0.01958945736778843,0.09267654868102702,0.05733743057055255,0.07756684039792472,0.09275978899742998,0.0012380579451641816,23,24,0.09524210470041451,0.14095701528043605,False,True,True,4.3640817111301623e-07,COMPLETE
783,0.28104283213615416,2025-04-14 17:17:44.997796,2025-04-14 17:17:53.728869,0 days 00:00:08.731073,0.42343859671377365,0.11343501110556319,8,0.004538622025831284,0.0353585799567048,0.09256860889550951,0.053904614579111346,0.07830119478769076,0.09355970533798914,0.0020776933040181325,23,18,0.0925190972054864,0.13520101981582627,True,True,True,0.00013687135519512196,COMPLETE
784,0.33914828300476074,2025-04-14 17:17:53.985477,2025-04-14 17:18:02.619455,0 days 00:00:08.633978,0.4546714834989229,0.07234184577895196,8,0.011061289725190495,0.026621551347114893,0.0946823432117632,0.05659825366150906,0.07602027548867295,0.09406869542288189,0.0034086769257044396,23,20,0.0881580748566711,0.14877971630641457,False,False,True,8.915416301438847e-08,COMPLETE
785,0.4079942464828491,2025-04-14 17:18:02.878629,2025-04-14 17:18:21.371058,0 days 00:00:18.492429,0.4562725725774375,0.09251514002681761,2,0.01511800600727315,0.020557208495405488,0.09825251918353381,0.052943634900618215,0.07823825571455642,0.09233200209401693,0.0018148357869716694,24,23,0.0905804661692737,0.14284837939376946,False,True,True,3.998906255182456e-07,COMPLETE
786,0.5495514035224914,2025-04-14 17:18:21.615901,2025-04-14 17:18:30.363332,0 days 00:00:08.747431,0.418100245190356,0.05518823236495528,8,0.004734504874574807,0.029487253704073457,0.08938015913885601,0.05692941719565512,0.0768589183620464,0.09193380706317208,0.001510066478998964,23,21,0.09405439848227512,0.13667567646532766,False,True,True,1.1527980109383709e-07,COMPLETE
787,0.49112780094146735,2025-04-14 17:18:30.621906,2025-04-14 17:18:39.492210,0 days 00:00:08.870304,0.4005040337693251,0.10337650072046153,8,0.00011483960413559077,0.041126750006398566,0.0881374024871667,0.07675285289097525,0.07842247380526048,0.0932521813964998,0.001806684816483291,24,23,0.09181543033667727,0.16430064892711554,False,True,True,1.277984013896894e-07,COMPLETE
788,0.37736361026763915,2025-04-14 17:18:39.740731,2025-04-14 17:18:48.361731,0 days 00:00:08.621000,0.436058078386526,0.07626758645101417,8,0.004008681616916887,0.03184806192514644,0.08843267400260667,0.057187134591905026,0.07730764716515086,0.09377367482156894,0.001553651644713482,23,16,0.08821954178380675,0.1504116037689783,False,True,True,4.593919354662289e-07,COMPLETE
789,0.338972020149231,2025-04-14 17:18:48.618928,2025-04-14 17:18:57.235118,0 days 00:00:08.616190,0.4486421681193025,0.06229544148037311,8,0.004395016098040703,0.039629473957130366,0.09083925085587699,0.05807837102619452,0.07615252158896443,0.09195266179533516,0.001402380366632571,23,15,0.09373792061728274,0.14071795968767578,False,True,False,9.869899698036906e-08,COMPLETE
790,0.48460526466369636,2025-04-14 17:18:57.497244,2025-04-14 17:19:06.264205,0 days 00:00:08.766961,0.45917800078451015,0.09208652087653825,8,0.006056761195085124,0.029850725296210346,0.08920136324213408,0.06448924501481368,0.07946678720421411,0.09064327491613777,0.0021092975761699885,24,20,0.09086059922068931,0.13628181020334398,False,True,True,1.5440843499299875e-07,COMPLETE
791,0.48534592390060427,2025-04-14 17:19:06.511344,2025-04-14 17:19:15.121748,0 days 00:00:08.610404,0.4246541824509732,0.06057521344791607,8,0.007952976281005327,0.03505940814149015,0.0918549847547399,0.06223809269999305,0.07705036576458121,0.09153198151797524,0.0015896540499797825,23,17,0.09551182634233372,0.15647481813123387,False,True,True,7.893535539475996e-08,COMPLETE
792,0.24729971885681154,2025-04-14 17:19:15.382134,2025-04-14 17:19:24.311672,0 days 00:00:08.929538,0.43538795358303994,0.07985905925865266,8,0.010247986466790433,0.1765371750732217,0.09041090500969516,0.05702338196892457,0.07517061955999886,0.09491050770100647,0.0013686426627747127,25,19,0.08751958773442975,0.14640521064692175,False,True,True,7.956046118819898e-08,COMPLETE
793,0.5336524605751037,2025-04-14 17:19:24.576418,2025-04-14 17:19:33.240188,0 days 00:00:08.663770,0.4083951180863503,0.32431686689114264,8,0.006144986039537326,0.02889766130728739,0.09343141078029418,0.058954849756197594,0.07891363408352432,0.0946454535114963,0.0029662483676349705,23,23,0.09316502403888663,0.14258045907263373,False,True,True,6.972310730860178e-05,COMPLETE
