number,value,datetime_start,datetime_complete,duration,params_alpha-eval,params_alpha-train,params_batch-size,params_eps-eval,params_eps-train,params_lambda-actions-eval,params_lambda-actions-train,params_lambda-frames-eval,params_lambda-frames-train,params_learning-rate,params_n-epochs,params_n-frames,params_radius-gw,params_rho,params_std-feats,params_ub-actions,params_ub-frames,params_weight-decay,state
1922,0.5610275745391846,2025-04-14 22:01:03.720471,2025-04-14 22:01:24.899185,0 days 00:00:21.178714,0.6593126518718031,0.029029450424005284,2,0.03578612871462975,0.018002745243060114,0.07847845167132303,0.07069279559494705,0.09624867883656325,0.09304719317397742,0.00035140287801447835,29,27,0.0695092673917366,0.200601892633371,False,True,True,1.3639874592136698e-08,COMPLETE
1923,0.5881918430328369,2025-04-14 22:01:25.541608,2025-04-14 22:01:46.810534,0 days 00:00:21.268926,0.6166799442105707,0.06114321364289188,2,0.059735040148438466,0.006146958501073911,0.052977434989739114,0.06487006874190089,0.09464754926147871,0.0875431699054099,0.00028843940722756117,29,24,0.05045708852689004,0.18541963119990504,False,True,True,2.4694442855406763e-08,COMPLETE
1924,0.31846954822540285,2025-04-14 22:01:47.426657,2025-04-14 22:02:08.464946,0 days 00:00:21.038289,0.6367263147201935,0.08745505077122269,2,0.04771403767923841,0.01213105137210632,0.05745365372785482,0.06623399378399863,0.09792326421541159,0.09535316966728184,0.00018799340131279304,28,96,0.014915167998031482,0.19311240943914032,False,True,True,1.6084722782404955e-06,COMPLETE
1925,0.40896043777465824,2025-04-14 22:02:09.119933,2025-04-14 22:02:31.004670,0 days 00:00:21.884737,0.6031261589463769,0.027445538697895247,2,0.04135112689209213,0.0058760130321031945,0.04181249586789674,0.06338598398195626,0.0895657955316154,0.09070625850905761,0.0004040221368427244,30,29,0.021752348005677546,0.2045601296353671,False,True,True,4.642491817939256e-08,COMPLETE
1926,0.19819516539573673,2025-04-14 22:02:31.645080,2025-04-14 22:02:53.536683,0 days 00:00:21.891603,0.6886775953070213,0.06382327239894742,2,0.11419583706832115,0.017859102177783664,0.04398780959722138,0.06065551820836922,0.0883102825204124,0.09347524920757029,0.00023076054492985847,30,21,0.018144392759648922,0.1807358339693883,False,True,True,3.2233073122062704e-08,COMPLETE
1927,0.23619554042816163,2025-04-14 22:02:54.170105,2025-04-14 22:03:14.679057,0 days 00:00:20.508952,0.6652310210942224,0.048285664452605806,2,0.16598335551823695,0.0058199347259821396,0.05366900178549938,0.06862805493066536,0.09281654329891119,0.08905986876563785,0.03851213296305082,28,34,0.02580511910048123,0.18938700853661797,False,False,True,2.2951789915731956e-08,COMPLETE
1928,0.576704239845276,2025-04-14 22:03:15.327775,2025-04-14 22:03:36.641753,0 days 00:00:21.313978,0.6278430383577875,0.02738620791700571,2,0.03578504106539566,0.01298089697182337,0.0514145283052204,0.06665581918376169,0.09584017819682736,0.09137732934130519,0.0004751367660850842,29,25,0.019551514108740696,0.20927856566204495,False,True,True,3.917099508862371e-08,COMPLETE
1929,0.19931281208992005,2025-04-14 22:03:37.257576,2025-04-14 22:03:58.699740,0 days 00:00:21.442164,0.6413370310846676,0.010713861156297085,2,0.030168135895965977,0.21930217802861302,0.08181558414203283,0.06308963895463289,0.09150405795957203,0.0959640868296194,0.00033973546342117803,29,27,0.014151644489286599,0.19926583673061066,True,True,True,1.775290858009129e-08,COMPLETE
1930,0.45734097957611086,2025-04-14 22:03:59.343793,2025-04-14 22:04:20.229274,0 days 00:00:20.885481,0.6042261868170269,0.04361657132721757,2,0.044965998842245995,0.00036045292888910434,0.04488596663851114,0.07045221237467936,0.0940876091549591,0.08681358965199114,0.000158708157390926,28,32,0.023461546842606373,0.19470196270613002,False,True,True,2.9497289655726227e-08,COMPLETE
1931,0.33609992265701294,2025-04-14 22:04:20.855133,2025-04-14 22:04:42.725729,0 days 00:00:21.870596,0.6215360615008956,0.25807492788963593,2,0.055071566375027574,0.010872815357534605,0.04990284379764781,0.06480070162834785,0.09766046689342213,0.09331999146476273,0.0006024400409698823,30,137,0.01666303069370536,0.17833687561547537,False,True,True,4.5290223587892196e-08,COMPLETE
1932,0.554136061668396,2025-04-14 22:04:43.367120,2025-04-14 22:05:04.634089,0 days 00:00:21.266969,0.660017468661705,0.07371664883835374,2,0.029458159174415806,0.0002979527497051792,0.07978118112742588,0.06848213133748296,0.08839531994605011,0.0891383390542753,0.00024917586525254276,29,21,0.026251343121462115,0.21488022872973456,False,True,True,1.8326639845418e-08,COMPLETE
1933,0.5695615649223328,2025-04-14 22:05:05.280469,2025-04-14 22:05:27.233309,0 days 00:00:21.952840,0.5983620264750266,0.04088808780539842,2,0.0611660801253101,0.017338859003473473,0.07735923083709187,0.06637653064972483,0.09263056626460046,0.09621274104736618,0.00031370165716900926,30,30,0.020452847756440382,0.18475888085176168,False,True,True,2.476530292935146e-08,COMPLETE
1934,0.3403220891952515,2025-04-14 22:05:27.852236,2025-04-14 22:05:35.764053,0 days 00:00:07.911817,0.6478817488207825,0.3722656215741965,16,0.049687346181262436,0.010411200428979694,0.05129625819648754,0.0628536733650957,0.09094560652266541,0.012258494309893786,0.0003916843583278675,29,24,0.023183611474208186,0.20458382693580948,False,True,True,1.3029981056558296e-08,COMPLETE
1935,0.3830590724945069,2025-04-14 22:05:36.404786,2025-04-14 22:05:57.307080,0 days 00:00:20.902294,0.7113367064126749,0.08863332986388511,2,0.1801516459649829,0.006061009764773802,0.046977711249780736,0.06075641823942739,0.0956224526406657,0.09105566978269973,3.828000587153368e-05,28,28,0.013926649179569567,0.18981729635418676,False,True,False,3.799392657023317e-08,COMPLETE
1936,0.4757755398750306,2025-04-14 22:05:57.954555,2025-04-14 22:06:19.549596,0 days 00:00:21.595041,0.6221074878177695,0.02816700897493527,2,0.03825371824059381,0.01849771705324173,0.04588434922438876,0.06475069856708744,0.09024030280064654,0.09449380647091503,0.0004873581660934848,30,21,0.0665830970174904,0.19721503808068014,False,True,True,2.9921294594592705e-08,COMPLETE
1937,0.44121234416961674,2025-04-14 22:06:20.177451,2025-04-14 22:06:40.914981,0 days 00:00:20.737530,0.6807402340036285,0.05672177816234158,2,0.04312235456281803,0.011577610167890922,0.08091985937471852,0.07028919645772973,0.09374680146354857,0.09227503152174747,0.0005668185558639398,28,37,0.017149426807564823,0.20784309904256676,False,True,True,5.12333015807164e-08,COMPLETE
1938,0.45985188484191897,2025-04-14 22:06:41.572001,2025-04-14 22:07:03.071790,0 days 00:00:21.499789,0.6058764363009225,0.6007060089366363,2,0.05463343756758426,0.006024096241322694,0.08153032860351618,0.06689940052759986,0.09649096530085051,0.08871689173106619,5.0904956241669546e-05,29,25,0.028464383565384867,0.18698295915107493,False,True,True,1.986846337866918e-08,COMPLETE
1939,0.4476428866386414,2025-04-14 22:07:03.700961,2025-04-14 22:07:25.032768,0 days 00:00:21.331807,0.6430419128982453,0.06360075529903805,2,0.03538061632945548,0.005618111049976195,0.06724758669554234,0.06857548808682574,0.0923068045020613,0.09375957024884438,0.0002750712287888902,29,32,0.019038116205581802,0.21934592936196146,False,True,True,3.807524725736792e-08,COMPLETE
1940,0.5252618670463562,2025-04-14 22:07:25.677285,2025-04-14 22:07:47.450090,0 days 00:00:21.772805,0.6039558613921655,0.026942926194686086,2,0.04777032316695233,0.017497896362528284,0.08466856430449857,0.07913430904388594,0.08773112685285872,0.09031039341988653,0.0003675131781006828,30,27,0.015554038011628225,0.1761753789517505,False,True,True,2.525773072978438e-08,COMPLETE
1941,0.5677146911621094,2025-04-14 22:07:48.074045,2025-04-14 22:08:09.995686,0 days 00:00:21.921641,0.6266789408048684,0.04663814529230296,2,0.0422428055904695,0.00032248927328330443,0.07980470248844625,0.07203140994499135,0.09779628672129458,0.08710179499731123,0.0002215287431564273,30,23,0.0419083488359548,0.19937221427201254,False,True,True,1.5823741776424254e-08,COMPLETE
1942,0.20308213233947753,2025-04-14 22:08:10.636384,2025-04-14 22:08:31.453473,0 days 00:00:20.817089,0.6633535789975461,0.010905946526155057,2,0.18677498067051407,0.01256364509207697,0.07715451987506554,0.06443369675406672,0.09495724289317999,0.09260354807330497,0.0003122700961276424,28,30,0.025025192014988505,0.19235608134221713,False,True,True,3.1756162634355066e-08,COMPLETE
1943,0.5764234185218812,2025-04-14 22:08:32.104033,2025-04-14 22:08:53.214539,0 days 00:00:21.110506,0.6016170462617715,0.010056400075356811,2,0.035397287478680005,0.00022430426849167056,0.054299937210600266,0.0624029539464891,0.09014201993760187,0.09624444307897638,0.0004516639202614774,29,24,0.07121733300889549,0.20308517217464267,False,True,True,5.032133633177918e-08,COMPLETE
1944,0.6037989377975463,2025-04-14 22:08:53.837380,2025-04-14 22:09:15.771641,0 days 00:00:21.934261,0.6423942006866649,0.029900528250666622,2,0.061736579297019756,0.00010482535731729317,0.0484674764630113,0.06687596559979206,0.09277171594101619,0.09459248143404483,0.0005905112994545753,30,27,0.021586693094563937,0.18077003218947785,False,True,True,2.182504964047797e-08,COMPLETE
1945,0.2484215021133423,2025-04-14 22:09:16.415005,2025-04-14 22:09:38.221791,0 days 00:00:21.806786,0.6216954852132073,0.02708631615620462,2,0.0634798676028942,0.0056225018036692295,0.042891215972412154,0.01148823742445576,0.08877416902471291,0.09632747444719786,0.0006217301610881257,30,22,0.023214292159087352,0.17744612144910027,False,True,True,2.70838749954504e-08,COMPLETE
1946,0.35358753800392156,2025-04-14 22:09:38.877141,2025-04-14 22:10:00.520540,0 days 00:00:21.643399,0.5956755221266778,0.031002557623565675,2,0.0604950908851498,0.0004331852511388328,0.04520398354626604,0.06566552591734603,0.09110706646932965,0.09062814909739862,0.000605301133747478,30,21,0.021935325815348208,0.18085097607994008,False,False,True,3.6852127021197465e-08,COMPLETE
1947,0.19931281208992005,2025-04-14 22:10:01.159944,2025-04-14 22:10:10.937661,0 days 00:00:09.777717,0.6330068759554428,0.025453846910463686,2,0.27183283259559127,0.005767014532901681,0.08201585868989983,0.06864814744541886,0.08876493213119895,0.033370380963530684,0.0005097695564853129,7,26,0.02130273752012401,0.21099655270605175,True,True,True,4.695741458884054e-08,COMPLETE
1948,0.2539489507675171,2025-04-14 22:10:11.587833,2025-04-14 22:10:33.434390,0 days 00:00:21.846557,0.6174333813263246,0.02712127745485966,2,0.0629047401145952,0.00012964484643295876,0.048044486627443546,0.06406856204080877,0.09213947708601912,0.007736534234544339,6.695259293968957e-05,30,24,0.024584069880882648,0.17405124817760254,False,True,True,3.151708877684887e-08,COMPLETE
1949,0.5374732375144959,2025-04-14 22:10:34.055214,2025-04-14 22:10:56.021481,0 days 00:00:21.966267,0.5925525248007465,0.04279154502163189,2,0.05751874880901295,0.009977781680517425,0.08472814808778258,0.06119969445060143,0.0876448095127362,0.09468715577308584,0.0005776411701172762,30,21,0.022314403864507802,0.19516632016550772,False,True,True,2.306709242792477e-08,COMPLETE
1950,0.5932632565498352,2025-04-14 22:10:56.666037,2025-04-14 22:11:18.593815,0 days 00:00:21.927778,0.6390199469153657,0.02676012361087842,2,0.05937443956600923,0.00033304339162449844,0.04615007019274493,0.06568838489954985,0.0922948736765268,0.09181623349053891,0.0005120464586879246,30,27,0.02083915859240545,0.2068919969067836,False,True,True,1.3325843803544806e-08,COMPLETE
1951,0.49173617362976074,2025-04-14 22:11:19.242812,2025-04-14 22:11:27.215485,0 days 00:00:07.972673,0.6149654140134161,0.04257609278790463,16,0.06357049123303897,0.0002770953907652219,0.07818067413766269,0.0694148515803612,0.09019483428424582,0.08742021347304978,0.0005928236543418366,30,30,0.026984455523148015,0.1746007463684673,False,True,True,4.132987339588208e-08,COMPLETE
1952,0.5684860587120056,2025-04-14 22:11:27.840868,2025-04-14 22:11:49.707639,0 days 00:00:21.866771,0.5825453243008188,0.027008210747331923,2,0.06338017287860344,0.009947451174647298,0.08318166629610019,0.06307725140880156,0.09361614044849292,0.09648601933285424,0.0005929299038157958,30,24,0.023257495166890393,0.21403584365284495,False,True,True,1.7456825150421553e-08,COMPLETE
1953,0.595351266860962,2025-04-14 22:11:50.360944,2025-04-14 22:12:12.369919,0 days 00:00:22.008975,0.600793874945002,0.010805622685186974,2,0.055826899335190694,0.0057484848155985495,0.0789288317866142,0.0668217582907096,0.09095237189489049,0.08931475192937743,0.0006132376067932389,30,26,0.024664706340459974,0.18867991291981093,False,True,True,6.062719935270416e-08,COMPLETE
1954,0.4859220027923584,2025-04-14 22:12:13.028045,2025-04-14 22:12:34.516979,0 days 00:00:21.488934,0.6008777567014177,0.026923311191935157,2,0.06277301259561646,0.00649349788201998,0.07881122219541856,0.06752562542799527,0.08739705103628301,0.08617023634900739,0.0006443096825544027,30,34,0.025191890016035466,0.18380070708666188,False,True,False,5.829704162777891e-08,COMPLETE
1955,0.580141031742096,2025-04-14 22:12:35.142315,2025-04-14 22:12:57.301048,0 days 00:00:22.158733,0.5864888773293168,0.01163667673531699,2,0.057766445402757924,0.0001879967352875142,0.07755961194680518,0.07112653596766451,0.08996276308136274,0.08674631520132385,0.0006127769292030104,30,31,0.02676713377262623,0.18075479321056398,False,True,True,6.037571466280146e-08,COMPLETE
1956,0.5828293323516845,2025-04-14 22:12:57.954217,2025-04-14 22:13:19.901344,0 days 00:00:21.947127,0.5745192600546103,0.025047327811420262,2,0.05656536575396904,0.006004406909795819,0.07967306184850892,0.06711431989603864,0.08965906780293238,0.08813553678306073,0.0006069510010257025,30,28,0.022752955734837384,0.18956275193172273,False,True,True,4.08582680083161e-08,COMPLETE
1957,0.4467404842376709,2025-04-14 22:13:20.563720,2025-04-14 22:13:42.551644,0 days 00:00:21.987924,0.606108479303809,0.012122060105925966,2,0.06534385875324797,0.006489239518701329,0.07908603548251389,0.07315472593948118,0.09130500239023719,0.08619654683063142,0.000541633651601953,30,33,0.029569143786999375,0.18713479305230535,False,True,True,5.645586018369916e-08,COMPLETE
1958,0.5931956887245179,2025-04-14 22:13:43.180474,2025-04-14 22:14:05.000955,0 days 00:00:21.820481,0.6275663318865913,0.010260769122561806,2,0.05687183570328012,0.009814883736191066,0.07687171061705281,0.06971663124598289,0.08672845335150015,0.08879155855596244,0.0006184116889046612,30,29,0.02546729676425688,0.19312603984121138,False,True,True,7.011391874850641e-08,COMPLETE
1959,0.5802626132965089,2025-04-14 22:14:05.655866,2025-04-14 22:14:27.473907,0 days 00:00:21.818041,0.5736525183991903,0.010211775336728717,2,0.06206485826214317,0.00023631888517894643,0.07993824581716208,0.06561227055585235,0.08875065169868807,0.08948914640177776,0.0005024083953127878,30,27,0.024580001043846417,0.18041081332668168,False,True,True,4.6806665726853735e-08,COMPLETE
1960,0.5767856240272522,2025-04-14 22:14:28.107518,2025-04-14 22:14:50.036125,0 days 00:00:21.928607,0.5954925168309961,0.028879910040674042,2,0.05228624910478335,0.011117078011405658,0.07674002943707987,0.06834287079970273,0.09193194593795101,0.08607344984649974,0.00048633088315132143,30,31,0.02690276374104773,0.18837488906667382,False,True,True,5.873482689725368e-08,COMPLETE
1961,0.28376543521881104,2025-04-14 22:14:50.691975,2025-04-14 22:15:12.234725,0 days 00:00:21.542750,0.6136679339794339,0.010174043276464342,2,0.054863597340005836,0.005861448497614355,0.08144000314004002,0.06441799612513366,0.09129473842891517,0.08849341315198213,0.006547664317110625,30,36,0.028333291405153956,0.1744644988955443,False,True,True,4.829992113829412e-08,COMPLETE
1962,0.25437196493148806,2025-04-14 22:15:12.866640,2025-04-14 22:15:35.042256,0 days 00:00:22.175616,0.6329104663947814,0.02923719905761021,2,0.0640431459745998,0.012885359151777093,0.07838896542264318,0.016241393869296177,0.09314241054749395,0.02288473589974584,0.0006317219579895278,30,27,0.02331507681414861,0.1985439616799519,False,True,True,6.20784684077361e-08,COMPLETE
1963,0.5831109523773194,2025-04-14 22:15:35.690758,2025-04-14 22:15:57.635981,0 days 00:00:21.945223,0.5965149697026597,0.041258810954677025,2,0.054985858611216305,0.00014936769429668532,0.08171197793426632,0.06685182371136718,0.08889615257412097,0.0891399488247351,0.0004971531472144623,30,25,0.0248945250996329,0.1941892156364047,False,True,True,7.342715906549065e-08,COMPLETE
1964,0.5916644096374511,2025-04-14 22:15:58.290024,2025-04-14 22:16:20.277453,0 days 00:00:21.987429,0.6250341623802107,0.028721873161897803,2,0.06127691636205617,0.006568886356333238,0.07579056206128014,0.07129781446093786,0.0906041229396446,0.08709773625169082,0.0006254281069612157,30,30,0.022271184177498855,0.18394782689952627,False,True,True,3.8792082984461813e-08,COMPLETE
1965,0.22498888373374942,2025-04-14 22:16:20.912782,2025-04-14 22:16:42.091227,0 days 00:00:21.178445,0.5656828983564868,0.9076761366765258,2,0.052887424921212955,0.013015144227835413,0.0829357963162921,0.06587125538713359,0.09286198438929713,0.0901321719697295,0.00046532676252832836,29,26,0.020228030330005226,0.18989570933021,False,False,True,4.918007694802661e-08,COMPLETE
1966,0.41743228435516355,2025-04-14 22:16:42.743702,2025-04-14 22:17:04.452575,0 days 00:00:21.708873,0.5997716343057136,0.010644537367413677,2,0.053821848335214126,0.00016159825218890511,0.07921810721550229,0.06056114555245965,0.08605968499466882,0.09053779581041697,0.0005581805922612267,30,32,0.03215475055987138,0.2011977537469754,False,True,True,3.3123371045363916e-08,COMPLETE
1967,0.40509148836135866,2025-04-14 22:17:05.113827,2025-04-14 22:17:26.795542,0 days 00:00:21.681715,0.5794725555674917,0.028292530087094547,2,0.05970378907007826,0.006097352052283377,0.08020632208986722,0.06902168038882059,0.09404899184045742,0.08608133692057961,0.0006233290846734173,29,29,0.024425064715680653,0.18239037763686494,True,True,True,5.2411520684201086e-08,COMPLETE
1968,0.2353984594345093,2025-04-14 22:17:27.433466,2025-04-14 22:17:49.336299,0 days 00:00:21.902833,0.6175114995441114,0.6805594889846374,2,0.06617360653106413,0.01302918719382457,0.07748995684771834,0.06271997167572751,0.09559015404333913,0.08797510896774421,2.137321559625695e-05,30,21,0.021099701218116627,0.19674076786772166,False,True,True,2.902107167746422e-08,COMPLETE
1969,0.5229753375053405,2025-04-14 22:17:49.995543,2025-04-14 22:18:11.917157,0 days 00:00:21.921614,0.6478663507232163,0.02955650843075481,2,0.0635619905989287,0.005946708133513034,0.08314484526032859,0.06462863065843294,0.09089254760554445,0.09101473416476576,0.00044079848370842304,30,24,0.02718370172385169,0.17667343648758302,False,True,True,4.066729994630979e-08,COMPLETE
1970,0.5799766778945923,2025-04-14 22:18:12.547312,2025-04-14 22:18:33.986744,0 days 00:00:21.439432,0.6125755172316065,0.011202451969706179,2,0.05303439349817757,0.01145355910434622,0.07566467274853489,0.06722334905803827,0.08846147520938405,0.06754088813998996,0.0005148444091232403,29,27,0.03006134031162609,0.19146185038586666,False,True,True,2.501984926942869e-08,COMPLETE
1971,0.312058436870575,2025-04-14 22:18:34.641659,2025-04-14 22:18:55.946229,0 days 00:00:21.304570,0.6409541186558524,0.0435337333879723,2,0.05028254948429473,0.0055228195522488205,0.04104117813107481,0.07023743094768788,0.09273809081464209,0.08943421628158336,0.00043209270347585116,29,74,0.02344579468600984,0.2032304476989098,False,True,True,3.353115151611115e-08,COMPLETE
1972,0.41799430847167973,2025-04-14 22:18:56.605423,2025-04-14 22:19:18.588461,0 days 00:00:21.983038,0.5690027173170815,0.042372525381399365,2,0.05823868646821767,0.00015871256094988646,0.04770489903384822,0.06384143879623454,0.08684618264357183,0.09229723553948278,0.0006139513425906404,30,34,0.02146370331384569,0.1864515208648694,False,True,True,7.292880628381087e-08,COMPLETE
1973,0.29515442848205564,2025-04-14 22:19:19.223834,2025-04-14 22:19:40.504465,0 days 00:00:21.280631,0.5920579838746358,0.010816541609035012,2,0.04857023640324442,0.12770201656342767,0.08097954836652077,0.06781814874210458,0.0951225571289587,0.0888631725333583,0.0004284917243672062,29,24,0.025808107726083485,0.19454063723349832,False,True,False,5.730723059193953e-08,COMPLETE
1974,0.5846954703330994,2025-04-14 22:19:41.169034,2025-04-14 22:20:03.105725,0 days 00:00:21.936691,0.6650485117622991,0.04393278924625467,2,0.057547103607820664,0.016857224571387427,0.07765678363069341,0.06612367265367017,0.09171880338976149,0.09101643257587774,0.0005138137974925709,30,29,0.018960558381761253,0.1997505195877019,False,True,True,2.0396715196162285e-08,COMPLETE
1975,0.34193441867828367,2025-04-14 22:20:03.739253,2025-04-14 22:20:25.080690,0 days 00:00:21.341437,0.6216083207588575,0.33194930012221435,2,0.04973352382980351,0.009511988508154726,0.0837295821399977,0.06220867247317787,0.09384182428299778,0.08522933008064812,0.0006654477737651455,29,21,0.02390288582077682,0.18263140555693033,False,True,True,4.278945678367022e-08,COMPLETE
1976,0.3042747855186463,2025-04-14 22:20:25.741364,2025-04-14 22:20:47.743575,0 days 00:00:22.002211,0.6008903177880446,0.02838573249531961,2,0.052092614986324656,0.005912729828069831,0.07440761083396673,0.07264452424157108,0.08971361174661371,0.08761519759099567,0.00043839418467820057,30,90,0.027674125260714163,0.20871305430331855,False,True,True,2.7961466805856334e-08,COMPLETE
1977,0.5374915838241577,2025-04-14 22:20:48.406600,2025-04-14 22:21:09.883372,0 days 00:00:21.476772,0.6461475202545836,0.010250825357863067,2,0.06435274300573086,0.014219977611914842,0.08017959610842153,0.06871711648916305,0.09707759761403492,0.09295698024991277,0.0005357348273490422,29,27,0.0202185324175253,0.18920064098978995,False,True,True,1.53984645797544e-08,COMPLETE
