number,value,datetime_start,datetime_complete,duration,params_alpha-eval,params_alpha-train,params_batch-size,params_eps-eval,params_eps-train,params_lambda-actions-eval,params_lambda-actions-train,params_lambda-frames-eval,params_lambda-frames-train,params_learning-rate,params_n-epochs,params_n-frames,params_radius-gw,params_rho,params_std-feats,params_ub-actions,params_ub-frames,params_weight-decay,state
623,0.5398848056793213,2025-04-14 16:51:35.863092,2025-04-14 16:51:44.022756,0 days 00:00:08.159664,0.5693108610063005,0.02919181279720688,8,0.024351100379584108,0.006210072619879996,0.002693261955784861,0.05499338617312285,0.06561979287218558,0.08554201632670719,0.0012091768074918696,20,29,0.09477023839490605,0.13509861462289408,False,True,True,0.00012594566962742952,COMPLETE
624,0.4067394018173218,2025-04-14 16:51:44.229240,2025-04-14 16:51:52.406869,0 days 00:00:08.177629,0.6133918852587439,0.027480500523325853,8,0.01666761472709416,0.03317661482682251,0.007662498533931828,0.049186214068316525,0.06765972235695346,0.08460228432381146,0.0017919248847287665,20,23,0.09480637462442616,0.13444671486860438,False,True,True,0.00032779651372183226,COMPLETE
625,0.2121138572692871,2025-04-14 16:51:52.605175,2025-04-14 16:52:00.819717,0 days 00:00:08.214542,0.4738842698566982,0.027601192318193073,8,0.01334201825582556,0.0974500576748485,0.006112071177887517,0.05234303275382601,0.06445954885978256,0.08090574630780648,0.0015379189284087838,20,27,0.09768984616220695,0.14274975646380894,False,True,True,0.00017599958075980814,COMPLETE
626,0.3335588335990906,2025-04-14 16:52:01.026825,2025-04-14 16:52:09.172827,0 days 00:00:08.146002,0.4325443952993398,0.04322529368329183,8,0.0291613533286395,0.018240246854172738,0.012169322471514182,0.05135798967210912,0.06169703393327275,0.08650009183020718,0.0012120095941834945,19,29,0.09460317815806572,0.12533682250531325,True,True,True,0.00013175882109747882,COMPLETE
627,0.3892747521400452,2025-04-14 16:52:09.371654,2025-04-14 16:52:17.602105,0 days 00:00:08.230451,0.5552115708710752,0.024712835778519973,8,0.03975247155636068,0.013720671262239924,0.036475466895389316,0.05423854062988998,0.06583275869437738,0.08896831345023598,0.0013119783672540853,20,24,0.09658484314877808,0.1364227697006055,False,True,True,0.00025544295727776377,COMPLETE
628,0.3661193370819092,2025-04-14 16:52:17.808250,2025-04-14 16:52:25.973302,0 days 00:00:08.165052,0.6365018318140176,0.04841259126705083,8,0.06698669886131198,0.02297338060102364,0.0032595514713190258,0.05483598200656472,0.0648180724617946,0.07777761938753384,0.0018842475213287132,20,28,0.09406053630932867,0.12976560153550185,False,True,True,0.00015106843331999447,COMPLETE
629,0.26834237575531006,2025-04-14 16:52:26.172520,2025-04-14 16:52:34.310979,0 days 00:00:08.138459,0.5845693532510837,0.02563313605849077,8,0.0212453243543509,0.009478446136535017,0.05460926350725316,0.04562979936702296,0.08414266895853494,0.08304510487475698,0.0010791737441429542,19,35,0.09986010203549542,0.14266222208816365,False,True,True,0.00012380397461761106,COMPLETE
630,0.3987496137619019,2025-04-14 16:52:34.519041,2025-04-14 16:52:42.882928,0 days 00:00:08.363887,0.7375364401733366,0.0454868960716511,8,0.010867995256262723,0.01688446917582493,0.005782409119348346,0.060282749032124966,0.06724883080183199,0.04172617701848455,0.0015422070533387434,21,30,0.09251417067430792,0.13440000041439912,False,True,True,0.00010454143711860245,COMPLETE
631,0.3432756006717682,2025-04-14 16:52:43.083024,2025-04-14 16:52:51.028047,0 days 00:00:07.945023,0.48662514585850647,0.05906169750391915,8,0.058180863526002324,0.005766719924199094,0.009927008464228705,0.0577508992524389,0.09057137417700928,0.09078167650005865,0.001199809890807871,18,26,0.09540598426316141,0.12163136017551082,False,False,True,0.00021462579889980628,COMPLETE
632,0.45333890914916997,2025-04-14 16:52:51.236106,2025-04-14 16:52:59.457062,0 days 00:00:08.220956,0.6754272901438646,0.010540088136776756,8,0.13552856370696514,0.029238375689354827,0.0028246679913282112,0.050090615021129443,0.06446803075663483,0.0802281676229993,0.0010225068092817946,20,33,0.09132057000789068,0.14865315881659985,False,True,True,0.00011435551595021061,COMPLETE
633,0.5434930801391602,2025-04-14 16:52:59.656913,2025-04-14 16:53:07.723576,0 days 00:00:08.066663,0.45674309344273467,0.04144327340116154,8,0.04903128647508459,0.011864515668223587,0.004540142618443178,0.052438508775397547,0.06861602649366211,0.08655839106655154,0.0014042162251338293,19,30,0.09329356527805291,0.13937009059768735,False,True,True,0.00017514364629410038,COMPLETE
634,0.26910429000854497,2025-04-14 16:53:07.933918,2025-04-14 16:53:15.992012,0 days 00:00:08.058094,0.45612233678871905,0.08464865675150429,8,0.1614573679064156,0.005872985319635687,0.00796730159771274,0.05112939729455442,0.0667894976535596,0.08692759594749155,0.002052921691359798,19,21,0.09331806401314728,0.1416063605005813,False,True,True,0.00018118822623277697,COMPLETE
635,0.19807751774787904,2025-04-14 16:53:16.189909,2025-04-14 16:53:31.391033,0 days 00:00:15.201124,0.4309784148688155,0.4203479304281586,2,0.05498438062348115,0.1197121990291097,0.059547880004171466,0.048464502241744326,0.0696250195592992,0.0885812572103438,0.0016616170379829063,17,144,0.09657418673220786,0.15101181129525162,False,True,True,0.00023635946005027547,COMPLETE
636,0.2879578471183777,2025-04-14 16:53:31.603493,2025-04-14 16:53:39.519408,0 days 00:00:07.915915,0.4500023378848525,0.10366396088257775,8,0.04585696057914163,0.0112113796720977,0.007687101044670769,0.053239535971441,0.06954231029257565,0.09260940651060938,0.0014219876656440806,18,29,0.0933530273820535,0.1386384622617257,False,True,False,0.00031498497570488606,COMPLETE
637,0.357176399230957,2025-04-14 16:53:39.717648,2025-04-14 16:53:47.683976,0 days 00:00:07.966328,0.4601873312757954,0.7767160637888885,8,0.05840984487383435,0.22374400073648879,0.005878859428491045,0.05167284576629893,0.06350114796593392,0.09042160654547023,0.0013059804679679842,18,26,0.09149228743476107,0.2411676044780643,False,True,True,0.00016738188084806712,COMPLETE
638,0.28801488876342773,2025-04-14 16:53:47.893800,2025-04-14 16:53:55.997538,0 days 00:00:08.103738,0.47952827789709795,0.05610751661407891,8,0.048972426611935,0.005890124632210532,0.014323257951319814,0.05044649111768141,0.06849983780214149,0.08586307833688847,0.0021507862969360643,19,35,0.09558788034416553,0.14495331275865517,False,True,True,0.00019972675308674515,COMPLETE
639,0.42320009469985964,2025-04-14 16:53:56.194992,2025-04-14 16:54:04.226550,0 days 00:00:08.031558,0.4393603791788177,0.07710520726482795,8,0.052730668445107515,0.011542225762319478,0.010150541790060337,0.053336811941025505,0.06682770215757322,0.07395964995375266,0.0017362191884962217,19,24,0.09840159910152366,0.13675386520594407,False,True,True,2.9957822248887804e-05,COMPLETE
640,0.4137150168418885,2025-04-14 16:54:04.438352,2025-04-14 16:54:12.522112,0 days 00:00:08.083760,0.49087988127752447,0.04526672252223402,8,0.1166897419489071,0.014103165383326963,0.004790394239320315,0.046854950346677686,0.07106004191262696,0.08819826744659875,0.0013583390369954582,19,32,0.09303029600335966,0.14477234014648416,False,True,True,0.00014885200078288308,COMPLETE
641,0.4312898993492127,2025-04-14 16:54:12.723284,2025-04-14 16:54:20.995755,0 days 00:00:08.272471,0.700058342135714,0.3623354099446282,8,0.05092027187114744,0.005448455737876026,0.006724935164024479,0.054837675479091935,0.07274643896552946,0.08467159185894929,0.0011417706443429317,20,37,0.08954164677742917,0.15218531188358422,False,True,True,0.0002540123265227936,COMPLETE
642,0.4080579042434692,2025-04-14 16:54:21.209290,2025-04-14 16:54:29.207470,0 days 00:00:07.998180,0.42012167335788525,0.06509343307647567,8,0.04283422306638932,0.021941513900982222,0.0035005561051085475,0.052586032622578875,0.06602561261624926,0.08193942570018364,0.001694296257787653,19,29,0.09470177550012758,0.1307946592088428,False,True,True,3.941072954787169e-05,COMPLETE
643,0.19931281208992005,2025-04-14 16:54:29.408548,2025-04-14 16:54:37.327743,0 days 00:00:07.919195,0.4730546789745546,0.10217894211646138,8,0.016514861375887643,0.2588318744638286,0.04612315930225995,0.05513124153472827,0.06157410147010574,0.09023250204885924,0.0008603868116140707,18,34,0.09164633254459004,0.13790941788454897,False,True,True,5.926560415501414e-05,COMPLETE
644,0.37397103309631347,2025-04-14 16:54:37.539181,2025-04-14 16:54:45.810294,0 days 00:00:08.271113,0.49266113029230557,0.039577032801412754,8,0.06474792943768028,0.010156377843703763,0.00512756628986067,0.059863371458530094,0.06900821067488612,0.08771095344167029,0.001457720500021847,20,30,0.08927144540919073,0.13363909380291114,False,True,True,9.671282790944986e-05,COMPLETE
645,0.3472406148910523,2025-04-14 16:54:46.011547,2025-04-14 16:54:55.493697,0 days 00:00:09.482150,0.45763239680079193,0.010258656050623302,8,0.011082509585183023,0.016217774428605797,0.016788288214393567,0.0491739912580171,0.09517724282766388,0.08584310102563969,0.0011998358756953073,28,27,0.08811118515738335,0.14701344276312708,True,True,True,0.00016722500601491777,COMPLETE
646,0.2758643507957459,2025-04-14 16:54:55.706451,2025-04-14 16:55:03.980295,0 days 00:00:08.273844,0.5289021606961096,0.08304728956127999,8,0.04724291631155435,0.00043994986039395424,0.02773106035599289,0.050618896761739834,0.07036090838890988,0.078937984901207,0.0009651313361034677,20,38,0.0906887014992388,0.14125894031568478,False,True,True,0.00047162936886218704,COMPLETE
647,0.3694338381290436,2025-04-14 16:55:04.196083,2025-04-14 16:55:12.276478,0 days 00:00:08.080395,0.47656291570223014,0.056637561633062536,8,0.01984920945002494,0.005787136096134387,0.02301109950931439,0.05757869143436949,0.07341836734215366,0.09171442551124534,0.00152248743321176,19,33,0.09367298427814003,0.13048096760674083,False,False,True,9.32253420311615e-05,COMPLETE
648,0.2932174801826477,2025-04-14 16:55:12.478862,2025-04-14 16:55:20.558590,0 days 00:00:08.079728,0.4986861636492322,0.030884741146877316,8,0.009796954889989913,0.021121890565965376,0.009969119677976833,0.05376560687286192,0.06525820843745106,0.08317095036409211,0.0025873347268486097,19,23,0.09987265868212283,0.15437629725993798,False,True,True,0.00013578844754120589,COMPLETE
649,0.5394992351531982,2025-04-14 16:55:20.773844,2025-04-14 16:55:28.725914,0 days 00:00:07.952070,0.534601933149855,0.010223377700588607,8,0.024616535283381896,0.011624917684617082,0.06309071553623849,0.058730747147047346,0.07108597566353628,0.08124494086174529,0.0011596700755358077,18,31,0.09685766177864145,0.14124083916527647,False,True,True,4.757872645309992e-05,COMPLETE
650,0.5157451391220094,2025-04-14 16:55:28.931385,2025-04-14 16:55:36.855025,0 days 00:00:07.923640,0.5399062741741242,0.011553434433786189,8,0.02671631240443495,0.010270710814778511,0.0738855425248229,0.056831927514070124,0.07119768159076273,0.07646195441725104,0.001214011201493718,18,28,0.09746748583722627,0.13584710827984778,False,True,True,4.341975008897817e-05,COMPLETE
651,0.46079648733139045,2025-04-14 16:55:37.074353,2025-04-14 16:55:45.034424,0 days 00:00:07.960071,0.6662786693623957,0.024868231639514113,8,0.03659615881797041,0.00024994946310371094,0.008211266120663523,0.055066601831205375,0.06860686691243613,0.08012305922957395,0.0019099389026752019,18,26,0.09679411366597564,0.12815407502319515,False,True,True,3.362577764552186e-05,COMPLETE
652,0.5417014002799988,2025-04-14 16:55:45.240093,2025-04-14 16:55:53.192396,0 days 00:00:07.952303,0.624946376991719,0.02568181083111483,8,0.02630217222571219,0.017087116764575312,0.003146547556116064,0.05229983301078847,0.07138907259944556,0.08156878550474246,0.0010409760671688127,18,31,0.09607370154094123,0.14066569192236,False,True,True,5.014817944557066e-05,COMPLETE
653,0.5482596516609193,2025-04-14 16:55:53.409815,2025-04-14 16:56:01.340145,0 days 00:00:07.930330,0.6512116706604281,0.013111995157208092,8,0.03654726311857673,0.024430668450845655,0.0710582866834738,0.048038791786638106,0.0726945686362574,0.07795323193101489,0.0011409475413724807,18,30,0.09834874765949514,0.14205456816806838,False,True,True,4.7412446804682316e-05,COMPLETE
654,0.19931281208992005,2025-04-14 16:56:01.544983,2025-04-14 16:56:09.447255,0 days 00:00:07.902272,0.6389414837537638,0.010236450585682837,8,0.03262274339800679,0.0362827839462458,0.05458980713206038,0.043579273392053065,0.07208165327991965,0.07545603101300698,0.0011048639028941095,18,56,0.09854936560582579,0.14324599771493762,False,True,True,2.4902930577656928e-05,COMPLETE
655,0.19931281208992005,2025-04-14 16:56:09.662700,2025-04-14 16:56:17.392508,0 days 00:00:07.729808,0.6245249054889435,0.0307517628197877,8,0.026847682894791166,0.025357216799936605,0.06732697239768103,0.04942675016184641,0.07130031857528218,0.07881816420176709,0.0014225330910383424,17,116,0.09929853364307713,0.14230356718886988,False,True,False,3.4766623601050964e-05,COMPLETE
656,0.36343141794204714,2025-04-14 16:56:17.600050,2025-04-14 16:56:32.456796,0 days 00:00:14.856746,0.8604604226149297,0.03457423816692269,2,0.03666636838937568,0.026377992012743108,0.05792929986677694,0.04506434389817555,0.07297130527262484,0.08128176236430261,0.0010140892701383034,17,32,0.09762148746510922,0.14967444731031065,False,True,True,4.3397309816884764e-05,COMPLETE
657,0.5506282091140747,2025-04-14 16:56:32.675641,2025-04-14 16:56:40.442542,0 days 00:00:07.766901,0.6547553150035663,0.029159688221699114,8,0.026543701571419866,0.028051656933032614,0.004579480883005484,0.04725393777710944,0.07029741129981618,0.07739625931714916,0.0013123408723555371,17,31,0.09640054302804929,0.14071423062299512,False,True,True,1.2496728076001227e-07,COMPLETE
658,0.2491985082626343,2025-04-14 16:56:40.649331,2025-04-14 16:56:48.475146,0 days 00:00:07.825815,0.6460609936722574,0.010362004158138854,8,0.03361941666905799,0.026457919126742068,0.06168420577868711,0.046600638355777116,0.06967759326295898,0.07435714554332495,0.0016594584883650103,17,96,0.09598203109044748,0.14703246126365174,False,True,True,2.698393500081227e-08,COMPLETE
659,0.3402561545372009,2025-04-14 16:56:48.693949,2025-04-14 16:56:56.486087,0 days 00:00:07.792138,0.6796926874385772,0.028079493078557734,8,0.02906107854467755,0.03521510927423356,0.07624838391991652,0.04472816745269617,0.0682287746705374,0.07637745617935653,0.0013931074647628358,17,34,0.09999534937290279,0.1528652660626778,False,True,True,3.590295698929157e-07,COMPLETE
660,0.3845153331756592,2025-04-14 16:56:56.691343,2025-04-14 16:57:04.749433,0 days 00:00:08.058090,0.6513208421170337,0.027707607743731596,8,0.03959957493695039,0.030488366973581392,0.06554057914989805,0.044111546987383274,0.07070162529767086,0.07773998345915265,0.0020812346182779986,19,26,0.09745605653289759,0.14215446775068,False,True,True,2.880512441785205e-07,COMPLETE
661,0.4083971500396728,2025-04-14 16:57:04.968827,2025-04-14 16:57:12.784209,0 days 00:00:07.815382,0.6593483251257588,0.042353762419682084,8,0.026860439403425147,0.030367155230672807,0.0716973133880528,0.04637089540604918,0.07374603801506811,0.0778712908945899,0.0013229415135362185,17,29,0.09616450227828265,0.14030666994698926,False,True,True,5.654060953052304e-08,COMPLETE
662,0.2695475220680237,2025-04-14 16:57:12.990604,2025-04-14 16:57:20.939135,0 days 00:00:07.948531,0.6972833418240072,0.026106791974508145,8,0.03569414405406932,0.18971743798220966,0.042895463249915666,0.04265911430215065,0.07144784789355646,0.07250840939879005,0.0016781954336968295,18,31,0.09795966414894286,0.14677961881089038,False,True,True,4.943028628771265e-05,COMPLETE
663,0.4869176626205445,2025-04-14 16:57:21.158328,2025-04-14 16:57:28.971124,0 days 00:00:07.812796,0.6763966802694993,0.044408746204026475,8,0.024548797687611222,0.03739891184956895,0.0043948850466987875,0.047960713374856676,0.06851232638815705,0.049525943485907865,0.0011724650584958966,17,35,0.09503450349838047,0.1384866358929953,False,True,True,2.9392808582013668e-05,COMPLETE
664,0.38242399692535406,2025-04-14 16:57:29.177602,2025-04-14 16:57:37.096988,0 days 00:00:07.919386,0.6320028189312464,0.011849372423785032,8,0.029643519554815426,0.021891784447149943,0.04923400384876078,0.04864589883544575,0.0670489797718981,0.07520534412996938,0.0014835667165780289,18,28,0.09653998670428325,0.15169567209109278,False,True,True,2.379073403050621e-07,COMPLETE
665,0.3763001084327698,2025-04-14 16:57:37.317407,2025-04-14 16:57:45.087582,0 days 00:00:07.770175,0.6513763233782545,0.04519021383913895,8,0.022667537149640857,0.02322722692561821,0.006384750269032393,0.04148274542898422,0.07353401230707615,0.0790566961495866,0.0010796320216895454,17,33,0.0988327826430709,0.1444478202364501,False,True,True,3.913220017135226e-05,COMPLETE
666,0.37494087219238287,2025-04-14 16:57:45.308249,2025-04-14 16:57:52.930444,0 days 00:00:07.622195,0.6145452946602908,0.04442236156036573,8,0.03904788199831827,0.018158661233444784,0.0032440965536121,0.04709836971667621,0.07000835618058748,0.059841184206016036,0.0013066612047925722,16,23,0.0952332643262735,0.1363205776173425,True,False,True,8.927296252786493e-08,COMPLETE
667,0.3377746105194092,2025-04-14 16:57:53.139744,2025-04-14 16:58:00.976314,0 days 00:00:07.836570,0.6343223118036048,0.030997203242082258,8,0.03200378556491552,0.0314026214511816,0.06940464904232709,0.04847952843473116,0.07280558656496212,0.07738836257020149,0.0017038276556884098,17,31,0.06547294476941244,0.15591748647298137,False,True,True,5.3886526550454306e-05,COMPLETE
668,0.34035229682922363,2025-04-14 16:58:01.197519,2025-04-14 16:58:09.210435,0 days 00:00:08.012916,0.7102974071303478,0.06036812345262668,8,0.025619651502084076,0.017601164313299222,0.0666870616484643,0.04691985571088411,0.07075970718518164,0.08071313790325152,0.0010751101122165603,18,38,0.09724272512363814,0.1405839934237695,False,True,True,4.6651409654723695e-05,COMPLETE
669,0.38148288726806645,2025-04-14 16:58:09.421809,2025-04-14 16:58:17.092268,0 days 00:00:07.670459,0.6822081548948525,0.03176502463083736,8,0.02154591967854134,0.02320574478918139,0.005617598721367041,0.07147608177246591,0.06656445147569023,0.08129999767008092,0.019264361626905892,16,25,0.09511540360054058,0.1473328062912346,False,True,True,3.1369480439922537e-05,COMPLETE
670,0.36774634122848515,2025-04-14 16:58:17.315010,2025-04-14 16:58:25.247489,0 days 00:00:07.932479,0.5191364093981469,0.010934094395627682,8,0.03531990914447843,0.02877822598640005,0.06462266842670158,0.04498432496617952,0.0630965108431095,0.0791746900160578,0.0009178577667218877,18,20,0.060348393688217636,0.13419813935097663,False,True,True,5.34504864616644e-05,COMPLETE
671,0.4816455006599426,2025-04-14 16:58:25.455572,2025-04-14 16:58:33.404565,0 days 00:00:07.948993,0.44018947859935775,0.055634263534700086,8,0.044036622279359755,0.01583810794125325,0.07248352282909876,0.05030175676057713,0.07436239284555952,0.07081248145064926,0.0012738507161638036,18,35,0.09789771903413752,0.14202314199990737,False,True,True,2.2412602516988117e-08,COMPLETE
672,0.35919716358184817,2025-04-14 16:58:33.626594,2025-04-14 16:58:41.544009,0 days 00:00:07.917415,0.46349376299395073,0.027542819518792477,8,0.029752260569214803,0.015840445875960115,0.05655092050895913,0.048868110700399245,0.06899147141086788,0.08144490502358945,0.002200165561146689,18,29,0.09499028807476319,0.13396327668624394,False,True,True,4.035616178770086e-05,COMPLETE
673,0.3260095834732056,2025-04-14 16:58:41.756065,2025-04-14 16:58:49.387355,0 days 00:00:07.631290,0.6507746297595557,0.010420966648951147,8,0.02226416040523489,0.023034479276265542,0.0042109445135565995,0.04730685858097092,0.0723575381406121,0.08216856435730409,0.0015499435300171333,16,32,0.0994283345426304,0.15002374106171404,False,True,True,5.401763232425321e-05,COMPLETE
674,0.30863791704177856,2025-04-14 16:58:49.606398,2025-04-14 16:58:57.187637,0 days 00:00:07.581239,0.49819774739541967,0.0513131375410813,8,0.03959672275389902,0.013675180896609088,0.004114621967373328,0.051686544604766814,0.06734422888092585,0.07781529506792154,0.0010998209402433182,16,27,0.09632534233814738,0.1378417959779911,False,True,False,7.199928962564316e-08,COMPLETE
675,0.31328338384628296,2025-04-14 16:58:57.401395,2025-04-14 16:59:05.211644,0 days 00:00:07.810249,0.47851287875250675,0.062019025216411484,8,0.024758688238652994,0.027370837033813572,0.0068736119023507705,0.050509384764518314,0.07525587202362015,0.08337928283407818,0.001863701817243034,17,34,0.0939886716546904,0.14405790425498385,False,True,True,4.308904819267638e-08,COMPLETE
676,0.41987425088882446,2025-04-14 16:59:05.433867,2025-04-14 16:59:13.281677,0 days 00:00:07.847810,0.5291055277116858,0.037716281707013875,8,0.03337366114745498,0.019653978987946966,0.005281086283294104,0.048343650468210514,0.07030063875240933,0.08078101954580727,0.0013164842184257971,17,30,0.09625692901408706,0.1346944761463258,False,True,True,6.131631276250355e-05,COMPLETE
677,0.42909466028213505,2025-04-14 16:59:13.493898,2025-04-14 16:59:28.841575,0 days 00:00:15.347677,0.6192247437912337,0.04987498133865993,2,0.019232906603190346,0.013511875959297702,0.004052090016173841,0.05275750639241254,0.0650196135023966,0.06781985271848658,0.0008905473998004991,18,38,0.0937607697596319,0.15513948311308737,False,True,True,3.558119203747667e-05,COMPLETE
678,0.4153328657150269,2025-04-14 16:59:29.063898,2025-04-14 16:59:37.963114,0 days 00:00:08.899216,0.6622653961472668,0.6931182784051955,8,0.04817902463626073,0.020961673993814208,0.06311658112574707,0.050704124063849845,0.07259825957053273,0.08450903117353578,0.0010670505646420618,25,25,0.09989074831612076,0.13009586138142692,False,True,True,4.4615334892060676e-05,COMPLETE
679,0.26869789361953733,2025-04-14 16:59:38.186234,2025-04-14 16:59:44.271905,0 days 00:00:06.085671,0.5129839531409627,0.0244282626310721,8,0.028685305189819668,0.011187937857542098,0.007372599625217378,0.03052192632634616,0.06857831722535541,0.07628782218627582,0.0014914469004795113,5,35,0.09781278741092825,0.1401240831743732,False,True,True,6.368261088336919e-05,COMPLETE
