number,value,datetime_start,datetime_complete,duration,params_alpha-eval,params_alpha-train,params_batch-size,params_eps-eval,params_eps-train,params_lambda-actions-eval,params_lambda-actions-train,params_lambda-frames-eval,params_lambda-frames-train,params_learning-rate,params_n-epochs,params_n-frames,params_radius-gw,params_rho,params_std-feats,params_ub-actions,params_ub-frames,params_weight-decay,state
1768,0.4663729190826416,2025-04-12 23:34:18.345509,2025-04-12 23:34:35.394461,0 days 00:00:17.048952,0.6757819179676782,0.1307295946120011,2,0.01609889423622425,0.037766527409501656,0.09564561809968082,0.07672486034662636,0.0072316858069473005,0.0034212241127486733,0.013664672107027626,21,14,0.07144757728250935,0.2457655915724803,False,True,True,4.25220670546289e-06,COMPLETE
1769,0.30203249454498293,2025-04-12 23:34:35.994524,2025-04-12 23:34:53.167040,0 days 00:00:17.172516,0.6748081725484681,0.09996091694229714,2,0.02703025850641695,0.044376897607139684,0.09748882687395356,0.07344836348077956,0.010129872906271792,0.0019160092101812667,0.01493623336328993,21,8,0.06881229804155087,0.24455911454810927,False,True,True,5.367844605913059e-06,COMPLETE
1770,0.4537459373474121,2025-04-12 23:34:53.743820,2025-04-12 23:35:11.139914,0 days 00:00:17.396094,0.6643876994229251,0.11464122559439416,2,0.03430129375221135,0.041388483098281754,0.09503495484048743,0.07906586640261419,0.007031106016723616,0.003820840036813246,0.01623541026058518,22,15,0.07214351573343561,0.24365572090662632,False,True,True,7.2460965435119855e-06,COMPLETE
1771,0.31047902107238773,2025-04-12 23:35:11.735826,2025-04-12 23:35:28.502527,0 days 00:00:16.766701,0.6910072077539002,0.09090751759924759,2,0.028092979927050527,0.03311932389317997,0.09681624525721907,0.07517998088997879,0.007504192166275486,0.003780495642168584,0.013358420011890677,20,137,0.06982099043218393,0.2597338195946478,False,True,True,4.126065986195028e-06,COMPLETE
1772,0.3277170658111572,2025-04-12 23:35:29.077870,2025-04-12 23:35:46.037512,0 days 00:00:16.959642,0.658345037077685,0.0823052193838281,2,0.017599939428662954,0.04612025205512388,0.0986561795250004,0.07059436722958143,0.009859212989965723,0.0017193831280130814,0.018261491088363314,21,20,0.07369321009568741,0.250417532919046,False,True,True,3.516794172936119e-06,COMPLETE
1773,0.4378664374351502,2025-04-12 23:35:46.632760,2025-04-12 23:36:04.114909,0 days 00:00:17.482149,0.7036929207270942,0.13240108236965545,2,0.022575390743660082,0.037516803139537334,0.09429518552910549,0.0722495520300629,0.006758481314445431,0.01664958302170074,0.012602015418727953,22,17,0.06847993780263628,0.249983104464084,False,True,True,5.199652415672663e-06,COMPLETE
1774,0.3043009638786316,2025-04-12 23:36:04.716741,2025-04-12 23:36:21.097544,0 days 00:00:16.380803,0.6713354044137084,0.09922500390633474,2,0.010948201765679635,0.03701829159276711,0.09517141254767181,0.06859433026230495,0.008710551711814125,0.007364208839926108,0.015612564902169156,20,11,0.07101297681243382,0.24371283499702842,False,True,False,4.241162490337016e-06,COMPLETE
1775,0.410657000541687,2025-04-12 23:36:21.677805,2025-04-12 23:36:38.210663,0 days 00:00:16.532858,0.6520841489942424,0.06785307833248014,2,0.028843512715072232,0.04636480446525856,0.09318135755224455,0.07680975213259209,0.006667651586377832,0.0073039044331134105,0.01887976192038088,20,14,0.06806672092186555,0.2559930921242437,False,True,True,1.7746386288404427e-06,COMPLETE
1776,0.34014846086502076,2025-04-12 23:36:38.787228,2025-04-12 23:36:56.080614,0 days 00:00:17.293386,0.6802155955655067,0.028844553786953664,2,0.033725416838922544,0.03123983566757865,0.09840146778577168,0.07464029995573912,0.010153470149388775,0.0035704921109164884,0.01506495086299689,21,20,0.07295306624652202,0.23909440535017407,False,True,True,3.2968027893287112e-06,COMPLETE
1777,0.30869168043136597,2025-04-12 23:36:56.680913,2025-04-12 23:37:14.193803,0 days 00:00:17.512890,0.6493116398043861,0.010134157743162231,2,0.017011206789405244,0.04116880677857459,0.09652432221823275,0.08445293483463932,0.006047052320407369,0.008857705370536265,0.01131803226335018,22,17,0.07041284801099956,0.255247189159909,False,True,True,2.017875677077509e-06,COMPLETE
1778,0.32173751592636113,2025-04-12 23:37:14.770956,2025-04-12 23:37:32.283235,0 days 00:00:17.512279,0.6597752360367783,0.08439223449199262,2,0.02500059021623855,0.05182808608126274,0.09322244988662357,0.07806557848359788,0.008148847830150699,0.008036457439639468,0.02043959065955325,22,12,0.06749890119535115,0.23717750881847913,False,True,True,2.325247592206356e-06,COMPLETE
1779,0.5011703491210937,2025-04-12 23:37:32.883787,2025-04-12 23:37:49.285715,0 days 00:00:16.401928,0.69128150167419,0.11922048372191318,2,0.022202236462126636,0.03582105403479399,0.09481920619638884,0.08158440491236768,0.005155688652933122,0.006163069587840791,0.017243939500496797,20,15,0.07510868293700455,0.2460960251110026,False,True,True,3.829383950265233e-06,COMPLETE
1780,0.30139204263687136,2025-04-12 23:37:49.862254,2025-04-12 23:38:06.250604,0 days 00:00:16.388350,0.7458227192913304,0.14484198810198762,2,0.020988981360461394,0.030418504014583726,0.095742011798608,0.08330656564277034,0.011436601299795235,0.005614492238961153,0.012786730271512996,20,8,0.07902059863662543,0.26388267774982144,False,True,True,6.151436017598164e-06,COMPLETE
1781,0.4305526494979859,2025-04-12 23:38:06.851649,2025-04-12 23:38:23.382306,0 days 00:00:16.530657,0.7227228165535717,0.12024188857293285,2,0.014399181857779813,0.035187199823830874,0.0982455149782062,0.08121174361697762,0.008515265375898508,0.0050057647704004945,0.0162839779345036,20,10,0.07607550983944794,0.2486962511336996,False,True,True,8.585041247174584e-06,COMPLETE
1782,0.31815061569213865,2025-04-12 23:38:23.957961,2025-04-12 23:38:40.381138,0 days 00:00:16.423177,0.6890488709806112,0.13369817724283936,2,0.02223213515446798,0.036746315179267075,0.09650348328639967,0.08646287270623793,0.007492797225169616,0.006275947148222003,0.01421635517295104,20,14,0.07556854370553241,0.24791208894198358,False,True,True,4.442459041419596e-06,COMPLETE
1783,0.295258891582489,2025-04-12 23:38:40.983393,2025-04-12 23:38:57.525135,0 days 00:00:16.541742,0.7144853983936696,0.15796345080480184,2,0.013180080577786836,0.027746004319271832,0.0948062628562348,0.08181655332004703,0.0056954106749726955,0.0050141677957569065,0.010879209465290494,20,12,0.07444061027392586,0.25449231890543045,False,True,True,5.168142356858558e-06,COMPLETE
1784,0.25276803970336914,2025-04-12 23:38:58.106428,2025-04-12 23:39:14.586078,0 days 00:00:16.479650,0.7061592152689904,0.13280695731583503,2,0.0272671418496423,0.03049290003596814,0.0941871063018174,0.08338243951277398,0.010254355730459444,0.001105898539849009,0.018287207716770778,20,15,0.08183491467011975,0.24015693393317417,False,False,True,3.2387583674618296e-06,COMPLETE
1785,0.39847215414047243,2025-04-12 23:39:15.183574,2025-04-12 23:39:32.199651,0 days 00:00:17.016077,0.6982917384148433,0.11098706155037553,2,0.017499870374698294,0.041447491065482865,0.09833739759915026,0.08078257371603224,0.0053134023727926935,0.0021354632211010526,0.013324542929675198,21,9,0.07778012820401746,0.2462698039081411,False,True,True,4.1908949285680645e-06,COMPLETE
1786,0.4540239930152893,2025-04-12 23:39:32.802510,2025-04-12 23:39:49.410288,0 days 00:00:16.607778,0.725009767610339,0.11573451153033186,2,0.027437497697970666,0.02646642123397351,0.09593527878586633,0.07995976905584916,0.007536850832187863,0.009301363429645507,0.017074234601521927,20,15,0.07389167310425131,0.24235846304612188,False,True,True,3.680607304370635e-06,COMPLETE
1787,0.3007802367210388,2025-04-12 23:39:49.992494,2025-04-12 23:40:07.147348,0 days 00:00:17.154854,0.6812981821184234,0.09847386999268992,2,0.011031455875159126,0.03558537764367914,0.09296342654999866,0.08425326350670775,0.012664032753136264,0.003337202165904027,0.014694105850323222,21,12,0.07242103820326097,0.2559752756160494,False,True,True,3.2823663502881198e-06,COMPLETE
1788,0.4728146195411682,2025-04-12 23:40:07.731226,2025-04-12 23:40:23.607274,0 days 00:00:15.876048,0.675181499352179,0.11410178697529338,2,0.022894222921490952,0.04251833400867266,0.09979117059505399,0.07941045032628387,0.009424712590194369,0.0010651079262789724,0.011792678485933742,19,17,0.07533214777686219,0.2629270967556777,False,True,True,4.902765795352337e-06,COMPLETE
1789,0.45409029722213745,2025-04-12 23:40:24.204668,2025-04-12 23:40:40.203262,0 days 00:00:15.998594,0.7111883209382719,0.15880066493733805,2,0.020127014162750388,0.03349304999260412,0.09994096264478686,0.08113997244398889,0.012899664951440938,0.0016876459420981796,0.010071692022745495,19,17,0.07845267954732188,0.27617599184524,False,True,True,6.500920496417495e-06,COMPLETE
1790,0.4481936216354371,2025-04-12 23:40:40.782908,2025-04-12 23:40:56.708145,0 days 00:00:15.925237,0.6944643009292891,0.14463999547939216,2,0.023208826390419154,0.04554838043764083,0.09982780313110762,0.07922224744971088,0.011505747982238253,0.004299613341183698,0.009596962872711464,19,18,0.07979120404612663,0.26161482142869086,False,True,True,1.0313531393689467e-05,COMPLETE
1791,0.4446616888046265,2025-04-12 23:40:57.313673,2025-04-12 23:41:13.438309,0 days 00:00:16.124636,0.690422214500292,0.12070572293048655,2,0.010228568930403624,0.024618274380444588,0.09744503855604021,0.08299887718636467,0.010657708326922331,0.0012467487146868392,0.011478012626138442,19,17,0.07660120330644234,0.2605261329247003,False,True,True,3.9275393510238705e-06,COMPLETE
1792,0.34184209108352664,2025-04-12 23:41:14.022170,2025-04-12 23:41:30.513850,0 days 00:00:16.491680,0.7444288100394462,0.10945038073413468,2,0.018247511596846632,0.03979700285166749,0.0986741803564771,0.085011691719895,0.010534995377886623,0.0014524010133246529,0.01190173345095171,20,20,0.07572245089557304,0.2640869424519412,False,True,True,6.921071490272341e-06,COMPLETE
1793,0.32855749130249023,2025-04-12 23:41:31.120258,2025-04-12 23:41:46.767731,0 days 00:00:15.647473,0.6753602309719915,0.13270558579464906,2,0.024074654319375992,0.03094882495479101,0.09794293114570748,0.0814964553428177,0.00941603900120496,0.004615045280743928,0.012621756867812842,19,17,0.07561599230615039,0.2558439985241387,False,True,False,7.982357931857687e-06,COMPLETE
1794,0.31893568038940434,2025-04-12 23:41:47.382613,2025-04-12 23:42:03.427159,0 days 00:00:16.044546,0.7214933534331325,0.09958586035004892,2,0.0173816223379742,0.046175867095168195,0.09983253074489198,0.07907276663827868,0.012733791072985265,0.0038013442607496436,0.010463067411408629,19,16,0.07794107458722949,0.24428146650995056,False,True,True,4.834308689505179e-06,COMPLETE
1795,0.407531201839447,2025-04-12 23:42:04.020482,2025-04-12 23:42:20.042937,0 days 00:00:16.022455,0.6965031949647149,0.14298616507760425,2,0.028676244770290408,0.036434561249959814,0.09999414311001512,0.09344714936933265,0.009389223113255832,0.0049790694593243034,0.014052689880963599,19,20,0.07366024182343114,0.267511980167915,False,True,True,4.871480412777239e-06,COMPLETE
1796,0.3248523354530335,2025-04-12 23:42:20.650274,2025-04-12 23:42:37.073210,0 days 00:00:16.422936,0.6758390420484518,0.17092043415069041,2,0.011129949260770619,0.0255245126789116,0.09779902239538667,0.07855328067008606,0.008784551217845875,0.0030182747149927205,0.009770625042629667,20,20,0.07394528288868008,0.2506130522024595,False,True,True,6.235109918824638e-06,COMPLETE
1797,0.45303479433059696,2025-04-12 23:42:37.661962,2025-04-12 23:42:53.594927,0 days 00:00:15.932965,0.7080690788572204,0.11487703900220207,2,0.021941355405782577,0.04195650510040503,0.09712259167770966,0.08181093121404673,0.01132117946922372,0.007396446671531725,0.019001126545960936,19,14,0.08078411647981722,0.23502402988540225,False,True,True,5.717823269771272e-06,COMPLETE
1798,0.44793076515197755,2025-04-12 23:42:54.197932,2025-04-12 23:43:10.661302,0 days 00:00:16.463370,0.6781098719022508,0.0971158851465867,2,0.01703307240408309,0.054609459984421266,0.09637482988709027,0.07960629659037095,0.007853542118209229,0.006737945560362882,0.013672459148457022,20,17,0.07157156949474884,0.25764661267093375,False,True,True,5.211307793645888e-06,COMPLETE
1799,0.5164829969406128,2025-04-12 23:43:11.267702,2025-04-12 23:43:27.663421,0 days 00:00:16.395719,0.09566296510138089,0.08461926770613443,2,0.029644536161019128,0.03029377907661974,0.09640735349972371,0.07635074957999993,0.00957022035646299,0.003649775659421391,0.01564030000937994,20,20,0.07660125368468781,0.05722239163985261,False,True,True,4.345507712546725e-06,COMPLETE
1800,0.43628696203231815,2025-04-12 23:43:28.251636,2025-04-12 23:43:44.767600,0 days 00:00:16.515964,0.6291081988485292,0.08104061495788126,2,0.03244672953731772,0.02213880339888213,0.09611620331553668,0.0770465591357004,0.013395868711588705,0.01229448130842241,0.024895357699789955,20,21,0.07767998782335833,0.2416455889824972,False,True,True,3.4223252018205984e-06,COMPLETE
1801,0.37440482378005985,2025-04-12 23:43:45.375389,2025-04-12 23:44:01.832334,0 days 00:00:16.456945,0.636984070996401,0.08130715316085296,2,0.029686649017298443,0.028739014670815265,0.09454844840817302,0.07656612774080668,0.006882702983862808,0.0045160021626178765,0.01720886427714664,20,20,0.08072103530008894,0.23683998215034324,False,True,True,4.377946860710387e-06,COMPLETE
1802,0.3398624658584595,2025-04-12 23:44:02.415124,2025-04-12 23:44:19.411539,0 days 00:00:16.996415,0.16864416774438906,0.06740502613544742,2,0.031779375404570626,0.023477224227913054,0.09493019474026423,0.0775895501697505,0.009018159870793088,0.0088769203875393,0.020856479177361418,21,20,0.06884415053981395,0.06455478367810903,False,True,True,3.6043065864775105e-06,COMPLETE
1803,0.4216121912002564,2025-04-12 23:44:20.017371,2025-04-12 23:44:36.339258,0 days 00:00:16.321887,0.0806310958417095,0.09083451273843599,2,0.03428863718069623,0.03136028213825454,0.09458792737454423,0.07571302387795666,0.011378547051649156,0.005724891276588147,0.016370844048352613,20,18,0.0730076015495749,0.25005071898447345,False,False,True,2.864314693350612e-06,COMPLETE
1804,0.4963831424713135,2025-04-12 23:44:36.927719,2025-04-12 23:44:54.252341,0 days 00:00:17.324622,0.6542491563595012,0.07149402569998252,2,0.026143633062691327,0.03335612567942385,0.09595657333732842,0.0760313595552677,0.00700948231085694,0.005716124588795647,0.021065926403450348,21,14,0.06836190931011026,0.2364704047521815,False,True,True,4.297513811489708e-06,COMPLETE
1805,0.3332050085067749,2025-04-12 23:44:54.857784,2025-04-12 23:45:12.018728,0 days 00:00:17.160944,0.6349019655259115,0.07006375083994021,2,0.026383296754151585,0.03297296285363674,0.09646840402438923,0.07594141772137589,0.010805947904040623,0.006708441894118653,0.0214232282250776,21,12,0.07002357639065515,0.24450546565529696,False,True,True,5.8565191438726255e-06,COMPLETE
1806,0.40875632762908937,2025-04-12 23:45:12.633509,2025-04-12 23:45:29.853702,0 days 00:00:17.220193,0.09154158880167235,0.08967037590625626,2,0.02641438864915675,0.026161673674345756,0.09671467930116505,0.07813373312506779,0.012762898937936397,0.007798582798756289,0.024395982688600496,21,14,0.06823927048241694,0.24821746506340137,False,True,True,4.355497959927123e-06,COMPLETE
1807,0.3618376970291138,2025-04-12 23:45:30.463438,2025-04-12 23:45:47.396806,0 days 00:00:16.933368,0.6367610833369161,0.05943043315707617,2,0.021244417292473637,0.03526589357384771,0.09679167483686169,0.07543221855393938,0.008018007878938038,0.006205754513226493,0.01934274641742611,21,10,0.08430264174460946,0.2393918208562244,False,True,True,4.1196415804984916e-06,COMPLETE
1808,0.2834139585494995,2025-04-12 23:45:48.006298,2025-04-12 23:46:05.210021,0 days 00:00:17.203723,0.31341575019913437,0.09795308236480374,2,0.014563989289337624,0.030405879050713652,0.09471376966545021,0.07677043247554598,0.007203351457171976,0.009013020914108473,0.01762336180653603,21,14,0.07220857064640335,0.006649658828070039,False,True,True,8.070063999830338e-06,COMPLETE
1809,0.27684617042541504,2025-04-12 23:46:05.801169,2025-04-12 23:46:22.344531,0 days 00:00:16.543362,0.058186906779146313,0.04586099582417334,2,0.028583783916512,0.022655726952227014,0.0952160405361124,0.07444209100802321,0.009685170673817533,0.010544514703427516,0.02138390320780235,20,7,0.06764153395979208,0.2373268380952351,False,True,True,3.878948672162181e-06,COMPLETE
1810,0.4419913172721863,2025-04-12 23:46:22.954783,2025-04-12 23:46:39.917355,0 days 00:00:16.962572,0.04194196237177565,0.07919931378034577,2,0.007095052254390926,0.0358203447885225,0.09805922193744343,0.07803230374698328,0.006477442972450849,0.003500946770893739,0.01610381820245168,21,15,0.07051624519634625,0.24421873182609108,False,True,True,5.279714060537867e-06,COMPLETE
1811,0.453078043460846,2025-04-12 23:46:40.513310,2025-04-12 23:46:57.469596,0 days 00:00:16.956286,0.6519887852213193,0.06149879117897608,2,0.033016729963181224,0.02771306297512126,0.09380651748382833,0.08042272778218229,0.009136007811132598,0.0070050593185662655,0.02583862530722075,21,11,0.07533295404048099,0.0735417265809871,False,True,True,3.2144495624021557e-06,COMPLETE
1812,0.2966189503669739,2025-04-12 23:46:58.083784,2025-04-12 23:47:14.344352,0 days 00:00:16.260568,0.26014731269508684,0.11861916580198349,2,0.023008267740586973,0.022109748483590604,0.09678194758922351,0.07438042578445651,0.011056782841485958,0.010322319401884002,0.01965173050217683,20,5,0.06966222077816323,0.23487169647612202,False,True,False,7.30141461617339e-06,COMPLETE
1813,0.4866110444068909,2025-04-12 23:47:14.934525,2025-04-12 23:47:31.922990,0 days 00:00:16.988465,0.6234994710135262,0.04026377977925617,2,0.02815297357739266,0.03847967669542001,0.09498551423562411,0.07732797142059607,0.006934211238161623,0.005380856847129734,0.014387863720409838,21,15,0.07237948584326429,0.03273305777003058,False,True,True,4.375533940351689e-06,COMPLETE
1814,0.4571637511253357,2025-04-12 23:47:32.553980,2025-04-12 23:47:49.172575,0 days 00:00:16.618595,0.6190876912407147,0.04289550124998549,2,0.020020952678895237,0.03443485630885827,0.0974945017379428,0.0799048780294009,0.012560582945477895,0.005965504310553115,0.013903445065509681,20,8,0.07310237811991967,0.24937907576441212,False,True,True,5.046530806504548e-06,COMPLETE
1815,0.4372908711433411,2025-04-12 23:47:49.763635,2025-04-12 23:48:07.050365,0 days 00:00:17.286730,0.14915181533419297,0.030219007406684442,2,0.026434644026614655,0.02938954751050038,0.09532102047078912,0.0787274812517205,0.009733664945603057,0.005253938563003622,0.014790189206229017,21,11,0.07779739751847738,0.03854983818246624,False,True,True,5.694681699864981e-06,COMPLETE
1816,0.29587234258651735,2025-04-12 23:48:07.661100,2025-04-12 23:48:24.164581,0 days 00:00:16.503481,0.6238648112894133,0.05529264285140254,2,0.016866084806823126,0.03853552891528254,0.09726416061859217,0.08183056432289819,0.00811813497333841,0.009447898256784168,0.012529121744696628,20,13,0.07460736888487715,0.02550615026171088,False,True,True,4.671981011849613e-06,COMPLETE
1817,0.3849995017051697,2025-04-12 23:48:24.755873,2025-04-12 23:48:41.682608,0 days 00:00:16.926735,0.6223981992241686,0.0351885230001782,2,0.028031255790850376,0.03702980261086955,0.09518957495345126,0.07779335879045432,0.011124332109207064,0.004076736059015645,0.015160101555202107,21,14,0.08225223309436963,0.053180774184263896,False,True,True,6.560154994581705e-06,COMPLETE
1818,0.31737498044967655,2025-04-12 23:48:42.275588,2025-04-12 23:48:59.381442,0 days 00:00:17.105854,0.19610220479017415,0.06689669996763434,2,0.011766139293900111,0.02748447161502385,0.0983132630572761,0.07615642811550956,0.008268967849834236,0.0031717952590334716,0.011682916432811642,21,10,0.07671629291697496,0.0427492669177944,False,True,True,4.1175315284294025e-06,COMPLETE
1819,0.30091166496276855,2025-04-12 23:48:59.998915,2025-04-12 23:49:16.506135,0 days 00:00:16.507220,0.029124609463380094,0.0770036546319601,2,0.02255563741986548,0.03206627244374442,0.09365046505195143,0.07818097788333596,0.007143849568307187,0.0010827462822722996,0.016922048866175793,20,15,0.0723001488384531,0.01692377163716787,False,True,True,3.8094702177683482e-06,COMPLETE
1820,0.376023805141449,2025-04-12 23:49:17.126120,2025-04-12 23:49:33.457068,0 days 00:00:16.330948,0.6590609976998395,0.04320260382726878,2,0.033978771312674176,0.022678347774792707,0.09595139090549615,0.07344812959300194,0.013066964006369043,0.007426850256809942,0.014129858391513473,20,11,0.07230315028383849,0.03499789831947836,False,True,True,6.511412835806236e-06,COMPLETE
1821,0.4792290687561036,2025-04-12 23:49:34.053130,2025-04-12 23:49:51.030692,0 days 00:00:16.977562,0.2005291440932586,0.0900262124490544,2,0.01751934885718137,0.041818205170303824,0.09839617750856139,0.0829124168176324,0.009473219856502907,0.005754876965183295,0.008998208625895692,21,15,0.07444156754253152,0.2420553512999836,False,True,True,4.493910889562544e-06,COMPLETE
1822,0.330664598941803,2025-04-12 23:49:51.662253,2025-04-12 23:50:08.265844,0 days 00:00:16.603591,0.11453577212891301,0.09621011824839515,2,0.010358184516277966,0.03909171306346465,0.09855874664221337,0.08452617381330946,0.013933569820076304,0.007052702522089896,0.007550374320119609,20,7,0.07654848783711721,0.24308572225948805,False,True,True,7.170927292194039e-06,COMPLETE
1823,0.2561616897583008,2025-04-12 23:50:08.863792,2025-04-12 23:50:25.828448,0 days 00:00:16.964656,0.18921905161617028,0.10084553320842815,2,0.016317605337647957,0.030136419860358685,0.09983741620202852,0.08318578316303883,0.01125302353857195,0.004863978600738985,0.008255298803189589,21,12,0.07404265974631866,0.2526684531508472,False,False,True,5.654778100506922e-06,COMPLETE
1824,0.30714877843856814,2025-04-12 23:50:26.424210,2025-04-12 23:50:42.959540,0 days 00:00:16.535330,0.028069990486598986,0.12229231880238249,2,0.007071948234323996,0.03552772889860404,0.098388938946683,0.08214829056622339,0.010988706422545406,0.011472726573486318,0.008910780785732198,20,9,0.0783797136206372,0.029467629887317937,False,True,True,5.014781998997358e-06,COMPLETE
