number,value,datetime_start,datetime_complete,duration,params_alpha-eval,params_alpha-train,params_batch-size,params_eps-eval,params_eps-train,params_lambda-actions-eval,params_lambda-actions-train,params_lambda-frames-eval,params_lambda-frames-train,params_learning-rate,params_n-epochs,params_n-frames,params_radius-gw,params_rho,params_std-feats,params_ub-actions,params_ub-frames,params_weight-decay,state
398,0.42372630834579467,2025-04-12 19:02:08.376577,2025-04-12 19:02:17.555308,0 days 00:00:09.178731,0.5938653433993659,0.7706711340947237,8,0.03276589918315824,0.23389433708853452,0.0905007918609217,0.09297928867128542,0.09844391557076275,0.08002295955993403,0.0959507559085745,25,92,0.04367401512985184,0.22179528190181905,True,True,True,2.1489174111041876e-06,COMPLETE
399,0.34816865921020507,2025-04-12 19:02:17.692019,2025-04-12 19:02:26.628817,0 days 00:00:08.936798,0.5382058842772487,0.7930437968879797,8,0.03576853312089319,0.17895573755420996,0.09184269003802903,0.07734912449996785,0.09795033105258649,0.02259905210542567,0.09845203754351824,24,91,0.041968819441916536,0.2236117530872605,True,False,True,2.9166159950874175e-06,COMPLETE
400,0.4264636993408203,2025-04-12 19:02:26.756490,2025-04-12 19:02:35.911792,0 days 00:00:09.155302,0.5895112588047986,0.8272172671907961,8,0.034050817478225026,0.16524646736064802,0.09043243815725123,0.06630105799045381,0.09937494958283101,0.09355235874417728,0.07361967676784929,25,90,0.046228339098478205,0.23735527217314586,True,True,True,1.9885256684841742e-06,COMPLETE
401,0.42557839155197147,2025-04-12 19:02:36.041538,2025-04-12 19:02:45.108072,0 days 00:00:09.066534,0.5919059102840811,0.805455557284939,8,0.030918618535789998,0.17351931936724935,0.09152588304483139,0.08447708595672881,0.09995851413832442,0.09964353900322769,0.078942107635412,24,94,0.046924725455686385,0.23815754217272603,True,True,True,1.8928685810668268e-06,COMPLETE
402,0.42306233644485475,2025-04-12 19:02:45.247145,2025-04-12 19:02:54.253889,0 days 00:00:09.006744,0.5857841051019106,0.7726852091492158,8,0.034455764618908064,0.2125366881439973,0.08988123761913848,0.08719903810550955,0.09971880955491619,0.09942221169976681,0.08212964306455305,24,94,0.04609125048151879,0.22880210000035098,True,True,True,1.8369012896722588e-06,COMPLETE
403,0.4299925804138184,2025-04-12 19:02:54.381861,2025-04-12 19:03:03.234712,0 days 00:00:08.852851,0.5426773442636276,0.8202727620570867,8,0.03601576108488341,0.17107168916068868,0.08955127219153078,0.06969427785562385,0.09767893840513435,0.09464834798847829,0.0762272692211796,23,90,0.04716334240441692,0.22808551191674292,True,True,True,2.303666095839161e-06,COMPLETE
404,0.19931281208992005,2025-04-12 19:03:03.362279,2025-04-12 19:03:12.040834,0 days 00:00:08.678555,0.5716841109055067,0.8012727109019179,8,0.03385910200188291,0.18253722394081143,0.08954508756639884,0.07992831102679837,0.09999838836603112,0.093839475566776,0.09719569538469952,23,90,0.03937698140867562,0.21852918047439016,True,True,False,2.5372911190752008e-06,COMPLETE
405,0.42458026409149174,2025-04-12 19:03:12.169698,2025-04-12 19:03:21.090091,0 days 00:00:08.920393,0.5719345465761457,0.7598896622621535,8,0.0338594786386668,0.17093543073102033,0.09027899908354713,0.08155145149102395,0.0976505576474006,0.09760415312528539,0.07771848841892282,24,89,0.046416719541443344,0.22804155381198168,True,True,True,1.8899452405927192e-06,COMPLETE
406,0.3867557287216187,2025-04-12 19:03:21.227364,2025-04-12 19:03:30.241913,0 days 00:00:09.014549,0.531797950784376,0.768227860109979,8,0.03320480096477996,0.17649873197773655,0.08958895631238842,0.06823416815802415,0.09790688329284539,0.09711632873909087,0.07547932781947739,24,95,0.04163281969321025,0.22621299649682652,True,True,True,1.71846901049294e-06,COMPLETE
407,0.4231664419174195,2025-04-12 19:03:30.371507,2025-04-12 19:03:39.376131,0 days 00:00:09.004624,0.5738008783659049,0.7883240406658558,8,0.027204433715445023,0.17484755879567526,0.08790128129504803,0.08369522759465998,0.09825445708924813,0.09769940404580396,0.07250192592177811,24,89,0.04544626782570409,0.22795169517977198,True,True,True,2.049043856493869e-06,COMPLETE
408,0.42546471357345583,2025-04-12 19:03:39.505944,2025-04-12 19:03:48.433885,0 days 00:00:08.927941,0.5028944441136695,0.7339308523870789,8,0.03514193949079437,0.16524867427185724,0.09157665106165952,0.08239635448324098,0.09679937721396427,0.08975429825338227,0.09959452788027136,23,92,0.047072570828775424,0.23085005890097765,True,True,True,2.1841200788837346e-06,COMPLETE
409,0.42656883001327517,2025-04-12 19:03:48.573243,2025-04-12 19:03:57.549868,0 days 00:00:08.976625,0.5425619777554636,0.7399509591696851,8,0.035893199707750185,0.17052624449406004,0.09084913117456282,0.08210194590372372,0.0966743389054992,0.0880909405967944,0.08508519314848918,24,92,0.047616620264026945,0.219735024097097,True,True,True,2.0256373592438136e-06,COMPLETE
410,0.42746812105178833,2025-04-12 19:03:57.678342,2025-04-12 19:04:06.703553,0 days 00:00:09.025211,0.5079705107541548,0.7519556318089274,8,0.037791932883701605,0.1700008549668985,0.08653512044031457,0.08256550377050442,0.09747271893757288,0.0891213371687806,0.08721904440901007,24,95,0.04752089598203479,0.2229288673574414,True,True,True,1.9059180709956537e-06,COMPLETE
411,0.426741111278534,2025-04-12 19:04:06.832717,2025-04-12 19:04:15.874401,0 days 00:00:09.041684,0.5034769362267463,0.7501059373428218,8,0.03669685531600932,0.16583843297701883,0.08643412347380713,0.0856179995481689,0.09999446799737799,0.08926290278348238,0.09646232401770602,23,94,0.04739209191084719,0.21181679270645087,True,True,True,1.91258150646272e-06,COMPLETE
412,0.42710033655166624,2025-04-12 19:04:16.016907,2025-04-12 19:04:24.875512,0 days 00:00:08.858605,0.5107395563356307,0.7235291661271829,8,0.036045632112107456,0.17042950632591375,0.08454208805293238,0.08578216003469222,0.09982031697023837,0.09190039687216152,0.0979145231014961,23,94,0.04722247661276861,0.21663420339955958,True,True,True,1.714134309419203e-06,COMPLETE
413,0.41405044794082646,2025-04-12 19:04:25.007809,2025-04-12 19:04:33.877825,0 days 00:00:08.870016,0.5064577118702419,0.7370297565716953,8,0.03629245829025299,0.1660128012517448,0.0858223092568703,0.06484234252471367,0.09913121361290259,0.08545820207262023,0.09676157493924754,23,93,0.043592034534670226,0.2127081789730208,True,True,True,1.776993292476656e-06,COMPLETE
414,0.4274387001991272,2025-04-12 19:04:34.008778,2025-04-12 19:04:42.896686,0 days 00:00:08.887908,0.5116817572953302,0.7321466555928915,8,0.035177775276801077,0.15932707419856115,0.08604357888446994,0.08476034999474408,0.0999535544915491,0.09063480074777004,0.094200920187284,23,96,0.047375278389736396,0.21598365622855772,True,True,True,2.20048007676505e-06,COMPLETE
415,0.42488635778427125,2025-04-12 19:04:43.039083,2025-04-12 19:04:51.897312,0 days 00:00:08.858229,0.47370309320104115,0.7221673178403696,8,0.03738525554336258,0.1600829302153409,0.0857950921902835,0.0855906084253589,0.09992171019562605,0.08900751235448155,0.09814489378148958,23,95,0.04739734785680935,0.21061763704346395,True,True,True,2.1798677280066373e-06,COMPLETE
416,0.4253791570663452,2025-04-12 19:04:52.027805,2025-04-12 19:05:00.886221,0 days 00:00:08.858416,0.47658298147052014,0.7000044916733494,8,0.037599537437049094,0.16173810039164613,0.08480920277492086,0.08505958124613551,0.09704054874434878,0.08930792537874328,0.0923658695369339,23,95,0.047002262883855284,0.20581056797615072,True,True,True,1.5837141011231474e-06,COMPLETE
417,0.4244535923004151,2025-04-12 19:05:01.017221,2025-04-12 19:05:09.883266,0 days 00:00:08.866045,0.4851721918847178,0.7190539178572395,8,0.03778840428400385,0.15973698927343993,0.08381700369933102,0.08424475981289525,0.09951352498605882,0.08950889896583743,0.09263206704585246,23,96,0.04742397409572179,0.20595778590097222,True,True,True,1.5925761323603575e-06,COMPLETE
418,0.42037942409515383,2025-04-12 19:05:10.025886,2025-04-12 19:05:18.782134,0 days 00:00:08.756248,0.5098337363894189,0.7514082399784656,8,0.037477715266049226,0.1551931272880463,0.08478692815409765,0.08616591598154086,0.09981555616333213,0.08910500442831444,0.09895233985587787,22,95,0.044695460870130335,0.2152810719973445,True,True,True,2.11879666956509e-06,COMPLETE
419,0.4200079679489136,2025-04-12 19:05:18.914939,2025-04-12 19:05:27.829461,0 days 00:00:08.914522,0.4635308690008684,0.7210818562222541,8,0.03778591667793656,0.16637446040025142,0.08516372565376344,0.08536773322720063,0.09996718959493257,0.09072350129718135,0.09751178604785143,23,96,0.047960431761841914,0.2075520092013007,True,True,True,2.143583086760585e-06,COMPLETE
420,0.4154275059700012,2025-04-12 19:05:27.960527,2025-04-12 19:05:36.860883,0 days 00:00:08.900356,0.44550328369630166,0.7019578334281413,8,0.036873867022058894,0.15035045448792345,0.08589628951804952,0.08278414505593684,0.09703544589620286,0.08688173553005263,0.08291604736424757,23,94,0.044102355795173985,0.21590121552793534,True,True,True,1.5764507280070647e-06,COMPLETE
421,0.3503555655479431,2025-04-12 19:05:37.005384,2025-04-12 19:05:45.847275,0 days 00:00:08.841891,0.5192546443428637,0.6898817003089389,8,0.03301612763337064,0.1702578525439548,0.08152707952144214,0.08133200940372365,0.09747907197117098,0.09488466926330279,0.0972888354746511,23,92,0.04650790087677465,0.20005190755326663,True,False,True,1.467785467860015e-06,COMPLETE
422,0.4243967890739441,2025-04-12 19:05:45.980540,2025-04-12 19:05:55.034367,0 days 00:00:09.053827,0.48086791723589406,0.7398003177059067,8,0.03429019900201316,0.16466877024317528,0.08724710539191084,0.0867996033718802,0.09760870004764935,0.09241810956162139,0.08144829140354265,24,95,0.04808391628059525,0.21109728124198532,True,True,True,2.2195485107846508e-06,COMPLETE
423,0.41075738668441775,2025-04-12 19:05:55.172239,2025-04-12 19:06:03.908205,0 days 00:00:08.735966,0.41590361916735274,0.6603076791403393,8,0.03980396874754812,0.18940875245033312,0.0840918526138621,0.08959605419429205,0.09602481260857824,0.08731778278033912,0.07625941068644702,22,92,0.042426877615379596,0.21879414173654405,True,True,True,1.8208734594147185e-06,COMPLETE
424,0.40866637229919434,2025-04-12 19:06:04.052547,2025-04-12 19:06:12.680467,0 days 00:00:08.627920,0.49637163001982243,0.6756801049361219,8,0.04930589802394249,0.17333205131241747,0.08279516572924284,0.07237930014699366,0.0981295113888916,0.09194939557620221,0.09924072207636685,21,96,0.04539552643045949,0.22038607018187548,True,True,True,2.375722251820513e-06,COMPLETE
425,0.42542037963867185,2025-04-12 19:06:12.813783,2025-04-12 19:06:21.773593,0 days 00:00:08.959810,0.4620772905967565,0.7293121300574591,8,0.03165171977670132,0.15857133546177715,0.08644339200519233,0.07529189416034401,0.09620051125887971,0.08395235178726108,0.07929112002810058,23,92,0.04868587692934403,0.19426721700946292,True,True,True,1.5372794658560052e-06,COMPLETE
426,0.42242679595947263,2025-04-12 19:06:21.907398,2025-04-12 19:06:30.808751,0 days 00:00:08.901353,0.5289785655705015,0.7394816643368447,8,0.030138513171401284,0.1579495890978469,0.08752413994647854,0.07476701838877901,0.09606217659469443,0.08303416211001258,0.07864007972777137,23,92,0.04884893470074028,0.2231822223054633,True,True,True,1.5561870367815948e-06,COMPLETE
427,0.22074620723724367,2025-04-12 19:06:30.946699,2025-04-12 19:06:39.843567,0 days 00:00:08.896868,0.5201745515777487,0.7454009464267057,8,0.03229600850070947,0.17279085036349248,0.08697371824646284,0.07757250036982302,0.09641843847524502,0.08633471722229356,0.0750889532719739,24,91,0.04471394580290725,0.19161863048387606,True,True,False,1.5191444173988651e-06,COMPLETE
428,0.38435256481170654,2025-04-12 19:06:39.987258,2025-04-12 19:06:48.751326,0 days 00:00:08.764068,0.5457033378789795,0.7184032716750004,8,0.040081818304457735,0.178450975483208,0.08513144854775208,0.06990304646362526,0.0981962329223828,0.09057939954764326,0.08263438852232216,22,92,0.04082288596823645,0.20522958289804621,True,True,True,1.758675192125047e-06,COMPLETE
429,0.42491320371627805,2025-04-12 19:06:48.888976,2025-04-12 19:06:57.614983,0 days 00:00:08.726007,0.509814381460328,0.7344380833308731,8,0.03178157365173045,0.16342510031202456,0.08849993093652014,0.07999428041640523,0.09994929638643824,0.09212349334930639,0.0809331526807569,22,95,0.04928624907064256,0.21377563112377243,True,True,True,2.709705904652381e-06,COMPLETE
430,0.4181849598884583,2025-04-12 19:06:57.750744,2025-04-12 19:07:06.777303,0 days 00:00:09.026559,0.4644768239122916,0.700618098101075,8,0.038450130871565256,0.15548944674906448,0.08363462865173006,0.05911472931367977,0.09564338883464242,0.09567387880085548,0.07112526132648916,24,90,0.046223356845152073,0.2210142811528136,True,True,True,1.4780734171794769e-06,COMPLETE
431,0.41445311307907107,2025-04-12 19:07:06.923905,2025-04-12 19:07:15.762117,0 days 00:00:08.838212,0.5337270686756008,0.7057832260453433,8,0.02993694810347765,0.16852933387393398,0.0878786758766002,0.08866878543365944,0.09691694991714737,0.08481061724948398,0.0986189524502209,23,94,0.042925726310950325,0.2170604490287078,True,True,True,1.9001457050074494e-06,COMPLETE
432,0.410683524608612,2025-04-12 19:07:15.896764,2025-04-12 19:07:24.792936,0 days 00:00:08.896172,0.48794222481937866,0.6298823022554101,8,0.047687753935862706,0.14782885340450008,0.08869482025030434,0.08414614669512586,0.09765626872918583,0.09330992120530059,0.08172430390099306,23,91,0.04813606405133649,0.22833400861558242,True,True,True,2.3702796666094776e-06,COMPLETE
433,0.4236352324485779,2025-04-12 19:07:24.931207,2025-04-12 19:07:34.076694,0 days 00:00:09.145487,0.5077342129235216,0.7568363731984393,8,0.03938533402800709,0.18761313831231347,0.08653951862387936,0.08162176561340564,0.09582955847986133,0.08892575283241089,0.06903139258024178,25,97,0.04626654512197205,0.20196334709663943,True,True,True,1.3029770340625432e-06,COMPLETE
434,0.42341775894165046,2025-04-12 19:07:34.223433,2025-04-12 19:07:43.347007,0 days 00:00:09.123574,0.5335328992478033,0.7522609205888241,8,0.02828217877295624,0.18083801320942083,0.0891676372472004,0.07873520772690636,0.09995027816444402,0.09046306460149481,0.0832931970940348,24,93,0.048788742991431926,0.22429876471078064,True,True,True,2.8888540930059307e-06,COMPLETE
435,0.41970559358596804,2025-04-12 19:07:43.485700,2025-04-12 19:07:52.497728,0 days 00:00:09.012028,0.49490460570357536,0.7283608482137078,8,0.03262111872704451,0.16306718402277467,0.08359210355777473,0.08312012489346315,0.09818514226925033,0.08284342289425221,0.06791920914533132,24,89,0.044512695580326535,0.21453811085582047,True,True,True,1.8395811481558805e-06,COMPLETE
436,0.42257333993911744,2025-04-12 19:07:52.634776,2025-04-12 19:08:01.461398,0 days 00:00:08.826622,0.556511342871203,0.7055864508986701,8,0.02739851314736698,0.17310770941243003,0.0867578837802667,0.06351820866702426,0.09499947153394868,0.08713175841227536,0.08386094384989662,23,90,0.046777532399879244,0.23222651871228034,True,True,True,2.8355512282275483e-06,COMPLETE
437,0.4105464816093445,2025-04-12 19:08:01.611134,2025-04-12 19:08:10.458725,0 days 00:00:08.847591,0.47402204709978024,0.6842754266300656,8,0.04116937111064583,0.1668965266662507,0.09003277310872888,0.07669592848659408,0.09788396719217872,0.0845016486269029,0.07050216338381828,23,95,0.04839933080019374,0.1963845714808117,True,True,True,2.2200462022561385e-06,COMPLETE
438,0.42294853925704956,2025-04-12 19:08:10.596702,2025-04-12 19:08:19.801236,0 days 00:00:09.204534,0.447576598178023,0.7566663724847851,8,0.036454804073223976,0.17678475772895533,0.08880703815386218,0.0660113774207181,0.09616129904083329,0.09143143500773682,0.0987709729803804,25,92,0.04933834175482767,0.2096256240573001,True,True,True,1.3900970437286163e-06,COMPLETE
439,0.19931281208992005,2025-04-12 19:08:19.941146,2025-04-12 19:08:28.969140,0 days 00:00:09.027994,0.5168982840401019,0.7375740696351795,8,0.17954367161074136,0.15318049570953157,0.08512015681056535,0.06860067007172885,0.09991140085707365,0.08830835882461045,0.06757728451841846,24,97,0.04454737989327505,0.22306931417741727,True,True,True,1.864817435944644e-06,COMPLETE
440,0.3559078454971314,2025-04-12 19:08:29.116629,2025-04-12 19:08:38.305015,0 days 00:00:09.188386,0.5515239767613597,0.7706063604264344,8,0.07889062532347374,0.15982631689952753,0.0817400049162532,0.08769208146411671,0.09574214891272657,0.0917700865923097,0.09951900083327178,25,90,0.04674183262165571,0.23337600481652243,True,False,True,2.7329018751586555e-06,COMPLETE
441,0.4016061186790466,2025-04-12 19:08:38.445395,2025-04-12 19:08:47.279415,0 days 00:00:08.834020,0.4637472031143481,0.7286009768979508,8,0.05017324177427389,0.17129901976925116,0.08734393535440195,0.07384943602672299,0.0980152075113445,0.09569798830032351,0.07958345344760687,22,93,0.042997907895237546,0.21686495265366973,True,True,True,1.5197154307890613e-06,COMPLETE
442,0.19931281208992005,2025-04-12 19:08:47.420347,2025-04-12 19:08:56.416200,0 days 00:00:08.995853,0.5141846396449536,0.7621908407882919,8,0.2543870678649028,0.1685959488514035,0.08955222710209801,0.08076854615610914,0.09546649475713415,0.09416811707254896,0.0668551312813355,24,89,0.04970954345314228,0.22564217102537473,True,True,True,2.2273671801398337e-06,COMPLETE
443,0.4247173786163331,2025-04-12 19:08:56.565735,2025-04-12 19:09:05.471654,0 days 00:00:08.905919,0.5459162892141122,0.7168940955970909,8,0.024950095291765895,0.16084926671129013,0.09026066621773232,0.08473123272081107,0.09784230675761667,0.08789196595489397,0.0789147990387606,23,95,0.04584490472671378,0.20633465644046065,True,True,True,3.0139526727450202e-06,COMPLETE
444,0.4177376508712769,2025-04-12 19:09:05.611092,2025-04-12 19:09:14.207135,0 days 00:00:08.596043,0.5295259568630131,0.6731936376748331,8,0.03096685547429976,0.18170271027944032,0.08619551693474889,0.08248947004089835,0.09534551625071294,0.09032772046850074,0.08388888842990674,21,89,0.04946587208378321,0.23077644389664956,True,True,True,1.91722377359593e-06,COMPLETE
445,0.19931281208992005,2025-04-12 19:09:14.361101,2025-04-12 19:09:23.442898,0 days 00:00:09.081797,0.5694079012060622,0.7480469421408472,8,0.034737477035671316,0.1753648793880498,0.08838046703819219,0.07565496308414538,0.09986210934592112,0.09689829977204374,0.062191238032482964,25,97,0.04690476396149135,0.22367203332525395,True,True,False,2.4730961735767118e-06,COMPLETE
446,0.4143946409225464,2025-04-12 19:09:23.583399,2025-04-12 19:09:32.406458,0 days 00:00:08.823059,0.49306231118523863,0.7809295379074714,8,0.041443935699409955,0.15126286212854143,0.09106317481249789,0.08574852213571522,0.09766761048794623,0.09321713277693493,5.578543330601039e-05,22,92,0.04388980812481903,0.21771368977819205,True,True,True,1.247400197824033e-06,COMPLETE
447,0.38709362745285036,2025-04-12 19:09:32.547831,2025-04-12 19:09:41.590890,0 days 00:00:09.043059,0.4533429936444449,0.7074253926492694,8,0.02522358453395366,0.1650557622223455,0.0840790419047469,0.061253553535687455,0.0968749125037793,0.08475296286977128,0.06904888565517278,24,88,0.04038587949001485,0.2281159864002625,True,True,True,3.0858247629403434e-06,COMPLETE
448,0.40318138599395753,2025-04-12 19:09:41.745383,2025-04-12 19:09:50.882867,0 days 00:00:09.137484,0.501355181772473,0.7962548425887759,8,0.047483924842423676,0.1570391056886064,0.09079664739119266,0.07902442789904751,0.09459847999726416,0.0893253504898641,0.09852927963648223,25,93,0.04795614261219293,0.2112241247608397,True,True,True,1.7264397098695622e-06,COMPLETE
449,0.42314832210540776,2025-04-12 19:09:51.025913,2025-04-12 19:09:59.880804,0 days 00:00:08.854891,0.5746881942520168,0.7713759383915048,8,0.032050555511465954,0.16969420442092403,0.08641190376906885,0.07210586490512126,0.09994936535999528,0.09912844887915562,0.08576348915855378,23,97,0.049871637962005645,0.22048666638298348,True,True,True,1.3950729841067164e-06,COMPLETE
450,0.42068110704422,2025-04-12 19:10:00.023224,2025-04-12 19:10:09.094930,0 days 00:00:09.071706,0.4167001334141966,0.7335488426321533,8,0.03901674079402864,0.1402647885605326,0.07973993508819749,0.08845029755924762,0.09777900091890894,0.09281709392595665,0.06430010973766978,24,91,0.04488573180239048,0.23523686990325962,True,True,True,2.3525512472358538e-06,COMPLETE
451,0.4160044193267822,2025-04-12 19:10:09.250545,2025-04-12 19:10:18.171039,0 days 00:00:08.920494,0.5412479504482987,0.691442625729433,8,0.02457502467277943,0.178077282903703,0.08884304535401677,0.09035441418344688,0.0947318175408028,0.0867629799299377,0.08399842456667399,23,87,0.042109947936071986,0.23151105250940007,True,True,True,3.249288159480271e-06,COMPLETE
452,0.4290061473846436,2025-04-12 19:10:18.313921,2025-04-12 19:10:27.488419,0 days 00:00:09.174498,0.48745282655315536,0.8058097528269808,8,0.03374557720605285,0.16276401542776442,0.0905007572469474,0.08285905995799339,0.09804427177499435,0.09059486483867803,0.07112045443494733,25,94,0.047548891842357915,0.2146370563776041,True,True,True,1.9311406114322533e-06,COMPLETE
453,0.3831536412239075,2025-04-12 19:10:27.630239,2025-04-12 19:10:36.638868,0 days 00:00:09.008629,0.4912484255874936,0.8010551313014275,8,0.05512843387086728,0.16074483295821612,0.09084477256602919,0.08384076979325275,0.09764957049282949,0.07626748454668769,0.07181393311113936,24,95,0.047003475953715845,0.20996250243433037,True,True,True,1.844980824422777e-06,COMPLETE
454,0.4177963852882386,2025-04-12 19:10:36.793991,2025-04-12 19:10:45.966521,0 days 00:00:09.172530,0.47294980312364654,0.7627324564425023,8,0.042676557738353146,0.1485515517775395,0.08792943547093847,0.08176497780968764,0.09603079481718282,0.09068018864022011,0.0834552492418505,25,98,0.045620003337589525,0.20193858628306788,True,True,True,1.5555996305873766e-06,COMPLETE
