number,value,datetime_start,datetime_complete,duration,params_alpha-eval,params_alpha-train,params_batch-size,params_eps-eval,params_eps-train,params_lambda-actions-eval,params_lambda-actions-train,params_lambda-frames-eval,params_lambda-frames-train,params_learning-rate,params_n-epochs,params_n-frames,params_radius-gw,params_rho,params_std-feats,params_ub-actions,params_ub-frames,params_weight-decay,state
1642,0.5859259605407715,2025-04-14 20:20:53.908173,2025-04-14 20:21:15.932183,0 days 00:00:22.024010,0.6034744590944003,0.028783397975437768,2,0.05892737362405954,0.00044117564710045246,0.06907361347990928,0.06357085447257896,0.09375584512465307,0.0860488610932727,0.0005249905966184815,30,27,0.022867950218142818,0.19616891073911302,False,True,True,3.1896593415480815e-08,COMPLETE
1643,0.2704429030418396,2025-04-14 20:21:16.462303,2025-04-14 20:21:37.136933,0 days 00:00:20.674630,0.6216065994966506,0.043528873502686145,2,0.10014906751133414,0.00021271811748302752,0.07911494732842203,0.06868233283095321,0.09192508495321965,0.08318039167533135,0.00034932798180596555,28,24,0.02908310035857824,0.2097930182849577,False,True,True,4.9302507709398186e-08,COMPLETE
1644,0.3577838182449341,2025-04-14 20:21:37.688674,2025-04-14 20:21:58.773796,0 days 00:00:21.085122,0.5830227046504766,0.5695480177195282,2,0.07225798945365747,0.00925596687700039,0.07358671135302838,0.07156155358406596,0.08913843351956106,0.0903286078012102,0.00025258111645989944,29,34,0.040461199219087196,0.21486247009452994,False,True,True,1.7730767944355584e-08,COMPLETE
1645,0.25069926381111146,2025-04-14 20:21:59.301233,2025-04-14 20:22:21.004715,0 days 00:00:21.703482,0.5470994315191892,0.0677092997086336,2,0.04923999728866412,0.013835396225643257,0.08271521317993666,0.0655161448487694,0.08593846243888163,0.08815047700187054,0.0004348822125413827,30,27,0.0207022806848827,0.22503663075724384,True,False,True,3.114485036139905e-08,COMPLETE
1646,0.23039780855178832,2025-04-14 20:22:21.557476,2025-04-14 20:22:42.948450,0 days 00:00:21.390974,0.5972404968914331,0.029214354652062846,2,0.0889967022942416,0.00018382150508282694,0.08424343135581386,0.06157219935918552,0.09722183366638482,0.0911056815908457,0.00020442433819621456,29,24,0.025787053590288083,0.18722364499853567,False,True,True,1.4851083445211883e-08,COMPLETE
1647,0.573487913608551,2025-04-14 20:22:43.486888,2025-04-14 20:23:04.400365,0 days 00:00:20.913477,0.5648058234939171,0.06256767063345756,2,0.07782866625818115,0.009027833137131422,0.08126905175455644,0.06709997394434145,0.09462487319199096,0.08721087459925271,0.00033200233585797584,28,30,0.02427926993872337,0.19896509371336563,False,True,True,3.8843428945479103e-08,COMPLETE
1648,0.19931281208992005,2025-04-14 20:23:04.937594,2025-04-14 20:23:26.699578,0 days 00:00:21.761984,0.6175619247181667,0.8865896821543664,2,0.06514725168336634,0.014988750192667129,0.07678018098720168,0.06914612436040417,0.09144811107492683,0.08432513333303678,0.00015118028605455485,30,24,0.01745075786474777,0.2309558945413401,False,True,True,1.0013862549366245e-08,COMPLETE
1649,0.5972174286842347,2025-04-14 20:23:27.248047,2025-04-14 20:23:49.057730,0 days 00:00:21.809683,0.6504955603099248,0.03078006231209969,2,0.04403775502320592,0.005657605253610642,0.07452442490397582,0.0638595677211209,0.08771346275942339,0.09143593293530117,0.0005323083980166776,30,28,0.021747669822324938,0.19387290810034521,False,True,True,1.3613555243584321e-08,COMPLETE
1650,0.5168757677078247,2025-04-14 20:23:49.589314,2025-04-14 20:24:10.911448,0 days 00:00:21.322134,0.6451162281270111,0.010988684056284746,2,0.044785436376767816,0.005399943817908702,0.0727269736809259,0.06595519030164836,0.0873062841054753,0.09178289650836921,0.00029971567075634715,29,36,0.019963603065503568,0.21766577154152605,False,True,True,1.3229924597118514e-08,COMPLETE
1651,0.4694162487983704,2025-04-14 20:24:11.465922,2025-04-14 20:24:32.774572,0 days 00:00:21.308650,0.6298742803023281,0.028558144110010827,2,0.04361592877783306,0.00011576389285958798,0.07202084981663757,0.06467985021754218,0.08623881330938453,0.09213452509001716,0.0004421699907570059,29,33,0.015302239636550675,0.20266931399169796,False,True,True,1.1983433470909494e-08,COMPLETE
1652,0.5782975912094117,2025-04-14 20:24:33.315080,2025-04-14 20:24:53.821266,0 days 00:00:20.506186,0.6655184657743644,0.010129091818905494,2,0.05048844329202004,0.006001054106176148,0.07141550801183429,0.06854930405661824,0.09015507957248498,0.09171797577029712,0.0003773456934515883,28,31,0.021540479650128824,0.21169180705988339,False,True,False,1.3989441017652638e-08,COMPLETE
1653,0.5584091663360596,2025-04-14 20:24:54.355390,2025-04-14 20:25:16.371418,0 days 00:00:22.016028,0.665015511788974,0.04414912608788973,2,0.048804358587894864,0.01468512769381145,0.06810084649380412,0.07066538507281779,0.09171237002499907,0.0902561259666796,0.0004898501116804803,30,29,0.017636006819451346,0.20682320797371942,False,True,True,1.6277065677193777e-08,COMPLETE
1654,0.3971718192100525,2025-04-14 20:25:16.923797,2025-04-14 20:25:38.415477,0 days 00:00:21.491680,0.6594286535694803,0.26848649261809987,2,0.05331493000771971,0.005712870893042837,0.07436488282440996,0.0738796462976073,0.08786916823419577,0.09179928115803265,0.0005287382818839278,29,33,0.027082401557401565,0.18836767271983382,False,True,True,1.2384393158454364e-08,COMPLETE
1655,0.5932515501976013,2025-04-14 20:25:38.949332,2025-04-14 20:26:00.058185,0 days 00:00:21.108853,0.6307286130624422,0.01024837297203091,2,0.04799212719201304,0.005796318281156151,0.07319390037645249,0.06375589401708441,0.08554930330742494,0.09014053893979629,0.00030410561287258736,28,28,0.019914253431539453,0.23696306238818965,False,True,True,1.8328853821044462e-08,COMPLETE
1656,0.45861946344375615,2025-04-14 20:26:00.614916,2025-04-14 20:26:21.523643,0 days 00:00:20.908727,0.6439041422100045,0.010291021478545631,2,0.04239305233249744,0.004847454029108216,0.07155304753214689,0.06335221690450792,0.08543699881795286,0.09141259931812905,0.00022901458388444488,28,33,0.018282612103070566,0.2409270874647951,False,True,True,1.990475305433214e-08,COMPLETE
1657,0.49624677896499636,2025-04-14 20:26:22.063111,2025-04-14 20:26:43.042031,0 days 00:00:20.978920,0.6428861468419221,0.026641974865905662,2,0.04310417763928446,0.005259081713881852,0.06887620245017749,0.061271549127680326,0.08772290090927294,0.09190996213416311,0.0002053654719698722,28,37,0.01987890687307766,0.2591443225296536,False,True,True,1.7760568703231658e-08,COMPLETE
1658,0.47347211837768555,2025-04-14 20:26:43.573327,2025-04-14 20:27:04.303509,0 days 00:00:20.730182,0.648717707547562,0.010870329926031175,2,0.045450072593035226,0.0064628338874634355,0.0702578702669608,0.06378494451114311,0.08541455443563672,0.08959312864173047,0.00024156657999380518,28,31,0.018922610242622498,0.24270923482991216,False,True,True,2.1521089049869495e-08,COMPLETE
1659,0.5822254419326782,2025-04-14 20:27:04.858309,2025-04-14 20:27:25.583386,0 days 00:00:20.725077,0.6631636413136062,0.02636904153363679,2,0.042158692730479785,0.0006402629406684412,0.07383933958667227,0.0615147053824379,0.08533293075292667,0.09219890001930782,0.0005493348801917681,28,29,0.014908586699248817,0.2371085641893279,False,True,True,2.240591787953085e-08,COMPLETE
1660,0.5187917470932006,2025-04-14 20:27:26.129278,2025-04-14 20:27:46.975520,0 days 00:00:20.846242,0.6340170349840352,0.02790275398894562,2,0.05079894510120679,0.015003429283110159,0.07064335046779009,0.0649878252328073,0.08545064087519427,0.09003395133809036,0.00025553178853820834,28,36,0.016627175213572546,0.19286067618105399,False,True,True,1.8463725807677468e-08,COMPLETE
1661,0.3961235284805298,2025-04-14 20:27:47.536641,2025-04-14 20:28:08.439095,0 days 00:00:20.902454,0.653565867346547,0.01052308876016812,2,0.05006781389301426,0.00017086910132334526,0.07425650858747229,0.06333565890524584,0.08752386413128593,0.09185209960551163,0.00029227884330462116,28,29,0.02222278272147791,0.24735653073384942,False,True,True,2.394872773219112e-08,COMPLETE
1662,0.44084422588348393,2025-04-14 20:28:08.979522,2025-04-14 20:28:29.757350,0 days 00:00:20.777828,0.6287059799489106,0.805835645284551,2,0.04176457921808438,0.010224114363694251,0.07504946163947164,0.06532530072124805,0.0888608891016046,0.018587713419153197,0.0001741705289525328,28,32,0.0196562076989141,0.23590342680864312,False,True,True,1.7021266821286996e-08,COMPLETE
1663,0.4394015550613404,2025-04-14 20:28:30.294721,2025-04-14 20:28:51.349025,0 days 00:00:21.054304,0.6479904095960332,0.010266966151874883,2,0.053430097898979435,0.005594804092696595,0.07276841219110795,0.06148610549780725,0.08543129601374147,0.09022377574396645,0.00040691889246488236,29,28,0.021612768245033272,0.2490982906424709,False,False,True,2.045627862464863e-08,COMPLETE
1664,0.3650760054588318,2025-04-14 20:28:51.904080,2025-04-14 20:29:12.802889,0 days 00:00:20.898809,0.6253180831614638,0.5148278497300398,2,0.04377183734435539,0.009426115160728481,0.06650780184862583,0.06347121793153987,0.08695363797325198,0.08917036471175008,0.0003308255912397408,28,34,0.017725825401256834,0.19936495180586827,False,True,True,2.783105491637379e-08,COMPLETE
1665,0.4464897155761719,2025-04-14 20:29:13.342412,2025-04-14 20:29:34.335603,0 days 00:00:20.993191,0.6150607360958082,0.03123693553422679,2,0.056323125935758306,0.00028259525852878265,0.07472359987132474,0.0661609751057584,0.09308616143201257,0.09190506108490828,0.0005267272385275516,28,28,0.015930297236857145,0.18682152190369586,True,True,True,1.6070377716838198e-08,COMPLETE
1666,0.43687555789947513,2025-04-14 20:29:34.895494,2025-04-14 20:29:56.277192,0 days 00:00:21.381698,0.650033623351974,0.030766914362251107,2,0.04743744882394326,0.01265334206290343,0.07645039595741307,0.06142679534808041,0.08955492795362718,0.08688702333268412,0.0004233726448730028,29,31,0.020930990995529176,0.23252037960625535,False,True,True,2.3083683751589938e-08,COMPLETE
1667,0.5875800132751465,2025-04-14 20:29:56.817321,2025-04-14 20:30:18.266277,0 days 00:00:21.448956,0.6071185556731898,0.026769171287927093,2,0.05069391809119656,0.014774177468856191,0.07282012801434981,0.0644697713692781,0.08784459447261417,0.09188665624217127,0.0002679050574101192,29,24,0.022538245018117013,0.1939823420590264,False,True,True,1.5397075089509803e-08,COMPLETE
1668,0.5934459805488587,2025-04-14 20:30:18.832479,2025-04-14 20:30:40.154924,0 days 00:00:21.322445,0.6313511431226323,0.010557810654290786,2,0.041247635662328856,0.005852610457849135,0.07611784028955598,0.06733640269504178,0.09194490894713807,0.08948910006069055,0.0002905071427950995,29,27,0.02035167739118407,0.20290806884080845,False,True,True,1.9179307673496637e-08,COMPLETE
1669,0.43671662807464606,2025-04-14 20:30:40.694775,2025-04-14 20:31:01.472143,0 days 00:00:20.777368,0.6649047090434761,0.012838283465689333,2,0.03939786654392831,0.0003309658785288338,0.0744962493529506,0.06587077678652069,0.09460274642584747,0.09197249414598427,0.00020033182439750986,28,30,0.014220232283002251,0.19962210181851156,False,True,True,2.500004832737434e-08,COMPLETE
1670,0.3795449614524841,2025-04-14 20:31:02.011976,2025-04-14 20:31:23.251492,0 days 00:00:21.239516,0.6568096090054163,0.02731107860840638,2,0.04521068671613834,0.006246479068399299,0.07593512723783472,0.06309672444392589,0.09642304451632415,0.08742632667685445,0.000271910195139616,29,24,0.01865003258281909,0.25599750844514785,False,True,True,2.084667951798889e-08,COMPLETE
1671,0.5733395338058471,2025-04-14 20:31:23.804552,2025-04-14 20:31:45.046114,0 days 00:00:21.241562,0.6350319628176169,0.01006012576143854,2,0.04179692125442689,0.000290981244612039,0.07188389893645711,0.06693584175833958,0.09252496667386868,0.0898959494923447,0.0001692181347618286,29,27,0.016131209042457274,0.19228707108888907,False,True,False,2.984597499502066e-08,COMPLETE
1672,0.4663826227188111,2025-04-14 20:31:45.584351,2025-04-14 20:32:06.417908,0 days 00:00:20.833557,0.6400362521043409,0.026867024767611117,2,0.04216930207724633,0.007066088064364527,0.07026915033306343,0.06435382483126424,0.08978772541721831,0.0914568942390337,0.0002908240680744935,28,33,0.018134463837447032,0.1995180196100759,False,True,True,2.532999690645512e-08,COMPLETE
1673,0.5513100981712342,2025-04-14 20:32:06.978994,2025-04-14 20:32:28.275833,0 days 00:00:21.296839,0.6216946720557404,0.010873089483817457,2,0.04292279652744328,0.005433232714350589,0.07352423794924293,0.06104565105116869,0.09416176642682286,0.0888459536589517,0.00026226548061268964,29,24,0.020597040101007262,0.18756352149716993,False,True,True,1.9011054167537043e-08,COMPLETE
1674,0.4357105016708374,2025-04-14 20:32:28.816822,2025-04-14 20:32:49.765516,0 days 00:00:20.948694,0.6488996320184517,0.030150343370278367,2,0.04907261185128716,0.005208166295036003,0.0758531989875482,0.06537091984036945,0.0875639106933511,0.09254959704549343,0.00021919389375643219,28,30,0.013069997004472124,0.20398369771491634,False,True,True,2.9204345785262463e-08,COMPLETE
1675,0.5795977473258973,2025-04-14 20:32:50.305372,2025-04-14 20:33:11.788170,0 days 00:00:21.482798,0.6737781269555706,0.027521750757399092,2,0.043097461266829035,0.009276097244125252,0.07163340192964579,0.06341510363021388,0.09124086246297645,0.08577960042188007,0.00031124878381828455,29,27,0.017587199932626342,0.19396525074462462,False,True,True,2.0323728230818086e-08,COMPLETE
1676,0.5900039911270142,2025-04-14 20:33:12.345645,2025-04-14 20:33:33.123279,0 days 00:00:20.777634,0.6464520669133854,0.011805433093295792,2,0.04015021266957665,0.015433370447466238,0.07467192033716362,0.0674111668134141,0.08484383101476611,0.09003276830916813,0.00024408324133359027,28,24,0.020140863967721717,0.20193308610838542,False,True,True,5.2135922518239446e-08,COMPLETE
1677,0.44910801649093635,2025-04-14 20:33:33.665368,2025-04-14 20:33:54.956397,0 days 00:00:21.291029,0.6249811246973425,0.04221597267950626,2,0.04961184422311719,0.004628491862349949,0.07643471162251067,0.061401840011482134,0.08952752550010509,0.08679579056697813,0.00020583138147097966,29,30,0.01427411273943195,0.19703853034588814,False,True,True,2.4755496312883983e-08,COMPLETE
1678,0.3877093076705933,2025-04-14 20:33:55.518951,2025-04-14 20:34:17.024444,0 days 00:00:21.505493,0.6280249102952771,0.6179532664751894,2,0.040272703435446304,0.009985609037002772,0.08545156005567973,0.06543162393621085,0.09279939826712251,0.08814851856568784,0.00032631044582151725,29,26,0.019683685619321094,0.18419265009868996,False,True,True,3.4449892953726355e-08,COMPLETE
1679,0.4374876856803894,2025-04-14 20:34:17.565872,2025-04-14 20:34:39.383656,0 days 00:00:21.817784,0.617169852544465,0.029148817300208955,2,0.05442706691721476,0.01514969402898247,0.07637114868350098,0.06852591541891387,0.08689676490612393,0.09239786357040818,0.00029937506070531534,30,34,0.021713874888089665,0.207460901239315,False,True,True,1.8560644246807926e-08,COMPLETE
1680,0.6025888204574585,2025-04-14 20:34:39.945185,2025-04-14 20:35:01.563885,0 days 00:00:21.618700,0.6348953755571995,0.010259547117226708,2,0.04005986232627938,0.00015653591952322077,0.07476312565362722,0.06404121685726775,0.09571210550146572,0.09022543842091854,0.0003552829821060331,29,28,0.0156878563751366,0.19176972933489378,False,True,True,4.212096947276115e-08,COMPLETE
1681,0.19931281208992005,2025-04-14 20:35:02.116053,2025-04-14 20:35:22.889562,0 days 00:00:20.773509,0.6665671899404805,0.9571232548449046,2,0.038294957459392334,0.004033931449479148,0.06945073213959328,0.06707459967177724,0.09737382673674055,0.08394054862175969,0.00032426836667647305,28,24,0.016500049173162726,0.18611226273912573,False,True,True,5.608704119370653e-08,COMPLETE
1682,0.44476323127746586,2025-04-14 20:35:23.432075,2025-04-14 20:35:44.668942,0 days 00:00:21.236867,0.6575150287076246,0.01030295792349025,2,0.041149078673712,0.0006242363436908538,0.0720132405788994,0.06985963034349685,0.09725136544306524,0.08668665539093467,0.00026206235885959755,29,27,0.01819335421969425,0.1925900913913214,False,False,True,2.481484491682712e-08,COMPLETE
1683,0.2935437440872193,2025-04-14 20:35:45.232367,2025-04-14 20:36:07.165503,0 days 00:00:21.933136,0.6330123586866259,0.04233592019789573,2,0.0410425796741161,0.009520448012628193,0.07317545771553877,0.06525897001540809,0.09597827178767371,0.025815279482790193,0.0003670123188559548,30,32,0.019391286372090633,0.18520171660089477,True,True,True,4.5019199157148396e-08,COMPLETE
1684,0.5908531427383423,2025-04-14 20:36:07.709850,2025-04-14 20:36:28.418062,0 days 00:00:20.708212,0.6831561864308504,0.02895782472651667,2,0.04748633269800395,0.005089105514975972,0.07362547120723309,0.06280129560420107,0.09946950821956259,0.08957564311157794,0.0003681318455397866,28,24,0.017390283537692,0.1901759717913643,False,True,True,1.9584906569988752e-08,COMPLETE
1685,0.4946418881416321,2025-04-14 20:36:28.982530,2025-04-14 20:36:51.009619,0 days 00:00:22.027089,0.6811809339298837,0.047047907234715206,2,0.038773324647323984,0.010031087573271903,0.06676900675265111,0.06716716345283427,0.09901809990776089,0.087712122467176,0.00021301918192333683,30,37,0.016164058397383305,0.24113465115871538,False,True,True,2.8643677663296944e-08,COMPLETE
1686,0.5792244791984558,2025-04-14 20:36:51.553666,2025-04-14 20:37:12.904108,0 days 00:00:21.350442,0.6432776163810143,0.04033524882482205,2,0.0400181728806543,0.00039636548036567105,0.0751123072062506,0.06138333495367231,0.09554737028769739,0.08545594228693998,0.00023454161502124764,29,27,0.024682040348824992,0.19425837466512771,False,True,True,1.5812241929029896e-08,COMPLETE
1687,0.5920862913131715,2025-04-14 20:37:13.470801,2025-04-14 20:37:35.562249,0 days 00:00:22.091448,0.6386963809674353,0.027910040929975385,2,0.045332425890725024,0.015064085687487728,0.0707240469355918,0.06408262716232913,0.09606093739360518,0.08926754133311153,0.00030513843250996246,30,23,0.02006604261574181,0.1860104890586579,False,True,True,4.2890533550323695e-08,COMPLETE
1688,0.5817756295204163,2025-04-14 20:37:36.105652,2025-04-14 20:37:57.541721,0 days 00:00:21.436069,0.6129049315731788,0.04914275539004917,2,0.059444188336532644,0.008755138351150842,0.07343641747188509,0.07063579368009076,0.09397398999174736,0.09066575226209801,0.00035976742969743555,29,30,0.021768355911070122,0.19577871094845345,False,True,True,1.5546064642912456e-08,COMPLETE
1689,0.5939768075942994,2025-04-14 20:37:58.081113,2025-04-14 20:38:19.033708,0 days 00:00:20.952595,0.6339993643099254,0.028565835717294673,2,0.05424740506908912,0.000661144627682693,0.07579970947444419,0.06596139784178699,0.09555425578756599,0.09208395315995441,0.0002827597708966596,28,27,0.024148408318267832,0.18919962053685097,False,True,True,3.2249122651294266e-08,COMPLETE
1690,0.5540720820426941,2025-04-14 20:38:19.598676,2025-04-14 20:38:40.363334,0 days 00:00:20.764658,0.6628464495652132,0.026685329478476363,2,0.046080658885791416,0.015542892579421465,0.07328453400005434,0.06519514004519258,0.09833672671529853,0.0918704703950201,0.0001833126460548188,28,23,0.01568494793703881,0.18421456928359387,False,True,False,5.4409288041548965e-08,COMPLETE
1691,0.5854849219322205,2025-04-14 20:38:40.908446,2025-04-14 20:39:01.662774,0 days 00:00:20.754328,0.6697152930585113,0.05343499762431275,2,0.05109403957515366,0.00942387383339353,0.0758719202238278,0.06277519312031295,0.09972951994697714,0.09285243126882245,0.00026352631156388557,28,26,0.022304694887653173,0.19048931623447263,False,True,True,3.739311834096855e-08,COMPLETE
1692,0.5128307461738586,2025-04-14 20:39:02.229048,2025-04-14 20:39:22.986216,0 days 00:00:20.757168,0.6581174996141221,0.010172442018096804,2,0.05451021901889684,0.0003088581103286473,0.068762498909378,0.061140933456442184,0.09771528329482507,0.0929752665605151,0.0002481476622699005,28,23,0.019084304472442932,0.18507136920304804,False,True,True,4.647227332468264e-08,COMPLETE
1693,0.570665717124939,2025-04-14 20:39:23.534269,2025-04-14 20:39:44.627595,0 days 00:00:21.093326,0.6384423075291452,0.01093701707897755,2,0.04684045994167849,0.005516864212512941,0.07447720094731058,0.06557038768974012,0.09522971084459442,0.09327237358763511,0.0001756508697732992,28,26,0.02057151525907888,0.19560120577945228,False,True,True,3.270526838801733e-08,COMPLETE
1694,0.3633571624755859,2025-04-14 20:39:45.193465,2025-04-14 20:40:06.115160,0 days 00:00:20.921695,0.655640594457698,0.04485954320444862,2,0.04033076035861113,0.01613050928952585,0.0717288464190547,0.06364196391075871,0.09693421968219575,0.0925998150407616,0.00015544035202970477,28,31,0.023315148802153466,0.279118050105281,False,True,True,4.178845877369094e-08,COMPLETE
1695,0.19931281208992005,2025-04-14 20:40:06.664235,2025-04-14 20:40:27.490127,0 days 00:00:20.825892,0.634893900719524,0.010226164166568767,2,0.05101256212615053,0.24042277570017123,0.07473689246858492,0.06687454973691655,0.09506373308184686,0.09094326717402086,0.0002201523789820619,28,23,0.02883676459070734,0.18624656273870982,False,True,True,2.755348539207421e-08,COMPLETE
1696,0.5817023396492005,2025-04-14 20:40:28.065092,2025-04-14 20:40:50.011700,0 days 00:00:21.946608,0.6924942442036889,0.06405094326318993,2,0.055996151415367214,0.008988610740097047,0.07213705193999354,0.06419378778228467,0.09754843995267015,0.09244905917717734,0.00027798495733728047,30,28,0.016734099181738637,0.19169980062834516,False,True,True,5.124217816551203e-08,COMPLETE
1697,0.597612476348877,2025-04-14 20:40:50.558210,2025-04-14 20:41:11.945661,0 days 00:00:21.387451,0.6111044439400894,0.01135138680106693,2,0.03872177345528805,0.00012050839475570948,0.07712020017689285,0.06643610343797005,0.09510557175870653,0.09325336337467018,0.0002886981306758917,29,26,0.02457763257925773,0.19025308890908424,False,True,True,3.337486545960773e-08,COMPLETE
