number,value,datetime_start,datetime_complete,duration,params_alpha-eval,params_alpha-train,params_batch-size,params_eps-eval,params_eps-train,params_lambda-actions-eval,params_lambda-actions-train,params_lambda-frames-eval,params_lambda-frames-train,params_learning-rate,params_n-epochs,params_n-frames,params_radius-gw,params_rho,params_std-feats,params_ub-actions,params_ub-frames,params_weight-decay,state
1198,0.4200616478919983,2025-04-12 21:07:49.380192,2025-04-12 21:07:58.465085,0 days 00:00:09.084893,0.4242783755392466,0.4393258366510873,8,0.05368667954199306,0.1762735616332634,0.0808716296219708,0.05434976509429244,0.027136855326999054,0.06736904822051176,0.042938496145558114,25,27,0.04980400506896331,0.186365046121565,True,True,True,1.781705096055423e-07,COMPLETE
1199,0.32074575424194335,2025-04-12 21:07:58.858382,2025-04-12 21:08:07.935744,0 days 00:00:09.077362,0.45324136434819295,0.4966477258899773,8,0.11323383085234237,0.15968071691352623,0.07946367927702211,0.05693266854128158,0.0370949467062145,0.09644492002566465,0.057785626204114926,25,36,0.0797772519333941,0.19900565865064251,True,True,True,3.100429570076931e-07,COMPLETE
1200,0.29145528078079225,2025-04-12 21:08:08.326538,2025-04-12 21:08:28.471639,0 days 00:00:20.145101,0.4811669390069934,0.3745324688998579,2,0.061813983791731406,0.16806721235612299,0.08600005759183033,0.06002008641878916,0.04675519201138283,0.09537092491449471,0.060638866949840144,27,20,0.04638308342055439,0.1797304800342642,True,True,False,7.663260758136852e-07,COMPLETE
1201,0.41175333261489866,2025-04-12 21:08:28.865658,2025-04-12 21:08:38.040202,0 days 00:00:09.174544,0.5026552390185985,0.45060107867529514,8,0.04859107538876767,0.1935969909175251,0.08301552644214678,0.054974642930485526,0.040936117427384004,0.09811826385752472,0.03495546448988468,26,24,0.04197170342186316,0.16834738352596618,True,True,True,5.393902890333636e-07,COMPLETE
1202,0.2704762876033783,2025-04-12 21:08:38.433170,2025-04-12 21:08:47.479241,0 days 00:00:09.046071,0.40756390306279316,0.41427871273481864,8,0.03346842480001172,0.17905464696627157,0.0444256994393509,0.06161628730599323,0.04320506493027291,0.09370061458302505,0.09985635002915855,25,32,0.05388933108980087,0.192776950087394,True,True,True,8.164475175592214e-07,COMPLETE
1203,0.32120226621627807,2025-04-12 21:08:47.875462,2025-04-12 21:08:57.199525,0 days 00:00:09.324063,0.4605899736160945,0.4729937668344381,8,0.05507275336922572,0.0003557967688495589,0.08109982169953445,0.058232095983496865,0.00764399227359807,0.08348192695767288,0.046562708655376296,27,28,0.04820967473971257,0.031148172273293473,True,True,True,4.044708950838905e-07,COMPLETE
1204,0.2581256330013275,2025-04-12 21:08:57.592073,2025-04-12 21:09:06.799944,0 days 00:00:09.207871,0.5189105255922518,0.4259765529285937,8,0.04200125592721027,0.18757898776044588,0.03845468736244499,0.04542996417026386,0.003966470714616109,0.09670492199815771,0.06279314534202722,26,35,0.05203493614799881,0.18687973847758949,True,True,True,2.1841858706613644e-07,COMPLETE
1205,0.4321846604347229,2025-04-12 21:09:07.197545,2025-04-12 21:09:16.296607,0 days 00:00:09.099062,0.4345027619012721,0.49943818907370535,8,0.060509665063491556,0.17480971775070334,0.038622349429627154,0.053641368771371226,0.047629385705611045,0.09821827303591826,0.050436855603465176,25,25,0.04433035699708072,0.17577188897822962,True,True,True,6.786639921823378e-07,COMPLETE
1206,0.32423110008239747,2025-04-12 21:09:16.698160,2025-04-12 21:09:24.923798,0 days 00:00:08.225638,0.4820559532654551,0.4529763012342731,8,0.04890094355786598,0.16798790212098952,0.044395262256737796,0.056128397330565565,0.022131560987209635,0.09332125609373203,0.07291265561167593,19,30,0.04698189764465258,0.16151561308752058,True,True,True,2.6418338182382965e-07,COMPLETE
1207,0.19931281208992005,2025-04-12 21:09:25.316045,2025-04-12 21:09:34.370019,0 days 00:00:09.053974,0.5080420376272314,0.47487099544449063,8,0.05324939793678403,0.22504632191048385,0.04326891320380033,0.07353352636790815,0.04830948569324548,0.09513959103960438,0.05876486735066664,25,16,0.05014747353656871,0.18330961059000175,True,True,True,1.1349572504308375e-06,COMPLETE
1208,0.174183589220047,2025-04-12 21:09:34.765248,2025-04-12 21:09:44.004921,0 days 00:00:09.239673,0.5321093216210995,0.3953234503566148,8,0.0374552202463892,0.18264705224621516,0.050905925408636366,0.04838626415245634,0.03381000388224831,0.0661186786202193,0.08394520210001612,26,22,0.04534578632723259,0.1944435265061642,True,True,True,4.810607160622646e-07,COMPLETE
1209,0.3427822351455688,2025-04-12 21:09:44.403730,2025-04-12 21:09:53.405155,0 days 00:00:09.001425,0.4513869751980823,0.4322206879103365,8,0.045861169756727924,0.03704344253108913,0.08406389998769596,0.05767069192022156,0.045394463344243886,0.09237518796504461,0.02749557959260101,25,26,0.048508158214582695,0.16829874235332914,True,False,True,1.3289827873965715e-07,COMPLETE
1210,0.37375031709671025,2025-04-12 21:09:53.800629,2025-04-12 21:10:03.351884,0 days 00:00:09.551255,0.4717764695209532,0.4996809228239556,8,0.0632836717753936,0.1915228723883773,0.04172020050833663,0.04202906424653291,0.07249696326989959,0.08511305016336758,0.04153425151574617,28,32,0.05150847182549771,0.17773532427477187,True,True,True,5.623912229991414e-08,COMPLETE
1211,0.20895978808403015,2025-04-12 21:10:03.749371,2025-04-12 21:10:12.994671,0 days 00:00:09.245300,0.49635474321667616,0.46037800466027917,8,0.14217502566420254,0.15862769578622182,0.04628454042698756,0.0542554267873096,0.028941289190173875,0.09830190278562996,0.06974181052647316,27,28,0.04370538931619446,0.18713512854562162,False,True,True,8.995472697019304e-07,COMPLETE
1212,0.19931281208992005,2025-04-12 21:10:13.389667,2025-04-12 21:10:22.303326,0 days 00:00:08.913659,0.2230624409597911,0.48565920707729227,8,0.05886876523940383,0.1739742902047536,0.07914887652435591,0.050216842546872434,0.036498347204126834,0.09505780123796441,0.05367278288028319,24,20,0.04131931626838803,0.20349367838358223,True,True,True,6.337563511168972e-07,COMPLETE
1213,0.32919600009918215,2025-04-12 21:10:22.700820,2025-04-12 21:10:32.312077,0 days 00:00:09.611257,0.42787203662117884,0.41307206016550596,8,0.054106389027492624,0.18295404750653763,0.040234531081838304,0.05208005532392021,0.04627004172961672,0.09180698678302282,0.07674232515022987,29,30,0.046155667473225734,0.17211299724905893,True,True,True,4.0100954289566105e-07,COMPLETE
1214,0.2648084402084351,2025-04-12 21:10:32.705298,2025-04-12 21:10:41.903190,0 days 00:00:09.197892,0.5357638938960977,0.5181362803633981,8,0.04189650442600145,0.14232486835966768,0.0870969922354735,0.03901507754204886,0.006229576626506287,0.0965703491124022,0.06506886532610734,26,39,0.0480765930466028,0.1808576417081555,True,True,True,5.582944763846753e-07,COMPLETE
1215,0.2642794907093048,2025-04-12 21:10:42.300650,2025-04-12 21:10:49.795684,0 days 00:00:07.495034,0.39958184170152977,0.44959993989529085,16,0.04744298058976793,0.16450886768355544,0.04958276944670667,0.03587834476284865,0.03941535508501678,0.09111641228737381,0.08724373532726995,24,23,0.049772882553909256,0.1950828665693838,True,True,True,7.767394185394549e-07,COMPLETE
1216,0.40135544538497925,2025-04-12 21:10:50.192256,2025-04-12 21:10:59.200541,0 days 00:00:09.008285,0.4847156284390107,0.4727331770456044,8,0.06385668521051091,0.1886324678391582,0.05529868945093793,0.05950512180857913,0.04919869872102084,0.09978212916955945,0.05251355058365724,25,34,0.053660069256732223,0.15918816996923751,True,True,True,1.158076845568328e-06,COMPLETE
1217,0.19931281208992005,2025-04-12 21:10:59.596193,2025-04-12 21:11:08.806019,0 days 00:00:09.209826,0.45091642351826344,0.4938876470894683,8,0.23200557102768282,0.17208086772468162,0.04726186768977654,0.05516552274308771,0.00752038174544827,0.09410001469015254,0.00044809348416254626,26,26,0.04511620966094175,0.190288836519239,True,True,True,3.006374040080772e-07,COMPLETE
1218,0.19931281208992005,2025-04-12 21:11:09.203113,2025-04-12 21:11:18.228928,0 days 00:00:09.025815,0.37538316632764995,0.3680844265231683,8,0.05751061706445376,0.19479004825744078,0.08155769419322491,0.04432949278971198,0.043344280548609365,0.08655263286529684,0.06416391674691112,25,28,0.019290221972834067,0.17634256627824235,True,True,False,4.1974596228519393e-07,COMPLETE
1219,0.1992784917354584,2025-04-12 21:11:18.628496,2025-04-12 21:11:27.819377,0 days 00:00:09.190881,0.5141143384509681,0.4365213760130179,8,0.1564159225542143,0.17801809532181573,0.07809703757809473,0.06328735413554279,0.06394222171039136,0.08045504859824956,0.08483193129841343,26,31,0.0476519726030225,0.18324865669393134,True,True,True,4.172763234472724e-08,COMPLETE
1220,0.27380416393280027,2025-04-12 21:11:28.216348,2025-04-12 21:11:37.183529,0 days 00:00:08.967181,0.4693528846180329,0.4058442802592049,8,0.035647892143947424,0.18311768701850106,0.08397044964207409,0.057675706402863666,0.004726937030882859,0.09293029304087427,0.09946108232430609,24,24,0.043549868619355336,0.16944056609243435,True,True,True,6.982275983118011e-07,COMPLETE
1221,0.19931281208992005,2025-04-12 21:11:37.586890,2025-04-12 21:11:46.615765,0 days 00:00:09.028875,0.5049614048943686,0.46082057151207173,8,0.07001543985183624,0.16789491239857898,0.07973934991287447,0.05299430495170323,0.041416293225249194,0.09635701786577287,0.009324643356057578,25,19,0.05106116411898291,0.1997832350280592,True,True,True,5.663753288047839e-07,COMPLETE
1222,0.19931281208992005,2025-04-12 21:11:47.011504,2025-04-12 21:12:05.673747,0 days 00:00:18.662243,0.4909348211427566,0.5084207795232286,2,0.030436386364780025,0.18794712537279495,0.04570423493077325,0.047052450745383965,0.01703988654469367,0.090175372679419,0.0470598459764121,24,36,0.046891851212916114,0.18730229602387552,True,True,True,8.568360842102137e-07,COMPLETE
1223,0.2667209327220917,2025-04-12 21:12:06.071900,2025-04-12 21:12:15.393746,0 days 00:00:09.321846,0.44021146837156344,0.4240796017447952,8,0.05161913952704786,0.1517096767561817,0.08159243409532235,0.0559445045515639,0.04884380157024761,0.09822934846723745,0.07170358825697655,27,28,0.04965614941236723,0.17613266847794118,True,True,True,3.4623835655963147e-07,COMPLETE
1224,0.41654735803604126,2025-04-12 21:12:15.787680,2025-04-12 21:12:24.846682,0 days 00:00:09.059002,0.5434591495983037,0.48927005572565946,8,0.042758871918304284,0.1770114113327422,0.07730588874939377,0.04913906633092479,0.0027652676689763848,0.09469427233240232,0.033967750549516354,25,33,0.042234446245098554,0.16445986332909904,True,True,True,2.030202600012256e-07,COMPLETE
1225,0.19931281208992005,2025-04-12 21:12:25.241663,2025-04-12 21:12:34.395463,0 days 00:00:09.153800,0.4190353654354585,0.5226711471271266,8,0.05741322681374595,0.1970069319460401,0.08331891704166189,0.051203768363400494,0.04513348212189443,0.08479002150952776,0.0585781559014366,26,23,0.027762502340998287,0.18272583455001243,True,True,True,1.3817903863858636e-06,COMPLETE
1226,0.3010146141052246,2025-04-12 21:12:34.789811,2025-04-12 21:12:44.230541,0 days 00:00:09.440730,0.46561666196044355,0.38399288412480587,8,0.04782703817434859,0.16246070000895502,0.08617711093247443,0.06779740642314036,0.008051265048397377,0.0999909366585465,0.07701849540605697,28,26,0.04547180422947519,0.19223623675863968,True,True,True,5.344292121777474e-07,COMPLETE
1227,0.40439928770065303,2025-04-12 21:12:44.627851,2025-04-12 21:12:53.720386,0 days 00:00:09.092535,0.5153875355746884,0.4446849391464085,8,0.06587186525080635,0.1730238978139597,0.07991963491856179,0.06105400152392325,0.03846111266312205,0.08682634413443927,0.03942389772503615,25,30,0.05509691777109624,0.17520244853154587,True,True,True,7.549871891875262e-08,COMPLETE
1228,0.2858239054679871,2025-04-12 21:12:54.114578,2025-04-12 21:13:03.007877,0 days 00:00:08.893299,0.4867091654855476,0.4705955642407009,8,0.05229916956293748,0.18049950062266878,0.08217784776146786,0.05386332601215832,0.0330234353986985,0.09224243076438922,0.06293325063601526,24,41,0.05200681850394438,0.16905093753461659,True,False,True,4.4587585277058384e-07,COMPLETE
1229,0.3040267825126648,2025-04-12 21:13:03.404822,2025-04-12 21:13:12.363187,0 days 00:00:08.958365,0.4485992088199561,0.5081494586670798,8,0.06034455140613646,0.23041540223090984,0.07823359848725137,0.05830965073120332,0.023228128565980895,0.08847430199721973,3.434382526336524e-05,25,21,0.048475829373620445,0.15951113817448825,False,True,True,1.025709123261728e-06,COMPLETE
1230,0.4130732893943787,2025-04-12 21:13:12.756837,2025-04-12 21:13:21.902634,0 days 00:00:09.145797,0.5274485485376772,0.4129898499999783,8,0.07457801530453365,0.19225670250961904,0.08509349680568037,0.06488212596717469,0.04632143024019704,0.09637399707864772,0.07778741729430136,26,26,0.04659076853131929,0.18126098208499616,True,True,True,6.845167808198598e-07,COMPLETE
1231,0.37657302618026733,2025-04-12 21:13:22.303871,2025-04-12 21:13:31.234609,0 days 00:00:08.930738,0.47006087386281825,0.4852615363732405,8,0.04074752137814666,0.18588462852510299,0.036534033834029186,0.05590366879044667,0.009955412386778686,0.09062703427324435,0.053770818336170326,24,32,0.04389104020320894,0.18942413144356673,True,True,True,2.6773296809972696e-07,COMPLETE
1232,0.19931281208992005,2025-04-12 21:13:31.634712,2025-04-12 21:13:40.989957,0 days 00:00:09.355245,0.4990168681640095,0.44799158220871454,8,0.051346846253650436,0.17002543776961612,0.05097386484578136,0.05146658860853766,0.04229305654103409,0.06365535809313626,0.09961534615606983,27,17,0.049582427553693284,0.19761271220297472,True,True,True,4.4838793211495314e-07,COMPLETE
1233,0.40760807991027836,2025-04-12 21:13:41.388544,2025-04-12 21:13:50.490477,0 days 00:00:09.101933,0.5490697797193537,0.46193963707794256,8,0.046507796095863696,0.20001348083268003,0.0765304584918689,0.05377656366007618,0.03136151403224628,0.08303221333216884,0.0846194384708059,25,29,0.05250282888832757,0.2049196334401766,True,True,True,9.024285332978436e-07,COMPLETE
1234,0.19931281208992005,2025-04-12 21:13:50.908589,2025-04-12 21:14:00.071629,0 days 00:00:09.163040,0.4349931615467893,0.5219739279032083,8,0.06339390558935701,0.1570043179650134,0.08027662824285199,0.05968033214160289,0.04917625664757772,0.06038686723153049,0.04376752270297326,26,24,0.04007489968724295,0.08133749282341922,True,True,True,6.251473617600077e-07,COMPLETE
1235,0.28121632933616636,2025-04-12 21:14:00.477562,2025-04-12 21:14:09.264059,0 days 00:00:08.786497,0.4065735982854837,0.42551811145733687,8,0.05653875660814316,0.17843348668625805,0.08237274743628466,0.047780726482495414,0.03537140140903951,0.09341325638793402,0.06505316445791619,23,35,0.04571851546310618,0.18406800897728517,True,True,True,3.558885378450421e-07,COMPLETE
1236,0.3989649772644043,2025-04-12 21:14:09.667497,2025-04-12 21:14:18.497239,0 days 00:00:08.829742,0.45812616576492404,0.3906356390124116,8,0.06754280237595185,0.1884337275691897,0.07855245497299111,0.056633017628261256,0.0012352505186851836,0.0539312780655323,0.07692528111315677,24,27,0.04857939949787123,0.172172678955897,True,True,False,5.338201903889939e-07,COMPLETE
1237,0.27092475295066837,2025-04-12 21:14:18.904936,2025-04-12 21:14:28.029563,0 days 00:00:09.124627,0.5220781797759543,0.35102410019780694,8,0.035936122370827654,0.16646658962537741,0.08835329161775445,0.05064966296258021,0.025436363895577574,0.09822297218318855,0.05463828279452071,25,30,0.04256195329228548,0.1786551457075048,True,True,True,7.061454578752958e-07,COMPLETE
1238,0.34442315101623533,2025-04-12 21:14:28.436577,2025-04-12 21:14:37.684909,0 days 00:00:09.248332,0.4806754296908884,0.4893656625008658,8,0.05238774127937792,0.1728459644482097,0.08388662231086476,0.04005722297326178,0.040332040352279996,0.09476342309157858,0.06882860361074906,26,50,0.05072733532596667,0.19346441767215314,True,True,True,1.0543460853237472e-07,COMPLETE
1239,0.19931281208992005,2025-04-12 21:14:38.092197,2025-04-12 21:14:47.709862,0 days 00:00:09.617665,0.560782288793291,0.4673482467941428,8,0.0454365523472753,0.203971609054425,0.08146553306010319,0.05470671264810784,0.02962665427748348,0.08854558246002875,0.047342607054451716,29,21,0.04716630929859771,0.16486732698086398,True,True,True,1.4099996172004952e-07,COMPLETE
1240,0.19931281208992005,2025-04-12 21:14:48.115196,2025-04-12 21:14:57.198302,0 days 00:00:09.083106,0.5019160860752858,0.5049283114406088,8,0.2761670401250579,0.18234181631854485,0.004346693501279163,0.043156713267808136,0.04402949855786538,0.09083076572414714,0.00029640335711622005,25,38,0.04440683326053871,0.1859360077516532,True,True,True,8.916412377236224e-07,COMPLETE
1241,0.4087611436843872,2025-04-12 21:14:57.601543,2025-04-12 21:15:06.904485,0 days 00:00:09.302942,0.43014295238171324,0.5331274119317183,8,0.06056101327459255,0.1949913454702542,0.07704225846016825,0.052731486136551264,0.006363665739178393,0.09671787192802786,0.08502793401988003,27,24,0.048390778241957706,0.17447156312892012,True,True,True,4.2067407362562883e-07,COMPLETE
1242,0.43564013242721555,2025-04-12 21:15:07.311417,2025-04-12 21:15:14.792799,0 days 00:00:07.481382,0.47716220036643264,0.43018786168743356,16,0.03956634888933318,0.17721866510448794,0.07937384775132472,0.05857451698929371,0.04739067390741976,0.05168277261177716,0.060565502826032916,24,32,0.04599981949682573,0.15665310555587145,True,True,True,3.174104623868785e-07,COMPLETE
1243,0.4343295097351074,2025-04-12 21:15:15.202105,2025-04-12 21:15:24.245795,0 days 00:00:09.043690,0.5343070942905885,0.4807143010629527,8,0.05553466185879572,0.18752004676110715,0.08654153698329155,0.04608769451703357,0.03743932295825745,0.09340004794671232,0.07369511138320797,25,28,0.05050916247504297,0.17909023233359705,True,True,True,1.694780933983759e-07,COMPLETE
1244,0.3455448031425476,2025-04-12 21:15:24.651659,2025-04-12 21:15:43.322420,0 days 00:00:18.670761,0.45168530564057363,0.4024657543099921,2,0.070342096444925,0.16210681288777606,0.08452439361480461,0.049634693006042785,0.009409018971926357,0.0862749850066273,0.08584258347320005,24,26,0.053138585987540614,0.20911546309522097,True,True,True,5.540277236836103e-07,COMPLETE
1245,0.3582774519920349,2025-04-12 21:15:43.727767,2025-04-12 21:15:52.989806,0 days 00:00:09.262039,0.49863413184093086,0.44843350654106107,8,0.04801158497900989,0.16978966527111727,0.08079026500116888,0.07117361374628704,0.013973554602993182,0.061593347207572716,0.05541691396744809,26,34,0.04191280700854659,0.1883239446206722,True,True,True,1.1390809393331286e-06,COMPLETE
1246,0.38777676820755,2025-04-12 21:15:53.393745,2025-04-12 21:16:02.419841,0 days 00:00:09.026096,0.39757772973562083,0.5055901766010108,8,0.05805161561152512,0.11226212419870446,0.07680263905260126,0.06204998992039358,0.0037148979925828666,0.0739751276282735,0.041252965925359784,25,22,0.04727936839958899,0.16736437488475708,True,True,True,6.952422790969022e-07,COMPLETE
1247,0.42086493968963623,2025-04-12 21:16:02.825534,2025-04-12 21:16:11.622278,0 days 00:00:08.796744,0.46473138367099015,0.523795886917198,8,0.04291176444501894,0.18309713568701472,0.07892282875827843,0.05698462317495807,0.04949478022622767,0.09571457578768637,0.06587459532818862,23,30,0.04437234314819101,0.04768790406228457,True,True,True,2.18160532496732e-07,COMPLETE
1248,0.2684921324253082,2025-04-12 21:16:12.027963,2025-04-12 21:16:21.465146,0 days 00:00:09.437183,0.5140979169431675,0.4673749042126682,8,0.028938632232399362,0.2170191450623207,0.08197510370041514,0.0530437314508628,0.04509141939114099,0.06960436875116494,0.08704325485087314,28,18,0.04935059302364218,0.195618229106634,False,False,True,1.463866468422921e-06,COMPLETE
1249,0.19931281208992005,2025-04-12 21:16:21.870986,2025-04-12 21:16:31.177730,0 days 00:00:09.306744,0.4262597334484333,0.4348699670070247,8,0.05136416249838424,0.19326944479165212,0.08518463947217056,0.05990230347767596,0.005260068000115515,0.09215246953943279,0.05099199375537264,27,25,0.03862737992710417,0.1811245403107009,True,True,True,4.861835303219686e-07,COMPLETE
1250,0.19931281208992005,2025-04-12 21:16:31.579283,2025-04-12 21:16:40.485488,0 days 00:00:08.906205,0.4859479205151124,0.10603368551805631,8,0.06415043758186784,0.20560918112047855,0.07546072747728029,0.055155436880638835,0.0076012921427764495,0.09836844828398826,0.09965384158249202,24,28,0.055547223262197645,0.17184869839832664,True,True,True,8.257988120894065e-07,COMPLETE
1251,0.4228159189224243,2025-04-12 21:16:40.888587,2025-04-12 21:16:50.092833,0 days 00:00:09.204246,0.44517410959185694,0.4897134713692314,8,0.05543339490737102,0.17625425218831997,0.08299537759109475,0.048232597670994665,0.04182455471804834,0.0053459800824724665,0.06931701811910722,26,33,0.0516679512997262,0.1885919271929254,True,True,True,2.852110620709469e-07,COMPLETE
1252,0.43193610906600954,2025-04-12 21:16:50.496641,2025-04-12 21:16:59.590044,0 days 00:00:09.093403,0.5292371931094527,0.3720303651659068,8,0.048626360314928986,0.19921304657516728,0.07947008316652884,0.05753282382652286,0.03960479135279947,0.08992243911571426,0.02982286803163931,25,23,0.04635026536081555,0.16309850462168068,True,True,True,3.843919192395852e-07,COMPLETE
1253,0.43843668699264526,2025-04-12 21:16:59.996350,2025-04-12 21:17:09.267573,0 days 00:00:09.271223,0.5572230794555959,0.45215376975572236,8,0.07481993385223165,0.16506215459693208,0.07752331402178249,0.05161706499654578,0.012145609350459654,0.08472277520806126,0.07475198371521796,26,31,0.04371938455761737,0.18437583129861454,True,True,True,1.749997829257789e-08,COMPLETE
1254,0.34845163822174074,2025-04-12 21:17:09.673434,2025-04-12 21:17:18.728377,0 days 00:00:09.054943,0.5851112902890728,0.41007248766779697,8,0.07990417078636287,0.15060639379855206,0.0748824586431283,0.05466273390523118,0.012068586295447192,0.08219699322137955,9.50565630301967e-05,25,26,0.04053936513387149,0.17646493278889455,True,True,True,3.2779446654199447e-08,COMPLETE
