number,value,datetime_start,datetime_complete,duration,params_alpha-eval,params_alpha-train,params_batch-size,params_eps-eval,params_eps-train,params_lambda-actions-eval,params_lambda-actions-train,params_lambda-frames-eval,params_lambda-frames-train,params_learning-rate,params_n-epochs,params_n-frames,params_radius-gw,params_rho,params_std-feats,params_ub-actions,params_ub-frames,params_weight-decay,state
169,0.45310018062591556,2025-04-14 15:45:51.283933,2025-04-14 15:45:59.120009,0 days 00:00:07.836076,0.21574976587306852,0.019209053798850052,16,0.06009092476712535,0.04897431751219344,0.09845056157340393,0.08187505098791646,0.008775404057258027,0.09676212372694767,8.405008891091003e-05,30,26,0.009141175453440703,0.09428954499259422,False,True,True,2.2391494125954514e-06,COMPLETE
170,0.3988313674926758,2025-04-14 15:45:59.175567,2025-04-14 15:46:07.029239,0 days 00:00:07.853672,0.2208878849760881,0.012062617193556937,16,0.014910635858655283,0.050907233711330296,0.09984791044203703,0.08161289049004788,0.007390006933164469,0.09685429084337667,5.897286999333827e-05,30,28,0.00924968786413596,0.07103201443475798,False,True,True,2.1713832011818563e-06,COMPLETE
171,0.4508086681365967,2025-04-14 15:46:07.084149,2025-04-14 15:46:14.929812,0 days 00:00:07.845663,0.15941229745665186,0.02622207468780595,16,0.0008211278885927667,0.03801924302967943,0.09805775253187818,0.08859353653879995,0.009381890651284662,0.09983163546231227,9.307013933764266e-05,30,27,0.01183329933077353,0.09611003358449365,False,True,True,1.72672903599688e-06,COMPLETE
172,0.37689445018768314,2025-04-14 15:46:14.995273,2025-04-14 15:46:22.826257,0 days 00:00:07.830984,0.2027534639184346,0.026266220437962503,16,0.011068747934550753,0.037663039296725605,0.09719897899530434,0.08025399088752834,0.00954901005345607,0.09976306604017711,7.780061548025688e-05,30,33,0.012225406209670385,0.09507122580416678,False,True,True,1.5937798696552817e-06,COMPLETE
173,0.4134228587150574,2025-04-14 15:46:22.882240,2025-04-14 15:46:30.641735,0 days 00:00:07.759495,0.1276481358105063,0.06428109036113525,16,0.029345200379576115,0.045482227686241126,0.095295501095115,0.0838957275196196,0.001035666847572517,0.09733415663016996,8.78210667280423e-05,29,26,0.008035675217560012,0.1099059552250698,False,True,True,1.8866038132063491e-06,COMPLETE
174,0.4626334071159363,2025-04-14 15:46:30.699426,2025-04-14 15:46:38.528159,0 days 00:00:07.828733,0.21539137384277665,0.10678597047291062,16,0.02402630465898387,0.04000335894870972,0.09802623605052634,0.0747702424934089,0.013395590055763077,0.09524275904984897,0.00011471819393726379,29,25,0.004295202921363497,0.10207022456729656,False,True,True,2.369950419205551e-06,COMPLETE
175,0.48006455898284917,2025-04-14 15:46:38.584232,2025-04-14 15:46:46.496398,0 days 00:00:07.912166,0.21864725885128766,0.1072378935385241,16,0.0265205381383023,0.03604178278228504,0.0984006321119541,0.07524032248117149,0.013434637620924915,0.09581899873769834,0.0001286311158538472,30,26,0.003128546052515247,0.10045096931046682,False,True,True,2.251052567759997e-06,COMPLETE
176,0.3201251089572906,2025-04-14 15:46:46.553581,2025-04-14 15:46:54.279132,0 days 00:00:07.725551,0.22015837465171123,0.1092198143582862,16,0.02510583556273397,0.03809166666045482,0.09458836375598612,0.07504371888890453,0.014194610727958148,0.09577832380785316,0.00011578370898472957,27,31,0.004456394055107739,0.10391699796744705,True,True,True,2.0766596914202977e-06,COMPLETE
177,0.28802900910377505,2025-04-14 15:46:54.335645,2025-04-14 15:47:02.235949,0 days 00:00:07.900304,0.16300166220204362,0.033846070367906995,16,0.013846183758535469,0.0513717400837278,0.09893157652598918,0.07028355741504748,0.013624369339665234,0.09424242086861398,3.0482391303534602e-05,30,27,0.0021978713576720392,0.11902720194895755,False,True,True,2.514474606423684e-06,COMPLETE
178,0.4088614344596863,2025-04-14 15:47:02.292835,2025-04-14 15:47:10.108893,0 days 00:00:07.816058,0.2123516135822382,0.07095719125835082,16,0.0008239539495003389,0.03365722458734952,0.09205739554569745,0.07302232138535934,0.010764464502796845,0.09612939320266549,0.00013888499874302308,29,34,0.006274934102604105,0.09839048740020268,False,True,True,1.2874383687743086e-06,COMPLETE
179,0.4778628826141358,2025-04-14 15:47:10.166614,2025-04-14 15:47:17.828765,0 days 00:00:07.662151,0.14014736546592005,0.10208485569037687,16,0.019951223902888567,0.039964882634028046,0.0983840010023574,0.07505135064469193,0.01577568682530427,0.09791956727296228,0.00011304077229669831,28,24,0.003335346509670844,0.08773464600791593,False,True,True,1.0738177624334169e-06,COMPLETE
180,0.4402175426483155,2025-04-14 15:47:17.887025,2025-04-14 15:47:25.763278,0 days 00:00:07.876253,0.1346525894309255,0.03913799046254668,16,0.020674472048502014,0.04159348370563531,0.09361981185544102,0.0652437558456111,0.015372342872109307,0.09741408191234144,6.534454873546423e-05,30,24,0.002645650200767802,0.0844826966592308,False,True,True,1.131316688426438e-06,COMPLETE
181,0.4789198398590088,2025-04-14 15:47:25.830196,2025-04-14 15:47:33.497981,0 days 00:00:07.667785,0.18917031580894458,0.11349799822338191,16,0.026903574033929907,0.03446830153554786,0.09850313933864806,0.07519143255530945,0.012635384314617134,0.09389466960778295,0.0001152636183837518,28,29,0.005455900162903098,0.08860438166770328,False,True,True,2.261581612109569e-06,COMPLETE
182,0.44066953659057617,2025-04-14 15:47:33.558075,2025-04-14 15:47:41.276738,0 days 00:00:07.718663,0.2653316276436028,0.11997869770770855,16,0.026670057834388573,0.05054657173397424,0.09842305367230356,0.07566725166786287,0.012908581541120713,0.0943947116810127,0.0001095589674073436,28,29,0.00425751155573161,0.08999909918463683,False,True,True,2.270712379379645e-06,COMPLETE
183,0.494383454322815,2025-04-14 15:47:41.335903,2025-04-14 15:47:49.122178,0 days 00:00:07.786275,0.18226070243841458,0.05557809957837424,16,0.043142513415636415,0.038791269161912514,0.0957378462016914,0.07314036731156083,0.016021303961297792,0.0979047536086346,0.000155059817795157,29,25,0.0010463963318985067,0.09552901019350438,False,True,True,1.7044660927947706e-06,COMPLETE
184,0.4799165725708008,2025-04-14 15:47:49.182501,2025-04-14 15:47:57.025743,0 days 00:00:07.843242,0.18672558344220544,0.061624026423154836,16,0.01770671012080146,0.043195315312310884,0.09501378691191238,0.06848112659475694,0.016358512228872434,0.09765043543560688,0.00013557917848512765,29,25,0.0022456368585367717,0.09643544460730687,False,True,True,3.332727408337246e-06,COMPLETE
185,0.47738658189773564,2025-04-14 15:47:57.085050,2025-04-14 15:48:04.663324,0 days 00:00:07.578274,0.18798137370819099,0.08429471762719962,16,0.03781568646818122,0.045940124842742194,0.09532349077217941,0.07125561787201493,0.016370569502164735,0.09795258478664888,0.00015346255332662425,27,24,0.002472300026399598,0.10579948146696753,False,True,True,3.258574572020924e-06,COMPLETE
186,0.422260332107544,2025-04-14 15:48:04.724041,2025-04-14 15:48:12.298899,0 days 00:00:07.574858,0.18929629070502926,0.08278240322382005,16,0.043322154425036084,0.054255480370745526,0.09627260034939114,0.06874990435510105,0.014641115049041222,0.09784350110569327,0.00015731374191436901,27,25,0.0010307591349069274,0.10791538373450804,False,True,True,2.8721359028521566e-06,COMPLETE
187,0.3670402765274048,2025-04-14 15:48:12.359024,2025-04-14 15:48:20.100365,0 days 00:00:07.741341,0.1732443321818294,0.13326403401242498,16,0.03877802605106315,0.06119683329662744,0.09202218206094806,0.07262856923173598,0.016223649120089542,0.09785608628523937,0.00013142846115266714,28,32,0.003457350772129275,0.09874007656429176,False,True,True,3.7837112375897237e-06,COMPLETE
188,0.4676813364028931,2025-04-14 15:48:20.160851,2025-04-14 15:48:27.704320,0 days 00:00:07.543469,0.23922516780128616,0.10889099587755655,16,0.0015779495875205178,0.04276158523661411,0.09469705559511893,0.06694344653752748,0.01902802975086205,0.09752520051370657,0.00016189139034913734,26,24,0.006059863627210629,0.11358422538908854,False,True,True,2.3115164692736117e-06,COMPLETE
189,0.46055010557174686,2025-04-14 15:48:27.766768,2025-04-14 15:48:35.255855,0 days 00:00:07.489087,0.23620697545436214,0.10090157324431237,16,0.0325648689137686,0.046734154474019865,0.0934971484209077,0.0706943246291954,0.02013614453980078,0.09767411943895984,0.00016053644532031683,26,23,0.005246031588289234,0.11498322410237202,False,True,True,2.472058536782838e-06,COMPLETE
190,0.45947597026824955,2025-04-14 15:48:35.326366,2025-04-14 15:48:43.014446,0 days 00:00:07.688080,0.23504919560555715,0.11526794997877621,16,0.03248185429122161,0.04693161701501142,0.09554378331765634,0.06754957531646792,0.019331198904229168,0.09782300643379437,0.00015381363084634013,28,23,0.0055104739359350795,0.11606060748146277,False,True,True,3.2581587366975543e-06,COMPLETE
191,0.47239198684692385,2025-04-14 15:48:43.075013,2025-04-14 15:48:50.575274,0 days 00:00:07.500261,0.23809838938725192,0.10712447448703868,16,0.03450067172766684,0.04714832894149624,0.09551749457426036,0.06279134878516443,0.019583110682211694,0.09775901549050192,0.00016098411339165493,26,23,0.00566303339275825,0.1130265072410624,False,True,True,3.2070379295635376e-06,COMPLETE
192,0.466888177394867,2025-04-14 15:48:50.639546,2025-04-14 15:48:58.137179,0 days 00:00:07.497633,0.24746116698717718,0.10310738215488582,16,0.03121362165150008,0.0449766331952213,0.09595048037317036,0.06644910988113441,0.02062493282074799,0.09802602236784026,0.0001478145012089113,26,22,0.00592246364198268,0.11557593100554277,False,True,True,3.2845075435144154e-06,COMPLETE
193,0.4692278623580933,2025-04-14 15:48:58.199618,2025-04-14 15:49:05.717320,0 days 00:00:07.517702,0.23155878049804235,0.1100179572619676,16,0.028921164278942375,0.046781386894343385,0.0958219813696732,0.06676714999576548,0.019142397773549952,0.09796068258080454,0.00015977013985007902,26,22,0.005890565808616928,0.11119945782690108,False,True,True,3.2688417576902574e-06,COMPLETE
194,0.3485611438751221,2025-04-14 15:49:05.779068,2025-04-14 15:49:13.204316,0 days 00:00:07.425248,0.2406002923893733,0.14064716029316163,16,0.04374816467560107,0.05553376127797453,0.0953723077047011,0.06263460851454111,0.020265005456374205,0.09809324529673585,0.00012807304174328784,25,23,0.006752892399448994,0.1132439616593527,False,True,True,3.090378509449505e-06,COMPLETE
195,0.4852758288383484,2025-04-14 15:49:13.267567,2025-04-14 15:49:20.776759,0 days 00:00:07.509192,0.2557189660083181,0.10678038957826265,16,0.034665595388006155,0.04255262820143384,0.09345027341392677,0.06629778416586583,0.01710922929720495,0.09820393604606449,0.00016345450463968182,26,29,0.003123298636506197,0.12985521841107245,False,True,True,2.464619021802933e-06,COMPLETE
196,0.48000785112380984,2025-04-14 15:49:20.840926,2025-04-14 15:49:28.313894,0 days 00:00:07.472968,0.27159366949945024,0.1032649043623331,16,0.0312719495458905,0.04509700815595334,0.09403156256032254,0.06620933934165213,0.017499714716512592,0.09796833327956826,0.0001655276949002401,26,30,0.0031216081787116914,0.13031209543069322,False,True,True,3.787812007989825e-06,COMPLETE
197,0.3420487642288208,2025-04-14 15:49:28.377421,2025-04-14 15:49:35.882846,0 days 00:00:07.505425,0.26232418261955104,0.12756893981535325,16,0.02734379035378177,0.062276002361019295,0.09077205232084105,0.06548314197397143,0.017945914219661636,0.09614027279199573,0.00011501289317161686,26,30,0.0026144577334132457,0.12737054465703226,False,True,True,3.6012134878829868e-06,COMPLETE
198,0.39882682561874394,2025-04-14 15:49:35.955401,2025-04-14 15:49:43.489251,0 days 00:00:07.533850,0.2781533246153777,0.10848410317409438,16,0.01778467683293712,0.04257663632735849,0.09571854391329097,0.062317487557532684,0.017153877307755926,0.005187581262860057,0.0001394305535161224,26,37,0.0010211860356524093,0.13919979274121863,False,True,True,1.8614156827781834e-06,COMPLETE
199,0.27072566747665405,2025-04-14 15:49:43.553020,2025-04-14 15:49:50.992759,0 days 00:00:07.439739,0.20946695639420276,0.14515469317906238,16,0.009228962004993208,0.05528612404158757,0.09991374590738548,0.06684415797577083,0.023589441623932984,0.09845224110153052,0.00016369883049764466,25,34,0.0034536681964375364,0.13226683077135565,False,True,True,2.419177977315231e-06,COMPLETE
200,0.462758481502533,2025-04-14 15:49:51.057340,2025-04-14 15:49:58.679737,0 days 00:00:07.622397,0.22809325163443378,0.08888959708878488,16,0.03819559067955664,0.04924370088858166,0.0926267454418168,0.06858317397298164,0.018867831627340088,0.09584987602969183,0.00012961468813053797,27,30,0.00650007615269413,0.12916431427868844,False,True,True,4.01598613576021e-06,COMPLETE
201,0.44937634468078613,2025-04-14 15:49:58.744664,2025-04-14 15:50:06.445608,0 days 00:00:07.700944,0.2461989033492129,0.09724800390660278,16,0.040176000694607555,0.043620711254532256,0.09321351504062858,0.06914068534699826,0.018782496268523966,0.0980408469929881,0.00012809317391601987,27,28,0.0067850524545831166,0.1498000484255051,False,True,True,3.500654032614804e-06,COMPLETE
202,0.44412779808044434,2025-04-14 15:50:06.512212,2025-04-14 15:50:13.916303,0 days 00:00:07.404091,0.22708359694794283,0.1211919462397295,16,0.024556936693703416,0.050188420743729575,0.09568316441310937,0.05996241237211544,0.01693929554866687,0.09576151803784219,0.0001741327364259452,25,31,0.00402915652472839,0.12909056422082468,False,True,True,3.784982511385863e-06,COMPLETE
203,0.4756904006004333,2025-04-14 15:50:13.982093,2025-04-14 15:50:21.551692,0 days 00:00:07.569599,0.2575894451286153,0.09368705290521846,16,0.03328916592667379,0.04112273486300629,0.08891974466792428,0.06540295370164251,0.021275642878396853,0.0999289742863352,0.00010580780641964625,27,25,0.006975161032968215,0.10459609312932339,False,True,True,1.57494367829179e-06,COMPLETE
204,0.3949702143669128,2025-04-14 15:50:21.619856,2025-04-14 15:50:29.155620,0 days 00:00:07.535764,0.2612570908857632,0.0914776121873253,16,0.028294131912283457,0.0564718598573207,0.08961979378409055,0.06409918844917985,0.020769914565004922,0.09844950670919421,9.947832926307531e-05,26,29,0.006069825096831301,0.1059880123683642,False,True,True,2.0866271011417277e-06,COMPLETE
205,0.4417088985443115,2025-04-14 15:50:29.233487,2025-04-14 15:50:36.842119,0 days 00:00:07.608632,0.2054563193892549,0.1111444123961623,16,0.033433266115851325,0.04766114401987718,0.08731629389879016,0.06634280471539566,0.022238447023991727,0.09975227590300025,0.00014305853007312453,27,25,0.0026809945492171274,0.11827542417611953,False,True,True,1.6412477387001068e-06,COMPLETE
206,0.41457362174987794,2025-04-14 15:50:36.908510,2025-04-14 15:50:44.472582,0 days 00:00:07.564072,0.2536527910619624,0.07571673396784284,16,0.01721478352014243,0.042057151954444025,0.09130411188143371,0.06809601962265355,0.018836599266942484,0.09999551647593037,0.00017216503032910268,26,35,0.0010200323390232406,0.110011302866174,False,True,True,2.750854313921853e-06,COMPLETE
207,0.36468238830566413,2025-04-14 15:50:44.538977,2025-04-14 15:50:52.104904,0 days 00:00:07.565927,0.22706145813911952,0.13495141303118166,16,0.03761381502123773,0.05141104775878364,0.09384102250445313,0.07126474154143315,0.016449451694068095,0.09413337069516006,7.562047237426846e-05,27,30,0.004604167319075731,0.10230807786956142,False,True,True,4.275262483771794e-06,COMPLETE
208,0.4649837851524353,2025-04-14 15:50:52.171163,2025-04-14 15:50:59.561599,0 days 00:00:07.390436,0.27910246372832215,0.09313186951812627,16,0.005983902416446883,0.032375910680170414,0.0885690511073696,0.07387878694546705,0.024088160848666683,0.09703205672012297,0.00012539681042410855,24,25,0.007448540138250918,0.10909629145595426,False,True,True,3.109247983833921e-06,COMPLETE
209,0.4788089156150818,2025-04-14 15:50:59.628463,2025-04-14 15:51:07.229497,0 days 00:00:07.601034,0.2821428226868946,0.09839008328618715,16,0.02294836539905874,0.03283274666818406,0.08863148747395455,0.074071618043268,0.02253445587436393,0.0976425024843177,0.00012885127192600177,27,21,0.007242057246171748,0.11110647876477724,False,True,True,2.969643027753514e-06,COMPLETE
210,0.25495479702949525,2025-04-14 15:51:07.296712,2025-04-14 15:51:14.890943,0 days 00:00:07.594231,0.2809791651709258,0.08808299150160266,16,0.006145051590215013,0.03148244004046236,0.08631304323021009,0.0735088942502044,0.026272752406573483,0.09766432238658256,0.09986868183810393,25,22,0.007073785283451551,0.11933501585828547,True,True,True,3.3123067359630887e-06,COMPLETE
211,0.43834562301635743,2025-04-14 15:51:14.958278,2025-04-14 15:51:22.541122,0 days 00:00:07.582844,0.2601776931087212,0.10808177043533569,16,0.030856329159778217,0.045018203527253595,0.09191343620837722,0.06960426579876093,0.022546706856949143,0.09406496413278172,0.00012880349128116932,27,21,0.005233888341992172,0.11020808460613143,False,True,True,2.6400429381477723e-06,COMPLETE
212,0.49024264812469487,2025-04-14 15:51:22.609686,2025-04-14 15:51:30.300889,0 days 00:00:07.691203,0.2815533151437601,0.12693070931892286,16,0.024233186196676953,0.03463019253989708,0.08918804513747026,0.057660106669280425,0.020648639511310234,0.09789333769999618,0.00010304731498220634,28,27,0.0034948781739752095,0.10547698560878019,False,True,True,3.80341181835214e-06,COMPLETE
213,0.49130245447158816,2025-04-14 15:51:30.377796,2025-04-14 15:51:37.745051,0 days 00:00:07.367255,0.27781654233091674,0.15508482000641963,16,0.021251430318713547,0.032181171332165553,0.08860480963040149,0.059388194627080226,0.02434299233129701,0.09987527115243325,0.00015310204284737242,24,25,0.002931105158152503,0.11266840829648184,False,True,True,4.263446588846352e-06,COMPLETE
214,0.5082119584083558,2025-04-14 15:51:37.813739,2025-04-14 15:51:45.194295,0 days 00:00:07.380556,0.3247148071324699,0.15239248616712694,16,0.021869859806041905,0.0302993370870462,0.08852631952936202,0.05725356356728026,0.02451218409123903,0.09977862395489986,0.0001764056261449466,24,25,0.0027551668733122236,0.11073768942093605,False,True,True,3.2689844977200694e-06,COMPLETE
215,0.49622085094451907,2025-04-14 15:51:45.262641,2025-04-14 15:51:52.766552,0 days 00:00:07.503911,0.3179162896725162,0.14115153696451188,16,0.022641892782444762,0.030698637429232505,0.08848600540807189,0.05723846687266127,0.024472999296950557,0.09990966366756904,0.00017713067902520445,26,21,0.003737549814698803,0.11446847519272527,False,True,True,4.6730398589564556e-06,COMPLETE
216,0.510632884502411,2025-04-14 15:51:52.835550,2025-04-14 15:52:00.555255,0 days 00:00:07.719705,0.3432988432161485,0.15020101794264273,16,0.02114163504646633,0.0299911873916048,0.08880198018434332,0.05920096319440785,0.025135341576427463,0.09995038201221117,0.00017782539580221362,28,21,0.0032640880221865005,0.10531379471890387,False,True,True,5.473719996689031e-06,COMPLETE
217,0.5088691949844361,2025-04-14 15:52:00.625093,2025-04-14 15:52:08.331563,0 days 00:00:07.706470,0.3366413313108987,0.15750403655950085,16,0.022997058165938458,0.028093881728874434,0.08779522965146207,0.05643324481519048,0.025446649480313062,0.09965028531998192,0.00018657675191163008,28,21,0.0026104690407062984,0.10559694895458067,False,True,True,4.899154090548993e-06,COMPLETE
218,0.49910615682601933,2025-04-14 15:52:08.400609,2025-04-14 15:52:16.015043,0 days 00:00:07.614434,0.3619783484799448,0.1555866325707936,16,0.02011661791542928,0.028436690788560447,0.0861236050824001,0.05447455264891323,0.024901526334068114,0.09964844110512544,0.00018913450236333074,28,27,0.0026077951664331177,0.10308619940569734,False,True,True,5.389748549573314e-06,COMPLETE
219,0.28548718690872193,2025-04-14 15:52:16.087437,2025-04-14 15:52:23.753102,0 days 00:00:07.665665,0.33234894572889,0.1638151153660164,16,0.021177297933271423,0.029534048069670492,0.08623645697463614,0.05621255116191029,0.029831482303171765,0.09982567711343637,1.0315312398776961e-05,28,28,0.002430172334732199,0.09969567435527285,False,True,True,5.3720960933818025e-06,COMPLETE
220,0.4664937257766724,2025-04-14 15:52:23.834893,2025-04-14 15:52:31.487004,0 days 00:00:07.652111,0.36071765420128493,0.15154870927780367,16,0.01735350894817275,0.02673918486188947,0.08821966881450394,0.05119733954485537,0.024806161201093968,0.09980278346714444,0.00019472000457791173,28,32,0.0026605056022411177,0.09316799603247472,False,True,True,8.338529098960329e-06,COMPLETE
221,0.5166215419769287,2025-04-14 15:52:31.557138,2025-04-14 15:52:39.222770,0 days 00:00:07.665632,0.34176704559582827,0.1378924633283479,16,0.024214886327618108,0.03302929185437113,0.08311995722003598,0.0576464164879277,0.023237543017724432,0.09980943598618855,0.00017223315474346868,28,27,0.0010664242276728821,0.10539237185727489,False,True,True,4.888817451863848e-06,COMPLETE
222,0.5256394863128662,2025-04-14 15:52:39.293951,2025-04-14 15:52:46.957607,0 days 00:00:07.663656,0.3368873113739943,0.1471098526339126,16,0.024654703727648632,0.028452565552822856,0.08271297497903016,0.05740264822017902,0.02643478512931444,0.09989382068569597,0.00019179177350220247,28,27,0.0010387051655061322,0.10452364109431661,False,True,True,6.9627871501397755e-06,COMPLETE
223,0.5266142606735229,2025-04-14 15:52:47.028470,2025-04-14 15:52:54.720943,0 days 00:00:07.692473,0.3255640378820091,0.15949086725243808,16,0.02416383742989835,0.027663690892382,0.0828709713727499,0.05815368710194388,0.026912106571928003,0.09992817747260352,0.0001944951593051332,28,27,0.0010776374434073668,0.10407141161692066,False,True,True,7.021588135708e-06,COMPLETE
224,0.5007261991500854,2025-04-14 15:52:54.794395,2025-04-14 15:53:02.461568,0 days 00:00:07.667173,0.3428403655401547,0.14712511979955256,16,0.022293801953268015,0.02648643771031812,0.08022471044150355,0.05349396412107724,0.026842880155530085,0.09982977623733998,0.00018973515985302376,28,27,0.00154136827157236,0.1040717729092547,False,True,True,6.4426647288630284e-06,COMPLETE
