number,value,datetime_start,datetime_complete,duration,params_alpha-eval,params_alpha-train,params_batch-size,params_eps-eval,params_eps-train,params_lambda-actions-eval,params_lambda-actions-train,params_lambda-frames-eval,params_lambda-frames-train,params_learning-rate,params_n-epochs,params_n-frames,params_radius-gw,params_rho,params_std-feats,params_ub-actions,params_ub-frames,params_weight-decay,state
1993,0.40940637588500983,2025-04-13 00:33:22.495383,2025-04-13 00:33:29.432795,0 days 00:00:06.937412,0.030047128589255886,0.11166587398982206,16,0.010218997201362915,0.03569807823499113,0.09227875717139092,0.08580729907865751,0.006799718004515069,0.009061648382503682,0.026064465314401805,18,16,0.07924100370303876,0.0865340405907046,False,True,True,4.384575562137088e-06,COMPLETE
1994,0.3273423910140991,2025-04-13 00:33:30.074320,2025-04-13 00:33:46.541760,0 days 00:00:16.467440,0.08881591333008557,0.09219256881865594,2,0.015916009404839705,0.014485856623205626,0.0981951972179754,0.09047162301238577,0.015701829781360106,0.005012583638148346,0.013290714023535752,20,19,0.07076094295108756,0.0930614377909755,False,True,True,6.139467698473635e-06,COMPLETE
1995,0.31423431634902954,2025-04-13 00:33:47.206651,2025-04-13 00:34:03.733256,0 days 00:00:16.526605,0.047151587227125556,0.06921907771141006,2,0.03564220092678107,0.03306213410260194,0.0943775539574248,0.08839881246067076,0.010756745439598904,0.006222859917809223,0.016010790003665405,20,16,0.09092707505493172,0.1064777962547374,False,True,True,3.5097961993680427e-06,COMPLETE
1996,0.371479868888855,2025-04-13 00:34:04.410635,2025-04-13 00:34:20.408543,0 days 00:00:15.997908,0.06647687620263688,0.12383782866158499,2,0.023974847979181462,0.023600811430619095,0.09695396567961641,0.084509462591654,0.009004715517153811,0.003391356431200914,0.008997625483874316,19,20,0.08474375860158354,0.08437987645332931,False,True,True,4.071760626861788e-06,COMPLETE
1997,0.30661036968231203,2025-04-13 00:34:21.055768,2025-04-13 00:34:36.842200,0 days 00:00:15.786432,0.03546880171303191,0.14138464387217953,2,0.029883468759196702,0.05538475327344573,0.0919427355139738,0.08945567048002037,0.00512752587113894,0.004375229606183322,0.02266840109485938,18,23,0.0302342257099097,0.07393314192116088,False,True,True,2.352791795224233e-05,COMPLETE
1998,0.4386170864105225,2025-04-13 00:34:37.506050,2025-04-13 00:34:52.444911,0 days 00:00:14.938861,0.03005097030614076,0.09851826279335876,2,0.01497629897221542,0.041078280599404327,0.09624289772360181,0.08280860594235301,0.006893447130486866,0.00303784157278901,0.011045518545103973,17,16,0.06622103581280646,0.06715943952639251,False,True,True,2.752675528279064e-06,COMPLETE
1999,0.4566299200057984,2025-04-13 00:34:53.118602,2025-04-13 00:35:09.680732,0 days 00:00:16.562130,0.11070448434558955,0.06541391794538362,2,0.008704251659302093,0.029352195066561268,0.09832186233752993,0.08718532101418913,0.011697961507629709,0.006495382659532083,0.01416741106939432,20,19,0.06884032836023952,0.08098408476025346,False,True,True,5.362544266364148e-06,COMPLETE
