number,value,datetime_start,datetime_complete,duration,params_alpha-eval,params_alpha-train,params_batch-size,params_eps-eval,params_eps-train,params_lambda-actions-eval,params_lambda-actions-train,params_lambda-frames-eval,params_lambda-frames-train,params_learning-rate,params_n-epochs,params_n-frames,params_radius-gw,params_rho,params_std-feats,params_ub-actions,params_ub-frames,params_weight-decay,state
341,0.4251893997192383,2025-04-12 18:53:07.608694,2025-04-12 18:53:16.742348,0 days 00:00:09.133654,0.6749104208980056,0.8617996763095435,8,0.016504343679871174,0.2930655756471874,0.09984680231029075,0.03381203249588827,0.08806008035977055,0.034342185753965276,0.04500772554268553,25,90,0.05141273455027146,0.2382470800629074,True,True,True,9.754024543205323e-06,COMPLETE
342,0.4231300234794617,2025-04-12 18:53:16.850447,2025-04-12 18:53:26.063988,0 days 00:00:09.213541,0.6645253488077466,0.8581502094472028,8,0.015219270725279175,0.2947589986164952,0.09979421649501463,0.042160044750747555,0.08800248286211122,0.03897812909903074,0.03456311199521452,25,89,0.050740177158706136,0.24141250460749517,True,True,True,1.0560147313408939e-05,COMPLETE
343,0.42495524883270264,2025-04-12 18:53:26.176015,2025-04-12 18:53:35.790859,0 days 00:00:09.614844,0.6741531466481594,0.8378431773135963,8,0.018458838924137404,0.29451383107208173,0.09999821624824601,0.03025867356862889,0.08850807399770017,0.0342693415669999,0.04366866224786373,28,91,0.05248923822818186,0.14276331994416458,True,True,True,4.688648639349247e-06,COMPLETE
344,0.21822983026504517,2025-04-12 18:53:35.900561,2025-04-12 18:53:45.435576,0 days 00:00:09.535015,0.6892496593698774,0.8725774724803529,8,0.11270651861401484,0.29991446151503853,0.09997307225686067,0.032931756670338055,0.0901730579126,0.03575752629882768,0.04480708471812323,28,90,0.047138908717432954,0.13708917311885313,True,True,True,4.7670762095233334e-06,COMPLETE
345,0.2087264060974121,2025-04-12 18:53:45.554802,2025-04-12 18:53:54.502026,0 days 00:00:08.947224,0.6739441474277645,0.8039301861276722,8,0.020562991487072718,0.2887834511684675,0.09794456362729612,0.033950466577949485,0.08864668044976291,0.037539650576589714,0.04359537232603036,25,84,0.051025609959318916,0.24564694655458152,True,True,False,7.715475634061735e-06,COMPLETE
346,0.19931281208992005,2025-04-12 18:53:54.610202,2025-04-12 18:54:04.125989,0 days 00:00:09.515787,0.6919615928862227,0.8876414284929999,8,0.1521594181939614,0.025469482872094676,0.09774846274527871,0.029639615436645606,0.0906119463574582,0.034526841993076464,0.03859652273665538,28,91,0.054457396631145044,0.14054716888155078,True,True,True,8.744993827226531e-06,COMPLETE
347,0.36925141811370854,2025-04-12 18:54:04.235275,2025-04-12 18:54:13.875315,0 days 00:00:09.640040,0.6688488259140452,0.831286380242815,8,0.008509249871403852,0.29959718689444387,0.09987403837120033,0.037346125147700894,0.09135838279722774,0.0403393951565373,0.04741040829827888,28,82,0.0529906271235734,0.14988783171689835,True,True,True,4.7293005815012665e-06,COMPLETE
348,0.4232456207275391,2025-04-12 18:54:13.984520,2025-04-12 18:54:23.473055,0 days 00:00:09.488535,0.6411000582840662,0.8621874860618546,8,0.01797059753842736,0.2866337529393252,0.09795472056033276,0.0319224669740914,0.08861178891977052,0.035030013207134975,0.0458932385155036,27,80,0.05667980283056688,0.14495484383351626,True,True,True,1.0790567923815538e-05,COMPLETE
349,0.4185584545135498,2025-04-12 18:54:23.593549,2025-04-12 18:54:32.945307,0 days 00:00:09.351758,0.6622346751295796,0.8896791245966342,8,0.025375286426513648,0.29360943329099465,0.09479592491818901,0.03233827133042465,0.08587684626917019,0.03212461310372531,0.028821209304657296,26,85,0.04883198013188245,0.13286977357643417,True,True,True,3.0677820560117744e-06,COMPLETE
350,0.4204523086547851,2025-04-12 18:54:33.055497,2025-04-12 18:54:42.707591,0 days 00:00:09.652094,0.6903624346931695,0.8533726950190632,8,0.019766942704385043,0.12069820025715608,0.09727614058805312,0.03185605629199609,0.09204057533875708,0.0422586513820982,0.03623803885704796,28,92,0.05204169933225178,0.23733111259517403,True,True,True,6.5588132891745794e-06,COMPLETE
351,0.4229231715202332,2025-04-12 18:54:42.818163,2025-04-12 18:54:52.043128,0 days 00:00:09.224965,0.6756674867293321,0.8729228577712391,8,0.028004192845296906,0.08816851816990881,0.09544902071462436,0.029907008581080335,0.0886650522976682,0.035103404719605165,0.0448220962602976,26,77,0.054681387103687,0.25013305781397543,True,True,True,4.8531929287527355e-06,COMPLETE
352,0.25252100825309753,2025-04-12 18:54:52.154707,2025-04-12 18:55:01.740022,0 days 00:00:09.585315,0.5951090768676998,0.08815478043875419,8,0.007587472031187354,0.2852477428765107,0.09303639180013226,0.02992693823436029,0.0859532341408389,0.07774789846057341,0.035598345513118315,28,86,0.050630520040554135,0.2564208093917677,True,True,True,6.51668966809946e-06,COMPLETE
353,0.42467184066772456,2025-04-12 18:55:01.860507,2025-04-12 18:55:11.481798,0 days 00:00:09.621291,0.6344747334272506,0.8169635217016574,8,0.01214848543555206,0.0666919082672204,0.09824981125241153,0.027934528564491398,0.09049143438027746,0.032076635195905194,0.02778335914295329,29,83,0.05673702499836278,0.24950891695698577,True,True,True,7.88425472812196e-06,COMPLETE
354,0.37592520713806155,2025-04-12 18:55:11.594508,2025-04-12 18:55:20.961493,0 days 00:00:09.366985,0.7000066800847005,0.8098207696200382,8,0.005104087329590168,0.28988330057751893,0.09997677396992762,0.028107774289180494,0.09019090026833898,0.03681232509601419,0.018846771923757513,27,80,0.05614125396429206,0.23824643217626018,True,True,True,1.020156927191351e-08,COMPLETE
355,0.4215257048606873,2025-04-12 18:55:21.072811,2025-04-12 18:55:30.449506,0 days 00:00:09.376695,0.639627960692535,0.8287238835636226,8,0.012138203643908763,0.18439572030406903,0.09799254917342821,0.030647355170563464,0.08822531918561466,0.03244110753389076,0.023157531710121557,27,72,0.05526082968132178,0.14765908202304245,True,True,True,6.956347998419359e-06,COMPLETE
356,0.2751249253749848,2025-04-12 18:55:30.561819,2025-04-12 18:55:40.213930,0 days 00:00:09.652111,0.02122200563639126,0.8438884718986246,8,0.01802455369553776,0.1939377963624555,0.09731043817879244,0.027236743536026262,0.08519089594480239,0.03362297808144785,0.02790053011115453,28,83,0.053210815287362816,0.2460437932964999,True,True,True,9.770216052342813e-06,COMPLETE
357,0.38321589231491093,2025-04-12 18:55:40.337546,2025-04-12 18:55:50.100812,0 days 00:00:09.763266,0.6596448923015132,0.8893374300198597,8,0.011908976938489892,0.2842350392156112,0.09795652325351427,0.02846775427282784,0.09183339020284921,0.03691261751286636,0.029105312889536564,29,89,0.05721888141872586,0.2623917074354654,True,True,True,7.89116438323813e-06,COMPLETE
358,0.42283507585525515,2025-04-12 18:55:50.214203,2025-04-12 18:55:59.428508,0 days 00:00:09.214305,0.6974469028658807,0.822729164036019,8,0.02873653199325669,0.03671765587017922,0.09610226170864078,0.026523487085351106,0.08729195392128818,0.03216611174340615,0.03854301840214772,26,76,0.048092182010152314,0.25459610965690316,True,True,True,1.0782706401112438e-05,COMPLETE
359,0.2785628974437714,2025-04-12 18:55:59.543193,2025-04-12 18:56:09.013871,0 days 00:00:09.470678,0.6282163979633797,0.8510330785149499,8,0.006201284688270206,0.29315739636615323,0.0999416939418841,0.03004959593575427,0.08943719043528212,0.034542281448338076,0.03379596877986454,27,87,0.05440245644670988,0.26050372228669905,True,True,True,5.364880322392679e-06,COMPLETE
360,0.32982003688812256,2025-04-12 18:56:09.138331,2025-04-12 18:56:18.606960,0 days 00:00:09.468629,0.6769460891763696,0.8954196314173314,8,0.019416888186236738,0.07770423191008635,0.09294377729547323,0.03693850401025345,0.09097115166040427,0.03184038735744387,0.04725423496760628,28,69,0.049983089616713584,0.24531214882414973,True,False,True,2.942981338596231e-06,COMPLETE
361,0.42188640832901003,2025-04-12 18:56:18.720891,2025-04-12 18:56:28.531975,0 days 00:00:09.811084,0.6541289493692117,0.8742325182268946,8,0.024338936834510015,0.28462791598381265,0.09623918779101052,0.03393243520574049,0.08743643064986517,0.03832601949068365,0.02545751758562934,29,83,0.05663583659881958,0.18750552088621436,True,True,True,4.624080438471999e-06,COMPLETE
362,0.41866563558578496,2025-04-12 18:56:28.646971,2025-04-12 18:56:37.738822,0 days 00:00:09.091851,0.6804586222795306,0.8010407743480272,8,0.012563829729065576,0.2944345865479578,0.09381995632328599,0.0255308559798023,0.09221384617981886,0.03171529429932473,0.03860960197722998,25,79,0.05296628541806624,0.09542950455883507,True,True,True,8.479415763727745e-06,COMPLETE
363,0.4113982081413269,2025-04-12 18:56:37.853036,2025-04-12 18:56:45.787852,0 days 00:00:07.934816,0.693806790596852,0.8981208689960346,8,0.030352830724032394,0.062481543543955576,0.0028914408807776265,0.026439911223460465,0.09998122263588512,0.034519145083314676,0.049068570577239165,17,85,0.05667340399175718,0.2558011846845571,True,True,True,5.825757743852613e-06,COMPLETE
364,0.19931281208992005,2025-04-12 18:56:45.911658,2025-04-12 18:56:55.480113,0 days 00:00:09.568455,0.6531231282162954,0.8371482363815625,8,0.018400806424544863,0.1044160418102631,0.09806585168641722,0.02348405733455182,0.08992181103454848,0.0338089328073707,0.03070834670625447,28,90,0.05226954587066021,0.26178647376019276,True,True,False,3.1392431114331593e-06,COMPLETE
365,0.41855294704437257,2025-04-12 18:56:55.595920,2025-04-12 18:57:05.392540,0 days 00:00:09.796620,0.636362565066404,0.8576382155959811,8,0.029397944568213527,0.13535135426817496,0.05766895688161238,0.0332840461259234,0.08486430428914155,0.03076946503063286,0.04276174047277034,29,82,0.05539218225516748,0.13218924232418294,True,True,True,7.558149167049982e-06,COMPLETE
366,0.4206478238105774,2025-04-12 18:57:05.510790,2025-04-12 18:57:14.930081,0 days 00:00:09.419291,0.6989719121640535,0.8788589261488458,8,0.022660334131791304,0.29106270345773055,0.041350113988766445,0.027175223574246482,0.08805619105488731,0.03658633960685387,0.0215752781445689,27,93,0.057997866954002296,0.25132632826364404,True,True,True,5.108666453023677e-06,COMPLETE
367,0.19931281208992005,2025-04-12 18:57:15.045890,2025-04-12 18:57:24.881333,0 days 00:00:09.835443,0.6701056575236588,0.8998213916968795,8,0.27994912666042765,0.04926700187992465,0.09223565003705804,0.02942987871145076,0.09228773665905786,0.028281309319331347,0.03508453132080342,30,87,0.05165180286820701,0.2468417173076521,True,True,True,1.2198726196206724e-05,COMPLETE
368,0.36024975776672363,2025-04-12 18:57:25.009372,2025-04-12 18:57:34.607404,0 days 00:00:09.598032,0.5046064465049231,0.851137965968083,8,0.012290811876479589,0.0072125815527036355,0.09501204810173466,0.024374244461732288,0.09040773990397748,0.032109270110414395,0.00011667995314382851,28,81,0.05443932468926611,0.25654348555723666,True,True,True,4.207141181948394e-06,COMPLETE
369,0.26586157679557804,2025-04-12 18:57:34.722736,2025-04-12 18:57:44.111756,0 days 00:00:09.389020,0.6598330266864585,0.5609088542495653,8,0.016490072559941536,0.16883920786874634,0.09690511528086555,0.022784017926417093,0.08590195424738177,0.0446619475260793,0.04795199458678268,27,74,0.04962705088136319,0.23933900342607947,True,True,True,6.0147222826144186e-06,COMPLETE
370,0.41925511360168455,2025-04-12 18:57:44.229648,2025-04-12 18:57:51.904701,0 days 00:00:07.675053,0.6236929931915794,0.8717875219781706,8,0.024306342841205555,0.2998113003867177,0.09427140338082472,0.03584896554035555,0.08897849824501726,0.03563244753379868,0.02732673817411383,15,88,0.05650390450300344,0.26255994480362366,True,True,True,3.3410046955810774e-06,COMPLETE
371,0.20030810832977297,2025-04-12 18:57:52.034067,2025-04-12 18:58:01.770248,0 days 00:00:09.736181,0.7082016010687457,0.8309357072162884,8,0.12149866690493366,0.2848199633759665,0.09997908244307181,0.028122811905956557,0.0931049169553072,0.029615269654908394,0.041745732152925846,29,83,0.05788876459723166,0.25365605326117024,True,True,True,9.358273637265796e-06,COMPLETE
372,0.42151728868484495,2025-04-12 18:58:01.887876,2025-04-12 18:58:11.236050,0 days 00:00:09.348174,0.6795321174902277,0.9035944721230336,8,0.0304830929593686,0.29034415897489235,0.09257800944935327,0.05110351630124767,0.08714768536571552,0.04963776226230425,0.03229062483671008,26,78,0.05241511368621193,0.24805801288277216,True,True,True,7.265496599324495e-06,COMPLETE
373,0.2774476170539856,2025-04-12 18:58:11.354286,2025-04-12 18:58:20.963334,0 days 00:00:09.609048,0.6423506915174958,0.8599491058799698,8,0.005848835409918343,0.2944037447913476,0.09609916831092766,0.03170099487071737,0.0907535211179509,0.034026773983465604,0.048000731040972626,28,91,0.05466146455519984,0.26058186822095997,True,True,True,4.490060250502438e-06,COMPLETE
374,0.4241331577301025,2025-04-12 18:58:21.079637,2025-04-12 18:58:30.823042,0 days 00:00:09.743405,0.5553098701119692,0.8205798914073813,8,0.020840374483008593,0.28485748019216106,0.09847001353053955,0.025232902193668905,0.08435677575589158,0.02766121179602364,0.03583263591853688,29,85,0.05819275950290565,0.16741437964439854,True,True,True,2.6037511968748605e-06,COMPLETE
375,0.2752362370491028,2025-04-12 18:58:30.951904,2025-04-12 18:58:39.969199,0 days 00:00:09.017295,0.2949770177600924,0.7952909457530987,8,0.016608853750309953,0.2832338648432423,0.09832065740833014,0.03938401590058954,0.08543353808764335,0.02816869393672306,0.04777465814999402,24,85,0.05833497790942533,0.16870218637502482,True,True,True,2.6840344775411063e-06,COMPLETE
376,0.3644201695919037,2025-04-12 18:58:40.085454,2025-04-12 18:58:49.995625,0 days 00:00:09.910171,0.5797317285529009,0.807229269744073,8,0.020707512711706743,0.2935650235863621,0.03265453140067316,0.026502115245858538,0.08494630989641924,0.027899132812882272,0.03988690999621015,30,88,0.04792543762612969,0.2633719884489649,True,True,True,2.83280769919354e-06,COMPLETE
377,0.27474987506866455,2025-04-12 18:58:50.115777,2025-04-12 18:58:59.925053,0 days 00:00:09.809276,0.6078398504904431,0.8172800433853926,8,0.011738452994931727,0.2841853637810537,0.09772676408143928,0.02546142676923143,0.08756987479585167,0.06276060877173834,0.02463048423244186,29,93,0.05816420374994497,0.24452219313180845,True,True,True,3.5004694302119247e-06,COMPLETE
378,0.2817014038562775,2025-04-12 18:59:00.045110,2025-04-12 18:59:09.956681,0 days 00:00:09.911571,0.5628907469073634,0.8366221730012012,8,0.004639213408756178,0.29993610512025826,0.09839327801678163,0.0279566455558784,0.08423731147485254,0.030197225554577514,0.03201600348375389,30,85,0.05377486032511716,0.15315139136969255,True,True,True,2.465519104383231e-06,COMPLETE
379,0.24884916543960572,2025-04-12 18:59:10.086942,2025-04-12 18:59:19.710599,0 days 00:00:09.623657,0.5471274939366005,0.8918066321555688,8,0.10448337365740847,0.2883146671058018,0.09633706646004671,0.02507502811561348,0.082786673068984,0.04031922600442268,0.05138939143769717,29,90,0.05044813613587784,0.17613700417364306,True,False,True,4.204739236659681e-06,COMPLETE
380,0.2742539346218109,2025-04-12 18:59:19.830192,2025-04-12 18:59:27.542697,0 days 00:00:07.712505,0.4833432890325494,0.8188931675128627,8,0.02427314060296654,0.29428333648529187,0.02302902722230365,0.030599343099174097,0.09208372775367839,0.032943632705200704,0.03938388203662821,15,82,0.05729717741730944,0.23811716237779623,True,True,True,2.415885170905328e-06,COMPLETE
381,0.4179702639579773,2025-04-12 18:59:27.662080,2025-04-12 18:59:37.139019,0 days 00:00:09.476939,0.6214021089105405,0.913374422603135,8,0.011435317731466822,0.09465410195985255,0.09417447694236228,0.02217373745323118,0.08997124626468574,0.03849750979532997,0.017805069268912586,27,87,0.055072724639987206,0.054741206753164115,True,True,True,3.3144352928328393e-06,COMPLETE
382,0.2939006805419922,2025-04-12 18:59:37.270569,2025-04-12 18:59:47.003886,0 days 00:00:09.733317,0.7053793570569644,0.8405256741180923,8,0.032125815345128886,0.2816800524002654,0.09997023685207099,0.023810362015006394,0.09295945589546624,0.027302916854413457,0.05376179426981905,29,80,0.09101713928408196,0.25164066892962594,True,True,True,5.48207597306102e-06,COMPLETE
383,0.3519243597984314,2025-04-12 18:59:47.123799,2025-04-12 18:59:56.736049,0 days 00:00:09.612250,0.5902791646698725,0.8846428897689937,8,0.017828978977086324,0.28943438914633673,0.09190992075789826,0.028391294774393765,0.08719874224409187,0.031061618783751035,0.03018874450238067,28,85,0.05835076714624784,0.26334714424283995,True,True,True,4.5354583214435665e-06,COMPLETE
384,0.18762218952178955,2025-04-12 18:59:56.856198,2025-04-12 19:00:06.653308,0 days 00:00:09.797110,0.6580384734502759,0.8531528864708151,8,0.09295038214592335,0.2942532643787165,0.09640633051972247,0.034805955276493536,0.08874183739220118,0.03555133330814526,0.04307815407536518,30,90,0.010573196999930222,0.2566951669828208,True,True,False,3.682849912932843e-06,COMPLETE
385,0.4258580207824707,2025-04-12 19:00:06.785890,2025-04-12 19:00:16.096403,0 days 00:00:09.310513,0.6425072789402534,0.9033011558497256,8,0.021708373954621017,0.28292059003503506,0.09401893471811103,0.02564799755791581,0.0909848986577128,0.02941378034295358,0.05285199519351055,26,84,0.05194388665748206,0.2509460511342036,True,True,True,5.75434129552905e-06,COMPLETE
386,0.19931281208992005,2025-04-12 19:00:16.217291,2025-04-12 19:00:25.476451,0 days 00:00:09.259160,0.6366824796669558,0.9109837147520297,8,0.16772597527940317,0.27994440137616694,0.0982950967000064,0.02585111166281039,0.09319618526067013,0.027224840220877025,0.05427707152589538,26,93,0.05154734687477898,0.16314288683897993,True,True,True,2.565185651841078e-06,COMPLETE
387,0.42473993301391605,2025-04-12 19:00:25.598806,2025-04-12 19:00:34.763946,0 days 00:00:09.165140,0.607496342308204,0.7842000822403127,8,0.020667211280462908,0.21226681778205828,0.09179085371438968,0.02957250492880044,0.09650696035561496,0.028775458592682494,0.07238045096267919,25,87,0.047170052114436554,0.24271435229336447,True,True,True,5.495299927777135e-06,COMPLETE
388,0.24769997596740723,2025-04-12 19:00:34.886294,2025-04-12 19:00:44.100559,0 days 00:00:09.214265,0.622610182821033,0.7844311606772674,8,0.0069513224421359696,0.2774999753083621,0.09171444991615942,0.030388420524992035,0.09711532037631128,0.02912221877100028,0.09657328947280171,25,84,0.002730208089717058,0.2395166354253128,True,True,True,4.896984398187584e-06,COMPLETE
389,0.4250507473945618,2025-04-12 19:00:44.236551,2025-04-12 19:00:53.584824,0 days 00:00:09.348273,0.6121531930572984,0.8146856753380038,8,0.017243719082732256,0.17995246957663985,0.09203661266596663,0.02907963836194615,0.09642247796151081,0.02707316791628317,0.08457887181591982,26,89,0.04665556971724741,0.23372973021441562,True,True,True,3.4776962633605843e-06,COMPLETE
390,0.4207866311073304,2025-04-12 19:00:53.709950,2025-04-12 19:01:02.865354,0 days 00:00:09.155404,0.5916346707173669,0.7876512934587909,8,0.019219270018856514,0.20999682876767,0.09193735799242995,0.03217997022606985,0.09847993454245599,0.025894341764132824,0.07954514186698491,25,90,0.04359130514847959,0.23928962748596655,True,True,True,2.7411822671190105e-06,COMPLETE
391,0.4183276891708374,2025-04-12 19:01:02.988612,2025-04-12 19:01:12.275774,0 days 00:00:09.287162,0.6025715562785224,0.778029749445198,8,0.02139649749669766,0.19782865624097024,0.09199313793963344,0.02920518317767483,0.09644313668451446,0.027052006959527926,0.08142317532660054,26,94,0.04465544029871317,0.2324528564152752,True,True,True,3.335754044463233e-06,COMPLETE
392,0.41887553930282595,2025-04-12 19:01:12.408862,2025-04-12 19:01:21.553257,0 days 00:00:09.144395,0.5559451989367226,0.7973980722758065,8,0.01638530453352936,0.14423681782926553,0.09409958613759338,0.030992292882483306,0.09973636483269814,0.02753230315269207,0.09052743854396564,25,88,0.04537705019428495,0.23406700640312508,True,True,True,2.13968541534232e-06,COMPLETE
393,0.40228703022003176,2025-04-12 19:01:21.678522,2025-04-12 19:01:31.215140,0 days 00:00:09.536618,0.6089216278289803,0.8131986098100179,8,0.010849159822435086,0.21829874290942358,0.09315297464640666,0.02853016978970377,0.09625453244882555,0.02867098455934907,0.07517535952112707,27,83,0.048237067506769676,0.2337559734868935,True,True,True,3.853825952998088e-06,COMPLETE
394,0.42558189630508425,2025-04-12 19:01:31.339199,2025-04-12 19:01:40.625382,0 days 00:00:09.286183,0.5884933224913088,0.8222865154738289,8,0.03235496769002707,0.27593819979030293,0.09153848229676688,0.08262369388892954,0.09806018951912834,0.023586305017044847,0.07255601986162687,26,90,0.046235553149625616,0.22767909339028364,True,True,True,2.823780152535087e-06,COMPLETE
395,0.42640144824981696,2025-04-12 19:01:40.751528,2025-04-12 19:01:49.948891,0 days 00:00:09.197363,0.5885554534263896,0.8286779604954836,8,0.03150925710921333,0.27762084488763195,0.09097084937239334,0.06512124605631524,0.0987183455653225,0.08247622845469896,0.07888209860538825,25,91,0.04707034269719762,0.2271131120087941,True,True,True,2.090394952918931e-06,COMPLETE
396,0.4265751004219055,2025-04-12 19:01:50.083153,2025-04-12 19:01:59.076560,0 days 00:00:08.993407,0.5420363859085902,0.8177674656986746,8,0.03427836160753663,0.17683077650544243,0.0906290138448693,0.07594498816798179,0.0983167949007957,0.07503557257371658,0.08863377358424557,24,91,0.046183407080436834,0.21583426189110935,True,True,True,2.075899854209812e-06,COMPLETE
397,0.42213609218597414,2025-04-12 19:01:59.201056,2025-04-12 19:02:08.251331,0 days 00:00:09.050275,0.6075104432823153,0.8108374493417185,8,0.030928341028866664,0.16379024682649207,0.09097433282468512,0.03239780067621413,0.09870781522032385,0.0817167884512239,0.08767133401996224,24,93,0.04648708271768411,0.22746982624266898,True,True,True,1.9625131202713076e-06,COMPLETE
