number,value,datetime_start,datetime_complete,duration,params_alpha-eval,params_alpha-train,params_batch-size,params_eps-eval,params_eps-train,params_lambda-actions-eval,params_lambda-actions-train,params_lambda-frames-eval,params_lambda-frames-train,params_learning-rate,params_n-epochs,params_n-frames,params_radius-gw,params_rho,params_std-feats,params_ub-actions,params_ub-frames,params_weight-decay,state
1135,0.26803694963455205,2025-04-14 18:13:12.718930,2025-04-14 18:13:21.814563,0 days 00:00:09.095633,0.5069029455921833,0.10201579168094656,8,0.000854230323478833,0.02424474537163255,0.08748490535992763,0.048959658257642966,0.07872196420673438,0.09156386781023688,0.0011992993669655001,27,15,0.09274727783330032,0.1400455007237775,False,True,False,4.7275826706367265e-07,COMPLETE
1136,0.5754480957984924,2025-04-14 18:13:22.182783,2025-04-14 18:13:31.310042,0 days 00:00:09.127259,0.5023901213577068,0.05170514263245839,8,0.0002674368023763262,0.020093976075732347,0.08503304021933271,0.05287959861162316,0.0770756118080127,0.09527769267657703,0.0013908358147684745,26,19,0.092036237408228,0.1450708892106633,False,True,True,6.495895398453402e-07,COMPLETE
1137,0.19931281208992005,2025-04-14 18:13:31.677131,2025-04-14 18:13:40.763004,0 days 00:00:09.085873,0.508819821493524,0.1248817170537495,8,0.00033321458873580845,0.11670912628606495,0.08465719239713229,0.05301846158486519,0.07630081071201415,0.09525251033334817,0.001438219729825918,26,13,0.09108341626286812,0.1455018902512186,False,True,True,6.259410595921736e-07,COMPLETE
1138,0.19931281208992005,2025-04-14 18:13:41.134937,2025-04-14 18:13:50.164914,0 days 00:00:09.029977,0.4999495694492555,0.14803309951028673,8,0.00013327108127969903,0.2269873186681997,0.08594952634415387,0.05318194690023318,0.07758299839765266,0.09588671368706163,0.0015943714015452396,26,19,0.08771134807472246,0.148549257247088,False,True,True,8.060881184178416e-07,COMPLETE
1139,0.3933250784873963,2025-04-14 18:13:50.530977,2025-04-14 18:13:59.760745,0 days 00:00:09.229768,0.4996906606102442,0.07087111757827891,8,0.00027699941547676236,0.018178790329877622,0.08609034981940236,0.054471536251215626,0.07581499162905339,0.09450376936427209,0.0013974227592917557,27,15,0.09150054014566582,0.13842228678814697,False,True,True,4.7070014209009194e-07,COMPLETE
1140,0.4135449051856995,2025-04-14 18:14:00.132314,2025-04-14 18:14:09.254944,0 days 00:00:09.122630,0.5091232360194113,0.10228222724739443,8,0.005282611440022601,0.019861175427789635,0.08657072219825754,0.05094685321930468,0.07880375279493486,0.09665140830005281,0.00168191054923266,26,17,0.0888481805504485,0.1449985931368677,False,True,True,5.82586544176617e-07,COMPLETE
1141,0.35071167945861814,2025-04-14 18:14:09.623982,2025-04-14 18:14:18.680122,0 days 00:00:09.056140,0.4771428669700192,0.08652146402326076,8,0.0006468190166198316,0.02487884880946843,0.08612821931277637,0.04888027578379242,0.05835824798509717,0.09324769715415514,0.0013278146260469244,26,10,0.08592599006987615,0.13910182452646605,False,True,True,6.586364672295604e-07,COMPLETE
1142,0.3996634960174561,2025-04-14 18:14:19.051142,2025-04-14 18:14:28.279784,0 days 00:00:09.228642,0.8162448453606725,0.05444179488237211,8,0.007906207685068183,0.02594826267730623,0.08561475468609313,0.05328732068539846,0.07529157731373294,0.09499781195507588,0.0018179405814682604,27,17,0.09117038515931294,0.1502493216571739,False,True,True,1.0214355063959982e-06,COMPLETE
1143,0.3783259987831116,2025-04-14 18:14:28.650003,2025-04-14 18:14:37.851981,0 days 00:00:09.201978,0.47915194744895157,0.12579126947050817,8,0.0006097529068351606,0.03183631192927419,0.0875366573017594,0.05065248168322368,0.07772596785767008,0.09299853015745593,0.0015315252532711896,27,8,0.08725429524849243,0.13296613419971878,False,True,True,4.946208825053348e-07,COMPLETE
1144,0.31119121313095094,2025-04-14 18:14:38.227994,2025-04-14 18:14:57.753082,0 days 00:00:19.525088,0.46634706834836565,0.07378414585040348,2,0.010018009936047302,0.0187920563651977,0.08366812714044222,0.030527406754377245,0.05479918002877763,0.09815131591072429,0.0012486208664389189,26,19,0.0892978465503246,0.14300168979839148,False,True,True,4.010380485910016e-07,COMPLETE
1145,0.554477047920227,2025-04-14 18:14:58.129050,2025-04-14 18:15:07.142540,0 days 00:00:09.013490,0.4988042652195898,0.10776827391709148,8,0.0005055800457648089,0.026032741400542896,0.08820768537181042,0.04789302758700672,0.0745414120411289,0.0961187517792123,0.0018458373993037297,26,20,0.09281931380222343,0.1357215420104218,False,True,True,5.368476891495135e-07,COMPLETE
1146,0.3994173884391785,2025-04-14 18:15:07.513449,2025-04-14 18:15:16.697733,0 days 00:00:09.184284,0.4822409382140038,0.05597474198033146,8,0.0001333752132995289,0.018681719359509436,0.0846369207405938,0.045214077530518905,0.076701014813636,0.09178328745504753,0.0015494171080239795,27,14,0.08460442666607626,0.1560684470995185,False,True,True,9.138988238589548e-07,COMPLETE
1147,0.392500638961792,2025-04-14 18:15:17.072234,2025-04-14 18:15:26.178282,0 days 00:00:09.106048,0.45227806000398596,0.089525537525421,8,0.009094526162950275,0.03155958374978215,0.08841151367576022,0.051223550376294266,0.07431436693969191,0.09458785070911832,0.0018744178664387963,26,17,0.02378087118376039,0.13395154842994267,False,True,True,4.008874565824201e-07,COMPLETE
1148,0.23822399973869324,2025-04-14 18:15:26.534318,2025-04-14 18:15:35.665198,0 days 00:00:09.130880,0.5041919192254959,0.14418611565431727,8,0.00012229695610453065,0.018532857549235345,0.09017037798100509,0.05398147919837855,0.07897685464309136,0.09209203891556282,0.0013788231639271283,26,19,0.09054970976929196,0.1401414271989319,True,False,True,4.1688742090071984e-07,COMPLETE
1149,0.4230965733528137,2025-04-14 18:15:36.037049,2025-04-14 18:15:45.339722,0 days 00:00:09.302673,0.4638776089721264,0.07196786637137133,8,0.009236811409177278,0.03711023790192222,0.08917640809694698,0.036814498984972535,0.07582941475100195,0.0982899688311385,0.0019393511031729187,27,22,0.08747465860600044,0.14862100104338127,False,True,True,3.4409123420999936e-07,COMPLETE
1150,0.19931281208992005,2025-04-14 18:15:45.710356,2025-04-14 18:15:55.077657,0 days 00:00:09.367301,0.4825878274430913,0.11490683531247707,8,0.00625562679107523,0.23618850358286197,0.0891474695881996,0.043927223635793086,0.0739212562788859,0.09997720430476945,0.0012163233313179384,28,20,0.08173105100254503,0.13445435183318583,False,True,True,4.914775292852455e-07,COMPLETE
1151,0.4060274243354798,2025-04-14 18:15:55.449052,2025-04-14 18:16:04.558839,0 days 00:00:09.109787,0.45045832707323086,0.09424300101577726,8,0.010454845369021528,0.02587409944691139,0.0866356271735751,0.048023336347974226,0.07681988252913413,0.0962407213018829,0.001572526371364977,26,15,0.09334603166755884,0.14572859553067302,False,True,True,5.103134685817192e-07,COMPLETE
1152,0.3573150634765625,2025-04-14 18:16:04.930327,2025-04-14 18:16:14.023629,0 days 00:00:09.093302,0.4585206055440165,0.050329473544804396,8,0.009987596858829047,0.04579159291603245,0.0836202164695805,0.049759385231528674,0.07342860480449301,0.09373841646835473,0.016316625782910762,26,21,0.08930434860558013,0.13816041019407935,False,True,True,3.287574239673734e-07,COMPLETE
1153,0.39990040063858034,2025-04-14 18:16:14.395966,2025-04-14 18:16:23.638112,0 days 00:00:09.242146,0.5106730672587959,0.07260224951860841,8,0.006906980709858343,0.031200565761043325,0.09007854639508052,0.046534889614453755,0.07954447720221627,0.09108006910786236,0.00204696758527641,27,19,0.0917801799384295,0.13004154055813938,False,True,True,2.3205265481337272e-08,COMPLETE
1154,0.40344424247741706,2025-04-14 18:16:24.007976,2025-04-14 18:16:32.982009,0 days 00:00:08.974033,0.4855275818473805,0.12182156663648427,8,0.0064554228267143686,0.01772357920706163,0.08813111235902947,0.05144739659588075,0.07721062348695205,0.09452940249046173,0.001185583766702099,25,11,0.08580852808617673,0.14346356019408016,False,True,True,6.866436302588538e-07,COMPLETE
1155,0.2211254894733429,2025-04-14 18:16:33.354278,2025-04-14 18:16:42.230850,0 days 00:00:08.876572,0.4435435710563548,0.09827815067690006,8,0.00030900856662300453,0.21592569406279183,0.08764367116157522,0.04427370293274003,0.07517176403641981,0.09668669394844318,0.00155941185820769,25,22,0.08864147650471546,0.15136189387882626,False,True,False,1.9448393703497716e-07,COMPLETE
1156,0.39648489952087407,2025-04-14 18:16:42.607527,2025-04-14 18:16:51.655847,0 days 00:00:09.048320,0.46928957447864567,0.0500173559372,8,0.011693576933860295,0.03736330674054058,0.0906574499060872,0.041311072188683205,0.07294100688462876,0.09266932485451988,0.0018302370674667023,26,16,0.09096145362197856,0.1306639946761486,False,True,True,1.3358615715040744e-06,COMPLETE
1157,0.36149901151657104,2025-04-14 18:16:52.025980,2025-04-14 18:17:01.279648,0 days 00:00:09.253668,0.491934956395198,0.15092935053040418,8,0.005694492407692684,0.08510540127290359,0.0913976589789673,0.0541076904226831,0.07631244423974326,0.08955314101802943,0.002184687688451945,27,24,0.09401821390065607,0.13567408261485198,False,True,True,3.4505962788786556e-07,COMPLETE
1158,0.30216307640075685,2025-04-14 18:17:01.655875,2025-04-14 18:17:11.030209,0 days 00:00:09.374334,0.4493498723807796,0.08223044740864484,8,0.013416904760393325,0.1363632176391475,0.09000707619837296,0.04840270074684788,0.07966577928007966,0.09129626003474649,0.001383376680957194,28,21,0.08713392948460114,0.14200392362899417,False,True,True,2.4353071913942186e-07,COMPLETE
1159,0.40715031623840336,2025-04-14 18:17:11.413876,2025-04-14 18:17:20.395168,0 days 00:00:08.981292,0.4317738544681965,0.1302987366526801,8,0.010877444196493285,0.0253185069184949,0.08529081461183924,0.04674980572880619,0.07260585174870125,0.09472440606939768,0.001672654298894441,25,18,0.08431839508390292,0.13128243601025902,False,True,True,1.629190675640931e-07,COMPLETE
1160,0.4960578680038452,2025-04-14 18:17:20.769072,2025-04-14 18:17:27.669792,0 days 00:00:06.900720,0.46515869854290376,0.1057286824270943,8,0.0055003142805288285,0.056591114704866885,0.09203189925480232,0.05180708665660406,0.07517216336545479,0.09712660921052668,0.002145229077384352,10,24,0.0900179975125659,0.12622724319830664,False,True,True,2.709551758995155e-07,COMPLETE
1161,0.5816126346588135,2025-04-14 18:17:28.041639,2025-04-14 18:17:37.288156,0 days 00:00:09.246517,0.5152824637245476,0.06656213161411244,8,0.006043940763873528,0.030941569888421873,0.08959379515964684,0.04934256469597536,0.07309808721555408,0.09313778234865382,0.001215604893732037,27,21,0.09317014643960814,0.15435610400187535,False,True,True,3.998274253145655e-07,COMPLETE
1162,0.33042358160018925,2025-04-14 18:17:37.661571,2025-04-14 18:17:46.860989,0 days 00:00:09.199418,0.5218099133109395,0.09088721000852928,8,0.005361610360630882,0.039977675469379234,0.09013993594405305,0.048541126742367706,0.07787947460318834,0.09574043712235474,0.001625079057743335,27,13,0.09608463492755315,0.1566983492591562,False,True,True,5.108564972413572e-07,COMPLETE
1163,0.28358336687088015,2025-04-14 18:17:47.232271,2025-04-14 18:17:56.363383,0 days 00:00:09.131112,0.5131134628994752,0.8321925965724887,8,0.00032836575021092437,0.03397635846853136,0.09131771116059809,0.049939906895876025,0.07179675378599577,0.09388034494690185,0.0012800009481761133,27,18,0.0945479501687902,0.15216927008153183,False,True,True,5.820889920743438e-07,COMPLETE
1164,0.284000825881958,2025-04-14 18:17:56.737703,2025-04-14 18:18:05.770013,0 days 00:00:09.032310,0.5120418430100733,0.7973199923364229,8,0.0005151637156623184,0.04835953821627052,0.09222110164115248,0.04961062574977935,0.07371695295785387,0.09734074021083075,0.0014389147356796202,26,16,0.09606925760162888,0.1613055274422614,False,True,True,4.260769744285961e-07,COMPLETE
1165,0.5653250098228455,2025-04-14 18:18:06.142904,2025-04-14 18:18:15.358983,0 days 00:00:09.216079,0.4187397543327678,0.11781136081006942,8,0.012323118442614146,0.04281516783305059,0.0898485326226064,0.04697934996789218,0.07536864364994147,0.09351589606402566,0.0019481647383267464,27,20,0.09339366724399098,0.08666942695749628,False,True,True,3.7116586050153173e-07,COMPLETE
1166,0.2979835569858551,2025-04-14 18:18:15.731279,2025-04-14 18:18:35.626013,0 days 00:00:19.894734,0.4138476737995346,0.07828110360280517,2,0.01511148885564528,0.05615440899099943,0.09189826096310404,0.04575114343762057,0.0763979673597421,0.09286303546598881,0.002399033649637199,27,12,0.096527362950476,0.07273849593498342,False,False,True,5.915494216600981e-07,COMPLETE
1167,0.42793878316879275,2025-04-14 18:18:36.003523,2025-04-14 18:18:45.236524,0 days 00:00:09.233001,0.9419739411046393,0.10921591132632397,8,0.014739039350292825,0.05043290458732683,0.09025474702088279,0.046837918223162404,0.0748222643745446,0.09150348360917936,0.0020630921783437377,27,15,0.09461607823900511,0.09378538908036252,True,True,True,4.037120377359175e-07,COMPLETE
1168,0.4012282848358154,2025-04-14 18:18:45.613803,2025-04-14 18:18:54.788829,0 days 00:00:09.175026,0.4147264572540802,0.07299018777657446,8,0.013338594676682731,0.04603896128779987,0.09304690066734381,0.04483652303903835,0.07805645252229033,0.09333136699904258,0.002330604534213176,27,18,0.0937189697883811,0.08002331925533501,False,True,True,4.7053062294525176e-07,COMPLETE
1169,0.19931281208992005,2025-04-14 18:18:55.161744,2025-04-14 18:19:04.576921,0 days 00:00:09.415177,0.4252553705024514,0.09618196400600473,8,0.012378687294243691,0.05066435525873417,0.09347874400463937,0.02355400358294027,0.08018220768356275,0.09093721514859436,0.0019132646205733176,27,120,0.09740913277173469,0.08355812329383278,False,True,True,6.966031484424841e-07,COMPLETE
1170,0.19931281208992005,2025-04-14 18:19:04.954441,2025-04-14 18:19:14.258614,0 days 00:00:09.304173,0.40059491286006116,0.36964073232137723,8,0.014762131809187163,0.045074500459220575,0.08980983837091482,0.043532115673894534,0.07551505890179885,0.09258587940174921,0.0025189192800821585,27,130,0.09371469381218261,0.07328899900111348,False,True,True,3.547335343459013e-07,COMPLETE
1171,0.5570003747940064,2025-04-14 18:19:14.637917,2025-04-14 18:19:24.011848,0 days 00:00:09.373931,0.42831508649774724,0.06780918822015095,8,0.010145288341826,0.0411928491322566,0.09256050550117044,0.04762754160635939,0.0728930276196542,0.09464974192804183,0.001848200685139996,28,20,0.0955457642680302,0.08541224058619655,False,True,True,7.608526489682325e-07,COMPLETE
1172,0.3830394625663758,2025-04-14 18:19:24.393203,2025-04-14 18:19:33.571477,0 days 00:00:09.178274,0.40688651311342977,0.11102621562848566,8,0.01743935367556794,0.042144669970237816,0.09069939473976998,0.045606188264849676,0.07807662199910723,0.09021330720890339,0.0022386998028555466,27,15,0.0924800163237633,0.08597324226869305,False,True,True,3.848761801246039e-07,COMPLETE
1173,0.4757467389106751,2025-04-14 18:19:33.951454,2025-04-14 18:19:43.320460,0 days 00:00:09.369006,0.346044652656054,0.088870863170713,8,0.00942294792728142,0.05315943768555008,0.09313045288685812,0.04763391890435769,0.07428931959105876,0.09293447834336925,0.0017889543847751756,28,20,0.09427504485611138,0.09436620098850576,False,True,True,5.631358380092274e-07,COMPLETE
1174,0.2011936068534851,2025-04-14 18:19:43.697207,2025-04-14 18:19:52.654900,0 days 00:00:08.957693,0.43985168472624475,0.062433768746624894,8,0.017809183033207013,0.04123595004864836,0.08937134756381722,0.04242698520689489,0.07709408542528451,0.09486576970529084,0.002564188789316628,26,17,0.09258203554720769,0.09747317579541034,False,True,False,4.3807908224655067e-07,COMPLETE
1175,0.3058716535568237,2025-04-14 18:19:53.036440,2025-04-14 18:20:02.099369,0 days 00:00:09.062929,0.39660238224216804,0.1035190443244552,8,0.16399286559550336,0.036165885543723485,0.09465809037407415,0.045789976656412455,0.07196881836936753,0.09110527702871657,0.0022122841709012585,26,21,0.09624417104229695,0.081264724858738,False,True,True,2.858023910589356e-07,COMPLETE
1176,0.31578131914138796,2025-04-14 18:20:02.480060,2025-04-14 18:20:11.608220,0 days 00:00:09.128160,0.44430332606292966,0.08277212341646607,8,0.007011855507177944,0.046125227518397365,0.09131151799998088,0.04854896955830765,0.0756636807231001,0.0931979007999917,0.0017582126991424166,26,10,0.09376807016677674,0.1572494580453049,False,True,True,3.538641341250114e-07,COMPLETE
1177,0.3775911808013916,2025-04-14 18:20:11.989792,2025-04-14 18:20:21.228804,0 days 00:00:09.239012,0.4194418104944949,0.5735931489785253,8,0.011469810242697904,0.03768869695732067,0.09411699286811148,0.04351716052371267,0.08152652521939974,0.08949839685046816,0.002869551091211693,27,18,0.0920575713756071,0.09108836984388179,False,True,True,3.377366974144349e-07,COMPLETE
1178,0.19931281208992005,2025-04-14 18:20:21.605944,2025-04-14 18:20:30.765990,0 days 00:00:09.160046,0.4216069087824438,0.117328102113788,8,0.27842603584594494,0.03358608600865852,0.09812379232661426,0.04691219255872382,0.07344773286851662,0.09515249158991888,0.002056852952339086,27,21,0.0976307426579776,0.10126318482664945,False,True,True,4.731506980303304e-07,COMPLETE
1179,0.49072189331054694,2025-04-14 18:20:31.150966,2025-04-14 18:20:40.485250,0 days 00:00:09.334284,0.39677375782466817,0.060551701418836194,8,0.0062890122338006265,0.06358192928225176,0.09997902990289287,0.049293840994999845,0.07958259677398806,0.09186990635983083,0.0016207693297218071,28,22,0.09229702892193485,0.07041531276185434,False,True,True,0.0009795950625569678,COMPLETE
1180,0.29479280710220335,2025-04-14 18:20:40.862856,2025-04-14 18:20:50.043553,0 days 00:00:09.180697,0.33291420237250147,0.08885472746968852,8,0.01458092065287035,0.04321669577130069,0.09203828882987686,0.04526187176519175,0.07081004840966679,0.09399712838660375,0.002480247622987712,26,113,0.09493174024493899,0.15566819695457462,False,True,True,2.2301812664469125e-07,COMPLETE
1181,0.39240115880966187,2025-04-14 18:20:50.425158,2025-04-14 18:20:59.691658,0 days 00:00:09.266500,0.4388189907104835,0.13732874827118235,8,0.018512992488950678,0.03485054820596701,0.0958326233091427,0.048084774328629315,0.07702338567097398,0.09815185313322934,0.003480894526272085,27,16,0.0917368148367152,0.1024656045175458,False,True,True,9.796432116303863e-07,COMPLETE
1182,0.3264587163925171,2025-04-14 18:21:00.076347,2025-04-14 18:21:09.196947,0 days 00:00:09.120600,0.3571444717286153,0.047784388315204124,8,0.00571636272116195,0.05821698289144548,0.08900797930260743,0.039057663816349696,0.07490514562165725,0.0906280106107872,0.0011987619504365053,26,14,0.09350666153118913,0.16713322509217238,False,True,True,1.302847960686468e-07,COMPLETE
1183,0.40569757223129277,2025-04-14 18:21:09.581607,2025-04-14 18:21:18.911561,0 days 00:00:09.329954,0.4521975687387219,0.11081039872069584,8,0.010621666103354584,0.04055169254914395,0.09361836571865556,0.04175997808691004,0.07277165952673316,0.09562445555227095,0.0020642275124997138,28,19,0.09664744837851645,0.09755683836811564,False,True,True,1.8783658480270363e-07,COMPLETE
1184,0.2527282178401947,2025-04-14 18:21:19.295789,2025-04-14 18:21:28.335653,0 days 00:00:09.039864,0.379413040347104,0.6377142542708557,8,0.0054169490518712286,0.05098613965174395,0.09132490220507,0.04407311449765884,0.07838208258329075,0.09292959766706056,0.0027808388554578863,26,22,0.09146297046864724,0.06310509213901236,False,True,True,3.406077908581121e-07,COMPLETE
1185,0.3536041021347046,2025-04-14 18:21:28.718339,2025-04-14 18:21:37.859537,0 days 00:00:09.141198,0.4145284856561866,0.073187347610005,8,0.01633332687118455,0.0314120447907046,0.09636159587305411,0.050139744089317054,0.07601319700514475,0.08887916873724165,0.001732690698200693,27,20,0.09460918213451669,0.08730176482918298,False,False,True,6.621851372033303e-07,COMPLETE
1186,0.37494632601737976,2025-04-14 18:21:38.245069,2025-04-14 18:21:47.408468,0 days 00:00:09.163399,0.43780447146069107,0.09685924931640628,8,0.011353158698796427,0.03798617401089243,0.09320034581056763,0.046392458234605444,0.07437775466005724,0.09184620467112344,0.0014178043347868397,26,23,0.09145923398906335,0.1579448396878024,True,True,True,2.9824886838490324e-07,COMPLETE
1187,0.32392941713333134,2025-04-14 18:21:47.792450,2025-04-14 18:21:55.166161,0 days 00:00:07.373711,0.45839789449653057,0.12838971386234693,8,0.0003838077538526677,0.04547123023149504,0.09831632729722913,0.04926497261574256,0.07043990083917773,0.09631745728405354,0.002004313425229272,14,18,0.06286689362663267,0.15196382380959156,False,True,True,1.6930823179740787e-07,COMPLETE
1188,0.4008512496948242,2025-04-14 18:21:55.549475,2025-04-14 18:22:15.700260,0 days 00:00:20.150785,0.4292540875676377,0.06697806844016851,2,0.02060263281083751,0.03220422401973908,0.09482298419097476,0.047222737916432785,0.07250279418508232,0.09402895980227491,0.0025637122881786625,27,23,0.0934649926809649,0.08672268372537494,False,True,True,4.3097202289265285e-07,COMPLETE
1189,0.5301293253898621,2025-04-14 18:22:16.084479,2025-04-14 18:22:25.206892,0 days 00:00:09.122413,0.3947351979248197,0.048003850671006376,8,0.006335183923867677,0.029765891832749355,0.09023789714222946,0.04336838330070091,0.07738733579534762,0.09842011109962229,0.001182465878385261,26,14,0.09120080169105974,0.08690168445742913,False,True,True,2.2953517101739335e-07,COMPLETE
1190,0.5463401198387147,2025-04-14 18:22:25.591116,2025-04-14 18:22:34.824668,0 days 00:00:09.233552,0.4146479271756913,0.08834564486230322,8,0.011380174079617741,0.03790778039817771,0.09596115799772742,0.04497677180147644,0.07956915569047017,0.08963821866493907,0.001516937581900679,27,21,0.0960460963468174,0.10695074672090514,False,True,True,1.3196687444116835e-07,COMPLETE
1191,0.5056952238082886,2025-04-14 18:22:35.212996,2025-04-14 18:22:44.337272,0 days 00:00:09.124276,0.37875795247715777,0.3476542155837662,8,0.005490177040773181,0.030149278368751566,0.08892806720583753,0.04012285308554533,0.07526086716090663,0.09223614009194626,0.0022006168823741168,26,25,0.09337255089400097,0.08088067653638475,False,True,True,5.250745561152557e-07,COMPLETE
