number,value,datetime_start,datetime_complete,duration,params_alpha-eval,params_alpha-train,params_batch-size,params_eps-eval,params_eps-train,params_lambda-actions-eval,params_lambda-actions-train,params_lambda-frames-eval,params_lambda-frames-train,params_learning-rate,params_n-epochs,params_n-frames,params_radius-gw,params_rho,params_std-feats,params_ub-actions,params_ub-frames,params_weight-decay,state
113,0.41765456199645995,2025-04-12 18:18:00.728753,2025-04-12 18:18:06.882558,0 days 00:00:06.153805,0.9403668418904715,0.8536612887498598,16,0.0026209471455196027,0.2741836283147695,0.07503302496102232,0.0013541541439897591,0.07061101296123007,0.01503017782894063,0.005006942431846456,9,127,0.04933442022360672,0.23340848340847528,False,True,True,1.5018682420970382e-05,COMPLETE
114,0.4166153430938721,2025-04-12 18:18:06.922743,2025-04-12 18:18:13.042790,0 days 00:00:06.120047,0.9409590222351136,0.8419288091680542,16,0.010360126014962202,0.27400756926506503,0.07577599598286579,0.0019227638320441238,0.06762128448973603,0.014995373174447381,0.005353785162921561,9,128,0.049207684192764264,0.23120025891747115,False,True,True,1.3412557105903735e-05,COMPLETE
115,0.37744036912918094,2025-04-12 18:18:13.082906,2025-04-12 18:18:19.203435,0 days 00:00:06.120529,0.8932361319283699,0.8500982155992287,16,0.012396083726128469,0.27328874379590196,0.07065483746653285,0.0018092275998737412,0.06767200522962644,0.016111047470925063,0.005223452617828597,9,127,0.040718399924881354,0.23654651904208565,False,True,True,1.4127812438621361e-05,COMPLETE
116,0.4152137041091919,2025-04-12 18:18:19.244342,2025-04-12 18:18:25.275428,0 days 00:00:06.031086,0.9445026777345202,0.8622861171546865,16,0.0006344944355692872,0.2876493175063912,0.0744067729479835,0.006564181317498248,0.07804883428028712,0.01754565476174395,0.007941096565293224,8,135,0.04887113009202884,0.22975569748981142,False,True,True,6.153078479849594e-06,COMPLETE
117,0.41316035985946653,2025-04-12 18:18:25.315135,2025-04-12 18:18:31.541312,0 days 00:00:06.226177,0.9176782256537351,0.8348658145239576,16,0.012982108232585526,0.2556826958057802,0.06796370734310614,0.008776259747936777,0.07148771152600993,0.022930656329564234,0.0024035955138542874,10,126,0.04750316250321672,0.2238430270209611,False,True,True,3.716157073047552e-05,COMPLETE
118,0.41557133197784424,2025-04-12 18:18:31.580602,2025-04-12 18:18:37.536110,0 days 00:00:05.955508,0.9413909322518176,0.8606207894307962,16,0.007767308078293229,0.2766217868289167,0.06268632679177821,0.004788542582066381,0.0654593718709804,0.01406001055365672,0.004943297570162643,7,144,0.046090448997677384,0.20158073899854614,False,True,True,1.600165918031087e-05,COMPLETE
119,0.3795310497283936,2025-04-12 18:18:37.575878,2025-04-12 18:18:43.747418,0 days 00:00:06.171540,0.9377794924778329,0.8553360807611003,16,0.02511206462765822,0.27326485211067897,0.062754631672474,0.0012604043582410789,0.06591475858008707,0.014884110889669523,0.005820105194358692,9,142,0.04156386145025921,0.202404736861269,False,True,True,1.2763441084165105e-05,COMPLETE
120,0.41315687894821174,2025-04-12 18:18:43.787947,2025-04-12 18:18:49.743179,0 days 00:00:05.955232,0.9900024609090416,0.8331238648632704,16,0.0001285034812545105,0.26791999177434866,0.0737112326398288,0.004548598347782883,0.060784275667848234,0.013497770088158775,0.004529567524838326,7,121,0.04636714966614691,0.2358135554770551,False,True,True,7.1782655175288955e-06,COMPLETE
121,0.41228002309799194,2025-04-12 18:18:49.787774,2025-04-12 18:18:55.670831,0 days 00:00:05.883057,0.893442310581097,0.736481570224319,16,0.00791942212457762,0.2778701872758115,0.06632682466642716,0.008239953376729198,0.07683013267777408,0.021915410776922627,0.010569582572697436,6,131,0.04880884615361025,0.2282858951428002,False,True,True,1.615766607347425e-05,COMPLETE
122,0.4112709879875184,2025-04-12 18:18:55.711796,2025-04-12 18:19:01.946634,0 days 00:00:06.234838,0.9448224126677651,0.8284684885731494,16,0.012899497412772982,0.2882288068505057,0.07557382800562402,0.011595496475098343,0.06769141658284752,0.017322741848779303,0.0025950250557559623,10,140,0.04474877813678206,0.24822498811072244,False,True,True,2.8440836863280085e-05,COMPLETE
123,0.418151867389679,2025-04-12 18:19:01.996178,2025-04-12 18:19:08.034740,0 days 00:00:06.038562,0.8208244843205201,0.8669722160780032,16,0.006200773680340864,0.2567335131217821,0.08075138333606469,0.005774966332965232,0.06466845115854179,0.012100031968885459,0.005236947290908754,8,123,0.05018829711666243,0.22400333420004803,False,True,True,1.1241408228407886e-05,COMPLETE
124,0.4169797778129578,2025-04-12 18:19:08.077947,2025-04-12 18:19:14.103288,0 days 00:00:06.025341,0.8250292267121384,0.866529807683444,16,0.023962572872074178,0.2440856073283921,0.08100307802931825,0.005412982962116276,0.06404674163391026,0.012726035131019971,0.005395513205770514,8,128,0.05008581028865505,0.22053123351831683,False,True,True,1.0960112303032157e-05,COMPLETE
125,0.4152194380760193,2025-04-12 18:19:14.145513,2025-04-12 18:19:20.668794,0 days 00:00:06.523281,0.8321759769071452,0.9159255770793906,8,0.02428553868500339,0.24502897191905346,0.08101275545167826,0.010717360904406007,0.07074352220547184,0.011880547789182593,0.006472070674381984,8,126,0.050131431456085625,0.21704600324865533,False,True,True,1.0142015313951501e-05,COMPLETE
126,0.4080290198326111,2025-04-12 18:19:20.710524,2025-04-12 18:19:26.770183,0 days 00:00:06.059659,0.8196688167371582,0.8994904019771139,16,0.015900919986496717,0.2583352755782005,0.08055778280267874,0.0032359742107011817,0.07371017007627496,0.00903041933212859,0.00546863195405527,8,134,0.043242180644465694,0.22211526784248717,False,True,True,5.602436868996919e-06,COMPLETE
127,0.41138219833374023,2025-04-12 18:19:26.811758,2025-04-12 18:19:32.887516,0 days 00:00:06.075758,0.9034572400622559,0.8688382908814221,16,0.04110414078511343,0.2666115132224038,0.0747105823690381,0.006049601065773971,0.06252950768554744,0.012493319721775474,0.007163853525733738,9,118,0.04956962889080628,0.20790066460616902,False,True,True,3.5847053531395254e-06,COMPLETE
128,0.19931281208992005,2025-04-12 18:19:32.930151,2025-04-12 18:19:38.612476,0 days 00:00:05.682325,0.8830133573118468,0.848701721801881,16,0.29962504996357386,0.2491087793296129,0.06964278789945642,0.00724016305019288,0.05850582870430005,0.018393202710170607,0.0093889872254432,5,123,0.050857370776299975,0.22917672466418695,False,True,True,1.2086155653644824e-05,COMPLETE
129,0.3673447728157043,2025-04-12 18:19:38.655530,2025-04-12 18:19:49.430571,0 days 00:00:10.775041,0.8606776053038586,0.8904231436813524,2,0.022786987758054388,0.26866221324245215,0.08289934740815905,0.010353067310461204,0.06383217334528846,0.01012226667852946,0.004224131063710064,9,130,0.03839263681005417,0.23850924435789336,False,True,True,7.604190029667377e-06,COMPLETE
130,0.4056792497634888,2025-04-12 18:19:49.476572,2025-04-12 18:19:55.683252,0 days 00:00:06.206680,0.9783835654709919,0.8221743701319657,16,0.0053211437364241426,0.2887206226221848,0.07686921608258022,0.0027393015436473654,0.07387946277728848,0.021131448842809382,0.008532885255922322,10,136,0.042789903286252144,0.2508101735121497,False,True,True,2.5760832214738448e-05,COMPLETE
131,0.4160891652107239,2025-04-12 18:19:55.727798,2025-04-12 18:20:01.727815,0 days 00:00:06.000017,0.9520516350421958,0.8621473888031741,16,0.013888566688207437,0.27491247537867924,0.05301155424237469,0.004924087173242602,0.06568744555084693,0.015170451806589708,0.004737447113476123,7,146,0.04555775679682602,0.2328367042049512,False,True,True,1.5180005194120462e-05,COMPLETE
132,0.4148975610733032,2025-04-12 18:20:01.771824,2025-04-12 18:20:08.111903,0 days 00:00:06.340079,0.9247000488672206,0.8760833855816605,16,0.013635954131926954,0.27553719861615406,0.04527514846631362,0.005506364306582559,0.06863737697004291,0.016037261787960617,0.002895415983952292,11,123,0.048358879973496076,0.23351204560306893,False,True,True,3.7855723577419365e-05,COMPLETE
133,0.410146689414978,2025-04-12 18:20:08.155942,2025-04-12 18:20:14.014930,0 days 00:00:05.858988,0.9582864756182363,0.9140910448312454,16,0.02031073454128192,0.2849767184945053,0.07081782810351644,0.014495788278407503,0.059871486365566114,0.015439093977173675,0.00416094951884269,6,128,0.04519821907320225,0.2270229963940164,False,True,True,1.223229439854333e-05,COMPLETE
134,0.4132438778877259,2025-04-12 18:20:14.061563,2025-04-12 18:20:20.231410,0 days 00:00:06.169847,0.8827205751028167,0.8348200148169495,16,0.0023077903197938655,0.24442567093966122,0.07935405344664645,0.009296185415720174,0.06947391190190808,0.024665591718463154,0.0018456401976803174,9,117,0.046871762796041994,0.22098383519551856,False,True,True,2.8058635637129294e-05,COMPLETE
135,0.4128613114356995,2025-04-12 18:20:20.275885,2025-04-12 18:20:26.365915,0 days 00:00:06.090030,0.908494026356701,0.8096438435417032,16,0.012356142706226442,0.2574640036667701,0.053921490668927284,0.0036475997795085316,0.0651456715175713,0.008167831940116659,0.00544679696617635,8,133,0.05371000217225825,0.25614463576487057,False,True,True,9.026340430815089e-06,COMPLETE
136,0.31077113151550295,2025-04-12 18:20:26.411098,2025-04-12 18:20:32.621423,0 days 00:00:06.210325,0.9259883186550503,0.10286625952843687,16,0.025511299283003656,0.2686810533805592,0.07311497366271476,0.013074485519848793,0.05660587600647379,0.018733380873645747,0.006769497101714364,10,123,0.050527576951480295,0.2411818104601396,False,True,True,1.3952087645142998e-05,COMPLETE
137,0.41534687280654914,2025-04-12 18:20:32.666801,2025-04-12 18:20:38.625330,0 days 00:00:05.958529,0.8260220626282812,0.8491600559010024,16,0.01585188313409634,0.2911341993225533,0.0842124669079214,0.0012113691558331948,0.07970579276708809,0.012568150370252221,0.004811243508616233,7,139,0.05458483509448951,0.23417041300410757,False,True,True,1.9237920754215625e-05,COMPLETE
138,0.4150857210159302,2025-04-12 18:20:38.680252,2025-04-12 18:20:44.718926,0 days 00:00:06.038674,0.9586443867852275,0.8724000069476124,16,0.0003965072084897124,0.2788352631723094,0.07598604988937671,0.006809700246954301,0.054007632064170794,0.020555903816558925,0.008046179174171922,8,150,0.04812347570748987,0.21775107577313577,False,True,True,4.127317639461262e-05,COMPLETE
139,0.3623898148536682,2025-04-12 18:20:44.765134,2025-04-12 18:20:51.022983,0 days 00:00:06.257849,0.8912649871272207,0.8883378259370703,16,0.008613018533774518,0.2641915046705623,0.0804878984920793,0.010764206883668307,0.06326592460070347,0.010021014318048171,0.0026686165182597116,11,129,0.0371336216782735,0.207719426485688,False,True,True,2.265090104280704e-05,COMPLETE
140,0.20774232149124147,2025-04-12 18:20:51.068666,2025-04-12 18:20:56.987505,0 days 00:00:05.918839,0.8599540930879835,0.8198192395166232,16,0.17979007284286885,0.25345878434261376,0.07801217354804318,0.021427407169018656,0.05936795008209461,0.013769987652559294,0.006057612442402117,7,145,0.05158007993254411,0.2474566791792808,False,True,False,6.811047284822753e-06,COMPLETE
141,0.20931136012077334,2025-04-12 18:20:57.033800,2025-04-12 18:21:02.984556,0 days 00:00:05.950756,0.943269574483483,0.8580993974067485,16,0.15590958328309765,0.2770700347666428,0.05968098531396785,0.004180345307710209,0.06665994324361262,0.014457927052416743,0.004872475976623545,7,147,0.044935768924528816,0.2012709229684029,False,True,True,1.6670899936295123e-05,COMPLETE
142,0.41400209665298465,2025-04-12 18:21:03.031177,2025-04-12 18:21:09.130008,0 days 00:00:06.098831,0.9794769661382915,0.8460056116872052,16,0.006427862748065536,0.27633170584204625,0.05172855787367462,0.0053580921581041375,0.06457800488461185,0.011296722369076515,0.004361182896145833,9,143,0.046326201143023056,0.1972300194727325,False,True,True,1.5859299225957558e-05,COMPLETE
143,0.4006963610649109,2025-04-12 18:21:09.176509,2025-04-12 18:21:15.297448,0 days 00:00:06.120939,0.9998394257519108,0.7929335620157127,16,0.010257142168058427,0.282273126868711,0.037747356636163173,0.007924312063673517,0.06141116457480202,0.018152375470459652,0.0030389548798058883,8,137,0.04186786029308938,0.22647639635585748,False,True,True,1.0803252293363687e-05,COMPLETE
144,0.40484906435012813,2025-04-12 18:21:15.344534,2025-04-12 18:21:21.207142,0 days 00:00:05.862608,0.9392058233993948,0.7718653433004018,16,0.019728562613707964,0.2718413109692763,0.0631213489061119,0.0055183289502115694,0.07162631710364052,0.015040793335414653,0.0019760107291998366,6,112,0.0493487002908167,0.21220644664789282,False,True,True,2.9489106188831743e-05,COMPLETE
145,0.4121761918067932,2025-04-12 18:21:21.255837,2025-04-12 18:21:27.238963,0 days 00:00:05.983126,0.9203227976328795,0.913833411257253,16,0.005527575121498495,0.2597497947020507,0.07437035416712484,0.0028976340679904367,0.0661860180298214,0.008902511033002249,0.0037843372288630336,7,131,0.05736073475854199,0.23265229964907383,False,True,True,1.4121780379846416e-05,COMPLETE
146,0.4180712103843689,2025-04-12 18:21:27.286699,2025-04-12 18:21:33.500678,0 days 00:00:06.213979,0.9029691494607655,0.8689029033923487,16,0.0001158682495977512,0.29201591327877663,0.08275781056263913,0.015919563798679714,0.0696277140809405,0.016877162964072323,0.005394675341711552,10,125,0.045497675078851135,0.23978935486920566,False,True,True,8.630383895960646e-06,COMPLETE
147,0.419833242893219,2025-04-12 18:21:33.548865,2025-04-12 18:21:39.807641,0 days 00:00:06.258776,0.8729636201050861,0.9370574718405069,16,0.016578080232571263,0.29045722672852936,0.08656096285853121,0.015607003623159758,0.07246133880401004,0.016896677333743393,0.01100587175346249,10,120,0.05488874510715433,0.2544517664469563,False,True,True,7.919433954108757e-06,COMPLETE
148,0.41904084682464604,2025-04-12 18:21:39.855647,2025-04-12 18:21:46.087277,0 days 00:00:06.231630,0.8372864519262693,0.9256828865133985,16,0.024736584783439156,0.2925158030733206,0.08261689042814774,0.01909128876809967,0.0750361383279107,0.022852634367902303,0.011301998139018533,10,124,0.054526831952709694,0.24006516170600564,False,True,True,8.167612790128162e-06,COMPLETE
149,0.19931281208992005,2025-04-12 18:21:46.137987,2025-04-12 18:21:52.956083,0 days 00:00:06.818096,0.8065834349987976,0.9429357942759344,8,0.23463991156726524,0.294688271791307,0.08566114048204217,0.019657459605912676,0.07491561049957247,0.022418229646884877,0.010515070130805038,10,120,0.05385559546880231,0.2565813684921162,False,True,True,4.03952694209018e-06,COMPLETE
150,0.19931281208992005,2025-04-12 18:21:53.006086,2025-04-12 18:21:59.281300,0 days 00:00:06.275214,0.842678270735077,0.9000364113492072,16,0.2623667561028682,0.28930166178355676,0.0872581154200782,0.01574881335242897,0.08002259220133441,0.016955224250137388,0.018893210232632494,11,124,0.05621859663579508,0.2526777608706105,False,True,True,4.931026674140205e-06,COMPLETE
151,0.41609833240509037,2025-04-12 18:21:59.340060,2025-04-12 18:22:05.560330,0 days 00:00:06.220270,0.8698693492373574,0.9247302607088456,16,0.025368167408068396,0.284853088707316,0.08233669910921515,0.01974650336059721,0.07184364788931799,0.012798857128511245,0.012269934806169157,10,125,0.05134119817010101,0.2410318271637468,False,True,True,8.497551311901979e-06,COMPLETE
152,0.41629782915115354,2025-04-12 18:22:05.610293,2025-04-12 18:22:11.744529,0 days 00:00:06.134236,0.8971514780211807,0.8190761636600009,16,0.00011672870308230415,0.2933100936451922,0.08399423951540995,0.022028240708842524,0.06958451874277935,0.019856699081307137,0.015555636414603065,9,118,0.05440217606080113,0.23957753845231983,False,True,True,2.4102017186948003e-06,COMPLETE
153,0.4156887054443359,2025-04-12 18:22:11.794755,2025-04-12 18:22:18.063439,0 days 00:00:06.268684,0.8968081214868137,0.8058216728741238,16,0.01723239608379123,0.2926328646038998,0.08422605173329197,0.022759886587305465,0.0699686243841412,0.020309990029428997,0.008878459465190001,11,115,0.057509268989539175,0.24680871319002434,False,True,True,6.019359998972004e-06,COMPLETE
154,0.4205132365226746,2025-04-12 18:22:18.114884,2025-04-12 18:22:24.235385,0 days 00:00:06.120501,0.8258701721514186,0.8891084350232332,16,0.03936398795681287,0.29918229229302973,0.08237003860146533,0.01694060927627481,0.06904456652657388,0.01769265610497071,0.024685189940651227,9,121,0.05460452302398592,0.2732367409508902,False,True,True,1.7249091316747394e-06,COMPLETE
155,0.419315242767334,2025-04-12 18:22:24.285877,2025-04-12 18:22:30.394027,0 days 00:00:06.108150,0.8291637331017576,0.9694307934644089,16,0.0380450983409382,0.29901431596843003,0.08631474525032358,0.01675861743018478,0.0756947506729727,0.02536970946083544,0.01629397376644031,9,119,0.05583220137959178,0.2672761217209301,False,True,True,2.132799473034099e-06,COMPLETE
156,0.41827423572540284,2025-04-12 18:22:30.446405,2025-04-12 18:22:36.541856,0 days 00:00:06.095451,0.8546634173591808,0.9754316517218004,16,0.03753631338984481,0.2973210042291471,0.08803381876985086,0.015894492644888177,0.08667252978290599,0.02646976579580778,0.022961687433643036,9,119,0.055198765803448235,0.27268896371721507,False,True,True,2.403468769556391e-06,COMPLETE
157,0.42146613597869875,2025-04-12 18:22:36.593037,2025-04-12 18:22:42.692493,0 days 00:00:06.099456,0.7985288094068895,0.940138283446891,16,0.038646073547450366,0.29831763272483974,0.08819818384907617,0.016446018106605592,0.08353734748137007,0.02515550102650152,0.02708742746900145,9,120,0.055352417590003575,0.2705278683191109,False,True,True,1.1025580428675543e-06,COMPLETE
158,0.4158903956413269,2025-04-12 18:22:42.744301,2025-04-12 18:22:53.035924,0 days 00:00:10.291623,0.8063636505771393,0.9604796981296335,2,0.03584556119511995,0.2984563414497718,0.08711224004361104,0.017486994279156738,0.08258370673018044,0.02636917734171851,0.04049590697609344,8,121,0.05902226480763283,0.2754767944283088,False,True,True,1.2799539201345386e-06,COMPLETE
159,0.417968499660492,2025-04-12 18:22:53.087921,2025-04-12 18:22:59.249078,0 days 00:00:06.161157,0.7923385111851673,0.944967065704245,16,0.035084777398438204,0.2995640895803677,0.08617454252011603,0.0140817253613375,0.08923505138441758,0.023529971444818498,0.023287414188408042,9,111,0.05519195970354006,0.2534887455160775,False,True,True,1.9178416753807525e-06,COMPLETE
160,0.4211060643196106,2025-04-12 18:22:59.300793,2025-04-12 18:23:05.667604,0 days 00:00:06.366811,0.7575525271439527,0.9744848883560643,16,0.03659509080226976,0.2852692672243113,0.08785819845733371,0.013969696716400566,0.08637784474334426,0.025917419171861515,0.02611237042207054,10,113,0.05567518657716073,0.27001534894792867,True,True,True,1.6191773652871753e-06,COMPLETE
161,0.41815253496170046,2025-04-12 18:23:05.719443,2025-04-12 18:23:12.024371,0 days 00:00:06.304928,0.764548028485861,0.9701749749845425,16,0.04232406301444341,0.28542492415725174,0.08808583397616586,0.01615860943945295,0.09117419088081728,0.023462806467143063,0.026702592712783385,10,111,0.055121869178896,0.27032297592486815,True,True,True,1.8830793533833902e-06,COMPLETE
162,0.42049692869186406,2025-04-12 18:23:12.085637,2025-04-12 18:23:18.386894,0 days 00:00:06.301257,0.7608652763924392,0.9723710946949442,16,0.04098196034637992,0.2992389710980878,0.0863645768082311,0.01375646398494286,0.0917463487939177,0.024069173652154212,0.02472360659021018,10,110,0.05686719544323579,0.268694061742049,True,True,True,1.9155365884071186e-06,COMPLETE
163,0.41944493055343623,2025-04-12 18:23:18.440400,2025-04-12 18:23:24.715788,0 days 00:00:06.275388,0.7528848831142484,0.9737994919056887,16,0.044699585911360716,0.2869825858905775,0.08613566616738254,0.013859648588919759,0.09011826997007248,0.02412598203275271,0.030706174554738636,10,111,0.0566385224784186,0.2675117730087177,True,True,True,1.8882365611383518e-06,COMPLETE
164,0.42146683931350715,2025-04-12 18:23:24.769164,2025-04-12 18:23:31.109290,0 days 00:00:06.340126,0.7545971563154252,0.960371051723074,16,0.040773819414714405,0.28662326620771056,0.08651965366879938,0.013822656790115323,0.09190650194243387,0.024741331697262857,0.02694823590649872,10,111,0.055966865145728587,0.265017039859407,True,True,True,1.878627840413401e-06,COMPLETE
165,0.41734451055526733,2025-04-12 18:23:31.162933,2025-04-12 18:23:37.435139,0 days 00:00:06.272206,0.7679081475628093,0.9731791730003342,16,0.04248292612342429,0.2882728668989757,0.08622037443710101,0.013635721497196832,0.09254400074750188,0.023246408579775016,0.025915960596241717,10,111,0.056275154755963605,0.26794716800212626,True,True,True,1.8482854875280875e-06,COMPLETE
166,0.4144129753112793,2025-04-12 18:23:37.489112,2025-04-12 18:23:43.794983,0 days 00:00:06.305871,0.7845917657862568,0.9712335189088264,16,0.05278001107873466,0.2994375861298507,0.0909113362924583,0.01644836152117179,0.09109684400341186,0.025480704509568488,0.02991329599412006,10,107,0.06001924413667304,0.2659503791461177,True,True,True,1.918054501125009e-06,COMPLETE
167,0.19931281208992005,2025-04-12 18:23:43.849401,2025-04-12 18:23:50.221226,0 days 00:00:06.371825,0.7582536722588935,0.9417014726486034,16,0.03830827216251749,0.2867184041219948,0.08575227015741944,0.014118427250004012,0.08820492372489713,0.027108783213347223,0.020660172606294082,11,113,0.05792837918689067,0.27250525376798623,True,True,False,1.033430813568241e-06,COMPLETE
168,0.4088646411895752,2025-04-12 18:23:50.275856,2025-04-12 18:23:56.790895,0 days 00:00:06.515039,0.7933014948254251,0.937193220626386,16,0.05746700369132214,0.2903388182575795,0.08748344964876416,0.019175676690628942,0.09488581837100457,0.02387967659436717,0.0424159426369594,12,114,0.05615913427346164,0.2581784898231341,True,True,True,2.9445465603196358e-06,COMPLETE
169,0.4165531635284424,2025-04-12 18:23:56.845588,2025-04-12 18:24:03.175253,0 days 00:00:06.329665,0.7457291648901883,0.977548476200201,16,0.04321485211654312,0.2998503509228701,0.08261084822782565,0.01598611068065013,0.08524070481310676,0.02980151667211533,0.024958563135366388,10,116,0.06204809123373745,0.26344111035150114,True,True,True,1.4166283845059944e-06,COMPLETE
