number,value,datetime_start,datetime_complete,duration,params_alpha-eval,params_alpha-train,params_batch-size,params_eps-eval,params_eps-train,params_lambda-actions-eval,params_lambda-actions-train,params_lambda-frames-eval,params_lambda-frames-train,params_learning-rate,params_n-epochs,params_n-frames,params_radius-gw,params_rho,params_std-feats,params_ub-actions,params_ub-frames,params_weight-decay,state
454,0.43990386724472047,2025-04-02 02:49:43.018381,2025-04-02 02:51:25.749797,0 days 00:01:42.731416,0.8319762831778387,0.20813322586174157,2,0.12321734600664154,0.15593671175280371,0.028520169096553284,0.04783414482441048,0.011804462887493776,0.02527687225990842,0.041587314192423584,26,100,0.021159793459988953,0.22657699147670013,True,False,False,0.0002897663942579126,COMPLETE
455,0.44009401798248293,2025-04-02 02:51:25.893459,2025-04-02 02:53:08.960522,0 days 00:01:43.067063,0.9629767996518727,0.25723922544940164,2,0.1280323804761785,0.22049380862360243,0.02635382682591672,0.04963335798393044,0.006836763960728172,0.09814913485701733,0.0028467976260921272,26,96,0.023253131965102376,0.11190098981961569,True,False,False,0.000345591477924156,COMPLETE
456,0.31229764223098755,2025-04-02 02:53:09.103119,2025-04-02 02:54:41.578818,0 days 00:01:32.475699,0.8027556196165555,0.22760925263133497,2,0.1045558841198142,0.21226094721036762,0.09482144985126324,0.05117353179217248,0.0046378450244969095,0.06187116721797925,0.002021978984386594,27,98,0.01616087278596827,0.14029190216765441,True,False,True,0.0007327219730874126,COMPLETE
457,0.43239743709564216,2025-04-02 02:54:41.734341,2025-04-02 02:56:17.951765,0 days 00:01:36.217424,0.7764795348279807,0.27180915978956677,2,0.2331407179735729,0.2508560614029265,0.030191775989907604,0.052636782628648154,0.0077687840275979594,0.02961609310812029,0.0003020861375011214,24,93,0.01910502451152996,0.15299954689006914,True,False,False,0.0002452740641325858,COMPLETE
458,0.45115902423858645,2025-04-02 02:56:18.095173,2025-04-02 02:57:58.127455,0 days 00:01:40.032282,0.8379814476812977,0.24867760834686742,2,0.2252324090021274,0.24209862043912173,0.03293455678170005,0.0568764051108815,0.005000428899861015,0.026651513541315498,0.05658057530601465,25,100,0.012745125507758366,0.13273755867198422,True,False,False,0.0004632985808396116,COMPLETE
459,0.44750055074691775,2025-04-02 02:57:58.270644,2025-04-02 02:59:37.108295,0 days 00:01:38.837651,0.8296454778638745,0.34566307484362024,2,0.22845439058478842,0.24182094064989806,0.03278296131243263,0.059270976021194244,0.002868617553780571,0.03177954244901591,0.0746985797490463,25,93,0.02454151415790906,0.14678063154257887,True,False,False,0.000514755961240245,COMPLETE
460,0.435741937160492,2025-04-02 02:59:37.264863,2025-04-02 03:01:16.848051,0 days 00:01:39.583188,0.8349755091390919,0.32641933261928885,2,0.22625645881712197,0.24428780039388973,0.03296549930683637,0.058114057188180836,0.003064055609544005,0.0858922077340616,0.08658725853120972,25,91,0.024702713160363012,0.1458032792025079,True,False,False,0.0005002006183640974,COMPLETE
461,0.44914443492889405,2025-04-02 03:01:16.991763,2025-04-02 03:02:58.337522,0 days 00:01:41.345759,0.8188905862482079,0.33980483159145203,2,0.2273284258481858,0.24011995392692778,0.0314141981041424,0.05873238933275132,0.004575472542039555,0.06831033145404003,0.07162432785897734,25,96,0.02473963798425171,0.13899062747817753,True,False,False,0.0007943087663034259,COMPLETE
462,0.4271964430809021,2025-04-02 03:02:58.482414,2025-04-02 03:04:34.371540,0 days 00:01:35.889126,0.8129617105457742,0.3498361544653989,2,0.23182112025709348,0.23819449344215712,0.03188352644716262,0.05990753526990928,0.00104360815199207,0.07064893659895652,0.07454340838502091,24,93,0.01091506999057921,0.13910963634312143,True,False,False,0.0007338393042546352,COMPLETE
463,0.43839211463928224,2025-04-02 03:04:34.527665,2025-04-02 03:06:13.338536,0 days 00:01:38.810871,0.8254286133524522,0.3579865324210044,2,0.23426009044325682,0.24169170879137944,0.03376166258758549,0.05919883620851651,0.003102271445708419,0.06507906754803378,0.08683446684650532,25,99,0.06060826476765364,0.1509047994674315,True,False,False,0.0008214993237846565,COMPLETE
464,0.2804898262023926,2025-04-02 03:06:13.484026,2025-04-02 03:07:39.864133,0 days 00:01:26.380107,0.7997055270873538,0.3612558327597925,2,0.22719172897679007,0.2444886173069158,0.03132176175365637,0.05718497050409696,0.005144809288414456,0.070583372893003,0.06655467711112735,25,95,0.008370111672215415,0.14227280644066043,True,True,False,0.0006412538750896768,COMPLETE
465,0.41309260129928593,2025-04-02 03:07:40.027064,2025-04-02 03:09:16.516750,0 days 00:01:36.489686,0.8229976017489693,0.34883920200461077,2,0.22568539304514165,0.24801285811294477,0.033093015309358945,0.05887338780805193,0.003442752661437834,0.06839416307335963,1.0472908926106024e-05,24,97,0.012025207962396941,0.13405625174056113,True,False,False,0.0008478389970582068,COMPLETE
466,0.44741162061691286,2025-04-02 03:09:16.664861,2025-04-02 03:10:55.864127,0 days 00:01:39.199266,0.8352969098685582,0.330565659602348,2,0.09552490204946357,0.23578203737704923,0.03080045479495464,0.056908932280054086,0.005525350881113518,0.06458215037681304,0.06918421394786319,25,92,0.025412993248105593,0.13613724675391006,True,False,False,0.0005704206058010341,COMPLETE
467,0.43617805242538454,2025-04-02 03:10:56.011433,2025-04-02 03:11:43.003492,0 days 00:00:46.992059,0.8011866041858118,0.3333243282033484,2,0.2373335357298356,0.2376297340294573,0.030948935841494267,0.0564630583303923,0.0053614993093718515,0.06565767071609482,0.0974564194834529,9,92,0.026618275834052428,0.14680879386440268,True,False,False,0.0005987700339496568,COMPLETE
468,0.4444812417030335,2025-04-02 03:11:43.162944,2025-04-02 03:13:21.187585,0 days 00:01:38.024641,0.8401443862628099,0.33166123255800384,2,0.2225689652206975,0.24740694779103367,0.03455496465990656,0.06028177760192181,0.0010941778448680583,0.0696338557537258,0.07512321465899707,25,90,0.025612581434802273,0.13587978500665734,True,False,False,0.000891868080923553,COMPLETE
469,0.4261203169822693,2025-04-02 03:13:21.335497,2025-04-02 03:14:59.262365,0 days 00:01:37.926868,0.8205829141368334,0.31019577771268103,2,0.09423193770866002,0.2403452835233085,0.03162710773715575,0.05725024011450311,0.0032013445038653245,0.0680401017918691,0.06450226938132762,24,147,0.02420317818379631,0.1421290973767241,True,False,False,0.0009449028348468028,COMPLETE
470,0.4468030452728272,2025-04-02 03:14:59.409544,2025-04-02 03:15:26.327057,0 days 00:00:26.917513,0.8410834251471205,0.3490787073261944,16,0.09454745659780431,0.23212226339176872,0.033523651909758714,0.058835226093893585,0.00582252598954559,0.07336077018353303,0.05880169923424861,23,91,0.025461436763893217,0.13423601662205736,True,False,False,0.0005868463770689919,COMPLETE
471,0.42570517063140867,2025-04-02 03:15:26.486365,2025-04-02 03:16:55.306931,0 days 00:01:28.820566,0.8399927048299842,0.3436615761890152,2,0.08794419531441136,0.23192023864159256,0.033341437929203396,0.059581021338910495,0.006074782067572882,0.07469577889145386,0.06319687579130825,22,91,0.025399530928525788,0.13395289451287198,True,False,False,0.0005055337557577017,COMPLETE
472,0.42566156387329107,2025-04-02 03:16:55.456516,2025-04-02 03:18:31.163904,0 days 00:01:35.707388,0.7922181299342896,0.367942935213082,2,0.10250177426069576,0.22932781439221323,0.030075193488051658,0.0576821352277728,0.009172354269750925,0.07186929536309766,0.08205569872149603,24,89,0.02753401922579693,0.13816968569847712,True,False,False,0.0005881568561944809,COMPLETE
473,0.43979481458663944,2025-04-02 03:18:31.314078,2025-04-02 03:18:58.771584,0 days 00:00:27.457506,0.8392297923553014,0.3399037032671657,16,0.08834071880845189,0.23176211506374741,0.033442589176734296,0.06111924088853291,0.00467815222414724,0.0746967717473594,0.06948986664803251,23,94,0.024441458904637663,0.1584463276711374,True,False,False,0.0007099989884371003,COMPLETE
474,0.43017582893371586,2025-04-02 03:18:58.929154,2025-04-02 03:20:31.901653,0 days 00:01:32.972499,0.8139094921348795,0.34938686753785886,2,0.10877633440659022,0.24057455738840008,0.029859472607299136,0.056999738902161,0.007349469398422931,0.07395355480781525,0.0973641256926756,23,94,0.023044733321839428,0.1435022205318012,True,False,False,0.0005950227143298479,COMPLETE
475,0.40941817760467536,2025-04-02 03:20:32.051929,2025-04-02 03:22:04.007828,0 days 00:01:31.955899,0.8702469604986512,0.32316726699840487,2,0.08162148547266034,0.22655220217514765,0.035164531409316635,0.06009112972865159,0.003160325084715576,0.07252146842830001,0.05384133237084099,23,92,0.02606049877201516,0.12978750333700803,True,False,False,0.0007504249569152857,COMPLETE
476,0.4371106147766114,2025-04-02 03:22:04.171631,2025-04-02 03:23:39.954537,0 days 00:01:35.782906,0.7782985929608429,0.3156641121027166,2,0.09799760148609257,0.2365535157803904,0.03231824092306995,0.05545166939140315,0.005408477406663337,0.07651036068974865,0.05790523029145916,24,89,0.02836068319268777,0.15188474318392275,True,False,False,0.0006027606039525668,COMPLETE
477,0.31159197688102724,2025-04-02 03:23:40.104923,2025-04-02 03:24:54.424215,0 days 00:01:14.319292,0.8507753454139722,0.3733560526881293,2,0.1777172991549213,0.250330341034553,0.03107401664249283,0.059018321343062355,0.008826353066471344,0.0684971018508253,0.058491241221374786,21,96,0.024845053718877148,0.13365936563068478,True,False,True,0.000581402388185249,COMPLETE
478,0.4362341523170471,2025-04-02 03:24:54.579257,2025-04-02 03:26:23.625577,0 days 00:01:29.046320,0.820360303267302,0.3142556535760219,2,0.09422182824585223,0.23157659877529682,0.029040684458721194,0.05651423057658315,0.026893092727116975,0.07677710912892477,0.07637743077615507,22,93,0.023320254478091853,0.13779656399537293,True,False,False,0.000440280028249409,COMPLETE
479,0.4418382287025452,2025-04-02 03:26:23.785847,2025-04-02 03:27:56.960300,0 days 00:01:33.174453,0.871381543640019,0.33451283215224437,2,0.054197428035790154,0.2424972943272409,0.03276082192824192,0.05844928762762974,0.0027183087515295556,0.07263446223234946,0.053152200568453954,23,87,0.029117220577868305,0.1292279692819602,True,False,False,0.0004908999913153792,COMPLETE
480,0.44008352756500246,2025-04-02 03:27:57.114369,2025-04-02 03:29:32.964461,0 days 00:01:35.850092,0.83721034030405,0.3582475916741829,2,0.08858572244226141,0.23554718500839653,0.03493632676526323,0.05496545711391457,0.006274952754147108,0.07144346085690517,0.07375073625983423,24,96,0.02676853403428259,0.14482489119157477,True,False,False,0.0007424569055022161,COMPLETE
481,0.4311346411705017,2025-04-02 03:29:33.116124,2025-04-02 03:29:59.828323,0 days 00:00:26.712199,0.8105996081538923,0.09925080951034781,16,0.06858909847869527,0.22286610058176426,0.028465872064233587,0.014660501689277865,0.004421246710952131,0.07138475122636868,0.06280002827736066,23,90,0.02133923960805371,0.12494158329337039,True,False,False,0.0009133614154944322,COMPLETE
482,0.4321076989173889,2025-04-02 03:29:59.987781,2025-04-02 03:31:35.960775,0 days 00:01:35.972994,0.7908060072723905,0.31036248173438086,2,0.1511164913309191,0.2252554842304558,0.031122542866216005,0.061645467716253274,0.0073690201223422305,0.032056200775224114,0.08817215693947326,24,100,0.02275107887405349,0.130820870939486,True,False,False,0.0004940865440065796,COMPLETE
483,0.28226029872894287,2025-04-02 03:31:36.112770,2025-04-02 03:32:59.759204,0 days 00:01:23.646434,0.8515440745138122,0.3437470746235615,2,0.11250069000689164,0.24541960581242173,0.03430613294216103,0.056379312219222724,0.09888745853922574,0.06775629685274857,0.06270199495711531,25,26,0.02957121289371553,0.14108694937701968,True,True,False,0.000399507915119777,COMPLETE
484,0.423123049736023,2025-04-02 03:32:59.924155,2025-04-02 03:34:37.816851,0 days 00:01:37.892696,0.8891825159097897,0.27872533931674004,2,0.08241993273725041,0.23333129842392508,0.029072295403494368,0.054399856307061546,0.001051126084710554,0.06176158814786288,0.048399198607348336,24,95,0.010366532735984722,0.13392375543974874,True,False,False,0.0005070611048545995,COMPLETE
485,0.42484846115112307,2025-04-02 03:34:37.968673,2025-04-02 03:36:16.804678,0 days 00:01:38.836005,0.8419894456137659,0.3013407910721404,2,0.22881459647282865,0.226663825896158,0.032434908216540985,0.05812821892200751,0.002647586449268591,0.07012322715015747,0.07667524633410655,25,8,0.025078487521758,0.14921275401867126,True,False,False,0.0006894582370348634,COMPLETE
486,0.4440536975860596,2025-04-02 03:36:16.957870,2025-04-02 03:37:56.585184,0 days 00:01:39.627314,0.8166448746020616,0.3211337283927716,2,0.2350827259305917,0.2419596702402878,0.03071097013374503,0.05611280188482654,0.010384628527700987,0.05581990212914849,0.05268155422361939,25,97,0.01325034951806631,0.12311177770793673,True,False,False,0.00039836239001346925,COMPLETE
487,0.4408702969551087,2025-04-02 03:37:56.750898,2025-04-02 03:39:29.787529,0 days 00:01:33.036631,0.8706314605080095,0.3798605138080646,2,0.22170912272621446,0.21977893035095403,0.0357471766109816,0.05427654045917903,0.004656973930947535,0.06694124058325988,0.04684556369807092,23,92,0.021288643485725504,0.12869337566191585,True,False,False,0.0005807050793195782,COMPLETE
488,0.4346822738647461,2025-04-02 03:39:29.941358,2025-04-02 03:40:59.384764,0 days 00:01:29.443406,0.7694757138084188,0.07990013289642262,2,0.06722356269482947,0.2502258909697487,0.033779417514088805,0.05962074557806599,0.029189301090077537,0.0649388458107749,0.05725116219471834,22,104,0.027962282872470868,0.13616317406995984,True,False,False,0.00034862051128787825,COMPLETE
489,0.4241816639900208,2025-04-02 03:40:59.539845,2025-04-02 03:41:28.430351,0 days 00:00:28.890506,0.8282613736063846,0.2652922186470668,16,0.09550541198637594,0.23518123130152804,0.028702840655448945,0.053916514866612204,0.0062831596324112,0.06895210249006724,0.07409380988362549,25,100,0.005966594010008926,0.14007953965863876,True,False,False,0.0004476772332538359,COMPLETE
490,0.43807113170623785,2025-04-02 03:41:28.594444,2025-04-02 03:43:04.368660,0 days 00:01:35.774216,0.7982439689646397,0.2848676375559146,2,0.21867381807678146,0.22682541186321722,0.03126514143594189,0.05791839871728459,0.0085391318220956,0.06462636529140632,0.04314612848677841,24,107,0.023025091249653053,0.15266761198632667,True,False,False,3.000910970354896e-07,COMPLETE
491,0.4132628202438354,2025-04-02 03:43:04.523410,2025-04-02 03:43:38.374956,0 days 00:00:33.851546,0.8584711449824631,0.31036255690615466,2,0.2272710595598665,0.23966080556136996,0.035694324557116464,0.06186049691887438,0.01613280197941901,0.031246126477185304,0.062413645780925696,5,94,0.020736593010677228,0.12265023381461937,True,False,False,1.497897963221091e-08,COMPLETE
492,0.39844750165939335,2025-04-02 03:43:38.545245,2025-04-02 03:45:20.716098,0 days 00:01:42.170853,0.9063782877838615,0.029504450441271257,2,0.10173154907739525,0.10693014043458604,0.028022271169549827,0.05602690794193494,0.0027986783508503967,0.08142206373361673,0.08959644042096679,26,97,0.026793633489633564,0.12843511538612437,True,False,False,0.0007248689165332582,COMPLETE
493,0.44563305377960205,2025-04-02 03:45:20.870166,2025-04-02 03:46:59.972421,0 days 00:01:39.102255,0.8770310778773883,0.33657730705966715,2,0.16662239755717764,0.22040078178624725,0.0327056922665637,0.07282964967104054,0.004733353100494902,0.05301402282436832,0.00675530293080544,25,87,0.029970444673988874,0.14614284130785676,True,False,False,0.0009766337766238674,COMPLETE
494,0.4416200160980225,2025-04-02 03:47:00.127974,2025-04-02 03:48:43.250808,0 days 00:01:43.122834,0.8320668035499184,0.05545028074309838,2,0.02583539584216399,0.23223391299440646,0.029833860775377596,0.05312986760378284,0.006982210273317527,0.0775321722758629,0.05262983397000314,26,91,0.023154343769395756,0.08709239393736912,True,False,False,0.0005523371294491793,COMPLETE
495,0.44332996606826786,2025-04-02 03:48:43.417477,2025-04-02 03:50:23.266035,0 days 00:01:39.848558,0.7817769416768419,0.2505083809120111,2,0.21860379685827933,0.24781897917261264,0.03418752658222345,0.05693681547285493,0.0034791275918642493,0.07421808043667849,0.06681250905334668,25,101,0.025774612074182156,0.13603181247285304,True,False,False,0.000363829063469313,COMPLETE
496,0.3115930199623108,2025-04-02 03:50:23.422961,2025-04-02 03:51:46.159742,0 days 00:01:22.736781,0.8084905546048088,0.27471579671941726,2,0.11186137197904736,0.2176704067066163,0.030987360228403715,0.059733502114308286,0.0011709371314364797,0.0791351223913461,0.04521352067099139,24,99,0.014766198718414739,0.11906877218022438,True,False,True,0.00043860509482435085,COMPLETE
497,0.42069100141525273,2025-04-02 03:51:46.315888,2025-04-02 03:52:16.116262,0 days 00:00:29.800374,0.8509317743843328,0.35761300864735346,16,0.23444692363883712,0.20920009223444905,0.027271754829405265,0.05331386374195076,0.009228850641919466,0.06604940320693607,0.05532371691267266,27,94,0.024238804851746752,0.15861592199600782,True,False,False,9.180884813028405e-06,COMPLETE
498,0.43507156372070316,2025-04-02 03:52:16.281876,2025-04-02 03:53:59.628966,0 days 00:01:43.347090,0.8320283591425518,0.2977372411153055,2,0.07425436546103271,0.22684243955002065,0.032847695576035806,0.0552969806014924,0.021428932872063045,0.0603780717890305,0.09900238163152544,26,104,0.020209467742667894,0.12796546928349808,True,False,False,0.0003304945501572986,COMPLETE
499,0.4239919424057007,2025-04-02 03:53:59.788100,2025-04-02 03:55:36.408608,0 days 00:01:36.620508,0.8963158578832705,0.25767349948029206,2,0.10529273274490092,0.23997932876286399,0.03623949779738221,0.05241254252964311,0.0050776121105249004,0.0634528590980396,0.04489726303465545,24,97,0.009583755430248742,0.13368259811301725,True,False,False,0.0005339708341624677,COMPLETE
500,0.4479519128799439,2025-04-02 03:55:36.578362,2025-04-02 03:57:15.376495,0 days 00:01:38.798133,0.8083858123308898,0.3221951197948589,2,0.22661780872601106,0.25200119303485685,0.029558560195888067,0.058066009981165866,0.007083897646923852,0.029772232172943645,0.07506743973916395,25,90,0.012318655669021489,0.1427649569285753,True,False,False,0.0006126355665206695,COMPLETE
501,0.4471621155738831,2025-04-02 03:57:15.534856,2025-04-02 03:58:55.655642,0 days 00:01:40.120786,0.7539672810839506,0.3275140041900414,2,0.22825724921529247,0.2507297195218836,0.02879262639079507,0.059175943580052875,0.010682092178968533,0.029753377678019825,0.06970061071918146,25,89,0.013050168182242968,0.1437187098957789,True,False,False,0.0007536798157473627,COMPLETE
502,0.4459778428077698,2025-04-02 03:58:55.813262,2025-04-02 04:00:36.509013,0 days 00:01:40.695751,0.7730378272206149,0.3417411935577942,2,0.2274674149806907,0.2528587946514422,0.027280489987230233,0.061471679869590234,0.014592814877642774,0.029687622643927436,0.0746920255109509,25,86,0.013059629349302875,0.14442458753508228,True,False,False,0.0007804003309367088,COMPLETE
503,0.2804898262023926,2025-04-02 04:00:36.678829,2025-04-02 04:02:02.787478,0 days 00:01:26.108649,0.7448163460321132,0.3251986851781192,2,0.2325493817534816,0.25306628279166243,0.025279594539374804,0.06317432976832686,0.011032213161629865,0.05823392191558955,0.08350356704937749,25,89,0.012577942100428003,0.14980539907612986,True,True,False,0.0009234823343282551,COMPLETE
504,0.423123049736023,2025-04-02 04:02:02.946543,2025-04-02 04:03:42.489270,0 days 00:01:39.542727,0.748995503521994,0.3779379153644612,2,0.22435730325945896,0.24558112751878766,0.029020685831881426,0.06001679445327852,0.009504197871135756,0.02998853772766356,0.0713584228880948,25,87,0.0097831151418211,0.1411822204044734,True,False,False,0.0007007135941790044,COMPLETE
505,0.43084597587585455,2025-04-02 04:03:42.659173,2025-04-02 04:05:19.472539,0 days 00:01:36.813366,0.7559655903841501,0.35655856782392753,2,0.23557401359234764,0.25476152975454225,0.029429696572428474,0.05856521114754125,0.012444274170032184,0.028176593781115526,0.06562740608803454,24,91,0.011373368689527517,0.15573816990855666,True,False,False,0.0009737985497699531,COMPLETE
506,0.4451499462127686,2025-04-02 04:05:19.632135,2025-04-02 04:07:02.067380,0 days 00:01:42.435245,0.7822207911826515,0.3381260099875485,2,0.2164309470231662,0.24896859499713625,0.0257187500464526,0.05898228557432085,0.007921500802932146,0.031095091176345055,0.0894169931580567,26,90,0.01146606608540347,0.13979550056440146,True,False,False,0.0006346733255117777,COMPLETE
507,0.455133605003357,2025-04-02 04:07:02.225479,2025-04-02 04:08:42.268167,0 days 00:01:40.042688,0.8010161308342035,0.3136117312299578,2,0.22975696460216172,0.2446883827475939,0.02862471972708084,0.060438995963913014,0.010795771949202532,0.02804125001792802,0.07757834049986194,25,92,0.014125513530564099,0.1452026860724292,True,False,False,0.0006329572501539629,COMPLETE
508,0.4487711548805237,2025-04-02 04:08:42.437518,2025-04-02 04:10:21.179169,0 days 00:01:38.741651,0.8054832352253846,0.3285446200925128,2,0.2295892189367286,0.24331126312719226,0.027773972423519835,0.06473630340982148,0.013745906082926203,0.02727778039833748,0.08222280211446785,25,88,0.014554594654765319,0.14776807421222662,True,False,False,0.0007525953791122843,COMPLETE
509,0.4416570782661438,2025-04-02 04:10:21.339473,2025-04-02 04:12:00.702582,0 days 00:01:39.363109,0.8017444857193098,0.3579339894618989,2,0.23991161444140605,0.24528677878236899,0.027146739863396482,0.05976270798620111,0.014290358808025922,0.02749828530013799,0.08178969101731752,25,86,0.013957448340293959,0.14819499179073223,True,False,False,0.0007922367510951794,COMPLETE
510,0.4380964279174805,2025-04-02 04:12:00.875593,2025-04-02 04:13:36.853386,0 days 00:01:35.977793,0.7658257298353449,0.32033169078731655,2,0.23132314699404113,0.2529107552543016,0.02459395628407965,0.06764537840997295,0.011406395919890767,0.02854734702474359,0.08752463194735152,24,88,0.014698739010549473,0.1604552910980305,True,False,False,0.0006161945665781501,COMPLETE
