number,value,datetime_start,datetime_complete,duration,params_alpha-eval,params_alpha-train,params_batch-size,params_eps-eval,params_eps-train,params_lambda-actions-eval,params_lambda-actions-train,params_lambda-frames-eval,params_lambda-frames-train,params_learning-rate,params_n-epochs,params_n-frames,params_radius-gw,params_rho,params_std-feats,params_ub-actions,params_ub-frames,params_weight-decay,state
568,0.43782585859298706,2025-04-02 05:45:33.814136,2025-04-02 05:47:19.628571,0 days 00:01:45.814435,0.8288913232617794,0.3014831925270327,2,0.21774175812851632,0.22990113794981257,0.011479181340246447,0.0655125091946328,0.010380756846391961,0.04790594153260001,0.05211823378610672,27,81,0.013962715294175167,0.14826612657233196,True,False,False,0.0004369598000511476,COMPLETE
569,0.452759063243866,2025-04-02 05:47:19.822763,2025-04-02 05:48:59.140460,0 days 00:01:39.317697,0.8117827885148078,0.32258157337593035,2,0.22488430722386832,0.21977386211378663,0.012782065777689413,0.06308350739895717,0.008390580943172347,0.028612078339934535,0.06334385484467596,25,85,0.015814658959733174,0.1533331201888868,True,False,False,0.00034209206241115866,COMPLETE
570,0.44312090873718263,2025-04-02 05:48:59.318408,2025-04-02 05:50:37.785636,0 days 00:01:38.467228,0.8065963963242825,0.3450094775841421,2,0.22512839747665966,0.21865878477946923,0.005058988978350007,0.06301520143009273,0.012183689539073126,0.029123157221006946,0.06275780778170857,25,75,0.016124396818221042,0.1589812100621248,True,False,False,0.00033354579320551796,COMPLETE
571,0.44234746694564825,2025-04-02 05:50:37.963616,2025-04-02 05:52:17.481453,0 days 00:01:39.517837,0.8137054556379307,0.32793950864272337,2,0.23111119389114085,0.2235106804721791,0.013323462441752663,0.06660162709062861,0.008289129072130431,0.03150236879010131,0.0783826082992896,25,74,0.01546520177821565,0.1519231746449822,True,False,False,0.00037284003390286396,COMPLETE
572,0.44444088935852055,2025-04-02 05:52:17.669919,2025-04-02 05:53:56.332512,0 days 00:01:38.662593,0.8034082985225806,0.35889118436004747,2,0.22154544693760855,0.21844587109821265,0.006672512284259635,0.06394430459692772,0.009487165275779492,0.02817293769786483,0.06471796238282701,25,71,0.01666855726488322,0.14412940104217656,True,False,False,0.0003052712519470068,COMPLETE
573,0.42437068223953245,2025-04-02 05:53:56.510851,2025-04-02 05:55:36.673540,0 days 00:01:40.162689,0.82582529811822,0.319264904123478,2,0.21575970438243536,0.23356792806505694,0.008259586086948368,0.06947535333886265,0.006656945298885129,0.030265381419366116,0.08158616742034028,25,68,0.013317339023057163,0.1384966868754302,True,False,False,0.00048288319707381476,COMPLETE
574,0.423123049736023,2025-04-02 05:55:36.865621,2025-04-02 05:57:19.473194,0 days 00:01:42.607573,0.790382648422265,0.3394461644240143,2,0.22715288536738334,0.22849700341506834,0.026296292432801207,0.06211610704451541,0.01548300236517749,0.055199501936753964,0.057812918306179295,26,84,0.011204115887603618,0.15463574670139507,True,False,False,0.0006075684815907724,COMPLETE
575,0.4328920245170593,2025-04-02 05:57:19.656012,2025-04-02 05:59:02.083959,0 days 00:01:42.427947,0.8347854517861322,0.3152883775288417,2,0.23309730925453465,0.240535303593688,0.008285054585135818,0.06516399445248697,0.011321406203688442,0.027636841135855714,0.07114543870021459,26,82,0.018555819871953906,0.14941653450428094,True,False,False,7.981658469296776e-08,COMPLETE
576,0.310327410697937,2025-04-02 05:59:02.277854,2025-04-02 06:00:29.392210,0 days 00:01:27.114356,0.7960651375058451,0.3633307595829869,2,0.2125903709597175,0.22504196780167404,0.01227759579096349,0.061172452878223836,0.008258046300190485,0.03464342263236624,0.09995439744357279,25,87,0.010022059844194062,0.16434298532604527,True,False,True,0.0004328837352094099,COMPLETE
577,0.44634507894515996,2025-04-02 06:00:29.575776,2025-04-02 06:02:11.563959,0 days 00:01:41.988183,0.8183449257835709,0.270680049056732,2,0.2211735626417498,0.2172372262547192,0.01921873507771367,0.06657379547429779,0.0062087931261339555,0.03204914897845407,0.0813056755194027,26,84,0.01419811621503528,0.1439740359307588,True,False,False,0.00029743311242036446,COMPLETE
578,0.450011157989502,2025-04-02 06:02:11.755596,2025-04-02 06:03:49.958613,0 days 00:01:38.203017,0.8424889971728686,0.2965541823216052,2,0.2350682698108619,0.15687662702893368,0.014138568885619816,0.0628936558115842,0.009731561720699484,0.02713887389052481,0.04880929577364245,25,79,0.016765214341712187,0.13369285595732905,True,False,False,0.0007392220549910919,COMPLETE
579,0.4509397268295289,2025-04-02 06:03:50.141654,2025-04-02 06:05:28.798364,0 days 00:01:38.656710,0.8502450797937913,0.28162799150484474,2,0.23946892572699768,0.10345995981804743,0.013428054286226678,0.0631687828814869,0.012430436221131479,0.026788846998627342,0.04804483546318885,25,78,0.01617251394686658,0.1339902532013918,True,False,False,0.0007488265122628081,COMPLETE
580,0.448155152797699,2025-04-02 06:05:28.995769,2025-04-02 06:07:08.414666,0 days 00:01:39.418897,0.8740170452681876,0.27559681658238666,2,0.23432321323259778,0.09042035838410856,0.016024697562028976,0.06366581107237358,0.012708941662435972,0.027115005936575225,0.04257452524881372,25,76,0.01695379157255091,0.13118356900004058,True,False,False,0.0009913674139447372,COMPLETE
581,0.45127903223037724,2025-04-02 06:07:08.596763,2025-04-02 06:08:47.524593,0 days 00:01:38.927830,0.8647604673131598,0.2717534939557531,2,0.23810036812033747,0.09187190974902519,0.016099535915519207,0.06398853109185756,0.013557030422198996,0.026370608963058494,0.045600751009829056,25,77,0.01707360569916704,0.13278022180017793,True,False,False,0.0009360063682271305,COMPLETE
582,0.44225285053253177,2025-04-02 06:08:47.721307,2025-04-02 06:10:27.467133,0 days 00:01:39.745826,0.8801927046348219,0.2750687580659767,2,0.23826907174762504,0.09804830418546347,0.016545863700463445,0.06411094448365055,0.01266043508082904,0.026281289563440856,0.04432910677172121,25,76,0.016741895597524585,0.1304227709260085,True,False,False,0.0009075990857115139,COMPLETE
583,0.4368789672851563,2025-04-02 06:10:27.649151,2025-04-02 06:12:09.432364,0 days 00:01:41.783213,0.8677264621521917,0.26419320798269447,2,0.2399206068126777,0.0846120747512129,0.013706948476277844,0.06488952542175172,0.01650803801928732,0.026589392884703307,0.04284001946793468,26,70,0.06629538765633389,0.12520161188367812,True,False,False,0.0009979419064153627,COMPLETE
584,0.2804898262023926,2025-04-02 06:12:09.613435,2025-04-02 06:13:20.889843,0 days 00:01:11.276408,0.8793528527922514,0.26094295017775876,2,0.2462691063563469,0.08104496914678799,0.015136687511556373,0.06305980577454054,0.015111498099486345,0.025194813677461035,0.04954293852432444,20,77,0.017080549799448903,0.1326617697218513,True,True,False,0.0009821104862683127,COMPLETE
585,0.4513070344924927,2025-04-02 06:13:21.084081,2025-04-02 06:15:00.207181,0 days 00:01:39.123100,0.8511990750997995,0.2767632280119053,2,0.2344128362981445,0.10055406353348575,0.010131444361467873,0.06359519955953388,0.013907916801676454,0.026953061387161158,0.043706787486350006,25,76,0.015972465163352323,0.12496140587526049,True,False,False,0.0007744753267128013,COMPLETE
586,0.4502094984054566,2025-04-02 06:15:00.394409,2025-04-02 06:16:39.160370,0 days 00:01:38.765961,0.849508728626626,0.2796301126535172,2,0.23856825154228692,0.09850593381651795,0.01449463861989097,0.06423523501830444,0.01743644388490106,0.02576712487771351,0.04761450251633655,25,73,0.015468564148801099,0.12695387220513873,True,False,False,0.0007810517371494696,COMPLETE
587,0.45089665651321414,2025-04-02 06:16:39.355332,2025-04-02 06:18:18.765184,0 days 00:01:39.409852,0.8706396008672762,0.2818761485696089,2,0.2433122532545206,0.09436426264048647,0.010245523526754851,0.06810628198484894,0.017304743357233972,0.02488736105404726,0.044708025761466715,25,75,0.016411312688546228,0.12499080581752471,True,False,False,0.0008002400840184965,COMPLETE
588,0.4454384922981262,2025-04-02 06:18:18.951138,2025-04-02 06:19:58.213810,0 days 00:01:39.262672,0.8892781656129672,0.2813850857264722,2,0.24525700972289527,0.10146472448688887,0.010780121124657881,0.06784316545322411,0.019711698144522588,0.024045342920545006,0.04772542076995189,25,75,0.015711738786720827,0.12290861321626974,True,False,False,0.0008004683625596463,COMPLETE
589,0.4464785218238831,2025-04-02 06:19:58.411104,2025-04-02 06:21:37.435583,0 days 00:01:39.024479,0.869031252457347,0.28076321944029264,2,0.24233870825965703,0.09245551768592201,0.00999304355482024,0.07163105162654475,0.01786498999589848,0.02515001251382602,0.04319178421040138,25,72,0.014861403073487973,0.1273596021009529,True,False,False,0.0009758986009932147,COMPLETE
590,0.44736927747726446,2025-04-02 06:21:37.621313,2025-04-02 06:23:14.373633,0 days 00:01:36.752320,0.878493937294718,0.283424786837926,2,0.2416661278459409,0.09110030287115367,0.013485940077149573,0.06847827268491298,0.018693268487985706,0.026371914459507855,0.05214928792941667,24,73,0.015457179518765334,0.12001845238946626,True,False,False,0.0008024325238333783,COMPLETE
591,0.4484570503234863,2025-04-02 06:23:14.569876,2025-04-02 06:24:53.338261,0 days 00:01:38.768385,0.8571392395762929,0.25589401962490815,2,0.23431706341861822,0.07030593623415224,0.012638687247545358,0.06666341744267122,0.0156379580836293,0.02695869675213278,0.04288903957034332,25,78,0.013575256209866679,0.1262811537176969,True,False,False,0.0008314282313300486,COMPLETE
592,0.4365926027297974,2025-04-02 06:24:53.524341,2025-04-02 06:26:31.779210,0 days 00:01:38.254869,0.8618813356147377,0.24793737047621742,2,0.23703767136225942,0.06638391061181492,0.012298644198038926,0.06535514947427062,0.013753085147464133,0.02695200134544942,0.046850146300738936,25,78,0.01328113063367935,0.12240265385969354,True,False,False,0.0007684242708707972,COMPLETE
593,0.423123049736023,2025-04-02 06:26:31.978599,2025-04-02 06:28:10.851272,0 days 00:01:38.872673,0.8784522517862542,0.25182225877348025,2,0.24622683479490556,0.10338163996912714,0.01406339146806115,0.06854269356137536,0.016668082542063947,0.024709078260875803,0.04360845052469372,25,69,0.014081159405098118,0.12472227285262086,True,False,False,0.0009698198521888595,COMPLETE
594,0.4376153707504272,2025-04-02 06:28:11.036883,2025-04-02 06:29:50.424312,0 days 00:01:39.387429,0.8536137871329391,0.2660968555329065,2,0.23766494994680035,0.1139232738807393,0.011418816266431273,0.0666800137987152,0.015580493456013462,0.027450397537251817,0.03956221189672711,25,78,0.016632461815604797,0.13056889459766693,True,False,False,0.0007558108113192787,COMPLETE
595,0.38911137580871585,2025-04-02 06:29:50.623586,2025-04-02 06:31:29.799164,0 days 00:01:39.175578,0.8565161311106773,0.2383589692563804,2,0.23673442174076567,0.07799669728861788,0.009572013926884667,0.07006837198879073,0.017544760277652276,0.024612844836115606,0.05380186605399189,25,73,0.012328206159525006,0.11792606056263873,True,False,False,0.0009796232340960923,COMPLETE
596,0.4356083750724793,2025-04-02 06:31:29.987235,2025-04-02 06:33:06.386025,0 days 00:01:36.398790,0.8867758342976005,0.2826861450484781,2,0.23399651090685764,0.07358130005029692,0.015234971176410504,0.06440544582196765,0.014715026546633585,0.022068983272008826,0.05339812495584941,24,76,0.015136395496194818,0.12727411260567095,True,False,False,0.0007212295489895634,COMPLETE
597,0.423123049736023,2025-04-02 06:33:06.587034,2025-04-02 06:34:49.593542,0 days 00:01:43.006508,0.8686429371922467,0.27216080991117897,2,0.24390161555446885,0.09184290026549415,0.012330518300187379,0.06586384172956243,0.01457785446259379,0.027257042324255326,0.04237714708964103,26,79,0.011504810126556691,0.12017776499336989,True,False,False,0.0007340480522424738,COMPLETE
598,0.3044762492179871,2025-04-02 06:34:49.782030,2025-04-02 06:36:14.891001,0 days 00:01:25.108971,0.8523345822566807,0.22761947446096928,2,0.23572035305053493,0.09515692486562621,0.008886716501367431,0.06328295077981361,0.016028649247108992,0.023809663226020544,0.0520197456439576,25,75,0.01726487269505947,0.13086349263729505,True,False,True,0.0006517063742261103,COMPLETE
599,0.43025803565979004,2025-04-02 06:36:15.078201,2025-04-02 06:37:56.899534,0 days 00:01:41.821333,0.8923852015868491,0.2980611358469715,2,0.23253934842449464,0.11527509039308861,0.014270404252265504,0.06761434020763951,0.013531572280267773,0.026103617869971917,0.0002005402154882537,26,72,0.01386070838582565,0.12419711445672094,True,False,False,0.0008057649946296082,COMPLETE
600,0.4422426819801331,2025-04-02 06:37:57.100094,2025-04-02 06:39:34.262707,0 days 00:01:37.162613,0.8443926249561917,0.25617697164364434,2,0.2477062656733593,0.10335587430311795,0.01645322927392481,0.06372615409626312,0.02014202983659386,0.028191059344525943,0.04081219699169519,24,79,0.016433178774614532,0.133547042819674,True,False,False,0.0006653120118841973,COMPLETE
601,0.4257830381393433,2025-04-02 06:39:34.451674,2025-04-02 06:41:13.060236,0 days 00:01:38.608562,0.8660962638229548,0.29058936504633015,2,0.24040644252117438,0.09163544188066582,0.013100470772063845,0.06591693628531242,0.01419515948085466,0.02582440880917695,0.05043285830075547,25,67,0.009916759974529517,0.12842818357183466,True,False,False,0.0009920235084922848,COMPLETE
602,0.4488283514976502,2025-04-02 06:41:13.260311,2025-04-02 06:42:51.960072,0 days 00:01:38.699761,0.8468122638408355,0.2700860399615837,2,0.2372863560465357,0.1004377214479507,0.009567266330752135,0.06827505057940969,0.013069769866621941,0.02924617069946753,0.056513259798113634,25,74,0.01867790055058737,0.13730387631415827,True,False,False,0.0007557889860092752,COMPLETE
603,0.4317171573638916,2025-04-02 06:42:52.150066,2025-04-02 06:44:27.543493,0 days 00:01:35.393427,0.8692716556573511,0.2509183868305535,2,0.24103044456265205,0.10517270101880533,0.007385995751780446,0.07246049183604486,0.01639761027531174,0.028239593735606302,0.056266823125646064,24,73,0.018955703641076044,0.13805637840385418,True,False,False,0.0008026495930853607,COMPLETE
604,0.2804898262023926,2025-04-02 06:44:27.743493,2025-04-02 06:45:54.619378,0 days 00:01:26.875885,0.8477067610313016,0.23497782784502624,2,0.2346418313073811,0.08790015114191777,0.004128313463477941,0.07063309072019273,0.01525445732278059,0.0845953007497472,0.05872635562002593,26,77,0.0183889768735773,0.13658722917896865,True,True,False,0.0006675047195735172,COMPLETE
605,0.4509965062141419,2025-04-02 06:45:54.809159,2025-04-02 06:47:33.068185,0 days 00:01:38.259026,0.8891277663876064,0.2714171060823357,2,0.24751413132137887,0.09463651533082923,0.010814861357980536,0.06736276944526573,0.018465317485892956,0.029229828341852063,0.03977968503194671,25,73,0.015569091303811544,0.1313176428358969,True,False,False,0.0009954407029299272,COMPLETE
606,0.44395347833633425,2025-04-02 06:47:33.271014,2025-04-02 06:49:16.101906,0 days 00:01:42.830892,0.9045322356107761,0.2668243256942578,2,0.2485220883966326,0.09779637781065455,0.010300054967493918,0.06946397991029306,0.019029921832789308,0.028776456761819714,0.04648081731133116,26,70,0.016899498567845093,0.13142169465084486,True,False,False,0.000975695661422738,COMPLETE
607,0.4504684329032898,2025-04-02 06:49:16.294310,2025-04-02 06:50:54.995756,0 days 00:01:38.701446,0.8880324233089039,0.21969453800107736,2,0.24751710941706037,0.11109977558736703,0.010197524370854333,0.0683295657943229,0.018700735776438382,0.024118287993532064,0.03738948074557039,25,74,0.018532474577211102,0.12573891580654178,True,False,False,0.0007831639767587964,COMPLETE
608,0.44479385614395145,2025-04-02 06:50:55.198147,2025-04-02 06:52:33.187130,0 days 00:01:37.988983,0.8953593313850975,0.21283188880881337,2,0.24835456201790312,0.10784142647147545,0.009797192631223212,0.06947008201217601,0.01888473352589937,0.022000821451406506,0.04293200739812167,25,64,0.018748440486800796,0.1280823346448277,True,False,False,0.0009970922236510213,COMPLETE
609,0.43763647079467777,2025-04-02 06:52:33.377114,2025-04-02 06:54:10.083134,0 days 00:01:36.706020,0.8702228721209299,0.22009357086461673,2,0.24375033982847907,0.09995342976532859,0.011787214833363863,0.06836529275126342,0.01839013359949035,0.023802750616755873,0.03856189054721211,24,74,0.018778489620555207,0.1350378413848832,True,False,False,0.0007595036805000463,COMPLETE
610,0.4147298693656921,2025-04-02 06:54:10.285098,2025-04-02 06:55:49.578942,0 days 00:01:39.293844,0.8894312624992569,0.2712777351174411,2,0.24569439022537107,0.11414774695240455,0.013711313267679093,0.07281192912642948,0.020897338345090426,0.024153096189767964,6.233379909360524e-05,25,71,0.015688110488080685,0.12524322482741687,True,False,False,0.0008038662798879609,COMPLETE
611,0.44667515754699705,2025-04-02 06:55:49.777605,2025-04-02 06:57:29.411936,0 days 00:01:39.634331,0.8489811515780672,0.2047364279720518,2,0.24874195843135508,0.09645494245126555,0.0069183286447445655,0.06736045881462745,0.01544496057461827,0.02893398597308675,0.03919020543373252,25,76,0.017657590744291476,0.13704094679839254,True,False,False,0.0009965703752667678,COMPLETE
612,0.42381113767623907,2025-04-02 06:57:29.617307,2025-04-02 06:59:13.298424,0 days 00:01:43.681117,0.8767766520677127,0.23374107257606422,2,0.23930412054324726,0.10812106468390639,0.016634798711231857,0.0667512965106973,0.01762486586481309,0.021442430828817638,0.04976509358705851,26,66,0.015095950782590963,0.13146396672766902,True,False,False,0.0008074271581613344,COMPLETE
613,0.44580916166305545,2025-04-02 06:59:13.491921,2025-04-02 07:00:51.852922,0 days 00:01:38.361001,0.9080408219955747,0.19605190303741563,2,0.24110113488115612,0.12389864272533566,0.010374098397907105,0.0751939499092632,0.022906415706814235,0.02488038961218311,0.03769097305155279,25,74,0.019473196164458875,0.12523038297117603,True,False,False,0.0006946160364606974,COMPLETE
614,0.44154052734375004,2025-04-02 07:00:52.056761,2025-04-02 07:02:28.373678,0 days 00:01:36.316917,0.8521471625822103,0.2568525360844409,2,0.23547948813182407,0.08856226214736443,0.01460253549531122,0.0684655772145342,0.012924351209703496,0.027137982256517094,0.057523755007974124,24,79,0.014606052276126377,0.1385421825474817,True,False,False,0.0007853932413708471,COMPLETE
615,0.44892297983169555,2025-04-02 07:02:28.565480,2025-04-02 07:04:10.293087,0 days 00:01:41.727607,0.8777771977739989,0.28230237629645405,2,0.24704357587893433,0.10320196455848549,0.00902680845153508,0.07082109618663927,0.017266175585660532,0.022308994284274755,0.04570926874694901,26,69,0.017237814677045864,0.13245687593437555,True,False,False,0.0006292249846805677,COMPLETE
616,0.4493166565895081,2025-04-02 07:04:10.503133,2025-04-02 07:05:52.104097,0 days 00:01:41.600964,0.8503722253479136,0.2854945206814091,2,0.24492193327200143,0.1034294640196307,0.008964948073654815,0.07045298847589565,0.018410635944753083,0.02213907166985346,0.05998856866543657,26,70,0.018060281247318868,0.1381029762105567,True,False,False,0.0006055127514573114,COMPLETE
617,0.4407204508781434,2025-04-02 07:05:52.295040,2025-04-02 07:07:34.959630,0 days 00:01:42.664590,0.8387233422334296,0.2906982093719017,2,0.2484684609170173,0.1006173828753644,0.005599242532584857,0.07187552347269341,0.020900856231173052,0.022679310476647084,0.05879552982313711,26,68,0.019330208955788734,0.1389751868644198,True,False,False,0.0006338779903907941,COMPLETE
618,0.30405278205871583,2025-04-02 07:07:35.162003,2025-04-02 07:09:03.766650,0 days 00:01:28.604647,0.8809445701935698,0.29413726458330597,2,0.24958990413705162,0.1031342608732721,0.007505348557082743,0.0707975971925828,0.0238831199528923,0.019890305419782227,0.06256104755795433,26,70,0.017433381361551332,0.14054335317378155,True,False,True,0.000591701257105832,COMPLETE
619,0.4433797955513001,2025-04-02 07:09:03.961272,2025-04-02 07:10:47.544478,0 days 00:01:43.583206,0.8456431755344122,0.2825303205466697,2,0.24315749923329377,0.11237111751332343,0.0035231237803484902,0.07462013340161179,0.01904883912709122,0.09150429437298996,0.05004671795953398,27,62,0.01946290653724465,0.13448490927996812,True,False,False,0.0006350945296370446,COMPLETE
620,0.45234897136688235,2025-04-02 07:10:47.749978,2025-04-02 07:12:28.846171,0 days 00:01:41.096193,0.8985632199890935,0.3003563667000848,2,0.25374972012718666,0.10703078322978835,0.0087127878622393,0.07532063476083478,0.017063586536318044,0.020576367655389352,0.05862475547044499,26,67,0.017432072505582406,0.1344085052532821,True,False,False,0.000616341370045004,COMPLETE
621,0.4392327666282654,2025-04-02 07:12:29.043112,2025-04-02 07:14:10.144852,0 days 00:01:41.101740,0.9016936604930272,0.2834881661498283,2,0.25257819537596427,0.10848905838244557,0.007936198261535791,0.07680517921310138,0.01755165498793691,0.020258080756948696,0.06165380700744414,26,65,0.01597586964227954,0.1324071491974987,True,False,False,0.0006290395089594261,COMPLETE
622,0.4401491165161133,2025-04-02 07:14:10.351745,2025-04-02 07:15:56.472239,0 days 00:01:46.120494,0.9087553879410447,0.26822428823075256,2,0.25277458137179054,0.09766794385645758,0.010352522031693175,0.0826026945648805,0.01725273517904883,0.021082815950170995,0.06320932958002327,27,68,0.015462860714750639,0.12343149421031846,True,False,False,0.0005998718442948431,COMPLETE
623,0.4342525601387024,2025-04-02 07:15:56.668831,2025-04-02 07:17:39.412674,0 days 00:01:42.743843,0.9165546933275641,0.3030736943453888,2,0.2500089119674607,0.10523981430995656,0.009689819216553078,0.0729126955807426,0.01991564368848236,0.014295868893101046,0.04774450288683731,26,71,0.0800861102427359,0.13505092654450232,True,False,False,0.0007877894483147623,COMPLETE
624,0.2804898262023926,2025-04-02 07:17:39.619820,2025-04-02 07:19:06.132162,0 days 00:01:26.512342,0.8943840390418204,0.239672843910486,2,0.24274744408528776,0.11756532487867763,0.005890573985105378,0.07647926941758809,0.01720994949517843,0.021141962773232735,0.05897395110675496,26,60,0.019409459336866434,0.12987130923447526,True,True,False,0.0005862040283702873,COMPLETE
