number,value,datetime_start,datetime_complete,duration,params_alpha-eval,params_alpha-train,params_batch-size,params_eps-eval,params_eps-train,params_lambda-actions-eval,params_lambda-actions-train,params_lambda-frames-eval,params_lambda-frames-train,params_learning-rate,params_n-epochs,params_n-frames,params_radius-gw,params_rho,params_std-feats,params_ub-actions,params_ub-frames,params_weight-decay,state
1821,0.43662226200103765,2025-04-03 14:33:24.280002,2025-04-03 14:35:00.817809,0 days 00:01:36.537807,0.7559702586605241,0.28114491007174447,2,0.2594152965473931,0.09658618701803998,0.007959377150316367,0.07507673058553666,0.010676727184457639,0.028888275916343135,0.056169558246859715,25,44,0.014500272678803392,0.15227475784782346,True,False,False,0.0008134010633560312,COMPLETE
1822,0.4410642981529236,2025-04-03 14:35:01.432073,2025-04-03 14:36:42.756033,0 days 00:01:41.323960,0.819542665287463,0.25612587775000273,2,0.24833505704174796,0.11015105517597025,0.004953350546190798,0.06270878394384329,0.01275768143850418,0.02481536621391612,0.037406049705559115,26,71,0.02008127831105911,0.1298713097438262,True,False,False,0.0006213364649418559,COMPLETE
1823,0.3918497562408448,2025-04-03 14:36:43.346542,2025-04-03 14:38:22.757969,0 days 00:01:39.411427,0.8891625169572479,0.31199494342756884,2,0.23631623945345717,0.2560823310312791,0.010016511663041622,0.06628328375439821,0.008803079594677259,0.019927215902087552,0.000938544975833805,25,89,0.015951049130194378,0.1403267384796102,False,False,False,0.0009999171824569063,COMPLETE
1824,0.4328044891357422,2025-04-03 14:38:23.345107,2025-04-03 14:40:06.117095,0 days 00:01:42.771988,0.8533243037515985,0.2282766497768728,2,0.25414287262678464,0.10330266115118411,0.056923166391506054,0.06066763476763824,0.006902366144159585,0.03223669959040186,0.08480081160227512,27,16,0.018184651540440785,0.13502097296960486,True,False,False,1.4582651289290343e-05,COMPLETE
1825,0.4552349448204041,2025-04-03 14:40:06.725951,2025-04-03 14:41:50.179353,0 days 00:01:43.453402,0.786764115859471,0.281971355488978,2,0.2664444727441057,0.08077759035484477,0.01238141223300815,0.056470246011239594,0.03986115664744864,0.02333592954287566,0.06504821600672595,26,82,0.013085328207404648,0.14480117361112613,True,False,False,0.00043344909727964395,COMPLETE
1826,0.3763075709342957,2025-04-03 14:41:50.790353,2025-04-03 14:43:36.764993,0 days 00:01:45.974640,0.7710799706598571,0.2964054135753953,2,0.276168789509648,0.07662080534280075,0.015708226427128585,0.053729979654943257,0.0340922248782692,0.020677127765479475,0.07403493033629086,27,83,0.008966663854163719,0.1610331670345607,True,False,False,0.0002935261820957414,COMPLETE
1827,0.37401646375656133,2025-04-03 14:43:37.358119,2025-04-03 14:45:22.681253,0 days 00:01:45.323134,0.7925656141170678,0.3108839181592158,2,0.2719514528861682,0.06867508864256358,0.00249778432441234,0.0536754763572921,0.03268877377521524,0.02236773902269813,0.08574890312592257,27,83,0.010401305406788859,0.1549442404402036,True,False,False,0.0003337991298101111,COMPLETE
1828,0.4236003398895264,2025-04-03 14:45:23.292990,2025-04-03 14:47:09.104828,0 days 00:01:45.811838,0.7439181668913281,0.9065413555857011,2,0.2694493307240808,0.0690597017487304,0.016947641017189697,0.05559461466801172,0.02887938906343146,0.020538966206638844,0.06913606831888196,27,84,0.006615388464997754,0.1510756042714279,True,False,False,0.00037661514855136333,COMPLETE
1829,0.42150788307189946,2025-04-03 14:47:09.695581,2025-04-03 14:48:58.285532,0 days 00:01:48.589951,0.7810202344263905,0.2980207956824938,2,0.2781790282429355,0.07760185414036384,0.01254608866615012,0.05638095532774245,0.04175379406151945,0.021659197795166122,0.08409623450853185,28,87,0.012649358875194763,0.16780493888558545,True,False,False,0.00032369605908978965,COMPLETE
1830,0.4368353962898255,2025-04-03 14:48:58.873362,2025-04-03 14:49:27.532326,0 days 00:00:28.658964,0.7635926294553808,0.2861685621260548,16,0.2713631634455372,0.05060647323597588,0.014217090716414336,0.053702467458015095,0.040598172345954114,0.019360657891589972,0.09992656692260077,27,82,0.008898291756594972,0.15747611027065989,True,False,False,0.00041818561157532793,COMPLETE
1831,0.4248693585395813,2025-04-03 14:49:28.143022,2025-04-03 14:51:10.916569,0 days 00:01:42.773547,0.9984965929486037,0.31889080837630085,2,0.27092441199209827,0.12138613852525801,0.0010455912430377356,0.05724292016169314,0.00633973130686598,0.022883438030890792,0.07109618513098301,26,83,0.010284997206127711,0.1475929425893859,True,False,False,0.0002919943109786827,COMPLETE
1832,0.30486480593681337,2025-04-03 14:51:11.530897,2025-04-03 14:52:43.308482,0 days 00:01:31.777585,0.7392713378098505,0.2886970135763248,2,0.26525401502303353,0.08012314970459121,0.06303456698159828,0.05519643797353953,0.04256260186903535,0.023433858527493995,0.06205503863710545,27,86,0.012183491219834289,0.1462975342677163,True,False,True,0.00041437643880812833,COMPLETE
1833,0.4441031336784363,2025-04-03 14:52:43.899809,2025-04-03 14:53:21.188534,0 days 00:00:37.288725,0.7838724657059156,0.3140593752665593,8,0.2650469924070963,0.11560449440034082,0.01445338145471303,0.055663762771785676,0.039438779705239686,0.006855043817244685,0.06588867297172393,26,87,0.011565068131724178,0.15289288279140828,True,False,False,0.0002633520857320837,COMPLETE
1834,0.43138995170593264,2025-04-03 14:53:21.784290,2025-04-03 14:55:11.582023,0 days 00:01:49.797733,0.7614944773462416,0.2782371320629302,2,0.2641533445077484,0.07249089611104613,0.012567455366253954,0.05805778388542657,0.04531242904275162,0.01920656597582232,0.07838106678411896,28,85,0.011885762232258104,0.14533466288311622,True,False,False,0.000341892843248436,COMPLETE
1835,0.4378905057907105,2025-04-03 14:55:12.198049,2025-04-03 14:56:54.386933,0 days 00:01:42.188884,0.7792003242967488,0.30087859283692964,2,0.2764429720671309,0.07191191993920332,0.006001887063695867,0.0567883742820651,0.05510364371033041,0.021104974250695643,0.06347833073218659,26,90,0.07268223992784721,0.15161317907717495,True,False,False,0.00045252799322474397,COMPLETE
1836,0.3931632161140442,2025-04-03 14:56:54.975439,2025-04-03 14:58:37.411100,0 days 00:01:42.435661,0.7960688051181212,0.32154524934870143,2,0.2635427843489113,0.06479986037600588,0.016941036997398344,0.052913702017577446,0.028970699663392423,0.02293421728056305,0.07661591576119064,26,80,0.004280732147353625,0.14485610973562238,True,False,False,0.00039289397003145366,COMPLETE
1837,0.423123049736023,2025-04-03 14:58:38.019378,2025-04-03 15:00:20.283760,0 days 00:01:42.264382,0.7509776889095294,0.2685598579134584,2,0.2665854717744598,0.24687318267209485,0.0041036802769205665,0.05522104202129296,0.03375500035253817,0.018656617784703046,0.05909683957679193,26,81,0.010996058422755662,0.15858329142457273,True,False,False,0.0002271822258881234,COMPLETE
1838,0.43317517042160036,2025-04-03 15:00:20.898873,2025-04-03 15:02:06.490280,0 days 00:01:45.591407,0.7758909045828726,0.4538752222927342,2,0.27742514016350134,0.06109410019768675,0.008567558646748049,0.07221842970785411,0.00792960495376628,0.035513864208576724,0.06594944332141643,27,92,0.01405444903112183,0.14323515331903144,True,False,False,0.0004988070583659299,COMPLETE
1839,0.2804898262023926,2025-04-03 15:02:07.080593,2025-04-03 15:03:38.240447,0 days 00:01:31.159854,0.7978236545422981,0.715204502916265,2,0.25962655517548844,0.12725452654660802,0.06717232623031084,0.07623271178729292,0.05713144935296503,0.004193695032363082,0.09988210204415601,27,88,0.008042549205336768,0.15111432402618502,True,True,False,0.00032396094932532666,COMPLETE
1840,0.4493624806404114,2025-04-03 15:03:38.858724,2025-04-03 15:05:21.128091,0 days 00:01:42.269367,0.7177251042792787,0.28505737625261457,2,0.2716948170440429,0.11115329730670066,0.011640324983987453,0.07825548753291932,0.04788510206396183,0.0010523915357688448,0.0819540166775412,26,84,0.013704438765499597,0.14426479003814963,True,False,False,0.000484924131117043,COMPLETE
1841,0.44994076490402224,2025-04-03 15:05:21.720614,2025-04-03 15:07:04.714718,0 days 00:01:42.994104,0.7579857755439923,0.30762544892584665,2,0.2618944436745809,0.13427023583209383,0.006106028245233643,0.06916256774374992,0.009775695300555368,0.023944123151455925,0.056140888224560974,26,91,0.012475176414964184,0.13948767667339632,True,False,False,0.0005979974908865817,COMPLETE
1842,0.42228196859359746,2025-04-03 15:07:05.328492,2025-04-03 15:08:52.143532,0 days 00:01:46.815040,0.7334480180624454,0.2754402536384151,2,0.26818048754568274,0.07997517196364924,0.003182408181196296,0.058662362305398744,0.037815578028635596,0.02013877655532293,0.07296206618350064,28,86,0.010325369247432986,0.1391898282116113,False,False,False,0.0003955614423953499,COMPLETE
1843,0.44803038835525516,2025-04-03 15:08:52.736265,2025-04-03 15:10:36.114132,0 days 00:01:43.377867,0.8037922948876671,0.32547376305372444,2,0.28256506948287,0.11308776103638382,0.00978757547913431,0.07088183774792356,0.04756020336866331,0.02499356629915737,0.054856322894264696,26,121,0.013568288958205534,0.14925037821905213,True,False,False,0.0002879549950279621,COMPLETE
1844,0.44186588525772097,2025-04-03 15:10:36.737340,2025-04-03 15:12:19.208640,0 days 00:01:42.471300,0.7858437613488455,0.2903479122461831,2,0.25796199062021397,0.1198549380934782,0.007208880761218069,0.07299127316414038,0.05215121524426678,0.03227013286651385,0.08633052548683484,26,88,0.014068416687514265,0.1552171306978447,True,False,False,0.0007984430016966405,COMPLETE
1845,0.43678649663925173,2025-04-03 15:12:19.802293,2025-04-03 15:14:04.765469,0 days 00:01:44.963176,0.7701867944419545,0.2668558286609316,2,0.26856909490791303,0.10405352725502973,0.013758914764372163,0.02811725119231407,0.030981794169735424,0.029920619216092702,0.06617230500231794,27,80,0.01473455384399922,0.16647686129194122,True,False,False,0.0005710722376372977,COMPLETE
1846,0.4356100678443909,2025-04-03 15:14:05.380227,2025-04-03 15:15:47.671521,0 days 00:01:42.291294,0.7374358967167144,0.3081153417265186,2,0.25663859966072855,0.08383610362962811,0.010992615941179316,0.05709555845283839,0.03567635020033404,0.017933819865376024,0.00016575699118608417,26,82,0.011362723525029704,0.1326382204265343,True,False,False,0.0004633725588709009,COMPLETE
1847,0.43791401386260986,2025-04-03 15:15:48.262171,2025-04-03 15:17:34.546245,0 days 00:01:46.284074,0.8032526560496189,0.3275683695090923,2,0.2829884629766709,0.07426786610536187,0.005907147443684105,0.06586779909232164,0.049049413639175865,0.026916919520810847,0.05345344518298101,27,94,0.013007640222600415,0.14113613335628036,True,False,False,0.0007902322199910452,COMPLETE
1848,0.44230446815490726,2025-04-03 15:17:35.157219,2025-04-03 15:19:18.366750,0 days 00:01:43.209531,0.7698344327771856,0.28218267682374065,2,0.2741376735827712,0.06447418887420867,0.015365367188742155,0.06822623070275279,0.03002605308031444,0.021336471769499505,0.06359895627770779,26,104,0.014901683253583157,0.12897172665294068,True,False,False,0.00036388075631361955,COMPLETE
1849,0.4237454891204834,2025-04-03 15:19:18.989390,2025-04-03 15:21:06.195737,0 days 00:01:47.206347,0.7989550900237078,0.2976611398539504,2,0.2607184666585132,0.10880561058688631,0.0041054375299216656,0.054172668567328934,0.039801740314422185,0.03341023654611959,0.07846255116599281,27,98,0.008583318440615068,0.1488962105741422,True,False,False,0.0009960746108778893,COMPLETE
1850,0.4336584568023682,2025-04-03 15:21:06.799621,2025-04-03 15:22:49.643753,0 days 00:01:42.844132,0.8105238528920745,0.34167389521974906,2,0.260006268600919,0.23679379148429888,0.008481572068638296,0.05927120426669798,0.032365004599830056,0.023803545359952105,0.051595768969621966,26,93,0.012812896461233514,0.13721315355692365,True,False,False,0.0006212648937061766,COMPLETE
1851,0.31127287745475773,2025-04-03 15:22:50.264906,2025-04-03 15:23:23.454694,0 days 00:00:33.189788,0.6474255306083752,0.26886460692368164,8,0.25386033135710334,0.09803378336509389,0.012870708269984833,0.07499832070746659,0.005494562929637927,0.030783838573906857,0.08756983154787791,26,89,0.015272991836156989,0.14281834073745953,True,False,True,0.0004945627756395921,COMPLETE
1852,0.42938481569290166,2025-04-03 15:23:24.057950,2025-04-03 15:25:03.964107,0 days 00:01:39.906157,0.7523471014389697,0.3139395051500593,2,0.2691825464913547,0.08909776809303936,0.0028812282846478647,0.06773451465301837,0.038934371518357026,0.02825005606163722,0.06314423079507189,25,83,0.0104583797143897,0.15616508101686546,True,False,False,0.0002483283968050418,COMPLETE
1853,0.3528846621513367,2025-04-03 15:25:04.584292,2025-04-03 15:25:33.194499,0 days 00:00:28.610207,0.7792365716477301,0.29390312415735703,16,0.014893856203387512,0.11582987347702169,0.007207413007201598,0.0516439570018236,0.0069037635226979165,0.008830085647484016,0.04864246187323183,27,85,0.016011194129082,0.1322574443789014,True,False,False,0.000995301127478069,COMPLETE
1854,0.42476285696029664,2025-04-03 15:25:33.786666,2025-04-03 15:27:13.371400,0 days 00:01:39.584734,0.7164886102833407,0.27075469537339764,2,0.2585038803577777,0.12556890596405815,0.010270407907231474,0.07044265675922998,0.008929062370390867,0.025706620971725675,0.0725916931384709,26,27,0.013213482796043364,0.1475522305048127,True,False,False,0.0006951118181614273,COMPLETE
1855,0.43342581987380985,2025-04-03 15:27:13.985081,2025-04-03 15:28:51.436714,0 days 00:01:37.451633,0.4647247028436916,0.33245086517819833,2,0.2615155364923116,0.10221187698371195,0.004504943284790026,0.05728272644693353,0.006040142625268639,0.00533151446286958,7.012681533230427e-05,25,61,0.01592712626380767,0.13755136263000828,True,False,False,0.000330262866668767,COMPLETE
1856,0.44135173559188845,2025-04-03 15:28:52.035684,2025-04-03 15:30:33.561612,0 days 00:01:41.525928,0.7894307271544018,0.25693941032332984,2,0.2760831032524313,0.16692926026292937,0.008044399973572227,0.07267211463440683,0.008929519317115792,0.02203828115648993,0.05558374218414961,25,133,0.014208155675568941,0.1620930456652822,True,False,False,0.0004246614702188195,COMPLETE
1857,0.4407131314277649,2025-04-03 15:30:34.177227,2025-04-03 15:32:15.945117,0 days 00:01:41.767890,0.9999790152384244,0.2895409755783576,2,0.2661904156650334,0.10941725947956187,0.011665557977003096,0.06469082470182072,0.036747206415802355,0.0032341323431950776,0.06480451979401974,26,80,0.0163105056847069,0.21946638937810645,True,False,False,0.0005948181890600249,COMPLETE
1858,0.2804898262023926,2025-04-03 15:32:16.571328,2025-04-03 15:33:50.412960,0 days 00:01:33.841632,0.7494838315782355,0.3122621577771448,2,0.25204225829296567,0.09371752072663744,0.0010592332343350216,0.06731771752822246,0.010137774413433253,0.01731849409794241,0.08546706116589121,28,91,0.013133100414187238,0.12779314604279335,True,True,False,0.0007820339283334339,COMPLETE
1859,0.44040056467056277,2025-04-03 15:33:51.013928,2025-04-03 15:35:34.515507,0 days 00:01:43.501579,0.810398890728324,0.12947704367769203,2,0.25436140668213775,0.14550118288157227,0.005320718392061658,0.061081021631882004,0.007989792538584747,0.020231971328462623,0.048453057660668424,26,101,0.012038025821381498,0.14192490486552956,True,False,False,0.0005211464024098669,COMPLETE
1860,0.43623181581497195,2025-04-03 15:35:35.139951,2025-04-03 15:37:21.906353,0 days 00:01:46.766402,0.9640778553931884,0.25882808595669754,2,0.2631964292934099,0.24767352246239324,0.009849358751012342,0.059100739537863024,0.03579230055929335,0.026803580052399217,0.0564061859213795,27,96,0.016029360607847647,0.13197177576307012,True,False,False,0.0006917066175601391,COMPLETE
1861,0.42356725931167605,2025-04-03 15:37:22.507844,2025-04-03 15:38:59.919061,0 days 00:01:37.411217,0.7683698731579325,0.28381832990459316,2,0.24947597025465282,0.1035947288059806,0.014358744913632367,0.0696368572972086,0.05028966332557644,0.03937687151811441,0.07642016647515658,25,86,0.010271335699393267,0.14770712172531164,False,False,False,0.000817868272466714,COMPLETE
1862,0.4381513595581055,2025-04-03 15:39:00.517039,2025-04-03 15:40:44.535201,0 days 00:01:44.018162,0.5976346927646875,0.3372872586883149,2,0.2667828242084752,0.08636038297420076,0.016388125569220754,0.06500287579529788,0.005612007483724646,0.029630445528471928,0.06840979217573498,26,88,0.01763661141437764,0.13692281528441388,True,False,False,0.0002867302588561661,COMPLETE
1863,0.43887760639190676,2025-04-03 15:40:45.152767,2025-04-03 15:42:11.277355,0 days 00:01:26.124588,0.1880386581270626,0.29898095562690363,2,0.2721430013936316,0.11958010891301567,0.007154979898963913,0.062137590944242926,0.03073541566759642,0.024287217328138173,0.04992301800561458,21,80,0.014715565481432834,0.1279436511330238,True,False,False,0.0004046329867209135,COMPLETE
1864,0.43269419670104986,2025-04-03 15:42:11.904123,2025-04-03 15:43:50.705036,0 days 00:01:38.800913,0.9335535056911626,0.3189325198086486,2,0.2553740017127312,0.1310583018834102,0.0032158704482184515,0.07670148139218967,0.09138992754573044,0.03327473750693702,0.08766660441963195,25,93,0.016865263307416733,0.15188282388851349,True,False,False,0.00022283792815847573,COMPLETE
1865,0.423123049736023,2025-04-03 15:43:51.305614,2025-04-03 15:45:06.657294,0 days 00:01:15.351680,0.817604440775472,0.26727966281435594,2,0.2872512747313385,0.2394689947815588,0.012488928363425475,0.08063413052118172,0.007312730809767443,0.027740979278190147,0.058390491970778835,18,63,0.011593024175953532,0.14100113043569684,True,False,False,0.0005531818676408416,COMPLETE
1866,0.2804898262023926,2025-04-03 15:45:07.282665,2025-04-03 15:46:48.234411,0 days 00:01:40.951746,0.7888345395482519,0.24822600978958817,2,0.2482097858797133,0.013391636281560676,0.005814112950859073,0.056188403756268226,0.010840462040154823,0.021660217762122746,1.0077593778309345e-05,26,84,0.014903282222639225,0.13487388435854883,True,False,False,0.0003650707164922127,COMPLETE
1867,0.43473709821701056,2025-04-03 15:46:48.837958,2025-04-03 15:48:35.242061,0 days 00:01:46.404103,0.8201694428242704,0.3019929773726649,2,0.2794907050129559,0.08075824876576737,0.009972380780818106,0.07315082905935752,0.009512694831602313,0.03614604591803894,0.0464340484347182,27,91,0.01722131236883972,0.15568299692278065,True,False,False,0.0006413012118111731,COMPLETE
1868,0.423123049736023,2025-04-03 15:48:35.870478,2025-04-03 15:50:14.398633,0 days 00:01:38.528155,0.7984740246323558,0.3555310072623674,2,0.2555238299256639,0.09696174492160192,0.017582313308314,0.06666469953012219,0.004948725222143447,0.030885114817839225,0.07258081970291844,25,79,0.008905435399209611,0.14471589211900254,True,False,False,0.0008419000094169575,COMPLETE
1869,0.44084522724151615,2025-04-03 15:50:15.026696,2025-04-03 15:52:00.050099,0 days 00:01:45.023403,0.9548949623504914,0.27854621833179777,2,0.26398118740165083,0.1863286447646449,0.048781777868829375,0.06322861379788607,0.007737156642398721,0.01815321174388916,0.05625535510432995,26,146,0.013329578937844987,0.12575215649742721,True,False,False,0.0004763808481645795,COMPLETE
1870,0.31230588555336003,2025-04-03 15:52:00.654169,2025-04-03 15:53:26.461102,0 days 00:01:25.806933,0.7711602851226028,0.8264754176788003,2,0.25081115815152394,0.1121812837918969,0.008644471062211993,0.06910988653427834,0.011295929956663568,0.007060574345216154,0.04524791854410872,25,88,0.015352764720975302,0.13113284890452195,True,False,True,0.0008304321129339329,COMPLETE
1871,0.3639578104019165,2025-04-03 15:53:27.061548,2025-04-03 15:55:08.157279,0 days 00:01:41.095731,0.5575501637070144,0.3212301213907017,2,0.195685590473886,0.09218207414699923,0.0042554949386305425,0.05919017720297495,0.005845250138565935,0.02335639438396027,0.0617673508083654,26,59,0.006459479643378352,0.13835559126580133,True,False,False,0.00032070730406976496,COMPLETE
1872,0.42381978034973145,2025-04-03 15:55:08.778180,2025-04-03 15:56:54.878893,0 days 00:01:46.100713,0.7312602101500681,0.24984996442314533,2,0.2583761092479316,0.10637562975254866,0.006945538191403951,0.07049639183239052,0.045574283584432995,0.01973779984826452,0.07445055388746788,27,96,0.0011609111846305926,0.14621640949124112,True,False,False,0.000607930009897431,COMPLETE
1873,0.43705592155456546,2025-04-03 15:56:55.508788,2025-04-03 15:57:31.525513,0 days 00:00:36.016725,0.3073187800373565,0.28622551630926535,8,0.24585901510849878,0.09762847748678885,0.011670705986140735,0.07475173480799069,0.009378129681922873,0.0257169214185679,0.045184225199157255,25,66,0.01712091874579184,0.1272530452219527,True,False,False,0.00046861943225922313,COMPLETE
1874,0.4453664064407349,2025-04-03 15:57:32.131128,2025-04-03 15:57:59.377985,0 days 00:00:27.246857,0.8114706091324251,0.3018524165852076,16,0.27416440667926184,0.11530109258508589,0.0010544091776717498,0.0640635740484183,0.007200755216196087,0.028826262341133512,0.08659339504852402,25,82,0.012204988140663817,0.13614900851135175,True,False,False,0.0006875447530218386,COMPLETE
1875,0.4382508754730225,2025-04-03 15:58:00.009609,2025-04-03 15:58:57.197523,0 days 00:00:57.187914,0.7896360582434866,0.2699937462993289,2,0.26582549362345675,0.10565195937720782,0.014495871090393582,0.06656966041943839,0.0037748453527932605,0.03481537263686993,0.061685578658767184,12,90,0.014523173568055579,0.14230821690691856,True,False,False,0.0004024833668900277,COMPLETE
1876,0.4337219119071961,2025-04-03 15:58:57.801718,2025-04-03 16:00:39.720749,0 days 00:01:41.919031,0.7035122495578862,0.34898442572221255,2,0.2505268343325697,0.12505603562288445,0.002807400158805528,0.055553480287868245,0.011018773317481535,0.0163622687248195,0.05168472543952067,26,77,0.018239747114734726,0.14985247860225698,True,False,False,0.0008289590048212171,COMPLETE
1877,0.43531962633132937,2025-04-03 16:00:40.345179,2025-04-03 16:02:22.880926,0 days 00:01:42.535747,0.8308046868672708,0.32969620901059754,2,0.2443194176190305,0.07453209400749572,0.009262773635746773,0.061461580330407654,0.008222049846510912,0.030788273549941073,0.06727900685538835,26,85,0.015481296327515073,0.15916027185761317,True,False,False,0.00027436220064662247,COMPLETE
