number,value,datetime_start,datetime_complete,duration,params_alpha-eval,params_alpha-train,params_batch-size,params_eps-eval,params_eps-train,params_lambda-actions-eval,params_lambda-actions-train,params_lambda-frames-eval,params_lambda-frames-train,params_learning-rate,params_n-epochs,params_n-frames,params_radius-gw,params_rho,params_std-feats,params_ub-actions,params_ub-frames,params_weight-decay,state
1252,0.423123049736023,2025-04-02 23:52:31.127600,2025-04-02 23:54:10.542801,0 days 00:01:39.415201,0.8362264351948014,0.20719970846152025,2,0.21141784793899518,0.10547973220207739,0.016289496128283492,0.06721925905712224,0.006217419563344421,0.029891681576786438,0.046604634043562194,25,81,0.011601138336020599,0.13080760593520493,True,False,False,0.0005718952125127542,COMPLETE
1253,0.4270741939544678,2025-04-02 23:54:10.947367,2025-04-02 23:55:39.714370,0 days 00:01:28.767003,0.8117757071593784,0.2899419852473302,2,0.24100135733435232,0.11673893487555351,0.0048675068302057745,0.06405980157330038,0.01305437799277764,0.015183936791375443,0.05758900408023603,26,77,0.009344450177170407,0.21848823113618931,True,True,False,0.0006966170835118722,COMPLETE
1254,0.4360740661621094,2025-04-02 23:55:40.118406,2025-04-02 23:57:26.409972,0 days 00:01:46.291566,0.7860048674691988,0.270600986096025,2,0.22147053846489195,0.10036249714990075,0.008958287549334658,0.058253792751297176,0.009673283400597893,0.0250561274742878,0.03665173669990446,27,90,0.019845500826684286,0.19476389108030112,True,False,False,0.00032431523250102786,COMPLETE
1255,0.423123049736023,2025-04-02 23:57:26.838023,2025-04-02 23:59:04.672852,0 days 00:01:37.834829,0.8484945362577139,0.2475662565172087,2,0.2311440895303951,0.10867801269924998,0.011097254798536065,0.038562820614275364,0.004592035019071401,0.01692674707047559,0.07213304058699314,25,54,0.015562685356296393,0.12535346666177863,True,False,False,0.0008140087884950659,COMPLETE
1256,0.423123049736023,2025-04-02 23:59:05.088278,2025-04-03 00:00:53.769733,0 days 00:01:48.681455,0.8263075824026389,0.38750532283448885,2,0.27805285234566446,0.22131641763449736,0.0076701036571797014,0.06164076378405948,0.007392483755312807,0.028090428605375237,0.05102482777267773,28,74,0.013367456240349261,0.22354720403010891,True,False,False,0.00042641182966311373,COMPLETE
1257,0.43606002330780036,2025-04-03 00:00:54.176705,2025-04-03 00:02:37.270790,0 days 00:01:43.094085,0.8560308829862755,0.226046062241817,2,0.28742468751796935,0.24083774909557323,0.002876541526189473,0.05376071107451938,0.011055029257452248,0.020062052694973777,0.04203915816725786,26,79,0.07566201758538454,0.13899114934483156,True,False,False,0.0005893737991681073,COMPLETE
1258,0.42102737426757814,2025-04-03 00:02:37.680731,2025-04-03 00:04:16.245212,0 days 00:01:38.564481,0.7999844624462948,0.3113563410714546,2,0.23868738390832522,0.12398899333207267,0.028207813519228853,0.06623002362811908,0.013134636357377778,0.02364995679828017,0.06265232130342885,25,82,0.017505726760991693,0.1352035015169361,True,False,False,0.0008128085440336047,COMPLETE
1259,0.4282517313957214,2025-04-03 00:04:16.653155,2025-04-03 00:05:49.621148,0 days 00:01:32.967993,0.753779894459182,0.27762868218104947,2,0.22587295809803612,0.09482327824990544,0.013476391981071744,0.06261179813904481,0.006043908101761138,0.026174026874471755,0.08316448819404204,24,18,0.023384598263168868,0.29490762402096615,True,False,False,0.0004818498114657406,COMPLETE
1260,0.4512768030166626,2025-04-03 00:05:50.029480,2025-04-03 00:07:33.249120,0 days 00:01:43.219640,0.8338866532483544,0.3606048440195463,2,0.23556608525653627,0.24691245510832577,0.02296793855234819,0.06834787255796879,0.008102040461242544,0.07282009152230946,0.03034117886139723,26,76,0.01508316462008304,0.08426164260358766,True,False,False,0.0006936029326464153,COMPLETE
1261,0.44160473346710205,2025-04-03 00:07:33.659783,2025-04-03 00:09:18.982260,0 days 00:01:45.322477,0.8279661264218047,0.41293348411606623,2,0.24331690288339977,0.10430240966213938,0.019892526702017178,0.06873636261515609,0.009814362957252505,0.06700565858884006,0.03573173457468008,27,76,0.01860780052728209,0.09248231542906118,True,False,False,0.0007975158819090909,COMPLETE
1262,0.44555298089981077,2025-04-03 00:09:19.390497,2025-04-03 00:11:04.611160,0 days 00:01:45.220663,0.7936425951951382,0.37617696004917967,2,0.2371190935477359,0.25594887005472616,0.026345451416829938,0.07090774485187196,0.011339439221032258,0.08806493565416218,0.02611054319839897,27,72,0.016963375654927153,0.08883359142405894,True,False,False,0.0008092832408464026,COMPLETE
1263,0.44451720714569093,2025-04-03 00:11:05.020701,2025-04-03 00:12:51.635323,0 days 00:01:46.614622,0.8632627405331702,0.37059623909272826,2,0.24206122085364634,0.11208172077365555,0.024043673066893194,0.06861220200718772,0.032406776283484144,0.08536279522385722,0.025730719417033164,27,76,0.02101307394724009,0.07818058573956979,True,False,False,0.0006728007230573092,COMPLETE
1264,0.44669910669326784,2025-04-03 00:12:52.044214,2025-04-03 00:14:34.491944,0 days 00:01:42.447730,0.7715900753611202,0.3538317790650882,2,0.2451653643534752,0.09630965871524144,0.02329638692955735,0.06747008610383781,0.010257585052726207,0.07742486278750821,0.03313188750461262,26,74,0.015490455945983467,0.148747584277546,True,False,False,0.0009867281742969422,COMPLETE
1265,0.31092094182968144,2025-04-03 00:14:34.901625,2025-04-03 00:16:03.166514,0 days 00:01:28.264889,0.8106289554254875,0.3927821811137237,2,0.2379490943607432,0.250795746414054,0.019655287160683148,0.06968790717960854,0.013382958858699256,0.06990320524718563,0.03684765368024275,26,78,0.018845359063794413,0.18710449312269645,True,False,True,0.0006903447399195358,COMPLETE
1266,0.4411540627479553,2025-04-03 00:16:03.573179,2025-04-03 00:17:45.202998,0 days 00:01:41.629819,0.8401940958324501,0.41362532912543826,2,0.23536076560715447,0.26216504727441536,0.022025399929077205,0.06837428810950974,0.008584787716468369,0.07537058627495863,0.025496492366053395,26,73,0.060970670338886264,0.09355764446967094,True,False,False,0.0006575580625284799,COMPLETE
1267,0.43724147081375125,2025-04-03 00:17:45.614210,2025-04-03 00:19:30.836193,0 days 00:01:45.221983,0.8667792972495305,0.40157432555719097,2,0.24355629246572655,0.11926333190154015,0.022892746973085555,0.06694520883386415,0.01118753891375184,0.07968255260517025,0.032051766623633224,27,79,0.016503755879641868,0.09623884991913381,True,False,False,0.0008341895262565218,COMPLETE
1268,0.43823978900909427,2025-04-03 00:19:31.245111,2025-04-03 00:21:18.930390,0 days 00:01:47.685279,0.8207267525229583,0.3635219170020792,2,0.2341443957296203,0.13019858741717394,0.02332352741370582,0.06943817810925716,0.008649930915990292,0.08475948632764466,0.022922169835686658,28,72,0.020389793220949786,0.2402539511690992,True,False,False,0.0005771061841892114,COMPLETE
1269,0.41435363292694094,2025-04-03 00:21:19.340991,2025-04-03 00:21:46.679672,0 days 00:00:27.338681,0.5329088369898726,0.3739739327919604,16,0.2719858576472408,0.250528356635587,0.005692997395972662,0.06574758477956187,0.01344609426906946,0.08990710293724873,0.02980054275049039,26,77,0.014448246859108272,0.07326707142406223,True,False,False,1.9874644409353965e-06,COMPLETE
1270,0.4351333856582642,2025-04-03 00:21:47.090273,2025-04-03 00:23:32.897308,0 days 00:01:45.807035,0.7806026914093429,0.35359130568655117,2,0.24782463935936727,0.10208819193146103,0.01881322613791011,0.07019408853591809,0.008082837088596709,0.05757902774736008,0.030966133563493703,27,81,0.018028559134549975,0.10357669541695172,True,False,False,0.0009966759915985537,COMPLETE
1271,0.2804898262023926,2025-04-03 00:23:33.325654,2025-04-03 00:25:04.547345,0 days 00:01:31.221691,0.8387202388750482,0.3437688947185489,2,0.23942157893444466,0.09120156577099771,0.021220376466072954,0.06620659369008129,0.011340406168338316,0.08262414436573057,0.04040989150496461,27,71,0.02232492852295257,0.2117256874582444,True,True,False,0.0008208616688103985,COMPLETE
1272,0.44987688064575193,2025-04-03 00:25:04.961485,2025-04-03 00:26:47.557755,0 days 00:01:42.596270,0.8082281110199796,0.38637188559992247,2,0.230917018286218,0.10935851018857595,0.021480988511585104,0.06836248611451895,0.009581016098192738,0.011570155265739398,0.028670881355181893,26,74,0.016066293056889815,0.14973127663090396,True,False,False,0.0006860532287441906,COMPLETE
1273,0.4493422508239746,2025-04-03 00:26:47.975110,2025-04-03 00:28:30.918742,0 days 00:01:42.943632,0.8568871053600228,0.3268055142411005,2,0.12280068902799875,0.11443997149867018,0.0206986947024658,0.06499749919349494,0.013210795647619459,0.07729288885428523,0.0409330597073503,26,79,0.025891786119023468,0.14320399116168897,True,False,False,0.0009925491025623602,COMPLETE
1274,0.445561158657074,2025-04-03 00:28:31.340486,2025-04-03 00:30:12.583360,0 days 00:01:41.242874,0.7456328055913405,0.35928874882300516,2,0.2467800485691179,0.2552546680216313,0.02336624073669661,0.07108767435279603,0.007419323881493738,0.09447301931614677,0.030461624814446996,26,83,0.019718812578752912,0.1444540473128783,True,False,False,0.0009955528350261789,COMPLETE
1275,0.4403812170028687,2025-04-03 00:30:12.997060,2025-04-03 00:31:58.558132,0 days 00:01:45.561072,0.6075985406908052,0.35496926908751036,2,0.2411928501690377,0.2097740427247312,0.02543448007612402,0.06748977415631296,0.011184751227645107,0.018595510643490236,0.043408346872103765,27,75,0.01470370898693105,0.08493419090074485,True,False,False,0.0005734966393600964,COMPLETE
1276,0.43632713556289676,2025-04-03 00:31:58.974232,2025-04-03 00:33:38.702284,0 days 00:01:39.728052,0.8321255706283468,0.3323798202117261,2,0.23400696175292743,0.10555639661666692,0.01837883723994201,0.06478182130776497,0.00726155821893642,0.06225422043816883,0.03623446436402677,26,30,0.018164721022603313,0.08458098851338255,True,False,False,0.0007267682810728935,COMPLETE
1277,0.44120258092880255,2025-04-03 00:33:39.118267,2025-04-03 00:35:24.165791,0 days 00:01:45.047524,0.7932940317281791,0.34098579542722945,2,0.2492837026328436,0.10008325643286911,0.016220261102261543,0.07067909756818987,0.014006206110632954,0.047501387126768116,0.05008499512115166,27,77,0.016304823324899805,0.07714500071764961,True,False,False,0.0005605035702002691,COMPLETE
1278,0.44135268926620486,2025-04-03 00:35:24.579182,2025-04-03 00:37:05.587436,0 days 00:01:41.008254,0.5630860708907055,0.3756190470788174,2,0.178860915443688,0.12451579664372964,0.022458130590405755,0.0660853765116415,0.009259185891334128,0.045672540741123785,0.0454253419430836,26,70,0.022365353321353906,0.2988109392124388,True,False,False,0.0006954531745930126,COMPLETE
1279,0.4229915022850037,2025-04-03 00:37:06.001012,2025-04-03 00:38:48.642798,0 days 00:01:42.641786,0.6508600388966702,0.3430186655426762,2,0.267849162319831,0.09057520107116981,0.01758642211744511,0.06787044440348808,0.01197215742516201,0.01653571709342575,0.09921845228186885,26,82,0.019495323835320516,0.0630546510561395,True,False,False,0.0005384632582736243,COMPLETE
1280,0.44097881317138676,2025-04-03 00:38:49.058680,2025-04-03 00:40:37.570177,0 days 00:01:48.511497,0.8701396667689635,0.3196469144254762,2,0.24005085823053474,0.11729027312213754,0.014116414322150052,0.06376545588069461,0.006318576863686183,0.07217494148975682,0.03648127923515097,28,78,0.014161516612402668,0.0977759417090332,True,False,False,0.0007963759898958359,COMPLETE
1281,0.44714504480361944,2025-04-03 00:40:37.993189,2025-04-03 00:42:15.822303,0 days 00:01:37.829114,0.816564588622273,0.32038279051969365,2,0.230382691680827,0.24514870286470705,0.009996047616743843,0.06484145782749232,0.009160855342036677,0.09174788080491031,0.05578274937408181,25,75,0.01711998215319561,0.08228346174688835,True,False,False,0.0009981955766144438,COMPLETE
1282,0.4275913000106812,2025-04-03 00:42:16.236794,2025-04-03 00:43:59.185600,0 days 00:01:42.948806,0.8456553037627886,0.33831888283058015,2,0.25221733581229266,0.09691146794718047,0.024812015812191567,0.07188907640157442,0.012130271324524893,0.05295000402830918,0.02743999060396485,26,71,0.013126637077810317,0.2043483120994583,True,False,False,0.0004657466982857626,COMPLETE
1283,0.4337640762329102,2025-04-03 00:43:59.601012,2025-04-03 00:45:45.131400,0 days 00:01:45.530388,0.7613611521071753,0.30449857222946336,2,0.15808807216718596,0.11002374347756136,0.012216571199842697,0.07000960915546833,0.004628342672370783,0.013840126249844072,0.07356816929828938,27,80,0.021469266083657255,0.1490987716954626,True,False,False,0.0006548906112344429,COMPLETE
1284,0.447273063659668,2025-04-03 00:45:45.562804,2025-04-03 00:47:24.388629,0 days 00:01:38.825825,0.8600494189311927,0.32156727596093426,2,0.2590547881141526,0.1046496222814915,0.021110529958248136,0.0670175961707153,0.010503766973704346,0.0496142011680594,0.04738690606400285,25,85,0.015309283290631515,0.18188960112726282,True,False,False,0.0008109920125202879,COMPLETE
1285,0.29295037984848027,2025-04-03 00:47:24.803614,2025-04-03 00:48:49.048781,0 days 00:01:24.245167,0.802909889492876,0.35079519345530924,2,0.24338090318599587,0.09375340217122372,0.004042799294595108,0.06370399206686674,0.00790133053884947,0.059692632471418164,0.06663531384744305,25,47,0.02419326450717353,0.07691592183604351,True,False,True,0.000562445155829156,COMPLETE
1286,0.4319456100463867,2025-04-03 00:48:49.470765,2025-04-03 00:50:31.711487,0 days 00:01:42.240722,0.8348862361092791,0.3649601806652226,2,0.23444504211776915,0.2178413093166159,0.008356335689436346,0.06816050255543693,0.002519989710629952,0.020092977619926598,0.08428145702164073,26,75,0.018244215313514008,0.14143736024375692,True,False,False,0.00036942027368218306,COMPLETE
1287,0.42381762266159057,2025-04-03 00:50:32.131711,2025-04-03 00:52:18.348288,0 days 00:01:46.216577,0.7744374982866982,0.39581134631982356,2,0.2288964353543297,0.08731572166160805,0.015268030467363733,0.06537462301667614,0.014065000668231372,0.07480294886029498,0.040493653853311704,27,80,0.012137300538578612,0.15478629206154765,True,False,False,0.0006678968010617037,COMPLETE
1288,0.4384307384490967,2025-04-03 00:52:18.766276,2025-04-03 00:54:06.443805,0 days 00:01:47.677529,0.869181032435523,0.3007085717308199,2,0.2800557872037587,0.10072428574182198,0.006406387325845614,0.07176215782149577,0.0011412918261857494,0.07243358943708694,0.023200274907107705,28,72,0.01668728085511505,0.2680244793552995,True,False,False,0.00048236986278351967,COMPLETE
1289,0.44887154102325444,2025-04-03 00:54:06.863995,2025-04-03 00:55:48.218222,0 days 00:01:41.354227,0.8214090165572988,0.29683174187971256,2,0.2474203700316145,0.12304036890717512,0.011602999906872746,0.06271543232842054,0.007362676015916022,0.017721082045680757,0.05549490346638144,26,83,0.020063027500696957,0.25570274731373754,True,False,False,0.0009974797543179214,COMPLETE
1290,0.2804898262023926,2025-04-03 00:55:48.635684,2025-04-03 00:57:13.605793,0 days 00:01:24.970109,0.7041321908278972,0.4359102591343059,2,0.24140400091601916,0.13822679388483397,0.009381546654292382,0.043398266305673054,0.006124860517547534,0.0640060476436528,0.03251914153364042,25,77,0.01459993903090972,0.13676673976602674,True,True,False,0.0007874861433035445,COMPLETE
1291,0.4423086762428284,2025-04-03 00:57:14.022984,2025-04-03 00:57:41.240505,0 days 00:00:27.217521,0.8470602055966439,0.32318988866719545,16,0.2366162478405053,0.11242450174014165,0.0034934587397091894,0.046193399301028774,0.010451488177323043,0.021474657530181115,0.06193810264649344,26,70,0.018271228824994924,0.07013600060144871,True,False,False,0.00039760371716744057,COMPLETE
1292,0.4479393839836121,2025-04-03 00:57:41.660996,2025-04-03 00:59:21.637705,0 days 00:01:39.976709,0.7891224420754626,0.3367259157165014,2,0.26461534847583806,0.03075025247036066,0.006642520318179565,0.06953192402027497,0.013869224478194917,0.08020921616822904,0.048734367863844,25,85,0.015301394438579719,0.14385317352122484,True,False,False,0.00023417096495804767,COMPLETE
1293,0.423123049736023,2025-04-03 00:59:22.052985,2025-04-03 01:01:04.864354,0 days 00:01:42.811369,0.8709099449468061,0.29052785735900916,2,0.2551919256629225,0.22972192828511137,0.02449741729368261,0.06560856512181108,0.004373952795773739,0.07018045066574616,0.08594723235290677,27,35,0.02086370308237036,0.0835030781940207,True,False,False,0.0006028305814643839,COMPLETE
1294,0.423123049736023,2025-04-03 01:01:05.279928,2025-04-03 01:02:47.227442,0 days 00:01:41.947514,0.8155798496031536,0.30247981846334326,2,0.22692504198683788,0.10864583854920075,0.019352819083817894,0.06342165148211112,0.010380676829737019,0.05121307355224239,0.07206340319750867,26,74,0.012555844821540962,0.156445036754795,True,False,False,0.0008148746736397351,COMPLETE
1295,0.43934795856475833,2025-04-03 01:02:47.646958,2025-04-03 01:04:23.944607,0 days 00:01:36.297649,0.8477409599571424,0.3652873149647366,2,0.27187282959954834,0.09662157179169945,0.012986890539075363,0.07276508562528763,0.0010227691435518741,0.0678012100596366,0.04037564195214914,24,79,0.01708739123516088,0.13288100810276304,True,False,False,0.0005577837938379028,COMPLETE
1296,0.43872263431549074,2025-04-03 01:04:24.377701,2025-04-03 01:06:04.123706,0 days 00:01:39.746005,0.7376206581985025,0.31704792848836144,2,0.23324645543806777,0.11606756319098527,0.01490328592549352,0.06744517094266424,0.008670743202970765,0.09895392553740234,0.0547554252748522,25,76,0.019374490749616554,0.13942262495343596,True,False,False,0.00027251254891108654,COMPLETE
1297,0.44145820140838626,2025-04-03 01:06:04.548599,2025-04-03 01:07:45.773657,0 days 00:01:41.225058,0.8303434009201294,0.2794770928168581,2,0.24916954522068505,0.1281429766478414,0.010428949153442939,0.06151317143257667,0.012729750987468737,0.01560288466179062,0.06476565612648925,25,121,0.014179763937094594,0.09804090249960098,True,False,False,0.00041711375776788163,COMPLETE
1298,0.4399861693382263,2025-04-03 01:07:46.194710,2025-04-03 01:09:29.799691,0 days 00:01:43.604981,0.8039285462392747,0.33493921183757946,2,0.24236042098384455,0.1038942524246962,0.008385309070766043,0.06967888881686313,0.004787251705748638,0.09300114490368307,0.0005648207343446552,26,87,0.01652382468675453,0.13176765224294731,True,False,False,0.0006920926734420719,COMPLETE
1299,0.4416077494621277,2025-04-03 01:09:30.221212,2025-04-03 01:11:15.987294,0 days 00:01:45.766082,0.8679431333335033,0.3038345385437305,2,0.23741133903144074,0.22326607137119048,0.005374151906014304,0.06424711094300657,0.005912345149607921,0.01957026748636747,0.03364057588199766,27,82,0.02298843820658996,0.1521875457209049,True,False,False,0.0003235704145603401,COMPLETE
1300,0.43997333049774173,2025-04-03 01:11:16.403814,2025-04-03 01:11:56.483030,0 days 00:00:40.079216,0.8487173160340927,0.26920683758565944,2,0.13863727114437419,0.09003332394581187,0.016889614355484292,0.060786518197755636,0.008258366454984591,0.01724910955541478,0.045994350583217374,7,73,0.018332151287691056,0.1455034177390733,True,False,False,0.0004948556261293439,COMPLETE
1301,0.4229545950889588,2025-04-03 01:11:56.906340,2025-04-03 01:13:29.606356,0 days 00:01:32.700016,0.7954836347759726,0.28555141755616953,2,0.257489832502766,0.24838066330528502,0.0025811428881142118,0.06642768437418323,0.01450402768764456,0.00721511561326217,0.08526549586859962,23,69,0.012932005145953487,0.06676407979903656,True,False,False,0.0006836770839455733,COMPLETE
1302,0.423123049736023,2025-04-03 01:13:30.025424,2025-04-03 01:15:12.080987,0 days 00:01:42.055563,0.8265111360560289,0.1898230647596552,2,0.22397562378618127,0.203883788564826,0.011223211139330632,0.06260442380673681,0.01175321994082984,0.02166242873659974,0.0595209925954392,26,78,0.010654167282939832,0.13665580617764198,True,False,False,0.0008269239859198642,COMPLETE
1303,0.440483295917511,2025-04-03 01:15:12.502215,2025-04-03 01:16:51.522797,0 days 00:01:39.020582,0.875767041521348,0.3134811023631237,2,0.23118202791531292,0.09977170312908362,0.08488278424221879,0.07186140252916416,0.003167530029010818,0.0302566948437238,0.07329905002152982,25,82,0.02109486507576392,0.08966472559028174,True,False,False,0.0005341081078565983,COMPLETE
1304,0.2836809813976288,2025-04-03 01:16:51.942494,2025-04-03 01:18:19.280404,0 days 00:01:27.337910,0.7857680197878031,0.25788353640610456,2,0.24493319149227671,0.23407456625838077,0.021678270215228678,0.06945485164071727,0.07326839746166958,0.02304415161576625,0.04842118101276143,26,76,0.01604657766153502,0.12918331834106006,True,False,True,0.0008328918685231321,COMPLETE
1305,0.4215352296829224,2025-04-03 01:18:19.699026,2025-04-03 01:20:04.763312,0 days 00:01:45.064286,0.7666692195278654,0.34265661566136796,2,0.25124766296068235,0.11781249768818669,0.007366774183488732,0.06522745058685396,0.006886800057721492,0.06581213753672073,0.09973760196150958,27,72,0.014461820509008783,0.14501023022088175,True,False,False,0.0003649284484743107,COMPLETE
1306,0.44106311798095704,2025-04-03 01:20:05.202700,2025-04-03 01:21:18.052151,0 days 00:01:12.849451,0.8549954084252092,0.1778689292561329,2,0.1645613516005299,0.10769556737063384,0.025612102077283986,0.06810332707542849,0.009945919496973302,0.018433489166833534,0.03926692566997514,17,79,0.026557921704321457,0.13841959909604853,True,False,False,0.000610107665793324,COMPLETE
1307,0.44006665945053103,2025-04-03 01:21:18.473562,2025-04-03 01:22:59.298244,0 days 00:01:40.824682,0.8152970575043809,0.288310223326398,2,0.23719782251849028,0.09389596054121564,0.013439303738182189,0.06022521928513803,0.008757888934811591,0.0010376766268508433,0.05527822084880811,25,84,0.01872875321085453,0.1246438304512421,True,False,False,0.0004550201874252803,COMPLETE
1308,0.39062155485153205,2025-04-03 01:22:59.721871,2025-04-03 01:24:35.734643,0 days 00:01:36.012772,0.8340301333094485,0.23468791084426704,2,0.26411042969406245,0.08555042029924975,0.009374738228733966,0.07317974030727803,0.012744790165241124,0.021233138146870015,0.07019642872201877,24,89,0.016806841673130738,0.1488227674146365,True,False,False,2.117840858813685e-08,COMPLETE
