number,value,datetime_start,datetime_complete,duration,params_alpha-eval,params_alpha-train,params_batch-size,params_eps-eval,params_eps-train,params_lambda-actions-eval,params_lambda-actions-train,params_lambda-frames-eval,params_lambda-frames-train,params_learning-rate,params_n-epochs,params_n-frames,params_radius-gw,params_rho,params_std-feats,params_ub-actions,params_ub-frames,params_weight-decay,state
796,0.4483917236328125,2025-04-02 11:54:38.175755,2025-04-02 11:56:17.431677,0 days 00:01:39.255922,0.8061636053143934,0.31060055144920323,2,0.24551238256274155,0.12282378803056107,0.004595734751302775,0.06844376144557525,0.014726597072391363,0.029290741337349647,0.052130953925456275,25,83,0.015127418332757287,0.11985719088989572,True,False,False,0.0005804633523251608,COMPLETE
797,0.42461007833480835,2025-04-02 11:56:17.682881,2025-04-02 11:57:59.979575,0 days 00:01:42.296694,0.8619887627956649,0.22750822016048902,2,0.22786436726722797,0.10560751380182011,0.01113529839474968,0.07126550083118213,0.01944865363363788,0.08509378237334286,0.04431734330418326,26,65,0.011355522313664287,0.1282280060334504,True,False,False,0.0007819850640673097,COMPLETE
798,0.42513307332992556,2025-04-02 11:58:00.244094,2025-04-02 11:59:25.949143,0 days 00:01:25.705049,0.8403906727168521,0.2862412946421398,2,0.23681304091542665,0.11587018338696421,0.006449744818244188,0.05898052466644631,0.010492310198598948,0.026871177795814587,0.0629221924602871,25,75,0.01304907039742663,0.11099023262658075,True,True,False,1.583646221622306e-07,COMPLETE
799,0.4355857849121094,2025-04-02 11:59:26.213852,2025-04-02 12:01:11.308443,0 days 00:01:45.094591,0.8772109819033842,0.26059342478868863,2,0.24789730182459654,0.09495403943381478,0.020915568154574148,0.0743332274503573,0.02387785431812008,0.020859824683351534,0.08147017954052999,27,69,0.019488317223855547,0.1441924951454945,True,False,False,0.00036531648304743785,COMPLETE
800,0.441841995716095,2025-04-02 12:01:11.557129,2025-04-02 12:02:49.616032,0 days 00:01:38.058903,0.9037808216713195,0.3331788024614176,2,0.033555102779407306,0.08591318681216789,0.015239077696182848,0.07806875385690712,0.01685869418837181,0.030443351735061876,0.03986400505898433,25,78,0.016387335855268238,0.135038332486467,True,False,False,0.000635314212881328,COMPLETE
801,0.4286075115203858,2025-04-02 12:02:49.878918,2025-04-02 12:04:24.670197,0 days 00:01:34.791279,0.8554291015580618,0.3015503616021338,2,0.2619080089602078,0.10256415994016033,0.012837242130951233,0.06212357015381778,0.013649897489916215,0.024998189175248303,0.0534193109558476,24,72,0.02064990411308703,0.12398029184887695,True,False,False,0.0007852600141303754,COMPLETE
802,0.42601617574691775,2025-04-02 12:04:24.936725,2025-04-02 12:06:08.330918,0 days 00:01:43.394193,0.8191921097327758,0.23422015452187067,2,0.24088336318310433,0.11271855919561552,0.008184137285988411,0.06526500096590258,0.008614393429939849,0.0283147713000709,0.09919117814315578,26,85,0.008263288264232137,0.16100340577787586,True,False,False,0.0004628376454185976,COMPLETE
803,0.43614996671676637,2025-04-02 12:06:08.584515,2025-04-02 12:07:44.471104,0 days 00:01:35.886589,0.7881756847563897,0.28456819400643074,2,0.22299765769040877,0.09323244967934152,0.010268110574704314,0.068020318792023,0.021321754637462335,0.023836544563199356,0.06298051345492159,24,81,0.014861952275232973,0.13742188136213843,True,False,False,0.000992207260391492,COMPLETE
804,0.4378393292427063,2025-04-02 12:07:44.740790,2025-04-02 12:09:29.118205,0 days 00:01:44.377415,0.9447792878404582,0.25634825308108944,2,0.2548693500589328,0.10769628744483813,0.0016105471077417118,0.06332009380868002,0.010980638534749013,0.019701383058339243,0.03886460504862017,26,115,0.018196656339491007,0.11709815967538538,True,False,False,1.291267118964944e-06,COMPLETE
805,0.4249802589416504,2025-04-02 12:09:29.368813,2025-04-02 12:11:08.017554,0 days 00:01:38.648741,0.8786315716321159,0.31565234376054635,2,0.23390995419645422,0.09919843483223283,0.018366108452639394,0.06637014040185199,0.01783785003075087,0.05380009210316594,0.05023200388393431,25,74,0.012359741794886867,0.13071429149524696,True,False,False,0.0005716280109259252,COMPLETE
806,0.43674157857894896,2025-04-02 12:11:08.282378,2025-04-02 12:12:54.614049,0 days 00:01:46.331671,0.8469421166624295,0.27245924642185737,2,0.2505701241808362,0.11901426039932447,0.013201374517395757,0.07218778541672344,0.015497000100670847,0.0173102405484919,0.07194966996416863,27,78,0.016857197300096435,0.14949756950121892,True,False,False,0.0006847320288603636,COMPLETE
807,0.43171803951263427,2025-04-02 12:12:54.879483,2025-04-02 12:13:21.364250,0 days 00:00:26.484767,0.5868462177905656,0.24481310972560985,16,0.22845755557353997,0.0880561445722203,0.015733914976460598,0.061028865429017205,0.012921854697838858,0.026804918618564044,0.06230950494491449,25,66,0.014266063337322672,0.14266403631971086,True,False,False,0.0003162559232592229,COMPLETE
808,0.44261656999588017,2025-04-02 12:13:21.618107,2025-04-02 12:15:03.487092,0 days 00:01:41.868985,0.8109184636047753,0.2985688839408699,2,0.24172918693314913,0.1359077372748961,0.009448816793943911,0.06917474922719712,0.009632886906692766,0.022575610218009596,0.04437599942442097,26,71,0.018861604718758883,0.12626901176219485,True,False,False,0.0004568945769089259,COMPLETE
809,0.42465689182281496,2025-04-02 12:15:03.756916,2025-04-02 12:16:43.931620,0 days 00:01:40.174704,0.8355617452995447,0.3372127019668576,2,0.23482506768551734,0.10395119492518674,0.011421367962537161,0.06484303757799842,0.01813287466126376,0.030568389605114623,0.0334934619216528,25,75,0.010107293395527274,0.13417762019503318,True,False,False,0.0007824372528735839,COMPLETE
810,0.2659713089466095,2025-04-02 12:16:44.199460,2025-04-02 12:17:38.850864,0 days 00:00:54.651404,0.9007383002041736,0.2211975956691387,2,0.2463460516293402,0.09426617668661691,0.02122439419000635,0.05844450834914408,0.011569678067722739,0.028278315401560925,0.07865851077402847,14,82,0.015556236028559055,0.11927386566900522,True,False,True,0.0005645118509927706,COMPLETE
811,0.43497357368469236,2025-04-02 12:17:39.105230,2025-04-02 12:19:24.085406,0 days 00:01:44.980176,0.8573957244504559,0.2711206888474891,2,0.25646277700161957,0.09893546175813961,0.007078199251858978,0.06199201921025839,0.014293678444491493,0.025924822475669296,0.05416172118220179,27,69,0.059705315067542425,0.14101151476291435,True,False,False,0.00038007810900881977,COMPLETE
812,0.44420303106307985,2025-04-02 12:19:24.349864,2025-04-02 12:21:07.243798,0 days 00:01:42.893934,0.8778778514091934,0.30981058043647913,2,0.22975403545063589,0.11034313426155372,0.013346347785345655,0.07035416278042353,0.008371187616896505,0.021992929385297472,0.04148378849069209,26,79,0.01371178187782834,0.1298996633057584,True,False,False,0.0009970570588431153,COMPLETE
813,0.4359439253807068,2025-04-02 12:21:07.509770,2025-04-02 12:22:19.651827,0 days 00:01:12.142057,0.9263988178763346,0.28622580953205795,2,0.26755062746020325,0.08390198646275394,0.009515609108343643,0.065983457414857,0.02040970258906458,0.024242721840020045,0.06318079817022863,17,75,0.021889634696344393,0.15362473264915563,True,False,False,0.0008136829717829124,COMPLETE
814,0.4257939100265503,2025-04-02 12:22:19.906788,2025-04-02 12:23:53.977417,0 days 00:01:34.070629,0.8291959944463567,0.2534413470272618,2,0.22395185095912956,0.106402395980689,0.01579523567954079,0.06737066629237352,0.013053497802872663,0.019087492461439426,0.08127692174431908,24,62,0.01727196404792757,0.12295595622207876,True,False,False,0.0006428058589953182,COMPLETE
815,0.4445052981376648,2025-04-02 12:23:54.243455,2025-04-02 12:25:34.189542,0 days 00:01:39.946087,0.7941278033378778,0.27059140311755814,2,0.23940264283034682,0.11718849220099681,0.019256312570112767,0.05960055004925664,0.02883141363431461,0.026900843177837287,0.04963184414374471,25,73,0.019819682238939436,0.1467406153212071,True,False,False,1.0519822148024948e-05,COMPLETE
816,0.2804898262023926,2025-04-02 12:25:34.457036,2025-04-02 12:27:07.405053,0 days 00:01:32.948017,0.8635329680600996,0.2301242889793409,2,0.24894238035181124,0.09104019836405475,0.01170107933850032,0.06345581419686908,0.016020419489317216,0.028915762416868235,0.06872014883751636,27,85,0.011621325991362796,0.13573243092780427,True,True,False,0.0004685683510127522,COMPLETE
817,0.4483099699020386,2025-04-02 12:27:07.660169,2025-04-02 12:28:50.328388,0 days 00:01:42.668219,0.8888198972161304,0.32566103012962716,2,0.2437459255538841,0.12740270202089546,0.00498606537094436,0.06738681949256989,0.01144147463804122,0.03235499270510664,0.02776856617442978,26,78,0.015500273889148347,0.1170368397611417,True,False,False,0.000798503060136059,COMPLETE
818,0.45033943653106695,2025-04-02 12:28:50.595991,2025-04-02 12:30:29.052774,0 days 00:01:38.456783,0.8091798733330806,0.29260638614012613,2,0.2607628969300541,0.09751427866751429,0.01677892815693994,0.08406282861054006,0.02622985698914993,0.0211234919983795,0.035694217802255804,25,68,0.01784504347451558,0.12812828119316194,True,False,False,0.0005794651418684078,COMPLETE
819,0.44003298282623293,2025-04-02 12:30:29.321953,2025-04-02 12:32:04.353896,0 days 00:01:35.031943,0.7803643563142062,0.2544696271176249,2,0.25939276087230445,0.09450959767497509,0.017539700502735706,0.08573907645024417,0.026085453909643785,0.021941674641012012,0.03107877620414869,24,66,0.021805414439019902,0.12480525655613776,True,False,False,0.0006448684260784867,COMPLETE
820,0.4490920424461365,2025-04-02 12:32:04.610041,2025-04-02 12:33:44.089263,0 days 00:01:39.479222,0.8035642733789816,0.2884516826216193,2,0.26333807968187983,0.08695689802921314,0.018647120857586148,0.08708839110646335,0.0303692754264486,0.023240821639355227,0.03400432473510341,25,82,0.01938983449898682,0.11346265309547239,True,False,False,0.0005573181416706004,COMPLETE
821,0.4396130323410034,2025-04-02 12:33:44.358846,2025-04-02 12:35:19.132155,0 days 00:01:34.773309,0.8053014876312414,0.2726792606947039,2,0.2687968592154554,0.07976277491133914,0.021951869749299226,0.09332734857501196,0.028088377127293514,0.08359063356257518,0.03758210385533482,24,63,0.018205492328598628,0.12927540918590538,True,False,False,0.0009976010057406736,COMPLETE
822,0.43829642534255986,2025-04-02 12:35:19.402923,2025-04-02 12:36:54.829227,0 days 00:01:35.426304,0.7903514567187346,0.24714128985138467,2,0.2598108267573017,0.0987499786314914,0.020471868500064036,0.07898820328710127,0.02539109916137053,0.02418773902476559,0.029709210527114935,24,76,0.0207981695328092,0.12156657651837842,True,False,False,0.0008074642492482419,COMPLETE
823,0.4498750567436218,2025-04-02 12:36:55.103159,2025-04-02 12:38:32.826603,0 days 00:01:37.723444,0.7745404542112364,0.2928300200780066,2,0.25553900657269807,0.09035833858810537,0.007548087908889005,0.09154511558457884,0.023447627089109135,0.02556366804316285,0.04049347498536516,25,68,0.017782183452884574,0.10880184523613047,True,False,False,0.0006598438842010219,COMPLETE
824,0.4375896811485291,2025-04-02 12:38:33.084136,2025-04-02 12:40:10.853226,0 days 00:01:37.769090,0.8328713825232074,0.22945154517913535,2,0.2534572659537199,0.10010201634913884,0.016745605459563252,0.0908643349930913,0.024359640366889184,0.020889081097770927,0.03613192271946385,25,72,0.022208959466914646,0.1278605556978167,True,False,False,4.773492893285784e-06,COMPLETE
825,0.4202390432357788,2025-04-02 12:40:11.125317,2025-04-02 12:41:50.504590,0 days 00:01:39.379273,0.8147327571017187,0.26692126434978386,2,0.26259282904390285,0.09445509435691442,0.011311456399768513,0.08634558328689944,0.025759209038110707,0.026227608592791277,0.04453048523384125,25,80,0.016532706209618785,0.13273587660320507,True,False,False,1.8162021193654252e-08,COMPLETE
826,0.44817106723785405,2025-04-02 12:41:50.779587,2025-04-02 12:43:30.721845,0 days 00:01:39.942258,0.8210443045855184,0.21027405837083507,2,0.26600246355112206,0.10436796021924216,0.008593428992662914,0.059616925518422105,0.023585601285806054,0.030180090514639265,0.025884914526635276,25,85,0.01957914776389567,0.11655836724987445,True,False,False,0.0005314569398604969,COMPLETE
827,0.44013911485671997,2025-04-02 12:43:30.982579,2025-04-02 12:45:06.984076,0 days 00:01:36.001497,0.7994090373860517,0.29900322653842126,2,0.251764753847159,0.08272810609495714,0.013929369008524296,0.08237958845303629,0.029611916858561675,0.08985643337337483,0.0004969308947388904,24,77,0.017028722658233516,0.12494489037201581,True,False,False,0.000778131575113503,COMPLETE
828,0.43492802381515505,2025-04-02 12:45:07.258924,2025-04-02 12:45:33.318702,0 days 00:00:26.059778,0.8393937131784941,0.27883162536865225,16,0.25684764820409967,0.0896703813809108,0.01074006646338199,0.08352920126325623,0.027312809687200852,0.023776876410741915,0.047089397177423636,25,66,0.018158143471111967,0.13314038512975365,True,False,False,0.0006333730475240048,COMPLETE
829,0.31144797801971436,2025-04-02 12:45:33.594118,2025-04-02 12:46:58.148282,0 days 00:01:24.554164,0.819018274262851,0.24344703350884792,2,0.24914160540626973,0.0951998253071115,0.01625146652516197,0.061036869615888785,0.02114338867945573,0.021158814476692787,0.09913934391635647,25,59,0.015450570859644852,0.1229151899362038,True,False,True,0.0005092400691287272,COMPLETE
830,0.41824198961257936,2025-04-02 12:46:58.408968,2025-04-02 12:48:34.836042,0 days 00:01:36.427074,0.7721503678352882,0.2629325450864857,2,0.26889054509646215,0.10232139057804263,0.0062360182958879126,0.05797845223265249,0.02188598121184175,0.028138494435416717,0.03216511196822641,24,5,0.019823899988704336,0.1374012857290371,True,False,False,0.0008080222904261628,COMPLETE
831,0.42888090610504154,2025-04-02 12:48:35.109255,2025-04-02 12:50:16.882456,0 days 00:01:41.773201,0.8372755066977828,0.30127092820630436,2,0.2579983494826433,0.09925130827591544,0.012455889734973908,0.0998395067599585,0.01902532391748107,0.025556261960296825,0.053345036766892215,26,73,0.013805590596213058,0.12992643462672834,True,False,False,0.0006341689040698791,COMPLETE
832,0.43998900651931766,2025-04-02 12:50:17.164114,2025-04-02 12:51:52.706015,0 days 00:01:35.541901,0.7909136915818054,0.2834040849873218,2,0.24609584609170598,0.08631691591469763,0.009170241268618918,0.08935856060906106,0.02281859889438776,0.022898025213411603,0.041995094222814874,24,80,0.016302031830934368,0.1190224361695895,True,False,False,0.0009940823799115801,COMPLETE
833,0.4344816684722901,2025-04-02 12:51:52.968222,2025-04-02 12:53:33.168469,0 days 00:01:40.200247,0.8178732038954533,0.24964775558234922,2,0.2519677513519481,0.11127483024326239,0.02144715219744002,0.06328644527873109,0.01991488830431256,0.020153593186233436,0.06101188750774456,25,113,0.02080852500435154,0.11115629204634543,True,False,False,0.0008025899083439996,COMPLETE
834,0.4355991005897522,2025-04-02 12:53:33.443423,2025-04-02 12:55:16.261392,0 days 00:01:42.817969,0.8474092402392176,0.22775857778389508,2,0.2632978982812853,0.166839470507629,0.01916065495288594,0.0619818584205871,0.017231241621578377,0.031001146620448238,0.08695250594419406,26,83,0.012459856371256108,0.12742681189501862,True,False,False,0.0004885342549014942,COMPLETE
835,0.4384074449539185,2025-04-02 12:55:16.534701,2025-04-02 12:56:55.402011,0 days 00:01:38.867310,0.8050363630963258,0.31398842482961514,2,0.24100045526019684,0.10334737439547234,0.014795007417826692,0.0956091994960471,0.025811884280835803,0.027498123197880725,0.036355910354114916,25,70,0.0722101798623507,0.13649534682767997,True,False,False,0.0006729012589483297,COMPLETE
836,0.444672179222107,2025-04-02 12:56:55.663023,2025-04-02 12:58:37.788195,0 days 00:01:42.125172,0.8514308287941532,0.26966426765576446,2,0.24771190777447497,0.09207427475993271,0.012710242851487905,0.0702262766826669,0.016219682701889813,0.02525038843258438,0.051413166262056074,26,76,0.018029155152733005,0.1318929422481719,True,False,False,0.0005411517600846279,COMPLETE
837,0.2804898262023926,2025-04-02 12:58:38.060006,2025-04-02 12:59:57.783580,0 days 00:01:19.723574,0.8250936592717437,0.29469799097838656,2,0.25316930674027915,0.11066376007782426,0.01033795679179433,0.08053811624699052,0.01851415790804002,0.033306376323260646,0.07115977382478864,23,68,0.015030985828754454,0.12064111047787503,True,True,False,0.0008151317122316043,COMPLETE
838,0.4424750685691834,2025-04-02 12:59:58.061053,2025-04-02 13:01:37.014969,0 days 00:01:38.953916,0.7820127472632544,0.3384080507246062,2,0.24079116966479042,0.09690482771738425,0.007837578396955654,0.08387582271941411,0.02316740313417931,0.09646124380233251,0.04628653600703326,25,86,0.022665522806389834,0.1383208445399681,True,False,False,0.0004402643772602213,COMPLETE
839,0.44464596509933474,2025-04-02 13:01:37.278204,2025-04-02 13:02:57.173297,0 days 00:01:19.895093,0.8583151449076158,0.24274479171619756,2,0.2600950214935173,0.08278302473123013,0.013740011889087954,0.05948887729577765,0.02130621418812918,0.028423649096232382,0.059846622809825355,19,73,0.016874318090416656,0.1277804193393076,True,False,False,0.000678140419561229,COMPLETE
840,0.423123049736023,2025-04-02 13:02:57.453957,2025-04-02 13:04:36.662696,0 days 00:01:39.208739,0.8316325818983155,0.21127848303713762,2,0.24579835259346133,0.10518684433177768,0.017697769536221278,0.08734904909972463,0.014338217776378276,0.022433523088126496,0.08446582305091603,25,78,0.01258564282799463,0.1155192971133507,True,False,False,0.0008316351350882942,COMPLETE
841,0.4230524182319641,2025-04-02 13:04:36.937043,2025-04-02 13:06:18.739509,0 days 00:01:41.802466,0.8036887976421005,0.27591773029439415,2,0.23487979279279064,0.12008260925348473,0.005373293854715888,0.06493873241079931,0.016424300284724344,0.02452885274004837,0.03958520475900876,26,64,0.00949709812852399,0.13349545151108436,True,False,False,0.0005520105231613995,COMPLETE
842,0.4326644539833069,2025-04-02 13:06:19.017921,2025-04-02 13:07:54.692449,0 days 00:01:35.674528,0.8646613687427137,0.3190329167696981,2,0.25157009068179065,0.09129172803185549,0.011016120707835732,0.0943775338657366,0.01913868389668011,0.02982228562099453,0.07054149670236005,24,82,0.018948771244259272,0.12404489335264757,True,False,False,0.0003945712864755065,COMPLETE
843,0.4369234919548035,2025-04-02 13:07:54.956553,2025-04-02 13:09:37.251342,0 days 00:01:42.294789,0.8462056880684425,0.2905436970183715,2,0.23764204092663047,0.09933623795820326,0.00929593026448656,0.06945119611671431,0.013487684298632868,0.01992861788605002,0.029877815126993383,26,74,0.01398840724833085,0.13914116894285597,True,False,False,0.000999953718037022,COMPLETE
844,0.44487011432647705,2025-04-02 13:09:37.531490,2025-04-02 13:11:18.591620,0 days 00:01:41.060130,0.8222000115960811,0.2546973425916471,2,0.22451613508985396,0.13059757547895826,0.022240724114624938,0.061603278045294745,0.008341996954962114,0.026933450212868124,0.05172629970563768,25,123,0.015871622102223922,0.1406771481156886,True,False,False,0.0006961141465551004,COMPLETE
845,0.43710830211639407,2025-04-02 13:11:18.871668,2025-04-02 13:12:54.499066,0 days 00:01:35.627398,0.9097944715444622,0.2641787900478259,2,0.2445520905522219,0.11341601545089536,0.015410112867189317,0.09745521015460916,0.026969964581866283,0.09652698558327563,0.04402077823841022,24,71,0.020429679773875695,0.12880831718727098,True,False,False,0.00046624977675585263,COMPLETE
846,0.4367432594299317,2025-04-02 13:12:54.763030,2025-04-02 13:13:32.003673,0 days 00:00:37.240643,0.8691960372079278,0.22494905911457627,2,0.22908583386384612,0.0880197849457577,0.012462170806560997,0.0737721490313813,0.015326139274275091,0.02206376876181234,0.06583719822292207,6,85,0.09778078060680365,0.11963321640292157,True,False,False,0.0006726101836403692,COMPLETE
847,0.28166930675506596,2025-04-02 13:13:32.283992,2025-04-02 13:15:00.602621,0 days 00:01:28.318629,0.8403778607761035,0.30060881622815144,2,0.25610282009781277,0.09632811046124039,0.019115164932330713,0.07146609366344141,0.021038877474249252,0.024138073562391598,0.03440624054748487,26,79,0.011280690815125841,0.10661929413779053,True,False,True,0.00030024723638411824,COMPLETE
848,0.4476996064186096,2025-04-02 13:15:00.880184,2025-04-02 13:16:38.084032,0 days 00:01:37.203848,0.8023408637175746,0.2779010846614474,2,0.23783030308669426,0.07833597149953887,0.008495803935316973,0.06428561460505573,0.024331257885237986,0.02637411292144958,0.056763568869200316,25,48,0.017791140575463424,0.1338331417726813,True,False,False,0.0008226700233109689,COMPLETE
849,0.4382665038108826,2025-04-02 13:16:38.351160,2025-04-02 13:18:24.267414,0 days 00:01:45.916254,0.8835360157676082,0.31861198406350966,2,0.24766284608819458,0.10801532472651679,0.01639596890721912,0.06716798605539262,0.017539929301548414,0.03157168071535195,0.08403889032922354,27,76,0.014780277267166587,0.12534150810179998,True,False,False,1.3926580402429478e-05,COMPLETE
850,0.4390603661537171,2025-04-02 13:18:24.545026,2025-04-02 13:18:50.863583,0 days 00:00:26.318557,0.7790009604280982,0.2408870125963638,16,0.2621548239377884,0.10160729383879127,0.011271450607448998,0.059304749401533165,0.00821241336355132,0.028229493026238114,0.04624479484595806,25,68,0.01862847519295381,0.1329599430103473,True,False,False,0.0005643993648093694,COMPLETE
851,0.42411599159240726,2025-04-02 13:18:51.141924,2025-04-02 13:20:26.554021,0 days 00:01:35.412097,0.8287997710306392,0.3368737945865705,2,0.2319508198950869,0.11750636122234764,0.013900132793928556,0.06829823903463692,0.013050020427251844,0.017768055438391224,0.028122588956299627,24,72,0.013482873233201633,0.1417556382714781,True,False,False,0.0003982883830100814,COMPLETE
852,0.4163498401641846,2025-04-02 13:20:26.818164,2025-04-02 13:22:09.636788,0 days 00:01:42.818624,0.8547034411490841,0.21052588466596064,2,0.24236942954718593,0.09476558321681548,0.0068652993920062695,0.06282359388731408,0.031143405130316458,0.020315458133003915,0.07302821069727095,26,81,0.01629858365326053,0.11617484557896146,True,False,False,0.0009915667277775252,COMPLETE
