number,value,datetime_start,datetime_complete,duration,params_alpha-eval,params_alpha-train,params_batch-size,params_eps-eval,params_eps-train,params_lambda-actions-eval,params_lambda-actions-train,params_lambda-frames-eval,params_lambda-frames-train,params_learning-rate,params_n-epochs,params_n-frames,params_radius-gw,params_rho,params_std-feats,params_ub-actions,params_ub-frames,params_weight-decay,state
1935,0.2804898262023926,2025-04-03 17:26:11.480743,2025-04-03 17:27:30.032425,0 days 00:01:18.551682,0.7843691302450624,0.2577713536944129,2,0.24897125793093944,0.0028264569491254776,0.023702608084152827,0.06392057403835437,0.003341531169865534,0.002495254121374249,0.03950762344557261,19,89,0.016995728438985093,0.13173555876398718,True,False,False,0.0008052707995871516,COMPLETE
1936,0.3751685321331024,2025-04-03 17:27:30.688429,2025-04-03 17:28:57.961689,0 days 00:01:27.273260,0.8376957651766318,0.9686718072454579,2,0.2014079412581007,0.10817181027821404,0.013313491932319604,0.05135502934801388,0.00808804321597676,0.006096165900105283,0.05676849247989988,22,58,0.01960109896671448,0.11997013953199392,False,False,False,0.000609393362647836,COMPLETE
1937,0.42403755187988285,2025-04-03 17:28:58.586685,2025-04-03 17:30:39.669202,0 days 00:01:41.082517,0.4079243914273164,0.3615215519570753,2,0.25884092421755295,0.08804290187751344,0.016148147746841365,0.06785641146108835,0.07209069682558329,0.005288918864744036,0.07197010150285989,25,97,0.01148321851777489,0.13391729337354477,True,False,False,0.0004336080544434356,COMPLETE
1938,0.4302190661430359,2025-04-03 17:30:40.317531,2025-04-03 17:32:16.562225,0 days 00:01:36.244694,0.7491482928422235,0.32318962524099276,2,0.28050888418060116,0.10156388108293209,0.012126253831488012,0.05880298519787743,0.012293938833138746,0.0037436573843734207,0.04804805290322113,24,93,0.01431212970138044,0.13814568778727204,True,False,False,2.4884535173725935e-06,COMPLETE
1939,0.4440490365028381,2025-04-03 17:32:17.188110,2025-04-03 17:32:54.054844,0 days 00:00:36.866734,0.8073948425541456,0.2955487260876159,8,0.250951255992646,0.2419597099673508,0.019347262226261704,0.055985248301820945,0.006581131444029095,0.007515791984953304,0.03041327998873426,25,83,0.01673569272691844,0.12781647690385575,True,False,False,0.0008166814104987339,COMPLETE
1940,0.4419817686080933,2025-04-03 17:32:54.700469,2025-04-03 17:33:21.594961,0 days 00:00:26.894492,0.7886534169259602,0.27496321556827863,16,0.2686235748910807,0.10825742473510719,0.0224049802352345,0.06593843228311815,0.009733763605400719,0.0016271944851688333,0.06313037049359897,25,76,0.019382454723134938,0.1383290467833725,True,False,False,0.0005255555236572452,COMPLETE
1941,0.4361158967018128,2025-04-03 17:33:22.219721,2025-04-03 17:34:58.605858,0 days 00:01:36.386137,0.842405283651922,0.4788460093745114,2,0.26433136379760785,0.15208527388325388,0.014983778788381683,0.06368363220370944,0.004574402407088072,0.0061347416918463675,0.03932796805543114,24,87,0.015282242590882145,0.1217332302452106,True,False,False,0.0006841637862302297,COMPLETE
1942,0.43987197875976564,2025-04-03 17:34:59.259085,2025-04-03 17:36:38.322839,0 days 00:01:39.063754,0.7355996504683325,0.2579541892762779,2,0.2601212494983784,0.09380696054045815,0.012230712625884394,0.06008651999219001,0.029912793042137488,0.034161860475968975,0.0517667601159341,25,81,0.09293360983532045,0.13060828308564199,True,False,False,0.00040696498769940474,COMPLETE
1943,0.3507239580154419,2025-04-03 17:36:38.974036,2025-04-03 17:38:17.996634,0 days 00:01:39.022598,0.7138863803856631,0.31111562892151023,2,0.2549405153618497,0.02711150248086311,0.011832637607311462,0.06835872962550099,0.002367495363550905,0.0031579736172885177,0.0454157180939428,25,65,0.011981441197750204,0.13734639875918328,True,False,False,0.0009780923955057057,COMPLETE
1944,0.4464123368263245,2025-04-03 17:38:18.630456,2025-04-03 17:39:58.101821,0 days 00:01:39.471365,0.8211125782960913,0.2924831075301043,2,0.2498602941853357,0.2497550322345461,0.020897198464707722,0.06184591854185484,0.011540100049056333,0.015807682337011658,0.07521439626597932,25,90,0.023757877294980682,0.11251185530907157,True,False,False,0.0006796856206532384,COMPLETE
1945,0.43293950557708744,2025-04-03 17:39:58.750413,2025-04-03 17:41:29.951226,0 days 00:01:31.200813,0.7680879638106533,0.34845329544818204,2,0.2750179442692761,0.06529420035498752,0.01766610959632341,0.07022519621835081,0.014424712228447056,0.018164506291821633,0.05814676684583341,23,61,0.021618701643880373,0.1276026583240601,True,False,False,0.0005490988886506189,COMPLETE
1946,0.3113412022590637,2025-04-03 17:41:30.602492,2025-04-03 17:42:54.745441,0 days 00:01:24.142949,0.8502004134318928,0.3178122497978762,2,0.2479430327117331,0.08488491420934184,0.024166814344134438,0.057839267764732874,0.00836813734269709,0.01062222539783501,0.03531357363388455,24,115,0.018276379513194538,0.14274062420243297,True,False,True,0.0004470541688499477,COMPLETE
1947,0.44803706407547,2025-04-03 17:42:55.367738,2025-04-03 17:44:34.547974,0 days 00:01:39.180236,0.795706184276531,0.25256328977196574,2,0.2666954408009154,0.1172900813172252,0.014410006481944565,0.06507427253722163,0.005982551028942413,0.032908343558718675,0.025152589791824737,25,97,0.013860961183556864,0.12072807627079553,True,False,False,0.0008248059626729654,COMPLETE
1948,0.42778332233428956,2025-04-03 17:44:35.196811,2025-04-03 17:46:10.894400,0 days 00:01:35.697589,0.8273973046485346,0.2795415413569799,2,0.2568455267548524,0.10165655902095157,0.011325301257911407,0.06286869741955672,0.009466758684350362,0.0014103735184562267,0.07199543954752634,24,79,0.01614270879798384,0.13336188036626595,True,False,False,0.0006941907296450326,COMPLETE
1949,0.423123049736023,2025-04-03 17:46:11.521775,2025-04-03 17:48:04.433849,0 days 00:01:52.912074,0.7744092422379166,0.32638180420265916,2,0.24468311014492486,0.1267335236408182,0.07277344475816779,0.06759509550463136,0.044402325500122804,0.004630996173028824,0.055820615005770305,29,86,0.009421829394437076,0.1420018198725129,True,False,False,0.000997963472137426,COMPLETE
1950,0.4446715712547302,2025-04-03 17:48:05.076955,2025-04-03 17:49:43.751461,0 days 00:01:38.674506,0.8208550797407742,0.2972418818660019,2,0.2623255249643684,0.23176060186068465,0.016552866708780294,0.0659361321331207,0.006980481211201797,0.0073500429808696505,0.04439838457806317,25,93,0.020669618267715316,0.2804917915402006,True,False,False,0.000390080927174246,COMPLETE
1951,0.43241388797760016,2025-04-03 17:49:44.402535,2025-04-03 17:51:23.753129,0 days 00:01:39.350594,0.8007222671234692,0.2640311352525372,2,0.2533795199993533,0.10969106006547305,0.011071065839651506,0.08267256109346596,0.004674969588855202,0.018317185335029663,0.06289083431882271,25,103,0.018125233274341783,0.12675862484967793,True,False,False,0.0005551198634879469,COMPLETE
1952,0.4521185159683228,2025-04-03 17:51:24.380958,2025-04-03 17:53:06.321392,0 days 00:01:41.940434,0.9824492606449691,0.3369778195780918,2,0.26957956440456465,0.09644599326231758,0.09088307373552149,0.05425150554717444,0.011092631436611109,0.0010993884439369228,0.07778344244639278,26,83,0.012887266292254975,0.14869686521095746,True,False,False,0.0008029346036893723,COMPLETE
1953,0.2866593956947327,2025-04-03 17:53:06.971031,2025-04-03 17:54:41.069848,0 days 00:01:34.098817,0.9948520246654604,0.3720804940114965,2,0.25812414015364354,0.1020164907840061,0.05459299603385594,0.05347683876319214,0.013672561543645927,0.0014073789910083075,0.08863734613774872,28,83,0.008242625369814804,0.1652843100435975,True,True,False,0.0009864373810618422,COMPLETE
1954,0.4236032605171204,2025-04-03 17:54:41.725976,2025-04-03 17:56:28.071222,0 days 00:01:46.345246,0.9739750995647959,0.376215926607483,2,0.18080349135906645,0.09952125700194332,0.08620517287393237,0.05737243108666083,0.016384456999430613,0.0017499623986240317,0.08263087610797976,27,82,0.00971026553772624,0.15833827460514227,True,False,False,0.0007860107375804958,COMPLETE
1955,0.42357057332992554,2025-04-03 17:56:28.697032,2025-04-03 17:58:13.103435,0 days 00:01:44.406403,0.9813347016816412,0.3623387560018264,2,0.26479075935548246,0.09713134031771624,0.09816080155219528,0.05359788503989608,0.014977098951702562,0.0011451860996275504,0.07952325059066342,27,81,0.009990084915310584,0.14812638570831077,False,False,False,0.0008249853402288662,COMPLETE
1956,0.4256912469863892,2025-04-03 17:58:13.769751,2025-04-03 18:00:03.121412,0 days 00:01:49.351661,0.9538690580340082,0.3821868749398372,2,0.2074840342090797,0.10295498592759879,0.06567400635069405,0.05280469318277207,0.013061310911379347,0.0027015916892808413,0.08380960894827252,28,79,0.007516407577544374,0.15590771850382892,True,False,False,0.0008189540569245114,COMPLETE
1957,0.4266595482826233,2025-04-03 18:00:03.789470,2025-04-03 18:01:49.342917,0 days 00:01:45.553447,0.9785886692153203,0.35623490857924667,2,0.24681516552501745,0.11016553898726666,0.07705533908520497,0.05307911629676379,0.01156538494105827,0.003500685576342327,0.08586131031695929,27,84,0.011267908093434403,0.15383774807868442,True,False,False,0.0009982121243883213,COMPLETE
1958,0.4242259502410889,2025-04-03 18:01:49.977123,2025-04-03 18:03:33.279863,0 days 00:01:43.302740,0.9706172124540628,0.3545061667811583,2,0.2557615613429886,0.10477338334305741,0.02283310467546171,0.058270222064482284,0.015352787891403135,0.003023172731182011,0.0989357000863096,26,83,0.006282367908712484,0.1528695999362314,True,False,False,0.0009911782145035713,COMPLETE
1959,0.3975359797477722,2025-04-03 18:03:33.941024,2025-04-03 18:04:56.083098,0 days 00:01:22.142074,0.9889410426746121,0.3374935011966511,2,0.26341464625099303,0.03852182970091911,0.0859828978257788,0.05582628314850168,0.0122959982945436,0.0010739831095284008,0.06740300419208908,20,79,0.011646524263092206,0.16123397178510473,True,False,False,0.0007014683069803973,COMPLETE
1960,0.4347378969192505,2025-04-03 18:04:56.718655,2025-04-03 18:06:42.191521,0 days 00:01:45.472866,0.9860750146527989,0.3464904827075761,2,0.24653614040456964,0.09691224327750608,0.06735966681188044,0.05460667577698876,0.011228166650313356,0.0037239790064513842,0.07373547019721237,27,80,0.0126681605617825,0.16059132752214023,True,False,False,0.0007022555238736395,COMPLETE
1961,0.4248687863349915,2025-04-03 18:06:42.847396,2025-04-03 18:07:20.416214,0 days 00:00:37.568818,0.9710364324971236,0.4081184261114054,8,0.25280131725672655,0.11391033208399859,0.06150003697839905,0.05247860192833282,0.08186783747263669,0.0045177247389689475,0.07672999162180143,26,82,0.010769332236710035,0.14831862860663156,True,False,False,0.0006804753489031112,COMPLETE
1962,0.42482626438140875,2025-04-03 18:07:21.067377,2025-04-03 18:07:48.765541,0 days 00:00:27.698164,0.9590653029022886,0.3694816374267351,16,0.2704484879933214,0.17612244851794517,0.019805683819829053,0.05480223621315794,0.0010398403328076306,0.003055338475270301,0.07119861660671004,26,76,0.012561024502821056,0.15251459998881275,True,False,False,0.0007888185833063794,COMPLETE
1963,0.42222485542297367,2025-04-03 18:07:49.416931,2025-04-03 18:09:31.840138,0 days 00:01:42.423207,0.9949109097390704,0.6434371896944469,2,0.2424411723730934,0.10714511497111281,0.08166096683501317,0.055758808849087876,0.014308267464468663,0.002817662080227162,0.09895487704516044,26,85,0.013273339229087144,0.1480496169510329,True,False,False,0.000989207874311713,COMPLETE
1964,0.28666988015174866,2025-04-03 18:09:32.500872,2025-04-03 18:11:03.421348,0 days 00:01:30.920476,0.9634760826814556,0.3988368570858246,2,0.25085036506591973,0.09350048104604933,0.08842869414645443,0.05453876752295519,0.01075637394549424,0.005109577848553167,0.06783870847440243,27,77,0.009477366389187072,0.16744673651904793,True,False,True,0.0009999666025476692,COMPLETE
1965,0.44524229764938356,2025-04-03 18:11:04.068682,2025-04-03 18:12:48.453852,0 days 00:01:44.385170,0.9973678309141406,0.344549058487931,2,0.25824276775024924,0.10634832232361176,0.09250411766006167,0.05135504458180975,0.013457433282198413,0.001488209195297642,0.082370910683803,26,85,0.01383629435892426,0.15658181124627601,True,False,False,0.0006295361553230794,COMPLETE
1966,0.42491457462310794,2025-04-03 18:12:49.115450,2025-04-03 18:14:31.322901,0 days 00:01:42.207451,0.9586485479567768,0.3392802373697711,2,0.2443786833251257,0.26469063041069457,0.07897270431518914,0.05477241550792306,0.009257409916356504,0.005297927775068651,0.06599412037543753,26,79,0.011816485253145038,0.14968745607669337,True,False,False,0.0008050439739117498,COMPLETE
1967,0.43500506877899175,2025-04-03 18:14:31.998660,2025-04-03 18:16:13.535404,0 days 00:01:41.536744,0.9761475000495953,0.37192411007548565,2,0.18797964575050952,0.09956621585980525,0.013868685016304038,0.05072200557845684,0.011699990520508824,0.003711821343088376,0.08498946173951125,26,83,0.08194492470681167,0.17734745559049325,True,False,False,0.0006222236621654421,COMPLETE
1968,0.42169059514999396,2025-04-03 18:16:14.167369,2025-04-03 18:17:59.348576,0 days 00:01:45.181207,0.9575159962554756,0.330959329638434,2,0.25974098326571876,0.1171207680156644,0.04603026888315717,0.052631427855430846,0.007989807581669698,0.006643839188335894,0.06370662883022118,27,74,0.014489037198208337,0.14639222757140646,True,False,False,0.0006917877712748474,COMPLETE
1969,0.4414740204811097,2025-04-03 18:18:00.009894,2025-04-03 18:19:42.521744,0 days 00:01:42.511850,0.9950231968847315,0.39049429911760636,2,0.26617491214083483,0.11279661330330415,0.08993495792192382,0.05445091586904212,0.01625442954383739,0.0013089889994284353,0.0771281580189961,26,80,0.014088031903079768,0.15436167059570652,True,False,False,0.0008119298700427383,COMPLETE
1970,0.424254310131073,2025-04-03 18:19:43.160853,2025-04-03 18:21:30.316023,0 days 00:01:47.155170,0.9834233960946491,0.35696948030076864,2,0.25357694628566513,0.10462571132378026,0.04330220567943602,0.05675234104885573,0.01011744097182791,0.0189618604620779,0.060516491164351455,27,76,0.011188737938591924,0.16390797362850265,True,False,False,0.0005750045691647347,COMPLETE
1971,0.4373115777969361,2025-04-03 18:21:30.974718,2025-04-03 18:22:59.279675,0 days 00:01:28.304957,0.9982517987234595,0.33013055884742076,2,0.2461189978314284,0.0948346441298625,0.06452680938616927,0.057084291834816475,0.002884900377434675,0.004207741377360964,0.08689193329903432,26,85,0.0031655398435392265,0.14555841063682845,True,True,False,0.0009974478612537257,COMPLETE
1972,0.4232347011566162,2025-04-03 18:22:59.938657,2025-04-03 18:24:49.807930,0 days 00:01:49.869273,0.9569612692811963,0.11351003331128307,2,0.23927130154580603,0.23931641513979207,0.07064133669013728,0.05613112443412031,0.013528389297708472,0.0026708343065676527,0.06802576061122674,28,81,0.005812428768848323,0.14433045336589068,True,False,False,0.0009970100894399053,COMPLETE
1973,0.43831472396850585,2025-04-03 18:24:50.445558,2025-04-03 18:26:36.568725,0 days 00:01:46.123167,0.9994761957698362,0.3423614111447933,2,0.2690743878516298,0.12158824989913436,0.01708015855372145,0.05046693127504332,0.006957659907208907,0.006002898216346614,0.05823662219163108,27,87,0.013026397970929224,0.17207920985074254,True,False,False,0.0006824947247767671,COMPLETE
1974,0.3829164505004883,2025-04-03 18:26:37.229817,2025-04-03 18:28:17.760136,0 days 00:01:40.530319,0.9278045392652288,0.31979933513080044,2,0.23323438855512785,0.10009989241814225,0.05094142661635783,0.05275920799528989,0.033343303823322915,0.0037707931391199236,0.07502859235050499,26,74,0.015246786558724645,0.15852680086405593,False,False,False,0.0005691609314666192,COMPLETE
1975,0.4232347011566162,2025-04-03 18:28:18.399228,2025-04-03 18:30:01.143569,0 days 00:01:42.744341,0.9797924954962458,0.38916405216786565,2,0.2559322469645932,0.10648554384183333,0.014224647996612333,0.054429332009001366,0.005005578057718628,0.0014983729342110893,0.05627427501786195,26,77,0.009693474417557423,0.14945006196067445,True,False,False,0.0008211721721448742,COMPLETE
1976,0.4214261770248413,2025-04-03 18:30:01.801064,2025-04-03 18:31:44.453383,0 days 00:01:42.652319,0.9429843758806338,0.3550554108070903,2,0.26213467903105864,0.11264611344182252,0.04899245387884087,0.05793016957240788,0.011372761203038527,0.0018162701488674549,0.00010003956933630702,26,80,0.01320142264176141,0.14288323872765593,True,False,False,0.0005806930712570173,COMPLETE
1977,0.4453346848487854,2025-04-03 18:31:45.114986,2025-04-03 18:33:30.404560,0 days 00:01:45.289574,0.961336172166802,0.3170570394119375,2,0.24916202257767406,0.09497086384711328,0.05877648227496982,0.052557277160497975,0.008938815055686644,0.009351486462560846,0.06675424292075038,27,85,0.015142198801788322,0.14991333898466047,True,False,False,0.0008036912348372246,COMPLETE
1978,0.4395207047462464,2025-04-03 18:33:31.040892,2025-04-03 18:35:12.409930,0 days 00:01:41.369038,0.945656188774859,0.3340466359432454,2,0.23969180427216408,0.22803778334042668,0.021489255901945333,0.05601091990836621,0.007250877400777811,0.005704785828784463,0.09926094150099761,26,82,0.016044603417393458,0.14108711535714413,True,False,False,0.0006851394602513603,COMPLETE
1979,0.4327250838279724,2025-04-03 18:35:13.076337,2025-04-03 18:36:55.405622,0 days 00:01:42.329285,0.947499070266614,0.3125279908086514,2,0.2503510718424434,0.1025504402112313,0.07733645580354406,0.05650363698568269,0.004201493963683643,0.0010923101099648525,0.07503403871873723,26,87,0.011932704308023796,0.2670081702930838,True,False,False,0.0009969420368232016,COMPLETE
1980,0.44611892700195316,2025-04-03 18:36:56.042657,2025-04-03 18:38:34.193502,0 days 00:01:38.150845,0.9971280503039072,0.34631299616029276,2,0.26192935990228805,0.130001409971584,0.024705980540098642,0.05885820470000574,0.012896258624527441,0.007034604967775366,0.05453341848905052,25,77,0.014626154382962194,0.14051771608144922,True,False,False,0.0005528819571907174,COMPLETE
1981,0.4397940158843994,2025-04-03 18:38:34.850711,2025-04-03 18:40:17.201129,0 days 00:01:42.350418,0.9823870299036259,0.3162031100874255,2,0.23394414695344315,0.10942001843207921,0.08023345417977935,0.0549258566266194,0.009884238158552052,0.0039470201121356374,0.08595547198973907,26,83,0.016016907037763036,0.1501009494405867,True,False,False,0.0006972778844896368,COMPLETE
1982,0.4232347011566162,2025-04-03 18:40:17.866577,2025-04-03 18:42:02.397401,0 days 00:01:44.530824,0.9754027783662435,0.2986112517265729,2,0.24362076981639835,0.11896858580737704,0.013029672279091251,0.05770594240912761,0.015280467472149974,0.004958345342601357,0.06021662213986615,27,57,0.007875669514963508,0.15574561485885016,True,False,False,0.0005300948500378109,COMPLETE
1983,0.2810592412948609,2025-04-03 18:42:03.031971,2025-04-03 18:42:24.811446,0 days 00:00:21.779475,0.9486743103920577,0.3303753195957205,16,0.27006545291108147,0.09691360596305863,0.09854444479073393,0.059572041169307435,0.0316716898902286,0.003041169140066846,0.004454897096244264,20,74,0.012938247703701649,0.14312025750723675,True,False,True,2.998964355034706e-05,COMPLETE
1984,0.44248646497726446,2025-04-03 18:42:25.476552,2025-04-03 18:43:03.636079,0 days 00:00:38.159527,0.9992518666562972,0.3621929994720772,8,0.25568675896903886,0.09157639139335028,0.010286654692584224,0.05126078400699307,0.006115240652682177,0.009583565920111985,0.05286548451873602,25,124,0.01581787516496954,0.13888744097306965,True,False,False,0.0007985860286450536,COMPLETE
1985,0.42315261363983153,2025-04-03 18:43:04.299696,2025-04-03 18:44:49.857327,0 days 00:01:45.557631,0.9697390967569363,0.2515538510159624,2,0.22934617744888536,0.15957745719311167,0.018719363514850276,0.0558160818995644,0.001019775757004588,0.006661673207419472,0.07230031727032415,27,70,0.010277814260595885,0.14660934409435902,True,False,False,0.0006607688329440374,COMPLETE
1986,0.44214329719543455,2025-04-03 18:44:50.501823,2025-04-03 18:46:33.325494,0 days 00:01:42.823671,0.9699698791505783,0.30566726565694796,2,0.2422473678932096,0.23661709458695468,0.012531842870559348,0.020106508591918065,0.007853668163893112,0.0012803934108109292,0.06300770056741695,26,86,0.013848889814763014,0.13736774462805348,True,False,False,0.0004974444349987741,COMPLETE
1987,0.443111002445221,2025-04-03 18:46:33.987574,2025-04-03 18:48:12.567537,0 days 00:01:38.579963,0.852227024574562,0.27878916492853156,2,0.21827484006423917,0.2565042393765009,0.0159058664984219,0.05839562303655221,0.011400266676560264,0.007641409481535645,0.09971786804417407,25,65,0.016435206082349278,0.1519035027314005,True,False,False,0.0008155141583109074,COMPLETE
1988,0.42637124061584475,2025-04-03 18:48:13.234885,2025-04-03 18:49:56.516474,0 days 00:01:43.281589,0.9435870483938448,0.33057870990853894,2,0.20787410355520872,0.12492768601172477,0.010648586291766892,0.05981779064959704,0.009176970136718525,0.004541220130084925,0.05343109277328597,26,72,0.012695194151534714,0.14524671844638445,True,False,False,0.0005555124732590703,COMPLETE
1989,0.423123049736023,2025-04-03 18:49:57.152250,2025-04-03 18:51:35.801412,0 days 00:01:38.649162,0.9296904450012918,0.24734863479674601,2,0.27750119569755555,0.11262522154959442,0.07152004602435613,0.060370862801802025,0.03753505890487513,0.0034102802118636507,0.07532245371239539,25,78,0.011241768384771936,0.15841527772127714,True,False,False,0.0008197265843617986,COMPLETE
1990,0.2804898262023926,2025-04-03 18:51:36.460929,2025-04-03 18:53:07.001850,0 days 00:01:30.540921,0.8460468744918272,0.30602332832713947,2,0.2654752592822517,0.10317865016693753,0.023373232641596763,0.05579859788383847,0.003504362447592618,0.0010570279921638089,0.050525216038176696,27,83,0.016845258601306926,0.25923278696236485,True,True,False,0.0009965135508566338,COMPLETE
1991,0.42510843276977545,2025-04-03 18:53:07.665081,2025-04-03 18:54:55.485843,0 days 00:01:47.820762,0.8583537060696625,0.2767941214455066,2,0.24833329203904259,0.09759864369787054,0.05947343357329136,0.05746649327739347,0.005686484996988283,0.0012541442469063827,0.06463681953054336,28,68,0.014107967322261473,0.16412609544538803,True,False,False,0.0006643423809348073,COMPLETE
