number,value,datetime_start,datetime_complete,duration,params_alpha-eval,params_alpha-train,params_batch-size,params_eps-eval,params_eps-train,params_lambda-actions-eval,params_lambda-actions-train,params_lambda-frames-eval,params_lambda-frames-train,params_learning-rate,params_n-epochs,params_n-frames,params_radius-gw,params_rho,params_std-feats,params_ub-actions,params_ub-frames,params_weight-decay,state
168,0.2804898262023926,2025-04-22 14:36:12.844027,2025-04-22 14:36:50.286947,0 days 00:00:37.442920,0.5567467062529275,0.5247149462413754,8,0.21790275339223872,0.011212605167725126,0.03759983436682116,0.009382641702874922,0.03278059916882703,0.004470858057822708,0.01371709938322841,28,98,0.08058753170980787,0.16781026167852742,False,False,False,8.197694089832345e-07,COMPLETE
169,0.44193733930587775,2025-04-22 14:36:50.341177,2025-04-22 14:37:28.057594,0 days 00:00:37.716417,0.4905176830408947,0.49866041381108717,8,0.2346080753717463,0.020643153314209982,0.0265117762072622,0.007275269125730998,0.036219875671636516,0.008185645285354266,0.009883526941348376,27,97,0.0789953159568325,0.18199844986696606,False,False,False,6.431683671031828e-07,COMPLETE
170,0.2804898262023926,2025-04-22 14:37:28.112089,2025-04-22 14:38:05.092209,0 days 00:00:36.980120,0.5356944350678038,0.5765896954278814,8,0.22455699245827077,0.015799936495648634,0.02602656894106536,0.007517031422262537,0.03693791441771806,0.005587292384786723,0.009903988864445323,27,91,0.08317782143264421,0.1808732987881712,False,False,False,3.1868226776538285e-07,COMPLETE
171,0.44082953929901125,2025-04-22 14:38:05.146251,2025-04-22 14:38:44.202407,0 days 00:00:39.056156,0.5158392883869285,0.5083392563748808,8,0.2312325614268445,0.03206900775777045,0.03547061351234056,0.005413170037907025,0.040907914931097335,0.008653346209005932,0.005664831308721341,29,96,0.0799394131923186,0.15434752027276857,False,False,False,7.517894068254074e-07,COMPLETE
172,0.4377626061439514,2025-04-22 14:38:44.265575,2025-04-22 14:39:22.909379,0 days 00:00:38.643804,0.5712452744845119,0.5203047172652864,8,0.24097121539102093,0.022163248029835908,0.017608532033436323,0.0033968898212736152,0.03613617969187995,0.007258188632804377,0.009766146129757404,29,94,0.07654527354727614,0.1748139186561526,False,False,False,1.174034298129421e-06,COMPLETE
173,0.42375184297561647,2025-04-22 14:39:22.965286,2025-04-22 14:40:01.185252,0 days 00:00:38.219966,0.4909645812434685,0.4920357098203102,8,0.22164357177570262,0.027837467989560542,0.031160113361150703,0.009414116653865195,0.013762731332075541,0.003290428276061012,0.022851661280531954,28,101,0.07898445668839772,0.1675775669442839,False,False,False,7.053010987106938e-07,COMPLETE
174,0.2804898262023926,2025-04-22 14:40:01.241813,2025-04-22 14:40:38.147596,0 days 00:00:36.905783,0.4623925226945633,0.5374104803759023,8,0.2344851983176184,0.004999742675084896,0.027973982333102138,0.006966438956156486,0.04309456431545743,0.010260457064866519,0.011803764292671244,27,97,0.08182233363700168,0.1539195267266441,False,False,False,2.9724752404972714e-07,COMPLETE
175,0.4404813766479493,2025-04-22 14:40:38.204448,2025-04-22 14:41:14.320585,0 days 00:00:36.116137,0.6312286686326357,0.4569499842128933,8,0.21117662736321538,0.026535089851831405,0.02023452412672346,0.01037425541519489,0.03329101949279178,0.0073262726757331725,0.006387532937079475,26,89,0.0788652719848455,0.14302189554212752,False,False,False,5.84223204247382e-07,COMPLETE
176,0.44086953401565554,2025-04-22 14:41:14.376806,2025-04-22 14:41:52.990352,0 days 00:00:38.613546,0.5193924292983457,0.1481539644310946,8,0.23347098172188568,0.03801181621950684,0.035543335995991666,0.00411759955187511,0.03822690491199202,0.011698482933986605,0.018454423625107692,28,99,0.08214826727272019,0.17282581691511753,False,False,False,8.184379197815146e-07,COMPLETE
177,0.2804898262023926,2025-04-22 14:41:53.046588,2025-04-22 14:42:32.472210,0 days 00:00:39.425622,0.5532999142858418,0.5960667941288231,8,0.24847350908059893,0.020106253458415834,0.03753826769427929,0.012656416225610095,0.039485917904164766,0.0050182748862731925,0.00820247739658587,30,95,0.0771223766150473,0.18913290383278508,False,False,False,1.2043466105174924e-06,COMPLETE
178,0.4415842890739441,2025-04-22 14:42:32.529619,2025-04-22 14:43:10.061017,0 days 00:00:37.531398,0.44173175764942146,0.500124469502404,8,0.2180864351638055,0.04389553848741716,0.024375604382652724,0.00780615940733716,0.03130322975888319,0.009066159068177815,0.012279571724890487,27,103,0.07393137660985874,0.24113083570939145,False,False,False,1.0083131290126755e-06,COMPLETE
179,0.2804898262023926,2025-04-22 14:43:10.118837,2025-04-22 14:43:48.712358,0 days 00:00:38.593521,0.5110032792109527,0.5632602811249454,8,0.2606367912133532,0.014462144138827852,0.041460359830063645,0.0016855287869984702,0.03455390508669874,0.006301376241335154,0.020642945063822575,29,92,0.03177647191312236,0.22973297196448067,False,False,False,1.3764321140601625e-06,COMPLETE
180,0.43896858692169194,2025-04-22 14:43:48.770823,2025-04-22 14:44:26.897251,0 days 00:00:38.126428,0.4843925162591977,0.532534915017335,8,0.22535309803409034,0.028484125444823885,0.038963150980010595,0.0057252319283009265,0.0356060331885895,0.0027038256280591585,0.01695616766210102,28,86,0.0573002472756524,0.16557605278439183,False,False,False,5.878129597492752e-07,COMPLETE
181,0.44427185058593754,2025-04-22 14:44:26.964470,2025-04-22 14:44:54.998358,0 days 00:00:28.033888,0.29336617657566066,0.4734109704128149,8,0.23899461802577895,0.032328190616921576,0.03265499299367238,0.010490183093316997,0.036429517696035106,0.009928506942878447,0.03116283210966434,16,101,0.07122729192703017,0.24754551932099167,False,False,False,3.741707103914405e-07,COMPLETE
182,0.4425180077552796,2025-04-22 14:44:55.056420,2025-04-22 14:45:21.804472,0 days 00:00:26.748052,0.2948087953397618,0.44831202691982736,8,0.24075739011475122,0.03366484420594489,0.03228483520086199,0.0117093995427607,0.03829011488806291,0.013110413578155174,0.03122341195335288,15,100,0.06732089127535819,0.24628670470928088,False,False,False,9.139647722693322e-07,COMPLETE
183,0.44336794614791875,2025-04-22 14:45:21.862528,2025-04-22 14:45:48.870093,0 days 00:00:27.007565,0.30224264955631974,0.4299859338112134,8,0.24166606487653633,0.043274119846198784,0.02909381067154862,0.012640123613959286,0.04056867533090466,0.013818840726998396,0.03399068638660618,15,101,0.06976318118622915,0.24655651450795854,False,False,False,4.4532687107120043e-07,COMPLETE
184,0.44251321554183964,2025-04-22 14:45:48.928915,2025-04-22 14:46:16.529145,0 days 00:00:27.600230,0.2981295189223307,0.3964331141857997,8,0.2403958417272071,0.038581217514105814,0.029351279019918457,0.011889316205185359,0.0413186683474693,0.013812404204326684,0.03329094734326859,16,101,0.06776515352657522,0.24952542424532123,False,False,False,2.1198574259673174e-07,COMPLETE
185,0.44178712368011475,2025-04-22 14:46:16.587220,2025-04-22 14:46:44.830363,0 days 00:00:28.243143,0.2552030084026103,0.3620033012009428,8,0.2478765061956885,0.0385510127486824,0.029246404867882048,0.011913164229506897,0.04365404851685636,0.013532548526128611,0.04230470063231282,16,104,0.06923158186587,0.24932301550838146,False,False,False,1.3590855029194503e-07,COMPLETE
186,0.44316078424453736,2025-04-22 14:46:44.892638,2025-04-22 14:47:12.864079,0 days 00:00:27.971441,0.29719267419241163,0.396015962132708,8,0.24056664317332133,0.04512335264813767,0.03175234475589339,0.013692908130972431,0.04147725794099395,0.014105803183280453,0.033041204689555854,16,101,0.06558158975395402,0.24578272041717522,False,False,False,2.1901684220086475e-07,COMPLETE
187,0.4432201981544495,2025-04-22 14:47:12.923528,2025-04-22 14:47:40.879275,0 days 00:00:27.955747,0.29561893043576004,0.39536427036304406,8,0.2666167595751073,0.046571097456353,0.032871075488083865,0.013674477474148945,0.041643543112538976,0.013442224796526372,0.03234507600696792,16,100,0.06577609565484976,0.24504510522956513,False,False,False,1.369933640133382e-07,COMPLETE
188,0.44190158843994143,2025-04-22 14:47:40.938208,2025-04-22 14:48:09.752108,0 days 00:00:28.813900,0.29759807648479997,0.39214329804830556,8,0.2711327519292986,0.04577427825297342,0.03249616526803786,0.014159413596979432,0.04487777206266184,0.013378543442693847,0.03518949802407677,17,102,0.06493499609895403,0.24662354859532734,False,False,False,1.825370112115153e-07,COMPLETE
189,0.44528980255126954,2025-04-22 14:48:09.812368,2025-04-22 14:48:38.210122,0 days 00:00:28.397754,0.2804590984646499,0.42144448610655905,8,0.24217979489828292,0.033941524325996966,0.03239439339830389,0.013032802063941395,0.04246979160789814,0.011725541964990038,0.054004514404637764,16,105,0.062930690336171,0.23165712678292955,False,False,False,1.1720904952385058e-07,COMPLETE
190,0.4471682667732239,2025-04-22 14:48:38.279543,2025-04-22 14:49:06.457621,0 days 00:00:28.178078,0.22607940337532778,0.41466338987898255,8,0.2631188389450427,0.03593932906170581,0.03065850159036562,0.012233710139367963,0.04189360199270669,0.011353535601180232,0.05193402444333111,16,105,0.06253490380681792,0.2333415254942089,False,False,False,1.289279712255428e-07,COMPLETE
191,0.4445219397544861,2025-04-22 14:49:06.517574,2025-04-22 14:49:34.683472,0 days 00:00:28.165898,0.2727218611644155,0.3967625667030853,8,0.28568206022183656,0.03650946768228239,0.031231762731599413,0.012178876021333345,0.04272713398822969,0.011328814830750067,0.056208903467673245,16,106,0.06207991558529932,0.23315525749623187,False,False,False,1.0788858419683642e-07,COMPLETE
192,0.44231915473937994,2025-04-22 14:49:34.745472,2025-04-22 14:50:02.598472,0 days 00:00:27.853000,0.2725128020102637,0.3888232194038796,8,0.2628124581093639,0.042811890806869916,0.02960123229655976,0.012958867710031937,0.04282770128547023,0.011500307145727393,0.052407797611272636,16,100,0.06121188170728657,0.22506166376567271,False,False,False,1.0951686471310718e-07,COMPLETE
193,0.4436587929725647,2025-04-22 14:50:02.659835,2025-04-22 14:50:30.908659,0 days 00:00:28.248824,0.23434497522819336,0.4038559667378332,8,0.2831909281527046,0.043303800144842385,0.031127351319408334,0.013106163073845304,0.042463504632561,0.011737680825857133,0.05133925889171392,16,106,0.06214779076074552,0.22546735779095373,False,False,False,1.1360067483127511e-07,COMPLETE
194,0.4455971002578736,2025-04-22 14:50:30.970422,2025-04-22 14:50:59.080752,0 days 00:00:28.110330,0.23125861133516135,0.34079226678785546,8,0.2932649417278796,0.03382811284729646,0.031360240207484624,0.015810043875316614,0.042119076356106636,0.014518207687730477,0.054509210441207,16,106,0.06239712188192508,0.23560284037640916,False,False,False,6.304852355633729e-08,COMPLETE
195,0.44328098297119145,2025-04-22 14:50:59.143336,2025-04-22 14:51:27.212707,0 days 00:00:28.069371,0.23744008721188065,0.4109796046607863,8,0.28322102916675546,0.035801094552061964,0.03110052878899997,0.011415656503955419,0.04685139369256651,0.015107615423655617,0.06043095558199179,16,106,0.06655820374773308,0.23375956496467926,False,False,False,9.240470161218458e-08,COMPLETE
196,0.4390501976013184,2025-04-22 14:51:27.275045,2025-04-22 14:51:55.365306,0 days 00:00:28.090261,0.2193540461757203,0.4130279238626284,8,0.2798734137970078,0.032458186034461524,0.03215203827086007,0.014548901409445971,0.04588332229758381,0.01588956461638935,0.06634967147446531,16,106,0.06342669124650609,0.23274956515448697,False,False,False,5.73808617294187e-08,COMPLETE
197,0.2804898262023926,2025-04-22 14:51:55.427083,2025-04-22 14:52:19.319037,0 days 00:00:23.891954,0.039062739256564005,0.3374603479282001,8,0.2849959939216906,0.046813804122145045,0.030415044516091803,0.00982724357599253,0.04617499915466184,0.011877891328660017,0.05712097226146294,15,106,0.06252920300757268,0.21780841401633358,False,True,False,7.485017201606721e-08,COMPLETE
198,0.4394126057624817,2025-04-22 14:52:19.390829,2025-04-22 14:52:47.449763,0 days 00:00:28.058934,0.2007846602897293,0.42402145587939133,8,0.2866077911801036,0.03471156979361634,0.027593589068748488,0.016021643973037146,0.047976400056820294,0.018023445500077184,0.048644654133143506,16,112,0.06599472329999807,0.22884142056074008,False,False,False,1.0712175022446704e-07,COMPLETE
199,0.4412983894348145,2025-04-22 14:52:47.512897,2025-04-22 14:53:16.281013,0 days 00:00:28.768116,0.23364841194858546,0.37244130557199284,8,0.2918605339488646,0.04351083168188467,0.03150433291916012,0.01166597938446993,0.04375935953506639,0.014395983407751453,0.07127307816339881,17,104,0.061748653088836244,0.23499284160194,False,False,False,5.00981677707616e-08,COMPLETE
200,0.44144786596298224,2025-04-22 14:53:16.345177,2025-04-22 14:53:43.775081,0 days 00:00:27.429904,0.23457022881091655,0.4400963596081847,8,0.2691629631874384,0.03258104868725949,0.03444291216293208,0.013107385981064769,0.04142136338105526,0.01002737517102387,0.08195804431662852,15,110,0.06669778166193797,0.22149887668587437,False,False,False,1.3923653336530725e-07,COMPLETE
201,0.4472334742546082,2025-04-22 14:53:43.839233,2025-04-22 14:54:11.845372,0 days 00:00:28.006139,0.2568620330696413,0.38874384766704906,8,0.2773938457610047,0.040685479604283814,0.029403032620693957,0.011459567339187137,0.04146499981398259,0.014217368991583688,0.0427248305663003,16,107,0.06777378566792525,0.23712460160123394,False,False,False,2.5802681732620386e-07,COMPLETE
202,0.44066737890243535,2025-04-22 14:54:11.911395,2025-04-22 14:54:40.556541,0 days 00:00:28.645146,0.26106474597671697,0.4000257810879529,8,0.2755358502095986,0.039712307873079625,0.03198030774507386,0.010914408450680015,0.044332589135937406,0.015468573599758737,0.04248263641914386,17,108,0.06437852589731548,0.23832395551400526,False,False,False,2.5290870853664114e-07,COMPLETE
203,0.449747109413147,2025-04-22 14:54:40.620997,2025-04-22 14:55:07.657300,0 days 00:00:27.036303,0.16047703527105728,0.3758140978665148,8,0.29996767185629825,0.0303839679758394,0.02798678934315707,0.015040587489191046,0.042074824824847624,0.012244976515492894,0.06005127633508033,15,105,0.06918196519128482,0.23146893158869386,False,False,False,7.971868574113371e-08,COMPLETE
204,0.44244261980056765,2025-04-22 14:55:07.722363,2025-04-22 14:55:35.864125,0 days 00:00:28.141762,0.18016640391150887,0.35300125327978804,8,0.28008135887738245,0.04807836659003438,0.02837806628783218,0.01587899013717767,0.042296251119087164,0.018394402473424533,0.05662801536275542,16,114,0.0701616974202517,0.22773886849297245,False,False,False,8.245811360323272e-08,COMPLETE
205,0.4387909054756165,2025-04-22 14:55:35.939108,2025-04-22 14:56:02.869403,0 days 00:00:26.930295,0.21515353005378898,0.3733711627071903,8,0.29724995686599853,0.023981740222188783,0.029999319172542057,0.013506894388533726,0.040936568376534796,0.011816147419581917,0.049092079847469654,15,106,0.059821040949976666,0.23475662573781614,False,False,False,3.624856473563605e-08,COMPLETE
206,0.4462742924690247,2025-04-22 14:56:02.935229,2025-04-22 14:57:05.871443,0 days 00:01:02.936214,0.1309421680516672,0.41502662941903234,2,0.2890022735715023,0.04049325725031043,0.026520401882872663,0.009105732381317875,0.044857803173769306,0.01551610867245343,0.06104481610258456,14,104,0.06885445162650476,0.22240198900104688,False,False,False,3.991927356748357e-07,COMPLETE
207,0.44148691892623904,2025-04-22 14:57:05.937181,2025-04-22 14:58:09.170247,0 days 00:01:03.233066,0.12778516935954165,0.4056665774760695,2,0.29157128401385507,0.029285193912933938,0.02717261564213838,0.008060861868694808,0.04511926242294335,0.017123470268188754,0.06474846737308436,14,104,0.07004679977278168,0.22637484373957567,False,False,False,1.351905920302954e-07,COMPLETE
208,0.44011931419372563,2025-04-22 14:58:09.236094,2025-04-22 14:59:12.649599,0 days 00:01:03.413505,0.08618412134354579,0.4265654737962661,2,0.2979030870868463,0.03798407172398696,0.026040680636520024,0.009383168273794333,0.04680066105544288,0.010826113084381844,0.05770371148078925,14,109,0.027675849028036183,0.2237648268493276,False,False,False,4.0617691011329316e-07,COMPLETE
209,0.4437502980232239,2025-04-22 14:59:12.715705,2025-04-22 15:00:22.120337,0 days 00:01:09.404632,0.16133450622760537,0.3764092841005993,2,0.2826087195559462,0.04006139072717243,0.02454221221988026,0.01559022738209072,0.04346057576123794,0.09908728084034955,0.0770760264967258,16,115,0.06874375810935723,0.2313750855546425,False,False,False,8.943416325934908e-08,COMPLETE
210,0.2804898262023926,2025-04-22 15:00:22.188705,2025-04-22 15:01:34.425950,0 days 00:01:12.237245,0.1446380205438917,0.3243244126086136,2,0.2846987028048589,0.02767542581651144,0.024461735971931034,0.009325467256572333,0.04322329420378845,0.09129082561569389,0.09025820776922597,17,116,0.06937988305999744,0.21992487693425716,False,False,False,9.469619286455185e-08,COMPLETE
211,0.4393417477607727,2025-04-22 15:01:34.493573,2025-04-22 15:02:44.091120,0 days 00:01:09.597547,0.08854064557495572,0.3775467801122095,2,0.27982724441014395,0.03806301955769216,0.028216503844586415,0.014199386650835014,0.044511375155545305,0.015066767611280382,0.039591171431083205,16,111,0.07171557143201554,0.23281306950937697,False,False,False,4.501355760195933e-08,COMPLETE
212,0.44419177770614626,2025-04-22 15:02:44.159128,2025-04-22 15:03:50.876382,0 days 00:01:06.717254,0.16153786175122795,0.35268965663576823,2,0.2740307725841745,0.0426397763711293,0.03011916870696777,0.01808129141058069,0.04804286141546068,0.07585788252099548,0.08202813684605516,15,107,0.06832588748776072,0.21297881457375967,False,False,False,7.056887461430151e-08,COMPLETE
213,0.44569356441497804,2025-04-22 15:03:50.952735,2025-04-22 15:04:59.056464,0 days 00:01:08.103729,0.1373213637349353,0.3480806890535248,2,0.28989247381195277,0.032454399573383086,0.02514877024118958,0.017657503048141832,0.04896325437543185,0.010384049620511931,0.07705698038123664,15,107,0.06783819631943533,0.23066019525723078,False,False,False,6.331419347169679e-08,COMPLETE
214,0.44318177700042727,2025-04-22 15:04:59.124036,2025-04-22 15:06:06.056073,0 days 00:01:06.932037,0.14088236297025167,0.3540598425791464,2,0.28885382264790266,0.03139910384882991,0.025334675323937093,0.016500532107934084,0.04871719521938758,0.09736157484483264,0.081382873844821,15,108,0.06866483907104165,0.21390582809696745,False,False,False,7.251599775970676e-08,COMPLETE
215,0.2804898262023926,2025-04-22 15:06:06.124254,2025-04-22 15:07:08.887833,0 days 00:01:02.763579,0.1718153471411078,0.29722823623430095,2,0.2942193498978453,0.022816286356192234,0.022312438061468102,0.018113068816742843,0.040119808558391645,0.08314603893252245,0.07699236322382436,14,114,0.06333956023805765,0.20181645454311448,False,False,False,6.651952151124031e-08,COMPLETE
216,0.4423096179962158,2025-04-22 15:07:08.955591,2025-04-22 15:08:15.114419,0 days 00:01:06.158828,0.09193561514305307,0.3592113905546132,2,0.27527875930182716,0.041288365174592015,0.027094463953383937,0.019668495490815265,0.04721409366930495,0.06622732857146012,0.04793607215220979,15,104,0.07095381522659623,0.22196720721295923,False,False,False,1.6168092592996067e-07,COMPLETE
217,0.4445775270462036,2025-04-22 15:08:15.182938,2025-04-22 15:09:19.039229,0 days 00:01:03.856291,0.1109145495574432,0.3389581909767494,2,0.2895829941838289,0.05117045966055955,0.024696300663085105,0.01746891580274668,0.04364881161534408,0.07119056369888985,0.06784197688781478,14,122,0.06796030940387657,0.22902575449250967,False,False,False,3.164307830070419e-07,COMPLETE
218,0.4431784987449646,2025-04-22 15:09:19.108160,2025-04-22 15:10:22.451560,0 days 00:01:03.343400,0.10481270164762625,0.34553602270507494,2,0.2988252857472691,0.04823523006328722,0.023263802628384588,0.017152050626847007,0.050891302708390415,0.07721781111249265,0.0910982492295064,14,117,0.06818046103508474,0.2288471856384674,False,False,False,3.054217650807707e-07,COMPLETE
219,0.3733574390411377,2025-04-22 15:10:22.521551,2025-04-22 15:11:26.128405,0 days 00:01:03.606854,0.15729624985234453,0.31489332174039864,2,0.28925717643989407,0.05285159084846735,0.025383503149406003,0.015912661109274775,0.04484960253787616,0.08552002092989672,0.06988961388426833,14,125,0.06183618100049063,0.21270806548029922,False,False,False,1.0563526723926837e-07,COMPLETE
220,0.4441968321800232,2025-04-22 15:11:26.207859,2025-04-22 15:12:26.516015,0 days 00:01:00.308156,0.13300422281364557,0.3364040440266899,2,0.2740291439680616,0.03259624421132479,0.02430902741630638,0.01873621852389769,0.043794649585483486,0.07190933683845734,0.09941155839855165,13,133,0.06432741541102875,0.23852644914133073,False,False,False,2.63269118428709e-08,COMPLETE
221,0.4455206155776978,2025-04-22 15:12:26.586048,2025-04-22 15:13:27.239175,0 days 00:01:00.653127,0.13435521953554058,0.3362407821493074,2,0.27950875920768803,0.03372570959279245,0.024399321292039828,0.016449626300933013,0.04288599206233812,0.06654100592033393,0.079751516993711,13,122,0.06404567986018583,0.23850593155866612,False,False,False,2.1260782290220372e-08,COMPLETE
222,0.44048421382904057,2025-04-22 15:13:27.309061,2025-04-22 15:14:27.829439,0 days 00:01:00.520378,0.12269650290239419,0.3321641717856203,2,0.27743086566908476,0.03427905695175745,0.023906513348127476,0.01899992078681565,0.043431148920651565,0.072784203879263,0.0947961077414333,13,129,0.06389946901280014,0.2368314474550655,False,False,False,2.2261103602495948e-08,COMPLETE
223,0.2804898262023926,2025-04-22 15:14:27.900033,2025-04-22 15:15:27.811776,0 days 00:00:59.911743,0.10987176266683543,0.33916834719111805,2,0.28608598386132705,0.027334438734031994,0.021750148419587764,0.02118355512711962,0.04564693168063114,0.07202061670981667,0.07619149135786141,13,132,0.06696867450181952,0.22788313060982582,False,False,False,3.3136217826235224e-08,COMPLETE
