number,value,datetime_start,datetime_complete,duration,params_alpha-eval,params_alpha-train,params_batch-size,params_eps-eval,params_eps-train,params_lambda-actions-eval,params_lambda-actions-train,params_lambda-frames-eval,params_lambda-frames-train,params_learning-rate,params_n-epochs,params_n-frames,params_radius-gw,params_rho,params_std-feats,params_ub-actions,params_ub-frames,params_weight-decay,state
910,0.44179887771606446,2025-04-02 14:53:38.080258,2025-04-02 14:55:17.682207,0 days 00:01:39.601949,0.9197298416184493,0.8882263350313043,2,0.23296428687867707,0.12234441754663344,0.008554759672087039,0.05682402841200588,0.01706719413050556,0.03109808885488189,0.03575195821360026,25,75,0.015275534319527571,0.15760622045325728,True,False,False,0.00037092513796746165,COMPLETE
911,0.2804898262023926,2025-04-02 14:55:17.966171,2025-04-02 14:56:47.009176,0 days 00:01:29.043005,0.8675944848925446,0.2256174798929905,2,0.07509148371753993,0.06404748683867881,0.01082469746297814,0.06379507783606306,0.021940054275580993,0.026247997362927787,0.04979806350136287,26,86,0.013616612128514878,0.15595326602726076,True,True,False,0.0006961072413151452,COMPLETE
912,0.4351860165596009,2025-04-02 14:56:47.305786,2025-04-02 14:58:25.839757,0 days 00:01:38.533971,0.8361422169065161,0.19236891954829724,2,0.21682267329126792,0.08677396957714735,0.005707413978549278,0.06716026218146737,0.012084228491182116,0.027844136153123193,0.08040442032927851,25,70,0.017218650962892483,0.14799329241769732,True,False,False,0.0005318524489675726,COMPLETE
913,0.4402541756629944,2025-04-02 14:58:26.144899,2025-04-02 14:58:53.209342,0 days 00:00:27.064443,0.8797560255961923,0.22288893300574553,16,0.2497728746890462,0.10743234828970041,0.06851295144913282,0.06991160488473948,0.020287667718364037,0.03287169132953016,0.057657796839958406,24,79,0.018368226638249132,0.1446246479446531,True,False,False,0.0006640384396248044,COMPLETE
914,0.2804898262023926,2025-04-02 14:58:53.510077,2025-04-02 15:00:38.192998,0 days 00:01:44.682921,0.8502437701339709,0.16849410478494636,2,0.24317838726049648,0.0016770677644320497,0.010183545114718024,0.07547409712358905,0.007729652555500105,0.02573855206052815,0.09888408924095661,27,72,0.02326810498422614,0.14405166897748078,True,False,False,0.0008253601123075636,COMPLETE
915,0.423123049736023,2025-04-02 15:00:38.478536,2025-04-02 15:02:20.277479,0 days 00:01:41.798943,0.8894180057484091,0.22309439099903594,2,0.22982291313019637,0.11672179162423026,0.0070242785735167654,0.06545518201934018,0.014182352050128882,0.029414637949575797,0.04459447346716438,26,75,0.011068898625359432,0.16786093939535845,True,False,False,0.0004479434102960777,COMPLETE
916,0.44687120914459233,2025-04-02 15:02:20.579655,2025-04-02 15:04:01.097274,0 days 00:01:40.517619,0.8632359894922764,0.20492020405658973,2,0.23850502733302978,0.07256382907977545,0.01254380812429496,0.06034697839327046,0.015954370884438535,0.09276795952658473,0.06209269017426961,25,82,0.015516176555697864,0.15204959936513496,True,False,False,0.00034017560108561814,COMPLETE
917,0.4440296053886414,2025-04-02 15:04:01.397060,2025-04-02 15:05:17.864274,0 days 00:01:16.467214,0.8313364350682746,0.24106175036700578,2,0.22570193851174775,0.14362357117862906,0.008421980028834633,0.06268518765439768,0.011118001989622482,0.025589040277254917,0.03879006435594547,18,87,0.021009965598198954,0.14186875853283304,True,False,False,0.0005744265546573851,COMPLETE
918,0.4470432043075562,2025-04-02 15:05:18.166718,2025-04-02 15:06:56.478069,0 days 00:01:38.311351,0.914702588977247,0.18615603991300053,2,0.25500255153862517,0.08694085032729894,0.011334901723300556,0.07215094638594448,0.018664731049713397,0.030602234905274153,0.07506903075626666,25,77,0.013598093388927649,0.15427612815055294,True,False,False,0.0008073494754060039,COMPLETE
919,0.4182916760444641,2025-04-02 15:06:56.766018,2025-04-02 15:08:31.509416,0 days 00:01:34.743398,0.852525620868336,0.1621310325414544,2,0.23638281653709647,0.10431843313210741,0.0036244092423047304,0.06533893441910743,0.00971811704918931,0.027998880472595154,0.05014344301768215,24,67,0.01839875113030211,0.13818707230754254,True,False,False,0.0006502003626587486,COMPLETE
920,0.4472477793693543,2025-04-02 15:08:31.811224,2025-04-02 15:10:13.358832,0 days 00:01:41.547608,0.8748214539359553,0.24466671645246418,2,0.24449712410436525,0.10212294299213016,0.009044089622404673,0.05760345173814601,0.007249903045190694,0.024895889268410756,0.03335806038930668,26,73,0.015772837186418594,0.14518186048060414,True,False,False,0.0004572497072998316,COMPLETE
921,0.4338398814201355,2025-04-02 15:10:13.662584,2025-04-02 15:11:52.775324,0 days 00:01:39.112740,0.8391942332219803,0.21690994335476863,2,0.2647621945415854,0.11300175337269219,0.012576835817926816,0.06030828357381991,0.012639059359813853,0.033186865270920345,0.04395954929190864,25,81,0.009179149214857792,0.1353556390715072,True,False,False,1.5769729234443137e-06,COMPLETE
922,0.3762037515640259,2025-04-02 15:11:53.075220,2025-04-02 15:12:59.790909,0 days 00:01:06.715689,0.8210696336875335,0.25764567089303875,2,0.2505086427898648,0.07689681369342491,0.005928726473650373,0.06707380504653637,0.015030536920190983,0.08778502127722002,0.06789465323465597,15,71,0.01233950292141999,0.14174809330529656,True,False,False,0.0002624135466492986,COMPLETE
923,0.2961947739124298,2025-04-02 15:13:00.078284,2025-04-02 15:14:27.136750,0 days 00:01:27.058466,0.8914245212418855,0.3518311160434816,2,0.23181182759004743,0.08181973961458343,0.010068244181922705,0.07828965957649175,0.02277438348143821,0.027216614069438903,0.00011538227689988301,26,64,0.01730145535732583,0.1358003263161219,True,False,True,0.000827170489255964,COMPLETE
924,0.4424008846282959,2025-04-02 15:14:27.434208,2025-04-02 15:16:12.358272,0 days 00:01:44.924064,0.7964296259547643,0.2322462764394793,2,0.25794221783526927,0.09804291522140735,0.007889408465532408,0.06310986899937772,0.018432842596507563,0.08211207491511546,0.05737417518510719,27,78,0.01979189278848513,0.17750533337481467,True,False,False,0.0005507637573919745,COMPLETE
925,0.42284258604049685,2025-04-02 15:16:12.661266,2025-04-02 15:17:48.334680,0 days 00:01:35.673414,0.8591030948475424,0.1296741338279338,2,0.22268124829433583,0.10820084571844535,0.011916447920003929,0.07013019179618478,0.008921912468010594,0.030743150696326275,0.08537016121294119,24,74,0.014825914485026249,0.16602688346803807,True,False,False,0.0006604782266436479,COMPLETE
926,0.4198632597923279,2025-04-02 15:17:48.638405,2025-04-02 15:19:31.436065,0 days 00:01:42.797660,0.8359829951261062,0.3070672805136104,2,0.24186458446825562,0.08938473493777635,0.013126195639806227,0.06419622764142277,0.01621533798571453,0.07848756453501737,0.05134453659602357,26,84,0.02210911192454992,0.15722861148429454,True,False,False,0.0003790822643417945,COMPLETE
927,0.40006198883056643,2025-04-02 15:19:31.723450,2025-04-02 15:21:11.126886,0 days 00:01:39.403436,0.7592835098228624,0.2530144194033165,2,0.2502768521063055,0.1205185781575748,0.010068034952003712,0.06858630181405713,0.020703942325466088,0.0265346568037434,1.3802355305906452e-05,25,69,0.015981391966920024,0.14083978671570946,True,False,False,0.0007950179459729625,COMPLETE
928,0.4541709899902344,2025-04-02 15:21:11.431243,2025-04-02 15:22:50.667376,0 days 00:01:39.236133,0.939218408838304,0.33195258386535553,2,0.23616297678261228,0.0926925786986867,0.007368796043681471,0.06188113019097449,0.006386623596224394,0.029050080763335814,0.04242909107904062,25,76,0.018570975316690823,0.14587551098898305,True,False,False,0.0009922715648401671,COMPLETE
929,0.4482644677162171,2025-04-02 15:22:50.971008,2025-04-02 15:24:33.670758,0 days 00:01:42.699750,0.9755957783049438,0.3716757488602287,2,0.22697550673172134,0.08635546366013096,0.0038154762274567947,0.0592849238551299,0.005531930219108104,0.031902491452364304,0.0700669501838358,26,80,0.01311274139773306,0.15234196675124065,True,False,False,0.0008416966112332419,COMPLETE
930,0.2804898262023926,2025-04-02 15:24:33.976360,2025-04-02 15:26:06.553427,0 days 00:01:32.577067,0.8065815225652597,0.32987020557692165,2,0.23237542210149936,0.09147471171706673,0.005707525766085297,0.06177523225322899,0.005591839504864025,0.034511623794965696,0.05778009658077211,28,77,0.01728162588078047,0.14717667168459425,True,True,False,0.0008845213726155332,COMPLETE
931,0.42369823455810546,2025-04-02 15:26:06.842338,2025-04-02 15:26:57.899912,0 days 00:00:51.057574,0.9330390228251467,0.33551932435761933,2,0.21944656878797242,0.09539511010938764,0.0023161197130310016,0.060185545876577366,0.006889833226311589,0.029513796733156537,0.048882952783562084,10,87,0.010927010041748775,0.15142602260307794,True,False,False,0.0009619733385775972,COMPLETE
932,0.44841393232345583,2025-04-02 15:26:58.202497,2025-04-02 15:28:37.563155,0 days 00:01:39.360658,0.9846208327215865,0.3451556018493262,2,0.2320902987044181,0.08147346274372852,0.007566183230143288,0.0574768478570902,0.008079284801443964,0.031789745621836785,0.07159411369449736,25,82,0.020492450586696513,0.1585645358747624,True,False,False,0.0009872865318844419,COMPLETE
933,0.43858205080032353,2025-04-02 15:28:37.865463,2025-04-02 15:29:06.272004,0 days 00:00:28.406541,0.9248502941738809,0.375746841685226,16,0.23666419781662612,0.09056359778331555,0.005459652595788593,0.06114641696682338,0.005903735853356818,0.029194838514423366,0.042339660376236474,27,79,0.014399078878618613,0.1489210858431188,True,False,False,0.000675389385895433,COMPLETE
934,0.445204246044159,2025-04-02 15:29:06.580352,2025-04-02 15:30:50.569101,0 days 00:01:43.988749,0.9393788577692684,0.35468426262043135,2,0.22379898733868878,0.08402798273764286,0.007857814027305591,0.05849427433306159,0.004012752102160176,0.03330697016873643,0.058728703582836446,26,120,0.01872815946201841,0.1438445203650894,True,False,False,0.0005021101318151375,COMPLETE
935,0.44179097414016727,2025-04-02 15:30:50.876368,2025-04-02 15:32:29.732581,0 days 00:01:38.856213,0.780918750890625,0.32077312842509426,2,0.06064130830764966,0.09515608597450977,0.00728261426836619,0.06233944493388989,0.009779582990007724,0.02997177520636027,0.09936889023752422,25,75,0.016385423360216384,0.1454278828770801,True,False,False,0.0009862070435460429,COMPLETE
936,0.44421124458312994,2025-04-02 15:32:30.027576,2025-04-02 15:34:05.877271,0 days 00:01:35.849695,0.8197659531032548,0.33229298839150756,2,0.23740447411135596,0.0872971738113458,0.005015359030125813,0.06083723453848917,0.0076737637959438535,0.03682330905932682,0.045071630263067444,24,113,0.02342334002940005,0.15331220087872555,True,False,False,0.0006999058139679715,COMPLETE
937,0.443953549861908,2025-04-02 15:34:06.182135,2025-04-02 15:35:49.323612,0 days 00:01:43.141477,0.9586121661964812,0.35017903069024714,2,0.22920755609612903,0.07858777226063027,0.008820268463727174,0.0640648466159588,0.010726807351193756,0.028181325044961673,0.07937660292790416,26,83,0.013320978021793856,0.13977518744129092,True,False,False,0.0005860172657299772,COMPLETE
938,0.4381960511207581,2025-04-02 15:35:49.633141,2025-04-02 15:37:21.463975,0 days 00:01:31.830834,0.792083076249255,0.3069438723594678,2,0.21693529444182252,0.10118302539117496,0.013591688374814004,0.056285771882171105,0.0062866253233980285,0.03134809757766845,0.05803720642204587,23,85,0.021142759235601973,0.13737701048134598,True,False,False,0.0003660271637568945,COMPLETE
939,0.4466048121452332,2025-04-02 15:37:21.772362,2025-04-02 15:39:00.554981,0 days 00:01:38.782619,0.9543144504329664,0.3222689219472978,2,0.23989212282729297,0.09772028923543662,0.0026550249090800376,0.062300795736103316,0.011401651589090511,0.02834064942292951,0.03281351997778545,25,78,0.015298696492817511,0.16240389558075427,True,False,False,0.0004456705636086245,COMPLETE
940,0.4235401868820191,2025-04-02 15:39:00.850213,2025-04-02 15:40:45.965018,0 days 00:01:45.114805,0.9497218322149928,0.8244599856823479,2,0.2271518954055443,0.09404765023534466,0.011260456354599586,0.06008466003717361,0.008576867264908913,0.035035269009205394,0.06590627704491703,27,76,0.008759639760743579,0.14433199130636137,True,False,False,0.0009888603105849922,COMPLETE
941,0.4309100151062012,2025-04-02 15:40:46.272383,2025-04-02 15:42:25.810370,0 days 00:01:39.537987,0.9381866953324265,0.30112568529028516,2,0.2357041242385488,0.07468651250750015,0.02321608552249605,0.05886958475631907,0.004906163054921615,0.03058270578249472,0.04126429494327668,26,45,0.01775379870956388,0.13515400390556254,True,False,False,0.0006926112179938393,COMPLETE
942,0.31145235896110535,2025-04-02 15:42:26.119522,2025-04-02 15:43:50.033880,0 days 00:01:23.914358,0.835599683357196,0.2915241667433588,2,0.24355789431632607,0.0902002937359338,0.009674551330813116,0.06373517097840942,0.009426371699796035,0.02749838002528275,0.05122930902898833,24,72,0.011643773361038858,0.14801096315588042,True,False,True,0.00028823827900055645,COMPLETE
943,0.2804898262023926,2025-04-02 15:43:50.341994,2025-04-02 15:45:28.479606,0 days 00:01:38.137612,0.9909122124302358,0.31231293462303417,2,0.23328279203893124,0.009795300356498615,0.0060350476283775375,0.056781657499826874,0.007100937303181335,0.03272015132574571,0.0848034635059683,25,81,0.019215496587992906,0.15761278132238676,True,False,False,0.0005614243496334125,COMPLETE
944,0.4172529578208924,2025-04-02 15:45:28.789666,2025-04-02 15:47:11.265465,0 days 00:01:42.475799,0.9130708592224017,0.3624216108021454,2,0.2705352339262684,0.10043910174061384,0.013097438957276615,0.0653220958866521,0.01245020655703219,0.026261038232021312,0.06628263739468268,26,88,0.016129572791428116,0.13254646237301973,True,False,False,0.0007088223162340667,COMPLETE
945,0.423123049736023,2025-04-02 15:47:11.560543,2025-04-02 15:48:55.023076,0 days 00:01:43.462533,0.8517844610067783,0.5098673733654502,2,0.22356751065466296,0.08754284423126575,0.011307280098322936,0.062084819562262084,0.010172973873512556,0.02978606220317876,0.04991908403595541,27,61,0.01378281664654675,0.17226249538680158,True,False,False,0.000813515073146383,COMPLETE
946,0.44163818359375,2025-04-02 15:48:55.331584,2025-04-02 15:50:16.634177,0 days 00:01:21.302593,0.9647285950972407,0.33760910863455906,2,0.2409100639945208,0.07951877781665626,0.007196518839691891,0.06345355913003872,0.004016914384124531,0.02746317335407952,0.03844262125068322,19,127,0.019497323796803454,0.13954769129461914,True,False,False,0.0004811853396567632,COMPLETE
947,0.4423688650131226,2025-04-02 15:50:16.945782,2025-04-02 15:51:52.278695,0 days 00:01:35.332913,0.8216846585988706,0.2926287946664529,2,0.23076778120296443,0.10269014646208077,0.009009118616228388,0.05900470592476349,0.0077440906841052815,0.028749273802301713,0.02859081021100039,24,69,0.017536955229565224,0.1445410937898732,True,False,False,0.0005659439668874548,COMPLETE
948,0.3701310455799103,2025-04-02 15:51:52.591692,2025-04-02 15:53:32.755618,0 days 00:01:40.163926,0.8427803436312231,0.279728171169143,2,0.24551236899737036,0.06943957158878508,0.014618332131494362,0.06539643652462535,0.013563944669473848,0.015257697370765726,0.05695145158758827,25,79,0.0109055019147094,0.1310199568664925,True,False,False,0.0003328780880763118,COMPLETE
949,0.4325033783912659,2025-04-02 15:53:33.055287,2025-04-02 15:54:58.147827,0 days 00:01:25.092540,0.8083923281869341,0.3230945242914154,2,0.2393453785786336,0.09381541249546867,0.011950829510798958,0.06117047625766123,0.011309189475102894,0.02556590378905453,0.07531990013075772,25,66,0.014745266367711883,0.15469311498599753,True,True,False,0.0009839718384578458,COMPLETE
950,0.4369736194610596,2025-04-02 15:54:58.457998,2025-04-02 15:56:39.827924,0 days 00:01:41.369926,0.8674080221192721,0.30380496192085277,2,0.22684906466439717,0.09904180026023232,0.009952737054439033,0.06620724860039029,0.006402449172503995,0.03167316397596012,0.04560086872538763,26,72,0.021198091460610614,0.13877404602820476,True,False,False,0.0006858247999260977,COMPLETE
951,0.4295872807502747,2025-04-02 15:56:40.138090,2025-04-02 15:58:19.883491,0 days 00:01:39.745401,0.7867088795256354,0.27936197198430335,2,0.23680214163775984,0.08598512726696936,0.0011711819178746308,0.06264961013053323,0.008614730185975902,0.024834139012601425,0.06147714687212041,25,76,0.003198107648887366,0.13354247332998367,True,False,False,0.0004528781754602335,COMPLETE
952,0.44362031221389775,2025-04-02 15:58:20.198365,2025-04-02 16:00:01.525047,0 days 00:01:41.326682,0.8260774344348528,0.2660395954865846,2,0.2502721361284589,0.21847376591747325,0.004518769633978797,0.05607786985719443,0.012769095728847117,0.056200919593588985,0.08617855851720847,26,86,0.016537431817404573,0.16450197896232427,True,False,False,0.0008007446237657628,COMPLETE
953,0.42574945688247684,2025-04-02 16:00:01.842395,2025-04-02 16:01:37.744530,0 days 00:01:35.902135,0.7652870744285063,0.31523903902433054,2,0.21713037776814462,0.10706476750567913,0.007126041793084577,0.05858251658296087,0.0043247888099908795,0.06189074037232804,0.03767630405321535,24,75,0.01298786586655311,0.14695567436315018,True,False,False,0.0009980652530941962,COMPLETE
954,0.4438373804092407,2025-04-02 16:01:38.045234,2025-04-02 16:03:23.657012,0 days 00:01:45.611778,0.9076172393826899,0.4194316511885794,2,0.23257343996343546,0.08300480286290171,0.023878294092351697,0.06424031299023454,0.010041613651175556,0.02877866301056635,0.051112574390528576,27,83,0.018431131885985785,0.1392858497353631,True,False,False,0.0005987056663391943,COMPLETE
955,0.44102547168731693,2025-04-02 16:03:23.965683,2025-04-02 16:03:52.202263,0 days 00:00:28.236580,0.8533825634861673,0.2844090787702782,16,0.24335912933682685,0.09380828388290023,0.014017164920602367,0.060418805225689376,0.014721036494516353,0.026092107466461262,0.06594928766655991,26,80,0.0150740331371427,0.13144858794915848,True,False,False,0.0007873797038450823,COMPLETE
956,0.423123049736023,2025-04-02 16:03:52.511759,2025-04-02 16:05:31.473337,0 days 00:01:38.961578,0.7432391866188257,0.36205051341847183,2,0.2570607511112196,0.10115991648875158,0.01119256359659049,0.06713824941976325,0.012684296974938988,0.033664887471563154,0.04359910784264818,25,70,0.005630410523727623,0.14953892795168472,True,False,False,0.00041000896333845665,COMPLETE
957,0.443811571598053,2025-04-02 16:05:31.788217,2025-04-02 16:07:14.072506,0 days 00:01:42.284289,0.8766229353876793,0.33907518795636654,2,0.11084687546147534,0.07456508955429335,0.008839380577614528,0.06239657164937171,0.010709616749736752,0.030260058473779623,0.0730035529002107,26,73,0.023479761117371066,0.14052749137526363,True,False,False,0.0009993451289153832,COMPLETE
958,0.44474359750747683,2025-04-02 16:07:14.394493,2025-04-02 16:08:53.232214,0 days 00:01:38.837721,0.808404543159505,0.3004379476765495,2,0.22415253314524647,0.15990185809734253,0.012961029138332851,0.041594764428819854,0.006997476781768947,0.02745801392158738,0.032345775953156575,25,78,0.01685668261660678,0.13026803455052235,True,False,False,0.00025375209745725634,COMPLETE
959,0.423123049736023,2025-04-02 16:08:53.532648,2025-04-02 16:10:44.443819,0 days 00:01:50.911171,0.8379815297882323,0.48133354571285514,2,0.2624637450396653,0.09362919084943613,0.006922473257470741,0.06550613572333987,0.014892684328057878,0.01608875930165313,0.09950630928709335,28,75,0.0122555212086762,0.1346380796474231,True,False,False,0.0005798727868714003,COMPLETE
960,0.44231355190277105,2025-04-02 16:10:44.764579,2025-04-02 16:12:19.710164,0 days 00:01:34.945585,0.8653295379778454,0.2592392037229459,2,0.23520231733319832,0.08772375159542711,0.011143260867390585,0.05787596121724173,0.008959765560975195,0.02491464315788392,0.055234901283881935,24,63,0.02079961790367405,0.15353557569465193,True,False,False,0.0006997600648726396,COMPLETE
961,0.31212502121925356,2025-04-02 16:12:20.024398,2025-04-02 16:13:46.427587,0 days 00:01:26.403189,0.8931164549464153,0.2795865677770068,2,0.253022446834173,0.10290768679227388,0.004433123276787483,0.060946703805415225,0.005146824521095892,0.03623096595978495,0.04264124403378203,25,88,0.014302348046691858,0.12754887607247295,True,False,True,0.00047493242405827126,COMPLETE
962,0.4362346053123475,2025-04-02 16:13:46.744060,2025-04-02 16:15:28.573940,0 days 00:01:41.829880,0.8243477578237443,0.3240939136052273,2,0.24506315304393403,0.22376058668512996,0.014142629150691553,0.06399183818895873,0.013778683071692062,0.031756390378483525,0.05217193232909162,26,84,0.019074347113111133,0.14260126734160425,True,False,False,0.00034903220698414916,COMPLETE
963,0.42353191375732424,2025-04-02 16:15:28.893416,2025-04-02 16:17:05.024078,0 days 00:01:36.130662,0.850997532302077,0.3000197358264661,2,0.22789906874075774,0.21577524223690092,0.022263065347040725,0.07460493582044789,0.016737246377691545,0.005229725884074336,0.07026477739720861,24,67,0.010429555243304236,0.1190615998785401,True,False,False,0.0007179719304659556,COMPLETE
964,0.4427509427070618,2025-04-02 16:17:05.333234,2025-04-02 16:18:50.909388,0 days 00:01:45.576154,0.9231574167214144,0.26528302686023775,2,0.2380590113840108,0.10759167952380974,0.008909362870302667,0.06746214289221038,0.011403162133811784,0.02929812440251564,0.03636268852546495,27,72,0.01667305645892823,0.13667884212523634,True,False,False,0.0005421502327820609,COMPLETE
965,0.423123049736023,2025-04-02 16:18:51.221885,2025-04-02 16:20:32.890548,0 days 00:01:41.668663,0.7914193623687817,0.2884625840895161,2,0.24761740044787567,0.09759779229981459,0.014981132377612692,0.059683741827690394,0.008821225457208454,0.02398001465550913,0.08469484229034555,26,77,0.00791376945788383,0.15843269420810913,True,False,False,0.0008254002460896234,COMPLETE
966,0.4400200486183167,2025-04-02 16:20:33.204218,2025-04-02 16:22:13.167489,0 days 00:01:39.963271,0.8762173006407149,0.25295662902636307,2,0.2182860884588497,0.09192514903419409,0.009751552695353887,0.06589304446622203,0.013030247988569367,0.027252777993092763,0.05929029652930408,25,80,0.015080891676196372,0.12990994980271167,True,False,False,0.0004257724104917911,COMPLETE
