number,value,datetime_start,datetime_complete,duration,params_alpha-eval,params_alpha-train,params_batch-size,params_eps-eval,params_eps-train,params_lambda-actions-eval,params_lambda-actions-train,params_lambda-frames-eval,params_lambda-frames-train,params_learning-rate,params_n-epochs,params_n-frames,params_radius-gw,params_rho,params_std-feats,params_ub-actions,params_ub-frames,params_weight-decay,state
341,0.4467058062553406,2025-04-01 23:49:21.406877,2025-04-01 23:50:57.752950,0 days 00:01:36.346073,0.9370143342571964,0.2897359623082706,2,0.20508737769433247,0.19616978552452702,0.030674798640907275,0.05783545720001457,0.0032390590788198836,0.02558718063906679,0.0696015787968742,24,95,0.01992243760432973,0.09215673545395797,True,False,False,0.00023033621936440241,COMPLETE
342,0.2804898262023926,2025-04-01 23:50:57.859473,2025-04-01 23:52:20.339646,0 days 00:01:22.480173,0.9056220925539101,0.29268629350334846,2,0.21295294613254595,0.18010253749325963,0.025881873616804624,0.05802596416209209,0.0014957888833530989,0.023946762059943526,0.06633528701000363,24,94,0.014325888934466294,0.09742761682755081,True,True,False,0.0002035891655395511,COMPLETE
343,0.42629499435424806,2025-04-01 23:52:20.445845,2025-04-01 23:53:54.167691,0 days 00:01:33.721846,0.8781309961527144,0.2683257942648906,2,0.2109755988843636,0.19433518068688727,0.02942456301317385,0.057919654783554556,0.004634541298420346,0.02554978714710863,0.0775877997315326,23,96,0.018830596124445917,0.1645337706702123,True,False,False,0.0002528125395574574,COMPLETE
344,0.44045250415802006,2025-04-01 23:53:54.274323,2025-04-01 23:55:23.517213,0 days 00:01:29.242890,0.8474564075070902,0.3056259218744249,2,0.26630525471548655,0.19349367814864216,0.03130458084782725,0.055085695081999675,0.0011840540028054236,0.027478366162118323,0.05871845708875646,22,98,0.016759167438091666,0.08989023117858515,True,False,False,0.0003087558233921231,COMPLETE
345,0.44116647243499757,2025-04-01 23:55:23.633620,2025-04-01 23:55:58.648863,0 days 00:00:35.015243,0.8298414694693342,0.32254430452003685,8,0.20414779909187192,0.21810547694123802,0.03237392548847538,0.055162203894548074,0.0056816804096709115,0.021123844424909957,0.07942380705187792,23,92,0.022140017780969346,0.10295705947529397,True,False,False,0.00013472775701603922,COMPLETE
346,0.43345160484313966,2025-04-01 23:55:58.757302,2025-04-01 23:57:34.587982,0 days 00:01:35.830680,0.9125357275306888,0.2611897688258274,2,0.20097500719865502,0.2410218753925773,0.030080666210287228,0.05692916204642079,0.0036249828529297395,0.0248775168481105,0.052765536597912256,24,96,0.021331181567228453,0.08353869497648067,True,False,False,0.00018124614748031814,COMPLETE
347,0.4413045883178711,2025-04-01 23:57:34.695930,2025-04-01 23:59:12.164675,0 days 00:01:37.468745,0.8790256203087824,0.2396819360540187,2,0.21910448727543383,0.20047211091531864,0.028800716522926068,0.05935204929495659,0.006750715344412282,0.02193267424889695,0.040346650053714815,24,102,0.02424879817327415,0.1357123460145559,True,False,False,0.00020432440435287207,COMPLETE
348,0.44562760591506956,2025-04-01 23:59:12.272412,2025-04-02 00:00:51.840853,0 days 00:01:39.568441,0.8564724499497928,0.2902562222487147,2,0.21080965105579158,0.23531622456186502,0.026554784007185275,0.05162246490436039,0.004194468851072534,0.028349950428813782,0.03531245903654197,25,99,0.018696916706312718,0.10813236352541458,True,False,False,0.00029965036331383176,COMPLETE
349,0.4369423627853394,2025-04-02 00:00:51.959234,2025-04-02 00:02:32.091484,0 days 00:01:40.132250,0.8599576647396712,0.2858115297821573,2,0.2029583974644705,0.22286659372282958,0.02344241842655216,0.05182196973938327,0.009602636208896023,0.02828808126140593,0.06745809641862513,25,104,0.020452987239122124,0.09630582204559635,True,False,False,0.0004299671021016009,COMPLETE
350,0.41666753292083747,2025-04-02 00:02:32.203825,2025-04-02 00:04:08.154821,0 days 00:01:35.950996,0.9015628463005712,0.2762618429111633,2,0.21066761826581323,0.2308570025100858,0.027800555648261945,0.05395859372988248,0.003905722993818757,0.028735802377483178,0.03799125904363713,24,93,0.01314807860962117,0.10881711439613691,True,False,False,0.00030832644096672244,COMPLETE
351,0.4436442494392395,2025-04-02 00:04:08.264862,2025-04-02 00:05:47.589978,0 days 00:01:39.325116,0.8628671484917873,0.2923071898531058,2,0.196426126700388,0.20835696593344863,0.02613343383151184,0.058762569543594,0.0011774800090951093,0.025340155128512655,0.050218817740300646,25,100,0.019931741736483696,0.1035185557972215,True,False,False,0.0002964548892029074,COMPLETE
352,0.4480191707611084,2025-04-02 00:05:47.699358,2025-04-02 00:07:21.735670,0 days 00:01:34.036312,0.8857055973058735,0.24503136068666406,2,0.20836392614487592,0.23758381269075401,0.031431538616158106,0.05623585501776658,0.008653942618797462,0.026965558912742375,0.03356086398364796,23,96,0.016331261199226205,0.11773254246488965,True,False,False,0.00023088909517841896,COMPLETE
353,0.44746055603027346,2025-04-02 00:07:21.854253,2025-04-02 00:08:55.300207,0 days 00:01:33.445954,0.834705804855103,0.2568122939284057,2,0.21662824875813821,0.23568964509380141,0.026593200576023174,0.05634129599693711,0.006033971428840941,0.02858881210553366,0.03359587645853166,23,99,0.01839163328020438,0.113211162919103,True,False,False,0.00028499492038216615,COMPLETE
354,0.4432146549224854,2025-04-02 00:08:55.409029,2025-04-02 00:10:28.573597,0 days 00:01:33.164568,0.821356231135515,0.2514014078596599,2,0.21894240307404728,0.23579237840248582,0.02200325344040573,0.05691581365823741,0.008850277533477422,0.028716730473546653,0.03584984483835903,23,98,0.015957191489062397,0.11431058892010851,True,False,False,0.0002496662122796485,COMPLETE
355,0.4419289112091065,2025-04-02 00:10:28.683173,2025-04-02 00:11:58.293170,0 days 00:01:29.609997,0.8373495578961258,0.2517788818882725,2,0.2100391913072622,0.24205504550432952,0.025071940605007836,0.059638666741731274,0.006922394378412259,0.027353751801292688,0.09933167498384879,22,95,0.01739330440577693,0.12511418474776656,True,False,False,0.00032389018731563107,COMPLETE
356,0.4225663304328918,2025-04-02 00:11:58.404153,2025-04-02 00:13:34.314382,0 days 00:01:35.910229,0.012306030596039186,0.26960825984575565,2,0.20628169255196221,0.23223200116314457,0.027627526293092508,0.056038772772732746,0.005561922763948057,0.026426713308172388,0.04447555670035154,24,92,0.018347105310537345,0.11651704592083095,True,False,False,0.0004446064819627455,COMPLETE
357,0.3119692802429199,2025-04-02 00:13:34.433558,2025-04-02 00:14:55.678523,0 days 00:01:21.244965,0.8555251703702742,0.308500423280801,2,0.21472346427840275,0.22414234341976383,0.030579806774138837,0.05767328809144594,0.0045414561806890715,0.02563239738848996,0.03252057263638581,23,95,0.014082161636626149,0.0942614210175001,True,False,True,0.00021497817102779336,COMPLETE
358,0.4337665438652039,2025-04-02 00:14:55.790114,2025-04-02 00:16:32.787206,0 days 00:01:36.997092,0.8830682232058538,0.24607237208702076,2,0.22451117346906171,0.23729235589387088,0.026141329130874996,0.05409879250519148,0.008089619473033504,0.02428638849484179,0.032242651695523136,24,98,0.018726505269484658,0.12040898362965952,True,False,False,0.0002554934038461135,COMPLETE
359,0.42446594238281254,2025-04-02 00:16:32.899853,2025-04-02 00:18:01.919625,0 days 00:01:29.019772,0.9332733793040662,0.2734086816573535,2,0.2152470501258484,0.23914036144883005,0.032584644653963386,0.056077627169788896,0.006045098266260857,0.029669278898086314,0.05596178415831178,22,91,0.01568710468197037,0.10769778005768084,True,False,False,0.00017823705315322556,COMPLETE
360,0.44794918298721315,2025-04-02 00:18:02.042836,2025-04-02 00:19:42.980520,0 days 00:01:40.937684,0.8108929429918567,0.2946626841192815,2,0.21885021104794675,0.22756344851572544,0.02854398010869934,0.014445901637211718,0.0035971761309530666,0.026443771930851633,0.0029814959081800292,25,102,0.009922042255572014,0.11303338258517186,True,False,False,0.0003158428217614423,COMPLETE
361,0.42575922012329104,2025-04-02 00:19:43.093130,2025-04-02 00:21:19.650531,0 days 00:01:36.557401,0.8133832773079396,0.31983897803582856,2,0.2226468886590256,0.23640516558773964,0.024075600231240193,0.06051818703305738,0.0010559597304174192,0.02694740523211243,0.0013221870580498042,24,102,0.004264534602212405,0.10966276408961442,True,False,False,0.0005587845682637383,COMPLETE
362,0.42357397079467773,2025-04-02 00:21:19.763078,2025-04-02 00:22:59.727521,0 days 00:01:39.964443,0.8353435641765516,0.7775642292871179,2,0.19380661507203997,0.22670191678161,0.028575057561640572,0.050757061738239774,0.0033242518640623836,0.023188911782832937,0.003554715717630961,25,100,0.007878345279221653,0.12269532719965714,True,False,False,0.00033864561485399454,COMPLETE
363,0.2975189208984375,2025-04-02 00:22:59.839990,2025-04-02 00:24:20.713856,0 days 00:01:20.873866,0.8071122852293288,0.26144033896061686,2,0.2014964164075717,0.24453193434446815,0.03000396861706081,0.058175671229061345,0.0036526880855334252,0.028993862430503888,0.004624631096289459,23,104,0.00954291621964709,0.13356273236103766,True,True,False,0.00032938072126179535,COMPLETE
364,0.44719848632812503,2025-04-02 00:24:20.836422,2025-04-02 00:26:00.229257,0 days 00:01:39.392835,0.8521092027924453,0.29749678173007604,2,0.20767868239811416,0.21393589445947644,0.026993243854290937,0.05355550198355211,0.006049441530128494,0.027691321993463493,0.002639392209262718,25,96,0.021310636434728775,0.115071664651444,True,False,False,0.00038216200605478077,COMPLETE
365,0.44557983875274665,2025-04-02 00:26:00.342314,2025-04-02 00:27:40.166552,0 days 00:01:39.824238,0.8531754075868601,0.2946140900419277,2,0.21282799064233263,0.2131545840438878,0.027027727806727696,0.0025411884536231666,0.011971773112577558,0.026228498225946133,0.002698946052754654,25,96,0.021523092606023315,0.11414170701448481,True,False,False,0.0004206776408945658,COMPLETE
366,0.44433754682540894,2025-04-02 00:27:40.280956,2025-04-02 00:29:20.561675,0 days 00:01:40.280719,0.8531124884580406,0.2989057748806067,2,0.20733714864589903,0.20530703607654988,0.015168557807636283,0.010508948710008148,0.0104501203963807,0.026309246036601907,0.0015106119087810663,25,96,0.020407638043945586,0.1030938354402064,True,False,False,0.00036316573392704694,COMPLETE
367,0.4435747027397156,2025-04-02 00:29:20.674868,2025-04-02 00:31:00.219337,0 days 00:01:39.544469,0.8785749577112155,0.29718312877364855,2,0.21889483599882073,0.2153913510580352,0.02108169551817754,0.0538622869479758,0.008858254749990429,0.024643033690396825,0.0024952733019585117,25,94,0.017853865488306257,0.10815043297706126,True,False,False,0.0004495522373449493,COMPLETE
368,0.44640738964080817,2025-04-02 00:31:00.342943,2025-04-02 00:32:39.921233,0 days 00:01:39.578290,0.8402200386283275,0.24465318089351668,2,0.2119596863023001,0.2091251554615948,0.026716216802612817,0.05277723947068828,0.005705817899230686,0.02665116413669295,0.0020102770267528664,25,97,0.021613475400000557,0.12991441926581973,True,False,False,0.0005495183730677707,COMPLETE
369,0.44927722215652466,2025-04-02 00:32:40.036478,2025-04-02 00:34:19.119017,0 days 00:01:39.082539,0.8345549999039836,0.27471763514285763,2,0.21221204122095783,0.21519759648161832,0.023811404250171118,0.052065633299216714,0.007411090653225051,0.02769310618818821,0.002024839810623426,25,92,0.02205089827543233,0.12910784246455037,True,False,False,0.0005033117507148242,COMPLETE
370,0.4372461795806885,2025-04-02 00:34:19.233709,2025-04-02 00:35:59.785284,0 days 00:01:40.551575,0.830318877827558,0.27971706812404035,2,0.19916107557078885,0.21004717141069057,0.02276424977099984,0.0025296755759739026,0.011588544343082048,0.026403696979173746,0.0019462307757402914,25,91,0.02149126185656028,0.14389869656471335,True,False,False,0.0004687831988147909,COMPLETE
371,0.4404965043067932,2025-04-02 00:35:59.911641,2025-04-02 00:37:41.336561,0 days 00:01:41.424920,0.847102565582953,0.3183655458969214,2,0.21260000668720452,0.1983529321879028,0.026328283140353508,0.00813200922624252,0.00656091025615356,0.023395679083202125,0.0029074555125207144,25,98,0.019159876214327895,0.12624230898427247,True,False,False,0.0006755713128955477,COMPLETE
372,0.4423227667808533,2025-04-02 00:37:41.451407,2025-04-02 00:39:19.835197,0 days 00:01:38.383790,0.8609725192257006,0.2887486837347571,2,0.22798643318002487,0.21384955376786435,0.02525975857702877,0.0038682262295629956,0.007823910171008535,0.028097921078556683,0.0016867340567794879,25,90,0.02221039675547386,0.11621342477109456,True,False,False,0.0005330078078186124,COMPLETE
373,0.4487374305725098,2025-04-02 00:39:19.952565,2025-04-02 00:40:58.631544,0 days 00:01:38.678979,0.8395289230831842,0.2732829146545852,2,0.20856387910609975,0.22253162151601255,0.027042005831481166,0.014269771892936479,0.005850770276794193,0.025175108000684662,0.00356261061892788,25,93,0.016990232098396816,0.13101018238805165,True,False,False,0.00041186062218596166,COMPLETE
374,0.440991735458374,2025-04-02 00:40:58.747674,2025-04-02 00:42:39.390503,0 days 00:01:40.642829,0.8274174442350526,0.2605869923748197,2,0.2067851339955813,0.20286796984781247,0.027106777125287182,0.007401096226515447,0.013094513972455046,0.026388096666482657,0.0029500819961891375,25,92,0.011228393346920239,0.12189950341419487,True,False,False,0.0006905892149405575,COMPLETE
375,0.44014424085617065,2025-04-02 00:42:39.517629,2025-04-02 00:44:19.846893,0 days 00:01:40.329264,0.7953307024308457,0.2687786351980709,2,0.19928910253398827,0.22452757999767234,0.019898384020316733,0.00487806296353715,0.008810363320714611,0.025118061568380277,0.004021092158726596,25,93,0.014735827330060097,0.1417136414540508,True,False,False,0.0004102450543563813,COMPLETE
376,0.4410436153411865,2025-04-02 00:44:19.963493,2025-04-02 00:45:59.297224,0 days 00:01:39.333731,0.8321343283550486,0.24077347625808265,2,0.2070193397624121,0.21924598062936176,0.023442063057701305,0.011014957852872632,0.005803968593698566,0.028942976976224874,0.0025483792326874903,25,99,0.01640721475016106,0.11370134004258337,True,False,False,0.0005128636916117418,COMPLETE
377,0.4430795550346375,2025-04-02 00:45:59.414330,2025-04-02 00:47:39.149607,0 days 00:01:39.735277,0.8118681286245651,0.3114105232561145,2,0.21772879282286145,0.2164595209867916,0.024992499613426332,0.013809694307669203,0.005945173175572534,0.021520079619583223,0.002662732340132573,25,90,0.017831321511893993,0.13061041565158005,True,False,False,0.00036072308056728306,COMPLETE
378,0.438799524307251,2025-04-02 00:47:39.266190,2025-04-02 00:49:19.022794,0 days 00:01:39.756604,0.8445511786295132,0.2780430782787909,2,0.18292360740003216,0.213306736552868,0.026801503459072142,0.014972904993826322,0.00987402824575365,0.02680907892847509,0.0021322056494783486,25,96,0.020915378458077043,0.12745369939288864,True,False,False,0.00058858488092726,COMPLETE
379,0.31185382604599,2025-04-02 00:49:19.150764,2025-04-02 00:50:42.857964,0 days 00:01:23.707200,0.8598449019039516,0.23452812344370352,2,0.2238154570406628,0.20526509400960277,0.02401699817259095,0.006247717267896554,0.007951528995541454,0.029461846827890187,0.0022071590137671105,24,94,0.013424742852616696,0.13714116127862214,True,False,True,0.00036456615037788954,COMPLETE
380,0.43720300197601325,2025-04-02 00:50:42.976023,2025-04-02 00:52:22.626557,0 days 00:01:39.650534,0.8388752112177293,0.2597069660384215,2,0.2072267889498442,0.20848633288509524,0.028312947269021813,0.05071133381074246,0.004230019438545856,0.023227564536840654,0.0035397966109047,25,97,0.018134675977929546,0.1187489737949585,True,False,False,0.0005770994384495364,COMPLETE
381,0.44040623903274534,2025-04-02 00:52:22.745455,2025-04-02 00:54:02.061156,0 days 00:01:39.315701,0.8092778738737842,0.31969874258765907,2,0.2102507523403156,0.22073867119537724,0.02652590860388167,0.009862928300506052,0.01491914709422553,0.025647193467421323,0.002983908211885147,25,100,0.01936181361181791,0.12831459833167613,True,False,False,0.0008643981642213818,COMPLETE
382,0.4385545372962952,2025-04-02 00:54:02.191020,2025-04-02 00:55:38.881598,0 days 00:01:36.690578,0.7862130709097139,0.28674192584213515,2,0.1981014655550114,0.1971938760746987,0.022067134041312195,0.0010409146508629924,0.005401636164799295,0.029928229411293153,0.0019002510531683464,24,88,0.02084219166606234,0.1345118684143747,True,False,False,0.000396007456178542,COMPLETE
383,0.441810667514801,2025-04-02 00:55:39.002012,2025-04-02 00:57:15.469170,0 days 00:01:36.467158,0.8727073618941593,0.24608522436837227,2,0.23108678643876215,0.21244461078686355,0.028978449193606853,0.01300451908648435,0.007808032646947037,0.01931575649485241,0.004879030079399869,24,92,0.01256211012722493,0.11115123099632404,True,False,False,0.0002786952126214187,COMPLETE
384,0.2804898262023926,2025-04-02 00:57:15.588532,2025-04-02 00:58:40.700229,0 days 00:01:25.111697,0.8584152560068433,0.3055190941599766,2,0.15721993771818984,0.2247664736535201,0.024023435565650408,0.05193812840722929,0.011502517104825315,0.027569199658446876,0.0025840986919751737,25,98,0.02158795881310114,0.14744526283285034,True,True,False,0.0003027202639898299,COMPLETE
385,0.44399050474166873,2025-04-02 00:58:40.837173,2025-04-02 01:00:21.064434,0 days 00:01:40.227261,0.8227069461142936,0.26987651211334224,2,0.21929049113672988,0.21892677620210796,0.026953791436628984,0.0500701556556742,0.003610536476186918,0.024743231599255438,0.003377102428843039,25,93,0.014730526641253763,0.2771494437584573,True,False,False,0.000423057763370403,COMPLETE
386,0.44239463806152346,2025-04-02 01:00:21.185914,2025-04-02 01:01:57.970418,0 days 00:01:36.784504,0.8434654414827858,0.2285170357657053,2,0.20244188271901267,0.20079144893806578,0.028786914301068594,0.05620563143430682,0.006913231552127926,0.022717068989220084,0.0016313741270484864,24,96,0.017267160436871543,0.11591429682824252,True,False,False,0.0007856549384158766,COMPLETE
387,0.4449248790740967,2025-04-02 01:01:58.090993,2025-04-02 01:03:32.016808,0 days 00:01:33.925815,0.7974812657442137,0.27594966972677865,2,0.21261060322880632,0.22787230280276932,0.025531802760006446,0.052954337445731296,0.003140834427911969,0.030989215726501963,0.002416190300547758,23,100,0.02255115159203012,0.12322768543858245,True,False,False,0.0005205363826159619,COMPLETE
388,0.44314627647399907,2025-04-02 01:03:32.137954,2025-04-02 01:05:04.988218,0 days 00:01:32.850264,0.8021458387356792,0.2902122982013971,2,0.2122860869510559,0.22697172594074738,0.017515303936419653,0.05305125957343262,0.0030963357293803525,0.028121737915502442,0.0021522197275491736,23,101,0.02240870401483265,0.1229666163023222,True,False,False,0.000249259906204126,COMPLETE
389,0.4443330526351929,2025-04-02 01:05:05.120401,2025-04-02 01:06:40.044554,0 days 00:01:34.924153,0.8206187703375897,0.3260092085408313,2,0.22212142481115787,0.2138428366424246,0.025245422315177613,0.05001302331046434,0.005226193984967837,0.030890863044137653,0.0031087821337937326,23,100,0.019889693683661988,0.12108283404435072,True,False,False,0.0006092130472235543,COMPLETE
390,0.4266611218452454,2025-04-02 01:06:40.167006,2025-04-02 01:08:10.624891,0 days 00:01:30.457885,0.7967089667880529,0.2711802574623788,2,0.20592166857750568,0.22816649506410883,0.02341129198887288,0.05296910380353203,0.09064257829911607,0.030984121765694348,0.0039032128759601365,22,97,0.00794560092365752,0.1308202876319534,True,False,False,0.0004861747946524562,COMPLETE
391,0.444891893863678,2025-04-02 01:08:10.746243,2025-04-02 01:09:37.123621,0 days 00:01:26.377378,0.8679962229575748,0.2996661280818988,2,0.21637549336729867,0.1865538125569445,0.026446728930970567,0.05153014150799207,0.009770258600919958,0.026614910793217764,0.0018301672148472769,21,94,0.023997754630275127,0.11377480621283287,True,False,False,0.0003299280852805214,COMPLETE
392,0.4330485224723816,2025-04-02 01:09:37.256430,2025-04-02 01:11:10.941130,0 days 00:01:33.684700,0.771682019485549,0.5227798024559279,2,0.22909663798624114,0.2218567095642801,0.019624404849228474,0.055044638146042955,0.0033520149776130022,0.024670538472988328,0.002296291508836631,24,53,0.019324193096247597,0.13118354410470348,True,False,False,0.0005983564964960395,COMPLETE
393,0.4426440238952637,2025-04-02 01:11:11.063617,2025-04-02 01:12:33.869835,0 days 00:01:22.806218,0.7867635888197404,0.25080662763369,2,0.20996018908320732,0.2091412626034993,0.02834524719666378,0.04971074939413031,0.006433545528467571,0.020891879175020143,0.0024997049457596114,20,102,0.023190399751524194,0.11232166570448146,True,False,False,0.000461220573387096,COMPLETE
394,0.4351333975791931,2025-04-02 01:12:33.992613,2025-04-02 01:14:10.795286,0 days 00:01:36.802673,0.8357971860877846,0.2724754914562985,2,0.19538420297976808,0.22977103186955924,0.022972503440358064,0.053824104752474886,0.0050034687620415935,0.02881262527888954,0.0029450582772239295,24,99,0.06351118473251778,0.12427052383291656,True,False,False,0.00027603783674095167,COMPLETE
395,0.4435484528541565,2025-04-02 01:14:10.919529,2025-04-02 01:15:43.714318,0 days 00:01:32.794789,0.8581875838376211,0.29098083125464363,2,0.21915577642825945,0.19308565303245734,0.029887507230703145,0.05616393192145603,0.00244559710243796,0.029802271399128714,0.0010918067265129762,23,90,0.016538802880085638,0.12138467944368775,True,False,False,0.00039890846631334813,COMPLETE
396,0.43935019969940187,2025-04-02 01:15:43.847143,2025-04-02 01:17:24.267167,0 days 00:01:40.420024,0.8181505471557964,0.25166217737923197,2,0.18556607254646912,0.20457200265660067,0.02665389270843355,0.051528909675871905,0.007853818190673134,0.026238857306178337,0.0007563756812908367,25,95,0.020410669643764905,0.10761730496387309,True,False,False,0.00024559795846074915,COMPLETE
