number,value,datetime_start,datetime_complete,duration,params_alpha-eval,params_alpha-train,params_batch-size,params_eps-eval,params_eps-train,params_lambda-actions-eval,params_lambda-actions-train,params_lambda-frames-eval,params_lambda-frames-train,params_learning-rate,params_n-epochs,params_n-frames,params_radius-gw,params_rho,params_std-feats,params_ub-actions,params_ub-frames,params_weight-decay,state
224,0.439273476600647,2025-04-22 15:15:27.882672,2025-04-22 15:16:31.364019,0 days 00:01:03.481347,0.13252160444551905,0.3149015553481185,2,0.2718597487867144,0.04039754239353026,0.02639414798102337,0.017596230022897636,0.048427993808811735,0.06806147404129506,0.09845890211579832,14,121,0.06211788586396664,0.2191150455437292,False,False,False,4.081374563322528e-08,COMPLETE
225,0.4405918478965759,2025-04-22 15:16:31.435692,2025-04-22 15:17:31.373613,0 days 00:00:59.937921,0.1596041993538169,0.3653868052725654,2,0.28160491716976566,0.03266954533591285,0.023748750133324274,0.019899643281551936,0.0530875259536282,0.068883621562813,0.0627349034579021,13,137,0.06536569850566884,0.24022980687156892,False,False,False,3.5659623809255223e-07,COMPLETE
226,0.2804898262023926,2025-04-22 15:17:31.444357,2025-04-22 15:18:27.021784,0 days 00:00:55.577427,0.06244872817397619,0.38145675924574995,2,0.2920648584754517,0.022534673070191434,0.019553862263879056,0.01531841064902373,0.043164491542763986,0.07206784968045199,0.055606294831093,12,121,0.059649052085464546,0.23276068703963546,False,False,False,1.591513439673553e-08,COMPLETE
227,0.2804898262023926,2025-04-22 15:18:27.102381,2025-04-22 15:19:34.363798,0 days 00:01:07.261417,0.14340350351609865,0.3454111130242671,2,0.2642707568778093,0.017856979169158835,0.02784373781116623,0.01702462531390302,0.03865779072790558,0.08007280261627124,0.0742122522398403,15,112,0.0642010008992714,0.22540968751084686,False,False,False,2.5947540518412927e-08,COMPLETE
228,0.4404887676239014,2025-04-22 15:19:34.435724,2025-04-22 15:20:47.394431,0 days 00:01:12.958707,0.19295962316623125,0.3013181824547732,2,0.2726066314031377,0.03701203779575069,0.02510253348229818,0.01773535650194295,0.04491897385678906,0.0711675528118608,0.045849550061707454,17,128,0.06733308687015686,0.20714904895455105,False,False,False,1.512580262889532e-08,COMPLETE
229,0.41173255443573,2025-04-22 15:20:47.466587,2025-04-22 15:21:48.339399,0 days 00:01:00.872812,0.16333896852196964,0.36325586852556,2,0.294394897833741,0.0503010135370418,0.021089517224660508,0.015000217766836176,0.03988417776320804,0.07729574933494877,0.06161673108284231,13,144,0.06823575219540988,0.23865378912998964,False,False,False,6.973811043415677e-08,COMPLETE
230,0.2804898262023926,2025-04-22 15:21:48.412739,2025-04-22 15:22:45.893655,0 days 00:00:57.480916,0.10764765678865568,0.32697887273423376,2,0.28744509170110294,0.02934931130424402,0.029802581629719656,0.010959275983771985,0.042526930034717844,0.07426196141731319,0.07831084142399965,15,110,0.0722762833355893,0.23220374291782123,False,True,False,1.0281619321346096e-08,COMPLETE
231,0.4392500162124634,2025-04-22 15:22:45.966869,2025-04-22 15:23:56.219033,0 days 00:01:10.252164,0.13344045894778306,0.379092997224414,2,0.2771709249886046,0.15026531727108577,0.034552366929586485,0.014747417187166462,0.0423621505485765,0.0699820590821876,0.0534407827483414,16,134,0.0637177195908635,0.23871574601116072,False,False,False,5.922868821195639e-08,COMPLETE
232,0.3935176491737366,2025-04-22 15:23:56.291768,2025-04-22 15:25:03.723979,0 days 00:01:07.432211,0.17760824819581242,0.4210412516640913,2,0.28218629344546886,0.0411043979509109,0.027027224712580795,0.01783918570536969,0.03749423819893338,0.09458504820585757,0.04348045610708724,15,141,0.06543550507274579,0.2263358838400888,False,False,False,2.5770016922420514e-07,COMPLETE
233,0.439743185043335,2025-04-22 15:25:03.807203,2025-04-22 15:26:07.296472,0 days 00:01:03.489269,0.20870066455966896,0.38094607107932715,2,0.2916160691648733,0.03564644186810836,0.023180538986589186,0.09802318674882189,0.04643488031737508,0.06637110089434564,0.07169300444510855,14,123,0.06870428554269939,0.22051728038817495,False,False,False,1.6601796190602063e-07,COMPLETE
234,0.4390617489814759,2025-04-22 15:26:07.370027,2025-04-22 15:27:16.977571,0 days 00:01:09.607544,0.2502270129244955,0.25834364826345013,2,0.2983611456784655,0.024871003509369785,0.029790115625427237,0.020250096375110584,0.04047231925211534,0.009654181575857845,0.05459713469580795,16,107,0.060803924231520416,0.23143313731558765,False,False,False,1.1223491731426828e-07,COMPLETE
235,0.4398959636688232,2025-04-22 15:27:17.052316,2025-04-22 15:28:26.553070,0 days 00:01:09.500754,0.06634943289945318,0.45742907619661394,2,0.27289569900297106,0.03146311067272652,0.024866390884529195,0.015512866450423256,0.04395895573519043,0.06247943213842194,0.06753374799892657,16,104,0.07179389041597423,0.240157188181493,False,False,False,5.430866375836922e-08,COMPLETE
236,0.4132081270217896,2025-04-22 15:28:26.626814,2025-04-22 15:29:33.249724,0 days 00:01:06.622910,0.14917028778371097,0.4070455752402785,2,0.2894597704082332,0.044177678920335944,0.018122063820402733,0.05462401486379906,0.03721397410620123,0.010869895002023375,0.041500915135249145,15,108,0.06663797868010392,0.1595276419127632,False,False,False,8.859490444935592e-08,COMPLETE
237,0.4390652298927307,2025-04-22 15:29:33.324480,2025-04-22 15:30:49.730719,0 days 00:01:16.406239,0.27161907551324416,0.35276901813797124,2,0.2825947107696491,0.05287363359904047,0.028799318898625206,0.008199322650695867,0.04804966832308948,0.007455015283663994,0.08362180702295394,18,114,0.057996696076119986,0.23286359308536328,False,False,False,8.092772373170787e-08,COMPLETE
238,0.44794051647186284,2025-04-22 15:30:49.805883,2025-04-22 15:31:52.687170,0 days 00:01:02.881287,0.19417784118552753,0.43926986586750477,2,0.2578764637788949,0.040401597596144104,0.03360955792571483,0.06185457883312091,0.04193382684730038,0.0699518124402078,0.06363798338605524,14,120,0.061895066059001545,0.21439857985065028,False,False,False,4.981300007630598e-07,COMPLETE
239,0.44818116426467897,2025-04-22 15:31:52.772060,2025-04-22 15:32:56.011652,0 days 00:01:03.239592,0.16849916294827005,0.45195930023481823,2,0.2531505579715637,0.04139122514997274,0.03495035707787525,0.0712206651921214,0.03947581582954296,0.06904771485175427,0.09982240526426596,14,120,0.062338724673710995,0.21518627746398183,False,False,False,5.248169533856415e-07,COMPLETE
240,0.3969580054283143,2025-04-22 15:32:56.087421,2025-04-22 15:34:01.306452,0 days 00:01:05.219031,0.17496712211218501,0.4447098249826157,2,0.2542047556362557,0.03688206851097252,0.03492551466082781,0.0570392378700971,0.039639040256866195,0.06917861738848154,0.09940560861238368,14,121,0.06225198663589895,0.21781681298051583,True,False,False,4.984167790531088e-07,COMPLETE
241,0.4450369119644165,2025-04-22 15:34:01.381346,2025-04-22 15:35:01.320883,0 days 00:00:59.939537,0.20080844502708134,0.46803254200375366,2,0.25609826314814516,0.04257979452044931,0.033705656296359174,0.08313308475487348,0.041728071922641594,0.06692907676772604,0.05979755518828157,13,118,0.06105011303122107,0.2139020222715002,False,False,False,4.4567367462114136e-07,COMPLETE
242,0.44324802160263066,2025-04-22 15:35:01.396518,2025-04-22 15:36:08.240963,0 days 00:01:06.844445,0.20771362589196102,0.4708451027116879,2,0.25918340611695584,0.03949902442441282,0.030882575409085358,0.07918484604744427,0.04182452307256859,0.06513850420577545,0.06110237452306646,15,119,0.0610989665509277,0.21407273725675766,False,False,False,4.427859802727844e-07,COMPLETE
243,0.44233227968215943,2025-04-22 15:36:08.317164,2025-04-22 15:37:09.030998,0 days 00:01:00.713834,0.19134112931511144,0.44742480566433174,2,0.2621353017876307,0.03147287524519954,0.032946153582582315,0.06390442872270362,0.044639409787332045,0.06708452699482904,0.08162394981033796,13,123,0.06431077922843428,0.2097864868776105,False,False,False,3.7298249891796513e-07,COMPLETE
244,0.4422212719917297,2025-04-22 15:37:09.107115,2025-04-22 15:38:06.637218,0 days 00:00:57.530103,0.15975101932630903,0.4159374492928039,2,0.24742818459959898,0.04893284862731652,0.03404882994262682,0.0673372278148523,0.099841600176479,0.07169545724746883,0.055504615641925686,12,115,0.05670152152658063,0.22346436240567571,False,False,False,5.650545811809463e-07,COMPLETE
245,0.2804898262023926,2025-04-22 15:38:06.724367,2025-04-22 15:39:09.556606,0 days 00:01:02.832239,0.22233827337326384,0.460308860493534,2,0.26760782318801934,0.026853791179793463,0.03084529770122512,0.07908215393244049,0.04252053454684144,0.07041742181138075,0.04846756893017501,14,118,0.059951840383115525,0.2157055935016368,False,False,False,2.585195292577783e-07,COMPLETE
246,0.4455342888832093,2025-04-22 15:39:09.633245,2025-04-22 15:40:10.434381,0 days 00:01:00.801136,0.19537266298905795,0.42947266271737594,2,0.25231663430151563,0.042157623337837236,0.03329672775299925,0.07292088837536878,0.03966167248932703,0.09980891200022379,0.07019830732740097,13,126,0.06268900111881602,0.22323501629807277,False,False,False,3.2887553701585775e-07,COMPLETE
247,0.44009221792221076,2025-04-22 15:40:10.512270,2025-04-22 15:41:11.653603,0 days 00:01:01.141333,0.19009116815574997,0.43415388053992165,2,0.259375074556919,0.035327633164547324,0.03345369629839208,0.05843740091788325,0.03836871681301323,0.09968274906444205,0.06501861556374174,13,125,0.06260856292866522,0.2011692551064931,False,False,False,3.538121369573457e-07,COMPLETE
248,0.4412541151046753,2025-04-22 15:41:11.730927,2025-04-22 15:42:08.843962,0 days 00:00:57.113035,0.1248033658638959,0.3845373262461448,2,0.25228856496771984,0.04062741768547813,0.03283650584320431,0.09103542435010857,0.04367917037418937,0.09659820742204674,0.08435768438269194,12,130,0.05937600481385579,0.22209120015056313,False,False,False,1.9921261653296502e-07,COMPLETE
249,0.44422947168350224,2025-04-22 15:42:08.922210,2025-04-22 15:43:12.611909,0 days 00:01:03.689699,0.1724681480384138,0.4666706560557266,2,0.2509411196515121,0.04833485585697818,0.03566637148194998,0.06702432856194554,0.0409616240653246,0.06728630773838983,0.0976970791768987,14,127,0.06220504688470489,0.21327536359105861,False,False,False,4.963625083286075e-07,COMPLETE
250,0.3939627408981323,2025-04-22 15:43:12.689625,2025-04-22 15:44:12.849992,0 days 00:01:00.160367,0.1718719428554735,0.4745979875876837,2,0.2513164656541417,0.05130203016349557,0.03587285893802612,0.07361822485896612,0.04073323803351338,0.06823520162562906,0.0981116310674519,13,126,0.06580160120968145,0.21024787956799193,False,False,False,4.474973731423825e-07,COMPLETE
251,0.2804898262023926,2025-04-22 15:44:12.938676,2025-04-22 15:45:16.047011,0 days 00:01:03.108335,0.14319845649485385,0.4507719457443665,2,0.2576661668060639,0.029553969549748985,0.034551742206704816,0.07120355827759424,0.038956001068289496,0.09812826757359283,0.07235385917628732,14,128,0.053689624474161785,0.20779505527794087,False,False,False,3.027304414018365e-07,COMPLETE
252,0.2804898262023926,2025-04-22 15:45:16.126524,2025-04-22 15:46:16.014177,0 days 00:00:59.887653,0.1985083897981179,0.4752675955957814,2,0.26560060442906774,0.019260472048799784,0.036693734838519766,0.07035767270912235,0.040758566491234924,0.06527844445809453,0.08505087782514582,13,123,0.0630645748793426,0.21761672079454977,False,False,False,3.8083050720034414e-07,COMPLETE
253,0.2804898262023926,2025-04-22 15:46:16.093591,2025-04-22 15:47:15.899352,0 days 00:00:59.805761,0.1742753316960729,0.8370133003436736,2,0.24843768301895833,0.047989265917043826,0.02813591562904477,0.06634916754172215,0.04642584333790188,0.07456108211080162,0.07030517870302018,13,119,0.06944608311491256,0.19608422784612833,False,False,False,5.377511216498308e-07,COMPLETE
254,0.44515073299407965,2025-04-22 15:47:15.978774,2025-04-22 15:48:18.868176,0 days 00:01:02.889402,0.15555975275915324,0.4315674020661046,2,0.2569685920287064,0.03507435802957427,0.032842217525421664,0.0625038737672464,0.0891491569570589,0.06765183799733801,0.0987087708300924,14,118,0.06712790399202177,0.2313273931899537,False,False,False,1.8297772357405396e-08,COMPLETE
255,0.44825421571731566,2025-04-22 15:48:18.947818,2025-04-22 15:49:22.488334,0 days 00:01:03.540516,0.11107233390397045,0.4351398270093849,2,0.254425708682423,0.034410464929283145,0.03599177532412651,0.062168808643092925,0.08116648696673284,0.06750709070512234,0.09859494825107,14,132,0.06511836857656671,0.21332389499037527,False,False,False,2.3996933374092774e-07,COMPLETE
256,0.2804898262023926,2025-04-22 15:49:22.571083,2025-04-22 15:50:25.687338,0 days 00:01:03.116255,0.12872468721216118,0.4336308231160221,2,0.257607118630619,0.024449829942824186,0.035718423386833495,0.06592951043786754,0.08481681180089809,0.06263348629936792,0.09312249794660409,14,135,0.06648944006396101,0.2030869020947691,False,False,False,2.427404692507452e-07,COMPLETE
257,0.44491592645645145,2025-04-22 15:50:25.777349,2025-04-22 15:51:29.637139,0 days 00:01:03.859790,0.10363100327001439,0.4327200085349302,2,0.24575409555717265,0.034778567548073236,0.03399900922289312,0.06178644342315293,0.08789383147326124,0.06755642204075143,0.09767268013394625,14,132,0.06519290045976434,0.21440037881083127,False,False,False,1.9372154045870453e-08,COMPLETE
258,0.2804898262023926,2025-04-22 15:51:29.717156,2025-04-22 15:52:33.001456,0 days 00:01:03.284300,0.10191893883007845,0.4472166052152549,2,0.2530813558627373,0.034680209863383736,0.03376366293422279,0.061369200987329585,0.08982789521225369,0.06770353877714672,0.09399429859667591,14,133,0.06059637405638875,0.2182566760083233,False,False,False,2.2192627579988283e-08,COMPLETE
259,0.42745193243026736,2025-04-22 15:52:33.082641,2025-04-22 15:53:36.549231,0 days 00:01:03.466590,0.08307989928867099,0.425825341578813,2,0.24681698745013683,0.2939263866645483,0.03589033334502076,0.06051329567359019,0.09186672610263816,0.06654328743883806,0.09888364041504502,14,130,0.06481807218494991,0.22784177648970724,False,False,False,1.7407893490664486e-08,COMPLETE
260,0.2804898262023926,2025-04-22 15:53:36.630338,2025-04-22 15:54:32.927408,0 days 00:00:56.297070,0.12307080039686506,0.4866284456857501,2,0.25292886627114075,0.028544375163360648,0.03273345806200088,0.06311246983847459,0.08344858658808568,0.07024737979074223,0.06352308581971258,12,126,0.06490314611471398,0.23694957742670633,False,False,False,1.794094811439288e-08,COMPLETE
261,0.2804898262023926,2025-04-22 15:54:33.008936,2025-04-22 15:55:19.262746,0 days 00:00:46.253810,0.1078936600448419,0.4639387365953403,2,0.24497508841797516,0.03302551631995147,0.038658559843649305,0.06992899443007837,0.08845685937170655,0.06501812991875412,0.06687744999227992,11,131,0.057831964884438036,0.22221558742478476,False,True,False,2.4790202717446032e-08,COMPLETE
262,0.43182373046875,2025-04-22 15:55:19.344600,2025-04-22 15:56:19.971529,0 days 00:01:00.626929,0.06814774900727141,0.4370543677127882,2,0.26411466394475475,0.056305867429981185,0.03474023239429728,0.04964951434263728,0.08748578255677697,0.0634213437550627,0.08097311696397733,13,123,0.06690012461696056,0.21463078391120188,False,False,False,3.023342533988776e-08,COMPLETE
263,0.2804898262023926,2025-04-22 15:56:20.063182,2025-04-22 15:57:23.368550,0 days 00:01:03.305368,0.1998183686950518,0.4153027191456774,2,0.2551617832517239,0.02325831054567641,0.0314786584414933,0.0850813486372,0.07560800881261259,0.06972777036404793,0.09679968577845417,14,127,0.06281969380696556,0.20734570941762637,False,False,False,2.9875475265066665e-07,COMPLETE
264,0.2804898262023926,2025-04-22 15:57:23.450497,2025-04-22 15:58:26.885460,0 days 00:01:03.434963,0.11315184653678995,0.45953307457917275,2,0.24615697258550845,0.012222758446413205,0.036461376415675505,0.061998485579953355,0.0913416363606835,0.06881631691957565,0.06105423328328416,14,139,0.061043885627164826,0.19392840916530446,False,False,False,1.2069359582535091e-08,COMPLETE
265,0.34135392904281614,2025-04-22 15:58:26.969365,2025-04-22 15:59:28.905725,0 days 00:01:01.936360,0.1513115889217393,0.4282724715085878,2,0.2631253707011592,0.03552280632043268,0.034297628833527875,0.06510603184492288,0.06531804918466075,0.06676024952035965,0.07398658478643176,13,121,0.06641782976301532,0.22795630024354752,True,False,False,1.356733263360069e-08,COMPLETE
266,0.38535709381103517,2025-04-22 15:59:28.989310,2025-04-22 16:00:29.023328,0 days 00:01:00.034018,0.1307215788093315,0.4845581559950314,2,0.24129694055540954,0.046241106794191925,0.04036318903431414,0.07342740358112872,0.07185287091572685,0.07325732887544666,0.055886865452724914,13,133,0.07061987439554375,0.2429595063560754,False,False,False,4.852620802486382e-07,COMPLETE
267,0.44962803125381473,2025-04-22 16:00:29.108111,2025-04-22 16:01:33.055642,0 days 00:01:03.947531,0.22303003097488974,0.3963807032791703,2,0.2523246711267354,0.038912838464094684,0.032167809433185805,0.07633218970999318,0.08720099321022294,0.06775679549462768,0.039731121985077486,14,119,0.06397285833859301,0.23244632629148101,False,False,False,3.604132933718475e-07,COMPLETE
268,0.4419964909553528,2025-04-22 16:01:33.149137,2025-04-22 16:02:36.333754,0 days 00:01:03.184617,0.23143099347815954,0.4037994757887525,2,0.25198621444643304,0.03914574666275405,0.0324579631513396,0.07695424186676302,0.09575695940613166,0.06780827768869806,0.03723559298900793,14,118,0.06259960064558719,0.2222920992442555,False,False,False,3.623296035216969e-07,COMPLETE
269,0.4427429795265198,2025-04-22 16:02:36.418206,2025-04-22 16:03:39.804853,0 days 00:01:03.386647,0.1900651547537123,0.4404243505537521,2,0.2560804319100993,0.05203846034678482,0.03760370709026115,0.06916916724957153,0.08241197378165821,0.06106027711382156,0.04839724751768625,14,122,0.048925343072274446,0.23101905445643614,False,False,False,6.261879606214981e-07,COMPLETE
270,0.4421276569366455,2025-04-22 16:03:39.889035,2025-04-22 16:04:46.340130,0 days 00:01:06.451095,0.2165438073113832,0.3989986252155561,2,0.24534597183528073,0.04710743655891965,0.03078433370520788,0.0761722364848332,0.08401756687849082,0.05761478456410152,0.03999090243254557,15,119,0.06726664246367851,0.21405672823136668,False,False,False,2.3323561798098454e-07,COMPLETE
271,0.2804898262023926,2025-04-22 16:04:46.425391,2025-04-22 16:05:52.756437,0 days 00:01:06.331046,0.21521934137477045,0.4628350091507024,2,0.2376189783169462,0.026987379152086058,0.033468627145942745,0.067174916221108,0.08892631767455669,0.0667484011733567,0.0548946546304022,15,113,0.05958542350900366,0.2258924195432582,False,False,False,1.8390102963451103e-07,COMPLETE
272,0.4480289936065674,2025-04-22 16:05:52.841315,2025-04-22 16:06:55.740676,0 days 00:01:02.899361,0.2524666810375181,0.41859536889246896,2,0.24967047558638675,0.0390774779271341,0.02924441122869338,0.05923262865224556,0.07957927427301169,0.06457429544222659,0.06958059488021089,14,117,0.06419356345460335,0.22044731815751942,False,False,False,4.4598582106290625e-07,COMPLETE
273,0.44536648988723754,2025-04-22 16:06:55.837106,2025-04-22 16:07:59.146744,0 days 00:01:03.309638,0.2612476246941167,0.4130265252042967,2,0.2999977246501412,0.038683217348855506,0.028895719221059938,0.05883293754337651,0.07721972279291536,0.06370747445240353,0.0676708336975755,14,116,0.06421014891304976,0.20678601877031613,False,False,False,3.6640010200101226e-07,COMPLETE
274,0.44469038248062137,2025-04-22 16:07:59.233862,2025-04-22 16:09:02.567186,0 days 00:01:03.333324,0.260489602782933,0.41158729117022574,2,0.2977140429884565,0.038438303553046616,0.028941652559510617,0.06250020306896822,0.0800946475521297,0.0635094412655083,0.06033887327368594,14,118,0.06554370055185733,0.21917423028680813,False,False,False,4.175060647384545e-07,COMPLETE
275,0.44346290826797485,2025-04-22 16:09:02.653652,2025-04-22 16:10:05.809195,0 days 00:01:03.155543,0.2492150299335951,0.41426473607040043,2,0.2951264632009737,0.039617389149493566,0.028113132516874535,0.059159239043737134,0.0778111640755679,0.06410294377085285,0.06365404746838801,14,117,0.06438339365495092,0.20658089831053345,False,False,False,2.8286640556922014e-07,COMPLETE
276,0.44574350118637085,2025-04-22 16:10:05.898450,2025-04-22 16:11:09.523347,0 days 00:01:03.624897,0.26241041986358843,0.3926203631066801,2,0.2951642714469348,0.03755204372985632,0.029083326923671056,0.05723117193585658,0.0803703427155289,0.060608849981642204,0.07015443996967138,14,119,0.06492794344663472,0.2216966926016028,False,False,False,3.9797348871471916e-07,COMPLETE
277,0.35071014761924746,2025-04-22 16:11:09.610509,2025-04-22 16:12:04.484420,0 days 00:00:54.873911,0.2507832425300771,0.39178180653253664,2,0.2999209537806857,0.017804134632628768,0.02953083199581351,0.05652840233491014,0.07906726073625325,0.06265785422124034,0.06893753346014647,14,120,0.06464744604690341,0.21873571116200746,False,False,True,4.003368713340798e-07,COMPLETE
278,0.44109129905700684,2025-04-22 16:12:04.581373,2025-04-22 16:13:11.012309,0 days 00:01:06.430936,0.23213520664952006,0.4009266299868327,2,0.29009503316231433,0.03789206503860844,0.026882260049264837,0.06384985484256367,0.08160110850569821,0.060660964443025586,0.05524380965336757,15,117,0.06105156311041602,0.22133907787870427,False,False,False,3.484823385647004e-07,COMPLETE
279,0.2804898262023926,2025-04-22 16:13:11.099709,2025-04-22 16:14:14.384401,0 days 00:01:03.284692,0.25945895304149075,0.41947097560290986,2,0.29871621195060444,0.0284556133769159,0.028863482207195854,0.05928511857236671,0.08040343723887375,0.06479157432993299,0.07541199502394458,14,120,0.058129842702994004,0.22897685942194707,False,False,False,6.001102352891193e-07,COMPLETE
280,0.44828097820281987,2025-04-22 16:14:14.471466,2025-04-22 16:15:14.488130,0 days 00:01:00.016664,0.2060902762948357,0.381110074846417,2,0.2936082618969277,0.03576584019343286,0.030909775237197037,0.061957321077614806,0.07593451502082386,0.06195442662384065,0.06320163177131818,13,116,0.0637423586248862,0.21744384705354267,False,False,False,4.694246861895005e-07,COMPLETE
