number,value,datetime_start,datetime_complete,duration,params_alpha-eval,params_alpha-train,params_batch-size,params_eps-eval,params_eps-train,params_lambda-actions-eval,params_lambda-actions-train,params_lambda-frames-eval,params_lambda-frames-train,params_learning-rate,params_n-epochs,params_n-frames,params_radius-gw,params_rho,params_std-feats,params_ub-actions,params_ub-frames,params_weight-decay,state
1302,0.4823236227035523,2025-04-23 00:02:10.049557,2025-04-23 00:02:26.534102,0 days 00:00:16.484545,0.7198484264449491,0.22805784166116153,16,0.2770491287096834,0.06674549689262833,0.09655576285416369,0.058713767519284754,0.014147620227792392,0.03536638377506157,0.012161506904597488,5,142,0.0791808551913244,0.23525898482608362,False,False,False,6.313214407288377e-06,COMPLETE
1303,0.293834263086319,2025-04-23 00:02:26.949666,2025-04-23 00:02:43.179710,0 days 00:00:16.230044,0.5116043826837868,0.2521134816425614,16,0.26960106717095345,0.07418064805217967,0.09092584746359554,0.06323812989286273,0.0011263572445373371,0.041579716780439945,0.020384519795511598,8,136,0.07570998175168346,0.1161935280413251,False,False,True,2.2238586506095488e-06,COMPLETE
1304,0.4380423665046692,2025-04-23 00:02:43.594672,2025-04-23 00:03:00.577606,0 days 00:00:16.982934,0.7877138119795377,0.29193234988787065,16,0.18773355954128879,0.04840868870012711,0.0477204434714088,0.05710275479000147,0.004252840713341812,0.044307143201868654,0.010705093466167971,6,139,0.035261300577276,0.22581072037172373,False,False,False,9.823605347054175e-06,COMPLETE
1305,0.4374542713165283,2025-04-23 00:03:00.992923,2025-04-23 00:03:19.268535,0 days 00:00:18.275612,0.7457890569232353,0.22210093067711653,8,0.2822121789103495,0.05480313730024384,0.09815958798224875,0.05947533913392171,0.007912367259733495,0.03907342608936658,0.014455669050157539,5,65,0.08380956051842785,0.24682778341633294,False,False,False,1.3655904249509538e-06,COMPLETE
1306,0.40310196876525883,2025-04-23 00:03:19.705034,2025-04-23 00:03:36.855180,0 days 00:00:17.150146,0.8303538069631964,0.20414126006808261,16,0.26048881253249506,0.06081384983695834,0.09526759699727673,0.06476677461805938,0.010252793768623007,0.030071469210864312,0.004478254949506341,6,145,0.08175594273826482,0.23304106455239845,False,False,False,3.0912855887320247e-06,COMPLETE
1307,0.42117766141891483,2025-04-23 00:03:37.275105,2025-04-23 00:03:54.623168,0 days 00:00:17.348063,0.8831687654237946,0.24750054323393902,16,0.2950409599958824,0.079313718422068,0.09694341272410446,0.04951163068533071,0.0060049478234907375,0.02652092266843754,0.02407109056015594,7,134,0.08753406144808923,0.27063999236685526,False,False,False,4.70134992255992e-06,COMPLETE
1308,0.4009980082511902,2025-04-23 00:03:55.043889,2025-04-23 00:04:11.568166,0 days 00:00:16.524277,0.7690215334337744,0.23646670423737898,16,0.28869391818387136,0.07025197675616907,0.09295923740600036,0.05661413940578873,0.003466802483914149,0.035173986251282825,0.01741732145904995,5,142,0.07337195200147191,0.26337630426731923,False,False,False,1.7565178231757426e-06,COMPLETE
1309,0.3300464510917664,2025-04-23 00:04:11.991266,2025-04-23 00:04:27.212273,0 days 00:00:15.221007,0.8088379135645043,0.27873101766813796,16,0.27575320851321744,0.06566271855079184,0.0984089627926267,0.05388758694833866,0.007840541346768768,0.043141389788073005,0.013133223231115296,6,138,0.08484603993019676,0.24102682804298395,False,True,False,8.12011686070143e-06,COMPLETE
1310,0.4314873576164246,2025-04-23 00:04:27.630267,2025-04-23 00:04:45.385084,0 days 00:00:17.754817,0.6843278727768551,0.18100912486555087,16,0.205807619831587,0.1861648962537035,0.09468727347087112,0.06177073617991105,0.012177297087154242,0.014959789116092956,0.019282651239853996,7,150,0.07957949856889342,0.22405626186701963,False,False,False,1.1541730687747272e-05,COMPLETE
1311,0.41895557641983033,2025-04-23 00:04:45.803004,2025-04-23 00:05:02.210310,0 days 00:00:16.407306,0.96783773877207,0.21425960764663754,16,0.21726171671308617,0.08552704570067904,0.09197115186645516,0.059017845115026425,0.005034642575767976,0.04090638083317232,0.007622914421795979,5,141,0.07688208224185726,0.24884713737610867,False,False,False,2.672382238367758e-06,COMPLETE
1312,0.43340649604797366,2025-04-23 00:05:02.627909,2025-04-23 00:05:22.758115,0 days 00:00:20.130206,0.7284006921833411,0.1241839070455998,16,0.2997657287909401,0.07536351998092652,0.09996950653000293,0.060410244646361876,0.0028817682397426813,0.031748335845979504,0.009547075178386951,6,136,0.08257182360482965,0.2557409103598309,True,False,False,3.772573882249336e-06,COMPLETE
1313,0.42002290487289434,2025-04-23 00:05:23.176348,2025-04-23 00:05:39.569275,0 days 00:00:16.392927,0.7549290356468703,0.2615415071857136,16,0.2652291260696023,0.09390807116003196,0.09683316593768397,0.0558397550492264,0.008914034591835887,0.03651552953811191,0.0034293081539240474,5,145,0.08573950837648743,0.2307652154262712,False,False,False,5.598417468928274e-06,COMPLETE
1314,0.4068291425704956,2025-04-23 00:05:39.990119,2025-04-23 00:05:57.400873,0 days 00:00:17.410754,0.7963055530501701,0.23539902766920345,16,0.28132850233888046,0.060944567373272904,0.09443928339873378,0.052586978082027065,0.00676887153995696,0.03915446286993938,0.01509393834139904,7,132,0.07998362089185423,0.23764251727124877,False,False,False,7.0481794854154075e-06,COMPLETE
1315,0.41750166416168216,2025-04-23 00:05:57.838084,2025-04-23 00:06:13.705601,0 days 00:00:15.867517,0.7085889116123681,0.19515964698337362,16,0.2723738577493036,0.06920994897821192,0.08981327397774443,0.058091460740577486,0.010759320246607265,0.04577753818051551,0.011971397332267226,6,23,0.07822963785678136,0.2233992311879537,False,False,False,4.226122817230076e-06,COMPLETE
1316,0.40763084888458256,2025-04-23 00:06:14.129922,2025-04-23 00:06:31.114620,0 days 00:00:16.984698,0.5322370822563073,0.21914648638614417,16,0.2901944969590995,0.07912371750253899,0.05721929733990983,0.06186105833982561,0.0057859478412540435,0.04857109373575685,0.021744466006052846,6,139,0.08290588607915517,0.1742823680576796,False,False,False,2.24961794190434e-06,COMPLETE
1317,0.3848560690879822,2025-04-23 00:06:31.535632,2025-04-23 00:06:48.042695,0 days 00:00:16.507063,0.7735286812059499,0.3056510978090724,16,0.28204376115999374,0.05655420828140839,0.0968791095433612,0.054767868615702875,0.002830617232319024,0.0336125542645182,0.015771413754044658,5,142,0.0811579239679225,0.2425213814168682,False,False,False,2.8315841593615004e-05,COMPLETE
1318,0.38598141670227054,2025-04-23 00:06:48.465346,2025-04-23 00:07:06.241105,0 days 00:00:17.775759,0.7425059719969538,0.25149920156370964,16,0.26893274413771623,0.06523116100392759,0.0978413259367697,0.0636172904912963,0.004575850652579282,0.027401418915724392,0.01057258982242455,7,148,0.08989090781030631,0.23422326639608887,False,False,False,1.3247964897584665e-05,COMPLETE
1319,0.4291694521903992,2025-04-23 00:07:06.665112,2025-04-23 00:07:23.631219,0 days 00:00:16.966107,0.8529121337324428,0.16629094177548287,16,0.19729341996158717,0.07344086588466778,0.08574754291949467,0.05764376665475913,0.0011296559272526438,0.04248705633441887,0.03100555024351963,6,135,0.08454858003990932,0.25154620564535507,False,False,False,3.168484515043513e-06,COMPLETE
1320,0.3773398280143738,2025-04-23 00:07:24.050233,2025-04-23 00:07:42.153502,0 days 00:00:18.103269,0.8102231630979708,0.278215393889392,16,0.2774047876910522,0.04820365803124209,0.09333748294797303,0.059812721379512344,0.008250226820470882,0.03741936107527077,0.013248850965285164,8,144,0.08750215577593545,0.22886995607859695,False,False,False,8.964539811509724e-06,COMPLETE
1321,0.4227554202079773,2025-04-23 00:07:42.574071,2025-04-23 00:07:59.165122,0 days 00:00:16.591051,0.4979612222214125,0.2012159640924341,16,0.293887742197141,0.059886468420371146,0.09624833320592356,0.056511421771525745,0.006127058243432865,0.04091865382833685,0.01751125900316536,5,138,0.038918770142613496,0.2429944790159003,False,False,False,4.953894575321375e-06,COMPLETE
1322,0.29486908912658694,2025-04-23 00:07:59.582187,2025-04-23 00:08:15.221269,0 days 00:00:15.639082,0.7832470066585153,0.23214292631908462,16,0.28547351009686117,0.07052377869913459,0.09831935751838798,0.061165349390637364,0.010533521482204707,0.04446087314449265,0.00034855587277025875,6,142,0.07671829594127347,0.23738778455024592,False,False,True,6.1385962963819315e-06,COMPLETE
1323,0.4015284061431885,2025-04-23 00:08:15.660698,2025-04-23 00:08:32.073777,0 days 00:00:16.413079,0.8270670573915522,0.2563355260185654,16,0.20952991891576514,0.08405035869933734,0.09165886389253036,0.05164847466245576,0.003909795814110364,0.02972481303354166,0.022085864820765487,5,147,0.08021522063882722,0.2297389325343007,False,False,False,1.9708401759372066e-05,COMPLETE
1324,0.4379403471946717,2025-04-23 00:08:32.502181,2025-04-23 00:08:48.554218,0 days 00:00:16.052037,0.7607023377403597,0.21523230165921323,16,0.2897186612700276,0.19407690162198002,0.09997439769116025,0.058608820097664195,0.0010591056865578718,0.02566816864357885,0.01385105339776311,6,53,0.08219458333178269,0.25971287676830024,False,False,False,1.8175766479303482e-06,COMPLETE
1325,0.43358926773071294,2025-04-23 00:08:48.978221,2025-04-23 00:09:09.448904,0 days 00:00:20.470683,0.5949098784481486,0.18324450796927433,8,0.25987809315881544,0.07851287584516141,0.09509262029412839,0.06348822444181026,0.007666989676885075,0.03931314160398973,0.008908094489466422,7,130,0.08565051229039028,0.22255981344745293,False,False,False,2.526005277421083e-06,COMPLETE
1326,0.4127032518386841,2025-04-23 00:09:09.871606,2025-04-23 00:09:26.256303,0 days 00:00:16.384697,0.736417578673403,0.15164461418784653,16,0.1797541534277724,0.05348648918365824,0.09552303965419039,0.054727506413397915,0.014593757400911945,0.03361693634212149,0.011221829007403646,5,140,0.07909895712261969,0.2505067729373786,False,False,False,3.8698902564078246e-06,COMPLETE
1327,0.39591593742370607,2025-04-23 00:09:26.678218,2025-04-23 00:09:43.754414,0 days 00:00:17.076196,0.78955253020854,0.23766657499455887,16,0.2737238021404877,0.0652763634062711,0.08824069783019135,0.06013469134728612,0.00548031525936453,0.031150198686204583,0.017218709075632256,6,134,0.07547984283712428,0.2453864845819935,False,False,False,7.690146202585158e-06,COMPLETE
1328,0.48568180799484256,2025-04-23 00:09:44.174921,2025-04-23 00:10:01.120783,0 days 00:00:16.945862,0.5677205638022809,0.2691039744386385,16,0.27940758547201644,0.08939034170179759,0.09330421712564636,0.05681781510171137,0.00932053243540466,0.0465189995330233,0.01451570300342343,6,137,0.08404136857199244,0.23654722954162866,False,False,False,3.256364842997206e-06,COMPLETE
1329,0.319222217798233,2025-04-23 00:10:01.542357,2025-04-23 00:10:17.433889,0 days 00:00:15.891532,0.6646419274445747,0.19747546401013813,16,0.26977202939991834,0.07177007943612629,0.09998037680335166,0.06518522324942684,0.012264010216471135,0.04243948268554455,0.019445129776075886,7,144,0.0816060530827536,0.23183094795429812,False,True,False,1.1026358802558329e-05,COMPLETE
1330,0.41824755668640134,2025-04-23 00:10:17.855102,2025-04-23 00:10:34.455717,0 days 00:00:16.600615,0.9084236516158364,0.22385585618767911,16,0.29510968283298356,0.07660694055797193,0.09709585915519756,0.061793709225961696,0.003320891652639488,0.03625170806291886,0.025126028124567434,5,140,0.07766358793530374,0.2678344300777294,False,False,False,0.00041340426800243245,COMPLETE
1331,0.43805856704711915,2025-04-23 00:10:34.878954,2025-04-23 00:10:56.829576,0 days 00:00:21.950622,0.7621779053968102,0.24557894634106586,16,0.1897054507352227,0.05948302103257593,0.09427668413463058,0.04815598190578539,0.007025888672198925,0.09405928118629073,0.0067704385901192704,8,136,0.08359102161061162,0.22205495320457933,True,False,False,5.33893430260035e-06,COMPLETE
1332,0.39956297874450686,2025-04-23 00:10:57.273473,2025-04-23 00:11:14.300724,0 days 00:00:17.027251,0.8422286870085873,0.28924229859485145,16,0.2830704976676699,0.06670312317620415,0.09092932708255823,0.05887668311712617,0.005091201603681321,0.02829537561368152,0.011883326945874463,6,146,0.08047924878964613,0.2777187169077333,False,False,False,4.674528666907229e-06,COMPLETE
1333,0.4317018747329712,2025-04-23 00:11:14.727577,2025-04-23 00:11:32.405645,0 days 00:00:17.678068,0.7143842296106943,0.2076188764307658,16,0.2660321380638136,0.08216379328447766,0.0981077020537367,0.05586569260823061,0.009202065307921784,0.05098694372900872,0.016073412872899723,7,142,0.09239077862609239,0.23819482471248338,False,False,False,2.5471009122021644e-06,COMPLETE
1334,0.39853777885437014,2025-04-23 00:11:32.832108,2025-04-23 00:11:49.405252,0 days 00:00:16.573144,0.8193469454023237,0.2628956357661755,16,0.29990354645514017,0.05323181123159436,0.09593172749332872,0.05388668902021574,0.002809825718082827,0.03888623405310219,0.009032964482755349,5,140,0.08658187935988987,0.24469081038960802,False,False,False,6.4531477187939085e-06,COMPLETE
1335,0.43073039054870604,2025-04-23 00:11:49.834086,2025-04-23 00:12:06.759355,0 days 00:00:16.925269,0.8743931959898364,0.16967671606231333,16,0.20133103118037426,0.07243190973514778,0.09786996356865353,0.05779594523250132,0.0064202758597821956,0.041303269760919664,0.013178082598424566,6,133,0.07882706725514589,0.25801645312286153,False,False,False,3.506530706447876e-06,COMPLETE
1336,0.4743270516395569,2025-04-23 00:12:07.183572,2025-04-23 00:12:23.611084,0 days 00:00:16.427512,0.798823749776932,0.23028435723584056,16,0.2898970475489342,0.06486618662814772,0.09227519397685331,0.06245354681219166,0.007888848767597361,0.03500753244677471,0.0197618077359247,5,138,0.08184483027105698,0.2285171648318405,False,False,False,9.19379515179771e-06,COMPLETE
1337,0.4819715142250061,2025-04-23 00:12:24.036956,2025-04-23 00:12:41.625866,0 days 00:00:17.588910,0.742649718114566,0.25025044535538604,16,0.2745594328220903,0.059751647413343836,0.09514268478128561,0.060517927198031354,0.004201485608180325,0.043296651655155206,0.010715725192689343,7,150,0.08877875855026532,0.25023349800238104,False,False,False,1.5543169106426236e-05,COMPLETE
1338,0.4858243346214295,2025-04-23 00:12:42.050816,2025-04-23 00:12:58.882918,0 days 00:00:16.832102,0.7745444529495571,0.19127616367494707,16,0.28535618502655297,0.0759651869602581,0.09999535952092038,0.045490769781214045,0.010664877456537394,0.03235098251749204,0.015864490386392333,6,144,0.07482074258487949,0.24047451664399036,False,False,False,1.5367748593888623e-06,COMPLETE
1339,0.4915661931037903,2025-04-23 00:12:59.328551,2025-04-23 00:13:16.239466,0 days 00:00:16.910915,0.7264900618582159,0.21598686594984318,16,0.2780883949756907,0.06818859700314507,0.09664131610281813,0.05916755031680249,0.006083077595761623,0.037169196468741304,0.013008410892589391,6,137,0.08333908670525132,0.23248951698759424,False,False,False,1.939083751857456e-06,COMPLETE
1340,0.41457176208496094,2025-04-23 00:13:16.670332,2025-04-23 00:13:32.833086,0 days 00:00:16.162754,0.6985340536857194,0.18335707904919352,16,0.28114509016206973,0.06260275805580492,0.09822661370627822,0.05325029046973437,0.004273904990780478,0.037470428076171305,0.009828132809144137,5,131,0.08609766845083715,0.2208512225293444,False,False,False,2.268638708022704e-06,COMPLETE
1341,0.2892577528953552,2025-04-23 00:13:33.260790,2025-04-23 00:13:49.012410,0 days 00:00:15.751620,0.6903385585981391,0.14302013239997752,16,0.2875045855972963,0.057361401916671474,0.0982015537572291,0.05643476218772005,0.005780843030862872,0.03584554619404965,0.007597251898243896,7,133,0.08377999309146106,0.22794736160534446,False,False,True,1.3152310955564447e-06,COMPLETE
1342,0.4122421026229859,2025-04-23 00:13:49.441218,2025-04-23 00:14:06.269772,0 days 00:00:16.828554,0.7083136141123334,0.20710286128727917,16,0.29428666363532924,0.06576378949657286,0.09674170098945742,0.05770361240768844,0.002379125489963183,0.036893537370716094,0.009896454410651291,6,134,0.08827618407647936,0.22487574958430628,False,False,False,1.254607028020504e-06,COMPLETE
1343,0.40580458641052247,2025-04-23 00:14:06.701094,2025-04-23 00:14:25.308413,0 days 00:00:18.607319,0.7223536922543923,0.1657395075000839,16,0.27978222580176354,0.05541942444213921,0.0965930381868507,0.051495105698947975,0.006062936336304725,0.038039441498963066,0.0052797301375005845,9,136,0.08531423048789866,0.23206003452981033,False,False,False,7.802576285175011e-05,COMPLETE
