number,value,datetime_start,datetime_complete,duration,params_alpha-eval,params_alpha-train,params_batch-size,params_eps-eval,params_eps-train,params_lambda-actions-eval,params_lambda-actions-train,params_lambda-frames-eval,params_lambda-frames-train,params_learning-rate,params_n-epochs,params_n-frames,params_radius-gw,params_rho,params_std-feats,params_ub-actions,params_ub-frames,params_weight-decay,state
853,0.43510444164276124,2025-04-02 13:22:09.917495,2025-04-02 13:23:49.881788,0 days 00:01:39.964293,0.8124542976002916,0.25844871340081726,2,0.22276839563290188,0.08619155136281542,0.010003988542398652,0.057765884455710265,0.009890890104494305,0.023396412307912756,0.05874650465270975,25,75,0.00795993630111196,0.12605167138282317,True,False,False,0.0006649727761237116,COMPLETE
854,0.2804898262023926,2025-04-02 13:23:50.164562,2025-04-02 13:25:18.381781,0 days 00:01:28.217219,0.9051140319564219,0.28575676959519614,2,0.2525141695218527,0.10407143229854676,0.01233158601908876,0.04308939794187288,0.014770468682596828,0.029347578391553907,0.039198132508259424,26,79,0.022865518583796606,0.1439826720443472,True,True,False,0.0005443857492260993,COMPLETE
855,0.4396597862243653,2025-04-02 13:25:18.666915,2025-04-02 13:27:02.318581,0 days 00:01:43.651666,0.8675348343706852,0.3050124181531659,2,0.2679608320388367,0.17385735182410994,0.020790582064158108,0.06530944623514062,0.018626346434347126,0.025775793778244436,0.0514450073030372,27,62,0.016317679241178742,0.13642750882600138,True,False,False,0.0007994112835538797,COMPLETE
856,0.423123049736023,2025-04-02 13:27:02.587609,2025-04-02 13:28:42.781949,0 days 00:01:40.194340,0.8410265956022582,0.26139344212160753,2,0.23641234830211572,0.12256210597617193,0.01721607152976929,0.07641099255967754,0.011338054766674727,0.07672572933629444,0.09935681200332772,25,86,0.011436501385864292,0.12308839702207713,True,False,False,0.0004717315364886098,COMPLETE
857,0.4456465840339661,2025-04-02 13:28:43.065059,2025-04-02 13:30:24.308815,0 days 00:01:41.243756,0.9410798809396104,0.23266641383990516,2,0.24433260515831443,0.1100632518869314,0.013797034798095223,0.0692010743401937,0.022258746980205673,0.033833464663721446,0.07267217237145625,26,70,0.020162164695107225,0.12945525014983458,True,False,False,0.0006714601368609017,COMPLETE
858,0.4380447506904602,2025-04-02 13:30:24.590761,2025-04-02 13:32:00.632525,0 days 00:01:36.041764,0.8809761372908671,0.29004934069982646,2,0.2574834297498052,0.09211715501512015,0.009746038068350622,0.06033735820825477,0.016326202207063937,0.021941826665035212,0.0428847339269949,24,76,0.014108187526883446,0.11443499884603678,True,False,False,0.0003334821826691713,COMPLETE
859,0.4256901502609253,2025-04-02 13:32:00.904176,2025-04-02 13:33:38.646339,0 days 00:01:37.742163,0.79190242410141,0.187136197595784,2,0.24796343719958805,0.09867951605788529,0.002684568650606051,0.0634508138973057,0.007759233025446713,0.027024891871754615,0.0617728964172532,25,56,0.01783693442363068,0.13440830342883023,True,False,False,0.0008103048190316643,COMPLETE
860,0.4289598107337952,2025-04-02 13:33:38.928124,2025-04-02 13:35:20.373336,0 days 00:01:41.445212,0.8209611517860966,0.31214795459341055,2,0.23175747986667947,0.08126561481505952,0.015371980260849454,0.06709948154820945,0.019840044333875147,0.030602716859422462,0.00022045289512975078,26,65,0.08154877535105128,0.14159310272754844,True,False,False,0.0005648181105275054,COMPLETE
861,0.42416861057281496,2025-04-02 13:35:20.658438,2025-04-02 13:36:59.187286,0 days 00:01:38.528848,0.8426318818562573,0.34641347458376964,2,0.2404021295050459,0.10434114322497455,0.02282124149196716,0.07154891093917956,0.012697305759989211,0.02456551056876045,0.034385960977343,25,73,0.012652583719914392,0.12192146723980872,True,False,False,0.0008103934042738458,COMPLETE
862,0.4416352987289429,2025-04-02 13:36:59.460797,2025-04-02 13:38:32.711520,0 days 00:01:33.250723,0.8898816734635269,0.2741723869447286,2,0.2526041994172301,0.1136158161054039,0.007409598393940432,0.06123913423919074,0.009852770446875575,0.01672229723629606,0.04842022228015409,23,83,0.015418883620590004,0.12888000673428116,True,False,False,0.0004173186093207634,COMPLETE
863,0.44490439891815187,2025-04-02 13:38:32.992904,2025-04-02 13:40:14.629499,0 days 00:01:41.636595,0.8594002326548421,0.2528824389544527,2,0.21994404384182548,0.1503400833304874,0.00487834194398939,0.0649571903073318,0.014620267919545878,0.028766220399385818,0.057461259566321254,26,80,0.018566101851391407,0.14667321668632913,True,False,False,0.0006496608194748582,COMPLETE
864,0.4234957218170166,2025-04-02 13:40:14.914485,2025-04-02 13:41:50.527332,0 days 00:01:35.612847,0.8120199239952158,0.28205928554364357,2,0.22702192763716347,0.0897458361655583,0.011916053439620343,0.08389525876944826,0.016570097832492893,0.020522497666954898,0.08371278042725422,24,69,0.010034684247663572,0.13765587702685272,True,False,False,0.000997118538486463,COMPLETE
865,0.4405184268951416,2025-04-02 13:41:50.810663,2025-04-02 13:43:35.934778,0 days 00:01:45.124115,0.9174729194486853,0.3235562960175931,2,0.23629583009070335,0.09517061033356679,0.019238546233913544,0.057271362873862655,0.011221196548605154,0.018837081644124478,0.07056182124014247,27,77,0.021371410034140947,0.13160263493086358,True,False,False,0.0004970398248248294,COMPLETE
866,0.3011101841926575,2025-04-02 13:43:36.206886,2025-04-02 13:45:02.092249,0 days 00:01:25.885363,0.832924225931766,0.21781915454355885,2,0.24810079255683423,0.1076170995697786,0.00908152867021167,0.07304165436855187,0.02409778026352198,0.024018843261210343,0.04078510643358442,25,73,0.01645071909958746,0.11041771142899963,True,False,True,0.0006791398407349429,COMPLETE
867,0.43952633142471315,2025-04-02 13:45:02.375350,2025-04-02 13:46:40.989627,0 days 00:01:38.614277,0.8620602291494314,0.3079905713152772,2,0.2607954677076882,0.10007064697240266,0.01142847391201569,0.06251755920575837,0.018370387594422298,0.06007783264819194,0.02642497457263057,25,83,0.014355429946424914,0.12191489277989645,True,False,False,0.0008268644527859715,COMPLETE
868,0.43402497768402104,2025-04-02 13:46:41.274314,2025-04-02 13:48:16.922440,0 days 00:01:35.648126,0.7948988231898513,0.24240729093395805,2,0.2423915064523168,0.08545418955689091,0.014545830751042883,0.06739576444434231,0.02876203802365912,0.026585033519186698,0.05307031023714131,24,67,0.07478638932792664,0.1368323983426106,True,False,False,0.000335301055750763,COMPLETE
869,0.4431276559829712,2025-04-02 13:48:17.192913,2025-04-02 13:49:59.744447,0 days 00:01:42.551534,0.7742874348366491,0.2702786857547522,2,0.22962886844605604,0.11703367282249563,0.01710371519198208,0.058903857238198076,0.007824235554105337,0.0317645004119959,0.03535417346129318,26,77,0.019064343684936407,0.15199187477665235,True,False,False,0.0005547411956476816,COMPLETE
870,0.44114484786987307,2025-04-02 13:50:00.028358,2025-04-02 13:51:42.085820,0 days 00:01:42.057462,0.8947317018176203,0.2924982267111479,2,0.2540242832819445,0.10182922502178934,0.01283426950116911,0.06931608766036927,0.013866172032381142,0.022111593447281593,0.06278144859947861,26,86,0.012507732649358427,0.12777697034757682,True,False,False,0.0004385549971827385,COMPLETE
871,0.4408080697059632,2025-04-02 13:51:42.368636,2025-04-02 13:52:10.846761,0 days 00:00:28.478125,0.8477067104055642,0.3322008173919647,16,0.2396043988293497,0.0969417252739118,0.006977334553177089,0.06533315338786347,0.02203877405902471,0.02529919276793967,0.08476183911620919,27,80,0.01687106264037266,0.11810229513721471,True,False,False,0.0008112024656311899,COMPLETE
872,0.44901400804519653,2025-04-02 13:52:11.137996,2025-04-02 13:53:48.985488,0 days 00:01:37.847492,0.8746136957539106,0.23872288530601274,2,0.23395079335519953,0.09158593076026625,0.010218929473189815,0.06369462266972148,0.011451537420260154,0.08636809562981981,0.046367422258971204,25,71,0.014299964264524529,0.14648020472207918,True,False,False,0.0006558911600685693,COMPLETE
873,0.4472172021865845,2025-04-02 13:53:49.262658,2025-04-02 13:55:28.498965,0 days 00:01:39.236307,0.8241176305059525,0.27007030101384544,2,0.2495231668289137,0.11167625925059609,0.020470656038638846,0.07060499382585446,0.020440687662010643,0.029143583244988606,0.07180371518286184,25,75,0.02006940836643199,0.13209026408411856,True,False,False,0.0005547185201893463,COMPLETE
874,0.2804898262023926,2025-04-02 13:55:28.786240,2025-04-02 13:56:50.101773,0 days 00:01:21.315533,0.8488069305015764,0.20572010259050477,2,0.2685407835042766,0.12574237702895277,0.015815222339674986,0.06033386725121371,0.008373970138315435,0.027285123326776187,0.0530163129023381,24,65,0.017486414342553932,0.14063054156246332,True,True,False,0.0003851958354928385,COMPLETE
875,0.423123049736023,2025-04-02 13:56:50.392170,2025-04-02 13:58:32.897639,0 days 00:01:42.505469,0.8086104427880263,0.29150240005285877,2,0.24463634959468888,0.07410263504865851,0.011121017707949559,0.06661793135115544,0.01609698198310697,0.019564916256046772,0.04131978239964087,26,82,0.010311691105387842,0.12456349583105084,True,False,False,0.000984728647162674,COMPLETE
876,0.423123049736023,2025-04-02 13:58:33.185903,2025-04-02 14:00:11.922330,0 days 00:01:38.736427,0.8680866165500409,0.25403991880593346,2,0.22174627852257708,0.10735882476181882,0.014341014415211985,0.061080479035897944,0.012790498699962193,0.023771417639497066,0.06139139037539452,25,74,0.006629438132465127,0.13109526568751828,True,False,False,0.000994235896112981,COMPLETE
877,0.4405555725097656,2025-04-02 14:00:12.196352,2025-04-02 14:01:58.854750,0 days 00:01:46.658398,0.8280024804218422,0.308494286178079,2,0.2577286422770098,0.08516837151112608,0.007607642816122535,0.05809975318914043,0.02677648545320247,0.021998101078234453,0.035620574819413296,27,78,0.014603884180586578,0.11243684387119302,True,False,False,0.00028718867255116967,COMPLETE
878,0.4203129053115845,2025-04-02 14:01:59.142006,2025-04-02 14:03:39.119646,0 days 00:01:39.977640,0.9080489609254585,0.23370279456109772,2,0.23679086129030344,0.10326900856210462,0.023314088315670285,0.06860476721850067,0.01005292953193514,0.016500114380892956,0.048910341094859464,26,60,0.062135111982768165,0.1402713085931913,True,False,False,0.0006827061712615498,COMPLETE
879,0.4238314151763916,2025-04-02 14:03:39.411013,2025-04-02 14:05:22.242722,0 days 00:01:42.831709,0.8860834312132679,0.2749569615273436,2,0.22885777040284364,0.09530770611591874,0.00890378351697662,0.08110764984291462,0.017809129965524615,0.0326419187388837,0.07167296620454483,26,69,0.012379504443185772,0.12191912852967846,True,False,False,0.0005080381323971505,COMPLETE
880,0.42937463521957403,2025-04-02 14:05:22.523164,2025-04-02 14:06:58.907941,0 days 00:01:36.384777,0.847482644855489,0.3496141530093021,2,0.24315337893250255,0.0905496927124049,0.012481064131614442,0.06409980924958628,0.014089004739797307,0.029155527618663,0.08826077965735658,24,110,0.022455711311816492,0.13507511716531986,True,False,False,0.0007833667665383328,COMPLETE
881,0.4445081949234009,2025-04-02 14:06:59.196826,2025-04-02 14:08:39.916415,0 days 00:01:40.719589,0.9238169900841546,0.32441126112853297,2,0.25409721115459455,0.12015752685656016,0.01787375793422056,0.08843014610800487,0.015388563801300435,0.02570653075885844,0.059199552944369564,25,86,0.01614307171809073,0.12692294069439775,True,False,False,0.0006073452132786763,COMPLETE
882,0.45077393054962156,2025-04-02 14:08:40.206978,2025-04-02 14:10:18.396790,0 days 00:01:38.189812,0.7867953655688876,0.1895745728813108,2,0.2637446391112694,0.08085637895110508,0.005373249530286188,0.06605520929769536,0.01937954405615726,0.027794360265814014,0.02813171727415091,25,72,0.01869830356981185,0.16402050810032232,True,False,False,0.00045071109634118017,COMPLETE
883,0.4445123791694641,2025-04-02 14:10:18.689795,2025-04-02 14:12:02.270192,0 days 00:01:43.580397,0.7738678845779089,0.1841024923585826,2,0.2654339973552504,0.07002911347502361,0.0022228089978997253,0.07445899051706219,0.0200491034833875,0.030639077846100794,0.03071447645701762,26,117,0.020891822040780224,0.17110329913845182,True,False,False,0.00027495802721364394,COMPLETE
884,0.37564951181411743,2025-04-02 14:12:02.547906,2025-04-02 14:13:46.702988,0 days 00:01:44.155082,0.7929351462895745,0.14457911429282394,2,0.2732521324441616,0.07568069874595623,0.004842294245282017,0.06629059060507309,0.016663103766211773,0.027964223199361597,0.046433339815763884,27,10,0.019177421870866282,0.18003463221646213,True,False,False,0.00042388316909396014,COMPLETE
885,0.4407340288162232,2025-04-02 14:13:46.990351,2025-04-02 14:15:18.022355,0 days 00:01:31.032004,0.7749978425628673,0.18024292815237603,2,0.23352119232190507,0.07905763693563696,0.004304455268256435,0.0729076051998789,0.019176922200555755,0.03161554426124952,0.07300727088087755,23,76,0.015449670811210486,0.16755381387890086,True,False,False,0.0003824221577963171,COMPLETE
886,0.3964428782463074,2025-04-02 14:15:18.313215,2025-04-02 14:16:57.367540,0 days 00:01:39.054325,0.7603437059769187,0.19281408722837884,2,0.22478596484891272,0.07930221808456435,0.0036318460313539648,0.06571116435400563,0.018772481607774928,0.028887048764454415,0.05436628352823378,25,72,0.01253321067753149,0.149732410778967,True,False,False,0.0009948586526189118,COMPLETE
887,0.3088813960552216,2025-04-02 14:16:57.644594,2025-04-02 14:18:22.414764,0 days 00:01:24.770170,0.8739386582288093,0.1648873177898486,2,0.24765945231828784,0.06559843152261148,0.0059058260429479675,0.06787199014478991,0.02083037038765632,0.027187403409375605,0.09926876728343974,25,80,0.022971916896329866,0.163867398233417,True,False,True,0.0002913724762016999,COMPLETE
888,0.4476934790611268,2025-04-02 14:18:22.704984,2025-04-02 14:19:58.858834,0 days 00:01:36.153850,0.8593181448294273,0.15381830704635757,2,0.24129634234495995,0.0899249943521418,0.007685105375712726,0.07607307000716011,0.017648540181133085,0.030087182959569494,0.06310906711479058,24,74,0.017571708208379583,0.14975375772386754,True,False,False,0.00045334982680418547,COMPLETE
889,0.4509793877601624,2025-04-02 14:19:59.147114,2025-04-02 14:21:41.035440,0 days 00:01:41.888326,0.8920395013534929,0.16648798634380943,2,0.23698251306682525,0.07358158771441478,0.005876487284173301,0.06282114181533084,0.014983109095641262,0.03558298231853424,0.04070856927020945,26,78,0.020394361522740753,0.1599448343584734,True,False,False,0.0008043562695461985,COMPLETE
890,0.44180388450622565,2025-04-02 14:21:41.328183,2025-04-02 14:23:26.839698,0 days 00:01:45.511515,0.9238380387986703,0.1493070827307706,2,0.2297029550883746,0.06955538177488595,0.0015733273012342652,0.06175230808036885,0.017599717328252884,0.03405232941287663,0.04570047796549605,27,77,0.022902428271046424,0.1616362790457469,True,False,False,0.0003508025358524044,COMPLETE
891,0.43939301967620853,2025-04-02 14:23:27.119390,2025-04-02 14:23:54.504871,0 days 00:00:27.385481,0.9044388423339568,0.16495707668309417,16,0.21998526018824507,0.07097546788271679,0.005423554852236041,0.06326450831892831,0.015379170590387566,0.03624766923472378,0.05263665120210052,27,71,0.020952041801445404,0.17503475156688994,True,False,False,0.0008084300112080198,COMPLETE
892,0.4403318047523499,2025-04-02 14:23:54.795903,2025-04-02 14:25:44.123908,0 days 00:01:49.328005,0.9335186034639172,0.1872953032758487,2,0.23199991393317082,0.053332235252993784,0.0030657421216887405,0.06210865657572151,0.012073816525672892,0.03557882706442647,0.08141934645177128,28,73,0.02137629208390287,0.16106834499201286,True,False,False,0.0008233379831847289,COMPLETE
893,0.2804898262023926,2025-04-02 14:25:44.417001,2025-04-02 14:27:13.341515,0 days 00:01:28.924514,0.8966333322680285,0.17029777581370473,2,0.23666192380307838,0.06060170615971387,0.0011632148752336703,0.06067114123446252,0.020216144110188166,0.03242196602719222,0.02836107383552794,26,76,0.01989091112148322,0.16828808885003255,True,True,False,0.0005727121261566451,COMPLETE
894,0.43406989574432375,2025-04-02 14:27:13.637879,2025-04-02 14:28:56.225641,0 days 00:01:42.587762,0.891380251185726,0.1453733592267701,2,0.2260979259564122,0.0763415433569108,0.005751706466229555,0.06365103215048327,0.0076695239466351515,0.0338131655801134,0.06417796211388871,26,81,0.02347595215680099,0.1582705103804047,True,False,False,0.00048077847431099815,COMPLETE
895,0.4421209573745728,2025-04-02 14:28:56.505290,2025-04-02 14:30:42.646461,0 days 00:01:46.141171,0.9193506988801354,0.1378892829429353,2,0.23811996658529536,0.0703852145661718,0.0073912677142216185,0.05913220725189995,0.01737290802006608,0.0350504179788698,0.04060361647619028,27,84,0.019457229863932484,0.16608681095674696,True,False,False,0.0006772056238756996,COMPLETE
896,0.34894570112228396,2025-04-02 14:30:42.938893,2025-04-02 14:32:25.952413,0 days 00:01:43.013520,0.8870677517084843,0.18125845136934987,2,0.22941033805131203,0.06648666805744927,0.003796561888511017,0.06254475140020635,0.010093444243407804,0.035291384339966335,0.05370963820568163,26,74,0.0187802695796747,0.17275780699370555,True,False,False,1.1583044745868619e-08,COMPLETE
897,0.4480995416641236,2025-04-02 14:32:26.248935,2025-04-02 14:34:09.927662,0 days 00:01:43.678727,0.9407803078517263,0.19962422316797848,2,0.23523480184100892,0.08026864270728708,0.005292171790844768,0.06431183390015845,0.012940505800575647,0.03234467017923996,0.0782119093082767,26,78,0.022466951214699462,0.1618798734198211,True,False,False,0.000352850600856033,COMPLETE
898,0.43799214363098143,2025-04-02 14:34:10.229158,2025-04-02 14:35:56.134944,0 days 00:01:45.905786,0.9062709000300968,0.13837302248516767,2,0.23905768002600344,0.0732455808450386,0.006711621533904035,0.05752621652722419,0.01573516096680901,0.03184202719312119,0.04364695433401314,27,71,0.021006191845298346,0.1533488422883691,True,False,False,0.0008106899578268436,COMPLETE
899,0.4336524367332459,2025-04-02 14:35:56.415623,2025-04-02 14:37:39.027297,0 days 00:01:42.611674,0.878169518172838,0.1543936638107078,2,0.22195875130650466,0.08178439271771588,0.008614585456947274,0.060278384133025685,0.009350043177045676,0.03377653802077272,0.06718734029943202,26,83,0.01801487618211904,0.1639146222637191,True,False,False,0.00047714694901649,COMPLETE
900,0.41011220216751104,2025-04-02 14:37:39.322119,2025-04-02 14:39:21.061003,0 days 00:01:41.738884,0.8706058384860833,0.1867160716463077,2,0.23315530042635849,0.1288120251882075,0.003735200206780937,0.06505354078187972,0.018825224570443427,0.030575473704319348,3.813248540873747e-05,26,77,0.016672091106426187,0.17011386438346682,True,False,False,0.0009857539167698586,COMPLETE
901,0.4319538831710815,2025-04-02 14:39:21.359088,2025-04-02 14:40:04.167726,0 days 00:00:42.808638,0.9005236282831508,0.16517052086254425,2,0.2424297577742413,0.07502854325930894,0.0060755528806040494,0.06203979219958541,0.021683227622834943,0.030143111404885334,0.03282602260411647,8,35,0.020068819008410496,0.18553260850637532,True,False,False,0.0007240680688446412,COMPLETE
902,0.43343381881713866,2025-04-02 14:40:04.463167,2025-04-02 14:41:46.908897,0 days 00:01:42.445730,0.883904782458375,0.12428161765496046,2,0.22847557530558696,0.06111324524696207,0.008983506806007471,0.0636830092629136,0.01236155128996219,0.02841806315693958,0.052627232439219566,26,87,0.018560781978179886,0.1609756032265794,True,False,False,0.0005867581572774254,COMPLETE
903,0.4381309747695923,2025-04-02 14:41:47.190488,2025-04-02 14:43:25.509479,0 days 00:01:38.318991,0.8718336117935935,0.20481118587902725,2,0.22043106734849421,0.08351738691216896,0.008755077546112126,0.05845610909226932,0.014339704594593335,0.03107365045649215,0.0618444708395761,25,75,0.015924390465294792,0.15177158982588235,True,False,False,0.0009988480913664744,COMPLETE
904,0.3084384024143219,2025-04-02 14:43:25.806821,2025-04-02 14:44:57.078247,0 days 00:01:31.271426,0.8552760256246675,0.20805026931679832,2,0.2413812010851822,0.13493970093198243,0.010229725622761717,0.06633442881579849,0.006901667329228228,0.03325140597432985,0.0892618021586295,27,80,0.02147841396744758,0.17499834256334265,True,False,True,0.0006687817118099245,COMPLETE
905,0.43308410644531253,2025-04-02 14:44:57.375859,2025-04-02 14:46:46.348221,0 days 00:01:48.972362,0.9050184132085152,0.1740609164391438,2,0.23472411594063797,0.08452161139161961,0.006311432843609569,0.037915852152533264,0.01625703020938378,0.02765388093338495,0.03973916497225842,28,70,0.01696915703306705,0.15517085904397773,True,False,False,0.0002778812017311054,COMPLETE
906,0.4453267455101014,2025-04-02 14:46:46.649198,2025-04-02 14:48:28.628191,0 days 00:01:41.978993,0.8595136442057723,0.2064309229414713,2,0.24602185282002365,0.11434076540334133,0.009775367593129313,0.0612116746442645,0.010979842874466052,0.02957750028265487,0.04857272462408016,26,73,0.014855512321347844,0.16453364005858923,True,False,False,0.00043638704550797276,COMPLETE
907,0.4176147937774658,2025-04-02 14:48:28.910657,2025-04-02 14:50:08.128213,0 days 00:01:39.217556,0.8410557982537326,0.17663369379548127,2,0.22570309655966658,0.11064535761558299,0.007491420633087959,0.06503687828478576,0.018754336415052406,0.026987393833119384,0.07363986251763663,25,78,0.01919884389166282,0.1592953189681478,True,False,False,0.0008162313244766485,COMPLETE
908,0.4462955594062805,2025-04-02 14:50:08.425194,2025-04-02 14:51:54.832857,0 days 00:01:46.407663,0.9512393445829462,0.21868998124120786,2,0.2382699627320595,0.04352084656340989,0.011061285743236922,0.059292466081401554,0.009184425492801632,0.02901864430620467,0.0628135767606267,27,83,0.01711105457512152,0.14905069895671197,True,False,False,0.000997870865334449,COMPLETE
909,0.43915985822677617,2025-04-02 14:51:55.128283,2025-04-02 14:53:37.782430,0 days 00:01:42.654147,0.8933729199573777,0.19993144602731802,2,0.24634655316319604,0.0792036622478067,0.00407392604938837,0.06222262078259223,0.01405135948264227,0.03548843030697161,0.02630226320560995,26,67,0.019940107511508126,0.1572157242162523,True,False,False,0.0005468449498295151,COMPLETE
