number,value,datetime_start,datetime_complete,duration,params_alpha-eval,params_alpha-train,params_batch-size,params_eps-eval,params_eps-train,params_lambda-actions-eval,params_lambda-actions-train,params_lambda-frames-eval,params_lambda-frames-train,params_learning-rate,params_n-epochs,params_n-frames,params_radius-gw,params_rho,params_std-feats,params_ub-actions,params_ub-frames,params_weight-decay,state
1707,0.423123049736023,2025-04-03 11:38:41.451552,2025-04-03 11:40:29.409732,0 days 00:01:47.958180,0.7285439210187885,0.35345523905153936,2,0.21421749553125546,0.2525467782393906,0.008562009586353014,0.06754766140931318,0.002595346136874067,0.022228665811522063,0.04170056537008507,27,90,0.007593832490610124,0.2999879108992114,True,False,False,0.0005261258069757624,COMPLETE
1708,0.43167206048965456,2025-04-03 11:40:29.980747,2025-04-03 11:41:55.585407,0 days 00:01:25.604660,0.8538737805042438,0.29443505961867383,2,0.25055491114118816,0.1149913028694601,0.022565634790491732,0.07755644011446844,0.005308360688151964,0.02690081083453012,0.07476970998075554,21,88,0.02208890290793352,0.14690298251983577,True,False,False,0.000987267445222948,COMPLETE
1709,0.439543628692627,2025-04-03 11:41:56.137376,2025-04-03 11:43:32.642025,0 days 00:01:36.504649,0.8209901822372923,0.2554957166776049,2,0.23799797964964775,0.10020640822324886,0.02737211230524663,0.06034046342606609,0.008772992927726028,0.02441349500026255,0.06223731883067569,24,101,0.01760994352072564,0.1319066836532722,True,False,False,0.0006878921317892088,COMPLETE
1710,0.37938588857650757,2025-04-03 11:43:33.210355,2025-04-03 11:45:13.928221,0 days 00:01:40.717866,0.7724784936976427,0.2158408293388346,2,0.22400524638603939,0.2237874354925675,0.0059932766847794125,0.06363790734691366,0.01129823755484566,0.034792357523383284,0.03418586862066122,26,93,0.012874714615983137,0.19744838726173133,False,False,False,0.0003833510687625695,COMPLETE
1711,0.43996714353561406,2025-04-03 11:45:14.482509,2025-04-03 11:46:53.949535,0 days 00:01:39.467026,0.8407829865072644,0.3093903009046922,2,0.24526312166443115,0.10253285278878037,0.003097147763451215,0.05767830607557592,0.004659514583170786,0.03215101396390263,0.050913896397794915,25,97,0.015447013443127051,0.1649029628823763,True,False,False,0.00023601050898456455,COMPLETE
1712,0.4402878642082214,2025-04-03 11:46:54.526658,2025-04-03 11:48:34.269382,0 days 00:01:39.742724,0.8051770589591488,0.28034605164178267,2,0.23137907935593977,0.24418772079445428,0.007886424909517516,0.03462506534882217,0.006942319119924534,0.01792165405157915,0.027827222422158706,25,127,0.02070217420969079,0.14094196270477524,True,False,False,0.00015738038897671262,COMPLETE
1713,0.4262785077095032,2025-04-03 11:48:34.824456,2025-04-03 11:50:17.465696,0 days 00:01:42.641240,0.8629761806533169,0.23313790750195604,2,0.2638788215473968,0.20469687375782106,0.005042291515546868,0.06968033142664855,0.009450184837064122,0.020407576130880983,0.08544678165664873,26,84,0.024079275106814395,0.11324656649263012,True,False,False,0.0005210839597903804,COMPLETE
1714,0.4336551070213318,2025-04-03 11:50:18.040787,2025-04-03 11:51:50.586791,0 days 00:01:32.546004,0.9150539747062905,0.3333956623785839,2,0.25628483604567304,0.10984390503570651,0.024718910051730915,0.02854855230640974,0.007038782819160433,0.02914575527779017,0.0406141509875782,23,91,0.018949299623398873,0.12223322119883451,True,False,False,0.0008053741357489991,COMPLETE
1715,0.4312032699584961,2025-04-03 11:51:51.149837,2025-04-03 11:53:36.345027,0 days 00:01:45.195190,0.8271505201044309,0.259313140649773,2,0.24165479880763785,0.12463551962266035,0.008845154828205776,0.07393182910989411,0.0349615464371256,0.023296812624535475,0.06116460821029407,27,60,0.011215188853286429,0.13608300112472432,True,False,False,1.2872642058787651e-06,COMPLETE
1716,0.4146179437637329,2025-04-03 11:53:36.924622,2025-04-03 11:55:13.004356,0 days 00:01:36.079734,0.8857872449746412,0.17672724937866194,2,0.27207460339135014,0.23842848409234357,0.006306268535356874,0.05297998936515352,0.03406007511243181,0.09269016713179677,0.07253560410343228,24,89,0.01449344954091203,0.14943989932152563,True,False,False,0.0009934451759450928,COMPLETE
1717,0.44829816818237306,2025-04-03 11:55:13.561060,2025-04-03 11:56:56.789933,0 days 00:01:43.228873,0.785623678750362,0.3680238343584408,2,0.13566375028496877,0.09822712947112204,0.0028963985915358603,0.06576701706878754,0.011692771633728187,0.027107444816547095,0.045124576791741464,26,83,0.01676878162724522,0.12867586785527693,True,False,False,0.0004295201262310252,COMPLETE
1718,0.31212502121925356,2025-04-03 11:56:57.349633,2025-04-03 11:58:23.947498,0 days 00:01:26.597865,0.7541217596742592,0.29741643549930724,2,0.2513288733567275,0.11603796803642635,0.008126164241939078,0.06125694864294633,0.003117241767246045,0.00389409753478138,0.05354180368900969,25,94,0.005084174851728275,0.1593047371860686,True,False,True,0.000657238863897649,COMPLETE
1719,0.4415651798248291,2025-04-03 11:58:24.524056,2025-04-03 11:58:51.777949,0 days 00:00:27.253893,0.8531308757068631,0.27853506112665216,16,0.16965260010023533,0.1568360641543718,0.0044461670962576815,0.04671601020847687,0.009217269793687519,0.07666376921070986,0.03490166370270085,27,63,0.022112754168662957,0.14192969856360885,True,False,False,0.00033471894837951047,COMPLETE
1720,0.4348514676094055,2025-04-03 11:58:52.335618,2025-04-03 12:00:34.993497,0 days 00:01:42.657879,0.8005987158659722,0.3214807736310813,2,0.21956573342151864,0.10846025003274147,0.025552655516389515,0.06784154367875692,0.00529956049691157,0.030999525977543133,0.06039343408342662,26,87,0.019480984356054127,0.1343882783121521,True,False,False,0.0005461230169883415,COMPLETE
1721,0.42541190385818484,2025-04-03 12:00:35.566100,2025-04-03 12:02:13.399937,0 days 00:01:37.833837,0.9303360776689924,0.4093783726051843,2,0.19079422509350266,0.09722540014623769,0.009066314836192486,0.07223118856332959,0.007793829464312851,0.009618428851848042,0.0848322357849202,25,57,0.01661743673995772,0.15379707730711287,True,False,False,0.0006786134951033934,COMPLETE
1722,0.4469343185424805,2025-04-03 12:02:13.954851,2025-04-03 12:02:50.321105,0 days 00:00:36.366254,0.8794250266361606,0.24115183307063126,8,0.2284900015676925,0.2282644789024349,0.006506575273606291,0.05945567982847394,0.011910459652479943,0.021718202999924354,0.04768748490226885,24,96,0.01285407684963413,0.12363512592008667,True,False,False,0.00045251936536828025,COMPLETE
1723,0.45034857988357546,2025-04-03 12:02:50.898933,2025-04-03 12:04:30.553323,0 days 00:01:39.654390,0.7354433743533103,0.19735674063193892,2,0.23614534963456296,0.1032962892803022,0.002730248032504187,0.04185693945891519,0.010326319832453672,0.03334243577184969,0.07314649229512452,25,91,0.01439145087798238,0.1448940770425596,True,False,False,0.0009906441300247518,COMPLETE
1724,0.43034600019454955,2025-04-03 12:04:31.108828,2025-04-03 12:06:14.444080,0 days 00:01:43.335252,0.8224584920716955,0.3425563799604783,2,0.2453970704937503,0.21645416821826943,0.010008631406643822,0.06404976828685922,0.00409886095312096,0.02796070093492475,0.023797111929288135,26,84,0.017998721330549677,0.1291656926865629,True,False,False,1.0053649501822044e-07,COMPLETE
1725,0.42873907089233404,2025-04-03 12:06:15.022836,2025-04-03 12:07:43.998212,0 days 00:01:28.975376,0.7731161931890135,0.29852389438440435,2,0.2610443080286111,0.11645358090116605,0.006674547232999893,0.07630977286365845,0.008415899345277174,0.08952333879839063,0.04122631386541337,26,93,0.010111832789344197,0.1386279599303772,True,True,False,0.0008123648833473309,COMPLETE
1726,0.4451197624206543,2025-04-03 12:07:44.553816,2025-04-03 12:09:23.902819,0 days 00:01:39.349003,0.9053996152113036,0.2752090210013104,2,0.2375110875854716,0.23217467271546094,0.005000321086628191,0.057178475483068356,0.007127215600589753,0.02436251039983828,0.058542601968281774,25,99,0.02093455877472407,0.11695116108446066,True,False,False,0.0005928190624233332,COMPLETE
1727,0.4418783187866211,2025-04-03 12:09:24.483074,2025-04-03 12:11:09.027328,0 days 00:01:44.544254,0.842141862415347,0.25111490368110445,2,0.14147037073698032,0.1058805085081453,0.02086664735439181,0.06637171044724773,0.005440879211495305,0.019285556877356266,0.0987346033401878,27,87,0.02356713581357691,0.10802111868193938,True,False,False,0.0003107058787037424,COMPLETE
1728,0.4323180317878723,2025-04-03 12:11:09.590255,2025-04-03 12:12:49.244269,0 days 00:01:39.654014,0.9753120989782765,0.21326794202793972,2,0.11705036010420761,0.09989351681123534,0.0027422054304637425,0.03706872079933705,0.01012896343618851,0.025407220682204513,0.031559756412480405,25,66,0.01512113995120571,0.14915812293416747,True,False,False,0.0002691243864244036,COMPLETE
1729,0.44106996059417725,2025-04-03 12:12:49.800623,2025-04-03 12:14:24.906468,0 days 00:01:35.105845,0.8639624755001504,0.3102890848763418,2,0.25236480941335077,0.11052213300559369,0.0010886428570441352,0.062438350102803415,0.002887581730119791,0.030070926066454548,0.07074480082576272,24,82,0.019131673847850885,0.13223741476059245,True,False,False,0.00041831868465689627,COMPLETE
1730,0.43556851148605347,2025-04-03 12:14:25.481008,2025-04-03 12:15:47.882814,0 days 00:01:22.401806,0.8016219679227468,0.2701422818089405,2,0.23053656571973508,0.09585840800913387,0.023547256792473128,0.07024771255524552,0.011753793969445439,0.03812467157279634,0.0999855217086243,20,90,0.017059223002793576,0.2631552661188239,True,False,False,0.0007129774421021563,COMPLETE
1731,0.38571136593818667,2025-04-03 12:15:48.437977,2025-04-03 12:17:28.431053,0 days 00:01:39.993076,0.5442406339235104,0.3516722135154035,2,0.2671265174057877,0.14540727236355097,0.02863660145478517,0.055228878768091454,0.006139570305113135,0.016690239230822395,0.04996434963259605,26,95,0.012520454237629458,0.1396992844636283,False,False,False,0.0005797868203875033,COMPLETE
1732,0.44481117725372316,2025-04-03 12:17:29.008607,2025-04-03 12:19:02.111944,0 days 00:01:33.103337,0.8290283020364805,0.3244991576526151,2,0.2239668897157894,0.2615869415068413,0.008699376623083276,0.06036973882773523,0.00876910779959509,0.021724590685185972,0.03776725755592068,23,85,0.02089306364821209,0.12226034527496508,True,False,False,0.0004784290589355946,COMPLETE
1733,0.4335845828056336,2025-04-03 12:19:02.666612,2025-04-03 12:20:42.994129,0 days 00:01:40.327517,0.6212461539085927,0.22788994473379026,2,0.2454092025864279,0.11958587197782763,0.004108422855855542,0.06523999180946148,0.012499484193067999,0.0269375280389562,0.06265964673472399,25,102,0.01607887280230253,0.1283262783757561,True,False,False,0.0009944406435766868,COMPLETE
1734,0.4402011275291443,2025-04-03 12:20:43.573403,2025-04-03 12:22:27.875789,0 days 00:01:44.302386,0.7126161689594543,0.28769041238787396,2,0.2563763023137158,0.12866813367999466,0.007122107626024785,0.05103518972310542,0.002815283723893252,0.07121713766611473,0.047473454432843405,27,62,0.01855855245257719,0.1432330978451207,True,False,False,0.0002030090279848454,COMPLETE
1735,0.444136118888855,2025-04-03 12:22:28.434511,2025-04-03 12:24:10.609747,0 days 00:01:42.175236,0.8950059729670716,0.2564537869319476,2,0.2405021121713623,0.21919878251160138,0.010023166777628769,0.0690826557695703,0.031079382321226617,0.04209923791041225,0.07592781471598818,26,81,0.014294524366762056,0.13506526674915278,True,False,False,0.00035789007738495443,COMPLETE
1736,0.41839604377746586,2025-04-03 12:24:11.192639,2025-04-03 12:25:47.781407,0 days 00:01:36.588768,0.7626011261693285,0.304518247631096,2,0.23324865297530192,0.24054317329126432,0.005141301147658595,0.031246702913531883,0.0010450603665535178,0.013985813423498215,0.027782524260396537,24,88,0.008774261041881531,0.1502651988919555,True,False,False,0.0009985555909400757,COMPLETE
1737,0.439150619506836,2025-04-03 12:25:48.341927,2025-04-03 12:27:31.980189,0 days 00:01:43.638262,0.8673246962220607,0.18161472856891794,2,0.10860692320131106,0.22463170457284976,0.00969093616139902,0.0742541188012445,0.009884606881872997,0.031515546159730776,0.05557052000616113,26,93,0.022758988928850418,0.15519103526699646,True,False,False,0.0008217646933075899,COMPLETE
1738,0.28966347575187684,2025-04-03 12:27:32.556361,2025-04-03 12:28:57.608925,0 days 00:01:25.052564,0.7875782135223796,0.23981877329796547,2,0.21326767992888906,0.10191887254545046,0.02692624809004306,0.044828706200143426,0.006660152329164699,0.029072602892145163,0.03780668784643918,25,68,0.02624707250656685,0.12538297635032755,True,False,True,0.0006877036794837635,COMPLETE
1739,0.4251727342605591,2025-04-03 12:28:58.171183,2025-04-03 12:30:38.690560,0 days 00:01:40.519377,0.8105129301211514,0.2876759602773126,2,0.2481986864001497,0.09400858143448505,0.006466111003443637,0.06288802890108913,0.007960640554446178,0.024389843546169434,0.06284220522452953,26,59,0.011430051542951833,0.13723745826411743,True,False,False,0.0005234606787465572,COMPLETE
1740,0.4515128016471863,2025-04-03 12:30:39.271999,2025-04-03 12:32:18.738506,0 days 00:01:39.466507,0.9512984106234198,0.3305134702952513,2,0.22686258586194955,0.11378817016757146,0.02215562309780983,0.03920140689751901,0.004889182105053392,0.011278357730849547,0.045476387124088774,25,97,0.01720713328345422,0.11635421650157957,True,False,False,0.0002850937404009523,COMPLETE
1741,0.42542648315429693,2025-04-03 12:32:19.297368,2025-04-03 12:33:55.171859,0 days 00:01:35.874491,0.9663972971536572,0.3855263726817254,2,0.2194681997294765,0.12215968330633033,0.01972727866587554,0.03475719970790961,0.012945591754316886,0.011615480982753643,0.07459709042976968,24,64,0.015458219835564401,0.11741076410809381,True,False,False,0.0001763257011787383,COMPLETE
1742,0.4466709136962891,2025-04-03 12:33:55.758603,2025-04-03 12:34:31.541291,0 days 00:00:35.782688,0.9357351367600688,0.3531672594981595,8,0.22183371906564348,0.11684695336235992,0.021465410734278538,0.0366856489829688,0.005547364297659062,0.00962008755870098,0.05171988861454763,24,97,0.016343005047988284,0.11074569492994614,True,False,False,0.00025081909409608867,COMPLETE
1743,0.43239984512329105,2025-04-03 12:34:32.108296,2025-04-03 12:34:59.622867,0 days 00:00:27.514571,0.9841307183782159,0.3398899610713561,16,0.21753148031762984,0.125435617760955,0.021853016311211955,0.031427315980648164,0.010357031589716244,0.00861955558592151,0.08467842633200148,24,91,0.013376603317905949,0.09850283739234725,True,False,False,0.00017804452346969552,COMPLETE
1744,0.2804898262023926,2025-04-03 12:35:00.206092,2025-04-03 12:36:25.273101,0 days 00:01:25.067009,0.9454032573649195,0.3707694894652611,2,0.21151431902598075,0.11451898134800949,0.022409209238274726,0.038156262199959615,0.00838390964747496,0.009242796226338758,0.04407962349879541,25,88,0.016397613956708176,0.11270777624976483,True,True,False,0.0002128647999175004,COMPLETE
1745,0.4248925566673279,2025-04-03 12:36:25.836490,2025-04-03 12:38:01.758565,0 days 00:01:35.922075,0.9596338588001135,0.3724542818773554,2,0.22469164388202056,0.11951004523498741,0.01848720788762186,0.036512211920590974,0.004965223211451616,0.011731467634891933,0.0001201127705385125,24,83,0.013858152930918034,0.12025123896378066,True,False,False,0.0003080799636044089,COMPLETE
1746,0.44213829040527347,2025-04-03 12:38:02.365955,2025-04-03 12:39:40.484289,0 days 00:01:38.118334,0.9556144376044049,0.7924794843766917,2,0.22695883448127388,0.11236193503099402,0.01921704829703468,0.03315375337463295,0.013198040864093529,0.010608714995240496,0.020036614405654903,25,66,0.017301457945564425,0.10605562157954354,True,False,False,9.226703822862317e-06,COMPLETE
1747,0.43705798387527467,2025-04-03 12:39:41.046750,2025-04-03 12:41:22.783449,0 days 00:01:41.736699,0.976609006674526,0.3348100241892142,2,0.2284599921055466,0.1113762844094823,0.020133264109747515,0.03503024046988619,0.010705820272988473,0.012611560018245078,0.062085370427928006,25,96,0.014165057693699754,0.10321616285493887,True,False,False,0.0002108862927448232,COMPLETE
1748,0.4078880608081818,2025-04-03 12:41:23.372485,2025-04-03 12:42:58.403692,0 days 00:01:35.031207,0.9830518440702715,0.3262591270380785,2,0.21581431366969478,0.134008121297211,0.0765864469891521,0.030280439632863674,0.007375016960297924,0.00674130347923665,0.05271262095208568,24,92,0.018092133466816544,0.11655793582531597,False,False,False,0.0002534018355621501,COMPLETE
1749,0.4409933567047119,2025-04-03 12:42:58.966910,2025-04-03 12:44:38.107740,0 days 00:01:39.140830,0.9396784161116942,0.3613331965332912,2,0.2211009687869853,0.12000760490572113,0.018428320068111403,0.01806484555244293,0.004578369604486797,0.012427938551196935,0.07140530535097846,25,70,0.015191860660176394,0.11619130200609498,True,False,False,0.0008156666619627269,COMPLETE
1750,0.42417984008789067,2025-04-03 12:44:38.693027,2025-04-03 12:46:13.315187,0 days 00:01:34.622160,0.9652460771301147,0.34593830657608376,2,0.22717273201665295,0.1279807565111504,0.021246887057442113,0.026548808230428142,0.009306724683590197,0.0062112342746218265,0.04061805594713181,24,53,0.011640156498967609,0.11467732866700649,True,False,False,0.0007077819567203967,COMPLETE
1751,0.44049265384674074,2025-04-03 12:46:13.880595,2025-04-03 12:47:52.750992,0 days 00:01:38.870397,0.9492708981220662,0.32088302420708803,2,0.20523300007047166,0.10715373724040159,0.02269017456095681,0.038529409578893586,0.00664414958967194,0.00797916384556709,0.001673799906862775,25,87,0.016801452096710898,0.11414620719793372,True,False,False,0.00012509864864418814,COMPLETE
1752,0.44458378553390504,2025-04-03 12:47:53.312559,2025-04-03 12:49:25.788468,0 days 00:01:32.475909,0.9766224025706027,0.39860332138520427,2,0.23243348882947576,0.11341833576817861,0.020809661475411568,0.0587397708538084,0.06628219562115195,0.004726425349009987,0.010107438448362423,23,80,0.015252806562946142,0.11123367317309203,True,False,False,0.0006124585916786408,COMPLETE
1753,0.4338082790374756,2025-04-03 12:49:26.372006,2025-04-03 12:51:06.383860,0 days 00:01:40.011854,0.9099897186524261,0.34537778227826677,2,0.2222764619421423,0.10709113331562982,0.0220982281780764,0.061735422036171494,0.013730784785101745,0.015386168372379008,0.03366889699188473,25,94,0.06757400326694232,0.1072154786373242,True,False,False,0.00038806465203123454,COMPLETE
1754,0.4399333596229553,2025-04-03 12:51:06.945630,2025-04-03 12:52:42.501094,0 days 00:01:35.555464,0.9985382225788288,0.3113688618967317,2,0.23200018365923047,0.11800211608312222,0.0245943285189453,0.06462594819598896,0.0026531496667821664,0.002818385239184405,0.05987090962716205,24,85,0.018311831631935366,0.10497775805160059,True,False,False,0.00027836232148337973,COMPLETE
1755,0.42605540752410886,2025-04-03 12:52:43.085293,2025-04-03 12:54:21.428774,0 days 00:01:38.343481,0.932226868105143,0.33234745831118634,2,0.23609727135776792,0.1233212023481648,0.018959824955758778,0.037021827768849304,0.010648391480919107,0.013963936901745817,0.0789983577830693,25,68,0.013102491215604944,0.11995076150064757,True,False,False,0.0007406898988185057,COMPLETE
1756,0.43866356611251833,2025-04-03 12:54:22.021776,2025-04-03 12:55:58.728925,0 days 00:01:36.707149,0.9818369273297229,0.3167903461029577,2,0.22689897922886698,0.11321003463695863,0.022674444202701295,0.0970909479939334,0.00823690452690367,0.008982527550257552,0.005335661939474077,24,89,0.01770053774635053,0.10063381187817975,True,False,False,0.0005099991466616242,COMPLETE
1757,0.2847799897193909,2025-04-03 12:55:59.302555,2025-04-03 12:57:25.575672,0 days 00:01:26.273117,0.9458057588384587,0.3686053066961855,2,0.21674596325408652,0.10657700801954859,0.02348593736047313,0.033922798987785455,0.011966092693227098,0.011246240314484528,0.047368346011310826,25,98,0.01495069916820329,0.1147432537950652,True,False,True,3.8294256833821405e-08,COMPLETE
1758,0.4230971217155457,2025-04-03 12:57:26.138240,2025-04-03 12:58:58.647587,0 days 00:01:32.509347,0.935238556351337,0.3332885074735121,2,0.23463104813431002,0.1030609169285747,0.017683245886178558,0.029468453334316008,0.0040947366915678966,0.0160361819415861,0.08584916353709472,23,82,0.012080199140075663,0.10975612357903403,True,False,False,0.0008314345474257309,COMPLETE
1759,0.4371904134750367,2025-04-03 12:58:59.234612,2025-04-03 13:00:37.861310,0 days 00:01:38.626698,0.9464150221097569,0.3135906922085116,2,0.22835010985784343,0.11122061394886278,0.020277878796351876,0.032728537293418056,0.006294558384706268,0.013947555010757774,0.06518424719241403,25,71,0.01897549846747798,0.1081225897080479,True,False,False,0.0008166429935456157,COMPLETE
1760,0.44091976881027223,2025-04-03 13:00:38.428928,2025-04-03 13:02:08.575490,0 days 00:01:30.146562,0.943559724896982,0.30304453645577206,2,0.23912137614388118,0.12175233795644934,0.0107749655167872,0.02265411931142334,0.03296370859879845,0.013910573473626823,0.05310747297227453,22,92,0.016135462138961987,0.12058363024552722,True,False,False,0.00015798010270035953,COMPLETE
1761,0.4253420948982239,2025-04-03 13:02:09.169471,2025-04-03 13:03:48.565760,0 days 00:01:39.396289,0.9607040342904603,0.35838111504151865,2,0.22074526935090832,0.10926338931012856,0.002608120072286459,0.06776306867774197,0.008311110036750387,0.006408379761274646,0.03968421687175957,25,63,0.009408568936335314,0.12284101594673873,True,False,False,0.0005721653464551855,COMPLETE
1762,0.4454126596450806,2025-04-03 13:03:49.132605,2025-04-03 13:05:28.177131,0 days 00:01:39.044526,0.9834082155402384,0.30208853888343506,2,0.2325784178875274,0.11666249896593286,0.008226674914252621,0.07100280907669058,0.010630228157376532,0.011850563663982426,0.028941981295175133,25,79,0.013624365857321475,0.16096688632853023,True,False,False,0.00038436698802731353,COMPLETE
1763,0.2804898262023926,2025-04-03 13:05:28.763967,2025-04-03 13:06:52.976559,0 days 00:01:24.212592,0.9216980175272999,0.33920890523967123,2,0.24036825304961715,0.13226684703198704,0.004399523102786584,0.059301836775810184,0.013891083586592478,0.015588649973646857,0.0670131929659092,25,73,0.017217655028246667,0.12461635753320924,True,True,False,0.0006486024263380252,COMPLETE
