number,value,datetime_start,datetime_complete,duration,params_alpha-eval,params_alpha-train,params_batch-size,params_eps-eval,params_eps-train,params_lambda-actions-eval,params_lambda-actions-train,params_lambda-frames-eval,params_lambda-frames-train,params_learning-rate,params_n-epochs,params_n-frames,params_radius-gw,params_rho,params_std-feats,params_ub-actions,params_ub-frames,params_weight-decay,state
113,0.42476676702499394,2025-04-01 21:20:51.990861,2025-04-01 21:21:26.356963,0 days 00:00:34.366102,0.5108253954993103,0.38521874553861224,8,0.25721050329785794,0.2703358719142188,0.045236628675270826,0.059274742732236874,0.030214372397323875,0.023536738760785623,0.041196080366803924,24,113,0.04256155296466266,0.038508173717652264,False,False,False,8.498688677433317e-05,COMPLETE
114,0.4413220524787903,2025-04-01 21:21:26.394969,2025-04-01 21:22:01.810913,0 days 00:00:35.415944,0.29339947131618616,0.31376847533148255,8,0.2723458967297263,0.291059011056113,0.047967185078456244,0.03319287631329569,0.02089248848693996,0.03048164657314064,0.012716955516613705,26,92,0.03632014242877414,0.024137455204923535,False,False,False,4.8905757665008295e-05,COMPLETE
115,0.37441476583480837,2025-04-01 21:22:01.850172,2025-04-01 21:22:19.794863,0 days 00:00:17.944691,0.29988269325386746,0.2276146323115643,8,0.2731767389832699,0.25327364480774334,0.047584768457159914,0.0323127006557581,0.0220187597508286,0.033563986610031696,0.015550466940523299,5,92,0.036015778486185125,0.027056105132382314,False,False,False,0.0002073060472168883,COMPLETE
116,0.43912954330444337,2025-04-01 21:22:19.834359,2025-04-01 21:22:56.698702,0 days 00:00:36.864343,0.3137088572521609,0.30358810952167176,8,0.2783619079478012,0.28849918660979995,0.04940328393218868,0.03405101616455088,0.028046210581908194,0.031634941961807696,0.012989273045690778,27,101,0.0379101886532292,0.060514093761799566,False,False,False,5.093109345833403e-05,COMPLETE
117,0.4414124727249146,2025-04-01 21:22:56.737036,2025-04-01 21:23:21.913866,0 days 00:00:25.176830,0.2860456714295297,0.3413979622639642,16,0.2886513403558635,0.29982404349766684,0.041520354067156255,0.04297703583324548,0.013797617842518272,0.04115304068195519,0.03145273072264038,26,95,0.041247153390410234,0.053430919371580926,False,False,False,7.00491237961967e-05,COMPLETE
118,0.2804898262023926,2025-04-01 21:23:21.952903,2025-04-01 21:23:43.690462,0 days 00:00:21.737559,0.27578089031317304,0.34300385879962547,16,0.2878995033351553,0.2987378169991069,0.04163732740954771,0.04323368211938561,0.012203910146968942,0.03710582993055777,0.032949963485454745,25,95,0.04227559852317125,0.07873881531340707,False,True,False,0.0002566776490085875,COMPLETE
119,0.4461118221282959,2025-04-01 21:23:43.729230,2025-04-01 21:24:10.372776,0 days 00:00:26.643546,0.21715570731248143,0.4382125182640659,16,0.2970775662926095,0.2717832378131712,0.03767463799023231,0.04624668890577512,0.004966472234395884,0.040421451841112926,0.0286428721764138,26,140,0.04424113629100041,0.05112382792366907,False,False,False,0.00011355218008364823,COMPLETE
120,0.4397066712379456,2025-04-01 21:24:10.413306,2025-04-01 21:24:32.469372,0 days 00:00:22.056066,0.16080073793332297,0.4374110245414774,16,0.295067272767136,0.2612629929375281,0.037729520570879915,0.04842777229897803,0.04053307689124519,0.035206033434300614,0.02516542693527716,17,143,0.04604174913926227,0.06640204070089245,False,False,False,0.00010891472833037078,COMPLETE
121,0.44336612224578864,2025-04-01 21:24:32.509185,2025-04-01 21:24:58.973406,0 days 00:00:26.464221,0.21123644779515072,0.39296969831598194,16,0.2887631463843161,0.2803251399304959,0.04451495868573384,0.03784411712041196,0.005551190260836391,0.041385557380501925,0.020217495404967995,26,139,0.039649841192120235,0.04206940338143056,False,False,False,6.932660034466778e-05,COMPLETE
122,0.4356424450874329,2025-04-01 21:24:59.013791,2025-04-01 21:25:25.018164,0 days 00:00:26.004373,0.23524857522517384,0.39760942173973673,16,0.2834594312252405,0.27209861400043445,0.044691953648879866,0.038364517884140054,0.010181499361037257,0.0526264726039043,0.019964353374126918,25,137,0.048672629721965316,0.039060014644238424,False,False,False,0.00015172404335544906,COMPLETE
123,0.42547105550765996,2025-04-01 21:25:25.068308,2025-04-01 21:25:51.760631,0 days 00:00:26.692323,0.17615890744399818,0.4141826605625161,16,0.2998881582912184,0.2800772167865679,0.03470194797306503,0.03709350662029124,0.0036579247114841727,0.029258348510298262,0.05609377397743612,26,140,0.04404719881292387,0.044185624109723584,False,False,False,8.30465102781148e-05,COMPLETE
124,0.4403977274894715,2025-04-01 21:25:51.800549,2025-04-01 21:26:19.792999,0 days 00:00:27.992450,0.19480190368639322,0.3670942106223861,16,0.26555883916426004,0.26891964807017055,0.03928462615808781,0.04598301344445723,0.003567997498789239,0.04341362734844883,0.022945246603330496,28,147,0.03943505421655636,0.0516183736194769,False,False,False,3.183787333035325e-05,COMPLETE
125,0.43646935224533084,2025-04-01 21:26:19.834254,2025-04-01 21:26:46.669080,0 days 00:00:26.834826,0.20877519680249781,0.45129493075828714,16,0.2774995104622569,0.14487977236244487,0.0370242927233779,0.03992519833324186,0.008145333991217394,0.0263597825757113,0.03968876010793685,27,127,0.034556976280699855,0.03294432651114357,False,False,False,6.349683864875506e-05,COMPLETE
126,0.440672779083252,2025-04-01 21:26:46.710819,2025-04-01 21:27:12.581058,0 days 00:00:25.870239,0.12100371612428334,0.37968695085176896,16,0.2958375555030681,0.27637626284111394,0.043307094687216004,0.050411384833479886,0.01445705343781423,0.014379244550791584,0.015994149443689293,24,143,0.043946764612596646,0.058076170474946995,False,False,False,0.00029567012915675153,COMPLETE
127,0.43615857362747196,2025-04-01 21:27:12.623127,2025-04-01 21:27:45.863832,0 days 00:00:33.240705,0.257471473729291,0.4269268596890774,16,0.289466773907728,0.16359603165734676,0.04028855304738845,0.05700400408955302,0.0084798424483024,0.04505760342717541,0.024437908625025706,28,130,0.03230588573087464,0.04148733749515549,True,False,False,0.00010878942762048807,COMPLETE
128,0.4262512803077698,2025-04-01 21:27:45.905422,2025-04-01 21:29:27.954628,0 days 00:01:42.049206,0.3936773222002927,0.396962862922799,2,0.2820242831833985,0.18466756248813176,0.03351763624547417,0.030307206893421982,0.035612426026011834,0.040810059954632,0.0006001520209853974,26,135,0.05164715637556985,0.048099811280543754,False,False,False,3.2142391698091105e-07,COMPLETE
129,0.4031740307807922,2025-04-01 21:29:27.996334,2025-04-01 21:29:54.123457,0 days 00:00:26.127123,0.17025134797716085,0.5168179914314819,16,0.2645451246603773,0.2625949698510334,0.045872311116164355,0.05412930323538853,0.06356197271050659,0.004729443994931754,0.010288637848366729,25,138,0.07661436708726242,0.028838037427967228,False,False,False,4.266849126726812e-05,COMPLETE
130,0.31358986496925356,2025-04-01 21:29:54.167384,2025-04-01 21:30:27.339490,0 days 00:00:33.172106,0.3389298836795677,0.479269311379961,8,0.2729421885311887,0.28256201856022356,0.06385803848233274,0.05149244056461927,0.07069784638714231,0.02103086243649359,0.02787235850523264,27,125,0.04131597337825819,0.016042612729281473,False,False,True,9.109921453536719e-07,COMPLETE
131,0.4413194298744202,2025-04-01 21:30:27.385452,2025-04-01 21:30:52.911744,0 days 00:00:25.526292,0.27768421212495725,0.3395220370956649,16,0.28765793673296214,0.29348167764636324,0.04160821712297559,0.041619289648581165,0.014324032286421774,0.04043780287968308,0.019441244668773325,26,97,0.03865467621647639,0.03435353943560982,False,False,False,7.322193037949669e-05,COMPLETE
132,0.43511486053466797,2025-04-01 21:30:52.954329,2025-04-01 21:31:18.640795,0 days 00:00:25.686466,0.36147629285930777,0.35329529142476435,16,0.2935998126792769,0.2841242230894131,0.03835665110230377,0.04557766263800501,0.007897578288511198,0.03455624012961326,0.03281237999781484,26,106,0.0412104281735249,0.05313777698588444,False,False,False,1.071881993959322e-08,COMPLETE
133,0.43943644762039186,2025-04-01 21:31:18.684240,2025-04-01 21:31:43.856846,0 days 00:00:25.172606,0.3205889391386027,0.3197739967188863,16,0.28454840943662313,0.27360794330614935,0.04181967308964078,0.04933016037616773,0.001718925879215166,0.041589516027532886,0.029621752412088916,25,103,0.034801299502657125,0.06680811866295794,False,False,False,0.00013745830129878025,COMPLETE
134,0.4231872916221619,2025-04-01 21:31:43.900763,2025-04-01 21:32:11.226380,0 days 00:00:27.325617,0.2340362018653676,0.35942191475385576,16,0.2784969260093698,0.28879622171903974,0.035457808719156936,0.04323687720679171,0.012657718919179693,0.0381190511643928,0.04363493366984464,27,140,0.047920752570350195,0.058690413959417195,False,False,False,6.267122071111892e-05,COMPLETE
135,0.4327988982200623,2025-04-01 21:32:11.270557,2025-04-01 21:32:37.751400,0 days 00:00:26.480843,0.21649681141713306,0.38831881648098404,16,0.270047447324138,0.26805963758908574,0.04510104029529499,0.03600081276388881,0.0670455061270273,0.046607456422562046,0.016140940584934014,26,133,0.037539530131230875,0.043886531667484914,False,False,False,2.6317698696056976e-05,COMPLETE
136,0.4299814820289612,2025-04-01 21:32:37.795464,2025-04-01 21:33:12.313797,0 days 00:00:34.518333,0.37672543460863145,0.2851032507116788,8,0.29344407895275004,0.2767058982755788,0.040081706713754266,0.047728596480577284,0.005907020542684528,0.007550925478596891,0.021919699877125647,24,114,0.03060951081116433,0.021574031350344053,False,False,False,9.068724760912805e-05,COMPLETE
137,0.36627109646797185,2025-04-01 21:33:12.358666,2025-04-01 21:33:40.196199,0 days 00:00:27.837533,0.2818104691895545,0.8481098804064602,8,0.2602389352080597,0.2992443148271621,0.03125239335683378,0.09170085884337867,0.02623516959098198,0.0975118906899742,0.08124634850371552,16,122,0.03975747738850353,0.03717278005495859,False,False,False,0.00016873133546074727,COMPLETE
138,0.40698863267898566,2025-04-01 21:33:40.251147,2025-04-01 21:35:17.357592,0 days 00:01:37.106445,0.25299707216709943,0.26350640700169276,2,0.28877318757875137,0.2526839315499441,0.043301919354840075,0.044707147490707796,0.006535902672314502,0.017645825346181532,0.03758401016203118,25,104,0.04260158345526444,0.05332256206461503,False,False,False,7.409878759374189e-05,COMPLETE
139,0.2804898262023926,2025-04-01 21:35:17.402058,2025-04-01 21:35:47.507884,0 days 00:00:30.105826,0.3359662029112776,0.4134547839851742,8,0.27763581581823266,0.2637484363786355,0.05406670355782754,0.04117573807890044,0.07399696528913417,0.02457035340535459,0.027464687924413846,24,118,0.046425190982143316,0.008927052410639427,False,True,False,3.5225049086957266e-05,COMPLETE
140,0.43812018632888794,2025-04-01 21:35:47.553397,2025-04-01 21:36:14.353111,0 days 00:00:26.799714,0.14731199265964273,0.5639940460349695,16,0.29987544911088676,0.24375973440400683,0.06835895543399231,0.05657778852002372,0.06575420784951665,0.0498718579313367,0.017902841802733282,27,129,0.03307961665392771,0.02823911702072672,False,False,False,5.840208093071545e-05,COMPLETE
141,0.4396441459655762,2025-04-01 21:36:14.399517,2025-04-01 21:36:50.373516,0 days 00:00:35.973999,0.295503628032169,0.3134791251706466,8,0.2702777190903979,0.2915590052862906,0.04799233247699028,0.030940177570588152,0.01825193004895774,0.03122879842512235,0.011906713803499674,26,91,0.03645004411079837,0.02667578262056157,False,False,False,0.00010190976513390039,COMPLETE
142,0.4431868195533753,2025-04-01 21:36:50.419589,2025-04-01 21:37:26.345690,0 days 00:00:35.926101,0.3134452096135337,0.3384670533599624,8,0.2537500900807037,0.28494531577710036,0.05142927912588431,0.03404887757237862,0.06201575673870248,0.029881519597029692,0.013577129292434731,26,94,0.036524199658275955,0.04759106415590268,False,False,False,4.595607886390564e-05,COMPLETE
143,0.436464786529541,2025-04-01 21:37:26.392629,2025-04-01 21:37:52.801686,0 days 00:00:26.409057,0.4022061911396141,0.3358347572013278,8,0.25660910793299013,0.28162123602514133,0.051446453005787686,0.03759540931698915,0.0610608488141956,0.029691357461878495,0.016009810925827844,15,98,0.027958878026783568,0.045642489272578066,False,False,False,4.424541997305707e-05,COMPLETE
144,0.4401375770568848,2025-04-01 21:37:52.848385,2025-04-01 21:38:28.468609,0 days 00:00:35.620224,0.3535085534496246,0.3684432501967124,8,0.25046955102979224,0.28471056577334813,0.03752295564061956,0.03498602225188857,0.03209289750763244,0.02678592827416842,0.007772051020590353,26,87,0.08920211544450432,0.03537411745018443,False,False,False,0.0001279508604342114,COMPLETE
145,0.40226911306381224,2025-04-01 21:38:28.515780,2025-04-01 21:39:03.612763,0 days 00:00:35.096983,0.32086636909109506,0.3895616805012179,8,0.28319381489598383,0.2731843500306765,0.03423572458553794,0.02667222204719448,0.058494278669568134,0.036178079297250365,0.0013691791676454055,25,95,0.04012653213350827,0.06410787105834619,False,False,False,8.129944493574288e-05,COMPLETE
146,0.44403818845748905,2025-04-01 21:39:03.660177,2025-04-01 21:39:41.694070,0 days 00:00:38.033893,0.36849486032462553,0.44494571095421603,8,0.26469822898201956,0.2787360116638514,0.04163470652607918,0.05221018626053477,0.06303936290954232,0.033580947538963984,0.021078794532485793,28,109,0.03794387086150835,0.05133535408060307,False,False,False,5.393460527895238e-05,COMPLETE
147,0.42756906747817996,2025-04-01 21:39:41.741591,2025-04-01 21:40:24.560591,0 days 00:00:42.819000,0.38429402019847847,0.4588563007286393,8,0.24532989382175607,0.27812396814889834,0.04632932416904037,0.05197445154947084,0.06506840080847812,0.03309674819024022,0.013921401535049626,30,109,0.034632078551426686,0.014296627952624773,True,False,False,2.6827468861209944e-05,COMPLETE
148,0.4426882147789002,2025-04-01 21:40:24.609011,2025-04-01 21:41:03.095167,0 days 00:00:38.486156,0.5632786206857949,0.4294036314194062,8,0.26622284912123056,0.2593147756648805,0.05909397057327339,0.05353996058570365,0.06308141801067393,0.028139297609462082,0.020831825115610148,29,111,0.038395029509451006,0.07113420367486963,False,False,False,3.655087428246203e-05,COMPLETE
149,0.4412532210350037,2025-04-01 21:41:03.142742,2025-04-01 21:41:41.857550,0 days 00:00:38.714808,0.5688081747407776,0.4328868909819734,8,0.26459907473797983,0.2598241706010066,0.056130013427863515,0.054188097885643376,0.06908780426751054,0.028069259478060212,0.02064863244537546,29,110,0.03776432118600355,0.07868065850381323,False,False,False,3.611565349930296e-05,COMPLETE
150,0.44066020250320437,2025-04-01 21:41:41.907746,2025-04-01 21:42:20.293551,0 days 00:00:38.385805,0.5356719768069462,0.44614249208085816,8,0.25391673867347486,0.2656291118496096,0.05998085171657945,0.05056813548188161,0.061672667667016574,0.03294822219776616,0.024569478835453566,29,101,0.03119519795464932,0.058103658720894555,False,False,False,1.986194385854734e-05,COMPLETE
151,0.4389146089553833,2025-04-01 21:42:20.351399,2025-04-01 21:42:58.440556,0 days 00:00:38.089157,0.4234862245869517,0.41803906645902894,8,0.2666974040203653,0.255838161830538,0.038475004607167296,0.0590876638798005,0.06332722448678106,0.0284188245597997,0.01874433797006916,28,107,0.03643169486673193,0.07131229830813902,False,False,False,5.02010037505668e-05,COMPLETE
152,0.43374822139739994,2025-04-01 21:42:58.489767,2025-04-01 21:43:35.621468,0 days 00:00:37.131701,0.5820725622687036,0.4100892904325538,8,0.2756756569314931,0.2691247787891087,0.06197636009556215,0.05337818712337613,0.056854529897099916,0.02395089706320436,0.014383671973454975,27,116,0.03908012735564709,0.0428806601970364,False,False,False,4.2154768829245205e-05,COMPLETE
153,0.43844012022018436,2025-04-01 21:43:35.670524,2025-04-01 21:44:15.550742,0 days 00:00:39.880218,0.6190491232398114,0.38529503001219023,8,0.25895617181572106,0.27677919232459974,0.05687477845835192,0.060800281096084464,0.06011283566653531,0.022158338679948535,0.011106825502418406,30,111,0.044543084884802346,0.021217088626283836,False,False,False,3.511389437549047e-06,COMPLETE
154,0.4426034092903138,2025-04-01 21:44:15.601567,2025-04-01 21:44:53.151895,0 days 00:00:37.550328,0.4533045733107527,0.3606226159531048,8,0.2698858593217211,0.28790464706046387,0.04417638360668248,0.05566317542992184,0.05446537200864464,0.02665610726411975,0.02242016721810175,28,105,0.034035622216883395,0.047537171735302766,False,False,False,6.0054057499995994e-05,COMPLETE
155,0.4417420148849488,2025-04-01 21:44:53.201725,2025-04-01 21:45:31.138620,0 days 00:00:37.936895,0.449509333687198,0.3594830888605341,8,0.24221795774148802,0.2868706448991876,0.052821265920338076,0.0575773822737162,0.05942185242028184,0.03051714327778623,0.023267285951244915,28,106,0.03390566322029364,0.06137621449289446,False,False,False,5.9752993233681357e-05,COMPLETE
156,0.44037297964096067,2025-04-01 21:45:31.188773,2025-04-01 21:46:10.035672,0 days 00:00:38.846899,0.5096554718421398,0.4870710732587282,8,0.26995832159729777,0.2927948260056283,0.04373590498583861,0.055694724955929274,0.0630788999660648,0.025613384336201053,0.035000581931112405,29,100,0.029164846624732774,0.05085922612617245,False,False,False,9.898257037018766e-06,COMPLETE
157,0.4419812679290772,2025-04-01 21:46:10.087451,2025-04-01 21:46:48.030072,0 days 00:00:37.942621,0.5499424527365518,0.6266161212481276,8,0.25945620706522937,0.2709602123630255,0.04954119908182389,0.04851456103439554,0.05549648852979329,0.019415370342878723,0.027500884877648606,28,103,0.03247893237131684,0.04607098738197262,False,False,False,3.12596353494216e-05,COMPLETE
158,0.31830327510833745,2025-04-01 21:46:48.080549,2025-04-01 21:47:21.454675,0 days 00:00:33.374126,0.4776623732998027,0.6192690454655082,8,0.25048228765905944,0.2718162046182257,0.04866148978819558,0.06272815194517622,0.054732569737148254,0.018986638237400672,0.04990215313232563,28,104,0.03195334866039974,0.050611390105318,False,False,True,2.350735595235739e-05,COMPLETE
159,0.4394260406494141,2025-04-01 21:47:21.506101,2025-04-01 21:48:00.103845,0 days 00:00:38.597744,0.5595929773379656,0.6699743431034417,8,0.26535237473866813,0.2577130126760854,0.050244067147929825,0.0491157813913473,0.054383579059345606,0.03448075511796288,0.0273560776559682,29,113,0.03823542614623531,0.0451636018429858,False,False,False,1.4255542366262685e-05,COMPLETE
160,0.4419331073760987,2025-04-01 21:48:00.155976,2025-04-01 21:48:37.855127,0 days 00:00:37.699151,0.4927021315139125,0.6308842523388812,8,0.25987879491140115,0.2497204469805392,0.05749446357802228,0.046249724755336105,0.05205516846749417,0.016301368620404297,0.033015419782034906,28,110,0.04249277862513606,0.08838768586279874,False,False,False,3.112710724811261e-05,COMPLETE
161,0.4346025466918946,2025-04-01 21:48:37.907075,2025-04-01 21:49:15.883579,0 days 00:00:37.976504,0.4893137756947004,0.7156656584366925,8,0.2574063749172968,0.24879663906297658,0.05844434122123826,0.04685440572220628,0.053310062709047895,0.012351080669503606,0.034510780756960395,28,111,0.04250318108849434,0.08856953062046517,False,False,False,3.168142390472361e-05,COMPLETE
162,0.4253167510032654,2025-04-01 21:49:15.944903,2025-04-01 21:49:55.656524,0 days 00:00:39.711621,0.5287700377094232,0.6271594765647625,8,0.2616550247975259,0.2663537637190355,0.06409384370710304,0.04615808410228528,0.04484898386653014,0.016590076284563757,0.023307482530195964,30,107,0.0022648320750125323,0.06791882147786343,False,False,False,3.581728228957591e-05,COMPLETE
163,0.4398805499076843,2025-04-01 21:49:55.709362,2025-04-01 21:50:32.560171,0 days 00:00:36.850809,0.4643456567726383,0.6290425457082932,8,0.27993540831272584,0.23849868683300482,0.05271041452685949,0.05147123030344951,0.05320320474990386,0.019359688992118314,0.01716257515260414,27,103,0.035170201529458836,0.04809509607690786,False,False,False,4.692878176056413e-05,COMPLETE
164,0.4433593630790711,2025-04-01 21:50:32.613224,2025-04-01 21:51:10.537353,0 days 00:00:37.924129,0.5477433434668026,0.5999103852524063,8,0.2516486204660098,0.26306706442470795,0.06102939019322713,0.048696966875146214,0.04720881561407728,0.020473614797315298,0.042643406380178606,28,117,0.03952933092544618,0.07354168143903893,False,False,False,2.935197743465209e-05,COMPLETE
165,0.42751204967498785,2025-04-01 21:51:10.590549,2025-04-01 21:51:49.934274,0 days 00:00:39.343725,0.5111707725937222,0.6113212002589672,8,0.08621135969275841,0.2628296632972069,0.06787208752474481,0.05037353948486835,0.05001662187154868,0.019418464591408176,0.06270146991480577,29,116,0.037166492240959366,0.07253978141239875,False,False,False,1.7181528256841357e-05,COMPLETE
166,0.43680471181869507,2025-04-01 21:51:49.988967,2025-04-01 21:52:28.910612,0 days 00:00:38.921645,0.6028747188154253,0.6018097459765648,8,0.23625952397401068,0.2541599407950125,0.05658735839450266,0.05514291191317823,0.046802575126525414,0.021609308149908742,0.0463983202146221,29,120,0.041073355035011944,0.09275945585560683,False,False,False,2.5388438063373456e-05,COMPLETE
167,0.4345400094985962,2025-04-01 21:52:28.964278,2025-04-01 21:54:16.926775,0 days 00:01:47.962497,0.5477098244827213,0.6427405841156131,2,0.2519727388696498,0.2717485035958656,0.06145929318779384,0.049801269148419175,0.04251926983916342,0.01603548681133823,0.038890250493300804,28,109,0.043328910076959215,0.07990668347269521,False,False,False,2.8998627278561687e-05,COMPLETE
168,0.2906375229358673,2025-04-01 21:54:16.980021,2025-04-01 21:54:49.440566,0 days 00:00:32.460545,0.5793563928879479,0.5864036766328211,8,0.24442543148000528,0.24767976335152236,0.05439846600575471,0.04560068009859414,0.05154618673654546,0.023772898181608354,0.029534273804992423,27,102,0.0391243167375686,0.06359422067808757,False,True,False,3.934122414244098e-05,COMPLETE
169,0.4403344392776489,2025-04-01 21:54:49.494160,2025-04-01 21:55:29.724018,0 days 00:00:40.229858,0.5182917645367326,0.5641166396748961,8,0.23054376345488947,0.25945736877386766,0.060225689073101114,0.052407614450032156,0.03743071454320712,0.027384160997668622,0.028432549326943203,30,136,0.03585759605376568,0.056027712902661286,False,False,False,2.1666045325334163e-05,COMPLETE
