number,value,datetime_start,datetime_complete,duration,params_alpha-eval,params_alpha-train,params_batch-size,params_eps-eval,params_eps-train,params_lambda-actions-eval,params_lambda-actions-train,params_lambda-frames-eval,params_lambda-frames-train,params_learning-rate,params_n-epochs,params_n-frames,params_radius-gw,params_rho,params_std-feats,params_ub-actions,params_ub-frames,params_weight-decay,state
1764,0.41867843866348264,2025-04-03 13:06:53.546499,2025-04-03 13:07:19.270399,0 days 00:00:25.723900,0.9606313808697295,0.32436118423870225,16,0.2265295053872326,0.09911954785114867,0.017528987478331745,0.039238937001293404,0.003916890493087986,0.0077131530265050485,0.04635611494907615,24,66,0.04273459234033522,0.11714876801467458,True,False,False,4.601741574814428e-06,COMPLETE
1765,0.43876979351043705,2025-04-03 13:07:19.861378,2025-04-03 13:07:47.256343,0 days 00:00:27.394965,0.9170566135134959,0.289648775836737,8,0.23730108660228744,0.10574575199667782,0.007187332922255095,0.08076671457911841,0.006132734647159641,0.0035025696722617234,0.03405222364010083,15,85,0.018751566964979996,0.12758497833305413,True,False,False,0.0002985645772601819,COMPLETE
1766,0.44739019870758057,2025-04-03 13:07:47.824768,2025-04-03 13:09:24.096533,0 days 00:01:36.271765,0.923393225351263,0.2984036947732377,2,0.21210559223598974,0.12495571253205484,0.00114575797718631,0.06657466323712737,0.009121065447363842,0.016958344355095304,0.05436614471596879,24,90,0.01533840022807198,0.11155687076828735,True,False,False,0.00045632422752713535,COMPLETE
1767,0.4306254148483276,2025-04-03 13:09:24.687773,2025-04-03 13:11:02.138439,0 days 00:01:37.450666,0.9298797393843737,0.3224352855584657,2,0.2431200061770107,0.11655897359189762,0.011005738494835047,0.06368291476071332,0.011356868274212315,0.017410288134451102,0.08426582263605084,25,60,0.011330010909375743,0.14662290317204404,True,False,False,1.9937472669940938e-06,COMPLETE
1768,0.44104028940200807,2025-04-03 13:11:02.705031,2025-04-03 13:12:42.634853,0 days 00:01:39.929822,0.911893727173785,0.35599932124278394,2,0.23213738144158422,0.10081452112970327,0.02309617435195957,0.061532932360351573,0.007206832157314035,0.014282025063002255,0.06901178791667963,25,95,0.01681865792319454,0.12189602573631447,True,False,False,0.0009871580047059634,COMPLETE
1769,0.3768166720867157,2025-04-03 13:12:43.232185,2025-04-03 13:14:23.236762,0 days 00:01:40.004577,0.9752497288812223,0.287495566068346,2,0.22476363565400473,0.09388297365523737,0.004738868087976682,0.056185208397326034,0.00906164338365574,0.0104312548286378,0.09909101225047398,26,57,0.01949413193893943,0.15618201990144945,False,False,False,0.0007890460480285585,COMPLETE
1770,0.4472519278526306,2025-04-03 13:14:23.811972,2025-04-03 13:16:05.925098,0 days 00:01:42.113126,0.9545732950976015,0.38653493477672973,2,0.24966243572774027,0.11199764310783361,0.00893059568181316,0.07293770215434474,0.002663617544210342,0.018425279626884748,0.042365072259303124,26,81,0.013394356409678886,0.12813149700492604,True,False,False,0.0005872986994014533,COMPLETE
1771,0.4483461380004883,2025-04-03 13:16:06.516450,2025-04-03 13:17:41.211388,0 days 00:01:34.694938,0.9965119873724185,0.3427639713962784,2,0.26027423813831296,0.10603943290262811,0.006776401528214897,0.035804396308820284,0.013610113958686509,0.01886632924917093,0.0580629862485847,24,69,0.016099621111645184,0.1452437713956383,True,False,False,0.00023293521777253704,COMPLETE
1772,0.44319220781326296,2025-04-03 13:17:41.782734,2025-04-03 13:19:21.817460,0 days 00:01:40.034726,0.9984924557538086,0.3041204961455783,2,0.23680293844664668,0.1015604078930848,0.0036150099834886887,0.06776775915397378,0.005558898353450159,0.005351190913406089,0.02670164569979195,25,89,0.019612602426975174,0.15264879115325516,True,False,False,0.00036768375120095907,COMPLETE
1773,0.44978095293045045,2025-04-03 13:19:22.407437,2025-04-03 13:21:05.010029,0 days 00:01:42.602592,0.9114819611911835,0.2783126512551444,2,0.24334684633222478,0.09308163794525455,0.011645258505742665,0.057743551844040675,0.011977661304650182,0.01763199934766237,0.04825423044119033,26,99,0.01410638490432441,0.1209853375883781,True,False,False,0.0004725622951305124,COMPLETE
1774,0.4429960608482361,2025-04-03 13:21:05.605739,2025-04-03 13:22:37.544616,0 days 00:01:31.938877,0.9287010603611118,0.31943361986493535,2,0.2213906675397318,0.1106852088616137,0.021199450360388224,0.07532230855575388,0.009538839993947869,0.015821427993856246,0.036788346698882146,23,75,0.01742218331345403,0.16733079201228407,True,False,False,0.0007426491654252982,COMPLETE
1775,0.31212502121925356,2025-04-03 13:22:38.118668,2025-04-03 13:24:04.274809,0 days 00:01:26.156141,0.8864033907266624,0.2733633497376352,2,0.2309805060778238,0.12518885209783467,0.0010573710567495388,0.07850458654137622,0.004249536500707137,0.019765886742877634,0.07672799817612545,25,85,0.010310419614111895,0.13137783774566045,True,False,True,0.0009995433953810956,COMPLETE
1776,0.4414022207260132,2025-04-03 13:24:04.844972,2025-04-03 13:25:40.326748,0 days 00:01:35.481776,0.9649553241658889,0.3007984488399313,2,0.2707037434299234,0.11661801731529617,0.006073519833980586,0.06578088534864157,0.00722628753657399,0.019381400539533307,0.058016354592089404,24,72,0.019541102719267192,0.14061876281838442,True,False,False,0.0009965292787152502,COMPLETE
1777,0.44360200166702274,2025-04-03 13:25:40.918827,2025-04-03 13:27:23.046333,0 days 00:01:42.127506,0.8978567269747443,0.33371016569050493,2,0.25419474630994354,0.09700654805788986,0.009298016621326073,0.06005440732309213,0.014918703481057553,0.014598232213239314,0.06540599201091035,26,92,0.014784904798383838,0.1029052937793622,True,False,False,0.0005591095584571293,COMPLETE
1778,0.42488635778427125,2025-04-03 13:27:23.621030,2025-04-03 13:28:00.712712,0 days 00:00:37.091682,0.949586064342952,0.31885025432483616,2,0.24523626846145447,0.10532694296808263,0.01551205536625265,0.07009699254375867,0.0026403869249157054,0.003598537747577595,0.043017038374937984,6,79,0.012112361246877822,0.12557761495711753,True,False,False,0.0003301652875584737,COMPLETE
1779,0.44812846183776855,2025-04-03 13:28:01.308895,2025-04-03 13:29:40.518840,0 days 00:01:39.209945,0.8939568698835871,0.2881638169893037,2,0.2373379882635375,0.08937421595141792,0.024223574306819297,0.06303149514460339,0.011258757614759753,0.012165750784850396,0.03358226109635895,25,83,0.018253975943285466,0.13296817809607658,True,False,False,0.0007248528693142524,COMPLETE
1780,0.44183516502380377,2025-04-03 13:29:41.093782,2025-04-03 13:31:24.242794,0 days 00:01:43.149012,0.7420019812585347,0.3555773639664441,2,0.229385287314213,0.13624003615925515,0.01982851826381646,0.07231327021659155,0.006308889986136832,0.020892574142588147,0.05028646756297205,26,87,0.016056598182854962,0.23916083257984694,True,False,False,0.0004665300418261202,COMPLETE
1781,0.42948822975158696,2025-04-03 13:31:24.839841,2025-04-03 13:32:59.596322,0 days 00:01:34.756481,0.6782029526889006,0.2689929525380613,2,0.2645100840914559,0.09900787683540072,0.004621162661699934,0.03315316924300736,0.008562212494063425,0.017590747880749935,0.08421815661422428,24,65,0.02043510027084038,0.11574571728572623,True,False,False,0.0002690835712981509,COMPLETE
1782,0.2804898262023926,2025-04-03 13:33:00.173444,2025-04-03 13:34:26.045355,0 days 00:01:25.871911,0.9045085161491293,0.3050499028995775,2,0.21540871039248896,0.1074290673159495,0.007605410710581764,0.0645187504832963,0.004209930915596754,0.021996920751332184,0.06860443437735742,25,93,0.013059448790853176,0.14941878999756475,True,True,False,0.0006671090085292967,COMPLETE
1783,0.453278386592865,2025-04-03 13:34:26.643261,2025-04-03 13:36:08.438611,0 days 00:01:41.795350,0.9580624227933447,0.2656649118004448,2,0.25007581569601867,0.11987120679829665,0.013258159522115742,0.06895438854029129,0.009900747038989627,0.007247950352879553,0.05527264318614053,26,96,0.017292112609406954,0.14133583189740723,True,False,False,0.00040156244523126245,COMPLETE
1784,0.4379644632339478,2025-04-03 13:36:09.010940,2025-04-03 13:37:54.469315,0 days 00:01:45.458375,0.974634532832461,0.2612004038395726,2,0.25367444850593995,0.14140246744067056,0.013837689946866186,0.06888669929736832,0.012836620389710538,0.0012162027833546585,0.07715409413241428,27,69,0.01507332426050437,0.1473352691245204,True,False,False,0.00047468054471701905,COMPLETE
1785,0.3754391610622406,2025-04-03 13:37:55.064258,2025-04-03 13:38:30.893007,0 days 00:00:35.828749,0.9862356871485338,0.2607306080001446,8,0.2567440495885902,0.13709215472450964,0.013489093981239847,0.07091887233092951,0.012338045083681621,0.0031727311084228486,0.061620011349804084,27,76,0.018538206547560023,0.14280749493003375,False,False,False,0.0005434432318881696,COMPLETE
1786,0.44256201982498167,2025-04-03 13:38:31.497777,2025-04-03 13:39:00.529079,0 days 00:00:29.031302,0.9728459529206019,0.25608251348130956,16,0.25342442538827986,0.12600897612161538,0.012527067858160455,0.06925299254986363,0.01475847806055053,0.005202721871795194,0.08317404431109426,28,80,0.02068747060964039,0.1554483757677767,True,False,False,0.00041963109221943717,COMPLETE
1787,0.4382227540016174,2025-04-03 13:39:01.109927,2025-04-03 13:40:45.047534,0 days 00:01:43.937607,0.9749583691087033,0.26887898410030614,2,0.24749699995723318,0.12254740535704611,0.014167837862210753,0.06873517347461547,0.012473022716104398,0.00773540240413809,0.09909756155889701,27,62,0.016344366171419652,0.14457737032237838,True,False,False,0.0005803078927286718,COMPLETE
1788,0.4237027883529663,2025-04-03 13:40:45.627776,2025-04-03 13:42:32.586321,0 days 00:01:46.958545,0.734833380043957,0.2776036509533783,2,0.2590749951055924,0.13207106577076647,0.015118949132835686,0.06700976562179037,0.010346865011748321,0.026459375070235904,0.06916177570402629,27,89,0.010278418387970487,0.1503880641900907,True,False,False,0.0006645666995042019,COMPLETE
1789,0.4048689961433411,2025-04-03 13:42:33.179905,2025-04-03 13:44:13.886828,0 days 00:01:40.706923,0.4312953030021769,0.25200833551133967,2,0.24892520293524403,0.13014216357437208,0.012999086074862866,0.07033499936557237,0.01056080945824167,0.004930707502383072,0.056896696392040376,26,39,0.013599441405786125,0.13937073004576636,True,False,False,0.0004311510403034034,COMPLETE
1790,0.423123049736023,2025-04-03 13:44:14.463649,2025-04-03 13:45:57.129396,0 days 00:01:42.665747,0.5174158640129087,0.26984851213011457,2,0.2503740152342215,0.1290137211896823,0.011040124789491818,0.06685015962279714,0.013579880008155807,0.03384558764651791,0.07078233954831727,26,72,0.008171230290875003,0.20773082581493066,True,False,False,0.0008096807861427009,COMPLETE
1791,0.4351285219192505,2025-04-03 13:45:57.727948,2025-04-03 13:47:46.939197,0 days 00:01:49.211249,0.9975873262913858,0.2464402989300371,2,0.2644208386631978,0.11930575741052746,0.01079995632563324,0.07196439190198048,0.0110191419331967,0.003335075744128814,0.05599839206199413,28,95,0.07893027625544408,0.14180181969335207,True,False,False,0.000535265907877588,COMPLETE
1792,0.4320352673530579,2025-04-03 13:47:47.512060,2025-04-03 13:49:33.255317,0 days 00:01:45.743257,0.9624278829424413,0.2787461442605975,2,0.25649711165957567,0.08277908392512501,0.015394668336752671,0.0691050506732248,0.014114522484026145,0.006092429376235869,0.06635147184130663,27,74,0.08665184593063016,0.15964547935693446,True,False,False,0.0009977368151843859,COMPLETE
1793,0.4392591953277588,2025-04-03 13:49:33.857733,2025-04-03 13:51:16.614123,0 days 00:01:42.756390,0.8799117466443892,0.25850734807463754,2,0.250968288720083,0.08909282269487806,0.012857859896195463,0.07244383403619778,0.010003085491699409,0.0290441805865624,0.07954926308519161,26,84,0.01815742966989644,0.15158842943253095,True,False,False,0.00039189539849413625,COMPLETE
1794,0.423123049736023,2025-04-03 13:51:17.220372,2025-04-03 13:52:58.319207,0 days 00:01:41.098835,0.7055674915974329,0.276437637392068,2,0.2615626549041453,0.24744020803591527,0.011696586713117343,0.08454757581801073,0.012113805002120856,0.00347905492309045,0.05542581390075832,26,55,0.015147236072087266,0.14568271034892827,True,False,False,0.0005868844241645888,COMPLETE
1795,0.3110557317733765,2025-04-03 13:52:58.906666,2025-04-03 13:54:28.656618,0 days 00:01:29.749952,0.977025396557233,0.24403063990477109,2,0.24544263217680262,0.14951490669925624,0.009887699585152045,0.0681421541625733,0.009463171777393472,0.0035634025237362005,0.08263229802281044,27,67,0.01964339411610372,0.1376092968881219,True,False,True,0.0007197018714640254,COMPLETE
1796,0.4360714435577393,2025-04-03 13:54:29.256796,2025-04-03 13:56:12.637814,0 days 00:01:43.381018,0.8768923466446302,0.2866147363589251,2,0.25740745276878596,0.121502441564948,0.01651266755089368,0.07012329349993167,0.014816408693750583,0.0028644866609966206,0.06284837509381383,26,78,0.053161736875420876,0.13908336120189652,True,False,False,0.00048456562087270205,COMPLETE
1797,0.44145404100418095,2025-04-03 13:56:13.219509,2025-04-03 13:58:06.539286,0 days 00:01:53.319777,0.9367853166075145,0.2617197502667884,2,0.2473895625440017,0.12216160147210212,0.012025052043935735,0.07393648601907574,0.01125221397223586,0.00569484460550646,0.05117155930947837,29,91,0.012480725610828105,0.1472425550047802,True,False,False,0.0008200941185119773,COMPLETE
1798,0.4279817700386047,2025-04-03 13:58:07.121065,2025-04-03 13:59:52.181141,0 days 00:01:45.060076,0.7504022437302637,0.2881505502702135,2,0.2506815837735691,0.09558240094783264,0.009679318672796021,0.06747326045731035,0.00854539705130618,0.0011120551671126445,0.07099902747740691,27,87,0.017461384221619178,0.13580114013372202,True,False,False,0.0006402600621101568,COMPLETE
1799,0.4483133912086487,2025-04-03 13:59:52.781282,2025-04-03 14:01:36.351184,0 days 00:01:43.569902,0.8637248070057504,0.25994736939551466,2,0.26692311593587825,0.12986815545715252,0.013703462935453724,0.06596332298759454,0.06374407534941433,0.0020524021628191627,0.05097481849167797,26,82,0.015131354081346077,0.1541376443441807,True,False,False,0.00037691240891427524,COMPLETE
1800,0.2804898262023926,2025-04-03 14:01:36.933272,2025-04-03 14:03:03.891719,0 days 00:01:26.958447,0.962547597488575,0.2950925337695988,2,0.24402627984359065,0.2531350022827034,0.010561237284895322,0.07148265101621501,0.009832684619643643,0.0053611557755332195,0.06088728496817416,26,71,0.021055907135318637,0.13885881479705414,True,True,False,0.0004978583989888362,COMPLETE
1801,0.44726270437240606,2025-04-03 14:03:04.494719,2025-04-03 14:04:48.860732,0 days 00:01:44.366013,0.7699491526900932,0.24138491865855802,2,0.25915645432746964,0.08465662671183696,0.008718376395913162,0.06568563132721585,0.012588533254618443,0.007918792964075102,0.08468298546869604,26,93,0.016850432942074098,0.1437012774894389,True,False,False,0.0006744476040341098,COMPLETE
1802,0.423123049736023,2025-04-03 14:04:49.439034,2025-04-03 14:06:35.052924,0 days 00:01:45.613890,0.8484916424833336,0.27901795153975634,2,0.24306227536413774,0.07724572905264862,0.012352851326904748,0.06961116540936753,0.015197574625944295,0.0065922749875633405,0.04212569342841462,27,75,0.011260574595146584,0.1346399482579113,True,False,False,0.0008077056257153062,COMPLETE
1803,0.45013324022293094,2025-04-03 14:06:35.652560,2025-04-03 14:08:15.714404,0 days 00:01:40.061844,0.8830012056034167,0.2711067986079236,2,0.27293599172782135,0.09074973771139704,0.01552572216017424,0.0678583218940731,0.008440159336985248,0.022499933849687556,0.053877816694319465,26,63,0.018920443878756656,0.14900157724681615,True,False,False,0.00040482467383266835,COMPLETE
1804,0.3750268638134003,2025-04-03 14:08:16.298314,2025-04-03 14:10:02.309448,0 days 00:01:46.011134,0.9216478688583406,0.24045480313850504,2,0.2528866952534324,0.11704635842045329,0.008488834404121015,0.07378612755635282,0.011057618250820897,0.023803916926749852,0.07230154454421182,28,89,0.014072052072038274,0.25166182020066497,False,False,False,0.0005747506869297748,COMPLETE
1805,0.4464190602302551,2025-04-03 14:10:02.912028,2025-04-03 14:11:45.020988,0 days 00:01:42.108960,0.856457613450216,0.10855429387574533,2,0.26214492951577606,0.10257964747177048,0.012796221227213115,0.0714630863545357,0.008739538803806433,0.004319922057781915,0.046359689179713,26,78,0.02015428986031525,0.14397302512478563,True,False,False,0.0009923909767516382,COMPLETE
1806,0.4386400103569031,2025-04-03 14:11:45.603545,2025-04-03 14:13:27.579946,0 days 00:01:41.976401,0.7593557688328898,0.29386175360618283,2,0.24206483009843427,0.09430072099161566,0.009654368979471872,0.06362829871149338,0.013253493240415042,0.02734118955255199,0.09976508461446933,26,69,0.015031867961399614,0.13638077473544336,True,False,False,0.0007734733570538832,COMPLETE
1807,0.4329254508018494,2025-04-03 14:13:28.181295,2025-04-03 14:13:57.941208,0 days 00:00:29.759913,0.7246050145609731,0.261887274953193,16,0.25088525208204693,0.07004384697148602,0.006398698947483727,0.06648217867480063,0.010318447794812289,0.03551248396138332,0.06082423519521413,27,99,0.0464293812428753,0.1630365555674402,True,False,False,0.00045888896360343035,COMPLETE
1808,0.4323272466659546,2025-04-03 14:13:58.553418,2025-04-03 14:14:34.363503,0 days 00:00:35.810085,0.8430479918559319,0.29287278648881665,8,0.25661137223297553,0.11185068826953289,0.011784230757481131,0.06522750558062612,0.007731588778940392,0.006978449503839159,0.039934650442667176,26,50,0.01738802235421538,0.13183654257236674,True,False,False,0.0006078108420743393,COMPLETE
1809,0.43458802700042726,2025-04-03 14:14:34.945565,2025-04-03 14:16:20.829128,0 days 00:01:45.883563,0.8960611493991548,0.24962189582137556,2,0.2661370739535321,0.10146128197901655,0.014678770257189012,0.07689394936015867,0.05134292636810551,0.030762811754641493,0.08652287304629684,27,96,0.012489252162049162,0.17669557518251822,True,False,False,0.00035538627216509473,COMPLETE
1810,0.4484352588653565,2025-04-03 14:16:21.434466,2025-04-03 14:18:00.236677,0 days 00:01:38.802211,0.7746931977653222,0.23009335817468707,2,0.24201328892180313,0.0867771439364992,0.0077568851675545395,0.06922332127116525,0.015301696839301096,0.0011919925403575432,0.023042580924368162,25,85,0.01639604084709099,0.19021689942118453,True,False,False,0.0007911423913701535,COMPLETE
1811,0.43860253095626833,2025-04-03 14:18:00.827742,2025-04-03 14:19:42.605225,0 days 00:01:41.777483,0.8632569633041879,0.2757565017537825,2,0.24823833350826097,0.1153778453301761,0.045622472556189925,0.0620422582870982,0.011940787842633745,0.025119968474522372,0.06463959931757238,26,66,0.020982129038777823,0.15593827598498708,True,False,False,0.0009990188700098642,COMPLETE
1812,0.4471684098243714,2025-04-03 14:19:43.209422,2025-04-03 14:21:23.439465,0 days 00:01:40.230043,0.790593201232749,0.525920591933396,2,0.2553336044638661,0.12628907828025127,0.0028420268060967697,0.06449212800387341,0.008913890085070233,0.03176513473608302,0.04970274035030481,26,59,0.01848982004322218,0.14176686119738155,True,False,False,0.000547416291664042,COMPLETE
1813,0.29983088970184324,2025-04-03 14:21:24.028306,2025-04-03 14:22:48.648427,0 days 00:01:24.620121,0.8340183264838232,0.04241332427010891,2,0.2403774371920016,0.10705614268808741,0.010837713170247294,0.07418169581153802,0.007665761189333145,0.004432555143217766,0.030142494562672244,25,73,0.01394152635746239,0.2918814938661892,True,False,True,0.0004434041206151781,COMPLETE
1814,0.4411341786384583,2025-04-03 14:22:49.263244,2025-04-03 14:24:32.218644,0 days 00:01:42.955400,0.9823783209973654,0.2992440203186828,2,0.26976091143790143,0.09895891876811608,0.006344810916437722,0.07143203468380312,0.010353632802407912,0.028328197837561932,0.07460768599864126,26,81,0.016151644112749892,0.13278191605857054,True,False,False,0.0006723481348900586,COMPLETE
1815,0.41993929147720344,2025-04-03 14:24:32.803950,2025-04-03 14:26:12.563727,0 days 00:01:39.759777,0.948882192135987,0.2540113149482929,2,0.27588734648856583,0.13951043507390845,0.016666105287465025,0.06867966648163765,0.01358426388790009,0.025634348583304076,0.09997891877424629,25,91,0.01934209357773196,0.14939562407045937,True,False,False,0.00035896596304282945,COMPLETE
1816,0.4295940756797791,2025-04-03 14:26:13.179272,2025-04-03 14:27:13.630626,0 days 00:01:00.451354,0.9129839874726221,0.3083992489822266,2,0.26131415581443246,0.09255261801956514,0.008339276275805916,0.060984140364793674,0.015987964186581955,0.023238083603223072,0.03733630675725134,13,77,0.009963953538351172,0.27222025464126615,True,False,False,0.0007845913226230978,COMPLETE
1817,0.423123049736023,2025-04-03 14:27:14.220385,2025-04-03 14:29:02.234697,0 days 00:01:48.014312,0.10420933962229634,0.29009612595423223,2,0.2472446499226778,0.11915810249225046,0.004802472245205747,0.06742036662443425,0.007065734295544,0.030139708121441997,0.057342255218982896,27,141,0.007036705566288602,0.14066871540693257,True,False,False,0.0005260956849197708,COMPLETE
1818,0.43154286146163945,2025-04-03 14:29:02.821788,2025-04-03 14:30:14.450208,0 days 00:01:11.628420,0.8703465774099653,0.23649395038726467,2,0.23904280806424558,0.10684695432430144,0.010585880610915784,0.06419077823412858,0.011599967854157105,0.03332191170767073,0.04670503561927309,16,149,0.012122057540011406,0.14593792520051363,True,False,False,0.0006952475249522912,COMPLETE
1819,0.2804898262023926,2025-04-03 14:30:15.056142,2025-04-03 14:31:43.628415,0 days 00:01:28.572273,0.6937413613729152,0.27014672498528153,2,0.25277666557595835,0.08278970121207957,0.013929982633797036,0.05861591967941253,0.009021214006708076,0.02680959879067321,1.73057920510542e-05,26,86,0.021815932985748288,0.13519705056682235,True,True,False,0.0003476223324431283,COMPLETE
1820,0.4399177670478821,2025-04-03 14:31:44.244727,2025-04-03 14:33:23.689668,0 days 00:01:39.444941,0.48824618650108265,0.30583384530474167,2,0.24312733421443056,0.2419450931313573,0.0031097686910899107,0.07075360718665838,0.007072606553711799,0.021595660392592423,0.07192450836184684,25,95,0.017519183423681875,0.16049180797285023,True,False,False,0.0004781653080797202,COMPLETE
