number,value,datetime_start,datetime_complete,duration,params_alpha-eval,params_alpha-train,params_batch-size,params_eps-eval,params_eps-train,params_lambda-actions-eval,params_lambda-actions-train,params_lambda-frames-eval,params_lambda-frames-train,params_learning-rate,params_n-epochs,params_n-frames,params_radius-gw,params_rho,params_std-feats,params_ub-actions,params_ub-frames,params_weight-decay,state
511,0.44413204193115235,2025-04-02 04:13:37.012549,2025-04-02 04:15:15.893226,0 days 00:01:38.880677,0.7949824342998032,0.3405283241500713,2,0.22459144461963398,0.24119569387528259,0.027873656748475847,0.06598412230344095,0.010435348878816577,0.02939812519158103,0.07145055141166926,25,89,0.01233829991094135,0.1546333080300813,True,False,False,0.0007979501820139787,COMPLETE
512,0.423123049736023,2025-04-02 04:15:16.054845,2025-04-02 04:16:51.466630,0 days 00:01:35.411785,0.732366202365892,0.38707705296794337,2,0.23091873060689283,0.24668699684070355,0.029026344008085264,0.0687481940923656,0.008672939659414847,0.027014380223797707,0.09002731661773956,24,92,0.008160195298213376,0.14425107638003593,True,False,False,0.0006772520705340234,COMPLETE
513,0.44427224397659304,2025-04-02 04:16:51.638952,2025-04-02 04:18:33.727899,0 days 00:01:42.088947,0.8104036492091715,0.3219049805410809,2,0.22726700269099245,0.23562957387497446,0.025837918341836255,0.061970807856749084,0.011848732542660903,0.030562599994557058,0.06264443802832743,26,87,0.014721885893193615,0.15065506479782043,True,False,False,0.0006572792005350407,COMPLETE
514,0.4528007626533509,2025-04-02 04:18:33.888962,2025-04-02 04:20:13.325021,0 days 00:01:39.436059,0.775788369170451,0.3578081563253627,2,0.23662458411123383,0.24198174654918872,0.02412666078182993,0.06505364323132144,0.010010946477009194,0.026806174518360898,0.09610416038112674,25,90,0.012729998580662089,0.13785409644232188,True,False,False,0.0005297052717814545,COMPLETE
515,0.423123049736023,2025-04-02 04:20:13.504201,2025-04-02 04:21:53.432050,0 days 00:01:39.927849,0.7622908852922723,0.37175703620069167,2,0.2401983935811936,0.24125609375130494,0.02372007102164057,0.0647601476826833,0.01319634184016841,0.02859854727141737,0.08986972826528664,25,88,0.009327127361240223,0.14447720576730902,True,False,False,0.0009767405655646112,COMPLETE
516,0.4249767303466797,2025-04-02 04:21:53.595673,2025-04-02 04:23:30.884179,0 days 00:01:37.288506,0.7760433182241666,0.3496941094292505,2,0.23874053853923666,0.25031773620666325,0.024214948099957122,0.06557827057343606,0.010881480586489963,0.0691136859059443,0.07104703917016884,24,90,0.012618321554932196,0.13736690065573312,True,False,False,0.00048657746397833923,COMPLETE
517,0.31226338148117067,2025-04-02 04:23:31.047337,2025-04-02 04:24:51.487230,0 days 00:01:20.439893,0.7847434197313785,0.3742980089650376,2,0.23567993323718156,0.2380303672626607,0.0299717084637693,0.06747236236602583,0.013111429155614205,0.05189409342082965,0.09954698583366654,23,85,0.013459614172572614,0.14720406452494247,True,False,True,0.0007673552302834393,COMPLETE
518,0.4399386644363404,2025-04-02 04:24:51.658954,2025-04-02 04:26:35.357059,0 days 00:01:43.698105,0.7437715065557782,0.35527246199530016,2,0.23296885719587918,0.2565625093038754,0.02760730595704432,0.06391206756906265,0.009232415051702808,0.02544549135186054,0.0781018302633663,26,91,0.011013120738225489,0.1404739886184368,True,False,False,0.0005527272232629364,COMPLETE
519,0.43185673952102666,2025-04-02 04:26:35.520214,2025-04-02 04:28:15.445742,0 days 00:01:39.925528,0.8003725970484292,0.3927245358739224,2,0.22250553451091443,0.24403652335153678,0.030197330869285957,0.06319040987688654,0.0077015918468413425,0.03225436611311397,0.08169987620687279,25,86,0.01534196087173097,0.1349513657149233,True,False,False,0.0004309708629705434,COMPLETE
520,0.423123049736023,2025-04-02 04:28:15.622220,2025-04-02 04:29:59.096286,0 days 00:01:43.474066,0.7592121241417837,0.3362063099210545,2,0.24234486500729469,0.2484318290486902,0.025754607403447788,0.06467185668840691,0.009899449765994243,0.06697032971469283,0.06169253914282974,26,93,0.009973300770466438,0.15358359007550218,True,False,False,0.0009759119869626283,COMPLETE
521,0.44223389625549314,2025-04-02 04:29:59.259069,2025-04-02 04:31:32.284771,0 days 00:01:33.025702,0.7922650090133827,0.3303981721045259,2,0.22578930769528105,0.23637818804380628,0.027867985572121154,0.06555212881008626,0.007433217968662902,0.026930054536142476,0.07887368147258585,23,83,0.015390637458189797,0.139366018334648,True,False,False,0.0006151748565363472,COMPLETE
522,0.4328364491462708,2025-04-02 04:31:32.447760,2025-04-02 04:33:08.922409,0 days 00:01:36.474649,0.8132357346722354,0.31509004754868664,2,0.2289823966822591,0.23246983130126167,0.022911283580572525,0.06256311793479499,0.014245813097006664,0.07322312338159445,0.06636566569526073,24,89,0.013062591720166076,0.1458459101732898,True,False,False,0.0005045442946353887,COMPLETE
523,0.2804898262023926,2025-04-02 04:33:09.097655,2025-04-02 04:34:34.327956,0 days 00:01:25.230301,0.7784303473969305,0.36682374888270086,2,0.2347261973198241,0.2415369267614562,0.029729861992860866,0.06929729311720514,0.01086134526559399,0.030300227175076817,0.07366687760872564,25,93,0.016641373449501076,0.13457450590861647,True,True,False,0.0006765597027302222,COMPLETE
524,0.423123049736023,2025-04-02 04:34:34.494321,2025-04-02 04:36:13.949450,0 days 00:01:39.455129,0.8200755492879693,0.33804737417463493,2,0.22141455115887562,0.2542331261490469,0.03159327348991536,0.06122056640520168,0.007000620098125002,0.024575222224413773,0.08968765937770143,25,84,0.011541464270931678,0.14910585364088602,True,False,False,0.0004395201312711469,COMPLETE
525,0.423123049736023,2025-04-02 04:36:14.125774,2025-04-02 04:37:57.386645,0 days 00:01:43.260871,0.8078099290757693,0.313340029662709,2,0.24374179272410432,0.2471920173055589,0.025502782642486826,0.06114877554168477,0.016410885337405628,0.02877918784169397,0.09975585474464205,26,94,0.006370886108871957,0.1409232623775987,True,False,False,0.0008163435428793932,COMPLETE
526,0.4322727799415588,2025-04-02 04:37:57.551396,2025-04-02 04:39:34.560743,0 days 00:01:37.009347,0.731933661930648,0.36367297892204176,2,0.2195942720245095,0.23781133825773768,0.021404404254264722,0.06840743229104589,0.00855767878159961,0.026911072426331624,0.057140869320383106,24,91,0.01462043132443409,0.13368296577775257,True,False,False,0.0005889345637068352,COMPLETE
527,0.4488211393356324,2025-04-02 04:39:34.725454,2025-04-02 04:41:16.813718,0 days 00:01:42.088264,0.7741647305857944,0.31268698001835527,2,0.23135124972859075,0.23337957351398403,0.028477698998191824,0.06308823674319239,0.006273171742423924,0.032108782334071474,0.0581811439555341,26,89,0.017268804860188766,0.12601633189862121,True,False,False,0.0003760491326156402,COMPLETE
528,0.423123049736023,2025-04-02 04:41:16.990039,2025-04-02 04:42:59.508184,0 days 00:01:42.518145,0.7522326379431318,0.9679439280210802,2,0.23797460220650068,0.23116506412244756,0.030633608989355618,0.06352812823612901,0.009306436094880056,0.03224145006362223,0.09909535173878178,26,84,0.009971215179371207,0.12386247337430646,True,False,False,0.0004074415359400468,COMPLETE
529,0.2804898262023926,2025-04-02 04:42:59.675771,2025-04-02 04:44:41.202438,0 days 00:01:41.526667,0.7624554746532651,0.3499590474647888,2,0.23152248110739845,0.007364427329107526,0.02737700749248764,0.06596252209675563,0.006715392144236639,0.09360616050240653,0.06505973019802222,26,88,0.013385288772645087,0.12889973839701568,True,False,False,0.000515154963349508,COMPLETE
530,0.44462199211120607,2025-04-02 04:44:41.379360,2025-04-02 04:46:24.306389,0 days 00:01:42.927029,0.7846179581740601,0.3207665920045392,2,0.2265433024060848,0.2447381071067661,0.031227380553997472,0.0644720740262706,0.012121998696406839,0.029610119402228803,0.07627835431778208,26,89,0.016104788698852117,0.1305471650522077,True,False,False,0.0007592628788115094,COMPLETE
531,0.42319836616516116,2025-04-02 04:46:24.472407,2025-04-02 04:48:04.213191,0 days 00:01:39.740784,0.7783114948158637,0.33225371884738486,2,0.21744915515937355,0.2549811614465159,0.02868380227607638,0.06207305033569837,0.006447948548398191,0.03012705651584056,0.058679580851616085,25,85,0.008563397912736734,0.1404682674282788,True,False,False,0.00039495836775780847,COMPLETE
532,0.44112136363983157,2025-04-02 04:48:04.396341,2025-04-02 04:49:48.347582,0 days 00:01:43.951241,0.8061090225193394,0.39194348601633827,2,0.24342039318020223,0.23913477997816804,0.025431732051871856,0.06107284696924097,0.010096919846735943,0.028676170021735167,0.07263527276645572,26,91,0.017664257809875794,0.156779348655143,True,False,False,0.000517034660505957,COMPLETE
533,0.440756893157959,2025-04-02 04:49:48.516468,2025-04-02 04:51:28.108028,0 days 00:01:39.591560,0.7392141224039072,0.3083048918377924,2,0.23530130838700913,0.08435583310979464,0.024116275285131987,0.06587566154291974,0.008546005693883453,0.0321084747474976,0.05342998108128918,25,88,0.012156060462021296,0.12558078520469965,True,False,False,0.0005998304587454353,COMPLETE
534,0.44391458034515385,2025-04-02 04:51:28.272447,2025-04-02 04:53:07.398901,0 days 00:01:39.126454,0.8198761041825314,0.3521746090495291,2,0.22399071888101563,0.2285298556176064,0.030725313689027742,0.062337288967318556,0.005378171656747192,0.03239789931566758,0.09994686015697694,25,93,0.017960596626068227,0.13637112058582224,True,False,False,0.0003571804532743148,COMPLETE
535,0.4248021841049195,2025-04-02 04:53:07.578415,2025-04-02 04:54:50.361105,0 days 00:01:42.782690,0.7923592681875827,0.3085146136296577,2,0.21691564810980873,0.2501246083959134,0.028074556370329403,0.06394793006782938,0.007424172268227984,0.03117898239097124,0.06394161621962563,26,86,0.014479335415282001,0.1449704924864072,True,False,False,0.0004471938415816362,COMPLETE
536,0.3882344841957093,2025-04-02 04:54:50.530456,2025-04-02 04:56:34.154421,0 days 00:01:43.623965,0.7598666590182874,0.34105033223336356,2,0.05793319270006535,0.23362548993426252,0.029797831422994882,0.0605675210928479,0.00556323792921985,0.02724214057029966,0.07996223240863791,26,94,0.01614485436186975,0.13113286861729467,True,False,False,0.0007493921675637795,COMPLETE
537,0.30928181409835814,2025-04-02 04:56:34.336603,2025-04-02 04:57:43.916936,0 days 00:01:09.580333,0.8291017103659644,0.327749880773994,2,0.23249650215162457,0.24169387735168177,0.022622947992512958,0.059207235697976826,0.012974535911425524,0.025469434019842065,0.05147499064453909,19,91,0.012006353990025403,0.15124460464265385,True,False,True,0.0005698961797744474,COMPLETE
538,0.434050977230072,2025-04-02 04:57:44.085221,2025-04-02 04:59:23.871829,0 days 00:01:39.786608,0.7973101660328633,0.30245424614575117,2,0.22196846382005775,0.2570002483172496,0.027198881340779857,0.06981548250877213,0.01013944487524631,0.028122880036638924,0.06819502063160253,25,94,0.017584273244451283,0.16193473844967982,True,False,False,0.0003413097355079083,COMPLETE
539,0.426913058757782,2025-04-02 04:59:24.042495,2025-04-02 05:01:03.599142,0 days 00:01:39.556647,0.8178990402972589,0.37698855831328454,2,0.22894274842568998,0.24408196879849223,0.03259162779032048,0.06682831108860375,0.007866682427816329,0.07008102336182766,0.07637909880532588,25,85,0.010376427810082274,0.11902958607501982,True,False,False,5.750893641918349e-07,COMPLETE
540,0.4407441854476929,2025-04-02 05:01:03.780242,2025-04-02 05:01:32.169668,0 days 00:00:28.389426,0.7736649070204737,0.35301624898946327,16,0.23928011740663782,0.2294555986580526,0.01853866204934984,0.012080053344531216,0.004659528249321134,0.030211970915442116,0.05672884986643054,26,89,0.014031135441398807,0.13871123932556154,True,False,False,0.0004678071041894427,COMPLETE
541,0.42667082548141483,2025-04-02 05:01:32.474555,2025-04-02 05:03:12.482178,0 days 00:01:40.007623,0.7945789551592095,0.30789536295112985,2,0.21356416552479265,0.24987286320405305,0.02626096341302694,0.06371584913128375,0.006574711285013772,0.032978214960063174,0.049708283976425044,25,95,0.007832801983525501,0.14468117497667066,True,False,False,5.808073417580872e-06,COMPLETE
542,0.301351147890091,2025-04-02 05:03:12.663401,2025-04-02 05:04:35.768153,0 days 00:01:23.104752,0.8279598125482375,0.8230928738948425,2,0.17315172839553486,0.2371768173280443,0.03129824952690461,0.0602912566128276,0.01100810983633948,0.02580216239572299,2.981708438634927e-05,24,91,0.004522929769368826,0.12270000387599823,True,True,False,0.0007836182986668862,COMPLETE
543,0.4438709974288941,2025-04-02 05:04:35.936933,2025-04-02 05:06:15.865230,0 days 00:01:39.928297,0.7705554273077485,0.32590587333839116,2,0.19797884668846544,0.23155871813268672,0.02956810580014449,0.0166689039759311,0.004843558307641476,0.028073242474976914,0.08492943695973748,25,93,0.018623523532009342,0.13395669721440764,True,False,False,0.0006123396915799299,COMPLETE
544,0.45332530736923216,2025-04-02 05:06:16.050643,2025-04-02 05:07:59.406114,0 days 00:01:43.355471,0.8445259825187059,0.30083468559259263,2,0.22878475323105227,0.22304931980110057,0.024939337256518115,0.05769796386189831,0.007150403823379852,0.03123842672582243,0.062160433682881856,26,121,0.014165397986866328,0.12943343012149333,True,False,False,0.0003748863406298047,COMPLETE
545,0.45818554162979125,2025-04-02 05:07:59.579030,2025-04-02 05:09:43.261109,0 days 00:01:43.682079,0.8472488316030651,0.3000181374941682,2,0.22729227156194562,0.22466502005484265,0.020121800015750507,0.05806133623576437,0.008842200671891523,0.031267513653097254,0.06378404534824142,26,88,0.01366859557638675,0.13059219406951558,True,False,False,0.0009929459109596194,COMPLETE
546,0.4311559796333313,2025-04-02 05:09:43.434813,2025-04-02 05:11:07.071552,0 days 00:01:23.636739,0.8450570029203506,0.3084885906029706,2,0.2266388702558682,0.22394653758570668,0.020876838096257316,0.05864616114915809,0.009180280147615124,0.03231420405713658,0.05615717911374469,20,121,0.012466793554974986,0.1264563452194162,True,False,False,0.0008225282059098883,COMPLETE
547,0.423123049736023,2025-04-02 05:11:07.254336,2025-04-02 05:12:33.405846,0 days 00:01:26.151510,0.8468703504236261,0.295008427804999,2,0.23432938774776654,0.22372717713998455,0.020638767996631183,0.0618556866670209,0.011720057391904319,0.03386756987238661,0.064591198103875,21,87,0.010576545953103584,0.1304049295904553,True,False,False,0.0008578505442846402,COMPLETE
548,0.44171407222747805,2025-04-02 05:12:33.578205,2025-04-02 05:14:17.595035,0 days 00:01:44.016830,0.816938769662012,0.11315515631256678,2,0.22844442157101086,0.2286959167233696,0.017338536937790923,0.05767152465154394,0.013827054710303571,0.031176394780013838,0.04988460802418592,26,85,0.01426747338704826,0.13364225881802813,True,False,False,0.0009503633509155683,COMPLETE
549,0.43020100593566896,2025-04-02 05:14:17.780682,2025-04-02 05:14:55.024451,0 days 00:00:37.243769,0.8590537807832598,0.32914124708626463,2,0.23813323440161718,0.2247501769384656,0.01863890815332531,0.060135099997662964,0.007953850250683507,0.030880333298637395,0.08008924187129492,6,83,0.07246690519384347,0.1383435784745218,True,False,False,0.0009621860195469738,COMPLETE
550,0.4427967667579651,2025-04-02 05:14:55.197782,2025-04-02 05:16:41.602015,0 days 00:01:46.404233,0.8315305734860909,0.30555189497942886,2,0.2210464474773728,0.23656278822447352,0.024223105012708288,0.06281031863410734,0.00978361200714857,0.02996094558589072,0.04568539560004838,27,81,0.012983197517599656,0.12656237674511053,True,False,False,0.0006736476315857417,COMPLETE
551,0.4568807601928711,2025-04-02 05:16:41.790443,2025-04-02 05:18:24.867454,0 days 00:01:43.077011,0.8081001218964452,0.3246396302539631,2,0.23136078487796377,0.12269481611840635,0.022525935023204907,0.057985015602343794,0.008277229322269193,0.03371597015911695,0.061690371491651845,26,89,0.01478887422405846,0.14352025861090395,True,False,False,0.0009908551860824822,COMPLETE
552,0.423123049736023,2025-04-02 05:18:25.039308,2025-04-02 05:20:08.311091,0 days 00:01:43.271783,0.8009741551633751,0.318285494023793,2,0.2450938159902162,0.1400442903251822,0.019928198704004845,0.057194146252131435,0.012731454299766989,0.03426765369835858,0.06744293462299013,26,88,0.011195020892903333,0.15521061268064212,True,False,False,0.0009854280673733565,COMPLETE
553,0.4324491024017334,2025-04-02 05:20:08.497692,2025-04-02 05:21:49.739827,0 days 00:01:41.242135,0.7257589911642207,0.29272063446832874,2,0.23618055354164896,0.11013248846447875,0.02288636671424569,0.060698643683550886,0.0108071074832389,0.03209198984007876,0.08717829371316436,26,82,0.014916875061494432,0.14801752693474293,True,False,False,0.0009347359742579868,COMPLETE
554,0.44296069145202643,2025-04-02 05:21:49.913213,2025-04-02 05:23:31.651850,0 days 00:01:41.738637,0.7854624031269558,0.29707009802410544,2,0.2295035153790316,0.24603149691547774,0.02153556098518384,0.06744945167900103,0.008813892374031023,0.03367442548328686,0.0608072705140863,26,86,0.014762492191512225,0.1434503419995577,True,False,False,0.0007520161626426238,COMPLETE
555,0.4396048426628113,2025-04-02 05:23:31.826549,2025-04-02 05:25:17.919869,0 days 00:01:46.093320,0.814615184346541,0.3249874709508355,2,0.2222993211165776,0.11898550369915716,0.0191333311670248,0.057951611715140454,0.007510134821260329,0.03255066454434444,0.04708943875993245,27,89,0.015645997893640753,0.1496323950570525,True,False,False,0.0006991021031844567,COMPLETE
556,0.423123049736023,2025-04-02 05:25:18.107438,2025-04-02 05:27:01.734766,0 days 00:01:43.627328,0.7499996653490993,0.2839118478618865,2,0.23166326943266777,0.0985072642554741,0.023345315683775847,0.05711664998405665,0.01747786888015149,0.03435434565571185,0.08097120901327737,26,90,0.009093683505758194,0.12108272789480723,True,False,False,0.0004289556875500961,COMPLETE
557,0.3115214824676514,2025-04-02 05:27:01.908629,2025-04-02 05:28:35.056294,0 days 00:01:33.147665,0.8036586335723338,0.08806836626019157,2,0.22654706721278367,0.12803353041807908,0.01583174587775263,0.06494484496404965,0.010208990961940683,0.03070529905026127,0.06815912192609876,27,87,0.012641617803418596,0.14051425476195098,True,False,True,0.0009863230448340214,COMPLETE
558,0.4402266740798951,2025-04-02 05:28:35.242681,2025-04-02 05:30:18.171771,0 days 00:01:42.929090,0.8250219807030291,0.3137627593626562,2,0.23758905602020608,0.2210126841453378,0.022263776599413275,0.07131616143023861,0.006595145666616696,0.029655262616959575,0.09877192084029679,26,91,0.016340360506600853,0.12729106896555026,True,False,False,0.0005053186650233814,COMPLETE
559,0.44043928384780884,2025-04-02 05:30:18.347543,2025-04-02 05:32:01.396303,0 days 00:01:43.048760,0.7764946054921245,0.276728579763449,2,0.2431425069046037,0.24034304534568074,0.024450554128030374,0.060075052611793175,0.008583041340983507,0.03324862417342554,0.04972355680276108,26,96,0.011344078951312106,0.14172260775825762,True,False,False,0.00035809423319136427,COMPLETE
560,0.4163619756698609,2025-04-02 05:32:01.585420,2025-04-02 05:33:47.006577,0 days 00:01:45.421157,0.791259584757026,0.3363716145713089,2,0.21735522904638277,0.2574063243917849,0.020898876243263195,0.06265063112338982,0.014304603054674736,0.028917227813286355,0.0686213743560921,27,93,0.017113499879979528,0.16128429372925357,True,False,False,0.0007108424233689433,COMPLETE
561,0.44024730920791627,2025-04-02 05:33:47.183269,2025-04-02 05:35:32.036645,0 days 00:01:44.853376,0.8448852427000879,0.29824298283755246,2,0.23247074360625186,0.08555250037110329,0.025164156423980295,0.05868314614752641,0.011711434585645865,0.03143511249935165,0.09977770542096465,26,111,0.012427273888136896,0.11718738181966076,True,False,False,0.0005489099772604121,COMPLETE
562,0.4370797634124756,2025-04-02 05:35:32.213724,2025-04-02 05:37:12.726584,0 days 00:01:40.512860,0.8151740081061067,0.32168965290417595,2,0.22410500897150687,0.1220625271696085,0.025924095939442286,0.05645152188153192,0.007013508332730201,0.028084264507564804,0.05765220837147501,25,98,0.013888494794312785,0.1369875852293276,True,False,False,0.0003026582885747421,COMPLETE
563,0.2804898262023926,2025-04-02 05:37:12.916390,2025-04-02 05:38:44.301235,0 days 00:01:31.384845,0.7593464699481471,0.2733228574756329,2,0.22915565895954185,0.25031842584001723,0.02606289284711924,0.06102628381777077,0.008989708751010569,0.0331641224227518,0.04225128861257369,27,84,0.015497285565233247,0.15401490481349858,True,True,False,0.0003984497076991172,COMPLETE
564,0.3667234301567078,2025-04-02 05:38:44.477760,2025-04-02 05:40:25.983442,0 days 00:01:41.505682,0.8556839073123969,0.3370631446606506,2,0.24101041594624173,0.05290281293993494,0.023462740535088213,0.05871083799699038,0.005280451259959178,0.030366299451432186,0.07613766606204533,25,125,0.007864571014864999,0.1311131738370968,True,False,False,0.0007670766634011329,COMPLETE
565,0.4485300183296204,2025-04-02 05:40:26.171077,2025-04-02 05:42:08.823638,0 days 00:01:42.652561,0.8263980484135438,0.3016992567049536,2,0.2208520017662838,0.24179578980529332,0.013808612800521718,0.06439859186635963,0.006507852026465959,0.04732214346438271,0.05456379834466367,26,78,0.017646658994257013,0.1473389910101626,True,False,False,0.0004845397303500185,COMPLETE
566,0.4347659468650818,2025-04-02 05:42:09.000797,2025-04-02 05:43:50.502296,0 days 00:01:41.501499,0.8342378813402669,0.3037633923104446,2,0.2143974262510229,0.23595164517235334,0.0011939916971176988,0.06757478775336938,0.00695541443626551,0.04797444074812836,0.054554423933415135,26,78,0.0180308553672609,0.14676552960387196,True,False,False,0.0005025257493000211,COMPLETE
567,0.44173027276992805,2025-04-02 05:43:50.689954,2025-04-02 05:45:33.636979,0 days 00:01:42.947025,0.8612419583389477,0.28646030754133267,2,0.2212171312505588,0.2417181228306775,0.022548453001033527,0.06420667210319733,0.0043135156152365696,0.05047380601105226,0.04163529627553847,26,88,0.018051037118713618,0.1669022789270483,True,False,False,0.000628715757156717,COMPLETE
