number,value,datetime_start,datetime_complete,duration,params_alpha-eval,params_alpha-train,params_batch-size,params_eps-eval,params_eps-train,params_lambda-actions-eval,params_lambda-actions-train,params_lambda-frames-eval,params_lambda-frames-train,params_learning-rate,params_n-epochs,params_n-frames,params_radius-gw,params_rho,params_std-feats,params_ub-actions,params_ub-frames,params_weight-decay,state
566,0.43830441236495976,2025-04-22 20:06:48.863597,2025-04-22 20:07:50.196999,0 days 00:01:01.333402,0.6991446214161057,0.2955671225508248,2,0.25425765536972517,0.06543345211926115,0.034053576214374714,0.07126074128957245,0.008898880591445703,0.059952353608209684,0.04026752582927761,14,28,0.0757291103511278,0.2622787354164439,False,False,False,5.636525385146242e-07,COMPLETE
567,0.4308398842811585,2025-04-22 20:07:50.388574,2025-04-22 20:08:44.147248,0 days 00:00:53.758674,0.7029564249800189,0.40200451246660807,2,0.24035714236136194,0.07291193923543067,0.03158190217216784,0.07329328247060306,0.016280197370417193,0.05799206193182239,0.049595471554701044,11,121,0.07884090516850419,0.27447446430066014,False,False,False,4.2593942764375393e-07,COMPLETE
568,0.4661818385124207,2025-04-22 20:08:44.320905,2025-04-22 20:09:44.217078,0 days 00:00:59.896173,0.7485313414892822,0.2694423310587347,2,0.265948797825678,0.06241526710391715,0.03590628620000342,0.06307599602203862,0.011431352891605368,0.055544089817015176,0.029183272616363998,13,126,0.07453139769890052,0.22661258970775147,False,False,False,5.101414239771944e-07,COMPLETE
569,0.42408461570739747,2025-04-22 20:09:44.404820,2025-04-22 20:10:06.050664,0 days 00:00:21.645844,0.7662375305853917,0.2717225650106711,16,0.19801951962905737,0.06364444791481304,0.03730004346103472,0.06316043544014123,0.010007492192037951,0.051016122041192116,0.02103908500797227,15,133,0.0750110831234285,0.22724429543234448,False,False,False,3.0069599252720596e-07,COMPLETE
570,0.3163750469684601,2025-04-22 20:10:06.225715,2025-04-22 20:10:58.432206,0 days 00:00:52.206491,0.7514711691976554,0.25924503482729616,2,0.2639656744273696,0.06719858703530106,0.090599035069383,0.06457261610904523,0.012090402543465741,0.052888173377021605,0.025596131168278434,13,126,0.07373426381575159,0.23424886125728292,False,False,True,2.566854496972222e-07,COMPLETE
571,0.4488909363746643,2025-04-22 20:10:58.606540,2025-04-22 20:12:02.210736,0 days 00:01:03.604196,0.7432321029620581,0.27061251877903236,2,0.25747038623978685,0.05960175203829527,0.04180620247368831,0.06729893161647812,0.014425156119580812,0.0556948671549582,0.02751107516011021,14,131,0.07392880254259195,0.2270693924994459,False,False,False,4.728761150670426e-07,COMPLETE
572,0.43923363685607913,2025-04-22 20:12:02.397334,2025-04-22 20:13:12.303476,0 days 00:01:09.906142,0.7572109337178778,0.22310330849074145,2,0.2591563480569975,0.059973983648753434,0.03990472147463199,0.06878013578995032,0.01640606087197844,0.05321145191931379,0.021600156146488164,16,129,0.0772873920119838,0.22577185354865742,False,False,False,4.474106950252025e-07,COMPLETE
573,0.42116550207138065,2025-04-22 20:13:12.483262,2025-04-22 20:14:16.101180,0 days 00:01:03.617918,0.7238449098276146,0.23711783566266126,2,0.26563137559391004,0.05640380880542659,0.04221361121628732,0.06715293006781883,0.013897365630453903,0.0553541208415923,0.01771802846507089,14,133,0.07396503326328124,0.23079842189890695,False,False,False,4.520948301344357e-07,COMPLETE
574,0.42830804586410526,2025-04-22 20:14:16.289143,2025-04-22 20:14:36.270944,0 days 00:00:19.981801,0.7618904005511548,0.24229630124582985,16,0.2562370206850601,0.06286795638776774,0.0413196738927399,0.06628531626868807,0.09908774565186841,0.05479869108654407,0.028038746795121597,12,129,0.07218793481318068,0.22650662352932754,False,False,False,3.4792374982212325e-07,COMPLETE
575,0.39789795875549316,2025-04-22 20:14:36.449113,2025-04-22 20:15:36.841593,0 days 00:01:00.392480,0.6773500156513637,0.2702157625610748,2,0.09679411708790962,0.05959382167435482,0.03963187629059836,0.06453422175495084,0.017486869583886643,0.056520351332621295,0.023429885775848057,13,127,0.07966936657341396,0.23580447222472034,False,False,False,2.1651668957314314e-07,COMPLETE
576,0.3239339590072632,2025-04-22 20:15:37.029606,2025-04-22 20:16:29.235990,0 days 00:00:52.206384,0.7173242990733724,0.2622034699151938,2,0.27029879003584995,0.060154215539785325,0.03698713596754268,0.06300702854680752,0.009515606402629787,0.05103624294592559,0.03332723176714687,13,132,0.08715346105992455,0.22208269320392662,False,True,False,3.583959179851043e-07,COMPLETE
577,0.4349385142326355,2025-04-22 20:16:29.413559,2025-04-22 20:16:52.625740,0 days 00:00:23.212181,0.7950398049081491,0.2858039623333808,16,0.24731246590345018,0.13786150542343492,0.036387116658549136,0.06798755629392338,0.014655037201241835,0.05439152813517854,0.01674013060018971,18,130,0.07610533549944205,0.2302493810292403,False,False,False,5.502778100163856e-07,COMPLETE
578,0.44077092409133917,2025-04-22 20:16:52.815196,2025-04-22 20:17:56.319271,0 days 00:01:03.504075,0.7234561370901343,0.215238485131701,2,0.03733353487127444,0.07150521892125865,0.039366953909734076,0.06566689895407346,0.01936660221191059,0.04883385945055075,0.029993802345428682,14,125,0.07369850001946589,0.2193866073294312,False,False,False,3.1578380418041454e-07,COMPLETE
579,0.43735038042068486,2025-04-22 20:17:56.496788,2025-04-22 20:19:02.958515,0 days 00:01:06.461727,0.780257032868596,0.18044799644279597,2,0.26163698528749496,0.05809784526426613,0.044951307905441974,0.06214555242600223,0.01184524475245136,0.05568133548687122,0.025771166700014805,15,131,0.07123683944344972,0.23649925041797704,False,False,False,2.190154640670221e-06,COMPLETE
580,0.43612073659896855,2025-04-22 20:19:03.150741,2025-04-22 20:20:00.397744,0 days 00:00:57.247003,0.7085145412301336,0.2930494091711973,2,0.2661787873764556,0.08726268155118584,0.03469277941283014,0.07004882640483709,0.011387194339178614,0.056192171976585756,0.030224742582628413,12,124,0.07554081225067916,0.22354046112899037,False,False,False,4.851189977507821e-07,COMPLETE
581,0.42817703485488895,2025-04-22 20:20:00.577178,2025-04-22 20:20:26.292628,0 days 00:00:25.715450,0.8254205365680353,0.24278263815666845,16,0.2573271503333887,0.058215425498393016,0.04307956427663839,0.06735411646731694,0.006953266396849553,0.053450202415591314,0.024779571633834128,13,127,0.080528198207376,0.23019140666992663,True,False,False,2.5411458756890233e-07,COMPLETE
582,0.42188152074813845,2025-04-22 20:20:26.485344,2025-04-22 20:21:29.937002,0 days 00:01:03.451658,0.7019556045119708,0.2680681509499921,2,0.25090266339302925,0.06648352414648181,0.03825828480048243,0.06498050502258844,0.012912166905918294,0.07106995120472775,0.020618577592545144,14,133,0.0789501511032205,0.2403499313174825,False,False,False,4.074796825405446e-07,COMPLETE
583,0.42682594060897827,2025-04-22 20:21:30.116707,2025-04-22 20:22:37.056674,0 days 00:01:06.939967,0.8100536369371967,0.4834881877797364,2,0.20588406938840087,0.05471515742546098,0.035245191215217644,0.07129361524107761,0.014431765084488058,0.0570466124166938,0.03536709552158971,15,124,0.08248650104841429,0.1818679153514939,False,False,False,4.955168103038003e-07,COMPLETE
584,0.4428344964981079,2025-04-22 20:22:37.234232,2025-04-22 20:22:57.033777,0 days 00:00:19.799545,0.6621526896734921,0.25960091660600015,16,0.23713226682156754,0.0748315864935981,0.03666284714430388,0.06902680887731528,0.008841368138393119,0.06876507634328756,0.0290957730873682,12,122,0.07087548015730236,0.21593585337768545,False,False,False,1.923967439699751e-07,COMPLETE
585,0.4579472422599793,2025-04-22 20:22:57.224872,2025-04-22 20:23:58.003449,0 days 00:01:00.778577,0.7340216000619417,0.2840607482156114,2,0.26004044899208506,0.06215127224670159,0.09732264833955008,0.061465027261574955,0.005243596291237412,0.05340217899779387,0.03481504002965111,13,127,0.07769923950514109,0.2236364955087663,False,False,False,6.24840157140819e-07,COMPLETE
586,0.4558220267295837,2025-04-22 20:23:58.184549,2025-04-22 20:25:02.618158,0 days 00:01:04.433609,0.7466653838250507,0.28131549126101035,2,0.26645008978985446,0.07172482586374063,0.03282138856832236,0.06164037729102017,0.010624785623150057,0.0535209156179607,0.01460575470265218,14,129,0.07905493273026483,0.22678994437482072,False,False,False,2.520961550800698e-06,COMPLETE
587,0.45333662033081057,2025-04-22 20:25:02.809139,2025-04-22 20:26:05.986336,0 days 00:01:03.177197,0.7567374800505365,0.2764335271201167,2,0.2716127596949691,0.07061284202153667,0.03251895923811865,0.06101636716152318,0.007309870096894298,0.04781621139582014,0.014400135933988019,14,135,0.08129549773732585,0.2238118912819536,False,False,False,2.981476319537873e-06,COMPLETE
588,0.460331666469574,2025-04-22 20:26:06.167347,2025-04-22 20:27:12.684223,0 days 00:01:06.516876,0.7416976148136165,0.2413045027900367,2,0.27044906544816394,0.08030063014029515,0.03261886082591363,0.061350221980734615,0.007477374899404858,0.04514850909280052,0.012653484660637211,15,129,0.08438858611296728,0.22796632981274007,False,False,False,2.732751223889949e-06,COMPLETE
589,0.4770862698554993,2025-04-22 20:27:12.876120,2025-04-22 20:28:23.175755,0 days 00:01:10.299635,0.7431979050444096,0.23961516332755897,2,0.2730531341455713,0.07529062656221101,0.09783839660819293,0.06145338404521994,0.007978512555786198,0.04833284740156863,0.0179278771271671,16,135,0.08167288023184435,0.23103938143094296,False,False,False,2.7106466963928843e-06,COMPLETE
590,0.4799078464508057,2025-04-22 20:28:23.358586,2025-04-22 20:28:44.967003,0 days 00:00:21.608417,0.7375376889120249,0.23755982614069293,16,0.2712697793559832,0.08087291433111493,0.09951668420949811,0.06208122136104589,0.006208743303129125,0.04630491311241244,0.016390048339421086,15,136,0.08206012702387445,0.23365422378149542,False,False,False,2.6909876522522115e-06,COMPLETE
591,0.43511136770248415,2025-04-22 20:28:45.158563,2025-04-22 20:29:55.692693,0 days 00:01:10.534130,0.742152837590111,0.21853516065903172,2,0.27345541757177083,0.09023209679814444,0.09846466933874355,0.0609516570169787,0.00585144024833842,0.04860208578325564,0.011835101098746734,16,136,0.08588453818901261,0.2304942012518055,False,False,False,2.925827408807019e-06,COMPLETE
592,0.29203718304634096,2025-04-22 20:29:55.874555,2025-04-22 20:30:59.296294,0 days 00:01:03.421739,0.7776197488268484,0.2181625212976479,2,0.273125470905196,0.08385254479390117,0.09757946945487936,0.06106199929710874,0.005758058757299832,0.04357391422725176,0.013437530814249306,17,137,0.08370323182963714,0.2379530366779768,False,False,True,3.2308597370952156e-06,COMPLETE
593,0.4372997164726258,2025-04-22 20:30:59.489918,2025-04-22 20:32:09.805285,0 days 00:01:10.315367,0.7404132279811978,0.18246663746700648,2,0.27177796977632684,0.08102859720320596,0.09714108949858982,0.061515967395805685,0.007553763374482016,0.04592989070675321,0.009301360759611953,16,139,0.084366592701265,0.22915637413618684,False,False,False,2.3966695313999825e-06,COMPLETE
594,0.43212561607360844,2025-04-22 20:32:09.988779,2025-04-22 20:32:32.241301,0 days 00:00:22.252522,0.7534707590203589,0.23637857234289106,16,0.27429149599285646,0.07983119287771064,0.0990699513888262,0.06246502475665421,0.007236605042672631,0.04488516971162458,0.016793732366592314,16,135,0.07890643256654963,0.23363700611751673,False,False,False,2.8155499635682745e-06,COMPLETE
595,0.43374840021133426,2025-04-22 20:32:32.437829,2025-04-22 20:33:42.874034,0 days 00:01:10.436205,0.7436485766385845,0.20252927896429723,2,0.28014949094744956,0.08305530524434775,0.09967899010541408,0.0640019189333292,0.004809299472674259,0.04544673296314545,0.016868111829160724,16,142,0.08545557461427507,0.22709292256573668,False,False,False,2.8398364608713564e-06,COMPLETE
596,0.43526505231857304,2025-04-22 20:33:43.056604,2025-04-22 20:34:53.123949,0 days 00:01:10.067345,0.7310153685334773,0.20545135023095315,2,0.26904875769117625,0.09410530758402696,0.09575441804002609,0.06330448857825702,0.011487132063102012,0.04759968965933154,0.01512438847921304,16,134,0.08206898136669648,0.23927155628387142,False,False,False,3.7373757474474005e-06,COMPLETE
597,0.4915925860404968,2025-04-22 20:34:53.320030,2025-04-22 20:35:10.770067,0 days 00:00:17.450037,0.772185639404375,0.25250637865891123,16,0.2780762376628402,0.07738897203678043,0.09385769138912861,0.05970444688857578,0.007462313734770294,0.042419034756666946,0.014221736153573958,7,140,0.08229520852705849,0.23281217983375016,False,False,False,2.55711308492237e-06,COMPLETE
598,0.4173757910728455,2025-04-22 20:35:10.951499,2025-04-22 20:35:27.755588,0 days 00:00:16.804089,0.7656815217047701,0.23629272191270068,16,0.2766980835687916,0.07697285857953126,0.09690652249109506,0.0603070754519232,0.008090645261943226,0.04487295615644987,0.012000049616078411,6,135,0.08987869713008698,0.23744851023654062,False,False,False,4.62061583702221e-06,COMPLETE
599,0.32208503484725953,2025-04-22 20:35:27.941785,2025-04-22 20:35:48.025358,0 days 00:00:20.083573,0.7868784753242395,0.24415634335692124,16,0.269275943502446,0.08770790601588449,0.09458718285604646,0.06011096759617095,0.004442732073446681,0.04314951288179251,0.01444755954049684,16,141,0.08370532348010924,0.2328248066269487,False,True,False,2.443634382144604e-06,COMPLETE
600,0.47710957527160647,2025-04-22 20:35:48.220606,2025-04-22 20:36:05.204114,0 days 00:00:16.983508,0.760472721264838,0.19671799977155568,16,0.2766143465611629,0.07584385218722946,0.09408864118918328,0.05980727456043789,0.009850072279262425,0.046811044176699755,0.013180156171929885,6,142,0.08164705529074817,0.23894472513915443,False,False,False,3.262855793035577e-06,COMPLETE
601,0.4544105172157288,2025-04-22 20:36:05.388917,2025-04-22 20:36:21.795148,0 days 00:00:16.406231,0.7637884061362802,0.23067185155740788,16,0.2752616600370653,0.08332804677117145,0.09878504574704017,0.0598555483479185,0.009116185522392947,0.048813547588404574,0.013680533692862266,5,140,0.08675772872670096,0.2426459482625088,False,False,False,3.3452421873769652e-06,COMPLETE
602,0.43643851280212403,2025-04-22 20:36:21.990251,2025-04-22 20:36:50.292676,0 days 00:00:28.302425,0.7744582034718576,0.19282257645468548,16,0.27894976770946434,0.0984487908971637,0.09324661565080894,0.06043746361852569,0.010001352890745916,0.04217939003411883,0.012864078797186547,15,139,0.08784803779349025,0.24191969446404404,True,False,False,3.599490880475828e-06,COMPLETE
603,0.43126969337463383,2025-04-22 20:36:50.479109,2025-04-22 20:37:07.201813,0 days 00:00:16.722704,0.7512973271964355,0.2012702446622793,16,0.27823524819948386,0.08763514305738088,0.09694690916595418,0.05866164903649295,0.010689966132454851,0.04690277230526381,0.015013348859610679,6,143,0.08732591651685868,0.24202763245161632,False,False,False,5.447926079837396e-06,COMPLETE
604,0.4243956565856934,2025-04-22 20:37:07.400544,2025-04-22 20:37:23.869394,0 days 00:00:16.468850,0.7966413143395369,0.2110274124605797,16,0.2741765315576713,0.09274645913245708,0.09544630950646868,0.06340208961141096,0.008311639921433113,0.04807045495576774,0.01037710790204409,5,139,0.08328486867686674,0.24276694951531635,False,False,False,3.3935960067660067e-06,COMPLETE
605,0.4631080985069275,2025-04-22 20:37:24.054708,2025-04-22 20:37:41.154823,0 days 00:00:17.100115,0.7280635918663619,0.2352903361017613,16,0.27031783456481456,0.08335913954758896,0.09854305604597408,0.059599935930979626,0.007193288040283559,0.04775687478938965,0.015277249316724022,6,144,0.08632587039753833,0.2462757663511934,False,False,False,4.256069336740396e-06,COMPLETE
606,0.43370455503463745,2025-04-22 20:37:41.352050,2025-04-22 20:37:58.899244,0 days 00:00:17.547194,0.7203998994112676,0.1711976656338669,16,0.2719892372663279,0.08135779012844188,0.09411127715480973,0.05875299588530299,0.006752458151880122,0.04657487434522267,0.008356457987630092,7,144,0.09116773235397659,0.2450143812115923,False,False,False,5.851637801994688e-06,COMPLETE
607,0.43081527948379517,2025-04-22 20:37:59.085754,2025-04-22 20:38:16.310731,0 days 00:00:17.224977,0.7347562026197507,0.22451551385053584,16,0.2807734693750292,0.08513264859755941,0.09946110328983257,0.061444878885851005,0.008938585056483005,0.04919747896309927,0.01480798667963708,6,141,0.08607894704374204,0.2483006479589262,False,False,False,4.316348430119002e-06,COMPLETE
608,0.42726234197616575,2025-04-22 20:38:16.507967,2025-04-22 20:38:33.578119,0 days 00:00:17.070152,0.7667184949610685,0.16539886058729475,16,0.2748054812739251,0.07790110518685818,0.0982561015692822,0.059298413058996545,0.010773283746957685,0.04651329023131347,0.010680140329060167,6,146,0.08145644649290404,0.24623919796126498,False,False,False,3.87821177640354e-06,COMPLETE
609,0.42582266330718993,2025-04-22 20:38:33.764916,2025-04-22 20:38:50.174825,0 days 00:00:16.409909,0.7544913539304269,0.23188566967222282,16,0.2692744879233356,0.09182855620277691,0.0998876327216056,0.06342388958403379,0.006905459281983595,0.04972948134018819,0.01806933385200982,5,141,0.08555918259371859,0.24061712410921415,False,False,False,4.73869782553325e-06,COMPLETE
610,0.42389901876449587,2025-04-22 20:38:50.372750,2025-04-22 20:39:07.852106,0 days 00:00:17.479356,0.7317191431445225,0.19001870462779755,16,0.2818316651058774,0.07663380544416917,0.09691736839563639,0.061950466086713424,0.008629580450257052,0.04358612896803652,0.012755065225343585,7,147,0.08869187601009586,0.24754129780936218,False,False,False,2.7580565067663004e-06,COMPLETE
611,0.48614617586135866,2025-04-22 20:39:08.039232,2025-04-22 20:39:24.907786,0 days 00:00:16.868554,0.7876733119810663,0.24819904728612055,16,0.2753774345967955,0.08313977575344947,0.09340371308657695,0.059499528467850046,0.0123483382315587,0.047837772762177364,0.017380398204456655,6,144,0.08212342751759209,0.23688797268934053,False,False,False,3.3901088748100394e-06,COMPLETE
612,0.42692891359329227,2025-04-22 20:39:25.111071,2025-04-22 20:39:42.083762,0 days 00:00:16.972691,0.8220968895674041,0.24024665129295608,16,0.2779039456932115,0.08462624309527234,0.09382023270957711,0.059254518792424736,0.010815062315583754,0.04743419271562438,0.014932437615327046,6,144,0.08446143464564976,0.23970521400963055,False,False,False,3.157484218059475e-06,COMPLETE
613,0.3018000841140747,2025-04-22 20:39:42.270398,2025-04-22 20:39:57.669755,0 days 00:00:15.399357,0.7899815777888552,0.22129795527495286,16,0.2724018529614309,0.08854015778961918,0.09201140462395971,0.05826708400068453,0.006090163643904118,0.04472257647650848,0.018648202397866673,6,143,0.08162453897970381,0.2487840583403949,False,False,True,4.190811264605412e-06,COMPLETE
614,0.4386118292808533,2025-04-22 20:39:57.871824,2025-04-22 20:40:14.261541,0 days 00:00:16.389717,0.7769908521817842,0.2506135980012946,16,0.28214909015157513,0.08213869130485338,0.09582892277841053,0.06003434360566011,0.012484353867729185,0.04154454921626681,0.013739089052944273,5,139,0.0881601329310185,0.23690987263047006,False,False,False,2.8487195423692554e-06,COMPLETE
615,0.43339000940322875,2025-04-22 20:40:14.449854,2025-04-22 20:40:32.070088,0 days 00:00:17.620234,0.8054482457730869,0.20188880549477195,16,0.2762616452437469,0.09850778263582569,0.09767158163006102,0.06041272195941008,0.009294583636391678,0.047245827456735744,0.010085574829019834,7,146,0.08100779070022843,0.24456944164420533,False,False,False,3.319971011517887e-06,COMPLETE
616,0.42399933338165285,2025-04-22 20:40:32.270855,2025-04-22 20:40:48.616758,0 days 00:00:16.345903,0.7567767649503642,0.14975315705955577,16,0.26924179293308037,0.07552057842466045,0.09535480288223959,0.057429200065527555,0.007639129708652318,0.04899209955633189,0.018048941650949783,5,142,0.0825574276010339,0.23804689164365886,False,False,False,7.896921876550781e-06,COMPLETE
617,0.41890710592269903,2025-04-22 20:40:48.807250,2025-04-22 20:41:05.763793,0 days 00:00:16.956543,0.7118645015468402,0.2348164204530449,16,0.26748228316363276,0.08049514173973042,0.09224721311314753,0.062259144303051385,0.01044078006423197,0.04992354085852423,0.013704796716795207,6,148,0.08536297312203933,0.23286732244171499,False,False,False,2.3845145114896215e-06,COMPLETE
618,0.4237231254577637,2025-04-22 20:41:05.964879,2025-04-22 20:41:22.810552,0 days 00:00:16.845673,0.841787044457145,0.25267725135718117,16,0.28337679143158784,0.09134821484507427,0.09805933540180899,0.05909742610611144,0.00528958604120383,0.045964181229487776,0.0075838885340574255,6,150,0.08345298723760881,0.24217980328402774,False,False,False,5.660562323084877e-06,COMPLETE
619,0.43423995971679685,2025-04-22 20:41:23.000507,2025-04-22 20:41:39.425479,0 days 00:00:16.424972,0.7808329671400528,0.21480417855452036,16,0.2772505094106799,0.0740314887922909,0.09396609631872274,0.061377313579775335,0.007759505117485501,0.04765847418836632,0.01950588565241635,5,141,0.080785362187945,0.25028370600554356,False,False,False,4.363268335648669e-06,COMPLETE
620,0.4156468272209168,2025-04-22 20:41:39.628719,2025-04-22 20:41:55.973928,0 days 00:00:16.345209,0.7347507043835945,0.25130979836692197,16,0.26924197700727565,0.08447288540877235,0.0994053972012337,0.05749106235204808,0.012347542619869561,0.05055974080110128,0.011412177368535496,5,138,0.08747028994527989,0.2346686541882138,False,False,False,2.504150483802516e-06,COMPLETE
621,0.32533958554267883,2025-04-22 20:41:56.163797,2025-04-22 20:42:11.488235,0 days 00:00:15.324438,0.7652376101085172,0.20810215384256053,16,0.2741646118657774,0.0745307313885146,0.09560609638921934,0.06341940137138896,0.009638772945280727,0.048995007844795616,0.01480874928767226,6,145,0.09277898923081017,0.2505221832346353,False,True,False,3.325869906418211e-06,COMPLETE
622,0.4355044722557068,2025-04-22 20:42:11.692191,2025-04-22 20:42:32.742688,0 days 00:00:21.050497,0.7142683612241032,0.22574565725039167,16,0.265808256350582,0.10315871932696921,0.0929896516430526,0.06055255711904826,0.007843012749072543,0.0447906825782619,0.01729240493376237,7,138,0.08409997968023646,0.2404810200089976,True,False,False,2.127013064591323e-06,COMPLETE
