number,value,datetime_start,datetime_complete,duration,params_alpha-eval,params_alpha-train,params_batch-size,params_eps-eval,params_eps-train,params_lambda-actions-eval,params_lambda-actions-train,params_lambda-frames-eval,params_lambda-frames-train,params_learning-rate,params_n-epochs,params_n-frames,params_radius-gw,params_rho,params_std-feats,params_ub-actions,params_ub-frames,params_weight-decay,state
1650,0.44026458263397217,2025-04-03 10:12:30.074770,2025-04-03 10:14:12.164757,0 days 00:01:42.089987,0.8911459675734954,0.3123119371846287,2,0.2544617870348634,0.23532213097456722,0.013774424842172185,0.04854968470130358,0.011310917520206727,0.024995310162335287,0.06208421455818486,26,69,0.02139279164284835,0.12339461946618455,True,False,False,0.00025329609351678825,COMPLETE
1651,0.4246649980545044,2025-04-03 10:14:12.725059,2025-04-03 10:15:44.922778,0 days 00:01:32.197719,0.7444455145110984,0.2990653839920724,2,0.26188047405838394,0.0902087272042045,0.005737968521893452,0.06558118858184347,0.005689674600912431,0.05320889133732616,0.02813009003840195,23,74,0.01077097978512041,0.13253410984490577,True,False,False,0.0005964664914660749,COMPLETE
1652,0.4259246587753296,2025-04-03 10:15:45.462564,2025-04-03 10:17:24.532334,0 days 00:01:39.069770,0.8281743052629401,0.2177149198142841,2,0.24410253370032603,0.24771563301330488,0.010805075513974943,0.038895374787552346,0.008023477904586941,0.028521411226737594,0.07667003698742762,25,91,0.013061920581638176,0.14136163367688426,True,False,False,6.190614315493912e-08,COMPLETE
1653,0.4405883431434631,2025-04-03 10:17:25.068738,2025-04-03 10:19:07.241150,0 days 00:01:42.172412,0.8656326147712651,0.26326978931421885,2,0.22658916261325585,0.09828032719271869,0.027898263508326884,0.057604234874977775,0.015664525562424755,0.030345438805066002,0.05347147261832855,26,65,0.016800907087606495,0.150421253879132,True,False,False,0.0009987952243723532,COMPLETE
1654,0.2901874601840973,2025-04-03 10:19:07.797617,2025-04-03 10:19:45.493575,0 days 00:00:37.695958,0.7765267343938315,0.3251277903129919,8,0.00044686134361340835,0.10806896785582115,0.018103268061990446,0.0771742360785753,0.012784378394641267,0.023558180780346816,0.0005032230812692723,27,83,0.014946288818690059,0.1266145146998805,True,False,False,0.00040845410037532273,COMPLETE
1655,0.44465260505676274,2025-04-03 10:19:46.033243,2025-04-03 10:21:24.529708,0 days 00:01:38.496465,0.8020551495560937,0.28633263369674855,2,0.21724053222284787,0.08384255597680128,0.02332823007220975,0.07383274663624675,0.010000039718467088,0.08729896323287738,0.03814556503293025,25,75,0.01948484879645615,0.1583587046918674,True,False,False,0.0006861112245792905,COMPLETE
1656,0.4452575206756592,2025-04-03 10:21:25.085587,2025-04-03 10:23:07.829420,0 days 00:01:42.743833,0.8801280744908246,0.24090379393264572,2,0.2322433756684206,0.10337722542071225,0.007442101387935386,0.06006444311409713,0.006148759868454227,0.09460287164452923,0.023296887172856915,26,110,0.02270407196840654,0.24599759348136982,True,False,False,0.0004887277950747628,COMPLETE
1657,0.3803501904010773,2025-04-03 10:23:08.365698,2025-04-03 10:23:32.945284,0 days 00:00:24.579586,0.8411042701669429,0.34999177594556463,16,0.2409097670828997,0.20972906205368502,0.004101334202018702,0.055423477270169164,0.01779844055405576,0.046847844051331335,0.044069528960679824,25,86,0.016739571623022673,0.1347105748717796,False,False,False,0.000789025129178229,COMPLETE
1658,0.42270162105560305,2025-04-03 10:23:33.481139,2025-04-03 10:25:06.666494,0 days 00:01:33.185355,0.8155538369483476,0.1981632990478823,2,0.25131741711540995,0.09290355619093606,0.012805140948664138,0.07045735443124576,0.003796378806317114,0.022851789615238528,0.06260800929317982,24,55,0.018419650013204544,0.11808543292653761,True,False,False,0.00018857554709654113,COMPLETE
1659,0.4408615231513977,2025-04-03 10:25:07.221138,2025-04-03 10:26:51.924618,0 days 00:01:44.703480,0.9065417008252981,0.31478735205854863,2,0.2353969508349783,0.2166878757619315,0.008850961345755068,0.061724056614377576,0.008700813498436714,0.08384151322238895,0.05246627521790701,27,72,0.014050660555495375,0.14350224236398512,True,False,False,0.00013290871369439785,COMPLETE
1660,0.4465011358261109,2025-04-03 10:26:52.466006,2025-04-03 10:28:29.058902,0 days 00:01:36.592896,0.86010912648682,0.28717900468724566,2,0.2662413325783836,0.16213297455430523,0.010574502755341296,0.06761828246817134,0.01192625366101148,0.06235081962506189,0.03233466142094833,25,61,0.02061384304283599,0.13089178587283304,True,False,False,0.0003200773527673624,COMPLETE
1661,0.42377743721008304,2025-04-03 10:28:29.616624,2025-04-03 10:30:11.943051,0 days 00:01:42.326427,0.7589114554984879,0.27162234730189055,2,0.09487478562727793,0.22869242374066226,0.003021717931652748,0.06338352139384328,0.007546825256252811,0.03382302346876295,0.07256184190574706,26,67,0.009550095846152115,0.13779811579550566,True,False,False,0.0005536840206463074,COMPLETE
1662,0.308956789970398,2025-04-03 10:30:12.477841,2025-04-03 10:31:35.713063,0 days 00:01:23.235222,0.7880286959150993,0.22864907763406736,2,0.2591266941460474,0.06788164682127754,0.026526407459502285,0.04647673025713908,0.0052398951002931085,0.02780479586214812,0.04357204822533179,24,94,0.0239503023728299,0.11199517521687478,True,False,True,0.0008065674070869948,COMPLETE
1663,0.4311060070991516,2025-04-03 10:31:36.252801,2025-04-03 10:33:19.209144,0 days 00:01:42.956343,0.9537420999930813,0.3336685594366038,2,0.24535833003049895,0.11315257041425086,0.0010021063716662288,0.08257199485276406,0.013747317307316188,0.026333751451051678,0.08453733658266659,26,90,0.01253610014242894,0.15005298760717486,True,False,False,0.0006523457565184219,COMPLETE
1664,0.4485072255134583,2025-04-03 10:33:19.762586,2025-04-03 10:34:58.839001,0 days 00:01:39.076415,0.8092688711761187,0.25818644981707795,2,0.22216561616287073,0.09942989176005071,0.005948480795059828,0.06554883670274307,0.010469056244736055,0.008005642625263598,0.06028916935038229,25,76,0.015912231042944546,0.13634069356230213,True,False,False,0.0003910394621264951,COMPLETE
1665,0.45070891380310063,2025-04-03 10:34:59.384573,2025-04-03 10:36:37.976588,0 days 00:01:38.592015,0.8392162735701567,0.29872896086655265,2,0.2538256571318294,0.10913828861957614,0.021929573602659794,0.05928559860423182,0.0029685693958017723,0.0012660736572502112,0.04957629607303918,25,81,0.01761320473173951,0.12472106905636285,True,False,False,0.00048745538736859144,COMPLETE
1666,0.44176112413406377,2025-04-03 10:36:38.535282,2025-04-03 10:38:23.612004,0 days 00:01:45.076722,0.7270569202307169,0.36268680727864605,2,0.22961965286179412,0.08715680159632898,0.007881405693116711,0.06815418248823658,0.008530177345114482,0.03129498351778977,0.03794378550992685,27,70,0.020117243267368006,0.14456605865785646,True,False,False,0.0003074885904521099,COMPLETE
1667,0.43437383174896244,2025-04-03 10:38:24.151519,2025-04-03 10:40:06.816677,0 days 00:01:42.665158,0.9292013208555335,0.17156166417764274,2,0.24129920952856226,0.07939455756273797,0.01422276904914162,0.07188761361758508,0.006232982670621187,0.022322921152522403,0.07128938332048665,26,97,0.015174987530196308,0.16149519008340885,True,False,False,0.0008274461771728288,COMPLETE
1668,0.2804898262023926,2025-04-03 10:40:07.381307,2025-04-03 10:41:21.675474,0 days 00:01:14.294167,0.8562037630399033,0.42663135665797614,2,0.128983140172373,0.2239401189240193,0.0010158612457311497,0.02608196754847831,0.015089605184466323,0.028702377065447406,0.03011042480559809,21,87,0.011604321861411526,0.1302700422816864,True,True,False,0.000990566040368575,COMPLETE
1669,0.43526988029479985,2025-04-03 10:41:22.219774,2025-04-03 10:42:58.351928,0 days 00:01:36.132154,0.8856129787389687,0.24754177157537127,2,0.24824729013311045,0.09382938798252438,0.0047462119144347234,0.040403892190512526,0.026152719722040575,0.025786950557032586,0.05730906874039834,24,78,0.018307788817001076,0.12074954488202336,True,False,False,0.00024137782917519853,COMPLETE
1670,0.423123049736023,2025-04-03 10:42:58.897505,2025-04-03 10:44:39.634314,0 days 00:01:40.736809,0.7686383866373868,0.3182759914481365,2,0.2353698018566841,0.23886007583497473,0.010621085570229692,0.07560947011364824,0.010938314401458085,0.004937563768995568,0.08396274017109653,26,47,0.013842693242418998,0.1403565882928027,True,False,False,0.0009984293730279474,COMPLETE
1671,0.43783867359161377,2025-04-03 10:44:40.195975,2025-04-03 10:46:16.983963,0 days 00:01:36.787988,0.6659661076810126,0.2759340240250126,2,0.22632696620913942,0.10117518236774065,0.053423168534509555,0.05681568079398588,0.004123429980781552,0.023988936708321924,0.000668846901225755,25,64,0.0219423007215318,0.15339123931242832,True,False,False,0.000638034704524625,COMPLETE
1672,0.45020056962966926,2025-04-03 10:46:17.527195,2025-04-03 10:47:59.943458,0 days 00:01:42.416263,0.8194000423264265,0.3018413629477111,2,0.2604769870913698,0.11106395720432408,0.011956754760707292,0.06441393894699717,0.007543402322171171,0.01052504005806518,0.01882503387233875,26,84,0.017045861038458763,0.1343876027543412,True,False,False,0.0004179106589306109,COMPLETE
1673,0.4429466485977173,2025-04-03 10:48:00.505493,2025-04-03 10:49:44.059236,0 days 00:01:43.553743,0.9038965286157751,0.22852594045941693,2,0.15247247895771338,0.08825351273948036,0.02486960209915371,0.06193441982291356,0.019475816448751564,0.031840599461271005,0.04764997629327156,27,51,0.02564000561430088,0.22864649023922112,True,False,False,0.0005229139131142623,COMPLETE
1674,0.4256024837493897,2025-04-03 10:49:44.601334,2025-04-03 10:51:21.677213,0 days 00:01:37.075879,0.7870670414910144,0.2084260689321896,2,0.26815517579553383,0.07433823051707726,0.0073200292153220055,0.07033523549362398,0.009817638688504281,0.028595162970973243,0.06875482843812236,25,72,0.019482891771028767,0.14685829103563916,False,False,False,4.1830195717207113e-07,COMPLETE
1675,0.44080078601837164,2025-04-03 10:51:22.223665,2025-04-03 10:51:49.599182,0 days 00:00:27.375517,0.833024372014272,0.2663794696058723,16,0.23901702109095657,0.0960193369173079,0.01598789369039741,0.03350829717156609,0.013192780591229403,0.012264536912463087,0.03625882644672134,24,92,0.014656112967321732,0.12749279621837156,True,False,False,0.0006191029915466138,COMPLETE
1676,0.43955609798431394,2025-04-03 10:51:50.159992,2025-04-03 10:53:28.428206,0 days 00:01:38.268214,0.8763380134641732,0.3374483024122782,2,0.25430977364332646,0.23131294515938008,0.009685081235867915,0.042960364708823494,0.023165665059647626,0.03037474541826816,0.056822592714003826,25,68,0.023015568287937875,0.13831980191173532,True,False,False,0.00034531352304956935,COMPLETE
1677,0.43867335319519046,2025-04-03 10:53:28.972986,2025-04-03 10:54:05.804618,0 days 00:00:36.831632,0.5848225270036349,0.28593958933584135,8,0.21722037972925146,0.1375814383879462,0.020086793534848255,0.00752457739928418,0.01704681574403331,0.02541768978355103,0.04716146931717444,26,76,0.06987641876557514,0.12036625399736364,True,False,False,0.0007115913285949962,COMPLETE
1678,0.45891637802124025,2025-04-03 10:54:06.367799,2025-04-03 10:55:38.716843,0 days 00:01:32.349044,0.8034388069216463,0.24774911298482138,2,0.24800719898675766,0.10554897849418328,0.005555455604699001,0.06763205459596468,0.0065883832518493606,0.02221328547099296,0.06734730638088743,23,89,0.017541055184445282,0.13132238195897827,True,False,False,0.0009993495219947632,COMPLETE
1679,0.4355598092079163,2025-04-03 10:55:39.263534,2025-04-03 10:57:25.239397,0 days 00:01:45.975863,0.07451032636067956,0.20096205831676053,2,0.23091793228730567,0.1141619358354921,0.004382959698494632,0.06612709140179394,0.005097797014021904,0.021979550552249632,0.03801847208687795,27,89,0.05642852328928348,0.11394270114988668,True,False,False,0.000837645521176212,COMPLETE
1680,0.44162434339523315,2025-04-03 10:57:25.806363,2025-04-03 10:58:55.188244,0 days 00:01:29.381881,0.7428434582243033,0.2204121801852617,2,0.24472264878943567,0.10865964662421676,0.003553710392687115,0.06409648565148321,0.03232896834862215,0.02181149535230061,0.025924250109289452,22,89,0.01251565912144156,0.12803154051893065,True,False,False,0.0009800440031825731,COMPLETE
1681,0.31160874366760255,2025-04-03 10:58:55.733804,2025-04-03 11:00:15.737581,0 days 00:01:20.003777,0.7758524093524479,0.1821641412591057,2,0.23488330796729498,0.11601771920672964,0.005436530103808176,0.051757404691463116,0.006190765894518476,0.021639084903740058,0.04297019399221559,23,92,0.016044154991955988,0.14362487042875358,True,False,True,0.0008531309107612711,COMPLETE
1682,0.43946886062622076,2025-04-03 11:00:16.282558,2025-04-03 11:01:48.659490,0 days 00:01:32.376932,0.7963271370125918,0.24693655766893235,2,0.20080218601250155,0.12074933829430672,0.002649426349226087,0.06225817668277523,0.002760344942226171,0.023202145378170155,0.05350175990554566,23,89,0.020451776447027618,0.1018955919784291,True,False,False,0.000984109857892957,COMPLETE
1683,0.423123049736023,2025-04-03 11:01:49.222044,2025-04-03 11:03:35.149256,0 days 00:01:45.927212,0.763699667233446,0.22132942537815248,2,0.2241735949246484,0.10768249023092205,0.005928100768687357,0.0661876051492053,0.0043620201668222724,0.022288461718717404,0.06591039178229385,27,95,0.009107723893759249,0.13555960806632922,True,False,False,0.0008709775931493742,COMPLETE
1684,0.4437341451644898,2025-04-03 11:03:35.695856,2025-04-03 11:05:22.030898,0 days 00:01:46.335042,0.7459495109058243,0.24172120178877476,2,0.24223948524763117,0.11412479801787626,0.00327085687505746,0.06390140939662296,0.007354639771304718,0.021042139615563116,0.03040058798905354,27,87,0.01765289562649178,0.15221084762594753,True,False,False,0.0007906118087291149,COMPLETE
1685,0.4210582494735718,2025-04-03 11:05:22.620162,2025-04-03 11:07:09.346292,0 days 00:01:46.726130,0.6453330611271145,0.18726202936689118,2,0.2603876821045002,0.10695216414380046,0.004255952477741202,0.058475328465936637,0.005985742008831737,0.02057328743697748,0.05771225794093089,27,91,0.029545112588381592,0.12355777410931551,True,False,False,0.0007716850066427942,COMPLETE
1686,0.4463372230529785,2025-04-03 11:07:09.892594,2025-04-03 11:08:41.572954,0 days 00:01:31.680360,0.7973694406843722,0.3577351417447465,2,0.2515640573640216,0.10446400302168625,0.006278210222197535,0.06076120753681968,0.00845898976222581,0.03565923009533635,0.04119670821716603,23,94,0.01403029669661892,0.10850279916452273,True,False,False,0.0007802111817877928,COMPLETE
1687,0.42970851659774784,2025-04-03 11:08:42.144397,2025-04-03 11:10:24.503484,0 days 00:01:42.359087,0.7774166777722641,0.3106583607522617,2,0.18449711114460832,0.111714450363053,0.0027674721357708043,0.0678318311925902,0.003548216031425996,0.02262621419822257,0.0477812485614794,26,91,0.0113933790344544,0.13189393480355713,True,False,False,0.000991181496353288,COMPLETE
1688,0.2804898262023926,2025-04-03 11:10:25.050704,2025-04-03 11:11:52.933273,0 days 00:01:27.882569,0.7178422196865546,0.3380156636001486,2,0.23258217024764763,0.022180935152592063,0.005164621648387572,0.06516253515839592,0.006558162878165622,0.0237739534796784,0.08620924125249184,26,86,0.019020675756947568,0.14154971251241236,True,True,False,0.000844621853801034,COMPLETE
1689,0.43491690158843993,2025-04-03 11:11:53.474951,2025-04-03 11:13:10.008362,0 days 00:01:16.533411,0.758707524354318,0.5563526577412282,2,0.2663026473590546,0.17924534676083229,0.0063353514050916715,0.061953512217672334,0.031209035794519946,0.03339940212753609,0.06479141209002677,18,89,0.01578148749533822,0.1482195439363308,True,False,False,0.0009872371909724585,COMPLETE
1690,0.44394320249557495,2025-04-03 11:13:10.577621,2025-04-03 11:14:57.424677,0 days 00:01:46.847056,0.9226971711462199,0.24546104134161637,2,0.033591612110479036,0.11966501037316134,0.003250659090928647,0.03710919774416401,0.0371395681724114,0.048590624740621174,0.03451017083809123,27,86,0.02201452962139064,0.15804638268594123,True,False,False,0.0009983090255343654,COMPLETE
1691,0.3744751930236817,2025-04-03 11:14:57.973121,2025-04-03 11:16:32.593427,0 days 00:01:34.620306,0.8092644693756132,0.21150022960825632,2,0.2391732648640914,0.10445339114206766,0.0070589362273791425,0.05965462718917037,0.009409659863244334,0.09994599215547956,0.07594174185754053,24,98,0.01777851271214381,0.1360565922543289,False,False,False,0.0007523921748718651,COMPLETE
1692,0.43156619071960456,2025-04-03 11:16:33.163111,2025-04-03 11:18:05.435856,0 days 00:01:32.272745,0.8535948734732762,0.1405616696400263,2,0.2471156741103006,0.1257614634195074,0.0045370549091525375,0.054500613369069695,0.005278295088759799,0.020315755778309304,0.05303095714335476,23,95,0.02402962589365977,0.17102301022183347,True,False,False,0.0006744770084833893,COMPLETE
1693,0.4367474317550659,2025-04-03 11:18:05.985512,2025-04-03 11:19:48.857976,0 days 00:01:42.872464,0.8950374345732529,0.30297530423155056,2,0.2567400990600551,0.11085544309555961,0.0011218581976421668,0.0640545584154389,0.007989121109051674,0.06896278308368542,0.04102496768473379,26,92,0.01363313150395117,0.1271597965577,True,False,False,0.0002529680488810666,COMPLETE
1694,0.4212916731834412,2025-04-03 11:19:49.425829,2025-04-03 11:21:33.265205,0 days 00:01:43.839376,0.7858423342351579,0.2679263632270972,2,0.22889570635822262,0.10206883410774731,0.007395707661880244,0.06703465412121848,0.004284621490994933,0.006827478952790757,0.0620489367269815,26,114,0.050607320694237914,0.11817634719691986,True,False,False,0.000661531363380375,COMPLETE
1695,0.440282690525055,2025-04-03 11:21:33.816204,2025-04-03 11:23:18.639841,0 days 00:01:44.823637,0.9666153846741092,0.49590047384833036,2,0.21970696292117795,0.11371055484823471,0.005006117265182184,0.07958917656617755,0.007072747341447415,0.023615308304234736,0.0480930632998996,27,87,0.020053383087400636,0.14123878210978044,True,False,False,0.00019474700329209462,COMPLETE
1696,0.4288565278053284,2025-04-03 11:23:19.210618,2025-04-03 11:24:39.300957,0 days 00:01:20.090339,0.8253929347491458,0.32304480081162984,2,0.17779635071670186,0.10462157653710547,0.09430973672881329,0.06268393271079344,0.009581031192838126,0.0011102576703931194,0.07350405042190607,19,90,0.01579355894887801,0.13214955823575908,True,False,False,0.0007812443389678497,COMPLETE
1697,0.44039131402969367,2025-04-03 11:24:39.847882,2025-04-03 11:25:08.926349,0 days 00:00:29.078467,0.8697408665990639,0.28639797267810435,16,0.23787860640842987,0.11813351114434842,0.007142000845013374,0.05817552087973156,0.0028577221532154577,0.004211568633084569,0.03033164955799031,26,94,0.020882951798018808,0.1241266927312194,True,False,False,0.0005346922835124072,COMPLETE
1698,0.4409174203872681,2025-04-03 11:25:09.501839,2025-04-03 11:26:47.465180,0 days 00:01:37.963341,0.9443469127620159,0.22988039211160682,2,0.2481978481391078,0.24597984900313336,0.002625314014270059,0.06624802490814835,0.043537094347070454,0.03265000081593349,0.008404803076116033,24,100,0.012847236969696212,0.27846750858287583,True,False,False,0.0007985073867065937,COMPLETE
1699,0.39224910736083984,2025-04-03 11:26:48.019110,2025-04-03 11:27:19.988020,0 days 00:00:31.968910,0.02907496639186863,0.3829540301064086,8,0.22623668814919926,0.22002074963037702,0.005369562510842502,0.056003348643366216,0.008202748866216235,0.020703035350988587,0.05467754396951041,25,86,0.018180414557621264,0.14739145495892447,True,False,True,0.0002829791840311625,COMPLETE
1700,0.4418316721916199,2025-04-03 11:27:20.546168,2025-04-03 11:29:00.498636,0 days 00:01:39.952468,0.8079323692132198,0.2610006001792162,2,0.2073929398523443,0.10990380922416906,0.007717759189376642,0.06873565274907212,0.08385085396851888,0.05641080183010639,0.02314196307098656,25,96,0.015747573655493,0.13846501814325857,True,False,False,0.0006118506416718024,COMPLETE
1701,0.423123049736023,2025-04-03 11:29:01.073876,2025-04-03 11:30:43.859892,0 days 00:01:42.786016,0.8401911131766056,0.19891769909801804,2,0.27035408378907827,0.10092641895084088,0.008419130631151038,0.06041889799390873,0.00572064279386928,0.01895301312947924,0.034869696625707526,26,90,0.01072424428874778,0.15392142309331708,True,False,False,0.0004338761183495561,COMPLETE
1702,0.4426190376281739,2025-04-03 11:30:44.408012,2025-04-03 11:32:24.708867,0 days 00:01:40.300855,0.7554386919478313,0.15774396429378224,2,0.26243248626341387,0.13197069782509663,0.004384266489181264,0.039648088301629573,0.046172619908464926,0.025233807282406234,0.04492579681071134,25,93,0.019299829121186107,0.13105939051926369,True,False,False,0.0008258675738821401,COMPLETE
1703,0.44701969623565674,2025-04-03 11:32:25.280598,2025-04-03 11:34:07.753316,0 days 00:01:42.472718,0.6952227254657607,0.3112785349395951,2,0.1584734266573645,0.12307145140146274,0.003107242785944218,0.06492468697788069,0.01015968069297368,0.037373557735104174,0.09918018905122955,26,84,0.027457660479182362,0.14330067490997273,True,False,False,6.387013412564687e-06,COMPLETE
1704,0.4360501885414124,2025-04-03 11:34:08.303154,2025-04-03 11:35:33.852987,0 days 00:01:25.549833,0.9012833426823681,0.2375393444750647,2,0.24284776623267298,0.23442506468418658,0.001040532437690911,0.062475158909961005,0.007252786963613944,0.06486859334351308,0.06616434730871144,20,137,0.014383414458391785,0.11751270430518503,True,False,False,0.0006503096475743754,COMPLETE
1705,0.4354877948760987,2025-04-03 11:35:34.428791,2025-04-03 11:37:04.583108,0 days 00:01:30.154317,0.7891931838299152,0.27915496961932224,2,0.25542393193511204,0.21340264898183797,0.029930454774723267,0.04347574598455462,0.011442785388519061,0.01287098051143253,0.08637526523685313,22,86,0.016902435566413077,0.1361340660445863,True,False,False,0.00032642712147613027,COMPLETE
1706,0.2804898262023926,2025-04-03 11:37:05.136537,2025-04-03 11:38:40.903556,0 days 00:01:35.767019,0.8777298923613941,0.32949288660797404,2,0.23284387057809916,0.10758601028154302,0.005931800455489317,0.04897855221898972,0.03607581530418884,0.030233604898045663,0.054105094606693424,28,106,0.025509562664646372,0.1257571854680014,True,True,False,0.0009921959850632339,COMPLETE
