number,value,datetime_start,datetime_complete,duration,params_alpha-eval,params_alpha-train,params_batch-size,params_eps-eval,params_eps-train,params_lambda-actions-eval,params_lambda-actions-train,params_lambda-frames-eval,params_lambda-frames-train,params_learning-rate,params_n-epochs,params_n-frames,params_radius-gw,params_rho,params_std-feats,params_ub-actions,params_ub-frames,params_weight-decay,state
1024,0.3236795246601105,2025-04-02 17:51:49.912804,2025-04-02 17:53:15.874124,0 days 00:01:25.961320,0.8674214768321014,0.29740209062254985,2,0.24589310764392727,0.08583080008445944,0.004978635749614956,0.06380184927222764,0.007697821743934294,0.021168712658216748,0.09845359152169568,25,81,0.007216415201117569,0.1305845759470535,True,True,False,0.000303350049971885,COMPLETE
1025,0.423123049736023,2025-04-02 17:53:16.209907,2025-04-02 17:54:58.506661,0 days 00:01:42.296754,0.9004172728829963,0.27711044906964116,2,0.26298672063209894,0.1262142725154286,0.010702408560574793,0.07172195774703849,0.016728383917884195,0.029672744254694787,0.04743476373588925,26,66,0.01366000238029327,0.1076309066476154,True,False,False,0.0005747347337120032,COMPLETE
1026,0.4409144282341003,2025-04-02 17:54:58.842442,2025-04-02 17:56:41.057441,0 days 00:01:42.214999,0.8299469586921445,0.34917589932164733,2,0.2208044898715194,0.05695969973051787,0.008594636244485948,0.06137673369985655,0.005811666676986357,0.024473383614427916,0.06356400174742416,26,87,0.016036263039879203,0.11997216184883958,True,False,False,0.0004111971620123323,COMPLETE
1027,0.4383897423744202,2025-04-02 17:56:41.374877,2025-04-02 17:58:19.566395,0 days 00:01:38.191518,0.8470650684777704,0.3199900908001072,2,0.23033657052923728,0.1399018279111044,0.002751225519166449,0.056038891544149115,0.013834026776557137,0.019199738871358646,0.07285004815846337,25,77,0.01767123950023709,0.1374723273012082,True,False,False,0.0006876644598293775,COMPLETE
1028,0.4484189748764038,2025-04-02 17:58:19.898449,2025-04-02 17:59:52.038095,0 days 00:01:32.139646,0.8795288025571907,0.2602896773632833,2,0.23640025916855426,0.10927099436807533,0.006560956793906274,0.06534725194311213,0.010081534361737587,0.015622263981760013,0.049660193442273105,23,83,0.012733012162127542,0.12669624015447367,True,False,False,0.00048768201132742573,COMPLETE
1029,0.4384416818618775,2025-04-02 17:59:52.369330,2025-04-02 18:01:28.277937,0 days 00:01:35.908607,0.6565160075681482,0.23829455577746605,2,0.2508528407691374,0.2527579554816672,0.02118356642979721,0.05795083026781671,0.004139042329001993,0.031148700730412295,0.04300061162478851,24,71,0.019536579853606316,0.15270457850023314,True,False,False,0.0009892375407316244,COMPLETE
1030,0.44336624145507814,2025-04-02 18:01:28.613620,2025-04-02 18:03:11.325322,0 days 00:01:42.711702,0.9214469027759458,0.2938931224613405,2,0.24272573220418175,0.09296521395124611,0.016966286676088585,0.07343805306670761,0.01775798744481018,0.023213868443426464,0.05717848752796314,26,78,0.015386655050641084,0.13239091378954593,True,False,False,0.0008075672991279207,COMPLETE
1031,0.423123049736023,2025-04-02 18:03:11.666020,2025-04-02 18:04:51.136824,0 days 00:01:39.470804,0.8051847471412451,0.337550565450716,2,0.25720628829013376,0.23680610002580502,0.012224067095882103,0.06283264867292083,0.008083923314675907,0.028414514532996222,0.03481328254211383,25,73,0.01146487979469051,0.1451956591543096,True,False,False,0.0006106532299100272,COMPLETE
1032,0.44979686737060554,2025-04-02 18:04:51.471666,2025-04-02 18:06:30.972473,0 days 00:01:39.500807,0.8612541245642974,0.38208536030037404,2,0.22518349673143376,0.09669679483944185,0.014485233089371689,0.06832643022181446,0.001077169793531361,0.026789249276642595,0.07888703257554422,25,90,0.022035102702980074,0.11536582912547697,True,False,False,0.00068622439053203,COMPLETE
1033,0.4421575427055359,2025-04-02 18:06:31.312926,2025-04-02 18:08:16.589244,0 days 00:01:45.276318,0.9473018325806271,0.26951588305015933,2,0.23341193282104644,0.11899481773421533,0.010013588593910655,0.06048994980360494,0.014717919820026225,0.09241329277006761,0.0669285638001689,27,68,0.017151814949607984,0.14048282566937886,True,False,False,0.00041070077657024166,COMPLETE
1034,0.442844307422638,2025-04-02 18:08:16.911644,2025-04-02 18:09:43.521476,0 days 00:01:26.609832,0.8317915230041237,0.31062115954758707,2,0.24074752185880327,0.10436858479668105,0.008075879139367217,0.06563543343309597,0.011465778414106639,0.024885595696403397,0.030141412372214342,21,85,0.014460168096765754,0.12451206074899614,True,False,False,0.0008032375277616534,COMPLETE
1035,0.4466395974159241,2025-04-02 18:09:43.853893,2025-04-02 18:11:25.398631,0 days 00:01:41.544738,0.8922291104304695,0.28341885665129807,2,0.24852802563468174,0.22466999041713692,0.012207027343712065,0.07081945208216316,0.013397765437202253,0.03553905825583627,0.0517079910129789,26,75,0.019732129756138958,0.1321096130694393,True,False,False,0.0005072423077981398,COMPLETE
1036,0.43949370384216313,2025-04-02 18:11:25.735443,2025-04-02 18:13:03.784544,0 days 00:01:38.049101,0.8579332917900047,0.24613242243329642,2,0.2667533154718751,0.08494026438617966,0.022636797965018097,0.059644940896890666,0.0057370109571748835,0.021407514329682336,0.0065543868369575264,25,60,0.016114341846522242,0.13559764195647062,True,False,False,0.00031305564557548843,COMPLETE
1037,0.31212502121925356,2025-04-02 18:13:04.121307,2025-04-02 18:13:27.694499,0 days 00:00:23.573192,0.8139623006559945,0.3031626932854161,16,0.2278617848143764,0.09263843150451985,0.010769524513392468,0.07898736055847885,0.008927483922681733,0.011106253635293929,0.03874436230255122,26,51,0.018178564831065305,0.15108531258258734,True,False,True,0.0008015631731029386,COMPLETE
1038,0.4252241134643555,2025-04-02 18:13:28.031764,2025-04-02 18:15:04.997793,0 days 00:01:36.966029,0.8735790472310554,0.3287927106405839,2,0.14756752503965082,0.21581096026228835,0.0056709252766066025,0.07589321084863508,0.017043362446855958,0.029391126594605407,0.059934970544372336,24,79,0.009378432521226531,0.12084428566433683,True,False,False,0.00023041226931014302,COMPLETE
1039,0.4329445004463196,2025-04-02 18:15:05.335878,2025-04-02 18:16:53.941834,0 days 00:01:48.605956,0.8432590579444108,0.6871149798998439,2,0.21563007307449406,0.11080508772481366,0.013904311949293532,0.06347017152026062,0.01092426677057718,0.025853058197202614,0.09987956253770072,27,124,0.013549175163009174,0.12599220485690502,True,False,False,0.0005954306587188245,COMPLETE
1040,0.4451263308525086,2025-04-02 18:16:54.284843,2025-04-02 18:18:33.662003,0 days 00:01:39.377160,0.9045545883205584,0.257616528842178,2,0.23664189399000246,0.1016100246759127,0.00814248173179355,0.06707633730176953,0.021142912029057822,0.05370109977631517,0.047703751160419354,25,82,0.01556206749538866,0.1419816748717023,True,False,False,0.0004825073048041453,COMPLETE
1041,0.4454964876174927,2025-04-02 18:18:33.988853,2025-04-02 18:20:16.002880,0 days 00:01:42.014027,0.8214917267001263,0.22959668604739156,2,0.2535528583783104,0.08971929792003704,0.015670998299894053,0.05768561342561157,0.02419884351099648,0.017591962857834237,0.07573625722614133,26,65,0.023087286005550666,0.13038877424381903,True,False,False,0.0006900150896811962,COMPLETE
1042,0.423123049736023,2025-04-02 18:20:16.338902,2025-04-02 18:21:52.799123,0 days 00:01:36.460221,0.8496337811723335,0.2825837141152896,2,0.2408595299587276,0.2455077763156572,0.009973390335668481,0.06936637805348071,0.015265237099785976,0.03265297488311874,0.04088813702492468,24,73,0.011527334582641758,0.11194923099264716,True,False,False,0.0008277914731384272,COMPLETE
1043,0.4304361462593079,2025-04-02 18:21:53.136273,2025-04-02 18:23:41.047594,0 days 00:01:47.911321,0.8827917481456597,0.26378388457775576,2,0.24458639061596382,0.23220516122867144,0.004060456321597427,0.0367390047199283,0.006694037176036128,0.02259375918185442,0.05862218907941093,28,70,0.019923398297621762,0.1472104216624747,True,False,False,0.0005771252028883364,COMPLETE
1044,0.2804898262023926,2025-04-02 18:23:41.387971,2025-04-02 18:25:07.512769,0 days 00:01:26.124798,0.8273106945649303,0.46845849011580076,2,0.23102288164804385,0.08221286742595078,0.017252020780207013,0.05526879402980792,0.013030923391280987,0.02729707845546343,0.08635318275626357,25,76,0.01727802680076119,0.13752706082796567,True,True,False,6.170278853477664e-08,COMPLETE
1045,0.4185453653335572,2025-04-02 18:25:07.851736,2025-04-02 18:26:54.521230,0 days 00:01:46.669494,0.8644313416269642,0.35030665063652366,2,0.2580333040356781,0.11519460207579396,0.08234066143863741,0.061655157421585394,0.004104397580256728,0.03160176323524739,0.06645587047079513,27,112,0.014245842328249768,0.11995196360219018,True,False,False,0.0004224272969189272,COMPLETE
1046,0.4451937317848206,2025-04-02 18:26:54.864795,2025-04-02 18:28:33.899473,0 days 00:01:39.034678,0.79676110672807,0.31017765937667535,2,0.22065013533609884,0.09796395407525665,0.012322722414180599,0.06466725345563408,0.018481091946867347,0.028872625926356785,0.03408052344071705,25,86,0.01853534852096446,0.12862299351972775,True,False,False,0.0009822456370197697,COMPLETE
1047,0.44624663591384894,2025-04-02 18:28:34.241830,2025-04-02 18:30:16.552119,0 days 00:01:42.310289,0.9957865669699736,0.2842762101154947,2,0.24752614479524426,0.1090743893171848,0.024948523095419953,0.0626017745306923,0.009315390194196626,0.024502049459941284,0.0248380526514866,26,80,0.01266935977970589,0.13471865568549066,True,False,False,0.000681771036757591,COMPLETE
1048,0.4419297695159912,2025-04-02 18:30:16.893789,2025-04-02 18:31:51.827261,0 days 00:01:34.933472,0.9264118843779668,0.3258946040609099,2,0.2362611475893205,0.2556606019034942,0.00647755735714322,0.07458437132572918,0.011513698303725806,0.026464068217930976,0.051949034413023995,24,63,0.016009901067960165,0.14447066975355782,True,False,False,0.0003602908475924556,COMPLETE
1049,0.4008195519447327,2025-04-02 18:31:52.152857,2025-04-02 18:33:34.037767,0 days 00:01:41.884910,0.8977079389989248,0.24598006700112282,2,0.01766863835010457,0.10507498314590602,0.008699647407952498,0.06675648969589307,0.022245309286407177,0.020229380638876603,0.043122294178634744,26,76,0.020877687182022146,0.1251241571414219,True,False,False,0.0009910518757711264,COMPLETE
1050,0.4306394815444946,2025-04-02 18:33:34.376557,2025-04-02 18:35:13.555721,0 days 00:01:39.179164,0.43969559113708295,0.29722552990118595,2,0.22712833133883065,0.0937834268149064,0.020845857107982355,0.05986187533287934,0.015729282398906128,0.03045809676275234,0.07342588518948442,25,68,0.014214834258717035,0.13889843098018942,True,False,False,0.0002540300569732499,COMPLETE
1051,0.448096239566803,2025-04-02 18:35:13.896698,2025-04-02 18:36:53.875407,0 days 00:01:39.978709,0.8477882216781117,0.2622976820578382,2,0.25134004376293595,0.2214008130560284,0.014009963984326303,0.0687901284221531,0.008365288827458236,0.022701980660078173,0.05490547772548969,25,89,0.01731364762889305,0.11536041541218178,True,False,False,0.000991494820953217,COMPLETE
1052,0.423123049736023,2025-04-02 18:36:54.215601,2025-04-02 18:38:37.438562,0 days 00:01:43.222961,0.8752382635132954,0.27511116688964193,2,0.27274713387466715,0.17960928007159968,0.010784096677168436,0.07198638222362107,0.019655779393658188,0.01845396338113906,0.045741836273840854,26,83,0.01176042703288517,0.13071170934897272,True,False,False,0.0005525039083713549,COMPLETE
1053,0.43966566324234013,2025-04-02 18:38:37.781365,2025-04-02 18:39:17.983731,0 days 00:00:40.202366,0.8011058175934037,0.2336866367404373,2,0.259566727895443,0.09975550818025637,0.018858866563758923,0.06494368827062733,0.0030298063904466094,0.028414321356441702,0.06266943495306325,7,73,0.019205454305157847,0.10427959651801014,True,False,False,0.0007158921049894233,COMPLETE
1054,0.42164105176925665,2025-04-02 18:39:18.326702,2025-04-02 18:40:54.039506,0 days 00:01:35.712804,0.8396764604371474,0.3564636564266532,2,0.23380897127987307,0.09152012228115643,0.0011910116328436304,0.06163312326718861,0.006526276479299533,0.03395689708567173,0.00023045497440036332,24,79,0.024331178320481192,0.15364007249684622,True,False,False,1.734707525643988e-05,COMPLETE
1055,0.3119235396385193,2025-04-02 18:40:54.380595,2025-04-02 18:41:57.990371,0 days 00:01:03.609776,0.819623299851702,0.3001310344688631,2,0.2432811831985494,0.07758873982532247,0.015692036931706087,0.05820648290021272,0.01197618902255082,0.025805473963293413,0.03730782809255968,17,70,0.009300501652871766,0.14096044872026098,True,False,True,0.0007928949228757067,COMPLETE
1056,0.4410671472549439,2025-04-02 18:41:58.334218,2025-04-02 18:43:43.611931,0 days 00:01:45.277713,0.9621196120916657,0.3255938682998847,2,0.23897474094386403,0.08459035135902018,0.011913853469531298,0.0637618877735771,0.014197703484355765,0.013335285353889472,0.030165099513255973,27,76,0.015704766020822294,0.12193468309264036,True,False,False,0.0005023606103415711,COMPLETE
1057,0.43149076700210576,2025-04-02 18:43:43.941928,2025-04-02 18:44:31.352460,0 days 00:00:47.410532,0.855460340545906,0.25124060090707406,2,0.25052997450434983,0.11826237382472075,0.09132278752184542,0.06693051909313365,0.017555752971129317,0.016028526224665326,0.07550177802921194,9,87,0.021536220802312822,0.13293932477574055,True,False,False,0.00034738603450394916,COMPLETE
1058,0.40834206342697144,2025-04-02 18:44:31.689990,2025-04-02 18:46:14.928961,0 days 00:01:43.238971,0.9044198481920197,0.2818144178085288,2,0.10534531199009398,0.12892668297255183,0.006949609897394712,0.07101291321455455,0.010165440828130309,0.08293646276367171,0.08500133416232485,26,81,0.013500472458827137,0.12721505288464208,True,False,False,0.0006360309459518502,COMPLETE
1059,0.423123049736023,2025-04-02 18:46:15.271105,2025-04-02 18:47:53.377489,0 days 00:01:38.106384,0.8803606085654104,0.2256043136355106,2,0.22372448483746915,0.10224509932092814,0.009196688451038118,0.060450161940152194,0.004550628465875266,0.030352504208717334,0.04793429600465516,25,57,0.01695022146290858,0.14913430957232857,True,False,False,0.0009937146981597923,COMPLETE
1060,0.4361743211746216,2025-04-02 18:47:53.727868,2025-04-02 18:48:21.096154,0 days 00:00:27.368286,0.8642180666045335,0.31563630362987966,16,0.23155698216721116,0.11096040143116626,0.013409837477239383,0.06846786914467051,0.007678788534603208,0.03741733382319802,0.06121404334275459,26,73,0.018619759266621762,0.13565819555872224,True,False,False,0.00043901774078123013,COMPLETE
1061,0.442222273349762,2025-04-02 18:48:21.439659,2025-04-02 18:50:00.330278,0 days 00:01:38.890619,0.8300826660022014,0.2967891742865522,2,0.2453315797810914,0.23709928747952394,0.022838909822969527,0.055649654318702904,0.013673291877701527,0.023705379490869243,0.04123055427134689,25,78,0.014877327889703959,0.1161345051762502,True,False,False,0.0008166364546817749,COMPLETE
1062,0.3336999535560608,2025-04-02 18:50:00.676714,2025-04-02 18:50:53.072383,0 days 00:00:52.395669,0.8001548243555737,0.2665239553280223,2,0.26545351867078487,0.0664163772572502,0.004156424185871054,0.06552387376040135,0.01568270653714686,0.027812283204360716,0.053291480036429716,13,67,0.0107439717819744,0.1428832869187527,True,True,False,0.0009999065219166506,COMPLETE
1063,0.43678556680679326,2025-04-02 18:50:53.418052,2025-04-02 18:52:39.813089,0 days 00:01:46.395037,0.9193555326679923,0.3388661412705034,2,0.2149756858837826,0.09562082811071387,0.02525999055848013,0.06243684948810464,0.010207869111492107,0.020680458768378675,0.06904787297285578,27,90,0.016811466109545682,0.1250726173115068,True,False,False,5.920708370011464e-06,COMPLETE
1064,0.42480660676956183,2025-04-02 18:52:40.161309,2025-04-02 18:54:15.995619,0 days 00:01:35.834310,0.47462761766942696,0.28673604886722437,2,0.23758543802170748,0.22840926955230983,0.01045222397708709,0.05782037389255256,0.01208923194972726,0.025859656061212644,0.0995834019216808,24,84,0.020788470623351842,0.13148755304475349,True,False,False,0.0005693717610445649,COMPLETE
1065,0.423123049736023,2025-04-02 18:54:16.343989,2025-04-02 18:55:57.816486,0 days 00:01:41.472497,0.8893152956601204,0.9932289903370823,2,0.257765159783006,0.08788090282310429,0.007079164561724959,0.06519146021584317,0.019907609888780906,0.03245618059206974,0.03525279341207243,26,64,0.012650953592697552,0.13919174854664065,True,False,False,0.0006770820419858258,COMPLETE
1066,0.4462162971496582,2025-04-02 18:55:58.147151,2025-04-02 18:57:37.039335,0 days 00:01:38.892184,0.8405706471815252,0.36265444226112237,2,0.22864769538568924,0.10303972518118285,0.01213723595924451,0.07015317299924678,0.023408698040551273,0.028286391953841365,0.04866074041999986,25,76,0.015295910765846393,0.1462235358594434,True,False,False,0.0005096003965074496,COMPLETE
1067,0.45059641599655154,2025-04-02 18:57:37.385899,2025-04-02 18:59:08.150748,0 days 00:01:30.764849,0.5357100406794154,0.24744071053337885,2,0.2448534289884496,0.20625639163237192,0.050326301998015015,0.07364458140751942,0.0059185941647685505,0.02383104943973829,0.05846826694313321,23,73,0.018501895891642528,0.15473898039300893,True,False,False,0.0008103142183748166,COMPLETE
1068,0.42184059619903563,2025-04-02 18:59:08.495669,2025-04-02 19:00:50.049133,0 days 00:01:41.553464,0.9430505768146475,0.3094618868389558,2,0.25226821749666734,0.24309675933626954,0.009365711125163352,0.05966195243932008,0.017260800091156252,0.01902349006515326,5.891298718626078e-05,26,70,0.02275107818920625,0.12038901348980707,True,False,False,0.0003768221058804457,COMPLETE
1069,0.4232218444347382,2025-04-02 19:00:50.392812,2025-04-02 19:02:30.378259,0 days 00:01:39.985447,0.8596555072288851,0.27100672325951325,2,0.08252037913016072,0.108266935299155,0.014820370366744683,0.06281104009272695,0.008165395655903934,0.02189222280793272,0.08530397187561624,25,117,0.013692102610726373,0.28343043347081925,True,False,False,0.0007503509846425389,COMPLETE
1070,0.44116060733795165,2025-04-02 19:02:30.727127,2025-04-02 19:04:16.211050,0 days 00:01:45.483923,0.8138830496865876,0.33117315669405883,2,0.23537241061467962,0.09597696353463488,0.01671700772408608,0.06734803804641827,0.0024341209301122733,0.02969165973417193,0.043328245767529375,27,81,0.016856500819692206,0.12858108235300744,True,False,False,0.000624544553743824,COMPLETE
1071,0.4333682775497437,2025-04-02 19:04:16.560285,2025-04-02 19:05:58.260437,0 days 00:01:41.700152,0.7802554859783492,0.29640637659277375,2,0.22189957212813624,0.08845819683386183,0.00537640618235082,0.06151276459555786,0.014228235100074132,0.026280329891220845,0.02801290298867043,26,78,0.06494448680488091,0.10891421984882507,True,False,False,0.00027997371374019394,COMPLETE
1072,0.4431909322738648,2025-04-02 19:05:58.612161,2025-04-02 19:07:33.824028,0 days 00:01:35.211867,0.8831386591972923,0.5282352312054569,2,0.2397602055001981,0.1211767966426367,0.010988871842196522,0.07658440767217226,0.010899230954661136,0.031394837591924844,0.07108412518492048,24,75,0.019396658552593673,0.19351086413043306,True,False,False,0.0004499739498227347,COMPLETE
1073,0.44091382026672366,2025-04-02 19:07:34.177980,2025-04-02 19:09:13.873252,0 days 00:01:39.695272,0.8346030349571987,0.21599078609292396,2,0.2474926740686842,0.10518979753972733,0.008273418023306923,0.06344148508854264,0.01586337309699388,0.03510239384163666,0.05576384528170203,25,83,0.014865712034243389,0.13939770382692984,True,False,False,4.01764784295223e-06,COMPLETE
1074,0.30691633820533754,2025-04-02 19:09:14.224262,2025-04-02 19:10:40.168674,0 days 00:01:25.944412,0.8656980080305559,0.2512323412692747,2,0.23189726826413773,0.07747177464087648,0.019513116181657852,0.05731241987993385,0.012697186279381285,0.024647698784659285,0.03705063570006922,25,87,0.011611598203375963,0.1344345465321197,True,False,True,0.0008058057907637872,COMPLETE
1075,0.3806430757045746,2025-04-02 19:10:40.520735,2025-04-02 19:12:28.481866,0 days 00:01:47.961131,0.9041008667195749,0.27024997149058483,2,0.2549147834870718,0.11160395556194813,0.012908680365995169,0.06854788986743665,0.02139974710468455,0.01704619019879252,0.06811150004784937,28,68,0.0064588817679641424,0.12298787889583955,True,False,False,0.0005724031687656148,COMPLETE
1076,0.44387429952621466,2025-04-02 19:12:28.819049,2025-04-02 19:14:11.258390,0 days 00:01:42.439341,0.8123374916097932,0.31463343989615183,2,0.24137546878138053,0.05181114779562124,0.009872966201390058,0.06600885701618338,0.009152797668494883,0.027839651705029365,0.04686174082235477,26,72,0.017677657115590415,0.1487783980244633,True,False,False,0.0006846324125122968,COMPLETE
1077,0.4407512068748474,2025-04-02 19:14:11.609785,2025-04-02 19:15:57.548349,0 days 00:01:45.938564,0.8496816497544061,0.3821964528930254,2,0.261924191966882,0.097442150881763,0.0027736396855283256,0.05925909123107573,0.05761227458047338,0.022597153036185327,0.06015426316596119,27,79,0.020868010858910522,0.13004427023157325,True,False,False,0.0009918077070672291,COMPLETE
1078,0.4248833417892456,2025-04-02 19:15:57.896297,2025-04-02 19:17:32.929853,0 days 00:01:35.033556,0.8270321096734379,0.22421223402512544,2,0.22677310369199205,0.21377558824333673,0.025870416505566127,0.0637290198253597,0.004445867617571767,0.030124125616520885,0.08544574178730208,24,61,0.015363884937259471,0.11674008608938634,True,False,False,0.0004889781727448479,COMPLETE
1079,0.4399664163589478,2025-04-02 19:17:33.279153,2025-04-02 19:18:01.748525,0 days 00:00:28.469372,0.5779279182686615,0.28698412898780845,16,0.24837645609906223,0.16548396550078515,0.01495832499356641,0.0706066174462128,0.018602689777736582,0.014473304593885562,0.05239753068805597,26,90,0.012633410392358598,0.1343380089124543,True,False,False,0.0003574325064821529,COMPLETE
1080,0.423123049736023,2025-04-02 19:18:02.095006,2025-04-02 19:19:41.854774,0 days 00:01:39.759768,0.8703988404049484,0.3437181981511501,2,0.21218525956236803,0.2322078894490482,0.00686977351752934,0.07270093765168843,0.006567102172294815,0.03295414105176345,0.03882082714973962,25,66,0.009652645655245807,0.14328906242693332,True,False,False,0.0006354013538004249,COMPLETE
