number,value,datetime_start,datetime_complete,duration,params_alpha-eval,params_alpha-train,params_batch-size,params_eps-eval,params_eps-train,params_lambda-actions-eval,params_lambda-actions-train,params_lambda-frames-eval,params_lambda-frames-train,params_learning-rate,params_n-epochs,params_n-frames,params_radius-gw,params_rho,params_std-feats,params_ub-actions,params_ub-frames,params_weight-decay,state
1593,0.2804898262023926,2025-04-03 08:44:04.948777,2025-04-03 08:45:33.780062,0 days 00:01:28.831285,0.979099064323417,0.26108541246413436,2,0.23954652171136478,0.23211098920785178,0.007264160956922207,0.04004954718689833,0.00467514620179823,0.0024059926298676962,0.046173738987284135,26,96,0.013394996557154202,0.1346755991902523,True,True,False,0.0006134112483346447,COMPLETE
1594,0.4426019787788391,2025-04-03 08:45:34.313970,2025-04-03 08:47:11.102101,0 days 00:01:36.788131,0.9170764188009255,0.2872753860628406,2,0.2348262471054647,0.2466258211446909,0.02411265054293516,0.07059627275698761,0.012715782842192387,0.03456342956789257,0.024967245915174102,25,59,0.017132852891573156,0.1476497639845914,True,False,False,0.0002443563363888791,COMPLETE
1595,0.4250683665275574,2025-04-03 08:47:11.617105,2025-04-03 08:48:22.745043,0 days 00:01:11.127938,0.927278683652999,0.33916457085033047,2,0.26249403495731666,0.24074305812602464,0.004142420286247318,0.05213286910624644,0.00879684273236548,0.0050293365355975825,0.03826451692500228,17,34,0.014929662784467154,0.1409757481954337,True,False,False,0.0004736401729412566,COMPLETE
1596,0.44105761051177983,2025-04-03 08:48:23.261308,2025-04-03 08:50:05.245475,0 days 00:01:41.984167,0.6802391988511767,0.3045087332633378,2,0.2533739767854909,0.23290182744032953,0.007643146020479247,0.07514264332594364,0.00706134220883099,0.027419271329434634,0.04969860043442618,26,90,0.026562262217899466,0.13297234984603376,True,False,False,0.0008247457995953509,COMPLETE
1597,0.380486273765564,2025-04-03 08:50:05.781463,2025-04-03 08:51:43.247829,0 days 00:01:37.466366,0.815944410968698,0.35831667863774536,2,0.12118591434569587,0.2132350079563008,0.00494087139914955,0.04865207860910208,0.009388886757963634,0.00339820090772709,0.029565424252939208,25,68,0.019177125346899276,0.1378391378746699,False,False,False,0.0006990694435180066,COMPLETE
1598,0.4300286293029785,2025-04-03 08:51:43.764443,2025-04-03 08:53:19.157102,0 days 00:01:35.392659,0.4999246726666785,0.2652894994538924,2,0.1742313316400193,0.22488675666042382,0.0024504931295242097,0.054691986935029635,0.015055425719717538,0.007606298674989215,0.04113445511184394,24,73,0.024014014014785152,0.1512381415368394,True,False,False,3.027708643250542e-06,COMPLETE
1599,0.423123049736023,2025-04-03 08:53:19.701129,2025-04-03 08:54:57.855593,0 days 00:01:38.154464,0.8725602096491474,0.20926873888881714,2,0.21781162873207327,0.2370572242501937,0.006473208105919214,0.06834734174030793,0.004889144951181463,0.0036896489330861164,0.05178938158115975,25,65,0.010710983676951415,0.13269209650742592,True,False,False,0.0003048903362722135,COMPLETE
1600,0.4474303483963013,2025-04-03 08:54:58.380490,2025-04-03 08:56:41.616435,0 days 00:01:43.235945,0.9636350041008441,0.29075506187772987,2,0.2448620079402828,0.22619864461402556,0.028208673448492854,0.036034971156380956,0.012346477358415722,0.032879286339919295,0.03783585103160224,26,93,0.017396175519621918,0.1453532206337141,True,False,False,0.0009968440730568297,COMPLETE
1601,0.4260506868362427,2025-04-03 08:56:42.136150,2025-04-03 08:58:17.809454,0 days 00:01:35.673304,0.883238100003893,0.316806550442478,2,0.23235064455039955,0.08343826349710942,0.00773408022405887,0.07176732495765246,0.007017198038704062,0.02930155953758918,0.09940025486985467,24,99,0.02146611120784586,0.1571635048127868,True,False,False,0.0005747091971220209,COMPLETE
1602,0.4386092901229859,2025-04-03 08:58:18.351018,2025-04-03 09:00:00.597294,0 days 00:01:42.246276,0.8158243498536486,0.24969455991632125,2,0.2572540713289686,0.21731459971269074,0.02265286100247851,0.0672064548308231,0.010445195262419915,0.003219550287594033,0.0013854537621721971,26,88,0.013391501029251282,0.1680819722229682,True,False,False,0.000393812104768498,COMPLETE
1603,0.4240978598594666,2025-04-03 09:00:01.117673,2025-04-03 09:01:40.731526,0 days 00:01:39.613853,0.9958318221428607,0.2723865005314068,2,0.22697958572087407,0.08865692301923254,0.002752369582349583,0.04686421366775707,0.01789459404687036,0.026042179059388413,0.046601337738878035,25,71,0.008015745700846923,0.13931236018342455,True,False,False,0.0004829089067586024,COMPLETE
1604,0.44256960153579716,2025-04-03 09:01:41.246905,2025-04-03 09:03:21.988160,0 days 00:01:40.741255,0.8607671532061645,0.12665995856921705,2,0.19392778333470284,0.25247964156801783,0.005652376565242703,0.0697383476280237,0.008626566446201436,0.03686917711459768,0.05697747274702243,26,68,0.015905713568682565,0.13119298452220807,True,False,False,0.0007018978745461515,COMPLETE
1605,0.43452157974243166,2025-04-03 09:03:22.539520,2025-04-03 09:04:57.965885,0 days 00:01:35.426365,0.7143690446394354,0.22688434562984777,2,0.24956714104441627,0.07717616900272725,0.004175304738355492,0.07314053446628864,0.006160933023680499,0.03051248108565342,0.0751040961225732,24,91,0.0193612395378312,0.25806778152307375,True,False,False,0.00099980999093364,COMPLETE
1606,0.31111624240875246,2025-04-03 09:04:58.482643,2025-04-03 09:06:22.438589,0 days 00:01:23.955946,0.9015796448737303,0.1861136769741961,2,0.14615573945916702,0.15419689979158888,0.025462491470156213,0.041957399401643315,0.014199083995019965,0.09809922265732506,0.03445432248481444,25,63,0.017870842916587606,0.14520960019172982,True,False,True,0.0003433887258595763,COMPLETE
1607,0.44358737468719484,2025-04-03 09:06:22.954339,2025-04-03 09:08:07.781520,0 days 00:01:44.827181,0.824726453826279,0.37698744636000225,2,0.23910778704605834,0.2466368476065724,0.008110328137776748,0.03224944803982747,0.021965297277355206,0.02792585045678006,0.02645098648830589,26,134,0.014366141461210768,0.13696289323688524,True,False,False,0.0005605778491166114,COMPLETE
1608,0.4400780558586121,2025-04-03 09:08:08.320689,2025-04-03 09:09:51.559322,0 days 00:01:43.238633,0.7975104924963461,0.3274558167410251,2,0.22215248704622037,0.24012374534855285,0.0028221271557301543,0.055558253906652144,0.010858215807195504,0.025437870385503283,0.04427630761439985,26,97,0.01215882026422333,0.23530779036639538,True,False,False,0.00018200023334852226,COMPLETE
1609,0.4500691056251526,2025-04-03 09:09:52.083378,2025-04-03 09:11:29.866424,0 days 00:01:37.783046,0.8540013855918053,0.160437994173692,2,0.2337050181589861,0.09032840992999323,0.019917874419635585,0.07763514183117502,0.004981896416960462,0.03099001367088772,0.06479874911878025,25,73,0.0213679161230041,0.12909635951100126,True,False,False,0.0008144234743799978,COMPLETE
1610,0.43278597593307494,2025-04-03 09:11:30.411784,2025-04-03 09:11:58.248489,0 days 00:00:27.836705,0.15278089621899066,0.28436122005911263,16,0.24393861200415384,0.224793017521302,0.00612142779510459,0.038531110427225956,0.007334805682676887,0.02773401534935738,0.05180736442619256,25,89,0.016035021139036147,0.1518422703926628,True,False,False,0.00044995910255440425,COMPLETE
1611,0.4427029252052307,2025-04-03 09:11:58.774442,2025-04-03 09:12:34.627865,0 days 00:00:35.853423,0.8883240727970672,0.30789023230423573,8,0.26463907147976534,0.23445350168444642,0.008908462198690138,0.06669452440814365,0.009828026611729294,0.0330827856797443,0.08017136196862612,24,95,0.02375052961062749,0.1411425551550981,True,False,False,0.0006907952611356747,COMPLETE
1612,0.4471835374832153,2025-04-03 09:12:35.143618,2025-04-03 09:14:11.952305,0 days 00:01:36.808687,0.828571758167113,0.24819466689300979,2,0.25135197821662464,0.171458775236942,0.0054210653841771025,0.07374019008294776,0.012363667484547052,0.02468711982511628,0.033657830750863246,25,57,0.019092282052753064,0.13584197750926405,True,False,False,0.0009992302938407246,COMPLETE
1613,0.2804898262023926,2025-04-03 09:14:12.498796,2025-04-03 09:15:39.436665,0 days 00:01:26.937869,0.8624863585579762,0.3459378255263284,2,0.2581102299184789,0.07974773636264836,0.008251577383586728,0.06994840141675968,0.016130596643849852,0.02923071220130728,0.05739944134086067,26,71,0.01714165317418148,0.12922709922134462,True,True,False,0.00026815917526805416,COMPLETE
1614,0.44042236804962165,2025-04-03 09:15:39.960185,2025-04-03 09:17:22.713548,0 days 00:01:42.753363,0.9985988101351283,0.26717021923063383,2,0.2274953597373554,0.22970108619418372,0.001031989409491398,0.06492435763063105,0.01993149338372365,0.0010354073754153962,0.04234892637099076,26,87,0.015069834237313732,0.1604982268621115,True,False,False,0.0005743758173771933,COMPLETE
1615,0.423123049736023,2025-04-03 09:17:23.233772,2025-04-03 09:19:02.227689,0 days 00:01:38.993917,0.8009800167737984,0.20528117457152595,2,0.2387694790980369,0.21240647866795068,0.01680662218845437,0.06907422426470476,0.003930185531555629,0.009948778054968778,0.021466889768711687,25,93,0.01013686484300838,0.14622959580135936,True,False,False,0.000391468210939896,COMPLETE
1616,0.4219042301177979,2025-04-03 09:19:02.774368,2025-04-03 09:20:37.824807,0 days 00:01:35.050439,0.8461259620501329,0.29423277813782667,2,0.21545121980004134,0.08525060359789234,0.003943522524977112,0.034477765964493874,0.00843256239567151,0.026920870426138985,0.06707936985359665,24,124,0.02232021614217886,0.14077866180100135,False,False,False,0.0006995534946220815,COMPLETE
1617,0.4474852561950684,2025-04-03 09:20:38.353580,2025-04-03 09:22:20.559535,0 days 00:01:42.205955,0.9369907104170816,0.22776038338371601,2,0.2476814467402733,0.09589048062011432,0.021864420268211913,0.07137443895648636,0.013599028823907261,0.03528361141734753,0.08288159169603512,26,74,0.020382494203873232,0.1325187193640859,True,False,False,0.00022776341347553102,COMPLETE
1618,0.4274474143981934,2025-04-03 09:22:21.108910,2025-04-03 09:24:00.052826,0 days 00:01:38.943916,0.6022698958839259,0.27780004649605317,2,0.23291670106779083,0.21928566536261826,0.006862099849803817,0.08106586925755685,0.006163925906118664,0.03131917467395629,0.051626532304318344,25,66,0.01341193460991346,0.12536619751516728,True,False,False,0.00048328596709954586,COMPLETE
1619,0.42985359430313114,2025-04-03 09:24:00.578942,2025-04-03 09:25:40.019366,0 days 00:01:39.440424,0.8149679277942673,0.32179173478492007,2,0.2629452842560031,0.0901005125812976,0.009626588082022276,0.0756715974113544,0.011094017413722266,0.02533078142978643,0.04011957798763494,25,102,0.018515515606532244,0.14740923928286292,True,False,False,0.000320483077483783,COMPLETE
1620,0.44206966161727906,2025-04-03 09:25:40.547311,2025-04-03 09:27:22.509496,0 days 00:01:41.962185,0.8769587455817882,0.8717655010064589,2,0.24145684569430545,0.0710090287960839,0.02471978515113026,0.06639601068872666,0.008228538390137076,0.0068227280289880725,0.030364840561358363,26,90,0.025589687685293364,0.15287401852950336,True,False,False,0.0008093187223716571,COMPLETE
1621,0.43158653974533084,2025-04-03 09:27:23.052964,2025-04-03 09:28:52.935688,0 days 00:01:29.882724,0.7860543515980786,0.24685526316742387,2,0.22019099448234575,0.24356173189144753,0.018679356807850492,0.04421101428721184,0.004190543170474199,0.04536092523045615,0.07236222606875331,23,61,0.0628689137920784,0.1356638069070114,True,False,False,0.0005915941743027851,COMPLETE
1622,0.42359840869903564,2025-04-03 09:28:53.459125,2025-04-03 09:30:31.771499,0 days 00:01:38.312374,0.904339750878038,0.30342486177709066,2,0.2554659298504621,0.0819066538394794,0.028896665349655175,0.06787863160965397,0.012243353554141042,0.029780472578227867,0.060282640635593,25,69,0.011989806734632891,0.14173891488805485,True,False,False,0.0009997714954456348,COMPLETE
1623,0.44935448169708253,2025-04-03 09:30:32.291729,2025-04-03 09:32:14.379384,0 days 00:01:42.087655,0.8386181089904218,0.2583661175092053,2,0.23076081707820664,0.09341213853155507,0.011033830455395213,0.06458518978392963,0.048911364577754246,0.026790343011409867,0.04731691676411882,26,86,0.015334630878036794,0.12639857887903136,True,False,False,0.00046134386289637774,COMPLETE
1624,0.31203557848930363,2025-04-03 09:32:14.938574,2025-04-03 09:33:31.171551,0 days 00:01:16.232977,0.7424266331541762,0.35638706009351373,2,0.24577131640802907,0.2300008320967743,0.001169659749474635,0.05621081949015908,0.009984753625599016,0.032885053364579454,0.05480452925901472,22,74,0.01685737118083753,0.13274977846575592,True,False,True,0.000694547374422177,COMPLETE
1625,0.42909859418869023,2025-04-03 09:33:31.696329,2025-04-03 09:35:07.701395,0 days 00:01:36.005066,0.8057843750146065,0.2855292505681409,2,0.2376239767332432,0.0985955368424566,0.00480124613830837,0.04054139322361527,0.018459662587320427,0.023770364012992963,0.006126437293846297,24,92,0.020405876769940188,0.13921035628734652,True,False,False,0.0003593787726312191,COMPLETE
1626,0.43650488853454594,2025-04-03 09:35:08.257618,2025-04-03 09:36:50.988540,0 days 00:01:42.730922,0.9216359791890495,0.3316056910953085,2,0.22738645135438587,0.08923284222945854,0.014447227530177971,0.07369059082910123,0.027221558126691643,0.028481450909755315,0.08909015383092468,26,97,0.014184221965111623,0.1464671085742726,True,False,False,0.0008097926610027554,COMPLETE
1627,0.44635746479034427,2025-04-03 09:36:51.514463,2025-04-03 09:38:30.959395,0 days 00:01:39.444932,0.8586395402546564,0.2283584098277053,2,0.25210962936968295,0.03630081936251256,0.007716820402286904,0.03711261506824679,0.015594634564782389,0.05117931739893854,0.03751916462312603,25,65,0.018438319103498566,0.12962020954206713,True,False,False,0.0005652090839478504,COMPLETE
1628,0.43645251989364625,2025-04-03 09:38:31.485356,2025-04-03 09:40:07.821796,0 days 00:01:36.336440,0.8865072270130852,0.31626629440535564,2,0.26139165821597626,0.14323785832932295,0.002987352773238228,0.06484961732761572,0.0073522456394026995,0.07837739784566716,0.06998847598787501,24,85,0.021848341207866155,0.15722586353477455,True,False,False,2.2588005995877235e-07,COMPLETE
1629,0.4465317130088806,2025-04-03 09:40:08.370757,2025-04-03 09:41:50.738848,0 days 00:01:42.368091,0.8354671832938049,0.1908928780999064,2,0.23603061700062553,0.20787470587012735,0.010269562106019033,0.05224947950901318,0.006078364573766213,0.0035023304584349078,0.046253927030499076,26,71,0.01591392391959201,0.1360840087116161,True,False,False,0.0002892575830456436,COMPLETE
1630,0.43024444580078125,2025-04-03 09:41:51.263113,2025-04-03 09:43:30.900495,0 days 00:01:39.637382,0.6966598439187832,0.2746982242866387,2,0.24811710524332814,0.10096698008525294,0.00632153654124128,0.07166570144316202,0.009943415516012653,0.03036277572954422,0.060474546925235004,25,94,0.012295747257372126,0.1522698686318057,True,False,False,0.0004168026958225037,COMPLETE
1631,0.2804898262023926,2025-04-03 09:43:31.452644,2025-04-03 09:43:55.404043,0 days 00:00:23.951399,0.7578941340820847,0.2968487686288996,16,0.24164680223446008,0.08480452631737677,0.026553585228947248,0.0305713714230002,0.004774915200291099,0.025148800513888504,0.08342750271509336,26,69,0.017675201824953888,0.12515676713454474,True,True,False,0.0006597200523496016,COMPLETE
1632,0.423123049736023,2025-04-03 09:43:55.937310,2025-04-03 09:45:35.743445,0 days 00:01:39.806135,0.7878579291137066,0.2564316432769612,2,0.10347644128540771,0.21736486746999,0.012972380536635289,0.0626497339288818,0.012650543691499106,0.027942331862944578,0.025931951330280145,25,88,0.00935916571099599,0.14378030523556395,True,False,False,0.0009975797611351152,COMPLETE
1633,0.43906046152114875,2025-04-03 09:45:36.275539,2025-04-03 09:46:10.871029,0 days 00:00:34.595490,0.8225645820846906,0.21662711165969506,8,0.22275940483635673,0.23510437514540133,0.008805273960622256,0.06829411626601178,0.024150408625251255,0.03225564813390744,0.034229769704137956,24,73,0.019582869535083706,0.1378636850262958,True,False,False,0.0005240901992158757,COMPLETE
1634,0.44604020118713383,2025-04-03 09:46:11.424433,2025-04-03 09:47:52.778712,0 days 00:01:41.354279,0.8687637429776179,0.30437021967837696,2,0.2560112803142879,0.09397623300365543,0.004556524024524164,0.07873258154246428,0.00803733379499124,0.06009335008297788,0.053341956932930396,26,84,0.023875359879261253,0.18235848970204993,True,False,False,0.0007903029611299461,COMPLETE
1635,0.38322108387947085,2025-04-03 09:47:53.309642,2025-04-03 09:49:31.469241,0 days 00:01:38.159599,0.8989125430341334,0.33789873773770485,2,0.2659018027507124,0.10570258506375418,0.023770740424684147,0.05757592259370353,0.01407499142526284,0.023541250227810652,0.06692159430568191,25,100,0.014260524727628301,0.13113218775649652,False,False,False,0.00038350553554477755,COMPLETE
1636,0.44870574474334723,2025-04-03 09:49:32.028967,2025-04-03 09:51:09.197746,0 days 00:01:37.168779,0.9525694334990932,0.24271280703875237,2,0.20896720688732476,0.07858993301809628,0.011800436195901213,0.06607724753404745,0.010156959668179793,0.026160681360973305,0.09929124126840203,25,63,0.016795234677069084,0.14903331481147974,True,False,False,0.000587618032786344,COMPLETE
1637,0.4389171600341797,2025-04-03 09:51:09.727153,2025-04-03 09:52:51.357646,0 days 00:01:41.630493,0.7215541920290611,0.27926648815324984,2,0.22939538711273205,0.2524728961820303,0.01532770347259995,0.04235644087312017,0.0043182893878147156,0.03511806017712684,0.04122916914341195,26,75,0.02104516062479548,0.12189025841760436,True,False,False,0.00021248196347071119,COMPLETE
1638,0.4374670863151551,2025-04-03 09:52:51.886439,2025-04-03 09:54:27.124205,0 days 00:01:35.237766,0.8487477623414748,0.17234291441733296,2,0.08154905305303212,0.2274310352829492,0.007717369615370501,0.05432434373081253,0.006348552974570039,0.030749721323290385,0.07682176082994814,24,91,0.027746650029754544,0.16508281098767524,True,False,False,0.0002802023293399101,COMPLETE
1639,0.44811528921127325,2025-04-03 09:54:27.671209,2025-04-03 09:56:10.747499,0 days 00:01:43.076290,0.7991342948525322,0.3225112381030486,2,0.2445670092038925,0.09740348490491449,0.005713104641885356,0.07549034557315877,0.05723170836991334,0.028738435480350388,0.04913670844747754,26,88,0.011653208037434793,0.14223660694353227,True,False,False,0.00046588795664633843,COMPLETE
1640,0.4471996665000916,2025-04-03 09:56:11.283339,2025-04-03 09:57:49.841034,0 days 00:01:38.557695,0.7631764519808458,0.37127221283870115,2,0.23556355731794948,0.08922094657892853,0.002951340007972332,0.07035289629077696,0.008576665981456533,0.037170283983976,0.031615166798364215,25,95,0.01845310291546859,0.13389055609126882,True,False,False,0.0007831687916105539,COMPLETE
1641,0.44345970153808595,2025-04-03 09:57:50.394901,2025-04-03 09:59:32.458315,0 days 00:01:42.063414,0.8131324421350584,0.14777759218838257,2,0.24978221936573178,0.098972434455095,0.00964922629543952,0.06335603241255583,0.016927961991166692,0.09101693070710577,0.06173378037702136,26,71,0.015100785834970787,0.1270760803417525,True,False,False,0.0006583586428922664,COMPLETE
1642,0.4287675976753235,2025-04-03 09:59:32.989621,2025-04-03 10:01:11.508886,0 days 00:01:38.519265,0.976737301920098,0.2714942280797435,2,0.25825734744777556,0.10525412049211388,0.001142087207285427,0.045131151528812065,0.07895374173035045,0.02411375705521915,0.0432641883379576,25,67,0.01326372261040272,0.1369756977578617,True,False,False,0.00036237194938623874,COMPLETE
1643,0.31239000558853147,2025-04-03 10:01:12.041117,2025-04-03 10:02:34.231974,0 days 00:01:22.190857,0.8724448701599322,0.2905030548759313,2,0.23160263609424625,0.2416891376830319,0.020581500822732017,0.05908408053497183,0.011743541394245443,0.026335081259648174,0.004105487242886393,24,59,0.01975368008674966,0.14461543737420632,True,False,True,0.00048325831722736555,COMPLETE
1644,0.44886492490768437,2025-04-03 10:02:34.792803,2025-04-03 10:04:16.975997,0 days 00:01:42.183194,0.8274544904520694,0.20414708829019942,2,0.2402935636003336,0.22321702235906302,0.011870474873873804,0.06690551846373224,0.00700857016583734,0.04036594552251001,0.05476384696877245,26,74,0.01673496953217482,0.11753326581098004,True,False,False,0.0008294056334280501,COMPLETE
1645,0.4351075053215027,2025-04-03 10:04:17.507303,2025-04-03 10:06:03.787364,0 days 00:01:46.280061,0.7852181817853162,0.2369286318313349,2,0.22324645469066995,0.07607942669182978,0.030254229490115848,0.07249006596773966,0.021848754185359625,0.0015119512992642272,0.06997582358815764,27,93,0.022677247129411677,0.15448695368295925,True,False,False,0.0006535732655104908,COMPLETE
1646,0.44019544124603277,2025-04-03 10:06:04.343896,2025-04-03 10:07:43.756120,0 days 00:01:39.412224,0.3775526680866229,0.25799393261338005,2,0.24903341872130424,0.10844908088635681,0.00700580291722439,0.06908948279308261,0.003546842717755046,0.03400598042879002,0.08518297332792377,25,104,0.015593689655282732,0.20289648801643312,True,False,False,0.00032633597532287376,COMPLETE
1647,0.43048644065856934,2025-04-03 10:07:44.292696,2025-04-03 10:09:22.840156,0 days 00:01:38.547460,0.8467987434155121,0.3897328884181072,2,0.26868643057722247,0.0843748728898487,0.016422780865567605,0.06382671588593848,0.014469918488042282,0.02936453264284363,0.0998511393247219,25,84,0.018376573453713713,0.1290685990686066,True,False,False,0.0005396918535813516,COMPLETE
1648,0.42654808759689333,2025-04-03 10:09:23.367739,2025-04-03 10:11:07.066443,0 days 00:01:43.698704,0.9997092164342695,0.3450908064901437,2,0.21280343653101688,0.09378549558655429,0.0038066132181141196,0.06162189454233296,0.009484313728927394,0.03185063649808281,0.037104710770754515,26,98,0.006808600863379109,0.1394416983456171,True,False,False,0.0008065111390896969,COMPLETE
1649,0.2804898262023926,2025-04-03 10:11:07.617997,2025-04-03 10:12:29.536578,0 days 00:01:21.918581,0.9225628069184014,0.10505372428720781,2,0.23670263154682353,0.10432610171905321,0.009192019181844938,0.03576824076124217,0.020076322858617896,0.026984197777603667,0.04701507719952047,24,88,0.025507425485170876,0.14756843223378335,True,True,False,0.0004260031351733881,COMPLETE
