number,value,datetime_start,datetime_complete,duration,params_alpha-eval,params_alpha-train,params_batch-size,params_eps-eval,params_eps-train,params_lambda-actions-eval,params_lambda-actions-train,params_lambda-frames-eval,params_lambda-frames-train,params_learning-rate,params_n-epochs,params_n-frames,params_radius-gw,params_rho,params_std-feats,params_ub-actions,params_ub-frames,params_weight-decay,state
1992,0.4494360089302063,2025-04-03 18:54:56.131076,2025-04-03 18:56:39.224320,0 days 00:01:43.093244,0.8300891749578778,0.43690350983176973,2,0.23555506207015572,0.10895294984111405,0.009809935908649866,0.049646444146902766,0.02733179531566996,0.014021804425939331,0.08137041905266648,26,80,0.014892578184662983,0.1373659514944709,True,False,False,0.000469531068859228,COMPLETE
1993,0.37034441232681276,2025-04-03 18:56:39.889535,2025-04-03 18:58:18.047872,0 days 00:01:38.158337,0.9617966846463933,0.31919476725236823,2,0.25767748493220083,0.24488702821605865,0.012726566220814058,0.06097518622376099,0.016820251866422553,0.016634949031404788,0.09991062580838288,25,87,0.01745472877184179,0.14356385626448814,False,False,False,0.0005749323182906327,COMPLETE
1994,0.4296619057655335,2025-04-03 18:58:18.687295,2025-04-03 18:59:57.665946,0 days 00:01:38.978651,0.999718318002452,0.34852562056380576,2,0.25148059926670024,0.11771523261915261,0.01523216572639017,0.009914039409216077,0.013953964461864848,0.0056803099138132435,0.06124737159765388,25,74,0.011029519602032209,0.13687199285408633,True,False,False,3.505294060357374e-07,COMPLETE
1995,0.4376643776893616,2025-04-03 18:59:58.329363,2025-04-03 19:01:39.139184,0 days 00:01:40.809821,0.8569014285936426,0.38294218978691363,2,0.2235982404506906,0.1385140674228047,0.019465744419204345,0.05316161576360526,0.011003659163670326,0.02080833848081469,0.049995852941534406,26,63,0.01657998584646306,0.15212725424573845,True,False,False,2.6769209426240203e-07,COMPLETE
1996,0.4354224085807801,2025-04-03 19:01:39.804137,2025-04-03 19:03:26.452166,0 days 00:01:46.648029,0.937661317525157,0.28863203584449393,2,0.2303171335979095,0.09166666140590007,0.011194241378883599,0.07027445755926447,0.007977039312111363,0.009171644297774345,0.07322028298526786,27,85,0.014543551437067436,0.14186029151236548,True,False,False,0.0008036422029116566,COMPLETE
1997,0.4236887812614441,2025-04-03 19:03:27.094138,2025-04-03 19:05:10.143508,0 days 00:01:43.049370,0.818304626673219,0.26167379815887426,2,0.2390390153900533,0.1018118412825775,0.009611720035957685,0.05464093206161368,0.012600911478523576,0.01550945155207423,0.058359959770731225,26,77,0.00842798298159338,0.1357361645937499,True,False,False,0.000506322496522371,COMPLETE
1998,0.4489558458328247,2025-04-03 19:05:10.812243,2025-04-03 19:06:49.992199,0 days 00:01:39.179956,0.8391048415916964,0.24486089363745678,2,0.24500373517057386,0.10681217662497172,0.017142049929720356,0.05921471038403264,0.009666448786861709,0.01894824623776346,0.08646663526507123,25,88,0.01271060867561037,0.14870062264598777,True,False,False,0.0006920894913460785,COMPLETE
1999,0.44633533954620364,2025-04-03 19:06:50.666946,2025-04-03 19:08:19.696340,0 days 00:01:29.029394,0.8678744109147335,0.30434340439144114,2,0.2605218862490891,0.2246810551839439,0.05319753951908347,0.06178639445541817,0.002708673325789812,0.017046524090797023,0.047918471416993375,22,67,0.017900304977275506,0.14239433393798234,True,False,False,7.394814322564633e-06,COMPLETE
