number,value,datetime_start,datetime_complete,duration,params_alpha-eval,params_alpha-train,params_batch-size,params_eps-eval,params_eps-train,params_lambda-actions-eval,params_lambda-actions-train,params_lambda-frames-eval,params_lambda-frames-train,params_learning-rate,params_n-epochs,params_n-frames,params_radius-gw,params_rho,params_std-feats,params_ub-actions,params_ub-frames,params_weight-decay,state
967,0.28227649331092836,2025-04-02 16:22:13.484622,2025-04-02 16:23:41.403871,0 days 00:01:27.919249,0.900006141197575,0.31645708798331645,2,0.23197224381678636,0.08000017331367236,0.006590008939147971,0.0767013687461346,0.006334539674579601,0.01825163259005498,0.04355135747004532,26,71,0.04796798752409244,0.14566587471553277,True,True,False,0.0006312257841273899,COMPLETE
968,0.44790526628494265,2025-04-02 16:23:41.724294,2025-04-02 16:25:19.666912,0 days 00:01:37.942618,0.8431582930058628,0.2798610031620906,2,0.2409787424683063,0.11018502295706949,0.012161665151075907,0.05617919751891241,0.014823387178714323,0.03390699561179858,0.025809463031721703,25,82,0.018059892027484124,0.12621136298207059,True,False,False,0.0008014145430923402,COMPLETE
969,0.44177041053771976,2025-04-02 16:25:19.966422,2025-04-02 16:27:05.236078,0 days 00:01:45.269656,0.8098053286738988,0.35333651835804203,2,0.25560641892458513,0.09930908154328,0.010217529599528668,0.06297331989083804,0.02398456791788269,0.030086007722728618,0.05241345707055398,27,69,0.022190702434454028,0.13584706658536547,True,False,False,0.000539362253661131,COMPLETE
970,0.42848019599914555,2025-04-02 16:27:05.549941,2025-04-02 16:28:41.296755,0 days 00:01:35.746814,0.8617670098965764,0.3035130124621332,2,0.24661676530664126,0.08458076880081937,0.007965260665812096,0.06091881021625939,0.016883706439746553,0.026796842744535247,0.07279499630610481,24,75,0.012483833218768075,0.18130366877331067,True,False,False,0.00031645185307761965,COMPLETE
971,0.45021005868911745,2025-04-02 16:28:41.610375,2025-04-02 16:30:20.974062,0 days 00:01:39.363687,0.8264455725848476,0.3948919137930512,2,0.22902545320668627,0.10648442394330829,0.05236143031795669,0.06471499149027361,0.011226632011527031,0.023299013512880204,0.06237572366704234,25,109,0.019561800319879013,0.17007900352938743,True,False,False,0.0006577565807512082,COMPLETE
972,0.45213787555694585,2025-04-02 16:30:21.287952,2025-04-02 16:32:02.851940,0 days 00:01:41.563988,0.8747340509059318,0.3334975220371922,2,0.26361228287326804,0.09266001177566759,0.003918889355781394,0.07184965592359285,0.003905673808226432,0.028082899537222032,0.03456427784623479,26,65,0.01604811427236274,0.11959863524813835,True,False,False,0.0008465125028993664,COMPLETE
973,0.43310413360595706,2025-04-02 16:32:03.172147,2025-04-02 16:33:44.652119,0 days 00:01:41.479972,0.9027728918144939,0.3726110643885412,2,0.23949959484720662,0.09634701920035185,0.0038682225130175774,0.07112368286959764,0.0040765325577850125,0.029618205630464044,0.045571540593269656,27,27,0.01321145300925175,0.10792094257386443,True,False,False,3.0158443146518156e-07,COMPLETE
974,0.4334188103675843,2025-04-02 16:33:44.954507,2025-04-02 16:35:29.665505,0 days 00:01:44.710998,0.8783781925183929,0.34621054740056223,2,0.25198495461762377,0.10374158588312836,0.002902826420288355,0.07382405746235843,0.0026705226521733646,0.03200000661616069,0.03350923726734709,27,58,0.01492726033466448,0.11464044261413595,True,False,False,9.99882883207688e-07,COMPLETE
975,0.4254829525947571,2025-04-02 16:35:29.987089,2025-04-02 16:35:56.876908,0 days 00:00:26.889819,0.9247625576560868,0.34289621883862104,16,0.22287772924555377,0.11426238505173443,0.02471378988156081,0.07236538365867722,0.0034980005735920196,0.025196952628409392,0.08557360077589041,26,66,0.009668904317316096,0.11665957486582917,True,False,False,0.0008289923062524036,COMPLETE
976,0.42992917299270633,2025-04-02 16:35:57.195975,2025-04-02 16:37:45.363669,0 days 00:01:48.167694,0.8880159353690397,0.3278315750713551,2,0.24260699305947947,0.04616968716865044,0.0011242726571144678,0.0753046700718732,0.0033377552708248,0.01691263237082319,0.05800618606882298,28,64,0.011462471603534578,0.10365440033793881,True,False,False,0.0008217695155526547,COMPLETE
977,0.42733341455459595,2025-04-02 16:37:45.683862,2025-04-02 16:39:31.269443,0 days 00:01:45.585581,0.942112937757591,0.942985303810636,2,0.2326014850359903,0.09769998458754361,0.012759882127569674,0.07498630765707652,0.004888305421716344,0.026324282167242405,0.0003703574610917041,27,60,0.015971062690628167,0.1184942360377441,True,False,False,0.0008237025969400844,COMPLETE
978,0.42428907155990603,2025-04-02 16:39:31.589969,2025-04-02 16:41:13.844217,0 days 00:01:42.254248,0.8670468420503069,0.3631283774659509,2,0.2696609987558353,0.1482893810381203,0.015526794695638113,0.07252409858070259,0.005539727128994278,0.03476708842548198,0.04853936887624698,26,63,0.013909587256265971,0.12167517251514703,True,False,False,0.0008335429785197718,COMPLETE
979,0.44469206333160405,2025-04-02 16:41:14.148001,2025-04-02 16:42:55.719851,0 days 00:01:41.571850,0.9071338298379519,0.3872875895994059,2,0.25827717860461497,0.0915595654235057,0.011427532677724846,0.07145817260060029,0.0027020632286539562,0.022943728318072672,0.0380148171841146,26,65,0.016336265082357596,0.12231936078053175,True,False,False,0.0009746040262666952,COMPLETE
980,0.43366993665695197,2025-04-02 16:42:56.036440,2025-04-02 16:44:36.366780,0 days 00:01:40.330340,0.8824525953999593,0.3351105811162636,2,0.23525251674557857,0.1041516007677411,0.01353807608516773,0.07357243745196242,0.007038752872382098,0.051316806232340674,8.566718414531058e-05,26,55,0.01334033291636179,0.11502906601708755,True,False,False,0.0006681604346640527,COMPLETE
981,0.312078332901001,2025-04-02 16:44:36.685880,2025-04-02 16:46:07.409937,0 days 00:01:30.724057,0.8580325385889268,0.31870059681396384,2,0.24968503156786412,0.09882093978849078,0.022492117795174724,0.07755047353733548,0.007103102878226327,0.028200405230826724,0.07237264913592661,27,62,0.015043598947086125,0.10835853690367292,True,False,True,0.0006803696612201199,COMPLETE
982,0.4397459149360657,2025-04-02 16:46:07.735443,2025-04-02 16:47:47.638900,0 days 00:01:39.903457,0.8833377337611465,0.3352302653534068,2,0.2404371844476888,0.09149268752416471,0.008935652955778518,0.07011241025895723,0.0023873405654749403,0.01888618745726215,0.06204757572193272,26,60,0.01702861090196868,0.12697991648131504,True,False,False,0.000985949910890143,COMPLETE
983,0.43766258955001835,2025-04-02 16:47:47.962860,2025-04-02 16:49:30.446259,0 days 00:01:42.483399,0.8542855255787589,0.30678727517050747,2,0.1184896493287308,0.1111674392808638,0.006282072527993009,0.07292380147434138,0.005043619436960403,0.031388573551982914,0.049042999683479166,26,85,0.0878373613647814,0.12505917186216767,True,False,False,0.0007971591907388639,COMPLETE
984,0.3980651259422302,2025-04-02 16:49:30.769151,2025-04-02 16:51:18.188519,0 days 00:01:47.419368,0.902438283840597,0.3670458221431072,2,0.22689570140754095,0.02372952729087452,0.015577042962071685,0.06996898898584882,0.0010845202822353816,0.02543873718081375,0.09951024029414092,27,88,0.011993165286427488,0.1323046949950131,True,False,False,0.0006763035418062294,COMPLETE
985,0.4478657245635987,2025-04-02 16:51:18.496870,2025-04-02 16:53:00.026042,0 days 00:01:41.529172,0.8724562514067743,0.31752019965730666,2,0.22085801283711617,0.10480333870424936,0.0939173379234914,0.07626396549387612,0.008744770257906967,0.029424889771378217,0.04023766606377311,26,67,0.017390242586064326,0.12045854157079175,True,False,False,0.0005776583197167844,COMPLETE
986,0.2804898262023926,2025-04-02 16:53:00.345763,2025-04-02 16:54:26.247130,0 days 00:01:25.901367,0.6266315317143689,0.29446269246241674,2,0.24494420095927155,0.11781843712735923,0.011890138033086486,0.07159483557048833,0.0051340331256130925,0.021790869011064896,0.0783180864514954,25,82,0.014202389568261774,0.11338372908883479,True,True,False,0.0007502394468787596,COMPLETE
987,0.424396276473999,2025-04-02 16:54:26.570343,2025-04-02 16:56:08.827414,0 days 00:01:42.257071,0.8415609842415985,0.3462483204314114,2,0.23467458464857802,0.09803823309631485,0.003922451881122829,0.06836690680364617,0.0084766404559268,0.014557324828255534,0.05464399399749613,26,79,0.010302759667583889,0.1304019618715619,True,False,False,0.00082839342971429,COMPLETE
988,0.4350978136062622,2025-04-02 16:56:09.148665,2025-04-02 16:57:50.098603,0 days 00:01:40.949938,0.08697817203600366,0.27431296044914877,2,0.25407576239122237,0.0905960470544503,0.009758110812369039,0.07368974919163761,0.006708702120281721,0.032985584318434805,0.031291710828690505,26,62,0.01564635457013478,0.13809428651255995,True,False,False,2.393738863041322e-06,COMPLETE
989,0.4232183814048767,2025-04-02 16:57:50.422601,2025-04-02 16:59:32.486476,0 days 00:01:42.063875,0.9253205649481105,0.2974322298407729,2,0.26048904259605854,0.22635014664129283,0.01354873115410655,0.05813028714399794,0.009385897809902954,0.02377513910989551,0.06456147592470235,26,80,0.012451457090297,0.12629823548341693,True,False,False,0.0005676152355133153,COMPLETE
990,0.4394941449165345,2025-04-02 16:59:32.794966,2025-04-02 17:01:18.528600,0 days 00:01:45.733634,0.8570574808580377,0.3200825719351479,2,0.24849426667072913,0.12546962257495864,0.007997757803543734,0.0699282944976839,0.004286364741423811,0.027285820917348966,0.04278476067875698,27,89,0.05487456229310869,0.13479311458897053,True,False,False,0.0009936386211198119,COMPLETE
991,0.4497254252433777,2025-04-02 17:01:18.849732,2025-04-02 17:02:58.097934,0 days 00:01:39.248202,0.8894049061560635,0.26498672973798093,2,0.2147625765607539,0.10705697887650774,0.024597140223013812,0.056469269588548164,0.011065057982209262,0.03105408993665825,0.05424041335570225,25,85,0.018194578284568497,0.14198622877337028,True,False,False,0.0006629513965212815,COMPLETE
992,0.4253221035003662,2025-04-02 17:02:58.424825,2025-04-02 17:04:46.618679,0 days 00:01:48.193854,0.8421576992316727,0.28392311352205946,2,0.22994079738714543,0.10001826008558735,0.010070848586908623,0.06903797829592623,0.0070043251664638735,0.03719879642152718,0.07674090441893486,28,68,0.020100850891479814,0.12430723455371445,True,False,False,0.0009816226499433619,COMPLETE
993,0.42404139041900635,2025-04-02 17:04:46.948998,2025-04-02 17:06:24.984728,0 days 00:01:38.035730,0.8643603929083974,0.33336965902796023,2,0.23917073016669357,0.09384269154773915,0.02048793299908902,0.05912578176544732,0.012319435129279651,0.020423772040812783,0.03559532209188156,25,58,0.015999907595368172,0.11797771817998794,True,False,False,0.0009833906614491307,COMPLETE
994,0.4418724656105042,2025-04-02 17:06:25.316036,2025-04-02 17:08:11.701333,0 days 00:01:46.385297,0.9106870269494078,0.31034631756885356,2,0.24468693289268895,0.22003294273083407,0.011367407056368455,0.06132791334888606,0.009010726016065385,0.029054306100007723,0.06297134022870568,27,77,0.013197358888300275,0.13103067524062106,True,False,False,0.0009980509603773886,COMPLETE
995,0.44898489713668827,2025-04-02 17:08:12.029725,2025-04-02 17:09:49.730362,0 days 00:01:37.700637,0.8766765864829117,0.24832985025980503,2,0.23415966479225134,0.21299064491435638,0.015019534052449842,0.07124691409135309,0.005736492144127866,0.024448999269990432,0.045345182759909064,25,65,0.017690896037026727,0.13910037211475648,True,False,False,0.0005591137558954777,COMPLETE
996,0.44143917560577395,2025-04-02 17:09:50.038842,2025-04-02 17:11:33.382865,0 days 00:01:43.344023,0.8325883350758495,0.2805246470762524,2,0.2235723418117323,0.11408340125635628,0.007746642760338183,0.06757320456618118,0.00288497167952664,0.026386051056717874,0.08444096088128708,26,85,0.014503523506429456,0.13129706078089037,True,False,False,0.0006813545638416507,COMPLETE
997,0.4245460510253906,2025-04-02 17:11:33.708984,2025-04-02 17:12:01.374600,0 days 00:00:27.665616,0.9427314112701943,0.29966712652785443,16,0.25337616910191196,0.13327512205741038,0.004988832931299651,0.05780096134726952,0.010081136865599317,0.030476019122137772,0.051707751843990235,26,77,0.010871184723904234,0.14565449072800407,True,False,False,0.0005022915583789788,COMPLETE
998,0.4348355412483216,2025-04-02 17:12:01.697385,2025-04-02 17:13:37.860452,0 days 00:01:36.163067,0.8503953140595112,0.3560662697226659,2,0.2393716758033935,0.10271547569987921,0.012602676215428937,0.06233431035748327,0.013240042832812268,0.019083640310923727,0.07081969012679667,24,82,0.016284272975016518,0.12021291223285616,True,False,False,0.0007712303501423477,COMPLETE
999,0.3104754090309143,2025-04-02 17:13:38.187110,2025-04-02 17:15:05.379166,0 days 00:01:27.192056,0.8971752078118326,0.2704417603726625,2,0.26541734239342235,0.09499056076256895,0.010259447820026055,0.059554668897354834,0.0070599680335266994,0.028572999401517054,0.037130635202785575,25,74,0.00834222643768651,0.10997725965331506,True,False,True,0.0006850839113143371,COMPLETE
1000,0.4418249487876892,2025-04-02 17:15:05.714542,2025-04-02 17:16:50.861801,0 days 00:01:45.147259,0.8722373026315376,0.32681655349646915,2,0.22750332990183234,0.24805036665450264,0.016013154467237882,0.07348247090308986,0.01098410830685461,0.023016500006108838,0.04635978275158001,27,80,0.02013621113970674,0.12657921034764974,True,False,False,0.0005197750879369961,COMPLETE
1001,0.423123049736023,2025-04-02 17:16:51.196288,2025-04-02 17:18:22.986041,0 days 00:01:31.789753,0.968394457154916,0.2549206463560052,2,0.04675535372714493,0.10814741270821167,0.006695697270406878,0.06427846814512772,0.007874024995299359,0.016622374088913306,0.06094931836858671,23,69,0.014146268125417659,0.1374237584084886,True,False,False,0.0009919646426384163,COMPLETE
1002,0.44617742300033575,2025-04-02 17:18:23.300350,2025-04-02 17:20:03.151945,0 days 00:01:39.851595,0.8312303658411739,0.2944832997419771,2,0.24740549154867142,0.0876305402882761,0.013729630481813172,0.03953856447711799,0.014021095066473439,0.03274066608616329,0.05405690084072173,25,89,0.018051920712633354,0.14241058397475612,True,False,False,0.0007554872538897834,COMPLETE
1003,0.4238832235336304,2025-04-02 17:20:03.480232,2025-04-02 17:21:45.663808,0 days 00:01:42.183576,0.8535885707476684,0.24329185523678118,2,0.16008072244716126,0.10174312856269051,0.002802661675542325,0.07003634468427958,0.004405371808103683,0.025757118680306168,0.08376850813373447,26,75,0.021848310468834436,0.13366299721578082,True,False,False,0.00041015432360080726,COMPLETE
1004,0.4365058064460755,2025-04-02 17:21:45.990229,2025-04-02 17:23:29.782815,0 days 00:01:43.792586,0.889237089936924,0.26773491083191336,2,0.23522010965497278,0.11487336413154386,0.021958200906420665,0.05567768895619694,0.01009808023567052,0.027828483972916953,0.028465742490686754,26,78,0.015448509753375767,0.12382580135794419,True,False,False,0.0009969525327090385,COMPLETE
1005,0.44164905548095706,2025-04-02 17:23:30.110128,2025-04-02 17:25:09.731009,0 days 00:01:39.620881,0.8241772975634093,0.561932258599832,2,0.25699574168019357,0.23024457123338812,0.010837836975793798,0.07523673263942537,0.012321770346629879,0.08903577626849835,0.040012200289083935,25,86,0.011974256724390758,0.15018911387404024,True,False,False,5.306837464094109e-07,COMPLETE
1006,0.2804898262023926,2025-04-02 17:25:10.060533,2025-04-02 17:26:31.132712,0 days 00:01:21.072179,0.9141648443433996,0.2865672883436884,2,0.24238391513165777,0.08912749173020677,0.008225829853353725,0.06718027131951512,0.015474721286632012,0.02398629348023016,0.06579131217142523,24,71,0.017152963123972333,0.1293951608862214,True,True,False,0.0005839736247861676,COMPLETE
1007,0.4461336493492127,2025-04-02 17:26:31.463471,2025-04-02 17:28:11.019778,0 days 00:01:39.556307,0.8647607693036987,0.31055221847193853,2,0.2301231745822916,0.09713673633809301,0.012126298724354036,0.06128715370070922,0.007856956988465263,0.05793828458265493,0.04702942410034001,25,82,0.0507498937231782,0.1133144808586078,True,False,False,0.0007929879645035365,COMPLETE
1008,0.4399748682975769,2025-04-02 17:28:11.334856,2025-04-02 17:29:56.764028,0 days 00:01:45.429172,0.8461251301770477,0.40335051537552563,2,0.24984016372424128,0.10348243396950857,0.02387949011168043,0.06304795224200807,0.012369367147499765,0.07990328791107085,0.032824535047101415,27,65,0.019191511328854938,0.13472789348861755,True,False,False,0.0006310720472871478,COMPLETE
1009,0.43030713796615605,2025-04-02 17:29:57.090897,2025-04-02 17:31:41.458385,0 days 00:01:44.367488,0.8808847544081775,0.33540981489214033,2,0.238233931427399,0.10955173096721457,0.005419017932148863,0.07741862139557715,0.0056415063818857384,0.01768467408409703,0.07145946100962271,26,115,0.01631534936945929,0.11956980982868537,True,False,False,0.0005102761898052835,COMPLETE
1010,0.4305319905281067,2025-04-02 17:31:41.786768,2025-04-02 17:33:06.243651,0 days 00:01:24.456883,0.8206011103559956,0.2528203407047615,2,0.24459769227700792,0.0954325713492905,0.008856525685957704,0.0688477899387504,0.01478180734062061,0.03500574615401968,0.05611328427440498,20,129,0.013447582977828332,0.1433044881547101,True,False,False,0.0008118716079487044,COMPLETE
1011,0.4261728882789612,2025-04-02 17:33:06.574242,2025-04-02 17:34:46.965316,0 days 00:01:40.391074,0.840498045682165,0.30743238577751986,2,0.2232225135579975,0.1209199430379785,0.09963566196226219,0.059417194541036215,0.0034233193332565805,0.02224860409634761,0.08543990023024295,25,74,0.009699223607420693,0.1280812641175154,True,False,False,0.0004056977084953602,COMPLETE
1012,0.4407138466835022,2025-04-02 17:34:47.298686,2025-04-02 17:36:22.235679,0 days 00:01:34.936993,0.8669349911147624,0.2742546779557167,2,0.21734703206603206,0.2206207442364871,0.014518503938878675,0.06598211222204202,0.009721960500850762,0.02627082418028415,0.03982589462416363,24,68,0.02052496900024814,0.10142195269356392,True,False,False,0.0006520813438449916,COMPLETE
1013,0.4206758618354798,2025-04-02 17:36:22.566075,2025-04-02 17:38:09.707364,0 days 00:01:47.141289,0.9304441862466274,0.2991265493738719,2,0.25284040243091765,0.08981843791957077,0.011252225589214284,0.04379006060366959,0.010642303719221619,0.029804739181741736,0.06158392851994444,28,14,0.014388095602944607,0.13736855395999867,True,False,False,0.0007717824951251299,COMPLETE
1014,0.44709175825119024,2025-04-02 17:38:10.023144,2025-04-02 17:39:53.387138,0 days 00:01:43.363994,0.8931105136191546,0.23985093057353915,2,0.18084513860110382,0.08609527108355959,0.01602794678670543,0.07173589685203172,0.01654866093089152,0.013798113176452456,0.04865395571325223,26,78,0.0238304886867019,0.1467898049102346,True,False,False,0.0004904411685248291,COMPLETE
1015,0.4413426637649537,2025-04-02 17:39:53.717774,2025-04-02 17:41:30.544736,0 days 00:01:36.826962,0.0160602320755025,0.3456374654832158,2,0.26055161922053455,0.10706370702328417,0.018146042513286463,0.06358414032459891,0.007564484274630248,0.020533042471676855,0.07408985323019676,25,62,0.018435522499892488,0.12155154555255433,True,False,False,0.0006498819233340497,COMPLETE
1016,0.42791907787322997,2025-04-02 17:41:30.869691,2025-04-02 17:42:05.096193,0 days 00:00:34.226502,0.8108833079207382,0.265498996267112,2,0.2323220357147835,0.22804747173403955,0.012760136761487729,0.06067327264952956,0.09664655558526529,0.02798454704030004,0.054097623640414115,5,89,0.01579873955512705,0.13299268111431914,True,False,False,0.0008260053941730037,COMPLETE
1017,0.44375069141387946,2025-04-02 17:42:05.430707,2025-04-02 17:43:48.240420,0 days 00:01:42.809713,0.8497044115780132,0.3683165468840343,2,0.24147674073273465,0.2469771155108492,0.007020278721000294,0.05677356214057307,0.013500128039332471,0.03148596227853244,0.024154702830720656,26,84,0.012246101006109258,0.14085370145137022,True,False,False,0.0003621287476249787,COMPLETE
1018,0.4369275093078614,2025-04-02 17:43:48.576228,2025-04-02 17:44:15.042117,0 days 00:00:26.465889,0.9108717550715625,0.32321300568096384,16,0.2725600836981932,0.09849365665909819,0.009533470740242864,0.06738368191627278,0.005466464498589026,0.025120728722929263,0.04363282795428978,25,72,0.01818152049440168,0.12785767361224137,True,False,False,0.0009971277734899247,COMPLETE
1019,0.31184672117233275,2025-04-02 17:44:15.371947,2025-04-02 17:45:44.112631,0 days 00:01:28.740684,0.8303177450580361,0.2858663723866315,2,0.23512445552240768,0.11454620760488664,0.024467810381608186,0.0647403786616141,0.012417935553976144,0.07587418022590918,0.03213426302793909,26,80,0.02151289841750698,0.1238512552407739,True,False,True,0.0005553020028471251,COMPLETE
1020,0.4331800222396851,2025-04-02 17:45:44.432985,2025-04-02 17:47:20.312580,0 days 00:01:35.879595,0.8662953129074478,0.28424880589661206,2,0.24754606621444705,0.2103175708308642,0.0767679409700674,0.062167360209732056,0.009224102935887098,0.06366582722308435,0.08722394313288406,24,76,0.014607475596494942,0.11516120079281829,True,False,False,0.0007921615629081001,COMPLETE
1021,0.4377177119255066,2025-04-02 17:47:20.643954,2025-04-02 17:48:17.089595,0 days 00:00:56.445641,0.8857005377880449,0.25966758087860564,2,0.22807745328174628,0.09275414336691631,0.013608848081822437,0.058982544868519636,0.002343339060531263,0.033350292303625434,0.06741128013566301,12,70,0.017130272840162664,0.1487838138760282,True,False,False,0.00046478131873075744,COMPLETE
1022,0.4342641234397889,2025-04-02 17:48:17.422922,2025-04-02 17:50:04.113460,0 days 00:01:46.690538,0.8425335689186483,0.3144060348855378,2,0.2392874658876519,0.10357043086208303,0.055045101446332706,0.06670446285889033,0.01538943682060776,0.027197062625042637,0.0561404903124164,27,108,0.010834449521764947,0.13562869557904858,True,False,False,0.000630293322905527,COMPLETE
1023,0.44082696437835694,2025-04-02 17:50:04.446233,2025-04-02 17:51:49.576897,0 days 00:01:45.130664,0.8103908139990578,0.23596367581015584,2,0.254256874371711,0.09957968562571634,0.019632623463348334,0.06910535161156409,0.011561977368351824,0.09640687132044722,0.03836353281144163,27,74,0.019739672042079118,0.14217412324171838,True,False,False,0.0007995258196409622,COMPLETE
