number,value,datetime_start,datetime_complete,duration,params_alpha-eval,params_alpha-train,params_batch-size,params_eps-eval,params_eps-train,params_lambda-actions-eval,params_lambda-actions-train,params_lambda-frames-eval,params_lambda-frames-train,params_learning-rate,params_n-epochs,params_n-frames,params_radius-gw,params_rho,params_std-feats,params_ub-actions,params_ub-frames,params_weight-decay,state
851,0.40449297428131104,2025-04-22 21:48:59.092472,2025-04-22 21:49:15.705448,0 days 00:00:16.612976,0.5087924608382708,0.2522776975360113,16,0.29993740184595435,0.08963712417922663,0.08925115287407556,0.05542358894506277,0.0063499402249776035,0.023953687817684716,0.018074596930166033,5,147,0.08377919542441385,0.20947783585445884,False,False,False,1.1112553209216978e-05,COMPLETE
852,0.4027928948402405,2025-04-22 21:49:15.967780,2025-04-22 21:49:32.717884,0 days 00:00:16.750104,0.8315893928742101,0.21538767101044928,16,0.28995514813878265,0.07324576645566397,0.09806341385925911,0.05984828549471588,0.004670307581246331,0.01812942955845227,0.008176054945376262,6,137,0.08020231807764767,0.16113314603043283,False,False,False,8.149338969069557e-06,COMPLETE
853,0.42106394767761235,2025-04-22 21:49:32.992298,2025-04-22 21:49:50.614177,0 days 00:00:17.621879,0.35786342143918326,0.23786022081286126,16,0.2789798279273482,0.09917714053816497,0.09100287887939522,0.05178738399163072,0.001082169745478744,0.03913015445516696,0.0022853546690967336,7,142,0.08272959643682165,0.22311503385432485,False,False,False,5.876272782891252e-06,COMPLETE
854,0.2994779348373413,2025-04-22 21:49:50.890382,2025-04-22 21:50:04.884073,0 days 00:00:13.993691,0.45981725937197127,0.2815637639826711,16,0.29462704269080403,0.06645269102390916,0.09497521933719712,0.05810023876248941,0.006525290413327536,0.026324849214181316,0.011865796737703957,5,49,0.08608577140339622,0.23222629696675093,False,True,False,7.4097656068901755e-06,COMPLETE
855,0.40247970819473267,2025-04-22 21:50:05.162376,2025-04-22 21:50:22.185648,0 days 00:00:17.023272,0.41115800172873623,0.26135872112225117,16,0.29999590479661603,0.08027480598411828,0.09620773535914895,0.06081655197872646,0.01693196638950729,0.026517708607649335,0.0032892701798045575,6,139,0.07790679347784522,0.2192637552223277,False,False,False,1.4517872795970051e-05,COMPLETE
856,0.39710785150527955,2025-04-22 21:50:22.449456,2025-04-22 21:50:40.645188,0 days 00:00:18.195732,0.48001033089394946,0.21117652628906852,16,0.2836898802904352,0.07174531311818633,0.09294499192979527,0.05639581829529977,0.0034382033068450684,0.03643417478392104,0.022216750989840627,8,145,0.09005255268247715,0.2277050049229455,False,False,False,1.0979499817677128e-05,COMPLETE
857,0.43790402412414553,2025-04-22 21:50:40.921804,2025-04-22 21:51:01.883809,0 days 00:00:20.962005,0.8182664033155683,0.23605567476456385,16,0.28814289113027153,0.0863111376949213,0.09823243908115276,0.05414633664040731,0.004590684315460341,0.040650761102303284,0.005488025958713591,7,135,0.09372648319938667,0.23543596660555294,True,False,False,2.0419837932034426e-05,COMPLETE
858,0.4714982032775879,2025-04-22 21:51:02.161149,2025-04-22 21:51:19.101777,0 days 00:00:16.940628,0.43957627627502155,0.26171135688217817,16,0.2793037800896107,0.07781190743151276,0.09493116693592918,0.05934949745441349,0.007634088549411503,0.02924276677686716,0.014228897594067928,6,142,0.08121907863913486,0.2146509824504895,False,False,False,5.771992581024008e-06,COMPLETE
859,0.3927978038787842,2025-04-22 21:51:19.366074,2025-04-22 21:51:35.887757,0 days 00:00:16.521683,0.7829391920311324,0.2197486070321922,16,0.2933965239631052,0.059473698634648624,0.08789968554156369,0.04814134074072958,0.006165719074174836,0.032803421188727346,0.009641704699356747,5,150,0.08321384480500565,0.22528790908051322,False,False,False,8.398510031909342e-06,COMPLETE
860,0.40697695016860963,2025-04-22 21:51:36.163777,2025-04-22 21:51:53.139017,0 days 00:00:16.975240,0.5320067796457053,0.24086591159163984,16,0.28395676368724687,0.06680563597307673,0.09118343606905031,0.061685364906605734,0.0029859767776377593,0.037506749703805305,0.017718195309078318,6,138,0.0877911886550488,0.23229773501208142,False,False,False,4.5697148417166725e-06,COMPLETE
861,0.41501940488815314,2025-04-22 21:51:53.416645,2025-04-22 21:52:09.927052,0 days 00:00:16.510407,0.4979955692932398,0.19067071342742048,16,0.2886291630711219,0.07462400740177186,0.09666255258676912,0.0560889306894675,0.004894971944863921,0.035325074723195134,0.013178316326737508,5,144,0.0851951764383289,0.21918764089108886,False,False,False,6.769258807964475e-06,COMPLETE
862,0.4241455674171448,2025-04-22 21:52:10.195514,2025-04-22 21:52:27.641748,0 days 00:00:17.446234,0.766207078206562,0.20753086351292205,16,0.27786332321130014,0.08384966847830642,0.09837971866315237,0.05280269521559109,0.0075745997185647255,0.03972148955487441,0.01641932356519459,7,133,0.07972231031802508,0.2375474401928979,False,False,False,1.2589832489758079e-05,COMPLETE
863,0.3892378330230713,2025-04-22 21:52:27.920244,2025-04-22 21:52:44.961376,0 days 00:00:17.041132,0.8073426571135932,0.2825733372209983,16,0.2766631019192306,0.06894521643946057,0.0927265480778441,0.05856621106497173,0.0027055070231757523,0.041959720978389146,0.0203675691573675,6,140,0.07630860831663468,0.21064755035895688,False,False,False,9.186484596365433e-06,COMPLETE
864,0.41086440086364745,2025-04-22 21:52:45.238910,2025-04-22 21:53:01.772559,0 days 00:00:16.533649,0.4501217803249776,0.25114312156488205,16,0.29226271922325203,0.09248098535862613,0.09467126754420363,0.05019054615554608,0.005288157863496876,0.033842264179198056,0.012066545032945153,5,147,0.08210073817830603,0.22722654276600693,False,False,False,1.695291942632647e-05,COMPLETE
865,0.42263071537017827,2025-04-22 21:53:02.053510,2025-04-22 21:53:18.839156,0 days 00:00:16.785646,0.8745741642368721,0.22689867525767168,16,0.28455727828058214,0.07709172109139115,0.09062400524519774,0.0611935390848836,0.02374660999563534,0.03695679370578227,0.01457576611470611,6,136,0.07906203432567174,0.22199702378325412,False,False,False,3.837978499053424e-06,COMPLETE
866,0.29600411653518677,2025-04-22 21:53:19.102183,2025-04-22 21:53:34.227157,0 days 00:00:15.124974,0.8333976622340333,0.17905067666180996,16,0.299895483308386,0.06506116031660641,0.09640152015833527,0.057712380003837965,0.007715105707566614,0.04332316690806475,0.017271183963085412,5,141,0.08435285828549068,0.2379597454864773,False,False,True,5.185689679969764e-06,COMPLETE
867,0.4874938130378723,2025-04-22 21:53:34.506363,2025-04-22 21:53:52.013088,0 days 00:00:17.506725,0.7789499479233749,0.24220552279321894,16,0.2781261858436795,0.05849995433196015,0.0999026210089669,0.06206715349338423,0.0063331967203750315,0.029869378729704237,0.010256152950185747,7,144,0.08109574663076977,0.23172581607078893,False,False,False,7.14598441913172e-06,COMPLETE
868,0.3976145148277283,2025-04-22 21:53:52.291595,2025-04-22 21:54:10.339586,0 days 00:00:18.047991,0.7907001698047318,0.2669822538457506,16,0.2792681297024691,0.06041933694543631,0.09974034296091082,0.0623036264333021,0.020927551114538007,0.029283176976934944,0.007743887408071598,8,137,0.08695970715426916,0.2402246818451901,False,False,False,6.147955970030494e-06,COMPLETE
869,0.4846259713172913,2025-04-22 21:54:10.607268,2025-04-22 21:54:28.227001,0 days 00:00:17.619733,0.7817864414031838,0.2473005645023753,16,0.2762154661948963,0.05790988270058402,0.09873768230694009,0.062384571069223564,0.008403415033595612,0.02682031802585227,0.010384242467201335,7,142,0.0832319926198474,0.23250649520970926,False,False,False,4.599947234204427e-06,COMPLETE
870,0.3928572654724122,2025-04-22 21:54:28.504305,2025-04-22 21:54:46.700444,0 days 00:00:18.196139,0.7811011239853207,0.279928287362576,16,0.27541396121485706,0.056366473951010056,0.09962937559421206,0.06240875180423625,0.009616722615415128,0.027214588796137033,0.005995411702397925,8,143,0.0854199223655729,0.23591627455570677,False,False,False,3.656245958168114e-06,COMPLETE
871,0.3951832532882691,2025-04-22 21:54:46.981659,2025-04-22 21:55:04.570306,0 days 00:00:17.588647,0.812115148525294,0.2544900927503533,16,0.2755202454670815,0.05719316506843918,0.09811814133836708,0.06268254347195006,0.007662183375344055,0.023831063142045007,0.009435503798302049,7,142,0.08832907363161914,0.23386091026627495,False,False,False,4.8559721672783555e-06,COMPLETE
872,0.3222653150558472,2025-04-22 21:55:04.854006,2025-04-22 21:55:21.043512,0 days 00:00:16.189506,0.7705393954861961,0.28583043556767984,16,0.27728447701631515,0.0834644527255082,0.0983031591054648,0.060758640891224604,0.008406210749029693,0.02611800126324908,0.009991838922379795,8,144,0.08185965639403507,0.24222294941757228,False,True,False,3.0307084903120268e-06,COMPLETE
873,0.42035334110260014,2025-04-22 21:55:21.312551,2025-04-22 21:55:38.678957,0 days 00:00:17.366406,0.7963153863664394,0.24827024226277486,16,0.2749184342098374,0.09029370208203998,0.09977634671053337,0.06223349963526208,0.008619322952641725,0.027491985983207165,0.007784191252461728,7,140,0.08434618513063147,0.23359275721547532,False,False,False,4.236743779097255e-06,COMPLETE
874,0.38040688037872317,2025-04-22 21:55:38.961439,2025-04-22 21:55:57.899944,0 days 00:00:18.938505,0.7693172177447638,0.26334003883587087,16,0.28059296698566455,0.07278599387628118,0.09994273925502503,0.060350952992720586,0.006640250754747424,0.024102418007631323,0.010285064643872084,9,147,0.08334903858130938,0.232574050891013,False,False,False,2.2610784079239435e-06,COMPLETE
875,0.4317241311073303,2025-04-22 21:55:58.181696,2025-04-22 21:56:19.386422,0 days 00:00:21.204726,0.7590946923516628,0.24651231616439426,16,0.27796477768164685,0.23697800052188983,0.09728295387319798,0.0631829342267681,0.008718005793747135,0.025516511746074107,0.011369128166113492,7,144,0.07742737339518652,0.24176856870847638,True,False,False,4.062566825647153e-06,COMPLETE
876,0.4063741326332092,2025-04-22 21:56:19.669032,2025-04-22 21:56:37.187064,0 days 00:00:17.518032,0.813151342422006,0.23365276479374136,16,0.28292010621325825,0.07803460875148853,0.0972267946641552,0.05998161281587915,0.0059877732797947725,0.02882782212602422,0.008427983023258185,7,140,0.08658799483680579,0.2286744424260813,False,False,False,5.670054577184838e-06,COMPLETE
877,0.39730682373046877,2025-04-22 21:56:37.457378,2025-04-22 21:56:55.555117,0 days 00:00:18.097739,0.7889360310243412,0.2717868388714115,16,0.27841168166188845,0.05893816382828909,0.09798279766610762,0.05701155799452021,0.005837765970241235,0.0307686914071761,0.004444510351532606,8,142,0.08093426342258818,0.23922768382501713,False,False,False,3.227451657082775e-06,COMPLETE
878,0.41752698421478274,2025-04-22 21:56:55.838479,2025-04-22 21:57:13.465587,0 days 00:00:17.627108,0.7585750983461771,0.2201808928881545,16,0.2748087678714863,0.07197225709617937,0.09671343879803843,0.06219417993063804,0.008930458946132189,0.028244760851684442,0.01171814917054689,7,139,0.08969752124797957,0.22830365800342742,False,False,False,4.982278360173281e-06,COMPLETE
879,0.4030673742294312,2025-04-22 21:57:13.749301,2025-04-22 21:57:31.469596,0 days 00:00:17.720295,0.7801109625677095,0.2409428278228954,16,0.27405042550887404,0.08535343057009312,0.09838993388626967,0.058675708129267826,0.003654083937365234,0.022445124094651377,0.009501506895013412,7,148,0.08326776701425975,0.23805169270099685,False,False,False,4.251837347160026e-06,COMPLETE
880,0.4393187046051026,2025-04-22 21:57:31.739072,2025-04-22 21:57:49.830932,0 days 00:00:18.091860,0.8419475703029061,0.2648730805536065,16,0.2832648770810724,0.10405699806557751,0.09984219074730764,0.06381380596898184,0.006651170041107387,0.029981430576102606,0.006795237493679879,8,145,0.04076126966062665,0.231563097071735,False,False,False,3.0845555551231047e-06,COMPLETE
881,0.43345557451248173,2025-04-22 21:57:50.114116,2025-04-22 21:58:07.500993,0 days 00:00:17.386877,0.8120726453660343,0.21062351254248193,16,0.2824921472386733,0.07929401460343989,0.09585884254558853,0.0603661908566798,0.0026360673201616834,0.026580973142726706,0.013528404907188315,7,138,0.07904350033493991,0.24170203645484153,False,False,False,6.899134030347435e-06,COMPLETE
882,0.43696355819702154,2025-04-22 21:58:07.784258,2025-04-22 21:58:23.909845,0 days 00:00:16.125587,0.7929778331773665,0.24046477259275198,16,0.27403426686041615,0.0693017185147115,0.0958974967816494,0.05519734149281135,0.0010332121330105578,0.03224022187966807,0.01200314101217616,6,61,0.08492410723498063,0.22934465635750276,False,False,False,5.12027231874555e-06,COMPLETE
883,0.40770571231842045,2025-04-22 21:58:24.195029,2025-04-22 21:58:41.788743,0 days 00:00:17.593714,0.8300836624871475,0.2862035958829206,16,0.28516374529774696,0.08162136540908928,0.09833568896434203,0.05795965520209951,0.0040913538375419575,0.02882319569159515,0.015110792303404065,7,142,0.08113817550836451,0.23559167505981315,False,False,False,2.619881480332006e-06,COMPLETE
884,0.43597252368927003,2025-04-22 21:58:42.060519,2025-04-22 21:59:08.689256,0 days 00:00:26.628737,0.7586970108070175,0.22539963165891577,16,0.2787379486135116,0.0973488955084564,0.09730998639238153,0.06124163345945535,0.009229967382544989,0.03101038842920563,0.010426420909445407,24,139,0.08631604278387438,0.23074874231924475,False,False,False,6.378737304141187e-06,COMPLETE
885,0.29795937538146977,2025-04-22 21:59:08.971661,2025-04-22 21:59:24.397201,0 days 00:00:15.425540,0.7805544138176675,0.26053113121904464,16,0.27286423143036675,0.058675491977054565,0.09503180629694474,0.05671700426439469,0.006392313077784783,0.02535127347123816,0.01302913164523655,6,144,0.0773126101847284,0.24088945722044675,False,False,True,3.574366068845645e-06,COMPLETE
886,0.42812299728393555,2025-04-22 21:59:24.682758,2025-04-22 21:59:41.630721,0 days 00:00:16.947963,0.8046968841710617,0.20134860031431998,16,0.2842899177961667,0.0763296312902536,0.0951458814025184,0.059508545629010194,0.004639593645084291,0.03207998819632086,0.021083931711842765,6,135,0.08265183065063694,0.22591723183486478,False,False,False,4.60837201531165e-06,COMPLETE
887,0.419736659526825,2025-04-22 21:59:41.903846,2025-04-22 21:59:58.952029,0 days 00:00:17.048183,0.7542813400924602,0.24415330156185716,16,0.2870443209306382,0.09012908379471826,0.09995148148727008,0.06404312420039329,0.007872546136852733,0.022743208364698526,0.016822002226108565,6,150,0.07989010965067299,0.23470874305315384,False,False,False,6.250877135246132e-06,COMPLETE
888,0.4336234331130982,2025-04-22 21:59:59.235009,2025-04-22 22:00:16.739528,0 days 00:00:17.504519,0.7761914046644527,0.22284318964092767,16,0.27709381783575926,0.20626891718008408,0.09997922609830323,0.061620736353166776,0.0010149102241336127,0.0268777825485758,0.008309245889039621,7,141,0.08452758249562342,0.22519633778352147,False,False,False,3.6745900664223756e-06,COMPLETE
889,0.3891072630882263,2025-04-22 22:00:17.025378,2025-04-22 22:00:33.761523,0 days 00:00:16.736145,0.7511537274294289,0.2787523942210854,16,0.28158239599079654,0.06577139691586062,0.09681866784681749,0.05829950142628344,0.010413703453043457,0.0295331368907569,0.011814110311381684,6,132,0.08818298784303943,0.23680023503059902,False,False,False,5.17279808508417e-06,COMPLETE
890,0.381197452545166,2025-04-22 22:00:34.049268,2025-04-22 22:00:52.161578,0 days 00:00:18.112310,0.8026761339945452,0.25113880226792246,16,0.27203713479789887,0.07252018363578432,0.09427265444635372,0.05580421290320758,0.006538504448296215,0.035805721402642016,0.018555786839602663,8,146,0.08180359479219329,0.2303844746347001,False,False,False,7.677155572649436e-06,COMPLETE
891,0.33792394399642944,2025-04-22 22:00:52.437691,2025-04-22 22:01:08.184756,0 days 00:00:15.747065,0.8326793515018168,0.20424060598528337,16,0.17282985378322438,0.08291746657161496,0.09819958764176907,0.06279612740132313,0.004402126500861892,0.0192295174206324,0.014296615394992686,7,138,0.07889105209538493,0.24461549843680575,False,True,False,2.2965328798950545e-06,COMPLETE
892,0.4336634397506714,2025-04-22 22:01:08.471183,2025-04-22 22:01:25.516756,0 days 00:00:17.045573,0.7674005423929251,0.2264703362676477,16,0.2872252104401144,0.18643351849830897,0.09631544330920686,0.05993971984702069,0.014143672703634882,0.03943827223328374,0.01022759379453026,6,143,0.08571796923802075,0.22470716220242334,False,False,False,4.229714670242362e-06,COMPLETE
893,0.3941026568412781,2025-04-22 22:01:25.803160,2025-04-22 22:01:43.329232,0 days 00:00:17.526072,0.7920207625633664,0.26666804052325843,16,0.2758960533140492,0.059162413843132575,0.09424849644588931,0.05427200371970027,0.0086814595374824,0.03798944931663577,0.013692236600087547,7,135,0.08344056908303736,0.24135409390592388,False,False,False,3.147680632059043e-06,COMPLETE
894,0.4331890344619751,2025-04-22 22:01:43.619576,2025-04-22 22:02:03.857552,0 days 00:00:20.237976,0.7713345158943016,0.2344575445720457,16,0.2823658385735848,0.07117996832700695,0.09826312512855506,0.05810813133343974,0.0030790695619500393,0.033409147787520146,0.021600127062570775,6,141,0.08087337871325521,0.23387044395278697,True,False,False,6.979413173369812e-06,COMPLETE
895,0.4227532029151917,2025-04-22 22:02:04.132380,2025-04-22 22:02:20.692392,0 days 00:00:16.560012,0.8650731919407761,0.2061401959049908,16,0.28899214699174514,0.07762980717998957,0.09640752500115986,0.06475114423685854,0.005998408380372571,0.030505367673254593,0.01848528080786087,5,147,0.09072537994440152,0.22846622463557992,False,False,False,5.552601803072253e-06,COMPLETE
896,0.41863943338394166,2025-04-22 22:02:20.979556,2025-04-22 22:02:38.492329,0 days 00:00:17.512773,0.7486799615529602,0.283627884097547,16,0.2714652969314017,0.125681766232066,0.09367196448046308,0.056388333919081685,0.009495110771981702,0.035761733056584144,0.016000368555983857,7,138,0.07617019830618638,0.22325150774331295,False,False,False,2.0389156287273714e-06,COMPLETE
897,0.48658505678176883,2025-04-22 22:02:38.783427,2025-04-22 22:02:55.852997,0 days 00:00:17.069570,0.826289246045697,0.25411377603717067,16,0.27928140749290065,0.06503630321763298,0.09816062302604041,0.06088264634226111,0.01193376670691729,0.025258660336949713,0.011697274401592515,6,144,0.08315260494728281,0.23809887333618746,False,False,False,1.0821826623261106e-05,COMPLETE
898,0.4024349689483643,2025-04-22 22:02:56.150471,2025-04-22 22:03:13.207865,0 days 00:00:17.057394,0.8645111806424001,0.9522537820755227,16,0.28744297437621197,0.08782869951440826,0.09989866987441035,0.059931264185391464,0.014671197320905348,0.02445030118408426,0.008888139545439804,6,148,0.0870244547422852,0.2461581349509346,False,False,False,2.6900847921979895e-06,COMPLETE
899,0.39161487817764284,2025-04-22 22:03:13.484554,2025-04-22 22:03:30.198540,0 days 00:00:16.713986,0.8269911527306757,0.2617712314606283,16,0.28090706711426927,0.0632223514314575,0.09800588939689887,0.053309925829004685,0.012252558754104415,0.025159790980036578,0.010687615047036745,5,145,0.08451002439637675,0.24361589369252498,False,False,False,3.879205175265958e-06,COMPLETE
900,0.39897452592849736,2025-04-22 22:03:30.488421,2025-04-22 22:03:47.004536,0 days 00:00:16.516115,0.846133292045827,0.25804015783657863,16,0.2877948712410709,0.07279859779884773,0.0982912519542456,0.057383061216131494,0.012959043455741868,0.024182226595598818,0.0067977459145787235,5,144,0.07828839870714377,0.23947538951484817,False,False,False,1.1429743958642978e-05,COMPLETE
901,0.37831238508224485,2025-04-22 22:03:47.293741,2025-04-22 22:04:04.372974,0 days 00:00:17.079233,0.8215435305675429,0.2901887996460592,16,0.2801423563425175,0.059910952522208696,0.09625297407819255,0.05877847514387274,0.011196914191749398,0.027513277554148365,0.011889081947660219,6,150,0.07996492799567594,0.23872135858671445,False,False,False,1.4430801501186043e-05,COMPLETE
902,0.42441208362579347,2025-04-22 22:04:04.671295,2025-04-22 22:04:23.297346,0 days 00:00:18.626051,0.811028271787566,0.2471929663575575,16,0.2900857048333978,0.08410724574802989,0.09861650477863765,0.055550458364515616,0.010315487539575863,0.02181405083825427,0.012092919337102636,9,142,0.0991127406312625,0.2443391404680324,False,False,False,2.153092797407067e-05,COMPLETE
903,0.38391069173812864,2025-04-22 22:04:23.575297,2025-04-22 22:04:41.042413,0 days 00:00:17.467116,0.8288114024665824,0.29074779590166316,16,0.28310125193224317,0.06767530414861411,0.09988079717184277,0.06088845132631225,0.01505796063051727,0.01998578996595638,0.007956750254300652,7,146,0.08314052978473296,0.2355843923359952,False,False,False,7.61016712983951e-06,COMPLETE
904,0.30139564275741576,2025-04-22 22:04:41.333997,2025-04-22 22:04:57.842009,0 days 00:00:16.508012,0.8490366824908827,0.2726785606295045,16,0.2768946597938535,0.07667982945098094,0.09406432351647182,0.06301066148023168,0.012967121220459173,0.027301258385244314,0.01585721047808711,8,144,0.08605032431567322,0.23216309681582284,False,False,True,4.890810385104337e-06,COMPLETE
905,0.42991231679916386,2025-04-22 22:04:58.133099,2025-04-22 22:05:15.228746,0 days 00:00:17.095647,0.89403733411238,0.24220308116757383,16,0.2841182518345293,0.06418859294102647,0.0955393338011718,0.059107524114789096,0.012209991346563118,0.0259806419684614,0.009856368446426393,6,141,0.08148555887686723,0.2387181802904263,False,False,False,6.022104808114305e-06,COMPLETE
906,0.4238770604133606,2025-04-22 22:05:15.524758,2025-04-22 22:05:31.939935,0 days 00:00:16.415177,0.7996917154491058,0.26305691412285215,16,0.28969838452456403,0.09515676629264073,0.09738387646422005,0.05431163899677699,0.00828046468393197,0.03034436005801392,0.01908638576814838,5,146,0.08864197904807485,0.24747697768163088,False,False,False,3.194603232997805e-06,COMPLETE
907,0.3907646656036377,2025-04-22 22:05:32.218333,2025-04-22 22:05:49.756726,0 days 00:00:17.538393,0.7972947812673766,0.2347660642623211,16,0.2756782954702587,0.08079585883066148,0.09347437164141187,0.05691318959391201,0.010462277556953312,0.02829679083001316,0.0229064803789749,7,142,0.08019465094789811,0.11172838814655286,False,False,False,4.329076015513806e-06,COMPLETE
