number,value,datetime_start,datetime_complete,duration,params_alpha-eval,params_alpha-train,params_batch-size,params_eps-eval,params_eps-train,params_lambda-actions-eval,params_lambda-actions-train,params_lambda-frames-eval,params_lambda-frames-train,params_learning-rate,params_n-epochs,params_n-frames,params_radius-gw,params_rho,params_std-feats,params_ub-actions,params_ub-frames,params_weight-decay,state
737,0.29908812046051025,2025-04-22 21:15:20.356664,2025-04-22 21:15:42.396450,0 days 00:00:22.039786,0.6363980166695722,0.21119039858029295,16,0.27730204312113005,0.0703616227414539,0.0999314714065777,0.06099882481981508,0.00626207832930448,0.0462750271988545,0.024025322939742324,20,146,0.040982067760764414,0.23818452569695245,False,True,False,5.731246081938869e-06,COMPLETE
738,0.4866884827613831,2025-04-22 21:15:42.621561,2025-04-22 21:15:58.958190,0 days 00:00:16.336629,0.6096409415188795,0.23927948587543132,16,0.285094291989241,0.07866258701492276,0.09359059187208772,0.05993406934536445,0.005189318415038596,0.02724482050424703,0.015584307086391051,5,140,0.08090672979854639,0.22671035574214374,False,False,False,4.1266955215581794e-06,COMPLETE
739,0.42635922431945805,2025-04-22 21:15:59.195643,2025-04-22 21:16:15.635976,0 days 00:00:16.440333,0.484308120816404,0.23702290162407966,16,0.2858321256755916,0.08747337375740127,0.0942327262500358,0.0591046319975904,0.0011223715175815172,0.03685372050352498,2.158462362479509e-05,5,140,0.08152508940553897,0.08718159563515246,False,False,False,4.2957223118864e-06,COMPLETE
740,0.43173501491546634,2025-04-22 21:16:15.877804,2025-04-22 21:16:35.199481,0 days 00:00:19.321677,0.605314674723554,0.20507850602768973,16,0.28536105889057456,0.07926760984077558,0.09300655916054336,0.05977513366914262,0.0037836319087145437,0.028428464976663407,0.01676074357670607,5,139,0.08489669828639251,0.2296215029521665,True,False,False,3.834211191847531e-06,COMPLETE
741,0.4260202765464783,2025-04-22 21:16:35.427767,2025-04-22 21:16:51.827063,0 days 00:00:16.399296,0.6770480805576036,0.2360086003679436,16,0.2931893974556963,0.10021156867606085,0.0929078761228087,0.06296269520117145,0.007106224868687195,0.03369533049162076,0.015143129946692847,5,143,0.08166706159021322,0.24253636158608863,False,False,False,4.88646753467208e-06,COMPLETE
742,0.429638159275055,2025-04-22 21:16:52.067798,2025-04-22 21:17:09.051917,0 days 00:00:16.984119,0.5867221068733237,0.18795337849393318,16,0.285991485934221,0.0844452758984173,0.09475068140504152,0.057981288781345224,0.013287823537343339,0.02866763167495548,0.012806247853957325,6,150,0.0858644450418074,0.23547085900407583,False,False,False,6.690072288018259e-06,COMPLETE
743,0.4141388893127442,2025-04-22 21:17:09.281196,2025-04-22 21:17:25.544179,0 days 00:00:16.262983,0.6269305217522992,0.2220075916683468,16,0.2916655822008354,0.07787495019081214,0.09629281779512129,0.06487977496129776,0.004966105018274195,0.027323533523021765,0.020033187347580757,5,135,0.08322642292597969,0.22889227627178957,False,False,False,7.797295107387068e-06,COMPLETE
744,0.4262858867645264,2025-04-22 21:17:25.783483,2025-04-22 21:17:42.757069,0 days 00:00:16.973586,0.6487332134317952,0.25236562695347775,16,0.2795359264877162,0.09243436755316917,0.0983581645819502,0.06009740001737541,0.007935450391642035,0.039704833979571044,0.015234138576766624,6,147,0.08099080565955499,0.24179820605525165,False,False,False,2.853163797460689e-06,COMPLETE
745,0.4183856010437012,2025-04-22 21:17:42.997956,2025-04-22 21:17:59.206503,0 days 00:00:16.208547,0.6982128444691532,0.19844118346042225,16,0.27949568799801966,0.0768055889212575,0.09997954394815371,0.06208476356914987,0.010213928039402059,0.023790919368653816,0.008585009692912465,5,143,0.07960138801560677,0.2354848911553146,False,False,False,4.159574574742446e-06,COMPLETE
746,0.4235838055610657,2025-04-22 21:17:59.436308,2025-04-22 21:18:16.959222,0 days 00:00:17.522914,0.7749752708914046,0.24406432744951867,16,0.2746299555580344,0.08273877607012367,0.09596832798157759,0.05669900821075697,0.0029745343003298157,0.02644598083290345,0.010633313166679141,7,139,0.08338636181905781,0.24789907510601744,False,False,False,5.591328543062074e-06,COMPLETE
747,0.4340121984481812,2025-04-22 21:18:17.201955,2025-04-22 21:18:33.866844,0 days 00:00:16.664889,0.7546105674666516,0.21753799945105134,16,0.2841569634517338,0.22501562803072833,0.09303870306195207,0.06680497094621729,0.006994289075722593,0.03051976227958346,0.01821176477096653,6,135,0.08793460828716829,0.22794269596652247,False,False,False,3.4827015127388585e-06,COMPLETE
748,0.4839363098144531,2025-04-22 21:18:34.094868,2025-04-22 21:18:51.296496,0 days 00:00:17.201628,0.44414588621599393,0.23297490058127227,16,0.29320169921674066,0.07355847778689038,0.09488527890362264,0.05998111088377966,0.005034413783426157,0.02108308151984914,0.013303645972380007,6,141,0.07924126430145542,0.21849927816353643,False,False,False,1.1138746756059364e-05,COMPLETE
749,0.42312183380126955,2025-04-22 21:18:51.538655,2025-04-22 21:19:08.532736,0 days 00:00:16.994081,0.7867088856565152,0.18156300684805154,16,0.2963649863094162,0.07113075880145614,0.09480625258875643,0.05856392788031448,0.0010127750505251809,0.020186114746213017,0.015859484210958646,6,141,0.07933426468610184,0.21846096904174658,False,False,False,1.3277982339414018e-05,COMPLETE
750,0.3723849058151245,2025-04-22 21:19:08.778427,2025-04-22 21:19:25.275694,0 days 00:00:16.497267,0.7057123403480501,0.20660221263469142,16,0.288954043268865,0.07188036093320618,0.09124284511983927,0.0564308123123298,0.00445761080823347,0.024569794916397065,0.02045610524419442,5,145,0.07883950063509323,0.047139379210436955,False,False,False,1.2045304464336955e-05,COMPLETE
751,0.301751971244812,2025-04-22 21:19:25.507487,2025-04-22 21:19:41.408649,0 days 00:00:15.901162,0.7703332533880823,0.2257708908957841,16,0.2955906245624627,0.0658170984622239,0.09654836907922026,0.05948445962428362,0.002743906552071732,0.03164267389090531,0.01402211960335584,7,142,0.07727663871953186,0.21591802582012404,False,False,True,8.516027180154184e-06,COMPLETE
752,0.40980396270751956,2025-04-22 21:19:41.650014,2025-04-22 21:19:58.568789,0 days 00:00:16.918775,0.7132679915637979,0.24610238810081964,16,0.28853215909025504,0.07374153616430783,0.09275103623192452,0.06364190431539221,0.005459016815563503,0.021401213069552658,0.02473590688383367,6,138,0.080662490555969,0.2501995512469643,False,False,False,1.0336169075832184e-05,COMPLETE
753,0.4069152593612671,2025-04-22 21:19:58.807818,2025-04-22 21:20:16.425685,0 days 00:00:17.617867,0.40812640029226854,0.16514253736316883,16,0.2937277739406045,0.07548579921553676,0.09432985130179457,0.05687346907380605,0.009272465337729777,0.038024557702559685,0.011528265259516259,7,147,0.07637755274394871,0.2228692473081663,False,False,False,1.0789513966995868e-05,COMPLETE
754,0.4225252270698548,2025-04-22 21:20:16.667376,2025-04-22 21:20:33.058457,0 days 00:00:16.391081,0.5047020130947715,0.20312126582489415,16,0.29151799009569,0.08885202323066613,0.09720552481635036,0.052473977085217796,0.004482281532642082,0.033978539401388494,0.0167594461152169,5,144,0.0814639171104792,0.2362736040131031,False,False,False,1.4702782570128675e-05,COMPLETE
755,0.48640058040618894,2025-04-22 21:20:33.302751,2025-04-22 21:20:50.199043,0 days 00:00:16.896292,0.5809336753053577,0.2583913296202022,16,0.2946409448441802,0.06856871868298539,0.09826816990278991,0.06057810543855314,0.011242259446448582,0.0360558501036475,0.014107741809405074,6,140,0.08004103921512486,0.21625570422153095,False,False,False,1.8249598726436974e-05,COMPLETE
756,0.4035636901855469,2025-04-22 21:20:50.431341,2025-04-22 21:21:07.501348,0 days 00:00:17.070007,0.553162253981502,0.25946282013835426,16,0.29914248326714565,0.0646418802446563,0.08984449846461746,0.06137931430611705,0.015655889521142198,0.03579069407521081,0.010385849087574953,6,137,0.07901410297459974,0.2192873891907959,False,False,False,9.065807200098598e-06,COMPLETE
757,0.3283881545066834,2025-04-22 21:21:07.746681,2025-04-22 21:21:22.566724,0 days 00:00:14.820043,0.603452355296615,0.25843038939147833,16,0.29370514860222596,0.06700436268191201,0.09504545620303267,0.06575444994032124,0.012367703787516844,0.03496998618340512,0.019940674592682374,5,140,0.076791175842885,0.21388693437914313,False,True,False,2.2655034445823465e-05,COMPLETE
758,0.4402342677116394,2025-04-22 21:21:22.812339,2025-04-22 21:21:39.275285,0 days 00:00:16.462946,0.5684971929497598,0.22102312016343567,16,0.29399817553650626,0.07117138582006745,0.0977600242629514,0.06213000945159255,0.01352258029127478,0.03235805675633014,0.007964593569501433,7,54,0.07966638503023248,0.213009729979377,False,False,False,1.5470167038456623e-05,COMPLETE
759,0.4346100211143494,2025-04-22 21:21:39.508508,2025-04-22 21:21:59.651282,0 days 00:00:20.142774,0.46771209905463296,0.2728154118991698,16,0.2891023607592459,0.15453217338037079,0.09249600964186899,0.05802416037936228,0.011099169184254139,0.03634910521798454,0.01327804166858782,6,137,0.08143899947250552,0.17344018227121993,True,False,False,1.705997092499265e-05,COMPLETE
760,0.47594128847122197,2025-04-22 21:21:59.900363,2025-04-22 21:22:22.972877,0 days 00:00:23.072514,0.5879798711493788,0.2526489436772893,16,0.29603956125244985,0.0684910981146529,0.09593412438976653,0.06410792105115984,0.010606831764627369,0.03823808669889872,0.013838367484478361,17,141,0.07917660771789096,0.21673948062943676,False,False,False,2.838318276628864e-05,COMPLETE
761,0.3657896041870118,2025-04-22 21:22:23.208223,2025-04-22 21:22:46.646835,0 days 00:00:23.438612,0.60372517857852,0.25506934075622334,16,0.2933721788815227,0.06380628617317637,0.09520540000967315,0.0642853696328202,0.014434977858637173,0.038167941156791396,0.0098671812895105,18,140,0.006456831184648314,0.21114596091930815,False,False,False,3.068117725879032e-05,COMPLETE
762,0.41164497137069705,2025-04-22 21:22:46.892139,2025-04-22 21:23:10.167568,0 days 00:00:23.275429,0.5801633180620965,0.2757144170361834,16,0.2975201663593493,0.06878846343761837,0.096290120204535,0.06414874438922205,0.01717623142503249,0.04014044783619333,0.013530749632336433,18,136,0.0786248379990502,0.2157036470257416,False,False,False,2.2073121144036758e-05,COMPLETE
763,0.39366360902786257,2025-04-22 21:23:10.416515,2025-04-22 21:23:26.782574,0 days 00:00:16.366059,0.45386137139099453,0.2305348162659511,16,0.2949004305259351,0.06346799457318937,0.09844688193690956,0.06075845957059305,0.012295399279482151,0.03568147716544861,0.01190806387479645,5,139,0.07657654241433767,0.21028641443904644,False,False,False,3.191345930975181e-05,COMPLETE
764,0.38555067777633667,2025-04-22 21:23:27.013949,2025-04-22 21:23:49.806162,0 days 00:00:22.792213,0.5873498600535799,0.25213065870990875,16,0.2966063893789382,0.07021806109276048,0.09998757120440205,0.06243229232230355,0.011157141456171332,0.038720641112818116,0.017224011469288106,17,141,0.08061023095426412,0.21572286465597057,False,False,False,2.7345311168259298e-05,COMPLETE
765,0.4403515219688416,2025-04-22 21:23:50.052198,2025-04-22 21:24:10.838121,0 days 00:00:20.785923,0.566400910675402,0.22377269556382667,16,0.29081983981430126,0.07680140835502666,0.09430406886358572,0.06550212374334266,0.010426099084317462,0.03292576196982466,0.014749662622757793,17,41,0.08278974605956704,0.21914316472857864,False,False,False,2.3505134339743847e-05,COMPLETE
766,0.431472909450531,2025-04-22 21:24:11.075797,2025-04-22 21:24:33.832422,0 days 00:00:22.756625,0.6290461931777855,0.19330739530800495,16,0.2858783652012458,0.06326503904596192,0.09666280326232987,0.05515633360022911,0.013476212744839284,0.040809520576906975,0.022371834531922482,17,135,0.07985189526404068,0.20601597349621198,False,False,False,3.882343963606485e-05,COMPLETE
767,0.4039086699485779,2025-04-22 21:24:34.079654,2025-04-22 21:24:51.132863,0 days 00:00:17.053209,0.5995108905743934,0.2798866524461858,16,0.2983490401111334,0.07074958159601406,0.09294178932987632,0.06007272788581363,0.009332600672456864,0.02286583939088986,0.011202697319226797,6,138,0.07841171855042334,0.2226975739618226,False,False,False,1.3418430851657041e-05,COMPLETE
768,0.3975223302841187,2025-04-22 21:24:51.382524,2025-04-22 21:25:09.945660,0 days 00:00:18.563136,0.601036307661542,0.24270376780305167,16,0.28322180806671193,0.07518288860549237,0.0979724273196345,0.06327769979388306,0.003135589774052067,0.03781052231114509,0.009398527232798111,9,142,0.08213992026847279,0.21674072879259282,False,False,False,1.9022306641140372e-05,COMPLETE
769,0.3969961166381836,2025-04-22 21:25:10.180195,2025-04-22 21:25:32.801291,0 days 00:00:22.621096,0.6195063120669781,0.695484128732474,16,0.2902633884187143,0.17867840677282804,0.09538733921168713,0.057616908490397856,0.0059584122297828765,0.03650475045840169,0.018417877882586246,17,133,0.07658872067570217,0.2220054747829841,False,False,False,1.1895442993850758e-05,COMPLETE
770,0.3123006403446198,2025-04-22 21:25:33.049511,2025-04-22 21:25:54.205543,0 days 00:00:21.156032,0.6171474392634667,0.26068843519079904,16,0.2857221709653128,0.07858534694222145,0.09208418128773244,0.060431017481425695,0.01473277980213358,0.025630690377849655,0.01387565580958704,18,139,0.03365632178748863,0.2253302518656993,False,False,True,2.171811422715227e-05,COMPLETE
771,0.42508294582366946,2025-04-22 21:25:54.456218,2025-04-22 21:26:17.141493,0 days 00:00:22.685275,0.4238618641007546,0.2057990917577764,16,0.299146847397436,0.06841325269291208,0.09815569705231672,0.0514607470637764,0.009175819570125011,0.04037929850734085,0.016562484935590947,17,135,0.08043914710969825,0.21781348039808796,False,False,False,1.8240552028619436e-05,COMPLETE
772,0.4695255160331726,2025-04-22 21:26:17.377193,2025-04-22 21:26:34.933991,0 days 00:00:17.556798,0.4432165192724323,0.24009297006508834,16,0.28868557683348417,0.06213629769328382,0.09426913562223388,0.06657213412780659,0.01176534597370299,0.03529418103920801,0.02495600179532249,7,142,0.08246778489015796,0.21178853329199565,False,False,False,6.939326797679968e-06,COMPLETE
773,0.4618777871131897,2025-04-22 21:26:35.183880,2025-04-22 21:26:59.097764,0 days 00:00:23.913884,0.4776025793703924,0.231955823460158,16,0.29354272667948883,0.07400197929810717,0.09024462701279808,0.06620076836770732,0.012061597433094068,0.02971360510304282,0.02456886753934534,19,142,0.08254214450251668,0.21206854421510657,False,False,False,6.581839461979262e-06,COMPLETE
774,0.37754331827163695,2025-04-22 21:26:59.335291,2025-04-22 21:27:17.526009,0 days 00:00:18.190718,0.3988815216244081,0.24668880803832482,16,0.28891800771955234,0.06262576519375225,0.09346548716656043,0.06382180148364337,0.001039106809065781,0.03421564213943258,0.021077027212508308,8,141,0.08378141937663441,0.20669625611621298,False,False,False,5.4084794223886364e-05,COMPLETE
775,0.4313172698020935,2025-04-22 21:27:17.777256,2025-04-22 21:27:35.242337,0 days 00:00:17.465081,0.5445135956247761,0.11917653072467993,16,0.2869974960330781,0.07971536053645539,0.09484103574017794,0.06206559333893367,0.006550012798155399,0.03565922376554332,0.019784103738966094,7,144,0.08185793953506511,0.20981787248681272,False,False,False,9.051893022672556e-06,COMPLETE
776,0.3075983107089997,2025-04-22 21:27:35.492879,2025-04-22 21:27:51.122116,0 days 00:00:15.629237,0.5837647627906559,0.2151339999344883,16,0.2931428056512104,0.070825357367366,0.09638950375402619,0.06684398767483056,0.008944425435452263,0.03780067870061301,0.02586734587951065,7,138,0.084603073104356,0.19886698102851852,False,True,False,2.5268917298470922e-05,COMPLETE
777,0.42266278266906737,2025-04-22 21:27:51.361616,2025-04-22 21:28:09.379626,0 days 00:00:18.018010,0.4401695540135172,0.17366672920256288,16,0.28393066178046716,0.08313778597583654,0.0939774769250454,0.06417628016519805,0.004105472171965428,0.03229550485277523,0.01730640671112957,8,140,0.08105081205098857,0.2278747007652368,False,False,False,3.5035838983060426e-05,COMPLETE
778,0.4831847667694092,2025-04-22 21:28:09.628934,2025-04-22 21:28:26.684718,0 days 00:00:17.055784,0.4392699824936505,0.2652443911778098,16,0.2939823657259609,0.07438761619866163,0.09115268908173307,0.05872331156574417,0.015754778684453657,0.03396740173195125,0.012999211354744938,6,137,0.08284326137860379,0.21648260480206485,False,False,False,8.296646239490792e-06,COMPLETE
779,0.43358100652694703,2025-04-22 21:28:26.938956,2025-04-22 21:28:47.219755,0 days 00:00:20.280799,0.397698195426427,0.1416516027974853,16,0.2979660429317602,0.1451229582193454,0.08870212536491193,0.058286672900140814,0.013396216484822998,0.03127897651433058,0.01256508143005458,6,137,0.08355897657175321,0.2115613177478723,True,False,False,8.02568147399117e-06,COMPLETE
780,0.42955993413925175,2025-04-22 21:28:47.461357,2025-04-22 21:29:05.018282,0 days 00:00:17.556925,0.43343491919997573,0.07504789593649519,16,0.29981725938403336,0.07881324220855425,0.0907533150616221,0.05554549455443705,0.016303944099313565,0.033951453565388215,0.0072578323625564324,7,143,0.08477845376766445,0.20285410332858386,False,False,False,1.2002924681691647e-05,COMPLETE
781,0.478845751285553,2025-04-22 21:29:05.268989,2025-04-22 21:29:22.214372,0 days 00:00:16.945383,0.44350636719572784,0.23151550477702124,16,0.2938969030363316,0.06346614008559026,0.09153060586940767,0.0593946605692618,0.021401756078836612,0.03397696457254121,0.014612722049816488,6,136,0.08240493952865512,0.2168200164622524,False,False,False,9.764420840160388e-06,COMPLETE
782,0.48270127773284915,2025-04-22 21:29:22.468660,2025-04-22 21:29:39.539161,0 days 00:00:17.070501,0.8224070170149731,0.22981533067718363,16,0.2944884509438268,0.0650000443751937,0.08858719385472773,0.05937692170179711,0.01898129734442073,0.03339507624000577,0.014590129330380222,6,136,0.08605712605616873,0.20808725220403695,False,False,False,9.09665622340564e-06,COMPLETE
783,0.39630062580108644,2025-04-22 21:29:39.779208,2025-04-22 21:29:56.765711,0 days 00:00:16.986503,0.45431024511826673,0.19355296242706727,16,0.29531846446564897,0.06527382053607618,0.09017042431212602,0.058979070519874596,0.016034068485270666,0.03302780549608109,0.011751841342145023,6,136,0.0893410169906047,0.20224149379330272,False,False,False,9.017844492324245e-06,COMPLETE
784,0.4671802401542664,2025-04-22 21:29:57.019052,2025-04-22 21:30:14.005285,0 days 00:00:16.986233,0.46154813860870675,0.21425983585321606,16,0.2993068987821251,0.0609454501183113,0.08953423031703879,0.056687000346380544,0.021365406614720073,0.03025390607678024,0.014302119184149437,6,139,0.08616936689415865,0.19515508503651186,False,False,False,1.5791577087439e-05,COMPLETE
785,0.40867319107055666,2025-04-22 21:30:14.262077,2025-04-22 21:30:31.926389,0 days 00:00:17.664312,0.4230367858067134,0.22266169786466827,16,0.29420813756618763,0.07630092174632021,0.09166743172484218,0.05376566462674091,0.0186229736385633,0.034955200360516796,0.010015366444935673,7,137,0.08577927084179571,0.2087410328120592,False,False,False,1.0646126961292226e-05,COMPLETE
786,0.38865325450897215,2025-04-22 21:30:32.167868,2025-04-22 21:30:49.160049,0 days 00:00:16.992181,0.37452622075988695,0.23532532949667262,16,0.2916717190403748,0.0675454863172147,0.08852559389673648,0.05878724403250516,0.017880590664732427,0.03275551360414532,0.015331151000608147,6,141,0.0874115406076385,0.2035687787331685,False,False,False,9.350603281823142e-06,COMPLETE
787,0.42402374744415283,2025-04-22 21:30:49.415972,2025-04-22 21:31:05.819903,0 days 00:00:16.403931,0.4372467200488126,0.18360848437186808,16,0.2901020164724449,0.08741095973072212,0.09170996734501682,0.060399009677559665,0.0031050128904735698,0.034348230770241614,0.012871485767775455,5,135,0.08327540137455233,0.21146511469405907,False,False,False,7.722244446914694e-06,COMPLETE
788,0.38923460245132446,2025-04-22 21:31:06.060691,2025-04-22 21:31:23.533293,0 days 00:00:17.472602,0.4909847731848998,0.20649319885385164,16,0.2915800816011658,0.070248605205666,0.09146751089785869,0.05662169139023675,0.01582584047241431,0.028760458766795224,0.014858406978156713,7,145,0.0853897839458662,0.20761558777626127,False,False,False,1.3387713981009312e-05,COMPLETE
789,0.4091347098350525,2025-04-22 21:31:23.785425,2025-04-22 21:31:40.630389,0 days 00:00:16.844964,0.4268939885987818,0.23529496288201132,16,0.298897789473887,0.08237462434478571,0.09282091786082597,0.05850891560483374,0.021970359001404396,0.036239383963783796,0.008879028945784618,6,139,0.08315452218203667,0.2145539574941527,False,False,False,1.1184146497795304e-05,COMPLETE
790,0.4622046828269959,2025-04-22 21:31:40.885885,2025-04-22 21:31:57.294669,0 days 00:00:16.408784,0.44954134006751684,0.24862407059155006,16,0.2924424012552017,0.06306876698665477,0.08868366165547359,0.054671442924760574,0.019626396288652766,0.03139924890902718,0.011455359145429356,5,142,0.08445116420914187,0.21486749619996406,False,False,False,7.078495173059391e-06,COMPLETE
791,0.2913657069206238,2025-04-22 21:31:57.538459,2025-04-22 21:32:12.762028,0 days 00:00:15.223569,0.4990363191918956,0.2141925867882,16,0.2997499320576108,0.07641231724440604,0.0931178958644526,0.06093873654469946,0.023625126450086235,0.03456406518438768,0.0008173268456495218,6,137,0.08833250331518508,0.2063610784188499,False,False,True,6.26258503598549e-06,COMPLETE
792,0.4748242259025574,2025-04-22 21:32:13.017467,2025-04-22 21:32:30.433782,0 days 00:00:17.416315,0.8450664105044483,0.22908406531728107,16,0.28897682358061405,0.0693717008780196,0.09419858862494669,0.05631825506884455,0.02035660732889029,0.03747668915350519,0.017463161387101783,7,140,0.08252366991027194,0.18959471991779453,False,False,False,9.943879538401328e-06,COMPLETE
793,0.4269617199897766,2025-04-22 21:32:30.691877,2025-04-22 21:32:47.049858,0 days 00:00:16.357981,0.8618003042171042,0.192575057555849,16,0.2883500006280987,0.08410958982276039,0.09062101077007802,0.055963989627775844,0.022059060314605385,0.03876640698352684,0.016833733795637403,5,134,0.08548793385725305,0.15169730715106194,False,False,False,1.6531517841957938e-05,COMPLETE
