number,value,datetime_start,datetime_complete,duration,params_alpha-eval,params_alpha-train,params_batch-size,params_eps-eval,params_eps-train,params_lambda-actions-eval,params_lambda-actions-train,params_lambda-frames-eval,params_lambda-frames-train,params_learning-rate,params_n-epochs,params_n-frames,params_radius-gw,params_rho,params_std-feats,params_ub-actions,params_ub-frames,params_weight-decay,state
623,0.4861379742622376,2025-04-22 20:42:32.937024,2025-04-22 20:42:49.874389,0 days 00:00:16.937365,0.79464257333189,0.2542164999726518,16,0.2780246378625128,0.07986470949439065,0.0975099502342552,0.06367852763219324,0.005510402231801307,0.03922393640474481,0.01237435566692898,6,142,0.08254799385151781,0.23282717196024177,False,False,False,3.6458890099818776e-06,COMPLETE
624,0.40395861864089966,2025-04-22 20:42:50.078605,2025-04-22 20:43:07.511219,0 days 00:00:17.432614,0.79255672533542,0.24775966125102564,16,0.28435053613285993,0.07205044762077732,0.09751649966858433,0.06430239500638507,0.0041045902773284,0.0416035803703328,0.009247809220212969,7,143,0.0823396195123241,0.2312119712287246,False,False,False,5.005318503039066e-06,COMPLETE
625,0.3995273590087891,2025-04-22 20:43:07.703143,2025-04-22 20:43:25.896617,0 days 00:00:18.193474,0.8124553630028777,0.2558103179715465,16,0.28486090592115165,0.07884644399345597,0.09441736476086776,0.06265181716024161,0.004654855780472391,0.039223745297108155,0.012068621170574705,8,146,0.08149764692695924,0.23578587281570687,False,False,False,3.891379884792761e-06,COMPLETE
626,0.42208528518676763,2025-04-22 20:43:26.101172,2025-04-22 20:43:42.591709,0 days 00:00:16.490537,0.7703291725491627,0.1876224625772069,16,0.2780262363372372,0.0791006005903862,0.09680359113192981,0.05994369204888874,0.006198159110187864,0.04402799337531792,0.0194518474334597,5,141,0.0861355391895303,0.23166456141909222,False,False,False,2.868578640167964e-06,COMPLETE
627,0.4872888445854187,2025-04-22 20:43:42.786247,2025-04-22 20:43:59.725466,0 days 00:00:16.939219,0.7490606495641019,0.22682006490073858,16,0.2719084526455807,0.07176487912748115,0.09886820887333894,0.05635985954793093,0.005839467541428001,0.041108232549430704,0.015758280900523287,6,139,0.0801702130248892,0.23591137095596057,False,False,False,3.7647611882935716e-06,COMPLETE
628,0.4866359233856202,2025-04-22 20:43:59.930284,2025-04-22 20:44:16.921172,0 days 00:00:16.990888,0.7489706481040199,0.23065167943545464,16,0.2746860709340926,0.07062201328080199,0.09902854059505974,0.057337625490885995,0.005948379595618346,0.03744959987224257,0.015372412713617094,6,140,0.08023641461595037,0.2388300943505692,False,False,False,4.719855043345048e-06,COMPLETE
629,0.4876612544059754,2025-04-22 20:44:17.117548,2025-04-22 20:44:34.529469,0 days 00:00:17.411921,0.75954764641305,0.22614955956396654,16,0.27580844742251415,0.07436212060881736,0.09888204456738682,0.05564446013774342,0.0030226314043192825,0.03913045578996727,0.016560093795441086,7,138,0.07978544376577834,0.24377362171775666,False,False,False,7.644269417460944e-06,COMPLETE
630,0.4390557169914246,2025-04-22 20:44:34.734041,2025-04-22 20:44:51.601213,0 days 00:00:16.867172,0.749418314382262,0.21110932487023085,16,0.27773321561476033,0.07342468419651729,0.09923957058936246,0.055358919299258354,0.0025506828274017607,0.03722751933066327,0.01494475324870997,6,139,0.0801508630556832,0.23991464265526077,False,False,False,9.358965723552773e-06,COMPLETE
631,0.4306073069572449,2025-04-22 20:44:51.794908,2025-04-22 20:45:09.262493,0 days 00:00:17.467585,0.7949373934498242,0.19111056585712072,16,0.2730753141246753,0.07184815620588882,0.09825329316551026,0.056117469674263634,0.003845553595678821,0.038347612088736195,0.011699489301325106,7,137,0.08012537063651638,0.24529948220474135,False,False,False,6.442724191394144e-06,COMPLETE
632,0.4823628067970276,2025-04-22 20:45:09.469104,2025-04-22 20:45:27.141708,0 days 00:00:17.672604,0.7392102997289849,0.22854880970287125,16,0.28065486636880954,0.07961735864824006,0.09948626934711464,0.05664979826137732,0.0058080750039390975,0.03346598640906239,0.016579931177567085,7,143,0.08313168119742613,0.23848352605349224,False,False,False,6.502431948052905e-06,COMPLETE
633,0.4251180768013001,2025-04-22 20:45:27.336212,2025-04-22 20:45:44.792825,0 days 00:00:17.456613,0.7428922135684467,0.2282407315775309,16,0.2849685824987707,0.08463046938789323,0.09958673985899577,0.05636563241697563,0.0057718363722333585,0.04059910843409909,0.017058412444621026,7,139,0.08448023313072921,0.2371881009241628,False,False,False,7.5902781300519765e-06,COMPLETE
634,0.4315542101860047,2025-04-22 20:45:44.999554,2025-04-22 20:46:02.175885,0 days 00:00:17.176331,0.7218448477262135,0.17605594086099408,16,0.2803268626806134,0.07868086726310984,0.09660409476982645,0.053834876241919696,0.0037671408284028632,0.0370649221267882,0.01538160899100778,6,143,0.08274087412530265,0.23695075162684856,False,False,False,6.241237109599504e-06,COMPLETE
635,0.42800531387329105,2025-04-22 20:46:02.371010,2025-04-22 20:46:20.325525,0 days 00:00:17.954515,0.7673450983336441,0.23057367835382034,16,0.27938621474566055,0.08932390171743033,0.09981285393204707,0.05629023009250979,0.0020949853192102534,0.04143899856489159,0.013127779709314873,8,144,0.08288806598973464,0.23051645358425293,False,False,False,9.394210024687303e-06,COMPLETE
636,0.29669669866561893,2025-04-22 20:46:20.533077,2025-04-22 20:46:36.354005,0 days 00:00:15.820928,0.7013427161541755,0.1990686073711324,16,0.272937594801109,0.0784959962990774,0.09755319432653153,0.05833514868363874,0.005277040951630445,0.03622622822662363,0.010344654693260624,7,141,0.08001138561694232,0.24173856919599135,False,False,True,5.005123404769279e-06,COMPLETE
637,0.4289915084838868,2025-04-22 20:46:36.550843,2025-04-22 20:46:53.398406,0 days 00:00:16.847563,0.7334233142138632,0.2313269823308832,16,0.2855366086949831,0.09674827343868829,0.09531304306960017,0.05790788206875372,0.006266271797193565,0.03450682540515338,0.019097382223837472,6,137,0.0839691520089067,0.23601242217878096,False,False,False,6.384445900147134e-06,COMPLETE
638,0.4128000140190125,2025-04-22 20:46:53.607037,2025-04-22 20:47:10.490176,0 days 00:00:16.883139,0.7577732913676901,0.20597862633225034,16,0.27527977006663845,0.07055206122757565,0.09788677602489071,0.05517988757712399,0.006927109343332992,0.03949135325620739,0.021205013194355103,6,146,0.0865812863440393,0.22773714491770186,False,False,False,7.81441040246053e-06,COMPLETE
639,0.44747027158737185,2025-04-22 20:47:10.686069,2025-04-22 20:47:28.268640,0 days 00:00:17.582571,0.770667588582278,0.24374293221561166,16,0.28086447099756706,0.08629479289303803,0.09607175032203417,0.0589290788043106,0.003391420302250573,0.035211465200306075,0.01616749550736479,7,141,0.08086652460077151,0.24374118949433965,False,False,False,1.1812276983184291e-05,COMPLETE
640,0.4001481294631958,2025-04-22 20:47:28.477376,2025-04-22 20:47:46.002653,0 days 00:00:17.525277,0.8323482267608164,0.2165814440283362,16,0.271429095911329,0.08000999113519956,0.09961928931031878,0.052726262150794755,0.005731439527518362,0.03360766954638064,0.012358323066981612,7,150,0.08210667559610955,0.23262251758448746,False,False,False,5.065247064925053e-06,COMPLETE
641,0.4174991846084595,2025-04-22 20:47:46.199731,2025-04-22 20:48:03.145096,0 days 00:00:16.945365,0.6905058413898165,0.23540644434440644,16,0.276699298765314,0.07143933054147289,0.09721088896836685,0.0573397072949162,0.0012154742652584838,0.039114562099655394,0.016225240292053824,6,138,0.08862267275405414,0.23718550791283652,False,False,False,4.312841319036721e-06,COMPLETE
642,0.3242163360118866,2025-04-22 20:48:03.354114,2025-04-22 20:48:19.506524,0 days 00:00:16.152410,0.7814578269122315,0.15989687103019504,16,0.2679671274383688,0.08220407745139335,0.09993291195126665,0.06011959751645868,0.007771995112073639,0.04319460332120763,0.008723944211448117,8,135,0.07899317164591257,0.22823664061872065,False,True,False,4.031488515656971e-06,COMPLETE
643,0.43378924131393437,2025-04-22 20:48:19.704396,2025-04-22 20:48:39.274931,0 days 00:00:19.570535,0.7358995983226915,0.25505485676666606,16,0.2847388567031271,0.09290534083849106,0.09490275475244385,0.056191663778370114,0.005115001602453262,0.04210118325369305,0.020707832229579497,5,144,0.08435132660852226,0.24314216986175533,True,False,False,7.0587261665739336e-06,COMPLETE
644,0.4563214540481567,2025-04-22 20:48:39.485043,2025-04-22 20:48:56.235530,0 days 00:00:16.750487,0.8074310736805008,0.19234998039536316,16,0.2720883733647454,0.07514256939842501,0.09992992101465831,0.06120926452597504,0.008326925091115253,0.03878916595252681,0.013769161201348346,6,140,0.08057645841540893,0.2331762642902967,False,False,False,3.631720349811257e-06,COMPLETE
645,0.4188837051391602,2025-04-22 20:48:56.432121,2025-04-22 20:49:12.825225,0 days 00:00:16.393104,0.8070127407195579,0.1869071840104438,16,0.2749075042194504,0.075201126420608,0.09731183566118828,0.06150801682293515,0.008277006962401339,0.03835413707326676,0.012962559829002834,5,140,0.0819890853259019,0.23173320954118298,False,False,False,5.066312096138814e-06,COMPLETE
646,0.4294349312782288,2025-04-22 20:49:13.033924,2025-04-22 20:49:29.903387,0 days 00:00:16.869463,0.7995478875973497,0.2050658324865868,16,0.2796273185855451,0.0846432312955016,0.0999559729007709,0.059030943975934176,0.003582972652315974,0.0403368098738157,0.010755071084417783,6,136,0.08041654076109453,0.22838684172054605,False,False,False,3.5208568505241614e-06,COMPLETE
647,0.4322597861289978,2025-04-22 20:49:30.115438,2025-04-22 20:49:47.194259,0 days 00:00:17.078821,0.8227019849865134,0.17534607795206394,16,0.27133085878894964,0.07756158960978707,0.09772323662770807,0.061207389941661035,0.008936709600903795,0.03284722987010319,0.014671470377965375,6,136,0.08574110993527725,0.2371021546245367,False,False,False,5.967330056617737e-06,COMPLETE
648,0.4874353051185608,2025-04-22 20:49:47.397147,2025-04-22 20:50:04.529048,0 days 00:00:17.131901,0.7544146891591144,0.2229193083211976,16,0.2872834130149496,0.07113345162010398,0.09281700086543185,0.05736038436725989,0.006600393197911086,0.03976040579627599,0.012659917489386762,6,140,0.07930098998101737,0.22915125237219067,False,False,False,4.104611180493801e-06,COMPLETE
649,0.41007833480834965,2025-04-22 20:50:04.742913,2025-04-22 20:50:22.174758,0 days 00:00:17.431845,0.754953440574915,0.21612072610511981,16,0.286947887023272,0.07027928493293167,0.09430167137313859,0.054033818914056835,0.006339049401809482,0.03600283215207835,0.006700801134162315,7,141,0.07905997624605726,0.22576112383910454,False,False,False,4.242539469655519e-06,COMPLETE
650,0.43190509080886846,2025-04-22 20:50:22.375014,2025-04-22 20:50:39.443533,0 days 00:00:17.068519,0.720337026787722,0.14323206910709713,16,0.2841795598972762,0.08200221526130777,0.09258333185233629,0.05708272138432795,0.007592321106618732,0.03969486073017145,0.010406019731773354,6,143,0.08191046367779058,0.2259834399983794,False,False,False,5.28002206375063e-06,COMPLETE
651,0.4217777013778687,2025-04-22 20:50:39.658338,2025-04-22 20:50:56.190611,0 days 00:00:16.532273,0.7805521711410864,0.1940695242285021,16,0.28063003298132677,0.07560374393824343,0.09604341596548555,0.058772862434009414,0.004495503372849425,0.04223760717944629,0.012059530818868899,5,139,0.0840946594119818,0.2334522677127592,False,False,False,3.6114137815776466e-06,COMPLETE
652,0.42327107191085817,2025-04-22 20:50:56.389684,2025-04-22 20:51:13.372631,0 days 00:00:16.982947,0.7550477272920676,0.22610355179306776,16,0.2868101680251264,0.0898844373681568,0.0980717544874714,0.0551016626889446,0.00974561246812758,0.0364790308680966,0.014124340037337953,6,142,0.0792479901482604,0.233495656758255,False,False,False,8.529830809694805e-06,COMPLETE
653,0.39927268028259283,2025-04-22 20:51:13.585469,2025-04-22 20:51:31.166318,0 days 00:00:17.580849,0.7363002145441706,0.2395693562619292,16,0.2770763456605562,0.06996806149916682,0.09579190608942835,0.057445329997968864,0.006617169811858839,0.04043855946532394,0.008720192541226045,7,139,0.0809569404791455,0.2244188509731233,False,False,False,4.518815447327036e-06,COMPLETE
654,0.43378112316131595,2025-04-22 20:51:31.369857,2025-04-22 20:51:48.238639,0 days 00:00:16.868782,0.7860630682228567,0.21396257074592367,16,0.2707606796083235,0.07575670001707863,0.09288666062381461,0.060284114157816,0.003613792946987729,0.044039930259718564,0.016584943780043635,6,136,0.08288713658441463,0.22953780444757788,False,False,False,3.457472344205649e-06,COMPLETE
655,0.2892163455486298,2025-04-22 20:51:48.453215,2025-04-22 20:52:04.429574,0 days 00:00:15.976359,0.7092667977266149,0.164908216531308,16,0.26785546463048565,0.08326869823688636,0.09816589356020777,0.06244197044066955,0.009001776920837744,0.03833537767782671,0.012680263803697035,7,145,0.08653998422841346,0.23974120921500952,False,False,True,5.128340695636338e-06,COMPLETE
656,0.41126812696456916,2025-04-22 20:52:04.630381,2025-04-22 20:52:22.839870,0 days 00:00:18.209489,0.7606966606918817,0.23599000931805272,16,0.276147637680738,0.0693433189741387,0.09549134816840608,0.05897536230576209,0.006642084133717322,0.04591275742937197,0.017958745893993707,8,141,0.08985499026669083,0.2365298272146878,False,False,False,3.15779314574095e-06,COMPLETE
657,0.41105208396911624,2025-04-22 20:52:23.053523,2025-04-22 20:52:39.411851,0 days 00:00:16.358328,0.7428824588668139,0.1937098945124116,16,0.2878696877549545,0.08014519529174692,0.09953918415068201,0.051415874100841114,0.002519342017288289,0.031697323191366665,0.014764744335855092,5,138,0.07823102405734457,0.11917377037846694,False,False,False,6.926111874632504e-06,COMPLETE
658,0.41676741838455206,2025-04-22 20:52:39.614881,2025-04-22 20:52:57.115104,0 days 00:00:17.500223,0.7241899493320786,0.2551304237907659,16,0.2810327901072139,0.08874104685867812,0.0941523266241806,0.06187698399739402,0.010323078386598647,0.0420445750746246,0.010180773734565477,7,144,0.0799976354350504,0.22765258059377008,False,False,False,3.936827840789756e-06,COMPLETE
659,0.40575603246688846,2025-04-22 20:52:57.327607,2025-04-22 20:53:13.745800,0 days 00:00:16.418193,0.6843942635073589,0.22050564121540886,16,0.27335601055857284,0.07469754887948207,0.09998586369591812,0.06475256617524995,0.0046789820468308325,0.035214747734780644,0.02007848916020003,5,148,0.08414817943557858,0.23310007859165102,False,False,False,5.641329857418638e-06,COMPLETE
660,0.40298153162002565,2025-04-22 20:53:13.947345,2025-04-22 20:53:30.696635,0 days 00:00:16.749290,0.841422402121306,0.25088598063147316,16,0.26567053862209095,0.06814153438710566,0.09684889052453215,0.056494195574109424,0.008008030870728183,0.03804527422893816,0.012931609862583378,6,134,0.08133767723340604,0.22444003636197082,False,False,False,1.0854564520003275e-05,COMPLETE
661,0.32349293231964116,2025-04-22 20:53:30.910016,2025-04-22 20:53:46.076881,0 days 00:00:15.166865,0.7718917809532387,0.20607930665441726,16,0.2812919292815124,0.07713360091484957,0.09783809423418058,0.05959736449879528,0.005518288999703183,0.04606292176131986,0.016643696275850117,6,140,0.07819627240801648,0.2397960891315142,False,True,False,2.971979817358851e-06,COMPLETE
662,0.45678157806396485,2025-04-22 20:53:46.280022,2025-04-22 20:54:03.753482,0 days 00:00:17.473460,0.8033336073263975,0.26573967419981587,16,0.26684537567462585,0.08233720003847089,0.09096077131175519,0.054662375795092456,0.00935032479989251,0.04271380838071409,0.011023445713547802,7,137,0.08247960608434314,0.23199051168057508,False,False,False,3.6839068389189016e-06,COMPLETE
663,0.42808308601379397,2025-04-22 20:54:03.969533,2025-04-22 20:54:21.076462,0 days 00:00:17.106929,0.8200710388615334,0.23390765268124375,16,0.267354784471842,0.09231503738613252,0.09021229202011906,0.05521889764243485,0.010761939368565027,0.04107206555685346,0.008324416136553098,6,138,0.08493955813999493,0.24099064698519734,False,False,False,4.623600129600827e-06,COMPLETE
664,0.43092401027679444,2025-04-22 20:54:21.280950,2025-04-22 20:54:42.556885,0 days 00:00:21.275935,0.7983547594196416,0.256969441866384,16,0.2879899208121667,0.10533800920578343,0.09177087719344433,0.05272792667775149,0.009268383942017911,0.04334829786719257,0.011575798908066346,7,143,0.08318014458532712,0.23338786013909396,True,False,False,3.89434573152631e-06,COMPLETE
665,0.43367418050765993,2025-04-22 20:54:42.773811,2025-04-22 20:55:00.392777,0 days 00:00:17.618966,0.8088738526674425,0.17936828976682137,16,0.2650235400320167,0.09627973528625491,0.0942746151205547,0.054182952041766916,0.0011563783663725523,0.03919281395935532,0.019527744491965426,7,147,0.08700542446888292,0.24553002981161984,False,False,False,6.771193455160778e-06,COMPLETE
666,0.42862136363983155,2025-04-22 20:55:00.609044,2025-04-22 20:55:18.839993,0 days 00:00:18.230949,0.7789313817669028,0.2221012006137085,16,0.27537780887791985,0.08137027538481796,0.09250824268143755,0.05099195821914169,0.009141355539541866,0.029319097131037423,0.010830207555215882,8,142,0.07808773285751115,0.23790851552896902,False,False,False,3.7319847064426783e-06,COMPLETE
667,0.4181556224822998,2025-04-22 20:55:19.045331,2025-04-22 20:55:36.023659,0 days 00:00:16.978328,0.7102886526042033,0.24218394451220382,16,0.27918217259574274,0.0873500351212294,0.09651752603866301,0.05696956814796899,0.011176028212966411,0.043622940179528426,0.015058163645084246,6,145,0.0801620320229057,0.23156683608516432,False,False,False,5.104091050079713e-06,COMPLETE
668,0.4275882244110108,2025-04-22 20:55:36.241609,2025-04-22 20:55:52.596121,0 days 00:00:16.354512,0.7393747913082304,0.2613540593508785,16,0.2664665117601036,0.08510309370470603,0.09533452683611982,0.05444644612978728,0.005279953820895239,0.04057339422830695,0.020749393823982287,5,136,0.08245381408467181,0.24317163774643621,False,False,False,8.731029726869048e-06,COMPLETE
669,0.4339248538017273,2025-04-22 20:55:52.803104,2025-04-22 20:56:10.874449,0 days 00:00:18.071345,0.861259253201013,0.19964094926818698,16,0.2727602894817075,0.0792661280800695,0.09812062556382097,0.05816608557613255,0.0071602803417337236,0.03658237652162561,0.01697498298883458,8,140,0.08494226307925308,0.23532877636867508,False,False,False,2.624893892562391e-06,COMPLETE
670,0.4076570749282837,2025-04-22 20:56:11.093228,2025-04-22 20:56:28.731227,0 days 00:00:17.637999,0.7936708904463815,0.22925590880921815,16,0.2863939824401341,0.07463851371360589,0.09366556026762195,0.0561184455061671,0.012476255739697625,0.04592629638404894,0.009610474481444569,7,143,0.07799910253963736,0.22943534788812467,False,False,False,4.365708266379404e-06,COMPLETE
671,0.48867551088333133,2025-04-22 20:56:28.939010,2025-04-22 20:56:45.459621,0 days 00:00:16.520611,0.7695508202881896,0.2568884484853087,16,0.2659577708766027,0.08481572102809944,0.09659663729884826,0.05286098434006921,0.008379390103645202,0.04167139487763916,0.01270796969055128,5,139,0.08270543949939456,0.23985590888294406,False,False,False,6.006812795186846e-06,COMPLETE
672,0.4242631077766419,2025-04-22 20:56:45.679169,2025-04-22 20:57:02.286335,0 days 00:00:16.607166,0.7711660013879924,0.20683466915447576,16,0.275514555149414,0.09063575710636196,0.0961437145186304,0.05083624364000583,0.00905205793310477,0.04242763388978078,0.013191344954704363,5,138,0.08306656381766023,0.23869576304549947,False,False,False,6.020240259268474e-06,COMPLETE
673,0.29321320056915284,2025-04-22 20:57:02.493336,2025-04-22 20:57:17.159206,0 days 00:00:14.665870,0.753603588154512,0.2654975883143931,16,0.26892719463714415,0.09789110934523641,0.09989834488007271,0.05283420699689786,0.011149059828372382,0.04045977720189755,0.007058232636504318,5,134,0.08585386504589033,0.23292025832090682,False,False,True,7.222752232109627e-06,COMPLETE
674,0.4507426738739014,2025-04-22 20:57:17.381824,2025-04-22 20:57:34.238382,0 days 00:00:16.856558,0.7877105336367496,0.24291774351420028,16,0.28058288477195226,0.08526539284842423,0.09828969926330026,0.05283881568671618,0.007805538585155804,0.04477294247647319,0.011036771209811476,6,140,0.08146455343977066,0.22620341346665387,False,False,False,3.4095121515941757e-06,COMPLETE
675,0.4180324196815491,2025-04-22 20:57:34.448918,2025-04-22 20:57:50.873647,0 days 00:00:16.424729,0.7251952317872452,0.22188180749260755,16,0.2654359169467916,0.08155068947983399,0.09143775822148796,0.04832639510814164,0.010364200894678564,0.037878909494755975,0.013353876483432692,5,146,0.08834822905397467,0.23900562024123137,False,False,False,5.564337021103772e-06,COMPLETE
676,0.4324925661087037,2025-04-22 20:57:51.091700,2025-04-22 20:58:08.051304,0 days 00:00:16.959604,0.8239324772232681,0.17754250572089697,16,0.2728894384280651,0.09337699527669095,0.09995743143423409,0.056258805590263375,0.012161402955922364,0.04271104599310562,0.015841346100096423,6,138,0.08361455998789771,0.24526332850143093,False,False,False,4.4038512787537754e-06,COMPLETE
677,0.4118791818618775,2025-04-22 20:58:08.260330,2025-04-22 20:58:25.645430,0 days 00:00:17.385100,0.7421853690713112,0.2666425046490644,16,0.27728638560583685,0.08390018638536122,0.0960731271909083,0.05436441861948487,0.007903751809647346,0.039361137173100476,0.02208169696847531,7,142,0.09078823428084806,0.23134683063314024,False,False,False,8.981386208902557e-06,COMPLETE
678,0.41964297294616704,2025-04-22 20:58:25.863987,2025-04-22 20:58:42.207526,0 days 00:00:16.343539,0.7696428973801728,0.23814596276744415,16,0.2845284041469597,0.07801256516615573,0.093961734313902,0.05879726221588021,0.003448310651644566,0.04383732983209942,0.008953911549205669,5,135,0.07996007922669875,0.23899174683981117,False,False,False,3.226143391523922e-06,COMPLETE
679,0.3178200304508209,2025-04-22 20:58:42.430859,2025-04-22 20:58:58.154797,0 days 00:00:15.723938,0.7124229787344806,0.20749726062513837,16,0.2653812732598956,0.08972131889684531,0.097584328305365,0.05755486675342938,0.005776748961049811,0.03484967860488184,0.011887893658756784,7,137,0.08577205735500328,0.2238636947851497,False,True,False,5.621612714757731e-06,COMPLETE
