number,value,datetime_start,datetime_complete,duration,params_alpha-eval,params_alpha-train,params_batch-size,params_eps-eval,params_eps-train,params_lambda-actions-eval,params_lambda-actions-train,params_lambda-frames-eval,params_lambda-frames-train,params_learning-rate,params_n-epochs,params_n-frames,params_radius-gw,params_rho,params_std-feats,params_ub-actions,params_ub-frames,params_weight-decay,state
1878,0.4327740073204041,2025-04-03 16:02:23.506747,2025-04-03 16:04:03.523141,0 days 00:01:40.016394,0.7457891177543575,0.31063259605975263,2,0.25585109120871735,0.26068558451577706,0.005182372365398256,0.057734397132898456,0.006170444774653897,0.02254288336959477,0.09842205198025647,25,99,0.010125504966102185,0.13187504600870203,True,False,False,2.205142593132984e-05,COMPLETE
1879,0.2804898262023926,2025-04-03 16:04:04.143410,2025-04-03 16:05:06.863814,0 days 00:01:02.720404,0.7728173774397129,0.08979944805466189,2,0.26069045395539797,0.09003592563132144,0.006887126349393771,0.07267500578704854,0.012223195905191997,0.027126641563733535,0.041471801883271125,17,92,0.018290823180831858,0.1712151760339042,True,True,False,0.0005386348866850178,COMPLETE
1880,0.3847354888916016,2025-04-03 16:05:07.500989,2025-04-03 16:07:00.976642,0 days 00:01:53.475653,0.932789329099408,0.24328440810932256,2,0.2459363215817746,0.1010177282204323,0.012206191757375567,0.06776068730221875,0.0021953182562689253,0.0026301935169615663,0.073181080495444,30,94,0.013103093855404303,0.18307054788169036,False,False,False,0.0006715056585718524,COMPLETE
1881,0.39025301933288575,2025-04-03 16:07:01.583286,2025-04-03 16:08:36.172381,0 days 00:01:34.589095,0.825015742481463,0.28186820492123016,2,0.2407943555790057,0.05897132119230156,0.010091288796561435,0.06019944667715153,0.00984809963034511,0.025265405679258203,0.05484434866932373,24,56,0.016398899877539647,0.14037027083503562,True,False,False,0.00035028186598499067,COMPLETE
1882,0.44243084192276005,2025-04-03 16:08:36.797927,2025-04-03 16:10:19.426838,0 days 00:01:42.628911,0.9755354272214785,0.2681428092155407,2,0.26988979115778394,0.2348828933400964,0.004683733191108895,0.06465833205117616,0.005216180221766403,0.031910573630578795,0.016359247293859715,26,87,0.014014467339333373,0.12375263848246387,True,False,False,0.0009931560131336051,COMPLETE
1883,0.4276179432868958,2025-04-03 16:10:20.037253,2025-04-03 16:12:04.685771,0 days 00:01:44.648518,0.7522445774759231,0.3397764371760774,2,0.2559690016462075,0.11015738992163675,0.00834020071507814,0.07073059630306522,0.00795208373126459,0.020636807779302404,0.08614265282311219,27,78,0.019204614496976,0.15272842407179568,True,False,False,0.0004723651784845145,COMPLETE
1884,0.43287885189056396,2025-04-03 16:12:05.325363,2025-04-03 16:13:42.953397,0 days 00:01:37.628034,0.8052875050405652,0.2979181193683855,2,0.24883547272644393,0.12014743375707451,0.012957066176141332,0.07853408497243995,0.042238797172255434,0.0293431977039426,0.09962174878327651,25,63,0.048855635431769025,0.13235982994611234,True,False,False,0.0008281769866435551,COMPLETE
1885,0.423123049736023,2025-04-03 16:13:43.561662,2025-04-03 16:15:26.009170,0 days 00:01:42.447508,0.7859749964116273,0.37598126962209677,2,0.28163771141602795,0.2505954790258339,0.002889511367521558,0.062227287063595656,0.01116845916201112,0.01876585133146308,0.045502766556870945,26,82,0.011469731449090857,0.14503816369595565,True,False,False,0.0009949895695784807,COMPLETE
1886,0.43219187259674074,2025-04-03 16:15:26.613878,2025-04-03 16:17:12.123764,0 days 00:01:45.509886,0.6732950533878154,0.2517270893379354,2,0.26110293585184724,0.08305919980135316,0.015437953923506668,0.06850324231100002,0.004310414715594614,0.023852994622953573,0.06085697590346901,27,88,0.016879063163874393,0.13754183777306245,True,False,False,0.00020023602013922084,COMPLETE
1887,0.4314774632453919,2025-04-03 16:17:12.755490,2025-04-03 16:18:42.668865,0 days 00:01:29.913375,0.8318684583896515,0.3176359227089586,2,0.24336687573846374,0.10008355031428617,0.006112157332264484,0.054511593970917704,0.04349556114615997,0.02724797682947272,0.06889120268132647,22,95,0.015242730509973386,0.126428441255237,True,False,False,0.0005755994915569306,COMPLETE
1888,0.3053684175014496,2025-04-03 16:18:43.308659,2025-04-03 16:20:09.123252,0 days 00:01:25.814593,0.913955934384239,0.22803279612004795,2,0.26658470469303874,0.08791164652691734,0.017593031826701303,0.06341427138178315,0.00865080338192921,0.03425379541673783,0.05029667471307389,25,85,0.018913651218172574,0.14929448508239956,True,False,True,0.00041098526786454516,COMPLETE
1889,0.4325778603553772,2025-04-03 16:20:09.734623,2025-04-03 16:21:46.712454,0 days 00:01:36.977831,0.7706810088420422,0.9389213207173908,2,0.25276331398324225,0.13562253259557147,0.01081827672784692,0.05251462807017256,0.009874114720160424,0.005173669080545409,0.04231868233520545,24,80,0.013339827135282884,0.13570141840336522,True,False,False,0.0007255858762306988,COMPLETE
1890,0.43921960592269904,2025-04-03 16:21:47.343786,2025-04-03 16:23:28.846528,0 days 00:01:41.502742,0.8086189378688509,0.2843561490572162,2,0.23985651357610552,0.11498057706793631,0.008023437664878952,0.06677793147316956,0.053529877539140125,0.01615140434388828,0.07541827708552033,26,67,0.017264111859893298,0.1423029674917942,True,False,False,0.000576168728939862,COMPLETE
1891,0.42937072515487673,2025-04-03 16:23:29.458517,2025-04-03 16:25:17.375455,0 days 00:01:47.916938,0.9417137427693824,0.2579399373964335,2,0.25101890027746443,0.09310909411764336,0.002798639094142295,0.05828301324870465,0.0011143595487854998,0.021376305967573502,0.0568040392216629,28,77,0.02072590093069247,0.12930529386997194,True,False,False,0.000267215431090452,COMPLETE
1892,0.40915660858154296,2025-04-03 16:25:18.003465,2025-04-03 16:26:56.979865,0 days 00:01:38.976400,0.8376711871595741,0.3066704108694072,2,0.27341599073001394,0.10631779197351218,0.005278939473664762,0.07488893883283704,0.006393619662021166,0.02879381362173613,0.0002652562503058815,25,90,0.015682977644584886,0.12253763222876528,True,False,False,7.368436913897394e-07,COMPLETE
1893,0.4398013949394226,2025-04-03 16:26:57.615707,2025-04-03 16:28:40.470876,0 days 00:01:42.855169,0.792566361760153,0.4171201324354613,2,0.25994721175164276,0.12417518849813032,0.00840172895978175,0.06501842014137321,0.012716159223557413,0.03162489863875627,0.06333765149657403,26,98,0.011021135644203501,0.16175961510386683,True,False,False,0.0007059647466748012,COMPLETE
1894,0.4280568599700928,2025-04-03 16:28:41.082820,2025-04-03 16:30:19.457505,0 days 00:01:38.374685,0.7235890032108874,0.3341327958360682,2,0.23931343580514475,0.09819475186080887,0.014102570816750891,0.05963478420161677,0.034860227013761014,0.025194403522305085,0.051148664520714884,25,64,0.00826817308888218,0.21340244725146815,True,False,False,0.00035648388148331624,COMPLETE
1895,0.4437669157981873,2025-04-03 16:30:20.091384,2025-04-03 16:30:58.721310,0 days 00:00:38.629926,0.9613586970713008,0.2674523660120151,8,0.2458253736777651,0.24380695676608144,0.011286816115820893,0.07170832643602285,0.007594443141828042,0.008603015412787199,0.04025512189799234,27,92,0.018395728972986747,0.1519050423223706,True,False,False,0.00048157420809837216,COMPLETE
1896,0.2804898262023926,2025-04-03 16:30:59.333180,2025-04-03 16:31:25.174330,0 days 00:00:25.841150,0.8183023546210091,0.23481549753545672,16,0.2657971299044403,0.11193043502711936,0.004658650647340319,0.06902975329267486,0.004433172485414706,0.023981670092524936,0.08307970655650912,25,102,0.01419690752078431,0.1354367019174898,True,True,False,0.0008392749974653366,COMPLETE
1897,0.43505887985229497,2025-04-03 16:31:25.808900,2025-04-03 16:33:02.540384,0 days 00:01:36.731484,0.7599022387371308,0.2853531003705647,2,0.23554883610319904,0.07717671228619874,0.006980970897344617,0.06128659142677182,0.010843077181217338,0.01985535741349818,0.0650398522502888,24,118,0.021644281983841843,0.14555206381559246,True,False,False,0.0006623057387196916,COMPLETE
1898,0.38617159724235534,2025-04-03 16:33:03.153420,2025-04-03 16:34:43.426796,0 days 00:01:40.273376,0.9118587496873316,0.3124132969279134,2,0.24659101735292951,0.10449355721832077,0.009608704282443677,0.06508723548518769,0.009039997945815071,0.03702908596513285,0.05026271919475247,26,84,0.01667095070339579,0.1283628401743203,False,False,False,0.0003091496587756327,COMPLETE
1899,0.423123049736023,2025-04-03 16:34:44.058422,2025-04-03 16:36:25.234775,0 days 00:01:41.176353,0.35124491649643175,0.34654769456702783,2,0.2550677271861559,0.08742521457328592,0.0026071902896390403,0.057311924473318954,0.006151851894548824,0.02679298021226752,0.07598588959148873,26,69,0.01258737482262403,0.14063515569864926,True,False,False,0.0009996698819774714,COMPLETE
1900,0.450059986114502,2025-04-03 16:36:25.870707,2025-04-03 16:38:05.260769,0 days 00:01:39.390062,0.7884032993673665,0.29227751292882637,2,0.23914563040031186,0.11499419436198575,0.005988756205887189,0.07651977357922388,0.0025958848437489575,0.022138568866763825,0.033709847020625974,25,75,0.019499304397328013,0.15585928853999204,True,False,False,0.00046030496798940855,COMPLETE
1901,0.4393802046775818,2025-04-03 16:38:05.878716,2025-04-03 16:39:25.717271,0 days 00:01:19.838555,0.8971941450636207,0.26472588415609394,2,0.25179957675856335,0.09529947241211442,0.012516772690958498,0.06328866779540901,0.01224758471020252,0.02973780120435579,0.05646029389425162,19,81,0.015105533643098967,0.13364451280935077,True,False,False,0.0002318848574731034,COMPLETE
1902,0.44346145391464237,2025-04-03 16:39:26.354645,2025-04-03 16:41:13.455093,0 days 00:01:47.100448,0.8412417776934561,0.36381834058426715,2,0.26129604457835415,0.10894752740814867,0.0092366471138469,0.07349672279191044,0.008021885632551927,0.017180949709826598,0.04076916447773138,27,89,0.017852400306764635,0.122837638664624,True,False,False,0.0005520047242217412,COMPLETE
1903,0.43522696495056157,2025-04-03 16:41:14.070477,2025-04-03 16:42:17.442758,0 days 00:01:03.372281,0.9832259789036302,0.32106243148354546,2,0.2723098009870874,0.23288635576749883,0.004101169870038344,0.06664990734389628,0.05897432197063845,0.03213772965397906,0.08629724005318853,14,94,0.010713659296048226,0.14595104642156886,True,False,False,0.00038110395366841105,COMPLETE
1904,0.43810491561889653,2025-04-03 16:42:18.079677,2025-04-03 16:43:54.415738,0 days 00:01:36.336061,0.8066166814994306,0.23023049207203108,2,0.23502689678876446,0.13115814677020776,0.015132977050033355,0.07148656248891866,0.02814290388738457,0.027759725567650696,0.09940672825764223,24,86,0.013663694096125901,0.22454111330581236,True,False,False,0.0006889412565116516,COMPLETE
1905,0.44376710653305057,2025-04-03 16:43:55.054900,2025-04-03 16:45:36.737891,0 days 00:01:41.682991,0.7389819604417021,0.24773130051880857,2,0.2440180158139605,0.12112426811210827,0.010911283045582643,0.060236477800222926,0.00430376847167193,0.026019644962403412,0.046183715061115696,26,60,0.020731366252579545,0.13929834799700033,True,False,False,0.0007959867098875971,COMPLETE
1906,0.4549748420715332,2025-04-03 16:45:37.352775,2025-04-03 16:47:09.679290,0 days 00:01:32.326515,0.8224213847242847,0.2777398135049361,2,0.2570179503872307,0.10086434961282148,0.018121292207049756,0.06924647472140832,0.009755066735992092,0.0028367779496706355,0.06443014959302117,23,78,0.016911766645908797,0.12785588359161093,True,False,False,0.0005550593963014605,COMPLETE
1907,0.435758376121521,2025-04-03 16:47:10.321345,2025-04-03 16:48:35.961995,0 days 00:01:25.640650,0.8220822295411946,0.30448574782165405,2,0.26265664242371595,0.08962999237676533,0.018149588624094014,0.06847963142138817,0.00658988418706168,0.0048847811520430955,0.04533464713381932,21,80,0.09655116383360565,0.12593289669955965,True,False,False,0.0006344202627082608,COMPLETE
1908,0.4359491348266602,2025-04-03 16:48:36.590964,2025-04-03 16:50:11.862835,0 days 00:01:35.271871,0.8008070420754775,0.28681045562090557,2,0.2592072798490867,0.09815385983510361,0.01885044766380524,0.06668480346385322,0.012713666087589016,0.004548756947721521,0.0003766981344647267,24,82,0.022112957123537516,0.12198965480000827,True,False,False,0.0006113814959648758,COMPLETE
1909,0.3087879776954651,2025-04-03 16:50:12.500422,2025-04-03 16:51:29.623771,0 days 00:01:17.123349,0.8116447438888907,0.2813203845671882,2,0.26726108420107464,0.08337731171241142,0.0196074001829948,0.06798702668369644,0.010098855448684073,0.0021812135884802506,0.05333050534556538,22,84,0.018555894467887947,0.1199069643650527,True,False,True,0.0005326471659673964,COMPLETE
1910,0.4336709856987,2025-04-03 16:51:30.243619,2025-04-03 16:53:06.738064,0 days 00:01:36.494445,0.8276000535922207,0.298038486309289,2,0.25868380947545194,0.09239073647606562,0.015569597517533444,0.06592658259162337,0.007374350559718567,0.003558725603130736,0.036452430267788306,24,80,0.019974158629667792,0.12436760452484541,True,False,False,0.0007955859588429,COMPLETE
1911,0.4393871068954468,2025-04-03 16:53:07.384631,2025-04-03 16:54:36.256061,0 days 00:01:28.871430,0.7903378471881242,0.28863048308402955,2,0.2688239300602724,0.0923182455828293,0.018549295675531284,0.06869153867926599,0.010791606444692218,0.0024029749358362214,0.042888939921223584,22,83,0.01753309143744915,0.11744144000044529,True,False,False,0.0006443684040340655,COMPLETE
1912,0.45142418146133423,2025-04-03 16:54:36.874048,2025-04-03 16:55:59.026629,0 days 00:01:22.152581,0.8096742279611113,0.27353403411080635,2,0.26383544036016315,0.08584170907077233,0.020417291449575832,0.0641036703263187,0.0040883040798054635,0.008212366264626698,0.05650265225216362,20,79,0.01937749634178924,0.12618173945171596,True,False,False,0.0008154555127819116,COMPLETE
1913,0.44232088327407837,2025-04-03 16:55:59.667047,2025-04-03 16:57:35.865177,0 days 00:01:36.198130,0.7791609509437923,0.31252022442708094,2,0.25699393200683446,0.0977502415208345,0.0172277952360346,0.06694173380604335,0.013648914616598392,0.0015535521337390458,0.05082427073579166,24,86,0.022693871892409994,0.12026332604452689,True,False,False,0.00051333880535474,COMPLETE
1914,0.2804898262023926,2025-04-03 16:57:36.481955,2025-04-03 16:58:53.135040,0 days 00:01:16.653085,0.8268644353792169,0.0760958293651439,2,0.2796183384227076,0.09882637946792704,0.018524935061463653,0.06930763967686199,0.00881797575382977,0.0032122219618905346,0.032605339845688114,22,82,0.016665353638212248,0.12917405446616295,True,True,False,0.0006811476953816817,COMPLETE
1915,0.4286292910575867,2025-04-03 16:58:53.782611,2025-04-03 17:00:27.228757,0 days 00:01:33.446146,0.7806443308781195,0.2979394073431683,2,0.2562746279939422,0.08009846229692505,0.017230719868097495,0.06603573050700708,0.005830600019048352,0.0011168148143646675,0.06073402472707374,23,78,0.020542085727265458,0.12204930831528914,True,False,False,0.0005681179529414902,COMPLETE
1916,0.44243156909942627,2025-04-03 17:00:27.844318,2025-04-03 17:02:01.608037,0 days 00:01:33.763719,0.8116164506764093,0.3278579295495867,2,0.26347728478566107,0.09335965835546967,0.01973810551579686,0.02466545990600428,0.0093247213551532,0.004508919600982507,0.03805741327035186,23,130,0.01628219280960946,0.13215786262367796,True,False,False,0.0008110685605725482,COMPLETE
1917,0.4469335079193115,2025-04-03 17:02:02.254924,2025-04-03 17:02:37.161036,0 days 00:00:34.906112,0.8319108989119449,0.2780092494443404,8,0.2742697258084923,0.10206821088920104,0.01745627782098815,0.06305516715727937,0.0010643820214066013,0.00684042616584773,0.04561399700662381,23,88,0.018653666986340987,0.12728252533252055,True,False,False,0.0005099879663395287,COMPLETE
1918,0.41882470846176145,2025-04-03 17:02:37.782015,2025-04-03 17:04:13.057878,0 days 00:01:35.275863,0.7994773251466616,0.27060390198083695,2,0.25554895227576685,0.24287407788454315,0.019500507125209413,0.06495537523263945,0.06250801352486796,0.005861974743078858,0.061748079381010394,24,91,0.05868541961113736,0.1312889801689595,False,False,False,0.0007091976935232986,COMPLETE
1919,0.4473450779914856,2025-04-03 17:04:13.701672,2025-04-03 17:05:41.022364,0 days 00:01:27.320692,0.8387922528897366,0.30574901299155555,2,0.26576635067020044,0.07356227515719646,0.018391179455161673,0.06935122654755317,0.012115862463847028,0.0013197832520867522,0.026104497662227676,21,84,0.01544930787946333,0.12376430793335003,True,False,False,0.0009961195433583027,COMPLETE
1920,0.44039109945297245,2025-04-03 17:05:41.646069,2025-04-03 17:06:07.671195,0 days 00:00:26.025126,0.7704785264314526,0.3254826260248354,16,0.2532237202405327,0.08566045274246718,0.0172711608502254,0.0673301459915142,0.007284843308153302,0.0029176129591309734,0.051324779056304004,23,77,0.02212835717450334,0.12847307175912753,True,False,False,0.0005659023194470659,COMPLETE
1921,0.423123049736023,2025-04-03 17:06:08.313156,2025-04-03 17:07:35.903433,0 days 00:01:27.590277,0.8010945327349638,0.29406573580374906,2,0.2695419719154434,0.10194528629455712,0.016031713981874203,0.06304708195745273,0.004015147762281826,0.005871429093481298,0.04066355057715143,22,53,0.017757998872029713,0.1166499325134488,True,False,False,0.0008269068347130919,COMPLETE
1922,0.4339442133903504,2025-04-03 17:07:36.523120,2025-04-03 17:09:07.179277,0 days 00:01:30.656157,0.8152580411288259,0.2648524107456498,2,0.260390921507076,0.08991066047288102,0.02125573585350141,0.0608717305585002,0.011006723985006434,0.0024113996690207353,0.06389185054492322,22,96,0.01361671453136852,0.1339806090117801,True,False,False,0.0004565167149537508,COMPLETE
1923,0.4364919900894165,2025-04-03 17:09:07.823930,2025-04-03 17:10:34.227692,0 days 00:01:26.403762,0.7827364283265493,0.34320252364381637,2,0.2528974531266775,0.25441981285758725,0.015960947773216584,0.05630444295302296,0.005709816852274528,0.004161727011633585,0.04966414470242274,21,88,0.020471757341277604,0.12019655297281218,True,False,False,0.0006168688312155632,COMPLETE
1924,0.4098503351211548,2025-04-03 17:10:34.843674,2025-04-03 17:12:07.136176,0 days 00:01:32.292502,0.7549537207041901,0.31669031114621243,2,0.26129309720412824,0.09590920724715427,0.019837356382609722,0.06541598943163157,0.00904277589937903,0.006056592931107339,0.06657664901731188,23,81,0.015425183469953176,0.129991328479617,True,False,False,2.6820623652248743e-08,COMPLETE
1925,0.44178272485733033,2025-04-03 17:12:07.778265,2025-04-03 17:12:54.853295,0 days 00:00:47.075030,0.8294435352963133,0.280793584141159,2,0.2760641205623191,0.2302965695299961,0.01438129378646324,0.07002386267311186,0.0030563944288504465,0.004184273670490367,0.03126380944501492,9,92,0.01740237905890355,0.12636303383883163,True,False,False,0.0006938550236198164,COMPLETE
1926,0.4392219543457031,2025-04-03 17:12:55.502695,2025-04-03 17:14:21.985624,0 days 00:01:26.482929,0.8443189748881512,0.29822135989130966,2,0.26895490764262237,0.23630247529068615,0.0215364915103831,0.058606700776928,0.013493841695404723,0.006733999686635284,0.0012706371800446311,21,85,0.012250272057441985,0.13416184885789487,True,False,False,0.000991080937504601,COMPLETE
1927,0.438193428516388,2025-04-03 17:14:22.607973,2025-04-03 17:15:53.027766,0 days 00:01:30.419793,0.7957763143423754,0.2661029264358476,2,0.2512369980794851,0.10268214927793823,0.014067118099547924,0.06220825017461651,0.00756280974779785,0.0027504259383365768,0.054280602216650195,22,100,0.019638746375135754,0.11716071806822823,True,False,False,0.00046457217889457,COMPLETE
1928,0.31027424335479736,2025-04-03 17:15:53.677362,2025-04-03 17:17:13.058066,0 days 00:01:19.380704,0.7675295388088924,0.3297865319754686,2,0.2570895281730583,0.08197388948647118,0.015538891099699588,0.053942859724686994,0.010268254980640209,0.00140227264420651,0.04162956278614582,23,78,0.02362294694595919,0.12491001674751964,True,False,True,0.0006905579153267113,COMPLETE
1929,0.4073994755744934,2025-04-03 17:17:13.675322,2025-04-03 17:18:46.656435,0 days 00:01:32.981113,0.8220464691001691,0.2833087741082303,2,0.26513091172163594,0.0938049701849207,0.017911068943009735,0.067518535403775,0.005466885313733842,0.004609843247798225,0.06564457622131786,23,108,0.015238960570949665,0.1318891498489055,True,False,False,0.0005532949254311998,COMPLETE
1930,0.4232178568840027,2025-04-03 17:18:47.297155,2025-04-03 17:20:12.900671,0 days 00:01:25.603516,0.8022134416935313,0.3042238057350892,2,0.25039871029989663,0.10370333768589551,0.02088380880878755,0.0654672921949123,0.012008261433520573,0.0034746642250857206,0.03424356746991146,21,90,0.009050752498507288,0.23277728746008738,True,False,False,0.000820380206928794,COMPLETE
1931,0.4457935094833374,2025-04-03 17:20:13.518969,2025-04-03 17:21:46.851699,0 days 00:01:33.332730,0.7582752747368376,0.2670775725549203,2,0.2608363960951118,0.08969093588785687,0.01641366880678475,0.0015483604391380024,0.00813015350104317,0.008694401979826356,0.04714977924067517,23,94,0.017933542008342532,0.13749550994893475,True,False,False,0.00044137322243217826,COMPLETE
1932,0.42821378707885743,2025-04-03 17:21:47.493233,2025-04-03 17:23:23.229494,0 days 00:01:35.736261,0.8477434432615479,0.3390216583316393,2,0.2906700337465147,0.07804481211640997,0.0191387488422276,0.07015966058154396,0.006216018863200703,0.008124502849726007,0.05678613306218632,24,82,0.0609503534930462,0.20040888066353746,True,False,False,0.0008266053148258062,COMPLETE
1933,0.2804898262023926,2025-04-03 17:23:23.874291,2025-04-03 17:24:35.007628,0 days 00:01:11.133337,0.6210310646494789,0.30914309235883103,2,0.2725811067398847,0.14042242143863776,0.013555193453849845,0.031707032910093746,0.01414297921215497,0.0028640366940341964,0.07126681336368937,20,86,0.01373234563961612,0.11255872415322354,True,True,False,0.0006224252187897253,COMPLETE
1934,0.4436788439750672,2025-04-03 17:24:35.629716,2025-04-03 17:26:10.840267,0 days 00:01:35.210551,0.8196332211399215,0.28521245674739704,2,0.2548345881907572,0.09741931969529191,0.01349168144274088,0.06108365401815443,0.010334157185143127,0.005203194261286218,0.02152671408719923,24,78,0.0217008598893335,0.12367423252103005,True,False,False,0.0004903852818783954,COMPLETE
