number,value,datetime_start,datetime_complete,duration,params_alpha-eval,params_alpha-train,params_batch-size,params_eps-eval,params_eps-train,params_lambda-actions-eval,params_lambda-actions-train,params_lambda-frames-eval,params_lambda-frames-train,params_learning-rate,params_n-epochs,params_n-frames,params_radius-gw,params_rho,params_std-feats,params_ub-actions,params_ub-frames,params_weight-decay,state
1078,0.3850192427635193,2025-04-22 22:55:32.814517,2025-04-22 22:55:49.806919,0 days 00:00:16.992402,0.41034500074694397,0.19396871349875042,16,0.28881729659967365,0.057965558023129714,0.09691313234602895,0.052427452725607844,0.005418244860138116,0.03682589470295706,0.012332686516938212,6,144,0.07966187266023698,0.2390650284001331,False,False,False,1.403447575636006e-05,COMPLETE
1079,0.43201177120208745,2025-04-22 22:55:50.152514,2025-04-22 22:56:06.868258,0 days 00:00:16.715744,0.8872524314737842,0.14095924006785726,16,0.29483393804121827,0.08496480033777307,0.0927045598979944,0.06325332498023088,0.00866974211355002,0.020422908381999887,0.006089063602240743,5,150,0.08731495409768215,0.10222913133612582,False,False,False,4.145855775714104e-06,COMPLETE
1080,0.48513568639755256,2025-04-22 22:56:07.214617,2025-04-22 22:56:24.153028,0 days 00:00:16.938411,0.729886035659675,0.23737295957176457,16,0.20614202909043944,0.0638231066903781,0.09844393315494984,0.056035980711932006,0.00447824000627089,0.03884583543348175,0.01016283908294524,6,140,0.082202566188019,0.22795783138725195,False,False,False,2.552651475014872e-06,COMPLETE
1081,0.4111589193344116,2025-04-22 22:56:24.502079,2025-04-22 22:56:42.271743,0 days 00:00:17.769664,0.7149224440082347,0.17641468970002275,16,0.2627384197684274,0.053633251283880884,0.09848761749138273,0.052634707236837386,0.002601087179306136,0.03988848973157835,0.00823240938694428,7,141,0.07893429504169369,0.23121680611638212,False,False,False,2.1316017063829657e-06,COMPLETE
1082,0.33101512789726256,2025-04-22 22:56:42.621509,2025-04-22 22:56:57.485994,0 days 00:00:14.864485,0.7309725761547695,0.20732909447334208,16,0.22412778136711628,0.05876531140325239,0.0983741870985918,0.05574781883092733,0.004222667553513913,0.0415443800600669,0.006916477829052571,5,145,0.08099297203184497,0.23562619518969521,False,True,False,2.413023856976475e-06,COMPLETE
1083,0.40734591484069826,2025-04-22 22:56:57.833196,2025-04-22 22:57:15.849244,0 days 00:00:18.016048,0.7318573666407614,0.23345283909574785,16,0.2677009059800436,0.06403259900550055,0.09997262063022805,0.054329465738544774,0.004278145682996898,0.044382529522513585,0.009741475003488008,8,140,0.08520958259194585,0.24517493670627505,False,False,False,1.580783084496387e-06,COMPLETE
1084,0.4330313563346863,2025-04-22 22:57:16.202196,2025-04-22 22:57:36.774293,0 days 00:00:20.572097,0.705467321583215,0.21346855621947425,16,0.27358531853845197,0.06170158858450844,0.09992371312042969,0.05599715945964097,0.0022779012675136342,0.038755274759611304,0.009962572485942291,6,147,0.0771511325753247,0.228355234665914,True,False,False,2.9798944876379586e-06,COMPLETE
1085,0.4414719700813294,2025-04-22 22:57:37.125394,2025-04-22 22:57:54.032854,0 days 00:00:16.907460,0.7423341308026121,0.1946570550448564,16,0.26142024104396205,0.05238896366188599,0.0969939767398866,0.05442905113531158,0.0010820639883593163,0.03982074361361165,2.7803250809193406e-05,6,144,0.07510237303390777,0.23806591539006913,False,False,False,1.9319394774978746e-06,COMPLETE
1086,0.40018084049224856,2025-04-22 22:57:54.367668,2025-04-22 22:58:10.888496,0 days 00:00:16.520828,0.7289504168343535,0.23082270302327068,16,0.26874639096728153,0.06590949724656278,0.0982725721165219,0.05239442504292347,0.0056711931166040525,0.042808871018852765,0.008018691701886582,5,142,0.08251320059046614,0.23147143558124075,False,False,False,2.3989297008911487e-06,COMPLETE
1087,0.48726984262466433,2025-04-22 22:58:11.235828,2025-04-22 22:58:28.649044,0 days 00:00:17.413216,0.701701479144856,0.24509291667264244,16,0.1988635644199641,0.05820352172862924,0.09608367716241979,0.05700401002689202,0.005817705406879067,0.038353621714644195,0.010320990097637496,7,139,0.08078234480229984,0.24272648796415913,False,False,False,3.3984863755058332e-06,COMPLETE
1088,0.4352120280265809,2025-04-22 22:58:28.997963,2025-04-22 22:58:46.844572,0 days 00:00:17.846609,0.6842617227149986,0.24918909994258012,16,0.2120011202862111,0.05266071871615841,0.099965313630276,0.05546398959651763,0.006560562725857654,0.037730530445498095,0.00788796288199689,8,135,0.019999198673081447,0.2526316900249525,False,False,False,1.6404829983216607e-06,COMPLETE
1089,0.3945956349372864,2025-04-22 22:58:47.198336,2025-04-22 22:59:04.885490,0 days 00:00:17.687154,0.7013616845859522,0.25481009660452886,16,0.18984858999809648,0.05200018885037387,0.0969553573539414,0.051690044020302764,0.007092795619002123,0.03904407076514116,0.009489547136673798,7,138,0.08423267886610884,0.2482393720041169,False,False,False,2.959037079534366e-06,COMPLETE
1090,0.4029265403747559,2025-04-22 22:59:05.233685,2025-04-22 22:59:22.782875,0 days 00:00:17.549190,0.69040678917422,0.21671745113341678,16,0.16420632985288516,0.058095447429866165,0.09657223283289859,0.05681077860462698,0.004084009309494688,0.040743976453344356,0.005818227649958647,7,139,0.08630856018698256,0.2447366058532228,False,False,False,2.844735064110046e-06,COMPLETE
1091,0.4140376687049866,2025-04-22 22:59:23.130908,2025-04-22 22:59:41.016264,0 days 00:00:17.885356,0.7006739959457428,0.27072321608950145,16,0.19285917178307055,0.05754690798167696,0.09812549749821699,0.053751345610536336,0.006533008502014699,0.037687876706674124,0.007626988961841861,8,135,0.0818938041639609,0.08800038011709807,False,False,False,2.485228038732001e-06,COMPLETE
1092,0.4120934367179871,2025-04-22 22:59:41.364391,2025-04-22 22:59:58.859088,0 days 00:00:17.494697,0.6794882800620264,0.1687635149851784,16,0.26512803104576993,0.052281575609597244,0.09618010435385019,0.050988471487388276,0.0026823014973562085,0.04223834615903906,0.009184088934348016,7,139,0.08366033919239427,0.24095766281547779,False,False,False,3.4410605230028977e-06,COMPLETE
1093,0.43504793643951417,2025-04-22 22:59:59.209968,2025-04-22 23:00:17.381505,0 days 00:00:18.171537,0.7151296734316213,0.23797857750523788,16,0.2744127764453066,0.058422503621356404,0.0982890279417905,0.05695712191716108,0.004147062452368121,0.03606774752721717,0.00645745354002634,8,148,0.0808452778255303,0.25556489778558095,False,False,False,2.351810366814136e-06,COMPLETE
1094,0.416590416431427,2025-04-22 23:00:17.732383,2025-04-22 23:00:35.051666,0 days 00:00:17.319283,0.7115025061897987,0.19625003650514994,16,0.12515123739964096,0.06199041177031418,0.09501548211500327,0.054502501443976246,0.007696149774237401,0.04039519430953891,0.010474755552437877,7,131,0.09129714894296419,0.24836931714298488,False,False,False,3.134251603429788e-06,COMPLETE
1095,0.3732404470443726,2025-04-22 23:00:35.406484,2025-04-22 23:00:55.948876,0 days 00:00:20.542392,0.6746276987304701,0.2954122003654858,8,0.168879067808063,0.052771481228909366,0.09838838567303304,0.05733727411132646,0.0010300487823157985,0.03873059310926167,0.02730851492548196,7,144,0.0884516173986558,0.2415331978288346,False,False,False,1.8867253905564315e-06,COMPLETE
1096,0.36868542432785034,2025-04-22 23:00:56.306433,2025-04-22 23:01:19.910311,0 days 00:00:23.603878,0.666387896047686,0.24958252516630214,16,0.15192963298744863,0.06407712720931083,0.09644805108922203,0.055526189956270934,0.005149459851605616,0.04403478566392495,0.011107804897528982,23,142,0.08562861761584689,0.24594631793035018,False,False,True,4.438810321913062e-06,COMPLETE
1097,0.47238060235977175,2025-04-22 23:01:20.246929,2025-04-22 23:01:38.939120,0 days 00:00:18.692191,0.3285802497431349,0.21886791853482623,16,0.17292765354390321,0.058020764698410984,0.0999682500251845,0.05774929555301108,0.00820948897559399,0.037289041116120705,0.011346070186432824,9,138,0.08254690560217302,0.2384378791105143,False,False,False,3.8893755411138434e-06,COMPLETE
1098,0.4017943382263184,2025-04-22 23:01:39.296845,2025-04-22 23:01:56.968667,0 days 00:00:17.671822,0.7473622759807478,0.2702258661977211,16,0.27681751495455925,0.06615590398462995,0.09515752148625672,0.05896368720601237,0.005376407315693877,0.04086746892623564,0.009150430511378121,7,145,0.08051971616205557,0.24237110776695192,False,False,False,2.8987121556248236e-06,COMPLETE
1099,0.4040836811065674,2025-04-22 23:01:57.319461,2025-04-22 23:02:14.269605,0 days 00:00:16.950144,0.739911083429469,0.2351497415838816,16,0.21066458708028224,0.06802557284264761,0.09784716893157717,0.05294555893780747,0.002588892819565301,0.07973732780747281,0.0222896715138507,6,134,0.08410094032763657,0.2499769919747362,False,False,False,1.8503984652381289e-06,COMPLETE
1100,0.43654118776321416,2025-04-22 23:02:14.619948,2025-04-22 23:02:30.295135,0 days 00:00:15.675187,0.7199516103178121,0.9891325149055765,16,0.22591418115056477,0.05169269923819511,0.09665202067599263,0.055326779488468064,0.006748679479156296,0.03583254248849206,0.016034485444165407,5,68,0.08706167006424959,0.2359690453785776,False,False,False,3.4170609443644207e-06,COMPLETE
1101,0.33703162074089055,2025-04-22 23:02:30.648108,2025-04-22 23:02:46.805477,0 days 00:00:16.157369,0.7606526623613444,0.17877918425681177,16,0.20876650129706917,0.06147458203758503,0.0945949003249642,0.057626030652265695,0.00375068016051611,0.03931518514035323,0.018310158338027484,8,141,0.07890323369610186,0.23367724039755744,False,True,False,2.6226806842583617e-06,COMPLETE
1102,0.40970366001129155,2025-04-22 23:02:47.157675,2025-04-22 23:03:04.598172,0 days 00:00:17.440497,0.7251271202181219,0.20466077150234208,16,0.2161437180277651,0.06783930727475543,0.09828509858994817,0.061769238634505834,0.008504390399254195,0.04244686671371313,0.012105372651100602,7,137,0.08157591647841969,0.24451244880294812,False,False,False,3.6853729104474613e-06,COMPLETE
1103,0.3886318683624268,2025-04-22 23:03:04.949125,2025-04-22 23:03:22.067019,0 days 00:00:17.117894,0.6928748462644063,0.24940213248644463,16,0.2610039189954939,0.05726851503374191,0.09671654047011138,0.059844296915011884,0.005580676417901942,0.037985063322451364,0.01514193687040102,6,148,0.08466187396939642,0.2528353761671374,False,False,False,2.2459091111941028e-06,COMPLETE
1104,0.38643070459365847,2025-04-22 23:03:22.421259,2025-04-22 23:03:39.340176,0 days 00:00:16.918917,0.6557280210759255,0.27606111633412206,16,0.19174881647163616,0.062009977352678186,0.09424008104297472,0.05348103920025155,0.009637443784416357,0.045599525340117374,0.008331771786086082,6,141,0.08286906808932584,0.23816875278893357,False,False,False,4.004352348115552e-06,COMPLETE
1105,0.4329325795173645,2025-04-22 23:03:39.695884,2025-04-22 23:03:59.439779,0 days 00:00:19.743895,0.7653770652302293,0.15550987505635003,16,0.22113245810547055,0.07000573255298959,0.09989693647665036,0.051076254358412086,0.0030797700813719638,0.04015872295328588,0.02135612830403094,5,145,0.08006717327085607,0.2336640416149068,True,False,False,2.9536929853823118e-06,COMPLETE
1106,0.3764837384223938,2025-04-22 23:03:59.793251,2025-04-22 23:04:16.632012,0 days 00:00:16.838761,0.5770112378246621,0.7587557834794952,16,0.2695669890576941,0.06431979607204662,0.0965842542308359,0.056432744996945686,0.0010175463832723178,0.03557037430948101,0.013330126259792003,6,139,0.0891628277167818,0.2418061616316263,False,False,False,4.662183078022207e-06,COMPLETE
1107,0.44007186889648436,2025-04-22 23:04:16.993562,2025-04-22 23:04:33.438443,0 days 00:00:16.444881,0.7321817925531027,0.2251006484152511,16,0.14534533482578113,0.06710356544198989,0.0029565300121105823,0.06582570453417888,0.006970781753648636,0.04286350668842508,0.01040976706207778,7,43,0.07746237878497908,0.22910038801925692,False,False,False,3.694735652966879e-06,COMPLETE
1108,0.4340468406677246,2025-04-22 23:04:33.797341,2025-04-22 23:04:49.356116,0 days 00:00:15.558775,0.75313495282769,0.25511016773412243,16,0.15397468824346933,0.04968157131790889,0.09821606515777623,0.05862987019332942,0.004123833250277674,0.03714084832497196,0.027019216578932595,5,57,0.08611659174732066,0.2354137396242369,False,False,False,5.197924890822182e-06,COMPLETE
1109,0.40679091215133667,2025-04-22 23:04:49.713130,2025-04-22 23:05:06.784327,0 days 00:00:17.071197,0.77597666359225,0.20967197741745744,16,0.2713814540106226,0.05878262614130855,0.0937989297120879,0.061104230504344346,0.006079907058948615,0.03011762823362735,0.004763507298615326,6,143,0.08200433606132886,0.24739290302708955,False,False,False,3.213486731248986e-06,COMPLETE
1110,0.43984546661376955,2025-04-22 23:05:07.122185,2025-04-22 23:05:23.541417,0 days 00:00:16.419232,0.7115144305295761,0.23206763673819342,16,0.19744541430972173,0.07076462429623402,0.09992961213212065,0.063951790559083,0.009319725989636474,0.0339682504501059,0.017702120660569413,6,86,0.0840382953459345,0.22868755129261756,False,False,False,2.3385345164821366e-06,COMPLETE
1111,0.43745261430740356,2025-04-22 23:05:23.892562,2025-04-22 23:05:41.527005,0 days 00:00:17.634443,0.9410038358217457,0.1914527953049436,16,0.2778277897108579,0.07212679380729804,0.09519386903541552,0.05542738768966349,0.0043957671777323445,0.039243960862690115,0.007270191294841321,7,134,0.07941498804943474,0.23928195728192442,False,False,False,4.531961626640988e-06,COMPLETE
1112,0.39701340198516843,2025-04-22 23:05:41.880127,2025-04-22 23:05:58.169223,0 days 00:00:16.289096,0.7507138594776926,0.29493875515105045,16,0.2629295157209559,0.05650309225043984,0.09670964673218771,0.05834227839614317,0.007552538825609277,0.02776820797865848,0.014554429501119763,5,136,0.08674615615668049,0.23528395738907737,False,False,False,1.6989453396811439e-06,COMPLETE
1113,0.3763472199440002,2025-04-22 23:05:58.524333,2025-04-22 23:06:15.587255,0 days 00:00:17.062922,0.7706293883261507,0.2645187295515091,16,0.279361110475619,0.06307898388381095,0.09307164409065921,0.0614538526613464,0.002679271900081952,0.03226088604495884,0.011438309287566372,6,150,0.08110258721274399,0.22690426169799394,False,False,False,3.4679606870308996e-06,COMPLETE
1114,0.34494789838790896,2025-04-22 23:06:15.943956,2025-04-22 23:06:30.808775,0 days 00:00:14.864819,0.3464126133081836,0.24187498062448387,16,0.18654364761148148,0.0805319281893233,0.09804355038148786,0.05629224995044585,0.005636295437529647,0.04159886743528064,0.021558680389812016,5,140,0.08350707352122598,0.25518242643910655,False,False,True,5.32342587124184e-06,COMPLETE
1115,0.40545666217803955,2025-04-22 23:06:31.162635,2025-04-22 23:06:49.296422,0 days 00:00:18.133787,0.6608746104785154,0.21681812847977613,16,0.2714221786761935,0.06912786546711462,0.0999862834418064,0.05957937133247174,0.0010356027120430582,0.034992913325294875,0.01658610796609182,8,146,0.07835363491443856,0.2432373955672966,False,False,False,2.576921163520648e-06,COMPLETE
1116,0.4328220367431641,2025-04-22 23:06:49.651715,2025-04-22 23:07:10.243221,0 days 00:00:20.591506,0.7305641827770989,0.1864976282151367,8,0.16090387049804813,0.07692303495550512,0.09551210787194371,0.05386952337833803,0.010021412331567968,0.08321605316973588,0.01277679636583506,7,131,0.08510705607909069,0.23212726617225646,False,False,False,4.165876905425107e-06,COMPLETE
1117,0.38515866994857795,2025-04-22 23:07:10.600717,2025-04-22 23:07:27.666313,0 days 00:00:17.065596,0.6209773594830366,0.27828178823063504,16,0.2028442684205577,0.05254181317229503,0.09805536610942864,0.057854451103865806,0.004346779680790835,0.04502200493607289,0.009622465056067177,6,143,0.0815289545287119,0.23957327267013628,False,False,False,5.482820666136521e-06,COMPLETE
1118,0.4771067500114441,2025-04-22 23:07:28.024231,2025-04-22 23:07:44.603572,0 days 00:00:16.579341,0.6994104114728046,0.22687355027575448,16,0.215570972811589,0.06325964275861737,0.09354506700265888,0.06273951785816587,0.0075749670749556105,0.03787059470637734,0.01908342796454289,5,138,0.08306220852021436,0.24894486950007297,False,False,False,3.2355902111214994e-06,COMPLETE
1119,0.41896656751632694,2025-04-22 23:07:44.963275,2025-04-22 23:08:02.665088,0 days 00:00:17.701813,0.7736082764022235,0.2560728756819374,16,0.19947887342156495,0.07279321651856205,0.09586646245253452,0.06542942963961454,0.006534894088608533,0.02914436850811369,0.014667318937604958,7,142,0.08825921522872202,0.22645833183487082,False,False,False,2.154203432398344e-06,COMPLETE
1120,0.32907655239105227,2025-04-22 23:08:03.023818,2025-04-22 23:08:18.273471,0 days 00:00:15.249653,0.7924042822576828,0.21372068666595803,16,0.28020372710636743,0.05762476155460022,0.06223788240880498,0.060418329392970864,0.003260574789779735,0.03161451695090941,0.011418875483038927,6,147,0.07967004568842365,0.23276357350824733,False,True,False,3.892642355438586e-06,COMPLETE
1121,0.4124634623527527,2025-04-22 23:08:18.636402,2025-04-22 23:08:35.821228,0 days 00:00:17.184826,0.749659931394017,0.24111272256032173,16,0.20157524134894161,0.08665076309053056,0.09672011978903741,0.05765659257991228,0.008675148553191282,0.03631804871396264,0.023855700936833354,6,140,0.07575198780004225,0.2562405104213146,False,False,False,4.987843717682102e-06,COMPLETE
1122,0.4333390355110169,2025-04-22 23:08:36.182594,2025-04-22 23:08:55.164090,0 days 00:00:18.981496,0.5408620236296433,0.19912988303808116,16,0.18241387641123052,0.09648194624934643,0.09457187784263649,0.05063972492434857,0.004613278968531886,0.040622436859756604,0.008903546649819924,5,135,0.0853201225849398,0.2436740683764609,True,False,False,2.700914519116416e-06,COMPLETE
1123,0.3943487286567688,2025-04-22 23:08:55.526643,2025-04-22 23:09:13.161356,0 days 00:00:17.634713,0.7183495957327392,0.2992021214464654,16,0.12882785457983015,0.07789881210341316,0.09821099088692904,0.06745932324691442,0.011105295028502563,0.03388901533924743,0.01628015152873113,7,144,0.09259892316848128,0.23486010043886246,False,False,False,6.165475714428737e-06,COMPLETE
1124,0.4378118753433228,2025-04-22 23:09:13.527321,2025-04-22 23:09:30.391544,0 days 00:00:16.864223,0.5949743980086122,0.1759024709269822,16,0.2667689624160038,0.0679375974459636,0.09276544877568747,0.05458727754123576,0.0025917234856264156,0.038932101888272945,1.975543903366533e-05,6,137,0.07747048885200879,0.22659089534381427,False,False,False,4.2290660039172184e-06,COMPLETE
1125,0.48662459850311285,2025-04-22 23:09:30.758628,2025-04-22 23:09:47.134889,0 days 00:00:16.376261,0.7628611566097505,0.26412241012219934,16,0.2067420328345029,0.06442728860499293,0.09831764173488139,0.061593098154440536,0.006068683201568103,0.04339259261655008,0.013695964448767112,5,140,0.08071259714671405,0.23923405458632888,False,False,False,3.151504394469421e-06,COMPLETE
1126,0.40419505834579467,2025-04-22 23:09:47.483440,2025-04-22 23:10:03.780650,0 days 00:00:16.297210,0.7367881644134003,0.2813513163402097,16,0.21387881325997407,0.07261639902995051,0.09572135095228833,0.05951895415260096,0.0051919508350544066,0.04248927456164795,0.018525024189728644,5,132,0.07865276174579425,0.24441435370466771,False,False,False,1.691367974821067e-06,COMPLETE
1127,0.4271156191825867,2025-04-22 23:10:04.137647,2025-04-22 23:10:20.662042,0 days 00:00:16.524395,0.7550712150869721,0.26479526758356337,16,0.2180263073863998,0.21416343597465892,0.0930109437616255,0.056724047613315245,0.002546435074061014,0.04544443117678432,0.014219775059196317,5,137,0.07476357963883652,0.25055843984132614,False,False,False,2.1564100253284833e-06,COMPLETE
1128,0.41786726713180544,2025-04-22 23:10:21.033297,2025-04-22 23:10:37.368443,0 days 00:00:16.335146,0.7370902181445629,0.304297445075324,16,0.21929327131965795,0.06809811633053514,0.09681727283782515,0.06071461991479832,0.005817874180413273,0.043158329648040124,0.00025919941451566945,5,140,0.0803946213894044,0.24710094762914125,False,False,False,2.6915089220263062e-06,COMPLETE
1129,0.3963639736175537,2025-04-22 23:10:37.730008,2025-04-22 23:10:54.237369,0 days 00:00:16.507361,0.7105881493157231,0.2619317115219037,16,0.19969493805567923,0.08146120196412447,0.09503017828128901,0.05322678995610777,0.0010211717871838717,0.04544596170246702,0.020694188731413928,5,134,0.07653673932853616,0.24011981851339534,False,False,False,3.1259407900482927e-06,COMPLETE
1130,0.4878603219985962,2025-04-22 23:10:54.599113,2025-04-22 23:11:10.975209,0 days 00:00:16.376096,0.7607454839806805,0.2288789745466512,16,0.20302412305816403,0.07375744726759023,0.09839043137893039,0.0580659059470697,0.004018222048185484,0.0423915919172098,0.017101895341207554,5,138,0.08035310416083354,0.25566651278696434,False,False,False,2.2531373746004366e-06,COMPLETE
1131,0.4118975877761841,2025-04-22 23:11:11.334930,2025-04-22 23:11:27.643123,0 days 00:00:16.308193,0.7550587890239909,0.20390474167829659,16,0.19996488860327438,0.06494128087945264,0.09988175946538061,0.059382618545157084,0.006606643223643059,0.04481845465492272,0.025691124162083797,5,132,0.07807763858538971,0.2619834129767371,False,False,False,1.5979718876938883e-06,COMPLETE
1132,0.42240658998489383,2025-04-22 23:11:28.008492,2025-04-22 23:11:44.466135,0 days 00:00:16.457643,0.7635258851707235,0.15862824915600324,16,0.2023247733285758,0.07058132976475408,0.09839820809404488,0.06384594943775997,0.005349704800809003,0.04285824326563383,0.013868904513804564,5,135,0.07740084147195876,0.257541423289576,False,False,False,2.1447119437922394e-06,COMPLETE
1133,0.41143823862075807,2025-04-22 23:11:44.828195,2025-04-22 23:12:01.244015,0 days 00:00:16.415820,0.7744733266245631,0.22616360601133662,16,0.22216825845787425,0.06341669377310816,0.09989867520721515,0.05574966186942859,0.007278971947235559,0.04553551319902323,0.028775555832188854,5,138,0.07949046429037768,0.2579865895223701,False,False,False,1.4436112039190423e-06,COMPLETE
