number,value,datetime_start,datetime_complete,duration,params_alpha-eval,params_alpha-train,params_batch-size,params_eps-eval,params_eps-train,params_lambda-actions-eval,params_lambda-actions-train,params_lambda-frames-eval,params_lambda-frames-train,params_learning-rate,params_n-epochs,params_n-frames,params_radius-gw,params_rho,params_std-feats,params_ub-actions,params_ub-frames,params_weight-decay,state
112,0.44016815423965455,2025-04-22 14:03:52.088064,2025-04-22 14:04:24.609286,0 days 00:00:32.521222,0.2625359560651179,0.45796696271174125,8,0.03285253891971526,0.07994119674361705,0.05144935423702396,0.016118918105441884,0.04896268177601526,0.027067698403125076,0.00015432212579472916,22,89,0.06938830534797154,0.27294603453798677,False,False,False,0.00012511996591899315,COMPLETE
113,0.44178547859191897,2025-04-22 14:04:24.646646,2025-04-22 14:04:58.849036,0 days 00:00:34.202390,0.28454063699359744,0.4768809584480914,8,0.015271257988355002,0.06927994770973031,0.03352259992250668,0.018193830307535717,0.03496909065071909,0.03756006255002113,0.0004497004596727468,23,108,0.07165373766721256,0.2828559781116805,False,False,False,3.839385627921929e-05,COMPLETE
114,0.4308407783508301,2025-04-22 14:04:58.886638,2025-04-22 14:05:33.168474,0 days 00:00:34.281836,0.3820882823190946,0.43023582589936205,8,0.005885301708710324,0.022650720095288998,0.031963875148455334,0.021431097301077374,0.03442002923110207,0.03764258527831098,0.0004243923075631026,24,108,0.07250548332956652,0.2866718743934304,False,False,False,1.1439268752557958e-05,COMPLETE
115,0.41790500879287723,2025-04-22 14:05:33.206344,2025-04-22 14:06:10.156745,0 days 00:00:36.950401,0.28677397571680585,0.47099940250247496,8,0.01545270022234842,0.06717423392314789,0.003115161158581181,0.027263875016917453,0.03129847667069126,0.0464824212180495,0.0003021181951167833,26,116,0.0760504784412051,0.22429740390579342,False,False,False,0.000797780986605217,COMPLETE
116,0.2804898262023926,2025-04-22 14:06:10.195170,2025-04-22 14:07:29.101324,0 days 00:01:18.906154,0.3499114939142329,0.383022942996465,2,0.04160555141782813,0.09750118790503458,0.0340534762503016,0.018224862767841694,0.03751499369689379,0.055673720533304626,0.00040020474297208,23,59,0.07111339759808931,0.29633723548267715,False,True,True,3.826298032147542e-05,COMPLETE
117,0.38357369899749755,2025-04-22 14:07:29.140404,2025-04-22 14:07:59.582144,0 days 00:00:30.441740,0.39983561520172795,0.6089570818186203,8,0.025264256665040924,0.04998186801245787,0.03579632130355754,0.010979240170588392,0.042287607133834615,0.014862223112625481,0.0008906047580472994,19,124,0.08446499295837517,0.2009715434387583,False,False,False,2.3044178893153337e-05,COMPLETE
118,0.4436417222023011,2025-04-22 14:07:59.621006,2025-04-22 14:08:31.687154,0 days 00:00:32.066148,0.2759050671799651,0.11526428030265942,8,0.008861309052433552,0.04332250435602722,0.021502838847930084,0.0247044810552894,0.0400003600502746,0.010889836569736721,0.04505178095550715,21,100,0.06463458781132678,0.28139870895184443,False,False,False,1.3763321689366477e-05,COMPLETE
119,0.2804898262023926,2025-04-22 14:08:31.725730,2025-04-22 14:09:03.861672,0 days 00:00:32.135942,0.2737503288309194,0.12299534179178978,8,0.0004503326053823505,0.041452981277380944,0.01641453036737947,0.024270200357565754,0.035446608812568545,0.04037660446604093,0.01692826710523493,21,108,0.06069989280389161,0.2674080122139085,False,False,False,8.665254421758183e-06,COMPLETE
120,0.44121493101119996,2025-04-22 14:09:03.902795,2025-04-22 14:09:30.985665,0 days 00:00:27.082870,0.22146136520214463,0.5739625047756949,8,0.1857201766683343,0.034186174009782196,0.02071331601995845,0.03178574734162816,0.027334238458522984,0.009637434204746931,0.0474416070263717,15,99,0.06499411418451942,0.28157131647937755,False,False,False,1.3762234671421035e-05,COMPLETE
121,0.2804898262023926,2025-04-22 14:09:31.025216,2025-04-22 14:09:56.940292,0 days 00:00:25.915076,0.23601180347794246,0.5744840261519677,8,0.20833247789753512,0.008862996649500313,0.018085516830206518,0.03076798279767999,0.031128279179110614,0.008897485424791131,0.03884283192591535,14,101,0.065257308281775,0.2781270529541391,False,False,False,6.5486444870930444e-06,COMPLETE
122,0.43630661964416506,2025-04-22 14:09:56.980496,2025-04-22 14:10:24.906298,0 days 00:00:27.925802,0.11988606688878267,0.6330332457274872,8,0.22764246118596745,0.06335376543781723,0.010145105288354238,0.022283603139422698,0.04418844780326408,0.010193954861132268,0.007545999355676593,16,95,0.055468548738312945,0.2948682927158281,False,False,False,1.4585846779602248e-05,COMPLETE
123,0.44012930393218996,2025-04-22 14:10:24.959009,2025-04-22 14:10:50.820522,0 days 00:00:25.861513,0.2049427511851606,0.6937748198445646,8,0.020946010406360186,0.08269999108407801,0.028169726005520417,0.02651467787194006,0.02769953685831606,0.0047073879025503335,0.04551030654917382,14,106,0.06412382224884244,0.28388594151924174,False,False,False,1.1726902126865217e-05,COMPLETE
124,0.44192066192626955,2025-04-22 14:10:50.861163,2025-04-22 14:11:17.942679,0 days 00:00:27.081516,0.3215354603373399,0.4868752410188293,8,0.18862034509733988,0.02507222457342835,0.020242497068439887,0.02940614230345928,0.039249199886534976,0.011404426903050595,0.02899172979006613,15,99,0.06743023830664965,0.2600960272406062,False,False,False,5.831180935673704e-05,COMPLETE
125,0.44503116607666016,2025-04-22 14:11:17.985443,2025-04-22 14:11:44.884705,0 days 00:00:26.899262,0.31689111149828936,0.10619335627668947,8,0.17671602320919416,0.03357971556643473,0.019918710824694635,0.03352486548273812,0.03437732486155143,0.003611859399246819,0.03970431906120672,15,99,0.06791128020436266,0.2722585644525429,False,False,False,1.6597249714699125e-05,COMPLETE
126,0.2804898262023926,2025-04-22 14:11:44.927024,2025-04-22 14:12:11.712091,0 days 00:00:26.785067,0.2577689057032474,0.0686749915667542,8,0.16845148862250187,0.011675716706865805,0.014292436426576616,0.039239221779136385,0.03919543521585713,0.007017082040570653,0.02407579049906404,15,116,0.06871165872577273,0.2714011269189498,False,False,False,1.774586349406292e-05,COMPLETE
127,0.4409345388412476,2025-04-22 14:12:11.753033,2025-04-22 14:12:39.636460,0 days 00:00:27.883427,0.31970768879519895,0.10501019551206714,8,0.14553821207235002,0.025746821918022675,0.023063466072468154,0.029123516787613817,0.03419541410781166,0.011623676210527751,0.06397167496657766,16,110,0.06759668960470486,0.25724848591099847,False,False,False,2.0761032800100194e-05,COMPLETE
128,0.36713513135910036,2025-04-22 14:12:39.678575,2025-04-22 14:13:04.414030,0 days 00:00:24.735455,0.30815942736735247,0.03293202183968223,8,0.2252331345446782,0.018787367733869274,0.025429347127724232,0.033724869813225054,0.03659767642098608,0.003817457220154942,0.027660743183775444,12,105,0.06178530369974453,0.2618645213097737,False,False,False,2.7077157431406194e-05,COMPLETE
129,0.43350958824157715,2025-04-22 14:13:04.456623,2025-04-22 14:13:33.401768,0 days 00:00:28.945145,0.2882821410548057,0.12711033366397784,8,0.16706985660848395,0.04997431287422663,0.0221571214103214,0.036615710056784025,0.04186784899529993,0.007926167650285695,0.0714223884617346,17,97,0.07096554032255395,0.29103685093716253,False,False,False,5.743049022049741e-05,COMPLETE
130,0.35011049509048464,2025-04-22 14:13:33.444821,2025-04-22 14:13:55.934080,0 days 00:00:22.489259,0.36147764642632546,0.1679862583526123,8,0.18328863654049463,0.001956366317170617,0.012278454379659702,0.013484953675487759,0.038232254266740213,0.0037357760144730947,0.06040806382345341,13,102,0.0733887771126259,0.26804173321168095,False,False,True,3.9804487254555646e-05,COMPLETE
131,0.4258103728294373,2025-04-22 14:13:55.976595,2025-04-22 14:14:22.703452,0 days 00:00:26.726857,0.2228352858969539,0.5288228533872218,8,0.007465929396952257,0.03580173047302303,0.021248356370281028,0.024916536310423315,0.02013695847420629,0.009925544136593266,0.03826253226471705,15,100,0.058724383850696386,0.2812257431014697,False,False,False,1.3196837996460167e-05,COMPLETE
132,0.4440224409103394,2025-04-22 14:14:22.746154,2025-04-22 14:14:50.442289,0 days 00:00:27.696135,0.24749696240400804,0.5903607170831935,8,0.20207754812904702,0.032009236471134406,0.020052385620451887,0.03233118937052095,0.03187474290145243,0.013997506651610205,0.04573529504094526,16,99,0.0632536115587896,0.27527643826686005,False,False,False,7.105237744123506e-06,COMPLETE
133,0.439790153503418,2025-04-22 14:14:50.485107,2025-04-22 14:15:18.469010,0 days 00:00:27.983903,0.29163217202637803,0.5566945306247815,8,0.2063642958383704,0.025066911920873486,0.019524488154024272,0.03574322051581755,0.03345338073618634,0.01461941164271575,0.08724169130410214,16,93,0.06266879385268818,0.2763277489223818,False,False,False,4.51813673471822e-06,COMPLETE
134,0.4402669668197632,2025-04-22 14:15:18.511799,2025-04-22 14:15:47.693838,0 days 00:00:29.182039,0.2745599820107481,0.2307758320964664,8,0.19205791953210047,0.04397411049707052,0.018741596234017898,0.02760465218036247,0.03631689527764509,0.016595278709734942,0.02384706672873861,18,85,0.06753326000467723,0.2573133659538178,False,False,False,7.780516666292105e-06,COMPLETE
135,0.4408277750015259,2025-04-22 14:15:47.737965,2025-04-22 14:16:16.028435,0 days 00:00:28.290470,0.3216930433456021,0.11069494870324842,8,0.16079910906471884,0.06850403211801236,0.013597473151600172,0.042935320288639875,0.030588513142949178,0.005751877309661699,0.02913225187943495,17,74,0.06921965580732824,0.27241781063987175,False,False,False,1.0003414109712683e-05,COMPLETE
136,0.42425513267517095,2025-04-22 14:16:16.073028,2025-04-22 14:17:19.124798,0 days 00:01:03.051770,0.34673956051625804,0.5977649045554233,2,0.21589601811278492,0.05995923803344523,0.04234187883703306,0.022242900999104892,0.03999646135248406,0.011906974403450126,0.05087501437359976,14,98,0.0817405273616172,0.24725365573524458,False,False,False,1.8716536242881312e-05,COMPLETE
137,0.2804898262023926,2025-04-22 14:17:19.168363,2025-04-22 14:17:44.246604,0 days 00:00:25.078241,0.18594596702453164,0.31739661482904347,8,0.2508981454310642,0.046333278847456055,0.029494133535087785,0.00847268101109775,0.03282961103496445,0.021687039841728217,0.012057431900389154,16,113,0.005588203220498862,0.13834354517150577,False,True,False,2.6847492783771643e-05,COMPLETE
138,0.43760123252868655,2025-04-22 14:17:44.299695,2025-04-22 14:18:11.239313,0 days 00:00:26.939618,0.26142533263382645,0.6707105471211147,8,0.06477279955102686,0.05443464704570909,0.026062416458757696,0.018930334155862347,0.04418861508311566,0.041962786518433534,0.00025360324030015584,15,95,0.05338981629201459,0.26207123164781,False,False,False,4.257705749588554e-05,COMPLETE
139,0.43728554248809814,2025-04-22 14:18:11.283651,2025-04-22 14:18:49.920374,0 days 00:00:38.636723,0.3786258181118941,0.4828342602209307,8,0.1908331345298857,0.03322550350617659,0.03862173477402583,0.032573730538924824,0.035622919831996475,0.014164486251451098,0.0556801148455564,28,108,0.07507620308090945,0.2867549529453555,False,False,False,2.925019695911771e-06,COMPLETE
140,0.43659707307815554,2025-04-22 14:18:49.966628,2025-04-22 14:19:23.354671,0 days 00:00:33.388043,0.25398347925243836,0.4160720398517378,8,0.19946881062104022,0.0732106648575339,0.01711614318716411,0.028475520396538202,0.041712335268594934,0.07416040139608737,0.04128829572698556,23,76,0.0662795151158888,0.2390853715387398,False,False,False,3.320619411386215e-05,COMPLETE
141,0.442222809791565,2025-04-22 14:19:23.400203,2025-04-22 14:19:50.634863,0 days 00:00:27.234660,0.31135414834870956,0.5766360821257444,8,0.17858412649532596,0.03644446746462517,0.02230767725767678,0.031456679811641235,0.023297842723759198,0.008793246740472485,0.029216777393345442,15,102,0.05887867537272692,0.2813677706720161,False,False,False,6.175374443476637e-06,COMPLETE
142,0.43172185420989995,2025-04-22 14:19:50.680382,2025-04-22 14:20:17.210833,0 days 00:00:26.530451,0.31331320928026074,0.6398729774536546,8,0.1781693395245129,0.027769729208151562,0.04856140349598648,0.029636079760710376,0.02019088298945084,0.007400201788765411,0.03350346025829951,14,103,0.06163922117870059,0.2996760763149645,False,False,False,1.6914837745851044e-05,COMPLETE
143,0.4215930581092835,2025-04-22 14:20:17.256640,2025-04-22 14:20:44.814072,0 days 00:00:27.557432,0.3364588419027415,0.1459568498850189,8,0.18505658386265092,0.03921189934970898,0.01960049596257067,0.03538959468013783,0.02498635844070804,0.0036600105505293712,0.0986161665787431,16,80,0.05881934163612009,0.274733596217918,False,False,False,0.0005744153934406231,COMPLETE
144,0.2804898262023926,2025-04-22 14:20:44.863059,2025-04-22 14:21:11.488580,0 days 00:00:26.625521,0.3625127850583738,0.6131856394045041,8,0.1733712951163261,0.018212922087071877,0.023085018300566366,0.025374962613558788,0.02930571542247107,0.017238462765838767,0.03109582550144609,15,93,0.06368243339420737,0.2671036705469211,False,False,False,5.260638728542451e-06,COMPLETE
145,0.43866369724273685,2025-04-22 14:21:11.535336,2025-04-22 14:21:35.553018,0 days 00:00:24.017682,0.28978556468109773,0.5376786467628862,8,0.24208163412360145,0.04857814296423167,0.011268454137847647,0.03876150306905578,0.023670854389977326,0.01294147994127352,0.014399030717140139,12,69,0.07170027833567896,0.25672833297565073,False,False,False,6.959174287661831e-06,COMPLETE
146,0.43882963657379154,2025-04-22 14:21:35.600043,2025-04-22 14:22:14.092063,0 days 00:00:38.492020,0.3033332554005921,0.55758676141893,8,0.014605310806877962,0.059122247490223136,0.006384135193815126,0.030930887762013682,0.03760810530185947,0.010969272739942448,0.01993294572583736,29,85,0.07413413163356841,0.2909428610193965,False,False,False,3.744135527099975e-06,COMPLETE
147,0.447212815284729,2025-04-22 14:22:14.139244,2025-04-22 14:22:54.339146,0 days 00:00:40.199902,0.2449195043809943,0.5160111405600376,8,0.22204216021879558,0.08156853750413462,0.040327791394574465,0.0036376380644462195,0.03932602217470623,0.05345058328049642,0.022967282104335796,30,105,0.06982647042115794,0.2530683607214147,False,False,False,0.0003232276502262756,COMPLETE
148,0.4442163348197937,2025-04-22 14:22:54.386369,2025-04-22 14:23:33.085654,0 days 00:00:38.699285,0.2477069012994165,0.49857013969011976,8,0.23538562403049829,0.06650986136326825,0.040810173640621644,0.005513271577523131,0.03199442946762762,0.005534535506073133,0.02235781779220306,28,109,0.06657978638440502,0.12660040777877746,False,False,False,0.0003417164805187451,COMPLETE
149,0.44126213788986207,2025-04-22 14:23:33.133680,2025-04-22 14:24:13.795217,0 days 00:00:40.661537,0.2434479304863832,0.49899874092989627,8,0.2223943200818092,0.07804652557633843,0.023884785897232374,0.0033649128134202685,0.03185734026466367,0.058161875185012424,0.019674749582389624,30,105,0.060872700239303044,0.13323748690308046,False,False,False,9.946989074038018e-06,COMPLETE
150,0.43028318881988525,2025-04-22 14:24:13.844145,2025-04-22 14:24:53.753615,0 days 00:00:39.909470,0.18892909209780842,0.5861452920022893,8,0.23041833549716084,0.095855890907085,0.033629355064706996,0.006449520128407642,0.034205001499473954,0.05065130270444459,0.035806949065887626,30,99,0.04653628922632555,0.1260526168653539,False,False,False,0.00031114055956523687,COMPLETE
151,0.43904229402542116,2025-04-22 14:24:53.811423,2025-04-22 14:25:33.461765,0 days 00:00:39.650342,0.23352913147386764,0.48311969939424304,8,0.2190985112220517,0.06759784542591094,0.04067297541282379,0.0036738401676894646,0.039289288341650234,0.05635204021738685,0.02445895908617688,29,109,0.06646210330676922,0.254307326631859,False,False,False,0.00041164227699565334,COMPLETE
152,0.44438455104827884,2025-04-22 14:25:33.511565,2025-04-22 14:26:12.620839,0 days 00:00:39.109274,0.2845534424308595,0.45068615641022,8,0.2411558333129423,0.06506562240255467,0.04322725389251861,0.0029137841793310656,0.035695592723095845,0.05251507979214886,0.020744582096622805,28,113,0.0688232172323292,0.15363887693618633,False,False,False,2.1011015968306077e-06,COMPLETE
153,0.43789515495300296,2025-04-22 14:26:12.671692,2025-04-22 14:26:51.540079,0 days 00:00:38.868387,0.15527642301735153,0.4394584064937427,8,0.2444915255364607,0.07190716863784266,0.04233037532647426,0.0020364479297529086,0.03499758209297654,0.05487541165246532,0.022514397571044238,28,114,0.06887649489121317,0.14353910504231787,False,False,False,1.7519391548609644e-06,COMPLETE
154,0.43894346952438357,2025-04-22 14:26:51.589529,2025-04-22 14:27:29.179609,0 days 00:00:37.590080,0.2708755347797634,0.18707157641041466,8,0.2572622224280108,0.07925560370178347,0.043811719131523756,0.006870112418740828,0.029501867734242928,0.048794575870000446,0.014664457797258194,27,106,0.06393751293601344,0.10190869627911855,False,False,False,3.5997722950087035e-06,COMPLETE
155,0.4407251954078675,2025-04-22 14:27:29.228423,2025-04-22 14:28:07.968896,0 days 00:00:38.740473,0.28593050458824576,0.9214185830510804,8,0.2113795782361751,0.06082875963431498,0.03752822021020691,0.001120232483338356,0.02681913348655513,0.050174397204049634,0.008547283268278246,28,120,0.070107257395679,0.2357426280869747,False,False,False,2.187016839623943e-06,COMPLETE
156,0.4401540279388428,2025-04-22 14:28:08.018700,2025-04-22 14:28:44.731723,0 days 00:00:36.713023,0.24566767057106378,0.3941667174695349,8,0.20472414388388405,0.06745365565507166,0.030433835309094284,0.004876169691891827,0.037494232988803056,0.05352587648508349,0.02873613538422975,26,102,0.0661010450330721,0.013807712708480746,False,False,False,0.00022367471102321246,COMPLETE
157,0.4108038544654846,2025-04-22 14:28:44.782408,2025-04-22 14:29:13.862546,0 days 00:00:29.080138,0.26497606407793317,0.04468501565437063,8,0.23757948685358507,0.04210959966720028,0.02148508850525028,0.010677233691991875,0.03184635539983199,0.005876548940093398,0.017881162286074323,17,111,0.055371009032103145,0.12546615328379213,False,False,False,4.608287234711059e-07,COMPLETE
158,0.4387051463127137,2025-04-22 14:29:13.912648,2025-04-22 14:30:30.634777,0 days 00:01:16.722129,0.3211906665348532,0.5093730304090786,2,0.22932732810182832,0.03465911168811728,0.015239714801780668,0.008487691644640551,0.04109860541230016,0.06005631031003944,0.0339614131999609,18,118,0.0727777787557015,0.2707822207458628,False,False,False,1.5010296853321692e-06,COMPLETE
159,0.2804898262023926,2025-04-22 14:30:30.685962,2025-04-22 14:31:05.348708,0 days 00:00:34.662746,0.21141567415432788,0.09153034624205814,8,0.2464654061941265,0.08441924849662827,0.03554320231148077,0.004765375695696067,0.03869568860694703,0.04705103945653999,0.07355549307696324,30,92,0.06764385340713731,0.1503151047761536,False,True,False,2.3928235376769355e-06,COMPLETE
160,0.43468106985092164,2025-04-22 14:31:05.399257,2025-04-22 14:31:44.806946,0 days 00:00:39.407689,0.7605406226161249,0.41752538893221014,8,0.23634396475835534,0.06432471745732105,0.03967953047776466,0.01214708447306564,0.01725470388106666,0.054332173517724625,0.02749960795590606,29,113,0.07039734512539839,0.26279499123470457,False,False,False,0.00035063634732307295,COMPLETE
161,0.2941231667995453,2025-04-22 14:31:44.857735,2025-04-22 14:32:18.043056,0 days 00:00:33.185321,0.3376406491877204,0.46251598191717525,8,0.2563613311475962,0.050720699662117334,0.039466349026892014,0.006172033598361406,0.03456652790855795,0.06388999817428276,0.047595889714618984,27,105,0.06332124643612218,0.28174712524511897,False,False,True,0.0005398218079016367,COMPLETE
162,0.4389806151390076,2025-04-22 14:32:18.103440,2025-04-22 14:32:57.241410,0 days 00:00:39.137970,0.303100653781548,0.48551565181950485,8,0.1923576460927674,0.057186185451146516,0.04520740352326098,0.03223632039129738,0.03712684576206769,0.05259573876069705,0.003328881174538262,29,101,0.059939108267173545,0.25179562178253584,False,False,False,2.302524382106459e-05,COMPLETE
163,0.3776328682899475,2025-04-22 14:32:57.293926,2025-04-22 14:33:35.823719,0 days 00:00:38.529793,0.27660620425125726,0.4385401571144714,8,0.20028043951868343,0.05422112302626531,0.032617681696823074,0.002919715836025304,0.03985291017867812,0.015970575066799157,0.0005321684214218673,28,107,0.0869877373970114,0.10719750340506592,False,False,False,0.0008202140770116951,COMPLETE
164,0.3860294818878174,2025-04-22 14:33:35.875773,2025-04-22 14:34:16.350914,0 days 00:00:40.475141,0.24625786248055767,0.5487629614958772,8,0.010256260893856284,0.07464610128613423,0.042548888601143135,0.026475512078993547,0.046171584818183634,0.0022643331383304425,0.04015251247655514,30,110,0.06504630226388056,0.28669396786448365,False,False,False,0.0006526830517670577,COMPLETE
165,0.44355871677398684,2025-04-22 14:34:16.403513,2025-04-22 14:34:55.304452,0 days 00:00:38.900939,0.2930626467979955,0.5198008962250262,8,0.22012424714616505,0.04322681889290608,0.03794442961984586,0.0086608001243286,0.03602898313938958,0.009151898770242396,0.012481425644625425,29,96,0.0794168244957441,0.16853933357791398,False,False,False,1.0822080489580334e-06,COMPLETE
166,0.44184904098510747,2025-04-22 14:34:55.358055,2025-04-22 14:35:34.340378,0 days 00:00:38.982323,0.5205847593880019,0.5165070985598003,8,0.23298084409015893,0.029741772996590816,0.037383186547567816,0.01000284905112597,0.03332682557643684,0.009029190636758574,0.01128201019408985,29,97,0.07908223515734251,0.24184941929710682,False,False,False,7.671443337552471e-07,COMPLETE
167,0.4454570889472962,2025-04-22 14:35:34.393991,2025-04-22 14:36:12.791025,0 days 00:00:38.397034,0.5323606109953282,0.5211698370812472,8,0.21890799988356624,0.025119992521674423,0.03514026988487211,0.009429163533046616,0.03558866295260188,0.005219020166779785,0.01035719840094283,28,96,0.0796349301956913,0.1663865144067669,False,False,False,7.926533294550122e-07,COMPLETE
