number,value,datetime_start,datetime_complete,duration,params_alpha-eval,params_alpha-train,params_batch-size,params_eps-eval,params_eps-train,params_lambda-actions-eval,params_lambda-actions-train,params_lambda-frames-eval,params_lambda-frames-train,params_learning-rate,params_n-epochs,params_n-frames,params_radius-gw,params_rho,params_std-feats,params_ub-actions,params_ub-frames,params_weight-decay,state
338,0.4406367659568787,2025-04-22 17:11:41.084344,2025-04-22 17:12:47.542796,0 days 00:01:06.458452,0.5215645269028371,0.29821152992147043,2,0.26190681906126134,0.030909027812772848,0.03399391026564209,0.07183163426694425,0.08000647635421275,0.0815793677373193,0.0848475428348984,15,124,0.05843856886700009,0.23777181722496546,False,False,False,5.7624019573597996e-08,COMPLETE
339,0.440670645236969,2025-04-22 17:12:47.646765,2025-04-22 17:13:44.915772,0 days 00:00:57.269007,0.5374559138636332,0.3306978257510957,2,0.29059768340278935,0.02757405887857244,0.035320288080959425,0.07391979630756501,0.08231206209483377,0.054950553381627396,0.0990361836772651,12,119,0.05176192062011559,0.23183655493522728,False,False,False,7.285565089509637e-07,COMPLETE
340,0.2914561927318573,2025-04-22 17:13:45.020983,2025-04-22 17:14:36.856873,0 days 00:00:51.835890,0.1764229722162613,0.2730218266499916,2,0.2837227051536704,0.03230215289921447,0.030794234453579913,0.07567963361476424,0.07859352968685157,0.06123013974083836,0.05197078833231114,13,107,0.054351141097965135,0.2338093400377131,False,True,False,9.120250693860842e-07,COMPLETE
341,0.4428405523300171,2025-04-22 17:14:36.972748,2025-04-22 17:15:43.686179,0 days 00:01:06.713431,0.03321519572709833,0.35274776705936334,2,0.2678823279687022,0.05409353199132558,0.03234632108721432,0.07032228060533685,0.0842224844108579,0.05780170597695275,0.036844285398873286,15,129,0.06645508450239042,0.24314518896164478,False,False,False,1.574320801664834e-06,COMPLETE
342,0.44512950181961064,2025-04-22 17:15:43.793529,2025-04-22 17:16:03.946243,0 days 00:00:20.152714,0.5662542975764935,0.32440862210945787,16,0.29372713303952774,0.04256344802116111,0.026006513016682116,0.07739478760991621,0.08621443867892278,0.03151752552248065,0.07234732449557622,13,103,0.060184833721914965,0.2258776877926166,False,False,False,1.599932069264314e-07,COMPLETE
343,0.2804898262023926,2025-04-22 17:16:04.052129,2025-04-22 17:17:06.857605,0 days 00:01:02.805476,0.12464223803241657,0.36314465828066395,2,0.2770085194782236,0.014533974874121305,0.03038054612076946,0.05405183529543185,0.08165438607899823,0.05335319749612755,0.0999680783123369,14,119,0.06214409827431773,0.21745743816067473,False,False,False,5.475791245145824e-07,COMPLETE
344,0.4435056447982788,2025-04-22 17:17:06.965510,2025-04-22 17:18:13.395649,0 days 00:01:06.430139,0.22247606797474717,0.34290282142834305,2,0.2882392934725181,0.034582958249263995,0.027593523375440476,0.06615963719530811,0.07911899296773824,0.05930910253181929,0.04388112778927109,15,125,0.05704968907603133,0.22381036995293913,False,False,False,7.433609835897945e-07,COMPLETE
345,0.4064818263053894,2025-04-22 17:18:13.512226,2025-04-22 17:19:18.356317,0 days 00:01:04.844091,0.5307891611768041,0.2912815515684838,2,0.2589673922815082,0.049761279961753516,0.02155296897557675,0.07272389919585771,0.08114357547409456,0.05599570252022994,0.059234304929923945,14,110,0.06819275772877977,0.2356189956962278,True,False,False,2.6195474608447343e-07,COMPLETE
346,0.2804898262023926,2025-04-22 17:19:18.463814,2025-04-22 17:20:14.966263,0 days 00:00:56.502449,0.08600574140787641,0.3793335234830291,2,0.2935128157168556,0.023100982891836524,0.03625424037036373,0.06088999356627852,0.0854519625592223,0.06201572126127439,0.07566966971470909,12,106,0.0632290159401174,0.2145411942029205,False,False,False,4.65508964553266e-07,COMPLETE
347,0.4545495986938477,2025-04-22 17:20:15.073888,2025-04-22 17:21:15.789891,0 days 00:01:00.716003,0.19842809348840845,0.38561503514043727,2,0.2717288640303087,0.04382591150441098,0.03381466390665563,0.07927791745939261,0.08226663285878356,0.05949425091317586,0.062260004096147646,13,122,0.06552591890058962,0.22995650504593354,False,False,False,1.1088990302072958e-06,COMPLETE
348,0.44350055456161497,2025-04-22 17:21:15.897402,2025-04-22 17:22:19.751054,0 days 00:01:03.853652,0.16656008306334685,0.36874192062023564,2,0.27150966238231866,0.031119370945407655,0.03491828959938905,0.07620077765585093,0.08431057741742018,0.06537995602183017,0.051784086610293364,14,122,0.06515899927860057,0.23089031198113366,False,False,False,1.0618127465444158e-06,COMPLETE
349,0.442754340171814,2025-04-22 17:22:19.872783,2025-04-22 17:23:26.779237,0 days 00:01:06.906454,0.5456760569228157,0.3886219821512499,2,0.2680995732654324,0.03507725803717526,0.03344425829676703,0.08239422452898987,0.08813611061637734,0.0685308051667867,0.060215481356100095,15,127,0.06040826007512413,0.2528591223222306,False,False,False,1.4054390877490953e-06,COMPLETE
350,0.4390997409820557,2025-04-22 17:23:26.888336,2025-04-22 17:24:26.774237,0 days 00:00:59.885901,0.20063994901038715,0.329511277341297,2,0.26210505927726174,0.2595954199839985,0.037807376778236264,0.06950195094656599,0.08296189427812903,0.06619805337050358,0.050316966624623635,13,120,0.0635962799828041,0.2395212234932074,False,False,False,1.2034035005499e-06,COMPLETE
351,0.4391682624816895,2025-04-22 17:24:26.883751,2025-04-22 17:25:24.222639,0 days 00:00:57.338888,0.18921041210101508,0.3928045081012751,2,0.2814685722996501,0.039731186926821684,0.032207405240373785,0.07398343766419792,0.038989622707343304,0.05897584104074598,0.037485600997507244,12,123,0.070331062118225,0.22902138821144621,False,False,False,9.625673675108397e-08,COMPLETE
352,0.4476406335830689,2025-04-22 17:25:24.333175,2025-04-22 17:26:27.438850,0 days 00:01:03.105675,0.1532366714269057,0.35132784041083365,2,0.2747890752587536,0.04604405655198736,0.03544296548676774,0.07778659572998896,0.05155101157282525,0.05655578470005834,0.06355302269064349,14,117,0.061263768204837546,0.24473724449047238,False,False,False,8.876215634615197e-07,COMPLETE
353,0.4514711141586304,2025-04-22 17:26:27.558310,2025-04-22 17:27:32.096616,0 days 00:01:04.538306,0.14916754657022338,0.34916110704244224,2,0.2709175271215687,0.05503373445660101,0.08360347426631466,0.07690776624962825,0.09041734905330152,0.05659927051989463,0.06365170446212862,14,118,0.06000106084674305,0.24486235297000314,False,False,False,9.666851258345777e-07,COMPLETE
354,0.4408039808273316,2025-04-22 17:27:32.206295,2025-04-22 17:28:36.392383,0 days 00:01:04.186088,0.1544783739815768,0.3546983946390451,2,0.2704903405941925,0.05609670330942876,0.08159427975855393,0.08032764678322156,0.09394769891244642,0.05645832570367873,0.06091404665687293,15,50,0.05735050184016902,0.2527657388738706,False,False,False,8.783241361385253e-07,COMPLETE
355,0.37488732337951663,2025-04-22 17:28:36.502046,2025-04-22 17:29:31.761497,0 days 00:00:55.259451,0.17300746801303832,0.35747068727543563,2,0.27478178102504697,0.06182962917559769,0.0370289077246852,0.08043202651765659,0.06098922682886842,0.05351739292302611,0.04401536136597269,14,117,0.05902259193308661,0.246089991097684,False,False,True,6.483255745326605e-08,COMPLETE
356,0.4409581899642945,2025-04-22 17:29:31.872437,2025-04-22 17:30:38.806023,0 days 00:01:06.933586,0.15544469507961975,0.3113348605461863,2,0.2567822561361144,0.05110976875508055,0.09307422063650816,0.07802488494967928,0.09080249752396422,0.055239418278012056,0.06397539683931383,15,115,0.060585509424387056,0.2427684609850494,False,False,False,1.5519008850476175e-06,COMPLETE
357,0.4456687569618225,2025-04-22 17:30:38.926665,2025-04-22 17:31:43.110851,0 days 00:01:04.184186,0.11781554606427054,0.37419175491368417,2,0.2675880774030148,0.046623253743955276,0.0668955503960221,0.07686575173819424,0.08902879364817376,0.057398114729192415,1.6294069924172697e-05,14,118,0.05659929735642684,0.24900856499133497,False,False,False,1.0634701047118122e-06,COMPLETE
358,0.44636585712432864,2025-04-22 17:31:43.221725,2025-04-22 17:32:47.093602,0 days 00:01:03.871877,0.10110397159075328,0.3732134604529064,2,0.2654079717692249,0.05980273316175777,0.07836035726499471,0.07999838615954112,0.09211300161562516,0.05748012406130476,0.046978350992669456,14,118,0.059037176278701,0.25826008796798267,False,False,False,1.187697476517425e-06,COMPLETE
359,0.44553887844085693,2025-04-22 17:32:47.205630,2025-04-22 17:33:50.512882,0 days 00:01:03.307252,0.08702940159462437,0.374749239181201,2,0.2655877316230061,0.05771222683243681,0.06624175382768342,0.08004984374642732,0.09231977248418201,0.05710597256044193,1.485657591441963e-05,14,118,0.05526966955501082,0.24943019650734186,False,False,False,1.1535537293257587e-06,COMPLETE
360,0.44216623306274416,2025-04-22 17:33:50.635351,2025-04-22 17:34:54.170205,0 days 00:01:03.534854,0.10695533521269064,0.3860324087960299,2,0.26644732102740953,0.05492852702814574,0.07951718799395892,0.08057474812323918,0.09695994719332585,0.05726646917421752,0.043480285474267626,14,115,0.05753582418084405,0.2515646726168098,False,False,False,1.7736201597402073e-06,COMPLETE
361,0.2804898262023926,2025-04-22 17:34:54.282163,2025-04-22 17:35:48.787462,0 days 00:00:54.505299,0.11416429847012569,0.35363620627380954,2,0.27244556512975987,0.14376892720188628,0.08578524543530874,0.08476661155937626,0.09000620214609995,0.05548642059150107,0.0014624290971155059,14,119,0.055601974536476625,0.25838207538758595,False,True,False,1.0990838872671507e-06,COMPLETE
362,0.4368682980537415,2025-04-22 17:35:48.898684,2025-04-22 17:36:55.399804,0 days 00:01:06.501120,0.07873533116460388,0.3693460146355051,2,0.26424847269213375,0.049216607713095356,0.08905759677936416,0.07734333696590466,0.089832143458628,0.05274026834551668,0.05024732087599346,15,117,0.05830690015536702,0.25561132281879767,False,False,False,1.3081000176170072e-06,COMPLETE
363,0.4428672313690186,2025-04-22 17:36:55.511797,2025-04-22 17:37:59.249316,0 days 00:01:03.737519,0.12488846791462707,0.39329565405487793,2,0.2749050162795431,0.05681950964960274,0.08414740434315915,0.07859807579087742,0.09167809272431432,0.05835619972384122,2.9865508751690132e-05,14,114,0.056065631047253824,0.2546326505206617,False,False,False,9.411331564526358e-07,COMPLETE
364,0.37402597665786746,2025-04-22 17:37:59.371201,2025-04-22 17:39:08.138994,0 days 00:01:08.767793,0.06248256349546272,0.40761408225454265,2,0.26211740863729655,0.048126596732707194,0.07453488112448604,0.08109706097603463,0.09451854718417195,0.05443264600113146,0.03836517885758196,15,121,0.05342383278284805,0.2446962773073142,True,False,False,8.368870391126774e-07,COMPLETE
365,0.44168955087661743,2025-04-22 17:39:08.252932,2025-04-22 17:40:11.268491,0 days 00:01:03.015559,0.1395332617346988,0.3683688014828638,2,0.2765529717109703,0.06093038503160235,0.08897719001039703,0.07756682680522368,0.0887170423523944,0.05134853286082807,0.060928563772830104,14,113,0.059202921347997726,0.26210530275272403,False,False,False,1.8924538267376224e-06,COMPLETE
366,0.4467589259147644,2025-04-22 17:40:11.381461,2025-04-22 17:41:15.162825,0 days 00:01:03.781364,0.11306658562921834,0.3429631902126269,2,0.2678135879935146,0.06251267911887656,0.09481559003861738,0.07601269537220046,0.010021524171098813,0.060504429456935134,0.07660312254097834,14,118,0.07379301216795159,0.24361251995343228,False,False,False,1.1599049911614518e-06,COMPLETE
367,0.4464457035064697,2025-04-22 17:41:15.276390,2025-04-22 17:42:15.359552,0 days 00:01:00.083162,0.09769956912192465,0.3415258433063473,2,0.25857910630738934,0.06348314537877542,0.029109318600607698,0.0823655683336274,0.05880547431844155,0.06053549317803488,0.07511342066673901,13,120,0.07252395043896158,0.24218393227389398,False,False,False,1.4060798883957944e-06,COMPLETE
368,0.3705551743507386,2025-04-22 17:42:15.482663,2025-04-22 17:43:15.290532,0 days 00:00:59.807869,0.08950712411560986,0.3265788058113063,2,0.25754719070115467,0.06093470581169166,0.09626006218592845,0.08446283628313682,0.05469731921763418,0.060512991203088486,0.07079337029117416,13,120,0.07342437686398144,0.040472959939330325,False,False,False,1.3934481171383624e-06,COMPLETE
369,0.36815733909606935,2025-04-22 17:43:15.405729,2025-04-22 17:44:16.136256,0 days 00:01:00.730527,0.05150111640590174,0.34124374453967693,2,0.25841660655645027,0.060914614438920774,0.09544741574807876,0.07885193650508693,0.08684727473132867,0.060743197644275375,0.08388730811092568,13,142,0.07434837771911393,0.2437264751793757,False,False,False,1.2479665604541888e-06,COMPLETE
370,0.4476726293563843,2025-04-22 17:44:16.252211,2025-04-22 17:45:20.044567,0 days 00:01:03.792356,0.10206868166667613,0.31037435060693724,2,0.252684822164537,0.06878494823316067,0.07131097463563356,0.07744192646967986,0.08522813801910299,0.05921778886900066,0.05633845540129448,14,116,0.07456485045909347,0.25629067285840684,False,False,False,7.865217411218633e-07,COMPLETE
371,0.35344052314758306,2025-04-22 17:45:20.169981,2025-04-22 17:45:38.225749,0 days 00:00:18.055768,0.1082442083239245,0.2850112636478289,16,0.2526791260668912,0.06731331321433574,0.07054121220558303,0.08193140216278819,0.0689080771735701,0.05634612995674951,0.04697889431509373,11,13,0.07349184384923399,0.2583077728313244,False,False,False,9.058423282719632e-07,COMPLETE
372,0.4514925241470337,2025-04-22 17:45:38.341484,2025-04-22 17:46:37.576143,0 days 00:00:59.234659,0.04284788411116532,0.30406247466542674,2,0.250912176598771,0.0627272553717952,0.08765051172168288,0.08390747177294533,0.01122173624746398,0.0624402249103821,0.05987777955353325,13,117,0.07569850780715721,0.249438369093147,False,False,False,2.691856184915224e-06,COMPLETE
373,0.4517952084541321,2025-04-22 17:46:37.692326,2025-04-22 17:47:38.162154,0 days 00:01:00.469828,0.08041428340855004,0.3001196373283266,2,0.2546469562610981,0.07214212526594829,0.07856665659146081,0.09022750058237733,0.060520822825597315,0.05880046503880161,0.027054263941330148,13,147,0.07262604183229279,0.2553036403951674,False,False,False,1.9000913627548828e-06,COMPLETE
374,0.4401183366775513,2025-04-22 17:47:38.277947,2025-04-22 17:48:35.584852,0 days 00:00:57.306905,0.036627341559474336,0.272178950790561,2,0.2502566179690305,0.072497446769218,0.08151340696753936,0.08336611006888434,0.006852536524207593,0.06264121779436518,0.02788710891373935,12,150,0.07526735817261078,0.25310257719548596,False,False,False,2.117925828118667e-06,COMPLETE
375,0.37742043733596803,2025-04-22 17:48:35.710995,2025-04-22 17:49:36.284552,0 days 00:01:00.573557,0.025438994321828633,0.24863534546617155,2,0.25773285554098907,0.06610408351148375,0.08387125428352263,0.0922172617943286,0.057296647851944625,0.05916355395618967,0.03442725055911988,13,145,0.07500884601540918,0.24989938914001347,False,False,False,2.9558703767312004e-06,COMPLETE
376,0.3596852481365204,2025-04-22 17:49:36.399995,2025-04-22 17:50:28.091424,0 days 00:00:51.691429,0.04790474953877112,0.30346845138540224,2,0.24808858863628727,0.07258650356770076,0.09377034923002307,0.08791450786256505,0.010601766304437325,0.06151971687236409,0.05677859615139955,13,116,0.07629041493836856,0.24648879261870144,False,False,True,1.6517967091099305e-06,COMPLETE
377,0.44176189899444585,2025-04-22 17:50:28.208066,2025-04-22 17:51:25.106987,0 days 00:00:56.898921,0.07108691957719768,0.29383134802426414,2,0.2523126192858112,0.07021777474324578,0.05634487483740444,0.0896883714181745,0.057074387242369136,0.05900478615855119,0.038394657075680454,12,146,0.07652814434147115,0.25545989747807335,False,False,False,3.54053191638432e-06,COMPLETE
378,0.4467305064201355,2025-04-22 17:51:25.223247,2025-04-22 17:52:25.474653,0 days 00:01:00.251406,0.09243354766363032,0.3111590811471128,2,0.26081220527042065,0.07592262558665779,0.07643282110292374,0.07499021450123111,0.01297599204526052,0.0625146055691325,0.08600584251259707,13,115,0.07360049927937162,0.26176320882620596,False,False,False,2.0676475586295863e-06,COMPLETE
379,0.3827217102050781,2025-04-22 17:52:25.600519,2025-04-22 17:53:19.830578,0 days 00:00:54.230059,0.06424984161235632,0.2713937901178299,2,0.26158572456713425,0.07121696176330534,0.07631967039739651,0.07497168033435841,0.011988147110358248,0.06322929593473908,0.02630855057915191,11,138,0.07489093332839207,0.2678549118854272,False,False,False,2.5640508032078213e-06,COMPLETE
380,0.43775571584701545,2025-04-22 17:53:19.948871,2025-04-22 17:54:20.518384,0 days 00:01:00.569513,0.07568632714024805,0.30472442645560127,2,0.11893482887453197,0.07943723184458515,0.07993114818120987,0.0936356988399198,0.007425334429165837,0.0639653623024351,0.08175622134089978,13,114,0.07248456915560779,0.26388900667706083,False,False,False,3.071031563060393e-06,COMPLETE
381,0.2804898262023926,2025-04-22 17:54:20.636814,2025-04-22 17:55:09.789818,0 days 00:00:49.153004,0.04945857818581448,0.31801177259284263,2,0.25524462922674174,0.07822490228997261,0.07270202225641481,0.0885903375093289,0.015881992669068767,0.061440432624868584,0.0968800832552481,12,114,0.07511071400533782,0.26166900483643063,False,True,False,2.1996803434758024e-06,COMPLETE
382,0.44614174365997317,2025-04-22 17:55:09.918036,2025-04-22 17:56:09.621987,0 days 00:00:59.703951,0.08673712206634199,0.28618190959066936,2,0.2701028436681283,0.07385065314224303,0.08813313131985757,0.07549782907563696,0.08713377411818363,0.0701777856691787,0.059795392795240966,13,112,0.07277809288915488,0.2517955983911624,False,False,False,1.7812283772480683e-06,COMPLETE
383,0.45406020879745485,2025-04-22 17:56:09.740921,2025-04-22 17:57:09.941963,0 days 00:01:00.201042,0.06403043171809521,0.2577816371486386,2,0.25097568083402444,0.06813664559399056,0.07516197154241343,0.07195563938403161,0.005814263902420722,0.059079839770314835,0.0853851758597632,13,116,0.07742459698774085,0.2561966931445134,False,False,False,7.380428814350906e-07,COMPLETE
384,0.4018475651741028,2025-04-22 17:57:10.060115,2025-04-22 17:58:08.256330,0 days 00:00:58.196215,0.05602135661263496,0.29357805289791145,2,0.2491762132485288,0.06775663138874238,0.07612851135314701,0.07406981162390089,0.0013222667169624355,0.058987802665768176,0.09896626357573053,12,123,0.0735503944121099,0.2678028617696746,True,False,False,7.041825513915872e-07,COMPLETE
385,0.44553842544555666,2025-04-22 17:58:08.385347,2025-04-22 17:59:08.034771,0 days 00:00:59.649424,0.03437100239528693,0.2609824219842015,2,0.2449803336101819,0.06765020835114445,0.07812952317329303,0.09633937362601214,0.00563527797039134,0.05501265949920879,0.06765596822596538,13,116,0.07617127720173013,0.2593654967733942,False,False,False,2.467498023799563e-06,COMPLETE
386,0.43304115533828735,2025-04-22 17:59:08.153790,2025-04-22 18:00:08.285953,0 days 00:01:00.132163,0.0258220341621221,0.27859029240997574,2,0.25389839756378485,0.08123986063340997,0.09107497619236929,0.07524568337260075,0.014284583884830643,0.05822976254995796,0.05399356648590481,13,117,0.07769809632814399,0.25541587734549603,False,False,False,7.770440282915046e-07,COMPLETE
387,0.4090182185173035,2025-04-22 18:00:08.405669,2025-04-22 18:01:05.244207,0 days 00:00:56.838538,0.10066346429065502,0.3107178256470271,2,0.2628889950387139,0.06094799415431287,0.0758173535361866,0.07155908053728716,0.01140662620367713,0.05988384602509193,0.03285823993896431,12,122,0.07609050217504917,0.24715183732398077,False,False,False,6.817404835205195e-07,COMPLETE
388,0.4374640703201294,2025-04-22 18:01:05.363966,2025-04-22 18:02:05.305923,0 days 00:00:59.941957,0.043532856746066544,0.2356158501493823,2,0.2484354924285276,0.06341857097450881,0.08654715858872326,0.08743638048989463,0.06460011928897086,0.05617850291410814,0.04459018836651364,13,116,0.07755961238468476,0.2504950688169145,False,False,False,9.147005001186309e-07,COMPLETE
389,0.37639436721801756,2025-04-22 18:02:05.438190,2025-04-22 18:03:05.741243,0 days 00:01:00.303053,0.08749322204026742,0.22925054564626068,2,0.2582939863401497,0.06499174492754296,0.08525502921911035,0.0723267829686104,0.00888892990106932,0.062469589603125104,0.06909500089953008,13,148,0.07167683800040367,0.2599412163033673,False,False,False,4.500417185017278e-06,COMPLETE
390,0.44367693662643437,2025-04-22 18:03:05.862439,2025-04-22 18:04:02.840591,0 days 00:00:56.978152,0.08307041704162527,0.2510399626118117,2,0.2515954702823913,0.07412421682862179,0.07277215512817267,0.07724713083643983,0.005644032091935815,0.05409255413508887,0.08688039103496749,12,120,0.07460748931963003,0.24211689899738903,False,False,False,1.0521779747480781e-06,COMPLETE
391,0.44941861629486085,2025-04-22 18:04:02.960483,2025-04-22 18:04:23.239789,0 days 00:00:20.279306,0.060579459591594845,0.31457761713754906,16,0.10742073759398876,0.08638612625398036,0.07459749193879273,0.06874921643104921,0.013514711537288579,0.05853800236387107,0.05449666294024206,13,124,0.07145815133405425,0.2549460370943168,False,False,False,2.0999066883708506e-06,COMPLETE
392,0.44002364873886113,2025-04-22 18:04:23.371972,2025-04-22 18:04:44.371816,0 days 00:00:20.999844,0.06197084947329373,0.32633214235345076,16,0.24281172951207486,0.08413389786758224,0.07183315354808409,0.06794888251810736,0.009883896156630488,0.05834287333689337,0.042499941286540735,14,125,0.07170859502535709,0.24444926409868806,False,False,False,6.746151974858172e-07,COMPLETE
393,0.4471077561378479,2025-04-22 18:04:44.494280,2025-04-22 18:05:04.923758,0 days 00:00:20.429478,0.020097978156713645,0.29142245733038036,16,0.2683290973017676,0.08842260833933234,0.08285221299465659,0.07158023348389697,0.009833451664542886,0.056325654304028035,0.050874123318945905,13,123,0.07096793772306184,0.2524136010332499,False,False,False,1.8197926456451747e-06,COMPLETE
394,0.44550361633300783,2025-04-22 18:05:05.045907,2025-04-22 18:05:25.149588,0 days 00:00:20.103681,0.01172158885218315,0.26566366659906726,16,0.25452751969511367,0.10815652258463795,0.08293101302812733,0.0655954193824077,0.0065267293745580705,0.052268602476095716,0.03761589474346648,12,126,0.07126771904508508,0.2540304665617699,False,False,False,2.488359974985489e-06,COMPLETE
