number,value,datetime_start,datetime_complete,duration,params_alpha-eval,params_alpha-train,params_batch-size,params_eps-eval,params_eps-train,params_lambda-actions-eval,params_lambda-actions-train,params_lambda-frames-eval,params_lambda-frames-train,params_learning-rate,params_n-epochs,params_n-frames,params_radius-gw,params_rho,params_std-feats,params_ub-actions,params_ub-frames,params_weight-decay,state
1081,0.2804898262023926,2025-04-02 19:19:42.206417,2025-04-02 19:21:07.519736,0 days 00:01:25.313319,0.7944716658572641,0.24068048948125204,2,0.23566448167915557,0.08382958578934761,0.012544622705323343,0.055385876037697464,0.009467122733649209,0.02631105325700475,0.0322123571963162,25,75,0.016984148988574994,0.12567732523284383,True,True,False,0.0007745758970979643,COMPLETE
1082,0.4365435123443604,2025-04-02 19:21:07.869280,2025-04-02 19:22:50.738483,0 days 00:01:42.869203,0.8470852574007902,0.26358718782358487,2,0.2417456110945627,0.09125964743666504,0.018081125779282746,0.06102860514361337,0.052731375372904815,0.020496027278845665,0.07363303716034729,26,85,0.019427551584388473,0.15636364427434718,True,False,False,0.0008150944589409098,COMPLETE
1083,0.423123049736023,2025-04-02 19:22:51.088995,2025-04-02 19:24:26.703506,0 days 00:01:35.614511,0.9185198292027954,0.31085649602666426,2,0.2530554651371104,0.11517586011142836,0.022589722184264964,0.06463968956206394,0.025858874786144632,0.0286212797753808,0.044466706773185906,24,70,0.013389755981858,0.13818638813672057,True,False,False,0.000535101183670556,COMPLETE
1084,0.4412061095237732,2025-04-02 19:24:27.057530,2025-04-02 19:26:11.395422,0 days 00:01:44.337892,0.890293550290509,0.28538833060581537,2,0.22012456121333326,0.10200563784895512,0.00836618590104471,0.0665037660148062,0.013792820287598501,0.023908569626633593,0.059611628812022754,26,80,0.015194156668289402,0.11998562592891801,True,False,False,0.00044269037102860864,COMPLETE
1085,0.44752070903778074,2025-04-02 19:26:11.747818,2025-04-02 19:27:51.404361,0 days 00:01:39.656543,0.8738409218166205,0.3321873547300318,2,0.2324846787763959,0.09771519076523377,0.011658041860893776,0.059693132652610725,0.01748408628885821,0.03104479272806943,0.051420586354444436,25,76,0.01844448365010727,0.11148641393759534,True,False,False,0.0006497801895401468,COMPLETE
1086,0.43097902536392213,2025-04-02 19:27:51.744199,2025-04-02 19:29:36.707923,0 days 00:01:44.963724,0.8256377357052667,0.299989996931186,2,0.24377258918520298,0.07236174223099223,0.01020965772925727,0.06876671324740172,0.011690127368228408,0.02683739881710723,0.06972940883859645,27,73,0.02168387095454024,0.1295516297491417,True,False,False,0.0008148907485285233,COMPLETE
1087,0.4400943994522095,2025-04-02 19:29:37.059909,2025-04-02 19:31:20.108369,0 days 00:01:43.048460,0.8467090115164511,0.25627479353311733,2,0.2240307091507006,0.08224106331014445,0.01383416809687358,0.06183593115432295,0.01577271137503588,0.09985659052910278,0.008061062622779749,26,83,0.016484491658648896,0.1481169569317061,True,False,False,0.0003069188313676084,COMPLETE
1088,0.44676826000213626,2025-04-02 19:31:20.461675,2025-04-02 19:32:58.704274,0 days 00:01:38.242599,0.8056059157917993,0.23515596474533906,2,0.23596683625666656,0.2505301214837259,0.005234945926798422,0.07507334637459406,0.0064558466801907235,0.018679983444067558,0.08383195606273355,25,77,0.013867889863391823,0.13398794982446746,True,False,False,0.0009991913581205226,COMPLETE
1089,0.423123049736023,2025-04-02 19:32:59.054580,2025-04-02 19:34:40.021713,0 days 00:01:40.967133,0.767115323398197,0.2751752278208331,2,0.2680895896282535,0.22450086079305318,0.015751358446432738,0.06400811617785573,0.008626872876218081,0.024473631534817027,0.09943774191327863,25,80,0.008359966504881987,0.13914207680750573,True,False,False,0.000552508556931222,COMPLETE
1090,0.44005558490753177,2025-04-02 19:34:40.372558,2025-04-02 19:36:15.651956,0 days 00:01:35.279398,0.902169104090111,0.32031258219995107,2,0.258777336135086,0.09243170957165438,0.07329055266243904,0.0673047041807881,0.004513381589033348,0.028980397201348616,0.04032163211200627,24,71,0.01830032126622011,0.1258120197596494,True,False,False,0.00039069168459901504,COMPLETE
1091,0.4336628913879395,2025-04-02 19:36:16.006791,2025-04-02 19:37:54.559206,0 days 00:01:38.552415,0.8584380511413351,0.44920995896736327,2,0.2281786899164526,0.10651485834790296,0.02048554486511098,0.05866549638756324,0.019877021296261725,0.026492234014188844,0.05802144177649131,26,21,0.012246278120676853,0.14430529246202017,True,False,False,0.0006935907773304185,COMPLETE
1092,0.4195068597793579,2025-04-02 19:37:54.914012,2025-04-02 19:39:40.941022,0 days 00:01:46.027010,0.8786054773009536,0.29219439147348114,2,0.24927857677745272,0.09983985373819075,0.008184573344362062,0.0711343218587135,0.013309853595246359,0.02209270761852071,0.03341586679437392,27,91,0.015910951424744146,0.1199482082013246,True,False,False,3.1652765634066895e-08,COMPLETE
1093,0.28160908818244934,2025-04-02 19:39:41.294782,2025-04-02 19:41:00.129524,0 days 00:01:18.834742,0.9356238054734634,0.2596660532632248,2,0.24121912652881014,0.24026636955651678,0.02466944173521221,0.05700402142658372,0.01075219498243555,0.03333214850551253,0.000676924807134123,23,64,0.010705785397513112,0.1308776436900269,True,False,True,0.0007983678918048181,COMPLETE
1094,0.4436196327209473,2025-04-02 19:41:00.488339,2025-04-02 19:42:07.317392,0 days 00:01:06.829053,0.830774523105373,0.30647399660947194,2,0.23208998616000248,0.12371441928471573,0.01119798367420674,0.06156640309348277,0.022270202624518357,0.03078304702047137,0.02523371066625127,15,87,0.023112667253974123,0.1521794223653733,True,False,False,0.0005535337430221357,COMPLETE
1095,0.44662073850631717,2025-04-02 19:42:07.672415,2025-04-02 19:43:46.751250,0 days 00:01:39.078835,0.7894429982280801,0.22895339121922995,2,0.254044521187996,0.11492097590225987,0.00942207262683091,0.06582789984403097,0.007319493435222035,0.08696614767819019,0.04830272842773541,25,68,0.02000305615417393,0.13572360326370916,True,False,False,0.00045121013611628156,COMPLETE
1096,0.42899144887924195,2025-04-02 19:43:47.108064,2025-04-02 19:45:30.058137,0 days 00:01:42.950073,0.853702995374907,0.27835272668078664,2,0.24630309305272585,0.08947398500051666,0.012978706487362154,0.06412909680800707,0.002425923076206046,0.038397502310680245,0.06534406653939373,26,77,0.01431239252713652,0.1262927699814333,True,False,False,0.0006732846378537867,COMPLETE
1097,0.4369532704353333,2025-04-02 19:45:30.398822,2025-04-02 19:47:06.769975,0 days 00:01:36.371153,0.815976072313495,0.3509178060137867,2,0.2634687360500297,0.21868788988371685,0.0071791085968621726,0.06958681322635758,0.0159739220095479,0.04930551780676102,0.04613224711271162,24,107,0.0174327818933288,0.11369796339983677,True,False,False,0.0007975003417352075,COMPLETE
1098,0.4515694618225098,2025-04-02 19:47:07.123604,2025-04-02 19:48:49.068928,0 days 00:01:41.945324,0.8861243097599154,0.21242318807640082,2,0.23835465827173674,0.10751804135846955,0.004154365119428122,0.07271801443694498,0.009767688419070563,0.025050914176711507,0.0787235084223066,26,74,0.01579722742408107,0.14224984169392868,True,False,False,0.0002514306669851192,COMPLETE
1099,0.4255163311958313,2025-04-02 19:48:49.424298,2025-04-02 19:50:34.744646,0 days 00:01:45.320348,0.9142921799490027,0.19521953426364166,2,0.2251946865437084,0.11827862952406629,0.0028024480508778435,0.07473577330540361,0.010441581896862812,0.027002679758205327,0.08428185565342103,27,71,0.012789380187578175,0.15083624913849292,True,False,False,0.0002483925467117001,COMPLETE
1100,0.2804898262023926,2025-04-02 19:50:35.100084,2025-04-02 19:51:00.102875,0 days 00:00:25.002791,0.93810658786188,0.20772050849796253,16,0.2188808124564652,0.11045158637528776,0.0018462291075945626,0.07590419386464956,0.006967642385639939,0.01554282361070362,0.08606715422906754,27,73,0.01515715523707934,0.1460836246428201,True,True,False,0.0002140227574761166,COMPLETE
1101,0.3887266755104065,2025-04-02 19:51:00.456220,2025-04-02 19:52:48.703613,0 days 00:01:48.247393,0.9743110890469306,0.20462311101514485,2,0.229273311637627,0.10809249841663418,0.002139766045691409,0.07484762505867003,0.00899077066777191,0.029453727459463303,0.07949286818346939,28,68,0.010149849816555234,0.14322289241285474,True,False,False,0.0002815557547474819,COMPLETE
1102,0.44222737550735475,2025-04-02 19:52:49.059261,2025-04-02 19:54:29.520956,0 days 00:01:40.461695,0.900526280227005,0.8686442745761253,2,0.23573432897096655,0.12290964642974211,0.004366483571887565,0.07387297353756213,0.007980528301387924,0.02011642743415764,0.08883834068578961,26,62,0.01985593321651694,0.1555630558599509,True,False,False,0.00025713985277240036,COMPLETE
1103,0.4419363141059876,2025-04-02 19:54:29.877087,2025-04-02 19:56:17.638773,0 days 00:01:47.761686,0.8905428900985318,0.22438315607135595,2,0.23749688765488144,0.1138386016923193,0.004482446794958078,0.07279504115476551,0.009775623516378555,0.025061758288663808,0.07388796924560387,27,81,0.014062402552520007,0.1594309831751672,True,False,False,0.00039665222446260166,COMPLETE
1104,0.4416102051734925,2025-04-02 19:56:17.995465,2025-04-02 19:57:21.720886,0 days 00:01:03.725421,0.9150679896428933,0.2174787230690333,2,0.2275309141560397,0.10637300921473465,0.0033643008928384587,0.07263866347671995,0.011806807523490667,0.017353672913227265,0.07233878999003682,14,122,0.016470622566105948,0.14844189662853483,True,False,False,0.00032699331862690934,COMPLETE
1105,0.4397520184516907,2025-04-02 19:57:22.079077,2025-04-02 19:59:03.653654,0 days 00:01:41.574577,0.8836432429993105,0.13250448993863567,2,0.23273939119623,0.108790486066494,0.00457082224040908,0.07610172429655751,0.008381539029359508,0.028407125906992233,0.0988692454257992,26,74,0.0182789703134423,0.1416223872032306,True,False,False,0.00029228344316247894,COMPLETE
1106,0.437676739692688,2025-04-02 19:59:04.015559,2025-04-02 20:00:48.691325,0 days 00:01:44.675766,0.9506665049287235,0.21174765751379782,2,0.23955502747875243,0.13524098740281837,0.005194460523146496,0.0778129917341053,0.005360856107394959,0.0345520686338985,0.06466263215392662,27,66,0.024658869749347608,0.14128399029862124,True,False,False,0.0003321551770352951,COMPLETE
1107,0.43698852062225346,2025-04-02 20:00:49.052077,2025-04-02 20:02:32.524222,0 days 00:01:43.472145,0.8341096910636507,0.23543960721175788,2,0.21505980922544776,0.11620173497153963,0.003266469663581583,0.054888876036042686,0.011071953265129558,0.022211319272954732,0.0994658618840423,26,85,0.09111594677485652,0.15078526487847657,True,False,False,0.000379184924039134,COMPLETE
1108,0.42345852851867677,2025-04-02 20:02:32.886658,2025-04-02 20:04:21.965054,0 days 00:01:49.078396,0.8638933244085869,0.19917730966400887,2,0.2221909353665926,0.15319059963711784,0.005924727837333242,0.07899569759126455,0.006351813642018478,0.031952442432326734,0.07709117896783203,28,88,0.012355029939919453,0.13602707722415905,True,False,False,0.00038562789497803546,COMPLETE
1109,0.43107994794845583,2025-04-02 20:04:22.326211,2025-04-02 20:06:05.103854,0 days 00:01:42.777643,0.9238657734144401,0.16757481251986056,2,0.06947265317730553,0.10406387750331009,0.005272965708849821,0.04190803649131539,0.010345677763292073,0.03611002127545525,0.06358032296100165,26,78,0.021354247522469887,0.14444554565839957,True,False,False,0.0002400115079078958,COMPLETE
1110,0.44328904151916504,2025-04-02 20:06:05.447771,2025-04-02 20:07:47.828142,0 days 00:01:42.380371,0.8939900266630809,0.5818940334972152,2,0.23351761414898622,0.11209756596571777,0.0024117138871471294,0.07184591918091199,0.0036663943570357073,0.0124021124246997,0.07648464495334055,26,70,0.015705013058765288,0.13787096513865466,True,False,False,0.00021689014265748865,COMPLETE
1111,0.43913912773132324,2025-04-02 20:07:48.186920,2025-04-02 20:09:33.617388,0 days 00:01:45.430468,0.8076045522178101,0.18824542976516398,2,0.24529886560538708,0.25738715825099207,0.006724425543485675,0.05929280423276851,0.012602371580330467,0.026841910897228743,0.06455215741324366,27,82,0.018088489388738804,0.15901063883919636,True,False,False,0.0003375014749241781,COMPLETE
1112,0.2898844420909882,2025-04-02 20:09:33.975353,2025-04-02 20:11:01.735642,0 days 00:01:27.760289,0.6792828941741694,0.23783225435743785,2,0.22860020686615387,0.1265330642870932,0.021662691911319004,0.07765285075005018,0.008667901111596129,0.023553918109521767,0.0001608529198844452,26,74,0.01418403303754608,0.14625571035923127,True,False,True,0.0005191036638651259,COMPLETE
1113,0.4287510991096497,2025-04-02 20:11:02.094030,2025-04-02 20:12:48.808554,0 days 00:01:46.714524,0.844699561137738,0.22299615900646458,2,0.23926603662733256,0.23244243207179427,0.017826438464217706,0.06076239386207905,0.005687173727634114,0.028754680617352334,0.0845012993269752,27,91,0.011867124886567276,0.13899668316981192,True,False,False,0.0004355171705761661,COMPLETE
1114,0.4513126015663147,2025-04-02 20:12:49.170901,2025-04-02 20:14:30.819745,0 days 00:01:41.648844,0.7769019412533383,0.24389324229198278,2,0.2751222609283567,0.11955919444059017,0.006619712165663317,0.07333341095351247,0.0011981406544253797,0.019432900361730954,0.057586029330118665,26,78,0.017091560590513734,0.13378488211313153,True,False,False,0.00047420853050932326,COMPLETE
1115,0.43248957395553594,2025-04-02 20:14:31.182879,2025-04-02 20:16:17.045182,0 days 00:01:45.862303,0.7473854890331523,0.20592848836641864,2,0.28215466721579396,0.12437538591609791,0.0032428747589137476,0.07439554407163536,0.0018028238728680821,0.017634956770292448,0.07239358527565379,27,70,0.020452005649802048,0.15311671763788454,True,False,False,0.0002876925371056692,COMPLETE
1116,0.4527920842170715,2025-04-02 20:16:17.405133,2025-04-02 20:18:02.151050,0 days 00:01:44.745917,0.731666729380073,0.224830866880662,2,0.26635273062428727,0.13185068838536462,0.0017688993091738957,0.07748543086982525,0.0014933331635282924,0.01812886490238076,0.058680614489044006,27,59,0.0221927660340247,0.13524218964148876,True,False,False,0.00031408406859538394,COMPLETE
1117,0.4335184574127197,2025-04-02 20:18:02.511115,2025-04-02 20:19:49.606295,0 days 00:01:47.095180,0.7741322688111537,0.21417660009367223,2,0.2740860756006511,0.12841793551956937,0.0014971529655740928,0.07808792867755152,0.001418528791387167,0.016558610666788313,0.08482562899791352,28,55,0.02347377344287476,0.1342570199672912,True,False,False,0.00035465089356131807,COMPLETE
1118,0.4424198031425476,2025-04-02 20:19:49.967150,2025-04-02 20:21:34.224152,0 days 00:01:44.257002,0.7110801847481796,0.2167263444374532,2,0.2695550558680474,0.13869332318441402,0.0013529675028895781,0.07451506593338972,0.003001660882087822,0.014637396274900884,0.06742760829166883,27,56,0.021989020189417795,0.13833032806158813,True,False,False,0.0002485766098106279,COMPLETE
1119,0.2804898262023926,2025-04-02 20:21:34.593783,2025-04-02 20:23:04.394539,0 days 00:01:29.800756,0.7506833008641509,0.23009326342882908,2,0.274876079042261,0.1282780447541662,0.001402784996896805,0.07900003199765013,0.004289621680781228,0.018561555197397845,0.09921696597094241,27,58,0.024278614414666205,0.26380706332105847,True,True,False,0.00021282078994612144,COMPLETE
1120,0.42411676645278934,2025-04-02 20:23:04.757676,2025-04-02 20:24:48.189950,0 days 00:01:43.432274,0.7731238343495999,0.23759350463684323,2,0.2654013540763405,0.1269167215586817,0.003116791829547242,0.07921600084525013,0.0014840668639970458,0.019195029314503717,0.063370733162827,27,54,0.004925610271584165,0.13152280092257898,True,False,False,0.0002113971663606689,COMPLETE
1121,0.4397730827331543,2025-04-02 20:24:48.553479,2025-04-02 20:26:35.691224,0 days 00:01:47.137745,0.7671069673059053,0.23958468621368534,2,0.27531423886635475,0.12115584073138926,0.004421743185578075,0.07775908772070865,0.002702307055949261,0.015815596943937096,0.07570451442029899,28,57,0.018415886802687634,0.14088414446743125,True,False,False,0.00029768446080347284,COMPLETE
1122,0.43803088665008544,2025-04-02 20:26:36.056470,2025-04-02 20:27:02.686731,0 days 00:00:26.630261,0.7276854712795422,0.21277888105624293,16,0.2702790408797044,0.1340608428230716,0.0011345278294038678,0.0772170523265128,0.0011747948228383754,0.017782077510563314,0.06055528871192395,27,53,0.07965252680152307,0.13263245545935534,True,False,False,0.00030439985753577385,COMPLETE
1123,0.42921577692031865,2025-04-02 20:27:03.053146,2025-04-02 20:28:47.414439,0 days 00:01:44.361293,0.7389290545540593,0.237546735172524,2,0.27454951908598535,0.13919726946737565,0.004125257673825584,0.0812468608732434,0.0024101336990371334,0.019642484716705644,0.05871541216277604,27,65,0.02522992555599068,0.12969265402002036,True,False,False,0.0002942694410808553,COMPLETE
1124,0.42474012374877934,2025-04-02 20:28:47.782184,2025-04-02 20:30:35.798990,0 days 00:01:48.016806,0.711723288290457,0.2133021341800601,2,0.28138886056756873,0.13414453282584,0.0033050139864880036,0.07660239300056337,0.0013686490426959696,0.0146131929896001,0.07853205271545763,28,63,0.008155537265074092,0.13801877775014257,True,False,False,0.0002596729234577423,COMPLETE
1125,0.4260582327842713,2025-04-02 20:30:36.164768,2025-04-02 20:32:23.511589,0 days 00:01:47.346821,0.7806635812138262,0.24679035651462936,2,0.27558679051864415,0.13168353312215292,0.001103843589551767,0.07987911519258759,0.0010747153701377403,0.017729335758184785,0.05685336984428746,28,54,0.01693903602149214,0.14372416903919666,True,False,False,0.00041627476947864785,COMPLETE
1126,0.4223755240440369,2025-04-02 20:32:23.859317,2025-04-02 20:34:07.830495,0 days 00:01:43.971178,0.75127547150145,0.22760881410564396,2,0.2799602064585887,0.12221080449828987,0.005748636023909215,0.07358859649465323,0.003195186377048419,0.02013962560723726,0.06852012349811555,27,52,0.014056855988042235,0.13457593115944214,True,False,False,0.0001997724450765861,COMPLETE
1127,0.4245604395866394,2025-04-02 20:34:08.199784,2025-04-02 20:35:48.288398,0 days 00:01:40.088614,0.7550092218332491,0.2467004696604372,2,0.2702568513775086,0.14641101277890411,0.00484185040201021,0.07555502819782911,0.0010300224147851264,0.01627093027908583,0.08292370525308008,26,50,0.010693234774789378,0.12904586147271013,True,False,False,0.0002881955136188305,COMPLETE
1128,0.4270428061485291,2025-04-02 20:35:48.652260,2025-04-02 20:37:35.709014,0 days 00:01:47.056754,0.7626926903124055,0.217927151981279,2,0.27595463299044676,0.11778990428855139,0.006328650537765956,0.07650005740540451,0.0036774063006627337,0.013436693827685321,0.05534184324275039,28,60,0.015575374919103959,0.14119932374549996,True,False,False,0.00035433912768284315,COMPLETE
1129,0.4453100562095642,2025-04-02 20:37:36.074896,2025-04-02 20:39:16.970428,0 days 00:01:40.895532,0.7429022104328583,0.24570291724867716,2,0.28103060197336466,0.12471394944978435,0.002752869926395305,0.0800413279215909,0.003318637006649091,0.018955316690707845,0.0728734975993786,26,61,0.0190679976791866,0.12492044909901631,True,False,False,0.0003830011718805287,COMPLETE
1130,0.45031327009201055,2025-04-02 20:39:17.336546,2025-04-02 20:41:01.909614,0 days 00:01:44.573068,0.7348030361999236,0.20023211595164597,2,0.26263550028129756,0.12003849506896773,0.023957569193593077,0.07278178921477704,0.003871498288668136,0.020824914443505597,0.061731793288793906,27,60,0.022140650344514724,0.13511701540769208,True,False,False,0.00034089789704485794,COMPLETE
1131,0.4370486378669739,2025-04-02 20:41:02.281714,2025-04-02 20:42:48.165597,0 days 00:01:45.883883,0.748802765811854,0.2571841537195414,2,0.26729015646705184,0.12343512973160914,0.006618178864679284,0.07520718769952675,0.0015141523729977754,0.01041979776405523,0.08849645530515618,27,67,0.04576186018223608,0.13014927110924593,True,False,False,0.00024876023155219587,COMPLETE
1132,0.31212502121925356,2025-04-02 20:42:48.532464,2025-04-02 20:44:16.375273,0 days 00:01:27.842809,0.7838655007072809,0.23142879579136086,2,0.2741064899075421,0.12629420517651616,0.025912001657174787,0.07710232814594373,0.004806657212372193,0.019438238199714023,0.054616376853054434,26,58,0.01307151543947108,0.14573037517577236,True,False,True,0.0004136553645316176,COMPLETE
1133,0.44378820657730106,2025-04-02 20:44:16.738632,2025-04-02 20:45:58.105036,0 days 00:01:41.366404,0.770089117610884,0.2551452945034734,2,0.27044614628515345,0.1362693489395602,0.007768573224936318,0.07423981574632788,0.001124761423772829,0.01766162463706493,0.07073426294067797,26,61,0.017244122909762908,0.13830396214994328,True,False,False,0.00018326863581249935,COMPLETE
1134,0.4250381469726563,2025-04-02 20:45:58.482988,2025-04-02 20:47:07.359696,0 days 00:01:08.876708,0.7927562797702722,0.6144804013528247,2,0.2879928185154338,0.12629590740350788,0.002875428440914696,0.07260728640803586,0.0033475841078464126,0.017788128689645598,0.055926141207385725,16,64,0.015130219532421971,0.1226670832311221,True,False,False,0.0004433658421010668,COMPLETE
1135,0.3957517147064209,2025-04-02 20:47:07.730134,2025-04-02 20:48:58.287603,0 days 00:01:50.557469,0.789206014468854,0.19257654091279447,2,0.26332778391073064,0.1307422037843409,0.0037184532392614314,0.07260725470871757,0.005152062477029199,0.015163515750849002,0.08603635903773467,28,131,0.019931447508864737,0.12981164036725693,True,False,False,0.00031800924256189625,COMPLETE
1136,0.42415609359741213,2025-04-02 20:48:58.665315,2025-04-02 20:50:40.198387,0 days 00:01:41.533072,0.7893074480532025,0.4049085770222124,2,0.26992000478859146,0.13133314521524186,0.007482995461109098,0.07558939610325136,0.0036894290835818013,0.02050305599803552,0.06813173600057208,26,66,0.011219057181666842,0.13566078127588388,True,False,False,0.0004453676435922843,COMPLETE
1137,0.44550994634628294,2025-04-02 20:50:40.568171,2025-04-02 20:52:21.154549,0 days 00:01:40.586378,0.7701191845657683,0.22169913009103165,2,0.26355650613238457,0.11694797412125843,0.004390408161915209,0.07194239679060942,0.005454310561572681,0.012773999754976404,0.052297600973925426,26,61,0.01746977172361672,0.14425487037086943,True,False,False,0.00036712447832685987,COMPLETE
