number,value,datetime_start,datetime_complete,duration,params_alpha-eval,params_alpha-train,params_batch-size,params_eps-eval,params_eps-train,params_lambda-actions-eval,params_lambda-actions-train,params_lambda-frames-eval,params_lambda-frames-train,params_learning-rate,params_n-epochs,params_n-frames,params_radius-gw,params_rho,params_std-feats,params_ub-actions,params_ub-frames,params_weight-decay,state
281,0.44725191593170166,2025-04-22 16:15:14.575834,2025-04-22 16:16:14.555713,0 days 00:00:59.979879,0.20794409031540026,0.3776094441652127,2,0.29305015567228404,0.043186380287489744,0.02727299155289641,0.061475824806390855,0.08597988239626808,0.06068335656357002,0.07709176482551224,13,117,0.06392582128491153,0.2029501863511403,False,False,False,4.3798002672477946e-07,COMPLETE
282,0.3080246090888977,2025-04-22 16:16:14.643581,2025-04-22 16:17:03.222452,0 days 00:00:48.578871,0.20670495177823248,0.3791016893996631,2,0.294472462888301,0.0427719872311389,0.029235303194449176,0.06162575661420808,0.0862853554266981,0.05898455312680477,0.07906212574904067,12,116,0.06340924362122385,0.2031481075390488,False,True,False,4.614142353577676e-07,COMPLETE
283,0.2804898262023926,2025-04-22 16:17:03.310607,2025-04-22 16:18:02.981247,0 days 00:00:59.670640,0.2222483284702835,0.4233434542579408,2,0.29908149414745766,0.022630959706565666,0.026953861891183956,0.05253485432238881,0.07716323269516415,0.06350106994430496,0.04888944269482843,13,119,0.06495539291151692,0.19804894802494416,False,False,False,6.344634704792925e-07,COMPLETE
284,0.34289023876190183,2025-04-22 16:18:03.079758,2025-04-22 16:19:04.229903,0 days 00:01:01.150145,0.19374927595922506,0.3900437057324103,2,0.29306404684147414,0.03429222089520552,0.030618985915963615,0.06050845085383042,0.08673980554344553,0.060921490597895256,0.06306409802914627,13,115,0.06346191113333122,0.2106322412602687,True,False,False,4.32240319778703e-07,COMPLETE
285,0.44462194442749026,2025-04-22 16:19:04.320032,2025-04-22 16:20:01.494155,0 days 00:00:57.174123,0.22773185521749817,0.36159936322875613,2,0.2925727616411084,0.04189793282545756,0.0284243189329375,0.05823452988971886,0.07240435007227902,0.0625557907954102,0.0798561320162591,12,124,0.06025881942095973,0.20528023788758107,False,False,False,5.071253990660778e-07,COMPLETE
286,0.2804898262023926,2025-04-22 16:20:01.585553,2025-04-22 16:21:01.089607,0 days 00:00:59.504054,0.21091246974753394,0.4091749890206274,2,0.28815309929080374,0.029550948841964752,0.03178389403239788,0.0629578350718454,0.08064460843320892,0.05943740315321144,0.0465051096035661,13,117,0.06611109371882079,0.21671636578447656,False,False,False,2.892437885532964e-07,COMPLETE
287,0.43820573091506965,2025-04-22 16:21:01.179822,2025-04-22 16:22:01.529374,0 days 00:01:00.349552,0.188182584488477,0.3792529073298057,2,0.2608592297883884,0.1338071823505448,0.02696683778683533,0.06261774434730054,0.08538792518167185,0.06499073578891594,0.07962087004303506,13,112,0.0650190795079287,0.20870262129451553,False,False,False,7.298808371453859e-07,COMPLETE
288,0.44404699802398684,2025-04-22 16:22:01.629725,2025-04-22 16:23:05.180127,0 days 00:01:03.550402,0.23481137162244015,0.4242189514336769,2,0.14171453343787094,0.03836597590627334,0.030012074317509387,0.05569025733899042,0.09318985081009537,0.05704524994154342,0.06299675741546165,14,120,0.06198259184283032,0.21961884627943454,False,False,False,2.099277462031208e-07,COMPLETE
289,0.2804898262023926,2025-04-22 16:23:05.270106,2025-04-22 16:24:08.658221,0 days 00:01:03.388115,0.1807427712831464,0.37085793144181706,2,0.2995386488140764,0.023325859063521984,0.032668650236711054,0.08237401074927295,0.07575730833200778,0.06493534397415164,0.054824589726346885,14,123,0.0637688415189424,0.22327460665769389,False,False,False,3.315142254022826e-07,COMPLETE
290,0.43884637355804446,2025-04-22 16:24:08.748766,2025-04-22 16:25:06.108860,0 days 00:00:57.360094,0.2044760196659713,0.4084305418734422,2,0.26846208698609203,0.03225549135096129,0.030233000811720524,0.05991487593708249,0.07782474192455525,0.06181883439763568,0.07081582429703659,12,115,0.036869616505652715,0.20960827123814324,False,False,False,4.3631656874603064e-07,COMPLETE
291,0.44537818431854254,2025-04-22 16:25:06.198712,2025-04-22 16:26:06.247632,0 days 00:01:00.048920,0.25701076607861756,0.43756438606524845,2,0.2999281009414229,0.04400744131448832,0.026893984125665377,0.05763506924877106,0.07922298657002153,0.06011826974479795,0.07925580913472222,13,111,0.067110999071296,0.21456264580821627,False,False,False,5.786434290910953e-07,COMPLETE
292,0.4476057529449463,2025-04-22 16:26:06.338860,2025-04-22 16:27:06.578642,0 days 00:01:00.239782,0.24175800640026052,0.4383336297941957,2,0.2920230219000616,0.044323212870882284,0.025779356506532555,0.057672698527922985,0.0819874347372055,0.061078869990681635,0.08430895254106795,13,114,0.06778609597896221,0.21409920384976747,False,False,False,5.852069436587789e-07,COMPLETE
293,0.4429034590721131,2025-04-22 16:27:06.680430,2025-04-22 16:28:06.425640,0 days 00:00:59.745210,0.22627550792915838,0.4347291012109975,2,0.29375808680270094,0.04369960480972961,0.026228902172991883,0.057956727903893,0.07392754642408271,0.0599633980466457,0.08082972559170865,13,111,0.06814252084455166,0.18986150183909745,False,False,False,6.511903643993706e-07,COMPLETE
294,0.4428799271583557,2025-04-22 16:28:06.517191,2025-04-22 16:29:03.572028,0 days 00:00:57.054837,0.24494310286232293,0.4458956375003613,2,0.28716913169640246,0.047727676378258074,0.026301932891232997,0.0545307920721558,0.08376630102997557,0.05875843425978401,0.0420675296082578,12,113,0.06754554505794666,0.20442520792388863,False,False,False,8.175001105661975e-07,COMPLETE
295,0.4476640701293946,2025-04-22 16:29:03.663710,2025-04-22 16:30:03.819718,0 days 00:01:00.156008,0.21161219170588746,0.38590629443204316,2,0.27977535450358365,0.04535449374369839,0.027162438938570996,0.05684683212359201,0.082068282940414,0.061045767945237785,0.07021377747794931,13,110,0.05630285330871898,0.21558271434198098,False,False,False,5.433176647343586e-07,COMPLETE
296,0.4446985960006714,2025-04-22 16:30:03.912303,2025-04-22 16:31:04.082090,0 days 00:01:00.169787,0.21293795547219024,0.3667364112052149,2,0.28380687930432075,0.05426709697540022,0.02803773489028246,0.05749430057034774,0.08209350200574601,0.06071797187396871,0.08152124268263199,13,111,0.06131991882497701,0.21336219242580823,False,False,False,5.673020853200056e-07,COMPLETE
297,0.3606755256652832,2025-04-22 16:31:04.174932,2025-04-22 16:31:56.734937,0 days 00:00:52.560005,0.19151888038444106,0.3961311098671248,2,0.2781937565923329,0.15717069443073234,0.02621154631606148,0.05648757517192609,0.07784114087899857,0.06164198064286032,0.06824002047913783,13,116,0.05778583362591479,0.1990858920915003,False,False,True,5.282751758792674e-07,COMPLETE
298,0.44254262447357184,2025-04-22 16:31:56.837920,2025-04-22 16:32:54.538608,0 days 00:00:57.700688,0.23869973251793797,0.3861546535611612,2,0.29156671773712356,0.04502529073300424,0.031067962518405916,0.05448678828215728,0.07918623351338562,0.057692793004569816,0.08161772228193317,12,111,0.05503046977873549,0.22301953080881162,False,False,False,6.689639551554296e-07,COMPLETE
299,0.44699947834014897,2025-04-22 16:32:54.631575,2025-04-22 16:33:54.955401,0 days 00:01:00.323826,0.15954818758970446,0.3604962705950597,2,0.2997054963538561,0.04446846902387181,0.027879216113715577,0.0599418180569514,0.082130641439566,0.05546733577172951,0.053250910249340117,13,114,0.05586346871113988,0.21577265995960268,False,False,False,9.286419582417157e-07,COMPLETE
300,0.44287891387939454,2025-04-22 16:33:55.048411,2025-04-22 16:34:54.896924,0 days 00:00:59.848513,0.15130258718460976,0.3612584709411989,2,0.2873190938471056,0.046330125665236,0.026926038728172813,0.05899771125042682,0.08157739791938767,0.05603857511371704,0.049319542701918136,13,113,0.05507253160780627,0.2268755073350413,False,False,False,1.0010498043666309e-06,COMPLETE
301,0.2804898262023926,2025-04-22 16:34:54.990753,2025-04-22 16:35:44.228675,0 days 00:00:49.237922,0.16657888391874875,0.3206044840079136,2,0.29902511975202617,0.1795879253890158,0.028320684517545894,0.05319822754721729,0.08451424827216897,0.05993882041301374,0.06796681944218191,12,109,0.05809209503389247,0.21750909569313,False,True,False,8.763843003845767e-07,COMPLETE
302,0.4400727033615113,2025-04-22 16:35:44.322292,2025-04-22 16:36:44.013272,0 days 00:00:59.690980,0.14799891761110814,0.34436632577265547,2,0.2932757713152459,0.057268455437508414,0.025491854157382608,0.05965237381750202,0.07836235997938232,0.05480729875216163,0.0034385832171347393,13,115,0.05155283844768015,0.23541930334576427,False,False,False,2.3362245638823976e-07,COMPLETE
303,0.438521945476532,2025-04-22 16:36:44.118053,2025-04-22 16:37:50.606262,0 days 00:01:06.488209,0.17313539285740775,0.3688544040120016,2,0.2994065793212697,0.038634101230109553,0.028921596265156935,0.049167120709775206,0.0822250883480011,0.057515608788884884,0.08683304532282833,15,110,0.05299580114810999,0.2070383928760334,False,False,False,1.6101408972229498e-07,COMPLETE
304,0.4192789673805237,2025-04-22 16:37:50.701444,2025-04-22 16:38:52.529729,0 days 00:01:01.828285,0.2626063534143323,0.3883661916226742,2,0.28019308934402903,0.20423263339870712,0.02310268844763079,0.056310155685349486,0.08067400268998455,0.051515988822676606,0.052114441473680606,13,114,0.05915753517299161,0.22258372836781207,True,False,False,3.667723735148514e-07,COMPLETE
305,0.4440205097198487,2025-04-22 16:38:52.625510,2025-04-22 16:39:56.126526,0 days 00:01:03.501016,0.22646521569194766,0.3918910567657699,2,0.2890737784778838,0.05143009060409873,0.027459760467333387,0.06453617800224745,0.0851916510001915,0.061217283008011235,0.06796984219252517,14,120,0.0563830843387671,0.23031373406164643,False,False,False,7.074565484133322e-07,COMPLETE
306,0.2804898262023926,2025-04-22 16:39:56.222463,2025-04-22 16:40:58.580499,0 days 00:01:02.358036,0.2177364709715119,0.3607286877463266,2,0.2932617645782762,0.015239710821530271,0.03051229141080988,0.06053110728196901,0.08283900365372829,0.06351906644770566,0.08100223403652851,14,112,0.04682495545815471,0.21278094584658125,False,False,False,5.308140503932271e-07,COMPLETE
307,0.2804898262023926,2025-04-22 16:40:58.686197,2025-04-22 16:41:51.822482,0 days 00:00:53.136285,0.1764980724636403,0.41209581813829704,2,0.285277197208874,0.029940339788764286,0.024384856459923124,0.07225018938301071,0.07452353631322586,0.05876611865776023,0.05499919552868257,11,116,0.06357015876591482,0.2242013676477109,False,False,False,2.8066235300399735e-07,COMPLETE
308,0.4449326276779175,2025-04-22 16:41:51.919579,2025-04-22 16:42:51.480418,0 days 00:00:59.560839,0.24572452999827385,0.33269258455413625,2,0.27002223451627966,0.041106802722989486,0.03164570692181629,0.05123553076071183,0.06869950155637232,0.0562425361518575,0.07065215618609519,13,109,0.0701187030688821,0.23617761824351582,False,False,False,3.707557968148994e-07,COMPLETE
309,0.3982989192008972,2025-04-22 16:42:51.577234,2025-04-22 16:43:48.310895,0 days 00:00:56.733661,0.14595256288902492,0.37823890832662915,2,0.27945004331314444,0.04524655776713021,0.025824330698638973,0.057387638342402535,0.07977822445409502,0.0621760038261241,0.09850296442401665,12,125,0.06602566727945604,0.21677113400582923,False,False,False,5.763315487369983e-07,COMPLETE
310,0.44173262119293216,2025-04-22 16:43:48.407983,2025-04-22 16:44:55.206345,0 days 00:01:06.798362,0.1970938934390345,0.28264644964635655,2,0.2927560342655861,0.02556573622178638,0.02919150954503709,0.07832862725485955,0.08648555680003771,0.09025034340539441,0.04447984325245486,15,122,0.06256241273377953,0.194778491474602,False,False,False,4.4150683666834474e-08,COMPLETE
311,0.44163693189620973,2025-04-22 16:44:55.303145,2025-04-22 16:45:55.733333,0 days 00:01:00.430188,0.26634671938759324,0.42443514739604304,2,0.28607730211690097,0.03532942105935158,0.028047251209467505,0.07488611120111653,0.08360056880074786,0.06496696639781711,0.06229126492310242,13,118,0.059450042375299515,0.2020404875760886,False,False,False,9.078553308505627e-07,COMPLETE
312,0.42912070751190184,2025-04-22 16:45:55.841301,2025-04-22 16:46:59.311845,0 days 00:01:03.470544,0.16345181679834625,0.4038378110971707,2,0.2997027873260897,0.029728618919965498,0.031236168969606896,0.0606970648084196,0.07614929407285811,0.05996699346451196,1.0203854524602151e-05,14,108,0.06660244259944575,0.22674845647664807,False,False,False,4.86510649797963e-07,COMPLETE
313,0.44648983478546145,2025-04-22 16:46:59.408992,2025-04-22 16:48:02.789708,0 days 00:01:03.380716,0.2101966328813134,0.3513458830317616,2,0.2759834077447111,0.050088655974753545,0.02530897625115567,0.05832167628956982,0.08059893825270169,0.06346559839465093,0.08503907939070281,14,113,0.06899566563915094,0.2109348693888639,False,False,False,1.473771102985779e-07,COMPLETE
314,0.3823804140090942,2025-04-22 16:48:02.888698,2025-04-22 16:49:09.608931,0 days 00:01:06.720233,0.21600325750043947,0.30381181807747043,2,0.27598590769891346,0.058159695419619184,0.022591191150193285,0.058334362731873916,0.07977603744094096,0.05365756348305152,0.05618957823238954,15,112,0.0697277575752782,0.20870865927875293,False,False,False,1.248365940282577e-07,COMPLETE
315,0.4483933806419373,2025-04-22 16:49:09.707418,2025-04-22 16:50:09.394897,0 days 00:00:59.687479,0.24766974944528766,0.34709222158325603,2,0.26763145981738296,0.048480674727318124,0.024680698391375912,0.054881082943467996,0.08157288102349232,0.06297030922632742,0.07200520120091211,13,105,0.07315901807961658,0.21291005595335485,False,False,False,1.4589304284750002e-07,COMPLETE
316,0.3727384388446808,2025-04-22 16:50:09.503783,2025-04-22 16:51:00.982545,0 days 00:00:51.478762,0.24316561373384413,0.31946765618715517,2,0.26783598409672826,0.051785604280680665,0.025826254287392943,0.054812562587571015,0.08171677062466923,0.06277007947817263,0.0783337682507733,13,115,0.07407775718231419,0.20436849482585523,False,False,True,1.6376203021394822e-07,COMPLETE
317,0.44434370994567873,2025-04-22 16:51:01.081127,2025-04-22 16:51:54.740717,0 days 00:00:53.659590,0.20284877765569012,0.33481606098071354,2,0.2768097479239859,0.0487761917379488,0.023389094479034617,0.05630523127801979,0.07884824874026415,0.06471317956109995,0.07111081607423374,11,110,0.07077585166601967,0.21642549527075866,False,False,False,2.0293657454549618e-07,COMPLETE
318,0.43955043554306034,2025-04-22 16:51:54.840000,2025-04-22 16:52:52.006870,0 days 00:00:57.166870,0.22720676662120717,0.35126050181849067,2,0.27084555283432465,0.05764856814678598,0.02524469231180744,0.052502341104342876,0.081433661220634,0.06078983169662526,0.08181725697493948,12,108,0.07315953302223012,0.21136961607719493,False,False,False,2.4706219100893805e-07,COMPLETE
319,0.44436943531036377,2025-04-22 16:52:52.107580,2025-04-22 16:53:55.267415,0 days 00:01:03.159835,0.18483694476928003,0.3435854147944728,2,0.28116609645020313,0.04199221112244284,0.027182179922812487,0.05892884222810669,0.08434397951883815,0.06273485446826328,0.06440379948083205,14,104,0.06909650750148184,0.1977494410467374,False,False,False,1.635511129427377e-07,COMPLETE
320,0.44461859464645387,2025-04-22 16:53:55.377484,2025-04-22 16:54:55.108666,0 days 00:00:59.731182,0.2537436871738343,0.36432737489771483,2,0.2885347620107175,0.047702226559061464,0.02384671699931949,0.05516497120771502,0.07792827728447431,0.058199936414875315,0.04703313118735961,13,113,0.07163791849149129,0.20963120811344035,False,False,False,3.2735255933139655e-07,COMPLETE
321,0.2905700087547302,2025-04-22 16:54:55.207993,2025-04-22 16:55:47.027462,0 days 00:00:51.819469,0.20765099241391502,0.37908884847360547,2,0.26490066916815536,0.05390015737612382,0.02177855296453082,0.057184081993046525,0.0826047662421634,0.05536740168831649,0.08306269851865573,13,106,0.0680114669146343,0.2175194038760605,False,True,False,7.700510749424543e-07,COMPLETE
322,0.44312428236007695,2025-04-22 16:55:47.128289,2025-04-22 16:56:50.113316,0 days 00:01:02.985027,0.2332176841113585,0.3566581716836113,2,0.2931546224621344,0.04369781096138877,0.02511989888780582,0.059881466915077286,0.08065682212566738,0.06508828724049827,0.060780998744902566,14,115,0.06954217179638078,0.2226297350847766,False,False,False,4.026063468333364e-07,COMPLETE
323,0.420926308631897,2025-04-22 16:56:50.212983,2025-04-22 16:57:46.779289,0 days 00:00:56.566306,0.18323256874815577,0.30816967391888983,2,0.2742672318925878,0.03827739053818767,0.027642244762177078,0.053012336916056516,0.0765821933177601,0.06228429380688897,0.0391427588685316,12,121,0.06534655425672152,0.20371500301587442,False,False,False,2.2066136196328584e-07,COMPLETE
324,0.34561339616775516,2025-04-22 16:57:46.880230,2025-04-22 16:58:51.822051,0 days 00:01:04.941821,0.22117217307538084,0.3756556975321452,2,0.282115743221385,0.04852890410959479,0.029425456546817153,0.05775766274082072,0.08586768019916673,0.0597982510396237,0.07147742556023781,14,111,0.07259542434584115,0.18809195666712153,True,False,False,3.0204077094214184e-07,COMPLETE
325,0.4418252587318421,2025-04-22 16:58:51.932912,2025-04-22 16:59:52.131774,0 days 00:01:00.198862,0.2624191143411255,0.32669486189247987,2,0.29394985381199523,0.041103821521657875,0.026218836322688004,0.060777201767578753,0.0789736619629517,0.06452222328752177,0.08638892168872842,13,117,0.049495678751641584,0.21326406624592395,False,False,False,5.589330900253059e-07,COMPLETE
326,0.36992626190185546,2025-04-22 16:59:52.233972,2025-04-22 17:00:58.252462,0 days 00:01:06.018490,0.24233685541103575,0.34381056287892436,2,0.29957819930265484,0.04387830433554217,0.09942538712887031,0.05555188368329778,0.08315592453477935,0.04805954519169031,0.05278073683351613,15,108,0.01841401499645516,0.21980866137376934,False,False,False,1.3102624142248519e-06,COMPLETE
327,0.4397432923316956,2025-04-22 17:00:58.353405,2025-04-22 17:01:58.247397,0 days 00:00:59.893992,0.19894915927084555,0.39545587971614576,2,0.28726842624913224,0.227470184473052,0.028790843356073084,0.07514838246287923,0.08072175341677275,0.061913366475471486,0.06906665227383232,13,105,0.06789097383908521,0.20969041755013682,False,False,False,3.8558263203561075e-07,COMPLETE
328,0.2804898262023926,2025-04-22 17:01:58.350311,2025-04-22 17:03:00.979504,0 days 00:01:02.629193,0.13569629595754096,0.3651382529258807,2,0.26953060972762105,0.008433249317928479,0.02457222938671939,0.06442310702324473,0.08511434819677476,0.06583758432920472,0.08533810169891946,14,113,0.06398266934403254,0.2187181867886715,False,False,False,6.751470417368565e-07,COMPLETE
329,0.44044879674911497,2025-04-22 17:03:01.091454,2025-04-22 17:03:20.823520,0 days 00:00:19.732066,0.22211608106282874,0.38738732057852504,16,0.26301098620352276,0.06046646221093638,0.030067587790842426,0.059342154170227875,0.07311569851807394,0.058397133949563716,0.09870718681389881,12,124,0.0661950565118831,0.22545281316101284,False,False,False,2.6519947297188593e-07,COMPLETE
330,0.4452938318252564,2025-04-22 17:03:20.926972,2025-04-22 17:04:24.371240,0 days 00:01:03.444268,0.18077720442864387,0.40026892989364393,2,0.2787445886142819,0.05159355988465394,0.027402545128234663,0.06248284025579808,0.0767015812011274,0.05694903243330182,0.05925114873923811,14,120,0.06021768828723638,0.2012091624395685,False,False,False,5.00584354976309e-07,COMPLETE
331,0.2804898262023926,2025-04-22 17:04:24.474318,2025-04-22 17:05:23.571878,0 days 00:00:59.097560,0.24396652689760726,0.9943538493901365,2,0.2848850145416106,0.037082185137019934,0.022283722637371533,0.057584302450004315,0.07957529575884281,0.043143549826194394,0.04464319093878864,13,104,0.06244646373468369,0.241754226071335,False,False,False,1.3899007315929662e-07,COMPLETE
332,0.2804898262023926,2025-04-22 17:05:23.676943,2025-04-22 17:06:29.770371,0 days 00:01:06.093428,0.27341777539827905,0.3484119057361565,2,0.2999606972218828,0.019182256153168056,0.026122884385506803,0.06119503324152021,0.08340297148643315,0.06937338309257689,0.00259764900833083,15,110,0.06923852742027455,0.21456691324729774,False,False,False,4.330149525785852e-07,COMPLETE
333,0.2804898262023926,2025-04-22 17:06:29.884515,2025-04-22 17:07:32.452988,0 days 00:01:02.568473,0.2090324711951096,0.4432188813332586,2,0.29232601780143513,0.02709771026670866,0.029774223956061392,0.05074916427464794,0.0809909419913069,0.0866380528309908,0.07070407843593489,14,116,0.0645003622524969,0.208182611839726,False,False,False,3.366918130785814e-07,COMPLETE
334,0.4444087743759155,2025-04-22 17:07:32.557384,2025-04-22 17:08:32.708924,0 days 00:01:00.151540,0.16008141466529513,0.3747881974310687,2,0.27373736641158425,0.03770138383574332,0.027940568018836445,0.05531147795186865,0.08723501270440513,0.0634455603643145,0.052649198413580116,13,113,0.07158427805285088,0.221253128677674,False,False,False,6.177418438353062e-07,COMPLETE
335,0.36113460659980773,2025-04-22 17:08:32.812715,2025-04-22 17:09:27.955141,0 days 00:00:55.142426,0.19384896952501962,0.40603777645025063,2,0.28622213069895297,0.0468588159058129,0.023906152657454254,0.06433531594676262,0.07510867600199544,0.050466629319485305,0.0642054452941537,14,127,0.05631736436928427,0.22710377478882654,False,False,True,1.9845038110216103e-07,COMPLETE
336,0.44712960720062256,2025-04-22 17:09:28.059626,2025-04-22 17:10:34.694542,0 days 00:01:06.634916,0.5357148786185566,0.32613355825957735,2,0.29334996495536525,0.029864744779533353,0.03152220206988117,0.07186634552605632,0.07886401395273052,0.0596626645790616,0.07755906245476893,15,121,0.061141317305885866,0.23622700626902304,False,False,False,9.285638395257874e-07,COMPLETE
337,0.2804898262023926,2025-04-22 17:10:34.809200,2025-04-22 17:11:40.979865,0 days 00:01:06.170665,0.14135410453461938,0.3158913489797154,2,0.27900445001955876,0.02219549611697241,0.03188191171424854,0.0682864691955776,0.08301518281317348,0.059732625708307445,0.08307344139566095,15,122,0.061220432313679254,0.23920647422485977,False,False,False,9.957483725350806e-07,COMPLETE
