number,value,datetime_start,datetime_complete,duration,params_alpha-eval,params_alpha-train,params_batch-size,params_eps-eval,params_eps-train,params_lambda-actions-eval,params_lambda-actions-train,params_lambda-frames-eval,params_lambda-frames-train,params_learning-rate,params_n-epochs,params_n-frames,params_radius-gw,params_rho,params_std-feats,params_ub-actions,params_ub-frames,params_weight-decay,state
1246,0.3877902150154114,2025-04-22 23:45:15.401860,2025-04-22 23:45:32.873737,0 days 00:00:17.471877,0.5213601925674439,0.23510708956335294,16,0.282468540783199,0.055100156931745865,0.09035833430265724,0.056328613514697166,0.008349211027652858,0.04047993423132199,0.0009248089396284385,7,135,0.08382871149029393,0.2368095843203679,False,False,False,1.7305675790888974e-06,COMPLETE
1247,0.34535210728645327,2025-04-22 23:45:33.272980,2025-04-22 23:45:48.755069,0 days 00:00:15.482089,0.8574288218735476,0.18951191485161356,16,0.1920867266290259,0.0715618657295177,0.09336815177112812,0.05928563094862881,0.012186785802690482,0.045342958795799984,0.01153086556041357,6,150,0.08079845633394621,0.2434199129231711,False,False,True,2.696315559537173e-06,COMPLETE
1248,0.4157581925392151,2025-04-22 23:45:49.151032,2025-04-22 23:46:05.589360,0 days 00:00:16.438328,0.7649727871845464,0.27145907444613204,16,0.2719768223799104,0.08941089007818365,0.09528510853574923,0.06408942086587888,0.005364920022975606,0.0357564018576746,0.014291617837001194,5,142,0.07723744234207416,0.2694003858326426,False,False,False,3.6981455565374067e-06,COMPLETE
1249,0.4184879660606384,2025-04-22 23:46:05.999422,2025-04-22 23:46:23.399551,0 days 00:00:17.400129,0.7361500147564123,0.21790830031195046,16,0.28229098045392154,0.06358077228740905,0.09997386978062658,0.06143594440544337,0.009156858175434216,0.03263098051634536,0.018463903849965192,7,131,0.08288105998901643,0.235338241272054,False,False,False,8.956072916369027e-06,COMPLETE
1250,0.41386824846267706,2025-04-22 23:46:23.799273,2025-04-22 23:46:40.759885,0 days 00:00:16.960612,0.7836655862277262,0.24689285590083607,16,0.19789117291660002,0.07738017253090489,0.09800992033858397,0.05154185648697449,0.002695609252053918,0.038860603736544264,0.010369038614253286,6,138,0.08962329910433414,0.27684379924023633,False,False,False,1.311837488839871e-06,COMPLETE
1251,0.39010276794433596,2025-04-22 23:46:41.159901,2025-04-22 23:46:57.625802,0 days 00:00:16.465901,0.5740445496652842,0.30170965251640297,16,0.2655334263505139,0.04929449294061604,0.09697890593708439,0.04867843316655438,0.006506628612170791,0.0432320419795849,0.013031087046938252,5,144,0.07938629255136984,0.24085596243298188,False,False,False,1.1987061772786782e-05,COMPLETE
1252,0.4834649920463562,2025-04-22 23:46:58.023077,2025-04-22 23:47:15.116420,0 days 00:00:17.093343,0.5486382360378826,0.23016471498284138,16,0.27517299711697546,0.05787549453595322,0.09199702713258899,0.05792608492698436,0.010600108566702156,0.049685054545205685,0.021113934713976882,6,136,0.08547047080869485,0.26011013238845104,False,False,False,5.163920086371302e-06,COMPLETE
1253,0.32620207667350776,2025-04-22 23:47:15.518064,2025-04-22 23:47:31.247466,0 days 00:00:15.729402,0.8259691008707526,0.20737815181291103,16,0.2192597765477846,0.07199282225216999,0.09526382661594833,0.05515991675843629,0.004789223506152912,0.046965307237101975,0.017325221493036273,7,147,0.08135083437456708,0.2481501831342794,False,True,False,3.0656246213829844e-06,COMPLETE
1254,0.4149686932563782,2025-04-22 23:47:31.644249,2025-04-22 23:47:47.993277,0 days 00:00:16.349028,0.7122784676717382,0.1751571789218417,16,0.2844731975706602,0.06525130178653046,0.09809192645768727,0.06038166792272544,0.007928431111307144,0.030090214320950222,0.02639777367424676,5,140,0.07468587409827454,0.2557328330017807,False,False,False,2.0276408365903292e-06,COMPLETE
1255,0.42990576028823857,2025-04-22 23:47:48.410173,2025-04-22 23:48:08.887208,0 days 00:00:20.477035,0.8063717103490035,0.2570499610291777,16,0.20631632440940664,0.08051193291785667,0.0942665068278851,0.06264315125815031,0.0043728244844585,0.041410663596365256,0.015103889965411621,6,142,0.08324608427914686,0.234397789666862,True,False,False,6.828622799357484e-06,COMPLETE
1256,0.4207342863082886,2025-04-22 23:48:09.292065,2025-04-22 23:48:26.416317,0 days 00:00:17.124252,0.7579619256992021,0.22658718653010299,16,0.27899249400110476,0.07437854405650453,0.09669056059710916,0.0576426899927704,0.0010835991331101284,0.036474863600735354,0.011679853971531167,6,133,0.07895524729001728,0.233506560686241,False,False,False,4.381223878028409e-06,COMPLETE
1257,0.4239840030670166,2025-04-22 23:48:26.823376,2025-04-22 23:48:51.779319,0 days 00:00:24.955943,0.7734542739197713,0.14643129025033802,16,0.26727156309004824,0.05992622162513421,0.08960119590080823,0.05259975161381955,0.006762837700297236,0.03363940950640039,0.002271962266534362,21,138,0.08837186622936755,0.24250264285935644,False,False,False,3.5440160224566437e-06,COMPLETE
1258,0.46593847274780276,2025-04-22 23:48:52.183050,2025-04-22 23:49:10.101328,0 days 00:00:17.918278,0.7920658039099999,0.642027768249526,16,0.27191654713948576,0.06717482491781962,0.09213579591751146,0.059137718200128475,0.009785865395170002,0.03865964960451927,0.020241079387289872,8,147,0.07698797594317182,0.24917665022978425,False,False,False,2.5075491628787454e-06,COMPLETE
1259,0.4006068229675293,2025-04-22 23:49:10.507917,2025-04-22 23:49:26.995182,0 days 00:00:16.487265,0.7356810665081167,0.2821936720091437,16,0.20113202946601186,0.08609061110456756,0.09812570712324695,0.0557090803278952,0.003267640672474392,0.04515566580202179,0.00882117316304314,5,144,0.08146888354827808,0.23821412066385617,False,False,False,8.75911815391606e-06,COMPLETE
1260,0.438128936290741,2025-04-22 23:49:27.399509,2025-04-22 23:49:44.921561,0 days 00:00:17.522052,0.8327211354680161,0.1836289544801161,16,0.2876241950588929,0.051428302796481196,0.09562620594850477,0.06144906583154889,0.011680897725245463,0.028700276050343407,0.01371978535517774,7,140,0.030652278055955176,0.26639921273796763,False,False,False,5.592230441792034e-06,COMPLETE
1261,0.4219759583473206,2025-04-22 23:49:45.325765,2025-04-22 23:50:02.147056,0 days 00:00:16.821291,0.6215926496474572,0.2099062381708904,16,0.21250199151456006,0.06914291721542869,0.09393579678074468,0.06402508498958229,0.006145001862755769,0.04275064786039796,0.015964842063358537,6,135,0.08428863675151535,0.24596856562974106,False,False,False,1.1078436633326549e-05,COMPLETE
1262,0.42491391897201536,2025-04-22 23:50:02.549195,2025-04-22 23:50:18.973357,0 days 00:00:16.424162,0.6679331015391428,0.24108531028935543,16,0.2810313890696763,0.08007401340270034,0.09826037711287827,0.05736638278163338,0.004203434833035883,0.03505765472374639,0.010904934401689536,5,130,0.0794251828064831,0.25511066859402076,False,False,False,7.160444106384561e-06,COMPLETE
1263,0.4424763679504395,2025-04-22 23:50:19.375346,2025-04-22 23:50:35.804841,0 days 00:00:16.429495,0.5042625779856689,0.2637104447924832,16,0.2590239629071786,0.06011879489005972,0.08726679302913848,0.059631436482683514,0.007857503876413064,0.03982087447630456,0.013078532783068557,7,38,0.08650527307245737,0.23333386646904886,False,False,False,4.362920293314816e-06,COMPLETE
1264,0.425097393989563,2025-04-22 23:50:36.209132,2025-04-22 23:50:53.463085,0 days 00:00:17.253953,0.6966664496806436,0.19958018244782924,16,0.2997810424167737,0.07416670514844237,0.09623544221974391,0.054083474331824144,0.014116614784225195,0.03781357509342255,0.023528106723425465,6,141,0.0917301725553676,0.23967350429408169,False,False,False,2.6852278403270232e-06,COMPLETE
1265,0.2994069576263428,2025-04-22 23:50:53.865845,2025-04-22 23:51:10.914057,0 days 00:00:17.048212,0.8666387156184663,0.244302693493198,8,0.27390099682322605,0.09300345999901968,0.09300394511698419,0.05699274664471162,0.0027033352850099465,0.03169839027234207,0.016850251244747327,5,137,0.08284303971929347,0.09794727846955656,False,False,True,1.8985504116678733e-06,COMPLETE
1266,0.3911901473999023,2025-04-22 23:51:11.320618,2025-04-22 23:51:28.478256,0 days 00:00:17.157638,0.7727883569541621,0.2192258346036877,16,0.28475829711163186,0.06482977140798431,0.09831831156086739,0.06172494287611841,0.006356690173337164,0.043790903884541175,0.009452325830115042,6,145,0.0799456911024675,0.23127554391330196,False,False,False,3.3392665931129584e-06,COMPLETE
1267,0.3785747766494751,2025-04-22 23:51:28.885251,2025-04-22 23:51:46.349570,0 days 00:00:17.464319,0.7508414240462145,0.2687099659427131,16,0.19045117052478341,0.05652310058305393,0.09510502282302205,0.06002117681603436,0.009316622305225545,0.04013186100744125,0.019529893310066035,7,140,0.07759142329046911,0.18497229204055204,False,False,False,5.719257858169972e-06,COMPLETE
1268,0.4273448586463928,2025-04-22 23:51:46.753852,2025-04-22 23:52:03.714317,0 days 00:00:16.960465,0.7960228804859169,0.16678496380424615,16,0.2646780392905538,0.07067158850602509,0.09108588408984246,0.05563102001094035,0.004503853675417825,0.04228934924325202,0.007369623313546308,6,134,0.08466135695106729,0.24823856975585598,False,False,False,4.579790668391168e-06,COMPLETE
1269,0.4859041213989258,2025-04-22 23:52:04.119827,2025-04-22 23:52:20.490659,0 days 00:00:16.370832,0.7220709111534902,0.22887710217851326,16,0.27907400098182156,0.07697929930117586,0.09987634916999763,0.05865342393826916,0.007555751711294684,0.04707565262043617,0.014234303249685545,5,143,0.08170289862870761,0.23755530839827982,False,False,False,8.860103972204952e-06,COMPLETE
1270,0.3835148215293884,2025-04-22 23:52:20.897305,2025-04-22 23:52:45.572367,0 days 00:00:24.675062,0.8125653464022637,0.2879463807455732,16,0.28762956209000806,0.08257672048601644,0.09667993073193791,0.06383481802258809,0.01159688506137873,0.03450987284554739,0.011510454344507105,20,148,0.07541025946577593,0.2595386371795403,False,False,False,2.2482898057591388e-06,COMPLETE
1271,0.3321122646331787,2025-04-22 23:52:45.996296,2025-04-22 23:53:02.736629,0 days 00:00:16.740333,0.7530745869533045,0.18744453460407756,16,0.2909827191804738,0.06344803402306533,0.09376505819620001,0.0535553727889429,0.003054519661697563,0.028360104099275918,0.016900451200494975,9,137,0.08666716555328105,0.2306157138875391,False,True,False,1.5089415400963828e-06,COMPLETE
1272,0.3841936826705933,2025-04-22 23:53:03.147125,2025-04-22 23:53:20.260795,0 days 00:00:17.113670,0.775463966266872,0.2472285019470777,16,0.27213347103674845,0.05438691780871249,0.09830757566968278,0.061083856440351046,0.009366236163078407,0.03749887485726999,0.02965762856229747,6,139,0.09437488113572486,0.24295494876088353,False,False,False,1.279918508569768e-05,COMPLETE
1273,0.4347742319107056,2025-04-22 23:53:20.675085,2025-04-22 23:53:36.857110,0 days 00:00:16.182025,0.846669246136587,0.2053265973214928,16,0.200928067934192,0.07039861739197195,0.09572127074410512,0.05787531222098177,0.005491631462975274,0.032517781931039026,0.023527178265431516,5,94,0.07999366791041138,0.22869916591010284,False,False,False,3.652054926546543e-06,COMPLETE
1274,0.4350781440734864,2025-04-22 23:53:37.264243,2025-04-22 23:53:58.518229,0 days 00:00:21.253986,0.8944712643318602,0.2277511095970447,16,0.27802476992635217,0.07524170823527002,0.08953834112068851,0.05603780670368311,0.0010707852420707355,0.044332271429577096,0.013342249039477826,7,143,0.08395047889938322,0.2496262663739071,True,False,False,6.9818381620537594e-06,COMPLETE
1275,0.3947813272476196,2025-04-22 23:53:58.934596,2025-04-22 23:54:17.366616,0 days 00:00:18.432020,0.7350303263297133,0.2581397950250686,16,0.28386663514636973,0.06560810685098889,0.09251342406004119,0.050550453028359706,0.006334384153423249,0.030557529785076278,0.009798019212894495,8,146,0.08193225082173868,0.23516270880390616,False,False,False,2.8726890471923563e-06,COMPLETE
1276,0.4075839400291443,2025-04-22 23:54:17.775668,2025-04-22 23:54:34.658356,0 days 00:00:16.882688,0.814604566333096,0.8069472966283435,16,0.29344976677975076,0.1477627174905769,0.09692513941561762,0.059286509998315244,0.0044032482840644024,0.04147805199216599,0.019571858464189847,6,136,0.07820717073354476,0.24226151167392015,False,False,False,5.2920393830353405e-06,COMPLETE
1277,0.4109004735946655,2025-04-22 23:54:35.070514,2025-04-22 23:54:51.434194,0 days 00:00:16.363680,0.5299401380282703,0.21162284732637,16,0.2675013395843809,0.05976554714945115,0.09466187106034882,0.047344163545856875,0.007967570278318315,0.03875152052504043,0.015460674186448982,5,132,0.08806226197142969,0.2525059838353664,False,False,False,1.0050251761114343e-05,COMPLETE
1278,0.4312675356864929,2025-04-22 23:54:51.841955,2025-04-22 23:55:08.802542,0 days 00:00:16.960587,0.5980136170107498,0.10727046430256582,16,0.27607103024284624,0.08707276315424303,0.0971193917672558,0.05492305602272106,0.010502233438288055,0.03669636152604151,0.0017837330966395568,6,141,0.07377723770016215,0.27310060394603247,False,False,False,4.003634559457384e-06,COMPLETE
1279,0.3734100818634033,2025-04-22 23:55:09.209157,2025-04-22 23:55:26.776558,0 days 00:00:17.567401,0.7941732747018393,0.3069184520623259,16,0.2599571881069746,0.04842721814983957,0.09844121055794178,0.06221271252648989,0.0026325911783354103,0.050533132799821266,0.011589253222298018,7,139,0.08059629932797474,0.14420538156362478,False,False,False,7.021773630134849e-06,COMPLETE
1280,0.37637574672698976,2025-04-22 23:55:27.184101,2025-04-22 23:55:43.550656,0 days 00:00:16.366555,0.7615904883568824,0.24275944110970585,16,0.2819247507882404,0.08082079083439322,0.0913094483248454,0.060186120354699245,0.013508898757351884,0.0454073779889196,0.017245566041838446,5,144,0.08280347185952174,0.051433435043509335,False,False,False,3.034753803501319e-06,COMPLETE
1281,0.3807756662368775,2025-04-22 23:55:43.962076,2025-04-22 23:56:01.041202,0 days 00:00:17.079126,0.7091828572363786,0.27551777646988573,16,0.28975282645443806,0.06921767508755335,0.06399846921659447,0.05761571248418203,0.005741029369196299,0.040633687309697374,0.00022045901464391976,6,150,0.085334781116097,0.225841829355129,False,False,False,2.373575005933639e-06,COMPLETE
1282,0.41739109754562376,2025-04-22 23:56:01.446800,2025-04-22 23:56:18.350231,0 days 00:00:16.903431,0.8379687400863455,0.18788896781636671,16,0.210091539986689,0.07413162122025468,0.09418055295725107,0.052645997975890674,0.008160900041757986,0.03499677748124318,0.014876385441868431,6,135,0.07771391795337008,0.16377447611839127,False,False,False,4.846996989268188e-06,COMPLETE
1283,0.48532772064208984,2025-04-22 23:56:18.757834,2025-04-22 23:56:36.287844,0 days 00:00:17.530010,0.48921899424466564,0.2242154061700587,16,0.19414809757829013,0.06318548331625556,0.09835082378641516,0.06449581568076351,0.004011072153073735,0.03253121800204117,0.012851759383733835,7,141,0.07962118774468621,0.23604626728639544,False,False,False,5.958747420216614e-06,COMPLETE
1284,0.2930263578891754,2025-04-22 23:56:36.714718,2025-04-22 23:56:53.554699,0 days 00:00:16.839981,0.7424146153254824,0.1670095933040609,8,0.2687598091663044,0.0007209687985451352,0.0953672041482028,0.05672403533764,0.006004139581495845,0.043207755023091605,0.008337002291953324,5,138,0.08315533886462403,0.2645991816965072,False,False,True,3.6278707830522284e-05,COMPLETE
1285,0.395108962059021,2025-04-22 23:56:53.971755,2025-04-22 23:57:11.659810,0 days 00:00:17.688055,0.7834247957870261,0.2515823094751831,16,0.18502825077232038,0.056201374028380296,0.09256730413857815,0.0624394237856273,0.009659832902030974,0.029554392502213422,0.020836860845912922,7,146,0.0906668262206855,0.24444461034614295,False,False,False,8.478672506860818e-06,COMPLETE
1286,0.4192259788513184,2025-04-22 23:57:12.074210,2025-04-22 23:57:28.409057,0 days 00:00:16.334847,0.5787281642112327,0.19798415347133308,16,0.272815441035443,0.07717236400858746,0.09651323559740095,0.058581967513718476,0.002365945397424282,0.04748839317377089,0.025841203138009094,5,133,0.0861990062448249,0.22938535700134086,False,False,False,3.7278687272297667e-06,COMPLETE
1287,0.4056270122528076,2025-04-22 23:57:28.823845,2025-04-22 23:57:45.966712,0 days 00:00:17.142867,0.7600265773366804,0.231855806799399,16,0.2935331030144514,0.06837095546491175,0.09995326066284677,0.06034751383644695,0.007373619390754698,0.02726879425341519,0.0061609721000303675,6,143,0.08091758842454912,0.2587077144882248,False,False,False,1.7955757995796435e-06,COMPLETE
1288,0.43042050600051884,2025-04-22 23:57:46.378314,2025-04-22 23:58:02.899654,0 days 00:00:16.521340,0.8082738409675706,0.2691550377020845,16,0.285425158320011,0.12135530232773731,0.09823503196790487,0.05530400422558243,0.004172061960719684,0.03959126257666342,0.01026915482243404,5,138,0.08418410828514324,0.23738121136537116,False,False,False,1.3193589981187755e-05,COMPLETE
1289,0.43142679929733274,2025-04-22 23:58:03.310518,2025-04-22 23:58:20.076600,0 days 00:00:16.766082,0.7280031728104888,0.21263437075851274,16,0.2996157128742897,0.08298233982486676,0.09385644871706708,0.05886243733868681,0.012383206899478584,0.0364718429067101,0.01801651404460862,6,129,0.07843248824406689,0.281506210970694,False,False,False,3.032387350807435e-06,COMPLETE
1290,0.31583922505378725,2025-04-22 23:58:20.487692,2025-04-22 23:58:35.784089,0 days 00:00:15.296397,0.6565402234317083,0.2910329754560541,16,0.2788839825387652,0.061595908616844816,0.09986118333042969,0.062306879246936675,0.0060311055953180676,0.04255465692272117,0.013393303997710356,6,141,0.08222011378384562,0.22429379806790378,False,True,False,4.515204506135926e-06,COMPLETE
1291,0.2804898262023926,2025-04-22 23:58:36.198327,2025-04-22 23:58:54.007648,0 days 00:00:17.809321,0.8699688407996147,0.24527387579316703,16,0.2644276464537954,0.01013579135184317,0.09605630337656061,0.053996119403166794,0.00895868483368052,0.0339382836271873,0.011425571474878686,8,147,0.07708112855632328,0.23230223690772933,False,False,False,2.225264635047327e-06,COMPLETE
1292,0.4328501224517823,2025-04-22 23:58:54.419463,2025-04-22 23:59:11.993850,0 days 00:00:17.574387,0.6916377103042733,0.18580272268257159,16,0.2882728522198872,0.07232845051387451,0.08825359230098748,0.05711308249785835,0.004118832248708178,0.03108991143903231,0.014482796750271046,7,136,0.07616354391281763,0.24221865828860217,False,False,False,2.2096570044625723e-05,COMPLETE
1293,0.4354695320129395,2025-04-22 23:59:12.407917,2025-04-22 23:59:31.919846,0 days 00:00:19.511929,0.778595393818708,0.22414519601779734,16,0.27664237933177827,0.05223494708070901,0.09997059174999084,0.05078758428502114,0.007057484819918755,0.04119342232282476,0.02246067467314929,5,144,0.08715415008919482,0.25420001054907554,True,False,False,0.00025460456049666846,COMPLETE
1294,0.3940849661827088,2025-04-22 23:59:32.335353,2025-04-22 23:59:49.313361,0 days 00:00:16.978008,0.7979454094736904,0.9417504506105403,16,0.20228695755700463,0.08964725080393993,0.0901903576308861,0.06031758568180089,0.0024542050075543145,0.03801383176724554,0.016853203590892697,6,140,0.08036673494010851,0.24795592439434574,False,False,False,1.0550673790379254e-05,COMPLETE
1295,0.4321832776069641,2025-04-22 23:59:49.726239,2025-04-23 00:00:07.227853,0 days 00:00:17.501614,0.5538646713529233,0.2626120829937191,16,0.22618277277533227,0.10213461050701741,0.09681613867110855,0.06425699901009953,0.005309898655719103,0.043966691485296375,0.009712631472845297,7,134,0.08418120821109912,0.2385990170650784,False,False,False,6.333164039430373e-06,COMPLETE
1296,0.47311053276062015,2025-04-23 00:00:07.655892,2025-04-23 00:00:34.143909,0 days 00:00:26.488017,0.8501821526171874,0.2100066404188574,16,0.29521266335466506,0.06711697522116922,0.09476322562138921,0.056004944073557175,0.01127387778609428,0.040137879245139514,0.019157906505840837,24,137,0.08144517233709242,0.22927003844521845,False,False,False,7.932030441037711e-06,COMPLETE
1297,0.4310610055923462,2025-04-23 00:00:34.561829,2025-04-23 00:00:51.608508,0 days 00:00:17.046679,0.6148892306768583,0.14989134728399983,16,0.2832845176890293,0.07776527343116534,0.09248708419290377,0.05822818167249765,0.008165787667293607,0.028803910436500994,0.012266938909594039,6,142,0.078881350960263,0.22440144336421536,False,False,False,3.5330607987659024e-06,COMPLETE
1298,0.3968565106391907,2025-04-23 00:00:52.023770,2025-04-23 00:01:08.506706,0 days 00:00:16.482936,0.8239305786377187,0.240396240372904,16,0.2720666584816291,0.05835100733746616,0.09805588285732285,0.06049257694595134,0.0021830187387413265,0.04823976040816422,0.01479307664484313,5,145,0.08913977559114303,0.23259867175173202,False,False,False,2.835772412414443e-06,COMPLETE
1299,0.42755529880523685,2025-04-23 00:01:08.926669,2025-04-23 00:01:25.976493,0 days 00:00:17.049824,0.750901901151106,0.17623356957706268,16,0.17382053720123142,0.07178094060092995,0.09530171224260929,0.05271700357253605,0.009758558695301917,0.03770589703671164,0.00838842413141902,6,139,0.08569622314728814,0.24511946901527554,False,False,False,5.139363267405138e-06,COMPLETE
1300,0.39776823520660404,2025-04-23 00:01:26.393496,2025-04-23 00:01:44.002003,0 days 00:00:17.608507,0.6362807754468419,0.20108476926575913,16,0.2870615292815316,0.06349902498631828,0.09997676182783674,0.06171598610840096,0.0048171509452276705,0.04580329157138456,0.028160530949165607,7,148,0.08281311221235836,0.239552729282841,False,False,False,3.9924492125426494e-06,COMPLETE
1301,0.4364115595817566,2025-04-23 00:01:44.422434,2025-04-23 00:02:09.630103,0 days 00:00:25.207669,0.7721975805885607,0.2671498377589048,16,0.19595563294488422,0.08343932971456647,0.09349254046986363,0.05504281833479701,0.006758483390197755,0.032921340960812256,0.01657227549379494,22,131,0.0809951643513505,0.25382629039812615,False,False,False,1.5893916057672475e-05,COMPLETE
