number,value,datetime_start,datetime_complete,duration,params_alpha-eval,params_alpha-train,params_batch-size,params_eps-eval,params_eps-train,params_lambda-actions-eval,params_lambda-actions-train,params_lambda-frames-eval,params_lambda-frames-train,params_learning-rate,params_n-epochs,params_n-frames,params_radius-gw,params_rho,params_std-feats,params_ub-actions,params_ub-frames,params_weight-decay,state
509,0.4445322632789612,2025-04-22 19:19:12.051770,2025-04-22 19:19:32.037258,0 days 00:00:19.985488,0.26030471096188107,0.35388813017104204,16,0.2643519488177205,0.05845260040696584,0.03308914884144031,0.056973362897972696,0.08704854075200134,0.062407835459441854,0.046715870999966415,12,127,0.06107936779525608,0.24138003978478142,False,False,False,6.241070568622486e-07,COMPLETE
510,0.443881094455719,2025-04-22 19:19:32.207140,2025-04-22 19:20:34.896736,0 days 00:01:02.689596,0.041240924543603334,0.2599597458822,2,0.28054607410281857,0.0315756282543638,0.07832675183067198,0.0873543646850754,0.08230711360350337,0.057737562659220906,0.07161060984245049,14,117,0.0649558370357368,0.2584725021800541,False,False,False,1.205352814793586e-06,COMPLETE
511,0.4420311450958252,2025-04-22 19:20:35.053773,2025-04-22 19:21:42.379493,0 days 00:01:07.325720,0.07599387904937449,0.40462512293536146,2,0.06470259133481956,0.05411564245037509,0.03531646241314815,0.09045627069152785,0.09027092358114751,0.0711626573387073,0.05401166257977434,15,120,0.0712727331578355,0.24831313599318744,False,False,False,1.6266765978832433e-06,COMPLETE
512,0.3675420582294464,2025-04-22 19:21:42.536881,2025-04-22 19:22:37.012109,0 days 00:00:54.475228,0.23219859975205953,0.8288444586518348,2,0.15917451422306383,0.06294710825265727,0.07528153494599284,0.09654483157222435,0.005018254376858248,0.0657013996929446,0.0864572500631276,14,109,0.06251788648451642,0.1931114572219883,False,False,True,3.3402179795690644e-07,COMPLETE
513,0.3615541219711304,2025-04-22 19:22:37.180742,2025-04-22 19:22:57.629100,0 days 00:00:20.448358,0.20496930299882943,0.4346606648936514,16,0.2435800946208151,0.04647949379892233,0.07236498947519923,0.06118568639167845,0.08424001788454162,0.06085506245322444,0.034898427669477636,13,125,0.0026003400401393914,0.22683181933983468,False,False,False,2.0425206045904376e-06,COMPLETE
514,0.44296915531158454,2025-04-22 19:22:57.786847,2025-04-22 19:23:55.317580,0 days 00:00:57.530733,0.18368423533182596,0.48720073642285866,2,0.2494864858094059,0.07132729470786182,0.08063816715849871,0.06562569194787446,0.08010145114200713,0.056242178023294405,0.06382370451392606,12,112,0.05921311224163698,0.09452054082451478,False,False,False,4.361100149139605e-07,COMPLETE
515,0.444702696800232,2025-04-22 19:23:55.487872,2025-04-22 19:24:55.826741,0 days 00:01:00.338869,0.1327502321824695,0.38389871149630345,2,0.2545256678142903,0.03654567542621905,0.08341300262867132,0.08471638826006964,0.009447808816890505,0.06388141647993227,0.04274663999959761,13,116,0.06708560650666143,0.21429457326281476,False,False,False,8.492333390484636e-07,COMPLETE
516,0.44527099132537845,2025-04-22 19:24:55.986090,2025-04-22 19:25:58.795196,0 days 00:01:02.809106,0.24728055514311897,0.3293988070204772,2,0.2625167111337395,0.049859915878852634,0.03233797873337658,0.07625750895566073,0.0028948702594946774,0.05945618969821623,0.07353267075643535,14,121,0.06438919655696436,0.0253163333414394,False,False,False,5.188126884832715e-07,COMPLETE
517,0.4344876527786255,2025-04-22 19:25:58.954131,2025-04-22 19:26:19.879114,0 days 00:00:20.924983,0.09192644246933435,0.3033602741948749,16,0.23252096038807138,0.04192641056951549,0.036655726703575156,0.07191922452216515,0.016443502570066396,0.06210218801801902,0.05447431741636429,13,129,0.06933223923909243,0.2608910887226175,False,False,False,3.7932526201116625e-06,COMPLETE
518,0.2804898262023926,2025-04-22 19:26:20.049442,2025-04-22 19:27:14.980743,0 days 00:00:54.931301,0.06945264029332461,0.22621596200169578,2,0.28139923950326323,0.02849577198540743,0.07938301567907224,0.0918199538485027,0.07598407880521112,0.054232790034888796,0.08628939294314182,14,133,0.07585032119195183,0.2379897109975417,False,True,False,2.240759608301618e-07,COMPLETE
519,0.44118810892105104,2025-04-22 19:27:15.140703,2025-04-22 19:28:12.124903,0 days 00:00:56.984200,0.03087439575590077,0.34833897437031386,2,0.2607970891733529,0.05572389279595265,0.034421747688007126,0.07388351349648693,0.0011474903847850035,0.058389089429398314,0.06332624816686616,12,113,0.061098646708173734,0.2297644952129574,False,False,False,6.855308649001312e-07,COMPLETE
520,0.43315637111663824,2025-04-22 19:28:12.296631,2025-04-22 19:28:32.238104,0 days 00:00:19.941473,0.22158082944591737,0.44475198372971614,16,0.08468947221579641,0.03602181928105111,0.08577780818675892,0.03706470966532056,0.08584032676180194,0.0687323138738522,0.04438092291237655,15,45,0.05818941346688144,0.2456281574369694,False,False,False,1.0025235345506214e-06,COMPLETE
521,0.3672190070152283,2025-04-22 19:28:32.398404,2025-04-22 19:29:34.524857,0 days 00:01:02.126453,0.2849840173864595,0.27362463541198007,2,0.06871778319002919,0.043728382857132764,0.06937405153893504,0.05949099665123773,0.08244246880159908,0.06469236129528566,0.07398667343349347,13,118,0.06604077147480736,0.19942963844918843,True,False,False,1.3640652559902582e-06,COMPLETE
522,0.37644085288047796,2025-04-22 19:29:34.685406,2025-04-22 19:30:37.737839,0 days 00:01:03.052433,0.1546335867393837,0.41940401220741425,2,0.2685588096930795,0.061001809309865686,0.08877422398538125,0.06772796319767138,0.006672960152969022,0.06123392947910101,0.05209905962678211,14,7,0.06355370171362998,0.25416553800456165,False,False,False,3.6247444421944084e-07,COMPLETE
523,0.43950533866882324,2025-04-22 19:30:37.911077,2025-04-22 19:31:34.472298,0 days 00:00:56.561221,0.17226003528583458,0.39989982019220843,2,0.24330727887754316,0.05129135275302736,0.07561147389506365,0.04896215105905147,0.019648965506806507,0.051454988460633067,0.06198280507618691,12,122,0.0728613880246042,0.2228445286023674,False,False,False,5.65707923956568e-07,COMPLETE
524,0.4414672255516053,2025-04-22 19:31:34.633012,2025-04-22 19:31:55.361395,0 days 00:00:20.728383,0.25941646429673815,0.366659026361009,16,0.2498008023651374,0.020990799299372382,0.031878564956040516,0.06386483598327651,0.012095200184966775,0.06705000839309527,0.08412433131777665,14,109,0.05621468947475788,0.21166017136276546,False,False,False,7.479977212124229e-07,COMPLETE
525,0.44096763134002687,2025-04-22 19:31:55.533426,2025-04-22 19:33:02.679632,0 days 00:01:07.146206,0.20022718177218649,0.31752905917008317,2,0.25662556355262967,0.03828599769064765,0.0013198124017709048,0.08101302714094848,0.05464685518049411,0.05700225920997355,0.03669430714697041,15,115,0.06953930227559173,0.23327619692699267,False,False,False,6.630762771068946e-06,COMPLETE
526,0.4407010793685913,2025-04-22 19:33:02.842395,2025-04-22 19:34:03.138651,0 days 00:01:00.296256,0.05676256048587316,0.34284882009472295,2,0.239374298996954,0.07730260567289103,0.039133929626965054,0.053215636126460644,0.08809556359241728,0.06310474208928368,0.03020683943871689,13,125,0.06201894496261273,0.2684166173012162,False,False,False,4.32636108922907e-07,COMPLETE
527,0.4475820779800415,2025-04-22 19:34:03.300827,2025-04-22 19:35:03.341323,0 days 00:01:00.040496,0.12663070923318281,0.46358490784987144,2,0.27580222147414984,0.04781502020303896,0.08198875457975943,0.08342893986583481,0.05257228848149518,0.059355984268253524,0.04956827678289649,13,137,0.06027034537421654,0.21884733010866003,False,False,False,1.4792118185380742e-07,COMPLETE
528,0.38209699392318724,2025-04-22 19:35:03.514380,2025-04-22 19:35:23.762174,0 days 00:00:20.247794,0.11767572596924428,0.47875154315069157,16,0.1823627893172359,0.06655046318228369,0.08260555080033005,0.08360175805019568,0.05170861077663701,0.059368681082987276,0.04191240501581032,12,142,0.06499953787281589,0.22123199321666595,False,False,False,1.4763979766815184e-07,COMPLETE
529,0.4400408387184143,2025-04-22 19:35:23.925839,2025-04-22 19:36:24.468486,0 days 00:01:00.542647,0.13358448940895562,0.43666702268325625,2,0.27637284523540595,0.05697883036603707,0.08459426559946925,0.08294908545584205,0.07911624542119247,0.05518835889606583,0.06923009609280933,13,138,0.062456371044893,0.2074333996410229,False,False,False,1.067098974850657e-07,COMPLETE
530,0.3654828548431397,2025-04-22 19:36:24.642882,2025-04-22 19:37:24.552155,0 days 00:00:59.909273,0.10760252742575199,0.5000887084547314,2,0.28284291608589307,0.04903368325301121,0.081535588571254,0.08534011745152431,0.052554653024692616,0.05770305186931948,0.08715725060958801,13,136,0.06761902875562155,0.21734952078015418,False,False,False,1.88085677725949e-07,COMPLETE
531,0.3637048482894898,2025-04-22 19:37:24.715237,2025-04-22 19:37:43.428848,0 days 00:00:18.713611,0.13302630508873126,0.45529089860546085,16,0.27375821608559125,0.052196912530382486,0.08220480098221528,0.08038330784633298,0.04927035117119428,0.05964604805270473,0.09987821302388572,13,135,0.06030278613245199,0.225378837504666,False,False,True,1.4722888241699516e-07,COMPLETE
532,0.44206632375717164,2025-04-22 19:37:43.605012,2025-04-22 19:38:40.708653,0 days 00:00:57.103641,0.15332498218442508,0.45629113094649426,2,0.275845745782207,0.045155385765372466,0.08427795747745677,0.08644858319846849,0.08063168258007973,0.05604557936673732,0.04975567846109297,12,130,0.07138901506132879,0.21809600743948673,False,False,False,8.545986551197664e-08,COMPLETE
533,0.43578481674194336,2025-04-22 19:38:40.872128,2025-04-22 19:39:40.997367,0 days 00:01:00.125239,0.1127583890346649,0.48701505649617066,2,0.2697601939540812,0.060066987965976086,0.08062122288515398,0.07720243530644455,0.054632523987878864,0.060795794750017014,7.042422882055688e-05,13,140,0.06429600584247691,0.21199903052036678,False,False,False,1.1119991645753001e-07,COMPLETE
534,0.435268247127533,2025-04-22 19:39:41.161292,2025-04-22 19:40:33.853528,0 days 00:00:52.692236,0.08396401860875745,0.4682352940880045,2,0.28279312047355293,0.07069315523292706,0.033667568125469415,0.08135640733892281,0.008766861111779232,0.058523262264418834,0.003741429518542338,11,57,0.07455022765174894,0.20420509634534523,False,False,False,2.384594734636743e-07,COMPLETE
535,0.37217186689376835,2025-04-22 19:40:34.027797,2025-04-22 19:40:54.885539,0 days 00:00:20.857742,0.1455107019800337,0.2959429702944604,16,0.2491337981378654,0.04792156105788144,0.08741382397279426,0.08319990551003315,0.0043270025529068,0.052703292823915456,0.0607713670907748,13,145,0.07703369747925147,0.22911773581734443,False,False,False,2.055721220745726e-07,COMPLETE
536,0.433460807800293,2025-04-22 19:40:55.050672,2025-04-22 19:41:51.668824,0 days 00:00:56.618152,0.09864151528321358,0.463657796496854,2,0.2845308097685594,0.05471232877097348,0.07968940048031305,0.08743491194701812,0.09622836412529431,0.056890059670442146,0.07262043628091279,12,133,0.0814615298419699,0.22048239076675938,False,False,False,2.8930605562561406e-07,COMPLETE
537,0.33971415758132933,2025-04-22 19:41:51.845512,2025-04-22 19:42:47.173305,0 days 00:00:55.327793,0.9281382947750703,0.4331049859954831,2,0.26897467644898276,0.04251875719727901,0.03113852071289084,0.07883418947765436,0.08445282177761965,0.061539376632031274,0.04426269734023742,14,131,0.06630580213974867,0.21090434282897155,False,True,False,1.0758074267896212e-06,COMPLETE
538,0.37381792068481445,2025-04-22 19:42:47.339200,2025-04-22 19:43:47.833145,0 days 00:01:00.493945,0.12120633954642232,0.24534600935266576,2,0.27820090868596387,0.06128651284511327,0.08604214836143852,0.0888996074930449,0.07778970039519664,0.040275263336711276,0.058574667919209164,13,128,0.06229926128279516,0.22558254833399663,False,False,False,1.56863880303256e-07,COMPLETE
539,0.4339398145675659,2025-04-22 19:43:47.999116,2025-04-22 19:44:09.197798,0 days 00:00:21.198682,0.8570703549679983,0.28196242674589317,16,0.046597473878988147,0.04953244377103674,0.03628698642166315,0.09444727880612284,0.02489079681635987,0.05922263506962766,0.0331169303370049,14,136,0.06043974055493644,0.23552283175390687,False,False,False,6.351584284631349e-07,COMPLETE
540,0.3517499446868897,2025-04-22 19:44:09.373333,2025-04-22 19:45:11.296182,0 days 00:01:01.922849,0.16679490322297097,0.3101432069284591,2,0.23763719241737116,0.03371301822629552,0.0813689352859459,0.0764798924515495,0.08239569230108545,0.05434441794995816,0.07428189067844525,13,147,0.06885881354044376,0.21667142635493838,True,False,False,1.2331604888547443e-07,COMPLETE
541,0.4372514843940735,2025-04-22 19:45:11.461248,2025-04-22 19:46:08.152598,0 days 00:00:56.691350,0.07063786514390957,0.4492843911504082,2,0.24667028678725123,0.04377614706658421,0.0786303773208805,0.08507488635781264,0.05252063950149678,0.029707352410691286,0.05021888795539974,12,126,0.06398059051954699,0.23100068342871258,False,False,False,1.571018023375901e-06,COMPLETE
542,0.4390825152397156,2025-04-22 19:46:08.330093,2025-04-22 19:46:29.405270,0 days 00:00:21.075177,0.048220170656046044,0.3274808095711474,16,0.2544433100363569,0.12404491759902295,0.08381088643629088,0.057518945012757096,0.0857022897331136,0.062497096033747264,0.09945060831824426,14,131,0.06590262625351942,0.2786007005899717,False,False,False,8.704021813294105e-07,COMPLETE
543,0.42418336868286133,2025-04-22 19:46:29.573153,2025-04-22 19:47:03.675224,0 days 00:00:34.102071,0.1896627820051649,0.42903594827065517,2,0.05675745612644578,0.05339244863350289,0.03492136882912028,0.0689551886950713,0.09103233848595432,0.04868783328780029,0.0634862236317315,5,120,0.07273894352905916,0.24073731338094378,False,False,False,4.746721741830041e-07,COMPLETE
544,0.4647844195365906,2025-04-22 19:47:03.854921,2025-04-22 19:48:04.388290,0 days 00:01:00.533369,0.6961035337704005,0.4796102283438042,2,0.2724459692364517,0.06464084500999638,0.03026882708260822,0.07130586417041383,0.011123719774974838,0.05799408417940323,0.039405278743966723,13,124,0.07926491007151841,0.22270302665753594,False,False,False,3.5076786568061897e-07,COMPLETE
545,0.46555466651916505,2025-04-22 19:48:04.555754,2025-04-22 19:49:11.707844,0 days 00:01:07.152090,0.7185597909049106,0.2964210123350018,2,0.2672370801315765,0.0725099489348857,0.029963216565297553,0.07111962253719233,0.009861054106114125,0.056269444672456134,0.029560713459601037,15,122,0.08087911959036297,0.22616313095592475,False,False,False,3.610054187741586e-07,COMPLETE
546,0.4243133664131165,2025-04-22 19:49:11.875183,2025-04-22 19:50:18.759477,0 days 00:01:06.884294,0.7221583638277812,0.2756867640625862,2,0.2658416772756533,0.07818696507007204,0.031990704348759766,0.07132022552706795,0.014280190245338673,0.0535720876624297,0.02675478764733943,15,124,0.0812963319795537,0.23081776082560865,False,False,False,3.2237219241556236e-07,COMPLETE
547,0.42612434625625617,2025-04-22 19:50:18.939341,2025-04-22 19:50:40.872167,0 days 00:00:21.932826,0.6912010357794018,0.3042463488329623,16,0.26146523459113014,0.07416704992109908,0.02986644053259938,0.07056067377826448,0.011606171069839081,0.05558716601483046,0.02542398525118217,16,123,0.07972520194894045,0.2271647629377145,False,False,False,3.444577009575546e-07,COMPLETE
548,0.42913419008255005,2025-04-22 19:50:41.042414,2025-04-22 19:51:47.349059,0 days 00:01:06.306645,0.7489697143113861,0.28215525916125467,2,0.27030950141931703,0.06964001880185763,0.044089847023000533,0.07367428595641438,0.009894215377720901,0.025320971203321944,0.03055358443686529,15,125,0.08455701476396557,0.23609887334309623,False,False,False,2.386115907891276e-07,COMPLETE
549,0.44125511646270754,2025-04-22 19:51:47.529080,2025-04-22 19:52:54.703330,0 days 00:01:07.174250,0.6542053190378042,0.26633625485507906,2,0.26550560061329365,0.07916856379373226,0.03303049933845287,0.07272773897538957,0.012438587196076937,0.0570188099029837,0.035714271851131976,15,121,0.08078945367572954,0.22418551244013302,False,False,False,2.7416615070423816e-07,COMPLETE
550,0.29772969484329226,2025-04-22 19:52:54.873648,2025-04-22 19:53:14.806923,0 days 00:00:19.933275,0.6475841304463101,0.29010974553367064,16,0.2525865793524825,0.06817578725667689,0.030042794173900295,0.06851667481262042,0.01560634701386724,0.05192024368254189,0.0018728668415873642,16,127,0.0828031448607065,0.2433861428028225,False,False,True,3.3430069068477916e-07,COMPLETE
551,0.43962098360061647,2025-04-22 19:53:14.986787,2025-04-22 19:54:21.439328,0 days 00:01:06.452541,0.7232361720064207,0.25168572379859866,2,0.25869996852593785,0.0745169421951875,0.031228369718579056,0.07158729490026063,0.00831034286035854,0.054633406393124466,0.03877699244399876,15,123,0.0782455440676779,0.23514108218053226,False,False,False,4.770461821159328e-07,COMPLETE
552,0.445758581161499,2025-04-22 19:54:21.610143,2025-04-22 19:55:28.507954,0 days 00:01:06.897811,0.7859656553422587,0.31853484328195875,2,0.2664771026259731,0.06470770637993681,0.0332837995635776,0.07455376072248598,0.010384312386369124,0.05632654465062996,0.01856434026165499,15,120,0.08183208093851725,0.22864247007284264,False,False,False,3.9409464410640064e-07,COMPLETE
553,0.43489164113998413,2025-04-22 19:55:28.690041,2025-04-22 19:56:32.163510,0 days 00:01:03.473469,0.6884021252079727,0.29595922071434333,2,0.25853082386079446,0.08273928026136561,0.03065292293073829,0.07091773230350401,0.01288942777043819,0.05770456694017248,0.03974314702581382,14,127,0.08531193793463623,0.24078067604778966,False,False,False,2.6678005105959336e-07,COMPLETE
554,0.4422388553619385,2025-04-22 19:56:32.336278,2025-04-22 19:56:53.377444,0 days 00:00:21.041166,0.046370812973371076,0.3383706771794026,16,0.24517145955727404,0.06747002832664555,0.035315419305867325,0.06959826500683988,0.007228066718860336,0.054144776341444975,0.029123655273191856,14,122,0.07851582004468141,0.260822842894451,False,False,False,3.621557823957682e-07,COMPLETE
555,0.42429485321044924,2025-04-22 19:56:53.548198,2025-04-22 19:58:00.102205,0 days 00:01:06.554007,0.7408650741592656,0.35538343723240434,2,0.2717822583899544,0.06438254425643249,0.02914172883865571,0.07329188252570952,0.010740689813811422,0.03751591843094407,0.021734884450211902,15,119,0.07892278375107875,0.24684112138616748,False,False,False,4.4638639895796575e-07,COMPLETE
556,0.43484798669815067,2025-04-22 19:58:00.283368,2025-04-22 19:59:03.616566,0 days 00:01:03.333198,0.669957469921341,0.32701163529349025,2,0.25269586706176844,0.21633308050979919,0.03834452943463113,0.06704167245317301,0.008731709477382006,0.07039400900031072,0.030144581087852444,14,124,0.0804130693175107,0.2231810645475659,False,False,False,1.7910440516356875e-06,COMPLETE
557,0.3277179837226868,2025-04-22 19:59:03.787828,2025-04-22 19:59:22.364157,0 days 00:00:18.576329,0.6782652813838521,0.3076977674977977,16,0.26028666889038243,0.06307684494765269,0.03208101856508971,0.07517935239259192,0.006097801650459148,0.05792760657434603,0.03625987647574226,14,118,0.07591322976062134,0.23285993428275154,False,True,False,2.894268625631882e-07,COMPLETE
558,0.4657036900520325,2025-04-22 19:59:22.547742,2025-04-22 20:00:29.690274,0 days 00:01:07.142532,0.6091749547231428,0.36861716815399587,2,0.26495164575276753,0.07254388785862796,0.03424494981312838,0.06910596058504125,0.014753909117826473,0.056089333347146796,0.04145871008058304,15,127,0.07690074408821551,0.2551581781717658,False,False,False,3.9233151499077127e-07,COMPLETE
559,0.42670985460281374,2025-04-22 20:00:29.860892,2025-04-22 20:01:40.799166,0 days 00:01:10.938274,0.770053509268249,0.3763152757763856,2,0.23117758899505855,0.07654873468017219,0.02984842261972713,0.06627114828486932,0.015386151473988655,0.07293814743103358,0.024370445932473245,16,126,0.07809058095310793,0.2624932314854296,False,False,False,3.805874883828769e-07,COMPLETE
560,0.4211278915405274,2025-04-22 20:01:40.983636,2025-04-22 20:02:53.149604,0 days 00:01:12.165968,0.7036384309089537,0.5110216697796501,2,0.2655504507604334,0.07194686491284248,0.03271204574033168,0.06861679572482943,0.0143167737453884,0.060378680189946604,0.031699154808272706,16,129,0.07736066783662451,0.25780218978674946,True,False,False,2.5983769076979817e-07,COMPLETE
561,0.4420451998710633,2025-04-22 20:02:53.322905,2025-04-22 20:04:00.003707,0 days 00:01:06.680802,0.5954207300480816,0.3793481966582708,2,0.16700473691095344,0.08032877986469075,0.033961807936467706,0.07044287960897336,0.012174899905259504,0.052122430738670726,0.03582717198993862,15,128,0.07600222902858778,0.26754129680553096,False,False,False,4.1260419819859324e-07,COMPLETE
562,0.42594178915023806,2025-04-22 20:04:00.176488,2025-04-22 20:04:21.578972,0 days 00:00:21.402484,0.7367055658653859,0.35646558485725366,16,0.25663345828627504,0.06881892860886674,0.027868406002892344,0.06474150247397932,0.01072481835025039,0.05504146490629911,0.04198800944269478,15,125,0.07999304352741958,0.2558695921231512,False,False,False,3.171443412029628e-07,COMPLETE
563,0.43997805118560795,2025-04-22 20:04:21.762406,2025-04-22 20:05:28.295507,0 days 00:01:06.533101,0.6182123207906592,0.22379551462929353,2,0.2452065486085015,0.08218734121188619,0.03098432131944285,0.06830771427616908,0.018166753249380784,0.050199436692513894,0.043293676097539535,15,128,0.07732675947357875,0.22068333949244798,False,False,False,5.014806965842993e-07,COMPLETE
564,0.43337104320526126,2025-04-22 20:05:28.470104,2025-04-22 20:06:26.458343,0 days 00:00:57.988239,0.5695453246207082,0.2523340141321702,2,0.25033762626418876,0.07207689259967884,0.03776396778335141,0.06992785585473701,0.014194701396519495,0.05853018046180757,0.032238739703383666,12,123,0.08276152470871788,0.27091519143823384,False,False,False,2.0132162289581774e-07,COMPLETE
565,0.41064401865005495,2025-04-22 20:06:26.643189,2025-04-22 20:06:48.688645,0 days 00:00:22.045456,0.6298355576414273,0.3346285041750159,16,0.2611733519879331,0.07656756970610795,0.02855727166482869,0.06649276668202318,0.012868448196189364,0.06349284720618427,0.04573491007251963,16,130,0.08353565881635706,0.25229381554420943,False,False,False,3.683835724034973e-07,COMPLETE
