number,value,datetime_start,datetime_complete,duration,params_alpha-eval,params_alpha-train,params_batch-size,params_eps-eval,params_eps-train,params_lambda-actions-eval,params_lambda-actions-train,params_lambda-frames-eval,params_lambda-frames-train,params_learning-rate,params_n-epochs,params_n-frames,params_radius-gw,params_rho,params_std-feats,params_ub-actions,params_ub-frames,params_weight-decay,state
1423,0.2804898262023926,2025-04-03 04:21:27.785837,2025-04-03 04:22:51.267927,0 days 00:01:23.482090,0.7918735171973326,0.2689376476339644,2,0.17582517459319646,0.1005866076778147,0.009565933703448291,0.07684476846979985,0.01123563133831162,0.025311033278115083,0.06435724408580998,25,64,0.01576570498329241,0.12897705759954492,True,True,False,0.0002565999304280025,COMPLETE
1424,0.41644934415817264,2025-04-03 04:22:51.725477,2025-04-03 04:24:24.394549,0 days 00:01:32.669072,0.13439945786434682,0.292279337997145,2,0.1662683952865847,0.2240944645167299,0.0075500776363427455,0.07283661041214895,0.00900477422738809,0.03041788446602382,0.0011490519002584606,23,102,0.020294951692255356,0.13590480878369277,True,False,False,0.00046045645145375923,COMPLETE
1425,0.437054991722107,2025-04-03 04:24:24.850236,2025-04-03 04:26:10.503448,0 days 00:01:45.653212,0.4672707848278,0.231390461340542,2,0.15621168035847824,0.09794373365393601,0.010785687625183926,0.04447154835445421,0.07587782965147419,0.03412089195797438,0.04285447925165323,27,85,0.013324082828783976,0.15269996400291608,True,False,False,0.0005898899309136087,COMPLETE
1426,0.45023319721221927,2025-04-03 04:26:10.997889,2025-04-03 04:27:47.413915,0 days 00:01:36.416026,0.6923750925313097,0.2523440878251859,2,0.2564471617945029,0.09069618601149029,0.003586168007421252,0.05803088669579677,0.0011474778618842107,0.013076875322962912,0.07334638719847407,25,60,0.017455961926734223,0.27682291097548406,True,False,False,0.0003210203906352909,COMPLETE
1427,0.4411802768707276,2025-04-03 04:27:47.877463,2025-04-03 04:29:30.894832,0 days 00:01:43.017369,0.9835336156800444,0.33891438377886435,2,0.19861280542383908,0.11501562432460176,0.0011597506425196978,0.0725482011384271,0.005159570984452362,0.022835747440466212,0.05686341476847326,26,98,0.02333914948761913,0.12116875176949211,True,False,False,0.000432228422140707,COMPLETE
1428,0.4211122870445252,2025-04-03 04:29:31.360585,2025-04-03 04:31:12.976573,0 days 00:01:41.615988,0.7205442209030316,0.2026613836109208,2,0.27759770277386553,0.10698627544402886,0.007264510229984024,0.03790209374191513,0.007000888778620345,0.027906196401112155,0.03359773764237332,26,94,0.009710104169100526,0.14441290349089744,False,False,False,0.0005719590030365411,COMPLETE
1429,0.4433403849601746,2025-04-03 04:31:13.436869,2025-04-03 04:32:49.664266,0 days 00:01:36.227397,0.8130215548956959,0.27242647578011286,2,0.2628752152605844,0.10299954022799948,0.012901283056935404,0.057126714525769944,0.011587015705513806,0.020860185397916658,0.04746693921201948,24,89,0.014595004305436646,0.1391390398279518,True,False,False,0.00037102552674883463,COMPLETE
1430,0.4324384093284607,2025-04-03 04:32:50.121320,2025-04-03 04:34:28.213945,0 days 00:01:38.092625,0.7562165712210819,0.3225849712212943,2,0.2830540082348275,0.1204323641681455,0.027320038822298106,0.054296083688598194,0.0010020942600153654,0.018030953432585817,0.07914471309165143,25,84,0.026223727492496053,0.13002578857752756,True,False,False,0.00022216018629081874,COMPLETE
1431,0.4395090818405152,2025-04-03 04:34:28.693090,2025-04-03 04:36:14.990593,0 days 00:01:46.297503,0.783814617339359,0.2996497473919696,2,0.24920318951276302,0.07958392255848681,0.052417973913834376,0.07702188644181272,0.00946538902151143,0.03099658385452559,0.06005961920461199,27,91,0.019497673097925636,0.12257254873129404,True,False,False,0.0006016964828175796,COMPLETE
1432,0.4346953511238098,2025-04-03 04:36:15.453054,2025-04-03 04:38:04.095945,0 days 00:01:48.642891,0.8036002495015659,0.22025308549456118,2,0.2665625231888525,0.09425180527400319,0.009459641526965913,0.07971560689947173,0.003237931697301899,0.015570558810324677,0.021793857661658398,28,86,0.016659940798302644,0.11530367356381208,True,False,False,0.00048459385873739414,COMPLETE
1433,0.38985414505004884,2025-04-03 04:38:04.559922,2025-04-03 04:39:41.429586,0 days 00:01:36.869664,0.049679044500245406,0.2510259406969006,2,0.25366160225684525,0.07345038873156658,0.005324365832869871,0.03425075836898993,0.006304685014836941,0.026409661795554314,0.04038995556890461,25,63,0.021396606396944337,0.14955736972586153,True,False,False,1.5636793123531736e-06,COMPLETE
1434,0.4284116864204407,2025-04-03 04:39:41.888170,2025-04-03 04:41:25.787140,0 days 00:01:43.898970,0.8136119334734349,0.2864177805534842,2,0.20320523622996445,0.14638219857245693,0.01096580810590562,0.04066953588776793,0.09955256713725508,0.02364475668404499,1.3036436947785734e-05,26,95,0.006813418703521332,0.13805576749310589,True,False,False,0.0003083272171953959,COMPLETE
1435,0.310337108373642,2025-04-03 04:41:26.248954,2025-04-03 04:42:50.818734,0 days 00:01:24.569780,0.7650305308162942,0.305946716531767,2,0.24821747144692802,0.11105759554925163,0.0066827109918018955,0.07129790973010224,0.008432834417405919,0.02880712411407426,0.05292007678260199,25,67,0.018130150370661773,0.12943795176733983,True,False,True,0.0005727053265762595,COMPLETE
1436,0.438904881477356,2025-04-03 04:42:51.294712,2025-04-03 04:44:28.368434,0 days 00:01:37.073722,0.7861009895208028,0.1361451474235541,2,0.27188633630394843,0.08871200328387914,0.08984780946728693,0.07528681121133464,0.012066780337981612,0.020858936883049333,0.07370638223009715,24,88,0.01165522457047921,0.14439652818794257,True,False,False,0.0004089189246831643,COMPLETE
1437,0.4484841823577881,2025-04-03 04:44:28.830344,2025-04-03 04:46:12.222604,0 days 00:01:43.392260,0.9347565599845518,0.2617019450209732,2,0.2594559568830825,0.2118573775931091,0.008907740584097336,0.05918470830686907,0.0042280949488860044,0.031449876725001706,0.03671317019858104,26,92,0.014351148423423624,0.13487782112211683,True,False,False,0.0006413831371092292,COMPLETE
1438,0.4234845280647278,2025-04-03 04:46:12.685517,2025-04-03 04:46:39.572565,0 days 00:00:26.887048,0.7283014643156195,0.34389374823241714,16,0.2656492921761397,0.23113461820207393,0.004142285477219076,0.06023611063679036,0.010174338672841877,0.026065173118303597,0.06438099229260887,27,58,0.015847186042442687,0.12521024954561547,True,False,False,0.0004691496738281627,COMPLETE
1439,0.44537546634674074,2025-04-03 04:46:40.035891,2025-04-03 04:48:20.142370,0 days 00:01:40.106479,0.8114874641354837,0.32324182642773147,2,0.21332115288124015,0.10012941909591952,0.012274893406164163,0.07357912606931513,0.007524922497071899,0.02946826886707976,0.025999300542575196,25,126,0.02277049295894243,0.14253629587644806,True,False,False,0.00027322953432224796,COMPLETE
1440,0.4308836460113526,2025-04-03 04:48:20.628809,2025-04-03 04:50:01.284331,0 days 00:01:40.655522,0.7461501465660799,0.23830403891897026,2,0.24633203476375815,0.12852251072391568,0.002836315234207052,0.053279018610932274,0.028117657918298584,0.016941682227398315,0.08517790066586982,26,65,0.020507526503901082,0.1331404129151742,True,False,False,8.667167477752138e-07,COMPLETE
1441,0.43723520040512087,2025-04-03 04:50:01.751291,2025-04-03 04:51:22.203308,0 days 00:01:20.452017,0.7736369080044776,0.27683455336012414,2,0.2534318791492667,0.10640105458276343,0.00615211315307464,0.07091855148396325,0.012703008638721229,0.03632351308535648,0.0474593911798769,19,85,0.018099588860491664,0.15413524436786188,True,False,False,0.0006175322008659178,COMPLETE
1442,0.44325969219207767,2025-04-03 04:51:22.666771,2025-04-03 04:53:02.143512,0 days 00:01:39.476741,0.7939853351460859,0.21494530192704409,2,0.2601458953995319,0.08350184394866748,0.00815835886299425,0.05757104955437787,0.025349387700855538,0.024217398264596922,0.05739956376052937,25,89,0.01305261708966744,0.11698555970250937,True,False,False,0.00035997301874137735,COMPLETE
1443,0.2804898262023926,2025-04-03 04:53:02.610187,2025-04-03 04:54:32.045845,0 days 00:01:29.435658,0.8198980046018775,0.9636013913651618,2,0.0996131266810237,0.09553121405548211,0.09726190255746617,0.02472210728735834,0.004020688301197875,0.03391683106769791,0.040928627408383,26,91,0.028713305045981945,0.12639204609334206,True,True,False,0.00047734249846531775,COMPLETE
1444,0.43854998350143437,2025-04-03 04:54:32.507532,2025-04-03 04:56:18.345580,0 days 00:01:45.838048,0.8002994115765528,0.1661382427325199,2,0.24675749837246544,0.11953825255242012,0.013029034181464814,0.036984874904671915,0.006123965499617354,0.022110841638293223,0.07020633339589172,27,94,0.01545850689148502,0.1390322339679715,True,False,False,0.0006799231253908311,COMPLETE
1445,0.44533900022506717,2025-04-03 04:56:18.829072,2025-04-03 04:57:59.113707,0 days 00:01:40.284635,0.8153604403904204,0.18833849449401696,2,0.2731216801129906,0.1111486314457499,0.010539607713824894,0.04311303107319596,0.00966242317672251,0.01920107297840532,0.03165130045658777,25,98,0.019405810713573092,0.149221958095684,True,False,False,0.0002275002081472852,COMPLETE
1446,0.4412984251976014,2025-04-03 04:57:59.581401,2025-04-03 04:59:35.628923,0 days 00:01:36.047522,0.7625399239562234,0.2962459022025452,2,0.25424080218576217,0.10131357655377589,0.005405005044091724,0.06073281497234949,0.002524124480881563,0.027662302331736884,0.05149663151509856,24,84,0.02467515070681866,0.13000025501871343,True,False,False,0.00033668481072921967,COMPLETE
1447,0.3831802427768708,2025-04-03 04:59:36.097962,2025-04-03 05:01:16.576681,0 days 00:01:40.478719,0.3975796627638568,0.2526731644349597,2,0.27866291265578097,0.08887740597981332,0.028504445938466353,0.08207508662935455,0.008112942958502012,0.025306053365495212,0.08202919747175491,26,66,0.01707809323570079,0.12193446028349036,False,False,False,0.0004889259909155007,COMPLETE
1448,0.42372299432754523,2025-04-03 05:01:17.042138,2025-04-03 05:02:54.981479,0 days 00:01:37.939341,0.9514452553360747,0.27442387391897255,2,0.28553816703221785,0.22023752254747478,0.009389226336534518,0.05652359915994802,0.01213580794990034,0.014410749763112967,0.06376395652006166,25,61,0.014055384039990376,0.13874559896944053,True,False,False,0.0006464373126490777,COMPLETE
1449,0.4238007187843323,2025-04-03 05:02:55.468618,2025-04-03 05:04:32.277673,0 days 00:01:36.809055,0.7802174361108507,0.3223044594889798,2,0.11779093220385,0.1172488393948603,0.0030370457630778413,0.06649150579932349,0.004956352422991342,0.032518110240809306,0.04463025896648101,24,87,0.010553557999648012,0.11279152611092066,True,False,False,0.00041302399234154926,COMPLETE
1450,0.40823174715042115,2025-04-03 05:04:32.746661,2025-04-03 05:06:15.827905,0 days 00:01:43.081244,0.918833078395352,0.22929402037729965,2,0.14246873452339964,0.19271568308032003,0.007308256132791997,0.06933603855227166,0.01023803173737047,0.02968176242146944,0.05913659987619155,26,96,0.02113018752095517,0.13293540535701906,True,False,False,1.1275954731686239e-08,COMPLETE
1451,0.43059146404266363,2025-04-03 05:06:16.294896,2025-04-03 05:08:01.097443,0 days 00:01:44.802547,0.8191345638598806,0.30054906798322883,2,0.26859487337645754,0.10554767616591275,0.0010453191317265581,0.04615202863335324,0.006310551790147768,0.022366321939826427,0.036004486415626126,27,84,0.01888089121573701,0.14557660027737954,True,False,False,0.0006971102547703642,COMPLETE
1452,0.44451332092285156,2025-04-03 05:08:01.561894,2025-04-03 05:09:41.205844,0 days 00:01:39.643950,0.7442416811172257,0.26591258684348507,2,0.2482829520496589,0.09490733416815136,0.011540335619775582,0.07446681509187439,0.07051365767065512,0.0181530441996494,0.0748300092374143,25,83,0.016378098651362943,0.1562400082874545,True,False,False,0.0005355084299268723,COMPLETE
1453,0.4279787302017212,2025-04-03 05:09:41.694252,2025-04-03 05:11:24.871601,0 days 00:01:43.177349,0.7902546118360396,0.20144704019387316,2,0.06328687146219585,0.123728140147866,0.004611408972966045,0.059200487337497845,0.008152119948973975,0.0202257187903254,0.04935978951960012,26,102,0.058902853853388365,0.1274924388841099,True,False,False,0.0003491351466546006,COMPLETE
1454,0.3118812084197998,2025-04-03 05:11:25.341459,2025-04-03 05:12:58.820018,0 days 00:01:33.478559,0.8278326978537293,0.28646466544952276,2,0.25914624529138736,0.1315144673960837,0.013415274984053389,0.07788675184785405,0.012292087803334038,0.026411292564139502,0.08736639521460139,28,69,0.012188336915608812,0.13880142428156786,True,False,True,0.0007949181535386331,COMPLETE
1455,0.42681698799133305,2025-04-03 05:12:59.309408,2025-04-03 05:14:44.030410,0 days 00:01:44.721002,0.7045315718426618,0.33809345390993345,2,0.2448699457859346,0.11149136338258006,0.008463700922741022,0.031460955047411525,0.003042988022943553,0.028009663582833088,0.09966340608734496,26,115,0.008652871157748543,0.12001142712737338,True,False,False,1.2124037355502538e-07,COMPLETE
1456,0.4392196416854859,2025-04-03 05:14:44.499634,2025-04-03 05:16:29.709835,0 days 00:01:45.210201,0.8011363518598944,0.6294639451432503,2,0.2171284845261258,0.14052859250308347,0.010824098808693401,0.0717701782267014,0.010181267250007647,0.02434163010324671,0.027863233585680117,27,88,0.014742789129580889,0.1334368484971318,True,False,False,0.00027865426457694367,COMPLETE
1457,0.4420207738876343,2025-04-03 05:16:30.200951,2025-04-03 05:18:09.277349,0 days 00:01:39.076398,0.6777696111618384,0.24221986728036154,2,0.2543125403637207,0.09723515144869463,0.006520672936923514,0.060817005682640445,0.005608895304714631,0.016459387622980635,0.05911242809732371,25,92,0.022867681454521088,0.14512231525398328,True,False,False,0.0005847358257031181,COMPLETE
1458,0.43544404506683354,2025-04-03 05:18:09.750122,2025-04-03 05:19:44.565616,0 days 00:01:34.815494,0.7701792730860337,0.3143937503749234,2,0.26419420602830085,0.2286862032900041,0.026457393854013717,0.06661712259139242,0.008170510871569303,0.03132939707782122,0.04053745650748947,24,67,0.07768383566467857,0.12557282580226214,True,False,False,0.00014039133588460213,COMPLETE
1459,0.44033249616622927,2025-04-03 05:19:45.032606,2025-04-03 05:20:12.948352,0 days 00:00:27.915746,0.8292786106305124,0.25908852338894844,16,0.25071360828332984,0.10392493912205371,0.004111799424853175,0.05566911898129409,0.004814350366420462,0.020956840369131945,0.07142926753856992,26,82,0.01902561570245239,0.14095850634981458,True,False,False,0.00044561138063172026,COMPLETE
1460,0.2804898262023926,2025-04-03 05:20:13.417683,2025-04-03 05:21:39.219713,0 days 00:01:25.802030,0.7533027635459892,0.5159323084122228,2,0.24306086419050285,0.08455999209147284,0.009273020370643365,0.0701056601221467,0.010973462956469525,0.029640046820353923,0.05045576216028738,25,95,0.017181207024624848,0.1348318572713827,True,True,False,0.0001873235008348896,COMPLETE
1461,0.44514149427413946,2025-04-03 05:21:39.689977,2025-04-03 05:23:17.450955,0 days 00:01:37.760978,0.9106900921251299,0.22391966595757834,2,0.26924811556690337,0.0920607505483208,0.06499361097466783,0.0405415341547381,0.013197939073801714,0.011380383652914876,0.06369045629099979,25,56,0.02083987688556294,0.14957004892749043,True,False,False,1.5814236686950354e-05,COMPLETE
1462,0.43791364431381224,2025-04-03 05:23:17.941187,2025-04-03 05:25:00.122711,0 days 00:01:42.181524,0.786801772967409,0.2925291376327686,2,0.2603657881848298,0.11425291087843348,0.013047200056968893,0.06201462230734353,0.006644145188791836,0.018199310835388987,0.03270876134921331,26,86,0.013260357253676348,0.1291387861609285,True,False,False,0.0007011274323155502,COMPLETE
1463,0.423123049736023,2025-04-03 05:25:00.592123,2025-04-03 05:26:34.989667,0 days 00:01:34.397544,0.8155794571404562,0.34920057331717086,2,0.27677102288938954,0.1009101883954576,0.006370525656531609,0.058767537667468096,0.0028760298268552236,0.023001799528727072,0.0443247237413422,24,52,0.016963073546127846,0.10925270208056849,True,False,False,0.0005126442173085153,COMPLETE
1464,0.43497056961059577,2025-04-03 05:26:35.456158,2025-04-03 05:28:21.303661,0 days 00:01:45.847503,0.8328986611302563,0.27410894920152756,2,0.24378198928797437,0.10833300722402783,0.011169058080475712,0.021460803409841404,0.008660305769562162,0.02756483844470305,0.05535783713328466,27,90,0.015354715482475738,0.11761173215595659,True,False,False,0.0009918837323782482,COMPLETE
1465,0.4344452142715455,2025-04-03 05:28:21.772614,2025-04-03 05:30:13.693421,0 days 00:01:51.920807,0.7234163594316548,0.24829329636894976,2,0.134119595310357,0.1155580050174211,0.008147209542596677,0.06479990321239278,0.02384173197083384,0.03388050694675953,0.09997314203259346,29,70,0.024882287537380986,0.14023183030164615,True,False,False,0.00039159739146963534,COMPLETE
1466,0.4388624787330628,2025-04-03 05:30:14.182184,2025-04-03 05:31:58.928276,0 days 00:01:44.746092,0.799301666306465,0.31220048908823517,2,0.21189973487541136,0.07608155303774596,0.004268087143719981,0.0682002052798517,0.010267946147092836,0.025418085671395974,0.07525697456506374,27,64,0.01952506019019156,0.2442517515502466,True,False,False,0.00031338319102368665,COMPLETE
1467,0.3807842552661896,2025-04-03 05:31:59.403850,2025-04-03 05:33:36.685711,0 days 00:01:37.281861,0.8908421944920216,0.2086605980458702,2,0.256989773621307,0.08822055087940224,0.009917321139583542,0.07264597413269971,0.006965571630980722,0.03198874086459847,0.038007266831052794,25,99,0.022952256990999287,0.13259326113719208,False,False,False,0.0008099370880304222,COMPLETE
1468,0.4159936666488648,2025-04-03 05:33:37.156022,2025-04-03 05:35:10.485691,0 days 00:01:33.329669,0.5516088144383074,0.17816130992921092,2,0.19571221732834537,0.12503476650563544,0.0060752569365210745,0.0634030367521389,0.001044432745205144,0.029518093027200987,0.06602425271633411,23,87,0.011754001107927969,0.1613541728404378,True,False,False,0.0006048888551395829,COMPLETE
1469,0.44022393226623535,2025-04-03 05:35:10.954417,2025-04-03 05:36:56.006709,0 days 00:01:45.052292,0.8377764878010413,0.3294061047255198,2,0.24902053677932687,0.2056339274087551,0.0024981952208163564,0.07539026616600847,0.012480058943199791,0.020434906775412,0.04944235397036781,26,147,0.018348944759019888,0.12183179890823993,True,False,False,0.00024114240947221437,COMPLETE
1470,0.4435514211654663,2025-04-03 05:36:56.502989,2025-04-03 05:38:36.293514,0 days 00:01:39.790525,0.7755010972102603,0.7505585067114884,2,0.2649020897726804,0.21447475640914943,0.013915909408665328,0.061430534414686454,0.0043336059052166845,0.015600462226688427,0.08270760196146554,25,82,0.014807180842971921,0.14632622114992122,True,False,False,0.000460660790597471,COMPLETE
1471,0.4486245632171631,2025-04-03 05:38:36.774127,2025-04-03 05:40:18.150940,0 days 00:01:41.376813,0.812972571233669,0.28805251176551083,2,0.22098374914176727,0.09692662065466887,0.008084507934037541,0.042167896629787614,0.01393044005151384,0.023175737064933893,0.04333170511969669,26,61,0.020897168242193443,0.13630415154472833,True,False,False,0.0006806266502531988,COMPLETE
1472,0.42243313789367676,2025-04-03 05:40:18.627509,2025-04-03 05:41:52.971061,0 days 00:01:34.343552,0.9315166105337861,0.24291104311979034,2,0.241245751609659,0.10426611571531541,0.012080143061101181,0.06601997815179482,0.008679532513470206,0.027782885660781156,0.05695764233884497,24,43,0.017083312841864217,0.12788984040126636,True,False,False,0.000402981346875976,COMPLETE
1473,0.31814255118370055,2025-04-03 05:41:53.444898,2025-04-03 05:43:19.865658,0 days 00:01:26.420760,0.8463736100625947,0.2706242754849208,2,0.10663942046854503,0.08388467156112629,0.005367374497459768,0.05855557781654498,0.006296267117471166,0.026073660213984988,0.03352115202553503,25,92,0.013503998521450839,0.10444575856310526,True,False,True,0.0008405796115245603,COMPLETE
1474,0.4495456218719483,2025-04-03 05:43:20.356916,2025-04-03 05:45:02.702732,0 days 00:01:42.345816,0.7357888566609163,0.30195245584242375,2,0.2516916936812146,0.22323122672560108,0.027545922093460264,0.06831196643479928,0.008977028993045998,0.03508594935635894,0.06818810921733627,26,69,0.018473356591051204,0.15330968238459047,True,False,False,0.0005671436336521875,COMPLETE
1475,0.4263950347900391,2025-04-03 05:45:03.175164,2025-04-03 05:46:49.300709,0 days 00:01:46.125545,0.7564951968224556,0.26099602808044947,2,0.2923276753399185,0.10988725638785445,0.0028030996772544624,0.03510024958529472,0.010949739070061783,0.018590700484901652,0.007224177009072824,27,81,0.015733359377160437,0.1419187716109762,True,False,False,0.00029917680575013405,COMPLETE
1476,0.4245007395744324,2025-04-03 05:46:49.773557,2025-04-03 05:48:32.417163,0 days 00:01:42.643606,0.5254759551544677,0.2286368813511869,2,0.1871912279627036,0.09133911064434246,0.009729645765173064,0.07386236512833493,0.004348282664240841,0.030950256933019085,0.02645356568323754,26,89,0.010637661935688644,0.1236755278084721,True,False,False,0.0008039609348645545,COMPLETE
1477,0.4350870490074158,2025-04-03 05:48:32.912889,2025-04-03 05:49:59.594476,0 days 00:01:26.681587,0.9045183371724316,0.3113302583848846,2,0.2721456759999999,0.12129930069924934,0.0074771496997402525,0.07118410561595777,0.0067179175142102095,0.021883722603719513,0.052203331800840316,21,95,0.02624681542221194,0.13165901135377775,True,False,False,0.0004882187004217542,COMPLETE
1478,0.4365010261535645,2025-04-03 05:50:00.075044,2025-04-03 05:51:38.184909,0 days 00:01:38.109865,0.8781702417427669,0.11766344470151821,2,0.24458413708009855,0.0998975244980577,0.014705491007826161,0.06489160561570194,0.0029563607985096845,0.013075332494726182,0.07803522859172274,25,66,0.021854738627623545,0.2531894004614755,True,False,False,0.0006123345893840122,COMPLETE
1479,0.2804898262023926,2025-04-03 05:51:38.663722,2025-04-03 05:52:02.691379,0 days 00:00:24.027657,0.7875783319399705,0.6005064334096009,16,0.2584113965645862,0.11618569135173691,0.011392082649311441,0.06208373264987553,0.030074715497272947,0.023472536439795282,0.041635714908335196,24,85,0.012950656612599542,0.11636513790446852,True,True,False,0.0003668301074537408,COMPLETE
