number,value,datetime_start,datetime_complete,duration,params_alpha-eval,params_alpha-train,params_batch-size,params_eps-eval,params_eps-train,params_lambda-actions-eval,params_lambda-actions-train,params_lambda-frames-eval,params_lambda-frames-train,params_learning-rate,params_n-epochs,params_n-frames,params_radius-gw,params_rho,params_std-feats,params_ub-actions,params_ub-frames,params_weight-decay,state
1537,0.4338214755058289,2025-04-03 07:19:48.920402,2025-04-03 07:21:22.090826,0 days 00:01:33.170424,0.8907239121259594,0.06152958541801662,2,0.21675167441967153,0.07126429547722601,0.004592125742571659,0.06698214988564852,0.009382972620375856,0.010042140667968557,0.05362110755172563,23,95,0.015397415093862096,0.15636290044828438,True,False,False,0.0006418985915569983,COMPLETE
1538,0.4481314301490784,2025-04-03 07:21:22.592778,2025-04-03 07:23:05.370511,0 days 00:01:42.777733,0.8617375566703681,0.29645960989968756,2,0.1821707022487573,0.08757079074045167,0.003019629437815886,0.05836510959099232,0.016103239344483114,0.006900264565567855,0.034538657706214025,26,92,0.016846229418208708,0.15128318673957003,True,False,False,0.0008247087487720611,COMPLETE
1539,0.4387436985969544,2025-04-03 07:23:05.868866,2025-04-03 07:24:52.487215,0 days 00:01:46.618349,0.9081674839638689,0.32265831297252856,2,0.23989525557897146,0.09258439526563486,0.009943794298026045,0.0342603029625992,0.007089930940156178,0.03954234528435288,0.045609406761473445,27,90,0.011766106433027,0.1512930653866635,True,False,False,0.000604019979320211,COMPLETE
1540,0.4414967775344849,2025-04-03 07:24:52.993044,2025-04-03 07:26:32.868522,0 days 00:01:39.875478,0.877758684787266,0.29349810587988445,2,0.2327877779572825,0.0949014967960807,0.0061018907119302435,0.07028407483313344,0.012633687202931752,0.006643371981566557,0.06291050651583811,25,100,0.021637458440109385,0.16494190296491204,True,False,False,0.00099439186139995,COMPLETE
1541,0.4244709849357605,2025-04-03 07:26:33.380871,2025-04-03 07:28:08.032268,0 days 00:01:34.651397,0.9285814584845548,0.33910779168242033,2,0.22625117502565764,0.07665076943567965,0.01654660770262329,0.06120840495525957,0.009945718719939442,0.02826118880384622,0.07799529809376589,24,87,0.008269389935205238,0.14568778955742615,False,False,False,0.0006539137098522727,COMPLETE
1542,0.44539767503738403,2025-04-03 07:28:08.528288,2025-04-03 07:29:50.783812,0 days 00:01:42.255524,0.9502813182490861,0.36889102680149,2,0.24459601862946115,0.0829342417989466,0.01238810892753427,0.05963806256207393,0.013001574488041501,0.0014090587216929462,0.05482966689073472,26,94,0.014127966991418115,0.15734227170430382,True,False,False,0.0008099395476782483,COMPLETE
1543,0.44769740104675293,2025-04-03 07:29:51.283272,2025-04-03 07:31:30.433818,0 days 00:01:39.150546,0.8619686985734832,0.30990172633386215,2,0.24958138431952182,0.09249013862619482,0.008379551310212079,0.06858432469350849,0.006170983442126541,0.03051805425249401,0.039569408022483175,25,89,0.01936676820662618,0.14477376394186497,True,False,False,0.0005349889320178861,COMPLETE
1544,0.4242272973060608,2025-04-03 07:31:30.954283,2025-04-03 07:33:17.787075,0 days 00:01:46.832792,0.8912895341597842,0.2891690773549843,2,0.2375994653154259,0.09824229202479903,0.023391914962946764,0.06344599835534213,0.008600056894924308,0.005095146395925494,0.06842163758963195,27,96,0.017808838611748857,0.14156458116742396,True,False,False,0.0006726405591067226,COMPLETE
1545,0.4400474429130555,2025-04-03 07:33:18.289342,2025-04-03 07:33:46.790317,0 days 00:00:28.500975,0.8541124752129811,0.32627643425879166,16,0.2268604868873493,0.09119066770596726,0.010865595868052408,0.056200298110583934,0.011358094572938827,0.00462565979040538,0.027532733264886998,26,87,0.023752958090910745,0.15103484057992148,True,False,False,0.0008308854362865255,COMPLETE
1546,0.4401852011680603,2025-04-03 07:33:47.287189,2025-04-03 07:34:23.787490,0 days 00:00:36.500301,0.5724319183527923,0.30377093351903844,8,0.2523217023339644,0.0818170586510537,0.014136736189707629,0.04742827710684844,0.023593699273542514,0.03295448420652419,0.08519795179281829,25,89,0.015006778587798565,0.14059311162926333,True,False,False,0.0005161190179750524,COMPLETE
1547,0.4429045557975769,2025-04-03 07:34:24.309802,2025-04-03 07:36:01.565146,0 days 00:01:37.255344,0.9048564885736805,0.2864664136560651,2,0.24227926487075846,0.08825275634618039,0.08205636877847428,0.07203748086038729,0.006267040071042441,0.00806647635294232,0.04757460096902908,24,93,0.010867956314483103,0.2087421584890931,True,False,False,0.0006605337652997444,COMPLETE
1548,0.32517151832580565,2025-04-03 07:36:02.068723,2025-04-03 07:37:30.251695,0 days 00:01:28.182972,0.8525856955561358,0.1404626409339316,2,0.2201031883509065,0.09560561531944425,0.006499694025335828,0.06564551376899184,0.01507108645361544,0.025297305226090475,0.09966823903766822,26,99,0.01972928241676808,0.10483195314385496,True,False,True,0.0005433270119498527,COMPLETE
1549,0.4250678777694702,2025-04-03 07:37:30.751411,2025-04-03 07:39:20.753315,0 days 00:01:50.001904,0.8874523832618761,0.35649271560768353,2,0.23455865489898778,0.10000202743226447,0.0031282380871431393,0.06359823997780363,0.009102339472233628,0.003414299176486932,0.058799349951855796,28,92,0.016623693303295852,0.2154119911695242,True,False,False,0.0008242419405550494,COMPLETE
1550,0.45136598348617557,2025-04-03 07:39:21.273599,2025-04-03 07:40:57.226572,0 days 00:01:35.952973,0.865563700788485,0.32770293184280297,2,0.24703445185245854,0.06726064329144303,0.009000756782340828,0.04082816942489801,0.010772354138614628,0.028675918137462408,0.03637175958531285,25,54,0.021960134025122122,0.1447749924086989,True,False,False,0.0004494369060903764,COMPLETE
1551,0.43582292795181277,2025-04-03 07:40:57.727623,2025-04-03 07:42:43.240553,0 days 00:01:45.512930,0.8419952087337043,0.2870527551247373,2,0.2307873119195828,0.08645935765327208,0.005265512184663441,0.05916867078467846,0.017101192240748492,0.027464099114382662,0.0708365816205621,27,86,0.01330009789758428,0.1784946125661105,True,False,False,0.0009945838139912549,COMPLETE
1552,0.4104880213737488,2025-04-03 07:42:43.739281,2025-04-03 07:44:26.002173,0 days 00:01:42.262892,0.8737515627621896,0.3091981581403894,2,0.25591319822310254,0.10220013396332173,0.01112987563820652,0.0523801595478333,0.013597556786997572,0.030203008843335457,2.3963393973921856e-05,26,96,0.02708735806965694,0.1129723807031627,True,False,False,0.0006202773539408814,COMPLETE
1553,0.423123049736023,2025-04-03 07:44:26.531320,2025-04-03 07:46:06.837737,0 days 00:01:40.306417,0.9270777193953118,0.33918405338352586,2,0.24081686351006007,0.22248567090887517,0.0010356346392692583,0.06811560062188875,0.05388491674767204,0.0066004348411891,0.043859673633643625,25,89,0.005624494250791073,0.15476480136963391,True,False,False,0.0007063408191511128,COMPLETE
1554,0.4390291929244995,2025-04-03 07:46:07.339963,2025-04-03 07:47:42.596198,0 days 00:01:35.256235,0.8449275700690662,0.2856480899557236,2,0.2262655401104916,0.07324723589152951,0.007500884422027272,0.06128429937267111,0.005719327783395605,0.034841955358725335,0.01979641719514347,24,65,0.0181180054420688,0.139572279898177,True,False,False,0.0009949150547929639,COMPLETE
1555,0.2804898262023926,2025-04-03 07:47:43.100376,2025-04-03 07:48:20.942260,0 days 00:00:37.841884,0.9088053335151632,0.27570552825822764,2,0.021042226210754633,0.0951777239800508,0.0264128019199122,0.07003124574492793,0.009118624072957522,0.008907050263533866,0.05479942473323143,8,108,0.01566787194767859,0.12361737230005088,True,True,False,0.0003978403540164433,COMPLETE
1556,0.4436717391014099,2025-04-03 07:48:21.467742,2025-04-03 07:50:03.123139,0 days 00:01:41.655397,0.8784382369080632,0.31312687986681514,2,0.2358720635867888,0.21409474200002443,0.01602380879876521,0.06555518963897214,0.007739176920535164,0.0063518973188006105,0.029537011281450882,26,105,0.021115299068795407,0.1469936113053528,True,False,False,0.00021827587126933452,COMPLETE
1557,0.4511932015419007,2025-04-03 07:50:03.628445,2025-04-03 07:51:42.647085,0 days 00:01:39.018640,0.836048030968632,0.2988568942775997,2,0.24876188142741681,0.23784266024271078,0.013770402561731362,0.07219710639454154,0.0114789437743182,0.02437823557468157,0.07458593228244711,25,91,0.012558288815511688,0.16504700433774036,True,False,False,0.0005473768742698796,COMPLETE
1558,0.44176633358001716,2025-04-03 07:51:43.152798,2025-04-03 07:53:29.032125,0 days 00:01:45.879327,0.8722209158710159,0.27489497025718834,2,0.254142415479662,0.08992826284874215,0.009625534951124719,0.05451847171327121,0.005428245509755615,0.027317494988788178,0.04861133124478506,27,87,0.018551215852620682,0.13762897549392566,True,False,False,0.0002909497406347184,COMPLETE
1559,0.44824557304382323,2025-04-03 07:53:29.559773,2025-04-03 07:55:11.148961,0 days 00:01:41.589188,0.6185583105813026,0.15893144385481703,2,0.22021898799938433,0.07687595861276264,0.00461997617600012,0.06305201958148415,0.007581440731353707,0.025718387769130862,0.06049218698569923,26,93,0.016150449896054988,0.11912035995534509,True,False,False,0.0007936425205589781,COMPLETE
1560,0.3840763092041016,2025-04-03 07:55:11.666097,2025-04-03 07:56:49.942371,0 days 00:01:38.276274,0.8543799582066802,0.36543580191746833,2,0.24175217249660982,0.10106647632488641,0.02431704192312259,0.0444146212280572,0.014501860552297859,0.031687434142221735,0.037977356676362296,25,97,0.014599092533836993,0.12968015108756809,False,False,False,0.0004605576452385742,COMPLETE
1561,0.43121823072433474,2025-04-03 07:56:50.450408,2025-04-03 07:58:24.148396,0 days 00:01:33.697988,0.8995048694213023,0.3267554419491003,2,0.23227212438285122,0.08312915694291068,0.006761101405608884,0.05731784196573174,0.020687894311632572,0.029657402305490514,0.08547570276455342,24,62,0.02358399532913366,0.15181441454288958,True,False,False,0.0006521630782282009,COMPLETE
1562,0.43715866804122927,2025-04-03 07:58:24.673278,2025-04-03 08:00:17.303599,0 days 00:01:52.630321,0.8348815578004315,0.08589791650583163,2,0.24496486335870488,0.10439237349816714,0.01216696161102368,0.06007984990598265,0.010777849541860732,0.04221334376590209,0.0629305774478661,29,85,0.09827941549808084,0.13748770468904128,True,False,False,0.00018053362869653133,COMPLETE
1563,0.4466487288475037,2025-04-03 08:00:17.812280,2025-04-03 08:01:59.952867,0 days 00:01:42.140587,0.9406077863802802,0.2720023599045847,2,0.21299278078814293,0.0965291576007156,0.009354123528231666,0.06653869559608587,0.033504694868823036,0.009473203431559305,0.051143811252169824,26,66,0.020048935111600382,0.1893253125352752,True,False,False,0.0008147960231438088,COMPLETE
1564,0.45347692966461184,2025-04-03 08:02:00.461177,2025-04-03 08:03:39.710815,0 days 00:01:39.249638,0.9948016548393576,0.2997755245475893,2,0.2374375062005319,0.23044877228523425,0.002834200276512367,0.04956047764456979,0.012812054035803329,0.0029374696864650656,0.02348981651225629,25,69,0.017340508349691048,0.14418910899386303,True,False,False,0.0003593132097290729,COMPLETE
1565,0.43781647682189945,2025-04-03 08:03:40.239934,2025-04-03 08:05:16.247503,0 days 00:01:36.007569,0.9734154104761875,0.3455525419160861,2,0.22638431093069322,0.23201263804828118,0.003422179953380517,0.04703423310357002,0.017842458318882197,0.010481813269825915,0.025700912468577964,24,66,0.019976356758592592,0.15710757455628088,True,False,False,2.4134758644720053e-05,COMPLETE
1566,0.437002432346344,2025-04-03 08:05:16.754220,2025-04-03 08:05:42.755805,0 days 00:00:26.001585,0.9954618818612425,0.32326255623087724,16,0.2361009994223011,0.22635392084383688,0.002858444649568037,0.0459557346487862,0.016769076216067203,0.0020643885396783596,0.023090586790423046,24,67,0.025090876078769038,0.14816667309179593,True,False,False,0.00023378917901382843,COMPLETE
1567,0.44519634246826173,2025-04-03 08:05:43.266797,2025-04-03 08:07:22.199212,0 days 00:01:38.932415,0.9988756009919536,0.3463857701448684,2,0.22360194739632394,0.2349606325950213,0.0053237769359617566,0.04986577748570491,0.06817671813385708,0.004294019537536187,0.01924238975046755,25,68,0.022374274042082566,0.1523854638275786,True,False,False,0.00028381820963691354,COMPLETE
1568,0.3101910471916199,2025-04-03 08:07:22.728649,2025-04-03 08:07:52.512678,0 days 00:00:29.784029,0.9430747835491765,0.37999482034243304,8,0.13843590919444237,0.22905926308459607,0.00195260297637151,0.05322827061212379,0.014824020078027762,0.0017350090085588618,0.03023339480858802,23,68,0.018228442959268672,0.14575828860857068,True,False,True,0.0003386766165449095,COMPLETE
1569,0.4450852870941162,2025-04-03 08:07:53.023129,2025-04-03 08:09:30.164216,0 days 00:01:37.141087,0.9624591715290194,0.3104221101164381,2,0.23058831208998978,0.23958708375798662,0.002598974633980748,0.04655796368984355,0.0894564753731261,0.08167774088175914,0.027268686268393336,25,63,0.020304915831442963,0.16187280635523824,True,False,False,0.00019267473619350255,COMPLETE
1570,0.4472968459129334,2025-04-03 08:09:30.669375,2025-04-03 08:11:05.805427,0 days 00:01:35.136052,0.9848951184481871,0.30556451210564844,2,0.2574512602982924,0.23389679024007407,0.0029402615077248557,0.040642217921806695,0.013144203336853717,0.005377021799190251,0.03526706712663159,24,69,0.017580795589221234,0.144549170553316,True,False,False,0.0005501047256688254,COMPLETE
1571,0.44923719167709353,2025-04-03 08:11:06.333967,2025-04-03 08:12:47.480451,0 days 00:01:41.146484,0.9907153870613735,0.3330456133658643,2,0.25074773315667664,0.2261630396980625,0.0026348644318809032,0.037507346285997584,0.01672931332983106,0.0018190202250980185,0.023896777154149448,25,128,0.021987040440661274,0.1560011074302664,True,False,False,0.00038478668127265686,COMPLETE
1572,0.43935946226119993,2025-04-03 08:12:47.988546,2025-04-03 08:14:26.158596,0 days 00:01:38.170050,0.9958111314284464,0.2988630319599739,2,0.2180000141257306,0.22240218375170884,0.0036665922315880072,0.04431971970455768,0.013884442685598408,0.0035342528212722654,0.030908135003564124,25,70,0.018829320067713696,0.14919762314423762,True,False,False,3.911768656729259e-06,COMPLETE
1573,0.4405298113822937,2025-04-03 08:14:26.666882,2025-04-03 08:16:01.678434,0 days 00:01:35.011552,0.9643542425399891,0.3204997015667843,2,0.23621950190065383,0.23050113360718233,0.0042816071014670585,0.04817335368654925,0.022048874683370013,0.005820300895996319,0.022413747555277204,24,65,0.016636784976242394,0.14387177227107656,True,False,False,0.0002469265490404498,COMPLETE
1574,0.2804898262023926,2025-04-03 08:16:02.211947,2025-04-03 08:17:27.500768,0 days 00:01:25.288821,0.9176935557776317,0.36483179397711796,2,0.24253852676212337,0.23957803160175545,0.0027253313414267377,0.05368294763733938,0.015727895928134485,0.0023587685484679787,0.03215431682977083,25,70,0.020411748014200565,0.1432261710463074,True,True,False,0.0006997008336401153,COMPLETE
1575,0.4483590722084046,2025-04-03 08:17:28.011736,2025-04-03 08:19:06.311284,0 days 00:01:38.299548,0.960405870084202,0.3403972625152854,2,0.22897315830265472,0.23056560288054934,0.0014337337327863953,0.05154200268835148,0.012846452197356813,0.0024762088617307325,0.03002967250516867,25,66,0.024596955902998048,0.15000066337989607,True,False,False,0.0008137678156276966,COMPLETE
1576,0.4253765344619751,2025-04-03 08:19:06.814573,2025-04-03 08:20:41.224712,0 days 00:01:34.410139,0.9402839897117334,0.29324460370375066,2,0.2506777285945099,0.21934572559952428,0.004925283775547603,0.050435335404301215,0.019574589930861433,0.007440112321954103,0.03677377315940542,24,62,0.01346073701512816,0.14023305828642854,True,False,False,0.0005017530675505981,COMPLETE
1577,0.42648277282714847,2025-04-03 08:20:41.761284,2025-04-03 08:22:21.001057,0 days 00:01:39.239773,0.994688166430601,0.31433842073184703,2,0.2037511123763594,0.22588646847973637,0.004535408183057751,0.050684209891544915,0.025740153303641173,0.03207116402873405,0.025979447995457466,25,69,0.009966199314056477,0.1486316231367535,True,False,False,0.0009979319041003463,COMPLETE
1578,0.445840609073639,2025-04-03 08:22:21.516369,2025-04-03 08:23:53.704758,0 days 00:01:32.188389,0.9714936442382219,0.44712109659233146,2,0.2571221890671876,0.24241365812403887,0.00279910148410324,0.05035409883239434,0.02906362289337139,0.00586750660064618,0.029631187080779768,23,70,0.01726559844601855,0.14070578674346387,True,False,False,0.0003164144677302398,COMPLETE
1579,0.37959232926368713,2025-04-03 08:23:54.214528,2025-04-03 08:25:31.534451,0 days 00:01:37.319923,0.9844499966387988,0.295376496840549,2,0.22310879271919867,0.23490100456860669,0.00534660600368035,0.04518978175826585,0.005865870107435341,0.029198256306808636,0.035470401152747924,25,67,0.015235862776028265,0.16131855590998861,False,False,False,0.00042957135897173847,COMPLETE
1580,0.4388702034950257,2025-04-03 08:25:32.061891,2025-04-03 08:26:49.559058,0 days 00:01:17.497167,0.944077108498738,0.17378031695039678,2,0.23849134726668034,0.22093067950317727,0.001238282680240079,0.0721583621653122,0.009320411756256551,0.005805554431308627,0.02138304472416441,18,144,0.022371123482725602,0.15678890660161632,True,False,False,0.0005882462464532939,COMPLETE
1581,0.4482835650444031,2025-04-03 08:26:50.068426,2025-04-03 08:28:28.302311,0 days 00:01:38.233885,0.9098889612481807,0.5743524198887302,2,0.16135261497971046,0.2367731407310309,0.005244102229673682,0.042359472918799365,0.012169024512114952,0.0014362745133822197,0.03874596121341893,25,64,0.018566179408390025,0.1721322881904489,True,False,False,0.0009950649008064936,COMPLETE
1582,0.44233512878417974,2025-04-03 08:28:28.811892,2025-04-03 08:30:03.498509,0 days 00:01:34.686617,0.9553967906567231,0.40004032067220385,2,0.24561986645759873,0.2246324455318142,0.006311012473219939,0.047471836046772894,0.0053609663863813245,0.008558234286039822,0.03261171642152042,24,71,0.02923345195147386,0.22237443423214906,True,False,False,0.0007010086790718825,COMPLETE
1583,0.44665719270706183,2025-04-03 08:30:04.031080,2025-04-03 08:31:41.213310,0 days 00:01:37.182230,0.9158443842614861,0.27112729198583196,2,0.23423320270377868,0.23960465718340676,0.0032079951321797168,0.04998278196817299,0.0078119946037808405,0.003437796005156818,0.04119833167905291,25,64,0.020351049805043243,0.13798064739826155,True,False,False,0.00036331871641216565,COMPLETE
1584,0.43519604206085205,2025-04-03 08:31:41.724525,2025-04-03 08:33:21.566750,0 days 00:01:39.842225,0.9722219168676696,0.3311330378742183,2,0.11361389530252133,0.23125277365960173,0.004559661703367071,0.04873837088292317,0.010266583780819558,0.001193406279587774,0.02611447289277979,25,101,0.08323584881025832,0.142775064658068,True,False,False,0.0005232462869008607,COMPLETE
1585,0.4259872198104858,2025-04-03 08:33:22.080171,2025-04-03 08:34:57.572480,0 days 00:01:35.492309,0.970922061985639,0.1954531412312637,2,0.22989909829265615,0.22093645408382082,0.0010367961074704765,0.04948655625907049,0.018599951605281478,0.001748526937452649,0.04142670294819122,24,70,0.0025397431740718512,0.286136496619914,True,False,False,0.00028756971040523653,COMPLETE
1586,0.3178909242153168,2025-04-03 08:34:58.103799,2025-04-03 08:36:22.039401,0 days 00:01:23.935602,0.9526420285632534,0.34973532617257913,2,0.26018432216100523,0.24369473807772424,0.0010357243053559233,0.04283588499043069,0.014412901002243985,0.0034216253047860746,0.03134254629487803,25,61,0.016683404565306537,0.14840332343191592,True,False,True,0.0008254765680013904,COMPLETE
1587,0.4479119658470154,2025-04-03 08:36:22.549957,2025-04-03 08:38:04.012505,0 days 00:01:41.462548,0.8948103630147959,0.3120095607575843,2,0.2411209764198189,0.22726534228235956,0.029591955616314808,0.043885292467786864,0.008177717755342196,0.05708891863133288,0.04299664789370521,26,72,0.014091612981534711,0.15261597451228573,True,False,False,0.0006725451759117279,COMPLETE
1588,0.4275334119796753,2025-04-03 08:38:04.554142,2025-04-03 08:38:30.942906,0 days 00:00:26.388764,0.9793187236858218,0.2789049791734309,16,0.2529480540743044,0.22985210202230727,0.006474545062982779,0.05287229361116951,0.006115886466640619,0.005817072562062264,4.825605040541701e-05,25,67,0.01163514279132043,0.1374095447578721,True,False,False,0.0004390333636763217,COMPLETE
1589,0.4413583874702454,2025-04-03 08:38:31.458600,2025-04-03 08:40:04.525871,0 days 00:01:33.067271,0.9975411990416332,0.25490222742592406,2,0.24645005945208268,0.22267016477418528,0.003997964499387029,0.03898629024371329,0.06070509323269047,0.0073342588879165786,0.0355267452130267,23,94,0.018692285942089285,0.14223783654472236,True,False,False,0.00014776222288761045,COMPLETE
1590,0.4398490309715271,2025-04-03 08:40:05.038610,2025-04-03 08:40:41.083446,0 days 00:00:36.044836,0.935779802161629,0.6695298006096293,8,0.2104826365496698,0.21887928895924433,0.02142432697272475,0.06902613932743044,0.016453490599982377,0.004483044003221964,0.04395367520175421,24,91,0.015814774892635452,0.13513478137998217,True,False,False,0.0005419866422096858,COMPLETE
1591,0.4360193610191346,2025-04-03 08:40:41.617340,2025-04-03 08:42:23.767863,0 days 00:01:42.150523,0.2891453125812136,0.3002998538325234,2,0.22470847521778314,0.2154618750362956,0.006369160171503839,0.045353326197319264,0.02446813657963442,0.0034621009424365074,0.033924837162740515,26,72,0.02293401290116106,0.15449671598205883,True,False,False,0.0007837803239967563,COMPLETE
1592,0.44663000106811523,2025-04-03 08:42:24.283963,2025-04-03 08:44:04.432124,0 days 00:01:40.148161,0.8883583970897819,0.32256521529011173,2,0.0725166863377291,0.23630610830130722,0.02687726969299621,0.041840097869239465,0.011316726468223376,0.0056302752428881876,0.017479672369576597,25,118,0.020591221476142372,0.14472556192653768,True,False,False,0.00037418150063682194,COMPLETE
