number,value,datetime_start,datetime_complete,duration,params_alpha-eval,params_alpha-train,params_batch-size,params_eps-eval,params_eps-train,params_lambda-actions-eval,params_lambda-actions-train,params_lambda-frames-eval,params_lambda-frames-train,params_learning-rate,params_n-epochs,params_n-frames,params_radius-gw,params_rho,params_std-feats,params_ub-actions,params_ub-frames,params_weight-decay,state
1309,0.2804898262023926,2025-04-03 01:24:36.157749,2025-04-03 01:26:03.977486,0 days 00:01:27.819737,0.8558926202497593,0.270801394532566,2,0.23355206744160695,0.11051207958881182,0.0045257366094972684,0.06277247543036789,0.005446035180862122,0.08826273696015795,0.0296579837250934,26,74,0.012110005851094282,0.128815052436528,True,True,False,0.0008217478972089762,COMPLETE
1310,0.4460362434387207,2025-04-03 01:26:04.399955,2025-04-03 01:27:42.497781,0 days 00:01:38.097826,0.8806512960304532,0.20901463640413395,2,0.2212175017074455,0.12101649285161559,0.018104506202165423,0.0660164649045791,0.010784119437317378,0.01493089831065195,0.04266998927852552,25,69,0.024244961881269955,0.1412322163579089,True,False,False,0.0006686728954397147,COMPLETE
1311,0.4346659541130066,2025-04-03 01:27:42.919974,2025-04-03 01:28:11.569806,0 days 00:00:28.649832,0.8011076332114285,0.3731614685777818,16,0.24454961325531327,0.13382559852924059,0.012240538764868905,0.06418396089857606,0.014889551423758005,0.02922359376795767,0.06170442947901771,27,81,0.04958400738889749,0.13241424083618528,True,False,False,0.0009868172497263373,COMPLETE
1312,0.4432732105255127,2025-04-03 01:28:12.002815,2025-04-03 01:29:54.748715,0 days 00:01:42.745900,0.5048644846479731,0.3195283752172847,2,0.22944981693009076,0.10249133615319261,0.014762769128825407,0.08042969714748613,0.0032292044395721667,0.03172955865435271,0.07828168923610045,26,86,0.02022350814018626,0.28884736418991364,True,False,False,0.0004627020429755261,COMPLETE
1313,0.4374392986297608,2025-04-03 01:29:55.172367,2025-04-03 01:31:43.292526,0 days 00:01:48.120159,0.8398172055020576,0.30019835811168055,2,0.25251028044372625,0.2403212858176745,0.0068912264989921266,0.040321536931482285,0.007267224272052803,0.023430864584755844,0.04701068577304871,28,77,0.015002016955413216,0.12195372311935532,True,False,False,0.00030069642283227037,COMPLETE
1314,0.4409064412117005,2025-04-03 01:31:43.713346,2025-04-03 01:33:23.805519,0 days 00:01:40.092173,0.77667672043378,0.24934674181552693,2,0.23913402874990322,0.2123973875877872,0.010507539206268374,0.0710863719516678,0.029548000159816477,0.020035412360372963,0.03485628561076278,25,72,0.017625839981267315,0.13660875046483456,True,False,False,0.0009983734108640343,COMPLETE
1315,0.4410925626754761,2025-04-03 01:33:24.248943,2025-04-03 01:34:22.377434,0 days 00:00:58.128491,0.8215185174655053,0.28347863840465815,2,0.22385493625364875,0.14893991272661772,0.02337405017588257,0.06131434736697569,0.008665064133871168,0.024596626095052393,0.05427335606714342,12,130,0.013348449884920283,0.14496780764862513,True,False,False,0.0005782255404532547,COMPLETE
1316,0.42987866401672364,2025-04-03 01:34:22.803822,2025-04-03 01:36:04.514956,0 days 00:01:41.711134,0.7278834527225638,0.26276316890888884,2,0.26127683402049,0.25768401000190694,0.0028118228663356606,0.07468094194940923,0.012129481353104727,0.02708961357882747,7.61046699625094e-05,26,75,0.022069433942551356,0.07160054468967758,True,False,False,0.00021682600620324835,COMPLETE
1317,0.423123049736023,2025-04-03 01:36:04.942276,2025-04-03 01:37:41.026629,0 days 00:01:36.084353,0.8807555369272475,0.464806297930872,2,0.24653268773066211,0.09530228659478318,0.008859793705077675,0.06922155939909111,0.005902133878932941,0.01676305976123112,0.09953048807042417,24,80,0.010931084764521499,0.12701174639303645,True,False,False,0.0007182323223603942,COMPLETE
1318,0.37188770771026614,2025-04-03 01:37:41.454785,2025-04-03 01:39:19.377207,0 days 00:01:37.922422,0.7544351186370338,0.3522052117346315,2,0.23003769422685086,0.10760406076668394,0.016004711256045825,0.06731562954281124,0.009910484327119577,0.08574170475431844,0.0649780640856442,25,56,0.015871926550281083,0.23700461030207184,True,False,False,0.000424387631750644,COMPLETE
1319,0.45107675790786744,2025-04-03 01:39:19.804366,2025-04-03 01:41:01.773780,0 days 00:01:41.969414,0.8481982255901591,0.2194517949863938,2,0.27097558085700946,0.1131560695245415,0.020384499814767306,0.06013880462257946,0.013988758597322347,0.01230418346844962,0.049466324772648035,26,77,0.019005249850628417,0.15151773913680147,True,False,False,0.0005547459270501008,COMPLETE
1320,0.43851015567779544,2025-04-03 01:41:02.199152,2025-04-03 01:42:40.596904,0 days 00:01:38.397752,0.9689212867676654,0.32404661676558444,2,0.2921849797228822,0.08705110944994249,0.005430387056031917,0.06286236645214988,0.0028498633511547756,0.05472136217900572,0.07659617072194687,25,69,0.01716549673643174,0.13468759029516297,True,False,False,0.00035727081200573297,COMPLETE
1321,0.30970510840415955,2025-04-03 01:42:41.022286,2025-04-03 01:44:12.286628,0 days 00:01:31.264342,0.6727083960419554,0.3036083678623148,2,0.282983544589556,0.10026388607318518,0.013049464359586588,0.06473453385605839,0.007035208369785096,0.018715052409728136,0.04349613829097939,27,85,0.020121845180141627,0.14102763213202563,True,False,True,0.0008135572663932527,COMPLETE
1322,0.4385013222694397,2025-04-03 01:44:12.712618,2025-04-03 01:45:06.012797,0 days 00:00:53.300179,0.8093918595769556,0.24617936773186844,2,0.21790603569033198,0.12723278006482958,0.010170122360284119,0.06684866934376274,0.00453821640649626,0.07373896843493737,0.05573033836707544,11,74,0.014354028713006535,0.12250789749978713,True,False,False,0.0006653245444152962,COMPLETE
1323,0.4273542404174805,2025-04-03 01:45:06.456837,2025-04-03 01:46:42.590659,0 days 00:01:36.133822,0.860801930876793,0.27592933368878286,2,0.2388761340101365,0.24467052738812534,0.026347818103868683,0.077706904174065,0.011640023235229977,0.022365250100499053,0.00025556744268920154,24,88,0.0076129316135726596,0.1038103632006444,True,False,False,0.0004958608388702686,COMPLETE
1324,0.4111215233802796,2025-04-03 01:46:43.021684,2025-04-03 01:48:25.558398,0 days 00:01:42.536714,0.8331409320213985,0.3373488361515779,2,0.2525643023865158,0.11887453211427575,0.008109842490569102,0.07140429037801552,0.008153123005414544,0.030003240680840117,5.4555110207549475e-05,26,80,0.022251928438371506,0.1321073509665322,True,False,False,0.0008238097334307569,COMPLETE
1325,0.44494463205337526,2025-04-03 01:48:25.986096,2025-04-03 01:50:04.686057,0 days 00:01:38.699961,0.7934920177593644,0.2281432531363459,2,0.24246271622038504,0.22573903193197903,0.011859113391662424,0.05935149195917413,0.01092497849945177,0.027873550177725633,0.023327252621353742,25,71,0.015629273480108407,0.13812311999770452,True,False,False,0.0002881406471602026,COMPLETE
1326,0.4493410587310791,2025-04-03 01:50:05.117042,2025-04-03 01:51:47.337646,0 days 00:01:42.220604,0.883956459444002,0.38470494882404327,2,0.25839373517093556,0.09284126860391873,0.0222965901826382,0.06196032864452856,0.013859302836566159,0.09631049593523565,0.03772515930356354,26,65,0.018059976687114725,0.15790335081180862,True,False,False,0.0006316687579460019,COMPLETE
1327,0.45033938884735114,2025-04-03 01:51:47.767441,2025-04-03 01:53:27.592688,0 days 00:01:39.825247,0.8201824844729306,0.29248258279875905,2,0.19028894010594263,0.10530712076711274,0.0027005969449938184,0.0684135890006794,0.0060961309231101594,0.024207215862264535,0.0628096447309474,25,77,0.013370866525152032,0.1271023124557012,True,False,False,0.00041553433101372566,COMPLETE
1328,0.4393544673919678,2025-04-03 01:53:28.023003,2025-04-03 01:54:14.326209,0 days 00:00:46.303206,0.8637193882681932,0.20176920839052312,2,0.07917790135556937,0.21631176900261972,0.006549149977863738,0.03721620234893389,0.009592266375889634,0.02565985969403916,0.00479043065074427,9,61,0.024842132364111626,0.11658610924717971,True,False,False,0.00016683688775386932,COMPLETE
1329,0.40087207555770876,2025-04-03 01:54:14.755032,2025-04-03 01:55:46.644728,0 days 00:01:31.889696,0.7801377919723443,0.26657736055447934,2,0.2358879923075714,0.11280850975194165,0.014715200109965139,0.07324463982679195,0.004323334972681143,0.032222059986501767,0.08232545362458735,27,82,0.010603344661602863,0.22946920412589492,True,True,False,0.0008178652174980299,COMPLETE
1330,0.44218603372573856,2025-04-03 01:55:47.078489,2025-04-03 01:57:29.061712,0 days 00:01:41.983223,0.8333145938439726,0.3586646700026924,2,0.229493306309617,0.09926013199879577,0.017848725217412542,0.07611387664809055,0.015376047847815669,0.0204417916658648,0.07072465560149857,26,73,0.019051278079196408,0.19987711838354663,True,False,False,0.0005288349320540746,COMPLETE
1331,0.43755283355712893,2025-04-03 01:57:29.486264,2025-04-03 01:59:01.251361,0 days 00:01:31.765097,0.8485562281883092,0.3109996134581463,2,0.27522092915075436,0.23651995019253494,0.004566388992280764,0.06444906491729804,0.008724774591524235,0.02199939916060694,0.05099449211757218,23,79,0.016399753611676435,0.1471995195874442,True,False,False,0.0006748900971680758,COMPLETE
1332,0.43592637777328497,2025-04-03 01:59:01.698154,2025-04-03 01:59:26.666497,0 days 00:00:24.968343,0.8047578110432009,0.25620716770951873,16,0.24733156603249107,0.08137260326285324,0.02494559140504654,0.06998133707358956,0.003182108298078248,0.014721209705500296,0.028011919903318118,24,51,0.021203702550590234,0.13330138950017606,True,False,False,0.0009890361293977737,COMPLETE
1333,0.4301968216896057,2025-04-03 01:59:27.098694,2025-04-03 02:01:05.306353,0 days 00:01:38.207659,0.8716546040689701,0.2865798526052325,2,0.22383612342599962,0.10520031711799649,0.009497368646900036,0.06618241797801636,0.012855567092714891,0.028958311862067453,0.04179200724415656,25,68,0.012627159121251265,0.1407757555176773,True,False,False,0.000338425934883319,COMPLETE
1334,0.43596912622451783,2025-04-03 02:01:05.739669,2025-04-03 02:02:51.436695,0 days 00:01:45.697026,0.8978704215336203,0.23357418119044737,2,0.2338921233403046,0.09131536240434668,0.011431609538613764,0.06135076802428959,0.006598251228427001,0.018034474180553855,0.084751966729272,27,83,0.02770237582229712,0.12852169384576456,True,False,False,0.0004921610084020976,COMPLETE
1335,0.4193092226982117,2025-04-03 02:02:51.867967,2025-04-03 02:04:34.485127,0 days 00:01:42.617160,0.8145160537513771,0.3188495677442557,2,0.14884816010345345,0.12335270904527192,0.001253230075143422,0.05860572874583018,0.011036247088910699,0.026174775356688523,0.0001850069891864388,26,75,0.0145565379639276,0.15109200326193917,True,False,False,0.000705112280495467,COMPLETE
1336,0.4567893385887146,2025-04-03 02:04:34.914985,2025-04-03 02:06:14.034581,0 days 00:01:39.119596,0.7669544602020996,0.2701412227532443,2,0.2669374499671275,0.097136840771486,0.007726301044667432,0.06386053482324804,0.008536305310649394,0.030994549819316267,0.03320189409800534,25,91,0.01718583541591235,0.12268888820460684,True,False,False,0.00039549577070291495,COMPLETE
1337,0.42316416501998905,2025-04-03 02:06:14.463084,2025-04-03 02:07:51.280854,0 days 00:01:36.817770,0.746157147373472,0.25978636520431675,2,0.2784090743078896,0.09408482392483535,0.007583861134967557,0.0629640309967864,0.012316714514790883,0.03303616021094338,0.061013707273420544,24,94,0.02022423389517681,0.11127320032070928,True,False,False,0.0002730202771458067,COMPLETE
1338,0.44273060560226446,2025-04-03 02:07:51.712470,2025-04-03 02:09:27.325606,0 days 00:01:35.613136,0.7554757303216462,0.24685987395216608,2,0.2723576928718753,0.08696800723722752,0.007000241090244605,0.06040722230645788,0.01497331184064794,0.03151394249403376,0.03581549958097353,24,91,0.022340935721257064,0.11666121998844034,True,False,False,0.00019889668050251488,COMPLETE
1339,0.44554986953735354,2025-04-03 02:09:27.775981,2025-04-03 02:11:04.549827,0 days 00:01:36.773846,0.7636465588441588,0.27279566070195843,2,0.26699512929905056,0.09603393949356433,0.004846770159165637,0.06226737487995737,0.010313704912273724,0.033761359105874265,0.05203560224215116,24,92,0.018575419437824776,0.11719725769902903,True,False,False,0.00025512239843721436,COMPLETE
1340,0.3082919716835022,2025-04-03 02:11:04.984626,2025-04-03 02:12:30.523792,0 days 00:01:25.539166,0.729322049549421,0.2740483361435678,2,0.26021257555968,0.09977832602449191,0.00620042610596321,0.06407933685285216,0.0010298875167435986,0.03050966764729359,0.06739529015475235,25,90,0.020102604882063044,0.12003138698579671,True,False,True,0.0003360476463184424,COMPLETE
1341,0.44097480773925785,2025-04-03 02:12:30.957721,2025-04-03 02:14:10.004649,0 days 00:01:39.046928,0.7384710704408777,0.23695005404194208,2,0.2761393111530609,0.08930207384899003,0.008875462248688671,0.06019894355496829,0.0010010304547076767,0.030773589538297882,0.045718074424930255,25,93,0.017862683319928956,0.12023399763335907,True,False,False,0.0003043396959908502,COMPLETE
1342,0.44263906478881837,2025-04-03 02:14:10.435622,2025-04-03 02:15:49.847868,0 days 00:01:39.412246,0.7559039107074553,0.2612197157915104,2,0.27513291240246557,0.09836625471844974,0.008361485452642701,0.06396148004814929,0.005666952692589226,0.032382678958190955,0.09966354835539518,25,89,0.024721847088496084,0.11214430247860047,True,False,False,0.00021980789364829502,COMPLETE
1343,0.43346005678176885,2025-04-03 02:15:50.280774,2025-04-03 02:17:27.158256,0 days 00:01:36.877482,0.7086148576667366,0.28539192752324044,2,0.2664553407880708,0.10388453886032141,0.01047028733489726,0.062074253320087355,0.008273180601204265,0.028721503739571084,0.07490237302270164,24,88,0.017298084663982152,0.12319246054700803,True,False,False,0.00037964451736625986,COMPLETE
1344,0.44581141471862795,2025-04-03 02:17:27.586686,2025-04-03 02:19:04.529134,0 days 00:01:36.942448,0.764752664809867,0.21575185525219298,2,0.26431527439442926,0.083141855702086,0.0040298733489220855,0.05891673169624539,0.01294832305645806,0.03106497950113021,0.05826218979747117,24,84,0.02145644562351514,0.10807176354125395,True,False,False,0.0003780344141716793,COMPLETE
1345,0.44527391195297245,2025-04-03 02:19:04.963001,2025-04-03 02:20:44.943422,0 days 00:01:39.980421,0.7812709054891891,0.2443930964741306,2,0.2676161507344254,0.09379266113963275,0.0064664264566781475,0.061379614125598676,0.009862973517979198,0.032979596971626196,0.03824550710651729,25,92,0.01944512908323148,0.12234969716640962,True,False,False,0.0002502182828328301,COMPLETE
1346,0.450046980381012,2025-04-03 02:20:45.370796,2025-04-03 02:22:24.618969,0 days 00:01:39.248173,0.7412268714360576,0.29260590695356076,2,0.2702849764806741,0.1074833351789931,0.008278587828990406,0.0633257356194146,0.006983494651039986,0.02945027355462444,0.05017547099078369,25,89,0.01650277521858432,0.11934674307046275,True,False,False,0.00036011266993880007,COMPLETE
1347,0.2804898262023926,2025-04-03 02:22:25.069256,2025-04-03 02:23:45.169490,0 days 00:01:20.100234,0.7672346332173561,0.2621565330001589,2,0.25991494566540435,0.10373679282711831,0.010114113178509914,0.06499570447095339,0.003563014271131833,0.02785023142447035,0.08296398684474939,23,94,0.023609477962958703,0.11453068027334787,True,True,False,0.00043150977413235317,COMPLETE
1348,0.4400124192237854,2025-04-03 02:23:45.607958,2025-04-03 02:25:21.616605,0 days 00:01:36.008647,0.7232808560383976,0.17615948209424845,2,0.2677401012146702,0.09068598985021316,0.004992274733756978,0.060212989259512475,0.015466234547336406,0.034372713994205814,0.06504880506611938,24,87,0.017924869928849358,0.1262525972976846,True,False,False,0.0003099578665843767,COMPLETE
1349,0.4451365351676941,2025-04-03 02:25:22.050450,2025-04-03 02:27:02.332656,0 days 00:01:40.282206,0.777235364430808,0.27803608242274996,2,0.2643023297640879,0.1143510481365376,0.012019809646859234,0.05870199387698501,0.011298860279647029,0.030415793522732947,0.04199306800044411,25,86,0.020210708181578566,0.11750173471033547,True,False,False,0.0004226345513053233,COMPLETE
1350,0.42962248325347907,2025-04-03 02:27:02.766424,2025-04-03 02:28:42.830317,0 days 00:01:40.063893,0.7770131165814038,0.22928256045050588,2,0.2829667186713238,0.1688745343331038,0.00768014440079387,0.06240958096793788,0.005233151706534244,0.027277396577215104,0.05853713281434,25,91,0.01630073353623727,0.12478716067811393,True,False,False,0.0004954996818835486,COMPLETE
1351,0.45168796777725223,2025-04-03 02:28:43.262780,2025-04-03 02:30:22.508636,0 days 00:01:39.245856,0.7468391378157845,0.2944834187591499,2,0.2724390177257181,0.08501472260052324,0.0029526578752454274,0.03415044699400194,0.009349311749384913,0.031743021576094946,0.03270359596679631,25,94,0.022665726224676754,0.12505454022259208,True,False,False,0.0003157402956298234,COMPLETE
1352,0.4449236392974854,2025-04-03 02:30:22.941961,2025-04-03 02:31:58.477482,0 days 00:01:35.535521,0.7655922959953271,0.30276494138560545,2,0.28604396420629696,0.08443151557732104,0.0018354376750765217,0.03019433435420219,0.007804989916646243,0.035929605911694334,0.023158893750702816,24,94,0.026621782045466443,0.11138595703675774,True,False,False,0.0001784881321331482,COMPLETE
1353,0.4337278127670288,2025-04-03 02:31:58.909212,2025-04-03 02:32:23.952101,0 days 00:00:25.042889,0.7148332085092508,0.2978794923424956,16,0.2887763746569284,0.07797699328580646,0.002415419873686228,0.026780405613984152,0.009098407563105697,0.034528664421243124,0.03015191661620725,25,97,0.025315493527158353,0.11420205543249566,False,False,False,0.00026129620513353196,COMPLETE
1354,0.4458052635192871,2025-04-03 02:32:24.404469,2025-04-03 02:34:03.965032,0 days 00:01:39.560563,0.7204330831755441,0.3045162137053578,2,0.2681871311365678,0.08140854841226085,0.003705389453188098,0.03197422377156127,0.006632439154451361,0.03646151419941552,0.021163456134384858,25,94,0.02458267348492032,0.12182070679105307,True,False,False,0.00025658142261831337,COMPLETE
1355,0.4447166442871094,2025-04-03 02:34:04.406135,2025-04-03 02:35:37.350493,0 days 00:01:32.944358,0.7570196710061435,0.28838626461729017,2,0.27884518625441734,0.08713074109862605,0.0027345575910314875,0.034420722437044526,0.00427930474613866,0.03300187426581466,0.028363444360753304,23,94,0.023804200821472634,0.10784198548455365,True,False,False,0.0002208279290108232,COMPLETE
1356,0.43865172863006596,2025-04-03 02:35:37.788306,2025-04-03 02:37:15.986099,0 days 00:01:38.197793,0.7280870256902569,0.3079286565567574,2,0.274239822361822,0.08036361927016064,0.0015139462701030133,0.036765981212645356,0.009054087396567769,0.031876945277452176,0.023650409705328692,25,95,0.02262007129948604,0.11662962971348409,True,False,False,0.00016068198328006653,COMPLETE
1357,0.4426669359207153,2025-04-03 02:37:16.424284,2025-04-03 02:38:59.014820,0 days 00:01:42.590536,0.7404925881445941,0.282664712674099,2,0.2584450313188831,0.11266885168245272,0.0037877559789784303,0.03194861149783321,0.006585573817744824,0.03375052876000171,0.027188249041461894,26,96,0.02332690533804376,0.12290174108339508,True,False,False,0.0003154722764737504,COMPLETE
1358,0.44516537189483646,2025-04-03 02:38:59.447623,2025-04-03 02:40:38.976902,0 days 00:01:39.529279,0.7044044587601954,0.32045938161242693,2,0.26511921958990825,0.09886821528042573,0.004426300509535789,0.03407886176157359,0.009114839471058121,0.03470759281567414,0.03101733490832195,25,92,0.02828215436099759,0.1265334974752392,True,False,False,0.0002894084587012703,COMPLETE
1359,0.43872879743576054,2025-04-03 02:40:39.413668,2025-04-03 02:42:14.221449,0 days 00:01:34.807781,0.7520627612752723,0.25715598487427643,2,0.28063626196785185,0.10991844099558945,0.004774697443996562,0.02766349094598732,0.00546732976201437,0.03284649882977832,0.0338677355654797,24,90,0.0252472032068619,0.11810994993540434,True,False,False,0.00019176984805785823,COMPLETE
1360,0.41435744762420657,2025-04-03 02:42:14.677370,2025-04-03 02:43:58.598361,0 days 00:01:43.920991,0.7360602237337507,0.20196534959987816,2,0.2824330446880764,0.08667257123943742,0.00534707665718646,0.07603555432545972,0.007540774280903764,0.03117104661346265,0.0335190972105076,26,91,0.021933965908861704,0.1251781832034951,True,False,False,0.00022735563804209168,COMPLETE
1361,0.31095559000968936,2025-04-03 02:43:59.042093,2025-04-03 02:45:27.214169,0 days 00:01:28.172076,0.7399100729387661,0.28933755408872963,2,0.27411275276258573,0.11868715809924626,0.0015298553446126677,0.03325501917825866,0.004536233756209809,0.03225083548125971,0.08572459642660345,26,90,0.02224612006915626,0.12885190179722109,True,False,True,0.0003279424217892357,COMPLETE
1362,0.4488530516624451,2025-04-03 02:45:27.654635,2025-04-03 02:47:07.336841,0 days 00:01:39.682206,0.769148314534024,0.3107644013194624,2,0.27285274462064835,0.10077055510534912,0.00110657833854641,0.046080098429517345,0.003050230496771942,0.030148993444928093,0.03728262384475048,25,92,0.02119730368573669,0.12174917693987664,True,False,False,0.00035837104918026496,COMPLETE
1363,0.41568660736083984,2025-04-03 02:47:07.779716,2025-04-03 02:48:44.312357,0 days 00:01:36.532641,0.7510171634560212,0.26379351934902145,2,0.27785663598792576,0.1409323160990101,0.0034615610814468373,0.030097761858095443,0.010874864422923194,0.032011900950056876,0.07402519236178401,24,96,0.027002659215692223,0.11076812594553058,True,False,False,0.0002914812406847724,COMPLETE
1364,0.4432264804840088,2025-04-03 02:48:44.755903,2025-04-03 02:50:27.728678,0 days 00:01:42.972775,0.688083238733965,0.2415086785629051,2,0.28144967085308886,0.10815972893028833,0.006448525014649376,0.03422288201382316,0.007755553001910312,0.029759509561384623,0.039150255242567385,26,96,0.02335050823733128,0.12876568434731214,True,False,False,0.0003737687030246156,COMPLETE
1365,0.4340016007423401,2025-04-03 02:50:28.167366,2025-04-03 02:52:06.708928,0 days 00:01:38.541562,0.7330203697529355,0.27796015785755146,2,0.26847887954234123,0.11607092608703493,0.00484787957710304,0.03822817316827076,0.00964686355135507,0.03392361523899454,0.02853880582918274,25,89,0.021765955688378167,0.13008605027099573,True,False,False,0.00023199055210832388,COMPLETE
