number,value,datetime_start,datetime_complete,duration,params_alpha-eval,params_alpha-train,params_batch-size,params_eps-eval,params_eps-train,params_lambda-actions-eval,params_lambda-actions-train,params_lambda-frames-eval,params_lambda-frames-train,params_learning-rate,params_n-epochs,params_n-frames,params_radius-gw,params_rho,params_std-feats,params_ub-actions,params_ub-frames,params_weight-decay,state
0,0.38241783380508426,2025-04-01 20:05:09.324935,2025-04-01 20:05:40.832809,0 days 00:00:31.507874,0.18426713471415485,0.8923585633012221,2,0.021578230327696755,0.18274208018085675,0.05324601752471859,0.03043725827538339,0.06954348684430316,0.02088128150175847,0.0036981448576027375,6,21,0.01055181121850697,0.059287672312007066,False,False,True,3.5689435281709426e-08,COMPLETE
1,0.4352301716804505,2025-04-01 20:05:40.837140,2025-04-01 20:06:03.175032,0 days 00:00:22.337892,0.8863344330229158,0.7280557462313321,16,0.21043920392828303,0.29449724415162226,0.0071649864610214475,0.023250501696779044,0.06864185694609046,0.043314561038866835,0.07923925808258987,22,29,0.06839964039657716,0.2837187031594854,False,False,False,1.6033594517493545e-05,COMPLETE
2,0.2804898262023926,2025-04-01 20:06:03.178757,2025-04-01 20:06:21.045651,0 days 00:00:17.866894,0.7720886658397358,0.8435046437008498,16,0.06384410595073674,0.06070255564097279,0.07687635401271307,0.04927443293226112,0.02692802171660185,0.06523048224170028,0.05703141307281669,16,73,0.0930953639876156,0.21202873236182956,False,True,False,9.226960622532e-08,COMPLETE
3,0.3196984827518463,2025-04-01 20:06:21.049658,2025-04-01 20:07:55.605948,0 days 00:01:34.556290,0.7888560123549955,0.7231371819208307,2,0.14609006272962743,0.07379081755702697,0.0858342667568115,0.04233727600893939,0.08796651660222603,0.04520538213685529,0.002316387022873772,28,117,0.08978798656433629,0.052363141510080286,True,True,False,5.8939174500354277e-05,COMPLETE
4,0.28287032842636106,2025-04-01 20:07:55.610445,2025-04-01 20:08:27.663889,0 days 00:00:32.053444,0.2853556384922926,0.6555422345144195,2,0.2702814334645848,0.17751581717225873,0.027546412939304987,0.0947359395973218,0.005689377132528662,0.09518003696822726,0.0032841934788265183,6,124,0.015247656241387686,0.10444427562429207,False,False,True,0.000765272698412574,COMPLETE
5,0.3334142446517945,2025-04-01 20:08:27.668499,2025-04-01 20:08:58.037085,0 days 00:00:30.368586,0.6365666442854944,0.4748014575306399,8,0.19799869235793954,0.15287299210569652,0.01256202684875974,0.010595408258890236,0.00916425983667354,0.0061905542506408935,0.04253712731054016,26,13,0.07501087506233035,0.07854160177162599,True,False,True,3.096943339805375e-05,COMPLETE
6,0.33346447348594666,2025-04-01 20:08:58.042010,2025-04-01 20:09:16.161980,0 days 00:00:18.119970,0.5893807826478475,0.9809545158892939,8,0.14883748162872007,0.2495206686556463,0.0486371346931381,0.045159670192826594,0.018801797220666595,0.03751771465360777,0.00010268258620645963,8,49,0.09546970167389929,0.15587850720192056,False,True,True,1.590787155926892e-07,COMPLETE
7,0.2834445536136627,2025-04-01 20:09:16.167161,2025-04-01 20:10:14.681857,0 days 00:00:58.514696,0.6950066164948997,0.6102110900325342,2,0.15150217420209983,0.018769305883377198,0.05518463655184719,0.04526107993069293,0.016921651299534178,0.040999106713125295,0.0046724084356067124,16,43,0.07122010738012163,0.18966834649238984,False,True,False,3.8022733087660925e-05,COMPLETE
8,0.4261276721954346,2025-04-01 20:10:14.687799,2025-04-01 20:10:33.791608,0 days 00:00:19.103809,0.6917156854991113,0.23488025004903126,16,0.29532936002204246,0.1640260967149617,0.08383952968054462,0.02648694711911282,0.0425766714609681,0.057794979984994437,0.00165571770361585,12,52,0.05677549449173791,0.24718098291597373,True,False,False,0.00014113923207423622,COMPLETE
9,0.4315437078475952,2025-04-01 20:10:33.797747,2025-04-01 20:12:18.991057,0 days 00:01:45.193310,0.27218256277886643,0.060822299090980574,2,0.07488532612186005,0.20653424141382118,0.006513824474296716,0.04883189339196052,0.05770736318442431,0.05213754480376605,0.0003652454319193076,27,126,0.04884160687436855,0.23535292766854973,False,False,False,4.878337815700001e-07,COMPLETE
10,0.4258946418762207,2025-04-01 20:12:18.997603,2025-04-01 20:12:44.830109,0 days 00:00:25.832506,0.9677113074012471,0.4324917735171565,16,0.22759401474654628,0.2978745948917097,0.029005337721809205,0.07992506527177287,0.09822043702280117,0.07846552804119805,1.5402153918280064e-05,22,88,0.03420457437850917,0.29201229493178793,True,False,False,2.655206331144712e-06,COMPLETE
11,0.4277082800865174,2025-04-01 20:12:44.836642,2025-04-01 20:13:08.684640,0 days 00:00:23.847998,0.35144874464679593,0.021709261169823864,16,0.07991278991326768,0.24434583381365987,0.0025921247490816373,0.003561208266243999,0.06208848167346445,0.027496815376516007,0.00021999137063854546,22,98,0.04383292201913841,0.29684964105631056,False,False,False,1.2989755309947677e-06,COMPLETE
12,0.4217899918556214,2025-04-01 20:13:08.691521,2025-04-01 20:13:37.421689,0 days 00:00:28.730168,0.04718237479658091,0.017015193423766117,16,0.06825790370772467,0.24296094027822143,0.01702374454154272,0.06886950532999793,0.04817665337301835,0.06803524095601746,0.0002990633977261662,30,140,0.05996155418256294,0.24526111205091283,False,False,False,6.659628999252121e-07,COMPLETE
13,0.4375552535057068,2025-04-01 20:13:37.429145,2025-04-01 20:15:09.561423,0 days 00:01:32.132278,0.4229592615448168,0.35650591933337766,2,0.20565977390505583,0.299600898144964,0.001861479909954911,0.024891177814714414,0.07199457089779819,0.0517054464338749,0.012583395060071183,23,149,0.03163967388394154,0.0011772223729170084,False,False,False,4.597838106649836e-06,COMPLETE
14,0.44094072580337523,2025-04-01 20:15:09.568890,2025-04-01 20:15:40.432921,0 days 00:00:30.864031,0.4742042574561088,0.35468402677531224,8,0.2103729151514317,0.2988487994771834,0.031753469980179916,0.020998204138816375,0.07612391373145831,0.023523848951010725,0.017044608910256446,21,71,0.0334037239913345,0.004789081049492778,False,False,False,1.2750924335343743e-05,COMPLETE
15,0.3951537609100342,2025-04-01 20:15:40.440720,2025-04-01 20:16:09.136106,0 days 00:00:28.695386,0.45303020917512377,0.2975183751479913,8,0.24029442989169184,0.11902882674570936,0.03242249282899692,0.016177102509830447,0.0831073085283734,0.003914483659690417,0.013625807267713145,18,73,0.026937829197176338,0.010775824779275097,False,False,False,7.623420941994045e-06,COMPLETE
16,0.425259530544281,2025-04-01 20:16:09.144148,2025-04-01 20:16:38.912566,0 days 00:00:29.768418,0.4836715816706583,0.31148424280302667,8,0.1853868226683452,0.2679665242394442,0.042917115102627676,0.001492382224720215,0.08097901585544853,0.021297283788498655,0.01974610755838048,19,99,0.0014285637418236657,0.0029287240592671916,False,False,False,5.4526662738313724e-06,COMPLETE
17,0.4311056733131409,2025-04-01 20:16:38.920956,2025-04-01 20:17:14.152935,0 days 00:00:35.231979,0.4232200589412808,0.18212236957219718,8,0.17416194952286373,0.22100994355967724,0.07109482891855629,0.03411517813960359,0.0714351388757376,0.08278306416211006,0.010572219050661526,24,145,0.031115198718662297,0.11925712677974284,False,False,False,1.0297657627526785e-08,COMPLETE
18,0.32308109998703005,2025-04-01 20:17:14.161445,2025-04-01 20:17:35.539682,0 days 00:00:21.378237,0.1382788897337774,0.3840717701980203,8,0.2630664563439941,0.1124469439660837,0.09938981426680679,0.05892557663438765,0.03630865961230959,0.034339053363109495,0.026070744224836993,12,64,0.022722798506343636,0.03202015647560366,True,True,True,0.00017398987013173347,COMPLETE
19,0.432801365852356,2025-04-01 20:17:35.548520,2025-04-01 20:18:54.562763,0 days 00:01:19.014243,0.5882761734700996,0.5434929759571892,2,0.11472260091314511,0.2759378489420452,0.022388714647335106,0.015554024349070031,0.09797756327133376,0.018056489157315406,0.0007821526398904802,19,101,0.04097471921370362,0.03339983997737734,False,False,False,2.7552311394690283e-06,COMPLETE
20,0.37519005537033084,2025-04-01 20:18:54.572334,2025-04-01 20:19:53.959547,0 days 00:00:59.387213,0.3784066215707037,0.17532386643069559,2,0.2420180642819294,0.2182508871705421,0.040463035263183914,0.061143327343691364,0.056789786122700456,0.05932905633933257,0.0080078203371653,13,111,0.01707118879452569,0.0866242273520475,False,False,False,0.0008335715618254566,COMPLETE
21,0.4370975613594056,2025-04-01 20:19:53.969174,2025-04-01 20:20:16.247000,0 days 00:00:22.277826,0.9978421071676229,0.7470405920854376,16,0.21126833753336868,0.2921738591252502,0.0018845482930983926,0.02312689122499596,0.07329483404636022,0.049500958213073494,0.0787422489256593,22,32,0.07099949931692218,0.14088936110495062,False,False,False,1.0383034744049962e-05,COMPLETE
22,0.4372535586357117,2025-04-01 20:20:16.257551,2025-04-01 20:20:49.036562,0 days 00:00:32.779011,0.5371378927397716,0.5454263698466054,8,0.21255543569606417,0.2720671218579443,0.0014342302738681134,0.03368361473282219,0.07341472284756106,0.031961024783364156,0.03322449755308083,24,38,0.08154742254269204,0.15983759593265448,False,False,False,1.2741193472171605e-05,COMPLETE
23,0.4365326046943665,2025-04-01 20:20:49.046569,2025-04-01 20:21:23.097188,0 days 00:00:34.050619,0.5069602035875636,0.3764994771801315,8,0.1767093226851432,0.26438030006732166,0.015131056979851667,0.03586582625339013,0.08744016607557276,0.013167278787394949,0.02710288922863097,25,59,0.08462225326214462,0.16555083626418626,False,False,False,1.6326398914427792e-05,COMPLETE
24,0.4395376205444336,2025-04-01 20:21:23.108082,2025-04-01 20:21:56.892337,0 days 00:00:33.784255,0.535749923962354,0.5421454433656789,8,0.27528710283879265,0.2754651573347482,0.06212672725854296,0.016353894269497946,0.07862887839338677,0.030037350982987546,0.006736851489379836,24,82,0.038134262429013674,0.12700295072853984,False,False,False,9.682260807247616e-05,COMPLETE
25,0.4381882190704346,2025-04-01 20:21:56.903224,2025-04-01 20:22:27.258510,0 days 00:00:30.355286,0.3277097554276647,0.46624708480686433,8,0.29153608424062766,0.2353113747745162,0.06634103868466691,0.011514017439362964,0.07916378609017997,0.02772094822598403,0.007811271242710235,20,85,0.03740447354057519,0.03024633195381707,False,False,False,0.00015819452469825656,COMPLETE
26,0.2804898262023926,2025-04-01 20:22:27.270032,2025-04-01 20:22:55.130366,0 days 00:00:27.860334,0.29760532959461916,0.4905191685304129,8,0.2906234817504958,0.2023858367320523,0.06118656509716812,0.01052309810894963,0.09084539072768553,0.027185933587915028,0.006465169924774773,19,84,0.040589990618499466,0.0339743712843341,True,True,True,0.0001600360000854088,COMPLETE
27,0.41399636268615725,2025-04-01 20:22:55.141705,2025-04-01 20:23:25.828544,0 days 00:00:30.686839,0.2309200760348975,0.6076142716787518,8,0.2710073024619936,0.23402871604204248,0.0651010245440483,0.015741846780627206,0.08192908838760823,0.011359047140464842,0.001034670611157401,20,85,0.05864093466367541,0.0662531827749648,False,False,False,0.00037978408776777117,COMPLETE
28,0.43346301317214964,2025-04-01 20:23:25.840156,2025-04-01 20:23:51.698009,0 days 00:00:25.857853,0.3400019359076514,0.4522160104561446,8,0.2533098084180407,0.25690969087211524,0.06178396667989389,0.009036822583525709,0.06280884089060387,0.027427741703172075,0.0011582846080497654,15,65,0.05020068457541023,0.11985143020683589,False,False,False,7.958213114050453e-05,COMPLETE
29,0.29491857886314393,2025-04-01 20:23:51.710481,2025-04-01 20:24:24.991693,0 days 00:00:33.281212,0.16278696245193575,0.24638438158930426,8,0.298513744324187,0.19031429596639088,0.050247803231987374,0.01970536324181058,0.05209475127045657,0.020956413848241446,0.003932665857671768,29,80,0.021081884328483232,0.050715607461568,False,False,True,3.1638980030948644e-05,COMPLETE
30,0.4097502827644348,2025-04-01 20:24:25.004970,2025-04-01 20:24:56.605421,0 days 00:00:31.600451,0.5685654780361638,0.5273951992847642,8,0.003923342544315589,0.22523506199171137,0.07158385163613304,0.005927635413289022,0.07827725080660385,0.016801654747819028,0.006348013472098036,21,94,0.009360411326532408,0.09462703916897092,False,False,False,0.0003553953912637721,COMPLETE
31,0.4443513751029968,2025-04-01 20:24:56.618008,2025-04-01 20:26:31.878732,0 days 00:01:35.260724,0.40255256381065463,0.37506709393804577,2,0.2768351106903111,0.2782785325797103,0.041452706487747355,0.03241482492616183,0.06648468086373896,0.03281057483602443,0.014452783760671307,24,133,0.03488904706166855,0.021974487364955875,False,False,False,7.685916727217856e-05,COMPLETE
32,0.44148366451263427,2025-04-01 20:26:31.891466,2025-04-01 20:27:08.790418,0 days 00:00:36.898952,0.3994610806763017,0.38269630053925696,8,0.2815637492015691,0.28005576842431373,0.03875030141672716,0.030882013357854933,0.0654685904359843,0.026801766923462776,0.015220333755707924,26,134,0.03682745440497693,0.024256605618557338,False,False,False,0.00011897076831312006,COMPLETE
33,0.4405244827270508,2025-04-01 20:27:08.803800,2025-04-01 20:27:45.365191,0 days 00:00:36.561391,0.3933204710044072,0.3939704476360497,8,0.27514432966321717,0.28856408985512255,0.037930295982936686,0.03886933680511692,0.06545941529998142,0.037630458603049796,0.016794708092814487,26,136,0.047084553318958514,0.02022419132663426,False,False,False,6.541272144359294e-05,COMPLETE
34,0.3774013161659241,2025-04-01 20:27:45.378621,2025-04-01 20:29:29.403686,0 days 00:01:44.025065,0.40998803812959805,0.2980319081466927,2,0.22997611114614908,0.27844839234574553,0.03722154059170838,0.030464277616376913,0.06377090676522176,0.03799415468487255,0.08074975588791082,27,133,0.04499176341279874,0.06252973395330544,False,False,False,2.2033219884910953e-05,COMPLETE
35,0.27964158058166505,2025-04-01 20:29:29.417128,2025-04-01 20:30:56.018487,0 days 00:01:26.601359,0.2391190411769225,0.13675052435652196,2,0.25690144079216387,0.2871398268529886,0.034220371103133265,0.0403849812820128,0.047942736343282236,0.0444754507417148,0.018547754071218333,26,112,0.028111552170853198,0.018378716113918652,False,True,False,5.99899197403511e-05,COMPLETE
36,0.37367677688598633,2025-04-01 20:30:56.032527,2025-04-01 20:31:34.658183,0 days 00:00:38.625656,0.47560375691471873,0.40519979678411777,8,0.2810133384961093,0.25690015395359916,0.046368552410475654,0.05287361681331512,0.06626107921440214,0.022600931393995053,0.04466853891933698,28,138,0.05048286898563613,0.04969984141214395,False,False,False,0.00029338976513027177,COMPLETE
37,0.2841778099536896,2025-04-01 20:31:34.673163,2025-04-01 20:32:09.629487,0 days 00:00:34.956324,0.6367544312149634,0.32643185840097344,8,0.24454596667100234,0.12201827848554844,0.0235046952731574,0.03676044320512924,0.05557834906622373,0.035595929626203594,0.0029657527755726073,26,122,0.06296756692710612,0.020528178672443893,True,False,True,5.7331081688407236e-05,COMPLETE
38,0.2804898262023926,2025-04-01 20:32:09.644038,2025-04-01 20:33:47.889420,0 days 00:01:38.245382,0.8076059927659256,0.2041477815216214,2,0.22513242278797557,0.0045606399107889495,0.05586737814471446,0.029192205755184258,0.039930956460973416,0.04199540560202631,0.05392414592252832,30,130,0.023859748706177453,0.07608097372432208,False,True,False,4.047924282064638e-05,COMPLETE
39,0.38558577299118046,2025-04-01 20:33:47.904480,2025-04-01 20:34:26.073494,0 days 00:00:38.169014,0.22074394911447318,0.247056005799523,8,0.2621101386839791,0.08469781567665682,0.042190767529384596,0.04055056241082577,0.0681595560657042,0.008662487959022556,0.09937671142040529,28,109,0.03456262558690674,0.04984015242119346,False,False,False,0.0005112881686587799,COMPLETE
40,0.3795253038406372,2025-04-01 20:34:26.089052,2025-04-01 20:35:53.851392,0 days 00:01:27.762340,0.09056517765205885,0.10623730136339643,2,0.12709555981628354,0.041996440584429195,0.02812167105710039,0.05331085239994835,0.08960129046293994,0.0471210976292704,0.0018170889286503343,25,119,0.05378421196508665,0.0423513905917817,True,False,True,2.3912643005216767e-05,COMPLETE
41,0.4450497746467591,2025-04-01 20:35:53.867526,2025-04-01 20:36:28.765110,0 days 00:00:34.897584,0.5156541461607254,0.5774658124424923,8,0.2783792921636698,0.28288473448423385,0.037985199059810126,0.024118930279019252,0.07603378452397329,0.03221540609792512,0.01804567439464411,24,135,0.03814638034024552,0.017392668139634162,False,False,False,7.950423743888388e-05,COMPLETE
42,0.4329598188400269,2025-04-01 20:36:28.781885,2025-04-01 20:37:02.661331,0 days 00:00:33.879446,0.3964234964763511,0.6154269126356768,8,0.2806760350816757,0.28420480039013474,0.03681872803177522,0.022606078323161354,0.068922756573661,0.03930235139219572,0.016843787014173873,23,137,0.0448451259208757,0.01808376140827211,False,False,False,0.00011133378068501431,COMPLETE
43,0.4295786261558533,2025-04-01 20:37:02.678025,2025-04-01 20:37:38.250866,0 days 00:00:35.572841,0.4540939213685693,0.6765180808264606,8,0.28210739765878373,0.2555888874291646,0.022451745098680108,0.02947990637746337,0.060102756161546894,0.02473790362589306,0.02757730502372479,25,129,0.035333999705312605,0.06848603792531084,False,False,False,0.00025448531040033525,COMPLETE
44,0.42163536548614505,2025-04-01 20:37:38.267478,2025-04-01 20:38:13.849086,0 days 00:00:35.581608,0.3652768257297987,0.42558150439096853,8,0.2519798631822399,0.29595845743466204,0.04575622178070772,0.04436403457878345,0.07413864788381899,0.03303937419639912,0.01135064658169845,27,6,0.04660796241712095,0.016382232968812138,False,False,False,5.356199399208267e-05,COMPLETE
45,0.4113581538200379,2025-04-01 20:38:13.865749,2025-04-01 20:38:48.107675,0 days 00:00:34.241926,0.6415174740870551,0.35911145920533233,8,0.22428561580794926,0.28378753187380734,0.052535939401445186,0.02040605438301527,0.06562244393717254,0.016309133420921235,4.284983632524721e-05,23,149,0.029597998389811073,0.008449356259714148,False,False,False,1.8658327420280443e-05,COMPLETE
46,0.33933226466178895,2025-04-01 20:38:48.125686,2025-04-01 20:39:09.502294,0 days 00:00:21.376608,0.7297938930348831,0.7895813327626374,16,0.26129160595818374,0.29987000551170967,0.03234054103570414,0.02809577809350393,0.051300473078970045,0.05785373300764431,0.03672761830972927,21,143,0.0638687064376026,0.03872671051133328,False,True,False,8.095437451078982e-05,COMPLETE
47,0.4346060395240784,2025-04-01 20:39:09.520069,2025-04-01 20:40:22.916823,0 days 00:01:13.396754,0.5264268894417009,0.9351971924547532,2,0.0494229298603832,0.24221204629873205,0.03836913974938829,0.03869844332766414,0.0860932103010428,0.04206244327141628,0.0042056744842721185,17,124,0.05467110506748975,0.0010332297370300655,False,False,False,8.72660176619819e-06,COMPLETE
48,0.4094759464263916,2025-04-01 20:40:22.934657,2025-04-01 20:41:03.039416,0 days 00:00:40.104759,0.32276863992685234,0.2631215551506849,8,0.19382329124860256,0.26430949943637305,0.029951202560840308,0.09189399862515643,0.07620804113125976,0.03146258688349339,0.018266683813270145,26,135,0.041080630087639174,0.020331221558617746,True,False,False,1.3218835845008084e-06,COMPLETE
49,0.3866770625114441,2025-04-01 20:41:03.057307,2025-04-01 20:41:22.400315,0 days 00:00:19.343008,0.44620720336811015,0.3318200192051784,8,0.16446424372933188,0.24818345145213444,0.044884728645422506,0.049230969138360094,0.06029700010951689,0.03700111507437524,0.05515606207470544,7,73,0.014755090485005888,0.05888965667070324,False,False,False,0.0006099615191410664,COMPLETE
50,0.28998370766639714,2025-04-01 20:41:22.419156,2025-04-01 20:41:46.719696,0 days 00:00:24.300540,0.28147229702358556,0.5037843661692332,16,0.23778130847609,0.17558067708070768,0.02580550339900505,0.0326956581143084,0.09453939357079279,0.02470604851395694,0.009634196767739037,29,115,0.032630844702673516,0.19611209255109238,False,False,True,0.00022241507866270296,COMPLETE
51,0.43660402297973633,2025-04-01 20:41:46.738736,2025-04-01 20:42:21.093723,0 days 00:00:34.354987,0.5473844605338255,0.5540164427640497,8,0.27287305364967285,0.2749843337732545,0.05660790753371737,0.01743117372400819,0.07766981623466844,0.029967702911806546,0.014237220437388454,24,104,0.0383914172760634,0.11185430464669444,False,False,False,9.37004831845669e-05,COMPLETE
52,0.4373229026794434,2025-04-01 20:42:21.112830,2025-04-01 20:42:53.779885,0 days 00:00:32.667055,0.5018327041169575,0.5945434503287166,8,0.29874748176874266,0.2845954885515229,0.03449408545753389,0.024804215131081442,0.08403014796108568,0.01865444568097916,0.005420191980532054,23,55,0.026236170133933367,0.13810550008810987,False,False,False,3.475953232578653e-05,COMPLETE
53,0.42358134984970097,2025-04-01 20:42:53.799140,2025-04-01 20:43:26.514196,0 days 00:00:32.715056,0.6075284936795325,0.4125465648206746,8,0.27486467180613605,0.2613765395934891,0.04950456598715298,0.026431707605388786,0.07178464505142013,0.03034052139546035,0.022906192408896128,21,150,0.03832590731163162,0.026643323159828633,False,False,False,0.00011569655261713106,COMPLETE
54,0.4353188395500183,2025-04-01 20:43:26.534039,2025-04-01 20:44:02.764694,0 days 00:00:36.230655,0.3916407769017907,0.4693265290501516,8,0.28681636179890907,0.27376016123069596,0.019322164896685867,0.013839718132392138,0.06877087452670978,0.09447025256475242,0.0026438625824835933,25,141,0.04739791372781171,0.23122512411336565,False,False,False,5.503319699523528e-06,COMPLETE
55,0.4399823784828186,2025-04-01 20:44:02.784705,2025-04-01 20:44:37.288732,0 days 00:00:34.504027,0.4726650338185563,0.6566149940183321,8,0.26388212190126836,0.28876275779927535,0.040862343347792644,0.021482888745681137,0.055008414381323076,0.002180114116255419,0.009598468625383693,24,127,0.04289482589973149,0.26120482955005897,False,False,False,7.460632597484368e-08,COMPLETE
