number,value,datetime_start,datetime_complete,duration,params_alpha-eval,params_alpha-train,params_batch-size,params_eps-eval,params_eps-train,params_lambda-actions-eval,params_lambda-actions-train,params_lambda-frames-eval,params_lambda-frames-train,params_learning-rate,params_n-epochs,params_n-frames,params_radius-gw,params_rho,params_std-feats,params_ub-actions,params_ub-frames,params_weight-decay,state
739,0.450225841999054,2025-04-02 10:26:13.680977,2025-04-02 10:27:52.132694,0 days 00:01:38.451717,0.8666773144158456,0.2026576724333844,2,0.23317215613613687,0.0763295147684342,0.009008981230220993,0.07002430927830404,0.016026529911220826,0.02528428701785531,0.03856128534896265,25,63,0.018267411004539793,0.1380276294639166,True,False,False,0.0005689438631634443,COMPLETE
740,0.44299846887588507,2025-04-02 10:27:52.382471,2025-04-02 10:29:27.446297,0 days 00:01:35.063826,0.8855050976106664,0.2006287757728789,2,0.23081087191399408,0.06789614208386446,0.006065029321306342,0.07541967931245443,0.014627688679881005,0.025052019791147143,0.03673705664733252,24,64,0.01795689847863424,0.14461769268342167,True,False,False,0.0006507035059849635,COMPLETE
741,0.43505063056945803,2025-04-02 10:29:27.682720,2025-04-02 10:31:02.043275,0 days 00:01:34.360555,0.8745089889193662,0.19928351435439692,2,0.2336543516200485,0.08119367049297863,0.008678377177936621,0.07134200950158585,0.02012170866455886,0.02564057667436171,0.031659422759117074,24,66,0.013316858182283809,0.13592319870022648,True,False,False,0.0005895589247580661,COMPLETE
742,0.3404895126819611,2025-04-02 10:31:02.290281,2025-04-02 10:32:23.806119,0 days 00:01:21.515838,0.8659823865036361,0.15421524379035276,2,0.22549420691631225,0.060078348849182825,0.008997140371904527,0.07049702697019697,0.027404411098959098,0.02299456346637953,0.03839281290462047,24,58,0.015497042894563648,0.1388084704891036,True,True,False,3.899065908827545e-07,COMPLETE
743,0.445127809047699,2025-04-02 10:32:24.039405,2025-04-02 10:34:02.282220,0 days 00:01:38.242815,0.8927563326046856,0.16017318580766865,2,0.23627876402209275,0.1005644165196068,0.004537723716192698,0.07284061391387937,0.024927369835137676,0.02487131845914291,0.02946636528839303,25,64,0.01783439129025382,0.1593526327095471,True,False,False,0.0008083609930303232,COMPLETE
744,0.42019070386886603,2025-04-02 10:34:02.527982,2025-04-02 10:34:28.585956,0 days 00:00:26.057974,0.8616044294338275,0.17735799910115282,16,0.22857125687650134,0.07166250399852249,0.0069735166364502665,0.06932999528154388,0.013243472015678054,0.022461973551691786,0.042448390480135524,25,59,0.011150656140879298,0.14865584630511,True,False,False,0.0006178255564737334,COMPLETE
745,0.41113268136978154,2025-04-02 10:34:28.834841,2025-04-02 10:36:03.438198,0 days 00:01:34.603357,0.8777447169537794,0.18089761913864363,2,0.24097877201052878,0.08510251686582095,0.012491836511220263,0.0695564726906837,0.0152736469742506,0.02659195966191273,0.04012793480150037,24,60,0.014020370731805553,0.14261076832666733,True,False,False,0.0009858435205573096,COMPLETE
746,0.4117584586143494,2025-04-02 10:36:03.668202,2025-04-02 10:36:56.551013,0 days 00:00:52.882811,0.8935716577809402,0.22790494231562658,2,0.22452735210159444,0.07807946799914565,0.00954429852968446,0.07196846175274255,0.018233504520325655,0.025412756925613962,0.043473627379266834,11,53,0.016275662722940013,0.1526732186285898,True,False,False,0.0005452817676073425,COMPLETE
747,0.44729037284851075,2025-04-02 10:36:56.796633,2025-04-02 10:38:34.198587,0 days 00:01:37.401954,0.8569442412465539,0.2141977025375486,2,0.23331354994394324,0.07445045237229764,0.07354080610373936,0.06826617561573521,0.02104953574747701,0.021053678905284874,0.02991439642330135,25,62,0.017829994492071767,0.13480778970441007,True,False,False,0.0007978425418130276,COMPLETE
748,0.41681411266326907,2025-04-02 10:38:34.431228,2025-04-02 10:40:14.265570,0 days 00:01:39.834342,0.8461555276317585,0.1929077657644673,2,0.2395489837976632,0.0760353441024527,0.0110233203253396,0.06683153008850372,0.015941308895358528,0.02344254705669848,0.03790975143861207,25,68,0.01227118497761998,0.1389196666465961,True,False,False,0.0006822723199832759,COMPLETE
749,0.43636741638183596,2025-04-02 10:40:14.514247,2025-04-02 10:41:53.366950,0 days 00:01:38.852703,0.8778583088248565,0.21485563385263862,2,0.2327454545816777,0.09610748550992634,0.015729318696204118,0.07392652069002521,0.013514847840270136,0.029119026351092956,0.046720634907053187,25,68,0.003575013550688566,0.13064919512110162,True,False,False,7.92106043206268e-07,COMPLETE
750,0.42464432716369627,2025-04-02 10:41:53.615999,2025-04-02 10:43:28.888955,0 days 00:01:35.272956,0.9064997676592921,0.239471341723167,2,0.23793720523412376,0.08671451341255626,0.013361972403041952,0.07028244336207473,0.012091271181126408,0.026013472100551077,0.05747668366080311,24,70,0.008093020164006419,0.14398767890302114,True,False,False,0.0004429234679033137,COMPLETE
751,0.38197692632675173,2025-04-02 10:43:29.124225,2025-04-02 10:45:07.925293,0 days 00:01:38.801068,0.8436704320782882,0.2026027889721329,2,0.01283243166452816,0.11029456152089985,0.02033666526703252,0.06732330178339667,0.017444364259272687,0.028032170015505974,0.036009398911885024,25,72,0.014705488451515291,0.1291814381905837,True,False,False,0.000353517406140254,COMPLETE
752,0.44897251129150395,2025-04-02 10:45:08.170110,2025-04-02 10:46:47.290372,0 days 00:01:39.120262,0.864058506150504,0.22162377093758223,2,0.2248548068120289,0.1060211152857086,0.008366219364621579,0.04135304213405297,0.02270571819811599,0.020639202423038485,0.053160335679383,25,75,0.05642833704013695,0.1354534692916289,True,False,False,0.0005809627281991434,COMPLETE
753,0.3004162430763245,2025-04-02 10:46:47.525099,2025-04-02 10:48:11.582292,0 days 00:01:24.057193,0.8228372460224628,0.2458052626701362,2,0.2464619689950529,0.1004646099428526,0.017012047165541864,0.07804364631449844,0.014315175867262692,0.05941055555976921,0.09967185272507441,25,64,0.02101106938437541,0.1538604980697011,True,False,True,0.0008079151534714532,COMPLETE
754,0.4416653871536255,2025-04-02 10:48:11.827874,2025-04-02 10:49:46.654123,0 days 00:01:34.826249,0.801367199202473,0.1880452185083114,2,0.24260369901361453,0.08786795384421214,0.01029313323701386,0.07532372596446771,0.011856605600753129,0.023568747827361555,0.04423851823648603,24,55,0.018436893979989103,0.1400389430379728,True,False,False,0.0005124515225881976,COMPLETE
755,0.4431964278221131,2025-04-02 10:49:46.902809,2025-04-02 10:51:28.598330,0 days 00:01:41.695521,0.8928044821760396,0.24998441931636559,2,0.2318442714927365,0.09509594507031884,0.006112352156000894,0.06687489660786285,0.01578425798756928,0.026262251365212614,0.05462836928620627,26,67,0.015996750627123944,0.12519410801275588,True,False,False,0.0006681890576812957,COMPLETE
756,0.3448560476303101,2025-04-02 10:51:28.834743,2025-04-02 10:53:09.082134,0 days 00:01:40.247391,0.8394352953367278,0.21269087448903504,2,0.2366381191613219,0.07991187606368329,0.012185732839178245,0.08911038236458084,0.017477488668358618,0.029811253183892734,0.07911621385672431,26,62,0.013157356260671011,0.13387389540887834,True,False,False,5.315473243161586e-08,COMPLETE
757,0.43763920068740847,2025-04-02 10:53:09.329670,2025-04-02 10:54:47.896661,0 days 00:01:38.566991,0.8613355061104383,0.23540503298592472,2,0.22523725202540604,0.11129173667899779,0.014331508215268227,0.07123593375771266,0.01904968712159999,0.02211772203178369,0.037078942782996414,25,74,0.019958465188943987,0.14622800686466655,True,False,False,0.0008394885961142442,COMPLETE
758,0.427721118927002,2025-04-02 10:54:48.149549,2025-04-02 10:56:23.879805,0 days 00:01:35.730256,0.8815857333411035,0.2578390753168822,2,0.2449980626672795,0.10460575012173741,0.019059608774555793,0.065542965193964,0.011447442248125104,0.024502312056575052,0.06190152379840024,24,72,0.009353085366978544,0.1288117104043507,True,False,False,0.0004613371490124181,COMPLETE
759,0.4432472109794617,2025-04-02 10:56:24.119110,2025-04-02 10:58:07.912939,0 days 00:01:43.793829,0.8387636745395153,0.16960958978238078,2,0.23056941752690158,0.1173975298301246,0.010402870406080983,0.06847775554853486,0.013290781033470426,0.028237869036006422,0.04664155146793594,26,70,0.015488541999811006,0.1387460074391579,True,False,False,0.00032476919128570465,COMPLETE
760,0.2804898262023926,2025-04-02 10:58:08.163919,2025-04-02 10:59:34.136891,0 days 00:01:25.972972,0.6111415192685449,0.2265626427851801,2,0.24166315386379328,0.09945776725410743,0.008076965530093242,0.06519428542289679,0.009007297448694487,0.021076487189070903,0.031110326097316773,25,76,0.010894963614795198,0.12264701797378053,True,True,False,0.000978398530625107,COMPLETE
761,0.4514853715896607,2025-04-02 10:59:34.377020,2025-04-02 11:01:13.843839,0 days 00:01:39.466819,0.8162563335259794,0.2593370486562955,2,0.24836183384815286,0.09152288813270483,0.012355855435246789,0.06928350590108184,0.021174081456622616,0.026037703659294018,0.07104574172287081,25,76,0.017666934864223733,0.13155791570862704,True,False,False,0.0006317107653317106,COMPLETE
762,0.4346245408058167,2025-04-02 11:01:14.094724,2025-04-02 11:02:49.830632,0 days 00:01:35.735908,0.7959416353630652,0.25006643872297485,2,0.25102190682443215,0.05928065303513498,0.011548167428283601,0.07201408149918172,0.02474664465356496,0.019082194011550008,0.08306992939873764,24,77,0.01851854397015615,0.1483093721246558,True,False,False,0.00040340319369043797,COMPLETE
763,0.4242094397544861,2025-04-02 11:02:50.082603,2025-04-02 11:03:39.998670,0 days 00:00:49.916067,0.8120550012074055,0.2101178221324643,2,0.2576404903809039,0.08802201501025245,0.0049898203640928,0.07028561935322193,0.0214954543423214,0.029561874749732077,0.07764696670048786,10,84,0.02150914815619319,0.13391930856825007,True,False,False,0.0005421607384439749,COMPLETE
764,0.4335865497589112,2025-04-02 11:03:40.238616,2025-04-02 11:05:23.132142,0 days 00:01:42.893526,0.7992202140142595,0.2334174336101516,2,0.2515486199881109,0.08028598387537458,0.009012820682444226,0.0730132236324303,0.02007768231187377,0.023822594571574318,0.09961771072605646,26,76,0.08517686475373792,0.16857272450438193,True,False,False,2.5456974627013134e-08,COMPLETE
765,0.4445896148681641,2025-04-02 11:05:23.381578,2025-04-02 11:07:03.230080,0 days 00:01:39.848502,0.8164627513773665,0.2615383947092294,2,0.24668053225120762,0.07310224013076129,0.00681564523364377,0.06936173952725903,0.02331207882716402,0.02751969059894826,0.06928675646339053,25,82,0.01757948775943119,0.13896826362224515,True,False,False,0.0003201639368679754,COMPLETE
766,0.4372747898101807,2025-04-02 11:07:03.468649,2025-04-02 11:07:23.432429,0 days 00:00:19.963780,0.8287901455439838,0.24509047373780823,16,0.249456682308031,0.09047699996738795,0.012848136147647132,0.0736942704794679,0.01053789759008062,0.026043281118266863,0.06937719043487005,16,20,0.019574889282280652,0.1444140657587055,True,False,False,0.0006177526905082631,COMPLETE
767,0.44030350446701055,2025-04-02 11:07:23.685665,2025-04-02 11:09:06.423794,0 days 00:01:42.738129,0.9121035378861845,0.19492600250632525,2,0.2596317587167462,0.08240683903032534,0.010780449899131985,0.06786261609828989,0.02198998044976118,0.022560929363139616,0.060119081510583615,26,78,0.01722672101009348,0.15646276643397056,True,False,False,7.146581019831521e-06,COMPLETE
768,0.3800934612751007,2025-04-02 11:09:06.677159,2025-04-02 11:10:45.023049,0 days 00:01:38.345890,0.7918357886000473,0.26291370250086465,2,0.24480392178526997,0.09263287632719114,0.012384349366970547,0.07042183913087079,0.009763580902255802,0.01917957984995494,0.08350304340286195,25,70,0.013587829875385184,0.132013154590959,True,False,False,0.0004054117469514481,COMPLETE
769,0.44121394157409666,2025-04-02 11:10:45.263496,2025-04-02 11:12:23.878305,0 days 00:01:38.614809,0.832052963117667,0.22418447508413133,2,0.23571502417187384,0.10726898739082819,0.02050116971502833,0.07643791130392187,0.012659437519637877,0.029005447360192577,0.0680849058039785,25,75,0.020269353283902662,0.14278561739142684,True,False,False,0.0005199478742562195,COMPLETE
770,0.4528712868690491,2025-04-02 11:12:24.131038,2025-04-02 11:14:06.400206,0 days 00:01:42.269168,0.8643880733044104,0.26352513382708653,2,0.2535815656116926,0.09683960116190381,0.009065248834036812,0.06854153374046866,0.02524143554712572,0.08933478194188824,0.05789431000388284,26,66,0.016534590750049778,0.12987178722687856,True,False,False,0.0009956892608249798,COMPLETE
771,0.423123049736023,2025-04-02 11:14:06.660126,2025-04-02 11:15:48.123151,0 days 00:01:41.463025,0.8082721313928732,0.2679945462892186,2,0.26231692476313856,0.09628703833744766,0.017004517428004975,0.06693407711579828,0.02880393135982219,0.0910767178685747,0.08336791310009414,26,67,0.012354630948347205,0.12019297199051127,True,False,False,0.000990436393696844,COMPLETE
772,0.308061558008194,2025-04-02 11:15:48.364960,2025-04-02 11:17:16.299384,0 days 00:01:27.934424,0.8527288221729455,0.26182000222145685,2,0.25575493420154566,0.10304472389151463,0.08052877779532402,0.06616506935777627,0.02590940074099915,0.01815996884553621,0.05786652220897221,26,72,0.014699064514998967,0.12740734728537997,True,False,True,0.0008185678163735179,COMPLETE
773,0.43412758111953736,2025-04-02 11:17:16.553909,2025-04-02 11:19:01.496980,0 days 00:01:44.943071,0.8233082809668509,0.2740166084330855,2,0.2527505418320814,0.09616717087404222,0.014192867680088306,0.07961772451455984,0.025045890429824736,0.0909960566125691,0.06984039807223054,27,84,0.01686964275135168,0.1253542439678936,True,False,False,0.0007963533195140657,COMPLETE
774,0.4418594598770142,2025-04-02 11:19:01.739138,2025-04-02 11:20:43.161168,0 days 00:01:41.422030,0.891976635288576,0.777874107412083,2,0.2567440258323919,0.10690016748860673,0.08779163245579993,0.06828806755144667,0.02267021002853742,0.01981659516507751,0.059040118949524635,26,81,0.014052886573028889,0.13124464288500215,True,False,False,0.0007102435663613823,COMPLETE
775,0.423123049736023,2025-04-02 11:20:43.415108,2025-04-02 11:22:25.679659,0 days 00:01:42.264551,0.8758300161112814,0.24719626534215436,2,0.2631900639322066,0.11350520371669925,0.01008398997580198,0.08162718001100155,0.020176216046046955,0.03168554407531218,0.08568832624602044,26,77,0.01065876786426296,0.11994110584504586,True,False,False,0.0006940860832130428,COMPLETE
776,0.44973778724670416,2025-04-02 11:22:25.936487,2025-04-02 11:24:07.730808,0 days 00:01:41.794321,0.786763327745708,0.30893259972876325,2,0.24911473888589541,0.09221072727453215,0.01187109836133945,0.06016401106292822,0.024668576650894867,0.03038216704500691,0.05364550163294674,26,74,0.016216057248015704,0.1320332696470519,True,False,False,0.000981138887460041,COMPLETE
777,0.4262862801551819,2025-04-02 11:24:07.974542,2025-04-02 11:25:53.733562,0 days 00:01:45.759020,0.9175673905331955,0.28532822342858616,2,0.25478127851869814,0.12115034353962528,0.0067617759478628275,0.06433525726451657,0.025184971451704133,0.0881839028709035,0.07179973675607153,27,69,0.012303737226194338,0.12372673883483828,True,False,False,0.0007955173340656985,COMPLETE
778,0.2804898262023926,2025-04-02 11:25:53.991643,2025-04-02 11:27:21.794151,0 days 00:01:27.802508,0.8471022755969823,0.2517001569281808,2,0.24732509162509514,0.10265690280663953,0.0156240249576403,0.059288851825658406,0.026630545490493582,0.027777155296721034,2.3131777712782916e-05,26,72,0.015489331989019802,0.13564587095931782,True,True,False,0.0006551871870561505,COMPLETE
779,0.4244814038276673,2025-04-02 11:27:22.053221,2025-04-02 11:29:07.362840,0 days 00:01:45.309619,0.8143903594749893,0.3286547587126592,2,0.26563938196790143,0.11116923395128285,0.009189699354556482,0.06805009096839795,0.022576437217208402,0.021904362331206757,0.09956135039145506,27,79,0.014100020594618625,0.12893778951106136,True,False,False,0.0009808540078852016,COMPLETE
780,0.44124598503112794,2025-04-02 11:29:07.608411,2025-04-02 11:30:52.094324,0 days 00:01:44.485913,0.8312616640722705,0.2714758058100228,2,0.24250833623923246,0.09774001481782088,0.021373594235590446,0.065844257105972,0.008797700125933738,0.08599142096189201,0.06268443094470956,26,119,0.017337714323309432,0.11844366303900788,True,False,False,0.0009843737981967903,COMPLETE
781,0.43068594932556153,2025-04-02 11:30:52.350270,2025-04-02 11:32:30.898547,0 days 00:01:38.548277,0.060656519088133354,0.3070875460429884,2,0.25059115363276235,0.09001203176703736,0.013742584264191976,0.06256883381964301,0.010752770549969318,0.09401168899017917,1.123008658982086e-05,25,67,0.005992906508292557,0.1494413187239842,True,False,False,0.0006715146073295682,COMPLETE
782,0.4292930126190186,2025-04-02 11:32:31.158066,2025-04-02 11:34:13.842277,0 days 00:01:42.684211,0.855873119700623,0.29238549333437824,2,0.25885453205948167,0.1267661612205927,0.017184133784602307,0.06366482689231945,0.020524101351099257,0.018169401880187484,0.05376919629501789,26,84,0.020345963617989613,0.13496832252803076,True,False,False,1.1144323838267618e-07,COMPLETE
783,0.43739535808563235,2025-04-02 11:34:14.090530,2025-04-02 11:35:52.610220,0 days 00:01:38.519690,0.8980349427765465,0.23756467575120296,2,0.24417840552784875,0.10097693040452677,0.012323760772747138,0.0687775864770593,0.027277629428954734,0.030869653423934836,0.07461316358106894,25,76,0.015822451711235773,0.1261232361189851,True,False,False,0.0004580870169033793,COMPLETE
784,0.42313250303268435,2025-04-02 11:35:52.868475,2025-04-02 11:37:39.310847,0 days 00:01:46.442372,0.8699136800854924,0.2670356620166744,2,0.2509641377381469,0.11607504562727809,0.007589747493800518,0.059472328255591504,0.02372311722602155,0.05721726400946621,0.04859438944064314,27,74,0.012908452068090069,0.139740365042973,True,False,False,0.0009943844646824033,COMPLETE
785,0.4353493928909302,2025-04-02 11:37:39.569743,2025-04-02 11:39:21.274353,0 days 00:01:41.704610,0.831555257333084,0.3228972999450892,2,0.24215185755187082,0.10559629929883811,0.0037958072475783346,0.06584471682076799,0.009033324550482566,0.07933766295874571,0.06178118054682921,26,70,0.06672300405470119,0.12923986620093555,True,False,False,0.000689151231902012,COMPLETE
786,0.43850647211074834,2025-04-02 11:39:21.519634,2025-04-02 11:39:48.395359,0 days 00:00:26.875725,0.8010333649312548,0.5426027796911765,16,0.23947822185071335,0.09107641429715586,0.018878934574233248,0.0715676292685838,0.012193324846771051,0.02400050754090422,0.08116835340067997,24,81,0.018665743219261097,0.11448082841259992,True,False,False,0.0005722423574603174,COMPLETE
787,0.42417339086532596,2025-04-02 11:39:48.653938,2025-04-02 11:41:27.837672,0 days 00:01:39.183734,0.8860144214098695,0.2775781350724841,2,0.2621535224655024,0.14211766347851293,0.01040182824408961,0.03988224653699462,0.013676244678070694,0.08058536772216648,0.051612989499134905,25,77,0.009682606171886717,0.12195192078377731,True,False,False,0.0008117094012864059,COMPLETE
788,0.43436090946197514,2025-04-02 11:41:28.082091,2025-04-02 11:43:10.654763,0 days 00:01:42.572672,0.9236332706739682,0.2507280728316036,2,0.25477529387175624,0.08751495939610239,0.015072507697556093,0.061513060248571234,0.008584458383741835,0.027398552788911013,0.06572143607742298,26,66,0.014357807732621995,0.1439166128554412,True,False,False,0.0004796391836499008,COMPLETE
789,0.44547129869461066,2025-04-02 11:43:10.913972,2025-04-02 11:44:50.247603,0 days 00:01:39.333631,0.8541901338963117,0.298890650500757,2,0.2489441148949306,0.10839827969245071,0.01144910029445588,0.06706470016252654,0.01891598091543766,0.020645106092952316,0.044189892853517515,25,72,0.01707894752928898,0.13285269449900566,True,False,False,0.0002949463715391739,COMPLETE
790,0.43497197628021245,2025-04-02 11:44:50.509604,2025-04-02 11:46:25.325008,0 days 00:01:34.815404,0.7840276788076779,0.26089538737290857,2,0.22290778970338487,0.034338138004916655,0.008164025405643057,0.06411008607975419,0.02772642635130154,0.017346118353116783,0.05383639429297507,24,79,0.018931564178751525,0.1558376299744092,True,False,False,0.0009968234997227345,COMPLETE
791,0.31630132198333744,2025-04-02 11:46:25.571615,2025-04-02 11:47:57.580905,0 days 00:01:32.009290,0.8185762831455251,0.2943296642186014,2,0.2391212711271379,0.09887258110888764,0.014375711982996878,0.06942515152889274,0.0218736173798643,0.08259012334376588,0.07100146506251218,27,85,0.011102166795386392,0.13749035592544195,True,False,True,0.0006851134010478945,COMPLETE
792,0.43801182508468633,2025-04-02 11:47:57.843780,2025-04-02 11:49:36.568782,0 days 00:01:38.725002,0.8695139812433567,0.32413902403195805,2,0.2295729555517659,0.09493277614327594,0.013021657395224363,0.06229196898493242,0.011215463710908227,0.0988362415369099,0.08546334290934292,25,74,0.02204073746629812,0.12484362029942773,True,False,False,3.348247197985478e-06,COMPLETE
793,0.4452787280082703,2025-04-02 11:49:36.833254,2025-04-02 11:51:19.093636,0 days 00:01:42.260382,0.8445555887655534,0.24280652740373454,2,0.24427221793204001,0.08504528502770686,0.09727517365623113,0.06637360119565874,0.01490361663364086,0.09467066740064356,0.04572216659248354,26,81,0.015849781128306165,0.13105152449003665,True,False,False,0.0003992440076358904,COMPLETE
794,0.423123049736023,2025-04-02 11:51:19.342725,2025-04-02 11:53:01.805643,0 days 00:01:42.462918,0.8938414357137809,0.2756968223744494,2,0.25502336537273346,0.11239164446537565,0.009758886437312177,0.06010449518868863,0.008891505619281655,0.025326217826183883,0.05934057121143603,26,70,0.013194428435099338,0.14995759677281634,True,False,False,0.0007933815708354361,COMPLETE
795,0.43632920980453493,2025-04-02 11:53:02.069204,2025-04-02 11:54:37.912823,0 days 00:01:35.843619,0.8294849931124205,0.6637722416663766,2,0.2361081402627563,0.1009819507145383,0.017540851255620413,0.06433326217333857,0.012176455987945714,0.023035439367829466,0.07348156401347006,24,77,0.017368869617147564,0.14038581483629273,True,False,False,0.0005303335323734368,COMPLETE
