number,value,datetime_start,datetime_complete,duration,params_alpha-eval,params_alpha-train,params_batch-size,params_eps-eval,params_eps-train,params_lambda-actions-eval,params_lambda-actions-train,params_lambda-frames-eval,params_lambda-frames-train,params_learning-rate,params_n-epochs,params_n-frames,params_radius-gw,params_rho,params_std-feats,params_ub-actions,params_ub-frames,params_weight-decay,state
794,0.42173222303390506,2025-04-22 21:32:47.291145,2025-04-22 21:33:04.161789,0 days 00:00:16.870644,0.8163727609403251,0.17390639347729192,16,0.29502243661958766,0.06971411537543215,0.09593517214950091,0.05383609352146078,0.0025859348548451684,0.037307375353767894,0.013038003852309032,6,139,0.0822043535790747,0.19747790517665478,False,False,False,1.0820752154579512e-05,COMPLETE
795,0.4078996658325195,2025-04-22 21:33:04.419303,2025-04-22 21:33:21.246221,0 days 00:00:16.826918,0.8400089039389286,0.2264116027518846,16,0.28551296655155123,0.07914076790617931,0.09336259663740246,0.05700272231778167,0.0222104156380635,0.0370668672358604,0.015183037638150085,6,135,0.08393806544832327,0.19380442886138488,False,False,False,1.4249441420689747e-05,COMPLETE
796,0.33565768599510193,2025-04-22 21:33:21.504916,2025-04-22 21:33:36.407346,0 days 00:00:14.902430,0.8529911412226706,0.19836181060929844,16,0.2945875239144193,0.2580686100477435,0.09522542764017203,0.05845656388394698,0.018113166574749536,0.03921385467018405,0.010357727455267658,7,66,0.08947885872222446,0.2172216561236817,False,True,False,9.465829201450928e-06,COMPLETE
797,0.4298495531082154,2025-04-22 21:33:36.652541,2025-04-22 21:33:53.142504,0 days 00:00:16.489963,0.8971903850061708,0.024574440713309248,16,0.2870019624487671,0.09451354393793332,0.0915270095624518,0.05542756084404635,0.005179840655391268,0.03288971091793573,0.018625403405121983,5,140,0.08101114623738144,0.21738735893141506,False,False,False,1.1164900884940564e-05,COMPLETE
798,0.39338810443878175,2025-04-22 21:33:53.400166,2025-04-22 21:34:10.368553,0 days 00:00:16.968387,0.8239348577406924,0.2585024342826629,16,0.29109173163196117,0.07498927546134712,0.09996024621259478,0.05265529712865991,0.020775406220565926,0.02820067661608915,0.013440918436947839,6,145,0.08601754824527458,0.1818306229719354,False,False,False,8.182866593891297e-06,COMPLETE
799,0.42467764616012577,2025-04-22 21:34:10.630429,2025-04-22 21:34:28.079210,0 days 00:00:17.448781,0.8733955625349104,0.15633820622363434,16,0.28299302890292477,0.07050650585763099,0.09689049848081818,0.059398782702133675,0.02022918191067767,0.04138647016095374,0.005740043373818499,7,137,0.0826148243053912,0.1892405010561928,False,False,False,1.2509464874305256e-05,COMPLETE
800,0.4283396363258362,2025-04-22 21:34:28.323501,2025-04-22 21:34:47.520811,0 days 00:00:19.197310,0.8264059087047725,0.2169133677912764,16,0.2857922708806941,0.08261368721383777,0.08873922198589844,0.057340981249251854,0.023569320299009173,0.03634770258291366,0.011300862111285325,5,133,0.07967447726814651,0.21963898232523377,True,False,False,5.75370949324462e-06,COMPLETE
801,0.42281106710433963,2025-04-22 21:34:47.782823,2025-04-22 21:35:04.860958,0 days 00:00:17.078135,0.8516193182131558,0.2342347918668568,16,0.2927447278203596,0.08894312231967297,0.09438689169689209,0.05994651408888604,0.01935318086966723,0.030892858576345942,0.016199513639604497,6,142,0.08429921357320078,0.20005555243180737,False,False,False,1.929075860194783e-05,COMPLETE
802,0.423160707950592,2025-04-22 21:35:05.121420,2025-04-22 21:35:22.475258,0 days 00:00:17.353838,0.8044583228337512,0.04811213652265375,16,0.29979397050881157,0.07522486978262882,0.09727588515361058,0.05501782764936499,0.018075782537754385,0.03991723677557146,0.008830495814207374,7,138,0.08691581622608235,0.20568902101871991,False,False,False,6.72387920466867e-06,COMPLETE
803,0.4820523381233216,2025-04-22 21:35:22.718085,2025-04-22 21:35:39.631402,0 days 00:00:16.913317,0.4735509300738117,0.20417470051110564,16,0.299979983014614,0.06760363921673332,0.09249244243225893,0.04943394381007907,0.026588609586832773,0.03802596714841118,0.017286017077396847,6,144,0.08184575170843814,0.21924828130056534,False,False,False,8.965782997637798e-06,COMPLETE
804,0.4772740721702576,2025-04-22 21:35:39.890106,2025-04-22 21:35:56.386643,0 days 00:00:16.496537,0.47581235946749334,0.1764363860895074,16,0.2997492775607995,0.06625824763402344,0.09057958669045445,0.0501220493725106,0.004763951577303933,0.041280290626272864,0.0013079417405761806,5,146,0.08026894005955146,0.2187561035307698,False,False,False,8.156375648876833e-06,COMPLETE
805,0.4135914444923401,2025-04-22 21:35:56.635340,2025-04-22 21:36:13.123008,0 days 00:00:16.487668,0.5208577119885753,0.16141855308224343,16,0.2976190904351779,0.06463600031619275,0.08999207013189031,0.04588817174998464,0.0026449989410518558,0.042348957608430104,0.011678997669296502,5,145,0.09058682563469289,0.22093952577300194,False,False,False,8.002387054886157e-06,COMPLETE
806,0.4232936263084412,2025-04-22 21:36:13.382247,2025-04-22 21:36:29.814526,0 days 00:00:16.432279,0.4831321508399172,0.17491113009231174,16,0.29878058688578346,0.07864436021072954,0.08828221998974614,0.05062948512074625,0.003933401264024478,0.039980722476762445,0.0047446749744816654,5,144,0.08094147488656338,0.22136559192161018,False,False,False,8.379593762524381e-06,COMPLETE
807,0.4139584064483643,2025-04-22 21:36:30.075479,2025-04-22 21:36:46.478010,0 days 00:00:16.402531,0.4785461990691101,0.13863795471455306,16,0.2937748372891657,0.06171328828425377,0.09039900581766866,0.04774813703491673,0.005586019892763722,0.0415884050958929,0.01935146375600026,5,148,0.08166302688940076,0.21543420200121083,False,False,False,6.416992160157609e-06,COMPLETE
808,0.43606708049774173,2025-04-22 21:36:46.727390,2025-04-22 21:37:03.754299,0 days 00:00:17.026909,0.4201843430646252,0.17936922371476505,16,0.2846844739923063,0.13151623826629794,0.09214950476807475,0.04939200382940149,0.004602830798024474,0.019462306601111246,0.007275610633783036,6,146,0.08454054099361182,0.22400497275711934,False,False,False,5.432959064320192e-06,COMPLETE
809,0.2887471973896027,2025-04-22 21:37:04.014653,2025-04-22 21:37:19.023236,0 days 00:00:15.008583,0.47398257448722664,0.1607901525291675,16,0.2905742284916002,0.08617380627174906,0.09208503852374858,0.048731583578916465,0.024912292457573943,0.04276417741162347,0.001351027259500905,5,145,0.08024955318096544,0.21433048343563996,False,False,True,9.75429579887473e-06,COMPLETE
810,0.43173607587814333,2025-04-22 21:37:19.284583,2025-04-22 21:37:36.265301,0 days 00:00:16.980718,0.45827514607837355,0.12101694990166446,16,0.29917582953350513,0.07459730960096622,0.08763236930637017,0.04514208192656721,0.0059366918006215135,0.035632303746669605,0.014890888860411785,6,147,0.08317027907291845,0.22908229140369496,False,False,False,7.436392818330448e-06,COMPLETE
811,0.48695212602615356,2025-04-22 21:37:36.514355,2025-04-22 21:37:53.085834,0 days 00:00:16.571479,0.5080749101011373,0.18812383915279324,16,0.2836115003630754,0.06755362937783535,0.08986854182775575,0.0494963781983649,0.0022633217238833304,0.03320466011025663,0.0020676379412515934,5,148,0.08735757760542877,0.22258610097145318,False,False,False,5.077950827538329e-06,COMPLETE
812,0.44979807138442995,2025-04-22 21:37:53.346136,2025-04-22 21:38:09.847933,0 days 00:00:16.501797,0.45174384795740036,0.1845852044014532,16,0.29362700661304314,0.05994577154960622,0.08879399270656058,0.04847540196367982,0.0012597389343745376,0.032806988592764645,0.0027592835681623275,5,149,0.08698793476483918,0.208549882914802,False,False,False,5.172887709475426e-06,COMPLETE
813,0.41483936309814456,2025-04-22 21:38:10.111940,2025-04-22 21:38:26.687917,0 days 00:00:16.575977,0.5183664153671055,0.14595766285860057,16,0.28357227749484054,0.06312103526678853,0.08992739558740619,0.04614528526935338,0.00243700043460409,0.02927137882428228,0.001133445230892951,5,148,0.09145518023223562,0.2195732179529996,False,False,False,6.8512677819010955e-06,COMPLETE
814,0.433983325958252,2025-04-22 21:38:26.937997,2025-04-22 21:38:43.422786,0 days 00:00:16.484789,0.47164968905144733,0.18769239953589986,16,0.29151802521777026,0.2973257670376746,0.08786299109398266,0.043861137550460255,0.0026052385846505105,0.03218509691195322,0.0020081162074136656,5,150,0.08764526975460361,0.2115728326198842,False,False,False,4.956789179310105e-06,COMPLETE
815,0.2804898262023926,2025-04-22 21:38:43.684714,2025-04-22 21:38:59.031127,0 days 00:00:15.346413,0.49470437076892093,0.161918937204436,16,0.2995823346280727,0.0680266029132404,0.09086484811921149,0.052204144747394925,0.02686866544877072,0.03412911888747698,0.0008662093222193667,6,146,0.08919552908634583,0.029723910776259285,False,True,False,9.084825239725127e-06,COMPLETE
816,0.41012278795242313,2025-04-22 21:38:59.295310,2025-04-22 21:39:16.149463,0 days 00:00:16.854153,0.4991230792610302,0.1952641379519051,16,0.2867762129927179,0.06812816167528728,0.09238011546041353,0.05029953641597115,0.0038102274860625073,0.03031841194524743,0.0012392048463977605,6,143,0.0872086275034017,0.22198946302460845,False,False,False,1.294903333948362e-05,COMPLETE
817,0.3835986375808716,2025-04-22 21:39:16.399172,2025-04-22 21:39:32.756306,0 days 00:00:16.357134,0.46981210096772497,0.1989192708551709,16,0.2834556372560594,0.06128444154605368,0.09008411521239602,0.04776332182744567,0.00249212727049456,0.03512579968926158,0.003926502834747361,5,147,0.09530387440996703,0.21676893731766128,False,False,False,5.926590592717777e-06,COMPLETE
818,0.4152064681053162,2025-04-22 21:39:33.017517,2025-04-22 21:39:49.390654,0 days 00:00:16.373137,0.4589123512333213,0.20553306047708614,16,0.289976917479619,0.07973795339314345,0.09318212034982272,0.04961011385095819,0.0012018223837580444,0.03918596845747403,0.0010776442615731431,5,144,0.08569256617889412,0.22522683264591525,False,False,False,8.330752246321916e-06,COMPLETE
819,0.42212820053100586,2025-04-22 21:39:49.654387,2025-04-22 21:40:10.098447,0 days 00:00:20.444060,0.4325105786154271,0.18326676545307233,16,0.2801545753735875,0.07381444938452385,0.08789198675607646,0.050986725437036216,0.004389429843238672,0.0336400740591338,0.002340074586615041,6,143,0.08495382724708728,0.2224464768808893,True,False,False,4.998534289880395e-06,COMPLETE
820,0.43201050758361814,2025-04-22 21:40:10.349813,2025-04-22 21:40:27.081472,0 days 00:00:16.731659,0.41397464792770633,0.09744957695676307,16,0.29421421218977145,0.10833172806085298,0.09144381621442423,0.04723472393237949,0.005230279818888887,0.026481854396901976,0.0019106319532985556,5,150,0.07894505699692954,0.2132086152089495,False,False,False,6.865505344581617e-06,COMPLETE
821,0.41421672105789187,2025-04-22 21:40:27.345022,2025-04-22 21:40:44.353362,0 days 00:00:17.008340,0.5171554027175681,0.16671774206671286,16,0.2828373259809839,0.06714224549390492,0.09482988487962038,0.04950911878319947,0.0038259803565303444,0.03718656346290497,0.008683008853282406,6,146,0.08955595087132365,0.22618825464909548,False,False,False,4.699945554353572e-06,COMPLETE
822,0.4255173563957214,2025-04-22 21:40:44.617673,2025-04-22 21:41:01.614799,0 days 00:00:16.997126,0.39336901465146246,0.2084428502836137,16,0.288924605374383,0.09184457949731697,0.09281808647779025,0.051677484018019436,0.001028933622281865,0.04057790121484266,0.0014121387183361422,6,142,0.0837095099125647,0.2188735440570542,False,False,False,1.1070656473054384e-05,COMPLETE
823,0.4344549894332886,2025-04-22 21:41:01.882771,2025-04-22 21:41:18.478522,0 days 00:00:16.595751,0.4394407582512381,0.1355262429672328,16,0.2811841494016598,0.0818588234607192,0.0897729428087629,0.043997900734678116,0.00612012880739655,0.03831433274346407,0.0016582537817515898,5,147,0.08559796258835332,0.23108130639553778,False,False,False,1.5017916003699495e-05,COMPLETE
824,0.41081053018569946,2025-04-22 21:41:18.731345,2025-04-22 21:41:35.908514,0 days 00:00:17.177169,0.4646471389754557,0.20371907391864086,16,0.293232831245508,0.07311928692542755,0.09826762511202769,0.052809411279917104,0.006619193795137303,0.03114190481549882,0.0015547496449139664,6,144,0.09250080609695238,0.21183699013600163,False,False,False,6.086381898929598e-06,COMPLETE
825,0.41645723581314087,2025-04-22 21:41:36.174630,2025-04-22 21:41:53.205565,0 days 00:00:17.030935,0.8025992405856677,0.18588299847572792,16,0.28530796673577136,0.061068653347652366,0.09358467865412767,0.04917264740258709,0.02617903857687207,0.03514741285284842,0.0010083695827072343,6,140,0.08231088624130561,0.22628135840308067,False,False,False,8.533752588683583e-06,COMPLETE
826,0.3781027913093567,2025-04-22 21:41:53.474471,2025-04-22 21:42:09.913110,0 days 00:00:16.438639,0.5035028807689816,0.7267706126147195,16,0.299321028583456,0.06747021097451596,0.09992826956622876,0.046580770883428595,0.017145618295397014,0.041277187064990215,0.010049689793160664,5,142,0.08822444664491506,0.23231467279800827,False,False,False,4.3109259888407364e-06,COMPLETE
827,0.4271685361862183,2025-04-22 21:42:10.165851,2025-04-22 21:42:27.171420,0 days 00:00:17.005569,0.8242446631140192,0.21005856846075133,16,0.2999472292660332,0.08616787785474236,0.09595073383446556,0.04996845621862668,0.0290310476457567,0.04393578982008503,0.012980396780334488,6,139,0.07864474119309735,0.2204749440747073,False,False,False,1.0820958591388595e-05,COMPLETE
828,0.4664897203445435,2025-04-22 21:42:27.441953,2025-04-22 21:42:43.904828,0 days 00:00:16.462875,0.4505028005640464,0.15139079282521978,16,0.2815553191002889,0.07530637978319789,0.09189412473703404,0.05353079021685835,0.001027171191469328,0.036834193252803696,0.0006876691488927488,5,147,0.08076227450408063,0.21788013372177348,False,False,False,7.398920587604999e-06,COMPLETE
829,0.29980592131614686,2025-04-22 21:42:44.174392,2025-04-22 21:42:59.946534,0 days 00:00:15.772142,0.7908659610033519,0.1743710823378776,16,0.2890124638282406,0.0794413592957558,0.09471490719383743,0.04978177058491086,0.0037216436953588054,0.03273431452306816,0.011126555260024897,7,144,0.08408187763635856,0.2083271699544095,False,False,True,5.303669378634913e-06,COMPLETE
830,0.4278081297874451,2025-04-22 21:43:00.200611,2025-04-22 21:43:17.221992,0 days 00:00:17.021381,0.47534420426321505,0.21194786139060398,16,0.293417155636476,0.09704905589299222,0.09799339086447309,0.05265981016909733,0.00561641243947325,0.03918313150732659,0.00665428654973568,6,137,0.08215255919145462,0.23004913903788707,False,False,False,3.644505470886161e-06,COMPLETE
831,0.3898933291435242,2025-04-22 21:43:17.490059,2025-04-22 21:43:34.385973,0 days 00:00:16.895914,0.4275320423243878,0.22482845306580054,16,0.2811463372242324,0.06998506885715355,0.08963394501668298,0.05177551757175934,0.0036785597635589466,0.028417047057511927,0.0016505078653627572,6,141,0.08623314767432748,0.2238999534193702,False,False,False,9.572384745113835e-06,COMPLETE
832,0.47608771324157717,2025-04-22 21:43:34.656657,2025-04-22 21:43:51.056849,0 days 00:00:16.400192,0.7945728847546961,0.22098019974728228,16,0.287705665824586,0.06018085835869985,0.09347260119822404,0.05437208675102672,0.006922156567438778,0.04068391646446661,0.015210165562840468,5,138,0.08010224074517976,0.23492598335797638,False,False,False,6.034317572042741e-06,COMPLETE
833,0.3893869161605835,2025-04-22 21:43:51.313404,2025-04-22 21:44:09.034818,0 days 00:00:17.721414,0.7790429160042713,0.8008010600008815,16,0.2996484123916954,0.08497236549293567,0.08689650594071659,0.054162619948024196,0.0047395943017268065,0.036113346576701316,0.01273472896784033,7,143,0.07790944704046798,0.21594956401021964,False,False,False,4.169954094173405e-06,COMPLETE
834,0.31394898891448975,2025-04-22 21:44:09.304723,2025-04-22 21:44:24.351020,0 days 00:00:15.046297,0.43989024033406415,0.19817114224697185,16,0.2803848391335933,0.07170258868034818,0.09139349554355342,0.047827420878037395,0.0026168599877907346,0.04302574886780537,0.019943497157708285,5,150,0.023395877829273763,0.22648090100179671,False,True,False,1.2999530844771566e-05,COMPLETE
835,0.3832154870033264,2025-04-22 21:44:24.622139,2025-04-22 21:44:41.664506,0 days 00:00:17.042367,0.4898599518470061,0.6518397595852796,16,0.2896337221702288,0.06535119567775152,0.09641561216990896,0.05692375818044866,0.00684741092021554,0.03877956428305188,0.003114755901709039,6,140,0.08357405752510483,0.23181255505057777,False,False,False,7.30989685909258e-06,COMPLETE
836,0.43356491327285773,2025-04-22 21:44:41.921136,2025-04-22 21:44:59.312915,0 days 00:00:17.391779,0.8136561437444354,0.17467481533205284,16,0.2939814909051855,0.08996111683475733,0.09998658579858427,0.051548769307681576,0.005014676214913217,0.0340001595187169,0.009560824866050416,7,146,0.08077126015981125,0.224234860916916,False,False,False,5.316455841427539e-06,COMPLETE
837,0.43785350322723393,2025-04-22 21:44:59.583118,2025-04-22 21:45:21.441569,0 days 00:00:21.858451,0.7979472770611723,0.22467736387660994,16,0.2803866553044484,0.07943402375089739,0.09597432957100142,0.058508342895096994,0.007526012161367484,0.03144813121185135,0.01647088202839561,8,136,0.08416886689757679,0.21379177805422092,True,False,False,3.622826928001656e-06,COMPLETE
838,0.42973763942718507,2025-04-22 21:45:21.712051,2025-04-22 21:45:37.568515,0 days 00:00:15.856464,0.544838968839769,0.19886660270913298,16,0.2869379033393576,0.07424907860937469,0.09431428442254426,0.05601342407069961,0.0010017560891175479,0.04174195534700622,0.0006184428250569019,6,17,0.08781311614592344,0.2355572280409705,False,False,False,9.308849789129177e-06,COMPLETE
839,0.4047980546951294,2025-04-22 21:45:37.826245,2025-04-22 21:45:54.133767,0 days 00:00:16.307522,0.7756622660220901,0.24802423863808168,16,0.29995127363461405,0.06647220974207364,0.09806365385096642,0.0540483947923285,0.004357075655475791,0.03770248892682602,0.013668721099386534,5,133,0.07874701945182573,0.20687569687178473,False,False,False,6.83258773607128e-06,COMPLETE
840,0.4313764572143555,2025-04-22 21:45:54.402720,2025-04-22 21:46:11.267413,0 days 00:00:16.864693,0.7940488821224617,0.2283977813934044,16,0.2798084166691259,0.2884697728720368,0.09684365777217967,0.059219472225200916,0.00790348391770806,0.03486844030872957,0.011520815089500874,6,143,0.0823123168070275,0.21893296494702458,False,False,False,4.566739894034204e-06,COMPLETE
841,0.4848337173461914,2025-04-22 21:46:11.537858,2025-04-22 21:46:27.849062,0 days 00:00:16.311204,0.4161913296199721,0.2577537649614547,16,0.2864307159573764,0.08036986978814588,0.09247065653616034,0.05776391405511979,0.0029440040323959644,0.02402735912238569,0.01677215809093319,5,139,0.08570542078309729,0.2290894898057068,False,False,False,1.557756577389902e-05,COMPLETE
842,0.4054113268852234,2025-04-22 21:46:28.123670,2025-04-22 21:46:44.704639,0 days 00:00:16.580969,0.4205551152724457,0.27417939173085953,16,0.29152574161372985,0.086420815082251,0.0903234235114992,0.055243185101004365,0.002625674504654125,0.02053294698851259,0.02064110815812131,5,137,0.08661172491349683,0.22286333707094194,False,False,False,1.7708562194403858e-05,COMPLETE
843,0.39359847307205204,2025-04-22 21:46:44.961045,2025-04-22 21:47:01.332373,0 days 00:00:16.371328,0.3831901031694748,0.2659441539718406,16,0.293102239787655,0.09347574622144962,0.08881342132121786,0.052686286774263104,0.003181856858129237,0.022792922272909716,0.017265924673515752,5,133,0.01603632892740931,0.22840967881634466,False,False,False,1.6329838414039023e-05,COMPLETE
844,0.3891885995864868,2025-04-22 21:47:01.604774,2025-04-22 21:47:18.054883,0 days 00:00:16.450109,0.38679130974913595,0.25570377960650137,16,0.2853982650760533,0.08318707102630575,0.09203392552007021,0.05734974267972183,0.003364828778850366,0.02484646908631859,0.02017522992625372,5,139,0.09058561851908244,0.220217698408327,False,False,False,1.3432785456072441e-05,COMPLETE
845,0.39439284801483154,2025-04-22 21:47:18.328112,2025-04-22 21:47:34.778076,0 days 00:00:16.449964,0.408733261855687,0.2428299971203407,16,0.2865958592521025,0.07881769777711704,0.09999332742839603,0.05090655463927012,0.005356509987840895,0.021195529260788597,0.015848145161538603,5,137,0.0890154601027144,0.21340900125925835,False,False,False,1.167155899975258e-05,COMPLETE
846,0.3975404739379883,2025-04-22 21:47:35.039159,2025-04-22 21:47:51.533727,0 days 00:00:16.494568,0.45141343679287943,0.2533333305513596,16,0.2943303475716941,0.07109529425255315,0.09233723933585132,0.05739138638527861,0.002903747613329054,0.028058692814968225,0.017450695103433934,5,135,0.08634242478255856,0.228832488172525,False,False,False,1.9870907754580933e-05,COMPLETE
847,0.289840829372406,2025-04-22 21:47:51.804738,2025-04-22 21:48:07.209004,0 days 00:00:15.404266,0.41861773041130135,0.2797360412839122,16,0.287535827702174,0.06234366052477779,0.08679538626479197,0.054429385121712526,0.0010223946615426944,0.02476680667487167,0.015145472537077473,6,140,0.08512848169650314,0.22498944080672026,False,False,True,1.3335392025840857e-05,COMPLETE
848,0.38487581014633176,2025-04-22 21:48:07.482262,2025-04-22 21:48:23.876596,0 days 00:00:16.394334,0.40171805528872107,0.2348065391726214,16,0.27989891593262367,0.08079711475223236,0.0957773037552474,0.04574069374169777,0.005232312084535912,0.022725628253055408,0.02105718769208729,5,145,0.09173562153911895,0.21689614389619732,False,False,False,1.0244737803269054e-05,COMPLETE
849,0.4342271089553833,2025-04-22 21:48:24.137310,2025-04-22 21:48:41.679882,0 days 00:00:17.542572,0.4685185231636538,0.270100434059344,16,0.2944650217324168,0.1648672277124894,0.09773453625484857,0.0611671665638212,0.002687399209717526,0.030855526432763264,0.011218552583116676,7,140,0.08820846023581368,0.23237355461899128,False,False,False,1.523657198840921e-05,COMPLETE
850,0.3733506083488465,2025-04-22 21:48:41.955410,2025-04-22 21:48:58.817363,0 days 00:00:16.861953,0.43707572963374847,0.22269467344342805,16,0.28536266153679146,0.06043286505151827,0.09365591016957131,0.057812112234860845,0.01945762268894921,0.021314010931208823,0.01440071046936422,6,133,0.08476996424135023,0.20363214311325106,False,False,False,8.796591471946804e-06,COMPLETE
