number,value,datetime_start,datetime_complete,duration,params_alpha-eval,params_alpha-train,params_batch-size,params_eps-eval,params_eps-train,params_lambda-actions-eval,params_lambda-actions-train,params_lambda-frames-eval,params_lambda-frames-train,params_learning-rate,params_n-epochs,params_n-frames,params_radius-gw,params_rho,params_std-feats,params_ub-actions,params_ub-frames,params_weight-decay,state
680,0.42136465311050414,2025-04-22 20:58:58.362605,2025-04-22 20:59:15.540667,0 days 00:00:17.178062,0.8065546328954727,0.18817763568843707,16,0.27171836994791465,0.07445965019356401,0.09576362379359633,0.06352301758636832,0.009414177373921742,0.03311174697464933,0.01759270579358444,6,148,0.08211405895511066,0.23429417127725385,False,False,False,2.5268010023861498e-06,COMPLETE
681,0.430759859085083,2025-04-22 20:59:15.762850,2025-04-22 20:59:32.667141,0 days 00:00:16.904291,0.7538116868971324,0.2419723902105832,16,0.2816168074716809,0.11485357312233667,0.0971689351634697,0.0604610948446527,0.013448923138984084,0.04094148305888263,0.014140419247052947,6,143,0.07959027617856344,0.24464911199957193,False,False,False,4.007146388326208e-06,COMPLETE
682,0.4358869910240174,2025-04-22 20:59:32.877857,2025-04-22 20:59:53.241302,0 days 00:00:20.363445,0.6937386723254515,0.26742605929150876,16,0.27045631219461497,0.06978909428895454,0.09314016564749047,0.05388152463614997,0.0070694587578034665,0.047925415379240645,0.020324224619128174,6,140,0.08413424340147746,0.22824219480117916,True,False,False,7.1968102010646256e-06,COMPLETE
683,0.43001121282577515,2025-04-22 20:59:53.463125,2025-04-22 21:00:11.595817,0 days 00:00:18.132692,0.7296216043994739,0.13563850550458295,16,0.2776288797415455,0.08527592724786918,0.09997445872937527,0.05583969762591489,0.003950236089221515,0.04476923642046545,0.0110469714381633,8,145,0.08142609728154068,0.2382782275585354,False,False,False,1.2703925601835185e-05,COMPLETE
684,0.48060796260833744,2025-04-22 21:00:11.803774,2025-04-22 21:00:28.205930,0 days 00:00:16.402156,0.7805014494920312,0.2213461755602394,16,0.2636918626471683,0.07867685952975458,0.0981436922567925,0.06213035928112962,0.010521784389475644,0.037491886612520356,0.005551854237690633,5,133,0.08722899989209393,0.2319964102132497,False,False,False,3.5022117262332984e-06,COMPLETE
685,0.43159638643264775,2025-04-22 21:00:28.427451,2025-04-22 21:00:46.080596,0 days 00:00:17.653145,0.7925901508412021,0.2157373673590065,16,0.2652120449697478,0.07512561610552494,0.09459749626086247,0.06521488428677778,0.011890027909620078,0.036465846303802785,0.007207049996054183,7,134,0.07957985013052936,0.22782894656580818,False,False,False,4.6803341804702174e-06,COMPLETE
686,0.3978373169898987,2025-04-22 21:00:46.290151,2025-04-22 21:01:02.614510,0 days 00:00:16.324359,0.7774463842939864,0.24994439403686844,16,0.2642925544214457,0.0680797375085511,0.09090732762095374,0.06255837974024556,0.010772374928566449,0.03828542779017857,0.005936235415240293,5,136,0.0830410004306888,0.22406585372964508,False,False,False,2.720547619531968e-06,COMPLETE
687,0.4301455974578858,2025-04-22 21:01:02.836432,2025-04-22 21:01:19.640517,0 days 00:00:16.804085,0.8373332969156088,0.1954802572033349,16,0.2649518404943832,0.07926181418670017,0.09669081674286562,0.050613397346715334,0.006034026597143011,0.038886141674227985,0.008362029221063353,6,132,0.08937460853076686,0.23324083200334741,False,False,False,6.171356149542004e-06,COMPLETE
688,0.440974497795105,2025-04-22 21:01:19.865429,2025-04-22 21:01:37.262809,0 days 00:00:17.397380,0.804982761733397,0.2737291608765714,16,0.2705441545817343,0.0719059027838035,0.09803976592450295,0.0648983683245477,0.00816455710089686,0.042048349951867896,0.022434745412933586,7,133,0.08480562469353375,0.22342349950571996,False,False,False,3.809133076112798e-06,COMPLETE
689,0.41643551588058475,2025-04-22 21:01:37.474801,2025-04-22 21:01:54.313365,0 days 00:00:16.838564,0.7464862607775243,0.22032951111043916,16,0.28827425092072057,0.07843451899563539,0.09519033866536118,0.062452376369303175,0.0031905093293772458,0.036613895203385906,0.004158974409912282,6,137,0.08091231047981579,0.23080414754956155,False,False,False,2.4540964659487694e-06,COMPLETE
690,0.38861821889877324,2025-04-22 21:01:54.539487,2025-04-22 21:02:11.579353,0 days 00:00:17.039866,0.7257129534517645,0.17215119548667127,16,0.26248345498516834,0.06765083340877928,0.09366609677446287,0.057785157696272856,0.010421207930492567,0.04009222216216727,0.016895664659243498,6,150,0.0776796079290552,0.13216794556954486,False,False,False,4.96846353479242e-06,COMPLETE
691,0.388318395614624,2025-04-22 21:02:11.790473,2025-04-22 21:02:28.073823,0 days 00:00:16.283350,0.785082425022626,0.24458707309360903,16,0.2690767878164418,0.0745168699233468,0.0976989614477279,0.06113142697066728,0.013293399742574829,0.042009861107679444,0.010414659345174578,5,134,0.0824844207523889,0.10613364396570148,False,False,False,3.071143784921105e-06,COMPLETE
692,0.29809220433235173,2025-04-22 21:02:28.298522,2025-04-22 21:02:44.290043,0 days 00:00:15.991521,0.7016801911550651,0.2602571699637769,16,0.28033587002419535,0.08713628486857028,0.0962339034891105,0.05219953385558452,0.005390025680692359,0.03257399694515259,0.01663489723552697,7,142,0.08014232124509739,0.23566188162271703,False,False,True,4.072426737300039e-06,COMPLETE
693,0.4272655487060547,2025-04-22 21:02:44.503695,2025-04-22 21:03:02.374276,0 days 00:00:17.870581,0.761779933467141,0.20029755815510839,16,0.27303932765589795,0.08066680650529641,0.0919584639047111,0.05945432196233407,0.007375136318318436,0.038523717011916724,0.005273095372443163,8,138,0.08720907677244091,0.22251960000622806,False,False,False,7.688949367006905e-06,COMPLETE
694,0.422680151462555,2025-04-22 21:03:02.600805,2025-04-22 21:03:19.179805,0 days 00:00:16.579000,0.6690889037750187,0.2271805595820288,16,0.26457577558982914,0.09465467636561117,0.09818903796569452,0.06377742066301641,0.0010603574140341963,0.03412942716864316,0.01213394792275065,5,147,0.07771137619456531,0.22800944354770147,False,False,False,2.341642345964282e-06,COMPLETE
695,0.40937241315841677,2025-04-22 21:03:19.394115,2025-04-22 21:03:36.245249,0 days 00:00:16.851134,0.822258575288453,0.2682036896476893,16,0.2888442563750299,0.07220059337823068,0.09463520733177558,0.055660519949275435,0.008426516562865926,0.04484457435161004,0.022616788236251455,6,133,0.0946748779989316,0.2325739264705957,False,False,False,3.4691742853875086e-06,COMPLETE
696,0.4110876441001892,2025-04-22 21:03:36.470727,2025-04-22 21:03:53.957302,0 days 00:00:17.486575,0.7422944423058015,0.24197696464290314,16,0.2766154574543225,0.0749596729232404,0.09814890431692644,0.05791534445801194,0.015418199118239651,0.03582156980660299,0.0188421601452581,7,144,0.08477114993033003,0.2388323833977253,False,False,False,5.82223265258491e-06,COMPLETE
697,0.4790074706077576,2025-04-22 21:03:54.186245,2025-04-22 21:04:11.190166,0 days 00:00:17.003921,0.7758560225175201,0.21356860783187903,16,0.27004755599080826,0.06717313544899874,0.09631529568849731,0.061877987801075895,0.004147680384582113,0.04084190606325866,0.013865062979424773,6,139,0.08261530725959149,0.22408992720974205,False,False,False,1.012742991790074e-05,COMPLETE
698,0.4369096636772156,2025-04-22 21:04:11.406653,2025-04-22 21:04:28.288758,0 days 00:00:16.882105,0.7856573093482766,0.18735215653507264,16,0.26288936152342096,0.06706887055277914,0.09314596831560498,0.0613974981557387,0.0027419617845174217,0.04036349409934785,0.014100782201923002,6,139,0.08295113971488774,0.22178783883943512,False,False,False,1.3564260647006481e-05,COMPLETE
699,0.3222653150558472,2025-04-22 21:04:28.516590,2025-04-22 21:04:43.386152,0 days 00:00:14.869562,0.76570388537611,0.21284668795191128,16,0.2835188574981349,0.06736176225678417,0.09994613835898725,0.06448283075489537,0.0048298773788624134,0.042560263752575066,0.010233710749313632,5,137,0.08121249147882105,0.22365049296827935,False,True,False,1.1438918249442178e-05,COMPLETE
700,0.42871277332305907,2025-04-22 21:04:43.600131,2025-04-22 21:05:01.070162,0 days 00:00:17.470031,0.8012064505217432,0.16042367406746105,16,0.26985851119973747,0.0813352292213835,0.0958559909354463,0.06215557018562991,0.0043523546085591554,0.037549483628943725,0.015884105836763498,7,141,0.07948492994638899,0.24612008309826572,False,False,False,9.446835709561409e-06,COMPLETE
701,0.4864246964454651,2025-04-22 21:05:01.301169,2025-04-22 21:05:18.114476,0 days 00:00:16.813307,0.8485897560044915,0.21740907718298078,16,0.2762104532553143,0.06695464795919819,0.09115346559461418,0.059644504768559016,0.006412138014062634,0.040969745731638474,0.012909172470552937,6,136,0.08536528626313787,0.22789457117410367,False,False,False,8.710358823479655e-06,COMPLETE
702,0.43482023477554327,2025-04-22 21:05:18.331084,2025-04-22 21:05:38.416491,0 days 00:00:20.085407,0.8538846332894454,0.19967368861579177,16,0.28042864786536176,0.06843689510632361,0.09224349562625588,0.05961787093401045,0.0032968347154261014,0.04068620870575377,0.01193682641976593,6,136,0.08651651239818182,0.2365753242655118,True,False,False,9.013591353839205e-06,COMPLETE
703,0.4284974932670593,2025-04-22 21:05:38.643943,2025-04-22 21:05:55.930081,0 days 00:00:17.286138,0.9060228488802914,0.22159141635441895,16,0.28851222288526557,0.08749914753846351,0.09005189437991995,0.05701347813634762,0.0055958075161820515,0.042926806181653294,0.00892916348057267,6,140,0.09810639345499626,0.13975390788622655,False,False,False,7.88420721224016e-06,COMPLETE
704,0.41030910015106203,2025-04-22 21:05:56.158609,2025-04-22 21:06:13.753138,0 days 00:00:17.594529,0.8346617170780246,0.19174983279013294,16,0.2763538003770108,0.06576514639500872,0.09157013725171581,0.05435308144465055,0.006525762630895196,0.038926405541179286,0.01290441972775505,7,145,0.08870646952862636,0.23018016071639782,False,False,False,1.4440300154055784e-05,COMPLETE
705,0.4261700034141541,2025-04-22 21:06:13.969292,2025-04-22 21:06:30.238901,0 days 00:00:16.269609,0.8150513996195692,0.16315945310087687,16,0.28162530255359214,0.07701648343555328,0.09524139751285536,0.05898262032440102,0.0011016745401191156,0.04135980516857347,0.019064841728834315,5,136,0.08459038602065577,0.22100600545158855,False,False,False,1.1673822474321617e-05,COMPLETE
706,0.4127695560455322,2025-04-22 21:06:30.469344,2025-04-22 21:06:47.325924,0 days 00:00:16.856580,0.8590590185552729,0.21763079645648048,16,0.27390302030063324,0.07361827047942045,0.08979702791770429,0.05593829819880439,0.007128829238478478,0.04665269211722277,0.009416441571232042,6,142,0.08633795313975193,0.24126491771762587,False,False,False,6.808384123214004e-06,COMPLETE
707,0.4184426784515381,2025-04-22 21:06:47.542523,2025-04-22 21:07:04.701104,0 days 00:00:17.158581,0.8863757322539455,0.23043609504417167,16,0.27200663977378686,0.08036711607223934,0.0942059905975071,0.06015805040575057,0.0043112104544767126,0.04385477443615919,0.007769041517380597,6,134,0.08325868216174093,0.23455139078344614,False,False,False,1.0251850479376637e-05,COMPLETE
708,0.43441261053085334,2025-04-22 21:07:04.931284,2025-04-22 21:07:21.408163,0 days 00:00:16.476879,0.7813032116746544,0.17999797650090543,16,0.2879424203299208,0.10224636901402802,0.09683467167856037,0.05823251884020369,0.0086864701680169,0.037583673162219534,0.015773510990627286,5,141,0.09151667836430008,0.24802553393115867,False,False,False,7.920756765549643e-06,COMPLETE
709,0.40967694520950315,2025-04-22 21:07:21.626713,2025-04-22 21:07:39.089086,0 days 00:00:17.462373,0.7227368593487666,0.2101252757963466,16,0.2780602745530921,0.06484031789116723,0.0976837973971256,0.06280260213979504,0.006448967932735673,0.04004147449313364,0.0027817198872700146,7,138,0.0844644239574228,0.2284502965064512,False,False,False,1.0093348975725885e-05,COMPLETE
710,0.42383717298507695,2025-04-22 21:07:39.320011,2025-04-22 21:07:56.228504,0 days 00:00:16.908493,0.8119408809536272,0.24635364905042942,16,0.2829405944997751,0.09021188255463962,0.0934654473960833,0.049530581643184544,0.0026871930496344277,0.04426986049332664,0.0230885988556936,6,147,0.08210797673440684,0.23925198602718076,False,False,False,1.706556112861929e-05,COMPLETE
711,0.4225872755050659,2025-04-22 21:07:56.462077,2025-04-22 21:08:14.206380,0 days 00:00:17.744303,0.8811863264032208,0.2313153690254069,16,0.2685441247753322,0.08448503022963456,0.0998938451792735,0.05287488651767584,0.004968517555774722,0.03602879786561786,0.011860131709567002,7,144,0.0880999726049148,0.22135880590945906,False,False,False,6.219231852797535e-06,COMPLETE
712,0.2919140219688416,2025-04-22 21:08:14.423673,2025-04-22 21:08:29.270631,0 days 00:00:14.846958,0.7699329258997538,0.20576721672315534,16,0.2624316179089676,0.07275826673480465,0.09569874401474193,0.0645296045786577,0.00944706212403635,0.04645950160620523,0.01828835321768995,5,139,0.08542366223296939,0.23179515284343238,False,False,True,4.856624647220108e-06,COMPLETE
713,0.40307829380035404,2025-04-22 21:08:29.502229,2025-04-22 21:08:47.489658,0 days 00:00:17.987429,0.7489263766083007,0.24353345496040674,16,0.2782370838816959,0.06687092508605462,0.09108777997571449,0.05700680904884417,0.0074626717391063,0.042233150631666015,0.013913719032818402,8,133,0.08189795521457845,0.24410504483114992,False,False,False,5.378831806715849e-06,COMPLETE
714,0.4317844152450562,2025-04-22 21:08:47.708820,2025-04-22 21:09:04.630008,0 days 00:00:16.921188,0.6888154281750067,0.18926614954915746,16,0.2728886270767745,0.0821869241185087,0.09997170065804387,0.06054298849842036,0.0031538334395876085,0.030636417506237364,0.010586936261721027,6,136,0.08372684623057218,0.2354697468440213,False,False,False,7.387771143597037e-06,COMPLETE
715,0.48119643926620487,2025-04-22 21:09:04.861100,2025-04-22 21:09:21.152056,0 days 00:00:16.290956,0.7947629015899343,0.25147737285680855,16,0.2846699810174018,0.07782547446650728,0.09721569581520424,0.05479132999046771,0.006033476640137923,0.03954996960365575,0.01578315194311493,5,143,0.08060260949775476,0.22854904169562312,False,False,False,4.489262799620211e-06,COMPLETE
716,0.4203107833862305,2025-04-22 21:09:21.374933,2025-04-22 21:09:37.870945,0 days 00:00:16.496012,0.7124012504257343,0.25521983840941653,16,0.2818067688834821,0.09538211999127771,0.0938871052452014,0.05411298828399278,0.003773758975193085,0.04118226919377354,0.017691767087295415,5,148,0.08720119762270238,0.22125718872428493,False,False,False,6.084442318737434e-06,COMPLETE
717,0.4067396283149719,2025-04-22 21:09:38.103682,2025-04-22 21:09:54.670722,0 days 00:00:16.567040,0.7841762659855679,0.262111341878292,16,0.2821640276248804,0.08736151432784407,0.09659145192670716,0.05523149954808304,0.005993937407645693,0.04478847418902812,0.01965860376601987,5,145,0.0826055990187323,0.22520985154214787,False,False,False,4.3294231119130194e-06,COMPLETE
718,0.3237897872924805,2025-04-22 21:09:54.904272,2025-04-22 21:10:09.675741,0 days 00:00:14.771469,0.7389927131979774,0.2327885470320306,16,0.28601492177886056,0.07792971932774174,0.09202610361510397,0.052604621434960454,0.005299892099202687,0.03464947978963634,0.022645159302287207,5,143,0.07940283396526193,0.22648525833644678,False,True,False,1.0337429638617117e-05,COMPLETE
719,0.4064075469970703,2025-04-22 21:10:09.896579,2025-04-22 21:10:26.387026,0 days 00:00:16.490447,0.7626250886503344,0.273680045517016,16,0.2897514571485679,0.06605905524193612,0.09519371034981818,0.05062717393608969,0.009964983265054364,0.03982258311612783,0.01496920544715171,5,141,0.07745948683147386,0.24097554933340085,False,False,False,8.010291647889349e-06,COMPLETE
720,0.4129213213920594,2025-04-22 21:10:26.620532,2025-04-22 21:10:43.898743,0 days 00:00:17.278211,0.7314722396540657,0.2526091045621802,16,0.29047945911784767,0.07860009960958397,0.09729089655036548,0.055587606200326135,0.002274085568079455,0.02731284621396287,0.011494219526945371,6,148,0.08515914531923396,0.2216895842179438,False,False,False,4.88074185649022e-06,COMPLETE
721,0.4200419783592224,2025-04-22 21:10:44.119090,2025-04-22 21:11:01.344590,0 days 00:00:17.225500,0.793183109117571,0.22619038802412805,16,0.2763851899245505,0.07170306495107458,0.0936635608579564,0.05822919579974459,0.00682056459166058,0.04338202118861443,0.0159740439022196,6,138,0.0896126799202726,0.24906787571195443,False,False,False,6.25966032229095e-06,COMPLETE
722,0.4309260487556458,2025-04-22 21:11:01.580328,2025-04-22 21:11:23.193450,0 days 00:00:21.613122,0.7615101839283351,0.24904358637166388,16,0.28716651116329156,0.08687092789425127,0.09637539611192862,0.053495421624122186,0.004663984405700285,0.045972953533606975,0.022757773552273566,7,144,0.08125225068304752,0.2317203081106503,True,False,False,1.394282223122508e-05,COMPLETE
723,0.40736213922500614,2025-04-22 21:11:23.416296,2025-04-22 21:11:39.742158,0 days 00:00:16.325862,0.7070098780440603,0.2732497180386872,16,0.2680886176045684,0.07148049191396806,0.09777567500278041,0.05742544820558245,0.012428382094033382,0.04150776626375767,0.01290395435127418,5,134,0.08380877737031704,0.2291782052601692,False,False,False,4.5277707446041825e-06,COMPLETE
724,0.4378290176391602,2025-04-22 21:11:39.976575,2025-04-22 21:11:56.800635,0 days 00:00:16.824060,0.8395675910816512,0.217688214978795,16,0.26339517710742577,0.07983295599629588,0.08961521226371032,0.05900210171813999,0.008625673052952615,0.038355223164665136,0.009607827848460936,8,37,0.08079615977884692,0.238955246055465,False,False,False,3.232471901676744e-06,COMPLETE
725,0.395154869556427,2025-04-22 21:11:57.037496,2025-04-22 21:12:13.982564,0 days 00:00:16.945068,0.7773045959555216,0.23862663429433592,16,0.2768344814429038,0.06775697643487127,0.0949623915184616,0.056995248096944735,0.006349780508526317,0.050427683372395976,0.018773689259917674,6,150,0.08642044049474355,0.21897961850870043,False,False,False,5.771790846702459e-06,COMPLETE
726,0.4165733337402344,2025-04-22 21:12:14.204433,2025-04-22 21:12:31.733336,0 days 00:00:17.528903,0.7449670046952038,0.25801287151286184,16,0.2823653928381588,0.09173599862290557,0.0980836389987518,0.04700111360734664,0.01102004532025085,0.04789377725698288,0.015896474638858394,7,137,0.07859784647986467,0.24495867883679254,False,False,False,4.105783248294063e-06,COMPLETE
727,0.41612585783004763,2025-04-22 21:12:31.968807,2025-04-22 21:12:48.514065,0 days 00:00:16.545258,0.7590029156429859,0.2774602802739285,16,0.2694065765036741,0.08296338428585708,0.09167106942881019,0.0550333793274863,0.002917107442182888,0.0427699015601679,0.023437599286790647,5,132,0.08271744766438648,0.23483241865359586,False,False,False,8.50448156425996e-06,COMPLETE
728,0.4573764204978943,2025-04-22 21:12:48.736728,2025-04-22 21:13:05.826891,0 days 00:00:17.090163,0.7293126962371991,0.21732094478527159,16,0.2758216155065654,0.07515594851097261,0.09592485832415104,0.06532113358614122,0.007800055421392294,0.03672233577951823,0.012703093866473121,6,143,0.0800193083084851,0.22584033645673354,False,False,False,3.1829779938255183e-06,COMPLETE
729,0.3711626648902893,2025-04-22 21:13:06.063441,2025-04-22 21:13:22.928457,0 days 00:00:16.865016,0.7271686690345621,0.2144906135073408,16,0.28952960556681573,0.06519740687943527,0.09602967341639236,0.06515352612526305,0.004986942504524829,0.03513395819421426,0.013185472403463334,6,145,0.07797252477811542,0.07292143431410726,False,False,False,3.023941667244811e-06,COMPLETE
730,0.48604209423065187,2025-04-22 21:13:23.165796,2025-04-22 21:13:40.038657,0 days 00:00:16.872861,0.6944304860716177,0.21255338769900217,16,0.2839917759477776,0.07490356327890571,0.09774908134559994,0.06613573781781679,0.0010362311467360967,0.03179850531081453,0.018285968132925715,6,142,0.07978494962274595,0.21760992694423997,False,False,False,4.85530812101309e-06,COMPLETE
731,0.40495485067367554,2025-04-22 21:13:40.261170,2025-04-22 21:13:56.792023,0 days 00:00:16.530853,0.6570389248763838,0.2015147809746493,16,0.2858529903869462,0.07069525106187628,0.09825665454550737,0.06583935359034222,0.0010959844901001856,0.03407437055176244,0.02095373872943282,5,147,0.07766328375141841,0.21954299868464164,False,False,False,5.201117269727648e-06,COMPLETE
732,0.3018704831600189,2025-04-22 21:13:57.030460,2025-04-22 21:14:11.851009,0 days 00:00:14.820549,0.6843521415172037,0.23583021441404134,16,0.29039283868514276,0.06445012625238693,0.0974694355508904,0.06382352949775949,0.002309110925792391,0.03264274934276257,0.024663635543892885,5,142,0.08000513317326942,0.22007873169335068,False,False,True,9.983099318117513e-06,COMPLETE
733,0.4156912207603455,2025-04-22 21:14:12.074569,2025-04-22 21:14:29.106780,0 days 00:00:17.032211,0.6719537600509048,0.8634273416177023,16,0.282402051473913,0.19812725172157175,0.0982414713939777,0.06299537401764825,0.0011214106056185375,0.031489981310944194,0.018427211076323616,6,141,0.084095909995251,0.22289473907677773,False,False,False,6.610666520716228e-06,COMPLETE
734,0.42456251382827764,2025-04-22 21:14:29.342484,2025-04-22 21:14:46.426104,0 days 00:00:17.083620,0.7150723104370286,0.1770828705798185,16,0.2909426272640491,0.07617244002150313,0.09421684358719906,0.06662677537588178,0.003697528019371589,0.03043892214086588,0.01752184149905086,6,145,0.07730362828576902,0.22652467859747905,False,False,False,7.326207356184418e-06,COMPLETE
735,0.43618642091751103,2025-04-22 21:14:46.667412,2025-04-22 21:15:02.928571,0 days 00:00:16.261159,0.6969571914730947,0.22618891013264816,16,0.2815315210806723,0.07396588215888796,0.09610126651135861,0.06316309051399913,0.004408944978994807,0.03941860661506702,0.015600794989817098,5,139,0.08767769842129655,0.21836740657464324,False,False,False,1.7841291613624603e-05,COMPLETE
736,0.43083446025848393,2025-04-22 21:15:03.154391,2025-04-22 21:15:20.117488,0 days 00:00:16.963097,0.7384458315332391,0.15378896994718722,16,0.2937189403833463,0.06510915265593475,0.09834083314716846,0.06664990902821481,0.00268167790871542,0.037174404246759454,0.019615156909774754,6,142,0.09257586898341615,0.24885141692809168,False,False,False,4.8005004395402525e-06,COMPLETE
