number,value,datetime_start,datetime_complete,duration,params_alpha-eval,params_alpha-train,params_batch-size,params_eps-eval,params_eps-train,params_lambda-actions-eval,params_lambda-actions-train,params_lambda-frames-eval,params_lambda-frames-train,params_learning-rate,params_n-epochs,params_n-frames,params_radius-gw,params_rho,params_std-feats,params_ub-actions,params_ub-frames,params_weight-decay,state
452,0.44271088838577277,2025-04-22 18:40:56.379573,2025-04-22 18:41:56.267787,0 days 00:00:59.888214,0.04891455316310276,0.4092048729692629,2,0.2618488574770817,0.03702289532411662,0.0771417619384779,0.06668542477481951,0.05977173033055984,0.0635465288323802,0.04876273910328105,13,121,0.060905631639941456,0.22668975340331277,False,False,False,4.5726595079253637e-07,COMPLETE
453,0.44406975507736207,2025-04-22 18:41:56.407361,2025-04-22 18:42:59.219285,0 days 00:01:02.811924,0.16595749831734385,0.35645385954215086,2,0.2707419408069816,0.04451008436362376,0.08041028377313561,0.04265071636295473,0.050486255190902475,0.061759610630797115,0.08328644055631115,14,111,0.06276252340564437,0.24409421060944045,False,False,False,3.074177147203344e-06,COMPLETE
454,0.3662080347537995,2025-04-22 18:42:59.371502,2025-04-22 18:43:49.083556,0 days 00:00:49.712054,0.27544087312776283,0.3898570987516672,2,0.277752286518066,0.05259236628366322,0.07250623115293321,0.076420588758329,0.06292082895889523,0.06978036328290928,0.06062965851819166,12,115,0.06326009849253637,0.24072268910388506,False,False,True,2.310146918397756e-06,COMPLETE
455,0.43578625917434693,2025-04-22 18:43:49.225320,2025-04-22 18:44:50.020822,0 days 00:01:00.795502,0.07576857905963247,0.43481096687554854,2,0.25795088180831854,0.03931680175494537,0.08327339043423203,0.060239577507515456,0.0698871619846839,0.059770206672563005,0.06939265154048124,13,126,0.057843749838422255,0.21020445661925288,False,False,False,4.539712973700943e-06,COMPLETE
456,0.44631592035293577,2025-04-22 18:44:50.161848,2025-04-22 18:45:53.678866,0 days 00:01:03.517018,0.14150791473341845,0.37029885018719433,2,0.2641895511926757,0.05825663834827575,0.06847868106229638,0.06398473683280377,0.09017177888249192,0.06643821668213343,0.047533862884247026,14,118,0.061757911431382644,0.2580567653733343,False,False,False,3.38206606152434e-06,COMPLETE
457,0.44033781290054325,2025-04-22 18:45:53.832503,2025-04-22 18:46:54.411822,0 days 00:01:00.579319,0.21659570433598935,0.2811156264540828,2,0.149586898174263,0.048662120318725646,0.07658303441527346,0.07295612376687122,0.022085528736341765,0.06373328193878885,0.05711476799787557,13,128,0.06490808379623378,0.26834885023230287,False,False,False,9.626496543951926e-07,COMPLETE
458,0.4486085414886475,2025-04-22 18:46:54.553615,2025-04-22 18:47:15.553577,0 days 00:00:20.999962,0.2586218366611764,0.3449081760052087,16,0.25131301602368417,0.036314898853403034,0.050569922093635915,0.08735458901748437,0.08221853910944497,0.06100578729841373,0.08209341413334476,15,109,0.060039911852673156,0.21940067177809178,False,False,False,1.3806264318326465e-06,COMPLETE
459,0.4443037271499634,2025-04-22 18:47:15.694437,2025-04-22 18:47:36.452659,0 days 00:00:20.758222,0.1875372319709617,0.32502114703572593,16,0.2521224985040485,0.03468660311401421,0.05877705192747585,0.0868853172103997,0.08340965736992705,0.03415086811630316,0.08689293894958693,14,112,0.03728407632048035,0.21625562276414095,False,False,False,1.4046862164848652e-06,COMPLETE
460,0.2804898262023926,2025-04-22 18:47:36.607157,2025-04-22 18:47:54.380195,0 days 00:00:17.773038,0.11300200197607717,0.34790606692850834,16,0.24715038312049065,0.03641317250836986,0.06372566086104958,0.08758702176279443,0.08109149323721807,0.06115764246492541,0.08601487650117003,12,122,0.05695790779501276,0.20559263202383876,False,True,False,1.724649063839141e-06,COMPLETE
461,0.44180909395217893,2025-04-22 18:47:54.523337,2025-04-22 18:48:14.935763,0 days 00:00:20.412426,0.24364517474755312,0.30866344352751873,16,0.25628110006104937,0.04551120073994257,0.07374059155945006,0.09031585135336737,0.08215450454421283,0.05963933710851981,0.09996568679546036,13,115,0.06010473815892444,0.2206272223752305,False,False,False,1.2194186739330568e-06,COMPLETE
462,0.43652273416519166,2025-04-22 18:48:15.079212,2025-04-22 18:48:36.930418,0 days 00:00:21.851206,0.03783209715176559,0.34631471570637584,16,0.25064079345779616,0.027879001977077014,0.0783551551552164,0.08949638626657136,0.08523391999503582,0.062472427444996266,0.072000739396968,15,131,0.05713558376457404,0.21120151851673694,False,False,False,2.641114232553596e-06,COMPLETE
463,0.3952142596244812,2025-04-22 18:48:37.084584,2025-04-22 18:49:02.819418,0 days 00:00:25.734834,0.15934272874928915,0.31854469794832674,16,0.24128823278587627,0.06060264163639915,0.05075869659489847,0.08470613846573222,0.08484178891481399,0.06574513922545269,0.07347905586920452,14,117,0.06068122854092213,0.07965604687313323,True,False,False,8.459139478258223e-07,COMPLETE
464,0.4419171214103699,2025-04-22 18:49:02.963989,2025-04-22 18:49:22.806045,0 days 00:00:19.842056,0.09506502876746886,0.3327349204448965,16,0.25722956122000845,0.0513900790421096,0.07225309222774369,0.09200093604522594,0.0877553455613966,0.06083117288690407,0.09909641310533443,12,109,0.05348493484767485,0.22058889427278386,False,False,False,1.613507664595736e-06,COMPLETE
465,0.4428394436836243,2025-04-22 18:49:22.960471,2025-04-22 18:49:44.090522,0 days 00:00:21.130051,0.2011572173608528,0.2612656411735777,16,0.2486638375034645,0.043026718945089464,0.04875959447753733,0.08136107361027457,0.07657135538348424,0.05874471671715837,0.06994612995183952,14,120,0.058431102097553034,0.21464853877673862,False,False,False,1.079117948748262e-06,COMPLETE
466,0.4366426229476929,2025-04-22 18:49:44.234399,2025-04-22 18:50:02.752006,0 days 00:00:18.517607,0.06491505583290237,0.3578673429214639,16,0.2599273730895664,0.03251681121012764,0.007108322244795066,0.06936657573836534,0.009424894846591324,0.056992422749848136,0.08161806245255153,9,124,0.060966270558596526,0.22389153725016986,False,False,False,6.925422453304929e-07,COMPLETE
467,0.4465695500373841,2025-04-22 18:50:02.895502,2025-04-22 18:51:03.163273,0 days 00:01:00.267771,0.2230368011703252,0.29640180332331373,2,0.26642982073263244,0.037987113895597384,0.08061142589715083,0.08713506272940505,0.08219335519960635,0.06435480407135213,0.06008333226773271,13,114,0.06265077895413136,0.22958919341726108,False,False,False,2.1500425550242506e-06,COMPLETE
468,0.44738157987594607,2025-04-22 18:51:03.318553,2025-04-22 18:51:53.887486,0 days 00:00:50.568933,0.25587436234445915,0.45059057984347556,2,0.12072483903758797,0.05561493740411024,0.06069243932911758,0.07919590047410627,0.06540135173496242,0.06271514823286123,0.07149009812544657,10,118,0.06367550799949395,0.26148029825007985,False,False,False,6.000932363457936e-07,COMPLETE
469,0.432792341709137,2025-04-22 18:51:54.032008,2025-04-22 18:52:44.696334,0 days 00:00:50.664326,0.2786119572569917,0.4533705621873294,2,0.12204172542766972,0.06493969728001332,0.05099973256911385,0.080113563441952,0.06574499200354893,0.07220435713875845,0.05557206345657213,10,139,0.058628243810201215,0.2638869078933797,False,False,False,8.258895529858333e-07,COMPLETE
470,0.4331473112106324,2025-04-22 18:52:44.840453,2025-04-22 18:53:34.640059,0 days 00:00:49.799606,0.2631143699541025,0.439546335729209,2,0.10085253368644699,0.056219943417872884,0.06007474801314599,0.07804056618073792,0.07194097592628138,0.06848853588713738,0.0638747697877821,10,63,0.0612583421618679,0.2757256557447864,False,False,False,1.2215862850013872e-06,COMPLETE
471,0.3973868727684021,2025-04-22 18:53:34.798467,2025-04-22 18:53:54.381689,0 days 00:00:19.583222,0.2839062529666403,0.46821499476991857,16,0.11355823919032794,0.05973056422397657,0.07585229474572812,0.0826080664154249,0.06184818660148353,0.06321340041152929,0.08304267643060176,11,134,0.07926781155336876,0.26807355445053377,False,False,False,6.417082251331649e-07,COMPLETE
472,0.4450680375099182,2025-04-22 18:53:54.527396,2025-04-22 18:54:44.442004,0 days 00:00:49.914608,0.23928121650527795,0.44250955732158226,2,0.1354136131551362,0.0526797896432298,0.057469379046533556,0.08479583733547637,0.06383681081290495,0.06559778928467835,0.05076762287904712,10,120,0.063618841493623,0.2586059416435263,False,False,False,1.4910146898034114e-06,COMPLETE
473,0.44441559314727785,2025-04-22 18:54:44.586456,2025-04-22 18:55:35.402666,0 days 00:00:50.816210,0.262478909827767,0.45469268273206853,2,0.10757500561756227,0.06428754588361572,0.06499548237993442,0.07908387175152355,0.05734385435883837,0.062350821564236616,0.06858528241623102,11,21,0.07759875649519744,0.2527429038170184,False,False,False,1.0254199604224074e-06,COMPLETE
474,0.408260715007782,2025-04-22 18:55:35.558383,2025-04-22 18:56:33.131800,0 days 00:00:57.573417,0.09993875201830484,0.40662086737172526,2,0.2538124946752179,0.04874672872493465,0.0771596892631405,0.07495436472901242,0.06044130171364075,0.06771887292183337,0.054212785625327366,15,124,0.07390398581583667,0.2635463018182745,False,False,True,5.406893302413027e-07,COMPLETE
475,0.44543023109436036,2025-04-22 18:56:33.278664,2025-04-22 18:56:54.019165,0 days 00:00:20.740501,0.2501186007770899,0.4227017731416232,16,0.08961785747885992,0.07058929423169301,0.060431563246076826,0.07562625567460503,0.05876895762505334,0.07588168971789963,0.04089130985417163,14,110,0.06559776653406355,0.24763844221737924,False,False,False,8.387736403704538e-07,COMPLETE
476,0.41895359754562383,2025-04-22 18:56:54.176553,2025-04-22 18:57:41.362082,0 days 00:00:47.185529,0.02622697926699166,0.30780469301752433,2,0.12178508747077954,0.05738569441195079,0.05344623892022284,0.08328225075995205,0.07410098378853941,0.07084295565511728,0.09933650246808658,9,128,0.059440693779602136,0.269318380655654,False,False,False,2.0072907596019248e-06,COMPLETE
477,0.4410374879837036,2025-04-22 18:57:41.508005,2025-04-22 18:58:48.256942,0 days 00:01:06.748937,0.05869857087153366,0.23775837333431235,2,0.25009243449581964,0.05267230491208773,0.06765519064209706,0.07681148708759372,0.05302891025683182,0.05828913116797698,0.07162385350518356,15,118,0.06247814658119262,0.25999897741046485,False,False,False,6.170707894680023e-07,COMPLETE
478,0.4457867741584778,2025-04-22 18:58:48.404438,2025-04-22 18:59:51.423552,0 days 00:01:03.019114,0.1203664921175385,0.28376270972301115,2,0.07956242904643578,0.04601100108216422,0.0831141587229946,0.07869521671282632,0.006264835597754188,0.06414845181850667,0.06063219834595137,14,113,0.05699188174255969,0.25590639020747213,False,False,False,1.3775872818050352e-06,COMPLETE
479,0.42115035057067873,2025-04-22 18:59:51.582892,2025-04-22 19:00:10.167721,0 days 00:00:18.584829,0.147259962176233,0.4706062172405022,16,0.14515169186765897,0.031672260038317884,0.05633987728945374,0.08110661848499388,0.07059188616886995,0.06067721748312675,0.08401784076022109,9,122,0.06501669621547788,0.24774570579615326,False,False,False,2.7897188678069493e-06,COMPLETE
480,0.33929741382598877,2025-04-22 19:00:10.318304,2025-04-22 19:00:48.333313,0 days 00:00:38.015009,0.9670673841307382,0.337710053646327,2,0.26283438395181785,0.06494886917238046,0.04722207076989044,0.07328985118054258,0.07777757330766323,0.05872633127087846,0.04659160681773436,8,126,0.060467630675237354,0.25038932246515067,False,True,False,7.265560648756879e-07,COMPLETE
481,0.44467618465423586,2025-04-22 19:00:48.481919,2025-04-22 19:01:38.681001,0 days 00:00:50.199082,0.07536044593190558,0.3173496190494334,2,0.24430072028638622,0.038091313526554316,0.07504283902899447,0.08858186091196911,0.06655800101125164,0.06222723506481934,0.09980219091030612,10,116,0.07503097144373727,0.26285582012206826,False,False,False,1.0402190058357926e-06,COMPLETE
482,0.43663486242294314,2025-04-22 19:01:38.842824,2025-04-22 19:02:35.896688,0 days 00:00:57.053864,0.22959008836456496,0.4207299397970038,2,0.25460894339836576,0.24213922148697442,0.07083265335074385,0.04082659068920419,0.05619521662427267,0.05567758661932649,0.0638399956940712,12,121,0.06414824566979087,0.23953384642974343,False,False,False,5.160371116232732e-07,COMPLETE
483,0.3454729676246643,2025-04-22 19:02:36.045191,2025-04-22 19:03:37.715952,0 days 00:01:01.670761,0.17321496599672148,0.40037418139144904,2,0.09277772048867809,0.05514886700192862,0.08710898439028755,0.05593218530494224,0.004775068470673255,0.0663718437520546,0.07392486463568951,13,112,0.061168850038489736,0.2283744609640639,True,False,False,7.53750247818785e-07,COMPLETE
484,0.46387772560119633,2025-04-22 19:03:37.877814,2025-04-22 19:03:59.250985,0 days 00:00:21.373171,0.25063058813090866,0.4487417572175875,16,0.0641356119014249,0.04697119706648206,0.07869591634716906,0.07023163235058473,0.007813986510235264,0.06039584062902737,0.05285275658810396,14,149,0.06253740882748217,0.2570349811643102,False,False,False,4.2362772670230895e-07,COMPLETE
485,0.4369722485542297,2025-04-22 19:03:59.399612,2025-04-22 19:04:20.596176,0 days 00:00:21.196564,0.03352231979737964,0.2779375446153478,16,0.056184294113155786,0.044105515757484594,0.07836006285929428,0.06896663511630825,0.007664748927401465,0.057065086532217174,0.03710152909684657,14,147,0.08048063623851934,0.2540500533975762,False,False,False,3.440435392407092e-06,COMPLETE
486,0.4391588926315308,2025-04-22 19:04:20.747441,2025-04-22 19:04:42.549937,0 days 00:00:21.802496,0.12917674575339333,0.3642580619572385,16,0.2456221832486162,0.038435194636869716,0.07967928722760378,0.07060785575576359,0.010472434631434354,0.060082968101915664,0.04852916637898359,15,144,0.05532363168606111,0.24469181163619969,False,False,False,3.60924359900086e-07,COMPLETE
487,0.2804898262023926,2025-04-22 19:04:42.711896,2025-04-22 19:05:03.594954,0 days 00:00:20.883058,0.09130823022558951,0.7423348228153331,16,0.050700019414399125,0.02460339503340033,0.08109377672030306,0.06797076397606612,0.008661189368484664,0.05884947528444978,0.053253835766934966,14,136,0.057744905941786565,0.23114304205326305,False,False,False,4.0917281035220766e-07,COMPLETE
488,0.4472682118415833,2025-04-22 19:05:03.745534,2025-04-22 19:05:24.173753,0 days 00:00:20.428219,0.05540951698065871,0.33499322398463965,16,0.07670740818997092,0.04852838718201259,0.08447493113814394,0.07188542460173718,0.014027392231981569,0.05479108198062715,0.035897579222089436,13,131,0.059215998685626395,0.22465429824174563,False,False,False,5.192424676367318e-06,COMPLETE
489,0.42288758754730227,2025-04-22 19:05:24.326022,2025-04-22 19:05:46.090783,0 days 00:00:21.764761,0.2866716501682618,0.2533499000619082,16,0.06250151760456922,0.029942644370674128,0.07738589803879868,0.06638467048757668,0.0038174095161874616,0.060813872769819595,0.0023372073138292456,15,142,0.06216819875952466,0.2544143492193173,False,False,False,1.810347657027651e-06,COMPLETE
490,0.38185843229293825,2025-04-22 19:05:46.252791,2025-04-22 19:06:07.060315,0 days 00:00:20.807524,0.21159562316066916,0.29577745325516763,16,0.07172161557011421,0.044203902880632445,0.07498506698260425,0.0930041531550734,0.008688003674553867,0.056680321197527736,0.04319152517387962,13,145,0.06632628419190378,0.24763572276719517,False,False,False,4.078239483507651e-07,COMPLETE
491,0.431578540802002,2025-04-22 19:06:07.211477,2025-04-22 19:06:28.674196,0 days 00:00:21.462719,0.23435632592008918,0.3869313220147961,16,0.23978765357399787,0.03872057760633185,0.08998429232390495,0.06988182473911318,0.005878611921690405,0.0643327365416081,0.055403897972899685,14,150,0.07218130001301946,0.21644206417827566,False,False,False,5.120946355419984e-07,COMPLETE
492,0.44311100244522095,2025-04-22 19:06:28.840950,2025-04-22 19:06:50.306898,0 days 00:00:21.465948,0.1870294066289886,0.42713982893994906,16,0.06332795905166294,0.03398223652681511,0.0791132003597142,0.07244692252649035,0.07977126094652832,0.05860846642482906,0.06294862716949366,14,150,0.061761574516457536,0.24010442883607092,False,False,False,2.3584135066191635e-06,COMPLETE
493,0.34126890301704405,2025-04-22 19:06:50.460600,2025-04-22 19:07:09.222725,0 days 00:00:18.762125,0.14024874025924897,0.35058981474730816,16,0.2683286868464051,0.0486709713553296,0.0820222246583448,0.07440243611845418,0.0032774124140704463,0.06951470477533857,0.048520587008928265,13,144,0.0662516343136948,0.2345378072124249,False,False,True,3.009828136578712e-07,COMPLETE
494,0.4341664433479309,2025-04-22 19:07:09.376947,2025-04-22 19:07:30.319292,0 days 00:00:20.942345,0.16560735224235162,0.4073301998981879,16,0.25681518098931294,0.04061266802132275,0.07326581165630473,0.09078667731203661,0.011712760032736101,0.061055354917898326,0.04024211866421259,15,109,0.0777975152233254,0.21906171002655284,False,False,False,1.54676318573864e-06,COMPLETE
495,0.2804898262023926,2025-04-22 19:07:30.482650,2025-04-22 19:07:51.609053,0 days 00:00:21.126403,0.07930127479921678,0.31899068738431013,16,0.26280687868188285,0.02533883719194339,0.035729513941008914,0.06575582941062137,0.00180416100095851,0.05696738298880954,0.05841841802382043,14,148,0.07639336301885308,0.2569767021693876,False,False,False,1.017724299032082e-06,COMPLETE
496,0.4103214979171753,2025-04-22 19:07:51.762480,2025-04-22 19:08:51.813042,0 days 00:01:00.050562,0.2500182511089909,0.37079650999003977,2,0.24800059846329053,0.050276897825806424,0.033536120446968805,0.08590471876055071,0.00706591717683701,0.054320210938148414,0.08337825659463387,13,148,0.05930008308632388,0.24294988489349797,False,False,False,5.518158970753554e-07,COMPLETE
497,0.4386114835739136,2025-04-22 19:08:51.965899,2025-04-22 19:09:13.288429,0 days 00:00:21.322530,0.22175950767917457,0.20039237551766148,16,0.2591261162233908,0.03459621666289721,0.0765767721488383,0.054475986025170384,0.08062695481273625,0.06713717800573846,0.0826661291210752,14,146,0.021358804681825553,0.22505747724483297,False,False,False,3.4394480371364924e-07,COMPLETE
498,0.4445570588111878,2025-04-22 19:09:13.451138,2025-04-22 19:10:13.783877,0 days 00:01:00.332739,0.10367256587211444,0.4749817032250436,2,0.05209852990063048,0.06028970926046981,0.08041253341712322,0.06762246277273286,0.08327318372373493,0.059582186480249176,0.00109811128351566,13,129,0.051897085922314595,0.2491704431536282,False,False,False,7.982383712357579e-07,COMPLETE
499,0.2804898262023926,2025-04-22 19:10:13.936853,2025-04-22 19:11:03.295784,0 days 00:00:49.358931,0.1960673316540358,0.43983929218251844,2,0.04284451381525077,0.27860514296632194,0.09221892032501895,0.0587342669706088,0.010629867835685647,0.07384491299254911,0.04791236041954576,12,126,0.06299479667332522,0.05895501190004067,False,True,False,1.2499065133748465e-06,COMPLETE
500,0.4399954617023468,2025-04-22 19:11:03.461478,2025-04-22 19:12:10.476141,0 days 00:01:07.014663,0.05217672355354888,0.39130896131016796,2,0.2739207646377854,0.04078354060946467,0.08513294780099355,0.07073595838925151,0.005270197727564374,0.0625142591782854,0.06451321763631838,15,132,0.07438029799977237,0.20983028751627433,False,False,False,4.874537717245721e-07,COMPLETE
501,0.4285470247268677,2025-04-22 19:12:10.630975,2025-04-22 19:12:35.022548,0 days 00:00:24.391573,0.8055817384150509,0.30867352784152896,16,0.2438782418953922,0.045326295213920016,0.07798552366475067,0.0760115978014833,0.078444091510753,0.06397877264128053,0.0730181377478307,12,123,0.06510620437086556,0.23571557645125898,True,False,False,1.940805935843531e-07,COMPLETE
502,0.4089564919471741,2025-04-22 19:12:35.177070,2025-04-22 19:13:38.716135,0 days 00:01:03.539065,0.2347121484708592,0.3387732208455883,2,0.2708438785247129,0.0681260393589929,0.03674056116482885,0.09395158571690107,0.08387523150214893,0.057692824554587116,0.03077548995602308,14,140,0.06862869689836401,0.2726085369461688,False,False,False,6.691824174232837e-07,COMPLETE
503,0.4437579274177551,2025-04-22 19:13:38.881031,2025-04-22 19:14:39.224022,0 days 00:01:00.342991,0.011694822543488963,0.36203340909627,2,0.25327616606528514,0.028293849791297898,0.08729332877094216,0.0887784136188229,0.013655887842784473,0.06572932668965989,0.05487417462844235,13,115,0.06047250471716451,0.2524624425645599,False,False,False,2.370810924323334e-06,COMPLETE
504,0.4420258760452271,2025-04-22 19:14:39.379674,2025-04-22 19:15:43.250826,0 days 00:01:03.871152,0.27570087319844394,0.4171482996863147,2,0.2371269591934456,0.05201943903386748,0.03415970129634196,0.05560273878323867,0.08117337399494476,0.060942278445772276,0.006649426392160834,14,119,0.0633068620345199,0.2661777994737793,False,False,False,4.2115843289104057e-07,COMPLETE
505,0.4419194340705872,2025-04-22 19:15:43.417286,2025-04-22 19:16:04.011542,0 days 00:00:20.594256,0.17812925394255838,0.2857871040614324,16,0.26448804070531035,0.01909762481119255,0.07389241667511334,0.05179624473306149,0.04975935563800907,0.0526131123753629,0.09996667895890332,14,110,0.054537049979976694,0.22143844995589365,False,False,False,9.033461725505534e-07,COMPLETE
506,0.4458739042282105,2025-04-22 19:16:04.168606,2025-04-22 19:17:04.704100,0 days 00:01:00.535494,0.15354399079210884,0.4574394638060273,2,0.2520384658896773,0.03543191808553196,0.038531818942910176,0.073549121338148,0.007544715046965424,0.05529149846188538,0.03909816246430672,13,114,0.06716468404833337,0.23232893122135106,False,False,False,2.6923431152395066e-07,COMPLETE
507,0.3794833242893219,2025-04-22 19:17:04.865836,2025-04-22 19:18:05.200889,0 days 00:01:00.335053,0.20766218112788457,0.3781370396249875,2,0.25707813866704216,0.0462056388959477,0.08246605411483718,0.06964384032670726,0.0771258371274333,0.059574683100953076,0.06291473383690109,13,150,0.07319470724255735,0.20592996392394458,False,False,False,1.2896007183268847e-07,COMPLETE
508,0.4420089721679688,2025-04-22 19:18:05.368770,2025-04-22 19:19:11.895477,0 days 00:01:06.526707,0.11283072128578459,0.3254038893714331,2,0.27158639044434957,0.04195999137740071,0.07693447583195309,0.062905218764562,0.09335917194199345,0.06831549037229692,0.08315787973427291,15,123,0.05724147921271246,0.21584486142869197,False,False,False,3.1212341145782056e-06,COMPLETE
