number,value,datetime_start,datetime_complete,duration,params_alpha-eval,params_alpha-train,params_batch-size,params_eps-eval,params_eps-train,params_lambda-actions-eval,params_lambda-actions-train,params_lambda-frames-eval,params_lambda-frames-train,params_learning-rate,params_n-epochs,params_n-frames,params_radius-gw,params_rho,params_std-feats,params_ub-actions,params_ub-frames,params_weight-decay,state
1480,0.4433836579322815,2025-04-03 05:52:03.165712,2025-04-03 05:53:48.575565,0 days 00:01:45.409853,0.8227430535371232,0.28052681199205565,2,0.2530517334690213,0.079602902865212,0.07427213932467551,0.07863024456023611,0.014188236794485515,0.02680855010416164,0.05856590170771929,27,70,0.016078720138998085,0.1379206155750448,True,False,False,0.0007068948459645157,COMPLETE
1481,0.43992606401443485,2025-04-03 05:53:49.076718,2025-04-03 05:55:27.511414,0 days 00:01:38.434696,0.8533879644570737,0.343813946601956,2,0.20542097556712255,0.10795190623338549,0.004785146443744986,0.055946336524021215,0.010401953095372504,0.01997530050189501,0.06635035107133688,25,82,0.020008500783363165,0.14651007576664363,True,False,False,0.0005080886929673403,COMPLETE
1482,0.4368591189384461,2025-04-03 05:55:27.987593,2025-04-03 05:57:09.126213,0 days 00:01:41.138620,0.8065803290175645,0.19253046810364927,2,0.22449645019394082,0.09453259606556498,0.008930456450869161,0.059941987539757643,0.007467106808360853,0.016733267415441507,0.04887878341140152,26,59,0.01765502714571944,0.12988579370976983,True,False,False,5.593941232017055e-06,COMPLETE
1483,0.4367702126502991,2025-04-03 05:57:09.601897,2025-04-03 05:58:44.462639,0 days 00:01:34.860742,0.6562688230544669,0.32447620824333445,2,0.2836784141209737,0.1015044101355829,0.06919409842980193,0.03775720244505367,0.012319800193390974,0.02942108362304051,0.020566440521106323,24,72,0.09385575666292113,0.12321713582791763,True,False,False,0.0008091782196723426,COMPLETE
1484,0.37851161360740665,2025-04-03 05:58:44.940764,2025-04-03 06:00:32.509936,0 days 00:01:47.569172,0.3266831680570056,0.22013561201636309,2,0.2626451525631878,0.08698467038396498,0.0011245086435141072,0.06977342712473765,0.00525344575089254,0.024957992720056936,0.08497116458131584,28,92,0.023505243660405458,0.1357224041355636,False,False,False,0.0002824432482085454,COMPLETE
1485,0.4432923436164856,2025-04-03 06:00:33.009513,2025-04-03 06:02:12.945338,0 days 00:01:39.935825,0.8331194393828855,0.15612390611948912,2,0.21720092249347137,0.12863245657237124,0.025522014420880167,0.0673906520271831,0.008983728792527712,0.03270582486656749,0.03756340529700744,25,98,0.013599318233697661,0.14213924847648057,True,False,False,0.0003837433396716361,COMPLETE
1486,0.4236847639083863,2025-04-03 06:02:13.424191,2025-04-03 06:03:55.400468,0 days 00:01:41.976277,0.9593727369702492,0.25185062999989605,2,0.24928300500034126,0.2291409107388533,0.01341027123200135,0.05772054730045201,0.0027868704520797724,0.027716793852015024,0.05700975343183511,26,79,0.008940374606705135,0.11441712368492005,True,False,False,0.0006011493138610803,COMPLETE
1487,0.43640823364257814,2025-04-03 06:03:55.877685,2025-04-03 06:05:19.360399,0 days 00:01:23.482714,0.7691617430350703,0.29260949488290167,2,0.24033684575476744,0.11359810460306412,0.006816349149396023,0.07610185573539227,0.014978591407158468,0.01880856350829753,0.03026455154975551,20,87,0.019093236593067664,0.15061916343600928,True,False,False,0.00021135681238403675,COMPLETE
1488,0.4231932640075684,2025-04-03 06:05:19.854479,2025-04-03 06:06:57.347926,0 days 00:01:37.493447,0.8697078227474991,0.2384960219972999,2,0.22715469136843608,0.23520819280672248,0.010987961166605435,0.06449478394320814,0.011213140025886791,0.021590309865400385,0.045774553606135596,25,63,0.015706893279986145,0.12810517785162914,True,False,False,0.000825211554309514,COMPLETE
1489,0.42762168645858767,2025-04-03 06:06:57.846891,2025-04-03 06:08:43.009811,0 days 00:01:45.162920,0.8046111926916724,0.27280060805550965,2,0.24332311217430913,0.10479837231888973,0.028992134773295906,0.05291429153229402,0.00786135640075382,0.03839059140940447,0.06908749007126916,27,72,0.02225550615381499,0.13526893434757636,True,False,False,5.77117677935766e-07,COMPLETE
1490,0.4358660936355591,2025-04-03 06:08:43.487623,2025-04-03 06:10:28.047560,0 days 00:01:44.559937,0.8427184771515995,0.3075746532041233,2,0.2685172460013187,0.09369800297935188,0.004974472569847512,0.06054833815207965,0.005007346633826448,0.030797262243350058,0.0829036961163048,26,121,0.011599515758962767,0.1572587179577326,True,False,False,0.000991264790489223,COMPLETE
1491,0.44113534688949585,2025-04-03 06:10:28.526432,2025-04-03 06:12:08.410357,0 days 00:01:39.883925,0.7842670252895568,0.3295719612521757,2,0.2755886076897254,0.09872075118161018,0.0029632719730204177,0.02897666935989463,0.00958524115464018,0.02461044360249863,0.05542087819441741,25,84,0.01726584633864991,0.12212204508797599,True,False,False,0.00047107671849387227,COMPLETE
1492,0.2931999742984772,2025-04-03 06:12:08.886958,2025-04-03 06:13:36.896578,0 days 00:01:28.009620,0.8937381044483921,0.20627893385323834,2,0.25697633472256565,0.07036872436286085,0.05544843080439639,0.07247574818301784,0.012795836546783696,0.01467698079108493,0.03845550212455935,26,90,0.08831747262787044,0.2707731166511842,True,False,True,0.0005974614984981671,COMPLETE
1493,0.42896258831024175,2025-04-03 06:13:37.396600,2025-04-03 06:15:14.329209,0 days 00:01:36.932609,0.7548105256354837,0.28601268383742295,2,0.24853887896273943,0.1508557647268632,0.008800956886035511,0.06297414488458068,0.006049202737965401,0.02884562688513437,0.06402411482294106,24,10,0.01458054364137713,0.14299409760344867,True,False,False,1.1352562528524381e-05,COMPLETE
1494,0.43773765563964845,2025-04-03 06:15:14.812346,2025-04-03 06:17:01.732985,0 days 00:01:46.920639,0.8579682166170818,0.2595363700773972,2,0.24053781245911143,0.13640397026090306,0.012146401584105553,0.0447302526274825,0.025687493701093394,0.03585578076217374,0.045684387547745446,27,95,0.02037382814888653,0.13242393504390532,True,False,False,0.0003387691324336413,COMPLETE
1495,0.44187096357345584,2025-04-03 06:17:02.213494,2025-04-03 06:18:42.384874,0 days 00:01:40.171380,0.8226322227549027,0.23288147598158596,2,0.26187646088026356,0.12342244756416594,0.007359565334300783,0.039694718207733876,0.002524151377367034,0.026154238869733035,0.07599261492115288,25,80,0.018815707233435276,0.14853020102597586,True,False,False,0.0004285245699745643,COMPLETE
1496,0.4383657813072205,2025-04-03 06:18:42.886367,2025-04-03 06:20:23.699138,0 days 00:01:40.812771,0.7980464841452931,0.3027193283884044,2,0.21940958954995837,0.10687824194604599,0.010001795252805937,0.06650018834013648,0.00918957564552498,0.022969379066162702,0.03397804928096376,26,67,0.06458727400092637,0.13877832488247727,True,False,False,0.000704199267165537,COMPLETE
1497,0.4337007403373719,2025-04-03 06:20:24.183081,2025-04-03 06:21:31.088344,0 days 00:01:06.905263,0.7309505337067187,0.26786537322385073,2,0.23080812382278174,0.21646461051942262,0.014338808963744192,0.06167545618623725,0.007205740839310429,0.01738016420301542,0.08727440136832149,15,103,0.015472643756791554,0.12728406491892907,True,False,False,0.0009867026656009011,COMPLETE
1498,0.2804898262023926,2025-04-03 06:21:31.571232,2025-04-03 06:22:56.678097,0 days 00:01:25.106865,0.8807553850274251,0.3192202570796933,2,0.1686664277303685,0.11752267189716395,0.0010647474208201598,0.06933252445087823,0.011369327794811283,0.019468453785090167,0.054482819614319625,25,83,0.021445663864571904,0.11934680599558418,True,True,False,0.00025474346322683865,COMPLETE
1499,0.4434610366821289,2025-04-03 06:22:57.163367,2025-04-03 06:24:39.655224,0 days 00:01:42.491857,0.8361535039021857,0.35771083627021727,2,0.2544856152270883,0.09022004712443914,0.0041360827361163945,0.032665442864024404,0.015583116288362984,0.008470621172370747,0.06537649394683541,26,73,0.02546485691477312,0.11021915650902325,True,False,False,0.0005101038400197373,COMPLETE
1500,0.43607751131057737,2025-04-03 06:24:40.155408,2025-04-03 06:25:07.538432,0 days 00:00:27.383024,0.7811918656766953,0.24483999040946594,16,0.23699892903422537,0.11156995048079964,0.00636911017468444,0.058605479973472055,0.004491506525351211,0.03355613271589703,0.045438525060881314,25,79,0.01736693657203437,0.19598741882039222,True,False,False,0.0007011446699403369,COMPLETE
1501,0.4181252121925354,2025-04-03 06:25:08.022418,2025-04-03 06:26:57.681060,0 days 00:01:49.658642,0.9358471166568151,0.2853174116524417,2,0.26611899391187854,0.09968928886877897,0.010464463062914056,0.06362146753884582,0.0077492794859888815,0.030312095129487685,0.026283499268689232,28,87,0.012717094714493426,0.13389839880120882,True,False,False,0.0009961542544649757,COMPLETE
1502,0.4252163290977478,2025-04-03 06:26:58.167340,2025-04-03 06:28:35.070703,0 days 00:01:36.903363,0.8153977157233305,0.1897562302176265,2,0.24729673236484356,0.10544101849280879,0.008494896839129303,0.05580525052330062,0.013462587614185631,0.02740805956430034,0.053245212904944175,24,70,0.014206300659461546,0.14252937165254898,True,False,False,0.0003327140671228802,COMPLETE
1503,0.4415507435798645,2025-04-03 06:28:35.556759,2025-04-03 06:29:13.889685,0 days 00:00:38.332926,0.8575315699845385,0.4805764369840077,8,0.22701862170231457,0.08107852092486492,0.013368272820490867,0.06535508830658247,0.009486018085349376,0.021350930953965067,0.0754829474661051,27,91,0.01991217860030694,0.12679237832436507,True,False,False,0.0005626624411704491,COMPLETE
1504,0.38395288586616516,2025-04-03 06:29:14.394384,2025-04-03 06:30:44.211920,0 days 00:01:29.817536,0.9073404905681276,0.21920352022531767,2,0.24083542390470677,0.20974749812917243,0.024704929021286015,0.0598403353933846,0.005687398891953374,0.02469992013368913,0.03917194776392821,23,65,0.017101016491583996,0.15129393468822327,False,False,False,0.00042792054445283084,COMPLETE
1505,0.44725210666656495,2025-04-03 06:30:44.705476,2025-04-03 06:32:26.862543,0 days 00:01:42.157067,0.7036020664900074,0.3380063214403353,2,0.15144457103653391,0.22648976750587627,0.0051204634049588135,0.07360926681764964,0.022929629230855716,0.01584407712937984,0.06893849615464147,26,75,0.02376600338857813,0.13421232922985993,True,False,False,0.0007036191988606628,COMPLETE
1506,0.44649556875228885,2025-04-03 06:32:27.344095,2025-04-03 06:34:11.418014,0 days 00:01:44.073919,0.7589416176865136,0.2596303743611565,2,0.25654375867500934,0.09353434931587978,0.003180721583823553,0.0708981476360264,0.0010658857516003017,0.028680211408675816,0.04793384701484527,26,85,0.015060983292619215,0.1395838171728824,True,False,False,0.0007973161087809164,COMPLETE
1507,0.44426538944244387,2025-04-03 06:34:11.925542,2025-04-03 06:35:50.059513,0 days 00:01:38.133971,0.8778572442889189,0.30377968089845936,2,0.2796973495153797,0.11149083703896547,0.01229382339698095,0.06713409432806647,0.010793880771956647,0.03290539650935771,0.09856093414404384,25,81,0.01868161719144995,0.12124347863010754,True,False,False,0.0005584834165797477,COMPLETE
1508,0.4321620583534241,2025-04-03 06:35:50.550808,2025-04-03 06:37:33.624377,0 days 00:01:43.073569,0.7973216721770651,0.2766796729655378,2,0.27149616089702816,0.08644477656356744,0.0074072599347371,0.06268656678774417,0.004516176760722082,0.02388087463690593,0.03243114660306546,26,89,0.01052474926026304,0.14492993531343099,True,False,False,1.5212275815981655e-08,COMPLETE
1509,0.4107249140739441,2025-04-03 06:37:34.111846,2025-04-03 06:39:12.772620,0 days 00:01:38.660774,0.8370833962031764,0.24134445167351007,2,0.25041433813882885,0.09878178681574915,0.009687842521522215,0.048231404483170474,0.02727464065093569,0.04413352058155884,3.2718244105162584e-05,25,94,0.02156565914462056,0.12928900444878413,True,False,False,0.0003986524289876587,COMPLETE
1510,0.3114654898643494,2025-04-03 06:39:13.256383,2025-04-03 06:40:36.068620,0 days 00:01:22.812237,0.8194025612128841,0.31633806874900267,2,0.23546479545411034,0.11951990567247701,0.04993680172627114,0.07683239062541593,0.007551054166479792,0.019760891790479282,0.05942565595308141,24,77,0.02805698513000862,0.13414326404208737,True,False,True,0.00016124668735135672,COMPLETE
1511,0.33875676393508913,2025-04-03 06:40:36.571803,2025-04-03 06:42:14.620777,0 days 00:01:38.048974,0.7729191564285763,0.29151765842643074,2,0.006807107235929893,0.1302079593306937,0.026455518192306064,0.060206551654029695,0.012716371429870532,0.03117995260030682,0.04195289823910842,25,58,0.012392434808224901,0.11352070780896398,True,False,False,0.0002993231108744613,COMPLETE
1512,0.44184374809265137,2025-04-03 06:42:15.114415,2025-04-03 06:43:58.979253,0 days 00:01:43.864838,0.8582048412900802,0.2110934908288686,2,0.22220152710246724,0.19955418315880846,0.00652406664241122,0.05785308526414404,0.0031806415671960866,0.025978308316344803,0.0860173694191097,26,97,0.016127216503753098,0.12426501084693867,True,False,False,0.0006576666972053268,COMPLETE
1513,0.41747753620147704,2025-04-03 06:43:59.465703,2025-04-03 06:45:43.743177,0 days 00:01:44.277474,0.9095046352872501,0.3526064240056269,2,0.210729625577695,0.10353529708299629,0.015137475426497755,0.07994094049314127,0.016802248001553194,0.017750928140682014,9.164320206430395e-05,27,72,0.01811631052510787,0.15482869105684532,True,False,False,0.000995387573637913,COMPLETE
1514,0.4406300187110901,2025-04-03 06:45:44.248663,2025-04-03 06:47:31.204253,0 days 00:01:46.955590,0.7377039075651618,0.1769766167779758,2,0.26210809546971975,0.09569451889589171,0.011312059221740715,0.03654849750703003,0.010253767003901385,0.021743048498526207,0.05906451298543167,27,112,0.014122630505106409,0.1374963863848971,True,False,False,0.00046641157795848816,COMPLETE
1515,0.4430983066558838,2025-04-03 06:47:31.695257,2025-04-03 06:49:14.468820,0 days 00:01:42.773563,0.8411870135784597,0.2567100644135823,2,0.24426796507179388,0.22083933713834694,0.04699249602018421,0.0690498639241366,0.0066742872365836,0.02958424863671929,0.04963944065315839,26,68,0.020526677890392024,0.14744898157593117,True,False,False,0.00037636345288195714,COMPLETE
1516,0.4281041264533997,2025-04-03 06:49:14.959399,2025-04-03 06:50:54.425022,0 days 00:01:39.465623,0.799978854145464,0.2785863009029704,2,0.23054045970108883,0.11011893270598652,0.0038883228719489953,0.06592090930263823,0.014131898624026555,0.027177239618728463,0.07154864236056326,25,78,0.007417939803783297,0.12882474115615833,True,False,False,0.0002372488167334667,COMPLETE
1517,0.305513870716095,2025-04-03 06:50:54.938917,2025-04-03 06:52:17.955178,0 days 00:01:23.016261,0.8763505845082719,0.3368089731958804,2,0.2536695887454255,0.233264918914889,0.008837257866496608,0.07444986256407338,0.008753480975713749,0.0143019822219395,0.03472942004163022,24,100,0.04479675225534212,0.14067413906793982,True,True,False,0.0007801740968197087,COMPLETE
1518,0.4084416031837464,2025-04-03 06:52:18.458023,2025-04-03 06:52:52.915216,0 days 00:00:34.457193,0.6439758472988127,0.2307675374516818,2,0.12884956766239847,0.07534801808429298,0.001073752548500413,0.06193156227111664,0.01122502274281916,0.02303672304594316,0.061449001856994846,5,131,0.017285860385556805,0.11869766207371305,True,False,False,0.0005918558797224652,COMPLETE
1519,0.4457138538360596,2025-04-03 06:52:53.400389,2025-04-03 06:54:31.473197,0 days 00:01:38.072808,0.8236196247738903,0.2947141122589609,2,0.0874899765733072,0.11524531373743124,0.005634522589377076,0.06378133890597759,0.004570105639666499,0.020429090884395925,0.041279437045508696,25,62,0.01975834230805869,0.13228523374468185,True,False,False,0.00048286029480846464,COMPLETE
1520,0.4323112487792969,2025-04-03 06:54:31.966827,2025-04-03 06:56:18.102219,0 days 00:01:46.135392,0.7733937778113454,0.2661038876498255,2,0.2270926322832513,0.08950624964302159,0.01175764300363307,0.05439561365898802,0.0026855937166619954,0.031953902494812975,0.07687720194162047,27,82,0.02290182730962204,0.14546186769858238,True,False,False,0.0003305950692450311,COMPLETE
1521,0.4522443890571594,2025-04-03 06:56:18.612936,2025-04-03 06:58:00.761012,0 days 00:01:42.148076,0.8948132143768889,0.3153236792198316,2,0.23896291099021882,0.08277296315131547,0.007569091668118843,0.07128272612921073,0.007068270872657116,0.004429933680988395,0.05301023723266009,26,93,0.015261814904038164,0.16092295371263987,True,False,False,0.0007949267626813865,COMPLETE
1522,0.37911478877067567,2025-04-03 06:58:01.255582,2025-04-03 06:58:26.116375,0 days 00:00:24.860793,0.8986172662705908,0.3255376208749117,16,0.23889601115819317,0.0727062762530914,0.010380061068092477,0.06757299365781468,0.008794800627496558,0.008359249027563756,0.03005173854166393,25,94,0.011175832995372345,0.16317924911878862,False,False,False,0.0009928697422140961,COMPLETE
1523,0.4162127852439881,2025-04-03 06:58:26.605455,2025-04-03 07:00:02.947320,0 days 00:01:36.341865,0.9263385984610688,0.33080307051819835,2,0.23498875212223655,0.06320005928572407,0.05914510055456431,0.07111396735752544,0.008307862224550435,0.029228393158481605,0.02334342558506667,24,97,0.009582040760009675,0.16567115488523138,True,False,False,0.0008393931105808856,COMPLETE
1524,0.43864891529083255,2025-04-03 07:00:03.457789,2025-04-03 07:00:27.230930,0 days 00:00:23.773141,0.9140902327804156,0.351582633855653,8,0.24253948672114253,0.07730200498024768,0.014380533937836957,0.06890338948680577,0.009775821884389304,0.00452636877681443,0.03891158966626873,11,93,0.01280335292408312,0.1579718421840638,True,False,False,0.0008351451010870869,COMPLETE
1525,0.44399161338806153,2025-04-03 07:00:27.720564,2025-04-03 07:01:57.347355,0 days 00:01:29.626791,0.9269534713638335,0.31591634727198287,2,0.2328977837287542,0.07964491535046354,0.012332618852689289,0.067510320454533,0.011515646153367963,0.004599564742330653,0.04787544846354646,22,95,0.013909086041198632,0.16114037287775218,True,False,False,0.0007731869901005023,COMPLETE
1526,0.43395121097564704,2025-04-03 07:01:57.844670,2025-04-03 07:03:40.842552,0 days 00:01:42.997882,0.8970852176464508,0.34731286688520996,2,0.24547720039829563,0.08315684210931504,0.008308668374936096,0.06986602098226295,0.0071133781224143044,0.03430556129885797,0.045091695919004166,26,98,0.011771603641969594,0.15036670089035853,True,False,False,0.0007501819507219586,COMPLETE
1527,0.4464650392532349,2025-04-03 07:03:41.332094,2025-04-03 07:05:23.305274,0 days 00:01:41.973180,0.8938125495354682,0.31214199458271763,2,0.23828541816042204,0.07916153176908805,0.010111658208590961,0.06530085070109723,0.009688925781994005,0.004741481376757969,0.035358533202391115,26,92,0.015085300319797015,0.1553830122466024,True,False,False,0.0008110095073780547,COMPLETE
1528,0.43643666505813605,2025-04-03 07:05:23.816675,2025-04-03 07:07:14.120258,0 days 00:01:50.303583,0.9161280259964769,0.337101486421197,2,0.24133293054471763,0.06687681956537467,0.027706639325157684,0.06775416856328163,0.0076273458871869235,0.027433508630584136,0.053536219381022994,28,91,0.013489703816157602,0.158675489178017,True,False,False,0.0007152321777206742,COMPLETE
1529,0.30801435708999636,2025-04-03 07:07:14.615570,2025-04-03 07:08:41.101872,0 days 00:01:26.486302,0.9500570343530129,0.3749120869617438,2,0.23033314152597417,0.08077101697735328,0.01334439260450334,0.04268173597361595,0.01251193603537635,0.01206838153622923,0.06478705705749417,25,101,0.009543414706595723,0.17446518990737853,True,False,True,0.000987098916582811,COMPLETE
1530,0.4394935846328736,2025-04-03 07:08:41.593298,2025-04-03 07:10:18.056700,0 days 00:01:36.463402,0.8966965649747313,0.3225771906270933,2,0.24577949032171476,0.08583031346302022,0.015394852031315964,0.06453387128193964,0.010585502082590204,0.031411747657650736,0.0003570064261512775,24,96,0.01589422414351221,0.16830781553402335,True,False,False,0.0006669120004702106,COMPLETE
1531,0.43828860521316526,2025-04-03 07:10:18.575205,2025-04-03 07:11:57.739624,0 days 00:01:39.164419,0.9375512891815528,0.3067116953789333,2,0.23499794519628583,0.08517955638134196,0.007929789614699752,0.07084333725780745,0.007028141366263954,0.009004008604484307,0.08484193694926198,25,92,0.014545035739595962,0.14985820515636095,True,False,False,0.0009969089940939254,COMPLETE
1532,0.4477336287498474,2025-04-03 07:11:58.239648,2025-04-03 07:13:42.807280,0 days 00:01:44.567632,0.8827472168669788,0.30227359778257185,2,0.22511310822422695,0.07148713597646773,0.010115389772620888,0.05717441523577038,0.014592518140192566,0.005516921171789875,0.02858804254959731,26,90,0.011646351012285396,0.16214770118155714,True,False,False,0.0006557687330120112,COMPLETE
1533,0.4409253716468811,2025-04-03 07:13:43.301914,2025-04-03 07:15:28.892211,0 days 00:01:45.590297,0.8789397655696907,0.3577968840143888,2,0.2389661461439375,0.08253018032470984,0.012337254366747775,0.06112035149742698,0.008701238994525747,0.02623697183259645,0.05041667655654854,27,94,0.016160185490426637,0.1525052318940656,True,False,False,0.0008096044487462488,COMPLETE
1534,0.43389778137207036,2025-04-03 07:15:29.417532,2025-04-03 07:17:13.163860,0 days 00:01:43.746328,0.9166738529437335,0.3311755084346877,2,0.24621902382128458,0.09068240023210468,0.029116018446001823,0.06259333683884201,0.09616942147051094,0.03667463461359118,0.041224370444841,26,104,0.013195985536434772,0.16031290944295384,True,False,False,1.7390438309365093e-07,COMPLETE
1535,0.4416109204292298,2025-04-03 07:17:13.664293,2025-04-03 07:18:53.385049,0 days 00:01:39.720756,0.8690812974113183,0.31285552680063045,2,0.23169714493738122,0.08677497063624719,0.008060678611469488,0.0653628369166898,0.011390818303914516,0.003178670806341523,0.06829513815090493,25,98,0.025384499645994343,0.15530105563284471,True,False,False,0.0005898380087992642,COMPLETE
1536,0.2804898262023926,2025-04-03 07:18:53.883503,2025-04-03 07:19:48.405128,0 days 00:00:54.521625,0.9732639598601488,0.3478139349499066,2,0.24967012208901765,0.0760953652414052,0.025278455340303114,0.038768870383498535,0.007061395631925765,0.011147759425763397,0.09957724650447172,14,89,0.01840576319746818,0.1474430669820021,True,True,False,0.0008091320084774704,COMPLETE
