number,value,datetime_start,datetime_complete,duration,params_alpha-eval,params_alpha-train,params_batch-size,params_eps-eval,params_eps-train,params_lambda-actions-eval,params_lambda-actions-train,params_lambda-frames-eval,params_lambda-frames-train,params_learning-rate,params_n-epochs,params_n-frames,params_radius-gw,params_rho,params_std-feats,params_ub-actions,params_ub-frames,params_weight-decay,state
1134,0.433601200580597,2025-04-22 23:12:01.607563,2025-04-22 23:12:18.617459,0 days 00:00:17.009896,0.7403361058948648,0.18658493188516823,16,0.20712795557981073,0.07488092166659524,0.09813588659374584,0.061745162223413946,0.004232022089494152,0.04358494513727854,0.01889137957909341,6,142,0.08063926282180764,0.2523622273473319,False,False,False,1.9615540656884715e-06,COMPLETE
1135,0.2967028677463532,2025-04-22 23:12:18.985689,2025-04-22 23:12:34.029397,0 days 00:00:15.043708,0.6886539578637603,0.11751320253437375,16,0.210080341604007,0.13632898263641197,0.09701036670456115,0.05833916530980229,0.004245275817945465,0.04088938750633276,0.015555492258062737,5,146,0.07537314226767948,0.2563198006345696,False,False,True,0.00010907488768288237,COMPLETE
1136,0.4924384832382202,2025-04-22 23:12:34.390472,2025-04-22 23:12:51.253616,0 days 00:00:16.863144,0.7252466138784535,0.2101356103951044,16,0.19450439253367155,0.06861613451664703,0.09767191987448648,0.0566049445539887,0.007203592609488871,0.04371612670773669,0.012709385754196889,6,136,0.07936672083319639,0.25262709069363687,False,False,False,2.471193025495896e-06,COMPLETE
1137,0.4337316274642945,2025-04-22 23:12:51.617821,2025-04-22 23:13:10.384862,0 days 00:00:18.767041,0.7961017904863954,0.17257370060974953,8,0.20397055864474267,0.07511719065531001,0.096427769752372,0.06017510552111154,0.009658441033446897,0.045928267824454194,0.021466763926769796,5,131,0.07479926036320217,0.2589976504178071,False,False,False,2.2676168809821905e-06,COMPLETE
1138,0.44005848169326783,2025-04-22 23:13:10.750581,2025-04-22 23:13:27.240645,0 days 00:00:16.490064,0.7670943721089019,0.19494361815401434,16,0.2591104704681695,0.06990147673097535,0.09664290826670933,0.061419465798405855,0.008429686718101006,0.047119607487232325,0.016959812369889186,5,136,0.07649128402725407,0.2555405180968422,False,False,False,2.0980916676735185e-06,COMPLETE
1139,0.34315568804740904,2025-04-22 23:13:27.608249,2025-04-22 23:13:42.820695,0 days 00:00:15.212446,0.7493292621437772,0.15352549664873688,16,0.20902162312783398,0.07457163577884239,0.09823715346361103,0.06401949082057318,0.009718499314633922,0.04381082255342632,0.013144326950366802,6,131,0.07882214555476344,0.25791582158807586,False,True,False,1.6687411474600866e-06,COMPLETE
1140,0.4181474447250366,2025-04-22 23:13:43.186181,2025-04-22 23:13:59.991861,0 days 00:00:16.805680,0.7219273707723248,0.19785820715353258,16,0.19745189015556497,0.06758133487344865,0.09527679926380528,0.05846788957612099,0.007130333682110511,0.04744278000334576,0.016731905145557828,6,134,0.0776516935228975,0.2867919411152549,False,False,False,3.232668247005368e-06,COMPLETE
1141,0.4124383568763733,2025-04-22 23:14:00.358668,2025-04-22 23:14:16.635276,0 days 00:00:16.276608,0.7727668688146919,0.21036736641360967,16,0.2058744077892232,0.07291638399050965,0.09828321043177374,0.057008520429132056,0.007975524913515834,0.04521090953638566,0.01314201405716876,5,134,0.01516403532119099,0.2513892346440435,False,False,False,2.6485228424116053e-06,COMPLETE
1142,0.432489562034607,2025-04-22 23:14:17.004849,2025-04-22 23:14:37.269949,0 days 00:00:20.265100,0.7046972452719377,0.18291354531637746,16,0.20366096195507605,0.07883049154482963,0.09990040544711583,0.06220827446405252,0.011140797250140914,0.04172192106424265,0.019579384372441194,6,137,0.07918677880849281,0.2598686920914248,True,False,False,1.7337083789242308e-06,COMPLETE
1143,0.49857975244522096,2025-04-22 23:14:37.640257,2025-04-22 23:14:54.506200,0 days 00:00:16.865943,0.7933459383150318,0.21790038158410627,16,0.19396609953940513,0.06782792064841486,0.09486501300888836,0.06001953967965461,0.006195402967477593,0.04124023622617207,0.014969625657702138,6,137,0.07708831969591151,0.2638777508477357,False,False,False,3.0314652821026224e-06,COMPLETE
1144,0.39806780815124515,2025-04-22 23:14:54.876041,2025-04-22 23:15:11.367036,0 days 00:00:16.490995,0.8074043566683139,0.2207997569565173,16,0.206044505875282,0.062100800530450875,0.09395218818548576,0.059326977525379604,0.010501656932130165,0.043502392064191805,0.01307235785045618,5,134,0.07655610929988063,0.2657072487599816,False,False,False,2.607295929318285e-06,COMPLETE
1145,0.4145818114280701,2025-04-22 23:15:11.736997,2025-04-22 23:15:28.707467,0 days 00:00:16.970470,0.8243553014148371,0.22285475928397758,16,0.1959925392311686,0.06025963772919056,0.09466094515394581,0.05875901960899077,0.008465446081857462,0.04337412667435785,0.014351622586597754,6,131,0.07792722031716413,0.2681053917003987,False,False,False,2.2836508603383485e-06,COMPLETE
1146,0.43288286924362185,2025-04-22 23:15:29.081028,2025-04-22 23:15:45.876150,0 days 00:00:16.795122,0.7902019275689303,0.13344189471833254,16,0.18819142743440403,0.07028393172205422,0.09578226165093903,0.059917842563228595,0.006870227855462162,0.04397560269839909,0.011196535790217564,6,132,0.08021321819375006,0.26377753183305735,False,False,False,1.9812975359475826e-06,COMPLETE
1147,0.4161828875541687,2025-04-22 23:15:46.247168,2025-04-22 23:16:02.661704,0 days 00:00:16.414536,0.7927141058126972,0.17561762643534745,16,0.1873212715197195,0.06425651631742842,0.09373760880194164,0.05615911758473663,0.008877516761247574,0.04252183323716304,0.012232487288587593,5,137,0.07639808636203307,0.2567453240283039,False,False,False,3.0142336696623666e-06,COMPLETE
1148,0.41630820035934446,2025-04-22 23:16:03.013682,2025-04-22 23:16:19.351733,0 days 00:00:16.338051,0.835263389580623,0.19983632491779077,16,0.19042167079047814,0.06698485081287417,0.09181058078159858,0.054115872587699274,0.006635673193453399,0.041487951951877926,0.015052903658771034,5,135,0.08073578926200478,0.25399373194124636,False,False,False,1.6922004286312155e-06,COMPLETE
1149,0.5016894578933716,2025-04-22 23:16:19.718378,2025-04-22 23:16:36.529287,0 days 00:00:16.810909,0.8123260813675285,0.2284158398310327,16,0.19931037415982972,0.058205621748523284,0.09499889093599778,0.057676659631457676,0.009292566326363922,0.04551372946765169,0.015499853718875349,6,136,0.07868758996303918,0.27110012850198606,False,False,False,2.8478403923759984e-06,COMPLETE
1150,0.41455608606338507,2025-04-22 23:16:36.896778,2025-04-22 23:16:53.730177,0 days 00:00:16.833399,0.853544329635822,0.20714608495521675,16,0.1909168180359511,0.05187398829327739,0.09207144714400886,0.05681547789763264,0.012756546687408053,0.0468253046638827,0.021974918854897166,6,130,0.07625991323218116,0.28088508073346014,False,False,False,1.5083346253358036e-06,COMPLETE
1151,0.40258318185806274,2025-04-22 23:16:54.097786,2025-04-22 23:17:10.480817,0 days 00:00:16.383031,0.8220605392325948,0.19069474361708325,16,0.17925727046305376,0.049573229059138926,0.09434497779127646,0.05236573533553121,0.01144372632786823,0.04791728171404087,0.016404467000382426,5,131,0.07466311859043692,0.2671803696949345,False,False,False,2.0061840670628184e-06,COMPLETE
1152,0.407040810585022,2025-04-22 23:17:10.856167,2025-04-22 23:17:27.671708,0 days 00:00:16.815541,0.8081340230224657,0.2259449931485485,16,0.1946250903018576,0.055651128611801354,0.09066957545717183,0.05506194950889119,0.010561966202009969,0.04631849164026421,0.018158247521533246,6,135,0.07833853872555153,0.253891812208505,False,False,False,2.6137012108829654e-06,COMPLETE
1153,0.33051598668098453,2025-04-22 23:17:28.046582,2025-04-22 23:17:43.470245,0 days 00:00:15.423663,0.8375110214996039,0.16445198980015419,16,0.20021664110565315,0.05745437491295035,0.09433243160776456,0.057516863509487676,0.01134697962851566,0.04992115517010527,0.015635349895232804,6,134,0.07463600423114816,0.2744103674964486,False,False,True,2.730583038084498e-06,COMPLETE
1154,0.39874335527420046,2025-04-22 23:17:43.838411,2025-04-22 23:18:00.503059,0 days 00:00:16.664648,0.8665245295237936,0.21173472681365624,16,0.19739906110734795,0.05812853620033532,0.09229818426576358,0.05485020310676646,0.009255587663248188,0.04520995087530508,0.02200246759821858,5,133,0.07812779482828126,0.27880093114407356,False,False,False,1.988376478382939e-06,COMPLETE
1155,0.42919032573699956,2025-04-22 23:18:00.872745,2025-04-22 23:18:17.958131,0 days 00:00:17.085386,0.8137225553523957,0.08599605797403315,16,0.17961305771542158,0.05301203069219236,0.09526005117855206,0.039616235921862364,0.009551313151768433,0.047933430412899936,0.014573893874486474,6,130,0.0741084801693982,0.2643655479909071,False,False,False,3.3195305201454363e-06,COMPLETE
1156,0.4361298799514771,2025-04-22 23:18:18.325238,2025-04-22 23:18:35.775570,0 days 00:00:17.450332,0.7791978285470014,0.22989353783313266,16,0.20037840640014518,0.05989507323399108,0.005286345090082162,0.05819825879285627,0.012366143326331637,0.04427138564346617,0.018867711124638278,7,138,0.07845879675490287,0.2736338710352942,False,False,False,2.4738147788266232e-06,COMPLETE
1157,0.4069762587547302,2025-04-22 23:18:36.145493,2025-04-22 23:18:52.629877,0 days 00:00:16.484384,0.8004782555055556,0.188720070823749,16,0.19461653227878367,0.06335422898956213,0.015532275553360259,0.05714970659627452,0.00823004863596532,0.046436349162028254,0.013042388468401332,5,137,0.07688147133004039,0.26381976642980054,False,False,False,3.0265641791006234e-06,COMPLETE
1158,0.3415273785591125,2025-04-22 23:18:52.999107,2025-04-22 23:19:08.165653,0 days 00:00:15.166546,0.7674857008721692,0.21009679717314178,16,0.19481401654625088,0.05126208759659204,0.09612636789316105,0.055055717671861,0.008049851966684184,0.04441009419184669,0.024351790717262595,6,133,0.07997464896198056,0.2658127339945305,False,True,False,1.909039764481391e-06,COMPLETE
1159,0.4327277183532715,2025-04-22 23:19:08.536531,2025-04-22 23:19:25.214497,0 days 00:00:16.677966,0.780471529436263,0.23744363220528403,16,0.19486125494224457,0.059207485017208676,0.09321421741173828,0.058807012410116724,0.010414469851879167,0.044952163319384154,0.0005745525453285257,5,136,0.08097017904829067,0.2763880119931358,False,False,False,3.1483324263604126e-06,COMPLETE
1160,0.4283828258514405,2025-04-22 23:19:25.586459,2025-04-22 23:19:46.073956,0 days 00:00:20.487497,0.8349124743151674,0.17549147134806858,8,0.1936562778868417,0.06363622816507371,0.08942547164976689,0.05225756578925957,0.006754741945031814,0.04261293457165492,0.016083182836236023,7,138,0.07815074957307226,0.26818925805740707,False,False,False,2.5164533084575257e-06,COMPLETE
1161,0.42792565822601325,2025-04-22 23:19:46.442747,2025-04-22 23:20:06.633840,0 days 00:00:20.191093,0.7592740497888918,0.2226868502134452,16,0.1894356060214967,0.06555439186609402,0.09617134432234327,0.06023269258292584,0.009454129217290866,0.048370447653753916,0.018577110152962723,6,135,0.0801822782278124,0.27407194118546935,True,False,False,3.475713199190217e-06,COMPLETE
1162,0.43376897573471074,2025-04-22 23:20:07.003191,2025-04-22 23:20:30.855550,0 days 00:00:23.852359,0.8529974701847854,0.14985828786677868,16,0.20365788648948396,0.05054962957160075,0.09397633413935172,0.05619512935868864,0.011977239544510894,0.04163843191930231,0.01213762509960365,19,138,0.07921315264652766,0.27009243194431254,False,False,False,2.196629852134094e-06,COMPLETE
1163,0.4117180943489075,2025-04-22 23:20:31.227135,2025-04-22 23:20:47.996882,0 days 00:00:16.769747,0.8154784931285112,0.19982973902948375,16,0.20303334703352716,0.0677649633423443,0.09663490219795862,0.05882247097623859,0.006580099422908368,0.046259626696852116,0.014810864174059317,6,132,0.07606887776767604,0.29165985590329946,False,False,False,3.7000211211605225e-06,COMPLETE
1164,0.4313669800758362,2025-04-22 23:20:48.366806,2025-04-22 23:21:04.769184,0 days 00:00:16.402378,0.7893948951000012,0.2393419341225649,16,0.18928638200080447,0.05666069702808309,0.09167045431930988,0.0536018089641201,0.007521955349195504,0.04287835216700559,0.028536100291507834,5,139,0.0808542182280517,0.2721903854022617,False,False,False,1.3101387548099519e-06,COMPLETE
1165,0.41032602787017824,2025-04-22 23:21:05.138777,2025-04-22 23:21:22.410603,0 days 00:00:17.271826,0.8778725017832936,0.21329232150639654,16,0.17750231287249935,0.060167395295447686,0.09500520898974531,0.05709663499552547,0.005850171197956995,0.04407016869318829,0.020121962408909167,7,135,0.0770267332397497,0.2823815355425821,False,False,False,1.4513878030468116e-06,COMPLETE
1166,0.4157296419143677,2025-04-22 23:21:22.784364,2025-04-22 23:21:39.859504,0 days 00:00:17.075140,0.7559385522508619,0.2380826408070163,16,0.21021973266896998,0.0685849699065333,0.0970058698179932,0.060039316701491,0.00963761941595145,0.04130922637224613,0.01157728139282532,6,139,0.08149318960607053,0.2834633600995378,False,False,False,2.409907206792653e-06,COMPLETE
1167,0.41603107452392585,2025-04-22 23:21:40.233427,2025-04-22 23:21:58.668021,0 days 00:00:18.434594,0.8036183463372535,0.19236319418614162,16,0.2094365033427602,0.06247238637873497,0.09999433768302457,0.04979081558977449,0.008237318766593985,0.045629905500330345,0.0007606751102178788,9,137,0.07408946707205022,0.25954545589395606,False,False,False,2.8180748826021044e-06,COMPLETE
1168,0.40692662000656127,2025-04-22 23:21:59.041417,2025-04-22 23:22:15.502852,0 days 00:00:16.461435,0.9085926121960564,0.22103996816705868,16,0.18420487593238516,0.055679987778819044,0.09304133629144878,0.05613149020781406,0.006065714130149874,0.043627892169225996,0.016322943421129107,5,130,0.07901847369018036,0.2572422379085979,False,False,False,1.857908980005703e-06,COMPLETE
1169,0.4820748925209046,2025-04-22 23:22:15.882236,2025-04-22 23:22:32.361865,0 days 00:00:16.479629,0.7732502390071724,0.2404250261695687,16,0.20034628405181926,0.06898288238458107,0.09712820040707532,0.06076418786080923,0.011762770648542661,0.04060404645805369,0.013964619297501707,5,140,0.08240731841612203,0.27203724865923457,False,False,False,3.351994727857724e-06,COMPLETE
1170,0.4238656163215638,2025-04-22 23:22:32.734416,2025-04-22 23:22:50.093732,0 days 00:00:17.359316,0.7486425174207583,0.17492948766835137,16,0.18919729958890266,0.06369524221002353,0.05501095501970851,0.057970993883750224,0.005894265515896147,0.04695118720327993,0.021431801797500018,7,133,0.08117141075291708,0.26200151176037084,False,False,False,3.768183038655123e-06,COMPLETE
1171,0.4283731818199158,2025-04-22 23:22:50.471189,2025-04-22 23:23:17.586450,0 days 00:00:27.115261,0.8351889128844084,0.20501762654732786,16,0.1949513402851665,0.05023904915213726,0.09037200702935179,0.0544686007138812,0.00745629121441725,0.048993775210095326,0.017301563640406057,25,136,0.07806645383344896,0.27052933093842535,False,False,False,3.022798842182561e-06,COMPLETE
1172,0.33907726407051086,2025-04-22 23:23:17.963139,2025-04-22 23:23:33.495388,0 days 00:00:15.532249,0.7813492991039452,0.2484451271936622,16,0.18374841241771503,0.06987920005068966,0.09488013341650973,0.060435300791889184,0.010345606691876874,0.04136394800226503,0.011362569513257419,6,141,0.07967158540847046,0.2782185908463425,False,False,True,2.2094945378446907e-06,COMPLETE
1173,0.4081994652748108,2025-04-22 23:23:33.873918,2025-04-22 23:23:50.984567,0 days 00:00:17.110649,0.8160822081475225,0.22632065927038794,16,0.20516064916710133,0.057182349027864954,0.09821008624370842,0.05199022414624323,0.005145208207380479,0.044219371352993114,0.013771402219054442,6,140,0.07607515280772074,0.2667455776524173,False,False,False,4.061373729274914e-06,COMPLETE
1174,0.4153132319450379,2025-04-22 23:23:51.361339,2025-04-22 23:24:08.794488,0 days 00:00:17.433149,0.5196814835414568,0.18776757781405604,16,0.1982334865931311,0.06262845262615457,0.09526849189222632,0.05864937104689289,0.00840411824237274,0.04279370233806001,0.026250920844803356,7,136,0.0818566182746745,0.26355492757364385,False,False,False,2.926654412973896e-06,COMPLETE
1175,0.4832556366920472,2025-04-22 23:24:09.172548,2025-04-22 23:24:25.826216,0 days 00:00:16.653668,0.7434398980993467,0.20815531994378364,16,0.1928847430001419,0.073776452256137,0.09291172827850563,0.05640231431860064,0.01277578385094695,0.04076282923938925,0.018415136763019042,5,138,0.07970113255180508,0.2529934439306553,False,False,False,1.4809828583953032e-06,COMPLETE
1176,0.41944932937622076,2025-04-22 23:24:26.202782,2025-04-22 23:24:43.018786,0 days 00:00:16.816004,0.7931311248789159,0.24481226609150714,16,0.20949568833368662,0.06861781898189781,0.09997478272934328,0.06109587810597837,0.005553957616558762,0.045227984309896815,0.014779430084158246,6,133,0.08210703592925392,0.25305802805366434,False,False,False,4.044036039474531e-06,COMPLETE
1177,0.3395351946353913,2025-04-22 23:24:43.395235,2025-04-22 23:24:58.897854,0 days 00:00:15.502619,0.7706527912569012,0.2228387421404614,16,0.21651169802467485,0.06410555663059048,0.0978026003432593,0.05829417221617776,0.009137174165975469,0.04039386897521325,0.011448822555397125,6,142,0.07794580998437166,0.26261996182609004,False,True,False,1.917712442100089e-06,COMPLETE
1178,0.43076813220977783,2025-04-22 23:24:59.277909,2025-04-22 23:25:16.736904,0 days 00:00:17.458995,0.8570641619243,0.15698810921512374,16,0.18570066962244997,0.07214803741524688,0.09625606224493402,0.055062556239082065,0.007288278965025265,0.04322763183074348,0.022637986707457182,7,139,0.082730424386701,0.2583595020687818,False,False,False,2.568802141765772e-06,COMPLETE
1179,0.3905245304107666,2025-04-22 23:25:17.119616,2025-04-22 23:25:35.906995,0 days 00:00:18.787379,0.756685793074777,0.2603315293688313,8,0.20102264161676717,0.059012703195716595,0.09149241522862464,0.05951566750386924,0.004583850398037417,0.0497333888335115,0.01648593618370452,5,144,0.08050206900026759,0.24992382094059376,False,False,False,3.7984729591016994e-06,COMPLETE
1180,0.4401352047920227,2025-04-22 23:25:36.296114,2025-04-22 23:25:52.215428,0 days 00:00:15.919314,0.825609509939625,0.2332669532843779,16,0.20299902608873308,0.04905152829497784,0.09402436488221125,0.057008212823033505,0.01064749209102727,0.041810990417443086,0.012915069200605303,6,28,0.07631995257429296,0.2883672975863978,False,False,False,3.0201384187223365e-06,COMPLETE
1181,0.415334177017212,2025-04-22 23:25:52.601139,2025-04-22 23:26:09.035979,0 days 00:00:16.434840,0.7351761734027997,0.20201799328552358,16,0.19255251302240228,0.07322277235358658,0.09835148274479365,0.048238360564789896,0.006634816780388588,0.046667985606087085,0.00999910567942818,5,136,0.07910053987415404,0.25022548236330067,False,False,False,5.90565414388671e-06,COMPLETE
1182,0.4308391213417054,2025-04-22 23:26:09.417043,2025-04-22 23:26:27.947863,0 days 00:00:18.530820,0.8005593332714621,0.27117663689095967,16,0.18420285600511446,0.06660868715581385,0.09647456096777868,0.05353610826021507,0.004209285160017706,0.040050029606583167,8.36811959726612e-05,7,83,0.08295410050371692,0.2598446377540649,True,False,False,4.7380042385733275e-06,COMPLETE
1183,0.4162099242210388,2025-04-22 23:26:28.326721,2025-04-22 23:26:45.305123,0 days 00:00:16.978402,0.7672864065002448,0.18083590845938913,16,0.20996506011435512,0.05581199661284582,0.09458471411739688,0.06156262674943958,0.008328290925904976,0.045058002533048376,0.018474501728750953,6,130,0.07403972998257236,0.2555387045889576,False,False,False,2.3293222171198123e-06,COMPLETE
1184,0.4791378736495972,2025-04-22 23:26:45.685363,2025-04-22 23:27:02.081578,0 days 00:00:16.396215,0.7861627032619013,0.2528139618707422,16,0.19612581831131523,0.07485549205315772,0.09811844498070356,0.058590339432824726,0.005840287138093257,0.04244902622888216,0.014719907887443389,5,140,0.08123849019127574,0.24926842250452594,False,False,False,3.4979854365542652e-06,COMPLETE
1185,0.39200695753097536,2025-04-22 23:27:02.468444,2025-04-22 23:27:19.549752,0 days 00:00:17.081308,0.8853777017504143,0.21936954668570566,16,0.17103174567612778,0.062036675361521215,0.09999014622765103,0.05653668126836218,0.0039653105762943505,0.03952750265697193,3.5051245755682176e-05,6,145,0.08369835399722683,0.2989678075354192,False,False,False,6.513457571107637e-06,COMPLETE
1186,0.40261584520339966,2025-04-22 23:27:19.930904,2025-04-22 23:27:37.961216,0 days 00:00:18.030312,0.5632839537198483,0.24081651141613863,16,0.19793848421192936,0.06725630262738744,0.09236358963738374,0.06154506961735995,0.009817603698157406,0.04330679304973766,0.011740693052083763,8,134,0.0774467287748478,0.2619250570567569,False,False,False,1.7618629765426269e-06,COMPLETE
1187,0.42965834140777587,2025-04-22 23:27:38.346410,2025-04-22 23:27:54.731484,0 days 00:00:16.385074,0.8382788245452982,0.22127649865939053,16,0.20796561752063605,0.0768663370127014,0.08991258481956302,0.05199696298707092,0.012824320163658184,0.04071326681569559,0.02118447524803658,5,142,0.07982834200579274,0.2760325214518612,False,False,False,4.235276645320021e-06,COMPLETE
1188,0.4402951955795288,2025-04-22 23:27:55.111974,2025-04-22 23:28:11.731135,0 days 00:00:16.619161,0.7412839331093822,0.1947974763439429,16,0.21259536938373683,0.05532841469018953,0.09631130759470288,0.05482063292937501,0.0073662706940020705,0.04630714601066374,0.024757808007272505,6,90,0.08147826599779258,0.24806674077957802,False,False,False,2.7110364762582795e-06,COMPLETE
1189,0.4358864784240723,2025-04-22 23:28:12.113080,2025-04-22 23:28:28.855235,0 days 00:00:16.742155,0.8035862107749853,0.2655534489037643,16,0.1853467599594037,0.07004383662340344,0.09390934483413248,0.05963480141138588,0.005659526735767122,0.03898763905629446,0.016033429959897202,7,46,0.08401197338694633,0.26911064059381323,False,False,False,5.265869940395718e-06,COMPLETE
