number,value,datetime_start,datetime_complete,duration,params_alpha-eval,params_alpha-train,params_batch-size,params_eps-eval,params_eps-train,params_lambda-actions-eval,params_lambda-actions-train,params_lambda-frames-eval,params_lambda-frames-train,params_learning-rate,params_n-epochs,params_n-frames,params_radius-gw,params_rho,params_std-feats,params_ub-actions,params_ub-frames,params_weight-decay,state
1195,0.28128333687782286,2025-04-02 22:22:35.807041,2025-04-02 22:24:09.751464,0 days 00:01:33.944423,0.7771833085481367,0.31094126229268115,2,0.10032428948101516,0.22270714316464318,0.006204118443841209,0.07565160533806489,0.006676507876120199,0.02307683378923166,0.030302587664670567,28,87,0.01876195554436805,0.10781083072525745,True,True,False,2.814519452920122e-06,COMPLETE
1196,0.4381896376609803,2025-04-02 22:24:10.149446,2025-04-02 22:25:46.108949,0 days 00:01:35.959503,0.5518258369043875,0.24886729784294298,2,0.2311958787289032,0.23805732733871476,0.00288270261307382,0.043109616187062265,0.008708082184712074,0.019927612324529283,0.07483790128988202,24,75,0.017841523968788298,0.1490014171490715,True,False,False,0.0004961691840622979,COMPLETE
1197,0.4317320108413697,2025-04-02 22:25:46.499390,2025-04-02 22:27:28.911027,0 days 00:01:42.411637,0.7961074152591633,0.2779266498297375,2,0.217392836366678,0.11953964405212576,0.008265830433439335,0.029096962950708457,0.005747929195224998,0.017186478428780374,0.06348834252917392,26,82,0.020355720719110876,0.11738231777315968,True,False,False,3.90291527487582e-07,COMPLETE
1198,0.4412095546722412,2025-04-02 22:27:29.299551,2025-04-02 22:29:08.044873,0 days 00:01:38.745322,0.8110788964232006,0.8060685359835325,2,0.22312482733673278,0.11053061267948477,0.027877970783616215,0.054152146635536476,0.010987439958655715,0.021148279682084676,0.05056536557589322,25,93,0.024485377704926543,0.09966586011817835,True,False,False,0.0002580280823752538,COMPLETE
1199,0.436580765247345,2025-04-02 22:29:08.433339,2025-04-02 22:30:53.386553,0 days 00:01:44.953214,0.6988990776959262,0.22028895629675516,2,0.2337525302367494,0.24967378447857816,0.020159768174252874,0.05912456688436294,0.002946940095035752,0.02329628857400677,0.08676849704234159,27,79,0.017523121672189498,0.13407372993874223,True,False,False,0.0006809260636188718,COMPLETE
1200,0.423123049736023,2025-04-02 22:30:53.778302,2025-04-02 22:32:33.075258,0 days 00:01:39.296956,0.5856016780353034,0.2910570182869634,2,0.228048736185852,0.0992621903322786,0.004989511697854948,0.057253887968403264,0.008137506794319637,0.019845723023318593,0.03772278080238512,25,75,0.006316599116815956,0.1428055627053613,True,False,False,0.0005124601483281445,COMPLETE
1201,0.43601732254028325,2025-04-02 22:32:33.466928,2025-04-02 22:34:13.770765,0 days 00:01:40.303837,0.7619895966274579,0.26875103141959417,2,0.21251643348457305,0.21605487165229958,0.001043959110444997,0.07480271439958681,0.09297264130941937,0.013856581897822604,0.07105527922854427,26,63,0.02120323867195833,0.1256287725194953,True,False,False,1.2255957208640432e-05,COMPLETE
1202,0.450980281829834,2025-04-02 22:34:14.160406,2025-04-02 22:35:56.577245,0 days 00:01:42.416839,0.8288229557174065,0.3270416149661479,2,0.2723117729187801,0.11375448106555669,0.0076019619349743444,0.07924526889999593,0.011288290917673721,0.025304729130506978,0.056560141364568516,26,83,0.01935213660549723,0.13215248500523663,True,False,False,0.00035433474210001803,COMPLETE
1203,0.4355717420578003,2025-04-02 22:35:56.966305,2025-04-02 22:37:33.453276,0 days 00:01:36.486971,0.7886180927281001,0.17984329899734164,2,0.23361323190132527,0.10364126633851344,0.02309269360777679,0.06067463638378875,0.005166703194361471,0.018658533640752612,0.04482545283408442,24,89,0.015770091133223623,0.1383258131564976,True,False,False,0.00017640403745257429,COMPLETE
1204,0.4429338574409485,2025-04-02 22:37:33.842363,2025-04-02 22:39:12.819018,0 days 00:01:38.976655,0.8232405023249056,0.23151427917069778,2,0.2240987727591022,0.2301876365432013,0.00907740477108488,0.04559036605107322,0.008249751924805978,0.02217465298676979,0.062146918350046876,25,78,0.017639250910158298,0.15452364244850267,True,False,False,1.4943676140906233e-07,COMPLETE
1205,0.440596604347229,2025-04-02 22:39:13.212526,2025-04-02 22:40:57.521079,0 days 00:01:44.308553,0.7432640704876549,0.24925289852533242,2,0.23315542892964064,0.13604760401598331,0.016417876294620295,0.07721058963643156,0.004379664335965856,0.015974768636600852,0.08453369815451582,27,72,0.014284536278284255,0.12295932387413931,True,False,False,0.0006715445983711056,COMPLETE
1206,0.4397727012634277,2025-04-02 22:40:57.918374,2025-04-02 22:41:25.643765,0 days 00:00:27.725391,0.8330938585284451,0.36074952726043585,16,0.2389120283774392,0.12534689971681515,0.006132751118606753,0.058197595993045394,0.010771090453686797,0.023285435629123268,0.049841549206869784,25,86,0.011869678468709758,0.146609063030577,True,False,False,0.000429415060405336,COMPLETE
1207,0.44823802709579474,2025-04-02 22:41:26.032398,2025-04-02 22:43:07.856361,0 days 00:01:41.823963,0.8101290367590773,0.49723040074011704,2,0.24309212760040733,0.10106285168995788,0.003621251326073301,0.054619375475236945,0.006746743725414392,0.024616002460725296,0.03385553825317165,26,75,0.019160729926930353,0.1305629553715078,True,False,False,0.000544976100813384,COMPLETE
1208,0.30847631692886357,2025-04-02 22:43:08.251182,2025-04-02 22:44:36.333672,0 days 00:01:28.082490,0.845913181383617,0.3060895751463625,2,0.2646755523382661,0.24346349764797096,0.025950501853203852,0.03294965970426276,0.0026838363423617763,0.07492562605265887,0.06775359649582295,26,81,0.016807633098557092,0.13687672494703898,True,False,True,0.0007100199016748588,COMPLETE
1209,0.4333471536636353,2025-04-02 22:44:36.726776,2025-04-02 22:46:25.462498,0 days 00:01:48.735722,0.7835407967425332,0.20410676084658097,2,0.20855765196733403,0.11810074430504844,0.007952970893105735,0.06031745122451006,0.009806043776850829,0.0811594497609276,0.05497363284165836,28,69,0.02155524242729026,0.11577166766901831,True,False,False,0.00030022879904688236,COMPLETE
1210,0.42120344638824464,2025-04-02 22:46:25.853829,2025-04-02 22:48:12.335572,0 days 00:01:46.481743,0.8375510125661568,0.27665651583153444,2,0.21969379116330148,0.11217971531399354,0.009640042697236754,0.04122030454755922,0.0068877090098004535,0.021569844032676505,0.04421229192466532,27,91,0.015068733119540694,0.14250985147827872,True,False,False,2.6066877803300504e-07,COMPLETE
1211,0.43755626678466797,2025-04-02 22:48:12.725870,2025-04-02 22:49:46.715241,0 days 00:01:33.989371,0.8059723182693883,0.25569095715351836,2,0.22733729721098264,0.10779834133312652,0.02203549508448197,0.07426252519873315,0.011798159647613646,0.01813341941813909,0.0994812210376278,24,59,0.025045833994188377,0.12921152722170084,True,False,False,0.0005737246817137981,COMPLETE
1212,0.4505410432815552,2025-04-02 22:49:47.111217,2025-04-02 22:51:29.033428,0 days 00:01:41.922211,0.6417736798293192,0.2902729490009774,2,0.23370796290489565,0.2542356148125432,0.005465132102187829,0.057669890679726145,0.009343039586549197,0.024582893878866998,0.07376514119629629,25,150,0.013581506312641461,0.1526662046930481,True,False,False,0.0007976686761369266,COMPLETE
1213,0.4405624389648438,2025-04-02 22:51:29.427843,2025-04-02 22:53:11.382599,0 days 00:01:41.954756,0.846722948287172,0.3230898273998955,2,0.25980613752998544,0.0977850522520684,0.017297986366915402,0.07229461303826779,0.005451707495935949,0.020026242242769957,0.05884575154798,26,66,0.01672458862336471,0.12117659504202605,True,False,False,0.000407511035090689,COMPLETE
1214,0.42321940660476687,2025-04-02 22:53:11.775724,2025-04-02 22:54:50.883819,0 days 00:01:39.108095,0.7660781291770492,0.23686461736505726,2,0.2376021742682526,0.12260094004244264,0.024513732376732118,0.03510645534444705,0.0010904818487019504,0.0591933787119612,0.03987003342177678,25,72,0.010313475088427494,0.13420051577022216,True,False,False,0.0004886750381104727,COMPLETE
1215,0.2804898262023926,2025-04-02 22:54:51.275496,2025-04-02 22:56:21.831001,0 days 00:01:30.555505,0.8199149274385054,0.29936217167537094,2,0.24600391075660108,0.2192273688239922,0.014526402784134763,0.03139901791237657,0.0034489312415699382,0.026527995319115174,0.07621717689141912,27,77,0.019117878330628446,0.141632925842365,True,True,False,0.0006800806662287858,COMPLETE
1216,0.42155408859252935,2025-04-02 22:56:22.225053,2025-04-02 22:58:04.331700,0 days 00:01:42.106647,0.7005000135500354,0.35056366116878734,2,0.2537104419039999,0.15860174548570766,0.0029277267241000215,0.05569666273709448,0.027000496836213594,0.015239265335080835,0.029791092765557293,26,84,0.015536836421178217,0.11149560448673188,True,False,False,8.827844463769736e-08,COMPLETE
1217,0.4537159204483033,2025-04-02 22:58:04.727139,2025-04-02 22:59:43.398755,0 days 00:01:38.671616,0.7990678689741698,0.26270170095656403,2,0.17628182479383406,0.10521124324323361,0.010549565072234469,0.06118405238049439,0.007967115596138602,0.017038291862958427,0.04894802802070396,25,80,0.021856136430390145,0.23137020636559552,True,False,False,0.0007926279090533376,COMPLETE
1218,0.4343841671943665,2025-04-02 22:59:43.791913,2025-04-02 23:01:19.530028,0 days 00:01:35.738115,0.7897736176752714,0.21600931417173236,2,0.1721349569764765,0.11531224291427716,0.013326817662966563,0.060285688813575156,0.007583594626069164,0.02139094319617386,0.09974494193502371,24,83,0.026107338148411072,0.26419758901264107,True,False,False,0.0008424146215444863,COMPLETE
1219,0.43186621665954594,2025-04-02 23:01:19.924934,2025-04-02 23:02:54.767710,0 days 00:01:34.842776,0.7737744462587202,0.19592403769551195,2,0.1922333616737167,0.10728943258348848,0.011531076270789278,0.06203277604644472,0.008835239381560332,0.019013531252520338,0.06020274958848092,24,80,0.02359871386194137,0.13781288262910635,True,False,False,0.0002375065654990558,COMPLETE
1220,0.43383761644363406,2025-04-02 23:02:55.161296,2025-04-02 23:04:30.835998,0 days 00:01:35.674702,0.8017845367792028,0.24202915480249376,2,0.18494279857177998,0.1082937980163298,0.01631813434991239,0.059023679542423275,0.005974048208682096,0.0235712230004999,0.04948730616493962,24,81,0.024225635793906457,0.2324645050234111,True,False,False,0.0003509790933492199,COMPLETE
1221,0.4506253361701965,2025-04-02 23:04:31.229012,2025-04-02 23:06:11.049015,0 days 00:01:39.820003,0.7401332278234471,0.2620601353840255,2,0.14340494233029988,0.11605286245228048,0.014119500647956699,0.061759418777761636,0.008071752951818402,0.026397810836833815,0.07596682020779175,25,85,0.022429736557585997,0.13324170532275198,True,False,False,0.0005820009910596475,COMPLETE
1222,0.4477160215377808,2025-04-02 23:06:11.445572,2025-04-02 23:07:47.663361,0 days 00:01:36.217789,0.7742791874177161,0.2335697217213992,2,0.2213427900574934,0.12892128244659654,0.019599591140614013,0.059763305834645425,0.010157483640949615,0.021460742065818942,0.036588717443609205,24,79,0.022936515221092888,0.20895033120062473,True,False,False,0.0004510235093225746,COMPLETE
1223,0.4393812417984009,2025-04-02 23:07:48.059761,2025-04-02 23:09:20.458389,0 days 00:01:32.398628,0.7855238051842834,0.2587003200159107,2,0.16209191098789394,0.11336946072195717,0.028022836274142145,0.057087102634682654,0.004588014527430387,0.025075099857349306,0.06420991328020832,23,81,0.021034508619895694,0.1865664990630326,True,False,False,0.000799445097170568,COMPLETE
1224,0.43960882425308234,2025-04-02 23:09:20.850787,2025-04-02 23:10:59.561365,0 days 00:01:38.710578,0.8017827988951782,0.27604655180022464,2,0.21581824281090903,0.10359429786404545,0.011286935374028521,0.06246142759007398,0.006598271552312315,0.018427531949519786,0.005697937239617441,25,87,0.02711495263875053,0.24128316230215024,True,False,False,0.0009970180839616392,COMPLETE
1225,0.43217986822128296,2025-04-02 23:10:59.955147,2025-04-02 23:12:38.256530,0 days 00:01:38.301383,0.7573263192606217,0.2078356130971713,2,0.18504891571406262,0.11953339563441856,0.013375079769103208,0.06045842869135977,0.011633116299419828,0.027405565625533923,0.04368658688410311,25,78,0.023924145950206727,0.219301292850303,True,False,False,1.1184594989347208e-06,COMPLETE
1226,0.4397363066673279,2025-04-02 23:12:38.648535,2025-04-02 23:14:10.883140,0 days 00:01:32.234605,0.7950569597508185,0.22786092510725348,2,0.19207827249519108,0.1741858611983221,0.009964818800215505,0.05844069383628514,0.001024596646754478,0.022679868266988798,0.053441714049346785,23,82,0.021387510752163247,0.1922698032477446,True,False,False,0.0006465660556151225,COMPLETE
1227,0.311606365442276,2025-04-02 23:14:11.292241,2025-04-02 23:15:33.134207,0 days 00:01:21.841966,0.8131660541575745,0.2508876911701806,2,0.18034467426166034,0.10899677265528752,0.011734902489771342,0.06285201756228166,0.009158262747091726,0.02004374408138194,0.08488221492719032,24,78,0.024760018168040555,0.2494937289761993,True,False,True,0.00029023072451614927,COMPLETE
1228,0.41675860881805427,2025-04-02 23:15:33.526571,2025-04-02 23:16:01.518245,0 days 00:00:27.991674,0.8171677093950048,0.7486891145663558,16,0.15734261092006321,0.10128432264894026,0.017373523310378565,0.060945843921745915,0.007368505630116679,0.05513142077180343,0.00043834878039626635,25,84,0.022122080187191,0.13656098127436564,True,False,False,0.0004911270903022432,COMPLETE
1229,0.43811947107315063,2025-04-02 23:16:01.915495,2025-04-02 23:17:41.440005,0 days 00:01:39.524510,0.7789998099215442,0.18553946319625625,2,0.20641386401620374,0.12113853380593387,0.009459716598004587,0.056452968082137504,0.011305137527177832,0.017227171037838943,0.06729264912703195,25,76,0.020521946322081153,0.12824662916468468,True,False,False,0.00037836862343422923,COMPLETE
1230,0.42474597692489624,2025-04-02 23:17:41.839451,2025-04-02 23:19:19.578332,0 days 00:01:37.738881,0.8259015230318347,0.33590140068596264,2,0.11444851334873876,0.11219623466857533,0.007287239492498668,0.06373910246369059,0.05499603293612479,0.025615729065727677,0.05347599098739732,24,89,0.0010337992153435054,0.2605676165484366,True,False,False,0.0008016772928898511,COMPLETE
1231,0.4489269733428955,2025-04-02 23:19:19.973852,2025-04-02 23:20:59.363943,0 days 00:01:39.390091,0.7981193319894998,0.37608835512177297,2,0.22484176601242495,0.23463667238656438,0.01444566474068847,0.05875220686377946,0.005152984895455873,0.023800605764528714,0.04481317139728902,25,86,0.01955035504871183,0.2768856947305934,True,False,False,0.0006573526277372805,COMPLETE
1232,0.423123049736023,2025-04-02 23:20:59.759757,2025-04-02 23:22:38.802370,0 days 00:01:39.042613,0.8279275855290258,0.313550843903857,2,0.12872175694774005,0.2250853127264956,0.02491643044451663,0.06496770686405269,0.008722487142618324,0.06361330659956535,0.023934802008296823,25,81,0.008370086753222114,0.2820586375540793,True,False,False,0.0005419964418839054,COMPLETE
1233,0.43362256288528445,2025-04-02 23:22:39.197043,2025-04-02 23:24:19.082763,0 days 00:01:39.885720,0.7582337369328961,0.28698625919000603,2,0.19833730111174483,0.10475482475125301,0.02158003328603659,0.06135935011114158,0.004197426851633205,0.027377918924195645,1.8116981846516106e-05,25,76,0.012215311895995382,0.14247192897415623,True,False,False,0.0008050908289559099,COMPLETE
1234,0.2804898262023926,2025-04-02 23:24:19.498924,2025-04-02 23:25:41.375720,0 days 00:01:21.876796,0.8080776478836103,0.2621734747475111,2,0.22868824195325815,0.2395923710377671,0.011816265555416936,0.06310638331608587,0.012519856952827382,0.021179860957824613,0.07559521185497972,24,78,0.022221195197397986,0.13107500155046126,True,True,False,0.00040579498797518984,COMPLETE
1235,0.4401922345161438,2025-04-02 23:25:41.775931,2025-04-02 23:27:23.710334,0 days 00:01:41.934403,0.7827352268146929,0.2198461875544706,2,0.2008793045887894,0.14212580629848529,0.007419367500837522,0.05902444257177163,0.010304400347040475,0.028402224709898515,0.06077178536680925,25,94,0.018634563854967038,0.24712201065988126,True,False,False,0.0006256032557910468,COMPLETE
1236,0.4372166156768799,2025-04-02 23:27:24.114659,2025-04-02 23:29:06.811725,0 days 00:01:42.697066,0.7287141872186594,0.3021855200857496,2,0.1062169230647425,0.1266247858554853,0.00987658032406,0.0646120870340755,0.006341051790068351,0.024557741362671484,0.034475138291859164,26,105,0.020024445200600594,0.13725134974774467,True,False,False,0.0003179946789896987,COMPLETE
1237,0.421819269657135,2025-04-02 23:29:07.215009,2025-04-02 23:30:45.918975,0 days 00:01:38.703966,0.8375049475601651,0.24216510466880503,2,0.17625071648443943,0.21321120550747372,0.015403516287157044,0.055159113029286305,0.008094877534902317,0.01794705428667314,0.00013036426642635158,25,80,0.027920639941256566,0.12645461856002552,True,False,False,0.0005128613504019236,COMPLETE
1238,0.44034006595611574,2025-04-02 23:30:46.321066,2025-04-02 23:32:21.425944,0 days 00:01:35.104878,0.8173467034051002,0.27128269812864225,2,0.21958144586594652,0.24799142668085988,0.00489240409817243,0.06166004829138335,0.003019043757870231,0.02331002296123734,0.041124222192289984,24,84,0.013988604752427754,0.229410596915113,True,False,False,0.0008177988816772577,COMPLETE
1239,0.443646252155304,2025-04-02 23:32:21.830051,2025-04-02 23:34:02.614137,0 days 00:01:40.784086,0.8342088881435121,0.32864851983556226,2,0.23227504562916962,0.15325244858814313,0.018269611561360564,0.0659828177097089,0.012499226789031901,0.019641934551817637,0.05167874597251827,26,74,0.017406924288545147,0.14586556486209462,True,False,False,0.0006605508301462433,COMPLETE
1240,0.4311326384544373,2025-04-02 23:34:03.016230,2025-04-02 23:35:42.165525,0 days 00:01:39.149295,0.7950417701209995,0.2890209544176902,2,0.17241973481388775,0.09966475489519437,0.027029672470330897,0.06017310282527267,0.006608866517286568,0.02610311584465471,0.08428227053456337,25,76,0.010811096514562808,0.13289663472592772,True,False,False,0.0004285164260201341,COMPLETE
1241,0.44017426967620854,2025-04-02 23:35:42.571037,2025-04-02 23:37:25.865242,0 days 00:01:43.294205,0.7697935071558019,0.24701084303155768,2,0.1516600151272613,0.10952836722814842,0.002836052215701427,0.06316961177078756,0.0101516296647335,0.09705791262785146,0.06607861055156276,26,91,0.08362349938532432,0.2010330370993613,True,False,False,0.0008184056068785704,COMPLETE
1242,0.4455919742584229,2025-04-02 23:37:26.269034,2025-04-02 23:39:04.535611,0 days 00:01:38.266577,0.7403704164237397,0.21940172731692847,2,0.2082743043223502,0.11541239632838837,0.013413744308851097,0.056979883667777814,0.005269127574994607,0.016648911174648735,0.05636384388620346,25,79,0.02522563698560804,0.13999440027670265,True,False,False,0.0009985325480819421,COMPLETE
1243,0.450009560585022,2025-04-02 23:39:04.937672,2025-04-02 23:40:45.997461,0 days 00:01:41.059789,0.8467795332613236,0.2656210157410708,2,0.2144635500403092,0.2047510414722337,0.0010170132691194006,0.0664323607254115,0.008050942583189155,0.028107691759516544,0.04412494290654652,26,84,0.015517353388520526,0.12687214831576352,True,False,False,0.0005988457179255561,COMPLETE
1244,0.443254292011261,2025-04-02 23:40:46.401496,2025-04-02 23:42:26.193987,0 days 00:01:39.792491,0.8067780064464247,0.3115020057271452,2,0.23046628183244697,0.22847100932528513,0.023738998653092563,0.058626839319226604,0.0120076027484578,0.013344310850806548,0.0296347919562419,25,87,0.012905126213079156,0.2559912806528178,True,False,False,0.0002498362741023879,COMPLETE
1245,0.43637713193893435,2025-04-02 23:42:26.594901,2025-04-02 23:43:56.514407,0 days 00:01:29.919506,0.8260474658917843,0.1906077218150527,2,0.22537799693477703,0.10581534509572675,0.008085780463494922,0.06121777161558629,0.0033274101873630793,0.02208628219641714,0.08524641748069965,22,74,0.01867178677891437,0.21135479853723405,True,False,False,0.0003567185841858389,COMPLETE
1246,0.3604190468788147,2025-04-02 23:43:56.916632,2025-04-02 23:45:18.798100,0 days 00:01:21.881468,0.11570309275545126,0.34850167962972944,2,0.1688318417079363,0.1001017656202324,0.011301839579691553,0.0648777692493274,0.009874659175179228,0.03053000522432646,0.06945181325102401,24,80,0.052446366134037324,0.1348807645790071,True,False,True,0.0009994589568445187,COMPLETE
1247,0.4401336193084717,2025-04-02 23:45:19.201440,2025-04-02 23:47:04.366899,0 days 00:01:45.165459,0.8510120305175688,0.283220218913274,2,0.23655437283466146,0.11263798626194756,0.006284912581021261,0.056499174831267845,0.004484725767568087,0.02544378821426837,0.036436045956195706,27,83,0.02267231275670526,0.29090139246960356,True,False,False,0.0005092975336861949,COMPLETE
1248,0.4377602100372315,2025-04-02 23:47:04.774637,2025-04-02 23:47:32.353423,0 days 00:00:27.578786,0.7943467096467028,0.23584475391634754,16,0.2360838488164945,0.12062473696749856,0.02030711135205933,0.03588793067921237,0.007410662197561431,0.019145551106560608,0.05061856677545448,26,77,0.016367807341322912,0.27260935331708824,True,False,False,0.0007156979551791628,COMPLETE
1249,0.4328906416893006,2025-04-02 23:47:32.755515,2025-04-02 23:49:07.507482,0 days 00:01:34.751967,0.8180181375430966,0.3066169485114385,2,0.13452514269787041,0.25969508010389697,0.00995111406016431,0.04206573316039969,0.012057100001046511,0.023064405717604347,0.09968039433678877,24,74,0.020658904397605905,0.23570521160695507,True,False,False,4.564624535210208e-08,COMPLETE
1250,0.4476265072822571,2025-04-02 23:49:07.907455,2025-04-02 23:50:48.109285,0 days 00:01:40.201830,0.8568714030958501,0.2579278073785819,2,0.14527122077449187,0.09603225587999886,0.01282706357752423,0.06267176433413262,0.009204162909533062,0.027572424873741057,0.06311858764640398,25,87,0.014101268718997285,0.14035126305059642,True,False,False,0.00045266062105570666,COMPLETE
1251,0.4389769554138184,2025-04-02 23:50:48.510682,2025-04-02 23:52:30.721834,0 days 00:01:42.211152,0.7675466689126738,0.33045613301872184,2,0.229498529186453,0.13339810914968128,0.07078210988118733,0.06004454286825558,0.002696495006029979,0.02101097371896247,0.07703971749965419,26,93,0.017789553815492472,0.14666486201802495,True,False,False,0.00018497851561506074,COMPLETE
