number,value,datetime_start,datetime_complete,duration,params_alpha-eval,params_alpha-train,params_batch-size,params_eps-eval,params_eps-train,params_lambda-actions-eval,params_lambda-actions-train,params_lambda-frames-eval,params_lambda-frames-train,params_learning-rate,params_n-epochs,params_n-frames,params_radius-gw,params_rho,params_std-feats,params_ub-actions,params_ub-frames,params_weight-decay,state
284,0.440170431137085,2025-04-01 23:12:51.150214,2025-04-01 23:13:29.831653,0 days 00:00:38.681439,0.8083809656225789,0.19958451999828386,8,0.25431237519342526,0.2944711261207744,0.03507059600801694,0.023578860380384217,0.07519810726212696,0.04363080630081488,0.01829961122925618,28,148,0.03124483380304204,0.04901741780687072,False,False,False,5.846886544843063e-05,COMPLETE
285,0.44079180955886843,2025-04-01 23:13:29.921444,2025-04-01 23:13:52.947165,0 days 00:00:23.025721,0.2864915069215825,0.16987042067786884,16,0.2762449292788176,0.2627753224392367,0.0396109706197389,0.05801792981237655,0.04447319694804865,0.04554457280974965,0.025129495925311267,21,87,0.03500971469968968,0.04231001316442848,False,False,False,1.8412661553610812e-06,COMPLETE
286,0.3996553480625153,2025-04-01 23:13:53.035939,2025-04-01 23:14:12.705924,0 days 00:00:19.669985,0.6846171465885798,0.5717510146522259,8,0.2369258183609714,0.2783781429573563,0.045299927926199045,0.06310526253602153,0.04729194343286416,0.03821245747161734,0.03843636842033063,7,84,0.03778449243694111,0.057602377591918726,False,False,False,4.1001196277626465e-05,COMPLETE
287,0.43847937583923347,2025-04-01 23:14:12.795213,2025-04-01 23:14:48.000902,0 days 00:00:35.205689,0.7162249049355865,0.32196478054156347,8,0.26194597961843585,0.27118734403424166,0.04271591191878673,0.05989500728757338,0.04270689983404836,0.035612098758793315,0.02058698431112583,25,100,0.033891426269111936,0.0373439873725232,False,False,False,0.00015588118546651695,COMPLETE
288,0.43687536716461184,2025-04-01 23:14:48.101370,2025-04-01 23:15:27.488446,0 days 00:00:39.387076,0.9098412522016528,0.14308721410556985,8,0.2923204893317937,0.27976140577507247,0.03498907959151914,0.06871548579011096,0.0821801759140045,0.031015482611624928,0.015665759476449694,29,140,0.03976520496189956,0.29313159596905153,False,False,False,7.661372376886856e-05,COMPLETE
289,0.4376704216003418,2025-04-01 23:15:27.579971,2025-04-01 23:16:05.233339,0 days 00:00:37.653368,0.17820810869156825,0.2834409921480581,8,0.2699528838215085,0.2868094991180539,0.03149683031632844,0.04927030506963213,0.06499446259432018,0.03965190805140216,0.027360365854304326,27,144,0.03189960142660634,0.01945488531729721,False,False,False,4.148182532159805e-06,COMPLETE
290,0.43913437128067023,2025-04-01 23:16:05.323410,2025-04-01 23:16:38.282243,0 days 00:00:32.958833,0.24107573394332227,0.5075106825980396,8,0.2501524819073928,0.2663824902352288,0.0405194337446136,0.05637453074820701,0.03514007621092811,0.062338423138411155,0.012214291513646034,19,133,0.03591423397884264,0.03106341566924727,True,False,False,0.00010427272070316122,COMPLETE
291,0.4377586841583252,2025-04-01 23:16:38.372921,2025-04-01 23:17:15.725527,0 days 00:00:37.352606,0.6640386700600984,0.38247332559038033,8,0.24209499851081204,0.293673495776025,0.07070878674266369,0.02033185542060897,0.038289602284411736,0.032577936179278094,0.033444251274734105,28,91,0.0696299455620865,0.04779222264544994,False,False,False,5.1738895829213725e-05,COMPLETE
292,0.4395563960075379,2025-04-01 23:17:15.817535,2025-04-01 23:17:54.275399,0 days 00:00:38.457864,0.20099618480153705,0.12170431761801025,8,0.27586332971780797,0.24383548942590438,0.03786862021330802,0.02578624311072911,0.04067898213226058,0.03622721681074479,0.046916771882447424,29,95,0.02732495178723764,0.0652193436161706,False,False,False,2.5550261799549644e-05,COMPLETE
293,0.4385796427726746,2025-04-01 23:17:54.377946,2025-04-01 23:18:21.897122,0 days 00:00:27.519176,0.1304058243552584,0.26808961929285385,16,0.2572079299628254,0.27359494627859476,0.043133708485663,0.03973404748608886,0.05113006664354856,0.042650589453489866,0.017910925252604685,30,103,0.040990207861006295,0.05209718511595967,False,False,False,6.559963775573961e-05,COMPLETE
294,0.2846575498580933,2025-04-01 23:18:21.988919,2025-04-01 23:18:54.665685,0 days 00:00:32.676766,0.838627046192086,0.44176225953164633,8,0.2849058029328246,0.2842117584331546,0.03378414412654775,0.07364692693130491,0.037001658874418544,0.017685023203770668,0.00016266191274866182,28,81,0.03776398012050106,0.04359619379680771,False,False,True,0.0001261103628460798,COMPLETE
295,0.4422610998153687,2025-04-01 23:18:54.758385,2025-04-01 23:19:31.325052,0 days 00:00:36.566667,0.8769562763480954,0.2382057790948154,8,0.2959232863411888,0.25591243990819823,0.03679533212820621,0.03365531036975452,0.06968115138394007,0.040852278681510805,0.021427560394601936,26,125,0.04444866002729942,0.008636266607690297,False,False,False,3.2521611793586185e-05,COMPLETE
296,0.4385702729225159,2025-04-01 23:19:31.417806,2025-04-01 23:21:11.218523,0 days 00:01:39.800717,0.8047265324552293,0.4109525935452117,2,0.22957669569606068,0.2996607803958539,0.04690613657663921,0.05442269103517403,0.06676102120726538,0.037477731994028915,0.014021352891629835,25,137,0.03012359259142207,0.24149649339661478,False,False,False,8.809063166020624e-05,COMPLETE
297,0.4412886619567871,2025-04-01 23:21:11.311588,2025-04-01 23:21:49.132444,0 days 00:00:37.820856,0.30820147138547166,0.9181754389238781,8,0.2652977663146278,0.2770933455915171,0.03941535974053731,0.06043275118990345,0.010397954745369191,0.04516600326582912,0.026858559211624635,27,142,0.03414716808313818,0.05778496564438765,False,False,False,4.498029727583185e-05,COMPLETE
298,0.4330861330032349,2025-04-01 23:21:49.235764,2025-04-01 23:22:12.997886,0 days 00:00:23.762122,0.7882371057523853,0.19787694219697416,8,0.2777290532452925,0.2604375948206699,0.04140218162049088,0.07852730719819695,0.04576698769418713,0.034946829129676255,0.016844765670049642,11,85,0.039701137011817475,0.15047499875620732,True,False,False,9.670671990682318e-07,COMPLETE
299,0.4386807680130005,2025-04-01 23:22:13.090965,2025-04-01 23:22:51.335930,0 days 00:00:38.244965,0.7025135474968751,0.5963932710317567,8,0.26992445293357364,0.2895879027370459,0.029298146611213275,0.06321640562801396,0.07693390739939251,0.030304573970558066,0.009086791640243298,29,88,0.035990782940348895,0.03683119474613775,False,False,False,0.000194474753592348,COMPLETE
300,0.44712784290313723,2025-04-01 23:22:51.429207,2025-04-01 23:23:29.094615,0 days 00:00:37.665408,0.7442879343407829,0.33702258263275736,8,0.17224778708024785,0.2688815147329442,0.0372105967139494,0.0665717099176625,0.0404732978315096,0.03387288238942652,0.022529099753438094,28,98,0.03296774566455829,0.026863293612440237,False,False,False,5.896645496029642e-05,COMPLETE
301,0.2813840746879578,2025-04-01 23:23:29.188340,2025-04-01 23:24:00.743999,0 days 00:00:31.555659,0.9801006941645313,0.3535345663869258,8,0.17629461553631043,0.26630268950831976,0.06538924966299257,0.06581495772320768,0.08350696914828154,0.032490127568276655,0.0069821962453557795,26,94,0.03202035337470133,0.024673759132225914,False,True,False,2.5016187234485172e-06,COMPLETE
302,0.43666806221008303,2025-04-01 23:24:00.840183,2025-04-01 23:24:28.199625,0 days 00:00:27.359442,0.7532934261754081,0.3354671685781445,16,0.2459602544788774,0.25008508887176506,0.036612252477602025,0.0667506670922226,0.039750176909093965,0.039610372497087924,0.022717288852867848,28,130,0.02926797041802338,0.22314302559612148,False,False,False,5.3511030186559446e-05,COMPLETE
303,0.43568621873855595,2025-04-01 23:24:28.305300,2025-04-01 23:25:05.991299,0 days 00:00:37.685999,0.7319733280870369,0.3640424138316128,8,0.2589630622552241,0.27233155509616047,0.03365760671559234,0.0497137605646121,0.03574181885648999,0.033103776752501736,0.011177662626263025,29,83,0.03368697013883376,0.028342076643255477,False,False,False,3.8194026448383435e-05,COMPLETE
304,0.4419325590133667,2025-04-01 23:25:06.088829,2025-04-01 23:25:42.652904,0 days 00:00:36.564075,0.7340179228446072,0.3481051709695489,8,0.2525789232333494,0.2644172266590287,0.035542938499870703,0.053716323463615295,0.04884203191460019,0.020780063957425828,0.01863890081857898,27,98,0.031113565196427172,0.0015730746285198447,False,False,False,6.565775374953024e-05,COMPLETE
305,0.43827883005142215,2025-04-01 23:25:42.747718,2025-04-01 23:26:23.128239,0 days 00:00:40.380521,0.2700811835912483,0.3834259345095463,8,0.26398507035381463,0.2772752308416019,0.03801471426415315,0.016754660987139437,0.07935780992953252,0.038105905080725505,0.015424042691064612,30,135,0.03346595848317167,0.015301163260493963,False,False,False,4.3413644185565655e-05,COMPLETE
306,0.3749087333679199,2025-04-01 23:26:23.224831,2025-04-01 23:27:00.294453,0 days 00:00:37.069622,0.22872660293192315,0.3237154737177301,8,0.23539273384329318,0.2683680115603668,0.03211281814516332,0.030162900860360338,0.03870340974608313,0.04892683258534637,0.02245444737913823,27,122,0.025291686023960785,0.019792863227191308,False,False,False,0.0003077926983642142,COMPLETE
307,0.4263443946838379,2025-04-01 23:27:00.400935,2025-04-01 23:27:40.325682,0 days 00:00:39.924747,0.6879759921030199,0.45706481992623155,8,0.1283003028329842,0.2574170481818123,0.04353677435404426,0.05713869331913244,0.03408456164339428,0.0434861212312093,0.014329750244767887,29,79,0.03873916651335902,0.03276017602063221,True,False,False,2.9829246276641806e-05,COMPLETE
308,0.3725818991661072,2025-04-01 23:27:40.421992,2025-04-01 23:29:18.273076,0 days 00:01:37.851084,0.716102920195657,0.1770143460391856,2,0.2565195658039424,0.2814715605607302,0.024539874623621803,0.03249198941902395,0.043693145692032996,0.03040167785600839,0.028242477126784234,25,90,0.04162811632921882,0.039063429475188885,False,False,False,6.063513968819411e-05,COMPLETE
309,0.4439321637153626,2025-04-01 23:29:18.369647,2025-04-01 23:29:55.240700,0 days 00:00:36.871053,0.9385790385124797,0.21858856127666626,8,0.24878509617104574,0.2739716267798934,0.03718611444369963,0.04778924318492828,0.037311399282674934,0.04069833244759957,0.019738286123482905,26,139,0.03509782757008787,0.027506252558145868,False,False,False,7.45584316464564e-05,COMPLETE
310,0.44614505767822266,2025-04-01 23:29:55.337999,2025-04-01 23:30:34.312777,0 days 00:00:38.974778,0.9391732738640587,0.2126351958894736,8,0.1409942458060741,0.2704502444048792,0.03740466120348356,0.04855560604624451,0.037385037532018495,0.036633367345217174,0.019454445924351842,28,138,0.037360538596169494,0.028228705668712183,False,False,False,4.958321070573054e-05,COMPLETE
311,0.4241944789886475,2025-04-01 23:30:34.410207,2025-04-01 23:31:12.850321,0 days 00:00:38.440114,0.9462817217225014,0.013201778256518415,8,0.15132887320858512,0.26153029305346587,0.036806149207091,0.04941349957384573,0.03558080282319907,0.07514497895028828,0.012636324760288042,28,139,0.03770449350961623,0.025316291490386507,False,False,False,4.9518758729726436e-05,COMPLETE
312,0.435661518573761,2025-04-01 23:31:12.957309,2025-04-01 23:31:35.557983,0 days 00:00:22.600674,0.9132826316303635,0.21253396014794163,16,0.14139418604836462,0.26893984300981083,0.03487676525354426,0.046696372869211855,0.03746592374272041,0.03369710172679127,0.017178657559738488,18,132,0.032196881574864916,0.028181298466499465,False,False,False,4.128784728433865e-05,COMPLETE
313,0.4400396823883057,2025-04-01 23:31:35.655799,2025-04-01 23:32:14.073141,0 days 00:00:38.417342,0.9294521371255317,0.21917658090223147,8,0.16242888938148656,0.2710136742935577,0.03767632770350985,0.048470966558717125,0.03346735652815231,0.03993811675172592,0.019579286880664945,28,137,0.029816736174691598,0.02934009072468083,False,False,False,3.0166683691712997e-05,COMPLETE
314,0.4369321584701538,2025-04-01 23:32:14.170484,2025-04-01 23:32:52.044288,0 days 00:00:37.873804,0.9616562173162638,0.23964653869689556,8,0.11886726645334948,0.2512663503988114,0.03842698802737404,0.051285457422103504,0.037571799195570854,0.03700792645794744,0.0159536971572512,27,134,0.03482958442075467,0.03432946659158602,False,False,False,5.558207699014748e-05,COMPLETE
315,0.43359936475753785,2025-04-01 23:32:52.141295,2025-04-01 23:33:34.234454,0 days 00:00:42.093159,0.8888883178518132,0.2981756592761822,8,0.14630524145940368,0.26260155951078107,0.03390718043574236,0.04789603157600042,0.030980807982568706,0.03555077320699863,0.010463785490225344,27,146,0.04312457070682452,0.023091581665146854,True,False,False,2.0788466366760583e-05,COMPLETE
316,0.31145637631416323,2025-04-01 23:33:34.342279,2025-04-01 23:33:59.734459,0 days 00:00:25.392180,0.9231485658341886,0.21336559470696792,8,0.2420300923566783,0.2702297302536743,0.03598088353323774,0.041865310818251844,0.03539807245895615,0.041247266766033866,0.019980045304975946,17,128,0.04033924381442562,0.03823637987469412,False,False,True,3.4980229467433384e-05,COMPLETE
317,0.4203348517417908,2025-04-01 23:33:59.833607,2025-04-01 23:34:38.479389,0 days 00:00:38.645782,0.643135614401515,0.40472089748198425,8,0.24723441214305783,0.2578750238165901,0.04039876558858144,0.052603668602818565,0.06280763016726601,0.02968648065847824,0.0143487525876948,28,143,0.0271044052682962,0.03193495285158428,False,False,False,0.0006931154900537119,COMPLETE
318,0.43983055353164674,2025-04-01 23:34:38.579428,2025-04-01 23:35:14.593350,0 days 00:00:36.013922,0.7459639094236462,0.255961149655205,8,0.1394084168458582,0.28364912182132174,0.04531135877889679,0.04485632840937673,0.038665859476931325,0.021835760620353434,0.019247174591241485,26,100,0.07750298415084265,0.041661950953691115,False,False,False,7.226214590374654e-05,COMPLETE
319,0.4413238167762757,2025-04-01 23:35:14.691507,2025-04-01 23:35:53.485332,0 days 00:00:38.793825,0.9838962664391194,0.3683341733102598,8,0.1389306515247103,0.2730517467985001,0.0422935913131201,0.050688717700905356,0.07144337165601765,0.03370249931761037,0.0134945591648919,28,138,0.036797963706472515,0.03354278713798053,False,False,False,4.6780714239623164e-05,COMPLETE
320,0.4386777400970459,2025-04-01 23:35:53.595867,2025-04-01 23:36:19.384225,0 days 00:00:25.788358,0.16818336950480575,0.3403696889425373,16,0.13215475780831548,0.2660868364218741,0.038644600034311374,0.09931266119768206,0.0810485078680541,0.03839624151553227,0.022334321992981715,24,141,0.03266248251130325,0.04463583275946377,False,False,False,5.7395838137121936e-05,COMPLETE
321,0.29200048446655275,2025-04-01 23:36:19.484562,2025-04-01 23:37:49.317083,0 days 00:01:29.832521,0.775886323083899,0.229671428152268,2,0.250679491415508,0.03294068364381453,0.036142072332797495,0.048506772166954794,0.06443909407574827,0.031191469963422196,0.0169440276332034,27,117,0.03890387070311043,0.022274397906263423,False,True,False,0.0005188119136504107,COMPLETE
322,0.43674731254577637,2025-04-01 23:37:49.417488,2025-04-01 23:38:28.106713,0 days 00:00:38.689225,0.36907453564577297,0.1872856807566607,8,0.24033821606217065,0.27670738740921014,0.041662310734347334,0.07110440765404451,0.06015923486565285,0.035608486810995627,0.012210129449212855,29,105,0.03573228987034661,0.030545699394030373,False,False,False,3.938487785189386e-05,COMPLETE
323,0.44708832502365115,2025-04-01 23:38:28.208078,2025-04-01 23:39:06.223226,0 days 00:00:38.015148,0.8626732190003594,0.29881940669795315,8,0.2571378670603161,0.2853670812839562,0.03327851787159431,0.053878796496902595,0.00129697347476714,0.023253719496597287,0.0356170617141118,26,95,0.030916915120825793,0.20337242682617845,True,False,False,7.435162308942139e-05,COMPLETE
324,0.4462269067764283,2025-04-01 23:39:06.324283,2025-04-01 23:39:46.247503,0 days 00:00:39.923220,0.8601119858082176,0.2554793885410958,8,0.26034103067532854,0.18797683942585192,0.0328486091046447,0.05506904539870134,0.001736428178508725,0.02320714459544765,0.039503705739214495,28,97,0.02932544382250138,0.10351729961721559,True,False,False,0.00011363170993749804,COMPLETE
325,0.44533027410507203,2025-04-01 23:39:46.359536,2025-04-01 23:40:23.558915,0 days 00:00:37.199379,0.8619283214052214,0.2898042621549337,8,0.2571435429951877,0.202222968675073,0.0320776946870509,0.054453261208639296,0.002193571295400527,0.023118817265264827,0.03678486456796958,25,98,0.027776902062870465,0.12638919522132347,True,False,False,0.00011769144116474934,COMPLETE
326,0.4368309020996094,2025-04-01 23:40:23.661259,2025-04-01 23:40:59.575949,0 days 00:00:35.914690,0.8697249308848936,0.28404259840480756,8,0.15241843426488136,0.19028628536664735,0.031873762719718514,0.05500292990423205,0.0024638700905239377,0.02411355485568024,0.06280151364151673,24,96,0.02446885652029133,0.12633851481670746,True,False,False,0.00016903437979993324,COMPLETE
327,0.44126961231231693,2025-04-01 23:40:59.678379,2025-04-01 23:41:36.761680,0 days 00:00:37.083301,0.8626771332512507,0.26081547386846327,8,0.07565691760873479,0.17077819410745332,0.03283264863394093,0.057170971372740256,0.007496581128359834,0.022148585158575623,0.03671606252478677,25,98,0.02674926249577377,0.25897138930937574,True,False,False,0.00012136761466160406,COMPLETE
328,0.44485599994659425,2025-04-01 23:41:36.866461,2025-04-01 23:42:12.922346,0 days 00:00:36.055885,0.8920639328034334,0.29630458470702836,8,0.21272575889494527,0.23178346773584652,0.03150630365652427,0.05337598123661703,0.0015827503588030575,0.02379938474053876,0.04772446978356028,24,96,0.027883111895789587,0.09857023198519552,True,False,False,0.00010980536156099002,COMPLETE
329,0.44028989076614383,2025-04-01 23:42:13.034377,2025-04-01 23:42:48.115553,0 days 00:00:35.081176,0.8246099248639884,0.3041091606070909,8,0.2082192869131502,0.21528931375344185,0.031864808539816006,0.05390780659346373,0.0032237968892053774,0.023441747602040233,0.07185965693939754,23,93,0.02821293091463662,0.19814807549348587,True,False,False,0.00014089099210609556,COMPLETE
330,0.43997341394424444,2025-04-01 23:42:48.217543,2025-04-01 23:43:23.823451,0 days 00:00:35.605908,0.8600544419929113,0.28063195299995275,8,0.26053877930000363,0.1864124539690784,0.02937218085677563,0.052784769389699386,0.001984791229398721,0.02273206616997537,0.049912378038604766,23,97,0.026493163543514907,0.10637024557361818,True,False,False,0.00019909662847949146,COMPLETE
331,0.44320307970047,2025-04-01 23:43:23.925824,2025-04-01 23:43:59.872659,0 days 00:00:35.946835,0.8882392121904081,0.29451011071101524,8,0.16780575489941846,0.20835238936223366,0.03386636530974141,0.055842868256967736,0.0024055258910744494,0.02496417957986605,0.045283949636084876,24,101,0.019663483922646417,0.11776885188995831,True,False,False,0.00011206520426909324,COMPLETE
332,0.44483551979064945,2025-04-01 23:43:59.976950,2025-04-01 23:44:35.910871,0 days 00:00:35.933921,0.8969364634969018,0.25071599086231844,8,0.21515453657094075,0.2350540273897952,0.03087612210618533,0.05463993718660551,0.0038584531756767786,0.027809415922055096,0.03710769607110798,24,95,0.023355426965713404,0.09744200325540668,True,False,False,0.00014002428408750343,COMPLETE
333,0.4370697736740113,2025-04-01 23:44:36.024874,2025-04-01 23:45:11.834030,0 days 00:00:35.809156,0.8904909937774733,0.2547418702998996,8,0.1863646646656849,0.2304151107817748,0.027632051723553045,0.05461175356717226,0.0017523787889695138,0.027901435595000097,0.053754610888931714,24,93,0.02191889601915391,0.09985647227020598,True,False,False,0.0001499033761794177,COMPLETE
334,0.43164374828338625,2025-04-01 23:45:11.938503,2025-04-01 23:45:47.316506,0 days 00:00:35.378003,0.8894696601780236,0.24011951523591132,8,0.2162292246552174,0.2236804966418449,0.030514379682653126,0.052704246944286125,0.004755533116150434,0.025714784276431035,0.03942283808063605,23,101,0.025966774749581242,0.07986197572013838,True,False,False,0.00011978806631461977,COMPLETE
335,0.31212502121925356,2025-04-01 23:45:47.421294,2025-04-01 23:46:19.871751,0 days 00:00:32.450457,0.8432266319071121,0.2654955829109655,8,0.1918853373776327,0.20363112407955225,0.030701482095018162,0.056190866390136915,0.001815984806916556,0.02642686835676552,0.035077849457151845,24,97,0.023907304675681102,0.09999993704683195,True,False,True,0.00014772162285382737,COMPLETE
336,0.44650030136108404,2025-04-01 23:46:19.976181,2025-04-01 23:46:56.402030,0 days 00:00:36.425849,0.905430705316643,0.2891860805307521,8,0.22898662201759107,0.23441511566342504,0.028484418540776987,0.05162919735707937,0.0035527374361558365,0.023735091639187675,0.05561488302357967,24,96,0.017105229677046266,0.09333237911237818,True,False,False,0.0002393151276181627,COMPLETE
337,0.4395776152610779,2025-04-01 23:46:56.517812,2025-04-01 23:47:32.271769,0 days 00:00:35.753957,0.8989039560318808,0.311430953582407,8,0.22222085723382823,0.23798499672072312,0.021225173632328526,0.0544866251231886,0.00443679105842822,0.023823610772783024,0.0884920441261403,24,98,0.024264547321817737,0.08912597692062285,True,False,False,0.00022747740405881778,COMPLETE
338,0.43896695375442507,2025-04-01 23:47:32.377184,2025-04-01 23:48:07.701514,0 days 00:00:35.324330,0.9052646063082388,0.2876776258698697,8,0.22428393381444145,0.23185816486993172,0.028241888520069255,0.05062016641021687,0.0062577868868835835,0.022828744964233823,0.05834276547987288,23,95,0.016683866571476958,0.10631925591489688,True,False,False,0.000264393130518459,COMPLETE
339,0.4240430951118469,2025-04-01 23:48:07.806204,2025-04-01 23:48:44.325010,0 days 00:00:36.518806,0.8688092310018259,0.2753873921041931,8,0.21504872574772022,0.2288249871828798,0.027565953355811957,0.05221771491857441,0.003740043515606187,0.020118729807959156,0.04761885810654949,24,99,0.005226269364786637,0.09615531690367105,True,False,False,0.0001662431131253302,COMPLETE
340,0.4400953054428101,2025-04-01 23:48:44.430539,2025-04-01 23:49:21.290270,0 days 00:00:36.859731,0.923338942967972,0.31158380481988013,8,0.22630319220174863,0.21851248659767677,0.025303506111174615,0.0528460483199048,0.001434043582215441,0.027359296646090294,0.04385491201962813,25,101,0.011905872529477828,0.1132421232562592,True,False,False,0.0003951910174519417,COMPLETE
