number,value,datetime_start,datetime_complete,duration,params_alpha-eval,params_alpha-train,params_batch-size,params_eps-eval,params_eps-train,params_lambda-actions-eval,params_lambda-actions-train,params_lambda-frames-eval,params_lambda-frames-train,params_learning-rate,params_n-epochs,params_n-frames,params_radius-gw,params_rho,params_std-feats,params_ub-actions,params_ub-frames,params_weight-decay,state
625,0.45112400054931645,2025-04-02 07:19:06.329047,2025-04-02 07:20:48.670297,0 days 00:01:42.341250,0.8879019229531571,0.2770325074323523,2,0.2528790560679188,0.0945106596397387,0.008777605927614465,0.07432677088414068,0.021367723811175958,0.0162944741961835,0.048554224165146764,26,67,0.017540096051315082,0.11991105278904393,True,False,False,0.0007711290520269574,COMPLETE
626,0.4356304526329041,2025-04-02 07:20:48.878777,2025-04-02 07:22:34.222869,0 days 00:01:45.344092,0.8914878633894248,0.3011699711510818,2,0.2520175379800417,0.0951786464239782,0.008631005385744267,0.0738511458062363,0.022272439947952433,0.012071872738689196,0.04849155971752317,27,67,0.0182268722504758,0.1192462596029331,True,False,False,0.000786149891470039,COMPLETE
627,0.4246503829956055,2025-04-02 07:22:34.421916,2025-04-02 07:24:19.635199,0 days 00:01:45.213283,0.9168540585603921,0.2778950549289534,2,0.24663756996623107,0.111041552015228,0.008473359642754951,0.07122444416307186,0.019477793318471107,0.017773212557849354,0.03710427718276875,27,62,0.014279240391437183,0.12165307012890475,True,False,False,0.0007902338684952045,COMPLETE
628,0.4486060023307801,2025-04-02 07:24:19.844501,2025-04-02 07:26:00.295504,0 days 00:01:40.451003,0.8823286703486242,0.2515687286310948,2,0.2548022562424676,0.07959261989972245,0.011280983896273343,0.07679191123848282,0.022449837562203735,0.020342886559120497,0.049962881123871164,26,58,0.01991016550993932,0.1388282779918747,True,False,False,0.0006299943903715702,COMPLETE
629,0.4424032211303711,2025-04-02 07:26:00.493970,2025-04-02 07:27:42.053239,0 days 00:01:41.559269,0.9180055989265439,0.2889660539556101,2,0.24654735490295848,0.10257560386766348,0.006372202537680971,0.07495161806805074,0.017038413405946917,0.01541574913110777,0.0656932159411904,26,72,0.015622536163847595,0.11910035351598082,True,False,False,0.0008112326660468927,COMPLETE
630,0.4320483326911927,2025-04-02 07:27:42.259545,2025-04-02 07:29:27.804650,0 days 00:01:45.545105,0.8742962071281719,0.30579838184732866,2,0.24335593442376596,0.09595140515821662,0.00988100288014998,0.072112691051583,0.01864538217587533,0.020272861294010784,0.057269320284529725,27,65,0.017547835914853305,0.12607147008128966,True,False,False,0.0006306171730182865,COMPLETE
631,0.42424569129943845,2025-04-02 07:29:28.006207,2025-04-02 07:31:11.000980,0 days 00:01:42.994773,0.8917571894319393,0.26838072023742016,2,0.25186413549053466,0.0883679652068742,0.011533981178722104,0.0731536671865094,0.021014574257196696,0.014541592316531834,0.04029469836082275,26,69,0.013213371134685669,0.13959205182352472,True,False,False,0.0007901870422691156,COMPLETE
632,0.4449070692062378,2025-04-02 07:31:11.211384,2025-04-02 07:32:52.027621,0 days 00:01:40.816237,0.864452262169515,0.30798554015419083,2,0.24024450413326034,0.10350765677513935,0.007497577855228018,0.06998633239374355,0.017914237488247806,0.022264712794633875,0.04962689257656465,26,72,0.015680704768055415,0.13359690195910903,True,False,False,0.0005632801168160784,COMPLETE
633,0.4446517944335938,2025-04-02 07:32:52.226849,2025-04-02 07:34:37.137740,0 days 00:01:44.910891,0.8659326844236859,0.2318778707884756,2,0.2546313429886254,0.11215316243886611,0.003313827908313972,0.07492179557051483,0.014830330096858566,0.016407734084220353,0.06453730816836115,27,70,0.020126939657923594,0.12644887041011754,True,False,False,0.0006993314128790133,COMPLETE
634,0.4473999738693238,2025-04-02 07:34:37.347850,2025-04-02 07:36:18.807775,0 days 00:01:41.459925,0.9022357965606088,0.28484526106421226,2,0.23914674326952406,0.09421883815105592,0.00929404952199146,0.07872528613968761,0.015360983044477434,0.017460137833582336,0.03753048373728291,26,64,0.017833188268597543,0.14257203539711083,True,False,False,0.0005277582482754228,COMPLETE
635,0.423123049736023,2025-04-02 07:36:19.004911,2025-04-02 07:38:00.065697,0 days 00:01:41.060786,0.8590897697380736,0.2590717243975113,2,0.24636091364229643,0.09982762131026775,0.011377875395893315,0.07040458779776647,0.014120835458270187,0.022687758291484884,0.047141998842633856,26,57,0.013746755983321264,0.11921229819307486,True,False,False,0.000857401196550941,COMPLETE
636,0.44419536590576175,2025-04-02 07:38:00.275022,2025-04-02 07:38:56.477106,0 days 00:00:56.202084,0.8886829669987193,0.31007939084059516,2,0.2377728591344915,0.12250895744269309,0.01257129010143635,0.06898746892104314,0.01988781365170999,0.017826911810870223,0.057074348636634575,12,74,0.016128283422861895,0.13083078675224766,True,False,False,0.0006798559878174653,COMPLETE
637,0.29708420634269717,2025-04-02 07:38:56.677863,2025-04-02 07:40:21.916652,0 days 00:01:25.238789,0.9224887622847456,0.24352513975652482,2,0.2492307679743657,0.12796278092016014,0.00712848311718332,0.07430393651402381,0.017036887655079144,0.019176456280332647,0.07098750052343544,25,69,0.020151376513059087,0.1380044406583496,True,False,True,0.0008239957136134702,COMPLETE
638,0.423123049736023,2025-04-02 07:40:22.128286,2025-04-02 07:42:04.115161,0 days 00:01:41.986875,0.8733567726895999,0.2907267075788641,2,0.24092618840153024,0.10799929139528787,0.00881173474328728,0.0793924837806556,0.013440708110112064,0.019235768933669607,0.04636442572485547,26,67,0.01218542711747184,0.1260447761819927,True,False,False,0.0009935883941708343,COMPLETE
639,0.4349278569221497,2025-04-02 07:42:04.313770,2025-04-02 07:43:49.567992,0 days 00:01:45.254222,0.8473713284243516,0.2679258416615348,2,0.2318193962528349,0.09256630970196454,0.005445268347201656,0.07111780974670513,0.015680420052831334,0.023195439942610106,0.06370779050556755,27,73,0.017837254014385157,0.13311356381630807,True,False,False,0.0009813204906374755,COMPLETE
640,0.45279892683029177,2025-04-02 07:43:49.782059,2025-04-02 07:45:30.056234,0 days 00:01:40.274175,0.8542841659464607,0.22177870660492255,2,0.24400734885574088,0.11751175811357908,0.012664309795419321,0.06809879589860873,0.02496404241755186,0.021836838909976522,0.05546456837424882,25,74,0.014645011360304662,0.143174661154738,True,False,False,0.0005436143542341076,COMPLETE
641,0.4121637463569641,2025-04-02 07:45:30.256191,2025-04-02 07:47:11.747506,0 days 00:01:41.491315,0.881135043769696,0.21079747172799246,2,0.25215476835695533,0.11586727179430685,0.017528955518777103,0.06809398294348697,0.019998580214555004,0.009485123400538843,0.00014314519926700368,26,73,0.01610937468017163,0.14318587064877497,True,False,False,0.0005496074430539021,COMPLETE
642,0.44686278104782107,2025-04-02 07:47:11.961128,2025-04-02 07:48:50.877098,0 days 00:01:38.915970,0.8607103801770837,0.1984243695015712,2,0.2564968675454357,0.11898792681589558,0.013931209596829846,0.069737571680085,0.017304552529611106,0.014162127156926198,0.03726878841374544,25,67,0.01867199285649661,0.12872835315224695,True,False,False,0.0005006741026386595,COMPLETE
643,0.4238044261932373,2025-04-02 07:48:51.079672,2025-04-02 07:50:31.304802,0 days 00:01:40.225130,0.9052876540511527,0.19280288362613632,2,0.24582551182349857,0.1057750355493446,0.011286004871973978,0.07250932033961378,0.023103504522480105,0.019016957360398424,0.04339383347508085,25,76,0.012425122673442304,0.11583592984094167,True,False,False,0.0005414804021787627,COMPLETE
644,0.2804898262023926,2025-04-02 07:50:31.517962,2025-04-02 07:51:59.147702,0 days 00:01:27.629740,0.8469449436056998,0.2245051639182944,2,0.2460279691437793,0.08208842260483334,0.015131877106640606,0.07640750476466801,0.023874948758054678,0.012408496371489799,0.0545505636368074,26,70,0.014791301250020875,0.13584915555738425,True,True,False,0.0009947194149690303,COMPLETE
645,0.4470277070999146,2025-04-02 07:51:59.349081,2025-04-02 07:53:37.965460,0 days 00:01:38.616379,0.8796121786257549,0.22128604963094203,2,0.23936968086249366,0.13012064685260083,0.012024682665376894,0.06892156652932452,0.020113770124914776,0.016033868148640086,0.051694883528110365,25,75,0.020885063988055935,0.12194591044791907,True,False,False,0.0006363302021774003,COMPLETE
646,0.44665262699127195,2025-04-02 07:53:38.177586,2025-04-02 07:55:21.230512,0 days 00:01:43.052926,0.8580168009436833,0.24313683289586885,2,0.2531923098092626,0.09992228278411358,0.010238060394765956,0.06710719338070338,0.02271880477946446,0.021237689645123174,0.03569553333156602,26,80,0.01752384259127794,0.13985025017833289,True,False,False,0.0006836775739265679,COMPLETE
647,0.4247559785842896,2025-04-02 07:55:21.445492,2025-04-02 07:56:04.490158,0 days 00:00:43.044666,0.9002628179957093,0.25054295560477136,2,0.2427585879484119,0.11077988721684184,0.01314314960679595,0.06990285598187178,0.01704616864182845,0.022294298969888028,0.043273050817603215,8,64,0.013943855899067967,0.12982919261121828,True,False,False,0.0005030227586476105,COMPLETE
648,0.4467577934265137,2025-04-02 07:56:04.692725,2025-04-02 07:57:04.328644,0 days 00:00:59.635919,0.836107294458252,0.21814065382477232,2,0.23489671333175205,0.10298748569680677,0.017426001704916715,0.07165584257502422,0.026125509815293615,0.01880947539938458,0.05754093567674259,13,71,0.01629878047792606,0.13599186936951418,True,False,False,0.0006435407988134567,COMPLETE
649,0.4244957208633423,2025-04-02 07:57:04.546889,2025-04-02 07:58:43.673412,0 days 00:01:39.126523,0.8719344716222874,0.19266974013536975,2,0.24751654192234324,0.08623519860016837,0.009173268481357692,0.06750343970775265,0.022055825460702404,0.023465542546550665,0.00010734375429513706,25,75,0.01937345373555395,0.12214037177140903,True,False,False,0.0008128690394548628,COMPLETE
650,0.42389491796493534,2025-04-02 07:58:43.875840,2025-04-02 08:00:20.231980,0 days 00:01:36.356140,0.8431948487403302,0.2643711783091118,2,0.23848517536338573,0.09570748962635824,0.01495798912836,0.06606433678666254,0.019103930146684996,0.020849032877566474,0.04806633485748709,24,80,0.011500348835440499,0.14244577744269776,True,False,False,0.0005165823865718314,COMPLETE
651,0.423123049736023,2025-04-02 08:00:20.447553,2025-04-02 08:02:07.102533,0 days 00:01:46.654980,0.8899530776979355,0.23326065077118213,2,0.2436393266107377,0.11757120651526465,0.006482697447286238,0.07371317612805528,0.024999362051036197,0.02366922672287645,0.0679043551307962,27,71,0.013961871715176384,0.12830954567274738,True,False,False,0.0006671097919953458,COMPLETE
652,0.4525118947029114,2025-04-02 08:02:07.305270,2025-04-02 08:03:49.160477,0 days 00:01:41.855207,0.862682573941863,0.2800151810255712,2,0.2520885920970667,0.10889320914920546,0.012017527395626233,0.06557673607345968,0.012667225009643662,0.020121745063160112,0.056092426183890196,26,74,0.017386520345021902,0.13358864886228528,True,False,False,0.0007991722566566405,COMPLETE
653,0.43517165184021,2025-04-02 08:03:49.378876,2025-04-02 08:05:30.976909,0 days 00:01:41.598033,0.8688264059195483,0.2548068263958058,2,0.2544161561177854,0.10653317031358574,0.012586555260060152,0.06899529801166646,0.015531445052791004,0.02191037734177002,0.037052892504545965,26,73,0.020618127681976312,0.14316860770069667,True,False,False,0.0008298714414078211,COMPLETE
654,0.43461061716079713,2025-04-02 08:05:31.183276,2025-04-02 08:07:06.827233,0 days 00:01:35.643957,0.9165531698728935,0.2739483401898045,2,0.25725145597109805,0.11204224341006978,0.008858457205345054,0.06586499125332893,0.012836508327750008,0.02047898852570623,0.043157152314439576,24,77,0.01575756046723135,0.13343300537761682,True,False,False,0.0008029492466508136,COMPLETE
655,0.42597414255142213,2025-04-02 08:07:07.045791,2025-04-02 08:08:16.866105,0 days 00:01:09.820314,0.8596577131561127,0.24318015525649192,2,0.25096615488645824,0.13809506307943037,0.010466041884942007,0.07047077651585403,0.012598245776458863,0.018699339918342377,0.05160920475299443,16,67,0.01860630298894022,0.15152103247357238,True,False,False,0.0006295523850579552,COMPLETE
656,0.42498667240142823,2025-04-02 08:08:17.071795,2025-04-02 08:09:55.729420,0 days 00:01:38.657625,0.8803647588390774,0.28156219999206283,2,0.25504746264775585,0.12327296903251427,0.01566056598248833,0.0676133101313925,0.019057413375068603,0.01962753083077233,0.06541216677777613,25,74,0.012877483797151583,0.13657299563966063,True,False,False,0.000758753817604421,COMPLETE
657,0.29934664964675906,2025-04-02 08:09:55.946256,2025-04-02 08:11:20.843324,0 days 00:01:24.897068,0.8499699690074496,0.18226027850256052,2,0.24858629129778845,0.10154087826242848,0.013378763067507975,0.0805515451719469,0.015820357760326458,0.017227580080839498,4.561076153988398e-05,25,69,0.015319962578885855,0.1440697122503978,True,False,True,0.0009748370963691511,COMPLETE
658,0.4410427451133728,2025-04-02 08:11:21.050851,2025-04-02 08:13:08.213536,0 days 00:01:47.162685,0.8356572624195061,0.22466773882036384,2,0.24320633181005866,0.09283522838353575,0.004384496259345729,0.06516431557323002,0.02124102325744169,0.01792392885469312,0.034059046258972034,27,78,0.01735504596035796,0.133720523195948,True,False,False,0.0005527682446663604,COMPLETE
659,0.44152258634567265,2025-04-02 08:13:08.431728,2025-04-02 08:14:44.238646,0 days 00:01:35.806918,0.8938645671811022,0.27491424554281796,2,0.257126290037085,0.11219894529411557,0.011602672937916218,0.07202943722837603,0.01340816271419256,0.016490044319977564,0.04110908279988391,24,73,0.021167217484976113,0.13853957678374135,True,False,False,0.0006921021956466183,COMPLETE
660,0.42528706789016724,2025-04-02 08:14:44.446338,2025-04-02 08:16:24.902283,0 days 00:01:40.455945,0.8623096072206237,0.2552359707051051,2,0.2373525800314884,0.10766501109479581,0.00795416638772392,0.06783620719165963,0.018169306026656378,0.02172259552387333,0.054364250126110764,26,63,0.011847137500979666,0.1294909760344117,True,False,False,0.0009745992126086909,COMPLETE
661,0.4352044820785522,2025-04-02 08:16:25.121542,2025-04-02 08:18:03.025025,0 days 00:01:37.903483,0.8388568696781474,0.28867664749771005,2,0.248841400244024,0.09972744728279097,0.017740201701726875,0.07504271810578027,0.011765786164847605,0.023931392100185408,0.06763262604266221,25,77,0.09170084736779976,0.11718811781502751,True,False,False,0.0004864476373314802,COMPLETE
662,0.4250103831291199,2025-04-02 08:18:03.233021,2025-04-02 08:19:41.910380,0 days 00:01:38.677359,0.8789087842565,0.26285449653936427,2,0.2421560213859379,0.09720926168764495,0.014467968713683175,0.06568205166126055,0.01607300117075204,0.013631870000180558,0.04857940296980313,25,80,0.01903265792199655,0.14293693391480544,True,False,False,3.609114042932263e-08,COMPLETE
663,0.2804898262023926,2025-04-02 08:19:42.129305,2025-04-02 08:21:09.954568,0 days 00:01:27.825263,0.920186079397124,0.2920013028662754,2,0.23758767267414943,0.08530510414852996,0.010177050439585052,0.06997460086497026,0.013274361385179076,0.02464290688888998,0.07456955387567976,26,71,0.014633787256461854,0.12479937741494845,True,True,False,0.0009909202578468205,COMPLETE
664,0.4407300114631653,2025-04-02 08:21:10.161879,2025-04-02 08:22:55.952843,0 days 00:01:45.790964,0.8271217194283347,0.24098458382595342,2,0.25105465432596474,0.11563650303386325,0.012563243241334647,0.06317154156096517,0.020743393453306048,0.020030936186273732,0.05979245737845934,27,67,0.01685408618680562,0.13371093653314345,True,False,False,0.000673974635135676,COMPLETE
665,0.4234894156455994,2025-04-02 08:22:56.174064,2025-04-02 08:24:38.572250,0 days 00:01:42.398186,0.854669869752566,0.2673906883279673,2,0.24466654945832114,0.08946050124253233,0.007138782733374426,0.06655491962980603,0.014223856566247924,0.02285442234166455,0.04286851430058198,26,74,0.013379591549293395,0.1495212593348691,True,False,False,0.0009961651776384574,COMPLETE
666,0.4477370023727417,2025-04-02 08:24:38.795723,2025-04-02 08:26:17.663309,0 days 00:01:38.867586,0.8993572545418612,0.20834752892998526,2,0.23271276491283707,0.10265732095258764,0.009798937669037772,0.062074565155500916,0.011829057499345019,0.021666231464093327,0.03509199541710649,25,76,0.0213771228125497,0.1382389980314788,True,False,False,0.000544757103166238,COMPLETE
667,0.42519669532775883,2025-04-02 08:26:17.871878,2025-04-02 08:27:53.855643,0 days 00:01:35.983765,0.869313868830268,0.29965306563680466,2,0.2394710255107589,0.14514273486597457,0.015291720319466337,0.07344418100356066,0.017826713790584568,0.02497293452067188,0.05261422657750894,24,71,0.010223758367848883,0.129841389702499,True,False,False,0.0007664402265216092,COMPLETE
668,0.4524673700332642,2025-04-02 08:27:54.078425,2025-04-02 08:29:32.997439,0 days 00:01:38.919014,0.8304417624456791,0.28142144388282647,2,0.24941682934556506,0.10586955679978903,0.011569161858305596,0.06502520900698025,0.015485880643265086,0.016020260938105713,0.07623942060805769,25,81,0.018633218236933754,0.12211090437216553,True,False,False,0.0006647404385093381,COMPLETE
669,0.428841757774353,2025-04-02 08:29:33.208697,2025-04-02 08:31:15.868789,0 days 00:01:42.660092,0.825099278876652,0.2930231178658205,2,0.257734428558842,0.10978326397729563,0.012363384559912228,0.06419871272050094,0.01688244508027481,0.015314061266633571,0.07395269886882405,26,76,0.015549246661847335,0.11576843038424094,True,False,False,0.0004869556087869299,COMPLETE
670,0.42278561592102054,2025-04-02 08:31:16.092115,2025-04-02 08:32:56.874900,0 days 00:01:40.782785,0.8319848534287165,0.3050879158860261,2,0.25127190723966275,0.1215151738132106,0.017699340809474447,0.061611302325906066,0.019045700197241847,0.012117414613903081,0.0823528366171104,25,81,0.01683769699245866,0.12041873342692679,True,False,False,0.0006057933785629044,COMPLETE
671,0.4434575200080872,2025-04-02 08:32:57.086249,2025-04-02 08:34:34.581125,0 days 00:01:37.494876,0.8571391570813834,0.24460833326832104,2,0.2479345771599616,0.10661545061495672,0.013848939086249765,0.0650670186128453,0.014915103234829499,0.017064007732889006,0.081272063443529,24,80,0.013457063404346884,0.12330980959523977,True,False,False,0.000649283342086944,COMPLETE
672,0.450055193901062,2025-04-02 08:34:34.802509,2025-04-02 08:36:17.061959,0 days 00:01:42.259450,0.8258234057397281,0.28248763353136885,2,0.25476147582397135,0.09278276910922094,0.011673788564383024,0.062284114244746565,0.016639774263949216,0.015189050052717108,0.06584177007855452,26,80,0.019409817955245306,0.11508279098466134,True,False,False,0.0004793974055265448,COMPLETE
673,0.4437903285026551,2025-04-02 08:36:17.272401,2025-04-02 08:37:57.266363,0 days 00:01:39.993962,0.8227056933296877,0.7405093403373649,2,0.2601816066813919,0.0950568573737672,0.01580574196386761,0.06272946174069523,0.021701820381565075,0.017114729366566835,0.08775777386894366,25,82,0.020613052022386023,0.11185182921448297,True,False,False,0.0004776537285425171,COMPLETE
674,0.4410415530204773,2025-04-02 08:37:57.492221,2025-04-02 08:39:44.217890,0 days 00:01:46.725669,0.8210168827831663,0.313094299899458,2,0.2602959212270714,0.08868132916485445,0.011669949744954174,0.0621102064033157,0.015498296722869235,0.009477414859092667,0.06893359926786767,27,78,0.021872324372265713,0.10981840632612881,True,False,False,0.0004523822776376903,COMPLETE
675,0.4346062302589417,2025-04-02 08:39:44.430611,2025-04-02 08:41:26.325530,0 days 00:01:41.894919,0.8382617635833888,0.22150068937746564,2,0.253785906908129,0.16182479993646487,0.013193425291331981,0.061698877342595895,0.01148799731771334,0.013515189797302315,0.08793256988553572,26,81,0.018828413320166215,0.12019952216942947,True,False,False,0.0007904925949681049,COMPLETE
676,0.3110022425651551,2025-04-02 08:41:26.548423,2025-04-02 08:42:49.959499,0 days 00:01:23.411076,0.8195430222117958,0.259319222388853,2,0.25736879753533376,0.15456093604803792,0.01654799765387275,0.06460139325961317,0.018875880363048922,0.017110323028557015,0.06739795279496232,24,78,0.011305667466872664,0.1193740599403644,True,False,True,0.0005422758965342718,COMPLETE
677,0.4438029289245605,2025-04-02 08:42:50.172639,2025-04-02 08:44:31.693659,0 days 00:01:41.521020,0.8459989966699549,0.2767970851444621,2,0.24417652977750676,0.07944181855306515,0.011498212505647065,0.06411395877626022,0.01564422535424607,0.014677266455842108,0.07262414550828042,26,81,0.01496036894704176,0.11329165787105137,True,False,False,0.000806910437114594,COMPLETE
678,0.4433705568313599,2025-04-02 08:44:31.915229,2025-04-02 08:46:11.263490,0 days 00:01:39.348261,0.8281186568733254,0.29890113901453186,2,0.2517662952078529,0.12655310777787532,0.014805378534256715,0.06640189926043237,0.013547817948776106,0.01166247902962924,0.06268652925721556,25,79,0.05253392291562939,0.11730392492074745,True,False,False,0.0004740089432793224,COMPLETE
679,0.43415457010269165,2025-04-02 08:46:11.490207,2025-04-02 08:47:53.408782,0 days 00:01:41.918575,0.8545458890037703,0.24402664088467807,2,0.23001305732153393,0.09047946847072504,0.011254271306359242,0.06238614401338335,0.011317875330362468,0.014700661333289327,0.08861934516106316,26,75,0.01925957538170085,0.12511273620980762,True,False,False,0.0009987068530099318,COMPLETE
680,0.441886043548584,2025-04-02 08:47:53.623384,2025-04-02 08:49:29.557926,0 days 00:01:35.934542,0.8401937227045844,0.28533311668936295,2,0.24414206909911615,0.09636805893902016,0.007768132755579198,0.06594820160811955,0.01962152499708693,0.011188075815598685,0.06020196903183676,24,81,0.015922757896795352,0.12700919027334637,True,False,False,0.0006725204326163167,COMPLETE
681,0.44169211387634283,2025-04-02 08:49:29.785668,2025-04-02 08:51:09.899183,0 days 00:01:40.113515,0.8148582647469526,0.8895658060920361,2,0.23226666965038953,0.11966886187298573,0.018373881899954928,0.06148896362370458,0.014613437662932823,0.013960619817091315,0.074576083237474,25,77,0.02184455137998864,0.11316329626268798,True,False,False,0.0005692911990450419,COMPLETE
