number,value,datetime_start,datetime_complete,duration,params_alpha-eval,params_alpha-train,params_batch-size,params_eps-eval,params_eps-train,params_lambda-actions-eval,params_lambda-actions-train,params_lambda-frames-eval,params_lambda-frames-train,params_learning-rate,params_n-epochs,params_n-frames,params_radius-gw,params_rho,params_std-feats,params_ub-actions,params_ub-frames,params_weight-decay,state
682,0.4058260679244995,2025-04-02 08:51:10.114932,2025-04-02 08:52:35.461974,0 days 00:01:25.347042,0.8591388063228715,0.1745492558935161,2,0.25532663632864694,0.07668666168658105,0.013284062153862306,0.0646826181250815,0.021443904023088357,0.01627449621182008,0.059768826866911026,25,72,0.013051803450193205,0.12379805632437842,True,True,False,0.0008238266036360298,COMPLETE
683,0.4357442975044251,2025-04-02 08:52:35.690331,2025-04-02 08:54:20.439706,0 days 00:01:44.749375,0.887847826306527,0.30431299655006033,2,0.23698351156825329,0.11513915880900148,0.011082727493388457,0.061075266753173985,0.01721247296192184,0.01814845450733869,0.05123259072464345,27,79,0.018179462732154553,0.11722475537637088,True,False,False,0.0004580722849640096,COMPLETE
684,0.4341162204742432,2025-04-02 08:54:20.652527,2025-04-02 08:56:03.483401,0 days 00:01:42.830874,0.8327095596019439,0.26178323195629744,2,0.25139758538339574,0.10882030095640183,0.01629600635936933,0.06344870546345016,0.011785855060639682,0.019075684810216122,0.0003124217555890344,26,82,0.019641639541603417,0.15484428733307481,True,False,False,0.0006560338445102988,COMPLETE
685,0.4243627429008484,2025-04-02 08:56:03.706118,2025-04-02 08:57:42.571267,0 days 00:01:38.865149,0.8599025545476712,0.31389030538749174,2,0.2605284930705934,0.09664174694072271,0.005534045060375237,0.06713809129011492,0.01648357118450534,0.015299749501918335,0.09956300755058148,25,75,0.00917493511715366,0.13125764510097526,True,False,False,0.0007942712689981424,COMPLETE
686,0.4380146265029908,2025-04-02 08:57:42.786916,2025-04-02 08:59:24.804999,0 days 00:01:42.018083,0.8162731800745417,0.22765143505049174,2,0.24388932552269765,0.08391150870403151,0.014045412312717958,0.06340393961478501,0.013580369294999492,0.0159209019556855,0.07429811444180634,26,69,0.014781637511445143,0.1277061257261706,True,False,False,0.0009877402464781807,COMPLETE
687,0.4239505290985108,2025-04-02 08:59:25.035915,2025-04-02 09:01:00.144494,0 days 00:01:35.108579,0.8743919956997956,0.2026316522448021,2,0.2289133704074935,0.09118219884169299,0.009043492247739121,0.06546858409179326,0.018709071913458643,0.019546272892805763,0.04848810206931361,24,73,0.010908434417874669,0.14324049042365278,True,False,False,0.0005818549522091823,COMPLETE
688,0.451430082321167,2025-04-02 09:01:00.379969,2025-04-02 09:02:45.767550,0 days 00:01:45.387581,0.8456549388108489,0.282485488284359,2,0.23904607870915273,0.10549970445446144,0.01083194542303471,0.06087347198654208,0.011047648094476198,0.01938953509630998,0.06182771328405417,27,77,0.01599747510269195,0.12327758269479488,True,False,False,0.00040103306147880834,COMPLETE
689,0.44307677745819096,2025-04-02 09:02:45.983650,2025-04-02 09:04:31.857050,0 days 00:01:45.873400,0.8891614752562697,0.2771903177611811,2,0.24621787411811888,0.10406826200554883,0.011063883458562108,0.06122965790639673,0.011504295619219722,0.018033091825449956,0.04237223439777966,27,77,0.01689074448511419,0.11604016032001806,True,False,False,0.0004550261438638246,COMPLETE
690,0.44943605661392216,2025-04-02 09:04:32.086972,2025-04-02 09:06:16.892758,0 days 00:01:44.805786,0.9070874680740381,0.2541595992479688,2,0.23943843341778004,0.11368812507950937,0.0075273221241218,0.06821015127275973,0.014635192741404384,0.013317162798012159,0.057670312059435125,27,77,0.013471304817315273,0.1226810221071659,True,False,False,0.00040147863557485173,COMPLETE
691,0.42381991147994996,2025-04-02 09:06:17.110613,2025-04-02 09:08:03.258458,0 days 00:01:46.147845,0.9134022475798199,0.23845643507155634,2,0.24991083538739223,0.11489254269690777,0.0031901008215032382,0.0673510529685079,0.024293144797536883,0.012529610892721392,0.05751636817436455,27,78,0.012592315150778497,0.11404274038017384,True,False,False,0.0004053939794111113,COMPLETE
692,0.42460466623306276,2025-04-02 09:08:03.488170,2025-04-02 09:09:49.348019,0 days 00:01:45.859849,0.9175396237320238,0.2544281335000021,2,0.24182386143404339,0.10921764733243952,0.006091413353284357,0.06812535583226319,0.01400009036065645,0.007560498169938389,0.05450945224579897,27,82,0.007201879988019229,0.1096187197450916,True,False,False,0.0004051062061254277,COMPLETE
693,0.4320575833320618,2025-04-02 09:09:49.567570,2025-04-02 09:11:34.895583,0 days 00:01:45.328013,0.9272977263112685,0.21671849228778928,2,0.238430113617498,0.1182295958252534,0.008094732880077718,0.0687954964363805,0.01535251093020391,0.013640483404268492,0.06457838536575285,27,75,0.014195025734783902,0.12216736275727845,True,False,False,0.00040800799834987,COMPLETE
694,0.4248848676681519,2025-04-02 09:11:35.124941,2025-04-02 09:13:21.044522,0 days 00:01:45.919581,0.9082209333191313,0.26194770929231687,2,0.2547451916247396,0.10383238032696494,0.009349882608734664,0.06514051502782121,0.01718967733447259,0.010100370559877255,0.03944570711744956,27,80,0.010770305828234128,0.12049134500421073,True,False,False,0.0005206646524017434,COMPLETE
695,0.423123049736023,2025-04-02 09:13:21.262775,2025-04-02 09:15:07.277479,0 days 00:01:46.014704,0.8979107509982402,0.23265077776128054,2,0.24052748579773336,0.13313928493167082,0.005579964171817358,0.06604294325126939,0.014793178823991737,0.018456335830854924,0.04922633733159199,27,73,0.012681251711792962,0.12262582611521042,True,False,False,0.0006157056166483218,COMPLETE
696,0.3001457691192627,2025-04-02 09:15:07.504833,2025-04-02 09:16:37.797438,0 days 00:01:30.292605,0.8751525269977238,0.2860866831631599,2,0.04473332808859867,0.11472756233919729,0.012503313179021482,0.06327610921072671,0.01248196681672699,0.015658574794619812,0.06252850268250387,27,77,0.014580309748935706,0.12549136765780872,True,False,True,0.0003951187069383915,COMPLETE
697,0.44259486198425296,2025-04-02 09:16:38.031070,2025-04-02 09:18:23.902289,0 days 00:01:45.871219,0.9342946050006392,0.25007939382495337,2,0.2488368783143487,0.11174128441261191,0.010162012730318828,0.08073133886867603,0.020429141065163265,0.011729970270414279,0.08290293939052273,27,82,0.01597245763326838,0.1165426776689094,True,False,False,0.00054919532673692,COMPLETE
698,0.42399411201477055,2025-04-02 09:18:24.119401,2025-04-02 09:20:09.543271,0 days 00:01:45.423870,0.9026185181450999,0.2728882515314362,2,0.23539511206462696,0.09557639597146433,0.007107816331928406,0.06965216782755142,0.01129395289687641,0.01511425511148885,0.046227422177774966,27,66,0.012941123660670878,0.10969181406279087,True,False,False,0.0007414375404569558,COMPLETE
699,0.443379819393158,2025-04-02 09:20:09.778070,2025-04-02 09:21:26.064636,0 days 00:01:16.286566,0.8862999174134057,0.2935797764924825,2,0.24598186181419673,0.09983329194712612,0.014196353636327683,0.06480636014221906,0.01619144736318451,0.013374913556335041,0.05594828067768822,18,71,0.01551908596271721,0.12948120201599514,True,False,False,0.0004119848105906161,COMPLETE
700,0.4246321558952332,2025-04-02 09:21:26.284075,2025-04-02 09:23:09.589739,0 days 00:01:43.305664,0.8667656938286584,0.2572877662040213,2,0.25880334727295984,0.10770988387877192,0.010918813405655859,0.07741948700947558,0.0186455724196443,0.015797933265544763,0.034134481652011384,26,76,0.010913671681469688,0.12010494302483293,True,False,False,0.0006494140749993002,COMPLETE
701,0.34252104759216306,2025-04-02 09:23:09.817955,2025-04-02 09:24:52.151933,0 days 00:01:42.333978,0.8496887049124643,0.19639522544085491,2,0.0035535958285050906,0.118722210230496,0.008071661421509994,0.06745095035299536,0.013639156833532035,0.01969415102788888,0.04019654486131905,26,80,0.0175616885515192,0.13299674192737468,True,False,False,0.0004883743368127649,COMPLETE
702,0.2804898262023926,2025-04-02 09:24:52.370594,2025-04-02 09:26:19.558171,0 days 00:01:27.187577,0.8964492975006632,0.29015906861768187,2,0.24077650786870522,0.12650739867304034,0.0125216839084649,0.06268270733405797,0.010644668880028477,0.016906212947415546,0.06971099947490213,26,73,0.008845620205269522,0.12490517652471145,True,True,False,0.0009896685648492453,COMPLETE
703,0.4291007280349732,2025-04-02 09:26:19.788044,2025-04-02 09:28:04.379887,0 days 00:01:44.591843,0.9289143698365303,0.23146369218247226,2,0.235429689814426,0.0880078206401913,0.016335659240533058,0.07227610264526874,0.01599288937730896,0.010176790247571616,0.05001587576428455,27,78,0.014579293611717056,0.1294015956352057,True,False,False,0.0007769408274820975,COMPLETE
704,0.4335103511810303,2025-04-02 09:28:04.617768,2025-04-02 09:29:46.724623,0 days 00:01:42.106855,0.8679342212437441,0.702026925132855,2,0.2503560061634853,0.1036487699388386,0.009752770110458532,0.06883882991462632,0.013404005565555231,0.019637250091952798,0.08374808428933551,26,75,0.01667316785691191,0.11718071323969403,True,False,False,0.0009993725064178735,COMPLETE
705,0.3948101162910461,2025-04-02 09:29:46.943394,2025-04-02 09:31:33.488483,0 days 00:01:46.545089,0.8492746420478667,0.2716540112506867,2,0.24194623918834354,0.09361810918567744,0.0027801286453004812,0.0608920057505085,0.020751143166360182,0.020920185317481375,0.06434196266842591,27,83,0.012444758979649334,0.1347503087345609,True,False,False,0.0005745004807247132,COMPLETE
706,0.4503080248832703,2025-04-02 09:31:33.723914,2025-04-02 09:33:16.259696,0 days 00:01:42.535782,0.8762986452917252,0.3130183878409772,2,0.23290859012650608,0.1080056071379176,0.014563369210332595,0.06599264895261946,0.01057963161896592,0.017906380299647195,0.0562911296494229,26,70,0.014328640077112575,0.1466818869903184,True,False,False,0.0003873351369543549,COMPLETE
707,0.42308298349380496,2025-04-02 09:33:16.479690,2025-04-02 09:34:58.981627,0 days 00:01:42.501937,0.935756178738936,0.31304150354191024,2,0.2334633417148786,0.11334241575348473,0.0187408774600119,0.06334839822974564,0.011714376344444109,0.09992400934472245,0.04324965214050547,26,65,0.011088571947325888,0.15861210400896159,True,False,False,0.000353010551363393,COMPLETE
708,0.44569970369338996,2025-04-02 09:34:59.216486,2025-04-02 09:36:41.146099,0 days 00:01:41.929613,0.9083010673166132,0.3177144100217635,2,0.23155014030792626,0.1089736306124474,0.014896324279657855,0.06556629949955671,0.01102565114884018,0.014226345097973965,0.0362999142095981,26,80,0.012780265006257311,0.14935997928914085,True,False,False,0.0003654664884961889,COMPLETE
709,0.4479146718978882,2025-04-02 09:36:41.367702,2025-04-02 09:38:24.001279,0 days 00:01:42.633577,0.8847276947338054,0.3030629925579034,2,0.2367049075872316,0.10097475334557657,0.017232307202300658,0.06380378148576592,0.010583819800746741,0.016476064515901334,0.051416574029122405,26,72,0.01438053313172973,0.1528973499190039,True,False,False,0.00042162266134228554,COMPLETE
710,0.4369722127914429,2025-04-02 09:38:24.236321,2025-04-02 09:40:11.382933,0 days 00:01:47.146612,0.8788339057081004,0.25163648513891784,2,0.23033941880276831,0.11920187828431916,0.013624213932682091,0.06084839958716856,0.013406193964143713,0.013595160248888113,0.07578003845072989,27,76,0.014486244425937364,0.1439474333085258,True,False,False,0.0004419976444308448,COMPLETE
711,0.4252141237258912,2025-04-02 09:40:11.617709,2025-04-02 09:41:52.936833,0 days 00:01:41.319124,0.8982388902228846,0.2154328762911209,2,0.2384639979663457,0.11109422804749189,0.012433637775482127,0.06628882537922443,0.010219181971148274,0.01190091313669028,0.046277240840718416,26,68,0.011380097360676633,0.1113676552601273,True,False,False,0.0007456453957404535,COMPLETE
712,0.4238346576690674,2025-04-02 09:41:53.162438,2025-04-02 09:43:38.824895,0 days 00:01:45.662457,0.8650571247530922,0.3086454230633437,2,0.22723940548219024,0.08391915353391793,0.015358931899850482,0.062305361552197125,0.012242882989952434,0.01638362317963809,0.05658714569294092,27,79,0.009373164904661075,0.1236834870085393,True,False,False,0.000345061880272829,COMPLETE
713,0.4427711009979248,2025-04-02 09:43:39.059419,2025-04-02 09:45:18.561168,0 days 00:01:39.501749,0.9105545319462987,0.286184971442637,2,0.23401168440248954,0.10007484423095048,0.01900995035035771,0.064481707810998,0.014750553492003143,0.018447299653494047,0.031484950950236984,25,74,0.016000019648846675,0.14744851266908124,True,False,False,0.000523545968512302,COMPLETE
714,0.446151876449585,2025-04-02 09:45:18.786778,2025-04-02 09:47:01.342794,0 days 00:01:42.556016,0.8815516958309104,0.17675954515185266,2,0.25478383743040317,0.12396057632487274,0.01377216878143277,0.06661553447535636,0.009812635068140788,0.01862457345972621,0.04034305528298369,26,83,0.013781822192827278,0.12804443685895053,True,False,False,0.0007950058446053831,COMPLETE
715,0.29826678037643434,2025-04-02 09:47:01.578014,2025-04-02 09:48:26.265819,0 days 00:01:24.687805,0.8465082512424704,0.23885614390872095,2,0.2434874322395404,0.09441297518584991,0.011656495223188333,0.06072060223916625,0.012496036001226007,0.01723970703626387,0.067832295973957,25,61,0.015845877577756688,0.13470301674176596,True,False,True,0.000650946741870849,COMPLETE
716,0.42475832700729377,2025-04-02 09:48:26.490114,2025-04-02 09:50:08.894971,0 days 00:01:42.404857,0.8717158756862223,0.2754685450807753,2,0.23794585047745664,0.10868972480729751,0.016756382228375846,0.06307235629716444,0.01454504478132632,0.012750682293198697,0.08330146735117563,26,71,0.012309538857571448,0.12062037979103758,True,False,False,0.0005044824595162781,COMPLETE
717,0.43900800943374635,2025-04-02 09:50:09.130310,2025-04-02 09:51:49.608740,0 days 00:01:40.478430,0.8357951000963735,0.3208536187269207,2,0.2497358974950989,0.08885409629478935,0.010835699513767496,0.06535604433211854,0.01628022244297503,0.015092021492868125,0.05418631284095496,25,78,0.01711174457583601,0.15554431398622298,True,False,False,0.000827996424876677,COMPLETE
718,0.4242753028869629,2025-04-02 09:51:49.848358,2025-04-02 09:53:33.330786,0 days 00:01:43.482428,0.8913202591278653,0.2986213022053397,2,0.2295258509085969,0.13192715543370404,0.014865727446785075,0.061708205721590234,0.010348012855924698,0.007914438220384032,0.04733947847158229,27,38,0.013691065021576524,0.14188053204620737,True,False,False,0.00036355707551438373,COMPLETE
719,0.44518790245056156,2025-04-02 09:53:33.555191,2025-04-02 09:55:11.480268,0 days 00:01:37.925077,0.9295084815479531,0.26332310418147176,2,0.2596644804524828,0.09806734421968878,0.012609243517612438,0.06712258313558113,0.012920738430400805,0.020077123554229533,0.06797096076909527,25,76,0.015796029163618507,0.11422755146177409,True,False,False,0.0006632752622075936,COMPLETE
720,0.4261006832122803,2025-04-02 09:55:11.719479,2025-04-02 09:56:47.048133,0 days 00:01:35.328654,0.8631447027084171,0.1972739428272131,2,0.24484734481218323,0.10456421248863196,0.00798041270751081,0.06421701295331483,0.010114503851594512,0.020998844952254268,0.03477206159397999,24,68,0.006718952735062249,0.1282606741322619,True,False,False,0.00045453204689345944,COMPLETE
721,0.4234420895576477,2025-04-02 09:56:47.274740,2025-04-02 09:58:29.428388,0 days 00:01:42.153648,0.8321940420586468,0.2420238989994506,2,0.23262387940211124,0.11576303163020993,0.010455707787094867,0.06248861637385736,0.015273430842255239,0.018298059166136502,0.057395857554358415,26,83,0.0183252715356511,0.13345167629729648,True,False,False,2.13375120069637e-07,COMPLETE
722,0.2804898262023926,2025-04-02 09:58:29.668753,2025-04-02 09:59:57.194156,0 days 00:01:27.525403,0.858534707195423,0.2956119935230945,2,0.23910175289051955,0.12249102430015596,0.01466286856729859,0.06034191447346157,0.012228977371607668,0.015667633495589476,0.09757331036603724,26,73,0.01016016168666779,0.14666678658831203,True,True,False,0.000552815105924627,COMPLETE
723,0.4503396153450012,2025-04-02 09:59:57.421093,2025-04-02 10:01:37.919504,0 days 00:01:40.498411,0.815575752935904,0.2686765048834433,2,0.25012387542771586,0.0934496494747441,0.01858764365597628,0.06810899973313309,0.014319138771577694,0.023137484899079106,0.04005832211888611,25,79,0.013851015114962275,0.1232100510536664,True,False,False,0.0007350053095604037,COMPLETE
724,0.4389097332954407,2025-04-02 10:01:38.160703,2025-04-02 10:03:14.460511,0 days 00:01:36.299808,0.8081827742291071,0.3138834221641127,2,0.2561711872167817,0.08269113854246413,0.01955933034784451,0.06443839109916305,0.009881604381237155,0.023575755535218998,0.03336136285074239,24,81,0.017136286383679273,0.13872047014297456,True,False,False,0.0008117929954589735,COMPLETE
725,0.44157239198684695,2025-04-02 10:03:14.705086,2025-04-02 10:04:53.772938,0 days 00:01:39.067852,0.8312542718859198,0.27351191418861426,2,0.2639811036873701,0.09240397506737993,0.017909037086281738,0.0666678207365383,0.017007232266186355,0.021361983128434722,0.039710943950388454,25,83,0.015167568688755106,0.16195637654155545,True,False,False,0.0009919251978285633,COMPLETE
726,0.4418692111968994,2025-04-02 10:04:53.998991,2025-04-02 10:06:30.777382,0 days 00:01:36.778391,0.8123136466360268,0.2856082685899113,2,0.25121317540742405,0.07581194506489633,0.019634812250179958,0.06080918689964405,0.012194135130099785,0.025498907982001266,0.04019753320352067,24,80,0.01870699126728183,0.13004340487444113,True,False,False,0.0006832842074028632,COMPLETE
727,0.4493324518203735,2025-04-02 10:06:31.014390,2025-04-02 10:08:09.306073,0 days 00:01:38.291683,0.8032227639456138,0.31713975375860987,2,0.25902624734098406,0.09068350917747584,0.016536921702005093,0.0653885841434329,0.017936874529016395,0.023809330877204618,0.0460842794271278,25,70,0.014738437659169289,0.11677553472346057,True,False,False,0.0006486916381346867,COMPLETE
728,0.423123049736023,2025-04-02 10:08:09.534459,2025-04-02 10:09:48.422621,0 days 00:01:38.888162,0.8269815686383339,0.2972265514481197,2,0.24867530767587495,0.09549896879604926,0.017674059958311807,0.0629865483332661,0.009948800493787088,0.02118675461015366,0.030121097672371096,25,65,0.011578583399330346,0.1512973686677662,True,False,False,0.0008120936975079835,COMPLETE
729,0.44957156181335456,2025-04-02 10:09:48.663234,2025-04-02 10:11:24.225302,0 days 00:01:35.562068,0.841629188333035,0.2643684862981407,2,0.253738678993311,0.08511102567630742,0.01592330775060267,0.06839297176444681,0.014319035618582405,0.024601794622421052,0.03897627184766137,24,74,0.016542243563357463,0.12477071624907925,True,False,False,0.0007886441223804286,COMPLETE
730,0.44646848440170295,2025-04-02 10:11:24.467703,2025-04-02 10:13:03.951158,0 days 00:01:39.483455,0.8172767288980111,0.3205960303214939,2,0.24632203890546164,0.09787827098522622,0.012207652398100441,0.0605257588520789,0.022761570683938873,0.022694493032496675,0.04843526219796412,25,79,0.01931458354222984,0.10699199911362836,True,False,False,0.0009765824558247403,COMPLETE
731,0.44994286298751834,2025-04-02 10:13:04.181946,2025-04-02 10:14:43.541643,0 days 00:01:39.359697,0.8499997022707545,0.28225497820361317,2,0.2617534646065961,0.10572506148445461,0.02035227208995218,0.06446401486593364,0.017097193088189952,0.019934740855871887,0.0786326227280691,25,84,0.013633010663920362,0.13854511155117794,True,False,False,0.0006174086354578868,COMPLETE
732,0.423123049736023,2025-04-02 10:14:43.786867,2025-04-02 10:16:24.228398,0 days 00:01:40.441531,0.7976078269320657,0.29944517892868494,2,0.22647997222996616,0.09969603712220347,0.013726704611959486,0.06665176607318164,0.011618600800583455,0.024655047400651435,0.033341969410737034,25,76,0.00894133068968311,0.13256513906869305,True,False,False,0.000997902517163884,COMPLETE
733,0.31070253252983093,2025-04-02 10:16:24.456423,2025-04-02 10:17:46.792953,0 days 00:01:22.336530,0.8380546838233713,0.22038583563264896,2,0.2531198131084752,0.09231099582136872,0.01558329715771483,0.06238978070003101,0.019501620537902657,0.026191294908044352,0.06598576830183309,24,71,0.016850584560438118,0.1449195431697778,True,False,True,0.0005221724221214977,COMPLETE
734,0.43361682891845704,2025-04-02 10:17:47.039289,2025-04-02 10:19:28.405134,0 days 00:01:41.365845,0.8182049982227425,0.26533244479575363,2,0.24188077780737413,0.10623157751263744,0.01322159373445187,0.06867189355746002,0.013870693958530215,0.02268745716896142,0.04612271387564445,26,68,0.011982109576399641,0.12197990957851444,True,False,False,0.0007041100137480451,COMPLETE
735,0.4418442010879517,2025-04-02 10:19:28.658375,2025-04-02 10:21:08.158450,0 days 00:01:39.500075,0.8644601673770453,0.28320990445278926,2,0.2488142073030187,0.08217335484606539,0.018504420829682015,0.06462715693481193,0.009656020654877704,0.01901971228911733,0.05241697343723627,25,79,0.015038381637275921,0.12727445544513205,True,False,False,0.0007972829062615077,COMPLETE
736,0.45151995420455937,2025-04-02 10:21:08.389052,2025-04-02 10:22:47.071633,0 days 00:01:38.682581,0.8552493525546242,0.24433255299521367,2,0.23430276787727197,0.08696308057500964,0.011221221656658238,0.06011008277111355,0.015399166454913118,0.025563938739652122,0.03889451784629607,25,75,0.019690082956101685,0.1369461611160125,True,False,False,0.0005889780384594858,COMPLETE
737,0.44803191423416144,2025-04-02 10:22:47.317104,2025-04-02 10:24:29.695179,0 days 00:01:42.378075,0.8762466735295605,0.22548072466043673,2,0.22727720905899687,0.06571011746302563,0.010234055490334178,0.06036019608660832,0.0159826945078623,0.021318385454964076,0.03174158560150278,26,74,0.020160907983240217,0.1414316024647243,True,False,False,0.0005211315205722807,COMPLETE
738,0.4468014001846314,2025-04-02 10:24:29.926924,2025-04-02 10:26:13.437202,0 days 00:01:43.510278,0.8502131935635504,0.2375940354848409,2,0.24502626181987094,0.0890839157660799,0.010857554039520137,0.060278620419561654,0.018337897093244505,0.023731077274568694,0.03333804119561384,26,72,0.019939942814768047,0.14911185002733796,True,False,False,0.00044098553114629147,COMPLETE
