number,value,datetime_start,datetime_complete,duration,params_alpha-eval,params_alpha-train,params_batch-size,params_eps-eval,params_eps-train,params_lambda-actions-eval,params_lambda-actions-train,params_lambda-frames-eval,params_lambda-frames-train,params_learning-rate,params_n-epochs,params_n-frames,params_radius-gw,params_rho,params_std-feats,params_ub-actions,params_ub-frames,params_weight-decay,state
908,0.4681030869483948,2025-04-22 22:05:50.049096,2025-04-22 22:06:17.198692,0 days 00:00:27.149596,0.5579451700573835,0.25143627248379247,16,0.27993099576215563,0.05699642085394309,0.0999910670416204,0.06476298183801461,0.015781817071623763,0.03212330621749165,0.01319267884936702,25,137,0.0838223123122721,0.23334661154572667,False,False,False,8.413728219395498e-06,COMPLETE
909,0.40548505783081057,2025-04-22 22:06:17.494212,2025-04-22 22:06:34.468932,0 days 00:00:16.974720,0.7402796631463687,0.22451635801104705,16,0.29150333414391183,0.07037470137221724,0.09668978168495931,0.061345593056022836,0.007706450604160021,0.023180999799444005,0.01591974834329936,6,148,0.07705325910162497,0.24188082268512118,False,False,False,6.170840689792289e-06,COMPLETE
910,0.40659269094467165,2025-04-22 22:06:34.765045,2025-04-22 22:06:51.915398,0 days 00:00:17.150353,0.8425023528567287,0.28616347313425533,16,0.2849648572780996,0.07652227981580173,0.0999982522740855,0.05957301485788826,0.010704496498697157,0.02145149115666665,0.005141863534402797,6,139,0.0856280601928064,0.22989553584823186,False,False,False,2.7259166136114524e-06,COMPLETE
911,0.31795522570610046,2025-04-22 22:06:52.194678,2025-04-22 22:07:06.902801,0 days 00:00:14.708123,0.6562498929278976,0.23896421569369095,16,0.27265021312767884,0.08753316905680263,0.09489501605772614,0.05272592598458249,0.007964537540581719,0.03416412113378198,0.010331757831583042,5,134,0.08190020709770127,0.23623261003685614,False,True,False,1.1946213957105575e-05,COMPLETE
912,0.4428235054016113,2025-04-22 22:07:07.196208,2025-04-22 22:07:25.260842,0 days 00:00:18.064634,0.8125029408584126,0.2678568193680799,16,0.27909292541071207,0.0688320019153066,0.09789998956405752,0.05603963405739058,0.013415219908294777,0.029630523861095874,0.013017739625429896,8,143,0.02530380828881994,0.245498915860418,False,False,False,3.780328423937125e-06,COMPLETE
913,0.42848138809204106,2025-04-22 22:07:25.558137,2025-04-22 22:07:44.915680,0 days 00:00:19.357543,0.7839472344021126,0.2195652874788299,16,0.2935112507643235,0.08187231452503335,0.09384700986300111,0.06186989546547059,0.006192208987960482,0.03206959962822141,0.0231230159746653,5,140,0.07871470265385251,0.22978787114117677,True,False,False,1.5990927453200652e-05,COMPLETE
914,0.41523443460464476,2025-04-22 22:07:45.213873,2025-04-22 22:08:02.916755,0 days 00:00:17.702882,0.7570062543735376,0.19562956274058474,16,0.2855185977135939,0.07385401086229215,0.09278136602548963,0.05790208396430026,0.009460016639060808,0.01707923932102487,0.008961908699121146,7,145,0.08733594509874018,0.23939587755997466,False,False,False,4.9690270582070715e-06,COMPLETE
915,0.4798727869987488,2025-04-22 22:08:03.194593,2025-04-22 22:08:20.153269,0 days 00:00:16.958676,0.911119874322622,0.2506928485738662,16,0.27472200382177875,0.06311634203261265,0.09637419460664182,0.06350185988578529,0.01133486000591898,0.037557984350935554,0.01642974390231993,6,136,0.08298877820262811,0.23399025539820523,False,False,False,8.823829052592741e-06,COMPLETE
916,0.3966369032859802,2025-04-22 22:08:20.446692,2025-04-22 22:08:37.908926,0 days 00:00:17.462234,0.7364110278932067,0.22800158482545618,16,0.29062049741625917,0.05704621202375404,0.09828713378650246,0.05932927497686289,0.006578051836293289,0.026961602009436664,0.011609774434235857,7,132,0.08066976423388723,0.22720630725485497,False,False,False,7.550644022758286e-06,COMPLETE
917,0.4618634462356568,2025-04-22 22:08:38.206431,2025-04-22 22:09:02.695689,0 days 00:00:24.489258,0.8693672299285122,0.2742625995745015,16,0.28093551826490026,0.07718847457324775,0.0948911452469731,0.054821619371722384,0.004811575235976882,0.03462323582359699,0.01879628340871588,20,141,0.08484059984057149,0.22313505690149693,False,False,False,2.184355095942843e-06,COMPLETE
918,0.43497986793518073,2025-04-22 22:09:02.995184,2025-04-22 22:09:28.733651,0 days 00:00:25.738467,0.7742641109086281,0.20980271736758865,16,0.2729598306473093,0.09147494181408956,0.09678635820171916,0.06078932557923385,0.009000055420776688,0.025516996944961956,0.0069378996912950125,22,148,0.09000451076809718,0.23693880020829136,False,False,False,3.6970955853652386e-06,COMPLETE
919,0.39975677728652953,2025-04-22 22:09:29.016347,2025-04-22 22:09:45.467273,0 days 00:00:16.450926,0.8248406185221024,0.2505684722216454,16,0.28465314350262,0.06701893196726061,0.09817040244738728,0.06532622945900242,0.013532176951623813,0.039400143682664465,0.014208340697078783,5,144,0.07633690650009144,0.2459174296692677,False,False,False,5.658584478761125e-06,COMPLETE
920,0.4183725118637085,2025-04-22 22:09:45.764743,2025-04-22 22:10:02.680602,0 days 00:00:16.915859,0.37220459750125,0.2210553869475403,16,0.21369042622576795,0.08517617084169066,0.09226256848692518,0.05782869319502366,0.0025325271633992374,0.03635630401074357,0.01562779977561005,6,138,0.07846190177916468,0.22988282506043983,False,False,False,1.0104492186844419e-05,COMPLETE
921,0.4165384411811829,2025-04-22 22:10:02.974915,2025-04-22 22:10:19.870856,0 days 00:00:16.895941,0.7940432258456609,0.2367598153497517,16,0.2934157806869915,0.07252610692051677,0.09601495140113075,0.05544773610854194,0.007281247753869839,0.04360053771787497,0.010834615720272292,6,141,0.0818083851496241,0.24136578379955634,False,False,False,2.9661216745643695e-06,COMPLETE
922,0.39679685831069944,2025-04-22 22:10:20.168155,2025-04-22 22:10:36.575286,0 days 00:00:16.407131,0.760067019318036,0.29104099718158744,16,0.2781741055669084,0.0789409250679206,0.09307221379235982,0.05170468800786676,0.00448347201557267,0.03276163146389973,0.012587481744690902,5,150,0.08333818029742451,0.2223272227437977,False,False,False,4.5407035426402594e-06,COMPLETE
923,0.2909070193767548,2025-04-22 22:10:36.859551,2025-04-22 22:10:52.731358,0 days 00:00:15.871807,0.8080291762773845,0.19339390196795858,16,0.28731712796244574,0.06368938187423825,0.09820522202943624,0.06247778548972216,0.009309375564035677,0.02308176882904201,0.02297461114796405,7,135,0.08620509650333089,0.22932107988832842,False,False,True,7.188822823433046e-06,COMPLETE
924,0.4724090933799744,2025-04-22 22:10:53.027557,2025-04-22 22:11:09.997124,0 days 00:00:16.969567,0.7819464545442858,0.2663206538258758,16,0.19387475170745708,0.07127038262318239,0.09483081779035316,0.060539821725805285,0.011744315223209175,0.03788511837988881,0.01832852255315813,6,144,0.08014020021998043,0.2349883344945773,False,False,False,5.732659690397081e-06,COMPLETE
925,0.39701476097106936,2025-04-22 22:11:10.294432,2025-04-22 22:11:26.693134,0 days 00:00:16.398702,0.7403804383276958,0.24852855708240548,16,0.269500681464747,0.05681289576921862,0.09659081513557875,0.057735680056324325,0.015934469493598162,0.02872894253473956,0.008683197261663738,5,139,0.08812939845147279,0.24881761427051527,False,False,False,1.136065304083422e-05,COMPLETE
926,0.2804898262023926,2025-04-22 22:11:26.993484,2025-04-22 22:11:44.190333,0 days 00:00:17.196849,0.6448598233908366,0.21026625732497617,16,0.2780154106106971,0.0034270512907421807,0.09233614062111523,0.05323240832102327,0.006282744679516488,0.04440892355955802,0.014729407618462843,7,147,0.08478230248148887,0.22213660527183643,False,False,False,1.800208084532936e-05,COMPLETE
927,0.4336936473846436,2025-04-22 22:11:44.473888,2025-04-22 22:12:01.358757,0 days 00:00:16.884869,0.40316301822769934,0.2347574171558982,16,0.2937325704152288,0.08258018121948052,0.09814218733971153,0.06361029528697845,0.0023341027930741855,0.035446627331676896,0.01065347457738165,6,142,0.08170970115159822,0.23279788409733326,False,False,False,3.6241405347310377e-06,COMPLETE
928,0.40935904979705817,2025-04-22 22:12:01.657456,2025-04-22 22:12:17.888561,0 days 00:00:16.231105,0.841165781388969,0.265765045296521,16,0.28479590207285205,0.07374124728121194,0.09522212412509776,0.05915934320424343,0.007727977146446307,0.031157557457287578,0.01957702176535094,5,132,0.0791362314638012,0.24071067142087185,False,False,False,4.26447588936037e-06,COMPLETE
929,0.3102919697761536,2025-04-22 22:12:18.185263,2025-04-22 22:12:33.353452,0 days 00:00:15.168189,0.7253664045080684,0.1869745088674095,16,0.27087248768382194,0.06605879829295684,0.08958159211275064,0.05600950525071835,0.004514445592510727,0.039192681758957425,0.013383752666458797,6,137,0.09147299426534647,0.2278727885245755,False,True,False,6.7666839397205635e-06,COMPLETE
930,0.42585211992263794,2025-04-22 22:12:33.653195,2025-04-22 22:12:51.424176,0 days 00:00:17.770981,0.7546383698662642,0.21731064934801583,16,0.28866310124455324,0.08727563164042774,0.09798306424628148,0.06122172698265339,0.010357708159492955,0.041571237239145846,0.016491953276822905,7,140,0.08310330702044523,0.23623363196899866,False,False,False,2.7342905807558765e-06,COMPLETE
931,0.3722671151161194,2025-04-22 22:12:51.707364,2025-04-22 22:13:08.824269,0 days 00:00:17.116905,0.7948562229462435,0.25164948813106014,16,0.2812656078038,0.07868230024362334,0.09476415922208663,0.05723447713041084,0.005667853289836783,0.03361216431227871,0.006173744373488204,6,143,0.0773587407296316,0.05919047543725693,False,False,False,9.4164900628588e-06,COMPLETE
932,0.4339211583137513,2025-04-22 22:13:09.121585,2025-04-22 22:13:27.086186,0 days 00:00:17.964601,0.8195802029502411,0.2335236696433845,16,0.2757935587301582,0.09527861859324181,0.09994686151237572,0.06551671581897947,0.0028964397322247645,0.024896676196392565,0.011878747247260416,8,135,0.09675990608101265,0.21980980025496877,False,False,False,1.3594811845195439e-05,COMPLETE
933,0.42722584009170533,2025-04-22 22:13:27.386610,2025-04-22 22:13:46.975807,0 days 00:00:19.589197,0.7733147835895228,0.28687676686234254,16,0.2938426622211431,0.06091982749474024,0.09208707282026439,0.053945558478117335,0.00803699206765495,0.03693593214980261,0.009073803305622371,5,146,0.08058293186509143,0.24362327933917732,True,False,False,5.195022610016197e-06,COMPLETE
934,0.49305344820022584,2025-04-22 22:13:47.286204,2025-04-22 22:14:04.247334,0 days 00:00:16.961130,0.7614586608426305,0.20223993482129918,16,0.26971897649669535,0.0705005274289817,0.0998631447885811,0.05975001206809438,0.005681348705352771,0.018708621815235096,0.02169146019852725,6,138,0.08512209168799986,0.22697949746917173,False,False,False,2.054667271385003e-06,COMPLETE
935,0.4205135464668274,2025-04-22 22:14:04.550363,2025-04-22 22:14:21.490883,0 days 00:00:16.940520,0.7788067563250162,0.18825151078756663,16,0.28311393594090317,0.06732596542896821,0.09994136231419255,0.05898091618873908,0.0039856001203078025,0.02242851308184014,0.018588798945737797,6,140,0.08615232302941955,0.21521130383387754,False,False,False,7.318331286635491e-06,COMPLETE
936,0.42029800415039065,2025-04-22 22:14:21.780190,2025-04-22 22:14:39.247427,0 days 00:00:17.467237,0.8054884135277285,0.15735076761453054,16,0.26893254663748467,0.0606218628045257,0.09665304091367298,0.055998510481009324,0.0144325341527359,0.01922622712129459,0.024115143019090995,7,144,0.08995287630010873,0.22414972487569387,False,False,False,1.9165275350294486e-06,COMPLETE
937,0.39897159337997434,2025-04-22 22:14:39.548017,2025-04-22 22:14:55.790596,0 days 00:00:16.242579,0.8558070248663437,0.20060736280192243,16,0.2936900878223682,0.06890888467663217,0.09383751441803141,0.05798577940428209,0.011679892694710084,0.019659987980611988,0.023807234398336662,5,138,0.08799701562185928,0.14586170003286758,False,False,False,8.952321977621856e-06,COMPLETE
938,0.3952592492103577,2025-04-22 22:14:56.093839,2025-04-22 22:15:13.308747,0 days 00:00:17.214908,0.7655556239875299,0.16774364894695876,16,0.28759694818635484,0.056090859185346065,0.09665701006848378,0.05970640693324254,0.0010525769386388484,0.019314723653061725,0.019939069021853984,6,147,0.08733476085446021,0.2191657423828665,False,False,False,2.2661948058662156e-05,COMPLETE
939,0.46917533874511724,2025-04-22 22:15:13.612628,2025-04-22 22:15:30.788886,0 days 00:00:17.176258,0.7923465829527431,0.20542375835686782,16,0.2789724437098482,0.06320499202455593,0.08894512226584779,0.05144517285648888,0.005633073399908662,0.01848703387799282,0.014023939239627334,6,142,0.08380235705019727,0.22634371908691173,False,False,False,2.229812209045424e-06,COMPLETE
940,0.42108885049819944,2025-04-22 22:15:31.076933,2025-04-22 22:15:48.556844,0 days 00:00:17.479911,0.8219894207202093,0.18546245803231098,16,0.27431885456102517,0.07172741267146202,0.09812178747799785,0.05520715405338618,0.00877270766956557,0.020405271309136164,0.024044610982990586,7,140,0.0935997189923256,0.2151662869926875,False,False,False,6.235169183439732e-06,COMPLETE
941,0.4163844585418702,2025-04-22 22:15:48.858302,2025-04-22 22:16:05.395873,0 days 00:00:16.537571,0.764839988529626,0.21716950890050735,16,0.2885928828813977,0.07558021903936171,0.09524261940783715,0.05781502182244507,0.0027600718823299194,0.02147632346837064,0.00804236467059289,5,145,0.08517362648358916,0.22762633458458176,False,False,False,1.3172019731726322e-05,COMPLETE
942,0.31234081983566286,2025-04-22 22:16:05.701607,2025-04-22 22:16:21.233412,0 days 00:00:15.531805,0.7826810531259527,0.1990349767097435,16,0.2797078266819821,0.06642043087031896,0.09109510458985573,0.06089242888625112,0.006959104662148151,0.01672310586799657,0.016028555342739365,6,150,0.04399881238004444,0.29367985639310534,False,False,True,4.747801078281306e-06,COMPLETE
943,0.4786079049110413,2025-04-22 22:16:21.536887,2025-04-22 22:16:38.427612,0 days 00:00:16.890725,0.5282210194836323,0.22347476909407363,16,0.2942631416056301,0.0566860270787624,0.09316278806055062,0.05374012834961397,0.005317501925914065,0.01629875140060159,0.011381766464389499,6,137,0.08466984172754063,0.2194218503315967,False,False,False,3.4246187947078082e-06,COMPLETE
944,0.38958870172500615,2025-04-22 22:16:38.736276,2025-04-22 22:16:56.203878,0 days 00:00:17.467602,0.4229508396593358,0.2593496485554134,16,0.2692168279570455,0.07211537815139012,0.09802960962768999,0.05664691337510213,0.0010299056473619004,0.027684513686093478,0.02051827865036073,7,142,0.08664863832510347,0.2100835399511657,False,False,False,1.0731064671362117e-05,COMPLETE
945,0.41024322509765626,2025-04-22 22:16:56.495071,2025-04-22 22:17:12.933285,0 days 00:00:16.438214,0.7542192743056161,0.23257128800877794,16,0.28494187776005436,0.06194301765403606,0.09568140357980558,0.059701573869438786,0.010455679616912773,0.03468258354864245,0.009979644177913156,5,139,0.08877946634723638,0.23173917121420837,False,False,False,7.848820956018142e-06,COMPLETE
946,0.4295372247695923,2025-04-22 22:17:13.240070,2025-04-22 22:17:30.074704,0 days 00:00:16.834634,0.8048138679500318,0.18488008224844488,16,0.27500942454677296,0.07545191259834011,0.09820691145137428,0.062386125502098086,0.0034169234365907567,0.030679616859750066,0.013547469657394538,6,144,0.08385127318246505,0.22449294172656986,False,False,False,5.493375543936648e-06,COMPLETE
947,0.438656759262085,2025-04-22 22:17:30.378740,2025-04-22 22:17:47.151632,0 days 00:00:16.772892,0.7947100990260015,0.2118839892938288,16,0.2834290051889975,0.06802253734771142,0.0935194812646864,0.0565313079052559,0.008110911634024937,0.023642803714685297,0.01781856930423699,7,71,0.08179056116912424,0.23130335218591094,False,False,False,1.526353036888482e-05,COMPLETE
948,0.41405686140060427,2025-04-22 22:17:47.456790,2025-04-22 22:18:03.891153,0 days 00:00:16.434363,0.7482467780553672,0.27936004326738967,16,0.29044366490926005,0.07728111945393866,0.08629893172456352,0.05910886345411414,0.0135518254291651,0.03784747694456268,0.014150172088284684,5,133,0.07956513868811867,0.2390337475975021,False,False,False,3.903395131076703e-06,COMPLETE
949,0.3362853527069092,2025-04-22 22:18:04.188666,2025-04-22 22:18:19.414911,0 days 00:00:15.226245,0.8391317847254216,0.25080924435286567,16,0.2751731375624918,0.06310255125887529,0.09644188430347231,0.04742207446514241,0.004677383014587705,0.032740057371648076,0.024826306169969885,6,147,0.08554079734506732,0.21985913631872403,False,True,False,6.020246688260769e-06,COMPLETE
950,0.43099954128265383,2025-04-22 22:18:19.718125,2025-04-22 22:18:37.763674,0 days 00:00:18.045549,0.9518756140402923,0.16714904882103943,16,0.26789144244292284,0.07020916785987005,0.09157701019274074,0.05196138081440451,0.009735477259685371,0.03599274892132905,1.2602557010334084e-05,8,142,0.08274505054770333,0.22593241693366445,False,False,False,4.793496719742808e-06,COMPLETE
951,0.4111509203910828,2025-04-22 22:18:38.070750,2025-04-22 22:18:54.650682,0 days 00:00:16.579932,0.7673898310454013,0.23135646759636738,16,0.29479724800701396,0.08162984699990472,0.09484757602234042,0.06108095559500265,0.007050296525221552,0.02929613074750711,0.011705470376121,5,136,0.0755662593691738,0.23573508219635164,False,False,False,9.1559393860914e-06,COMPLETE
952,0.4484993696212769,2025-04-22 22:18:54.956091,2025-04-22 22:19:15.279951,0 days 00:00:20.323860,0.8129606542421324,0.20795366769578083,16,0.2816269362712595,0.05834173227307135,0.09840861050644763,0.06338918181713853,0.01692368365770331,0.018193622659611875,0.01600514188816831,6,140,0.07803229301573973,0.21555155664749415,True,False,False,3.147930564794573e-06,COMPLETE
953,0.4311291337013245,2025-04-22 22:19:15.589207,2025-04-22 22:19:33.055027,0 days 00:00:17.465820,0.7865746836260824,0.26375903991478483,16,0.28813616588499225,0.11269124733930708,0.08922453259058746,0.05417345768102944,0.01210796790380544,0.025596683240133856,0.019288659957157363,7,145,0.08079450588702024,0.24925154759271145,False,False,False,6.513309827540374e-06,COMPLETE
954,0.41000622510910034,2025-04-22 22:19:33.348679,2025-04-22 22:19:49.743788,0 days 00:00:16.395109,0.7242744230769675,0.24180986729503343,16,0.27688713238682533,0.07323858027090038,0.09985255213070386,0.05788278910924025,0.0031382120928020963,0.03986900293283621,0.009500586896615683,5,138,0.08742723631570462,0.22956850920033559,False,False,False,2.0590484102224484e-06,COMPLETE
955,0.48621703386306764,2025-04-22 22:19:50.050096,2025-04-22 22:20:07.108552,0 days 00:00:17.058456,0.8751378327920962,0.19638213443905378,16,0.29989445021195993,0.06688039882137316,0.096513602291042,0.06017489529105213,0.0061979967994209885,0.03423961636954052,0.012616249042676593,6,142,0.08437860522997659,0.22384957317431206,False,False,False,1.1431250466058163e-05,COMPLETE
956,0.40284157991409303,2025-04-22 22:20:07.415809,2025-04-22 22:20:25.060116,0 days 00:00:17.644307,0.8662719635383882,0.18688348260302684,16,0.29696336079425856,0.05684993513640607,0.09286311830608578,0.05551355304921562,0.005408798765790415,0.03199613423617374,0.013048560064056839,7,148,0.08337977704018547,0.21193888075412615,False,False,False,1.182211405087109e-05,COMPLETE
957,0.42636588811874393,2025-04-22 22:20:25.369117,2025-04-22 22:20:42.929147,0 days 00:00:17.560030,0.8653000034256937,0.14803714889930353,16,0.29892934508900737,0.06357079117529205,0.09081594973470383,0.058667402366962385,0.004211644885797333,0.03327220594590487,0.015959663252282045,7,143,0.08060005039058678,0.20431430467143535,False,False,False,1.8095729297175255e-05,COMPLETE
958,0.40702626705169676,2025-04-22 22:20:43.238334,2025-04-22 22:21:00.283744,0 days 00:00:17.045410,0.9068315119857171,0.1840645313068045,16,0.2993979020250566,0.06577935016969517,0.0947964605065222,0.05683700220770139,0.006359756674039502,0.03126357292439455,0.012150119668106439,6,146,0.08240346244275679,0.22041794883497548,False,False,False,1.5779755913214933e-05,COMPLETE
959,0.3782671093940735,2025-04-22 22:21:00.583296,2025-04-22 22:21:18.490094,0 days 00:00:17.906798,0.9050936163484777,0.16726417919965694,16,0.29340903526004836,0.05626524256767839,0.09636403268605466,0.06002958363939245,0.0033154379194109814,0.03488354310564165,0.021155647385558526,8,143,0.0847631705926822,0.00998730586098076,False,False,False,9.2511525902955e-06,COMPLETE
960,0.3691482305526733,2025-04-22 22:21:18.799030,2025-04-22 22:21:35.769141,0 days 00:00:16.970111,0.853985995620716,0.19765059554758257,16,0.29534742150345683,0.06813168618351056,0.0877469129873221,0.05367107370793531,0.006443620175346665,0.029789340624257865,0.014657970101257066,6,141,0.00953351816656215,0.21290556431013208,False,False,False,1.949413331125588e-05,COMPLETE
961,0.3841612458229065,2025-04-22 22:21:36.075720,2025-04-22 22:21:53.624504,0 days 00:00:17.548784,0.8697579651990041,0.28858357126385176,16,0.29136680839543505,0.061991982818439734,0.0935496224366691,0.058154593739192496,0.0027676924826592693,0.03324929524495188,0.00999228589287703,7,148,0.07836092461635505,0.22237315693553197,False,False,False,1.2736811062683696e-05,COMPLETE
962,0.4336130142211914,2025-04-22 22:21:53.934909,2025-04-22 22:22:10.900918,0 days 00:00:16.966009,0.8946512790694976,0.12427250573878572,16,0.29982054305901396,0.06977215793409527,0.008112748941624025,0.049694830998007415,0.004986736279720242,0.021688672726948764,0.018255092637555606,6,144,0.08146583791349547,0.20684708811882008,False,False,False,2.5001577425324484e-05,COMPLETE
963,0.477752161026001,2025-04-22 22:22:11.214004,2025-04-22 22:22:28.182243,0 days 00:00:16.968239,0.8262808245726342,0.20273187881322327,16,0.2895264639048793,0.055849630625377095,0.09623729093980368,0.055209459612372724,0.008178612635438,0.03475667206952369,0.012308733929640084,6,140,0.08381615846820134,0.2194585811233717,False,False,False,1.0044398119392477e-05,COMPLETE
964,0.38723244667053225,2025-04-22 22:22:28.488422,2025-04-22 22:22:46.033620,0 days 00:00:17.545198,0.846471387337121,0.2239272738092109,16,0.29343059120994885,0.061263306972178896,0.09227099900301368,0.06086170676262601,0.004830903621471053,0.025573957245906262,0.015035593850730236,7,150,0.07609954887954298,0.22523597839655857,False,False,False,1.1613398231225047e-05,COMPLETE
