number,value,datetime_start,datetime_complete,duration,params_alpha-eval,params_alpha-train,params_batch-size,params_eps-eval,params_eps-train,params_lambda-actions-eval,params_lambda-actions-train,params_lambda-frames-eval,params_lambda-frames-train,params_learning-rate,params_n-epochs,params_n-frames,params_radius-gw,params_rho,params_std-feats,params_ub-actions,params_ub-frames,params_weight-decay,state
1138,0.2804898262023926,2025-04-02 20:52:21.523912,2025-04-02 20:53:53.084002,0 days 00:01:31.560090,0.7954973016228336,0.2551849039914666,2,0.2678333124146288,0.11956410116228501,0.023136847220142375,0.0741588101762345,0.0013067635085703341,0.02066312644012141,0.09888931682526303,27,119,0.01393845856420175,0.12519969703187453,True,True,False,0.0002510926078712445,COMPLETE
1139,0.43936997652053833,2025-04-02 20:53:53.455645,2025-04-02 20:55:34.244380,0 days 00:01:40.788735,0.7632475798292855,0.3662492708944062,2,0.2762431892792672,0.11792507504219656,0.026916484688099818,0.07107995650714306,0.0035047544601148057,0.021630224340541907,0.06674576491900998,26,64,0.016029077662843248,0.11945992822232698,True,False,False,0.0004747283354037969,COMPLETE
1140,0.4369958281517029,2025-04-02 20:55:34.615118,2025-04-02 20:57:20.132234,0 days 00:01:45.517116,0.8019219994274165,0.2592821711369962,2,0.2821950516441352,0.11779563506540286,0.06667681908973405,0.07826927418762486,0.005963414217718393,0.016525322013923628,0.07785652736886915,27,68,0.021857593660512077,0.13990381717950875,True,False,False,0.00033064804588539093,COMPLETE
1141,0.43697968721389774,2025-04-02 20:57:20.504221,2025-04-02 20:59:04.337302,0 days 00:01:43.833081,0.7253077595026296,0.20445378804747766,2,0.26337663724658306,0.12081370792229654,0.00824624857470313,0.07611479153119773,0.003022647034461903,0.02122135046330611,0.05427288024020051,26,91,0.018595986358041904,0.13169928305218528,True,False,False,0.0004541221657173007,COMPLETE
1142,0.4230835914611817,2025-04-02 20:59:04.706336,2025-04-02 21:00:43.774540,0 days 00:01:39.068204,0.5999894198476877,0.7151107724959347,2,0.25954132629070953,0.13135872276400465,0.0014850207402498962,0.07353394457966918,0.005339373411345301,0.022275962253880097,0.06222918195942309,25,72,0.01250629804485064,0.14780832097368313,True,False,False,0.0004885753870492571,COMPLETE
1143,0.4257501602172852,2025-04-02 21:00:44.151681,2025-04-02 21:01:11.093427,0 days 00:00:26.941746,0.7817636161706185,0.2355438459114713,16,0.2685396672566106,0.14659889109539764,0.0052279351194554294,0.07115272157539866,0.0042810654338195754,0.019173225190184617,0.053875648739064017,27,60,0.015317047858403744,0.13585630844526927,True,False,False,0.00038153423186864586,COMPLETE
1144,0.4345192193984986,2025-04-02 21:01:11.462798,2025-04-02 21:02:53.997826,0 days 00:01:42.535028,0.8052957044364202,0.2644053353229242,2,0.16427592639953062,0.1430406820329033,0.006452740658343533,0.07281947147335677,0.0010639314402759899,0.01460550852621572,0.07806387069631085,26,88,0.01955310213702615,0.1275023319704912,True,False,False,0.00017657412449550438,COMPLETE
1145,0.43827093839645387,2025-04-02 21:02:54.371206,2025-04-02 21:04:34.664278,0 days 00:01:40.293072,0.7817460040106754,0.2392157199935897,2,0.2601949280968775,0.11368046484780457,0.00876526548923299,0.06979181149294364,0.006420138949775547,0.016463987041251883,0.06196617379426054,25,109,0.010250100507414433,0.14121291126812552,True,False,False,0.0005075491899712473,COMPLETE
1146,0.44108473062515263,2025-04-02 21:04:35.039931,2025-04-02 21:06:17.383514,0 days 00:01:42.343583,0.7581884500534184,0.21874973198393194,2,0.27730632036585173,0.11356967457227718,0.021553441173234985,0.07641415386595572,0.0032502449243085743,0.019181296158308457,0.04963185843854001,26,71,0.016829383539302186,0.11825126596949953,True,False,False,0.00028134839040950237,COMPLETE
1147,0.4401395201683045,2025-04-02 21:06:17.759135,2025-04-02 21:08:02.137059,0 days 00:01:44.377924,0.8108532337069804,0.26584197172643115,2,0.2616020320845175,0.2457457224372821,0.00879781512277969,0.07965725858841706,0.004764189198649478,0.022004882728693383,0.0712358154142573,27,59,0.023070788940112916,0.1330894014523343,True,False,False,0.00037864778469765253,COMPLETE
1148,0.42481365203857424,2025-04-02 21:08:02.492044,2025-04-02 21:09:17.684130,0 days 00:01:15.192086,0.8151281546568533,0.24975814888396014,2,0.25468010423031323,0.1140036020751976,0.005857881436038572,0.0704016389866983,0.006040084004109164,0.017559999574100642,0.08703208664349918,18,57,0.013682255713747572,0.12395697770062132,True,False,False,0.0005272761862099046,COMPLETE
1149,0.41195425987243656,2025-04-02 21:09:18.054311,2025-04-02 21:10:55.678497,0 days 00:01:37.624186,0.8042239223052762,0.33938452683689035,2,0.25827059944355074,0.1228536007511106,0.02678946605519799,0.08094639269858576,0.00699206670482059,0.07832344286758529,2.7892883767694822e-05,25,63,0.017389029798569357,0.14672416103056843,True,False,False,0.0004682255806174431,COMPLETE
1150,0.4422387719154358,2025-04-02 21:10:56.050246,2025-04-02 21:12:37.770796,0 days 00:01:41.720550,0.7837069734145283,0.2745746108071454,2,0.2665484308193988,0.22409617366175935,0.0011335477604463963,0.07511757132842463,0.003419628055899243,0.02317936581507828,0.05051788188914485,26,68,0.020349583590113626,0.13005841636935092,True,False,False,0.0005527727287819929,COMPLETE
1151,0.29451653361320496,2025-04-02 21:12:38.143505,2025-04-02 21:14:09.624312,0 days 00:01:31.480807,0.7955021192600502,0.1902180227052726,2,0.28608365361832816,0.11157788747240847,0.08689141140124053,0.07335816920383909,0.00749262941936236,0.020717187959681898,0.06359160551848315,26,126,0.015255072892892796,0.1404894968875934,True,False,True,7.087649484690044e-07,COMPLETE
1152,0.4257908582687378,2025-04-02 21:14:09.995544,2025-04-02 21:15:48.868481,0 days 00:01:38.872937,0.8216975632124957,0.374286126776707,2,0.2583860147785174,0.23720786989323583,0.024365402952710852,0.07126338486494699,0.0010277010227392512,0.015535525598337508,0.07913017023350986,25,74,0.012175413052880158,0.13637948080659723,True,False,False,0.0003618159979734944,COMPLETE
1153,0.4368146896362305,2025-04-02 21:15:49.239464,2025-04-02 21:17:38.936321,0 days 00:01:49.696857,0.7666825458856151,0.32564389182342557,2,0.2695033596932809,0.21492951589082937,0.0036815062220119095,0.07796256727723046,0.007570747958391028,0.0028093751392676003,0.04873980578198133,28,87,0.018570918416839586,0.1243346386305122,True,False,False,0.00025523913297100415,COMPLETE
1154,0.4403706431388855,2025-04-02 21:17:39.309083,2025-04-02 21:19:25.377160,0 days 00:01:46.068077,0.826620939462987,0.22679947940519263,2,0.2552758042773107,0.11120380438498914,0.007181002521810827,0.06999938943383739,0.0048191654224113275,0.012731558274823435,0.06175743298639563,27,93,0.014579804217117328,0.11326872877712929,True,False,False,0.0005714566038677769,COMPLETE
1155,0.42887543439865117,2025-04-02 21:19:25.751454,2025-04-02 21:21:05.417667,0 days 00:01:39.666213,0.8170422807570986,0.2507306708151354,2,0.2560733302689524,0.12309165766880034,0.010537631348577907,0.044030419431216015,0.005091881614635498,0.018840324227154245,0.08521627267907976,25,84,0.008558807778802198,0.12976307578884794,True,False,False,8.733754168843755e-06,COMPLETE
1156,0.4446092486381531,2025-04-02 21:21:05.796145,2025-04-02 21:22:46.712811,0 days 00:01:40.916666,0.7241903787799338,0.3544524099520028,2,0.27676878535627275,0.20984712335018613,0.008339808100802737,0.06985558405309514,0.0028357199597885963,0.0947351345996729,0.05618660612401435,26,70,0.016634564764074464,0.148750671482483,True,False,False,0.0004360505800239317,COMPLETE
1157,0.2870678186416626,2025-04-02 21:22:47.108502,2025-04-02 21:24:14.045718,0 days 00:01:26.937216,0.795902108167161,0.4271011040387125,2,0.12254771028097004,0.13901582743216417,0.010049508867294919,0.07432810826589333,0.007659198964826943,0.022181817413591313,0.06943543223669177,26,75,0.09551636795415835,0.1422000562736772,True,True,False,0.0005796964735407872,COMPLETE
1158,0.4496704936027527,2025-04-02 21:24:14.424028,2025-04-02 21:25:53.673779,0 days 00:01:39.249751,0.824491605173619,0.2684056172375119,2,0.25183451810234847,0.13159322198531312,0.004974480580227143,0.05484972865434117,0.005403951874413839,0.023922734848665517,0.045109903835436276,25,91,0.02115007794223249,0.12049559588424089,True,False,False,0.0003227750337654042,COMPLETE
1159,0.423123049736023,2025-04-02 21:25:54.049306,2025-04-02 21:27:37.006707,0 days 00:01:42.957401,0.512533006647874,0.20722724750506685,2,0.15164760230679797,0.22873998063096734,0.0071602870596664935,0.07674022869412436,0.0028079448661113807,0.08395878310692591,0.05389864495199602,26,66,0.013390964772336141,0.1336192662397561,True,False,False,0.00043484836812991213,COMPLETE
1160,0.4217223882675171,2025-04-02 21:27:37.381446,2025-04-02 21:29:22.761595,0 days 00:01:45.380149,0.8034542918658759,0.29562905063890466,2,0.029164178138933322,0.11678996503080975,0.020728057965107696,0.07159857122623167,0.025069091529852632,0.016985031302136987,0.07335741274140485,27,72,0.018191255032281105,0.10477781488216026,True,False,False,0.0005720348891095341,COMPLETE
1161,0.423123049736023,2025-04-02 21:29:23.142131,2025-04-02 21:31:03.734148,0 days 00:01:40.592017,0.8280814179967211,0.31996829073343924,2,0.2663651322855459,0.24217364049397752,0.011733198132704134,0.056852527426025264,0.008062645731903179,0.019942936516848885,0.0975647244118617,25,76,0.010739127055183772,0.13605699153068648,True,False,False,0.0006148495133047554,COMPLETE
1162,0.4438554763793946,2025-04-02 21:31:04.109419,2025-04-02 21:32:46.705097,0 days 00:01:42.595678,0.7742674606706967,0.23670096661004802,2,0.2607152141064153,0.2513157302019222,0.057442128776615524,0.07355841430290969,0.03023421304149368,0.022996150112161683,0.04247209147141122,26,85,0.024091164026820613,0.12708390825920238,True,False,False,0.00020844452233577824,COMPLETE
1163,0.423123049736023,2025-04-02 21:32:47.085233,2025-04-02 21:34:24.277591,0 days 00:01:37.192358,0.41889620478147743,0.27724386884549235,2,0.25232404551175724,0.10937248193130021,0.003396397590405607,0.0715879599564164,0.006018590227539934,0.02421423270636226,0.065664673607877,25,49,0.015629108396424875,0.1178073956177855,True,False,False,0.0003329114636813454,COMPLETE
1164,0.44696774482727053,2025-04-02 21:34:24.651529,2025-04-02 21:36:10.500829,0 days 00:01:45.849300,0.8398940526827987,0.2536338071027586,2,0.11664817700056967,0.2190466021871838,0.018551692550123157,0.06872724339259446,0.002912055249709574,0.018662329496368073,0.05010369462231117,27,80,0.019501008707751597,0.14399890793412112,True,False,False,0.0009955237421231207,COMPLETE
1165,0.44221283197402955,2025-04-02 21:36:10.882611,2025-04-02 21:37:52.141524,0 days 00:01:41.258913,0.8113955964573072,0.30679142144907323,2,0.18690569482646413,0.10569393868615358,0.06330145519160037,0.05690774782485804,0.009452899738735004,0.021414592993145663,0.05988175280833884,26,69,0.06795323411853395,0.1369990044954311,True,False,False,0.0004731966909366237,COMPLETE
1166,0.42444038391113287,2025-04-02 21:37:52.516986,2025-04-02 21:38:20.617052,0 days 00:00:28.100066,0.836695719231118,0.3425097696027063,16,0.041770610225967925,0.11956970871323072,0.009531769194956784,0.0755112115902149,0.02821162183296376,0.014787320344951149,0.0807161482715301,28,63,0.01362338960257451,0.14943140343475433,True,False,False,0.0005822521355972034,COMPLETE
1167,0.44165600538253785,2025-04-02 21:38:20.993028,2025-04-02 21:39:47.444559,0 days 00:01:26.451531,0.7894168477133277,0.2957173478137443,2,0.2123416344946627,0.10206898170027719,0.026828737918686903,0.07279075666750134,0.007612515804632682,0.024794432164037143,0.04965372958944062,21,73,0.017077329925311913,0.12778796015318905,True,False,False,0.0004136652695434676,COMPLETE
1168,0.442205011844635,2025-04-02 21:39:47.819510,2025-04-02 21:41:27.154457,0 days 00:01:39.334947,0.859904095020594,0.22476841604840905,2,0.2714194781413663,0.11126305038499709,0.023943649645024698,0.0815216286124085,0.004520415738464638,0.01697114197305643,0.07036719696248543,25,89,0.01171628546320389,0.12205917581546599,True,False,False,0.0006569992431330128,COMPLETE
1169,0.31072829365730287,2025-04-02 21:41:27.529644,2025-04-02 21:42:55.358899,0 days 00:01:27.829255,0.7534085567899943,0.2726414867271026,2,0.249457096577224,0.23557213427840612,0.006645259297896862,0.06920219827260644,0.006768337582530768,0.09031905931620003,0.09810336034070337,26,77,0.01492016514099004,0.13145441060899304,True,False,True,0.0002444274420309326,COMPLETE
1170,0.44175435304641725,2025-04-02 21:42:55.736839,2025-04-02 21:44:18.092139,0 days 00:01:22.355300,0.6882110073307497,0.24772213620190903,2,0.13944069794822792,0.12884129885574985,0.010885677365275213,0.0777342559440071,0.003079230515596159,0.020735653347203852,0.04115671177643184,20,82,0.021040125468058304,0.14105620901848737,True,False,False,0.0005021689516671131,COMPLETE
1171,0.43525698184967043,2025-04-02 21:44:18.470477,2025-04-02 21:45:55.027816,0 days 00:01:36.557339,0.8188704418161756,0.3148100632310162,2,0.2563119243586035,0.2259168561227437,0.015087227362034137,0.07051491898069834,0.008434864373000967,0.024888009711941453,0.058413102668290535,24,72,0.01860021717206381,0.11307940563254232,True,False,False,0.0006603766969554765,COMPLETE
1172,0.4484164357185364,2025-04-02 21:45:55.406190,2025-04-02 21:47:35.226487,0 days 00:01:39.820297,0.8441761490952625,0.1885494554615334,2,0.2640787582211011,0.10407271909163009,0.008654845633980827,0.0679916806453019,0.00949246333644446,0.06642137435345168,0.04708354195180703,25,106,0.016481715789103124,0.13531724993447714,True,False,False,0.00034292308086718407,COMPLETE
1173,0.4249178171157837,2025-04-02 21:47:35.606926,2025-04-02 21:49:20.444552,0 days 00:01:44.837626,0.8029086502064825,0.2847740335844279,2,0.22190875279544542,0.11561954623189682,0.019444009704658174,0.05746145078657586,0.024057946382012182,0.023044701805522098,0.07594860331697602,27,79,0.012898881087648171,0.12742415587529143,True,False,False,0.0006612279005230534,COMPLETE
1174,0.423123049736023,2025-04-02 21:49:20.824490,2025-04-02 21:51:02.292934,0 days 00:01:41.468444,0.8672871726105746,0.3324924995742792,2,0.24919961600632018,0.09878829056295632,0.012438076761000345,0.07300740767709507,0.005493338960022971,0.02581338463981702,0.060764731102568435,26,67,0.009271475334632528,0.1512561476238601,True,False,False,0.0003977114617531022,COMPLETE
1175,0.45284810066223147,2025-04-02 21:51:02.675955,2025-04-02 21:52:41.619848,0 days 00:01:38.943893,0.639346346589235,0.2643249045116941,2,0.21731557966610965,0.10867064421498322,0.004516035372567607,0.0386047864850172,0.006997187072463482,0.020162123949870284,0.039081142723031016,25,76,0.022390452631339788,0.14159310823028373,True,False,False,0.0005444563935508146,COMPLETE
1176,0.4435681939125061,2025-04-02 21:52:42.001654,2025-04-02 21:54:23.953383,0 days 00:01:41.951729,0.7517995284798398,0.21578027327876115,2,0.22522153700397352,0.12558955858422902,0.003983796449642835,0.03947995982448827,0.006881324835054691,0.019573809858300213,0.08189739038213603,26,84,0.02278612991821405,0.14623960648443565,True,False,False,0.0003058338494246234,COMPLETE
1177,0.2804898262023926,2025-04-02 21:54:24.335355,2025-04-02 21:55:48.134803,0 days 00:01:23.799448,0.7374494169870653,0.24183200476422048,2,0.21102453314563502,0.11485690859278147,0.0010721611307516234,0.03509129313556054,0.004753993495937645,0.01807800130946768,0.05218706876525007,25,56,0.021587081537741422,0.144589056373368,True,True,False,0.0004122074385422436,COMPLETE
1178,0.43682022094726564,2025-04-02 21:55:48.519864,2025-04-02 21:57:27.872095,0 days 00:01:39.352231,0.5695932593499587,0.38803202738916875,2,0.08975066932807682,0.10911553103510635,0.0045261917435372445,0.05529731913630931,0.0010936815287806846,0.020211502898157888,0.06644939371239723,25,80,0.023708323284087122,0.15266413258852224,True,False,False,0.00047688845701326156,COMPLETE
1179,0.435165810585022,2025-04-02 21:57:28.255796,2025-04-02 21:59:04.379853,0 days 00:01:36.124057,0.7213664062124996,0.2579382890375482,2,0.216008648324627,0.11939930500599914,0.002753479816739653,0.04082273737091266,0.007296179055993394,0.01600839957465122,0.04601572658719338,24,87,0.022644721532797035,0.14272952330067853,True,False,False,0.0002745636794061172,COMPLETE
1180,0.43580079078674316,2025-04-02 21:59:04.765136,2025-04-02 22:00:51.515100,0 days 00:01:46.749964,0.6217119807853613,0.22820534483219349,2,0.21604684879706548,0.11066485334091074,0.0011477531005387362,0.033503568378668136,0.0010195805973915568,0.017730188699261015,0.037713637039719736,27,82,0.02625833581251846,0.14820732645159257,True,False,False,0.0004876226640073722,COMPLETE
1181,0.4484997272491455,2025-04-02 22:00:51.895400,2025-04-02 22:02:35.231406,0 days 00:01:43.336006,0.7794103155358212,0.20232974915607235,2,0.22199932192915425,0.12157888615844786,0.0032712484853529653,0.03829273402366036,0.00956681741699928,0.020861117777306617,0.05632430696323553,26,114,0.02260097446907263,0.15311521773560358,True,False,False,0.00044369966908292365,COMPLETE
1182,0.44718112945556643,2025-04-02 22:02:35.613106,2025-04-02 22:04:14.467124,0 days 00:01:38.854018,0.665416995952554,0.2953136055588527,2,0.2201329857049197,0.11526434230558995,0.004690955884549927,0.03471724354712209,0.004916105795909553,0.01871251011720149,0.06945608887072724,25,77,0.025866237877849724,0.1390044056339595,True,False,False,0.00032830098620330116,COMPLETE
1183,0.44505670070648196,2025-04-02 22:04:14.851391,2025-04-02 22:05:57.577196,0 days 00:01:42.725805,0.7140238132071286,0.26565882723272866,2,0.21561311057747395,0.1073602193984306,0.005299682147527521,0.03696746208381114,0.008721408751472384,0.06122760132646819,0.08596090768058691,26,85,0.02095570484577462,0.14132733064219632,True,False,False,0.00038208724674495496,COMPLETE
1184,0.43474155664443975,2025-04-02 22:05:57.961526,2025-04-02 22:07:35.241592,0 days 00:01:37.280066,0.6353489730703535,0.3605822260991021,2,0.22550286457767418,0.2595745416605883,0.048052345817310785,0.04169349676253665,0.006429760004390231,0.02217239650129333,0.04362144392150584,24,92,0.0570314311082477,0.1470361132236598,True,False,False,0.0005459093217519616,COMPLETE
1185,0.4355542659759522,2025-04-02 22:07:35.624933,2025-04-02 22:08:04.347019,0 days 00:00:28.722086,0.6595004569496329,0.2465732408366503,16,0.21980791417872178,0.24537735743000413,0.005554391256420342,0.03725716419498465,0.0098684464851597,0.016037046636035775,0.056791758156305314,27,81,0.023189486233842295,0.13828820551141557,True,False,False,0.0005143536367115129,COMPLETE
1186,0.42532835006713865,2025-04-02 22:08:04.729210,2025-04-02 22:09:42.528936,0 days 00:01:37.799726,0.6873807314073219,0.32297514494538515,2,0.225281793457074,0.107648428641821,0.0010142023977570082,0.04333876863187333,0.004122565081993497,0.021643721612055085,0.06959978120372666,25,41,0.019990428786554406,0.133972994479906,True,False,False,0.0003513613238074891,COMPLETE
1187,0.4492120623588562,2025-04-02 22:09:42.918328,2025-04-02 22:11:26.159261,0 days 00:01:43.240933,0.6083353276278536,0.2830193302670171,2,0.22921742859740712,0.11668892575690257,0.0036978781720014287,0.036449880368888216,0.007462640549419263,0.013549583238351343,0.03591853870420151,26,78,0.020695324043026316,0.15324489468377242,True,False,False,0.0005218362642717991,COMPLETE
1188,0.4387515306472779,2025-04-02 22:11:26.545312,2025-04-02 22:13:12.870742,0 days 00:01:46.325430,0.6691371068155196,0.9213047269642634,2,0.13100097349554435,0.12445260130706318,0.006324792686559011,0.04482284598292293,0.0030772730286841707,0.018918100982589517,0.05098068673351354,27,89,0.026678776363591287,0.1427125538171882,True,False,False,0.00041089327972034797,COMPLETE
1189,0.29434484839439395,2025-04-02 22:13:13.256697,2025-04-02 22:14:41.318260,0 days 00:01:28.061563,0.6845126835172654,0.20883151013645532,2,0.2290059782444024,0.10386012213774211,0.02237351513214682,0.05884371255207809,0.006267521669285701,0.009188967916305414,0.09943847900003175,26,75,0.0222270518426416,0.13734251039711512,True,False,True,0.00021664331054203244,COMPLETE
1190,0.44049739837646484,2025-04-02 22:14:41.703654,2025-04-02 22:16:19.389373,0 days 00:01:37.685719,0.7266522762331874,0.30000516083965945,2,0.21915429725826072,0.23262238308523767,0.002953225841511917,0.039398602797549476,0.009877111778766023,0.02031343800538985,0.0639626315886283,25,58,0.0703836803920807,0.1466718011941204,True,False,False,0.0005995521643357214,COMPLETE
1191,0.44418699741363527,2025-04-02 22:16:19.777869,2025-04-02 22:18:00.021177,0 days 00:01:40.243308,0.6375823886767472,0.6484969191661712,2,0.27975635484348316,0.11173772219181181,0.006267776149746532,0.03944334152530695,0.008318174117402235,0.022338760422659493,0.08301484750674731,25,84,0.024444507563307936,0.1320517640390282,True,False,False,0.0002992164620725606,COMPLETE
1192,0.44407957792282104,2025-04-02 22:18:00.407221,2025-04-02 22:19:32.173699,0 days 00:01:31.766478,0.7617704372552028,0.2315162661187839,2,0.20731323379892752,0.1311611872249643,0.0256024819991952,0.04584868133136797,0.004875674398669794,0.015164278510255449,0.04026333895983052,23,80,0.0194432087227689,0.1219034822394656,True,False,False,0.0006120439211071342,COMPLETE
1193,0.4407967805862427,2025-04-02 22:19:32.561700,2025-04-02 22:20:52.551967,0 days 00:01:19.990267,0.7107170863578715,0.2657476678566951,2,0.22966936441098135,0.10557016907854856,0.00726799155303199,0.040364463583243575,0.0029030511723161486,0.017839980011550256,0.056531095066607674,19,111,0.024388416769786737,0.13943221316787238,True,False,False,0.000407504621794789,COMPLETE
1194,0.4443305611610413,2025-04-02 22:20:52.941731,2025-04-02 22:22:35.415843,0 days 00:01:42.474112,0.48727741954207915,0.3405333043741258,2,0.22454136128183902,0.2082612204984017,0.00425014509979575,0.03794279900367801,0.010295553504302266,0.011262434161929527,0.045271964211209104,26,77,0.026088953278432553,0.12704803222476266,True,False,False,0.0006491157980832952,COMPLETE
