number,value,datetime_start,datetime_complete,duration,params_alpha-eval,params_alpha-train,params_batch-size,params_eps-eval,params_eps-train,params_lambda-actions-eval,params_lambda-actions-train,params_lambda-frames-eval,params_lambda-frames-train,params_learning-rate,params_n-epochs,params_n-frames,params_radius-gw,params_rho,params_std-feats,params_ub-actions,params_ub-frames,params_weight-decay,state
1190,0.3482763886451722,2025-04-22 23:28:29.235484,2025-04-22 23:28:44.637033,0 days 00:00:15.401549,0.7600898113209311,0.16786739862913758,16,0.19207204038954437,0.061677338805769345,0.09666899274887604,0.05772437476323154,0.0036929329986948307,0.047711971158891836,0.013243219762274619,6,137,0.07815996727978305,0.2537328142992642,False,False,True,3.2871642510583018e-06,COMPLETE
1191,0.4106332063674927,2025-04-22 23:28:45.034960,2025-04-22 23:29:01.530482,0 days 00:00:16.495522,0.5246448710228682,0.2422346031401738,16,0.2159395803594762,0.0790270301803803,0.06575381650251241,0.06051484572027294,0.0086100798667502,0.04218626336888441,0.010063589645826583,5,140,0.08142483024222495,0.24818839644954166,False,False,False,6.9686280113964755e-06,COMPLETE
1192,0.43042730093002324,2025-04-22 23:29:01.913832,2025-04-22 23:29:29.767627,0 days 00:00:27.853795,0.784924821635093,0.20416046377746933,16,0.20468720820573916,0.06958618507658164,0.0979287167719313,0.05467300853037081,0.006499023663973752,0.044463139697360946,0.018601585072648658,26,144,0.07621931514513369,0.2597259371450528,False,False,False,0.00014942669449900909,COMPLETE
1193,0.4309330701828003,2025-04-22 23:29:30.160361,2025-04-22 23:29:47.188960,0 days 00:00:17.028599,0.726051731812842,0.2269506409534261,16,0.19999670040054557,0.2836351955715422,0.09508977572346533,0.05684308190967964,0.010950146980405596,0.03905125485378498,0.029973952687252975,6,148,0.07967050534621661,0.24771129341681086,False,False,False,4.531649168738339e-05,COMPLETE
1194,0.3912223815917969,2025-04-22 23:29:47.572515,2025-04-22 23:30:04.964410,0 days 00:00:17.391895,0.8122736911774374,0.27662320182950245,16,0.17506682692078573,0.049291901352195855,0.0999532575745561,0.062290695634338,0.003812022722609271,0.03764428885290715,0.014414230017212749,7,136,0.0837999081630583,0.2532734206535219,False,False,False,2.236053158223535e-06,COMPLETE
1195,0.43523975610733034,2025-04-22 23:30:05.347693,2025-04-22 23:30:21.833303,0 days 00:00:16.485610,0.7540935055656546,0.1458852100163337,16,0.2043035371793683,0.06350967170458359,0.09090175198491232,0.05057644664294085,0.0076279887199016926,0.04210868014232004,0.012057228718935916,5,139,0.08302673417199607,0.24630909740358914,False,False,False,4.2533989902079285e-06,COMPLETE
1196,0.33104106187820437,2025-04-22 23:30:22.220416,2025-04-22 23:30:38.038765,0 days 00:00:15.818349,0.8617710831048258,0.5914211073614491,16,0.19875479752786313,0.07622711000554988,0.05244224846647976,0.05826376293582456,0.005107102983657295,0.04028124842568344,0.01701642904765674,7,150,0.07952536464511643,0.25609904423141966,False,True,False,2.801479207252081e-06,COMPLETE
1197,0.4324182748794556,2025-04-22 23:30:38.422765,2025-04-22 23:30:55.482225,0 days 00:00:17.059460,0.6090450895428415,0.2516154023577086,16,0.18953153494633435,0.168704452179352,0.09341761120068896,0.05937295180031555,0.009528844006398186,0.044263147194139936,0.0029715961858817596,6,133,0.08204833255659467,0.26979492847387326,False,False,False,5.3605124857943314e-06,COMPLETE
1198,0.3977481484413147,2025-04-22 23:30:55.867480,2025-04-22 23:31:12.317922,0 days 00:00:16.450442,0.7782767989514577,0.8639775660901429,16,0.19764019252867815,0.05656401515428014,0.09669034753905897,0.05601674157773111,0.00322539975280162,0.048800662512435165,0.0038015437486470824,5,143,0.07494457154342062,0.24451384110231197,False,False,False,3.5809952536440747e-06,COMPLETE
1199,0.4356724739074707,2025-04-22 23:31:12.705057,2025-04-22 23:31:33.044886,0 days 00:00:20.339829,0.6395384632423943,0.20871789646299346,16,0.18238114658201793,0.06925903455449924,0.09815754353016862,0.062213972646628965,0.006085042600456083,0.04111340103830338,0.023796287382650425,6,141,0.0843822285013766,0.2808857056417073,True,False,False,1.9296014224667507e-06,COMPLETE
1200,0.4329581379890442,2025-04-22 23:31:33.428969,2025-04-22 23:31:51.510900,0 days 00:00:18.081931,0.839623533219985,0.19116154558816878,16,0.2068322210308722,0.08223063206941893,0.09522066894167334,0.05311592354952789,0.011458546867698777,0.03752403138999838,0.010594895992424767,8,137,0.07714013272574653,0.2509188085656134,False,False,False,7.048638754389733e-06,COMPLETE
1201,0.39064966440200805,2025-04-22 23:31:51.893847,2025-04-22 23:32:08.408234,0 days 00:00:16.514387,0.7367773778703044,0.22743910621140728,16,0.21562107462115554,0.06443014434384915,0.0889418809250782,0.06044303811410738,0.014187049716220503,0.04528767101864262,0.014349344232475499,5,146,0.09991437678227535,0.24408158959820198,False,False,False,4.4528576614899e-06,COMPLETE
1202,0.4042423725128174,2025-04-22 23:32:08.795379,2025-04-22 23:32:28.583535,0 days 00:00:19.788156,0.8222392513618708,0.2886374294351102,8,0.2009138759009928,0.07278433030970402,0.09826945957020009,0.057710739134091346,0.007752248189700129,0.04272961667500731,0.008656959245408826,6,143,0.08096965903818629,0.26228079645348923,False,False,False,1.4238250938876462e-06,COMPLETE
1203,0.4001561403274536,2025-04-22 23:32:28.969382,2025-04-22 23:32:46.286192,0 days 00:00:17.316810,0.7656391498014062,0.25783252956496727,16,0.19053379201284426,0.05859879388300793,0.09217071519219694,0.05530084037645803,0.0027774461466808765,0.03919301311610285,0.02109395502653096,7,139,0.07887259325587595,0.24605286026744017,False,False,False,5.628659602927719e-06,COMPLETE
1204,0.41405968666076665,2025-04-22 23:32:46.675418,2025-04-22 23:33:02.921587,0 days 00:00:16.246169,0.5829562753911861,0.24044539451445648,16,0.17867609832199827,0.07767793616420526,0.09492563569352407,0.059933178358657246,0.005099015642194315,0.03661511862557871,0.012400820937753508,5,133,0.08563930151317674,0.2536900552243952,False,False,False,2.703139539161527e-06,COMPLETE
1205,0.41324180364608765,2025-04-22 23:33:03.311361,2025-04-22 23:33:19.161906,0 days 00:00:15.850545,0.7990146306420681,0.17760438470993123,16,0.19518829861892886,0.06752142405737807,0.09698578020671116,0.06190275040577284,0.009003147691695672,0.040811149642184776,0.016993785474012896,6,19,0.08272649332049442,0.24300272473280296,False,False,False,3.856856843820663e-06,COMPLETE
1206,0.4089266300201416,2025-04-22 23:33:19.549789,2025-04-22 23:33:36.920975,0 days 00:00:17.371186,0.7527577754304529,0.21240207703896347,16,0.21236733953811915,0.05262485321469535,0.09997872770903751,0.05751260871130812,0.006917235358676143,0.047205839488754564,0.01467822106172137,7,130,0.08091922782898629,0.24685571530499176,False,False,False,8.030657511995272e-06,COMPLETE
1207,0.40787404775619507,2025-04-22 23:33:37.306298,2025-04-22 23:33:54.289595,0 days 00:00:16.983297,0.7262364929826084,0.27801386314447624,16,0.18729463191547688,0.07325733435369985,0.09332621580308559,0.05371786383151693,0.004566747976664566,0.044479733684238874,0.01888564245858701,6,141,0.09058123192536394,0.2597231176607732,False,False,False,3.2346395725328586e-06,COMPLETE
1208,0.48109433650970457,2025-04-22 23:33:54.679181,2025-04-22 23:34:11.139018,0 days 00:00:16.459837,0.7795709577699748,0.24050847018709245,16,0.20427522988016403,0.06196365140005072,0.09586448567504662,0.05907444545011258,0.0028487617788179585,0.04272870335368857,0.010716544497605673,5,136,0.0776189005955832,0.2669536073077864,False,False,False,2.3783483605805333e-06,COMPLETE
1209,0.31141186952590943,2025-04-22 23:34:11.527572,2025-04-22 23:34:27.942508,0 days 00:00:16.414936,0.8704153595324681,0.22355110762931146,16,0.2070414647672963,0.0843282492040995,0.09778415642675858,0.05673924084208864,0.009629551049923165,0.03827588447156783,0.012876885061293133,8,145,0.08720085644578283,0.276538979478998,False,False,True,4.941957231241351e-06,COMPLETE
1210,0.407003915309906,2025-04-22 23:34:28.328872,2025-04-22 23:34:45.789693,0 days 00:00:17.460821,0.5368675439505657,0.19691613110973052,16,0.13259160739393427,0.06704748779619614,0.09115725360010034,0.06238842675391809,0.0062236409791915645,0.040098919570562136,0.009008034100226712,7,139,0.09573508272547626,0.25014261341088384,False,False,False,6.390992145006162e-06,COMPLETE
1211,0.3823321580886841,2025-04-22 23:34:46.176490,2025-04-22 23:35:03.457351,0 days 00:00:17.280861,0.8138869364228137,0.7861986276427895,16,0.22677944782366682,0.0784306813538321,0.09384667166383823,0.06058153735373719,0.007625690780923535,0.03527674820126328,0.01612671631516396,6,147,0.08460409878526999,0.23929582657882378,False,False,False,2.026369723433132e-06,COMPLETE
1212,0.4303171515464783,2025-04-22 23:35:03.845930,2025-04-22 23:35:20.289857,0 days 00:00:16.443927,0.8455158169473573,0.25745233365361014,16,0.19375328948433673,0.23083203183657663,0.09592100088060979,0.05868133877944749,0.012081461387595305,0.045902655530364614,0.019601484787343523,5,142,0.07968830039903221,0.2447680220213953,False,False,False,3.574533205025902e-06,COMPLETE
1213,0.4079873442649841,2025-04-22 23:35:20.679033,2025-04-22 23:35:37.737149,0 days 00:00:17.058116,0.50680079296781,0.21359606637189024,16,0.18817349477099402,0.0590168029045071,0.0980555801433236,0.05186192348090146,0.004418932320915802,0.042490701098736566,0.025347638656613526,6,135,0.08193754453453207,0.25433064046708137,False,False,False,8.298205750572796e-06,COMPLETE
1214,0.42765382528305057,2025-04-22 23:35:38.134099,2025-04-22 23:35:55.597275,0 days 00:00:17.463176,0.9002547653880201,0.17293430775336563,16,0.13909762561755715,0.07307608366527217,0.09528633478190743,0.05577411732876244,0.0032546685239210737,0.049669766708934165,0.012370371915016647,7,138,0.08417572563282377,0.24080373656468898,False,False,False,4.671180883038174e-06,COMPLETE
1215,0.3351218342781067,2025-04-22 23:35:55.986779,2025-04-22 23:36:10.837357,0 days 00:00:14.850578,0.7699703896414827,0.23583188938987593,16,0.19806316456801581,0.04940713281737642,0.09325729674441009,0.03484697763937221,0.0060589811546529595,0.03759907691459782,0.015208705558872075,5,144,0.07844566830772219,0.24847774410125892,False,True,False,2.6961313757748246e-06,COMPLETE
1216,0.3943978786468506,2025-04-22 23:36:11.227929,2025-04-22 23:36:28.102648,0 days 00:00:16.874719,0.7953943484444403,0.2622237732496975,16,0.2130934577557726,0.06569780623120271,0.09822872449570579,0.04598927146040914,0.00929441112208356,0.04087300413668707,0.010503041051847592,6,141,0.07542359386623712,0.25936226794819905,False,False,False,1.594813345899375e-06,COMPLETE
1217,0.4224433898925781,2025-04-22 23:36:28.490659,2025-04-22 23:36:44.952796,0 days 00:00:16.462137,0.7435768589842072,0.20076026423413856,16,0.22137780664454712,0.08047182220125161,0.0885150944062146,0.0605495992599555,0.002925363585056226,0.044290335057499804,0.01997796685064724,5,136,0.08058212044262039,0.2416449692610203,False,False,False,6.686000004169527e-06,COMPLETE
1218,0.3863222599029541,2025-04-22 23:36:45.343415,2025-04-22 23:37:02.239984,0 days 00:00:16.896569,0.7229822112023357,0.22970315678072764,16,0.19837890965377247,0.05581584629930325,0.09660996318025532,0.05455610712325197,0.007701320520722078,0.038744201483945515,0.014215489351126206,6,132,0.08629029727884635,0.24210639123032174,False,False,False,3.019671479604494e-06,COMPLETE
1219,0.43616839647293093,2025-04-22 23:37:02.629077,2025-04-22 23:37:24.109659,0 days 00:00:21.480582,0.7609994591774231,0.27789227094909935,16,0.20245413444847252,0.07107220765072819,0.0910347297142902,0.04944687436225209,0.013252432589467272,0.03571875714280905,0.017429376282520476,7,148,0.0825215546389555,0.25340887980921806,True,False,False,4.353524766999495e-06,COMPLETE
1220,0.40588239431381223,2025-04-22 23:37:24.499693,2025-04-22 23:37:41.364522,0 days 00:00:16.864829,0.8204565754735592,0.24861707408681283,16,0.19455500023408007,0.06153826486211892,0.0984795598345727,0.06292969245987554,0.005138583587931594,0.04679620955346784,0.012074323485658995,6,139,0.07815230161272321,0.23977279104530358,False,False,False,5.557536897053651e-06,COMPLETE
1221,0.422593891620636,2025-04-22 23:37:41.754403,2025-04-22 23:37:58.389768,0 days 00:00:16.635365,0.7889043274151624,0.1896021736136065,16,0.20358936770656547,0.07527637410970016,0.09487746682741156,0.05846074689310292,0.010983749269170345,0.0419490233385677,0.029844898191526133,5,143,0.08427299600303269,0.24908490518041326,False,False,False,9.53877334109342e-06,COMPLETE
1222,0.43725993633270266,2025-04-22 23:37:58.780501,2025-04-22 23:38:18.380639,0 days 00:00:19.600138,0.7487543389824923,0.1336396718320307,8,0.15582518303041387,0.08504069502621395,0.09233004086112083,0.05621845150784394,0.006692564618702687,0.03960549066457727,0.022273422181669233,6,134,0.026081100338235932,0.26561579210410785,False,False,False,2.3124257137530577e-06,COMPLETE
1223,0.4070758700370789,2025-04-22 23:38:18.770809,2025-04-22 23:38:36.473111,0 days 00:00:17.702302,0.7763031505096432,0.2125337599168507,16,0.17537527629661037,0.06739082660549915,0.09666349178649901,0.05930090627396868,0.0025597418979268227,0.01413146045030594,0.009136231521854847,7,145,0.0891457139633753,0.2726815469588102,False,False,False,3.6218974491938523e-06,COMPLETE
1224,0.4398581385612488,2025-04-22 23:38:36.865225,2025-04-22 23:38:53.764610,0 days 00:00:16.899385,0.5573328323984317,0.16419014321274786,16,0.2063213546671933,0.060799106266172145,0.09845777140610246,0.057411252183225965,0.008689052002981264,0.03670928318518399,0.015711221090142776,6,139,0.08036833495814048,0.23873427952388396,False,False,False,8.405311343191097e-06,COMPLETE
1225,0.37471222281455996,2025-04-22 23:38:54.154252,2025-04-22 23:39:09.594781,0 days 00:00:15.440529,0.7148879750950591,0.24719471091459103,16,0.19173105287314096,0.05351894818165136,0.09392457830222076,0.06153251259241432,0.005118918004268953,0.03285818213822528,0.012763442263835145,5,6,0.012227381597514936,0.24693517017690633,False,False,False,6.0797445527754445e-06,COMPLETE
1226,0.4243802070617676,2025-04-22 23:39:09.984180,2025-04-22 23:39:27.491834,0 days 00:00:17.507654,0.8517190244198729,0.22637692680471178,16,0.18091020063280158,0.07331703440463877,0.09997059966864551,0.05250160544278582,0.010217199806591318,0.043650739470295706,0.008004772786629593,7,137,0.08237027070925709,0.07929477281150646,False,False,False,2.928297735686499e-06,COMPLETE
1227,0.39109684228897096,2025-04-22 23:39:27.882955,2025-04-22 23:39:46.142114,0 days 00:00:18.259159,0.6208245688276988,0.2840657636346797,16,0.11412715998794268,0.0793654057283762,0.09607101024698954,0.06329645682060436,0.004737845812000193,0.041285356792807294,0.011052900791196751,8,150,0.07642531910177237,0.0651837778430848,False,False,False,1.7223185403484271e-06,COMPLETE
1228,0.2980513036251068,2025-04-22 23:39:46.534469,2025-04-22 23:40:01.580621,0 days 00:00:15.046152,0.799447929716519,0.2595691875019572,16,0.26172171500779634,0.12963137192210727,0.08955362262255545,0.05425425680415456,0.007400537430477687,0.03883858863649711,0.01811319830046476,5,143,0.08769327602248425,0.25575590510336804,False,False,True,4.39262551522654e-06,COMPLETE
1229,0.44274306297302246,2025-04-22 23:40:01.972182,2025-04-22 23:40:18.805217,0 days 00:00:16.833035,0.8267492280413188,0.20869093835867084,16,0.16238325188254227,0.06664056768108277,0.0948623088061532,0.060047000165824684,0.003632962507483926,0.03422106695092216,0.014872772740209539,6,140,0.07959846171753632,0.28544544327563803,False,False,False,6.967343724093318e-06,COMPLETE
1230,0.42331435680389407,2025-04-22 23:40:19.199146,2025-04-22 23:40:35.605894,0 days 00:00:16.406748,0.7339842117959928,0.18498369616871296,16,0.26620884363965097,0.07101592159641244,0.09822647787488749,0.05710662867343008,0.006267028330787266,0.044861899237482745,0.023866632523313815,5,134,0.0018259711906632933,0.23879907536196276,False,False,False,3.5414328708668566e-06,COMPLETE
1231,0.3978218913078308,2025-04-22 23:40:35.995894,2025-04-22 23:40:53.016270,0 days 00:00:17.020376,0.766564053987722,0.2329157171319852,16,0.2307339520596591,0.06174912272896227,0.0871356510939658,0.058632564096365775,0.002531655838092916,0.048116806339877624,0.019286135846658378,6,130,0.08479033885590656,0.2434966746925461,False,False,False,5.046951313896423e-06,COMPLETE
1232,0.43409755229949953,2025-04-22 23:40:53.408502,2025-04-22 23:41:10.820095,0 days 00:00:17.411593,0.7831095382852541,0.29986679185716913,16,0.21446815038768038,0.08736658592538614,0.09240531322323242,0.061186279101830554,0.008250150787002664,0.030870195708485423,0.010213641283493441,7,141,0.05021497322665358,0.26356941799809436,False,False,False,2.448034722604506e-06,COMPLETE
1233,0.37926675081253053,2025-04-22 23:41:11.209098,2025-04-22 23:41:27.744807,0 days 00:00:16.535709,0.5960004840326519,0.26182600577948134,16,0.18256354563850816,0.08046509998299577,0.09673335483824425,0.0558392706509043,0.011148140523823085,0.03668558901100734,0.01340053802763309,5,146,0.07395296994668499,0.12885531181886672,False,False,False,1.0140471388679162e-05,COMPLETE
1234,0.3679125905036926,2025-04-22 23:41:28.157101,2025-04-22 23:41:45.140881,0 days 00:00:16.983780,0.4930902842096749,0.5588809234635311,16,0.26042796584457717,0.048453806867190946,0.09987444139256918,0.05888093815611392,0.004883264033278605,0.0427878158290801,0.017779925145644693,6,138,0.08255954793444213,0.23766760009398305,False,False,False,2.0545652433056264e-06,COMPLETE
1235,0.33547047376632694,2025-04-22 23:41:45.535918,2025-04-22 23:42:00.019930,0 days 00:00:14.484012,0.7477328232779263,0.21919430017419206,16,0.19606975828086673,0.06581982831789486,0.09376777007265888,0.05368306535859618,0.013754972094093262,0.040936168537284046,0.006740575483107047,6,50,0.08116651126804979,0.2509489807015429,False,True,False,4.061653661074924e-06,COMPLETE
1236,0.42500004768371585,2025-04-22 23:42:00.417719,2025-04-22 23:42:17.883708,0 days 00:00:17.465989,0.8116800979605651,0.2377277163771191,16,0.1470302748102406,0.05581579409966511,0.09671034930414925,0.050895196812128916,0.008786326667418631,0.0336907410750205,0.014857490521930717,7,142,0.07843399852874386,0.2456464025689159,False,False,False,7.418716760344866e-06,COMPLETE
1237,0.434251081943512,2025-04-22 23:42:18.277128,2025-04-22 23:42:53.313659,0 days 00:00:35.036531,0.8805264793548313,0.19444399772643098,16,0.26975886934049753,0.07566961281042382,0.09520715389531119,0.06273277073954224,0.0024645334629190374,0.03824542365398783,0.011779114218523826,23,136,0.08541672641345063,0.26020704830242136,True,False,False,3.070485804401042e-06,COMPLETE
1238,0.43109743595123295,2025-04-22 23:42:53.709242,2025-04-22 23:43:10.158964,0 days 00:00:16.449722,0.7176608796877761,0.24523838941571433,16,0.20827577187912663,0.2198701941533105,0.09826221156781353,0.057036286894949786,0.006721285948365898,0.046275565338912056,0.028896648637077478,5,147,0.08322307043938999,0.23680468422488407,False,False,False,5.886352567082035e-06,COMPLETE
1239,0.38734324574470524,2025-04-22 23:43:10.556788,2025-04-22 23:43:27.527236,0 days 00:00:16.970448,0.7625074902261185,0.041551217643842064,16,0.2724813466671487,0.07014346196198362,0.09133732013682934,0.06079209287133128,0.004240377742129701,0.03504408935918338,0.02315743679433279,6,144,0.08025985229038318,0.244447613385345,False,False,False,9.984495031573474e-06,COMPLETE
1240,0.36434474587440496,2025-04-22 23:43:27.925714,2025-04-22 23:43:45.477076,0 days 00:00:17.551362,0.8349942281660945,0.2783141642955371,16,0.26739039750470395,0.06013810182510101,0.09320467296857939,0.055303757411722665,0.006131228850510387,0.040022553602272554,0.016556698435617148,7,140,0.0046195713152903176,0.23615854916928913,False,False,False,4.879145452555839e-06,COMPLETE
1241,0.37815721035003663,2025-04-22 23:43:45.875479,2025-04-22 23:44:02.215969,0 days 00:00:16.340490,0.7863955185474502,0.16058900092467257,16,0.18567608280931136,0.11202767652657648,0.09707436066023084,0.05889002688281207,0.0010457989217058875,0.029920056889946492,0.009776123472028303,5,133,0.07633355451051792,0.03963470757852945,False,False,False,3.266215090699575e-06,COMPLETE
1242,0.4043698310852051,2025-04-22 23:44:02.614395,2025-04-22 23:44:19.532247,0 days 00:00:16.917852,0.923484606324466,0.7067241641414104,16,0.2773787002152635,0.07694394720982534,0.0950291929606295,0.06297759096655545,0.010134985399209373,0.04377909231208431,0.013017354426972121,6,137,0.08571088864799607,0.2531730720704776,False,False,False,7.69917561659657e-06,COMPLETE
1243,0.39357737302780155,2025-04-22 23:44:19.932462,2025-04-22 23:44:39.569353,0 days 00:00:19.636891,0.7447488287584331,0.21764793882164,8,0.2734225129233008,0.06914506631170383,0.09996987176059065,0.06063353338487851,0.007509115657368246,0.03727186766147785,0.020905981716787515,6,142,0.0815230219606903,0.031537689568373176,False,False,False,2.3548138631793523e-06,COMPLETE
1244,0.4222696304321289,2025-04-22 23:44:39.968167,2025-04-22 23:44:56.460166,0 days 00:00:16.491999,0.8025963480523389,0.20259090616133332,16,0.2602556249529512,0.08361863898930431,0.09994149131931784,0.05748999281395294,0.005095946646671805,0.042044951994731114,0.01595151708954267,5,145,0.07835313663911048,0.24186832441132003,False,False,False,4.095532170586944e-06,COMPLETE
1245,0.39153600931167604,2025-04-22 23:44:56.858050,2025-04-22 23:45:15.001835,0 days 00:00:18.143785,0.6420822366527928,0.25664237502279047,16,0.16850422753205893,0.06458492315619452,0.09693829198749662,0.053912082531528724,0.003061200637093331,0.03161656919304688,0.008270602225795199,8,139,0.0871938889353766,0.2502849458271319,False,False,False,5.930425493387007e-06,COMPLETE
