number,value,datetime_start,datetime_complete,duration,params_alpha-eval,params_alpha-train,params_batch-size,params_eps-eval,params_eps-train,params_lambda-actions-eval,params_lambda-actions-train,params_lambda-frames-eval,params_lambda-frames-train,params_learning-rate,params_n-epochs,params_n-frames,params_radius-gw,params_rho,params_std-feats,params_ub-actions,params_ub-frames,params_weight-decay,state
397,0.31212502121925356,2025-04-02 01:17:24.390336,2025-04-02 01:18:53.446482,0 days 00:01:29.056146,0.8450859212567212,0.33392887368278457,2,0.21301717989341154,0.22127993664291426,0.02841718053001617,0.04816972308516605,0.0032376666132556994,0.02367508788835622,0.005673476890475562,26,105,0.024972072641113483,0.15516371141968344,True,False,True,0.0007203766743133195,COMPLETE
398,0.4426289081573486,2025-04-02 01:18:53.569961,2025-04-02 01:20:23.329928,0 days 00:01:29.759967,0.8720416009819117,0.31006316841652476,2,0.20378900781913212,0.21408582096324003,0.024841626147022816,0.016691280137045513,0.0011401331029115363,0.028218369151586476,0.001368779904315974,22,99,0.022723747255653848,0.1394205884617426,True,False,False,0.00034614787701615956,COMPLETE
399,0.4389542579650879,2025-04-02 01:20:23.465659,2025-04-02 01:21:59.719045,0 days 00:01:36.253386,0.8110770858625226,0.2783283393394003,2,0.2257411933085617,0.24264595171148917,0.021051014873457872,0.05269479870284507,0.005230031499064628,0.0884539767892257,0.002369260490559692,24,96,0.0174657765489383,0.11558475113598092,True,False,False,0.00023057995307203152,COMPLETE
400,0.44294643402099615,2025-04-02 01:21:59.843590,2025-04-02 01:23:40.151561,0 days 00:01:40.307971,0.7822120873760401,0.26124732106455834,2,0.21835718502897467,0.23077081108172381,0.029837702485992983,0.05428108633957351,0.006639100052906546,0.0229411151687359,0.0018546671311285932,25,103,0.01506472164202345,0.20024422034477624,True,False,False,0.0004925539045156836,COMPLETE
401,0.4445130586624146,2025-04-02 01:23:40.277216,2025-04-02 01:25:13.615631,0 days 00:01:33.338415,0.832758560972743,0.2367218462024233,2,0.20951168411518217,0.20994100971498458,0.07863892370900227,0.055337842569144306,0.009636035499930844,0.0307071234879887,0.003251368335296231,23,91,0.05484464333051987,0.11861751137002365,True,False,False,0.0002799196263280782,COMPLETE
402,0.4398452877998352,2025-04-02 01:25:13.752901,2025-04-02 01:26:58.327625,0 days 00:01:44.574724,0.9058335818894033,0.49283573002553827,2,0.2302450143558979,0.2251736151065129,0.031419140724102845,0.050292517763152834,0.003932412434105959,0.025800893456146022,0.0018599371643659777,26,150,0.018939350224012774,0.1313985212099284,True,False,False,0.000931316770549103,COMPLETE
403,0.43219923973083496,2025-04-02 01:26:58.454880,2025-04-02 01:28:37.543247,0 days 00:01:39.088367,0.8738577966820189,0.0406802099160719,2,0.22290462121097832,0.21771092181872329,0.025393069288549418,0.05202157095846544,0.001234850113780148,0.021138595701767952,0.0025776906001421097,25,94,0.021213324018483953,0.10411556782537153,True,False,False,0.0005422841663572215,COMPLETE
404,0.2804898262023926,2025-04-02 01:28:37.669630,2025-04-02 01:30:06.402300,0 days 00:01:28.732670,0.7928666754737578,0.2947561827736052,2,0.20181421894542334,0.23736323600831932,0.02772910360409278,0.05689900316453019,0.00687631818471557,0.027711400607025864,0.004097452280618697,26,100,0.01617137611371416,0.12610128128039375,True,True,False,0.00036642149623861717,COMPLETE
405,0.44255385398864744,2025-04-02 01:30:06.528625,2025-04-02 01:31:42.600984,0 days 00:01:36.072359,0.8521284120085832,0.3253895502077148,2,0.2112588012170673,0.19777407771439398,0.032317652076755715,0.055018100642123535,0.011939931880150679,0.024756360271028725,0.0012128391625219972,24,98,0.011097613549169699,0.11221446262946846,True,False,False,0.0004468999212086238,COMPLETE
406,0.4450396895408631,2025-04-02 01:31:42.738104,2025-04-02 01:33:21.504589,0 days 00:01:38.766485,0.762259700815264,0.28033360678996744,2,0.20616399485573234,0.23443928661388547,0.029481047279313638,0.04725994282381759,0.08633433711891819,0.01824133883887329,0.003349536622523478,25,89,0.02381774005814148,0.10363058213969004,True,False,False,0.00030371624104552386,COMPLETE
407,0.44097231626510625,2025-04-02 01:33:21.631774,2025-04-02 01:35:01.138076,0 days 00:01:39.506302,0.7582731947565235,0.3070718626097095,2,0.20052260540204503,0.233698204335345,0.02908404050046444,0.04820004273549281,0.09015615052312331,0.01786014641180901,0.0031414704246674552,25,87,0.025412833248645583,0.11007572637575586,True,False,False,0.00023062179205532243,COMPLETE
408,0.4403224706649781,2025-04-02 01:35:01.266799,2025-04-02 01:36:40.824732,0 days 00:01:39.557933,0.8835434809849222,0.2560648072052413,2,0.17032801136457182,0.24430551922931396,0.030765992153524414,0.04605321639325549,0.08839249985164307,0.022187200465636728,0.00511378874193101,25,89,0.019595397998216184,0.09336471513868057,True,False,False,0.0002951938982001103,COMPLETE
409,0.44324880838394165,2025-04-02 01:36:40.962855,2025-04-02 01:38:23.180599,0 days 00:01:42.217744,0.9152858948383485,0.22290515721382523,2,0.1915845526832869,0.20409772504399581,0.032075852531254175,0.04919552519465772,0.08591335796740719,0.018614188973028085,0.003848970815702534,26,88,0.024819786375404145,0.10111027976199007,True,False,False,0.00019811454423453395,COMPLETE
410,0.44380533695220953,2025-04-02 01:38:23.306878,2025-04-02 01:40:03.395890,0 days 00:01:40.089012,0.7703366861155823,0.28468949925763715,2,0.20763606834050619,0.22074676002971647,0.03356988156943382,0.009044004460144209,0.0870045887345962,0.019809882667719658,0.004275450015685042,25,92,0.023446650717952912,0.10224679468077391,True,False,False,0.00031326187588705907,COMPLETE
411,0.44277204275131227,2025-04-02 01:40:03.523722,2025-04-02 01:41:43.070060,0 days 00:01:39.546338,0.833828793398138,0.3293327278922018,2,0.21642684727838604,0.23802475201671192,0.02822761586863802,0.047623379231785126,0.008110882997384722,0.017650371350631085,0.07234925591927084,25,91,0.018225913523797672,0.10572046698419259,True,False,False,0.0003605592647272741,COMPLETE
412,0.44115127325057985,2025-04-02 01:41:43.211855,2025-04-02 01:43:25.957667,0 days 00:01:42.745812,0.8872274986213718,0.30433237053752077,2,0.19539888420062906,0.21437306933140643,0.02951212151693703,0.05782709568335552,0.09296079213009428,0.025048821177339486,0.04237305073684235,26,94,0.026424736429600224,0.11649548209222202,True,False,False,0.0002634538274783554,COMPLETE
413,0.4446871876716614,2025-04-02 01:43:26.085387,2025-04-02 01:45:05.218902,0 days 00:01:39.133515,0.8601811894079157,0.24355762611141693,2,0.23250447630605758,0.17698444226761645,0.03324067777766966,0.04680442332172779,0.005304078465247565,0.022010171230225126,0.057770842882821034,25,88,0.021206893335619148,0.13608925450378315,True,False,False,0.0003727016540470018,COMPLETE
414,0.4340853333473206,2025-04-02 01:45:05.348616,2025-04-02 01:46:41.597564,0 days 00:01:36.248948,0.817036542886236,0.26881281498211046,2,0.20245461687335814,0.24615016678269186,0.027146762103108058,0.051585964859610256,0.009665887012582584,0.02372687142135544,0.030806702333498536,24,95,0.09513835869140977,0.10952306057336676,True,False,False,0.00023397155351018598,COMPLETE
415,0.4417048573493958,2025-04-02 01:46:41.738989,2025-04-02 01:48:25.375877,0 days 00:01:43.636888,0.8493735222578597,0.292744055388777,2,0.14653531506374756,0.23379410957482522,0.031015085010864044,0.005755331466195024,0.005237454386169414,0.02721225109228161,0.0034120001539518956,26,90,0.015967292857605956,0.18697691649489487,True,False,False,0.00017534723312913157,COMPLETE
416,0.4361091375350952,2025-04-02 01:48:25.506426,2025-04-02 01:50:01.327034,0 days 00:01:35.820608,0.7543473371815619,0.3402970122716558,2,0.22227435655405947,0.19175716505170054,0.03020699422805891,0.012861289812527408,0.09669010258212954,0.02068700575909623,0.03968506801530647,24,93,0.0289099177296958,0.09098635721724212,True,False,False,0.00026569765391714506,COMPLETE
417,0.43612045049667364,2025-04-02 01:50:01.458108,2025-04-02 01:51:40.439216,0 days 00:01:38.981108,0.917340736514238,0.22522971695089417,2,0.20596721658245434,0.22305215975292633,0.03409662731796089,0.055859454410452446,0.007482313475318669,0.01642289022679857,0.002159924449752407,25,86,0.049673513196307,0.10453657148527692,True,False,False,0.00018919366961691881,COMPLETE
418,0.2829635798931122,2025-04-02 01:51:40.582364,2025-04-02 01:53:08.764598,0 days 00:01:28.182234,0.8970649931534397,0.2685759744657411,2,0.17977972040255735,0.13500693240241773,0.022416527507480605,0.07091197997356224,0.003076892333557236,0.026198001172980805,6.968689365795972e-05,26,97,0.022972528943620132,0.2201261911917739,True,False,True,0.00041437081760130134,COMPLETE
419,0.4337451219558716,2025-04-02 01:53:08.895108,2025-04-02 01:54:46.395095,0 days 00:01:37.499987,0.8750876499966006,0.31554910930202784,2,0.1890359770052926,0.20816701757248107,0.026855066473196774,0.049639819588584405,0.08485117531791958,0.028453977349715814,0.001620866238451247,24,96,0.08637538921772461,0.11803345023801239,True,False,False,0.0003188659098492964,COMPLETE
420,0.4463712811470032,2025-04-02 01:54:46.526892,2025-04-02 01:56:26.371106,0 days 00:01:39.844214,0.8362949965922594,0.28603889755878503,2,0.12479107473193835,0.19940946047795272,0.03305966655123247,0.054459101104910417,0.021072001709920005,0.024409753999210974,0.03220830536792646,25,92,0.020134408874416518,0.17037457005386364,True,False,False,0.0001994400408651874,COMPLETE
421,0.43733109235763556,2025-04-02 01:56:26.515199,2025-04-02 01:58:10.587485,0 days 00:01:44.072286,0.8335442830752261,0.2513380370909196,2,0.09852440785040503,0.196375060016529,0.03517339700967439,0.05404757779225667,0.020077949556174365,0.024387995775817815,0.03250515948119694,26,97,0.0175416058304971,0.17497939346481467,True,False,False,0.0001652084858189009,COMPLETE
422,0.4403252243995667,2025-04-02 01:58:10.719059,2025-04-02 01:59:47.713935,0 days 00:01:36.994876,0.8488804434236935,0.30317034873296966,2,0.12232058928491034,0.200982260341687,0.03404758631998748,0.0584585781724552,0.022711149964678122,0.022936802556904813,0.044347939280630785,24,102,0.014199950927931927,0.2046023785153489,True,False,False,0.00021378064126124718,COMPLETE
423,0.2804898262023926,2025-04-02 01:59:47.846141,2025-04-02 02:01:13.576514,0 days 00:01:25.730373,0.8209660060114089,0.24235428327045483,2,0.12012980540706256,0.2065991861701971,0.03257409188754074,0.053864837516800934,0.010890205829719762,0.026864805747383595,0.03489973789277901,25,93,0.01987952868616655,0.1687916826334116,True,True,False,0.00011893559545935997,COMPLETE
424,0.4320613622665405,2025-04-02 02:01:13.721524,2025-04-02 02:02:52.480261,0 days 00:01:38.758737,0.8637325795318695,0.07229698731126469,2,0.21653102097283192,0.19931919411136365,0.03165141669890746,0.0032294838537413363,0.015901230217025362,0.02955473294042158,0.0004118664568064816,25,48,0.007179172258524167,0.13024962822351496,True,False,False,0.00016699555210189938,COMPLETE
425,0.4378736257553101,2025-04-02 02:02:52.613248,2025-04-02 02:04:36.113214,0 days 00:01:43.499966,0.9329578844158134,0.2851765543259699,2,0.11183245327868699,0.2111427785959623,0.024101392541416335,0.05665186431002326,0.005063955419212398,0.02467184838596606,0.03049124348041763,26,106,0.01196124363955663,0.14191647931410067,True,False,False,9.381879287840786e-05,COMPLETE
426,0.44215670824050907,2025-04-02 02:04:36.246802,2025-04-02 02:06:12.173653,0 days 00:01:35.926851,0.8799822975883251,0.31796712628930335,2,0.12667048790913202,0.1921639728224032,0.035321306147340026,0.018769308266798075,0.012178940357262798,0.02681978821438726,0.03867773349927621,24,99,0.018220588441506952,0.12812238240614396,True,False,False,0.00021754696783427544,COMPLETE
427,0.44168924093246464,2025-04-02 02:06:12.312497,2025-04-02 02:06:40.718565,0 days 00:00:28.406068,0.8418249133792189,0.2156280546677231,16,0.1314744164557008,0.14873452847451246,0.03252651607791186,0.05165274875316223,0.0012534153513439064,0.03172555401819342,0.04835875816768233,25,95,0.02076857252630091,0.12002468442900292,True,False,False,0.0006558520551173088,COMPLETE
428,0.4405315041542054,2025-04-02 02:06:40.861718,2025-04-02 02:08:37.297563,0 days 00:01:56.435845,0.8064419272214771,0.2585577930552548,2,0.2299469109395969,0.18415205971490353,0.027574717148684064,0.055215608398549235,0.02575364959158791,0.022163472777017107,0.06183232804280261,30,103,0.015853144699040346,0.14865670044028578,True,False,False,0.00010811072323479572,COMPLETE
429,0.423123049736023,2025-04-02 02:08:37.431764,2025-04-02 02:10:20.736407,0 days 00:01:43.304643,0.8971924801068252,0.3444254135608979,2,0.22295069031236203,0.21670679055755132,0.030272257521385803,0.05797303195336927,0.008394714384249453,0.029260270600276455,0.028128297725167208,26,92,0.009814272464459253,0.11383929553443531,True,False,False,0.00015417349109201375,COMPLETE
430,0.43535842895507815,2025-04-02 02:10:20.870391,2025-04-02 02:11:57.313737,0 days 00:01:36.443346,0.8610652414961814,0.2922443312919924,2,0.21233888377621998,0.20294726526356235,0.035480281269417484,0.05294084714816953,0.003482124767152946,0.024278297861480534,0.03937472568003463,24,97,0.01833432013230866,0.1225900688882903,True,False,False,0.0004369538606334401,COMPLETE
431,0.4476309061050415,2025-04-02 02:11:57.457578,2025-04-02 02:13:40.678310,0 days 00:01:43.220732,0.9632760581758035,0.26947890478801706,2,0.1545664904759602,0.21082475276047366,0.025480390477858227,0.050559055930871025,0.006499892329190749,0.02586743529433769,0.027628778315782334,26,100,0.020598127482256548,0.13531834820226274,True,False,False,0.00021729722104702666,COMPLETE
432,0.44253594875335694,2025-04-02 02:13:40.813582,2025-04-02 02:15:23.278946,0 days 00:01:42.465364,0.9677011168521413,0.26593242699621134,2,0.15279026508329252,0.2058515510776125,0.02489756282338998,0.05129768413482879,0.01788805848712548,0.025278949022091955,0.032921770201127874,26,100,0.02048059091298609,0.1910022280745471,True,False,False,0.00020685534864560854,COMPLETE
433,0.4454319834709168,2025-04-02 02:15:23.413796,2025-04-02 02:17:07.276460,0 days 00:01:43.862664,0.9575049791696708,0.24046475450226854,2,0.13263789147441354,0.18953887484762422,0.022189316830687467,0.05035901298495422,0.00667499890512366,0.026319586512978815,0.0009463751239160141,26,102,0.016576361537642456,0.24885158063548216,True,False,False,0.00026461540769415193,COMPLETE
434,0.4438024520874024,2025-04-02 02:17:07.422857,2025-04-02 02:18:50.841957,0 days 00:01:43.419100,0.9657483302983572,0.3042680075127634,2,0.15629328732173003,0.19465847355804727,0.019914040874607686,0.049595492879397955,0.006885666366284486,0.02662494351331634,0.0006106350276075183,26,106,0.014025891051448785,0.13556452088571327,True,False,False,0.0002691562523973246,COMPLETE
435,0.4384519338607788,2025-04-02 02:18:50.978723,2025-04-02 02:20:34.936451,0 days 00:01:43.957728,0.996483275150837,0.27359836928593606,2,0.1328229131824613,0.18610750081323996,0.021938362708436885,0.050240490031975525,0.009533679778373482,0.023098802408670897,0.0010121948511431036,26,104,0.018728382554322954,0.13918506890602023,True,False,False,0.0002465387070567527,COMPLETE
436,0.4434039950370789,2025-04-02 02:20:35.073503,2025-04-02 02:22:15.755288,0 days 00:01:40.681785,0.9562574716225615,0.2342183064053841,2,0.13325864622482267,0.18673669426768152,0.01901707478089491,0.052114244094794836,0.005817742342771747,0.02098303564855737,0.0009306796821842888,25,103,0.017020978642117674,0.1637579131244983,True,False,False,0.000342156584634024,COMPLETE
437,0.2952879309654236,2025-04-02 02:22:15.901504,2025-04-02 02:23:44.233270,0 days 00:01:28.331766,0.9413694059004286,0.21824545602983547,2,0.136570794888961,0.16811353076410884,0.02311287247292217,0.053631326234999166,0.013395577112523836,0.027383764720707072,0.0009869035083981115,26,101,0.01559136716486999,0.2479430390703931,True,False,True,0.00019164730986200658,COMPLETE
438,0.4402966022491456,2025-04-02 02:23:44.370377,2025-04-02 02:25:25.945857,0 days 00:01:41.575480,0.9766793171976311,0.2420257192544135,2,0.1266751920872446,0.1788405098977156,0.025549576765185683,0.04950628425491097,0.008421892377384551,0.025428464789163854,0.0008209258305330545,26,61,0.021767887368445215,0.1576636996016374,True,False,False,0.00029239192073229675,COMPLETE
439,0.44109817743301394,2025-04-02 02:25:26.082359,2025-04-02 02:27:06.382401,0 days 00:01:40.300042,0.945205561255827,0.8476092848878561,2,0.1458739319806869,0.21138862408396436,0.022098697370970435,0.050812114337691866,0.004347947203866635,0.02857536110797626,0.04871238312566793,25,99,0.016661813462352452,0.23420302411787985,True,False,False,0.00015364093329119793,COMPLETE
440,0.44356064796447753,2025-04-02 02:27:06.531181,2025-04-02 02:28:45.437865,0 days 00:01:38.906684,0.9579407435188464,0.323894075279136,2,0.11639812236398644,0.18913363442365116,0.02679950073125123,0.054105108510921394,0.006492548235253327,0.02265423790242269,0.0014056028934388777,25,106,0.01979684012184394,0.25225501323902255,True,False,False,0.0002135657113105131,COMPLETE
441,0.442084801197052,2025-04-02 02:28:45.575779,2025-04-02 02:30:29.718776,0 days 00:01:44.142997,0.932585303066931,0.28565886688589504,2,0.1333084392627462,0.20007444640067915,0.023784445116919718,0.05582133376720132,0.003109390034935193,0.025549035507012735,0.0011213549628192225,26,102,0.022359393454250205,0.2719855170071248,True,False,False,0.0003705990522346151,COMPLETE
442,0.4238405346870423,2025-04-02 02:30:29.855327,2025-04-02 02:32:11.280230,0 days 00:01:41.424903,0.8215537535424565,0.25813886657147755,2,0.1444683236252483,0.21571313744116224,0.02741278402024741,0.045763365258394764,0.005514187478750737,0.027683192130484858,0.07990272898787704,26,65,0.01312979861410595,0.14688001893154254,True,False,False,0.00026112177190694695,COMPLETE
443,0.44167613983154297,2025-04-02 02:32:11.428802,2025-04-02 02:33:52.346194,0 days 00:01:40.917392,0.9268662275815438,0.3056445139288592,2,0.12635479129769842,0.20618760274349235,0.01104394113702141,0.05177040412828806,0.010007699889745725,0.023928182280073942,0.0007362437863149479,25,97,0.019636923677609993,0.1298153288023182,True,False,False,0.0004976454143477343,COMPLETE
444,0.4302866816520691,2025-04-02 02:33:52.485650,2025-04-02 02:35:38.728263,0 days 00:01:46.242613,0.7970971170652484,0.2776981576294106,2,0.14114463040570227,0.21987788785048737,0.01535168313934146,0.047903168376881425,0.007985516786029524,0.019880169004143387,0.000561846367287424,27,100,0.02649363764733523,0.1755283222712137,True,False,False,0.00019307836725908974,COMPLETE
445,0.2804898262023926,2025-04-02 02:35:38.881406,2025-04-02 02:37:04.698894,0 days 00:01:25.817488,0.9769743043961026,0.23660425608367616,2,0.17086536820203083,0.19492883222627713,0.028865958438022848,0.05301799313951267,0.0027730443641519847,0.02592542218927232,0.03504304700924326,25,95,0.017059080166235484,0.12512678737635197,True,True,False,0.0002999157902434643,COMPLETE
446,0.43553296327590946,2025-04-02 02:37:04.839250,2025-04-02 02:38:45.016449,0 days 00:01:40.177199,0.8323181703397593,0.25903410865355675,2,0.16394875016653698,0.21246767398832742,0.020623042389857182,0.07671126422149599,0.004223029301457807,0.02962945204365077,0.027785376891533597,25,98,0.09967437725814524,0.2973683493069939,True,False,False,0.0003998077855224253,COMPLETE
447,0.4390207529067993,2025-04-02 02:38:45.156201,2025-04-02 02:40:29.210049,0 days 00:01:44.053848,0.8513827135251582,0.32792075653371117,2,0.13575174176894295,0.22819674656315564,0.0249696721873931,0.054937499848257215,0.0010050562153076908,0.023019806743302805,0.05508224161476781,26,103,0.02923247261794363,0.2181978901239453,True,False,False,0.0001521926346122811,COMPLETE
448,0.4383718848228455,2025-04-02 02:40:29.364608,2025-04-02 02:40:58.977331,0 days 00:00:29.612723,0.9121470180286202,0.29486920185404025,16,0.15857463670784414,0.20142833109859065,0.02865360295303841,0.04967977402671948,0.007005429835882637,0.027383292831708775,0.036287334855644025,27,94,0.014674977912863374,0.24125763471089337,True,False,False,0.00023324685707682119,COMPLETE
449,0.4515020251274109,2025-04-02 02:40:59.119892,2025-04-02 02:42:42.470111,0 days 00:01:43.350219,0.8155577120291676,0.2084015607796231,2,0.1211106452300149,0.22068987195146192,0.030724637444286863,0.04376271472606476,0.004772490568010542,0.06998143785515545,0.043956202359530024,26,101,0.022681884560522586,0.1332241436812782,True,False,False,0.00034505397943871866,COMPLETE
450,0.4364178776741028,2025-04-02 02:42:42.610119,2025-04-02 02:44:26.279486,0 days 00:01:43.669367,0.7878197747247511,0.22681633408210178,2,0.1376531056185335,0.22281918737528567,0.03050185174693433,0.045458613194709556,0.010378389180029252,0.08082727596452896,0.047903535484872126,26,106,0.022245556208247072,0.1334975771272113,True,False,False,0.0006438353044139868,COMPLETE
451,0.437058162689209,2025-04-02 02:44:26.432343,2025-04-02 02:46:12.115145,0 days 00:01:45.682802,0.8090661077967477,0.20697640919827015,2,0.2193391203278943,0.22525421539855073,0.02621826184049165,0.04443952732364119,0.006251658863307301,0.07154969716532791,0.06697800080502885,27,108,0.019900092432320618,0.2869458899383555,True,False,False,0.0003426477343477852,COMPLETE
452,0.42349120378494265,2025-04-02 02:46:12.258749,2025-04-02 02:47:56.381259,0 days 00:01:44.122510,0.8166970068803427,0.2119773790724838,2,0.12046969096898923,0.21698514454669482,0.02377719575027256,0.04319419231718344,0.004729816498201255,0.031026986160486013,0.026121834054107496,26,103,0.0015350312077691674,0.20657920613450162,True,False,False,0.00049973488504415,COMPLETE
453,0.4385558605194092,2025-04-02 02:47:56.522902,2025-04-02 02:49:42.863757,0 days 00:01:46.340855,0.7836741495746511,0.23865369037994907,2,0.11645886854493331,0.22897777462522947,0.017071619674338442,0.04695735819812599,0.008554183752159808,0.028433500483894335,0.0014977577238258829,27,102,0.018227187816341542,0.2667808853803399,True,False,False,0.0004208773833921146,COMPLETE
