number,value,datetime_start,datetime_complete,duration,params_alpha-eval,params_alpha-train,params_batch-size,params_eps-eval,params_eps-train,params_lambda-actions-eval,params_lambda-actions-train,params_lambda-frames-eval,params_lambda-frames-train,params_learning-rate,params_n-epochs,params_n-frames,params_radius-gw,params_rho,params_std-feats,params_ub-actions,params_ub-frames,params_weight-decay,state
395,0.39795058965682983,2025-04-22 18:05:25.272747,2025-04-22 18:05:42.951438,0 days 00:00:17.678691,0.018040766257617465,0.28844805659519046,16,0.1152091146884742,0.10070650374172377,0.07960948310762954,0.07053577722603947,0.007987092231109627,0.05581016391006748,0.05370674569543662,11,130,0.07084777816382702,0.25278386166853684,False,False,True,1.5033854133936535e-06,COMPLETE
396,0.44426332712173466,2025-04-22 18:05:43.083776,2025-04-22 18:06:03.433197,0 days 00:00:20.349421,0.04333014882162241,0.2191453195562233,16,0.12961630385332124,0.08467574460771779,0.08484157325174828,0.0697309127475049,0.08465312751307556,0.05683576840009521,0.04810100001186104,13,122,0.06141427129647968,0.26419964122144596,False,False,False,2.9979494954664007e-06,COMPLETE
397,0.4439770340919495,2025-04-22 18:06:03.556723,2025-04-22 18:06:24.194192,0 days 00:00:20.637469,0.03645374420090049,0.30527090651615085,16,0.10254917082770167,0.08466355527141088,0.08883152711583478,0.06806611838345941,0.012925906634179692,0.053839160805559345,0.027487903337427875,13,123,0.07035287260831044,0.24932736946756998,False,False,False,1.942739006174879e-06,COMPLETE
398,0.4433781147003174,2025-04-22 18:06:24.317532,2025-04-22 18:06:44.270534,0 days 00:00:19.953002,0.035454074538430635,0.26619917710608465,16,0.24923867131110428,0.08870620811091369,0.07385653320484604,0.07129199329738536,0.0028831041003866183,0.050647851563798134,0.03327571062083291,12,124,0.07064479189514195,0.23596109209460395,False,False,False,6.226769974209347e-07,COMPLETE
399,0.40936149358749396,2025-04-22 18:06:44.404137,2025-04-22 18:07:04.758224,0 days 00:00:20.354087,0.02018228597663646,0.2840497679916478,16,0.26542307105837215,0.08881272160357706,0.08275257203248682,0.07382168752795241,0.017851406494360775,0.05792885232242881,0.05313428986405924,13,121,0.010261492737010026,0.25662873009229886,False,False,False,8.886747072675397e-07,COMPLETE
400,0.4483176231384277,2025-04-22 18:07:04.883839,2025-04-22 18:07:25.504804,0 days 00:00:20.620965,0.05757610056212774,0.31841701688243634,16,0.1549862249185459,0.05374943317943866,0.07839301875044667,0.08636074623643547,0.003847628449962563,0.05723024116446076,0.04211485636530298,13,129,0.06135423131942401,0.23542377966241168,False,False,False,1.7415905653563988e-06,COMPLETE
401,0.2804898262023926,2025-04-22 18:07:25.627950,2025-04-22 18:07:44.352690,0 days 00:00:18.724740,0.061760356419822034,0.3058826702510265,16,0.1592965403515498,0.09347636178415603,0.07786509067540613,0.07207277533639851,0.06940782729288998,0.059488198062869896,0.03832645821121796,14,129,0.06127267418618795,0.23735844945147672,False,True,False,3.628943691415018e-06,COMPLETE
402,0.44569146633148193,2025-04-22 18:07:44.488696,2025-04-22 18:08:04.551530,0 days 00:00:20.062834,0.05879668456751168,0.3208459555934833,16,0.26961846584089927,0.09440280050864631,0.08073132407164074,0.08603928618839048,0.0032564858240700673,0.05809937699465381,0.042016727486180884,12,125,0.061990517489220916,0.2407963093134417,False,False,False,1.7563364782115342e-06,COMPLETE
403,0.44142248630523684,2025-04-22 18:08:04.677679,2025-04-22 18:08:25.814897,0 days 00:00:21.137218,0.053437291336407115,0.24927622882485373,16,0.24390697850246995,0.07703392368486872,0.07426473414733563,0.08951985405565414,0.004434356615053925,0.06636808138027755,0.030582017022907176,14,135,0.06621560091788464,0.24768442909960842,False,False,False,2.7388011741388454e-06,COMPLETE
404,0.39746856689453125,2025-04-22 18:08:25.941263,2025-04-22 18:08:52.125157,0 days 00:00:26.183894,0.014541365228210881,0.2914555964539297,16,0.25973153924458986,0.054235020715385426,0.07031213740322226,0.08709377588265153,0.005377098034831518,0.06094272456478589,0.060121578688183665,13,130,0.06018215143919638,0.23678907823051587,True,False,False,2.0678070484721727e-06,COMPLETE
405,0.44603494405746463,2025-04-22 18:08:52.249554,2025-04-22 18:09:13.185917,0 days 00:00:20.936363,0.07909428617410486,0.3213303516412719,16,0.09439854929842158,0.11945525554539574,0.07794669113668405,0.08567288816908486,0.06194561875534825,0.06879247623693226,0.04529744251609506,14,128,0.06931308462866337,0.2578702326150124,False,False,False,1.7663335808159729e-06,COMPLETE
406,0.44117079973220824,2025-04-22 18:09:13.321236,2025-04-22 18:09:33.267006,0 days 00:00:19.945770,0.06489378082000921,0.28660624279810026,16,0.12540392259229569,0.054406963620374595,0.0822575098148241,0.0913422119822156,0.0029988627781291797,0.05634195131469181,0.062360780551568434,12,125,0.06217666806119302,0.24547200969962188,False,False,False,1.4768326114197938e-06,COMPLETE
407,0.4482808828353882,2025-04-22 18:09:33.394032,2025-04-22 18:09:53.763372,0 days 00:00:20.369340,0.040280448932806315,0.2652030105483357,16,0.08043195460369615,0.052323655156327156,0.07916906530860236,0.06893396652319331,0.009297855127558624,0.05909297432443924,0.049659360009396546,13,126,0.0636561252007256,0.2347070371288494,False,False,False,5.381373887626909e-07,COMPLETE
408,0.4456398606300354,2025-04-22 18:09:53.889298,2025-04-22 18:10:14.791814,0 days 00:00:20.902516,0.04836802645615168,0.250828474231952,16,0.10733652947176418,0.054301610678315564,0.07982672682946415,0.06796071124550944,0.005061372263029076,0.05900460798312236,0.03932257026648626,14,127,0.06378256139397878,0.2363420418134454,False,False,False,5.199822489484829e-07,COMPLETE
409,0.43230016231536866,2025-04-22 18:10:14.928182,2025-04-22 18:10:36.704789,0 days 00:00:21.776607,0.06572983595956025,0.33195035909971343,16,0.07270127662493667,0.05761601100488737,0.07581348407943536,0.06488075533037892,0.0035996764084240897,0.06464437038529901,0.06439711417973641,15,140,0.0631115055508171,0.2337354295799253,False,False,False,5.561035587480637e-07,COMPLETE
410,0.40346086025238037,2025-04-22 18:10:36.832394,2025-04-22 18:10:57.420821,0 days 00:00:20.588427,0.21309795768267825,0.26820408879059776,16,0.1399932920666291,0.05424698429834938,0.06880839761983754,0.06641371797652972,0.0066035174768793664,0.061709288890787126,0.025921461173717256,13,128,0.06598212998275786,0.06571301722333803,False,False,False,7.140798552219033e-07,COMPLETE
411,0.44412705898284915,2025-04-22 18:10:57.549078,2025-04-22 18:11:18.462388,0 days 00:00:20.913310,0.07562133228479914,0.31453699345616987,16,0.1528022507818241,0.05184949513987502,0.0618787922201233,0.08368282780493355,0.009827679418063673,0.0596417386313002,0.07022275881202854,14,131,0.06020307449215744,0.23053991975625562,False,False,False,4.773207430354528e-07,COMPLETE
412,0.439494526386261,2025-04-22 18:11:18.603209,2025-04-22 18:11:40.083370,0 days 00:00:21.480161,0.18202124727803304,0.23116068799346765,16,0.09609744023934308,0.06902100626011576,0.07815629646935418,0.06341449583420154,0.05214980019906365,0.0639513537031304,0.047509956303419136,15,120,0.06432582067615875,0.23938802770848755,False,False,False,5.56701797909737e-07,COMPLETE
413,0.44529770612716674,2025-04-22 18:11:40.212821,2025-04-22 18:12:00.683206,0 days 00:00:20.470385,0.04520952610666105,0.41718086081362027,16,0.059342665922433244,0.04556120616435678,0.08048546011674367,0.06854842149108047,0.08542321299413339,0.07307460448869176,0.058177949167377924,13,120,0.06172443243494394,0.2288728151998147,False,False,False,7.811147414971427e-07,COMPLETE
414,0.4399753212928772,2025-04-22 18:12:00.811782,2025-04-22 18:12:21.853321,0 days 00:00:21.041539,0.07558252141536595,0.26859309963232064,16,0.2529813130323611,0.06071539436779321,0.07376696130261536,0.07931893316220447,0.08726427640399843,0.06173255549066472,0.03434649293233244,14,124,0.06696331085720181,0.24258370770511184,False,False,False,4.4783714227315354e-07,COMPLETE
415,0.34551239013671875,2025-04-22 18:12:21.992861,2025-04-22 18:12:40.134036,0 days 00:00:18.141175,0.23121514810819505,0.44751015887842444,16,0.2351252908401963,0.050274710428127777,0.07737982999215642,0.06987231685303628,0.08373509504876778,0.07007146895526312,0.0047828962134666775,12,137,0.07745930991317945,0.23329548915629758,False,False,True,6.775298131861199e-07,COMPLETE
416,0.4405451536178589,2025-04-22 18:12:40.262878,2025-04-22 18:13:53.521142,0 days 00:01:13.258264,0.20185682203582817,0.33228918215878056,2,0.0882257856864083,0.044090209295003714,0.07572614633313246,0.08133431293420493,0.06360147998624112,0.06612987618766464,0.07055719622189012,17,118,0.06514913194562177,0.24000977236114088,False,False,False,5.910990516434442e-07,COMPLETE
417,0.4424370050430298,2025-04-22 18:13:53.650777,2025-04-22 18:14:53.542440,0 days 00:00:59.891663,0.17943578425695036,0.3083334142902367,2,0.07416018242999187,0.06446835269786427,0.07085815103594881,0.045939501019190976,0.008045044412545593,0.05757056982479471,0.051997318455786624,13,122,0.059783742140558344,0.24597119765170444,False,False,False,1.13125142513921e-06,COMPLETE
418,0.4400230050086975,2025-04-22 18:14:53.682616,2025-04-22 18:15:10.764396,0 days 00:00:17.081780,0.2310366793009409,0.4038500212156186,16,0.1084028422194501,0.04586658898047063,0.0745816846454177,0.062447022577475,0.01248411828353583,0.059868802159719514,0.0436728516498707,7,110,0.06209021144411038,0.22817720962439622,False,False,False,8.460237538050164e-07,COMPLETE
419,0.4302582859992981,2025-04-22 18:15:10.896672,2025-04-22 18:16:14.280228,0 days 00:01:03.383556,0.214713694933108,0.42786938820130427,2,0.13222014019460052,0.05526439041425344,0.07943647543929949,0.07720603513866026,0.0085153709470208,0.053919389299365926,0.09919722154704243,14,133,0.06429147896423004,0.23417076750064544,False,False,False,4.706694890804432e-07,COMPLETE
420,0.2804898262023926,2025-04-22 18:16:14.410142,2025-04-22 18:17:11.995189,0 days 00:00:57.585047,0.04791800968090128,0.9223862562919904,2,0.24778405755608157,0.05136559778944129,0.0784690310931807,0.0740586742721134,0.08626963485127476,0.063672872367828,0.060478327586545054,15,118,0.06780377232763685,0.24935823039921345,False,True,False,2.783973197818426e-07,COMPLETE
421,0.44786925315856935,2025-04-22 18:17:12.137338,2025-04-22 18:18:12.742161,0 days 00:01:00.604823,0.24228037893604296,0.34478082888912287,2,0.24069368675970684,0.04180822627622024,0.03895637423360036,0.09269471746072375,0.0023679774530841052,0.05846851148939142,0.07619328474782389,13,125,0.0632336603257143,0.2637326447526684,False,False,False,6.299090938210844e-07,COMPLETE
422,0.4439732074737549,2025-04-22 18:18:12.873460,2025-04-22 18:19:32.229648,0 days 00:01:19.356188,0.2444417344422177,0.3488966541647134,2,0.2396775836858349,0.04657687716087044,0.03852560649258329,0.09487239372636597,0.0027629463891118964,0.05737937822386905,0.06849373298291474,19,112,0.0661309038854706,0.2673853256938316,False,False,False,3.9773229124829294e-07,COMPLETE
423,0.3850589394569397,2025-04-22 18:19:32.361484,2025-04-22 18:20:31.025089,0 days 00:00:58.663605,0.24576085132728873,0.2120366316860482,2,0.24438087459401642,0.042572069651046526,0.04167750211429515,0.09048606781354211,0.0010623187597328851,0.06074642371394851,0.05295214403381064,12,127,0.06409822230206577,0.2656871500894997,True,False,False,5.561328021633847e-07,COMPLETE
424,0.44143772125244146,2025-04-22 18:20:31.167906,2025-04-22 18:21:29.746041,0 days 00:00:58.578135,0.1942692687822303,0.38487306679962197,2,0.2555875228409817,0.059694501502344066,0.03853330872296406,0.09580679472957515,0.005586815787493677,0.06917279795458385,0.08217874495966841,13,31,0.0683299077520828,0.273076438684339,False,False,False,3.3703572850535343e-07,COMPLETE
425,0.4532686829566956,2025-04-22 18:21:29.877553,2025-04-22 18:21:49.436863,0 days 00:00:19.559310,0.22383915801085602,0.44926917672083955,16,0.22866499827845618,0.0506739124182746,0.08662701650964076,0.09281244233645816,0.05914712004583863,0.0549201592251031,0.035854664585322146,11,130,0.06611081545802265,0.2594190448758491,False,False,False,1.896309848210031e-07,COMPLETE
426,0.4288205623626709,2025-04-22 18:21:49.567242,2025-04-22 18:22:09.744671,0 days 00:00:20.177429,0.2785493968333439,0.49131126947969106,16,0.2289092310122178,0.05596799427747802,0.09110583408177172,0.09975878135650376,0.05384601776752825,0.04956768539493197,0.03068066529983836,12,126,0.06700874911204283,0.26274327724778673,False,False,False,2.2776530099837013e-07,COMPLETE
427,0.39149864912033083,2025-04-22 18:22:09.877306,2025-04-22 18:22:29.945155,0 days 00:00:20.067849,0.22423961233391704,0.45479990732342707,16,0.22714985849484834,0.05101791678626794,0.08702759661597362,0.09229012952494324,0.0075762657950573555,0.053920880712896524,0.02279656345076368,12,134,0.0691711290168683,0.2709173612469088,False,False,False,1.8609747207781291e-07,COMPLETE
428,0.44225476980209355,2025-04-22 18:22:30.086735,2025-04-22 18:22:49.557516,0 days 00:00:19.470781,0.20314378969690683,0.4605924957396095,16,0.23112847684002077,0.0630021437149634,0.036480552634319256,0.09114469561694596,0.0675574406474333,0.05276567736417781,0.034491126319891374,11,143,0.044694780985171496,0.2612909679068405,False,False,False,3.1238811211112796e-07,COMPLETE
429,0.44512152671813965,2025-04-22 18:22:49.691311,2025-04-22 18:23:09.108564,0 days 00:00:19.417253,0.17567156209043647,0.24509546069454494,16,0.2491379972660569,0.047870176429073444,0.08822391789684252,0.08584318164958607,0.0591499451195481,0.055747770755399946,0.03914791723635309,11,130,0.06573116683091616,0.25678590686135466,False,False,False,6.735714848971326e-07,COMPLETE
430,0.395330536365509,2025-04-22 18:23:09.240326,2025-04-22 18:23:27.640452,0 days 00:00:18.400126,0.14301085392996302,0.3551690369986536,16,0.23694200119923486,0.06691154625562537,0.08487179504992635,0.08875812589516026,0.004913693670903303,0.05203639299765605,0.027028417998799292,9,129,0.0723483575559356,0.25597479129568473,False,False,False,4.37651921322849e-07,COMPLETE
431,0.41262055635452277,2025-04-22 18:23:27.784792,2025-04-22 18:23:46.815799,0 days 00:00:19.031007,0.24477311205555316,0.4350039958322416,16,0.08361178533685018,0.05586619089232793,0.08588398397150712,0.0936039006492656,0.06661486070184083,0.057996410279831496,0.04228381518078453,10,132,0.06917101572484284,0.2660755656179839,False,False,False,2.1765579645369877e-07,COMPLETE
432,0.42988901138305663,2025-04-22 18:23:46.949296,2025-04-22 18:24:05.863700,0 days 00:00:18.914404,0.8839883194030216,0.7773282108299642,16,0.23337321827906277,0.07360364717200521,0.08401510553715467,0.093922715872923,0.055774712428164334,0.054914541440811815,0.08616530409880194,10,126,0.06334592304715043,0.25296114692807753,False,False,False,5.448436244012181e-07,COMPLETE
433,0.37868294715881345,2025-04-22 18:24:05.997559,2025-04-22 18:25:06.682081,0 days 00:01:00.684522,0.09119315832102584,0.2975034170947551,2,0.237973643687594,0.04168115108184849,0.08171484848175606,0.08866115989753007,0.0021817636453401166,0.06724788149234145,0.060422242191563016,13,137,0.07524099463933447,0.25762071860507946,False,False,False,3.629562478110299e-07,COMPLETE
434,0.3709850311279297,2025-04-22 18:25:06.827401,2025-04-22 18:25:53.199022,0 days 00:00:46.371621,0.07631399310628814,0.3369603213412306,2,0.24241991646089156,0.04939278104170416,0.04040059766827816,0.09162390804887077,0.015502523630544208,0.061957513312541325,0.09957102879250826,11,124,0.06679829187610636,0.26278121725331544,False,False,True,2.4647476936777708e-06,COMPLETE
435,0.3642659068107605,2025-04-22 18:25:53.332058,2025-04-22 18:26:13.874399,0 days 00:00:20.542341,0.010145434798236964,0.3981870109125044,16,0.1669085536263044,0.05818190475656677,0.07288050686172036,0.09435130793535668,0.003799607534605531,0.058366534107044114,0.03202154259978546,13,131,0.07868151813851225,0.27530332800169044,False,False,False,2.83519033998052e-07,COMPLETE
436,0.4404048562049866,2025-04-22 18:26:14.008867,2025-04-22 18:27:11.096503,0 days 00:00:57.087636,0.2094734992862729,0.4484430507491958,2,0.24444593831426215,0.042038815464726945,0.09081952081324744,0.08653364923170902,0.06071491497697454,0.04572742226597276,0.07253440292810462,12,135,0.06494418869552895,0.250280493298424,False,False,False,7.638645568498531e-07,COMPLETE
437,0.4062874674797058,2025-04-22 18:27:11.242225,2025-04-22 18:28:15.525575,0 days 00:01:04.283350,0.12115435227109353,0.475737648966927,2,0.2544827915781604,0.0690742664566011,0.07625287893566414,0.09265174271323134,0.05172221829840434,0.056581267334604564,0.0461142917818229,14,127,0.07288311706539052,0.27087993507574226,False,False,False,5.145488288618925e-07,COMPLETE
438,0.39919801950454714,2025-04-22 18:28:15.661500,2025-04-22 18:29:15.768357,0 days 00:01:00.106857,0.17122428239751925,0.360533350946021,2,0.25138763758537874,0.049781384215587615,0.08142793192547396,0.0793631416495772,0.08879731486948195,0.07136632228948814,4.55642860225598e-05,13,122,0.07043094631071262,0.010172453247106472,False,False,False,6.290385640515652e-07,COMPLETE
439,0.4401489496231079,2025-04-22 18:29:15.903100,2025-04-22 18:30:19.093960,0 days 00:01:03.190860,0.036638851077897605,0.3860520249946216,2,0.2420853753444283,0.17127166942590058,0.08590584634734189,0.096065665832601,0.01839001173642823,0.06503072390923066,0.06034990216464284,14,116,0.06796972071909804,0.24863498460172498,False,False,False,1.3095337805916557e-06,COMPLETE
440,0.2829483807086945,2025-04-22 18:30:19.240560,2025-04-22 18:30:37.473314,0 days 00:00:18.232754,0.25950224515371123,0.42148508241534505,16,0.2483031033759017,0.04125957793487583,0.035420647140561805,0.09741797354873645,0.0010297443301964726,0.06250909495779924,0.03603557585921204,13,119,0.06355257347259288,0.2579768773534661,False,True,False,3.8855463926267367e-07,COMPLETE
441,0.44433360099792485,2025-04-22 18:30:37.609797,2025-04-22 18:31:38.126914,0 days 00:01:00.517117,0.2306207666202129,0.3239744486065437,2,0.06845513075002982,0.055799730662779594,0.08914574022514625,0.06516634040987206,0.0846002155034568,0.059944726859731026,0.0722841783874888,13,124,0.059769835185108755,0.2248952152758495,False,False,False,4.598624799351068e-07,COMPLETE
442,0.4256648540496827,2025-04-22 18:31:38.263597,2025-04-22 18:32:22.003271,0 days 00:00:43.739674,0.19036834198542632,0.37179643571699394,2,0.2607744033364071,0.04647900598828827,0.03993250797770148,0.0895859216047602,0.05868456948960466,0.05878332365254624,0.0531921030815571,8,129,0.06549812858415723,0.2185675113324949,False,False,False,7.852516915760593e-07,COMPLETE
443,0.40935851335525514,2025-04-22 18:32:22.150081,2025-04-22 18:33:27.981060,0 days 00:01:05.830979,0.06371963660141378,0.27093269425386973,2,0.2229956562374887,0.06378592620497481,0.03737059243175814,0.08397000910030686,0.007043966802086061,0.05552640668877395,0.0842124925490343,14,116,0.0279807266711695,0.2045797169380714,True,False,False,1.0688392772694392e-06,COMPLETE
444,0.4418705224990845,2025-04-22 18:33:28.119705,2025-04-22 18:34:21.706516,0 days 00:00:53.586811,0.10004644118002472,0.30322926750291784,2,0.23701414635820672,0.0396615798098429,0.07890512120552692,0.06333659345764991,0.011396958636140781,0.06378836798999872,0.024185836308165797,11,121,0.06198845111624835,0.2440270017997829,False,False,False,2.3932517422844683e-07,COMPLETE
445,0.43360219001770023,2025-04-22 18:34:21.855668,2025-04-22 18:34:41.659734,0 days 00:00:19.804066,0.15515454473217694,0.4131507103320217,16,0.25674819267854065,0.051889202723716485,0.03459925938025353,0.06136261115631446,0.08274013379617716,0.061532664125172755,0.046095319912342385,12,117,0.07602511565152101,0.2629759551672297,False,False,False,6.281795542069634e-07,COMPLETE
446,0.44558253288269045,2025-04-22 18:34:41.797988,2025-04-22 18:35:42.183143,0 days 00:01:00.385155,0.21631863054643402,0.3385483310987168,2,0.2738866123181705,0.04629212094265536,0.05390865852886137,0.07813688639718262,0.08645155075115125,0.06795252670798432,0.06295361487915939,13,113,0.06759203550017527,0.2118517769056965,False,False,False,3.0836580469958905e-07,COMPLETE
447,0.44112704992294316,2025-04-22 18:35:42.321405,2025-04-22 18:36:46.532244,0 days 00:01:04.210839,0.23841540064472502,0.49576536789520814,2,0.24754781665067926,0.07569172730965291,0.08706135004163243,0.04805600466553467,0.003680750746620199,0.05742539151471469,0.07703529597336457,14,124,0.07043462420483529,0.19731744334314738,False,False,False,1.7941717150381079e-07,COMPLETE
448,0.4475004315376282,2025-04-22 18:36:46.682785,2025-04-22 18:37:49.615080,0 days 00:01:02.932295,0.2719641076925204,0.3955585351426164,2,0.26106174394872994,0.037328144198712,0.07509691784970539,0.0416379238083983,0.0502948902791508,0.06547952172285154,0.052596020404544204,14,110,0.058666223191343486,0.25199202604102755,False,False,False,4.01085223493532e-06,COMPLETE
449,0.4424442410469055,2025-04-22 18:37:49.753535,2025-04-22 18:38:53.014923,0 days 00:01:03.261388,0.2702445637413936,0.3968120197084285,2,0.262765262771724,0.18829331133077654,0.074498828976366,0.051014624955891014,0.05051652624842999,0.06596248070751996,0.054740187283032586,14,111,0.059564676061437,0.25407773412275214,False,False,False,3.913417711482327e-06,COMPLETE
450,0.4460556268692017,2025-04-22 18:38:53.154027,2025-04-22 18:39:56.029087,0 days 00:01:02.875060,0.12647082373101726,0.3743366860114749,2,0.25379295445631356,0.03960814174761689,0.07068305448301594,0.0821429896457479,0.055847063846176714,0.06514998870844181,0.06555216644601554,14,114,0.058975846751650976,0.22062295814753344,False,False,False,5.54500511931762e-06,COMPLETE
451,0.442324435710907,2025-04-22 18:39:56.179703,2025-04-22 18:40:56.239517,0 days 00:01:00.059814,0.1925156761680189,0.4264181962186169,2,0.07993946755639875,0.1627822615281284,0.07520120496088985,0.05354134863887644,0.053966013538283855,0.06775415583754546,0.041336147241217355,13,119,0.05836981208881988,0.2512195449747887,False,False,False,4.311606659805387e-06,COMPLETE
