number,value,datetime_start,datetime_complete,duration,params_alpha-eval,params_alpha-train,params_batch-size,params_eps-eval,params_eps-train,params_lambda-actions-eval,params_lambda-actions-train,params_lambda-frames-eval,params_lambda-frames-train,params_learning-rate,params_n-epochs,params_n-frames,params_radius-gw,params_rho,params_std-feats,params_ub-actions,params_ub-frames,params_weight-decay,state
1366,0.4475479722023011,2025-04-03 02:52:07.150695,2025-04-03 02:53:49.266516,0 days 00:01:42.115821,0.753298531576598,0.22088456280150726,2,0.2718422504804652,0.09540835428847552,0.006177024421936293,0.03523719361529477,0.0027327039030875114,0.031050387095653872,0.025166807163210184,26,92,0.02029448548100899,0.11856767520273881,True,False,False,0.00039459781929564766,COMPLETE
1367,0.2804898262023926,2025-04-03 02:53:49.720798,2025-04-03 02:55:15.457694,0 days 00:01:25.736896,0.7776205390066582,0.29600405843983274,2,0.2773464103122722,0.07845946680273581,0.003703959291001435,0.03346899677986569,0.006074965844347707,0.03045046886213654,0.06986282811281443,25,88,0.02447832159542506,0.12432126302293006,True,True,False,0.00029652952700547785,COMPLETE
1368,0.44076122045516974,2025-04-03 02:55:15.900136,2025-04-03 02:57:01.576787,0 days 00:01:45.676651,0.7791851056138233,0.5441244390827887,2,0.26974069865021105,0.1830066313828837,0.06096491736911806,0.03978566511951207,0.010493929538964634,0.03744551226691251,0.05062867509913327,27,90,0.018846729525140028,0.1323736257410205,True,False,False,0.00038589801166889645,COMPLETE
1369,0.44035842418670657,2025-04-03 02:57:02.016125,2025-04-03 02:58:41.443812,0 days 00:01:39.427687,0.7107747730286056,0.3281446907382268,2,0.26290101776927227,0.10387548436259313,0.001268700930924795,0.04381446899167541,0.007284004466391206,0.0287972713119488,0.08137681607792797,25,94,0.019862872005373504,0.11677920819081403,True,False,False,0.0002607426337124696,COMPLETE
1370,0.439531695842743,2025-04-03 02:58:41.889427,2025-04-03 03:00:17.991420,0 days 00:01:36.101993,0.7542550001396098,0.25290645954561036,2,0.2609212252266767,0.09076610304061167,0.0067088326243475846,0.05755999488942591,0.004590884865629672,0.01629983248166755,0.060965914477840825,24,98,0.02332827781798477,0.13013873646467986,True,False,False,0.00043541736441074383,COMPLETE
1371,0.4501157522201538,2025-04-03 03:00:18.429221,2025-04-03 03:02:00.897436,0 days 00:01:42.468215,0.7939745975801794,0.30630554405121296,2,0.27488665859177136,0.12709881109942983,0.003797810395262611,0.03542363329731469,0.008793002527699519,0.03366532545018984,0.043074122019476496,26,88,0.026092044361098424,0.10663649991361558,True,False,False,0.0003442097703932549,COMPLETE
1372,0.3871916472911835,2025-04-03 03:02:01.337288,2025-04-03 03:03:41.863092,0 days 00:01:40.525804,0.6919071395315269,0.2767652132449707,2,0.26607590860212776,0.09681520273960337,0.005869097527038904,0.03364538127586036,0.010893903648015768,0.028384672026092322,0.035206621949805436,26,87,0.02064751789771969,0.135412932477617,False,False,False,0.00044488368578697883,COMPLETE
1373,0.40666242837905886,2025-04-03 03:03:42.322367,2025-04-03 03:05:31.153526,0 days 00:01:48.831159,0.7875188926587621,0.19355143690943377,2,0.2699437389088349,0.11080951490318676,0.00833627870418568,0.03198515108686681,0.006096663711573979,0.018732865283512423,0.05355270850209022,28,92,0.018899270166297437,0.12167226760415539,True,False,False,0.00014822093285567122,COMPLETE
1374,0.44199184179306034,2025-04-03 03:05:31.596872,2025-04-03 03:06:00.201619,0 days 00:00:28.604747,0.7704855845598008,0.23105854316465957,16,0.25788159609677935,0.13368151376407794,0.0025857070676408326,0.030056756996507176,0.03164528060220904,0.03177755507407303,0.0864819616437125,25,97,0.021956503715682092,0.12710872126310357,True,False,False,0.0002090329288405845,COMPLETE
1375,0.44563288688659675,2025-04-03 03:06:00.647275,2025-04-03 03:07:43.004182,0 days 00:01:42.356907,0.7428582256354183,0.3209465000874696,2,0.2998792267012158,0.12252015447947515,0.005339043166322229,0.0356946529362587,0.002812063471119022,0.012950708064799452,0.06895102689759866,26,88,0.014482388592629594,0.13628073442569344,True,False,False,0.00030664763649464,COMPLETE
1376,0.4462398886680603,2025-04-03 03:07:43.448996,2025-04-03 03:09:22.791467,0 days 00:01:39.342471,0.7160603856668603,0.2712583426600377,2,0.2644697733321117,0.21880260207141858,0.006772291075160686,0.036506424200823784,0.008782410597312022,0.029308983520737304,0.0215865612010231,25,93,0.018000880149371165,0.11108583008582552,True,False,False,0.00045063841193276953,COMPLETE
1377,0.43990396261215214,2025-04-03 03:09:23.230032,2025-04-03 03:11:01.194114,0 days 00:01:37.964082,0.44961793485868096,0.2929165938351757,2,0.2875842217017735,0.10598091858726334,0.07937353146924819,0.04147227018703561,0.02789850360852822,0.01657304778290404,0.0472049015385132,24,124,0.009694202948299886,0.12502613494835058,True,False,False,0.00038434635265233917,COMPLETE
1378,0.4448178052902222,2025-04-03 03:11:01.635452,2025-04-03 03:12:46.766257,0 days 00:01:45.130805,0.7911522740824415,0.25460882181129624,2,0.25946960517819445,0.08627849057002049,0.0030779314579231017,0.038008457015981115,0.011425089177421069,0.035636718213427586,0.060706096766056025,27,89,0.01600639665531306,0.1315011003868648,True,False,False,0.0004918767894331083,COMPLETE
1379,0.3074745535850525,2025-04-03 03:12:47.235158,2025-04-03 03:14:15.538781,0 days 00:01:28.303623,0.7879505850115914,0.24154750618141219,2,0.293243485536057,0.11631416871537976,0.007977631034815443,0.0796042786485956,0.004509669677850047,0.039200926754767364,0.032945830424554845,26,86,0.011930163030700384,0.13514434812059237,True,False,True,0.0005269810770552565,COMPLETE
1380,0.4479047060012818,2025-04-03 03:14:15.988434,2025-04-03 03:15:54.050076,0 days 00:01:38.061642,0.7617915081692488,0.2125304304790143,2,0.2727209374815628,0.1010173575641381,0.005532391723322906,0.039004519489294856,0.05923292725632629,0.019449489614527,0.07439035589663737,25,86,0.028287006188757048,0.118720740850453,True,False,False,0.0003038911755065894,COMPLETE
1381,0.4518076181411743,2025-04-03 03:15:54.494768,2025-04-03 03:17:33.589770,0 days 00:01:39.095002,0.7682340199980451,0.16788096290618845,2,0.2561954313082474,0.09708019001639705,0.008651524455176338,0.041048728906231326,0.0071213349786794205,0.02767965645653187,0.04295438818557057,25,95,0.019723267486234774,0.14006299376010958,True,False,False,0.00037793283430905884,COMPLETE
1382,0.4435315489768982,2025-04-03 03:17:34.038983,2025-04-03 03:19:16.907847,0 days 00:01:42.868864,0.7468080522213971,0.16132806440970224,2,0.25625096230053934,0.08408917734679167,0.004151905479255736,0.04065469882794371,0.0062030155430236366,0.03227800307167277,0.03860108075473014,26,96,0.022236452589084455,0.14425035898058017,True,False,False,0.0002507477331861728,COMPLETE
1383,0.4293841361999512,2025-04-03 03:19:17.353117,2025-04-03 03:21:02.410615,0 days 00:01:45.057498,0.763787922060967,0.10435812037084866,2,0.26372935611359627,0.09240241509598891,0.00714944513868486,0.04107492224978424,0.006978178617602471,0.029493345686055748,0.08522319808185028,27,98,0.023180236225379524,0.1420324564818323,True,False,False,0.0003004446398884613,COMPLETE
1384,0.43526817560195924,2025-04-03 03:21:02.855980,2025-04-03 03:22:39.070787,0 days 00:01:36.214807,0.7468764115495656,0.14919218725587655,2,0.2570911942998068,0.19919633621013932,0.002886391211421968,0.04104817682016871,0.005957250036081592,0.03111235175803366,0.054938464177145444,24,100,0.024725500524752288,0.14867771056661597,True,False,False,0.00018975464456616077,COMPLETE
1385,0.446561074256897,2025-04-03 03:22:39.535697,2025-04-03 03:24:19.867182,0 days 00:01:40.331485,0.7312504055364939,0.15015104499182608,2,0.2563097851084829,0.08989515169243682,0.008378191949263314,0.0420229305021431,0.0010897320015382204,0.014356674379432409,0.04384113266198923,25,92,0.020649252575144585,0.1412924843700476,True,False,False,0.0002498606036335709,COMPLETE
1386,0.2804898262023926,2025-04-03 03:24:20.314802,2025-04-03 03:25:54.940662,0 days 00:01:34.625860,0.7631547057952932,0.1291516841776329,2,0.26212131705035374,0.07873793094528242,0.005433179290689797,0.04327897813377465,0.004554701833750387,0.03420240302604847,0.06572959382087612,28,100,0.02152556869402418,0.1389019386227655,True,True,False,0.0003439241972765223,COMPLETE
1387,0.4419474601745606,2025-04-03 03:25:55.386633,2025-04-03 03:27:37.810041,0 days 00:01:42.423408,0.7650099114038263,0.14740867951417633,2,0.2643945892555778,0.21257718207610188,0.007146637679890358,0.04254144695633098,0.007716413698804938,0.02818186074171319,0.05309409392207465,26,91,0.024831799994254403,0.15322978407970977,True,False,False,0.00036220642683719163,COMPLETE
1388,0.4289994478225708,2025-04-03 03:27:38.257872,2025-04-03 03:29:24.390508,0 days 00:01:46.132636,0.7834845899809986,0.15909564901383197,2,0.2718363170796973,0.09552213530893276,0.009211618694623072,0.03935292956437634,0.0038003407134780494,0.019942433999666748,0.08783759414585801,27,93,0.02008850456792951,0.14529663513233515,True,False,False,0.00021677380669247922,COMPLETE
1389,0.4352154850959778,2025-04-03 03:29:24.836124,2025-04-03 03:31:00.784499,0 days 00:01:35.948375,0.7145177853367678,0.18018838412816363,2,0.25817821461499235,0.08440153197074458,0.005685174120921528,0.03834078956326885,0.0077013376892440255,0.029595065606486427,0.009284993715250487,24,95,0.01965602417966143,0.21479486757405203,True,False,False,0.00026532338459339964,COMPLETE
1390,0.43975789546966554,2025-04-03 03:31:01.252174,2025-04-03 03:32:42.448799,0 days 00:01:41.196625,0.7627942572596371,0.17466778381936995,2,0.2685562654514052,0.22197619858680825,0.001161732690273257,0.0441530201827633,0.0027269795155795548,0.017603999607458586,0.0008319059807073406,25,94,0.02279634701615216,0.13644824723027255,True,False,False,0.00041847707448537967,COMPLETE
1391,0.38410565853118894,2025-04-03 03:32:42.902062,2025-04-03 03:33:52.123934,0 days 00:01:09.221872,0.7770779660653301,0.17023088193254093,2,0.11091414753989136,0.09776732454247819,0.0036129143101373716,0.03956501700678716,0.005727957776572061,0.026839653169702066,0.027284303215638916,16,96,0.020712051078620994,0.1468548418267819,False,False,False,0.00033216706314026257,COMPLETE
1392,0.4216936588287354,2025-04-03 03:33:52.576494,2025-04-03 03:35:35.051185,0 days 00:01:42.474691,0.7412942394531552,0.1726202904413873,2,0.253934881287792,0.08971180112210445,0.0011443513667471128,0.03775571048465061,0.009162678151360936,0.021565884287101003,0.07030231444970897,26,100,0.025919102822815367,0.14151397146247835,True,False,False,0.0004006906001581409,COMPLETE
1393,0.43947523832321167,2025-04-03 03:35:35.500516,2025-04-03 03:37:08.958918,0 days 00:01:33.458402,0.781384108061127,0.1951834406175496,2,0.27934716132512366,0.13008902250943913,0.008307692024642502,0.03726855864043347,0.007704680538002454,0.03229665852157683,0.03344188086966581,23,96,0.017996698600916607,0.1566304289590503,True,False,False,0.0003124051624443544,COMPLETE
1394,0.4114346742630005,2025-04-03 03:37:09.412324,2025-04-03 03:38:49.737673,0 days 00:01:40.325349,0.7338191404788456,0.11843545508416342,2,0.2620669392755695,0.10664116208808065,0.00498635118041041,0.042737475252542484,0.05072459490892434,0.024930751430848563,0.09885766561196938,25,96,0.019428499853719895,0.137273898645395,True,False,False,0.0004204051912993785,COMPLETE
1395,0.4497824311256409,2025-04-03 03:38:50.184936,2025-04-03 03:40:33.339798,0 days 00:01:43.154862,0.7275319815693002,0.16996487851533099,2,0.2544401509051378,0.11980135561365296,0.009588220351614874,0.04145465061462337,0.005972534496347675,0.02786626101471394,0.04757687355225058,26,93,0.023334542075510827,0.14994061975779896,True,False,False,0.00028054054469108506,COMPLETE
1396,0.44276500940322877,2025-04-03 03:40:33.808495,2025-04-03 03:41:01.702659,0 days 00:00:27.894164,0.6987675951858453,0.19055605534696274,16,0.2654860413503373,0.11047918556382881,0.0074226285532494295,0.04486296509758985,0.004390612929284684,0.020426967515604907,0.06041301895481292,25,91,0.021433427361580305,0.1334560851458613,True,False,False,0.00037325135920682944,COMPLETE
1397,0.43731576204299927,2025-04-03 03:41:02.155737,2025-04-03 03:41:52.587366,0 days 00:00:50.431629,0.7900837959699751,0.211992563942938,2,0.25395833648280697,0.015266030493102156,0.006158548538582433,0.036528939158666354,0.00884246153131549,0.01595230222363488,0.03925759756781922,10,95,0.018467830267998482,0.22556391175912155,True,False,False,0.00047074440920058557,COMPLETE
1398,0.3529720425605774,2025-04-03 03:41:53.038426,2025-04-03 03:43:22.133713,0 days 00:01:29.095287,0.7476241172025728,0.18400601032691327,2,0.09307345962799786,0.0956853473817009,0.009061695216671235,0.039269241207960846,0.007025982373465527,0.010541314223748998,0.07083845068610066,26,90,0.01807721794638012,0.14272849727231401,True,False,True,0.00019773519070516804,COMPLETE
1399,0.4462106943130493,2025-04-03 03:43:22.583105,2025-04-03 03:45:09.835224,0 days 00:01:47.252119,0.7664903093867719,0.1391269668553238,2,0.27571413087393715,0.10113420458583038,0.010255190851197879,0.04053731753022194,0.0034800378407951115,0.02315611109562387,0.05235135484160724,27,134,0.021431923098656165,0.13714063811371982,True,False,False,0.0004458857856348643,COMPLETE
1400,0.4257273316383362,2025-04-03 03:45:10.289051,2025-04-03 03:46:50.846423,0 days 00:01:40.557372,0.800797225483904,0.19481395101455584,2,0.2606715983729256,0.11287792459093593,0.004929138640907119,0.035559966501271356,0.009347730380445306,0.030515620586545427,0.04323537402876261,25,92,0.0041967931807415995,0.14605513800340333,True,False,False,0.00034916370719848504,COMPLETE
1401,0.4271386504173279,2025-04-03 03:46:51.319205,2025-04-03 03:48:27.539807,0 days 00:01:36.220602,0.7806012621765234,0.2045096664179968,2,0.2693335008522978,0.07519931137193193,0.002854163235987476,0.04532027502488288,0.005278953505764777,0.017821951705134786,0.059808195242204605,24,99,0.01894442968649246,0.13155553537284462,True,False,False,0.00024948099762906416,COMPLETE
1402,0.41778503656387334,2025-04-03 03:48:27.994863,2025-04-03 03:50:17.813901,0 days 00:01:49.819038,0.7941997811166844,0.15447210259459568,2,0.2574639337802581,0.20656896832064425,0.008123204863996,0.041643777216189615,0.007774572266183527,0.025941551807328416,0.07516021510852362,28,98,0.0168401058046677,0.13845288664990482,True,False,False,0.0005000041758862124,COMPLETE
1403,0.4348069787025452,2025-04-03 03:50:18.267755,2025-04-03 03:52:03.771816,0 days 00:01:45.504061,0.7655687638076345,0.21403214744717947,2,0.26802959117630404,0.10377279694643562,0.006415152253255824,0.08248201202696348,0.0011157839119570719,0.03524512718615874,0.09932177214629935,27,89,0.023468754163999316,0.15399517237120341,True,False,False,0.0003898551583836088,COMPLETE
1404,0.4436051964759827,2025-04-03 03:52:04.228674,2025-04-03 03:53:48.120360,0 days 00:01:43.891686,0.8009615628507856,0.1781074500348418,2,0.25244519475269833,0.22816229584007133,0.0030255016611960193,0.03820009431700038,0.00984376631908962,0.028817210804677758,0.0325015454479767,26,93,0.020566835543695143,0.1311704130011132,True,False,False,0.0005177138973526013,COMPLETE
1405,0.2804898262023926,2025-04-03 03:53:48.573120,2025-04-03 03:55:14.446787,0 days 00:01:25.873667,0.6675939486413062,0.3317939759853538,2,0.25066502594776985,0.12332840783610413,0.011366370944579072,0.03099193173455703,0.002829264488504979,0.0218033000361787,0.000305370021931703,25,102,0.016833688273204455,0.14302710134242,True,True,False,1.951529343071465e-05,COMPLETE
1406,0.44592459201812745,2025-04-03 03:55:14.898181,2025-04-03 03:56:55.063991,0 days 00:01:40.165810,0.7490656606592522,0.2260413120492038,2,0.2613032093228238,0.09102782590419548,0.010030064106414098,0.04382196028926803,0.006406872026069521,0.0324370990068838,0.02550140645992009,26,60,0.04754467547250786,0.13518226919486656,True,False,False,0.0002857415651725523,COMPLETE
1407,0.44015750885009763,2025-04-03 03:56:55.534749,2025-04-03 03:58:30.953874,0 days 00:01:35.419125,0.7801285062791276,0.2025219360249456,2,0.2857612178754599,0.08130835861150099,0.004690002198509727,0.07428118045763474,0.009709988586766874,0.019611256026484943,0.048164403661840174,24,90,0.02682485763558812,0.1494732578427222,True,False,False,0.0005270668292162003,COMPLETE
1408,0.4346780776977539,2025-04-03 03:58:31.412172,2025-04-03 04:00:10.933310,0 days 00:01:39.521138,0.7185515425902353,0.333928376307141,2,0.2529152839014328,0.09568992405036712,0.0072527350011576475,0.03569872012418475,0.004760088093836927,0.024656779217977157,0.059721676333644634,25,96,0.013819333569630896,0.12831567616484804,True,False,False,0.00033585567560970195,COMPLETE
1409,0.37908743023872377,2025-04-03 04:00:11.390673,2025-04-03 04:01:54.108673,0 days 00:01:42.718000,0.8046313333483464,0.3142460135740048,2,0.2786036868337739,0.10648530930423507,0.00923163959556827,0.07833397332468747,0.007851863736027326,0.030893651424435547,0.07484758456794736,27,63,0.01917735149672561,0.14032447400701129,False,False,False,0.00045036254563560966,COMPLETE
1410,0.44783356189727785,2025-04-03 04:01:54.562196,2025-04-03 04:03:36.214147,0 days 00:01:41.651951,0.5934179707432368,0.23029258027797533,2,0.26255241840677834,0.11650737897012825,0.006512581483284959,0.04035830257871697,0.0030223149017172216,0.027171468350404137,0.04423813379471372,26,88,0.015345390324295749,0.16135656324486158,True,False,False,0.0005448420422072775,COMPLETE
1411,0.43287922143936164,2025-04-03 04:03:36.669922,2025-04-03 04:05:11.930505,0 days 00:01:35.260583,0.751018190092251,0.16166110812082018,2,0.25459533150894936,0.0875022765173909,0.003499099951683319,0.055187481622582864,0.010487897630949514,0.014742788983728067,0.0530455020329873,25,24,0.01731182405725054,0.1325020562977258,True,False,False,0.0003744245107665804,COMPLETE
1412,0.4427322626113892,2025-04-03 04:05:12.402370,2025-04-03 04:06:12.265993,0 days 00:00:59.863623,0.7960609007914261,0.2961062346727147,2,0.273687671085472,0.10054459569087527,0.011139079870417016,0.04718261468488509,0.025900707924894312,0.022909805040756084,0.03641606570108153,13,86,0.022074142769861138,0.14354060013913106,True,False,False,0.0002614131934682717,COMPLETE
1413,0.43531758785247804,2025-04-03 04:06:12.721851,2025-04-03 04:07:54.190726,0 days 00:01:41.468875,0.7714323451481071,0.24634390308433898,2,0.2689887115899562,0.11231981841979514,0.0010016244151332579,0.03618923937398828,0.005788385953825794,0.02938295723606993,0.08474832464093815,26,57,0.01942186124413983,0.12909615655851972,True,False,False,0.0005488167723920407,COMPLETE
1414,0.41145534515380866,2025-04-03 04:07:54.645959,2025-04-03 04:09:33.872114,0 days 00:01:39.226155,0.79437644123729,0.31013966887586353,2,0.2513117803161902,0.1355639839930848,0.007897282982524567,0.047997147942588504,0.007121579731935392,0.03763778392234233,3.957760422164182e-05,25,94,0.013020496093322289,0.1382139743499466,True,False,False,0.00015767022550865266,COMPLETE
1415,0.4208336353302002,2025-04-03 04:09:34.329905,2025-04-03 04:11:10.245365,0 days 00:01:35.915460,0.7731210083413306,0.21647484209545675,2,0.052733679611589854,0.09372219250432466,0.004322486341640414,0.042660093214499935,0.009049205793552843,0.01867847049773391,0.06401677498927731,24,90,0.024335529893528995,0.14918562949714093,True,False,False,0.00040671935076538006,COMPLETE
1416,0.4361615657806397,2025-04-03 04:11:10.699619,2025-04-03 04:11:41.389234,0 days 00:00:30.689615,0.8027743221192197,0.3344737278875041,16,0.2594885945614763,0.12658437438635656,0.009523691137902456,0.03898800889979498,0.004562866237659015,0.02651620585692392,0.0393726749702328,26,118,0.054530923174351105,0.12571943527308244,True,False,False,0.0003095429942548837,COMPLETE
1417,0.30049405694007875,2025-04-03 04:11:41.862009,2025-04-03 04:12:58.305391,0 days 00:01:16.443382,0.7521496981868163,0.2612376406533711,2,0.1254984981109961,0.10585490433875676,0.00604626281133282,0.07545036042607553,0.011673738478580005,0.02131997840942054,0.05354711286867075,22,88,0.015151231298080051,0.13372364142744914,True,False,True,0.0005559950701100094,COMPLETE
1418,0.442865538597107,2025-04-03 04:12:58.768067,2025-04-03 04:14:41.421112,0 days 00:01:42.653045,0.7332333028685336,0.2832516418547416,2,0.25728563884124545,0.11971860503679858,0.011117739104257436,0.03238762418937408,0.002820342343559351,0.02441393037493825,0.06811033714206817,26,93,0.01698705655982214,0.1409415119969282,True,False,False,0.0001976505916748534,COMPLETE
1419,0.42615588903427126,2025-04-03 04:14:41.877348,2025-04-03 04:16:29.067468,0 days 00:01:47.190120,0.9553168855087136,0.2383532326824491,2,0.2644375369176075,0.21781539261717983,0.007979683726146016,0.07403277068086819,0.00821410546867904,0.03283359978383556,0.08748497675200911,27,86,0.011515257854588354,0.1581255645819835,True,False,False,7.879855388482999e-06,COMPLETE
1420,0.3994680166244507,2025-04-03 04:16:29.520530,2025-04-03 04:18:09.760221,0 days 00:01:40.239691,0.8102787322082213,0.017874614461004745,2,0.24973916648607952,0.08475166474086991,0.002818304792625778,0.056374776764837445,0.010352498153642864,0.0167515312331955,0.03000747790747405,25,98,0.02136059381367896,0.14605109318937196,True,False,False,0.0004366256532274664,COMPLETE
1421,0.423123049736023,2025-04-03 04:18:10.238047,2025-04-03 04:19:50.108552,0 days 00:01:39.870505,0.6259037790809732,0.18787238942604545,2,0.24926535210099207,0.16203803823087454,0.012489721407184535,0.038867631961383264,0.005439637089224082,0.02827460577074637,0.09983384220254406,26,54,0.018484659051998753,0.12458099998197893,True,False,False,0.000549511036068647,COMPLETE
1422,0.43438179492950446,2025-04-03 04:19:50.575226,2025-04-03 04:21:27.327473,0 days 00:01:36.752247,0.7741710163235156,0.31211732883657345,2,0.2716876779484378,0.11053621760331163,0.00526157552361417,0.028189329707131124,0.007228490617563041,0.01937684194000424,0.04892462109880035,24,91,0.07408436492917882,0.13470176163401582,True,False,False,0.00036073478456317206,COMPLETE
