number,value,datetime_start,datetime_complete,duration,params_alpha-eval,params_alpha-train,params_batch-size,params_eps-eval,params_eps-train,params_lambda-actions-eval,params_lambda-actions-train,params_lambda-frames-eval,params_lambda-frames-train,params_learning-rate,params_n-epochs,params_n-frames,params_radius-gw,params_rho,params_std-feats,params_ub-actions,params_ub-frames,params_weight-decay,state
1021,0.4730195283889771,2025-04-21 08:01:30.613317,2025-04-21 08:01:42.614109,0 days 00:00:12.000792,0.6908173807792175,0.1996274867508537,2,0.17669436543459502,0.09493789966395676,0.015079575537182756,0.09531541518405102,0.026741661422526007,0.05000538680114191,0.00027704086185785233,7,23,0.061357533284856824,0.09361986534587802,True,False,False,1.002217491743614e-07,COMPLETE
1022,0.45750361680984497,2025-04-21 08:01:42.953637,2025-04-21 08:01:54.907011,0 days 00:00:11.953374,0.6989928156703684,0.20874355223377708,2,0.17910541903899854,0.08684337694509042,0.012366023862509295,0.09500394550063618,0.025408621578641953,0.04878114860242465,0.0002854369999032572,7,20,0.058028379703754816,0.09665631917785357,True,False,False,1.0543236350346218e-07,COMPLETE
1023,0.4613761603832245,2025-04-21 08:01:55.234133,2025-04-21 08:02:07.158006,0 days 00:00:11.923873,0.6882607883505872,0.1771937713006285,2,0.18181288539830168,0.09614894429837981,0.015326906438946387,0.09479802744964272,0.02616041103240398,0.046596678837668916,0.00025579831576813896,7,19,0.05615875360818419,0.09113794570149078,True,False,False,1.0468536791411037e-07,COMPLETE
1024,0.19931446015834808,2025-04-21 08:02:07.487574,2025-04-21 08:02:18.141779,0 days 00:00:10.654205,0.6679087625342877,0.20553000150020415,2,0.18047005588832263,0.08971077273578373,0.012324122904594956,0.09570034375132885,0.026924129677943547,0.0454867156545742,0.0002665963849886202,7,22,0.061670669918725315,0.08546472949944879,True,True,False,7.047957382506852e-08,COMPLETE
1025,0.4715621888637543,2025-04-21 08:02:18.487120,2025-04-21 08:02:30.477674,0 days 00:00:11.990554,0.7308811527756398,0.17369136110714609,2,0.1760347147321209,0.09482189561742921,0.012344536407373055,0.09585041064396276,0.024418537450771344,0.0492761983500876,0.0002923818201698569,7,23,0.0586985566452652,0.09553129855854757,True,False,False,9.944213712449748e-08,COMPLETE
1026,0.4584100365638733,2025-04-21 08:02:30.809053,2025-04-21 08:02:42.800540,0 days 00:00:11.991487,0.7311618222603629,0.18572604973788867,2,0.17551023343192557,0.09717436238738561,0.014826166355315881,0.09506111602493868,0.023868768691279782,0.048758341946118174,0.00028339029269392076,7,18,0.059838853043337616,0.09897003256332028,True,False,False,9.09401088138273e-08,COMPLETE
1027,0.3365759909152985,2025-04-21 08:02:43.111191,2025-04-21 08:02:55.171038,0 days 00:00:12.059847,0.69663035428964,0.17687300311204956,2,0.18154696384384977,0.09482634678401067,0.014508546650461095,0.0954663702598014,0.0240360527310089,0.04788688496006875,0.00028924230439807797,7,77,0.05977824565269172,0.08725605182983139,True,False,False,1.0426260626673834e-07,COMPLETE
1028,0.3111611306667328,2025-04-21 08:02:55.502320,2025-04-21 08:03:07.674717,0 days 00:00:12.172397,0.723921948045768,0.20319856061889585,2,0.16579373463205557,0.08782937938667036,0.012559650356118685,0.09510993754307759,0.02654392117410526,0.04965063621995999,0.00023908324020615877,7,93,0.06258223517019736,0.0955232190465665,True,False,False,6.826258259559971e-08,COMPLETE
1029,0.47180618643760686,2025-04-21 08:03:08.000976,2025-04-21 08:03:19.928869,0 days 00:00:11.927893,0.673197513422381,0.1660225058143946,2,0.17857758008177832,0.09812135931154489,0.01521475931576135,0.0962171380323762,0.024247209032226356,0.05011623591252023,0.00023617967424054845,7,23,0.05822372009414276,0.09697848597150423,True,False,False,1.0586253801849145e-07,COMPLETE
1030,0.46108570098876955,2025-04-21 08:03:20.259951,2025-04-21 08:03:32.178887,0 days 00:00:11.918936,0.7486891569513479,0.19050699074875724,2,0.16852967997462467,0.1007689278840831,0.015736316637239272,0.09612627965696882,0.02435156925956315,0.049612702189267735,0.0002341016526256735,7,23,0.05822082214207672,0.07956481308716487,True,False,False,6.74712439193836e-08,COMPLETE
1031,0.11689926385879516,2025-04-21 08:03:32.509367,2025-04-21 08:03:43.252613,0 days 00:00:10.743246,0.671552348658734,0.17480431605850077,2,0.1529904062195716,0.09360053115136951,0.015228468125763835,0.09487278378291615,0.02405975912899601,0.04697633992208559,0.0002819366119848213,7,23,0.056142102348498785,0.09461452834833169,True,False,True,8.421025497460693e-08,COMPLETE
1032,0.4592823445796967,2025-04-21 08:03:43.583158,2025-04-21 08:03:55.559595,0 days 00:00:11.976437,0.7789662031576184,0.16178223377982387,2,0.18413176265617967,0.09972757635464553,0.016085897391901572,0.0455162958503566,0.026654354547848383,0.05045617264271684,0.00022220643401787299,7,24,0.05455491335218362,0.09968382843704138,True,False,False,1.0277297260444158e-07,COMPLETE
1033,0.4661696672439576,2025-04-21 08:03:55.890797,2025-04-21 08:04:07.788404,0 days 00:00:11.897607,0.6715368607912501,0.20018665942371008,2,0.17441971638228676,0.09751493022020695,0.013762479295669379,0.09679980829758457,0.02527258312601606,0.046030896312155935,0.0002881765783575645,7,19,0.06048348188042803,0.09106972216337597,True,False,False,6.17364611645118e-08,COMPLETE
1034,0.4575556755065918,2025-04-21 08:04:08.103373,2025-04-21 08:04:19.992057,0 days 00:00:11.888684,0.7068855763527132,0.202787929894223,2,0.1597016612714474,0.09076063454750516,0.014675028705080927,0.09511569430000695,0.023065641244144276,0.04832570291667042,0.0002223666564018227,7,24,0.06413839039849918,0.08683540051427896,True,False,False,7.82682371446364e-08,COMPLETE
1035,0.46199040412902836,2025-04-21 08:04:20.322527,2025-04-21 08:04:32.285465,0 days 00:00:11.962938,0.6842897692005592,0.17934021497341643,2,0.17360234328154017,0.09874480592477874,0.012568934025589045,0.0968409769417727,0.02486946267481334,0.050819077960871095,0.00025317349682792877,7,22,0.06215743249728775,0.09791104847068069,True,False,False,6.352624906013434e-08,COMPLETE
1036,0.42081466317176824,2025-04-21 08:04:32.615232,2025-04-21 08:04:40.668918,0 days 00:00:08.053686,0.7015898987725593,0.1618192376472269,8,0.17785745127311217,0.08816745916475474,0.016402934340855338,0.09449993844431266,0.02695510374115153,0.05024742285177196,0.00028057848484998457,7,19,0.059995080217228554,0.08308242103212411,True,False,False,1.0201157768845291e-07,COMPLETE
1037,0.451034951210022,2025-04-21 08:04:40.997107,2025-04-21 08:05:00.437305,0 days 00:00:19.440198,0.7096897117349743,0.21011510257175756,2,0.18678493272971022,0.09322458095527593,0.012616426274601624,0.09690736571900414,0.02676281447117379,0.045201802669197086,0.00021485389678158775,19,24,0.05705580633146337,0.10058774333973608,True,False,False,8.209982086716197e-08,COMPLETE
1038,0.4583645164966583,2025-04-21 08:05:00.769364,2025-04-21 08:05:12.784051,0 days 00:00:12.014687,0.6771251406269104,0.21880354440728803,2,0.1777397025035073,0.09948858517601451,0.016242999223971526,0.09721296369919677,0.023659677187369638,0.048250650929183035,0.00029332473364403693,7,20,0.058424293158278275,0.08958762371805197,True,False,False,6.641684008584055e-08,COMPLETE
1039,0.4617813229560852,2025-04-21 08:05:13.119559,2025-04-21 08:05:25.119682,0 days 00:00:12.000123,0.7388669334497688,0.19140276190538416,2,0.16383301597040761,0.0936656921795544,0.014347097608338593,0.09489895174081513,0.022725249888415233,0.0515456718260412,0.00024372947511517006,7,24,0.06424275180301063,0.09508580314471399,True,False,False,9.233932847990605e-08,COMPLETE
1040,0.46160472035408023,2025-04-21 08:05:25.452337,2025-04-21 08:05:37.382228,0 days 00:00:11.929891,0.7642188840944254,0.21680544401438825,2,0.1856058846760987,0.08887928364024726,0.012600304717221743,0.097293776991555,0.02495257122252846,0.04958153658523009,0.00028601142970251817,7,24,0.061977345970847704,0.10196004308795328,True,False,False,5.9027045207383584e-08,COMPLETE
1041,0.4612366795539856,2025-04-21 08:05:37.697484,2025-04-21 08:05:49.804120,0 days 00:00:12.106636,0.6727381881238194,0.17369071131642358,2,0.18934682118684748,0.09936430037019957,0.014486560929138984,0.018796181975805126,0.027420577162041132,0.05147514261504199,0.00022562168128510907,7,21,0.06442733341640887,0.09049328262223996,True,False,False,1.1421654856816817e-07,COMPLETE
1042,0.4140616118907928,2025-04-21 08:05:50.135534,2025-04-21 08:06:02.045231,0 days 00:00:11.909697,0.6888305976767087,0.21428660219097187,2,0.1712908731025661,0.08627154321935991,0.016534943141261423,0.09465064906864361,0.02365707332498674,0.04670234058116597,0.007670011674416482,7,25,0.061875014663761954,0.08285446160340669,True,False,False,7.856257448940976e-08,COMPLETE
1043,0.23369921147823336,2025-04-21 08:06:02.378405,2025-04-21 08:06:13.058344,0 days 00:00:10.679939,0.7141450809764105,0.15183958922283802,2,0.1775082520265847,0.09506978146275707,0.011826711021162875,0.09764852356753226,0.027032050563544237,0.04830273718066524,0.00028826093771230395,7,19,0.06423589545649512,0.09694992962333945,True,True,False,1.0451346767410322e-07,COMPLETE
1044,0.465834379196167,2025-04-21 08:06:13.394413,2025-04-21 08:06:25.368805,0 days 00:00:11.974392,0.6556164002561823,0.16733519666463134,2,0.18287882327283125,0.10154903090495589,0.015272884039922868,0.058604583931101385,0.025614940434814243,0.044460504778199454,0.00021018758043673383,7,25,0.06067896206149922,0.10325490802986312,True,False,False,5.49027700194185e-08,COMPLETE
1045,0.46812722086906433,2025-04-21 08:06:25.703088,2025-04-21 08:06:38.333691,0 days 00:00:12.630603,0.6628666950813846,0.19445538297576515,2,0.1887524350341598,0.08671916385480766,0.012440879992399418,0.09534378587247777,0.023130411774454258,0.05207814944824011,0.0002509554686220442,8,22,0.058822134701298386,0.09455010200319561,True,False,False,7.478971405483225e-08,COMPLETE
1046,0.46209422349929813,2025-04-21 08:06:38.668581,2025-04-21 08:06:51.399937,0 days 00:00:12.731356,0.6620476047404715,0.19403209364991275,2,0.18988089009898992,0.0866084024570207,0.01204373298286879,0.09478744112258584,0.022880575059412708,0.05071129341047154,0.00030226015214098384,8,18,0.058248283747644125,0.0982707785767083,True,False,False,7.542733064733128e-08,COMPLETE
1047,0.45731106400489807,2025-04-21 08:06:51.736618,2025-04-21 08:07:04.296696,0 days 00:00:12.560078,0.692701448501239,0.19391446147120833,2,0.17876110289490313,0.08561263739301776,0.011853021112479205,0.09435625862062312,0.025085710232027852,0.05172833785748458,0.0002596307280677815,8,21,0.0559909177467201,0.09474554903890633,True,False,False,8.699025104652381e-08,COMPLETE
1048,0.4358145356178284,2025-04-21 08:07:04.636249,2025-04-21 08:07:17.382891,0 days 00:00:12.746642,0.675611913333976,0.21739350841098723,2,0.18392032384456453,0.09354858091738356,0.01696540521262909,0.09763137690766156,0.027425187302410517,0.04869657717703448,0.00030287963581753354,8,18,0.0544224371113641,0.10159944611708807,True,False,False,1.0634983125780458e-07,COMPLETE
1049,0.09635672569274903,2025-04-21 08:07:17.702025,2025-04-21 08:07:28.775139,0 days 00:00:11.073114,0.7025973659240324,0.15902595733428934,2,0.19059251613827313,0.09074178081783676,0.013731675283851857,0.09438014858312803,0.022423246530634704,0.05225869477462467,0.00021287544978948754,8,22,0.05920435978839614,0.10289527574001678,True,False,True,6.801088322877993e-08,COMPLETE
1050,0.46925253868103034,2025-04-21 08:07:29.107570,2025-04-21 08:07:41.725729,0 days 00:00:12.618159,0.6725934471569522,0.18519083512873113,2,0.17512114230196021,0.08652553919550973,0.01205979211418417,0.09615931010391011,0.024441357687398777,0.04706474572225523,0.0003037582051553959,8,22,0.06213452962248235,0.09378424356291888,True,False,False,8.919562281277731e-08,COMPLETE
1051,0.43895964622497563,2025-04-21 08:07:42.059428,2025-04-21 08:07:54.774183,0 days 00:00:12.714755,0.6636859864663417,0.17690345307285563,2,0.1608858926488952,0.08606251591673493,0.01199341356437842,0.0945017890598766,0.025163920099790755,0.044769931067087265,0.0003132301032730385,8,17,0.05719076126197692,0.0762196253035131,True,False,False,1.0992063185693576e-07,COMPLETE
1052,0.4622862160205841,2025-04-21 08:07:55.110065,2025-04-21 08:08:07.746217,0 days 00:00:12.636152,0.7257955658368331,0.19247888031302318,2,0.17432051631251752,0.09106479482961148,0.011841646468461142,0.09623023611757901,0.02767189918695825,0.045034476043459365,0.00026951881343248966,8,19,0.06030441694409258,0.08564602112947393,True,False,False,8.262155694459991e-08,COMPLETE
1053,0.3966452181339264,2025-04-21 08:08:08.084236,2025-04-21 08:08:20.733681,0 days 00:00:12.649445,0.681394200455888,0.2110080921123628,2,0.16634570642984015,0.08677962894523183,0.01667185447786355,0.0940717661869166,0.02379398561437984,0.04692223332557264,0.025418719152785183,8,20,0.0622647200349384,0.09490349220779529,True,False,False,9.269758524196604e-08,COMPLETE
1054,0.4331721961498261,2025-04-21 08:08:21.069150,2025-04-21 08:08:33.799202,0 days 00:00:12.730052,0.6615354557668373,0.1679252313911735,2,0.17001639091105558,0.09378074503450703,0.012116499964547514,0.09587874604547875,0.02618956482118666,0.04699930662717548,0.0003164086758901824,8,16,0.05863983795514097,0.08905246294836276,True,False,False,1.1333159493819601e-07,COMPLETE
1055,0.3341566860675812,2025-04-21 08:08:34.136167,2025-04-21 08:08:47.197001,0 days 00:00:13.060834,0.7137711848669679,0.2110405050532656,2,0.17702900742896358,0.08444723730275049,0.014352550244093211,0.09789744682240367,0.022966437118591226,0.04283193511526325,0.0003189393569557194,8,121,0.062402986363207326,0.0966765228468465,True,False,False,8.052762630126025e-08,COMPLETE
1056,0.40453175306320194,2025-04-21 08:08:47.537446,2025-04-21 08:08:55.697450,0 days 00:00:08.160004,0.6924613161638021,0.18743548794398776,8,0.17848317603691027,0.08580443744219261,0.01191318214306174,0.09570020115405946,0.024258576382439754,0.04958236936683876,0.0002593995427070982,8,22,0.05980699999720686,0.08169383083744067,True,False,False,6.680095484863275e-08,COMPLETE
1057,0.4697192966938019,2025-04-21 08:08:56.021033,2025-04-21 08:09:08.671276,0 days 00:00:12.650243,0.6747599890846775,0.15270535142472266,2,0.18528803949165495,0.0945442014693456,0.01731660175536517,0.09366330486060824,0.027927073850033457,0.04898028192899081,0.0003137293455100587,8,22,0.06339469033248529,0.10373774878151716,True,False,False,1.1119289621335944e-07,COMPLETE
1058,0.42834786772727973,2025-04-21 08:09:09.005594,2025-04-21 08:09:21.696337,0 days 00:00:12.690743,0.6805381958955306,0.1464952594734683,2,0.18538339233281112,0.090887043765635,0.017267692301487614,0.09365785564832975,0.02770715180429184,0.047366384629857296,0.0003209244981976036,8,15,0.06435240162249004,0.08877832525536702,True,False,False,1.1432581755749414e-07,COMPLETE
1059,0.4640081524848938,2025-04-21 08:09:22.034290,2025-04-21 08:09:34.688185,0 days 00:00:12.653895,0.6569978575949664,0.16006162709988497,2,0.18246531711906808,0.08539209445886306,0.017966151175472976,0.09289926766016943,0.027416927560037135,0.04588018281647707,0.0003248073991629226,8,18,0.06326089742139053,0.09374961995033097,True,False,False,1.1583652361411175e-07,COMPLETE
1060,0.4661873817443848,2025-04-21 08:09:35.022909,2025-04-21 08:09:47.536359,0 days 00:00:12.513450,0.7063261806590216,0.13927796606342518,2,0.1712767084960336,0.0944395172225181,0.015706350902743752,0.09344793562363914,0.025119250611902438,0.049864682178930045,0.000307118359109712,8,21,0.06109791457425989,0.10093955812793598,True,False,False,9.263882990790031e-08,COMPLETE
1061,0.4647213339805603,2025-04-21 08:09:47.877541,2025-04-21 08:10:00.469925,0 days 00:00:12.592384,0.7277705463263829,0.18311456590843941,2,0.18435786547380437,0.08430073891284146,0.017841631035281073,0.09396220913812578,0.026118182348841328,0.052847514545210354,0.0003186520926905761,8,19,0.05309133270336525,0.10617339383226157,True,False,False,1.1185075921815614e-07,COMPLETE
1062,0.476263302564621,2025-04-21 08:10:00.810820,2025-04-21 08:10:13.308237,0 days 00:00:12.497417,0.674103834595008,0.15397348050070345,2,0.17756405876773465,0.09630981554584483,0.015479474637176825,0.09400747441519222,0.02789200719337405,0.04749455670323527,0.00027011149824956624,8,23,0.05163158384527333,0.09266807185880342,True,False,False,9.13382109031383e-08,COMPLETE
1063,0.13112708330154418,2025-04-21 08:10:13.647511,2025-04-21 08:10:24.823904,0 days 00:00:11.176393,0.6583326026630532,0.12794872958113201,2,0.16747622149794295,0.096871550995026,0.0168769131591874,0.09419481122555752,0.02686823652550446,0.043703584271099966,0.00024324967299090163,8,17,0.045879070103894214,0.09840421667436385,True,True,False,9.009659294569474e-08,COMPLETE
1064,0.3831534683704376,2025-04-21 08:10:25.167018,2025-04-21 08:10:37.756612,0 days 00:00:12.589594,0.6800678946230055,0.1695078754313263,2,0.17775685635877772,0.09190636172096141,0.015065281076534657,0.09539474734306826,0.027752336549787697,0.0477768328954981,1.6056351415327976e-05,8,21,0.05311957671757106,0.09283413625417535,True,False,False,9.007476041775454e-08,COMPLETE
1065,0.4650927484035492,2025-04-21 08:10:38.101972,2025-04-21 08:10:50.682555,0 days 00:00:12.580583,0.69989723435381,0.15667410822247718,2,0.1749914768726235,0.09707429129820139,0.019792435393161615,0.09442101751743871,0.028185119590016048,0.045633260875830264,0.0003200274600243327,8,22,0.04989064922096679,0.10197295704684685,True,False,False,7.609388422600395e-08,COMPLETE
1066,0.4308184981346131,2025-04-21 08:10:51.015599,2025-04-21 08:11:03.653128,0 days 00:00:12.637529,0.6558419205586756,0.1281479944240867,2,0.1875554244027939,0.09099483814560838,0.030300038459352654,0.09587794279833174,0.024644409096719694,0.04849017768219487,0.0002754488110175527,8,13,0.05244401038314135,0.08317809877403257,True,False,False,1.1597060064499752e-07,COMPLETE
1067,0.469198477268219,2025-04-21 08:11:03.991180,2025-04-21 08:11:16.598767,0 days 00:00:12.607587,0.6782767223255862,0.15204300034553203,2,0.15897431527509853,0.08317135671572033,0.015568897327486743,0.09385476286013679,0.022615787315841178,0.04275844481380775,0.00025390380104622483,8,19,0.05463623258289956,0.10454188477197379,True,False,False,9.327292555335364e-08,COMPLETE
1068,0.43831930160522464,2025-04-21 08:11:16.938599,2025-04-21 08:11:29.591591,0 days 00:00:12.652992,0.6852666860675586,0.14663388614135234,2,0.15529308649053042,0.08328725591410972,0.015296588800996467,0.004652185159713454,0.025659697445057316,0.04385963661858861,0.0003321190842226066,8,14,0.05618600417599042,0.09650483573496746,True,False,False,9.904159945999322e-08,COMPLETE
1069,0.1198116719722748,2025-04-21 08:11:29.930464,2025-04-21 08:11:41.049570,0 days 00:00:11.119106,0.7380882363305098,0.1714751423789087,2,0.15792048769742834,0.08539015813347717,0.014340940176790653,0.09371125174023018,0.02258671203543962,0.042021222616977875,0.00026491778197244446,8,17,0.055929496314590585,0.08841708536711254,True,False,True,8.913005384013958e-08,COMPLETE
1070,0.4381373345851899,2025-04-21 08:11:41.389043,2025-04-21 08:11:53.894037,0 days 00:00:12.504994,0.715873229586663,0.1472899679414071,2,0.16667255858176222,0.08926025944061589,0.016388025644622762,0.09327367927595323,0.027996562416252528,0.042985861824037165,0.00032052659356167774,8,10,0.051920589872685226,0.10590888549650143,True,False,False,1.2229565717587014e-07,COMPLETE
1071,0.4343141913414002,2025-04-21 08:11:54.234125,2025-04-21 08:12:06.913020,0 days 00:00:12.678895,0.6689375283328872,0.11809981016112786,2,0.1735781586026126,0.08163482040248764,0.014056252654048522,0.09442550961158502,0.02460793842100776,0.040319846367668666,0.00026303831820999205,8,15,0.055191148985943544,0.07665092953030912,True,False,False,7.465169417530584e-08,COMPLETE
1072,0.438029021024704,2025-04-21 08:12:07.262494,2025-04-21 08:12:19.988370,0 days 00:00:12.725876,0.6918936165836971,0.1826329227773703,2,0.17939849803965038,0.08326413690241977,0.01323674568627697,0.09334022174081504,0.022901048546005703,0.045382984419840504,0.00033234256513046907,8,18,0.04970405675846205,0.09256322050468233,True,False,False,1.0200520311259277e-07,COMPLETE
1073,0.46028866767883303,2025-04-21 08:12:20.331002,2025-04-21 08:12:33.664068,0 days 00:00:13.333066,0.701699668177239,0.15263187550366933,2,0.15980492153296438,0.08953949233182165,0.015880015846347083,0.09555386717074824,0.026156376110427117,0.039612201769681436,0.00025591457609369574,9,19,0.059100505500975196,0.10087570691573478,True,False,False,1.1649619050975678e-07,COMPLETE
1074,0.43615186214447027,2025-04-21 08:12:34.008174,2025-04-21 08:12:46.643381,0 days 00:00:12.635207,0.6733369011762781,0.16458195964233685,2,0.17028737008432523,0.0957033658689499,0.0120359086747511,0.09627573634932741,0.027930438564969247,0.046604543670011586,0.0002983541326297869,8,17,0.057403418115521826,0.10718413205996682,True,False,False,7.109164317645712e-08,COMPLETE
1075,0.4617478132247925,2025-04-21 08:12:46.989884,2025-04-21 08:13:00.171099,0 days 00:00:13.181215,0.6597175673868373,0.20044128753752238,2,0.14403553087275445,0.0829644772593439,0.018156033373936856,0.09382852533115622,0.02475646925623088,0.04745007420113599,0.00023884682400784508,9,20,0.05776313291461721,0.09547329286994118,True,False,False,8.961012579541964e-08,COMPLETE
1076,0.45700396299362184,2025-04-21 08:13:00.499549,2025-04-21 08:13:12.448745,0 days 00:00:11.949196,0.7157017397264455,0.12920254118916388,2,0.18642783473517208,0.09006498879986309,0.015776840510097957,0.09662896981993264,0.022656275616800153,0.04220113677544199,0.0003300644866921767,7,21,0.05315131697607682,0.08562415800210554,True,False,False,6.649645757937877e-08,COMPLETE
