number,value,datetime_start,datetime_complete,duration,params_alpha-eval,params_alpha-train,params_batch-size,params_eps-eval,params_eps-train,params_lambda-actions-eval,params_lambda-actions-train,params_lambda-frames-eval,params_lambda-frames-train,params_learning-rate,params_n-epochs,params_n-frames,params_radius-gw,params_rho,params_std-feats,params_ub-actions,params_ub-frames,params_weight-decay,state
1245,0.4466000854969025,2025-04-08 06:22:48.023813,2025-04-08 06:22:56.859534,0 days 00:00:08.835721,0.230996223045325,0.5706558257396773,16,0.043029575152950396,0.26595915594719566,0.028346688492582674,0.07807145630648246,0.0701726923372673,0.09126263193130696,1.4492518215234216e-05,27,107,0.09939913238552385,0.19146730416953775,False,False,True,9.74429244669598e-08,COMPLETE
1246,0.3990775942802429,2025-04-08 06:22:57.257572,2025-04-08 06:23:06.221677,0 days 00:00:08.964105,0.2676360416023645,0.5466930998257972,16,0.047082956572884735,0.26333162046682534,0.06907725547022972,0.07384333654909421,0.06790644506307364,0.0929183317387607,1.6450806738556173e-05,28,102,0.09991722078934694,0.1717969425638916,False,False,True,7.569462695437366e-08,COMPLETE
1247,0.4465037524700165,2025-04-08 06:23:06.617907,2025-04-08 06:23:15.560901,0 days 00:00:08.942994,0.2880180426738661,0.600144896220036,16,0.038106267159420004,0.2571364674855092,0.07116448881214593,0.07079934231741053,0.07012761399983318,0.09411665208965304,1.816845395782888e-05,27,105,0.09746858759399787,0.1985704618986841,False,False,True,7.22556937413213e-08,COMPLETE
1248,0.44646834135055546,2025-04-08 06:23:15.961090,2025-04-08 06:23:24.808881,0 days 00:00:08.847791,0.2830998260941324,0.5504352991451059,16,0.039537560113518645,0.2511460029234748,0.0737128232198582,0.07281737527775174,0.07169517424042726,0.09534780527307762,1.409117725275747e-05,27,104,0.09962146273997713,0.1904437189585989,False,False,True,1.211057789808598e-07,COMPLETE
1249,0.44476915001869205,2025-04-08 06:23:25.206068,2025-04-08 06:23:34.137293,0 days 00:00:08.931225,0.2310215436063708,0.5601892970534121,16,0.04137410103672312,0.2656138705318723,0.06953478495349413,0.06964175585971956,0.0722148417616409,0.09107331104020762,1.8774156172892676e-05,28,104,0.09848399264342768,0.17984188623660236,False,False,True,6.697115911512213e-08,COMPLETE
1250,0.3942846417427063,2025-04-08 06:23:34.534609,2025-04-08 06:23:44.064599,0 days 00:00:09.529990,0.22250417541996542,0.5784676485471089,16,0.03769765514301365,0.2597737294953555,0.06844051024055327,0.0720269286586846,0.0682867777463313,0.09296168543462623,1.2958967162787322e-05,27,109,0.09989800553066394,0.18579835470862438,False,False,False,9.183525115719779e-08,COMPLETE
1251,0.2622184753417969,2025-04-08 06:23:44.458735,2025-04-08 06:23:53.429323,0 days 00:00:08.970588,0.24189479421087076,0.5466890192396974,16,0.05735536442854636,0.2679509482001975,0.07580467127039697,0.07458283547738566,0.0723412220776518,0.09493533753783093,1.7402778113605972e-05,28,102,0.09728317668620305,0.18155073768126356,False,False,True,1.1594613077162418e-07,COMPLETE
1252,0.44859257936477664,2025-04-08 06:23:53.827281,2025-04-08 06:24:02.659590,0 days 00:00:08.832309,0.21887790867670553,0.5997279520643771,16,0.0425777186631522,0.25535229972882284,0.07034213267012263,0.0694613939644943,0.0696913385813233,0.09031602163546266,1.5300466130059287e-05,27,103,0.09969647760316268,0.20036972585044208,False,False,True,6.797898450248842e-08,COMPLETE
1253,0.43773472905158994,2025-04-08 06:24:03.057697,2025-04-08 06:24:12.099708,0 days 00:00:09.042011,0.274165786813231,0.6058524255172328,16,0.0452675653288777,0.25090908633349357,0.0674350177008446,0.06985703887179434,0.06396503401824989,0.08932736182031167,1.1531337496548368e-05,28,110,0.09987478919456781,0.21195781229433186,False,False,True,6.70337138841808e-08,COMPLETE
1254,0.2366740047931671,2025-04-08 06:24:12.498960,2025-04-08 06:24:21.476572,0 days 00:00:08.977612,0.26125928199114223,0.5903158053168368,16,0.06566403516278908,0.25719295410676957,0.0698516127974827,0.06860435379249477,0.06658236141682451,0.08974628873920751,1.3614628857147154e-05,28,106,0.09736094815511886,0.20433449897025174,False,False,True,5.8064641597107597e-08,COMPLETE
1255,0.23057131171226503,2025-04-08 06:24:21.896726,2025-04-08 06:24:31.462396,0 days 00:00:09.565670,0.24320759438170156,0.6428738033157787,16,0.050456711319971675,0.26732626050252456,0.066522980169404,0.06781101896208122,0.06974602016569724,0.09003152019594045,1.4320142065066349e-05,27,104,0.09995368086921447,0.19250116765428,True,False,True,8.933788472243887e-08,COMPLETE
1256,0.3228164076805115,2025-04-08 06:24:31.866957,2025-04-08 06:24:40.793350,0 days 00:00:08.926393,0.21871247791649587,0.6069716107766439,16,0.054109199531824456,0.25002065163713305,0.06829300599444633,0.06986732633192883,0.07280839966067142,0.09085495393293126,1.6765308084671523e-05,28,107,0.09771270613424328,0.19960047172078393,False,False,True,6.162956378377456e-08,COMPLETE
1257,0.3360968112945557,2025-04-08 06:24:41.198919,2025-04-08 06:24:50.162831,0 days 00:00:08.963912,0.2375423972943903,0.5755781656114846,16,0.04595990041528101,0.2554455856993402,0.07018625810537127,0.06903364589583649,0.06827082341232776,0.08896976261011239,1.332459542920981e-05,27,115,0.09988804567598587,0.1444340677958805,False,False,True,1.2473934349531497e-07,COMPLETE
1258,0.10490662455558777,2025-04-08 06:24:50.568441,2025-04-08 06:24:59.397503,0 days 00:00:08.829062,0.22318886255002704,0.6253523527463082,16,0.040643697758385444,0.262661665777477,0.07257001950737255,0.0712727016142222,0.06876302337852484,0.0914312399040092,1.790219937628914e-05,27,103,0.0999926581518728,0.20092811254121015,False,True,True,8.6721437572076e-08,COMPLETE
1259,0.39874998927116395,2025-04-08 06:24:59.803147,2025-04-08 06:25:08.737290,0 days 00:00:08.934143,0.2129309954149352,0.5774920952723227,16,0.05080154766379315,0.26790911987323773,0.06721891583157963,0.06900621411732638,0.06855628400678136,0.09220158675835916,1.4919292007328522e-05,28,107,0.09812171101231544,0.20873593687192626,False,False,True,1.0242784888602197e-07,COMPLETE
1260,0.36763840913772583,2025-04-08 06:25:09.141709,2025-04-08 06:25:18.065006,0 days 00:00:08.923297,0.2603730550527037,0.5926703972512603,16,0.05101658193411902,0.25175378334929327,0.07086122562484168,0.07001698354511736,0.07212707890776009,0.089147384436801,1.9299245999927103e-05,27,101,0.09720312880951959,0.1881640656413034,False,False,True,7.261321586910372e-08,COMPLETE
1261,0.42680131196975707,2025-04-08 06:25:18.468401,2025-04-08 06:25:27.491800,0 days 00:00:09.023399,0.24411188977015766,0.6018048325778494,16,0.04291509952053775,0.25953289764942344,0.06860188916389101,0.06799447094143622,0.06967537312185428,0.09211712164439607,1.1384390869005478e-05,28,104,0.09977128328231007,0.17317937668235395,False,False,True,1.40364025946804e-07,COMPLETE
1262,0.44044983386993414,2025-04-08 06:25:27.895058,2025-04-08 06:25:36.764134,0 days 00:00:08.869076,0.21706067256249864,0.5540766473923405,16,0.039971110530836074,0.26960287327333377,0.06650556705325444,0.07101594161656442,0.06911765396153251,0.08979174130696392,1.7015803293337334e-05,27,109,0.09756289429943064,0.19484915125745886,False,False,True,5.3805401915811735e-08,COMPLETE
1263,0.4416034042835236,2025-04-08 06:25:37.167631,2025-04-08 06:25:46.049058,0 days 00:00:08.881427,0.21472690243969494,0.6248902368190304,16,0.03606489538654632,0.26103325129866645,0.07323168775224682,0.07202159202026824,0.06424089713239597,0.09596085952711066,1.0064826265564062e-05,28,102,0.09744499388956035,0.17823759087901148,False,False,True,8.302136742358746e-08,COMPLETE
1264,0.42453861236572266,2025-04-08 06:25:46.456463,2025-04-08 06:25:55.296869,0 days 00:00:08.840406,0.23427325233828505,0.5706582204329234,16,0.04327685960988112,0.2514183935977976,0.07002973027826435,0.06948601727470159,0.07311932556647167,0.09262568318268545,1.9535898865160074e-05,27,100,0.09787372413995582,0.17523710216570837,False,False,True,6.258566984108194e-08,COMPLETE
1265,0.4472162961959839,2025-04-08 06:25:55.700133,2025-04-08 06:26:04.566574,0 days 00:00:08.866441,0.2181509184088978,0.5416360909874973,16,0.03472129799381538,0.2642726777374491,0.06813667607802219,0.07330409587450025,0.06749784238158514,0.08865225412314637,1.5253104969137948e-05,27,105,0.0972946148593193,0.16951422802649213,False,False,True,1.0601718296800345e-07,COMPLETE
1266,0.29669007658958435,2025-04-08 06:26:04.974190,2025-04-08 06:26:13.857192,0 days 00:00:08.883002,0.20774224244676442,0.6252290475876963,16,0.05278889273407573,0.2551505983094861,0.06589794983107648,0.09384371180968559,0.07178915473934576,0.09107645184176993,1.9556671597334725e-05,28,101,0.09990038196068134,0.1854174703795283,False,False,True,5.7091441948180655e-08,COMPLETE
1267,0.24048734903335572,2025-04-08 06:26:14.261739,2025-04-08 06:26:23.222562,0 days 00:00:08.960823,0.2415931886225431,0.5408769301475435,16,0.06258623906446545,0.2730060571540941,0.030971969393752106,0.06702985721725212,0.06217101097388064,0.09515236074607937,1.6564423189672273e-05,28,113,0.09703377623510415,0.17843702805204514,False,False,True,1.4759512605486614e-07,COMPLETE
1268,0.4495637357234955,2025-04-08 06:26:23.627962,2025-04-08 06:26:32.459510,0 days 00:00:08.831548,0.2678706545449378,0.5707687754563555,16,0.039739244898465795,0.26752962572154376,0.0716126604418795,0.06765749064221525,0.07335708289368428,0.09322356005295956,2.0813574947580992e-05,27,103,0.09725869401427277,0.20080153391164968,False,False,True,8.84478116101031e-08,COMPLETE
1269,0.44524332880973816,2025-04-08 06:26:32.863550,2025-04-08 06:26:41.749774,0 days 00:00:08.886224,0.28318375836008813,0.595894521922355,16,0.04757725505488235,0.27032972899553276,0.0744518590764505,0.066959320252904,0.07036422296212945,0.09404367691405909,1.2232583740106424e-05,27,108,0.09753916477957195,0.21318635297640678,False,False,True,1.0896860161136047e-07,COMPLETE
1270,0.3905541002750397,2025-04-08 06:26:42.153426,2025-04-08 06:26:51.556175,0 days 00:00:09.402749,0.24029968604741234,0.5783158329690151,16,0.05413142949497701,0.26035499092568665,0.07263402264471218,0.06728707133078536,0.07311102599153728,0.09334254498131447,2.0235870581518258e-05,27,104,0.09994289763780945,0.19652669172651568,False,False,False,8.693675486361027e-08,COMPLETE
1271,0.4385852336883545,2025-04-08 06:26:51.978250,2025-04-08 06:27:00.945776,0 days 00:00:08.967526,0.24828758795177905,0.5701106932118298,16,0.0464361174749475,0.2747247694104527,0.07179804547514673,0.06877856031094859,0.0652376274265699,0.09516987644790914,1.5124241680648289e-05,27,111,0.09835373769651522,0.2056314527490681,False,False,True,8.114623089546603e-08,COMPLETE
1272,0.4487347483634949,2025-04-08 06:27:01.361685,2025-04-08 06:27:10.222747,0 days 00:00:08.861062,0.27123522366766184,0.5978038246781344,16,0.041032827298043514,0.2688765425533458,0.07524839566051195,0.07076960253756417,0.07333371490808975,0.09681546131442846,1.8869759273656855e-05,27,107,0.09805317491154276,0.18734032680316368,False,False,True,1.299373341048015e-07,COMPLETE
1273,0.41332062482833865,2025-04-08 06:27:10.634365,2025-04-08 06:27:19.478013,0 days 00:00:08.843648,0.2633018267843458,0.5891722678451528,16,0.05018647546483611,0.26808685042741454,0.07503251589477046,0.07070410834862352,0.07366856785627487,0.0930695770606498,1.2923592956981311e-05,27,108,0.09812831220249477,0.20508399493727295,False,False,True,1.8633746885142612e-07,COMPLETE
1274,0.39557468295097353,2025-04-08 06:27:19.888022,2025-04-08 06:27:29.672899,0 days 00:00:09.784877,0.3034033008692172,0.5966124778842575,16,0.05883318310175927,0.2701222485479494,0.07287313293804518,0.07182216253298451,0.07329857879591578,0.09606821659250533,1.562414767627928e-05,27,113,0.09964933162208507,0.19965708211823655,True,True,True,1.4957385802647822e-07,COMPLETE
1275,0.43792286515235906,2025-04-08 06:27:30.084544,2025-04-08 06:27:38.987379,0 days 00:00:08.902835,0.27433215647497866,0.640202359258036,16,0.045833494754214756,0.2668960315490188,0.07726476904051591,0.07174523238109984,0.07087956532732376,0.09326736383581741,2.049669681023407e-05,27,109,0.09706413914412508,0.18702403584813362,False,False,True,1.3258701185982265e-07,COMPLETE
1276,0.44573537707328803,2025-04-08 06:27:39.397695,2025-04-08 06:27:48.295562,0 days 00:00:08.897867,0.27743053514238275,0.5957332486115718,16,0.0446798890872346,0.26236865553840494,0.07014124290064969,0.0667429485069478,0.07341709431578101,0.09206519535053394,1.69245070807039e-05,27,104,0.09799387671588193,0.1947730933200745,False,False,True,1.2939882606738225e-07,COMPLETE
1277,0.2698459565639496,2025-04-08 06:27:48.729800,2025-04-08 06:27:58.225457,0 days 00:00:09.495657,0.2740445116098845,0.6135006662276291,16,0.0583451979204819,0.2723320476331316,0.07576477894794675,0.07338215019061345,0.06966121848327024,0.09526262988727992,2.1701643184917714e-05,28,106,0.09983482923748462,0.1892123410505202,False,False,True,1.7071661711900383e-07,COMPLETE
1278,0.441907674074173,2025-04-08 06:27:58.635870,2025-04-08 06:28:07.513629,0 days 00:00:08.877759,0.2542541614884776,0.5627159445657587,16,0.0394019540953961,0.2571336566561066,0.071469914415009,0.06885483307066421,0.0715864261710267,0.09684424347677159,1.0123192482162238e-05,27,105,0.09980934860635579,0.20106959302919805,False,False,True,9.793463827221517e-08,COMPLETE
1279,0.4426679313182831,2025-04-08 06:28:07.919906,2025-04-08 06:28:16.868560,0 days 00:00:08.948654,0.2625052747460007,0.6112838263793273,16,0.040713940528884225,0.26338584524309666,0.07658155502218614,0.07086184005732628,0.07376741895398974,0.06249502671275771,2.060446144502586e-05,27,109,0.09705803910410905,0.1911861771113438,False,False,True,1.1247164000875915e-07,COMPLETE
1280,0.43683897852897646,2025-04-08 06:28:17.272270,2025-04-08 06:28:26.403823,0 days 00:00:09.131553,0.3083056820533562,0.6316378292489016,16,0.04875090848037332,0.2680235414103188,0.07415354936710497,0.06662567299386778,0.06851330298270807,0.09131743388220288,1.970997701426261e-05,28,111,0.09698603941266583,0.19682267810898574,False,False,True,1.3446820766445592e-07,COMPLETE
1281,0.4412865459918976,2025-04-08 06:28:26.810293,2025-04-08 06:28:35.793666,0 days 00:00:08.983373,0.2816641307747194,0.6241680509795291,16,0.03909513575414131,0.25405277916745705,0.07790636889139772,0.07285901886545303,0.07312142523021052,0.09415933984110242,1.3335343511168756e-05,27,106,0.09673284795387035,0.18075832168210326,False,False,True,2.2178326155702953e-07,COMPLETE
1282,0.38274991512298584,2025-04-08 06:28:36.198296,2025-04-08 06:28:44.995214,0 days 00:00:08.796918,0.2291538447672687,0.5859186597383323,16,0.05323059982572337,0.2752771255847287,0.07490449983231298,0.06897137743102805,0.06715765658012414,0.09127563485142881,1.6051400534857406e-05,27,100,0.09858590503381293,0.2194593143547392,False,False,True,1.695719785396074e-07,COMPLETE
1283,0.23329973816871644,2025-04-08 06:28:45.404510,2025-04-08 06:28:54.363331,0 days 00:00:08.958821,0.27193938548967245,0.5748229820589287,16,0.0706277751808035,0.2621621329231474,0.06896901688079733,0.0755266329424612,0.070288933671593,0.09614975530162614,2.192859167135082e-05,28,100,0.09669748218720184,0.209829507623564,False,False,True,1.0649170592192563e-07,COMPLETE
1284,0.4457998991012574,2025-04-08 06:28:54.790804,2025-04-08 06:29:03.622819,0 days 00:00:08.832015,0.26362424285782327,0.6016076047737661,16,0.043192991321576286,0.2507846099844618,0.07362392808404082,0.07090473868160636,0.07426657535454037,0.09361033945695273,1.8730729664506752e-05,27,102,0.09999385244492794,0.19302746955107233,False,False,True,7.424907504205885e-08,COMPLETE
1285,0.4460294604301453,2025-04-08 06:29:04.035192,2025-04-08 06:29:13.089923,0 days 00:00:09.054731,0.2825943644139402,0.563212258714033,16,0.04002229677826238,0.26831527182217196,0.06600969564375948,0.06796503589436087,0.0726279228838559,0.09530270134975696,1.5902913984083565e-05,28,98,0.09719887609884773,0.18301513978708117,False,False,True,9.218051279810789e-08,COMPLETE
1286,0.43700169324874877,2025-04-08 06:29:13.502221,2025-04-08 06:29:22.380679,0 days 00:00:08.878458,0.26102335021572615,0.5562357513948923,16,0.04014374543963267,0.2580910768175086,0.06959524741353659,0.0661531676584658,0.07118309002781666,0.09115258815434477,2.0620817494318756e-05,27,115,0.09817359922730358,0.17111478833153326,False,False,True,1.2474577017480752e-07,COMPLETE
1287,0.44194292426109316,2025-04-08 06:29:22.812595,2025-04-08 06:29:31.670302,0 days 00:00:08.857707,0.29645262327473026,0.57960244314642,16,0.035391767380628034,0.27349559078084684,0.06771462529842158,0.0722709742035908,0.07207914365795622,0.09814277148679248,1.2853329856635677e-05,27,108,0.09818432443119784,0.1839233168123632,False,False,True,6.814993729600989e-08,COMPLETE
1288,0.36045401096343993,2025-04-08 06:29:32.084310,2025-04-08 06:29:41.759139,0 days 00:00:09.674829,0.23907947552074404,0.6106627130459589,16,0.05198425968885928,0.24844979896463174,0.07189962556458375,0.07686246598378464,0.07438382442273238,0.0931352157245334,1.7414801665499215e-05,28,103,0.09631353421576254,0.19997197961899707,False,False,False,8.787637006544158e-08,COMPLETE
1289,0.43977568149566654,2025-04-08 06:29:42.169652,2025-04-08 06:29:50.973672,0 days 00:00:08.804020,0.2926359615079379,0.5551747027182253,16,0.04666616954421864,0.26401174316816495,0.06545915443808316,0.06987243374954127,0.06953546429720646,0.09698065058179638,2.1710902619052618e-05,26,112,0.09637876685249924,0.2056836971481823,False,False,True,1.5688479118771587e-07,COMPLETE
1290,0.4447890639305115,2025-04-08 06:29:51.384596,2025-04-08 06:30:00.321619,0 days 00:00:08.937023,0.29206518104327756,0.5684128018471447,16,0.03536903640474095,0.25916303663783546,0.07074336173898695,0.06772492959145479,0.06676368558889949,0.09474089085096339,2.1646228626658135e-05,27,99,0.0999042883833079,0.18946888780720877,False,False,True,1.694334878967515e-06,COMPLETE
1291,0.4449971377849579,2025-04-08 06:30:00.733026,2025-04-08 06:30:09.791636,0 days 00:00:09.058610,0.250933972620124,0.5859469477676104,16,0.03407236745251714,0.26859550321088943,0.06776094323761982,0.07494716999799307,0.06871185819859052,0.09074861861997992,1.4968378677387602e-05,28,106,0.0982105639935005,0.17555148808900736,False,False,True,5.233613123467946e-08,COMPLETE
1292,0.44811860322952274,2025-04-08 06:30:10.203203,2025-04-08 06:30:18.920722,0 days 00:00:08.717519,0.23598068033296535,0.5451048061872155,16,0.04118952540383761,0.25411235751085587,0.07558621747368818,0.07311384337034181,0.07403256379327956,0.09301773256270886,1.793810733802853e-05,26,100,0.09996560971644143,0.18559537157876402,False,False,True,1.1090088384035051e-07,COMPLETE
1293,0.3707799911499024,2025-04-08 06:30:19.337326,2025-04-08 06:30:28.695603,0 days 00:00:09.358277,0.2742851887064601,0.5484979621722553,16,0.04784467158037752,0.25116670572032673,0.07418159089294338,0.07885666203648377,0.07437757193636012,0.09197736553519237,1.2630184380889969e-05,26,103,0.09999394939748693,0.18849797268686425,True,True,True,7.375075438440463e-08,COMPLETE
1294,0.301669979095459,2025-04-08 06:30:29.106831,2025-04-08 06:30:37.953241,0 days 00:00:08.846410,0.2955525282663661,0.6093631778677133,16,0.0563763026116324,0.1996993099477211,0.07557861281056817,0.07627025459869749,0.07242341789519428,0.09037810770069125,1.7729202932975053e-05,26,102,0.09969890167131797,0.18016091330437134,False,False,True,6.260394252594308e-08,COMPLETE
1295,0.4368675529956818,2025-04-08 06:30:38.363114,2025-04-08 06:30:47.121049,0 days 00:00:08.757935,0.26094179440816473,0.6527190109892043,16,0.044803922420524875,0.24448521319327013,0.07533562511416053,0.07380702350429061,0.07429016431985169,0.09257288630209853,1.696830662692942e-05,26,107,0.0998908157712578,0.1936165865219977,False,False,True,9.376463063282178e-08,COMPLETE
1296,0.4317996323108674,2025-04-08 06:30:47.555757,2025-04-08 06:30:56.391227,0 days 00:00:08.835470,0.252156717786468,0.5735091317708718,16,0.04408645141911598,0.24817309306976593,0.07385705073311444,0.07376346536093141,0.07160105582501924,0.08980067690951743,1.4348784918618599e-05,26,109,0.09768135536847071,0.17091410136995283,False,False,True,1.974253007451497e-07,COMPLETE
1297,0.4486142158508301,2025-04-08 06:30:56.810542,2025-04-08 06:31:05.535680,0 days 00:00:08.725138,0.24067486063108393,0.5490149872351019,16,0.04055600985892559,0.253008540098257,0.07626855214350808,0.08232257483893299,0.07295770307581786,0.09299566883560234,1.8519615050745123e-05,26,100,0.09975654899569446,0.18391821295074334,False,False,True,1.2465612609778133e-07,COMPLETE
1298,0.3557183623313904,2025-04-08 06:31:05.951376,2025-04-08 06:31:14.737677,0 days 00:00:08.786301,0.27679561955415205,0.5474831632616546,16,0.05194686757932959,0.24597409561644665,0.0789708739778762,0.08185959572086277,0.06970638109068523,0.09090013232107813,1.14697835405113e-05,26,101,0.0982848156220284,0.1809420238373435,False,False,True,1.9205596211277617e-07,COMPLETE
1299,0.3710140407085419,2025-04-08 06:31:15.154894,2025-04-08 06:31:23.963803,0 days 00:00:08.808909,0.2556087579307027,0.5627673164501841,16,0.0509353706360171,0.24339404224252953,0.07770885598213836,0.08331727235835651,0.07075327007070728,0.08911918369915535,1.4897244518307953e-05,26,104,0.09847816639774662,0.18476348505390447,False,False,True,1.4705163164061623e-07,COMPLETE
1300,0.4431534588336945,2025-04-08 06:31:24.378667,2025-04-08 06:31:33.184611,0 days 00:00:08.805944,0.3251330634339792,0.5422760245191262,16,0.04094795379569999,0.25447335263105747,0.07891284791134337,0.0878059817132835,0.07472528964014644,0.09238250785863901,1.747086973405244e-05,26,107,0.0982391835465443,0.1867174484141338,False,False,True,1.1640548513385795e-07,COMPLETE
