number,value,datetime_start,datetime_complete,duration,params_alpha-eval,params_alpha-train,params_batch-size,params_eps-eval,params_eps-train,params_lambda-actions-eval,params_lambda-actions-train,params_lambda-frames-eval,params_lambda-frames-train,params_learning-rate,params_n-epochs,params_n-frames,params_radius-gw,params_rho,params_std-feats,params_ub-actions,params_ub-frames,params_weight-decay,state
907,0.4400744855403901,2025-04-21 07:39:50.316366,2025-04-21 07:39:58.208044,0 days 00:00:07.891678,0.5533414177470785,0.28003212255425364,8,0.20749822054502204,0.11108953237383119,0.019840637131792006,0.09980290872275256,0.021055033772228792,0.053112955709572154,0.00023185469658320337,6,29,0.07264966838874878,0.11796651491503399,True,False,False,6.342111493273413e-08,COMPLETE
908,0.4462496995925903,2025-04-21 07:39:58.498823,2025-04-21 07:40:09.734691,0 days 00:00:11.235868,0.573789153738838,0.24603510859795608,2,0.19938784348966773,0.100629026363861,0.017883441798209665,0.09797587417132887,0.021242037496477996,0.054495528214119376,0.00016898655337076413,6,32,0.07093179022921196,0.11117163857915274,True,False,False,6.49602058253497e-08,COMPLETE
909,0.4601275682449341,2025-04-21 07:40:10.028810,2025-04-21 07:40:21.922937,0 days 00:00:11.894127,0.5781158223120046,0.28586836062080767,2,0.20660883030169958,0.11008829684511656,0.019860948878431043,0.09827382254912471,0.018647623639413306,0.05991152308566189,0.00015802989370412014,7,27,0.07044136387509992,0.09671419191298365,True,False,False,4.515326289269962e-08,COMPLETE
910,0.4654608011245728,2025-04-21 07:40:22.220075,2025-04-21 07:40:33.494414,0 days 00:00:11.274339,0.5889634427134144,0.25344577109084293,2,0.20735660857628488,0.10823446953684457,0.016404954606887977,0.09996395428847488,0.020206346671169863,0.05904758864136663,0.00017266954840790218,6,28,0.0695598887113584,0.11937914456311384,True,False,False,2.855534276402908e-08,COMPLETE
911,0.4542272090911865,2025-04-21 07:40:33.774066,2025-04-21 07:40:44.991465,0 days 00:00:11.217399,0.5869047105064918,0.2406970074175446,2,0.21038626687439804,0.11581170371260255,0.01706904969243815,0.09998782772313794,0.01917972718686487,0.05671233742907492,0.00022222553891251658,6,35,0.06998870553329636,0.1051138939169129,True,False,False,2.758482535818204e-08,COMPLETE
912,0.09786572605371475,2025-04-21 07:40:45.282206,2025-04-21 07:40:55.483421,0 days 00:00:10.201215,0.5844167755115464,0.2539741504174933,2,0.20171779323984693,0.1090394655865852,0.01779581792060831,0.099863907805836,0.021483840822718113,0.05434799396312061,0.00013172908316643457,6,35,0.06994374975781818,0.11844670529733885,True,False,True,2.2703812952518558e-08,COMPLETE
913,0.4472277164459229,2025-04-21 07:40:55.776966,2025-04-21 07:41:06.321851,0 days 00:00:10.544885,0.5848988985263487,0.27455858463683463,2,0.21002241752934048,0.09283007858020978,0.023047090902750957,0.09781840251322275,0.020649622145139962,0.052444566926296246,0.0001558772976966984,5,31,0.07114637211375426,0.11443289538724596,True,False,False,3.482294356197337e-08,COMPLETE
914,0.4491211235523224,2025-04-21 07:41:06.620487,2025-04-21 07:41:17.835341,0 days 00:00:11.214854,0.5633478593638893,0.25152135296421463,2,0.20581008862488082,0.11154563810414171,0.020592789328643724,0.09990040779813164,0.020035640997641876,0.055990010359457276,0.0001370345986879745,6,29,0.07308188076415664,0.09796782371955641,True,False,False,3.2739868033421946e-08,COMPLETE
915,0.46315420866012574,2025-04-21 07:41:18.116682,2025-04-21 07:41:29.366242,0 days 00:00:11.249560,0.5750968927865824,0.27682024131683347,2,0.2089831149183906,0.10209442962618652,0.016866121011331548,0.09991862006201466,0.023163417996442646,0.058405406740277055,0.00016607199099615659,6,28,0.07110469170237683,0.11812570377241358,True,False,False,4.830021928160813e-08,COMPLETE
916,0.43986003994941714,2025-04-21 07:41:29.659576,2025-04-21 07:41:40.238614,0 days 00:00:10.579038,0.6051266632652099,0.2903567756593836,2,0.2102841570046289,0.09868473895259855,0.016944398538052068,0.09723272349914316,0.022271234688278324,0.060040048339318725,0.00019226426571041652,5,32,0.07208900500445337,0.10928224916634896,True,False,False,2.6455748038952836e-08,COMPLETE
917,0.447176742553711,2025-04-21 07:41:40.534996,2025-04-21 07:41:51.767751,0 days 00:00:11.232755,0.590624477871048,0.30171533264411105,2,0.21371664110509295,0.10718279876762173,0.020038365202816433,0.09793615451664685,0.022004446663255805,0.052596979509034435,0.0001677161903494486,6,27,0.07476266160017733,0.10084213785714279,True,False,False,1.8949395163983176e-08,COMPLETE
918,0.4580664396286011,2025-04-21 07:41:52.064258,2025-04-21 07:42:02.615688,0 days 00:00:10.551430,0.5658028303463432,0.23636718234038345,2,0.21051522285685567,0.10000926432006425,0.019252569761337126,0.09791869998453638,0.01861962556492262,0.056598144921039664,0.00015169381321795855,5,30,0.0720689022178034,0.12217444048587228,True,False,False,3.965435939655991e-08,COMPLETE
919,0.4600875020027161,2025-04-21 07:42:02.898360,2025-04-21 07:42:14.144955,0 days 00:00:11.246595,0.5520529407634572,0.27336479100059685,2,0.1983450209100485,0.10692709429505824,0.016081485967211658,0.09786936991189356,0.021080889657929,0.05948277782352691,0.00017805389682794363,6,27,0.06995706722215134,0.11242584075201872,True,False,False,2.06809290831418e-08,COMPLETE
920,0.4516429483890534,2025-04-21 07:42:14.442071,2025-04-21 07:42:25.539336,0 days 00:00:11.097265,0.551811118508044,0.2588324002592711,2,0.21353907141361964,0.10032302705581478,0.02604597722607042,0.0999925438191734,0.017722566213473054,0.05545712228531378,0.00020069142773939403,6,34,0.07374442575564229,0.12072512538628687,True,False,False,4.030798034906825e-08,COMPLETE
921,0.44837998151779174,2025-04-21 07:42:25.833965,2025-04-21 07:42:36.481473,0 days 00:00:10.647508,0.5758641274431553,0.27958515827432934,2,0.2053955012181758,0.10731797365745421,0.02342306164437053,0.0982127907404507,0.017536310016207847,0.052012480732320836,0.0001885920605908664,5,27,0.07434818456437081,0.11425546353703356,True,False,False,2.4555744676308467e-08,COMPLETE
922,0.44844129681587225,2025-04-21 07:42:36.779575,2025-04-21 07:42:48.668220,0 days 00:00:11.888645,0.5962952910002131,0.29127382848180605,2,0.21562935731387217,0.11705148997674929,0.018813909913518764,0.09985662113518418,0.022836724532502295,0.05381001482128484,0.00015049091272096126,7,31,0.07471080604002615,0.10137800586223313,True,False,False,4.9849784258227116e-08,COMPLETE
923,0.4707994878292084,2025-04-21 07:42:48.951611,2025-04-21 07:43:00.301902,0 days 00:00:11.350291,0.5431875788059788,0.23237787850789554,2,0.21609736190509726,0.11428104108779998,0.017532632432766607,0.09778981511833704,0.01978495441071886,0.05826832294869544,0.00021460397397589446,6,27,0.07121405899066319,0.11741909787416302,True,False,False,6.565772617474884e-08,COMPLETE
924,0.4514260172843933,2025-04-21 07:43:00.596860,2025-04-21 07:43:12.502485,0 days 00:00:11.905625,0.560685964750115,0.25170928450196856,2,0.2022905463432242,0.12102045811762609,0.017760679646992773,0.09776801435794022,0.01871269978830377,0.058162155392293184,0.00012259801073366235,7,35,0.06845858846941838,0.10935215577608512,True,False,False,7.380647262832269e-08,COMPLETE
925,0.45447513461112976,2025-04-21 07:43:12.799096,2025-04-21 07:43:24.679080,0 days 00:00:11.879984,0.5411729460085709,0.2399253314246858,2,0.19638365327590285,0.11253570711836478,0.016772261190664904,0.09789459390902862,0.021120807413468574,0.056890614777055946,0.00018765088135270285,7,30,0.07073561522996759,0.1153167534849655,True,False,False,5.0620629799318355e-08,COMPLETE
926,0.12161315381526948,2025-04-21 07:43:24.980963,2025-04-21 07:43:35.083312,0 days 00:00:10.102349,0.5694010642127518,0.22119792312796158,2,0.21628178716606947,0.09948213691810835,0.020829206874121316,0.09993518126747807,0.01956390032784334,0.0587872734726664,0.00019551039049346,6,28,0.06871829886551342,0.12165157238321364,True,True,False,6.70906944867756e-08,COMPLETE
927,0.44032314419746404,2025-04-21 07:43:35.368772,2025-04-21 07:43:47.321008,0 days 00:00:11.952236,0.5865436591543068,0.29942841365877937,2,0.21098179261697433,0.11500049283550708,0.015997059292718347,0.09791289551044391,0.0244825450528234,0.06066519732459907,0.0001563596966222002,7,32,0.07147287408511974,0.10664479623746179,True,False,False,3.673810229187056e-08,COMPLETE
928,0.45414428710937504,2025-04-21 07:43:47.617484,2025-04-21 07:43:58.876920,0 days 00:00:11.259436,0.5438869744518237,0.2621075009583326,2,0.20411936317235124,0.10602971595926851,0.018010974789953883,0.09770310197814915,0.021714724524306894,0.05451896111538967,0.00021815885025688685,6,28,0.07212111345341145,0.12115831381585665,True,False,False,4.856423281782298e-08,COMPLETE
929,0.3719318449497223,2025-04-21 07:43:59.175981,2025-04-21 07:44:07.168350,0 days 00:00:07.992369,0.5662240102875906,0.23374441938671658,8,0.21583300856033433,0.11212171868749399,0.02289063189451667,0.09817808708889772,0.022883284869033037,0.05725097722086243,0.00021151094323448952,6,48,0.0692195079037596,0.11682593626348071,True,False,False,7.897146536184369e-08,COMPLETE
930,0.44765010476112366,2025-04-21 07:44:07.467337,2025-04-21 07:44:19.333512,0 days 00:00:11.866175,0.6004018167429588,0.30308281634544904,2,0.20543261397998458,0.12159817005020837,0.01520602830201755,0.09767255702092949,0.020177760252599288,0.05502990260278825,0.00015673610640854567,7,28,0.07246384686665404,0.10982939358108212,True,False,False,5.7989376358735835e-08,COMPLETE
931,0.4522696733474732,2025-04-21 07:44:19.620159,2025-04-21 07:44:40.421335,0 days 00:00:20.801176,0.5443614835033528,0.30876226390059003,2,0.2182162678386876,0.10111621303007585,0.0207956681573878,0.09982314022835624,0.018787028971711237,0.059441723895697594,0.00022403624647878345,21,26,0.07381829011833416,0.09479239778102712,True,False,False,7.26670137262893e-08,COMPLETE
932,0.1434309035539627,2025-04-21 07:44:40.719888,2025-04-21 07:44:51.413822,0 days 00:00:10.693934,0.5367555096363416,0.25593661640778675,2,0.21153614683495658,0.09376687096238684,0.01468858357868779,0.09724015443103116,0.024785152783418397,0.056224636125090745,0.0001878929835792795,7,32,0.07578049479650557,0.1033458027171777,True,False,True,4.0481024177433045e-08,COMPLETE
933,0.46700996756553653,2025-04-21 07:44:51.714970,2025-04-21 07:45:03.067150,0 days 00:00:11.352180,0.5580090177150512,0.3175290126173171,2,0.21695520372029817,0.10655272486684143,0.014181933732190682,0.09723488714668174,0.01732445927402876,0.05117532229359865,0.00020327673369646126,6,25,0.06601088092882718,0.12274365392564832,True,False,False,5.025036089702439e-08,COMPLETE
934,0.451833975315094,2025-04-21 07:45:03.367563,2025-04-21 07:45:14.592800,0 days 00:00:11.225237,0.5865013413078839,0.31435393883287577,2,0.21814561479834396,0.10479014183598613,0.017586219422838105,0.09998350826303165,0.015949288040698006,0.051644035342567306,0.00011917247519025028,6,30,0.06728795580798666,0.12310660736004407,True,False,False,3.161242120781762e-08,COMPLETE
935,0.46167780756950383,2025-04-21 07:45:14.897861,2025-04-21 07:45:26.863585,0 days 00:00:11.965724,0.5673885864029119,0.2787708637291301,2,0.21231154085951637,0.1193942360451797,0.014670381968495048,0.09761058843978178,0.018637395196669765,0.05094288157126587,0.0001386356731899192,7,26,0.06709209471393228,0.117691854460118,True,False,False,5.241125423940394e-08,COMPLETE
936,0.44396467804908757,2025-04-21 07:45:27.155731,2025-04-21 07:45:38.315853,0 days 00:00:11.160122,0.5569194906872339,0.314493272232548,2,0.19626524535465556,0.11192596572667918,0.01572821818781854,0.09757930679490535,0.01668770075740495,0.05364599963298511,0.0001764110515831308,6,37,0.07111480070621287,0.11310493926504614,True,False,False,4.209541408712159e-08,COMPLETE
937,0.4583664417266846,2025-04-21 07:45:38.614698,2025-04-21 07:45:49.959088,0 days 00:00:11.344390,0.6072283959426346,0.29052557095750225,2,0.21864415211522206,0.09804626120267645,0.018635362487922538,0.09998050682543883,0.021922228048670996,0.051550464271283285,0.0001652159160882718,6,26,0.06852726072942698,0.12260446726171825,True,False,False,2.9338050189985967e-08,COMPLETE
938,0.44829897880554204,2025-04-21 07:45:50.261868,2025-04-21 07:46:02.260195,0 days 00:00:11.998327,0.586653657378688,0.2713693891420601,2,0.20166122349408683,0.10665764182012483,0.014743673942643063,0.09722058263113134,0.017087858087202264,0.053518652489265885,0.00020608635117869023,7,29,0.06924671666196412,0.11781762249348993,True,False,False,6.5760073552137e-08,COMPLETE
939,0.46357063651084907,2025-04-21 07:46:02.562687,2025-04-21 07:46:14.482551,0 days 00:00:11.919864,0.5384165415545539,0.31317017701209293,2,0.20837883527472484,0.11553190346351257,0.021869050137397827,0.09795547393614332,0.01697613032278468,0.060820226218794474,0.0001738147914235425,7,26,0.06551815615871334,0.10636437465849055,True,False,False,5.1260493675630376e-08,COMPLETE
940,0.45606495141983033,2025-04-21 07:46:14.771642,2025-04-21 07:46:25.945859,0 days 00:00:11.174217,0.5696074360893956,0.23489969941328104,2,0.21680618457899267,0.12702458982645076,0.019393943400096328,0.09679079910798613,0.019997882755251408,0.0557406292906088,0.00013986800026315516,6,35,0.06996429667255258,0.12419875190982936,True,False,False,7.906103329339323e-08,COMPLETE
941,0.44153646826744086,2025-04-21 07:46:26.246348,2025-04-21 07:46:37.455988,0 days 00:00:11.209640,0.5559358370785278,0.28804910102564646,2,0.22132962263895004,0.09688930839036312,0.01689638455849091,0.09775483989754911,0.023815308594275664,0.05816005454887482,0.00018019421652592808,6,32,0.07337371429360115,0.11712092376226554,True,False,False,5.368486945007285e-08,COMPLETE
942,0.46885626316070556,2025-04-21 07:46:37.761868,2025-04-21 07:46:49.601798,0 days 00:00:11.839930,0.6060699350592578,0.26375547937281907,2,0.20999982683508336,0.1087489750123456,0.014023937400693489,0.09671394464763401,0.020749003017819866,0.0504631601125097,0.00021095509835419732,7,26,0.07199743706754655,0.12433597064782541,True,False,False,6.676272621959165e-08,COMPLETE
943,0.45363371372222905,2025-04-21 07:46:49.907985,2025-04-21 07:47:01.808641,0 days 00:00:11.900656,0.6270256778094765,0.26454106398962046,2,0.21062176059480395,0.1091075964105254,0.014698957239750392,0.0999203304416222,0.019596962319308527,0.05153655574297562,0.00014059577437038471,7,30,0.06948956004837749,0.12422591462519635,True,False,False,6.460583522168972e-08,COMPLETE
944,0.46601162552833564,2025-04-21 07:47:02.116369,2025-04-21 07:47:13.389203,0 days 00:00:11.272834,0.6079257414711206,0.23465254733974655,2,0.20336689512620396,0.10522209504290701,0.014226232174570343,0.0969502939513179,0.020636911658489573,0.05029650054512034,0.00020730777559509956,6,26,0.0713464913491815,0.11399389631126099,True,False,False,4.335453873309392e-08,COMPLETE
945,0.18235135078430179,2025-04-21 07:47:13.679014,2025-04-21 07:47:23.852137,0 days 00:00:10.173123,0.60014436300164,0.22989750288782407,2,0.19619037105637613,0.10322207960114477,0.0140224527260723,0.0967798288914752,0.021407257458977924,0.050621540212806494,0.00019009403524597275,6,34,0.06575540761586136,0.11085828222954552,True,True,False,2.3234298165429777e-08,COMPLETE
946,0.45506846308708193,2025-04-21 07:47:24.154233,2025-04-21 07:47:34.894019,0 days 00:00:10.739786,0.6042509539987425,0.2584284531030849,2,0.1996554357081879,0.11558949217266427,0.016459954164966546,0.09993349004277338,0.018591139077121597,0.04992630271936988,0.0001580004215181139,5,30,0.07164993541949134,0.11244109481334817,True,False,False,3.230545125050913e-08,COMPLETE
947,0.4679059624671936,2025-04-21 07:47:35.197508,2025-04-21 07:47:46.516619,0 days 00:00:11.319111,0.6413013588142795,0.243735444001567,2,0.20380652678879407,0.10913685424477025,0.017791937958438916,0.09641004833382334,0.0204060985012426,0.05314098709968416,0.00021230748287878138,6,28,0.0701740750206023,0.10425338076438548,True,False,False,4.181052790844061e-08,COMPLETE
948,0.44484655261039735,2025-04-21 07:47:46.821511,2025-04-21 07:47:58.063240,0 days 00:00:11.241729,0.6579908140082908,0.21013704391529225,2,0.2048794610678355,0.10907328035448312,0.019444973583368177,0.09700260673064141,0.020732709040376534,0.0528761954713113,0.0001332494684759076,6,33,0.0691669097135864,0.0906549879207296,True,False,False,4.082473408682681e-08,COMPLETE
949,0.45781279206275943,2025-04-21 07:47:58.353443,2025-04-21 07:48:09.067390,0 days 00:00:10.713947,0.6300826188818498,0.24620883842539099,2,0.19311304958822653,0.123518273279895,0.01771998543182475,0.09680861563095108,0.02224515782074361,0.05408242559145852,0.000196562734653231,5,29,0.06763049942675808,0.10166829750481411,True,False,False,4.3386303165106504e-08,COMPLETE
950,0.4434595227241517,2025-04-21 07:48:09.371217,2025-04-21 07:48:20.672811,0 days 00:00:11.301594,0.6043581217718844,0.22654500572412284,2,0.20268068552599858,0.10363059909340627,0.01647414699382096,0.09654951140286162,0.01778922024731534,0.052946866390056045,0.00012154789583115664,6,33,0.07153440359640095,0.10759899591573671,True,False,False,3.475264300989162e-08,COMPLETE
951,0.45190161466598516,2025-04-21 07:48:20.978019,2025-04-21 07:48:31.591041,0 days 00:00:10.613022,0.6458615637793533,0.2399710007158446,2,0.19531925162633598,0.11386627908883067,0.014270165066274761,0.09824023379696056,0.020620689281026266,0.05457709402700397,0.00016688169497716237,5,27,0.07057819726401514,0.09769646482208987,True,False,False,1.5021312945524932e-08,COMPLETE
952,0.09659582376480104,2025-04-21 07:48:31.898039,2025-04-21 07:48:39.252489,0 days 00:00:07.354450,0.65840383209304,0.21978142313688526,8,0.2048971838795383,0.10873189094704713,0.017601950926334188,0.09686182423314889,0.016111504698769874,0.049896031926043215,0.00021279612929558773,6,30,0.06954957876630814,0.10316222964735972,True,False,True,6.121866455237023e-08,COMPLETE
953,0.46044658422470097,2025-04-21 07:48:39.559573,2025-04-21 07:48:50.906895,0 days 00:00:11.347322,0.6209884624081795,0.24484442708283055,2,0.20822553401140548,0.10305655911553858,0.020194824512148345,0.09810081236503651,0.019082694609055983,0.056127774550899304,0.0001572722612402589,6,29,0.06590577356073714,0.11150607713239027,True,False,False,2.893599303905994e-08,COMPLETE
954,0.4639536499977112,2025-04-21 07:48:51.203639,2025-04-21 07:49:02.443230,0 days 00:00:11.239591,0.6500059491218508,0.27465103096025445,2,0.21183534845929544,0.11871064290066792,0.016041972812236762,0.09844760544802092,0.02411306560816352,0.05254805332109842,0.00020534177441632853,6,27,0.07241925472582356,0.11513098026941182,True,False,False,4.7237452959799965e-08,COMPLETE
955,0.44611896872520446,2025-04-21 07:49:02.746429,2025-04-21 07:49:13.311114,0 days 00:00:10.564685,0.6442105823733474,0.2529302832741555,2,0.19318166518792415,0.09754898739226767,0.02216051296057916,0.09634362069782494,0.022594685440601944,0.05050888712397277,0.00018268717610335993,5,36,0.06698834961652435,0.10795877315453432,True,False,False,5.5733914946891746e-08,COMPLETE
956,0.43871048688888553,2025-04-21 07:49:13.616385,2025-04-21 07:49:25.487648,0 days 00:00:11.871263,0.7038589603700041,0.2691581524171189,2,0.20067604371328115,0.1105887752087703,0.014014512656410157,0.09657455369888673,0.019894456239871076,0.056245656166153866,0.00021282879653208324,7,32,0.07176115229769703,0.12034502032628987,True,False,False,7.961903513378886e-08,COMPLETE
957,0.45431585311889655,2025-04-21 07:49:25.794995,2025-04-21 07:49:37.139175,0 days 00:00:11.344180,0.6224069223234775,0.23533211006820914,2,0.2066429360716276,0.11695192770664989,0.01857821922717553,0.09859982886722896,0.017416090128253892,0.05461236221016078,0.00014465721879328134,6,26,0.06991166476580755,0.0949144348383598,True,False,False,3.76542615710776e-08,COMPLETE
958,0.43422129154205324,2025-04-21 07:49:37.449072,2025-04-21 07:49:48.651150,0 days 00:00:11.202078,0.6060739771133036,0.298151762668519,2,0.2125968283175191,0.10082755112399848,0.013988518609228144,0.09614366235135127,0.022364249264445184,0.052136854405099055,0.0002187803102841798,6,28,0.07245146098613554,0.0994983202397233,True,False,False,6.448445021593897e-08,COMPLETE
959,0.45578117370605475,2025-04-21 07:49:48.944707,2025-04-21 07:50:00.900024,0 days 00:00:11.955317,0.6431207550096846,0.22318310311221504,2,0.20268943873626494,0.09484085205512029,0.01608143207808948,0.09846989940112143,0.020454546106246283,0.05765615499375321,0.00011305558269500278,7,26,0.0743420948531498,0.11664528187876194,True,False,False,4.4419901460498e-08,COMPLETE
960,0.4529613316059113,2025-04-21 07:50:01.206369,2025-04-21 07:50:11.759464,0 days 00:00:10.553095,0.6324048698835697,0.2793519039465791,2,0.21533606667814978,0.1077253247904182,0.024335796567763794,0.09658035484039237,0.017994478279781383,0.05456804942271091,0.0001866970304330155,5,31,0.06423885305568888,0.1047990976012538,True,False,False,2.3375413763248814e-08,COMPLETE
961,0.46370506882667545,2025-04-21 07:50:12.066915,2025-04-21 07:50:23.330657,0 days 00:00:11.263742,0.6284749693223302,0.2619136352404331,2,0.20872946683347496,0.11141530122458637,0.017946909068513817,0.09973307340913282,0.023918113350039988,0.050247298643907284,0.0002300720433768922,6,26,0.0703626589620491,0.12192411702821042,True,False,False,8.09645269052839e-08,COMPLETE
962,0.45218896865844727,2025-04-21 07:50:23.642372,2025-04-21 07:50:35.629329,0 days 00:00:11.986957,0.5844874512458222,0.24752817252969753,2,0.2165241416622122,0.1033404179644739,0.021198770825116453,0.09989946245126723,0.021544668836372412,0.053535431238741625,0.00016806682574801874,7,29,0.07334346741771781,0.11231369228459287,True,False,False,5.5107387318586184e-08,COMPLETE
963,0.4668469369411469,2025-04-21 07:50:35.940942,2025-04-21 07:50:46.525884,0 days 00:00:10.584942,0.589251837751479,0.30256095045926423,2,0.19861470359796218,0.09975501231836033,0.014075858226700138,0.09668296790456503,0.018611249444035808,0.056221116541863084,0.000231752885155344,5,25,0.06725759328076482,0.0893937923702527,True,False,False,3.601403989548728e-08,COMPLETE
