number,value,datetime_start,datetime_complete,duration,params_alpha-eval,params_alpha-train,params_batch-size,params_eps-eval,params_eps-train,params_lambda-actions-eval,params_lambda-actions-train,params_lambda-frames-eval,params_lambda-frames-train,params_learning-rate,params_n-epochs,params_n-frames,params_radius-gw,params_rho,params_std-feats,params_ub-actions,params_ub-frames,params_weight-decay,state
850,0.44797812700271605,2025-04-21 07:28:32.853873,2025-04-21 07:28:45.357446,0 days 00:00:12.503573,0.5899075291149548,0.3550622396118369,2,0.25084121701456513,0.06750659170421675,0.004196314325488181,0.09389749062143114,0.044257016794997155,0.07048354810681329,0.0007084040108121983,8,27,0.07839450109496754,0.1784203012633494,True,False,False,2.827179016148154e-07,COMPLETE
851,0.09606253355741502,2025-04-21 07:28:45.632198,2025-04-21 07:28:55.217024,0 days 00:00:09.584826,0.5085142292028977,0.33247388548793233,2,0.2410047672849967,0.007601555826893635,0.01049722128941024,0.09603392228464959,0.04109555206131262,0.0756993106069997,0.0005558124033200678,5,21,0.08306780998458406,0.11363202455012719,True,False,True,8.834183638254359e-07,COMPLETE
852,0.3167714357376099,2025-04-21 07:28:55.476835,2025-04-21 07:29:07.935046,0 days 00:00:12.458211,0.8347616004711804,0.45479525932827136,2,0.21700192695630094,0.05978309587545157,0.06381927760085568,0.09170546011750795,0.03497438377530599,0.06891959472206485,0.0004425387650943992,7,145,0.08794006519890699,0.14405153622279507,True,False,False,4.367179614780412e-07,COMPLETE
853,0.4500035643577576,2025-04-21 07:29:08.209610,2025-04-21 07:29:19.471867,0 days 00:00:11.262257,0.5556218365309131,0.8637305228601455,2,0.23430566480109366,0.07372665757643707,0.0024260692689025637,0.09975576773298366,0.03844743704072657,0.05721682971509172,0.0003231479510925857,6,23,0.08104489150992257,0.17317379600551597,True,False,False,1.2579601816950951e-07,COMPLETE
854,0.44543148279190065,2025-04-21 07:29:19.746205,2025-04-21 07:29:37.586698,0 days 00:00:17.840493,0.46976831024845306,0.3829141324717691,2,0.22659693922394183,0.014113426824213507,0.0012166417398099972,0.09427091361764048,0.04658937507405348,0.08000259922325659,0.0002678505391034258,17,27,0.09325299451074437,0.13160336447677623,True,False,False,1.6793473327186564e-07,COMPLETE
855,0.45425069928169254,2025-04-21 07:29:37.863396,2025-04-21 07:29:50.321462,0 days 00:00:12.458066,0.5329993037787091,0.40658482693046843,2,0.2884791213261352,0.029811325496635798,0.005923129276389391,0.08965793052384478,0.027612736369486326,0.06711498880675196,0.0005877180917937721,8,20,0.08393257847307749,0.14838860809779328,True,False,False,5.082610309076507e-07,COMPLETE
856,0.4366948902606964,2025-04-21 07:29:50.583820,2025-04-21 07:30:03.701834,0 days 00:00:13.118014,0.5075567386911325,0.3769010039120146,2,0.25843247735609487,0.05392429453107077,0.007813114024201102,0.09648320289388236,0.03323464957483003,0.0721409707457431,0.00019618188903351092,9,32,0.08666952835930772,0.07789960721582205,True,False,False,3.215991446300561e-07,COMPLETE
857,0.4496097028255463,2025-04-21 07:30:03.975289,2025-04-21 07:30:14.399501,0 days 00:00:10.424212,0.792224394508221,0.433936905286501,2,0.24657575804183604,0.020866299646638185,0.0523703718525506,0.09284864969681776,0.03582137750519336,0.07769765311434136,0.0004152593428996814,5,17,0.08004571504143335,0.16143667792201732,True,False,False,2.1485775944941848e-07,COMPLETE
858,0.44815886020660406,2025-04-21 07:30:14.677020,2025-04-21 07:30:25.994831,0 days 00:00:11.317811,0.4846654368513931,0.4215664998638452,2,0.27465844049663823,0.07626099290832243,0.004247643317339812,0.08818186601274869,0.031144491471327043,0.07478296053728044,0.0008076395821706007,6,25,0.08185260200233124,0.18806570877160253,True,False,False,2.6605812095647193e-07,COMPLETE
859,0.3774924099445343,2025-04-21 07:30:26.258915,2025-04-21 07:30:38.158287,0 days 00:00:11.899372,0.4293920201409793,0.45249243692456553,2,0.2679500305339553,0.06644906687342778,0.012254158190177129,0.09799922273851112,0.040113875632250814,0.045825160813277775,0.0005159233890247119,7,55,0.08947511716621302,0.1689238905334822,True,False,False,1.1188690520210369e-07,COMPLETE
860,0.4541552841663361,2025-04-21 07:30:38.434602,2025-04-21 07:30:49.647059,0 days 00:00:11.212457,0.4497451745273697,0.35979772925977005,2,0.24081491404613856,0.035680017137295225,0.006275777040233457,0.0917446249529623,0.03757380095324358,0.08354385071098437,0.00034619199492498607,6,23,0.05389105518616027,0.15456594007152694,True,False,False,7.240254379624685e-07,COMPLETE
861,0.43891417384147646,2025-04-21 07:30:49.923092,2025-04-21 07:31:01.738488,0 days 00:00:11.815396,0.6577829725857504,0.39634516312846574,2,0.2519681239132271,0.08347625749454132,0.009209023723651196,0.026368185121516573,0.028871587938812674,0.07004535818907154,0.0002736885986066889,7,29,0.08635634240923887,0.12360492903809359,True,False,False,4.0932734257453765e-07,COMPLETE
862,0.4531069099903107,2025-04-21 07:31:02.002587,2025-04-21 07:31:14.545692,0 days 00:00:12.543105,0.5276091773535878,0.4061468706231989,2,0.29831630057970127,0.0703470390772803,0.004748476274703162,0.06513646571860737,0.04231772141280055,0.0672432345055451,0.00022832839158571017,8,21,0.0767507992540031,0.09365386234238425,True,False,False,1.5712619902609397e-07,COMPLETE
863,0.44881579279899597,2025-04-21 07:31:14.823679,2025-04-21 07:31:25.480149,0 days 00:00:10.656470,0.5628606569552986,0.3764424089319294,2,0.23708971818854085,0.04259454729172262,0.00761542612936809,0.09547087963755085,0.03384516268194365,0.08144972772469222,0.00040991696970881647,5,15,0.08470611989377591,0.18021042097352818,True,False,False,5.592688652324427e-07,COMPLETE
864,0.4572953343391419,2025-04-21 07:31:25.758270,2025-04-21 07:31:36.839932,0 days 00:00:11.081662,0.5048946902464273,0.43177409775518444,2,0.22997836298711538,0.025810568966293395,0.0010675261807734883,0.09391474938450445,0.0871337110626914,0.07347971862862758,0.0004899635023151444,6,26,0.09149387440905912,0.1378832684082529,True,False,False,0.0007399371965785195,COMPLETE
865,0.14297377169132233,2025-04-21 07:31:37.120675,2025-04-21 07:31:44.666195,0 days 00:00:07.545520,0.4807248453741053,0.344920529427077,8,0.2603301637394523,0.05888387235422367,0.010802533543797177,0.09004917644064975,0.03577205081963093,0.07931886743864143,0.013240367251278801,8,19,0.07871033380232359,0.16471917119586832,True,True,False,3.420856658753902e-07,COMPLETE
866,0.4605295181274414,2025-04-21 07:31:44.936515,2025-04-21 07:31:55.553441,0 days 00:00:10.616926,0.5477981591181428,0.46516194443402564,2,0.24415481934408564,0.0934439596896798,0.00294571354529451,0.03404261708488693,0.055264120205241754,0.07159168035605842,0.0006848646505055996,5,23,0.08226089874667461,0.17390214558053835,True,False,False,2.323157189573602e-07,COMPLETE
867,0.459594601392746,2025-04-21 07:31:55.830987,2025-04-21 07:32:07.750707,0 days 00:00:11.919720,0.6022387666270304,0.41902592896192875,2,0.25309401055901687,0.05070228807477335,0.005434254645388849,0.0862430028070552,0.03877971381897898,0.07658872206136913,0.00032063955366758287,7,21,0.08872995166535196,0.14757363776761298,True,False,False,1.91311288856446e-07,COMPLETE
868,0.44389177560806276,2025-04-21 07:32:08.031606,2025-04-21 07:32:19.219019,0 days 00:00:11.187413,0.6261533784241711,0.39741861249080956,2,0.23631613802063248,0.07974894315483004,0.008715906598739767,0.09634956386943655,0.03268983552429556,0.05061077100783717,0.0003791235301790519,6,29,0.08387331753601915,0.1562804482305268,True,False,False,7.48729815991356e-08,COMPLETE
869,0.4574843645095826,2025-04-21 07:32:19.486613,2025-04-21 07:32:32.507728,0 days 00:00:13.021115,0.5199256149118272,0.44293297057898123,2,0.22295473314849032,0.017794443704518274,0.0068442725957606415,0.09835396343995374,0.03729728229368622,0.06898470361910097,0.001022421909360238,9,25,0.08632335184273707,0.1329379144809635,True,False,False,4.6199889705196e-07,COMPLETE
870,0.17159390151500703,2025-04-21 07:32:32.783953,2025-04-21 07:32:43.389012,0 days 00:00:10.605059,0.01569622296811074,0.38324730972271837,2,0.2480914935163267,0.06445324006267333,0.00391659266483736,0.09157539835790254,0.030436477697273052,0.06665587522135036,0.0005827561960591146,7,17,0.07984600265053605,0.16626439991432299,True,False,True,1.3908066113496609e-07,COMPLETE
871,0.4510921597480774,2025-04-21 07:32:43.668395,2025-04-21 07:32:54.420644,0 days 00:00:10.752249,0.46016984039295367,0.3647018899219819,2,0.26505439224890365,0.03297464623291929,0.012667009199079716,0.0943881612893898,0.04057201232725456,0.07466584831597611,0.0004707656366992385,5,22,0.08294264905153419,0.1431271176840883,True,False,False,2.7466081342618715e-07,COMPLETE
872,0.4688740611076355,2025-04-21 07:32:54.705438,2025-04-21 07:33:07.316437,0 days 00:00:12.610999,0.4898466905421129,0.32916557561367166,2,0.22970662825934043,0.07006719157768204,0.009516116307929331,0.09988329112577446,0.03507851657003059,0.054011640082201585,0.00031969880271341623,8,26,0.07457155377482408,0.175540704728306,True,False,False,1.0291669139997903e-07,COMPLETE
873,0.45550150275230405,2025-04-21 07:33:07.585398,2025-04-21 07:33:18.769019,0 days 00:00:11.183621,0.49875508914261935,0.3165844517742586,2,0.2194262338202359,0.060117753182356765,0.014162806359895492,0.09927311796875213,0.03444468077764839,0.055495202529104115,0.0002391843239792746,6,31,0.07586310795117743,0.18544619223991682,True,False,False,5.8018921800121996e-08,COMPLETE
874,0.4507913708686829,2025-04-21 07:33:19.049275,2025-04-21 07:33:31.543411,0 days 00:00:12.494136,0.5376734428732699,0.32154698520230557,2,0.22764512064182646,0.06939610196914484,0.010968675253435022,0.09994537131188896,0.03154412705440687,0.052364627804876315,0.00019292181942607138,8,28,0.07370868410081094,0.1799100021879518,True,False,False,7.232335662227867e-08,COMPLETE
875,0.4484180092811585,2025-04-21 07:33:31.828062,2025-04-21 07:33:48.606205,0 days 00:00:16.778143,0.5747309992187519,0.29282053651187573,2,0.21531401692632993,0.054409238708515134,0.010197838499413308,0.09990846001377826,0.034419169945193256,0.05485127442473345,0.00028423654226010986,15,32,0.07531205468438965,0.17551823678654443,True,False,False,8.090121175042695e-08,COMPLETE
876,0.4620907366275787,2025-04-21 07:33:48.891200,2025-04-21 07:34:00.817587,0 days 00:00:11.926387,0.5158275853542442,0.33276121608705106,2,0.22958236308625518,0.0647323584897815,0.016557951156216433,0.09995379489886251,0.032712524777270005,0.053895205047649795,0.00030423204764263044,7,26,0.07764934398449225,0.18070314269144228,True,False,False,1.39724304863094e-07,COMPLETE
877,0.44726538658142095,2025-04-21 07:34:01.088090,2025-04-21 07:34:14.244122,0 days 00:00:13.156032,0.48525740233725023,0.3151950772211217,2,0.2089301191374012,0.0415331139771599,0.013056702611312688,0.09770186157995699,0.029478770846549773,0.05179785456455977,0.0002276991442509692,9,28,0.07590150593233243,0.19181640843178357,True,False,False,1.0050954229027841e-07,COMPLETE
878,0.09055355936288834,2025-04-21 07:34:14.526676,2025-04-21 07:34:25.505103,0 days 00:00:10.978427,0.5413347882976973,0.3546091112848031,2,0.23348993892162007,0.005405007957505384,0.009865890075447654,0.09810029952537154,0.0364563365272882,0.053926940946114416,0.000831974037134333,6,25,0.07448003646633353,0.1902220640631397,True,False,False,9.414474441468377e-08,COMPLETE
879,0.4560442090034485,2025-04-21 07:34:25.792177,2025-04-21 07:34:36.302347,0 days 00:00:10.510170,0.5080270857368817,0.33508239998752704,2,0.22904115637048347,0.013118434402512957,0.008604528378030867,0.09828252663020379,0.03527503566735744,0.057899198630522994,0.0003446332798766998,5,30,0.07882259906540173,0.17167440447431218,True,False,False,9.164155940438323e-08,COMPLETE
880,0.4642220735549927,2025-04-21 07:34:36.571401,2025-04-21 07:34:48.485546,0 days 00:00:11.914145,0.49750880983402795,0.3383674589018422,2,0.21904199371676433,0.0705491275963833,0.011996756886670823,0.09685698091984377,0.03346363050668259,0.05927877859492905,0.0002733670536359261,7,24,0.07686629948524651,0.12855703080151162,True,False,False,1.2119532080226044e-07,COMPLETE
881,0.4309633672237396,2025-04-21 07:34:48.767810,2025-04-21 07:35:01.289291,0 days 00:00:12.521481,0.4758250645954318,0.3503439862564731,2,0.22041549634821644,0.0748354426753768,0.015127534970213057,0.09982037941973668,0.030737215263020732,0.05833402870976938,0.00032492394861921326,8,33,0.07354254827512108,0.040137141144875266,True,False,False,1.1758966678220961e-07,COMPLETE
882,0.4548188388347626,2025-04-21 07:35:01.573380,2025-04-21 07:35:14.106615,0 days 00:00:12.533235,0.4429463435055829,0.311185406421011,2,0.2219000313995538,0.07287068314499676,0.011555592474406944,0.0973367761523277,0.027173722932169676,0.05502485649741442,0.00028292330388960627,8,27,0.0747325594907277,0.1219728272005004,True,False,False,1.0499877191847766e-07,COMPLETE
883,0.4704865038394928,2025-04-21 07:35:14.394302,2025-04-21 07:35:26.319865,0 days 00:00:11.925563,0.49185163423253636,0.32043652792344074,2,0.22415957825812813,0.0877903399192097,0.012506242168344374,0.09994820011717934,0.03183661749455731,0.05956887925651737,0.00040677060011809707,7,24,0.07647952452474117,0.11504930538718114,True,False,False,1.1344276256691772e-07,COMPLETE
884,0.17257676720619203,2025-04-21 07:35:26.591955,2025-04-21 07:35:37.313845,0 days 00:00:10.721890,0.4604966400578499,0.30010547855596564,2,0.21621675487832936,0.08711710148284502,0.014415308997576844,0.09851974496890363,0.028685862558756856,0.05974088106820173,0.00039443168867311055,7,30,0.07623560423951743,0.11104800588740242,True,True,False,7.760406091322981e-08,COMPLETE
885,0.4696657955646515,2025-04-21 07:35:37.598448,2025-04-21 07:35:49.537281,0 days 00:00:11.938833,0.4879074722576108,0.32621570096460506,2,0.22274662383817603,0.0793128781627518,0.014963851898264921,0.09838363858588965,0.03141386616874687,0.057198904163513836,0.00042179426908728736,7,26,0.07656497338010779,0.11648854353432364,True,False,False,7.68383493623594e-08,COMPLETE
886,0.43932743072509767,2025-04-21 07:35:49.822509,2025-04-21 07:35:57.771636,0 days 00:00:07.949127,0.4895501486028956,0.3018800438523758,8,0.21714625487911618,0.08989727054777157,0.01824076884892071,0.09978145895152536,0.02736987285537253,0.05466346008264437,0.0003317271475980184,7,29,0.07415038387284334,0.10639603311854139,True,False,False,6.395624712725346e-08,COMPLETE
887,0.4530844211578369,2025-04-21 07:35:58.044664,2025-04-21 07:36:09.841893,0 days 00:00:11.797229,0.4903224704133245,0.30351202304452984,2,0.2034166574658333,0.08265187126562719,0.017004869579080862,0.09965294240764323,0.030476225694436823,0.05779401344694563,0.00043193503504722824,7,33,0.07589536891302347,0.10936692111441801,True,False,False,4.4010890370907265e-08,COMPLETE
888,0.4747570335865021,2025-04-21 07:36:10.126142,2025-04-21 07:36:22.022144,0 days 00:00:11.896002,0.5009315069592348,0.32271549225145624,2,0.21620353934895575,0.08729297005630027,0.015517142570771893,0.09987279909117854,0.028158489915165452,0.05727211208813016,0.00035002246815096365,7,25,0.07462557053393495,0.11721443785555344,True,False,False,7.726061734451047e-08,COMPLETE
889,0.4536201655864716,2025-04-21 07:36:22.307162,2025-04-21 07:36:34.156897,0 days 00:00:11.849735,0.5039010194934929,0.2906260470794924,2,0.21411382951759667,0.09455442000667928,0.01609962178741406,0.09933183065710398,0.031448801024071514,0.05831562298948151,0.00026333797072323627,7,30,0.07314942196826353,0.11199818068824481,True,False,False,6.926724306901586e-08,COMPLETE
890,0.46911106109619144,2025-04-21 07:36:34.447905,2025-04-21 07:36:45.693893,0 days 00:00:11.245988,0.5139729769207206,0.2738772721224759,2,0.2122839901663044,0.09889296167120443,0.017614736681196206,0.09949752314929233,0.026747721555394087,0.055720402706788894,0.0002999000058832906,6,26,0.07433781481873034,0.11891694935398457,True,False,False,4.604158196694454e-08,COMPLETE
891,0.17429079711437226,2025-04-21 07:36:45.969912,2025-04-21 07:36:56.054488,0 days 00:00:10.084576,0.5260435302771523,0.2834810417776849,2,0.2031058472387467,0.08406227567602294,0.014952620777242086,0.09990796598414449,0.02715933575164575,0.05750895892985319,0.00025935178759734103,6,28,0.07293423422239437,0.11743397570445546,True,False,True,4.3451417529492875e-08,COMPLETE
892,0.4486649930477143,2025-04-21 07:36:56.340533,2025-04-21 07:37:07.582426,0 days 00:00:11.241893,0.5244045369602897,0.2693990882397125,2,0.2125991400862322,0.08594039132723832,0.017907648306087574,0.09865535105702394,0.026833401961907827,0.05696009212593958,0.00021480786210548964,6,33,0.07456871503874088,0.10499289660468497,True,False,False,5.441687823921239e-08,COMPLETE
893,0.4486793637275696,2025-04-21 07:37:07.869572,2025-04-21 07:37:19.065254,0 days 00:00:11.195682,0.5131799131072677,0.31848191681623234,2,0.21357116365378925,0.08470119132055258,0.016293881499521327,0.0995955525214213,0.024357214309452275,0.059521848817598144,0.0003008533281832177,6,30,0.07535497667064339,0.11509444334654172,True,False,False,3.759288336770911e-08,COMPLETE
894,0.46500339508056643,2025-04-21 07:37:19.354143,2025-04-21 07:37:30.680012,0 days 00:00:11.325869,0.5399889547792388,0.28060975907267816,2,0.21171944105700968,0.0990858400335107,0.016106467715727213,0.09835874116939715,0.022345353511326764,0.05628838946650386,0.00025046132466687064,6,27,0.07257943166498895,0.11455223599094343,True,False,False,5.524052919201086e-08,COMPLETE
895,0.4479622125625611,2025-04-21 07:37:30.956433,2025-04-21 07:37:42.198844,0 days 00:00:11.242411,0.531371880971877,0.2932082742837524,2,0.22238727916585693,0.09264214168727772,0.017973031791757563,0.09812003751717921,0.023175444705236813,0.05548379463668136,0.00018913653846526344,6,33,0.07238759136570606,0.11318852555601784,True,False,False,4.8195825457238315e-08,COMPLETE
896,0.4503235995769501,2025-04-21 07:37:42.485949,2025-04-21 07:37:53.841567,0 days 00:00:11.355618,0.5565163068722461,0.28439443561385397,2,0.20546556889542847,0.09673299964091521,0.016113944281498552,0.09999856600650607,0.023445786005645897,0.05532052478254237,0.00019767461387073366,6,28,0.07493352523111664,0.1052946670473685,True,False,False,4.7054783285079805e-08,COMPLETE
897,0.4525505065917969,2025-04-21 07:37:54.129668,2025-04-21 07:38:05.379153,0 days 00:00:11.249485,0.5418332909729553,0.26223513785602504,2,0.20723947950408075,0.10254449317439664,0.014995374270266511,0.09862570677596032,0.024258478369398383,0.05781806657266617,0.00023977085114724634,6,31,0.07268179298747858,0.11575061480676456,True,False,False,3.974035500974686e-08,COMPLETE
898,0.4519013524055481,2025-04-21 07:38:05.671299,2025-04-21 07:38:16.892676,0 days 00:00:11.221377,0.549242091968582,0.2693284903661849,2,0.21598854163378592,0.09580202675080794,0.015179402847796945,0.09992631705780064,0.02541428541228563,0.0565888992094059,0.0002145305120092485,6,27,0.07449781882816874,0.11706656211512541,True,False,False,5.730305297456003e-08,COMPLETE
899,0.46800417900085456,2025-04-21 07:38:17.169522,2025-04-21 07:38:28.397544,0 days 00:00:11.228022,0.5308512476597064,0.2838130321318109,2,0.20903839350328451,0.10975581287274107,0.020271754517086793,0.09963262524207828,0.020881346261924075,0.05665530796365684,0.00027175188500900974,6,26,0.07369817651322443,0.11193881647794693,True,False,False,6.005257744421987e-08,COMPLETE
900,0.45574268102645876,2025-04-21 07:38:28.686960,2025-04-21 07:38:39.990703,0 days 00:00:11.303743,0.5334301165748776,0.2580681229501271,2,0.2103928364383955,0.11327866940268455,0.019966805197105253,0.09991260391749313,0.022050847201178617,0.056929401447588804,0.0002625289191254784,6,30,0.07169210568331925,0.10603485559263184,True,False,False,5.726747698237579e-08,COMPLETE
901,0.4430377721786499,2025-04-21 07:38:40.281589,2025-04-21 07:38:52.078136,0 days 00:00:11.796547,0.5604608460395162,0.24980507078288228,2,0.19969895030560442,0.09734933469442641,0.019570632692799222,0.09984135068521431,0.02563310913314889,0.056399528212067035,0.00028740981557077283,7,34,0.07359581637627848,0.1120132092471518,True,False,False,3.4585062623562423e-08,COMPLETE
902,0.46586908102035524,2025-04-21 07:38:52.371752,2025-04-21 07:39:03.715831,0 days 00:00:11.344079,0.5186153601809681,0.26176929135761084,2,0.19972937513854677,0.11497444831223015,0.017985448575964322,0.0998871638721317,0.02040200384658514,0.053681324572830785,0.00019167454882608798,6,27,0.0715549711247543,0.10057957603867523,True,False,False,5.960702825412204e-08,COMPLETE
903,0.4474972724914551,2025-04-21 07:39:03.990967,2025-04-21 07:39:15.248103,0 days 00:00:11.257136,0.5431983300565388,0.26689321635610475,2,0.19708529394877333,0.1156670731403667,0.01872452980438674,0.09860248000633952,0.02062884418951517,0.05364571038193759,0.00017203505824927876,6,32,0.07385666123239809,0.10914935898438503,True,False,False,5.639463301309614e-08,COMPLETE
904,0.45106167793273927,2025-04-21 07:39:15.537970,2025-04-21 07:39:27.371123,0 days 00:00:11.833153,0.5263119862083542,0.2752039772582612,2,0.2091786243725709,0.10908883496331788,0.022829728237964617,0.09952512716411266,0.023922910095900494,0.05603127780144427,0.00018712809585877524,7,30,0.07320597364429064,0.10604553513216339,True,False,False,3.516163217933703e-08,COMPLETE
905,0.4654175043106079,2025-04-21 07:39:27.662564,2025-04-21 07:39:39.008383,0 days 00:00:11.345819,0.5660565329290108,0.28242564581541174,2,0.22047897461035007,0.10758710219088857,0.019969109466205705,0.0981072947352286,0.01842534058500194,0.05301383046595815,0.00017968216831456028,6,28,0.07110031347304595,0.11846766535454076,True,False,False,4.421511363796819e-08,COMPLETE
906,0.17532507777214051,2025-04-21 07:39:39.302495,2025-04-21 07:39:50.037229,0 days 00:00:10.734734,0.563791531235978,0.26291731772967425,2,0.20187175489765416,0.1049466242609363,0.021352054344619977,0.09989665985700641,0.01947366462612671,0.053128778228270425,0.00016983664589588805,7,33,0.0713388076057729,0.10028732025216841,True,True,False,2.940188866626707e-08,COMPLETE
