number,value,datetime_start,datetime_complete,duration,params_alpha-eval,params_alpha-train,params_batch-size,params_eps-eval,params_eps-train,params_lambda-actions-eval,params_lambda-actions-train,params_lambda-frames-eval,params_lambda-frames-train,params_learning-rate,params_n-epochs,params_n-frames,params_radius-gw,params_rho,params_std-feats,params_ub-actions,params_ub-frames,params_weight-decay,state
1471,0.4450169861316681,2025-04-08 06:59:47.980805,2025-04-08 06:59:57.588784,0 days 00:00:09.607979,0.39616701746215977,0.5455374337463746,16,0.057828024728418054,0.27593789745074865,0.07835032096313392,0.08675970006725271,0.06433349456914259,0.08108144098115759,2.8553332981285847e-05,25,122,0.09619028937096946,0.24233705999559677,True,False,True,1.8097473611227534e-07,COMPLETE
1472,0.4513978242874146,2025-04-08 06:59:58.058076,2025-04-08 07:00:07.681775,0 days 00:00:09.623699,0.3287098175473719,0.5214549590019099,16,0.05074825771696367,0.27079164741133993,0.0787215951895836,0.08502762480319438,0.061656149491986396,0.07994047134961714,2.519563623363724e-05,25,120,0.09726195769636901,0.22187434989624716,True,False,True,1.3310536357122657e-07,COMPLETE
1473,0.33131385445594785,2025-04-08 07:00:08.149566,2025-04-08 07:00:29.124367,0 days 00:00:20.974801,0.3618787561532689,0.5210784163740025,2,0.06486599484206412,0.2767430936781777,0.0809346660092262,0.08434299184334945,0.0577726650320552,0.07888787710887792,2.8129696326890457e-05,25,124,0.09621514076802858,0.232885023317026,True,False,True,2.874102896041069e-07,COMPLETE
1474,0.43521066904067995,2025-04-08 07:00:29.612624,2025-04-08 07:00:39.209303,0 days 00:00:09.596679,0.3358337341661049,0.5238143817054651,16,0.06105958989446188,0.2804107626198666,0.07854940440603518,0.08926527580733443,0.0602702028968107,0.07940077394748915,2.5496789397194667e-05,25,120,0.09655787508220079,0.2357229116777295,True,False,True,1.6426036811560785e-07,COMPLETE
1475,0.4432319700717926,2025-04-08 07:00:39.682743,2025-04-08 07:00:49.362012,0 days 00:00:09.679269,0.3413400979160242,0.5237697992181531,16,0.05660831945298788,0.2720803537086814,0.08098410898185099,0.08653357311986319,0.061845016042409315,0.08210188284524599,2.7509803403482166e-05,25,120,0.09537180245706747,0.2345989539488212,True,False,True,1.2293337003591446e-07,COMPLETE
1476,0.44565346240997317,2025-04-08 07:00:49.836364,2025-04-08 07:00:59.618431,0 days 00:00:09.782067,0.3274988211549778,0.5419513319214297,16,0.05145638407224013,0.2705854100832394,0.0785699387073579,0.08538381420595717,0.055752274372481196,0.07929339631660699,2.4147726406671855e-05,25,126,0.096856151083915,0.22843555014521388,True,False,True,2.229641246520578e-07,COMPLETE
1477,0.3878896176815033,2025-04-08 07:01:00.115495,2025-04-08 07:01:09.688406,0 days 00:00:09.572911,0.31935377882609706,0.5226755038723099,16,0.0703796105745897,0.2830403880179324,0.08291672237556945,0.09171499956380795,0.06201536353095456,0.07874281944951825,2.8167627049149773e-05,25,117,0.09498348819998212,0.24225961543039568,True,False,True,1.7231960673856868e-07,COMPLETE
1478,0.4469437956809998,2025-04-08 07:01:10.161977,2025-04-08 07:01:19.743355,0 days 00:00:09.581378,0.36382924397991007,0.557403555624696,16,0.050905983809235694,0.2743776588285505,0.08114305567358969,0.08823162745477804,0.05971711152240564,0.07910684466910789,2.356640829512787e-05,25,122,0.09745637810039762,0.2558326043993562,True,False,True,1.3704635025980893e-07,COMPLETE
1479,0.30964084267616276,2025-04-08 07:01:20.214526,2025-04-08 07:01:29.706839,0 days 00:00:09.492313,0.3157492780663621,0.5442849321895935,16,0.055247350470703636,0.2783343809831718,0.0784549546716509,0.084673548973214,0.06331491606078596,0.07725631928208304,2.9218323094356113e-05,25,116,0.06509929660543488,0.22783002496839916,True,False,True,1.2053097725359288e-07,COMPLETE
1480,0.41238381862640383,2025-04-08 07:01:30.175256,2025-04-08 07:01:39.723744,0 days 00:00:09.548488,0.3073699438554338,0.5652861854740172,16,0.04911782419549162,0.022496172794056385,0.0800493424144073,0.08997579977886927,0.061109284747412486,0.08086576213508997,2.3650837840447864e-05,25,119,0.0949302297856185,0.23077102757878767,True,False,True,1.894297365021872e-07,COMPLETE
1481,0.40546833872795107,2025-04-08 07:01:40.213246,2025-04-08 07:01:50.516995,0 days 00:00:10.303749,0.34107263134143095,0.5265108201101275,16,0.061645171353477204,0.27086395268183905,0.08392135385155931,0.09213006619151995,0.05661335974973951,0.08039493539629189,2.9684594853584148e-05,25,124,0.0028770017600989115,0.2396185510301716,True,False,False,1.5373487821374146e-07,COMPLETE
1482,0.4499561309814453,2025-04-08 07:01:50.993986,2025-04-08 07:02:00.454985,0 days 00:00:09.460999,0.3226242230975745,0.5409070861706782,16,0.04885862273711383,0.26904760966746083,0.08203214260154783,0.09126122566491612,0.0650162070874023,0.08210656456425033,2.4135342538828995e-05,25,116,0.09781001685489008,0.21797083740256507,True,False,True,3.178394244401843e-07,COMPLETE
1483,0.43215927481651306,2025-04-08 07:02:00.930074,2025-04-08 07:02:10.526206,0 days 00:00:09.596132,0.3329962248555381,0.5215362018851872,16,0.06120649287648377,0.2845844263553798,0.08365609838671162,0.09034721978153089,0.06387920210711376,0.07983309708404553,2.82366946749438e-05,25,120,0.09642121635220273,0.22118064408812663,True,False,True,2.942814648858481e-07,COMPLETE
1484,0.43336620926856995,2025-04-08 07:02:10.998232,2025-04-08 07:02:20.514765,0 days 00:00:09.516533,0.35912156827005726,0.5398316040047119,16,0.05404914512788085,0.27765198884713976,0.08509118495945328,0.08787675672018253,0.06502362952252398,0.08250414129113956,2.412368973066235e-05,25,116,0.09477257891537842,0.22416279801656372,True,False,True,3.6579033885654603e-07,COMPLETE
1485,0.440595006942749,2025-04-08 07:02:21.009047,2025-04-08 07:02:30.854871,0 days 00:00:09.845824,0.32213698924220213,0.5218952855879709,16,0.04958085599764141,0.27236259110104966,0.08172453391091752,0.09257239725375882,0.06526289112577577,0.08082015036814995,2.8392484361506864e-05,25,127,0.09754363167733128,0.2302008627272426,True,False,True,3.3072328829441436e-07,COMPLETE
1486,0.40757459402084356,2025-04-08 07:02:31.332019,2025-04-08 07:02:40.987417,0 days 00:00:09.655398,0.35870217395612924,0.5494040044564718,16,0.06977882536704223,0.00913931524786138,0.08630821010454505,0.09125342084952882,0.0628034273947167,0.07801372196548499,2.3202628968485038e-05,25,118,0.09455777974631371,0.2222075197518638,True,False,True,2.644320381730099e-07,COMPLETE
1487,0.40590024590492246,2025-04-08 07:02:41.461406,2025-04-08 07:02:51.113981,0 days 00:00:09.652575,0.31441364239480396,0.5393455743887212,16,0.054433264887152714,0.2683930456960583,0.0829482127479919,0.08601801424216798,0.05775609954567411,0.08257477073365488,2.9144821914099952e-05,25,122,0.09793509039458001,0.2341691139919197,True,True,True,2.7073372198943876e-07,COMPLETE
1488,0.444301176071167,2025-04-08 07:02:51.585924,2025-04-08 07:03:01.110465,0 days 00:00:09.524541,0.34444105549310866,0.5204996721617832,16,0.04832461504930997,0.2804656233821719,0.08112267129123184,0.08914869235571898,0.061189478221805496,0.08165563464010508,2.180020517674035e-05,25,115,0.09651712510474843,0.22439572522858747,True,False,True,2.412216547467536e-07,COMPLETE
1489,0.41880813241004944,2025-04-08 07:03:01.608727,2025-04-08 07:03:11.163373,0 days 00:00:09.554646,0.393042837022683,0.5666075652645957,16,0.05984598140770202,0.2675778075907813,0.07958794198183256,0.0929226875250471,0.06552624143584895,0.07982222422450264,2.419419370611463e-05,25,119,0.09470929540324548,0.2347591830719904,True,False,True,2.2707518129063657e-07,COMPLETE
1490,0.44051442742347724,2025-04-08 07:03:11.645422,2025-04-08 07:03:21.345073,0 days 00:00:09.699651,0.3016173623789833,0.5417556934706966,16,0.04482210105244115,0.2752532390232369,0.08255367014598014,0.09338491823512275,0.06597589540672737,0.07710273884103135,2.898393500845759e-05,25,124,0.09821671648351704,0.22273264128882359,True,False,True,4.2718630299271577e-07,COMPLETE
1491,0.2741875112056732,2025-04-08 07:03:21.820263,2025-04-08 07:03:31.547222,0 days 00:00:09.726959,0.33104008433219534,0.5596560533061362,16,0.06565257579821089,0.28602824075535194,0.08660658271699477,0.09080576720188499,0.06299578379772551,0.08298606461320678,2.291434231211298e-05,25,121,0.09630376285256889,0.21484693657064594,True,False,True,2.0080868795931453e-07,COMPLETE
1492,0.2797357499599457,2025-04-08 07:03:32.020213,2025-04-08 07:03:41.521464,0 days 00:00:09.501251,0.3044205705587051,0.5235474324751397,16,0.055937530266481544,0.26739404444271164,0.08434914960090714,0.0841231215589194,0.0605042189977362,0.081329050371207,2.944121579486777e-05,25,114,0.06112172965474324,0.2191517105222755,True,False,True,1.6829776058328813e-07,COMPLETE
1493,0.4502092421054841,2025-04-08 07:03:42.019354,2025-04-08 07:03:51.656727,0 days 00:00:09.637373,0.3235530945580706,0.555073299718969,16,0.04775036513518226,0.27487406360944144,0.08057730738073988,0.08848287742056954,0.06373348253603373,0.08372244451513265,2.4965802777203395e-05,25,117,0.09394633760924358,0.22885715067307597,True,False,True,1.910514616702791e-07,COMPLETE
1494,0.43691670298576357,2025-04-08 07:03:52.137455,2025-04-08 07:04:01.563622,0 days 00:00:09.426167,0.36613631954953946,0.5200480730492946,16,0.06005188473988902,0.2857720819344913,0.08053086447968377,0.08734578584950256,0.0633840572717347,0.08015500671361878,3.0427942067872027e-05,24,118,0.09386839776692733,0.24211501948434908,True,False,True,3.254417730927344e-07,COMPLETE
1495,0.4274130821228027,2025-04-08 07:04:02.038114,2025-04-08 07:04:22.393257,0 days 00:00:20.355143,0.34702391715106445,0.5411108469103144,2,0.05234567989081823,0.2804261964612143,0.08199657823042138,0.0887006446109469,0.06046609413602831,0.08298534115219325,2.6180618437783447e-05,24,117,0.09310291084297377,0.22797259546560203,True,False,True,2.291676093760109e-07,COMPLETE
1496,0.3898256599903107,2025-04-08 07:04:22.894356,2025-04-08 07:04:32.239806,0 days 00:00:09.345450,0.38544526339012897,0.5719733748629643,16,0.04880883211596622,0.27805747637803063,0.07983620947820036,0.08548199365275552,0.0640278823738453,0.08195387154114482,2.9260201925416998e-05,24,114,0.06877854784746197,0.23334391121090622,True,False,True,2.3629560583704882e-07,COMPLETE
1497,0.43572782874107363,2025-04-08 07:04:32.723986,2025-04-08 07:04:42.331366,0 days 00:00:09.607380,0.31772583969923185,0.5434568516579341,16,0.055097654091058414,0.2847946309846746,0.08416210520408371,0.0902616265396079,0.05855244023059184,0.08332638886560345,2.499181666487337e-05,25,121,0.0943449024267632,0.21961391970447078,True,False,True,3.205499997480005e-07,COMPLETE
1498,0.2326751232147217,2025-04-08 07:04:42.811234,2025-04-08 07:04:52.529663,0 days 00:00:09.718429,0.33486578539731027,0.5651764322502791,16,0.07348156918595561,0.2754127739515611,0.07838143368115731,0.08781974175799001,0.06197909020896067,0.07953295004576323,2.1565347559282872e-05,25,125,0.09385518671443965,0.21825432027742703,True,False,True,1.9707996611821147e-07,COMPLETE
1499,0.4473303020000458,2025-04-08 07:04:53.009723,2025-04-08 07:05:02.569454,0 days 00:00:09.559731,0.32461843081167036,0.5221444777761981,16,0.04631194576187217,0.2792567479876067,0.08280283847882157,0.09083150704534669,0.06589733646026184,0.08409060035192797,3.0077657158344255e-05,25,116,0.09340339409749972,0.22919782971003605,True,False,True,2.649222478863564e-07,COMPLETE
1500,0.4265115857124329,2025-04-08 07:05:03.069444,2025-04-08 07:05:12.996545,0 days 00:00:09.927101,0.298946483933844,0.558621278285373,16,0.04829108481436415,0.27444719247784904,0.08005480773620005,0.09385679177366912,0.06392570090230669,0.07772158925569189,2.5066184781907644e-05,24,118,0.0955373985111561,0.23598826729235026,True,False,False,1.940800181360959e-07,COMPLETE
1501,0.3069411933422089,2025-04-08 07:05:13.474958,2025-04-08 07:05:22.909102,0 days 00:00:09.434144,0.35141721670784176,0.5327007246574353,16,0.058538883455664256,0.28692569864286577,0.08155443807635224,0.08578635228676217,0.06691802774475407,0.08399778850898881,2.0936498378090957e-05,25,113,0.09814282878863684,0.2297781297945759,True,False,True,1.9377839703595378e-07,COMPLETE
1502,0.4411210477352142,2025-04-08 07:05:23.384594,2025-04-08 07:05:33.043600,0 days 00:00:09.659006,0.3227465814932536,0.5776979617309312,16,0.04612475104678411,0.2710785935107659,0.08609103776970028,0.088964877922605,0.061838601232129115,0.08350894029308095,3.0278745386586547e-05,25,121,0.0963686090203513,0.22433184765546943,True,False,True,1.7680850391468163e-07,COMPLETE
1503,0.41830524802207947,2025-04-08 07:05:33.525589,2025-04-08 07:05:42.911828,0 days 00:00:09.386239,0.2994378066841024,0.5415928713320765,16,0.052206398082500646,0.2828402100757615,0.0782102581977459,0.0921728932758211,0.06507261829023273,0.08007027799834712,2.4814608296224684e-05,24,116,0.0931367103603096,0.21266483001388217,True,False,True,2.483809061051342e-07,COMPLETE
1504,0.443717634677887,2025-04-08 07:05:43.410599,2025-04-08 07:05:53.104804,0 days 00:00:09.694205,0.3785711084393356,0.5213785168823721,16,0.045310410233061156,0.27471487826933133,0.08423375343362109,0.08301944578157121,0.06717079163848724,0.08114275073302568,2.0249456394447193e-05,25,124,0.09804719514516505,0.25290710623417595,True,False,True,4.2595022409815443e-07,COMPLETE
1505,0.4458544194698334,2025-04-08 07:05:53.585462,2025-04-08 07:06:03.180617,0 days 00:00:09.595155,0.3385711662427245,0.5754576520025869,16,0.04973345986848177,0.2793786764914919,0.08193993148460627,0.09430325969653029,0.059787861962643296,0.08182923858457686,2.9862969603187426e-05,25,119,0.09998273774957328,0.24193448372730236,True,False,True,1.5439812812398296e-07,COMPLETE
1506,0.387236899137497,2025-04-08 07:06:03.662430,2025-04-08 07:06:13.249500,0 days 00:00:09.587070,0.3094358106264057,0.5595378132076269,16,0.05819114636275735,0.2708235477334771,0.0798037034806506,0.09000046532639598,0.06309138624397478,0.08446449337524152,2.4729518063265193e-05,25,113,0.09514257529674207,0.2153483098469647,True,True,True,1.6285827130256246e-07,COMPLETE
1507,0.44797652959823614,2025-04-08 07:06:13.753690,2025-04-08 07:06:23.557119,0 days 00:00:09.803429,0.29752937748152075,0.5179963406759989,16,0.04493395775077302,0.27179231077822447,0.08815886612755854,0.08757543379140059,0.06717759933409732,0.08464634073230146,2.0597977027505293e-05,26,122,0.09659289680245965,0.22102169043852996,True,False,True,3.500392047319503e-07,COMPLETE
1508,0.1073709860444069,2025-04-08 07:06:24.040210,2025-04-08 07:06:33.551939,0 days 00:00:09.511729,0.3217815591457612,0.5499104407479668,16,0.053851052365751786,0.27798211158642566,0.07839410388266316,0.09174395607974381,0.0655883023217082,0.0784850012479547,1.9615129646935532e-05,25,117,0.019566597519525854,0.2307262907763646,True,False,True,1.9680028658171633e-07,COMPLETE
1509,0.4273615658283234,2025-04-08 07:06:34.033156,2025-04-08 07:06:43.942585,0 days 00:00:09.909429,0.34615225282643647,0.5755829039560795,16,0.06263827750853546,0.26573544524112247,0.08312494581737921,0.09457954343382083,0.0633178941342186,0.08146009513435973,3.0288080170097444e-05,26,128,0.09339575308555878,0.22460144352040973,True,False,True,1.4315660897199622e-07,COMPLETE
1510,0.4348957717418671,2025-04-08 07:06:44.421470,2025-04-08 07:06:53.774553,0 days 00:00:09.353083,0.2951381412753073,0.5414646092184604,16,0.049624187951034335,0.2712464669664371,0.08545764622468545,0.0848904947777957,0.06794888974136114,0.08445542194246183,2.47362742071324e-05,24,112,0.09768831346559337,0.21087959097924344,True,False,True,2.1478368246675622e-07,COMPLETE
1511,0.449165278673172,2025-04-08 07:06:54.273060,2025-04-08 07:07:03.825464,0 days 00:00:09.552404,0.3182000903696383,0.5169611813837272,16,0.043975542673009564,0.2840415321334331,0.08152347032257284,0.0892535568671341,0.06491720612252941,0.08367221156935156,2.472598896922818e-05,25,119,0.09501209929785179,0.21889324088421214,True,False,True,1.1067041712396961e-07,COMPLETE
1512,0.4477894365787506,2025-04-08 07:07:04.306283,2025-04-08 07:07:13.948699,0 days 00:00:09.642416,0.3262740220821993,0.5170692651406623,16,0.04393363059010206,0.2856155372143922,0.08324992156901288,0.08910501296898843,0.06486773746438408,0.08186215503870994,2.4841615154035883e-05,25,120,0.09810180374792316,0.21848235393724008,True,False,True,1.1533584004517567e-07,COMPLETE
1513,0.27634323835372926,2025-04-08 07:07:14.430572,2025-04-08 07:07:24.189500,0 days 00:00:09.758928,0.3155427040787876,0.5176973086276685,16,0.06494683127677568,0.28622945206081035,0.0805228344167827,0.08685439200250424,0.06133983222527288,0.0805381518665726,2.0684858619086844e-05,26,123,0.09530140570548408,0.21614311182990473,True,False,True,1.1057022043125218e-07,COMPLETE
1514,0.447857403755188,2025-04-08 07:07:24.692561,2025-04-08 07:07:34.321566,0 days 00:00:09.629005,0.3378681925852279,0.5353307369712195,16,0.04332512511130561,0.2907287723114558,0.08228358390174706,0.09039717547552045,0.0643859325662026,0.08268815946463552,2.877188114981146e-05,26,118,0.09805003521002885,0.22540623411440786,True,False,True,1.5503759771992285e-07,COMPLETE
1515,0.42970007061958315,2025-04-08 07:07:34.804500,2025-04-08 07:07:55.519660,0 days 00:00:20.715160,0.3618822177375715,0.5531031779768839,2,0.05140192323936624,0.28013146174057185,0.08024960159771644,0.09173206614456633,0.06632318212996038,0.08330085953308682,2.412031999027347e-05,25,120,0.09624363833278611,0.21937289467588394,True,False,True,1.1178610712910881e-07,COMPLETE
1516,0.44642902612686164,2025-04-08 07:07:56.003410,2025-04-08 07:08:05.706812,0 days 00:00:09.703402,0.2959930878168571,0.5192654507235215,16,0.04477872274011915,0.2844394688879681,0.07801625141467601,0.08757867050731188,0.062310925594816234,0.07916669555803618,1.9928576936862426e-05,26,116,0.09499013802762621,0.23177460386584173,True,False,True,1.4237295602157377e-07,COMPLETE
1517,0.44221990108489995,2025-04-08 07:08:06.209310,2025-04-08 07:08:15.998710,0 days 00:00:09.789400,0.37325195362081676,0.558629802552618,16,0.0578416900048801,0.2921102187292566,0.08705266455180911,0.09282204101801363,0.059142497001828484,0.08245539250928614,2.9711772786500543e-05,25,127,0.09824523329568735,0.23810330355647294,True,False,True,1.1893426292192374e-07,COMPLETE
1518,0.44652550220489506,2025-04-08 07:08:16.487005,2025-04-08 07:08:26.072904,0 days 00:00:09.585899,0.31371617177286537,0.536163374364699,16,0.05081433182545051,0.28736337974728354,0.08121875448792355,0.08862196128827596,0.0676620456706314,0.07742922750451628,2.4997148250841553e-05,26,115,0.0963741756998098,0.21344598044847968,True,False,True,1.557522549686715e-07,COMPLETE
1519,0.447681474685669,2025-04-08 07:08:26.557306,2025-04-08 07:08:36.042810,0 days 00:00:09.485504,0.29078621665021265,0.24284304662062378,16,0.046673891850166384,0.06733767583366954,0.07812783697133358,0.08603355116587594,0.06440458384232269,0.07454468584830405,1.989782242561427e-05,24,123,0.09476327604013801,0.21097445780024413,True,False,True,2.4180040089193943e-07,COMPLETE
1520,0.42443479299545295,2025-04-08 07:08:36.523714,2025-04-08 07:08:46.594714,0 days 00:00:10.071000,0.34420229582855427,0.5823445762390028,16,0.04317634797899181,0.2886184968407502,0.08452494785015598,0.08357969908078267,0.06571445812014987,0.08407041080474838,2.264154560475561e-05,25,113,0.09816552415305896,0.22800194897504567,True,False,False,1.168332627130099e-07,COMPLETE
1521,0.42529727816581725,2025-04-08 07:08:47.110719,2025-04-08 07:08:55.251327,0 days 00:00:08.140608,0.3208991888289517,0.29731925335976384,16,0.042188136061503845,0.2833754614602747,0.08145000672487113,0.09029212277952421,0.06852449661936492,0.08464505139583038,3.054846330359457e-05,14,119,0.09626611785517977,0.2071890430803526,True,False,True,1.7524391960777587e-07,COMPLETE
1522,0.2774985134601593,2025-04-08 07:08:55.737204,2025-04-08 07:09:05.548343,0 days 00:00:09.811139,0.2864994579993204,0.5377032066672885,16,0.056360141457695086,0.2802467453070288,0.08508639976831414,0.09364344430696574,0.06339208013697688,0.08054425493860747,1.7971121821338662e-05,26,125,0.09806421505902119,0.22115733469012652,True,False,True,1.4416757703329427e-07,COMPLETE
1523,0.4395977079868317,2025-04-08 07:09:06.034561,2025-04-08 07:09:15.565764,0 days 00:00:09.531203,0.30074995838847146,0.5184277203630272,16,0.05154490439704257,0.28134892821125995,0.07946050370174207,0.0968738954437422,0.06667608003130718,0.0820238962283776,2.4741413341730312e-05,25,115,0.09316978330529062,0.22244085067623545,True,False,True,1.0677831542060703e-07,COMPLETE
1524,0.43941287398338325,2025-04-08 07:09:16.074909,2025-04-08 07:09:25.803111,0 days 00:00:09.728202,0.3230082660788454,0.5587331137303615,16,0.04312909670425261,0.2766484928580558,0.0830606841588942,0.09000970101409347,0.061267353317323164,0.08432938054968239,3.0620786623801966e-05,26,121,0.09513991907251776,0.23689223565490014,True,False,True,1.9598268105110737e-07,COMPLETE
1525,0.43425482511520386,2025-04-08 07:09:26.296107,2025-04-08 07:09:35.961080,0 days 00:00:09.664973,0.34053616749982507,0.5797728366469586,16,0.0497455562636388,0.03349155455498713,0.08006878747695749,0.09195399219394833,0.06798134059294844,0.07966339969272028,2.1032720113989307e-05,26,117,0.09831876462075266,0.2455857705656314,True,True,True,3.021657603945715e-07,COMPLETE
1526,0.39906612634658817,2025-04-08 07:09:36.449194,2025-04-08 07:09:45.955810,0 days 00:00:09.506616,0.28629105244492453,0.5360811291007753,16,0.05599911864708961,0.2903142673575917,0.08819689710462694,0.09607171290495761,0.06340692694419092,0.08486929893401281,2.621514203644337e-05,25,112,0.09634858744627187,0.2154169041236875,True,False,True,1.3473444957731585e-07,COMPLETE
1527,0.4362942576408386,2025-04-08 07:09:46.449729,2025-04-08 07:09:55.873027,0 days 00:00:09.423298,0.30841992736565094,0.5592702775038367,16,0.04401944713852966,0.2777348992212382,0.08189173946662498,0.08792318105052006,0.06558206803162682,0.08181541124659218,1.7548935835957646e-05,24,118,0.0933260315709298,0.2303008712310667,True,False,True,1.0203776782206193e-07,COMPLETE
