number,value,datetime_start,datetime_complete,duration,params_alpha-eval,params_alpha-train,params_batch-size,params_eps-eval,params_eps-train,params_lambda-actions-eval,params_lambda-actions-train,params_lambda-frames-eval,params_lambda-frames-train,params_learning-rate,params_n-epochs,params_n-frames,params_radius-gw,params_rho,params_std-feats,params_ub-actions,params_ub-frames,params_weight-decay,state
568,0.43403182029724124,2025-04-08 04:40:20.669114,2025-04-08 04:40:29.061110,0 days 00:00:08.391996,0.08292092256176888,0.8760700871882408,8,0.009656129689004506,0.275336562233267,0.0881569248328424,0.010771112479643775,0.09163716943501327,0.08842898145965898,0.002800117276195661,17,13,0.09573596456971493,0.05829227350485136,False,False,True,0.0005049814661063105,COMPLETE
569,0.4358662307262421,2025-04-08 04:40:29.248184,2025-04-08 04:40:37.799010,0 days 00:00:08.550826,0.21096616562273574,0.9649006048152453,8,0.0003060288441815083,0.08516769101427878,0.08792944596398199,0.013579729237733642,0.09471163585741307,0.0865128844084452,0.002334286593276997,17,47,0.09790795840768712,0.07124376014010964,False,False,True,0.00022409457762423944,COMPLETE
570,0.4040994763374329,2025-04-08 04:40:37.975795,2025-04-08 04:40:46.861094,0 days 00:00:08.885299,0.4227500248856769,0.8894990969882666,8,0.00030984845361859824,0.260235307749701,0.09106546869294396,0.008694566284425644,0.09405366667989054,0.0926566854780991,0.003660299963291719,19,54,0.09998123528357461,0.04518641224377845,False,False,True,0.00033882869664540185,COMPLETE
571,0.4404135286808014,2025-04-08 04:40:47.036776,2025-04-08 04:40:56.053633,0 days 00:00:09.016857,0.11597501477157379,0.9382690219204929,8,0.008153323660324003,0.2815405654786987,0.07280011740849313,0.007111251846325129,0.09076307703361083,0.09008873985236567,0.0011277493487114767,19,93,0.0937794357716583,0.07543084236847146,False,False,True,0.0006762130162425072,COMPLETE
572,0.36625745296478274,2025-04-08 04:40:56.240302,2025-04-08 04:41:05.111468,0 days 00:00:08.871166,0.600716449205766,0.9902498163881015,8,0.008553258345754815,0.2669726883040811,0.09334610799348482,0.01027150244973547,0.09457207361265342,0.0838091870503002,4.0427783626257536e-05,18,91,0.09633298443279417,0.05800588294399607,False,False,True,0.000453501227154559,COMPLETE
573,0.4418922603130341,2025-04-08 04:41:05.287426,2025-04-08 04:41:13.841268,0 days 00:00:08.553842,0.05842987548517788,0.9229364687448479,8,0.005993420416228662,0.2629887334859385,0.09534668294177673,0.012030154627907652,0.09238829095184016,0.0919541242912093,0.0008092481895189774,16,94,0.09781871394140143,0.09287375278173325,False,False,True,0.0002631790840506007,COMPLETE
574,0.4428066968917847,2025-04-08 04:41:14.030251,2025-04-08 04:41:22.670576,0 days 00:00:08.640325,0.15672622970024358,0.904869555483044,8,0.010373772344225535,0.24892924984024933,0.0640328350326704,0.008030889960389151,0.09558147862471926,0.08816854024794776,0.0017507211037557332,17,97,0.09442348012629101,0.07290500769856867,False,False,True,0.0007772853335518516,COMPLETE
575,0.11483326852321625,2025-04-08 04:41:22.847407,2025-04-08 04:41:31.807567,0 days 00:00:08.960160,0.10178300363297371,0.8819566068310404,8,0.13675431427541274,0.27435372734978614,0.08300274993009214,0.006189016636709196,0.09354642433343356,0.08545879710055494,0.0049209065137233235,19,91,0.09814436512767107,0.09957065693780821,False,False,True,0.0005571104204481291,COMPLETE
576,0.442925626039505,2025-04-08 04:41:31.995128,2025-04-08 04:41:40.899318,0 days 00:00:08.904190,0.12515456497090596,0.9674557563147393,8,0.011748889355905439,0.28805917536777864,0.09318574318057811,0.00918263442348852,0.09607223947603738,0.09343430547578116,8.612842406150775e-05,18,103,0.09186715676834624,0.08386460472447643,False,False,True,0.0009852146812715295,COMPLETE
577,0.44023569822311404,2025-04-08 04:41:41.076969,2025-04-08 04:41:49.776880,0 days 00:00:08.699911,0.18140373156993495,0.4036657412680483,8,0.005591278972541393,0.2602380007359002,0.09583929108415894,0.007113151587884351,0.09653992851705102,0.0896854700901624,0.00011023135310683679,17,95,0.09587648393639037,0.05901426847057083,False,False,True,0.0003437439330251411,COMPLETE
578,0.26147778034210206,2025-04-08 04:41:49.966453,2025-04-08 04:41:58.809595,0 days 00:00:08.843142,0.031194633471293684,0.9434352467867174,8,0.019046469445560692,0.11695473921599787,0.09039323982515747,0.005684337168170368,0.0906935199694327,0.08239374397685491,6.393731429011009e-05,19,39,0.09821353459338932,0.035899731742950636,False,False,True,0.0001868379197735176,COMPLETE
579,0.4368242383003235,2025-04-08 04:41:58.986983,2025-04-08 04:42:07.379199,0 days 00:00:08.392216,0.09319943215615298,0.43040587159490495,8,0.010934602227987299,0.24931432553620517,0.05833784457665895,0.014525760012432679,0.0946324850869614,0.09671959182500042,4.7311937783407354e-05,16,23,0.0965790325433992,0.10158579980459094,False,False,True,0.0004251440730389025,COMPLETE
580,0.39751802682876586,2025-04-08 04:42:07.569397,2025-04-08 04:42:16.350044,0 days 00:00:08.780647,0.14482279150422958,0.9059669744612785,8,0.0005127490682008632,0.24096679607192595,0.09455465904358393,0.010160733310748345,0.09217774392828319,0.09068754128176672,3.352966020786996e-05,17,92,0.09839863771431562,0.0629899956605033,False,True,True,0.00025368399068804743,COMPLETE
581,0.4335042476654053,2025-04-08 04:42:16.529612,2025-04-08 04:42:25.342403,0 days 00:00:08.812791,0.12636292196235993,0.8658902033058282,8,0.016110378292583098,0.2557909648136263,0.09549832434516321,0.012083008479505804,0.09668272403009015,0.0865451268344908,0.0021528843909901624,18,100,0.0946318187833091,0.06536071524938387,False,False,True,0.0005779192547471649,COMPLETE
582,0.10102030783891679,2025-04-08 04:42:25.536671,2025-04-08 04:42:34.292354,0 days 00:00:08.755683,0.16175376409760445,0.4813468626198537,8,0.11420320378230484,0.2707045040948053,0.05968523176583545,0.00797428973616054,0.09432285464897365,0.09365600076239342,0.00011839768062771663,17,96,0.04275317420251949,0.09144980884714321,False,False,True,0.0003174607054544204,COMPLETE
583,0.44371111392974855,2025-04-08 04:42:34.473282,2025-04-08 04:42:43.308545,0 days 00:00:08.835263,0.18979552640885117,0.9315855623804362,8,0.00020123878453714647,0.26266518636426134,0.09252469989640218,0.005780190718976628,0.09620441221214661,0.08816523887094962,9.155982459581895e-05,18,90,0.09992772763290532,0.09602901990189344,False,False,True,0.00021089838181570473,COMPLETE
584,0.19607970714569092,2025-04-08 04:42:43.489207,2025-04-08 04:42:51.496776,0 days 00:00:08.007569,0.10972728914720067,0.8909539381304986,16,0.022652743428891547,0.24630984284179125,0.08920316974130266,0.008029395259455632,0.09319689337649026,0.09168354910044299,0.00013865273730443074,19,97,0.09653745546171551,0.04083394621452824,False,False,True,0.00043174374800479423,COMPLETE
585,0.444104278087616,2025-04-08 04:42:51.687957,2025-04-08 04:43:00.746095,0 days 00:00:09.058138,0.13974516325625772,0.9539230755908806,8,0.011439582052280997,0.2535331466547157,0.0953026426671679,0.004927807109428771,0.08969759755193554,0.08433836619488866,0.0015939973585422245,20,41,0.0982360379439707,0.1033264769412881,False,False,True,2.8189106879991544e-08,COMPLETE
586,0.43855322003364566,2025-04-08 04:43:00.925765,2025-04-08 04:43:09.548355,0 days 00:00:08.622590,0.06585717733064665,0.45084625737971623,8,0.007219319505465663,0.23635311521486152,0.0653046118434353,0.009306003547880106,0.0968549128479336,0.09558340762385352,7.401575777138487e-05,16,93,0.09994691476595632,0.09648631575467856,False,False,True,0.0007778596061865514,COMPLETE
587,0.4395139634609223,2025-04-08 04:43:09.741849,2025-04-08 04:43:19.003542,0 days 00:00:09.261693,0.08423148920358127,0.91593919955522,8,0.015010728051166228,0.2656278128307,0.09992748939852691,0.006331899147719779,0.09485656489856557,0.08955668262254442,0.00010416504261303538,21,89,0.09302072424172708,0.08996272382425671,False,False,True,0.0003557525567836111,COMPLETE
588,0.12649399042129517,2025-04-08 04:43:19.186559,2025-04-08 04:43:28.226837,0 days 00:00:09.040278,0.16649294832473902,0.9788122951465628,8,0.23032500868923594,0.2501618844994873,0.09112323632779334,0.012255106589306944,0.09786542941392379,0.09727830731549438,0.00015619790555895086,19,92,0.09521539816896622,0.09981401868027046,False,False,True,0.00025936928547911953,COMPLETE
589,0.37342633605003356,2025-04-08 04:43:28.418991,2025-04-08 04:43:37.682438,0 days 00:00:09.263447,0.12162923355066832,0.8730028740974566,8,0.02218230928455624,0.258180338516948,0.09365009920397876,0.010317164274168119,0.09279103053355145,0.09290003940490835,0.0010471831990725715,21,89,0.054892561045364906,0.10554308528186322,False,False,True,0.0006339630864155403,COMPLETE
590,0.2949287354946137,2025-04-08 04:43:37.862745,2025-04-08 04:43:46.509471,0 days 00:00:08.646726,0.21200605201643727,0.8934460160838232,8,0.03062142605474171,0.24423682574710479,0.07779469990475249,0.004995659564303539,0.09788850958151497,0.08654243429184813,0.002719742005554045,16,95,0.0968663890395782,0.08739703295160765,False,False,True,0.00015690845932884382,COMPLETE
591,0.4095414876937866,2025-04-08 04:43:46.703291,2025-04-08 04:43:55.881515,0 days 00:00:09.178224,0.15139605909636564,0.5073946310380122,8,0.010349095771888365,0.24019850742018836,0.09665315906606015,0.007913032584092828,0.09486363605926162,0.08187897848968308,0.00013379372076944386,20,99,0.09833576490495641,0.06788037095974359,False,False,True,0.0005249551250460749,COMPLETE
592,0.42840626239776614,2025-04-08 04:43:56.063943,2025-04-08 04:44:04.889841,0 days 00:00:08.825898,0.10038815068299355,0.8651802267279265,8,0.005677921673503873,0.272380951621013,0.09660251514123046,0.0039054015748535374,0.09662113208339806,0.09443993112264194,8.309346688510877e-05,18,87,0.036561818563146484,0.10371873183043948,False,False,True,0.0004045917959081127,COMPLETE
593,0.32087222337722776,2025-04-08 04:44:05.084584,2025-04-08 04:44:14.396757,0 days 00:00:09.312173,0.13669247287080039,0.5351181598717573,8,0.01678858923222217,0.23016423119922524,0.06218779919566603,0.014358930272381708,0.09175971683872827,0.09128056218709779,0.00010895279732569983,21,91,0.09995541275637206,0.08190183880463835,False,False,True,0.0002940788338847279,COMPLETE
594,0.3903546750545502,2025-04-08 04:44:14.579727,2025-04-08 04:44:23.384350,0 days 00:00:08.804623,0.1828909123107953,0.9325051237992166,8,0.025233861578477686,0.27912365232982767,0.09303995414161075,0.007047019185702516,0.09760305414385496,0.08341531541597418,5.074455261705218e-05,17,94,0.09489004466982166,0.09559964310691335,False,False,True,0.00021061466138388285,COMPLETE
595,0.4437669813632965,2025-04-08 04:44:23.580242,2025-04-08 04:44:32.628994,0 days 00:00:09.048752,0.1201707049932791,0.9101399466604764,8,0.005498366192254016,0.2537205703259373,0.05690988962524675,0.009910919911676327,0.09562791298998004,0.08677336018468627,0.0019802596939766143,19,101,0.09662945861355242,0.10223912149831486,False,False,True,0.0006285905651515544,COMPLETE
596,0.09155549705028534,2025-04-08 04:44:32.811950,2025-04-08 04:44:41.913589,0 days 00:00:09.101639,0.15711665044323758,0.9676455266837137,8,0.0873221869832719,0.26412135025958206,0.09478900735361698,0.004643306535429556,0.08946496976053105,0.08984963132465285,0.00015152998813947944,20,97,0.09099324158257587,0.08994795550802118,False,False,True,0.0004913004660231947,COMPLETE
597,0.29900909066200254,2025-04-08 04:44:42.111038,2025-04-08 04:44:50.933330,0 days 00:00:08.822292,0.07636574952275033,0.9511659489985751,8,0.016653452245413057,0.24858017479273448,0.09103672591343474,0.006757268335892764,0.09398005559350293,0.0970824328910487,8.948659694683615e-05,18,89,0.0932944052585964,0.051230725921400266,False,False,True,0.0003494037915958307,COMPLETE
598,0.423966521024704,2025-04-08 04:44:51.116975,2025-04-08 04:45:00.481745,0 days 00:00:09.364770,0.1321492581998353,0.8598526542206733,8,0.02135730455752923,0.25746460739795707,0.09674560762823607,0.011597789311812908,0.0974675594162146,0.08826405028853727,6.501378079940175e-05,21,92,0.0981113394567578,0.09570739147860484,False,False,True,0.0008491771179513813,COMPLETE
599,0.1013398125767708,2025-04-08 04:45:00.668164,2025-04-08 04:45:10.122960,0 days 00:00:09.454796,0.10430086795764415,0.8872069847513051,8,0.010884665780669375,0.23803221194418844,0.09866379535274268,0.009075686417141151,0.09808618675654812,0.09346026661293376,0.00012883311699888163,22,87,0.09637483056780717,0.10502054594069685,False,True,True,0.00044224927972057095,COMPLETE
600,0.4447943866252899,2025-04-08 04:45:10.317466,2025-04-08 04:45:19.584217,0 days 00:00:09.266751,0.18216894866973493,0.9860196066211622,8,0.012362347990478332,0.2451350586340913,0.09311299260500068,0.0040353145443480214,0.09258916441698099,0.08053100026591774,9.971984073568154e-05,20,95,0.09815594601272905,0.10649700588248888,False,False,True,0.0002527361742546637,COMPLETE
601,0.30905047059059143,2025-04-08 04:45:19.769821,2025-04-08 04:45:28.914594,0 days 00:00:09.144773,0.18895013158184307,0.9884496942664523,8,0.0315813930372643,0.24254841072966474,0.08789268223419733,0.07660138391441099,0.090058267003599,0.08016670673292453,0.0033780798781113696,20,98,0.09495871028596617,0.1076926542032013,False,False,True,0.00019232588320364214,COMPLETE
602,0.43715450763702396,2025-04-08 04:45:29.110609,2025-04-08 04:45:38.504556,0 days 00:00:09.393947,0.20619502464391343,0.9816376011321895,8,0.025589319624955087,0.2470853306283573,0.09132900708087285,0.0032685671154199128,0.09165126265899666,0.0809253280061378,8.36076083841811e-05,21,103,0.09831859587159106,0.10849212203089284,False,False,True,0.00014885199401249742,COMPLETE
603,0.4446440398693085,2025-04-08 04:45:38.692071,2025-04-08 04:45:47.912889,0 days 00:00:09.220818,0.1761100325635719,0.9697613271965656,8,0.017467755201536806,0.2345161221768422,0.09326134282523693,0.004551649170666781,0.0929421481162853,0.08275176567806274,0.0013788762265140241,20,95,0.0999447858759893,0.10291080787785113,False,False,True,0.000237734012070766,COMPLETE
604,0.44320541620254517,2025-04-08 04:45:48.108333,2025-04-08 04:45:57.363356,0 days 00:00:09.255023,0.20117714279493965,0.9950847884525851,8,0.019696330665316862,0.23270245060387154,0.08949157824594851,0.0036969443854815726,0.09126377438001004,0.08401002513745134,0.0016433880033014877,20,100,0.09980858938565601,0.09949221459637302,False,False,True,0.0002430901945355266,COMPLETE
605,0.2130794882774353,2025-04-08 04:45:57.548560,2025-04-08 04:46:06.720888,0 days 00:00:09.172328,0.18428161798176274,0.9686430362364816,8,0.035535286813992296,0.2332034324306398,0.09223521877382532,0.001129895181428791,0.08996266830686221,0.08133720006880787,0.0009732481298427089,20,97,0.03362957111511399,0.10491758995296203,False,False,True,0.00019305020493074214,COMPLETE
606,0.4393098890781403,2025-04-08 04:46:06.917572,2025-04-08 04:46:14.893661,0 days 00:00:07.976089,0.21067212052790016,0.9622166595132874,16,0.013755495187102635,0.2304829128374768,0.08703942386455825,0.004621032737657498,0.09261633247621794,0.08304510036725599,0.0017946412964286382,20,64,0.09646946094705582,0.10131565589125946,False,False,True,0.00027044614602800125,COMPLETE
607,0.40688190460205076,2025-04-08 04:46:15.079546,2025-04-08 04:46:24.226210,0 days 00:00:09.146664,0.1659416001112307,0.9978242239651011,8,0.027361833899530348,0.23744525039265563,0.0931423339979354,0.002966789797379097,0.09291211046835984,0.0819053460339659,0.0014568517728577404,20,97,0.09811164373742287,0.10862722542767203,False,False,True,0.00019161071046683482,COMPLETE
608,0.4412137806415558,2025-04-08 04:46:24.425273,2025-04-08 04:46:33.828843,0 days 00:00:09.403570,0.1765495790174724,0.9800918961753536,8,0.020377551569862196,0.24049094546177022,0.08901919167068441,0.005062904611404438,0.08885417306463438,0.09555057015780198,0.0020682863380154662,21,95,0.09332085995750522,0.0988605933428682,False,False,True,0.0009869680146392865,COMPLETE
609,0.4382831990718842,2025-04-08 04:46:34.018468,2025-04-08 04:46:43.058285,0 days 00:00:09.039817,0.19616523079353723,0.9520534784365455,8,0.011546494661388879,0.2443345388062863,0.09284420239999097,0.005732848493149833,0.09368750125495814,0.07948530721873068,0.0011236674006207346,19,94,0.09594492096494599,0.1047651260704108,False,False,True,0.00015424559179934573,COMPLETE
610,0.4441425681114197,2025-04-08 04:46:43.258273,2025-04-08 04:46:52.427683,0 days 00:00:09.169410,0.22473504127955984,0.9455421808323013,8,0.01733352338123599,0.23029965184144566,0.06818158095148708,0.0028916427100398366,0.0902557335658947,0.09388718067818505,0.0012127008266877683,20,101,0.09820719787510748,0.06149532782651371,False,False,True,0.00024395708383401503,COMPLETE
611,0.4252099752426148,2025-04-08 04:46:52.618687,2025-04-08 04:47:01.963937,0 days 00:00:09.345250,0.17520465251595166,0.971189234732801,8,0.011436881230346125,0.23789834791525646,0.04560315204515719,0.005976600932135879,0.09248347689653184,0.09197685879641065,0.002515452823796942,21,94,0.006143864406803458,0.10934156708786183,False,False,True,0.00032606815755711525,COMPLETE
612,0.12374429404735565,2025-04-08 04:47:02.162923,2025-04-08 04:47:12.115685,0 days 00:00:09.952762,0.15637118486322713,0.9992067359552312,8,0.20895730257941852,0.2479526316954427,0.09009821262295993,0.004085833332671234,0.091601726435572,0.0840171873370859,0.0015684441847066864,25,96,0.09998757113898067,0.10141706046035277,False,False,True,0.0007655147713293408,COMPLETE
613,0.4112278938293457,2025-04-08 04:47:12.305122,2025-04-08 04:47:21.368867,0 days 00:00:09.063745,0.19306556629598087,0.9343156616287567,8,0.023606642114280766,0.24203506406715627,0.06038148975103938,0.001006148821674319,0.09426969030630496,0.09740474535149374,6.975727245297166e-05,19,92,0.0943622616777289,0.08810685388143338,False,False,True,0.0002987074371659166,COMPLETE
614,0.4375550389289856,2025-04-08 04:47:21.568063,2025-04-08 04:47:30.772128,0 days 00:00:09.204065,0.21894352417999838,0.956548320769565,8,0.006057693514158181,0.25081919565168964,0.09402517563851298,0.006587039869352512,0.0950697608517759,0.0792409740124198,0.001329928194485132,20,104,0.0965809961444164,0.09362475818418574,False,False,True,1.2603274457725848e-08,COMPLETE
615,0.44428558945655827,2025-04-08 04:47:30.963884,2025-04-08 04:47:40.225436,0 days 00:00:09.261552,0.16583100892740918,0.4732632775890216,8,0.01614242092251566,0.23836987922079958,0.09192820399405771,0.0030825877972713066,0.08864430932264306,0.09092114843737327,5.988320717227485e-05,21,85,0.0914500853345884,0.11092438577371735,False,False,True,0.00022817939734862984,COMPLETE
616,0.2969544410705567,2025-04-08 04:47:40.426146,2025-04-08 04:47:49.821396,0 days 00:00:09.395250,0.17506614547362256,0.9236900105617052,8,0.02828153561672533,0.24631298682813452,0.0945720622577814,0.005072580249784063,0.09495387716267141,0.08862560801492211,0.0014101014926526487,21,99,0.09806519247713101,0.0998614093579294,False,False,True,0.0001452936352495722,COMPLETE
617,0.4430761456489563,2025-04-08 04:47:50.013275,2025-04-08 04:47:59.926672,0 days 00:00:09.913397,0.15208754241176822,0.9709357507960495,8,0.010502782423840715,0.2528013656976951,0.09123821873751085,0.00761013341155955,0.0932286303990901,0.08555007069206993,9.747793405428115e-05,25,89,0.09530885895743481,0.07920133282044406,False,False,True,0.0005462788126945883,COMPLETE
618,0.12786656022071838,2025-04-08 04:48:00.133451,2025-04-08 04:48:09.245979,0 days 00:00:09.112528,0.1485900812384243,0.9249232819656655,8,0.18660396253255676,0.25895813952247904,0.0530543105874169,0.004372862546352281,0.0899603020242475,0.0954001142180948,4.056743701551463e-05,20,96,0.09698945791514321,0.10568435828213238,False,False,True,0.00037106811103912663,COMPLETE
619,0.2672101736068726,2025-04-08 04:48:09.439032,2025-04-08 04:48:18.862504,0 days 00:00:09.423472,0.19699413440700425,0.9508597098735783,8,0.02215224015279265,0.23517349556907335,0.09443054696041661,0.00661669764651934,0.09602462767042963,0.0816034341352662,8.042602866384371e-05,21,93,0.09822507778293325,0.0959307393510715,False,True,True,0.0006760031596689393,COMPLETE
620,0.43401519656181337,2025-04-08 04:48:19.067593,2025-04-08 04:48:27.497910,0 days 00:00:08.430317,0.16756535863113287,0.9788649779853503,8,0.00572316459932064,0.22904518856328454,0.08811665877172727,0.09165894401572477,0.0918133432438627,0.09263671643547292,0.0017918732319943179,15,88,0.02717991884382942,0.11318934975003239,False,False,True,0.00019515588254682522,COMPLETE
621,0.4433195471763611,2025-04-08 04:48:27.690450,2025-04-08 04:48:36.777629,0 days 00:00:09.087179,0.14174472938846722,0.43865607724978434,8,0.014706919352078714,0.24429578918010686,0.06350233546822046,0.06928822086506259,0.09525790129636882,0.08758980260313275,0.00010151626967410505,19,93,0.0937022639689494,0.10393612978591069,False,False,True,0.000318081695638616,COMPLETE
622,0.4405841946601868,2025-04-08 04:48:36.982547,2025-04-08 04:48:46.421452,0 days 00:00:09.438905,0.1651531936487825,0.9316304091485679,8,0.017947419227288014,0.25133393410269494,0.055147534699761816,0.0030900218080676116,0.09784803986055851,0.08997877519185286,5.2069918987255386e-05,22,84,0.09998252079494566,0.0897747030573407,False,False,True,0.0004677096790529669,COMPLETE
623,0.2731123208999634,2025-04-08 04:48:46.612556,2025-04-08 04:48:55.767149,0 days 00:00:09.154593,0.12477381611337114,0.45543953829978157,8,0.03206318746842948,0.25845582692879393,0.09289208681502989,0.008188770829489723,0.09369702353945615,0.08251195741399817,7.284938992768123e-05,20,90,0.09637535647482118,0.11119401444070098,False,False,True,0.0006057446262738419,COMPLETE
624,0.43309493660926823,2025-04-08 04:48:55.969412,2025-04-08 04:49:05.273839,0 days 00:00:09.304427,0.19426275428715234,0.3737214086294002,8,0.005221874282397615,0.2638705052221913,0.09080477925306628,0.005745195907569789,0.09833066904932193,0.09493407243393487,2.345161293199019e-05,21,101,0.09794508612138654,0.07196041620386087,False,False,True,0.0002505169495514837,COMPLETE
