number,value,datetime_start,datetime_complete,duration,params_alpha-eval,params_alpha-train,params_batch-size,params_eps-eval,params_eps-train,params_lambda-actions-eval,params_lambda-actions-train,params_lambda-frames-eval,params_lambda-frames-train,params_learning-rate,params_n-epochs,params_n-frames,params_radius-gw,params_rho,params_std-feats,params_ub-actions,params_ub-frames,params_weight-decay,state
340,0.4426967859268189,2025-04-08 04:04:08.460173,2025-04-08 04:04:18.429481,0 days 00:00:09.969308,0.1348906313222975,0.7883472796749653,8,0.010753247375106835,0.24689838714381346,0.09225986404724565,0.018529074642651105,0.09999217020293978,0.07156479441692382,0.00035500900239148733,25,96,0.09632349547349074,0.11811361901608125,False,False,True,0.0001329212068036089,COMPLETE
341,0.4421373188495636,2025-04-08 04:04:18.546938,2025-04-08 04:04:28.468869,0 days 00:00:09.921931,0.1462239306514425,0.7878702414631221,8,0.010968973379129755,0.24721270058781705,0.09224350412545299,0.018107934220392956,0.09977536131043588,0.07133044607387222,0.00033395526740928816,25,96,0.09633365251794797,0.11803966126279418,False,False,True,0.00013282993224231522,COMPLETE
342,0.44186570644378664,2025-04-08 04:04:28.576178,2025-04-08 04:04:38.571071,0 days 00:00:09.994893,0.13213044497973622,0.7976748762079725,8,0.01223298513476255,0.24734006657492366,0.09231968609510605,0.01814288491235111,0.09957712665776412,0.07127978774961573,0.00032709070281836453,25,96,0.09627112735439414,0.11916099374610548,False,False,True,0.00013611863126154235,COMPLETE
343,0.09055355936288834,2025-04-08 04:04:38.677934,2025-04-08 04:04:48.643470,0 days 00:00:09.965536,0.14248794298988868,0.7917042808160554,8,0.01153386970697388,0.2488872005413615,0.09212169371118029,0.01823785167145748,0.09990836055686766,0.07055936888526364,0.0003447194460479849,25,96,0.09632500749269196,0.11770312249056447,False,True,True,0.00013102764914183838,COMPLETE
344,0.44319098591804507,2025-04-08 04:04:48.751941,2025-04-08 04:04:58.504687,0 days 00:00:09.752746,0.14252868592113602,0.7999948429135973,8,0.010496708801797162,0.25389160673265054,0.0926515917644198,0.018204736777557903,0.09995900653412153,0.07416471781203104,0.00026596316064525884,24,92,0.09836028554018719,0.11970110011859894,False,False,True,9.739077175852402e-05,COMPLETE
345,0.4438256680965424,2025-04-08 04:04:58.622877,2025-04-08 04:05:08.376638,0 days 00:00:09.753761,0.1409854819524707,0.8094615263943199,8,0.011924763121479819,0.24530866190076797,0.09240430459836171,0.00982800666571886,0.09991620538562664,0.07500647209816665,0.0002525514943084027,24,92,0.09859909976218671,0.1185733962247777,False,False,True,0.00020647201696433214,COMPLETE
346,0.44413496255874635,2025-04-08 04:05:08.483699,2025-04-08 04:05:18.067972,0 days 00:00:09.584273,0.13999624226227977,0.8158764495463309,8,0.011514127739399057,0.24604670507576606,0.09206463800527866,0.008947708769485018,0.09965786357491983,0.07581795651993736,0.00024371346538838313,23,92,0.09820305876610086,0.11985185901518804,False,False,True,0.00019434281885051142,COMPLETE
347,0.44467746615409853,2025-04-08 04:05:18.175316,2025-04-08 04:05:27.984834,0 days 00:00:09.809518,0.1399321491373743,0.8152096416614366,8,0.013277579466407684,0.24486592922733666,0.09203791746969774,0.009119108822669222,0.09992647773743316,0.07634098203283081,0.0002565546080073261,24,92,0.09809263332964584,0.11694245355015978,False,False,True,0.0002153682047763787,COMPLETE
348,0.4438297748565674,2025-04-08 04:05:28.092356,2025-04-08 04:05:37.646623,0 days 00:00:09.554267,0.1390974388180746,0.8233383942714394,8,0.012353143324347338,0.24640304539609942,0.09215027383549945,0.007336680018910127,0.09926345289764467,0.07626898580544304,0.000255755014965162,23,91,0.09826827386982717,0.11915070077265232,False,False,True,0.00022795025831021297,COMPLETE
349,0.4440786063671112,2025-04-08 04:05:37.768167,2025-04-08 04:05:47.510597,0 days 00:00:09.742430,0.14123218710618016,0.8094597348831445,8,0.01338956267717575,0.24477404414246337,0.09188393445345708,0.008161134792212539,0.09986030799295224,0.07649460412612266,0.00025619325117838456,24,92,0.09761853064931242,0.119772867228471,False,False,True,0.0002175644353029238,COMPLETE
350,0.4442187130451203,2025-04-08 04:05:47.620470,2025-04-08 04:05:57.377777,0 days 00:00:09.757307,0.13533002316888337,0.8200600539657553,8,0.013314036344290063,0.2469212816341691,0.09207365032986244,0.005535300830726463,0.09983186950504337,0.07666432312276086,0.0002699110334150208,24,93,0.09874739934667265,0.11940758048940081,False,False,True,0.00021943782925724805,COMPLETE
351,0.4441724121570587,2025-04-08 04:05:57.487091,2025-04-08 04:06:07.260655,0 days 00:00:09.773564,0.12964470714377282,0.8329826751497694,8,0.013302298393877235,0.25405512037733863,0.09204909176776942,0.00906208704316085,0.0996665087007423,0.07635800504353026,0.0002405255939975366,24,91,0.098411040446912,0.12055273201269208,False,False,True,0.00021803666834342667,COMPLETE
352,0.44289166927337653,2025-04-08 04:06:07.371514,2025-04-08 04:06:17.160961,0 days 00:00:09.789447,0.13108131127595807,0.8360945719124749,8,0.013283065473871203,0.2548507884313197,0.09166186447477626,0.005999721931911178,0.09991193075571678,0.0764689478021929,0.0002219051672473669,24,90,0.09847598255463838,0.12020823063977364,False,False,True,0.00025093591681638787,COMPLETE
353,0.4449724555015564,2025-04-08 04:06:17.281845,2025-04-08 04:06:26.987412,0 days 00:00:09.705567,0.12619932981665327,0.8430904083898256,8,0.013734275211299636,0.2548074591010433,0.09688733240314341,0.005585800612806495,0.09997132876133372,0.07593833930260313,0.0002437175670128148,23,91,0.09893834297434942,0.1209038459675437,False,False,True,0.00021884564511686367,COMPLETE
354,0.4442383944988251,2025-04-08 04:06:27.098782,2025-04-08 04:06:36.683519,0 days 00:00:09.584737,0.12924516226665275,0.8397820038523529,8,0.014061250535163133,0.2555968175243657,0.09735417547708676,0.004082026604982672,0.09993168691681929,0.07658631266857095,0.00022212614046525817,23,90,0.09886719070242417,0.12208038838136895,False,False,True,0.0002783273975375021,COMPLETE
355,0.44394055008888245,2025-04-08 04:06:36.794145,2025-04-08 04:06:46.490610,0 days 00:00:09.696465,0.12546312997100484,0.8383255617644553,8,0.01516241773919412,0.2542772941405083,0.09777395752715508,0.00536506881084687,0.09833162573591818,0.07623254832806942,0.00022751867431372027,23,90,0.099071923262546,0.12158540882306659,False,False,True,0.00024683010202777384,COMPLETE
356,0.4435023248195648,2025-04-08 04:06:46.602761,2025-04-08 04:06:56.161962,0 days 00:00:09.559201,0.12051837519885293,0.8272104113662171,8,0.015174380636703443,0.25688169705909975,0.09735234721664655,0.0053032645413374985,0.09814757127274108,0.0765531717076507,0.00021662270996564996,23,91,0.09887284053737233,0.1222938850080107,False,False,True,0.00025466688840139104,COMPLETE
357,0.44300014972686774,2025-04-08 04:06:56.282650,2025-04-08 04:07:05.857159,0 days 00:00:09.574509,0.11681596226743476,0.832811573299022,8,0.015700381821722682,0.2551385861761031,0.09747434479199428,0.004333154104204316,0.09830296889739112,0.0762930865388797,0.00022486199512944307,23,88,0.09866372167233521,0.12219981066682167,False,False,True,0.00023503230275001878,COMPLETE
358,0.4438128709793091,2025-04-08 04:07:05.967956,2025-04-08 04:07:15.571961,0 days 00:00:09.604005,0.12152532368546413,0.8347792612222515,8,0.015221582484863048,0.25744143590099594,0.09762814748719956,0.00406183675804366,0.0976924582995546,0.07676343890800819,0.00021847094842980354,23,87,0.09989081870804976,0.12291793706249615,False,False,True,0.0002737241799636763,COMPLETE
359,0.4440598011016846,2025-04-08 04:07:15.684070,2025-04-08 04:07:25.241551,0 days 00:00:09.557481,0.1251796546598781,0.8373456778662458,8,0.01519054823125255,0.25575361711354194,0.09770453097571197,0.0048968834615694,0.09758017530118776,0.0764665684231371,0.0002163025154695067,23,88,0.0999914249940681,0.12305353458458294,False,False,True,0.00026952037049999584,COMPLETE
360,0.4443997204303742,2025-04-08 04:07:25.364854,2025-04-08 04:07:34.905180,0 days 00:00:09.540326,0.12263699214752194,0.8344385344188967,8,0.014457072281391724,0.2543072556255781,0.09755861989318233,0.002659985212086634,0.0977245465998196,0.07676153962847371,0.00021810496904177244,23,87,0.09988919007054722,0.12255483077672888,False,False,True,0.000300589129781758,COMPLETE
361,0.44358710646629335,2025-04-08 04:07:35.017555,2025-04-08 04:07:44.597354,0 days 00:00:09.579799,0.12250582110720225,0.8306703139764401,8,0.015595382798701735,0.25569650098773306,0.09774799273929889,0.005173552876364112,0.0976958039101452,0.07644716741469708,0.00021562830777238247,23,87,0.0997566218393531,0.1232787776686612,False,False,True,0.0002677138472648107,COMPLETE
362,0.4440542578697205,2025-04-08 04:07:44.711577,2025-04-08 04:07:54.321623,0 days 00:00:09.610046,0.12205952887533765,0.8338075423358969,8,0.015175386180742878,0.25422893618745773,0.09761284779518513,0.0037493053436562077,0.09745491625876568,0.07648173481855061,0.00021161751775820877,23,87,0.09961041960830552,0.12328618694185713,False,False,True,0.00029497997422424946,COMPLETE
363,0.09055355936288834,2025-04-08 04:07:54.435492,2025-04-08 04:08:03.974474,0 days 00:00:09.538982,0.12037159856592371,0.8331724314078169,8,0.014917646970500657,0.25709360283719007,0.09735440750073396,0.0034997183956028324,0.09731298081320752,0.07635708434334734,0.00022013602631326657,23,87,0.09973012942928715,0.12418191748130991,False,True,True,0.0002638010832228062,COMPLETE
364,0.4440742135047913,2025-04-08 04:08:04.099048,2025-04-08 04:08:13.765088,0 days 00:00:09.666040,0.1196370255090393,0.832433840819186,8,0.015698579643220436,0.25473953698779267,0.09970911294926442,0.007214894059168951,0.09764799980090566,0.07595614735132987,0.0001975497090618574,23,91,0.09899130536221906,0.12481332172141604,False,False,True,0.00028642650292879464,COMPLETE
365,0.4444600582122803,2025-04-08 04:08:13.880128,2025-04-08 04:08:23.315545,0 days 00:00:09.435417,0.11646069345259345,0.8346049429937181,8,0.015528794148678209,0.2548126506539855,0.09936582431103963,0.007657371731689556,0.09787767793124269,0.07604415554211255,0.00019500559669148888,22,91,0.09873940431439979,0.12361932131830586,False,False,True,0.00027061248035545663,COMPLETE
366,0.12277978956699372,2025-04-08 04:08:23.429174,2025-04-08 04:08:32.869241,0 days 00:00:09.440067,0.11700841640602846,0.8352749589609032,8,0.16985992553420512,0.25842185143727875,0.09804383265950367,0.006964482567531075,0.09741452041470132,0.07600793026154268,0.0001983318294323609,22,91,0.09878468552077327,0.12411763780621471,False,False,True,0.0002976797908794528,COMPLETE
367,0.4437174260616303,2025-04-08 04:08:32.986369,2025-04-08 04:08:42.497980,0 days 00:00:09.511611,0.11896961427809548,0.8710657339889732,8,0.016196996128030952,0.25427875113527804,0.09957645113196277,0.008818008328611725,0.09764089876470865,0.07891909794928649,0.00014218009354759819,23,86,0.09868816847429515,0.12476605681528406,False,False,True,0.00017941424837938656,COMPLETE
368,0.12110157310962677,2025-04-08 04:08:42.622956,2025-04-08 04:08:52.103709,0 days 00:00:09.480753,0.1204850225299525,0.8698172727356261,8,0.20272948209574215,0.25888175640964783,0.09948313204042189,0.0090446269745924,0.09744760400531166,0.07883004812167851,0.00014924574334946138,23,86,0.09981696749936086,0.12418966752769699,False,False,True,0.0002490047192473813,COMPLETE
369,0.44339163303375245,2025-04-08 04:08:52.219385,2025-04-08 04:09:01.669736,0 days 00:00:09.450351,0.12230810232831016,0.8516855759861913,8,0.018092756731197243,0.25469852397077636,0.09988992500957368,0.004625005188166129,0.09744590922095872,0.07430876238326449,0.00023063847235980375,22,91,0.09874292052225979,0.12403360453333973,False,False,True,0.00017814527699412007,COMPLETE
370,0.4445417702198029,2025-04-08 04:09:01.786461,2025-04-08 04:09:11.316108,0 days 00:00:09.529647,0.11128865936460976,0.851001844315925,8,0.016197822880485428,0.2548593865814096,0.09701464898810892,0.005108821295858178,0.0975773555356327,0.07870365426327366,0.00022849872344892438,22,91,0.09855657938362357,0.1249408483205718,False,False,True,0.00047670288485675684,COMPLETE
371,0.4445558309555054,2025-04-08 04:09:11.443295,2025-04-08 04:09:21.192838,0 days 00:00:09.749543,0.11496881301022842,0.8955378933784329,8,0.016413770995844856,0.25594678191133385,0.09982206223342725,0.0050538554277117405,0.09758879012650136,0.07905815976134754,0.00023468246577980264,23,91,0.09876225428158743,0.12623115461186288,False,False,True,0.0004537628482805154,COMPLETE
372,0.4430350780487061,2025-04-08 04:09:21.307482,2025-04-08 04:09:30.902623,0 days 00:00:09.595141,0.11185714575234107,0.8555835721765159,8,0.01758716632155637,0.2544790442383884,0.09736082901306517,0.004802503311105562,0.09707755927102847,0.07902972202103956,0.00024088776882081787,23,91,0.09866264025867953,0.1256147298950422,False,False,True,0.00044393818154962543,COMPLETE
373,0.44256839752197263,2025-04-08 04:09:31.020743,2025-04-08 04:09:40.358960,0 days 00:00:09.338217,0.10999596217529604,0.9007114603167329,8,0.018499045120753312,0.25483747805329776,0.09721386121555052,0.0010042991053912584,0.09737179050062988,0.08216953234502086,0.00011277729447299073,22,84,0.09986360589846896,0.12888014939132916,False,False,True,0.00048327583912243644,COMPLETE
374,0.44352285861969,2025-04-08 04:09:40.476136,2025-04-08 04:09:50.005118,0 days 00:00:09.528982,0.11015294549746296,0.8561926442819986,8,0.016732671771351078,0.2631434045893339,0.09987611444591346,0.0033821581738962855,0.09686804306219078,0.0788872887099112,0.00017410544104250883,23,92,0.09833421807746251,0.12486063391635838,False,False,True,0.0003473312170054114,COMPLETE
375,0.44290654659271245,2025-04-08 04:09:50.133468,2025-04-08 04:09:59.883838,0 days 00:00:09.750370,0.10571686559063154,0.8605673652751625,8,0.01686560677182341,0.26398510012790716,0.09946968125129771,0.008063998700274477,0.09683023400507199,0.08015932356563628,0.0001607777272902722,24,91,0.09851644770481548,0.12496186909511656,False,False,True,0.00034219405302380544,COMPLETE
376,0.44266948103904724,2025-04-08 04:10:00.001013,2025-04-08 04:10:09.460735,0 days 00:00:09.459722,0.11388930207303546,0.8541313295731862,8,0.016843304017193375,0.2631116729154867,0.09639010283736373,0.002866888262025318,0.09707886316840825,0.07401316266771814,0.00017886100099988718,22,92,0.09830163711163893,0.12531438478525841,False,False,True,0.00018853837619532723,COMPLETE
377,0.4429616630077362,2025-04-08 04:10:09.578583,2025-04-08 04:10:19.180496,0 days 00:00:09.601913,0.10444150278177752,0.896983112733476,8,0.01743231307476247,0.2543614803062398,0.09868169664341829,0.005815448077989583,0.09724386078638755,0.08007800514181386,0.0002407361115423085,23,78,0.09954528382240031,0.1250724735742775,False,False,True,0.0004149946359137581,COMPLETE
378,0.44255732297897343,2025-04-08 04:10:19.297856,2025-04-08 04:10:28.815794,0 days 00:00:09.517938,0.12423809101353259,0.8227441162543445,8,0.01661972376550112,0.26091111715970006,0.09992864549066142,0.009693664506972916,0.09755151146071206,0.07830838799440967,0.00012614220194610894,22,85,0.09975544492840477,0.12580695472469178,False,False,True,0.0005810153974829933,COMPLETE
379,0.4435421466827393,2025-04-08 04:10:28.942677,2025-04-08 04:10:38.684414,0 days 00:00:09.741737,0.12118796822094051,0.8191924825451158,8,0.016051546737668974,0.2537504555411145,0.0961900314011383,0.004934496006958481,0.09709522658204821,0.0834969015005143,0.00024196452183308383,24,88,0.09831541295000329,0.12411125318534615,False,False,True,0.00032428822733966207,COMPLETE
380,0.44305246472358706,2025-04-08 04:10:38.802653,2025-04-08 04:10:48.571021,0 days 00:00:09.768368,0.11942212720862108,0.8170886707199829,8,0.01882540968518408,0.26400408215718124,0.09566872027626536,0.007665838783908821,0.09587430149407461,0.07394024954508706,0.00018259084064576597,24,81,0.09821611706171897,0.12328385224043309,False,False,True,0.0003292534562583562,COMPLETE
381,0.4415002167224884,2025-04-08 04:10:48.689481,2025-04-08 04:10:58.297389,0 days 00:00:09.607908,0.09577302658686825,0.8489734757047496,8,0.01628316557588729,0.2532425588571434,0.09997061400535882,0.0028643332824436533,0.09746788189546952,0.08385441072125804,0.00024880502564634236,23,88,0.099936356681259,0.12893906324328455,False,False,True,0.00017770605707629554,COMPLETE
382,0.44281492829322816,2025-04-08 04:10:58.426923,2025-04-08 04:11:08.130381,0 days 00:00:09.703458,0.1298268335638581,0.8761820666020717,8,0.015365650620674133,0.2591988764025387,0.09582305943704532,0.005375103169918124,0.0949278172534011,0.07501678376998357,0.00019999277967665998,24,89,0.09807559299077939,0.12518063918160088,False,False,True,0.00020548538392978053,COMPLETE
383,0.4425582945346832,2025-04-08 04:11:08.253068,2025-04-08 04:11:17.724862,0 days 00:00:09.471794,0.10037511459013788,0.8934614362306448,8,0.021123958857919727,0.25254828304199434,0.09741795475738985,0.009920584001804721,0.0973153761227079,0.07779082964627757,0.00014193085346450503,22,93,0.09807209253078474,0.12355871318773425,False,False,True,0.0003099034584407417,COMPLETE
384,0.09055355936288834,2025-04-08 04:11:17.844799,2025-04-08 04:11:27.173402,0 days 00:00:09.328603,0.1267880929591885,0.8211292671777112,8,0.015270207922898902,0.241262438893427,0.0954088882475597,0.007352417414718157,0.09776099348799579,0.08179225276616056,0.00017253780263944704,21,86,0.09999467187386087,0.1301427780346765,False,True,True,0.0003699692422467685,COMPLETE
385,0.44301375746726995,2025-04-08 04:11:27.303970,2025-04-08 04:11:37.052117,0 days 00:00:09.748147,0.12560980531837604,0.921762251800803,8,0.021509403601402504,0.2597862224725121,0.09993839517991146,0.002165116103534571,0.09503849234137676,0.08692702606279698,0.00026310640741571774,24,83,0.09779353194466282,0.12308598881573113,False,False,True,0.0001754168146770898,COMPLETE
386,0.4426876246929169,2025-04-08 04:11:37.172052,2025-04-08 04:11:46.798759,0 days 00:00:09.626707,0.0997971551682039,0.8140369666039836,8,0.015090385536099343,0.2669249616995867,0.09743776855477282,0.0045333677471545205,0.09757810300846143,0.0744290996252679,0.000204531755678069,23,93,0.09820436264178968,0.13038236379636223,False,False,True,0.0002720804770878457,COMPLETE
387,0.442592191696167,2025-04-08 04:11:46.918158,2025-04-08 04:11:56.495741,0 days 00:00:09.577583,0.1210002352633017,0.8560275722460542,8,0.015487930003179117,0.24122239877151377,0.09499202323218288,0.006683970043145934,0.09542274098262707,0.07741330811091829,0.00015260511392556995,23,89,0.09818144628009973,0.12287269975968294,False,False,True,0.00021868472808075136,COMPLETE
388,0.11491161584854126,2025-04-08 04:11:56.615705,2025-04-08 04:12:06.039153,0 days 00:00:09.423448,0.08786725171057422,0.8433480463049431,8,0.12007803668078854,0.2534613774543523,0.09765392013403815,0.009188850493679217,0.09752698967101914,0.08063349654298985,0.00023718482428104854,22,92,0.09986001199487793,0.12278239569087852,False,False,True,0.0003165128206077611,COMPLETE
389,0.12329286038875581,2025-04-08 04:12:06.171673,2025-04-08 04:12:15.933526,0 days 00:00:09.761853,0.10859710350398287,0.821891172562755,8,0.14609297388703493,0.26192398752070756,0.09613051380083622,0.0010769309144775868,0.09476694519125281,0.0737929098409175,0.00019362827111729381,24,93,0.09786211665060783,0.13234484015387657,False,False,True,0.0002295074937669923,COMPLETE
390,0.44350695610046387,2025-04-08 04:12:16.054821,2025-04-08 04:12:25.592190,0 days 00:00:09.537369,0.12847740717577688,0.8753552443741,8,0.02136732827948834,0.25222113748545916,0.09831354271348228,0.0039032433020474815,0.09759634313529057,0.07709191824574274,0.00025599967797674075,23,88,0.09984599961587357,0.12818022318199446,False,False,True,0.000657597386929174,COMPLETE
391,0.4339885234832764,2025-04-08 04:12:25.713415,2025-04-08 04:12:35.273323,0 days 00:00:09.559908,0.12853337389042885,0.8870864801721923,8,0.022993226546971127,0.2668742703732264,0.0987492235200928,0.004024772019009719,0.0964245340787309,0.0772710962854594,0.0002045438147667138,23,86,0.09411694805244969,0.12849742399012332,False,False,True,0.0004888884949539848,COMPLETE
392,0.4402451395988465,2025-04-08 04:12:35.405194,2025-04-08 04:12:44.988286,0 days 00:00:09.583092,0.09891965995425536,0.9165867882213303,8,0.02105837128317435,0.2522731346319599,0.09823842025806137,0.005750253918655671,0.09779754162434126,0.078711828825651,0.0001282833637430538,23,89,0.09994502779655244,0.12309109389098828,False,False,True,0.0006201982161580562,COMPLETE
393,0.44096048474311833,2025-04-08 04:12:45.110788,2025-04-08 04:12:54.522151,0 days 00:00:09.411363,0.07680406442012694,0.8739199426494876,8,0.015661078764460164,0.24189271578981536,0.0957149251613441,0.010963754796258015,0.09430472155493426,0.07582178015258723,0.0001642031905791112,22,83,0.09992913759633308,0.13291316456287502,False,False,True,0.0006712177306567109,COMPLETE
394,0.12003061771392823,2025-04-08 04:12:54.645677,2025-04-08 04:13:04.216914,0 days 00:00:09.571237,0.13001735923669477,0.8503118769434541,8,0.1089868487193947,0.2588398210453871,0.09978731034745192,0.003413614689217308,0.09628492691681526,0.0818147909912535,0.00025331913041472785,23,88,0.09778230355942386,0.12789742457549302,False,False,True,0.0008604544433529038,COMPLETE
395,0.43711465597152716,2025-04-08 04:13:04.339375,2025-04-08 04:13:13.805616,0 days 00:00:09.466241,0.1089499812621626,0.8337291963676648,8,0.02121202058017304,0.2579965320542088,0.09505327739960868,0.008073803126796383,0.09764415112760463,0.08600945283642808,0.00021469343865388807,23,79,0.09430721071470771,0.12283841561612316,False,False,True,0.00017176977218413237,COMPLETE
396,0.4432446897029877,2025-04-08 04:13:13.939402,2025-04-08 04:13:23.771460,0 days 00:00:09.832058,0.1293824163583748,0.8683334235916763,8,0.015926021649092827,0.2509737766221095,0.09798398579107855,0.005956440356556164,0.09431419507906277,0.07724877653106416,0.00017504968153623973,24,85,0.09770580722265709,0.13076212346051252,False,False,True,0.0003681475089303184,COMPLETE
