number,value,datetime_start,datetime_complete,duration,params_alpha-eval,params_alpha-train,params_batch-size,params_eps-eval,params_eps-train,params_lambda-actions-eval,params_lambda-actions-train,params_lambda-frames-eval,params_lambda-frames-train,params_learning-rate,params_n-epochs,params_n-frames,params_radius-gw,params_rho,params_std-feats,params_ub-actions,params_ub-frames,params_weight-decay,state
283,0.4335702061653138,2025-04-08 03:51:50.158874,2025-04-08 03:52:11.359432,0 days 00:00:21.200558,0.2712780411274943,0.5284540700131698,2,0.005830106649456289,0.22935348606580402,0.08816235077255401,0.024664861340717062,0.08673093848278696,0.04637481308127553,0.03229460398242429,27,140,0.08386528310326463,0.13231867201303643,False,False,True,2.810188796868676e-05,COMPLETE
284,0.43381182551383973,2025-04-08 03:52:11.457532,2025-04-08 03:52:24.119745,0 days 00:00:12.662213,0.23292933679887298,0.5283588865830849,2,0.005656845105120347,0.23710582194331006,0.09623353849420951,0.02822312916282983,0.08431632066043711,0.048990832723474334,0.027643451783523655,11,128,0.08147675167778433,0.1311390923134678,False,False,True,1.9079042128632968e-05,COMPLETE
285,0.43603321313858034,2025-04-08 03:52:24.212893,2025-04-08 03:52:45.329559,0 days 00:00:21.116666,0.23921264713828683,0.5632556346890354,2,0.00023400140347629855,0.22733798792053533,0.009019721456619683,0.030141113388211047,0.09100154220818951,0.043908870550283745,0.02532215042748008,27,135,0.0837423327876394,0.09963851560977809,False,False,True,1.4294652726767475e-05,COMPLETE
286,0.43858947157859807,2025-04-08 03:52:45.423566,2025-04-08 03:53:01.964110,0 days 00:00:16.540544,0.23764126283325773,0.5746044880474258,2,0.0075214090977081625,0.2269343522426053,0.0899954644716093,0.022576710694787425,0.09007239501753403,0.04449863862806733,0.025049236821472174,18,131,0.08378113001468289,0.10288356844318493,False,False,True,1.577308132034084e-05,COMPLETE
287,0.4384248733520508,2025-04-08 03:53:02.054660,2025-04-08 03:53:22.596269,0 days 00:00:20.541609,0.22575118090982546,0.563383227500749,2,0.0009541062103877451,0.2174380427722376,0.09911617816551717,0.030673891826331495,0.09106799147079461,0.04474294824179804,0.02499065846774865,26,128,0.08566250550167777,0.09871371102436076,False,False,True,2.107676114039897e-05,COMPLETE
288,0.4334593772888184,2025-04-08 03:53:22.699012,2025-04-08 03:53:31.405450,0 days 00:00:08.706438,0.23293698838483423,0.5876568576403538,16,0.0053691779655822254,0.22439971030320932,0.098025764449203,0.025473914298687193,0.09172008881439478,0.04717444240587401,0.02276693388428124,29,59,0.08636178570893784,0.09568182702227403,False,False,True,1.6505370249642433e-05,COMPLETE
289,0.43710887432098394,2025-04-08 03:53:31.497325,2025-04-08 03:53:53.472282,0 days 00:00:21.974957,0.24028572446185997,0.5554511310994393,2,0.004508649721210019,0.22867035445625108,0.08614602170172062,0.031140446006945148,0.09090674550147056,0.04451734151381492,0.024269330617651397,29,122,0.08408539417205804,0.09296811418197157,False,False,True,2.135970851578737e-05,COMPLETE
290,0.12892722189426423,2025-04-08 03:53:53.563637,2025-04-08 03:54:15.751510,0 days 00:00:22.187873,0.23476641221840255,0.5538802385478409,2,0.2705877001534458,0.22961234257598848,0.09932731269253563,0.02246472103488458,0.09029772726269482,0.049798605048983334,0.025555447123451983,29,120,0.08670009666354406,0.09039197892922107,False,False,True,2.1275433465008318e-05,COMPLETE
291,0.43513658046722414,2025-04-08 03:54:15.842986,2025-04-08 03:54:37.944731,0 days 00:00:22.101745,0.24446744601101356,0.5754015485112897,2,0.0002496749553549227,0.23316490902611534,0.09079561220394979,0.029787948243694237,0.09203323649268601,0.044333033817577305,0.02588882513187271,29,124,0.08401222478767119,0.09741298232382947,False,False,True,2.8139605223650286e-05,COMPLETE
292,0.4389353096485138,2025-04-08 03:54:38.039245,2025-04-08 03:54:59.725198,0 days 00:00:21.685953,0.20498352192279973,0.5980038195407335,2,0.0007421892457449308,0.21633612423481038,0.08962387061816414,0.030214884731341533,0.08891659222633054,0.043393225084724124,0.03164575024532234,28,127,0.08508082803774523,0.1019577549105899,False,False,True,3.537595314255992e-05,COMPLETE
293,0.43788268566131594,2025-04-08 03:54:59.826108,2025-04-08 03:55:21.547799,0 days 00:00:21.721691,0.221594437682673,0.5965737192937709,2,0.002103323638384189,0.2163357936128294,0.08823648587481078,0.029867497395772397,0.08891819088948634,0.043278367408233855,0.030890742479644604,28,127,0.08602510661352639,0.10378711638487802,False,False,True,2.273165287469831e-05,COMPLETE
294,0.439500617980957,2025-04-08 03:55:21.639488,2025-04-08 03:55:43.147188,0 days 00:00:21.507700,0.21813892097446608,0.6130342862494129,2,0.0022656164514336637,0.2149243813547995,0.08471140619251716,0.030436374382968485,0.0887905239641098,0.043657404357198254,0.031908395443316785,28,122,0.08728052961477172,0.10579039428421205,False,False,True,3.8198577454052324e-05,COMPLETE
295,0.4378656268119812,2025-04-08 03:55:43.240689,2025-04-08 03:56:04.954541,0 days 00:00:21.713852,0.20167632050731746,0.5914408597098145,2,0.0082323734131682,0.21320480302562161,0.08669324919302301,0.030933791382237515,0.08847156773299403,0.04303008620055281,0.02898520841620161,28,122,0.08824595687605943,0.1065263741257464,False,False,True,5.874035807462214e-05,COMPLETE
296,0.4370641231536866,2025-04-08 03:56:05.047284,2025-04-08 03:56:26.684447,0 days 00:00:21.637163,0.1967430327373647,0.6298738850835511,2,0.00171903213749072,0.21680336084108667,0.08556702486977154,0.02623922293187819,0.08826439408284144,0.04312357807901204,0.034641390359483194,28,121,0.08644309640113816,0.10388674815574639,False,False,True,3.91877287216313e-05,COMPLETE
297,0.4361874580383301,2025-04-08 03:56:26.778405,2025-04-08 03:56:48.228771,0 days 00:00:21.450366,0.20130697230497654,0.6317125446294339,2,0.0023697881396552625,0.21386232020245952,0.08545678006909198,0.023547644144699047,0.08854671734435317,0.04338400315679754,0.033014015424236445,28,118,0.08919294339123846,0.10642227111261993,False,False,True,5.461629496761013e-05,COMPLETE
298,0.43740124702453614,2025-04-08 03:56:48.331748,2025-04-08 03:57:09.880832,0 days 00:00:21.549084,0.20167312392288173,0.6196559701507136,2,0.0013141108844560954,0.21459605751655778,0.0848457824954077,0.02081759230438697,0.08875969149305334,0.04335638469261267,0.03366437571447832,28,116,0.08982004831032804,0.10023927968136603,False,False,True,4.864612766501525e-05,COMPLETE
299,0.4368093073368073,2025-04-08 03:57:09.974650,2025-04-08 03:57:20.465068,0 days 00:00:10.490418,0.20310582312412478,0.614581105984176,8,0.0031035971997573483,0.21796695540099353,0.08227638088671442,0.019991507531618134,0.09285425333198155,0.04290902588902913,0.023155438136067765,28,119,0.0870294491942073,0.10311362517612982,False,False,True,5.958520751483948e-05,COMPLETE
300,0.09055355936288834,2025-04-08 03:57:20.558079,2025-04-08 03:57:31.006925,0 days 00:00:10.448846,0.18291115463242855,0.6197215425863294,8,0.0023034042628013573,0.218810901989062,0.08364734124152635,0.026914968754976405,0.09346167214694784,0.04344116224216408,0.02323409284326424,28,116,0.0898066778575525,0.10274694279220074,False,True,True,5.617635453704047e-05,COMPLETE
301,0.43724901080131534,2025-04-08 03:57:31.105160,2025-04-08 03:57:41.414066,0 days 00:00:10.308906,0.21134529594883963,0.6006274429130951,8,0.005658067420992408,0.21217331235654077,0.08566761543780047,0.023341908309004192,0.09215429557444771,0.04854577247037198,0.03134337988892941,27,117,0.08764931233357438,0.10466259695341526,False,False,True,3.846913562962863e-05,COMPLETE
302,0.43829528093338016,2025-04-08 03:57:41.506980,2025-04-08 03:57:51.936159,0 days 00:00:10.429179,0.21848214719910286,0.5996501862103916,8,0.0020062612914571983,0.21317346846863022,0.08612346117253575,0.02036582334298067,0.0928188516882554,0.04698422491646471,0.03372932553137319,28,120,0.08719490770707133,0.10159591539213443,False,False,True,3.7399709250180016e-05,COMPLETE
303,0.4379837930202484,2025-04-08 03:57:52.041519,2025-04-08 03:58:02.388515,0 days 00:00:10.346996,0.1940398510621635,0.6524111001255317,8,0.0013105292677003245,0.2149007332781737,0.08584679255254705,0.020539530501419982,0.09311600693774875,0.052394304151664156,0.032476033384754834,27,119,0.08783703512180847,0.10246842441989862,False,False,True,3.668425760983891e-05,COMPLETE
304,0.4389484167098999,2025-04-08 03:58:02.484585,2025-04-08 03:58:12.859409,0 days 00:00:10.374824,0.20616564181258332,0.6480989450613669,8,0.0003086603549319984,0.21363634821550895,0.07950937499597874,0.01995364790489687,0.09247607732805156,0.052888323783546264,0.032029367692662104,27,117,0.08817484051939334,0.10395889352892826,False,False,True,3.760405650390501e-05,COMPLETE
305,0.43678619861602785,2025-04-08 03:58:12.955763,2025-04-08 03:58:23.230440,0 days 00:00:10.274677,0.2074489621712654,0.658452263332225,8,0.0018747493526678055,0.2111580020751068,0.07941166212823317,0.019004244997849543,0.09358907372492581,0.05598317856135431,0.03232791218819765,27,113,0.08803075499837189,0.10382676364934489,False,False,True,3.739148502147288e-05,COMPLETE
306,0.43822452425956726,2025-04-08 03:58:23.326135,2025-04-08 03:58:33.830477,0 days 00:00:10.504342,0.18416846685779098,0.6576746386081946,8,0.0017064734233057915,0.2166751542359129,0.08593253539358936,0.016763108654068968,0.0952640713335048,0.05186109160539138,0.03135260672820472,28,117,0.09022024403043621,0.10874962453927338,False,False,True,4.5681580527359045e-05,COMPLETE
307,0.4379530012607575,2025-04-08 03:58:33.936800,2025-04-08 03:58:44.423520,0 days 00:00:10.486720,0.18058850130959692,0.5992539494156305,8,0.0014121164592284375,0.21236067931811853,0.08607831435488852,0.016792020782841505,0.09515846678386394,0.05073969007101953,0.03356515119744941,27,118,0.08981748472704727,0.11017953995913202,False,False,True,3.5896290013845685e-05,COMPLETE
308,0.43893623948097227,2025-04-08 03:58:44.520524,2025-04-08 03:58:54.836179,0 days 00:00:10.315655,0.18191326659857746,0.5945688278216094,8,0.0007665135730380637,0.22230108036290624,0.0858370002153082,0.01727430840568372,0.09499169782948003,0.05034379425160193,0.028857307804402176,27,117,0.09168355716158576,0.1099916087381155,False,False,True,3.476928663194552e-05,COMPLETE
309,0.4397444725036621,2025-04-08 03:58:54.932245,2025-04-08 03:59:05.119506,0 days 00:00:10.187261,0.17291435285023538,0.5920608016875542,8,0.0002613919359038602,0.22228655008492312,0.08680231322652929,0.015324157223378702,0.09544199056544328,0.05218583726296488,0.028151463077654797,26,117,0.09103069996379108,0.1108755159459213,False,False,True,4.451676389872608e-05,COMPLETE
310,0.4396045446395874,2025-04-08 03:59:05.217548,2025-04-08 03:59:15.325264,0 days 00:00:10.107716,0.16514538359913444,0.6028458891591238,8,0.0014909396757166805,0.2223469347069128,0.08709014411734999,0.016549955051799244,0.09506107344913153,0.05232419900197825,0.02923720534234756,26,116,0.0912715398787144,0.10715126542880771,False,False,True,3.351019696259208e-05,COMPLETE
311,0.43788815140724185,2025-04-08 03:59:15.423801,2025-04-08 03:59:25.488078,0 days 00:00:10.064277,0.16715336327048305,0.656320049535289,8,0.0016720246098539152,0.21974718694827244,0.08960848021850623,0.015858381723764855,0.095867040777301,0.05844911529888252,0.029953339929705097,26,112,0.09071769190584074,0.1109007728872524,False,False,True,4.772652341575162e-05,COMPLETE
312,0.4392492651939392,2025-04-08 03:59:25.595047,2025-04-08 03:59:35.842021,0 days 00:00:10.246974,0.17676995614539903,0.65977531721609,8,0.0011129480632854328,0.22237881766639542,0.09050831721012068,0.015411207490307804,0.09579401479758444,0.05314757333331544,0.028142741110108404,26,112,0.0909108025244465,0.10956101612495409,False,False,True,3.2783930315376596e-05,COMPLETE
313,0.4391700327396393,2025-04-08 03:59:35.939535,2025-04-08 03:59:46.153272,0 days 00:00:10.213737,0.15612528387447905,0.6568475495177811,8,0.0007277025159431023,0.22132161565020278,0.0898335416467963,0.01430225688724498,0.09574506474482147,0.058592553069285215,0.028700838979988593,26,111,0.09179619277782648,0.10953738562937108,False,False,True,3.315024845710879e-05,COMPLETE
314,0.4392015099525452,2025-04-08 03:59:46.250536,2025-04-08 03:59:56.334230,0 days 00:00:10.083694,0.1741437748991284,0.6668799244079764,8,0.0018157514748874959,0.2233608608108213,0.08995909994386359,0.015469212471460311,0.09592516000774837,0.0585261611068581,0.026808835119977757,26,112,0.09170296059246084,0.1105921070664903,False,False,True,3.1952856742649076e-05,COMPLETE
315,0.436941546201706,2025-04-08 03:59:56.431192,2025-04-08 04:00:06.432901,0 days 00:00:10.001709,0.17928281372312302,0.6566032596766382,8,0.0019277315543802995,0.2256798025031039,0.0902322336724506,0.015053658992241105,0.0955703793180636,0.059689911385701296,0.025979508947579277,25,111,0.09390233104408004,0.1100100985139486,False,False,True,3.11847234664858e-05,COMPLETE
316,0.44012615680694583,2025-04-08 04:00:06.543059,2025-04-08 04:00:16.681246,0 days 00:00:10.138187,0.16159849397875486,0.6733779351424409,8,0.0007457502903987865,0.22342385824563682,0.0944947478439275,0.01715177398742173,0.09585186026710285,0.05324018430247964,0.022551178926803476,26,107,0.09175745390483098,0.11176610632487707,False,False,True,3.1693863085488396e-05,COMPLETE
317,0.43868119716644294,2025-04-08 04:00:16.780106,2025-04-08 04:00:26.941377,0 days 00:00:10.161271,0.163220144337728,0.7162118865498933,8,0.00039650552013386817,0.22283078501353648,0.09430297167286303,0.01724232824711076,0.09914001256692614,0.053665258662419064,0.0005361314453636519,26,105,0.09230639772632583,0.11160752914936972,False,False,True,3.205344226111773e-05,COMPLETE
318,0.4381976664066315,2025-04-08 04:00:27.040280,2025-04-08 04:00:37.236436,0 days 00:00:10.196156,0.16855360728827315,0.7127388038410845,8,0.0007713766310909,0.24048500057816485,0.0950982496519081,0.013380489797265482,0.09930953980896493,0.05244925949116714,0.000499520299196012,26,107,0.092182330820736,0.11032665572988715,False,False,True,3.073532411790433e-05,COMPLETE
319,0.43573766350746157,2025-04-08 04:00:37.337142,2025-04-08 04:00:47.540308,0 days 00:00:10.203166,0.15513723318890377,0.7178414473408149,8,0.0004949537706919442,0.2394675521137779,0.09425811058755026,0.01128486359329231,0.09775864507484974,0.053466769416529454,0.0004360667314365939,26,107,0.0940306495156572,0.11444781769260802,False,False,True,3.166685274154047e-05,COMPLETE
320,0.4382687568664551,2025-04-08 04:00:47.652461,2025-04-08 04:00:57.560170,0 days 00:00:09.907709,0.17226768792991426,0.681523507875288,8,0.008342663706553299,0.22408944274675707,0.09380754955946648,0.013311060179414597,0.09724985568745773,0.05281998760250368,0.0005133525664761565,25,105,0.09214007285956688,0.1109763985050857,False,False,True,7.606364663354374e-05,COMPLETE
321,0.09055355936288834,2025-04-08 04:00:57.659778,2025-04-08 04:01:07.847160,0 days 00:00:10.187382,0.16391854140286005,0.6767770470869873,8,0.008623706050319962,0.22366186468403393,0.09651874829566894,0.012777982519503987,0.0993689516840583,0.05474755269906589,0.0005603838409338223,26,106,0.09273816108486455,0.11120653185031248,False,True,True,7.252615728382907e-05,COMPLETE
322,0.44107773900032043,2025-04-08 04:01:07.949487,2025-04-08 04:01:17.859361,0 days 00:00:09.909874,0.17493106063656427,0.6966646697287495,8,0.00921761140885092,0.224043432326634,0.09323882332905885,0.017765663240188148,0.09946593585573507,0.0629038439421848,0.0003929749980762953,25,103,0.09561158192818806,0.11511048869358564,False,False,True,4.333925554818067e-05,COMPLETE
323,0.4394654333591462,2025-04-08 04:01:17.960897,2025-04-08 04:01:27.971033,0 days 00:00:10.010136,0.17593634269484418,0.7126544538789179,8,0.009485580119618291,0.2241720179804609,0.09293843664227305,0.01750448510750378,0.09689444308622533,0.06407383164677836,0.0007069586906079313,25,113,0.0926047930246331,0.117786357335969,False,False,True,0.00010723729910473308,COMPLETE
324,0.44084670543670657,2025-04-08 04:01:28.072714,2025-04-08 04:01:38.039683,0 days 00:00:09.966969,0.1522850962608258,0.698422499188398,8,0.008661793623004082,0.2235871165752552,0.09171853885040497,0.01760691896377263,0.0973519310562297,0.0654782144261884,0.00035548070505852207,25,102,0.09622386431880714,0.1168949855336748,False,False,True,8.594715136572128e-05,COMPLETE
325,0.4402956604957581,2025-04-08 04:01:38.149866,2025-04-08 04:01:48.038244,0 days 00:00:09.888378,0.15914674104840257,0.7056899387641845,8,0.008521620868533367,0.2236569997939365,0.0931431920326988,0.018293816448800657,0.09750391055412008,0.06362442104912219,0.0004287671282484791,25,102,0.0960073860661568,0.11725794257467995,False,False,True,0.00011719612178151087,COMPLETE
326,0.4413907825946808,2025-04-08 04:01:48.140196,2025-04-08 04:01:58.053718,0 days 00:00:09.913522,0.14585101315532184,0.7121464532873333,8,0.00907644768597502,0.23183329253436705,0.0915993390248719,0.01800161787550263,0.09961778436375299,0.06732117243755743,0.0003350323926510562,25,101,0.09579349689954744,0.1137791024746676,False,False,True,8.67487308399212e-05,COMPLETE
327,0.44087401628494266,2025-04-08 04:01:58.155881,2025-04-08 04:02:08.081152,0 days 00:00:09.925271,0.15029994055298032,0.717138527565902,8,0.008391104000672025,0.23379391917270326,0.09196039111347831,0.018101251378743063,0.09832336969653455,0.06794636332167345,0.0003220763924678949,25,101,0.0955090830584581,0.11664845458396099,False,False,True,0.00020762284986429162,COMPLETE
328,0.44091677069664004,2025-04-08 04:02:08.182914,2025-04-08 04:02:18.115793,0 days 00:00:09.932879,0.15903253802279319,0.7483835509355591,8,0.009515643892100752,0.23485371198173527,0.09238955374766507,0.01819346848220155,0.09994705356256892,0.06909574504702487,0.00034914865730758187,25,102,0.0962115140837249,0.11829922695746364,False,False,True,0.00012897976374535742,COMPLETE
329,0.44114918708801276,2025-04-08 04:02:18.229776,2025-04-08 04:02:28.173091,0 days 00:00:09.943315,0.15725507604225636,0.7638254279631645,8,0.00931083612750304,0.23264898987543509,0.09205124742878434,0.017841292367118358,0.09999717492999698,0.06954546310757652,0.00030612566118266485,25,101,0.09574252033502967,0.11848586633247668,False,False,True,0.00011935987350365838,COMPLETE
330,0.4416115462779999,2025-04-08 04:02:28.277186,2025-04-08 04:02:38.246210,0 days 00:00:09.969024,0.14938784414811954,0.7879399715601882,8,0.009112450664522195,0.2343431957236365,0.09189686254457541,0.01789730954480131,0.09992515394726682,0.06870011576218847,0.00027725872206140915,25,101,0.09613564867934966,0.11678465521091537,False,False,True,0.0001311404003155834,COMPLETE
331,0.4409568071365356,2025-04-08 04:02:38.351637,2025-04-08 04:02:48.273119,0 days 00:00:09.921482,0.14619381047451915,0.777331364033209,8,0.0098004841475978,0.2457023566862019,0.09189216948882675,0.017971239300002308,0.09924880981873728,0.0717697444077742,0.0002812780697357656,25,102,0.09610585262052725,0.11823821349399587,False,False,True,0.0001018924424630458,COMPLETE
332,0.44121075272560123,2025-04-08 04:02:48.378755,2025-04-08 04:02:58.301957,0 days 00:00:09.923202,0.15476706646578348,0.8017505102956508,8,0.008519175515170133,0.2447814724064862,0.09185364248111813,0.01811916597180105,0.09957433229348446,0.069625126330322,0.00033497960033476314,25,101,0.09604061231205915,0.11790008602463078,False,False,True,0.00011407263626069329,COMPLETE
333,0.44116523265838625,2025-04-08 04:02:58.416779,2025-04-08 04:03:08.299451,0 days 00:00:09.882672,0.150204023236866,0.7998241508704251,8,0.008392862330943369,0.2455263254690898,0.09212985389207236,0.01730118697142939,0.09975259727481048,0.06987612443818349,0.00035239072161738293,25,97,0.09606298609651666,0.11782065357801208,False,False,True,0.0001004709352987739,COMPLETE
334,0.440500956773758,2025-04-08 04:03:08.403454,2025-04-08 04:03:18.347989,0 days 00:00:09.944535,0.15101544890192256,0.7881450698139933,8,0.009766449170118981,0.24640239619999427,0.09202676470073504,0.017908879043871093,0.0997149862328427,0.06780961975003466,0.0003219315325473064,25,96,0.09610078228419727,0.11775533262767324,False,False,True,0.00011996540721699089,COMPLETE
335,0.44039000272750856,2025-04-08 04:03:18.454339,2025-04-08 04:03:28.293962,0 days 00:00:09.839623,0.14834254565602528,0.7945510155877378,8,0.009596136933395377,0.24707794211258277,0.09200291498875598,0.01804450458309007,0.09980724814328637,0.07055456911678712,0.0003364660964735329,25,99,0.09603205997341926,0.1165843285882007,False,False,True,0.00012003048169636735,COMPLETE
336,0.44139155745506287,2025-04-08 04:03:28.399648,2025-04-08 04:03:38.309262,0 days 00:00:09.909614,0.14800016944815095,0.7874184386548944,8,0.010226731535918578,0.2499596837083103,0.09197455794284082,0.01832368752296282,0.09931635775365014,0.07079522393696826,0.00034602288351566956,25,96,0.09629402296434339,0.11718944435954333,False,False,True,0.00013265741174278435,COMPLETE
337,0.4419379413127899,2025-04-08 04:03:38.423576,2025-04-08 04:03:48.314422,0 days 00:00:09.890846,0.14794120637154207,0.7943957514288569,8,0.010181559602979737,0.24602405226167817,0.09182788933380283,0.01833980749362733,0.09980336868796628,0.07173491402601283,0.0003024360081558471,25,97,0.09630267277269516,0.11775941725154138,False,False,True,0.00012958963060117406,COMPLETE
338,0.4419250071048737,2025-04-08 04:03:48.420674,2025-04-08 04:03:58.339736,0 days 00:00:09.919062,0.14583547262952187,0.7843534964742607,8,0.010494465232657988,0.24825578512529636,0.09212337589280527,0.014754955086522458,0.09918652018549623,0.07040603850054501,0.0003459185876495827,25,96,0.096306747036275,0.11913495867400513,False,False,True,0.00013653809368318256,COMPLETE
339,0.44107643961906434,2025-04-08 04:03:58.444710,2025-04-08 04:04:08.353418,0 days 00:00:09.908708,0.1427321407499236,0.788876410602322,8,0.010732564831274457,0.24962697234199616,0.0927433798285826,0.015073106797940125,0.0998738001482205,0.07089627360166177,0.0003096385762017734,25,96,0.09611220322341929,0.11702216370594752,False,False,True,0.00013705540304129624,COMPLETE
