number,value,datetime_start,datetime_complete,duration,params_alpha-eval,params_alpha-train,params_batch-size,params_eps-eval,params_eps-train,params_lambda-actions-eval,params_lambda-actions-train,params_lambda-frames-eval,params_lambda-frames-train,params_learning-rate,params_n-epochs,params_n-frames,params_radius-gw,params_rho,params_std-feats,params_ub-actions,params_ub-frames,params_weight-decay,state
850,0.33066163659095765,2025-04-08 05:22:10.350675,2025-04-08 05:22:19.444446,0 days 00:00:09.093771,0.4707270889049842,0.45436340304919337,16,0.022794474488998774,0.2558279183181457,0.07221890856910845,0.06763232067166298,0.07367178329399844,0.09001679122948131,2.2902323159788875e-05,25,92,0.0936257594154642,0.09653005306179871,False,False,False,2.1059625856858084e-08,COMPLETE
851,0.37326881289482117,2025-04-08 05:22:19.718947,2025-04-08 05:22:28.472390,0 days 00:00:08.753443,0.21334752223957432,0.48021163287679447,16,0.005868450292495503,0.26827714088613347,0.06700075480336923,0.07207118803138045,0.06926519744961185,0.09209612393257995,4.417427862047114e-05,26,84,0.0917014171582897,0.03130716171977189,False,False,True,5.9182712017728104e-08,COMPLETE
852,0.3893948554992676,2025-04-08 05:22:28.735206,2025-04-08 05:22:37.618985,0 days 00:00:08.883779,0.6943880963512266,0.5372925786579299,16,0.017114694310144906,0.2610937771515184,0.06886222739574974,0.06987666891265877,0.08023935306330099,0.09396066683968379,3.723560642488428e-05,28,89,0.06533276834793783,0.11361545821532672,False,False,True,3.089938224749227e-08,COMPLETE
853,0.20971260070800782,2025-04-08 05:22:37.892768,2025-04-08 05:22:46.625485,0 days 00:00:08.732717,0.18305376992844857,0.4197022668221859,16,0.0254158503145313,0.2558510719090153,0.07156826569861931,0.06672873847830334,0.07472696094968757,0.08771480692163783,5.448508744687216e-05,25,93,0.0040989239479185535,0.12500302573827682,False,True,True,3.60650623767174e-08,COMPLETE
854,0.4489303588867188,2025-04-08 05:22:46.903428,2025-04-08 05:22:55.613736,0 days 00:00:08.710308,0.14526066425684378,0.5060365524773405,16,0.01272569740090402,0.2696129462632834,0.06508398299501619,0.061623786476249165,0.07853469674405608,0.08954825955186917,3.167882053030736e-05,27,87,0.09130337416286993,0.10345757049517885,False,False,True,4.693838551281831e-08,COMPLETE
855,0.44222145676612856,2025-04-08 05:22:55.893612,2025-04-08 05:23:05.357383,0 days 00:00:09.463771,0.14295354816523842,0.5067516389385585,16,0.005897530317310312,0.27736761193615495,0.06636047175170146,0.061595609035533294,0.07768160713899579,0.09130634750593045,2.8162831265071093e-05,28,90,0.09359807958409191,0.0954618420771534,True,False,True,5.050804719873224e-08,COMPLETE
856,0.4373309195041657,2025-04-08 05:23:05.621726,2025-04-08 05:23:14.417525,0 days 00:00:08.795799,0.1402239452948165,0.3017153824673943,16,0.011037308682850586,0.2718994828277564,0.06432123156653513,0.07370497032642268,0.08166559848982163,0.09557971467771557,3.11008139815808e-05,27,96,0.09404866408469648,0.10091020467886863,False,False,True,4.42305182364279e-08,COMPLETE
857,0.4443360209465027,2025-04-08 05:23:14.699616,2025-04-08 05:23:23.821040,0 days 00:00:09.121424,0.16506161143863257,0.43793087066322717,16,0.00027075299267115965,0.2807073948314175,0.0645510502999194,0.06072939233021756,0.07906738426417616,0.08696771535103501,3.674421427332359e-05,27,87,0.09263894558550712,0.09339090084541475,False,False,True,6.596513322987615e-08,COMPLETE
858,0.43116243481636046,2025-04-08 05:23:24.120270,2025-04-08 05:23:33.037009,0 days 00:00:08.916739,0.19450626554355793,0.5490038376742181,16,0.012067887082400494,0.2690116027626283,0.07559293711679999,0.07733788470592719,0.08441186951165408,0.09294576306031258,2.2108446364216184e-05,27,92,0.06840136309116551,0.10340847616156168,False,False,True,4.584411859646782e-08,COMPLETE
859,0.3605498790740967,2025-04-08 05:23:33.302604,2025-04-08 05:23:41.836765,0 days 00:00:08.534161,0.1411406297600464,0.49782994939029834,16,0.005745060149222974,0.2750021125949219,0.06388677787278324,0.07088617851501701,0.07983014928656051,0.08994395102828072,1.7123359380228303e-05,28,33,0.09136629718658827,0.09718841101072122,False,False,True,7.688551135433367e-08,COMPLETE
860,0.4450409591197968,2025-04-08 05:23:42.115781,2025-04-08 05:23:50.845357,0 days 00:00:08.729576,0.17328239403943405,0.5256065127830482,16,0.01332307758952514,0.2897888251539519,0.07781202189447778,0.06907075118721401,0.07732419168164277,0.08730408039487396,2.6457669854620053e-05,27,89,0.0939507993058779,0.10375662746216399,False,False,True,5.565359413778926e-08,COMPLETE
861,0.41939672231674197,2025-04-08 05:23:51.123375,2025-04-08 05:23:59.690969,0 days 00:00:08.567594,0.2089411690309229,0.4740541178540439,16,0.006159235693097795,0.2835622748813764,0.07415670267779657,0.07195831515321649,0.08496992298086657,0.0911596856409092,3.1860065955927186e-05,27,46,0.08837783623690341,0.09349697538376767,False,False,True,2.3789394004794427e-08,COMPLETE
862,0.40579550266265874,2025-04-08 05:23:59.957149,2025-04-08 05:24:08.639991,0 days 00:00:08.682842,0.5108411227119258,0.5678488156773001,16,0.015344504586954123,0.26641619306062586,0.06597285587241111,0.07399458509318613,0.08143329646978395,0.08595962903309096,4.1198423738323266e-05,26,94,0.09098371642958686,0.09984869704996724,False,False,True,3.5757858864605105e-08,COMPLETE
863,0.41764243245124816,2025-04-08 05:24:08.918263,2025-04-08 05:24:17.711173,0 days 00:00:08.792910,0.15393439634182754,0.42273737100068354,16,0.009360840722670594,0.2705270043302429,0.07054390398687402,0.06331166768909083,0.07787783551492745,0.09456082352288331,3.4858827717514094e-05,27,99,0.06266723884157137,0.06719061913880316,False,False,True,7.535897019763697e-08,COMPLETE
864,0.4460563957691193,2025-04-08 05:24:17.990906,2025-04-08 05:24:26.973560,0 days 00:00:08.982654,0.17838874702349497,0.45305455433785646,16,0.016149791398732138,0.2643738793966168,0.0646217084174293,0.06831654020513894,0.08077391161737939,0.088849295233946,4.605523910440867e-05,29,90,0.0856155198705078,0.10613925486125911,False,False,True,3.1878352154099754e-08,COMPLETE
865,0.331166535615921,2025-04-08 05:24:27.255460,2025-04-08 05:24:35.672832,0 days 00:00:08.417372,0.1913414393074053,0.48225209579277856,16,0.0003315998989635305,0.27609414733228455,0.07252879480014196,0.07466030182384902,0.08302036915533945,0.09250064274164642,2.6202632001131588e-05,26,42,0.09413384953685731,0.11767603090287282,False,False,True,5.148468464024617e-08,COMPLETE
866,0.433235764503479,2025-04-08 05:24:35.939573,2025-04-08 05:24:44.814269,0 days 00:00:08.874696,0.22364168566606601,0.44202347468676173,16,0.005263520537675429,0.26756990497714706,0.06946514257463643,0.0704809948529938,0.07841023207661742,0.08600227552298342,2.0770910837052746e-05,28,86,0.09123787931720263,0.09893218666013187,False,False,True,4.041743072336182e-08,COMPLETE
867,0.44730643033981327,2025-04-08 05:24:45.094627,2025-04-08 05:24:53.804775,0 days 00:00:08.710148,0.15967822740195783,0.4099956947341327,16,0.011002581627229396,0.2620028651885662,0.06300358276273049,0.06125254623193304,0.08678389389844851,0.09624631502523136,4.555854368821807e-05,26,94,0.08865271888617311,0.0914618253436057,False,False,True,5.9112567305113145e-08,COMPLETE
868,0.44352447986602783,2025-04-08 05:24:54.086568,2025-04-08 05:25:02.908347,0 days 00:00:08.821779,0.20554119011582483,0.4005568405222575,16,0.0003201871880309133,0.27298111750020854,0.062459173522134884,0.0601195937450785,0.08630172155172379,0.09806760179832512,3.888163900317809e-05,26,87,0.0882697320248174,0.09062242036452912,False,False,True,6.618776085444705e-08,COMPLETE
869,0.4223973751068116,2025-04-08 05:25:03.177459,2025-04-08 05:25:12.502611,0 days 00:00:09.325152,0.1419606175645883,0.21338961141768126,16,0.008886193706415427,0.2631414905342635,0.06633669607313131,0.060714881319810315,0.08429851115402448,0.09709229237053532,3.264357662428697e-05,27,91,0.08751487349383985,0.08937334284622525,False,False,False,5.003821534933875e-07,COMPLETE
870,0.1253278344869614,2025-04-08 05:25:12.783815,2025-04-08 05:25:21.484181,0 days 00:00:08.700366,0.18099519505860506,0.4102658337852586,16,0.252113876664078,0.27900456214806785,0.06469690450315158,0.062080154513208564,0.08551669511201067,0.09650297857338688,4.534770705976807e-05,26,93,0.08547452522849965,0.10563879003980196,False,False,True,9.417160807002072e-08,COMPLETE
871,0.44489932060241705,2025-04-08 05:25:21.763602,2025-04-08 05:25:30.416011,0 days 00:00:08.652409,0.16047809645442312,0.42014143326950726,16,0.010257405703506611,0.2673714174278047,0.06334381482891675,0.06533508645151555,0.08208761658417221,0.09555866876071119,4.025498163556814e-05,27,82,0.08434499994671414,0.11482558852724375,False,False,True,6.063466851228428e-08,COMPLETE
872,0.37956398725509644,2025-04-08 05:25:30.698211,2025-04-08 05:25:39.466821,0 days 00:00:08.768610,0.866538158972171,0.4016708493951585,16,0.00548369028668691,0.2613723557345755,0.06544480033539958,0.05954767433904171,0.0840330975834111,0.09632275237955036,3.0977043741680916e-05,26,86,0.08703756689425163,0.0924767540232133,False,False,True,5.0383034480188734e-08,COMPLETE
873,0.09055355936288834,2025-04-08 05:25:39.735506,2025-04-08 05:25:48.378588,0 days 00:00:08.643082,0.1356426629002151,0.3864592335917377,16,0.08448931975145145,0.2718890051476953,0.06722063936496762,0.055750321130248914,0.08712072418720355,0.0940734102764986,4.747208703912182e-05,26,89,0.08899825492318472,0.10969723053050792,False,True,True,7.716689712332457e-08,COMPLETE
874,0.44010983109474183,2025-04-08 05:25:48.661424,2025-04-08 05:25:57.853841,0 days 00:00:09.192417,0.19579349075821587,0.43077959170842167,16,0.01286352810133434,0.26122052256308737,0.06289326273052309,0.06572299502772717,0.08553105455032527,0.09283967698181216,5.117319563629823e-05,25,97,0.0900678005804512,0.12224735846380048,True,False,True,4.224969865864546e-08,COMPLETE
875,0.39190867543220526,2025-04-08 05:25:58.140039,2025-04-08 05:26:07.023577,0 days 00:00:08.883538,0.16415357385615825,0.4640620483582945,16,0.005089395309617384,0.28372507005328923,0.06775240616665597,0.0628162349565127,0.08290778064774927,0.09543408489017756,2.441261026308853e-05,28,91,0.03253680757040758,0.10224196853234588,False,False,True,6.065748746202847e-08,COMPLETE
876,0.4198396980762482,2025-04-08 05:26:07.311164,2025-04-08 05:26:16.122290,0 days 00:00:08.811126,0.2249363939307416,0.5057916966315108,16,0.013462752220454014,0.26569852092852947,0.07015505087398223,0.06439084983913766,0.08764057919824797,0.09398908739969455,3.772244591288938e-05,27,84,0.09101460194270102,0.05630573015126556,False,False,True,2.9177751805215425e-08,COMPLETE
877,0.4473264276981354,2025-04-08 05:26:16.404202,2025-04-08 05:26:25.054647,0 days 00:00:08.650445,0.17368650122512247,0.4176662529545227,16,0.017688848361559865,0.2748427234831447,0.08162059384245082,0.06352628294014273,0.07612938062232702,0.09745909101302187,3.0131317806287952e-05,26,94,0.08396649799322883,0.11531020067368596,False,False,True,3.69201885832696e-08,COMPLETE
878,0.4385745465755463,2025-04-08 05:26:25.339741,2025-04-08 05:26:34.048999,0 days 00:00:08.709258,0.13661716127414902,0.38252471402014854,16,0.005687051904353057,0.28178896497237715,0.08333715194816857,0.06261985517202519,0.07632059654241177,0.09827782248544108,2.0001765981639273e-05,26,100,0.08662414131375636,0.12842540267549638,False,False,True,3.171474219519111e-08,COMPLETE
879,0.44018391966819764,2025-04-08 05:26:34.334852,2025-04-08 05:26:43.039264,0 days 00:00:08.704412,0.15591917310708026,0.41113310993639485,16,0.010833525147675403,0.28899309508382054,0.08012061614038722,0.06325701020587823,0.07964444464115146,0.0983839432970921,2.6419079376668825e-05,26,96,0.08313856955029457,0.12179939102107937,False,False,True,3.896085920374859e-08,COMPLETE
880,0.43924795985221865,2025-04-08 05:26:43.312816,2025-04-08 05:26:52.141990,0 days 00:00:08.829174,0.1699640749378832,0.35201847257069885,16,0.0003325530679509247,0.2767550651289974,0.08119508854248503,0.06135650102931393,0.07549862249013452,0.09667594865039518,3.089015789140111e-05,27,104,0.0844212969262608,0.11861739194505504,False,False,True,2.062302932642763e-08,COMPLETE
881,0.44772429466247565,2025-04-08 05:26:52.424605,2025-04-08 05:27:01.113395,0 days 00:00:08.688790,0.17651975786172466,0.4177713974224916,16,0.019514711711766924,0.27485567220864976,0.06422157094380822,0.066518646767712,0.0766432623007148,0.09771326754281008,2.7262007826500415e-05,26,95,0.08404239673384722,0.1138430118176678,False,False,True,1.2304576250796578e-07,COMPLETE
882,0.3875781834125519,2025-04-08 05:27:01.399506,2025-04-08 05:27:10.102033,0 days 00:00:08.702527,0.6167081047281135,0.2790505035210906,16,0.021931926604846795,0.2805177888881195,0.07877569099160568,0.06602070724191741,0.07565115145371523,0.09693605395554472,2.1313395925042084e-05,26,101,0.08342896896335253,0.1260054470492038,False,False,True,1.101171472632832e-07,COMPLETE
883,0.43844161033630374,2025-04-08 05:27:10.388936,2025-04-08 05:27:19.138524,0 days 00:00:08.749588,0.1351852721834764,0.37478670006514503,16,0.01926891658129844,0.28790504643905274,0.06595077105852319,0.06788080114203918,0.0779395880832637,0.09847798187291341,1.6927158631256086e-05,26,98,0.08434445686282335,0.12105231565449878,False,False,True,8.632946529409374e-08,COMPLETE
884,0.4436223685741425,2025-04-08 05:27:19.416440,2025-04-08 05:27:28.269120,0 days 00:00:08.852680,0.15451237148520142,0.39828849442769665,16,0.027317807290146972,0.29692926801473485,0.06327944953249166,0.06604845268674095,0.07146391488837345,0.09775940222774895,2.649628483947396e-05,27,107,0.08626207970269707,0.11785223602330969,False,False,True,1.4947768827525941e-07,COMPLETE
885,0.4464392721652985,2025-04-08 05:27:28.555071,2025-04-08 05:27:37.286126,0 days 00:00:08.731055,0.17402044082403947,0.4107061335674859,16,0.019730114587296826,0.27733475733243856,0.06497657739148557,0.06845729294172131,0.07356265375156212,0.09933715669808992,3.1043548602219426e-05,26,98,0.08392696698764142,0.12767402844838494,False,False,True,5.3404442037956686e-08,COMPLETE
886,0.11502209007740022,2025-04-08 05:27:37.573822,2025-04-08 05:27:46.360613,0 days 00:00:08.786791,0.174101374212797,0.3358638165938316,16,0.12731043832905192,0.2844415527211285,0.06711679653730429,0.06880983190424472,0.07552459935957077,0.09963075388828986,2.5243368186159097e-05,26,99,0.08397695671753408,0.1254969576204657,False,False,True,4.4094037016225644e-08,COMPLETE
887,0.4091563582420349,2025-04-08 05:27:46.643705,2025-04-08 05:27:55.445427,0 days 00:00:08.801722,0.14737524349530778,0.377560338101516,16,0.03088297566240103,0.2913921297944467,0.0649711447901009,0.06678470201511796,0.07311691139071742,0.09863628913386152,3.117888299688309e-05,27,104,0.08224827607751822,0.12936628557292168,False,False,True,6.442390081349211e-08,COMPLETE
888,0.4459372103214264,2025-04-08 05:27:55.731193,2025-04-08 05:28:04.502730,0 days 00:00:08.771537,0.17922482159015632,0.3977101045738424,16,0.026226660836507532,0.2798976883637104,0.06322864606129856,0.06823753667204235,0.07198067813863598,0.09969678721851419,2.0561938140181284e-05,26,102,0.08230667651992833,0.13478962116703452,False,False,True,5.186343557365584e-08,COMPLETE
889,0.3566653966903687,2025-04-08 05:28:04.789880,2025-04-08 05:28:14.168317,0 days 00:00:09.378437,0.1421347429332049,0.42259375638653324,16,0.037139017328987466,0.2765568289669408,0.08382252106813755,0.07000272044729272,0.07423847549539085,0.09956548037122576,3.276090281564027e-05,26,96,0.08632805169749136,0.12820625101565852,False,False,False,7.706308910132892e-08,COMPLETE
890,0.449107575416565,2025-04-08 05:28:14.458469,2025-04-08 05:28:23.181799,0 days 00:00:08.723330,0.1825255204817702,0.4116864491777996,16,0.01976626084462253,0.28432593440299614,0.0679279522415986,0.06387012673920707,0.07651221317287613,0.099907185822137,2.7792971566770826e-05,26,99,0.08395022565158644,0.12253643543917915,False,False,True,1.2004338914887734e-07,COMPLETE
891,0.4475445628166199,2025-04-08 05:28:23.456498,2025-04-08 05:28:32.255243,0 days 00:00:08.798745,0.21000987047718628,0.4173815328232226,16,0.029425324253000554,0.286745785077904,0.0679584019905198,0.06414718997459716,0.07810044378206607,0.09691501569911881,2.2642451143666618e-05,27,94,0.08298529013535068,0.122690692241665,False,False,True,6.627691250822643e-08,COMPLETE
892,0.34660139083862307,2025-04-08 05:28:32.542825,2025-04-08 05:28:41.495942,0 days 00:00:08.953117,0.21805210741946868,0.3902023337337288,16,0.040492722262824896,0.2886452982088214,0.06837408832286035,0.06355072271824373,0.07658418915750377,0.09687623904217563,1.4453194603921021e-05,28,101,0.0829128483017375,0.13110189310983658,False,False,True,1.1035792385880105e-07,COMPLETE
893,0.09055355936288834,2025-04-08 05:28:41.785658,2025-04-08 05:28:51.211241,0 days 00:00:09.425583,0.21255021564401705,0.4154708800358492,16,0.03436710896353562,0.29149002687433934,0.06834580066538246,0.06449779763005409,0.0783603836683023,0.09699506704830796,1.783666108619871e-05,27,94,0.08346975785496277,0.13097004958062375,True,True,True,1.266705580962816e-07,COMPLETE
894,0.3786099851131439,2025-04-08 05:28:51.503629,2025-04-08 05:29:00.291842,0 days 00:00:08.788213,0.9171531205626171,0.3619855690328506,16,0.0289872538238995,0.28903544958626787,0.06693650272651612,0.06395410235463793,0.07991570498798944,0.09792899090667367,2.333567241521313e-05,27,99,0.0819873191809199,0.1368047910657344,False,False,True,1.0202812385772669e-07,COMPLETE
895,0.4438872933387757,2025-04-08 05:29:00.566335,2025-04-08 05:29:09.467448,0 days 00:00:08.901113,0.19073307366243733,0.4238463331661478,16,0.028158084687664786,0.28512668167141847,0.06923259343561716,0.06534843608760435,0.07761156716746254,0.09934502562380544,2.64361151966704e-05,28,94,0.08561576077451183,0.11778198688028237,False,False,True,1.8336819125240728e-07,COMPLETE
896,0.43974686264991764,2025-04-08 05:29:09.758187,2025-04-08 05:29:18.565174,0 days 00:00:08.806987,0.24456467629592374,0.3957860150633968,16,0.023015533393058587,0.2965126610213656,0.07036965332666949,0.06119565117065598,0.07688219946061293,0.0959238944324458,1.652407909329635e-05,27,96,0.08468273260950655,0.12253546364619942,False,False,True,1.3717280198134866e-07,COMPLETE
897,0.3813604891300202,2025-04-08 05:29:18.854276,2025-04-08 05:29:27.738193,0 days 00:00:08.883917,0.8312362582452624,0.4129108786611159,16,0.032230412544179965,0.291834563845417,0.0670772638053056,0.08587477502262811,0.08042525708823095,0.09757025208670352,2.1357154020394416e-05,27,97,0.08245092056414569,0.12261231382818574,False,False,True,8.414324459497211e-08,COMPLETE
898,0.4435752391815186,2025-04-08 05:29:28.032752,2025-04-08 05:29:36.703071,0 days 00:00:08.670319,0.20954973877984726,0.4356172640603557,16,0.0245489201841162,0.28382344950277294,0.06598885755550375,0.06611743227620587,0.07854791661155873,0.09621511601984116,2.6162831418765918e-05,26,93,0.08592718677201315,0.12114968376177075,False,False,True,6.893565262643678e-08,COMPLETE
899,0.4412928998470307,2025-04-08 05:29:36.980988,2025-04-08 05:29:45.869434,0 days 00:00:08.888446,0.18855132199365132,0.37800906476492674,16,0.02144665470123232,0.2834647818306136,0.07121144750646885,0.06287850767935807,0.07591782144959913,0.09953087782594129,2.1163176394128637e-05,27,94,0.08450805778036129,0.12545133968053523,False,False,True,9.207698479460809e-08,COMPLETE
900,0.22676472067832948,2025-04-08 05:29:46.164166,2025-04-08 05:29:54.804659,0 days 00:00:08.640493,0.2050977142650157,0.43449937033255187,16,0.04843866456755634,0.27395002474604546,0.06833463957377413,0.06385516918801545,0.07512021695889869,0.09622951054126082,3.5773641689551434e-05,26,101,0.0845358162545193,0.11738301807782073,False,False,True,2.324228096231383e-07,COMPLETE
901,0.44415627717971806,2025-04-08 05:29:55.097108,2025-04-08 05:30:04.046149,0 days 00:00:08.949041,0.17781386646699732,0.5241474096393987,16,0.024114016038687312,0.2951201826509119,0.06460340540486557,0.061249402003619,0.08085766900146958,0.09469515961275624,2.7862776687258072e-05,28,97,0.08089311649981644,0.13472546543134317,False,False,True,1.2024350192131902e-07,COMPLETE
902,0.4360241532325745,2025-04-08 05:30:04.340708,2025-04-08 05:30:13.209934,0 days 00:00:08.869226,0.23911851884447746,0.3973546681272305,16,0.029666644562605197,0.27395476757947157,0.06853807550988772,0.06626538571357589,0.07788540512817567,0.09633884105340891,1.8471510067273127e-05,27,93,0.08585445801590075,0.11501472002770229,False,False,True,5.8406563733546055e-08,COMPLETE
903,0.4462656676769257,2025-04-08 05:30:13.487576,2025-04-08 05:30:22.233475,0 days 00:00:08.745899,0.16427235940561224,0.42497123973666096,16,0.01800923482861995,0.29501575560283655,0.06692529237881002,0.07944753382489736,0.07912653906150312,0.09993884836614686,2.3018485817370618e-05,26,99,0.08619798819465521,0.11577082302100491,False,False,True,7.880836198532586e-08,COMPLETE
904,0.32631800770759584,2025-04-08 05:30:22.523871,2025-04-08 05:30:31.196746,0 days 00:00:08.672875,0.19319448113948692,0.4387767368645404,16,0.0366102536029848,0.27904223475895146,0.07197336780305925,0.0673528664349469,0.07377431696277317,0.09999547380654991,3.8889330439864876e-05,25,95,0.08763012821051812,0.11471276864810354,False,False,True,3.695291836220895e-08,COMPLETE
905,0.4459893524646759,2025-04-08 05:30:31.491285,2025-04-08 05:30:40.290032,0 days 00:00:08.798747,0.22403770457056837,0.4047578589984784,16,0.018619764889233184,0.286189110787942,0.07013351261954812,0.07180315833111112,0.07673995426850602,0.09574013971477555,2.8438680819411055e-05,26,105,0.08231709468909094,0.12442695074665863,False,False,True,4.7576473185240604e-08,COMPLETE
906,0.43612523078918464,2025-04-08 05:30:40.584860,2025-04-08 05:30:49.356905,0 days 00:00:08.772045,0.15420022925696397,0.44090253516239936,16,0.02763043375797752,0.29946849666126674,0.06323290864102106,0.06439090481358663,0.08071171862864378,0.096908293139911,3.596019746693614e-05,27,92,0.08326883111233085,0.12083558781484904,False,False,True,6.441939078704786e-08,COMPLETE
