number,value,datetime_start,datetime_complete,duration,params_alpha-eval,params_alpha-train,params_batch-size,params_eps-eval,params_eps-train,params_lambda-actions-eval,params_lambda-actions-train,params_lambda-frames-eval,params_lambda-frames-train,params_learning-rate,params_n-epochs,params_n-frames,params_radius-gw,params_rho,params_std-feats,params_ub-actions,params_ub-frames,params_weight-decay,state
1756,0.4451038479804993,2025-04-08 07:50:42.529869,2025-04-08 07:50:52.157454,0 days 00:00:09.627585,0.32169762006173097,0.5671298509982123,16,0.043531735763828336,0.287108417241373,0.0768963092505967,0.09009027676649475,0.06877801235340658,0.08168022406187411,2.5866122747568358e-05,25,112,0.0940515307436523,0.25363819473882265,True,False,True,2.4136804958491396e-07,COMPLETE
1757,0.41881217360496525,2025-04-08 07:50:52.721390,2025-04-08 07:51:02.425290,0 days 00:00:09.703900,0.623671469184236,0.5403201516188244,16,0.03327403522642399,0.28011124997839576,0.08046005241914742,0.09348773317586614,0.06547848915968306,0.08644973863433605,1.9558392779281378e-05,26,119,0.09689570911480033,0.23073866802603105,True,False,True,2.8039130079414415e-07,COMPLETE
1758,0.42131721377372744,2025-04-08 07:51:02.984120,2025-04-08 07:51:12.463687,0 days 00:00:09.479567,0.35352056910247415,0.5046561765482633,16,0.053207310600644236,0.2933284457689151,0.08577412806140179,0.08788483562077203,0.07145114689781722,0.08423891478875457,2.4267701434366326e-05,25,109,0.09506305431032605,0.23435748422145847,True,False,True,4.414334254994859e-07,COMPLETE
1759,0.1626910448074341,2025-04-08 07:51:13.046118,2025-04-08 07:51:22.886062,0 days 00:00:09.839944,0.2537459045286243,0.5230411091783308,16,0.08632548831168545,0.28030293593292843,0.07866498852994076,0.09572108511619253,0.06324670660614252,0.08054154665616148,1.5878709946274382e-05,27,118,0.09801354242531893,0.24278704281920524,True,False,True,2.459153406557039e-07,COMPLETE
1760,0.45085808634758,2025-04-08 07:51:23.446095,2025-04-08 07:51:33.232306,0 days 00:00:09.786211,0.2920492038089085,0.5536835525277221,16,0.04489939418334562,0.28933601256073943,0.07582928128898946,0.0924133563454786,0.0680108578187694,0.08865105964445574,2.7009505205031653e-05,26,122,0.09555420803480887,0.22095767085392803,True,False,True,3.0264053601360515e-07,COMPLETE
1761,0.4420132577419281,2025-04-08 07:51:33.815425,2025-04-08 07:51:43.562474,0 days 00:00:09.747049,0.33866593572598236,0.5740467090630593,16,0.05012929104393326,0.2945266780393949,0.07679861217078404,0.09592779026177659,0.06908919859787116,0.08876340269755291,3.065044451302758e-05,25,127,0.09710995849376021,0.21760379965666535,True,False,True,3.4854774913105926e-07,COMPLETE
1762,0.26533133387565616,2025-04-08 07:51:44.122261,2025-04-08 07:51:53.813054,0 days 00:00:09.690793,0.3155500233710299,0.5940488854323382,16,0.06985292392279491,0.299038714193483,0.07566672397861862,0.0927535222932001,0.07055657199767609,0.08839520325762985,2.823316388480759e-05,24,131,0.09782632420961587,0.2128388266834417,True,False,True,6.144783144539e-07,COMPLETE
1763,0.43812738060951234,2025-04-08 07:51:54.397481,2025-04-08 07:52:04.168443,0 days 00:00:09.770962,0.3010664260433174,0.6104990552132764,16,0.058065812116507916,0.2982429474489741,0.07558031735461423,0.09780723848070946,0.0728543870900762,0.08863480272877093,3.397418414744269e-05,26,121,0.09611407883653822,0.22674970842368447,True,False,True,3.5930462310907215e-07,COMPLETE
1764,0.4414173245429993,2025-04-08 07:52:04.727835,2025-04-08 07:52:14.743241,0 days 00:00:10.015406,0.33241765931626444,0.5655280924571512,16,0.04928561822186055,0.28999866554095904,0.07577100786189596,0.09474312450057805,0.06846030203247001,0.08843358342520376,2.914077595214679e-05,27,129,0.0977805300420807,0.2139610402852667,True,False,True,3.3749078245037156e-07,COMPLETE
1765,0.44130714535713195,2025-04-08 07:52:15.327475,2025-04-08 07:52:25.095011,0 days 00:00:09.767536,0.29731542055838067,0.5829274333553703,16,0.04568552943700562,0.28918249696942616,0.07725865821705356,0.0918836233245456,0.06824571426493493,0.08875209973130226,3.693583365939683e-05,25,124,0.09537607937860565,0.23822090246107877,True,False,True,4.127999460065176e-07,COMPLETE
1766,0.4230152368545532,2025-04-08 07:52:25.657938,2025-04-08 07:52:50.040471,0 days 00:00:24.382533,0.317893597525207,0.5566229371191856,2,0.0561497359807117,0.2892375719641677,0.07581497249395461,0.09356350425098522,0.06705582231035051,0.08704281745233189,2.6577233780860854e-05,26,124,0.09801931966741738,0.2220092947801743,True,False,False,2.6476378075412243e-07,COMPLETE
1767,0.4154835999011994,2025-04-08 07:52:50.627736,2025-04-08 07:53:00.173331,0 days 00:00:09.545595,0.3622134237737731,0.5836406486422887,16,0.06332329739150945,0.29594518212697224,0.07855878188905978,0.09688670995138036,0.07073828518326954,0.08625689957803485,2.774466189298009e-05,24,122,0.09993716041069824,0.24841402222542872,True,False,True,2.8839939378854366e-07,COMPLETE
1768,0.44163301587104803,2025-04-08 07:53:00.736010,2025-04-08 07:53:10.211183,0 days 00:00:09.475173,0.2870413192349048,0.5572288915727434,16,0.04576955786720186,0.289031904079154,0.07584778318717406,0.09175188369575712,0.07267307269598282,0.08874670423848759,2.5057458375548568e-05,25,115,0.09242717581228578,0.20956785296426628,True,False,True,4.852174369390533e-07,COMPLETE
1769,0.4496436357498169,2025-04-08 07:53:10.799069,2025-04-08 07:53:20.858193,0 days 00:00:10.059124,0.26746637979903515,0.6064493200549839,16,0.0391953981300044,0.2907165226315107,0.0777750077329754,0.09465983464023026,0.06718308096381352,0.06960930447175971,3.531619961775162e-05,27,125,0.09525354137333475,0.22879609746566246,True,False,True,3.034918427162403e-07,COMPLETE
1770,0.4429602503776551,2025-04-08 07:53:21.418680,2025-04-08 07:53:31.351181,0 days 00:00:09.932501,0.3119752668474463,0.6161231902744355,16,0.052658575009918725,0.29434346401573386,0.07880486921313057,0.09546853710242872,0.06625900225842567,0.07492807337878697,3.8007846983081825e-05,26,130,0.09286873130120912,0.23268490745947665,True,False,True,3.4035242922268366e-07,COMPLETE
1771,0.4266530513763428,2025-04-08 07:53:31.942407,2025-04-08 07:53:39.544319,0 days 00:00:07.601912,0.29102077128142434,0.6551847333866239,16,0.04145624849600777,0.2969402133778495,0.07787121868438546,0.09789651716203242,0.06722728262165803,0.06308773885692491,3.7794758614045725e-05,9,127,0.09188108111879925,0.2286317982409127,True,False,True,4.615984094085739e-07,COMPLETE
1772,0.4065938472747803,2025-04-08 07:53:40.104235,2025-04-08 07:53:50.087783,0 days 00:00:09.983548,0.3383662917801843,0.6429879671384968,16,0.032899515926713835,0.2934585730881181,0.0795358563992807,0.0944257973517159,0.06651222955363105,0.07509941146702004,3.549618400280006e-05,26,127,0.093851402133192,0.23901163275420587,True,True,True,2.9792213245408967e-07,COMPLETE
1773,0.4264164507389069,2025-04-08 07:53:50.678319,2025-04-08 07:54:00.459136,0 days 00:00:09.780817,0.2593724099770068,0.645203254105102,16,0.04827464361341415,0.29436983541074496,0.07778542288482036,0.09621677694075206,0.06541141133505421,0.07654099052423194,3.159020838644798e-05,25,125,0.09477933892650871,0.23381280759987186,True,False,True,4.1722573355324906e-07,COMPLETE
1774,0.44616518020629886,2025-04-08 07:54:01.049299,2025-04-08 07:54:11.142260,0 days 00:00:10.092961,0.3068088645318464,0.6251655201620682,16,0.03798472128689867,0.2998190874127333,0.07761470722064548,0.09305342982963734,0.06869640276518255,0.07162769419561428,3.3058041702650516e-05,27,129,0.09342465200608636,0.22906896418929973,True,False,True,6.246344226445975e-07,COMPLETE
1775,0.43496201038360593,2025-04-08 07:54:11.710758,2025-04-08 07:54:21.611935,0 days 00:00:09.901177,0.3992745710683112,0.6275204512420526,16,0.05524246876121637,0.299492911548323,0.08026397241852586,0.09444249596515164,0.06794901317804106,0.0709249155240501,3.6621189774001486e-05,26,126,0.09446544576260595,0.2264848725210973,True,False,True,3.132688954539634e-07,COMPLETE
1776,0.4442387938499451,2025-04-08 07:54:22.176696,2025-04-08 07:54:31.712544,0 days 00:00:09.535848,0.274379942913037,0.6999225603032435,16,0.032642532661718904,0.2960541219133441,0.026707252156677738,0.09764828838084144,0.06499744073264388,0.06749330753303406,3.045370265232888e-05,24,123,0.09210927566622558,0.22217267986242356,True,False,True,4.0087552497092077e-07,COMPLETE
1777,0.44981796145439146,2025-04-08 07:54:32.299443,2025-04-08 07:54:42.116963,0 days 00:00:09.817520,0.33105883950878656,0.6164405835567626,16,0.04387333497224777,0.2914772669033918,0.08019752821645526,0.09152146168382157,0.06677273570496621,0.07736384554207414,3.07376398553661e-05,25,124,0.09583386190319032,0.24160495627861667,True,False,True,2.5456867504878586e-07,COMPLETE
1778,0.1083611160516739,2025-04-08 07:54:42.684111,2025-04-08 07:54:52.254246,0 days 00:00:09.570135,0.3751687165955216,0.661691899444243,16,0.23742880905806396,0.2942206499618108,0.07638180608750442,0.09213467130086186,0.06517977106720213,0.07888917735391564,3.836570368701195e-05,24,128,0.058601806314304276,0.24536163244588,True,False,True,3.0498990827006853e-07,COMPLETE
1779,0.2711063086986542,2025-04-08 07:54:52.839682,2025-04-08 07:55:02.602945,0 days 00:00:09.763263,0.3555917723059113,0.6481748000731542,16,0.06256601022299432,0.29314312895530836,0.07867042279569668,0.09046903335402957,0.0665804036726248,0.07355952146159506,3.705806034173789e-05,24,130,0.09227579869465216,0.2442303131901038,True,False,True,2.7191500502246586e-07,COMPLETE
1780,0.44344622492790225,2025-04-08 07:55:03.167188,2025-04-08 07:55:12.917403,0 days 00:00:09.750215,0.34274471176380084,0.6272566812111208,16,0.051255312594673946,0.29285451959506564,0.07967578868146472,0.0904948618004585,0.06441740106984663,0.07050489131377224,3.719612188821151e-05,24,133,0.0953334816210369,0.25456145592883556,True,False,True,2.586068321558953e-07,COMPLETE
1781,0.36263899207115174,2025-04-08 07:55:13.505648,2025-04-08 07:55:23.297059,0 days 00:00:09.791411,0.3324126143600962,0.6399277906987906,16,0.046406802971595294,0.292572655764681,0.07728262189273209,0.0916831500500127,0.06672763561752151,0.07990963286351556,3.113747179225318e-05,25,127,0.04580302015869408,0.23643689608245005,True,False,True,5.122814008872118e-07,COMPLETE
1782,0.4209841668605805,2025-04-08 07:55:23.867782,2025-04-08 07:55:33.401624,0 days 00:00:09.533842,0.3604379259228274,0.6230296830538824,16,0.05983353283227964,0.2981919180705918,0.07587456152178414,0.0889799072024187,0.06847466084819209,0.08038248723079788,3.1901925445008155e-05,24,124,0.09401104958285632,0.2489345718100165,True,False,True,3.980851163276296e-07,COMPLETE
1783,0.3813473761081696,2025-04-08 07:55:33.987981,2025-04-08 07:55:43.743219,0 days 00:00:09.755238,0.3291987632799025,0.664579176941136,16,0.05261176065146435,0.2909202741941388,0.0795924899441808,0.09425334196597954,0.06440557684559184,0.07376100313611686,2.9232864380650834e-05,25,125,0.09592339807646746,0.2360006937458081,True,False,True,3.307071139872388e-07,COMPLETE
1784,0.44886623620986943,2025-04-08 07:55:44.312344,2025-04-08 07:55:53.940658,0 days 00:00:09.628314,0.2897599948341666,0.6151977546292721,16,0.04711257447527011,0.2992444243915885,0.08054138194589039,0.09095132370695826,0.06954348375659809,0.07801760292010157,3.67034952102858e-05,25,123,0.09580310580193947,0.24809026561393427,True,False,True,2.8101673777282585e-07,COMPLETE
1785,0.41212226748466496,2025-04-08 07:55:54.527615,2025-04-08 07:56:04.605456,0 days 00:00:10.077841,0.3796333308447032,0.6113493783369225,16,0.04316901337116074,0.29212485724078346,0.07806619344843715,0.0864829148302941,0.06642272942464868,0.0761123457322361,2.8017986451713974e-05,24,125,0.09158689575458849,0.23965568130615103,True,False,False,2.458422219804418e-07,COMPLETE
1786,0.13254314064979553,2025-04-08 07:56:05.198815,2025-04-08 07:56:14.979467,0 days 00:00:09.780652,0.3212517861718335,0.6425352884861377,16,0.28818493772926573,0.28894254186447427,0.07580386361080127,0.09573912194969561,0.06984076868074908,0.07676973924634256,3.3545982256162805e-05,25,131,0.09414533211010694,0.2414450421966482,True,False,True,2.3602790661529858e-07,COMPLETE
1787,0.4316989958286286,2025-04-08 07:56:15.549097,2025-04-08 07:56:36.832035,0 days 00:00:21.282938,0.25783232074555934,0.6065461932145824,2,0.03880451383582046,0.2895784055061649,0.08051245964636998,0.0881644354593546,0.06394592832199239,0.07984761353140771,3.81928697964395e-05,25,150,0.09714361951996404,0.23334132161446527,True,False,True,3.692633873649134e-07,COMPLETE
1788,0.377008193731308,2025-04-08 07:56:37.405355,2025-04-08 07:56:47.070149,0 days 00:00:09.664794,0.3469780796834599,0.6654219811691252,16,0.056290081200189315,0.2936658212176904,0.07843499736527228,0.09230131528802678,0.06705483943139157,0.0781704200584011,2.7464647345415926e-05,25,122,0.0920510853766727,0.25939044826362645,True,False,True,3.1797304361133683e-07,COMPLETE
1789,0.39357854723930363,2025-04-08 07:56:47.662385,2025-04-08 07:56:57.155300,0 days 00:00:09.492915,0.29884690437932815,0.689055555965863,16,0.049201716620381336,0.288806703348589,0.08134287167734916,0.09834904056283046,0.06502981277197996,0.06963406528969981,2.6505326038631468e-05,24,121,0.0977953651729862,0.24012544647294967,True,False,True,2.3441672635647338e-07,COMPLETE
1790,0.4239853203296662,2025-04-08 07:56:57.725735,2025-04-08 07:57:07.558853,0 days 00:00:09.833118,0.5443046263667051,0.6204805108886718,16,0.03807887575803238,0.28787108492183283,0.07724138506765948,0.08985158548296664,0.06924192187436509,0.07448481383518701,3.146969677848945e-05,25,129,0.09567119604597177,0.22878089155065445,True,False,True,7.326062258254347e-07,COMPLETE
1791,0.4025509059429169,2025-04-08 07:57:08.155621,2025-04-08 07:57:17.797414,0 days 00:00:09.641793,0.2802149556416472,0.60787522781542,16,0.06722644837590919,0.2952358436345949,0.08097887039774486,0.08461460096622922,0.06746947466503213,0.07349309578108766,2.67580062792894e-05,24,126,0.09384012430653141,0.2524815097045513,True,True,True,5.352057942202786e-07,COMPLETE
1792,0.43284894227981574,2025-04-08 07:57:18.366461,2025-04-08 07:57:27.979722,0 days 00:00:09.613261,0.31664922876979806,0.5938709384504656,16,0.04362259913147405,0.2877103215552759,0.07953893329552882,0.08843332347133902,0.06322039751301606,0.07557096045874744,3.949971749900683e-05,25,121,0.09997721489709384,0.2328084105007379,True,False,True,4.2099309086076954e-07,COMPLETE
1793,0.436761075258255,2025-04-08 07:57:28.569613,2025-04-08 07:57:38.290195,0 days 00:00:09.720582,0.2538685074876219,0.6355619447849679,16,0.03455059033875988,0.2995103906443546,0.07527334817942613,0.09988765835521847,0.06575389150869865,0.07671731308243523,0.011045027022183124,25,123,0.09691146665528323,0.24445222689490068,True,False,True,2.3217085118056615e-07,COMPLETE
1794,0.43181943893432617,2025-04-08 07:57:38.886056,2025-04-08 07:57:48.529919,0 days 00:00:09.643863,0.2736005270277119,0.5976308845150006,16,0.05471935773673611,0.2853285994671147,0.08138303743124407,0.09360931680473283,0.07020253903315288,0.06622809829950091,3.2180162013527885e-05,25,120,0.09802812213479227,0.22614927589439807,True,False,True,3.4399335455291287e-07,COMPLETE
1795,0.4382033824920655,2025-04-08 07:57:49.106605,2025-04-08 07:57:58.842002,0 days 00:00:09.735397,0.2979583274007669,0.6038206851093421,16,0.045862839375322255,0.290025019398014,0.07766049528301541,0.09094645783884829,0.06860901083254047,0.07757383447152945,2.5185663448775048e-05,24,128,0.09540128759267988,0.22191419822710562,True,False,True,2.846661705003672e-07,COMPLETE
1796,0.4352063000202179,2025-04-08 07:57:59.437053,2025-04-08 07:58:09.053959,0 days 00:00:09.616906,0.33763135559287216,0.6205250234042033,16,0.05030383851359751,0.29817158454824233,0.07928324428383998,0.09544714859770018,0.06487729582654121,0.07912646866487885,2.563805933863628e-05,25,117,0.0982019729646918,0.23433983706125555,True,False,True,2.2435075328835881e-07,COMPLETE
1797,0.09055355936288834,2025-04-08 07:58:09.631018,2025-04-08 07:58:19.361801,0 days 00:00:09.730783,0.32055297441881975,0.6323924659338355,16,0.03226105324556389,0.2866039056299447,0.07597371059796046,0.08693826608047371,0.0670150894166319,0.08144204119473515,3.224153513163031e-05,26,125,0.0014934164759485488,0.2278326008512832,True,False,True,4.6131021624232324e-07,COMPLETE
1798,0.44988757371902466,2025-04-08 07:58:19.937988,2025-04-08 07:58:29.707601,0 days 00:00:09.769613,0.2931164878777495,0.5941856592597766,16,0.039575864411494036,0.2991279150638585,0.08192034180575342,0.093192628440579,0.07060630997653206,0.06784297519618279,2.476066062622756e-05,25,122,0.09174408906113843,0.23941408130690242,True,False,True,9.930447020955386e-07,COMPLETE
1799,0.11778651773929597,2025-04-08 07:58:30.299018,2025-04-08 07:58:40.029180,0 days 00:00:09.730162,0.25351482474642606,0.6043969682073359,16,0.20043261639790536,0.2993130159353919,0.0791658999894762,0.0965109461371569,0.07081957007707954,0.06180079773439672,3.931077406144956e-05,26,118,0.09143374071888087,0.24703240932791318,True,False,True,2.1692320147400156e-06,COMPLETE
1800,0.4015332758426666,2025-04-08 07:58:40.601683,2025-04-08 07:58:50.183812,0 days 00:00:09.582129,0.49018119897240175,0.638702591295587,16,0.05821957353974393,0.29808766919935525,0.07774368665169229,0.09400423178783396,0.07150690182784278,0.06394238580416374,3.0936903310770805e-05,25,120,0.09137223830223058,0.24148557540211588,True,False,True,3.0309654463848207e-06,COMPLETE
1801,0.4254666686058045,2025-04-08 07:58:50.781292,2025-04-08 07:59:00.149355,0 days 00:00:09.368063,0.5698526848033975,0.6013643353457374,16,0.04510487494282825,0.2934672941341129,0.08094247256613157,0.09761992802553845,0.07130076624582954,0.07245576587903618,3.6345817806596685e-05,24,116,0.09333575161014324,0.24201175502646685,True,False,True,2.026030164038209e-07,COMPLETE
1802,0.4432739317417145,2025-04-08 07:59:00.726151,2025-04-08 07:59:08.995309,0 days 00:00:08.269158,0.2755708542642641,0.6628335232179832,16,0.03773083310125222,0.2899079617322213,0.07556692813474229,0.09390647021647695,0.07004111293894842,0.06907631461890788,2.8072711039232076e-05,14,124,0.09999279793696554,0.252491485056705,True,False,True,1.3366820383005897e-06,COMPLETE
1803,0.1333650588989258,2025-04-08 07:59:09.593263,2025-04-08 07:59:19.281111,0 days 00:00:09.687848,0.28767459776889837,0.6181565043787862,16,0.25653383282797676,0.29751502442351646,0.08193446280876274,0.09577210398802917,0.07219795777653887,0.07136295100271806,2.6232544979127438e-05,26,113,0.09198557068070347,0.26837203630034207,True,False,True,1.0078644505402005e-06,COMPLETE
1804,0.44885585308074955,2025-04-08 07:59:19.857119,2025-04-08 07:59:29.635782,0 days 00:00:09.778663,0.25192273467123993,0.596747620656941,16,0.051241531090240294,0.29778317601691406,0.07812114478351087,0.09226920250180305,0.062659583606266,0.06557049124849791,3.196638899601017e-05,26,118,0.0961522003444658,0.2447224782499873,True,False,True,1.1300288529655774e-06,COMPLETE
1805,0.41812411546707157,2025-04-08 07:59:30.234665,2025-04-08 07:59:40.322480,0 days 00:00:10.087815,0.36018715185229944,0.5917987521120521,16,0.03343808692865244,0.29150064472446935,0.07959634594184824,0.09280242913909446,0.06913254412639568,0.07641763709192666,3.896587408356324e-05,24,121,0.09400591257372112,0.24934737993392375,True,False,False,1.6028878536849248e-06,COMPLETE
1806,0.4410916030406952,2025-04-08 07:59:40.898267,2025-04-08 07:59:50.395025,0 days 00:00:09.496758,0.2717185009016169,0.6303655610217996,16,0.04505848302567434,0.2937109597178718,0.08129464856353984,0.09820808416162286,0.06686590486329191,0.07375142428006068,2.5049124786841268e-05,25,115,0.0980981472409805,0.2358480044378218,True,False,True,1.4942029954539188e-06,COMPLETE
1807,0.3434045195579529,2025-04-08 07:59:50.989856,2025-04-08 08:00:01.110020,0 days 00:00:10.120164,0.3142839094537344,0.5944393472313071,16,0.038354084627258374,0.29281524222496563,0.07674413303940034,0.09561388227340335,0.06984075615197245,0.0648494914862817,3.0025557116396603e-05,27,128,0.031812740156409045,0.24138847223536986,True,False,True,2.1825409552777569e-07,COMPLETE
1808,0.35535209178924565,2025-04-08 08:00:01.716349,2025-04-08 08:00:23.271620,0 days 00:00:21.555271,0.30233662759197283,0.6126096505399629,2,0.0570777456863517,0.2942223334819402,0.07921132621812199,0.09181096910583564,0.06434158085822117,0.07253272118375102,0.000511764579530178,26,123,0.09615900322163547,0.23887516782274187,True,False,True,7.262497018466647e-07,COMPLETE
1809,0.21178541183471683,2025-04-08 08:00:23.850726,2025-04-08 08:00:33.517497,0 days 00:00:09.666771,0.331552450135406,0.5846359571841817,16,0.07386664189829471,0.2958321055230407,0.08174323610974132,0.09402988471122646,0.07284932032707622,0.054136895876898954,2.3427521627280894e-05,25,113,0.09189925807405208,0.2372088542900309,True,False,True,9.460418990696066e-07,COMPLETE
1810,0.4504136323928833,2025-04-08 08:00:34.124379,2025-04-08 08:00:43.696793,0 days 00:00:09.572414,0.2852812187447054,0.6475976556384816,16,0.04928434813952968,0.29926747310710805,0.07735705046024474,0.09998775537999338,0.06609795001484121,0.06818242669972005,3.855579783813137e-05,25,118,0.09999202204253055,0.2513663914297321,True,False,True,2.01978424645797e-06,COMPLETE
1811,0.40816010236740113,2025-04-08 08:00:44.278423,2025-04-08 08:00:53.653560,0 days 00:00:09.375137,0.3502479904937018,0.6504118839111587,16,0.06110303402234751,0.2951095125825665,0.07523870472107042,0.09910486179356745,0.06310589496865357,0.04916169126400982,2.5537419783170975e-05,24,116,0.09992677837533856,0.26303928733226956,True,True,True,2.215183200060488e-06,COMPLETE
1812,0.34315328001976014,2025-04-08 08:00:54.253293,2025-04-08 08:01:03.771024,0 days 00:00:09.517731,0.3162354488449952,0.6510780895041492,16,0.06331225048815559,0.29953380662000817,0.08190938714875305,0.09881665867436074,0.0612885448311659,0.07784109331920122,3.0001387572189534e-05,24,117,0.09897077113929968,0.26152541293964243,True,False,True,8.504106986366937e-07,COMPLETE
