number,value,datetime_start,datetime_complete,duration,params_alpha-eval,params_alpha-train,params_batch-size,params_eps-eval,params_eps-train,params_lambda-actions-eval,params_lambda-actions-train,params_lambda-frames-eval,params_lambda-frames-train,params_learning-rate,params_n-epochs,params_n-frames,params_radius-gw,params_rho,params_std-feats,params_ub-actions,params_ub-frames,params_weight-decay,state
964,0.20921210050582886,2025-04-08 05:39:27.340678,2025-04-08 05:39:36.471411,0 days 00:00:09.130733,0.2168868326618054,0.3535717412129117,16,0.022545811407667583,0.2743046119242665,0.03873668203723244,0.06630586776572209,0.07988730282582447,0.09226095485655991,6.0749876717310346e-05,25,84,0.027065026665643657,0.1078464424762923,False,False,False,1.5377599837791678e-07,COMPLETE
965,0.402507358789444,2025-04-08 05:39:36.780151,2025-04-08 05:39:45.364421,0 days 00:00:08.584270,0.23461090328745574,0.4341347716136686,16,0.011689537059851554,0.2684098643869737,0.06591687501768506,0.0642540449057663,0.08622196358793334,0.09619812489961638,1.6448252364412905e-05,26,69,0.08880418752981631,0.09488315770645607,False,False,True,8.117885401799544e-08,COMPLETE
966,0.4393460512161255,2025-04-08 05:39:45.676518,2025-04-08 05:39:54.453440,0 days 00:00:08.776922,0.256478219626375,0.47346058471249686,16,0.01915723524660961,0.2788994355352604,0.04595564873485407,0.061912886077449596,0.08183713203732614,0.09355504361611473,2.1974869467392523e-05,27,86,0.08099462093513561,0.11876757006925238,False,False,True,1.102985166619897e-07,COMPLETE
967,0.12116028964519501,2025-04-08 05:39:54.766118,2025-04-08 05:40:03.202853,0 days 00:00:08.436735,0.20000733496691153,0.4505306586833691,16,0.29331065267210576,0.29990130034331713,0.05097653737045267,0.06568666808115078,0.07954450126881345,0.09892499129066337,3.6235531702529405e-05,25,79,0.08296170025706297,0.10108920230777563,False,False,True,8.575972759919619e-08,COMPLETE
968,0.39057191610336306,2025-04-08 05:40:03.516880,2025-04-08 05:40:12.435306,0 days 00:00:08.918426,0.17069706449379424,0.3834257893013128,16,0.031342105012795274,0.28623473502247776,0.06536896846730177,0.08300671491030198,0.08741110408744296,0.0952210821151584,4.525201424184307e-05,28,97,0.08883371132775267,0.12636602580989015,False,False,True,5.077434289999658e-08,COMPLETE
969,0.1144837498664856,2025-04-08 05:40:12.732726,2025-04-08 05:40:22.061424,0 days 00:00:09.328698,0.1893865931922474,0.41928088503753874,16,0.024830519323630076,0.27341068078187797,0.06145876205557242,0.06052632302309423,0.08310164167068379,0.09997606918597672,2.7215431132752958e-05,26,94,0.08498536714743946,0.11165035353790934,True,True,True,6.83781636145074e-08,COMPLETE
970,0.44433961510658265,2025-04-08 05:40:22.374163,2025-04-08 05:40:31.172166,0 days 00:00:08.798003,0.20835810416435172,0.5273849196052054,16,0.01687241215119332,0.26845655822470815,0.0675238175104699,0.06306421904240594,0.07745836518178739,0.09241153790980318,5.8926286367602786e-05,27,82,0.08758406012190131,0.10500064813081571,False,False,True,1.076699590108168e-07,COMPLETE
971,0.3577517092227936,2025-04-08 05:40:31.496223,2025-04-08 05:40:40.233976,0 days 00:00:08.737753,0.1681805498796872,0.4964062912178702,16,0.010508366771607497,0.27895261664542614,0.03537260923106433,0.06690256319049113,0.0850249918758218,0.0974762431746281,3.30365599259212e-05,26,100,0.013235897884753434,0.08952357421923562,False,False,True,5.904335993931568e-08,COMPLETE
972,0.2680860757827759,2025-04-08 05:40:40.548556,2025-04-08 05:40:49.037750,0 days 00:00:08.489194,0.18131985173367748,0.4446435705281967,16,0.03510338796772238,0.29268196336171914,0.06392808063913996,0.059213123058913186,0.08258266807980269,0.09175120379925733,4.246232895073624e-05,25,74,0.08656993743978955,0.11773228693437657,False,False,True,1.992493402297735e-07,COMPLETE
973,0.43622497320175174,2025-04-08 05:40:49.351961,2025-04-08 05:40:58.203398,0 days 00:00:08.851437,0.21653102644288588,0.47769690670742326,16,0.010226063085344904,0.26790353952461904,0.06762133116052695,0.06526564286852038,0.08722657621191648,0.09503591418148173,1.976769125977342e-05,27,86,0.08678799104509691,0.09698689342875604,False,False,True,1.5372155880884972e-07,COMPLETE
974,0.25124925971031187,2025-04-08 05:40:58.504835,2025-04-08 05:41:07.393666,0 days 00:00:08.888831,0.16622426069828636,0.40706717509530077,16,0.02011655420511644,0.04944699404943939,0.04661933278004743,0.06199540351856577,0.08020438366802979,0.09645699816381838,4.992413496103472e-05,28,95,0.09027077161650836,0.11145585288224208,False,False,True,4.301577625493006e-08,COMPLETE
975,0.4446184933185578,2025-04-08 05:41:07.706454,2025-04-08 05:41:16.347795,0 days 00:00:08.641341,0.2335509534654018,0.46667118777368044,16,0.02576572783613277,0.27368699254655304,0.0701505136784473,0.06348878541150273,0.07850928500467644,0.09360338129399684,2.398515525991139e-05,26,92,0.08280765774309873,0.10389501018656581,False,False,True,8.810486203273505e-08,COMPLETE
976,0.44501435756683355,2025-04-08 05:41:16.662955,2025-04-08 05:41:25.120112,0 days 00:00:08.457157,0.1974724262770971,0.4317419613585727,16,0.015300931489789067,0.28275032421992063,0.06069877819147365,0.0565989905570499,0.08516368885694205,0.09823679022256039,3.742569591181026e-05,25,77,0.08969995435301335,0.12214028969219222,False,False,True,2.496772136319891e-07,COMPLETE
977,0.4451522588729859,2025-04-08 05:41:25.434782,2025-04-08 05:41:33.966559,0 days 00:00:08.531777,0.18379188245871217,0.4549824120861385,16,0.010523101795935588,0.2664149090805886,0.040118981506639145,0.06613434056293675,0.08221356380278581,0.09187841523568228,3.102429441159822e-05,25,83,0.0842674687942971,0.13766762475680264,False,False,True,1.3028067324122636e-07,COMPLETE
978,0.43514471054077153,2025-04-08 05:41:34.284639,2025-04-08 05:41:43.055195,0 days 00:00:08.770556,0.15312363788201794,0.36751639779541506,16,0.020422814159530442,0.27406956081464884,0.06494047578110937,0.06088639733089446,0.08763728121651121,0.09462003942644372,5.9187182983466074e-05,26,87,0.04863702067762428,0.21709184026190095,False,False,True,7.169241547211986e-08,COMPLETE
979,0.3602731585502625,2025-04-08 05:41:43.355468,2025-04-08 05:41:52.097083,0 days 00:00:08.741615,0.20038007436461888,0.31744754563620503,16,0.02980109908162447,0.28750842444501096,0.07273942928488458,0.06725830563206674,0.07735268658141108,0.09156276010530304,5.026206676719978e-05,27,80,0.08755452631620698,0.0923805719024752,False,False,True,6.506459724284063e-08,COMPLETE
980,0.44326627254486084,2025-04-08 05:41:52.410354,2025-04-08 05:42:01.254993,0 days 00:00:08.844639,0.17079528768108504,0.5166658146803488,16,0.01574056624626782,0.26678918060021,0.04227311021542801,0.05450913895820807,0.08053923550409044,0.09677919227791473,4.039717840711671e-05,26,105,0.09032229278853132,0.11007358341928765,False,False,True,5.253885353085958e-08,COMPLETE
981,0.12197022438049318,2025-04-08 05:42:01.567533,2025-04-08 05:42:10.127806,0 days 00:00:08.560273,0.2479655390571633,0.4912500687774904,16,0.17944642129395771,0.27804584623869083,0.06356110098613396,0.0644433287428704,0.08410512288003125,0.09433293678826,2.5338952550847556e-05,25,97,0.08553874873648068,0.09955081008190422,False,False,True,4.666781731175732e-08,COMPLETE
982,0.44035075902938847,2025-04-08 05:42:10.447807,2025-04-08 05:42:19.324968,0 days 00:00:08.877161,0.21990004981077652,0.39471782682106465,16,0.009853745040059465,0.26740051569277173,0.0494780672113823,0.05851252830891515,0.08765936866919628,0.09814734074013011,3.184731081377784e-05,27,92,0.07015041209664445,0.11609249178245086,False,False,True,9.96468656923991e-08,COMPLETE
983,0.2854328215122223,2025-04-08 05:42:19.641555,2025-04-08 05:42:28.903355,0 days 00:00:09.261800,0.1467138164233494,0.4268346900764261,16,0.040607910680316855,0.2732334098524666,0.06646426543754233,0.0625459350532633,0.07905871113999835,0.09115472967634777,4.25859113204358e-05,26,89,0.08180951096263442,0.12956695719388628,False,False,False,1.2012737214737934e-07,COMPLETE
984,0.43194683194160466,2025-04-08 05:42:29.223327,2025-04-08 05:42:38.144988,0 days 00:00:08.921661,0.18528699556035974,0.5549612906792883,16,0.02482754156634762,0.2827349355780399,0.06924156027690669,0.06733443724269378,0.08196126889609771,0.09530114407624818,6.268338366881736e-05,28,85,0.04076299279261201,0.25888197315555467,False,False,True,8.295402824339359e-08,COMPLETE
985,0.4424697756767273,2025-04-08 05:42:38.447105,2025-04-08 05:42:47.589009,0 days 00:00:09.141904,0.16193005613834513,0.4456908112016385,16,0.017364929926865384,0.2642693288098299,0.051462858529244704,0.06415151046032297,0.05117833791142835,0.09328380029874049,2.934269203246659e-05,30,94,0.089129357441805,0.10571982088161991,False,False,True,8.589484480337056e-07,COMPLETE
986,0.4409316241741181,2025-04-08 05:42:47.904924,2025-04-08 05:42:56.447226,0 days 00:00:08.542302,0.20342282512922188,0.4739093017289759,16,0.008964461516563275,0.29253511178060065,0.06275349166071024,0.06077012640933785,0.0859319707676551,0.09658304887079079,4.979939295990441e-05,25,71,0.08696308576736167,0.12534885152546058,False,False,True,6.992360889961988e-08,COMPLETE
987,0.2524084568023682,2025-04-08 05:42:56.764080,2025-04-08 05:43:05.561055,0 days 00:00:08.796975,0.22888163235406547,0.4116975605951883,16,0.02189971479297353,0.1413054503242504,0.07447653265712445,0.0651849880375987,0.07755452408718704,0.09981879814545518,3.4921905461198946e-05,27,88,0.07938783795493133,0.09624759209519579,False,False,True,1.4358384307699043e-07,COMPLETE
988,0.09130315631628037,2025-04-08 05:43:05.878540,2025-04-08 05:43:14.629300,0 days 00:00:08.750760,0.17287757167578738,0.4628163378650025,16,0.02979169485750645,0.2782512887490167,0.07110865332557573,0.06307767005946845,0.08382605908987176,0.091141299327417,2.0378382825577476e-05,26,99,0.08412639190956998,0.08813805770983582,False,True,True,4.3979741834628885e-08,COMPLETE
989,0.43278186917304995,2025-04-08 05:43:14.955101,2025-04-08 05:43:24.114591,0 days 00:00:09.159490,0.13369966695547497,0.5033595325013335,16,0.014778750054182081,0.2699315123032824,0.06755459973860173,0.0679869370877445,0.08021510255425734,0.09379566500676118,6.17872026570111e-05,25,82,0.09023643648765743,0.11578250131851399,True,False,True,9.30429074839515e-08,COMPLETE
990,0.4300998687744141,2025-04-08 05:43:24.418463,2025-04-08 05:43:33.158225,0 days 00:00:08.739762,0.19538410373961998,0.4382884624844392,16,0.007964172304195057,0.2612653346489604,0.06521597780545706,0.058754000530470384,0.07636767127024574,0.09777280075476596,2.676699712194156e-05,26,77,0.05548698457975636,0.10784966858756409,False,False,True,1.840707149053864e-07,COMPLETE
991,0.4446575105190277,2025-04-08 05:43:33.479630,2025-04-08 05:43:42.352685,0 days 00:00:08.873055,0.15514680388174382,0.4779976904376878,16,0.021543528193864545,0.2747326922159536,0.06000507345205672,0.060631349040050554,0.08835395848147386,0.09583690963916547,4.039443187631392e-05,27,91,0.08817336427861831,0.10165783350331888,False,False,True,5.761430566540005e-08,COMPLETE
992,0.4441904366016388,2025-04-08 05:43:42.671956,2025-04-08 05:43:51.657216,0 days 00:00:08.985260,0.21250583386877442,0.5314811800540113,16,0.015692955563138197,0.28558027232750044,0.07644968009212441,0.06542409577645664,0.08201342470453299,0.09150125365337552,1.5333383470801297e-05,29,96,0.0910448283284416,0.20483745893102231,False,False,True,2.5466374705481832e-08,COMPLETE
993,0.4429440200328827,2025-04-08 05:43:51.977299,2025-04-08 05:44:00.535950,0 days 00:00:08.558651,0.1855375681148711,0.4215068969754766,16,0.028143181822588702,0.267115079432815,0.06265920085099509,0.06231715466378136,0.07870301706597924,0.09326342000421102,5.221586003387316e-05,25,85,0.08604077373597983,0.11999679610531215,False,False,True,1.1881702850793556e-07,COMPLETE
994,0.35706234574317935,2025-04-08 05:44:00.858084,2025-04-08 05:44:09.521240,0 days 00:00:08.663156,0.26179112426478823,0.4584846882868698,16,0.03670027037599595,0.280043509870535,0.06866772784282699,0.07870120131812786,0.0861341606374757,0.09001111535685229,3.380407685292879e-05,26,93,0.08147187179434127,0.11270847717843731,False,False,True,7.358211170423714e-08,COMPLETE
995,0.41227340698242193,2025-04-08 05:44:09.842395,2025-04-08 05:44:18.709152,0 days 00:00:08.866757,0.17086121855751507,0.3769595606631883,16,0.008297155976486264,0.2603054907655919,0.06624566807019999,0.0953419876286814,0.08850797981698572,0.0999911492986372,2.3263886752522947e-05,28,88,0.043156976907135505,0.0947364234767856,False,False,True,4.3821421997615365e-08,COMPLETE
996,0.43589414358139045,2025-04-08 05:44:19.014452,2025-04-08 05:44:27.549763,0 days 00:00:08.535311,0.14248229786029254,0.4929617637955504,16,0.014089721198329368,0.27135605640195665,0.07264520918136129,0.06313063430819219,0.08360469344131793,0.09616878678525938,4.315306852142672e-05,24,79,0.0849656126078329,0.2411263421149864,False,False,True,4.51942239284001e-07,COMPLETE
997,0.4428075611591339,2025-04-08 05:44:27.872564,2025-04-08 05:44:36.837193,0 days 00:00:08.964629,0.20553218770482323,0.40215686700381187,16,0.021071413858412467,0.28801167126616023,0.05252348765120083,0.06635882164710516,0.08072447873171158,0.09784506458397946,6.15451013510394e-05,27,101,0.0910257536730622,0.13252392329813867,False,False,True,5.651262568772228e-08,COMPLETE
998,0.40544661283493044,2025-04-08 05:44:37.156957,2025-04-08 05:44:45.865580,0 days 00:00:08.708623,0.5554714187405028,0.4417011234073032,16,0.006856971519079758,0.2662856025174349,0.0603457320840242,0.06841414430116964,0.08557510305278727,0.061042338565822356,3.5100277249838606e-05,26,83,0.088756114835007,0.10288095864769492,False,False,True,9.563348933281574e-08,COMPLETE
999,0.4444473266601563,2025-04-08 05:44:46.189615,2025-04-08 05:44:54.806496,0 days 00:00:08.616881,0.2292290380917727,0.5105110672491713,16,0.025483959445446756,0.2768158402257997,0.06429783423653457,0.057122256386064246,0.07765042464061751,0.09188769759000216,2.859747233209486e-05,25,74,0.08700795877735337,0.11043535764929605,False,False,True,1.387071193183723e-07,COMPLETE
1000,0.3649419367313385,2025-04-08 05:44:55.130167,2025-04-08 05:45:04.010872,0 days 00:00:08.880705,0.18725511196031164,0.45706311614684203,16,0.06322270044534016,0.25875700185195233,0.06948284635060614,0.06457563446418704,0.07991226483289779,0.09448601021068503,5.3682842075366195e-05,27,91,0.08369116949205443,0.28943945574198093,False,False,True,3.8200097685141895e-08,COMPLETE
1001,0.44121661186218264,2025-04-08 05:45:04.341262,2025-04-08 05:45:12.884440,0 days 00:00:08.543178,0.17442742345512138,0.42468223761864854,16,0.014039743773543983,0.2698334402656833,0.06760525034018973,0.06016239405740811,0.08831120159654123,0.09037748716219089,1.8535904641662668e-05,24,95,0.09173633033992393,0.1242119837212365,False,False,True,8.078418459846289e-08,COMPLETE
1002,0.3197386562824249,2025-04-08 05:45:13.191748,2025-04-08 05:45:21.814574,0 days 00:00:08.622826,0.970847817435706,0.4812920811976428,16,0.07662260113509564,0.26258308974022615,0.07156529458640104,0.06685847008373336,0.08211422687130696,0.09285919012137986,4.482807900803971e-05,26,86,0.0895202940756625,0.08906888424501357,False,False,True,6.011487103309407e-08,COMPLETE
1003,0.2630802810192108,2025-04-08 05:45:22.135048,2025-04-08 05:45:31.271410,0 days 00:00:09.136362,0.15380080494310638,0.43872639756059456,16,0.03291150863183975,0.28061054585544715,0.06190244877282928,0.06292083568808272,0.07506433647678709,0.09618921023908071,6.378305051096875e-05,25,89,0.08261300689984483,0.11632834271218198,False,False,False,1.1000328448720174e-07,COMPLETE
1004,0.4046935617923737,2025-04-08 05:45:31.592611,2025-04-08 05:45:40.260135,0 days 00:00:08.667524,0.13176499969909555,0.40044336382797063,16,0.017457736427438815,0.29484205925652024,0.06519402148803535,0.062088509170047344,0.08378192591555539,0.09819141427126901,1.2288682401355007e-05,26,80,0.08658192001538695,0.09759177172445391,False,False,True,2.0972141975917915e-07,COMPLETE
1005,0.41900347471237187,2025-04-08 05:45:40.585560,2025-04-08 05:45:49.458143,0 days 00:00:08.872583,0.21528452298188377,0.4617246105971758,16,0.0060665223686452874,0.2735459588807786,0.07032238556979833,0.06826192893237575,0.07768600978824639,0.0894461264205178,3.5318009349394044e-05,28,99,0.0347421958097432,0.1395835403081465,False,False,True,4.699973068521208e-08,COMPLETE
1006,0.09055355936288834,2025-04-08 05:45:49.784387,2025-04-08 05:45:58.317703,0 days 00:00:08.533316,0.2456351440599587,0.4843946487867849,16,0.010949705338376511,0.2583665065901102,0.048351957248449734,0.06421618455896944,0.08647407347262764,0.09143987630141524,2.636330066426192e-05,24,94,0.08898363679154515,0.10626098657613658,False,True,True,7.158736475305299e-08,COMPLETE
1007,0.4091993510723114,2025-04-08 05:45:58.642708,2025-04-08 05:46:07.956725,0 days 00:00:09.314017,0.19188589615078025,0.41475980769544,16,0.023447298096802786,0.26451472237467505,0.06686178326561339,0.05884047986346336,0.07622303106200691,0.09450448670613393,5.033210015654464e-05,27,87,0.09188879813557435,0.12055865494674575,True,False,True,3.142281830809502e-08,COMPLETE
1008,0.4441541373729706,2025-04-08 05:46:08.264383,2025-04-08 05:46:16.874995,0 days 00:00:08.610612,0.14894486354715333,0.3853143686242275,16,0.01815180750379037,0.28145986133828704,0.0635444795586199,0.06630613737839851,0.07932771864754207,0.08910661613039669,3.009228215074829e-05,25,91,0.08503960758001537,0.11087450834852268,False,False,True,8.854323424135733e-08,COMPLETE
1009,0.3970737218856812,2025-04-08 05:46:17.194787,2025-04-08 05:46:26.133432,0 days 00:00:08.938645,0.16250054211765014,0.5148351705353075,16,0.028037913372924078,0.2717409038185514,0.07418944003923919,0.06174392703068848,0.08496694046070277,0.0999013977592943,4.018807754833207e-05,29,83,0.08057174263106519,0.10192899161491882,False,False,True,1.6930286509916887e-07,COMPLETE
1010,0.2862085342407227,2025-04-08 05:46:26.457769,2025-04-08 05:46:35.204054,0 days 00:00:08.746285,0.18001203603665183,0.4419319717268129,16,0.009002513363182573,0.2654095795933539,0.06873642857760678,0.06496178075682768,0.08877156793340744,0.09600772503671737,2.1892127079737724e-05,26,97,0.09062322042831612,0.01752444369181519,False,False,True,2.9418594093218846e-07,COMPLETE
1011,0.43562292456626894,2025-04-08 05:46:35.526924,2025-04-08 05:46:44.217581,0 days 00:00:08.690657,0.2736983568774413,0.4662060857455351,16,0.014619485779726531,0.2850244962731779,0.050597003440692415,0.06845266249521062,0.08129651230362084,0.09265375641257807,6.48195811100512e-05,27,77,0.08779378395401635,0.09182510820906063,False,False,True,5.99163417286993e-08,COMPLETE
1012,0.4462719380855561,2025-04-08 05:46:44.542577,2025-04-08 05:46:53.044620,0 days 00:00:08.502043,0.2072309361698133,0.425350877416867,16,0.02177953421445291,0.25758318959945087,0.05965329187701175,0.060223717094624755,0.07465766266368269,0.0946601222280607,4.708190404998214e-05,24,93,0.08431937287980973,0.0845926040713231,False,False,True,4.28065152363613e-08,COMPLETE
1013,0.41169421076774604,2025-04-08 05:46:53.373468,2025-04-08 05:47:01.919978,0 days 00:00:08.546510,0.22762595512522724,0.45193786357870147,16,0.006096950303707863,0.27567339942705765,0.06575793883582477,0.06417934918602655,0.027387877297525676,0.0981997110399948,3.307706951993134e-05,26,65,0.09139866793720997,0.11524454074754384,False,False,True,1.2795422327365945e-07,COMPLETE
1014,0.12363279759883881,2025-04-08 05:47:02.232564,2025-04-08 05:47:10.783343,0 days 00:00:08.550779,0.1685334852501811,0.49788624959796257,16,0.230071568866909,0.2702520532553075,0.046420197873221755,0.070629396735401,0.08771410305983281,0.09071471156861804,3.9166127972481046e-05,25,88,0.08898025152196155,0.10718590390214808,False,False,True,4.501038464910411e-05,COMPLETE
1015,0.4336538851261139,2025-04-08 05:47:11.109029,2025-04-08 05:47:19.925463,0 days 00:00:08.816434,0.12623934885965185,0.3593031441591737,16,0.012627928271411796,0.287903584191282,0.06201689422593651,0.05603391850244795,0.08270542637467039,0.08857069913192898,2.4809448182568802e-05,26,103,0.07900621448027555,0.09790917745156981,False,False,True,5.1513603536713245e-08,COMPLETE
1016,0.40647732019424443,2025-04-08 05:47:20.260718,2025-04-08 05:47:29.004397,0 days 00:00:08.743679,0.19878280326472425,0.5424891235750773,16,0.03386212226340615,0.2636120247383531,0.07116511153300853,0.0661540918137051,0.07851129932792913,0.093011965307979,5.312177433156284e-05,27,84,0.08683530350971004,0.12970839882598478,False,False,True,7.843708870031407e-08,COMPLETE
1017,0.44528084993362427,2025-04-08 05:47:29.331364,2025-04-08 05:47:37.818042,0 days 00:00:08.486678,0.15633975581342657,0.4780072543310342,16,0.01911739713176088,0.2779635076049988,0.06776969955987097,0.053616893112685624,0.08435667483253287,0.05614541359745867,2.895295052181715e-05,24,91,0.08527800084857512,0.12275103157363479,False,False,True,3.590294255774447e-08,COMPLETE
1018,0.4189081430435181,2025-04-08 05:47:38.145721,2025-04-08 05:47:46.939299,0 days 00:00:08.793578,0.18184985464124934,0.4045518605379012,16,0.026120426370165605,0.2589863365370144,0.06349102736106851,0.06147941044229612,0.013247905133993779,0.09669555759301798,3.879721375420426e-05,28,71,0.08193238875791853,0.10491541568907985,False,False,True,2.4491692394983758e-08,COMPLETE
1019,0.4430244266986847,2025-04-08 05:47:47.268429,2025-04-08 05:47:55.831684,0 days 00:00:08.563255,0.21857425881220952,0.43481222161497624,16,0.005516376209741426,0.2710576074811081,0.06568611191570001,0.05838832667418559,0.08900550439507302,0.09425060128723674,6.53178017359314e-05,25,80,0.09213075056754093,0.11328083951665684,False,False,True,1.0484845929404187e-07,COMPLETE
1020,0.44449069499969485,2025-04-08 05:47:56.145151,2025-04-08 05:48:04.893075,0 days 00:00:08.747924,0.19520484952656095,0.46081266662457665,16,0.011161419362593652,0.26613210909255186,0.07300595333516612,0.07735681456015656,0.07615942951345002,0.09138452361908014,4.549448960552844e-05,26,96,0.09015118094591185,0.09505340306121197,False,False,True,6.297822906809451e-08,COMPLETE
