number,value,datetime_start,datetime_complete,duration,params_alpha-eval,params_alpha-train,params_batch-size,params_eps-eval,params_eps-train,params_lambda-actions-eval,params_lambda-actions-train,params_lambda-frames-eval,params_lambda-frames-train,params_learning-rate,params_n-epochs,params_n-frames,params_radius-gw,params_rho,params_std-feats,params_ub-actions,params_ub-frames,params_weight-decay,state
1642,0.2221058011054993,2025-04-08 07:30:19.557428,2025-04-08 07:30:28.955278,0 days 00:00:09.397850,0.2872246509328204,0.5625294249020829,16,0.06313725742602432,0.2701348569666367,0.08019998168470346,0.08632693748993074,0.06870333517053681,0.07509766490155959,1.9142690452249235e-05,24,116,0.09816386873514568,0.23466775377939209,True,False,True,2.2650961661052943e-07,COMPLETE
1643,0.2569388031959534,2025-04-08 07:30:29.478182,2025-04-08 07:30:39.019152,0 days 00:00:09.540970,0.3144839687593579,0.5383039033963433,16,0.04925287664676909,0.28333290173586456,0.0789048754675509,0.08875644124000578,0.06539203122907034,0.07310575729830876,2.8756527195403757e-05,25,118,0.029142867366067478,0.24764727193172198,True,False,True,3.4751586860652527e-07,COMPLETE
1644,0.44528095722198485,2025-04-08 07:30:39.564847,2025-04-08 07:30:49.128006,0 days 00:00:09.563159,0.345774158537422,0.5056023250881313,16,0.0450630735498525,0.2646386944952236,0.08089198085138352,0.09509779666672076,0.06278112081694287,0.07760455311733075,2.3223858872225077e-05,25,111,0.09566346381646695,0.22765296800129092,True,False,True,1.0256022202863687e-06,COMPLETE
1645,0.44240505695343024,2025-04-08 07:30:49.654844,2025-04-08 07:30:59.444909,0 days 00:00:09.790065,0.2624384636246212,0.5661917572320382,16,0.054871540366165004,0.2741043535210792,0.07685064729796029,0.09080105355026555,0.06760337186999811,0.08037821315355641,3.425329722207127e-05,26,121,0.0981710779986365,0.22379332467029947,True,False,True,3.404198019091062e-07,COMPLETE
1646,0.44410793185234076,2025-04-08 07:30:59.999651,2025-04-08 07:31:09.526509,0 days 00:00:09.526858,0.29435873782406285,0.5411825670400073,16,0.04726891673840773,0.15431402041771175,0.08174194611726114,0.09292117696020613,0.07173905408523688,0.08105472557838797,1.6639174344196274e-05,25,114,0.09539037735986217,0.2450722712712839,True,False,True,4.855438809015711e-07,COMPLETE
1647,0.24196813702583314,2025-04-08 07:31:10.051846,2025-04-08 07:31:19.652715,0 days 00:00:09.600869,0.3018647098792869,0.5214603203852282,16,0.05969050663457351,0.27014800367226993,0.07865636945807201,0.088640957495742,0.06012574149178222,0.05009509519487769,2.0064021909640538e-05,24,124,0.09999456571547923,0.23571974819584351,True,False,True,3.9336644693666185e-07,COMPLETE
1648,0.3375806868076325,2025-04-08 07:31:20.177033,2025-04-08 07:31:29.858389,0 days 00:00:09.681356,0.3296763985058989,0.5474960052639558,16,0.05197623982072385,0.28010788944669285,0.07649170877457771,0.08610930018746912,0.06961867796923242,0.0797139739895322,2.5127694515280774e-05,26,118,0.04230371129114209,0.22970747143485806,True,False,True,6.427198137085002e-07,COMPLETE
1649,0.4457460224628449,2025-04-08 07:31:30.404183,2025-04-08 07:31:39.974862,0 days 00:00:09.570679,0.26900225058313065,0.5719419181799187,16,0.04513267765607756,0.2637494976827883,0.08036826942554436,0.09641773486192212,0.06408824331622047,0.08200575623585629,2.8274936230031463e-05,25,113,0.09667681181330415,0.23729568498894707,True,False,True,3.7104706686413113e-07,COMPLETE
1650,0.44115241765975954,2025-04-08 07:31:40.502581,2025-04-08 07:31:50.359106,0 days 00:00:09.856525,0.4348845299635086,0.5152587538872073,16,0.04122645622991672,0.2998992706195187,0.08244740324584895,0.0896308503542142,0.06625047192394874,0.07791721903235635,1.9874283710987242e-05,26,120,0.09465971782703739,0.21970287476490785,True,False,True,4.094284410501409e-07,COMPLETE
1651,0.44524085521698,2025-04-08 07:31:50.911239,2025-04-08 07:32:00.452586,0 days 00:00:09.541347,0.3572019484185095,0.5439504330648718,16,0.04897001576083266,0.2871117798053151,0.0786603376655012,0.09273436473258535,0.06853577595378121,0.08226294338470932,3.383307268091499e-05,25,117,0.09794211207646734,0.22689743924798145,True,False,True,8.899179263146923e-07,COMPLETE
1652,0.3325091063976288,2025-04-08 07:32:00.981345,2025-04-08 07:32:10.339544,0 days 00:00:09.358199,0.28573913176016796,0.5070259085891801,16,0.056181551252721354,0.27483497930170525,0.08079977639288549,0.0837028892694251,0.07138303433898427,0.08083882850696608,2.349481758620654e-05,24,110,0.0963436416759121,0.21663266918062093,True,False,True,1.935707797214975e-06,COMPLETE
1653,0.43057941198349003,2025-04-08 07:32:10.869319,2025-04-08 07:32:21.120508,0 days 00:00:10.251189,0.31729077732968025,0.577313358356254,16,0.04323620094906947,0.26730543046423794,0.07844418651291694,0.0870296511287344,0.062225544240032266,0.08253854060550153,1.504917051401397e-05,26,115,0.09394168205238083,0.23112599853995405,True,False,False,1.5199198681268876e-06,COMPLETE
1654,0.45139719247817994,2025-04-08 07:32:21.665730,2025-04-08 07:32:31.380523,0 days 00:00:09.714793,0.3069303989444204,0.5562502345563827,16,0.051043687278667954,0.28100666012568914,0.0826884540041022,0.09112088295713686,0.06591983711056139,0.08286791256103913,2.9182144266906807e-05,25,122,0.09793546904884573,0.22377488596775713,True,False,True,3.3490358510661635e-07,COMPLETE
1655,0.25204771757125854,2025-04-08 07:32:31.908805,2025-04-08 07:32:41.784428,0 days 00:00:09.875623,0.263188122604689,0.15992996809867527,16,0.06773313213325276,0.2692840593977501,0.08621998993748042,0.09458141473833231,0.06748166020713597,0.07859780766758788,3.412439656054571e-05,26,125,0.09996361592518191,0.23734053827981572,True,False,True,3.8343056671770476e-07,COMPLETE
1656,0.4358110725879669,2025-04-08 07:32:42.336769,2025-04-08 07:32:52.153210,0 days 00:00:09.816441,0.28437267804074795,0.5897481712045488,16,0.05819578472669294,0.26313326764337036,0.0832212498856643,0.09187393858681288,0.07002383254724771,0.07419519881923789,3.3896491257419e-05,25,128,0.098115896653687,0.22413130567298667,True,False,True,2.9798799283203417e-07,COMPLETE
1657,0.373883330821991,2025-04-08 07:32:52.691715,2025-04-08 07:33:02.233342,0 days 00:00:09.541627,0.30479627002089743,0.5732023757659961,16,0.07186267861150344,0.27625330031272666,0.07627665636683849,0.09533793579506586,0.06614922322928814,0.0800740959583876,2.9010164794221107e-05,24,123,0.09784447857954606,0.24270977849747838,True,False,True,5.106989779735795e-07,COMPLETE
1658,0.40001093149185185,2025-04-08 07:33:02.759157,2025-04-08 07:33:12.592072,0 days 00:00:09.832915,0.2758831633382246,0.5583460920640343,16,0.05541989814673277,0.272100454564742,0.08509188818240528,0.09759436017374827,0.07209591100981148,0.07686742156350553,2.8957830676357107e-05,26,127,0.09772068998383167,0.2343308458638907,True,True,True,4.823384914135622e-07,COMPLETE
1659,0.4248649001121521,2025-04-08 07:33:13.138898,2025-04-08 07:33:22.850179,0 days 00:00:09.711281,0.30162948459820205,0.5818310379248874,16,0.052006650019328624,0.2788517875345092,0.08291081615555197,0.09332226261360035,0.06798002656785021,0.08234660252857633,0.0007574896934400821,25,122,0.09836260113621634,0.22744416687628133,True,False,True,4.0847267159800865e-07,COMPLETE
1660,0.4348099350929261,2025-04-08 07:33:23.375464,2025-04-08 07:33:32.978160,0 days 00:00:09.602696,0.26245469818278266,0.5597366938604167,16,0.06619202644365417,0.2637578650595346,0.08002239140719664,0.09048777374363612,0.07031020455519973,0.08047153256423518,3.3075783690502376e-05,26,113,0.09814471648772652,0.2505629063618611,True,False,True,2.592415745990097e-07,COMPLETE
1661,0.42349096536636355,2025-04-08 07:33:33.531565,2025-04-08 07:33:53.901028,0 days 00:00:20.369463,0.2843085074969739,0.603110957593323,2,0.06142637906044833,0.2693785912146949,0.07687465180304742,0.0912799138932038,0.0643162470711673,0.08153200177358483,2.185039500066981e-05,24,121,0.0964659544659567,0.22369811224073696,True,False,True,3.4277846355176916e-07,COMPLETE
1662,0.2524985134601593,2025-04-08 07:33:54.435953,2025-04-08 07:34:04.176789,0 days 00:00:09.740836,0.33447564760914644,0.5506206572471707,16,0.09172070534044785,0.27630596467071233,0.08767167634662565,0.09844404216830493,0.06834556448317543,0.08348404123479143,2.5993607557645195e-05,26,117,0.09851872483292254,0.23107032006543052,True,False,True,2.710886940795213e-07,COMPLETE
1663,0.4256033897399903,2025-04-08 07:34:04.704309,2025-04-08 07:34:14.411293,0 days 00:00:09.706984,0.3043940644583315,0.5686065734988366,16,0.05083367053845974,0.26311972572842457,0.08175134034798312,0.0961971208140253,0.06581104746582417,0.0870016357107806,1.8237033846201678e-05,25,123,0.0963942471577655,0.243380541945827,True,False,True,5.506515180855344e-07,COMPLETE
1664,0.39484280347824097,2025-04-08 07:34:14.959237,2025-04-08 07:34:24.566023,0 days 00:00:09.606786,0.2815953983476516,0.58909120728936,16,0.06029054656192431,0.27138800112925593,0.07966668902882683,0.09408428363016814,0.06119198277063223,0.07909338929747625,2.8415032570965332e-05,26,110,0.09849192333269065,0.21675515360234085,True,False,True,3.5877561392930405e-07,COMPLETE
1665,0.4459858357906342,2025-04-08 07:34:25.095194,2025-04-08 07:34:34.744173,0 days 00:00:09.648979,0.2682979307395125,0.5404964122110751,16,0.048333367332000284,0.2787936090371177,0.08426798715770653,0.0875291063267171,0.07133053147207928,0.0846018268958427,2.295065087094569e-05,25,116,0.09613152283673258,0.2360066212987571,True,False,True,3.7220412617526827e-07,COMPLETE
1666,0.4389577567577362,2025-04-08 07:34:35.293706,2025-04-08 07:34:45.036145,0 days 00:00:09.742439,0.32050381196655264,0.5595050673532734,16,0.054161371419633175,0.26717806860604415,0.07814424972056169,0.0918814058824799,0.06900759312030849,0.08662540897796361,3.46185114323448e-05,26,120,0.09841857823495927,0.2229061942021537,True,False,True,4.356416545980631e-07,COMPLETE
1667,0.44667792320251465,2025-04-08 07:34:45.565676,2025-04-08 07:34:55.352597,0 days 00:00:09.786921,0.3405776705831389,0.5324628554272215,16,0.03923822719282685,0.263070502143042,0.0827185589470815,0.08933437249287543,0.06359834731704381,0.08291140852952146,1.7048642791952783e-05,25,125,0.09549761010709255,0.22889337807714863,True,False,True,3.018609069699516e-07,COMPLETE
1668,0.41386935710906986,2025-04-08 07:34:55.912379,2025-04-08 07:35:05.558287,0 days 00:00:09.645908,0.28914631456213535,0.5818090525982471,16,0.04733217029015118,0.2740415498423825,0.08067641544913717,0.084540127659973,0.06677952733600445,0.08106426385694031,2.0469150490910335e-05,26,112,0.09668514201321395,0.2129752621144239,True,False,True,6.184839949442171e-07,COMPLETE
1669,0.4421118259429932,2025-04-08 07:35:06.096136,2025-04-08 07:35:15.644661,0 days 00:00:09.548525,0.4091966318089515,0.5549199158079928,16,0.04011850195377626,0.2824682827257353,0.07650755250598988,0.09432766387119593,0.05821142559520375,0.07596968210140377,2.6186249793929122e-05,25,117,0.09822791869487607,0.22145398293894603,True,False,True,3.1455244745713786e-07,COMPLETE
1670,0.4023364901542664,2025-04-08 07:35:16.174273,2025-04-08 07:35:25.894162,0 days 00:00:09.719889,0.37786399585745056,0.6053110528170272,16,0.04683462704181057,0.10035035364577508,0.08631711938495959,0.09131539550374802,0.0693469273499771,0.08485459798671059,3.0084447123095732e-05,26,121,0.09497407271217932,0.2384428907578287,True,False,True,8.789842068487701e-07,COMPLETE
1671,0.43930959701538086,2025-04-08 07:35:26.449616,2025-04-08 07:35:36.497813,0 days 00:00:10.048197,0.26216288213341116,0.5364283705816701,16,0.061433994366524414,0.04419304652029779,0.0793450192446768,0.08572324803159115,0.06560460008119534,0.08719424963730528,2.0802661698049105e-05,24,114,0.0935120235285081,0.2316491223774702,True,False,False,4.4755423722642845e-07,COMPLETE
1672,0.08456662148237229,2025-04-08 07:35:37.032329,2025-04-08 07:35:46.577418,0 days 00:00:09.545089,0.3045661300082448,0.5569840361483164,16,0.0536649836110215,0.26949915387483175,0.08268188014867615,0.08821320107765394,0.07264395951568493,0.07871463342155173,1.225084273493499e-05,25,118,0.011193022341809064,0.21143694133661345,True,False,True,3.2804694591002225e-07,COMPLETE
1673,0.40656614303588867,2025-04-08 07:35:47.134642,2025-04-08 07:35:56.851585,0 days 00:00:09.716943,0.32752784754109443,0.5292493443583791,16,0.036586987809914394,0.2827393766173794,0.07834370710347364,0.08206018741282055,0.0015337759584150915,0.08366488183005559,3.4413680090423875e-05,26,113,0.09844015378199361,0.24287842529301856,True,False,True,2.597619717902654e-07,COMPLETE
1674,0.44801393747329715,2025-04-08 07:35:57.388609,2025-04-08 07:36:06.843976,0 days 00:00:09.455367,0.3009872585918767,0.5791623771033365,16,0.04286534051845367,0.2068188574196474,0.08479259388879111,0.09296522886523609,0.06299530322455046,0.08111354959527439,2.477829407916966e-05,24,110,0.09642623509798057,0.22531005899001055,True,False,True,5.589865649165723e-07,COMPLETE
1675,0.20342540740966797,2025-04-08 07:36:07.370713,2025-04-08 07:36:17.179080,0 days 00:00:09.808367,0.2647085775876128,0.5656395989977051,16,0.04992253245004943,0.2746422399092681,0.08085412567614612,0.09014799980064606,0.067483674728193,0.08702569405472747,1.5768755809767778e-05,25,126,0.09838357953428671,0.17245615392804825,True,False,True,2.8637722309444e-07,COMPLETE
1676,0.4357413053512573,2025-04-08 07:36:17.733389,2025-04-08 07:36:27.475873,0 days 00:00:09.742484,0.35730634369630876,0.546429775032391,16,0.045267187811433074,0.2620742743503439,0.08868251625122991,0.09604559698847913,0.06095252163360054,0.08466101114126985,2.9694713019391462e-05,26,121,0.09505870016186,0.21418858992133416,True,False,True,2.196822273012049e-07,COMPLETE
1677,0.13123748302459717,2025-04-08 07:36:28.008116,2025-04-08 07:36:37.678188,0 days 00:00:09.670072,0.2809587693204948,0.5959751966524395,16,0.0751219032546313,0.26661637110130604,0.0762023250987029,0.08667506088431262,0.07005157163522469,0.08179823838280575,1.9658310866917806e-05,26,116,0.09281016696049185,0.21938675175774164,True,True,True,2.908707721877838e-07,COMPLETE
1678,0.3963238179683686,2025-04-08 07:36:38.232142,2025-04-08 07:36:47.842446,0 days 00:00:09.610304,0.31241096943769003,0.5262833644336673,16,0.05524812341511917,0.2877775867918009,0.08207755447195081,0.09291659180679945,0.06454969253227309,0.08515662680911078,2.364520161263776e-05,25,119,0.09702795577354098,0.2072157284105483,True,False,True,1.9352100281843318e-07,COMPLETE
1679,0.1341431826353073,2025-04-08 07:36:48.377279,2025-04-08 07:36:58.290812,0 days 00:00:09.913533,0.3405332754401265,0.5724432662017978,16,0.231538924491331,0.28002207350026465,0.0788824164796061,0.088866796555064,0.07191180329962546,0.08730744262012224,1.7302656195847705e-05,27,124,0.09469650119509726,0.25308601928875213,True,False,True,4.5662963700038036e-07,COMPLETE
1680,0.4451028823852539,2025-04-08 07:36:58.853394,2025-04-08 07:37:08.291968,0 days 00:00:09.438574,0.2958640169940853,0.5448701815164165,16,0.03867603394795804,0.27207949747137444,0.08368400425092362,0.09054607151649632,0.0667219116711569,0.08282526941162606,2.91915106323253e-05,24,116,0.0983323700378674,0.23078732026907967,True,False,True,2.21853881110798e-07,COMPLETE
1681,0.4484464466571808,2025-04-08 07:37:08.830146,2025-04-08 07:37:18.616717,0 days 00:00:09.786571,0.26465520349083244,0.5266331299854832,16,0.034626517665132334,0.26242152324009094,0.08082061432463464,0.09739298119495576,0.06931482842989065,0.0778650053012328,2.2368066883886067e-05,25,130,0.09603184249098072,0.23542967529040398,True,False,True,3.2778315639652524e-07,COMPLETE
1682,0.4289366602897644,2025-04-08 07:37:19.150914,2025-04-08 07:37:40.626825,0 days 00:00:21.475911,0.3198357778532975,0.5550557680055573,2,0.04954906041104649,0.2761562120107263,0.07676887270329116,0.0952176491599243,0.06241810198908082,0.079928552394364,3.4997421860421396e-05,26,113,0.09277937140000399,0.22319298711124208,True,False,True,2.1051604548162405e-07,COMPLETE
1683,0.45287320017814636,2025-04-08 07:37:41.187029,2025-04-08 07:37:50.952450,0 days 00:00:09.765421,0.2841793188827743,0.6074527887428128,16,0.04306946201849624,0.2680936274586416,0.08555091662445775,0.0998973377815125,0.06503284821692355,0.08547686613900604,2.496839920419385e-05,26,120,0.09998513333812206,0.2608928285138916,True,False,True,1.836655401246235e-07,COMPLETE
1684,0.44340541958808904,2025-04-08 07:37:51.503371,2025-04-08 07:38:01.612319,0 days 00:00:10.108948,0.26404918916578995,0.6179962757692123,16,0.04043985974658798,0.26165780998631555,0.08581177565830035,0.09862801108521586,0.05952610080889001,0.08717323166522406,1.4817490935348996e-05,27,126,0.09942386621254469,0.2733106531469602,True,False,True,2.913833422154381e-07,COMPLETE
1685,0.33021534085273746,2025-04-08 07:38:02.174748,2025-04-08 07:38:12.121648,0 days 00:00:09.946900,0.286529826502152,0.6166285614035223,16,0.05998526514168335,0.26749660768500944,0.0875239747966634,0.09956747354046562,0.06314947629858801,0.08248556977025169,1.9085111729370528e-05,27,122,0.09955327935488671,0.27297854902980195,True,False,True,2.3827257434177025e-07,COMPLETE
1686,0.4464283466339112,2025-04-08 07:38:12.663083,2025-04-08 07:38:22.623969,0 days 00:00:09.960886,0.28173897860751407,0.6110397394679367,16,0.03531827381847752,0.2614758818338756,0.087933915129296,0.09962122276918493,0.06783714368556301,0.08370114007557236,2.1286343301216775e-05,27,124,0.09961426974152633,0.26606506960774634,True,False,True,3.385821176748552e-07,COMPLETE
1687,0.41988151073455815,2025-04-08 07:38:23.187258,2025-04-08 07:38:32.950589,0 days 00:00:09.763331,0.25898694501887404,0.5991429160583418,16,0.047395155182264004,0.26707566640988684,0.08919321378385892,0.09845987558582359,0.07219074709465198,0.0858359324741446,1.781351554540526e-05,26,121,0.09980805081709716,0.2510515428264898,True,False,True,1.8567678345755654e-07,COMPLETE
1688,0.4459241151809693,2025-04-08 07:38:33.491912,2025-04-08 07:38:43.324068,0 days 00:00:09.832156,0.281292668632019,0.5177291367172009,16,0.05520355708944208,0.26206208289903155,0.08464253116075668,0.08516280691099598,0.05694733108510248,0.08033242365743763,2.528323988231276e-05,26,118,0.09792719350116812,0.26355220244684024,True,False,True,2.1725709078337054e-07,COMPLETE
1689,0.4402992188930512,2025-04-08 07:38:43.860945,2025-04-08 07:38:53.767901,0 days 00:00:09.906956,0.2603340236009595,0.5092772053542823,16,0.042069530723101135,0.2689083435990569,0.08520747718416789,0.08753632960871162,0.06473256761438964,0.08441316515557498,1.3271324050551004e-05,26,129,0.0999230066344962,0.2583487542781127,True,False,True,1.7106560856388454e-07,COMPLETE
1690,0.13193522691726683,2025-04-08 07:38:54.333142,2025-04-08 07:39:04.144693,0 days 00:00:09.811551,0.3068796910016698,0.5908194838052164,16,0.22467269462005895,0.2763150043817354,0.08731993442303708,0.09733147430036358,0.07032223827995829,0.004410492575492517,2.080849099451263e-05,27,120,0.09833197300689966,0.28603310611479504,True,False,True,2.6502955808808335e-07,COMPLETE
1691,0.43388928771018986,2025-04-08 07:39:04.688346,2025-04-08 07:39:14.621984,0 days 00:00:09.933638,0.28232212264598805,0.536905410622804,16,0.052302162252442025,0.2613196207216069,0.0859601771142491,0.09974112990804114,0.06039910452920573,0.08756332751393647,2.5052276166082458e-05,27,124,0.09974587664933511,0.2780361175961829,True,False,True,2.00550774757644e-07,COMPLETE
1692,0.4256336033344269,2025-04-08 07:39:15.186141,2025-04-08 07:39:25.486006,0 days 00:00:10.299865,0.3302839723879207,0.504339986765406,16,0.03454446294479591,0.26914584919842677,0.08349299268579882,0.08450341295614622,0.06699474344014322,0.08235393510903342,2.9277761180897726e-05,26,115,0.09791959944019922,0.2566214393283224,True,False,False,1.2807841248154796e-06,COMPLETE
1693,0.21948904395103458,2025-04-08 07:39:26.027101,2025-04-08 07:39:35.893093,0 days 00:00:09.865992,0.3081921220680448,0.6093711519732775,16,0.06489897178560733,0.28294929805146546,0.08287990344516785,0.08879875636332313,0.06432809585589143,0.08678588606434759,1.830909564097067e-05,27,120,0.09695340712792644,0.24583252334198885,True,False,True,1.4369531550718284e-07,COMPLETE
1694,0.1119907319545746,2025-04-08 07:39:36.458295,2025-04-08 07:39:46.100812,0 days 00:00:09.642517,0.26066424179832126,0.5566788606288791,16,0.2117412857837513,0.29228839558693576,0.07784910221475197,0.08647652893620691,0.06851096116362457,0.07635935469584383,3.4902925653268187e-05,26,110,0.09976017203889156,0.26036233903773337,True,False,True,5.171461787066983e-07,COMPLETE
1695,0.44703493118286136,2025-04-08 07:39:46.641096,2025-04-08 07:39:56.419720,0 days 00:00:09.778624,0.3541170761132456,0.5857234160269408,16,0.04545521789023907,0.27398648631586475,0.08869452114814766,0.09019050324064597,0.06202244880589926,0.07890711327931339,2.3181939399378463e-05,27,118,0.09702377560824842,0.2666735525247649,True,False,True,4.1420263990159667e-07,COMPLETE
1696,0.3295044362545014,2025-04-08 07:39:56.983214,2025-04-08 07:40:05.149185,0 days 00:00:08.165971,0.2929777943981899,0.5244771050638267,16,0.04100062736608002,0.26624309994143663,0.08577977877213143,0.08294264204723316,0.0660566055581318,0.0848420831633439,1.620712223779127e-05,26,8,0.09836036363158321,0.2626527483607956,True,True,True,7.632732032611334e-08,COMPLETE
1697,0.1147024154663086,2025-04-08 07:40:05.691736,2025-04-08 07:40:15.456631,0 days 00:00:09.764895,0.3245238485473967,0.5051745088483848,16,0.27450895433104217,0.26101052094529614,0.0760440007670333,0.09197725347804399,0.0726195876179601,0.08177067467855062,2.8477105667738904e-05,26,122,0.09974040707220828,0.21684979296070883,True,False,True,1.3970502079722348e-07,COMPLETE
1698,0.44666238427162175,2025-04-08 07:40:16.018268,2025-04-08 07:40:25.716696,0 days 00:00:09.698428,0.2791571182280496,0.5390280540105864,16,0.04857423822436745,0.2796687281280866,0.07962759109622645,0.08785033232939092,0.07031889801231749,0.08753590934625473,2.1757953696138587e-05,27,114,0.09689890608301024,0.2254947711195807,True,False,True,9.274938733968085e-08,COMPLETE
