number,value,datetime_start,datetime_complete,duration,params_alpha-eval,params_alpha-train,params_batch-size,params_eps-eval,params_eps-train,params_lambda-actions-eval,params_lambda-actions-train,params_lambda-frames-eval,params_lambda-frames-train,params_learning-rate,params_n-epochs,params_n-frames,params_radius-gw,params_rho,params_std-feats,params_ub-actions,params_ub-frames,params_weight-decay,state
1984,0.4487857818603516,2025-04-08 08:31:45.008552,2025-04-08 08:31:54.735450,0 days 00:00:09.726898,0.23512835729556214,0.5985105066921076,16,0.03652572112638344,0.07940464347969681,0.07368596934949559,0.08283692068886812,0.07004841848836571,0.08317104343989279,1.646828157762964e-05,26,116,0.0968793932336124,0.21534703993834542,True,False,True,2.284345746541995e-07,COMPLETE
1985,0.4431802749633789,2025-04-08 08:31:55.396437,2025-04-08 08:32:05.112515,0 days 00:00:09.716078,0.2695257009256324,0.5755172229160816,16,0.03743586826908727,0.27197396087212156,0.07639524322619141,0.08550459343744808,0.07425674897110023,0.0852289390298532,1.901140027083508e-05,26,112,0.09682390608844722,0.22011050766837742,True,False,True,1.6075631616237867e-07,COMPLETE
1986,0.44915888309478763,2025-04-08 08:32:05.746405,2025-04-08 08:32:15.556834,0 days 00:00:09.810429,0.2771751038829793,0.5443722855443927,16,0.03014299887125975,0.2675623206565352,0.07725794914099741,0.086041272498882,0.06679877351004056,0.08765443795414614,1.7958805680965377e-05,27,117,0.09769352604204284,0.19829662115279245,True,False,True,1.275316302691903e-07,COMPLETE
1987,0.448925930261612,2025-04-08 08:32:16.215235,2025-04-08 08:32:25.954222,0 days 00:00:09.738987,0.24171552357004905,0.5615199298532431,16,0.028705971082460563,0.2587652348104207,0.07477882446028977,0.08259489638140566,0.06912178841688027,0.08529923941822523,1.4326902856639812e-05,26,118,0.09982736280074124,0.2092887657776248,True,False,True,2.1447395713133285e-07,COMPLETE
1988,0.42270265221595765,2025-04-08 08:32:26.614317,2025-04-08 08:32:36.250247,0 days 00:00:09.635930,0.26606317772935034,0.22859156823604687,16,0.040624592436469834,0.2730662923618695,0.07698293646197447,0.0845128905435931,0.06582700827274987,0.08313242785037021,1.6252082580025208e-05,26,114,0.09991464931162182,0.22398922366706542,True,False,True,1.6050954101657157e-07,COMPLETE
1989,0.09069674760103226,2025-04-08 08:32:36.884798,2025-04-08 08:32:46.572729,0 days 00:00:09.687931,0.27979347398232046,0.5317535113298759,16,0.10115756421004232,0.2649092890863016,0.07388492239852094,0.08105473529682787,0.07284789019506714,0.08855510134064638,1.8207114377236036e-05,27,110,0.07248136598137693,0.2151988842938953,True,False,True,1.242428632241556e-07,COMPLETE
1990,0.42676675319671636,2025-04-08 08:32:47.233655,2025-04-08 08:32:56.963152,0 days 00:00:09.729497,0.23881255809848692,0.6001633620977,16,0.0369706393384971,0.27128260644020313,0.0777122181631465,0.08643575396151411,0.06799665051308863,0.08623579000478113,1.1648548560124883e-05,26,118,0.09993926284102116,0.20509706568425254,True,False,True,2.2707974114060928e-07,COMPLETE
1991,0.44171502590179446,2025-04-08 08:32:57.623572,2025-04-08 08:33:07.493658,0 days 00:00:09.870086,0.26193199853479004,0.583224397470742,16,0.04117045429967942,0.262540196050962,0.07497400267878064,0.08642710832357123,0.07068800494015207,0.08334843427356063,1.863182676724932e-05,27,113,0.09669993743827635,0.22535260910354438,True,False,True,1.6400075514625122e-07,COMPLETE
1992,0.4318737924098969,2025-04-08 08:33:08.134598,2025-04-08 08:33:18.404327,0 days 00:00:10.269729,0.28101695822885886,0.5539465270723635,16,0.029547117552278162,0.2715325180822961,0.0014151667920037775,0.0848083634805959,0.06597328617144149,0.08705681251088632,1.0364806185230848e-05,26,115,0.09706042162133083,0.20012911811845782,True,False,False,2.0125479333297898e-07,COMPLETE
1993,0.45172998309135437,2025-04-08 08:33:19.072922,2025-04-08 08:33:28.917860,0 days 00:00:09.844938,0.2566312030644926,0.516344797295376,16,0.036499520448939886,0.25707701737205213,0.07713420370495065,0.08659328125265257,0.06819951513048744,0.0845010782695458,1.9107808944367294e-05,27,119,0.0979925224508581,0.21200266359036657,True,False,True,1.2603917812465164e-07,COMPLETE
1994,0.4503147959709168,2025-04-08 08:33:29.555348,2025-04-08 08:33:39.364319,0 days 00:00:09.808971,0.23478550408684623,0.5038365937877443,16,0.030537494739732832,0.25644664939570155,0.07540409068645844,0.08784490633409935,0.06453718298393903,0.08842051546095427,1.4634088189869233e-05,27,119,0.09822553171903789,0.2117528211352864,True,False,True,1.3051518655451797e-07,COMPLETE
1995,0.44275950193405156,2025-04-08 08:33:40.024535,2025-04-08 08:33:49.931487,0 days 00:00:09.906952,0.23840842293697406,0.495715896557338,16,0.03550248800223653,0.2572908690617591,0.07624936817994879,0.08749563479563922,0.06332263280282426,0.08834659831375444,1.1807138004996164e-05,27,120,0.09800111273218763,0.20933075964037873,True,False,True,1.192285412019299e-07,COMPLETE
1996,0.4466296136379242,2025-04-08 08:33:50.593447,2025-04-08 08:34:00.451443,0 days 00:00:09.857996,0.2583814801067376,0.49412923377466816,16,0.02871309240008392,0.2588101182529502,0.07340677016808421,0.087288152754344,0.06428270507786733,0.08801929548376498,1.1751574694235673e-05,27,120,0.0967065406928829,0.20485802000636197,True,False,True,1.1957854798880648e-07,COMPLETE
1997,0.43609040379524233,2025-04-08 08:34:01.087074,2025-04-08 08:34:22.909472,0 days 00:00:21.822398,0.24027968166765934,0.5103287139170959,2,0.029584231180094737,0.2571440056088353,0.07726604407314805,0.08724864230127312,0.06059489811554189,0.0850361300952794,1.5057618252633184e-05,27,119,0.09663564062905095,0.2012580910919198,True,False,True,1.8640740250892184e-05,COMPLETE
1998,0.42785674333572393,2025-04-08 08:34:23.563032,2025-04-08 08:34:33.456192,0 days 00:00:09.893160,0.22898778526793445,0.5044482586230736,16,0.035572634545896514,0.2556791320236807,0.0741809833213861,0.08822926359449154,0.06386378054758243,0.08302072310512916,1.0339236374771684e-05,27,119,0.0982002255852997,0.2090238939092004,True,True,True,1.239906381095159e-07,COMPLETE
1999,0.447900527715683,2025-04-08 08:34:34.114853,2025-04-08 08:34:44.041016,0 days 00:00:09.926163,0.23724767882408188,0.49399198354275387,16,0.03560639403115665,0.2553671072850137,0.03314261938802813,0.08745876770772984,0.0579143608741846,0.08936266651912068,1.3045202627694505e-05,27,121,0.09806594151891167,0.21436530930731876,True,False,True,1.1758642725680412e-07,COMPLETE
