number,value,datetime_start,datetime_complete,duration,params_alpha-eval,params_alpha-train,params_batch-size,params_eps-eval,params_eps-train,params_lambda-actions-eval,params_lambda-actions-train,params_lambda-frames-eval,params_lambda-frames-train,params_learning-rate,params_n-epochs,params_n-frames,params_radius-gw,params_rho,params_std-feats,params_ub-actions,params_ub-frames,params_weight-decay,state
169,0.44036020040512086,2025-04-21 05:20:47.703947,2025-04-21 05:20:56.764490,0 days 00:00:09.060543,0.18769111536964195,0.046831831473313795,16,0.07436283026300584,0.2603059710305707,0.08827080426513624,0.055244848044800045,0.0033717697487125027,0.08843176637767565,0.00023461494285893647,24,27,0.07170269098012191,0.29293089518960047,False,False,False,1.4620533005457664e-06,COMPLETE
170,0.43845540285110474,2025-04-21 05:20:56.819126,2025-04-21 05:21:05.926824,0 days 00:00:09.107698,0.17160295017809535,0.047474370684658304,16,0.07597611705397021,0.2588609927237013,0.09317499370777431,0.05672150119086275,0.0040086065807512835,0.08297742627684183,0.0002975185532885992,24,26,0.07269028598209805,0.2998455918910459,False,False,False,2.251871256366646e-06,COMPLETE
171,0.4398648500442505,2025-04-21 05:21:05.981257,2025-04-21 05:21:15.314802,0 days 00:00:09.333545,0.19324638334736627,0.0211164699317914,16,0.06514482001856092,0.25039708038535174,0.08952640561832523,0.04980328617448335,0.007242511325604965,0.08799658117424736,0.00022693261607590435,26,33,0.07044088688919821,0.2923068885891265,False,False,False,1.4632830819239947e-06,COMPLETE
172,0.43858405351638796,2025-04-21 05:21:15.378167,2025-04-21 05:21:24.744241,0 days 00:00:09.366074,0.1085851058049282,0.06006376747777975,16,0.06480410975605617,0.24701310147923938,0.0888540887367911,0.05484370863801093,0.002664140291200757,0.08702698778077593,0.0003683726088809565,26,35,0.07672065935464774,0.2910732511182696,False,False,False,1.6926126589787426e-06,COMPLETE
173,0.435011488199234,2025-04-21 05:21:24.799846,2025-04-21 05:21:34.120618,0 days 00:00:09.320772,0.22498222171653945,0.010179848324704088,16,0.07076412930187113,0.2523143811652766,0.09089458882964661,0.04908662397088056,0.006800401758627805,0.08867298496315873,0.00022632603220953026,26,28,0.08009606108588722,0.2945015515658506,False,False,False,9.542227618841866e-07,COMPLETE
174,0.4376479864120484,2025-04-21 05:21:34.176296,2025-04-21 05:21:43.400945,0 days 00:00:09.224649,0.187099820195327,0.09939842573077996,16,0.06108797078510868,0.2664431347715397,0.08495018349087688,0.08651890390743991,0.007503257048691811,0.08458716043608952,0.0002340244188660472,25,39,0.06978909186344943,0.2838898502761804,False,False,False,1.5010548420292252e-06,COMPLETE
175,0.43746548891067505,2025-04-21 05:21:43.456975,2025-04-21 05:21:52.622936,0 days 00:00:09.165961,0.13086177584641603,0.0793788139945743,16,0.07853687656847216,0.26136367576539316,0.087463255267364,0.05899268577286955,0.0022834385328032256,0.0818152255007465,0.00033711389208216025,25,33,0.06476181518511419,0.29190106608116595,False,False,False,1.3344316987570576e-06,COMPLETE
176,0.441830450296402,2025-04-21 05:21:52.680123,2025-04-21 05:22:02.107418,0 days 00:00:09.427295,0.16155127407168035,0.045371725785768625,16,0.08534077175216123,0.2550871088684677,0.08638439781807944,0.08482384855062791,0.004973566229729406,0.07962972178660757,0.000277364247184724,27,37,0.07046538207670061,0.299687392810718,False,False,False,9.82770658876783e-07,COMPLETE
177,0.43753953576087956,2025-04-21 05:22:02.165190,2025-04-21 05:22:11.602535,0 days 00:00:09.437345,0.16535726428332315,0.047566268307037265,16,0.08686940630831515,0.24127598761665783,0.09037733250998169,0.09752534277489855,0.005226086903859615,0.07865892453168395,0.0001947177807424351,27,37,0.07390213698713008,0.2078137345339604,False,False,False,1.010559275775186e-06,COMPLETE
178,0.43656914830207827,2025-04-21 05:22:11.658981,2025-04-21 05:22:21.087915,0 days 00:00:09.428934,0.15449287166936482,0.02521028923469887,16,0.09795160573118783,0.2521952312630747,0.08816451671279019,0.04696772369044245,0.003928079729301429,0.07521075828691841,0.00025209743976348453,27,36,0.07139379659599787,0.28799986444401177,False,False,False,2.418786305367664e-06,COMPLETE
179,0.44037101268768314,2025-04-21 05:22:21.146195,2025-04-21 05:22:30.392597,0 days 00:00:09.246402,0.2411594340578208,0.3476575621992689,16,0.06940939147105368,0.26084566180126256,0.09594037654905992,0.08256534607282297,0.001291086845903601,0.07920494918086989,0.0009624466429321413,24,43,0.06042785181035921,0.29972223079890636,False,False,False,8.664945207104258e-07,COMPLETE
180,0.4332298338413239,2025-04-21 05:22:30.450420,2025-04-21 05:22:39.573997,0 days 00:00:09.123577,0.2475314340170706,0.30648913637841546,16,0.07408938884627231,0.256898935833856,0.09823733014949493,0.08359029176537972,0.0017169319970161143,0.08057194824627821,0.0004919334868811966,24,44,0.07058322714841378,0.2992384055425383,False,False,False,1.432858650594669e-06,COMPLETE
181,0.43973087668418886,2025-04-21 05:22:39.641010,2025-04-21 05:22:48.961299,0 days 00:00:09.320289,0.17908688271654807,0.06035483594891409,16,0.06994887192427024,0.26710136560775494,0.09702575345801977,0.08017938800784509,0.006913349964449896,0.07916739091369657,0.000881932917632653,26,41,0.060235259304651366,0.29501812742554573,False,False,False,8.203177074859159e-07,COMPLETE
182,0.43206845521926884,2025-04-21 05:22:49.021090,2025-04-21 05:22:58.398276,0 days 00:00:09.377186,0.13695966958254882,0.33519337292627405,16,0.0684247825880281,0.2472296321653915,0.09488816435864296,0.0841521358528529,0.006850692922450507,0.07946933098681921,0.0008300270058345187,26,41,0.059283381473000385,0.294367275929633,False,False,False,8.5942635381988e-07,COMPLETE
183,0.4177045822143555,2025-04-21 05:22:58.457834,2025-04-21 05:23:07.571306,0 days 00:00:09.113472,0.17884897434693406,0.3600445686745275,16,0.08191589325493065,0.2626079144606069,0.09626236904132691,0.08766298458474073,0.009054607557896973,0.08783581704292695,0.0011535636377969004,24,49,0.06412377002401369,0.29419131968600065,False,False,False,1.149003646199177e-06,COMPLETE
184,0.43484522104263307,2025-04-21 05:23:07.631004,2025-04-21 05:23:16.859657,0 days 00:00:09.228653,0.19733312180392457,0.39440361384776235,16,0.08774676504860938,0.2556975792764433,0.09931699451983089,0.08046525877957438,0.0011707577495987834,0.0826415977689915,0.0009701798920284815,25,39,0.07580527649285064,0.2996522172355757,False,False,False,6.71990115570203e-07,COMPLETE
185,0.437381386756897,2025-04-21 05:23:16.918428,2025-04-21 05:23:26.179438,0 days 00:00:09.261010,0.1565373781541054,0.0690741558157652,16,0.05050835312149616,0.269928318735507,0.096884912009302,0.05451123425117711,0.0045367064021078415,0.07619300293124683,0.0007597895255933235,25,44,0.06233766876810953,0.28272411678837345,False,False,False,2.02779585468989e-06,COMPLETE
186,0.09120412617921829,2025-04-21 05:23:26.238949,2025-04-21 05:23:35.030189,0 days 00:00:08.791240,0.09360765000384681,0.09110851325877818,16,0.07853782652426529,0.2668652434461339,0.09357824408014484,0.08257143941072273,0.0068715453785691836,0.0859534437477972,0.0006306008620896366,26,42,0.06616079260203493,0.2897610467729967,False,True,False,4.921964357011092e-07,COMPLETE
187,0.437505304813385,2025-04-21 05:23:35.090028,2025-04-21 05:23:44.094347,0 days 00:00:09.004319,0.1670128661068836,0.055269964208796284,16,0.05585490595083141,0.2606518359702102,0.08577170610496078,0.08875402764502349,0.008689783793926696,0.07997269132116885,0.0014521250002267672,23,37,0.06886203127423282,0.29480053110829235,False,False,False,8.667780895602495e-07,COMPLETE
188,0.4402566850185395,2025-04-21 05:23:44.154117,2025-04-21 05:23:53.337131,0 days 00:00:09.183014,0.11684192898671322,0.07430550517974885,16,0.06959953166436272,0.2725757528732636,0.09055727978719184,0.050574166131543676,0.003743936306954152,0.08306929257673887,0.00015295595556359378,25,31,0.06086504633922745,0.28032831156136934,False,False,False,3.612104207982046e-07,COMPLETE
189,0.4207529664039612,2025-04-21 05:23:53.397825,2025-04-21 05:24:02.916576,0 days 00:00:09.518751,0.12138280173309084,0.28719853217463637,16,0.06599592885124379,0.2713351005148284,0.09624089637607756,0.051547048080337,0.003032869433444661,0.0718087807153598,0.0010684109284237481,27,53,0.058129571951692396,0.2790544940307742,False,False,False,3.5113944154080056e-07,COMPLETE
190,0.43315160870552066,2025-04-21 05:24:02.985959,2025-04-21 05:24:12.265287,0 days 00:00:09.279328,0.08212693888890377,0.10647313502797923,16,0.07156018658341462,0.2499930061485794,0.09051736030537219,0.07986018424646898,0.005188247439684358,0.08285753852871255,0.00041769148716127127,26,29,0.0609864055367646,0.285902408695464,False,False,False,1.569102021271511e-06,COMPLETE
191,0.4419541954994202,2025-04-21 05:24:12.326274,2025-04-21 05:24:21.583326,0 days 00:00:09.257052,0.19343437826812554,0.0726733608025001,16,0.08276984257306064,0.2634531271485578,0.09190670602417854,0.050151226618084827,0.006814481626707695,0.08718564724865771,0.00016330564123732657,25,31,0.06325157162329634,0.29462188605257644,False,False,False,4.3773596397443975e-07,COMPLETE
192,0.43753615021705633,2025-04-21 05:24:21.646554,2025-04-21 05:24:30.853942,0 days 00:00:09.207388,0.14618185490159505,0.08123936390393896,16,0.08065735785289599,0.2569705392632673,0.0934920989836391,0.051298762954167076,0.006442827435011082,0.08551142750915107,0.0001828934270069203,24,30,0.0638115149508196,0.2999639900433036,False,False,False,6.794078786241805e-07,COMPLETE
193,0.43759594559669496,2025-04-21 05:24:30.914798,2025-04-21 05:24:40.074717,0 days 00:00:09.159919,0.19870417892941755,0.04557211708962769,16,0.07516251150015765,0.2718815376184854,0.09126632491780637,0.04887608625333654,0.004163178516236245,0.09164676265370174,0.00015549312847887306,25,26,0.06029881644619126,0.2833865988837218,False,False,False,3.555804878559941e-07,COMPLETE
194,0.43868244886398317,2025-04-21 05:24:40.138137,2025-04-21 05:24:49.444944,0 days 00:00:09.306807,0.23407365218731155,0.08722565467940208,16,0.08754965808797864,0.2614299726103143,0.08877262625671721,0.045028891238118186,0.008396109210576434,0.08103980862641005,0.0002089171295149968,26,35,0.06251579065940942,0.28899958221175703,False,False,False,1.057072882367583e-06,COMPLETE
195,0.43841918706893923,2025-04-21 05:24:49.507999,2025-04-21 05:24:58.747895,0 days 00:00:09.239896,0.11707559135278325,0.026144062386207464,16,0.06799173341944013,0.2527358709165954,0.09142293289064882,0.08451625977854607,0.003067948540286032,0.08379928674968183,0.00027663543492663486,25,39,0.056653018974015874,0.29555387950689777,False,False,False,2.5419003968993566e-07,COMPLETE
196,0.14354845583438874,2025-04-21 05:24:58.810267,2025-04-21 05:25:07.479497,0 days 00:00:08.669230,0.21499285468145804,0.06392741019974786,16,0.08296218265921738,0.27433743992423937,0.09538118858651826,0.08615945821203594,0.005064048326906296,0.07403736957914354,0.00134770212409153,26,31,0.05952473721353471,0.27903760768341856,False,False,True,5.762610444812359e-07,COMPLETE
197,0.43634547591209416,2025-04-21 05:25:07.543577,2025-04-21 05:25:16.909212,0 days 00:00:09.365635,0.1826264997554047,0.26271153452713925,16,0.06238648300000538,0.23924660608233575,0.09303680772229944,0.053360990497192645,0.007395241717870771,0.08851779566721381,0.0018450851508594673,27,23,0.06533268739112104,0.2896283023522438,False,False,False,8.251666727121395e-07,COMPLETE
198,0.44272782206535344,2025-04-21 05:25:16.981003,2025-04-21 05:25:26.341018,0 days 00:00:09.360015,0.14032273939591283,0.04675369233334112,16,0.04135366922061227,0.2660647066804146,0.08838233135842022,0.08187231891127832,0.012923295321087575,0.07673691852334373,0.0001506888954647573,26,37,0.06872635837312153,0.2997926954071187,False,False,False,1.2216368533033941e-06,COMPLETE
199,0.43020672202110294,2025-04-21 05:25:26.404623,2025-04-21 05:25:35.511335,0 days 00:00:09.106712,0.13368139437479176,0.03853309350262184,16,0.09339994148043454,0.2872200881361625,0.08786147783204913,0.08256946190075667,0.013383209114406977,0.07739130465808514,0.00014510368032150627,24,28,0.07285883637498096,0.2998646367656692,False,False,False,1.2507163713042758e-06,COMPLETE
200,0.43737074732780457,2025-04-21 05:25:35.574515,2025-04-21 05:25:45.051322,0 days 00:00:09.476807,0.10292912488373117,0.11215106066737823,16,0.04044750491644545,0.266409094644987,0.09249592749916559,0.050281939689259675,0.009685952073614739,0.07823592131339012,9.988282945753975e-05,26,34,0.06364160892076219,0.2842501366869169,False,False,False,2.887627454349645e-06,COMPLETE
201,0.4232374489307404,2025-04-21 05:25:45.115054,2025-04-21 05:25:54.348999,0 days 00:00:09.233945,0.15399534085310423,0.5348200160751468,16,0.054495290166167464,0.25932518175552366,0.08207221295503717,0.08179038372266567,0.001244950243266941,0.07580075518459013,0.00023392050860402506,25,37,0.06838401982080869,0.2941384908823794,False,False,False,4.5708736956953125e-07,COMPLETE
202,0.4336361169815064,2025-04-21 05:25:54.412675,2025-04-21 05:26:01.670896,0 days 00:00:07.258221,0.1699108280775205,0.047426691882729646,16,0.0419395650688311,0.2733933377740445,0.08666977708567906,0.09103525611915322,0.006224126139053226,0.07954094045072484,0.00012602026390885009,5,42,0.06913379092640054,0.29976161505785603,False,False,False,3.9271974976546434e-07,COMPLETE
203,0.43916842937469486,2025-04-21 05:26:01.735936,2025-04-21 05:26:11.043124,0 days 00:00:09.307188,0.19525205777069457,0.07167472961441657,16,0.047151563079667495,0.2459411492920744,0.08996902464514649,0.07887817718113813,0.01210078935439126,0.08479232982076866,0.0001641704717602393,26,37,0.07055307215297182,0.2905195761886192,False,False,False,6.42308477287901e-07,COMPLETE
204,0.3895406007766724,2025-04-21 05:26:11.107883,2025-04-21 05:26:21.013034,0 days 00:00:09.905151,0.14590172105483767,0.014089388011310329,16,0.0730296759750088,0.2659924543101768,0.08405830697606367,0.04643118636297214,0.009260609879584238,0.081827056837343,0.00020573552531493643,27,130,0.06179667598313765,0.04440241994286538,False,False,False,9.194573176307223e-07,COMPLETE
205,0.43697673082351685,2025-04-21 05:26:21.088343,2025-04-21 05:26:30.345955,0 days 00:00:09.257612,0.21586222645447128,0.09059215692017006,16,0.06603765112258683,0.28425255858212356,0.08003030633648445,0.08770288879448268,0.007832991131650197,0.08630245470090274,0.0002995796703804398,25,32,0.06532659069024371,0.2938525413477989,False,False,False,1.3526591672396589e-06,COMPLETE
206,0.44312229752540594,2025-04-21 05:26:30.410882,2025-04-21 05:26:39.751540,0 days 00:00:09.340658,0.17389344926551561,0.45402781429193506,16,0.07753894007382023,0.2561178201329573,0.08869907375343683,0.0845325956304096,0.003407626888942055,0.09007006451358476,0.0009025974127885904,26,40,0.06733938997879445,0.2866694145281004,False,False,False,1.865985717706254e-06,COMPLETE
207,0.4359868705272675,2025-04-21 05:26:39.816811,2025-04-21 05:26:49.214932,0 days 00:00:09.398121,0.16987625574494275,0.04872083335290668,16,0.07938423852158984,0.27226898776889896,0.08870309164922556,0.08538066397887824,0.0036038024585175526,0.0732469426095472,0.0008511647968569095,26,46,0.06647418778458702,0.27753445774442453,False,False,False,2.077129125627366e-06,COMPLETE
208,0.430507892370224,2025-04-21 05:26:49.280096,2025-04-21 05:26:58.755302,0 days 00:00:09.475206,0.1265237293355148,0.05672334683046761,16,0.08853674033448787,0.2515847742606622,0.08701651860767527,0.08056795759399417,0.0053039659368280785,0.08294903158489035,0.0010141034544165358,27,40,0.0598927015321308,0.23430993757726074,False,False,False,1.7384941703815015e-06,COMPLETE
209,0.43604325056076054,2025-04-21 05:26:58.822825,2025-04-21 05:27:08.196201,0 days 00:00:09.373376,0.19725266262172156,0.42861444113042485,16,0.07461283816579863,0.26405113505445205,0.09179487837112249,0.05729905593369618,0.002241166169776583,0.08985398511339669,0.0015516191757543707,26,34,0.05743398265278768,0.28517543543056056,False,False,False,1.1526113740803444e-06,COMPLETE
210,0.38874275088310245,2025-04-21 05:27:08.263065,2025-04-21 05:27:17.573205,0 days 00:00:09.310140,0.15918477818501564,0.4657611116916033,16,0.08419539463707226,0.010444721365162696,0.0893781207098478,0.08394863323101773,0.006304461626193839,0.07971310089382172,0.0012911809070778409,25,39,0.06405089405023223,0.28905701966339287,False,False,False,7.883208558396632e-07,COMPLETE
211,0.44404166936874395,2025-04-21 05:27:17.640437,2025-04-21 05:27:27.034870,0 days 00:00:09.394433,0.18261362228706574,0.07244351421954152,16,0.060679358887886684,0.2579008803924637,0.08577465536010981,0.08334035279539856,0.010068016782985998,0.0935282441066459,0.00017650951859611415,26,35,0.06784953518997462,0.29374843740994533,False,False,False,3.088031869863216e-07,COMPLETE
212,0.44232519865036013,2025-04-21 05:27:27.101864,2025-04-21 05:27:36.436896,0 days 00:00:09.335032,0.18283986055816848,0.07465349356872605,16,0.05726001447741963,0.25679241375687045,0.09997443089404955,0.08241472267379106,0.010907696273207845,0.09259622773556922,0.00016754359808118788,26,31,0.06775768975534692,0.2938158198454011,False,False,False,3.527972295370908e-06,COMPLETE
213,0.44269722104072573,2025-04-21 05:27:36.513426,2025-04-21 05:27:45.779226,0 days 00:00:09.265800,0.17931945683778416,0.0974848772971007,16,0.061757468173960724,0.2547261697412698,0.09755223815585802,0.08182437091481909,0.010623620031914595,0.0937523694485553,0.00015104500154070337,26,31,0.07124093770229137,0.2894098906995083,False,False,False,3.4450333874169555e-06,COMPLETE
214,0.44266398549079894,2025-04-21 05:27:45.846848,2025-04-21 05:27:55.182230,0 days 00:00:09.335382,0.13876457182820678,0.11409564519753322,16,0.057672758180561404,0.2554633418813784,0.09934744661969033,0.08337589636417272,0.01346169980113323,0.09600379520016591,0.00016317383428293429,26,30,0.0720945181748594,0.2832417714284516,False,False,False,3.706125297987872e-06,COMPLETE
215,0.4392180979251862,2025-04-21 05:27:55.250414,2025-04-21 05:28:04.637638,0 days 00:00:09.387224,0.13828904574016668,0.5805162225970529,16,0.058752855848697175,0.2450887097881678,0.09947470868454879,0.08259385957801645,0.014860203432664336,0.09689776623607227,0.0001545902026358205,27,28,0.07008612850147693,0.2830968134466122,False,False,False,4.018554428758512e-06,COMPLETE
216,0.43931331038475036,2025-04-21 05:28:04.707221,2025-04-21 05:28:13.991175,0 days 00:00:09.283954,0.11271612535200903,0.09472252392432068,16,0.06090039082752866,0.2545992823422323,0.09926591629616943,0.08547585996227011,0.011974901009368336,0.09468384593572435,0.00012559375789940796,26,31,0.07418207215583043,0.27430479225906035,False,False,False,3.5471284428323754e-06,COMPLETE
217,0.30911362171173096,2025-04-21 05:28:14.059038,2025-04-21 05:28:24.090532,0 days 00:00:10.031494,0.15459392560548446,0.0319645679754181,16,0.06465992030939545,0.0869355238712449,0.0982607796455167,0.0834652749570742,0.013887369223143478,0.0960013346364208,0.0001785450062816448,27,148,0.07137628582494451,0.2806105721609877,False,False,False,2.9324460571346755e-06,COMPLETE
218,0.43863463401794434,2025-04-21 05:28:24.160139,2025-04-21 05:28:33.464962,0 days 00:00:09.304823,0.1882699703853956,0.08174050374039499,16,0.05384890905034284,0.24915357935788296,0.09537120962684391,0.08885602465544432,0.01743785922798986,0.09317985180061619,0.00011053776983326353,26,25,0.0721006502448668,0.28791098629438183,False,False,False,2.444008353627514e-06,COMPLETE
219,0.23157033622264864,2025-04-21 05:28:33.535905,2025-04-21 05:28:42.136398,0 days 00:00:08.600493,0.13319083884497382,0.12255912833384602,16,0.07021952311253646,0.23214123421261626,0.09461428264029788,0.08653520023370442,0.010820097658292458,0.09322855735418316,0.00014850587203002997,25,29,0.0681083062391113,0.2889501426106636,False,True,False,3.730382253019801e-06,COMPLETE
220,0.43171757459640503,2025-04-21 05:28:42.215707,2025-04-21 05:28:51.647339,0 days 00:00:09.431632,0.1647780776104831,0.1043515462206382,16,0.056816088020482054,0.25698473591238574,0.09733807671004381,0.08166605577427134,0.009885800880939884,0.09695945165438795,0.0001935793620911692,27,21,0.07716131710841331,0.27970359504792036,False,False,False,2.3350741584626993e-06,COMPLETE
221,0.4452212691307068,2025-04-21 05:28:51.716462,2025-04-21 05:29:00.915093,0 days 00:00:09.198631,0.18081200305126968,0.14683788594114844,16,0.0770979561723717,0.26108784143566816,0.0998695163142674,0.08564741355428442,0.012734490378775234,0.09801807904257448,0.00017299630198409427,25,35,0.0678970508380677,0.29990488412526634,False,False,False,3.2639202947725948e-06,COMPLETE
222,0.44318417310714725,2025-04-21 05:29:00.984932,2025-04-21 05:29:10.313211,0 days 00:00:09.328279,0.18866871856431847,0.14941013594958602,16,0.07665151947829457,0.25758476073016806,0.09947765389926537,0.085157128467832,0.012768532048192428,0.095069458082442,0.0002177586042957051,26,35,0.06809697069105096,0.29174302955485665,False,False,False,3.5969145768782264e-06,COMPLETE
223,0.44261958003044133,2025-04-21 05:29:10.383717,2025-04-21 05:29:19.584277,0 days 00:00:09.200560,0.15057113095848548,0.13742648839746163,16,0.07406679891087363,0.26063643944005344,0.09850917394623553,0.08487621265589759,0.013257886533920037,0.09905121953768724,0.0001372921288786877,25,35,0.06766057009319822,0.2929921024008337,False,False,False,3.250452705062679e-06,COMPLETE
224,0.44042074680328375,2025-04-21 05:29:19.655355,2025-04-21 05:29:28.841013,0 days 00:00:09.185658,0.14696193746326422,0.1532047588894338,16,0.07846915054731192,0.2613823767051397,0.09855807908018913,0.08474894420165657,0.015139046929078376,0.09832593175344244,0.00013126543647875007,24,35,0.06752689158288216,0.28773852451058524,False,False,False,3.035886289217328e-06,COMPLETE
