number,value,datetime_start,datetime_complete,duration,params_alpha-eval,params_alpha-train,params_batch-size,params_eps-eval,params_eps-train,params_lambda-actions-eval,params_lambda-actions-train,params_lambda-frames-eval,params_lambda-frames-train,params_learning-rate,params_n-epochs,params_n-frames,params_radius-gw,params_rho,params_std-feats,params_ub-actions,params_ub-frames,params_weight-decay,state
681,0.42801866531372074,2025-04-08 04:57:27.344372,2025-04-08 04:57:35.531911,0 days 00:00:08.187539,0.24573634378777287,0.447456167912194,16,0.00046047865574365323,0.2512923780105893,0.05142972096344258,0.010237221708068355,0.09159022819530131,0.08677323401397616,3.36556157628315e-05,22,74,0.09263081935243084,0.08109776421943377,False,False,True,0.0001355728313265078,COMPLETE
682,0.09055355936288834,2025-04-08 04:57:35.741642,2025-04-08 04:57:44.011779,0 days 00:00:08.270137,0.239925368381626,0.3631456817628608,16,0.09643425992367038,0.2604604969236781,0.055758917812047,0.011828097744214072,0.0892144803408831,0.08433888578424717,6.226345338961604e-05,23,85,0.09444327603863534,0.09426981008948594,False,False,True,0.0001430368958245464,COMPLETE
683,0.443416303396225,2025-04-08 04:57:44.237167,2025-04-08 04:57:52.682882,0 days 00:00:08.445715,0.2253716136343008,0.4786756054813667,16,0.009092785341432727,0.24772881858895093,0.04780482019005572,0.01572627793624853,0.09266819676514149,0.08081876504396546,7.57385696620398e-05,24,79,0.09204160578469595,0.10180161594203818,False,False,True,0.00016044471329027375,COMPLETE
684,0.4467813193798066,2025-04-08 04:57:52.892831,2025-04-08 04:58:01.350275,0 days 00:00:08.457444,0.19916609124783663,0.46543515728354234,16,0.0061989092155269486,0.25364848791267924,0.04983324775262847,0.009535985909293034,0.09118543910937316,0.08571714479592348,7.03421265165237e-05,23,86,0.09479999139587592,0.09242419519374144,False,False,True,0.0001218352025611359,COMPLETE
685,0.4417650163173676,2025-04-08 04:58:01.574674,2025-04-08 04:58:09.839573,0 days 00:00:08.264899,0.22780024501058832,0.4501640540113937,16,0.0068700877735672445,0.2588998102468679,0.05016956982156579,0.009763125665367923,0.08706339625829414,0.08552360634151684,7.220914801591955e-05,22,84,0.08963705626104375,0.08493498547102848,False,False,True,7.96225079604347e-05,COMPLETE
686,0.44748789668083194,2025-04-08 04:58:10.051704,2025-04-08 04:58:18.380289,0 days 00:00:08.328585,0.20901668665687165,0.4983013463944913,16,0.00926441177986506,0.26563923938428274,0.048652802636965135,0.012547712856687893,0.09044546428712744,0.08715375259035929,5.105245201887466e-05,23,78,0.09481354632430221,0.09076832966313844,False,False,True,7.567816122994123e-05,COMPLETE
687,0.439794647693634,2025-04-08 04:58:18.603082,2025-04-08 04:58:26.804760,0 days 00:00:08.201678,0.20834957152218087,0.4991156160800782,16,0.010652724987021175,0.2551410942354763,0.044689222776135726,0.013806535246126416,0.08836269310512883,0.08856779027703421,3.94637191042519e-05,22,76,0.09513311381887617,0.08028629287609346,False,False,True,7.657533559243754e-05,COMPLETE
688,0.44531826376914985,2025-04-08 04:58:27.028745,2025-04-08 04:58:35.305218,0 days 00:00:08.276473,0.2006997846801381,0.5298173434291251,16,0.009551026884565172,0.2674883270832305,0.04750503739790125,0.01296239425033951,0.08972249885322015,0.0866027580075385,4.780623785193633e-05,23,72,0.09206915166074695,0.08939617145113875,False,False,True,6.690030950911403e-05,COMPLETE
689,0.42352253198623663,2025-04-08 04:58:35.517202,2025-04-08 04:58:43.843903,0 days 00:00:08.326701,0.20216535156843118,0.5464612044464778,16,0.011145167841853,0.2741883128853987,0.04707737825447799,0.012346903187140771,0.08832076235804671,0.08734424821478033,4.402071979415746e-05,23,70,0.08999139626281084,0.07617062270569203,False,False,True,6.511008336548999e-05,COMPLETE
690,0.4446568369865418,2025-04-08 04:58:44.068441,2025-04-08 04:58:52.364547,0 days 00:00:08.296106,0.19861510897522283,0.5203141163137551,16,0.010335700351403153,0.27011338202584384,0.04976948193973674,0.012133787304026644,0.08668719181122647,0.08857549735212758,4.883136369603432e-05,23,73,0.09282455458896319,0.08724725086668551,False,False,True,4.938984130898535e-05,COMPLETE
691,0.44291662573814394,2025-04-08 04:58:52.576706,2025-04-08 04:59:00.959689,0 days 00:00:08.382983,0.2027366448000059,0.5279257452518952,16,0.01459124256545808,0.2762661739742557,0.04531222118374445,0.009512558685331433,0.08934547931685469,0.08656571544281608,7.331039303533278e-05,23,75,0.09146937481536453,0.08909388782784647,False,False,True,7.542003989184924e-05,COMPLETE
692,0.4384886205196381,2025-04-08 04:59:01.185005,2025-04-08 04:59:09.482693,0 days 00:00:08.297688,0.19902964817074328,0.495495781667391,16,0.007844499772626037,0.2640107385135877,0.04317141329140911,0.009085095299557193,0.08621528447504581,0.08685290447167981,2.808720861795093e-05,23,77,0.0919512218843829,0.08342553747085418,False,False,True,9.53254307463382e-05,COMPLETE
693,0.44253823757171634,2025-04-08 04:59:09.695427,2025-04-08 04:59:18.191668,0 days 00:00:08.496241,0.18924936134485584,0.5103722298037243,16,0.013760588280063202,0.2666412936583561,0.04850633319413471,0.011589757434183862,0.0891516408365125,0.09019490943511868,4.006517394398489e-05,24,72,0.09561676891082244,0.07485019585112773,False,False,True,5.7323076921995086e-05,COMPLETE
694,0.44338299632072453,2025-04-08 04:59:18.415024,2025-04-08 04:59:26.849435,0 days 00:00:08.434411,0.2084685318439942,0.4288953837122222,16,0.007150439855564762,0.2530223396399735,0.04066625376951798,0.013195919985239942,0.09078524170606925,0.08938404199866273,3.6089157467642915e-05,23,82,0.09506433417536025,0.09074443288219808,False,False,True,6.439359315803658e-05,COMPLETE
695,0.10673908144235611,2025-04-08 04:59:27.064082,2025-04-08 04:59:35.328779,0 days 00:00:08.264697,0.18905665433279545,0.4036671774460632,16,0.28364065130329164,0.2672574300471784,0.053211493203166746,0.008600430395189191,0.09085977624105035,0.08448596546283099,6.800252698155567e-05,24,67,0.0385427065887152,0.09293727349480825,False,False,True,9.872239384019606e-05,COMPLETE
696,0.4278070867061615,2025-04-08 04:59:35.553570,2025-04-08 04:59:43.543876,0 days 00:00:07.990306,0.21080148296290385,0.46312641494317897,16,0.017286557554364146,0.24826600176228375,0.049918044794745105,0.010630070784182127,0.08796864121563634,0.08752203260531673,5.0977778561809786e-05,22,21,0.09510819932540054,0.08704575466802439,False,False,True,6.363471623063897e-05,COMPLETE
697,0.3619904935359955,2025-04-08 04:59:43.770715,2025-04-08 04:59:52.104989,0 days 00:00:08.334274,0.18956575351077842,0.5331584724812601,16,0.010279841192228457,0.2555911671209002,0.04804783429374325,0.01607395567076696,0.09052650681487825,0.08296770174096799,7.142134381674534e-05,23,78,0.016193252935925495,0.07967049800520815,False,False,True,9.073989973979581e-05,COMPLETE
698,0.09955141097307206,2025-04-08 04:59:52.317539,2025-04-08 05:00:00.516224,0 days 00:00:08.198685,0.20947872443950882,0.431965827062047,16,0.015626222714941074,0.26617103191762165,0.04497450270402009,0.00891304835555045,0.053450386317261574,0.08611695648133459,7.154600255141575e-05,22,70,0.08894998567487067,0.09126416761738726,False,True,True,0.00011054291998482085,COMPLETE
699,0.4442749977111817,2025-04-08 05:00:00.743107,2025-04-08 05:00:09.215575,0 days 00:00:08.472468,0.2304802610204281,0.3903948494265013,16,0.008389120232467732,0.24823971843630208,0.047261764570612694,0.09961525440104568,0.0902051611917222,0.09087974923250383,4.6520996931772054e-05,24,81,0.09281363630982115,0.09355112881807322,False,False,True,0.00016026172072401877,COMPLETE
700,0.44551986455917364,2025-04-08 05:00:09.430985,2025-04-08 05:00:17.800133,0 days 00:00:08.369148,0.18652089108116351,0.47407866488278366,16,0.005710965486299662,0.27411022456167194,0.05371255752523447,0.011581488447710807,0.0914394746395126,0.0840320726856605,5.928852919944143e-05,23,85,0.09556605980300585,0.08413312997192546,False,False,True,8.956284278312239e-05,COMPLETE
701,0.4439619481563568,2025-04-08 05:00:18.029052,2025-04-08 05:00:26.357319,0 days 00:00:08.328267,0.1874739599129859,0.4707277698930024,16,0.004541984514128725,0.281582992999768,0.05302533684897661,0.013459855714100336,0.08831450645746489,0.08364930843994953,5.597072251104443e-05,23,81,0.090814839765156,0.07483242244415766,False,False,True,7.453427244528e-05,COMPLETE
702,0.4434185385704041,2025-04-08 05:00:26.572269,2025-04-08 05:00:34.877294,0 days 00:00:08.305025,0.2084776967380471,0.4935237349908558,16,0.006218677365306017,0.2854303855832001,0.054003041642316264,0.015831886869916545,0.09005672496316539,0.08512572894908828,6.064295496016256e-05,22,75,0.09307104705851288,0.07080288928770856,False,False,True,5.267726095468989e-05,COMPLETE
703,0.44268827438354497,2025-04-08 05:00:35.103622,2025-04-08 05:00:43.585474,0 days 00:00:08.481852,0.18615910197986418,0.469628816228277,16,0.005710022498667797,0.2760468364414597,0.04942499017939841,0.011409658565988013,0.0872631843890476,0.0824123956748006,3.4710817051516584e-05,23,83,0.09529470776027914,0.08472345485976021,False,False,True,9.145999686401552e-05,COMPLETE
704,0.4433439373970032,2025-04-08 05:00:43.816543,2025-04-08 05:00:52.279471,0 days 00:00:08.462928,0.23173247461305846,0.509736436607673,16,0.010638074590489583,0.27403613666961985,0.057350285080280415,0.06118876056752329,0.09106329225075346,0.08577738500423712,4.485070778825883e-05,24,86,0.093913557323575,0.0806417955608548,False,False,True,6.583192508534333e-05,COMPLETE
705,0.4307405829429627,2025-04-08 05:00:52.495333,2025-04-08 05:01:00.930924,0 days 00:00:08.435591,0.2587082198903353,0.41799720880631663,16,0.00024073458632685294,0.27997153309984535,0.0522072572825225,0.012307147919510675,0.08628620224208593,0.08261321919182033,5.18573036422021e-05,24,80,0.0894511959275059,0.08140709720386652,False,False,True,0.00010684688592374409,COMPLETE
706,0.44400663971900944,2025-04-08 05:01:01.159178,2025-04-08 05:01:09.448399,0 days 00:00:08.289221,0.19904893765639933,0.48697252349554115,16,0.017695531392352203,0.27111232841472543,0.05425190435311925,0.014105240232682708,0.09120198907387472,0.08805370551875757,6.740503063542848e-05,22,85,0.09566242903228656,0.08572802177949143,False,False,True,9.308693598247905e-05,COMPLETE
707,0.4425637722015381,2025-04-08 05:01:09.664125,2025-04-08 05:01:17.978863,0 days 00:00:08.314738,0.1811821178957477,0.4463744215853194,16,0.011714889775332015,0.2681311036588365,0.058526133127214594,0.010090191231311102,0.08900238297310478,0.08428371260985917,7.44399493093208e-05,23,73,0.09144399812371107,0.09005924698119953,False,False,True,0.00011843466813234044,COMPLETE
708,0.43826036453247075,2025-04-08 05:01:18.209697,2025-04-08 05:01:26.770414,0 days 00:00:08.560717,0.21993937358961396,0.413375200599818,16,0.005758497201975398,0.2737548809532946,0.04899981819988093,0.01100010401703027,0.09159759888680072,0.08200108545218344,5.908836931739894e-05,25,78,0.09550457481875435,0.07027502121624538,False,False,True,8.009874197869084e-05,COMPLETE
709,0.12370853126049042,2025-04-08 05:01:26.988928,2025-04-08 05:01:35.084677,0 days 00:00:08.095749,0.18567042049100907,0.45891070157643016,16,0.16174084546435474,0.29096402652368886,0.051600318797216035,0.013123134478377483,0.0918182087728351,0.08668613759548795,8.141345464407758e-05,21,66,0.09316754043250407,0.09462741685146929,False,False,True,0.00014631692326409776,COMPLETE
710,0.13645913898944856,2025-04-08 05:01:35.312738,2025-04-08 05:01:43.582389,0 days 00:00:08.269651,0.8014759507990665,0.432601699545942,16,0.17370022118891187,0.28408139216369127,0.05681611250188989,0.008830565978931115,0.09254597929643567,0.0841687916564127,3.0571140196633304e-05,22,87,0.09609935086301959,0.07728643445358846,False,False,True,0.0001040418196070774,COMPLETE
711,0.4431879460811615,2025-04-08 05:01:43.813326,2025-04-08 05:01:52.094262,0 days 00:00:08.280936,0.2092746393078258,0.4876643089807,16,0.00014684756821633707,0.26343987907191685,0.059555720538686796,0.015766796685322253,0.08888458360650192,0.0884224553694369,4.5394776409070756e-05,23,83,0.09187247944137143,0.08796203791571575,False,False,True,5.649819393021763e-05,COMPLETE
712,0.25963945388793946,2025-04-08 05:01:52.313666,2025-04-08 05:02:00.540999,0 days 00:00:08.227333,0.1748801602670019,0.3863751573790975,16,0.019731997437331446,0.0450447077443088,0.0549203023436068,0.007753467184534133,0.0922100199844228,0.08059602965884072,5.262385134866191e-05,24,43,0.0945775577018658,0.09283066887217374,False,False,True,0.00017123888640625248,COMPLETE
713,0.4185297071933747,2025-04-08 05:02:00.772626,2025-04-08 05:02:08.644978,0 days 00:00:07.872352,0.1965893753716103,0.3625176427034203,16,0.014257478443335886,0.24320377003923382,0.05825649018800191,0.01056571836559027,0.08985245027735195,0.08583744643029387,4.0229647250628254e-05,22,10,0.09638882813756512,0.08500070595246251,False,False,True,0.00011677210103640713,COMPLETE
714,0.4288169920444489,2025-04-08 05:02:08.865264,2025-04-08 05:02:17.011672,0 days 00:00:08.146408,0.2395384782175685,0.5108829088955825,16,0.010339000066372556,0.24032571947564466,0.06050368822279661,0.012539360533652493,0.09262862233807818,0.083745995769469,6.259284824324451e-05,21,86,0.05119375395255257,0.09655987909767401,False,False,True,0.0001503583276436241,COMPLETE
715,0.4434901535511017,2025-04-08 05:02:17.242130,2025-04-08 05:02:25.595416,0 days 00:00:08.353286,0.17171006819037035,0.5542384769974145,16,0.005699218608077838,0.2767233712593237,0.053811820787069024,0.008432871506732212,0.0900250829327564,0.0813682002292384,8.307294684650095e-05,23,76,0.09435319926736373,0.0999394942904209,False,False,True,7.209682795044438e-05,COMPLETE
716,0.44554128050804137,2025-04-08 05:02:25.815038,2025-04-08 05:02:34.229444,0 days 00:00:08.414406,0.22588506260033056,0.4673977099661672,16,0.02018344202553817,0.2590256677157042,0.05068213439721073,0.014304961124808044,0.08709849558114524,0.08824876832269292,6.380905193330096e-05,24,81,0.09607170606875506,0.08930781283084827,False,False,True,9.055857610835615e-05,COMPLETE
717,0.4092069685459137,2025-04-08 05:02:34.460473,2025-04-08 05:02:42.704674,0 days 00:00:08.244201,0.2628700613405083,0.46313437252642997,16,0.025506181559039175,0.2693331276811568,0.05033616055566036,0.016409067524096536,0.08523583972434684,0.08817374787260356,6.706883600957926e-05,22,79,0.0909954925471246,0.0805408520763494,False,False,True,5.3803858891649974e-05,COMPLETE
718,0.09055355936288834,2025-04-08 05:02:42.941277,2025-04-08 05:02:51.333557,0 days 00:00:08.392280,0.23132412791748286,0.44406519935262073,16,0.01993449077264245,0.26158876139207565,0.04584203911437244,0.014276645627026883,0.08772261374042321,0.08868203587482047,5.2889995909374196e-05,24,82,0.09364292047834269,0.07580367670512274,False,True,True,8.19201168520106e-05,COMPLETE
719,0.32639228701591494,2025-04-08 05:02:51.552739,2025-04-08 05:03:00.023979,0 days 00:00:08.471240,0.25404734514737737,0.4813138539960281,16,0.031076955434531976,0.2608967034475388,0.04883113341806105,0.014511690944312596,0.08681970762888279,0.08659719889403836,6.111365652576315e-05,23,77,0.08932981723764191,0.08481254962246357,False,False,True,8.895736841474622e-05,COMPLETE
720,0.4427107751369477,2025-04-08 05:03:00.258521,2025-04-08 05:03:08.406946,0 days 00:00:08.148425,0.22231071222749707,0.43112961794511656,16,0.021242461523748167,0.26717945724221076,0.04751676223063607,0.012439854250124525,0.08698252398371996,0.09013322080763704,8.03086281793748e-05,21,83,0.09624327958153113,0.08978961505026144,False,False,True,6.994360637593975e-05,COMPLETE
721,0.4136319696903229,2025-04-08 05:03:08.627731,2025-04-08 05:03:16.989599,0 days 00:00:08.361868,0.21604918270776227,0.520561835814694,16,0.01547044775606109,0.2536333882244852,0.05074369284410308,0.015741503975552074,0.03631424675178344,0.08527643433997197,4.9494175420753374e-05,22,80,0.04664662171224546,0.09073364857389235,False,False,True,0.00010748671796123659,COMPLETE
722,0.4117318153381348,2025-04-08 05:03:17.225001,2025-04-08 05:03:25.639423,0 days 00:00:08.414422,0.23663959395421472,0.4696195705987536,16,0.024947145532799815,0.25620706757766487,0.052798611382156885,0.011321813044816675,0.08554562451629619,0.08888509370584807,6.787653051684601e-05,23,85,0.09300833935809705,0.0811270685764382,False,False,True,8.740899333843302e-05,COMPLETE
723,0.4447859525680542,2025-04-08 05:03:25.861329,2025-04-08 05:03:34.360076,0 days 00:00:08.498747,0.20230667063845392,0.41089418025511615,16,0.017278551077325097,0.2630580501946311,0.04631361425071692,0.021076293577750413,0.08984950541796134,0.08323822016820867,3.582458278347005e-05,24,81,0.0960193748319346,0.0957022633564392,False,False,True,0.00012628871734750405,COMPLETE
724,0.4404430747032166,2025-04-08 05:03:34.592884,2025-04-08 05:03:42.755712,0 days 00:00:08.162828,0.2416474127205334,0.43922989824585146,16,0.007061936883877531,0.2568825711739281,0.05661758777420983,0.013910459299052304,0.08814858485436422,0.0870559160331405,4.681521196834276e-05,21,86,0.09451231271710604,0.08718361874949825,False,False,True,6.079514322302361e-05,COMPLETE
725,0.4485324382781982,2025-04-08 05:03:42.991602,2025-04-08 05:03:51.305543,0 days 00:00:08.313941,0.20888808056112343,0.4958903286948866,16,0.011219823885264968,0.2730152644931895,0.05476513301957983,0.010331390785300818,0.09038578358917743,0.0900791013765929,7.57648557174508e-05,22,74,0.09206478443715138,0.06786103698007,False,False,True,4.692097349144167e-05,COMPLETE
726,0.39201010465621955,2025-04-08 05:03:51.530334,2025-04-08 05:03:59.851892,0 days 00:00:08.321558,0.21743814429239777,0.4997174180844249,16,0.022499772709464884,0.2795394675104986,0.05249219523089259,0.011748809657055742,0.08882162565806609,0.09033679217833288,5.958329875240561e-05,23,78,0.08803190640053112,0.06822871495175178,False,False,True,5.7898173819825355e-05,COMPLETE
727,0.43091464638710025,2025-04-08 05:04:00.088570,2025-04-08 05:04:08.405206,0 days 00:00:08.316636,0.2555561271298874,0.5231680788383807,16,0.014576690474145624,0.2733392658642402,0.05509126172947979,0.010937199143353442,0.08991496820934247,0.08617243719128358,4.181432794742564e-05,22,88,0.09047343826513998,0.07095329343377862,False,False,True,7.20230479423729e-05,COMPLETE
728,0.2826080918312073,2025-04-08 05:04:08.629496,2025-04-08 05:04:17.138530,0 days 00:00:08.509034,0.20300371733610725,0.48995938028843466,16,0.028852196856470832,0.27366385742299015,0.05476211660026064,0.013415834292581082,0.08718873095860263,0.08830279284411122,7.475402540067575e-05,25,83,0.09173555001467626,0.07545408906496726,False,False,True,8.426327261603118e-05,COMPLETE
729,0.43494150638580326,2025-04-08 05:04:17.374025,2025-04-08 05:04:25.728755,0 days 00:00:08.354730,0.2216416687239843,0.46446064727962594,16,0.018936644983041463,0.28546347966419416,0.05110238718360591,0.009815466335506633,0.08484773647862663,0.08457417801704618,5.591026087985364e-05,23,71,0.08896507410394823,0.06610173905708981,False,False,True,0.00010022271107937091,COMPLETE
730,0.35545839667320256,2025-04-08 05:04:25.966202,2025-04-08 05:04:34.324203,0 days 00:00:08.358001,0.9982737427050135,0.5345402066498155,16,0.010894523668471367,0.2694637871718814,0.05856053643981594,0.01571043706742939,0.09150753063122762,0.08187996359338304,8.292442154129321e-05,23,88,0.09191521947046503,0.06411552383154544,False,False,True,5.8344035078281875e-05,COMPLETE
731,0.44333847761154177,2025-04-08 05:04:34.548881,2025-04-08 05:04:42.807252,0 days 00:00:08.258371,0.19927191797379865,0.5023809385269183,16,0.005611834259040193,0.2809846469244113,0.0574582829780131,0.009391803877559187,0.09029124310729622,0.08972635021983852,5.470767786921224e-05,22,84,0.09282585440314318,0.07947046217679628,False,False,True,4.3381425790661745e-05,COMPLETE
732,0.22908859848976135,2025-04-08 05:04:43.044452,2025-04-08 05:04:51.500818,0 days 00:00:08.456366,0.22919229281537287,0.48442550374638094,16,0.059514714237293695,0.267311748265544,0.05308548086753664,0.01226403819361819,0.09198856279160282,0.08731149972137256,6.709352036890811e-05,24,74,0.09092148589844244,0.07127895433727185,False,False,True,7.005208300043988e-05,COMPLETE
733,0.441914963722229,2025-04-08 05:04:51.726536,2025-04-08 05:04:59.994076,0 days 00:00:08.267540,0.18914258283877802,0.4522824763326658,16,0.01464543355437305,0.2760488163950495,0.04857824084626621,0.010073227372501391,0.08778476151084985,0.07979660781376824,4.041558290385721e-05,22,80,0.09401840596431277,0.08298444751065061,False,False,True,0.00011737101446560624,COMPLETE
734,0.43782042860984804,2025-04-08 05:05:00.232933,2025-04-08 05:05:08.616583,0 days 00:00:08.383650,0.24315054027778532,0.4094807997600178,16,0.023088901389217778,0.2658574476473837,0.056433739672387136,0.014056550204449255,0.08954198902439774,0.08334687005956734,6.847792696668669e-05,23,88,0.09550225738470466,0.09160683830457597,False,False,True,0.00014144444456997188,COMPLETE
735,0.44542461633682257,2025-04-08 05:05:08.858333,2025-04-08 05:05:17.094717,0 days 00:00:08.236384,0.2118999670420709,0.47292620906680904,16,0.005551029769446204,0.2723805560346216,0.060027638485147874,0.011504957570015583,0.09225298135633196,0.08584125203511343,8.127903677121997e-05,22,77,0.09276033642855658,0.08553034029202601,False,False,True,9.870681132599272e-05,COMPLETE
736,0.24609335064888005,2025-04-08 05:05:17.321881,2025-04-08 05:05:25.542891,0 days 00:00:08.221010,0.22653886843978355,0.4627046300611935,16,0.004476634881127168,0.029021689165255757,0.06117083236475221,0.008324036192553855,0.09239447437154699,0.084188567493407,8.361277258333826e-05,22,77,0.0961757261360953,0.07875156245906521,False,False,True,0.00010261973819005632,COMPLETE
