number,value,datetime_start,datetime_complete,duration,params_alpha-eval,params_alpha-train,params_batch-size,params_eps-eval,params_eps-train,params_lambda-actions-eval,params_lambda-actions-train,params_lambda-frames-eval,params_lambda-frames-train,params_learning-rate,params_n-epochs,params_n-frames,params_radius-gw,params_rho,params_std-feats,params_ub-actions,params_ub-frames,params_weight-decay,state
113,0.4299848198890686,2025-04-08 03:14:53.613992,2025-04-08 03:15:03.948096,0 days 00:00:10.334104,0.7414305857624199,0.10234202781766939,2,0.030219351100164854,0.27900058572342384,0.0257805917415175,0.03847586465887849,0.09779245984518202,0.018791057406321254,0.005197484966144466,5,116,0.09288782331357132,0.18057783700912744,True,False,False,1.1480468017491876e-06,COMPLETE
114,0.4304289221763611,2025-04-08 03:15:03.985938,2025-04-08 03:15:14.304947,0 days 00:00:10.319009,0.7443213580437423,0.03577099753833898,2,0.029185178212042955,0.2794117360108053,0.02032012077416836,0.037730404321570335,0.09689277099331378,0.026791953983531607,0.004799698318350707,5,127,0.0916825853119393,0.17866227860646966,True,False,False,1.15580688351006e-06,COMPLETE
115,0.4351513862609864,2025-04-08 03:15:14.342794,2025-04-08 03:15:24.956327,0 days 00:00:10.613533,0.06923308799049999,0.08804076892010604,2,0.031053592533918286,0.2794741262258314,0.02590309905597454,0.03783181655929689,0.043061737091145504,0.03337317404635005,0.005558064720355081,5,137,0.09271505141239272,0.1868756586773474,True,False,False,1.3256915467819032e-06,COMPLETE
116,0.4278300166130066,2025-04-08 03:15:24.996443,2025-04-08 03:15:35.598972,0 days 00:00:10.602529,0.06312805143254761,0.03263996420074943,2,0.04305134285725976,0.2593194587544082,0.025074589373594244,0.03769215395331747,0.042933179656749615,0.027917967530025956,0.006042994145027161,5,137,0.09222161971118428,0.18402931171901168,True,False,False,1.0465424803265598e-06,COMPLETE
117,0.4316395163536072,2025-04-08 03:15:35.637597,2025-04-08 03:15:46.224395,0 days 00:00:10.586798,0.12569022391054152,0.09072154850220705,2,0.04781750599814669,0.2822826159018521,0.020041590368441244,0.0338828273162198,0.09712971390762751,0.024250433353877426,0.00380465403066198,5,146,0.09158288465732625,0.17538236668012386,True,False,False,1.5219999466046856e-06,COMPLETE
118,0.4298222601413727,2025-04-08 03:15:46.263788,2025-04-08 03:15:58.138545,0 days 00:00:11.874757,0.12674866194290205,0.08306588688468994,2,0.047782840831728866,0.2711995842872014,0.021379736604519417,0.03464424891169848,0.03830980233298755,0.034295048179867935,0.0033293508872735827,7,146,0.08713391569484095,0.19468867081294458,True,False,False,1.6513693968138512e-06,COMPLETE
119,0.23025020956993106,2025-04-08 03:15:58.178127,2025-04-08 03:16:07.693104,0 days 00:00:09.514977,0.07722239678026449,0.055408758713632045,2,0.0601339901314224,0.29814941617565255,0.02005055191843467,0.033251884751757645,0.0980729099724788,0.03242353837841738,0.009847094629293843,6,12,0.09109929593710608,0.17600155785408958,True,False,True,7.433421389503955e-07,COMPLETE
120,0.42582668066024787,2025-04-08 03:16:07.732509,2025-04-08 03:16:18.300866,0 days 00:00:10.568357,0.07115607005174829,0.012603082613896435,2,0.053013893183308146,0.2528218332078159,0.030548471931049766,0.04174801840623514,0.09239017610048039,0.027583240810243628,0.0021928020385353084,5,139,0.09466616162946462,0.20051494776513198,True,False,False,1.955600898620446e-06,COMPLETE
121,0.417787766456604,2025-04-08 03:16:18.340774,2025-04-08 03:16:29.460493,0 days 00:00:11.119719,0.012083330178862858,0.10261034223480418,2,0.0382988640122959,0.28214809575793737,0.02607953691277437,0.0377594259265516,0.09955844128281557,0.03656672516053934,0.00468453425695228,6,133,0.09309241634398031,0.17240122495260043,True,False,False,1.4871817803511372e-06,COMPLETE
122,0.43133990764617924,2025-04-08 03:16:29.500159,2025-04-08 03:16:40.042936,0 days 00:00:10.542777,0.16497670432735578,0.1175949588863703,2,0.025770808778565066,0.2789866634841051,0.023719988784416397,0.0461301993865387,0.0964863044125785,0.024434260473074985,0.0047014621340863896,5,127,0.09747630420072746,0.18346896415628783,True,False,False,1.323795597402266e-06,COMPLETE
123,0.42991723418235783,2025-04-08 03:16:40.092382,2025-04-08 03:16:50.624046,0 days 00:00:10.531664,0.16196100941771005,0.12150664305367193,2,0.013715809594299674,0.2649243899763074,0.02342785574847887,0.0292015907154171,0.09649481505811454,0.023958151344369613,0.003886856898847058,5,137,0.09737186712351503,0.18958899032826926,True,False,False,2.578771791344499e-06,COMPLETE
124,0.42903109788894656,2025-04-08 03:16:50.664678,2025-04-08 03:17:01.855599,0 days 00:00:11.190921,0.202314051473173,0.0707542557838983,2,0.02959032699557965,0.2759511951737207,0.018009902724881247,0.046540033221723405,0.09460446057152913,0.029991470442890106,0.0007933422241830915,6,126,0.09621164021649596,0.1611504188520601,True,False,False,4.538488229055742e-06,COMPLETE
125,0.43220947384834296,2025-04-08 03:17:01.897131,2025-04-08 03:17:13.696175,0 days 00:00:11.799044,0.1241369539944536,0.04392712709144876,2,0.03648696839758301,0.2857593889743373,0.013079086861377006,0.04503365003291592,0.09127337220761081,0.022304600858544348,0.008286980350047827,7,128,0.0841820850212442,0.1692204186869079,True,False,False,1.3053887278405427e-06,COMPLETE
126,0.4307190299034119,2025-04-08 03:17:13.739239,2025-04-08 03:17:25.460638,0 days 00:00:11.721399,0.16729505063070554,0.037140734808671506,2,0.022542187559386938,0.28214308240304836,0.01279794673096269,0.040266343589382886,0.09072447962780418,0.02568285510052235,0.013950565653506625,7,129,0.08544341394044737,0.16887651357106243,True,False,False,1.4037916830702254e-06,COMPLETE
127,0.4318373084068298,2025-04-08 03:17:25.502276,2025-04-08 03:17:37.886489,0 days 00:00:12.384213,0.15251079717992344,0.0875880960870086,2,0.022962229510171354,0.2864864794909406,0.013560645758261455,0.040629869980694254,0.09171409551077389,0.0217354572041559,0.014540389325692078,8,129,0.08382739457308358,0.1687830341654013,True,False,False,1.3004309921299046e-06,COMPLETE
128,0.3813105940818787,2025-04-08 03:17:37.928117,2025-04-08 03:17:50.562132,0 days 00:00:12.634015,0.15451141921573572,0.08623217728715574,2,0.1876865673692138,0.2871383310163926,0.011994709474340308,0.040166207214251536,0.08417630428855126,0.021890403504676487,0.015523550081184792,8,150,0.08337703183640167,0.16876751595371786,True,False,False,3.831181540222816e-06,COMPLETE
129,0.43756524920463563,2025-04-08 03:17:50.604471,2025-04-08 03:18:02.355332,0 days 00:00:11.750861,0.12980080628637158,0.05579324226828021,2,0.01915841168915545,0.2938015131741368,0.00875316445392792,0.04527507179946556,0.0909554700015852,0.025053061065005013,0.008459318585586422,7,134,0.07783155576559153,0.15122368094666402,True,False,False,3.2215545287759135e-06,COMPLETE
130,0.43291702270507815,2025-04-08 03:18:02.398947,2025-04-08 03:18:14.917980,0 days 00:00:12.519033,0.23744693644805526,0.05963355289806822,2,0.008305390547154207,0.29616645634354083,0.0092391893435371,0.0448708751411448,0.09198265753539585,0.02516007556345223,0.008501180924771761,8,143,0.07804241350380688,0.1485527975806811,True,False,False,2.1466887704860257e-06,COMPLETE
131,0.4294111013412476,2025-04-08 03:18:14.961164,2025-04-08 03:18:27.409822,0 days 00:00:12.448658,0.18058945787086877,0.052907215532628615,2,0.010002383060038172,0.29979392855459375,0.009347540343969408,0.044599943266282,0.09115130924569033,0.020628943903363475,0.013541422517291308,8,142,0.07765469389360749,0.14950261002343404,True,False,False,7.116165521041028e-06,COMPLETE
132,0.4316457033157349,2025-04-08 03:18:27.452970,2025-04-08 03:18:39.217264,0 days 00:00:11.764294,0.2504771882431456,0.06641064611815062,2,0.018442807167504575,0.29387529204519397,0.007489343412225979,0.040904821722238645,0.08880092810578236,0.025685778979892247,0.00784518987966263,7,145,0.07960817838633691,0.1537020829488306,True,False,False,1.8484189555307934e-06,COMPLETE
133,0.4299129366874695,2025-04-08 03:18:39.260635,2025-04-08 03:18:51.113773,0 days 00:00:11.853138,0.24902663742556475,0.08545691577392933,2,0.015826905855600454,0.2951355952784766,0.00640858299634816,0.04571465494435186,0.08829085927863292,0.03216854075634495,0.007918865209359369,7,147,0.07490490869380513,0.15488495099778793,True,False,False,3.3358397409508716e-06,COMPLETE
134,0.4270104587078095,2025-04-08 03:18:51.158019,2025-04-08 03:19:02.231766,0 days 00:00:11.073747,0.23826644403782757,0.12307372483443116,2,0.0075265961631552705,0.2877050099006754,0.010853604790127609,0.03552718510649375,0.08417623908311317,0.024757070935968534,0.009059500731728417,6,135,0.07945314478914807,0.15924504278744855,True,False,False,2.035564698679166e-06,COMPLETE
135,0.4344424366950989,2025-04-08 03:19:02.277703,2025-04-08 03:19:14.807501,0 days 00:00:12.529798,0.13234542893219575,0.07172333568183419,2,0.018415540372661365,0.29445884787416604,0.014923235713060276,0.04834005191957225,0.0934942686556918,0.029141129812433005,0.02074539189051306,8,139,0.07751927964652584,0.18632126664487217,True,False,False,2.4158064182213738e-06,COMPLETE
136,0.4300807893276215,2025-04-08 03:19:14.852148,2025-04-08 03:19:28.042355,0 days 00:00:13.190207,0.27773874957503253,0.06797136042038016,2,0.03326124102413372,0.2954885388244147,0.01558793185964632,0.04789725359081863,0.09470976182697333,0.029110737300144556,0.023725497461570204,9,144,0.07612753058257571,0.18583470453787146,True,False,False,2.6022644937335313e-06,COMPLETE
137,0.19881138801574708,2025-04-08 03:19:28.088866,2025-04-08 03:19:39.394642,0 days 00:00:11.305776,0.12715683347156398,0.1043197605976965,2,0.018927338116669246,0.2863308450085229,0.0038368869259918243,0.04213931110105602,0.08655350134148489,0.02406218735535909,0.020550691381627413,8,140,0.08198509423943791,0.15123221932902065,True,True,False,6.475471043982913e-06,COMPLETE
138,0.37799769043922427,2025-04-08 03:19:39.447756,2025-04-08 03:19:52.116410,0 days 00:00:12.668654,0.1942502079753825,0.05779612546669505,2,0.24998111475429036,0.2935408527842128,0.007907046953510945,0.049464396356328405,0.08854121052294593,0.022013695677584922,0.05154755880619161,8,139,0.07710632084320933,0.17550088016154736,True,False,False,3.348707002551338e-06,COMPLETE
139,0.43445224165916446,2025-04-08 03:19:52.161683,2025-04-08 03:20:06.023305,0 days 00:00:13.861622,0.21360741863751753,0.01217542942590405,2,0.04319353225367539,0.12679796302030572,0.014236984235669433,0.04384273636022154,0.09305510863842378,0.019614939760633554,0.0064111635768880305,10,147,0.07397004407167945,0.16532427234856284,True,False,False,2.090857443511653e-06,COMPLETE
140,0.21140711307525636,2025-04-08 03:20:06.068147,2025-04-08 03:20:19.217876,0 days 00:00:13.149729,0.22293604183250876,0.018963459143836486,2,0.04669764957001529,0.0933348441072592,0.010120378060507173,0.04320201634243722,0.04323971680284003,0.03101259023632822,0.007844335324933708,11,148,0.07287836443599288,0.13727635437988567,True,False,True,2.0901722999653197e-06,COMPLETE
141,0.4284971475601197,2025-04-08 03:20:19.265293,2025-04-08 03:20:33.113144,0 days 00:00:13.847851,0.14243202614531966,0.08875639485654196,2,0.040112215798152794,0.1918165221287226,0.014968100432615256,0.04582187570692263,0.09186395812500531,0.03673532083852043,0.006168763383671719,10,144,0.08342454157619462,0.19455744021741683,True,False,False,1.7845275432949806e-06,COMPLETE
142,0.4326939046382904,2025-04-08 03:20:33.159663,2025-04-08 03:20:46.370339,0 days 00:00:13.210676,0.2659483329542584,0.010671929961725127,2,0.02171164423997603,0.28966005395484906,0.01330636712275449,0.04113010817267722,0.09408491617035408,0.019135224358194522,0.011234960250104136,9,138,0.08091513102523516,0.16596459316885576,True,False,False,1.2562235462543799e-06,COMPLETE
143,0.4190161287784577,2025-04-08 03:20:46.416737,2025-04-08 03:21:00.268734,0 days 00:00:13.851997,0.32986138359856115,0.01396584361495742,2,0.019737324205343798,0.12817759948780205,0.013600568038997885,0.04067587648371164,0.09983331072742702,0.01902669422404928,0.010479722741950913,10,138,0.07769023634284915,0.1637017679798186,True,False,False,2.7380710199363874e-06,COMPLETE
144,0.4257787108421326,2025-04-08 03:21:00.315562,2025-04-08 03:21:13.493694,0 days 00:00:13.178132,0.2682876748310415,0.04713511231424386,2,0.01557050672894202,0.29028960620636296,0.006453650352994135,0.044262908093487825,0.032475147038810194,0.017791986136483147,0.01219517640455373,9,150,0.0807894468493191,0.14722588582734555,True,False,False,5.5895017211244455e-06,COMPLETE
145,0.4302912771701813,2025-04-08 03:21:13.540214,2025-04-08 03:21:28.074515,0 days 00:00:14.534301,0.2947103492106339,0.06723369902182455,2,0.035105238812274245,0.29804450958338385,0.012268833737428698,0.03355595642688006,0.09360568212485036,0.02025067346917509,0.017426593974161773,11,142,0.07882686483626342,0.14349573413623637,True,False,False,2.082377053177356e-06,COMPLETE
146,0.43153866529464724,2025-04-08 03:21:28.122211,2025-04-08 03:21:41.148863,0 days 00:00:13.026652,0.22256508715594794,0.0764701309534235,2,0.006047651903609463,0.2854933810624803,0.008544292238449762,0.036230668085438456,0.0901499437838026,0.028067848439048703,0.008639995693057786,9,135,0.07511056351279907,0.16691824491505233,True,False,False,1.2456580627918158e-06,COMPLETE
147,0.43233687877655036,2025-04-08 03:21:41.196968,2025-04-08 03:21:54.300963,0 days 00:00:13.103995,0.22593455257841782,0.03761322262816599,2,0.006585048546644991,0.2854653891039059,0.008685851060524708,0.03656277924388041,0.08494926789929319,0.027808994580577076,0.008862139569616062,9,134,0.07488419816602475,0.16617515206205916,True,False,False,4.557349951263631e-06,COMPLETE
148,0.09055355936288834,2025-04-08 03:21:54.349056,2025-04-08 03:22:07.362886,0 days 00:00:13.013830,0.23937979777137977,0.03035467735896779,2,0.0009878255393881569,0.2997346943254067,0.005186684444735214,0.039324211895825835,0.08473494633889118,0.022522081693586396,0.028469999797547902,9,146,0.07425637637430318,0.1584524534051744,True,False,False,4.581882991208202e-06,COMPLETE
149,0.4289922833442688,2025-04-08 03:22:07.411227,2025-04-08 03:22:19.798794,0 days 00:00:12.387567,0.18842367182493036,0.04827869774471667,2,0.012598170587304744,0.28742882096612316,0.014034110239412666,0.04811417595084633,0.0939915065184243,0.026243046916310228,0.007111383473250521,8,133,0.08200076360793017,0.18939211782267532,True,False,False,3.287946789676778e-06,COMPLETE
150,0.4307743489742279,2025-04-08 03:22:19.847517,2025-04-08 03:22:31.645768,0 days 00:00:11.798251,0.21512018509389316,0.01112473027962123,2,0.04426602017500834,0.29154937922918056,0.01699263006159021,0.04169242945064916,0.08805845211489578,0.02894232967146365,0.003851452341802952,7,130,0.07866379074293711,0.17606679774693848,True,False,False,4.1678675679594005e-06,COMPLETE
151,0.43526605367660526,2025-04-08 03:22:31.703716,2025-04-08 03:22:44.633736,0 days 00:00:12.930020,0.32031177113589876,0.07459215292756909,2,0.0051952007693891085,0.2834489376034482,0.0025619369703233858,0.03734815927751389,0.08996727928164043,0.027603114441078692,0.008831972173789497,9,135,0.07607052227483299,0.17115674644761678,True,False,False,1.2199445915925333e-06,COMPLETE
152,0.3811621189117432,2025-04-08 03:22:44.682849,2025-04-08 03:22:57.094963,0 days 00:00:12.412114,0.3153679054122498,0.03581908354848057,2,0.0075844680136909984,0.10928803596280932,0.002202702177784624,0.03647970161019245,0.09207540070585914,0.02604470711197735,0.005654829893698498,8,141,0.07121411911686987,0.17144091883190182,True,False,False,1.6346891256924323e-06,COMPLETE
153,0.4290342688560486,2025-04-08 03:22:57.143708,2025-04-08 03:23:08.978983,0 days 00:00:11.835275,0.2821246105317319,0.06553171259496797,2,0.08321366753379866,0.2752014054381886,0.01065161587254971,0.03202054020263787,0.08543645384675629,0.02243680043213578,0.01184161349764518,7,137,0.07632757473572646,0.16354262934245536,True,False,False,1.0151814585159402e-06,COMPLETE
154,0.39771768450737005,2025-04-08 03:23:09.028452,2025-04-08 03:23:22.770960,0 days 00:00:13.742508,0.11797561272906051,0.1014571396300033,2,0.1327446674344652,0.2840039362811944,0.006916353409916672,0.04364372917731249,0.08969439516334377,0.032891781247394024,0.009755107450777269,10,134,0.07305079059896918,0.15054709185817836,True,False,False,2.4429749958867065e-06,COMPLETE
155,0.4016734719276428,2025-04-08 03:23:22.820399,2025-04-08 03:23:35.947967,0 days 00:00:13.127568,0.35961554512922944,0.08445048068824444,2,0.019757971208499873,0.14451747370462692,0.0030617598165132614,0.03913665748418485,0.09555725473930352,0.030009325688801946,0.007338304082118766,9,144,0.06903713122311972,0.1542836338416465,True,False,False,1.693668302456852e-06,COMPLETE
156,0.4312619924545288,2025-04-08 03:23:35.998470,2025-04-08 03:23:47.778402,0 days 00:00:11.779932,0.25766438350760135,0.13903423667180217,2,0.023807189635369114,0.29184940698359135,0.009231497745569047,0.05052634609183426,0.08295400052960529,0.020613351893217877,0.01786868187774247,7,131,0.08394129078682008,0.179827944384605,True,False,False,6.493625503506689e-07,COMPLETE
157,0.4278563499450684,2025-04-08 03:23:47.831645,2025-04-08 03:24:00.990637,0 days 00:00:13.158992,0.18121199118512407,0.043956495133357025,2,0.03189094969729482,0.27128630984550656,0.011534418813482428,0.04135277739763215,0.08748563246853837,0.023570944716910427,0.014326984822832236,9,138,0.0804429230403457,0.17011925909519074,True,False,False,3.0613483756603753e-06,COMPLETE
158,0.4313095390796662,2025-04-08 03:24:01.042860,2025-04-08 03:24:13.547963,0 days 00:00:12.505103,0.13831715369241787,0.06117760124524013,2,0.013535446710730595,0.29403978824372495,0.01409042546566323,0.03440132593555079,0.09140376461950123,0.02627174669537635,0.006561319667064483,8,141,0.07858801351471906,0.2045371639430068,True,False,False,1.230210764098484e-06,COMPLETE
159,0.42706726193428046,2025-04-08 03:24:13.603377,2025-04-08 03:24:24.782098,0 days 00:00:11.178721,0.1028545833695286,0.09087655897078827,2,0.006896812529803337,0.2856417414116474,0.016712842067906075,0.047210181542613604,0.09375299871061447,0.01674875966805491,0.008202712092285715,6,135,0.0645366293830563,0.16432607386181497,True,False,False,5.56811383194603e-06,COMPLETE
160,0.22854361832141876,2025-04-08 03:24:24.832263,2025-04-08 03:24:35.116743,0 days 00:00:10.284480,0.22887985336643785,0.02497292730912281,2,0.02697037281560304,0.2024764761674358,0.005243558772594468,0.02935159258066508,0.09761642096326484,0.038719622745046374,0.012258093102549281,6,147,0.08483151550337716,0.15901282233995076,True,True,False,9.65215639153835e-07,COMPLETE
161,0.4294758975505829,2025-04-08 03:24:35.168114,2025-04-08 03:24:48.217492,0 days 00:00:13.049378,0.21593775612799146,0.07987080668796452,2,0.008457377477803714,0.2836097698213103,0.0010632404061451976,0.03556594638263384,0.09007099228973271,0.028158998000055807,0.005573262182736244,9,135,0.07476566432775919,0.16749158769399689,True,False,False,1.2839800215252713e-06,COMPLETE
162,0.09055355936288834,2025-04-08 03:24:48.278736,2025-04-08 03:25:01.726435,0 days 00:00:13.447699,0.20272804783978735,0.06862167109846752,2,0.0012103977052798365,0.2905068374832738,0.008540482027115357,0.03710287493969655,0.08970500060692767,0.02768389431104283,0.009619973742254375,10,131,0.07518038287566428,0.17609874968958825,True,False,False,2.266649583915364e-06,COMPLETE
163,0.43274925947189335,2025-04-08 03:25:01.779653,2025-04-08 03:25:16.185326,0 days 00:00:14.405673,0.2622946776777712,0.12280528437625718,2,0.017408431506608764,0.2746342038163015,0.007873799052045246,0.04502202058828724,0.09476387683370284,0.031242290252488578,0.010179860559378166,11,140,0.08156094475947678,0.19020566300593633,True,False,False,1.431000017846654e-06,COMPLETE
164,0.4085925698280335,2025-04-08 03:25:16.239300,2025-04-08 03:25:28.822579,0 days 00:00:12.583279,0.3024959229575925,0.13012237642270605,2,0.02016674213032938,0.2726158397655174,0.004810185410528358,0.044714349373886755,0.09597721168814079,0.03137832569663872,0.011309662765141656,8,143,0.013866953972889208,0.19037590816935168,True,False,False,7.704120337700779e-07,COMPLETE
165,0.4302602887153626,2025-04-08 03:25:28.876140,2025-04-08 03:25:42.792022,0 days 00:00:13.915882,0.15177542006313782,0.15043620228153154,2,0.03533560622759385,0.2998259426225151,0.007274175417266885,0.04293508020109006,0.09259213861950517,0.024990406460077167,0.00433271192948899,10,141,0.08165084410690707,0.197591990294301,True,False,False,1.8472466461542213e-06,COMPLETE
166,0.3976783633232117,2025-04-08 03:25:42.844996,2025-04-08 03:25:55.375177,0 days 00:00:12.530181,0.25409585268233437,0.11647968274567355,2,0.1591715978768857,0.2778994508390468,0.01063087764366594,0.039009561700656115,0.09436210916163822,0.019568114520528177,0.0167382544139332,8,138,0.07734472427500697,0.1810069486445044,True,False,False,1.595428478020809e-06,COMPLETE
167,0.4301525413990021,2025-04-08 03:25:55.428620,2025-04-08 03:26:07.163272,0 days 00:00:11.734652,0.04054756864352578,0.046138598105234185,2,0.015775425875903214,0.26522862187709856,0.01257267378440037,0.04831015310130418,0.09813435836329953,0.044904788651554006,0.007007580206750114,7,124,0.08814794821846775,0.18401137134655984,True,False,False,9.222608146328247e-06,COMPLETE
168,0.43216273784637455,2025-04-08 03:26:07.217202,2025-04-08 03:26:21.522601,0 days 00:00:14.305399,0.276878936800391,0.1000071195736206,2,0.02903377221261247,0.28248867089607355,0.01870764246871197,0.04578901195973059,0.0865903883507462,0.0357317505519789,0.008857785252957216,11,129,0.08017086617216898,0.1438672039240632,True,False,False,2.3075543522014225e-06,COMPLETE
169,0.4361104011535645,2025-04-08 03:26:21.576760,2025-04-08 03:26:34.458202,0 days 00:00:12.881442,0.28070975832674216,0.011043572661957948,2,0.02714083579808739,0.2735802898008345,0.01763329017988332,0.04559087082896173,0.08677428636664879,0.029992695512714954,0.00837871620669964,11,128,0.08099189372623575,0.14280111020437775,True,False,True,3.629314719019789e-06,COMPLETE
