number,value,datetime_start,datetime_complete,duration,params_alpha-eval,params_alpha-train,params_batch-size,params_eps-eval,params_eps-train,params_lambda-actions-eval,params_lambda-actions-train,params_lambda-frames-eval,params_lambda-frames-train,params_learning-rate,params_n-epochs,params_n-frames,params_radius-gw,params_rho,params_std-feats,params_ub-actions,params_ub-frames,params_weight-decay,state
281,0.38378574252128606,2025-04-21 05:38:18.085738,2025-04-21 05:38:26.860058,0 days 00:00:08.774320,0.15353176177533012,0.10777197684927893,16,0.03635938248251391,0.1552802727002023,0.0912715228813673,0.08365363211996955,0.011802006092625331,0.09524815428603267,0.00012044064730050151,26,33,0.0785540643391578,0.17782824718899215,False,False,True,3.3449447301802336e-06,COMPLETE
282,0.44284267425537116,2025-04-21 05:38:26.947281,2025-04-21 05:38:36.204939,0 days 00:00:09.257658,0.1765975230365483,0.14859399627011513,16,0.05265270646529497,0.16035653039779665,0.09613054197139065,0.08659107207168393,0.008529575461528018,0.08906800457384516,0.00031405683690115623,25,30,0.07411434946045849,0.23838584994852735,False,False,False,6.590474439637481e-06,COMPLETE
283,0.43261963129043585,2025-04-21 05:38:36.292192,2025-04-21 05:38:45.401378,0 days 00:00:09.109186,0.7243322184143894,0.153198638929959,16,0.051059968044545684,0.15996972412734187,0.09604974432868811,0.005094572649414229,0.020343138202491853,0.08915515013629693,0.0003108297198331436,25,27,0.07443573467854378,0.15962817231400517,False,False,False,7.158138868591322e-06,COMPLETE
284,0.4465089917182923,2025-04-21 05:38:45.499274,2025-04-21 05:38:54.733356,0 days 00:00:09.234082,0.6174402871259123,0.19343937163718294,16,0.04452505863745411,0.1637356879043752,0.09730093307142679,0.08914752544991744,0.05725845994385178,0.09237594576637792,0.00014572173368281356,25,30,0.07650891277585448,0.24865930532936173,False,False,False,5.361241435425519e-06,COMPLETE
285,0.4394258201122284,2025-04-21 05:38:54.822867,2025-04-21 05:39:04.090860,0 days 00:00:09.267993,0.5119127647408549,0.1764779575877747,16,0.044390561209193886,0.16455844961843014,0.0967658869196974,0.09360772867879262,0.0529861455749094,0.09212522971342965,0.00014556435815831775,25,24,0.08702919472705328,0.22957322097904512,False,False,False,5.33586813730655e-06,COMPLETE
286,0.44358596801757816,2025-04-21 05:39:04.179540,2025-04-21 05:39:13.296373,0 days 00:00:09.116833,0.4428365510258393,0.18693300045364966,16,0.02881646736531598,0.17487487645296562,0.09461798788607222,0.08907763288061232,0.008642631799275127,0.0904513146882797,0.000107451278073828,25,30,0.08190308095729261,0.17395457079965912,False,False,False,9.665446762069667e-06,COMPLETE
287,0.40435822010040284,2025-04-21 05:39:13.386083,2025-04-21 05:39:22.536117,0 days 00:00:09.150034,0.12630574191757096,0.22829646221002248,16,0.031001420415081506,0.14782940744270814,0.09778541417937409,0.09173305658794388,0.008934279561251833,0.09038514010768457,0.00012071560023565087,25,29,0.08143387333263101,0.17333865344821692,False,False,False,1.0942713304330166e-05,COMPLETE
288,0.44661598205566405,2025-04-21 05:39:22.635366,2025-04-21 05:39:31.952809,0 days 00:00:09.317443,0.13947734292963668,0.1986825995989437,16,0.022593226673645384,0.17643457976999405,0.09504381431719433,0.08938124289069704,0.048107487578724115,0.08987876265624313,8.660016502990518e-05,25,31,0.07891440318839583,0.19864397713602722,False,False,False,7.944113663294694e-06,COMPLETE
289,0.4290677309036255,2025-04-21 05:39:32.043426,2025-04-21 05:39:41.341841,0 days 00:00:09.298415,0.5575959931799415,0.1924066493860344,16,0.03502889341674409,0.17433681973442722,0.09525867803491483,0.08934661310705556,0.06893368162583381,0.09239875361103246,7.41939602323856e-05,25,34,0.08256873050612108,0.18792720020470094,False,False,False,1.0578453698965356e-05,COMPLETE
290,0.43495877981185915,2025-04-21 05:39:41.431419,2025-04-21 05:39:50.701572,0 days 00:00:09.270153,0.11544338932292003,0.2143501823481118,16,0.03908115904237893,0.16257634065727244,0.09776888097143509,0.09015544794705747,0.062043707674335355,0.0895437183445471,8.396561718736961e-05,26,31,0.07813632132112754,0.23806332537284525,False,False,False,7.850361735232959e-06,COMPLETE
291,0.439226359128952,2025-04-21 05:39:50.791964,2025-04-21 05:40:14.103425,0 days 00:00:23.311461,0.6539959701040969,0.19357267367445918,2,0.013075591059618724,0.17943080989864219,0.09595389184578057,0.08820124377882985,0.054534090455433636,0.09121194831476553,0.00010288902289403268,26,29,0.07904609909229814,0.24297507191580406,False,False,False,1.4505502606205105e-05,COMPLETE
292,0.4342265725135804,2025-04-21 05:40:14.194166,2025-04-21 05:40:23.324504,0 days 00:00:09.130338,0.7569908988236309,0.15767400726117353,16,0.044429085031146016,0.16680501621487884,0.0985709979775251,0.09232059444388413,0.05150694471167043,0.09660060373831394,0.00010573972721782453,25,34,0.08359824663418973,0.17835941741364011,False,False,False,6.59317936344728e-06,COMPLETE
293,0.4290123820304871,2025-04-21 05:40:23.426235,2025-04-21 05:40:32.724687,0 days 00:00:09.298452,0.08741778911179045,0.13663448536763384,16,0.020796083861668573,0.183951811807674,0.09451911524249791,0.08762788656544514,0.05930956885300042,0.0934522017563021,0.00013887840465897505,26,32,0.03002772125771029,0.20531433558931503,False,False,False,9.9555505538989e-06,COMPLETE
294,0.395115602016449,2025-04-21 05:40:32.816525,2025-04-21 05:40:41.926924,0 days 00:00:09.110399,0.14227407484450044,0.19242287688461918,16,0.02873785302399284,0.15420166833597668,0.09967177424677028,0.08980873927859878,0.048526545171464944,0.08919987362395869,8.657865303512683e-05,25,27,0.07686670398082915,0.14965382268547228,False,False,False,5.912202255467976e-06,COMPLETE
295,0.42195249199867246,2025-04-21 05:40:42.019558,2025-04-21 05:40:49.333281,0 days 00:00:07.313723,0.5320630689389244,0.1523258231918858,16,0.026267065095761894,0.21775712983144338,0.09667208054544718,0.08658176207129317,0.013113646848445612,0.0952202801631367,6.382441631221145e-05,7,22,0.08137973767840279,0.2234985253802107,False,False,False,8.608126267337258e-06,COMPLETE
296,0.22762419879436493,2025-04-21 05:40:49.424614,2025-04-21 05:40:58.424652,0 days 00:00:09.000038,0.5766695723740125,0.12201345933385735,16,0.019487639621865477,0.17599319397941138,0.09767729445783047,0.0948671185776064,0.01115245850371743,0.09768081318111142,9.24923435474504e-05,26,107,0.07936401782254454,0.233347044042508,False,True,False,4.7101133233030304e-06,COMPLETE
297,0.43440170288085944,2025-04-21 05:40:58.516509,2025-04-21 05:41:07.699225,0 days 00:00:09.182716,0.44172165393888796,0.1646593388316026,16,0.05222470315709978,0.1913628063664688,0.09984882539486445,0.09098357156289638,0.06448359078491389,0.09072886924579462,0.00011787772668491965,25,35,0.08569865100487731,0.19233532141315957,False,False,False,7.360956529596171e-06,COMPLETE
298,0.44736970067024234,2025-04-21 05:41:07.801374,2025-04-21 05:41:17.018159,0 days 00:00:09.216785,0.13621278683767998,0.21278093352873487,16,0.02517084153949281,0.1610133942659424,0.09396918660965771,0.08753446289859977,0.009061878548369696,0.09369902717574695,0.0001418843887787729,24,30,0.07642386438048805,0.20009792562050402,True,False,False,4.226442411675245e-06,COMPLETE
299,0.43901488780975345,2025-04-21 05:41:17.112798,2025-04-21 05:41:26.384289,0 days 00:00:09.271491,0.6056906802062456,0.17720452123147348,16,0.02399462376994764,0.14422255436479503,0.0022169739087067736,0.08763091583648433,0.05874757393736508,0.09420941860140909,0.00013770302398306177,24,29,0.07597083755964547,0.21422574285783497,True,False,False,4.150227033567788e-06,COMPLETE
300,0.4345047950744629,2025-04-21 05:41:26.477048,2025-04-21 05:41:35.695555,0 days 00:00:09.218507,0.1101317236288947,0.23845062437130124,16,0.03256090405006245,0.16779910879106175,0.09425032331349227,0.08939978737021628,0.013529804946375075,0.09194650831819426,5.754711034322674e-05,24,26,0.0770905711748125,0.1985731163126512,True,False,False,3.911031606269813e-08,COMPLETE
301,0.44675793051719664,2025-04-21 05:41:35.788900,2025-04-21 05:41:45.284443,0 days 00:00:09.495543,0.3413119834786913,0.2271221963713826,16,0.040199969902221536,0.15957008005104864,0.09410485831908152,0.0929305274154389,0.01117394717688614,0.09601871972243975,0.00010359516329526984,25,31,0.07343094585221087,0.17926782647992381,True,False,False,5.986774957564312e-06,COMPLETE
302,0.10409030467271806,2025-04-21 05:41:45.377922,2025-04-21 05:41:53.963437,0 days 00:00:08.585515,0.4819150862262458,0.2191269579137318,16,0.2097671681854018,0.15095602927658267,0.09305011735771707,0.09325574261013649,0.009053329180094776,0.09813393202791339,0.00010002885481255456,24,30,0.07347361493318205,0.18169922107643108,True,False,True,6.179472929973861e-06,COMPLETE
303,0.4328436732292176,2025-04-21 05:41:54.067248,2025-04-21 05:42:03.446429,0 days 00:00:09.379181,0.4509812887686339,0.2031553713690118,16,0.02889245074853922,0.16098149695429256,0.09119881318997025,0.09314873357088929,0.014361328388092304,0.008075543095626775,5.011239561454722e-05,25,27,0.07684347304635558,0.16817855349345853,True,False,False,5.334901310126681e-06,COMPLETE
304,0.43114692568778995,2025-04-21 05:42:03.543865,2025-04-21 05:42:12.835460,0 days 00:00:09.291595,0.13225717816884994,0.2670520018911963,16,0.0409133835715702,0.16181527952692062,0.0956711227175791,0.09149895288455495,0.011761262709966205,0.09603476975253562,7.86305061639567e-05,24,21,0.07999451651216913,0.17605912178295446,True,False,False,6.866585869177881e-06,COMPLETE
305,0.4388640940189362,2025-04-21 05:42:12.929479,2025-04-21 05:42:21.382822,0 days 00:00:08.453343,0.33478446241652837,0.21544247912000075,16,0.03776055494453977,0.15309177276398642,0.09379578752018577,0.08709718572986899,0.01812613720328248,0.09630274963169244,0.00011304496499587559,16,33,0.07437810969980217,0.16384801981125033,True,False,False,4.411305975136538e-06,COMPLETE
306,0.09055355936288834,2025-04-21 05:42:21.477894,2025-04-21 05:42:30.852050,0 days 00:00:09.374156,0.46647806828980304,0.19489458434934306,16,0.005282474218068402,0.17247524579403628,0.0925771353262313,0.09542675149247423,0.012256695715827666,0.09387482264623244,0.00012982401318836385,25,36,0.08181710928368248,0.1724785992215919,True,False,False,9.281595904548941e-06,COMPLETE
307,0.43614809513092045,2025-04-21 05:42:30.961494,2025-04-21 05:42:40.400493,0 days 00:00:09.438999,0.37308929745380015,0.16753512745035223,16,0.043427408753786756,0.15881004624848363,0.09580351850053051,0.0893263008522966,0.0088575183571086,0.09798840105017297,0.00015850081485803083,25,24,0.07185581700064915,0.20100741895129798,True,False,False,5.415971654121985e-06,COMPLETE
308,0.43520959019660954,2025-04-21 05:42:40.495986,2025-04-21 05:42:49.637672,0 days 00:00:09.141686,0.4048299251497665,0.23570293976698092,16,0.02227991406884423,0.17936177228956388,0.09065765351706784,0.08604761081090782,0.014919819506308364,0.09518091569730212,9.1455738030537e-05,24,16,0.07779566096832789,0.2501055784649415,True,False,False,4.326199308644972e-06,COMPLETE
309,0.42710973024368293,2025-04-21 05:42:49.735009,2025-04-21 05:42:59.150930,0 days 00:00:09.415921,0.9211543546850582,0.14384784560774963,16,0.014578017606693432,0.16787995519703922,0.09671557104245689,0.0911120652022609,0.010451588897948949,0.09234868046488022,0.0001333378959784653,25,31,0.073077240481748,0.15801328344896765,True,False,False,2.6738230684765623e-06,COMPLETE
310,0.4295446813106537,2025-04-21 05:42:59.247846,2025-04-21 05:43:08.710148,0 days 00:00:09.462302,0.8090662119905917,0.19554785525113105,16,0.0367699127707956,0.1760468906156527,0.09451807776891472,0.0853920101764036,0.055706484714621446,0.08839924549343879,0.00010930787240342378,25,28,0.07515000091913696,0.2181243502944864,True,False,False,1.1707145772902753e-05,COMPLETE
311,0.43877543210983283,2025-04-21 05:43:08.806701,2025-04-21 05:43:18.164253,0 days 00:00:09.357552,0.09763434991620351,0.16039067086724001,16,0.04734637948506736,0.16541038744667044,0.09745694956473194,0.08860137416388042,0.012769838575627796,0.09429902029179106,0.00020674900676769065,24,33,0.0791750403839501,0.19091973367326298,True,False,False,3.5449241369172427e-06,COMPLETE
312,0.44198700189590456,2025-04-21 05:43:18.270457,2025-04-21 05:43:27.907027,0 days 00:00:09.636570,0.14129225051513983,0.12982410911968398,16,0.030518941683840912,0.18717076443501332,0.0939246408215085,0.08704327897034903,0.00809832636212766,0.09822171367373679,3.5976568096146665e-05,26,39,0.08374858589387316,0.2396296707933907,True,False,False,1.8971543455211151e-06,COMPLETE
313,0.44048238992691047,2025-04-21 05:43:28.003399,2025-04-21 05:43:37.235874,0 days 00:00:09.232475,0.11974419054688183,0.18929511337737512,16,0.050529724009575776,0.15843924261329356,0.09583532964780025,0.09300290586788762,0.015219095843637398,0.09996566295526597,0.00015354862126439213,25,30,0.07584572531818011,0.18385318482473229,False,False,False,1.9185042528944654e-05,COMPLETE
314,0.2784597873687744,2025-04-21 05:43:37.333047,2025-04-21 05:43:47.113553,0 days 00:00:09.780506,0.1498267428544955,0.25326596578982197,16,0.18905735222412035,0.17151885448035004,0.09186289979605168,0.08137007262947492,0.05716333483180024,0.09065103778779622,0.00018568403207298593,27,84,0.07256729958641285,0.19460522195676075,False,False,False,6.461512018491357e-06,COMPLETE
315,0.43764814734458923,2025-04-21 05:43:47.212983,2025-04-21 05:44:10.672155,0 days 00:00:23.459172,0.3925412705050326,0.21565658101335927,2,0.05632786008602587,0.1825486651989931,0.09779999333412022,0.08461105868928842,0.010444749752367838,0.09662941634482909,0.00022562804586644515,26,37,0.0713878362282678,0.20671315357725567,False,False,False,2.4394171502708782e-06,COMPLETE
316,0.3879860877990723,2025-04-21 05:44:10.780278,2025-04-21 05:44:19.380027,0 days 00:00:08.599749,0.13476340375645837,0.14580230477417916,16,0.04146985965853216,0.1957063298317153,0.09808011547961724,0.09118511552145274,0.014128659489262688,0.0928010999662273,0.00013983963779061687,25,25,0.043555889877634264,0.23135376755259066,False,True,False,5.290546369024125e-06,COMPLETE
317,0.09055355936288834,2025-04-21 05:44:19.479764,2025-04-21 05:44:28.440585,0 days 00:00:08.960821,0.6726362817924788,0.1637750873004752,16,0.024600368622309493,0.00033927263782043693,0.09406982493267134,0.08927229321326974,0.07169813885609094,0.09487982690198693,0.0001816770564195535,24,34,0.07403408509100547,0.1318146772577949,False,False,False,4.085321902437977e-06,COMPLETE
318,0.37895290851593016,2025-04-21 05:44:28.539941,2025-04-21 05:44:37.844613,0 days 00:00:09.304672,0.06652796109267539,0.17989545405261897,16,0.05230382078383301,0.1389281242877345,0.08977747673139536,0.0860843355973657,0.011750825512995028,0.08910323408665947,9.469993464281125e-05,26,28,0.08095084314244626,0.16872963035009636,False,False,False,7.915453890069928e-06,COMPLETE
319,0.43248234987258916,2025-04-21 05:44:37.944247,2025-04-21 05:44:46.712739,0 days 00:00:08.768492,0.15533612070111938,0.12873714419892654,16,0.061888281069747024,0.1662440739265616,0.09577859683375901,0.08277956551818275,0.008908129899610713,0.09149708683686437,0.0001163918728078557,20,32,0.07764106327211176,0.22076290430091094,False,False,False,2.9077733381324404e-06,COMPLETE
320,0.4361379384994507,2025-04-21 05:44:46.825029,2025-04-21 05:44:56.060420,0 days 00:00:09.235391,0.10252069897755944,0.11152715794188722,16,0.046100104648024595,0.14970134237246127,0.09833700185080918,0.08006502919753575,0.017116528207706812,0.09686573807673816,0.00023310984879307376,25,37,0.0711827673056976,0.17508804349372567,False,False,False,2.0919321346485e-06,COMPLETE
321,0.43944781422615053,2025-04-21 05:44:56.159908,2025-04-21 05:45:05.428105,0 days 00:00:09.268197,0.1682124303201375,0.14905745452570848,16,0.016409270112935748,0.17627920481859805,0.09245819225588967,0.08812847292344912,0.013653632628270426,0.09368367954433121,0.00015340330211724253,26,25,0.0757163016391278,0.17889312389924608,False,False,False,3.601337044812184e-06,COMPLETE
322,0.22686066627502444,2025-04-21 05:45:05.528026,2025-04-21 05:45:15.102467,0 days 00:00:09.574441,0.7080206103862123,0.18263352742691874,16,0.05490342830337419,0.16012289243258518,0.09982469144185285,0.0842661263212468,0.016108410091107722,0.08935712152838193,0.00017940332814244552,24,117,0.01950462397340288,0.22570120463685822,False,False,False,4.743936811612074e-06,COMPLETE
323,0.44284157156944276,2025-04-21 05:45:15.201579,2025-04-21 05:45:24.681120,0 days 00:00:09.479541,0.12794582198314775,0.20496560096806868,16,0.03812614669639256,0.1699700393261122,0.0962769744168082,0.07810845701218748,0.010803968175498283,0.09112227619103541,0.0002694281025845796,27,30,0.0731374304171493,0.1541278282408208,False,False,False,1.6549978569743955e-06,COMPLETE
324,0.4128902137279511,2025-04-21 05:45:24.781232,2025-04-21 05:45:33.791419,0 days 00:00:09.010187,0.1245301938749723,0.1707458203617992,16,0.03216053780398033,0.16774785199700984,0.09573704630449316,0.09651023376555878,0.02472922234776192,0.09193876581688191,0.00027887466691147263,27,28,0.07359432284883129,0.1852230737389031,True,False,True,1.0581409071486479e-08,COMPLETE
325,0.42572057843208316,2025-04-21 05:45:33.901780,2025-04-21 05:45:43.308977,0 days 00:00:09.407197,0.10754670795934658,0.22440781270287,16,0.03388872684288945,0.1734814050255934,0.09714919347953768,0.08993905026902317,0.010995246145868158,0.09536130889142938,0.00034185382884629643,27,20,0.07076577226315739,0.15343912820086628,False,False,False,1.768498092267063e-06,COMPLETE
326,0.44683073163032533,2025-04-21 05:45:43.413106,2025-04-21 05:45:52.821267,0 days 00:00:09.408161,0.1486378628750039,0.19759914288790215,16,0.0386487272194941,0.18174041323700352,0.09471358715468084,0.07853013759778418,0.01951219289238578,0.09347411008902759,0.00023309069941028477,27,30,0.07279198466710869,0.16548580587448442,False,False,False,1.561735936394981e-06,COMPLETE
327,0.4283010125160217,2025-04-21 05:45:52.922446,2025-04-21 05:46:02.319393,0 days 00:00:09.396947,0.08505580741799373,0.19883287444175066,16,0.03613337843140481,0.18255153091186754,0.09485561790265686,0.08018869399768497,0.01942755666885959,0.0979283888021568,0.00024362620844634267,27,22,0.07317158793663671,0.1630131643325144,False,False,False,1.7401549887000902e-06,COMPLETE
328,0.3860113382339478,2025-04-21 05:46:02.420394,2025-04-21 05:46:11.746920,0 days 00:00:09.326526,0.1291229155734373,0.8420776903932143,16,0.027437194137874963,0.19241117690551435,0.09745490176759404,0.0773214848369113,0.01842547236502472,0.09387535671235327,0.0002843785605169818,27,26,0.0750127453269997,0.16447575688971164,False,False,False,1.579442918770321e-06,COMPLETE
329,0.44214238524436955,2025-04-21 05:46:11.858575,2025-04-21 05:46:21.311698,0 days 00:00:09.453123,0.14521324002017347,0.20889605257770777,16,0.037813958151397306,0.17897378816573817,0.09981763087452737,0.09297265620399144,0.016008043249488433,0.09605945739569324,0.00021693035153561293,27,30,0.07141431863025324,0.15247877523663447,False,False,False,8.371928664321745e-08,COMPLETE
330,0.417600166797638,2025-04-21 05:46:21.414360,2025-04-21 05:46:30.672855,0 days 00:00:09.258495,0.18318071312976827,0.2523667805126288,16,0.042992261931648124,0.16218289401280125,0.0960366630732268,0.07569327255742467,0.013476171144438063,0.09374789462012581,0.00013883137817163448,26,35,0.07297023149001083,0.17079111870193964,False,False,False,2.2486326568460333e-06,COMPLETE
331,0.41578156352043155,2025-04-21 05:46:30.775748,2025-04-21 05:46:40.165365,0 days 00:00:09.389617,0.61776914527084,0.23394307602231396,16,0.048021628869621885,0.1727258128971316,0.03292022585858648,0.0871055077338191,0.0208996149830031,0.09849214588299054,7.677166591567654e-05,26,28,0.07729084287379674,0.14185846407056332,False,False,False,9.153598621636641e-06,COMPLETE
332,0.29316593408584596,2025-04-21 05:46:40.267332,2025-04-21 05:46:49.809485,0 days 00:00:09.542153,0.34222979090137395,0.9009309901159472,16,0.020812756825272272,0.18502081836097178,0.09417742567181875,0.07854313466037247,0.007903788151964616,0.09067069817325839,0.0001666491068143217,26,91,0.07043945695259808,0.16141603609330676,False,False,False,2.2110866661101003e-06,COMPLETE
333,0.4453072309494019,2025-04-21 05:46:49.923566,2025-04-21 05:46:59.242162,0 days 00:00:09.318596,0.4223838826242922,0.21939531701026024,16,0.04064089464511265,0.1537150694988449,0.0980439220334569,0.09086472742430453,0.0174312304520716,0.09581558687872356,0.0003342496966103314,26,32,0.07478435871745488,0.17256975629696875,False,False,False,1.4964290468125167e-06,COMPLETE
334,0.38585042357444765,2025-04-21 05:46:59.346190,2025-04-21 05:47:07.544207,0 days 00:00:08.198017,0.3830480243782023,0.20704924154040347,16,0.04080095802069183,0.14375249847356714,0.09188744643404934,0.0951796938238565,0.01738584890695126,0.020032135204672785,0.0003418521365494292,15,24,0.07512247804993717,0.17671879321214778,False,False,False,1.5148029061329791e-06,COMPLETE
335,0.4484358251094818,2025-04-21 05:47:07.646475,2025-04-21 05:47:17.319118,0 days 00:00:09.672643,0.46794920468279927,0.27398403457429826,16,0.02967597883159429,0.15278614583314734,0.09754730470641143,0.09085640880963211,0.018542050723506925,0.09288708068445015,0.00028336643975999796,27,31,0.08814527663489546,0.17412570389752793,True,False,False,1.4600601409210844e-06,COMPLETE
336,0.44682608246803285,2025-04-21 05:47:17.422575,2025-04-21 05:47:27.108503,0 days 00:00:09.685928,0.4290312263136243,0.2329813749240162,16,0.24343641367682353,0.15289112386063256,0.09621394970317015,0.09177872079987667,0.02339314267383335,0.09256654731541313,0.00033324083988375895,27,32,0.07649013721467182,0.16857645785917852,True,False,False,1.4617174140305724e-06,COMPLETE
