number,value,datetime_start,datetime_complete,duration,params_alpha-eval,params_alpha-train,params_batch-size,params_eps-eval,params_eps-train,params_lambda-actions-eval,params_lambda-actions-train,params_lambda-frames-eval,params_lambda-frames-train,params_learning-rate,params_n-epochs,params_n-frames,params_radius-gw,params_rho,params_std-feats,params_ub-actions,params_ub-frames,params_weight-decay,state
225,0.43265595436096194,2025-04-21 05:29:28.914007,2025-04-21 05:29:38.023885,0 days 00:00:09.109878,0.10911142304721674,0.15412733241276727,16,0.07674694706776042,0.25918386998317644,0.09887194499744185,0.0867911975277073,0.014707830237936204,0.09892558695496154,8.939611259404492e-05,24,31,0.06807886236069353,0.28426552575426833,False,False,False,3.303313367085341e-06,COMPLETE
226,0.4379262328147889,2025-04-21 05:29:38.095810,2025-04-21 05:29:47.220907,0 days 00:00:09.125097,0.1370157787378977,0.15002382466212058,16,0.0781479765278694,0.2601642776568556,0.09945047187624147,0.08473843171007761,0.018789210201613275,0.09985372008993294,0.0001330042215175377,24,34,0.06757672376019702,0.2889253950799479,False,False,False,6.027346789212795e-06,COMPLETE
227,0.43927013874053955,2025-04-21 05:29:47.301754,2025-04-21 05:29:56.304385,0 days 00:00:09.002631,0.2073626386450801,0.13797865610712137,16,0.07318323980387799,0.2541165928697767,0.09700380577198052,0.08794305807400896,0.012523967673105782,0.09839906956167227,0.0001722804607049376,23,27,0.07259638780833251,0.27506930283498815,False,False,False,3.1740048981478795e-06,COMPLETE
228,0.4399903535842896,2025-04-21 05:29:56.375455,2025-04-21 05:30:05.530095,0 days 00:00:09.154640,0.17779018198684177,0.16781000183376443,16,0.07835105864468409,0.15518528780712582,0.09624236652786364,0.08471823064768272,0.01521452486464988,0.09514933238151237,0.0001115017079412764,25,35,0.07013637732994281,0.2849606511003665,False,False,False,4.86883180391776e-06,COMPLETE
229,0.3976074934005738,2025-04-21 05:30:05.601936,2025-04-21 05:30:14.715217,0 days 00:00:09.113281,0.1815163411741986,0.16097417484712867,16,0.08417274986132617,0.1175712583526328,0.09997267937735654,0.08410273631440993,0.017399984102910486,0.09508093614187502,9.877456608117575e-05,24,36,0.06971168140943215,0.26904819574925065,False,False,False,8.158465331307495e-06,COMPLETE
230,0.43255410790443427,2025-04-21 05:30:14.787384,2025-04-21 05:30:24.082003,0 days 00:00:09.294619,0.15580559360896576,0.17821800869155843,16,0.07998642933431505,0.13109133930266106,0.09685197174677027,0.0816299960807019,0.015752620223425162,0.09685470976116774,0.00011853085949379942,25,30,0.06664291543225348,0.281806034130534,False,False,False,2.973515639162167e-06,COMPLETE
231,0.3861564457416535,2025-04-21 05:30:24.155594,2025-04-21 05:30:33.387402,0 days 00:00:09.231808,0.1786348961793928,0.1319381088749586,16,0.29921014288721026,0.2620621588282213,0.09533807391657059,0.08628773722038839,0.01340903435167547,0.09769137427333452,7.243778014062724e-05,25,35,0.0743435916047829,0.29229748117422966,False,False,False,4.62841603130794e-06,COMPLETE
232,0.41780140399932864,2025-04-21 05:30:33.460083,2025-04-21 05:30:42.693574,0 days 00:00:09.233491,0.2212345513607722,0.19389491991443197,16,0.07410875350839716,0.25698661656871863,0.09974566022556383,0.08510813425429467,0.012688360757668486,0.0939233619568136,0.00014844513625237639,25,31,0.004822487567112059,0.2862859727515479,False,False,False,4.0574321719825695e-06,COMPLETE
233,0.4454625725746155,2025-04-21 05:30:42.776196,2025-04-21 05:30:51.992875,0 days 00:00:09.216679,0.1484303020143491,0.1469828823143109,16,0.06788661252480947,0.16558929528376715,0.09765947536211368,0.09017545233180112,0.01417087466490487,0.09564975309757297,0.00018107646589003964,25,35,0.07092180591405528,0.29192453421953907,False,False,False,5.495729213496923e-06,COMPLETE
234,0.4435011863708497,2025-04-21 05:30:52.066348,2025-04-21 05:31:01.198668,0 days 00:00:09.132320,0.14941821509214384,0.15125266358454234,16,0.07041797352639041,0.26255225230278495,0.09701105395467954,0.08929605001719097,0.01615216387732594,0.09535270984693033,0.00017713095088763752,24,37,0.06921040243264112,0.28947958707566024,False,False,False,5.406165947876142e-06,COMPLETE
235,0.4415190100669861,2025-04-21 05:31:01.272874,2025-04-21 05:31:10.280479,0 days 00:00:09.007605,0.1268300650145985,0.1446434518891174,16,0.06876696251846182,0.2630989642280313,0.09772256995819507,0.09185198002539323,0.014564029957347844,0.09970617768886843,0.0001819657712974488,23,37,0.06824168160111037,0.29053849184523106,False,False,False,4.0059558718341224e-06,COMPLETE
236,0.434375274181366,2025-04-21 05:31:10.354331,2025-04-21 05:31:19.265724,0 days 00:00:08.911393,0.12189463771155877,0.14969020516137635,16,0.06358453410722456,0.26665577805150026,0.09755605382690158,0.09006177344612175,0.020007280281361572,0.09839184184014975,0.00019869797128349117,22,32,0.06865452421975163,0.2913306743687008,False,False,False,6.917367743139954e-06,COMPLETE
237,0.4364109337329865,2025-04-21 05:31:19.341220,2025-04-21 05:31:28.451983,0 days 00:00:09.110763,0.14392745517929897,0.13908131405444765,16,0.06884002420016702,0.24201219457293163,0.09994541302285566,0.09255572640250388,0.016971253478836622,0.09999529449133834,0.0001764158863725862,23,36,0.07157111676245302,0.29430331817574035,False,False,False,3.6528294236207656e-06,COMPLETE
238,0.19995689988136292,2025-04-21 05:31:28.527466,2025-04-21 05:31:37.086041,0 days 00:00:08.558575,0.0932448625814919,0.12222699389524327,16,0.060799254316112925,0.2506828298576568,0.09773679907118853,0.0895620654031826,0.013974628341035631,0.0948222087820526,0.0002455281922234843,24,28,0.06645300208380689,0.27651031472933146,False,False,True,5.206464555128571e-06,COMPLETE
239,0.3758507132530212,2025-04-21 05:31:37.171085,2025-04-21 05:31:46.219353,0 days 00:00:09.048268,0.12072982437578833,0.1824096538186616,16,0.0706335656196401,0.040024528030892875,0.09416491094494525,0.08859635674894006,0.011701481044935898,0.09206695444967329,0.0001434295111118328,23,37,0.06949413686758249,0.28950183143164254,False,False,False,2.800440408453798e-06,COMPLETE
240,0.43913384675979616,2025-04-21 05:31:46.295390,2025-04-21 05:31:55.508498,0 days 00:00:09.213108,0.14657369546766272,0.1580391704230248,16,0.08351631636518593,0.26381849534773794,0.09774972198750177,0.09201974095663491,0.01597706641029847,0.0972943657006077,0.00022369196454041318,24,33,0.07212958175174167,0.2813649508511936,False,False,False,7.748947458214677e-06,COMPLETE
241,0.4379504680633545,2025-04-21 05:31:55.584021,2025-04-21 05:32:04.816462,0 days 00:00:09.232441,0.1607090606821086,0.1174605865613832,16,0.07200766698795327,0.2627828364437996,0.09509717791506113,0.08264381199510121,0.010285477177475551,0.09633760811779216,0.0001721578141223839,25,38,0.06746972039896396,0.1911674202395715,False,False,False,4.335816923860059e-06,COMPLETE
242,0.43267140984535224,2025-04-21 05:32:04.892582,2025-04-21 05:32:14.129176,0 days 00:00:09.236594,0.13688774045684834,0.5134467896409727,16,0.06669708387076369,0.25468493804436054,0.09708508420310488,0.08744596733085026,0.0137927061310657,0.09346725026686692,0.00013340350324887327,24,35,0.06497307181398558,0.29527901965980435,False,False,False,2.5798862788720256e-06,COMPLETE
243,0.4424703896045685,2025-04-21 05:32:14.205547,2025-04-21 05:32:23.406783,0 days 00:00:09.201236,0.16112427398251908,0.14345337741548994,16,0.074993024021374,0.26857702036254205,0.09327490034177806,0.08413786314733354,0.011891219556413122,0.09135548624927343,0.00019802677312770426,25,31,0.06815145482938066,0.287534499626182,False,False,False,3.8065303195520316e-06,COMPLETE
244,0.4415514886379242,2025-04-21 05:32:23.484742,2025-04-21 05:32:32.685336,0 days 00:00:09.200594,0.16349399501448542,0.20278325407461123,16,0.07875035884155622,0.2689163644712248,0.09335110712902692,0.08008350695879649,0.013172360139344981,0.09175289824207235,0.0002012026420450527,25,30,0.06867787393433568,0.28717524302236563,False,False,False,3.72631948049375e-06,COMPLETE
245,0.43718499541282657,2025-04-21 05:32:32.773927,2025-04-21 05:32:41.788748,0 days 00:00:09.014821,0.1581291098820843,0.21044462658259155,16,0.07806276846994135,0.268109811485272,0.09319689493927606,0.08106396656262047,0.014772767228886555,0.09188652368000007,0.00019982286491411822,24,25,0.06941506045956417,0.2852399122516667,False,False,False,5.817437264655632e-06,COMPLETE
246,0.43841952681541446,2025-04-21 05:32:41.866322,2025-04-21 05:32:51.098503,0 days 00:00:09.232181,0.11151703971278906,0.15824662638050196,16,0.05971341604342505,0.27145514207334853,0.09556663772386344,0.07898530357596219,0.012358738735800151,0.09561104227972787,0.0002644976663576426,25,30,0.07124596371203108,0.28751543442829924,False,False,False,4.44419633640068e-06,COMPLETE
247,0.4324024736881256,2025-04-21 05:32:51.178322,2025-04-21 05:33:00.456790,0 days 00:00:09.278468,0.13157371879724017,0.22802129301802837,16,0.07540416889541979,0.2577431039926873,0.09248787846873005,0.08319024349276884,0.018629600048552512,0.09119575013055364,0.00020397070629466746,25,28,0.06587916542844824,0.2991849040780865,False,False,False,3.6045916429927994e-06,COMPLETE
248,0.43836005926132204,2025-04-21 05:33:00.534089,2025-04-21 05:33:09.873280,0 days 00:00:09.339191,0.15235685307026392,0.1481810809505466,16,0.08245420108525284,0.24787659001323764,0.09988338750669903,0.07959083726650731,0.011115180497915015,0.09790045137136229,0.0002334921547307884,26,32,0.06872971574355173,0.27805160514849514,False,False,False,3.5373036866540602e-06,COMPLETE
249,0.44309464693069456,2025-04-21 05:33:09.950229,2025-04-21 05:33:19.102125,0 days 00:00:09.151896,0.17003733259842416,0.13147122958836285,16,0.06610427815928674,0.20439131893092094,0.09440005276115467,0.08507931896183853,0.013311782271108498,0.09435354322611023,0.00017291869932100696,24,30,0.0731849724789968,0.21893501939767784,False,False,False,2.1164609909425267e-06,COMPLETE
250,0.44187298417091375,2025-04-21 05:33:19.180108,2025-04-21 05:33:28.159447,0 days 00:00:08.979339,0.17218492177409556,0.1747739339441069,16,0.06346405111183809,0.17129500056982525,0.0940782703812031,0.08389665740779612,0.016182088724728913,0.09386853547340443,0.00018259373143694307,23,25,0.07470791806105165,0.2999845742313028,False,False,False,3.0673660241672954e-06,COMPLETE
251,0.3982431530952454,2025-04-21 05:33:28.248076,2025-04-21 05:33:37.392711,0 days 00:00:09.144635,0.1865599373982668,0.1728945508010847,16,0.051749987530322186,0.20156150471641063,0.0949150269424448,0.08387695342844657,0.016922153700949225,0.09343587488476505,0.00016529539238759267,23,69,0.0753046997720642,0.2991737746704877,False,False,False,2.5309982448354574e-06,COMPLETE
252,0.43895064592361455,2025-04-21 05:33:37.473864,2025-04-21 05:33:46.486311,0 days 00:00:09.012447,0.1649096127182063,0.18593426284627873,16,0.06451984431215117,0.1942535533159816,0.09744674554008675,0.08528420498815238,0.014644890009925277,0.09528869800538745,0.00016949466076845976,23,24,0.0738684688984862,0.21720633221281616,False,False,False,5.683230557165082e-06,COMPLETE
253,0.44723109006881717,2025-04-21 05:33:46.566472,2025-04-21 05:33:55.641551,0 days 00:00:09.075079,0.19554709069990733,0.16870223836272924,16,0.056637979850636996,0.16959931420566382,0.0933862844433743,0.0822394350613918,0.012866148185132884,0.09141395186327307,0.00019144770673196041,24,27,0.07257232244472206,0.29986148670953994,False,False,False,2.0754963648475257e-06,COMPLETE
254,0.43454669713974003,2025-04-21 05:33:55.720281,2025-04-21 05:34:04.821895,0 days 00:00:09.101614,0.20088872137532,0.20509796316226436,16,0.055807519465387846,0.15804425696325794,0.0933281864311905,0.08169851975026877,0.013162787644716177,0.09989901701170277,0.00019784999857235468,24,22,0.0760503458219908,0.29986962933344247,False,False,False,2.115711614508648e-06,COMPLETE
255,0.42477779984474184,2025-04-21 05:34:04.902479,2025-04-21 05:34:13.899810,0 days 00:00:08.997331,0.16949644948760792,0.1680404585213381,16,0.059636823294074055,0.18182368626537626,0.09565451437333285,0.09047887335827037,0.015214142560329741,0.09158833317180903,0.0001771977395480388,23,19,0.07276321901769651,0.29250475391839864,False,False,False,2.983763312418474e-06,COMPLETE
256,0.3936517536640167,2025-04-21 05:34:13.979925,2025-04-21 05:34:22.513233,0 days 00:00:08.533308,0.14097615001474945,0.19253607937059497,16,0.047175346611974846,0.16851926747944612,0.09328544889760676,0.08571663275869824,0.018381877971839718,0.09420841535886589,0.000134768486882456,24,28,0.07382483551998331,0.2950303576708681,False,True,False,3.983741134079188e-06,COMPLETE
257,0.4323837518692017,2025-04-21 05:34:22.603777,2025-04-21 05:34:31.483346,0 days 00:00:08.879569,0.19981760224680892,0.14212292574113944,16,0.053162915566952386,0.14976277114790362,0.09815644279779995,0.08303611445179444,0.012343966713081616,0.09749585324055583,0.00012442321662604235,22,33,0.06990873403417,0.2111429434087678,False,False,False,2.683915844066632e-06,COMPLETE
258,0.4428917229175568,2025-04-21 05:34:31.564379,2025-04-21 05:34:40.344719,0 days 00:00:08.780340,0.17216902188452307,0.1394102164025987,16,0.06505611809097744,0.18105027507170787,0.09613978197230232,0.08728275156450224,0.016445319707427915,0.09274745788390872,0.00025800012994533117,21,25,0.0712582760495939,0.29043224737126383,False,False,False,1.998808913908301e-06,COMPLETE
259,0.43631930947303776,2025-04-21 05:34:40.425036,2025-04-21 05:34:49.423770,0 days 00:00:08.998734,0.16724046211579227,0.14093746737282353,16,0.06278637379660847,0.16457014392825775,0.09812108274383767,0.08864927973297487,0.0219580250529245,0.09249450692043434,0.0002781224862621282,23,24,0.07120535510967492,0.28849623259270696,False,False,False,3.296536310297562e-06,COMPLETE
260,0.4349482893943787,2025-04-21 05:34:49.505011,2025-04-21 05:34:58.398030,0 days 00:00:08.893019,0.14809568206966991,0.16743017118590225,16,0.05572804595987506,0.1720227359176935,0.09208684092019603,0.0872489384095411,0.01581105410254785,0.09577987793569372,0.00019993660751867673,21,27,0.07531313761981039,0.290935838630422,False,False,False,1.9798763146455307e-06,COMPLETE
261,0.4149035334587098,2025-04-21 05:34:58.479910,2025-04-21 05:35:06.961495,0 days 00:00:08.481585,0.18248736938914945,0.14165684418633198,16,0.06418051980434872,0.1630486092190423,0.09473703302305267,0.03666824406106413,0.019656605103362503,0.09064257736530333,0.00025497187914724057,18,16,0.07315515245732272,0.20185139159594898,False,False,False,2.223526660099127e-06,COMPLETE
262,0.4127985954284668,2025-04-21 05:35:07.043456,2025-04-21 05:35:15.396899,0 days 00:00:08.353443,0.40246385593373596,0.12574272310656598,16,0.05073761626636288,0.17626959912279513,0.09672098719366046,0.08544841763672471,0.01361535333941705,0.09365190809440967,0.0001645519222577341,22,30,0.07750958499141179,0.2241127413378195,False,False,True,4.90263912120868e-06,COMPLETE
263,0.4438578844070435,2025-04-21 05:35:15.489134,2025-04-21 05:35:24.783524,0 days 00:00:09.294390,0.12929917664262405,0.1744174428938176,16,0.05899109667741189,0.1687993281113176,0.0999263044736415,0.09088199723227364,0.016435349619105862,0.09586500597436534,0.00021924735437910337,26,26,0.06853764365023927,0.2860586145665934,False,False,False,3.955082443649373e-06,COMPLETE
264,0.4365241944789887,2025-04-21 05:35:24.866031,2025-04-21 05:35:48.701882,0 days 00:00:23.835851,0.09762597232182642,0.18015749437666648,2,0.05842558781405835,0.17053589963837137,0.0943229184090977,0.09412211186888286,0.010672157123355916,0.0906842975930276,0.0002909914193170459,26,25,0.07082668262312425,0.2956918515278911,False,False,False,4.0514138657790565e-06,COMPLETE
265,0.41513522863388064,2025-04-21 05:35:48.784559,2025-04-21 05:35:58.193978,0 days 00:00:09.409419,0.067885274668122,0.12084538665876368,16,0.04675324588773072,0.1762903667133628,0.09949166688880101,0.09041904972319117,0.0175455667160908,0.09567449341105876,0.00022350827388973799,26,19,0.0689618080807185,0.2848635203322367,False,False,False,5.917351270357297e-06,COMPLETE
266,0.4266093373298645,2025-04-21 05:35:58.277699,2025-04-21 05:36:07.527194,0 days 00:00:09.249495,0.12589380564171299,0.195034539696759,16,0.06721828973846153,0.15800684762011652,0.09600362135076194,0.0879676636842916,0.012393059614360324,0.09306633445871766,0.00019341390940502484,26,23,0.07232180017015674,0.2934708172210763,False,False,False,8.731542405661823e-06,COMPLETE
267,0.4332767903804779,2025-04-21 05:36:07.611174,2025-04-21 05:36:16.790892,0 days 00:00:09.179718,0.169766454574189,0.6668594050411413,16,0.05806885104343411,0.1871199658372859,0.09314776440339055,0.09269067849367164,0.016615758701585378,0.09489651681652544,0.00024330755587381454,25,26,0.06955453603644654,0.2999875790757602,False,False,False,1.9189676839945704e-06,COMPLETE
268,0.4441684126853943,2025-04-21 05:36:16.883880,2025-04-21 05:36:26.295206,0 days 00:00:09.411326,0.19256227021200814,0.16435074742614716,16,0.04954700550879023,0.18283537976988445,0.09991450212294568,0.09048793553890729,0.010446255234995204,0.09004857435457557,0.00016729809625756932,26,29,0.0794566711957815,0.17435626887416378,False,False,False,2.5869972572411813e-06,COMPLETE
269,0.44415646195411684,2025-04-21 05:36:26.379470,2025-04-21 05:36:35.696204,0 days 00:00:09.316734,0.16378765109945206,0.16380920189269393,16,0.049816668778857945,0.18100886944917402,0.09737113051817882,0.09094479160392713,0.009554475405024616,0.09027018776225051,0.0001911124908855331,26,29,0.08187421086493292,0.17437489851393725,False,False,False,2.5234231093939077e-06,COMPLETE
270,0.4299863696098328,2025-04-21 05:36:35.780329,2025-04-21 05:36:44.998351,0 days 00:00:09.218022,0.16749917557688015,0.24284625702801732,16,0.03270274187687111,0.18521341402081865,0.09969506144461056,0.09049054095925559,0.009318305288041916,0.09039189055652391,0.0003106427122445722,26,29,0.07946999682218303,0.18608754571290548,False,False,False,2.567463794227325e-06,COMPLETE
271,0.4405448615550995,2025-04-21 05:36:45.082861,2025-04-21 05:36:54.346602,0 days 00:00:09.263741,0.18922307953187906,0.2131494514634997,16,0.04197792253320723,0.18174381517540308,0.09675469763783341,0.08871247073591199,0.010282377434388784,0.09245308724290051,0.00015381420632292148,26,26,0.08074346393558027,0.15696888210315796,False,False,False,1.8088530690794308e-06,COMPLETE
272,0.4050384104251862,2025-04-21 05:36:54.431240,2025-04-21 05:37:03.851470,0 days 00:00:09.420230,0.21406913670903388,0.7677271723724592,16,0.04824138306745579,0.1738975352192473,0.09980669253673194,0.08680868194003524,0.012575418191107916,0.08985755069793457,0.00021815632599847908,27,20,0.07840444717226741,0.24623661032269115,False,False,False,2.4267205389779933e-06,COMPLETE
273,0.4318007946014405,2025-04-21 05:37:03.946149,2025-04-21 05:37:12.664373,0 days 00:00:08.718224,0.15592139862456825,0.16720939321019093,16,0.049916081638645596,0.17163933481261137,0.09203281911777647,0.08411684536097602,0.009456407389687171,0.09144969648206636,0.0002664548626928256,20,23,0.083817914815196,0.14428957474286447,False,False,False,3.318865459887809e-06,COMPLETE
274,0.4460457980632782,2025-04-21 05:37:12.749904,2025-04-21 05:37:22.053533,0 days 00:00:09.303629,0.1798907161241932,0.17311298338735945,16,0.05123370634525911,0.16679046782116771,0.09503235016089273,0.08133576113851822,0.011413332265470302,0.09337471855329443,0.00017926646843738472,26,28,0.08117377811163555,0.16938821810090451,False,False,False,2.821132653426008e-06,COMPLETE
275,0.40604526400566104,2025-04-21 05:37:22.140197,2025-04-21 05:37:30.832464,0 days 00:00:08.692267,0.2025114867513185,0.17512754265910171,16,0.038286971270236385,0.16825862886139745,0.09608179079628978,0.0951261275194636,0.024854848317621504,0.09392098342248793,0.00016869437774659274,26,27,0.08077720216995385,0.11209359257477722,False,True,False,2.170796164214973e-06,COMPLETE
276,0.4411877572536469,2025-04-21 05:37:30.918324,2025-04-21 05:37:40.302188,0 days 00:00:09.383864,0.1833801570146259,0.11120446945023083,16,0.047627252097413156,0.16586659744699614,0.09788065768343816,0.08874337767044783,0.010272362091651959,0.09621638477942752,0.000162705896293965,27,29,0.08224043473920996,0.17004254730744475,False,False,False,3.0397445671455807e-06,COMPLETE
277,0.4307197511196137,2025-04-21 05:37:40.390120,2025-04-21 05:37:49.676792,0 days 00:00:09.286672,0.1412045278060292,0.1272138393070601,16,0.05389133632970833,0.18027012866376255,0.09477711564175094,0.08175527716525283,0.01163774808739055,0.09450686079127953,0.00024310420942386202,26,23,0.084639604046511,0.1682920618014231,False,False,False,1.8019906803151184e-06,COMPLETE
278,0.43234493136405944,2025-04-21 05:37:49.773877,2025-04-21 05:37:59.091228,0 days 00:00:09.317351,0.17597477224859495,0.16024763844873197,16,0.04464109116811914,0.20894583175990414,0.09839011829146331,0.08637019511998195,0.009199812890713595,0.08960235385805429,0.0001471928341177417,26,32,0.076715616762254,0.16380612739181394,False,False,False,2.7608293736430382e-06,COMPLETE
279,0.4384482502937317,2025-04-21 05:37:59.180698,2025-04-21 05:38:08.512449,0 days 00:00:09.331751,0.19630790383528487,0.17876229483919528,16,0.056022285294121205,0.19760468011966842,0.0998526955662047,0.07819144401015023,0.01656512832576588,0.0969867538880127,0.00020378556356880596,27,26,0.08015440028152443,0.17565357234091108,False,False,False,4.847446996046651e-06,COMPLETE
280,0.4360299825668335,2025-04-21 05:38:08.599978,2025-04-21 05:38:17.996370,0 days 00:00:09.396392,0.21489403752699293,0.13901333449507092,16,0.059740348721486744,0.18840621871692387,0.013361389674465846,0.0909035593973666,0.014223097538236291,0.09311208424708566,0.00018557858823162003,25,29,0.0755026446004075,0.1835495739946903,True,False,False,2.393435660204858e-06,COMPLETE
