number,value,datetime_start,datetime_complete,duration,params_alpha-eval,params_alpha-train,params_batch-size,params_eps-eval,params_eps-train,params_lambda-actions-eval,params_lambda-actions-train,params_lambda-frames-eval,params_lambda-frames-train,params_learning-rate,params_n-epochs,params_n-frames,params_radius-gw,params_rho,params_std-feats,params_ub-actions,params_ub-frames,params_weight-decay,state
964,0.45600789189338686,2025-04-21 07:50:46.820432,2025-04-21 07:50:57.416113,0 days 00:00:10.595681,0.6714604788907532,0.30149057896564085,2,0.19285233618954944,0.11575550590155949,0.013586553302624793,0.09630229443549437,0.017243260548953025,0.058155480837302896,0.00014501082654178404,5,25,0.06824126722325435,0.09645465975916594,True,False,False,2.7956056269288252e-08,COMPLETE
965,0.1468769133090973,2025-04-21 07:50:57.723558,2025-04-21 07:51:07.398046,0 days 00:00:09.674488,0.6087501455914724,0.3099762790172519,2,0.19759962495668631,0.12335960237643998,0.014075350774747029,0.0965787339656121,0.01682456138813308,0.05257122603305462,0.00018450053976554683,5,25,0.06479132365234518,0.09173526335405179,True,True,False,3.666555235504441e-08,COMPLETE
966,0.4589679539203644,2025-04-21 07:51:07.707958,2025-04-21 07:51:18.421224,0 days 00:00:10.713266,0.5779577857421906,0.31555397697184734,2,0.19980643406833895,0.09065812443170179,0.013630930726601685,0.09618351192854617,0.015576111219860446,0.04975316082091692,0.0002141815802788712,5,24,0.0634550021568259,0.08745004469937911,True,False,False,3.189908404720396e-08,COMPLETE
967,0.4444133520126343,2025-04-21 07:51:18.733326,2025-04-21 07:51:29.305085,0 days 00:00:10.571759,0.6086451984572061,0.29207010894605306,2,0.20315754572857475,0.10703185395834143,0.019605371118051544,0.09809234047268557,0.015310544260659677,0.06089442025197691,0.00022036578848655755,5,31,0.0683101241248457,0.08701019928873494,True,False,False,4.39659467850093e-08,COMPLETE
968,0.4620833218097687,2025-04-21 07:51:29.620615,2025-04-21 07:51:45.812827,0 days 00:00:16.192212,0.6902104393968842,0.21634407691170826,2,0.20603667567537753,0.0999538033767488,0.016039490821268862,0.0998869890296121,0.01864115577745048,0.055717405152601554,0.0001533975891742875,14,28,0.06728708828885259,0.10196928526614549,True,False,False,2.2218149763877534e-08,COMPLETE
969,0.46623877286911014,2025-04-21 07:51:46.115551,2025-04-21 07:51:56.714032,0 days 00:00:10.598481,0.5914167651922402,0.2710068318884887,2,0.19980837230283754,0.09557957519799948,0.01833574759017336,0.09996015272913077,0.018334393619893887,0.05143472883844495,0.00022628651745408907,5,25,0.0658638332291058,0.09281361945844914,True,False,False,8.41282474778306e-08,COMPLETE
970,0.44784009456634527,2025-04-21 07:51:57.024519,2025-04-21 07:52:07.629785,0 days 00:00:10.605266,0.6232140870423916,0.26277887168987485,2,0.19078393495465726,0.10417014030520516,0.02111917527273752,0.09996628203454408,0.019361442075307784,0.05129357939660926,0.0002250061178429557,5,35,0.0653026995771313,0.09450829100056779,True,False,False,8.65668316625162e-08,COMPLETE
971,0.0922441676259041,2025-04-21 07:52:07.938462,2025-04-21 07:52:15.121666,0 days 00:00:07.183204,0.6127327582644756,0.2795888631753786,8,0.1961489006497396,0.09822857127673784,0.018999081853368266,0.09819647303785685,0.014873619234583437,0.04913702290867757,0.00018961704285009985,5,24,0.06769285730785501,0.08088917068201092,True,False,True,8.059135167563976e-08,COMPLETE
972,0.4538837850093842,2025-04-21 07:52:15.433992,2025-04-21 07:52:26.092960,0 days 00:00:10.658968,0.5921371793303306,0.25746297239077626,2,0.1847083772184892,0.09138778474977458,0.017406597192934848,0.09993969348777851,0.01903529397665645,0.05365576254895081,0.00017887643014893368,5,29,0.06266606274260886,0.08562582219393425,True,False,False,2.770650004148352e-08,COMPLETE
973,0.45894464850425726,2025-04-21 07:52:26.407411,2025-04-21 07:52:37.041538,0 days 00:00:10.634127,0.6026192041262721,0.2381737617800172,2,0.18171631082715325,0.09334878425100128,0.015056219654934231,0.0980748657516195,0.017516707252222485,0.05125109633372626,0.0002239166154503671,5,27,0.0668353297616456,0.09875467124013175,True,False,False,1.7492958574389654e-08,COMPLETE
974,0.4524702250957489,2025-04-21 07:52:37.341190,2025-04-21 07:52:48.057253,0 days 00:00:10.716063,0.6331333809628255,0.28356550213294746,2,0.19938073750075816,0.11169845534105553,0.027219985348715035,0.09823721185800384,0.01995010608654917,0.05417150010820621,0.0001312625371236002,5,24,0.06489570358017081,0.08805580386055814,True,False,False,3.650360762594573e-08,COMPLETE
975,0.29753445982933047,2025-04-21 07:52:48.366597,2025-04-21 07:52:59.137042,0 days 00:00:10.770445,0.5917459614171044,0.32307997809282785,2,0.19489083698881499,0.09602942279138274,0.017878175707934364,0.09600968205299151,0.015931435059604274,0.0566477820948132,0.00016548273580225224,5,71,0.06974019826963863,0.09035328932561792,True,False,False,4.8587185342406716e-08,COMPLETE
976,0.4452528297901154,2025-04-21 07:52:59.447140,2025-04-21 07:53:10.054027,0 days 00:00:10.606887,0.6205714864952502,0.2989855476415961,2,0.1861293592185709,0.1161224362177749,0.023016815467276554,0.09986116394280042,0.020456393225539465,0.052212715231997074,0.0002498162122814786,5,31,0.06638656922229023,0.08160811630214321,True,False,False,8.730509295018969e-08,COMPLETE
977,0.4671238541603089,2025-04-21 07:53:10.369716,2025-04-21 07:53:21.007347,0 days 00:00:10.637631,0.5899723766148379,0.24965775974457718,2,0.20371512625844265,0.10382594194677053,0.013408813353203977,0.09997056939902017,0.01757390186582593,0.04918551192926834,0.00024413782998410218,5,24,0.06275013681050622,0.10391729001747432,True,False,False,6.757541240622335e-08,COMPLETE
978,0.45787429213523867,2025-04-21 07:53:21.323285,2025-04-21 07:53:31.893247,0 days 00:00:10.569962,0.613644422229695,0.22350281967516064,2,0.20227715813759664,0.1028850296256152,0.013567578011492967,0.0998538372197626,0.01545122808284589,0.04916453562905025,0.00019775436477358017,5,28,0.06324518350927211,0.09634912716519399,True,False,False,6.647106452434478e-08,COMPLETE
979,0.4569429039955139,2025-04-21 07:53:32.193232,2025-04-21 07:53:42.773194,0 days 00:00:10.579962,0.5843991668520216,0.24728380412178497,2,0.2038944393499028,0.1030069162242867,0.01598512814057967,0.07061140434638416,0.016740631787850457,0.049626681229261116,0.00023163135943350514,5,38,0.06613449215858759,0.102930271309243,True,False,False,6.414243371578895e-08,COMPLETE
980,0.4411540746688843,2025-04-21 07:53:43.090166,2025-04-21 07:53:53.704337,0 days 00:00:10.614171,0.5920849159104836,0.2710728994354508,2,0.20773266216244934,0.10888249282632333,0.014836718064746544,0.09815636403553477,0.01808925285863379,0.04852905303536578,0.0001728268401351145,5,33,0.061488572098789517,0.1060447232691349,True,False,False,4.361580303111081e-08,COMPLETE
981,0.4508711934089661,2025-04-21 07:53:54.017857,2025-04-21 07:54:04.598903,0 days 00:00:10.581046,0.6378000721641137,0.21154665453961677,2,0.1878037562862137,0.09471934949109274,0.013026030535888342,0.09988403958776648,0.018499386698881397,0.052426646667697585,0.00011186467096657733,5,25,0.06269079250273463,0.09223338826558972,True,False,False,8.264797995559751e-08,COMPLETE
982,0.4613532900810242,2025-04-21 07:54:04.915079,2025-04-21 07:54:15.466168,0 days 00:00:10.551089,0.6195893301154576,0.2591250210996836,2,0.19800824896993882,0.1079613108098656,0.01930917346716266,0.0979990574592098,0.02051854533263321,0.05131289628061339,0.00020209818126310384,5,30,0.0651483926172738,0.10151217968572882,True,False,False,5.528893619046252e-08,COMPLETE
983,0.46072547435760497,2025-04-21 07:54:15.785093,2025-04-21 07:54:26.386103,0 days 00:00:10.601010,0.6027592896949152,0.2416962629526229,2,0.20973308004157207,0.12482797094986955,0.016998975999295986,0.09813606371881457,0.017867236786288265,0.05432536220593826,0.00024673580742921587,5,25,0.06834606788018177,0.10939482855913822,True,False,False,3.5598354196749395e-08,COMPLETE
984,0.4578747570514679,2025-04-21 07:54:26.705082,2025-04-21 07:54:37.384836,0 days 00:00:10.679754,0.5825256730072952,0.28277395187417015,2,0.19500954940901746,0.12034676260697875,0.012958653282389713,0.09996222127711188,0.02203714717315886,0.04915594051492385,0.00014944296334502561,5,28,0.06912085888519807,0.10921490586186212,True,False,False,7.218632438144478e-08,COMPLETE
985,0.1622239649295807,2025-04-21 07:54:37.687533,2025-04-21 07:54:47.893915,0 days 00:00:10.206382,0.5757697198838122,0.23184365225555947,2,0.2039711884482454,0.10047228700035649,0.01573050277542515,0.09655069351906626,0.014791489728643716,0.05820208957561689,0.00023902749061276553,6,24,0.06692130757607327,0.0965308347994845,True,True,False,4.870504756725356e-08,COMPLETE
986,0.4456137001514435,2025-04-21 07:54:48.211810,2025-04-21 07:54:58.902416,0 days 00:00:10.690606,0.5918039145113033,0.26875076965671657,2,0.19073323229798275,0.11333550846477712,0.018879094633760165,0.099895645003247,0.020606320844610258,0.05088365517211632,0.00018539467052105946,5,33,0.07002369490654259,0.1060436262380493,True,False,False,9.198913957510085e-08,COMPLETE
987,0.4588723599910736,2025-04-21 07:54:59.216658,2025-04-21 07:55:10.461849,0 days 00:00:11.245191,0.6195663439201208,0.30023627233002836,2,0.2112935592497398,0.09305143014321757,0.01468516023957484,0.0965467813002753,0.024806197602725285,0.05570003362154623,0.0002497509324089483,6,27,0.06477931139745452,0.09123241955173346,True,False,False,2.46078439185533e-08,COMPLETE
988,0.4544473111629487,2025-04-21 07:55:10.779644,2025-04-21 07:55:22.065476,0 days 00:00:11.285832,0.66040524947668,0.2527011181688738,2,0.21685696890156395,0.10447817903900526,0.013278150533732214,0.09797654210150102,0.016009770020301926,0.053535940306482566,0.00012783016394361503,6,24,0.0714093874894726,0.11617783301588473,True,False,False,6.987286779701764e-08,COMPLETE
989,0.33123966455459597,2025-04-21 07:55:22.385164,2025-04-21 07:55:33.164972,0 days 00:00:10.779808,0.5760126532051271,0.32283508650008,2,0.20073032896944187,0.09824262751002175,0.020256326645522287,0.09991048722866565,0.019067069753091765,0.05925768316274664,0.00020935862264449422,5,66,0.06833437573863242,0.09988105881086029,True,False,False,9.182219134329608e-08,COMPLETE
990,0.45856080651283265,2025-04-21 07:55:33.468913,2025-04-21 07:55:44.789341,0 days 00:00:11.320428,0.5941917518827533,0.2123244260670939,2,0.20613578781035546,0.11896143843218236,0.01735217547969064,0.09633910814830733,0.022003083769815676,0.05117388838136177,0.00016016744760428194,6,31,0.06134539895425173,0.10676378205739102,True,False,False,4.3489147198797194e-08,COMPLETE
991,0.10247884392738343,2025-04-21 07:55:45.107326,2025-04-21 07:55:54.766114,0 days 00:00:09.658788,0.5742690772787759,0.2977265110910168,2,0.2124050912912132,0.11185482226907857,0.02194463019680982,0.09813210194313901,0.019813981905780032,0.05685853626419283,0.00023976723417927758,5,27,0.07044401514266972,0.11128154193714139,True,False,True,6.375217247505549e-08,COMPLETE
992,0.46148982644081116,2025-04-21 07:55:55.085157,2025-04-21 07:56:06.468891,0 days 00:00:11.383734,0.6422384406709443,0.2767442248303413,2,0.21701518032717493,0.09141901007062711,0.013375335997082545,0.09640163429859828,0.025140149738099648,0.054804882337243795,0.0001892646488366661,6,24,0.06636618736035031,0.12058752390939635,True,False,False,3.403898742740202e-08,COMPLETE
993,0.43498389124870307,2025-04-21 07:56:06.788176,2025-04-21 07:56:14.603659,0 days 00:00:07.815483,0.6149332516128224,0.24580548283105888,8,0.19711707949932342,0.10582400799440467,0.016956377368054647,0.09808531370071291,0.01793429392267124,0.060550553874663224,0.0002191285119141897,6,28,0.0735774086633997,0.08168183896577288,True,False,False,5.166839974761834e-08,COMPLETE
994,0.4513462603092194,2025-04-21 07:56:14.922714,2025-04-21 07:56:25.509153,0 days 00:00:10.586439,0.5709113219112532,0.3233533030789094,2,0.20675839418113753,0.0970010495338879,0.024943414231357916,0.09996125294694527,0.023235797373337776,0.0527022904637574,0.00024709069176511686,5,30,0.07190811763457693,0.09751270384337322,True,False,False,8.923556678671873e-08,COMPLETE
995,0.45858411192893983,2025-04-21 07:56:25.831326,2025-04-21 07:56:37.127486,0 days 00:00:11.296160,0.5969718195323287,0.26380372611099556,2,0.2201575056505101,0.10971633932608196,0.015266346364795588,0.0968569085557843,0.01551789028772635,0.05792695546333252,0.00017563245410410407,6,24,0.06394340931163794,0.10210882425531521,True,False,False,5.7744071503207236e-08,COMPLETE
996,0.4596222758293152,2025-04-21 07:56:37.433586,2025-04-21 07:56:48.708456,0 days 00:00:11.274870,0.571392369457735,0.29464359441276194,2,0.19138462869066514,0.11621982845245492,0.019052774834845895,0.09599713005839138,0.01715763892596846,0.050174339115111335,0.00014088626630563022,6,26,0.0692170181511795,0.11622380511311593,True,False,False,2.896435626476487e-08,COMPLETE
997,0.3079205870628357,2025-04-21 07:56:49.027826,2025-04-21 07:56:59.909499,0 days 00:00:10.881673,0.641919026566609,0.24270735609551727,2,0.21320304578360974,0.09030794043990323,0.015271743911499217,0.09812281582224142,0.020218538482299025,0.05549100935603726,0.00020632541388929357,5,110,0.07418534184560363,0.11057834753382419,True,False,False,4.223146373197032e-08,COMPLETE
998,0.4541992425918579,2025-04-21 07:57:00.227246,2025-04-21 07:57:11.467075,0 days 00:00:11.239829,0.6130093274114974,0.21976184232022553,2,0.20227648410329482,0.10447639426173715,0.013711125306726218,0.09621253559650146,0.02325047854481337,0.052879583501910445,0.0002557803018759055,6,35,0.07044701885821648,0.12186897230568822,True,False,False,7.826322919880599e-08,COMPLETE
999,0.45666396617889404,2025-04-21 07:57:11.786521,2025-04-21 07:57:22.507889,0 days 00:00:10.721368,0.5894729557501837,0.31448091634507863,2,0.20903728285160683,0.09662781985552966,0.01267167445190754,0.09814776972652808,0.02108519618575411,0.04875717778513755,0.00016106656285863654,5,23,0.07186013769249576,0.07442974139336105,True,False,False,6.645763080864042e-08,COMPLETE
1000,0.45449751019477846,2025-04-21 07:57:22.831739,2025-04-21 07:57:34.131422,0 days 00:00:11.299683,0.5623610626532711,0.28239030970887186,2,0.216261130558406,0.10940714162569591,0.017246803687908593,0.09998024115063545,0.014673097962428501,0.054121035141711384,0.0002537288463256623,6,30,0.06834430015345798,0.08765843353446123,True,False,False,9.390122162176182e-08,COMPLETE
1001,0.44240602254867556,2025-04-21 07:57:34.457613,2025-04-21 07:57:45.157409,0 days 00:00:10.699796,0.5655326148828762,0.26114951329302866,2,0.22084747808843888,0.12889004123993786,0.02181533434426209,0.09999051818843885,0.025778479011664947,0.06136941466296948,9.569229394222656e-05,5,27,0.05952731531851396,0.10571537508295123,True,False,False,3.955797272172952e-08,COMPLETE
1002,0.44542138576507573,2025-04-21 07:57:45.464828,2025-04-21 07:57:56.633683,0 days 00:00:11.168855,0.6235593541380984,0.3042506030286693,2,0.1996027459820111,0.10128600928516755,0.018554173047562433,0.09615679208688817,0.018007559336971388,0.05691819041724415,0.00018696547259696667,6,33,0.07429167711760806,0.1245028893206551,True,False,False,5.2780991216400906e-08,COMPLETE
1003,0.4680531680583954,2025-04-21 07:57:56.954944,2025-04-21 07:58:08.790739,0 days 00:00:11.835795,0.6631478231046425,0.22646209291939146,2,0.20760046165356313,0.09111936917142813,0.01610267877492026,0.09803784459090764,0.01927847577901215,0.051570568310745774,0.0002434926176158606,7,23,0.06634171658698299,0.11486369451656714,True,False,False,7.133057747737786e-08,COMPLETE
1004,0.1582008183002472,2025-04-21 07:58:09.114222,2025-04-21 07:58:19.772083,0 days 00:00:10.657861,0.7047957942724855,0.2377663640958733,2,0.19350962227145846,0.08951853396094356,0.015604550198532102,0.09588175062957671,0.02103036386726442,0.048407690377509305,0.00023508915879332174,7,22,0.0666082992513089,0.09401426127645617,True,True,False,9.491431096840389e-08,COMPLETE
1005,0.4652775228023529,2025-04-21 07:58:20.094400,2025-04-21 07:58:31.913856,0 days 00:00:11.819456,0.6675784705345009,0.22684088330170343,2,0.20550853293810317,0.09030316650905607,0.013191220861722286,0.09789163612681599,0.022258093591721526,0.05090390334623274,0.00026314406094193204,7,23,0.06328849140280349,0.11014741993634856,True,False,False,7.426969280214704e-08,COMPLETE
1006,0.4712350964546204,2025-04-21 07:58:32.236479,2025-04-21 07:58:44.096904,0 days 00:00:11.860425,0.6589673570849534,0.2031694457285638,2,0.20805759190178544,0.09534162182218023,0.012737910820382461,0.09605107809075786,0.02386805092349774,0.05898606190214526,0.0002538264079110526,7,23,0.06532248635991697,0.10226349902011743,True,False,False,7.768457173141179e-08,COMPLETE
1007,0.4734180510044098,2025-04-21 07:58:44.426430,2025-04-21 07:58:56.380424,0 days 00:00:11.953994,0.6356166262428861,0.2163302722118367,2,0.1990224527828571,0.09225797127906826,0.01283015740868304,0.09586630579455771,0.025833867642442467,0.05141476682060366,0.00027285657054342086,7,23,0.06458094700775595,0.09739660063172204,True,False,False,9.844279835104496e-08,COMPLETE
1008,0.4697811543941498,2025-04-21 07:58:56.689904,2025-04-21 07:59:08.651069,0 days 00:00:11.961165,0.6812311841326147,0.1964457797788837,2,0.18863840134669482,0.09122794618633599,0.0137386962169587,0.09571029618751413,0.02656131360857922,0.04828347075529942,0.0002651482084310561,7,23,0.06656634278930533,0.09397563863977455,True,False,False,9.506193333004728e-08,COMPLETE
1009,0.47326758503913885,2025-04-21 07:59:08.974204,2025-04-21 07:59:20.834273,0 days 00:00:11.860069,0.6668363218461165,0.20433276424563052,2,0.18585493778046783,0.09079716048676008,0.013119369558854925,0.09531142093411661,0.023307974461624765,0.04838398063340118,0.0002710074459682336,7,23,0.06308074178400737,0.09099027135895284,True,False,False,9.430198710218452e-08,COMPLETE
1010,0.09069189280271531,2025-04-21 07:59:21.155614,2025-04-21 07:59:31.657870,0 days 00:00:10.502256,0.7250695343726765,0.19140947501656286,2,0.1885201847469791,0.09011684536204782,0.013780398729039143,0.09563885546239116,0.02566449011063882,0.04764712161469913,0.0002569154502071551,7,22,0.06215932004722692,0.08593516746680549,True,False,True,1.0130010024885778e-07,COMPLETE
1011,0.4690508544445038,2025-04-21 07:59:31.986410,2025-04-21 07:59:43.881385,0 days 00:00:11.894975,0.7077286097404324,0.20482955266763414,2,0.18671553826366366,0.0906399493517227,0.012693093771549206,0.09564433536299763,0.024265866981643208,0.04815209192680051,0.0002545660770052272,7,23,0.0638730522347774,0.0906791214381702,True,False,False,7.916276793637897e-08,COMPLETE
1012,0.457889997959137,2025-04-21 07:59:44.208040,2025-04-21 07:59:56.219665,0 days 00:00:12.011625,0.7171510791048626,0.19268672449900734,2,0.193632731693051,0.0889150383201162,0.012688768096924354,0.09541325506784486,0.025993313215666065,0.04803974944954752,0.0002786579063257712,7,21,0.0578825508220017,0.09165883153291554,True,False,False,8.615634423298957e-08,COMPLETE
1013,0.46035649180412297,2025-04-21 07:59:56.548063,2025-04-21 08:00:08.566816,0 days 00:00:12.018753,0.7452541059726998,0.1989033831418714,2,0.18765158391516346,0.08996998253410163,0.013349206471444858,0.0952729475930528,0.02443334225885141,0.047524043801612334,0.0002644460889408078,7,22,0.05973591136529307,0.08490778918191964,True,False,False,1.0030950582154258e-07,COMPLETE
1014,0.47443576455116276,2025-04-21 08:00:08.877833,2025-04-21 08:00:20.798241,0 days 00:00:11.920408,0.6769636032066229,0.18329038741898346,2,0.18238141188167076,0.09464579893578834,0.012531114988966651,0.09542170975026545,0.02611888913040116,0.050223867280500656,0.00025907753060824286,7,23,0.060451244055728104,0.0938294001118707,True,False,False,7.686208471691737e-08,COMPLETE
1015,0.4032065212726593,2025-04-21 08:00:21.121584,2025-04-21 08:00:29.133133,0 days 00:00:08.011549,0.6893106156382903,0.2014117793702393,8,0.17539321890886572,0.0934127851324214,0.012746906711824869,0.09543147925651731,0.02619988642754451,0.049643553037447746,0.00023214868542879264,7,22,0.0610715835452822,0.08885338167872793,True,False,False,7.296365502093978e-08,COMPLETE
1016,0.4626198947429657,2025-04-21 08:00:29.455238,2025-04-21 08:00:41.334894,0 days 00:00:11.879656,0.6850242472136092,0.19337846697926575,2,0.18304103060156088,0.09538774607811062,0.014974138599660224,0.09590042141404378,0.024082847122618028,0.048411273438183175,0.0002329104050589433,7,22,0.062047190922491335,0.09177019840389669,True,False,False,7.833100138900341e-08,COMPLETE
1017,0.4706263422966004,2025-04-21 08:00:41.660942,2025-04-21 08:00:53.563950,0 days 00:00:11.903008,0.6841379424810083,0.1892684353387665,2,0.1807080484938873,0.08959378786918853,0.012943182658048655,0.09549760016829717,0.024921519760874627,0.04625886278512793,0.0002695474464414597,7,23,0.06426265141994955,0.09545743699376787,True,False,False,9.310552567767906e-08,COMPLETE
1018,0.46076605916023256,2025-04-21 08:00:53.888713,2025-04-21 08:01:05.786940,0 days 00:00:11.898227,0.7329934323766628,0.17859684609696325,2,0.18502120723794227,0.08824657707049059,0.012232962139956654,0.09474070878343702,0.026673794852704248,0.04586963758562457,0.00027002443574127894,7,22,0.06367337536949236,0.08285128119350121,True,False,False,1.0183286024089709e-07,COMPLETE
1019,0.458716082572937,2025-04-21 08:01:06.114746,2025-04-21 08:01:18.018875,0 days 00:00:11.904129,0.712994483071433,0.1984896288721318,2,0.180909665167778,0.0936600555531063,0.013468311428399162,0.09564837553861445,0.02545906830086827,0.046672630049502915,0.0002799215464020022,7,20,0.060342452515910916,0.09296255770476705,True,False,False,8.410278001621002e-08,COMPLETE
1020,0.46263115406036376,2025-04-21 08:01:18.330828,2025-04-21 08:01:30.288290,0 days 00:00:11.957462,0.6825564443709984,0.179552393937589,2,0.17946980228689488,0.08889646332556758,0.012905929932069873,0.095727238042428,0.023157337718401314,0.046728777852825934,0.0002694613448671008,7,22,0.06358955224059464,0.0786641661230118,True,False,False,7.692741101551737e-08,COMPLETE
