number,value,datetime_start,datetime_complete,duration,params_alpha-eval,params_alpha-train,params_batch-size,params_eps-eval,params_eps-train,params_lambda-actions-eval,params_lambda-actions-train,params_lambda-frames-eval,params_lambda-frames-train,params_learning-rate,params_n-epochs,params_n-frames,params_radius-gw,params_rho,params_std-feats,params_ub-actions,params_ub-frames,params_weight-decay,state
508,0.4257438123226166,2025-04-21 06:20:09.567034,2025-04-21 06:20:20.252463,0 days 00:00:10.685429,0.5535394476922426,0.41851829509254945,2,0.22908308091759041,0.05875975327488081,0.0112255372291185,0.09688071502602849,0.04056190055162177,0.05242606826547963,0.0004674240432266688,5,21,0.08640619874041512,0.03537402450508012,True,False,False,4.300788066340057e-07,COMPLETE
509,0.4375374913215637,2025-04-21 06:20:20.410607,2025-04-21 06:20:32.429893,0 days 00:00:12.019286,0.5340312133172455,0.3788276816075174,2,0.2221319835786234,0.06917126864379367,0.0029783274971130255,0.007664172231627672,0.042413373780618366,0.05541451893488419,0.00040776020947037026,7,15,0.07959523138808841,0.06443036897414911,True,False,False,4.9284278492240766e-08,COMPLETE
510,0.453367418050766,2025-04-21 06:20:32.598190,2025-04-21 06:20:43.217085,0 days 00:00:10.618895,0.554805162658125,0.3882406250738211,2,0.23705768568488836,0.05184770019231391,0.00758954940678651,0.09637002673173951,0.038726219944266865,0.07562264169353386,0.00047957288383904497,5,26,0.08472956886203953,0.09418739734331419,True,False,False,3.5597671146459246e-07,COMPLETE
511,0.3638280153274536,2025-04-21 06:20:43.374253,2025-04-21 06:20:54.691804,0 days 00:00:11.317551,0.489329499496194,0.4766305326273437,2,0.24234318967491342,0.09068072779286912,0.0027826853512923065,0.01842073630993123,0.04009698566463889,0.06674461323820376,0.00022863969432232578,6,18,0.012607681802780685,0.08304991465540526,True,False,False,4.1188152259725423e-07,COMPLETE
512,0.4387737691402436,2025-04-21 06:20:54.851705,2025-04-21 06:21:06.697264,0 days 00:00:11.845559,0.861498502649104,0.3731103031574649,2,0.22793388305283271,0.017865455166060685,0.005393490226841383,0.02085634841067434,0.03726240046227425,0.07362689147405577,0.00035052517643711077,7,23,0.08796394051920306,0.16423659378375063,True,False,False,2.9624315001955397e-07,COMPLETE
513,0.4500203728675843,2025-04-21 06:21:06.866914,2025-04-21 06:21:18.196001,0 days 00:00:11.329087,0.5244442682529805,0.3936893998557037,2,0.23710188205910698,0.041247909289122905,0.008776782468815436,0.09415965694313796,0.036430890835445026,0.04043094897433869,0.0004072323104774883,6,20,0.08084082268587588,0.04784958032462048,True,False,False,9.528256497177335e-08,COMPLETE
514,0.43902058005332945,2025-04-21 06:21:18.353918,2025-04-21 06:21:28.980636,0 days 00:00:10.626718,0.5835881751070169,0.4354513861426897,2,0.2439664624122601,0.06104876194595881,0.004347959121271253,0.0041663510946244875,0.04353032603043031,0.05949044274177998,0.00028400766309010314,5,14,0.0833413112891647,0.15272377044244775,True,False,False,1.923629759857989e-07,COMPLETE
515,0.44797843098640444,2025-04-21 06:21:29.151558,2025-04-21 06:21:40.414186,0 days 00:00:11.262628,0.49443823600749987,0.5184735882945812,2,0.2282646502307897,0.06927603552230983,0.006548143577437021,0.09353345696158397,0.03910030287388486,0.07123627092177352,0.0003293009245474303,6,26,0.09008094337938198,0.06060791513389887,True,False,False,3.2943039153541005e-07,COMPLETE
516,0.44886440634727476,2025-04-21 06:21:40.572665,2025-04-21 06:21:52.457466,0 days 00:00:11.884801,0.5169625940306422,0.4928359504768286,2,0.25629089107975067,0.08234041694013494,0.0028523915645460368,0.0965132131660591,0.03305900358959997,0.07635039355505419,0.00042626693223487845,7,21,0.08419040318658257,0.07054065256146494,True,False,False,9.265703651313422e-05,COMPLETE
517,0.45861866474151614,2025-04-21 06:21:52.615166,2025-04-21 06:22:03.219729,0 days 00:00:10.604563,0.5418591627561402,0.42453010517221473,2,0.2224538800475349,0.03641010353594686,0.0010268422611297897,0.03748459099180256,0.04121757535556412,0.044066771787810925,0.00024273315993390542,5,24,0.07952576305257095,0.1589938720337762,True,False,False,2.2515111842623935e-07,COMPLETE
518,0.40741040706634524,2025-04-21 06:22:03.392362,2025-04-21 06:22:14.560391,0 days 00:00:11.168029,0.5002704836986223,0.4121430041041207,2,0.23548595194415223,0.02442450282236732,0.007068730963382352,0.09205638087341017,0.03586402076564983,0.04970527743636487,0.0004801553623898428,6,17,0.08639138846915118,0.02415819031803932,True,False,False,4.313314614847204e-07,COMPLETE
519,0.16049841046333313,2025-04-21 06:22:14.719458,2025-04-21 06:22:24.310427,0 days 00:00:09.590969,0.5677254451746764,0.449589744082201,2,0.2496463648733854,0.04707558028588425,0.012296417658681147,0.09446488260978288,0.0376866537832084,0.03381370220455904,0.00027583960955037263,5,26,0.08215382080599136,0.10104592205983692,True,True,False,1.4378380525850465e-07,COMPLETE
520,0.09055355936288834,2025-04-21 06:22:24.482991,2025-04-21 06:22:36.253136,0 days 00:00:11.770145,0.5269252173772131,0.5513091679866406,2,0.24337304058643958,0.008420954284764984,0.003663170060114333,0.0889839287772951,0.03454370458065848,0.07433583196194572,0.00035196430003201715,7,69,0.08867697198152917,0.138829600190474,True,False,False,3.042973848586535e-07,COMPLETE
521,0.45890218615531925,2025-04-21 06:22:36.413104,2025-04-21 06:22:47.724515,0 days 00:00:11.311411,0.4876498221567615,0.47793533241656755,2,0.23127705661484785,0.06506905970855759,0.005309803071825607,0.09601524202023713,0.03190612922179026,0.07656478908615705,0.0003116204713449665,6,21,0.0838708645396394,0.1651231896617373,True,False,False,2.2515377115610136e-07,COMPLETE
522,0.4484282791614533,2025-04-21 06:22:47.885401,2025-04-21 06:22:58.523878,0 days 00:00:10.638477,0.44477271802355195,0.4617017206930995,2,0.26552386487251045,0.07089543124017197,0.009911778275706643,0.09255727279541781,0.03953073641424989,0.07178320031929153,0.0004077415367064284,5,18,0.08606680858262758,0.15062864122282885,True,False,False,4.4822573430222005e-07,COMPLETE
523,0.46390892863273625,2025-04-21 06:22:58.694406,2025-04-21 06:23:09.906600,0 days 00:00:11.212194,0.5140646458612413,0.3885241309805746,2,0.23884232161126087,0.057602097704177915,0.008187037539992692,0.09059650587380538,0.03697773352641056,0.0681002823358265,0.00023802576659830778,6,23,0.08136867946630695,0.1316051790989399,True,False,False,1.7929746134116306e-07,COMPLETE
524,0.4386654615402222,2025-04-21 06:23:10.070684,2025-04-21 06:23:21.864160,0 days 00:00:11.793476,0.5502613370532135,0.38783401492999947,2,0.24018857167449295,0.05436996307983373,0.009144703115889465,0.08805234481659707,0.045384829589912655,0.06783308055857744,0.0002346618543456659,7,11,0.07963691868046438,0.12761569227332473,True,False,False,1.1991024618441375e-07,COMPLETE
525,0.4498619675636292,2025-04-21 06:23:22.037753,2025-04-21 06:23:33.192497,0 days 00:00:11.154744,0.527442170910057,0.3621136169790909,2,0.2530843383666557,0.06091898068183942,0.007438192893604596,0.09005715147798732,0.04234954871052597,0.06844014709364078,0.0002167404696751607,6,27,0.08147198677916188,0.1302299240594284,True,False,False,1.570220548378533e-07,COMPLETE
526,0.2848776876926422,2025-04-21 06:23:33.356231,2025-04-21 06:23:44.031430,0 days 00:00:10.675199,0.5150251847521672,0.400057884949184,2,0.24678464765881872,0.049952565275915566,0.006268880970590633,0.09104137278772215,0.034086883294853536,0.06307224602853942,0.00026103599437619413,5,78,0.0815758905042674,0.11432349275725337,True,False,False,1.0242004964755561e-07,COMPLETE
527,0.18210779130458832,2025-04-21 06:23:44.193413,2025-04-21 06:23:54.311659,0 days 00:00:10.118246,0.5673772257783145,0.379543277391134,2,0.2399116859214932,0.028963273672851314,0.010570977336448675,0.08840832804605661,0.030876557743305617,0.06641244933636241,0.06720387061625964,6,20,0.09102874642314941,0.13947449927021213,True,False,True,1.9061508167608298e-07,COMPLETE
528,0.46210881471633913,2025-04-21 06:23:54.484661,2025-04-21 06:24:05.679888,0 days 00:00:11.195227,0.5455893550085799,0.41559791804094226,2,0.2456586397500552,0.037751390392315426,0.002641257546499149,0.09211145130873434,0.03807711606260134,0.03774014430552703,0.00022170096626875945,6,24,0.07931124174943456,0.13295147361231133,True,False,False,2.609641552151923e-07,COMPLETE
529,0.4545658588409424,2025-04-21 06:24:05.844433,2025-04-21 06:24:17.571092,0 days 00:00:11.726659,0.48564433800352935,0.4155739404183557,2,0.23549609653681983,0.03793685978428001,0.0024623152541779062,0.09241004071657037,0.03868487235884736,0.07086923041011539,0.00022383512374146556,7,26,0.07851057411941845,0.12291211363985381,True,False,False,2.35595192471084e-07,COMPLETE
530,0.4573601365089417,2025-04-21 06:24:17.745284,2025-04-21 06:24:28.409515,0 days 00:00:10.664231,0.5076733073224389,0.39512733198430616,2,0.26016660559688193,0.041967607527375266,0.0026151231045947153,0.09074688313828533,0.040627510521659194,0.04273280443991117,0.00021179288176406675,5,24,0.07953202947249587,0.13246848767647662,True,False,False,2.8698017381472545e-07,COMPLETE
531,0.44391995668411255,2025-04-21 06:24:28.572571,2025-04-21 06:24:40.400434,0 days 00:00:11.827863,0.5499805626810286,0.41696339261053933,2,0.22198594101691976,0.03399993291861634,0.001087437857558161,0.09336719474956659,0.037428187489713965,0.0729368331835651,0.0002627098428045625,7,27,0.08112769195604519,0.13512368514879716,True,False,False,2.446025280916592e-07,COMPLETE
532,0.44956471323966984,2025-04-21 06:24:40.575423,2025-04-21 06:24:51.029066,0 days 00:00:10.453643,0.5114325023202106,0.35896073903538894,2,0.24427165287877406,0.023303964943679763,0.00787264786178612,0.08925811496257599,0.040778448807622034,0.03890250805745679,0.000266884169875943,5,18,0.0885735458285255,0.11923990343005604,True,False,False,3.555890626106779e-07,COMPLETE
533,0.4598830163478852,2025-04-21 06:24:51.190955,2025-04-21 06:25:02.390412,0 days 00:00:11.199457,0.5877387336511153,0.43209054557912735,2,0.2354865237410114,0.044954429436455376,0.005318400209403067,0.09190625184323084,0.03631747701869076,0.027370806518126543,0.0002932740782001021,6,23,0.08343182513075025,0.1381752547869579,True,False,False,2.0680652963235149e-07,COMPLETE
534,0.27375158071517947,2025-04-21 06:25:02.555247,2025-04-21 06:25:16.478925,0 days 00:00:13.923678,0.44448811247031583,0.4012396164898949,2,0.2574761102993282,0.05580187943327333,0.0010030437525227727,0.08781345710811816,0.03854282984642229,0.06993587854406898,0.00022282120100469653,9,141,0.08703639310754835,0.12622920625895295,True,False,False,2.8733772827531387e-07,COMPLETE
535,0.4493256449699402,2025-04-21 06:25:16.655464,2025-04-21 06:25:28.347280,0 days 00:00:11.691816,0.6036580877513037,0.38207187167933615,2,0.2281480012217,0.03494048315438244,0.012915636114090606,0.09401228746369919,0.04292056302895482,0.0316109016346099,0.0004044304982706901,7,14,0.08169059731097345,0.16389978149484083,True,False,False,1.7830051929448035e-07,COMPLETE
536,0.45218104720115665,2025-04-21 06:25:28.510493,2025-04-21 06:25:39.629598,0 days 00:00:11.119105,0.48536117252249594,0.42188954870975554,2,0.24175955755472653,0.030599725620822676,0.006087064561923859,0.09041161396801776,0.03301972284588812,0.03587663996719681,0.0004860142556856135,6,20,0.07888859759042498,0.12991184721951882,True,False,False,3.5097552472461726e-07,COMPLETE
537,0.4577836632728577,2025-04-21 06:25:39.806905,2025-04-21 06:25:50.289655,0 days 00:00:10.482750,0.5366927692331671,0.4914544396786469,2,0.2519736542141605,0.04775922281827073,0.009034015718845807,0.09223137549697226,0.03588499447193975,0.07404683262503495,0.0003075889589987984,5,24,0.08474018348460395,0.14202731144739464,True,False,False,2.4935400712564984e-07,COMPLETE
538,0.1264886051416397,2025-04-21 06:25:50.454662,2025-04-21 06:26:00.012213,0 days 00:00:09.557551,0.5169968412825886,0.3766904010812978,2,0.24559232587177438,0.05944962490812215,0.0040497412075533356,0.09475956638295713,0.03881139599821974,0.07680298371932658,0.00021323872762772425,5,18,0.08991985235284274,0.07074435999697753,True,True,False,4.6510557135265607e-07,COMPLETE
539,0.44822798371315004,2025-04-21 06:26:00.179094,2025-04-21 06:26:11.891470,0 days 00:00:11.712376,0.48874713224947697,0.43900032573807213,2,0.23462104855236401,0.020579833967921356,0.007086627545095481,0.0899810314304936,0.03705483951857881,0.05751611131080614,0.0003630274214976344,7,27,0.08770537964767508,0.1670262411343758,True,False,False,4.620169706051845e-07,COMPLETE
540,0.4563839077949524,2025-04-21 06:26:12.067705,2025-04-21 06:26:23.331678,0 days 00:00:11.263973,0.5653827859742017,0.5259538448884425,2,0.2272085699946474,0.04164911666347817,0.0029530036917737807,0.0961257339434557,0.040763363909202044,0.07240579049489579,0.0002633997959633427,6,21,0.08276993664830014,0.09000586037854325,True,False,False,3.001201565508836e-07,COMPLETE
541,0.4517070114612579,2025-04-21 06:26:23.497268,2025-04-21 06:26:34.730957,0 days 00:00:11.233689,0.5066121887016797,0.3973848592402926,2,0.22023476672990747,0.07260494766593399,0.005250583540034845,0.09341330986947223,0.03423609022302071,0.07449264298746808,0.0004979999815905525,6,24,0.08577903524063382,0.15668026850352834,True,False,False,1.9179668293830707e-07,COMPLETE
542,0.44190171360969543,2025-04-21 06:26:34.908125,2025-04-21 06:26:48.136716,0 days 00:00:13.228591,0.449564677593842,0.4772913544979643,2,0.2526272994577605,0.05134110453107311,0.031173573406126455,0.08791055174000979,0.03221640584725925,0.028296020246351673,0.0003587813356545201,9,14,0.08156151341741402,0.1340264039452148,True,False,False,3.9188758414276314e-07,COMPLETE
543,0.4495084822177887,2025-04-21 06:26:48.305104,2025-04-21 06:27:00.178321,0 days 00:00:11.873217,0.5345998234706262,0.4168655670703254,2,0.2369428801426011,0.06324683835659178,0.011212631196064124,0.09139910772100907,0.03806447652487976,0.053364328125203316,0.0002918665604922492,7,27,0.09092745919642375,0.14583842985077075,True,False,False,1.4103920814983746e-07,COMPLETE
544,0.10428743809461595,2025-04-21 06:27:00.357240,2025-04-21 06:27:09.886029,0 days 00:00:09.528789,0.5518028861852946,0.9399517259602921,2,0.2610836573288462,0.029563847129651946,0.0028917484144658752,0.09387256546877258,0.03555573553738704,0.02329079834976726,0.00041450457821363176,5,21,0.08014576869395883,0.1534413580369023,True,False,True,2.85386423785851e-07,COMPLETE
545,0.45902420878410344,2025-04-21 06:27:10.052958,2025-04-21 06:27:21.175219,0 days 00:00:11.122261,0.48900619044440635,0.4439669680677376,2,0.2456363230589582,0.03892677857269155,0.008490492430758664,0.09017246121214387,0.03947293635393179,0.06509586012599715,0.0002300882510009672,6,17,0.08414745537616905,0.16113780223428617,True,False,False,2.1114973134544453e-07,COMPLETE
546,0.45192264914512636,2025-04-21 06:27:21.346599,2025-04-21 06:27:32.419111,0 days 00:00:11.072512,0.6363928825932454,0.5007289018794185,2,0.23849609732959337,0.015199850962403932,0.004963786366510422,0.09665037484548965,0.043242843833074175,0.06966941201946056,0.0003045136010830568,6,24,0.0882632612025166,0.16631106283503327,True,False,False,2.842009087835244e-08,COMPLETE
547,0.45528802275657654,2025-04-21 06:27:32.597386,2025-04-21 06:27:43.322500,0 days 00:00:10.725114,0.5261469361556521,0.4344285154558757,2,0.23080819719140716,0.05694871501045719,0.006390190343814421,0.09221884338395453,0.0302565845451682,0.07135136038728228,0.00020847921293140587,5,20,0.08584761503362796,0.1500868298674028,True,False,False,4.1320745114764493e-07,COMPLETE
548,0.39605144858360297,2025-04-21 06:27:43.490366,2025-04-21 06:27:55.422762,0 days 00:00:11.932396,0.48073465721862874,0.4665925649128896,2,0.25039273775647575,0.06492719141713804,0.0037830557612569525,0.09418439528305408,0.04665000484799962,0.0768492637501373,0.0004934756079009532,7,55,0.08267365907370045,0.14415381379829428,True,False,False,1.2508885171466828e-07,COMPLETE
549,0.44605352282524113,2025-04-21 06:27:55.603187,2025-04-21 06:28:13.740666,0 days 00:00:18.137479,0.4134086000583377,0.3632963761976804,2,0.24157006944912332,0.072148179580862,0.0027881351937810643,0.08823673706943645,0.03368392084084964,0.014197067762643886,0.00036360166366132237,17,27,0.07968789096470896,0.05386833157802359,True,False,False,2.460148117454026e-07,COMPLETE
550,0.4547084569931031,2025-04-21 06:28:13.910926,2025-04-21 06:28:24.617248,0 days 00:00:10.706322,0.504352474905092,0.40759115960172154,2,0.2556910974272829,0.046140213887220824,0.00955225821932289,0.09176481845497764,0.03675342416022205,0.07469452958709609,0.0002713486825278481,5,23,0.08654584855541711,0.14049144715360554,True,False,False,1.638189470467403e-07,COMPLETE
551,0.45740963816642766,2025-04-21 06:28:24.805189,2025-04-21 06:28:35.977902,0 days 00:00:11.172713,0.5203664874841059,0.37575698118293954,2,0.22603650295913688,0.026836915702463715,0.007182637626436537,0.09674859198463738,0.040646649462018916,0.07669673722233283,0.0004026229637437967,6,17,0.08408160077021312,0.1575737577444628,True,False,False,7.599711500094915e-08,COMPLETE
552,0.4388553261756897,2025-04-21 06:28:36.146839,2025-04-21 06:28:48.724028,0 days 00:00:12.577189,0.45138140505009233,0.45263218159546664,2,0.24674823530951548,0.035561839361884805,0.001057364484367435,0.08968853289471727,0.035383802402797114,0.07283338472994716,0.0003240746875115628,8,22,0.04111938713712949,0.16624287714862732,True,False,False,3.183824346808527e-07,COMPLETE
553,0.44969077706336974,2025-04-21 06:28:48.907865,2025-04-21 06:29:00.768161,0 days 00:00:11.860296,0.4721650789690226,0.41786398735627395,2,0.23143646034370843,0.05829867857650983,0.005061116628625895,0.09460642834298355,0.038125417343804105,0.06889733443535263,0.0002487530881326572,7,27,0.08856036101078492,0.1313076878371513,True,False,False,4.7587284283867207e-07,COMPLETE
554,0.44720029830932617,2025-04-21 06:29:00.937993,2025-04-21 06:29:14.262686,0 days 00:00:13.324693,0.5486942423715525,0.5102868937649143,2,0.2646182680965131,0.06718693987674397,0.004431563476966414,0.0922719968637341,0.0420399973243088,0.07105627963252442,0.00048643256734495847,9,20,0.09100474946037189,0.1523171758014888,True,False,False,3.5582488502846285e-07,COMPLETE
555,0.39866443872451784,2025-04-21 06:29:14.436972,2025-04-21 06:29:25.755916,0 days 00:00:11.318944,0.49863119160787434,0.39340882275069805,2,0.23902520485673712,0.08135897994581777,0.007856773380286862,0.09543068445196654,0.0322084891604032,0.07960581422658641,0.00034080031566371055,6,12,0.08201079696716623,0.13585757586598424,True,False,False,1.6849192144238106e-07,COMPLETE
556,0.4576564550399781,2025-04-21 06:29:25.937049,2025-04-21 06:29:36.513303,0 days 00:00:10.576254,0.5675941826995994,0.48532636853133193,2,0.23392815048264573,0.05101416322423942,0.002528708761288741,0.09032999922594438,0.03520842952379665,0.07410403162630243,0.0004189125326266751,5,24,0.07829925690144404,0.12486066512616192,True,False,False,2.2954395081865804e-07,COMPLETE
557,0.1484720528125763,2025-04-21 06:29:36.684929,2025-04-21 06:29:47.756537,0 days 00:00:11.071608,0.5242980104498642,0.4323476637163301,2,0.22128842494012393,0.0726214860499343,0.006100094407616986,0.09336263493372234,0.03949608280896493,0.07856296345750403,0.0002072460649761548,8,15,0.08601569288248972,0.16100526014194416,True,True,False,2.691151138172911e-07,COMPLETE
558,0.39673445224761966,2025-04-21 06:29:47.938887,2025-04-21 06:29:58.436278,0 days 00:00:10.497391,0.48173713669640844,0.45734083641779255,2,0.24405366864051514,0.08887806039462605,0.0037823063886556416,0.08764315665212676,0.03726008882284603,0.07673428320572347,0.0002659647456871837,5,8,0.08448957076470254,0.16802843089237418,True,False,False,4.867440589793788e-07,COMPLETE
559,0.4641698479652405,2025-04-21 06:29:58.608750,2025-04-21 06:30:09.933220,0 days 00:00:11.324470,0.5071448582924084,0.3980422799475338,2,0.25155442492785063,0.06446757247466048,0.010293079843376535,0.09694023083928227,0.03364868960288935,0.06816996717033623,0.0003005542827856649,6,20,0.08100191684435724,0.14903271584014605,True,False,False,3.446167627533038e-07,COMPLETE
560,0.4618777096271515,2025-04-21 06:30:10.118597,2025-04-21 06:30:21.329932,0 days 00:00:11.211335,0.5398058540364091,0.4012552946801734,2,0.2585891245925954,0.04051224054449029,0.013047831597013046,0.09732429381569338,0.0307023366063066,0.06072224035127588,0.0002279176493241153,6,24,0.08039798126811123,0.14922394484492071,True,False,False,3.513591832813132e-07,COMPLETE
561,0.450603061914444,2025-04-21 06:30:21.503350,2025-04-21 06:30:32.612302,0 days 00:00:11.108952,0.5121972983328733,0.42105701875348756,2,0.2521484588958561,0.03173311788768851,0.01064935944766267,0.09138036997391914,0.044798064015038906,0.06408884813957531,0.00027879633228353347,6,27,0.08258595905660249,0.14282203138588168,True,False,False,1.9522418728162124e-07,COMPLETE
562,0.4531443893909455,2025-04-21 06:30:32.785568,2025-04-21 06:30:44.077496,0 days 00:00:11.291928,0.5289097148881114,0.440652184051778,2,0.24958332407288358,0.0660815236585761,0.008951471470551422,0.09347541691415003,0.03600339569001407,0.06745562855888373,0.00031586927403092955,6,18,0.08054397788674726,0.1541691831672659,True,False,False,2.9662831223570825e-07,COMPLETE
563,0.09433867931365966,2025-04-21 06:30:44.259248,2025-04-21 06:30:54.810735,0 days 00:00:10.551487,0.5042908425377971,0.47358041315660393,2,0.26850216763153134,0.021175656592959634,0.0071336074524571205,0.08941762975940758,0.03927788622057974,0.07008283550355397,0.0002530184954882317,7,22,0.07903823009214468,0.14658992081031721,True,False,True,1.1047156807833794e-07,COMPLETE
564,0.4552494704723358,2025-04-21 06:30:54.985261,2025-04-21 06:31:05.593321,0 days 00:00:10.608060,0.5707565767454519,0.39077637743271804,2,0.2560420346824881,0.07897488002958278,0.0011321514898315031,0.09664674851535661,0.04165937325688116,0.06828757627039594,0.00034196915883449495,5,25,0.08294964698947153,0.13683837305897176,True,False,False,4.081997102160727e-07,COMPLETE
