number,value,datetime_start,datetime_complete,duration,params_alpha-eval,params_alpha-train,params_batch-size,params_eps-eval,params_eps-train,params_lambda-actions-eval,params_lambda-actions-train,params_lambda-frames-eval,params_lambda-frames-train,params_learning-rate,params_n-epochs,params_n-frames,params_radius-gw,params_rho,params_std-feats,params_ub-actions,params_ub-frames,params_weight-decay,state
1304,0.3961870014667511,2025-04-21 09:01:43.637960,2025-04-21 09:01:57.309588,0 days 00:00:13.671628,0.6686270518435473,0.05377914256127154,2,0.1922751767009066,0.10102969435134322,0.018461823314571545,0.06328433747936991,0.06609352752397236,0.053904442083220386,0.00035219253723729825,9,114,0.05628877162196788,0.07737407364901319,True,False,False,8.286517145046494e-08,COMPLETE
1305,0.422542941570282,2025-04-21 09:01:57.722907,2025-04-21 09:02:10.423360,0 days 00:00:12.700453,0.7307078424206098,0.09391457288829362,2,0.1824731346675237,0.11164303093281705,0.015897044559945665,0.06558828307455625,0.06972679412717986,0.04542881517453808,0.0004281694747549727,8,22,0.04157465822546906,0.07406701343839361,True,False,False,1.2642117676281478e-07,COMPLETE
1306,0.42877261042594916,2025-04-21 09:02:10.856557,2025-04-21 09:02:23.531889,0 days 00:00:12.675332,0.6615408233780298,0.1126836454914712,2,0.17639367114491483,0.09628419958271944,0.020508593561170272,0.058874606115936735,0.06227164709964948,0.05127619202673873,0.0005753366901117718,8,18,0.04743463526959598,0.08098443313750411,True,False,False,1.0089965061357918e-07,COMPLETE
1307,0.43333125114440924,2025-04-21 09:02:23.956431,2025-04-21 09:02:36.346465,0 days 00:00:12.390034,0.6968689821256746,0.11468496260322135,2,0.18956804354319734,0.10655562718105832,0.013992212111646748,0.06166029610359035,0.05212016527306755,0.048577717767417455,0.00033879794516064447,8,9,0.05100337100104949,0.08586855514774853,True,False,False,8.07716601502707e-08,COMPLETE
1308,0.46777401566505433,2025-04-21 09:02:36.764211,2025-04-21 09:02:50.590796,0 days 00:00:13.826585,0.6628333319515047,0.09257169053841294,2,0.12735741648898782,0.09039498051685915,0.011548020637884945,0.06662681949161939,0.05846004290147602,0.04997643272936075,0.0004388588892655182,10,25,0.04858375981870302,0.08711465262968851,True,False,False,1.6627207674307033e-07,COMPLETE
1309,0.4627688527107239,2025-04-21 09:02:51.006343,2025-04-21 09:03:04.238067,0 days 00:00:13.231724,0.632793861451961,0.06228411862952143,2,0.1960918944155864,0.09980209442557622,0.04131044157583963,0.05880160562779554,0.06051605847140102,0.05206453123693189,0.0003447573441869322,9,21,0.05337886915362601,0.0677127322473682,True,False,False,1.2558079377026758e-07,COMPLETE
1310,0.3838406682014466,2025-04-21 09:03:04.656496,2025-04-21 09:03:12.848116,0 days 00:00:08.191620,0.7113748762510013,0.12811247799741518,8,0.16815398204448348,0.08868923947417162,0.016957751762869285,0.06315938597870446,0.06651587192291931,0.028594060089934193,0.0005662256419287751,8,27,0.046685664990628296,0.08088596679007819,True,False,False,9.619388189197551e-08,COMPLETE
1311,0.14081285297870635,2025-04-21 09:03:13.264249,2025-04-21 09:03:24.369983,0 days 00:00:11.105734,0.6771444168927945,0.04269142890526319,2,0.1814282337218923,0.09457870795099982,0.01468460201986921,0.06453833261776108,0.06507049380323475,0.04674663517270303,0.00039433518710907254,8,24,0.05678554841184334,0.09096052190335474,True,True,False,7.331206397277444e-08,COMPLETE
1312,0.4418106853961945,2025-04-21 09:03:24.785337,2025-04-21 09:03:37.510765,0 days 00:00:12.725428,0.6557228008670621,0.6652741986649083,2,0.1745910993489329,0.10481679824408636,0.062320866480241946,0.056043030115869585,0.05621810680606608,0.053470353489548206,0.00033124081495119014,8,19,0.05781912892880619,0.07500609150153964,True,False,False,1.2884865174173788e-07,COMPLETE
1313,0.4459424793720245,2025-04-21 09:03:37.928008,2025-04-21 09:03:51.130357,0 days 00:00:13.202349,0.6944506048343522,0.08495878132993712,2,0.1885154179141817,0.08647859724813166,0.01016021018358956,0.061512911605604896,0.06847288662088295,0.048375191332881096,0.0004266471060841886,9,13,0.05186419008567173,0.08684987018440152,True,False,False,8.546868128973486e-08,COMPLETE
1314,0.46340641975402835,2025-04-21 09:03:51.547327,2025-04-21 09:04:04.026015,0 days 00:00:12.478688,0.7630769083311241,0.11817014997279218,2,0.1678559065381514,0.09719918912399514,0.024788079910334496,0.059765757669288815,0.06426305039398528,0.04503389396424642,0.0004972649113464781,8,23,0.057588389691982586,0.08168596157029925,True,False,False,1.0736314482041774e-07,COMPLETE
1315,0.345698618888855,2025-04-21 09:04:04.460645,2025-04-21 09:04:16.432872,0 days 00:00:11.972227,0.6170920548381685,0.06860212357079574,2,0.20046082357427425,0.09002846119965618,0.05339039650059728,0.06264789541698548,0.06122430018826453,0.05046244229491301,0.010876114865864718,7,27,0.060411947417322906,0.08915545479898379,True,False,False,1.5910040658154236e-07,COMPLETE
1316,0.43188192248344426,2025-04-21 09:04:16.854416,2025-04-21 09:04:29.590987,0 days 00:00:12.736571,0.7303613950588396,0.10326670383686112,2,0.18236885350181709,0.09516012978446627,0.012602493619330364,0.057363259304043776,0.06272037646814618,0.04749554465379284,0.00033711526631546184,8,16,0.054563034784871574,0.06192281857350203,True,False,False,6.467652766134019e-08,COMPLETE
1317,0.09533594399690629,2025-04-21 09:04:30.016391,2025-04-21 09:04:41.070908,0 days 00:00:11.054517,0.6347491076564559,0.07760626726483319,2,0.19214212827793728,0.10119978553378421,0.01896534856885485,0.06896803607726201,0.06710857358588733,0.04976806448495212,0.0004537587703889699,8,23,0.062047150168120555,0.08767881812015867,True,False,True,8.588502322606251e-08,COMPLETE
1318,0.4602845072746277,2025-04-21 09:04:41.490068,2025-04-21 09:04:53.518840,0 days 00:00:12.028772,0.6712563305415832,0.13298387718652943,2,0.17983050490035807,0.11014255068039851,0.01607245632914761,0.06144672736354835,0.06959381756061363,0.05389493435784715,0.00037513145374631446,7,20,0.05652575796606655,0.07096888029390998,True,False,False,1.1195340878637494e-07,COMPLETE
1319,0.46173946261405946,2025-04-21 09:04:53.940597,2025-04-21 09:05:07.199328,0 days 00:00:13.258731,0.652690630058015,0.09986542366813102,2,0.17541745283868843,0.08809793004984287,0.013298428279878486,0.06545660071481757,0.06456831373280095,0.0450574178029772,0.0003085320223311558,9,27,0.04325929432774434,0.09121814421700421,True,False,False,1.35081263642057e-07,COMPLETE
1320,0.46042102575302124,2025-04-21 09:05:07.620662,2025-04-21 09:05:19.660256,0 days 00:00:12.039594,0.6852709804633798,0.12485471016001451,2,0.18478074615828596,0.10185045376763094,0.017938087513816706,0.05925181259455561,0.05481855853599152,0.047053542170786715,0.0005987029378295187,7,20,0.059131927156059645,0.08181850635332344,True,False,False,6.975987972645905e-08,COMPLETE
1321,0.45780054926872255,2025-04-21 09:05:20.079661,2025-04-21 09:05:32.601300,0 days 00:00:12.521639,0.712285364351047,0.04291911865055546,2,0.16493596409968797,0.09637466078710416,0.01037552018810945,0.06685823435907097,0.06681747196600063,0.05154494537153453,0.0003967822765169458,8,24,0.0632587539100661,0.07622503124393054,True,False,False,9.305650080277259e-08,COMPLETE
1322,0.4339426696300507,2025-04-21 09:05:33.019065,2025-04-21 09:05:45.754328,0 days 00:00:12.735263,0.6354267060032678,0.07927670053668776,2,0.2008635511399012,0.08634174013773216,0.022325035921136358,0.06415564723344758,0.059021272198933036,0.005947822362285797,0.0003247074437036736,8,16,0.05162994489748164,0.09220766952292508,True,False,False,1.0529837152796795e-07,COMPLETE
1323,0.45804678201675414,2025-04-21 09:05:46.194903,2025-04-21 09:05:59.389916,0 days 00:00:13.195013,0.6665083540518042,0.10637250059813635,2,0.1943854378203687,0.0927793997315443,0.01492121041133855,0.061772230383424505,0.06288058241069029,0.0493953373567418,0.0004870985546684146,9,28,0.049218996833684886,0.08377253553659499,True,False,False,1.6474492133834523e-07,COMPLETE
1324,0.43325960636138916,2025-04-21 09:05:59.817930,2025-04-21 09:06:11.769947,0 days 00:00:11.952017,0.6862230283307568,0.5904966493348374,2,0.18745645590264634,0.10749897574561813,0.019931016726916568,0.0679912256778574,0.06546850944792229,0.05189018187578081,0.0003127738973306696,7,21,0.061990512175981415,0.08891572843901496,True,False,False,7.595715598807234e-08,COMPLETE
1325,0.471255111694336,2025-04-21 09:06:12.194730,2025-04-21 09:06:24.095046,0 days 00:00:11.900316,0.6135288249098565,0.11530944935517626,2,0.17197053212962507,0.10103361194829846,0.012533121193766365,0.0592076427270434,0.06037314471160397,0.05461274841917235,0.00041565906236861735,7,25,0.06497555028588432,0.06735793302534777,True,False,False,1.2365083472332144e-07,COMPLETE
1326,0.4426213800907135,2025-04-21 09:06:24.526164,2025-04-21 09:06:36.367439,0 days 00:00:11.841275,0.6140624664126396,0.09263801833481623,2,0.16484561694784253,0.1155105127639839,0.010661771518946374,0.05893029613808616,0.05774252455233284,0.05492935714697104,0.0005872716142837928,7,29,0.06483766584371423,0.060404136704457795,True,False,False,1.4681873423670526e-07,COMPLETE
1327,0.4504656255245209,2025-04-21 09:06:36.791219,2025-04-21 09:06:48.722276,0 days 00:00:11.931057,0.6245147798816554,0.062490556466905614,2,0.17147259904999562,0.10638580314520041,0.010235916684339803,0.059650866767796885,0.060751046958789946,0.05604551378168502,0.0004973671375869859,7,26,0.06625472623111921,0.05878747168771162,True,False,False,1.3042676258000866e-07,COMPLETE
1328,0.4614956617355347,2025-04-21 09:06:49.144120,2025-04-21 09:07:00.936074,0 days 00:00:11.791954,0.6201857914664309,0.12077751299329313,2,0.17026003876189258,0.11419486221308364,0.012381785821142455,0.060536412073315754,0.05550023493748905,0.0551464443156913,0.0005703347205760817,7,29,0.05398126440259869,0.06712805354785793,True,False,False,1.7104475747628705e-07,COMPLETE
1329,0.47061983942985536,2025-04-21 09:07:01.359633,2025-04-21 09:07:13.349716,0 days 00:00:11.990083,0.6077146888356971,0.09573802414368152,2,0.16713521767616,0.10311241998426027,0.012145030022354118,0.05501145139284032,0.05731148005508915,0.0534618797196207,0.0004596644729029703,7,25,0.05990647591095673,0.06555901242703856,True,False,False,8.724211526560637e-08,COMPLETE
1330,0.39638242125511175,2025-04-21 09:07:13.775032,2025-04-21 09:07:26.229581,0 days 00:00:12.454549,0.6109627408671717,0.08168528651418686,2,0.16818181165870655,0.11144251071931215,0.011015813477706481,0.05768848228005997,0.059953627731993114,0.0539267467891887,0.000650891988771268,7,132,0.05752502749545304,0.05587774772292161,True,False,False,6.226963325601677e-08,COMPLETE
1331,0.13993988037109376,2025-04-21 09:07:26.651390,2025-04-21 09:07:34.103901,0 days 00:00:07.452511,0.6072640686897853,0.09612629829467434,8,0.16797851630712857,0.1175158545421148,0.0101900767957948,0.0555383239796714,0.056663327572835064,0.05473295163347126,0.00046434066768318434,7,26,0.05523016917576772,0.06325442244540147,True,True,False,7.198078145411153e-08,COMPLETE
1332,0.45070130825042726,2025-04-21 09:07:34.546829,2025-04-21 09:07:46.500625,0 days 00:00:11.953796,0.6215812238131397,0.06933633505365935,2,0.16253283809506514,0.1064576784326865,0.012794397984828967,0.056467329589407096,0.05783237116031981,0.05370205029805052,0.000591509945551387,7,29,0.05929299772383674,0.05403255796321883,True,False,False,8.251954434244148e-08,COMPLETE
1333,0.4681878983974457,2025-04-21 09:07:46.926465,2025-04-21 09:07:58.928233,0 days 00:00:12.001768,0.6067237631476229,0.10383057861253617,2,0.1617741625160728,0.10329789989209034,0.01210685491384151,0.052525628524883836,0.05925829005259685,0.05450298077406202,0.0005163487905776008,7,24,0.05714859228567023,0.06661371794167772,True,False,False,6.158248752277696e-08,COMPLETE
1334,0.4265995919704438,2025-04-21 09:07:59.355446,2025-04-21 09:08:11.280502,0 days 00:00:11.925056,0.6333323009261778,0.029733212039905837,2,0.15297005041461403,0.11189939422563736,0.01035228028079051,0.05562502479685283,0.05903168426131306,0.052694811339295294,0.00046067480860435757,7,28,0.060549283637117875,0.05653003771052277,True,False,False,8.662564602448704e-08,COMPLETE
1335,0.09267057776451111,2025-04-21 09:08:11.710189,2025-04-21 09:08:22.345271,0 days 00:00:10.635082,0.6116085397279007,0.12435285949880442,2,0.1629136441780978,0.10412863380818153,0.01244208980451067,0.054039291065684156,0.061394148033310565,0.05265333263828645,0.0004242005432501147,7,24,0.05819229716163467,0.0678761101602331,True,False,True,6.390752126616683e-08,COMPLETE
1336,0.45694873929023744,2025-04-21 09:08:22.768919,2025-04-21 09:08:34.768488,0 days 00:00:11.999569,0.6312528300393659,0.08634480852469492,2,0.15641155931159867,0.10092136869957768,0.013585061216187362,0.05534201065678138,0.05802403759738917,0.05095431768359042,0.0005527883763659238,7,22,0.053387244592333606,0.060391971647149864,True,False,False,9.197670660396513e-08,COMPLETE
1337,0.29779078960418703,2025-04-21 09:08:35.189113,2025-04-21 09:08:47.101525,0 days 00:00:11.912412,0.613914486475232,0.062077019387073676,2,0.13686968682255546,0.10853914512561794,0.01007475616550989,0.05430919543886838,0.0625763624953633,0.0541258650540841,0.0006243619046872557,7,61,0.0558929478541536,0.06682072097721435,True,False,False,7.892881118603678e-08,COMPLETE
1338,0.45060491561889654,2025-04-21 09:08:47.524207,2025-04-21 09:08:59.352799,0 days 00:00:11.828592,0.6414507337254919,0.10575598032910802,2,0.17170162896715208,0.10067716112973218,0.012088433305760034,0.05421017352177104,0.054274499464456755,0.05241038628367696,0.00040555221629780345,7,26,0.059156354188364485,0.05040444766738571,True,False,False,1.0676584106489038e-07,COMPLETE
1339,0.4503185868263245,2025-04-21 09:08:59.798882,2025-04-21 09:09:17.354179,0 days 00:00:17.555297,0.64552717885363,0.12682724506858944,2,0.163609231492907,0.11241986709206012,0.01424547790626075,0.05784441634358718,0.05998539106284767,0.05414532470957606,0.0004994022868885,16,31,0.060815539786515174,0.07114883809000845,True,False,False,5.788376662261596e-08,COMPLETE
1340,0.4375896334648133,2025-04-21 09:09:17.783846,2025-04-21 09:09:29.675501,0 days 00:00:11.891655,0.6334383756502606,0.049052956368640294,2,0.17330578026675086,0.1210703105233139,0.013882508254211438,0.056985087635508296,0.0614388221955278,0.052308750897480466,0.0003617797753320351,7,21,0.05013561749605617,0.046664766113658274,True,False,False,7.266771450014222e-08,COMPLETE
1341,0.4283597886562348,2025-04-21 09:09:30.108046,2025-04-21 09:09:42.124678,0 days 00:00:12.016632,0.6107821760927845,0.10841943596169087,2,0.1760010252596269,0.10082558379969209,0.009976326350327303,0.05862870655469828,0.06941184324746057,0.05121605337987766,0.0004041469228759349,7,18,0.046179873369636706,0.07184221752296983,True,False,False,9.722590273610097e-08,COMPLETE
1342,0.465888524055481,2025-04-21 09:09:42.552735,2025-04-21 09:09:54.442706,0 days 00:00:11.889971,0.639597210004941,0.07801593488600497,2,0.14442186204137383,0.10498993776737496,0.01178414750942154,0.05817760809254623,0.06296099726770306,0.054996229058043224,0.0004815078573104824,7,26,0.05571955407292722,0.06620886798759668,True,False,False,1.3889143193987623e-07,COMPLETE
1343,0.4587273955345154,2025-04-21 09:09:54.868809,2025-04-21 09:10:06.773075,0 days 00:00:11.904266,0.6203799611311457,0.12453528983730636,2,0.16814023285376561,0.09750835606433939,0.01410973952884157,0.05849222824562486,0.06433676960075552,0.05101988517339428,0.0006624136490449148,7,23,0.05281532937067721,0.07461831909484959,True,False,False,1.196232285843949e-07,COMPLETE
