number,value,datetime_start,datetime_complete,duration,params_alpha-eval,params_alpha-train,params_batch-size,params_eps-eval,params_eps-train,params_lambda-actions-eval,params_lambda-actions-train,params_lambda-frames-eval,params_lambda-frames-train,params_learning-rate,params_n-epochs,params_n-frames,params_radius-gw,params_rho,params_std-feats,params_ub-actions,params_ub-frames,params_weight-decay,state
565,0.455905830860138,2025-04-21 06:31:05.777209,2025-04-21 06:31:17.127212,0 days 00:00:11.350003,0.49979497793071354,0.41656231418084555,2,0.24503834678739522,0.07333600368216076,0.010859900890940143,0.09177471243126731,0.03410379490959651,0.06511669336708817,0.00021318096814563833,6,18,0.07802506824582398,0.1603076731687827,True,False,False,2.479641035445013e-07,COMPLETE
566,0.09055355936288834,2025-04-21 06:31:17.303026,2025-04-21 06:31:28.029934,0 days 00:00:10.726908,0.5498722101842877,0.44576692419264985,2,0.24032580060291706,0.010727871745676264,0.008352446259642675,0.09520291361215724,0.03789994516983951,0.07187814253720885,0.0002975472771649443,5,114,0.08467608437316289,0.1506993288605309,True,False,False,1.9489731481424936e-07,COMPLETE
567,0.45062450170516966,2025-04-21 06:31:28.215687,2025-04-21 06:31:40.061400,0 days 00:00:11.845713,0.5190066472806256,0.4952856049836071,2,0.26209103823139307,0.05590706529286369,0.0030123291824613718,0.08714174334542024,0.03262010502292692,0.04711205232917838,0.00036432680056358504,7,21,0.08146713308444972,0.14070051164240333,True,False,False,3.402192031392653e-07,COMPLETE
568,0.45053843259811405,2025-04-21 06:31:40.235177,2025-04-21 06:31:51.446952,0 days 00:00:11.211775,0.5382805375163853,0.37586358658194124,2,0.25064196641091396,0.046829523069405285,0.005639372005140369,0.0933856075207059,0.03654344653342574,0.07314131028949332,0.00020159897098953014,6,27,0.08351250725267688,0.15846167958494817,True,False,False,2.3860946800723823e-07,COMPLETE
569,0.4473917901515961,2025-04-21 06:31:51.633686,2025-04-21 06:32:02.068221,0 days 00:00:10.434535,0.4538539208499763,0.47009140285995954,2,0.2353530214626452,0.026956851438294176,0.001038852575278944,0.09051037407024203,0.04005721029609928,0.0693998192472447,0.0002528715028556481,5,15,0.08656627469264194,0.1459302911442083,True,False,False,4.81211062537742e-07,COMPLETE
570,0.4578538239002228,2025-04-21 06:32:02.244658,2025-04-21 06:32:13.546313,0 days 00:00:11.301655,0.4997825260648009,0.40067249164273994,2,0.24199606379419572,0.03704417706576442,0.004227597294800573,0.0975816467312853,0.035014167272183844,0.06694861939382293,0.0002998709969119383,6,23,0.08101366808197463,0.16836879534637916,True,False,False,1.4065004514691607e-07,COMPLETE
571,0.44606375098228457,2025-04-21 06:32:13.726352,2025-04-21 06:32:24.436991,0 days 00:00:10.710639,0.5858161011731112,0.5353539692873557,2,0.22884589351417822,0.06626269260248374,0.0068694426760208295,0.08881772144786662,0.03762284438093553,0.07562473088990851,0.00038645224758655355,5,19,0.08399869685286324,0.13242974545243794,True,False,False,3.0580294691980445e-07,COMPLETE
572,0.4490614175796509,2025-04-21 06:32:24.622454,2025-04-21 06:32:40.886311,0 days 00:00:16.263857,0.48733253713413993,0.42401946436664273,2,0.2550317069354768,0.06091872759881689,0.011828459848832577,0.09314616802307454,0.04352167613559775,0.07162522707071953,0.00024458470043752206,14,27,0.08746215991757432,0.11663561998735203,True,False,False,4.0615441502190734e-07,COMPLETE
573,0.446787440776825,2025-04-21 06:32:41.061026,2025-04-21 06:32:52.951467,0 days 00:00:11.890441,0.5181735643890292,0.45535023071726394,2,0.2478322566880273,0.07388341736271453,0.00899898904730521,0.09516670350459001,0.0332402134883727,0.07494564404475842,0.0003088355650032579,7,23,0.07849046098236653,0.06417486645192795,True,False,False,2.029482630823597e-07,COMPLETE
574,0.4614273548126221,2025-04-21 06:32:53.138442,2025-04-21 06:33:04.372477,0 days 00:00:11.234035,0.5550224704422192,0.43869843768374134,2,0.23517512617205433,0.04469284383552983,0.0028431369482469723,0.09148108321219053,0.03090760933971186,0.06997271066988811,0.0004101607715179372,6,20,0.08530453009871045,0.15341926101387585,True,False,False,1.00924055242746e-07,COMPLETE
575,0.44876934885978703,2025-04-21 06:33:04.550299,2025-04-21 06:33:16.269790,0 days 00:00:11.719491,0.4643006646235057,0.509601877110077,2,0.24024925041999073,0.032017743937294514,0.005141915300012512,0.08932162923457647,0.05003014836610848,0.07305604971476146,0.0005138954520183993,7,16,0.08229318898495626,0.16228009944203944,True,False,False,6.003896513933452e-08,COMPLETE
576,0.1145005539059639,2025-04-21 06:33:16.458753,2025-04-21 06:33:26.100302,0 days 00:00:09.641549,0.5327146485707843,0.48272091967509867,2,0.22616072123061542,0.052090437083083176,0.00673326011027182,0.09379211845134199,0.03918131191437058,0.06588139442052526,0.00020422122184613606,5,25,0.08013675991145806,0.14074245731470023,True,True,False,1.648044330933094e-07,COMPLETE
577,0.4573454320430756,2025-04-21 06:33:26.276008,2025-04-21 06:33:37.336748,0 days 00:00:11.060740,0.48404629403688737,0.41025743110129104,2,0.2583767585700187,0.018913591896902317,0.0027586894743173614,0.09605022530199404,0.036671860675172425,0.06891092820320052,0.0003513157668247567,6,21,0.08566293228506779,0.1483771982067407,True,False,False,2.796858997511608e-07,COMPLETE
578,0.45316185355186467,2025-04-21 06:33:37.525977,2025-04-21 06:33:49.409083,0 days 00:00:11.883106,0.42276549228423954,0.3778235887691076,2,0.24765911854062536,0.08177060666494892,0.004658155112629375,0.09181661901432106,0.03516221288351487,0.07720715560538563,0.00025980270254251993,7,25,0.08330490465427558,0.15581707741464762,True,False,False,3.581718842310428e-07,COMPLETE
579,0.43243447542190555,2025-04-21 06:33:49.591493,2025-04-21 06:34:00.222086,0 days 00:00:10.630593,0.5128128386868069,0.43577176373512067,2,0.23194906646802066,0.06231560676800656,0.01022329741084452,0.08793922895738547,0.04168073644097188,0.051456169027878945,0.0002932064699336698,5,12,0.0876722138963173,0.08212389952767495,True,False,False,2.3192182263473821e-07,COMPLETE
580,0.46303613185882575,2025-04-21 06:34:00.411976,2025-04-21 06:34:11.564696,0 days 00:00:11.152720,0.4968353186125415,0.46402214561030497,2,0.24208811352095208,0.03795518245225489,0.007777340137208037,0.09730635374120597,0.03815097786964167,0.07144323536717048,0.00042495853221363283,6,17,0.08136438479433429,0.10081437031433887,True,False,False,5.044147138755945e-07,COMPLETE
581,0.36884608268737795,2025-04-21 06:34:11.742159,2025-04-21 06:34:22.917447,0 days 00:00:11.175288,0.46873036773648,0.4618445873680762,2,0.2523963370931943,0.039168521456637725,0.013815488828303753,0.09751349671438543,0.04076013555946936,0.06327127406643822,0.0005111807120577704,6,10,0.07865773512839681,0.1111669396407052,True,False,False,4.935943860491028e-07,COMPLETE
582,0.43511523008346564,2025-04-21 06:34:23.109448,2025-04-21 06:34:33.503380,0 days 00:00:10.393932,0.44504869848577033,0.39305813066652256,2,0.264008598281819,0.02790259540479219,0.008450100469782708,0.09735070411739023,0.03895919247392617,0.07097307816506353,0.00044321376647036556,5,15,0.08070007729679232,0.12381217554676151,True,False,False,5.353578361780755e-07,COMPLETE
583,0.11335547417402268,2025-04-21 06:34:33.684883,2025-04-21 06:34:44.263627,0 days 00:00:10.578744,0.5405421452266336,0.4214689991422241,2,0.23708646232528277,0.04190037298462179,0.007100008016655125,0.09580654098883562,0.03729113638228005,0.017048333355601485,0.00039538660365113885,7,17,0.08150332993577303,0.09570572409201944,True,False,True,4.553118705132052e-07,COMPLETE
584,0.4381594836711884,2025-04-21 06:34:44.442057,2025-04-21 06:34:55.434578,0 days 00:00:10.992521,0.4899618119890887,0.4510089818333768,2,0.22114207328518906,0.033111992599719316,0.012059234722603961,0.09756783457157449,0.042726519122755345,0.06793114228051747,0.000512287296297217,6,13,0.08229707438232163,0.09803005831197749,True,False,False,3.9337814043673254e-07,COMPLETE
585,0.45352374315261845,2025-04-21 06:34:55.624054,2025-04-21 06:35:06.049531,0 days 00:00:10.425477,0.5189302043313531,0.40468421171778596,2,0.24602154317847916,0.021752715128803408,0.009769329059826633,0.09404952674586803,0.03876211550196416,0.07215221141617811,0.0003545670371726431,5,19,0.07978800783447772,0.08711158636866648,True,False,False,6.041173141978613e-07,COMPLETE
586,0.44796405434608466,2025-04-21 06:35:06.230278,2025-04-21 06:35:18.589658,0 days 00:00:12.359380,0.5576065278805584,0.3644370709817268,2,0.2316104915423034,0.03736999898830433,0.006238250905521384,0.09542164990458488,0.033573428689420357,0.07503252600720889,0.00041130127832171836,8,16,0.08335967670892024,0.11747358589227906,True,False,False,1.2408215929317092e-07,COMPLETE
587,0.461815744638443,2025-04-21 06:35:18.787812,2025-04-21 06:35:30.133726,0 days 00:00:11.345914,0.4755566498714854,0.4426296515768079,2,0.2412133209387226,0.07577040891923854,0.002737331200445572,0.0975591241461286,0.040377727406798194,0.06928663117863301,0.00024222196104738082,6,20,0.07755602752255622,0.10290812867514926,True,False,False,5.356244398917801e-07,COMPLETE
588,0.4481171011924744,2025-04-21 06:35:30.314200,2025-04-21 06:35:41.984268,0 days 00:00:11.670068,0.5027479678324669,0.4658016414264245,2,0.2537339333981891,0.02543012246515887,0.005374187837717136,0.09402468780752216,0.037478196254973756,0.06600419325773375,0.0005073956351239839,7,18,0.08568838028909694,0.12602325914728835,True,False,False,3.3806178242114023e-07,COMPLETE
589,0.4566669583320618,2025-04-21 06:35:42.179191,2025-04-21 06:35:53.494210,0 days 00:00:11.315019,0.5770546929001138,0.4255279818160974,2,0.22779715756310556,0.0909720285928676,0.007996186616402341,0.06655357416251306,0.04467158601831264,0.04869547045800528,0.00034720920564128277,6,22,0.0890918470323091,0.13542720180554768,True,False,False,1.6485474605492472e-07,COMPLETE
590,0.4471554338932038,2025-04-21 06:35:53.673967,2025-04-21 06:36:04.245146,0 days 00:00:10.571179,0.5318098575971667,0.39184236289896823,2,0.2371999367809524,0.04487123563872439,0.05651067687470229,0.09076308486044272,0.03171300253781142,0.07852401358887452,0.0002869310395193333,5,27,0.0806482666830314,0.13011990826568962,True,False,False,4.0064640595207315e-07,COMPLETE
591,0.2909627139568329,2025-04-21 06:36:04.437692,2025-04-21 06:36:22.407709,0 days 00:00:17.970017,0.44806182099030417,0.410409464586981,2,0.24762037196181433,0.033870410861027545,0.001232344035223895,0.09506822693255274,0.07597159177498791,0.07090213506258747,0.00552585481197439,16,94,0.0825376234773571,0.1680820321513453,True,False,False,9.086699275929033e-08,COMPLETE
592,0.45087868571281436,2025-04-21 06:36:22.588367,2025-04-21 06:36:33.946143,0 days 00:00:11.357776,0.4901157025731735,0.43563864763527654,2,0.2704605825065757,0.0692193573380617,0.0037990379053640935,0.09250794088164224,0.035485391517752526,0.037394657288185904,0.00043268230494582883,6,24,0.0842869489561329,0.10822312311039736,True,False,False,2.1286817093485362e-07,COMPLETE
593,0.44430543184280397,2025-04-21 06:36:34.139194,2025-04-21 06:36:47.434125,0 days 00:00:13.294931,0.5126169886842462,0.4831401333050226,2,0.25867081934623615,0.08284779399426798,0.009405146285709858,0.09008050214282107,0.04152354944464854,0.07420452648800911,0.00019464406558556107,9,18,0.0868811245030229,0.09065048339498691,True,False,False,2.891158351039533e-07,COMPLETE
594,0.442120897769928,2025-04-21 06:36:47.617027,2025-04-21 06:36:58.250902,0 days 00:00:10.633875,0.4631520534110863,0.37799490094333565,2,0.24330031751708345,0.05300678150823832,0.005654571324433396,0.09377201087374605,0.03411503669195519,0.07693136923566611,0.00024688035578860213,5,28,0.07787134010037636,0.14155727518311534,True,False,False,4.936893529324427e-07,COMPLETE
595,0.4577538907527924,2025-04-21 06:36:58.447304,2025-04-21 06:37:10.159527,0 days 00:00:11.712223,0.5448810437658916,0.6010825539297965,2,0.23377429786545206,0.01415760630416256,0.00756269851725886,0.09673776046705984,0.03815257697453908,0.06806580338299742,0.00033380884737757956,7,13,0.08894438278511274,0.14785712603921147,True,False,False,1.7362719297518253e-07,COMPLETE
596,0.14090737998485564,2025-04-21 06:37:10.342495,2025-04-21 06:37:21.523339,0 days 00:00:11.180844,0.6033858674409774,0.46031058366315636,2,0.25208624020874254,0.029161852326761172,0.003108544557808138,0.09201636487455409,0.03669871380030457,0.07265732170720603,0.0004121503980339396,8,23,0.08159755914355621,0.07009890437733056,True,True,False,3.415731670332716e-07,COMPLETE
597,0.33530015349388126,2025-04-21 06:37:21.718449,2025-04-21 06:37:32.997995,0 days 00:00:11.279546,0.5273556613655523,0.4163209146102811,2,0.2265164307656143,0.06942448455139723,0.011375418858723275,0.08978501173321225,0.039716425479917286,0.07959131515095688,2.135376373266512e-05,6,21,0.08530464442371925,0.034499632226771576,True,False,False,1.3213755432022272e-07,COMPLETE
598,0.35105276703834537,2025-04-21 06:37:33.181697,2025-04-21 06:37:43.932429,0 days 00:00:10.750732,0.4935733327262921,0.35564899981625775,2,0.23893455982747774,0.041677946934911725,0.0011443762204015355,0.08730863702936295,0.03312242457292329,0.07038909719018227,0.0002031789656267865,5,16,0.019991975515517003,0.1693620709131812,True,False,False,3.197237613115291e-05,COMPLETE
599,0.3419340014457703,2025-04-21 06:37:44.117939,2025-04-21 06:37:56.613448,0 days 00:00:12.495509,0.4726078570350916,0.5167285465850339,2,0.2194504357464872,0.07409911451535822,0.004992967492129111,0.09502339690932407,0.03556177452429227,0.07516989235968935,0.0002919867692424641,7,150,0.0913845401639787,0.08055641269043855,True,False,False,6.035954297439734e-07,COMPLETE
600,0.4656241059303284,2025-04-21 06:37:56.808975,2025-04-21 06:38:07.955682,0 days 00:00:11.146707,0.5605632820500045,0.45001559454454304,2,0.24852449114310834,0.035824179685711104,0.006765050228400389,0.0979207033507585,0.03046358061953711,0.04450640258917677,0.0005231707431469687,6,20,0.07957519490026144,0.16291671206910305,True,False,False,2.449118682906477e-07,COMPLETE
601,0.4511410415172577,2025-04-21 06:38:08.150448,2025-04-21 06:38:18.550845,0 days 00:00:10.400397,0.5763194976473943,0.4766759337201191,2,0.2631492386262158,0.025207966504335613,0.00933242500072077,0.09899086092487464,0.03272701705833744,0.04600397428796668,0.0005011847958373592,5,19,0.08346045961344277,0.16252952062862341,True,False,False,7.145505242375995e-08,COMPLETE
602,0.44447534084320073,2025-04-21 06:38:18.748352,2025-04-21 06:38:29.792966,0 days 00:00:11.044614,0.43373569323096556,0.44996223599554697,2,0.25796948990212887,0.048975142481732375,0.007421304886582684,0.09808751876844148,0.031848919259440014,0.07731260164592127,0.0006243802901140157,6,14,0.08726916897210482,0.165240907901358,True,False,False,4.382583483579435e-07,COMPLETE
603,0.09533852934837342,2025-04-21 06:38:29.976169,2025-04-21 06:38:40.609783,0 days 00:00:10.633614,0.5182752268921255,0.4900293326158947,2,0.2519049431487291,0.00709107277264466,0.006633943033850488,0.09834651488538516,0.029652142064479775,0.04118930371489525,0.0005440104024289747,7,18,0.08120780419594886,0.15921663511664907,True,False,True,2.2098427749405107e-07,COMPLETE
604,0.39810401201248174,2025-04-21 06:38:40.807662,2025-04-21 06:38:53.793068,0 days 00:00:12.985406,0.5640024363230056,0.4696275712019416,2,0.23507434717861755,0.06483057867000125,0.010435513100105456,0.09662102942728958,0.02923591922891208,0.04401685972979849,0.00043928956662173774,9,9,0.029700933444692462,0.15247382770535334,True,False,False,1.8521996348932443e-07,COMPLETE
605,0.45242460370063786,2025-04-21 06:38:53.977974,2025-04-21 06:39:06.356903,0 days 00:00:12.378929,0.5007739569669628,0.437117348708593,2,0.24471848999909546,0.03259150500251734,0.008715156627756968,0.09696359457944866,0.03093296450152929,0.07309846337676303,0.00036761050385345184,8,21,0.08483749896984956,0.16754855667790544,True,False,False,3.1535352215266344e-07,COMPLETE
606,0.45661068558692935,2025-04-21 06:39:06.552765,2025-04-21 06:39:17.175552,0 days 00:00:10.622787,0.48105032188100927,0.4542741822291311,2,0.23038280437609074,0.07965077689702915,0.005670139531411102,0.0952981649284223,0.034121224903200735,0.06770546194539988,0.0004945146859561036,5,17,0.08268236817159205,0.17139281760149686,True,False,False,6.786732435864488e-07,COMPLETE
607,0.46365725994110113,2025-04-21 06:39:17.361127,2025-04-21 06:39:28.650341,0 days 00:00:11.289214,0.4550444607384153,0.49910900084522186,2,0.2496420247872766,0.05817943309036935,0.013550958352173905,0.09401003837305161,0.03532776730651309,0.06418719919371255,0.0003759112622688105,6,21,0.08719986009645388,0.15897937357905031,True,False,False,4.0567764396890393e-07,COMPLETE
608,0.4540331780910492,2025-04-21 06:39:28.848988,2025-04-21 06:39:40.752828,0 days 00:00:11.903840,0.4435242214483534,0.5061772901800404,2,0.2564688893035997,0.05473783249583885,0.011717533396835084,0.09767538373462534,0.029757898941157688,0.05574674469847676,0.000576431860914975,7,20,0.08905345551670119,0.16550987373466924,True,False,False,5.154769162807408e-07,COMPLETE
609,0.41803346276283265,2025-04-21 06:39:40.939368,2025-04-21 06:39:51.898118,0 days 00:00:10.958750,0.4187817049411984,0.3906313896961844,2,0.25116309673994713,0.046279443762237506,0.010098868399343427,0.0947629519327192,0.0343554531366189,0.06393783860344009,0.0004555850724988317,6,5,0.08749012306640729,0.1616078542391992,True,False,False,3.815868867485759e-07,COMPLETE
610,0.397270679473877,2025-04-21 06:39:52.095942,2025-04-21 06:40:02.501993,0 days 00:00:10.406051,0.40544220208429127,0.5313999143926141,2,0.26254265597989807,0.0586852191127783,0.01296688031825811,0.0961218616505813,0.0314365074495081,0.06691781141742474,0.00038458826553508226,5,12,0.09146200692840865,0.17130470306800064,True,False,False,0.0005269311558720886,COMPLETE
611,0.44678652286529547,2025-04-21 06:40:02.689976,2025-04-21 06:40:13.839069,0 days 00:00:11.149093,0.4511726859821976,0.43139417235865707,2,0.24844672941559848,0.018441826420509656,0.012684538312241917,0.09397667714482859,0.03532571910217939,0.06254020114672564,0.00037165148374090093,6,16,0.0892409852440899,0.1476683331286343,True,False,False,4.5777934198597426e-07,COMPLETE
612,0.4625244677066803,2025-04-21 06:40:14.037302,2025-04-21 06:40:26.577480,0 days 00:00:12.540178,0.462275527247167,0.46263715115433757,2,0.24116157786892367,0.03650797810100502,0.008180304103781767,0.09836568035781305,0.0326835367165171,0.06519875587296314,0.0004416420510613203,8,20,0.08672002118114884,0.153841158905601,True,False,False,6.441046843735893e-07,COMPLETE
613,0.39156696796417234,2025-04-21 06:40:26.765945,2025-04-21 06:40:39.402323,0 days 00:00:12.636378,0.4607753629682326,0.40602918566115864,2,0.2543684577977138,0.0383077661088511,0.008804235356505683,0.0986536168131944,0.030115982830274265,0.06633185032927465,0.000582363832539508,8,14,0.0077749795639284955,0.1512709126128829,True,False,False,6.893040150414084e-07,COMPLETE
614,0.4467302024364472,2025-04-21 06:40:39.600573,2025-04-21 06:40:51.903999,0 days 00:00:12.303426,0.42340609230857745,0.44797911644039806,2,0.24488617727906375,0.03143782925093044,0.01527510276116568,0.09763153333090137,0.032330548013141634,0.060797330857256075,0.016562746809288532,8,18,0.08716660843557705,0.1422256510208504,True,False,False,5.944135949050101e-07,COMPLETE
615,0.12821290791034698,2025-04-21 06:40:52.092310,2025-04-21 06:41:03.681776,0 days 00:00:11.589466,0.4399626386630631,0.3697056577242196,2,0.23968949769158798,0.025550358955236847,0.009840871370545897,0.09879817814228732,0.04711256098884088,0.06448274187132037,0.0004695018153343975,9,20,0.08978954088348363,0.1600641129389814,True,True,False,5.614793089086089e-07,COMPLETE
616,0.44647707343101506,2025-04-21 06:41:03.883244,2025-04-21 06:41:16.218645,0 days 00:00:12.335401,0.46587401811184853,0.42742774185268106,2,0.26865547882172586,0.03745643482761529,0.048821496307740575,0.09691388648717328,0.03332486281955998,0.06448395357557317,0.00042852160763321145,8,16,0.07958932515399825,0.17068970509210868,True,False,False,6.971675178390716e-07,COMPLETE
617,0.44668972492218023,2025-04-21 06:41:16.413033,2025-04-21 06:41:28.297530,0 days 00:00:11.884497,0.3898807189793698,0.39347669046439715,2,0.24921611754777678,0.042195177374150676,0.013853413694523694,0.09983271332118164,0.03143186975474704,0.06876581782279612,0.000540642776824559,7,21,0.08652583585619376,0.1382556980761223,True,False,False,4.3069085513643486e-07,COMPLETE
618,0.4515024781227112,2025-04-21 06:41:28.498854,2025-04-21 06:41:41.414971,0 days 00:00:12.916117,0.4614016880860612,0.47369231484990854,2,0.2583715974495912,0.030807795924698702,0.007572068566902255,0.09565317853002321,0.03490553288462173,0.06597620781879678,0.0004283593018677183,9,26,0.09148185156080123,0.14556748783684834,True,False,False,7.380946683491591e-07,COMPLETE
619,0.44036558270454407,2025-04-21 06:41:41.606309,2025-04-21 06:41:53.596958,0 days 00:00:11.990649,0.4771644240263879,0.500195492301095,2,0.23755312025127617,0.08780286097782462,0.01129669479311098,0.09807054068381214,0.032968472228684445,0.06839883217342765,0.0006453782784230833,7,19,0.08317768686818724,0.1526569329553283,True,False,False,5.111112794674552e-07,COMPLETE
620,0.42012169361114504,2025-04-21 06:41:53.800025,2025-04-21 06:42:06.304333,0 days 00:00:12.504308,0.4337734846729059,0.4481847482358086,2,0.24388945948949675,0.023990403769489427,0.007829118566030325,0.09650512451745852,0.03606760739985459,0.0612449532289423,0.0003525812192851216,8,10,0.07825931651178461,0.16300427924173738,True,False,False,0.0002333683986474425,COMPLETE
621,0.42327923178672794,2025-04-21 06:42:06.493571,2025-04-21 06:42:16.031956,0 days 00:00:09.538385,0.48073277532268194,0.42539851531762934,2,0.13803114197372857,0.015404108092148552,0.007112760434587371,0.09403033299185805,0.02956709694196787,0.06296068104447229,0.0005090318723438772,5,15,0.0881396758643072,0.15297880283141221,True,False,True,7.860967424297134e-07,COMPLETE
