number,value,datetime_start,datetime_complete,duration,params_alpha-eval,params_alpha-train,params_batch-size,params_eps-eval,params_eps-train,params_lambda-actions-eval,params_lambda-actions-train,params_lambda-frames-eval,params_lambda-frames-train,params_learning-rate,params_n-epochs,params_n-frames,params_radius-gw,params_rho,params_std-feats,params_ub-actions,params_ub-frames,params_weight-decay,state
0,0.10812791287899018,2025-04-08 02:51:59.671515,2025-04-08 02:52:06.708545,0 days 00:00:07.037030,0.1490958928096643,0.0911688024881192,8,0.09216035818715736,0.07357850970504937,0.026216565046287266,0.09977558627285213,0.07863391586591481,0.08274736319392324,5.375410209770078e-05,6,56,0.05749985084512964,0.017895014955383287,True,True,False,7.60682623506047e-08,COMPLETE
1,0.2240349650382996,2025-04-08 02:52:06.712659,2025-04-08 02:52:16.088969,0 days 00:00:09.376310,0.5031003858509926,0.2193075767965074,16,0.0781335299460286,0.055607694797234396,0.08946154544457816,0.049369012107128955,0.014714263512968576,0.0754373569978462,0.074493863593997,26,103,0.013448046969141526,0.2837700769990751,False,False,False,1.24330017679815e-06,COMPLETE
2,0.14993211328983308,2025-04-08 02:52:16.092591,2025-04-08 02:52:28.856019,0 days 00:00:12.763428,0.6872191334072542,0.3120811011700054,2,0.18007105728464037,0.08028293307966193,0.07554652647432145,0.0899555406124434,0.040453718150136486,0.007455112439170556,0.007460128959459793,11,117,0.003457980936289395,0.2885751509349301,True,True,False,5.129806999402394e-06,COMPLETE
3,0.3691435813903809,2025-04-08 02:52:28.862092,2025-04-08 02:52:50.905453,0 days 00:00:22.043361,0.8474124799357647,0.5811671640699485,2,0.05793098720451058,0.22948877228484246,0.017001133283144725,0.07104182575028697,0.06205491839047677,0.007489170217893994,0.00408359738280928,24,6,0.002535216541678046,0.1319656537501523,False,False,False,0.00010937189677792894,COMPLETE
4,0.24677464962005616,2025-04-08 02:52:50.909628,2025-04-08 02:53:15.323634,0 days 00:00:24.414006,0.5885407373890463,0.06559808047819776,2,0.2622792780023507,0.018148646833531595,0.018014447263684008,0.023090956815077914,0.03131724186280654,0.08448899522409614,0.0707918691025293,28,76,0.03632704648210119,0.2852936094140094,False,False,False,0.0009425190478732715,COMPLETE
5,0.16921434402465824,2025-04-08 02:53:15.328415,2025-04-08 02:53:28.505468,0 days 00:00:13.177053,0.1307460316951733,0.8667125350268354,2,0.26959403168823937,0.025644917093285407,0.05159259949412621,0.06942395564741814,0.09357741660776454,0.04468558102823363,1.7524669506107882e-05,13,7,0.05373789243749862,0.14721716628017834,True,True,False,4.1288372219004e-06,COMPLETE
6,0.34554784893989565,2025-04-08 02:53:28.510305,2025-04-08 02:53:48.825771,0 days 00:00:20.315466,0.436267434559352,0.3504104850163822,2,0.1641514205644374,0.017928820951085264,0.01882627165946978,0.018003695097560092,0.060593244715784804,0.012260538971941272,0.001617917655199482,22,18,0.07279326508802687,0.21210365628243066,False,False,False,2.0513924823792405e-08,COMPLETE
7,0.09055355936288834,2025-04-08 02:53:48.830834,2025-04-08 02:53:58.162575,0 days 00:00:09.331741,0.4415404582044301,0.07545473836275945,8,0.15230264173346075,0.29958200345789066,0.04346276548502319,0.09255800623935757,0.020544297555327478,0.002362770814424354,0.0012443325062671904,23,34,0.0399402640743865,0.21714433420521603,True,True,True,0.0005832888624215751,COMPLETE
8,0.10674199610948563,2025-04-08 02:53:58.167993,2025-04-08 02:54:06.461439,0 days 00:00:08.293446,0.392332951745004,0.049892032024314414,8,0.28376204286566636,0.2861690251164652,0.032928782112468406,0.07914461273370448,0.037075855986767395,0.03142291247559633,0.050623912346673815,16,51,0.095618340161877,0.01915133462980481,False,True,False,1.5934586148563136e-07,COMPLETE
9,0.35359721779823305,2025-04-08 02:54:06.467079,2025-04-08 02:54:13.866155,0 days 00:00:07.399076,0.16310977286323577,0.09376647049617451,8,0.14054256914665594,0.15615752862307064,0.02416113493984864,0.009917706170691837,0.09955561933763354,0.07333497022332088,0.07439091295298439,9,34,0.071391613368625,0.29629802171717096,True,True,False,6.137324898176222e-06,COMPLETE
10,0.17161309719085696,2025-04-08 02:54:13.872633,2025-04-08 02:54:23.126983,0 days 00:00:09.254350,0.9618828936989074,0.6850238425251957,16,0.004864253467557866,0.21118910523904577,0.005278768267703876,0.050667567852590564,0.06056008819685881,0.029755546940432743,0.00023554460770256182,30,140,0.021904934116598197,0.11102649449321965,False,False,True,5.595142774176168e-05,COMPLETE
11,0.2867985308170319,2025-04-08 02:54:23.134069,2025-04-08 02:54:30.276487,0 days 00:00:07.142418,0.9829454158932945,0.5523612305631972,8,0.07437563695984167,0.1755448068757864,0.0036457791369149117,0.037412875597515584,0.09573418398421303,0.06500687607003251,0.007533312115185538,7,33,0.08090011153616271,0.09134640993453161,True,False,True,4.783917512408762e-05,COMPLETE
12,0.2854095220565796,2025-04-08 02:54:30.283229,2025-04-08 02:54:46.744764,0 days 00:00:16.461535,0.8001185051688365,0.5466570912454506,2,0.0012248214867921423,0.22312082032743152,0.057623685852341046,0.06265757407895857,0.07733327539213661,0.09856764341276486,0.009712024164857972,19,8,0.07012317874050367,0.19719384566759235,False,True,False,5.2287629447543976e-05,COMPLETE
13,0.3758516430854798,2025-04-08 02:54:46.751952,2025-04-08 02:54:55.053109,0 days 00:00:08.301157,0.02235658168118493,0.8402620758880137,8,0.19733345545905837,0.1320078434920885,0.04133344794740662,0.003476903178891006,0.07399215858736191,0.057395209563432845,0.01767153762916076,11,35,0.09385661273533762,0.09002649692331466,True,False,False,1.8471602674000227e-05,COMPLETE
14,0.12966962158679962,2025-04-08 02:54:55.060403,2025-04-08 02:55:02.813155,0 days 00:00:07.752752,0.3003315359757171,0.9765425485524614,16,0.2121756967117156,0.24741621266501346,0.06355460044439698,0.032350723909723496,0.07028528197944717,0.05617672149377431,0.003297720973130071,15,70,0.09653201269431494,0.07600842161285139,True,False,True,0.00017701090624335167,COMPLETE
15,0.29403716921806333,2025-04-08 02:55:02.820821,2025-04-08 02:55:12.377030,0 days 00:00:09.556209,0.021799650939196027,0.7431458906850383,8,0.21946294630024965,0.11086035648643629,0.03846736948872503,0.0026702789794940136,0.0548487678836567,0.040608373724897034,0.0002396600515503307,19,49,0.03008210029241075,0.15406269733902395,False,False,False,2.2097451142508217e-05,COMPLETE
16,0.37240184545516974,2025-04-08 02:55:12.384911,2025-04-08 02:55:34.620172,0 days 00:00:22.235261,0.7341216287581788,0.7463782406429542,2,0.11660767839327252,0.13430164422366253,0.011245624025508615,0.058576291200595626,0.004310290264687572,0.018745954365476346,0.01573347246615146,24,25,0.006749592765522047,0.055615687200727654,True,False,False,6.637533902581723e-07,COMPLETE
17,0.21171518564224245,2025-04-08 02:55:34.629223,2025-04-08 02:55:43.449309,0 days 00:00:08.820086,0.6200391811113197,0.80776816917785,8,0.11964698406903208,0.12012336719015923,0.07011731931622801,0.05541478963510271,0.0010948351199226922,0.028522557499117206,0.01909508537352606,12,88,0.020158921094947935,0.06298915100113119,True,False,False,6.965023039709004e-07,COMPLETE
18,0.1027437910437584,2025-04-08 02:55:43.457872,2025-04-08 02:56:00.988001,0 days 00:00:17.530129,0.2948647037221227,0.9387467879045088,2,0.21282166438139585,0.12196638070385359,0.045824545508424255,0.03961890753230911,0.00130644504789771,0.020390731041145294,0.021596525724712295,21,27,0.046435478410366895,0.04420780826282315,True,False,True,5.077212377017186e-07,COMPLETE
19,0.3631719827651978,2025-04-08 02:56:00.996678,2025-04-08 02:56:10.502168,0 days 00:00:09.505490,0.7954498950455464,0.680269779179363,16,0.1154296058180051,0.18145972098968266,0.09702185940071063,0.02639070345021894,0.08216539906431623,0.05317962887235471,0.00043492010259791404,26,63,0.08629458565264586,0.04690061699457002,True,False,False,1.5162753266903881e-05,COMPLETE
20,0.37590089440345764,2025-04-08 02:56:10.511355,2025-04-08 02:56:23.155112,0 days 00:00:12.643757,0.6650344511355281,0.44534013779478654,2,0.0413150688761271,0.14475953340023967,0.01026056892003703,0.044345536207449285,0.046125843699812555,0.03924694221966962,0.02440471482573476,9,45,0.06175543145244786,0.09223377848682826,True,False,False,1.8943749184892025e-06,COMPLETE
21,0.39533740878105167,2025-04-08 02:56:23.164561,2025-04-08 02:56:35.799246,0 days 00:00:12.634685,0.6810544689828363,0.43102350966537756,2,0.03920762359087472,0.13822744440052936,0.010870781218966015,0.04504367203026201,0.0465210210839774,0.041345289843702115,0.02472798390267262,9,43,0.06422505868390631,0.10261159154270758,True,False,False,1.595780418715013e-06,COMPLETE
22,0.413373476266861,2025-04-08 02:56:35.808956,2025-04-08 02:56:48.446544,0 days 00:00:12.637588,0.577972388691654,0.4115257912346542,2,0.030650776611281468,0.15967908680549336,0.031618738099025594,0.04212260879868396,0.0460986563059639,0.04257452606780174,0.03693108085176914,9,44,0.061555156277128174,0.10974330563306575,True,False,False,2.2380850482807298e-06,COMPLETE
23,0.38458105325698855,2025-04-08 02:56:48.459380,2025-04-08 02:56:58.739241,0 days 00:00:10.279861,0.5789225746478776,0.4346750105462781,2,0.035789144736749746,0.18117791714227297,0.027744261941073572,0.04454798584051684,0.0474581640963862,0.04345849032163022,0.029436645611326823,5,89,0.061381896581917006,0.11545457678646794,True,False,False,1.9505345257822667e-06,COMPLETE
24,0.37430418133735655,2025-04-08 02:56:58.749513,2025-04-08 02:57:09.002598,0 days 00:00:10.253085,0.5532957556595796,0.4515489416826608,2,0.03063447890061366,0.19115264549621164,0.02945234918652456,0.03079722979877956,0.028242794448574263,0.04751374261863963,0.03196598648249477,5,87,0.06130396719333957,0.17679809459871487,True,False,False,1.4009888861110426e-07,COMPLETE
25,0.3127498507499695,2025-04-08 02:57:09.014162,2025-04-08 02:57:21.895300,0 days 00:00:12.881138,0.5239068028724334,0.33624367995303495,2,0.029740781780606837,0.16449980702492673,0.03421451449243855,0.045995495298293165,0.05023445881513643,0.03491069378184744,0.003292199387559495,9,109,0.049351958693869144,0.1161048378385815,True,False,False,4.145667386096038e-07,COMPLETE
26,0.2701096832752228,2025-04-08 02:57:21.906206,2025-04-08 02:57:32.460802,0 days 00:00:10.554596,0.8674480161544533,0.42794709027372435,2,0.056119079490798016,0.09606263050307218,0.0224755621958099,0.039277579772711145,0.04472285269107295,0.05993307435712414,0.03902898532786899,7,90,0.06394444084322186,0.11985692016342461,True,False,True,2.0626588591297634e-06,COMPLETE
27,0.42165538668632513,2025-04-08 02:57:32.471933,2025-04-08 02:57:48.769312,0 days 00:00:16.297379,0.7388188242510967,0.21793478653108445,2,0.023947885595507062,0.1971073836687374,0.014260853214993806,0.016561783407273368,0.035089454537720985,0.023593583598547015,0.0995094525824484,14,127,0.08178151049480946,0.1415920359765266,True,False,False,8.333449968797003e-06,COMPLETE
28,0.4237089335918427,2025-04-08 02:57:48.780749,2025-04-08 02:58:05.155832,0 days 00:00:16.375083,0.728662480560301,0.2177509086410013,2,0.015821510392616922,0.25460233460033677,0.0016767975811328613,0.01979732348029423,0.03283813493790039,0.01997974777411573,0.09519430409054684,14,141,0.08201715989021852,0.14782482527955781,True,False,False,8.23618122124375e-06,COMPLETE
29,0.41582298874855045,2025-04-08 02:58:05.168817,2025-04-08 02:58:21.790461,0 days 00:00:16.621644,0.9095286646301965,0.21619182711145035,2,0.09127712814085417,0.2575290891230483,0.0069226299553187196,0.015495356577308958,0.02385592686398879,0.02189870605204517,0.0816852153929824,14,149,0.08131490969946858,0.1669229687469141,True,False,False,1.0535413822770384e-05,COMPLETE
30,0.41560381054878237,2025-04-08 02:58:21.802445,2025-04-08 02:58:38.322532,0 days 00:00:16.520087,0.8839685633543481,0.18603453621816723,2,0.09362945277330154,0.2529189825673007,0.0017960226385127023,0.01412417989033253,0.02174610138642094,0.021200146422906005,7.168871549252373e-05,14,148,0.08298698268169077,0.16848124850978172,True,False,False,1.0025300736257125e-05,COMPLETE
31,0.41282842159271244,2025-04-08 02:58:38.335022,2025-04-08 02:58:55.501605,0 days 00:00:17.166583,0.9009340417328361,0.20614373525039742,2,0.09562556356047952,0.2650113982686807,0.0010438758216531618,0.014094814321345028,0.01888737834874001,0.021743879185438887,6.096933765669639e-05,15,149,0.08429667400221516,0.1763568722686955,True,False,False,1.0295787110764644e-05,COMPLETE
32,0.41302494406700135,2025-04-08 02:58:55.515365,2025-04-08 02:59:13.925576,0 days 00:00:18.410211,0.9200583447858451,0.16645542803031865,2,0.08891347712401376,0.261167603084782,0.00816123342705433,0.0094878063919315,0.026250412663872853,0.0153032942222339,0.09902547894266003,17,130,0.07757371243981712,0.17038446053314035,True,False,False,8.680605735452938e-06,COMPLETE
33,0.417428457736969,2025-04-08 02:59:13.938696,2025-04-08 02:59:30.320001,0 days 00:00:16.381305,0.756567128665304,0.2697676312887861,2,0.06404827298151444,0.24772676660664586,0.01330635765124925,0.021001713810036314,0.0352150628331871,0.025030597036470693,4.1656449655354606e-05,14,128,0.08783559300834005,0.23115847186919947,True,False,False,2.902743170002006e-05,COMPLETE
34,0.4148398458957673,2025-04-08 02:59:30.333405,2025-04-08 02:59:39.488055,0 days 00:00:09.154650,0.7498976076360845,0.2702316589135495,16,0.06418396829711108,0.20054939277459558,0.014108802977591973,0.022156355007112313,0.035612906029910144,0.02593727140334981,1.681529540510928e-05,18,125,0.08778157472908325,0.2554319784857471,True,False,False,2.9038828178094864e-05,COMPLETE
35,0.4239413976669312,2025-04-08 02:59:39.501685,2025-04-08 02:59:55.006265,0 days 00:00:15.504580,0.80064844400151,0.1329918192988131,2,0.017711403077713815,0.23499847053954503,0.021116838978416694,0.03182300801337925,0.010397056200768348,0.008578672772804791,3.504866090769654e-05,13,131,0.08985052800526934,0.2337832863192581,True,False,False,0.00017239317778974702,COMPLETE
36,0.23725776672363283,2025-04-08 02:59:55.022112,2025-04-08 03:00:07.902894,0 days 00:00:12.880782,0.8021973636952294,0.12060177132742392,2,0.014630934060852772,0.23359569983562584,0.020738430386322212,0.030250162084264995,0.014328395790831429,0.008913224897371824,2.7743329152676003e-05,11,131,0.09126346748673644,0.255876220155739,True,True,False,0.00021130821193373093,COMPLETE
37,0.42818491458892827,2025-04-08 03:00:07.918657,2025-04-08 03:00:22.740386,0 days 00:00:14.821729,0.659430161431811,0.2748447130239195,2,0.01806573633427561,0.2800000718167505,0.015931678940279456,0.021636808901916504,0.012259604489557999,0.0010330040776434166,3.121412797092663e-05,12,115,0.08928046816398727,0.24751908144474405,True,False,False,0.00035805922204415876,COMPLETE
38,0.4227799355983734,2025-04-08 03:00:22.754779,2025-04-08 03:00:37.721421,0 days 00:00:14.966642,0.6306846432757337,0.13808021961525047,2,0.015982385409181035,0.2839361265678394,0.016264324617422596,0.026584273040234172,0.010008214734228577,0.004055598141376052,1.0708175730193148e-05,12,115,0.07598396054600737,0.26485411330221975,True,False,False,0.00036650301670648695,COMPLETE
39,0.26890446543693547,2025-04-08 03:00:37.742039,2025-04-08 03:00:50.829885,0 days 00:00:13.087846,0.6399309249444503,0.013492173124665982,2,0.017401916625275675,0.28016800006379794,0.019224136869606584,0.02637249273221493,0.009279690790849896,0.0016067063090600773,0.00010613920819357502,12,115,0.07458921264732155,0.2660179538546008,False,True,False,0.0004942243535281615,COMPLETE
40,0.4117429971694947,2025-04-08 03:00:50.845044,2025-04-08 03:00:58.359133,0 days 00:00:07.514089,0.49502043838670357,0.13087431777891542,16,0.04662950550513045,0.2999707277877468,0.02521679965075044,0.03126418345622894,0.012179133785901268,0.007973419296920591,3.125317475510771e-05,11,99,0.09889327755618751,0.22984167441760428,True,False,True,0.0003617603218716214,COMPLETE
41,0.4254757940769196,2025-04-08 03:00:58.376289,2025-04-08 03:01:15.925014,0 days 00:00:17.548725,0.7083744719462967,0.26877333678497944,2,0.01758936606261041,0.27706767467836035,0.08133362389245807,0.01042598400820702,0.008447578242816084,0.013975685358915621,1.3267589635609835e-05,16,119,0.07851312850397217,0.2700504526632738,True,False,False,9.937362262446915e-05,COMPLETE
42,0.09055355936288834,2025-04-08 03:01:15.940996,2025-04-08 03:01:34.053129,0 days 00:00:18.112133,0.6306769845515965,0.2992205350369048,2,0.0024514628494792783,0.2829190952031374,0.07702210477068538,0.008576220926776783,0.008876478165124917,0.011211649365912263,1.0974778891226095e-05,17,139,0.09109786893046291,0.2685748432246337,True,False,False,0.00011294925240658544,COMPLETE
43,0.39268903136253364,2025-04-08 03:01:34.069476,2025-04-08 03:01:49.000800,0 days 00:00:14.931324,0.6865139927010878,0.36974733027136203,2,0.01824173829424523,0.27673802322417246,0.0916426946205686,0.02429415611216835,0.017629864025244954,0.0029978097526280932,1.0154102436822677e-05,12,118,0.06741181668402152,0.24210419684016973,True,False,False,0.0009555944013648222,COMPLETE
44,0.4209467589855194,2025-04-08 03:01:49.017159,2025-04-08 03:02:06.694455,0 days 00:00:17.677296,0.7098501949929318,0.1447325115021839,2,0.05152913305793756,0.22795044406332693,0.051050468229781494,0.019761245654663577,0.006301534629506829,0.013592800722851694,1.8483842163559967e-05,16,139,0.07697117420778112,0.2811195668093048,True,False,False,0.0002783323620718565,COMPLETE
45,0.3435846924781799,2025-04-08 03:02:06.710991,2025-04-08 03:02:20.249263,0 days 00:00:13.538272,0.8281502582028095,0.2617036978988912,2,0.009062101017261587,0.2717428286912816,0.07663377286947021,0.03584132356475143,0.013800350969586364,0.004703945729385591,8.462012009854736e-05,13,104,0.05628280633532196,0.19690502114593578,False,True,False,0.0001094915051719331,COMPLETE
46,0.3174648761749268,2025-04-08 03:02:20.266077,2025-04-08 03:02:37.804185,0 days 00:00:17.538108,0.46262272345064376,0.0448681744697452,2,0.0799215011337666,0.051606261888341845,0.08513800185075915,0.00778195473686712,0.03048182547222164,0.006076145286129099,0.00016570180786744604,16,117,0.09931817969288446,0.29997901813197136,True,False,False,0.0006006546147687343,COMPLETE
47,0.09055355936288834,2025-04-08 03:02:37.821959,2025-04-08 03:02:58.469059,0 days 00:00:20.647100,0.6165982228390936,0.09824287271806201,2,0.0013802698721967575,0.29034849881962965,0.05549262582428813,0.0012251250616164416,0.008252365943828346,0.01385660880870126,2.6277667995274623e-05,21,109,0.09285801932166621,0.20998083569165332,True,False,False,7.490653326463287e-05,COMPLETE
48,0.3981441080570221,2025-04-08 03:02:58.486695,2025-04-08 03:03:10.622022,0 days 00:00:12.135327,0.8399016219913396,0.36504425387139244,2,0.0679177910030054,0.24070173691811017,0.017228815339108777,0.027258695581413885,0.01712960275937605,0.01688799096890321,0.0006500071615810903,10,136,0.07762093820909659,0.27295812146133364,False,False,True,0.00014003839421709895,COMPLETE
49,0.31450403928756715,2025-04-08 03:03:10.640091,2025-04-08 03:03:18.487871,0 days 00:00:07.847780,0.3979747624210074,0.24706105197000044,16,0.048670385718353956,0.21627118860054761,0.005856260830131025,0.03504844520435919,0.011348072632589462,0.010808598683293395,1.6047015498819534e-05,13,122,0.07138351475272754,0.24028773428279576,True,True,False,0.0002941876259659388,COMPLETE
50,0.4219329595565796,2025-04-08 03:03:18.506275,2025-04-08 03:03:28.583888,0 days 00:00:10.077613,0.7789495453285571,0.1639123248659256,8,0.017437658037362625,0.28970207099991674,0.037210546723567786,0.01885187135382293,0.0034133067224058726,0.006331991851991656,4.2566997993424736e-05,19,97,0.08955904855066366,0.25396928891258286,True,False,False,7.257455408424952e-05,COMPLETE
51,0.42815935611724854,2025-04-08 03:03:28.604287,2025-04-08 03:03:38.743996,0 days 00:00:10.139709,0.7816614476829327,0.3018659450533473,8,0.02329621298369698,0.29218583215451843,0.03793868497648806,0.012254946509999807,0.0045339822834074275,0.0011028261206068243,4.487462294822369e-05,19,99,0.08945968480456794,0.24940861922973004,True,False,False,8.258206705046039e-05,COMPLETE
52,0.417260354757309,2025-04-08 03:03:38.762633,2025-04-08 03:03:48.913950,0 days 00:00:10.151317,0.7076139323354487,0.30058639000140547,8,0.026371907960080532,0.2678596129597156,0.025760120022650896,0.011969218989863261,0.0070031127351400865,0.0010312631898478021,4.4099068285457244e-05,18,113,0.09596453602020595,0.28627674378946183,True,False,False,0.0005742328973375708,COMPLETE
53,0.42088434696197513,2025-04-08 03:03:48.932700,2025-04-08 03:03:58.381940,0 days 00:00:09.449240,0.6630379137617115,0.49482666483340837,8,0.010906891952909047,0.2949867932058994,0.06359999562142464,0.09790881566690388,0.022918179193999126,0.009575311402979736,2.212003400326123e-05,15,122,0.08484892089142998,0.22092437312747287,True,False,False,0.00020592472122641013,COMPLETE
54,0.39200930595397954,2025-04-08 03:03:58.401720,2025-04-08 03:04:09.094234,0 days 00:00:10.692514,0.9476970104171443,0.07700707397291931,8,0.2414801102240034,0.23900414621343435,0.045161545006955295,0.01796018676318386,0.016233496052955414,0.017580794260477685,1.3261802668360718e-05,20,107,0.07906125254270432,0.20311315233495167,True,False,False,4.148285286491861e-05,COMPLETE
55,0.41437275409698493,2025-04-08 03:04:09.115596,2025-04-08 03:04:18.251677,0 days 00:00:09.136081,0.8318663669364238,0.31574293024052125,8,0.17979056517102693,0.27377481984746793,0.015628123298862196,0.005172516717385427,0.004754646219612323,0.006350947907034415,0.0017253414398929452,12,134,0.09403453783238318,0.24278691258525784,True,False,False,7.210870191618978e-05,COMPLETE
