number,value,datetime_start,datetime_complete,duration,params_alpha-eval,params_alpha-train,params_batch-size,params_eps-eval,params_eps-train,params_lambda-actions-eval,params_lambda-actions-train,params_lambda-frames-eval,params_lambda-frames-train,params_learning-rate,params_n-epochs,params_n-frames,params_radius-gw,params_rho,params_std-feats,params_ub-actions,params_ub-frames,params_weight-decay,state
1699,0.43400033712387087,2025-04-08 07:40:26.262720,2025-04-08 07:40:35.889564,0 days 00:00:09.626844,0.38628783011697476,0.5690288748585381,16,0.03427177391784905,0.27131092332108314,0.08274866292567978,0.09112939989722382,0.06360911743463606,0.08366213434186383,3.488814273483274e-05,26,110,0.09682320270800296,0.23143307781992495,True,False,True,1.7736697394889844e-07,COMPLETE
1700,0.2804460406303406,2025-04-08 07:40:36.432148,2025-04-08 07:40:46.211326,0 days 00:00:09.779178,0.3054403309078473,0.6267529942037761,16,0.05688586839475307,0.2876008677180973,0.0802969154740809,0.09754574368747326,0.06799011937466004,0.059082326406729786,2.5845138518248857e-05,26,119,0.09849414101847717,0.23890516366870407,True,False,True,2.4934134323589543e-07,COMPLETE
1701,0.44187514185905463,2025-04-08 07:40:46.779930,2025-04-08 07:40:56.696867,0 days 00:00:09.916937,0.2619241957064001,0.5451058238189542,16,0.039042998949425374,0.05588858188541235,0.07865862401056406,0.0930931440433261,0.06566847287278424,0.08531293015154547,1.878971743836586e-05,26,124,0.09643932940103718,0.22087223959853836,True,False,True,9.087190637112076e-08,COMPLETE
1702,0.08486982136964799,2025-04-08 07:40:57.241929,2025-04-08 07:41:07.207136,0 days 00:00:09.965207,0.9443451696418526,0.5268024775684029,16,0.050222967400276694,0.26770359038521085,0.08423156604736144,0.09985681441594689,0.06138965376262001,0.08044912045174371,1.3136382679916145e-05,27,127,0.006448784495531337,0.28149737670142955,True,False,True,2.108696294237613e-06,COMPLETE
1703,0.44766091704368594,2025-04-08 07:41:07.796935,2025-04-08 07:41:17.527627,0 days 00:00:09.730692,0.33838758245031875,0.5690530045680948,16,0.04509702852549883,0.27684111019413404,0.08122149576893274,0.0815837888893734,0.07235213699356485,0.08306205446763021,2.8034851567708153e-05,26,115,0.09979270276259171,0.21377306403963203,True,False,True,1.3299827562680004e-07,COMPLETE
1704,0.4414995670318604,2025-04-08 07:41:18.072871,2025-04-08 07:41:39.883960,0 days 00:00:21.811089,0.28460130236831704,0.5026201937121864,2,0.038282943445632864,0.26079555742539373,0.07627607670035182,0.08579149353493697,0.06947341153146905,0.08780970408198659,1.591603523314563e-05,27,113,0.09678341600688833,0.23082671382706346,True,False,True,1.000373906421227e-06,COMPLETE
1705,0.3477962791919708,2025-04-08 07:41:40.456471,2025-04-08 07:41:50.012418,0 days 00:00:09.555947,0.31758110359241176,0.5977671608255269,16,0.05419065903049254,0.2721221149656265,0.07830640620303723,0.09994848844778816,0.06660946638436588,0.08568409654030719,2.108548121823206e-05,25,117,0.09844294572642555,0.22361981915445048,True,False,True,3.297641297875184e-07,COMPLETE
1706,0.4481009960174561,2025-04-08 07:41:50.562001,2025-04-08 07:42:00.373620,0 days 00:00:09.811619,0.29718147942036616,0.5540235900899286,16,0.03379217935416869,0.28228210378004737,0.08585131717813592,0.08930137637970585,0.06423438657970043,0.08144523591953726,2.3390188086969984e-05,26,122,0.09602314837446972,0.27102222932246134,True,False,True,1.9324668058454584e-07,COMPLETE
1707,0.44218825697898867,2025-04-08 07:42:00.919414,2025-04-08 07:42:10.705582,0 days 00:00:09.786168,0.25739516442669147,0.5313763811371859,16,0.04603668970366047,0.2653629567082636,0.08296148315972172,0.09627421306091524,0.07087929339425518,0.07830059581536726,2.7415972537286137e-05,27,119,0.09817251615728226,0.24909427089509187,True,False,True,6.596535035442885e-07,COMPLETE
1708,0.4392136573791504,2025-04-08 07:42:11.273670,2025-04-08 07:42:20.953946,0 days 00:00:09.680276,0.3560375359622873,0.5835194446781168,16,0.041541019163086106,0.27752806041750894,0.08064894650677268,0.0876179777891984,0.05951177524047336,0.08362827770073243,3.455677215972594e-05,26,111,0.0953829676966974,0.21725350194116974,True,False,True,1.2006451828803814e-07,COMPLETE
1709,0.433369517326355,2025-04-08 07:42:21.496715,2025-04-08 07:42:31.557036,0 days 00:00:10.060321,0.325158791856501,0.555450062504335,16,0.062165806591347156,0.26121031630555697,0.07630641332318976,0.09122879488784434,0.06819413937255145,0.08727606010708082,1.9047802683893978e-05,25,115,0.09840142761847102,0.20847139045050092,True,False,False,9.705990134095504e-08,COMPLETE
1710,0.22696883082389832,2025-04-08 07:42:32.128570,2025-04-08 07:42:41.878024,0 days 00:00:09.749454,0.2788069080272849,0.503838096706686,16,0.09696169247569242,0.27234986664021743,0.0793384422203815,0.09413462409632896,0.05608735146779705,0.0851897153425247,2.3912131926323084e-05,26,120,0.09546817695105049,0.2281997812999294,True,False,True,1.5989735478489893e-07,COMPLETE
1711,0.4386157035827637,2025-04-08 07:42:42.420501,2025-04-08 07:42:52.032765,0 days 00:00:09.612264,0.31143279121936673,0.5409828609069013,16,0.05166647610286129,0.28626813692368297,0.08212674313886219,0.08955840252916743,0.06305624924818301,0.07961480778152911,3.0419601680799318e-05,25,123,0.09980579706150565,0.2413659793815626,True,False,True,7.794205082765779e-08,COMPLETE
1712,0.4517942190170288,2025-04-08 07:42:52.601370,2025-04-08 07:43:02.442171,0 days 00:00:09.840801,0.2582803342098776,0.5702196029245095,16,0.033614986530020576,0.26701506706022693,0.08907944796577787,0.08447794528140358,0.06584204253971557,0.08744147449147477,1.6743577923470194e-05,27,117,0.09675278907175315,0.23541517102484272,True,False,True,2.3201783743844995e-07,COMPLETE
1713,0.40256159305572514,2025-04-08 07:43:02.987170,2025-04-08 07:43:12.583762,0 days 00:00:09.596592,0.2635716715648713,0.5920866555540109,16,0.04496105354697393,0.2664745928805937,0.08864822464004928,0.08325135141761156,0.06502629871833579,0.08554018568961223,1.1803004985380627e-05,25,117,0.09448365172747537,0.2369809607713259,True,False,True,2.568813382831502e-07,COMPLETE
1714,0.44271886944770816,2025-04-08 07:43:13.153193,2025-04-08 07:43:22.761594,0 days 00:00:09.608401,0.2827464006704668,0.6154187581946651,16,0.03927275362272839,0.2610664288205889,0.08951321575564698,0.0840396336475484,0.06195931052262585,0.08749970300425333,1.3575766558656776e-05,26,114,0.09502441752346377,0.24331604735728818,True,False,True,3.014555282284912e-07,COMPLETE
1715,0.3455260097980499,2025-04-08 07:43:23.310135,2025-04-08 07:43:33.013692,0 days 00:00:09.703557,0.26741555069971634,0.6299599356174042,16,0.05757092729512055,0.28028974027598985,0.08888333060740064,0.08703443998143692,0.0638148623470327,0.08682408626073522,1.540970876029381e-05,26,118,0.093858836632006,0.23538271540872552,True,True,True,3.703758560303852e-07,COMPLETE
1716,0.1297883838415146,2025-04-08 07:43:33.585910,2025-04-08 07:43:43.330554,0 days 00:00:09.744644,0.2972055456731337,0.5771660059518254,16,0.29956212425939965,0.27387084688763863,0.08755703290936595,0.08630990147286315,0.06601152154044633,0.08381925837662062,1.1557836927943775e-05,27,112,0.09543877446447688,0.23415842423167135,True,False,True,3.111291332387055e-07,COMPLETE
1717,0.30932288169860844,2025-04-08 07:43:43.879919,2025-04-08 07:43:53.805467,0 days 00:00:09.925548,0.2632886240387537,0.6112704578590917,16,0.05007912902694564,0.29389268448487116,0.08671651700159543,0.08519855649449985,0.06132787013630914,0.08749901164147483,1.541582851449273e-05,26,127,0.09576774380719005,0.22668586687229558,True,False,True,2.2862412992842671e-07,COMPLETE
1718,0.4449475169181824,2025-04-08 07:43:54.354471,2025-04-08 07:44:04.023405,0 days 00:00:09.668934,0.2946126591379681,0.5935055801013046,16,0.034663250071048604,0.2692358674455344,0.0902878508279614,0.0880565414358238,0.06497401069255315,0.0854072746126681,1.637102288939499e-05,25,121,0.09279073748326198,0.2523366338475799,True,False,True,2.3042713507070117e-07,COMPLETE
1719,0.44933078885078437,2025-04-08 07:44:04.595872,2025-04-08 07:44:14.495523,0 days 00:00:09.899651,0.2780680370498019,0.5754418246087061,16,0.04477543153943438,0.1840364126008875,0.09002976539667357,0.08095394968838165,0.06723715594539853,0.0835192114188483,2.0769789583767422e-05,27,116,0.09665377751252852,0.2399711242254529,True,False,True,2.9641841169798105e-07,COMPLETE
1720,0.44318838119506837,2025-04-08 07:44:15.051102,2025-04-08 07:44:24.664533,0 days 00:00:09.613431,0.33302702320026656,0.6471781389533772,16,0.040527010755649,0.2614612298802709,0.08692649304703914,0.08438958339332302,0.06392587204572615,0.08758412787863817,3.455311527414653e-05,25,119,0.09412261820517777,0.2477108297163437,True,False,True,2.1993186288304438e-07,COMPLETE
1721,0.4478500664234162,2025-04-08 07:44:25.236200,2025-04-08 07:44:35.149158,0 days 00:00:09.912958,0.30715935307321474,0.5672529088723632,16,0.05114274670048056,0.28019922901182004,0.08511617869991334,0.08904761939926523,0.06234316785495198,0.08195332462098213,2.564536180062455e-05,26,124,0.09997335680052397,0.2302791400883767,True,False,True,2.7302318594702297e-07,COMPLETE
1722,0.23796193599700927,2025-04-08 07:44:35.700251,2025-04-08 07:44:45.296443,0 days 00:00:09.596192,0.2582221047369022,0.5999595173987474,16,0.06764565593327251,0.2746144781656751,0.08696463343910348,0.0921222639570377,0.05963184462694615,0.08782682937865345,1.7851849822438256e-05,26,110,0.0966905915158747,0.2348868427372815,True,False,True,1.8710054436783347e-07,COMPLETE
1723,0.45040656924247746,2025-04-08 07:44:45.869157,2025-04-08 07:44:55.430596,0 days 00:00:09.561439,0.2888187795044559,0.5624383922704362,16,0.04556471936424438,0.28863675501728403,0.08389789467484371,0.08572366550515834,0.06622214361198941,0.08547862510164334,2.974844652839062e-05,25,116,0.0944057220865444,0.22664188375765254,True,False,True,3.9083590401474853e-07,COMPLETE
1724,0.300676554441452,2025-04-08 07:44:55.984683,2025-04-08 07:45:16.348189,0 days 00:00:20.363506,0.2779891464023983,0.5891529270076196,2,0.05822101464127955,0.2909174685214382,0.08910527164831718,0.08221326626417597,0.06707970086128612,0.0861371443358248,3.630178227953397e-05,24,114,0.09261612536775397,0.21826373745887068,True,False,True,3.6180579857300306e-07,COMPLETE
1725,0.16875222623348238,2025-04-08 07:45:16.918440,2025-04-08 07:45:26.378507,0 days 00:00:09.460067,0.2579155396443694,0.5689897874065555,16,0.11298106670882602,0.2938658776873504,0.08510799491841398,0.08232890088777758,0.06657211382600318,0.0879087773998301,3.545668911854234e-05,24,112,0.09378814785545388,0.22340313627090155,True,False,True,3.8218096405570803e-07,COMPLETE
1726,0.4485084772109985,2025-04-08 07:45:26.933263,2025-04-08 07:45:36.343832,0 days 00:00:09.410569,0.27911584750774654,0.6135230941254095,16,0.03655341604423975,0.2968574291145414,0.08452163294319205,0.08486365417612525,0.06850650514006829,0.08599634923423373,3.096879081141655e-05,24,115,0.09236873261426522,0.21406945233161975,True,False,True,5.632588979578543e-07,COMPLETE
1727,0.440981787443161,2025-04-08 07:45:36.921795,2025-04-08 07:45:46.425804,0 days 00:00:09.504009,0.25437988414154983,0.5810157950267634,16,0.05175678216255081,0.29569964971003204,0.08686500315964206,0.08590913336270334,0.0661815677923208,0.08537846057579963,3.673384150987605e-05,25,110,0.09438708496459706,0.22127628302475802,True,False,True,5.214298275042112e-07,COMPLETE
1728,0.4468124687671662,2025-04-08 07:45:46.991872,2025-04-08 07:45:56.461582,0 days 00:00:09.469710,0.29061026967767184,0.5229431772205243,16,0.04576278348312918,0.2868487393256274,0.0888679125251846,0.09722263626214413,0.06863309742994625,0.08688852909739289,2.728660924524316e-05,25,116,0.09421977815951453,0.2573894165048316,True,False,True,4.719990061407423e-07,COMPLETE
1729,0.3931998729705811,2025-04-08 07:45:57.015774,2025-04-08 07:46:06.530783,0 days 00:00:09.515009,0.2556928904024388,0.5603431091336785,16,0.033604375169607695,0.2960073218618681,0.08430514357379033,0.09358753910487876,0.06363520954805743,0.08834616441125442,3.024196027840185e-05,24,120,0.039671507426707914,0.2262405484112988,True,False,True,4.2351548014658814e-07,COMPLETE
1730,0.44717655181884763,2025-04-08 07:46:07.103378,2025-04-08 07:46:16.507284,0 days 00:00:09.403906,0.31589444878979245,0.630055180548757,16,0.04219348232549954,0.28494999461779935,0.08340161038472657,0.08359473675908397,0.06755205956832357,0.08456946113909802,3.568607970758268e-05,24,113,0.09669335605453681,0.24445442236236073,True,False,True,3.973488269660674e-07,COMPLETE
1731,0.43771819472312934,2025-04-08 07:46:17.059192,2025-04-08 07:46:26.533065,0 days 00:00:09.473873,0.2756330424343372,0.5405045820863857,16,0.05269622468326628,0.2911868521252944,0.08606230912358308,0.09042245749613578,0.06528473652730755,0.08736829277012761,2.89803540048832e-05,25,116,0.09234683032716873,0.21025929727261244,True,False,True,3.536506414524576e-07,COMPLETE
1732,0.3767500758171082,2025-04-08 07:46:27.106990,2025-04-08 07:46:36.697979,0 days 00:00:09.590989,0.2904625441547324,0.6009846503506039,16,0.06140109934457656,0.28975282310583794,0.08417595637552407,0.08635115981761189,0.06938789980872861,0.08489585553970101,3.0268789634143963e-05,25,121,0.09520509358617023,0.21784107671002922,True,False,True,3.3504494070491134e-07,COMPLETE
1733,0.43163834810256957,2025-04-08 07:46:37.250295,2025-04-08 07:46:46.771981,0 days 00:00:09.521686,0.3436156398340472,0.5664741948681081,16,0.03891521137513547,0.29012510279271086,0.08774672184237405,0.0947010383791264,0.061265016368890673,0.0881960669150868,2.4635922153204312e-05,25,112,0.053181083642483876,0.2391443503163887,True,False,True,4.581422391025318e-07,COMPLETE
1734,0.32194727659225464,2025-04-08 07:46:47.365334,2025-04-08 07:46:56.663259,0 days 00:00:09.297925,0.31644688331318027,0.5225620235812906,16,0.04647342134421556,0.297846872330434,0.08220210428536974,0.08867411625473706,0.058659872170116055,0.08591125333017093,3.658340801110355e-05,24,117,0.09997581724380486,0.2321413219601323,True,True,False,3.1876741776570014e-07,COMPLETE
1735,0.22424315810203554,2025-04-08 07:46:57.230291,2025-04-08 07:47:06.823462,0 days 00:00:09.593171,0.366540566511701,0.5494506405384073,16,0.03299792315123833,0.2874850041125755,0.08020669351231682,0.0919437398880628,0.06329614544535114,0.016401839350320066,2.448546488275746e-05,25,109,0.023669216457234268,0.20691247311394734,True,False,True,7.207656458610547e-07,COMPLETE
1736,0.44180669188499455,2025-04-08 07:47:07.394543,2025-04-08 07:47:17.148445,0 days 00:00:09.753902,0.2561332595159489,0.5817256538239604,16,0.055616069990892775,0.28577771877242464,0.085930956074626,0.0960369747536057,0.06558114254063813,0.08403805668034453,2.981566847335711e-05,25,125,0.09664164438349758,0.22699747151704386,True,False,True,2.578513102012695e-07,COMPLETE
1737,0.44961411952972413,2025-04-08 07:47:17.699351,2025-04-08 07:47:27.314023,0 days 00:00:09.614672,0.2977902216246896,0.5065123713573335,16,0.04040133606571771,0.28707447021053867,0.08347659035712131,0.08983668925206802,0.0680270530598651,0.08813435864032682,2.11027655348909e-05,25,122,0.0945104703737752,0.2227990047362934,True,False,True,4.4647016623853636e-07,COMPLETE
1738,0.43294519186019903,2025-04-08 07:47:27.883662,2025-04-08 07:47:37.552834,0 days 00:00:09.669172,0.328389677633923,0.6019247902873931,16,0.03429842229078565,0.29017964363476156,0.0845414845694988,0.09355554639813979,0.0697493787479617,0.08838073338572579,0.005137366197136093,24,126,0.09303663976841813,0.22335848439734146,True,False,True,4.872617699864459e-07,COMPLETE
1739,0.44630160331726076,2025-04-08 07:47:38.105521,2025-04-08 07:47:47.786880,0 days 00:00:09.681359,0.3414629115557891,0.5325935088990292,16,0.0372488003355931,0.29665022909499794,0.08940762459302314,0.09033008192059767,0.07015343889751122,0.08855915702407852,1.3210663150816735e-05,25,123,0.09302729522676124,0.23376406306264488,True,False,True,3.4809340213621835e-07,COMPLETE
1740,0.4443556964397431,2025-04-08 07:47:48.363432,2025-04-08 07:47:58.058547,0 days 00:00:09.695115,0.30658866374672333,0.5011453243441985,16,0.039277144911428676,0.29414675950393343,0.08697786413390404,0.09186191778115739,0.06816611283347646,0.08782704502548945,1.703273425816911e-05,24,129,0.09207684224421259,0.22592312439390846,True,False,True,5.168821892325927e-07,COMPLETE
1741,0.42229434847831726,2025-04-08 07:47:58.613111,2025-04-08 07:48:08.256297,0 days 00:00:09.643186,0.4659952340629414,0.5006272398287956,16,0.04123680864343181,0.29858781095321346,0.08339595957550405,0.09771787081409458,0.024717378163119953,0.08769122025163112,1.887155739935468e-05,25,122,0.09237082668540303,0.22061233687743045,True,False,True,6.548493414810537e-07,COMPLETE
1742,0.4466219246387482,2025-04-08 07:48:08.832772,2025-04-08 07:48:18.800049,0 days 00:00:09.967277,0.30021559585695273,0.562125021025754,16,0.03478427801886792,0.2910499354224764,0.07785552420351322,0.09472170278836003,0.07138218711912875,0.08817505915319836,1.400977747835732e-05,26,127,0.0947102253854555,0.23082386347347186,True,False,True,5.830376629962545e-07,COMPLETE
1743,0.4024824142456055,2025-04-08 07:48:19.356909,2025-04-08 07:48:29.068033,0 days 00:00:09.711124,0.7115716138366237,0.50160444882404,16,0.048412235339659215,0.29892647925605137,0.0803858615456462,0.09059430302644748,0.07244135161442083,0.08569243370901448,2.0526733648131337e-05,25,122,0.09376460318039677,0.2380110466368987,True,False,True,4.3145014692251053e-07,COMPLETE
1744,0.4467439413070679,2025-04-08 07:48:29.645773,2025-04-08 07:48:39.186454,0 days 00:00:09.540681,0.27562211956095045,0.5457167413610434,16,0.04068064016341263,0.29089369863318026,0.08589866960704533,0.09279245826096547,0.06841670679396314,0.08803580961228458,2.1001237387673423e-05,25,114,0.0924036498163022,0.22047378332776196,True,False,True,4.836901729810443e-07,COMPLETE
1745,0.4349999070167542,2025-04-08 07:48:39.738756,2025-04-08 07:49:00.027000,0 days 00:00:20.288244,0.3247098343703179,0.5830096854947491,2,0.03280877146335595,0.2854747088003814,0.08994697468059684,0.08897092119535611,0.06709719424559595,0.08351893525712573,1.626089299690711e-05,24,131,0.09481183383555472,0.23260463455001323,True,False,True,4.3063986730811156e-07,COMPLETE
1746,0.445092910528183,2025-04-08 07:49:00.606025,2025-04-08 07:49:10.299977,0 days 00:00:09.693952,0.3048576161528483,0.5252182846676638,16,0.0476567072536473,0.2877026072516476,0.07889834943066507,0.09597481732457747,0.06969199567672947,0.08629946401660775,2.2313383925089946e-05,26,119,0.09450076066194046,0.22515038095512682,True,False,True,3.519129974158686e-07,COMPLETE
1747,0.43028981089591983,2025-04-08 07:49:10.864210,2025-04-08 07:49:19.542844,0 days 00:00:08.678634,0.37216360075028637,0.6133874765345952,16,0.05163413337066235,0.29289358674742805,0.08193074050354035,0.09045857831524073,0.06716971397774806,0.08364946673460827,1.8699982425798466e-05,15,116,0.09533611246253289,0.21525353516051188,True,False,False,3.9855084247673006e-07,COMPLETE
1748,0.4448297500610352,2025-04-08 07:49:20.127724,2025-04-08 07:49:29.755454,0 days 00:00:09.627730,0.34280554415972697,0.5663590716626932,16,0.04032190129011554,0.28390223695834416,0.08408039909299542,0.09299237777645124,0.07063297530556306,0.08871561553758464,2.3739397600424756e-05,26,110,0.09192385333381062,0.24486027736989174,True,False,True,7.568124680015904e-07,COMPLETE
1749,0.4457228660583496,2025-04-08 07:49:30.317807,2025-04-08 07:49:39.985071,0 days 00:00:09.667264,0.2739899235469958,0.5441242529095653,16,0.03313562093160646,0.2831729667700902,0.08068054919131915,0.08899704980028414,0.07320039153557191,0.08594471871315396,1.5493223135425734e-05,25,124,0.09195724174699653,0.2920787210095208,True,False,True,3.066575557599157e-07,COMPLETE
1750,0.12528154850006104,2025-04-08 07:49:40.562392,2025-04-08 07:49:50.578959,0 days 00:00:10.016567,0.29962623077326084,0.5061597400781813,16,0.18787739874907114,0.28569410065071105,0.08754154757958087,0.09808467272461194,0.06815778946484016,0.08196714180933037,1.9737862350684893e-05,27,120,0.0959290221531819,0.2286793786566971,True,False,True,2.86273653751356e-07,COMPLETE
1751,0.4279015243053437,2025-04-08 07:49:51.142334,2025-04-08 07:50:00.785392,0 days 00:00:09.643058,0.2538332169393175,0.5814397834049239,16,0.04832948936136927,0.29394444234293754,0.07784324077347651,0.09137448678329463,0.06618778849294861,0.08859769282881426,2.4377592047258865e-05,25,113,0.09685991730319166,0.22021844088140838,True,False,True,2.7279748737681393e-07,COMPLETE
1752,0.4281785070896149,2025-04-08 07:50:01.340191,2025-04-08 07:50:11.010587,0 days 00:00:09.670396,0.31971302686761444,0.5243945472170645,16,0.04314757100512237,0.28327992520182044,0.08186693623744222,0.09471817195810026,0.06942585405285027,0.021897262821924432,1.1517009576873767e-05,26,117,0.09417927361948254,0.23799891053030253,True,False,True,3.8567505061472007e-07,COMPLETE
1753,0.3068125605583191,2025-04-08 07:50:11.587008,2025-04-08 07:50:21.058825,0 days 00:00:09.471817,0.2927383110956956,0.5516188759457925,16,0.0560209764187853,0.2816447889037463,0.08447399767763719,0.08757479031594759,0.07246266654084585,0.08634956239222887,2.168157074099843e-05,24,122,0.09674118308831575,0.2155117343456124,True,False,True,5.272184966792422e-07,COMPLETE
1754,0.4293277859687806,2025-04-08 07:50:21.617828,2025-04-08 07:50:31.453468,0 days 00:00:09.835640,0.2749761313757679,0.6326094518137135,16,0.03766729756405634,0.2898740334580792,0.07953977093927866,0.08552803182830125,0.06690861179031017,0.08418691587746509,1.728729118577619e-05,27,115,0.09231857886490709,0.22586225182148392,True,True,True,3.160962093228448e-07,COMPLETE
1755,0.3817214727401733,2025-04-08 07:50:32.033901,2025-04-08 07:50:41.946211,0 days 00:00:09.912310,0.6806497890313249,0.5959077618714974,16,0.0618162051170081,0.2836735171698558,0.08293004302047892,0.09997263793130211,0.07067719727310014,0.08869450196692126,1.3370537453745973e-05,26,126,0.06038637163707375,0.26340418377660124,True,False,True,3.930772747458587e-07,COMPLETE
