number,value,datetime_start,datetime_complete,duration,params_alpha-eval,params_alpha-train,params_batch-size,params_eps-eval,params_eps-train,params_lambda-actions-eval,params_lambda-actions-train,params_lambda-frames-eval,params_lambda-frames-train,params_learning-rate,params_n-epochs,params_n-frames,params_radius-gw,params_rho,params_std-feats,params_ub-actions,params_ub-frames,params_weight-decay,state
1927,0.4455421566963196,2025-04-08 08:21:20.507532,2025-04-08 08:21:30.319331,0 days 00:00:09.811799,0.3251884960687581,0.6454783243498485,16,0.041838853343886,0.28785036320527185,0.07702644558693947,0.09725023360334727,0.06840004937688379,0.08001994531248438,2.653488092589742e-05,25,126,0.09997975473476621,0.2124910439665653,True,False,True,4.625780696338189e-07,COMPLETE
1928,0.44607231020927435,2025-04-08 08:21:30.962193,2025-04-08 08:21:40.612930,0 days 00:00:09.650737,0.2491261203355346,0.5518020568419552,16,0.03200080775860995,0.28046254989538355,0.08490252143218864,0.09300014042499263,0.0668425243751657,0.07804914868131899,1.9407366680615148e-05,26,113,0.09169746625613075,0.25128686057236754,True,False,True,1.9355068269716401e-07,COMPLETE
1929,0.439730978012085,2025-04-08 08:21:41.225027,2025-04-08 08:21:51.100844,0 days 00:00:09.875817,0.2908328312916649,0.5760006068623247,16,0.05885702566666451,0.2920540371078745,0.08184947994856831,0.08339574449896028,0.0636686440516518,0.0761749768391201,3.200172429552838e-05,27,116,0.095424539064847,0.2309095421084098,True,False,True,2.5776738072442073e-07,COMPLETE
1930,0.31587155461311345,2025-04-08 08:21:51.742141,2025-04-08 08:22:01.409616,0 days 00:00:09.667475,0.34990295357046997,0.6167060219094602,16,0.05150613211882589,0.2873359039329207,0.07912714370402961,0.08825705576049742,0.06871711078176597,0.08114623241030085,1.4968542770492444e-05,25,120,0.09819460238679815,0.22253535352162182,True,False,True,3.7203416596542385e-07,COMPLETE
1931,0.43967382907867436,2025-04-08 08:22:02.024751,2025-04-08 08:22:11.438536,0 days 00:00:09.413785,0.30558629013244437,0.6683960865383988,16,0.03849827550156747,0.2815428746281045,0.08743934240476355,0.09987697433574991,0.06559995931787695,0.0802194298768144,2.4299749014497095e-05,24,112,0.09310058475724464,0.21658251478581336,True,False,True,2.28223494937705e-07,COMPLETE
1932,0.44783099293708806,2025-04-08 08:22:12.073418,2025-04-08 08:22:21.857725,0 days 00:00:09.784307,0.2817265180921879,0.531403157260427,16,0.044653807792506536,0.2780306199716747,0.03590761267213401,0.09101048535375862,0.06009121128245848,0.07522729702283393,2.8775222113242042e-05,26,122,0.09697183181862096,0.23971728972592563,True,False,True,2.951184895692551e-07,COMPLETE
1933,0.40549131035804753,2025-04-08 08:22:22.502229,2025-04-08 08:22:32.366335,0 days 00:00:09.864106,0.24697668715789986,0.5050753699558406,16,0.05350662023773828,0.2873546293389726,0.07458071956498966,0.09494398811818013,0.062276795933780285,0.07778933089861001,2.0916401512551198e-05,27,118,0.09484591637173631,0.2273770909142236,True,False,True,1.908054762152652e-07,COMPLETE
1934,0.2899940311908722,2025-04-08 08:22:32.979669,2025-04-08 08:22:53.662985,0 days 00:00:20.683316,0.3280702105713334,0.5555479356770896,2,0.06520642580266865,0.2935484046798402,0.08313724047549996,0.08595587726758938,0.06925764458451268,0.08159779766586818,4.1654746087928016e-05,25,115,0.09835323925425767,0.24528554947517187,True,False,True,1.8124936898215384e-07,COMPLETE
1935,0.4331205725669861,2025-04-08 08:22:54.305156,2025-04-08 08:23:04.270067,0 days 00:00:09.964911,0.3017409306217209,0.5967845822765383,16,0.037325937223792884,0.2778757521343923,0.0773711203669283,0.09062597759700303,0.06678143367952186,0.08278351560154905,3.369184643060617e-05,26,128,0.09649109487703374,0.20812220963579364,True,False,True,8.689568790294582e-07,COMPLETE
1936,0.4238346636295319,2025-04-08 08:23:04.910917,2025-04-08 08:23:14.839172,0 days 00:00:09.928255,0.27016591990253536,0.5422658359625383,16,0.04886672584278393,0.2839105847745038,0.08024381819217138,0.09666229263585922,0.06415502698762744,0.07932257826155846,2.5257762901559944e-05,24,109,0.09307915401154775,0.23399150852212727,True,False,False,2.61794586594592e-07,COMPLETE
1937,0.4473329484462738,2025-04-08 08:23:15.461848,2025-04-08 08:23:25.231582,0 days 00:00:09.769734,0.34327457409640294,0.5751016164496531,16,0.03216488003521466,0.0921694445189142,0.07656613107631162,0.08745439942388261,0.06947315583276154,0.06358681752962969,1.6574641007879024e-05,25,125,0.09803556321393639,0.2208060689381038,True,False,True,3.827791459828894e-07,COMPLETE
1938,0.4487740874290467,2025-04-08 08:23:25.881785,2025-04-08 08:23:35.583325,0 days 00:00:09.701540,0.3193489962722983,0.5166059945138952,16,0.043140365770198155,0.27646037962250064,0.08219246580749402,0.09287718786021451,0.06711248058729333,0.06627713006328423,2.0659604563016822e-05,26,118,0.09555998653414698,0.2698695646621999,True,False,True,5.865320743884424e-07,COMPLETE
1939,0.43956515789031986,2025-04-08 08:23:36.206920,2025-04-08 08:23:46.241671,0 days 00:00:10.034751,0.2854631051921372,0.49995091306075795,16,0.059376852747856874,0.29308059270466136,0.0847050464727947,0.08932169813160701,0.05158669766158884,0.07086979330010108,2.852777224556366e-05,27,121,0.09126263768999601,0.25528724634954536,True,False,True,1.2696652168623163e-06,COMPLETE
1940,0.3010930359363556,2025-04-08 08:23:46.883595,2025-04-08 08:23:56.398718,0 days 00:00:09.515123,0.2644537676008025,0.5652877850661245,16,0.04647008588100952,0.27488874219069304,0.07836715092163428,0.08412949108975105,0.06491650189677498,0.08268391208522007,2.273454757085145e-05,25,112,0.05032568788710936,0.22735555342317235,True,False,True,2.9749250630856203e-06,COMPLETE
1941,0.09083885401487352,2025-04-08 08:23:57.010077,2025-04-08 08:24:06.364898,0 days 00:00:09.354821,0.3058896621244104,0.6319368252345537,16,0.17524696242614807,0.2834848148611769,0.07459064763343215,0.09410764547561505,0.06787585940490566,0.08285973250858684,3.5084564385772687e-05,24,115,0.09671681178173766,0.21629184211816369,True,True,True,2.119176370085834e-07,COMPLETE
1942,0.44374489188194277,2025-04-08 08:24:07.009251,2025-04-08 08:24:16.995933,0 days 00:00:09.986682,0.29042939479517776,0.5427816702646069,16,0.03726921353607553,0.2783356470860975,0.08103473331303128,0.08118718318151577,0.061652513132872074,0.08080250913148561,1.2856517883316284e-05,27,124,0.09830174724919143,0.20547112403303458,True,False,True,4.472631966685567e-07,COMPLETE
1943,0.09045553356409072,2025-04-08 08:24:17.639999,2025-04-08 08:24:27.318970,0 days 00:00:09.678971,0.24607729353591976,0.582196453733766,16,0.1105186293041237,0.2939184424977462,0.09067492061400488,0.09759102106491613,0.07018948628074802,0.07835041173183548,1.7498131213759575e-05,26,118,0.09994989545973043,0.2407928680823311,True,False,True,3.0896273674701557e-07,COMPLETE
1944,0.0902007132768631,2025-04-08 08:24:27.934902,2025-04-08 08:24:37.698964,0 days 00:00:09.764062,0.38631410602358185,0.6123347557469726,16,0.05389578150515339,0.28805524780268843,0.07898864607804451,0.09988724156845286,0.06555512703659078,0.08421459788931498,0.014914759006026762,26,121,0.004411244888115652,0.2500229232878423,True,False,True,1.8261943393902061e-06,COMPLETE
1945,0.4463811576366425,2025-04-08 08:24:38.344814,2025-04-08 08:24:47.887127,0 days 00:00:09.542313,0.3233371055440406,0.5548222964207653,16,0.0416607779802766,0.27408868417379345,0.08666953833692234,0.08999295937476896,0.06315013446650937,0.08080197797487204,2.665776680163019e-05,25,115,0.09472372766774548,0.23208085587559288,True,False,True,1.724970916727539e-07,COMPLETE
1946,0.43923962712287906,2025-04-08 08:24:48.538477,2025-04-08 08:24:58.123876,0 days 00:00:09.585399,0.35047284696073194,0.526208026260663,16,0.032286645986776205,0.28287866556565333,0.08369408330973853,0.08760625764699918,0.05884746916382077,0.08426082219932984,3.053301300030988e-05,25,112,0.09999980329344099,0.22128207287749935,True,False,True,2.41204171225542e-07,COMPLETE
1947,0.28311496376991274,2025-04-08 08:24:58.744555,2025-04-08 08:25:05.954637,0 days 00:00:07.210082,0.2697285559395875,0.5948043777653264,16,0.04871059216056027,0.27459797452852996,0.08087667457515019,0.09282540806893037,0.06783835752818329,0.07645220015648073,2.2524743155325777e-05,7,109,0.09369785968910904,0.22901384848131473,True,False,True,1.4821561876929303e-07,COMPLETE
1948,0.44463756680488586,2025-04-08 08:25:06.602058,2025-04-08 08:25:16.325139,0 days 00:00:09.723081,0.30633582511845825,0.5715374415048595,16,0.04178676078564916,0.28712648119864465,0.07619781554026026,0.08518192382994505,0.06989110162941385,0.0743650790395146,4.1283444964538933e-05,26,118,0.09681367920763717,0.2115174931431269,True,False,True,1.8506127656056676e-07,COMPLETE
1949,0.27501843571662904,2025-04-08 08:25:16.945136,2025-04-08 08:25:26.579917,0 days 00:00:09.634781,0.24557530960801788,0.497186939011619,16,0.05564915728792272,0.28033749329778,0.0781554032151159,0.09120605114688406,0.06563375467382217,0.08219488995941956,1.8697500669039312e-05,24,122,0.09501001045032828,0.23777096214882337,True,False,True,3.1138893669092535e-07,COMPLETE
1950,0.44034754633903506,2025-04-08 08:25:27.223852,2025-04-08 08:25:37.019848,0 days 00:00:09.795996,0.28707584062007463,0.5332963524235009,16,0.047108446588126275,0.26992910470504555,0.08304655984600078,0.09559287601040416,0.062916162594006,0.0790819058038431,2.6067253764772548e-05,27,116,0.09168082730203644,0.2640290168511069,True,False,True,1.4070654146128575e-07,COMPLETE
1951,0.4347614049911499,2025-04-08 08:25:37.666518,2025-04-08 08:25:47.459388,0 days 00:00:09.792870,0.3316066345943298,0.5482520497765672,16,0.036698354259707654,0.2926574642822299,0.07944229376419798,0.08874866833753745,0.06747971936932302,0.08430169163709134,3.448350048741402e-05,25,128,0.09789818089640633,0.243495552478207,True,False,True,2.526827735389051e-07,COMPLETE
1952,0.4376761913299561,2025-04-08 08:25:48.085724,2025-04-08 08:25:57.880542,0 days 00:00:09.794818,0.3008453785930043,0.519842715565976,16,0.06323074480814306,0.14860220228730736,0.08524215856161048,0.09254090420581355,0.06438098338778722,0.08254027599197514,2.1466451973054083e-05,26,120,0.09645828297902928,0.22424324717195848,True,False,True,4.486124494104669e-07,COMPLETE
1953,0.2339290201663971,2025-04-08 08:25:58.522776,2025-04-08 08:26:08.304614,0 days 00:00:09.781838,0.2733006092445032,0.5991261558326876,16,0.05139779644245632,0.2741110590700528,0.07649631035407688,0.0861278803507595,0.0700333836900604,0.0855814507952884,1.5054266200020616e-05,25,124,0.09357176693874045,0.2167943901946866,True,False,True,1.7774016655940753e-07,COMPLETE
1954,0.42073716521263127,2025-04-08 08:26:08.954357,2025-04-08 08:26:30.119724,0 days 00:00:21.165367,0.36934849938173075,0.6442243995312538,2,0.04268214400330171,0.28720232535542173,0.08166366707811279,0.09790402351259338,0.06136360518948478,0.079930186366851,2.9260339760982496e-05,26,112,0.09829522964617732,0.23584029084337138,True,False,True,1.3983693358915528e-07,COMPLETE
1955,0.3423780739307404,2025-04-08 08:26:30.746372,2025-04-08 08:26:40.660507,0 days 00:00:09.914135,0.31674969546139803,0.5674036424517186,16,0.036150590804638304,0.28032715402703984,0.08874827118414089,0.09010543752529115,0.0663176106813189,0.07251092689693445,0.0004177691094857317,24,115,0.09538852348816351,0.2485858570656473,True,False,False,2.3577063430569133e-07,COMPLETE
1956,0.2365455508232117,2025-04-08 08:26:41.313879,2025-04-08 08:26:50.885415,0 days 00:00:09.571536,0.2647955388866775,0.5405333842669919,16,0.07141237494604238,0.29418528166300745,0.07915699195946704,0.0953381325013795,0.0718364983696117,0.07739678680212085,2.492589651140912e-05,25,119,0.09995285714290499,0.206259025010946,True,False,True,3.3471114645803745e-07,COMPLETE
1957,0.4501749038696289,2025-04-08 08:26:51.544778,2025-04-08 08:27:01.292928,0 days 00:00:09.748150,0.28622188455817293,0.5725102805881148,16,0.031993506288453225,0.27029678190834583,0.07448816146167443,0.08293828213220852,0.0685332172972962,0.08508127181010167,2.004783894769656e-05,26,117,0.09645020778351106,0.22452501393125723,True,False,True,2.0148144714065962e-07,COMPLETE
1958,0.44359977245330817,2025-04-08 08:27:01.922707,2025-04-08 08:27:11.654416,0 days 00:00:09.731709,0.24783124294463774,0.5609057675122336,16,0.03148204045465668,0.2678600333300926,0.07484826629845849,0.08169913250266612,0.07174061306404504,0.08579176547258516,1.1470684534360416e-05,27,109,0.09815020708151023,0.21994406620066298,True,False,True,4.426670883830932e-06,COMPLETE
1959,0.4467115759849548,2025-04-08 08:27:12.307969,2025-04-08 08:27:22.141270,0 days 00:00:09.833301,0.26153468225067794,0.5507003677400377,16,0.029682986983032428,0.26859530634061923,0.07536255935995459,0.080463731402797,0.06906799320961504,0.08508505437603921,1.3546742143806425e-05,27,114,0.09707629015140411,0.21566466637446052,True,False,True,1.3541770454040063e-07,COMPLETE
1960,0.40269723534584045,2025-04-08 08:27:22.765595,2025-04-08 08:27:32.696184,0 days 00:00:09.930589,0.28628538861914665,0.5683321789020916,16,0.030801099858398406,0.2646816746555617,0.07424393774297564,0.0823395322969356,0.07374977224023016,0.08601160090711205,1.6634856705754698e-05,27,112,0.03724059155701515,0.22403932399592058,True,False,True,1.7393907900065878e-07,COMPLETE
1961,0.41179962158203126,2025-04-08 08:27:33.341207,2025-04-08 08:27:43.251656,0 days 00:00:09.910449,0.27436503526411865,0.528744402288452,16,0.03256822574146416,0.2721843967773918,0.07414158981781638,0.08321938529402992,0.06992404819337626,0.08463046159763571,1.4137807658479594e-05,27,116,0.04744777584972689,0.2237377240747452,True,True,True,1.4559679949805332e-07,COMPLETE
1962,0.45004612207412725,2025-04-08 08:27:43.875557,2025-04-08 08:27:53.599774,0 days 00:00:09.724217,0.24634694379492117,0.5800934252877039,16,0.030829649552420624,0.2608615039723775,0.07521121932947653,0.08471536863248233,0.07226533791908889,0.08692999609466472,1.7121140418142968e-05,26,114,0.09993146179255794,0.21351201970782355,True,False,True,1.9479725194435053e-07,COMPLETE
1963,0.3865042746067047,2025-04-08 08:27:54.245161,2025-04-08 08:28:04.011448,0 days 00:00:09.766287,0.27046527315442515,0.55250190725102,16,0.030880146306038914,0.2594385928690532,0.07395090887632749,0.08064723884532807,0.07423220324433075,0.08697392212483959,0.0076020773088237795,27,109,0.09850867877499042,0.20517020069870306,True,False,True,1.985813586060178e-07,COMPLETE
1964,0.4341904520988465,2025-04-08 08:28:04.669173,2025-04-08 08:28:14.500074,0 days 00:00:09.830901,0.24412752383055725,0.7399709101588983,16,0.030274689298917554,0.2592099786046721,0.07417854929656464,0.0816179014677229,0.07281810524961213,0.08652670697753256,1.6727596585853456e-05,27,111,0.06954774604583557,0.21124424576760345,True,False,True,1.8472919971429809e-07,COMPLETE
1965,0.43890510797500615,2025-04-08 08:28:15.129647,2025-04-08 08:28:24.810990,0 days 00:00:09.681343,0.2400900533835185,0.5393656474958761,16,0.03376835758871399,0.2596267578500474,0.07415318027419293,0.08327868904220342,0.07436194862888588,0.08677097528777736,1.0304539325631658e-05,27,109,0.09871603755337569,0.2129564172800219,True,False,True,2.0989609804071298e-07,COMPLETE
1966,0.4426272928714753,2025-04-08 08:28:25.468686,2025-04-08 08:28:35.304419,0 days 00:00:09.835733,0.2493323641157269,0.5698733879278415,16,0.03141781037599307,0.2586205066564527,0.07516895367436388,0.0837334642751022,0.07221651593753994,0.0873260350626314,1.1202737706153325e-05,27,113,0.09977043103669997,0.21093183075848507,True,False,True,1.705611942729434e-07,COMPLETE
1967,0.44521990418434143,2025-04-08 08:28:35.957220,2025-04-08 08:28:45.615124,0 days 00:00:09.657904,0.25932264593114707,0.5224714520317156,16,0.031238172038925885,0.26392666872264214,0.07428839284444558,0.08388454792065954,0.05622774591978317,0.08461832702069923,1.7904080865896366e-05,26,113,0.0983548413078424,0.21801844045467922,True,False,True,1.4142882649661965e-07,COMPLETE
1968,0.4399960696697235,2025-04-08 08:28:46.247640,2025-04-08 08:28:55.815984,0 days 00:00:09.568344,0.24332245889268436,0.5565660498104102,16,0.037049208411323156,0.2639812939174006,0.07407213769509319,0.08304511831721488,0.06863594661102962,0.08457967344249046,1.4268031113123623e-05,26,114,0.0982150466419766,0.20922002583963079,True,False,True,2.0877178847885796e-07,COMPLETE
1969,0.4375026822090149,2025-04-08 08:28:56.475600,2025-04-08 08:29:06.317933,0 days 00:00:09.842333,0.24301680850586668,0.5033493442853078,16,0.03692842441356435,0.25979505768258787,0.07585950775582642,0.08451319382585978,0.07142171066872964,0.08685599183139968,1.2318852990636437e-05,27,111,0.09853006109683199,0.21420924697008167,True,False,True,1.440497285547922e-07,COMPLETE
1970,0.45051379203796393,2025-04-08 08:29:06.950666,2025-04-08 08:29:16.593914,0 days 00:00:09.643248,0.2434417785111992,0.5780324917890238,16,0.0302191226088765,0.26654097389242093,0.07587397716775682,0.08541310277198158,0.068188850485298,0.08355569511026592,1.8033989333332134e-05,26,115,0.09993350286709891,0.20611081450952265,True,False,True,1.772423819066068e-07,COMPLETE
1971,0.4465785324573517,2025-04-08 08:29:17.246945,2025-04-08 08:29:26.970284,0 days 00:00:09.723339,0.23838868821551856,0.5798135626583574,16,0.028605842756509063,0.2568213544330435,0.07442816713881095,0.0809663626340876,0.07226333032987084,0.0867488099394161,1.4698802522580056e-05,27,108,0.09986639102369628,0.21199190205993176,True,False,True,1.6914062280092058e-07,COMPLETE
1972,0.4373932838439942,2025-04-08 08:29:27.628591,2025-04-08 08:29:37.419769,0 days 00:00:09.791178,0.253630142464621,0.5806849783519592,16,0.03244041311607627,0.2660268559171465,0.07430926628440393,0.08291020624079178,0.07109732388131945,0.08485241946304084,1.2808753804794094e-05,27,113,0.09980038640821597,0.20265229954917394,True,False,True,1.399180521263121e-07,COMPLETE
1973,0.44258374571800235,2025-04-08 08:29:38.054724,2025-04-08 08:29:47.799495,0 days 00:00:09.744771,0.23942180036898197,0.5846139670131355,16,0.03126113890906608,0.2690202675751096,0.07622458081551056,0.07967479664055302,0.06965632333910644,0.08740374757025943,1.1957262145421717e-05,27,111,0.09889597699066191,0.21360022806814447,True,False,True,1.7461201121592666e-07,COMPLETE
1974,0.4326577603816987,2025-04-08 08:29:48.455461,2025-04-08 08:29:58.714757,0 days 00:00:10.259296,0.24259222297391383,0.5839983531246339,16,0.03005347107088889,0.2580948494283929,0.0734153908099601,0.08509804167262187,0.07365917434943761,0.0836958133298085,1.2972742993332737e-05,26,115,0.0979699946937841,0.20403512734811635,True,False,False,1.3142087911907407e-07,COMPLETE
1975,0.439874678850174,2025-04-08 08:29:59.341415,2025-04-08 08:30:21.259255,0 days 00:00:21.917840,0.23734925493687553,0.5707718359832236,2,0.03304218388650558,0.26302748392760167,0.07605534492049279,0.08507540006675085,0.06914440972436856,0.08610809856891145,1.5167311186064766e-05,27,110,0.09989513084035806,0.20885233368557976,True,False,True,1.7468412334965954e-07,COMPLETE
1976,0.44546241760253913,2025-04-08 08:30:21.912042,2025-04-08 08:30:31.633557,0 days 00:00:09.721515,0.24366804068448583,0.5917881947033627,16,0.029972662032934753,0.25790828465667825,0.07385767022136012,0.08210462195619135,0.06895952659633829,0.08491208746772257,1.2562265963886613e-05,26,116,0.09834348687141665,0.20204746531797757,True,False,True,1.3282394037263006e-07,COMPLETE
1977,0.4453264594078064,2025-04-08 08:30:32.289314,2025-04-08 08:30:42.005587,0 days 00:00:09.716273,0.2677103822661887,0.562377406502687,16,0.029880775639471654,0.2645453274799333,0.07671500261201537,0.08496930224735298,0.07100903892121885,0.08759773518247291,1.431321371999728e-05,26,114,0.09991640056794703,0.2017384026085439,True,False,True,2.0050271282599145e-07,COMPLETE
1978,0.4478197276592255,2025-04-08 08:30:42.642725,2025-04-08 08:30:52.592196,0 days 00:00:09.949471,0.2569944253809866,0.5784775514693948,16,0.029460669182167647,0.26934741493584846,0.07561423464002022,0.08272591092606724,0.0744460412863257,0.08359986575084458,1.5790853825118524e-05,27,117,0.09985066229435743,0.20391965500524867,True,False,True,1.602143847792725e-07,COMPLETE
1979,0.4110787928104401,2025-04-08 08:30:53.274220,2025-04-08 08:31:02.905401,0 days 00:00:09.631181,0.2581208730459602,0.5592297111276153,16,0.031476802100462074,0.2643864932387719,0.07601222463113126,0.0802135765908451,0.06805531363377927,0.08798310012123467,1.559084155389809e-05,26,109,0.09988191684230834,0.20639705055644944,True,True,True,1.327081925797341e-07,COMPLETE
1980,0.13719440400600433,2025-04-08 08:31:03.536406,2025-04-08 08:31:13.221940,0 days 00:00:09.685534,0.24266470555708453,0.5896550502135331,16,0.20554599867770557,0.25954488212370247,0.0737378012993919,0.08472027853944653,0.06770276427247618,0.08546088063690797,1.6492982370880112e-05,26,112,0.0975071072003717,0.20604404739471563,True,False,True,1.9917206588289548e-07,COMPLETE
1981,0.42488971352577215,2025-04-08 08:31:13.879188,2025-04-08 08:31:23.630019,0 days 00:00:09.750831,0.24134607018760135,0.5568734417294504,16,0.03781841869359575,0.2708528662571953,0.07651981511278455,0.08558225707264654,0.07209927036572827,0.08345101057175355,1.2194889351967545e-05,27,117,0.097051833901514,0.2025154506088122,True,False,True,1.4947706429098091e-07,COMPLETE
1982,0.4426974534988404,2025-04-08 08:31:24.287218,2025-04-08 08:31:33.840635,0 days 00:00:09.553417,0.2636108244677374,0.5717111127175362,16,0.036812008097225596,0.26568338052952056,0.07413034379895798,0.08383585576953434,0.07046343013379609,0.08629110140608971,1.708751411471336e-05,26,108,0.09987008852011087,0.21894935911583582,True,False,True,1.897460668633927e-07,COMPLETE
1983,0.44078790545463564,2025-04-08 08:31:34.470352,2025-04-08 08:31:44.342969,0 days 00:00:09.872617,0.2629637235685774,0.5445032630503818,16,0.03734922649991442,0.2565987486216715,0.07670696815664245,0.08660153102271037,0.0677840072554455,0.08862865822139517,1.4123468555902687e-05,27,114,0.09822924670285783,0.20956121239540404,True,False,True,1.2727597761590262e-07,COMPLETE
