number,value,datetime_start,datetime_complete,duration,params_alpha-eval,params_alpha-train,params_batch-size,params_eps-eval,params_eps-train,params_lambda-actions-eval,params_lambda-actions-train,params_lambda-frames-eval,params_lambda-frames-train,params_learning-rate,params_n-epochs,params_n-frames,params_radius-gw,params_rho,params_std-feats,params_ub-actions,params_ub-frames,params_weight-decay,state
511,0.23217936158180238,2025-04-08 04:31:39.118991,2025-04-08 04:31:48.100175,0 days 00:00:08.981184,0.16467196938736256,0.4701093035820489,8,0.03214134480552484,0.258506834396548,0.09620488634138806,0.002413720483083843,0.09502949651938175,0.08702688758234128,8.02066676179686e-05,19,99,0.09966002068453696,0.07649841276976342,False,False,True,0.0004108143398295155,COMPLETE
512,0.2941750228404999,2025-04-08 04:31:48.261823,2025-04-08 04:31:56.972625,0 days 00:00:08.710802,0.15752048877850094,0.4432033321999785,8,0.028179299028278697,0.23645237817808104,0.06252008537449061,0.005002349101924476,0.09653578373287866,0.08843970624173375,6.16535077797762e-05,17,89,0.0999168215537301,0.08205786415845905,False,False,True,0.0005276217871608648,COMPLETE
513,0.4423417389392853,2025-04-08 04:31:57.141056,2025-04-08 04:32:05.985430,0 days 00:00:08.844374,0.13283665658332758,0.42554205898384345,8,0.017590909870238355,0.2554418056077918,0.0625876517080634,0.01104217073251327,0.09402542586849473,0.08524412382145098,0.00311339025090782,18,95,0.09551863889396385,0.08913482501322745,False,False,True,0.0006435764033061764,COMPLETE
514,0.4476655185222626,2025-04-08 04:32:06.146258,2025-04-08 04:32:15.337612,0 days 00:00:09.191354,0.17684940876302468,0.49710359030590534,8,0.022920401994744575,0.24924670476204072,0.06324066311331249,0.008355815066770435,0.0980208920099149,0.09236242686131677,3.911906371592498e-05,20,91,0.09992396767096437,0.10583856737495156,False,False,True,0.0003767128103809148,COMPLETE
515,0.4416924834251404,2025-04-08 04:32:15.509186,2025-04-08 04:32:24.639339,0 days 00:00:09.130153,0.20119632509039898,0.456902498987171,8,0.024134308073667406,0.24435863634723243,0.06081329041734105,0.0010490981084599082,0.09226412051725773,0.09180175215060496,3.935859967501038e-05,20,96,0.09994792365110043,0.09370671027578352,False,False,True,0.00041738256744797424,COMPLETE
516,0.4416471064090729,2025-04-08 04:32:24.798067,2025-04-08 04:32:33.775969,0 days 00:00:08.977902,0.17669405006558378,0.5129098895231751,8,0.019263200846264008,0.23081944500189233,0.058519075288172705,0.005512049692991171,0.0969733672288478,0.0929981398236957,5.758318618428471e-05,19,93,0.09654728425833944,0.10396508310160966,False,False,True,0.0004932269377553366,COMPLETE
517,0.16250054240226747,2025-04-08 04:32:33.935288,2025-04-08 04:32:43.114637,0 days 00:00:09.179349,0.17997138231899276,0.4756289565291114,8,0.031467844082305296,0.2491737152883299,0.06447758422328566,0.007914828284975793,0.09496285533007254,0.08760198555171603,3.9120162135649624e-05,20,89,0.09342865951514233,0.011966870167688326,False,False,True,0.00034325110151950703,COMPLETE
518,0.4368968605995178,2025-04-08 04:32:43.283756,2025-04-08 04:32:52.280809,0 days 00:00:08.997053,0.20472212790331917,0.49429302705440914,8,0.0213035201054271,0.23882124988492903,0.06111558955343417,0.0041311703526430875,0.09791163442280203,0.09072671018055187,5.0698250313084376e-05,19,84,0.09994192051828624,0.08700072958886006,False,False,True,0.0005953771153727089,COMPLETE
519,0.36043170690536497,2025-04-08 04:32:52.440597,2025-04-08 04:33:01.458648,0 days 00:00:09.018051,0.16750123446311746,0.42749867624945836,8,0.027051779341874336,0.26311481567850736,0.06217363917030919,0.006880031443718879,0.09628028470161794,0.09368570155757375,8.154744082023035e-05,19,98,0.09678769868958241,0.10029514169579386,False,False,True,0.00037995878423722633,COMPLETE
520,0.3538490474224091,2025-04-08 04:33:01.629435,2025-04-08 04:33:09.740204,0 days 00:00:08.110769,0.15644738248042495,0.5099090197786188,16,0.018464734037682805,0.24736932911617582,0.05930076761497738,0.0026815842354774313,0.09821569696115665,0.08874892226078493,6.270785565469543e-05,20,91,0.021482246042392336,0.10670545130868156,False,False,True,0.00030770349541172243,COMPLETE
521,0.4192496478557587,2025-04-08 04:33:09.900711,2025-04-08 04:33:19.263823,0 days 00:00:09.363112,0.15545447045824198,0.4735330400974271,8,0.023166809235871368,0.23596584125137993,0.06732322056906538,0.004667484267142893,0.09392358174431854,0.09104057749761726,9.490187738098003e-05,21,94,0.09997840430442774,0.09684007756507598,False,False,True,0.000454868407456866,COMPLETE
522,0.4436475932598114,2025-04-08 04:33:19.425362,2025-04-08 04:33:28.716141,0 days 00:00:09.290779,0.19217410235923268,0.450574838691491,8,0.01646356026259961,0.25223189614033864,0.05960710276486882,0.012952723962231523,0.09817556234813903,0.08635720041430499,7.373725227768137e-05,21,87,0.09515479281050579,0.1072306257936031,False,False,True,0.0006897504971956639,COMPLETE
523,0.1220769226551056,2025-04-08 04:33:28.887654,2025-04-08 04:33:37.720273,0 days 00:00:08.832619,0.12232314822636191,0.445507758172388,8,0.25229968221430243,0.24304770288915512,0.06710867880303824,0.006322726150407999,0.09625313218742279,0.09258394843467917,5.459469464180506e-05,19,89,0.09743045150294512,0.10141841041361561,False,False,True,0.0002906837123049325,COMPLETE
524,0.21648342013359073,2025-04-08 04:33:37.885141,2025-04-08 04:33:46.531683,0 days 00:00:08.646542,0.14903036370325107,0.41303634920196486,8,0.027741186132184577,0.26800854743191405,0.05766995093635538,0.00297073705368891,0.09211438896689919,0.08278781012349974,0.00011136386522814575,20,5,0.0967550618493193,0.08740574438190672,False,True,True,0.0003693355251595999,COMPLETE
525,0.3590911626815796,2025-04-08 04:33:46.704937,2025-04-08 04:33:55.503847,0 days 00:00:08.798910,0.17722096796576745,0.49511586200872787,8,0.016476987159096977,0.25830632618704297,0.05592619499887755,0.008559258308991532,0.09994260207522467,0.09493991798464274,3.305800366484313e-05,18,82,0.024388454242349512,0.10822476549176026,False,False,True,0.0005073565526090616,COMPLETE
526,0.44277925491333014,2025-04-08 04:33:55.665682,2025-04-08 04:34:04.992899,0 days 00:00:09.327217,0.1098178999920024,0.9128033592824656,8,0.012129218202342402,0.2504244522278989,0.06359513884635101,0.010508050900623499,0.09458104804265831,0.08933944301903934,9.445661967296297e-05,21,100,0.0927957795112308,0.09818386094841074,False,False,True,0.00024923258842118716,COMPLETE
527,0.424508136510849,2025-04-08 04:34:05.155328,2025-04-08 04:34:14.549622,0 days 00:00:09.394294,0.13254122575418698,0.429246377373653,8,0.0239568835387019,0.24456352352218777,0.05658730029064556,0.004825724093886294,0.09785768820238908,0.09402565520256628,8.043432008841635e-05,21,92,0.09817081835068,0.09317994968977968,False,False,True,0.0004217107062066349,COMPLETE
528,0.42041445970535285,2025-04-08 04:34:14.727262,2025-04-08 04:34:24.186378,0 days 00:00:09.459116,0.021288898733716255,0.3626861957825167,8,0.017926237437949848,0.23433410752605674,0.09991643541242513,0.006857952785198821,0.09634031312461176,0.091799659450507,0.00010651125851089876,22,96,0.09505376908514736,0.10986861375337967,False,False,True,0.0006656866280706045,COMPLETE
529,0.24069589972496036,2025-04-08 04:34:24.348987,2025-04-08 04:34:33.451795,0 days 00:00:09.102808,0.14810185201984788,0.8839617952922549,8,0.03309174380227318,0.26133926295212184,0.06336686382367183,0.0026558954137046505,0.09821525226626211,0.08594807903505908,2.784139964090063e-05,20,88,0.09814661998532434,0.10338391857497896,False,False,True,0.0003102667484974917,COMPLETE
530,0.4436749279499054,2025-04-08 04:34:33.625721,2025-04-08 04:34:43.048577,0 days 00:00:09.422856,0.21166977353978403,0.46480804255638275,8,0.012305407616547335,0.2531737037722389,0.07016112992267917,0.001120455750297208,0.09998142901540537,0.08759716352602083,4.7444411462243795e-05,22,85,0.09627378645295573,0.11191848857758575,False,False,True,0.0005012856537795269,COMPLETE
531,0.4406331241130829,2025-04-08 04:34:43.210783,2025-04-08 04:34:52.502631,0 days 00:00:09.291848,0.08460140312288444,0.9074921373973498,8,0.0054051139918368865,0.24033147154031614,0.06429564071246584,0.008581919306655493,0.09446579591975914,0.08315059485905404,6.231177502980713e-05,21,93,0.09824934710338393,0.07827614511929509,False,False,True,0.000368649025236658,COMPLETE
532,0.4311683595180512,2025-04-08 04:34:52.677883,2025-04-08 04:35:02.185135,0 days 00:00:09.507252,0.11717592807909129,0.8649858250617157,8,0.021290369117560895,0.23001136776677183,0.061743225705809646,0.004641598784270831,0.09651567644832516,0.09488140153852706,0.0001277533808483669,22,80,0.09994983946581946,0.10369829425755625,False,False,True,0.00024197800519737406,COMPLETE
533,0.4169789433479309,2025-04-08 04:35:02.348900,2025-04-08 04:35:11.843063,0 days 00:00:09.494163,0.17124251496808435,0.54128284128648,8,0.011017417426200722,0.26797283635174746,0.0982748072733838,0.006667390492264451,0.019145530925110038,0.09026073414078234,0.0015937034144862551,22,91,0.09524727548755248,0.11328105480979307,False,False,True,0.0005843020128746152,COMPLETE
534,0.44411422014236457,2025-04-08 04:35:12.008121,2025-04-08 04:35:21.288572,0 days 00:00:09.280451,0.1331748067417259,0.8514727683846823,8,0.017571428550672098,0.0026318694946132204,0.07938135072370339,0.004038789026760517,0.09999250462086784,0.09328498298160569,8.263100691119953e-05,20,96,0.09308640452658477,0.10836044555146306,False,False,True,0.00029988550204253814,COMPLETE
535,0.44592769145965583,2025-04-08 04:35:21.465419,2025-04-08 04:35:30.769419,0 days 00:00:09.304000,0.0980319065437078,0.8855337588486036,8,0.010450390307829082,0.24555388733818168,0.09638834754483236,0.010262262066927687,0.09299137332060495,0.08479313480422006,0.00243896226185089,21,86,0.09709132549161636,0.09388572603297918,False,False,True,0.0007499017397321204,COMPLETE
536,0.2014437794685364,2025-04-08 04:35:30.935143,2025-04-08 04:35:40.169238,0 days 00:00:09.234095,0.15375123422860065,0.8958466356581198,8,0.028819991768981815,0.24840991761820583,0.09507129467406418,0.011405512391040427,0.09265489214106132,0.08337964799695731,0.0017933929490197083,21,84,0.094636816194384,0.08428186048874295,False,False,True,0.0006401429051313422,COMPLETE
537,0.43707138299942017,2025-04-08 04:35:40.346119,2025-04-08 04:35:49.499266,0 days 00:00:09.153147,0.18646533007846552,0.8769870233932544,8,0.024037137965796016,0.04160946233795393,0.09657270218682959,0.010460469945756935,0.09073324622429721,0.08131814839863342,0.0035758138382961835,20,82,0.09652510638783122,0.09163595446795807,False,False,True,0.0007814422009439684,COMPLETE
538,0.44534588456153873,2025-04-08 04:35:49.665601,2025-04-08 04:35:58.959444,0 days 00:00:09.293843,0.12131971663435916,0.9103522173353198,8,0.016207303589557073,0.25814418023385055,0.094531034888667,0.013013245984720374,0.09197265506223139,0.07868935322332474,0.002192472961266906,21,87,0.09786972618463119,0.09281296997866069,False,False,True,0.0008192844621814757,COMPLETE
539,0.4155043244361878,2025-04-08 04:35:59.124080,2025-04-08 04:36:08.391932,0 days 00:00:09.267852,0.11151420810228053,0.9104634285206745,8,0.019045039700128757,0.260922567691375,0.09463181374612344,0.013697734786787506,0.09140643697646908,0.07835872509415538,0.002044765355131584,21,78,0.09997326054679438,0.08377174040876595,False,False,True,0.0009099373648589033,COMPLETE
540,0.35798406004905703,2025-04-08 04:36:08.566748,2025-04-08 04:36:17.900956,0 days 00:00:09.334208,0.07389995480962536,0.8963154389418467,8,0.02368254049620297,0.2722064250308763,0.09636157511410871,0.012951409022054869,0.09260274144516979,0.08459696150612364,0.001540638818779127,21,86,0.06399433526360776,0.07313776906343371,False,False,True,0.0007216098857651011,COMPLETE
541,0.09055355936288834,2025-04-08 04:36:18.070454,2025-04-08 04:36:26.081253,0 days 00:00:08.010799,0.11905772763324822,0.39054923592718144,16,0.03465289262203562,0.2563044719705388,0.09407551876602087,0.009198696834430703,0.09255078632505374,0.09632216524974763,0.0029243433523049025,20,69,0.09237226284402308,0.0917840929777165,False,True,True,0.000737025627589617,COMPLETE
542,0.4432717323303223,2025-04-08 04:36:26.258280,2025-04-08 04:36:35.543098,0 days 00:00:09.284818,0.09501111123390563,0.9156634186064821,8,0.012277790570173882,0.25901759045916456,0.09839468669357426,0.011075775173296476,0.09109495001232526,0.08018072148170247,0.002572197090853378,21,81,0.09613713113953622,0.08677342704685005,False,False,True,0.0005450147086999918,COMPLETE
543,0.40500946640968327,2025-04-08 04:36:35.713192,2025-04-08 04:36:44.753719,0 days 00:00:09.040527,0.056925672362864055,0.9460251629707838,8,0.017955728014968156,0.26382113066003116,0.0649314957298698,0.00833237030518707,0.09373435657980946,0.09194460531656619,0.000100247729516138,21,30,0.09442636129397745,0.09465456483599129,False,False,True,0.0005967571032947051,COMPLETE
544,0.42658430933952335,2025-04-08 04:36:44.933344,2025-04-08 04:36:53.953778,0 days 00:00:09.020434,0.15695829228157604,0.8822593642276054,8,0.005528376269739743,0.25329150050850646,0.05357123364711196,0.007990195538157965,0.03366894269610285,0.09486574930400267,0.0031642788667432665,19,87,0.09755168945667839,0.09853229684592206,False,False,True,0.0007832522196580664,COMPLETE
545,0.22850865125656128,2025-04-08 04:36:54.122382,2025-04-08 04:37:03.244577,0 days 00:00:09.122195,0.12946429527464215,0.9213134862106332,8,0.027707873009049665,0.26817344958021383,0.09616403526992695,0.009601701730558023,0.09466563716760655,0.08885259364256047,0.001193688607966754,20,84,0.09692863154742438,0.07885295146331892,False,False,True,0.00046956553925761054,COMPLETE
546,0.444164776802063,2025-04-08 04:37:03.413042,2025-04-08 04:37:12.892429,0 days 00:00:09.479387,0.16869921756820278,0.9396084767965504,8,0.011781793783897857,0.2526624168854031,0.09422627773731074,0.006281634379397731,0.09454308336154166,0.08094009282567088,0.0022552068544455404,22,89,0.0999930477247233,0.0918492633519066,False,False,True,0.0007808637253340684,COMPLETE
547,0.4430073618888855,2025-04-08 04:37:13.071758,2025-04-08 04:37:22.385053,0 days 00:00:09.313295,0.14590314010037247,0.492138063923014,8,0.018246899932392677,0.24298803781588416,0.059446809681745635,0.01142019085626637,0.09102853795717743,0.07842442260499168,7.031001147709272e-05,21,73,0.0945443836900025,0.09749557632470417,False,False,True,0.0006137571747854766,COMPLETE
548,0.11753716468811035,2025-04-08 04:37:22.552179,2025-04-08 04:37:31.909086,0 days 00:00:09.356907,0.10765780125009672,0.4393093864605141,8,0.19826741802310419,0.25851583172702197,0.09795716509922753,0.0074925490595489485,0.09571428109552498,0.09205329577737568,0.0022641745014952515,22,86,0.09787008522435124,0.09988257693162618,False,False,True,0.0009177489884625331,COMPLETE
549,0.4403907895088196,2025-04-08 04:37:32.089547,2025-04-08 04:37:41.206724,0 days 00:00:09.117177,0.1924789603740925,0.9043627955897425,8,0.013061806044696575,0.26562449502607655,0.06856910387786182,0.0060467023678287945,0.09339792485214003,0.07253795781066254,0.0023895732873646792,20,80,0.09634784295854198,0.08749271032773376,False,False,True,0.0004552070944081921,COMPLETE
550,0.4444417357444763,2025-04-08 04:37:41.377701,2025-04-08 04:37:50.275136,0 days 00:00:08.897435,0.13510033707787483,0.8849136310566292,8,0.005061847394322399,0.2794481051518375,0.09615031916916596,0.010191076667652212,0.09653932998225655,0.08550641705806725,0.00011707173071635533,18,91,0.09792482752971791,0.09436465685466255,False,False,True,0.0004083776268444625,COMPLETE
551,0.43849734067916873,2025-04-08 04:37:50.456734,2025-04-08 04:37:59.367436,0 days 00:00:08.910702,0.1699337318283542,0.888661940699449,8,0.0006046642409810003,0.280982766347863,0.09339778526804118,0.0128268118801156,0.09331689339937363,0.08598827616746822,0.0027973686296689643,18,99,0.09225774062280166,0.09390594842186126,False,False,True,0.0005118180139876013,COMPLETE
552,0.44284704327583313,2025-04-08 04:37:59.538224,2025-04-08 04:38:08.349365,0 days 00:00:08.811141,0.14326423258955318,0.9182151285630415,8,0.007248046049152345,0.2796828322876216,0.056022497123802736,0.010049897678468688,0.09535508760056992,0.08376804984426515,0.00010819987681307256,18,76,0.09457897103754478,0.0872212473133314,False,False,True,0.0006697060405216233,COMPLETE
553,0.44497528076171877,2025-04-08 04:38:08.531981,2025-04-08 04:38:17.232298,0 days 00:00:08.700317,0.10184050986792746,0.9554281090480412,8,0.000160628730794787,0.27131388512614835,0.09547374364013875,0.012020752634868612,0.09106209818023285,0.08878539170034798,0.0001236460187274309,17,94,0.09784259149780757,0.09717500002434386,False,False,True,0.00040843676427620036,COMPLETE
554,0.44122939705848696,2025-04-08 04:38:17.402351,2025-04-08 04:38:26.028119,0 days 00:00:08.625768,0.07643533575217104,0.9595334119379164,8,0.00011591834258514733,0.2730001142329409,0.0907405894972916,0.010698799997159844,0.09079260792867598,0.08895570376716037,9.164176620310781e-05,16,95,0.0962666249747606,0.09225586705527161,False,False,True,0.0003854429278396213,COMPLETE
555,0.4465025842189789,2025-04-08 04:38:26.197669,2025-04-08 04:38:34.801930,0 days 00:00:08.604261,0.09500911198328689,0.9401049468554414,8,0.00048139204833309336,0.27799586821862315,0.09343065166936833,0.014511687551007253,0.09177086963864733,0.08655168298528494,0.0020449770420010232,17,47,0.09807135988360115,0.06959604075650452,False,False,True,0.00041233582896668886,COMPLETE
556,0.4425610184669495,2025-04-08 04:38:34.985039,2025-04-08 04:38:43.515409,0 days 00:00:08.530370,0.056319282180832764,0.9528047549092464,8,0.00011089761746693912,0.27636898856708225,0.09355489192001995,0.013119007116402874,0.09128630211160857,0.0866831168548167,0.0020548936076795173,17,34,0.09804400704255069,0.054125714062085946,False,False,True,0.0003704252805685657,COMPLETE
557,0.4392316341400147,2025-04-08 04:38:43.686385,2025-04-08 04:38:52.429543,0 days 00:00:08.743158,0.08792652992419074,0.9752610137553737,8,0.004597823786858968,0.27120397214401254,0.0899986255828076,0.014843867624926906,0.07145192734394569,0.08507375318689726,0.0017804049274961513,17,104,0.09482291576552544,0.08185950074671552,False,False,True,0.000615933104600701,COMPLETE
558,0.43863365054130554,2025-04-08 04:38:52.614012,2025-04-08 04:39:01.645555,0 days 00:00:09.031543,0.06879164636789187,0.9491653895400953,8,0.00018324641137939558,0.2770288656338304,0.09357985178045414,0.013538595268343907,0.09007193412025358,0.08790464521549453,0.002515580604993513,20,55,0.06136554026412555,0.08054528980476765,False,False,True,0.0008041112321917084,COMPLETE
559,0.44429771900177006,2025-04-08 04:39:01.817519,2025-04-08 04:39:10.363452,0 days 00:00:08.545933,0.09715958204969131,0.9289397230826919,8,0.004330365962321867,0.27814803662412935,0.09096521724942105,0.012004717173246502,0.09238369294376259,0.08515396958405183,0.001824000817265341,17,37,0.09813548913718344,0.0773261717101457,False,False,True,0.00038755486190960865,COMPLETE
560,0.43767825961112977,2025-04-08 04:39:10.550271,2025-04-08 04:39:18.958467,0 days 00:00:08.408196,0.04944273949300821,0.9419382263422257,8,0.005853753613697726,0.27350767902031536,0.09535542649941837,0.013813693289707257,0.0913238261281711,0.09021715539473697,0.0014806439313183716,16,45,0.09301710742895819,0.048563444653138894,False,False,True,0.0002963662727842561,COMPLETE
561,0.09055355936288834,2025-04-08 04:39:19.130246,2025-04-08 04:39:27.907065,0 days 00:00:08.776819,0.10071043733126116,0.9619449027175753,8,0.06429658268891862,0.2847471874318332,0.09314060309847053,0.011555122697373688,0.09313438114744965,0.0875174119043515,0.0013158870554313346,18,99,0.0486665997895841,0.06844109034258775,False,True,True,0.0005413023704194521,COMPLETE
562,0.402883118391037,2025-04-08 04:39:28.081228,2025-04-08 04:39:36.827701,0 days 00:00:08.746473,0.07546494224073683,0.46005076190240646,8,0.0063767363769960525,0.2781397189542851,0.06229525936529656,0.009503528046426051,0.05829653300868552,0.082780252350416,5.6877356923989114e-05,18,50,0.09996596036839082,0.0977037568077576,False,False,True,0.0009550392209166076,COMPLETE
563,0.4445363402366639,2025-04-08 04:39:37.017063,2025-04-08 04:39:45.806560,0 days 00:00:08.789497,0.10903120093309931,0.901436349409989,8,0.0003156905732600411,0.26542307516320796,0.08825819753587633,0.007892595285332291,0.09312178381327933,0.09010054685762985,0.004072549999963738,17,94,0.0965278171468712,0.06125924711674181,False,False,True,0.0004139554703655552,COMPLETE
564,0.4409019231796265,2025-04-08 04:39:45.979950,2025-04-08 04:39:54.563249,0 days 00:00:08.583299,0.08909135500470365,0.9056889850050197,8,0.0004695618365164432,0.28229971698561285,0.0898806785270902,0.011376736279420326,0.08981689116768611,0.09063708325195304,0.003213375426687604,16,97,0.09168181467752161,0.05951839247859259,False,False,True,0.00041573413864940415,COMPLETE
565,0.4019972145557404,2025-04-08 04:39:54.747521,2025-04-08 04:40:03.505841,0 days 00:00:08.758320,0.48033115003735094,0.8946288723449161,8,0.005329640644235281,0.269586396506696,0.08835187497111956,0.08011709869945757,0.090315606834423,0.08855026061904578,0.004041277369178062,17,94,0.09572948637241804,0.054067700605666916,False,False,True,0.0005463379680189739,COMPLETE
566,0.4399324119091034,2025-04-08 04:40:03.680073,2025-04-08 04:40:12.592185,0 days 00:00:08.912112,0.1114894403558514,0.9321213322550035,8,0.005397949572620523,0.2675655555104962,0.09103545705927628,0.00904620843019608,0.09264922123829748,0.08540401626307025,7.250489729059482e-05,18,100,0.09386826766162429,0.06652819327711657,False,False,True,0.00040620122048287135,COMPLETE
567,0.443042528629303,2025-04-08 04:40:12.780162,2025-04-08 04:40:20.495782,0 days 00:00:07.715620,0.10794719018432555,0.9111125006465618,16,0.0008281006757884929,0.2643085076593565,0.09244218079145486,0.007657542509532668,0.09321837802697654,0.09049177197552828,0.004389285308525791,17,60,0.0964547003264563,0.08710731246121056,False,False,True,0.0006952575465096856,COMPLETE
