number,value,datetime_start,datetime_complete,duration,params_alpha-eval,params_alpha-train,params_batch-size,params_eps-eval,params_eps-train,params_lambda-actions-eval,params_lambda-actions-train,params_lambda-frames-eval,params_lambda-frames-train,params_learning-rate,params_n-epochs,params_n-frames,params_radius-gw,params_rho,params_std-feats,params_ub-actions,params_ub-frames,params_weight-decay,state
113,0.43770234584808354,2025-04-21 05:09:46.968618,2025-04-21 05:09:58.310049,0 days 00:00:11.341431,0.1218244674494785,0.034652801007908685,8,0.055947262615848065,0.2777694543880773,0.0752684881942329,0.0765162537649435,0.04294060900726129,0.07680177874622904,0.0008345942474699993,28,30,0.05667844939580574,0.27404251203367275,False,False,False,1.1299394986395614e-06,COMPLETE
114,0.43468585014343264,2025-04-21 05:09:58.349067,2025-04-21 05:10:09.799697,0 days 00:00:11.450630,0.12127531207215034,0.11580493670739364,8,0.07739034805509333,0.2789314357771485,0.0751331518659248,0.08984762933831086,0.041457329406389166,0.08302757496641452,0.000876966244750337,28,46,0.0557687811223618,0.2804444260984821,False,False,False,1.692199593732347e-08,COMPLETE
115,0.43718329071998596,2025-04-21 05:10:09.837433,2025-04-21 05:10:21.403170,0 days 00:00:11.565737,0.1884679809296616,0.03540266023650368,8,0.1026152973295672,0.2875915892066993,0.08035312561800945,0.06715341142731786,0.04847178724348206,0.074089904511376,0.0002246807698290516,29,31,0.0537007847711658,0.2913494564009067,False,False,False,1.1847488508454302e-06,COMPLETE
116,0.4384685754776001,2025-04-21 05:10:21.442398,2025-04-21 05:10:32.585703,0 days 00:00:11.143305,0.15747762318379796,0.09403084680022698,8,0.07012547297957848,0.29991681994688385,0.06902556420962008,0.0769581026513984,0.03261850704069883,0.07781094008374956,0.0006021642046822956,27,29,0.06554213660081079,0.2956200041144667,False,False,False,4.059624349992366e-07,COMPLETE
117,0.1425285041332245,2025-04-21 05:10:32.623651,2025-04-21 05:10:42.704591,0 days 00:00:10.080940,0.09357449775936906,0.2119128037733521,8,0.0710861993024326,0.2985287294371627,0.06824151294197531,0.0856999923753654,0.0217809558415346,0.08775210681910092,0.0005619631772656656,27,9,0.06512283001113281,0.2956016775698119,False,False,True,4.08088178059308e-07,COMPLETE
118,0.4355126976966858,2025-04-21 05:10:42.743624,2025-04-21 05:10:54.507198,0 days 00:00:11.763574,0.24546922991189127,0.13842755503799228,8,0.049843123987888927,0.29123521080731807,0.09399102049096453,0.09292120660111265,0.030138939532704537,0.08506697553774523,0.0003672204147268809,30,24,0.050772780018508684,0.28501637074752784,False,False,False,2.845259404877256e-07,COMPLETE
119,0.43994883894920356,2025-04-21 05:10:54.547134,2025-04-21 05:11:05.720170,0 days 00:00:11.173036,0.1503822859814524,0.08930374392957327,8,0.067785516579169,0.2828294097502716,0.07294457473639214,0.08314620174287214,0.03504527838917784,0.08149568046623101,0.0015466791112217645,26,40,0.06598021806716059,0.29994899348743587,False,False,False,5.232256452587178e-07,COMPLETE
120,0.43062102794647217,2025-04-21 05:11:05.760029,2025-04-21 05:11:16.793272,0 days 00:00:11.033243,0.15943613197811596,0.09902836136675279,8,0.0831403345253268,0.27105904148616466,0.07249195035221062,0.08723921689277941,0.025571625967052036,0.08178122467153358,0.0004523418111187165,25,51,0.06398297527974857,0.29824873778799377,False,False,False,5.954726223897913e-07,COMPLETE
121,0.43753288388252265,2025-04-21 05:11:16.832682,2025-04-21 05:11:27.990640,0 days 00:00:11.157958,0.20433743558970718,0.06452232213109559,8,0.06658029673161746,0.2868315605894744,0.07007451238800733,0.08358570859233626,0.036744882542244534,0.08008692336484916,0.002720487275496663,26,39,0.06690292871872178,0.29040225357309707,False,False,False,1.6218908169638384e-06,COMPLETE
122,0.4375875771045685,2025-04-21 05:11:28.032147,2025-04-21 05:11:39.085284,0 days 00:00:11.053137,0.22705712061639582,0.08814523183102498,8,0.061417549808089805,0.265230883275234,0.07786226971195714,0.09636916871487386,0.03307708118919946,0.09331193293394068,0.0016224010104041679,26,34,0.061351498532157364,0.27970974990532715,False,False,False,1.3218205948047901e-05,COMPLETE
123,0.4388308048248291,2025-04-21 05:11:39.134124,2025-04-21 05:11:50.457791,0 days 00:00:11.323667,0.16873977953799787,0.12427877934114542,8,0.07491026695096052,0.28363792249652864,0.08700184816568922,0.08140777210280625,0.0034426824160813854,0.07756408295889822,0.0013712523228647253,27,36,0.05887312675772547,0.2860202610261444,False,False,False,3.409907657516468e-07,COMPLETE
124,0.4379293262958527,2025-04-21 05:11:50.497908,2025-04-21 05:12:01.879601,0 days 00:00:11.381693,0.14215057756521213,0.16141763599125897,8,0.07839876235073227,0.29239296457714126,0.05918737601103695,0.08075207754633025,0.038191218621663,0.07743299267569478,0.00025239145756024087,27,37,0.05887010000462302,0.2864658046487389,False,False,False,1.680263355659654e-07,COMPLETE
125,0.43975037336349493,2025-04-21 05:12:01.921414,2025-04-21 05:12:12.817037,0 days 00:00:10.895623,0.17244017683613327,0.10942099115722928,8,0.09073534186513217,0.2824605001718455,0.06652180068141125,0.07092439336384958,0.0029593074334744096,0.0729458878634553,0.0013661165537461662,25,41,0.05778148755815247,0.29966246994655404,False,False,False,4.854974815337025e-07,COMPLETE
126,0.43994631171226506,2025-04-21 05:12:12.858584,2025-04-21 05:12:24.332131,0 days 00:00:11.473547,0.17065050829529724,0.18029841431116989,8,0.09018920934719447,0.2830873471342817,0.06607601884627154,0.07129571121343412,0.009842728348095218,0.07250247683890032,0.0006487212773547063,28,40,0.05717542342466791,0.2950454305152008,False,False,False,3.4343882128761064e-07,COMPLETE
127,0.4355721533298493,2025-04-21 05:12:24.375733,2025-04-21 05:12:36.073308,0 days 00:00:11.697575,0.1794409606698371,0.1705547015849394,8,0.09109019063409682,0.28081248982369755,0.06522535816055046,0.0876857183899044,0.009963631410124588,0.07347042524957358,0.000771903818095195,29,45,0.05197081671606975,0.299403997832053,False,False,False,2.4144186816100976e-07,COMPLETE
128,0.42599385380744936,2025-04-21 05:12:36.114535,2025-04-21 05:12:47.571606,0 days 00:00:11.457071,0.13489224191650365,0.11008238917501738,8,0.09952806990569811,0.28350442573960977,0.07337006925790165,0.07062617347178866,0.013643115747640933,0.08412252327191286,0.002079862183108262,28,60,0.04787883082066365,0.28104195553015243,False,False,False,3.467452441213015e-07,COMPLETE
129,0.41993154287338263,2025-04-21 05:12:47.613617,2025-04-21 05:13:13.282283,0 days 00:00:25.668666,0.06261282728921914,0.18790798357375954,2,0.10460143232654824,0.27516219201236314,0.08749222399899474,0.07384596567795264,0.05418283873556918,0.07590175549421795,0.0010167743055233163,30,41,0.03911769041203807,0.2721897617442375,False,False,False,8.961773626209212e-07,COMPLETE
130,0.2948961675167084,2025-04-21 05:13:13.325065,2025-04-21 05:13:23.415659,0 days 00:00:10.090594,0.995429766594768,0.047838805560943456,8,0.1136781441271639,0.2583048607853179,0.06757368351986844,0.07167416772721905,0.01703886918710914,0.09628686132817,0.00034370353248870596,26,49,0.06042743831973593,0.2944524948536987,False,True,False,1.3433325513562622e-07,COMPLETE
131,0.43822104930877687,2025-04-21 05:13:23.459602,2025-04-21 05:13:34.579214,0 days 00:00:11.119612,0.15111336683099144,0.08739752896565882,8,0.08776733224358976,0.29659523979958763,0.0641046614823234,0.07626250728077441,0.01016099810270777,0.08942642070797288,0.000590399341405143,27,34,0.0576393294323356,0.29966523496580755,False,False,False,4.5835585274943715e-07,COMPLETE
132,0.43695504665374757,2025-04-21 05:13:34.621841,2025-04-21 05:13:45.972903,0 days 00:00:11.351062,0.1633752810052025,0.14346531097977258,8,0.06828973842267756,0.2866869554608654,0.06983426835394527,0.068349778720561,0.003578688253785435,0.08227712563841696,0.00048412906240213134,27,39,0.0662494081006542,0.29267582815169946,False,False,False,2.9739958266115577e-07,COMPLETE
133,0.4346048414707184,2025-04-21 05:13:46.015727,2025-04-21 05:13:57.419087,0 days 00:00:11.403360,0.0946084834168371,0.11687102110123197,8,0.07959207757998596,0.29938150403420133,0.07173314031987438,0.07746595326474633,0.007122103820954764,0.07323180113088953,0.000269542967166633,28,32,0.048420137094713815,0.2834481126536572,False,False,False,4.906416414515346e-07,COMPLETE
134,0.43571543097496035,2025-04-21 05:13:57.463105,2025-04-21 05:14:08.386923,0 days 00:00:10.923818,0.17852065778332382,0.07887078766327618,8,0.05921799847239182,0.275388842632341,0.0767259008564966,0.07960097676170369,0.013223175750360654,0.08029861111026869,0.0010879171100031191,25,29,0.05485602054400671,0.2934069761387388,False,False,False,6.386980991412306e-07,COMPLETE
135,0.428877067565918,2025-04-21 05:14:08.430845,2025-04-21 05:14:19.734732,0 days 00:00:11.303887,0.017702156215959775,0.10478054530475564,8,0.049390691108172326,0.29205576949231143,0.060920829568836585,0.08238194902658218,0.03410160382004065,0.08752434339890271,0.000671822989986641,27,41,0.06897348459396674,0.2867091930605384,False,False,False,3.6735608113967383e-07,COMPLETE
136,0.4369406998157501,2025-04-21 05:14:19.780297,2025-04-21 05:14:31.382625,0 days 00:00:11.602328,0.1970725517147973,0.05406736863379168,8,0.07462709246732681,0.2825687349618437,0.08191045265512323,0.08514852605958104,0.009667314556510502,0.07704477565736795,0.0013339816982485702,29,46,0.06043921049938905,0.2775932649568633,False,False,False,1.977358984138598e-07,COMPLETE
137,0.4389696896076203,2025-04-21 05:14:31.426754,2025-04-21 05:14:42.539894,0 days 00:00:11.113140,0.12202664724525886,0.1336261964834783,8,0.09178836144360436,0.2645559727199424,0.08341086811693448,0.054401685821244244,0.015901853533121672,0.08425215663251848,0.00019914071085004926,26,34,0.06488905622149513,0.2951939480084724,False,False,False,5.367242786463698e-07,COMPLETE
138,0.11598067283630371,2025-04-21 05:14:42.593968,2025-04-21 05:14:52.815749,0 days 00:00:10.221781,0.1130010098345177,0.13248335520068613,8,0.11923866295905228,0.25990119835242176,0.08551017296105222,0.04083296812638964,0.005915631836496526,0.08417746635766009,0.00010533808586383904,26,44,0.05815334552102576,0.09456677550173095,False,False,True,7.252458923974269e-07,COMPLETE
139,0.43775084614753723,2025-04-21 05:14:52.861222,2025-04-21 05:15:03.763509,0 days 00:00:10.902287,0.13189421301838333,0.15502561287134412,8,0.09301050488464196,0.2530897133291955,0.08287731691068159,0.09014263920597095,0.01683614429079409,0.09049864418670578,0.00014677618734482427,25,34,0.06419270196782875,0.29991199113529243,False,False,False,9.265366039816221e-08,COMPLETE
140,0.4354901194572449,2025-04-21 05:15:03.809144,2025-04-21 05:15:14.938001,0 days 00:00:11.128857,0.24640496899582523,0.20824535412763756,8,0.08577407570098113,0.2659041942758924,0.08705834383144527,0.06456685412993309,0.012595116632829279,0.0817975901314989,0.00021509558372999446,26,38,0.07017330215037154,0.28608256556609757,False,False,False,8.9523400496969e-07,COMPLETE
141,0.4247533977031708,2025-04-21 05:15:14.983699,2025-04-21 05:15:26.285983,0 days 00:00:11.302284,0.17449053170260811,0.0975599252180791,8,0.06548948601009365,0.27401911660911726,0.07821960094593815,0.0454371157286467,0.0029634116503630794,0.0783975792566865,0.0003722945827628841,27,29,0.024503123699505913,0.29351261568824166,False,False,False,5.394184835227223e-07,COMPLETE
142,0.4387706458568573,2025-04-21 05:15:26.332022,2025-04-21 05:15:37.783881,0 days 00:00:11.451859,0.16057611566920582,0.12268643861130392,8,0.08060786139038567,0.28353531234675683,0.08117468118319286,0.07766562522799489,0.008163442540075769,0.07227409991202875,0.00019396074772209623,28,36,0.06252505185044459,0.2888444942269496,False,False,False,4.1095520322261835e-07,COMPLETE
143,0.4389935553073884,2025-04-21 05:15:37.829344,2025-04-21 05:15:49.252618,0 days 00:00:11.423274,0.20819218092727565,0.1297636386968324,8,0.08248384058117611,0.28006696606395903,0.08310292800686868,0.07333208530922333,0.007834399010322568,0.06788103845609504,0.0001873415332466099,28,36,0.06261811991403034,0.28114216925649155,False,False,False,3.1358607651715623e-07,COMPLETE
144,0.4390669345855713,2025-04-21 05:15:49.298963,2025-04-21 05:16:00.869520,0 days 00:00:11.570557,0.2099161216652737,0.056681735093170885,8,0.09511885391253393,0.27821141730158583,0.08399069392182265,0.053090683223178836,0.0053561531519745464,0.0868681618334953,0.00016000997774995762,29,40,0.05284541901741599,0.2727861817765264,False,False,False,2.6412857777791527e-07,COMPLETE
145,0.4355114281177521,2025-04-21 05:16:00.916478,2025-04-21 05:16:12.554722,0 days 00:00:11.638244,0.2765249847775755,0.05631656320404292,8,0.09487306026956913,0.2698195853652011,0.08404152179832115,0.048433279175904884,0.015612135422967976,0.08738199821002342,0.00016180032320851375,29,41,0.052972019219412456,0.2719715955438879,False,False,False,2.6446147973689976e-07,COMPLETE
146,0.43889095783233645,2025-04-21 05:16:12.602271,2025-04-21 05:16:24.363645,0 days 00:00:11.761374,0.21167763761708977,0.07539378678456227,8,0.08914501760851679,0.26438180481483264,0.0803228489502789,0.0547647089455974,0.005890657787447141,0.09228223044627308,7.483685596817693e-05,30,25,0.055772781616824224,0.2808610946418672,False,False,False,1.3659606859088438e-07,COMPLETE
147,0.4413039863109589,2025-04-21 05:16:24.411107,2025-04-21 05:16:36.052702,0 days 00:00:11.641595,0.1949173069949929,0.026525653572055247,8,0.10405203367716057,0.27660378750271536,0.07423462399588728,0.055328269904228344,0.01094131200879079,0.0861973379967492,0.00011330886795607513,29,32,0.06672687962327274,0.277549604240407,False,False,False,8.75435666902224e-07,COMPLETE
148,0.43919343352317813,2025-04-21 05:16:36.100250,2025-04-21 05:16:47.859078,0 days 00:00:11.758828,0.19629205730690297,0.028172254741478914,8,0.1102550744414894,0.280251446605644,0.07450452164771562,0.05141005623543208,0.010823826707756036,0.08991200105501293,0.00012297550772962535,30,32,0.06742724479625904,0.2552436204936985,False,False,False,7.404285651953813e-07,COMPLETE
149,0.4301893770694733,2025-04-21 05:16:47.906292,2025-04-21 05:16:59.749256,0 days 00:00:11.842964,0.1893163489181724,0.03144191154160991,8,0.13071280121328183,0.2748633929781355,0.07448595480789431,0.0515197413855175,0.011093849799859636,0.08856027805032646,9.031165296027887e-05,30,32,0.06767811140517131,0.2685379135304293,False,False,False,1.0222830589241831e-06,COMPLETE
150,0.4331522941589356,2025-04-21 05:16:59.798068,2025-04-21 05:17:11.464107,0 days 00:00:11.666039,0.2347653282488974,0.03960211893826612,8,0.11070628289249883,0.2873053456032957,0.07315352435888901,0.052787557892031434,0.012430732461552999,0.09909750666240945,0.00013204842076443586,29,23,0.0711972944129477,0.2556169641090706,False,False,False,7.091841372123364e-07,COMPLETE
151,0.2053513526916504,2025-04-21 05:17:11.521415,2025-04-21 05:17:22.993354,0 days 00:00:11.471939,0.21220117094089633,0.06133588594740612,8,0.10213986753436763,0.27862369963499667,0.07593408456764646,0.0729860310768351,0.008773270349964609,0.09042533565668558,0.0001148581639277183,28,40,0.06692069168834128,0.0023748907211042503,False,False,False,7.871472973212547e-07,COMPLETE
152,0.43198648691177366,2025-04-21 05:17:23.041950,2025-04-21 05:17:34.916830,0 days 00:00:11.874880,0.19199624813248728,0.030416367970250824,8,0.1059836305608244,0.2790647890119758,0.07833539335317444,0.047428509104276144,0.007403987985922566,0.0860263739423242,0.0002596723554596059,30,44,0.06096629312205617,0.2591891250345636,False,False,False,2.0983975618673643e-07,COMPLETE
153,0.4352408111095429,2025-04-21 05:17:34.967967,2025-04-21 05:17:46.588894,0 days 00:00:11.620927,0.25103057498203046,0.07452877530693905,8,0.09736509650686657,0.2716525415379808,0.06662672564206129,0.06918471975723253,0.00552069275619798,0.06777530600784903,6.492580554456458e-05,29,31,0.06286184683917054,0.275896913527855,False,False,False,3.21476970254703e-07,COMPLETE
154,0.4341912627220154,2025-04-21 05:17:46.639584,2025-04-21 05:17:58.081104,0 days 00:00:11.441520,0.22362141031191196,0.4920279680487145,8,0.115529043538931,0.29047957809976416,0.07228721261016643,0.060725348351974906,0.0011318168037768106,0.08108090729700762,0.0001639609674738721,28,27,0.06907864374185833,0.2791763267241657,False,False,False,5.812113142361172e-07,COMPLETE
155,0.4344852924346924,2025-04-21 05:17:58.131572,2025-04-21 05:18:09.734271,0 days 00:00:11.602699,0.20772083320013962,0.044512779866674394,8,0.052966921063905714,0.25937555270085233,0.07640113162990785,0.05632995941429708,0.010307591801936838,0.0858552771632878,8.550150266736646e-05,29,38,0.05746699179852619,0.27097181372995793,False,False,False,1.2184796354531567e-06,COMPLETE
156,0.4356558799743653,2025-04-21 05:18:09.784321,2025-04-21 05:18:35.642476,0 days 00:00:25.858155,0.19186991779698373,0.02797232378593449,2,0.08396470145403623,0.25264763620738034,0.07950613843106545,0.0996717609013831,0.013014093428438397,0.08900052177184535,0.0002656937147773881,30,33,0.07448652341600304,0.28289027779186166,False,False,False,1.824729023784295e-06,COMPLETE
157,0.3794722616672516,2025-04-21 05:18:35.695035,2025-04-21 05:18:46.135360,0 days 00:00:10.440325,0.3067540862909529,0.06101406195990792,8,0.055445707804654604,0.27052347661373666,0.08160088650757688,0.053051902213051144,0.020271392168402656,0.0943583753378682,0.0004083275662785611,28,47,0.0643389376999262,0.29104851326477565,False,True,False,4.692370737593766e-07,COMPLETE
158,0.43474226593971255,2025-04-21 05:18:46.186819,2025-04-21 05:18:57.732793,0 days 00:00:11.545974,0.26767960253292356,0.08463971075777703,8,0.13990488172205567,0.27959728862431577,0.07150452256535388,0.094242864251371,0.005130723891426461,0.07508536430456456,0.0003186977353962075,29,37,0.07147394612847002,0.29999101632968495,False,False,False,8.909049244572645e-07,COMPLETE
159,0.43849759697914126,2025-04-21 05:18:57.783385,2025-04-21 05:19:09.146318,0 days 00:00:11.362933,0.23034391203941834,0.10682761756025547,8,0.05974393752685464,0.29262268088604515,0.07522908989349937,0.05030808986016787,0.009593026072442596,0.08290307921004916,0.00017772515999911874,28,29,0.055303833810514624,0.275385210858047,False,False,False,2.44272829283069e-05,COMPLETE
160,0.40227600932121277,2025-04-21 05:19:09.197785,2025-04-21 05:19:19.396520,0 days 00:00:10.198735,0.14118542698100353,0.010102718160698115,8,0.0374882531437014,0.2754038954220467,0.06967648891018449,0.06491752653306773,0.04507326510468346,0.0804699253016088,0.0001140893488782573,26,42,0.04889016951578258,0.2886234399920645,False,False,True,6.443010460710116e-07,COMPLETE
161,0.4421497225761414,2025-04-21 05:19:19.448103,2025-04-21 05:19:30.586173,0 days 00:00:11.138070,0.17548069229191454,0.052164458998138166,8,0.08849407088110978,0.2646316468920304,0.08458063836418453,0.05502360607401988,0.007169666701238411,0.08308684214452301,0.00021595534574389344,26,34,0.0656632074353302,0.29409365347346317,False,False,False,4.5153225981223875e-07,COMPLETE
162,0.4400970458984375,2025-04-21 05:19:30.647208,2025-04-21 05:19:41.706093,0 days 00:00:11.058885,0.17781427171201503,0.048829450025916266,8,0.09721966606808545,0.2660041432795481,0.08527649040157055,0.05579708205005533,0.007345350324667046,0.08702216139348165,0.00014182768709526563,25,35,0.06746302445178054,0.29262872931562595,False,False,False,3.663939266098797e-07,COMPLETE
163,0.4393222749233246,2025-04-21 05:19:41.758995,2025-04-21 05:19:52.707563,0 days 00:00:10.948568,0.182826998445032,0.06356312718373956,8,0.10006224781212583,0.26575241175352904,0.08547149102351254,0.055305794479786216,0.010927868461903988,0.08749063259115868,0.00013736151560208386,25,33,0.06688662409843199,0.29349405589501765,False,False,False,4.924802691815639e-07,COMPLETE
164,0.43656339645385744,2025-04-21 05:19:52.759908,2025-04-21 05:20:03.744009,0 days 00:00:10.984101,0.17102619080171422,0.04480564576555154,8,0.10227882254178254,0.2552123825780007,0.08598193937791744,0.05926962884123505,0.011159895347783031,0.08398761609311363,0.0026949978331763788,25,31,0.06742622437482644,0.2924310169955842,False,False,False,4.59538969179344e-07,COMPLETE
165,0.4289510786533356,2025-04-21 05:20:03.796869,2025-04-21 05:20:14.518495,0 days 00:00:10.721626,0.14506976936763788,0.06986277160596653,8,0.1086260467821382,0.2632159619249265,0.07862217907614784,0.05623795840796069,0.015295643914824571,0.09089186608196896,0.00013818404273476155,24,25,0.06649050953244662,0.29460085178702183,False,False,False,7.214892355788008e-07,COMPLETE
166,0.43418107032775877,2025-04-21 05:20:14.571907,2025-04-21 05:20:25.525434,0 days 00:00:10.953527,0.5220306372085798,0.029897529767318787,8,0.08963770018746141,0.26838847085179474,0.07713784797131962,0.06067883906227495,0.013685479629800403,0.08534306954577957,0.00010365482744899495,25,34,0.06910033399338206,0.2881264103852719,False,False,False,1.1239899351532606e-06,COMPLETE
167,0.43492689728736883,2025-04-21 05:20:25.579559,2025-04-21 05:20:36.407024,0 days 00:00:10.827465,0.1796734353734752,0.0918807764624558,8,0.11734816368123073,0.2345604537322865,0.07389506448700249,0.042723249947906806,0.008836528725038362,0.0924710202637132,0.001844078492459699,25,30,0.06563645289656464,0.29923537804734357,False,False,False,4.0231702260608925e-07,COMPLETE
168,0.4277724206447602,2025-04-21 05:20:36.461301,2025-04-21 05:20:47.648163,0 days 00:00:11.186862,0.15234172279401353,0.07700446686972914,8,0.045725947965159594,0.24439221131811947,0.08101594837459164,0.06267337970180013,0.011581732946876235,0.0011248365420410203,0.0004676443592335674,26,21,0.08560912686502974,0.2860932997242779,False,False,False,5.589217475396831e-07,COMPLETE
