number,value,datetime_start,datetime_complete,duration,params_alpha-eval,params_alpha-train,params_batch-size,params_eps-eval,params_eps-train,params_lambda-actions-eval,params_lambda-actions-train,params_lambda-frames-eval,params_lambda-frames-train,params_learning-rate,params_n-epochs,params_n-frames,params_radius-gw,params_rho,params_std-feats,params_ub-actions,params_ub-frames,params_weight-decay,state
1189,0.4478724837303162,2025-04-08 06:14:04.208959,2025-04-08 06:14:13.131438,0 days 00:00:08.922479,0.17326955992413975,0.4916470021026091,16,0.019934436368157202,0.25766643624069546,0.06677619012849423,0.07033471206538935,0.08497043608029531,0.09122356095423015,3.383217122917285e-05,28,100,0.09208394855190873,0.15164153074512488,False,False,True,8.879079474397958e-08,COMPLETE
1190,0.44391813874244695,2025-04-08 06:14:13.513172,2025-04-08 06:14:22.555859,0 days 00:00:09.042687,0.13931769948432327,0.526865331148951,16,0.015323106368389267,0.25691828800553634,0.06539438108933551,0.07041683225023652,0.08616044471535605,0.09026147600652626,3.1152520629374846e-05,29,100,0.09368158890384615,0.16016608520890618,False,False,True,1.3953021596896746e-07,COMPLETE
1191,0.12583575248718262,2025-04-08 06:14:22.941932,2025-04-08 06:14:31.787060,0 days 00:00:08.845128,0.17153918210959587,0.5104511714547605,16,0.17202512720141305,0.2600012343714084,0.06650406145953645,0.07173730302825794,0.08654737068960505,0.09071747584521309,3.248177100989541e-05,28,100,0.09291783025416783,0.14658069007788666,False,False,True,1.1451617996964171e-07,COMPLETE
1192,0.40456982851028445,2025-04-08 06:14:32.172340,2025-04-08 06:14:41.706065,0 days 00:00:09.533725,0.4159511636279961,0.36556148728846555,16,0.019723886101559306,0.2549618561323578,0.06640185313643071,0.0729471530814967,0.08658057296225202,0.09159296077239654,2.9640322940397837e-05,27,100,0.09612607577768227,0.114974003852154,False,False,False,1.539547486939417e-07,COMPLETE
1193,0.4464179396629334,2025-04-08 06:14:42.090798,2025-04-08 06:14:51.172050,0 days 00:00:09.081252,0.15762254350677332,0.4970035208590819,16,0.015355587163391853,0.25672872115191353,0.06806152923769346,0.07071045856508043,0.08644106479879819,0.09222877942509279,3.2453189729621204e-05,29,98,0.0948408627277099,0.16311155581107373,False,False,True,9.658878442957153e-08,COMPLETE
1194,0.4452819347381592,2025-04-08 06:14:51.554407,2025-04-08 06:15:00.518557,0 days 00:00:08.964150,0.11865476781792819,0.39777154277302296,16,0.020422802750762088,0.26075121911678384,0.06859828638977736,0.06842395042531658,0.0849484476819363,0.09085056293903068,3.5216680772772976e-05,27,101,0.09197569751330294,0.14538198390756019,False,False,True,1.2499373074334665e-07,COMPLETE
1195,0.44707746505737306,2025-04-08 06:15:00.904396,2025-04-08 06:15:09.826958,0 days 00:00:08.922562,0.17093480566277636,0.4898792676264047,16,0.01287541717313699,0.2616199135578984,0.06557314540506154,0.07252595410906372,0.08423095622135172,0.0929915114262337,2.738620593435039e-05,28,95,0.09594331696136335,0.1561587508332419,False,False,True,1.0586803331491762e-07,COMPLETE
1196,0.4455288708209992,2025-04-08 06:15:10.207484,2025-04-08 06:15:19.204266,0 days 00:00:08.996782,0.13427277391539963,0.5224654290862628,16,0.02013537985413649,0.2637470875693807,0.06508160576666078,0.0748930656622066,0.08320295511308942,0.0931451067569976,2.3630689442452197e-05,28,97,0.0963994907061464,0.14107743469134224,False,False,True,8.954814282006896e-08,COMPLETE
1197,0.44637554287910464,2025-04-08 06:15:19.589689,2025-04-08 06:15:29.135967,0 days 00:00:09.546278,0.14848169590914706,0.5030842914394535,16,0.015038780422020614,0.264616021362738,0.06656511129044625,0.07310533833616951,0.08490209845180206,0.09316441390866118,1.910150754325541e-05,28,95,0.09556347618713229,0.1599987287175677,True,False,True,1.2716086454683562e-07,COMPLETE
1198,0.09323747605085374,2025-04-08 06:15:29.523060,2025-04-08 06:15:38.373966,0 days 00:00:08.850906,0.16333936222856574,0.4929230120220953,16,0.02201495096246687,0.2621755290503756,0.06518754114882992,0.07184630488387438,0.08396653672758543,0.09196553382483613,2.5726470938317803e-05,28,95,0.09564710995362571,0.15373672459366422,False,True,True,1.0278121801170765e-07,COMPLETE
1199,0.38758175373077397,2025-04-08 06:15:38.757677,2025-04-08 06:15:47.757836,0 days 00:00:09.000159,0.8129976895500763,0.5325333246959411,16,0.014605007598782714,0.25829479731905985,0.0675151220705247,0.07685686699164058,0.07527024474018049,0.09048887726591824,2.6695106119904654e-05,29,98,0.09625262847787033,0.16647190365524203,False,False,True,1.6589324895592307e-07,COMPLETE
1200,0.4412110805511475,2025-04-08 06:15:48.143847,2025-04-08 06:15:57.172622,0 days 00:00:09.028775,0.13060478666828518,0.5531129843827506,16,0.022182226469382418,0.26835692250855003,0.06556204257652438,0.07375491908671672,0.08441548159597043,0.09420677008970474,2.7703399901335044e-05,28,101,0.07210316020346512,0.15516129044781843,False,False,True,1.109359002746596e-07,COMPLETE
1201,0.44419630169868474,2025-04-08 06:15:57.559597,2025-04-08 06:16:06.688233,0 days 00:00:09.128636,0.16648502437143956,0.5189356797435467,16,0.013746317945647575,0.2666101742748524,0.06843180986210394,0.07466875443927194,0.08062017709343242,0.09272886501379023,2.0450248700521835e-05,29,98,0.09351072322847052,0.16295715953429357,False,False,True,8.064226839334778e-08,COMPLETE
1202,0.4441890180110932,2025-04-08 06:16:07.072501,2025-04-08 06:16:15.916095,0 days 00:00:08.843594,0.11239814511354969,0.49098206560520086,16,0.021654610295130584,0.25982324835662096,0.06465552740397316,0.0706723467138394,0.04557590351823043,0.09038787970915109,3.285099432768038e-05,27,95,0.0920864375979786,0.13643302859542947,False,False,True,1.9697101519379383e-07,COMPLETE
1203,0.4366305828094482,2025-04-08 06:16:16.304091,2025-04-08 06:16:25.193992,0 days 00:00:08.889901,0.15036866951003502,0.5135099436636187,16,0.013265160025176914,0.25637225121741164,0.068626226945067,0.07126714882182507,0.0404607729795964,0.09406391807976526,2.2576623085361432e-05,28,105,0.09641951129011739,0.12805295768928224,False,False,True,1.42028822499361e-07,COMPLETE
1204,0.44646300077438356,2025-04-08 06:16:25.589582,2025-04-08 06:16:34.569970,0 days 00:00:08.980388,0.17347744403986595,0.4887434377942849,16,0.018388239258453627,0.2705120359575119,0.0664095432485184,0.069301410049175,0.085562008073665,0.09173681562749292,2.7997209365847992e-05,29,95,0.0942903203336658,0.15712567087063165,False,False,True,7.87592294636165e-08,COMPLETE
1205,0.44574763178825383,2025-04-08 06:16:34.960122,2025-04-08 06:16:43.880643,0 days 00:00:08.920521,0.14309634997315013,0.47499474811628345,16,0.02376484960722996,0.2636628962625331,0.069523065303712,0.07345211504280871,0.07673898378452525,0.09431354845245091,3.289750528005543e-05,27,103,0.09094065668077445,0.1455849059090486,False,False,True,9.172006349457025e-08,COMPLETE
1206,0.4469272375106812,2025-04-08 06:16:44.272355,2025-04-08 06:16:53.097841,0 days 00:00:08.825486,0.17611115285389603,0.49796563753652806,16,0.012231742824161241,0.26610607245961687,0.06454483745462762,0.06957159318927135,0.0785190687577761,0.09030270617855592,3.559774838072436e-05,28,94,0.09678248614426999,0.15539709774914165,False,False,True,1.5919449036979788e-07,COMPLETE
1207,0.4428685247898102,2025-04-08 06:16:53.483671,2025-04-08 06:17:02.446187,0 days 00:00:08.962516,0.14638666601051592,0.47203648655612795,16,0.017486369399115798,0.2586641098888681,0.06738607350989616,0.07564102394740291,0.04949642687203608,0.09538263333836054,2.617491685215453e-05,28,100,0.09314613282408034,0.1552748567999586,False,False,True,1.2000696891569163e-07,COMPLETE
1208,0.44136402010917664,2025-04-08 06:17:02.836057,2025-04-08 06:17:11.671536,0 days 00:00:08.835479,0.183734084683911,0.544130770821867,16,0.022965068426833844,0.27067435901246234,0.06465122511111841,0.07248416604432252,0.08054445430733591,0.09279524512808275,1.5365494543706502e-05,27,98,0.09438585331042045,0.15983693969989413,False,False,True,7.275496226720823e-08,COMPLETE
1209,0.4417243897914887,2025-04-08 06:17:12.057047,2025-04-08 06:17:21.094240,0 days 00:00:09.037193,0.1214511260621126,0.5126391070331755,16,0.011705741368285942,0.25490005462700077,0.06934147158228489,0.07798010743851214,0.07347520885408805,0.08999349356914206,3.796717554665642e-05,29,96,0.09176414705174271,0.1689874783138157,False,False,True,1.0019262081365855e-07,COMPLETE
1210,0.44821624755859374,2025-04-08 06:17:21.481306,2025-04-08 06:17:30.268506,0 days 00:00:08.787200,0.16172763982582164,0.535103202135691,16,0.025454560120969843,0.26441796172433124,0.06667987579837989,0.07107862890506743,0.08310566176558355,0.09501477116307276,2.3141441891266482e-05,27,94,0.09699313744988813,0.15542488107488553,False,False,True,8.353957861439291e-08,COMPLETE
1211,0.44847430586814885,2025-04-08 06:17:30.654722,2025-04-08 06:17:39.486887,0 days 00:00:08.832165,0.15893876523883688,0.55961936513184,16,0.028033584131377954,0.2708689768667545,0.06823394211923285,0.06830259903694694,0.08207273523087069,0.09666540236801453,1.8047464181135944e-05,27,94,0.09697508257299178,0.14916478787745335,False,False,True,6.831825685938183e-08,COMPLETE
1212,0.3880128920078278,2025-04-08 06:17:39.873981,2025-04-08 06:17:49.282209,0 days 00:00:09.408228,0.13212443061491635,0.5664058212228651,16,0.031510336905481905,0.2692533272963053,0.07077775230318367,0.06925031993437356,0.07922189841309644,0.09859245623775086,1.0192313750298427e-05,27,94,0.09755665599603201,0.17341556310344555,False,False,False,6.423254588414618e-08,COMPLETE
1213,0.41655402183532714,2025-04-08 06:17:49.669032,2025-04-08 06:17:58.474348,0 days 00:00:08.805316,0.15018305751353378,0.5643763182834647,16,0.035047398362345994,0.26442921491638,0.0688697548225971,0.07049066358191233,0.0814978605879392,0.014884443148727604,1.6387509225600283e-05,27,93,0.0973465676713709,0.15025766437558527,False,False,True,5.554847048128569e-08,COMPLETE
1214,0.4402259171009064,2025-04-08 06:17:58.864220,2025-04-08 06:18:07.721259,0 days 00:00:08.857039,0.11344728070896953,0.5808931005619198,16,0.02769770277283206,0.26741111642226867,0.0705133062072019,0.06796424436979864,0.07690060690003434,0.09742273429075612,1.5588086847714283e-05,27,98,0.09732586657040947,0.1499013633461866,False,False,True,6.882808611899065e-08,COMPLETE
1215,0.443512111902237,2025-04-08 06:18:08.109467,2025-04-08 06:18:16.936208,0 days 00:00:08.826741,0.18832420734486413,0.588830230070698,16,0.030999299208822544,0.25787714003597273,0.06835919888894577,0.07026180297479291,0.07903725808573178,0.09838147174005307,1.540230080853674e-05,27,93,0.0978745657998904,0.15886407820975104,False,False,True,6.248238345000956e-08,COMPLETE
1216,0.2948988080024719,2025-04-08 06:18:17.325641,2025-04-08 06:18:26.965458,0 days 00:00:09.639817,0.1622342334281917,0.6085224488689789,16,0.03701008945115786,0.2712367698089428,0.06768645294364037,0.0685471819171077,0.07548634283848484,0.09649520594426991,1.762153100588175e-05,27,101,0.09666197322941347,0.16206025555874556,True,False,True,7.695668183220822e-08,COMPLETE
1217,0.11592765003442765,2025-04-08 06:18:27.355346,2025-04-08 06:18:36.196639,0 days 00:00:08.841293,0.1331667873661786,0.5556970240267226,16,0.027365821891277918,0.2627565936182773,0.07099249819938211,0.07156918642371161,0.07971674264741332,0.09795774274818808,1.2234773990539637e-05,27,94,0.09803014055025831,0.1506434377881928,False,True,True,5.429033003600602e-08,COMPLETE
1218,0.44528933167457585,2025-04-08 06:18:36.587785,2025-04-08 06:18:45.410375,0 days 00:00:08.822590,0.1931345127350668,0.5530534399104986,16,0.028216001099860152,0.25356989503023103,0.06875299051834162,0.06858452779692423,0.08187791894925117,0.09566325992697791,1.7251285122050347e-05,27,97,0.09639682962574485,0.1494803178900286,False,False,True,8.29691278762451e-08,COMPLETE
1219,0.44729753732681277,2025-04-08 06:18:45.798175,2025-04-08 06:18:54.697587,0 days 00:00:08.899412,0.16408529568770325,0.5859743498329417,16,0.03404211349820688,0.2644782935866827,0.06727202975284884,0.07113509056770949,0.07786123030925447,0.09645781419099116,2.05316061335627e-05,27,100,0.09836236950179841,0.17424180561127542,False,False,True,4.770640224438234e-08,COMPLETE
1220,0.44615190029144286,2025-04-08 06:18:55.084874,2025-04-08 06:19:03.967740,0 days 00:00:08.882866,0.1803545824645276,0.5344357980447069,16,0.026409708275967152,0.27288133994345953,0.07043723053493885,0.0673831972305547,0.0821504995381078,0.09858241793307443,1.4752317944211317e-05,28,94,0.09550371804724862,0.16467742259478166,False,False,True,8.30823891567185e-08,COMPLETE
1221,0.2632359147071838,2025-04-08 06:19:04.360039,2025-04-08 06:19:13.256944,0 days 00:00:08.896905,0.1508248190853303,0.5754351726050906,16,0.04541811115270096,0.2570626113671515,0.06724593832221253,0.07434699597611208,0.08079390421727205,0.09650390268965707,1.8491192552087057e-05,28,93,0.09401914553936769,0.15037892364372338,False,False,True,6.4385814727038e-08,COMPLETE
1222,0.44611635208129885,2025-04-08 06:19:13.648867,2025-04-08 06:19:22.531989,0 days 00:00:08.883122,0.20075353961269943,0.5689325899249761,16,0.024423631555038256,0.26741389855529824,0.07325484539200566,0.07015278472132706,0.07238694767033953,0.09970549896321053,2.0100303937853412e-05,27,104,0.0981721599969857,0.1459567445753428,False,False,True,5.424670795574284e-08,COMPLETE
1223,0.41336923837661743,2025-04-08 06:19:22.926896,2025-04-08 06:19:31.697601,0 days 00:00:08.770705,0.17026142267409944,0.5597969061961289,16,0.0397702838519572,0.27439824540882024,0.06977013015306738,0.07264636675851961,0.07584363273975293,0.09551047659849968,2.3601141300949023e-05,27,96,0.09504060546984493,0.16571252083466326,False,False,True,4.6235417157222365e-08,COMPLETE
1224,0.24897202253341677,2025-04-08 06:19:32.085990,2025-04-08 06:19:40.837819,0 days 00:00:08.751829,0.1330839258674428,0.5385966609281658,16,0.051295466677039644,0.2582261688177231,0.06671786756273522,0.06778744966214716,0.07912483125648485,0.09507519209161937,1.3156092161654043e-05,26,98,0.050091604202600636,0.1564757990700478,False,False,True,8.616383272214461e-08,COMPLETE
1225,0.3532116830348969,2025-04-08 06:19:41.227606,2025-04-08 06:19:50.120170,0 days 00:00:08.892564,0.11178129466037137,0.5388732925866722,16,0.02750268130496779,0.1050429668529422,0.08271147179185842,0.06976183071647155,0.08301346647534996,0.09762424787003438,1.9890326661204696e-05,28,93,0.0962970969927753,0.1537352018780251,False,False,True,7.530804133377444e-08,COMPLETE
1226,0.3768207490444183,2025-04-08 06:19:50.511008,2025-04-08 06:19:59.376194,0 days 00:00:08.865186,0.8512412789202268,0.5621225868808024,16,0.03309654349562643,0.2628605756402601,0.07202803078625786,0.07273689730333263,0.08108606971598221,0.09997451726083194,1.388871213873384e-05,27,102,0.09440062769142493,0.14959364526065655,False,False,True,6.011370936210594e-08,COMPLETE
1227,0.4467660427093506,2025-04-08 06:19:59.764958,2025-04-08 06:20:08.481427,0 days 00:00:08.716469,0.18750794237652296,0.590480276232595,16,0.023457743914649484,0.25128079799941894,0.06941169100857336,0.07597744142630769,0.07708385657144254,0.09484828678644053,2.3551498760798733e-05,26,99,0.09745035533342164,0.14627943893889664,False,False,True,3.030413790077949e-08,COMPLETE
1228,0.4455080389976502,2025-04-08 06:20:08.873925,2025-04-08 06:20:17.824245,0 days 00:00:08.950320,0.1581871557665302,0.620699742044647,16,0.02999054855444535,0.2705755638782478,0.06724731637207255,0.06719971320107139,0.07795601528043303,0.09713234012881786,2.158970895708396e-05,28,96,0.09453305893725243,0.16799816009199106,False,False,True,4.393303174933691e-08,COMPLETE
1229,0.4477082610130311,2025-04-08 06:20:18.215581,2025-04-08 06:20:27.009056,0 days 00:00:08.793475,0.20144032663217512,0.545309660046251,16,0.02293239685500171,0.26281247892161586,0.07082548662927862,0.07118182322807036,0.07468676587239044,0.09447915093683436,2.2078669272834372e-05,27,92,0.09880811613704973,0.175789420809716,False,False,True,6.811425574847628e-08,COMPLETE
1230,0.36738405227661136,2025-04-08 06:20:27.402039,2025-04-08 06:20:36.842922,0 days 00:00:09.440883,0.21247393680474064,0.5771704513405738,16,0.03590543515246446,0.27346445034092653,0.07430996992988614,0.07130248042957824,0.06900314476798532,0.09174782497472289,1.840986272592308e-05,27,92,0.0987887192385653,0.16632086026776383,False,False,False,9.198510832799848e-08,COMPLETE
1231,0.44942450523376465,2025-04-08 06:20:37.233131,2025-04-08 06:20:46.040745,0 days 00:00:08.807614,0.21074813702178727,0.5460293210996544,16,0.0311678611599691,0.26779737352109806,0.07094650058162703,0.07349395914794389,0.0709744445905542,0.09353320147578263,1.915364263543498e-05,27,92,0.09980224844364793,0.17104456906820245,False,False,True,7.43747703163455e-08,COMPLETE
1232,0.4431047379970551,2025-04-08 06:20:46.432900,2025-04-08 06:20:55.398596,0 days 00:00:08.965696,0.22789642587335632,0.5585964909178185,16,0.034214316580912965,0.25522739585227305,0.07159383641189529,0.07445266378919065,0.07099733302968025,0.08931625298583012,1.2592895499170985e-05,28,93,0.09862020503162013,0.17505142001709728,False,False,True,9.024895857659876e-08,COMPLETE
1233,0.4308302462100983,2025-04-08 06:20:55.788937,2025-04-08 06:21:04.668459,0 days 00:00:08.879522,0.258834516592135,0.588252858215164,16,0.03718780233077141,0.1355756703772566,0.0720903702485607,0.07753508134436801,0.07076789126519446,0.09206980256869722,1.4084596358978602e-05,28,92,0.09918168054226974,0.18122461440756749,False,False,True,7.0339935372127e-08,COMPLETE
1234,0.4490118145942688,2025-04-08 06:21:05.083480,2025-04-08 06:21:13.925393,0 days 00:00:08.841913,0.23295368277918188,0.5585622910205018,16,0.042227771915831415,0.26257259846945735,0.07089845296700856,0.07411083522935533,0.06741698688521458,0.0935208127233075,1.8688297924865098e-05,27,92,0.09985526039583284,0.1884720160886207,False,False,True,8.093853133507667e-08,COMPLETE
1235,0.4394591331481934,2025-04-08 06:21:14.320469,2025-04-08 06:21:23.299277,0 days 00:00:08.978808,0.2503835525282567,0.5918867165454104,16,0.04480480424792478,0.252708169078612,0.07059858651438898,0.0749337441921994,0.07145936991633785,0.089538326656295,1.555752168889323e-05,28,91,0.0989634411450299,0.19108024331690227,False,False,True,8.412660334680556e-08,COMPLETE
1236,0.12051139175891877,2025-04-08 06:21:23.697091,2025-04-08 06:21:33.173012,0 days 00:00:09.475921,0.2471032083609519,0.5703560599226155,16,0.04263878602221774,0.261052187367311,0.06954039837082822,0.07995654075196566,0.06710004903239936,0.09131422889212193,1.3208506753412276e-05,28,91,0.09888248992611019,0.1781761059241497,True,True,True,1.008913449947325e-07,COMPLETE
1237,0.44819343090057373,2025-04-08 06:21:33.569992,2025-04-08 06:21:42.381500,0 days 00:00:08.811508,0.23381606330277832,0.5692675331024214,16,0.0415409910372872,0.25683657049580183,0.07047241432188626,0.07233400411100097,0.07224278045554987,0.09399913273751273,1.6012309482068203e-05,27,105,0.09923732624540604,0.1850451869452418,False,False,True,1.0211161872880478e-07,COMPLETE
1238,0.31635861396789555,2025-04-08 06:21:42.778850,2025-04-08 06:21:51.683140,0 days 00:00:08.904290,0.24755708902781587,0.573409013883817,16,0.05857671136880412,0.25914466697942007,0.07400907970260377,0.07649636657267227,0.07159203918122409,0.09389517682414773,1.4906035903134475e-05,27,109,0.09799651579233269,0.1959698221403737,False,False,True,1.2260188945909334e-07,COMPLETE
1239,0.42967118620872496,2025-04-08 06:21:52.080322,2025-04-08 06:22:01.048985,0 days 00:00:08.968663,0.2725884179900779,0.6113644137361592,16,0.04716304948638034,0.2587323018211136,0.07319398215205825,0.07262993525330684,0.07092412451596394,0.09451494891187534,1.1559514878456733e-05,27,112,0.09924448532945303,0.1809480757376108,False,False,True,1.0434728460275238e-07,COMPLETE
1240,0.4428836286067963,2025-04-08 06:22:01.448166,2025-04-08 06:22:10.367832,0 days 00:00:08.919666,0.23487963840545917,0.6056856029143536,16,0.03733094968795689,0.2649982703743525,0.07094233003687091,0.0741470427681303,0.06631335877529848,0.0935304017440222,1.0841022963826772e-05,27,106,0.09962395456583982,0.1875821750713953,False,False,True,9.755954765026065e-08,COMPLETE
1241,0.36382207274436956,2025-04-08 06:22:10.770615,2025-04-08 06:22:19.728417,0 days 00:00:08.957802,0.23678046697084812,0.5554647853974587,16,0.05178995580855342,0.26400228276050586,0.07077070286200902,0.07528806293102294,0.06968035651880798,0.09253435557217228,1.2301794632916957e-05,27,107,0.09898454438097792,0.18644755025449064,False,False,True,1.284772410799548e-07,COMPLETE
1242,0.43529016971588136,2025-04-08 06:22:20.127124,2025-04-08 06:22:29.001000,0 days 00:00:08.873876,0.2217870447162028,0.5811094070480756,16,0.045970697706651936,0.2551667953398486,0.07329946584143615,0.07250788061020956,0.06531760949261539,0.09442186513133263,1.7392157673293406e-05,27,110,0.09920051922730823,0.18499393000941747,False,False,True,8.577680905376333e-08,COMPLETE
1243,0.35075522661209113,2025-04-08 06:22:29.399452,2025-04-08 06:22:38.315711,0 days 00:00:08.916259,0.25466393437293755,0.5558720090444572,16,0.05113400942478219,0.26113377898480067,0.06932777995561265,0.0764027275059571,0.07047634392369936,0.09162892398608169,1.6887384382629773e-05,27,106,0.09998009080827173,0.18235244602428516,False,False,True,1.0857816177600362e-07,COMPLETE
1244,0.4276205480098725,2025-04-08 06:22:38.713168,2025-04-08 06:22:47.628295,0 days 00:00:08.915127,0.2549244237656764,0.6366787118889051,16,0.0433489009433823,0.2548368189140858,0.07175154459025514,0.07079290052476161,0.06756946848350219,0.09425585034218832,1.7825491363063064e-05,27,113,0.09847457972801844,0.1763814812075566,False,False,True,7.88617357649653e-08,COMPLETE
