number,value,datetime_start,datetime_complete,duration,params_alpha-eval,params_alpha-train,params_batch-size,params_eps-eval,params_eps-train,params_lambda-actions-eval,params_lambda-actions-train,params_lambda-frames-eval,params_lambda-frames-train,params_learning-rate,params_n-epochs,params_n-frames,params_radius-gw,params_rho,params_std-feats,params_ub-actions,params_ub-frames,params_weight-decay,state
394,0.45638790130615237,2025-04-21 05:58:02.832041,2025-04-21 05:58:16.115968,0 days 00:00:13.283927,0.47003084413076407,0.3031568399217978,2,0.21391192168539586,0.0777118254785629,0.005923626118769046,0.0954733954686593,0.03203273801591576,0.08266715317406854,0.000436836054412442,9,19,0.09336554271362904,0.1851576210783482,True,False,False,8.156558822070854e-07,COMPLETE
395,0.45919199585914616,2025-04-21 05:58:16.240132,2025-04-21 05:58:29.484273,0 days 00:00:13.244141,0.47526355138098625,0.3655689536110701,2,0.21448298845494018,0.07684249162955603,0.006831553028798651,0.09558320874332436,0.03294447261333377,0.08188279247316695,0.00043767360519954523,9,20,0.08991799957552389,0.18491409423724056,True,False,False,7.590816908613885e-07,COMPLETE
396,0.46178523302078245,2025-04-21 05:58:29.616706,2025-04-21 05:58:42.308735,0 days 00:00:12.692029,0.47741924730526897,0.3532916003568924,2,0.21343346234702665,0.06239212324823101,0.00529811769391296,0.0954244014682931,0.03363070482839311,0.08061071605050382,0.00043473938649612884,8,20,0.09014921654227274,0.18317897230139152,True,False,False,7.731353173631895e-07,COMPLETE
397,0.4472541272640228,2025-04-21 05:58:42.430631,2025-04-21 05:58:55.778969,0 days 00:00:13.348338,0.4712830941581067,0.38499018705910276,2,0.2200501637749929,0.05976603488679191,0.006255439475356735,0.09535375650165434,0.03281083350233223,0.08095151914653895,0.0004549345318796689,9,19,0.08988416797329198,0.18248785692791192,True,False,False,7.22401317652649e-07,COMPLETE
398,0.45441538095474243,2025-04-21 05:58:55.902198,2025-04-21 05:59:09.770104,0 days 00:00:13.867906,0.48181739331410056,0.3634847115223868,2,0.21553259295399751,0.07043341524154866,0.004115565927030079,0.09533752356365628,0.03385350835100155,0.08185890926038412,0.00045309099413088743,10,20,0.09003865433248588,0.1852121698947769,True,False,False,7.496068852470027e-07,COMPLETE
399,0.45589647889137275,2025-04-21 05:59:09.902507,2025-04-21 05:59:23.152292,0 days 00:00:13.249785,0.45799079375808144,0.36580756367835665,2,0.213074725075974,0.07233283419564401,0.0043620008849334976,0.09509626126257914,0.03831306728627363,0.08194021303690857,0.0004389753650314642,9,20,0.09002474727625483,0.18139662001028817,True,False,False,6.777551990602481e-07,COMPLETE
400,0.46403623819351203,2025-04-21 05:59:23.276264,2025-04-21 05:59:35.794525,0 days 00:00:12.518261,0.45950411108802225,0.36684307587159487,2,0.22874336112075505,0.06983179513000203,0.004193947756566855,0.09473070395256704,0.03154499592548135,0.08179386264320704,0.00042233362826375693,8,21,0.09104717900035139,0.182393834933408,True,False,False,7.376458468227072e-07,COMPLETE
401,0.16036924421787263,2025-04-21 05:59:35.919359,2025-04-21 05:59:47.165318,0 days 00:00:11.245959,0.4562120286585305,0.37335938886200215,2,0.22782955901820662,0.06941834918023393,0.0010403882786628122,0.09475726958430794,0.03555508204503867,0.0811120441983669,0.00043496441889052614,8,21,0.08996756791919434,0.17969628092065357,True,True,False,6.914506770800651e-07,COMPLETE
402,0.46059657931327824,2025-04-21 05:59:47.300708,2025-04-21 05:59:59.897170,0 days 00:00:12.596462,0.4590124948186592,0.4126398560790621,2,0.2153675522443992,0.07676779183899908,0.004239523913264941,0.09511556839472296,0.038658303518643654,0.08169255463691912,0.0004061868238945677,8,20,0.0907107145158787,0.17896291082157192,True,False,False,7.17438639679479e-07,COMPLETE
403,0.4608598053455353,2025-04-21 06:00:00.023301,2025-04-21 06:00:12.686521,0 days 00:00:12.663220,0.4651364598861778,0.4238319063142867,2,0.21433214640019618,0.0709975545842305,0.004143099327100105,0.0950073955428062,0.033372047958135635,0.08090485065176146,0.0004357868187318259,8,20,0.09084914660126629,0.17963540331277567,True,False,False,6.691588661392809e-07,COMPLETE
404,0.45913924574851994,2025-04-21 06:00:12.813801,2025-04-21 06:00:25.430891,0 days 00:00:12.617090,0.4674842621602855,0.4220859597680631,2,0.21477086753690017,0.07722133304696513,0.004432581899264963,0.09507609551122159,0.038156104265876505,0.0806895994477654,0.00040163998300269527,8,19,0.08907271507002074,0.17751255608731803,True,False,False,6.738138638896297e-07,COMPLETE
405,0.4612948358058929,2025-04-21 06:00:25.557147,2025-04-21 06:00:38.138666,0 days 00:00:12.581519,0.4646012337375677,0.42875568845150996,2,0.21379407074571982,0.07277643941587175,0.0038669007184047735,0.09470259697098504,0.038630112383378955,0.0796879855024712,0.00040553695973986924,8,21,0.08845194089756979,0.17823474563787628,True,False,False,6.734245953867805e-07,COMPLETE
406,0.20353884994983673,2025-04-21 06:00:38.274310,2025-04-21 06:00:49.345448,0 days 00:00:11.071138,0.4613534988846857,0.4216775066493772,2,0.21334124639391688,0.06324684655355507,0.004410946483114949,0.09472551559267654,0.038740744073283415,0.08067647227328224,0.00040195727952632037,8,21,0.08715266075299792,0.17697452746054987,True,False,True,6.294426958366756e-07,COMPLETE
407,0.45393761396408083,2025-04-21 06:00:49.470421,2025-04-21 06:01:01.428670,0 days 00:00:11.958249,0.4772204632661436,0.42513809193705676,2,0.2348260441583375,0.07377170267664096,0.003974121694774805,0.09472967794304611,0.038184567768657814,0.08118943942476171,0.00040189902242773973,7,22,0.08955433810726932,0.17729493901898116,True,False,False,7.40893981953906e-07,COMPLETE
408,0.46082606315612795,2025-04-21 06:01:01.554493,2025-04-21 06:01:14.161957,0 days 00:00:12.607464,0.47630829284442233,0.40881347875257146,2,0.23338559080222984,0.07555017992920916,0.0037537020431923003,0.09488013914937933,0.03946837383326923,0.08175048928952383,0.00038325484964635417,8,20,0.08921495064906693,0.1768371958951381,True,False,False,6.132575168812068e-07,COMPLETE
409,0.4650631666183472,2025-04-21 06:01:14.297622,2025-04-21 06:01:26.835039,0 days 00:00:12.537417,0.47713682616051917,0.4058607485192837,2,0.23402809969703042,0.07439022550782126,0.003255371964771259,0.09396043928790652,0.038434040450166004,0.08143860987163612,0.00039813925988248,8,21,0.08912586162548086,0.1769176374553442,True,False,False,5.765244633161055e-07,COMPLETE
410,0.46407765150070196,2025-04-21 06:01:26.961963,2025-04-21 06:01:39.478258,0 days 00:00:12.516295,0.4756802179921956,0.40849385548081435,2,0.23582370246379766,0.07457610643844124,0.0036005430905406456,0.09470039907867711,0.041854219509280824,0.07915458723572072,0.00039664459724617497,8,21,0.09076150733012157,0.17571839583847018,True,False,False,6.762558275523372e-07,COMPLETE
411,0.46058245897293093,2025-04-21 06:01:39.607093,2025-04-21 06:01:52.149297,0 days 00:00:12.542204,0.4810690338680259,0.40819843231629205,2,0.2320904548776963,0.0655303546837455,0.003873099573654576,0.09432710644774413,0.03839054879137857,0.0795663577349336,0.00037210545508264156,8,20,0.08872527781505664,0.1765206484075858,True,False,False,6.31883617601219e-07,COMPLETE
412,0.458124840259552,2025-04-21 06:01:52.288651,2025-04-21 06:02:03.654571,0 days 00:00:11.365920,0.4768491984416345,0.4112641319292277,2,0.23278592943459672,0.0699851518243992,0.004012346051221237,0.09448969797363471,0.03970515151539821,0.07832453736084154,0.0003842074667609385,6,19,0.08875891704893815,0.1781721534392215,True,False,False,5.69571949908389e-07,COMPLETE
413,0.45973231792449953,2025-04-21 06:02:03.783099,2025-04-21 06:02:16.422901,0 days 00:00:12.639802,0.4803865827253115,0.40763154706169286,2,0.23663417268144157,0.0742966407434283,0.0036863728433893257,0.09416225804877788,0.040808283503304434,0.07836845015149346,0.0003824726045252161,8,20,0.08882599086135276,0.17535657472358435,True,False,False,5.199627824703422e-07,COMPLETE
414,0.4640819072723389,2025-04-21 06:02:16.552071,2025-04-21 06:02:29.129290,0 days 00:00:12.577219,0.4726987938652928,0.4094001320670555,2,0.2327707243671181,0.07501467717498364,0.004118126212780177,0.09396089224759838,0.040997479768752516,0.0786448441876584,0.00039900124912268224,8,21,0.08871828591690334,0.17462685071403614,True,False,False,5.702923871112354e-07,COMPLETE
415,0.4596727371215821,2025-04-21 06:02:29.268008,2025-04-21 06:02:41.951441,0 days 00:00:12.683433,0.4710083599815316,0.40313243225196504,2,0.2344276216689253,0.07603395689206698,0.002844926269790461,0.09407192400050997,0.041330982306151766,0.07815064437827005,0.0003827749738557699,8,20,0.08590437882591424,0.1744710467768424,True,False,False,5.881455603134833e-07,COMPLETE
416,0.4563477039337159,2025-04-21 06:02:42.079304,2025-04-21 06:02:54.812585,0 days 00:00:12.733281,0.4656098314074395,0.4010317210304721,2,0.23473797602191737,0.07052731029799228,0.0023108409269398398,0.09371533006360357,0.042336372937960845,0.07795333801770181,0.00038248493471389916,8,20,0.08636385222339946,0.17360157084878558,True,False,False,5.485508588128727e-07,COMPLETE
417,0.46038926243782047,2025-04-21 06:02:54.942312,2025-04-21 06:03:07.499809,0 days 00:00:12.557497,0.4603459068101752,0.4024272467340745,2,0.2354939210409469,0.07788380144747456,0.002027550160833562,0.09427868498365771,0.042881133300955485,0.07790899834191613,0.0003796211468625187,8,20,0.08670676970424837,0.17257709157400336,True,False,False,5.611984713543869e-07,COMPLETE
418,0.4596545100212097,2025-04-21 06:03:07.639808,2025-04-21 06:03:20.239577,0 days 00:00:12.599769,0.46612476539322945,0.4092526293537858,2,0.23208321226559608,0.07694577300729397,0.0011297395730218694,0.09378127883182415,0.04065594022886412,0.07818896497993433,0.0003846806519626416,8,20,0.08618468043593122,0.17386354599509338,True,False,False,5.443671331327081e-07,COMPLETE
419,0.4552583456039429,2025-04-21 06:03:20.369533,2025-04-21 06:03:32.933445,0 days 00:00:12.563912,0.46551662001353467,0.40862124323606624,2,0.23571371651590997,0.07615345284697164,0.0010294270607140964,0.09404765460637156,0.04212975992568127,0.07754933137064943,0.0003702684009895748,8,20,0.08601579087036099,0.1726425893865145,True,False,False,5.403409884657339e-07,COMPLETE
420,0.11957214027643205,2025-04-21 06:03:33.063024,2025-04-21 06:03:43.642384,0 days 00:00:10.579360,0.4615562077395677,0.43813781969753923,2,0.23426135542837792,0.05292140045679322,0.0029903533474980957,0.09387892720238383,0.04418676070432309,0.07685004085395165,0.00035260423308725394,7,21,0.08797308649534238,0.17460070209607545,True,True,False,5.281842033480777e-07,COMPLETE
421,0.46234998703002933,2025-04-21 06:03:43.784869,2025-04-21 06:03:56.507914,0 days 00:00:12.723045,0.4592731009612439,0.40622635238291527,2,0.24841990661533442,0.07676706819551565,0.004901273395366562,0.09363463399692484,0.039987161140313726,0.07862242353990259,0.0003811833201932778,8,20,0.08614857253654383,0.16898626217318272,True,False,False,5.766682961534425e-07,COMPLETE
422,0.45730493664741517,2025-04-21 06:03:56.638390,2025-04-21 06:04:09.226204,0 days 00:00:12.587814,0.4784372630309334,0.40522901872395667,2,0.25404250624018265,0.07911968036802211,0.0025475836165109174,0.09389165779005099,0.040482081102421,0.07848040139020222,0.00035306382322434365,8,22,0.08686798354132277,0.16805556114823458,True,False,False,4.382427073588451e-07,COMPLETE
423,0.4637859284877778,2025-04-21 06:04:09.357245,2025-04-21 06:04:21.995184,0 days 00:00:12.637939,0.47674429048215117,0.4071366951001775,2,0.2567044469974908,0.07886343435165566,0.0023495133482249932,0.09324737343629136,0.0404348473569917,0.0787111165237335,0.00037492911937263306,8,20,0.08604216482381415,0.16556875117752962,True,False,False,5.567635438049838e-07,COMPLETE
424,0.4542636275291443,2025-04-21 06:04:22.137770,2025-04-21 06:04:34.658755,0 days 00:00:12.520985,0.4744880413459106,0.4099301619770622,2,0.24764944855312307,0.078886273439332,0.0025050488300847624,0.09330987446448769,0.04045575028705699,0.07877836087897883,0.000377323037567571,8,22,0.08581905133863776,0.16551214221442576,True,False,False,5.421482022994285e-07,COMPLETE
425,0.4494400441646576,2025-04-21 06:04:34.789447,2025-04-21 06:04:47.439718,0 days 00:00:12.650271,0.47907747890813185,0.4541217950875879,2,0.25921437195532054,0.06764291319768939,0.005524498763122247,0.09326282968094801,0.040040871166677386,0.0752488964940182,0.00038763702746468675,8,19,0.08670465129609012,0.17044661570794484,True,False,False,4.6491344313919763e-07,COMPLETE
426,0.45400578379631046,2025-04-21 06:04:47.572439,2025-04-21 06:05:00.126824,0 days 00:00:12.554385,0.4827286358244665,0.3998963309206554,2,0.22919740739304578,0.05304047453240562,0.002100611885956336,0.09307028060550535,0.04350053429053774,0.0792033115279256,0.0003446736224683001,8,22,0.08586689391588621,0.1623679542490233,True,False,False,5.988130677506065e-07,COMPLETE
427,0.09483814984560014,2025-04-21 06:05:00.258206,2025-04-21 06:05:10.359256,0 days 00:00:10.101050,0.47402535982887856,0.4735953766340647,2,0.2531229528607978,0.07899392446580195,0.005077377402103312,0.09332779319417583,0.04187740736481378,0.07779454657228425,0.00038374805846711044,6,20,0.08840093668373555,0.17082568173634602,True,False,True,4.439517717275601e-07,COMPLETE
428,0.4480110049247742,2025-04-21 06:05:10.500670,2025-04-21 06:05:22.550131,0 days 00:00:12.049461,0.45702153809818075,0.41909421324765034,2,0.23871405627924436,0.0639125974629304,0.002542323524064803,0.09344731022233888,0.03761996023212355,0.07607204668479446,0.0003250403584451796,7,19,0.08729330176976657,0.174242212118462,True,False,False,5.967992774804473e-07,COMPLETE
429,0.4497608065605164,2025-04-21 06:05:22.682836,2025-04-21 06:05:35.933250,0 days 00:00:13.250414,0.48842911250970517,0.43420689363589876,2,0.26694754613274235,0.055429340659014927,0.004948842016832244,0.09509920672046417,0.045445108532887364,0.07889573797079859,0.0003974792905535798,9,22,0.08550491234767785,0.16817994250491552,True,False,False,3.829655099203734e-07,COMPLETE
430,0.4548911213874817,2025-04-21 06:05:36.065950,2025-04-21 06:05:48.694301,0 days 00:00:12.628351,0.4521405093421199,0.39408085437367396,2,0.2246029764135541,0.07730926905269177,0.0010640727530321944,0.09292927393551538,0.040042842375032854,0.07954968697003201,0.00034032330337357817,8,17,0.0883928904686689,0.16444174955085356,True,False,False,5.844714992362987e-07,COMPLETE
431,0.4574990332126618,2025-04-21 06:05:48.838068,2025-04-21 06:06:00.098587,0 days 00:00:11.260519,0.47556634507572715,0.4462889389826961,2,0.23034679160616958,0.06692914914108707,0.003915732387721074,0.09558040315224116,0.03654671955954853,0.07717585820241295,0.0004060193570619696,6,19,0.08428931027662731,0.1748030242359556,True,False,False,4.809512968732747e-07,COMPLETE
432,0.463722825050354,2025-04-21 06:06:00.231247,2025-04-21 06:06:11.586629,0 days 00:00:11.355382,0.4898240497052763,0.44854170631754725,2,0.23239892062757922,0.0678137226751343,0.003875376463818604,0.09364174640688071,0.036505024913795134,0.07449351851494693,0.00040992734445223684,6,23,0.08531174839518674,0.17410637451855956,True,False,False,4.481545481068886e-07,COMPLETE
433,0.4615929961204529,2025-04-21 06:06:11.720292,2025-04-21 06:06:22.963853,0 days 00:00:11.243561,0.49648098686470554,0.44576289579215755,2,0.23021827473193524,0.08258310577450463,0.004049653609857397,0.09506609207257324,0.03682129477468258,0.07549649214459148,0.00032310904870823176,6,23,0.08502026841021312,0.15714563786381033,True,False,False,3.721652459398274e-07,COMPLETE
434,0.46139325499534606,2025-04-21 06:06:23.108938,2025-04-21 06:06:34.414137,0 days 00:00:11.305199,0.4924346270081599,0.4780514747527496,2,0.2317163788417799,0.06511567177994121,0.004298001915986666,0.09289496343042403,0.03614249345152955,0.07474212293448669,0.0003315953233002003,6,23,0.08468356316150163,0.16091816767388628,True,False,False,4.18395446960924e-07,COMPLETE
435,0.46421362757682805,2025-04-21 06:06:34.549046,2025-04-21 06:06:45.916279,0 days 00:00:11.367233,0.4985507292142114,0.482047906490513,2,0.23066429377376005,0.06496179762072653,0.0037918260913838153,0.09251499882467445,0.03612445707878126,0.07538115469353417,0.00031748593436181296,6,23,0.08435433327321205,0.15815750287702607,True,False,False,2.897859755726406e-07,COMPLETE
436,0.4621872007846832,2025-04-21 06:06:46.050337,2025-04-21 06:06:57.363571,0 days 00:00:11.313234,0.4991351819830787,0.4887686360043419,2,0.22930864755643637,0.06511419951257737,0.0036196924845465044,0.09230906616322195,0.03698441931144186,0.07425435364392366,0.0003061665610114775,6,23,0.08508580690518369,0.15683733980952522,True,False,False,2.742271871047014e-07,COMPLETE
437,0.46345659494400027,2025-04-21 06:06:57.508962,2025-04-21 06:07:08.754278,0 days 00:00:11.245316,0.5048264362913898,0.48809887571737764,2,0.2300061801503992,0.06519749020523591,0.004115509588060097,0.09220596988656143,0.03611382222775586,0.07396251955212975,0.00030073849865199317,6,23,0.08429364453400212,0.1583368172753665,True,False,False,3.110562729713503e-07,COMPLETE
438,0.46198269724845886,2025-04-21 06:07:08.890723,2025-04-21 06:07:20.304924,0 days 00:00:11.414201,0.5019013575413674,0.48528331791632007,2,0.2422607157694921,0.05925343933781617,0.004139101235545263,0.09215177350080506,0.03567167945255947,0.07332486707222012,0.0003120615827045535,6,23,0.0845928849245192,0.1564915149874089,True,False,False,2.807062457994284e-07,COMPLETE
439,0.4570284962654114,2025-04-21 06:07:20.443326,2025-04-21 06:07:31.075822,0 days 00:00:10.632496,0.5088457961634673,0.4895091275132623,2,0.24183805944916853,0.045786958182334775,0.004182331798606569,0.09211217287134957,0.03642480859614289,0.07418528399823306,0.0002912558418735702,5,23,0.08406874374171218,0.1465671375425305,True,False,False,1.989122148937113e-07,COMPLETE
440,0.46222562789917,2025-04-21 06:07:31.221962,2025-04-21 06:07:42.526596,0 days 00:00:11.304634,0.5000982076110098,0.4662565290277965,2,0.24143444067696818,0.05926745953298549,0.0016360690793571046,0.09216472551052018,0.03759590537612636,0.07155335367223054,0.00031377636763037014,6,23,0.08473876551677162,0.15640307297292425,True,False,False,2.4704112928571436e-07,COMPLETE
441,0.15712870359420777,2025-04-21 06:07:42.663974,2025-04-21 06:07:52.696333,0 days 00:00:10.032359,0.49106541172478935,0.47566146719641067,2,0.22510434915201827,0.05958196323201178,0.0010815504921783741,0.09215055563163065,0.036240113364683635,0.0727287352819852,0.0003096764275001603,6,23,0.08406823397579796,0.15546490451963724,True,True,False,2.538276754011721e-07,COMPLETE
442,0.4534520447254181,2025-04-21 06:07:52.834148,2025-04-21 06:08:04.691597,0 days 00:00:11.857449,0.5052318814747255,0.5176219476232231,2,0.24255450277864393,0.05682415027656125,0.0030531466077128745,0.09249822767934242,0.045493739288689466,0.07016719688245665,0.0003277364338932293,7,23,0.08491361069883539,0.15042436802469994,True,False,False,3.1719920617845426e-07,COMPLETE
443,0.45275887846946716,2025-04-21 06:08:04.837306,2025-04-21 06:08:16.720282,0 days 00:00:11.882976,0.5026049699868217,0.5005812472956097,2,0.24927218661810296,0.06503830687750015,0.0052945478508909976,0.09210202955808677,0.034828005868249245,0.07153714538761145,0.00032554961352647806,7,23,0.08475699858947547,0.15650599227246054,True,False,False,3.077729891505531e-07,COMPLETE
444,0.45909335017204284,2025-04-21 06:08:16.858686,2025-04-21 06:08:27.969796,0 days 00:00:11.111110,0.4988906130905434,0.46049457168052094,2,0.23838030864954182,0.04779086989664196,0.0011604060114611442,0.09253657987744107,0.037423805145740445,0.07339614301981179,0.00029961378955452366,6,24,0.08735631300019614,0.15785939951864988,True,False,False,2.3054570933643387e-07,COMPLETE
445,0.4595713317394257,2025-04-21 06:08:28.117827,2025-04-21 06:08:38.837144,0 days 00:00:10.719317,0.5119038542421025,0.4408122508377102,2,0.2239881173769484,0.08708711751369737,0.0032823254111932314,0.09274496892252215,0.03946648420207198,0.07555821234996934,0.0003125930462049723,5,23,0.08562683909430804,0.14038820404893132,True,False,False,3.685990153525924e-07,COMPLETE
446,0.4594721853733063,2025-04-21 06:08:38.972989,2025-04-21 06:08:49.598310,0 days 00:00:10.625321,0.5073887361193196,0.4433798136774367,2,0.22275870832132433,0.08529615864184703,0.00313515086663907,0.09191351819385758,0.039332454882729385,0.07645425664774122,0.00029345907762994385,5,23,0.08593141839876357,0.13565638359610832,True,False,False,1.4726895264933326e-07,COMPLETE
447,0.46047271490097047,2025-04-21 06:08:49.734321,2025-04-21 06:09:00.980361,0 days 00:00:11.246040,0.5167090261355134,0.4729345175475017,2,0.23108515168888621,0.06287450148685662,0.005439566610982534,0.09302595069520565,0.04179893196864445,0.07442844717297571,0.00031744095296638814,6,22,0.08374553092703058,0.1501300046979051,True,False,False,2.748765040452483e-07,COMPLETE
448,0.1696022927761078,2025-04-21 06:09:01.131159,2025-04-21 06:09:11.127020,0 days 00:00:09.995861,0.5201868627365451,0.5409785627603956,2,0.2395195153189713,0.060854213287229085,0.005577890795847515,0.09373438034800485,0.04172089511898893,0.07435313166422196,0.011340367705795723,6,24,0.08320832799217344,0.16109259773527976,True,False,True,2.8876867573438426e-07,COMPLETE
449,0.4530527293682099,2025-04-21 06:09:11.265770,2025-04-21 06:09:23.202833,0 days 00:00:11.937063,0.49674201279902513,0.48580825039822684,2,0.23175988853844873,0.0649208458647573,0.004716058561627349,0.09169389177640506,0.03556743832592163,0.06826715233771595,0.0003417712284729482,7,16,0.08754969763758844,0.1483807251373424,True,False,False,2.048399926355134e-07,COMPLETE
450,0.453211784362793,2025-04-21 06:09:23.342097,2025-04-21 06:09:35.209721,0 days 00:00:11.867624,0.44652976861385574,0.4736645205269901,2,0.23036156735954483,0.07200148711500202,0.038504881815495134,0.09379734671661938,0.04350435677907915,0.07460272839013696,0.00028460676270465233,7,23,0.08524654792460312,0.15456637465718828,True,False,False,2.68808231111344e-07,COMPLETE
