number,value,datetime_start,datetime_complete,duration,params_alpha-eval,params_alpha-train,params_batch-size,params_eps-eval,params_eps-train,params_lambda-actions-eval,params_lambda-actions-train,params_lambda-frames-eval,params_lambda-frames-train,params_learning-rate,params_n-epochs,params_n-frames,params_radius-gw,params_rho,params_std-feats,params_ub-actions,params_ub-frames,params_weight-decay,state
1870,0.44493616819381715,2025-04-08 08:11:08.854270,2025-04-08 08:11:18.364990,0 days 00:00:09.510720,0.3070981774124812,0.6360498481633758,16,0.03833504471180365,0.29250171765677896,0.07693755009027217,0.09595393345386483,0.06247569789862074,0.08544303993622926,2.1172168482759685e-05,25,112,0.0918152737575799,0.2678605031075627,True,False,True,2.1111704585543062e-07,COMPLETE
1871,0.4333199799060822,2025-04-08 08:11:18.963255,2025-04-08 08:11:28.439396,0 days 00:00:09.476141,0.27410717941592483,0.6115003197186465,16,0.047227556748987404,0.27612839742296064,0.08272039381888822,0.09338759460549179,0.06761117139802732,0.07989141221658615,2.4891398978755825e-05,24,115,0.09601940186925782,0.22418062500445982,True,False,True,1.6275255365965083e-07,COMPLETE
1872,0.44819371700286864,2025-04-08 08:11:29.053308,2025-04-08 08:11:38.698950,0 days 00:00:09.645642,0.3160614562712125,0.5399964410068888,16,0.03256357980872465,0.28594408664694365,0.08431818815733894,0.08631480240697458,0.06499917596798907,0.08355314190663096,3.251224673220208e-05,25,118,0.09998157115125615,0.21451447828344442,True,False,True,3.682290235131847e-07,COMPLETE
1873,0.444159346818924,2025-04-08 08:11:39.320830,2025-04-08 08:11:49.080019,0 days 00:00:09.759189,0.2941896757944947,0.5775673748306912,16,0.04333326767632473,0.2771896055423272,0.08046401025947149,0.09072931230415643,0.06642619137955943,0.08601153396087437,1.8153619872814706e-05,26,120,0.09552716385223714,0.23024550942420613,True,False,True,2.460955576983092e-07,COMPLETE
1874,0.43258256316185,2025-04-08 08:11:49.676881,2025-04-08 08:12:10.686017,0 days 00:00:21.009136,0.266563875081339,0.5522209191594022,2,0.04993748404131838,0.2925084839711373,0.07530037040605524,0.08829196072779179,0.06957884090225355,0.08291714021806863,2.624112604116225e-05,25,127,0.09829025475885604,0.24633908383961656,True,False,True,3.015230606667733e-07,COMPLETE
1875,0.22451952099800113,2025-04-08 08:12:11.309912,2025-04-08 08:12:20.629924,0 days 00:00:09.320012,0.3348880294633121,0.6911283174780042,16,0.07481330122281299,0.2737604030963049,0.09063682058221091,0.09781390211783143,0.06007496139996105,0.04735241367140769,4.0202555287925835e-05,24,109,0.09158470717898014,0.23868216805869297,True,False,True,2.0664588372565673e-07,COMPLETE
1876,0.08486338257789612,2025-04-08 08:12:21.229038,2025-04-08 08:12:28.367793,0 days 00:00:07.138755,0.24935322349955213,0.5331203956862131,16,0.06172910027875166,0.2998925922730105,0.07961748274279687,0.0945445654272707,0.06338267033237534,0.07858956632849154,2.2020020692144198e-05,6,123,0.017981677382630498,0.2198105552518676,True,False,True,5.002139977641187e-07,COMPLETE
1877,0.4482850253582001,2025-04-08 08:12:28.987416,2025-04-08 08:12:38.726158,0 days 00:00:09.738742,0.30996642674410424,0.5768342106743044,16,0.04018250827245932,0.2835452622045802,0.07710790618659967,0.08186745445221014,0.07265428772219047,0.08162184999274535,2.8822847184672762e-05,26,116,0.09388346383524229,0.2607683668799889,True,False,True,1.6421932533173072e-07,COMPLETE
1878,0.4469825506210327,2025-04-08 08:12:39.355124,2025-04-08 08:12:48.960091,0 days 00:00:09.604967,0.28763248699013755,0.6045098027397865,16,0.03285146345392296,0.2600228175249482,0.08818711108698964,0.09154046343834402,0.06758212714175175,0.08479513290286501,2.0502461649797475e-05,25,112,0.09732571906747225,0.2235962606092748,True,False,True,2.0864553917105015e-07,COMPLETE
1879,0.41483242511749274,2025-04-08 08:12:49.562243,2025-04-08 08:12:58.308855,0 days 00:00:08.746612,0.5993264421833122,0.5564168621879959,16,0.05538470894412969,0.27352234281211757,0.08206454236519047,0.08871741452547964,0.06495383049909563,0.08644864396014411,1.4892564979311694e-05,15,119,0.09563348899010526,0.23023599116436855,True,False,False,1.4874785319039048e-07,COMPLETE
1880,0.4347447276115418,2025-04-08 08:12:58.932065,2025-04-08 08:13:08.836332,0 days 00:00:09.904267,0.34666382708920185,0.5376282039077146,16,0.045616514528139786,0.2796516844972341,0.08479670088392342,0.08465094290287552,0.07074003784567162,0.08039469400560925,3.4086113071288943e-05,26,124,0.09808650079902057,0.23967454714008368,True,False,True,3.303068530202862e-07,COMPLETE
1881,0.4479392766952515,2025-04-08 08:13:09.439069,2025-04-08 08:13:18.999068,0 days 00:00:09.559999,0.2691111138959165,0.5812768498909948,16,0.03923800818978679,0.2880271949671683,0.0784048346463214,0.09329931301278777,0.06865764400408131,0.08319982465775665,2.4730546073762278e-05,25,115,0.09392939927091841,0.21043887859844962,True,False,True,2.537610223691082e-07,COMPLETE
1882,0.2955012500286103,2025-04-08 08:13:19.620188,2025-04-08 08:13:28.245930,0 days 00:00:08.625742,0.3238331308320382,0.5606820943291042,16,0.053764242040425986,0.27185971574540285,0.0810240557986863,0.09655260626036273,0.061831102972189134,0.07642621803135206,1.8922410689048117e-05,27,18,0.0967264629699573,0.25526536327576027,True,False,True,5.512613283321995e-07,COMPLETE
1883,0.4444893538951874,2025-04-08 08:13:28.845050,2025-04-08 08:13:38.650290,0 days 00:00:09.805240,0.3689923292562255,0.5959429386055762,16,0.04785798644294067,0.2994925460532429,0.07683534147266596,0.09042840242698306,0.0658004801267246,0.08629650857089259,2.7552532925775083e-05,26,120,0.0981162004461582,0.2127023420358065,True,False,True,1.6728369463464836e-07,COMPLETE
1884,0.4472165822982789,2025-04-08 08:13:39.277234,2025-04-08 08:13:48.775755,0 days 00:00:09.498521,0.29644087307809025,0.6251163470886448,16,0.036980759741876396,0.2601591904434259,0.08014757873510099,0.08779298708160975,0.07338539255982349,0.07273635354288734,2.2651740192627484e-05,24,117,0.09181623451336689,0.23296373921576236,True,False,True,3.804622515479136e-07,COMPLETE
1885,0.39570739269256594,2025-04-08 08:13:49.378648,2025-04-08 08:13:58.897291,0 days 00:00:09.518643,0.2749975673051154,0.5305722851294532,16,0.032385156200713694,0.282196156083526,0.08268881896167378,0.08625103600393048,0.0676914968730272,0.08432715521348032,3.949053205036171e-05,25,111,0.09530512904820879,0.24848310820377192,True,True,True,1.5670815058051894e-07,COMPLETE
1886,0.11410563290119172,2025-04-08 08:13:59.501459,2025-04-08 08:14:09.277605,0 days 00:00:09.776146,0.3080464628957473,0.6448777326854077,16,0.1584584693806595,0.1650112530993836,0.08540686909585757,0.09510134227749124,0.06426477911909137,0.06579453596707154,1.7625552432622584e-05,27,114,0.09358079366158767,0.22139725774739244,True,False,True,3.4012098073070827e-06,COMPLETE
1887,0.4124454319477081,2025-04-08 08:14:09.898412,2025-04-08 08:14:19.742298,0 days 00:00:09.843886,0.32525889221975945,0.5544368718227437,16,0.0652458117486735,0.2926782260825347,0.07503647970528672,0.09149955842351061,0.011515154072822734,0.08210082193008472,3.265977299341138e-05,26,122,0.09668262557831367,0.24265301448330015,True,False,True,2.3035425202212788e-07,COMPLETE
1888,0.4363221287727356,2025-04-08 08:14:20.370420,2025-04-08 08:14:29.946481,0 days 00:00:09.576061,0.5220307751651279,0.5766997659190507,16,0.043476772725815,0.2687019947924879,0.07932887521482579,0.09775508196701115,0.0707787350983738,0.07929241534391517,2.5517819016117123e-05,25,118,0.09996370987162612,0.2260332785212747,True,False,True,1.8170242287485027e-07,COMPLETE
1889,0.4474949061870575,2025-04-08 08:14:30.548137,2025-04-08 08:14:40.360042,0 days 00:00:09.811905,0.2559977801150454,0.5294860181822278,16,0.049607814498942235,0.2779868086157751,0.08312943880436295,0.09321844169641016,0.0582426600367688,0.0853890563295903,2.0919571291089573e-05,26,124,0.09561188369896577,0.23636640584342242,True,False,True,3.0183879662859234e-07,COMPLETE
1890,0.4146511673927307,2025-04-08 08:14:40.983790,2025-04-08 08:14:50.314465,0 days 00:00:09.330675,0.2887666691823597,0.6046973327025553,16,0.05629743166525019,0.263777099586283,0.07774478116809244,0.08467925742493869,0.06648166548638863,0.08134269364850923,2.9576230076988006e-05,24,109,0.09826718110109138,0.21736725926335815,True,False,True,7.31657863799113e-07,COMPLETE
1891,0.21419459581375125,2025-04-08 08:14:50.915907,2025-04-08 08:15:11.896643,0 days 00:00:20.980736,0.2460985719135636,0.5457219946329258,2,0.04236725210416894,0.28603121626485484,0.0809104744105326,0.08946167835885428,0.06925545653217433,0.0864134305209882,1.593176111377948e-05,25,121,0.09390534685879116,0.012827235196451486,True,False,True,2.103220909751935e-07,COMPLETE
1892,0.44262332916259767,2025-04-08 08:15:12.522169,2025-04-08 08:15:22.538724,0 days 00:00:10.016555,0.35072082405970967,0.570985135341437,16,0.03199958346355136,0.2712643788028409,0.08636031971724457,0.08657999271663114,0.06276892433310285,0.08347709345147142,2.3833222626588124e-05,26,126,0.09659361192267195,0.22915221770043737,True,False,True,1.5298033426813546e-07,COMPLETE
1893,0.17468298673629762,2025-04-08 08:15:23.174894,2025-04-08 08:15:32.905669,0 days 00:00:09.730775,0.3066113127892554,0.5229054761647205,16,0.14738368678878228,0.2601041832362455,0.07507782121799061,0.09173943897041566,0.07114476406860702,0.07764900855641313,4.002485871974537e-05,27,114,0.09523477872731825,0.23658373143239342,True,False,True,2.64717149126744e-07,COMPLETE
1894,0.40914362072944643,2025-04-08 08:15:33.513434,2025-04-08 08:15:43.085211,0 days 00:00:09.571777,0.27859757400059315,0.5880717221048519,16,0.04947536182816999,0.17365055965736986,0.08311957958967114,0.08277512890093003,0.06458053016303732,0.08681929486001654,3.330854970342789e-05,25,118,0.09821801537404694,0.2515968689291864,True,False,True,1.1308769581297107e-06,COMPLETE
1895,0.44604753255844115,2025-04-08 08:15:43.717172,2025-04-08 08:15:53.494238,0 days 00:00:09.777066,0.3311986781587561,0.5571755238965862,16,0.03834169754246478,0.27675106032648905,0.07862432776568314,0.09583707022743862,0.06784895218401339,0.0840565665706455,2.024661860888113e-05,26,113,0.09142771176031286,0.21864705416183305,True,False,True,1.4938392272472487e-07,COMPLETE
1896,0.11851821690797806,2025-04-08 08:15:54.098195,2025-04-08 08:16:03.640002,0 days 00:00:09.541807,0.2949532396537872,0.6143554602781021,16,0.1287270120213143,0.29972109724135987,0.08121966554725348,0.08938908917390592,0.060244596748413926,0.08145511567599181,2.8414703810161348e-05,25,116,0.09993402980131229,0.2782744106292647,True,False,True,2.3026674475209182e-06,COMPLETE
1897,0.42850462794303895,2025-04-08 08:16:04.266924,2025-04-08 08:16:13.781594,0 days 00:00:09.514670,0.2510132394081719,0.5413262958388045,16,0.044132974594185054,0.2917058332634683,0.08843007811593448,0.09443175195204048,0.07375327260749824,0.06993651326529213,2.389221015678032e-05,24,120,0.09335257506190733,0.2099045356885905,True,False,True,4.1069613300742254e-07,COMPLETE
1898,0.42938662171363834,2025-04-08 08:16:14.385866,2025-04-08 08:16:25.159219,0 days 00:00:10.773353,0.31522790529703637,0.5689216183842267,16,0.05912985991852836,0.2663203355941117,0.07716747172396106,0.09790566862143228,0.06633303069608955,0.07938962551455676,1.6262890345187833e-05,27,131,0.09688926411504285,0.244758823384171,True,False,False,1.568164746135916e-06,COMPLETE
1899,0.4446875154972077,2025-04-08 08:16:25.784701,2025-04-08 08:16:35.491317,0 days 00:00:09.706616,0.2697894037079695,0.525874761506342,16,0.05261347072886437,0.28279639536670126,0.08439009081172945,0.09162821725607373,0.06884242353419054,0.08489565549195659,2.9251449087588604e-05,26,111,0.09999772162347352,0.22619225128583811,True,False,True,1.9673010113301976e-07,COMPLETE
1900,0.44636422395706177,2025-04-08 08:16:36.127796,2025-04-08 08:16:45.954178,0 days 00:00:09.826382,0.2933810284083382,0.5909896726434437,16,0.036312333352458606,0.2719866813315882,0.07957485476338493,0.08754000169785534,0.06334283329659972,0.08670635703626285,2.0422226715503472e-05,26,123,0.09810016854645445,0.2316533314169204,True,False,True,2.6691001734741814e-07,COMPLETE
1901,0.4197914183139801,2025-04-08 08:16:46.562971,2025-04-08 08:16:56.448539,0 days 00:00:09.885568,0.33557807522375727,0.5544135873192059,16,0.044824900062044565,0.25973945461605086,0.08179240184449059,0.0930883514621483,0.07184160505481413,0.08318625865969413,4.019873154727324e-05,25,127,0.09521843390043566,0.21360346621939044,True,False,True,1.4929764748373475e-07,COMPLETE
1902,0.45140680074691775,2025-04-08 08:16:57.074277,2025-04-08 08:17:06.803518,0 days 00:00:09.729241,0.2729952317339883,0.5264655188119259,16,0.038905037486327766,0.2882526564856819,0.07544058807836178,0.08922280997379631,0.06600601599049369,0.07546943707962518,2.50603744051568e-05,26,118,0.09676602369863822,0.2229624534589953,True,False,True,3.2630917561097253e-07,COMPLETE
1903,0.42954931259155277,2025-04-08 08:17:07.406415,2025-04-08 08:17:16.935059,0 days 00:00:09.528644,0.25514806451366506,0.5255155145331033,16,0.05851962048434703,0.2914699351864196,0.07521385280525662,0.08415942125090849,0.0623006289159018,0.07385638604350021,3.287643571015809e-05,25,114,0.09795052862409767,0.22294883232377927,True,False,True,5.267061178328782e-07,COMPLETE
1904,0.42205850481987,2025-04-08 08:17:17.566524,2025-04-08 08:17:26.950120,0 days 00:00:09.383596,0.24682649739648158,0.5093581910590081,16,0.04837413259767206,0.2937825477407704,0.07496591174711756,0.08701843726759063,0.06438082001437799,0.0745896467022133,2.7261855615895885e-05,24,109,0.09810384851376439,0.22025734595133312,True,False,True,3.648580377320087e-07,COMPLETE
1905,0.4009772658348084,2025-04-08 08:17:27.581393,2025-04-08 08:17:37.324681,0 days 00:00:09.743288,0.2745103077991962,0.631959458577703,16,0.0531647280312721,0.28801847786307905,0.07413443439272321,0.08063465649182204,0.06519741570901964,0.0770738519585357,1.809473659128523e-05,27,117,0.09998749327487073,0.2163005632810913,True,True,True,4.3881494652752793e-07,COMPLETE
1906,0.4457036256790161,2025-04-08 08:17:37.940068,2025-04-08 08:17:47.552674,0 days 00:00:09.612606,0.2641087313613925,0.5267545343602742,16,0.04235152724793482,0.29164829103266116,0.07561925596033037,0.09985913319774048,0.0609773262501168,0.0753975569977573,2.257109801470945e-05,26,112,0.09667178666986154,0.2240984349204854,True,False,True,3.178796948320012e-07,COMPLETE
1907,0.23837834000587466,2025-04-08 08:17:48.185739,2025-04-08 08:17:57.746404,0 days 00:00:09.560665,0.2504062393735461,0.5109622106690314,16,0.06906824956063347,0.2991725612756605,0.0745943915866952,0.08520264457457906,0.06571437122528855,0.07327241507986346,1.4823960177154154e-05,25,116,0.09836407782712585,0.23007715269688056,True,False,True,3.735032652413447e-07,COMPLETE
1908,0.44330983161926274,2025-04-08 08:17:58.356605,2025-04-08 08:18:07.810756,0 days 00:00:09.454151,0.270729354601559,0.5445761101285701,16,0.04755188803217279,0.29981764631734065,0.07693408937790826,0.0886758155358744,0.06314345779436316,0.07655308194419434,3.587025521817339e-05,24,115,0.09999061450251584,0.2248396677016671,True,False,True,5.650299758778627e-07,COMPLETE
1909,0.44810429811477664,2025-04-08 08:18:08.450740,2025-04-08 08:18:18.234747,0 days 00:00:09.784007,0.28277271998532344,0.6114620419358896,16,0.037927171835540605,0.2870598986615778,0.07654088067507359,0.08880404411748499,0.06595240765147928,0.07215361541773664,2.668586093428073e-05,27,118,0.09665607259376231,0.21550301451680462,True,False,True,4.420857988363856e-07,COMPLETE
1910,0.4395888507366181,2025-04-08 08:18:18.850921,2025-04-08 08:18:27.460387,0 days 00:00:08.609466,0.2466919332547193,0.6560982021606455,16,0.03196306718724068,0.2927790801943818,0.0769626601577391,0.0967174343852365,0.06383064134308357,0.07641810448439469,2.036012540172715e-05,26,25,0.09659927979566305,0.23623771487894457,True,False,True,3.342864207347591e-07,COMPLETE
1911,0.4150622308254242,2025-04-08 08:18:28.095926,2025-04-08 08:18:37.589384,0 days 00:00:09.493458,0.264572768336583,0.5874241355661568,16,0.0624248774314234,0.2932570592671204,0.07445136785098246,0.08695698697609622,0.008479312853810775,0.07390184975005767,3.159038658920315e-05,25,109,0.09659655183165139,0.22857764566031577,True,False,True,2.9365811231043475e-07,COMPLETE
1912,0.13448628187179568,2025-04-08 08:18:38.206700,2025-04-08 08:18:47.885436,0 days 00:00:09.678736,0.28083267320043986,0.5651721403040533,16,0.2642958741992805,0.29971001081942183,0.07822580318755776,0.08230489784071363,0.06163696384001286,0.06986884461804946,2.3506295792486297e-05,26,112,0.09835067617543222,0.22097665234089053,True,False,True,4.259345598111774e-07,COMPLETE
1913,0.2998331904411316,2025-04-08 08:18:48.525943,2025-04-08 08:19:09.316699,0 days 00:00:20.790756,0.2479102572164616,0.5183952620593468,2,0.053013698937681555,0.2875467847740895,0.07630851209282122,0.0907259202329077,0.06642089326897854,0.07486749627218306,2.8157016476279588e-05,25,119,0.09516740143970658,0.20960618293696467,True,False,True,2.723504220122281e-07,COMPLETE
1914,0.4468521177768707,2025-04-08 08:19:09.927497,2025-04-08 08:19:19.677965,0 days 00:00:09.750468,0.28762922371353494,0.543256993188523,16,0.042680744100188114,0.28643948911787115,0.0748783509029037,0.09378872440284479,0.06685532049650057,0.07797987324838124,1.7402493794830204e-05,27,115,0.099994065196162,0.2391364106010596,True,False,True,6.642782634933509e-07,COMPLETE
1915,0.43889064788818366,2025-04-08 08:19:20.311975,2025-04-08 08:19:30.049428,0 days 00:00:09.737453,0.26683939215871555,0.571146614376527,16,0.04860583026250293,0.2835162212561465,0.08737155185683114,0.08463195431450252,0.05572527233786446,0.0766771324649035,3.926244112549625e-05,26,120,0.09779441775564778,0.23126991729072363,True,False,True,3.471463011308001e-07,COMPLETE
1916,0.4427037239074707,2025-04-08 08:19:30.665374,2025-04-08 08:19:38.818496,0 days 00:00:08.153122,0.29271185745288375,0.5335258738542936,16,0.032069163379511725,0.2998109832239568,0.07839404128177224,0.08901506334806689,0.0640926714502962,0.07826757823540943,1.3467541933420567e-05,13,122,0.09999791976091328,0.2189023703658598,True,False,True,2.4492678718939387e-07,COMPLETE
1917,0.42995150089263917,2025-04-08 08:19:39.453868,2025-04-08 08:19:49.566341,0 days 00:00:10.112473,0.2453291663587439,0.5003861922558911,16,0.037353507595361254,0.28584171223305627,0.07893527670434615,0.09175702846981344,0.058885233788982486,0.07899075929887177,2.2728189352530546e-05,25,114,0.09521681506326951,0.22540222812705235,True,False,False,3.215991336309236e-07,COMPLETE
1918,0.42398834824562076,2025-04-08 08:19:50.189722,2025-04-08 08:19:59.648461,0 days 00:00:09.458739,0.30769790796249086,0.6255795181682956,16,0.04359970485334921,0.2935228899972974,0.08961541450520377,0.08664328501997,0.06719775656780233,0.06794330640761093,1.0097112704906616e-05,24,117,0.09800151240597742,0.2133454253299206,True,False,True,2.4383902214798983e-07,COMPLETE
1919,0.4009084105491638,2025-04-08 08:20:00.286818,2025-04-08 08:20:09.786501,0 days 00:00:09.499683,0.2686614136507994,0.6039192747137198,16,0.05899402410261495,0.28079815946119163,0.07670788801590589,0.09545081101408105,0.06527496080870807,0.07526867906493777,3.208625266748301e-05,25,111,0.09388575139099004,0.23401344930133353,True,False,True,5.033474874559949e-07,COMPLETE
1920,0.42330826520919806,2025-04-08 08:20:10.400824,2025-04-08 08:20:20.195000,0 days 00:00:09.794176,0.3004265999713362,0.5579331691677893,16,0.051836717462231084,0.2856784082090139,0.08587734878998324,0.09826204538559632,0.06222376612857828,0.07282231749676561,1.9355271212070953e-05,26,118,0.09628961437897368,0.24001537626633065,True,False,True,7.709325651307928e-07,COMPLETE
1921,0.4497970759868622,2025-04-08 08:20:20.831231,2025-04-08 08:20:30.770251,0 days 00:00:09.939020,0.31655610731879386,0.582745250169546,16,0.03211308132359084,0.29036982007380024,0.07956766707878635,0.090119466915563,0.06841609187355832,0.0794151958476039,2.4578490419216373e-05,27,122,0.09815370370892401,0.2265004134365518,True,False,True,2.2522435662259338e-07,COMPLETE
1922,0.44066996574401857,2025-04-08 08:20:31.383708,2025-04-08 08:20:41.094026,0 days 00:00:09.710318,0.4425640638451612,0.5383705222490807,16,0.041978537982501576,0.2998196720284801,0.07495198122329136,0.09304746594764934,0.0644907727409658,0.07807420832107335,2.774266562838241e-05,26,114,0.09326992797863189,0.21970608074785197,True,False,True,3.794046725357364e-07,COMPLETE
1923,0.40334505438804624,2025-04-08 08:20:41.732790,2025-04-08 08:20:51.342521,0 days 00:00:09.609731,0.2826827346595272,0.5143243579656984,16,0.047311048986789075,0.2029687507006217,0.0836439316219925,0.09500940851668972,0.06732647259135315,0.07128773238820596,4.0631319288116147e-05,24,124,0.0958794808253275,0.20853692737862606,True,True,True,3.2500818436179017e-07,COMPLETE
1924,0.41742374897003176,2025-04-08 08:20:51.952334,2025-04-08 08:21:01.444300,0 days 00:00:09.491966,0.36894938901295377,0.5627308987779904,16,0.05476439237074126,0.2827435235200668,0.0780796721622818,0.08851079807665713,0.060509834723992226,0.07612981671345777,1.7365782407679204e-05,25,117,0.09664866123478803,0.24472857731931089,True,False,True,5.62943055784673e-07,COMPLETE
1925,0.44179152846336367,2025-04-08 08:21:02.082782,2025-04-08 08:21:09.497327,0 days 00:00:07.414545,0.2658108455581157,0.5942049104887671,16,0.03800485485853207,0.2799664768134909,0.08151264524919974,0.08611781463064846,0.06265928938140479,0.08024616568881723,3.406764360050752e-05,8,109,0.09842714335604946,0.26051804374373494,True,False,True,2.850312901876536e-07,COMPLETE
1926,0.4450045168399811,2025-04-08 08:21:10.136161,2025-04-08 08:21:19.891016,0 days 00:00:09.754855,0.4066184706180865,0.5213547053307463,16,0.047244813695072184,0.29313940906151736,0.08014162086825866,0.09145993055311964,0.06525036166792722,0.08121069328711764,2.18023314828788e-05,26,120,0.09424662600787742,0.23440797384500883,True,False,True,2.0843651172329224e-07,COMPLETE
