number,value,datetime_start,datetime_complete,duration,params_alpha-eval,params_alpha-train,params_batch-size,params_eps-eval,params_eps-train,params_lambda-actions-eval,params_lambda-actions-train,params_lambda-frames-eval,params_lambda-frames-train,params_learning-rate,params_n-epochs,params_n-frames,params_radius-gw,params_rho,params_std-feats,params_ub-actions,params_ub-frames,params_weight-decay,state
1358,0.3877413809299469,2025-04-08 06:40:42.667324,2025-04-08 06:40:52.371201,0 days 00:00:09.703877,0.8826495342185889,0.5710581486941461,16,0.03852080622652967,0.26340428369852786,0.07416293675882307,0.0969879486542979,0.06801515773500486,0.09293011940497624,2.4106316676311546e-05,27,110,0.09791743842305158,0.20109346320761606,True,False,True,1.3073526030083847e-07,COMPLETE
1359,0.23417174220085146,2025-04-08 06:40:52.805118,2025-04-08 06:41:02.219819,0 days 00:00:09.414701,0.2590378053159764,0.6196598507377669,16,0.04667601785479512,0.2714533057109069,0.07842147565789064,0.06640408657058529,0.07011524287037885,0.09527667627907213,1.5096481436433333e-05,25,100,0.09988799646022273,0.18546822015368047,True,False,True,2.0787882384566006e-07,COMPLETE
1360,0.19197869002819062,2025-04-08 06:41:02.676575,2025-04-08 06:41:12.081395,0 days 00:00:09.404820,0.2514046956229853,0.551846532108986,16,0.03452449288343209,0.2658834385716571,0.074025835503909,0.09466817809899941,0.06905988614725007,0.09166814116063077,1.9929885468646815e-05,26,103,0.021902255709774276,0.19512841778921858,True,False,True,1.4819480438799415e-07,COMPLETE
1361,0.24078421592712404,2025-04-08 06:41:12.520311,2025-04-08 06:41:22.173712,0 days 00:00:09.653401,0.2862028527607153,0.5869305559548615,16,0.053762166456195463,0.254669677023777,0.07608090748104826,0.09239741572508628,0.07138487557912877,0.0935923636727024,1.7055354846710184e-05,27,106,0.09709376457102888,0.1914625169112339,True,False,True,1.6207656525514235e-07,COMPLETE
1362,0.41918787360191345,2025-04-08 06:41:22.611270,2025-04-08 06:41:32.296269,0 days 00:00:09.684999,0.305579216429379,0.5706031459270517,16,0.042753326969113895,0.27295392697003207,0.0822092786147767,0.09416117964143195,0.07260760914248243,0.06033083446064033,2.1793484510524694e-05,28,101,0.09492845917354191,0.17949417784297936,True,False,True,1.1742691275027657e-07,COMPLETE
1363,0.4503278791904449,2025-04-08 06:41:32.730063,2025-04-08 06:41:42.270813,0 days 00:00:09.540750,0.25608353777790355,0.5436234461074779,16,0.04679379373334751,0.26201930361503295,0.07234125083274907,0.09275061087640785,0.06870075820868343,0.08710597244602386,2.4174667500985396e-05,26,114,0.0998866917553898,0.18557512663348033,True,False,True,1.3597945928293857e-07,COMPLETE
1364,0.2093748986721039,2025-04-08 06:41:42.708403,2025-04-08 06:41:52.543165,0 days 00:00:09.834762,0.3640656305408613,0.5305780515212872,16,0.06640072227741768,0.25900777379871837,0.07373409345681273,0.09161230219718013,0.06779093412819948,0.08692525950306589,1.3450097224060547e-05,27,116,0.0999238436727454,0.1839206955998554,True,False,True,2.0114657082750886e-07,COMPLETE
1365,0.43281835317611694,2025-04-08 06:41:52.977262,2025-04-08 06:42:03.163086,0 days 00:00:10.185824,0.2905203565660105,0.5318515547705552,16,0.05070435569052465,0.25891949621759575,0.07228090985287987,0.09283682495494015,0.06712734574164915,0.08636220611218307,1.860232804457664e-05,26,114,0.09808703172552985,0.18887461632267585,True,False,False,2.698258636266755e-07,COMPLETE
1366,0.4232541084289551,2025-04-08 06:42:03.598523,2025-04-08 06:42:11.832707,0 days 00:00:08.234184,0.33748016898818334,0.5459049079502333,16,0.04620909938062903,0.25336620175037344,0.07449356800122375,0.09374055974773855,0.06438400281116842,0.08688513836102059,2.3896583183889766e-05,15,113,0.09819200162374095,0.2105525287066195,True,False,True,1.5134589192438433e-07,COMPLETE
1367,0.2057992100715637,2025-04-08 06:42:12.291742,2025-04-08 06:42:21.736968,0 days 00:00:09.445226,0.2560513825745819,0.5634980121028867,16,0.05250293981434986,0.25777638851482204,0.07549648200026526,0.08449675676210114,0.06422294624988349,0.08749763455241807,1.5861154603464582e-05,25,110,0.09980773421240013,0.18166296536579107,True,False,True,9.925486930697255e-08,COMPLETE
1368,0.29280837774276736,2025-04-08 06:42:22.174100,2025-04-08 06:42:31.977879,0 days 00:00:09.803779,0.2689293016376751,0.5325087332456183,16,0.04528367520833091,0.26300065319632865,0.07186390965920032,0.09791105448664705,0.06834898597280427,0.08868841758731312,1.207158986114083e-05,28,109,0.09998630362128738,0.20270327539378213,True,False,True,1.944366756033031e-07,COMPLETE
1369,0.4353805422782898,2025-04-08 06:42:32.413053,2025-04-08 06:42:42.142051,0 days 00:00:09.728998,0.28381942412591027,0.560723542881546,16,0.04346826349391138,0.25320864424869466,0.0727471728463332,0.09664813510095402,0.061025656245197374,0.08889726591572215,1.9306711665251904e-05,27,110,0.09658158891912985,0.1944407778088077,True,False,True,1.3852073825474985e-07,COMPLETE
1370,0.3993642330169678,2025-04-08 06:42:42.577417,2025-04-08 06:42:52.226463,0 days 00:00:09.649046,0.31473783355586,0.591770412489387,16,0.04859358851177988,0.26236453865913956,0.07372814270914162,0.09577002833944719,0.06935020203128246,0.08659966709322736,2.589252247960835e-05,26,120,0.09786023305970726,0.18658633190072166,True,True,True,1.0848694476003274e-07,COMPLETE
1371,0.26496540904045107,2025-04-08 06:42:52.662618,2025-04-08 06:43:02.404415,0 days 00:00:09.741797,0.2630627028448755,0.5482893298142053,16,0.059232112455512034,0.25484997783340596,0.07793483477958149,0.09483485565121114,0.06619945561492059,0.08900686535037215,2.0733045449334013e-05,27,111,0.09994752269380752,0.1779542484469916,True,False,True,7.519980011705641e-07,COMPLETE
1372,0.24186679720878604,2025-04-08 06:43:02.837720,2025-04-08 06:43:12.674953,0 days 00:00:09.837233,0.24213841295896588,0.5296912064463783,16,0.05603310595632195,0.2643578094323246,0.07599188262046289,0.0876128238712535,0.06283704781959744,0.09043034385649572,1.5230429685177435e-05,28,106,0.09656497150152825,0.19703359834575004,True,False,True,8.52998971369607e-08,COMPLETE
1373,0.4147329568862915,2025-04-08 06:43:13.147390,2025-04-08 06:43:22.728874,0 days 00:00:09.581484,0.2771806844086748,0.5774556409511304,16,0.038856958717833984,0.08019476111116892,0.07159456024941102,0.08919431171761703,0.06966228933312739,0.0868840575229437,2.482346224692135e-05,25,116,0.0980275155123352,0.1882669067477831,True,False,True,1.32218684109973e-07,COMPLETE
1374,0.412788724899292,2025-04-08 06:43:23.169961,2025-04-08 06:43:32.643977,0 days 00:00:09.474016,0.25200918926048116,0.5538989859179425,16,0.03801870405981217,0.2510991515949353,0.07092182165470125,0.09249017623432348,0.0676316049012424,0.08941973932324189,1.7212016434988784e-05,26,105,0.09511646689437377,0.17179674383539878,True,False,True,2.419267639085955e-07,COMPLETE
1375,0.25673756599426273,2025-04-08 06:43:33.082810,2025-04-08 06:43:42.726814,0 days 00:00:09.644004,0.2506259372926477,0.6355065000048973,16,0.043735460714913646,0.2584732048437993,0.08427255444492147,0.08868055902955733,0.07014492783702686,0.08668282307889402,2.1465591262928878e-05,27,103,0.09633178512095829,0.1635436026482589,True,False,True,4.908865248836739e-07,COMPLETE
1376,0.26033446192741394,2025-04-08 06:43:43.167865,2025-04-08 06:43:53.052611,0 days 00:00:09.884746,0.24587786764837316,0.6045533320423484,16,0.05041408567313556,0.2659130038394087,0.07348503532423038,0.09155682480963928,0.06496847348280067,0.09064598464902328,1.3427238167337806e-05,28,114,0.09989175422131621,0.22063191857894993,True,False,True,1.6164331602676002e-07,COMPLETE
1377,0.4517144620418549,2025-04-08 06:43:53.492408,2025-04-08 06:44:03.169092,0 days 00:00:09.676684,0.27767986991372556,0.5308544856271711,16,0.03703826214248318,0.26022998545214193,0.07936965238752858,0.090015401294995,0.07171496204012161,0.08906376788076285,2.6029550192242796e-05,26,112,0.09683345577602068,0.18116136088972645,True,False,True,9.900938916392314e-08,COMPLETE
1378,0.44965513944625857,2025-04-08 06:44:03.609171,2025-04-08 06:44:13.286162,0 days 00:00:09.676991,0.30569457918734877,0.5406973485519282,16,0.03841913749664545,0.26634458439514663,0.08030125303637765,0.0902968523094538,0.07095706817432165,0.09112371110512338,2.4818979789123897e-05,26,120,0.09462641054930991,0.18173915426956322,True,False,True,1.0786176576217998e-07,COMPLETE
1379,0.45178784728050236,2025-04-08 06:44:13.746764,2025-04-08 06:44:23.382991,0 days 00:00:09.636227,0.30868087222420854,0.536664492211585,16,0.04386276118471266,0.26690112738460214,0.07994932423426249,0.09676600870742845,0.07024683524463608,0.08898538302318414,2.4496107294943936e-05,26,115,0.09468268519189152,0.18186248295563484,True,False,True,1.1367384819456223e-07,COMPLETE
1380,0.41945348978042607,2025-04-08 06:44:23.825076,2025-04-08 06:44:33.586707,0 days 00:00:09.761631,0.32816769847748195,0.5331237395136135,16,0.04891028911785221,0.2708293272988082,0.07969125713543378,0.09388594997936299,0.0678199963622076,0.08870803588098937,2.100559127728241e-05,26,119,0.09528510018932547,0.17544852424435628,True,False,True,1.3201283808410481e-07,COMPLETE
1381,0.44469033479690556,2025-04-08 06:44:34.027427,2025-04-08 06:44:43.573063,0 days 00:00:09.545636,0.3411498208578093,0.5453799584838693,16,0.045562059736455024,0.2688292113673449,0.08198776668146378,0.08946190378123056,0.07061423938604623,0.0880257598939478,2.512175433542544e-05,26,114,0.09465134126335868,0.18033034329786202,True,False,True,1.2697786040615408e-07,COMPLETE
1382,0.212214195728302,2025-04-08 06:44:44.015455,2025-04-08 06:44:53.708012,0 days 00:00:09.692557,0.3225858843979012,0.5589960236868804,16,0.06257641171192647,0.2714211107672472,0.0813899056659174,0.09671577842104305,0.06980408913128872,0.08653073893112728,1.9201951247478185e-05,26,117,0.09480342062677644,0.18054434744258022,True,False,True,1.6599746693160246e-07,COMPLETE
1383,0.44098520874977115,2025-04-08 06:44:54.150224,2025-04-08 06:45:04.001274,0 days 00:00:09.851050,0.31347372627242587,0.5348475881800389,16,0.050594038591123984,0.26719732402036345,0.08240390971611426,0.09471882612462963,0.06660031383566353,0.08914022839744448,2.380082620593441e-05,26,120,0.09463160798418273,0.18342181232388738,True,False,True,1.7842169045122207e-07,COMPLETE
1384,0.2258777141571045,2025-04-08 06:45:04.439465,2025-04-08 06:45:14.070281,0 days 00:00:09.630816,0.2617769647370095,0.552692123255451,16,0.05609848695873735,0.27452071274011924,0.079931885505476,0.09073470701831865,0.07145993017617547,0.09008591935560101,1.87330295174169e-05,26,118,0.09645239382667112,0.17564476760318035,True,False,True,1.0690825951588121e-07,COMPLETE
1385,0.4495829403400421,2025-04-08 06:45:14.529947,2025-04-08 06:45:24.215574,0 days 00:00:09.685627,0.31141115622056786,0.5293785779540946,16,0.041357763939625806,0.27737852946411384,0.08395654654245102,0.09323140321371524,0.06797181490111437,0.09107626746850858,2.2090250877391202e-05,26,119,0.09640254745069296,0.18498897326992722,True,False,True,1.0912642548172585e-07,COMPLETE
1386,0.4312091886997223,2025-04-08 06:45:24.659386,2025-04-08 06:45:34.857512,0 days 00:00:10.198126,0.3049995286196576,0.5322210979919108,16,0.05236308683579766,0.27477619955208477,0.08346220647509281,0.09417265916542364,0.06561650806397724,0.08728980085218285,1.7247491604164894e-05,25,120,0.09717348763239937,0.18554787354547375,True,False,False,1.223180496088981e-07,COMPLETE
1387,0.4288164615631104,2025-04-08 06:45:35.304151,2025-04-08 06:45:45.032109,0 days 00:00:09.727958,0.3475118377378799,0.5523052835788216,16,0.043889598856708484,0.27904872709933515,0.08502276360158798,0.0931277508186699,0.06814889719166448,0.08855507776433769,1.9317360002016826e-05,25,124,0.09646555874790409,0.17190977064585924,True,False,True,1.0907787255759612e-07,COMPLETE
1388,0.4459976732730866,2025-04-08 06:45:45.471560,2025-04-08 06:45:55.303735,0 days 00:00:09.832175,0.3269166416067937,0.5292002400513334,16,0.04227378883976445,0.2802846669449371,0.0852392579924001,0.09098721062584254,0.06809808317467506,0.08644002528832648,2.203295485890557e-05,26,118,0.09643443801597833,0.18278063109582776,True,False,True,1.4862873076829422e-07,COMPLETE
1389,0.39817723631858826,2025-04-08 06:45:55.744882,2025-04-08 06:46:05.404326,0 days 00:00:09.659444,0.30865728009876214,0.567871256668264,16,0.04454497870153076,0.2800623022840032,0.08114783089491605,0.0976233591223175,0.06973234371254114,0.08946178175277024,1.577697868379893e-05,26,115,0.09686405720026017,0.19045920608657926,True,False,True,1.0261027956635592e-07,COMPLETE
1390,0.3254709780216217,2025-04-08 06:46:05.870110,2025-04-08 06:46:15.581852,0 days 00:00:09.711742,0.30232755570524594,0.5327084104318488,16,0.052960742246782225,0.27856831096127993,0.08369331102465319,0.09594624917144404,0.06349233306941049,0.09063949395298793,2.176956457110123e-05,25,123,0.09499269545908512,0.17664388992489571,True,False,True,1.8769185077034655e-07,COMPLETE
1391,0.38694526553153996,2025-04-08 06:46:16.028493,2025-04-08 06:46:25.803496,0 days 00:00:09.775003,0.30021661612546013,0.5763189981917527,16,0.06051395979121871,0.27388158917110306,0.08103027337398262,0.08961615163600048,0.06529080532525025,0.09164030615575028,1.6300313884505965e-05,26,122,0.0979438449443021,0.18976119750213494,True,True,True,1.3135402807734916e-07,COMPLETE
1392,0.44201486706733706,2025-04-08 06:46:26.247453,2025-04-08 06:46:35.895112,0 days 00:00:09.647659,0.3386075879348459,0.5511977546534234,16,0.048251613020962064,0.2782167098071879,0.0805815737170976,0.09652111868252083,0.0668093334345731,0.08790128138948448,2.5346964806858555e-05,26,116,0.09503993174453873,0.18091504458750765,True,False,True,1.1146497004689216e-07,COMPLETE
1393,0.427149510383606,2025-04-08 06:46:36.338221,2025-04-08 06:46:45.897539,0 days 00:00:09.559318,0.3136932111479434,0.5277391204480377,16,0.04058257615325905,0.26950041266570174,0.08382721674222891,0.09111991024398221,0.07094836140514639,0.006663790556792615,2.093706884144215e-05,25,119,0.09802756385092175,0.18644640287278702,True,False,True,1.440075192343046e-07,COMPLETE
1394,0.4368749737739563,2025-04-08 06:46:46.340842,2025-04-08 06:46:56.154101,0 days 00:00:09.813259,0.36515370462422314,0.5809455808021863,16,0.039429797240195026,0.2711499361261334,0.08137870299398366,0.09241670202555814,0.06864852052117154,0.08969104433214826,1.3981334845868959e-05,26,123,0.09802014125611087,0.17384729150363645,True,False,True,9.666409681268333e-08,COMPLETE
1395,0.4113839268684387,2025-04-08 06:46:56.596637,2025-04-08 06:47:06.196834,0 days 00:00:09.600197,0.34626927123463314,0.556944597897426,16,0.045928914967614455,0.27969351855151625,0.07955206554973081,0.09712444722535546,0.07075084021181764,0.08588652645083719,1.7788976007451653e-05,26,112,0.09618734366825013,0.19529940288266204,True,False,True,2.1954096312849304e-07,COMPLETE
1396,0.43301520943641664,2025-04-08 06:47:06.663053,2025-04-08 06:47:16.300103,0 days 00:00:09.637050,0.3291263962510204,0.541624028330842,16,0.05786599475470412,0.26837096817176426,0.07884740818419318,0.092749231718643,0.06891576498979354,0.09158557563330713,2.562174966422564e-05,26,118,0.0942638264212578,0.18296548931082177,True,False,True,1.6956205988797195e-07,COMPLETE
1397,0.4474145889282227,2025-04-08 06:47:16.749442,2025-04-08 06:47:26.297006,0 days 00:00:09.547564,0.2959248660191248,0.5729800492701731,16,0.04043444330587071,0.27545078003018225,0.08258433377796844,0.09469837437644821,0.07145569784001896,0.08827349553630306,2.2220686048613275e-05,25,116,0.09631035173119327,0.19063473032570613,True,False,True,1.2122808312269703e-07,COMPLETE
1398,0.3203811287879944,2025-04-08 06:47:26.748555,2025-04-08 06:47:36.331425,0 days 00:00:09.582870,0.3050803805734449,0.5276271314549077,16,0.04847331714063411,0.26755617058198283,0.0853111814345765,0.09059350460153127,0.0723440789950296,0.09174931642828887,1.775646981364378e-05,26,114,0.0980532256355063,0.1800474207015319,True,False,True,9.630851555553022e-08,COMPLETE
1399,0.44841299653053285,2025-04-08 06:47:36.776101,2025-04-08 06:47:46.269384,0 days 00:00:09.493283,0.29043690694086616,0.5480188543872193,16,0.038680083216068625,0.2664259023751172,0.08234474942457762,0.09506977121653139,0.06519545558386615,0.08964827841748432,2.4936867114709753e-05,25,117,0.09455156699296897,0.18791815871813924,True,False,True,1.503103446212086e-07,COMPLETE
1400,0.4491225302219391,2025-04-08 06:47:46.715328,2025-04-08 06:47:56.396345,0 days 00:00:09.681017,0.2953872064637769,0.5916298002434958,16,0.037501005854221975,0.2735620873837526,0.0837680322665915,0.0939430773952764,0.06383641899136536,0.08525170067859822,2.2908804634404497e-05,25,119,0.09407581026895993,0.1963401562371675,True,False,True,1.7654839533629959e-07,COMPLETE
1401,0.4473247528076172,2025-04-08 06:47:56.861906,2025-04-08 06:48:06.449440,0 days 00:00:09.587534,0.3191247703119873,0.6058733787450531,16,0.0370536983004173,0.28162975672306745,0.0857492072376795,0.09248798256841287,0.06118252614995637,0.08607517496280889,2.5468906100394484e-05,25,121,0.09416236578767713,0.20074854733331227,True,False,True,2.753044149217014e-07,COMPLETE
1402,0.44832481145858766,2025-04-08 06:48:06.908411,2025-04-08 06:48:16.495200,0 days 00:00:09.586789,0.3155166629356431,0.6052637633605538,16,0.03554501956352842,0.27831071415203995,0.08396064523568472,0.09559111092042505,0.06214265657654657,0.08631579111342787,2.354483818646982e-05,25,118,0.09477430433720317,0.19825157550483488,True,False,True,2.514911871180391e-07,COMPLETE
1403,0.4461597561836243,2025-04-08 06:48:16.952578,2025-04-08 06:48:26.473681,0 days 00:00:09.521103,0.350177078290555,0.6225582571054176,16,0.037326018451237376,0.28080612386322573,0.08644707103592288,0.09569294944186701,0.06295964193518332,0.08536533885508543,2.508355986145214e-05,25,118,0.09357843078339384,0.20267900312968784,True,False,True,3.2907252315791025e-07,COMPLETE
1404,0.4066076755523682,2025-04-08 06:48:26.921391,2025-04-08 06:48:37.051474,0 days 00:00:10.130083,0.36120846330147915,0.6311484880721813,16,0.03741503744984541,0.28003087643878477,0.0846323847888086,0.09512053378282707,0.06261024372419818,0.08502744277287833,2.5593141637427132e-05,25,122,0.09435257100601287,0.20580018717323614,True,False,False,4.004187752143486e-07,COMPLETE
1405,0.44055270552635195,2025-04-08 06:48:37.502163,2025-04-08 06:48:47.249691,0 days 00:00:09.747528,0.3821866197195475,0.6059780367150529,16,0.04297993286503971,0.27692650290710424,0.08469664082512865,0.09723054534120518,0.06355362422257389,0.08591500197389042,2.284988726797659e-05,25,120,0.09387798906397736,0.19647453771544124,True,False,True,3.228444418267567e-07,COMPLETE
1406,0.41720748543739317,2025-04-08 06:48:47.696946,2025-04-08 06:48:57.251779,0 days 00:00:09.554833,0.32022102857406887,0.6529603166507328,16,0.04600265581083099,0.27358256275937093,0.08481822853827442,0.09750503137300862,0.06205341916912583,0.08598758692106764,2.1682255726340457e-05,25,118,0.09428170564640743,0.19878266600134514,True,False,True,2.2981879652102829e-07,COMPLETE
1407,0.4464209377765656,2025-04-08 06:48:57.721673,2025-04-08 06:49:07.286278,0 days 00:00:09.564605,0.31951097078304125,0.605837637767992,16,0.039544978359805444,0.2799090734229013,0.08588537226758586,0.09420846321301443,0.058941117459289566,0.08500294311288223,2.4585221904975788e-05,25,116,0.09396837946105747,0.21045292827989354,True,False,True,2.527917907048516e-07,COMPLETE
1408,0.44607158899307253,2025-04-08 06:49:07.738258,2025-04-08 06:49:17.394185,0 days 00:00:09.655927,0.3426368735670504,0.5889429395094593,16,0.03461293806954049,0.27332276332597116,0.08215405330912913,0.09393222446727102,0.06032050923268129,0.08815726341554819,2.0692703473333792e-05,25,121,0.09414709435658866,0.19379805827903768,True,False,True,1.6747957642818268e-07,COMPLETE
1409,0.35676547288894656,2025-04-08 06:49:17.842191,2025-04-08 06:49:27.357263,0 days 00:00:09.515072,0.3124159505283514,0.6224570737264828,16,0.051261991824793546,0.28165757745660297,0.08310260680955894,0.0928425312663981,0.06444251234507256,0.08606726597534094,2.646770420013286e-05,25,117,0.09510494399680995,0.19130192307986674,True,False,True,2.104000832210311e-07,COMPLETE
1410,0.40709663629531867,2025-04-08 06:49:27.806491,2025-04-08 06:49:37.484736,0 days 00:00:09.678245,0.29270359335722584,0.5907982450784072,16,0.03618231085901525,0.2724187685777547,0.08275233976259061,0.09987253199564405,0.05725706401571173,0.08694751240883086,2.1372135590211772e-05,25,123,0.09389947396109515,0.19909746478169627,True,True,True,2.3220759915642516e-07,COMPLETE
1411,0.44096373319625853,2025-04-08 06:49:37.931993,2025-04-08 06:49:47.514317,0 days 00:00:09.582324,0.33611176667395515,0.5906978412547044,16,0.048539202938263346,0.28248549971257414,0.08338448264804708,0.08940640373808878,0.06391102266155889,0.08728846602253258,2.6200639033199044e-05,25,120,0.0952040594950116,0.20542589775892434,True,False,True,2.2088474294722675e-07,COMPLETE
1412,0.4492277383804322,2025-04-08 06:49:47.983602,2025-04-08 06:49:57.563512,0 days 00:00:09.579910,0.30018449616165754,0.5765209963273231,16,0.04365323723665716,0.272181579455555,0.08142091089971802,0.09544655945578646,0.06571719676814565,0.08549725752619991,2.6664178004002442e-05,25,117,0.0938413675140658,0.19193282446744206,True,False,True,1.6295402049359388e-07,COMPLETE
1413,0.26615018844604493,2025-04-08 06:49:58.015050,2025-04-08 06:50:07.509027,0 days 00:00:09.493977,0.3223696736541604,0.6370841971924002,16,0.056097557499467765,0.27577362693040924,0.0824311858398679,0.0956894189687709,0.06505305732614802,0.08511656189370186,2.4690503559952866e-05,25,116,0.09354846937195098,0.21342790393600428,True,False,True,2.7446160146222077e-07,COMPLETE
