number,value,datetime_start,datetime_complete,duration,params_alpha-eval,params_alpha-train,params_batch-size,params_eps-eval,params_eps-train,params_lambda-actions-eval,params_lambda-actions-train,params_lambda-frames-eval,params_lambda-frames-train,params_learning-rate,params_n-epochs,params_n-frames,params_radius-gw,params_rho,params_std-feats,params_ub-actions,params_ub-frames,params_weight-decay,state
397,0.42514889240264897,2025-04-08 04:13:23.893714,2025-04-08 04:13:33.205614,0 days 00:00:09.311900,0.08954228956747656,0.8163108469779107,8,0.0215765119597377,0.24078849293895835,0.09673790722894228,0.002693359077167291,0.09780276939687693,0.0800257282907171,0.00025070186704235386,21,90,0.09786351231782899,0.12267907788951064,False,False,True,0.0002751406642421957,COMPLETE
398,0.4425040483474732,2025-04-08 04:13:33.328291,2025-04-08 04:13:42.795761,0 days 00:00:09.467470,0.11196168155325278,0.8392184932555645,8,0.015573714662654219,0.26601447629921715,0.09996957257039434,0.008215968822063931,0.09596564184029001,0.07584494049179365,0.00020885170545880018,22,93,0.09983838546177642,0.13383704238351168,False,False,True,0.00040130153300072343,COMPLETE
399,0.38184553384780884,2025-04-08 04:13:42.930633,2025-04-08 04:13:52.626506,0 days 00:00:09.695873,0.07014916628141371,0.8636456093358144,8,0.02290989527683244,0.25131268112988525,0.09486596491028032,0.004747342578466678,0.09798532796504827,0.07353732182860317,0.0001528195370341558,23,87,0.09395035585135478,0.12661515176155802,False,False,True,0.00020539950230161875,COMPLETE
400,0.4448860228061676,2025-04-08 04:13:52.751495,2025-04-08 04:14:02.492682,0 days 00:00:09.741187,0.13107966968580173,0.8163562390607133,8,0.01566931124018487,0.2603285984129752,0.09760802418977793,0.006785591622888963,0.09599864084179163,0.07822130374911705,9.997411169691264e-05,24,93,0.0977349193936226,0.11243515677898075,False,False,True,0.00028504599954846574,COMPLETE
401,0.441327041387558,2025-04-08 04:14:02.618521,2025-04-08 04:14:12.348244,0 days 00:00:09.729723,0.13424428672032626,0.8216790353320069,8,0.013952193840078866,0.262612069237656,0.09731724844690581,0.0068410091952873335,0.0942957943170039,0.07834305018646219,8.639402791278989e-05,24,89,0.09410955709418217,0.11198909269734933,False,False,True,0.00030786158898088635,COMPLETE
402,0.09055355936288834,2025-04-08 04:14:12.485340,2025-04-08 04:14:22.032620,0 days 00:00:09.547280,0.09972235227047034,0.8105774778254089,8,0.07105140756514408,0.259266082303705,0.09510013660085354,0.010972729324849858,0.09802796856642125,0.08054176321884635,0.00018289443428058826,23,94,0.09764936116930313,0.11451275661371134,False,False,True,0.000263039349263518,COMPLETE
403,0.44434066414833073,2025-04-08 04:14:22.157908,2025-04-08 04:14:31.995445,0 days 00:00:09.837537,0.13198872129640166,0.8385051570607598,8,0.014635726881751424,0.2695385985238785,0.09711665243816701,0.008972613579267347,0.09621065437817358,0.07692959895519423,0.00012755036187248262,24,81,0.09769108394631953,0.11376797992442109,False,False,True,0.0004817736088288925,COMPLETE
404,0.4290584325790405,2025-04-08 04:14:32.120240,2025-04-08 04:14:41.804134,0 days 00:00:09.683894,0.13032327556111453,0.8742353350482963,8,0.023182892598578128,0.26829629398680255,0.09462234318073169,0.009160441962617411,0.0956613388444985,0.07816466656712119,9.857631567310936e-05,24,81,0.09997977212114259,0.1134948372716349,False,False,True,0.0005139836209298309,COMPLETE
405,0.09055355936288834,2025-04-08 04:14:41.931474,2025-04-08 04:14:51.607322,0 days 00:00:09.675848,0.09656083310344465,0.8413089867168455,8,0.014427281851144546,0.23943383648693606,0.09671642227165841,0.006837789638807653,0.094144268593817,0.08338235702538328,0.00011501155657279882,24,83,0.0946411754291014,0.03457525768066683,False,True,True,0.00039160949299965196,COMPLETE
406,0.4354741871356964,2025-04-08 04:14:51.744179,2025-04-08 04:15:01.415300,0 days 00:00:09.671121,0.13067396260575395,0.9619659744996292,8,0.022797650347184274,0.25127375673912905,0.09810485805906977,0.0028152008925208826,0.09613043861178262,0.07612439629421532,0.00012855030725694965,23,86,0.09728092086404891,0.11363489855492712,False,False,True,0.0003425924859967288,COMPLETE
407,0.4367376565933228,2025-04-08 04:15:01.541853,2025-04-08 04:15:11.227924,0 days 00:00:09.686071,0.06106624494912548,0.8135559918594286,8,0.01523030385886183,0.2434497186825665,0.09509048484868941,0.010776904634430304,0.09832426296488624,0.08093839147846513,0.00014314825665282126,24,77,0.09723326299845604,0.12160947572322016,False,False,True,0.0006889303308424497,COMPLETE
408,0.4420998215675354,2025-04-08 04:15:11.354319,2025-04-08 04:15:21.076981,0 days 00:00:09.722662,0.10780934324700013,0.9064332058020536,8,0.020444815950882086,0.2670688956326887,0.09792914851568972,0.008142190523858351,0.09574977695936863,0.07322254176522404,0.00017376177638836558,24,72,0.09995889790108281,0.13402768064873183,False,False,True,0.000473957686249732,COMPLETE
409,0.43920489549636843,2025-04-08 04:15:21.213457,2025-04-08 04:15:30.668231,0 days 00:00:09.454774,0.08684704712289981,0.8493084034556151,8,0.013640918176034432,0.25032728455297737,0.0964147676440711,0.0013007694843207,0.09792075188881345,0.0793645982450888,0.0002664780947544469,22,88,0.09436942817606088,0.11363022170489252,False,False,True,0.00022151686420124979,COMPLETE
410,0.4269224345684052,2025-04-08 04:15:30.795962,2025-04-08 04:15:40.495955,0 days 00:00:09.699993,0.13526664263230775,0.7644907644805485,8,0.02524162050826182,0.25984521793967114,0.09986808230037922,0.00698115120096019,0.09371852949862883,0.07756934618391206,0.00025917349791254796,23,94,0.09743452015334428,0.12787047905065416,False,False,True,0.00029477562542171013,COMPLETE
411,0.44392386674880985,2025-04-08 04:15:40.623928,2025-04-08 04:15:50.505709,0 days 00:00:09.881781,0.11360649084129984,0.8765651950134293,8,0.01412030028591264,0.2428255989967914,0.09438597230750191,0.003749763572055694,0.09614005663266752,0.0917237716519976,0.00020105604974378016,24,85,0.09771841442851037,0.12084780640820926,False,False,True,0.0009648955304555634,COMPLETE
412,0.4428615987300873,2025-04-08 04:15:50.643902,2025-04-08 04:16:00.430304,0 days 00:00:09.786402,0.10886947119901591,0.8323686213782807,8,0.01393496003322414,0.2442113647177338,0.09446376021892383,0.009141148243158662,0.09574403248428774,0.0969899255392453,7.797535933383521e-05,24,84,0.09741939462345492,0.12049525467498937,False,False,True,0.00017314973552346247,COMPLETE
413,0.11552911400794984,2025-04-08 04:16:00.559174,2025-04-08 04:16:10.151680,0 days 00:00:09.592506,0.07881091196101564,0.8108526964841841,8,0.13156074368708567,0.2391058398333674,0.09462872540508266,0.005968077458224145,0.09830451530828152,0.092500785094621,0.0001962724341701544,24,81,0.09430043855977002,0.11332266104122186,False,False,True,0.0002273199826928728,COMPLETE
414,0.4440895020961762,2025-04-08 04:16:10.281118,2025-04-08 04:16:19.868732,0 days 00:00:09.587614,0.10747610317982302,0.9298919980835171,8,0.014269638605476025,0.26331476938497067,0.09624836887967819,0.0035318869016860836,0.0941867478955689,0.09964439080071513,0.00015315400844521525,23,93,0.09755524187275552,0.12091600394962336,False,False,True,0.0009336233383322954,COMPLETE
415,0.4182960450649262,2025-04-08 04:16:20.009855,2025-04-08 04:16:29.663530,0 days 00:00:09.653675,0.4971251305699289,0.8886049839321866,8,0.012789556386516378,0.24691381039690022,0.09431805652976634,0.012015311682256521,0.09418045094755359,0.0985126083365101,0.0001061700912580918,24,85,0.0946170286403511,0.1140437506162482,False,False,True,0.0009885137438029401,COMPLETE
416,0.4125661373138428,2025-04-08 04:16:29.796877,2025-04-08 04:16:39.345485,0 days 00:00:09.548608,0.13663475896000438,0.9959674970046763,8,0.02514178301494985,0.2594450361881266,0.09655541302296226,0.009645209812686963,0.09838490619515863,0.09285039431635468,0.00014141835923391703,22,90,0.09731086414354342,0.1200257951930476,False,False,True,0.0008235122159355777,COMPLETE
417,0.09302661567926407,2025-04-08 04:16:39.476123,2025-04-08 04:16:49.196822,0 days 00:00:09.720699,0.09559173785086379,0.9349201421012427,8,0.23414157593263857,0.2707091490258893,0.0960835344686159,0.004893699163020387,0.09607715059763416,0.07289442008261578,0.0002130384310015235,24,94,0.0014424154632676628,0.12005463781930946,False,False,True,0.00017434565502200903,COMPLETE
418,0.44515137076377875,2025-04-08 04:16:49.338088,2025-04-08 04:16:58.905403,0 days 00:00:09.567315,0.1388185233993385,0.8399944424420674,8,0.013596172126972093,0.25603236810891644,0.09398566877092393,0.006498852925749331,0.09991274889462198,0.09288774429830234,0.00015211468527791356,23,86,0.09748260168503327,0.10957586580502769,False,False,True,0.00027309102962117177,COMPLETE
419,0.4400073289871216,2025-04-08 04:16:59.035158,2025-04-08 04:17:08.600316,0 days 00:00:09.565158,0.14051180016493248,0.8420693355616149,8,0.0125738360383494,0.2637432843643637,0.09420509150906949,0.007324971641844874,0.09975842154752677,0.08905060759333823,0.00015197067928152634,23,85,0.09463074290185636,0.10874294477229768,False,False,True,0.00022046674481757605,COMPLETE
420,0.4443788588047028,2025-04-08 04:17:08.730773,2025-04-08 04:17:18.128555,0 days 00:00:09.397782,0.14024212988559417,0.9245095307501503,8,0.008231426779914817,0.24361044389833833,0.09788761348851194,0.0019377704633828882,0.09978776963644403,0.09485060776346989,0.00012318247971723225,22,81,0.09742622649184919,0.10761889741872528,False,False,True,0.0004593804758350058,COMPLETE
421,0.4446023762226105,2025-04-08 04:17:18.269855,2025-04-08 04:17:27.564350,0 days 00:00:09.294495,0.14377696296575054,0.937867398360932,8,0.007287668012213073,0.24366483366714575,0.09412363875219419,0.0028056035684560915,0.09989754132111839,0.09368363780536872,0.00011892137458010949,21,75,0.09738567723748304,0.10803910112427624,False,False,True,0.0004804119351260441,COMPLETE
422,0.4452219367027283,2025-04-08 04:17:27.695312,2025-04-08 04:17:36.929696,0 days 00:00:09.234384,0.14273992881083836,0.9287795047008398,8,0.00902575310121756,0.24050690854453227,0.09450105957165275,0.0023729242095675484,0.09865744058510093,0.09370753657778086,9.531167855086595e-05,21,74,0.09694834116815579,0.11140035048445732,False,False,True,0.0005082339617674408,COMPLETE
423,0.44093893766403197,2025-04-08 04:17:37.060227,2025-04-08 04:17:46.062628,0 days 00:00:09.002401,0.16248887580548463,0.9349731565419431,8,0.007225668946338317,0.2383277488239177,0.09397681041696138,0.0016731801246243215,0.09949113773684151,0.09365142375598912,9.045625612930639e-05,20,68,0.0949387659005993,0.10670976745327795,False,False,True,0.0005068455787047066,COMPLETE
424,0.4350412726402283,2025-04-08 04:17:46.205527,2025-04-08 04:17:55.595409,0 days 00:00:09.389882,0.14344784687161477,0.9597594437527789,8,0.0077261266925799646,0.2421854416718555,0.09415787115444982,0.0023862420406106527,0.09995663242550536,0.09586256760724855,0.00011125539770469759,21,74,0.09665472739185832,0.10875005397914644,False,True,True,0.0005512912250177231,COMPLETE
425,0.4411050617694855,2025-04-08 04:17:55.732120,2025-04-08 04:18:05.177495,0 days 00:00:09.445375,0.16413599254212025,0.9203755354103539,8,0.008442653838529348,0.24707108507761688,0.065037965818044,0.0011040166683855906,0.09979666735005358,0.09637833858776579,0.00010385316785846352,22,77,0.09413819646292432,0.10808277221058239,False,False,True,0.00043518295053551265,COMPLETE
426,0.4437378942966461,2025-04-08 04:18:05.312423,2025-04-08 04:18:14.543814,0 days 00:00:09.231391,0.14235241607319843,0.9356390102471357,8,0.007657326199563901,0.23851011852857298,0.09401245673040383,0.006912910567644881,0.09998247363962692,0.09214177831103791,0.00012560754923463088,21,79,0.09697379567141508,0.1142426060041363,False,False,True,0.0007014653401640836,COMPLETE
427,0.4330846190452576,2025-04-08 04:18:14.677348,2025-04-08 04:18:24.047716,0 days 00:00:09.370368,0.15589194937916592,0.9764519370090367,8,0.008008113081639137,0.24592908606349528,0.09605669775262661,0.0031352699123046897,0.09468187828373759,0.08926552737082191,0.00012477913142421097,22,73,0.0325530513160798,0.10590035407581344,False,False,True,0.0009836933310817216,COMPLETE
428,0.44598969221115115,2025-04-08 04:18:24.191112,2025-04-08 04:18:33.569540,0 days 00:00:09.378428,0.1392763388213944,0.9031629735179737,8,0.011779269233348225,0.24260209313045325,0.09409699758881424,0.006295364518097053,0.09575593145192758,0.09098840717674389,6.233668616257879e-05,22,82,0.09722335266088161,0.11305895564179193,False,False,True,0.0004060695586333004,COMPLETE
429,0.3986625611782074,2025-04-08 04:18:33.701894,2025-04-08 04:18:42.796096,0 days 00:00:09.094202,0.08733646752375654,0.9102155438710791,8,0.02032586303564691,0.23803627573279296,0.08994676625434395,0.0057918999267088465,0.09406063285175313,0.09451359928943877,7.758795280793834e-05,20,79,0.09456848827094873,0.0944036021241441,False,False,True,0.00040261676778384064,COMPLETE
430,0.441915112733841,2025-04-08 04:18:42.930126,2025-04-08 04:18:52.190041,0 days 00:00:09.259915,0.09789658476366225,0.9482031178041531,8,0.012204813738522233,0.25094211646234904,0.0963845111641464,0.003291876667989284,0.09617565467129945,0.09126255985653994,6.862820965724585e-05,21,75,0.09701059103923805,0.11286902106404935,False,False,True,0.0005494357577403992,COMPLETE
431,0.4378572285175324,2025-04-08 04:18:52.335746,2025-04-08 04:19:01.747797,0 days 00:00:09.412051,0.056555128642928755,0.8917221159597531,8,0.008239341670861329,0.24263527942456256,0.09402398943078794,0.0075511723944922055,0.09592647734268944,0.09918164468750348,5.359497197732028e-05,22,82,0.09716229179174458,0.09858407410263303,False,False,True,0.00041211539158821146,COMPLETE
432,0.4435768127441407,2025-04-08 04:19:01.882158,2025-04-08 04:19:11.090925,0 days 00:00:09.208767,0.16514480176408913,0.9132314056306118,8,0.01995966435236302,0.24864291879322453,0.09784253838836347,0.0012954646006631816,0.09337859574614618,0.09379255272696575,9.34295923981133e-05,21,82,0.09527364182026113,0.10611068134904385,False,False,True,0.0007132778244163792,COMPLETE
433,0.08924254029989243,2025-04-08 04:19:11.225780,2025-04-08 04:19:20.608217,0 days 00:00:09.382437,0.13820295440536245,0.927714760877473,8,0.18171775943326338,0.26729743898272335,0.09581488782194889,0.004365221390953404,0.09815993497082066,0.08979261988597295,6.211259238084028e-05,22,94,0.017080867247408885,0.11277543025769864,False,False,True,0.0003391849246945246,COMPLETE
434,0.44366539120674137,2025-04-08 04:19:20.754632,2025-04-08 04:19:30.322689,0 days 00:00:09.568057,0.11018613628019075,0.8840190300621557,8,0.007161465824862212,0.2370887604670998,0.08913829162777809,0.006353275847675647,0.0999799045309653,0.09619303325216791,0.00016795409175276668,22,98,0.0972305850819552,0.11344373353648023,False,False,True,0.0005532511108284317,COMPLETE
435,0.09055355936288834,2025-04-08 04:19:30.456992,2025-04-08 04:19:38.434665,0 days 00:00:07.977673,0.13854826060766035,0.86443705848509,16,0.08061703740759112,0.2499091344858089,0.09401485825957605,0.011292014742703237,0.09592840181032604,0.09434505069734728,0.00016590098650167142,20,90,0.09390205895056263,0.10636127665495354,False,False,True,0.00040746464487513844,COMPLETE
436,0.2915888607501984,2025-04-08 04:19:38.569343,2025-04-08 04:19:48.174396,0 days 00:00:09.605053,0.07680624367599433,0.8999997447153562,8,0.02622898111019742,0.2587692770280059,0.09817719795483316,0.0030472799801195653,0.09823838468945902,0.08528670326756788,0.00012570558376144418,23,94,0.09759940862830815,0.09942538586062327,False,False,True,0.00029912990474713347,COMPLETE
437,0.4400734841823578,2025-04-08 04:19:48.320509,2025-04-08 04:19:57.670097,0 days 00:00:09.349588,0.10883463211951976,0.8520451214348648,8,0.013698799778569203,0.2429609758414399,0.09517161265063113,0.008273922978445404,0.09368631580635725,0.09035493259427384,0.00018707943954476911,22,64,0.095193669550459,0.11552735705813534,False,False,True,0.00045936995501098105,COMPLETE
438,0.4451291859149933,2025-04-08 04:19:57.806977,2025-04-08 04:20:07.018200,0 days 00:00:09.211223,0.16749565303693334,0.875859862673583,8,0.020633170114689944,0.2514118861042799,0.09656486770479589,0.005638880720735833,0.09563710824457525,0.09864397536919403,0.0002878132044719437,21,76,0.09793235780986623,0.10855583925909287,False,False,True,0.000790955542411883,COMPLETE
439,0.12467546164989472,2025-04-08 04:20:07.152868,2025-04-08 04:20:16.029137,0 days 00:00:08.876269,0.18135498333394365,0.885628130232467,8,0.2971097868672875,0.2630312108649274,0.09791734898065238,0.004880385205003173,0.09593716025521985,0.09792046376739687,0.00010392762194238451,19,69,0.09988138558899198,0.1094108219602839,False,False,True,0.0007761179841914628,COMPLETE
440,0.09127303808927537,2025-04-08 04:20:16.175980,2025-04-08 04:20:25.328712,0 days 00:00:09.152732,0.16213101930380996,0.9613455103353699,8,0.09116448500237596,0.2544166136954794,0.0961357620885629,0.0033690281050720106,0.0941533334240709,0.09484238077179637,0.00014773489284732245,21,77,0.09642577135264348,0.10255144372068507,False,False,True,0.0008112798280044991,COMPLETE
441,0.4007917106151581,2025-04-08 04:20:25.464770,2025-04-08 04:20:34.791121,0 days 00:00:09.326351,0.11349936917805843,0.9125599905644648,8,0.020290347847700164,0.2502483303272535,0.09996811600996121,0.005128118333715025,0.09555916104574227,0.0978597394923409,0.00028476546188342075,22,75,0.09392966084871217,0.09517273570275091,False,False,True,0.0005993991420406062,COMPLETE
442,0.3282340705394745,2025-04-08 04:20:34.927971,2025-04-08 04:20:44.181827,0 days 00:00:09.253856,0.9666537898047611,0.8650904870144055,8,0.024506020954430087,0.27048796453297563,0.09652235207335559,0.09696841720337032,0.09793418183763038,0.0916616065303529,0.00019535583205235578,21,80,0.040975226901506435,0.10806862960017767,False,False,True,0.0009438139030506375,COMPLETE
443,0.41914606094360357,2025-04-08 04:20:44.330400,2025-04-08 04:20:53.552442,0 days 00:00:09.222042,0.45239459081933164,0.9428421938812976,8,0.00775061046994995,0.26180495542236965,0.0982062247517458,0.0010282464517340378,0.09621927104473416,0.09929487956564456,0.0001356912350656969,20,84,0.09716884193520178,0.1128703352318027,False,False,True,0.0005130692743897906,COMPLETE
444,0.11639216840267182,2025-04-08 04:20:53.694142,2025-04-08 04:21:03.300112,0 days 00:00:09.605970,0.13511499803074184,0.8480708354365367,8,0.018871451250632606,0.2569610280252564,0.09424391227129254,0.00587621501844832,0.0982978017606765,0.09548570283877501,7.873865414199998e-05,23,70,0.09541768818618526,0.11548163905844745,False,True,True,0.00036647912299917526,COMPLETE
445,0.4357972383499146,2025-04-08 04:21:03.450377,2025-04-08 04:21:12.850517,0 days 00:00:09.400140,0.03638270831836915,0.8925439567070151,8,0.01312470164401491,0.24239832837005504,0.09645058574640243,0.010079853675610283,0.09329808085591977,0.07296196276310446,0.00016674372848954008,22,81,0.09993824404763073,0.10885485796114591,False,False,True,0.0006660845044022724,COMPLETE
446,0.29933472275733947,2025-04-08 04:21:12.988965,2025-04-08 04:21:22.731515,0 days 00:00:09.742550,0.15705505645491288,0.8638402521946562,8,0.027115966603501712,0.2506559451671784,0.09415086526077694,0.008065104159801927,0.09631289105311572,0.07468469660760449,0.00028601665235099467,24,72,0.09733313982850132,0.1002577451630154,False,False,True,0.00026627319369821814,COMPLETE
447,0.4441748261451721,2025-04-08 04:21:22.870531,2025-04-08 04:21:32.439082,0 days 00:00:09.568551,0.09533258197321848,0.8425610721494071,8,0.007007543730793671,0.23553792223105827,0.09807517330820126,0.002858375236718232,0.09836581421724036,0.08717050546313435,0.00020583084285153016,23,89,0.09780020206384016,0.11586552764319996,False,False,True,0.0003406800601289177,COMPLETE
448,0.43529478311538694,2025-04-08 04:21:32.589675,2025-04-08 04:21:41.981279,0 days 00:00:09.391604,0.06986195792971231,0.7670616509880928,8,0.007405072629091487,0.23696491759380367,0.09754625111821814,0.006282778332085115,0.09825758960578046,0.0865556086664786,0.00011632288842783949,22,90,0.05170078491479263,0.11456303499445228,False,False,True,0.0003398878295924458,COMPLETE
449,0.43724658489227297,2025-04-08 04:21:42.119527,2025-04-08 04:21:51.725014,0 days 00:00:09.605487,0.18136857490278818,0.8115182344507678,8,0.00716845435482329,0.26954313918579365,0.09998207327941092,0.0025784754662844496,0.0999557037765043,0.08178043304097317,0.0002837275994704077,23,94,0.09518667847786721,0.10695607886709195,False,False,True,0.0004454290087988711,COMPLETE
450,0.44129127264022827,2025-04-08 04:21:51.866062,2025-04-08 04:22:01.491447,0 days 00:00:09.625385,0.09068673903469665,0.8393091395666286,8,0.01935967051503893,0.2562705209664409,0.0983042498896094,0.008674934922912067,0.0981367226437474,0.08817872067379143,0.00017387423873936424,23,98,0.09799676396064708,0.11758633248065305,False,False,True,0.0002897647209141596,COMPLETE
451,0.4396767675876618,2025-04-08 04:22:01.642314,2025-04-08 04:22:10.954036,0 days 00:00:09.311722,0.0924755570026859,0.8332046300849463,8,0.013402236381847695,0.26321182024485146,0.09649231351345838,0.004488141099188875,0.09379184210719305,0.09946351822160583,9.311090610996678e-05,21,89,0.0935115016912039,0.10577915486542806,False,False,True,0.0004489185362889525,COMPLETE
452,0.4412769854068756,2025-04-08 04:22:11.094476,2025-04-08 04:22:20.764467,0 days 00:00:09.669991,0.1300296294612627,0.8504115036436496,8,0.007310318993259059,0.24955791603164923,0.09830136175330684,0.011920612660295015,0.09791597339154615,0.07535638660324474,0.00021704938604709794,23,94,0.09566995944866956,0.11183778246287261,False,False,True,0.00034773871200292103,COMPLETE
453,0.4134167432785034,2025-04-08 04:22:20.907527,2025-04-08 04:22:30.311347,0 days 00:00:09.403820,0.519215560949661,0.8069762396300822,8,0.02137840923921333,0.2570904136768446,0.09597109552396905,0.006595688984858367,0.09618931667864815,0.09701020873057191,0.0004077134268115932,22,90,0.09791982907761831,0.09833589992015093,False,False,True,0.0002447456826762711,COMPLETE
