number,value,datetime_start,datetime_complete,duration,params_alpha-eval,params_alpha-train,params_batch-size,params_eps-eval,params_eps-train,params_lambda-actions-eval,params_lambda-actions-train,params_lambda-frames-eval,params_lambda-frames-train,params_learning-rate,params_n-epochs,params_n-frames,params_radius-gw,params_rho,params_std-feats,params_ub-actions,params_ub-frames,params_weight-decay,state
1191,0.47510499358177183,2025-04-21 08:37:20.098072,2025-04-21 08:37:32.513402,0 days 00:00:12.415330,0.6679947713442917,0.14903589916070265,2,0.14823906687822094,0.09253048872862317,0.011430244814748653,0.07531849485353913,0.06504709269843986,0.038778055746322086,0.00036700439576676266,8,29,0.06565582701749768,0.1092805186517227,True,False,False,1.078077827185705e-07,COMPLETE
1192,0.45924698114395146,2025-04-21 08:37:32.899309,2025-04-21 08:37:44.733042,0 days 00:00:11.833733,0.6644139792008487,0.10295589811724809,2,0.15890852821886903,0.09936547571045345,0.034135354747905786,0.05854002991327009,0.06622971472968836,0.03864081328402509,0.00045244641780416503,7,33,0.06462294477774023,0.11194881135749515,True,False,False,1.3542753091503545e-07,COMPLETE
1193,0.46463851928710936,2025-04-21 08:37:45.117832,2025-04-21 08:37:56.994665,0 days 00:00:11.876833,0.684787514537064,0.1287218854274968,2,0.1430069917729989,0.09397519507941042,0.04532175526343633,0.05638184386145548,0.08422018874809625,0.03799804610963486,0.0003720348793570392,7,29,0.06581744213065337,0.10776274856197454,True,False,False,8.26764546459063e-08,COMPLETE
1194,0.4664189636707306,2025-04-21 08:37:57.380124,2025-04-21 08:38:10.441119,0 days 00:00:13.060995,0.6427727167981461,0.14870342954959997,2,0.14205798582962464,0.09372671667037973,0.01321977169414656,0.06472242238150605,0.07066284744685591,0.03478808257876284,0.0004483514253914871,9,32,0.0618717949549555,0.11357404770897148,True,False,False,1.119634255276693e-07,COMPLETE
1195,0.4585038721561432,2025-04-21 08:38:10.831306,2025-04-21 08:38:23.257554,0 days 00:00:12.426248,0.6706313758013798,0.15780782847258273,2,0.16241134887637868,0.09996411912337969,0.014831367955735907,0.06618699361980637,0.06396562930302177,0.037003516766114054,0.0003752261425083552,8,31,0.06540479125301098,0.1078147090468452,True,False,False,6.68133834368275e-08,COMPLETE
1196,0.2488942861557007,2025-04-21 08:38:23.647712,2025-04-21 08:38:34.454504,0 days 00:00:10.806792,0.7002800844704065,0.12405553514156797,2,0.13093650624831155,0.0900316975619621,0.011289188693339754,0.0674856288197674,0.061702301562154886,0.03956167469019169,0.00029598771727097633,7,39,0.06658209260966219,0.10267248643795893,True,True,False,9.014073976013296e-08,COMPLETE
1197,0.46766492128372195,2025-04-21 08:38:34.840175,2025-04-21 08:38:47.403119,0 days 00:00:12.562944,0.6508947702732282,0.1684702328373932,2,0.1466654451037847,0.09684479885209019,0.017314214014964698,0.07536728368101127,0.0840793644631838,0.03524872026272216,0.0003733096150152104,8,28,0.06316995739522492,0.11332521403838493,True,False,False,1.4609092980537914e-07,COMPLETE
1198,0.45356835722923283,2025-04-21 08:38:47.790733,2025-04-21 08:39:01.412430,0 days 00:00:13.621697,0.7433492324913733,0.19275307282570833,2,0.138205802843819,0.10331779492453087,0.012841588852857655,0.06804945790196996,0.0650974777085167,0.043182312444132995,0.00023908036582970363,10,30,0.05976545804801292,0.09873851657849962,True,False,False,1.1399634016859377e-07,COMPLETE
1199,0.4675591945648193,2025-04-21 08:39:01.796168,2025-04-21 08:39:13.683113,0 days 00:00:11.886945,0.6804249914222735,0.1427314841415997,2,0.17123678197862577,0.08721106832933778,0.030075496530644334,0.06963115543074451,0.06810397171633178,0.039801352902907775,0.00028859681016492745,7,23,0.0672627863099402,0.10715672396747049,True,False,False,5.1803296171530146e-08,COMPLETE
1200,0.31152300238609315,2025-04-21 08:39:14.068600,2025-04-21 08:39:26.132200,0 days 00:00:12.063600,0.718559461146235,0.0921398173402597,2,0.15376611958575295,0.09230401059111419,0.025877301679494737,0.07027245909012399,0.08616238891017396,0.03088457924034812,0.0004443224552095835,7,85,0.06358016074459624,0.09099843672239648,True,False,False,7.921719468626896e-08,COMPLETE
1201,0.4597397029399872,2025-04-21 08:39:26.516258,2025-04-21 08:39:39.146934,0 days 00:00:12.630676,0.6641639431002612,0.18365488936275387,2,0.1509256562793771,0.08507926797772461,0.01545508530660332,0.06056401014296587,0.06780415032895301,0.04263430306809947,0.00034670654874921454,8,27,0.06008249354475303,0.09984856763493796,True,False,False,9.313881513083163e-08,COMPLETE
1202,0.10413313806056977,2025-04-21 08:39:39.532459,2025-04-21 08:39:51.190997,0 days 00:00:11.658538,0.6373870811624933,0.15551317899560982,2,0.15099873693533825,0.09705348796613252,0.011384964947329806,0.0727236682876569,0.06522194236525836,0.042237080822263816,0.00024284386145115593,9,22,0.06175344206173808,0.08428235736222148,True,False,True,5.8759808013624515e-08,COMPLETE
1203,0.46406210064888,2025-04-21 08:39:51.576494,2025-04-21 08:40:04.203895,0 days 00:00:12.627401,0.6969250706198086,0.19499174588000184,2,0.17983947800505468,0.10661118761678706,0.018950778910019214,0.055315319628342366,0.05011970494436481,0.041089363932029416,0.000288709286777487,8,24,0.058652073447279886,0.11371768573532366,True,False,False,1.1877907616093856e-07,COMPLETE
1204,0.4225917577743531,2025-04-21 08:40:04.592583,2025-04-21 08:40:12.639073,0 days 00:00:08.046490,0.6767085431651523,0.12118276032667258,8,0.14904343540471782,0.0895813704289085,0.02167668482972095,0.07627645011517126,0.061883442428854886,0.045207807289803406,0.0001974745053375735,7,34,0.06464526458840071,0.0945721320045292,True,False,False,7.405082541272351e-08,COMPLETE
1205,0.46478514075279237,2025-04-21 08:40:13.029404,2025-04-21 08:40:25.061350,0 days 00:00:12.031946,0.6334029612329215,0.16882504846491359,2,0.1746508434016476,0.07928180077928271,0.014311763970670249,0.07046111094066791,0.07828720029881513,0.03838839038645997,0.0003646061229845562,7,19,0.06592686805037899,0.10380500577315915,True,False,False,1.4005733621141164e-07,COMPLETE
1206,0.46656268239021303,2025-04-21 08:40:25.449201,2025-04-21 08:40:37.925540,0 days 00:00:12.476339,0.6549018320709389,0.21034973579366437,2,0.19338084192111304,0.10161806871912443,0.017062611970646187,0.08004920385881345,0.09878322984239124,0.040055407709572353,0.0002502990187345717,8,28,0.062196343443638474,0.10645607493509425,True,False,False,9.64285865281536e-08,COMPLETE
1207,0.464675635099411,2025-04-21 08:40:38.313329,2025-04-21 08:40:50.260343,0 days 00:00:11.947014,0.7129564437871575,0.1458040263116685,2,0.18176706968898265,0.09152075020526479,0.013524072112168816,0.0764043482270603,0.05398688538113346,0.060864534784580225,0.00044670664919761987,7,21,0.0671016663634508,0.09606169721336909,True,False,False,6.401976533045705e-08,COMPLETE
1208,0.4364766478538514,2025-04-21 08:40:50.649203,2025-04-21 08:41:03.109735,0 days 00:00:12.460532,0.6829977756151743,0.18284713754446993,2,0.1577842194817437,0.08463536604853417,0.016208516488678236,0.04826363955370414,0.06336038771776531,0.03600636368430631,0.00032280792693673997,8,31,0.060516051874751016,0.08809053171103742,True,False,False,1.1467674503456474e-07,COMPLETE
1209,0.4623415052890778,2025-04-21 08:41:03.497374,2025-04-21 08:41:15.472856,0 days 00:00:11.975482,0.658226541325324,0.23157641291946848,2,0.1888511947566737,0.09733185699196152,0.011308342805558126,0.07414717951486123,0.06585440232159237,0.04445565884331336,0.00022745590057621774,7,26,0.05826326662853678,0.11617116295672632,True,False,False,5.029398665162814e-08,COMPLETE
1210,0.43150778412818913,2025-04-21 08:41:15.861247,2025-04-21 08:41:29.044739,0 days 00:00:13.183492,0.7320538749077079,0.9181180026664987,2,0.16746199415595006,0.10428429050948422,0.018600403340250628,0.050683818276872836,0.0957561083032304,0.046286427713511775,0.00026846313423384874,9,24,0.06394337980157334,0.10035711374398329,True,False,False,7.790040887311186e-08,COMPLETE
1211,0.45613822937011717,2025-04-21 08:41:29.430651,2025-04-21 08:41:41.994535,0 days 00:00:12.563884,0.7074216414648509,0.10925231409204555,2,0.17893897242907472,0.09266311230133882,0.01488138853466054,0.07320529590938543,0.06734843514093548,0.03209963204910438,0.00018265782883115776,8,18,0.06714582872757792,0.10940296572298333,True,False,False,9.689949193386815e-08,COMPLETE
1212,0.45673578381538393,2025-04-21 08:41:42.381567,2025-04-21 08:41:54.368660,0 days 00:00:11.987093,0.6336462216230511,0.16680490334569995,2,0.19491425805211646,0.0855454731845448,0.01272938624431521,0.0488546282351315,0.07525398892283136,0.041374863537702644,0.0003745232629823612,7,21,0.05687738941887629,0.07924460804432301,True,False,False,1.4379260777954184e-07,COMPLETE
1213,0.46502196192741396,2025-04-21 08:41:54.757740,2025-04-21 08:42:06.694938,0 days 00:00:11.937198,0.6791521094294023,0.2059887509089146,2,0.17303386810524993,0.0978964890890592,0.020391495060819963,0.07185874938525588,0.07203364656680053,0.046310827737624974,0.00032282228768549745,7,29,0.06228718247031316,0.09281095969782924,True,False,False,6.979178700286994e-08,COMPLETE
1214,0.4571359694004059,2025-04-21 08:42:07.090913,2025-04-21 08:42:19.081011,0 days 00:00:11.990098,0.786846931283695,0.15199711705969518,2,0.18575943408780227,0.07888941610172406,0.01706678406258986,0.09173801841869315,0.027010495182386792,0.05962741251401202,0.0002887388163410958,7,26,0.06436178154596738,0.1028648108167867,True,False,False,8.454550616345407e-08,COMPLETE
1215,0.26084609031677247,2025-04-21 08:42:19.474779,2025-04-21 08:42:30.687223,0 days 00:00:11.212444,0.7583873730637266,0.13150695581144486,2,0.1663230564075653,0.09007173518724351,0.011179171040743634,0.06150293188963837,0.09186680517690815,0.05727455991229374,0.0004473608783826984,8,23,0.0603930490427771,0.09561372022894053,True,True,False,1.1368604266103171e-07,COMPLETE
1216,0.46123741865158085,2025-04-21 08:42:31.075850,2025-04-21 08:42:43.730920,0 days 00:00:12.655070,0.6961528450683736,0.18257539738901543,2,0.1782026068414065,0.10626792749959597,0.015065813328717821,0.09260926497412532,0.0670017744550129,0.024517156372662243,0.00022147898685352034,8,20,0.06563744665518541,0.08325320026790202,True,False,False,4.835454207852827e-08,COMPLETE
1217,0.4647474229335785,2025-04-21 08:42:44.121588,2025-04-21 08:42:56.052562,0 days 00:00:11.930974,0.6571258132047425,0.2113346280255543,2,0.14665179952643848,0.09487628906820991,0.0232792958605996,0.06469669499290583,0.05943699959491784,0.04472596448752772,0.000373695534323044,7,24,0.06266111935162352,0.11545139418723709,True,False,False,6.202580986409326e-08,COMPLETE
1218,0.464432954788208,2025-04-21 08:42:56.444797,2025-04-21 08:43:09.631514,0 days 00:00:13.186717,0.6709887853354404,0.19542616787403977,2,0.188115880824151,0.08427625951940507,0.012599700689777215,0.09387424890917283,0.06320688740119645,0.02004068733658564,0.000257553760230356,9,28,0.06785118206522302,0.09017164883782952,True,False,False,8.994207202660755e-08,COMPLETE
1219,0.45597743391990664,2025-04-21 08:43:10.023925,2025-04-21 08:43:21.863515,0 days 00:00:11.839590,0.6292523839814118,0.08062180753162645,2,0.19516437464569633,0.09979999956240311,0.01862491623270138,0.06164267400883147,0.026072250050560627,0.062202794128368454,0.00018176495428409595,7,31,0.05769517741134489,0.10809660392775222,True,False,False,1.472513605118242e-07,COMPLETE
1220,0.4327418148517609,2025-04-21 08:43:22.250583,2025-04-21 08:43:34.985387,0 days 00:00:12.734804,0.7162604168586622,0.2380370779479905,2,0.17143403945528896,0.08983540202060647,0.015954647806663183,0.0533366314359909,0.09986675541340015,0.04655295079183925,0.0003163883543178463,8,16,0.06060148210081698,0.09932628693018795,True,False,False,1.088572123520867e-07,COMPLETE
1221,0.17618547677993776,2025-04-21 08:43:35.376345,2025-04-21 08:43:46.202307,0 days 00:00:10.825962,0.6930613237541275,0.1688054005673928,2,0.1818125722769529,0.07888738699117206,0.01377572598078383,0.05634461470209967,0.028856290643819105,0.0481360883468744,0.00044954783696937885,7,37,0.06411872466014747,0.0886531169264362,True,False,True,7.326102845025653e-08,COMPLETE
1222,0.29682855010032655,2025-04-21 08:43:46.595196,2025-04-21 08:43:59.215821,0 days 00:00:12.620625,0.6494622669339899,0.1462390342459308,2,0.15981760320739002,0.09421186665077469,0.011128272602147762,0.09169777981990035,0.07977380893069765,0.06019694944841586,0.00023364332854490194,8,65,0.05916158915394765,0.1055670934527232,True,False,False,5.890553762407639e-08,COMPLETE
1223,0.46289231181144713,2025-04-21 08:43:59.606236,2025-04-21 08:44:11.554375,0 days 00:00:11.948139,0.6711040472903902,0.22591141626773034,2,0.17530959095224832,0.08529780649618882,0.017084694503463747,0.06520915176618661,0.0612327536999039,0.04384668367512173,0.00028773840901070584,7,21,0.06723806899097169,0.09661925917362763,True,False,False,8.543077538026506e-08,COMPLETE
1224,0.4587152659893036,2025-04-21 08:44:11.944690,2025-04-21 08:44:23.857006,0 days 00:00:11.912316,0.6952076157229029,0.19360399171037954,2,0.12577964570984507,0.10305023418956624,0.019775184393385253,0.0940103223939269,0.0646041966020038,0.05559805126419045,0.0003687105369871008,7,26,0.06257852284007714,0.11447290323262914,True,False,False,1.1362315412397914e-07,COMPLETE
1225,0.40892125368118293,2025-04-21 08:44:24.250226,2025-04-21 08:44:32.430615,0 days 00:00:08.180389,0.6524490740284741,0.17199327317668037,8,0.18985888882926222,0.0910125871478107,0.014290260953656691,0.09191990084003489,0.06861008878188936,0.04760843364905875,0.0002106895771880087,8,18,0.06475488838074141,0.08432151830690159,True,False,False,4.8113832916888975e-08,COMPLETE
1226,0.4670561313629151,2025-04-21 08:44:32.819012,2025-04-21 08:44:44.838160,0 days 00:00:12.019148,0.6282105385982122,0.134181300345105,2,0.18065005140816207,0.09802432816077279,0.012960370198681638,0.09471251340754237,0.027144124364641784,0.05814056194636547,0.00032463095314366676,7,23,0.05750517476575011,0.1023623761286429,True,False,False,1.4706286479617921e-07,COMPLETE
1227,0.4543187618255615,2025-04-21 08:44:45.231128,2025-04-21 08:44:58.305576,0 days 00:00:13.074448,0.7320558130351412,0.11279736194607974,2,0.16451137018550735,0.07978888218121091,0.02156852003784629,0.06009572203441596,0.02510764942963157,0.04181163965508361,0.0002744901316670074,9,33,0.06110553409076732,0.09294815455802036,True,False,False,7.386943456526099e-08,COMPLETE
1228,0.46877876520156864,2025-04-21 08:44:58.696569,2025-04-21 08:45:11.185713,0 days 00:00:12.489144,0.6713577946543349,0.21144422949426278,2,0.15480282866571451,0.08792312145810573,0.01610978892706596,0.07369209368156836,0.05735077037603586,0.0487375148196335,0.0004402369002956596,8,28,0.0661399630137572,0.10831419196762868,True,False,False,9.602927099607733e-08,COMPLETE
1229,0.4487712144851685,2025-04-21 08:45:11.577414,2025-04-21 08:45:23.445841,0 days 00:00:11.868427,0.8600884283368768,0.23416422302780848,2,0.19599835992264625,0.10858736419407755,0.01783300651149335,0.09476136622060884,0.07062871530391628,0.05256743408672571,0.00020828687461743855,7,25,0.06333766082826829,0.09920780518760991,True,False,False,5.969361069796151e-08,COMPLETE
1230,0.33068488836288457,2025-04-21 08:45:23.840810,2025-04-21 08:45:36.422794,0 days 00:00:12.581984,0.712935977531947,0.15904834662644238,2,0.17423755105895608,0.0961878256197739,0.011057755890806577,0.09207408889955983,0.024597984687954925,0.045878532156792266,0.0003526181226631718,8,56,0.06793844189382249,0.11173237275503142,True,False,False,1.291903368484433e-07,COMPLETE
1231,0.46226031184196475,2025-04-21 08:45:36.817832,2025-04-21 08:45:48.857282,0 days 00:00:12.039450,0.6835808229846494,0.19093967654108798,2,0.18335507087233707,0.10241495137861159,0.015050922836349356,0.05204458156015733,0.02900957602202199,0.05072875193494191,0.00017254789875737427,7,21,0.05940532877149089,0.08783421285170503,True,False,False,1.0015355883430197e-07,COMPLETE
1232,0.45359130501747136,2025-04-21 08:45:49.248689,2025-04-21 08:46:01.345295,0 days 00:00:12.096606,0.6462785257864899,0.21367166455234463,2,0.1864790686075475,0.08463532767144928,0.01245759096159717,0.09569848895139957,0.02690162057165346,0.039393648973221514,0.00024743267042255586,7,17,0.06256091458325848,0.08012944459478685,True,False,False,7.444614524751143e-08,COMPLETE
1233,0.4672274947166443,2025-04-21 08:46:01.737230,2025-04-21 08:46:14.297145,0 days 00:00:12.559915,0.6956054576981247,0.1776768463965569,2,0.16926877249471187,0.09460319055470023,0.01818465303805233,0.09391346877982101,0.022224712707994792,0.04431538386660689,0.00031251538335970767,8,24,0.0650866010132848,0.10359628732903922,True,False,False,1.1771883372506515e-07,COMPLETE
1234,0.1902552127838135,2025-04-21 08:46:14.712707,2025-04-21 08:46:25.370765,0 days 00:00:10.658058,0.7506664353561866,0.13874648043698531,2,0.1948703561909843,0.07993651043714094,0.01429303630385339,0.09599890581018797,0.02565677728271771,0.057312023374682795,0.0004083713601698993,7,30,0.06072482461264839,0.09443965017975058,True,True,False,7.989291908910935e-08,COMPLETE
1235,0.403514039516449,2025-04-21 08:46:25.767716,2025-04-21 08:46:38.376602,0 days 00:00:12.608886,0.3103574489098081,0.16170414511112605,2,0.17792783010388508,0.09082329052973662,0.02033549724696243,0.0981934943733126,0.023283034485378,0.03686143757174615,0.0002647040214433703,8,21,0.009181254320300425,0.10023253764389185,True,False,False,5.991003242057697e-08,COMPLETE
1236,0.28312169313430785,2025-04-21 08:46:38.773883,2025-04-21 08:46:52.063596,0 days 00:00:13.289713,0.6624640013524152,0.1987267413007448,2,0.14411948989615178,0.1074550749090487,0.01102298336142768,0.09203635098612614,0.0285295312705137,0.061971525793501694,0.00021457917254550429,9,72,0.0679776846119351,0.11092399420083957,True,False,False,9.350191526625529e-08,COMPLETE
1237,0.4626997590065003,2025-04-21 08:46:52.461792,2025-04-21 08:47:04.415697,0 days 00:00:11.953905,0.6280207797152717,0.2329817375725218,2,0.1639105044305557,0.10046346540956609,0.01647728442642704,0.09637770052307731,0.06497230149756533,0.04951752302348249,0.0003801644411134946,7,27,0.058536885559753116,0.11630015933101255,True,False,False,1.5446130130471947e-07,COMPLETE
1238,0.4665024161338806,2025-04-21 08:47:04.815828,2025-04-21 08:47:16.776709,0 days 00:00:11.960881,0.7252161615405069,0.17589309041762444,2,0.19052711393454574,0.08592447699606816,0.013486018930838057,0.07703423138530921,0.026895785034468246,0.054776559250637534,0.0002947876172686598,7,24,0.06380180831604819,0.09124574972576635,True,False,False,6.943349171720095e-08,COMPLETE
1239,0.4734980344772339,2025-04-21 08:47:17.181025,2025-04-21 08:47:29.834257,0 days 00:00:12.653232,0.6759618448504414,0.09490475229358016,2,0.18449758368156624,0.09191494467628067,0.015467985596081493,0.09352257716689973,0.06893051635030033,0.04718601084461992,0.0004723959731150051,8,20,0.05629071384415818,0.0971392461183691,True,False,False,4.7903835186766795e-08,COMPLETE
1240,0.1093475565314293,2025-04-21 08:47:30.231537,2025-04-21 08:47:44.540803,0 days 00:00:14.309266,0.6461092457679346,0.07234684863677943,2,0.13473460375658275,0.09701450467266419,0.018720812163381628,0.07989272904566704,0.07187494373450036,0.0465150455809133,0.00046961919839423556,14,15,0.05494858746292513,0.0023901310536462994,True,False,True,4.462650428245319e-08,COMPLETE
1241,0.43688763380050666,2025-04-21 08:47:44.943570,2025-04-21 08:47:58.281338,0 days 00:00:13.337768,0.6659252485448438,0.14038567201633206,2,0.17154907222304389,0.10515364131991768,0.01731834483448964,0.09112668571117034,0.07020801879074587,0.05958960400809404,0.000510170947518984,9,17,0.055826124846160764,0.10576414542344248,True,False,False,4.7586789969869794e-08,COMPLETE
1242,0.4655373334884644,2025-04-21 08:47:58.677903,2025-04-21 08:48:12.558919,0 days 00:00:13.881016,0.6269366658322144,0.08242487606127515,2,0.18190655743692485,0.0916814311326868,0.0214835668805941,0.09308439548548958,0.06868575745336017,0.04330125916115192,0.0004717374964352127,10,19,0.0529018858987542,0.09941376971649604,True,False,False,4.167288170360762e-08,COMPLETE
1243,0.4481622278690338,2025-04-21 08:48:12.959421,2025-04-21 08:48:26.285171,0 days 00:00:13.325750,0.6769684648821716,0.1267460702192751,2,0.17564565791538,0.08092505117515077,0.015990517981625468,0.09110651855501045,0.0668384029136209,0.04520752955581738,0.0004700600728702574,9,13,0.0556708549882812,0.10834371315315301,True,False,False,4.645675001431469e-08,COMPLETE
1244,0.4298103392124176,2025-04-21 08:48:26.684659,2025-04-21 08:48:40.086891,0 days 00:00:13.402232,0.6528724316127876,0.07760918184045541,2,0.15229699426398377,0.1014211711671213,0.019401630991403657,0.09359464477839252,0.06774937882723857,0.053025497897763785,0.00041315640783098423,9,17,0.04782881695263319,0.09897738292015168,True,False,False,5.480648507184643e-08,COMPLETE
1245,0.4536785244941712,2025-04-21 08:48:40.484567,2025-04-21 08:48:59.558419,0 days 00:00:19.073852,0.688286664976292,0.11116013174342779,2,0.16832073500054376,0.09505655720470588,0.015397928309904482,0.09298950694170827,0.06853660628980003,0.04693066613793066,0.00039940568279541827,18,20,0.05321121540003588,0.1157309716040152,True,False,False,6.525419965611743e-08,COMPLETE
1246,0.45180857777595523,2025-04-21 08:48:59.955384,2025-04-21 08:49:08.215570,0 days 00:00:08.260186,0.6474528713338437,0.10486364787525763,8,0.15964130837660073,0.08709335166164503,0.023620828586946505,0.0914597823616611,0.07134185585322289,0.04943260273430988,0.00046655472287386444,8,19,0.05763825757163402,0.10452567736957741,True,False,False,1.1278900309599685e-07,COMPLETE
1247,0.46443349123001104,2025-04-21 08:49:08.611510,2025-04-21 08:49:21.250346,0 days 00:00:12.638836,0.6690357421289379,0.09888314591861161,2,0.18343866503427195,0.07847681177977278,0.01727366764113104,0.016051032728633563,0.0677818915757509,0.042082500866355996,0.0003665749275930802,8,22,0.05559725346066197,0.09571504550560372,True,False,False,4.8275203773681657e-08,COMPLETE
