number,value,datetime_start,datetime_complete,duration,params_alpha-eval,params_alpha-train,params_batch-size,params_eps-eval,params_eps-train,params_lambda-actions-eval,params_lambda-actions-train,params_lambda-frames-eval,params_lambda-frames-train,params_learning-rate,params_n-epochs,params_n-frames,params_radius-gw,params_rho,params_std-feats,params_ub-actions,params_ub-frames,params_weight-decay,state
170,0.4385653555393219,2025-04-08 03:26:34.515352,2025-04-08 03:26:47.544200,0 days 00:00:13.028848,0.2761637761889774,0.014018622656026276,2,0.02595432156364139,0.16076438534082296,0.017967600084137194,0.04578854922917217,0.08156608453183968,0.03312609092465893,0.020328941136272587,11,129,0.08270492393119831,0.14302965620367958,True,False,True,3.7734704233356172e-06,COMPLETE
171,0.43845664858818056,2025-04-08 03:26:47.599749,2025-04-08 03:27:00.553510,0 days 00:00:12.953761,0.3372281376230511,0.01463320035385812,2,0.02756101751822644,0.2738460750997422,0.017884142587628486,0.04611852155829149,0.08121747942081205,0.03550764990525765,0.03805617580545333,11,129,0.08203486567998548,0.14178244096813772,True,False,True,3.9247457064907365e-06,COMPLETE
172,0.2853068828582764,2025-04-08 03:27:00.617212,2025-04-08 03:27:13.610845,0 days 00:00:12.993633,0.34424809585400123,0.0267462103368075,2,0.028981895272261526,0.0744469270842951,0.017414186415707678,0.04577711107680371,0.08078911717833759,0.03661347627553924,0.03433585818676794,11,128,0.08149477092773853,0.13734624871290269,True,False,True,3.739941517113549e-06,COMPLETE
173,0.3972039818763733,2025-04-08 03:27:13.667442,2025-04-08 03:27:26.752200,0 days 00:00:13.084758,0.37611947574477517,0.014270756845904953,2,0.037887875883568026,0.26107376980207575,0.019100255002624363,0.0494441420343386,0.0758800131327568,0.035579938883061935,0.02513650173367021,11,131,0.07988243945724774,0.12728233766154595,True,False,True,4.797101594213699e-06,COMPLETE
174,0.41105519533157353,2025-04-08 03:27:26.810478,2025-04-08 03:27:40.301999,0 days 00:00:13.491521,0.3223767022867808,0.035064263630325894,2,0.02715399479156679,0.2736723124726094,0.017987647348024594,0.04694929876417544,0.08316656520498356,0.033561005881969405,0.009936236199179146,12,125,0.05385969210488015,0.1340112468659943,True,False,True,7.4536359250657965e-06,COMPLETE
175,0.12013427913188936,2025-04-08 03:27:40.357677,2025-04-08 03:27:53.240726,0 days 00:00:12.883049,0.2882078967699828,0.049162024564711665,2,0.22158567254045913,0.16000064031413366,0.015337386435629182,0.05105833497450231,0.07920946961878324,0.03786541103790155,0.04852308356633536,11,134,0.08304917147346316,0.1406119679332563,True,False,True,1.2499577824375636e-05,COMPLETE
176,0.4328390896320343,2025-04-08 03:27:53.296856,2025-04-08 03:28:06.927721,0 days 00:00:13.630865,0.3013653679700879,0.026798914284520834,2,0.03203988735124696,0.17648665162509225,0.01572545147651482,0.0435253957145246,0.08509504598009238,0.0405035879048356,0.008755822986736958,12,128,0.07742273653247858,0.14584727808589745,True,False,True,3.2474420061499114e-06,COMPLETE
177,0.43477036952972414,2025-04-08 03:28:06.986560,2025-04-08 03:28:20.519022,0 days 00:00:13.532462,0.30333715982181936,0.011897304008071354,2,0.013027662676589977,0.2691798358799331,0.015048093418362446,0.04307080312405619,0.08620490202569935,0.031051353465843555,0.06008269510441072,12,133,0.07743671153302915,0.14581764385385823,True,False,True,2.940399840689592e-06,COMPLETE
178,0.4327089667320252,2025-04-08 03:28:20.577326,2025-04-08 03:28:34.222670,0 days 00:00:13.645344,0.31437809742031847,0.014848575294504654,2,0.011495502718307602,0.16841714529574411,0.010922008789816268,0.04407323294980169,0.08203030887385955,0.039935014200976816,0.04461775713450387,12,132,0.07262104540646823,0.14572813344039745,True,False,True,6.200404385089314e-06,COMPLETE
179,0.4336900055408478,2025-04-08 03:28:34.282229,2025-04-08 03:28:47.897701,0 days 00:00:13.615472,0.3061011372742205,0.018230989665991498,2,0.014565966817448752,0.17340688050599326,0.014598430606234808,0.04311182015188822,0.08113450921953046,0.040528907345514495,0.04797111332968079,13,132,0.07309178786409287,0.11472511630187121,False,False,True,3.4330203976728095e-06,COMPLETE
180,0.42966939806938176,2025-04-08 03:28:47.955792,2025-04-08 03:29:01.677418,0 days 00:00:13.721626,0.4217808856497785,0.02476401563007063,2,0.0139067812525571,0.17719028736209788,0.015859381684093704,0.04399454699184247,0.08609291612515887,0.04155570849969028,0.06463587510077871,13,123,0.0713583270108731,0.12047421916680179,False,False,True,3.126724949144668e-06,COMPLETE
181,0.4351783514022828,2025-04-08 03:29:01.744839,2025-04-08 03:29:14.965500,0 days 00:00:13.220661,0.3027605145109994,0.017671585177568797,2,0.021736880003295905,0.16711893308865094,0.011213698122624434,0.04265786509190089,0.08223202831220089,0.04099358501822206,0.04566846341218694,12,132,0.07697259617323463,0.14215335209409308,False,False,True,6.428249691025458e-06,COMPLETE
182,0.43489997982978823,2025-04-08 03:29:15.023348,2025-04-08 03:29:28.132677,0 days 00:00:13.109329,0.31102670498727747,0.015170915449117273,2,0.011414223083578433,0.1678087557994187,0.011055438854243963,0.043266434375136956,0.0814030877353097,0.040192377706654646,0.0475914878251271,12,132,0.07236596633931057,0.11355173001341452,False,False,True,7.703794333655803e-06,COMPLETE
183,0.43192780017852783,2025-04-08 03:29:28.191623,2025-04-08 03:29:41.280619,0 days 00:00:13.088996,0.329773964133338,0.05483084023045359,2,0.019267376907580482,0.1845679896529249,0.020198652425510406,0.047613885652292666,0.07684948073554901,0.04433072825846769,0.07557702163739341,12,127,0.07693258137222522,0.09667985065423443,False,False,True,8.32968647082095e-06,COMPLETE
184,0.43378231525421146,2025-04-08 03:29:41.339863,2025-04-08 03:29:54.924564,0 days 00:00:13.584701,0.30266069257413725,0.010804801440731902,2,0.02454592729949692,0.16141840716623565,0.01626268378594024,0.04314327058856357,0.08036012876383146,0.0428797766515209,0.05481893889553379,13,132,0.07768244355942613,0.11406065225641014,False,False,True,3.6730496196365685e-06,COMPLETE
185,0.4334876716136933,2025-04-08 03:29:54.985417,2025-04-08 03:30:08.766990,0 days 00:00:13.781573,0.2943659825401122,0.028234648641172175,2,0.02459605088491549,0.1459868955628304,0.01542642271810454,0.04281180298453471,0.08018825419157358,0.048561211381815635,0.04923689869106797,13,131,0.07705470461660345,0.10779098021714978,False,False,True,1.7542657215163343e-05,COMPLETE
186,0.4318316102027893,2025-04-08 03:30:08.827512,2025-04-08 03:30:23.003588,0 days 00:00:14.176076,0.36002292126698865,0.03377987638279238,2,0.02424790104820173,0.15808643124708885,0.01461311796207476,0.042778656696809976,0.08001001670812301,0.04882456485713874,0.06480460517060213,14,131,0.0727537191023576,0.10765192423478133,False,False,True,1.9995279606001873e-05,COMPLETE
187,0.43388249278068547,2025-04-08 03:30:23.063165,2025-04-08 03:30:36.625282,0 days 00:00:13.562117,0.3032280193283891,0.01012678061185019,2,0.011091253495347559,0.14859823606534522,0.01700262943437403,0.04815085775240106,0.07675387160986763,0.04673305026724471,0.04054073007422555,13,133,0.07602027688409474,0.11556395799763779,False,False,True,5.577330314253452e-06,COMPLETE
188,0.4305862903594971,2025-04-08 03:30:36.684737,2025-04-08 03:30:50.221889,0 days 00:00:13.537152,0.33703080748782477,0.01647969705995659,2,0.024270569397357337,0.14166776133621992,0.021216980593589906,0.050098136393062764,0.07879049846468844,0.03877554407972071,0.041623612885606676,13,132,0.07599442970161895,0.11227846907401204,False,False,True,1.0247664285188856e-05,COMPLETE
189,0.4273668706417084,2025-04-08 03:30:50.283170,2025-04-08 03:31:03.993141,0 days 00:00:13.709971,0.397345584438119,0.011057094390600064,2,0.013613934619781153,0.15287657893913936,0.01932049844034649,0.05231158185523028,0.074823607309673,0.05291500920559819,0.05299140176917005,13,136,0.07367894705148656,0.11334041758883256,False,False,True,3.891260750735317e-05,COMPLETE
190,0.42005175352096563,2025-04-08 03:31:04.063136,2025-04-08 03:31:18.294047,0 days 00:00:14.230911,0.3065116602676992,0.9514113750390188,2,0.03179495371978745,0.16531500662720852,0.018170298647614262,0.047656218331147776,0.07778604645189995,0.047002164194327505,0.03156077228162371,14,125,0.06656271072929136,0.0997535820634063,False,True,True,5.810897746677328e-06,COMPLETE
191,0.4314023017883301,2025-04-08 03:31:18.354874,2025-04-08 03:31:32.026586,0 days 00:00:13.671712,0.29684281205118657,0.010527013381807265,2,0.005565023640343031,0.13249510331058373,0.016601142704067068,0.0464467008421493,0.08140201030147531,0.04273665432385357,0.05990802574511415,13,135,0.07831716378669963,0.08160542246374608,False,False,True,4.662216683665308e-06,COMPLETE
192,0.4352222740650177,2025-04-08 03:31:32.090040,2025-04-08 03:31:45.265914,0 days 00:00:13.175874,0.28406025807893953,0.054042246623335066,2,0.010977526446846308,0.14781759511774137,0.011751156088076545,0.04267412509135593,0.081783903049202,0.0453075104447311,0.03807414475184864,12,133,0.0761033962093074,0.12560944385681938,False,False,True,4.0004125411840665e-06,COMPLETE
193,0.1001777857542038,2025-04-08 03:31:45.327967,2025-04-08 03:31:58.363000,0 days 00:00:13.035033,0.32163940354410775,0.04143475947537357,2,0.10013519803862633,0.14763845810842355,0.011926287269535358,0.041730124088451594,0.08229746398502517,0.04660238110389589,0.040399627912938454,12,130,0.06980847604035859,0.12946572409027893,False,False,True,7.444235382624755e-06,COMPLETE
194,0.4140807032585144,2025-04-08 03:31:58.424928,2025-04-08 03:32:11.653254,0 days 00:00:13.228326,0.34215364294477535,0.03384970877138964,2,0.016496838816506237,0.16105821799532544,0.014601794797266074,0.03886112587763624,0.0810516836599528,0.045497898396722455,0.07588783976395773,12,133,0.07626911751151748,0.12054243750362609,False,False,True,1.6643802896266057e-05,COMPLETE
195,0.4273615956306458,2025-04-08 03:32:11.716588,2025-04-08 03:32:25.426525,0 days 00:00:13.709937,0.372677902086181,0.05259215512687182,2,0.00021317828917459883,0.13924267634648138,0.01681389896424572,0.042578204249812256,0.0777607765753169,0.04306422022359732,0.035129365529902416,13,126,0.07401731070297511,0.11676982724448913,False,False,True,3.5431651623877834e-06,COMPLETE
196,0.4323322653770447,2025-04-08 03:32:25.489709,2025-04-08 03:32:39.653535,0 days 00:00:14.163826,0.28579912788634837,0.06258091361176087,2,0.02478770589070926,0.16931631437912104,0.01258728336205114,0.0488379053180233,0.07912011236069907,0.0419219850636889,0.057575978925052625,14,137,0.07218759338512973,0.12407490581203111,False,False,True,4.308359210316658e-06,COMPLETE
197,0.4133175015449524,2025-04-08 03:32:39.717316,2025-04-08 03:32:52.801371,0 days 00:00:13.084055,0.2816551668120473,0.030918164584679633,2,0.011879822862155028,0.15602457230924793,0.06879285775499103,0.054587427567728455,0.08325286988950402,0.050314320326529924,0.08652161006381866,12,132,0.07847302174829647,0.10825851750823919,False,False,True,5.793269200226786e-06,COMPLETE
198,0.42313566207885744,2025-04-08 03:32:52.873949,2025-04-08 03:33:06.558152,0 days 00:00:13.684203,0.32148708520967767,0.04863632230280776,2,0.017867767965383027,0.14604495602661494,0.015370120418014152,0.04083319994376213,0.03732606963165231,0.05483263816316443,0.044795933061416396,13,129,0.07675532580686435,0.11611428278852967,False,False,True,1.1590350815161317e-05,COMPLETE
199,0.4263916552066803,2025-04-08 03:33:06.623262,2025-04-08 03:33:19.741674,0 days 00:00:13.118412,0.3072228429746086,0.07460353223225134,2,0.04111976462290722,0.12524629736109144,0.02231508127414275,0.043430387395034346,0.0826969556875701,0.05158012396879409,0.037690893635600915,12,123,0.07550094630107806,0.12649347504045197,False,False,True,3.829337860751922e-06,COMPLETE
200,0.2945884704589844,2025-04-08 03:33:19.806153,2025-04-08 03:33:32.449082,0 days 00:00:12.642929,0.276562736483748,0.011983523645212948,2,0.026790263981746415,0.14984319475174615,0.011293089380125479,0.04625517645069688,0.08013738819932521,0.04803210773914135,0.03052524997767119,11,134,0.0293238363404745,0.1336665432351521,False,False,True,2.4824990656496656e-05,COMPLETE
201,0.4224593162536621,2025-04-08 03:33:32.513851,2025-04-08 03:33:45.836257,0 days 00:00:13.322406,0.4659144077668685,0.8817344657178796,2,0.009433598604156237,0.135688177606158,0.010053857085193902,0.045208718182884675,0.0872842632650958,0.032807663123578246,0.05175543082768113,13,38,0.07401526096743434,0.10456585684887543,False,False,True,2.6316782868621037e-06,COMPLETE
202,0.43305322527885437,2025-04-08 03:33:45.901006,2025-04-08 03:34:00.857860,0 days 00:00:14.956854,0.24484934062672065,0.05878393628324881,2,0.006520897975587867,0.16386242449526403,0.013879772638415312,0.049433486490338706,0.08374785208265088,0.03993806794093263,0.0257925653080385,15,138,0.07800988539599618,0.091560813180391,False,False,True,3.0791337936973673e-06,COMPLETE
203,0.43819896578788764,2025-04-08 03:34:00.922574,2025-04-08 03:34:15.832333,0 days 00:00:14.909759,0.29255743408752843,0.010458062141800478,2,0.019601652121505195,0.1726275953779245,0.013827235629995813,0.0509788974516657,0.08364956020848022,0.04035408382461311,0.02521920611261315,15,136,0.07937412842589495,0.08538761439648038,False,False,True,5.169783929361073e-06,COMPLETE
204,0.4364701509475708,2025-04-08 03:34:15.897316,2025-04-08 03:34:30.037648,0 days 00:00:14.140332,0.292773788474385,0.01030431945741353,2,0.022072782929457795,0.1526854523326062,0.01762023986342433,0.051382037679595406,0.07701560743852844,0.043754360648031454,0.02010500574795013,14,132,0.0797598444735726,0.13918509198792467,False,False,True,6.80847442399968e-06,COMPLETE
205,0.43341012597084044,2025-04-08 03:34:30.113029,2025-04-08 03:34:44.246950,0 days 00:00:14.133921,0.33695588137560734,0.010266823060774796,2,0.019962268402992096,0.18659370096336123,0.017275870181949517,0.05335441211341241,0.07288788884538858,0.04457934369827631,0.022642998156955696,14,135,0.08005859416740965,0.13548468110949446,False,False,True,7.031349762462169e-06,COMPLETE
206,0.4049473583698273,2025-04-08 03:34:44.313197,2025-04-08 03:34:59.126097,0 days 00:00:14.812900,0.3033836181545144,0.032780033755889004,2,0.0323863860616621,0.1696062102597555,0.020123788385612577,0.05105872556038889,0.07672617635501484,0.03815516900215092,0.02893450032019673,15,128,0.05956843476311633,0.13972264155966532,False,False,True,6.0931024018606895e-06,COMPLETE
207,0.4067440629005432,2025-04-08 03:34:59.192316,2025-04-08 03:35:12.265447,0 days 00:00:13.073131,0.3642702400826691,0.04019714223599659,2,0.013768734246093678,0.17564698759941705,0.028929242906001417,0.04833623509140573,0.04022171688249497,0.04072810119700706,0.020471490366790763,12,133,0.07937595372373929,0.06505083512495344,False,False,True,4.736937312125373e-06,COMPLETE
208,0.40621937513351447,2025-04-08 03:35:12.333571,2025-04-08 03:35:26.486595,0 days 00:00:14.153024,0.26171115037395154,0.011617085273155268,2,0.02073109502848966,0.15346355811728377,0.018475044867064694,0.051061160365169826,0.02993174834999088,0.03473030314066684,0.035997898118484827,14,136,0.0830206240304679,0.04241204691136403,False,False,True,5.260146166458673e-06,COMPLETE
209,0.43880460858345033,2025-04-08 03:35:26.553138,2025-04-08 03:35:39.236421,0 days 00:00:12.683283,0.3253601544765896,0.07484201318877333,2,0.029413286081102902,0.17551188975956847,0.013447157863602652,0.04693604676953134,0.08542104829907735,0.04278977486346466,0.03901063329929306,11,130,0.08142161916832992,0.1304039723933999,False,False,True,3.87253843854883e-06,COMPLETE
210,0.18056746721267702,2025-04-08 03:35:39.303527,2025-04-08 03:35:52.028889,0 days 00:00:12.725362,0.06269862941640934,0.06480999636215082,2,0.03753300834766082,0.18269492185220765,0.012303054964041667,0.04731754301736574,0.08632515859246236,0.04255725976337032,0.026131632146161363,11,126,0.044408100142695396,0.14064926515607365,False,False,True,9.320477634003643e-06,COMPLETE
211,0.4383381843566895,2025-04-08 03:35:52.097309,2025-04-08 03:36:04.647662,0 days 00:00:12.550353,0.3127379395136915,0.03567134373915934,2,0.02897447474470199,0.16516024605651047,0.013891136477583464,0.03978061462538449,0.0819613855952701,0.045551323108531695,0.04267782336890336,11,130,0.08149217037697336,0.1299903906385589,False,False,True,4.214691691653535e-06,COMPLETE
212,0.4367985785007477,2025-04-08 03:36:04.716234,2025-04-08 03:36:17.361593,0 days 00:00:12.645359,0.3433226332750212,0.04763441148147034,2,0.03141271008731774,0.16350139988866852,0.013946995290569059,0.039674410642518546,0.08466989880657214,0.04682591106498219,0.04020526017708491,11,129,0.08144739976060984,0.13164469003881837,False,False,True,4.042027956668969e-06,COMPLETE
213,0.4268286645412446,2025-04-08 03:36:17.439043,2025-04-08 03:36:29.619534,0 days 00:00:12.180491,0.34247097924383707,0.07533074234261103,2,0.031110947834683482,0.15659573984688127,0.013482097004390427,0.03873774034813865,0.08350187230882906,0.04521942960040679,0.036592346528001744,10,129,0.0809867399498542,0.13034130498169771,False,False,True,7.259241340169769e-06,COMPLETE
214,0.3289864182472229,2025-04-08 03:36:29.687584,2025-04-08 03:36:42.200950,0 days 00:00:12.513366,0.3822815981163,0.05023417846353915,2,0.042002164841942226,0.16618040923673313,0.010657054412810226,0.039652475015671415,0.08451572847237465,0.04657126146599517,0.030475995108724476,11,122,0.08540064792353778,0.13259305712522648,False,False,True,5.0783860387717265e-06,COMPLETE
215,0.4308215916156769,2025-04-08 03:36:42.272560,2025-04-08 03:36:54.979276,0 days 00:00:12.706716,0.32897312902065023,0.07795732337133122,2,0.030739337131871082,0.1645963088671969,0.012488583742128447,0.05276040696156319,0.08774128627906747,0.029804078562216268,0.03714541249378917,11,139,0.08127615075036544,0.1394100772924069,False,False,True,4.251527622951779e-06,COMPLETE
216,0.4290015041828156,2025-04-08 03:36:55.047878,2025-04-08 03:37:03.014806,0 days 00:00:07.966928,0.2792192726325511,0.04111458889524991,8,0.036035465051571056,0.1726591339801581,0.01781361920328922,0.04876597215810035,0.08554822466522542,0.044397871193809786,0.021473812265445834,11,129,0.08261830222346316,0.1239222686647945,False,False,True,2.6911224128947403e-06,COMPLETE
217,0.43281841874122623,2025-04-08 03:37:03.083546,2025-04-08 03:37:15.080413,0 days 00:00:11.996867,0.35196860049684936,0.09629179909317259,2,0.01897318545024795,0.16224283954292368,0.024371420089950965,0.04585580088435025,0.08816948935265609,0.03441872435211108,0.066579728007379,10,136,0.07955687696482112,0.14958825793698674,False,False,True,3.91065822176286e-06,COMPLETE
218,0.43477921485900883,2025-04-08 03:37:15.149991,2025-04-08 03:37:28.319479,0 days 00:00:13.169488,0.08461151666661143,0.05689854741654481,2,0.02798870903943603,0.2090850059059025,0.014083678896509062,0.040118249400082774,0.04463592412149006,0.031617430923944555,0.04183159281789879,12,125,0.0852320619552701,0.14246448703473732,False,False,True,6.400955222844373e-06,COMPLETE
219,0.29098843932151797,2025-04-08 03:37:28.390587,2025-04-08 03:37:41.602185,0 days 00:00:13.211598,0.0648268313341313,0.058471429184134824,2,0.02848246309304453,0.20310583215310268,0.010047734191237775,0.03754362076205594,0.08253900629382928,0.03145655235923913,0.029617402702539816,12,126,0.08683329524524877,0.14594560463041267,False,False,True,8.094498058959505e-06,COMPLETE
220,0.43455348014831546,2025-04-08 03:37:41.682001,2025-04-08 03:37:53.858816,0 days 00:00:12.176815,0.08813012966068227,0.07667924885486097,2,0.035861549240646946,0.1774592386141989,0.013979728822203732,0.03931676367184158,0.04684290192485206,0.03376385187963928,0.01964546992954854,10,125,0.08486586576125323,0.13537740360070627,False,False,True,6.526175827538552e-06,COMPLETE
221,0.4345349907875061,2025-04-08 03:37:53.931514,2025-04-08 03:38:06.014244,0 days 00:00:12.082730,0.08630580436832966,0.081696844419061,2,0.040925057239401215,0.19136475088570273,0.013942095425730086,0.040299932980818305,0.04723305104750392,0.03737377301463534,0.02105153992077793,10,125,0.0854835392230014,0.1349411991709395,False,False,True,6.162431134092493e-06,COMPLETE
222,0.25775971412658694,2025-04-08 03:38:06.086643,2025-04-08 03:38:18.071584,0 days 00:00:11.984941,0.09818711405082402,0.07772682686299952,2,0.040341696572219525,0.18976812713653954,0.014110103607800111,0.04054394747992019,0.04616270223583262,0.03574602516313995,0.01860580014987237,10,122,0.08577740648643997,0.13372823332728032,False,False,True,7.209060437547095e-06,COMPLETE
223,0.1845437437295914,2025-04-08 03:38:18.142818,2025-04-08 03:38:29.992415,0 days 00:00:11.849597,0.08394998622642356,0.04006401778475459,2,0.05106816539652813,0.11711308663387975,0.01370389790400212,0.038976599684221076,0.04952330865869808,0.03762978684198356,0.025340518812662853,10,51,0.08911727003795039,0.1381064122425766,False,False,True,2.7733430646813326e-08,COMPLETE
224,0.12710349559783934,2025-04-08 03:38:30.064009,2025-04-08 03:38:42.540175,0 days 00:00:12.476166,0.09186595940873149,0.05370919635574331,2,0.04343839702589883,0.1789650799955987,0.011963144419537074,0.04111777329012691,0.04313252285940529,0.03237131416422511,0.020484414837271623,11,124,0.08468158919788452,0.12769657573669194,False,False,True,9.397314066133756e-06,COMPLETE
225,0.43463773727417,2025-04-08 03:38:42.614002,2025-04-08 03:38:54.690529,0 days 00:00:12.076527,0.1067716140055045,0.08672217406683096,2,0.0371109856138624,0.17175988143960758,0.014854185623700339,0.03750960891710726,0.044481354726759854,0.03389026612477069,0.016404904962366323,10,126,0.08289607896742576,0.1530412076991363,False,False,True,4.318722608098915e-06,COMPLETE
226,0.17788748145103456,2025-04-08 03:38:54.762937,2025-04-08 03:39:06.892411,0 days 00:00:12.129474,0.040292107442937174,0.03088193113851447,2,0.03423430990830076,0.193261363666278,0.01518039856610026,0.036807085553862945,0.044507215470969225,0.03400902134814689,0.020225342945056346,10,120,0.08258691991614844,0.1407406510793584,False,False,True,4.223719680291224e-06,COMPLETE
