number,value,datetime_start,datetime_complete,duration,params_alpha-eval,params_alpha-train,params_batch-size,params_eps-eval,params_eps-train,params_lambda-actions-eval,params_lambda-actions-train,params_lambda-frames-eval,params_lambda-frames-train,params_learning-rate,params_n-epochs,params_n-frames,params_radius-gw,params_rho,params_std-feats,params_ub-actions,params_ub-frames,params_weight-decay,state
1813,0.25818843245506284,2025-04-08 08:01:04.354829,2025-04-08 08:01:14.002663,0 days 00:00:09.647834,0.2947336770615344,0.6712545458324827,16,0.05599332240324628,0.295001884509942,0.07947359776228045,0.09818366428030782,0.06536880633651004,0.061961879932702954,2.345636947188299e-05,25,112,0.09998096956327396,0.2577623088531303,True,False,True,1.3067568283359295e-06,COMPLETE
1814,0.44096348881721503,2025-04-08 08:01:14.605316,2025-04-08 08:01:24.005212,0 days 00:00:09.399896,0.41950367345009526,0.6475080255997805,16,0.05094912547954005,0.2965293622485309,0.07591185673777553,0.09913708925742681,0.06254647263883974,0.06573499699341255,2.8567766416023744e-05,24,118,0.09993541124585675,0.25580561523995377,True,False,True,2.746284967440315e-06,COMPLETE
1815,0.336317241191864,2025-04-08 08:01:24.598626,2025-04-08 08:01:33.939800,0 days 00:00:09.341174,0.3880806884074046,0.6542928698779981,16,0.06744047446501905,0.2957272545566047,0.07800742819548687,0.09741041295276741,0.06518561646780073,0.06868012709274743,3.783985619834739e-05,24,114,0.09805846628802234,0.2502315416473057,True,False,True,1.7813384345748701e-06,COMPLETE
1816,0.3785863518714905,2025-04-08 08:01:34.542512,2025-04-08 08:01:44.092551,0 days 00:00:09.550039,0.32950316745417907,0.68318845005768,16,0.05225841058958893,0.2995433550496356,0.08039155731372412,0.09810624321094112,0.06854285120248076,0.06751004836504845,2.4608603405761655e-05,25,110,0.09820957612198733,0.24906528845319986,True,False,True,2.368063543525949e-06,COMPLETE
1817,0.2880901277065277,2025-04-08 08:01:44.675476,2025-04-08 08:01:54.249351,0 days 00:00:09.573875,0.29240104157411145,0.679258811095224,16,0.05930821421722379,0.2993642424560927,0.08261424625237457,0.09687094473292648,0.0543714716650259,0.06715806447928886,3.176391565853488e-05,25,120,0.09998439543277693,0.25678544981105816,True,False,True,8.216153899431743e-07,COMPLETE
1818,0.41863883137702945,2025-04-08 08:01:54.824379,2025-04-08 08:02:04.503067,0 days 00:00:09.678688,0.30991416091704305,0.7190373514800943,16,0.04921165073192307,0.2892148355988505,0.07733785899444134,0.09885340594851114,0.06383700869204273,0.07464577851141069,2.3089037144920202e-05,25,116,0.09828977354456885,0.25855618414138026,True,False,True,1.0829285638901084e-06,COMPLETE
1819,0.09904814660549165,2025-04-08 08:02:05.103965,2025-04-08 08:02:14.679952,0 days 00:00:09.575987,0.28388193970550524,0.6355852274920752,16,0.13737041940171907,0.29819269047832886,0.08008700593958214,0.09941627906805076,0.07090583475840595,0.0591152544980234,2.8103145036996226e-05,25,119,0.09807400745273377,0.2565254067261855,True,False,True,3.6839894074846905e-06,COMPLETE
1820,0.44217987060546876,2025-04-08 08:02:15.282111,2025-04-08 08:02:24.735753,0 days 00:00:09.453642,0.34197393918115015,0.634674801262416,16,0.054217113403428926,0.28568511403889524,0.07544735373491224,0.0837865761465351,0.06625212639440586,0.058183463207240375,3.895929396257939e-05,24,113,0.09808608838125446,0.25266197371065574,True,False,True,6.559296573306048e-07,COMPLETE
1821,0.4372139751911164,2025-04-08 08:02:25.316480,2025-04-08 08:02:34.861734,0 days 00:00:09.545254,0.3081731531717061,0.6740968519782866,16,0.04597668344024644,0.29227765618469886,0.08213011553674399,0.0965058588166664,0.06848512385792312,0.0786814782183255,2.2060230928946374e-05,25,117,0.09708734484098576,0.24658568676725154,True,False,True,2.6521613131633354e-06,COMPLETE
1822,0.21191313266754153,2025-04-08 08:02:35.467692,2025-04-08 08:02:44.980205,0 days 00:00:09.512513,0.27767486510455364,0.6984456399550018,16,0.06432574087261037,0.2986764933768146,0.07873078703988018,0.08546623813704977,0.060390028208461705,0.06414066316368101,3.380258523655144e-05,25,110,0.09841739107297397,0.24920302924618332,True,False,True,1.2700391637491835e-06,COMPLETE
1823,0.42614108920097354,2025-04-08 08:02:45.564837,2025-04-08 08:02:55.530356,0 days 00:00:09.965519,0.3272485344125331,0.6862042776352535,16,0.1222171748995749,0.2885254501106148,0.08062097223756107,0.09981110421839198,0.06593135149945764,0.06067278089885785,2.6712291212123373e-05,24,114,0.09990511031931143,0.2512801226745866,True,False,False,1.0706136681674957e-06,COMPLETE
1824,0.44615220427513125,2025-04-08 08:02:56.110020,2025-04-08 08:03:05.642736,0 days 00:00:09.532716,0.29142084231884163,0.5757431050863228,16,0.04919016234346385,0.28631015797437237,0.07762574002762827,0.0889844520967023,0.06229995549106549,0.07711562465922872,2.376934687618384e-05,25,120,0.09999499966532062,0.24601860752495777,True,False,True,2.08078338133514e-06,COMPLETE
1825,0.44456911087036133,2025-04-08 08:03:06.261673,2025-04-08 08:03:15.842366,0 days 00:00:09.580693,0.31113242283522774,0.5852392417163967,16,0.05688409644440035,0.29264539977560433,0.08362149846772779,0.08743239054637997,0.07145199289898505,0.0691170976474094,3.1906354212911216e-05,25,115,0.09674018441375326,0.2552041916362133,True,False,True,1.281432098257102e-06,COMPLETE
1826,0.4478437423706055,2025-04-08 08:03:16.450477,2025-04-08 08:03:25.923405,0 days 00:00:09.472928,0.35875727326518775,0.6573959358025664,16,0.04289813363122358,0.28418227069118374,0.08199566712197744,0.08321741501450787,0.06391277493086099,0.057840747271626046,3.943843185702938e-05,24,118,0.09672474750863584,0.2615522057596093,True,False,True,1.705407025118533e-06,COMPLETE
1827,0.35193159580230715,2025-04-08 08:03:26.508571,2025-04-08 08:03:36.023906,0 days 00:00:09.515335,0.25874711332685973,0.6191635397353867,16,0.05118134773713232,0.2858327712287463,0.07597593266901831,0.09996036515510637,0.0695201083082634,0.08033955877712755,2.0850455727640716e-05,25,112,0.0979362245911443,0.2427169862327644,True,False,True,2.8633546333211763e-06,COMPLETE
1828,0.40739445090293885,2025-04-08 08:03:36.633272,2025-04-08 08:03:46.322611,0 days 00:00:09.689339,0.2764554059025924,0.5805954912992953,16,0.04540391930368975,0.29290372402512305,0.07908511585800784,0.0906522346099519,0.06752677066060211,0.08120457302348617,2.8443272759124598e-05,25,121,0.0964552265750407,0.2453441753785946,True,True,True,3.1411237501224702e-06,COMPLETE
1829,0.43363890647888187,2025-04-08 08:03:46.907535,2025-04-08 08:04:08.228213,0 days 00:00:21.320678,0.3377212357692393,0.5897927373331063,2,0.05563555097605596,0.2829117454160367,0.0801106614220315,0.08543792761527655,0.07332113923024869,0.07519089752756755,2.50720202952579e-05,26,116,0.09819364871841585,0.2426319442901271,True,False,True,9.934939900586175e-07,COMPLETE
1830,0.3175637423992157,2025-04-08 08:04:08.813362,2025-04-08 08:04:18.521856,0 days 00:00:09.708494,0.2994560326389381,0.6286830520466224,16,0.04432918484724763,0.2994487960564179,0.08265671738108195,0.09619742061410114,0.06556371283711107,0.052255869263526065,2.112531881699607e-05,25,120,0.03459919839009977,0.2524884477299707,True,False,True,2.1335990109584767e-07,COMPLETE
1831,0.40719243288040163,2025-04-08 08:04:19.126536,2025-04-08 08:04:28.497534,0 days 00:00:09.370998,0.3226135458296974,0.5740310556000672,16,0.04999368417420795,0.13763580671248113,0.07710748210213673,0.08903362368625248,0.06972169688133657,0.0821114462825507,3.2193140057041385e-05,24,110,0.09989287600418631,0.2638718272162901,True,False,True,1.7011615230726612e-06,COMPLETE
1832,0.4284333467483521,2025-04-08 08:04:29.103353,2025-04-08 08:04:38.776571,0 days 00:00:09.673218,0.25634919716847226,0.6133249501552714,16,0.06132695271092051,0.2922055733121772,0.07527329574209045,0.09992979852594752,0.06781556679742563,0.07850259384444173,0.0009005930655633036,26,117,0.0958892566784653,0.2697539095133994,True,False,True,2.017430684090336e-07,COMPLETE
1833,0.4066786587238312,2025-04-08 08:04:39.364674,2025-04-08 08:04:48.907964,0 days 00:00:09.543290,0.28684825705654393,0.5671435130640725,16,0.08063107061060906,0.19689305502838045,0.08033534906916277,0.09186922967433417,0.06141113968211554,0.08089902777463084,2.6706472715639658e-05,25,113,0.09997022604342767,0.2410630351740323,True,False,True,2.063825559041795e-07,COMPLETE
1834,0.4483301758766175,2025-04-08 08:04:49.492282,2025-04-08 08:04:59.300197,0 days 00:00:09.807915,0.3094192292504937,0.591750468668976,16,0.04189679387962801,0.29874377867081303,0.08449376246040148,0.08733231962432478,0.0641292011603558,0.08205947583256788,2.1902895037044196e-05,26,122,0.09643388672302836,0.23659547203575457,True,False,True,1.3081009950088618e-06,COMPLETE
1835,0.43679131269454957,2025-04-08 08:04:59.907332,2025-04-08 08:05:09.466262,0 days 00:00:09.558930,0.3727436711237074,0.6647190637628742,16,0.05212379745878232,0.28334283992378356,0.07814845490573906,0.09668645219178634,0.07148139783506476,0.0714289309010608,3.870330649384971e-05,25,119,0.09469443247237275,0.24822480696911053,True,False,True,2.0180894553742617e-07,COMPLETE
1836,0.4397298038005829,2025-04-08 08:05:10.053892,2025-04-08 08:05:19.693698,0 days 00:00:09.639806,0.2746378693309002,0.5679798592512965,16,0.038284748901583426,0.28502898294425455,0.08197260728635095,0.09324691813239866,0.06642031722108953,0.08018301143685932,3.0190283736102448e-05,26,115,0.06285662030600489,0.26637851768045684,True,False,True,9.552471652426837e-07,COMPLETE
1837,0.43127084970474244,2025-04-08 08:05:20.301217,2025-04-08 08:05:29.851553,0 days 00:00:09.550336,0.343515724363719,0.6058831103469149,16,0.04668969980668015,0.2981406659882637,0.08987029242984873,0.09015935190872745,0.02053062908685306,0.060841421040008135,1.9178898758041103e-05,24,122,0.09790466779160113,0.23535071959454587,True,False,True,7.367698391380986e-07,COMPLETE
1838,0.3696528196334839,2025-04-08 08:05:30.465700,2025-04-08 08:05:39.895850,0 days 00:00:09.430150,0.29613409039052274,0.579847805919569,16,0.05817126530284794,0.28941845741646927,0.07544187685655182,0.09469837359499522,0.06808250959555022,0.07844610716285857,2.5389841393044932e-05,24,117,0.09679666380961492,0.23395093239854206,True,False,True,4.6841078709225965e-06,COMPLETE
1839,0.4383502721786499,2025-04-08 08:05:40.494614,2025-04-08 08:05:50.033453,0 days 00:00:09.538839,0.2544226281755974,0.5575028731163406,16,0.03302137154122266,0.29981878830121605,0.07894483693418936,0.09999373940593786,0.06376142987642144,0.08257601537775298,2.3350336782023285e-05,25,112,0.06674507594757305,0.2529346990297309,True,False,True,2.0476907835787505e-06,COMPLETE
1840,0.44564652442932134,2025-04-08 08:05:50.646630,2025-04-08 08:06:00.286118,0 days 00:00:09.639488,0.32389872508735373,0.5576888043867303,16,0.044644332632140765,0.28338981458430224,0.08122221773669412,0.08122342387851957,0.07349700296524571,0.0554817032559768,3.3103969173149224e-05,26,109,0.0940064913385278,0.24303836972916182,True,False,True,3.879699983766914e-06,COMPLETE
1841,0.3851040244102478,2025-04-08 08:06:00.873323,2025-04-08 08:06:10.553299,0 days 00:00:09.679976,0.2804327833738639,0.6241855827096086,16,0.039369318141043226,0.2992516458362018,0.08345728783560687,0.09192759259538595,0.07004854251034906,0.07637887198279668,1.9726017389113767e-05,26,119,0.055091216868081286,0.23268427493367633,True,False,True,2.4087712780976305e-07,COMPLETE
1842,0.4289021492004395,2025-04-08 08:06:11.169947,2025-04-08 08:06:21.257145,0 days 00:00:10.087198,0.3065025559779556,0.5855827940525437,16,0.05108453375231607,0.2906256944229803,0.07710409874834459,0.0859732680248338,0.06585428705262665,0.08319361724326357,2.5624775113111852e-05,25,115,0.09993938486007328,0.2396453521461937,True,False,False,1.5591875667947615e-06,COMPLETE
1843,0.38703196048736577,2025-04-08 08:06:21.844397,2025-04-08 08:06:31.590825,0 days 00:00:09.746428,0.35040108865767494,0.5528187063175891,16,0.06833604657505288,0.28094238375592084,0.07971060351149274,0.08892065612474048,0.004712405419232665,0.07970057133607375,3.858104626165239e-05,26,123,0.09803634038684103,0.245493762154435,True,False,True,2.4695464151166544e-06,COMPLETE
1844,0.4485375404357911,2025-04-08 08:06:32.201041,2025-04-08 08:06:41.742437,0 days 00:00:09.541396,0.32622748016077074,0.6398472661562291,16,0.046594278175507584,0.2875442711997606,0.08647613526030094,0.08999052382240623,0.06149808874824643,0.08308525656677476,2.925795628607927e-05,25,119,0.09621066858221465,0.23837097585041195,True,False,True,1.8416228404213566e-07,COMPLETE
1845,0.44901596307754515,2025-04-08 08:06:42.327389,2025-04-08 08:06:51.715073,0 days 00:00:09.387684,0.26856173296024327,0.6029707966840102,16,0.03279418626513108,0.2818686904593451,0.0842054744167351,0.09654085076124898,0.06841006775361454,0.08119837338281823,2.2448343792253427e-05,24,114,0.09486402044459132,0.2305461244055471,True,False,True,2.6548926547147957e-07,COMPLETE
1846,0.3582386732101441,2025-04-08 08:06:52.330526,2025-04-08 08:07:02.056979,0 days 00:00:09.726453,0.2934455096148546,0.5710048835931854,16,0.05467739940358928,0.28917599251517645,0.07771201427809175,0.08346498595759003,0.07203970792656675,0.08346865696447563,1.830670689040087e-05,26,117,0.09805057818290891,0.2544990064853636,True,False,True,8.92223994876263e-07,COMPLETE
1847,0.4484829485416413,2025-04-08 08:07:02.644060,2025-04-08 08:07:12.349539,0 days 00:00:09.705479,0.31359963743491137,0.5436797203039853,16,0.03948486222961889,0.29276919533265633,0.08145257987505582,0.0876255859833179,0.06566803381467594,0.07786032060951087,3.201219426343135e-05,25,122,0.09357788736646536,0.21833487032269738,True,False,True,1.7731398841872841e-06,COMPLETE
1848,0.3606888473033905,2025-04-08 08:07:12.960097,2025-04-08 08:07:22.569461,0 days 00:00:09.609364,0.25275283440755725,0.5881957943198806,16,0.04403062704179168,0.2800779290432086,0.023444648245553586,0.09286249598474236,0.06314921256729097,0.07941636342230213,2.675451607758607e-05,26,111,0.0961424423673654,0.24589606177496776,True,True,True,1.9377922439132e-07,COMPLETE
1849,0.445077258348465,2025-04-08 08:07:23.185184,2025-04-08 08:07:32.790618,0 days 00:00:09.605434,0.2883660496302216,0.5706629053990144,16,0.048257828892212626,0.29902401962258723,0.0793622671797635,0.09455745010215225,0.06978729146774136,0.08295680732552631,2.243445074013834e-05,25,120,0.09996178100169369,0.2610056195961163,True,False,True,2.4597906997300453e-07,COMPLETE
1850,0.44669199585914615,2025-04-08 08:07:33.382632,2025-04-08 08:07:42.822354,0 days 00:00:09.439722,0.32523242894540755,0.5515081319905037,16,0.03249840461008768,0.2860220582945382,0.07501164250876449,0.09114992257522193,0.06711852681616234,0.0629410231518058,3.459641791361402e-05,24,115,0.09808613653812615,0.22746425718285035,True,False,True,2.1431657639579006e-07,COMPLETE
1851,0.2239588260650635,2025-04-08 08:07:43.438071,2025-04-08 08:07:53.322239,0 days 00:00:09.884168,0.27160875919423494,0.6088433593036024,16,0.06017610910157049,0.28383469300552366,0.08284235648946771,0.08599405881338698,0.06493155349069026,0.08446294724448754,2.0226137326126943e-05,26,125,0.09514418286700048,0.23884254088537063,True,False,True,1.8268664221183627e-07,COMPLETE
1852,0.4284488081932068,2025-04-08 08:07:53.920536,2025-04-08 08:08:14.858803,0 days 00:00:20.938267,0.30417121080451265,0.5677092694386344,2,0.038974614124124694,0.2809640200809545,0.0886628630932067,0.08835651761934996,0.05783681082242994,0.08184658198530334,2.7642818017576447e-05,25,118,0.09668486090916491,0.2182207279745316,True,False,True,6.362071088492473e-07,COMPLETE
1853,0.44468069672584537,2025-04-08 08:08:15.472979,2025-04-08 08:08:25.127573,0 days 00:00:09.654594,0.3441655572736634,0.5456522364143567,16,0.053166282805342295,0.2889399079984489,0.0854145832989174,0.08083275303610535,0.07080331625021904,0.08045789412762375,3.93490329571533e-05,26,109,0.09997820632806854,0.23226456276247523,True,False,True,1.4233736871509433e-06,COMPLETE
1854,0.42678802609443667,2025-04-08 08:08:25.720596,2025-04-08 08:08:35.223247,0 days 00:00:09.502651,0.2875819443640438,0.5869874309188935,16,0.04383689234096651,0.29378617924612027,0.08031942130788594,0.09681328360292193,0.0596297352696975,0.08419613902599378,1.877868587012677e-05,25,113,0.09298785603611438,0.22254354660752126,True,False,True,1.8218001709073937e-07,COMPLETE
1855,0.390128231048584,2025-04-08 08:08:35.841624,2025-04-08 08:08:45.457594,0 days 00:00:09.615970,0.2563099474885539,0.6293140906436856,16,0.049008439414883136,0.28017877568918165,0.07746393550563564,0.0918364467115329,0.06808992565816155,0.07745405542134917,2.3980110980437087e-05,25,122,0.09519169648294191,0.2394655763396005,True,False,True,2.804124897311016e-07,COMPLETE
1856,0.4488636910915375,2025-04-08 08:08:46.051229,2025-04-08 08:08:55.754666,0 days 00:00:09.703437,0.3088084741371645,0.5553005407777999,16,0.037605484504904564,0.29219794547952843,0.08249175527077918,0.0846919426085639,0.06271048711345467,0.08219241312804668,3.023315123897023e-05,26,117,0.09800980611284443,0.22855016051503252,True,False,True,2.4227794934823546e-07,COMPLETE
1857,0.30184697508811953,2025-04-08 08:08:56.370694,2025-04-08 08:09:05.799062,0 days 00:00:09.428368,0.36552587580786217,0.5985513426737199,16,0.056070533657818854,0.2832466235053504,0.07578355330021637,0.08979090089925762,0.0660658152217183,0.07602580239843824,2.2760250974794514e-05,24,112,0.09362679041934953,0.21694785006270148,True,False,True,1.8007952892921554e-07,COMPLETE
1858,0.43996505141258246,2025-04-08 08:09:06.419411,2025-04-08 08:09:14.845936,0 days 00:00:08.426525,0.27645332080238927,0.5411875843235596,16,0.03341760727089904,0.28187188441634753,0.07898005144319502,0.09430523664994202,0.0736155315540006,0.056964428095352085,2.844362293912482e-05,26,13,0.09692211844482226,0.2505322786679336,True,False,True,1.6795739632526063e-07,COMPLETE
1859,0.44367468357086187,2025-04-08 08:09:15.439281,2025-04-08 08:09:25.003001,0 days 00:00:09.563720,0.3309441348984545,0.574337866267793,16,0.041507534351983656,0.29862649248110734,0.08445468045892764,0.08756585354202735,0.06896550621640413,0.07205020772465623,1.7921633884362026e-05,25,119,0.09820442230574765,0.23432454573249278,True,False,True,2.946934060640781e-07,COMPLETE
1860,0.3740759074687958,2025-04-08 08:09:25.622722,2025-04-08 08:09:35.709512,0 days 00:00:10.086790,0.2496239372438456,0.6173521089123056,16,0.048888672737468594,0.11370024127129713,0.08129621830630658,0.0924631635648686,0.07142022226182528,0.06813141146521416,3.435956480408567e-05,24,124,0.0999899959368156,0.22757813811939365,True,False,False,2.3509306403665368e-07,COMPLETE
1861,0.4495167136192322,2025-04-08 08:09:36.303343,2025-04-08 08:09:45.935602,0 days 00:00:09.632259,0.3013829048933102,0.5603587656551187,16,0.043222726444985704,0.27797833299338925,0.08728483680960335,0.09793722290041974,0.06391236400300772,0.08427365749269952,2.4279785266015406e-05,26,115,0.09537979203094048,0.24497032639151026,True,False,True,1.0847737590415995e-06,COMPLETE
1862,0.3672006487846375,2025-04-08 08:09:46.527470,2025-04-08 08:09:56.210963,0 days 00:00:09.683493,0.39010803992002374,0.669067516564609,16,0.06445334766186521,0.2993492702554432,0.07732790613412349,0.09040375502758838,0.06654944435315242,0.08020311233034624,3.9175865001338566e-05,25,121,0.09355791310086269,0.2566081776067509,True,False,True,5.895518884983185e-07,COMPLETE
1863,0.23717448115348816,2025-04-08 08:09:56.822961,2025-04-08 08:10:06.417440,0 days 00:00:09.594479,0.26860555912435374,0.6535268089952235,16,0.05306846689448465,0.28760371923238415,0.08027033334823372,0.09517678824263738,0.06102095279068954,0.08358206778593485,1.8916323629919805e-05,26,109,0.0966864941384175,0.21417307765978927,True,False,True,1.973091350856358e-06,COMPLETE
1864,0.39550231099128724,2025-04-08 08:10:07.045989,2025-04-08 08:10:16.746791,0 days 00:00:09.700802,0.3205787649047202,0.5387150832158734,16,0.03760677348666587,0.27726745498117183,0.0832125211699686,0.0886956478435661,0.06983158785707394,0.08530205489089807,0.07874981651391974,25,117,0.0919220588885726,0.22505282757595246,True,False,True,2.0171030112096796e-07,COMPLETE
1865,0.4114423513412476,2025-04-08 08:10:17.342581,2025-04-08 08:10:27.039737,0 days 00:00:09.697156,0.29251574213298853,0.5866167157548472,16,0.032783129453051,0.18861423320519785,0.07863246257520236,0.08625175276300394,0.06461162781823007,0.07874126723181703,2.8785059818507054e-05,26,113,0.0982603909501123,0.23524316104992843,True,False,True,3.5348493068632073e-07,COMPLETE
1866,0.4056399047374726,2025-04-08 08:10:27.664344,2025-04-08 08:10:37.183076,0 days 00:00:09.518732,0.35617387806545425,0.5693069917988456,16,0.05867880005426845,0.2908533853682579,0.07531313641883705,0.09262406932029417,0.06714152436752767,0.08158312311780382,2.280626868262696e-05,24,120,0.09499753235818466,0.2500398221977051,True,True,True,1.6831154191395584e-07,COMPLETE
1867,0.30833407044410704,2025-04-08 08:10:37.777310,2025-04-08 08:10:47.570500,0 days 00:00:09.793190,0.25165485201166243,0.5424666949369883,16,0.04885824665483508,0.2845005418394028,0.08126525172537152,0.08349451258321006,0.07320208863447876,0.07448319239394788,1.6765274487065777e-05,25,125,0.09692039348788677,0.21971466438033843,True,False,True,1.5752190716268163e-07,COMPLETE
1868,0.44596971869468693,2025-04-08 08:10:48.187029,2025-04-08 08:10:57.840799,0 days 00:00:09.653770,0.3362617223596617,0.5948846310920245,16,0.043816819680892884,0.27885483371891023,0.08595047353646171,0.09019312443125477,0.06898847770488947,0.0850222262696702,3.342373676493774e-05,26,116,0.09392872345132781,0.2419702826272434,True,False,True,8.53806275521672e-07,COMPLETE
1869,0.4055782735347748,2025-04-08 08:10:58.464132,2025-04-08 08:11:08.255402,0 days 00:00:09.791270,0.2840838201267087,0.5608688251613897,16,0.05384635227725489,0.07193344849576293,0.07878411057503526,0.09992136641498534,0.07132466386694684,0.08231469559366966,2.7787919902003587e-05,26,122,0.0982202662716911,0.23317757882848633,True,False,True,2.7189992244803694e-07,COMPLETE
