number,value,datetime_start,datetime_complete,duration,params_alpha-eval,params_alpha-train,params_batch-size,params_eps-eval,params_eps-train,params_lambda-actions-eval,params_lambda-actions-train,params_lambda-frames-eval,params_lambda-frames-train,params_learning-rate,params_n-epochs,params_n-frames,params_radius-gw,params_rho,params_std-feats,params_ub-actions,params_ub-frames,params_weight-decay,state
793,0.25732595324516294,2025-04-08 05:13:36.232946,2025-04-08 05:13:45.460714,0 days 00:00:09.227768,0.15510183380585776,0.5034233932884701,16,0.046874237660377044,0.2668575706322679,0.06918596155962645,0.07008939761536742,0.06112797410166287,0.09329045948510574,3.307213440053744e-05,26,92,0.0856612009995343,0.11317028179885148,False,False,False,1.120250430052916e-07,COMPLETE
794,0.44657101631164553,2025-04-08 05:13:45.707466,2025-04-08 05:13:54.362942,0 days 00:00:08.655476,0.18361186260915188,0.46325154020306314,16,0.02373856319611395,0.26215167216041696,0.08006833101406641,0.07258218911834247,0.07522282447628226,0.09044351848908336,3.0305499777968744e-05,26,89,0.08731518948729022,0.11457027211060235,False,False,True,3.471261978879602e-08,COMPLETE
795,0.3983249068260193,2025-04-08 05:13:54.623119,2025-04-08 05:14:03.339970,0 days 00:00:08.716851,0.18288016012445052,0.48056846599238734,16,0.0337527111908269,0.2618454342627324,0.08001209039340965,0.07280030271847923,0.07403526413074747,0.08846263268807518,1.917365667308032e-05,26,93,0.0880365836419082,0.11526847451612379,False,False,True,2.950951990140718e-08,COMPLETE
796,0.4288368403911591,2025-04-08 05:14:03.600109,2025-04-08 05:14:12.465872,0 days 00:00:08.865763,0.19425275787924193,0.4593114978745242,16,0.0312429317045193,0.26012052955666676,0.07884173220984422,0.06970129722537519,0.07663616784463936,0.09060656440796773,2.5353404443535065e-05,27,90,0.08657828972883681,0.1123746256213567,False,False,True,6.356349469129689e-08,COMPLETE
797,0.09161181449890138,2025-04-08 05:14:12.711933,2025-04-08 05:14:21.354432,0 days 00:00:08.642499,0.188424875171947,0.49098310192665295,16,0.02454728110879049,0.2693630631697448,0.07659066258238868,0.07311881153018969,0.07722784376905759,0.09026904891894412,2.757971296453013e-05,26,95,0.08766909876340856,0.108239723594898,False,True,True,1.858004457336324e-08,COMPLETE
798,0.2354282796382904,2025-04-08 05:14:21.613681,2025-04-08 05:14:30.808832,0 days 00:00:09.195151,0.21310035765037078,0.4700235163920274,16,0.03796263657417918,0.2677079143738481,0.07455546784587472,0.06993050272535015,0.07204035977834838,0.08975995926308745,2.1158257692920127e-05,26,91,0.08832625535294689,0.10944375325656132,True,False,True,3.9353845831165654e-08,COMPLETE
799,0.415396785736084,2025-04-08 05:14:31.068861,2025-04-08 05:14:39.884937,0 days 00:00:08.816076,0.17150910535509872,0.43716978548615765,16,0.03101342154741854,0.2603236482757641,0.08105009516406908,0.07510213627751729,0.07733346341379253,0.09126991544477689,3.5533334899647334e-05,27,89,0.08943441484333398,0.11615268543421198,False,False,True,4.7273674453807516e-08,COMPLETE
800,0.41671665310859685,2025-04-08 05:14:40.130478,2025-04-08 05:14:48.809959,0 days 00:00:08.679481,0.4440460720334961,0.510555407022602,16,0.02479411562410863,0.26014896487614914,0.0745007647866181,0.0665567830587592,0.07491031413656643,0.08967344874102379,2.9746807268576594e-05,26,95,0.08810698941332831,0.11680680074850884,False,False,True,2.564286711539058e-08,COMPLETE
801,0.4456110894680023,2025-04-08 05:14:49.068716,2025-04-08 05:14:57.738264,0 days 00:00:08.669548,0.19936096695987918,0.46671132697232776,16,0.02145391324031554,0.27054131123393127,0.07120987875832707,0.07116783834444562,0.07481450338744772,0.08975276420383399,2.518769043177789e-05,26,89,0.0899989533606842,0.10786971608429262,False,False,True,3.814752306206967e-08,COMPLETE
802,0.22695367932319643,2025-04-08 05:14:57.999928,2025-04-08 05:15:06.899336,0 days 00:00:08.899408,0.17538278124581783,0.4894372344476868,16,0.044884270660472084,0.265473326659383,0.06607798365057356,0.06501116041715012,0.07506041424720121,0.09323995369836732,4.0490804860752014e-05,27,92,0.086237363953741,0.046210704092560714,False,False,True,6.230298147042179e-08,COMPLETE
803,0.41516914963722235,2025-04-08 05:15:07.146769,2025-04-08 05:15:15.684306,0 days 00:00:08.537537,0.21841129616076185,0.4339224979778326,16,0.029017855241226784,0.258136985967535,0.07140974346892418,0.06876958297973781,0.07858972255683676,0.08836284293271904,3.5607533833087517e-05,26,58,0.08460599480070759,0.10783157254883188,False,False,True,4.3144785460170906e-08,COMPLETE
804,0.44528462886810305,2025-04-08 05:15:15.946067,2025-04-08 05:15:24.531456,0 days 00:00:08.585389,0.15434617596808456,0.4590543291878405,16,0.021156225282737313,0.2621551042810471,0.06809447006478461,0.07556486884403835,0.0709125843877966,0.09260514904339907,3.8449557866061015e-05,25,96,0.08908340740832918,0.11621142074014273,False,False,True,2.1430644847554548e-08,COMPLETE
805,0.4373564004898072,2025-04-08 05:15:24.779475,2025-04-08 05:15:33.312081,0 days 00:00:08.532606,0.18945643773401116,0.4802176067711833,16,0.019596763384269644,0.2699383442829333,0.06465265488789476,0.07263355713801688,0.0776511452372609,0.09054744748110383,1.3926228077576231e-05,25,88,0.09015938463059495,0.10991491051200714,False,False,True,7.463072726495247e-08,COMPLETE
806,0.43581535220146184,2025-04-08 05:15:33.573927,2025-04-08 05:15:42.283611,0 days 00:00:08.709684,0.17598635243170127,0.4544453043154383,16,0.025248200832153695,0.258113438579001,0.07801539076566646,0.06765446312218079,0.08256270821567169,0.08747613420459217,1.6870953118799518e-05,26,87,0.08835979610835808,0.1032873813832433,False,False,True,3.332870194214847e-08,COMPLETE
807,0.4432483553886414,2025-04-08 05:15:42.545306,2025-04-08 05:15:51.126123,0 days 00:00:08.580817,0.21524084917451464,0.4295723483077941,16,0.01754200648286707,0.27777392588850425,0.0729654102475273,0.07165504144946382,0.07345888928412674,0.09395886054563024,4.201657775718233e-05,25,93,0.08576850588193631,0.1090132405249781,False,False,True,5.538326119668298e-08,COMPLETE
808,0.4281014144420624,2025-04-08 05:15:51.378424,2025-04-08 05:16:00.069909,0 days 00:00:08.691485,0.23867092671200316,0.5021545893977025,16,0.030545059299513663,0.2569613333200431,0.06680458289210625,0.06660108071999243,0.0755903011383372,0.08906360856970763,2.8882349165753476e-05,25,91,0.0907178836248738,0.10547385175883313,False,False,True,2.958526574333019e-08,COMPLETE
809,0.44665811061859134,2025-04-08 05:16:00.331014,2025-04-08 05:16:09.098157,0 days 00:00:08.767143,0.15235058401449866,0.4681388680200246,16,0.016860751585368636,0.26480171011877635,0.06941712955855739,0.06969972394508152,0.06993728663432305,0.0904001702520011,3.452682544837465e-05,27,87,0.08767825939177074,0.11668124892887441,False,False,True,3.5947234945621315e-08,COMPLETE
810,0.445568460226059,2025-04-08 05:16:09.361693,2025-04-08 05:16:18.116313,0 days 00:00:08.754620,0.19803929827548133,0.4658951977486284,16,0.02430377761744208,0.2721014228308507,0.06988215117148328,0.07138665030820339,0.07043030096200803,0.08702286474039955,3.4756955790574884e-05,27,93,0.08894847823405917,0.116530668154337,False,False,True,3.755899158311435e-08,COMPLETE
811,0.2505164027214051,2025-04-08 05:16:18.366389,2025-04-08 05:16:27.169584,0 days 00:00:08.803195,0.19139232539025566,0.4838632016838311,16,0.03969236526948003,0.2670765441762119,0.06847886171795067,0.07003453317889016,0.07342005186329321,0.08960262790014412,3.0287853725603825e-05,27,90,0.08613436017923672,0.10276909851538063,False,False,True,2.553141105671636e-08,COMPLETE
812,0.44350841641426086,2025-04-08 05:16:27.432031,2025-04-08 05:16:36.217353,0 days 00:00:08.785322,0.1585696080736784,0.444251367945391,16,0.019639217291276947,0.26485011840256195,0.07157031386079443,0.07706306466942914,0.07222182015513864,0.09184947257797749,2.5379367980782464e-05,27,96,0.08524004063658647,0.11666419320328061,False,False,True,4.179057385058061e-08,COMPLETE
813,0.279112708568573,2025-04-08 05:16:36.482746,2025-04-08 05:16:45.746102,0 days 00:00:09.263356,0.21102580585800473,0.46794145269077597,16,0.027360261649688727,0.27804053333029477,0.06486871267351446,0.06947971199382122,0.07067888977710321,0.08731103586729275,3.712662217263703e-05,26,86,0.08730444624805773,0.10403022376643026,False,False,False,6.399610904362433e-08,COMPLETE
814,0.39135333299636843,2025-04-08 05:16:46.000114,2025-04-08 05:16:54.624125,0 days 00:00:08.624011,0.7652113247713537,0.5213268099127845,16,0.03525866780935959,0.27085881016470054,0.07592120876424746,0.06669413532219373,0.07495818200547126,0.09323553089940792,4.3878644778818386e-05,26,88,0.08796276977692878,0.11095830942483506,False,False,True,3.415912357303991e-08,COMPLETE
815,0.41333869099617004,2025-04-08 05:16:54.885080,2025-04-08 05:17:03.472493,0 days 00:00:08.587413,0.23364025518086667,0.4289957461597641,16,0.01629496664896868,0.26177963381716773,0.0703059316051531,0.06743079975275766,0.07412597434428424,0.08924228654898286,3.148657904270563e-05,27,62,0.09030911437848438,0.10174566117897468,False,False,True,1.5365950370485115e-08,COMPLETE
816,0.3669400215148926,2025-04-08 05:17:03.736842,2025-04-08 05:17:12.272741,0 days 00:00:08.535899,0.7247712027896687,0.49611331007134774,16,0.05456548608960306,0.2645225797320781,0.06764346013536539,0.07431408382761497,0.0794637675876618,0.08640744482637379,2.360049448019657e-05,25,91,0.0874249643165411,0.1107458522973161,False,False,True,2.1313924533567233e-08,COMPLETE
817,0.4057330310344696,2025-04-08 05:17:12.526419,2025-04-08 05:17:21.858889,0 days 00:00:09.332470,0.17698326985692986,0.45010137276616935,16,0.020770423163381267,0.27427342209791944,0.07349757648427817,0.07249772052693854,0.07003890685365531,0.09074667062181732,4.185702984631189e-05,26,94,0.09018193992386844,0.29834722284164183,True,True,True,5.2019822932404294e-08,COMPLETE
818,0.4426338315010071,2025-04-08 05:17:22.121821,2025-04-08 05:17:31.000624,0 days 00:00:08.878803,0.1712236279406151,0.4779198973900564,16,0.015865443083698517,0.2569738812280737,0.0833519292266868,0.06830842709389925,0.06787582342489931,0.08820086323873491,2.1645542547083347e-05,27,87,0.08819826099737883,0.11905204920252178,False,False,True,4.396576922631033e-08,COMPLETE
819,0.4435297429561615,2025-04-08 05:17:31.265684,2025-04-08 05:17:39.815823,0 days 00:00:08.550139,0.19300369769610853,0.4254964777921406,16,0.02327365201669095,0.2691500620741752,0.06596241948268902,0.07099983449641746,0.07668067861852935,0.09128850284224846,3.5377265749786906e-05,25,90,0.08444802523781929,0.10089993702044442,False,False,True,3.234137134229867e-08,COMPLETE
820,0.44143257141113285,2025-04-08 05:17:40.068851,2025-04-08 05:17:48.763208,0 days 00:00:08.694357,0.21830390641991898,0.4566222057243552,16,0.015346647798243723,0.2640398224548956,0.0690131159410061,0.06581861237127383,0.07233445468082421,0.08633865266733967,5.009901541593609e-05,26,98,0.09030697311050373,0.10693959779894652,False,False,True,2.4617606951856867e-08,COMPLETE
821,0.3806272387504578,2025-04-08 05:17:49.028282,2025-04-08 05:17:57.593592,0 days 00:00:08.565310,0.15447919202350996,0.5024363372664996,16,0.02936041264577345,0.28195209211378486,0.06357769943144088,0.06830563163542006,0.08431980175195174,0.06600089406769269,1.8937523519907186e-05,25,86,0.08556496696356695,0.09794925179644563,False,False,True,1.0036782229793666e-07,COMPLETE
822,0.447426962852478,2025-04-08 05:17:57.867125,2025-04-08 05:18:06.603956,0 days 00:00:08.736831,0.18800951233287116,0.43834759441915755,16,0.010764849169399654,0.25801297936569156,0.07139462026692218,0.07403696925446938,0.07924893144856354,0.09396640428778708,3.05278167034919e-05,26,93,0.09092422403649594,0.10898509640200925,False,False,True,7.387781499217962e-08,COMPLETE
823,0.447345119714737,2025-04-08 05:18:06.875144,2025-04-08 05:18:15.606493,0 days 00:00:08.731349,0.16007949477252986,0.46877649570354457,16,0.023817958034293183,0.2714538671089164,0.07207998544856806,0.07383085935297903,0.07877930551429711,0.09328684201223288,3.260328004637328e-05,26,93,0.09137738031335332,0.12007061068570028,False,False,True,7.161524534693256e-08,COMPLETE
824,0.26032880544662473,2025-04-08 05:18:15.868129,2025-04-08 05:18:24.560279,0 days 00:00:08.692150,0.15222602171005858,0.4813683867087309,16,0.038456323394749914,0.2766571214171826,0.07475664573851144,0.07918333869352914,0.0767708461655581,0.09504475559219971,2.997472221550239e-05,26,98,0.0914391781124583,0.11670161090191129,False,False,True,8.617797124244295e-08,COMPLETE
825,0.372935539484024,2025-04-08 05:18:24.828952,2025-04-08 05:18:33.638294,0 days 00:00:08.809342,0.15573519376456063,0.5146375850843803,16,0.0338322406605339,0.27340804545203146,0.07082991439553872,0.07508786250955062,0.08088553418967323,0.09358130739933487,2.7927471692371325e-05,27,94,0.09138282592560322,0.11798568077505421,False,False,True,1.575298080092285e-07,COMPLETE
826,0.36267752647399903,2025-04-08 05:18:33.909029,2025-04-08 05:18:42.395929,0 days 00:00:08.486900,0.1702139424019254,0.4723289247656881,16,0.029103432928815513,0.2796431721626262,0.07287301281108328,0.07374142203334538,0.07907003044004662,0.09470752525265437,2.4107738134087355e-05,26,36,0.08762990816879143,0.11935850315781144,False,False,True,8.883619138444244e-08,COMPLETE
827,0.44440889358520513,2025-04-08 05:18:42.653424,2025-04-08 05:18:51.511747,0 days 00:00:08.858323,0.1670636755193549,0.5394841573874343,16,0.025552132048226175,0.26949003164147295,0.07185460405528499,0.07526998328115847,0.07902156471817146,0.09299787004777153,2.975998338838204e-05,27,101,0.09146902613613406,0.11774109870227005,False,False,True,4.818829473737468e-08,COMPLETE
828,0.44552469253540045,2025-04-08 05:18:51.779382,2025-04-08 05:19:00.568904,0 days 00:00:08.789522,0.15302506703102448,0.4619469327295726,16,0.023588908798319208,0.2676894132029769,0.07556078751274846,0.07845764485108725,0.07558939004581702,0.09471413588565959,3.5899907784048706e-05,26,97,0.08917265730585214,0.11248412346825086,False,False,True,7.458489086217614e-08,COMPLETE
829,0.3834206819534302,2025-04-08 05:19:00.839361,2025-04-08 05:19:09.760124,0 days 00:00:08.920763,0.1774289625692209,0.4759636245637243,16,0.032611394333871835,0.2845213653207696,0.07046794039371085,0.07712317746696558,0.07877779706171437,0.09288577072308576,3.0108074716904407e-05,27,96,0.09189122488364015,0.1108964579399194,False,False,True,1.0085438062877947e-08,COMPLETE
830,0.40828647613525393,2025-04-08 05:19:10.015194,2025-04-08 05:19:18.719730,0 days 00:00:08.704536,0.017079542302048112,0.49996711878150574,16,0.020018360680368552,0.29216240680104494,0.07387687531238446,0.0717968103211883,0.08073013126247157,0.09473923259273528,3.9088537936972056e-05,26,95,0.08939434261285023,0.11029380594588256,False,False,True,7.185638737282905e-08,COMPLETE
831,0.12604691684246064,2025-04-08 05:19:18.987254,2025-04-08 05:19:27.659009,0 days 00:00:08.671755,0.1450844400092423,0.4508510727742498,16,0.19151474787192235,0.2751501530142808,0.0720396251759556,0.07271161391546108,0.07584649465268826,0.09132414132560406,3.3740738976765975e-05,26,93,0.09242934107359932,0.11825074231034971,False,False,True,5.3995676888805785e-08,COMPLETE
832,0.2627964913845062,2025-04-08 05:19:27.930652,2025-04-08 05:19:37.245555,0 days 00:00:09.314903,0.18066725584702156,0.4904521668272924,16,0.026401622523495767,0.2648281766737359,0.06832030384488137,0.06908039482068791,0.0761111417909336,0.09625044739202183,4.356186940056849e-05,27,93,0.0850472716100904,0.11965684187345187,False,False,False,6.969251673322412e-08,COMPLETE
833,0.1425038516521454,2025-04-08 05:19:37.503981,2025-04-08 05:19:46.299331,0 days 00:00:08.795350,0.14952112460573783,0.4496843898470648,16,0.06945003423238441,0.27076324206404195,0.06906138912754954,0.07383177961608248,0.07741065071366986,0.09286378266734822,2.0656445449656748e-05,26,98,0.0908111640420576,0.11137420635324236,False,False,True,5.867714106541964e-08,COMPLETE
834,0.09122275710105895,2025-04-08 05:19:46.569670,2025-04-08 05:19:55.183255,0 days 00:00:08.613585,0.17786423358450562,0.46218673071129446,16,0.019712630126168435,0.26039312566402617,0.07289542082423886,0.0703895190146562,0.07274882102449674,0.09076408012480658,2.371757784597307e-05,26,92,0.08803321451462175,0.0521099320143404,False,True,True,2.7688122567045735e-08,COMPLETE
835,0.44331976771354675,2025-04-08 05:19:55.455278,2025-04-08 05:20:04.349299,0 days 00:00:08.894021,0.19649194528983088,0.5123810857134936,16,0.016420206458032202,0.2741422089778531,0.07787173697445436,0.07580340078672884,0.08092959915526772,0.0927433689249718,3.384524868928871e-05,27,96,0.0919730660073218,0.10793975998970326,False,False,True,4.2022977339849816e-08,COMPLETE
836,0.2949961721897125,2025-04-08 05:20:04.605388,2025-04-08 05:20:13.816405,0 days 00:00:09.211017,0.1600366494334545,0.4266863282839397,16,0.03229999315483144,0.2648779974987406,0.07019507237724525,0.07061242555863886,0.07867575644710202,0.09061280118978561,2.6075189372124773e-05,25,90,0.08747957937379186,0.12014392958290657,True,False,True,1.0126574152764189e-07,COMPLETE
837,0.438967114686966,2025-04-08 05:20:14.087874,2025-04-08 05:20:22.696783,0 days 00:00:08.608909,0.18372349549624825,0.4853239256062678,16,0.014327735906300518,0.28178917155933836,0.073934160021308,0.07326039774942915,0.07298067939941733,0.08941257766182785,4.3425402376839014e-05,25,94,0.08982177304577031,0.28142483248036954,False,False,True,1.233452950320702e-07,COMPLETE
838,0.44120939373970036,2025-04-08 05:20:22.969623,2025-04-08 05:20:31.806299,0 days 00:00:08.836676,0.15297570149172943,0.4387767148043916,16,0.023468129562572944,0.25886488225501614,0.08104037529048283,0.06839856457971066,0.08310239092450573,0.09426985352516107,1.875801325832768e-05,28,85,0.0929969005610071,0.11396345995353895,False,False,True,9.153460201622501e-08,COMPLETE
839,0.227678918838501,2025-04-08 05:20:32.070081,2025-04-08 05:20:40.763855,0 days 00:00:08.693774,0.19913268171916396,0.4663126722760095,16,0.04175795392910593,0.26971543451691793,0.06799497957650869,0.06594597371434316,0.07420454822090064,0.09576614763858239,3.73316282515751e-05,26,87,0.08659785909640846,0.10584955191143115,False,False,True,5.2862904548658866e-08,COMPLETE
840,0.41968908309936526,2025-04-08 05:20:41.033374,2025-04-08 05:20:49.821065,0 days 00:00:08.787691,0.1687103076075849,0.42083460066565226,16,0.020277831233170486,0.2636105345298665,0.06656508106254093,0.06326458625042095,0.07719678568362115,0.09173976778156831,2.950889074471248e-05,26,103,0.09108280808621282,0.06247716600638645,False,False,True,3.3051865463784596e-08,COMPLETE
841,0.42495460510253913,2025-04-08 05:20:50.092781,2025-04-08 05:20:58.845077,0 days 00:00:08.752296,0.3993973096446478,0.44794371266552796,16,0.010428151176954552,0.2756760121167769,0.07135597992678065,0.07195500562861129,0.08105601921407805,0.08866605424995926,4.729617213101576e-05,27,92,0.08407711297777606,0.11243363301398357,False,False,True,1.425470984294143e-07,COMPLETE
842,0.42114275097846987,2025-04-08 05:20:59.120328,2025-04-08 05:21:07.772180,0 days 00:00:08.651852,0.1445295333828996,0.48661919996349073,16,0.029178694731031133,0.2588892834316014,0.07571246147086572,0.06980796058611892,0.07896594963120215,0.089832505947453,3.566110797794371e-05,25,100,0.09295633235988679,0.10312050427611313,False,False,True,6.52734478886287e-08,COMPLETE
843,0.4351123452186585,2025-04-08 05:21:08.030977,2025-04-08 05:21:16.616849,0 days 00:00:08.585872,0.1880753137266654,0.5142007540327156,16,0.017360819872068018,0.27109558473744144,0.06644949120022244,0.07706831664108729,0.07623662416293932,0.09263858893996298,4.269936590802364e-05,25,88,0.059012418092421144,0.11050192761795492,False,False,True,3.573560191421324e-08,COMPLETE
844,0.442582380771637,2025-04-08 05:21:16.889274,2025-04-08 05:21:25.608297,0 days 00:00:08.719023,0.17151954713659562,0.4650916984105218,16,0.011438480860090588,0.28859241895659593,0.06958756622509626,0.06470292760435815,0.08274533703759998,0.09392885442414677,2.6022541216947837e-05,26,91,0.08896882692150487,0.23315206370336233,False,False,True,4.4570633260671995e-08,COMPLETE
845,0.22108763456344604,2025-04-08 05:21:25.882347,2025-04-08 05:21:34.239396,0 days 00:00:08.357049,0.21038794836080638,0.441499473587993,16,0.02451036459037533,0.10572496300389495,0.07681821895944618,0.0739050433361121,0.07200371742899814,0.08797472740638368,3.2684226064931e-05,25,51,0.09292579903937079,0.03927651741151066,False,False,True,1.9773639174305865e-07,COMPLETE
846,0.4446874499320984,2025-04-08 05:21:34.500656,2025-04-08 05:21:43.130423,0 days 00:00:08.629767,0.1450678806717281,0.49368729778177367,16,0.006662261443304035,0.257607058795991,0.07069481366666183,0.07102707080574232,0.07961261075004264,0.09159616705620388,5.007062698968376e-05,26,84,0.08973693845498124,0.09801885330306129,False,False,True,9.353989586683998e-08,COMPLETE
847,0.4004483163356781,2025-04-08 05:21:43.405195,2025-04-08 05:21:52.249831,0 days 00:00:08.844636,0.6680163368072414,0.4137544485748429,16,0.01617082146721244,0.2645927469484797,0.07356741827717606,0.0816138457885486,0.07515250521744489,0.0900594444400866,4.896264714045465e-05,27,95,0.09293025109207885,0.11948771872498687,False,False,True,8.191187639622458e-08,COMPLETE
848,0.3167708933353424,2025-04-08 05:21:52.527715,2025-04-08 05:22:01.116329,0 days 00:00:08.588614,0.167464556289332,0.4719279886835108,16,0.03448500616192757,0.2624687876933511,0.06827747313982059,0.06700520847558677,0.08325466144286754,0.08792627509783445,3.849618746767449e-05,25,88,0.08691987533757439,0.10844403149672635,False,False,True,6.417184091850936e-08,COMPLETE
849,0.44429888725280764,2025-04-08 05:22:01.378795,2025-04-08 05:22:10.076245,0 days 00:00:08.697450,0.19469858923446154,0.4350402914078867,16,0.010434121157024603,0.27906477605833485,0.06529231401110859,0.0754538179202288,0.07761443644089357,0.09603987629614151,2.9433228070270556e-05,26,97,0.08992333821929754,0.10550266135442549,False,False,True,4.435658666045005e-08,COMPLETE
