number,value,datetime_start,datetime_complete,duration,params_alpha-eval,params_alpha-train,params_batch-size,params_eps-eval,params_eps-train,params_lambda-actions-eval,params_lambda-actions-train,params_lambda-frames-eval,params_lambda-frames-train,params_learning-rate,params_n-epochs,params_n-frames,params_radius-gw,params_rho,params_std-feats,params_ub-actions,params_ub-frames,params_weight-decay,state
451,0.4480343937873841,2025-04-21 06:09:35.360485,2025-04-21 06:09:46.651598,0 days 00:00:11.291113,0.40563718902211066,0.46235242492593626,2,0.24456234408724337,0.06657724851622047,0.00844149002249695,0.09183117710831384,0.03701175402495266,0.07098659542476722,0.0003567732637826723,6,16,0.08411199501874315,0.14924351819281828,True,False,False,3.6975697484385983e-07,COMPLETE
452,0.29100447297096255,2025-04-21 06:09:46.790139,2025-04-21 06:09:58.929000,0 days 00:00:12.138861,0.48798378593679165,0.5060873856686353,2,0.2614379991657306,0.06076153310764405,0.002901982809719754,0.03344568179980787,0.041466204661345096,0.0758992142678979,0.0002866453899254046,7,101,0.08778103247229731,0.16007824369155096,True,False,False,1.654302330761658e-07,COMPLETE
453,0.46474356651306153,2025-04-21 06:09:59.069583,2025-04-21 06:10:10.379513,0 days 00:00:11.309930,0.5179430228620382,0.4321263274859518,2,0.23856378222483343,0.07147413345298881,0.0010588843645510414,0.09379021626138168,0.038054742787847436,0.07352409430087556,0.00035143049821385864,6,22,0.08321837949371724,0.1621225560339722,True,False,False,3.9704670774129385e-07,COMPLETE
454,0.4600011110305786,2025-04-21 06:10:10.528464,2025-04-21 06:10:21.689273,0 days 00:00:11.160809,0.5235303077407742,0.45170751124278685,2,0.23940946240183011,0.04789574828385624,0.0054197391664669685,0.09161780370844057,0.0379430394835452,0.07269388690909871,0.0003338664527055005,6,24,0.08382382347403022,0.15993486914473184,True,False,False,3.1074606908737053e-07,COMPLETE
455,0.46330818533897405,2025-04-21 06:10:21.831203,2025-04-21 06:10:33.023787,0 days 00:00:11.192584,0.5221408345274563,0.4464343687697353,2,0.25123891784212043,0.038609796297577395,0.005792407959268055,0.0908549291371543,0.03452267272780623,0.0728533117943386,0.00032394024248231623,6,24,0.0832474627312677,0.14484360057533244,True,False,False,2.9631061611373296e-07,COMPLETE
456,0.4615219593048096,2025-04-21 06:10:33.164121,2025-04-21 06:10:44.241168,0 days 00:00:11.077047,0.5115645712240467,0.4557061263242475,2,0.2501816318006494,0.03277950499051364,0.005744869501766763,0.09111542539536156,0.034800485695939784,0.06966764678574904,0.0003106822443902679,6,25,0.08275862607068023,0.14521235248414446,True,False,False,2.5295088695163525e-07,COMPLETE
457,0.46462812423706057,2025-04-21 06:10:44.392103,2025-04-21 06:10:55.002380,0 days 00:00:10.610277,0.5206596122337049,0.4805581917300159,2,0.25094153466155705,0.02922747978766964,0.007584445472333251,0.09065298198902669,0.03463429090300501,0.07037553545991793,0.00029168991270383794,5,24,0.08226142756916371,0.14483103423255764,True,False,False,2.2548585416965804e-07,COMPLETE
458,0.46302882432937625,2025-04-21 06:10:55.142655,2025-04-21 06:11:05.711902,0 days 00:00:10.569247,0.5212011345470402,0.43499696136296606,2,0.25216976867366614,0.04095619154614798,0.008570917385936646,0.09150810473634602,0.0351106827672949,0.07157136021760946,0.00027060201948446536,5,24,0.082671811802587,0.1225668778399508,True,False,False,2.2816193215034903e-07,COMPLETE
459,0.4676998138427735,2025-04-21 06:11:05.852861,2025-04-21 06:11:16.383689,0 days 00:00:10.530828,0.5262524190498494,0.4331777836053792,2,0.25152237293291374,0.034605277372705565,0.00841971994602959,0.09075462169946136,0.03472083401221044,0.06805507885870972,0.00026739411197499553,5,24,0.0830694306339745,0.0899740967637975,True,False,False,2.0069084946700035e-07,COMPLETE
460,0.4560276687145234,2025-04-21 06:11:16.536000,2025-04-21 06:11:27.031564,0 days 00:00:10.495564,0.5280701844712296,0.49475194875532125,2,0.25842626911882344,0.03232114440598105,0.007408604689444493,0.016835051889714812,0.03422109673681931,0.0702784610692459,0.00028158892138556056,5,25,0.08275357654978158,0.11955027191791154,True,False,False,2.0357095133082e-07,COMPLETE
461,0.20633533000946047,2025-04-21 06:11:27.173405,2025-04-21 06:11:36.761336,0 days 00:00:09.587931,0.5593046703055389,0.43755590160280766,2,0.2669477127596697,0.03354177957978432,0.008171606486157806,0.09051094901679604,0.03446223935158995,0.06592423532299473,0.0002649318492153972,5,24,0.08174200760643204,0.12423582044077346,True,True,False,1.0478019032462748e-07,COMPLETE
462,0.4625617563724518,2025-04-21 06:11:36.902768,2025-04-21 06:11:47.573142,0 days 00:00:10.670374,0.5233380736551477,0.46334675742331866,2,0.25010638768765076,0.040440709425809865,0.008816586294423657,0.09055047735012497,0.035319487051856314,0.06763043327123282,0.0002623700653195418,5,24,0.08289114036325455,0.13714714062872108,True,False,False,1.9157930103634886e-07,COMPLETE
463,0.4641371607780457,2025-04-21 06:11:47.725533,2025-04-21 06:11:58.370072,0 days 00:00:10.644539,0.5266002933421258,0.45309921812055004,2,0.2510896200279603,0.020477716803652984,0.006501392286121282,0.0909989973741948,0.035504214084775984,0.06942340617731815,0.00026571023433350605,5,24,0.08250212168525468,0.1418906807827221,True,False,False,1.605388212926561e-07,COMPLETE
464,0.4534122705459595,2025-04-21 06:11:58.513271,2025-04-21 06:12:09.013869,0 days 00:00:10.500598,0.5762936357431729,0.45675994975062373,2,0.25083039168825955,0.02637110209655133,0.00861834973057129,0.09068284155215894,0.03569017302399461,0.06918656943450349,0.00025759255230098214,5,25,0.08266233109319991,0.0876522504010968,True,False,False,1.2942090394052317e-07,COMPLETE
465,0.45788127183914185,2025-04-21 06:12:09.169864,2025-04-21 06:12:19.732365,0 days 00:00:10.562501,0.5274525947399581,0.4844829064702408,2,0.24924109971668917,0.015300770522569614,0.00834073108181034,0.09009718861176932,0.03289483822846948,0.0636007605582197,0.00029116113930470353,5,25,0.08278026186218251,0.1366179545599352,True,False,False,1.8728220146682896e-07,COMPLETE
466,0.4592907786369324,2025-04-21 06:12:19.877306,2025-04-21 06:12:31.162757,0 days 00:00:11.285451,0.5643043105905786,0.5262381839921575,2,0.25971067391377434,0.04122054950654415,0.00636244581213624,0.09142098933156825,0.03540962821273386,0.06840288690381502,0.0002545576755700629,6,24,0.08173830506468363,0.12834744659178776,True,False,False,2.3969423685939355e-07,COMPLETE
467,0.09347617030143737,2025-04-21 06:12:31.306201,2025-04-21 06:12:40.891932,0 days 00:00:09.585731,0.514994912706916,0.46428977691253615,2,0.25530810384520886,0.019329702360520493,0.005937427769657952,0.09037197106729052,0.0333109774333557,0.06708138823035653,0.0002570837109338144,5,24,0.08418095227050122,0.14342699107191376,True,False,True,1.6376101603314976e-07,COMPLETE
468,0.45994879007339484,2025-04-21 06:12:41.046222,2025-04-21 06:12:52.127570,0 days 00:00:11.081348,0.5213582696278758,0.4361427899421239,2,0.2473293716354523,0.0419640286346471,0.008648224292262042,0.09120285891961674,0.03639861099710591,0.07162168521403176,0.00029625733412124084,6,25,0.08347620042112705,0.140489477013883,True,False,False,2.176302842815085e-07,COMPLETE
469,0.45398811101913455,2025-04-21 06:12:52.271362,2025-04-21 06:13:02.802642,0 days 00:00:10.531280,0.5350814223803473,0.5103426753414897,2,0.24396696579887336,0.02268979013631868,0.0059701230764634934,0.09001897978202623,0.034239839310619774,0.06950494220943426,0.00025435163131473155,5,23,0.08172086130253035,0.1444778372163458,True,False,False,1.460233758973201e-07,COMPLETE
470,0.4547703564167023,2025-04-21 06:13:02.947318,2025-04-21 06:13:13.986946,0 days 00:00:11.039628,0.5035282119433135,0.45456159604565505,2,0.26762530344867635,0.036946282271754956,0.007928670575637205,0.09193595450804219,0.03681808403533324,0.07208435133593057,0.0003147118058817362,6,25,0.08529754879189613,0.10380942636960788,True,False,False,2.5265103541415117e-07,COMPLETE
471,0.412266081571579,2025-04-21 06:13:14.144335,2025-04-21 06:13:25.353012,0 days 00:00:11.208677,0.4981601175764443,0.4845047815921006,2,0.2534757751761669,0.030376342445180487,0.0010246743654189444,0.08935731652087149,0.03471229841246166,0.06109293287581359,0.03758778722972955,6,22,0.08280396560988718,0.07803277405072445,True,False,False,2.0972900199809502e-07,COMPLETE
472,0.44789657592773435,2025-04-21 06:13:25.498075,2025-04-21 06:13:36.249954,0 days 00:00:10.751879,0.5360819722322114,0.4340294803014467,2,0.24450155952090033,0.05086759325214778,0.005695142578123504,0.0917378058459114,0.03226779350290543,0.0709107415493255,0.0002634942975764844,5,16,0.08508734275267243,0.1314689583539751,True,False,False,3.411068953582512e-07,COMPLETE
473,0.4600829064846039,2025-04-21 06:13:36.396877,2025-04-21 06:13:48.142914,0 days 00:00:11.746037,0.5079639115508411,0.4687700449894386,2,0.2632178182042954,0.03712952391912222,0.00960822921769914,0.010470368756045685,0.036519907838241814,0.0673088320760381,0.00032082540796944914,7,25,0.08065859984744168,0.1518753336339862,True,False,False,1.6209743254732355e-07,COMPLETE
474,0.4581856489181519,2025-04-21 06:13:48.298848,2025-04-21 06:13:59.578940,0 days 00:00:11.280092,0.5546007593052479,0.4308026274800709,2,0.2531009569680386,0.05480229315754792,0.005432892432372041,0.09208592981453864,0.032520929084986876,0.07231706143899555,0.0003233827547512403,6,22,0.08404122001668252,0.14476926773688614,True,False,False,3.0411602628589504e-07,COMPLETE
475,0.457753324508667,2025-04-21 06:13:59.725069,2025-04-21 06:14:11.378327,0 days 00:00:11.653258,0.5228303746191793,0.4512303890074771,2,0.24884084128201284,0.02379217701263254,0.003107918475566982,0.08916385091085405,0.03484068892777386,0.07016542191524425,0.0002628788071290745,7,17,0.08731338983798383,0.13645045757727262,True,False,False,3.8168800644847884e-07,COMPLETE
476,0.46099836826324464,2025-04-21 06:14:11.535563,2025-04-21 06:14:22.017014,0 days 00:00:10.481451,0.4979525523361617,0.49179344867296176,2,0.27808150755562105,0.04167786196326948,0.006937421287258406,0.09246289673295306,0.037292691697793666,0.07388375502509609,0.000324490838121648,5,25,0.08215788457318628,0.15552720047650195,True,False,False,1.1821634502729237e-07,COMPLETE
477,0.31126201748847965,2025-04-21 06:14:22.164616,2025-04-21 06:14:33.265108,0 days 00:00:11.100492,0.4969091059059369,0.5043591872594612,2,0.24035458893527192,0.03961824690302191,0.007515732561074357,0.09062058918335238,0.03760200536284719,0.07350156340451149,0.00025237846494896815,5,135,0.08116141375841622,0.1548442135532283,True,False,False,1.0804686020644563e-07,COMPLETE
478,0.45610969662666323,2025-04-21 06:14:33.416013,2025-04-21 06:14:44.665620,0 days 00:00:11.249607,0.5332774849272794,0.47967420705618025,2,0.2712244441676631,0.043733804951912945,0.010069172182946,0.09275513896431478,0.037266750616341854,0.0653836794834793,0.0003184316174378776,6,23,0.08228756560052478,0.14747454815899919,True,False,False,1.7778304185735985e-07,COMPLETE
479,0.3324935615062714,2025-04-21 06:14:44.823531,2025-04-21 06:14:55.471788,0 days 00:00:10.648257,0.5029534580860251,0.49340583285696177,2,0.2941984882202804,0.02676597822037399,0.007011853131176898,0.09077047328979755,0.035366109773120505,0.0686742866862368,0.00028419357908708825,5,60,0.08500987326062488,0.15456890677321514,True,False,False,2.456204136084809e-07,COMPLETE
480,0.1277020126581192,2025-04-21 06:14:55.619895,2025-04-21 06:15:05.188239,0 days 00:00:09.568344,0.5153093747345331,0.5310412312678501,2,0.24563399895351817,0.0342267965709079,0.005551661600762099,0.08905635694657206,0.03911910859114657,0.0735518141144845,0.00024855356258776564,5,25,0.08081457455706112,0.1393558314521604,True,True,False,1.2709467868767975e-07,COMPLETE
481,0.45189256668090827,2025-04-21 06:15:05.335855,2025-04-21 06:15:16.457700,0 days 00:00:11.121845,0.5581874355285874,0.4661956736727589,2,0.2740566084042155,0.047517144591850774,0.0010742445949172962,0.09247671590306136,0.037260798657528925,0.07189769000486579,0.0003283372302475576,6,25,0.0835382171876501,0.05501353861890198,True,False,False,1.8418566046470087e-07,COMPLETE
482,0.4491779506206513,2025-04-21 06:15:16.616840,2025-04-21 06:15:27.113495,0 days 00:00:10.496655,0.49459336410171567,0.44436238462730093,2,0.2539968752060664,0.011002411700575698,0.008586766087122708,0.09278105398416887,0.03523346256560593,0.07494471351987422,0.0003384464438496355,5,22,0.08694955776373339,0.1582101975825994,True,False,False,2.9364095646214843e-07,COMPLETE
483,0.4537459254264832,2025-04-21 06:15:27.263465,2025-04-21 06:15:39.110192,0 days 00:00:11.846727,0.5352411334622978,0.49107792816589274,2,0.276390525028033,0.05420028592438545,0.0030629699925637773,0.09662899517412601,0.03866353725139891,0.0690287128227568,0.0002926590308666919,7,25,0.08494165296797371,0.1475798489851836,True,False,False,2.2012146523185024e-07,COMPLETE
484,0.4559671103954316,2025-04-21 06:15:39.271456,2025-04-21 06:15:50.564983,0 days 00:00:11.293527,0.5153767708043331,0.5645623646949495,2,0.22566879825205538,0.05873133215247685,0.00500116638774787,0.08958748834788843,0.032659040486898744,0.07413041165828523,0.0002345128541160342,6,17,0.08227939530558327,0.15382607086714623,True,False,False,3.9290954219933477e-07,COMPLETE
485,0.4474568009376526,2025-04-21 06:15:50.714132,2025-04-21 06:16:01.185872,0 days 00:00:10.471740,0.494315920298777,0.3866068838929683,2,0.2834696096500698,0.019796745019404302,0.006748761932580392,0.0928585266907918,0.03606034011777178,0.0714171882248876,0.00036826224699082174,5,22,0.08685141282745927,0.16204219362981365,True,False,False,5.352326740100359e-08,COMPLETE
486,0.46299863457679746,2025-04-21 06:16:01.336054,2025-04-21 06:16:12.509359,0 days 00:00:11.173305,0.5415731237172356,0.4461042226639421,2,0.2395947102833043,0.02979100305763962,0.0029026051179928173,0.0909369467038729,0.03789433818079567,0.07568526396408551,0.0003455676580609283,6,26,0.08360228472538823,0.1448982635913813,True,False,False,1.3306240359133224e-07,COMPLETE
487,0.10052810907363893,2025-04-21 06:16:12.671116,2025-04-21 06:16:23.348146,0 days 00:00:10.677030,0.5520715071982186,0.451970652934385,2,0.24337005577466583,0.03482931460896563,0.002547690701159744,0.08885962741490847,0.033703422584865174,0.07622833311842063,0.0004278826624887421,7,26,0.08502106965178861,0.12689531403885862,True,False,True,9.114850703419242e-08,COMPLETE
488,0.45742802023887635,2025-04-21 06:16:23.500956,2025-04-21 06:16:34.638917,0 days 00:00:11.137961,0.5727362337135532,0.42933869314352174,2,0.2402016058018126,0.028806119067388673,0.0010625800799353613,0.0908630412090678,0.03861653035805836,0.0756631140678474,0.00027932023985805866,6,17,0.08745460030398901,0.14301361615328767,True,False,False,2.658452207640056e-07,COMPLETE
489,0.46170332431793215,2025-04-21 06:16:34.790537,2025-04-21 06:16:46.087708,0 days 00:00:11.297171,0.5373179324239239,0.4622640248937385,2,0.24875154069395783,0.0681673634597886,0.004317031629862298,0.022312554158497103,0.03508888734771761,0.06692859519328033,0.000346558783746704,6,22,0.08355549231812522,0.1470010175580668,True,False,False,1.4731545920854212e-07,COMPLETE
490,0.4582452237606049,2025-04-21 06:16:46.250040,2025-04-21 06:16:57.575043,0 days 00:00:11.325003,0.5458190757540291,0.4695501220022115,2,0.25568073185931145,0.05761604299685398,0.004530157538972315,0.03004748560778072,0.032000700358123774,0.06702487273360774,0.0002522583820533278,6,22,0.08003817401253215,0.13675224221176058,True,False,False,1.6819637863908705e-07,COMPLETE
491,0.45371028780937195,2025-04-21 06:16:57.727548,2025-04-21 06:17:09.051573,0 days 00:00:11.324025,0.5273395568318668,0.45393798924381906,2,0.2496548943304713,0.06726638097560272,0.002816824498842678,0.08895287490926408,0.03522084734594952,0.07037478403416639,0.00034727907901491064,6,26,0.08320756589124015,0.14658192294087147,True,False,False,1.3526474660861725e-07,COMPLETE
492,0.4524900376796723,2025-04-21 06:17:09.215905,2025-04-21 06:17:20.531464,0 days 00:00:11.315559,0.5419566878448878,0.5109361475258538,2,0.26000845356623814,0.04929751182334376,0.005515594719393331,0.027446244371079294,0.03418698660547408,0.06224565601863413,0.0002956938019840948,6,22,0.08491438142672258,0.1348144784562728,True,False,False,2.1744380228674413e-07,COMPLETE
493,0.29140483140945433,2025-04-21 06:17:20.686064,2025-04-21 06:17:32.639849,0 days 00:00:11.953785,0.5807394624572244,0.4734446678405411,2,0.24120402695870288,0.06255335259477927,0.010971316074987122,0.012806519361022435,0.03144934691248379,0.07249102131114607,0.0002473463695727317,7,74,0.08044958710828153,0.10598273874866779,True,False,False,3.469725649511832e-07,COMPLETE
494,0.31234453916549687,2025-04-21 06:17:32.791048,2025-04-21 06:17:45.116765,0 days 00:00:12.325717,0.5227962831077623,0.4426201229006995,2,0.24835493899638064,0.08480869090254868,0.00907768773335466,0.09074006156642442,0.0363714029007304,0.06537130840512649,0.00034863167163374267,7,127,0.08306828783402731,0.14304609009787944,True,False,False,2.7050530583722994e-07,COMPLETE
495,0.4571612298488617,2025-04-21 06:17:45.280569,2025-04-21 06:17:55.762598,0 days 00:00:10.482029,0.5642039956264175,0.46108896487172957,2,0.22617693555840526,0.01606137069667926,0.004287141218767756,0.09313432077675882,0.034134852250269944,0.06843528893217257,0.00044723250159105704,5,26,0.08628366611449895,0.12111892456137907,True,False,False,1.5398436788216686e-07,COMPLETE
496,0.4632224977016449,2025-04-21 06:17:55.917743,2025-04-21 06:18:07.107628,0 days 00:00:11.189885,0.511796606244738,0.3881545758645908,2,0.23678110610117,0.029042427236911902,0.00274270149467687,0.09102913524029747,0.03682986605798661,0.07025638026971673,0.0002354355591650262,6,18,0.08249175581363982,0.14960070841590722,True,False,False,7.779382622860581e-08,COMPLETE
497,0.45685359835624695,2025-04-21 06:18:07.260442,2025-04-21 06:18:18.878693,0 days 00:00:11.618251,0.5224751588943644,0.3848079075522247,2,0.23976447687111604,0.02291971043698212,0.0023540721151541276,0.024254917205453638,0.04693698482403167,0.06977904965951733,0.00023617988060270836,7,17,0.08080723258039692,0.15021952425704935,True,False,False,6.424421788473222e-08,COMPLETE
498,0.3958169043064118,2025-04-21 06:18:19.040704,2025-04-21 06:18:29.812471,0 days 00:00:10.771767,0.5508390384761066,0.4260811793677716,2,0.2475679711936742,0.028467661199551197,0.001175337724780302,0.04185734314766769,0.03975106342653878,0.06439263176533704,0.00022605977120655174,5,15,0.03629287609472254,0.13980367706709743,True,False,False,8.011049066376142e-08,COMPLETE
499,0.4461850762367249,2025-04-21 06:18:29.967206,2025-04-21 06:18:41.043148,0 days 00:00:11.075942,0.5100825398702298,0.38910931653311986,2,0.2547425536899039,0.031241388294949518,0.006999225946418814,0.08851189494563061,0.03755509744489766,0.04648231921868323,0.0002847600057142734,6,15,0.08325500252364569,0.13193326622220172,True,False,False,1.9620364587303753e-07,COMPLETE
500,0.09055355936288834,2025-04-21 06:18:41.208238,2025-04-21 06:18:52.146935,0 days 00:00:10.938697,0.5360309711111254,0.42555743440378885,2,0.2624807832585421,0.0035756531749419514,0.005991403502999846,0.001421549827084579,0.04000882463448132,0.06703053165938616,0.00040527994584710954,6,18,0.08048091939644879,0.1492315687745582,True,False,False,1.1696749838087568e-07,COMPLETE
501,0.11449819803237915,2025-04-21 06:18:52.302537,2025-04-21 06:19:01.848135,0 days 00:00:09.545598,0.5109494671981585,0.3844037547292552,2,0.23870852305625745,0.03721347191864721,0.04401241190618925,0.09082896943821947,0.032626852732403434,0.07268098630949099,0.00029348301666887107,5,22,0.0863683611490097,0.15239108532542095,True,True,False,2.472614499948252e-07,COMPLETE
502,0.454099178314209,2025-04-21 06:19:02.003294,2025-04-21 06:19:13.267431,0 days 00:00:11.264137,0.569268948724445,0.44560450023308346,2,0.24444610480275514,0.06988303892182185,0.05342028328205509,0.09648521486898182,0.035613560398136464,0.07077013943937534,0.00022135240119899616,6,18,0.08278554534050377,0.11159156277364438,True,False,False,7.435295127477959e-08,COMPLETE
503,0.45541406869888307,2025-04-21 06:19:13.431934,2025-04-21 06:19:25.352613,0 days 00:00:11.920679,0.4910608380451271,0.4233550895747649,2,0.2564911660025678,0.044138469155304894,0.0032798498695939295,0.09058266444943529,0.03775648456026052,0.06909752417068833,0.00036682018726725565,7,22,0.08461145611462435,0.16395485218838365,True,False,False,3.17576527712312e-07,COMPLETE
504,0.44920133948326113,2025-04-21 06:19:25.505686,2025-04-21 06:19:36.203779,0 days 00:00:10.698093,0.5352065163623546,0.46125284310695425,2,0.24961552729785744,0.08257096719033581,0.008501898543254446,0.08871100082671822,0.044208854107432895,0.0759153569828278,0.0004799394545206393,5,26,0.08769889910219524,0.1448243092668933,True,False,False,3.771344292495851e-08,COMPLETE
505,0.4592257678508759,2025-04-21 06:19:36.372514,2025-04-21 06:19:47.479134,0 days 00:00:11.106620,0.5914795872882741,0.5046775404928944,2,0.22336575300302042,0.02647267634796867,0.004626557244073416,0.09370542321929766,0.03408201788257639,0.07191322141351726,0.00027104857268786206,6,18,0.08197905202680218,0.15704395204579163,True,False,False,1.48769678438897e-07,COMPLETE
506,0.11265061497688295,2025-04-21 06:19:47.636116,2025-04-21 06:19:58.213399,0 days 00:00:10.577283,0.5075597870502644,0.44109532108396315,2,0.23692153547723838,0.05392128838357117,0.0010566374210241977,0.09139764513012925,0.03124889674055388,0.07320541130344049,0.00035687643625705593,7,22,0.0854199568791612,0.07664950230388326,True,False,True,1.8144560552800576e-07,COMPLETE
507,0.4658721089363098,2025-04-21 06:19:58.370003,2025-04-21 06:20:09.399597,0 days 00:00:11.029594,0.5499698420608627,0.38359206928426276,2,0.2283992965975476,0.03538314391171811,0.006263563817123152,0.09415328473249643,0.04021654558468521,0.05246538517477388,0.00041886532297685526,6,25,0.08017165751352502,0.0671070270482905,True,False,False,4.1228359448957196e-07,COMPLETE
