number,value,datetime_start,datetime_complete,duration,params_alpha-eval,params_alpha-train,params_batch-size,params_eps-eval,params_eps-train,params_lambda-actions-eval,params_lambda-actions-train,params_lambda-frames-eval,params_lambda-frames-train,params_learning-rate,params_n-epochs,params_n-frames,params_radius-gw,params_rho,params_std-feats,params_ub-actions,params_ub-frames,params_weight-decay,state
1248,0.43406594991683967,2025-04-21 08:49:21.647210,2025-04-21 08:49:34.419225,0 days 00:00:12.772015,0.6829132036566403,0.09255642106267642,2,0.17416781460549643,0.09785240170111663,0.01482477908590267,0.09443913748223658,0.0664077373382594,0.05658815605515139,0.0004579742770110254,8,15,0.05035381923062194,0.11065505542833008,True,False,False,9.519325890635065e-08,COMPLETE
1249,0.4668446362018585,2025-04-21 08:49:34.819174,2025-04-21 08:49:48.029713,0 days 00:00:13.210539,0.633871630485626,0.12167930024614076,2,0.18000426387173146,0.08579106364831017,0.019545702464107195,0.04480019196382015,0.06927774888083066,0.05952387546190134,0.0003633261154357331,9,26,0.05679094464089252,0.10272541779200821,True,False,False,5.7976258445319094e-08,COMPLETE
1250,0.47227510809898376,2025-04-21 08:49:48.427893,2025-04-21 08:50:01.076296,0 days 00:00:12.648403,0.6615036346635527,0.09918359172964897,2,0.19550419924175033,0.09188934837558624,0.017103735195928997,0.0980658161659202,0.06421032078504507,0.05245477755714403,0.0003345375970143511,8,20,0.0586397116857362,0.08564355656236208,True,False,False,1.4398932841908724e-07,COMPLETE
1251,0.4408347070217133,2025-04-21 08:50:01.471442,2025-04-21 08:50:14.696963,0 days 00:00:13.225521,0.6594096535168895,0.08768691619144112,2,0.19507865872387273,0.08315488420823258,0.014902616817226483,0.09392550390536157,0.06553379716711634,0.05122127290795933,0.0004953587668076996,9,12,0.05708336674787878,0.07707022705778732,True,False,False,1.3453213725244943e-07,COMPLETE
1252,0.43244479894638066,2025-04-21 08:50:15.094331,2025-04-21 08:50:28.939040,0 days 00:00:13.844709,0.6334618848205633,0.10168208013022394,2,0.19095764036481763,0.08979672607713512,0.0136874235791175,0.0719713186990228,0.06012176693918183,0.04850180190316691,0.0003948110262634618,10,9,0.05867278325129855,0.08309247763096593,True,False,False,1.4647030053897685e-07,COMPLETE
1253,0.1412536382675171,2025-04-21 08:50:29.336032,2025-04-21 08:50:40.988410,0 days 00:00:11.652378,0.663989360453558,0.10548142112042072,2,0.19683724926932078,0.0907022451924384,0.01652018796712326,0.09566908597533137,0.06374238433088647,0.050903994724346986,0.00034397166321608697,9,15,0.05320576386490752,0.08582547953267211,True,True,False,1.1915330971433917e-07,COMPLETE
1254,0.41690235733985903,2025-04-21 08:50:41.385170,2025-04-21 08:50:54.123152,0 days 00:00:12.737982,0.6873523738399607,0.07989020343701775,2,0.186940375508369,0.07982736958407463,0.01275346117496761,0.09232610085033958,0.06458110432789299,0.04733879248387632,0.0004198550644871109,8,17,0.05867556400697769,0.0751670127951215,True,False,False,1.5116535384173327e-07,COMPLETE
1255,0.46323255300521854,2025-04-21 08:50:54.551944,2025-04-21 08:51:07.221825,0 days 00:00:12.669881,0.6549780975691067,0.05824269057924118,2,0.19100338134105077,0.08671476618339116,0.018853598885163747,0.09121067221876734,0.06529736874547819,0.049891152004890756,0.0004975767061120773,8,18,0.059893671429450034,0.08519010068156546,True,False,False,1.1585637193587879e-07,COMPLETE
1256,0.43594620227813724,2025-04-21 08:51:07.629225,2025-04-21 08:51:20.213016,0 days 00:00:12.583791,0.6745123640188252,0.11524090771279996,2,0.1856133652551417,0.09327014679141807,0.015689117675445133,0.09653965208662472,0.0627881676228637,0.052853795844570166,0.00033937244908406535,8,13,0.05717216229932964,0.09133561215204085,True,False,False,9.18337109537306e-08,COMPLETE
1257,0.4540231347084046,2025-04-21 08:51:20.617121,2025-04-21 08:51:33.896752,0 days 00:00:13.279631,0.6270210976958933,0.12180949974565164,2,0.1802759434755464,0.0831341019980523,0.010830209646971588,0.05915489224059754,0.06900692726755123,0.04417142090252858,0.00038478317567774945,9,19,0.05589611201017672,0.09347888126394385,True,False,False,1.5125556434906733e-07,COMPLETE
1258,0.4441118717193604,2025-04-21 08:51:34.298841,2025-04-21 08:51:55.547617,0 days 00:00:21.248776,0.6999454499765235,0.062141902455870625,2,0.19661617066913956,0.07825083102969743,0.014282667115882853,0.09450737383277945,0.06664225261836731,0.0468877449154185,0.0003217163805342836,21,16,0.06050412689175082,0.07773953344544327,True,False,False,1.0572946585445354e-07,COMPLETE
1259,0.4748997509479523,2025-04-21 08:51:55.948003,2025-04-21 08:52:08.498997,0 days 00:00:12.550994,0.6452299347111503,0.08363958738749798,2,0.17126996208831063,0.0941488507909195,0.016501528840990713,0.09372858519215195,0.06181374410895281,0.04889914724405861,0.00044719320201751906,8,20,0.05392068772262894,0.08735797857307215,True,False,False,8.648518405124632e-08,COMPLETE
1260,0.4564411759376526,2025-04-21 08:52:08.904773,2025-04-21 08:52:22.216386,0 days 00:00:13.311613,0.6240716866797298,0.06646996722156827,2,0.17659145660881848,0.10831487278916005,0.06806394000063634,0.09697894163912754,0.062293864101669774,0.05195727259400195,0.00046929333527672193,9,22,0.06098988263545028,0.06911117815246981,True,False,False,8.541674939170228e-08,COMPLETE
1261,0.46464534997940066,2025-04-21 08:52:22.619430,2025-04-21 08:52:35.191059,0 days 00:00:12.571629,0.6445544247799075,0.04542800691655007,2,0.18564313655624332,0.09944143072060782,0.022394102528166787,0.09530918803296956,0.06100790117077315,0.050124877489805944,0.0005213383191861841,8,21,0.058367249466943924,0.07939944701680876,True,False,False,1.209721263476417e-07,COMPLETE
1262,0.09056124687194825,2025-04-21 08:52:35.598033,2025-04-21 08:52:46.784840,0 days 00:00:11.186807,0.6239207443522449,0.061808214882667856,2,0.1727501627677939,0.09461826587682741,0.02113196453560779,0.049953727591630824,0.06426007775938296,0.01190720881544606,0.0004762978301937368,8,20,0.052385497544174396,0.08335672828108448,True,False,True,7.475389900854127e-08,COMPLETE
1263,0.4582525551319122,2025-04-21 08:52:47.187247,2025-04-21 08:53:01.199102,0 days 00:00:14.011855,0.6600039357221695,0.06351292749314226,2,0.11910875112494407,0.10463269699420946,0.017898277822972698,0.07816160391105098,0.06528513265804803,0.051603597316007645,0.0005143173916917199,10,22,0.060946952836182275,0.08769501276290415,True,False,False,1.0167672959592434e-07,COMPLETE
1264,0.3778851628303528,2025-04-21 08:53:01.602421,2025-04-21 08:53:14.100574,0 days 00:00:12.498153,0.64239591945304,0.07997569123254053,2,0.179677408548123,0.09442239443697756,0.01935470660876328,0.0904903479173109,0.06291600910516697,0.05336039309383907,0.00042862408590137066,8,49,0.056954423026813195,0.08638528613799365,True,False,False,1.4827558182849845e-07,COMPLETE
1265,0.43591122627258305,2025-04-21 08:53:14.508561,2025-04-21 08:53:27.180419,0 days 00:00:12.671858,0.6452192182300043,0.11040384898777093,2,0.19014943094329428,0.10140856252091139,0.017093911569679418,0.0979976772355497,0.06575296900264672,0.04928771018386952,0.00041211713260572185,8,17,0.0516857592387533,0.0715807730434075,True,False,False,7.835268335499617e-08,COMPLETE
1266,0.46998624801635747,2025-04-21 08:53:27.583523,2025-04-21 08:53:40.081739,0 days 00:00:12.498216,0.623822582924533,0.088804260058195,2,0.18471772077651713,0.09139513074518166,0.011172322840542226,0.06283709278122318,0.062402922155898044,0.04890252935855179,0.0004511783446526102,8,23,0.06207406792804815,0.08117539085444134,True,False,False,1.1920167100244031e-07,COMPLETE
1267,0.46316975355148315,2025-04-21 08:53:40.485359,2025-04-21 08:53:53.829965,0 days 00:00:13.344606,0.6219327767981756,0.0864358249426466,2,0.19624736736091455,0.11129639573969442,0.010990335603964688,0.09223740297554048,0.06218551128761654,0.03281848502039912,0.0005263388859030261,9,24,0.058744437308643135,0.07488750890520582,True,False,False,1.536009458910213e-07,COMPLETE
1268,0.46692976951599124,2025-04-21 08:53:54.231744,2025-04-21 08:54:07.390786,0 days 00:00:13.159042,0.6236639162996213,0.08567948731120215,2,0.19062936932195665,0.09915089177756287,0.020667171850072566,0.06092764252903336,0.060054845991649626,0.02696226453288711,0.0005141741687398934,9,24,0.06198313667468186,0.07650648716343766,True,False,False,1.2490577418715658e-07,COMPLETE
1269,0.4147746860980988,2025-04-21 08:54:07.793051,2025-04-21 08:54:16.067869,0 days 00:00:08.274818,0.642048713371347,0.08644332018923612,8,0.1853053199138,0.09378475886031115,0.013539308226394924,0.06101013351014336,0.06327264154552831,0.052842908079144685,0.00047286077417853787,8,20,0.05941274615803524,0.08024794943189097,True,False,False,1.5322739674495063e-07,COMPLETE
1270,0.47075918316841125,2025-04-21 08:54:16.469605,2025-04-21 08:54:29.027625,0 days 00:00:12.558020,0.6218116259897333,0.07155352589819483,2,0.19535232931244728,0.10310702126762093,0.017192901138655087,0.05895525732596176,0.06661437456284551,0.05091402300777564,0.0005149967073633822,8,26,0.053957343637290316,0.06540151787145193,True,False,False,1.1392195924988589e-07,COMPLETE
1271,0.4477264642715454,2025-04-21 08:54:29.448876,2025-04-21 08:54:42.669922,0 days 00:00:13.221046,0.6192889821907986,0.03425696060502054,2,0.19500114682267522,0.10667635505516497,0.01520183898374228,0.06533482516830619,0.06216698573664824,0.05071488342463537,0.0005181329573358175,9,21,0.056000285598879256,0.06486590801684933,True,False,False,1.5419849790309786e-07,COMPLETE
1272,0.4731156527996064,2025-04-21 08:54:43.084770,2025-04-21 08:54:56.334031,0 days 00:00:13.249261,0.6184494438434254,0.09118342048192993,2,0.19190392755677851,0.10490638575128246,0.012678441398991434,0.06292560279845663,0.059606858205023636,0.049338186386632434,0.0005548063709690204,9,24,0.04912787313231967,0.06681320232350425,True,False,False,1.2135206428149132e-07,COMPLETE
1273,0.4357893645763397,2025-04-21 08:54:56.745597,2025-04-21 08:55:10.158412,0 days 00:00:13.412815,0.6213892214736398,0.06117711818936643,2,0.19929784790898974,0.10749711559491697,0.010678744712876399,0.05868528713293972,0.05676757024464909,0.04890380929697587,0.000524062245140622,9,19,0.050957356496746764,0.05679982717300831,True,False,False,1.3161024489748632e-07,COMPLETE
1274,0.13990263640880585,2025-04-21 08:55:10.573859,2025-04-21 08:55:22.777925,0 days 00:00:12.204066,0.62034330683107,0.0850074215359288,2,0.1980643022964703,0.10990963368361133,0.012603787684598577,0.06381396670550724,0.05776263131943645,0.049895775094626595,0.0005575314275646474,10,16,0.04366679693483076,0.06480142354557959,True,True,False,1.5721093302206347e-07,COMPLETE
1275,0.45717170238494875,2025-04-21 08:55:23.188235,2025-04-21 08:55:36.286705,0 days 00:00:13.098470,0.6444837751148939,0.05894370863592156,2,0.19264952127150833,0.11205007607328299,0.010724851034342063,0.059958228170854264,0.05972176841249015,0.030147325571879026,0.0005645883574690537,9,23,0.052195795145270986,0.06287105297048057,True,False,False,1.1942211005751412e-07,COMPLETE
1276,0.4307224988937378,2025-04-21 08:55:36.695743,2025-04-21 08:55:50.037674,0 days 00:00:13.341931,0.6208315507318772,0.036961355566969965,2,0.19054507186970898,0.10182171833415568,0.01245586519256068,0.06270851295058066,0.06136703790121275,0.05118034526074962,0.000522596474756902,9,19,0.04922480310156968,0.06673011031367297,True,False,False,1.6062740408133868e-07,COMPLETE
1277,0.4666998147964478,2025-04-21 08:55:50.446829,2025-04-21 08:56:03.094185,0 days 00:00:12.647356,0.64675117242158,0.07415061839678116,2,0.19491916124491532,0.10518432676674266,0.011049642481687008,0.06451548996845483,0.0609810130408042,0.04874562012813898,0.0004787922322109778,8,22,0.053744802095032594,0.06536706630331197,True,False,False,1.2123217250638433e-07,COMPLETE
1278,0.09071882516145707,2025-04-21 08:56:03.513592,2025-04-21 08:56:15.315189,0 days 00:00:11.801597,0.6240474123304536,0.05291650479845477,2,0.19793136135875464,0.10346566511269858,0.013170558841119222,0.062396314934035677,0.06369924779542248,0.05042875087192631,0.0004843334702620836,9,24,0.04536330862904601,0.06762971773776265,True,False,True,1.6247932077634673e-07,COMPLETE
1279,0.4362691700458527,2025-04-21 08:56:15.719443,2025-04-21 08:56:28.440313,0 days 00:00:12.720870,0.6547155675311027,0.0971883844275499,2,0.18891168076815817,0.11298979297817253,0.01673754855207993,0.06315491704519453,0.0585869501558643,0.04830196822839083,0.0005833817259210469,8,20,0.047771093840598605,0.0680071980294609,True,False,False,1.2211485255889402e-07,COMPLETE
1280,0.42653892636299134,2025-04-21 08:56:28.846065,2025-04-21 08:56:42.739273,0 days 00:00:13.893208,0.617473019165409,0.02156743153851224,2,0.1808969750650369,0.10480083607120153,0.013908995253129362,0.0630244701094005,0.05386726412187136,0.05235383482803504,0.0004237272229357898,10,17,0.04742888833922497,0.056997475854028395,True,False,False,1.2588986261143272e-07,COMPLETE
1281,0.46219694018363955,2025-04-21 08:56:43.144468,2025-04-21 08:56:56.309147,0 days 00:00:13.164679,0.6587562724741669,0.04651566444258637,2,0.1889172282685145,0.10267483105961235,0.011072723624951576,0.05985642338694093,0.06445012319774379,0.05016625163440066,0.0005190156119838799,9,24,0.0493450988939515,0.07416305211983697,True,False,False,1.0590370372273213e-07,COMPLETE
1282,0.35044795274734497,2025-04-21 08:56:56.717579,2025-04-21 08:57:09.325583,0 days 00:00:12.608004,0.6385271726714407,0.09681812871918061,2,0.19637551031420197,0.09650445502751948,0.015980483059858535,0.05818998835010185,0.06266350486416182,0.048208488480622626,2.013684020873979e-05,8,21,0.048800860868611844,0.053415542847211846,True,False,False,1.6116513077404178e-07,COMPLETE
1283,0.44563242197036745,2025-04-21 08:57:09.731332,2025-04-21 08:57:22.365382,0 days 00:00:12.634050,0.04784602107044844,0.0702325874402245,2,0.18404067193775445,0.10940589330489156,0.014346136265756407,0.06018482121232967,0.06635903224699678,0.0520470391776279,0.00043539741083018125,8,26,0.05098322537487485,0.07236503802955369,True,False,False,1.0655314817530143e-07,COMPLETE
1284,0.42146058082580573,2025-04-21 08:57:22.792925,2025-04-21 08:57:35.531566,0 days 00:00:12.738641,0.6657017132980239,0.07556864169991813,2,0.20044811167126644,0.0993633766860763,0.04794000574311823,0.06613422428121138,0.06115396524044468,0.049245943526437706,0.0005579554204278858,8,14,0.045947994509135254,0.06200631947023863,True,False,False,1.3935773846842648e-07,COMPLETE
1285,0.4654397070407868,2025-04-21 08:57:35.949059,2025-04-21 08:57:49.222364,0 days 00:00:13.273305,0.6438601471650871,0.10176058096527785,2,0.19119592051510553,0.09533346593853874,0.012414249279725908,0.0644876372630414,0.058616419372575466,0.051194875936194026,0.00043042295802637174,9,22,0.04977937776562201,0.05702083447349465,True,False,False,1.0383868010502291e-07,COMPLETE
1286,0.4348914682865143,2025-04-21 08:57:49.634121,2025-04-21 08:58:02.394487,0 days 00:00:12.760366,0.616571572056299,0.10017667293197002,2,0.1810660682860605,0.10112785037183622,0.017143405069863556,0.060924551797825674,0.05997213402061395,0.04686641323717874,0.00042665373136811015,8,18,0.05458261975519917,0.07116566534578692,True,False,False,1.3079096389482662e-07,COMPLETE
1287,0.4680615365505219,2025-04-21 08:58:02.804812,2025-04-21 08:58:15.386099,0 days 00:00:12.581287,0.6705398371525766,0.07323258568224575,2,0.1846908095840031,0.09207851775860908,0.010938613806153463,0.057162347974299796,0.06457920233027266,0.04870581542994385,0.000558392661793146,8,24,0.05348169810221957,0.07349990673383747,True,False,False,1.010089463635061e-07,COMPLETE
1288,0.4522133886814118,2025-04-21 08:58:15.796663,2025-04-21 08:58:28.963178,0 days 00:00:13.166515,0.6822765563655381,0.09317751367460769,2,0.19823586275147276,0.09755135723620002,0.014396324190470357,0.0666532001964459,0.05603295113584659,0.05285138734883342,0.00039997565910401876,9,26,0.05031648632687925,0.051884656661706455,True,False,False,1.217154671239819e-07,COMPLETE
1289,0.3825565338134766,2025-04-21 08:58:29.378380,2025-04-21 08:58:42.579158,0 days 00:00:13.200778,0.6497012556206847,0.045328295304934485,2,0.11363221405899293,0.10712952980044647,0.016085531459852778,0.05741043688122392,0.06334056527125412,0.04994471685008131,0.0004919335243256471,8,146,0.05301778093039758,0.06032062382806808,True,False,False,1.5984070065264043e-07,COMPLETE
1290,0.47410869002342226,2025-04-21 08:58:42.991287,2025-04-21 08:58:55.652606,0 days 00:00:12.661319,0.7003378480114858,0.08965129139907452,2,0.1772001287182762,0.09285391365846479,0.013175400725362569,0.06404917604882301,0.06566561939712445,0.04739999072051485,0.0003743659199288549,8,20,0.05391483544364413,0.08123236948800643,True,False,False,9.389284706842656e-08,COMPLETE
1291,0.1253778487443924,2025-04-21 08:58:56.065569,2025-04-21 08:59:03.711875,0 days 00:00:07.646306,0.7100603207186572,0.011565795896448412,8,0.18973282103848116,0.10399937636530635,0.05700837909411832,0.06316381715641015,0.06094031525359951,0.04655797128281869,0.00040977158938764033,9,13,0.052365653973339706,0.070465313950449,True,True,False,1.6419069041650686e-07,COMPLETE
1292,0.4374127864837647,2025-04-21 08:59:04.125422,2025-04-21 08:59:17.377613,0 days 00:00:13.252191,0.69792465416406,0.05936006502484875,2,0.18001224947860195,0.09735348498718113,0.010654034143596057,0.06478021313049018,0.06740539258811129,0.04595684996608815,0.0004827915299978921,9,11,0.05425061321881682,0.07714303166776953,True,False,False,1.0170715834582237e-07,COMPLETE
1293,0.42911248207092284,2025-04-21 08:59:17.791524,2025-04-21 08:59:30.444952,0 days 00:00:12.653428,0.724147273312373,0.08071566370482623,2,0.1863931471502732,0.09302921832596457,0.012767951090884633,0.06406107444744609,0.06588915563180792,0.04773894124706756,0.00039209257447407516,8,16,0.04912893429351052,0.07821828084041914,True,False,False,1.305060454661743e-07,COMPLETE
1294,0.44287159442901614,2025-04-21 08:59:30.855428,2025-04-21 08:59:44.271040,0 days 00:00:13.415612,0.6923705157733373,0.10577820403876106,2,0.19355282701475265,0.09039362450408878,0.010343732739447616,0.05964983127590877,0.06297608320595298,0.04766478991455305,0.0004761821951208395,9,15,0.051613732588763055,0.07061767036714428,True,False,False,1.0037348951891759e-07,COMPLETE
1295,0.4335936546325684,2025-04-21 08:59:44.681305,2025-04-21 08:59:57.418818,0 days 00:00:12.737513,0.7091277593484493,0.049212075656025984,2,0.1780305565910461,0.11460748469788606,0.013439939627301167,0.06032507019035031,0.06432970897451327,0.050680350764644236,0.00040372063465080824,8,18,0.054063831763589636,0.047384969217814224,True,False,False,1.2725304306943106e-07,COMPLETE
1296,0.46623005270957946,2025-04-21 08:59:57.852234,2025-04-21 09:00:10.589588,0 days 00:00:12.737354,0.7419381273584063,0.0797525382627455,2,0.18507141194663249,0.10050503274312177,0.013418517255086236,0.06766896736300873,0.059287389437494065,0.05190606929714081,0.0003634822332607136,8,20,0.05030345295593719,0.0803693876082425,True,False,False,9.24377147273145e-08,COMPLETE
1297,0.43450814485549927,2025-04-21 09:00:11.005971,2025-04-21 09:00:24.281106,0 days 00:00:13.275135,0.690867651243071,0.06792771087533282,2,0.1992332550729083,0.11127764817998295,0.010400667337643936,0.06200674865759532,0.06786009462713075,0.04585864711740314,0.0444312592116901,9,18,0.0554819390747104,0.060218479502640684,True,False,False,1.652321874030764e-07,COMPLETE
1298,0.09535179138183594,2025-04-21 09:00:24.697789,2025-04-21 09:00:35.894307,0 days 00:00:11.196518,0.6789304361686682,0.09329552605335299,2,0.17074068949134186,0.08979533783284346,0.012352453933731942,0.06345490596867151,0.06095787249518758,0.048103921114745936,0.0005067930063047556,8,20,0.05263317270410131,0.07898285302893482,True,False,True,1.1138155371985716e-07,COMPLETE
1299,0.4348028957843781,2025-04-21 09:00:36.309766,2025-04-21 09:00:48.898738,0 days 00:00:12.588972,0.7168621720618816,0.11113368743927163,2,0.19144528503407912,0.09711204378941395,0.03217510233682751,0.05664488273319787,0.06418290638177122,0.0494120476518457,0.0005999017311931574,8,14,0.054360826407243615,0.08453301075674743,True,False,False,9.022461682128209e-08,COMPLETE
1300,0.4642456710338593,2025-04-21 09:00:49.327210,2025-04-21 09:01:02.672140,0 days 00:00:13.344930,0.6757287746395236,0.09306895670144827,2,0.17838685285545472,0.10476758337379195,0.01757793527998531,0.06124339417899401,0.06810699479829696,0.04541122059642462,0.0005923808774244794,9,21,0.050954549050504255,0.07246030105661459,True,False,False,1.2958591298390604e-07,COMPLETE
1301,0.4263383507728577,2025-04-21 09:01:03.089223,2025-04-21 09:01:17.007896,0 days 00:00:13.918673,0.9256538590430468,0.11575583469515237,2,0.1849212285496891,0.09388602407467844,0.014684263791798385,0.062184524017209954,0.06232636807331378,0.053056097381499,0.00037319916980205854,10,16,0.05587753979610571,0.08232740401367684,True,False,False,9.263400909337993e-08,COMPLETE
1302,0.43104998469352723,2025-04-21 09:01:17.419349,2025-04-21 09:01:30.181137,0 days 00:00:12.761788,0.7043867645103111,0.029607588952990718,2,0.17084585835567273,0.13897858373564828,0.012360250150427245,0.062043854417092384,0.06370622185637677,0.04747826421583832,0.00036195297178198883,8,18,0.053604924440720514,0.06409440731207458,True,False,False,1.6039844993586361e-07,COMPLETE
1303,0.4642282843589783,2025-04-21 09:01:30.593439,2025-04-21 09:01:43.223013,0 days 00:00:12.629574,0.6905986132414752,0.07452919911222508,2,0.19992366093382685,0.08941417739934612,0.01048939760756865,0.06554714426415204,0.06621991080813085,0.05071691691918973,0.0004821689821421241,8,22,0.0554728361295952,0.08443654755304161,True,False,False,1.0957119909364358e-07,COMPLETE
