number,value,datetime_start,datetime_complete,duration,params_alpha-eval,params_alpha-train,params_batch-size,params_eps-eval,params_eps-train,params_lambda-actions-eval,params_lambda-actions-train,params_lambda-frames-eval,params_lambda-frames-train,params_learning-rate,params_n-epochs,params_n-frames,params_radius-gw,params_rho,params_std-feats,params_ub-actions,params_ub-frames,params_weight-decay,state
337,0.10571423768997193,2025-04-21 05:47:27.223735,2025-04-21 05:47:36.131026,0 days 00:00:08.907291,0.451934608752203,0.26512096102126204,16,0.24620832339132626,0.15285493570437853,0.09447605475038556,0.09353892358165301,0.022925312542466953,0.08823871528138748,0.00039237777937948696,27,33,0.08754279256984676,0.16992774727909007,True,True,False,1.5704586911561607e-06,COMPLETE
338,0.43874770998954776,2025-04-21 05:47:36.236030,2025-04-21 05:47:45.868902,0 days 00:00:09.632872,0.4911785205974851,0.24506868831636267,16,0.02778849352448521,0.1550178194133048,0.09014755157917244,0.09236093450039859,0.022377084064179667,0.09269561308713453,0.0003747934454105364,28,27,0.07912400989419542,0.16736153001311163,True,False,False,1.3299761625233002e-06,COMPLETE
339,0.436614990234375,2025-04-21 05:47:45.975649,2025-04-21 05:47:55.715665,0 days 00:00:09.740016,0.4121326853739977,0.22745230041570164,16,0.22697829166860184,0.14466797493131997,0.09610749747968964,0.09002074684763141,0.030127597738086317,0.09104552668022275,0.0003143672085425656,27,38,0.08927619900552797,0.15968798556919744,True,False,False,1.387406840564078e-06,COMPLETE
340,0.4496995210647583,2025-04-21 05:47:55.820842,2025-04-21 05:48:03.731575,0 days 00:00:07.910733,0.4334444549586943,0.2970813567443186,16,0.16149329595727308,0.13786175759753397,0.021987157804308242,0.09146485865693965,0.019958937722266073,0.09002923623771059,0.0004573272234979118,10,32,0.07660187149140814,0.1821139331138976,True,False,False,1.8550948110833018e-06,COMPLETE
341,0.4480919718742371,2025-04-21 05:48:03.848002,2025-04-21 05:48:11.782277,0 days 00:00:07.934275,0.4423651788714508,0.2930434357310681,16,0.17312779161655784,0.14758979632352953,0.05094241198861957,0.09439940111774311,0.01942883083853703,0.08948789330396742,0.00045282685006113566,11,30,0.09140695554692414,0.18048276826462276,True,False,False,1.6546737699893195e-06,COMPLETE
342,0.4438581705093384,2025-04-21 05:48:11.889823,2025-04-21 05:48:20.082656,0 days 00:00:08.192833,0.436806745745484,0.29452798685948023,16,0.1830136819066085,0.13091403109482563,0.024722262749789364,0.09211216700776649,0.023600977358704214,0.08999702617491052,0.0003896976940856911,13,33,0.0885135624567579,0.18198354999199673,True,False,False,1.923685221678676e-06,COMPLETE
343,0.10680123567581178,2025-04-21 05:48:20.187998,2025-04-21 05:48:31.784483,0 days 00:00:11.596485,0.4192701930144491,0.2850043604572944,2,0.17701497130959334,0.13470548108990824,0.021030433085011565,0.09746455867970644,0.020656676915603443,0.08759642507716625,0.00046873508429669676,9,34,0.09029126225426207,0.1795886139390655,True,False,True,1.8483018074478827e-06,COMPLETE
344,0.45124591588974006,2025-04-21 05:48:31.890545,2025-04-21 05:48:39.922307,0 days 00:00:08.031762,0.4267904249913199,0.28827833425772487,16,0.16852203536011087,0.13576715962370825,0.024304844794091555,0.09432409224214265,0.025280459571581246,0.09279462553207234,0.0005514268968899035,11,32,0.09290186774479207,0.1874417444185639,True,False,False,1.985455641627069e-06,COMPLETE
345,0.44212575554847716,2025-04-21 05:48:40.039660,2025-04-21 05:48:49.822883,0 days 00:00:09.783223,0.42976787925344623,0.30968892298007955,16,0.16796714568517007,0.1406418053443592,0.02446508240112277,0.09548351584038398,0.02789905590659338,0.0897800158288734,0.00046065667667096274,28,32,0.09666460657779888,0.1941542868913586,True,False,False,2.137354995253841e-06,COMPLETE
346,0.44091875553131105,2025-04-21 05:48:49.930692,2025-04-21 05:48:57.700225,0 days 00:00:07.769533,0.47631396873344095,0.2917789464561924,16,0.15577949809519961,0.13631311260579784,0.01578056592957134,0.0937899673007902,0.023912050529622662,0.09340469143515069,0.000543440335213205,10,35,0.09485803531622801,0.1854007006986849,True,False,False,1.6624090766715667e-06,COMPLETE
347,0.4379869341850281,2025-04-21 05:48:57.809124,2025-04-21 05:49:05.641248,0 days 00:00:07.832124,0.4609443234673825,0.2984789045740597,16,0.16248908177435528,0.12593815619902074,0.02522563762060643,0.09720811801991458,0.026043784634617692,0.09536188393981535,0.0003898392617261588,10,33,0.09181364135372075,0.18937426125921636,True,False,False,1.2096951185073752e-06,COMPLETE
348,0.45594507455825806,2025-04-21 05:49:05.748822,2025-04-21 05:49:13.658531,0 days 00:00:07.909709,0.45089268214412614,0.3296869039920558,16,0.17293077482916208,0.14789606809502673,0.021708411962288867,0.09451865612605152,0.021637358416907306,0.0903864070097957,0.0005500063217300761,11,28,0.09273909535341078,0.18126096947190143,True,False,False,2.4543393673536965e-06,COMPLETE
349,0.4562052428722382,2025-04-21 05:49:13.777108,2025-04-21 05:49:21.682800,0 days 00:00:07.905692,0.45865896166680825,0.34116533160733276,16,0.14930889649775128,0.13228628765387038,0.02447824635539992,0.09481059788671803,0.023713002330443395,0.089811954594668,0.0005770553889483309,11,28,0.08916931447942156,0.18211094529027488,True,False,False,2.5007803380923472e-06,COMPLETE
350,0.45173606276512146,2025-04-21 05:49:21.791948,2025-04-21 05:49:29.766739,0 days 00:00:07.974791,0.43878383964347156,0.3245050442592581,16,0.16943397028394996,0.12937486547869909,0.021826177180628646,0.09576362007829452,0.025789165388448103,0.08758746287876254,0.0005280432288940354,12,28,0.09301216408572209,0.1820581154324154,True,False,False,2.747869885938424e-06,COMPLETE
351,0.45589087009429935,2025-04-21 05:49:29.875073,2025-04-21 05:49:37.776376,0 days 00:00:07.901303,0.43375490097354513,0.33617368081905485,16,0.17317451614133583,0.12995065360080904,0.02120699857633722,0.09766793392563632,0.02352897890169251,0.08758470830061917,0.0005500366652521501,11,27,0.09395451435709794,0.18416464906306518,True,False,False,2.4802229099589306e-06,COMPLETE
352,0.45355006456375124,2025-04-21 05:49:37.889328,2025-04-21 05:49:45.817221,0 days 00:00:07.927893,0.44002865481883896,0.3294320516855208,16,0.16988690025572595,0.12935952064938996,0.021177105492921535,0.09874648956829869,0.026821886560479045,0.08726387218841389,0.0005586100662146576,11,21,0.09284300713343109,0.18127241601388025,True,False,False,2.5072257777301637e-06,COMPLETE
353,0.4518763363361359,2025-04-21 05:49:45.936893,2025-04-21 05:49:53.930168,0 days 00:00:07.993275,0.43398673228346574,0.32951099450610244,16,0.1740953312097721,0.1289800449061976,0.02031096953871857,0.09818994837882639,0.027339414401907913,0.087681445828015,0.0005651942699894562,11,22,0.09105699103129009,0.18258771998726067,True,False,False,2.6415669905812058e-06,COMPLETE
354,0.44042220115661623,2025-04-21 05:49:54.040125,2025-04-21 05:50:01.916212,0 days 00:00:07.876087,0.42989248872205965,0.3284977076941501,16,0.1496616695975859,0.1273393303349538,0.02051698410776129,0.09859809788749423,0.027994630246252865,0.08576041834047944,0.0006108698918375473,11,13,0.09361969948792087,0.18085259221452052,True,False,False,2.5902415915948856e-06,COMPLETE
355,0.44491831064224246,2025-04-21 05:50:02.027112,2025-04-21 05:50:10.044479,0 days 00:00:08.017367,0.42943522692080344,0.3738498301714746,16,0.17128286242396248,0.1300790445408138,0.021619430219466034,0.099429783433616,0.023664052366799318,0.08756650056249358,0.0005016399756544941,12,16,0.09201536564490619,0.18681406062087388,True,False,False,2.5923144379534617e-06,COMPLETE
356,0.4463931739330292,2025-04-21 05:50:10.154971,2025-04-21 05:50:18.220680,0 days 00:00:08.065709,0.5011782185177808,0.36082108870740376,16,0.17149747755677944,0.11502867141567712,0.018895010986117712,0.0978780378949131,0.02734150422771507,0.08539719665597481,0.000589417286220611,12,17,0.0921731941309682,0.186479097717479,True,False,False,2.523321350913724e-06,COMPLETE
357,0.4550372302532196,2025-04-21 05:50:18.341633,2025-04-21 05:50:26.362565,0 days 00:00:08.020932,0.5035994117493221,0.3629909861388874,16,0.17161709852209597,0.11934075839111069,0.01863991783231037,0.09987315956591902,0.025986390290167246,0.0869732299328917,0.0005326941827675973,12,18,0.09226224842397572,0.18912305404089189,True,False,False,2.550048557976994e-06,COMPLETE
358,0.24047470688819886,2025-04-21 05:50:26.473787,2025-04-21 05:50:33.741090,0 days 00:00:07.267303,0.5037006312901754,0.3644439271646478,16,0.17213337219296626,0.11978011924428072,0.019299202745432648,0.09849139898154527,0.02701280904042133,0.0873717431028919,0.0005412462267818376,11,13,0.0926852705331635,0.1971309705675926,True,True,False,2.568653862495248e-06,COMPLETE
359,0.44050369858741767,2025-04-21 05:50:33.852982,2025-04-21 05:50:41.716841,0 days 00:00:07.863859,0.4566072599927964,0.3384447220728419,16,0.1734797315425719,0.11406857989539396,0.01690693986499006,0.09971364652777213,0.02898998974631434,0.08694492281836232,0.0006716892410395041,12,11,0.09110513370465108,0.18833473793461925,True,False,False,2.516565302897342e-06,COMPLETE
360,0.42740183472633364,2025-04-21 05:50:41.836741,2025-04-21 05:50:49.636166,0 days 00:00:07.799425,0.470053579246652,0.38143927781905934,16,0.16291464217408694,0.10719793819281744,0.0227208502316724,0.09692560515454968,0.026489689305175815,0.08784463976549735,0.0005292418996273426,12,9,0.09470267100069081,0.19015423315708727,True,False,False,2.137013347381417e-06,COMPLETE
361,0.4494972884654999,2025-04-21 05:50:49.748146,2025-04-21 05:50:57.638770,0 days 00:00:07.890624,0.4870840448176368,0.333711257770449,16,0.19006209202559127,0.12347889827188671,0.018192332185511587,0.09896153432014958,0.024914299933758474,0.08616833207431343,0.0006934249959035482,11,17,0.0923643448775644,0.18653179819531707,True,False,False,1.6136135139020525e-06,COMPLETE
362,0.453878116607666,2025-04-21 05:50:57.751120,2025-04-21 05:51:05.576135,0 days 00:00:07.825015,0.49240921020329537,0.3236222798728141,16,0.17082344151694143,0.12020889584148428,0.019514591000009386,0.09983064189636787,0.025593149786498293,0.08585708524652798,0.0006673015805473274,11,16,0.09296858616609253,0.18385224191335545,True,False,False,1.622065136565983e-06,COMPLETE
363,0.4492596685886383,2025-04-21 05:51:05.688383,2025-04-21 05:51:13.599129,0 days 00:00:07.910746,0.502678570089384,0.32200004080669276,16,0.193768389146234,0.122651476456761,0.018599719464671798,0.09749316682825453,0.025700586889038205,0.08546650639180843,0.0006407496996817686,11,20,0.09638576236771518,0.18420914765996257,True,False,False,1.5119972134521342e-06,COMPLETE
364,0.4539738297462464,2025-04-21 05:51:13.721346,2025-04-21 05:51:21.671288,0 days 00:00:07.949942,0.49491014913478915,0.32603404472498115,16,0.18966921386430818,0.12147310918193993,0.01868666694923146,0.09975548262525334,0.02618924479894592,0.08546666314197432,0.0007136575897472003,11,18,0.09790041987699774,0.1837357475444321,True,False,False,1.3487511561616354e-06,COMPLETE
365,0.09986304044723512,2025-04-21 05:51:21.783592,2025-04-21 05:51:29.142672,0 days 00:00:07.359080,0.5107134440289711,0.3272312801527233,16,0.19417342881837374,0.12273887728029853,0.018146314613355096,0.0977913043431375,0.031323037618546955,0.08629033007472289,0.0007384446290056074,11,17,0.09789802913730973,0.1823897558577947,True,False,True,1.259936357594262e-06,COMPLETE
366,0.44728702306747437,2025-04-21 05:51:29.256806,2025-04-21 05:51:43.945211,0 days 00:00:14.688405,0.5012418692334716,0.34939076964474003,2,0.1821035267658171,0.10756652545981003,0.013287254661005776,0.09646224499294827,0.026037837902865252,0.08384397029754229,0.000666267306735931,11,18,0.09680921496321489,0.1957597895332555,True,False,False,1.5210301549694688e-06,COMPLETE
367,0.44527139067649846,2025-04-21 05:51:44.058809,2025-04-21 05:51:57.894745,0 days 00:00:13.835936,0.4916217747922886,0.3511956165385396,2,0.18047371623979208,0.11709814422060812,0.028072192078315596,0.09631755593159948,0.02539740943452588,0.08567270519951745,0.0006848569862756581,10,18,0.09748095195423803,0.19597626646754485,True,False,False,1.4223342879833984e-06,COMPLETE
368,0.4482824742794037,2025-04-21 05:51:58.018661,2025-04-21 05:52:05.889104,0 days 00:00:07.870443,0.49137806502118,0.32405569724885724,16,0.16789504132415006,0.10432015378499143,0.009625103510485341,0.09990279793522334,0.02583562007040626,0.08652254443350993,0.000614017207314175,11,16,0.09581537360942913,0.18977013027995004,True,False,False,1.603720517177157e-06,COMPLETE
369,0.45147399306297303,2025-04-21 05:52:06.005033,2025-04-21 05:52:20.354219,0 days 00:00:14.349186,0.5399605047363236,0.3211093760432087,2,0.18754415284580553,0.10083213211820428,0.009581806727719912,0.09976821497227252,0.02915820207026975,0.08425181531567164,0.000576577429057007,11,13,0.09992234639556723,0.1949537175845151,True,False,False,1.081604070599163e-06,COMPLETE
370,0.44818672537803655,2025-04-21 05:52:20.468801,2025-04-21 05:52:34.944083,0 days 00:00:14.475282,0.5397353481176567,0.3212889778375964,2,0.1883997309778125,0.09794413711936224,0.009940275849687626,0.09803773820771386,0.029049682694868188,0.08447770342106847,0.0006054916717592617,11,14,0.09932745469719323,0.198846253784577,True,False,False,1.1015115589826314e-06,COMPLETE
371,0.42953004837036135,2025-04-21 05:52:35.069253,2025-04-21 05:52:48.677458,0 days 00:00:13.608205,0.5219328452789924,0.32133935839872957,2,0.1895131205287525,0.09075710979882985,0.010130254014709737,0.09965224437945418,0.02953871501779108,0.08445375680603397,0.0006960380506853797,10,7,0.09613713563904855,0.20138206925881974,True,False,False,1.1030109504878609e-06,COMPLETE
372,0.4502899646759033,2025-04-21 05:52:48.792220,2025-04-21 05:53:03.318216,0 days 00:00:14.525996,0.5471280490841921,0.3175114220804915,2,0.1865696703966722,0.1017675711355072,0.008370642748049778,0.09991167903798252,0.025568152581049327,0.08402301866380378,0.0006166932546912016,11,15,0.09844752665542215,0.19582033473146154,True,False,False,1.0297580402462794e-06,COMPLETE
373,0.4423962116241455,2025-04-21 05:53:03.433200,2025-04-21 05:53:17.989004,0 days 00:00:14.555804,0.5510987388774082,0.31343503589232297,2,0.1847234797924953,0.1030148844364188,0.008941880343489493,0.09974839156470997,0.02528354979583277,0.08333421238706275,0.0005832766581806188,11,14,0.0989736248726385,0.1929314688636675,True,False,False,1.1664006934215205e-06,COMPLETE
374,0.44467234611511236,2025-04-21 05:53:18.107294,2025-04-21 05:53:32.494234,0 days 00:00:14.386940,0.48095827354263426,0.34121953132320054,2,0.17761066399407469,0.11090795695995415,0.012201744871803392,0.09994077323526633,0.03166704369124127,0.08478200905911379,0.0007801776139108833,11,12,0.09562631916370481,0.1924176239826647,True,False,False,1.0769696973609103e-06,COMPLETE
375,0.4512129247188569,2025-04-21 05:53:32.621117,2025-04-21 05:53:47.107602,0 days 00:00:14.486485,0.5212723934642207,0.3193639275509249,2,0.2053108566195328,0.09807086138952054,0.007192223003100427,0.09665888065345166,0.026346855801953832,0.08454418717394908,0.00047481471689447434,11,16,0.09986027977636101,0.18195907548265655,True,False,False,1.5146375541971168e-06,COMPLETE
376,0.45325026512145994,2025-04-21 05:53:47.223307,2025-04-21 05:54:01.712254,0 days 00:00:14.488947,0.540971068598333,0.3159741052211825,2,0.2004762673700178,0.09845502465954827,0.006720708367705415,0.09641828549882515,0.02641486699214578,0.086682831368345,0.00047423343209308295,11,14,0.09987261456472026,0.18729898827729688,True,False,False,1.4523633044513279e-06,COMPLETE
377,0.44443928599357607,2025-04-21 05:54:01.828815,2025-04-21 05:54:14.918707,0 days 00:00:13.089892,0.5387849767327718,0.3198107612602796,2,0.20142750660201852,0.09386767212873352,0.005491193601940179,0.09655089668649956,0.026343967197356346,0.08437606278581845,0.0004880975262542546,9,14,0.09995847296403428,0.18771290727366732,True,False,False,1.3381838970530275e-06,COMPLETE
378,0.4435543537139893,2025-04-21 05:54:15.035835,2025-04-21 05:54:29.477234,0 days 00:00:14.441399,0.5711977264760125,0.3978370000767398,2,0.20765486064444907,0.09885030672074897,0.0070567066859629135,0.09782101541953754,0.02896312139366027,0.08553531867797605,0.0006421655057526172,11,15,0.09702690925675417,0.1975309097239636,True,False,False,1.0733345895239252e-06,COMPLETE
379,0.4492682337760926,2025-04-21 05:54:29.605557,2025-04-21 05:54:44.038387,0 days 00:00:14.432830,0.530377951091327,0.34120112385857854,2,0.19361622593026223,0.10415846018183919,0.011272992839156502,0.09594709254220446,0.025462052676204893,0.08374725366197625,0.00046941151547101395,11,19,0.09341127801033618,0.20418187253826264,True,False,False,1.593425807521801e-06,COMPLETE
380,0.14740667939186097,2025-04-21 05:54:44.155624,2025-04-21 05:54:56.114946,0 days 00:00:11.959322,0.5329169106703229,0.3454857620270602,2,0.1952349073209343,0.0826469314975985,0.012654507503494767,0.09580175982719755,0.025087342150948093,0.08254225140206375,0.0004855195892118573,10,10,0.09427799305731738,0.2060044129781545,True,True,False,1.7676331570124335e-06,COMPLETE
381,0.4492479503154755,2025-04-21 05:54:56.232445,2025-04-21 05:55:10.705938,0 days 00:00:14.473493,0.517754320502827,0.31129371452056165,2,0.1870060242906612,0.1052368307295627,0.014926292697696696,0.0979088785564075,0.027551593301775205,0.0843588934163934,0.0007694989369781079,11,17,0.09880146018776845,0.19455038141443842,True,False,False,1.0413829860352264e-06,COMPLETE
382,0.4487411618232727,2025-04-21 05:55:10.835713,2025-04-21 05:55:25.315876,0 days 00:00:14.480163,0.5465454912272173,0.3061147810960913,2,0.1893204208070144,0.10507702542743447,0.011290356113580199,0.09783971288200738,0.02789906223010454,0.08432691796781883,0.0007415222868350759,11,18,0.09828889110764197,0.2023009275805128,True,False,False,1.0047027741746972e-06,COMPLETE
383,0.447714102268219,2025-04-21 05:55:25.434917,2025-04-21 05:55:39.932125,0 days 00:00:14.497208,0.5477492262834711,0.2781333297114676,2,0.19184469479855873,0.09928695519190352,0.01088003745379992,0.0983762859080602,0.027859690186801383,0.08667233065671275,0.000799546266968709,11,16,0.09940794214854093,0.20286806059785392,True,False,False,9.753646648768398e-07,COMPLETE
384,0.43055986762046816,2025-04-21 05:55:40.051964,2025-04-21 05:55:54.291470,0 days 00:00:14.239506,0.541106705064074,0.2832124171446994,2,0.18881057728146772,0.09713907041407413,0.010398451045770876,0.0998907725133989,0.028277330090957127,0.08645576308854627,0.0008235790340301618,11,7,0.09928575929304002,0.20605096250775698,True,False,False,9.937955686326442e-07,COMPLETE
385,0.44923779368400574,2025-04-21 05:55:54.420317,2025-04-21 05:56:09.509418,0 days 00:00:15.089101,0.5196288100129982,0.30685528273155294,2,0.20677335192111826,0.10352751584906926,0.015194499023126126,0.09807297918184124,0.03073915890963923,0.08407105248864773,0.0005729458261511815,12,12,0.09358317977099753,0.190233421025299,True,False,False,9.222753403898521e-07,COMPLETE
386,0.16845299303531647,2025-04-21 05:56:09.627711,2025-04-21 05:56:22.558444,0 days 00:00:12.930733,0.5086557993858598,0.31109788649993125,2,0.20641782636616277,0.10582624997415964,0.016762042506896915,0.09771394018782743,0.030692361945640224,0.08385089498028203,0.0005907733352860031,12,11,0.09363769796651744,0.1900716790123493,True,False,True,1.1104748453871226e-06,COMPLETE
387,0.45099062323570255,2025-04-21 05:56:22.680115,2025-04-21 05:56:36.398098,0 days 00:00:13.717983,0.5934369834829661,0.32929823466405506,2,0.2150842160768727,0.08276839374121332,0.007447602957839411,0.09562419048589978,0.034377540749501986,0.08478630220959352,0.00046831677207008504,10,13,0.09578868272086537,0.18328764276174117,True,False,False,1.226017921135013e-06,COMPLETE
388,0.4376631557941437,2025-04-21 05:56:36.518114,2025-04-21 05:56:50.320806,0 days 00:00:13.802692,0.5238401567345519,0.3297102702026555,2,0.22090771721652416,0.12319659897007137,0.007174868066961659,0.095919282507781,0.03371913950558352,0.08144955805790799,0.0005535502704784104,10,14,0.09535309160522928,0.18412732279499852,True,False,False,8.874333268852299e-07,COMPLETE
389,0.443675833940506,2025-04-21 05:56:50.451573,2025-04-21 05:57:05.623212,0 days 00:00:15.171639,0.5902376723630041,0.3162261280009231,2,0.1987329147651558,0.08640253577894277,0.0145117962014684,0.09797991221635421,0.036160318964728946,0.08349142975121515,0.0007320725163395947,12,18,0.09767989400422154,0.1910981035405812,True,False,False,1.2585318252214513e-06,COMPLETE
390,0.44722172021865847,2025-04-21 05:57:05.744799,2025-04-21 05:57:21.315108,0 days 00:00:15.570309,0.5594919313045725,0.330930784304842,2,0.1652148786778619,0.11077695607151652,0.0032795461397286015,0.09993882059441137,0.022717883297083248,0.08551812664392967,0.0005402171452442796,13,11,0.09360705113251531,0.21109422878311024,True,False,False,1.2763582618797948e-06,COMPLETE
391,0.4565364539623261,2025-04-21 05:57:21.437964,2025-04-21 05:57:35.371503,0 days 00:00:13.933539,0.47797310662320475,0.3092699880689849,2,0.2159691215361725,0.10374121644603383,0.007455639587453862,0.09599156765925325,0.03000716147946914,0.08477552548009383,0.0004574458447345232,10,20,0.09621630761977094,0.19530006326416607,True,False,False,9.492714537484726e-07,COMPLETE
392,0.4565597832202911,2025-04-21 05:57:35.503218,2025-04-21 05:57:49.378953,0 days 00:00:13.875735,0.47151890733004137,0.30252147343826813,2,0.21136678346671336,0.10412101686364539,0.006409300633936593,0.0957734213281114,0.02704681504387919,0.0825665712884715,0.0004479034301798733,10,19,0.09635835214495415,0.1851091395256808,True,False,False,8.661155428199463e-07,COMPLETE
393,0.45627689957618717,2025-04-21 05:57:49.500929,2025-04-21 05:58:02.709822,0 days 00:00:13.208893,0.46037571810962996,0.29995697013974504,2,0.21503218331886645,0.12046917341838445,0.006943547218698559,0.09646672166803101,0.030928816807290954,0.0824197310331712,0.00045515015818317536,9,19,0.09026285048280158,0.18362973955606363,True,False,False,8.223037907959458e-07,COMPLETE
