number,value,datetime_start,datetime_complete,duration,params_alpha-eval,params_alpha-train,params_batch-size,params_eps-eval,params_eps-train,params_lambda-actions-eval,params_lambda-actions-train,params_lambda-frames-eval,params_lambda-frames-train,params_learning-rate,params_n-epochs,params_n-frames,params_radius-gw,params_rho,params_std-feats,params_ub-actions,params_ub-frames,params_weight-decay,state
793,0.2922816812992096,2025-04-21 07:16:35.094731,2025-04-21 07:16:47.803705,0 days 00:00:12.708974,0.5938866172799756,0.33937135052869793,2,0.2751174419260813,0.06951133468208914,0.010071361594041546,0.0986536888052489,0.03538571120630883,0.040969009376861376,0.0008355354390944976,8,74,0.08141146163578396,0.16713170499169733,True,False,False,2.0760990865633412e-07,COMPLETE
794,0.09299675971269608,2025-04-21 07:16:48.048003,2025-04-21 07:16:58.583002,0 days 00:00:10.534999,0.5964318326214562,0.3399229553615692,2,0.268545477401391,0.08270145417858257,0.012488596427990838,0.09872075669550687,0.04132049224940619,0.047259625882104334,0.0008277100371459518,7,20,0.08385950024816677,0.17382684577370458,True,False,True,1.615169408652047e-05,COMPLETE
795,0.42720790505409245,2025-04-21 07:16:58.840462,2025-04-21 07:17:11.307827,0 days 00:00:12.467365,0.5992277732118299,0.3390351213807706,2,0.27298675222010793,0.06839330620221658,0.00904308912413199,0.09754545024945702,0.03855066746911573,0.04562453902407663,0.0011227294297383884,8,11,0.09137561956160327,0.16886453786762134,True,False,False,2.2527378622023743e-07,COMPLETE
796,0.4497792720794678,2025-04-21 07:17:11.566954,2025-04-21 07:17:24.686512,0 days 00:00:13.119558,0.6489273041254715,0.35839253327054804,2,0.26617834247610034,0.07491265676584904,0.01060972291659811,0.09686559419345818,0.03651658600633861,0.04505492709179889,0.0010843100713001175,9,26,0.08666287365485098,0.16481199209395453,True,False,False,2.1058797376846698e-07,COMPLETE
797,0.4532784998416901,2025-04-21 07:17:24.930180,2025-04-21 07:17:37.556292,0 days 00:00:12.626112,0.6349553741064288,0.3709679900693349,2,0.2333566772502526,0.07134056954219944,0.008320123226559046,0.09877380815468126,0.03411407149357197,0.05094931416387705,0.0007168623673295589,8,22,0.08090658252054478,0.18909831638963728,True,False,False,5.758892873801314e-05,COMPLETE
798,0.44781172275543213,2025-04-21 07:17:37.815848,2025-04-21 07:17:49.668621,0 days 00:00:11.852773,0.5821209804560524,0.3449119935633258,2,0.26279130786964894,0.07679091246680511,0.015044235633716829,0.09649359035986933,0.04052883388579739,0.04711445575604072,0.0009520937749302932,7,28,0.0830063156292456,0.17794616977775088,True,False,False,2.42016663149621e-07,COMPLETE
799,0.4465570688247681,2025-04-21 07:17:49.931008,2025-04-21 07:18:01.966543,0 days 00:00:12.035535,0.5601611763380878,0.37087567253185605,2,0.2780489597995481,0.06861747468517951,0.007452558974943212,0.09960611648082787,0.08150080803292442,0.08045812694364277,0.0006559493604289469,7,17,0.094485708616116,0.16985935072403754,True,False,False,1.6920269561919711e-07,COMPLETE
800,0.4511528551578522,2025-04-21 07:18:02.213451,2025-04-21 07:18:14.145423,0 days 00:00:11.931972,0.5995230385402593,0.37067832816120805,2,0.22739293412278327,0.08066715906224448,0.011419440249727892,0.09637786293462682,0.038183415417363545,0.05071490247248091,0.0006182837082787729,7,23,0.08902018752161557,0.17681515453492652,True,False,False,2.679208913811446e-07,COMPLETE
801,0.4639545321464539,2025-04-21 07:18:14.405779,2025-04-21 07:18:27.054648,0 days 00:00:12.648869,0.6151933912269354,0.39065824429615725,2,0.23861417218317324,0.07302532458405397,0.009198829486975098,0.09582062149433444,0.03505791246544037,0.04707197317481303,0.0007545870323767483,8,21,0.08510279331299782,0.1655825243169102,True,False,False,1.932595408220018e-07,COMPLETE
802,0.44729419946670534,2025-04-21 07:18:27.317203,2025-04-21 07:18:39.921074,0 days 00:00:12.603871,0.5789468071788169,0.3524112533496278,2,0.24388943462196477,0.09317957609955221,0.012932603752192866,0.013890088570143677,0.03432444130641725,0.04779263707630858,0.0012550259108838567,8,14,0.08488231408064492,0.16410603948371744,True,False,False,1.6957135265351486e-07,COMPLETE
803,0.44934298992156985,2025-04-21 07:18:40.169521,2025-04-21 07:18:54.001620,0 days 00:00:13.832099,0.6109088981157873,0.3795323179792106,2,0.23986497408641433,0.08530539096255307,0.009964999921519028,0.09991275534494293,0.035050192244055575,0.049029222640924845,0.0008272933158057481,10,19,0.07999968720007744,0.1613601943570466,True,False,False,1.8666492776679543e-07,COMPLETE
804,0.44869449734687805,2025-04-21 07:18:54.264733,2025-04-21 07:19:06.876112,0 days 00:00:12.611379,0.6726874602697552,0.39073254591349055,2,0.2484458715443722,0.07396018874185122,0.011624743827308333,0.06035656182320846,0.03265516328193744,0.04135692763444984,0.0010260187706521897,8,20,0.07742504574130844,0.1659419467241347,True,False,False,1.3422496470926029e-07,COMPLETE
805,0.4458452105522156,2025-04-21 07:19:07.128101,2025-04-21 07:19:20.321358,0 days 00:00:13.193257,0.6036315079952824,0.35952567450930084,2,0.2581602140976592,0.07784254253241925,0.00938109972425186,0.09808470001261929,0.043106515386677084,0.04529875675447722,0.0008886834942751604,9,18,0.0875575005652409,0.1623057034795388,True,False,False,2.0750451924061345e-07,COMPLETE
806,0.44741080999374394,2025-04-21 07:19:20.580370,2025-04-21 07:19:33.779459,0 days 00:00:13.199089,0.6802137136857387,0.40042540372855934,2,0.23649275772385564,0.07172093018858251,0.008956675729744545,0.09697589431410562,0.03679037810496665,0.047025173530084736,0.0008562988257491925,9,25,0.08291832908652932,0.16764291768092462,True,False,False,2.3375630459368808e-07,COMPLETE
807,0.44941862225532536,2025-04-21 07:19:34.040357,2025-04-21 07:19:52.863877,0 days 00:00:18.823520,0.5822435550758029,0.38081537739501503,2,0.26731970053980014,0.08830758260588426,0.013701950257216395,0.09503371055436075,0.04853142243168073,0.04925856495297809,0.000714069984350952,18,22,0.09034377819693952,0.15488303196489422,True,False,False,1.6525221946973454e-07,COMPLETE
808,0.11001671105623247,2025-04-21 07:19:53.112252,2025-04-21 07:20:04.727965,0 days 00:00:11.615713,0.5959235115396069,0.4072045722791669,2,0.24684580517656673,0.0664626994741195,0.008088262852653695,0.0999860427024333,0.031131708147946493,0.046868970921001694,0.0012100894923674933,9,16,0.0815752288399961,0.17158497694848038,True,True,False,1.3627987015902216e-07,COMPLETE
809,0.4546469867229462,2025-04-21 07:20:04.986641,2025-04-21 07:20:17.584785,0 days 00:00:12.598144,0.6320149306466554,0.3408183787596148,2,0.2540624373063726,0.0787552560411243,0.006765834711948892,0.09664484368128522,0.03487785117272928,0.045830496776548435,0.0006338279058167508,8,30,0.08593507984886022,0.16096741933649064,True,False,False,2.314318053454377e-07,COMPLETE
810,0.45620822310447695,2025-04-21 07:20:17.847413,2025-04-21 07:20:30.544223,0 days 00:00:12.696810,0.6017581314509026,0.39523811865362884,2,0.24011778434832176,0.07251550362417394,0.009604470516454525,0.09508325818443507,0.03959193604385186,0.0434443338345448,0.0006583048381571466,8,20,0.08408455869437052,0.16825416510955904,True,False,False,1.8682849883495303e-07,COMPLETE
811,0.4480925559997559,2025-04-21 07:20:30.790880,2025-04-21 07:20:43.380067,0 days 00:00:12.589187,0.6525234712441352,0.3725842119054591,2,0.262664436767861,0.06546930823502815,0.016365764548168977,0.09755598624483819,0.03805198276300622,0.04903542095181958,0.0007422544194143601,8,27,0.07937463958768835,0.15486987197805976,True,False,False,2.6635169949235455e-07,COMPLETE
812,0.44925602078437804,2025-04-21 07:20:43.642218,2025-04-21 07:20:56.276074,0 days 00:00:12.633856,0.6343711348079573,0.41305978286379996,2,0.24507093074003647,0.07825621748464373,0.011667215956643088,0.0950686711928664,0.032851551391369534,0.04249884741723047,0.0007597679230354349,8,24,0.08762739499976346,0.1808646787272703,True,False,False,1.4619498860480831e-07,COMPLETE
813,0.43609738349914556,2025-04-21 07:20:56.537051,2025-04-21 07:21:15.969552,0 days 00:00:19.432501,0.6169391866865946,0.35448290850226916,2,0.2825452433417748,0.08258701461505738,0.007089844031619456,0.09803983259206661,0.04164666658058573,0.05051402744702225,0.0009395182583775873,19,13,0.09252883628201615,0.1738608541112012,True,False,False,2.569331894019228e-07,COMPLETE
814,0.13093661963939668,2025-04-21 07:21:16.218463,2025-04-21 07:21:28.441891,0 days 00:00:12.223428,0.6404285401972265,0.3840709718173675,2,0.23164091963133923,0.0327443758282953,0.010396066124127627,0.07369590694292447,0.03594189839703768,0.04482654984832278,0.0005358513396913606,10,21,0.08178828886315613,0.12421145674695297,True,False,True,2.0010999148500067e-07,COMPLETE
815,0.4632408678531647,2025-04-21 07:21:28.707231,2025-04-21 07:21:41.534569,0 days 00:00:12.827338,0.6168063279318184,0.33527326558724924,2,0.2516656964503079,0.009383503168572574,0.006448987237108119,0.09387972918626104,0.030013978421738686,0.048000067892100796,0.0005337098361704095,9,17,0.0843109075246532,0.16188652310463486,True,False,False,1.1833475551780692e-07,COMPLETE
816,0.42500709891319277,2025-04-21 07:21:41.797523,2025-04-21 07:21:53.748434,0 days 00:00:11.950911,0.6203872373286458,0.4146921632198457,2,0.23664306368508628,0.06287749285601085,0.008014731054126211,0.09630230822227433,0.03352860391611865,0.04406287925020269,2.8662499203586296e-05,7,25,0.07504773034608708,0.13652035767816836,True,False,False,2.8731485727741476e-07,COMPLETE
817,0.2863003492355347,2025-04-21 07:21:54.007274,2025-04-21 07:22:06.358133,0 days 00:00:12.350859,0.5709002889943448,0.3925662705526026,2,0.2691424712085787,0.07212239001401766,0.05896466057987346,0.09280967793914524,0.04516571216953913,0.05056479610109235,0.0007498309918486678,7,138,0.07762322757523575,0.12873846109058668,True,False,False,1.534288648711758e-07,COMPLETE
818,0.42114515304565436,2025-04-21 07:22:06.619400,2025-04-21 07:22:19.022966,0 days 00:00:12.403566,0.6662026356265234,0.36808246803332306,2,0.2606270916531432,0.01990354620056683,0.006010622702424357,0.09497519583571803,0.03857087351193149,0.0454256774439767,0.003172492680251954,8,28,0.08861552733010518,0.15532460497075207,True,False,False,2.1239992996725472e-07,COMPLETE
819,0.4448502480983735,2025-04-21 07:22:19.286717,2025-04-21 07:22:31.181130,0 days 00:00:11.894413,0.6215921830028757,0.415892134160766,2,0.12224330201598232,0.06746056907489684,0.008376856988836659,0.09996448068447937,0.03578373830894224,0.05342488947002761,0.0005591164789344926,7,32,0.08018741369490073,0.16672920994768742,True,False,False,1.7479192019679868e-07,COMPLETE
820,0.4509503960609436,2025-04-21 07:22:31.431544,2025-04-21 07:22:44.062584,0 days 00:00:12.631040,0.5542136205094976,0.4032786391351083,2,0.2415100547162249,0.08657023338046642,0.01221032469581115,0.0922028750594212,0.040707728736270654,0.043276197599096004,0.0004775860670263927,8,22,0.08606346563819355,0.11665961284493151,True,False,False,3.108141238665173e-07,COMPLETE
821,0.44310189485549933,2025-04-21 07:22:44.324552,2025-04-21 07:22:57.531641,0 days 00:00:13.207089,0.5452286832404135,0.38495498718249194,2,0.21936918450808549,0.0745602515465063,0.014678645367929104,0.09675079249861888,0.03212738487512876,0.05275123638206703,0.0006346135751654633,9,19,0.08275979863234888,0.18951371824601013,True,False,False,8.879647005692422e-07,COMPLETE
822,0.29268325567245485,2025-04-21 07:22:57.804153,2025-04-21 07:23:09.538490,0 days 00:00:11.734337,0.5384539887469098,0.3552647048727444,2,0.24800129448645608,0.03352959658668609,0.005016840577098047,0.09404486549616249,0.03735577638744053,0.047048214179750886,0.0010496009218050894,7,8,0.08434527001853079,0.05825355516099302,True,False,False,2.339711368984032e-07,COMPLETE
823,0.09055355936288834,2025-04-21 07:23:09.807539,2025-04-21 07:23:21.347731,0 days 00:00:11.540192,0.5225170794939016,0.4216432559161627,2,0.25556960719451116,0.00646273605094951,0.055015969447032305,0.09008750818132823,0.06833538870364556,0.08294071246925884,0.00046437895840367813,7,25,0.09078766946434935,0.17547394841305983,True,False,False,1.3184499851632968e-07,COMPLETE
824,0.42971737980842595,2025-04-21 07:23:21.603617,2025-04-21 07:23:34.723814,0 days 00:00:13.120197,0.5547309843655973,0.3762057580261809,2,0.22986602331499964,0.09327506882596415,0.010642107553888227,0.09800287766229861,0.033947751148331845,0.04825862822035508,0.000599144299105,9,15,0.08048643527059289,0.046823738931183204,True,False,False,2.677190311052825e-07,COMPLETE
825,0.4414492189884186,2025-04-21 07:23:34.994421,2025-04-21 07:23:47.255850,0 days 00:00:12.261429,0.5776437596458218,0.4029073895484433,2,0.23579854409830042,0.015442253518079853,0.0026214461189717716,0.09168092982576066,0.029775313590748965,0.07997057980931932,0.0008049243108459521,8,21,0.08694353032406307,0.08572540558206261,True,False,False,1.80610711426894e-07,COMPLETE
826,0.4428965032100678,2025-04-21 07:23:47.525841,2025-04-21 07:23:58.158748,0 days 00:00:10.632907,0.5092269840844071,0.4355052493386692,2,0.2424585732507834,0.06194296636380471,0.006427289113404083,0.09553556735539408,0.06428792055579363,0.08357414384755406,0.0004891419542623702,5,28,0.0825282285566468,0.15146206432129905,True,False,False,3.251864425103824e-07,COMPLETE
827,0.14067965149879458,2025-04-21 07:23:58.415150,2025-04-21 07:24:09.074578,0 days 00:00:10.659428,0.5389158602248603,0.33275199925225446,2,0.2497149761799879,0.02654488204049825,0.008154062018709187,0.09359428190699537,0.04341008726064269,0.08187251581268386,3.880942138051004e-05,7,23,0.0782920372958347,0.1725884461147842,True,True,False,2.2444671420991826e-07,COMPLETE
828,0.44597957134246824,2025-04-21 07:24:09.341355,2025-04-21 07:24:21.939025,0 days 00:00:12.597670,0.643724851616732,0.42569415945670847,2,0.2602692766824518,0.08253671453379378,0.003800788766541949,0.08827249990487418,0.03927977520813343,0.04952145426546338,0.0006695052088135567,8,18,0.08909180948823939,0.18233826027722086,True,False,False,1.1660436169132446e-07,COMPLETE
829,0.44873060584068303,2025-04-21 07:24:22.207272,2025-04-21 07:24:37.818957,0 days 00:00:15.611685,0.6922452763286941,0.36215148650531287,2,0.2448624198389654,0.07005536697484513,0.005631480218436082,0.09646198884522598,0.035657062448091865,0.04361196315657033,0.0004572388259747997,13,25,0.08555006195955149,0.1604866922095283,True,False,False,1.594451164710673e-07,COMPLETE
830,0.4558704257011414,2025-04-21 07:24:38.072789,2025-04-21 07:24:49.245020,0 days 00:00:11.172231,0.5708448130112642,0.38804128901802476,2,0.2754982683668857,0.036699607256066025,0.009846032791573797,0.09107347609406215,0.0276453889948492,0.05536192394126046,0.0005832358374549563,6,31,0.09255729923004943,0.13668699501997467,True,False,False,7.080305121330723e-07,COMPLETE
831,0.43486917018890386,2025-04-21 07:24:49.512653,2025-04-21 07:25:01.226127,0 days 00:00:11.713474,0.5195130948923222,0.4106409620063345,2,0.23471700242684404,0.02248259548545139,0.0030232123196582287,0.09441113265529788,0.037253515339123175,0.07866077495445724,0.0008821024192632247,7,20,0.08184001440176095,0.144118902193315,True,False,False,3.4893623154123795e-07,COMPLETE
832,0.44957029819488525,2025-04-21 07:25:01.493539,2025-04-21 07:25:12.790274,0 days 00:00:11.296735,0.4936676622840311,0.3960772325372414,2,0.2246252144908135,0.07594109814556804,0.0010534661304614267,0.09779362748582615,0.03137440475992334,0.07039217615157524,0.0002447436297001359,6,28,0.08405712250664638,0.1561821863627718,True,False,False,2.532973947069355e-07,COMPLETE
833,0.09107598066329955,2025-04-21 07:25:13.044957,2025-04-21 07:25:22.568881,0 days 00:00:09.523924,0.5441176015165144,0.42368719465128774,2,0.2532842716494996,0.043514128152765306,0.008066728704819365,0.089425281766124,0.03441186975039096,0.07717845716997868,0.00019545102761216933,5,22,0.0798407873138382,0.16285137854013765,True,False,True,1.8632725735312441e-07,COMPLETE
834,0.4510070025920868,2025-04-21 07:25:22.836330,2025-04-21 07:25:36.075472,0 days 00:00:13.239142,0.4797395865653379,0.3652646253495956,2,0.27054766623634713,0.06311015901278204,0.005703596210848071,0.09323930458261188,0.041502736589899225,0.046849160628968774,0.0004257577973867062,9,16,0.07567272796450886,0.12888562367424905,True,False,False,5.993390738908997e-07,COMPLETE
835,0.45991322398185736,2025-04-21 07:25:36.344697,2025-04-21 07:25:48.763206,0 days 00:00:12.418509,0.5071643054164647,0.3760646010150206,2,0.2313847310083336,0.05250260697969446,0.012261670671227938,0.08574213484104974,0.03877695864675332,0.08097728318107916,0.000732686307899235,8,25,0.08781178695659246,0.16770869634965763,True,False,False,1.4400184627768346e-07,COMPLETE
836,0.4410062193870545,2025-04-21 07:25:49.018649,2025-04-21 07:26:00.264991,0 days 00:00:11.246342,0.5342260347098774,0.3390954433733509,2,0.241189200353418,0.06903533575912431,0.004543662703338643,0.09524671085230146,0.032727579854841156,0.04220386156158035,0.0005273258316246727,6,11,0.08287653998534253,0.17863289318351772,True,False,False,8.388146962571255e-05,COMPLETE
837,0.09055355936288834,2025-04-21 07:26:00.534810,2025-04-21 07:26:12.701962,0 days 00:00:12.167152,0.5642295135022594,0.4364836602042277,2,0.25933316956443225,0.013192702880442185,0.007459852313053839,0.09190825943983545,0.03637042318949002,0.06841874380510639,0.00032222366544237347,7,130,0.08588914663801767,0.02645461288364967,True,False,False,3.2232035017226913e-07,COMPLETE
838,0.44134308695793156,2025-04-21 07:26:12.974014,2025-04-21 07:26:23.520509,0 days 00:00:10.546495,0.4744680553233819,0.3882588241520219,2,0.24955728131309005,0.03225165607050199,0.009761533806080247,0.09688497972440936,0.03450179731579198,0.08253204355327128,0.001557647503509836,5,19,0.09502120678749723,0.149106610195985,True,False,False,1.1136407643455327e-07,COMPLETE
839,0.292759245634079,2025-04-21 07:26:23.778646,2025-04-21 07:26:35.638549,0 days 00:00:11.859903,0.49839864625785724,0.4090070086309548,2,0.2656985534259278,0.07910746357156469,0.003271981572214951,0.09851829024478455,0.04023921960805575,0.07157772064960222,0.0002722979021622392,7,62,0.07790448019619874,0.06664177365597268,True,False,False,2.2396275831630908e-07,COMPLETE
840,0.46162304878234867,2025-04-21 07:26:35.907523,2025-04-21 07:26:48.464869,0 days 00:00:12.557346,0.5219569388278014,0.44018713203497034,2,0.2398350375811186,0.0578564049386441,0.005891158555081895,0.09029681431146144,0.03761211462840207,0.07626661853390043,0.00037942615940864604,8,24,0.08076981867920004,0.13267065470064413,True,False,False,2.9835310894109317e-07,COMPLETE
841,0.09055355936288834,2025-04-21 07:26:48.736948,2025-04-21 07:27:00.065155,0 days 00:00:11.328207,0.6141163204616334,0.41802408817497844,2,0.22308117022846924,0.019797994912272545,0.008544720750333508,0.09333881759210369,0.029748626516760888,0.06937921598873735,0.0004979972062805103,6,102,0.08846988683841114,0.1719387119290417,True,False,False,3.8710659019852615e-07,COMPLETE
842,0.4461654901504517,2025-04-21 07:27:00.337926,2025-04-21 07:27:12.743408,0 days 00:00:12.405482,0.5787280089331325,0.39402806492465575,2,0.24598384183404048,0.02925253001526656,0.01076227643533478,0.09561185104423493,0.03209115964458773,0.04433327629666721,0.001273861108537349,8,27,0.08456484142122254,0.16337770315524325,True,False,False,0.0003981540411324646,COMPLETE
843,0.4600362539291382,2025-04-21 07:27:13.002789,2025-04-21 07:27:24.315737,0 days 00:00:11.312948,0.5314907377807008,0.3729988408437675,2,0.2543083751339279,0.07276089026796627,0.00456132642760081,0.0874485660071094,0.03473687401025552,0.08083916385840965,0.0003393710596194611,6,22,0.09068234305368932,0.14132765333153058,True,False,False,1.9333966684864198e-07,COMPLETE
844,0.44399615526199343,2025-04-21 07:27:24.590080,2025-04-21 07:27:33.118157,0 days 00:00:08.528077,0.47117158597304665,0.35318577746309204,8,0.23351556331583445,0.0642120890766949,0.013813838244945715,0.091198490598411,0.04291218029541695,0.06754130240367259,0.000622088932330007,10,30,0.08633659039233449,0.18449691677380103,True,False,False,2.603235166597856e-07,COMPLETE
845,0.1175398662686348,2025-04-21 07:27:33.395248,2025-04-21 07:27:42.892485,0 days 00:00:09.497237,0.4953902862448937,0.4507610268745838,2,0.22866532590009,0.08623916047271543,0.006533760720144756,0.09486774938214597,0.036259331176223465,0.08399394348815889,0.0004359967802625643,5,14,0.0822720272418808,0.12122599475074805,True,True,False,5.444660480185173e-07,COMPLETE
846,0.4538268744945526,2025-04-21 07:27:43.153795,2025-04-21 07:27:54.966749,0 days 00:00:11.812954,0.550690977022364,0.42151557720733246,2,0.23740346797318776,0.037692211845850025,0.036580111826055056,0.09865109074729288,0.03957253030107317,0.05187596680321028,0.00023228403995803398,7,19,0.08008692422605343,0.15221182182606544,True,False,False,1.5157793025243082e-07,COMPLETE
847,0.3083431780338287,2025-04-21 07:27:55.242303,2025-04-21 07:28:09.016489,0 days 00:00:13.774186,0.5191745429351482,0.4100862495930558,2,0.2563640074921587,0.04638616572663638,0.0027327839145024025,0.09253175251739588,0.033247569382397826,0.0782999648598984,0.0002844419001056755,9,125,0.07636994088692227,0.1682891187778261,True,False,False,6.762465441652252e-07,COMPLETE
848,0.4493023455142975,2025-04-21 07:28:09.293316,2025-04-21 07:28:20.427099,0 days 00:00:11.133783,0.4555145556501501,0.39476396301886046,2,0.24576893670924269,0.02406099079091048,0.008979814377763885,0.08924502754109394,0.0372067094208675,0.04851088714584459,0.0009459311344061227,6,24,0.08473719665313256,0.1586282161463665,True,False,False,3.723374064001615e-07,COMPLETE
849,0.44583694934844975,2025-04-21 07:28:20.688806,2025-04-21 07:28:32.581736,0 days 00:00:11.892930,0.48996085554125896,0.4342380699534911,2,0.2638585974380962,0.08073063285810501,0.007161844303529201,0.09712155123425216,0.03088355867067801,0.07254415937210701,0.0003761441552861608,7,17,0.0901754673030706,0.1381969242883044,True,False,False,2.1202421738618203e-07,COMPLETE
