number,value,datetime_start,datetime_complete,duration,params_alpha-eval,params_alpha-train,params_batch-size,params_eps-eval,params_eps-train,params_lambda-actions-eval,params_lambda-actions-train,params_lambda-frames-eval,params_lambda-frames-train,params_learning-rate,params_n-epochs,params_n-frames,params_radius-gw,params_rho,params_std-feats,params_ub-actions,params_ub-frames,params_weight-decay,state
625,0.44337356090545654,2025-04-08 04:49:05.467775,2025-04-08 04:49:15.192080,0 days 00:00:09.724305,0.1481625055195582,0.9155302001456774,8,0.0002884169036411286,0.228996699243032,0.09522072883814107,0.0010555845397821114,0.09614583080712873,0.08510901633770922,0.0007356575805929132,24,97,0.09986550820438769,0.0963491065850501,False,False,True,0.0001006106487257776,COMPLETE
626,0.43725016713142395,2025-04-08 04:49:15.396117,2025-04-08 04:49:24.090435,0 days 00:00:08.694318,0.22055121695684515,0.9431445520156749,8,0.011154743628735753,0.24207288357615342,0.06570838355695706,0.008535065511790722,0.09170828786974693,0.09805830033738616,0.002509530882385103,17,87,0.09540987180691833,0.08412672691531296,False,False,True,0.0003587308290958726,COMPLETE
627,0.33846457004547126,2025-04-08 04:49:24.282701,2025-04-08 04:49:34.012882,0 days 00:00:09.730181,0.0922151235109186,0.9625676099940196,8,0.022574912237998762,0.25053779460333314,0.09295387232534943,0.0044885175546154074,0.09436983918699875,0.09194211596463753,0.0020557823750611713,25,61,0.09990114786593991,0.10599267215020036,False,False,True,0.0007728396245181003,COMPLETE
628,0.43958219289779665,2025-04-08 04:49:34.217588,2025-04-08 04:49:43.420010,0 days 00:00:09.202422,0.11699016698262904,0.9976568591116521,8,0.016073723988257554,0.2555397490086755,0.09520895021625368,0.006743321053956654,0.09803148576142877,0.08024741847178637,0.00012586568531682755,20,94,0.0596138573946705,0.10076853981048464,False,False,True,0.0004988766703533817,COMPLETE
629,0.43459450602531435,2025-04-08 04:49:43.613289,2025-04-08 04:49:51.318983,0 days 00:00:07.705694,0.18214332955013385,0.4982556057212353,16,0.01064155227477355,0.2365232394013751,0.08919017978363693,0.0026611838337154857,0.09566446706002893,0.08923234855768283,0.0008735108184974601,16,91,0.06655844546630683,0.11230084049110048,False,False,True,0.00022695495701155558,COMPLETE
630,0.4190283715724945,2025-04-08 04:49:51.527045,2025-04-08 04:50:00.492767,0 days 00:00:08.965722,0.14111022397992762,0.917685449096855,8,0.02174203132232479,0.24608794559501568,0.09674905307661365,0.008906727575127369,0.0983521194610516,0.08684443077111416,3.0076012330409576e-05,19,99,0.09294729740509867,0.09052533720729687,False,False,True,0.000155440125013033,COMPLETE
631,0.4465199708938599,2025-04-08 04:50:00.686973,2025-04-08 04:50:10.160490,0 days 00:00:09.473517,0.17255381512456153,0.42385472800380625,8,0.0059715065036156315,0.26180434186065654,0.09351505204840953,0.005506687882060888,0.09338235902916076,0.07851689908813524,0.00015887712838738328,22,95,0.09728434191438534,0.10699933712672792,False,False,True,0.00027358386206008254,COMPLETE
632,0.44594325423240666,2025-04-08 04:50:10.367161,2025-04-08 04:50:19.769109,0 days 00:00:09.401948,0.17860271216268644,0.40066653042703915,8,0.016252822386689323,0.2537070633666952,0.07036464840984939,0.0046384336276635635,0.09997720164518627,0.07902456242330792,0.00016355135052925577,22,85,0.09781727001579954,0.10763799330002731,False,False,True,0.00019431798628990657,COMPLETE
633,0.34653069376945494,2025-04-08 04:50:19.963459,2025-04-08 04:50:29.359042,0 days 00:00:09.395583,0.19330391108673356,0.4136934128404684,8,0.027815077997006117,0.24644726059165856,0.06919594742260811,0.002618550937919153,0.09970312096735406,0.08024868609523664,0.0001317927643276147,22,83,0.09460035203654524,0.10503478909770629,False,False,True,0.0001228256876243765,COMPLETE
634,0.4454759776592255,2025-04-08 04:50:29.566016,2025-04-08 04:50:38.963388,0 days 00:00:09.397372,0.18222826720360896,0.40680313370973087,8,0.01072195545295554,0.23995877925734585,0.06154770567830393,0.00424059537525808,0.09982634208537529,0.07854568584345174,0.0001603176458824273,22,86,0.09688490998744022,0.10920658572343414,False,False,True,0.0001811048437342505,COMPLETE
635,0.44039759039878845,2025-04-08 04:50:39.157296,2025-04-08 04:50:48.568242,0 days 00:00:09.410946,0.21758583537671905,0.39285897791944296,8,0.009777350494973625,0.23464892196058537,0.06252482825058946,0.0030169821633120363,0.09990900650888102,0.08218968722560985,0.00015251212479036664,22,84,0.09083208352992084,0.09838801327166564,False,False,True,0.00015041190724004107,COMPLETE
636,0.4374626398086548,2025-04-08 04:50:48.773866,2025-04-08 04:50:58.053839,0 days 00:00:09.279973,0.19822196819543036,0.37575834623254234,8,0.006121855831694176,0.22890883420266536,0.05939968616355875,0.0010069788048751027,0.06473037455969206,0.0781969346621424,0.00015991104976638952,21,86,0.09544048754087406,0.1085020598439586,False,False,True,0.00017518457475363037,COMPLETE
637,0.442550265789032,2025-04-08 04:50:58.250333,2025-04-08 04:51:07.753919,0 days 00:00:09.503586,0.21622029678276392,0.3994066286110941,8,0.011212083489071724,0.2363591732978762,0.06122871806575527,0.004308469322589562,0.09991544701546982,0.0781713378260253,0.00011406115082692885,22,82,0.09247088390448881,0.1023250102866098,False,False,True,0.00019080706744888492,COMPLETE
638,0.443856292963028,2025-04-08 04:51:07.960824,2025-04-08 04:51:17.205233,0 days 00:00:09.244409,0.18223849221104707,0.34125299082847477,8,0.01718704679571917,0.2416277991169984,0.06607761555082974,0.006347569204382101,0.06897476119480067,0.08019645366770577,0.00014081137745477915,21,79,0.09659887769487292,0.09536530734590842,False,False,True,0.00011382607784573679,COMPLETE
639,0.4443654716014862,2025-04-08 04:51:17.401583,2025-04-08 04:51:26.715873,0 days 00:00:09.314290,0.1769630746067147,0.41251279449593414,8,0.006194682154174619,0.24130437874880478,0.05650784641318268,0.0041652899819148185,0.09820627261378677,0.08339319785467335,0.0001153952841727202,21,85,0.09423697859862115,0.10843904567376134,False,False,True,0.00013897088900766754,COMPLETE
640,0.09055355936288834,2025-04-08 04:51:26.924514,2025-04-08 04:51:36.337964,0 days 00:00:09.413450,0.20522296259635914,0.3492272221187408,8,0.012604695894651938,0.22707490750495635,0.06297289238911312,0.0056127004262687685,0.0998502189875008,0.09784982298901594,0.00015386636086368668,22,88,0.09729287411499651,0.10173841451043197,False,True,True,0.00020867048484016795,COMPLETE
641,0.37801554799079895,2025-04-08 04:51:36.534810,2025-04-08 04:51:45.771832,0 days 00:00:09.237022,0.9390071605298986,0.4302102895392799,8,0.02159605389866195,0.23485429442331718,0.06740957247753006,0.003100761037645029,0.09687113346003651,0.09508439772975218,9.715747900144793e-05,22,30,0.0980098655182397,0.1119107043357256,False,False,True,0.00017859953881247997,COMPLETE
642,0.09055355936288834,2025-04-08 04:51:45.984112,2025-04-08 04:51:55.368083,0 days 00:00:09.383971,0.19294400956916677,0.39059070534550966,8,0.03746342072302397,0.2499913831515119,0.0644332747925813,0.006874746519044332,0.08974567736469537,0.08454443062709872,0.00017180946331525398,21,86,0.009049451870643571,0.10492308014250686,False,False,True,0.0002293498524915639,COMPLETE
643,0.4446530401706696,2025-04-08 04:51:55.565300,2025-04-08 04:52:04.673081,0 days 00:00:09.107781,0.17332682088116844,0.4267419883251873,8,0.010487274379568085,0.24226222118294666,0.06037025886864008,0.010104444822406636,0.09640465197217445,0.0809866805135962,0.00012383473747736766,20,83,0.09512852530265196,0.09436775539195615,False,False,True,9.600951411792302e-05,COMPLETE
644,0.1181476891040802,2025-04-08 04:52:04.881569,2025-04-08 04:52:13.960764,0 days 00:00:09.079195,0.22760468111138069,0.41776921668044487,8,0.14407123650691234,0.23876126937252504,0.05978592698348018,0.012513658820329421,0.0939226888355218,0.08154328899557571,0.00014113466000226582,20,88,0.09458054997253261,0.0923799014884753,False,False,True,0.00010137235560457323,COMPLETE
645,0.2798547923564911,2025-04-08 04:52:14.158907,2025-04-08 04:52:23.271896,0 days 00:00:09.112989,0.1769941217136617,0.36198781075459874,8,0.027402031472134464,0.24746902723089512,0.06112408108288578,0.010611125831127548,0.09085992853774529,0.07893938582938072,9.899108719753659e-05,20,83,0.09990146999101318,0.086424522571418,False,False,True,8.296074842970506e-05,COMPLETE
646,0.443205600976944,2025-04-08 04:52:23.482813,2025-04-08 04:52:32.444493,0 days 00:00:08.961680,0.21420211639480308,0.4382495235642481,8,0.018174686488138275,0.23334314858727845,0.05725512534742605,0.01268416958749093,0.09549572528212036,0.08288683043209197,0.0001742434588075548,19,83,0.0958959905450878,0.09384368873537133,False,False,True,0.00021222639717505054,COMPLETE
647,0.4458797156810761,2025-04-08 04:52:32.657931,2025-04-08 04:52:41.777030,0 days 00:00:09.119099,0.17460194099813037,0.4012173548654212,8,0.012364905307899778,0.2405523430992712,0.05831251853903006,0.009912881143511455,0.09286787589241206,0.08045759255132967,0.0001280581600658775,20,86,0.0927523761254914,0.09753325830716723,False,False,True,0.00013344589115742332,COMPLETE
648,0.22140140533447267,2025-04-08 04:52:41.976160,2025-04-08 04:52:51.737251,0 days 00:00:09.761091,0.19467330575883537,0.3751024647893037,8,0.010737768096780854,0.05934479567748846,0.058436063743220815,0.015274633451722131,0.08823959903458935,0.0792946469312183,0.00013186939344229158,24,86,0.09240762665668999,0.08203686165364449,False,False,True,0.00011619522107997167,COMPLETE
649,0.44184216260910036,2025-04-08 04:52:51.949535,2025-04-08 04:53:00.920046,0 days 00:00:08.970511,0.16819885937343634,0.399792861136447,8,0.0051983628109829065,0.24269631652989623,0.05964742829421196,0.013736801697228703,0.09659542724593757,0.07756926537048546,0.00011132653904788667,19,80,0.09172521566773939,0.08933985363937785,False,False,True,0.0001483907885142798,COMPLETE
650,0.44555253982543946,2025-04-08 04:53:01.120524,2025-04-08 04:53:09.443436,0 days 00:00:08.322912,0.20331980986291703,0.41012503648186344,16,0.01167995749207053,0.25027589179362625,0.061390527161921796,0.01074649245424855,0.09503526243941986,0.08068651537459103,8.366857673231939e-05,23,83,0.09339665481704584,0.09738799515642924,False,False,True,7.025892433432896e-05,COMPLETE
651,0.44460141062736513,2025-04-08 04:53:09.657494,2025-04-08 04:53:18.001549,0 days 00:00:08.344055,0.2039013901683962,0.37855485312688925,16,0.015000925427773036,0.2594376083472636,0.06340197645118512,0.011605964350386713,0.09170604169275783,0.07836009997780934,7.213509832808542e-05,23,86,0.0910424426604747,0.09745809514848466,False,False,True,0.00014604364112690756,COMPLETE
652,0.4429131507873535,2025-04-08 04:53:18.201993,2025-04-08 04:53:26.627163,0 days 00:00:08.425170,0.21660322340421803,0.40676770969519693,16,0.022259848968145174,0.2537300091449719,0.06231931789943572,0.009804682389160742,0.09402372728483364,0.08029563930205945,8.654781488357552e-05,23,84,0.09299591299880061,0.0984993204564283,False,False,True,0.0001279841596994775,COMPLETE
653,0.4432257473468781,2025-04-08 04:53:26.838879,2025-04-08 04:53:35.195257,0 days 00:00:08.356378,0.185354747935832,0.386619854888527,16,0.006085420500536111,0.2614209147250399,0.0650421648091457,0.014102982284340305,0.09093993397010564,0.07474251763303585,6.398263787384044e-05,23,88,0.09363581205320343,0.08725026469852167,False,False,True,0.0001607998715734857,COMPLETE
654,0.12136225402355194,2025-04-08 04:53:35.398220,2025-04-08 04:53:43.911278,0 days 00:00:08.513058,0.16214292020126544,0.421667921470873,16,0.12488577547482095,0.24907577814909354,0.05514526820418672,0.010794648680859173,0.09404932471625638,0.07795473365649457,8.521652220095169e-05,25,81,0.09639230747626855,0.09816411749915929,False,False,True,9.04818002533429e-05,COMPLETE
655,0.44606091976165774,2025-04-08 04:53:44.126266,2025-04-08 04:53:52.580905,0 days 00:00:08.454639,0.23699630919142933,0.44332682618335595,16,0.013249795222473377,0.252876187494395,0.05883525094822295,0.008550143128974137,0.09557210489942367,0.08105636691819337,5.367725345127296e-05,24,89,0.09094424424411261,0.10252204107343786,False,False,True,0.00018485105963207045,COMPLETE
656,0.44072774648666385,2025-04-08 04:53:52.784009,2025-04-08 04:54:01.157692,0 days 00:00:08.373683,0.22995613202342516,0.45874481228330605,16,0.023850755931959153,0.2557093259681839,0.057886125865659575,0.008388506181557912,0.0927764618388556,0.08151487939062073,5.19185959083796e-05,22,85,0.09108160830773064,0.09303575040716965,False,False,True,0.00013074541615146052,COMPLETE
657,0.411063015460968,2025-04-08 04:54:01.371650,2025-04-08 04:54:09.725070,0 days 00:00:08.353420,0.2322635211963069,0.321999502879164,16,0.013649399527181107,0.268938818576074,0.061242748949831116,0.012984402150065695,0.022837389124611265,0.08366944574674053,4.253850027093985e-05,23,89,0.0912162732589366,0.1017975140540304,False,False,True,6.261600045647328e-05,COMPLETE
658,0.09055355936288834,2025-04-08 04:54:09.927785,2025-04-08 04:54:19.526644,0 days 00:00:09.598859,0.20958304351919416,0.43969754111957216,8,0.0049059059812127425,0.259508802101274,0.05814477789015143,0.00826728936419194,0.08893146736485684,0.08503235498377798,5.602181083217136e-05,24,78,0.09325994101662131,0.10020510615570041,False,True,True,0.00018974023406353774,COMPLETE
659,0.44287551641464235,2025-04-08 04:54:19.740676,2025-04-08 04:54:28.227212,0 days 00:00:08.486536,0.19650373225479947,0.3968788234366136,16,0.017894534572311785,0.25176679889497294,0.05648405895068679,0.01142228339060009,0.09205212909530888,0.08120280763930982,4.3777529544859186e-05,24,86,0.08978217575799122,0.08535929225384442,False,False,True,0.0001699410765207055,COMPLETE
660,0.44080094695091254,2025-04-08 04:54:28.430793,2025-04-08 04:54:36.722529,0 days 00:00:08.291736,0.20412071075564442,0.4298638874392747,16,0.010821919516662356,0.26568926933433223,0.06196266811347263,0.009166276295784172,0.09499261119237917,0.08568308879313973,3.388951675036328e-05,22,82,0.09360967190672541,0.0922314027305332,False,False,True,7.716460975133447e-05,COMPLETE
661,0.4469398319721222,2025-04-08 04:54:36.937816,2025-04-08 04:54:45.311920,0 days 00:00:08.374104,0.18720185513870957,0.45270140929944863,16,0.0003674569206736228,0.2521309897836952,0.05846205497612633,0.0069783012583415505,0.09059838704912912,0.08035947600749511,5.50178977240033e-05,23,88,0.09538131048247668,0.10579635601827912,False,False,True,0.00015062510058151085,COMPLETE
662,0.19735172390937805,2025-04-08 04:54:45.514971,2025-04-08 04:54:53.999117,0 days 00:00:08.484146,0.21085833430454787,0.4698762398490535,16,0.0009409460540022367,0.07027932257662048,0.05880444775123502,0.007618136098816602,0.08986079128012214,0.08308449673034994,4.977011223051438e-05,23,84,0.08984225819314165,0.025367598506956884,False,False,True,0.00013315442411242258,COMPLETE
663,0.4451493203639984,2025-04-08 04:54:54.215356,2025-04-08 04:55:02.544417,0 days 00:00:08.329061,0.2275979735704211,0.45084008397673714,16,0.0005887459537016183,0.26228639905692963,0.05538333804878041,0.010490144869170036,0.09496602125558247,0.07988853347447532,5.801531445902971e-05,23,89,0.09421761121083763,0.09842691325786301,False,False,True,0.00013171661169736944,COMPLETE
664,0.15727432072162628,2025-04-08 04:55:02.756899,2025-04-08 04:55:11.117491,0 days 00:00:08.360592,0.25206241988286215,0.445677362728557,16,0.07605553736923842,0.27007339299661826,0.05421890222211112,0.012963663095358312,0.0907325183474596,0.08682812536002162,5.9115733351866245e-05,23,87,0.09032864399125833,0.09540271670044995,False,False,True,0.00012019310027292658,COMPLETE
665,0.43680037856101994,2025-04-08 04:55:11.335845,2025-04-08 04:55:19.706261,0 days 00:00:08.370416,0.22120129289069257,0.4603305745484257,16,0.0004272991412880376,0.25482060142906077,0.055653660930973216,0.010488837774564169,0.08807604402613904,0.08265036138408997,3.907388274845958e-05,23,89,0.09164581545899299,0.086381487999699,False,False,True,0.00011020628077443534,COMPLETE
666,0.43363607525825504,2025-04-08 04:55:19.922559,2025-04-08 04:55:28.185697,0 days 00:00:08.263138,0.2340925902842504,0.41541816585861413,16,0.0005934655742365225,0.2630841095857924,0.05834720870459334,0.015371732842275224,0.08713269354649097,0.0791979504085704,4.491375016389109e-05,22,83,0.09280567332651882,0.07899594382136112,False,False,True,9.260106589126215e-05,COMPLETE
667,0.43241849541664124,2025-04-08 04:55:28.390555,2025-04-08 04:55:36.588321,0 days 00:00:08.197766,0.24529553663375056,0.44576957766149705,16,0.004943939395397992,0.2521161114305179,0.060058582226973155,0.01179781937661626,0.09386773043679028,0.08134818126309047,5.4234333811718525e-05,23,57,0.0930668358631552,0.090749465253155,False,False,True,6.663533344566049e-05,COMPLETE
668,0.4451505184173584,2025-04-08 04:55:36.806273,2025-04-08 04:55:45.047768,0 days 00:00:08.241495,0.22286494300622003,0.48105453777777674,16,0.0009646195334665156,0.25926878693696387,0.05095766733176493,0.014825048160328019,0.09489019837287271,0.0850247022257798,5.7081451173458366e-05,22,79,0.0941810035327084,0.0973347161499418,False,False,True,0.00011882157267689541,COMPLETE
669,0.26202118396759033,2025-04-08 04:55:45.251585,2025-04-08 04:55:53.511893,0 days 00:00:08.260308,0.22677389972070822,0.4775496193906738,16,0.0014890078198265752,0.09631219755507248,0.049983741700948305,0.014801554562293203,0.09141680685695724,0.08728374390065725,5.997935049591789e-05,22,78,0.09146460446133334,0.09334376128599156,False,False,True,0.00010385255603595583,COMPLETE
670,0.4422472000122071,2025-04-08 04:55:53.730955,2025-04-08 04:56:02.037431,0 days 00:00:08.306476,0.2331934377532194,0.48421946920706316,16,0.0004955314226703022,0.27083731488865564,0.05063572629700245,0.015555708938482016,0.09260900147255235,0.08440273552419651,4.347578884338349e-05,22,80,0.08937543588262091,0.09831891757194554,False,False,True,8.538893634410272e-05,COMPLETE
671,0.43875520229339604,2025-04-08 04:56:02.242707,2025-04-08 04:56:10.481356,0 days 00:00:08.238649,0.25085921715762893,0.46121207447257473,16,0.000779518766552318,0.2632952858559212,0.05286886077802645,0.013893759796625375,0.09464796076739172,0.08526889833440765,5.237495572664459e-05,22,78,0.09444203990675588,0.0839422057010148,False,False,True,0.00011171745735106711,COMPLETE
672,0.44547068476676943,2025-04-08 04:56:10.701485,2025-04-08 04:56:18.893574,0 days 00:00:08.192089,0.2266631571073837,0.5199600991658756,16,0.005101955137052448,0.25946936570059487,0.05528925420159982,0.013372340246751163,0.09043790157795618,0.08797436200172902,6.624730259507112e-05,22,80,0.09431843279652473,0.09818007252358277,False,False,True,0.00011567500236408425,COMPLETE
673,0.4426100850105286,2025-04-08 04:56:19.103234,2025-04-08 04:56:27.392583,0 days 00:00:08.289349,0.2403633965877953,0.5127951247919214,16,0.006172934940441254,0.2584280186146047,0.05355278126467203,0.01573617697481397,0.08992039524934776,0.0862625219169992,5.6692905020212647e-05,22,76,0.09055399839148574,0.09079532976282231,False,False,True,8.124361782545392e-05,COMPLETE
674,0.435823804140091,2025-04-08 04:56:27.610160,2025-04-08 04:56:35.895060,0 days 00:00:08.284900,0.24830398180129865,0.4242162675519686,16,0.00730023688525913,0.2527787308380966,0.056159650076873215,0.013546564443511433,0.06048508034327883,0.0840490614238179,6.502401329297166e-05,22,80,0.09285696056370198,0.10148496999615247,False,False,True,0.00010356028790617175,COMPLETE
675,0.43684095144271856,2025-04-08 04:56:36.104697,2025-04-08 04:56:44.316546,0 days 00:00:08.211849,0.21952308549189536,0.49321189799933723,16,0.006115525544068153,0.2598801658586792,0.05711976069735697,0.011613410401210535,0.09462761707141482,0.08794749227094918,3.7587589025667276e-05,22,81,0.09215691246349376,0.07726046687242713,False,False,True,0.00012662944601655123,COMPLETE
676,0.4470765829086304,2025-04-08 04:56:44.535969,2025-04-08 04:56:52.973824,0 days 00:00:08.437855,0.22853699140248465,0.4441689361271944,16,0.006007824254535171,0.24961882820862066,0.05119677262014252,0.010785709090990168,0.08820059600988768,0.08330502369198844,6.423518409973262e-05,23,78,0.09460894046144924,0.09823720080320282,False,False,True,0.00015077002644485268,COMPLETE
677,0.4431496858596802,2025-04-08 04:56:53.181978,2025-04-08 04:57:01.505486,0 days 00:00:08.323508,0.21856919293346613,0.44666012283574247,16,0.005341994597101447,0.24902748885640935,0.05182493166881697,0.015233056542879923,0.08744556614877387,0.06140453529337838,4.7542939977561655e-05,23,82,0.09053435075857053,0.08705868349171081,False,False,True,0.00012981665008339257,COMPLETE
678,0.44032530188560487,2025-04-08 04:57:01.724449,2025-04-08 04:57:10.122525,0 days 00:00:08.398076,0.25259474453099273,0.46844478925146066,16,0.0004684469751143133,0.25703293198545063,0.04755076817488484,0.012985096372678315,0.08860335488461646,0.08293449826063042,4.763489121286632e-05,23,84,0.09377817999050927,0.09632536594261969,False,False,True,0.00015079737571151158,COMPLETE
679,0.4414703845977784,2025-04-08 04:57:10.344837,2025-04-08 04:57:18.697709,0 days 00:00:08.352872,0.26403970446669744,0.42394135625507817,16,0.007249235826237921,0.2463709524522588,0.05192524851191181,0.010618409782642918,0.08941271255737546,0.0849481859415597,6.68254125854368e-05,23,79,0.09420864119491246,0.08953601962361195,False,False,True,7.807248004243933e-05,COMPLETE
680,0.09055355936288834,2025-04-08 04:57:18.909673,2025-04-08 04:57:27.121248,0 days 00:00:08.211575,0.5377639827312892,0.4039663873277475,16,0.005759869774088271,0.2651236984021778,0.055186108069976085,0.013801114574926547,0.08650198089535983,0.0826342587495069,5.7684564522935144e-05,23,82,0.08930699299752858,0.09930215498466065,False,True,True,0.00010367817827972279,COMPLETE
