number,value,datetime_start,datetime_complete,duration,params_alpha-eval,params_alpha-train,params_batch-size,params_eps-eval,params_eps-train,params_lambda-actions-eval,params_lambda-actions-train,params_lambda-frames-eval,params_lambda-frames-train,params_learning-rate,params_n-epochs,params_n-frames,params_radius-gw,params_rho,params_std-feats,params_ub-actions,params_ub-frames,params_weight-decay,state
1301,0.23332342505455017,2025-04-08 06:31:33.599282,2025-04-08 06:31:42.356639,0 days 00:00:08.757357,0.24174638575675697,0.577791451670058,16,0.06227273409317256,0.24990486140672977,0.0794739577933875,0.08209982168103615,0.07184251213714886,0.09278050444565249,1.3109717721508745e-05,26,104,0.09963399522179377,0.19732883865762776,False,False,True,3.076778001390103e-07,COMPLETE
1302,0.3862221479415894,2025-04-08 06:31:42.769186,2025-04-08 06:31:51.513514,0 days 00:00:08.744328,0.2725766665066813,0.5409673682721043,16,0.04849977569063291,0.2467215034198847,0.07721569087967864,0.08364046635990159,0.0740272166527928,0.08923341592419545,1.7576324301279887e-05,26,101,0.0981627431961893,0.1761644770644368,False,False,True,2.548330035917512e-07,COMPLETE
1303,0.28985164761543275,2025-04-08 06:31:51.925488,2025-04-08 06:32:00.682590,0 days 00:00:08.757102,0.2512512041776479,0.5623370076616125,16,0.05419564429612996,0.25508185554873086,0.07752669370840956,0.08400633059821686,0.07278494472449404,0.09019772864351838,1.0115195729701705e-05,26,105,0.09990624271557681,0.18038730405412032,False,False,True,1.3837113657073263e-07,COMPLETE
1304,0.4382828712463379,2025-04-08 06:32:01.097200,2025-04-08 06:32:09.927488,0 days 00:00:08.830288,0.2817854527215461,0.5822999386393874,16,0.04604881629936463,0.2536804560012105,0.07496658474351792,0.0771850330217265,0.07087617573335704,0.09188239510031161,1.9765145385225297e-05,26,110,0.09669030071823602,0.19022688467842783,False,False,True,1.6132642482246028e-07,COMPLETE
1305,0.3345878124237061,2025-04-08 06:32:10.345074,2025-04-08 06:32:19.224472,0 days 00:00:08.879398,0.23906435651232438,0.5427674937672431,16,0.05546957540564162,0.2543181996913349,0.0788166358610663,0.08669710370976409,0.06856454173684476,0.09310242850264068,1.4316782800312835e-05,27,100,0.0968758146689385,0.20057021342420536,False,False,True,1.385397651896322e-07,COMPLETE
1306,0.42051633000373845,2025-04-08 06:32:19.659388,2025-04-08 06:32:28.455497,0 days 00:00:08.796109,0.3003808397185455,0.589648517986362,16,0.04757779017998399,0.24102831782847575,0.0769511726775544,0.09075203785343143,0.07370019209810785,0.08875492163377129,2.093666922472701e-05,26,98,0.09797380869826272,0.19250754090015892,False,False,True,1.1047719858633368e-07,COMPLETE
1307,0.4428480684757233,2025-04-08 06:32:28.876397,2025-04-08 06:32:37.737275,0 days 00:00:08.860878,0.258769515235544,0.6036852518819501,16,0.040239859002601304,0.2599970189509224,0.07654496587121334,0.08184312971830933,0.07207839225173183,0.0912000507736552,1.5870385577677312e-05,27,102,0.09660881111189927,0.17158784453339646,False,False,True,1.7647162565367807e-07,COMPLETE
1308,0.37491908073425295,2025-04-08 06:32:38.156943,2025-04-08 06:32:47.616348,0 days 00:00:09.459405,0.2349434485913367,0.620224545032618,16,0.042168755892884976,0.24772487468370796,0.0750081467913224,0.07976845135274734,0.07453339826277222,0.09324241231093629,1.8991384391690246e-05,27,106,0.09983351716331833,0.1888001187205034,False,False,False,1.025033660786948e-07,COMPLETE
1309,0.44874866008758546,2025-04-08 06:32:48.035867,2025-04-08 06:32:56.795440,0 days 00:00:08.759573,0.2547729292015079,0.5562674326006644,16,0.03823352890669074,0.26126909415263166,0.07346116618088468,0.07225191666448856,0.06603684988669338,0.09075355463196007,2.199509670598293e-05,26,100,0.09646504950153771,0.18397301014802328,False,False,True,1.2744859908871184e-07,COMPLETE
1310,0.44327164292335514,2025-04-08 06:32:57.213932,2025-04-08 06:33:06.087108,0 days 00:00:08.873176,0.3006579880853637,0.5480849924854804,16,0.03968467665930361,0.25154646337094244,0.0730696531630428,0.07567102236665307,0.06936348035563661,0.0885136915549407,1.6743459073434766e-05,26,103,0.099774637142656,0.18554232705644605,False,False,True,2.214359943224014e-07,COMPLETE
1311,0.4411256790161133,2025-04-08 06:33:06.505392,2025-04-08 06:33:15.363805,0 days 00:00:08.858413,0.2850936785139614,0.5634785257906647,16,0.04338856100647086,0.2540860679585335,0.07734251388590299,0.07342942839451347,0.064858302581757,0.09019187452853772,1.246225623849693e-05,27,100,0.09994423066123671,0.18234964174225932,False,False,True,1.4575187251115247e-07,COMPLETE
1312,0.4453949272632599,2025-04-08 06:33:15.782414,2025-04-08 06:33:24.542343,0 days 00:00:08.759929,0.2689280523157868,0.5864325675102097,16,0.04094321641426195,0.24199654951787303,0.0751366865149901,0.08715844185927904,0.06908901194840841,0.09022938842513058,2.1671775271004908e-05,26,102,0.09665399386398864,0.17635277756629722,False,False,True,1.7864607025493875e-07,COMPLETE
1313,0.4051356375217438,2025-04-08 06:33:24.962068,2025-04-08 06:33:34.550573,0 days 00:00:09.588505,0.2570613032683493,0.5600082684978257,16,0.0484021080986866,0.2585189631052062,0.08097899842896365,0.07874523006250993,0.06905823495091558,0.08821548670987092,1.9715981561680805e-05,27,99,0.09642689395999093,0.1945719152794733,True,True,True,1.2809224764534787e-07,COMPLETE
1314,0.4418474555015564,2025-04-08 06:33:34.968005,2025-04-08 06:33:43.830168,0 days 00:00:08.862163,0.29130320139795146,0.5406909839852472,16,0.03670554878582894,0.24761259829452215,0.07267520635444602,0.07258685077433254,0.06650869184109343,0.09145682989789652,1.5035618725159161e-05,27,106,0.09800433518921926,0.1784081357399934,False,False,True,3.8244263475392947e-07,COMPLETE
1315,0.2886673629283905,2025-04-08 06:33:44.265901,2025-04-08 06:33:53.091754,0 days 00:00:08.825853,0.2703303856914766,0.5692638667497782,16,0.05874344310802216,0.26125699640638944,0.07295417760472833,0.08562592389031794,0.06692182240740299,0.09387726639643285,2.3221597852878054e-05,26,103,0.09987725963419498,0.1832479086640386,False,False,True,1.1766620678380756e-07,COMPLETE
1316,0.4439249575138092,2025-04-08 06:33:53.511096,2025-04-08 06:34:02.333950,0 days 00:00:08.822854,0.2524967923661969,0.5971212565442198,16,0.04089170786565327,0.2555862263929868,0.0762407034335439,0.07771992804142502,0.061836374221631005,0.08867844879976206,1.8095210948927917e-05,27,98,0.09628455897550052,0.16786172372749275,False,False,True,2.000497941381433e-07,COMPLETE
1317,0.4476626574993134,2025-04-08 06:34:02.760312,2025-04-08 06:34:11.523351,0 days 00:00:08.763039,0.2488489201436965,0.5339624300152123,16,0.03761510486806493,0.25054381672382287,0.07432768815625852,0.07491307898275697,0.06316174432734942,0.09102896240442016,2.2253820074968584e-05,26,101,0.095922787228383,0.1884405823035347,False,False,True,1.3239907314877138e-07,COMPLETE
1318,0.4417339622974396,2025-04-08 06:34:11.941680,2025-04-08 06:34:20.858614,0 days 00:00:08.916934,0.24896471312299218,0.5549868705389651,16,0.04597092547898198,0.26281301984806915,0.07256728182874689,0.07185214681380905,0.06622527819736554,0.09381638721798582,1.3637114864788145e-05,27,108,0.09784562681218567,0.20082983124056464,False,False,True,1.0071702903929833e-07,COMPLETE
1319,0.4220862746238709,2025-04-08 06:34:21.275283,2025-04-08 06:34:30.025959,0 days 00:00:08.750676,0.2616771274575341,0.5373128487684167,16,0.050964275046939,0.2438345635814061,0.07643545554516211,0.08050511145304341,0.06547761633565553,0.09194549524294515,1.8630285061975506e-05,26,105,0.09610589780475476,0.20924384362451437,False,False,True,1.6779290714060994e-07,COMPLETE
1320,0.4222983777523041,2025-04-08 06:34:30.442263,2025-04-08 06:34:39.319618,0 days 00:00:08.877355,0.3242704548169376,0.5820693910456046,16,0.04507686892322475,0.2566767307286116,0.07174288557121664,0.08857386122300007,0.07152392155736453,0.08825480889950443,2.2839375918854265e-05,27,99,0.09984002696351739,0.17413012448837697,False,False,True,1.2092843810248247e-07,COMPLETE
1321,0.4429529905319214,2025-04-08 06:34:39.742884,2025-04-08 06:34:48.650728,0 days 00:00:08.907844,0.28484124273116107,0.5574946025487703,16,0.03409146104970831,0.26451832632309313,0.07589254518754013,0.0740521912650217,0.07001035851528509,0.09402208350556307,1.2240623846088469e-05,27,98,0.09781074475604361,0.19459136398025934,False,False,True,8.983803467706384e-08,COMPLETE
1322,0.44442228078842166,2025-04-08 06:34:49.069866,2025-04-08 06:34:57.795114,0 days 00:00:08.725248,0.24190472567633345,0.6263443068418854,16,0.038332861637696024,0.2502737742788953,0.07215587576527838,0.07124197354929351,0.0672919834742057,0.0900225805047901,1.5967705853885898e-05,26,103,0.09608621660173253,0.1766568938604073,False,False,True,1.3661171547666213e-07,COMPLETE
1323,0.44342123270034794,2025-04-08 06:34:58.234535,2025-04-08 06:35:07.068385,0 days 00:00:08.833850,0.30675952740057605,0.5776394788929325,16,0.034047085164236414,0.26075090872578227,0.07416558877397741,0.08467808775962049,0.07301356398816074,0.09193808974659652,2.307632307381638e-05,27,101,0.09810741230325458,0.1851691635544508,False,False,True,9.22472254238744e-08,COMPLETE
1324,0.4393219590187073,2025-04-08 06:35:07.492700,2025-04-08 06:35:16.506863,0 days 00:00:09.014163,0.23424705466121906,0.5316683865766693,16,0.04155721291856743,0.23812676013531822,0.07066686610143162,0.07578250209609946,0.0681447115345751,0.09414697714976629,1.735010146411779e-05,28,111,0.09800253795455986,0.20235113584857284,False,False,True,1.1523282641360929e-07,COMPLETE
1325,0.44586820602416993,2025-04-08 06:35:16.933611,2025-04-08 06:35:25.691686,0 days 00:00:08.758075,0.23247204254866685,0.5672822700777207,16,0.03485058001234864,0.26549138055453597,0.08059149426446723,0.08963274751364106,0.06412180080601863,0.08846362025957565,2.0455842924753793e-05,26,97,0.09611584577019186,0.16978532231531013,False,False,True,1.5840446046917115e-07,COMPLETE
1326,0.4446450471878052,2025-04-08 06:35:26.114557,2025-04-08 06:35:35.070119,0 days 00:00:08.955562,0.2646968197854083,0.5990629974887965,16,0.03695872039967739,0.2563180539259898,0.07107730689841084,0.07060030395376883,0.07100221039230982,0.09025585184379466,1.4103553621239945e-05,27,105,0.09982976949346284,0.1911671283999744,False,False,True,9.573231731193763e-08,COMPLETE
1327,0.3760566890239716,2025-04-08 06:35:35.494981,2025-04-08 06:35:44.891962,0 days 00:00:09.396981,0.22982086492446246,0.5429916389999835,16,0.04791970603385028,0.268212819047535,0.0754520269819823,0.07985973493992489,0.07374812440315376,0.09289181806948099,2.2983932876678253e-05,26,98,0.09656871393472824,0.18639784105517695,False,False,False,2.4863117487368224e-07,COMPLETE
1328,0.4470926642417908,2025-04-08 06:35:45.316956,2025-04-08 06:35:54.318957,0 days 00:00:09.002001,0.28240889379121403,0.5301138779484611,16,0.04207881025286928,0.24621510216660333,0.07257932876909098,0.07276297796091968,0.0725121383328771,0.09481670146893384,1.9060675896276428e-05,28,108,0.09826140219590772,0.17816433167416315,False,False,True,7.739695413363456e-08,COMPLETE
1329,0.44465151429176336,2025-04-08 06:35:54.739178,2025-04-08 06:36:03.704857,0 days 00:00:08.965679,0.23691941134463487,0.5550638813429837,16,0.032773518260331674,0.2581978332577026,0.0699770887325596,0.07004444674196772,0.07047023119077186,0.09077774232812036,1.2051642702378402e-05,27,113,0.09816235034653599,0.19737906189608215,False,False,True,1.1089897015814935e-07,COMPLETE
1330,0.29599292278289796,2025-04-08 06:36:04.128640,2025-04-08 06:36:12.979162,0 days 00:00:08.850522,0.2635156039633447,0.588358655425393,16,0.05430056209263424,0.14960534069107873,0.07352691663788422,0.0734863984060267,0.06782770837543317,0.0924650345578702,1.714055330727243e-05,26,102,0.09616261528565376,0.16202487142905347,False,False,True,8.436031436801427e-08,COMPLETE
1331,0.4528744757175446,2025-04-08 06:36:13.400813,2025-04-08 06:36:23.070640,0 days 00:00:09.669827,0.23360840973995822,0.611923537389461,16,0.03611012264521698,0.264264919682738,0.07769523857676601,0.09299347053046014,0.07377939423014306,0.08820673841826641,2.364199654977129e-05,28,97,0.09558428926418808,0.19075771888294463,True,False,True,1.7317245224383327e-07,COMPLETE
1332,0.32942324280738833,2025-04-08 06:36:23.519093,2025-04-08 06:36:33.245037,0 days 00:00:09.725944,0.25463075076557884,0.6153853208161003,16,0.048381912846946616,0.2703602941547079,0.07883313502566774,0.09974316641599874,0.0744047279931267,0.08786752725726858,2.299834322622298e-05,28,101,0.09604011991464376,0.19087291748888582,True,True,True,2.080262786924689e-07,COMPLETE
1333,0.34888235926628114,2025-04-08 06:36:33.674713,2025-04-08 06:36:43.335826,0 days 00:00:09.661113,0.2725731979830446,0.6611379984610982,16,0.04226342159225793,0.2645418752108359,0.07976428959334173,0.07669359278148223,0.07526273010540484,0.08741559351280437,1.5471510686935843e-05,28,104,0.0966733765680748,0.19629578826215696,True,False,True,1.583042764886184e-07,COMPLETE
1334,0.23866855502128603,2025-04-08 06:36:43.760451,2025-04-08 06:36:53.396518,0 days 00:00:09.636067,0.24108421570479854,0.612925205820646,16,0.05254596003448363,0.27324743290264003,0.07766643171105796,0.07184007535706174,0.07278233066540876,0.08929944861982916,1.938974452003669e-05,28,98,0.0950860816363675,0.18332403278900233,True,False,True,1.2329959643222912e-07,COMPLETE
1335,0.44049106836318974,2025-04-08 06:36:53.821187,2025-04-08 06:37:03.481447,0 days 00:00:09.660260,0.2917819806392647,0.6420891995851721,16,0.040332301915866536,0.2682830741303255,0.07700033850188871,0.06940908054142252,0.07449113064190356,0.0880488233990114,2.2814258884869626e-05,28,100,0.09576804396677474,0.18576891479630125,True,False,True,1.642553382924383e-07,COMPLETE
1336,0.4440609157085419,2025-04-08 06:37:03.905982,2025-04-08 06:37:13.460071,0 days 00:00:09.554089,0.25279981402293894,0.6328115861486315,16,0.034042934066793845,0.2633486191224169,0.07681338115052865,0.0748144256621835,0.07116532953086131,0.08876450469844197,1.9258606898832802e-05,28,97,0.09593158309396624,0.19558088241074273,True,False,True,1.0493675136580172e-07,COMPLETE
1337,0.4441183924674988,2025-04-08 06:37:13.884233,2025-04-08 06:37:23.597466,0 days 00:00:09.713233,0.2338113925795877,0.5979058423197984,16,0.045549225123883645,0.27050410022106,0.0803202352034338,0.0858488170033311,0.07034962704457837,0.08825979633929903,2.3994346618855618e-05,28,105,0.09603134310261698,0.204982335097813,True,False,True,2.3734280405874318e-07,COMPLETE
1338,0.44141235947608953,2025-04-08 06:37:24.022217,2025-04-08 06:37:33.544774,0 days 00:00:09.522557,0.26786564002894664,0.6225888786068641,16,0.036626110482462025,0.2646405005295514,0.07693831835084378,0.09351978855986869,0.07499045139328328,0.09014463650665741,1.5341266748742135e-05,27,97,0.09535341469091503,0.21441432905039287,True,False,True,1.4649678962719708e-07,COMPLETE
1339,0.42679348587989807,2025-04-08 06:37:33.992031,2025-04-08 06:37:43.498736,0 days 00:00:09.506705,0.23004584550738805,0.6039511920046614,16,0.03906998438059448,0.2754733440339299,0.07541755511412271,0.0892498564949929,0.07304910946614028,0.0906049382081711,1.9289773368376522e-05,27,101,0.09761654510535621,0.19231889708372374,True,False,True,2.0530974419926344e-07,COMPLETE
1340,0.2522601902484894,2025-04-08 06:37:43.927638,2025-04-08 06:37:52.905522,0 days 00:00:08.977884,0.24820210481641652,0.5756747126685142,16,0.05703759296392373,0.2615208445523126,0.07461671250184196,0.0958106341125175,0.06864616601026922,0.08796677233089248,2.3153359483340333e-05,28,100,0.09988878479901953,0.1721573218535299,False,False,True,1.3104874592435308e-07,COMPLETE
1341,0.4409710288047791,2025-04-08 06:37:53.335127,2025-04-08 06:38:02.788654,0 days 00:00:09.453527,0.31364734561469193,0.5955430920405488,16,0.033423867426933575,0.2677326831264385,0.07876639284216432,0.07086075146213144,0.0751676614426888,0.0946362278147726,1.6008006412725304e-05,27,97,0.09798025713983076,0.18113323330456704,True,False,True,1.1459918035165995e-07,COMPLETE
1342,0.22428475618362428,2025-04-08 06:38:03.219609,2025-04-08 06:38:12.773559,0 days 00:00:09.553950,0.23686115726131793,0.5685154078455729,16,0.04548464903589035,0.2738021536557473,0.08283183368926503,0.0954706169299796,0.07202006175703615,0.00213214805920188,2.3237051812949098e-05,27,103,0.09997798188795251,0.1874460786212501,True,False,True,9.041524961382884e-08,COMPLETE
1343,0.38761514425277716,2025-04-08 06:38:13.209836,2025-04-08 06:38:23.120581,0 days 00:00:09.910745,0.2185898047992617,0.6538865259324388,16,0.03967551507088395,0.09077568867753227,0.0749228726948815,0.06848194553194449,0.06516188578118798,0.09118268509071069,1.18026725268364e-05,28,107,0.09551127312308365,0.19990059054669582,True,False,True,1.3029459554004222e-07,COMPLETE
1344,0.2162269651889801,2025-04-08 06:38:23.552775,2025-04-08 06:38:33.042177,0 days 00:00:09.489402,0.22605317030343952,0.6417173205105529,16,0.049567289134553764,0.2604055130723695,0.07311761987584645,0.07332829098328736,0.07062528947660059,0.087368840546542,1.8140577108227115e-05,27,100,0.09510937317839041,0.17913960851866295,True,False,True,7.71755560992257e-08,COMPLETE
1345,0.441305136680603,2025-04-08 06:38:33.485535,2025-04-08 06:38:43.163071,0 days 00:00:09.677536,0.2872976627168908,0.5811415713574059,16,0.03362609485677143,0.26715659588513313,0.07287919357861851,0.0912036379678721,0.07475155287791153,0.09275194610005459,1.4365362953117743e-05,26,110,0.09814984884611773,0.20576316458415694,True,False,True,1.933134312237225e-07,COMPLETE
1346,0.35465272068977355,2025-04-08 06:38:43.596448,2025-04-08 06:38:53.127912,0 days 00:00:09.531464,0.5036806309974092,0.6075564051848241,16,0.03466865263855321,0.2574366155688468,0.07818707885922034,0.07219295573268447,0.07222932852814624,0.08973535763281794,2.0909007784212862e-05,28,97,0.09574736766338203,0.16750643989708552,False,False,False,1.034353692917105e-07,COMPLETE
1347,0.4506457567214966,2025-04-08 06:38:53.572166,2025-04-08 06:39:03.033915,0 days 00:00:09.461749,0.2716902557617959,0.5606253297055072,16,0.04289474242295431,0.27289015880081935,0.07604590680677936,0.09836592005853254,0.06797018011237728,0.09475082595486244,2.4344672007651494e-05,26,104,0.09804896286426212,0.19143853766137892,True,False,True,1.6568795696934476e-07,COMPLETE
1348,0.36805421113967896,2025-04-08 06:39:03.475008,2025-04-08 06:39:12.962234,0 days 00:00:09.487226,0.30325226972559194,0.5849610718294149,16,0.057619347945530766,0.2770329596263246,0.07789358931350919,0.09943005218781707,0.06598047586329343,0.09435414919890153,2.5810067115426195e-05,26,107,0.0957763228990575,0.1925254319157246,True,False,True,3.3324355003962176e-07,COMPLETE
1349,0.3771421611309052,2025-04-08 06:39:13.394675,2025-04-08 06:39:22.816606,0 days 00:00:09.421931,0.32904970481116264,0.6276089630544978,16,0.04687769609575272,0.2753669507774058,0.07854729087785847,0.096802742626912,0.0682652675980653,0.08772051966596378,1.6967672660865158e-05,26,105,0.09519778032058998,0.20028644939045082,True,False,True,2.163371054533103e-07,COMPLETE
1350,0.299253511428833,2025-04-08 06:39:23.248121,2025-04-08 06:39:32.680110,0 days 00:00:09.431989,0.2746319571533959,0.6722774829865138,16,0.04976443862793177,0.2746568953486722,0.07993074865462751,0.0949845342060351,0.06320818266472054,0.09140246675059885,2.494903037069626e-05,26,104,0.09747329202452786,0.19721634235377278,True,False,True,2.953878694940277e-07,COMPLETE
1351,0.41440451145172125,2025-04-08 06:39:33.116940,2025-04-08 06:39:42.487756,0 days 00:00:09.370816,0.31189276853053294,0.5694708686641117,16,0.05482551591587842,0.27078345414869404,0.0812121734427302,0.09843181958035588,0.06622362723613724,0.09547649281686162,1.9144872245669025e-05,25,107,0.0976687458284066,0.20874677804794967,True,True,True,1.7761770165317775e-07,COMPLETE
1352,0.2482506632804871,2025-04-08 06:39:42.917217,2025-04-08 06:39:52.511024,0 days 00:00:09.593807,0.2941277660678153,0.6121319781306054,16,0.06247599450993259,0.2712602083839813,0.07595456758497209,0.09925143129822842,0.06718667049222807,0.09018813308792857,2.4428558493155444e-05,26,112,0.0952715891103871,0.19031838793813702,True,False,True,1.8082806121896055e-07,COMPLETE
1353,0.4140462636947632,2025-04-08 06:39:52.962765,2025-04-08 06:40:02.457740,0 days 00:00:09.494975,0.2811377435357282,0.5653246924049847,16,0.041934994237711846,0.277480750765142,0.07615355379213717,0.09767788030969929,0.059349329861774505,0.0926420619907533,1.3551084778361516e-05,26,104,0.09815633772663894,0.19464849877934198,True,False,True,1.6135937227808018e-07,COMPLETE
1354,0.37021065950393683,2025-04-08 06:40:02.908755,2025-04-08 06:40:12.494524,0 days 00:00:09.585769,0.2673737110330552,0.5898893927971849,16,0.04218016276064508,0.26936319435413303,0.08005606343502314,0.09124550471237096,0.06930111817627137,0.011997586974621041,2.48215226761369e-05,26,109,0.09985325244423428,0.20273134703517795,True,False,True,1.4256221785706557e-07,COMPLETE
1355,0.27753339409828187,2025-04-08 06:40:12.931160,2025-04-08 06:40:22.253602,0 days 00:00:09.322442,0.26447670931917117,0.5448393044874902,16,0.05098875108914813,0.276475914185757,0.07605058957484141,0.09925108341724856,0.06541570628962798,0.09545718671580924,1.9852602952837485e-05,25,103,0.09542095295852838,0.18718415257103763,True,False,True,1.6693743691158551e-07,COMPLETE
1356,0.4170447647571564,2025-04-08 06:40:22.689154,2025-04-08 06:40:32.309946,0 days 00:00:09.620792,0.28961534761624785,0.5586825517704702,16,0.042719238248239665,0.26790386556812446,0.07514599856850386,0.09893334336109111,0.06665813809757558,0.08969116014037021,1.6544449224498908e-05,27,102,0.09736893481131631,0.18424339119871355,True,False,True,2.760050261479764e-07,COMPLETE
1357,0.4045961380004883,2025-04-08 06:40:32.743061,2025-04-08 06:40:42.235791,0 days 00:00:09.492730,0.2665288684151963,0.5955965478788839,16,0.03861329396541115,0.2780932593156191,0.07766102974352837,0.0921983202228215,0.07012158232137977,0.08763431366717345,1.0243146954892857e-05,26,107,0.09512845065596597,0.19227437127840166,True,False,True,2.3600606422194142e-07,COMPLETE
