number,value,datetime_start,datetime_complete,duration,params_alpha-eval,params_alpha-train,params_batch-size,params_eps-eval,params_eps-train,params_lambda-actions-eval,params_lambda-actions-train,params_lambda-frames-eval,params_lambda-frames-train,params_learning-rate,params_n-epochs,params_n-frames,params_radius-gw,params_rho,params_std-feats,params_ub-actions,params_ub-frames,params_weight-decay,state
1414,0.4342822313308716,2025-04-08 06:50:07.959850,2025-04-08 06:50:17.556254,0 days 00:00:09.596404,0.29915921135972146,0.6112597849500945,16,0.04623958593613127,0.2846288024929496,0.08015889625483573,0.09392607446854774,0.060975804762911916,0.08539390686115986,2.6784038619786727e-05,25,119,0.09355504489159891,0.19156054332378414,True,False,True,2.0398988527705023e-07,COMPLETE
1415,0.27510119676589967,2025-04-08 06:50:18.007025,2025-04-08 06:50:27.682979,0 days 00:00:09.675954,0.34969455748047296,0.5908544960497542,16,0.05370474223882401,0.27757755888392527,0.08142123896180269,0.09788138331162367,0.06355519051551915,0.08479749399798614,1.9652946678343034e-05,25,125,0.0936980579160921,0.19495920288879204,True,False,True,1.903077466387095e-07,COMPLETE
1416,0.3966106176376343,2025-04-08 06:50:28.131057,2025-04-08 06:50:37.721491,0 days 00:00:09.590434,0.29506679169955335,0.6454045406919715,16,0.06988369071118633,0.05241001285133866,0.08333995457233993,0.09575948775115191,0.06515426045896165,0.08422894069569364,2.7060868227933703e-05,25,121,0.09546636287151733,0.20728441325257593,True,False,True,2.456814786185434e-07,COMPLETE
1417,0.4319078147411347,2025-04-08 06:50:38.192755,2025-04-08 06:50:47.691353,0 days 00:00:09.498598,0.31252582176847393,0.5763068019624007,16,0.043931716279251076,0.2828722378028404,0.08148342463709878,0.09263089505676955,0.06574297430936296,0.08672406147446343,2.1117913532114434e-05,25,116,0.09379206293846158,0.1992788754065558,True,False,True,1.8676956569847958e-07,COMPLETE
1418,0.4294889688491822,2025-04-08 06:50:48.144506,2025-04-08 06:50:57.736466,0 days 00:00:09.591960,0.29852062350825725,0.6121733185394063,16,0.047428257733025364,0.27218057279701274,0.08653050891737313,0.09727143794975497,0.061268689331557755,0.08399873199506315,2.6511925410003856e-05,25,115,0.09570656141458006,0.19007383152584925,True,False,True,1.6983475181091941e-07,COMPLETE
1419,0.4288322687149048,2025-04-08 06:50:58.197489,2025-04-08 06:51:07.738080,0 days 00:00:09.540591,0.29160849297097324,0.5953979488778882,16,0.0415767623553682,0.2764956101373969,0.08439267635759683,0.09267141133241946,0.0659174629519237,0.08466000794734405,2.0075999077052445e-05,25,117,0.09332277539440031,0.197565000873545,True,False,True,1.8864645195897725e-07,COMPLETE
1420,0.264414644241333,2025-04-08 06:51:08.190257,2025-04-08 06:51:17.847112,0 days 00:00:09.656855,0.3212211906158594,0.574584565694348,16,0.05458745562728303,0.2713110208369072,0.08122661810964774,0.09636815860185095,0.062268516359172243,0.0870822571173463,2.6374821364263684e-05,25,122,0.04472849339214189,0.18876744707284399,True,False,True,1.6024471572007546e-07,COMPLETE
1421,0.4431227326393128,2025-04-08 06:51:18.320159,2025-04-08 06:51:27.964143,0 days 00:00:09.643984,0.2955608168063439,0.56479419832202,16,0.04069350273051608,0.28301508422263855,0.08017078569456415,0.09020577624211111,0.06586662250827424,0.08667172383502324,1.929113111995943e-05,25,119,0.09558193978931624,0.20356258186988085,True,False,True,2.7762191882706366e-07,COMPLETE
1422,0.3211324393749237,2025-04-08 06:51:28.419467,2025-04-08 06:51:37.977148,0 days 00:00:09.557681,0.3350549146237089,0.6737649192006633,16,0.049187074058766135,0.27224208548822587,0.08682028124500457,0.09859213348660723,0.06347268466052183,0.08741468508267529,2.2284886687787686e-05,25,115,0.09543756631452385,0.1949110121729328,True,False,True,1.6713587192411266e-07,COMPLETE
1423,0.4489367246627808,2025-04-08 06:51:38.433316,2025-04-08 06:51:47.927334,0 days 00:00:09.494018,0.2892707423433044,0.6182824463793799,16,0.0379566629980424,0.2779692337833815,0.0835340727778828,0.09434190057275019,0.06654020572313074,0.08424137119468565,2.6797869443162e-05,25,114,0.0935535482751649,0.21600605475365264,True,False,True,2.185035102978843e-07,COMPLETE
1424,0.427911514043808,2025-04-08 06:51:48.382829,2025-04-08 06:51:58.488677,0 days 00:00:10.105848,0.30969652880216203,0.6258661389586527,16,0.03772203558715595,0.2791072501791075,0.0865922352631968,0.09375790622620442,0.06464744129725676,0.08303185624665853,1.862088840131741e-05,25,118,0.09558668606010139,0.2245207307882624,True,False,False,3.133102403242365e-07,COMPLETE
1425,0.3945189952850342,2025-04-08 06:51:58.940884,2025-04-08 06:52:08.652771,0 days 00:00:09.711887,0.2858430893840785,0.6404137401773794,16,0.04681297687558347,0.2853058773646314,0.08202968657039426,0.09122944607705316,0.06678819749641399,0.08544580235586831,2.224695056554919e-05,26,113,0.09357895195755032,0.2174658267388851,True,False,True,3.937836755316659e-07,COMPLETE
1426,0.4465592384338379,2025-04-08 06:52:09.128109,2025-04-08 06:52:18.890649,0 days 00:00:09.762540,0.3181248887620272,0.6161647260496638,16,0.03638126129724423,0.28195189644048263,0.0827856654339924,0.0958254306056797,0.059838902887428894,0.08327606989806653,2.7086059925722185e-05,25,124,0.09597240703406679,0.22820098909863348,True,False,True,2.84089751114747e-07,COMPLETE
1427,0.436191737651825,2025-04-08 06:52:19.351764,2025-04-08 06:52:28.852533,0 days 00:00:09.500769,0.3541875226204644,0.6664750314769614,16,0.043245569056351386,0.2767834541807715,0.08315682709207976,0.09814627034079225,0.06650279723248408,0.08437843473095356,1.6793782456246866e-05,25,114,0.09633447258385779,0.21224475648623392,True,False,True,2.1517570279779762e-07,COMPLETE
1428,0.4442687153816223,2025-04-08 06:52:29.306322,2025-04-08 06:52:38.826797,0 days 00:00:09.520475,0.28466184875162936,0.5711488719358987,16,0.043299631194468564,0.27774098657189067,0.08405435593405172,0.09412614750069853,0.0640107612628165,0.08581750839235441,2.3307174471982254e-05,25,115,0.09340578115837916,0.20393384586848223,True,False,True,3.647262324960244e-07,COMPLETE
1429,0.40972377657890324,2025-04-08 06:52:39.281702,2025-04-08 06:52:48.816944,0 days 00:00:09.535242,0.3336909615137583,0.6028130529736235,16,0.03636071969567156,0.286391360851801,0.07984801146032812,0.09148140145377234,0.06237945671578274,0.08744999929442539,1.8188212155469895e-05,25,118,0.09617912759185654,0.18718983538632408,True,True,True,2.865050903333299e-07,COMPLETE
1430,0.2551178574562073,2025-04-08 06:52:49.274969,2025-04-08 06:52:59.016855,0 days 00:00:09.741886,0.29440166576828697,0.6398770832797092,16,0.05384421311023975,0.27165496618851287,0.08087649050874994,0.09525385850284901,0.06370520658169054,0.08337511963334758,2.1612197805878925e-05,26,120,0.0935426795184658,0.2148300527150625,True,False,True,2.3621892235705497e-07,COMPLETE
1431,0.2817827880382538,2025-04-08 06:52:59.493763,2025-04-08 06:53:09.050000,0 days 00:00:09.556237,0.30776921819593084,0.6217447136707219,16,0.06487638597905539,0.2837914960265407,0.08654600845540528,0.08865412730645353,0.06793070187028882,0.08558806165661396,2.7008211461618655e-05,26,114,0.09461904317101157,0.22093137437575025,True,False,True,2.0823454570679987e-07,COMPLETE
1432,0.4391469359397889,2025-04-08 06:53:09.512104,2025-04-08 06:53:19.111446,0 days 00:00:09.599342,0.2869336822434304,0.5934740933685996,16,0.03599853449164626,0.27732465354592256,0.08409570085314332,0.09980777352625134,0.06658331719309434,0.08796860613630812,1.504375392729319e-05,25,122,0.09663217211017659,0.19200069325196037,True,False,True,1.9647516084393393e-07,COMPLETE
1433,0.36387439966201784,2025-04-08 06:53:19.569008,2025-04-08 06:53:29.353700,0 days 00:00:09.784692,0.32321767270982527,0.6109106923999965,16,0.047273077418641465,0.2716903255617009,0.08487196056861662,0.09328764046735426,0.0646672167845674,0.0868230354026949,2.100339713842287e-05,26,118,0.09373523663517375,0.1826368829183152,True,False,True,2.5867751091442e-07,COMPLETE
1434,0.4451133906841278,2025-04-08 06:53:29.812575,2025-04-08 06:53:39.385602,0 days 00:00:09.573027,0.2828246019948305,0.6809956614321352,16,0.04052883351586623,0.2830084960861506,0.07961196667135968,0.09663741400368399,0.06660959546703875,0.08422985301345816,2.74152684708624e-05,25,115,0.09695064847705777,0.23819549804367052,True,False,True,1.8276957072182082e-07,COMPLETE
1435,0.35291958451271055,2025-04-08 06:53:39.843671,2025-04-08 06:53:49.674490,0 days 00:00:09.830819,0.30506624822653094,0.5868480997367092,16,0.05025496439536947,0.2761949005459543,0.08279618652477592,0.08711891240453147,0.06766710265632958,0.08874941306436568,1.8174218913145524e-05,26,125,0.09562089973524748,0.2100133399521474,True,False,True,1.7459379090298285e-07,COMPLETE
1436,0.24911537170410158,2025-04-08 06:53:50.149903,2025-04-08 06:53:59.797395,0 days 00:00:09.647492,0.37242497894110393,0.5807935165843784,16,0.05943471785390668,0.2690118541872642,0.07942601376625855,0.09076677233338137,0.06540171951455172,0.0878121740026101,1.440836861426276e-05,26,113,0.09329890341293275,0.23172874442733626,True,False,True,5.66511986456833e-07,COMPLETE
1437,0.44636542797088624,2025-04-08 06:54:00.259203,2025-04-08 06:54:09.768069,0 days 00:00:09.508866,0.3365434514890559,0.6253861559216609,16,0.035253003673224564,0.269695620018624,0.08729968795504398,0.09417024568638953,0.06218326938365322,0.08846203244376064,2.378202241406552e-05,25,116,0.0970666309608546,0.19776708154419173,True,False,True,1.5399984406128815e-07,COMPLETE
1438,0.4419091820716858,2025-04-08 06:54:10.228953,2025-04-08 06:54:19.972860,0 days 00:00:09.743907,0.2794106898751712,0.6496433366231916,16,0.04065643461698322,0.2791937521608234,0.08186087579235553,0.09265374477157692,0.06766528837329484,0.08750737137787963,0.0006063122083734771,26,119,0.09502450962568605,0.17675174406196864,True,False,True,2.3403132828274496e-07,COMPLETE
1439,0.3368044137954712,2025-04-08 06:54:20.428434,2025-04-08 06:54:30.057972,0 days 00:00:09.629538,0.28682972436039433,0.5961767829760763,16,0.045802176474156936,0.2733041392709528,0.07858476330696507,0.09780841602447211,0.06520720623409816,0.08454527129623027,1.976202857759068e-05,25,122,0.09285507988627721,0.18645245477512584,True,False,True,1.59215260127026e-07,COMPLETE
1440,0.44856128692626956,2025-04-08 06:54:30.539330,2025-04-08 06:54:40.246290,0 days 00:00:09.706960,0.3045108374920389,0.5593496957638224,16,0.03443911324176023,0.2682378955719201,0.08479107089714222,0.09546245194252954,0.0673690579655571,0.0829602892031356,2.693892888338745e-05,26,119,0.09721819033454863,0.20559260083053288,True,False,True,1.5123909810154216e-07,COMPLETE
1441,0.45048658251762397,2025-04-08 06:54:40.708248,2025-04-08 06:54:50.432210,0 days 00:00:09.723962,0.28065261089177496,0.5693947419437807,16,0.042982474855355626,0.26656213818963487,0.08621860419489003,0.0909793206424297,0.06781138292482569,0.08400490540302487,2.7257951589254636e-05,26,121,0.0971257749258362,0.2142621806971151,True,False,True,1.4714042494442936e-07,COMPLETE
1442,0.44900432229042053,2025-04-08 06:54:50.891093,2025-04-08 06:55:00.724121,0 days 00:00:09.833028,0.28033761317779504,0.558781348962526,16,0.052135096457276806,0.2680520672342802,0.08673619937729876,0.0895978572105932,0.06831702156308977,0.08274557849114761,2.5200573214828345e-05,26,125,0.09783885859533639,0.21629929519484342,True,False,True,1.4481598394094284e-07,COMPLETE
1443,0.41877148747444154,2025-04-08 06:55:01.185709,2025-04-08 06:55:11.692265,0 days 00:00:10.506556,0.2840569511426178,0.5654232584004293,16,0.05754000889067079,0.268001710487066,0.08782747662454969,0.08821331569801155,0.06843999485509851,0.08203707867536983,2.796429131280069e-05,26,127,0.09798483044909302,0.21551921229289928,True,False,False,1.5251592978147402e-07,COMPLETE
1444,0.4375802338123322,2025-04-08 06:55:12.150827,2025-04-08 06:55:21.961944,0 days 00:00:09.811117,0.3010768976173212,0.5620110249145108,16,0.0541804422155806,0.26343593729017695,0.08580988659381396,0.08645601654774031,0.0673461520953553,0.08189846017773554,2.858498934946796e-05,26,125,0.0980719286422387,0.22401660003757223,True,False,True,1.460077672185464e-07,COMPLETE
1445,0.4316362500190735,2025-04-08 06:55:22.437985,2025-04-08 06:55:32.285992,0 days 00:00:09.848007,0.30807512236084034,0.5789340612883886,16,0.0633202034481852,0.26762731439338694,0.08725296641151867,0.08956390937692671,0.06863978563828413,0.08128883993059641,2.8005262155681725e-05,26,126,0.09795907759292848,0.220815096420933,True,False,True,1.7823237011045794e-07,COMPLETE
1446,0.4379509747028351,2025-04-08 06:55:32.750819,2025-04-08 06:55:42.574816,0 days 00:00:09.823997,0.281418910141302,0.5515581663892569,16,0.051355837037364835,0.2678801523140226,0.08531108978496076,0.09045081802709885,0.06875271034766826,0.08246152636530456,2.787050493286262e-05,26,124,0.09728918946020707,0.21619847427484026,True,False,True,1.4594949887927183e-07,COMPLETE
1447,0.44283753633499146,2025-04-08 06:55:43.035703,2025-04-08 06:55:52.864784,0 days 00:00:09.829081,0.27744665522356693,0.5785863573298627,16,0.054398509937443607,0.26622684197547175,0.08832815188596424,0.08822428108095949,0.06697633359033833,0.08237707596756555,2.6858164764825162e-05,26,125,0.09786884633555153,0.2254709449157751,True,False,True,2.0264904883290578e-07,COMPLETE
1448,0.40292159318923954,2025-04-08 06:55:53.327758,2025-04-08 06:56:03.086030,0 days 00:00:09.758272,0.3024470445424878,0.5548823368403815,16,0.048337027297159385,0.2706348977688466,0.0858415280769827,0.09152852582785238,0.06891800726345419,0.08281181535656115,2.8474939127183655e-05,26,121,0.0979572473228065,0.2136766136426341,True,True,True,1.4982104526647742e-07,COMPLETE
1449,0.44810620546340946,2025-04-08 06:56:03.570775,2025-04-08 06:56:13.332566,0 days 00:00:09.761791,0.3298916827590057,0.582497148720397,16,0.04558594770184483,0.2659444397951405,0.08780298120953689,0.08977081306762169,0.06729761736163307,0.08272507810846966,2.3339572219314044e-05,26,120,0.09789903170017046,0.22233240698055046,True,False,True,1.3495771654851772e-07,COMPLETE
1450,0.0869462639093399,2025-04-08 06:56:13.800777,2025-04-08 06:56:23.564663,0 days 00:00:09.763886,0.2818819409637333,0.5495283629287213,16,0.050857296373311975,0.27405887329430806,0.08627881228006745,0.09189388617598843,0.06898644636741094,0.0837438034491887,2.288381476435295e-05,26,121,0.009541198868147527,0.21774861052510258,True,False,True,1.8329567075340772e-07,COMPLETE
1451,0.4340585052967072,2025-04-08 06:56:24.028229,2025-04-08 06:56:33.803505,0 days 00:00:09.775276,0.2794867325530867,0.5278336663033945,16,0.0586216392027339,0.2661008069154226,0.08536733309652206,0.09271783824741418,0.06663055589745594,0.08420016916725812,2.6860268346278453e-05,26,123,0.09612261898188179,0.2100577658522748,True,False,True,1.3636746449349588e-07,COMPLETE
1452,0.4394604504108429,2025-04-08 06:56:34.267018,2025-04-08 06:56:44.069544,0 days 00:00:09.802526,0.3080265977914003,0.5631905810888825,16,0.046302898009865166,0.27389628993308107,0.08391802456849953,0.08563874135114424,0.06876501868968027,0.08242331120255109,2.1986913009844275e-05,26,122,0.0982072631604129,0.20886210695028198,True,False,True,1.8987507003533738e-07,COMPLETE
1453,0.41239668726921086,2025-04-08 06:56:44.549559,2025-04-08 06:56:54.322010,0 days 00:00:09.772451,0.2755527345722819,0.5960787645220585,16,0.0520186935542513,0.19220420764072355,0.08765124347649869,0.09072024181793831,0.0696436212577666,0.08361120975864039,2.881314924331542e-05,26,116,0.09642705082919836,0.2181249316449977,True,False,True,1.4621134959340937e-07,COMPLETE
1454,0.4395781993865967,2025-04-08 06:56:54.789555,2025-04-08 06:57:04.441599,0 days 00:00:09.652044,0.3270468333323395,0.580141403820469,16,0.041610028360547224,0.267706450358153,0.08467543233192211,0.08747242199442468,0.06705476540232104,0.08061364353799098,1.963991217290914e-05,26,113,0.09815369624287706,0.2075493907657607,True,False,True,2.0976822720732882e-07,COMPLETE
1455,0.3143175780773163,2025-04-08 06:57:04.904379,2025-04-08 06:57:14.876165,0 days 00:00:09.971786,0.29785155571702443,0.5466975487191323,16,0.07856544047486884,0.2738631695544583,0.08075549937150477,0.09342871924172548,0.06988556288763656,0.08167258789696742,2.8529877710556715e-05,26,127,0.09658599519887931,0.21376711245746222,True,False,True,1.3512838890305417e-07,COMPLETE
1456,0.45006287097930914,2025-04-08 06:57:15.341019,2025-04-08 06:57:25.009715,0 days 00:00:09.668696,0.27335012213160303,0.5311723559275603,16,0.044233604587603996,0.2659260564226158,0.08033911953760652,0.08975946817395757,0.06565372585622974,0.08436350624099244,2.396570641718913e-05,26,113,0.09620792338586277,0.2073887956125695,True,False,True,1.2233896442177354e-07,COMPLETE
1457,0.36635923385620117,2025-04-08 06:57:25.496446,2025-04-08 06:57:35.108206,0 days 00:00:09.611760,0.2721022524546885,0.5302865499043293,16,0.06401294659287071,0.2629432609342903,0.07955072725312454,0.08931834309350263,0.06562959817806237,0.08085249376896902,2.3777416363040907e-05,26,114,0.09824996604768561,0.20884754046406337,True,False,True,1.1878514530786087e-07,COMPLETE
1458,0.4494991302490235,2025-04-08 06:57:35.576634,2025-04-08 06:57:45.279903,0 days 00:00:09.703269,0.3033019183373795,0.5563491581422011,16,0.045119885258395276,0.2658149482469308,0.08189930478808925,0.08750713923066343,0.06506695982869902,0.0824548330206631,2.2263096257416673e-05,26,118,0.09629456289608446,0.22947564926885788,True,False,True,1.753637184693019e-07,COMPLETE
1459,0.39891598224639896,2025-04-08 06:57:45.747348,2025-04-08 06:57:55.321382,0 days 00:00:09.574034,0.28032169897783726,0.5374434284832339,16,0.052945541358865145,0.26743070142868136,0.08112303430214765,0.08745925028216443,0.06378017909151562,0.0818328778171621,1.977843346624937e-05,26,114,0.0959310748928917,0.2177729032298528,True,False,True,2.065718602952856e-07,COMPLETE
1460,0.2595931470394135,2025-04-08 06:57:55.787823,2025-04-08 06:58:05.400749,0 days 00:00:09.612926,0.3507325877659294,0.5668442064199313,16,0.05824690658223861,0.2623934236615148,0.0794336003782893,0.08615219985338489,0.06656885697287522,0.08398897851994094,1.6569284879578373e-05,26,112,0.09552533988231396,0.22357694758193278,True,False,True,1.7204410134284947e-07,COMPLETE
1461,0.44255948066711426,2025-04-08 06:58:05.887068,2025-04-08 06:58:15.523996,0 days 00:00:09.636928,0.29170995428472396,0.5454633887999205,16,0.04899452297899193,0.2666304844822255,0.0786685105562892,0.08988134525000027,0.06431184801807653,0.08416728766295013,2.071495672793686e-05,26,117,0.09788369589105472,0.21508783561804318,True,False,True,2.4220611207931693e-07,COMPLETE
1462,0.39446991086006167,2025-04-08 06:58:16.007524,2025-04-08 06:58:26.291094,0 days 00:00:10.283570,0.2752656217440663,0.5973158712441802,16,0.04483858677973549,0.26313379773743245,0.08364865730822461,0.08793061468900669,0.06432877188420401,0.08297672839808945,2.2554298038351212e-05,26,113,0.09589417020695325,0.2367751517416221,True,False,False,1.2613560952656383e-07,COMPLETE
1463,0.3074313342571259,2025-04-08 06:58:26.763662,2025-04-08 06:58:36.468034,0 days 00:00:09.704372,0.3192166781997154,0.5725984841560877,16,0.05368927253618587,0.2632532093108461,0.08233661809800015,0.08609334886590733,0.06534438184852577,0.0809349753284154,1.7304578934329688e-05,26,120,0.09998367342504393,0.22675559293783315,True,False,True,1.8765298846481198e-07,COMPLETE
1464,0.45241101980209353,2025-04-08 06:58:36.933905,2025-04-08 06:58:46.582570,0 days 00:00:09.648665,0.29912098516848745,0.5278249974640462,16,0.04625033583177049,0.26338349529669175,0.08177378695961507,0.08958040097531793,0.06172636140922887,0.08445826792549581,2.1354075997353744e-05,26,116,0.09994950613673753,0.24192839394994714,True,False,True,1.3671193191299498e-07,COMPLETE
1465,0.24613786339759827,2025-04-08 06:58:47.046096,2025-04-08 06:58:56.678038,0 days 00:00:09.631942,0.3328455033627247,0.5281924950511367,16,0.06801207020878428,0.2722376632490733,0.08132622155562878,0.09017332005713845,0.06300930631969204,0.08052352977337832,1.927581169538246e-05,26,117,0.09979133733060096,0.24633168847582324,True,False,True,1.440441676947675e-07,COMPLETE
1466,0.4239401757717133,2025-04-08 06:58:57.167669,2025-04-08 06:59:06.707439,0 days 00:00:09.539770,0.30917316566545705,0.5338374821396098,16,0.05355656772576593,0.26552093942827576,0.08058251237932387,0.08761735028777128,0.05930217291694479,0.08270490457430409,1.676690491917845e-05,25,115,0.0985997675962543,0.26895276323303413,True,False,True,1.2723199717075327e-07,COMPLETE
1467,0.44095416069030763,2025-04-08 06:59:07.178234,2025-04-08 06:59:17.060008,0 days 00:00:09.881774,0.29748729301641974,0.5521201414780287,16,0.05766182084155338,0.2716205445813654,0.08240620971474662,0.08941762666082688,0.06221979861697518,0.08495020069212496,2.290558411324138e-05,26,123,0.09822658371256175,0.24932860808115706,True,False,True,2.1826524586472e-07,COMPLETE
1468,0.29116730690002446,2025-04-08 06:59:17.531791,2025-04-08 06:59:27.224593,0 days 00:00:09.692802,0.2743443231154705,0.5203652997018693,16,0.061365040102314534,0.2627349243847933,0.07949137812558156,0.09157733161922095,0.06129929568729938,0.0817946972161932,1.4113751973661049e-05,26,118,0.09981947608138592,0.24850639445842365,True,True,True,1.6582864491348792e-07,COMPLETE
1469,0.43905804157257083,2025-04-08 06:59:27.695268,2025-04-08 06:59:37.337000,0 days 00:00:09.641732,0.35205474849576557,0.5278676712490059,16,0.04828142470982326,0.276697980769685,0.08298330007921657,0.08847074388842889,0.05962650798941321,0.08395225652587611,2.0746893236119626e-05,26,112,0.09986210564154642,0.2278721356472322,True,False,True,1.3418802741155007e-07,COMPLETE
1470,0.45066269636154177,2025-04-08 06:59:37.841483,2025-04-08 06:59:47.511536,0 days 00:00:09.670053,0.31922496804522976,0.5515050240502496,16,0.04817531563406568,0.2687598952259368,0.07786200633740642,0.08525850100698769,0.06549171666148389,0.07957317284240031,2.42513255493727e-05,25,120,0.09801412729413479,0.22672433719045462,True,False,True,1.2208374463472032e-07,COMPLETE
