number,value,datetime_start,datetime_complete,duration,params_alpha-eval,params_alpha-train,params_batch-size,params_eps-eval,params_eps-train,params_lambda-actions-eval,params_lambda-actions-train,params_lambda-frames-eval,params_lambda-frames-train,params_learning-rate,params_n-epochs,params_n-frames,params_radius-gw,params_rho,params_std-feats,params_ub-actions,params_ub-frames,params_weight-decay,state
737,0.09055355936288834,2025-04-08 05:05:25.786558,2025-04-08 05:05:33.998485,0 days 00:00:08.211927,0.2632156215938239,0.478239238930404,16,0.0002225308209834794,0.27862767251148274,0.05997446087467296,0.010363921453231981,0.09296290740754862,0.08085374121483282,8.459321327844733e-05,22,81,0.09400293170733995,0.06320756452048557,False,True,True,0.00012041943778963893,COMPLETE
738,0.4345115542411805,2025-04-08 05:05:34.224181,2025-04-08 05:05:42.464920,0 days 00:00:08.240739,0.2116721340535559,0.42873250653011596,16,0.011229511748280248,0.27438832025931176,0.061215194360594936,0.007426137305291578,0.09304759037846855,0.0856941545064051,7.80305881574352e-05,22,83,0.09637973306537981,0.07122955863088352,False,False,True,0.00013898107334612544,COMPLETE
739,0.21981776356697086,2025-04-08 05:05:42.707552,2025-04-08 05:05:50.972409,0 days 00:00:08.264857,0.18193869282613687,0.45415665700854724,16,0.03426709375253559,0.28741406952241394,0.057433069474731764,0.011218900555172636,0.0915351783431609,0.07892003094557506,6.384352739642233e-05,21,85,0.0935313525673445,0.08187649935262549,False,False,True,9.213904475232255e-05,COMPLETE
740,0.4080412447452545,2025-04-08 05:05:51.213130,2025-04-08 05:05:59.390581,0 days 00:00:08.177451,0.18257617133880977,0.3885708067817587,16,0.004770374731958415,0.25940025555963353,0.06359196107064322,0.009061514492026914,0.09339205968827921,0.0903230587750431,8.541452413456438e-05,22,53,0.0899073484444592,0.07521506397049232,False,False,True,0.00016835264913809506,COMPLETE
741,0.39500971436500554,2025-04-08 05:05:59.617042,2025-04-08 05:06:07.767944,0 days 00:00:08.150902,0.5796171183677912,0.4401983725404947,16,0.01781306713657564,0.28448267362789864,0.05490930870563505,0.00812751178110126,0.09136346180230787,0.08211927869554204,7.030616901949634e-05,21,87,0.09662360938494757,0.09592537701972395,False,False,True,0.00012328058069129816,COMPLETE
742,0.43378807902336125,2025-04-08 05:06:08.011926,2025-04-08 05:06:16.288163,0 days 00:00:08.276237,0.24450772434229592,0.4756223670749482,16,0.00019028883528095925,0.27148290976933576,0.05906737847335095,0.011724307241799079,0.09321972295177512,0.08794820573312143,0.0025652617550585653,22,79,0.09486183835415148,0.0949834958664172,False,False,True,8.894077388243041e-05,COMPLETE
743,0.4451519131660462,2025-04-08 05:06:16.515912,2025-04-08 05:06:25.085336,0 days 00:00:08.569424,0.21634790922579603,0.41186398310006234,16,0.011080258943781049,0.2619958447767202,0.05669952329377806,0.009753621420058534,0.09020442084107463,0.09128010202872897,5.890914397302733e-05,24,83,0.09702432094917328,0.08587805725644898,False,False,True,0.00016728400179732219,COMPLETE
744,0.44630636572837834,2025-04-08 05:06:25.326379,2025-04-08 05:06:33.748713,0 days 00:00:08.422334,0.19792165799015893,0.45219849016593516,16,0.006141775064833026,0.2529664018098745,0.06082933151348571,0.0571036487902513,0.09318053465246269,0.08528107384399221,8.734008103756746e-05,23,89,0.09272411707357656,0.10018867222378634,False,False,True,0.00014022495338314147,COMPLETE
745,0.44674159288406373,2025-04-08 05:06:33.991415,2025-04-08 05:06:42.449848,0 days 00:00:08.458433,0.19941995661946307,0.44616608739130237,16,0.005525185929568698,0.25212757770441646,0.062055236701616535,0.007159589770535573,0.09339457262557851,0.08514022508215485,7.672087664168067e-05,23,89,0.09026012653711606,0.1012807340544245,False,False,True,0.0001385162821179373,COMPLETE
746,0.44599683880805974,2025-04-08 05:06:42.678398,2025-04-08 05:06:51.044664,0 days 00:00:08.366266,0.19390627815913966,0.43101320176036073,16,0.006184508614806605,0.25053578952867495,0.06281761265395519,0.05800827094712101,0.09367004116737869,0.08492732816143676,9.622539170739155e-05,23,90,0.08960087241461136,0.10243791685290587,False,False,True,0.00014954992344725737,COMPLETE
747,0.44371337890625007,2025-04-08 05:06:51.286759,2025-04-08 05:06:59.748559,0 days 00:00:08.461800,0.18430672919509164,0.4271333712716026,16,0.0047767631026023865,0.24964773218155514,0.06435367512130652,0.007717928450292505,0.09422444634573311,0.08457694557406191,9.617319047537747e-05,24,90,0.08819437626237597,0.1041777512596976,False,False,True,0.0001737345998451949,COMPLETE
748,0.4424910247325898,2025-04-08 05:06:59.976439,2025-04-08 05:07:08.430194,0 days 00:00:08.453755,0.19697263113202396,0.3992202694790899,16,0.00933387865635375,0.251054462118046,0.06289038530039663,0.059741421633792355,0.09376439581995345,0.08245602173448655,9.7046269436547e-05,23,90,0.08833569839177437,0.10292777798639072,False,False,True,0.00015066468944846715,COMPLETE
749,0.44273861646652224,2025-04-08 05:07:08.674825,2025-04-08 05:07:17.280113,0 days 00:00:08.605288,0.17930879496489555,0.45028480544155086,16,0.010447152062319314,0.2473895705004457,0.06213218676109782,0.007455107097719925,0.09368614084325584,0.08413928353264934,8.884646434178312e-05,24,89,0.09022646134717063,0.10377593883575906,False,False,True,0.0001438481645175311,COMPLETE
750,0.4041747927665711,2025-04-08 05:07:17.525369,2025-04-08 05:07:25.914992,0 days 00:00:08.389623,0.6393867559622217,0.424201999593193,16,0.000565069648551346,0.25132836523412805,0.06144709278516225,0.05609888422363783,0.09368116140879089,0.08596835838043322,9.547537528875481e-05,23,90,0.088028205629218,0.10083498649136306,False,False,True,0.00018613627212684533,COMPLETE
751,0.4450698852539063,2025-04-08 05:07:26.147299,2025-04-08 05:07:34.748546,0 days 00:00:08.601247,0.1939032437594257,0.44254413840092544,16,0.00032478689111752523,0.24611006772860844,0.061959911591758184,0.060490106861746086,0.09372663052530225,0.08315782687716283,8.298839540183862e-05,25,89,0.09048395886993442,0.10506323594946518,False,False,True,0.00017240987245093902,COMPLETE
752,0.3883238971233368,2025-04-08 05:07:34.996920,2025-04-08 05:07:43.199283,0 days 00:00:08.202363,0.1674949325729493,0.37342944201204314,16,0.014256293790861125,0.25184905242729233,0.059712667865057044,0.05397883410370018,0.009491603434980359,0.08537719146832354,7.113542772427141e-05,23,48,0.08885586307838442,0.0995498870939655,False,False,True,0.00014795668459931626,COMPLETE
753,0.43342841863632203,2025-04-08 05:07:43.430376,2025-04-08 05:07:51.659011,0 days 00:00:08.228635,0.2014681937632886,0.4586856857950331,16,0.00581582625262943,0.24804849187279884,0.06490742815778536,0.007046952788337287,0.09161495654280696,0.0818502056008873,5.479280549167353e-05,24,28,0.09006832089224737,0.10638228573455037,False,False,True,0.00018871564092277248,COMPLETE
754,0.18262463808059692,2025-04-08 05:07:51.906635,2025-04-08 05:08:00.299711,0 days 00:00:08.393076,0.1730781663002319,0.42095574622213955,16,0.014276963898412952,0.25416295812321943,0.0634194286692506,0.06475077287709624,0.09418322614472856,0.08396358036187883,7.450450358705487e-05,23,87,0.09146845927775087,0.002475407119089751,False,False,True,0.0001363647617512378,COMPLETE
755,0.2573705852031708,2025-04-08 05:08:00.544165,2025-04-08 05:08:09.622434,0 days 00:00:09.078269,0.192589999738621,0.43287771773295264,16,0.01997033670234334,0.2454447672600131,0.07114991901999139,0.06285023492282249,0.09271427329202207,0.0886472378965922,8.959340355426332e-05,24,91,0.09183241223436661,0.09716114912175937,False,False,False,0.0001861617601524628,COMPLETE
756,0.09055355936288834,2025-04-08 05:08:09.857943,2025-04-08 05:08:18.223418,0 days 00:00:08.365475,0.20939673451473925,0.4526900091138047,16,0.009591854745306333,0.2543609525301524,0.06653398616313791,0.057780912442413374,0.09428432095060922,0.08643658547870615,6.368083108974624e-05,23,86,0.08787349109623836,0.10434416403223605,False,True,True,0.00012077042684341373,COMPLETE
757,0.43124291896820066,2025-04-08 05:08:18.466965,2025-04-08 05:08:27.095552,0 days 00:00:08.628587,0.18007540572178535,0.401212449467645,16,0.0001234261924115774,0.2450036119738374,0.06071094028394152,0.05445048862182219,0.09102411162387859,0.08109630697088767,5.093721205972014e-05,25,90,0.09218292417607048,0.05566733816358471,False,False,True,0.00014175448456970122,COMPLETE
758,0.4418224453926087,2025-04-08 05:08:27.342710,2025-04-08 05:08:35.798371,0 days 00:00:08.455661,0.16908332595312098,0.4887235657546797,16,0.00981600834032559,0.2542354470472841,0.06364206408188153,0.05726632087636063,0.08827994202317734,0.0847058424147053,2.72922008802705e-05,24,86,0.09084383173650971,0.09747467227359094,False,False,True,0.00010743783769004466,COMPLETE
759,0.42897385954856876,2025-04-08 05:08:36.032909,2025-04-08 05:08:44.503436,0 days 00:00:08.470527,0.2119102367947527,0.4332867168535664,16,0.026402695014358595,0.24403191190809098,0.05872345468969212,0.06700521217300998,0.0948112126170069,0.0872700173022999,7.698059932981337e-05,23,90,0.0891907406917235,0.09436615379943254,False,False,True,0.00019260254228404785,COMPLETE
760,0.4462603926658631,2025-04-08 05:08:44.751894,2025-04-08 05:08:53.141928,0 days 00:00:08.390034,0.192216833715808,0.4646694356126836,16,0.018003855537950777,0.2512627834637922,0.0737379266666097,0.007657855623787993,0.09175302731528658,0.08313159369162476,9.89890228484956e-05,23,85,0.09286298566191804,0.10531718819370466,False,False,True,0.00017300351632718286,COMPLETE
761,0.4296600043773652,2025-04-08 05:08:53.374792,2025-04-08 05:09:01.976823,0 days 00:00:08.602031,0.22981135524277957,0.4698874349949228,16,0.029493011665825526,0.2575360976076977,0.07482274289570445,0.007410744893419963,0.030197473963595095,0.08312098799979145,0.00010183995822364342,24,88,0.08739357951069421,0.10153497948701296,False,False,True,0.0001206110210234659,COMPLETE
762,0.44406732320785525,2025-04-08 05:09:02.223807,2025-04-08 05:09:10.622874,0 days 00:00:08.399067,0.20055249610580367,0.48833061522152654,16,0.0211296421592572,0.2544286852633252,0.07698207078103439,0.06198795504276327,0.089856850442846,0.08444496611988737,8.717394114480361e-05,23,92,0.09067932894834653,0.09341957655625151,False,False,True,0.0001484047781241014,COMPLETE
763,0.4488256752490998,2025-04-08 05:09:10.873319,2025-04-08 05:09:19.312510,0 days 00:00:08.439191,0.17257925982669423,0.4574936211456374,16,0.018305099850693403,0.2502397510679336,0.068225177942704,0.0627408480840849,0.09181621013708646,0.08901047325352017,7.157235191928684e-05,24,84,0.0920407110852005,0.10078152898620107,False,False,True,9.34611582363695e-05,COMPLETE
764,0.44554450511932375,2025-04-08 05:09:19.547518,2025-04-08 05:09:28.107116,0 days 00:00:08.559598,0.16765775825634388,0.44548890126320284,16,0.023681722957181826,0.2499347866897111,0.07304543395423338,0.05885840188975813,0.09240523653161206,0.09075243447095045,0.00010544009757851804,25,83,0.088320118589148,0.10499916912624072,False,False,True,0.00020707100607589987,COMPLETE
765,0.24530039429664613,2025-04-08 05:09:28.353503,2025-04-08 05:09:37.042915,0 days 00:00:08.689412,0.17411856095184597,0.4437868901239164,16,0.03594221102344652,0.24911119676019086,0.07018255619804968,0.0592767957442948,0.0927182809746128,0.09119182355157207,0.00010477185483349795,25,88,0.08828472763360158,0.10242624423301878,False,False,True,5.0022467914952174e-08,COMPLETE
766,0.4107119143009186,2025-04-08 05:09:37.277779,2025-04-08 05:09:45.907594,0 days 00:00:08.629815,0.16628213045524207,0.4475434084026126,16,0.02794062964058932,0.24971066388774887,0.07238829791517924,0.05198404845248172,0.09279041152198124,0.09154971818363308,0.00010277388739640188,25,84,0.08683012897294734,0.10781008405746421,False,False,True,0.00017454398485597025,COMPLETE
767,0.32965988516807554,2025-04-08 05:09:46.154261,2025-04-08 05:09:54.697847,0 days 00:00:08.543586,0.16399358539894565,0.42040122046002737,16,0.034284732192099876,0.24405696775680644,0.07155018899060969,0.056898417820132,0.09133475088223175,0.0897095257619052,9.328125879003511e-05,24,91,0.08890979751226197,0.10666812272681547,False,False,True,0.0002364170611235764,COMPLETE
768,0.28512012362480166,2025-04-08 05:09:54.949797,2025-04-08 05:10:03.280996,0 days 00:00:08.331199,0.16178797227053637,0.452266745013368,16,0.028896680032733546,0.24747019480442312,0.07322211613166871,0.05899373678971356,0.09374850891038075,0.08985970758790576,8.134165875374087e-05,26,17,0.08973644920185647,0.10587149908434632,False,False,True,0.00018836123656079372,COMPLETE
769,0.43936514258384707,2025-04-08 05:10:03.519283,2025-04-08 05:10:12.142227,0 days 00:00:08.622944,0.1888167900526852,0.4208346788411149,16,0.023579519954760767,0.251695361314056,0.0765087611742202,0.05517949126271516,0.09169960388505097,0.0915611382642635,0.00010547981821731135,25,88,0.08669107693305582,0.10170001772336328,False,False,True,0.00021415511286200696,COMPLETE
770,0.4462087988853455,2025-04-08 05:10:12.393065,2025-04-08 05:10:20.945487,0 days 00:00:08.552422,0.16140582894601851,0.4581633002912016,16,0.022355166851687265,0.2522485337679704,0.06863723688439523,0.06426340239844125,0.07415199720277191,0.08908280168884562,7.869261796033499e-05,25,84,0.09002817298918118,0.10972195454278423,False,False,True,0.00015539169578098367,COMPLETE
771,0.4427765727043152,2025-04-08 05:10:21.197547,2025-04-08 05:10:29.815332,0 days 00:00:08.617785,0.1637795932085803,0.4990109013464724,16,0.020741961143353003,0.25456214519024023,0.06781998105423576,0.06864493764781594,0.09491624475345989,0.08692034215521692,7.451090348576499e-05,25,92,0.08986295687161298,0.11063950823064614,False,False,True,0.0001462444310375539,COMPLETE
772,0.12283762097358704,2025-04-08 05:10:30.050472,2025-04-08 05:10:38.609201,0 days 00:00:08.558729,0.19018176271015608,0.4722983990007699,16,0.24228621218737084,0.24440145804683883,0.06984993465036061,0.05946728454945048,0.09477405349744665,0.08775043011855303,7.309308226390698e-05,24,88,0.09151409286115472,0.10885521160961484,False,False,True,0.000128721313860601,COMPLETE
773,0.27395727634429934,2025-04-08 05:10:38.861377,2025-04-08 05:10:47.856311,0 days 00:00:08.994934,0.20184217530813955,0.5040493693208608,16,0.016656864338163692,0.25678601347778307,0.06985745651118573,0.06671669340455463,0.0904889095536926,0.08918713280205466,8.742421965819611e-05,24,85,0.09170884571930246,0.09932917415792186,False,False,False,0.00015172459374752318,COMPLETE
774,0.44409573078155523,2025-04-08 05:10:48.092589,2025-04-08 05:10:56.580699,0 days 00:00:08.488110,0.1621637628301133,0.4553437093388996,16,0.016564608657461056,0.24213577293923833,0.06818751340888768,0.06457796977243506,0.089197637707881,0.08587038986491345,6.803379293579197e-05,24,91,0.08996637099935013,0.11274036043241728,False,False,True,1.7304396678043076e-08,COMPLETE
775,0.4432735621929169,2025-04-08 05:10:56.831503,2025-04-08 05:11:05.431271,0 days 00:00:08.599768,0.18495842413770988,0.43532515718897513,16,0.02484495134750062,0.2518019386675617,0.06880139200618664,0.065748151314462,0.07329931682917726,0.08865260268635305,8.06572894503725e-05,25,85,0.09079200820865783,0.09885852408156436,False,False,True,0.00017343589738836367,COMPLETE
776,0.09055355936288834,2025-04-08 05:11:05.681735,2025-04-08 05:11:14.091163,0 days 00:00:08.409428,0.20637501580766782,0.38828906436581073,16,0.016372557277989162,0.2589926642998085,0.06639996703614523,0.0629606305555008,0.09352090026064491,0.08636245442997528,8.834671154377882e-05,23,88,0.09247746852325743,0.10604423929784057,False,True,True,0.00013113938376994462,COMPLETE
777,0.1878587543964386,2025-04-08 05:11:14.330824,2025-04-08 05:11:22.850743,0 days 00:00:08.519919,0.17697354486396166,0.46518056933890306,16,0.03953571058013876,0.24988679493231317,0.06651048183809807,0.06429323271311092,0.06759745694065067,0.08250442969409567,5.404603036523805e-05,24,92,0.09313325797189963,0.023204743618462448,False,False,True,0.00011342332090735951,COMPLETE
778,0.1254051595926285,2025-04-08 05:11:23.101435,2025-04-08 05:11:31.469357,0 days 00:00:08.367922,0.1652712114395076,0.4125050176133969,16,0.26483857605358213,0.24150474286757967,0.06793746891881222,0.061503596177112936,0.09545179107798979,0.08952842648178407,6.441585408416904e-05,23,84,0.08937065632384673,0.11212970602581694,False,False,True,0.00022241706422730542,COMPLETE
779,0.4011215627193451,2025-04-08 05:11:31.722859,2025-04-08 05:11:40.132840,0 days 00:00:08.409981,0.2020938564052435,0.48345050747552,16,0.027638923125576212,0.25542946707832365,0.07159317891452924,0.0628978139604042,0.09302954984340767,0.08532953683893822,7.691735206854681e-05,23,89,0.08651253289134468,0.1003344348770542,False,False,True,0.0001661950444435327,COMPLETE
780,0.44830164313316345,2025-04-08 05:11:40.372493,2025-04-08 05:11:48.913485,0 days 00:00:08.540992,0.15994511444889106,0.4342993178725865,16,0.014320412067608486,0.24715152474601035,0.06559030923147852,0.06702850774543007,0.09082831276597342,0.08745039505555191,4.5908351675799553e-05,25,86,0.09276356550830601,0.10432874643593054,False,False,True,7.312933973415321e-08,COMPLETE
781,0.2558799743652344,2025-04-08 05:11:49.165152,2025-04-08 05:11:57.881488,0 days 00:00:08.716336,0.16026267095041455,0.43795063258158,16,0.020624234073102442,0.020719582879562576,0.06559010983805308,0.06736465385850846,0.08895453548242947,0.09195278007739488,3.9730285933686736e-05,26,91,0.09189760425509085,0.11169621508608618,False,False,True,1.1987395217892842e-07,COMPLETE
782,0.4042949259281159,2025-04-08 05:11:58.137550,2025-04-08 05:12:06.680429,0 days 00:00:08.542879,0.15806032932280292,0.4641562935998145,16,0.03174371295851388,0.2391941411820956,0.06747494524580816,0.062397040405797834,0.07111228656633264,0.08817472872625552,4.53737575838676e-05,25,87,0.09244877558345065,0.10599035416024508,False,False,True,0.00023152514563273417,COMPLETE
783,0.12430420219898225,2025-04-08 05:12:06.920362,2025-04-08 05:12:15.543323,0 days 00:00:08.622961,0.17973499622511224,0.49945907167732506,16,0.154075046623156,0.24509852992024123,0.0677649821301063,0.06453345591122636,0.08559978188867604,0.08724963018998573,3.151129224101065e-05,25,94,0.08818607088913465,0.10663744244968393,False,False,True,0.00018599000357224076,COMPLETE
784,0.44660966992378237,2025-04-08 05:12:15.796246,2025-04-08 05:12:24.406206,0 days 00:00:08.609960,0.15698268876564192,0.44441073843495943,16,0.016125277417381408,0.2631983750001265,0.06985328952096852,0.07003265897061353,0.07595014879973484,0.09017132923861858,3.669009203841806e-05,25,90,0.09008432599790735,0.1144776651780278,False,False,True,0.00015001742574254878,COMPLETE
785,0.44596794247627264,2025-04-08 05:12:24.664171,2025-04-08 05:12:33.341812,0 days 00:00:08.677641,0.1556875953763798,0.4517413652869555,16,0.014349313880152152,0.2631227218658402,0.06999982587817798,0.06483203723483631,0.06653875733385799,0.09166131308800815,3.40155269785031e-05,26,88,0.08671870617734563,0.11490347635712578,False,False,True,2.6671241649443633e-07,COMPLETE
786,0.4476624488830567,2025-04-08 05:12:33.586968,2025-04-08 05:12:42.301535,0 days 00:00:08.714567,0.17155942769479288,0.46109564565087513,16,0.019381335731026024,0.26395148071133573,0.07412615215815244,0.06939606699478026,0.0833644822300126,0.09247190694824536,3.677057322115035e-05,26,90,0.08632907749628807,0.11165645398234032,False,False,True,3.440224493359988e-08,COMPLETE
787,0.44591426849365234,2025-04-08 05:12:42.564652,2025-04-08 05:12:51.221595,0 days 00:00:08.656943,0.16592681505204154,0.45770566933855994,16,0.027518955184480255,0.2646740440701359,0.06958597478817585,0.07381620331720508,0.06547187275657326,0.09153383880565165,2.647672801891007e-05,26,91,0.08679671940674293,0.11539478373814918,False,False,True,2.5910640244788956e-08,COMPLETE
788,0.37810656428337097,2025-04-08 05:12:51.464425,2025-04-08 05:13:00.131431,0 days 00:00:08.667006,0.15088897526601025,0.4817375838126762,16,0.03333958189618063,0.2646461331889186,0.07321409858098538,0.07078691817752365,0.07568747560328987,0.09260683065561459,2.3724345654660105e-05,26,89,0.08511490709932629,0.11550443606428401,False,False,True,8.031024175308078e-08,COMPLETE
789,0.10301907509565354,2025-04-08 05:13:00.385330,2025-04-08 05:13:09.074827,0 days 00:00:08.689497,0.1575991033997662,0.43841392228932163,16,0.10785611100749622,0.26226606617455495,0.0715887015850274,0.07158823909257035,0.06938787774425444,0.09254529875108966,3.3240732744848643e-05,27,93,0.08632150190712583,0.1139429457463064,False,False,True,3.7474390847026535e-07,COMPLETE
790,0.44800509214401246,2025-04-08 05:13:09.332338,2025-04-08 05:13:18.047381,0 days 00:00:08.715043,0.15626844383140298,0.46209689276215604,16,0.02321929931508919,0.2637562482190625,0.07018600077130285,0.06841913383535399,0.07266317746346151,0.09067847687138621,3.227973138704637e-05,26,90,0.08712108044014863,0.11342654743151703,False,False,True,5.76938741123488e-08,COMPLETE
791,0.4419268071651459,2025-04-08 05:13:18.293762,2025-04-08 05:13:26.967214,0 days 00:00:08.673452,0.15452335479679752,0.47806895602664723,16,0.025773522656582008,0.26703247683028686,0.07361903819555739,0.06852995817437404,0.07971664166480749,0.09159966381037975,2.269496886797424e-05,26,93,0.08933702112288446,0.11493371991224079,False,False,True,3.678273704614075e-08,COMPLETE
792,0.27784807682037355,2025-04-08 05:13:27.222383,2025-04-08 05:13:35.972700,0 days 00:00:08.750317,0.1559078363847649,0.4504009179618194,16,0.03824447433733266,0.2635276222274361,0.07533165184361361,0.06841395808063033,0.0729247539307574,0.09248220877202575,2.8546610931436446e-05,27,90,0.08574613809453642,0.11332951159928346,False,False,True,5.2678060357150724e-08,COMPLETE
